2xkARHULdPqGXxQ21FbHnmCWydMaDPaB8Q5Aa64F9bqd
F695EYhbL3eu6dc4YQxCX6cst1D7vR18tdK2RncSV9VB
5GqpnCmghUbHdJzNX5EGq5WRduckaBaZnvjhFySkBRSo
6RUTRLsGj9RHQxHApKNXM41GpsL1Scm2JNpyX8DF7D8g
AzC4JZwhszVKJJKbzX2ye8tEZHMiUchqmf68sYGocfeP
2NzJp2rbc1BdndbhKPNR5bVtuM4iacL85KR4Nnor3ZVS
49FCjR6Ypc3xxKuf8Dvg7dXHuLUvgX9ssezDQm2xfRrQ
EZ1r1vf9p2iY9dQtiPyMPQNRtGHnpfgMueycLMgb8Xz7
Fs7tTgnTDDd9NCjai5ZGkjjdvy36kpHvJBwZmKK7ko4X
9LLGnfj1L4duS3DMNQcus972Nod5C8ubbsHkGJ8hpa2B
9NoPhNriF3EzknTsuKYyQ8KXRhgiXwQvhaiRSJoVuoXZ
HUHAxU1JfG91UUa2KEVRnk2hQdnVhj2ok2U94Ru6jsmy
Fe3W1X4jR7gG2HJQqYnnQySfXREqEM9YJLBTBasWZVpz
HRHyNuuLRz4mLb5cVF6pSj281cWRW1z9VNTa72Gjya2S
E5yGKc512iW33xwbKAhG8tGUNnk7UbywhtJZhRKXCf1z
G8PCa2EhFCdbWzBiPG95UzPqFsQ3nCVzBr6ugnHYsurT
7SD2wBEyr2PWNiMU6diMYsidu6pUf8cauZdFxjm6ynTJ
JARgP5WFDEE4tMHfA8RTpFHEJi79b1K35gXnoEEtRyWf
DMA6y559jdvdBe64N1C9mzLQXJY4xmvkURob6HGS8jx3
8dNYiVYqiE2bnPqbgYt7vxqBw7Y49K3ybyCAsYGgGjNb
AhXNFYLLqTRFoJYgXikC2dk4FoPZeEq2SDKac8mDP9oP
A5rn7wKRAnpcsC6vdyxrVpyfQCpxUCuui3HZZ7aTkcgL
38dDSaACUzrhSnfX6MgAgiZMCZBWypaNm5K1gkFyZymv
H3zxbtTnEimcrYev5v4Ca7EZa4K3Ui1LM2ZhRXkfp4Uh
9gxFZnkA6fpmfSFnkJg8KdXCUuqr4QumxV2P64rBAxtR
