6YeoGSUsgDc6x6ukP2YEwFMKxfjzpHBXtzJkRqeSWNET
Gp7VaZCi6zUFApEF896zMxuPPnPmKEe31Ad1CyTt9gm5
4bCNnaek6zhukG4zQ1ta2gmjRDgh2ZhEoUcMFptS6DHy
562sPM1DVbisqEd644xWYxc71wUeTx7D1ikWcHGJurvs
4FJP7EsNgHYnvH2v5CAh4Nk9K4c7W2gydWQzHmG1iCAz
7kv5CkSWFUc988UpSRor2MhQETUwMHMEu3T3mdBF6iVy
95kixWUgeoTgo9ohoC16Kzn3ihceFbWmxRrJS428XpRu
8uUDNvaYT55PXcoo1J2ybSvY7DbeoZAcFHBDzXeSR9SM
AGmP29ZudVfK2zDwAXd3MLQKm8PVt3itbMNRBnRwg52d
BvWbqCnZjtaU9J1H6Y5M14iRv1kTU9MW3odMVkefFPH5
EfbovVaQoEdtEVkdVpTGBwJ9kUrCf6gYkcWgK8dAozrn
3S4cD7T8p2GaBjgkFMpjPXWhowbasvnfhbyckVWbReHs
A8dDCkyNvCNikbPcR9o8CnkTvVsgAaSkgHLhrHYRAoKR
EbNgVo8NfLD3R3HcPeHvmjo6gD1ARnD3XTpfcc8cHnYr
5qKCNRXJhjErD5PwzsK7RXSw8ecjuXR6Gg2ceA3jLAUH
AhqxUGSsP6Vy9SeXrszuTLgkUN67LgbsxZagHo4NLf9S
7k4yF7oCWik9zzgdS1yj6nvCDRP4QhFB83qgMZy2fJrQ
4GXBHRUihhPfXTFbb4ymg25GhHy2xMNVRbgAG4zV44MY
BwAGjGsr4WiktCS6EYNhjaAQWDjT3gjageuE6boDoyXU
DmLu1tgEUJvM2V1NLL7Qsnv1NngHnme2HKeRTTSXBs2E
6xbMPEuBpGrr146dfUxPW2hKGPvMZKYNqPXcn9Zx2QRN
HLSynDAnW6Da8ddaeZqgc7vPViHpFa12NvvXAHZNPZU
2NLHUsNAtNLtQgQfrZsF5WA1T4RdDzQiVRHaV2391MpQ
H3YvMwCyb1CsCz3qoRasjfRFhWZRmC7ZRv97V6J12K28
VomNCx1uiL4sKpaob7DrVHQxW7VVMTLkKACCk5HT5AX
9sWthmp7cF93GTbxpiTS5PtLkVBLgNexvD7A2kEt3BVA
4cW4Xq4XWTXmrRvS3cLw9ZySVdArgWWaYvVCMKdXpsdv
EQBQG6YQKtvMkHCgee6pjvYUi7XXno1yB38UFYUtpxuS
GKyKAbkqRSmzATEnb8x49GvuZMWeoeXhyHRHDe5ipzRZ
3yamKuKinTg6L7g2QEfDmFYPN1KoCtemkcSXsaBQFQMB
3tvs4Avjk91VpBa4oXZreT4gzkpJDNdByYiGq2MDbQ1P
4RZTUhzNsRZvcBAi7DHXDKfYfy5AJV5gzw8mny8TRyYT
5sPLWsE6aXYUyemXCGyGTqFHv9TEtQkmTu4fqdD8YbR7
9i34dZSQqLtztHUShv7aZDzVa8Bq58VMkWGvd3te44D
8nuLz8bFkWa1VWbPp65WcFtkP4iKm2iRua4UXkCGhnSr
8kPYvqsjddrZRLBWj5LwGRRYcbJC39MSXz8XZsbxDkur
EWuY6aNXEHrsXYsMKjbezbJ4ZZoZV5rBfn3ghyqswwkD
44FLzp8KJd9Ncz2NFwzP19Qp7NFxj4VkSYZzjrEbsb5p
6LJbVzLGqKBmYccrMJ3oPMdxZRvCK8ouniBCzrBaQTbR
GPDxa9eJkgSoTbAHefKhGn4y7yw6i4HyrFFVgTQrx95H
GKnFFehtT7CZHW8xCxKVVwnmKmUd7NCGALS9mNKsAvmR
37Qe6qL8C5HTEpMrxSWD7HVhwcaXbmTn8HsQ4dbYYFqC
H2ojrs6GWMgJvfaXCsjwEkJQhhCiZeTxQJt9HZtKTrgj
9htpSC1HVeeMoq1SxDu6GCD6hesn5xrwUAKaMz3A9Udp
3wCB5GhHX7xinfqWJULZEHLj2CPxNAxo9gSRqXUKVEmm
4jin8BEr6yfSps5Xmk1PW4b1vLm4zLBCxDE5XaV8S2du
2WAgUrBm9iwaDFGQm9AabDwFG4CM5ZMFGwMwwc7jaRR2
rgM1u3pzDAp62oonpNFetj4MCvHSutWhiW3JwfmZFEB
Gb6cxTpNKap6cUdjhUgptMDD5NVFEXsPYmq546nXkKvz
EQcNXBmNaLANK3b7cqp5ChdR1N4VsgJRCQdNTjGJurNV
CGFv18VydpXYoAVpYSnVo4qdwEMQJz28X9NafRn9rJmg
HiwGCUBAsBiR5id5RaarPkH7dZApq7nu297Kzp3WVU2t
BVYHcdAZf4bsMWpP9qNEyHXcrGGeWLgg3jPMBCZmPtM4
B3fpSBSpAsTXU9hminKTCTH4QctsktYrJjbw3yhmNa38
CEytUXHkc1RNXhievQeZ1jvJ6VqManUV3p51fgYpmoHC
CNyVZLQUkL2AvJJJMVePjkFrb9YVyigTSizGvAgr7E4j
DqpTD828UoFJKXRgrp2awjyCRsGP4dixKJirzveFKPFS
HB84BmxmdC1E6XShFXKqHiM46VyXNup1VwgYd8zQ3993
A9J7MTvmewrbQi5aig2AX8vF2opY2w4ds1qkvh9hGxBC
DDQjkkVPFLG2qtDGYm2pC3edhdwGJfP5qGpNmHqGAfhw
DATWXzJUhEcZmGYJpakVMDoZe8jAbcRdG9mxaXqfxupL
7eaRJ6xRWaT8ZJpBvacNJqWi1LuYSSrnJm7r6ZK4U8iY
2AC9gVwXR5aH8kW4EVVtZR2acD2Dp5VpjdpxEu1TXuQ4
FKhsDYxX4ecp6k6TqGjKJd4sTaWqM9ADhT5uTUevAvXg
HfhFiyUqE1Jj3msYqbx3pTdp4sCNQusbPT2ezEjdWq4Z
BPk9jgYw8aHkSd9Q34Szwgof7fqLRQyavKGpEcUfir7H
9VpskjZQTLZMXM141gcwsjtVVge7SfQhtNBqaStrhv4F
Gy1BgqhZiZ21rKU8qxrj9RQ1i7wgZ3CJ2nGwEetWoQMg
7Pn32yuA3jVqYCzseFSaMNBpeMWB8anFoxP9Ckm1Fkk8
CqgnRLrbUi4NyEwvww6QVJ7aHveRu6E36pVCzZoMXfdh
6JFUmNRt7MFLay4H61SeMBFEyfK9ruzTwxknLc1X9Lt2
8nn1udv6vCt9vqRrEX2Kw1BPjqZt973UCHtajppbEd3j
BJgDHZ2MwQL1AsdNgGS3YjygAPJFK2siDuohbmHconEd
29tXBdkM3qVRBvwneJERK3UTaCVmoAxXj5xaSZAu7zLe
7oWKzxwH67ymQgKFPRX5wukYE7WgbGDieqvPmbZ5GWEs
9CLuVBduGfsowHoR52Uouh1zBPn6ZqV9sMiVda9iemsX
5TfAiu1vVnZ2ToGBSJSDLX8xbqnM38ehdtHs6JRxTPvU
mSYGin7fYTvLudJdy4t9ZqrBtXzcpw5T32XKd72Usz4
49U8WDXfhKJHBXP1kRVEVgPKjxdDjkEYJF3tyfLzXU7s
3XmkDLcA7w59om3FdVpm8D73wFAnLTWy9D13UujVKzsV
8Lk8xNrFTLMpUBS15R6eTtAK9rfn3VcbTHh7W7hTrBCi
4FcFtBxWk5HYBDfqrvS9b5uqcMrGmYKp1Mjp4AR8kdEA
39hGTYwewXEawFz2hUeHjW8MWs3xNARaCGEcMG7AcEA9
7xxYSE6Ew4kj3xHq14Zb7sTYqyXmiQ4WCvKK6N7KePuW
NiTxQyE2ocXdTW2v5Rzq6rmcUPcVa27fdXHJNbS3yzy
BkcqNQCzWZ6DAuse5bUDTsUwLoAbqBoX2TFcVmaPNaVB
H4P5UCZqGBsokT1iiAttT31BzpGM9vyanJFyxtJdoFyP
CMRT7zkia58AU4NDhKo5c7MzmqR69mZbyjjKradUKW6S
AmP7Q5Z6KdQMUW6S4J4c3qL8RwhKBYQYTrieRCRGKSud
139UirfRki4XeM43S7BpyJLxvWNgPRVUJt7sDaiCmz4F
9y1YGuQqC2cQ9gHaqKC8j4FKvAq4GYWj8RxMbqYSYac1
Cz6994HhWnYyY1LKiccLUrbsG1SEJSGC4ZWAYqRKoRwc
otePQG31QFtjdLMEwtRBKnrCJuSMPN4V5HsVHHzR6xA
bgtDVv1z7Ua1NE9vVHKsnwMoS9v9qQdJNrGEbviDzui
3R9qHQAntW55evsrneb6iG1QJ2zvkvReX4gzd2MGhW6L
Fw3gM17aQKTwd2xujFRbA9tmtoVXNg3ga3tzqz9umwK9
Egik1eRzbFimvppWWc6gymFj6EoxCHv9q2RJMa1sWhQX
BV4rnNr3aDYspb91sbSmaQuifAN6DFiyiVzNjXS8NvJx
3u4y5ysDFDu8TjKgNUG2jhvnGMFnPCLvAAtVih5NFG7r
5UsaMYw2b9Qt2j4jKa4YGi5bvbE9gqCWAK5RJmuYwRDV
AdgBS2MM2yvtyZiGm7W7Lpph8qoDKR7BDwfJuyMf1eFw
CzaKPic5zG2uB8KS6NGn6UGSMzQpfxMKnY7NbY5hCSt4
HekhiZG3uKLEd3nAmkA8oNRUAjVthACpDm6man4WRyQv
2ysw2jCqqVzMoeDaDsQ42Q83xG63RExuXnjkqxNXok6X
DmfZaX5vGu8imM8QVXgEWcq3T3TWmpSJcFWgA4e8chGD
AzedG5Xgc316ARjwPaMGn9AVR68b5wcyqXUYBNgDN3H7
3cM1n9R7mY2gjtYs8aL2RSGfQgjCYqcxJzEmaGmEWVP9
FMQvM1JD6cuJ8dntZdo4Kj8ozwX8jjTjHveSypAFah1V
EjzpGCJB6aebKCe2aYhGwVGKvsc1dK6hof8d4HqaytCm
