Transfer 1 tokens
  Sender: 28R8Bc6WebAUTxZsPhXxmmsji9FvAF3NPsbySExBNJWs
  Recipient: Fn149efR6ecunpwmxWsh2ByK66w9tbVtwQmuS3tvL91W
  Recipient associated token account: GBibcboYPyzdxyLDGHbbVkrpVWTyjbw9dVPU42WStFbL
  Funding recipient: GBibcboYPyzdxyLDGHbbVkrpVWTyjbw9dVPU42WStFbL (0.00203928 SOL)

Signature: 2iMSnoi2sDJdSPeb1CF7h51Fqfke6F5AKxN4JoaWeC68bgsowDKX3nRS1ni72g2zygrE766DR8uK9mEigvWg146i

Transfer 1 tokens
  Sender: 4pneuY8CU1p9cEadXUTcGGsQtAs4v7UpGPba8efVB7KF
  Recipient: 51oET2dy4vCmZ1JMGYR9hbsvsLng1vcLD6z2AZp1uq1j
  Recipient associated token account: FUejyRHYdYkfrKNCMdUbw7ui8ZkE41Ajsh2occD321Pp
  Funding recipient: FUejyRHYdYkfrKNCMdUbw7ui8ZkE41Ajsh2occD321Pp (0.00203928 SOL)

Signature: 4mhFTf1vT499MBb2sLpbMURiPHBu1LfpSsjk9CJNBA2FZozEK5UL7N7o3G3ujoTQUP1Xd7CK9XTrkESwVHt8LEDn

Transfer 1 tokens
  Sender: Aot2Br3by8N1brkdj7rNnxrTNMkMn8ViQgUUEGrgHhTK
  Recipient: 9nF2vqusHupTTNgw3quL4f3jorvPdJ8VBPv3Uw1xt3Mv
  Recipient associated token account: 2wgGNYhpt2yiipeDSY9SvJ9VVugwZZVPjVkT96Go9MQk
  Funding recipient: 2wgGNYhpt2yiipeDSY9SvJ9VVugwZZVPjVkT96Go9MQk (0.00203928 SOL)

Signature: 5Dp8Ca6nC5B2gLtLVhGzMCr3sZLhXpz5ffCnp7VuRyFfAbCKjwhhyRffzwvKmKRKBfFo2nAUrbh1NR1qhPnbPWff

Transfer 1 tokens
  Sender: 3Q2TiswJnSSn61LQfgtqLVbXCWFeKEm9zBV96hqtW6qt
  Recipient: hRecVk5q8WnVt26PJgG8f5M768x6gyxKyfuxckdvDDT
  Recipient associated token account: EyozLjjge9xEJXapXyXGzXcK7ugyt8Xry9WbAAqYys3t
  Funding recipient: EyozLjjge9xEJXapXyXGzXcK7ugyt8Xry9WbAAqYys3t (0.00203928 SOL)

Signature: 3hmFkPxALexdCca7QXPwQW2xFg3biF5KTh8kMUPqgxyd5gRAMC61t1VxUUMX1YFed6nRhxAyHGDZZKurTSKSGbg3

Transfer 1 tokens
  Sender: BUTHqH4PFQZkWubdkdKrZ7kBsHtvCcS3MHMva3EwkPki
  Recipient: 4ab9njcEAnRSv9ERFuPLAXzs7JEB6Yambov2PxvaP2Z6
  Recipient associated token account: A4CgGRbjLfkNYRfuPD5rDiTcusk8vbNJJ4P7juQ4dbjE
  Funding recipient: A4CgGRbjLfkNYRfuPD5rDiTcusk8vbNJJ4P7juQ4dbjE (0.00203928 SOL)

Signature: 3GH85t8dDCzGVd3WVkTkTv1WiDL5xhfRZtX3RjKZEUv7EDYgXT1kJCbDTbEYCsZAVqLo8gBvJ9neq9BkosRqcHHv

Transfer 1 tokens
  Sender: 6bfGQFd1RrQUEqC1asFXV8Bmfketxvb8TJQj6SwaKbDd
  Recipient: nePgPRzKgbp99JRHtNPTudp8baVoT9rPE3S1w7gxDSa
  Recipient associated token account: 55tpB3E3GTaJrZd7LsMA37DxhKxq33U2p9ceFcP6gZST
  Funding recipient: 55tpB3E3GTaJrZd7LsMA37DxhKxq33U2p9ceFcP6gZST (0.00203928 SOL)

Signature: 3RB2hp3NeygDZeApHu78W8qnhSNcaVBHvgV1BKeVLMmhfTSqomnHhT4dTaEz1jbFFBy4uDat8hzc8TU87e6dAtf

Transfer 1 tokens
  Sender: 7fvVpZAB7yVw3SqJ2R56hnB7LN5z3ixczH2LxLhPtY3c
  Recipient: J8vxiR8o4NvY8wcR46iuSpSAjXhBwGCgrbo5LWA3corc
  Recipient associated token account: 4xxJTYppGuCEp6wHKYDtqbtEJS5h825dmNze7HCHyCTy
  Funding recipient: 4xxJTYppGuCEp6wHKYDtqbtEJS5h825dmNze7HCHyCTy (0.00203928 SOL)

Signature: 5oYTUHR288Ek7rBKu7ChHAfmGzyeQDCibtc6zHVkLUDkjC7hcnZ6qGBU1HtMr6CULJaRHBN2HZoBnYEzDQgVx4Ek

Transfer 1 tokens
  Sender: GoMcLrJ8iM2dHmEk7AvZxQ2RdcV4HupjDoEQtAebppnc
  Recipient: 2h1jm5yv5x36WMS3WoKEhq5S2B7U1iEg7wXStX4MPEcq
  Recipient associated token account: EpkJv8cL75fxVBRXAanx8Dbi8zd1hYtPtVp9YoBZKgt8
  Funding recipient: EpkJv8cL75fxVBRXAanx8Dbi8zd1hYtPtVp9YoBZKgt8 (0.00203928 SOL)

Signature: 36VJj4N76VEZWVaj6eqC2BKn1xGN5hRGYFp2bg3eR37BXWW69PCdk5k2bPPSffkjp6oisqGSF8vSvS4zjaUwcYb8

Transfer 1 tokens
  Sender: 7n41TtD3amiwpxujGiigkxEbVdsziYzg48EbbmVEeyZ5
  Recipient: DjnwdU2Hj1knTjbpf2R2SMVs8f2VaABUgMHgNnRzjVME
  Recipient associated token account: 6Ewyeus99yx32ZGQEkDnrjJsyUiHssvJaK5r2hvQDUo2
  Funding recipient: 6Ewyeus99yx32ZGQEkDnrjJsyUiHssvJaK5r2hvQDUo2 (0.00203928 SOL)

Signature: 2weNHFwbj3RwKrNg93LrKfiZbpzEQA4KRfpuWQrbV2nnJ6qyEPAuK7SGc8LQtdKyVBG55qXcCWcztTKEUjj7oS4C

Transfer 1 tokens
  Sender: Gi14xyXkrGC15FSxwFaNt5WptSgCBdUyAzQjRnAzrnpx
  Recipient: BMSTukA9vm2ohgiX58SPutotkNs8C7Kmcztk2zNvSRJ8
  Recipient associated token account: GfvgQ1fSUrRy9hWkLBYfaxsPw5EX2NsFdzD28dhQTLCD
  Funding recipient: GfvgQ1fSUrRy9hWkLBYfaxsPw5EX2NsFdzD28dhQTLCD (0.00203928 SOL)

Signature: 4CoM957KenfFJ2n6AeKxKb2xu43Un5pQ1U3WpbMXkQSeA7JArNBziwzSeVusZ5zh2PUq3GQB4WtzSSeDcnVR4txm

Transfer 1 tokens
  Sender: HHiBCXLg1oJkQNmNNq6LwBonhHBxHQ9oAax2cvowQxDq
  Recipient: E8pAWPsMpvuvxU6pqJqrq7yip7n6VgzpAcpdqbzcV8Nw
  Recipient associated token account: cNFoekqr7i5MRxeECe7rq6mvSZ1LpLx6U2N7umDBF9K
  Funding recipient: cNFoekqr7i5MRxeECe7rq6mvSZ1LpLx6U2N7umDBF9K (0.00203928 SOL)

Signature: 5ws5hTUPGfVaH7PYYKE7ke4oJwyf4yCpSy4smKfcrjLEyaQ4wpcso9UmHXdu2ciVUdmWsZkf2BUXZ7JUHhP1y5m3

Transfer 1 tokens
  Sender: 12t7ErjfK1A24pNuPe1Dk2VQaLSzPDYFhERdGTgEdJKL
  Recipient: s8ioBNQP7jb9JCSiBaxrbCzKMVQtVqQMEkssftVjLcu
  Recipient associated token account: 3LqwfRDF276S2hb1pCNLckNg8WcM7iNkdQX2fq65ewt8
  Funding recipient: 3LqwfRDF276S2hb1pCNLckNg8WcM7iNkdQX2fq65ewt8 (0.00203928 SOL)

Signature: 5Xs8KU5eW1MLBZ95GesESK8FTAM1TABZeEWJZqLFtkBfNqgx8Aky7d7DqnE4Vv9U5RLGQiznBL7EUPTMrDgYmpbB

Transfer 1 tokens
  Sender: 6Ui1BDt2ujAuktSfXFCGQ3QtPjXZhFrnMK7VHnfeAksD
  Recipient: 6dVg1wfKsnoUEyT6b7X97Knq7UqfDZytSyHtq79qWMSg
  Recipient associated token account: 8gR7gGCkzj33JpbxuGjdqsMD4sSiwTypBBJiTgqpzmws
  Funding recipient: 8gR7gGCkzj33JpbxuGjdqsMD4sSiwTypBBJiTgqpzmws (0.00203928 SOL)

Signature: 2j2ZourZR36heJfvWU6HmFqXCobpZmH1MHiSiru6iJ8UBMqF8dhvuthJ5kUqv3HoRt37kn5YjTdgncAs3zkBsfzu

Transfer 1 tokens
  Sender: 96u95KT4gMFXVZCcT2V8xz3FJHg9nrDNC2BhjqB3V5p4
  Recipient: 7RY1fYBPSLhk2PJ71jdE2LWXgaEmKeJ1XdtQh2243sos
  Recipient associated token account: 8tF5ofy32EPx53wCHDwnz1Pg5pxysrqZHXNrQAwBXTxe
  Funding recipient: 8tF5ofy32EPx53wCHDwnz1Pg5pxysrqZHXNrQAwBXTxe (0.00203928 SOL)

Signature: 3i1eZAhY7njZ6TX5nphnVDnHgpTebygv3vy6ZMB2wkqKqZ9pb3F5sdra4DhAJCXfViaksjDLHAwWVa2SiBUn7ZqF

Transfer 1 tokens
  Sender: 9E4YGqbWzVvjpYSj7D8H6oAz7LEt9eButDCQ4bP8Gu8Q
  Recipient: 7pTxRa5MRXvJLbLXWkSyFA7ehNpXai3d5Ua9RDNEJesM
  Recipient associated token account: Bt7CN4g66atcdzmi1xquXWQHioUNgoDCxgnd1uzSfVhZ
  Funding recipient: Bt7CN4g66atcdzmi1xquXWQHioUNgoDCxgnd1uzSfVhZ (0.00203928 SOL)

Signature: 4yKvwTz8vxtAfXBcMjTyucQxCqEDna6XETFQjzVJpHGYGfY1UXHGGw3oXjEUNDM3LwVP6dCafRwdKJZsrkXTYSXz

Transfer 1 tokens
  Sender: 4vroEeSiH7jzv3NcVZEcHMzpQa4Cgf7eGq4UDJ5iSd4s
  Recipient: 7ELHSkojRwqYPq3M9uKU6fmx3Qgq5PngmdHGW7Yz3yhk
  Recipient associated token account: 9R2y19RuBsZVNJyv63JhcPNKfJPKZThBnSFHJWCUkAyD
  Funding recipient: 9R2y19RuBsZVNJyv63JhcPNKfJPKZThBnSFHJWCUkAyD (0.00203928 SOL)

Signature: 2D1Mn5kyC6aFVXw2Qjn9A7v1nHmm8pQWhHMQNoxEH6FA11QLuRQD9FnmAQrRPHD9xvbgyGByWif6NZmmk77Ckg7A

Transfer 1 tokens
  Sender: 7asxWazsxD2gVQYq1jZKvm2gvdJe3p4D9Y86H8MaVJkv
  Recipient: Evt92DJQS2a7UNRJp75J6dFB2WkiZ2nPHHsLMXrDs8jr
  Recipient associated token account: vbTfCV9uq2nUg7i6DN1UV35Zq6dmfE1pbNvkiVnbfEd
  Funding recipient: vbTfCV9uq2nUg7i6DN1UV35Zq6dmfE1pbNvkiVnbfEd (0.00203928 SOL)

Signature: 2t2QN5tVxhSTyA4sZcufxd7YWEo1imtWz5mUy8GqXty2ytrwqhgGkLsHi48zctjcMgkZL2RizyEMXVpoiG3zkci8

Transfer 1 tokens
  Sender: 47whxFsHfz1ZUoG6eUvgbxCiJR8FbBa5KDcmgtCFaKfx
  Recipient: 3Kx42dgP4mnr8Lnw58rdccNfMXCP3au91WTCJt2GX3VX
  Recipient associated token account: FphGykBbumtxr3kkt2xmeunLmcdZJ9rEQZ5cBRtQa24L
  Funding recipient: FphGykBbumtxr3kkt2xmeunLmcdZJ9rEQZ5cBRtQa24L (0.00203928 SOL)

Signature: XNFS9GoGXaGY98ALgxhAqrspMwqSs6BEA81AkH7e6dpzHV9wxvsF8ULQDmMdy41oXqWW4oCS1aaq3RzU4YnQZLm

Transfer 1 tokens
  Sender: AjNkM9gxhNr6NRSZ7mSDpw5y2TJKy3GuKPk9QFaJgdqq
  Recipient: 54Mo68jPMSBhszCC8dUA8hJEpQxfjGFyCcTFGDJcTbvX
  Recipient associated token account: 8HJ2rgDUVSkqNpX5AWqTSdMWfs8xkefX42CoNV5wLDSL
  Funding recipient: 8HJ2rgDUVSkqNpX5AWqTSdMWfs8xkefX42CoNV5wLDSL (0.00203928 SOL)

Signature: 42wNAx81hnFYU7Qjt5Ew7wGvVBtkn8RAGpLT57cmew3yK5cwYfg4YpZSj9SF6QGA9hxon5qU4qAR9fGS3sDsnkpu

Transfer 1 tokens
  Sender: GhSSKMZ8zW2fNzo4ynKLqivpAHyjDJH5cJ9Ho9Qx9sxX
  Recipient: 3vipZF5ThSaE55jGnHE1PZhCoHvRfBHvihP3pQ8Ph7cF
  Recipient associated token account: GCafT6hYBr4kZajNwux75np3Jyagg2TaikjPqDBnJMte
  Funding recipient: GCafT6hYBr4kZajNwux75np3Jyagg2TaikjPqDBnJMte (0.00203928 SOL)

Signature: 6427Dn9oyMVYiFxG6tS9RQCemrViis2cSYB6XpsJRDV74eqYh4j3oBFswf9hzkHdjz4NNBG2Rs3xnyp9KsrZ4Jcc

Transfer 1 tokens
  Sender: 6n1ojDGrJZxy2g87aoh8BruFjU6SmYbZ5pRh8iLnQhKV
  Recipient: SqSri3CM7V1GLSoKJJbePSt7UqGpEpiwmhnsJjsf763
  Recipient associated token account: 9SBiyzyM8N2kKYv5bnSxypG6UXZFi9Pjovcvs98dzDBF
  Funding recipient: 9SBiyzyM8N2kKYv5bnSxypG6UXZFi9Pjovcvs98dzDBF (0.00203928 SOL)

Signature: 2mNDbSr7Lw9GDdqwp3mdJw1eUMW7PgA9FXKybHAe48QyAxzd9JQ4oUUG8bo78Aq53uuMzxAqaMhbLZCoqkavFZRt

Transfer 1 tokens
  Sender: 6xVLjJda3wweYWCqVPPXYWRoabBHj3GpThwASWa2zeiP
  Recipient: BQ6W2opUUbyd3mVpTX1NRgFWgqBxyt3FSLfSR6TXQRug
  Recipient associated token account: 7itPiapTwrSax3EcqrXbhsLWoLkWE2KyayERbXWmhT5e
  Funding recipient: 7itPiapTwrSax3EcqrXbhsLWoLkWE2KyayERbXWmhT5e (0.00203928 SOL)

Signature: 4423sDmye4ZAoKCqMviBk7rS4gPT7hAifTi7oBfUJHDJKpbMYJ8wEpYBsP6NYVt8KJa8mBSXXJ9V4ySeFHjspmhE

Transfer 1 tokens
  Sender: 9oL5HVf8rmNihg2ANbw4XK1cyrjBYSjPmsbDQsr9FqGS
  Recipient: BVFTQzEas8kMPkcugksaTTuLnQJ8ESxtLryk4ngdyvjU
  Recipient associated token account: FfVWFGbt4nBW3LfX8KY3tSaigMLraiGciJDy1ideK3Bj
  Funding recipient: FfVWFGbt4nBW3LfX8KY3tSaigMLraiGciJDy1ideK3Bj (0.00203928 SOL)

Signature: 2HCuNip74cQLxuqjktki4fwCzNzgV8S2VwbEut6XDsdQgtM5g88V3crMn4x9tKW34LWewxWc1mUWy9sHeh6khpkR

Transfer 1 tokens
  Sender: FxGb6QQyrdKoEtRDETjtjPk4j1R2sE58GsjBEXyXR8qR
  Recipient: H9oN7JgPb9qnPhyFE24Gp1YVvF1PqsnLjcP9agEgqdFp
  Recipient associated token account: 3NFxdkasG11gyUPu3keDSBDQfo5jkTFSEDAj8djBg6mr
  Funding recipient: 3NFxdkasG11gyUPu3keDSBDQfo5jkTFSEDAj8djBg6mr (0.00203928 SOL)

Signature: 5J6SNdcKFd6kayojPCVBRWmFiZAMKWnyHnuJ7Ct5MdRgaXKkzG4h9URrFWivwBngiumjdshb525PykXZ1Lum8MPV

Transfer 1 tokens
  Sender: 9bWToR1Gr2BZNay32CU6GTpzKh2nmwPb7CeX7QN68Hot
  Recipient: AsbhqW3u6VVSupqeFNY7qv3j48o46aEugFbovoYPXz4G
  Recipient associated token account: AK8ZwwYHpCFdJ4Uq6XCyCnsoCMZVh6cwZBd9aG7G7hCC
  Funding recipient: AK8ZwwYHpCFdJ4Uq6XCyCnsoCMZVh6cwZBd9aG7G7hCC (0.00203928 SOL)

Signature: ouUe9kmGNdU7NRBPs8cpXdNP1K7C6azRumz5QFr79YFcoFQxi2mjGA7WTo8HkApiypcaN6e6K5nbQrXKqed3yZs

Transfer 1 tokens
  Sender: 28R8Bc6WebAUTxZsPhXxmmsji9FvAF3NPsbySExBNJWs
  Recipient: Fn149efR6ecunpwmxWsh2ByK66w9tbVtwQmuS3tvL91W
Transfer 1 tokens
  Sender: 4pneuY8CU1p9cEadXUTcGGsQtAs4v7UpGPba8efVB7KF
  Recipient: 51oET2dy4vCmZ1JMGYR9hbsvsLng1vcLD6z2AZp1uq1j
Transfer 1 tokens
  Sender: Aot2Br3by8N1brkdj7rNnxrTNMkMn8ViQgUUEGrgHhTK
  Recipient: 9nF2vqusHupTTNgw3quL4f3jorvPdJ8VBPv3Uw1xt3Mv
Transfer 1 tokens
  Sender: 3Q2TiswJnSSn61LQfgtqLVbXCWFeKEm9zBV96hqtW6qt
  Recipient: hRecVk5q8WnVt26PJgG8f5M768x6gyxKyfuxckdvDDT
Transfer 1 tokens
  Sender: BUTHqH4PFQZkWubdkdKrZ7kBsHtvCcS3MHMva3EwkPki
  Recipient: 4ab9njcEAnRSv9ERFuPLAXzs7JEB6Yambov2PxvaP2Z6
Transfer 1 tokens
  Sender: 6bfGQFd1RrQUEqC1asFXV8Bmfketxvb8TJQj6SwaKbDd
  Recipient: nePgPRzKgbp99JRHtNPTudp8baVoT9rPE3S1w7gxDSa
Transfer 1 tokens
  Sender: 7fvVpZAB7yVw3SqJ2R56hnB7LN5z3ixczH2LxLhPtY3c
  Recipient: J8vxiR8o4NvY8wcR46iuSpSAjXhBwGCgrbo5LWA3corc
Transfer 1 tokens
  Sender: GoMcLrJ8iM2dHmEk7AvZxQ2RdcV4HupjDoEQtAebppnc
  Recipient: 2h1jm5yv5x36WMS3WoKEhq5S2B7U1iEg7wXStX4MPEcq
Transfer 1 tokens
  Sender: 7n41TtD3amiwpxujGiigkxEbVdsziYzg48EbbmVEeyZ5
  Recipient: DjnwdU2Hj1knTjbpf2R2SMVs8f2VaABUgMHgNnRzjVME
Transfer 1 tokens
  Sender: Gi14xyXkrGC15FSxwFaNt5WptSgCBdUyAzQjRnAzrnpx
  Recipient: BMSTukA9vm2ohgiX58SPutotkNs8C7Kmcztk2zNvSRJ8
Transfer 1 tokens
  Sender: HHiBCXLg1oJkQNmNNq6LwBonhHBxHQ9oAax2cvowQxDq
  Recipient: E8pAWPsMpvuvxU6pqJqrq7yip7n6VgzpAcpdqbzcV8Nw
Transfer 1 tokens
  Sender: 12t7ErjfK1A24pNuPe1Dk2VQaLSzPDYFhERdGTgEdJKL
  Recipient: s8ioBNQP7jb9JCSiBaxrbCzKMVQtVqQMEkssftVjLcu
Transfer 1 tokens
  Sender: 6Ui1BDt2ujAuktSfXFCGQ3QtPjXZhFrnMK7VHnfeAksD
  Recipient: 6dVg1wfKsnoUEyT6b7X97Knq7UqfDZytSyHtq79qWMSg
Transfer 1 tokens
  Sender: 96u95KT4gMFXVZCcT2V8xz3FJHg9nrDNC2BhjqB3V5p4
  Recipient: 7RY1fYBPSLhk2PJ71jdE2LWXgaEmKeJ1XdtQh2243sos
Transfer 1 tokens
  Sender: 9E4YGqbWzVvjpYSj7D8H6oAz7LEt9eButDCQ4bP8Gu8Q
  Recipient: 7pTxRa5MRXvJLbLXWkSyFA7ehNpXai3d5Ua9RDNEJesM
Transfer 1 tokens
  Sender: 4vroEeSiH7jzv3NcVZEcHMzpQa4Cgf7eGq4UDJ5iSd4s
  Recipient: 7ELHSkojRwqYPq3M9uKU6fmx3Qgq5PngmdHGW7Yz3yhk
Transfer 1 tokens
  Sender: 7asxWazsxD2gVQYq1jZKvm2gvdJe3p4D9Y86H8MaVJkv
  Recipient: Evt92DJQS2a7UNRJp75J6dFB2WkiZ2nPHHsLMXrDs8jr
Transfer 1 tokens
  Sender: 47whxFsHfz1ZUoG6eUvgbxCiJR8FbBa5KDcmgtCFaKfx
  Recipient: 3Kx42dgP4mnr8Lnw58rdccNfMXCP3au91WTCJt2GX3VX
Transfer 1 tokens
  Sender: AjNkM9gxhNr6NRSZ7mSDpw5y2TJKy3GuKPk9QFaJgdqq
  Recipient: 54Mo68jPMSBhszCC8dUA8hJEpQxfjGFyCcTFGDJcTbvX
Transfer 1 tokens
  Sender: GhSSKMZ8zW2fNzo4ynKLqivpAHyjDJH5cJ9Ho9Qx9sxX
  Recipient: 3vipZF5ThSaE55jGnHE1PZhCoHvRfBHvihP3pQ8Ph7cF
Transfer 1 tokens
  Sender: 6n1ojDGrJZxy2g87aoh8BruFjU6SmYbZ5pRh8iLnQhKV
  Recipient: SqSri3CM7V1GLSoKJJbePSt7UqGpEpiwmhnsJjsf763
Transfer 1 tokens
  Sender: 6xVLjJda3wweYWCqVPPXYWRoabBHj3GpThwASWa2zeiP
  Recipient: BQ6W2opUUbyd3mVpTX1NRgFWgqBxyt3FSLfSR6TXQRug
Transfer 1 tokens
  Sender: 9oL5HVf8rmNihg2ANbw4XK1cyrjBYSjPmsbDQsr9FqGS
  Recipient: BVFTQzEas8kMPkcugksaTTuLnQJ8ESxtLryk4ngdyvjU
Transfer 1 tokens
  Sender: FxGb6QQyrdKoEtRDETjtjPk4j1R2sE58GsjBEXyXR8qR
  Recipient: H9oN7JgPb9qnPhyFE24Gp1YVvF1PqsnLjcP9agEgqdFp
Transfer 1 tokens
  Sender: 9bWToR1Gr2BZNay32CU6GTpzKh2nmwPb7CeX7QN68Hot
  Recipient: AsbhqW3u6VVSupqeFNY7qv3j48o46aEugFbovoYPXz4G
