Fn149efR6ecunpwmxWsh2ByK66w9tbVtwQmuS3tvL91W
51oET2dy4vCmZ1JMGYR9hbsvsLng1vcLD6z2AZp1uq1j
9nF2vqusHupTTNgw3quL4f3jorvPdJ8VBPv3Uw1xt3Mv
hRecVk5q8WnVt26PJgG8f5M768x6gyxKyfuxckdvDDT
4ab9njcEAnRSv9ERFuPLAXzs7JEB6Yambov2PxvaP2Z6
nePgPRzKgbp99JRHtNPTudp8baVoT9rPE3S1w7gxDSa
J8vxiR8o4NvY8wcR46iuSpSAjXhBwGCgrbo5LWA3corc
2h1jm5yv5x36WMS3WoKEhq5S2B7U1iEg7wXStX4MPEcq
DjnwdU2Hj1knTjbpf2R2SMVs8f2VaABUgMHgNnRzjVME
BMSTukA9vm2ohgiX58SPutotkNs8C7Kmcztk2zNvSRJ8
E8pAWPsMpvuvxU6pqJqrq7yip7n6VgzpAcpdqbzcV8Nw
s8ioBNQP7jb9JCSiBaxrbCzKMVQtVqQMEkssftVjLcu
6dVg1wfKsnoUEyT6b7X97Knq7UqfDZytSyHtq79qWMSg
7RY1fYBPSLhk2PJ71jdE2LWXgaEmKeJ1XdtQh2243sos
7pTxRa5MRXvJLbLXWkSyFA7ehNpXai3d5Ua9RDNEJesM
7ELHSkojRwqYPq3M9uKU6fmx3Qgq5PngmdHGW7Yz3yhk
Evt92DJQS2a7UNRJp75J6dFB2WkiZ2nPHHsLMXrDs8jr
3Kx42dgP4mnr8Lnw58rdccNfMXCP3au91WTCJt2GX3VX
54Mo68jPMSBhszCC8dUA8hJEpQxfjGFyCcTFGDJcTbvX
3vipZF5ThSaE55jGnHE1PZhCoHvRfBHvihP3pQ8Ph7cF
SqSri3CM7V1GLSoKJJbePSt7UqGpEpiwmhnsJjsf763
BQ6W2opUUbyd3mVpTX1NRgFWgqBxyt3FSLfSR6TXQRug
BVFTQzEas8kMPkcugksaTTuLnQJ8ESxtLryk4ngdyvjU
H9oN7JgPb9qnPhyFE24Gp1YVvF1PqsnLjcP9agEgqdFp
AsbhqW3u6VVSupqeFNY7qv3j48o46aEugFbovoYPXz4G
