6ykYU3fWNQnoNunJKDLSVSZWCMPoajoE8EVNzKCYs9qT
Eaac7rAfhWsSH9vgbyC8UR7tMn1jT8KTAD1vXBPWUS5S
5uodRDav9L9YKbaXMwPW6aQSkMtLDN2FR1dN5AfQZSkn
8TbTu2cxuxUEWwnssLjAueBG9WpAwjYKurP2Yc2SdWNz
7rQNp7Gs3634YqHmtxoWkYkNWuMeYf9W9cqkJ8nwmUM7
FJAKVDBksRDaRSeYtK4CvKYfHjDvQ4pezwsa49J6NHKc
84tYj5QuBQNDVsFXiEPMZddVTtAspbAJ8oRbXsLwoS8x
LCNyzyqQWVxmWFLX1ke7Yt8Ho4QokRSQtunfqFwTELF
2fesvz95r896EUAhQ4yfUGAbR6X1WDsLLe52zaQoYiaK
CBs38GrLkRKrf6ciZkBbD14BmW43nLB5Hj4BX7UkNhLF
AEUto3eFWHLAmmVRq3Vo2fmHXwte525jQGG6D7pN4RRd
FyZ2E1a5nyKxvBT2ZekuerMGp2W1T92K2DxtLfmta7tp
7nrG7Yne4hepnxN29urXuEv3qG1T4a1uBTBjGg7emZ17
4P1TpNg524esR7eNhc4auQUFxazSa5CTYukM6FmHBFec
GryqvMoqZFnmTxVMduzUQt4RtCZZCTKRZwLNuL4KyKsa
8jM2e7C64cuhLd9Jc2UAQKUiCfgB6nP5LiugTzwoeb7A
Hs3i76nSEEWNY8369jGpFrRohhS3wC8NYxFsmc72WAsv
U6fk2kUbsQ1bKKucWaxhtKK7GYgyoM2BHJCwzmBAo5R
79hVK4VNqaLiEeC7WQfVPZ9ni9y8aCvV9dgtsx6g3bsf
6uPKr1K48dwfwckaQUN9B2BkGzsioxquUiMdREfRu8fM
4ABNpXh9wqVXMScvoaZpUaMku5hV33PwGq3QutAu9eXv
EhLMtwdB3gSM68fesxbiNiXVHdpAvioTCq2f6sgjKNGB
BA7N78zwguVEsumBr2DBvCY3B28xj6RY7NkTwRVWvcun
22PcCdkYNqVVtLwCQ3BSi3YmZaghBCgYNeAvBcee29Tt
jNnXPf3kZ4HWjp7RWLpPnox5ycNwevdmttn13YUke5C
76So7mZfZLdLym869Ki11zcS5J2BkRM9HZExN9wtEDnJ
3p7MS9H9jfENRU4QPsixzyhuw8yurWnFfsmoFBYxkNSD
8BcsHDYn8ZzC6cm5yeZYup4psDpvpZp36attjgY5oheP
FBkdDE9fbQobTccnZr2XDqrpeevmeChEiPLC5ABXUXfE
2F3pCR6Ju413NwpsC1knkXUu5WEZCYCJfN21yGcWwUZU
5vEyraHzZCP5yM5SMv4r1n8MGsSQeP5Mh1o6TXoWAvfk
AEUto3eFWHLAmmVRq3Vo2fmHXwte525jQGG6D7pN4RRd
6mv93ppVKCfhwZkoMJjjQUuHQECUA6KS4SkLfteSaprP
96WX37vQhNmrYmE5UhWG1xFmYX6QM9X9vxUiNu3MtwYD
7Pu7nd4zT4tytFNBRucKANZZEiLHfCNjyFLLLHa3qnKD
3Ni81WBb3i3ini2VyjZFXgCyb7wDtsgNHeCMXDwiZpah
5dr39esCxsaHoHedAR9mhTtbF2mwR874vU3Vemr8EBbj
9v9D9kvePLBANY4Zx2PUzn75dHuQMMMcs7mZLYy3gMaF
FengiWQSYF13nh4SCEb4A6tkNDYALF5zwkvh1zAYWXet
7QycDRDkkHxLXjr7fvu2YnyAfbNc9MfaqA3NGQLWZ4s2
98Ua49smTudbsk6aJ3nXqbuoWaxzaEVLfgFF27xEYx8c
6ofXwU1s3Ma4ZcvLG29UD6mm1auDV5jumMzRnY1FdFVE
EQFh6gCBG5E8RfDaUKnVerJYmMDzpYq8rGm62UiX5XkH
H2ft5vGDSp9vQWtxVAP8mXZVNsTtrptToCQgEMLxsaoL
7KbmFStnBVAUB1NRKuNFdhzXtj3mfAT4jHLXoFvFFSaS
781GzKc6aZPcheyEhmeziGWNgJBhePtVnsRsSCvrvWTC
63xaYrSjCh1u8B1NTPSV1xh4Szxtz2ktHdnM5ATK4zMS
CWiXLx6juMmaq33BPXGJ1k2DPqzfDyCQWoAsUUe83CqP
2eBBNzw7DeWuYfWhPVGanm7VyYogiWKjSRcAHhcDFSMd
HnRNUz9WQNXhUKre9D88TySoMbwvbGtSsqGsmqgh55ri
3cN4Krph1b9ehhYiMm9uWN5WEGTttoEWSyKQaPGbsa8S
4Twh97WSqnCv8A5XezYJeFPcgmbfJSSDAH81dRzzRVaV
7N8fCtjYVKbvEfe1rSAaeCMSFHKaBHvcBkWKthBNEDcp
HMCuUsfswf8ngtNg1E8RgpcthsnjakGfSptKNqyzBuYb
CbNhz35Sme3acS28qbjo3mWGfnrLNYpansGukcC1cCT1
r1QHFARyygf2xA8mTDekHmugyL9MiLfAYGwwuATRJuj
2vhNMJt9fhQs7f9YQubaS1MpCuUdx9o8zTwqxzkfcLof
9cQepRHEXLZC2F2ncuK9HY6b228dQ7HNCuxZatWZXsNe
EkHsWj67nEwZKZk8RQsVqn4t9vv5VgLyArLnSo4cvVCG
HggcQzdpifSq9G83Z9KAYRbgtuT9QqQu2B14pnodrfMd
KwQ27yEuXPR1mhN8tTexSDQ2VDXJsZTqpf7J4k5ireo
CnjNZ8LHDtwyCz7SBWPHCSBPikJ5u7E8TouZD4jtZ6KS
FsHHSembVyZbkctqnpyeDYo7JPLgwvpWj5ZPGa5CPmxZ
AwUe4aJHHJKWhz8qgBQ538t6Tm5Ay1oRoyzkrT2izA8f
g2q4tWwSoLzY2PYmYM6YB8167AFP9L5J1Mf4xJ5cJhB
Bkhcixphpnwm6cco9NhJtDFChiyXZ4TbnuoiEgmdHrPh
7ZNsgiDHhMoZNehg6ypKtxmXNV4nZVkiTzD5DDW4GU1T
ATXM89GYmkfp1uPVfx9wh1Sh1sZbPLpQqFqtXCUWrzPu
4cKqqwoADnQVUAapaq1CrCwpBwbvCSohZPzB8aHooJjk
CLLcegefmgHQiPyVwuCpLM5TuxRirxYgCYCG94q81RXM
GL68KxqmU4E6JrwXjrteyshp6whEBe4QLppjW2jXcH3c
GDcdkHHAnzkZqftb5J79FWo9N2fJRe1vXUfVCWgE52dQ
AEUto3eFWHLAmmVRq3Vo2fmHXwte525jQGG6D7pN4RRd
FBiTjSrF13TMp1fLv4AHgq77xHUfJ9jabL1Cu7TvQZw6
98hCouUM97hPPExNDMzJo4ij2hZ3ouCyRjrLeeXFqCok
Fx22XUQE2NaZ2oMEPCAzyYXwqnMGWrKDFGNdqPi1pdHh
7QycDRDkkHxLXjr7fvu2YnyAfbNc9MfaqA3NGQLWZ4s2
FxbGsj3osX4AzJxhANAvGrgwSdRxJruGKxybRnH1rVDX
51oET2dy4vCmZ1JMGYR9hbsvsLng1vcLD6z2AZp1uq1j
GT3Vxy69nfjea3eQs4iicCDz13vB9PL4HiNw579JBcoq
GpnhtxpRrUkgfDaNW2vyU7yUC4xaUpPjc3mLBDP8eiW3
5t5pfR6Rz1f6XeLX7ribnVFZcY7pXLRbcdpEqyoFUnA1
Fk8NdkYZJRKemY4fecFYxbCXmWHMiQMLNwtLPH79qf4X
HJsUDfxS8FkrgZb8ewyGPBL7QKYdDS2VtXeZLVBCW96U
HzrMJkkN5jvD98focyivbjasDmPwPY3AkuB9aG1uAzbH
GryqvMoqZFnmTxVMduzUQt4RtCZZCTKRZwLNuL4KyKsa
51oET2dy4vCmZ1JMGYR9hbsvsLng1vcLD6z2AZp1uq1j
7fcwxQgEkyqWhCJq4B9ViKCnzdAB4tZohJ8TdMLxuMzH
Bt2JzU38jdEfQJB5DGx5JgamK5rg88F2DGDiFjZJEN3z
EuRZctGgW49y8R9CJdBcicdtV2xHrEDcXGkBoQPbazBQ
HFqbempFrTudgpE7mZ2U7jsxfuJcgH9DMprLKLNdPs7B
97xAKp8FjyXkiYqTtYWN9ArD7KxTevzaCAo7VCcwLAsK
EAdQAdc25Cbyyo6pEjPc3v8tJyTnBNsF9VJJd49RvzoS
5ssu1FQCAxLQZUbSnFXAuPn2eDaZBTWkc5QBChh2yxAa
J63PQ61AFhZXeupw9j5GYY1aEuR3R6BnAbtfqqAX6DQw
C95WjH7qmY2sdr5fC1PjY6vRy1WpF9ynY6kLHALZmVHe
4QBf4o2JJv6McvQ6zvDgJ2m1GGWe3pmjuLkJXRfS72Wk
2jQTV4dbMWUwfWqvhebjcLx3wGUqWqaNtipVyR2wP87P
EyocHG3vukUg8tjserz7EypSavCZrNWwr2TNT4dNcdS6
JA8yXQ5ZuRfATTrCatJoehaMZjR6f6QnPgtY415Vs2vt
Haf9B2yxApBfzz37MLBed88UhyyAgTRKHoE2kNYNtdFs
33apeLJZtc7FvMqWoLU3yWupJCN6ijGkKUD2gUmjhxe9
4cUyDakNPeMEZtJPDJGNujWLGF1XNH7WbQnheUEfD2xX
3EtRwc7takUSxcc7RdKSz9YE6KdiwfXW7hasj3yN5gos
6dSb5S6UeiXA75An9ZU9wsSphJGjF8KcoaNSAe5CdGAJ
HdxPJw1o9kn3anpd86VcUdo4mdLjj9VMuUqGyANJkP8R
781GzKc6aZPcheyEhmeziGWNgJBhePtVnsRsSCvrvWTC
AHFYN2pv4iPG4wGMTjfFXdXQjPTXMxBdLHvEDCBKqaBk
EYJeXjaJUxKt61epyz57UgQJXcrQoPRxsuxL637sDX2o
DSbmJj8qp2UmJSyfXqSZCNrtV49vFsrGbqHM7VAtCZS9
FgGQYiDHFGvt3HoQjfXhXBtE5SrtVLQCsTqUQnCufeRk
