GCMCA983N8wVuWLTEPufe7RaXendqNffFwjV64boo7HW
DhW2PE17rACsMcTPvhh5p8hjJFBizTj7hVGfwKWhFQ3o
4SwDAKnt1ntsUKHaaM19jaajo9jV9xcHjB6ehwTtjkEt
3W6k67LN3uWouayqJ2va2tH93WDDsCnEydnzcjd41xPK
GZ7dL3aqcVwynsidEqLTUnsHf3iK5wvNFsCEJZvoVXFe
2hjCz2shN9ztMwC6WEzGPoEqrNANeuEshARBoE8JvGYL
F45YMyQyc7iG8LwJTrcSnwms5xcC4hqXg9DDWQkJwSz6
27tSB8zipHyQJT6KpXMVXAk9wrTK4z9wWKjhocVhKSVc
DJqBpEZrZBnbTwSCxuRwsb91fpG534WmFeDJZyag4d53
GFRR2vC8z2sHDgq3ZtDtRpQt89QrSya7x2Mkr3BPepeX
BK8PNVo1XbKkyS3f3BHPbHDNhxKtbSadVquP9v3m5cRT
8dngin1RSX4oE34XehdbEs8MnDTBzZZk4ENDNgYAbvAg
DLbcDo43ey4NxJu8Q5T3jxdBaU8yjU8y57KJt3PVk5Za
Fni7b9HLdAL1fPNHLYzQxAyZYN1y7MVKmjxhn8QnyMWH
J93Difd8Nya2C8ii3kjnbPyZEVKPTGu1KXaxe5wRghHd
SKULLV13rVNhZadHCZA2SMRafy6fYRvB6weKEQj3JYY
7P4Bb1pCMuYNveYhg2j445cmTRCEGp2eAAtBQUv7Jz89
73tF8uN3BwVzUzwETv59WNAafuEBct2zTgYbYXLggQiU
3cThpUeMfAAA1g7gS9UcHmexgkEEdpEfP1Y4eej3AiYB
EZsxgTx6JXqZS34sDynrFkKD1Q64Eve7AW8FjawFfovV
EKjWiFtfRhyguYKahovGivMPuPbAFS51Mvkowf4HvRjL
FHDHmsEMhtjRkAfqk2zhXZ33fdx6r1waNsTKqQDNiEzo
9LAogbfHVtgX2McBuVERrgyiYUijWzhCrRfMybxU39qN
2RP82osoJ8QKLa67eAZELWkqCJbAK6iK42E4SLytpsd8
LofZprtuhVsZbJsPbzVq9TmgbYY9d2YRjNZ2ygJEbym
