Transfer 1 tokens
  Sender: AQFP6q2hrrTpr9ZQsyKySuY4RCyBXLpNH4ExLP8uWuFV
  Recipient: HyJGn2q8vgYCH6urPsQXwxu6W5DqecVvBNTMU5RnnWrW
  Recipient associated token account: FDPz3bknnyjARJqwkcCm6xX1VB228rbXdXBAN4TwsAhF
  Funding recipient: FDPz3bknnyjARJqwkcCm6xX1VB228rbXdXBAN4TwsAhF (0.00203928 SOL)

Signature: 2XDXJk1E6UcCYmu2ktc8N5VWoy4kXKd1dy7rKEJhyBdQS97qi3crk1jMyj1VeSH5WuYwFktkM1N1MfrAjbNyeqwc

Transfer 1 tokens
  Sender: HBu8AugvWioMSnUzmirnAwVSPoY5TMCacEZS2FToWumL
  Recipient: EZoXYXVkRZVKuryGLRCXhnhykHgouKYKoxpoQHd9MQT9
  Recipient associated token account: 5GwZZZF1LWYXhjtHotEhbabHA46CsJzrVqQ3mS73xgNW
  Funding recipient: 5GwZZZF1LWYXhjtHotEhbabHA46CsJzrVqQ3mS73xgNW (0.00203928 SOL)

Signature: yQJ5dW5CAc7g5RMP3V9XvZ3bpp14dVCfwjRhE63zcPPrS3CLfkEgN8tCgWDS5Mx7MAiyC89tuHDHXz2FxHcNNkP

Transfer 1 tokens
  Sender: Geytkxa7UfWJcyBhq6Sig9JYUKjq7DAwzxNaPYtQAyCU
  Recipient: GzjpZ3LMWMMcvuAHUWT6tPnaHBVNpYQL6AufGqHmGndW
  Recipient associated token account: 4xzWuMW2zvrWo747EJrN6LZNe5m5cfWFCRujGLj2ay3R
  Funding recipient: 4xzWuMW2zvrWo747EJrN6LZNe5m5cfWFCRujGLj2ay3R (0.00203928 SOL)

Signature: 3ha5g2KKwSCCZK2j11732iKhQ6EySXrzDjyeSt6YB7qrTRVLERdL7oXkkwziu3Wc1g8ADyBHyZKJUS7mp7hdTEkg

Transfer 1 tokens
  Sender: 8yWTsmUFofdgK6efkjS2LcQbZKSe31odNsDx9o9XtbZP
  Recipient: AMrDYQ13AX88WCB7puwTVu6BEbg6rfFd2FYSNP8NhX6m
  Recipient associated token account: 82ouiujcyULbfonu4qkNr14CAxrHKrkhwnddtpiDN5WB
  Funding recipient: 82ouiujcyULbfonu4qkNr14CAxrHKrkhwnddtpiDN5WB (0.00203928 SOL)

Signature: pcVcV3BbBHHsb7BLRL2hc4UfkF33ygQDEm9ewF9F2saZ2pnzZ3CHwMUvkMG6tcx5x4ZzLWFEnWQbLJ4D1BWM3Vt

Transfer 1 tokens
  Sender: EmXF3wAA9BwWhxrMNhMjNuzSX27ZghGETcpMui6UdPnV
  Recipient: 91briqxf1kWBeVfqGvcytwm2omo6CEDCpeSF6NwFx2w8
  Recipient associated token account: CChpGjyxvw6GtimosXBJMaVSNnE76YPU5zXQxhPefa54
  Funding recipient: CChpGjyxvw6GtimosXBJMaVSNnE76YPU5zXQxhPefa54 (0.00203928 SOL)

Signature: BfT8RWRQPVxCTXcFn7fPawuWMXswwUsGLVj6HBqFRPtCMeo5kXdzTnYaveuM6KvWgwfTiatu4di7KsskATpE6iR

Transfer 1 tokens
  Sender: 4szFZndZdrCQnnfCTrRoSdwyqxqZQHAzmDNbg9c4tkA4
  Recipient: rMjHEPkW7J1PF6Vu1ztdvRofKNWaP3yoSAXbkNdY6ML
  Recipient associated token account: 6q7og4iUzKT2sUUY8DKuRrwTdyCnpseCNKr3hvAXYGky
  Funding recipient: 6q7og4iUzKT2sUUY8DKuRrwTdyCnpseCNKr3hvAXYGky (0.00203928 SOL)

Signature: 31Z1LMTMWt6ZHdNaj7Njt1iqicUHmYwMnuMUrfuiB1QjmPiMpxjLtveRT7rrCM5weDERcxjXTqrgDVfRJ1nYe37H

Transfer 1 tokens
  Sender: 3z7zpx1nsQ5867C28UFddw2D8rx7r3DjCKAYDeQHhemd
  Recipient: 5EhvzizkQZW3ADDc59jyVqHdEKgb3u1AiAuCFJLwvYdj
  Recipient associated token account: 7hbSB8CeyVmp6A3w3ZxdBGrLaeH7HbDyEtsyR9eLTBsd
  Funding recipient: 7hbSB8CeyVmp6A3w3ZxdBGrLaeH7HbDyEtsyR9eLTBsd (0.00203928 SOL)

Signature: 3FyqbFum8NrdQxdeptY9AW5n8HJZiL1d31zh8rH2gYwxBgGNj7EkHQwqo58FuTamSUXNdFU4YMFiuKoWwDpAz1k

Transfer 1 tokens
  Sender: FP8Ku8V4ZtLQDMihxBTJWjGRLofUdXAkFgevomV4EVD1
  Recipient: Pww1ohVqQrmaHKPeYwaVT5pxhQxJex3vhM4M5ocsLUu
  Recipient associated token account: 76vafzvbeJ3yqWDTwbB8oPWHAgBXS9wko1tAjeQxHC9u
  Funding recipient: 76vafzvbeJ3yqWDTwbB8oPWHAgBXS9wko1tAjeQxHC9u (0.00203928 SOL)

Signature: 5TX62oCmbxqf19mgZCshdLsgRNQ9v7D9YszfriyYRoHukDwhUn9xzscej15F87YbR1KjJYhVE1iM3JXUv1ede68W

Transfer 1 tokens
  Sender: C2ADD7CiqyYQAFWU8UipogUFMj6VSCBzxgyXC5nYHUNt
  Recipient: AE3SPA3rjyzxQF7nZTdnev1Uy7rqJxZLqXQLzCkti3qE
  Recipient associated token account: J69C1qawRuEj42uRDEi4p2Wi5QgtHt8GcteqYzxcURLb
  Funding recipient: J69C1qawRuEj42uRDEi4p2Wi5QgtHt8GcteqYzxcURLb (0.00203928 SOL)

Signature: 2YR74FEr27qwgiurWTAFqRP4JmssB7bAkRfukpsLTG5cgAFyY2eUG3cZg6hyRdAcHnP7pAcDCS14Bfh3xRfVyDxX

Transfer 1 tokens
  Sender: 3QKKJU3tU2joXYZkACTG9gRsA6Uq75ffr177obVqkEqo
  Recipient: 9axor341ocvRehGBuiiE5Dq8T5HhuoCgaNXdBhELhiPp
  Recipient associated token account: D72NWKddVbsDGQ335Cut8U2vQNvUtNrPUfy6Dweq5Bqq
  Funding recipient: D72NWKddVbsDGQ335Cut8U2vQNvUtNrPUfy6Dweq5Bqq (0.00203928 SOL)

Signature: WD9HxwGfK7PAemy8qTMQnUDKkEF4T7tfQnxh3f9UfWven33NNCNZyiHgMawzyYrM5q4v6wAKHMAPyEmAgzjekMd

Transfer 1 tokens
  Sender: 9tvguQwXt5b8smRrj9r9m5HDcmvbjoDTQWpvJ4MzaDY4
  Recipient: 2vhNMJt9fhQs7f9YQubaS1MpCuUdx9o8zTwqxzkfcLof
  Recipient associated token account: 83Hn7ZSaVEC7uxMLdiU9CysWb3ZinakMrtwGgjmcN7MJ
  Funding recipient: 83Hn7ZSaVEC7uxMLdiU9CysWb3ZinakMrtwGgjmcN7MJ (0.00203928 SOL)

Signature: 4MCRpW3zDWgYXAkbVnu2Z2z7NxRJwNgA79X9J2DVmv66xXgR3YJCY4poxrTzkTYe6Am3WjiGb6715dcJVbKm9nm1

Transfer 1 tokens
  Sender: AoSJo77NNaGxhs2v2CUfNMnAuYfFU6YkMMnTNjundSHm
  Recipient: GUD2WPQ64wBbYGcGAXjsSD53S66HoKHjKmgz5kM6V17f
  Recipient associated token account: BLDsWotG5WxSyuTqEvgNeUngH3mBUrhGS6xniZAs31pS
  Funding recipient: BLDsWotG5WxSyuTqEvgNeUngH3mBUrhGS6xniZAs31pS (0.00203928 SOL)

Signature: 2ixAKtYghfHXErbGJrNTkyk284HgJuH5EkUPoy6FhHfoFAUrcmLWktvQV65SZhfwjjsL1ZmecoZUs1ksEfQaj5eN

Transfer 1 tokens
  Sender: AVoRpmsxFPLjkB2cUFNpGgMwgCoxdvFYanuzmwRVo4dh
  Recipient: 4xJPxsrrvBoo1nqSHL1M9VknyEf7sKiCyybkRdttHRk8
  Recipient associated token account: C7QQ6XdvEZ6aHwhZyQx8WAhWhfWPqW9ePweDwrmNXoo
  Funding recipient: C7QQ6XdvEZ6aHwhZyQx8WAhWhfWPqW9ePweDwrmNXoo (0.00203928 SOL)

Signature: 3wzx9mrSeAyUzyCnvmQiC7bwe4PPi5HRtAJee7gqZ4PVqoxR4JZXm2QdE8JDN8XFZRFhaswMDzokmNVGzHiwnsVS

Transfer 1 tokens
  Sender: 6jzCFRRmVY3wUhhUMxKz8Az9vSP6HK4MYZDKSAExhw8P
  Recipient: BBcnpuGSbDbMhZHugVRhURmfdFWkieXskLyHvqcFMsbT
  Recipient associated token account: 4uJiaWEwcv2Kb6SFRbVtV25xFmsnKwF6Cr9dYPbk9Fr5
  Funding recipient: 4uJiaWEwcv2Kb6SFRbVtV25xFmsnKwF6Cr9dYPbk9Fr5 (0.00203928 SOL)

Signature: pt6d9tgFawfpzuBKTff9QXU4Ya9EecCfsGTN1epvvUZkYnVVjUbtMMZp15QvJr6ZQ5GmYLVMM6gDxPMX5BnTwUy

Transfer 1 tokens
  Sender: 7SJw95FkNfWtxc3U4tuxW4qG5XbWJ5LEF9E3rKbZBRm7
  Recipient: 9ymwqm6YBPkvFdHG6roafpS3scTPTrC4GYCot1hMv1ye
  Recipient associated token account: 2qY2dx65heYKHFs1yWyRdzW2Y4J4SDPyxPMHKLNAk8mP
  Funding recipient: 2qY2dx65heYKHFs1yWyRdzW2Y4J4SDPyxPMHKLNAk8mP (0.00203928 SOL)

Signature: 448UZgpXPyNHjU24izajeWSEY2rYg6q1hHNxaQobTC7M2q9Ypn5eyXsrHKRQcbJiv3GL4vb3DiHtpcxpEMhrdyTR

Transfer 1 tokens
  Sender: 6eb49gjATVx7jdkRPrDAHetvBvjLVLh8WGo4beYBtCov
  Recipient: XGFZk186maEp6FtE2YMHNXiY2c9kTkUu88ofnnBm94j
  Recipient associated token account: 8dpuLqf7LyiZZWJkYo5viVFL1ZCXfiEePSi7KEQT5x1d
  Funding recipient: 8dpuLqf7LyiZZWJkYo5viVFL1ZCXfiEePSi7KEQT5x1d (0.00203928 SOL)

Signature: VYb1iExb9SPcSFcsktuVCFPKxfDMysABhJM6NvZXwKYtSrjMZ8WioFCdqgJQspayE8NcNmbpXHmtkWGNQ2NobNR

Transfer 1 tokens
  Sender: AUrCX6EZpeNYxEk15aEqQqcNDp3QBC9tQLEzgysonUis
  Recipient: 8LWMNNGMo7FgZwbpzRnBJ6g7AqTjn9TFbBs3rMANYXWT
  Recipient associated token account: EUCoWDsTrFLqUvaY3RQhUEKP229z26zTWRh7iMtWFfmg
  Funding recipient: EUCoWDsTrFLqUvaY3RQhUEKP229z26zTWRh7iMtWFfmg (0.00203928 SOL)

Signature: q5xkpfCzi2C9Yk6vwM7yfZFVvx2wdfarka6jT7h59sdfe5xk5N5ZcfDANKmxY9b2nhu6um1fHyNMUADpuyiDXyq

Transfer 1 tokens
  Sender: Dfy6qGxukukeJKxLbeHnSaHp4FwznXQFFtcJunmXXjS6
  Recipient: Hofab1sc8BVC5LwPZeRqbdniBm5ypX3kWjeRUQKTXd9h
  Recipient associated token account: 593KdVqxEjHLgHDZvF4LzbQ3gS2WsrbKPnhX7AwZMW17
  Funding recipient: 593KdVqxEjHLgHDZvF4LzbQ3gS2WsrbKPnhX7AwZMW17 (0.00203928 SOL)

Signature: 56MJFUmbY1ri8u3yAWTPXJh8pL13Wqmi5GxXLCGd4QMxGkTqYtS8JSyuTzUNDu3p6GGc1ejeEHK5Y3jHQgtqi3F8

Transfer 1 tokens
  Sender: GrPjF8FBsfibSbg29YJubTdvr5Qix9PR7LnUXPvzcWCB
  Recipient: 4cKqqwoADnQVUAapaq1CrCwpBwbvCSohZPzB8aHooJjk
  Recipient associated token account: BX1bxHGGjfVVEub1xkAUZeTdTJ2TVBQ9ecDu4wCBtWP2
  Funding recipient: BX1bxHGGjfVVEub1xkAUZeTdTJ2TVBQ9ecDu4wCBtWP2 (0.00203928 SOL)

Signature: 5BWA113xqKU8BNAph7retWap8t9W7pNMyLdwru5GeDWm4S8TaQq4314d9fhMrKkdduYwX5zVBopUSxvefnZ3wbGD

Transfer 1 tokens
  Sender: 14JwEcrSacbi3wzcam4pevu6ecpPFoGn5eGG4UZSPX7E
  Recipient: BBcnpuGSbDbMhZHugVRhURmfdFWkieXskLyHvqcFMsbT
  Recipient associated token account: B7mwDwySxEVgoQXvVXyDkdNALULtK93Mu7sunk688Wiw
  Funding recipient: B7mwDwySxEVgoQXvVXyDkdNALULtK93Mu7sunk688Wiw (0.00203928 SOL)

Signature: 2EGajdMoN7KFDqe16UnvME2vX2uDPisJo1Ar8zCq7qp4KH26aYubm9iH5LBCoMxwKaJz4BhPsAq5qHE5vBnVXNGa

Transfer 1 tokens
  Sender: 6P38xQhyn9D4msaTXhQbE5cYcEoWi6fycY1w47Ttc3WN
  Recipient: BcwzmAJunqVo7M9PHuUn3srQJX73bd9xr5fJseCDGAZm
  Recipient associated token account: BEmSsrdarxJT2UZudZczMsAiikEAWNuASKfTsQWcK2Fu
  Funding recipient: BEmSsrdarxJT2UZudZczMsAiikEAWNuASKfTsQWcK2Fu (0.00203928 SOL)

Signature: 26MTJDTbbmbN6K38YHsVka62x2p84DM5XJtYw5NT5P3n7XmYs9TbWDZCxZxvJ661mAPEh1vUcGXeaQyJq2nJs8pZ

Transfer 1 tokens
  Sender: Aszju6KNx9eR5BzYa4JHUJFXqDR913ajgEa3vP1wMjzk
  Recipient: BBcnpuGSbDbMhZHugVRhURmfdFWkieXskLyHvqcFMsbT
  Recipient associated token account: FYx3vVvriGvMhm3NZ42SmJb3m21EzkrztnU4xdnthijx
  Funding recipient: FYx3vVvriGvMhm3NZ42SmJb3m21EzkrztnU4xdnthijx (0.00203928 SOL)

Signature: 5pBCHdmWgNTt2RyhjBMrqHReaSooe5ArE5JQGUypXEfzGFQM7vMVG6tg9YKf3HFoEax7kdc6fh1cLBS4JvxiW8kW

Transfer 1 tokens
  Sender: CaFvTo2STs6Li9FDz2CmvkoMCJkLVreVvjdY8xqbmzC6
  Recipient: ANku3SWp9vX8bHfQEKnjnw29t5HGkxA4fMXxzcERQDgu
  Recipient associated token account: 3aYFVwc6qokmdNe1SJ1NvQ8k4t5YwtMwuMMRLfHnxTsK
  Funding recipient: 3aYFVwc6qokmdNe1SJ1NvQ8k4t5YwtMwuMMRLfHnxTsK (0.00203928 SOL)

Signature: 3rtc4LHo879PqBA4cANjKCdYjyaQEgBZW5s3fx3dycY2RacfpbRsoiySviuGoV4W2BaBzUyQke6U7D9H7d3zjTqT

Transfer 1 tokens
  Sender: CRauHgmzb3s5HZQv1nXynZ9ovekqH4Qfoqnx7MFp5FbT
  Recipient: 47ZJRamq2rvTVxcFQFs2499ixJcmSXCKgb5FRnifYNsK
  Recipient associated token account: FrjobfKoaD1D6oNhLwj2YQVVJVe2ztRZRdrkKBushLTe
  Funding recipient: FrjobfKoaD1D6oNhLwj2YQVVJVe2ztRZRdrkKBushLTe (0.00203928 SOL)

Signature: 5uX5WUzEWPidMYhheqFDrnLPexuEkooVjgUdj2TX9eJw5bG62KgbTigRBVH4sb6gyk51RqsTFYCfUQcrb82mChxa

Transfer 1 tokens
  Sender: FE9qUkjANiwDB1nrtDFFN1QspfiEDxBmfV3RGeVgwMqx
  Recipient: E4nDoRPHAJki7vcpExGKqMA925L1WBZD7Ap6rQkvNKFL
  Recipient associated token account: H2o88THixbGULcXE7Yo1GpW1n3WPNrBHc752D2zwwE86
  Funding recipient: H2o88THixbGULcXE7Yo1GpW1n3WPNrBHc752D2zwwE86 (0.00203928 SOL)

Signature: 4n7aqu9Kacazx3Wd4c8WeShuMBsFQ5JTwG1NwZXh9xMjMxx6qshJ3Ae2vpgi7jBfSj5agrS1Rbq6Htq2X7Mjxt3i

Transfer 1 tokens
  Sender: 54ZcG2C1KGfvFtWYZh1EbsU8LtWDnNPGFccUfVxX9U1Z
  Recipient: 7o4NoA1g1asZzi8D4fRPjVuDR6YkKGhLRwVbEFfmRWX7
  Recipient associated token account: wgDSheZXfQeEpzsudCKXkkvif4ENbRBNew7rvDC9AW7
  Funding recipient: wgDSheZXfQeEpzsudCKXkkvif4ENbRBNew7rvDC9AW7 (0.00203928 SOL)

Signature: 5Yu5Jv43gLiSFfEy9PuyoV2JiAgWzp3U9fwM263fequMfvNTGbyEULSLWio9CiFGq7Y6qeVKxZQsCiP4rS5Z3wgD

Transfer 1 tokens
  Sender: 4hM5rCaDAbwuuoQhzpFCsW2sWiSni9NcuhktwmdD3bLn
  Recipient: HuKHH58Y6ZoRnJMmvcoFKuH9iWpDGHXMQoNAc27oSR8k
  Recipient associated token account: HEm1xcKmvwJzTC1TdwLTjhpDohgNoEsqNR6pCmfapWZJ
  Funding recipient: HEm1xcKmvwJzTC1TdwLTjhpDohgNoEsqNR6pCmfapWZJ (0.00203928 SOL)

Signature: BcZR52UegKX5NR3myt5LeR6dDTx6oKqjTRATUaGTokuePjJFzJToowfsa3toxahKtxJHi5YQ5v9E3QvaJ1qQjHa

Transfer 1 tokens
  Sender: 7euLFjkL8AtpTUtuscAqdDhh1csifi23HR8nNwSpwywC
  Recipient: 5MsjUXsLZssXKgCS11uMRWB98kYJnp3261tV9iNg3i47
  Recipient associated token account: 6MkeLWqm9q9bvV9eTdQwEz6unypXKf1mX7FzvZCcM9o
  Funding recipient: 6MkeLWqm9q9bvV9eTdQwEz6unypXKf1mX7FzvZCcM9o (0.00203928 SOL)

Signature: LCudByBNowuWeLYUaZVaJJgeGR5Eq157LGwzyf9ZRoWZfuHTrdyR3JVX15yjqyfXC4TcWk4LFFeQDyiDEM2cbXf

Transfer 1 tokens
  Sender: 9uZehv5PbK7hShKvVFQuxVMN6foSmX4Zj1ygsa61fxHa
  Recipient: 8Nh6zfuhe5Ru4b6LybTh1HHmpgyVZrCQcZv58B6ofdi7
  Recipient associated token account: 7CZzpCG6VFJqAuwSzHvro5JMBiafHY263482NTEDZwJL
  Funding recipient: 7CZzpCG6VFJqAuwSzHvro5JMBiafHY263482NTEDZwJL (0.00203928 SOL)

Signature: 3dfAPqEdkqGAwBJXtnmKG5gnncQBakSQEP2PsAeuvyujq26xV8EiC7nzp5brdGasdNAro7ZFo41sfagqb95NCcGr

Transfer 1 tokens
  Sender: GikMvSKSvYBmd7vcZVHs44WTs9oLWLihMVm9KRLXKkVP
  Recipient: 97xAKp8FjyXkiYqTtYWN9ArD7KxTevzaCAo7VCcwLAsK
  Recipient associated token account: HonWMf9c6FFRSP8BnPGtfrw6zyTasJTL5FojK5QxcDVb
  Funding recipient: HonWMf9c6FFRSP8BnPGtfrw6zyTasJTL5FojK5QxcDVb (0.00203928 SOL)

Signature: 5jTnShW7Y4jP2YuHbv5BDbmoZWVYeKkeHfpZXjXRVZEjQwqQuocLQNvgXgGeptu89Gferg2R8D7eTx2yhVeLZoYx

Transfer 1 tokens
  Sender: 8uD22wqiRURBRcR8prDyrPbU29vcQ42QTXf9cBSd12Ez
  Recipient: SDKSoFaazRpPZumPvnKCweaPmJnsf51wwS5956KEJWJ
  Recipient associated token account: HWqG1VPfaCkCMThcjSZibTEkEoz8HWpJuLZ3uCRqbhg6
  Funding recipient: HWqG1VPfaCkCMThcjSZibTEkEoz8HWpJuLZ3uCRqbhg6 (0.00203928 SOL)

Signature: 4vSRUVUYwMueBtLTMobPxz3JnPx2m78x1B8VWTLdkgf3YzVh8wBgL2z13FvVVBSnYCo9xz4jbeV5NddjWoRKgqA8

Transfer 1 tokens
  Sender: X6T1mFiEJJcTCQCB8f7g8ykeXxXezBCrB63332AEyCj
  Recipient: Cm8cYtgtfyULCzisqUnMg68aqqi12PGZScouQfJRfrG3
  Recipient associated token account: HzWUYwEfGM4rvv44FKAG8RmoKzskR3wp73jHz1Rk5XSf
  Funding recipient: HzWUYwEfGM4rvv44FKAG8RmoKzskR3wp73jHz1Rk5XSf (0.00203928 SOL)

Signature: 3H17acuKwsaF6F6Kp8PSqfB4qziFpFrNgCWqxNwV46kz6PZfABH5wcMD6evEjBTsFJnDrGyipHSnmt46r8MQH82T

Transfer 1 tokens
  Sender: HHhmXqTCUfPFPoF3Br1GwNCYC6n35wreKNKfoULqLbo8
  Recipient: 3QTRD2FfM2niZmZH1SxS6iJCRFY84DTq599gzengTtxQ
  Recipient associated token account: HnKfyzonS5Aj9HbBEjmBVwMKzEqjQVmwkuwu9JcJyZex
  Funding recipient: HnKfyzonS5Aj9HbBEjmBVwMKzEqjQVmwkuwu9JcJyZex (0.00203928 SOL)

Signature: 2Tf43Bo7VkGsyMxgrbqk4Beou5eDFsg4C44W8rUVkZKCC9P9kfWRGtB9st2L7WubEJ18AGyNNoxr6J2gYwwzjYyc

Transfer 1 tokens
  Sender: CvUYxc2bsSc6yKk16qNTY5Tn4VXmHHBih4ZG3JmTiSMr
  Recipient: 51oET2dy4vCmZ1JMGYR9hbsvsLng1vcLD6z2AZp1uq1j
  Recipient associated token account: 47v3KV2JyTL1Ciw2iJKgYjd21ikbCMPNZ94PbtsHcpPW
  Funding recipient: 47v3KV2JyTL1Ciw2iJKgYjd21ikbCMPNZ94PbtsHcpPW (0.00203928 SOL)

Signature: 4jsNuupBpvZnjcRwvDkjHRtUnveaKFfGybWcmLq4Ggo8AEAKYKNHixZRBiAvwXeLuFUmyHvamMg1VJpwzn2uvbFk

Transfer 1 tokens
  Sender: wJsuRMRUtEwGoHZDokZenFgSg3CrqBX85oxZRqYKttu
  Recipient: F4XZQ9KqoHx2cGYjrJb5HMPp2i9TVRZZ8cxcmjGonxkm
  Recipient associated token account: 3P8VV94N2yT1bS6QLGf5havYaxgM3hAQPpf31dcooKeq
  Funding recipient: 3P8VV94N2yT1bS6QLGf5havYaxgM3hAQPpf31dcooKeq (0.00203928 SOL)

Signature: 351FYb6DJFxjboDjDK3ajBJhD3K3YacJMUfgi6kBUYcSa16MrWnPiKBD9RqTyQB3gSgn1mPG1pmdNN2hB8k3mAvZ

Transfer 1 tokens
  Sender: DFvSsradQe54yoARncZK3SmE3izZMxTfymam3pve21Xb
  Recipient: 6NqrTWh5B1cDprwcU8RXyThc96Cjyy2VpCPpk6wRxdpM
  Recipient associated token account: A3ndnm51y9EscwkywWkA7Hoo6v2PuidxoVaZdmpjp1A7
  Funding recipient: A3ndnm51y9EscwkywWkA7Hoo6v2PuidxoVaZdmpjp1A7 (0.00203928 SOL)

Signature: 2in5rfbQs7EK1sQeoFohZhXzsYD37419bzezPpRJFyHfNQc2Tici8sjnQiHFGxkTb1y1CgH1Vxg74JbPSez6thtz

Transfer 1 tokens
  Sender: 9EGgW8TfQuBoe9ChxMt2Z5wuFDi5fPqx9GTppBF8ib5h
  Recipient: 9KJbbRm5qjnWBNZNv3Mhk2hEFqqDAYcCHuUPxnG7W64g
  Recipient associated token account: B8XtffRVAJKjw3RhQFvxa9D8fhbe8eEHqem5ogpmNMwU
  Funding recipient: B8XtffRVAJKjw3RhQFvxa9D8fhbe8eEHqem5ogpmNMwU (0.00203928 SOL)

Signature: Tp2bbT8N89bvCMWcLMmJHidADpxx8tH6tkVdX7ods2mrTv6AzbAJJ7Mj19CoA6e9F26v4UwcCXtKBjRWRtVqMMK

Transfer 1 tokens
  Sender: 6WtH1ypoKkxGPbB3Jnt4ddkZ9y6CaVXS37q44TQricRT
  Recipient: GNisgcTZZ2WS5PFAEkVUbFso3wNe22cjhmZiEjGcqeHD
  Recipient associated token account: 83whr1HWCHikQcmrpJQCC239GwW9EfvFZXtGVyzvKjCE
  Funding recipient: 83whr1HWCHikQcmrpJQCC239GwW9EfvFZXtGVyzvKjCE (0.00203928 SOL)

Signature: 4RYWYBNzNLezH71k8TXV1tyS2iPpnvvPqDD4K7brQ6vgNTS2nCXxQptC5h6FSbu878dNamR8rq2kZitBjMxLS6bZ

Transfer 1 tokens
  Sender: HWTHUiGB1fa8ueryvUgfsDWzdgXGfCQjE7QDH7WDu4C6
  Recipient: 7P4Bb1pCMuYNveYhg2j445cmTRCEGp2eAAtBQUv7Jz89
  Recipient associated token account: EArwknHSKG7k3XTYdJ8YkW8E7pN6Pn4KVR1VCjP9Bwaj
  Funding recipient: EArwknHSKG7k3XTYdJ8YkW8E7pN6Pn4KVR1VCjP9Bwaj (0.00203928 SOL)

Signature: 5RKa9Gc7xUJ6zUQsg1hAEpv4KgtVmC4XjiHYTL4Cj8THsJgN4ZTm6kce2CNLz4xXSMS8wUnDvk5S5JrqWJjB1bCg

Transfer 1 tokens
  Sender: HEATh9iFqfah51zHfYFeUCk38pz8aRv7WLaBThAr6c8V
  Recipient: Hj8r2JfHZTJPqQuz3GWCiu8sgAnYEj24f3eaJQhRerUf
  Recipient associated token account: AQKX7F37ehFAMhhZEzhYp4MPFxxGSaguLkLTpeED3zEt
  Funding recipient: AQKX7F37ehFAMhhZEzhYp4MPFxxGSaguLkLTpeED3zEt (0.00203928 SOL)

Signature: 5pc3Rj1bY2USEkZHaeXq4b13K5bd4fkjNgG5aWjRbrJmMfqwaAQZ9QzjodyUaSXZUj8igu77efHLccFwpX1efacp

Transfer 1 tokens
  Sender: FEjUeLQvfFXjvSpxxhbbNwMc37f2tYLNeVswxz2wXAB1
  Recipient: AeHmkgcz9dGs2sXrjEMrAcDaktUJyVTKknG3CQ9jKRyn
  Recipient associated token account: 66vTEHNg2oKk5JDRS2SP73oqGmkfpnA9L65Eb9fPC9XL
  Funding recipient: 66vTEHNg2oKk5JDRS2SP73oqGmkfpnA9L65Eb9fPC9XL (0.00203928 SOL)

Signature: 5vd5moPDpoDm12QHhLmzTaMHrAU3DptuQW6QvZpANqUj3mEyaoY6mDm1SrX31RskdkBFubNhdpEMyifBvDjkHvS1

Transfer 1 tokens
  Sender: AVu4sLDL7NAM9HC8Eze6zMoHr8fZnysN7pstiTNrcp7Y
  Recipient: BKZS9ci2HFDA72Wp3rPr9Tc8kTcKwLrBboNn1XdGpMFh
  Recipient associated token account: 7wWyefvCGBN8LaaFb8TxfcTyZFfzaLcEE8x3LGRQg19J
  Funding recipient: 7wWyefvCGBN8LaaFb8TxfcTyZFfzaLcEE8x3LGRQg19J (0.00203928 SOL)

Signature: 2tUsjanYMC4ZbCf2ku5tPuShDaZHsUmQ6wmdf2TAbM1UTDcGXEwmz5KYE431b1FTWzbxtMoAzXGj6gwPZKwDrEsv

Transfer 1 tokens
  Sender: Fb1aYmE9aKxgm5w9Fm4ush4v6gZwaUbtQj8NkXGWh7L1
  Recipient: AEUto3eFWHLAmmVRq3Vo2fmHXwte525jQGG6D7pN4RRd
  Recipient associated token account: 6nnpMncxc7iwnoxaGh7Ln21Bpn9jfR7Z9wDjcZSagFNY
  Funding recipient: 6nnpMncxc7iwnoxaGh7Ln21Bpn9jfR7Z9wDjcZSagFNY (0.00203928 SOL)

Signature: 2GDCHjAZzHGRJQNAhESdnhh6PFziRhSdmN6u3REwJRRT3gYpKbJ4g7HfRriTHGc4CyaKmgPCB6oiTjBPCh92xSV5

Transfer 1 tokens
  Sender: GKTps6a2nPJS549MAYzQBtdpaLWfRQBb9Gcd2AFzTNHE
  Recipient: CdXU3s7AFPSoqAdSq4fTXsDeTvgeiVv61kgSYDLDL2DF
  Recipient associated token account: 6qAxUyRKmAeE8kdVCiHTr5SGvDCcTZbsjctMyzVaZRb2
  Funding recipient: 6qAxUyRKmAeE8kdVCiHTr5SGvDCcTZbsjctMyzVaZRb2 (0.00203928 SOL)

Signature: 63tbHzqsZ7JBLZcTM98coyTj3sPGoY7HPXJtuaeWw9mFQtakr16jAHVkcmBGuVMPUZHEa8qeqUiXpwKn5f6wF1bi

Transfer 1 tokens
  Sender: A6puqPDnomftdqEtBjS1G2f9G7UDEuwt9SVnfBVzKc1X
  Recipient: 5nH4SNp9Hhigqmjd8spT6UyLKN8okssmWJ48uCGfWf3J
  Recipient associated token account: DVuYZPAbaai6qrfAYiE5b78GwWL3ufvgiVSK2Jk1Uom8
  Funding recipient: DVuYZPAbaai6qrfAYiE5b78GwWL3ufvgiVSK2Jk1Uom8 (0.00203928 SOL)

Signature: 5ZJzmhnFp1TtBJWokcvedjjjupZshdsJPjUp6A2nqurgWvKK6VdtSYVxUQsHZBEUZxG2WpMDHMQbUU6qQKdd7D3v

Transfer 1 tokens
  Sender: 29ZqQ9yWBo9u2GibWxvQVi4kFpNwDyTiZfGbLEEtwgZi
  Recipient: AEUto3eFWHLAmmVRq3Vo2fmHXwte525jQGG6D7pN4RRd
  Recipient associated token account: BjSMfgDfN6Hs7pJ6XNUhjW51s1GifrTu8PKZp6XrVcTL
  Funding recipient: BjSMfgDfN6Hs7pJ6XNUhjW51s1GifrTu8PKZp6XrVcTL (0.00203928 SOL)

Signature: 2gBDBwxXTNDVpjY1WSENaeyuSdZmyC7HntVuXsTH3Wu6bfnhxayc6NVfKXant7pUs91fxrexhSjzcZCXyJNkcLNQ

Transfer 1 tokens
  Sender: 5QsejSySCNJsadpvmEevWadTH5RLhKtdbLfZnxLEjQ2v
  Recipient: CUaSvR8G2LbutxGJMnW2vT74Yo568S1oUcjSDP57SajP
  Recipient associated token account: 7yM9zkgk3iAweqFzfbETqaCNa1xtqfogXZ7s1mevEA6U
  Funding recipient: 7yM9zkgk3iAweqFzfbETqaCNa1xtqfogXZ7s1mevEA6U (0.00203928 SOL)

Signature: 2MF9GyVUH8UwJCvRQFh4eWoiK2KXhnEH9y3DwH8cWpJC2gLWWaV8PbTn1rVL4c46paEo6Zo5bqHL6KE1EZSA1MC9

Transfer 1 tokens
  Sender: 7VaA9rc7zmLBq2bjxqtVNvuJh58nrHZtYDj5XuPDxvXS
  Recipient: 5STHcP4eV5wAicLG7Do4utEFjaELpBdS7iBJ1wsXF2uF
  Recipient associated token account: B6yAagjhEDfxPBmaqtPDZUQMvP3DeKJAFKDr21MTaMHB
  Funding recipient: B6yAagjhEDfxPBmaqtPDZUQMvP3DeKJAFKDr21MTaMHB (0.00203928 SOL)

Signature: 4pp2wyaxsFxqa7vbKkRZkoUbnjbKnnKDaTXg8njr31TX5abiMgfq1A4B3izEajz7Wpm85diD1n36PiND1osXZwX5

Transfer 1 tokens
  Sender: 9WbQr1XDfYZDseeoBzHPwmdSz3xP86nidQYorA1VdimZ
  Recipient: BJSXGMEpffDq9sVJm7Kj2qEw7aTJy2mQB31DfkKvAnpP
  Recipient associated token account: 9nbABde2jFXnfmmKf36eLxJDpkSWjgFAtPPH6f4psisn
  Funding recipient: 9nbABde2jFXnfmmKf36eLxJDpkSWjgFAtPPH6f4psisn (0.00203928 SOL)

Signature: EULz5K4SKmSVxLA4HzRPmVdBVhhzXbsNB1VYX7H8T49CMR4zF1tH72muYkeV9XEXCWNnS3QTA5eyo3QfJfks3Ue

Transfer 1 tokens
  Sender: 2AsYb6jD6JdS7f45uFxBSfVcvUV7KGwwF861LEgd7Pm8
  Recipient: 9v9D9kvePLBANY4Zx2PUzn75dHuQMMMcs7mZLYy3gMaF
  Recipient associated token account: DedSGbFP6kPUNcaQjTtsbw1GeYkwWiJFMeoWz1Pcrp6j
  Funding recipient: DedSGbFP6kPUNcaQjTtsbw1GeYkwWiJFMeoWz1Pcrp6j (0.00203928 SOL)

Signature: 4KuGcBqEojPf1oL2U7UdKrqvSi3jhmwXr7m6Lwjq537XzYAQcArsdyA9agDqRvp2rZcHDrf3xnbwabfGE8xQShsN

Transfer 1 tokens
  Sender: 8w6HZpZBAmf9cNvoyouuS3EZiYVvZjxBZNKXLQiCKEFu
  Recipient: 9T5HG9sttFQ1wfdgSHR81mWuHtMDEc8UN1g1zEPKENDy
  Recipient associated token account: 5SYJHgvHyRaj556F1PqpD3WZRQStXoFqcsum9TFd1baf
  Funding recipient: 5SYJHgvHyRaj556F1PqpD3WZRQStXoFqcsum9TFd1baf (0.00203928 SOL)

Signature: 3YLY3XWybHpRWsFBDha2EEy4KwQPHPWTLTE4biB75EbqRfLHUa9r9cZLakC8wLztsdg1nNEvCCuZoQzFVKDHNBUu

Transfer 1 tokens
  Sender: 32mUK3qVvq3WCgSEtSkAUZL5bfATvcYZJQpxcWp4ug4R
  Recipient: ELpYW4Wi7d3naA8KZJmBS5CumoGA7gu6hXhJacSRYasw
  Recipient associated token account: 5xzvuSzkrn9RRRY7KVBK59zjAbsjKspTvRuBPMsW8ubo
  Funding recipient: 5xzvuSzkrn9RRRY7KVBK59zjAbsjKspTvRuBPMsW8ubo (0.00203928 SOL)

Signature: 5CmjsZssxMHb131TJ4Nuguam8hZJVeA1iKiuQNo5oxREMF4MJQgfjEAoGBkUDMgc5a4Vqyi8NB44Zdrd1aNXivXd

Transfer 1 tokens
  Sender: 2gqA9f2JjMaBCUi683F9CAT2UPTDkAP8CJHcfdzhRQQP
  Recipient: 7cHn2hiG1vR3J8YA1TbrpnXvNkjwWmgPT2T9C8QnHoqv
  Recipient associated token account: 9cUwKTT6HnnFzFSNaMcJ5DwvvNo9fU6CmAgVEbTAiD1K
  Funding recipient: 9cUwKTT6HnnFzFSNaMcJ5DwvvNo9fU6CmAgVEbTAiD1K (0.00203928 SOL)

Signature: 3zSFCbaDmxD89d9q9AzrL2c85mMwqagmeDSg7JAbkiV6UyDiTRFcy1n92sSPDGW2Feryu951yrmNgLMmS9Sp9J6w

Transfer 1 tokens
  Sender: 5Y8mverqxgGAAgbEy1qjfA6Bu3aGQ8mwRkvGCmkfifsg
  Recipient: rMjHEPkW7J1PF6Vu1ztdvRofKNWaP3yoSAXbkNdY6ML
  Recipient associated token account: Fs7qaF1KpzDhNGRPVX3qFU64EV2YqSzQGujriErxQPin
  Funding recipient: Fs7qaF1KpzDhNGRPVX3qFU64EV2YqSzQGujriErxQPin (0.00203928 SOL)

Signature: wjq3MT4NQKmNtCcqV2DYjYNQQVJrKBGafqYGEJakJapaAkX2yLXNBzfWec538ca88sx57BACRyFkvVjUHGewwHq

Transfer 1 tokens
  Sender: 2wRvzq7eXrDiDJA9Stcf44vXU9Hn5LjSTgdMGnrRJKsm
  Recipient: Bhexjg8vWtuH77iMsQstr8DPsuk85JnU944ivVA1MmxF
  Recipient associated token account: EUheypY4jHVrQ9hjJueUv7WgMzj1Qn5UKk76RfEarkQv
  Funding recipient: EUheypY4jHVrQ9hjJueUv7WgMzj1Qn5UKk76RfEarkQv (0.00203928 SOL)

Signature: 3xZ2zRC5sxtuRwMxHFFExqNAQiJhHL5mHZSpJuWubXVmuRV3H7SYpTHmhHhgfxwVDLgkz892CNbAgBw74XSEdJMK

Transfer 1 tokens
  Sender: 5BMEvE57C8ysqkqdcFxVmyCUusTfA54jFaw57TWjx2bV
  Recipient: 97xAKp8FjyXkiYqTtYWN9ArD7KxTevzaCAo7VCcwLAsK
  Recipient associated token account: HsYsU3tQ53ApeBo7wGDjYX2QYJ8P45QvEJyR1Bx5tWF4
  Funding recipient: HsYsU3tQ53ApeBo7wGDjYX2QYJ8P45QvEJyR1Bx5tWF4 (0.00203928 SOL)

Signature: 31aZqHiEfxu2A1jKHcZsgXTmMzh28NtAV1C8hKNDsAsvV1qETKDR4b8Z3ykNEoNQBYh2roJnK71kYuVnhhr7R8L2

Transfer 1 tokens
  Sender: CYR1uaUNtLuK67NnXMnr1y4EhzC7iiZDQCr59SvupQE6
  Recipient: CY7u6f6TG8qPFxnng7LWAFHDF7zJX4jCBXiQLzgr3omR
  Recipient associated token account: 3QU2RN4vU4jx7imgFN8QEyDgeEYd3NNb5GEyQJemRh6r
  Funding recipient: 3QU2RN4vU4jx7imgFN8QEyDgeEYd3NNb5GEyQJemRh6r (0.00203928 SOL)

Signature: Ea8iBARPSDWJydbW9WwwQB6AQYABp2bRSkEG624DS72wdvcNR782esmq8HUBGeuxLMSLw6NYecf4y9T3M5dzq3m

Transfer 1 tokens
  Sender: Cph6U3McFznZCDx7rhzpg9M3no8JWhAAUPYWbK729WsN
  Recipient: 4H389fKsqzX1vHGDrtWDLUKLkcmMi4aJsA7srHwZto5r
  Recipient associated token account: HHDVZjgLhiFPvMtXRLZQv6cao87dGjDxqKrDfh2W8Y9s
  Funding recipient: HHDVZjgLhiFPvMtXRLZQv6cao87dGjDxqKrDfh2W8Y9s (0.00203928 SOL)

Signature: 4xFViR4GPZgduV5ceYArXUE6jNQruXdvPiSHCxJxBVvDQfLeL958PdPXwsbMwtTWeTPZv6R3NNxoa4zP8B5sk2en

Transfer 1 tokens
  Sender: 827sxdcKBKy87w9byDdigE4xELXo8sgYirYmgexVXdZt
  Recipient: BzNBbPBGkEa1qEcgBvgjkq9vHEXtqeQypxep8Vjrfnhx
  Recipient associated token account: ED7pFaD61CHxw9q5gPqeqXfyDdM3CRJz1E67cH7E18YU
  Funding recipient: ED7pFaD61CHxw9q5gPqeqXfyDdM3CRJz1E67cH7E18YU (0.00203928 SOL)

Signature: 3WxCQyjvmxvxuCnkcYV579jAEWZrSdRQzUq1PNat2beZPXj8uortpfBQYNWhANuD4YhYAgtkvmWnVTkenPgzVpPf

Transfer 1 tokens
  Sender: 45znVDJ7cnjoBoQB7nShoyuQB5p2u9Zyct1uwH2eLCr3
  Recipient: 96AKYCB8KZLEKkA3uHw1GpfjZsmwyFT1CXfH9sKz5LrW
  Recipient associated token account: CEAKaKQoo4bhVEBgovJWQ1tVfAyXCswtfEX64UBB1Bmy
  Funding recipient: CEAKaKQoo4bhVEBgovJWQ1tVfAyXCswtfEX64UBB1Bmy (0.00203928 SOL)

Signature: 5Buxk77KCYAMgeGk9CjxUxLwPXriXpza7pRSE5YSm7Pi9uBXsBeAWoaG2VV4WjRuDTZmxDMdDCBYjVjG11JgGHwd

Transfer 1 tokens
  Sender: 5v6aCdzCNag5rKjh2pP7M1Zn9jf555g6HCaSHcZh8P7n
  Recipient: 4QACNpjjsP8HjsGNsRVkz8jCZzEF7WGZ9FSHoRNLoesK
  Recipient associated token account: G5GWfxW3ebMoZwz13NTakgBcn6GGXSJTz1RDcb3y91LF
  Funding recipient: G5GWfxW3ebMoZwz13NTakgBcn6GGXSJTz1RDcb3y91LF (0.00203928 SOL)

Signature: 2TJWeTn5KgxYWt3AgPvSgGYVQuZ47RJTiFHFJm64M26WFer2TgDB9vE8MPE6bWMRXiihh63dVjjWpvkTCNEM3Cv8

Transfer 1 tokens
  Sender: JDQKG3Nc8qshTuisopbKKsrxXHUmMRFM1rSKC3VBY7is
  Recipient: 4CVLbLUcNUdoXkb7GhEJmoPgiiv7G6fistNWu4Rx6T9L
  Recipient associated token account: EJcUYNMRYBkzqFXCZrgno89C5Wc1opWf3pYLTkCsqgMf
  Funding recipient: EJcUYNMRYBkzqFXCZrgno89C5Wc1opWf3pYLTkCsqgMf (0.00203928 SOL)

Signature: 3EQ8WG9j71zSqKzPVmc9kAniwGiwPASvLWTY7JrVK8W1pmxwE99Nk3eXHwHLXJbgnPqmAYqY7fFRUni2LchPQ14d

Transfer 1 tokens
  Sender: AeZzyUpfXLEzshp2jrZzQsCuoAMJ5yr5U7yzGhFN422W
  Recipient: 2hTKwWfV2PxwKZABjcLeUyxGLsitt34DEbchJ88fwifT
  Recipient associated token account: 6tTwLBuvaYZyjeVCbGHnZ8zDmHBNuDF4KWCS2zwn5dW8
  Funding recipient: 6tTwLBuvaYZyjeVCbGHnZ8zDmHBNuDF4KWCS2zwn5dW8 (0.00203928 SOL)

Signature: 3uDCH6LJs95xonLr7Uhfo5jhyL9Uto2t2ziBBrAiZxxGyoKsn8czAddWr7yHXY5ssYjxHpqj5dkk1FYaxGynwfhX

Transfer 1 tokens
  Sender: 2n76BYkz5UNsZVAQrgToa86gEshy7os9CjYxvdp5Hy1X
  Recipient: Bb1PqVKh1TJL3FfLaxVrpcGopuXrUA3NpfNFv7VQSsn6
  Recipient associated token account: DffUjKmcWXY44A6mnYgq3udkpynwd6mMGtGDmbPkrjvm
  Funding recipient: DffUjKmcWXY44A6mnYgq3udkpynwd6mMGtGDmbPkrjvm (0.00203928 SOL)

Signature: 2ogRpukQ7USMLnP1zYN8tPYjMRysGZGmRq8zEqFszEuiktFtBGeE7HoYRmAGs2dfo5yfWg7QAUg6MQx1UUWmVk7f

Transfer 1 tokens
  Sender: F9KUrQ66phFppUTU4YmAkkTGHu1K7NSsYBuJGs77VXyP
  Recipient: 51oET2dy4vCmZ1JMGYR9hbsvsLng1vcLD6z2AZp1uq1j
  Recipient associated token account: 4oifdrW64UsAidKtHNsM1m7DyYzPrK9A7HpTefDLhcdh
  Funding recipient: 4oifdrW64UsAidKtHNsM1m7DyYzPrK9A7HpTefDLhcdh (0.00203928 SOL)

Signature: 44BwNvtDqxXHxBsYvcaumKpqhcZxVr3ZVmWxSwrJqpeskT1K7ovQFwH4ocGiy4q8kLja5SQzbZ5ZLTLKfKD4Uhqc

Transfer 1 tokens
  Sender: BYW8BCacdEKyEgsUD9Zd1Eq26kiHVee6pjCLvUy5wjfE
  Recipient: 9nF2vqusHupTTNgw3quL4f3jorvPdJ8VBPv3Uw1xt3Mv
  Recipient associated token account: GQam7pvqheKf2yiHuShgvQY9DmFK6NAMv7VmBJySnuZZ
  Funding recipient: GQam7pvqheKf2yiHuShgvQY9DmFK6NAMv7VmBJySnuZZ (0.00203928 SOL)

Signature: 4mbe2kGQ5oQbUojuZ1GGY6Goj7UhUXfaF33GHCJHQBotnQXyCrtPuvDyXKT9UXRgAByCYXqupsscs5EnBrwKSAMu

Transfer 1 tokens
  Sender: 5FbPzF3AXyMu6R65P7DEf8BpgsPCdXi4SkFVFYVh3tJm
  Recipient: 6dWYKwXPMgr9dbsWsE8FgsTHgHudFaF8vvaQTvYcHnn7
  Recipient associated token account: DJVM3zcNDucUnEB5vFnEK4KGHmY5nGjvDdVbfwHtpu9g
  Funding recipient: DJVM3zcNDucUnEB5vFnEK4KGHmY5nGjvDdVbfwHtpu9g (0.00203928 SOL)

Signature: 2ZRGLsvmmyDEszpvgjAbM1AZ6K8HJfedQ9gjbaJWucD6HhWrdqmhZKCqfawfBTgnH3QMETCXpPyasoHrfvuiZb9U

Transfer 1 tokens
  Sender: Dw4ZE6yxmruwxSNDq2L3RG7PfbBjKYdgaAgqLnkbRyJU
  Recipient: DWaAVXvNg9NcNUPLCwRbAhc8NVmFzSLPQCFuwkxgp9Tk
  Recipient associated token account: FDrwVj8zexmNkgVcxDqUoiVd4cTjdaSiste9PRNP8QQq
  Funding recipient: FDrwVj8zexmNkgVcxDqUoiVd4cTjdaSiste9PRNP8QQq (0.00203928 SOL)

Signature: A5Pcsqg755AwM7eUuCoCVSpskP3Gkf8y1qRxoyTrZe1Jr7UoHRpCHsv2jCVrLnhDxQEwwYeDMsgwtYa7cbzEBJg

Transfer 1 tokens
  Sender: BajSgxriea7FUdP2LaJqGcCGaPYVCNhMAcmuW9ZsL6To
  Recipient: 2vZMdHgryKfFtRm5sDnY11FkF2SrWx2QS7MVSXZmTajF
  Recipient associated token account: F5tZaNAZSGZLj14ZF1R6secvQdAzyor5zLHN5vBcUTSA
  Funding recipient: F5tZaNAZSGZLj14ZF1R6secvQdAzyor5zLHN5vBcUTSA (0.00203928 SOL)

Signature: 2haFiDCksVE9pgYJPFWazmNQSiCtY6aqqCxhHVfwYMR3BDQt3JeT4HmTEBcpoBBksX55yx5dbybTkWa1zL5rL2zp

Transfer 1 tokens
  Sender: 33sKrybpreva6poZUG6T7T75wPRCGJ8WiGjLXBpuUdsE
  Recipient: 9cQepRHEXLZC2F2ncuK9HY6b228dQ7HNCuxZatWZXsNe
  Recipient associated token account: VtFapc2J5QXUpMFhNAWfrQ8BZSCdmXBKJNyyhZunZR2
  Funding recipient: VtFapc2J5QXUpMFhNAWfrQ8BZSCdmXBKJNyyhZunZR2 (0.00203928 SOL)

Signature: VRgewQtgJFJJLzi6sG5kfGHtP1fiE7Mo7DNYNs1bSJini1AzpEgfxz8NnmcUr3Ze5dZk3drKUjWYPTCJv32A78f

Transfer 1 tokens
  Sender: 8EC7MUyx7av7CiCKmWDSaKVq1JC7QN2v4xXpuV56ruio
  Recipient: 73tF8uN3BwVzUzwETv59WNAafuEBct2zTgYbYXLggQiU
  Recipient associated token account: BeyWSqYXrf4ucZWYv6GZyJpAwj4izi6Pkm7Ykpm2vSGj
  Funding recipient: BeyWSqYXrf4ucZWYv6GZyJpAwj4izi6Pkm7Ykpm2vSGj (0.00203928 SOL)

Signature: eeRyQV4jCYVwJRhMEW7EM48FhjgRLPGM14VVxGLKtputeyZBwP1Eou2vbE8pzxirYQ2dbCa3BvqCCgrcxHCuEhM

Transfer 1 tokens
  Sender: 953A7q1gbhZLwpj467ebEyEpC3AWQr6kZXiCJqSJzu9L
  Recipient: FDJT2n4m69HcXXcFZ8ZVa1AMNpsQCq5QjUJDw49Bx4Ch
  Recipient associated token account: 4B7Qwp1xCLEZcHtGUVzG1RbiA6hnUJDy1ioWqzDSLt4S
  Funding recipient: 4B7Qwp1xCLEZcHtGUVzG1RbiA6hnUJDy1ioWqzDSLt4S (0.00203928 SOL)

Signature: 3D1TAcDVaGHVvC6EbucgfgaTguKEjRQChwdq85rYKMhyz63H65vhzPgZz3fpNxtNbu5CaRvmzPjg1v4fjfpUDeLM

Transfer 1 tokens
  Sender: AeN7tBhQD9V4UEpSeTYGzSJtYyWkf6zsXwFU77W71iSF
  Recipient: 5NeRMVmKVGEzsKS3MqiVS9iJb54hxGVNs96eAhz3afH3
  Recipient associated token account: BFVwgVo7S8jMQyyg2yrR7vcHynoBMEgvafvPWeqWyc9o
  Funding recipient: BFVwgVo7S8jMQyyg2yrR7vcHynoBMEgvafvPWeqWyc9o (0.00203928 SOL)

Signature: 4PkNQxeRZwyt4J6suxtkHnX8BC3BdqvqjSSnPA5dqFAc9XWeW8kCuzuEjRr9CjmNJfXZcdqUHFvonURaSnWbM1T9

Transfer 1 tokens
  Sender: 7RnrjjmcmxtkHoEL3aUtGEGLDet6cPDW6E8beKw62joA
  Recipient: r1QHFARyygf2xA8mTDekHmugyL9MiLfAYGwwuATRJuj
  Recipient associated token account: HPczk5MC6G5HfLH35he35wEh1ufzg1dzyGsMq4dzt73i
  Funding recipient: HPczk5MC6G5HfLH35he35wEh1ufzg1dzyGsMq4dzt73i (0.00203928 SOL)

Signature: 3ndJK5VGuy33BjNJbJdBGCJ9sgCLnjPAf2XgT538LRWGu3c7nhKhzPTdJ2sek5ZHMvLrt63hg4ifxYgkDobmo9vp

Transfer 1 tokens
  Sender: 3gbPRwg7AeGRmvveEa6U2cLcg4WgaJ4kBNB431kFXxsX
  Recipient: Fp7xAEnF9rAyoPeAJi56raDuANcBr3htaaMSDjej6ocD
  Recipient associated token account: Be6QYPcxPcx1MWrR6kvhmZgPrCjGPoNsXkxVRzNAZCax
  Funding recipient: Be6QYPcxPcx1MWrR6kvhmZgPrCjGPoNsXkxVRzNAZCax (0.00203928 SOL)

Signature: JwDA97PKjV1ozHXgnrMwjYKGAPmqzz51moNDdBiW5swH75dMEA6V7sKhVNVmDmQGBr5xyUNj9iobMZKKchHM6x6

Transfer 1 tokens
  Sender: FmLb1snATE6GrNkgMfUjtGuzHbo1hcQQqnz5LNmUTsWG
  Recipient: Cm8cYtgtfyULCzisqUnMg68aqqi12PGZScouQfJRfrG3
  Recipient associated token account: EspL5ALp8AXDoznAxi7zNcE5GSAEzD1vu7oQUQsUy5tD
  Funding recipient: EspL5ALp8AXDoznAxi7zNcE5GSAEzD1vu7oQUQsUy5tD (0.00203928 SOL)

Signature: 5qa4zAmuiXVWmDjDBWZ1iWWYvTwW1TQbBVtByFDTWXYuMRMXQ8VMTVE8iXG4qFUYqMNSKbLE3GXV36yRPndacqEN

Transfer 1 tokens
  Sender: 5yQoB7NkKZKm92h7Xfd8c5UdATXpAA47Dn7RZM8nR7DL
  Recipient: D46WdsQJHPbYxdMQJhkFf2AnqHSj9c3rQo2nKRQ2G1gE
  Recipient associated token account: HiVzQzvK5Dsus5yGD2Tbxwmr6gtafxnxR1DPHZUyckNc
  Funding recipient: HiVzQzvK5Dsus5yGD2Tbxwmr6gtafxnxR1DPHZUyckNc (0.00203928 SOL)

Signature: 41NDyyE4kjgg6a84GdkNS82ZrkaHhAE7U4LHa5wpFBKPBiQHtzM7CnGDuEjctUfzKw8mddDngqYtsDG37TKDKTmK

Transfer 1 tokens
  Sender: FJXHJ8JRJNnjo4gvumz4rXmJB8SuhjBJsRAWq82tXiu7
  Recipient: H6ewEQKqUYhPFNBUBjKugH6MNgBzWFoJ1U5fiVvyHDnv
  Recipient associated token account: Ctn5j6dVSrgZLbVL2AYzsfBbmkAcsedbMh5P3GRM4dRm
  Funding recipient: Ctn5j6dVSrgZLbVL2AYzsfBbmkAcsedbMh5P3GRM4dRm (0.00203928 SOL)

Signature: 59EMJxyD9ze4HDvLL45nKHTLspGmLmYLNnezeYf9rpVSpWBpznW4GuoavzG9Ck7bwQ3bBmpLtTRoNDVdytMMsw5q

Transfer 1 tokens
  Sender: CUBPN7Ho5BN4nKYKVirfSkF64F6d6mfqDs65WzRQtacs
  Recipient: 8kX16Yj2WBCz1sPXcimafGrutQkw3s3Swe9sR3gt3cC2
  Recipient associated token account: H6ZRUKKKnMjmJkVABk3DHrEwy7pgmaZc9MMwp4pGna9b
  Funding recipient: H6ZRUKKKnMjmJkVABk3DHrEwy7pgmaZc9MMwp4pGna9b (0.00203928 SOL)

Signature: 3mSHVUuwHgDWmYVLSaGfkmdTf1CXmzFm71pigjpYue4KCDiMihsnGZknt34RUc4VVCEZ46FntCRRRrtFb9gSJVGU

Transfer 1 tokens
  Sender: 8K9qDMivwNLuDFqFL6EDcDRKs7AmwexmNsYLxN5nDuv4
  Recipient: ARhSfmS1cmLMtz7fEDPsxMFbJnoUQp1ehn2ZGd4T88a2
  Recipient associated token account: CUEshBgHxzjZKu1YxEVTq3QqvB6Hp52eR4UnWhTpkBmx
  Funding recipient: CUEshBgHxzjZKu1YxEVTq3QqvB6Hp52eR4UnWhTpkBmx (0.00203928 SOL)

Signature: 2NgsZ3TsmBeUMENJzPmgweH1eR5QNTxCCc7RPapPr26G9F48SojBx44u9dRqE4meSMBgf1TyGaDbfPXbXhKmFvsP

Transfer 1 tokens
  Sender: 4KRhSUiq4ZM8PBKKWwrcXApjhWKz5T49BD5SudJW4KFT
  Recipient: DD14d6GeuU7FBN5c9WmgYkFzPsgRxBhtkQpYEPbLzTUF
  Recipient associated token account: 83nUgjx9SsNvoa3y6XVa1WYYwmwgEeXXLyTAAcpHJamY
  Funding recipient: 83nUgjx9SsNvoa3y6XVa1WYYwmwgEeXXLyTAAcpHJamY (0.00203928 SOL)

Signature: 5PsVNC55KFEeZM17MY54ieZQmZzoKJMekXDbx8ekjGvHBY2xfVswk3dUEYXCqzqGUPRREZcdhGKNhYTpj1PBDPHG

Transfer 1 tokens
  Sender: 5Xe5CMiU76WJq1izU9PTJEGDyQgx8wGnFnHDHZCcKmPC
  Recipient: 6nu8on7AWPsW9PPZE7ULqcqA2keM6gPH5u8zEy132jd4
  Recipient associated token account: 6efXaPPSyPpQHmqi5tQJsN7kp17fas3bgepWG6BFCBGY
  Funding recipient: 6efXaPPSyPpQHmqi5tQJsN7kp17fas3bgepWG6BFCBGY (0.00203928 SOL)

Signature: 5byAvA98PKRk2dAuypgyCDJj2xYgtcfDLvVTjK9rrsmKbbFWAxA2V2bmHFqvvXFS1xTQWicW77fpKKii9jsro89z

Transfer 1 tokens
  Sender: EtWv7aGAyp1KdpdSWXHy32YDgkj6fuCdRMqog43FvCM1
  Recipient: FHoe16tCF1QuyVKJkPeHiDbB5DNZHpgYewb2w1Ha81NY
  Recipient associated token account: GbJyTZteftBvRvPnH7sBmZvrbW3tuszGQceWsE3GZkx1
  Funding recipient: GbJyTZteftBvRvPnH7sBmZvrbW3tuszGQceWsE3GZkx1 (0.00203928 SOL)

Signature: 2thRZ9n6iUrJXYAF61h9dWG3o6DWgrR8K1qqghcvTcF9GCThuYKng419Tan6cSy6jUF6b53z8XQUB98VysBS1Ydq

Transfer 1 tokens
  Sender: 2NYntLcq7VkrC8Ma58LcDX2mzC6AWcgL75rmZbs219SH
  Recipient: FMpyNybU9kdX17qsiprVSDJYPM4XmZMgVDx5dhhJeMio
  Recipient associated token account: 2ioa3FHm2TUSyvhSKRzm4PKFwZ6PZSvBQ88M7zJKacP4
  Funding recipient: 2ioa3FHm2TUSyvhSKRzm4PKFwZ6PZSvBQ88M7zJKacP4 (0.00203928 SOL)

Signature: 51EfAswpr4KiEAMjyFBKBZomQ9Gy9gFHPxUnHhpwTA2H5DWEXqTHXXYkeKFE1i7ZEBQozJ3ciuhoTzSyACxYjqhL

Transfer 1 tokens
  Sender: B3bKQS47YUjSVZSCth5afHZDULmE5bLhvhxhjKivJc7v
  Recipient: Ci1Yh26YpzkLQvnbgh6H3fDmuwyj5GaxcJBLNNMocmy4
  Recipient associated token account: G5XYDt9yn5MKk7XRLewssqYFaCD3TUHhhrqdC6UjNrjr
  Funding recipient: G5XYDt9yn5MKk7XRLewssqYFaCD3TUHhhrqdC6UjNrjr (0.00203928 SOL)

Signature: 4qZuPaCiDivbpq5EnXCygXRHxU1PCM7ULsYcv1b33Dosjz7oU65y7KrYnT6Bzv4bzLPFPGCfMisANkJKriZPGor4

Transfer 1 tokens
  Sender: 7Kw7enyNKPTGs4GVEEY82S19W1WWHZTiuSSNA5wv8CHr
  Recipient: 5eBNi2JRMNzuusF3w1ELi5GWWUxRPZBnp1ZQs7hRqkbB
  Recipient associated token account: FK8hrCC5huJut7jbS61K7q5jKLVdF6Ai8kDCGTaNVxXU
  Funding recipient: FK8hrCC5huJut7jbS61K7q5jKLVdF6Ai8kDCGTaNVxXU (0.00203928 SOL)

Signature: 5Lh2v1pp1F7a7Cm9SN3wBvSt62g123mckyNgyZdS9c8cYVV7wdcANnG5SZSRYN1LwJvPLSQwbQNZKCXuVDrED9jK

Transfer 1 tokens
  Sender: 7QYe6HgMk7AEFtMziodVZUFBQKKmn7zDw748MyH2QpSd
  Recipient: 7mC95PfeHRNvgQh9hCByoNi3kzx5oRx3QjbdyrtvjiPV
  Recipient associated token account: EjP6n4H5eZ2BN5GGo5aruD86A9j3A6pTSLU93Jcefpb1
  Funding recipient: EjP6n4H5eZ2BN5GGo5aruD86A9j3A6pTSLU93Jcefpb1 (0.00203928 SOL)

Signature: 2kgYimF2TyCP53b5Q14q4xCkS2GfUqrSZU4FDbV9rbSj4MhjkgBx7RMw4yNeYc27U5dXwX5xNK3nDPtS2yVT5vFd

Transfer 1 tokens
  Sender: HF2CxkWY8qUgAiqqDZSuhYVzCsMNNvLHqKHyhAdinuRt
  Recipient: 2tn4ToRyMT8Mnh29AHcrixZr8GmDBUjBcSqpYdEuWoAU
  Recipient associated token account: HzQ7S3kkTV9NUc2x8jZyct8ZToH8ZSsh4aJUWL7skLtT
  Funding recipient: HzQ7S3kkTV9NUc2x8jZyct8ZToH8ZSsh4aJUWL7skLtT (0.00203928 SOL)

Signature: 5UWiGZo1fwoeiHtis7W76nSvxzS3M5emB4QjmCcuq8okuET5RMPsiNzeRbDag9vgudYrzzR5CobQL5HvRNY9PSc5

Transfer 1 tokens
  Sender: J2tA9ufD2sf561V9RCjsCv6BtWGGPMzUQRbVwPsySFBq
  Recipient: AM5mu6p1LhL2VdHx55NK7HKycahcvL5nYWMWsSQCbxkQ
  Recipient associated token account: BokrAaMn9tp1fD62gXjA2mdTj3fu6qGExVhFkkSuMaHe
  Funding recipient: BokrAaMn9tp1fD62gXjA2mdTj3fu6qGExVhFkkSuMaHe (0.00203928 SOL)

Signature: GnjMQzAbAJAfS1okuiAWR2aG8vGoy6nNmLsG98BUhoyc3PVwwNRUQFjbFhUZgk8Jtt4YAfL3nh3LoQJx6y1fVe7

Transfer 1 tokens
  Sender: 7Ut1kWs7X231HXaFEgdzrVoEisMr94zsuHCip6UARTU
  Recipient: 9X7kSbT9Wuu32C9nzyGbsvYt7EqGbRMgwWhBCBAMwfYF
  Recipient associated token account: EdkrUUQjRY1DfSD24jQujweKpXrUCUq5C3a3baKWDV3u
  Funding recipient: EdkrUUQjRY1DfSD24jQujweKpXrUCUq5C3a3baKWDV3u (0.00203928 SOL)

Signature: 2miuuVE3y2AHbjH4SQ8km9JSNviYBejpKi3Cx7F7ikD4v23mgaMMHRMegPkhpqUGcuM2tCEZKV3oEXMs5vtNY5UC

Transfer 1 tokens
  Sender: DySSvPfk9gZW27x6apvDqmqsSzcjPAMpfTNTr54Y1Zcg
  Recipient: 7EtUMtEpedsvMHBAhLgwxxgcPJZB94T2cwHxaemWmy3S
  Recipient associated token account: CazupkA7qpLJ9s17GjxRHKUzAt71Hfor1LMPcsHME1yM
  Funding recipient: CazupkA7qpLJ9s17GjxRHKUzAt71Hfor1LMPcsHME1yM (0.00203928 SOL)

Signature: 3hW7KEYrhBhtgbBh222ocKjzNR58gsbJHowHx9WpLDhN5532n1ksFj7qmNxrAaVHVXSPCM3uXXHLEmKKdmXZBykY

Transfer 1 tokens
  Sender: 2KsmfVM78nvqYCfd1B7aTwjRqgYejdrCN587i9vvwgEV
  Recipient: 9v9D9kvePLBANY4Zx2PUzn75dHuQMMMcs7mZLYy3gMaF
  Recipient associated token account: 3pXsbvAe1ZpoYA5QacTY75D6cPvywBUcHTTHcreYkMVW
  Funding recipient: 3pXsbvAe1ZpoYA5QacTY75D6cPvywBUcHTTHcreYkMVW (0.00203928 SOL)

Signature: 3BaDxmTV6AxwV9gKiMjYeFnx4RTSRUKMwNumEqCHtUD8rgcssxjQ8gpiAZt4HUxudM5NN1VUf4BT4XNXaa83zGD5

Transfer 1 tokens
  Sender: EXouJDGDQHt1vj1D3naGResDksobadEA1vAK46JffkKm
  Recipient: 4SwDAKnt1ntsUKHaaM19jaajo9jV9xcHjB6ehwTtjkEt
  Recipient associated token account: 24TNVJuP7a5xcS1T3fRy2mYEpSWuVxWTsKAaLTZyRyjU
  Funding recipient: 24TNVJuP7a5xcS1T3fRy2mYEpSWuVxWTsKAaLTZyRyjU (0.00203928 SOL)

Signature: 4wZMYBVcfhkV389VeJJ2xVyTfrHQ2BJtbQWia3Txy9zxYRbKmmcbWYwE3NQhr1YA9GJHj64kz5PZXT2Lafo8CTC1

Transfer 1 tokens
  Sender: 3tdignHpzokCU6VPHECMonZopEdN7ZwCBf8xnbvKTccV
  Recipient: 5ssu1FQCAxLQZUbSnFXAuPn2eDaZBTWkc5QBChh2yxAa
  Recipient associated token account: 4hsuBMgUbibkEf7xwp1HqrRhwRsePQDSvBiko5hKpPQJ
  Funding recipient: 4hsuBMgUbibkEf7xwp1HqrRhwRsePQDSvBiko5hKpPQJ (0.00203928 SOL)

Signature: 2yCEUbYcTJqU6wtPLw5y2A9b7i6AyLF4AGtfWXUAE68g3cQwCqW8Lwu3ewFeYr6jc6JQ8EBhDNLwAhUwxdFjyfqo

Transfer 1 tokens
  Sender: HZzd3jqRkHXNa8akTMreh4Ry43VCaGjPeREfMjghddgX
  Recipient: B2xHAEupwfcGLvmrJZmrsAFdC4qoQRpoExjn9uZbDZyH
  Recipient associated token account: CqDBokcxHkDFaGp6MKbx6GzCZXbk19YZbh3z9BBTTA34
  Funding recipient: CqDBokcxHkDFaGp6MKbx6GzCZXbk19YZbh3z9BBTTA34 (0.00203928 SOL)

Signature: 5xDdubNnkWEvmp2XDZbM7WrCCW7Q7iTZ5ofgHpcuYC71K5DfQ9iJuGYvDWMWSwhhcbopb4oTqjAGyCTXCJ4mdbKo

Transfer 1 tokens
  Sender: Z36aZPTC5KKpnxiuVT1zro1frRH4PyPxq3iWURuJ1yb
  Recipient: 4iAiTV3YEZeJFt6Mno67ZWSDZmMSb3yRyScccySmhs18
  Recipient associated token account: ELPzufm2bTHjDDuTz5MyiXKSuj17fKAPxmDnPZWWzDhx
  Funding recipient: ELPzufm2bTHjDDuTz5MyiXKSuj17fKAPxmDnPZWWzDhx (0.00203928 SOL)

Signature: 2pHkN6SgGxJ6U7neaAvCEJY3V7QcZaYVyJ3983SR9HuyaCb5qow4wYv3wZQXKmrp4KbW8AnMXwPkgWZRxKKhsmZC

Transfer 1 tokens
  Sender: H72oXVoMgRqKXvcgMUY4Up8afTTjQBRrXjoYwxEMfqNA
  Recipient: 4cKqqwoADnQVUAapaq1CrCwpBwbvCSohZPzB8aHooJjk
  Recipient associated token account: DBVXqDDdwMdRv3rXFnb5BAZjDmTS3SFoHe81ZNKUV3YW
  Funding recipient: DBVXqDDdwMdRv3rXFnb5BAZjDmTS3SFoHe81ZNKUV3YW (0.00203928 SOL)

Signature: 45murUwLctBZdCKGBxoERMw5AnDMXjVghpXV2s77PkS7o87hTH3JM4iCZok1RXSu1Z6xugBKkoMcxZa5DU6r1xFm

Transfer 1 tokens
  Sender: 9nCuknx48aaNaEVA1GV4QGCHEKzATBB6utR8aNMsGji5
  Recipient: 3M8scJMMYJ3ngC9dNwgeJ4jYQ3FzUMdQYRNbp79txnS7
  Recipient associated token account: CEpMBNxi3xZLPMDGyJDi8x5jtuEB8TQnoyWaHVedKFNS
  Funding recipient: CEpMBNxi3xZLPMDGyJDi8x5jtuEB8TQnoyWaHVedKFNS (0.00203928 SOL)

Signature: MUozRNCiS5DQSqRCvsxpmQmgg7ckFUgP8M4fPbdB5anDoCHiKheYnGK8b9Sznwzhx1hv9zYjaQnoUDJhfStphHT

Transfer 1 tokens
  Sender: ChDZFr3bKNZWa4q9UZweGr8fP8hn4wLSjhtGmmSF97bT
  Recipient: 664JR3KZ3WSPeufnsypjNnHGJZ765HuwvHXzAwVqBRzE
  Recipient associated token account: EDjvQ4Vg5AxcvzKcQg3a2mkhWg1MMSMS44ef2WXoTtYz
  Funding recipient: EDjvQ4Vg5AxcvzKcQg3a2mkhWg1MMSMS44ef2WXoTtYz (0.00203928 SOL)

Signature: uuTAQRgVa618eBorZnKeMhVHsPq4JiminCXz2UNrEo4X3TA4sZzR5jbt6wwFHEPFJV4DQcsZwbXRemehrkx9ZD8

Transfer 1 tokens
  Sender: 3a3nR7Wjx3jdrJjTzL2SgQhQkL8Vh64j1cNJQeZjAX9D
  Recipient: AzLdjL7BWUVEGKqLFYspScK3j5XFZGU2kGsmWHhLBSzS
  Recipient associated token account: HLzjkotxTTk4k356YyqHUGyeaGpfeU4sxxmGJpXLNdWM
  Funding recipient: HLzjkotxTTk4k356YyqHUGyeaGpfeU4sxxmGJpXLNdWM (0.00203928 SOL)

Signature: s8Wmk6vYxM86MbPm5eMeWGcXLmmzyVLKFYN3qxmntxmgb2Mzqt5XA9M5qNNgCLZ6TausUkX8Qshn5xVFo1PF7Ev

Transfer 1 tokens
  Sender: 8m78yWdubVsE3QPdh8WN3syvRsvmJkBrnSmCFweLedgG
  Recipient: 9v9D9kvePLBANY4Zx2PUzn75dHuQMMMcs7mZLYy3gMaF
  Recipient associated token account: A4xqHBggRKNgRoz21SFTGM5qqFF4Rmt2fNjuKuu6r9NM
  Funding recipient: A4xqHBggRKNgRoz21SFTGM5qqFF4Rmt2fNjuKuu6r9NM (0.00203928 SOL)

Signature: G17vRCc1QHLbz5EeK7s2HKYAku8yYXSJX497K3PNheWtuPmdQa4Xmu6MrhDfC7MMyKS61wxWRZqvZq5s9jj8cPZ

Transfer 1 tokens
  Sender: GEDnnJzt7H6o9KLVcDu6buNXw9x2sVLbM9Z28EAj536k
  Recipient: 6Aa81K2N1ioXFSXcGrQ4WvogXNZtrkiqokwzoB3Pu1on
  Recipient associated token account: A6Anspkhq5DVFWmvmNFW72o4UCGW6dTL2HBgg3ALwgtM
  Funding recipient: A6Anspkhq5DVFWmvmNFW72o4UCGW6dTL2HBgg3ALwgtM (0.00203928 SOL)

Signature: 4t336JLAfvXTwPD9squFq58sPZKA96XH5zGEymYJxhBLTUS6END68qyb1BjEmoeD7pK4NsFMTQMnc9j6gJS3ZDg6

Transfer 1 tokens
  Sender: CyGjbMVn5Z53Ez1tvmArWPaWsPNH7QckQxcRvehnwxVt
  Recipient: DjDHfwShdrvgVJHoPeGX3a96aWrArhYPpgJvg39QmHJ7
  Recipient associated token account: ffsYnRXV8sjdTLRsYLDSmqQz5cXYcAXthVqC52FoyBr
  Funding recipient: ffsYnRXV8sjdTLRsYLDSmqQz5cXYcAXthVqC52FoyBr (0.00203928 SOL)

Signature: A3YKnV5RPvz7BggnMCLLauyfxBKVeH9QeBfYdKTxNCoDtnJLyBDZWxisrDa3p2xmYKuUjXCx8YD1B58t6HkraKw

Transfer 1 tokens
  Sender: AxSjJDcaUazcZPaKCA2KmjtpNfnEdgyFMdbHzKHBsajE
  Recipient: 6sVaWY7qmmNkwtpfoadn6EaHnP6cXsNH5uZisSQ3bENG
  Recipient associated token account: 25P2ZFjG9wcby8U5JW8c8T2GWeE6N8zWxauWPfTQQ43t
  Funding recipient: 25P2ZFjG9wcby8U5JW8c8T2GWeE6N8zWxauWPfTQQ43t (0.00203928 SOL)

Signature: 671dJYQrL91xmWvG4eVhp6vxFcw4XFuAfRWHLWBfAfMvaQTKhAgsskbYY4LbxCfYTiN5cRhv8eXGu1a5YnhbwXRJ

Transfer 1 tokens
  Sender: 5me4XWCG8iNwsbicaZycq6PzZo2dZG2rvioH5PMFNBgt
  Recipient: 9KJbbRm5qjnWBNZNv3Mhk2hEFqqDAYcCHuUPxnG7W64g
  Recipient associated token account: 7GncJhkprnvWUunN2xLTg9Sg9rokfGCkrYhB9GDN8uJB
  Funding recipient: 7GncJhkprnvWUunN2xLTg9Sg9rokfGCkrYhB9GDN8uJB (0.00203928 SOL)

Signature: 5PyhTfyNeGFRBCnS7ZbZkpA2GSFH3NigRq5a679TDSHL9LA5G95NsuA2WKhD71fREkuQ9BhsDfnavZUr4gdLBoY6

Transfer 1 tokens
  Sender: Hpb78arKTFDf6et37mFDD1YUofpmdNBqxJmRtvBKbXuQ
  Recipient: 95xfF9j7hA5megc7Qg8DGa3zTjhaTkoqWaPHSq1mFCz7
  Recipient associated token account: xRLmZsc1KCcUVQpJw9LVBzgRE89TqcFvXw2nxoR7wrE
  Funding recipient: xRLmZsc1KCcUVQpJw9LVBzgRE89TqcFvXw2nxoR7wrE (0.00203928 SOL)

Signature: 2T5Yzg2sraZ7kdbqjvxnBxKMMFFKj6N89kBUSZEtXS8N7shmTYm4K5U4LhWF989t5Q3tBnw7zGQdD33yxzFDgPWA

Transfer 1 tokens
  Sender: 87ei2CfdSHNTa9zWpxjsc4LTn4ga3jLwRMnMxVc4HGX7
  Recipient: 4aMSBRaCsa64CPQiruDrmESqTNXJzs7PLeaF7XWNVvL8
  Recipient associated token account: 55Q2Vnz5Gq3r2BYprD3dQEwRMeFEkeCw9vgwrearNDZt
  Funding recipient: 55Q2Vnz5Gq3r2BYprD3dQEwRMeFEkeCw9vgwrearNDZt (0.00203928 SOL)

Signature: 3cpLTiKHjWB2xKmEuEjUdewjyyhyyTNTRaJFDZeewyFACwtGadG3JiFrZFhKt9VV8NB1NpcirhzmZ9CUEoFjRPkL

Transfer 1 tokens
  Sender: AX3Ki57fbQMeLzM5bqtUkzLQkBX6SmXaEsV4758TcCVu
  Recipient: BParwtMqeWkzpe3P2Q7CiUXUgZdbfMPnCwQJ91rzo1Lj
  Recipient associated token account: FZ2cX3mFiqVtTdDxmGPSSueWuLo9EoHGRNKpLJ9v712F
  Funding recipient: FZ2cX3mFiqVtTdDxmGPSSueWuLo9EoHGRNKpLJ9v712F (0.00203928 SOL)

Signature: 57vz6HErvZfGk8c4Xd6YiYkk5neqwBeNunDP4pXMCHoMPVJGgHJt1woe9wNqpcPvoodAgEH4XmEYUpJrq52WZVxz

Transfer 1 tokens
  Sender: GtYgCCGWCNyc1UwDJJhf3uXWP8qMsFPfaaQ1GgndUSWp
  Recipient: CUEkEnnM3aSYrPa7bC9MZueRbhMWRrbQFsdosHs8G969
  Recipient associated token account: DShSxeVDBbZDcwyEDwmWeEU4TRNvr4EJ8JTTzwcmUchB
  Funding recipient: DShSxeVDBbZDcwyEDwmWeEU4TRNvr4EJ8JTTzwcmUchB (0.00203928 SOL)

Signature: 2AM5PipF91VubJJXyduTpGWyJwqzf2HyyjTK46nkVhSHrZZV4AmzZHAqNDCURgV5msciST3BSjn99icSSkzAcrvs

Transfer 1 tokens
  Sender: 3Xuco43Tsk2NY51wNvxtic5pCHW9dG71XVQGqPUkZLTh
  Recipient: FkpXJGKWbnWNjgnguzcnpqjtRJFK4U1u3QN1XeRufKAT
  Recipient associated token account: 2RgWXHwjqR544KuANMQRE2NmjJPScuDx6GvRHa2N8NJp
  Funding recipient: 2RgWXHwjqR544KuANMQRE2NmjJPScuDx6GvRHa2N8NJp (0.00203928 SOL)

Signature: 3LTHVxH1BWxyQB35tr77fHrdpTRngaRygaEBkveawUkWTfqyY6eCQUt5P6hPVbyqbQSscr3H4wwPLxjbEkqvX3eY

Transfer 1 tokens
  Sender: CGbpKs33TcSxy7o3CuudQrPsxJHMpY7hSU2nNjhE3BZx
  Recipient: E3uCNxXMRHD2ayCY48Kafwy55443r3p1EijT92ug26yd
  Recipient associated token account: AQFrvzhKYcVatTjAa5UtHBpw5PSAqB3Y4e1kk6Xtj2ve
  Funding recipient: AQFrvzhKYcVatTjAa5UtHBpw5PSAqB3Y4e1kk6Xtj2ve (0.00203928 SOL)

Signature: 4S8fuYDdF6FgvNZ1quqYBJrrVbh8jydBEirkQxANV1denwNgP8WPog2sScum1eJKnVXYLCS7NPAe14hNSivNRuWo

Transfer 1 tokens
  Sender: AQFP6q2hrrTpr9ZQsyKySuY4RCyBXLpNH4ExLP8uWuFV
  Recipient: HyJGn2q8vgYCH6urPsQXwxu6W5DqecVvBNTMU5RnnWrW
Transfer 1 tokens
  Sender: HBu8AugvWioMSnUzmirnAwVSPoY5TMCacEZS2FToWumL
  Recipient: EZoXYXVkRZVKuryGLRCXhnhykHgouKYKoxpoQHd9MQT9
Transfer 1 tokens
  Sender: Geytkxa7UfWJcyBhq6Sig9JYUKjq7DAwzxNaPYtQAyCU
  Recipient: GzjpZ3LMWMMcvuAHUWT6tPnaHBVNpYQL6AufGqHmGndW
Transfer 1 tokens
  Sender: 8yWTsmUFofdgK6efkjS2LcQbZKSe31odNsDx9o9XtbZP
  Recipient: AMrDYQ13AX88WCB7puwTVu6BEbg6rfFd2FYSNP8NhX6m
Transfer 1 tokens
  Sender: EmXF3wAA9BwWhxrMNhMjNuzSX27ZghGETcpMui6UdPnV
  Recipient: 91briqxf1kWBeVfqGvcytwm2omo6CEDCpeSF6NwFx2w8
Transfer 1 tokens
  Sender: 4szFZndZdrCQnnfCTrRoSdwyqxqZQHAzmDNbg9c4tkA4
  Recipient: rMjHEPkW7J1PF6Vu1ztdvRofKNWaP3yoSAXbkNdY6ML
Transfer 1 tokens
  Sender: 3z7zpx1nsQ5867C28UFddw2D8rx7r3DjCKAYDeQHhemd
  Recipient: 5EhvzizkQZW3ADDc59jyVqHdEKgb3u1AiAuCFJLwvYdj
Transfer 1 tokens
  Sender: FP8Ku8V4ZtLQDMihxBTJWjGRLofUdXAkFgevomV4EVD1
  Recipient: Pww1ohVqQrmaHKPeYwaVT5pxhQxJex3vhM4M5ocsLUu
Transfer 1 tokens
  Sender: C2ADD7CiqyYQAFWU8UipogUFMj6VSCBzxgyXC5nYHUNt
  Recipient: AE3SPA3rjyzxQF7nZTdnev1Uy7rqJxZLqXQLzCkti3qE
Transfer 1 tokens
  Sender: 3QKKJU3tU2joXYZkACTG9gRsA6Uq75ffr177obVqkEqo
  Recipient: 9axor341ocvRehGBuiiE5Dq8T5HhuoCgaNXdBhELhiPp
Transfer 1 tokens
  Sender: 9tvguQwXt5b8smRrj9r9m5HDcmvbjoDTQWpvJ4MzaDY4
  Recipient: 2vhNMJt9fhQs7f9YQubaS1MpCuUdx9o8zTwqxzkfcLof
Transfer 1 tokens
  Sender: AoSJo77NNaGxhs2v2CUfNMnAuYfFU6YkMMnTNjundSHm
  Recipient: GUD2WPQ64wBbYGcGAXjsSD53S66HoKHjKmgz5kM6V17f
Transfer 1 tokens
  Sender: AVoRpmsxFPLjkB2cUFNpGgMwgCoxdvFYanuzmwRVo4dh
  Recipient: 4xJPxsrrvBoo1nqSHL1M9VknyEf7sKiCyybkRdttHRk8
Transfer 1 tokens
  Sender: 6jzCFRRmVY3wUhhUMxKz8Az9vSP6HK4MYZDKSAExhw8P
  Recipient: BBcnpuGSbDbMhZHugVRhURmfdFWkieXskLyHvqcFMsbT
Transfer 1 tokens
  Sender: 7SJw95FkNfWtxc3U4tuxW4qG5XbWJ5LEF9E3rKbZBRm7
  Recipient: 9ymwqm6YBPkvFdHG6roafpS3scTPTrC4GYCot1hMv1ye
Transfer 1 tokens
  Sender: 6eb49gjATVx7jdkRPrDAHetvBvjLVLh8WGo4beYBtCov
  Recipient: XGFZk186maEp6FtE2YMHNXiY2c9kTkUu88ofnnBm94j
Transfer 1 tokens
  Sender: AUrCX6EZpeNYxEk15aEqQqcNDp3QBC9tQLEzgysonUis
  Recipient: 8LWMNNGMo7FgZwbpzRnBJ6g7AqTjn9TFbBs3rMANYXWT
Transfer 1 tokens
  Sender: Dfy6qGxukukeJKxLbeHnSaHp4FwznXQFFtcJunmXXjS6
  Recipient: Hofab1sc8BVC5LwPZeRqbdniBm5ypX3kWjeRUQKTXd9h
Transfer 1 tokens
  Sender: GrPjF8FBsfibSbg29YJubTdvr5Qix9PR7LnUXPvzcWCB
  Recipient: 4cKqqwoADnQVUAapaq1CrCwpBwbvCSohZPzB8aHooJjk
Transfer 1 tokens
  Sender: 14JwEcrSacbi3wzcam4pevu6ecpPFoGn5eGG4UZSPX7E
  Recipient: BBcnpuGSbDbMhZHugVRhURmfdFWkieXskLyHvqcFMsbT
Transfer 1 tokens
  Sender: 6P38xQhyn9D4msaTXhQbE5cYcEoWi6fycY1w47Ttc3WN
  Recipient: BcwzmAJunqVo7M9PHuUn3srQJX73bd9xr5fJseCDGAZm
Transfer 1 tokens
  Sender: Aszju6KNx9eR5BzYa4JHUJFXqDR913ajgEa3vP1wMjzk
  Recipient: BBcnpuGSbDbMhZHugVRhURmfdFWkieXskLyHvqcFMsbT
Transfer 1 tokens
  Sender: CaFvTo2STs6Li9FDz2CmvkoMCJkLVreVvjdY8xqbmzC6
  Recipient: ANku3SWp9vX8bHfQEKnjnw29t5HGkxA4fMXxzcERQDgu
Transfer 1 tokens
  Sender: CRauHgmzb3s5HZQv1nXynZ9ovekqH4Qfoqnx7MFp5FbT
  Recipient: 47ZJRamq2rvTVxcFQFs2499ixJcmSXCKgb5FRnifYNsK
Transfer 1 tokens
  Sender: FE9qUkjANiwDB1nrtDFFN1QspfiEDxBmfV3RGeVgwMqx
  Recipient: E4nDoRPHAJki7vcpExGKqMA925L1WBZD7Ap6rQkvNKFL
Transfer 1 tokens
  Sender: 54ZcG2C1KGfvFtWYZh1EbsU8LtWDnNPGFccUfVxX9U1Z
  Recipient: 7o4NoA1g1asZzi8D4fRPjVuDR6YkKGhLRwVbEFfmRWX7
Transfer 1 tokens
  Sender: 4hM5rCaDAbwuuoQhzpFCsW2sWiSni9NcuhktwmdD3bLn
  Recipient: HuKHH58Y6ZoRnJMmvcoFKuH9iWpDGHXMQoNAc27oSR8k
Transfer 1 tokens
  Sender: 7euLFjkL8AtpTUtuscAqdDhh1csifi23HR8nNwSpwywC
  Recipient: 5MsjUXsLZssXKgCS11uMRWB98kYJnp3261tV9iNg3i47
Transfer 1 tokens
  Sender: 9uZehv5PbK7hShKvVFQuxVMN6foSmX4Zj1ygsa61fxHa
  Recipient: 8Nh6zfuhe5Ru4b6LybTh1HHmpgyVZrCQcZv58B6ofdi7
Transfer 1 tokens
  Sender: GikMvSKSvYBmd7vcZVHs44WTs9oLWLihMVm9KRLXKkVP
  Recipient: 97xAKp8FjyXkiYqTtYWN9ArD7KxTevzaCAo7VCcwLAsK
Transfer 1 tokens
  Sender: 8uD22wqiRURBRcR8prDyrPbU29vcQ42QTXf9cBSd12Ez
  Recipient: SDKSoFaazRpPZumPvnKCweaPmJnsf51wwS5956KEJWJ
Transfer 1 tokens
  Sender: X6T1mFiEJJcTCQCB8f7g8ykeXxXezBCrB63332AEyCj
  Recipient: Cm8cYtgtfyULCzisqUnMg68aqqi12PGZScouQfJRfrG3
Transfer 1 tokens
  Sender: HHhmXqTCUfPFPoF3Br1GwNCYC6n35wreKNKfoULqLbo8
  Recipient: 3QTRD2FfM2niZmZH1SxS6iJCRFY84DTq599gzengTtxQ
Transfer 1 tokens
  Sender: CvUYxc2bsSc6yKk16qNTY5Tn4VXmHHBih4ZG3JmTiSMr
  Recipient: 51oET2dy4vCmZ1JMGYR9hbsvsLng1vcLD6z2AZp1uq1j
Transfer 1 tokens
  Sender: wJsuRMRUtEwGoHZDokZenFgSg3CrqBX85oxZRqYKttu
  Recipient: F4XZQ9KqoHx2cGYjrJb5HMPp2i9TVRZZ8cxcmjGonxkm
Transfer 1 tokens
  Sender: DFvSsradQe54yoARncZK3SmE3izZMxTfymam3pve21Xb
  Recipient: 6NqrTWh5B1cDprwcU8RXyThc96Cjyy2VpCPpk6wRxdpM
Transfer 1 tokens
  Sender: 9EGgW8TfQuBoe9ChxMt2Z5wuFDi5fPqx9GTppBF8ib5h
  Recipient: 9KJbbRm5qjnWBNZNv3Mhk2hEFqqDAYcCHuUPxnG7W64g
Transfer 1 tokens
  Sender: 6WtH1ypoKkxGPbB3Jnt4ddkZ9y6CaVXS37q44TQricRT
  Recipient: GNisgcTZZ2WS5PFAEkVUbFso3wNe22cjhmZiEjGcqeHD
Transfer 1 tokens
  Sender: HWTHUiGB1fa8ueryvUgfsDWzdgXGfCQjE7QDH7WDu4C6
  Recipient: 7P4Bb1pCMuYNveYhg2j445cmTRCEGp2eAAtBQUv7Jz89
Transfer 1 tokens
  Sender: HEATh9iFqfah51zHfYFeUCk38pz8aRv7WLaBThAr6c8V
  Recipient: Hj8r2JfHZTJPqQuz3GWCiu8sgAnYEj24f3eaJQhRerUf
Transfer 1 tokens
  Sender: FEjUeLQvfFXjvSpxxhbbNwMc37f2tYLNeVswxz2wXAB1
  Recipient: AeHmkgcz9dGs2sXrjEMrAcDaktUJyVTKknG3CQ9jKRyn
Transfer 1 tokens
  Sender: AVu4sLDL7NAM9HC8Eze6zMoHr8fZnysN7pstiTNrcp7Y
  Recipient: BKZS9ci2HFDA72Wp3rPr9Tc8kTcKwLrBboNn1XdGpMFh
Transfer 1 tokens
  Sender: Fb1aYmE9aKxgm5w9Fm4ush4v6gZwaUbtQj8NkXGWh7L1
  Recipient: AEUto3eFWHLAmmVRq3Vo2fmHXwte525jQGG6D7pN4RRd
Transfer 1 tokens
  Sender: GKTps6a2nPJS549MAYzQBtdpaLWfRQBb9Gcd2AFzTNHE
  Recipient: CdXU3s7AFPSoqAdSq4fTXsDeTvgeiVv61kgSYDLDL2DF
Transfer 1 tokens
  Sender: A6puqPDnomftdqEtBjS1G2f9G7UDEuwt9SVnfBVzKc1X
  Recipient: 5nH4SNp9Hhigqmjd8spT6UyLKN8okssmWJ48uCGfWf3J
Transfer 1 tokens
  Sender: 29ZqQ9yWBo9u2GibWxvQVi4kFpNwDyTiZfGbLEEtwgZi
  Recipient: AEUto3eFWHLAmmVRq3Vo2fmHXwte525jQGG6D7pN4RRd
Transfer 1 tokens
  Sender: 5QsejSySCNJsadpvmEevWadTH5RLhKtdbLfZnxLEjQ2v
  Recipient: CUaSvR8G2LbutxGJMnW2vT74Yo568S1oUcjSDP57SajP
Transfer 1 tokens
  Sender: 7VaA9rc7zmLBq2bjxqtVNvuJh58nrHZtYDj5XuPDxvXS
  Recipient: 5STHcP4eV5wAicLG7Do4utEFjaELpBdS7iBJ1wsXF2uF
Transfer 1 tokens
  Sender: 9WbQr1XDfYZDseeoBzHPwmdSz3xP86nidQYorA1VdimZ
  Recipient: BJSXGMEpffDq9sVJm7Kj2qEw7aTJy2mQB31DfkKvAnpP
Transfer 1 tokens
  Sender: 2AsYb6jD6JdS7f45uFxBSfVcvUV7KGwwF861LEgd7Pm8
  Recipient: 9v9D9kvePLBANY4Zx2PUzn75dHuQMMMcs7mZLYy3gMaF
Transfer 1 tokens
  Sender: 8w6HZpZBAmf9cNvoyouuS3EZiYVvZjxBZNKXLQiCKEFu
  Recipient: 9T5HG9sttFQ1wfdgSHR81mWuHtMDEc8UN1g1zEPKENDy
Transfer 1 tokens
  Sender: 32mUK3qVvq3WCgSEtSkAUZL5bfATvcYZJQpxcWp4ug4R
  Recipient: ELpYW4Wi7d3naA8KZJmBS5CumoGA7gu6hXhJacSRYasw
Transfer 1 tokens
  Sender: 2gqA9f2JjMaBCUi683F9CAT2UPTDkAP8CJHcfdzhRQQP
  Recipient: 7cHn2hiG1vR3J8YA1TbrpnXvNkjwWmgPT2T9C8QnHoqv
Transfer 1 tokens
  Sender: 5Y8mverqxgGAAgbEy1qjfA6Bu3aGQ8mwRkvGCmkfifsg
  Recipient: rMjHEPkW7J1PF6Vu1ztdvRofKNWaP3yoSAXbkNdY6ML
Transfer 1 tokens
  Sender: 2wRvzq7eXrDiDJA9Stcf44vXU9Hn5LjSTgdMGnrRJKsm
  Recipient: Bhexjg8vWtuH77iMsQstr8DPsuk85JnU944ivVA1MmxF
Transfer 1 tokens
  Sender: 5BMEvE57C8ysqkqdcFxVmyCUusTfA54jFaw57TWjx2bV
  Recipient: 97xAKp8FjyXkiYqTtYWN9ArD7KxTevzaCAo7VCcwLAsK
Transfer 1 tokens
  Sender: CYR1uaUNtLuK67NnXMnr1y4EhzC7iiZDQCr59SvupQE6
  Recipient: CY7u6f6TG8qPFxnng7LWAFHDF7zJX4jCBXiQLzgr3omR
Transfer 1 tokens
  Sender: Cph6U3McFznZCDx7rhzpg9M3no8JWhAAUPYWbK729WsN
  Recipient: 4H389fKsqzX1vHGDrtWDLUKLkcmMi4aJsA7srHwZto5r
Transfer 1 tokens
  Sender: 827sxdcKBKy87w9byDdigE4xELXo8sgYirYmgexVXdZt
  Recipient: BzNBbPBGkEa1qEcgBvgjkq9vHEXtqeQypxep8Vjrfnhx
Transfer 1 tokens
  Sender: 45znVDJ7cnjoBoQB7nShoyuQB5p2u9Zyct1uwH2eLCr3
  Recipient: 96AKYCB8KZLEKkA3uHw1GpfjZsmwyFT1CXfH9sKz5LrW
Transfer 1 tokens
  Sender: 5v6aCdzCNag5rKjh2pP7M1Zn9jf555g6HCaSHcZh8P7n
  Recipient: 4QACNpjjsP8HjsGNsRVkz8jCZzEF7WGZ9FSHoRNLoesK
Transfer 1 tokens
  Sender: JDQKG3Nc8qshTuisopbKKsrxXHUmMRFM1rSKC3VBY7is
  Recipient: 4CVLbLUcNUdoXkb7GhEJmoPgiiv7G6fistNWu4Rx6T9L
Transfer 1 tokens
  Sender: AeZzyUpfXLEzshp2jrZzQsCuoAMJ5yr5U7yzGhFN422W
  Recipient: 2hTKwWfV2PxwKZABjcLeUyxGLsitt34DEbchJ88fwifT
Transfer 1 tokens
  Sender: 2n76BYkz5UNsZVAQrgToa86gEshy7os9CjYxvdp5Hy1X
  Recipient: Bb1PqVKh1TJL3FfLaxVrpcGopuXrUA3NpfNFv7VQSsn6
Transfer 1 tokens
  Sender: F9KUrQ66phFppUTU4YmAkkTGHu1K7NSsYBuJGs77VXyP
  Recipient: 51oET2dy4vCmZ1JMGYR9hbsvsLng1vcLD6z2AZp1uq1j
Transfer 1 tokens
  Sender: BYW8BCacdEKyEgsUD9Zd1Eq26kiHVee6pjCLvUy5wjfE
  Recipient: 9nF2vqusHupTTNgw3quL4f3jorvPdJ8VBPv3Uw1xt3Mv
Transfer 1 tokens
  Sender: 5FbPzF3AXyMu6R65P7DEf8BpgsPCdXi4SkFVFYVh3tJm
  Recipient: 6dWYKwXPMgr9dbsWsE8FgsTHgHudFaF8vvaQTvYcHnn7
Transfer 1 tokens
  Sender: Dw4ZE6yxmruwxSNDq2L3RG7PfbBjKYdgaAgqLnkbRyJU
  Recipient: DWaAVXvNg9NcNUPLCwRbAhc8NVmFzSLPQCFuwkxgp9Tk
Transfer 1 tokens
  Sender: BajSgxriea7FUdP2LaJqGcCGaPYVCNhMAcmuW9ZsL6To
  Recipient: 2vZMdHgryKfFtRm5sDnY11FkF2SrWx2QS7MVSXZmTajF
Transfer 1 tokens
  Sender: 33sKrybpreva6poZUG6T7T75wPRCGJ8WiGjLXBpuUdsE
  Recipient: 9cQepRHEXLZC2F2ncuK9HY6b228dQ7HNCuxZatWZXsNe
Transfer 1 tokens
  Sender: 8EC7MUyx7av7CiCKmWDSaKVq1JC7QN2v4xXpuV56ruio
  Recipient: 73tF8uN3BwVzUzwETv59WNAafuEBct2zTgYbYXLggQiU
Transfer 1 tokens
  Sender: 953A7q1gbhZLwpj467ebEyEpC3AWQr6kZXiCJqSJzu9L
  Recipient: FDJT2n4m69HcXXcFZ8ZVa1AMNpsQCq5QjUJDw49Bx4Ch
Transfer 1 tokens
  Sender: AeN7tBhQD9V4UEpSeTYGzSJtYyWkf6zsXwFU77W71iSF
  Recipient: 5NeRMVmKVGEzsKS3MqiVS9iJb54hxGVNs96eAhz3afH3
Transfer 1 tokens
  Sender: 7RnrjjmcmxtkHoEL3aUtGEGLDet6cPDW6E8beKw62joA
  Recipient: r1QHFARyygf2xA8mTDekHmugyL9MiLfAYGwwuATRJuj
Transfer 1 tokens
  Sender: 3gbPRwg7AeGRmvveEa6U2cLcg4WgaJ4kBNB431kFXxsX
  Recipient: Fp7xAEnF9rAyoPeAJi56raDuANcBr3htaaMSDjej6ocD
Transfer 1 tokens
  Sender: FmLb1snATE6GrNkgMfUjtGuzHbo1hcQQqnz5LNmUTsWG
  Recipient: Cm8cYtgtfyULCzisqUnMg68aqqi12PGZScouQfJRfrG3
Transfer 1 tokens
  Sender: 5yQoB7NkKZKm92h7Xfd8c5UdATXpAA47Dn7RZM8nR7DL
  Recipient: D46WdsQJHPbYxdMQJhkFf2AnqHSj9c3rQo2nKRQ2G1gE
Transfer 1 tokens
  Sender: FJXHJ8JRJNnjo4gvumz4rXmJB8SuhjBJsRAWq82tXiu7
  Recipient: H6ewEQKqUYhPFNBUBjKugH6MNgBzWFoJ1U5fiVvyHDnv
Transfer 1 tokens
  Sender: CUBPN7Ho5BN4nKYKVirfSkF64F6d6mfqDs65WzRQtacs
  Recipient: 8kX16Yj2WBCz1sPXcimafGrutQkw3s3Swe9sR3gt3cC2
Transfer 1 tokens
  Sender: 8K9qDMivwNLuDFqFL6EDcDRKs7AmwexmNsYLxN5nDuv4
  Recipient: ARhSfmS1cmLMtz7fEDPsxMFbJnoUQp1ehn2ZGd4T88a2
Transfer 1 tokens
  Sender: 4KRhSUiq4ZM8PBKKWwrcXApjhWKz5T49BD5SudJW4KFT
  Recipient: DD14d6GeuU7FBN5c9WmgYkFzPsgRxBhtkQpYEPbLzTUF
Transfer 1 tokens
  Sender: 5Xe5CMiU76WJq1izU9PTJEGDyQgx8wGnFnHDHZCcKmPC
  Recipient: 6nu8on7AWPsW9PPZE7ULqcqA2keM6gPH5u8zEy132jd4
Transfer 1 tokens
  Sender: EtWv7aGAyp1KdpdSWXHy32YDgkj6fuCdRMqog43FvCM1
  Recipient: FHoe16tCF1QuyVKJkPeHiDbB5DNZHpgYewb2w1Ha81NY
Transfer 1 tokens
  Sender: 2NYntLcq7VkrC8Ma58LcDX2mzC6AWcgL75rmZbs219SH
  Recipient: FMpyNybU9kdX17qsiprVSDJYPM4XmZMgVDx5dhhJeMio
Transfer 1 tokens
  Sender: B3bKQS47YUjSVZSCth5afHZDULmE5bLhvhxhjKivJc7v
  Recipient: Ci1Yh26YpzkLQvnbgh6H3fDmuwyj5GaxcJBLNNMocmy4
Transfer 1 tokens
  Sender: 7Kw7enyNKPTGs4GVEEY82S19W1WWHZTiuSSNA5wv8CHr
  Recipient: 5eBNi2JRMNzuusF3w1ELi5GWWUxRPZBnp1ZQs7hRqkbB
Transfer 1 tokens
  Sender: 7QYe6HgMk7AEFtMziodVZUFBQKKmn7zDw748MyH2QpSd
  Recipient: 7mC95PfeHRNvgQh9hCByoNi3kzx5oRx3QjbdyrtvjiPV
Transfer 1 tokens
  Sender: HF2CxkWY8qUgAiqqDZSuhYVzCsMNNvLHqKHyhAdinuRt
  Recipient: 2tn4ToRyMT8Mnh29AHcrixZr8GmDBUjBcSqpYdEuWoAU
Transfer 1 tokens
  Sender: J2tA9ufD2sf561V9RCjsCv6BtWGGPMzUQRbVwPsySFBq
  Recipient: AM5mu6p1LhL2VdHx55NK7HKycahcvL5nYWMWsSQCbxkQ
Transfer 1 tokens
  Sender: 7Ut1kWs7X231HXaFEgdzrVoEisMr94zsuHCip6UARTU
  Recipient: 9X7kSbT9Wuu32C9nzyGbsvYt7EqGbRMgwWhBCBAMwfYF
Transfer 1 tokens
  Sender: DySSvPfk9gZW27x6apvDqmqsSzcjPAMpfTNTr54Y1Zcg
  Recipient: 7EtUMtEpedsvMHBAhLgwxxgcPJZB94T2cwHxaemWmy3S
Transfer 1 tokens
  Sender: 2KsmfVM78nvqYCfd1B7aTwjRqgYejdrCN587i9vvwgEV
  Recipient: 9v9D9kvePLBANY4Zx2PUzn75dHuQMMMcs7mZLYy3gMaF
Transfer 1 tokens
  Sender: EXouJDGDQHt1vj1D3naGResDksobadEA1vAK46JffkKm
  Recipient: 4SwDAKnt1ntsUKHaaM19jaajo9jV9xcHjB6ehwTtjkEt
Transfer 1 tokens
  Sender: 3tdignHpzokCU6VPHECMonZopEdN7ZwCBf8xnbvKTccV
  Recipient: 5ssu1FQCAxLQZUbSnFXAuPn2eDaZBTWkc5QBChh2yxAa
Transfer 1 tokens
  Sender: HZzd3jqRkHXNa8akTMreh4Ry43VCaGjPeREfMjghddgX
  Recipient: B2xHAEupwfcGLvmrJZmrsAFdC4qoQRpoExjn9uZbDZyH
Transfer 1 tokens
  Sender: Z36aZPTC5KKpnxiuVT1zro1frRH4PyPxq3iWURuJ1yb
  Recipient: 4iAiTV3YEZeJFt6Mno67ZWSDZmMSb3yRyScccySmhs18
Transfer 1 tokens
  Sender: H72oXVoMgRqKXvcgMUY4Up8afTTjQBRrXjoYwxEMfqNA
  Recipient: 4cKqqwoADnQVUAapaq1CrCwpBwbvCSohZPzB8aHooJjk
Transfer 1 tokens
  Sender: 9nCuknx48aaNaEVA1GV4QGCHEKzATBB6utR8aNMsGji5
  Recipient: 3M8scJMMYJ3ngC9dNwgeJ4jYQ3FzUMdQYRNbp79txnS7
Transfer 1 tokens
  Sender: ChDZFr3bKNZWa4q9UZweGr8fP8hn4wLSjhtGmmSF97bT
  Recipient: 664JR3KZ3WSPeufnsypjNnHGJZ765HuwvHXzAwVqBRzE
Transfer 1 tokens
  Sender: 3a3nR7Wjx3jdrJjTzL2SgQhQkL8Vh64j1cNJQeZjAX9D
  Recipient: AzLdjL7BWUVEGKqLFYspScK3j5XFZGU2kGsmWHhLBSzS
Transfer 1 tokens
  Sender: 8m78yWdubVsE3QPdh8WN3syvRsvmJkBrnSmCFweLedgG
  Recipient: 9v9D9kvePLBANY4Zx2PUzn75dHuQMMMcs7mZLYy3gMaF
Transfer 1 tokens
  Sender: GEDnnJzt7H6o9KLVcDu6buNXw9x2sVLbM9Z28EAj536k
  Recipient: 6Aa81K2N1ioXFSXcGrQ4WvogXNZtrkiqokwzoB3Pu1on
Transfer 1 tokens
  Sender: CyGjbMVn5Z53Ez1tvmArWPaWsPNH7QckQxcRvehnwxVt
  Recipient: DjDHfwShdrvgVJHoPeGX3a96aWrArhYPpgJvg39QmHJ7
Transfer 1 tokens
  Sender: AxSjJDcaUazcZPaKCA2KmjtpNfnEdgyFMdbHzKHBsajE
  Recipient: 6sVaWY7qmmNkwtpfoadn6EaHnP6cXsNH5uZisSQ3bENG
Transfer 1 tokens
  Sender: 5me4XWCG8iNwsbicaZycq6PzZo2dZG2rvioH5PMFNBgt
  Recipient: 9KJbbRm5qjnWBNZNv3Mhk2hEFqqDAYcCHuUPxnG7W64g
Transfer 1 tokens
  Sender: Hpb78arKTFDf6et37mFDD1YUofpmdNBqxJmRtvBKbXuQ
  Recipient: 95xfF9j7hA5megc7Qg8DGa3zTjhaTkoqWaPHSq1mFCz7
Transfer 1 tokens
  Sender: 87ei2CfdSHNTa9zWpxjsc4LTn4ga3jLwRMnMxVc4HGX7
  Recipient: 4aMSBRaCsa64CPQiruDrmESqTNXJzs7PLeaF7XWNVvL8
Transfer 1 tokens
  Sender: AX3Ki57fbQMeLzM5bqtUkzLQkBX6SmXaEsV4758TcCVu
  Recipient: BParwtMqeWkzpe3P2Q7CiUXUgZdbfMPnCwQJ91rzo1Lj
Transfer 1 tokens
  Sender: GtYgCCGWCNyc1UwDJJhf3uXWP8qMsFPfaaQ1GgndUSWp
  Recipient: CUEkEnnM3aSYrPa7bC9MZueRbhMWRrbQFsdosHs8G969
Transfer 1 tokens
  Sender: 3Xuco43Tsk2NY51wNvxtic5pCHW9dG71XVQGqPUkZLTh
  Recipient: FkpXJGKWbnWNjgnguzcnpqjtRJFK4U1u3QN1XeRufKAT
Transfer 1 tokens
  Sender: CGbpKs33TcSxy7o3CuudQrPsxJHMpY7hSU2nNjhE3BZx
  Recipient: E3uCNxXMRHD2ayCY48Kafwy55443r3p1EijT92ug26yd
