8PJHa8ZGPTNGvjnRLGnfrexsjzGXUGqsy8iQuetmTcuf
CDShHpcD9MLHsG5cVbCWCbq4duzMtBrnZpNqz1uzwbV
8q35fxEuApHnvqKLnmCwgpbsjx5KDuASuvmWZdp9jswa
5cGhJWPVtN465JQv1G2wW7VdKaYZ4HwgodTmmAaQpegZ
7Zygm47ya4dafb3NjDtNqsdWVqrNbPftZ2LQxTze4U2s
BCbVCvsbnKZX7muSKPfVfSKvMoMdjao5otLj54hFPkZv
FijkYisRmeDqfnK9rhBAMpn1WaCycL4WTsQ6pnfCzXjh
BFPnTgWNTLtvN5GkURnJ8nyFKX7fnFmhjKXdniWs8xvo
H7sM1brPN4LAW1jUWzLtNyuVvGDSaRC5vK7ihSw46QUy
BjDhcSSZdnXK3dFDzCwgoskHzHfeFxwuAQjXQCfTo4EU
2xcTRUCHJPmMBhK92A8bSJpM1S9ffeNtc5Qg8zPY7gtP
HAt1YBWzRN2Ts7VXuoAGcSajo75es2h5Yx84m9CZkhun
Dt3UEdg2pML1vHHUmixj2Zyyh4oPieaUiLWupCvRTTcW
35Bwm2UuSkAPeisUYen3jXhj6TzX8SELZN8CM1EimnkF
2gSgw9xZm6s75rUeYxYNUMGLsjLvSMEpSmNh8zPhRddW
5ZD1DmtAdas9EZM5TVnXW6d8tjouKLLbaCtsHSRyq43d
5fCG2hYBEGCLbHDuJskds2vHyXwc367imoAr3kpyyTVY
E5s2rU1kv3F477AScuckp6efvekx1B7nB4G1Z4YShiCN
4QnpXiJ6Lm6p6rKzp5sJHkR9sHBYgtKVzSThWbfZ9rE6
GEb1r8sZnm4yVBCEUdQmnRtu1Xtfnn1wgPh752GvJREM
EWQDvb9QTZAwL5hjZdwCfufEtL6cryiU2kWruM5R4StH
3yQxAkQqbpZ6MCfJ4uG3fqggYyQXkCK6NpeXLdoDQPoe
ztgE1httd46dphsxqmwRKzc9PCy88puCTUoiWBkBJX8
GR9K1RPMHo9GZHiN9gJaTQuAHk42eZCj9H4WoerEQj98
EuHngPEXdW38iX58AucsVZBo7eSv3dVxVLYFoHfi4nQC
