Transfer 1 tokens
  Sender: 3s7czpueDCkaAS2WXGsyiMk9PE6WSZbd5vvyAqUYixFq
  Recipient: 3ozNeQ4Sq976Fnvsu5rcNZ998QPgutXByw4NhSQPmWXE
  Recipient associated token account: BincxzEvDCQfyubVc9b4US3y5Nf9c9uD8JxiawMhVm1G
  Funding recipient: BincxzEvDCQfyubVc9b4US3y5Nf9c9uD8JxiawMhVm1G (0.00203928 SOL)

Signature: 3L3R1st1FNzVgYXn4N6msyActV9p4JtTzhAzaZJ1MR78T6jCMk8tUfMTb5D1pJy3imrBe7bgdm1fVZdAeePwpnR9

Transfer 1 tokens
  Sender: 9fEsuykMyVCkCFn9ACkAY4XxdhCWggNPx68aSETM2qyE
  Recipient: JUskoxS2PTiaBpxfGaAPgf3cUNhdeYFGMKdL6mZKKfR
  Recipient associated token account: 9ZPn4Rzg6RgZ61zAuBB4wiFd584vNfgr5sJ6XH4WjW4d
  Funding recipient: 9ZPn4Rzg6RgZ61zAuBB4wiFd584vNfgr5sJ6XH4WjW4d (0.00203928 SOL)

Signature: 4ybeY92USdDVdERR5kj68kHw1LC9ydhS85JC4arBMYsCW4VkJGhL28N7Ro1WeWGsRvXGztS1mEK3sDajZDdqZ9eD

Transfer 1 tokens
  Sender: 8FebiNjxDdhvy7HpNx5AR2jm82z6ZWEafAWsAbjDZG7o
  Recipient: G21X6EEsigc5ZYJSjFHabA531ssEc5vgXuCZKUAYZCPE
  Recipient associated token account: Hi1sSEAVD6J7CUALjeMS4p9oQ54jaybyuPrEH4Ev7Zyo
  Funding recipient: Hi1sSEAVD6J7CUALjeMS4p9oQ54jaybyuPrEH4Ev7Zyo (0.00203928 SOL)

Signature: 3x8US6MpWjNXkoJxxnn6mKVPY1sYQEYUzNKbbEUotmkKBEbypp8nAGz9fcYo63GA9aEebzTgd8Mb78pSbKwC4KmU

Transfer 1 tokens
  Sender: CqECKVuwG3aY4pvRHxQRsP4KEiMctCFTHjnXx8zvdzTD
  Recipient: Fe1CgongFQXuErB6dwWuVxGgyVwFXzRYzXJzuRJkubJy
  Recipient associated token account: 3Sq4xo8qtuPvhNvhsfV5vVGwp2BV1znwqQV2nocmQzXZ
  Funding recipient: 3Sq4xo8qtuPvhNvhsfV5vVGwp2BV1znwqQV2nocmQzXZ (0.00203928 SOL)

Signature: 5Psvw2qSvZyE3SSdp9qZrUxsLy8mUTq2ViaMMUuf9cjTnr23X9sp82vPXZTdi2ZWLiZe1yawzat4n5YBKg5eZMjV

Transfer 1 tokens
  Sender: 8UvxniocEj7kTJgeWiBT7SrjW92avRdw4WKnZgd6UQ2i
  Recipient: 5knXN6F1YPjMJYjfZRcyaxRuiEczuHYNVgNGiphDWCK1
  Recipient associated token account: JDnKMinYZD2eriTXPpXYfQDt7mCgrktfRVmG1PwoaNyJ
  Funding recipient: JDnKMinYZD2eriTXPpXYfQDt7mCgrktfRVmG1PwoaNyJ (0.00203928 SOL)

Signature: 5dK6xt2ZmnyP72JTjRnCzVoKXWmnAkcsgkakg4D8MVKgEif4oYQvN6NaynEaV24oGWk9sY72Z55gEQhcKm2a8BNQ

Transfer 1 tokens
  Sender: 4sNmc92c4w3BJNGYYc8jyommoKuAzJtuZuhnPHjuejav
  Recipient: 8wAegPe9jkNhwyKH5NSD1JiG7dDcsnWW5hw3kWAriYyA
  Recipient associated token account: 5mC4GVWyLEUSK1SFbSACZNcJjjZ8C9An8B4oyBymRVJn
  Funding recipient: 5mC4GVWyLEUSK1SFbSACZNcJjjZ8C9An8B4oyBymRVJn (0.00203928 SOL)

Signature: 5RrMxNvyzkP2JXFfiBQxCYs9vQ7LH8Ko5ahcuCGHxn6qPGYsBX1SRyX9FHvrwZKDrs2FSBwFDsuU9y8iqCR8iT4P

Transfer 1 tokens
  Sender: AhoJhk8CGivfwx5eHqzsp6vR9zzHXnpdm6TwsCmPrEy3
  Recipient: 9CeQYRt1eK15SUAv8AE6XPhh1ijhBF1dyPdGQGAiCfMx
  Recipient associated token account: 5HVZ7CxPXk4NN67U7LeQDJSV7dUu3zBVy6WsTNi7vWTC
  Funding recipient: 5HVZ7CxPXk4NN67U7LeQDJSV7dUu3zBVy6WsTNi7vWTC (0.00203928 SOL)

Signature: 2N3ngVfKtbdBS7xhycJZYbdZBzzRZp2rn8n62Be2sQn2mf8mDe1wcpw5TbowMUzbEtS59jRxfHx7bwQkW5Vi8reV

Transfer 1 tokens
  Sender: 9J6Pcs42XSGpj1ZUGxT6FBb6HeLDhCCSgUf8zSt2MKnP
  Recipient: HokHxAsXwqxeq5nQ52WrdhxrTH6JBuRZBvsWb4bB2HRM
  Recipient associated token account: 5o1ihcEfH618XYwU1QyVAQnWk7tQ5Gq48MHUqx5vwLAW
  Funding recipient: 5o1ihcEfH618XYwU1QyVAQnWk7tQ5Gq48MHUqx5vwLAW (0.00203928 SOL)

Signature: 5PJ6wMncD4F1A1R6THj4Zyc5ZPsK6apZKZn1hW9Wivrtau95j4QmHyvyvj8qMgtcV7gZi6KJZ5Lpno5NvxKhHAUa

Transfer 1 tokens
  Sender: HDN1Papw9TokodZbz8T6T4534izH5Bn6x9RHQx62AEEG
  Recipient: EEUHeJFM6mUeN44v3kpepHXXBcGY8xV38TjTNxHEt76U
  Recipient associated token account: CyEnu6jsEthvsPAHXAYkf4rwpyM9MXptKUQ6d4FeKaoa
  Funding recipient: CyEnu6jsEthvsPAHXAYkf4rwpyM9MXptKUQ6d4FeKaoa (0.00203928 SOL)

Signature: 2yHSsCLQwjxfcTYv8vyWxw9aYWonhChznr6kEtpaa1Ea7KWhPysxXP9d2HXKsLcmRzSC8AXtjyov7nVUkfCXg4DB

Transfer 1 tokens
  Sender: 9wEkN2TFGfkJsbcGUcqdeKfY27jQfcCXRJYkDJGEzfUy
  Recipient: 3eucHmLaRJzL3d3rzYx94KvxcVhR4ESLo9R9hhb5Snbo
  Recipient associated token account: B5Xh9u3yqiEyKjonDq6pLHX3jLtTpSdaNozTpSnweqvW
  Funding recipient: B5Xh9u3yqiEyKjonDq6pLHX3jLtTpSdaNozTpSnweqvW (0.00203928 SOL)

Signature: 5ALkowbW8A1cgMT7JWbbkqCJaUBfUiUqzuac6Bo3EzK9aeYMyyuY2W8q7YUcii2sfk3FBf4hXPpwYg6HmmMCVvgs

Transfer 1 tokens
  Sender: 3s7czpueDCkaAS2WXGsyiMk9PE6WSZbd5vvyAqUYixFq
  Recipient: 3ozNeQ4Sq976Fnvsu5rcNZ998QPgutXByw4NhSQPmWXE
Transfer 1 tokens
  Sender: 9fEsuykMyVCkCFn9ACkAY4XxdhCWggNPx68aSETM2qyE
  Recipient: JUskoxS2PTiaBpxfGaAPgf3cUNhdeYFGMKdL6mZKKfR
Transfer 1 tokens
  Sender: 8FebiNjxDdhvy7HpNx5AR2jm82z6ZWEafAWsAbjDZG7o
  Recipient: G21X6EEsigc5ZYJSjFHabA531ssEc5vgXuCZKUAYZCPE
Transfer 1 tokens
  Sender: CqECKVuwG3aY4pvRHxQRsP4KEiMctCFTHjnXx8zvdzTD
  Recipient: Fe1CgongFQXuErB6dwWuVxGgyVwFXzRYzXJzuRJkubJy
Transfer 1 tokens
  Sender: 8UvxniocEj7kTJgeWiBT7SrjW92avRdw4WKnZgd6UQ2i
  Recipient: 5knXN6F1YPjMJYjfZRcyaxRuiEczuHYNVgNGiphDWCK1
Transfer 1 tokens
  Sender: 4sNmc92c4w3BJNGYYc8jyommoKuAzJtuZuhnPHjuejav
  Recipient: 8wAegPe9jkNhwyKH5NSD1JiG7dDcsnWW5hw3kWAriYyA
Transfer 1 tokens
  Sender: AhoJhk8CGivfwx5eHqzsp6vR9zzHXnpdm6TwsCmPrEy3
  Recipient: 9CeQYRt1eK15SUAv8AE6XPhh1ijhBF1dyPdGQGAiCfMx
Transfer 1 tokens
  Sender: 9J6Pcs42XSGpj1ZUGxT6FBb6HeLDhCCSgUf8zSt2MKnP
  Recipient: HokHxAsXwqxeq5nQ52WrdhxrTH6JBuRZBvsWb4bB2HRM
Transfer 1 tokens
  Sender: HDN1Papw9TokodZbz8T6T4534izH5Bn6x9RHQx62AEEG
  Recipient: EEUHeJFM6mUeN44v3kpepHXXBcGY8xV38TjTNxHEt76U
Transfer 1 tokens
  Sender: 9wEkN2TFGfkJsbcGUcqdeKfY27jQfcCXRJYkDJGEzfUy
  Recipient: 3eucHmLaRJzL3d3rzYx94KvxcVhR4ESLo9R9hhb5Snbo
