Transfer 1 tokens
  Sender: fXDXZgRvS7Fok9MZTu7bkQYypjh6MPzNbeWMF3ZU7nA
  Recipient: 6iNFKxsD7dNjoxykP48BZSb27DJm7piHuQquxDrrv67x
  Recipient associated token account: 72yU1Ffkwodpzf5neVpRYt5kfHMeK7APBsWJuGdYmo3u
  Funding recipient: 72yU1Ffkwodpzf5neVpRYt5kfHMeK7APBsWJuGdYmo3u (0.00203928 SOL)

Signature: 4PaJ7XtrrASEtmz9xckKyyUusdmfDgApyzMZoy3XEXfrG7wa4EtQQZm6T6qmQZ8DRb1Qpem9SRUqE8f8zAdLoze8

Transfer 1 tokens
  Sender: EuUTXjnstqCRH5Gh76FS9cXAkFEjFMaw1Q61obuSVbPv
  Recipient: 8XoA4fSJWndhft79TCXFUUe6fKLZULK2CGFfBedhd5X1
  Recipient associated token account: F9i5Q9BbFAf1Uy7gNs2S2k76WX4REmVWF8Vxjr1bQLJr
  Funding recipient: F9i5Q9BbFAf1Uy7gNs2S2k76WX4REmVWF8Vxjr1bQLJr (0.00203928 SOL)

Signature: 4yEiwzFbGNny4JSoz4KCxPPdaVWizyCZauo1GXomJLznEtLvDqtXyZJoyexqC4CFcxFfgGvL28a3paGjVsoeZvqW

Transfer 1 tokens
  Sender: 7YV2nLT6wXuAnDWgjRVbBjJA65F6LzEbtwBwrhq7Y3aY
  Recipient: 4iyrFcX4gZq2qph8DAvkPp5NEFdfEV124uHivUJgiwKx
  Recipient associated token account: GQAj1SombMCJ1v85SHSLfJgk5eadqoURBkinYQpEmSzf
  Funding recipient: GQAj1SombMCJ1v85SHSLfJgk5eadqoURBkinYQpEmSzf (0.00203928 SOL)

Signature: 4fEuHktEVEk2GR9M8ZvF1xjxrBqbdxihS7kP8gRhAwn6aanZDzAG2NGdCQdDoSTdWLHGtBa88MinuD5eEvUzrK3x

Transfer 1 tokens
  Sender: 4Cx63RFWVpYBuzhjkBvAEhrXhWCgRATp8vGfKpGzYZgb
  Recipient: C9SfY9PgzRurLVUj2qgoBhiCmDGN2ZkdShHH6RmAZXqJ
  Recipient associated token account: B6XrgYvm7nR5AyxahbgfmcnocLGqQ3qz2N5Jr7DzAYWf
  Funding recipient: B6XrgYvm7nR5AyxahbgfmcnocLGqQ3qz2N5Jr7DzAYWf (0.00203928 SOL)

Signature: e4BNeCM8TJtzBjdjHtMEqmRQWMq5tjknKZamd35RFEF6XHxTY4q8AjuiijfdY7a18CC187qSdme9V8Z2ZobFr7y

Transfer 1 tokens
  Sender: A3Yonk5VBaG7ALjsxw3uSnPNtxzigJ77JPowR7X4Vgpp
  Recipient: EjjFNE78f8R6Cc5Y6CTTMtiahXTxFoF9iKb6deJpWKeS
  Recipient associated token account: 41BPMs1ZLDQPmfwE8QDmpZJZ4CSUvhvdeu429hTJyd13
  Funding recipient: 41BPMs1ZLDQPmfwE8QDmpZJZ4CSUvhvdeu429hTJyd13 (0.00203928 SOL)

Signature: byD4b9KhaHmRvBgBqU2GtJmGfF5VH6JXWpXi1YmWu2brXi3cn2NWChsxweYpe5yMS2Nc9b7GZN89BxAydGu36iS

Transfer 1 tokens
  Sender: CqmPWapLw9syyxZ626MivLnrokbK1pfw1CVnU5Soj89W
  Recipient: BQtfvSMYQ5gCGgGGNeh5d7AMQFELeVQpcFjGTMWESo7p
  Recipient associated token account: GqxDtUJCQsPkMCnkoKwbaNLoMTDG8xSku7c4BHXMXfTT
  Funding recipient: GqxDtUJCQsPkMCnkoKwbaNLoMTDG8xSku7c4BHXMXfTT (0.00203928 SOL)

Signature: 2oAdxfwi8vLhjkNmTFQyDqUsDzfjovhhWMuuoQJVxb4otnuqnX4bME1rGBgXShzXoaEqMJ4wfPBqdhXm16zhPrUz

Transfer 1 tokens
  Sender: 62PzzbTwcRSJkyXfofiwY8c6bZwSiNU4dWCF6K8e2WEB
  Recipient: o2Aug6JB1RDFk7yYsf8QCjpWo2WzgwFkM115gtSJU8r
  Recipient associated token account: 6QoVtFFYLqH5W2bg1Dpn3g6rcz9pVa9SfM87jNTZ84X3
  Funding recipient: 6QoVtFFYLqH5W2bg1Dpn3g6rcz9pVa9SfM87jNTZ84X3 (0.00203928 SOL)

Signature: 5ngxFBNN14xJ9ZutAZBy88x2zCrhn6p9d9tWZRjD4hsszsqAeaZtaj7zfq4jmEv6TA3KftAXCtRehuXV5Ptunc7P

Transfer 1 tokens
  Sender: D68pcg4tv7dzPdWsvQxMa6K7hb97qdXZwak9HrJ3XYtE
  Recipient: 3yLtkiKU1zGpPaZ9AtzRR4vYrEaSNxQDMhW6TzbSnhQb
  Recipient associated token account: 9akp4bXeydRq1NmU4aPUqnN29E9t7u3Hr69vujb5XKxo
  Funding recipient: 9akp4bXeydRq1NmU4aPUqnN29E9t7u3Hr69vujb5XKxo (0.00203928 SOL)

Signature: 64cXpfoomcuGPbpDreiBZ5a3gRpAAENUhcnweu7on8P3xsNFqAW92bfBqE7vBn4xERn1Luj38kGFKkMHUDEa82vK

Transfer 1 tokens
  Sender: 8jcWSog55e5oZt6nKAP6ht72gAg4khYfSLcZdwi8mzRQ
  Recipient: CYVikdfqKK1SmPasR93k1p6CntrmqGW4YcoSYQQ2TeVp
  Recipient associated token account: 43bWNevgz5pDCPfEF1YabsJqHdrNDp8JHD94QVWeNq7V
  Funding recipient: 43bWNevgz5pDCPfEF1YabsJqHdrNDp8JHD94QVWeNq7V (0.00203928 SOL)

Signature: ceDSjGqeaobq3WdhiEbp2yM1v7reJJYDDw3q4bDnMX34c89TweZZv8ZcA9ADFFs8AfRspJHDFGFUhJFLGVF5PWe

Transfer 1 tokens
  Sender: 55pCpjAWA44CrhFrmHtaFQSBwcykaS65Mq4Q7JffzBjn
  Recipient: MvogSQTXToXV7MS8hDbvfWGoELDtR5Z75SGMUNiUddN
  Recipient associated token account: 7EpUFzBxewgP9PAWDwouyQjxEAKuA9adQMXkPKtpEvyD
  Funding recipient: 7EpUFzBxewgP9PAWDwouyQjxEAKuA9adQMXkPKtpEvyD (0.00203928 SOL)

Signature: 3sVNGCvVCySDevV4mLtnjCku39A64DHYpPiN8prsvvrsA3TFayJqkeBWswmUGenY7NetcwgX5gCZBCos2yeeM6w8

Transfer 1 tokens
  Sender: 3nhRGH5fByz5sx63dKF2JUYTJF8wPcwh5cdf78VwnS1v
  Recipient: 8YxFLe5NoaTNzUHQDkyabtHwSnYuVPi7pKcsNXd9D5SU
  Recipient associated token account: 7UBvmaJQ2FipwtWp6eDeh2HaSYw87z9yJxaUm9LVV6bY
  Funding recipient: 7UBvmaJQ2FipwtWp6eDeh2HaSYw87z9yJxaUm9LVV6bY (0.00203928 SOL)

Signature: 58bBrWiYKoXLmCBEMx3DrfWqJYcyEGUitNNc3pnECQrfsZTt29bvrSZCS3btgwoqLJAVbaQ9TRji99JVYJv1ccD9

Transfer 1 tokens
  Sender: 6t5agv8HNGxumubSjkdaFf51y2yDe26TUiKNEKcWN19e
  Recipient: 6J4dFhzDnpE3Dpnr7rYLJEVKXGibcrZxaNJKeRhZLNnU
  Recipient associated token account: 2hBtjCdc9MB6sVBagZGutZVA968sJM3VaehgMPY46cBh
  Funding recipient: 2hBtjCdc9MB6sVBagZGutZVA968sJM3VaehgMPY46cBh (0.00203928 SOL)

Signature: 2a15wAnt2YQRYLHo5uSBwL8t55U2SFvkf3X2TBa6pnhE6jFqRDPUptEj9hGRXVUqADkAm17i7uwpHea9AvuhemiE

Transfer 1 tokens
  Sender: 5FzwjdvLaXa9C22w8Tns4txMbT3vcA343K1irZrdoPW4
  Recipient: 51oET2dy4vCmZ1JMGYR9hbsvsLng1vcLD6z2AZp1uq1j
  Recipient associated token account: 6mBjhbJChUrhm1itYRP1oed8qQCY98th9DzemeHY7WE8
  Funding recipient: 6mBjhbJChUrhm1itYRP1oed8qQCY98th9DzemeHY7WE8 (0.00203928 SOL)

Signature: 5788VofArKq5LtXgmLYGQWCJyuenAMvhoazvKzYRrvcSqCYfGPfsQ5zCpxEhKvFkTYdonH5mfPpKK1k5DQ7CuTTn

Transfer 1 tokens
  Sender: E5zaAkCFGQVZzCYGqDcyGuuoBVjzrzc6vBkMQhKF822u
  Recipient: 6hyFrYJasjf848gT132t9nQMMFBtyKas2DP6Ca7uXvmb
  Recipient associated token account: F4SKnCBRuUMCqfh8UtUT7Zvdq9h2DLdYBpPueuK1zN6L
  Funding recipient: F4SKnCBRuUMCqfh8UtUT7Zvdq9h2DLdYBpPueuK1zN6L (0.00203928 SOL)

Signature: 4XiKZUkvSTjfa8heo5XQnhsxQGV9ANBffnmbQGBY8dSvu2MkTndPkvNAxArTCgXwEohwbDFtVwwxMFR1wtRY9pGK

Transfer 1 tokens
  Sender: 3Hr7FmAEQQN8smzZoPB43swvLAPDAJPi8pB6NRniQ4QU
  Recipient: CfLt5YAXgYjwnbguVZZXFMShycUbPEcQBmkTnfLPYt2j
  Recipient associated token account: 6wGDHVczDquSTEp4KWjAZBtxQR4497MHZJLJq6NDTGbR
  Funding recipient: 6wGDHVczDquSTEp4KWjAZBtxQR4497MHZJLJq6NDTGbR (0.00203928 SOL)

Signature: 5y3yWUQMuBmReijmARb9hWyz2irZr35XbPJcpLSUxX25geKMsWAtt5mCDJBpYg39jJxMThAv6Abe3DDYLZCMcfGy

Transfer 1 tokens
  Sender: 5XjEH4bhj3af9nnP6PqeLE4tZiEcJgEF1NphoJY269ZS
  Recipient: 45cSW7DAVh4SjGVL41nFU7anfi3ab2RjYzSvuy2iHBCF
  Recipient associated token account: 3B2kn8kJiUjqmwFYUwg1haLh7bywrhfVfFsSX2EzXwhv
  Funding recipient: 3B2kn8kJiUjqmwFYUwg1haLh7bywrhfVfFsSX2EzXwhv (0.00203928 SOL)

Signature: 4ZbMss2MYLSKtMrHmMACCdYGRZNjKLoZHZbE7knuZ3iAijqE41KPLFsyZxXjLLVuK3qmz5pF8bTzALvgzgHGeaQw

Transfer 1 tokens
  Sender: 8RMUp5kTEJcWLQvN4YknND5dd1xLisXw9WEE3yy4UQud
  Recipient: 7VD6TVNCwj7BsfG4mcy3xVSCBNRVhBBQn4NtxC9mKp7z
  Recipient associated token account: 8n2tZG75QwcY688EZGFNkQxc9kgENGjX6YqypFeyrfA4
  Funding recipient: 8n2tZG75QwcY688EZGFNkQxc9kgENGjX6YqypFeyrfA4 (0.00203928 SOL)

Signature: 3HLGrpUEiArY8zFYCVzp3uP76VPLKq4VVuXSEb1DnpGYiUFR7qWWW8aXRS64EcuorCeqr1kLfUtcQX2V5nAx4Rbr

Transfer 1 tokens
  Sender: 7S6L7huMeAXgezU8B3FHd31nwNybjDNkQufnAypeqvad
  Recipient: BEivYChNwzFedVVfPqYk5me8gYX8ae3m4HKrM1zaYYPs
  Recipient associated token account: 7ncJprdS4DhTPJyNnksp91UTvsr7rQfPTp1n5BxUVs5g
  Funding recipient: 7ncJprdS4DhTPJyNnksp91UTvsr7rQfPTp1n5BxUVs5g (0.00203928 SOL)

Signature: 3jPp1m3qehpR29ZGPFmwypfSCLCjhAZeLUFqDBQJXYyjchwBm4bq1RgjS5KyEtmL2Er3Q3KA9iRSphP9hw9yk9dC

Transfer 1 tokens
  Sender: AjGQdToSPw4YZ8CnG2GYT1iQyCxu9wEuEQyLpcqfDC2D
  Recipient: BEivYChNwzFedVVfPqYk5me8gYX8ae3m4HKrM1zaYYPs
  Recipient associated token account: GLt2N1J53hq38wJSE8cCFrSmnNPd9UvroB7NxQjPP7Ux
  Funding recipient: GLt2N1J53hq38wJSE8cCFrSmnNPd9UvroB7NxQjPP7Ux (0.00203928 SOL)

Signature: 2reZEWZgd5zj9ozcngjZTswvddPtAGxoyPmRFQ584XWQzzn2oqGv71W4bup2czSnfWTFgs6LCLY72qEsW78LCxgs

Transfer 1 tokens
  Sender: BuwriUk23cy2zvNpBTBZq6BVoZ2WbdDenfvNTzptJbDW
  Recipient: BEivYChNwzFedVVfPqYk5me8gYX8ae3m4HKrM1zaYYPs
  Recipient associated token account: A2TMM6tDZJTxj4eF6zPEB3qTKzS5qDSDTVVZJb3QgNdK
  Funding recipient: A2TMM6tDZJTxj4eF6zPEB3qTKzS5qDSDTVVZJb3QgNdK (0.00203928 SOL)

Signature: 2r2wv6dBeKdMf51qxWCz6BxwqdBK7o1ZooyhLH54btBfnw6VCngjiSfy9pJ3rRWNRvzjbC4mrppQtJ3YwE8rDNM4

Transfer 1 tokens
  Sender: EeaQkgVCvUYp7NZLks62YgSeTNxgesvqd8Hq4yvzcquu
  Recipient: Cm8cYtgtfyULCzisqUnMg68aqqi12PGZScouQfJRfrG3
  Recipient associated token account: 59L6hQhBjwViZCQeTxDttidRTU4LrcsGv9CMF2178Tj5
  Funding recipient: 59L6hQhBjwViZCQeTxDttidRTU4LrcsGv9CMF2178Tj5 (0.00203928 SOL)

Signature: AJnC5ynkYUwMm65YTNAnx5rGDb12x6xPLb6QEc9GEuH3orLwRYpRWxCuVifpFDno81E5z3iDV3jm2QatJLSeFcc

Transfer 1 tokens
  Sender: 3Q7781rimqyafnbSjhVh26L8ZfVmqzq6p2VbyNKFuCQP
  Recipient: 2Q8VsmAA49g17wFfFvCP1yZZVeubcYy7ptgfEd29Ag1t
  Recipient associated token account: Dc6rRXvNni4z9PAmsLLLJYGYKijxPFVwvJtNV4o9Rxs9
  Funding recipient: Dc6rRXvNni4z9PAmsLLLJYGYKijxPFVwvJtNV4o9Rxs9 (0.00203928 SOL)

Signature: 39puE2v5JYNjEj5jsdYa2C5RPVh6MtNku8nCELhTPdpHkftPZArMfo1Dp1ZDSoH9VZeJdZuyfSktHkK6imKX6Brc

Transfer 1 tokens
  Sender: 4pT36eQi7DnPomEnLZ8vtD76dz1YcpEovcYrA7vUdNba
  Recipient: 6sQioYidaNWSZmCfBZQsD1gWhgC3sBNa3sD3wbjCmHgh
  Recipient associated token account: DjNArZBvejaev1Jvk5Rs3a2vDiH9YNb7RJ1BT9d1kdCd
  Funding recipient: DjNArZBvejaev1Jvk5Rs3a2vDiH9YNb7RJ1BT9d1kdCd (0.00203928 SOL)

Signature: 285m1GUAkz7gJaNoYwopn3WSQ3H2BMwV7d4YuoFJ5npYpzpiA1e8yy38kmaGHsqAMmeCDsTLSXF26jJpCmbhGRTt

Transfer 1 tokens
  Sender: 8uv8mPFEF8iwv7R9D3mMe5D7bDRBA4DLzAxisvknZJET
  Recipient: 6d5tBL8nxsCBFrUwEkEmUp88njDLFUB7RDQ2u9UugGvU
  Recipient associated token account: 6Hn7U2TjhtThzSCSaxVKPctwxndTFWyW18cw6YgzKcPC
  Funding recipient: 6Hn7U2TjhtThzSCSaxVKPctwxndTFWyW18cw6YgzKcPC (0.00203928 SOL)

Signature: 5oXAaRD5fNnKvwsoeUeU3H4zJfN6AfA725jccttcyYQZXjQVQL56LZ4PY3piNVjDgY9PH5Ri6Q4G8AVBkD5RfcCn

Transfer 1 tokens
  Sender: 42hua4MUwXddXzC4C5N5ts4scZEA4neFUnx1fqiQCpqR
  Recipient: 7MTFZo3UBzngEPfPwrZ6xuRhXjMUxgbznsWRTH5D1d6J
  Recipient associated token account: Am2Z3MH6KPPEzJMbGLbi4iL3xG3YEXDfZnGimgzrvqZM
  Funding recipient: Am2Z3MH6KPPEzJMbGLbi4iL3xG3YEXDfZnGimgzrvqZM (0.00203928 SOL)

Signature: Gi3WudsKbdBXQNDNd2uqaZVCj1wvo5usbXQcbbHWRN6PYEp9gb2h9bAVsrr2jmUutu8iWTrmKT2qxRiobXSGDKN

Transfer 1 tokens
  Sender: fXDXZgRvS7Fok9MZTu7bkQYypjh6MPzNbeWMF3ZU7nA
  Recipient: 6iNFKxsD7dNjoxykP48BZSb27DJm7piHuQquxDrrv67x
Transfer 1 tokens
  Sender: EuUTXjnstqCRH5Gh76FS9cXAkFEjFMaw1Q61obuSVbPv
  Recipient: 8XoA4fSJWndhft79TCXFUUe6fKLZULK2CGFfBedhd5X1
Transfer 1 tokens
  Sender: 7YV2nLT6wXuAnDWgjRVbBjJA65F6LzEbtwBwrhq7Y3aY
  Recipient: 4iyrFcX4gZq2qph8DAvkPp5NEFdfEV124uHivUJgiwKx
Transfer 1 tokens
  Sender: 4Cx63RFWVpYBuzhjkBvAEhrXhWCgRATp8vGfKpGzYZgb
  Recipient: C9SfY9PgzRurLVUj2qgoBhiCmDGN2ZkdShHH6RmAZXqJ
Transfer 1 tokens
  Sender: A3Yonk5VBaG7ALjsxw3uSnPNtxzigJ77JPowR7X4Vgpp
  Recipient: EjjFNE78f8R6Cc5Y6CTTMtiahXTxFoF9iKb6deJpWKeS
Transfer 1 tokens
  Sender: CqmPWapLw9syyxZ626MivLnrokbK1pfw1CVnU5Soj89W
  Recipient: BQtfvSMYQ5gCGgGGNeh5d7AMQFELeVQpcFjGTMWESo7p
Transfer 1 tokens
  Sender: 62PzzbTwcRSJkyXfofiwY8c6bZwSiNU4dWCF6K8e2WEB
  Recipient: o2Aug6JB1RDFk7yYsf8QCjpWo2WzgwFkM115gtSJU8r
Transfer 1 tokens
  Sender: D68pcg4tv7dzPdWsvQxMa6K7hb97qdXZwak9HrJ3XYtE
  Recipient: 3yLtkiKU1zGpPaZ9AtzRR4vYrEaSNxQDMhW6TzbSnhQb
Transfer 1 tokens
  Sender: 8jcWSog55e5oZt6nKAP6ht72gAg4khYfSLcZdwi8mzRQ
  Recipient: CYVikdfqKK1SmPasR93k1p6CntrmqGW4YcoSYQQ2TeVp
Transfer 1 tokens
  Sender: 55pCpjAWA44CrhFrmHtaFQSBwcykaS65Mq4Q7JffzBjn
  Recipient: MvogSQTXToXV7MS8hDbvfWGoELDtR5Z75SGMUNiUddN
Transfer 1 tokens
  Sender: 3nhRGH5fByz5sx63dKF2JUYTJF8wPcwh5cdf78VwnS1v
  Recipient: 8YxFLe5NoaTNzUHQDkyabtHwSnYuVPi7pKcsNXd9D5SU
Transfer 1 tokens
  Sender: 6t5agv8HNGxumubSjkdaFf51y2yDe26TUiKNEKcWN19e
  Recipient: 6J4dFhzDnpE3Dpnr7rYLJEVKXGibcrZxaNJKeRhZLNnU
Transfer 1 tokens
  Sender: 5FzwjdvLaXa9C22w8Tns4txMbT3vcA343K1irZrdoPW4
  Recipient: 51oET2dy4vCmZ1JMGYR9hbsvsLng1vcLD6z2AZp1uq1j
Transfer 1 tokens
  Sender: E5zaAkCFGQVZzCYGqDcyGuuoBVjzrzc6vBkMQhKF822u
  Recipient: 6hyFrYJasjf848gT132t9nQMMFBtyKas2DP6Ca7uXvmb
Transfer 1 tokens
  Sender: 3Hr7FmAEQQN8smzZoPB43swvLAPDAJPi8pB6NRniQ4QU
  Recipient: CfLt5YAXgYjwnbguVZZXFMShycUbPEcQBmkTnfLPYt2j
Transfer 1 tokens
  Sender: 5XjEH4bhj3af9nnP6PqeLE4tZiEcJgEF1NphoJY269ZS
  Recipient: 45cSW7DAVh4SjGVL41nFU7anfi3ab2RjYzSvuy2iHBCF
Transfer 1 tokens
  Sender: 8RMUp5kTEJcWLQvN4YknND5dd1xLisXw9WEE3yy4UQud
  Recipient: 7VD6TVNCwj7BsfG4mcy3xVSCBNRVhBBQn4NtxC9mKp7z
Transfer 1 tokens
  Sender: 7S6L7huMeAXgezU8B3FHd31nwNybjDNkQufnAypeqvad
  Recipient: BEivYChNwzFedVVfPqYk5me8gYX8ae3m4HKrM1zaYYPs
Transfer 1 tokens
  Sender: AjGQdToSPw4YZ8CnG2GYT1iQyCxu9wEuEQyLpcqfDC2D
  Recipient: BEivYChNwzFedVVfPqYk5me8gYX8ae3m4HKrM1zaYYPs
Transfer 1 tokens
  Sender: BuwriUk23cy2zvNpBTBZq6BVoZ2WbdDenfvNTzptJbDW
  Recipient: BEivYChNwzFedVVfPqYk5me8gYX8ae3m4HKrM1zaYYPs
Transfer 1 tokens
  Sender: EeaQkgVCvUYp7NZLks62YgSeTNxgesvqd8Hq4yvzcquu
  Recipient: Cm8cYtgtfyULCzisqUnMg68aqqi12PGZScouQfJRfrG3
Transfer 1 tokens
  Sender: 3Q7781rimqyafnbSjhVh26L8ZfVmqzq6p2VbyNKFuCQP
  Recipient: 2Q8VsmAA49g17wFfFvCP1yZZVeubcYy7ptgfEd29Ag1t
Transfer 1 tokens
  Sender: 4pT36eQi7DnPomEnLZ8vtD76dz1YcpEovcYrA7vUdNba
  Recipient: 6sQioYidaNWSZmCfBZQsD1gWhgC3sBNa3sD3wbjCmHgh
Transfer 1 tokens
  Sender: 8uv8mPFEF8iwv7R9D3mMe5D7bDRBA4DLzAxisvknZJET
  Recipient: 6d5tBL8nxsCBFrUwEkEmUp88njDLFUB7RDQ2u9UugGvU
Transfer 1 tokens
  Sender: 42hua4MUwXddXzC4C5N5ts4scZEA4neFUnx1fqiQCpqR
  Recipient: 7MTFZo3UBzngEPfPwrZ6xuRhXjMUxgbznsWRTH5D1d6J
