Transfer 1 tokens
  Sender: HTiXcBJFmUgLM37sVAox82tQDpMCzWT6w8j6SFvG692f
  Recipient: AkdfJa5NmE1pQt3Ai7DpgDg8kryN5qTZirp6LQcpen6R
  Recipient associated token account: 9BjZvdgD98Vo3iEuaHFBd1gVM5B6SfEZPe9GXkGXoGkW
  Funding recipient: 9BjZvdgD98Vo3iEuaHFBd1gVM5B6SfEZPe9GXkGXoGkW (0.00203928 SOL)

Signature: 2BKJnnhHj2QGXPSTqy44ob2YTSNXMJ5CEEE81QqPgjXrMhTN3P4Ai44Qg1fprZXNWjmKM4rAUkeqUETvgWDwxJBo

Transfer 1 tokens
  Sender: 3hdx2U6tnQPZJKXt7d419QPijSgAsZF3bKi1XVeWr6RW
  Recipient: 7sRAajpNsMhvzyhBut8vX3XgmeQMRcKKX4LqhAvFpg4w
  Recipient associated token account: 2LRHCfSsGmn36NEirpWtkAJM2s8ghEbBBc7UeqmyaKoK
  Funding recipient: 2LRHCfSsGmn36NEirpWtkAJM2s8ghEbBBc7UeqmyaKoK (0.00203928 SOL)

Signature: 2Nw1YUv16buMhr1XU8AGtA7EJCj6VFu4dLP6ydSEf8BHqZ3CQu9oiVBYs2y8eooG162Qpy5JVuw2pfKpftKDLBJE

Transfer 1 tokens
  Sender: J26Lr2GQSAf816KwoiuUvwWRseShq2Ejx3iowXTE6rkC
  Recipient: HCtzVd9MmEeZ49xQ7m5TEwjXboJJzyfn1X7Efjc2m1jq
  Recipient associated token account: Cg28W1zBsr3FUTrg7LP5XdBacvkJudRHxGNXBuFsoJsT
  Funding recipient: Cg28W1zBsr3FUTrg7LP5XdBacvkJudRHxGNXBuFsoJsT (0.00203928 SOL)

Signature: ehqPAcewE5BSzHhVsvBYUJzZvgPPr7t4kmw1Rpu2ugkuWk5yEp7rKGJNmVdhe7ijEBpMjJ3BADYGvivxekDqFAk

Transfer 1 tokens
  Sender: 8MjZ9qmNGYgtrubfiktPSFiddiD5aSGmMtN6tcK1d5SR
  Recipient: DpcyLbVEHYzLQYTKwK2uUHqYSUFA38e1R5hH6Ujoo3c9
  Recipient associated token account: tbsxpdtDyhziUbgHy5kdqHw2KAw7L1vwH32HzZq58ii
  Funding recipient: tbsxpdtDyhziUbgHy5kdqHw2KAw7L1vwH32HzZq58ii (0.00203928 SOL)

Signature: 48rFw11fs9bBWhwJsaGiuuqnCMVeyc1yL11dQ3pnpbarHREwXeX6QsGPwzm7euGju2Cdm8gTCeaojvauDUgvxduZ

Transfer 1 tokens
  Sender: 5uyXXB8KnMmA8u5QjkctGj7bsZ7MX9yfzDK4DqGSQuKD
  Recipient: 8MSWUbuqRayDcqiuPeba3MA5z7nkuaAgCocr35AzivsS
  Recipient associated token account: GazWY5GeJ5mA3b7bixQeexVUCoMacgc8Zf3LtwY1ggtq
  Funding recipient: GazWY5GeJ5mA3b7bixQeexVUCoMacgc8Zf3LtwY1ggtq (0.00203928 SOL)

Signature: 6VtzcKYMynNmeb4dvC3vuMgSVg1dV2fB18hWeaTXF53egggsnAcgAe3kgnWM4KPEEguVLe7DignU4bTHJpXWidF

Transfer 1 tokens
  Sender: ELht2BDUk4ufkGMhMwCZp8YJmaG2Kz6pXc3UTd7h2nZP
  Recipient: 2YCagYpRQAbRcPXHzV9Begu4w6VnWz4amVPwhcgMfC2u
  Recipient associated token account: 6rJnnwRMNEbbD3NmqAnmnk4o16ju5PHRdc77JvCFT3F
  Funding recipient: 6rJnnwRMNEbbD3NmqAnmnk4o16ju5PHRdc77JvCFT3F (0.00203928 SOL)

Signature: 3niGYnpn6rtDvtAQqwbATMHRdxEJ55imup7TA5u9nrdimxW9WsUPTNvW9SX3E8SjpdxG6VhWv91TT4rF1Fbdagnn

Transfer 1 tokens
  Sender: CNgHNx5pWUqX8cxCmHX1Wf4KBLCefg7Nu5XLC4UafETp
  Recipient: FE3YBXN4BN3acC1c1ZaqGwPfdhxfVHpePzYvWfGG9ot2
  Recipient associated token account: CZxRLwM5LQU4M1HSrKTcPpUmDFpA2qywh7F1L9TZN1AQ
  Funding recipient: CZxRLwM5LQU4M1HSrKTcPpUmDFpA2qywh7F1L9TZN1AQ (0.00203928 SOL)

Signature: 4xMV2FUFeN23R7KABKAUs86Uj35HNZQR8Rc8GbWEcMz6TSHFpvnrMmXcZovBfvrj67x93hZpsYJZQunbZiLidZ1u

Transfer 1 tokens
  Sender: 2vRnFQmNrv8coEM9aJr9BxPSd52VuRUheozPzgj18syR
  Recipient: HKmC9VR2rRdGMcNcdGVPqAYWnnLBgmFFDur2qYUaeRXR
  Recipient associated token account: EwVwsJRFLDxUL8nRXxjvBHBwvXNeTfbPeXK5qhkqiPhE
  Funding recipient: EwVwsJRFLDxUL8nRXxjvBHBwvXNeTfbPeXK5qhkqiPhE (0.00203928 SOL)

Signature: 2Cq44ybzvKFGv3DWyL29MtUUbq5gxWinkPZb9Y5x5NB3PCDEwyiekT4is8G2PQVnczrF6JEdkt6negvwfkP3mMjt

Transfer 1 tokens
  Sender: BJwaPSBEVWoKEZG4MA6TCLdyUpRfa3CrpV4jYstfEGT5
  Recipient: 4NtDfNisGfAYqzXJih2hv4vqKwAd1jhmRZNceLFUzstR
  Recipient associated token account: 9G8aRBZDrhnUaWvCBuKHzBnpNrxYwLASLG7sJzj4wLr1
  Funding recipient: 9G8aRBZDrhnUaWvCBuKHzBnpNrxYwLASLG7sJzj4wLr1 (0.00203928 SOL)

Signature: 3r5yTadp7CXkQz7GWuKEPchEsMqwBNH1NSDMEBGNFr3Nte3pV5TVQWqwzAP9mrcYtddhckDCCkPHBmh6i8ikYEtz

Transfer 1 tokens
  Sender: 498SCyYtdmArawXbQsfVacqd6pHh9fujEgLLxaE5aghA
  Recipient: j8oLFiDm5Eiy873RNtY2Z56b1DVZrW8i67mTR1BLsLn
  Recipient associated token account: 2N2H5Q2AqjQXegGLq21jbMfv3P9zREYqAmmmbr2YgKqP
  Funding recipient: 2N2H5Q2AqjQXegGLq21jbMfv3P9zREYqAmmmbr2YgKqP (0.00203928 SOL)

Signature: 25PQWz4GEKFWbN5r2Zs6o8AeYQJL9iU2qfP3kS4depeFFwUzt4atGJaEVWVXGbDBbiikodGcG7iV1JfmJmS3oNRn

Transfer 1 tokens
  Sender: ELFt1yL4WJCu3A17zpHxMMD87YbrkjPcRVp6WpRNYHXY
  Recipient: 7ZpuSrxBsMVQ8z4GPdTvzsVvaT1qEw5yhRgh8fHKdDqP
  Recipient associated token account: 3WGCF9ZcajNgSWuTS5uNnMF9gDhRwiESvjpWLed6qZoE
  Funding recipient: 3WGCF9ZcajNgSWuTS5uNnMF9gDhRwiESvjpWLed6qZoE (0.00203928 SOL)

Signature: teT6SpDTSYGVmW8PcQRHCXh8yp8juH5wnobSunMFJKcibMBRJFNLoe7T89qttvV7bhttFaiC8tocwsia3zsta3w

Transfer 1 tokens
  Sender: 3bYD1ywEZ7nd8encbEoiiLujZLCCLaif4VowDDyTvKHw
  Recipient: C9u28tV9EcKf6iqCxcQvh8M4fnxtWU27vmS3gVwwVKSm
  Recipient associated token account: 5YLXcKXPCGq5uKnscxGPJ64jRXQmHoGitmmGBShkH9jU
  Funding recipient: 5YLXcKXPCGq5uKnscxGPJ64jRXQmHoGitmmGBShkH9jU (0.00203928 SOL)

Signature: 5K6d8GeRCKqNr6y5yz8jMH1XStxCvvczTmhsebj8rWBLMqn4Q3jHi43WMVDHgufhNz6RqiufSrdzp5ABGT5hdJqj

Transfer 1 tokens
  Sender: CuNwgB3iJ8rJfHqcqgTFR6YmNLx3T8oPrbcTyZYfgUpo
  Recipient: Bv4HytuReCvPRMofF9FoE2XRLB7SG1XsEsQqSU42SbuZ
  Recipient associated token account: DhGoEWtWjK68BDm3Rp7zajKFqTmi2a81WhkqvsaiKBSs
  Funding recipient: DhGoEWtWjK68BDm3Rp7zajKFqTmi2a81WhkqvsaiKBSs (0.00203928 SOL)

Signature: 3qkrecZCmYFtqiKGLVcFVUusGa6Ue1wba61iepvNu6gb5XHJbJCFTqTsb7kQAcGdLBecBZJV4cfbeL3xskGJhocw

Transfer 1 tokens
  Sender: HJYCSCkawD3HeVgJ7yoYeWp4YppNz25Y82kE1f52MwQY
  Recipient: 2ySnCKDw87CLGeXzpcd3GXQjn9YfEWraBMBR7iq7b7UX
  Recipient associated token account: ExWNMGAQyDsASpikxKuRpE1rGtPGGzjeDwhkGtp3Vsxr
  Funding recipient: ExWNMGAQyDsASpikxKuRpE1rGtPGGzjeDwhkGtp3Vsxr (0.00203928 SOL)

Signature: R4wdWpdKdpQsmgbnbParxZVvBDvoKXhWuUtRAwTHpuLaNnTBoBCqhwGYDoPN7kLkF1f3f8YEP2b5UjAnYh2cxLp

Transfer 1 tokens
  Sender: TQ6L4s6FBpnW5CDyTfPPTWgVQvtJosjow3SAxBGEMmZ
  Recipient: hvabitdQRrBVoukkDJbEob9JNBQeGb5UViJyH3xhgYS
  Recipient associated token account: 9MedxuyWZnHfJ2qVQr42QnRaGJXJmxgHEtVNqyu6nBYC
  Funding recipient: 9MedxuyWZnHfJ2qVQr42QnRaGJXJmxgHEtVNqyu6nBYC (0.00203928 SOL)

Signature: 4Tw1mHJyGPc6fMq2fk2JXAHHLgECEqdPrEE8PLzvocwNqud4kfzfVC5TG8cn3yKmC3QH3RQj4MDdRRCFH8GoCK8k

Transfer 1 tokens
  Sender: 3oTAxLN5jkVr9gpAqg6guTXkpDhctnhf37H297DBBtYs
  Recipient: 4ZSovm9eppfPrsiXbnApe51uQP34rSJMnMUz3cMBswAJ
  Recipient associated token account: DAnp5ubRecBvNz2Qw6EnJbmVpVjuihCAMqMFY9UQx5YJ
  Funding recipient: DAnp5ubRecBvNz2Qw6EnJbmVpVjuihCAMqMFY9UQx5YJ (0.00203928 SOL)

Signature: 57z4hdzVLfMVxN2oo64eTcJp6dcR9sXsXnMTidaX2cNTJKEnnny9sCaBKRQHe6ZCnKFyp5XsPJEmxVyDUTL5mEUU

Transfer 1 tokens
  Sender: 6Hsm6uwaJMpkMk6YpEDSQmywbrm7hHt5sMx9ZXmzNDeq
  Recipient: 3eucHmLaRJzL3d3rzYx94KvxcVhR4ESLo9R9hhb5Snbo
  Recipient associated token account: EwKQSRrtG2MMLF6MehKRPcbzsVa4WxJWsv81J7T5Ke3U
  Funding recipient: EwKQSRrtG2MMLF6MehKRPcbzsVa4WxJWsv81J7T5Ke3U (0.00203928 SOL)

Signature: 3Zp1hzARLsSaz4BrsoFgaVfnwMKG4vgfUhoUBPQNNWDKsG9zU2qVeK7dDAs7oU6gGFUARshrXKnkFnFePvcyE3Pc

Transfer 1 tokens
  Sender: CyVjZzuTYVd9MuJSkdTVqAPBpNzfRYVjhEtywxoZtSD2
  Recipient: 2hjCz2shN9ztMwC6WEzGPoEqrNANeuEshARBoE8JvGYL
  Recipient associated token account: 5sd8jf4pEuAzWiuDSsshDdoEhnPWZF5URDP7fapRBCfE
  Funding recipient: 5sd8jf4pEuAzWiuDSsshDdoEhnPWZF5URDP7fapRBCfE (0.00203928 SOL)

Signature: 5nQiM6o4MZ2qEcLCUxLw9Sh2pdQnYrocfhze2otxBSGuv73y5pD6JeeNmKiPbQ8y6Gw8oWatoP9VCmrMPFeoX8gA

Transfer 1 tokens
  Sender: 3RzGZsW9uKj7a1122h34uqEjSNcbNn5nxPK2V42BTwP2
  Recipient: 9a2DjYVkrmWXsCNzaUsL78giGdt6JbK7TBSuRktZYCut
  Recipient associated token account: Ck2cu7x2eNxFGJgXGezGq7sPAaKd2s1hFdaqTjeJggrH
  Funding recipient: Ck2cu7x2eNxFGJgXGezGq7sPAaKd2s1hFdaqTjeJggrH (0.00203928 SOL)

Signature: jqWnAteaVsYdTktxFz8fCEuG6hXTxs3X86fmrH3uBSR4dBPyAnJNKqTPZsLCrsvnn3LphyGe7Km345TaeUB55WE

Transfer 1 tokens
  Sender: GKAaAioSuXaGMKVhE4M9PBvmZAXeAsRiurq3WRKJrncz
  Recipient: k2Hjt7epVuf53zovvsytMxVBLRLVAkkYv9cLuw5aLFd
  Recipient associated token account: 3RKPidzeCBm3xs8qevMjP4R75HWZ2BEBXEYQjP1FPX6Y
  Funding recipient: 3RKPidzeCBm3xs8qevMjP4R75HWZ2BEBXEYQjP1FPX6Y (0.00203928 SOL)

Signature: 4TYXEMyqu3UXNJPhEmNkDeDgwH2uLoaDoh81Y24XhEVqaQCLLWVnSP8Z6S9BT5Jr9D214mdZGuGoQoro9D7ECXCA

Transfer 1 tokens
  Sender: CZB4hEBkybE9w8yJrXTj9aDYvYr9WMsZPaJ4mDBHgqBR
  Recipient: AUCZf2bCy92cf3JsRXf3LGu8D83bFoNWkULRX4KsePi6
  Recipient associated token account: 7ogGxJrf5PwqE8Z7CrU39g56vfk4EyEfzUsuysko4URc
  Funding recipient: 7ogGxJrf5PwqE8Z7CrU39g56vfk4EyEfzUsuysko4URc (0.00203928 SOL)

Signature: 5vLWW5iGUcDBScV1cviMpekiQroMLiB8wcT49CKEPs8ND47WkeJ7NrgUBJpKJJW9S8FYeENa2e1fig2xNDRPJTyc

Transfer 1 tokens
  Sender: F6WwktjGxp2vjRaopC2bx9fWCiLc5vuBRmmJuHnyVYHh
  Recipient: 2mSEEsrV1sQ82J1PztWQJ66GJzy5NeSDuFBozNeBqAqp
  Recipient associated token account: 4w6ArL15XHEVwikjHqNis7LUSd7CpTEZ75ZLERNnSqQM
  Funding recipient: 4w6ArL15XHEVwikjHqNis7LUSd7CpTEZ75ZLERNnSqQM (0.00203928 SOL)

Signature: m2Hwc8UjDqt8PBam5EiLDyUm5Xx4MhXAtxZd4h9SyfvMaGwx45hZRpqZjAbaYifhZmhnNPvwLJwcoJg7V2xdLp9

Transfer 1 tokens
  Sender: 7XrcbJh4Me2QkGsLPJ9n3daDe1QUEWTwHG3o5LWCbmvB
  Recipient: 4oDdKa3Y3HzXLiZyJAb4rymeqCCkNaPwbUj9Rg49eQnQ
  Recipient associated token account: AFv178ciLMUZJ5rq9XuEWikpazRWTqJGxyX3zraWS4Yj
  Funding recipient: AFv178ciLMUZJ5rq9XuEWikpazRWTqJGxyX3zraWS4Yj (0.00203928 SOL)

Signature: 5LRoTukJyyFzCEgPWvDJL2bDFABQHHdHDFUGPss7kX4kdvC55jPP5Uhm1exBRKUHyFheTRV9iX8BQLRh2dPPK3Uk

Transfer 1 tokens
  Sender: 9ETZVeAJccsqfKgU8strQHQsoftbdoTGSwXwDHEF8zfp
  Recipient: 73tF8uN3BwVzUzwETv59WNAafuEBct2zTgYbYXLggQiU
  Recipient associated token account: ESEXp7zG8duqSwZ7BE59ZgpHgjZHaruz2kmbJQonjvCq
  Funding recipient: ESEXp7zG8duqSwZ7BE59ZgpHgjZHaruz2kmbJQonjvCq (0.00203928 SOL)

Signature: uKzZU2qhzP16vA8PVXmAN4ogQWDb7GsLSz7CpSs74Gf2bCK1UMCwtug7xW3j3HpmUvn9UECSo4M3hmfFLWYpFXR

Transfer 1 tokens
  Sender: G5MMt3XhFeq8ANnq7xZiEGHpz9fjYvvJkGYMpTQKFimU
  Recipient: Bs2NRpK5zPhbhchTM2XGqys5uLw4bjZjiWQJW912XwWi
  Recipient associated token account: 5pn1ZzBut8JTrgM9cuay5ZtM9rRWnJEZaPErDcshnvr2
  Funding recipient: 5pn1ZzBut8JTrgM9cuay5ZtM9rRWnJEZaPErDcshnvr2 (0.00203928 SOL)

Signature: 4hg2rjTVk3ifE7rUebeNYttXA49cv7d1ZHdnqF6XnKHLYbbg1CnRRUdrYXeP1PtFJC9nbt58vGNcCpjsn6RbFBes

Transfer 1 tokens
  Sender: 6VABUVHe2qxEti4LDsi6DfyGz6yAqPBSGLQgaNMKGBpx
  Recipient: 55YfFvwjg3A86gqMZ2vAie5eJYjbA9Xg2vqprnh4gYwg
  Recipient associated token account: 57J6V2gfi7WE69rhQFLaiqWAjjwYXCBUGW4SeFsBVVP2
  Funding recipient: 57J6V2gfi7WE69rhQFLaiqWAjjwYXCBUGW4SeFsBVVP2 (0.00203928 SOL)

Signature: 5kZ6ESfEKjcdZCg8pPHGTqsmSKoeoEkDG6496mVnA4WPdcAZMgHyebQBgRXCZJPRBnCw8ThM8goSxmkzi9QndgAn

Transfer 1 tokens
  Sender: Br2jpB6H2KKqKyvmjRCEasLFGsuKhkCPUm7bwtpgaF4U
  Recipient: 5nTmScN9g2peTCRoffagCzrzpiCHzDZped3Lo1W4zb6n
  Recipient associated token account: CVTrqxjNATCbBf1ZJbRaC1EEq77ncMyqrMxJVKJy3Ts2
  Funding recipient: CVTrqxjNATCbBf1ZJbRaC1EEq77ncMyqrMxJVKJy3Ts2 (0.00203928 SOL)

Signature: 4HB2yhkFK9aDBSAqWYxZ7QVhpXAX2xxsibXv3qE1mB5PjU133jQ5pkhc7rQL6J5yJ7ogXaDBU39PGRHooDDKvjrP

Transfer 1 tokens
  Sender: 9aLT1V1hAP4mZ6TfTHunALJhJu4tbhveTDNvF9ozgMZu
  Recipient: 6EaUcSgB2AwGXiEmGvVwEHMr4LQVRQnZMoSMSveDKXkb
  Recipient associated token account: 545Kbb56jh3P6Rux427N2JgPxe39H5A6eh6jP2CtoYnN
  Funding recipient: 545Kbb56jh3P6Rux427N2JgPxe39H5A6eh6jP2CtoYnN (0.00203928 SOL)

Signature: Vu2mzTugKFrU5wsgVr5YavKW9iaj5vycPyceapEvo4nUahScbhqhPtAKCcevxSNFj4N5g9fwjW8KnRY9DU8CsTQ

Transfer 1 tokens
  Sender: H2NkidGCoQFTEPmZDyh3zcZSepN4vu5AYKYUzjmpX2dw
  Recipient: 3LNuK6FG25apvTBzC7opVXjHDmEh1xztA5h8sxBejnQY
  Recipient associated token account: FgZyCnWp8WQ4RKtNTiPcH2Nmb7Zk83wm6wQdUxxFnvME
  Funding recipient: FgZyCnWp8WQ4RKtNTiPcH2Nmb7Zk83wm6wQdUxxFnvME (0.00203928 SOL)

Signature: 4dEoRfjgHXWmg1Qa3HY4sjzN1moqptcmgHMUfATravrBL7tWcRNXEe1b6RRq9AsMF5f6GpESbK9zXqwbjBSo4gYM

Transfer 1 tokens
  Sender: H9FzCEHHvWm6hWUrrNr2UVP4RFXd8R9bZUKgFiwQaXiH
  Recipient: 74ecjMfRg6EUV2t973oU1VeueQ2JTXLhXhZcPXFVtYM4
  Recipient associated token account: CSiAJiMtcys6TNvVyUg6RH3YHtCqRhMWujoAXhCcHDdP
  Funding recipient: CSiAJiMtcys6TNvVyUg6RH3YHtCqRhMWujoAXhCcHDdP (0.00203928 SOL)

Signature: qTDWkuaC2tjHHjt3siwqYY5UqrrNCP4BCJq3pUCFKg6jVBoRCwKP7mKbojSjaNdZLtrWmP2gC7m2RTVZAzfX3Wx

Transfer 1 tokens
  Sender: 13EtT9EnZqmXnSuVb4BZ6V11pHigP3b6dS4ZAJWSnGyN
  Recipient: 4cKqqwoADnQVUAapaq1CrCwpBwbvCSohZPzB8aHooJjk
  Recipient associated token account: 6nWnJoN3pkCG3N2meuGT2Vi9nkxxxxG1WkGa9tJ9JuLh
  Funding recipient: 6nWnJoN3pkCG3N2meuGT2Vi9nkxxxxG1WkGa9tJ9JuLh (0.00203928 SOL)

Signature: 28kHX58svTbbEzacdjxDBeSaqwub7YQRvcibPiNsQYq28roh9C9PyQFYwY272BFuMLPS8HGvVEe6X957toz56kiH

Transfer 1 tokens
  Sender: DWkCRtMRak6LkPJtZB9xGdoSR3HqpCWqcuSb47TgbfPo
  Recipient: kbtxDFxdfY4NxQ9kNAuXFJ2GuAZE95dCXQw7yeb9q11
  Recipient associated token account: G4Z13Z6G1LDEVXyNtdjXYpDmU9s7TFEYyUZScrH6QxFi
  Funding recipient: G4Z13Z6G1LDEVXyNtdjXYpDmU9s7TFEYyUZScrH6QxFi (0.00203928 SOL)

Signature: 44sGDBgGeLh3TjpJC8MCVxMNnHNnD1gRsUnqTwd552CHVUFJ65AUyqiFD8Nz3RRq4St8rqeiYp1jNZyAMuyF4R2R

Transfer 1 tokens
  Sender: LW8qYyE6TwLMMQSs7mz2eUFv7zLn4jHqNAUhDSdB5FL
  Recipient: 4LBUPX7zfGzqdho666K4ueu9kipXkQFoCpNCYmQwdVmi
  Recipient associated token account: 2hTbbCTqagqaCYpNRdLnzpN3pqHkqPibRTQTowuCFNbB
  Funding recipient: 2hTbbCTqagqaCYpNRdLnzpN3pqHkqPibRTQTowuCFNbB (0.00203928 SOL)

Signature: gACT77qmrYLsN8756VwyBM58jzkc1Fy5nFhoYZU6ugh3HsCKBbKpG56bqXnoDQtnTzw1dh6QZiqmKjTDrbHjGbg

Transfer 1 tokens
  Sender: Db745bxsFgnj4XrpDygnxpUubdx55M8kRz8Evhb7g7tT
  Recipient: CgeQQY2g3ZKXSPBdTVa2sZ6Eet3456WfG7KmrTLRh6MF
  Recipient associated token account: JFicY5YJi283en2coE8NumTU4TPZqvPbKRttEmta7w8
  Funding recipient: JFicY5YJi283en2coE8NumTU4TPZqvPbKRttEmta7w8 (0.00203928 SOL)

Signature: 2XJWjxKvFhVeZ5u29y7inH69WsL62R5ow6XNNKBDNsqotTanG6L1LHGmut2ELBj4m4tjPudj828C2vbT9p59dqbs

Transfer 1 tokens
  Sender: BERn8FCHqsgRqHL83ZT6H7VzeK9kzEPtx4eiCdy1eLcZ
  Recipient: 5HUD9Y1bZp4VwXzKPKwUHBGinfEjGkpxFRZiJscjUUR3
  Recipient associated token account: 4oeofs38GuMfhrEaxCMMhejAmeLgdhrBv9xRTLWEk1Uk
  Funding recipient: 4oeofs38GuMfhrEaxCMMhejAmeLgdhrBv9xRTLWEk1Uk (0.00203928 SOL)

Signature: 21FFMwSR7BzWiY66tMpQspvUUDCSuAG6dzwDgDfBL7efmQ5NkpYdHr9keD5DAfrcLrY4Mx51qTr5yUqHyLNLsb2n

Transfer 1 tokens
  Sender: CXbaz3WLSWeKQjzfWAtwCNg8SPFXa8va74HnP8XfgjDy
  Recipient: CeLSZr7E5QsiYmDtkGj3RH8myW4ZYSP7fCbefZJ6ZqCL
  Recipient associated token account: 8furdFyWFZZYcoUs969dMvZDtJUoqPpEEkpggGwuvLZF
  Funding recipient: 8furdFyWFZZYcoUs969dMvZDtJUoqPpEEkpggGwuvLZF (0.00203928 SOL)

Signature: 5ZkYQguxVEPpLGsN5NT1PbXU4Goyqhb5UAJ28uZQRvr1KmMdBSdn78fUbT5h6AELKBdTWisqEb9L2KHuedQEAoZw

Transfer 1 tokens
  Sender: B4TrqgHon22vubfAJzEgAYpY14hJeMvn6XGNdfrke81c
  Recipient: 6XHt7CrURSomkQrtVXV5JuKSZY4tQRpUyQKfCDaSTYaD
  Recipient associated token account: GsvqiUbooRfqV3MtfmDmqfC98RXqTvXmW7LncGseZK8z
  Funding recipient: GsvqiUbooRfqV3MtfmDmqfC98RXqTvXmW7LncGseZK8z (0.00203928 SOL)

Signature: 5yL3GzJFYBJTgHdKUTdbCbokVWafbq2UuvqDTzb7qu1PcrRZmEpYXCiQj12n8Lt6fofYhVMhCn3HjgyJPo8tTYsu

Transfer 1 tokens
  Sender: 3J6d2mrhcoMCUxJbb3oAYLcFiYQuUmNrmQs58AwKB4b9
  Recipient: EzHg1R6DHyd4Sge7Vw38w752GX7JFRtAwzLrwZyYWAMY
  Recipient associated token account: 81yQdn4wfr5iWmpwm2Md9YrJudpdvaS8jsmzV9ExdG2F
  Funding recipient: 81yQdn4wfr5iWmpwm2Md9YrJudpdvaS8jsmzV9ExdG2F (0.00203928 SOL)

Signature: meNFyanfLaPy5KkvBbxDkE4Vfz2r9azRMKLisXzarPwbgZEoF1nEHTyzsSVNFFxnzQr3tHiDEesAZ8wuhYwNdzA

Transfer 1 tokens
  Sender: BBrkyTbZTBUnNuXmQAAdftXnDNv8dmFi3MkUMLHjBj62
  Recipient: AM5mu6p1LhL2VdHx55NK7HKycahcvL5nYWMWsSQCbxkQ
  Recipient associated token account: CoSFuPd4rdUwVAdyaEJF3V3t9EVGx7A1rdbNqPHLVEm6
  Funding recipient: CoSFuPd4rdUwVAdyaEJF3V3t9EVGx7A1rdbNqPHLVEm6 (0.00203928 SOL)

Signature: jtuqWBkmcoAmcZGWzwMBGUT2pc7B69XFsd63mefRPnBCRLLPS6ffpBb8ui7qPku7uYNTBqHGnD2ER2ksbgWd9Rj

Transfer 1 tokens
  Sender: U6MhMiJjoKUnei5V9n3BLjKyK6TXzXviKx9Cu9rqTYk
  Recipient: 8sXrWe21kjtb5M1rh1hfSM2FvRnnnmz7LrU6VqhRr7bD
  Recipient associated token account: EFHuLAvmzeCqV1neVt91P8EUUhz2azoNJ4f2aGEdfWVg
  Funding recipient: EFHuLAvmzeCqV1neVt91P8EUUhz2azoNJ4f2aGEdfWVg (0.00203928 SOL)

Signature: 2eze3LvLYEpuFjVa9zEahJqHWzuZ1P14DmNiDf8H1PcbbTq2xDrQHpx8eimnDjTbg2niErNKsd4jXwPJkb6UrkRR

Transfer 1 tokens
  Sender: AayNwfWn1gizJaSdbpMFmQjuMgP5aR21AzGNvgsm2cdk
  Recipient: H2ft5vGDSp9vQWtxVAP8mXZVNsTtrptToCQgEMLxsaoL
  Recipient associated token account: 9s4md761sp6QyTxJc9a6mh8xQpU9dUHbNhAARd6si135
  Funding recipient: 9s4md761sp6QyTxJc9a6mh8xQpU9dUHbNhAARd6si135 (0.00203928 SOL)

Signature: rd9EFgxMVSuWZg1rsGKMuW3QxYwuaavveiarRqZeemgzcD61XT6uENNCx4uqG3fGoqXrjijx2Mtur34kopY9Jqm

Transfer 1 tokens
  Sender: oDv3hfCJaEAZbCHV8orCEVWxAKBvvdBMvsvEvMCNESk
  Recipient: 6SHRL5r8BBeJFVcg8Y5u2VRvEaYYweSnYtNLjb1N48qw
  Recipient associated token account: AXaUAyf8FJR3vAkhE1MycJnNy65A4DV8u7vSFAPS7cDB
  Funding recipient: AXaUAyf8FJR3vAkhE1MycJnNy65A4DV8u7vSFAPS7cDB (0.00203928 SOL)

Signature: 2BAvQpmkRskq7rXmBtLsQAd9smiUriUSJeKdsoYB6UG9LkZCJRrXvu9AKeEbNBRpNVmpL5HU5VWKuigFV2KZALeC

Transfer 1 tokens
  Sender: 7wGUKrc32G7NyNmzUFm9MHnvYM2pUgDTyNi4z5HQSRyt
  Recipient: 7vAg7NxpWJjA9eTFneNemmB1ddsUowy7bbaDECFu4AH2
  Recipient associated token account: 9q3avSYHFGxzL7UH9KkSuMRMZrw1D2GqeShV5L4vAqvK
  Funding recipient: 9q3avSYHFGxzL7UH9KkSuMRMZrw1D2GqeShV5L4vAqvK (0.00203928 SOL)

Signature: 5xnEDhZbwVpye262XFsTLKY7yRnPR7pD1FAgZ6kTnTA4FSyzvamcCej2oYkWo5Luhs1ncDb7wWV94RJ1S2Qc8hm5

Transfer 1 tokens
  Sender: 6EJvZ9tV21S2uC3aQDVgoZ6bxfvuga2f4Yh3w8C7osCb
  Recipient: 5F83npMHRUHiQjZLYgiWAoUM5L5euDLBTfTBC2SKjmaC
  Recipient associated token account: 7CRTykYrwPkYQJp6nM5tBYmEgVLxsUTuRtEHsoYgkEkA
  Funding recipient: 7CRTykYrwPkYQJp6nM5tBYmEgVLxsUTuRtEHsoYgkEkA (0.00203928 SOL)

Signature: 5oC6pGBqscsyoz1j72nenU976KhFBviJx9z3uGH5fvD1VhUyLGwQ79x8GZ5xd5sfLdubReZvXa7E5QXBo32ADArL

Transfer 1 tokens
  Sender: 34nAUNtNhafjfHnEenjHWxUj9wNPABXPJELQ3h9Upip4
  Recipient: GP5wZ1hEfpD9TxhZzPGQVWSS6VVBaGY7J6dt8KeQuPxv
  Recipient associated token account: 7bTW2adU8SgDVhBMYoipnd9F2a4gPRcop9xMr7BrNW6g
  Funding recipient: 7bTW2adU8SgDVhBMYoipnd9F2a4gPRcop9xMr7BrNW6g (0.00203928 SOL)

Signature: 4jhxxEDaSUqVcVz535APGgnz7T4daqNE38e9aSbq5qSL5kpPFpo9GUhJbJ4Tc2v3RVpvzRyaK7jzijptehTe1H8c

Transfer 1 tokens
  Sender: 2rG5k3WJAKgqAshdHu8AzQJqkSWGkTAZv6JEqvbsJ2YF
  Recipient: qSbfqvHkYyxKmhNit2DFT1pveKQAhZDPeAud2KDFRVK
  Recipient associated token account: 5NbE6LZmME4EJGrKeR2aZ5ZW53zZyKgLnAdWkxoRZZtL
  Funding recipient: 5NbE6LZmME4EJGrKeR2aZ5ZW53zZyKgLnAdWkxoRZZtL (0.00203928 SOL)

Signature: 39EqeTiTym3Hq4fiwbTuj39a9UvQou9gaKKinxVtk6qDrVduJFSqND9nzkZo83kiJqa3CXnJqjeNdQSeNNVUrf5i

Transfer 1 tokens
  Sender: EEeNh2q9j2qw66jNPjnHr21cTqs2BRS21D5NC6nYoDiA
  Recipient: AgPhAsvcwPfT8bcAQxfyvymHdS9enkCzHDZP67ihS5YM
  Recipient associated token account: 8kCU6hLeeLnFYtwRXEVWZTqoSsKxVFbGyukoy3uxjjga
  Funding recipient: 8kCU6hLeeLnFYtwRXEVWZTqoSsKxVFbGyukoy3uxjjga (0.00203928 SOL)

Signature: 4UbCAWZup7zsW3VfcMvXvjexX92u5jTUsNKLsMNV1XqZD5uYaKZ5AoZJs7khAarq2iJ4R6zCRuvepLHdZTAeFcoN

Transfer 1 tokens
  Sender: B65ohA5Az5AotR2bpgfy46Z967D2BdUCZyHCtBdK55VR
  Recipient: 3QTRD2FfM2niZmZH1SxS6iJCRFY84DTq599gzengTtxQ
  Recipient associated token account: AgFbA6htjxkvWmgP14p9FG1uyR17oTo5NiGFHjAxcKqL
  Funding recipient: AgFbA6htjxkvWmgP14p9FG1uyR17oTo5NiGFHjAxcKqL (0.00203928 SOL)

Signature: 2pGfuW554xH3gFEdajvrFYRVwJWZLUSmrLy8GAuHK6LypKf4dsaCSAcw7kj1rGzaPbDFt6u7EPfkGC3SFvu1guDk

Transfer 1 tokens
  Sender: 6urLWkJJGMBLBKdiqCh6DH6Xe9dUpQ5uScDqZi8b15pa
  Recipient: CWiXLx6juMmaq33BPXGJ1k2DPqzfDyCQWoAsUUe83CqP
  Recipient associated token account: 3K8nmLqsNdrDTg8cUpkP44BqSMLzfQfyJiUC6t7UKmWg
  Funding recipient: 3K8nmLqsNdrDTg8cUpkP44BqSMLzfQfyJiUC6t7UKmWg (0.00203928 SOL)

Signature: zmtEqLUWdENy7sUh2dfLDfadbNpQ2FSbFSC2DvLzHSgcbpU2f8XbWA2yXUamRzrrzdvaoVUWvsW5faYaTtD57TF

Transfer 1 tokens
  Sender: DLy81JZ95DiVAjmGpEcwrU1bH5AfH6jenwpfXs8e7jFT
  Recipient: Hkb7aTyFTVbuRLbgoX4KWoKCr4L1Krahgsh5NJFAKnRj
  Recipient associated token account: 8du9grmccC2SE95y1HPvPvbHvDWxZ2o6p3SnkTH3rhoQ
  Funding recipient: 8du9grmccC2SE95y1HPvPvbHvDWxZ2o6p3SnkTH3rhoQ (0.00203928 SOL)

Signature: rBshQbneLTf9EjW4SYzBZXPb9asYNftAA6HGfb65RsjRPyJhMv7JyAP1B9bFcd5jeTPFY1RWmW2w2mJRvMiTxkf

Transfer 1 tokens
  Sender: 2ZWFKBqmJUAnqwTThzt8rjWMWUEGQKg7wf4vWTtY3dHG
  Recipient: 3CMVKpZNgWLJJgbwvaUS7dCvhnUvqZjHUB1yoJqD5Bjf
  Recipient associated token account: HG3hy1snHRQiveACmzAxapToiBCfrkZG3mReiB5Mn96J
  Funding recipient: HG3hy1snHRQiveACmzAxapToiBCfrkZG3mReiB5Mn96J (0.00203928 SOL)

Signature: MjdxrkHXaJEbEeurcW4b3bqNdpbqFAMhdx7vd2dNWBEVxNRQ1czgJv1nCUDFtikS9u2bGGHKszaoiEhPG41t6bA

Transfer 1 tokens
  Sender: DKfnqGJzPDr1WHcvv3oB97E1T88FMKfzEttirJJMTjjZ
  Recipient: E9nCqWBQbQTW8aY75TqnkGLFff8j5XemtGJm4hDLrjmZ
  Recipient associated token account: 7D75ZXbJCKBK7du9wEyxt8gNqdcsP9ZocRDPuB6hM3we
  Funding recipient: 7D75ZXbJCKBK7du9wEyxt8gNqdcsP9ZocRDPuB6hM3we (0.00203928 SOL)

Signature: 4g6bqfAVX7AYPsJ3DTCZSPx55iCgysd581qkFoHqcLuhc9LsbAywmQ9rettGKjYQ9DtdBBZS5coE4FnVmsBJNFTM

Transfer 1 tokens
  Sender: 8aWEs5yD4Zm7SVwg3oVf3usyvJ4HSydLoxWyRnjtARvy
  Recipient: 51oET2dy4vCmZ1JMGYR9hbsvsLng1vcLD6z2AZp1uq1j
  Recipient associated token account: 8RPm5iF95Rsy7Hq3u31Ci3qajcyth2EQ3Pn3BpP1rJFE
  Funding recipient: 8RPm5iF95Rsy7Hq3u31Ci3qajcyth2EQ3Pn3BpP1rJFE (0.00203928 SOL)

Signature: 51RVd17Bj2NewXoDJLf5z1pciL4NJ8xUFZAk3tgmFtP2MaUG37yh8fpMvLWQyBD3ajuDriqvPuwH6LHcTWuXeSmi

Transfer 1 tokens
  Sender: DAgSiD1q2mpShsoiCfpHCnigPUYzPUYQqNxcKQbhQ9gM
  Recipient: 8GXX8mY6N2Eovr2hgh35KUu8nhL9AZTgmWxNK4rvyaDL
  Recipient associated token account: 2zxfKnYYGhCpWkypGoZo8J6iuaPuu73P1TPQpqcZ6goP
  Funding recipient: 2zxfKnYYGhCpWkypGoZo8J6iuaPuu73P1TPQpqcZ6goP (0.00203928 SOL)

Signature: 2HKg49MG6R2P1dUJHnukfo8LrsPUvNYf9sNgFx5k5Sjk9x6Ko833KeVVwjTCcpRk47eAMV6EETMY2epb1HRSgB9g

Transfer 1 tokens
  Sender: 3k6Pdv2ZAsSs7zm4Ji8NT2JwamywFRySTtKJ5ACAXRDB
  Recipient: 5prKQeMMagRfxD35syMyQ1KoFYkaPWgEDdsne7sAjkqC
  Recipient associated token account: 53AFZnu3izUGwkrdotv1oR2RwCrrVN8Krmj6VaFzJ9ey
  Funding recipient: 53AFZnu3izUGwkrdotv1oR2RwCrrVN8Krmj6VaFzJ9ey (0.00203928 SOL)

Signature: 5WghJxFm9srhMgdM31WyPjs4hcofYAFtVTVAdyGfruprbXj9PBaZ6ar32AAXWQ2qq3oyzTvQQ9jFojzbskRmjJex

Transfer 1 tokens
  Sender: 4ZAudUxSAb4UFGZSF96dXcQCJSAj7sP25gizZcUnuu6u
  Recipient: 5Cz7GSRKnuFDaXRHeNJpHC77aqU9BY97eXNBBCVhckLZ
  Recipient associated token account: CZ3ZcNVRzbw7aaHHny9WkvtsxQqGxjaAZRNiE5apG4PP
  Funding recipient: CZ3ZcNVRzbw7aaHHny9WkvtsxQqGxjaAZRNiE5apG4PP (0.00203928 SOL)

Signature: 41ZecvBgwF17hKr5nkYinGcPHBzHDQeRq6ZCta6wLwmJdtY2ctkKiQrguf84RuQPo8yZp2av6DJgs5GtEmMxJAp1

Transfer 1 tokens
  Sender: FZ9WRXFMeUmnExUoKqjAcd1gphkp7canaxm2XksQqUNM
  Recipient: Hj8r2JfHZTJPqQuz3GWCiu8sgAnYEj24f3eaJQhRerUf
  Recipient associated token account: HQmnbRzPxnAmne7K9Gf7rY2qJdNjhxAxkKbdDvsWFqFY
  Funding recipient: HQmnbRzPxnAmne7K9Gf7rY2qJdNjhxAxkKbdDvsWFqFY (0.00203928 SOL)

Signature: 4xPGCL7FcMB5XSJzR5J3LqSJgbZmXxjqb5XfXtSkKa9yte7dfr811bVYo7Bg1axBaGtdWVJ1gyUeTZe6k8k3JXDx

Transfer 1 tokens
  Sender: 6wxsGpN7SPpHjEExzdkHXd7M6qoVZTd1G62pmkrW4ziC
  Recipient: 31MnUxA5f5rvvejAs84Q8gakrb7SDMfP6oxFGHPXbfeQ
  Recipient associated token account: 2FCDqHSYW55359gEquxAc8r1dzsRzgN2Q1H26YmSY1hF
  Funding recipient: 2FCDqHSYW55359gEquxAc8r1dzsRzgN2Q1H26YmSY1hF (0.00203928 SOL)

Signature: 3Xtn7gsZDuq4RUGaEdcNwZ5iLKLdzeYXRp5tR8nnFbUQ3PGkQkQ3s4Vog95jLUh6Pi4caYwYtD775mM1noLrZgWJ

Transfer 1 tokens
  Sender: BbZMARomprUq8TEoCBFvr6QVtRw9sZDkrdh7sd7MREcG
  Recipient: AKHkfNyVwi6muUYgkaXGFnWhBx41V7UN7bCsL1ujoVfA
  Recipient associated token account: CBdszpVnntH2hn5VTaoS1Nsx8ec8HDPtkNPr71sQnajF
  Funding recipient: CBdszpVnntH2hn5VTaoS1Nsx8ec8HDPtkNPr71sQnajF (0.00203928 SOL)

Signature: 3kmtF9XX2gC6237LdKz6BEhXSjDDGWfjXGpbNUwvH2qbdxoZHh4Su35pZpCk2MJ4yPnX9P99cPUqhZeu4sdLAu85

Transfer 1 tokens
  Sender: 44TAsb1kTabHzDoef4scYLMQT2uN5QnLSk6PG4V7wuPc
  Recipient: 45kyqFLPivyisDntfumXwFiEqtFSmHZbAhsy5u4qx4Xq
  Recipient associated token account: 5v7zncHpBrHuC9d7viL3bH9aNurRuASHmX83tPEy4X6y
  Funding recipient: 5v7zncHpBrHuC9d7viL3bH9aNurRuASHmX83tPEy4X6y (0.00203928 SOL)

Signature: 59jo2YABwQLKJtfLusM3tJ2STVjYmKZs4aEmQj6gsaTvuByjXEsdKhYsW3SYnVtRqGg4k9Nqtbn86kMZy3pb51VL

Transfer 1 tokens
  Sender: GEzFi64nyiwshXnzMZ87o7sY5bMqjDQThYGkaY1Cvv6M
  Recipient: CvVWriGBmTsq91AJCDfuBWfNrvCtjbD1otqXJrAtgksG
  Recipient associated token account: 7Lt5hEjSPJzmyxQAX7kkG9Voewxv7Nh2XbQYKE24s6QE
  Funding recipient: 7Lt5hEjSPJzmyxQAX7kkG9Voewxv7Nh2XbQYKE24s6QE (0.00203928 SOL)

Signature: 615EzrHh6XW69SmDwLcDesbyDZzWDq49ZUUonvANL7QqkZEeGMJyMudZu1Y53A2tRsh57fcEYYfyQdKRaLoaXfXg

Transfer 1 tokens
  Sender: 4zikbAYKrZYzSr9ntZBhFjutrv4FcM9dU36dvaQ4qmf4
  Recipient: CYVikdfqKK1SmPasR93k1p6CntrmqGW4YcoSYQQ2TeVp
  Recipient associated token account: 9QbxZ7eC3kmiJma3cDW3L5ErMRY7k4LwmkCyP9mn63rb
  Funding recipient: 9QbxZ7eC3kmiJma3cDW3L5ErMRY7k4LwmkCyP9mn63rb (0.00203928 SOL)

Signature: 5JXAj6NHX2J9bAKX82SKSeP2E1ZQBagJxnW6koa1m57a5xAVRFY9BVjYYPSNvmH6aU882s49zcXqQnajxJrvsWVc

Transfer 1 tokens
  Sender: CAC9XgeyBFhWBKPFAESi5Afe4dHMDMGb7vSwPPBw4GNu
  Recipient: 4cUyDakNPeMEZtJPDJGNujWLGF1XNH7WbQnheUEfD2xX
  Recipient associated token account: E1HNet3jtCUxzCuFCpYzbNsFwDEX83MTuqvcoBPCAUpQ
  Funding recipient: E1HNet3jtCUxzCuFCpYzbNsFwDEX83MTuqvcoBPCAUpQ (0.00203928 SOL)

Signature: in8qHRinTsVzBEaV7ZbHayay4UpW8PQrXfBftchTKgF5qLjuAB3a5JjFD6Lds9WzRPhwyXFNxYHcRQ2jcLwrBzG

Transfer 1 tokens
  Sender: jS7kw7JQHzL42mwcxJN686kuya3GSzbC3Lvav4Jr5rT
  Recipient: 8zfdGUKpemtzs2Ypb8reoN3A43o1ZkbwFCBNzpUeFeUo
  Recipient associated token account: 7NBxY4neEtXUSgq17Mz8RsN42LY8a8PmwE65csA946Mb
  Funding recipient: 7NBxY4neEtXUSgq17Mz8RsN42LY8a8PmwE65csA946Mb (0.00203928 SOL)

Signature: 34Kz2M4CRDp5AdMjEuZaKP4rrJmtJnsdLr9UYSaWrd3Gv7mJLA474CjY7ZnvkziftmD4fRzNk2RN8NoShK7ZpFBv

Transfer 1 tokens
  Sender: 692eaM4GRvP2vkT2qExhiSvY9GnBKpNoGkk2AevYCXas
  Recipient: 8YxFLe5NoaTNzUHQDkyabtHwSnYuVPi7pKcsNXd9D5SU
  Recipient associated token account: cPTjYY3GHbGNGkPvHTuRxZADgVn67LZkjBEfjA7VKcY
  Funding recipient: cPTjYY3GHbGNGkPvHTuRxZADgVn67LZkjBEfjA7VKcY (0.00203928 SOL)

Signature: P3vtQbYLFuSNjDZExxPXzTcoqPMdt1CvRuoQM8R8NvMSoTmLqLX1jwcZMKFYGvZcuLiNyFG3C5rHxcizZUhBTuh

Transfer 1 tokens
  Sender: 6rz9JvAdYyX1KHCnXVU49zEstRkxAJYbDbWH4DSguqHb
  Recipient: 7MHan43NcHoZE6rw8FJGC5xn3JkwEHXvacwLodHqhqyj
  Recipient associated token account: 7o7yXeDx7QDhPJjLFwidmQdHi9Fm2rqLZFp1zPYSJmFg
  Funding recipient: 7o7yXeDx7QDhPJjLFwidmQdHi9Fm2rqLZFp1zPYSJmFg (0.00203928 SOL)

Signature: 3K3miakfMR5hb7fx3Lf5Q9poLoHkqs2dsnhuNnN9oJ2GnT4VBzz8m3d2GLPucUwrdPBUTWUrX2kJKoN8aiT58F8U

Transfer 1 tokens
  Sender: 9CSbXAn6dGKwf5LFcopBpaJ7bTY5Y2qMbdHNByxjqYvC
  Recipient: NR6XgjzTC5xSFVc5xeEyrjSxNrpxnrqgwh11GZaMmbe
  Recipient associated token account: Fet7y3LQyZx86hkSiyMRphCQmXquLNWavhynzRebxND4
  Funding recipient: Fet7y3LQyZx86hkSiyMRphCQmXquLNWavhynzRebxND4 (0.00203928 SOL)

Signature: 3umSM35EbyMrbnGtNhzEppdaVG1XXyRCaepUoBV3EDjgFYzgWddFaEfSTcWPXz9gF41rQiPjduigPtiuZFgyLe9

Transfer 1 tokens
  Sender: EJVh7QpNnRbqHZAwKmyAa14ku2Rf1Sy13pMPqrHHr9qi
  Recipient: 9K4XUuN1rm5ErTzCH5kUg6L3KjC6SvMKMmtspar5HQGi
  Recipient associated token account: AzwCn7Pbo5cLYZsbTLUSxj1QYdgVfu4tZ2nQMWn8dAVw
  Funding recipient: AzwCn7Pbo5cLYZsbTLUSxj1QYdgVfu4tZ2nQMWn8dAVw (0.00203928 SOL)

Signature: eAqgkWpvc6JejtXHQgRP3HCBcWF4z2HrfQzfrXWM54nC9FksvUVfLdKhnrrNGMhCNcGhxx7btWoYuY9Q7NXtNhH

Transfer 1 tokens
  Sender: H8F4D1S9z69TaMWHEmCsuSd1sT7jhUuimzMaep5GX92d
  Recipient: QermhurVSebxf7aV5PbCJ16EMLtjShpyFtpifUMKeqW
  Recipient associated token account: G2hYDvaCVi4PHVZF9DW6Re3GmYaurp95JMLYcEHde7W3
  Funding recipient: G2hYDvaCVi4PHVZF9DW6Re3GmYaurp95JMLYcEHde7W3 (0.00203928 SOL)

Signature: F5d1zof4SayEUkdhSD6rjorGp53TuCGXqob824bnXeeJVj9AhRuqkFUEd4EMYfyJwarfDKoXEhGz8UGQsA3UojQ

Transfer 1 tokens
  Sender: 6A2NPm7gpS3swjjXxeSjvE8t3PffEneW6UECvg9kpa2u
  Recipient: GwSC8dXcgveASujxk9JJSpp2eJcKwpHGMJuZetqhEvWe
  Recipient associated token account: 4p6pkog8UiKm81x6ZESsgPDWX56WnkqkHF2u3BYJGPXC
  Funding recipient: 4p6pkog8UiKm81x6ZESsgPDWX56WnkqkHF2u3BYJGPXC (0.00203928 SOL)

Signature: 5eK7u9vvgE7tqoXV36hAm6hasn7VGD5W4NkEChxQQfRq7ZKPkRSvt4REPBjprZUnPAAuENtvn9pAS7WCtJmx3ZaD

Transfer 1 tokens
  Sender: HJMbrDUB9SkUXrocQdp9TJXkDpTgERuVmJKHZrY2J1i2
  Recipient: 4mjHt3pmKZkY8tr7ayT5kBwcmMpK9W4rVwfU2CjBUz86
  Recipient associated token account: Fv4fNcNERQQgLEKYpPBngBuyu7RQYkGRY7RbL75U6LKL
  Funding recipient: Fv4fNcNERQQgLEKYpPBngBuyu7RQYkGRY7RbL75U6LKL (0.00203928 SOL)

Signature: 5gh9DKSyxURhmK13RdGFRN2NygbeaKwdKuCSGY7CVNm8YS7x36iX92voohvxVJpoDme4DeUkTn6kiARsx7bbXH48

Transfer 1 tokens
  Sender: 4fk7jQzcq8VCSDcoyCqErUvmipS5vS6YV7Fy8oRVpqFa
  Recipient: 5NVmQU5Ph3zDaW11hJ9gQzaeSnCtxgNWoJtwGhVrSZuU
  Recipient associated token account: rLe9Gzrf4WhhQ4RNA1uurYNhEggR1hQDy7VcwKnx38g
  Funding recipient: rLe9Gzrf4WhhQ4RNA1uurYNhEggR1hQDy7VcwKnx38g (0.00203928 SOL)

Signature: 4tACaD5NTooHsGzFjLD7WJmaatMkxxmiE43c9Jp2rxZf54NADLPZ392dA8JWJGqVrkfA7kY47o5pt4DUnC8f6L3V

Transfer 1 tokens
  Sender: A4rN8jCEeE4djoaUhhge8gyz9UqmXe7pantwuYmqD5RV
  Recipient: AzjB7d1b85syjMDsjo66EY7WSe2M7UBYb45pRFyzMPDS
  Recipient associated token account: 4asV3MutimfC9T3e1WvuZWgyHmqFDoq2P47x2o61Yd7Q
  Funding recipient: 4asV3MutimfC9T3e1WvuZWgyHmqFDoq2P47x2o61Yd7Q (0.00203928 SOL)

Signature: 3mdgwH4HUfYieqcRYz7PeFY7KhayJ77CM9CLbak7ay37L5TjdeDKj5iqUpmZAifsAk9D4j8WTM7N8woDSQUtsyXu

Transfer 1 tokens
  Sender: vbswkFpZeZHJ3fwKXg4tPtLSo5jh1wkGknKWqzAPRMP
  Recipient: 3H1wvZqJgy2v5XxaMLFVtRnMeN6H1t7JrenehfQcn4qk
  Recipient associated token account: Eomi824cs8PaQDNaXA4W2BXY6eTgdjmZHajKWiSiQcoV
  Funding recipient: Eomi824cs8PaQDNaXA4W2BXY6eTgdjmZHajKWiSiQcoV (0.00203928 SOL)

Signature: 4Q17iG4r1wJWreoeDR4QSoBVVQaNecVWy9xR554q8RYN5T5HQgct2CJWVywUMqJZckXCZsjEnJmyDWSVgqzitxMc

Transfer 1 tokens
  Sender: BcKPNmz8y1v6TUazZKe5nnqNNjBqWASrxYhdHSvkSfgC
  Recipient: urKQ3q7qrRytMBhoJ8jv3C3743RVFaV3wE6fwPoxmmC
  Recipient associated token account: FwkTxHm2843xdVETApo7SS3q3BB74Bif1M2QH4hVfink
  Funding recipient: FwkTxHm2843xdVETApo7SS3q3BB74Bif1M2QH4hVfink (0.00203928 SOL)

Signature: 3Bq5iuhZLUHpnRkyYMg11xBG4m2ro7FiJYQpJ8poT5z5ZBWEJYrefDuy8kLcGFmGkvKMPzzFXSt4SpJTqK1bXHsV

Transfer 1 tokens
  Sender: 3LuRHLw6ST76PTBgAFXnRNm7dZgvBgEg3fDk8253qgNM
  Recipient: VbYkvpozAUngofL2zjKowimvU9QAcAsmLk1UqntuHBk
  Recipient associated token account: 2C9oDGQVPKm86VVVfQB1NFSD5gNBysMddi8yc58J3qWT
  Funding recipient: 2C9oDGQVPKm86VVVfQB1NFSD5gNBysMddi8yc58J3qWT (0.00203928 SOL)

Signature: TW68BTrschG844WDTwTKpErRnzzqx4h3dtZRDnkqp6Xc6RvR2hYqGcEnTwXDaz722vxbMPMxTFd276Jd91UyR1u

Transfer 1 tokens
  Sender: CXg7sybdKpHVmdYgVSAEhyjodFQrC7urz84pN5jAW5ZE
  Recipient: bae93fAqQRbzRBwLnC5ZeDt3j5uX23nD62B3pwvpgXB
  Recipient associated token account: GurtSM6NGaGLTBT3y1bauSY1Ej1FfC2XD8AjguAug75T
  Funding recipient: GurtSM6NGaGLTBT3y1bauSY1Ej1FfC2XD8AjguAug75T (0.00203928 SOL)

Signature: 3p3u2ZbZHbN74Gp8fdpajP68VhrTDUtocWBE1Uv5GzNHhWrVXYC72NdrqtjxopFh44Uepz7kRP7UUsd9mghuDJyF

Transfer 1 tokens
  Sender: DfH89JQAid5t7pqrPCKwAs8kdBWS1LLqDMrFjwhykdwe
  Recipient: EpuwepKibc5ceyDXsGaiJGD3hUKgHQi6xmmdM42MnBCa
  Recipient associated token account: 6Xe6qja1qLfVC4LMoB5rqVfNpampamhS3cY9qcJsAgaC
  Funding recipient: 6Xe6qja1qLfVC4LMoB5rqVfNpampamhS3cY9qcJsAgaC (0.00203928 SOL)

Signature: 24AddXGP2oNQCfGXRocdqtLK92Gyp2drrE5fahTrULvFusLxm3x9wejNp5ouB2bAttubqwKJ2ERf49RTA9Cf5Cmh

Transfer 1 tokens
  Sender: 2BkRjMhDXAQNZKyhTjg4wjdyQrv6MQPsWLcErwnzR3Q5
  Recipient: 7fMfhKhditDthwe2cZ4TUvG5NYxBm1woqkv9AjxgbDgx
  Recipient associated token account: 9k8Hm36za2NvnQ6cThu79Vj9Ys1VrKspcCWnoRoPaM5W
  Funding recipient: 9k8Hm36za2NvnQ6cThu79Vj9Ys1VrKspcCWnoRoPaM5W (0.00203928 SOL)

Signature: qrzCPSvk9pDr7Ryj2QBfTFBq7JSyR5JPYYkApFKdEFpqzEXzmFvkoPxMMCzTWGyhTb7tM355a2fU7otBnhAxi9E

Transfer 1 tokens
  Sender: AgVHmb6458VsQss7D78YZ4aLTg4dVXVdAAYWxMzidbtA
  Recipient: 4g6BSguzLyyu4KrRgan1wZSS3TdvyBU9n6VBiykUQo1z
  Recipient associated token account: 6MgSL6fEszk6rDJUAFY2q1DsG6KzH8Kj3syj1ZKQx5za
  Funding recipient: 6MgSL6fEszk6rDJUAFY2q1DsG6KzH8Kj3syj1ZKQx5za (0.00203928 SOL)

Signature: 36frwM1sefSsyjXwVQpLSTL37kqCkKpjfhChWu8eZtCML2n9B4yw5s32wjr1RW1hGDhFDXr9EAMVag4iuwUyAnZo

Transfer 1 tokens
  Sender: 8pzeV1NJ5FfqgERSPVDCWXeZf4LfEtZbakDt9GxRiNFM
  Recipient: 8pgG3rx8FoQrk3wYdpL7vDzZR6iEF8WqmPAwP8xS1TNu
  Recipient associated token account: CVYKJ4rZi9TwgjuRMT61RYm6hG5eKLaFXTpqBnHEjNHk
  Funding recipient: CVYKJ4rZi9TwgjuRMT61RYm6hG5eKLaFXTpqBnHEjNHk (0.00203928 SOL)

Signature: 3fwxss9mD39QPrbvsypRaRJeKVyKX1WLy3TYQEEXPiZBgEiHQTg2aJMPEjvW48xpraV4eHKEnyQUq8sv4okNGXQJ

Transfer 1 tokens
  Sender: JEBGoXKgbg67S5BHnWb8SMLeDVRhWYiiVbMxk5dzD8mS
  Recipient: H6pPKHK9dNkvhofYHVa4QJxxcus625SpkzQuxLuDmgwM
  Recipient associated token account: 8Tx6dmdVtASm2eCVmU4VZUMMsobdPByuGT9ZE2gi52w4
  Funding recipient: 8Tx6dmdVtASm2eCVmU4VZUMMsobdPByuGT9ZE2gi52w4 (0.00203928 SOL)

Signature: 3fSgXUyGm7wVzoQvGv6UKTAWw8gYuUsPajsyuxp2Ti5RPq6AXrfxJULLuaVWDkxDcMmfAzyWu24PopdkVxWMmgRP

Transfer 1 tokens
  Sender: E9Xz5tmzx44NrRZbKPmyUzcQ9EWo5mjfD9WhpBUQ7Yws
  Recipient: G4yn6VjDQoRRgqKVt1fp2uei3rFHWWKA5JwWPMM4eCgT
  Recipient associated token account: E7Z54ENgFxifPmNE9gnve8yM7rMVxmiJ7trqitsUjv72
  Funding recipient: E7Z54ENgFxifPmNE9gnve8yM7rMVxmiJ7trqitsUjv72 (0.00203928 SOL)

Signature: 4fo9RoY1MftKdtXNciWWR67jnFkKDFKKUgYnze7yuH1skHCEJ45DPKvavrrusNtoqyRXKvJyGRHi6xjySDryH7Te

Transfer 1 tokens
  Sender: EPQCoyhYeLwfVQG4YoVP3fx4V5ZXuDeGVALFVS9xKxyd
  Recipient: 4jqUxjcucC5zLXCx7ipMy15ksx2YUBms5C6dN8BLT5HX
  Recipient associated token account: 4k3RhDQk8DPytozxcKuj11yYDd4waxxNirTjFuW8ufdv
  Funding recipient: 4k3RhDQk8DPytozxcKuj11yYDd4waxxNirTjFuW8ufdv (0.00203928 SOL)

Signature: 2b7oPvFECsNoqMPXgSfjgqZDjAPz7AKBdDBTUDi1LTDNxPkHn8jjmznwV63pS1nAZqL967SJf418QXfS29NnY5dB

Transfer 1 tokens
  Sender: G3qCHGiX9RT74dS8ycaqPLkc7XLkhwS8d5hG4U15LExg
  Recipient: Y1iUozoALJ7qc3kmJCCCdoNBHnp345TnPyBRfVHBeme
  Recipient associated token account: DVRsoNPunttTjTNyPUuiXZyLBrMPck8F9i2Gu3fKN5Ub
  Funding recipient: DVRsoNPunttTjTNyPUuiXZyLBrMPck8F9i2Gu3fKN5Ub (0.00203928 SOL)

Signature: 4KRsa361dfM3aMRhEw3Jq1RsDjmzHu6afaELKnkCt6kVUSSyCHRMD8RjWevfksTeUkLNhFmWEpRGLEg8wwcTLvtC

Transfer 1 tokens
  Sender: 42CoKBGDJWiPcCX4dJRQUXrGvCY5iZPLfz81o7P4aGRN
  Recipient: 2Knz5oKP4VsjF9PkA7WCyZWZsBig6zZMcp9FH6aRLwjP
  Recipient associated token account: H4QD3UALgYz5mKCwe2kDTyXWFeh77GhV72EELvwXdqLh
  Funding recipient: H4QD3UALgYz5mKCwe2kDTyXWFeh77GhV72EELvwXdqLh (0.00203928 SOL)

Signature: VtK9rmtA5X9TtdrKWyBfVV1PewSMC2mHAqsZ47VM5DrXV6yE1k7swxYwRdVTwAdTTYebZBvfGPZMuKU5Kxvmpe1

Transfer 1 tokens
  Sender: 7R5de6bFaU2x8yAsyL5mzKHbtePwvxWgVJfNZiNKj4dk
  Recipient: BMXjn9FCipSMau57i8J1vBPrm28zkAhMHtWrPzYLzxMW
  Recipient associated token account: HiXuXCu921Sq5vvNPsbgmEpDMT426SdE8tSbAjeagt2G
  Funding recipient: HiXuXCu921Sq5vvNPsbgmEpDMT426SdE8tSbAjeagt2G (0.00203928 SOL)

Signature: 4STm1qgxBQPriEze5JEv2kM2ttdWVW2Lgge3pzWq7poCo72nVt19dcJLAWLJnHQTBffPMrxXxiGxcobrnhYWUzEc

Transfer 1 tokens
  Sender: BUvEC8ekejzK6D6f5eTTtuw7uf2MH6SFK2nADVdYkiDy
  Recipient: D19N9udTVk5VujnBcmki6DTQMnRJCcZYs6yB5w3zk9HS
  Recipient associated token account: 5K3hFn5Et4xR3SbA9RLPzw63nQUiUGLfYw74YGQwHPwo
  Funding recipient: 5K3hFn5Et4xR3SbA9RLPzw63nQUiUGLfYw74YGQwHPwo (0.00203928 SOL)

Signature: 2Txqnhiu1QmyhBie9gfr6F9YfxxXhAjUQPAWammFkW8oa1E55jyrKUjR1QgxR5PC45m5VPivm1fSS9qyW7L1uDiL

Transfer 1 tokens
  Sender: 5TZwu6Cku8bRmAHgyCkhxQkSDVXxaTqzHFiTypdCfQQq
  Recipient: 51oET2dy4vCmZ1JMGYR9hbsvsLng1vcLD6z2AZp1uq1j
  Recipient associated token account: 22VVQ1kn16Bh6QGJbpM7Xb29oriyy7oRj7LsRquTFFYC
  Funding recipient: 22VVQ1kn16Bh6QGJbpM7Xb29oriyy7oRj7LsRquTFFYC (0.00203928 SOL)

Signature: 58pnT9Y4AiFwJH5XkTAqgFY6eNCt7RQZb3LDeRV4RF7faViDfmSC3WsWGd4mQxNoSjg19ngkWjtfiLy19MnUmTHA

Transfer 1 tokens
  Sender: FNUbJ5S8fWZ4y4Yksthe3H8paf5b8t4iSrAMjjaLRMqG
  Recipient: 3QCo4nbaPYJprdm3ShVoushSZKnyFjiVK1Y9u1ornBS5
  Recipient associated token account: Hn4nb6rhcLJBKxtuaif622Fwxsms4Mnouegb1WnuVaLS
  Funding recipient: Hn4nb6rhcLJBKxtuaif622Fwxsms4Mnouegb1WnuVaLS (0.00203928 SOL)

Signature: 2P9VgZL3YZCBZcL92zMyvXXYGh2k3pyzKrRyiD5rwxtixTCAHctUnRXb1CEGZ2Djeb6onysNt2zmoui2DXWfC8iB

Transfer 1 tokens
  Sender: 5Ricvq57czJcHzj9xY6bdxDy3Zf85AxrCpY3obwBkLDU
  Recipient: 3UkouyfZHSANpUrm77qpUufTN3EnJvDt2CrC3JwG42np
  Recipient associated token account: c6MQyTmoZ46cUWE5tj8xdgbf3BYJjaimsbqivFCr28L
  Funding recipient: c6MQyTmoZ46cUWE5tj8xdgbf3BYJjaimsbqivFCr28L (0.00203928 SOL)

Signature: gZq5CKLUTNQurdhBm4LAyBWf8DMftrUXWrvdFtCSeMYX5aanY71D4B9P7zBxSQHKAyWQWKdJK8QNzVRSyjjnbyb

Transfer 1 tokens
  Sender: 7WXCkgQEbfP9eqN3WovWrng23oL6pUmrdhDcd1PYAhjx
  Recipient: 2DzYEHSAdipFTSnajxxE1ihLaQdbAF4hcBSk5a263W8s
  Recipient associated token account: 6pESCk1FyoDbufxkzCLqMm5EpTGDZDK5L44y1UpSBdRK
  Funding recipient: 6pESCk1FyoDbufxkzCLqMm5EpTGDZDK5L44y1UpSBdRK (0.00203928 SOL)

Signature: 3bvfn432PgdCjPjGATRkcWijKoYijgPk1ezyYhbcAjeyLJSXYtXyHM7eK4NPrhxRFwE9zWngpozUsFtbHuevqoMW

Transfer 1 tokens
  Sender: 5CyBqMHwEvs2Paa9qKSzHpxLD8BtdXn5XcNkLWHgtSbp
  Recipient: MvogSQTXToXV7MS8hDbvfWGoELDtR5Z75SGMUNiUddN
  Recipient associated token account: 6WMT5jgioLyRP6AiNsDH1rKYiwHFDwa9GdfLwtcmGXon
  Funding recipient: 6WMT5jgioLyRP6AiNsDH1rKYiwHFDwa9GdfLwtcmGXon (0.00203928 SOL)

Signature: 3vTXeh5CwBjkoiqM9m3yFXpKs6rUfpzceQRsaQsi3E5tQdGmHTH9CjWaTHPnsd8iyHYMNRsSYq7JYRoPSnK6e6UZ

Transfer 1 tokens
  Sender: F5eebS2tE3n8hQtGNE6XTWdQN9xWdXCDUEEvLqj1G7GS
  Recipient: 63v9R24nrAM95WYcYhZjJpYchudhANCDUUwgrqnrzGF7
  Recipient associated token account: 9511LPwHCTnroVuSWir8RUTMmMePSjCxxukw8EcaE96k
  Funding recipient: 9511LPwHCTnroVuSWir8RUTMmMePSjCxxukw8EcaE96k (0.00203928 SOL)

Signature: 2M9iSCN7u8ycmvRtmfXiz2VaxXRphesiQvHbEJxnCcbTyAXubK32JECkSzAwGY2nFyPUbaucJ7goqg1qPJTTRjhh

Transfer 1 tokens
  Sender: 7qQNpmjbQeK5CUEiC4t7nKq3qdqyAS6pJX3QbEHD1VYo
  Recipient: BcwzmAJunqVo7M9PHuUn3srQJX73bd9xr5fJseCDGAZm
  Recipient associated token account: AgQ4fyP9nHjNrXP1tUDCJnjy4azwFYrQy8rpuL8Z55DG
  Funding recipient: AgQ4fyP9nHjNrXP1tUDCJnjy4azwFYrQy8rpuL8Z55DG (0.00203928 SOL)

Signature: 484gGSRtiruyT254arh6MdqCPqXScrdorfCykoGvuCqoZruptwufqstQhQ9jSyZFq4jWxZzKbqg3mc9x2pJqPR2P

Transfer 1 tokens
  Sender: 5jk5YfitRdTVwKn9zgZNdxjUDBtjHQJPsgQUBxb5kecZ
  Recipient: B5wGRziAmbZ6NMGwatX7s3rp9tWzDL3fEJojQwh1JREe
  Recipient associated token account: H1nidSgH38xvjg8Dy6untbHpob5Lcy6jyPuHzppExc6R
  Funding recipient: H1nidSgH38xvjg8Dy6untbHpob5Lcy6jyPuHzppExc6R (0.00203928 SOL)

Signature: eXsg139dzZHsRELdniWoq3WEWA1JN4aD5H3adM5ngNWH5RHay1ryLWvU5wnNvxtA2ZtsToya6z9ag4FJWNCowWe

Transfer 1 tokens
  Sender: H1x2Ficq2iibwPNRpiv6o6b4Hxxx3DjJF6f9Px7x2rHb
  Recipient: 9v9D9kvePLBANY4Zx2PUzn75dHuQMMMcs7mZLYy3gMaF
  Recipient associated token account: FCpBs7AMZSKLuwauJqfvHswFiSfQwfkUJwiwW5bmVWuD
  Funding recipient: FCpBs7AMZSKLuwauJqfvHswFiSfQwfkUJwiwW5bmVWuD (0.00203928 SOL)

Signature: 4hmG6aemaqZ7EMabUSNmRucANF5T5eXjvWAApGvXuE4UV3RQECrzaz2Pnx2g7bxWdKnG4ZNJKfMvGpjLggd5MyTf

Transfer 1 tokens
  Sender: GS8wuZEncvQ3jRpu7Lesqub2Ku3BajyGTrBUpYEKwqfy
  Recipient: 24FmjG8Luc1cTcyDpC4uT5NahaKH8N5nr8M4AroYMPyo
  Recipient associated token account: B8a4KmEF6ieezi7uyegxdT5rXYj1h1rx8B2fQkAj6L9D
  Funding recipient: B8a4KmEF6ieezi7uyegxdT5rXYj1h1rx8B2fQkAj6L9D (0.00203928 SOL)

Signature: 3K9JXjbfiJtvv9GDEsBEF6txLzKYfve4YomtmMiKJEBtXGrB12N7c6LJ9RBMTPWvFQc9h9hpT8giChg9Rnzc87zX

Transfer 1 tokens
  Sender: 5Ak5KFL6sTCoTWxbApdabKYE6SQPvKoJUXauLyBiYaWR
  Recipient: 54xrf4N6fvDUvoMZGP3z7yL6bY4c2ZB2pd64g892iSuJ
  Recipient associated token account: 8NjraniHtryA8F67PkSwDhLfDhDExfY9kSDmXKVmZrMe
  Funding recipient: 8NjraniHtryA8F67PkSwDhLfDhDExfY9kSDmXKVmZrMe (0.00203928 SOL)

Signature: 22WyeE4mLPpmP7fVs5eRH8zJzRgFD97Vbj2dmf2nDyuqkJsiH5vbvQweUdrP5uddZVUHJUyptt3zfDNSQjyVZxj1

Transfer 1 tokens
  Sender: 6prtnNLt7zgNmhp9yEoeaHzFYFXXVoMfZdezZniTtowe
  Recipient: BUT9zHC8NUvx88W6QHhJ5TYLa1L7VwXQ1JtNXCheizHW
  Recipient associated token account: 7HxZ2EzaruUaWWzxxq2CkCVDsX4CZno5PwNfKkgRECe
  Funding recipient: 7HxZ2EzaruUaWWzxxq2CkCVDsX4CZno5PwNfKkgRECe (0.00203928 SOL)

Signature: 32ckG54nLDBPA4KYsnLRPGoDugAsKJKC6cQTBTZrPv8PyJeHWCR57fD3aEtNxX7fx8kLgewV2UjK8EpaGpZpKzTZ

Transfer 1 tokens
  Sender: Cb5FfuJSmN9m8aDWiLWcJisc74t9Yh1tpoUGELmzPa5A
  Recipient: 98hCouUM97hPPExNDMzJo4ij2hZ3ouCyRjrLeeXFqCok
  Recipient associated token account: 7xczkbTqR6d15E14bcEe9D6efQnaxNp5WLbG2eNWousv
  Funding recipient: 7xczkbTqR6d15E14bcEe9D6efQnaxNp5WLbG2eNWousv (0.00203928 SOL)

Signature: 2d5cTFQKuEQ9TiAd7uXNUDQdfXog2fzjMktyCqvstQ5JMgAe3gWvJ1mgaP4UMnAdVbkcqG22KJqfEnkMKo9FND47

Transfer 1 tokens
  Sender: BLK8zJxpRW4exQwxFZELbKpTBSohajDAntbu5zHzBTvj
  Recipient: GNbUYvpg6mEuxvoZHRW7PfQgiAVn6t1k8dF8PBKdMweB
  Recipient associated token account: 39LMRFxeGnZBbFDF9kXWzhjPQHcTknfJm97BKcAgBQdG
  Funding recipient: 39LMRFxeGnZBbFDF9kXWzhjPQHcTknfJm97BKcAgBQdG (0.00203928 SOL)

Signature: 4LUjvrvZyU9XNeg15FPbXpuTot5ojS46N6r1p9BKKKUnSn7hKVvimm1QA1M9bwEjzzGztYuzEkPsz8aEt5eCfARR

Transfer 1 tokens
  Sender: 6L1NELAzLS2AKzNSR8XGTmvUoFcfzE1Ep1z8kj5DkxUB
  Recipient: 33t9ZS4Moa6VQz2FuiRw88mbiaM1Eb5eW8MkMTCgqLoG
  Recipient associated token account: C6N6YtqWncryJLHmg256gvUXEJRLnPxRdsTuWv6aQrE7
  Funding recipient: C6N6YtqWncryJLHmg256gvUXEJRLnPxRdsTuWv6aQrE7 (0.00203928 SOL)

Signature: 3BV3ENoQT6UQ86fgsBnp32CVVg7oJmGyFwbrgn5nLSkvCBtJiQVYLWoNb7CihqnzbswuCfD6bBACo3njGcyHgVHb

Transfer 1 tokens
  Sender: s9h9bcFa88q4eP6SZguqFynNoW9YTPshEimCWhndZcK
  Recipient: 7oKREfeWiprPMoBEbuA7P8qC2MrKfbCCoyN7Y4uWeMjg
  Recipient associated token account: 2qPwwi5QRdjk2CQAR2ZJgWmuwNb9t889DV5hKbJujCEr
  Funding recipient: 2qPwwi5QRdjk2CQAR2ZJgWmuwNb9t889DV5hKbJujCEr (0.00203928 SOL)

Signature: 4rPky3nGrMtgBhWdat72NNAWfKwgsF8WMdxPCLzJeFJ2cyir133DCrUtmU3qpAzNRxrw2Zonkwqpfx6TsSsnsQMX

Transfer 1 tokens
  Sender: PrV4BHu1RfeddFQztwKjUNwdYVmBomN5brgKKhNniPb
  Recipient: 8gCfJGyaXLbAbBmEK63ADQthxJpf9fMi7NHGhmLCn4tV
  Recipient associated token account: ByJrRGdgjb7xzCXYsxgxkgrxdXzJ3CfmX8NwKNziyZkB
  Funding recipient: ByJrRGdgjb7xzCXYsxgxkgrxdXzJ3CfmX8NwKNziyZkB (0.00203928 SOL)

Signature: 5ip9NuMQyZv3WpwoZRUjaCK55fJRSK9Tr3zZM3ExsLTNz1LKxvBQrjjaZBUkG7CXk6GQhL6bavMoc57y3JU1eMFY

Transfer 1 tokens
  Sender: D8U6CZmGKcT1JL6yQBw9bPVwEh3qkW9waKcdniaBWt2X
  Recipient: 3EU5MdJrz8CkBNQhx76HnmKT67247u2j82RTskq4Usgo
  Recipient associated token account: 9L77pc4MkzaDSsS8cf1fLVKtXKFYgrRvWaRisDumXLps
  Funding recipient: 9L77pc4MkzaDSsS8cf1fLVKtXKFYgrRvWaRisDumXLps (0.00203928 SOL)

Signature: U5nYEaziV5GWq8yi3QjgQeL8ujP3TGVJkYLE5jRDe6pct56k8bVXL5PbQBqUJ1ESGXt762Dg6phu1aeB2aPGvcM

Transfer 1 tokens
  Sender: CcnzGpTDmYq4FuWcgSbfucwkXPwE3ykcfJLiDUPSchXX
  Recipient: 3VWia87hNkxgg51heFc9z1GtZdmSuC63RGtFe98Nnsbb
  Recipient associated token account: 8oFVYGou1H9UhHwNA1ZhuVHLdUiQX1jUsU7wN63JrCdP
  Funding recipient: 8oFVYGou1H9UhHwNA1ZhuVHLdUiQX1jUsU7wN63JrCdP (0.00203928 SOL)

Signature: e7RngYoDnKyaAxe5aqLBqpqLxWhXcDSGXFhZcMqWYVRAynNkCwjcSRjsWGdfV5CiVN29yqEtMZvocxrd9kPtVbp

Transfer 1 tokens
  Sender: Dasp6kDbznCAJGJtbuaYL7zy2Jja9uEv22DUjnnVg8YT
  Recipient: ELNus8jcmWsUAcjDeHGCRGayqy9d7ScR1Eh5e6AUYKRm
  Recipient associated token account: Hxxm6R5GWhw49hYnD6Vz2kYnPzsuNtPPVmJX2MHcmqcT
  Funding recipient: Hxxm6R5GWhw49hYnD6Vz2kYnPzsuNtPPVmJX2MHcmqcT (0.00203928 SOL)

Signature: 4YUsFT7feV7KTMjpByKnnkxaNG7XkhQeHcRCbV7ftiMN1nZgepK5DvgH2KsrmM5GKjiYQwxr7fWMk8BVuH8aFi3x

Transfer 1 tokens
  Sender: 8FEnyqizJJFtUe4aaTN5tSnHDQX5UuWu8jUAtq3Wna6w
  Recipient: 5ssu1FQCAxLQZUbSnFXAuPn2eDaZBTWkc5QBChh2yxAa
  Recipient associated token account: EnKpu5hXWy9pnXpZUwKtTMmjF6erGV7QJ2RySzDtYhxR
  Funding recipient: EnKpu5hXWy9pnXpZUwKtTMmjF6erGV7QJ2RySzDtYhxR (0.00203928 SOL)

Signature: 3gnMVhemPrYAL5MrbNPSA6FcJWy3pKwNFhFbqYVNs3zYb2ivLNzcHjxFZ3P2Zcf5xDbTLsyStc5HU8KyKHs6N5Rx

Transfer 1 tokens
  Sender: HTiXcBJFmUgLM37sVAox82tQDpMCzWT6w8j6SFvG692f
  Recipient: AkdfJa5NmE1pQt3Ai7DpgDg8kryN5qTZirp6LQcpen6R
Transfer 1 tokens
  Sender: 3hdx2U6tnQPZJKXt7d419QPijSgAsZF3bKi1XVeWr6RW
  Recipient: 7sRAajpNsMhvzyhBut8vX3XgmeQMRcKKX4LqhAvFpg4w
Transfer 1 tokens
  Sender: J26Lr2GQSAf816KwoiuUvwWRseShq2Ejx3iowXTE6rkC
  Recipient: HCtzVd9MmEeZ49xQ7m5TEwjXboJJzyfn1X7Efjc2m1jq
Transfer 1 tokens
  Sender: 8MjZ9qmNGYgtrubfiktPSFiddiD5aSGmMtN6tcK1d5SR
  Recipient: DpcyLbVEHYzLQYTKwK2uUHqYSUFA38e1R5hH6Ujoo3c9
Transfer 1 tokens
  Sender: 5uyXXB8KnMmA8u5QjkctGj7bsZ7MX9yfzDK4DqGSQuKD
  Recipient: 8MSWUbuqRayDcqiuPeba3MA5z7nkuaAgCocr35AzivsS
Transfer 1 tokens
  Sender: ELht2BDUk4ufkGMhMwCZp8YJmaG2Kz6pXc3UTd7h2nZP
  Recipient: 2YCagYpRQAbRcPXHzV9Begu4w6VnWz4amVPwhcgMfC2u
Transfer 1 tokens
  Sender: CNgHNx5pWUqX8cxCmHX1Wf4KBLCefg7Nu5XLC4UafETp
  Recipient: FE3YBXN4BN3acC1c1ZaqGwPfdhxfVHpePzYvWfGG9ot2
Transfer 1 tokens
  Sender: 2vRnFQmNrv8coEM9aJr9BxPSd52VuRUheozPzgj18syR
  Recipient: HKmC9VR2rRdGMcNcdGVPqAYWnnLBgmFFDur2qYUaeRXR
Transfer 1 tokens
  Sender: BJwaPSBEVWoKEZG4MA6TCLdyUpRfa3CrpV4jYstfEGT5
  Recipient: 4NtDfNisGfAYqzXJih2hv4vqKwAd1jhmRZNceLFUzstR
Transfer 1 tokens
  Sender: 498SCyYtdmArawXbQsfVacqd6pHh9fujEgLLxaE5aghA
  Recipient: j8oLFiDm5Eiy873RNtY2Z56b1DVZrW8i67mTR1BLsLn
Transfer 1 tokens
  Sender: ELFt1yL4WJCu3A17zpHxMMD87YbrkjPcRVp6WpRNYHXY
  Recipient: 7ZpuSrxBsMVQ8z4GPdTvzsVvaT1qEw5yhRgh8fHKdDqP
Transfer 1 tokens
  Sender: 3bYD1ywEZ7nd8encbEoiiLujZLCCLaif4VowDDyTvKHw
  Recipient: C9u28tV9EcKf6iqCxcQvh8M4fnxtWU27vmS3gVwwVKSm
Transfer 1 tokens
  Sender: CuNwgB3iJ8rJfHqcqgTFR6YmNLx3T8oPrbcTyZYfgUpo
  Recipient: Bv4HytuReCvPRMofF9FoE2XRLB7SG1XsEsQqSU42SbuZ
Transfer 1 tokens
  Sender: HJYCSCkawD3HeVgJ7yoYeWp4YppNz25Y82kE1f52MwQY
  Recipient: 2ySnCKDw87CLGeXzpcd3GXQjn9YfEWraBMBR7iq7b7UX
Transfer 1 tokens
  Sender: TQ6L4s6FBpnW5CDyTfPPTWgVQvtJosjow3SAxBGEMmZ
  Recipient: hvabitdQRrBVoukkDJbEob9JNBQeGb5UViJyH3xhgYS
Transfer 1 tokens
  Sender: 3oTAxLN5jkVr9gpAqg6guTXkpDhctnhf37H297DBBtYs
  Recipient: 4ZSovm9eppfPrsiXbnApe51uQP34rSJMnMUz3cMBswAJ
Transfer 1 tokens
  Sender: 6Hsm6uwaJMpkMk6YpEDSQmywbrm7hHt5sMx9ZXmzNDeq
  Recipient: 3eucHmLaRJzL3d3rzYx94KvxcVhR4ESLo9R9hhb5Snbo
Transfer 1 tokens
  Sender: CyVjZzuTYVd9MuJSkdTVqAPBpNzfRYVjhEtywxoZtSD2
  Recipient: 2hjCz2shN9ztMwC6WEzGPoEqrNANeuEshARBoE8JvGYL
Transfer 1 tokens
  Sender: 3RzGZsW9uKj7a1122h34uqEjSNcbNn5nxPK2V42BTwP2
  Recipient: 9a2DjYVkrmWXsCNzaUsL78giGdt6JbK7TBSuRktZYCut
Transfer 1 tokens
  Sender: GKAaAioSuXaGMKVhE4M9PBvmZAXeAsRiurq3WRKJrncz
  Recipient: k2Hjt7epVuf53zovvsytMxVBLRLVAkkYv9cLuw5aLFd
Transfer 1 tokens
  Sender: CZB4hEBkybE9w8yJrXTj9aDYvYr9WMsZPaJ4mDBHgqBR
  Recipient: AUCZf2bCy92cf3JsRXf3LGu8D83bFoNWkULRX4KsePi6
Transfer 1 tokens
  Sender: F6WwktjGxp2vjRaopC2bx9fWCiLc5vuBRmmJuHnyVYHh
  Recipient: 2mSEEsrV1sQ82J1PztWQJ66GJzy5NeSDuFBozNeBqAqp
Transfer 1 tokens
  Sender: 7XrcbJh4Me2QkGsLPJ9n3daDe1QUEWTwHG3o5LWCbmvB
  Recipient: 4oDdKa3Y3HzXLiZyJAb4rymeqCCkNaPwbUj9Rg49eQnQ
Transfer 1 tokens
  Sender: 9ETZVeAJccsqfKgU8strQHQsoftbdoTGSwXwDHEF8zfp
  Recipient: 73tF8uN3BwVzUzwETv59WNAafuEBct2zTgYbYXLggQiU
Transfer 1 tokens
  Sender: G5MMt3XhFeq8ANnq7xZiEGHpz9fjYvvJkGYMpTQKFimU
  Recipient: Bs2NRpK5zPhbhchTM2XGqys5uLw4bjZjiWQJW912XwWi
Transfer 1 tokens
  Sender: 6VABUVHe2qxEti4LDsi6DfyGz6yAqPBSGLQgaNMKGBpx
  Recipient: 55YfFvwjg3A86gqMZ2vAie5eJYjbA9Xg2vqprnh4gYwg
Transfer 1 tokens
  Sender: Br2jpB6H2KKqKyvmjRCEasLFGsuKhkCPUm7bwtpgaF4U
  Recipient: 5nTmScN9g2peTCRoffagCzrzpiCHzDZped3Lo1W4zb6n
Transfer 1 tokens
  Sender: 9aLT1V1hAP4mZ6TfTHunALJhJu4tbhveTDNvF9ozgMZu
  Recipient: 6EaUcSgB2AwGXiEmGvVwEHMr4LQVRQnZMoSMSveDKXkb
Transfer 1 tokens
  Sender: H2NkidGCoQFTEPmZDyh3zcZSepN4vu5AYKYUzjmpX2dw
  Recipient: 3LNuK6FG25apvTBzC7opVXjHDmEh1xztA5h8sxBejnQY
Transfer 1 tokens
  Sender: H9FzCEHHvWm6hWUrrNr2UVP4RFXd8R9bZUKgFiwQaXiH
  Recipient: 74ecjMfRg6EUV2t973oU1VeueQ2JTXLhXhZcPXFVtYM4
Transfer 1 tokens
  Sender: 13EtT9EnZqmXnSuVb4BZ6V11pHigP3b6dS4ZAJWSnGyN
  Recipient: 4cKqqwoADnQVUAapaq1CrCwpBwbvCSohZPzB8aHooJjk
Transfer 1 tokens
  Sender: DWkCRtMRak6LkPJtZB9xGdoSR3HqpCWqcuSb47TgbfPo
  Recipient: kbtxDFxdfY4NxQ9kNAuXFJ2GuAZE95dCXQw7yeb9q11
Transfer 1 tokens
  Sender: LW8qYyE6TwLMMQSs7mz2eUFv7zLn4jHqNAUhDSdB5FL
  Recipient: 4LBUPX7zfGzqdho666K4ueu9kipXkQFoCpNCYmQwdVmi
Transfer 1 tokens
  Sender: Db745bxsFgnj4XrpDygnxpUubdx55M8kRz8Evhb7g7tT
  Recipient: CgeQQY2g3ZKXSPBdTVa2sZ6Eet3456WfG7KmrTLRh6MF
Transfer 1 tokens
  Sender: BERn8FCHqsgRqHL83ZT6H7VzeK9kzEPtx4eiCdy1eLcZ
  Recipient: 5HUD9Y1bZp4VwXzKPKwUHBGinfEjGkpxFRZiJscjUUR3
Transfer 1 tokens
  Sender: CXbaz3WLSWeKQjzfWAtwCNg8SPFXa8va74HnP8XfgjDy
  Recipient: CeLSZr7E5QsiYmDtkGj3RH8myW4ZYSP7fCbefZJ6ZqCL
Transfer 1 tokens
  Sender: B4TrqgHon22vubfAJzEgAYpY14hJeMvn6XGNdfrke81c
  Recipient: 6XHt7CrURSomkQrtVXV5JuKSZY4tQRpUyQKfCDaSTYaD
Transfer 1 tokens
  Sender: 3J6d2mrhcoMCUxJbb3oAYLcFiYQuUmNrmQs58AwKB4b9
  Recipient: EzHg1R6DHyd4Sge7Vw38w752GX7JFRtAwzLrwZyYWAMY
Transfer 1 tokens
  Sender: BBrkyTbZTBUnNuXmQAAdftXnDNv8dmFi3MkUMLHjBj62
  Recipient: AM5mu6p1LhL2VdHx55NK7HKycahcvL5nYWMWsSQCbxkQ
Transfer 1 tokens
  Sender: U6MhMiJjoKUnei5V9n3BLjKyK6TXzXviKx9Cu9rqTYk
  Recipient: 8sXrWe21kjtb5M1rh1hfSM2FvRnnnmz7LrU6VqhRr7bD
Transfer 1 tokens
  Sender: AayNwfWn1gizJaSdbpMFmQjuMgP5aR21AzGNvgsm2cdk
  Recipient: H2ft5vGDSp9vQWtxVAP8mXZVNsTtrptToCQgEMLxsaoL
Transfer 1 tokens
  Sender: oDv3hfCJaEAZbCHV8orCEVWxAKBvvdBMvsvEvMCNESk
  Recipient: 6SHRL5r8BBeJFVcg8Y5u2VRvEaYYweSnYtNLjb1N48qw
Transfer 1 tokens
  Sender: 7wGUKrc32G7NyNmzUFm9MHnvYM2pUgDTyNi4z5HQSRyt
  Recipient: 7vAg7NxpWJjA9eTFneNemmB1ddsUowy7bbaDECFu4AH2
Transfer 1 tokens
  Sender: 6EJvZ9tV21S2uC3aQDVgoZ6bxfvuga2f4Yh3w8C7osCb
  Recipient: 5F83npMHRUHiQjZLYgiWAoUM5L5euDLBTfTBC2SKjmaC
Transfer 1 tokens
  Sender: 34nAUNtNhafjfHnEenjHWxUj9wNPABXPJELQ3h9Upip4
  Recipient: GP5wZ1hEfpD9TxhZzPGQVWSS6VVBaGY7J6dt8KeQuPxv
Transfer 1 tokens
  Sender: 2rG5k3WJAKgqAshdHu8AzQJqkSWGkTAZv6JEqvbsJ2YF
  Recipient: qSbfqvHkYyxKmhNit2DFT1pveKQAhZDPeAud2KDFRVK
Transfer 1 tokens
  Sender: EEeNh2q9j2qw66jNPjnHr21cTqs2BRS21D5NC6nYoDiA
  Recipient: AgPhAsvcwPfT8bcAQxfyvymHdS9enkCzHDZP67ihS5YM
Transfer 1 tokens
  Sender: B65ohA5Az5AotR2bpgfy46Z967D2BdUCZyHCtBdK55VR
  Recipient: 3QTRD2FfM2niZmZH1SxS6iJCRFY84DTq599gzengTtxQ
Transfer 1 tokens
  Sender: 6urLWkJJGMBLBKdiqCh6DH6Xe9dUpQ5uScDqZi8b15pa
  Recipient: CWiXLx6juMmaq33BPXGJ1k2DPqzfDyCQWoAsUUe83CqP
Transfer 1 tokens
  Sender: DLy81JZ95DiVAjmGpEcwrU1bH5AfH6jenwpfXs8e7jFT
  Recipient: Hkb7aTyFTVbuRLbgoX4KWoKCr4L1Krahgsh5NJFAKnRj
Transfer 1 tokens
  Sender: 2ZWFKBqmJUAnqwTThzt8rjWMWUEGQKg7wf4vWTtY3dHG
  Recipient: 3CMVKpZNgWLJJgbwvaUS7dCvhnUvqZjHUB1yoJqD5Bjf
Transfer 1 tokens
  Sender: DKfnqGJzPDr1WHcvv3oB97E1T88FMKfzEttirJJMTjjZ
  Recipient: E9nCqWBQbQTW8aY75TqnkGLFff8j5XemtGJm4hDLrjmZ
Transfer 1 tokens
  Sender: 8aWEs5yD4Zm7SVwg3oVf3usyvJ4HSydLoxWyRnjtARvy
  Recipient: 51oET2dy4vCmZ1JMGYR9hbsvsLng1vcLD6z2AZp1uq1j
Transfer 1 tokens
  Sender: DAgSiD1q2mpShsoiCfpHCnigPUYzPUYQqNxcKQbhQ9gM
  Recipient: 8GXX8mY6N2Eovr2hgh35KUu8nhL9AZTgmWxNK4rvyaDL
Transfer 1 tokens
  Sender: 3k6Pdv2ZAsSs7zm4Ji8NT2JwamywFRySTtKJ5ACAXRDB
  Recipient: 5prKQeMMagRfxD35syMyQ1KoFYkaPWgEDdsne7sAjkqC
Transfer 1 tokens
  Sender: 4ZAudUxSAb4UFGZSF96dXcQCJSAj7sP25gizZcUnuu6u
  Recipient: 5Cz7GSRKnuFDaXRHeNJpHC77aqU9BY97eXNBBCVhckLZ
Transfer 1 tokens
  Sender: FZ9WRXFMeUmnExUoKqjAcd1gphkp7canaxm2XksQqUNM
  Recipient: Hj8r2JfHZTJPqQuz3GWCiu8sgAnYEj24f3eaJQhRerUf
Transfer 1 tokens
  Sender: 6wxsGpN7SPpHjEExzdkHXd7M6qoVZTd1G62pmkrW4ziC
  Recipient: 31MnUxA5f5rvvejAs84Q8gakrb7SDMfP6oxFGHPXbfeQ
Transfer 1 tokens
  Sender: BbZMARomprUq8TEoCBFvr6QVtRw9sZDkrdh7sd7MREcG
  Recipient: AKHkfNyVwi6muUYgkaXGFnWhBx41V7UN7bCsL1ujoVfA
Transfer 1 tokens
  Sender: 44TAsb1kTabHzDoef4scYLMQT2uN5QnLSk6PG4V7wuPc
  Recipient: 45kyqFLPivyisDntfumXwFiEqtFSmHZbAhsy5u4qx4Xq
Transfer 1 tokens
  Sender: GEzFi64nyiwshXnzMZ87o7sY5bMqjDQThYGkaY1Cvv6M
  Recipient: CvVWriGBmTsq91AJCDfuBWfNrvCtjbD1otqXJrAtgksG
Transfer 1 tokens
  Sender: 4zikbAYKrZYzSr9ntZBhFjutrv4FcM9dU36dvaQ4qmf4
  Recipient: CYVikdfqKK1SmPasR93k1p6CntrmqGW4YcoSYQQ2TeVp
Transfer 1 tokens
  Sender: CAC9XgeyBFhWBKPFAESi5Afe4dHMDMGb7vSwPPBw4GNu
  Recipient: 4cUyDakNPeMEZtJPDJGNujWLGF1XNH7WbQnheUEfD2xX
Transfer 1 tokens
  Sender: jS7kw7JQHzL42mwcxJN686kuya3GSzbC3Lvav4Jr5rT
  Recipient: 8zfdGUKpemtzs2Ypb8reoN3A43o1ZkbwFCBNzpUeFeUo
Transfer 1 tokens
  Sender: 692eaM4GRvP2vkT2qExhiSvY9GnBKpNoGkk2AevYCXas
  Recipient: 8YxFLe5NoaTNzUHQDkyabtHwSnYuVPi7pKcsNXd9D5SU
Transfer 1 tokens
  Sender: 6rz9JvAdYyX1KHCnXVU49zEstRkxAJYbDbWH4DSguqHb
  Recipient: 7MHan43NcHoZE6rw8FJGC5xn3JkwEHXvacwLodHqhqyj
Transfer 1 tokens
  Sender: 9CSbXAn6dGKwf5LFcopBpaJ7bTY5Y2qMbdHNByxjqYvC
  Recipient: NR6XgjzTC5xSFVc5xeEyrjSxNrpxnrqgwh11GZaMmbe
Transfer 1 tokens
  Sender: EJVh7QpNnRbqHZAwKmyAa14ku2Rf1Sy13pMPqrHHr9qi
  Recipient: 9K4XUuN1rm5ErTzCH5kUg6L3KjC6SvMKMmtspar5HQGi
Transfer 1 tokens
  Sender: H8F4D1S9z69TaMWHEmCsuSd1sT7jhUuimzMaep5GX92d
  Recipient: QermhurVSebxf7aV5PbCJ16EMLtjShpyFtpifUMKeqW
Transfer 1 tokens
  Sender: 6A2NPm7gpS3swjjXxeSjvE8t3PffEneW6UECvg9kpa2u
  Recipient: GwSC8dXcgveASujxk9JJSpp2eJcKwpHGMJuZetqhEvWe
Transfer 1 tokens
  Sender: HJMbrDUB9SkUXrocQdp9TJXkDpTgERuVmJKHZrY2J1i2
  Recipient: 4mjHt3pmKZkY8tr7ayT5kBwcmMpK9W4rVwfU2CjBUz86
Transfer 1 tokens
  Sender: 4fk7jQzcq8VCSDcoyCqErUvmipS5vS6YV7Fy8oRVpqFa
  Recipient: 5NVmQU5Ph3zDaW11hJ9gQzaeSnCtxgNWoJtwGhVrSZuU
Transfer 1 tokens
  Sender: A4rN8jCEeE4djoaUhhge8gyz9UqmXe7pantwuYmqD5RV
  Recipient: AzjB7d1b85syjMDsjo66EY7WSe2M7UBYb45pRFyzMPDS
Transfer 1 tokens
  Sender: vbswkFpZeZHJ3fwKXg4tPtLSo5jh1wkGknKWqzAPRMP
  Recipient: 3H1wvZqJgy2v5XxaMLFVtRnMeN6H1t7JrenehfQcn4qk
Transfer 1 tokens
  Sender: BcKPNmz8y1v6TUazZKe5nnqNNjBqWASrxYhdHSvkSfgC
  Recipient: urKQ3q7qrRytMBhoJ8jv3C3743RVFaV3wE6fwPoxmmC
Transfer 1 tokens
  Sender: 3LuRHLw6ST76PTBgAFXnRNm7dZgvBgEg3fDk8253qgNM
  Recipient: VbYkvpozAUngofL2zjKowimvU9QAcAsmLk1UqntuHBk
Transfer 1 tokens
  Sender: CXg7sybdKpHVmdYgVSAEhyjodFQrC7urz84pN5jAW5ZE
  Recipient: bae93fAqQRbzRBwLnC5ZeDt3j5uX23nD62B3pwvpgXB
Transfer 1 tokens
  Sender: DfH89JQAid5t7pqrPCKwAs8kdBWS1LLqDMrFjwhykdwe
  Recipient: EpuwepKibc5ceyDXsGaiJGD3hUKgHQi6xmmdM42MnBCa
Transfer 1 tokens
  Sender: 2BkRjMhDXAQNZKyhTjg4wjdyQrv6MQPsWLcErwnzR3Q5
  Recipient: 7fMfhKhditDthwe2cZ4TUvG5NYxBm1woqkv9AjxgbDgx
Transfer 1 tokens
  Sender: AgVHmb6458VsQss7D78YZ4aLTg4dVXVdAAYWxMzidbtA
  Recipient: 4g6BSguzLyyu4KrRgan1wZSS3TdvyBU9n6VBiykUQo1z
Transfer 1 tokens
  Sender: 8pzeV1NJ5FfqgERSPVDCWXeZf4LfEtZbakDt9GxRiNFM
  Recipient: 8pgG3rx8FoQrk3wYdpL7vDzZR6iEF8WqmPAwP8xS1TNu
Transfer 1 tokens
  Sender: JEBGoXKgbg67S5BHnWb8SMLeDVRhWYiiVbMxk5dzD8mS
  Recipient: H6pPKHK9dNkvhofYHVa4QJxxcus625SpkzQuxLuDmgwM
Transfer 1 tokens
  Sender: E9Xz5tmzx44NrRZbKPmyUzcQ9EWo5mjfD9WhpBUQ7Yws
  Recipient: G4yn6VjDQoRRgqKVt1fp2uei3rFHWWKA5JwWPMM4eCgT
Transfer 1 tokens
  Sender: EPQCoyhYeLwfVQG4YoVP3fx4V5ZXuDeGVALFVS9xKxyd
  Recipient: 4jqUxjcucC5zLXCx7ipMy15ksx2YUBms5C6dN8BLT5HX
Transfer 1 tokens
  Sender: G3qCHGiX9RT74dS8ycaqPLkc7XLkhwS8d5hG4U15LExg
  Recipient: Y1iUozoALJ7qc3kmJCCCdoNBHnp345TnPyBRfVHBeme
Transfer 1 tokens
  Sender: 42CoKBGDJWiPcCX4dJRQUXrGvCY5iZPLfz81o7P4aGRN
  Recipient: 2Knz5oKP4VsjF9PkA7WCyZWZsBig6zZMcp9FH6aRLwjP
Transfer 1 tokens
  Sender: 7R5de6bFaU2x8yAsyL5mzKHbtePwvxWgVJfNZiNKj4dk
  Recipient: BMXjn9FCipSMau57i8J1vBPrm28zkAhMHtWrPzYLzxMW
Transfer 1 tokens
  Sender: BUvEC8ekejzK6D6f5eTTtuw7uf2MH6SFK2nADVdYkiDy
  Recipient: D19N9udTVk5VujnBcmki6DTQMnRJCcZYs6yB5w3zk9HS
Transfer 1 tokens
  Sender: 5TZwu6Cku8bRmAHgyCkhxQkSDVXxaTqzHFiTypdCfQQq
  Recipient: 51oET2dy4vCmZ1JMGYR9hbsvsLng1vcLD6z2AZp1uq1j
Transfer 1 tokens
  Sender: FNUbJ5S8fWZ4y4Yksthe3H8paf5b8t4iSrAMjjaLRMqG
  Recipient: 3QCo4nbaPYJprdm3ShVoushSZKnyFjiVK1Y9u1ornBS5
Transfer 1 tokens
  Sender: 5Ricvq57czJcHzj9xY6bdxDy3Zf85AxrCpY3obwBkLDU
  Recipient: 3UkouyfZHSANpUrm77qpUufTN3EnJvDt2CrC3JwG42np
Transfer 1 tokens
  Sender: 7WXCkgQEbfP9eqN3WovWrng23oL6pUmrdhDcd1PYAhjx
  Recipient: 2DzYEHSAdipFTSnajxxE1ihLaQdbAF4hcBSk5a263W8s
Transfer 1 tokens
  Sender: 5CyBqMHwEvs2Paa9qKSzHpxLD8BtdXn5XcNkLWHgtSbp
  Recipient: MvogSQTXToXV7MS8hDbvfWGoELDtR5Z75SGMUNiUddN
Transfer 1 tokens
  Sender: F5eebS2tE3n8hQtGNE6XTWdQN9xWdXCDUEEvLqj1G7GS
  Recipient: 63v9R24nrAM95WYcYhZjJpYchudhANCDUUwgrqnrzGF7
Transfer 1 tokens
  Sender: 7qQNpmjbQeK5CUEiC4t7nKq3qdqyAS6pJX3QbEHD1VYo
  Recipient: BcwzmAJunqVo7M9PHuUn3srQJX73bd9xr5fJseCDGAZm
Transfer 1 tokens
  Sender: 5jk5YfitRdTVwKn9zgZNdxjUDBtjHQJPsgQUBxb5kecZ
  Recipient: B5wGRziAmbZ6NMGwatX7s3rp9tWzDL3fEJojQwh1JREe
Transfer 1 tokens
  Sender: H1x2Ficq2iibwPNRpiv6o6b4Hxxx3DjJF6f9Px7x2rHb
  Recipient: 9v9D9kvePLBANY4Zx2PUzn75dHuQMMMcs7mZLYy3gMaF
Transfer 1 tokens
  Sender: GS8wuZEncvQ3jRpu7Lesqub2Ku3BajyGTrBUpYEKwqfy
  Recipient: 24FmjG8Luc1cTcyDpC4uT5NahaKH8N5nr8M4AroYMPyo
Transfer 1 tokens
  Sender: 5Ak5KFL6sTCoTWxbApdabKYE6SQPvKoJUXauLyBiYaWR
  Recipient: 54xrf4N6fvDUvoMZGP3z7yL6bY4c2ZB2pd64g892iSuJ
Transfer 1 tokens
  Sender: 6prtnNLt7zgNmhp9yEoeaHzFYFXXVoMfZdezZniTtowe
  Recipient: BUT9zHC8NUvx88W6QHhJ5TYLa1L7VwXQ1JtNXCheizHW
Transfer 1 tokens
  Sender: Cb5FfuJSmN9m8aDWiLWcJisc74t9Yh1tpoUGELmzPa5A
  Recipient: 98hCouUM97hPPExNDMzJo4ij2hZ3ouCyRjrLeeXFqCok
Transfer 1 tokens
  Sender: BLK8zJxpRW4exQwxFZELbKpTBSohajDAntbu5zHzBTvj
  Recipient: GNbUYvpg6mEuxvoZHRW7PfQgiAVn6t1k8dF8PBKdMweB
Transfer 1 tokens
  Sender: 6L1NELAzLS2AKzNSR8XGTmvUoFcfzE1Ep1z8kj5DkxUB
  Recipient: 33t9ZS4Moa6VQz2FuiRw88mbiaM1Eb5eW8MkMTCgqLoG
Transfer 1 tokens
  Sender: s9h9bcFa88q4eP6SZguqFynNoW9YTPshEimCWhndZcK
  Recipient: 7oKREfeWiprPMoBEbuA7P8qC2MrKfbCCoyN7Y4uWeMjg
Transfer 1 tokens
  Sender: PrV4BHu1RfeddFQztwKjUNwdYVmBomN5brgKKhNniPb
  Recipient: 8gCfJGyaXLbAbBmEK63ADQthxJpf9fMi7NHGhmLCn4tV
Transfer 1 tokens
  Sender: D8U6CZmGKcT1JL6yQBw9bPVwEh3qkW9waKcdniaBWt2X
  Recipient: 3EU5MdJrz8CkBNQhx76HnmKT67247u2j82RTskq4Usgo
Transfer 1 tokens
  Sender: CcnzGpTDmYq4FuWcgSbfucwkXPwE3ykcfJLiDUPSchXX
  Recipient: 3VWia87hNkxgg51heFc9z1GtZdmSuC63RGtFe98Nnsbb
Transfer 1 tokens
  Sender: Dasp6kDbznCAJGJtbuaYL7zy2Jja9uEv22DUjnnVg8YT
  Recipient: ELNus8jcmWsUAcjDeHGCRGayqy9d7ScR1Eh5e6AUYKRm
Transfer 1 tokens
  Sender: 8FEnyqizJJFtUe4aaTN5tSnHDQX5UuWu8jUAtq3Wna6w
  Recipient: 5ssu1FQCAxLQZUbSnFXAuPn2eDaZBTWkc5QBChh2yxAa
