6iNFKxsD7dNjoxykP48BZSb27DJm7piHuQquxDrrv67x
8XoA4fSJWndhft79TCXFUUe6fKLZULK2CGFfBedhd5X1
4iyrFcX4gZq2qph8DAvkPp5NEFdfEV124uHivUJgiwKx
C9SfY9PgzRurLVUj2qgoBhiCmDGN2ZkdShHH6RmAZXqJ
EjjFNE78f8R6Cc5Y6CTTMtiahXTxFoF9iKb6deJpWKeS
BQtfvSMYQ5gCGgGGNeh5d7AMQFELeVQpcFjGTMWESo7p
o2Aug6JB1RDFk7yYsf8QCjpWo2WzgwFkM115gtSJU8r
3yLtkiKU1zGpPaZ9AtzRR4vYrEaSNxQDMhW6TzbSnhQb
CYVikdfqKK1SmPasR93k1p6CntrmqGW4YcoSYQQ2TeVp
MvogSQTXToXV7MS8hDbvfWGoELDtR5Z75SGMUNiUddN
8YxFLe5NoaTNzUHQDkyabtHwSnYuVPi7pKcsNXd9D5SU
6J4dFhzDnpE3Dpnr7rYLJEVKXGibcrZxaNJKeRhZLNnU
51oET2dy4vCmZ1JMGYR9hbsvsLng1vcLD6z2AZp1uq1j
6hyFrYJasjf848gT132t9nQMMFBtyKas2DP6Ca7uXvmb
CfLt5YAXgYjwnbguVZZXFMShycUbPEcQBmkTnfLPYt2j
45cSW7DAVh4SjGVL41nFU7anfi3ab2RjYzSvuy2iHBCF
7VD6TVNCwj7BsfG4mcy3xVSCBNRVhBBQn4NtxC9mKp7z
BEivYChNwzFedVVfPqYk5me8gYX8ae3m4HKrM1zaYYPs
BEivYChNwzFedVVfPqYk5me8gYX8ae3m4HKrM1zaYYPs
BEivYChNwzFedVVfPqYk5me8gYX8ae3m4HKrM1zaYYPs
Cm8cYtgtfyULCzisqUnMg68aqqi12PGZScouQfJRfrG3
2Q8VsmAA49g17wFfFvCP1yZZVeubcYy7ptgfEd29Ag1t
6sQioYidaNWSZmCfBZQsD1gWhgC3sBNa3sD3wbjCmHgh
6d5tBL8nxsCBFrUwEkEmUp88njDLFUB7RDQ2u9UugGvU
7MTFZo3UBzngEPfPwrZ6xuRhXjMUxgbznsWRTH5D1d6J
