AkdfJa5NmE1pQt3Ai7DpgDg8kryN5qTZirp6LQcpen6R
7sRAajpNsMhvzyhBut8vX3XgmeQMRcKKX4LqhAvFpg4w
HCtzVd9MmEeZ49xQ7m5TEwjXboJJzyfn1X7Efjc2m1jq
DpcyLbVEHYzLQYTKwK2uUHqYSUFA38e1R5hH6Ujoo3c9
8MSWUbuqRayDcqiuPeba3MA5z7nkuaAgCocr35AzivsS
2YCagYpRQAbRcPXHzV9Begu4w6VnWz4amVPwhcgMfC2u
FE3YBXN4BN3acC1c1ZaqGwPfdhxfVHpePzYvWfGG9ot2
HKmC9VR2rRdGMcNcdGVPqAYWnnLBgmFFDur2qYUaeRXR
4NtDfNisGfAYqzXJih2hv4vqKwAd1jhmRZNceLFUzstR
j8oLFiDm5Eiy873RNtY2Z56b1DVZrW8i67mTR1BLsLn
7ZpuSrxBsMVQ8z4GPdTvzsVvaT1qEw5yhRgh8fHKdDqP
C9u28tV9EcKf6iqCxcQvh8M4fnxtWU27vmS3gVwwVKSm
Bv4HytuReCvPRMofF9FoE2XRLB7SG1XsEsQqSU42SbuZ
2ySnCKDw87CLGeXzpcd3GXQjn9YfEWraBMBR7iq7b7UX
hvabitdQRrBVoukkDJbEob9JNBQeGb5UViJyH3xhgYS
4ZSovm9eppfPrsiXbnApe51uQP34rSJMnMUz3cMBswAJ
3eucHmLaRJzL3d3rzYx94KvxcVhR4ESLo9R9hhb5Snbo
2hjCz2shN9ztMwC6WEzGPoEqrNANeuEshARBoE8JvGYL
9a2DjYVkrmWXsCNzaUsL78giGdt6JbK7TBSuRktZYCut
k2Hjt7epVuf53zovvsytMxVBLRLVAkkYv9cLuw5aLFd
AUCZf2bCy92cf3JsRXf3LGu8D83bFoNWkULRX4KsePi6
2mSEEsrV1sQ82J1PztWQJ66GJzy5NeSDuFBozNeBqAqp
4oDdKa3Y3HzXLiZyJAb4rymeqCCkNaPwbUj9Rg49eQnQ
73tF8uN3BwVzUzwETv59WNAafuEBct2zTgYbYXLggQiU
Bs2NRpK5zPhbhchTM2XGqys5uLw4bjZjiWQJW912XwWi
55YfFvwjg3A86gqMZ2vAie5eJYjbA9Xg2vqprnh4gYwg
5nTmScN9g2peTCRoffagCzrzpiCHzDZped3Lo1W4zb6n
6EaUcSgB2AwGXiEmGvVwEHMr4LQVRQnZMoSMSveDKXkb
3LNuK6FG25apvTBzC7opVXjHDmEh1xztA5h8sxBejnQY
74ecjMfRg6EUV2t973oU1VeueQ2JTXLhXhZcPXFVtYM4
4cKqqwoADnQVUAapaq1CrCwpBwbvCSohZPzB8aHooJjk
kbtxDFxdfY4NxQ9kNAuXFJ2GuAZE95dCXQw7yeb9q11
4LBUPX7zfGzqdho666K4ueu9kipXkQFoCpNCYmQwdVmi
CgeQQY2g3ZKXSPBdTVa2sZ6Eet3456WfG7KmrTLRh6MF
5HUD9Y1bZp4VwXzKPKwUHBGinfEjGkpxFRZiJscjUUR3
CeLSZr7E5QsiYmDtkGj3RH8myW4ZYSP7fCbefZJ6ZqCL
6XHt7CrURSomkQrtVXV5JuKSZY4tQRpUyQKfCDaSTYaD
EzHg1R6DHyd4Sge7Vw38w752GX7JFRtAwzLrwZyYWAMY
AM5mu6p1LhL2VdHx55NK7HKycahcvL5nYWMWsSQCbxkQ
8sXrWe21kjtb5M1rh1hfSM2FvRnnnmz7LrU6VqhRr7bD
H2ft5vGDSp9vQWtxVAP8mXZVNsTtrptToCQgEMLxsaoL
6SHRL5r8BBeJFVcg8Y5u2VRvEaYYweSnYtNLjb1N48qw
7vAg7NxpWJjA9eTFneNemmB1ddsUowy7bbaDECFu4AH2
5F83npMHRUHiQjZLYgiWAoUM5L5euDLBTfTBC2SKjmaC
GP5wZ1hEfpD9TxhZzPGQVWSS6VVBaGY7J6dt8KeQuPxv
qSbfqvHkYyxKmhNit2DFT1pveKQAhZDPeAud2KDFRVK
AgPhAsvcwPfT8bcAQxfyvymHdS9enkCzHDZP67ihS5YM
3QTRD2FfM2niZmZH1SxS6iJCRFY84DTq599gzengTtxQ
CWiXLx6juMmaq33BPXGJ1k2DPqzfDyCQWoAsUUe83CqP
Hkb7aTyFTVbuRLbgoX4KWoKCr4L1Krahgsh5NJFAKnRj
3CMVKpZNgWLJJgbwvaUS7dCvhnUvqZjHUB1yoJqD5Bjf
E9nCqWBQbQTW8aY75TqnkGLFff8j5XemtGJm4hDLrjmZ
51oET2dy4vCmZ1JMGYR9hbsvsLng1vcLD6z2AZp1uq1j
8GXX8mY6N2Eovr2hgh35KUu8nhL9AZTgmWxNK4rvyaDL
5prKQeMMagRfxD35syMyQ1KoFYkaPWgEDdsne7sAjkqC
5Cz7GSRKnuFDaXRHeNJpHC77aqU9BY97eXNBBCVhckLZ
Hj8r2JfHZTJPqQuz3GWCiu8sgAnYEj24f3eaJQhRerUf
31MnUxA5f5rvvejAs84Q8gakrb7SDMfP6oxFGHPXbfeQ
AKHkfNyVwi6muUYgkaXGFnWhBx41V7UN7bCsL1ujoVfA
45kyqFLPivyisDntfumXwFiEqtFSmHZbAhsy5u4qx4Xq
CvVWriGBmTsq91AJCDfuBWfNrvCtjbD1otqXJrAtgksG
CYVikdfqKK1SmPasR93k1p6CntrmqGW4YcoSYQQ2TeVp
4cUyDakNPeMEZtJPDJGNujWLGF1XNH7WbQnheUEfD2xX
8zfdGUKpemtzs2Ypb8reoN3A43o1ZkbwFCBNzpUeFeUo
8YxFLe5NoaTNzUHQDkyabtHwSnYuVPi7pKcsNXd9D5SU
7MHan43NcHoZE6rw8FJGC5xn3JkwEHXvacwLodHqhqyj
NR6XgjzTC5xSFVc5xeEyrjSxNrpxnrqgwh11GZaMmbe
9K4XUuN1rm5ErTzCH5kUg6L3KjC6SvMKMmtspar5HQGi
QermhurVSebxf7aV5PbCJ16EMLtjShpyFtpifUMKeqW
GwSC8dXcgveASujxk9JJSpp2eJcKwpHGMJuZetqhEvWe
4mjHt3pmKZkY8tr7ayT5kBwcmMpK9W4rVwfU2CjBUz86
5NVmQU5Ph3zDaW11hJ9gQzaeSnCtxgNWoJtwGhVrSZuU
AzjB7d1b85syjMDsjo66EY7WSe2M7UBYb45pRFyzMPDS
3H1wvZqJgy2v5XxaMLFVtRnMeN6H1t7JrenehfQcn4qk
urKQ3q7qrRytMBhoJ8jv3C3743RVFaV3wE6fwPoxmmC
VbYkvpozAUngofL2zjKowimvU9QAcAsmLk1UqntuHBk
bae93fAqQRbzRBwLnC5ZeDt3j5uX23nD62B3pwvpgXB
EpuwepKibc5ceyDXsGaiJGD3hUKgHQi6xmmdM42MnBCa
7fMfhKhditDthwe2cZ4TUvG5NYxBm1woqkv9AjxgbDgx
4g6BSguzLyyu4KrRgan1wZSS3TdvyBU9n6VBiykUQo1z
8pgG3rx8FoQrk3wYdpL7vDzZR6iEF8WqmPAwP8xS1TNu
H6pPKHK9dNkvhofYHVa4QJxxcus625SpkzQuxLuDmgwM
G4yn6VjDQoRRgqKVt1fp2uei3rFHWWKA5JwWPMM4eCgT
4jqUxjcucC5zLXCx7ipMy15ksx2YUBms5C6dN8BLT5HX
Y1iUozoALJ7qc3kmJCCCdoNBHnp345TnPyBRfVHBeme
2Knz5oKP4VsjF9PkA7WCyZWZsBig6zZMcp9FH6aRLwjP
BMXjn9FCipSMau57i8J1vBPrm28zkAhMHtWrPzYLzxMW
D19N9udTVk5VujnBcmki6DTQMnRJCcZYs6yB5w3zk9HS
51oET2dy4vCmZ1JMGYR9hbsvsLng1vcLD6z2AZp1uq1j
3QCo4nbaPYJprdm3ShVoushSZKnyFjiVK1Y9u1ornBS5
3UkouyfZHSANpUrm77qpUufTN3EnJvDt2CrC3JwG42np
2DzYEHSAdipFTSnajxxE1ihLaQdbAF4hcBSk5a263W8s
MvogSQTXToXV7MS8hDbvfWGoELDtR5Z75SGMUNiUddN
63v9R24nrAM95WYcYhZjJpYchudhANCDUUwgrqnrzGF7
BcwzmAJunqVo7M9PHuUn3srQJX73bd9xr5fJseCDGAZm
B5wGRziAmbZ6NMGwatX7s3rp9tWzDL3fEJojQwh1JREe
9v9D9kvePLBANY4Zx2PUzn75dHuQMMMcs7mZLYy3gMaF
24FmjG8Luc1cTcyDpC4uT5NahaKH8N5nr8M4AroYMPyo
54xrf4N6fvDUvoMZGP3z7yL6bY4c2ZB2pd64g892iSuJ
BUT9zHC8NUvx88W6QHhJ5TYLa1L7VwXQ1JtNXCheizHW
98hCouUM97hPPExNDMzJo4ij2hZ3ouCyRjrLeeXFqCok
GNbUYvpg6mEuxvoZHRW7PfQgiAVn6t1k8dF8PBKdMweB
33t9ZS4Moa6VQz2FuiRw88mbiaM1Eb5eW8MkMTCgqLoG
7oKREfeWiprPMoBEbuA7P8qC2MrKfbCCoyN7Y4uWeMjg
8gCfJGyaXLbAbBmEK63ADQthxJpf9fMi7NHGhmLCn4tV
3EU5MdJrz8CkBNQhx76HnmKT67247u2j82RTskq4Usgo
3VWia87hNkxgg51heFc9z1GtZdmSuC63RGtFe98Nnsbb
ELNus8jcmWsUAcjDeHGCRGayqy9d7ScR1Eh5e6AUYKRm
5ssu1FQCAxLQZUbSnFXAuPn2eDaZBTWkc5QBChh2yxAa
5q5asD8bbneAFtsXyQ7pu7d99g4BfVF8Tr5q8F8x5iP3
AqYdhTnwzkWtcNvAeGmWwtEmyALUx3gXaRheykSL4Nd6
