Transfer 1 tokens
  Sender: EzBw5o57bCfXnUf3apBVXYkZLF9xzL1v8jxUJEMX6rQC
  Recipient: C4HHmTB1N3KUqiJjR9ypgGWeKnP4mVSwVjHYB89CDuMc
  Recipient associated token account: 4Ccm6nSTDD2yrnCYjsgXcFDQyMH1kzDzbFPvX9SUSVQX
  Funding recipient: 4Ccm6nSTDD2yrnCYjsgXcFDQyMH1kzDzbFPvX9SUSVQX (0.00203928 SOL)

Signature: 24VbY2z7qhA1Ho9ivjEWdWk5PQcyqC3cCScdB9mqG2pgaU49R3jKb52AhJMDyfyuo2d1RCcDK4JNJA5eQCrTkDvV

Transfer 1 tokens
  Sender: 5pVKTqaECacFHbeUSTRuJDXpLBpvrAK8zunexcCdyMSR
  Recipient: HkxJXNjMKNr6XRNEHgiLiRjApeTyRDubMSHTdm4ZeBVz
  Recipient associated token account: 2FnaTEsT6Pp8TEoKaU39SiK4JegSVBUzoiPis1WnQgrS
  Funding recipient: 2FnaTEsT6Pp8TEoKaU39SiK4JegSVBUzoiPis1WnQgrS (0.00203928 SOL)

Signature: 4xd85tP5sCmXeE1Ay5P1y1GEXEg2jidRAvnNcX1MP13ci858RxRKC8yo8Ks2nxuABKBj788vYPsvoJg2wmgGdwVn

Transfer 1 tokens
  Sender: EViSp6h1sSbSRigJduxa3TRQYCmfMbFG2nsTwPyrEYYR
  Recipient: Cf4pZaok9wdfp8qTT3RiQZvJE5t638oeQPVekwEJyYrX
  Recipient associated token account: Dn2WY6x4R7gKPepYLqc6KSek1Xp3eC7QKJbihBDLThvA
  Funding recipient: Dn2WY6x4R7gKPepYLqc6KSek1Xp3eC7QKJbihBDLThvA (0.00203928 SOL)

Signature: 5Eys256Fd42z5PeSwkEqhGtAsuGzYRmBBEM8T7A6oeBajiXMjudtCLm7XrmseqciSPkFYjJ2FU2JZ24bgmKUFj7b

Transfer 1 tokens
  Sender: 3BpBz9G97UDMYzqcsWEA7yuAuYrKnsr3vFNQ3nXY8Wwo
  Recipient: CsF45Cg39iwxvwG6ts3XQDqrRYa29vzW9vJKroHQgSvS
  Recipient associated token account: A154WnkNQexdxzzSEMqDFoC3HsrmBUcKA6dYdS1EKUYX
  Funding recipient: A154WnkNQexdxzzSEMqDFoC3HsrmBUcKA6dYdS1EKUYX (0.00203928 SOL)

Signature: 4aZdUHfL71TBfbWvPgBUTnPMJ43wcttpmD9SbR4wkzGcn8BdyAyA7FsGxP71nCrEuCgpqUdYyDPz7CnZMyNZtvC5

Transfer 1 tokens
  Sender: 8tpNbVUwkUHGtVYgwkyCXeecoWpAmEAtxK3gNdYAtG4F
  Recipient: L7vksHGNsmuNi2yuAz6MVyczJhDBLX1VhmGcZ4EQtiP
  Recipient associated token account: 3buoSbUQfgJFMcFpobrkKrbiNs1RZn4ZxGKeuzmad3Zn
  Funding recipient: 3buoSbUQfgJFMcFpobrkKrbiNs1RZn4ZxGKeuzmad3Zn (0.00203928 SOL)

Signature: 2hyesj57JnEpL2JqZ1wKbFeJpQtiYZE6Zwpx3wQhWXyvmHdMtkMWhWCDrzhWdaGgq4XwWehDsL73TCdGbfLA8765

Transfer 1 tokens
  Sender: 885KyA1NaP6C7Ao4uSdzdByipbcro7HAuRVLCU2dF55d
  Recipient: AsxYivuyVu6znDgnwenpLSLvkZDua4mGKxTvM2JgoeDU
  Recipient associated token account: mpLuX7bh8xVAg1kdwCvFyLhAi2zmTCM7ifDkf7s6YMS
  Funding recipient: mpLuX7bh8xVAg1kdwCvFyLhAi2zmTCM7ifDkf7s6YMS (0.00203928 SOL)

Signature: 2Uj1ewaWMQoVN6k81HUskxMZJNci1fiXCxCTc1nF3RskbN1X76AVZHHA9aXraUxjZ65WA9beZReVxtS9sFrcP8QM

Transfer 1 tokens
  Sender: HMqdXXEzsHLHCVhFkwduEg2hu4nyLKssk5Hdi2WXp1qP
  Recipient: CWiXLx6juMmaq33BPXGJ1k2DPqzfDyCQWoAsUUe83CqP
  Recipient associated token account: D6TxsbgJisGYjEvHhHmWG6dGVS9efQEECPbDontAgoGT
  Funding recipient: D6TxsbgJisGYjEvHhHmWG6dGVS9efQEECPbDontAgoGT (0.00203928 SOL)

Signature: ve9cGqPf13e1KgA6XVyucLHHCnz52v87KEb2JD2YQfAXppqSAWLrPFw1ochvazQNb2d4d9REF8MCaX1LS9HY7f4

Transfer 1 tokens
  Sender: FQmzc6marWzZcStCqqpAU7jfXHcmT4PUaMb9MUeUsKgV
  Recipient: 7P4Bb1pCMuYNveYhg2j445cmTRCEGp2eAAtBQUv7Jz89
  Recipient associated token account: 7Le1bti143ZLwtvdGmbVECtbVTUdknCJXkczCWT8qTb7
  Funding recipient: 7Le1bti143ZLwtvdGmbVECtbVTUdknCJXkczCWT8qTb7 (0.00203928 SOL)

Signature: 5CMPnRbvE9sVLGZo6jS8phVNphUa7ANu8jKhvpaKibzy8CESvBogyLB2qmB9Hs7CKbV8buCH7hpmpV3aUZoUNNJ5

Transfer 1 tokens
  Sender: DyztZShZUbRUjS7qxFgYax6SHXqgNh33x8xgPEPNdWEh
  Recipient: GChoRaGhcY1EPPaqoZ57TcpmBD1ECoGPxqkPE8zg9DSX
  Recipient associated token account: D2d79USHueHM4JkVGv9FD9E1ogCQK1u7wLCZF3gSG9rn
  Funding recipient: D2d79USHueHM4JkVGv9FD9E1ogCQK1u7wLCZF3gSG9rn (0.00203928 SOL)

Signature: 5oigNwF7QTgyBBZ8biH8yLbRYKxFzWorj53KjPvUxrcr1ERHiKinwaVs1MdiJTHzvcUXs2RbGkdumL1zMuF3CeKj

Transfer 1 tokens
  Sender: 5LwGshs5XL9c5EzeCNcY4oqMvtYhRkKGNxhUjrmCJMXj
  Recipient: 88BZsUYzV1sg1KFsEH4vEyMTNifgo6MGGbUxiS7ci9Q8
  Recipient associated token account: AbwqjeTz1zBJ2JSHj56DVsgmtLfmFY4c8gGLpfRf7tN3
  Funding recipient: AbwqjeTz1zBJ2JSHj56DVsgmtLfmFY4c8gGLpfRf7tN3 (0.00203928 SOL)

Signature: 5siophzbMxTsmpHdMrQ5HuxpnBJuoao7RxE6UweqTVVEcopdDu7AoF5HFB4EdwP4hjSohbeZ1cU9yMjQMpkwuuop

Transfer 1 tokens
  Sender: DUqPieQgj7oYyg7zCqCrhi8T4RGYYqWvHoj5w2qU5vya
  Recipient: Y1iUozoALJ7qc3kmJCCCdoNBHnp345TnPyBRfVHBeme
  Recipient associated token account: HdTfUrQnw7Yye1NUMGC8peBr4EFWap3kXtCpF77bGKPr
  Funding recipient: HdTfUrQnw7Yye1NUMGC8peBr4EFWap3kXtCpF77bGKPr (0.00203928 SOL)

Signature: 58tyj4fZLLeFZYyTihLdDqyQW7YhzZY96HZ2nQ24dBtBhg9etsuAJ6Fxrt58UKgZyxDCCq4GrMrxnZ9BArQiva2s

Transfer 1 tokens
  Sender: CpsXVqodu91nok3En4VrcJTw7BHwN2HAzf1qqcPCEHeG
  Recipient: 24iifBd4cBp6tEhYNZvPvdUsCuhmrSXXauQxrumEz4y4
  Recipient associated token account: 14oFaRUqX37UvvaQK9TQUxpjKUv8Uci4vWVNazhXcn4m
  Funding recipient: 14oFaRUqX37UvvaQK9TQUxpjKUv8Uci4vWVNazhXcn4m (0.00203928 SOL)

Signature: 5nW8GTb58hUWZxsNxprvH4B6Bqk1kRGMXS2y21LNppQHaVrMSGXdKEHCvYutAaxf4qxgs6dK8U5sUpaxjGXoRiYW

Transfer 1 tokens
  Sender: 4wmD7PV835wBeLgekzBZ8jXoW9npmXBdExHnbmzuXbUU
  Recipient: 5sQ7hzMpqscY1JYkzHdf9kPwY1xGPoJ88kLoVqb6V9ss
  Recipient associated token account: 62FZrE7UcwFmmqDDuoghauxkTrV7dEhSjGdgS33Tjxw8
  Funding recipient: 62FZrE7UcwFmmqDDuoghauxkTrV7dEhSjGdgS33Tjxw8 (0.00203928 SOL)

Signature: 2FVX1YuwXHrUusgcqcX4Qkp1i4NpHeW9v8uvxpofpL3Jpp34G4yEWuizQw7gyqbXEw9chEvck5WgNmhkHjHH5hZ2

Transfer 1 tokens
  Sender: Efozm1hzfUpVo4mv9vXfijxMbqnBfwt8WGit6pMuSQ3X
  Recipient: CHGNpSUP1m3jj4RdteBDt4H7fbw8UGCkVDLH6tFu3Q3H
  Recipient associated token account: 8PUg9ir4W3HQa4qkqXNHa5kaa8HXPGzVdkQSv14m2qXV
  Funding recipient: 8PUg9ir4W3HQa4qkqXNHa5kaa8HXPGzVdkQSv14m2qXV (0.00203928 SOL)

Signature: 4ojaTJAKWKvDwpoYueSShfSqxGhgeJKTaWDiwHxFWmDt1UKMHPLHg1X2ShR5dvNT4XFQiQFrwtpysENZvgByLwBz

Transfer 1 tokens
  Sender: DtpK5TChBYLWNQBpRCSSHumzhftuMAoey33TwkApDRuN
  Recipient: 6ykYU3fWNQnoNunJKDLSVSZWCMPoajoE8EVNzKCYs9qT
  Recipient associated token account: L8jBcK6sJ5VQhPctVUWNNonpaskfED3VqkFKhQqmmFK
  Funding recipient: L8jBcK6sJ5VQhPctVUWNNonpaskfED3VqkFKhQqmmFK (0.00203928 SOL)

Signature: jS9bcVjfo7gRBEzNeh8FqK5yUYjrHkN8NXLvJp8REb6RzzRWyQYaUu5tf19Ei2mbfs6vpGHxU7vCiyjGVaDBjp3

Transfer 1 tokens
  Sender: AvN2CNKuoeToUHPYNfiDtkC23gFXdBoVmw7Y7cyc6DN3
  Recipient: 9HCTmKdCAy7FAedf4ckhY7zpyPDrPs67FpRjDEzpQxDj
  Recipient associated token account: 7j9PKG4qpXbVLtzU8CRYptaFswVq4rzoKj5nmotHJehS
  Funding recipient: 7j9PKG4qpXbVLtzU8CRYptaFswVq4rzoKj5nmotHJehS (0.00203928 SOL)

Signature: 3ed1BzPnJpYuWJ9DXMApzYGJbdp8NLoi1pHD76GhTKhDHj5TjSQVmqDS8fpogYgwWJ8BqrUraMRCfU3vLtCY2rZ

Transfer 1 tokens
  Sender: ERmxmXW98FqdvDu37b8SLdhVRqqjytfB2TdjEGjNS4Sm
  Recipient: 6zWDCKJMWTGmpiJB8QTiWbXEhyp9beibaWAvZMdFdv6S
  Recipient associated token account: 7sQKJtzmzCUsmvm9nKZCF7rBP2jWmn3kW6KrzT5kb9Hm
  Funding recipient: 7sQKJtzmzCUsmvm9nKZCF7rBP2jWmn3kW6KrzT5kb9Hm (0.00203928 SOL)

Signature: 3QEQURUUdKwCcav1xL71fu8MfjdHdeENRpD7HMWxkt9RjESLaVMZpWXDqLWkJnW7xgpdt41fbjKGrtuyr82uVY63

Transfer 1 tokens
  Sender: Da1kPokigd95rHkdQCVHCbqXKZ3CUEtfGAYUybrhU7Bg
  Recipient: A1uEtUZUMJ2ZeMX4PTePcAmFN4neXhmxA7SpmrV23vu5
  Recipient associated token account: B2Fri1b75itzo86a3ema5evNwcMEJGAEuEV15GU3ftfC
  Funding recipient: B2Fri1b75itzo86a3ema5evNwcMEJGAEuEV15GU3ftfC (0.00203928 SOL)

Signature: 3G7iCNTZcc3zF7w7AKKooWUW9QbCuWX3iyyjmyXbR79cudmqv6WJeFkhMWTPoGGCikZMjwEKcTiSJzyCeD1t8HqU

Transfer 1 tokens
  Sender: GuYdz2VyDKnWTkEx1H1gUs24RZXNJHPatLDQKTdbLDo8
  Recipient: GP5wZ1hEfpD9TxhZzPGQVWSS6VVBaGY7J6dt8KeQuPxv
  Recipient associated token account: CzUTzDVkp4NBKL1G4W8FBgkLpajA3oU9MQNjpf5ucFKH
  Funding recipient: CzUTzDVkp4NBKL1G4W8FBgkLpajA3oU9MQNjpf5ucFKH (0.00203928 SOL)

Signature: 4XwVSCLuDyvULjb9x6XwQ74ejnNZdoj7ZyYizzhMCe3XkwGk8urwrHhNmGHWPtocFDQXQa7f8VPGKbDFGveLTaZ2

Transfer 1 tokens
  Sender: Q2ykMN8RTbvBnDg7RFVJgXSm48ZeN18H6tSoAL99o1b
  Recipient: ECWyZYdWSWdJj8dkBZhRQDj3gahyCyY9m6JW5kWVqvH
  Recipient associated token account: HMfe4zycjAjduXvkQ1efiHGrb6Vwhh86Q2CspFWKMp5p
  Funding recipient: HMfe4zycjAjduXvkQ1efiHGrb6Vwhh86Q2CspFWKMp5p (0.00203928 SOL)

Signature: 22sLeUX67TK8vXKdcNwEwy7dauzqmPc5GyE3oUbyeENXkAEKQmDxaejbVVKYMe59CqM4taUz2PCYeVi5bzpqZswZ

Transfer 1 tokens
  Sender: 7uM6aPMDxxMss617649R719bCSLdSY6yca8eMGy4Z64b
  Recipient: DVSaF44DrAeoXoQTCwQxFF5rFuZ7atWN2puYybj9HSrd
  Recipient associated token account: FT7X5K2x1JWBnG24pJ4wMw8DLbB1xrzaQtGxHGSj9f3D
  Funding recipient: FT7X5K2x1JWBnG24pJ4wMw8DLbB1xrzaQtGxHGSj9f3D (0.00203928 SOL)

Signature: 3oA39kh1bXWD9Ue3zBZjgjjq13duX8cVg7DEh6WpJenNDLJMFpQCgjT8JVtPdGZBPg2Du5T2isKtPrd7cnQ3oFtE

Transfer 1 tokens
  Sender: DvSKYrFuQGvvjJ2Xdzf2BSkftvKc1EYiqN7cbUPtsoz
  Recipient: HztqUciz9TKPs8jV4R7HHn6kXfpYYmz9VVfLJ3vCV5v
  Recipient associated token account: JvwcpU92nNTMtXpcfoh5igp5fgws6kpX4U7mNP4VgSa
  Funding recipient: JvwcpU92nNTMtXpcfoh5igp5fgws6kpX4U7mNP4VgSa (0.00203928 SOL)

Signature: 61Jm3sAy59RAaqVmYdU3ANbPqRB3UP5PphBvwfvZDfGLucdWX8tQLNhMdFgrkTTzYoufc4CkZYdDa2ZpqgHiPJuP

Transfer 1 tokens
  Sender: F9yMuvLmd4BnaTubW3KU4NzLdvY8tUiDcNyoDigLnX9f
  Recipient: 73tF8uN3BwVzUzwETv59WNAafuEBct2zTgYbYXLggQiU
  Recipient associated token account: BWsC8p555yN5F7vtdQvvAf74hySa9dfoPvPg4AVZvfa8
  Funding recipient: BWsC8p555yN5F7vtdQvvAf74hySa9dfoPvPg4AVZvfa8 (0.00203928 SOL)

Signature: 24AAPr4pJkMK6GKSCHLf7bq3vdzdThinzKUgYPSQ7C9qagf2yHqHV8bUG9Lvf5ynffiftnBf7UavwRskHiBJLUp7

Transfer 1 tokens
  Sender: BFV1MfmzMLTXk937ZyvzxMCsDsn9XsXVPyYJ3W4smu5Y
  Recipient: 36NvFFD7C1tK3mB4usBumjy4eb8AgVRVakEZGidbrxD4
  Recipient associated token account: DJrzaPWkm7b5TS4vosT4mUErcdbXWso4en1nuK2jJSi3
  Funding recipient: DJrzaPWkm7b5TS4vosT4mUErcdbXWso4en1nuK2jJSi3 (0.00203928 SOL)

Signature: 2ehZw9GR7BecLipYBBcEB27gxat5AmxGN9NGSrhH6MaymtWjcPbb7noDuPpj1Exdxyxiunv4DbxTgAJVJztBS47M

Transfer 1 tokens
  Sender: DTQMhMSwcwoMiHNSSgitmsxJ1pqyhHqLtyHqq7iYvtkh
  Recipient: 4cKqqwoADnQVUAapaq1CrCwpBwbvCSohZPzB8aHooJjk
  Recipient associated token account: CtcXBsbX5vNbzNjAb2yMmmWPBJhJjKAYJzUeY9ubUL5k
  Funding recipient: CtcXBsbX5vNbzNjAb2yMmmWPBJhJjKAYJzUeY9ubUL5k (0.00203928 SOL)

Signature: 3ynWVkkgS8ya85ERywvhbXvezsxdfyix1r6e29dXNzeomAjg7kTgZqModLNZjQqQeUuCcMc2GoMN9UcW4pDhCasN

Transfer 1 tokens
  Sender: 63yqZK5FGCaN1NDeKYrHH6BsyLFJGXVeJ6qFDx27rDYG
  Recipient: F15rzk8R8DHeskM1CFsuDKQidbK3yCEE5fSyd3upevze
  Recipient associated token account: 7LHLjuk1BAmv6BtjkPd57aGCbeRRT6z7Y7XkpByVgpf8
  Funding recipient: 7LHLjuk1BAmv6BtjkPd57aGCbeRRT6z7Y7XkpByVgpf8 (0.00203928 SOL)

Signature: 2Yx9SQRWqpYk9XBZHGTyJSfERFQJcZo2t9fc3eqjRNoN491n6ZvGq93Nzk1CUwzEKHCpya3BfwBnjdPUQSEVuKSS

Transfer 1 tokens
  Sender: 679JfxuDCbSkztN1zniwa6NLfZgkttbgkYAHB2a69pws
  Recipient: EADTDauS15A4wdoH74pLMmBT7rbfCUDpjRt2MiKL69RG
  Recipient associated token account: F9kbvsxpjzx1p3EjPVTmvdh49DQhhQha9nR3cBJP1Kc4
  Funding recipient: F9kbvsxpjzx1p3EjPVTmvdh49DQhhQha9nR3cBJP1Kc4 (0.00203928 SOL)

Signature: ZULYc27VMQzbvBYi17jJMPWNBW16TNdDdFDvdHQkHo8RFUS1o78u6QVQPHsnRy82MD6gtv1etVcTBBM1QAyo8P2

Transfer 1 tokens
  Sender: 5ZnaWHgDffDJowR9wvP9AQ4qRQPB5KL2wrj6pTzMmwdK
  Recipient: D19N9udTVk5VujnBcmki6DTQMnRJCcZYs6yB5w3zk9HS
  Recipient associated token account: ESgtyVkBPg9R5vVxLXqDKYieH6wDvjF8HPTNdZy923Gz
  Funding recipient: ESgtyVkBPg9R5vVxLXqDKYieH6wDvjF8HPTNdZy923Gz (0.00203928 SOL)

Signature: 3xKxFLTGXsRxV61equLpnutbddod3Q6jzPPxs1bFqNS3ceVJRdL1K4ZAi6k7LU6qGSpjduwKDqsvXWo2zQgFd8bu

Transfer 1 tokens
  Sender: 75QDrmqAYAXCnKwYDDFD7UHCyxV7HY2mumUqZwnz3dtW
  Recipient: 5nH4SNp9Hhigqmjd8spT6UyLKN8okssmWJ48uCGfWf3J
  Recipient associated token account: 6FPjhYrA7fsjBUUtUMZrawztQYfmW25RCMbjuJw5d79r
  Funding recipient: 6FPjhYrA7fsjBUUtUMZrawztQYfmW25RCMbjuJw5d79r (0.00203928 SOL)

Signature: 4wL9YkCCPrgVWzEkBsLbauDLw9r3rRFReXjE8azmrUyc6Hs9swG6YUcyvxudM4foys265jdY7XXHXpGGXrUpgfj4

Transfer 1 tokens
  Sender: Cp9VxN3Ga9fXU8EzcgKWNGzEtqtRECXpDe7ZK1zGpMwz
  Recipient: HiUjBgoomN7PgCZFPdM4KC8aKAFfsraRpTjNKnf8jxww
  Recipient associated token account: 8fndQJq3bJCQiSJ49freS9bohu1bmMC1WyL9MWwioBax
  Funding recipient: 8fndQJq3bJCQiSJ49freS9bohu1bmMC1WyL9MWwioBax (0.00203928 SOL)

Signature: 2ph3FvG4yx2YFVJ7qg9JWYLecxAWduthgVkCS3vEuT5nSsEmZ8JsAoXrM8xbPKRdc3iVtpsSLfCGbhNvQ4fZwYnG

Transfer 1 tokens
  Sender: 6FND4L8dysmLjXufMatEUny3xV5Ui9Rs95Ci93vy6KTP
  Recipient: 6VGcEyf7x5PFBpUMKTH8cEnCmQ97FBuxjAh37GjXefPN
  Recipient associated token account: 2KQaXGEcu5iwdDrqSjFURTwNQSVfBgndXA1ZbqMi3qkQ
  Funding recipient: 2KQaXGEcu5iwdDrqSjFURTwNQSVfBgndXA1ZbqMi3qkQ (0.00203928 SOL)

Signature: 59RUSvXavDoT9BqweEC2Gfai8ikgGptzTbiUxQ32NV4yr32Dfv9SL1hjr8T5uEieBbzKvnTUoJNCm5YjAi6xxUQQ

Transfer 1 tokens
  Sender: H5yNPbiecHVebfyp3WqjfagchyoGS7WhhYuQegHNHhVH
  Recipient: HETwNvvgsoVSUrJ2nYdBbHuZ98PXESq7qujhg6Zz8VGH
  Recipient associated token account: 59eHt6ys9YNrfiwsMJHdjnzqV4bbH4A5gZs6kX1Lw2MG
  Funding recipient: 59eHt6ys9YNrfiwsMJHdjnzqV4bbH4A5gZs6kX1Lw2MG (0.00203928 SOL)

Signature: 5HaXqTM1evpmEhRsBXgZGaAa3b3HBj3N6xNYbGy4cDdL1YT3VEV2P17dxZk3jycc5Tjg5vu68iEbvogH85Mzc4M9

Transfer 1 tokens
  Sender: BnRR9FDg2ubSYceLdA8qtywfkfHdbcDwXE2wBdTQwgZR
  Recipient: FxH75gveqRNXJnsa2fN1GtTMiGjP1JxCRnUPU1d84Fvs
  Recipient associated token account: J3fQDcTVbBi7UJtV15AQzCkbWfEaBaSwWCtJ7UQhHg8B
  Funding recipient: J3fQDcTVbBi7UJtV15AQzCkbWfEaBaSwWCtJ7UQhHg8B (0.00203928 SOL)

Signature: 2jjxH3PK1Z8FbiUfjSbq6aWSfzf9NAEdWoUs9mRfa4YJq9aUYvmXbsKqH5z4fBU885TzaKaofUQhTiJviztKK2dj

Transfer 1 tokens
  Sender: DbgSyg7xLwaDxc67gLWtnThBLgKy1EBVao1G7v3YqrDP
  Recipient: APyRC1YdA9HQxXnGkLr59ZERPXxVW1s1fG42UkPHF7Zh
  Recipient associated token account: 8tgm9vNykSd6j26o1SoXtFsi4UTmpJVcEx7y32ixY15z
  Funding recipient: 8tgm9vNykSd6j26o1SoXtFsi4UTmpJVcEx7y32ixY15z (0.00203928 SOL)

Signature: 42S2eE4ub8wcHqFXN4MZcuiXPV7cif9AcqkoEZMhdhQNDFvqcWyVzVvMFNMvymfkxLaxtQTHzAHfokxPFSbz94hx

Transfer 1 tokens
  Sender: 7HmkxHRNSq2cqdmWdaoww1fTCf2sTD7R8ZpjLJcmSvQT
  Recipient: CYVikdfqKK1SmPasR93k1p6CntrmqGW4YcoSYQQ2TeVp
  Recipient associated token account: 59iG4F5RMVbNcGUTRF24vnThYzL5nTX5gmr3Qc3Xikde
  Funding recipient: 59iG4F5RMVbNcGUTRF24vnThYzL5nTX5gmr3Qc3Xikde (0.00203928 SOL)

Signature: 2dKVNYog5gr8pKJrCVB3WWhhgLzm8Av11W3poakevzeVQ8kjtdoeCXy8DT1R2oMiucNJh8tpq7MU39LGVSzPpmFU

Transfer 1 tokens
  Sender: F68j3yCwLSzAxnjv6phTeHkbUn9ccjQHAuQ11Gidxqad
  Recipient: rLZStBnnZDnRV3z1oEkBb7KuhQGp8KxAe5oi8L9cTcx
  Recipient associated token account: 2qrZ7h6uShzAnfMTPG1UJVqPRkYr1brcXjVDt2D26L5B
  Funding recipient: 2qrZ7h6uShzAnfMTPG1UJVqPRkYr1brcXjVDt2D26L5B (0.00203928 SOL)

Signature: jBgAEMebpBge3gaVNxBHGKkZQGQ1x8vS1N1uT2c53diEMwTHReSRH4v5urPkoSmYWALRCbXghHi6bAiF2Ad93nm

Transfer 1 tokens
  Sender: ExtpDK4qaQXjkWjS1JC76LsF26QuqcyqumaQrrqZ5rVh
  Recipient: 54ZUQsgXKSHBRdWLXu2GfXgLPQtrcD1vn9ku8aFw38pK
  Recipient associated token account: FCuW8L9E9ha7zPVkj8ZMfhxLRdKNTQtDseMnDbAY1kFN
  Funding recipient: FCuW8L9E9ha7zPVkj8ZMfhxLRdKNTQtDseMnDbAY1kFN (0.00203928 SOL)

Signature: 54Rk6vKwv4D7oqw8guFjnD9Wmkfypqs2FuYdxVQkrzQNXuQeSXTdn4hUiveT686hJXvX3UXBYKDyW7N45yyuSep2

Transfer 1 tokens
  Sender: EMFAXc3HgT57bYQidzF6gXKiHuQrbh5CsGzxrBio84UQ
  Recipient: 93JcD52gQgTkGqADLhEo1E2vbqDkwXmuMGuz6bLh5hVa
  Recipient associated token account: FL2fQjH5o3bxnoK6QBxw2zr4J3BuR7gaGgAdcHAF8rit
  Funding recipient: FL2fQjH5o3bxnoK6QBxw2zr4J3BuR7gaGgAdcHAF8rit (0.00203928 SOL)

Signature: 3MN2qk6M2nNb5RfZqHnyYevYteVAj2iApxQKhFroGERdkL7N4j6qut9r3ECeeMf12WYg2mkkdF48p3bGrodZjn3u

Transfer 1 tokens
  Sender: CHVfqkUvwkE2mUkFWwauMGb6pgjaBRMPHgMCBdGfLK49
  Recipient: 6kYgjyCcNTh2U6D5E71uDtPozkfBszCvPTJSZvBaYMUE
  Recipient associated token account: H7JNmL5xutA7qEBwqbHfYVwvBWN58JCsynpWAvLedQZb
  Funding recipient: H7JNmL5xutA7qEBwqbHfYVwvBWN58JCsynpWAvLedQZb (0.00203928 SOL)

Signature: 4CRK79PMS5MMdst1su1NBEXxiPom1rcXVE7umwSxvZKi8ycN4s2FhpPyQZYcNnxVQqmC6qhsm86rNu52aRr9bZoo

Transfer 1 tokens
  Sender: HuksixvmoSz6KTQHB1EQAhXoxh2c7faGUBTutRLwjxTP
  Recipient: DDhLp8jt7sSDQNyRYpGTAtLu3DqEnMz4yTAkRdXXGfUE
  Recipient associated token account: AVAfFUrWSdwhFrQ1esg18cLnZYsArBGvTin5NjqdWrU7
  Funding recipient: AVAfFUrWSdwhFrQ1esg18cLnZYsArBGvTin5NjqdWrU7 (0.00203928 SOL)

Signature: 2LNk7goRK1ayJsaysWjMbjvcnk6FQ9nAAPC7rzAZkT6MJKzZdufgYbyYVLS2FDGoJaNPuemiMwumjKvUeBsY6Pc3

Transfer 1 tokens
  Sender: 8Udy5pXfgjszn6EAqHVjphhT3XLKR2ojqsKkhqpMPR19
  Recipient: Bg5J6ogzzRzUpJDd3KwEfHEnFwzUQTVciGMxrWWFfuAq
  Recipient associated token account: H4ZHjeBD4kUk4Kei1XQFcz67QuAooHgmJSV35rH9vkLK
  Funding recipient: H4ZHjeBD4kUk4Kei1XQFcz67QuAooHgmJSV35rH9vkLK (0.00203928 SOL)

Signature: 1UWm3KhkbXt2oZek8W5Y9VUEeEFpC7qQeqrQxpgqUdYC16BSS8ZGqr222oTVuj5E1jUbsDR1peAWV4ENNS8P5KW

Transfer 1 tokens
  Sender: 3qoAFfn9KZxoxSgkPG7W46V9ADWKvfsGrB9mXfAWYJWj
  Recipient: Derkcu2xWJXhSATnRCLy4XozfoRDZysycuL5B49VQ5fB
  Recipient associated token account: 8YKHQggbnTNzFCPgUzo3Udpc46iqohNRJXUsvNaD8T28
  Funding recipient: 8YKHQggbnTNzFCPgUzo3Udpc46iqohNRJXUsvNaD8T28 (0.00203928 SOL)

Signature: 35h1LKx3qMXqnUcMaJW7bKTToopEDL99JSczuZResK4kNTYcb3NVxmyoS69azeEiny6tTL3KMkkGbgeD32GyMZ2F

Transfer 1 tokens
  Sender: 3S1n61msWbuZcjnDywUtP8MiEsPvXvrzW1trueow5Jcx
  Recipient: B5wGRziAmbZ6NMGwatX7s3rp9tWzDL3fEJojQwh1JREe
  Recipient associated token account: FGhUdndsdmCFMCTHithH2mgspZEapk3Zx2PXbfHgK69e
  Funding recipient: FGhUdndsdmCFMCTHithH2mgspZEapk3Zx2PXbfHgK69e (0.00203928 SOL)

Signature: 3WCXu9QQiEWmFs3kcETwLJ1V4dG3MmiBiKaPDiVomwFXGSw93VqU2egngot98fsKDFYTTZuhavJNUoK6Sena6ywr

Transfer 1 tokens
  Sender: 4WbyZBq98fCDk7mp4TRA7fqN45mcEQK4QLmYw6PyJ7ud
  Recipient: 6MS5NwY2eaAQ6XNbnrpUJXQEWTNC1Co42VJmT2GA41mp
  Recipient associated token account: Gon7hxMbo8C96QyRDgnLp2gUZsAk7P8simCwX4Ek9iL7
  Funding recipient: Gon7hxMbo8C96QyRDgnLp2gUZsAk7P8simCwX4Ek9iL7 (0.00203928 SOL)

Signature: 2M85VxGsww4ZuGpxVUDWq5YAgwtJSZS8UvJVUthhJaEjwFC9wAHcDUgRWJ4jScCkKdFBaQteArsnGu3zXtyVqoGc

Transfer 1 tokens
  Sender: 8ikkfwR3DQVNTjsYXfB3tznkikXKJKw7Mn1gV9ABQ2wC
  Recipient: Gxz2nMRET5cLmmYo8egq9scNrwYiPPDPnorsNYGWHedU
  Recipient associated token account: Fqi77qxvuGyVMiQUUua5MJXZWWQ2Y3ioQZHkhUSTYwgu
  Funding recipient: Fqi77qxvuGyVMiQUUua5MJXZWWQ2Y3ioQZHkhUSTYwgu (0.00203928 SOL)

Signature: 514r33pf4LranyeBaX3Z8kPrs9hvfn8Va8pr6VajJHYggzRJTsbjzDJEoXRWLCBbauvphAqkYqQNR3NTEuiznPKg

Transfer 1 tokens
  Sender: FCG9jtNk2qcuC8LXjdVb6moGsPKM4JchUw2xzUBLvxyQ
  Recipient: Cj3hddF9BiUu3nKRkSqgtLK4HNPF1wELU4UqhiLtgLL2
  Recipient associated token account: BB33tQNDxxxhKZyjvri1ANe9B4ietvADY2AJMrxphFkd
  Funding recipient: BB33tQNDxxxhKZyjvri1ANe9B4ietvADY2AJMrxphFkd (0.00203928 SOL)

Signature: 4cVfuT3xCSzor8xELtAyN77YEKZyxRWQWirzXSrgddgMJRKWtEZXMuVwzKppDyhpHSbVtdate9kpuvaz1q1TycSR

Transfer 1 tokens
  Sender: Ekyn7UPexoobzdtoHRoUdq1FoiE7LBc8nKydYqSWTtDM
  Recipient: EWC6ESChdBqExhp96XPMLXR65pXP6Ftuh1pPAVws4pmk
  Recipient associated token account: DkJbuQj7rNCeBFZrtgF6vZhsqPAFbupNH3nELb8xTHLU
  Funding recipient: DkJbuQj7rNCeBFZrtgF6vZhsqPAFbupNH3nELb8xTHLU (0.00203928 SOL)

Signature: 3PXq8ZwTZf1aD4ZZ5BJJyuQjhxVzabVftcxTARyzeP6TaBBonRB5H7EmVtiptY1Nwqc5y91fkUPrmFLxVzJE3C7Z

Transfer 1 tokens
  Sender: 9bbhcQCsizYDdamM4zvtT3Q1uLdjatT82mrtxj2cUQ2C
  Recipient: 9dFNNcoMyzAJwFBz9mX7MHSbiSqSX69XZ4wNPP8FdUQJ
  Recipient associated token account: 97kFgG1FMbNaTa2nsFC5swqLQ7duiwRY7ghDLFvW5XKY
  Funding recipient: 97kFgG1FMbNaTa2nsFC5swqLQ7duiwRY7ghDLFvW5XKY (0.00203928 SOL)

Signature: 2KUBZg19LWTebrcgyG4tNVXkZ84uqhADNQxE77bCvh6RdHsm5pgRdSS8MmGwuCMe9nmkxUuDxGCLJdFne5LAznDZ

Transfer 1 tokens
  Sender: E2Ho6i2bNan35qUixSv7RGUPSMDfEP9m8uGLiG2stxan
  Recipient: kbtxDFxdfY4NxQ9kNAuXFJ2GuAZE95dCXQw7yeb9q11
  Recipient associated token account: UW8hnahWQm7VqN7X8PbcqAwZPEYDiEyXMBqMbhN9Uj1
  Funding recipient: UW8hnahWQm7VqN7X8PbcqAwZPEYDiEyXMBqMbhN9Uj1 (0.00203928 SOL)

Signature: 3q2jccGT5D8S4s63TLAgYN3vaKbSagiqnVonEG5KoYibJjYq3QtzVcBwdrsWK19Uxw6nTvoAFd71gZ5XHC86QrEm

Transfer 1 tokens
  Sender: 366S7s4PQY5A6iViLMcPY6EagaXoEiyekuuEReJDCKFa
  Recipient: 8XW5X7k4bU1fZzCVGPVnyVRv6iqwXqG284DnBpszAiuM
  Recipient associated token account: 7s9h9dHkKBttvtWNF3LnDsmYVTnRRjzCVPgSbVkKZdMz
  Funding recipient: 7s9h9dHkKBttvtWNF3LnDsmYVTnRRjzCVPgSbVkKZdMz (0.00203928 SOL)

Signature: 3GV6Jvv5MxZTPQNF3FNBwKFSWmCpww1qzriDa3FUwsud3XrjoqvKxGSSRs7PoPP2EPSPWprNxzp9GPXNJ3d26Xa6

Transfer 1 tokens
  Sender: FbVNDZ9r4L5wczJ6CQoV3JGamiEUBay7XEUXaRNtQoYW
  Recipient: ADLmjzGS7HhEeSkjLmw6af42dqA3YXHdYqvwTxV9XBGP
  Recipient associated token account: F7S32T3Wa1kZtmDoseavEMjGYvwXvneW3E8ap9anufXt
  Funding recipient: F7S32T3Wa1kZtmDoseavEMjGYvwXvneW3E8ap9anufXt (0.00203928 SOL)

Signature: 2gE1sBGtsUYGp8tBjUsjgBZ2ns3eFvDwYXC8wR348CXGCA2e8VA23it2Jk4WwwAujaRRLrktLMpcMSUrYmnD46ik

Transfer 1 tokens
  Sender: CXAMDWGqx9Rz1xnhNTiZihAgYAtjuBJdssQXks7b9BWG
  Recipient: EzPQYJfcoTqvS4oUYnyd7SzSyjJg9nbvH8SEkLp1fKVr
  Recipient associated token account: Cf2KbgKiUJLT3kCzqSKeUW4zeuE8dss6RAHrkXeGiC2x
  Funding recipient: Cf2KbgKiUJLT3kCzqSKeUW4zeuE8dss6RAHrkXeGiC2x (0.00203928 SOL)

Signature: 3sp9JnU5N2md5ykTaCbVmv4HJbFRk6gfye4uQ5k679BCBwVXhvM4wUfEmJRPrUpnHfQu6tjBsRE8zjiEFwRf2Z7b

Transfer 1 tokens
  Sender: 8Cq5prGn11EFaj1EeVjNtqMptHB1avw1cV5kEHUfEQh7
  Recipient: 7iGCFYLUJczcHwpUnCCK5QFBCvYwznnj82RoYQQnWu6d
  Recipient associated token account: uj1qwbqmGk2HrZqFeuCQrBmg8AjnfVBdJy5onPMxizL
  Funding recipient: uj1qwbqmGk2HrZqFeuCQrBmg8AjnfVBdJy5onPMxizL (0.00203928 SOL)

Signature: 5QqDhonygtPy7SRzprS7EXAGBaUzWdvMAm32F4SURRvh3Tueq8tJdAJqaJsTxE945dajyEtyDTevUmZzjFf1w8Fu

Transfer 1 tokens
  Sender: EC3DMTrSa1d7M6zj24EyoAtM45GBT2v4bz2N1B6EQhuu
  Recipient: 5qLUQwffcHESZuVwjDYfzj7YHbZfhGeeTSiwF2aqEETf
  Recipient associated token account: 5oYjmFnYfafZcw1wLx5mvqaC6mkupsrQktwHPsWZoRJs
  Funding recipient: 5oYjmFnYfafZcw1wLx5mvqaC6mkupsrQktwHPsWZoRJs (0.00203928 SOL)

Signature: HRP3xyKuLVvbzFGme8HGJPdKm9CvdqjRogqFwswUYUTiewpFFPV2t8cc9UXFqwksgwmxn36ZRsUKRrvitVhZFfw

Transfer 1 tokens
  Sender: 4tXRCW1FMZci4VvqtsK7nDDUkkqJkxrkfY3xxqffHM4M
  Recipient: BPuNcEh3NoxAL4UrTWBjKbA123FvsfzV1KJb3JqTuuN6
  Recipient associated token account: C1TnLmny6L6onTsMw6Pco6pey6akEkUfgPxQ25xPsA1q
  Funding recipient: C1TnLmny6L6onTsMw6Pco6pey6akEkUfgPxQ25xPsA1q (0.00203928 SOL)

Signature: 3E1HhHh2DcaVGRpJQ9oNwCtAro7sewhTRy8JHbZ9Z8TCWBokjrBwiotRn9RcCJ4cNjSEuZGqyhoA7BCcbk7SPzsk

Transfer 1 tokens
  Sender: ESEc3HxJRfnQTBwh5VH1Fvf6UXe3p58yUWRnAU7MKYnB
  Recipient: BVFTQzEas8kMPkcugksaTTuLnQJ8ESxtLryk4ngdyvjU
  Recipient associated token account: Go8cLB3NF6rzb1DuDLPFFX9KQU7WakUZ9kM2arnuKCYd
  Funding recipient: Go8cLB3NF6rzb1DuDLPFFX9KQU7WakUZ9kM2arnuKCYd (0.00203928 SOL)

Signature: PTXYvMqhCZn9VwmkQZszUMnmzFPhcZrPpzPycPxuNC4899KRRhiKo8BHtTPtpTTnrPRTNdX27imorNsDyj81t6H

Transfer 1 tokens
  Sender: 47kMTn6JNg2wmMU8RUVNvz77emZz1JAY1wAFJALMJiMm
  Recipient: 9V4i8VdxEHgjQFEKdXT3N4nFKRtNtkKCzd17SjxVWLSo
  Recipient associated token account: BMoMDhsawkSwHLux5tE5vh7v1KB9S7nGeATJJCorAkcg
  Funding recipient: BMoMDhsawkSwHLux5tE5vh7v1KB9S7nGeATJJCorAkcg (0.00203928 SOL)

Signature: 5eq5enENDLLTnhZu6WqDgn2cfsMXZpZsUcSHr6bPwEBUbkCuB5A9Sd2C1D8jFj7SYf2FqsQf4et6RoiWi8duTM1k

Transfer 1 tokens
  Sender: 4rQCLprLnbNHqefPpWXJijF8XH9eqQ2LUcG97W1Cf3FS
  Recipient: EEUHeJFM6mUeN44v3kpepHXXBcGY8xV38TjTNxHEt76U
  Recipient associated token account: 3S35Ky4DacjAyvHFwc9iTCmjRVB5VQtD87PZr1mr356D
  Funding recipient: 3S35Ky4DacjAyvHFwc9iTCmjRVB5VQtD87PZr1mr356D (0.00203928 SOL)

Signature: 2w5xcErZqcyCdfyFmwB4X8AQQqUsk4t1w1v4k7XzqzQs9kKthAk1XeBY995NTX9cR1dBShuKGNdCcdn513ZULtHL

Transfer 1 tokens
  Sender: G7mqqLRh7PYz75YesV9NkA6t9LBNfhsZRsV6NEzXfo78
  Recipient: 94UHpi9NnLjrnhGqzmE5dA7dSvgMewUjxorwzf2wJ6DV
  Recipient associated token account: BbWpXE7bB4xvuGMhMaiBojjYJmnx1exg1jjNdXa8NMAN
  Funding recipient: BbWpXE7bB4xvuGMhMaiBojjYJmnx1exg1jjNdXa8NMAN (0.00203928 SOL)

Signature: NT2tWctYbMPxnXG88ZsRhz1W6NZJZJZxXwoCDCZQV5JW568s1opPgaFzFiSUtg3fmMeL3Y8iC5hVrEhMy1aXGEx

Transfer 1 tokens
  Sender: 7QKsLoiXr3EfnywNjPiFCUtT75jk8pePBUtU3iAMnBuN
  Recipient: 7uPi6DYjLyBRAMtuyk442gnq6pXMppuxSkj4AiP25MW1
  Recipient associated token account: FA8vGkV9TygFGZBt5xQNfzJVYakX2PUHNohTgamuLYRo
  Funding recipient: FA8vGkV9TygFGZBt5xQNfzJVYakX2PUHNohTgamuLYRo (0.00203928 SOL)

Signature: 3Q5eUW6V621o9UMgeczBfN3dKanSKsUNBe9FCzYGa8juVmoNtoEBYnpWXW6DC3bMV5nE2uS198ZVbRcQXL7AYfyT

Transfer 1 tokens
  Sender: 4RevdL2KgzrtRNsG9uFe1iuftswV4xrfoDAdVnkfCXv5
  Recipient: B76uAwAahbFu6Ymfg2naf2aZstzTU8kMgFKhFUMubuqT
  Recipient associated token account: HstSyqHaiwe3Na7meZ71xKPH6YAqFk4ybWXV4ox6pyro
  Funding recipient: HstSyqHaiwe3Na7meZ71xKPH6YAqFk4ybWXV4ox6pyro (0.00203928 SOL)

Signature: SvbFnbjbKHspx3iG4pufMLnFMGCNM2Wxw2xP5ZKmAPrbsg9LEYWynZMz8LxtuuZwcCWyMfNLHsCEYybJPJ8LqQD

Transfer 1 tokens
  Sender: FUbNrYjhdf78znr2EVr9ohW4vKy1y7h5wt2Pd47sYp8R
  Recipient: BSJrzadoQ2gqLwwHbGjDrU9WcKCxFVvbmnPcTHn8TNLQ
  Recipient associated token account: 9bddStKMsoh6arKR5jDi1EtDuF4pgS3P7bfGT296yTkn
  Funding recipient: 9bddStKMsoh6arKR5jDi1EtDuF4pgS3P7bfGT296yTkn (0.00203928 SOL)

Signature: 2AXHtxhYKRh4xMr5jEUkT4Fq1j5STGETTLCDtvG2pX8TqPNLSDWiutKpoFpzKcVJ5cMKPwzZ7z1bpiyb7v9NPD6q

Transfer 1 tokens
  Sender: 68GdWV7PfX7NoEtU79Z29hfA1kxuiV2kdhKJ9EJycybm
  Recipient: FdvMXoYeqtGkGHhQyztVFQMTRAP3oiQkLjVSFe17RWa
  Recipient associated token account: 4NW9W68UfAS9dosd5FWHAkEXe9ehtRR2Fnz2LCpwA2NH
  Funding recipient: 4NW9W68UfAS9dosd5FWHAkEXe9ehtRR2Fnz2LCpwA2NH (0.00203928 SOL)

Signature: KZYdATvw5wGnjNtJdB1dRRBpa4TP2tnRgHBS8K9E2TPjccSehX4daNWG5HjRWC7XdApfE2Ag9MNAFyF1UQkHzMe

Transfer 1 tokens
  Sender: 7iZUFkniTv7NPEW1k8eJn66AnPAuH5Ei5P4X6tj8oGu9
  Recipient: 3eiNNyffVEpmdn97KLaJArKz829N7CMt1GHCPd8uftCi
  Recipient associated token account: EBjkWV5D5Ds5z3pi8ak7mdfUmeB2UhxVQgWCRvAszNDh
  Funding recipient: EBjkWV5D5Ds5z3pi8ak7mdfUmeB2UhxVQgWCRvAszNDh (0.00203928 SOL)

Signature: 3kbvmwr6tTSSrKCf9bepN3y9Sd1HdbcrmUL3sDPiqmPcEszzKUXgfcU9hSBsCB1HRU3pppVXnan7V59t8NgRkj4Q

Transfer 1 tokens
  Sender: Gsq6twYL3YzAcbKF13zBdzXzai5ZM1YpPLEN4vjXnfm6
  Recipient: 2mSEEsrV1sQ82J1PztWQJ66GJzy5NeSDuFBozNeBqAqp
  Recipient associated token account: CH8YSanChcY43X2G5LuZAnx6wHa5NZhakgGyyhdGkUQ6
  Funding recipient: CH8YSanChcY43X2G5LuZAnx6wHa5NZhakgGyyhdGkUQ6 (0.00203928 SOL)

Signature: 2wyFwDSxrDK5NqSJNpYhimrAaMLnzAx8rPagNmPyEKvbSu2K6LS7xACPkqFZnLrtbnunzpoQxDKhaays6TUE1ier

Transfer 1 tokens
  Sender: 3YtXE877EqiKtorrLgSt87DNbTsArP577e51rmFu2R4d
  Recipient: AbgicEN3npoAGUvZCJWpkLkniVxnEdcsFnTHCcmhfUKF
  Recipient associated token account: 5Y1147bkrQVgMsh7ZT977r1wGv762WsSoXfVMss7g4SS
  Funding recipient: 5Y1147bkrQVgMsh7ZT977r1wGv762WsSoXfVMss7g4SS (0.00203928 SOL)

Signature: 2UPgZq6TJJjXrg8fqJ5g8dcWFSvUtPuP7dojqQoZSZSZTZE4AJh6ZiqudGAXZ7NWdt5UmbuvGdRZUkXHrhazQRQh

Transfer 1 tokens
  Sender: GiGa97487GKdxkuM1HUfGaffvW4Hc1jNAvvtJVqfjVEL
  Recipient: NY6GuYhLADqWuYnJ8Mp7FZrhyPzHH4BX2wmxBCFhPkX
  Recipient associated token account: 6tc79tm8pe6fxRPZVHKzQwWUyXmVPmccW5FEgPxoN3VV
  Funding recipient: 6tc79tm8pe6fxRPZVHKzQwWUyXmVPmccW5FEgPxoN3VV (0.00203928 SOL)

Signature: 663LDtquH4LKYBi8B2Q7eqnaCwVAkupvzEhokAuA1DQybdxiRSLCTpCX3QxGMUR1ezJH4hAWsP1VrUMP3XpHthCM

Transfer 1 tokens
  Sender: 2qJUA7AH9FcuecvADvY8eR8iAnTwgFz1yfQqb8c8yQCP
  Recipient: 51oET2dy4vCmZ1JMGYR9hbsvsLng1vcLD6z2AZp1uq1j
  Recipient associated token account: FQLRXD1USTjyj21NbLh5rgMNZrpWkdEbTJJtTg5c9fpC
  Funding recipient: FQLRXD1USTjyj21NbLh5rgMNZrpWkdEbTJJtTg5c9fpC (0.00203928 SOL)

Signature: 3La7bEdm2xZjTAetTLUyNXcHH2HdooVmvK5jCk2R5ieuUVj7FhRQBRLo86QFqyrPWaXKJXnMBNnFwor9RKtsFUaF

Transfer 1 tokens
  Sender: EFWSG1zkotvRsWBTVByWpGrhMy5qJViKa2P2BM4HhEA6
  Recipient: 5sQ7hzMpqscY1JYkzHdf9kPwY1xGPoJ88kLoVqb6V9ss
  Recipient associated token account: 4vBJbYRC5ZiweJQV1kTLfUddxCyM8vsiob1y3grDhscy
  Funding recipient: 4vBJbYRC5ZiweJQV1kTLfUddxCyM8vsiob1y3grDhscy (0.00203928 SOL)

Signature: sopiG2cYaGcY32JGQPhDSX8a5CEg7gssWQBsufyVXiEutXZESpMTHdicUF15GUaS7qH5P7rvARHe2tac7V7F1m8

Transfer 1 tokens
  Sender: AxpwrUyGjVvTm6bvxu2RxxvsFn31KwXuwZEsGUR6tWaN
  Recipient: 5awsmonFXxL4xCNQTYVgw8zGWXEzAcoTbirxYEYqxwh3
  Recipient associated token account: 4BFaPd4xYo8Tk6GLqHatEfQVqodkJ6i5oNnxbB456JnV
  Funding recipient: 4BFaPd4xYo8Tk6GLqHatEfQVqodkJ6i5oNnxbB456JnV (0.00203928 SOL)

Signature: yj2GohY14mF5eczNyXv8n9yhmmMceqZwjyZGSD9oCxHHajJpffgumcovR5HQDeSw3YH7riXGrhssyVTWQRfhHJB

Transfer 1 tokens
  Sender: 6HZK3Go73MgWZFr2mwo1P7MZ9zZo58Y43WTseW2wkN1U
  Recipient: GZbQmKYYzwjP3nbdqRWPLn98ipAni9w5eXMGp7bmZbGB
  Recipient associated token account: ANPLBj8xqafJPq4xAiHFGfMPfybBciALWiGoaK7R1XJW
  Funding recipient: ANPLBj8xqafJPq4xAiHFGfMPfybBciALWiGoaK7R1XJW (0.00203928 SOL)

Signature: SGEo2vyNNKokHRJWeA2beKvkztaKVYWKCVPQyMsWnbVCD1UgrBZb7rt4aHN5r4YwrTuQHSxdzncjj492XDVFBrR

Transfer 1 tokens
  Sender: 7ugzvDgocapSsVs85xfBEmH6KPGxXe1D5CXy5aiAC2tE
  Recipient: CvTZWe3SSDMks5rmG1wPA91mxba8FLw4pfm2H2YQAkgm
  Recipient associated token account: 9uBXehztH6kzrYSa2wf6Sfjz4aGrViW1MVAfFZzkC6cz
  Funding recipient: 9uBXehztH6kzrYSa2wf6Sfjz4aGrViW1MVAfFZzkC6cz (0.00203928 SOL)

Signature: 5Fvejfoxm8dFHBhhRKLKUzp9fVqbXityJwNnUnWyLxhpLWdqGta4oe78Fjg3QGFKynZuYYErzJpV2H9wN8Jvgjym

Transfer 1 tokens
  Sender: FmH3QH7fRM43CYUbB6MoyXWaBvu8XDujCWUYwbqwu74C
  Recipient: 5PWiwuJicwtDf6VMAW3DwMykjHhbEi2wBkHy5pS3UAfD
  Recipient associated token account: DYUccJzJpeZYvAypy74Ey9JV9RUnxqhoZKW4apR5LxhA
  Funding recipient: DYUccJzJpeZYvAypy74Ey9JV9RUnxqhoZKW4apR5LxhA (0.00203928 SOL)

Signature: 5ReSUsVvu4nZtLTWHhG2oa9TsFrCgjdHPn3AoWX4tqBaqX4s3ofSnfYKABizkBSwERK3nxuFWSReaH8os7JP2csc

Transfer 1 tokens
  Sender: 7PE4JiQQzZyN6ESyoAjUTxEniSMyTvvBR2zNWmuoi6ET
  Recipient: ExHjH7nZufPmsbTZc1n9R1iWMGJPDaJTeDv3PA75iunH
  Recipient associated token account: ENaivwUuVfRdd7gbrDMR9jq9RYwLCKP13mfhJcfhizMk
  Funding recipient: ENaivwUuVfRdd7gbrDMR9jq9RYwLCKP13mfhJcfhizMk (0.00203928 SOL)

Signature: 2zvkmhTJdXUC2YcFjvxgKjn5TreHtpMHzup2WPT4rdZhK6AtSggP1pJWih3u4qiKRSa7zQfGTDbfwuTVYDMZoWN1

Transfer 1 tokens
  Sender: 7s4mCXe2uWCh51NZoLyGDi2xhFXxrNbk12v8RGBuiCTr
  Recipient: BEv2CyGCrqdViM17WKqTmnseHoPuAyspHGbTYN7AwxY1
  Recipient associated token account: 61mVVu52ZBw2Amsj2LJqSfa6aSWAhFvmXYT2CpHbmq1h
  Funding recipient: 61mVVu52ZBw2Amsj2LJqSfa6aSWAhFvmXYT2CpHbmq1h (0.00203928 SOL)

Signature: 4ecQw9UkSL6UcCYXewNmZUrhZyD4aNm8v523AVm7aixa3CS6AqoQ9qVSFStSDoRgisYxoWqw4kXm6882LrHkbPUL

Transfer 1 tokens
  Sender: EybAkgVxFeZqcjqgT9Zr5XTLt3fDnXbJPKGjhmX53q83
  Recipient: J1jxhJwnZ9EbgCmTqtgnr5YcQA5ZxuwkarvR8MJFSoE9
  Recipient associated token account: BDfLWkZpBzs6ewsnJNmMaH7MscRURUqtrDv8LtbzP6Yz
  Funding recipient: BDfLWkZpBzs6ewsnJNmMaH7MscRURUqtrDv8LtbzP6Yz (0.00203928 SOL)

Signature: 2HWqK91P8r61t4nHhQDH4xA1sAqpGsDoKQ6m81BtAmLCjmQNu5PtzrDCwuWrEGKS9MEJQcqoPSvQZkvidoHDQ5Gu

Transfer 1 tokens
  Sender: B8CT5bazP1czKvRT5DeKRzxCLaKAr5ckSabvZ4kGmuBL
  Recipient: 65LUFTS37ZNHvDjSXsqQ3JgSGvQSRxv6zkFqKKs85V7c
  Recipient associated token account: 9QN1ett2wxY9vf1j2aSvJLKqhHbUicAwb52S6j6kGepZ
  Funding recipient: 9QN1ett2wxY9vf1j2aSvJLKqhHbUicAwb52S6j6kGepZ (0.00203928 SOL)

Signature: 3wjwuRpHRGrmCc6u17x67M93y6Bi6PGSkc4p4VyZhu49A4pCTztaEWWpKh5EK17xCUFwQbvUD5CNe1iqgLWU3pvH

Transfer 1 tokens
  Sender: 5AJR9JVTMSrjGSp3tE95NvABEjH2LWq4aUBHNrbMru6D
  Recipient: DHZnzDYatVKxYhL7riFYVAoHpf9RDFoHHTb2a5X9Hn87
  Recipient associated token account: D9vqJ77gpMrggRQVvZgwzkuRn5A5Vi5gtvujQR8tT3fJ
  Funding recipient: D9vqJ77gpMrggRQVvZgwzkuRn5A5Vi5gtvujQR8tT3fJ (0.00203928 SOL)

Signature: 5Fh5VEPbKunvCsGVujmENBu7fq3qWpFXu4SCeEi4uATkyGjxan58jz8jTu7eHwdbTtUUmav2c1ntzdyLbRG8xZKH

Transfer 1 tokens
  Sender: yxHGSZWT8X55uA4dvJddvFyGUYrXNwzs1p49UJ3PmHE
  Recipient: 3PJUJ9Jn1dL35cvc8tHq5XWNeeSN3R9HfLRapmdEwNCb
  Recipient associated token account: a17EZ3B1bFrZzBq59uArBPKv7zbdXLfwf4SUpC6zXfD
  Funding recipient: a17EZ3B1bFrZzBq59uArBPKv7zbdXLfwf4SUpC6zXfD (0.00203928 SOL)

Signature: 4ei8yQkGPHxRv4gu1KScr8d3Ckg3HusFTPdpWxLwvyXyJgCAuNdcmd2xNqTxgXreGDVcCsZyugCibL2dzpXSjs4t

Transfer 1 tokens
  Sender: BRKYjZED1PuFEKSPp2qqBsczRFsJQknQU2tAetKSBxhM
  Recipient: AEUto3eFWHLAmmVRq3Vo2fmHXwte525jQGG6D7pN4RRd
  Recipient associated token account: HVZiuxQisbr4RDh69bHt7A8yvv4AjZWZY9V3dJgTSTJh
  Funding recipient: HVZiuxQisbr4RDh69bHt7A8yvv4AjZWZY9V3dJgTSTJh (0.00203928 SOL)

Signature: 462LUDPnBcAntjcoUT9HG1cbBfxa2E3533Q2PvQ2bCGyL3m45SVLSTMtpPQTMzESyfaCexvfrDJGmkj1f7CLJcJG

Transfer 1 tokens
  Sender: 12E8rmrJjvuHsrpHbJKbsnrd1tjfZcRXcSTnfPh29MnW
  Recipient: AsVDkXYh1HPRxJwpp671WVzM9GWffQPXteeoRrCibh4u
  Recipient associated token account: 72peVzuo5jMWGsWXgTYfGV6khnUtFvv7Kc9tEaSSEfpG
  Funding recipient: 72peVzuo5jMWGsWXgTYfGV6khnUtFvv7Kc9tEaSSEfpG (0.00203928 SOL)

Signature: givtJRkDHy67rQGuhAtwYssa2rWYoDemPGmztyThKjsvit9zfBHQz8GDGZ6dpegM6iEFomc1EUCqvbb3v4FYMs7

Transfer 1 tokens
  Sender: 5B6LLFV5xsYDLqTqUiPMHXotYsUBGzBg1CgH8WPqimUr
  Recipient: BU9GQbSnXQcF59sm5VW5vM4QP138cM6s2vV4p4HhrDjY
  Recipient associated token account: A3A6TxZxDj443dj2WLRT8btLPSfeR9KB4rCRedA5zFAx
  Funding recipient: A3A6TxZxDj443dj2WLRT8btLPSfeR9KB4rCRedA5zFAx (0.00203928 SOL)

Signature: 2FspQFfekZ5RhrVyXX8K148BGVHLqjMKQF6ZFtVsKyCLAuknCuyZmMTkzpqcc4idcjr2SxV5TVWchjykCY3REQtt

Transfer 1 tokens
  Sender: DNiWbhx6LWZnDfYBrLWQbfceqnViG7sWnwx2KVY2XVs8
  Recipient: 6dWYKwXPMgr9dbsWsE8FgsTHgHudFaF8vvaQTvYcHnn7
  Recipient associated token account: DSGiHieR2AcgYGXtph2yefoE1wp99N3ijKTivybmmG8t
  Funding recipient: DSGiHieR2AcgYGXtph2yefoE1wp99N3ijKTivybmmG8t (0.00203928 SOL)

Signature: SaJHfSvGPm5PPJLcnqrHbJMsK4nG28KDMtpXEsuw8wb5XUNGucEfU6GXG5ze6PxjmPdN7JTFMagZJXBbc38oF7L

Transfer 1 tokens
  Sender: E8vnSHkcEWJseAnoFsTYkKCyWDVAwpX1acd9E4wqcKX
  Recipient: GD9Dx84Rzr6qLJKoZqQFZn2Yzf1NyPFbQeSRZqU56f8z
  Recipient associated token account: 79VKCf6ZF3dQnVrzqAeDVy3CicxNFuiLwZmSJkVm6jM6
  Funding recipient: 79VKCf6ZF3dQnVrzqAeDVy3CicxNFuiLwZmSJkVm6jM6 (0.00203928 SOL)

Signature: 2A2rDywnzvMBd271nrYsmStAiTx5cFqnAe4QyBxZhuzEKBiUFt54q3DCBkPo4WBwSZTgKuyDLG7WQmVNiAm942Mh

Transfer 1 tokens
  Sender: DxBkbJwmqWfQZUL9GtwN2rDAWtz1tM1CPkVMEYzRHuB7
  Recipient: 9iQPg1TEZbBMquLEzFeGp5KCwVx3GPxMDvKBwX3nHRhs
  Recipient associated token account: EdWr3idwnBRkvZrs1NByBykJNkXjWDEbHYmLVrB7A1Cz
  Funding recipient: EdWr3idwnBRkvZrs1NByBykJNkXjWDEbHYmLVrB7A1Cz (0.00203928 SOL)

Signature: 4BgNSAd9U5fnjXcdo1qLXYbLn6ADjENxxxsGuXujSYG2p6RbpquhPzJoFTnG2foG4W76DRfsFFJtFmQyyHTrqwaZ

Transfer 1 tokens
  Sender: oMJrsaYBu1u2tMPcdGQG1pK4KzQzJC7nErAzMdEAG6s
  Recipient: 84tYj5QuBQNDVsFXiEPMZddVTtAspbAJ8oRbXsLwoS8x
  Recipient associated token account: 7ikbbG1Jch57v6wvnBbZTw1yNNAiMXSTWvVJC6A9pt1U
  Funding recipient: 7ikbbG1Jch57v6wvnBbZTw1yNNAiMXSTWvVJC6A9pt1U (0.00203928 SOL)

Signature: 4KwaCVTDFjHvjn4PG2jZe8bazsmnpaKW7WFkywHL4vMsDucbK46bVj1cteJC7jGWSxM2YYdLNKyVvCd3h1WhtfYS

Transfer 1 tokens
  Sender: GSpbJPS73z3QGKmKCZRY4KgCkyr8XCWdDAE6yG5tM9zo
  Recipient: 7sRAajpNsMhvzyhBut8vX3XgmeQMRcKKX4LqhAvFpg4w
  Recipient associated token account: 593nXh3LpfrHQ3Kh2Qq1e5rEAWnh4wvRB6FxEanMTMg9
  Funding recipient: 593nXh3LpfrHQ3Kh2Qq1e5rEAWnh4wvRB6FxEanMTMg9 (0.00203928 SOL)

Signature: 4z4DfepaZDsPuaAP9Hp5eghP9tWLRke3jUtx4nXdzBf5Xdm1AsSXvsKsSoMzWrRGfppHp62YTmYZeRECJ5gJJ6N2

Transfer 1 tokens
  Sender: EmtYoGRY8yZ7TNpjfTRGFpbX6DR5k8DyFc53yMmUqChF
  Recipient: AzmgakTxLAutgbcNkxi3S4M6MvuZvwcrzMc43ErMFk4h
  Recipient associated token account: 7H4KbpaAQ4D1tUURvTo63HkNv56sGymwwqm4j1Nzf3yj
  Funding recipient: 7H4KbpaAQ4D1tUURvTo63HkNv56sGymwwqm4j1Nzf3yj (0.00203928 SOL)

Signature: 439FRLjkiCSNSoNGCrDFAHrccq8WYLTY3LSFqNHW1uT9nmXVjvACqCTEmMmqGJCMuBqnUYJq6ent3gtxgpaA8xk4

Transfer 1 tokens
  Sender: C2w1yP8RGvfCFt86Wsf5z74bzFZkQFhWNMjJD9UuJUHR
  Recipient: 2v3WPU4g26Uor34kTbXtshNqu8WR9WBDhAzM5t8pYRYV
  Recipient associated token account: BrGTeicSVdsHtrXXuHKV1y64gw54LMevJkTJouF4FYqd
  Funding recipient: BrGTeicSVdsHtrXXuHKV1y64gw54LMevJkTJouF4FYqd (0.00203928 SOL)

Signature: 3xgXRGs1rdwS8ywNBzwR8ENADtGo7rcCcNHRLxptBqZ3RF9RGCtdN5A9xy2bMFJze6zULGize31FZQxe4EJC4Gwf

Transfer 1 tokens
  Sender: EVhSCsLoddB7MYUGGbJnsDrRXNi2Lt8VGQ4UYa3F9wUZ
  Recipient: EkrPmifHXbGk7PLeReSgGieStGYrU1KJQudkdvVkFgFD
  Recipient associated token account: BmJSERk5weKdre1ePgKDimxRmAX3Mdxqgx2nhxtuFwK8
  Funding recipient: BmJSERk5weKdre1ePgKDimxRmAX3Mdxqgx2nhxtuFwK8 (0.00203928 SOL)

Signature: yEdUaB1YQ33xUgZy7PmLCZJ9sVXDAUhqyDDApBq2DzbyQR3Jk39MYK6XUFfENWkLAaL7UsmJKZ27GXuzusmUkUa

Transfer 1 tokens
  Sender: 3fRqC6HEiSmhC51ZK4gGpF3wZ4zXqLAF5n6Yeo6ySrDL
  Recipient: 8BZiPqhVHcQRUi9ik4ToqZ83wc5bRovucP44ajwLSiha
  Recipient associated token account: 7cqCScQsNDwAFrxFbNLJP3rPi5yEAGrt7ozuyH7Wnjc7
  Funding recipient: 7cqCScQsNDwAFrxFbNLJP3rPi5yEAGrt7ozuyH7Wnjc7 (0.00203928 SOL)

Signature: 3n6xFrMy1qVfjiu5Tu6PLnAhxu64mCKUkvEqQaBKWKmQZtG9CCZb9bdfC64toCYjTfUeTQgDz9bwMLTgYw8gBy4M

Transfer 1 tokens
  Sender: 5TnvwKu5yhLTov6XCUBM6v7bN2h5iVLCvUcArf3oJpFx
  Recipient: Cm8cYtgtfyULCzisqUnMg68aqqi12PGZScouQfJRfrG3
  Recipient associated token account: 9gkYc1He49K2n9ogN9pRQDoYJJd5pW9R12uFY2pk8z1E
  Funding recipient: 9gkYc1He49K2n9ogN9pRQDoYJJd5pW9R12uFY2pk8z1E (0.00203928 SOL)

Signature: 2Be3dB3rCKEPnvoDXQWwTJDhd6GKMjBdybgZ7pCogYyKYbt37suEXbRZNo5vQfJUckaqNbtbSZgvGNcgQCuBREEg

Transfer 1 tokens
  Sender: GjNjBhg9B3LWRJHHwV8kbrQbaGmn2cegm43yMYLWVde8
  Recipient: 51oET2dy4vCmZ1JMGYR9hbsvsLng1vcLD6z2AZp1uq1j
  Recipient associated token account: 3EA1NH6wq9oJDsfMX4uBGAjC7T9AWqkHzvvP6PJiD7oA
  Funding recipient: 3EA1NH6wq9oJDsfMX4uBGAjC7T9AWqkHzvvP6PJiD7oA (0.00203928 SOL)

Signature: 4JJaStyeUY2bxtQYnJappa5wYPeooXpmwdaVqoqayLbJcwhbrb1S7J5piTp5ZubQkcG9svm4sxxECtFtYPtpMV5y

Transfer 1 tokens
  Sender: B3BunmomATrhUvWZbcS5GN86FcE6eZjpG7efzPLgxFAM
  Recipient: 5g9P9YJNPxRMTZtWTPyRkUmdvaVae4MVjhr1ZHmHYbRH
  Recipient associated token account: 4CDRz71HRp7eFt62VwBNsytfinzfExChTN9Cank2t1qb
  Funding recipient: 4CDRz71HRp7eFt62VwBNsytfinzfExChTN9Cank2t1qb (0.00203928 SOL)

Signature: 5cBuuFDxk4gsyUpsx9wWwuE28hK4Tfv5GZiCCM4xQyHteWfnG1KdJahcpsbtEeD4cDGjvVRK9tLZ8b74MYAwH4iG

Transfer 1 tokens
  Sender: 6c8uRzDCUCPiqdnEq232P27GtCdQEZPGaPfPPvUB2uSt
  Recipient: GWoFiTkmgkdUxvRNZ8kMGVxUctDabMNYZ4ztFnQokBrH
  Recipient associated token account: 4J1ApGEAEyBe2Kszx1aC8XPZ3i7kg3ymrR8vbFbFzeGp
  Funding recipient: 4J1ApGEAEyBe2Kszx1aC8XPZ3i7kg3ymrR8vbFbFzeGp (0.00203928 SOL)

Signature: q1sFgVUHV96HT1btH3cAt43R2QSQYjfbCRnHzc2JFCKA5gB2oMpxnpdGHjAmhLHgfgGQyomhxKfeKt4NDBR5LRB

Transfer 1 tokens
  Sender: CW3QDqbG94iCqdHjrwP7tZDcfp6acGLqaWwCfWExFs6E
  Recipient: AzmgakTxLAutgbcNkxi3S4M6MvuZvwcrzMc43ErMFk4h
  Recipient associated token account: jmgrg9gGnKEzGXoqjbrPYc1jdQ4uCVA1yGJjpFWAaKn
  Funding recipient: jmgrg9gGnKEzGXoqjbrPYc1jdQ4uCVA1yGJjpFWAaKn (0.00203928 SOL)

Signature: 5Fp41R79W1kibDhvxzYnxhQNhKZZFEHYHxoag5Ax1eN43pnjvMA16j6d7tdwtQRHUuW63sknzniay2HDDSrRjLZg

Transfer 1 tokens
  Sender: tqN4Pum5maMtq5QMWTvi3VN9U5SstBi5MKN9fgUNHcw
  Recipient: 4sa6jkCjNLfpCFa9fTmpHnMRWfQrHvsHiYf2xS5HKyrB
  Recipient associated token account: 2sSPJAT8djA6hAdkHHR91FuAriTsNii8fuQZBCX93bm8
  Funding recipient: 2sSPJAT8djA6hAdkHHR91FuAriTsNii8fuQZBCX93bm8 (0.00203928 SOL)

Signature: 4tUrAwxC85rgfWs37gRBPi7LCyT7Xem7VKovZyL9rgNHpNXXZKXhBqvrcgt6wvDEGjFQKPpviwpg9mBkyu9Gjdf

Transfer 1 tokens
  Sender: 54BopPUARnbfqhP6Bz1J8RaxKuE11T8nKGqoZq44mBM
  Recipient: G3HF6iRqzaztLiGg63JjiqJSrgoFBNQC4M9QfPDy7Bss
  Recipient associated token account: 6KqRGEof4LLq9zg4xe6FvzPqyMEywjYruP241KVPMApq
  Funding recipient: 6KqRGEof4LLq9zg4xe6FvzPqyMEywjYruP241KVPMApq (0.00203928 SOL)

Signature: 63H41FgiENu3dTgqPdgJo9gj1fg26kfQx8GMXAyRk1fUV3e8E86rmD7N9bNr6NrvhrMvKgcz5FY1JJ3NnpKkqqaQ

Transfer 1 tokens
  Sender: 6vd6Bv8thHNn5ejqd915BgctP1J55ASLtoWUdoMbefrU
  Recipient: 6SHRL5r8BBeJFVcg8Y5u2VRvEaYYweSnYtNLjb1N48qw
  Recipient associated token account: EzZqpAhbWaJfL8brzei9tyJBy8uE4HpzFBFnDKc8hAFe
  Funding recipient: EzZqpAhbWaJfL8brzei9tyJBy8uE4HpzFBFnDKc8hAFe (0.00203928 SOL)

Signature: H5YLYpumDyCCH8dDpsBAr153EokUtqNyKe24AqKyTo1NVnuNpHw3oiQvMrx77dxg72Lv5vYGWjCvfoJfCTrLGuP

Transfer 1 tokens
  Sender: 2Kwb3cTkZNhM2Gpd94Rngtzk3Zw9gd8Q7uKsJpdaoCK5
  Recipient: 51oET2dy4vCmZ1JMGYR9hbsvsLng1vcLD6z2AZp1uq1j
  Recipient associated token account: Gj3xdUy9VUnrMQeDEsYVZfmv872pDYepa8XbsTmczNkx
  Funding recipient: Gj3xdUy9VUnrMQeDEsYVZfmv872pDYepa8XbsTmczNkx (0.00203928 SOL)

Signature: 64q1kLXxPtCnjGhqzRyRSfEmvtnG7YwtoqyYqcT4Pq6uQdxUSjRuC4nLN5s9hPRZXayzFQPPFi4SwXFv2y5AR1HV

Transfer 1 tokens
  Sender: GPkCViHzvSBQ1zNmRJhyBuzCFce2PL85ftz7N4XCTuGa
  Recipient: Gy3kEJ5jeyFPMPpCuuJivAR3gbPLmsBHU8bE1XVQMc6T
  Recipient associated token account: G2WFmzYC73Prh2bryu8P4KMVLWE4fHmwEvJuLJE5Pa8o
  Funding recipient: G2WFmzYC73Prh2bryu8P4KMVLWE4fHmwEvJuLJE5Pa8o (0.00203928 SOL)

Signature: 4Pm8dweAvkjTfWnnSJ4iwhVRiBthvM31TcKrj3Yc48TDRFAPB6xSo6W6UEEL5Mi8LPyi1RARccGKYBuiyK29dgnR

Transfer 1 tokens
  Sender: 7cFs8uGg4CbQS1Xx8DjocsR7bm7sKCeeHCYe7AtGRhUj
  Recipient: D1B5VVSLpPUhDow1SCSgX4TG2nqytASTtQ9U6KY4NFFs
  Recipient associated token account: 7sfebiaq3EU3abAaEFwiKWs7TnGqPuRKx8MwKhnkeWfJ
  Funding recipient: 7sfebiaq3EU3abAaEFwiKWs7TnGqPuRKx8MwKhnkeWfJ (0.00203928 SOL)

Signature: 2i4Y94bzPi1wZAG5KhNisySTnrD76GsWFTaKXKtaSoxtyPb5pBW7JockJmSAUTUx8nqWdoERQj9cxP8vw2qPFDGh

Transfer 1 tokens
  Sender: D8HUjKNZ6eWuor9rVUJeSs5vCrP17LN7fnPzsc1X6oei
  Recipient: A4jR8ZNLjEZfMV3jWcL6y271Vty8ywQSCPSsjPoqrHUx
  Recipient associated token account: GHjHGz6RNhBxk9haNzxmuWmEwcceqe9Cv5N7N2hjKLEz
  Funding recipient: GHjHGz6RNhBxk9haNzxmuWmEwcceqe9Cv5N7N2hjKLEz (0.00203928 SOL)

Signature: oUSLvRHDdyHZN6btpBWM9McQqsxp8F9U4KNZPsKb22jgjeNKyKAgu1MNyjMkbknnL73dgYerq2McnowqQW8WZHN

Transfer 1 tokens
  Sender: 3voVyG5dQdVaXcYdBDacVRyHqpKBsW2kWqL1wNPqYmmT
  Recipient: 34RGNCCxEj3bE5NdoRCevxsFyFtmwAGjctFkr8rqtMof
  Recipient associated token account: BwdkEKinbEsV3XGtQ7Umi7MN9NzBXwdAGSmtuFFHHfK
  Funding recipient: BwdkEKinbEsV3XGtQ7Umi7MN9NzBXwdAGSmtuFFHHfK (0.00203928 SOL)

Signature: 528Xacq13keucvxuemQp74SuSETxGDt6ZJqa3PPvG7g9ki6znMQRdPxC5wKypMCyi9NqTiL5sdLBDrXensj1jc6o

Transfer 1 tokens
  Sender: 3tEKYdL3Mj9Yf7emV9WMndRGEzi84zHa279j7NwuPyJ2
  Recipient: Gps3Cj9nsku3sWKaa2pvkEMXaMkp1WTby6WUyxWwVbm4
  Recipient associated token account: FowqEdRJSy8FQeLcN9754uv4794xmyj7ape3JQJC2eTs
  Funding recipient: FowqEdRJSy8FQeLcN9754uv4794xmyj7ape3JQJC2eTs (0.00203928 SOL)

Signature: 3tLJEFie3FXvpRe2xasRoSvZxFN52PiRJH7GBcy2Eb7HDQ9zcC2FbDHgaF3Mke9Ek8eUDooXGZiWmi3cLKiguizr

Transfer 1 tokens
  Sender: 97xHKjaBai21cLo4dnNovtURohcHwEPLRxCB3kZwKiAA
  Recipient: FgKev1SSzvmVNPwg8QMTPLFqXaKthfejPw9sajPKuA1M
  Recipient associated token account: 73Uy7gqyq6gCv9GxFrBdq9YHvNUXdU3a21vG563FtYvU
  Funding recipient: 73Uy7gqyq6gCv9GxFrBdq9YHvNUXdU3a21vG563FtYvU (0.00203928 SOL)

Signature: 8HcJYMY1HHFt549m9dPhEJfzwNxU7TTXnBVoFhVyTzdzaUYieRRLu4LXAchArScaYWYuZFBKBCrU49HPT8bkUj2

Transfer 1 tokens
  Sender: 3pT9tYERJVeQMjW7keq8etzjsabZgU9EPy5wGwcuxDYH
  Recipient: 8utkbdcWfrR2ZePv3n2y6Lzw9yEeJamZk1rVhrAHCZNp
  Recipient associated token account: CAxpgkcVDfyR9JzBfw4j7sjAdZv5sr5z2oipWodJ8Z1H
  Funding recipient: CAxpgkcVDfyR9JzBfw4j7sjAdZv5sr5z2oipWodJ8Z1H (0.00203928 SOL)

Signature: 29FpbdwhBc4ctf8bSsz47TKqtGE2ZK3iqFL5t9NEA1yBQViuEfb7bJjzm6FKZMW6ubWu678tioHX3QyQTyxPwJ2u

Transfer 1 tokens
  Sender: DZYsET2WAhizb7whS9zrKEHHPymUKGpNGbKhorvhJtvw
  Recipient: 7mC95PfeHRNvgQh9hCByoNi3kzx5oRx3QjbdyrtvjiPV
  Recipient associated token account: Gm4GvGqhN9xYMzsJGyvuh4248R6J7eAHMDNWsB9D4Qf1
  Funding recipient: Gm4GvGqhN9xYMzsJGyvuh4248R6J7eAHMDNWsB9D4Qf1 (0.00203928 SOL)

Signature: 3Sqg2KP3m7bFqer9GuoiHss5uif7Sa5L2QE9n6Wdh4hoJJVAPQ8wEuZCb9F1LTvekHvGTigWxwr5vrs2x2AwGiYj

Transfer 1 tokens
  Sender: 5zYUoTCoUQ69DbmoHidYMcQyrBpWFnCfAXE5xKtUJ6mF
  Recipient: F2xjrioRdEa5jx9uY2vgVEoyS8cNZ1crpRBK4rQh1tjR
  Recipient associated token account: GRHUsM4A4uDCikjvdK1ZkrGvK4wYS4uo6nUYVVbTUA2V
  Funding recipient: GRHUsM4A4uDCikjvdK1ZkrGvK4wYS4uo6nUYVVbTUA2V (0.00203928 SOL)

Signature: 5tZACWwD5MfFLvyhMDL2rEg6xzgZpyTUieCfpxT7x4XXRnEBeo7wVDmxVG3qhkZ1dRCje6DocdrHq141r1ZCNUpT

Transfer 1 tokens
  Sender: DLvj2BTDw4nBqEv978nCsH5Uy4XxjW98vGieaSCL51tM
  Recipient: 73tF8uN3BwVzUzwETv59WNAafuEBct2zTgYbYXLggQiU
  Recipient associated token account: 5AmsVxXcXdevHWAK9TUNC37QpNdxCywSiNDdcjBdDsBh
  Funding recipient: 5AmsVxXcXdevHWAK9TUNC37QpNdxCywSiNDdcjBdDsBh (0.00203928 SOL)

Signature: g41krWo9Fzf2LVY6dAf3YejR46F2UxgaHXeNxLJgN2dJxR9gisc3nes8CDJ7my4TQpdNdtXRJ94EH86Q4q1Gbp6

Transfer 1 tokens
  Sender: 3UyEWHeuaEC5BhYvSMEmyRZd7m1tzN8kJKHFTELAx2xt
  Recipient: 5wpT5MyF9jTHYWWtXrhot1XcCr3RAAQbwLeKnDTBZHYL
  Recipient associated token account: CQ89MBnsRRKxRxctjVe3khs81Pt2sLbhCifKjfcwYEUX
  Funding recipient: CQ89MBnsRRKxRxctjVe3khs81Pt2sLbhCifKjfcwYEUX (0.00203928 SOL)

Signature: 4XnavY1ehZJ8BH28CTmdB2YyNRwKSbUAFUiBYoDnhPWX9a4wdPzpCwLobF3c3nRhKWK79hrYMjfmhVpy6gt24mF8

Transfer 1 tokens
  Sender: 6EeKkPNnx9DdV1xg8MPucCvgiEnru4HjKLjGzjFUq2jf
  Recipient: AgPhAsvcwPfT8bcAQxfyvymHdS9enkCzHDZP67ihS5YM
  Recipient associated token account: EsZmGduVzFkR7gi33nXbv3qxN98he9LYFHcVb5ZFtckp
  Funding recipient: EsZmGduVzFkR7gi33nXbv3qxN98he9LYFHcVb5ZFtckp (0.00203928 SOL)

Signature: 5ogGCJ363idkZ65KWYMU7MqNrQiLic9EET6PcUQyaoSQfE7NeSKT4DhQGLhnysMvNPW49Bgt8nC2Pgc6BCYmD3TU

Transfer 1 tokens
  Sender: CSHTd7S5TcEovZAhwDxbUs6U99Sjx8wrHdQo18FJqQ41
  Recipient: 7GetnmM4kAtyjT2aumAcPsHcJs2hfNmMQWoAW9NqpAZt
  Recipient associated token account: Ar1XF3Nw2d2mXA1k6JSwPTT67Lpte2Xx6dGNtsbjGXNM
  Funding recipient: Ar1XF3Nw2d2mXA1k6JSwPTT67Lpte2Xx6dGNtsbjGXNM (0.00203928 SOL)

Signature: 3eN3s1vYjaMwuTYoD92haXiSJhKUFvwUnbWSar4xSSZ7yC3LXWZd7jDpEAKUe1se2JUDDGUndiETcuMGiXEqsp34

Transfer 1 tokens
  Sender: CC4KTxGcvz3CLRZBWAb3XrVr9YUsaiA4Udc5aaTpZhbv
  Recipient: oBMKGFMpfbHETVBLjuBUeZt3qeEHH9sb4vL9ave2iqM
  Recipient associated token account: ATHM1dpQXmzbfubvpMXb28JuZJgETmGvLdQD8dkfnjXP
  Funding recipient: ATHM1dpQXmzbfubvpMXb28JuZJgETmGvLdQD8dkfnjXP (0.00203928 SOL)

Signature: 4y8KpKyUQ6DoEFmv9D4HbpKAaxmojCkuTxoCBYztLizzuKp6oovdUTVYKTZ2qKJapqZdMH8yRXRC8BjhPy2oMVGG

Transfer 1 tokens
  Sender: 5V7nMZ3EMzeae2WCvwRdZpvxSS1Y73mBdBGDMSmyqGAn
  Recipient: 7N4j24qzrA5DfDq5ua4RhYN8J3yCyAJhpEMitD6zJajZ
  Recipient associated token account: BzwMEonD7BjEtNXiNeJni3782QtVv2mtd8eQ7yUGYsB8
  Funding recipient: BzwMEonD7BjEtNXiNeJni3782QtVv2mtd8eQ7yUGYsB8 (0.00203928 SOL)

Signature: 5Kfze4x7FgR7KPjDhQR1RZEiqTeRjeSbSeq8sxXQDqzbhLJLhs4NkLtX4Pn7eQ6ZfN8vwTzxUtFTdw5HHNQXxCe9

Transfer 1 tokens
  Sender: 3DmyWsyPYNH27KoBCdx6aKm7oTU4ECVa1w7inZXRXQcq
  Recipient: 8kX16Yj2WBCz1sPXcimafGrutQkw3s3Swe9sR3gt3cC2
  Recipient associated token account: 7erQVEVL4bPpjxFsNE8WipSRHbVshj5EwAM3oYy7kUsS
  Funding recipient: 7erQVEVL4bPpjxFsNE8WipSRHbVshj5EwAM3oYy7kUsS (0.00203928 SOL)

Signature: 3HP4cUEBn3nmgADVpGaDGnLKo9nEB7W4oyr4gVYi1An5YqREqKaS3zex8kb7QAusRug4pSur3N3Hj5rYr4bmrbLA

Transfer 1 tokens
  Sender: CRif1XMPb52tpZFYaSgFPBayjLprfTTFg2mxHVCAFi2g
  Recipient: Goxdxssq5wh3uVEKgupfLZmzukLQVHn6nynD4dZ6p1uF
  Recipient associated token account: 71TjMgDia7kaGZ9FA46iEWbUn5aJ3LzCr6TRqJv3kc7M
  Funding recipient: 71TjMgDia7kaGZ9FA46iEWbUn5aJ3LzCr6TRqJv3kc7M (0.00203928 SOL)

Signature: 2bEWs743FxSJJ8Yo6pHtC28rWDp1sSp4wDdXVdHBfhBPZe2LQ3MfVU8XtWEuFu9TFvJkA2umRrc1HP1Mk4TUzoBu

Transfer 1 tokens
  Sender: 58i15rihSFv12yV1hJ3T3Bi35xx9ZyYneE8qLR3qKmut
  Recipient: nDTVFxnoYQ8F8rXDYGXbxUgeoku8K2Ez1Ga2jsJtjc1
  Recipient associated token account: 8hG2Ws6DKCX7GZLFYzXG7wapkzZfcew7uyVdfgYsknKm
  Funding recipient: 8hG2Ws6DKCX7GZLFYzXG7wapkzZfcew7uyVdfgYsknKm (0.00203928 SOL)

Signature: 3cMdSg4Sy52yfSqBTBf3ggKSzxVmH8LdJLqPA74Skc7JfUooeKcbqaw8VuP9Eq5UwvmmxkWfoQFQLxddUe8XtZsw

Transfer 1 tokens
  Sender: 216AkkQ7eMexGwXaC4vXygRUhtsKEX2nX6p9aKgk9i3M
  Recipient: GRKqLdY4K4VhQC79Sa6EeNpSKchuXGKkZELPAUtg5UiU
  Recipient associated token account: CV9UENCrFNuYRoiEUMtUKSj89QrjUMBZzhGaEKdh4vgD
  Funding recipient: CV9UENCrFNuYRoiEUMtUKSj89QrjUMBZzhGaEKdh4vgD (0.00203928 SOL)

Signature: 3ShjAJd97niqpoRGmqQEdCHBj7QE7313Nqeg8VMU417MKVEspRD5MdZaDX6bSsjWrL7mfFqL3VQV23zT1XzFRQzc

Transfer 1 tokens
  Sender: 3Z7QXR7a2QSrtKieB8MrNtTeo8azzDTvpDtcxNVUujvi
  Recipient: AsxYivuyVu6znDgnwenpLSLvkZDua4mGKxTvM2JgoeDU
  Recipient associated token account: AxdG6nKDbgx43PP2mmM5WSJ4qatHAVS8QLLvb87Sv2jz
  Funding recipient: AxdG6nKDbgx43PP2mmM5WSJ4qatHAVS8QLLvb87Sv2jz (0.00203928 SOL)

Signature: 53asM5tBFvBjK3JDyEo5nH72xexhcpFR8jEUaJAeSkNeHgvkfdANNN7oAq2ymYWVgTSh2ibsGSmgqfVRw2H8cnCN

Transfer 1 tokens
  Sender: 5TZTzGSZ7BKoGvoEwKD2kXbqo88EUH7aBm4ttjcyCoAP
  Recipient: D7FG3Usyvwh2t5Dytrpfbh2nZwLY7RgMyAS19TDXCzMd
  Recipient associated token account: H4dAqcjgrbebgqePff1ZzCFzZC6K3NA9Hc1hHusL7pXm
  Funding recipient: H4dAqcjgrbebgqePff1ZzCFzZC6K3NA9Hc1hHusL7pXm (0.00203928 SOL)

Signature: HFzwy3ubbBnqBuosXw9nd9wVLRFJrid2MdRwQboQqjReb57UfNRQwu4UWAWw2U4HE9uNEvbkzf3frEmv4qziamq

Transfer 1 tokens
  Sender: 7KsUCqUKUscQHa56gDAFGc1oRybFgstiozLH3BXDppZ8
  Recipient: mMBkKDM9e5yk9wMcQAkFhCy17Zyd7MLUz48ehtqjWPW
  Recipient associated token account: Ahcx5jC8akDEp3GXXS9eQ13Dm1UrKFFyKWDkeLp8xeSG
  Funding recipient: Ahcx5jC8akDEp3GXXS9eQ13Dm1UrKFFyKWDkeLp8xeSG (0.00203928 SOL)

Signature: hayaraAZxqPAT2kYempR5shMv8JjLtR7ohjQMQJvAzkTVZNYXy1qoP17ArRGjvYf4cX91udF3v3ZPEaV8YizmnG

Transfer 1 tokens
  Sender: DEgQm9Nw2aEZ8nfxeTK1VpynkXnjLswMPMntcAWbPP39
  Recipient: kbtxDFxdfY4NxQ9kNAuXFJ2GuAZE95dCXQw7yeb9q11
  Recipient associated token account: FAc7N6ghMKhdvS7n1LzhV69cdMyWBW6ZfGfVLFCxUMhH
  Funding recipient: FAc7N6ghMKhdvS7n1LzhV69cdMyWBW6ZfGfVLFCxUMhH (0.00203928 SOL)

Signature: 47favRy6dUyUi5x4V7KayCBAZgSjRJNWaUfNPedsdym6q8F7YMTPBqha5bJjjGLybNhLpYSpmVTnB57MUTf9TqqU

Transfer 1 tokens
  Sender: J3GjA7GAULqJ5YgZeZ62RNxs7ePgABD7zK7G8Foi5eBx
  Recipient: 9mDT5a5L4kufHPDavPnSN8y8iuRZQW4nSAAoZzGAVEtG
  Recipient associated token account: D1xnGZjCJTw7PPFULiZ4K68dNWcuQmkzaz4diUSogbiv
  Funding recipient: D1xnGZjCJTw7PPFULiZ4K68dNWcuQmkzaz4diUSogbiv (0.00203928 SOL)

Signature: 3Txdx8t9EqQLtA1Be6VivLUDLjxWt4866gp8M9HK93PBhyXtp4jDDjJYbxF5r4sARC9Go3tdbUd4Z8hHWxn395tg

Transfer 1 tokens
  Sender: FyovX9koxUizbGUBneHjb82Wh9JWEz3h8un4ANFm9aaN
  Recipient: 8WYRXiQXQSoAMw8A25HuTiTmkg2Ax5YTaBxmHZk6s5LY
  Recipient associated token account: 2FsKugEUdyxcDsab4Vcp3ypzAPdQGBw11iFKJ1E4Cu3T
  Funding recipient: 2FsKugEUdyxcDsab4Vcp3ypzAPdQGBw11iFKJ1E4Cu3T (0.00203928 SOL)

Signature: 3Ed4Fs4m5qXr5MDMW3KXwP8V7dkujwcXRbD4ZX9oyoNMai49zVFydYfHX1zFvn75WKyZrNV4kjkkEZgk4EJix4mS

Transfer 1 tokens
  Sender: ArakP75txUGgRCbNQGSGRrTZJMroySeTCMyTWwdcbHSb
  Recipient: 78EX5HmkxqSgNY9Yw15mXVFUxptoJbM2tg2zq27g8Npy
  Recipient associated token account: 8trXZfr4gWscyNAEHVjfWiRKYKMbT18wKXyXvctBgrLH
  Funding recipient: 8trXZfr4gWscyNAEHVjfWiRKYKMbT18wKXyXvctBgrLH (0.00203928 SOL)

Signature: 2RQ8bmyL2pg9Ms8G6PC9b54UJAopZqCEeg9jFTwAyHRG6hBErZ9ZRxpWdKAv62GWU2mTbv1TAWG3Jopamz9VgJM7

Transfer 1 tokens
  Sender: Cq299Pmt2fF25Sgr3QkMEnhHn21AWLk3Yt3VgMnHWzQV
  Recipient: 4SwDAKnt1ntsUKHaaM19jaajo9jV9xcHjB6ehwTtjkEt
  Recipient associated token account: 7Xi1tWKgoNCsMy7umcHWAmD28LPwNPv8N4b6VvTAG15w
  Funding recipient: 7Xi1tWKgoNCsMy7umcHWAmD28LPwNPv8N4b6VvTAG15w (0.00203928 SOL)

Signature: 5ZEVifMDKeURkp12vzg43BwSxkuRktFDrnHMA2aL9EErYwYfmCbq7afuQTGR8vjxuKvrUP15W4MZmwSg62LgQCyd

Transfer 1 tokens
  Sender: 62iQrYa4TbHWJtfZyLHxD2FVvkrWodzoHPNhxNBM4RAM
  Recipient: BepkyYLmGjCpQC1KYdV3XzkSmTsfx4qrnrzyQrY62zfq
  Recipient associated token account: B73Px79oVxpNCWe3S3TEh2EL7eN8gNLDwg2maDJiXJZQ
  Funding recipient: B73Px79oVxpNCWe3S3TEh2EL7eN8gNLDwg2maDJiXJZQ (0.00203928 SOL)

Signature: iAE4c7idswsJa8KrnBG99PUxJQydKtbPhRMQcKAgjxAvys5U9G9VPgtaQtCjkGBNsWSo3RYdtJJySqtqyaxfHpW

Transfer 1 tokens
  Sender: 44CnoSbcbjHpsnELQRgRw6akYSLtXAxfLAT9mUgxcB4H
  Recipient: APuxQgMLdP8pZk2VzsppV9eUD4aQMmsCieWVyU75LSgn
  Recipient associated token account: 5d65pfcbKAziQ4ssvhmAUg8Rx7p8RWpuWhXZN6Ds2XVG
  Funding recipient: 5d65pfcbKAziQ4ssvhmAUg8Rx7p8RWpuWhXZN6Ds2XVG (0.00203928 SOL)

Signature: 5MhLSuPAFn6DgrYFcfGB3ySFSmWKSftbPS39yD2uQSCQvTaeDNA62dsapoogNZjhWb44ZCnnirHrKCdPM7D2RF6X

Transfer 1 tokens
  Sender: EjWd3mxYoZqGGCUKgk1ghZu2kcsV8NgJvLDQXxMw5V2P
  Recipient: AgPhAsvcwPfT8bcAQxfyvymHdS9enkCzHDZP67ihS5YM
  Recipient associated token account: 5ypkgRX3jBWFHiQFcB6zjUu3bYUA6BJtUUcxxZVAMkS7
  Funding recipient: 5ypkgRX3jBWFHiQFcB6zjUu3bYUA6BJtUUcxxZVAMkS7 (0.00203928 SOL)

Signature: 4zYjH4knNWErctucKRjDb6tizzWSMDr6UjH5UVS8hYdEEiHffLx6qnzMGSQ1Fp7KxKENfSWfVdGSaQPL31nb4A9v

Transfer 1 tokens
  Sender: 9sTDqp4VuHhbfDdEdMiqdDs2MujTuRRfD5ciZDV79huq
  Recipient: 6CfjjT5Cyy2RNgn3wiGSuU1Q2VhrvHo9DxbMPwotzeUo
  Recipient associated token account: 6UNhMS3jstYB3a13vRhiRp8N7nmFNFbZHZxhmfxNYLeZ
  Funding recipient: 6UNhMS3jstYB3a13vRhiRp8N7nmFNFbZHZxhmfxNYLeZ (0.00203928 SOL)

Signature: 44cAa7WHsL3zqtNRvyNVP89ymoHZBmzRFy9xDzUs4yv735d5jtMDmLAFpo1Z5tN9JkLjnVYmobRAsGEPaTinF3Pe

Transfer 1 tokens
  Sender: 36ig5fFzVhgMcFa5wCHAGtGFrNXSgymno3PewQK81f85
  Recipient: vqk4rNkuaHbPHqCEf58R1na7QR7VFsZeYVqwxATJpRx
  Recipient associated token account: 6Zre791ncF87tmQUiYoJzaKNEHuLAEvzVy318PNJGAgC
  Funding recipient: 6Zre791ncF87tmQUiYoJzaKNEHuLAEvzVy318PNJGAgC (0.00203928 SOL)

Signature: iZdysRxnUzEhQrXWyQg8aj9LGXzS3S2pMHAvS169qw3wievBg6pemtkEX5GGC7W2xibz5HPn2uhxNWH2MBWKjWn

Transfer 1 tokens
  Sender: AacFDAsxFXTVnoMBLN3MDZjH89QUncZwrm3CF9SiZp2d
  Recipient: 51oET2dy4vCmZ1JMGYR9hbsvsLng1vcLD6z2AZp1uq1j
  Recipient associated token account: 5wtPNwc9TvcofzhgmHYJhk4Zhtp8dbdrnYtMDCDMkCc6
  Funding recipient: 5wtPNwc9TvcofzhgmHYJhk4Zhtp8dbdrnYtMDCDMkCc6 (0.00203928 SOL)

Signature: 4P46rN6f4LKfMq6uqSkiuxcRrweBJhX3mE7rd2ktXFYo2Gv7L3Q1mmkMXQu1n9eMauhdYX71SjFnwEv5pmHb5Khx

Transfer 1 tokens
  Sender: EZZpD75Xg6f59YTX4DtcAggSQicJweNePpCydRvBUcQF
  Recipient: CzGDc8WksVkKyYWBaWX1CEAaadFjSt43saCdxA8voBPS
  Recipient associated token account: G1gjzvb1XT4wNf283TbsY9NTvjA97nCXDbRkU4GDeU5x
  Funding recipient: G1gjzvb1XT4wNf283TbsY9NTvjA97nCXDbRkU4GDeU5x (0.00203928 SOL)

Signature: 2Uw6SQS3Rct8u3mziLYAgQhUhSp3uqThuD9nY9Ntq33sbJu1ZtJSxVShjWNHtDVFb7obAo2KJnjDSMvbeasdMeGC

Transfer 1 tokens
  Sender: DPX82DsSyEXNmHoETxFAaDjsrocRRzCfhy37pzYGjnTJ
  Recipient: Qc5SZNSRdXfVxbheZgz4FkfRH47UcYrv39adXhYcLb3
  Recipient associated token account: GmsejcLzVE3XZZENfUK8nM8VdsxgHxeE2gi6vjTpXnGQ
  Funding recipient: GmsejcLzVE3XZZENfUK8nM8VdsxgHxeE2gi6vjTpXnGQ (0.00203928 SOL)

Signature: V35eZCHCf89U27guSbAATrzMUxrg4su96kABfcmJG11CNo6bVRxCFVpMFc5De2gDMjwGL6QXmeXftghhTjePFCN

Transfer 1 tokens
  Sender: GHnqjQMhCxtQEB6Kr2osGXGsMWDYFdkcQSTpx8KLs3zs
  Recipient: 5bLozdt36jRhXhLNTjf9zGy2q816ECWpZg5S1shaLqVK
  Recipient associated token account: FgagbFhsznENkZNpkJFLoECwCbD81v4ethpLW6uJnjiU
  Funding recipient: FgagbFhsznENkZNpkJFLoECwCbD81v4ethpLW6uJnjiU (0.00203928 SOL)

Signature: toHvsi5Ao3oTXmGvsbBRZ9r6yjV9W6pcBsTHuqwiC9vLBrrxexfoYkPqj2ZTScvSmgBQ1L57dbzLC7eRBeQgwZ9

Transfer 1 tokens
  Sender: 9z5De7VxNwbVgTRVfxAdpWcysXsATidZqU6RbfKCydNG
  Recipient: CDLQdm5Y6N9z75vEBv9Tyhguic9gFhJUV7nB3jnJNxAm
  Recipient associated token account: 3B5pY7AzjsMQsKKBrSSd3DHvzb99DbvSaGqAarjgW9Z2
  Funding recipient: 3B5pY7AzjsMQsKKBrSSd3DHvzb99DbvSaGqAarjgW9Z2 (0.00203928 SOL)

Signature: 2JxXbnXn6VSTgjUUuupGKZqt8H3seHGJhzKUKih9vQLhS6TMNmGtvmxBYzUZbiExjPE962for7u6pgamHShA64v4

Transfer 1 tokens
  Sender: 76WZdmnzLjQ4cz5Wt4nWGZagkfS36MZLUUx1Byfgrx2g
  Recipient: 34YsPVjERhtDyXnGFWRyqrwxCpGZvVRkG8SQrR4P7QLH
  Recipient associated token account: Aic4XAPkZjnWPSu8tD9LapjGrxcV9XAoj7g994BnHW2L
  Funding recipient: Aic4XAPkZjnWPSu8tD9LapjGrxcV9XAoj7g994BnHW2L (0.00203928 SOL)

Signature: 5nVzjttF4NNBjyu6gnQey6A4h9LXGtkfuZ29rKbJ8oBoSenf57Gx6P36bFEZXhz1Rkxy2X2to7PE9YJAEtqkGH7Z

Transfer 1 tokens
  Sender: CjP2AXAhHTBiKLEejhiBFDsE44iuwf74wy3WE9ueEtVq
  Recipient: Ds71T9MhUu4DB3DPM2YigYtiTqTPD75DnevgoBfgQQUY
  Recipient associated token account: 9iB1WupMMya6fnQ8hcQmpvo8pWpzrc792tYQRgWk9da9
  Funding recipient: 9iB1WupMMya6fnQ8hcQmpvo8pWpzrc792tYQRgWk9da9 (0.00203928 SOL)

Signature: 2nBJ5XT6pNHBeTGh3nSnXffMbb57zq1gibxgtqfSeghEjQ98XbPxvRXquUmBgSeisNqG2zy5LpFv7mMY5G3vFL4p

Transfer 1 tokens
  Sender: 6fSCxXZWkoGAXrcJ52grf6g6fqwRwUhCbP4xw8R4GtrY
  Recipient: 55YfFvwjg3A86gqMZ2vAie5eJYjbA9Xg2vqprnh4gYwg
  Recipient associated token account: 41WzDmCGnPtnP98DbP1iYqLAbUyBVujXan3KwUEC2p2U
  Funding recipient: 41WzDmCGnPtnP98DbP1iYqLAbUyBVujXan3KwUEC2p2U (0.00203928 SOL)

Signature: 2P9hia7y35vT2wnF57iihtyfW6FcfiQZdvTsEqMk4N3h3ZZGEo7cMzJ1bQquFAHGA6Nta8NPAaTRgaeeUs5XsRwz

Transfer 1 tokens
  Sender: 2dcoiPo2PSf85wzyMU8zz9f1duizZt4sa9graYAsAyYW
  Recipient: aB46Fxk2SNZfw9EcXozb4ZntZNytP7Nwcvua93FrA18
  Recipient associated token account: 47nxaxDayYd1aRZGrAh5DEzDeptQUPNR5SneNv4T8L4G
  Funding recipient: 47nxaxDayYd1aRZGrAh5DEzDeptQUPNR5SneNv4T8L4G (0.00203928 SOL)

Signature: 2s5vVVcH7Gne9ti4m3F3Tw42o2hm268jdjjGKaxuiNiQQDFmRtYfK4G2TujMkgUC7GsZb6enrjszeedzfSDYUCWA

Transfer 1 tokens
  Sender: H1yuNLmWPRipConUPTJDSdHujvdxRzZxRL8qkX3t2zFu
  Recipient: AEUto3eFWHLAmmVRq3Vo2fmHXwte525jQGG6D7pN4RRd
  Recipient associated token account: 9TNE82vHTmwL5hkDxysJB1coJNEVy77KU4RzS9h3Rzry
  Funding recipient: 9TNE82vHTmwL5hkDxysJB1coJNEVy77KU4RzS9h3Rzry (0.00203928 SOL)

Signature: ZAVoMMcE47zZJgJmoLp1DbhqaN94wGWDCfv2gJBP1RFFk4RkxDoSfoTR8poH862h5aZRtbNHBiZixkEiqHYr8JW

Transfer 1 tokens
  Sender: EUkN1DyoXQbqYLPNpMj5hFEa53ZpoJNwXMZJ5mK7jjWX
  Recipient: 2n5PbADyQXeCMztD5wnZjF3Nn2w8PmCmqSQ68TT6Q6KX
  Recipient associated token account: 4SmYpoMqVkJgLK3eL6gyGY35D2ucsECjLCpDxGyk7oEj
  Funding recipient: 4SmYpoMqVkJgLK3eL6gyGY35D2ucsECjLCpDxGyk7oEj (0.00203928 SOL)

Signature: 5SBJzdh7MaqNeXFtQ58BaPvHD6aVu9ze8pLGcDZPDzTQ6tDfcbnhDWv6VAdpXX6Pj6vDuRN9Wwz6QUc4yGHcieLm

Transfer 1 tokens
  Sender: 2PhmJDe42ADwVw2XefXykmFkUWUNyWvjpdnbQqbTbLS3
  Recipient: 4Qwx759HPBVsJpFNrHugRDp42UZheG3bhisAKmRmvvJK
  Recipient associated token account: 7BEyHVypXHEkxM7K6mNn1MPfMHe4AXPcXu4Kdd9bpWro
  Funding recipient: 7BEyHVypXHEkxM7K6mNn1MPfMHe4AXPcXu4Kdd9bpWro (0.00203928 SOL)

Signature: 596rmKUzDku1QPdmDLUQb5G2NASXYtpM7j5F7z2qK7oX9KSdgueSuxfm6yq3j4oe5ZqWacHrcavHN9PdZc7wwtCG

Transfer 1 tokens
  Sender: 8iEPDBg3mumFZeSHbHpHxZmuJpESghWnJsrqnKry2dc8
  Recipient: 51oET2dy4vCmZ1JMGYR9hbsvsLng1vcLD6z2AZp1uq1j
  Recipient associated token account: H4ofTa3jjWPH6JsBA4MU3MnUFcUujRSf3ZDCDmhhcTy9
  Funding recipient: H4ofTa3jjWPH6JsBA4MU3MnUFcUujRSf3ZDCDmhhcTy9 (0.00203928 SOL)

Signature: 3opScr96eeYsNSSc77pT7WZpws5NekU7QhixJ9uqY6PhyKo4BYstr9qKhPMC5Xj3YLNDKYx3o3KY49fHCVed631Q

Transfer 1 tokens
  Sender: 6mS2PUApKxAhe1acaFzcywxJtpjNJCatmtcr5qF8oAAX
  Recipient: BBcnpuGSbDbMhZHugVRhURmfdFWkieXskLyHvqcFMsbT
  Recipient associated token account: 6RoTWAcb94UUUNXyhSURJbcMy4PcRwBgTQp8Gu9ehLK6
  Funding recipient: 6RoTWAcb94UUUNXyhSURJbcMy4PcRwBgTQp8Gu9ehLK6 (0.00203928 SOL)

Signature: 3Ph8vuY19ypWDoeeZXKA96gWhSGZNKwDTmx8bZyRfpjvoatFyc9RRbbNGohxkiHNN5C3mUL5x8zF8MwG5hKQ6HUo

Transfer 1 tokens
  Sender: AHvJbpoPNqhh72hfFeMZ3Xg7sPQi9WvuXWZvH24yXjUd
  Recipient: FSVxZGe2J6Kr92xdQYpP74dxd4uT5Yhbq6s7SPxJF31d
  Recipient associated token account: DRDZeK3tDSFM9KyTe7jE3bzRYvNN2mcKq2Tr4TcTXyCU
  Funding recipient: DRDZeK3tDSFM9KyTe7jE3bzRYvNN2mcKq2Tr4TcTXyCU (0.00203928 SOL)

Signature: 5BeNJDneieCvq7KfxAg91QHgf9H64Mn6VwmEDrQLX3bymyHSzZVAVVAy4pBbr6g29nnqKnTdLqZzfa8H1feE62Rz

Transfer 1 tokens
  Sender: DzWBEvJq4VFneBfbDRE3WoTYABxNqKLYkTCh8dR36KVJ
  Recipient: 5C9tu7uVVvPj7ji9K8hDSNsYSpc5cLgbP3W1QxfW9n6U
  Recipient associated token account: BPvGabmmPqa1eARrAFLcg9rcLKWVr18oXTWQnFibpya4
  Funding recipient: BPvGabmmPqa1eARrAFLcg9rcLKWVr18oXTWQnFibpya4 (0.00203928 SOL)

Signature: KTnXaBTHRrQhgUSrmrYRcRwbywwAtCCuQ93gUR6KgK1y5PQxRgUDWechtdQFqLDg4UGedYQSSmxXhrvbWCvHKjB

Transfer 1 tokens
  Sender: GpW7GbsTtHLok3HkuNVf1NxtxuKRmd5yfyMxa35qL1Jc
  Recipient: wcZ2YR7AiV8pAYX5SodantLCAy1MjP7hKHZzzAqMiZC
  Recipient associated token account: CsJav7day7xEkeQogCb682fQYXaxVSnb437EkScTG3zW
  Funding recipient: CsJav7day7xEkeQogCb682fQYXaxVSnb437EkScTG3zW (0.00203928 SOL)

Signature: 5CwSULKx5SA5FZWn11YVNrqGVZktXSGzZmmbEhkXQxMKJiHt26DD2GvqYLAHg6R9MWV3iiPzKxEyQLExcSvdB1iG

Transfer 1 tokens
  Sender: 6yDNyoMTLFjXaio2yKUWEiprRwHhTRoDNdPQKWtPJsmY
  Recipient: QLcaPJEs5KtnHCfPUwQTAEbpKPRj1NkybpRiVNGZXXV
  Recipient associated token account: DdoAVMt7N4r8hL3LUkes8m9PWL1sgy3ZEeFLQSRbYrzy
  Funding recipient: DdoAVMt7N4r8hL3LUkes8m9PWL1sgy3ZEeFLQSRbYrzy (0.00203928 SOL)

Signature: 4Prmi4p8nwPLKwyxpbioDQKukUkYb1V3h9gkjhPhz7LCcC85KBBM3QmHAZcd69cZAE5gj2BNyEVDZLtCxPx87Wn7

Transfer 1 tokens
  Sender: EzBw5o57bCfXnUf3apBVXYkZLF9xzL1v8jxUJEMX6rQC
  Recipient: C4HHmTB1N3KUqiJjR9ypgGWeKnP4mVSwVjHYB89CDuMc
Transfer 1 tokens
  Sender: 5pVKTqaECacFHbeUSTRuJDXpLBpvrAK8zunexcCdyMSR
  Recipient: HkxJXNjMKNr6XRNEHgiLiRjApeTyRDubMSHTdm4ZeBVz
Transfer 1 tokens
  Sender: EViSp6h1sSbSRigJduxa3TRQYCmfMbFG2nsTwPyrEYYR
  Recipient: Cf4pZaok9wdfp8qTT3RiQZvJE5t638oeQPVekwEJyYrX
Transfer 1 tokens
  Sender: 3BpBz9G97UDMYzqcsWEA7yuAuYrKnsr3vFNQ3nXY8Wwo
  Recipient: CsF45Cg39iwxvwG6ts3XQDqrRYa29vzW9vJKroHQgSvS
Transfer 1 tokens
  Sender: 8tpNbVUwkUHGtVYgwkyCXeecoWpAmEAtxK3gNdYAtG4F
  Recipient: L7vksHGNsmuNi2yuAz6MVyczJhDBLX1VhmGcZ4EQtiP
Transfer 1 tokens
  Sender: 885KyA1NaP6C7Ao4uSdzdByipbcro7HAuRVLCU2dF55d
  Recipient: AsxYivuyVu6znDgnwenpLSLvkZDua4mGKxTvM2JgoeDU
Transfer 1 tokens
  Sender: HMqdXXEzsHLHCVhFkwduEg2hu4nyLKssk5Hdi2WXp1qP
  Recipient: CWiXLx6juMmaq33BPXGJ1k2DPqzfDyCQWoAsUUe83CqP
Transfer 1 tokens
  Sender: FQmzc6marWzZcStCqqpAU7jfXHcmT4PUaMb9MUeUsKgV
  Recipient: 7P4Bb1pCMuYNveYhg2j445cmTRCEGp2eAAtBQUv7Jz89
Transfer 1 tokens
  Sender: DyztZShZUbRUjS7qxFgYax6SHXqgNh33x8xgPEPNdWEh
  Recipient: GChoRaGhcY1EPPaqoZ57TcpmBD1ECoGPxqkPE8zg9DSX
Transfer 1 tokens
  Sender: 5LwGshs5XL9c5EzeCNcY4oqMvtYhRkKGNxhUjrmCJMXj
  Recipient: 88BZsUYzV1sg1KFsEH4vEyMTNifgo6MGGbUxiS7ci9Q8
Transfer 1 tokens
  Sender: DUqPieQgj7oYyg7zCqCrhi8T4RGYYqWvHoj5w2qU5vya
  Recipient: Y1iUozoALJ7qc3kmJCCCdoNBHnp345TnPyBRfVHBeme
Transfer 1 tokens
  Sender: CpsXVqodu91nok3En4VrcJTw7BHwN2HAzf1qqcPCEHeG
  Recipient: 24iifBd4cBp6tEhYNZvPvdUsCuhmrSXXauQxrumEz4y4
Transfer 1 tokens
  Sender: 4wmD7PV835wBeLgekzBZ8jXoW9npmXBdExHnbmzuXbUU
  Recipient: 5sQ7hzMpqscY1JYkzHdf9kPwY1xGPoJ88kLoVqb6V9ss
Transfer 1 tokens
  Sender: Efozm1hzfUpVo4mv9vXfijxMbqnBfwt8WGit6pMuSQ3X
  Recipient: CHGNpSUP1m3jj4RdteBDt4H7fbw8UGCkVDLH6tFu3Q3H
Transfer 1 tokens
  Sender: DtpK5TChBYLWNQBpRCSSHumzhftuMAoey33TwkApDRuN
  Recipient: 6ykYU3fWNQnoNunJKDLSVSZWCMPoajoE8EVNzKCYs9qT
Transfer 1 tokens
  Sender: AvN2CNKuoeToUHPYNfiDtkC23gFXdBoVmw7Y7cyc6DN3
  Recipient: 9HCTmKdCAy7FAedf4ckhY7zpyPDrPs67FpRjDEzpQxDj
Transfer 1 tokens
  Sender: ERmxmXW98FqdvDu37b8SLdhVRqqjytfB2TdjEGjNS4Sm
  Recipient: 6zWDCKJMWTGmpiJB8QTiWbXEhyp9beibaWAvZMdFdv6S
Transfer 1 tokens
  Sender: Da1kPokigd95rHkdQCVHCbqXKZ3CUEtfGAYUybrhU7Bg
  Recipient: A1uEtUZUMJ2ZeMX4PTePcAmFN4neXhmxA7SpmrV23vu5
Transfer 1 tokens
  Sender: GuYdz2VyDKnWTkEx1H1gUs24RZXNJHPatLDQKTdbLDo8
  Recipient: GP5wZ1hEfpD9TxhZzPGQVWSS6VVBaGY7J6dt8KeQuPxv
Transfer 1 tokens
  Sender: Q2ykMN8RTbvBnDg7RFVJgXSm48ZeN18H6tSoAL99o1b
  Recipient: ECWyZYdWSWdJj8dkBZhRQDj3gahyCyY9m6JW5kWVqvH
Transfer 1 tokens
  Sender: 7uM6aPMDxxMss617649R719bCSLdSY6yca8eMGy4Z64b
  Recipient: DVSaF44DrAeoXoQTCwQxFF5rFuZ7atWN2puYybj9HSrd
Transfer 1 tokens
  Sender: DvSKYrFuQGvvjJ2Xdzf2BSkftvKc1EYiqN7cbUPtsoz
  Recipient: HztqUciz9TKPs8jV4R7HHn6kXfpYYmz9VVfLJ3vCV5v
Transfer 1 tokens
  Sender: F9yMuvLmd4BnaTubW3KU4NzLdvY8tUiDcNyoDigLnX9f
  Recipient: 73tF8uN3BwVzUzwETv59WNAafuEBct2zTgYbYXLggQiU
Transfer 1 tokens
  Sender: BFV1MfmzMLTXk937ZyvzxMCsDsn9XsXVPyYJ3W4smu5Y
  Recipient: 36NvFFD7C1tK3mB4usBumjy4eb8AgVRVakEZGidbrxD4
Transfer 1 tokens
  Sender: DTQMhMSwcwoMiHNSSgitmsxJ1pqyhHqLtyHqq7iYvtkh
  Recipient: 4cKqqwoADnQVUAapaq1CrCwpBwbvCSohZPzB8aHooJjk
Transfer 1 tokens
  Sender: 63yqZK5FGCaN1NDeKYrHH6BsyLFJGXVeJ6qFDx27rDYG
  Recipient: F15rzk8R8DHeskM1CFsuDKQidbK3yCEE5fSyd3upevze
Transfer 1 tokens
  Sender: 679JfxuDCbSkztN1zniwa6NLfZgkttbgkYAHB2a69pws
  Recipient: EADTDauS15A4wdoH74pLMmBT7rbfCUDpjRt2MiKL69RG
Transfer 1 tokens
  Sender: 5ZnaWHgDffDJowR9wvP9AQ4qRQPB5KL2wrj6pTzMmwdK
  Recipient: D19N9udTVk5VujnBcmki6DTQMnRJCcZYs6yB5w3zk9HS
Transfer 1 tokens
  Sender: 75QDrmqAYAXCnKwYDDFD7UHCyxV7HY2mumUqZwnz3dtW
  Recipient: 5nH4SNp9Hhigqmjd8spT6UyLKN8okssmWJ48uCGfWf3J
Transfer 1 tokens
  Sender: Cp9VxN3Ga9fXU8EzcgKWNGzEtqtRECXpDe7ZK1zGpMwz
  Recipient: HiUjBgoomN7PgCZFPdM4KC8aKAFfsraRpTjNKnf8jxww
Transfer 1 tokens
  Sender: 6FND4L8dysmLjXufMatEUny3xV5Ui9Rs95Ci93vy6KTP
  Recipient: 6VGcEyf7x5PFBpUMKTH8cEnCmQ97FBuxjAh37GjXefPN
Transfer 1 tokens
  Sender: H5yNPbiecHVebfyp3WqjfagchyoGS7WhhYuQegHNHhVH
  Recipient: HETwNvvgsoVSUrJ2nYdBbHuZ98PXESq7qujhg6Zz8VGH
Transfer 1 tokens
  Sender: BnRR9FDg2ubSYceLdA8qtywfkfHdbcDwXE2wBdTQwgZR
  Recipient: FxH75gveqRNXJnsa2fN1GtTMiGjP1JxCRnUPU1d84Fvs
Transfer 1 tokens
  Sender: DbgSyg7xLwaDxc67gLWtnThBLgKy1EBVao1G7v3YqrDP
  Recipient: APyRC1YdA9HQxXnGkLr59ZERPXxVW1s1fG42UkPHF7Zh
Transfer 1 tokens
  Sender: 7HmkxHRNSq2cqdmWdaoww1fTCf2sTD7R8ZpjLJcmSvQT
  Recipient: CYVikdfqKK1SmPasR93k1p6CntrmqGW4YcoSYQQ2TeVp
Transfer 1 tokens
  Sender: F68j3yCwLSzAxnjv6phTeHkbUn9ccjQHAuQ11Gidxqad
  Recipient: rLZStBnnZDnRV3z1oEkBb7KuhQGp8KxAe5oi8L9cTcx
Transfer 1 tokens
  Sender: ExtpDK4qaQXjkWjS1JC76LsF26QuqcyqumaQrrqZ5rVh
  Recipient: 54ZUQsgXKSHBRdWLXu2GfXgLPQtrcD1vn9ku8aFw38pK
Transfer 1 tokens
  Sender: EMFAXc3HgT57bYQidzF6gXKiHuQrbh5CsGzxrBio84UQ
  Recipient: 93JcD52gQgTkGqADLhEo1E2vbqDkwXmuMGuz6bLh5hVa
Transfer 1 tokens
  Sender: CHVfqkUvwkE2mUkFWwauMGb6pgjaBRMPHgMCBdGfLK49
  Recipient: 6kYgjyCcNTh2U6D5E71uDtPozkfBszCvPTJSZvBaYMUE
Transfer 1 tokens
  Sender: HuksixvmoSz6KTQHB1EQAhXoxh2c7faGUBTutRLwjxTP
  Recipient: DDhLp8jt7sSDQNyRYpGTAtLu3DqEnMz4yTAkRdXXGfUE
Transfer 1 tokens
  Sender: 8Udy5pXfgjszn6EAqHVjphhT3XLKR2ojqsKkhqpMPR19
  Recipient: Bg5J6ogzzRzUpJDd3KwEfHEnFwzUQTVciGMxrWWFfuAq
Transfer 1 tokens
  Sender: 3qoAFfn9KZxoxSgkPG7W46V9ADWKvfsGrB9mXfAWYJWj
  Recipient: Derkcu2xWJXhSATnRCLy4XozfoRDZysycuL5B49VQ5fB
Transfer 1 tokens
  Sender: 3S1n61msWbuZcjnDywUtP8MiEsPvXvrzW1trueow5Jcx
  Recipient: B5wGRziAmbZ6NMGwatX7s3rp9tWzDL3fEJojQwh1JREe
Transfer 1 tokens
  Sender: 4WbyZBq98fCDk7mp4TRA7fqN45mcEQK4QLmYw6PyJ7ud
  Recipient: 6MS5NwY2eaAQ6XNbnrpUJXQEWTNC1Co42VJmT2GA41mp
Transfer 1 tokens
  Sender: 8ikkfwR3DQVNTjsYXfB3tznkikXKJKw7Mn1gV9ABQ2wC
  Recipient: Gxz2nMRET5cLmmYo8egq9scNrwYiPPDPnorsNYGWHedU
Transfer 1 tokens
  Sender: FCG9jtNk2qcuC8LXjdVb6moGsPKM4JchUw2xzUBLvxyQ
  Recipient: Cj3hddF9BiUu3nKRkSqgtLK4HNPF1wELU4UqhiLtgLL2
Transfer 1 tokens
  Sender: Ekyn7UPexoobzdtoHRoUdq1FoiE7LBc8nKydYqSWTtDM
  Recipient: EWC6ESChdBqExhp96XPMLXR65pXP6Ftuh1pPAVws4pmk
Transfer 1 tokens
  Sender: 9bbhcQCsizYDdamM4zvtT3Q1uLdjatT82mrtxj2cUQ2C
  Recipient: 9dFNNcoMyzAJwFBz9mX7MHSbiSqSX69XZ4wNPP8FdUQJ
Transfer 1 tokens
  Sender: E2Ho6i2bNan35qUixSv7RGUPSMDfEP9m8uGLiG2stxan
  Recipient: kbtxDFxdfY4NxQ9kNAuXFJ2GuAZE95dCXQw7yeb9q11
Transfer 1 tokens
  Sender: 366S7s4PQY5A6iViLMcPY6EagaXoEiyekuuEReJDCKFa
  Recipient: 8XW5X7k4bU1fZzCVGPVnyVRv6iqwXqG284DnBpszAiuM
Transfer 1 tokens
  Sender: FbVNDZ9r4L5wczJ6CQoV3JGamiEUBay7XEUXaRNtQoYW
  Recipient: ADLmjzGS7HhEeSkjLmw6af42dqA3YXHdYqvwTxV9XBGP
Transfer 1 tokens
  Sender: CXAMDWGqx9Rz1xnhNTiZihAgYAtjuBJdssQXks7b9BWG
  Recipient: EzPQYJfcoTqvS4oUYnyd7SzSyjJg9nbvH8SEkLp1fKVr
Transfer 1 tokens
  Sender: 8Cq5prGn11EFaj1EeVjNtqMptHB1avw1cV5kEHUfEQh7
  Recipient: 7iGCFYLUJczcHwpUnCCK5QFBCvYwznnj82RoYQQnWu6d
Transfer 1 tokens
  Sender: EC3DMTrSa1d7M6zj24EyoAtM45GBT2v4bz2N1B6EQhuu
  Recipient: 5qLUQwffcHESZuVwjDYfzj7YHbZfhGeeTSiwF2aqEETf
Transfer 1 tokens
  Sender: 4tXRCW1FMZci4VvqtsK7nDDUkkqJkxrkfY3xxqffHM4M
  Recipient: BPuNcEh3NoxAL4UrTWBjKbA123FvsfzV1KJb3JqTuuN6
Transfer 1 tokens
  Sender: ESEc3HxJRfnQTBwh5VH1Fvf6UXe3p58yUWRnAU7MKYnB
  Recipient: BVFTQzEas8kMPkcugksaTTuLnQJ8ESxtLryk4ngdyvjU
Transfer 1 tokens
  Sender: 47kMTn6JNg2wmMU8RUVNvz77emZz1JAY1wAFJALMJiMm
  Recipient: 9V4i8VdxEHgjQFEKdXT3N4nFKRtNtkKCzd17SjxVWLSo
Transfer 1 tokens
  Sender: 4rQCLprLnbNHqefPpWXJijF8XH9eqQ2LUcG97W1Cf3FS
  Recipient: EEUHeJFM6mUeN44v3kpepHXXBcGY8xV38TjTNxHEt76U
Transfer 1 tokens
  Sender: G7mqqLRh7PYz75YesV9NkA6t9LBNfhsZRsV6NEzXfo78
  Recipient: 94UHpi9NnLjrnhGqzmE5dA7dSvgMewUjxorwzf2wJ6DV
Transfer 1 tokens
  Sender: 7QKsLoiXr3EfnywNjPiFCUtT75jk8pePBUtU3iAMnBuN
  Recipient: 7uPi6DYjLyBRAMtuyk442gnq6pXMppuxSkj4AiP25MW1
Transfer 1 tokens
  Sender: 4RevdL2KgzrtRNsG9uFe1iuftswV4xrfoDAdVnkfCXv5
  Recipient: B76uAwAahbFu6Ymfg2naf2aZstzTU8kMgFKhFUMubuqT
Transfer 1 tokens
  Sender: FUbNrYjhdf78znr2EVr9ohW4vKy1y7h5wt2Pd47sYp8R
  Recipient: BSJrzadoQ2gqLwwHbGjDrU9WcKCxFVvbmnPcTHn8TNLQ
Transfer 1 tokens
  Sender: 68GdWV7PfX7NoEtU79Z29hfA1kxuiV2kdhKJ9EJycybm
  Recipient: FdvMXoYeqtGkGHhQyztVFQMTRAP3oiQkLjVSFe17RWa
Transfer 1 tokens
  Sender: 7iZUFkniTv7NPEW1k8eJn66AnPAuH5Ei5P4X6tj8oGu9
  Recipient: 3eiNNyffVEpmdn97KLaJArKz829N7CMt1GHCPd8uftCi
Transfer 1 tokens
  Sender: Gsq6twYL3YzAcbKF13zBdzXzai5ZM1YpPLEN4vjXnfm6
  Recipient: 2mSEEsrV1sQ82J1PztWQJ66GJzy5NeSDuFBozNeBqAqp
Transfer 1 tokens
  Sender: 3YtXE877EqiKtorrLgSt87DNbTsArP577e51rmFu2R4d
  Recipient: AbgicEN3npoAGUvZCJWpkLkniVxnEdcsFnTHCcmhfUKF
Transfer 1 tokens
  Sender: GiGa97487GKdxkuM1HUfGaffvW4Hc1jNAvvtJVqfjVEL
  Recipient: NY6GuYhLADqWuYnJ8Mp7FZrhyPzHH4BX2wmxBCFhPkX
Transfer 1 tokens
  Sender: 2qJUA7AH9FcuecvADvY8eR8iAnTwgFz1yfQqb8c8yQCP
  Recipient: 51oET2dy4vCmZ1JMGYR9hbsvsLng1vcLD6z2AZp1uq1j
Transfer 1 tokens
  Sender: EFWSG1zkotvRsWBTVByWpGrhMy5qJViKa2P2BM4HhEA6
  Recipient: 5sQ7hzMpqscY1JYkzHdf9kPwY1xGPoJ88kLoVqb6V9ss
Transfer 1 tokens
  Sender: AxpwrUyGjVvTm6bvxu2RxxvsFn31KwXuwZEsGUR6tWaN
  Recipient: 5awsmonFXxL4xCNQTYVgw8zGWXEzAcoTbirxYEYqxwh3
Transfer 1 tokens
  Sender: 6HZK3Go73MgWZFr2mwo1P7MZ9zZo58Y43WTseW2wkN1U
  Recipient: GZbQmKYYzwjP3nbdqRWPLn98ipAni9w5eXMGp7bmZbGB
Transfer 1 tokens
  Sender: 7ugzvDgocapSsVs85xfBEmH6KPGxXe1D5CXy5aiAC2tE
  Recipient: CvTZWe3SSDMks5rmG1wPA91mxba8FLw4pfm2H2YQAkgm
Transfer 1 tokens
  Sender: FmH3QH7fRM43CYUbB6MoyXWaBvu8XDujCWUYwbqwu74C
  Recipient: 5PWiwuJicwtDf6VMAW3DwMykjHhbEi2wBkHy5pS3UAfD
Transfer 1 tokens
  Sender: 7PE4JiQQzZyN6ESyoAjUTxEniSMyTvvBR2zNWmuoi6ET
  Recipient: ExHjH7nZufPmsbTZc1n9R1iWMGJPDaJTeDv3PA75iunH
Transfer 1 tokens
  Sender: 7s4mCXe2uWCh51NZoLyGDi2xhFXxrNbk12v8RGBuiCTr
  Recipient: BEv2CyGCrqdViM17WKqTmnseHoPuAyspHGbTYN7AwxY1
Transfer 1 tokens
  Sender: EybAkgVxFeZqcjqgT9Zr5XTLt3fDnXbJPKGjhmX53q83
  Recipient: J1jxhJwnZ9EbgCmTqtgnr5YcQA5ZxuwkarvR8MJFSoE9
Transfer 1 tokens
  Sender: B8CT5bazP1czKvRT5DeKRzxCLaKAr5ckSabvZ4kGmuBL
  Recipient: 65LUFTS37ZNHvDjSXsqQ3JgSGvQSRxv6zkFqKKs85V7c
Transfer 1 tokens
  Sender: 5AJR9JVTMSrjGSp3tE95NvABEjH2LWq4aUBHNrbMru6D
  Recipient: DHZnzDYatVKxYhL7riFYVAoHpf9RDFoHHTb2a5X9Hn87
Transfer 1 tokens
  Sender: yxHGSZWT8X55uA4dvJddvFyGUYrXNwzs1p49UJ3PmHE
  Recipient: 3PJUJ9Jn1dL35cvc8tHq5XWNeeSN3R9HfLRapmdEwNCb
Transfer 1 tokens
  Sender: BRKYjZED1PuFEKSPp2qqBsczRFsJQknQU2tAetKSBxhM
  Recipient: AEUto3eFWHLAmmVRq3Vo2fmHXwte525jQGG6D7pN4RRd
Transfer 1 tokens
  Sender: 12E8rmrJjvuHsrpHbJKbsnrd1tjfZcRXcSTnfPh29MnW
  Recipient: AsVDkXYh1HPRxJwpp671WVzM9GWffQPXteeoRrCibh4u
Transfer 1 tokens
  Sender: 5B6LLFV5xsYDLqTqUiPMHXotYsUBGzBg1CgH8WPqimUr
  Recipient: BU9GQbSnXQcF59sm5VW5vM4QP138cM6s2vV4p4HhrDjY
Transfer 1 tokens
  Sender: DNiWbhx6LWZnDfYBrLWQbfceqnViG7sWnwx2KVY2XVs8
  Recipient: 6dWYKwXPMgr9dbsWsE8FgsTHgHudFaF8vvaQTvYcHnn7
Transfer 1 tokens
  Sender: E8vnSHkcEWJseAnoFsTYkKCyWDVAwpX1acd9E4wqcKX
  Recipient: GD9Dx84Rzr6qLJKoZqQFZn2Yzf1NyPFbQeSRZqU56f8z
Transfer 1 tokens
  Sender: DxBkbJwmqWfQZUL9GtwN2rDAWtz1tM1CPkVMEYzRHuB7
  Recipient: 9iQPg1TEZbBMquLEzFeGp5KCwVx3GPxMDvKBwX3nHRhs
Transfer 1 tokens
  Sender: oMJrsaYBu1u2tMPcdGQG1pK4KzQzJC7nErAzMdEAG6s
  Recipient: 84tYj5QuBQNDVsFXiEPMZddVTtAspbAJ8oRbXsLwoS8x
Transfer 1 tokens
  Sender: GSpbJPS73z3QGKmKCZRY4KgCkyr8XCWdDAE6yG5tM9zo
  Recipient: 7sRAajpNsMhvzyhBut8vX3XgmeQMRcKKX4LqhAvFpg4w
Transfer 1 tokens
  Sender: EmtYoGRY8yZ7TNpjfTRGFpbX6DR5k8DyFc53yMmUqChF
  Recipient: AzmgakTxLAutgbcNkxi3S4M6MvuZvwcrzMc43ErMFk4h
Transfer 1 tokens
  Sender: C2w1yP8RGvfCFt86Wsf5z74bzFZkQFhWNMjJD9UuJUHR
  Recipient: 2v3WPU4g26Uor34kTbXtshNqu8WR9WBDhAzM5t8pYRYV
Transfer 1 tokens
  Sender: EVhSCsLoddB7MYUGGbJnsDrRXNi2Lt8VGQ4UYa3F9wUZ
  Recipient: EkrPmifHXbGk7PLeReSgGieStGYrU1KJQudkdvVkFgFD
Transfer 1 tokens
  Sender: 3fRqC6HEiSmhC51ZK4gGpF3wZ4zXqLAF5n6Yeo6ySrDL
  Recipient: 8BZiPqhVHcQRUi9ik4ToqZ83wc5bRovucP44ajwLSiha
Transfer 1 tokens
  Sender: 5TnvwKu5yhLTov6XCUBM6v7bN2h5iVLCvUcArf3oJpFx
  Recipient: Cm8cYtgtfyULCzisqUnMg68aqqi12PGZScouQfJRfrG3
Transfer 1 tokens
  Sender: GjNjBhg9B3LWRJHHwV8kbrQbaGmn2cegm43yMYLWVde8
  Recipient: 51oET2dy4vCmZ1JMGYR9hbsvsLng1vcLD6z2AZp1uq1j
Transfer 1 tokens
  Sender: B3BunmomATrhUvWZbcS5GN86FcE6eZjpG7efzPLgxFAM
  Recipient: 5g9P9YJNPxRMTZtWTPyRkUmdvaVae4MVjhr1ZHmHYbRH
Transfer 1 tokens
  Sender: 6c8uRzDCUCPiqdnEq232P27GtCdQEZPGaPfPPvUB2uSt
  Recipient: GWoFiTkmgkdUxvRNZ8kMGVxUctDabMNYZ4ztFnQokBrH
Transfer 1 tokens
  Sender: CW3QDqbG94iCqdHjrwP7tZDcfp6acGLqaWwCfWExFs6E
  Recipient: AzmgakTxLAutgbcNkxi3S4M6MvuZvwcrzMc43ErMFk4h
Transfer 1 tokens
  Sender: tqN4Pum5maMtq5QMWTvi3VN9U5SstBi5MKN9fgUNHcw
  Recipient: 4sa6jkCjNLfpCFa9fTmpHnMRWfQrHvsHiYf2xS5HKyrB
Transfer 1 tokens
  Sender: 54BopPUARnbfqhP6Bz1J8RaxKuE11T8nKGqoZq44mBM
  Recipient: G3HF6iRqzaztLiGg63JjiqJSrgoFBNQC4M9QfPDy7Bss
Transfer 1 tokens
  Sender: 6vd6Bv8thHNn5ejqd915BgctP1J55ASLtoWUdoMbefrU
  Recipient: 6SHRL5r8BBeJFVcg8Y5u2VRvEaYYweSnYtNLjb1N48qw
Transfer 1 tokens
  Sender: 2Kwb3cTkZNhM2Gpd94Rngtzk3Zw9gd8Q7uKsJpdaoCK5
  Recipient: 51oET2dy4vCmZ1JMGYR9hbsvsLng1vcLD6z2AZp1uq1j
Transfer 1 tokens
  Sender: GPkCViHzvSBQ1zNmRJhyBuzCFce2PL85ftz7N4XCTuGa
  Recipient: Gy3kEJ5jeyFPMPpCuuJivAR3gbPLmsBHU8bE1XVQMc6T
Transfer 1 tokens
  Sender: 7cFs8uGg4CbQS1Xx8DjocsR7bm7sKCeeHCYe7AtGRhUj
  Recipient: D1B5VVSLpPUhDow1SCSgX4TG2nqytASTtQ9U6KY4NFFs
Transfer 1 tokens
  Sender: D8HUjKNZ6eWuor9rVUJeSs5vCrP17LN7fnPzsc1X6oei
  Recipient: A4jR8ZNLjEZfMV3jWcL6y271Vty8ywQSCPSsjPoqrHUx
Transfer 1 tokens
  Sender: 3voVyG5dQdVaXcYdBDacVRyHqpKBsW2kWqL1wNPqYmmT
  Recipient: 34RGNCCxEj3bE5NdoRCevxsFyFtmwAGjctFkr8rqtMof
Transfer 1 tokens
  Sender: 3tEKYdL3Mj9Yf7emV9WMndRGEzi84zHa279j7NwuPyJ2
  Recipient: Gps3Cj9nsku3sWKaa2pvkEMXaMkp1WTby6WUyxWwVbm4
Transfer 1 tokens
  Sender: 97xHKjaBai21cLo4dnNovtURohcHwEPLRxCB3kZwKiAA
  Recipient: FgKev1SSzvmVNPwg8QMTPLFqXaKthfejPw9sajPKuA1M
Transfer 1 tokens
  Sender: 3pT9tYERJVeQMjW7keq8etzjsabZgU9EPy5wGwcuxDYH
  Recipient: 8utkbdcWfrR2ZePv3n2y6Lzw9yEeJamZk1rVhrAHCZNp
Transfer 1 tokens
  Sender: DZYsET2WAhizb7whS9zrKEHHPymUKGpNGbKhorvhJtvw
  Recipient: 7mC95PfeHRNvgQh9hCByoNi3kzx5oRx3QjbdyrtvjiPV
Transfer 1 tokens
  Sender: 5zYUoTCoUQ69DbmoHidYMcQyrBpWFnCfAXE5xKtUJ6mF
  Recipient: F2xjrioRdEa5jx9uY2vgVEoyS8cNZ1crpRBK4rQh1tjR
Transfer 1 tokens
  Sender: DLvj2BTDw4nBqEv978nCsH5Uy4XxjW98vGieaSCL51tM
  Recipient: 73tF8uN3BwVzUzwETv59WNAafuEBct2zTgYbYXLggQiU
Transfer 1 tokens
  Sender: 3UyEWHeuaEC5BhYvSMEmyRZd7m1tzN8kJKHFTELAx2xt
  Recipient: 5wpT5MyF9jTHYWWtXrhot1XcCr3RAAQbwLeKnDTBZHYL
Transfer 1 tokens
  Sender: 6EeKkPNnx9DdV1xg8MPucCvgiEnru4HjKLjGzjFUq2jf
  Recipient: AgPhAsvcwPfT8bcAQxfyvymHdS9enkCzHDZP67ihS5YM
Transfer 1 tokens
  Sender: CSHTd7S5TcEovZAhwDxbUs6U99Sjx8wrHdQo18FJqQ41
  Recipient: 7GetnmM4kAtyjT2aumAcPsHcJs2hfNmMQWoAW9NqpAZt
Transfer 1 tokens
  Sender: CC4KTxGcvz3CLRZBWAb3XrVr9YUsaiA4Udc5aaTpZhbv
  Recipient: oBMKGFMpfbHETVBLjuBUeZt3qeEHH9sb4vL9ave2iqM
Transfer 1 tokens
  Sender: 5V7nMZ3EMzeae2WCvwRdZpvxSS1Y73mBdBGDMSmyqGAn
  Recipient: 7N4j24qzrA5DfDq5ua4RhYN8J3yCyAJhpEMitD6zJajZ
Transfer 1 tokens
  Sender: 3DmyWsyPYNH27KoBCdx6aKm7oTU4ECVa1w7inZXRXQcq
  Recipient: 8kX16Yj2WBCz1sPXcimafGrutQkw3s3Swe9sR3gt3cC2
Transfer 1 tokens
  Sender: CRif1XMPb52tpZFYaSgFPBayjLprfTTFg2mxHVCAFi2g
  Recipient: Goxdxssq5wh3uVEKgupfLZmzukLQVHn6nynD4dZ6p1uF
Transfer 1 tokens
  Sender: 58i15rihSFv12yV1hJ3T3Bi35xx9ZyYneE8qLR3qKmut
  Recipient: nDTVFxnoYQ8F8rXDYGXbxUgeoku8K2Ez1Ga2jsJtjc1
Transfer 1 tokens
  Sender: 216AkkQ7eMexGwXaC4vXygRUhtsKEX2nX6p9aKgk9i3M
  Recipient: GRKqLdY4K4VhQC79Sa6EeNpSKchuXGKkZELPAUtg5UiU
Transfer 1 tokens
  Sender: 3Z7QXR7a2QSrtKieB8MrNtTeo8azzDTvpDtcxNVUujvi
  Recipient: AsxYivuyVu6znDgnwenpLSLvkZDua4mGKxTvM2JgoeDU
Transfer 1 tokens
  Sender: 5TZTzGSZ7BKoGvoEwKD2kXbqo88EUH7aBm4ttjcyCoAP
  Recipient: D7FG3Usyvwh2t5Dytrpfbh2nZwLY7RgMyAS19TDXCzMd
Transfer 1 tokens
  Sender: 7KsUCqUKUscQHa56gDAFGc1oRybFgstiozLH3BXDppZ8
  Recipient: mMBkKDM9e5yk9wMcQAkFhCy17Zyd7MLUz48ehtqjWPW
Transfer 1 tokens
  Sender: DEgQm9Nw2aEZ8nfxeTK1VpynkXnjLswMPMntcAWbPP39
  Recipient: kbtxDFxdfY4NxQ9kNAuXFJ2GuAZE95dCXQw7yeb9q11
Transfer 1 tokens
  Sender: J3GjA7GAULqJ5YgZeZ62RNxs7ePgABD7zK7G8Foi5eBx
  Recipient: 9mDT5a5L4kufHPDavPnSN8y8iuRZQW4nSAAoZzGAVEtG
Transfer 1 tokens
  Sender: FyovX9koxUizbGUBneHjb82Wh9JWEz3h8un4ANFm9aaN
  Recipient: 8WYRXiQXQSoAMw8A25HuTiTmkg2Ax5YTaBxmHZk6s5LY
Transfer 1 tokens
  Sender: ArakP75txUGgRCbNQGSGRrTZJMroySeTCMyTWwdcbHSb
  Recipient: 78EX5HmkxqSgNY9Yw15mXVFUxptoJbM2tg2zq27g8Npy
Transfer 1 tokens
  Sender: Cq299Pmt2fF25Sgr3QkMEnhHn21AWLk3Yt3VgMnHWzQV
  Recipient: 4SwDAKnt1ntsUKHaaM19jaajo9jV9xcHjB6ehwTtjkEt
Transfer 1 tokens
  Sender: 62iQrYa4TbHWJtfZyLHxD2FVvkrWodzoHPNhxNBM4RAM
  Recipient: BepkyYLmGjCpQC1KYdV3XzkSmTsfx4qrnrzyQrY62zfq
Transfer 1 tokens
  Sender: 44CnoSbcbjHpsnELQRgRw6akYSLtXAxfLAT9mUgxcB4H
  Recipient: APuxQgMLdP8pZk2VzsppV9eUD4aQMmsCieWVyU75LSgn
Transfer 1 tokens
  Sender: EjWd3mxYoZqGGCUKgk1ghZu2kcsV8NgJvLDQXxMw5V2P
  Recipient: AgPhAsvcwPfT8bcAQxfyvymHdS9enkCzHDZP67ihS5YM
Transfer 1 tokens
  Sender: 9sTDqp4VuHhbfDdEdMiqdDs2MujTuRRfD5ciZDV79huq
  Recipient: 6CfjjT5Cyy2RNgn3wiGSuU1Q2VhrvHo9DxbMPwotzeUo
Transfer 1 tokens
  Sender: 36ig5fFzVhgMcFa5wCHAGtGFrNXSgymno3PewQK81f85
  Recipient: vqk4rNkuaHbPHqCEf58R1na7QR7VFsZeYVqwxATJpRx
Transfer 1 tokens
  Sender: AacFDAsxFXTVnoMBLN3MDZjH89QUncZwrm3CF9SiZp2d
  Recipient: 51oET2dy4vCmZ1JMGYR9hbsvsLng1vcLD6z2AZp1uq1j
Transfer 1 tokens
  Sender: EZZpD75Xg6f59YTX4DtcAggSQicJweNePpCydRvBUcQF
  Recipient: CzGDc8WksVkKyYWBaWX1CEAaadFjSt43saCdxA8voBPS
Transfer 1 tokens
  Sender: DPX82DsSyEXNmHoETxFAaDjsrocRRzCfhy37pzYGjnTJ
  Recipient: Qc5SZNSRdXfVxbheZgz4FkfRH47UcYrv39adXhYcLb3
Transfer 1 tokens
  Sender: GHnqjQMhCxtQEB6Kr2osGXGsMWDYFdkcQSTpx8KLs3zs
  Recipient: 5bLozdt36jRhXhLNTjf9zGy2q816ECWpZg5S1shaLqVK
Transfer 1 tokens
  Sender: 9z5De7VxNwbVgTRVfxAdpWcysXsATidZqU6RbfKCydNG
  Recipient: CDLQdm5Y6N9z75vEBv9Tyhguic9gFhJUV7nB3jnJNxAm
Transfer 1 tokens
  Sender: 76WZdmnzLjQ4cz5Wt4nWGZagkfS36MZLUUx1Byfgrx2g
  Recipient: 34YsPVjERhtDyXnGFWRyqrwxCpGZvVRkG8SQrR4P7QLH
Transfer 1 tokens
  Sender: CjP2AXAhHTBiKLEejhiBFDsE44iuwf74wy3WE9ueEtVq
  Recipient: Ds71T9MhUu4DB3DPM2YigYtiTqTPD75DnevgoBfgQQUY
Transfer 1 tokens
  Sender: 6fSCxXZWkoGAXrcJ52grf6g6fqwRwUhCbP4xw8R4GtrY
  Recipient: 55YfFvwjg3A86gqMZ2vAie5eJYjbA9Xg2vqprnh4gYwg
Transfer 1 tokens
  Sender: 2dcoiPo2PSf85wzyMU8zz9f1duizZt4sa9graYAsAyYW
  Recipient: aB46Fxk2SNZfw9EcXozb4ZntZNytP7Nwcvua93FrA18
Transfer 1 tokens
  Sender: H1yuNLmWPRipConUPTJDSdHujvdxRzZxRL8qkX3t2zFu
  Recipient: AEUto3eFWHLAmmVRq3Vo2fmHXwte525jQGG6D7pN4RRd
Transfer 1 tokens
  Sender: EUkN1DyoXQbqYLPNpMj5hFEa53ZpoJNwXMZJ5mK7jjWX
  Recipient: 2n5PbADyQXeCMztD5wnZjF3Nn2w8PmCmqSQ68TT6Q6KX
Transfer 1 tokens
  Sender: 2PhmJDe42ADwVw2XefXykmFkUWUNyWvjpdnbQqbTbLS3
  Recipient: 4Qwx759HPBVsJpFNrHugRDp42UZheG3bhisAKmRmvvJK
Transfer 1 tokens
  Sender: 8iEPDBg3mumFZeSHbHpHxZmuJpESghWnJsrqnKry2dc8
  Recipient: 51oET2dy4vCmZ1JMGYR9hbsvsLng1vcLD6z2AZp1uq1j
Transfer 1 tokens
  Sender: 6mS2PUApKxAhe1acaFzcywxJtpjNJCatmtcr5qF8oAAX
  Recipient: BBcnpuGSbDbMhZHugVRhURmfdFWkieXskLyHvqcFMsbT
Transfer 1 tokens
  Sender: AHvJbpoPNqhh72hfFeMZ3Xg7sPQi9WvuXWZvH24yXjUd
  Recipient: FSVxZGe2J6Kr92xdQYpP74dxd4uT5Yhbq6s7SPxJF31d
Transfer 1 tokens
  Sender: DzWBEvJq4VFneBfbDRE3WoTYABxNqKLYkTCh8dR36KVJ
  Recipient: 5C9tu7uVVvPj7ji9K8hDSNsYSpc5cLgbP3W1QxfW9n6U
Transfer 1 tokens
  Sender: GpW7GbsTtHLok3HkuNVf1NxtxuKRmd5yfyMxa35qL1Jc
  Recipient: wcZ2YR7AiV8pAYX5SodantLCAy1MjP7hKHZzzAqMiZC
Transfer 1 tokens
  Sender: 6yDNyoMTLFjXaio2yKUWEiprRwHhTRoDNdPQKWtPJsmY
  Recipient: QLcaPJEs5KtnHCfPUwQTAEbpKPRj1NkybpRiVNGZXXV
