Transfer 1 tokens
  Sender: 4iysnLSZbYbmUYX3CdVbG1ofwCJh4FCWRnHuBq7wag4k
  Recipient: GCMCA983N8wVuWLTEPufe7RaXendqNffFwjV64boo7HW
  Recipient associated token account: 7JqQXnzCd5Gk8Z64BC2FxyD5u5a1jdw2G9EMZoycc6ah
  Funding recipient: 7JqQXnzCd5Gk8Z64BC2FxyD5u5a1jdw2G9EMZoycc6ah (0.00203928 SOL)

Signature: 5dyZ1CJ6rWoiXm5U3HibHZn9wnsKoArtEg2DYGj3gNPB5KUfoH5h3rVY9izebEwUw7WE6MAJDvDGgRbbqeAUp6Be

Transfer 1 tokens
  Sender: 3J5rfgpaQEs1d4ga244sUPHSj95b5nXSb6nRteTGVVst
  Recipient: DhW2PE17rACsMcTPvhh5p8hjJFBizTj7hVGfwKWhFQ3o
  Recipient associated token account: 8PAmjYfW3yRd9Xnooau4ioYyJh4fPiWhRehAQ9erfctV
  Funding recipient: 8PAmjYfW3yRd9Xnooau4ioYyJh4fPiWhRehAQ9erfctV (0.00203928 SOL)

Signature: 29ZN9zzeZ5E23vLd7CzcYtb6GNN8jgwxh61oGPGSdAa459dkoHf1ZFym4Ht6fmQFNptB56nbc15rBZ7AVrE9eMt1

Transfer 1 tokens
  Sender: 9uMhmLrPLMj7XZhopvTrn1e6ARqvcJvx5Gns2xToFvRY
  Recipient: 4SwDAKnt1ntsUKHaaM19jaajo9jV9xcHjB6ehwTtjkEt
  Recipient associated token account: 3VfSd3HKzDJtdXwbQDYQ8EVxsb9KVfAxLBqNFWwLEdLC
  Funding recipient: 3VfSd3HKzDJtdXwbQDYQ8EVxsb9KVfAxLBqNFWwLEdLC (0.00203928 SOL)

Signature: 3CTzx1rPHwsvbqHQ3gpRxSkwEBoKrA5kHu3zMnmwfDCX5PLKh41v9aiy67kBrEDFxHxqTgToxscHimaeJjaXPV68

Transfer 1 tokens
  Sender: BgfEa71MWJgNbrRwz6zVNmrbeFPtCD3wvMSLiMfp7m2e
  Recipient: 3W6k67LN3uWouayqJ2va2tH93WDDsCnEydnzcjd41xPK
  Recipient associated token account: C3wVL7JUZn7waGW6bUpByyxTncDZoDFAQqqNqQMoNZAD
  Funding recipient: C3wVL7JUZn7waGW6bUpByyxTncDZoDFAQqqNqQMoNZAD (0.00203928 SOL)

Signature: 3BQywW4sTW1s6GJ333ZA1dF3qGx8hmCgwZYEA5EPzqdVSPWftr6XPy4WmikeYpwojh32mMGvB9EEVXCUU6aJCKQg

Transfer 1 tokens
  Sender: 7MmsGFL5AauocuLuHQLu7CspVVjpnZKewx2HfCUbveyi
  Recipient: GZ7dL3aqcVwynsidEqLTUnsHf3iK5wvNFsCEJZvoVXFe
  Recipient associated token account: 3LBCypVunc7VD22x8HwL3ktziCGnJjxPhtLRjrzaPb4C
  Funding recipient: 3LBCypVunc7VD22x8HwL3ktziCGnJjxPhtLRjrzaPb4C (0.00203928 SOL)

Signature: 2sxtD166DTpaiFLgbqz1NVPKMJChnbvgr7g7H75niTDvmpxrTf626BVj3TH4BjiZ73uKzq4qJbucSvCdC9atuc8V

Transfer 1 tokens
  Sender: 3SHCPXK9uYXBe6Qcjr61xdABWHwVVyhJsM2y1Ky6eMpa
  Recipient: 2hjCz2shN9ztMwC6WEzGPoEqrNANeuEshARBoE8JvGYL
  Recipient associated token account: Av3fK56kzE8pxsJ2hvnmurMhA4RKxr14Hjs8gGdwUs3h
  Funding recipient: Av3fK56kzE8pxsJ2hvnmurMhA4RKxr14Hjs8gGdwUs3h (0.00203928 SOL)

Signature: 3V4JBDeVxq7nxBQyqT72wqB3szDz1wMWpyRZDhvn2Fk7GpoHR1pmkJRhYBL742unWZJZduk3N774bTSXjyjujNcM

Transfer 1 tokens
  Sender: 5pRHvCArd24A8JsQNVSz9MaQ55bBS9obm1gNXvuGtuzC
  Recipient: F45YMyQyc7iG8LwJTrcSnwms5xcC4hqXg9DDWQkJwSz6
  Recipient associated token account: CmP5TmNY9QNddqDaAkik79PsBymKAmc3rxoQgmAQc543
  Funding recipient: CmP5TmNY9QNddqDaAkik79PsBymKAmc3rxoQgmAQc543 (0.00203928 SOL)

Signature: JVstti6qwLQsD1iywVyt3TitLkLUgaKJaFRGPgCMU15cxLmD4qmTPkjzSopw5iiaHC7JcRFqrDXxiEULZiHJiR9

Transfer 1 tokens
  Sender: 8X6d8BSQZ1gxAPRxCnpgBgaxn3jqtWBHafgmFdu5WNMu
  Recipient: 27tSB8zipHyQJT6KpXMVXAk9wrTK4z9wWKjhocVhKSVc
  Recipient associated token account: UTPK3e8HTezBxmC4dBjoXiK4Zf3NFVnyrxpqFTxQSq4
  Funding recipient: UTPK3e8HTezBxmC4dBjoXiK4Zf3NFVnyrxpqFTxQSq4 (0.00203928 SOL)

Signature: 3Rte6My7FpSFkjjtQscrm1ff5WDMeXpMi63vCPYohe7GVuJPfqqRikmdMU6C9pscpUFiW5DjLmYXgWw9gzyCuVsx

Transfer 1 tokens
  Sender: AES8Kg4t6VvrNc2CcpM75uxA95nzW7MY7qHFoQfQoEsj
  Recipient: DJqBpEZrZBnbTwSCxuRwsb91fpG534WmFeDJZyag4d53
  Recipient associated token account: EXc4bZmgdM53u661tU4XdQsQfijNbfGSS2aY9Lyi7e8L
  Funding recipient: EXc4bZmgdM53u661tU4XdQsQfijNbfGSS2aY9Lyi7e8L (0.00203928 SOL)

Signature: 5x8VAUiW9jHh8QSoR7XNs362ur24VHFZTey8CAb9aZNv6XmRw94ZuGjjb5hrR6PTkAqiKmuUHiFrYhqAuTMrNH7E

Transfer 1 tokens
  Sender: 2wTqXnTJqCVjgZ8jKLqfgkhvs2dao36nxULTknT7kf3D
  Recipient: GFRR2vC8z2sHDgq3ZtDtRpQt89QrSya7x2Mkr3BPepeX
  Recipient associated token account: 2fDopbvNz2YKCtPbBPro7ygtkHvwSnYob1FeyT49LhBm
  Funding recipient: 2fDopbvNz2YKCtPbBPro7ygtkHvwSnYob1FeyT49LhBm (0.00203928 SOL)

Signature: 5736E82QTgZ4wYxwm5GLwJ5Zh2Gv2XRNbpTs6P5YzvLnN1jrGENvAvFNinX6CH4ioZRdAvTZHzkw1rp7fFuoqWCM

Transfer 1 tokens
  Sender: 4hRMWKZ6u3Px5dYi7vYnYr5QvNpy67R46i4zjVs1WZ2g
  Recipient: BK8PNVo1XbKkyS3f3BHPbHDNhxKtbSadVquP9v3m5cRT
  Recipient associated token account: EviFXhP1k3vwgzPhs2FxVha9wP23C1kp6YQ1YcUXVZmo
  Funding recipient: EviFXhP1k3vwgzPhs2FxVha9wP23C1kp6YQ1YcUXVZmo (0.00203928 SOL)

Signature: 3v4H4CJ84SziqqZUVsMQ3NAzcVVBhfAM8ErVKs9iEtNtvLpjcpJUQR3GuNRVxutnpSeAwTh29Dsm3wg8K9DWfeRV

Transfer 1 tokens
  Sender: FkNMWfarFgPdFvKJJ62Laq5zcGHbz4PJfx8Te9gedgfK
  Recipient: 8dngin1RSX4oE34XehdbEs8MnDTBzZZk4ENDNgYAbvAg
  Recipient associated token account: Cu3htYZBVCx41KedkdzZAn1KQjNuNm6nNosY6JkNgvhE
  Funding recipient: Cu3htYZBVCx41KedkdzZAn1KQjNuNm6nNosY6JkNgvhE (0.00203928 SOL)

Signature: 5uLNh32gZEPBmYLDbxfTYnXGbGY2dFzRVRNeoqeR2Xfmsf5eyoboVJmn4pknriuM77q6Y1S12KYCN7JxVK8f85U3

Transfer 1 tokens
  Sender: 7kVFX71RMoDUr23ndFok5iacLA5sRGUSRr9Lv59oRBJb
  Recipient: DLbcDo43ey4NxJu8Q5T3jxdBaU8yjU8y57KJt3PVk5Za
  Recipient associated token account: 8vu4yP7W24ACnJkAecqCfSAZwPCHDY7PFDLdKQ741Juy
  Funding recipient: 8vu4yP7W24ACnJkAecqCfSAZwPCHDY7PFDLdKQ741Juy (0.00203928 SOL)

Signature: PvgRCVyAdjduSAszUV9X4zVKNDUMbhfm1Ykm7mWpcXnukpPJStahZdqKpQAaJYovLvecXsxcvKXfbnmHDqXas5J

Transfer 1 tokens
  Sender: EByJqGXvdo2wSEHnw6kJAhLiFiPXzS4o1jQ8ABAV7b3g
  Recipient: Fni7b9HLdAL1fPNHLYzQxAyZYN1y7MVKmjxhn8QnyMWH
  Recipient associated token account: 5ive7USJ7exUiAE7c8xbnYnVsmvknsVCt7Z5qqhBjgsf
  Funding recipient: 5ive7USJ7exUiAE7c8xbnYnVsmvknsVCt7Z5qqhBjgsf (0.00203928 SOL)

Signature: 42Tie4X9MTCFZr1g1nsBazq1Gw291ijqo8JavnKV7vupkewjsQQxPzP9ws9opj22rAD4XKExBywoVnYBTNTo9QdB

Transfer 1 tokens
  Sender: 4k56JmgfKN7VmvQJhnXdFj3Pd71oDxwMbhLNEG3z3d3G
  Recipient: J93Difd8Nya2C8ii3kjnbPyZEVKPTGu1KXaxe5wRghHd
  Recipient associated token account: AVNX2chPfzf4FockA4GvqynKAU9Ne5iuJVAcW5etvWmR
  Funding recipient: AVNX2chPfzf4FockA4GvqynKAU9Ne5iuJVAcW5etvWmR (0.00203928 SOL)

Signature: 3amNTkKXtBW2563jqEFozizCNqYwUYatxxn4C3GF6nRWhZVFF1JkLdcJxsxSdUhayvQMngUYhkjj86r4Lv9RAr37

Transfer 1 tokens
  Sender: Bt5g4hqGNzz3v68xFBCaPBH4SkwjfffUW8e1E9DQdsjt
  Recipient: SKULLV13rVNhZadHCZA2SMRafy6fYRvB6weKEQj3JYY
  Recipient associated token account: E38wuDL2GrqQEyJJNwNQPqWjPPtegYNLENyp8DN2KMLM
  Funding recipient: E38wuDL2GrqQEyJJNwNQPqWjPPtegYNLENyp8DN2KMLM (0.00203928 SOL)

Signature: 3jUQ88o2Q1iouVtab3FrjYonSLitoeTXX3F3HfLbigU35KfRCvFm1Vq3hAZso2k44SMpc6xVj4TZUUb5EixpKLR6

Transfer 1 tokens
  Sender: 2zW2wh7uGxPYb4QT9Ui8MZF4W5YzFDc833A8aMvpEdVX
  Recipient: 7P4Bb1pCMuYNveYhg2j445cmTRCEGp2eAAtBQUv7Jz89
  Recipient associated token account: 9hnuJFXzcr872ktn5kzLCRpmtAdPguJwbeRf8YeZKa9Y
  Funding recipient: 9hnuJFXzcr872ktn5kzLCRpmtAdPguJwbeRf8YeZKa9Y (0.00203928 SOL)

Signature: 2gPWCtJC9z9XDE3d6ivpAXQdDXzyPsyuxTfAAe6d8xUpufmPNvK9j11o6qkxdmRuggGK9wd9zryarYkKg3dCRKxT

Transfer 1 tokens
  Sender: 3LEMmGyS6S3K5pGhqqXzADKEsdRcHYLTL6JHKv1D7k8T
  Recipient: 73tF8uN3BwVzUzwETv59WNAafuEBct2zTgYbYXLggQiU
  Recipient associated token account: DQq3heJNqJt2LtwMCDekB5ceviQJbJiKXNVLtaohA1AT
  Funding recipient: DQq3heJNqJt2LtwMCDekB5ceviQJbJiKXNVLtaohA1AT (0.00203928 SOL)

Signature: CinDTheAQcoLxwFwe86jyasGZb4gmTGumjdA6DcWgndxV4x1VzUJqsicvSwoczktX4W8STtLmbwM5khJaVn6QqQ

Transfer 1 tokens
  Sender: FqWRXXimy3QcKGRi7WrazaHv8W8hfXEjVMv1GnZDKHcb
  Recipient: 3cThpUeMfAAA1g7gS9UcHmexgkEEdpEfP1Y4eej3AiYB
  Recipient associated token account: FteRw98WSJs1EVvPD6dTkKk8UpjXztPRkz43wexKi5pR
  Funding recipient: FteRw98WSJs1EVvPD6dTkKk8UpjXztPRkz43wexKi5pR (0.00203928 SOL)

Signature: 2EoxbK4BX3kMisUqZmENP1Hn9TRdVuiUinTLmh7YESA4ABYPtjMS9H4Efb5vtTjF3nLoHNxcHktwFmbYN71S2pb5

Transfer 1 tokens
  Sender: E7eSBKkyHoYCi2pDUskQgBVdskGF5Y8Bw9aRKjV5QjyF
  Recipient: EZsxgTx6JXqZS34sDynrFkKD1Q64Eve7AW8FjawFfovV
  Recipient associated token account: GjAfjRsmhxVTWNXNH4UanZkiUkMzZLrWSCS8JA2r1F7B
  Funding recipient: GjAfjRsmhxVTWNXNH4UanZkiUkMzZLrWSCS8JA2r1F7B (0.00203928 SOL)

Signature: qasoAtQrCXbbiTXyE83L2gvhL1xJUYeekZFySjwuyivweuUG2AGTpudybeaq3TNphcAwDMW9mrCfermSvFVpZNm

Transfer 1 tokens
  Sender: A2qubzie6FSB5nFyT8nobvbYuoW2ckTAEm73uu1epHPU
  Recipient: EKjWiFtfRhyguYKahovGivMPuPbAFS51Mvkowf4HvRjL
  Recipient associated token account: ALugyeUt9GnyEgJ5NNAeqEBjT5hH88RWjRraCq7gow31
  Funding recipient: ALugyeUt9GnyEgJ5NNAeqEBjT5hH88RWjRraCq7gow31 (0.00203928 SOL)

Signature: 2KbDqH2f17EigLMHKzK4RJHCnnLapcv6X1BpV49hw3ZKUaUKLNG54h292bNoPbfWpdCrtsjc6mWBV3z7Y22DxrGE

Transfer 1 tokens
  Sender: 51pVcCbBLWJFc2y77aSeQnipVsviekq87brmEB3d2WW9
  Recipient: FHDHmsEMhtjRkAfqk2zhXZ33fdx6r1waNsTKqQDNiEzo
  Recipient associated token account: Dr73DW7QqdUR3f1sdgkYvsV1bxLYi3TCVbccU7maXLjo
  Funding recipient: Dr73DW7QqdUR3f1sdgkYvsV1bxLYi3TCVbccU7maXLjo (0.00203928 SOL)

Signature: 4VJfrNTjciizYGUxh4Gu7gsYdtMhosFFEWTjeesLJPbbekLjBvB7hXd21GXPeM41vd9KfxFtwgGDfLG5sTwktwLx

Transfer 1 tokens
  Sender: 64smHhJJvGr5Jmo5vBYjpoGk9XSpzgiabHmHveABWB1B
  Recipient: 9LAogbfHVtgX2McBuVERrgyiYUijWzhCrRfMybxU39qN
  Recipient associated token account: FNNvMchQv6Ywn1r2Ja8zvY4XUm2j1fCwwRnPskjiesMR
  Funding recipient: FNNvMchQv6Ywn1r2Ja8zvY4XUm2j1fCwwRnPskjiesMR (0.00203928 SOL)

Signature: 4uzUFig5TRKP9sGnbSXL5f4daYH1E2WSG6rDiJ7z4Nd3QQ76zU69pX4ag4783BXREvys4SzseYiqtWGRubQ4CcL2

Transfer 1 tokens
  Sender: WJ5bonjD9XRQSMCWR4GxptUdmw45Prn3AkhbUcjwTMt
  Recipient: 2RP82osoJ8QKLa67eAZELWkqCJbAK6iK42E4SLytpsd8
  Recipient associated token account: 3u4f2gaKQXfrKtyybmpCchiyU94hxVqadZYNEVDgtP5c
  Funding recipient: 3u4f2gaKQXfrKtyybmpCchiyU94hxVqadZYNEVDgtP5c (0.00203928 SOL)

Signature: 5TWu15B3NERLtUksAzdWsxApVN8SirzyDdBz3XPwu2TAp2tciPYmYs6JCVmVoMcMTuc4rdY8wtnvFnQnW9L6mWiV

Transfer 1 tokens
  Sender: SAAYK9pzPubfyMYHb5TWawhjQgRVrdReiNWKoa8axnh
  Recipient: LofZprtuhVsZbJsPbzVq9TmgbYY9d2YRjNZ2ygJEbym
  Recipient associated token account: 2FZwyDi2taZgj5pvCWyk1xADUHeXvYXyUyndExtgZwWP
  Funding recipient: 2FZwyDi2taZgj5pvCWyk1xADUHeXvYXyUyndExtgZwWP (0.00203928 SOL)

Signature: Udqq8idJNehTjijr312iEKC2a5tUuzpn4HZrn5SQtye71VAUg6xjy2yLUGRDYDwHJpC99Ctak8BS5AWJXk1EDZk

Transfer 1 tokens
  Sender: 4iysnLSZbYbmUYX3CdVbG1ofwCJh4FCWRnHuBq7wag4k
  Recipient: GCMCA983N8wVuWLTEPufe7RaXendqNffFwjV64boo7HW
Transfer 1 tokens
  Sender: 3J5rfgpaQEs1d4ga244sUPHSj95b5nXSb6nRteTGVVst
  Recipient: DhW2PE17rACsMcTPvhh5p8hjJFBizTj7hVGfwKWhFQ3o
Transfer 1 tokens
  Sender: 9uMhmLrPLMj7XZhopvTrn1e6ARqvcJvx5Gns2xToFvRY
  Recipient: 4SwDAKnt1ntsUKHaaM19jaajo9jV9xcHjB6ehwTtjkEt
Transfer 1 tokens
  Sender: BgfEa71MWJgNbrRwz6zVNmrbeFPtCD3wvMSLiMfp7m2e
  Recipient: 3W6k67LN3uWouayqJ2va2tH93WDDsCnEydnzcjd41xPK
Transfer 1 tokens
  Sender: 7MmsGFL5AauocuLuHQLu7CspVVjpnZKewx2HfCUbveyi
  Recipient: GZ7dL3aqcVwynsidEqLTUnsHf3iK5wvNFsCEJZvoVXFe
Transfer 1 tokens
  Sender: 3SHCPXK9uYXBe6Qcjr61xdABWHwVVyhJsM2y1Ky6eMpa
  Recipient: 2hjCz2shN9ztMwC6WEzGPoEqrNANeuEshARBoE8JvGYL
Transfer 1 tokens
  Sender: 5pRHvCArd24A8JsQNVSz9MaQ55bBS9obm1gNXvuGtuzC
  Recipient: F45YMyQyc7iG8LwJTrcSnwms5xcC4hqXg9DDWQkJwSz6
Transfer 1 tokens
  Sender: 8X6d8BSQZ1gxAPRxCnpgBgaxn3jqtWBHafgmFdu5WNMu
  Recipient: 27tSB8zipHyQJT6KpXMVXAk9wrTK4z9wWKjhocVhKSVc
Transfer 1 tokens
  Sender: AES8Kg4t6VvrNc2CcpM75uxA95nzW7MY7qHFoQfQoEsj
  Recipient: DJqBpEZrZBnbTwSCxuRwsb91fpG534WmFeDJZyag4d53
Transfer 1 tokens
  Sender: 2wTqXnTJqCVjgZ8jKLqfgkhvs2dao36nxULTknT7kf3D
  Recipient: GFRR2vC8z2sHDgq3ZtDtRpQt89QrSya7x2Mkr3BPepeX
Transfer 1 tokens
  Sender: 4hRMWKZ6u3Px5dYi7vYnYr5QvNpy67R46i4zjVs1WZ2g
  Recipient: BK8PNVo1XbKkyS3f3BHPbHDNhxKtbSadVquP9v3m5cRT
Transfer 1 tokens
  Sender: FkNMWfarFgPdFvKJJ62Laq5zcGHbz4PJfx8Te9gedgfK
  Recipient: 8dngin1RSX4oE34XehdbEs8MnDTBzZZk4ENDNgYAbvAg
Transfer 1 tokens
  Sender: 7kVFX71RMoDUr23ndFok5iacLA5sRGUSRr9Lv59oRBJb
  Recipient: DLbcDo43ey4NxJu8Q5T3jxdBaU8yjU8y57KJt3PVk5Za
Transfer 1 tokens
  Sender: EByJqGXvdo2wSEHnw6kJAhLiFiPXzS4o1jQ8ABAV7b3g
  Recipient: Fni7b9HLdAL1fPNHLYzQxAyZYN1y7MVKmjxhn8QnyMWH
Transfer 1 tokens
  Sender: 4k56JmgfKN7VmvQJhnXdFj3Pd71oDxwMbhLNEG3z3d3G
  Recipient: J93Difd8Nya2C8ii3kjnbPyZEVKPTGu1KXaxe5wRghHd
Transfer 1 tokens
  Sender: Bt5g4hqGNzz3v68xFBCaPBH4SkwjfffUW8e1E9DQdsjt
  Recipient: SKULLV13rVNhZadHCZA2SMRafy6fYRvB6weKEQj3JYY
Transfer 1 tokens
  Sender: 2zW2wh7uGxPYb4QT9Ui8MZF4W5YzFDc833A8aMvpEdVX
  Recipient: 7P4Bb1pCMuYNveYhg2j445cmTRCEGp2eAAtBQUv7Jz89
Transfer 1 tokens
  Sender: 3LEMmGyS6S3K5pGhqqXzADKEsdRcHYLTL6JHKv1D7k8T
  Recipient: 73tF8uN3BwVzUzwETv59WNAafuEBct2zTgYbYXLggQiU
Transfer 1 tokens
  Sender: FqWRXXimy3QcKGRi7WrazaHv8W8hfXEjVMv1GnZDKHcb
  Recipient: 3cThpUeMfAAA1g7gS9UcHmexgkEEdpEfP1Y4eej3AiYB
Transfer 1 tokens
  Sender: E7eSBKkyHoYCi2pDUskQgBVdskGF5Y8Bw9aRKjV5QjyF
  Recipient: EZsxgTx6JXqZS34sDynrFkKD1Q64Eve7AW8FjawFfovV
Transfer 1 tokens
  Sender: A2qubzie6FSB5nFyT8nobvbYuoW2ckTAEm73uu1epHPU
  Recipient: EKjWiFtfRhyguYKahovGivMPuPbAFS51Mvkowf4HvRjL
Transfer 1 tokens
  Sender: 51pVcCbBLWJFc2y77aSeQnipVsviekq87brmEB3d2WW9
  Recipient: FHDHmsEMhtjRkAfqk2zhXZ33fdx6r1waNsTKqQDNiEzo
Transfer 1 tokens
  Sender: 64smHhJJvGr5Jmo5vBYjpoGk9XSpzgiabHmHveABWB1B
  Recipient: 9LAogbfHVtgX2McBuVERrgyiYUijWzhCrRfMybxU39qN
Transfer 1 tokens
  Sender: WJ5bonjD9XRQSMCWR4GxptUdmw45Prn3AkhbUcjwTMt
  Recipient: 2RP82osoJ8QKLa67eAZELWkqCJbAK6iK42E4SLytpsd8
Transfer 1 tokens
  Sender: SAAYK9pzPubfyMYHb5TWawhjQgRVrdReiNWKoa8axnh
  Recipient: LofZprtuhVsZbJsPbzVq9TmgbYY9d2YRjNZ2ygJEbym
