HyJGn2q8vgYCH6urPsQXwxu6W5DqecVvBNTMU5RnnWrW
EZoXYXVkRZVKuryGLRCXhnhykHgouKYKoxpoQHd9MQT9
GzjpZ3LMWMMcvuAHUWT6tPnaHBVNpYQL6AufGqHmGndW
AMrDYQ13AX88WCB7puwTVu6BEbg6rfFd2FYSNP8NhX6m
91briqxf1kWBeVfqGvcytwm2omo6CEDCpeSF6NwFx2w8
rMjHEPkW7J1PF6Vu1ztdvRofKNWaP3yoSAXbkNdY6ML
5EhvzizkQZW3ADDc59jyVqHdEKgb3u1AiAuCFJLwvYdj
Pww1ohVqQrmaHKPeYwaVT5pxhQxJex3vhM4M5ocsLUu
AE3SPA3rjyzxQF7nZTdnev1Uy7rqJxZLqXQLzCkti3qE
9axor341ocvRehGBuiiE5Dq8T5HhuoCgaNXdBhELhiPp
2vhNMJt9fhQs7f9YQubaS1MpCuUdx9o8zTwqxzkfcLof
GUD2WPQ64wBbYGcGAXjsSD53S66HoKHjKmgz5kM6V17f
4xJPxsrrvBoo1nqSHL1M9VknyEf7sKiCyybkRdttHRk8
BBcnpuGSbDbMhZHugVRhURmfdFWkieXskLyHvqcFMsbT
9ymwqm6YBPkvFdHG6roafpS3scTPTrC4GYCot1hMv1ye
XGFZk186maEp6FtE2YMHNXiY2c9kTkUu88ofnnBm94j
8LWMNNGMo7FgZwbpzRnBJ6g7AqTjn9TFbBs3rMANYXWT
Hofab1sc8BVC5LwPZeRqbdniBm5ypX3kWjeRUQKTXd9h
4cKqqwoADnQVUAapaq1CrCwpBwbvCSohZPzB8aHooJjk
BBcnpuGSbDbMhZHugVRhURmfdFWkieXskLyHvqcFMsbT
BcwzmAJunqVo7M9PHuUn3srQJX73bd9xr5fJseCDGAZm
BBcnpuGSbDbMhZHugVRhURmfdFWkieXskLyHvqcFMsbT
ANku3SWp9vX8bHfQEKnjnw29t5HGkxA4fMXxzcERQDgu
47ZJRamq2rvTVxcFQFs2499ixJcmSXCKgb5FRnifYNsK
E4nDoRPHAJki7vcpExGKqMA925L1WBZD7Ap6rQkvNKFL
7o4NoA1g1asZzi8D4fRPjVuDR6YkKGhLRwVbEFfmRWX7
HuKHH58Y6ZoRnJMmvcoFKuH9iWpDGHXMQoNAc27oSR8k
5MsjUXsLZssXKgCS11uMRWB98kYJnp3261tV9iNg3i47
8Nh6zfuhe5Ru4b6LybTh1HHmpgyVZrCQcZv58B6ofdi7
97xAKp8FjyXkiYqTtYWN9ArD7KxTevzaCAo7VCcwLAsK
SDKSoFaazRpPZumPvnKCweaPmJnsf51wwS5956KEJWJ
Cm8cYtgtfyULCzisqUnMg68aqqi12PGZScouQfJRfrG3
3QTRD2FfM2niZmZH1SxS6iJCRFY84DTq599gzengTtxQ
51oET2dy4vCmZ1JMGYR9hbsvsLng1vcLD6z2AZp1uq1j
F4XZQ9KqoHx2cGYjrJb5HMPp2i9TVRZZ8cxcmjGonxkm
6NqrTWh5B1cDprwcU8RXyThc96Cjyy2VpCPpk6wRxdpM
9KJbbRm5qjnWBNZNv3Mhk2hEFqqDAYcCHuUPxnG7W64g
GNisgcTZZ2WS5PFAEkVUbFso3wNe22cjhmZiEjGcqeHD
7P4Bb1pCMuYNveYhg2j445cmTRCEGp2eAAtBQUv7Jz89
Hj8r2JfHZTJPqQuz3GWCiu8sgAnYEj24f3eaJQhRerUf
AeHmkgcz9dGs2sXrjEMrAcDaktUJyVTKknG3CQ9jKRyn
BKZS9ci2HFDA72Wp3rPr9Tc8kTcKwLrBboNn1XdGpMFh
AEUto3eFWHLAmmVRq3Vo2fmHXwte525jQGG6D7pN4RRd
CdXU3s7AFPSoqAdSq4fTXsDeTvgeiVv61kgSYDLDL2DF
5nH4SNp9Hhigqmjd8spT6UyLKN8okssmWJ48uCGfWf3J
AEUto3eFWHLAmmVRq3Vo2fmHXwte525jQGG6D7pN4RRd
CUaSvR8G2LbutxGJMnW2vT74Yo568S1oUcjSDP57SajP
5STHcP4eV5wAicLG7Do4utEFjaELpBdS7iBJ1wsXF2uF
BJSXGMEpffDq9sVJm7Kj2qEw7aTJy2mQB31DfkKvAnpP
9v9D9kvePLBANY4Zx2PUzn75dHuQMMMcs7mZLYy3gMaF
9T5HG9sttFQ1wfdgSHR81mWuHtMDEc8UN1g1zEPKENDy
ELpYW4Wi7d3naA8KZJmBS5CumoGA7gu6hXhJacSRYasw
7cHn2hiG1vR3J8YA1TbrpnXvNkjwWmgPT2T9C8QnHoqv
rMjHEPkW7J1PF6Vu1ztdvRofKNWaP3yoSAXbkNdY6ML
Bhexjg8vWtuH77iMsQstr8DPsuk85JnU944ivVA1MmxF
97xAKp8FjyXkiYqTtYWN9ArD7KxTevzaCAo7VCcwLAsK
CY7u6f6TG8qPFxnng7LWAFHDF7zJX4jCBXiQLzgr3omR
4H389fKsqzX1vHGDrtWDLUKLkcmMi4aJsA7srHwZto5r
BzNBbPBGkEa1qEcgBvgjkq9vHEXtqeQypxep8Vjrfnhx
96AKYCB8KZLEKkA3uHw1GpfjZsmwyFT1CXfH9sKz5LrW
4QACNpjjsP8HjsGNsRVkz8jCZzEF7WGZ9FSHoRNLoesK
4CVLbLUcNUdoXkb7GhEJmoPgiiv7G6fistNWu4Rx6T9L
2hTKwWfV2PxwKZABjcLeUyxGLsitt34DEbchJ88fwifT
Bb1PqVKh1TJL3FfLaxVrpcGopuXrUA3NpfNFv7VQSsn6
51oET2dy4vCmZ1JMGYR9hbsvsLng1vcLD6z2AZp1uq1j
9nF2vqusHupTTNgw3quL4f3jorvPdJ8VBPv3Uw1xt3Mv
6dWYKwXPMgr9dbsWsE8FgsTHgHudFaF8vvaQTvYcHnn7
DWaAVXvNg9NcNUPLCwRbAhc8NVmFzSLPQCFuwkxgp9Tk
2vZMdHgryKfFtRm5sDnY11FkF2SrWx2QS7MVSXZmTajF
9cQepRHEXLZC2F2ncuK9HY6b228dQ7HNCuxZatWZXsNe
73tF8uN3BwVzUzwETv59WNAafuEBct2zTgYbYXLggQiU
FDJT2n4m69HcXXcFZ8ZVa1AMNpsQCq5QjUJDw49Bx4Ch
5NeRMVmKVGEzsKS3MqiVS9iJb54hxGVNs96eAhz3afH3
r1QHFARyygf2xA8mTDekHmugyL9MiLfAYGwwuATRJuj
Fp7xAEnF9rAyoPeAJi56raDuANcBr3htaaMSDjej6ocD
Cm8cYtgtfyULCzisqUnMg68aqqi12PGZScouQfJRfrG3
D46WdsQJHPbYxdMQJhkFf2AnqHSj9c3rQo2nKRQ2G1gE
H6ewEQKqUYhPFNBUBjKugH6MNgBzWFoJ1U5fiVvyHDnv
8kX16Yj2WBCz1sPXcimafGrutQkw3s3Swe9sR3gt3cC2
ARhSfmS1cmLMtz7fEDPsxMFbJnoUQp1ehn2ZGd4T88a2
DD14d6GeuU7FBN5c9WmgYkFzPsgRxBhtkQpYEPbLzTUF
6nu8on7AWPsW9PPZE7ULqcqA2keM6gPH5u8zEy132jd4
FHoe16tCF1QuyVKJkPeHiDbB5DNZHpgYewb2w1Ha81NY
FMpyNybU9kdX17qsiprVSDJYPM4XmZMgVDx5dhhJeMio
Ci1Yh26YpzkLQvnbgh6H3fDmuwyj5GaxcJBLNNMocmy4
5eBNi2JRMNzuusF3w1ELi5GWWUxRPZBnp1ZQs7hRqkbB
7mC95PfeHRNvgQh9hCByoNi3kzx5oRx3QjbdyrtvjiPV
2tn4ToRyMT8Mnh29AHcrixZr8GmDBUjBcSqpYdEuWoAU
AM5mu6p1LhL2VdHx55NK7HKycahcvL5nYWMWsSQCbxkQ
9X7kSbT9Wuu32C9nzyGbsvYt7EqGbRMgwWhBCBAMwfYF
7EtUMtEpedsvMHBAhLgwxxgcPJZB94T2cwHxaemWmy3S
9v9D9kvePLBANY4Zx2PUzn75dHuQMMMcs7mZLYy3gMaF
4SwDAKnt1ntsUKHaaM19jaajo9jV9xcHjB6ehwTtjkEt
5ssu1FQCAxLQZUbSnFXAuPn2eDaZBTWkc5QBChh2yxAa
B2xHAEupwfcGLvmrJZmrsAFdC4qoQRpoExjn9uZbDZyH
4iAiTV3YEZeJFt6Mno67ZWSDZmMSb3yRyScccySmhs18
4cKqqwoADnQVUAapaq1CrCwpBwbvCSohZPzB8aHooJjk
3M8scJMMYJ3ngC9dNwgeJ4jYQ3FzUMdQYRNbp79txnS7
664JR3KZ3WSPeufnsypjNnHGJZ765HuwvHXzAwVqBRzE
AzLdjL7BWUVEGKqLFYspScK3j5XFZGU2kGsmWHhLBSzS
9v9D9kvePLBANY4Zx2PUzn75dHuQMMMcs7mZLYy3gMaF
6Aa81K2N1ioXFSXcGrQ4WvogXNZtrkiqokwzoB3Pu1on
DjDHfwShdrvgVJHoPeGX3a96aWrArhYPpgJvg39QmHJ7
6sVaWY7qmmNkwtpfoadn6EaHnP6cXsNH5uZisSQ3bENG
9KJbbRm5qjnWBNZNv3Mhk2hEFqqDAYcCHuUPxnG7W64g
95xfF9j7hA5megc7Qg8DGa3zTjhaTkoqWaPHSq1mFCz7
4aMSBRaCsa64CPQiruDrmESqTNXJzs7PLeaF7XWNVvL8
BParwtMqeWkzpe3P2Q7CiUXUgZdbfMPnCwQJ91rzo1Lj
CUEkEnnM3aSYrPa7bC9MZueRbhMWRrbQFsdosHs8G969
FkpXJGKWbnWNjgnguzcnpqjtRJFK4U1u3QN1XeRufKAT
E3uCNxXMRHD2ayCY48Kafwy55443r3p1EijT92ug26yd
