Transfer 1 tokens
  Sender: 9F368ExqHdrZyHAXviuXmfUBj2PHF8Qohc5CigUDGHSX
  Recipient: E8pAWPsMpvuvxU6pqJqrq7yip7n6VgzpAcpdqbzcV8Nw
  Recipient associated token account: 5traEkAnb4XHTphJ2fChFNzSjE67mPrwWB9aWGH2k76E
  Funding recipient: 5traEkAnb4XHTphJ2fChFNzSjE67mPrwWB9aWGH2k76E (0.00203928 SOL)

Signature: 3q1dLVsKbgZuUouKNZFPwh76MV9h3Lkw2w4oQ1x5ihx6gHFwdwH8iBXSaopWQ1DKsjiHNU1uCpgtoUPbgzJNcTKk

Transfer 1 tokens
  Sender: Bd4CbPM4rWshx4ZsNHTK2Re3gQGk7AUn7mit9DEVXj8G
  Recipient: 3zAH8eadJGKMdGzap4tgEGvonS6oZScPdyU1bto2ummk
  Recipient associated token account: 4Qax5AAcyKuXj3omjS2SsvJZPeRDywhF63MBsLXnSM1b
  Funding recipient: 4Qax5AAcyKuXj3omjS2SsvJZPeRDywhF63MBsLXnSM1b (0.00203928 SOL)

Signature: 5qVv4yGCRRym3Hpz9U3hEWWBnyJ8MKvfh3g6JpHq88nQbxGTC4toFkYqFpWWHRwqVG82bG3oNpDeyUSuaRF2mFXF

Transfer 1 tokens
  Sender: HCqfRNq6qLsuq8bCn6cu6DS1sTRnvTEAzuvRJT6WkVxc
  Recipient: bae93fAqQRbzRBwLnC5ZeDt3j5uX23nD62B3pwvpgXB
  Recipient associated token account: 59unwX3y9xA5gGojY5NqvatsNpwnDgUC1jeUJp3kuoGF
  Funding recipient: 59unwX3y9xA5gGojY5NqvatsNpwnDgUC1jeUJp3kuoGF (0.00203928 SOL)

Signature: 53qsf3RmqDajVjBwwgm3HiFv8Uah1K3p4apySbk1nWb2mvNxSAhfBdZuMrqGycm9CGwgkicP8jEFj2co9RvJbyMU

Transfer 1 tokens
  Sender: F865fiosf4nwpssAT5hWB65NBUoQrx9SpghkuJNJx9Xu
  Recipient: 97xAKp8FjyXkiYqTtYWN9ArD7KxTevzaCAo7VCcwLAsK
  Recipient associated token account: 3om5qG1Cf82uWjMkK1Y5K9a2iBcsnADXLDTVCiAFXLcq
  Funding recipient: 3om5qG1Cf82uWjMkK1Y5K9a2iBcsnADXLDTVCiAFXLcq (0.00203928 SOL)

Signature: 5AQfGTZvqhMPJ9ufPeoYeY42wQUbACRYFeJZc27v4aJWDtCETo3tyiLvFuWNqrc1ePjEq1rca66BCqE7SZkJKTvV

Transfer 1 tokens
  Sender: 3f8eGZ2D4uKhRY2YRcFw1XMsmhgmyRsaHWcPUBmcPVSu
  Recipient: Mxe7R36xxFThVHvPGvgYPSpsiEnCByQQ2dUfvaq67di
  Recipient associated token account: J972yhQ4Vo5bHKjCeohmrQj41gUuNVuPVNuTZVeXhKG4
  Funding recipient: J972yhQ4Vo5bHKjCeohmrQj41gUuNVuPVNuTZVeXhKG4 (0.00203928 SOL)

Signature: 3y424TTRquWTKCa4JgVp3oC8dHywwWgtW4sYbg5phkGtJ8mioDtxAqL36GEdbqinhJyx9egr4DT18MpiHCfFDy4z

Transfer 1 tokens
  Sender: 9F368ExqHdrZyHAXviuXmfUBj2PHF8Qohc5CigUDGHSX
  Recipient: E8pAWPsMpvuvxU6pqJqrq7yip7n6VgzpAcpdqbzcV8Nw
Transfer 1 tokens
  Sender: Bd4CbPM4rWshx4ZsNHTK2Re3gQGk7AUn7mit9DEVXj8G
  Recipient: 3zAH8eadJGKMdGzap4tgEGvonS6oZScPdyU1bto2ummk
Transfer 1 tokens
  Sender: HCqfRNq6qLsuq8bCn6cu6DS1sTRnvTEAzuvRJT6WkVxc
  Recipient: bae93fAqQRbzRBwLnC5ZeDt3j5uX23nD62B3pwvpgXB
Transfer 1 tokens
  Sender: F865fiosf4nwpssAT5hWB65NBUoQrx9SpghkuJNJx9Xu
  Recipient: 97xAKp8FjyXkiYqTtYWN9ArD7KxTevzaCAo7VCcwLAsK
Transfer 1 tokens
  Sender: 3f8eGZ2D4uKhRY2YRcFw1XMsmhgmyRsaHWcPUBmcPVSu
  Recipient: Mxe7R36xxFThVHvPGvgYPSpsiEnCByQQ2dUfvaq67di
