C4HHmTB1N3KUqiJjR9ypgGWeKnP4mVSwVjHYB89CDuMc
HkxJXNjMKNr6XRNEHgiLiRjApeTyRDubMSHTdm4ZeBVz
Cf4pZaok9wdfp8qTT3RiQZvJE5t638oeQPVekwEJyYrX
CsF45Cg39iwxvwG6ts3XQDqrRYa29vzW9vJKroHQgSvS
L7vksHGNsmuNi2yuAz6MVyczJhDBLX1VhmGcZ4EQtiP
AsxYivuyVu6znDgnwenpLSLvkZDua4mGKxTvM2JgoeDU
CWiXLx6juMmaq33BPXGJ1k2DPqzfDyCQWoAsUUe83CqP
7P4Bb1pCMuYNveYhg2j445cmTRCEGp2eAAtBQUv7Jz89
GChoRaGhcY1EPPaqoZ57TcpmBD1ECoGPxqkPE8zg9DSX
88BZsUYzV1sg1KFsEH4vEyMTNifgo6MGGbUxiS7ci9Q8
Y1iUozoALJ7qc3kmJCCCdoNBHnp345TnPyBRfVHBeme
24iifBd4cBp6tEhYNZvPvdUsCuhmrSXXauQxrumEz4y4
5sQ7hzMpqscY1JYkzHdf9kPwY1xGPoJ88kLoVqb6V9ss
CHGNpSUP1m3jj4RdteBDt4H7fbw8UGCkVDLH6tFu3Q3H
6ykYU3fWNQnoNunJKDLSVSZWCMPoajoE8EVNzKCYs9qT
9HCTmKdCAy7FAedf4ckhY7zpyPDrPs67FpRjDEzpQxDj
6zWDCKJMWTGmpiJB8QTiWbXEhyp9beibaWAvZMdFdv6S
A1uEtUZUMJ2ZeMX4PTePcAmFN4neXhmxA7SpmrV23vu5
GP5wZ1hEfpD9TxhZzPGQVWSS6VVBaGY7J6dt8KeQuPxv
ECWyZYdWSWdJj8dkBZhRQDj3gahyCyY9m6JW5kWVqvH
DVSaF44DrAeoXoQTCwQxFF5rFuZ7atWN2puYybj9HSrd
HztqUciz9TKPs8jV4R7HHn6kXfpYYmz9VVfLJ3vCV5v
73tF8uN3BwVzUzwETv59WNAafuEBct2zTgYbYXLggQiU
36NvFFD7C1tK3mB4usBumjy4eb8AgVRVakEZGidbrxD4
4cKqqwoADnQVUAapaq1CrCwpBwbvCSohZPzB8aHooJjk
F15rzk8R8DHeskM1CFsuDKQidbK3yCEE5fSyd3upevze
EADTDauS15A4wdoH74pLMmBT7rbfCUDpjRt2MiKL69RG
D19N9udTVk5VujnBcmki6DTQMnRJCcZYs6yB5w3zk9HS
5nH4SNp9Hhigqmjd8spT6UyLKN8okssmWJ48uCGfWf3J
HiUjBgoomN7PgCZFPdM4KC8aKAFfsraRpTjNKnf8jxww
6VGcEyf7x5PFBpUMKTH8cEnCmQ97FBuxjAh37GjXefPN
HETwNvvgsoVSUrJ2nYdBbHuZ98PXESq7qujhg6Zz8VGH
FxH75gveqRNXJnsa2fN1GtTMiGjP1JxCRnUPU1d84Fvs
APyRC1YdA9HQxXnGkLr59ZERPXxVW1s1fG42UkPHF7Zh
CYVikdfqKK1SmPasR93k1p6CntrmqGW4YcoSYQQ2TeVp
rLZStBnnZDnRV3z1oEkBb7KuhQGp8KxAe5oi8L9cTcx
54ZUQsgXKSHBRdWLXu2GfXgLPQtrcD1vn9ku8aFw38pK
93JcD52gQgTkGqADLhEo1E2vbqDkwXmuMGuz6bLh5hVa
6kYgjyCcNTh2U6D5E71uDtPozkfBszCvPTJSZvBaYMUE
DDhLp8jt7sSDQNyRYpGTAtLu3DqEnMz4yTAkRdXXGfUE
Bg5J6ogzzRzUpJDd3KwEfHEnFwzUQTVciGMxrWWFfuAq
Derkcu2xWJXhSATnRCLy4XozfoRDZysycuL5B49VQ5fB
B5wGRziAmbZ6NMGwatX7s3rp9tWzDL3fEJojQwh1JREe
6MS5NwY2eaAQ6XNbnrpUJXQEWTNC1Co42VJmT2GA41mp
Gxz2nMRET5cLmmYo8egq9scNrwYiPPDPnorsNYGWHedU
Cj3hddF9BiUu3nKRkSqgtLK4HNPF1wELU4UqhiLtgLL2
EWC6ESChdBqExhp96XPMLXR65pXP6Ftuh1pPAVws4pmk
9dFNNcoMyzAJwFBz9mX7MHSbiSqSX69XZ4wNPP8FdUQJ
kbtxDFxdfY4NxQ9kNAuXFJ2GuAZE95dCXQw7yeb9q11
8XW5X7k4bU1fZzCVGPVnyVRv6iqwXqG284DnBpszAiuM
ADLmjzGS7HhEeSkjLmw6af42dqA3YXHdYqvwTxV9XBGP
EzPQYJfcoTqvS4oUYnyd7SzSyjJg9nbvH8SEkLp1fKVr
7iGCFYLUJczcHwpUnCCK5QFBCvYwznnj82RoYQQnWu6d
5qLUQwffcHESZuVwjDYfzj7YHbZfhGeeTSiwF2aqEETf
BPuNcEh3NoxAL4UrTWBjKbA123FvsfzV1KJb3JqTuuN6
BVFTQzEas8kMPkcugksaTTuLnQJ8ESxtLryk4ngdyvjU
9V4i8VdxEHgjQFEKdXT3N4nFKRtNtkKCzd17SjxVWLSo
EEUHeJFM6mUeN44v3kpepHXXBcGY8xV38TjTNxHEt76U
94UHpi9NnLjrnhGqzmE5dA7dSvgMewUjxorwzf2wJ6DV
7uPi6DYjLyBRAMtuyk442gnq6pXMppuxSkj4AiP25MW1
B76uAwAahbFu6Ymfg2naf2aZstzTU8kMgFKhFUMubuqT
BSJrzadoQ2gqLwwHbGjDrU9WcKCxFVvbmnPcTHn8TNLQ
FdvMXoYeqtGkGHhQyztVFQMTRAP3oiQkLjVSFe17RWa
3eiNNyffVEpmdn97KLaJArKz829N7CMt1GHCPd8uftCi
2mSEEsrV1sQ82J1PztWQJ66GJzy5NeSDuFBozNeBqAqp
AbgicEN3npoAGUvZCJWpkLkniVxnEdcsFnTHCcmhfUKF
NY6GuYhLADqWuYnJ8Mp7FZrhyPzHH4BX2wmxBCFhPkX
51oET2dy4vCmZ1JMGYR9hbsvsLng1vcLD6z2AZp1uq1j
5sQ7hzMpqscY1JYkzHdf9kPwY1xGPoJ88kLoVqb6V9ss
5awsmonFXxL4xCNQTYVgw8zGWXEzAcoTbirxYEYqxwh3
GZbQmKYYzwjP3nbdqRWPLn98ipAni9w5eXMGp7bmZbGB
CvTZWe3SSDMks5rmG1wPA91mxba8FLw4pfm2H2YQAkgm
5PWiwuJicwtDf6VMAW3DwMykjHhbEi2wBkHy5pS3UAfD
ExHjH7nZufPmsbTZc1n9R1iWMGJPDaJTeDv3PA75iunH
BEv2CyGCrqdViM17WKqTmnseHoPuAyspHGbTYN7AwxY1
J1jxhJwnZ9EbgCmTqtgnr5YcQA5ZxuwkarvR8MJFSoE9
65LUFTS37ZNHvDjSXsqQ3JgSGvQSRxv6zkFqKKs85V7c
DHZnzDYatVKxYhL7riFYVAoHpf9RDFoHHTb2a5X9Hn87
3PJUJ9Jn1dL35cvc8tHq5XWNeeSN3R9HfLRapmdEwNCb
AEUto3eFWHLAmmVRq3Vo2fmHXwte525jQGG6D7pN4RRd
AsVDkXYh1HPRxJwpp671WVzM9GWffQPXteeoRrCibh4u
BU9GQbSnXQcF59sm5VW5vM4QP138cM6s2vV4p4HhrDjY
6dWYKwXPMgr9dbsWsE8FgsTHgHudFaF8vvaQTvYcHnn7
GD9Dx84Rzr6qLJKoZqQFZn2Yzf1NyPFbQeSRZqU56f8z
9iQPg1TEZbBMquLEzFeGp5KCwVx3GPxMDvKBwX3nHRhs
84tYj5QuBQNDVsFXiEPMZddVTtAspbAJ8oRbXsLwoS8x
7sRAajpNsMhvzyhBut8vX3XgmeQMRcKKX4LqhAvFpg4w
AzmgakTxLAutgbcNkxi3S4M6MvuZvwcrzMc43ErMFk4h
2v3WPU4g26Uor34kTbXtshNqu8WR9WBDhAzM5t8pYRYV
EkrPmifHXbGk7PLeReSgGieStGYrU1KJQudkdvVkFgFD
8BZiPqhVHcQRUi9ik4ToqZ83wc5bRovucP44ajwLSiha
Cm8cYtgtfyULCzisqUnMg68aqqi12PGZScouQfJRfrG3
51oET2dy4vCmZ1JMGYR9hbsvsLng1vcLD6z2AZp1uq1j
5g9P9YJNPxRMTZtWTPyRkUmdvaVae4MVjhr1ZHmHYbRH
GWoFiTkmgkdUxvRNZ8kMGVxUctDabMNYZ4ztFnQokBrH
AzmgakTxLAutgbcNkxi3S4M6MvuZvwcrzMc43ErMFk4h
4sa6jkCjNLfpCFa9fTmpHnMRWfQrHvsHiYf2xS5HKyrB
G3HF6iRqzaztLiGg63JjiqJSrgoFBNQC4M9QfPDy7Bss
6SHRL5r8BBeJFVcg8Y5u2VRvEaYYweSnYtNLjb1N48qw
51oET2dy4vCmZ1JMGYR9hbsvsLng1vcLD6z2AZp1uq1j
Gy3kEJ5jeyFPMPpCuuJivAR3gbPLmsBHU8bE1XVQMc6T
D1B5VVSLpPUhDow1SCSgX4TG2nqytASTtQ9U6KY4NFFs
A4jR8ZNLjEZfMV3jWcL6y271Vty8ywQSCPSsjPoqrHUx
34RGNCCxEj3bE5NdoRCevxsFyFtmwAGjctFkr8rqtMof
Gps3Cj9nsku3sWKaa2pvkEMXaMkp1WTby6WUyxWwVbm4
FgKev1SSzvmVNPwg8QMTPLFqXaKthfejPw9sajPKuA1M
8utkbdcWfrR2ZePv3n2y6Lzw9yEeJamZk1rVhrAHCZNp
7mC95PfeHRNvgQh9hCByoNi3kzx5oRx3QjbdyrtvjiPV
F2xjrioRdEa5jx9uY2vgVEoyS8cNZ1crpRBK4rQh1tjR
73tF8uN3BwVzUzwETv59WNAafuEBct2zTgYbYXLggQiU
5wpT5MyF9jTHYWWtXrhot1XcCr3RAAQbwLeKnDTBZHYL
AgPhAsvcwPfT8bcAQxfyvymHdS9enkCzHDZP67ihS5YM
7GetnmM4kAtyjT2aumAcPsHcJs2hfNmMQWoAW9NqpAZt
oBMKGFMpfbHETVBLjuBUeZt3qeEHH9sb4vL9ave2iqM
7N4j24qzrA5DfDq5ua4RhYN8J3yCyAJhpEMitD6zJajZ
8kX16Yj2WBCz1sPXcimafGrutQkw3s3Swe9sR3gt3cC2
Goxdxssq5wh3uVEKgupfLZmzukLQVHn6nynD4dZ6p1uF
nDTVFxnoYQ8F8rXDYGXbxUgeoku8K2Ez1Ga2jsJtjc1
GRKqLdY4K4VhQC79Sa6EeNpSKchuXGKkZELPAUtg5UiU
AsxYivuyVu6znDgnwenpLSLvkZDua4mGKxTvM2JgoeDU
D7FG3Usyvwh2t5Dytrpfbh2nZwLY7RgMyAS19TDXCzMd
mMBkKDM9e5yk9wMcQAkFhCy17Zyd7MLUz48ehtqjWPW
kbtxDFxdfY4NxQ9kNAuXFJ2GuAZE95dCXQw7yeb9q11
9mDT5a5L4kufHPDavPnSN8y8iuRZQW4nSAAoZzGAVEtG
8WYRXiQXQSoAMw8A25HuTiTmkg2Ax5YTaBxmHZk6s5LY
78EX5HmkxqSgNY9Yw15mXVFUxptoJbM2tg2zq27g8Npy
4SwDAKnt1ntsUKHaaM19jaajo9jV9xcHjB6ehwTtjkEt
BepkyYLmGjCpQC1KYdV3XzkSmTsfx4qrnrzyQrY62zfq
APuxQgMLdP8pZk2VzsppV9eUD4aQMmsCieWVyU75LSgn
AgPhAsvcwPfT8bcAQxfyvymHdS9enkCzHDZP67ihS5YM
6CfjjT5Cyy2RNgn3wiGSuU1Q2VhrvHo9DxbMPwotzeUo
vqk4rNkuaHbPHqCEf58R1na7QR7VFsZeYVqwxATJpRx
51oET2dy4vCmZ1JMGYR9hbsvsLng1vcLD6z2AZp1uq1j
CzGDc8WksVkKyYWBaWX1CEAaadFjSt43saCdxA8voBPS
Qc5SZNSRdXfVxbheZgz4FkfRH47UcYrv39adXhYcLb3
5bLozdt36jRhXhLNTjf9zGy2q816ECWpZg5S1shaLqVK
CDLQdm5Y6N9z75vEBv9Tyhguic9gFhJUV7nB3jnJNxAm
34YsPVjERhtDyXnGFWRyqrwxCpGZvVRkG8SQrR4P7QLH
Ds71T9MhUu4DB3DPM2YigYtiTqTPD75DnevgoBfgQQUY
55YfFvwjg3A86gqMZ2vAie5eJYjbA9Xg2vqprnh4gYwg
aB46Fxk2SNZfw9EcXozb4ZntZNytP7Nwcvua93FrA18
AEUto3eFWHLAmmVRq3Vo2fmHXwte525jQGG6D7pN4RRd
2n5PbADyQXeCMztD5wnZjF3Nn2w8PmCmqSQ68TT6Q6KX
4Qwx759HPBVsJpFNrHugRDp42UZheG3bhisAKmRmvvJK
51oET2dy4vCmZ1JMGYR9hbsvsLng1vcLD6z2AZp1uq1j
BBcnpuGSbDbMhZHugVRhURmfdFWkieXskLyHvqcFMsbT
FSVxZGe2J6Kr92xdQYpP74dxd4uT5Yhbq6s7SPxJF31d
5C9tu7uVVvPj7ji9K8hDSNsYSpc5cLgbP3W1QxfW9n6U
wcZ2YR7AiV8pAYX5SodantLCAy1MjP7hKHZzzAqMiZC
QLcaPJEs5KtnHCfPUwQTAEbpKPRj1NkybpRiVNGZXXV
