mzDmH3EwoFLgGj6yJbD2ocZYJG4tpJZeb5CnczoCzGz
HKWcJxoQxQA6YRVwHiJf9mPum2Z4XL5S83oj1twWoMaH
AiAx43NR4EUnVZ9YDLdagYEw4Ceeqf4G1CW11qxBif4p
56EC7RvuTzEncmDYmFpr91ZhPJEXaHBPWLRdzPqH2WW9
F3Wz5WvAsdpZUGqpRxTdyyvcioReTx1tvRZynaj7ZNgs
2VeDsxKvo4qbM44TALyBW937yttRNnoznLQAcPq5U3CV
9ho52utaZmhNQWYDfJBMQUQjgxTYQXwhoeikqxPfNDJr
B2EUxFgtCrm233eBGjQjem6673owoop1YehSdkbfjeFo
EJkMkLY9yszuENbHuKgRcv1rekZZsMSBRmYGB7ACdGhQ
HuqtRFGsdrSncZ34Xg8mU1C2JZ3aaSJY62zJV1iVD8mS
5id3W8igKXsGuDYUsRpYKNK2rNvTQLrSNaZ4SQCmQgJs
HPTvgKWdjB98ioMcDLA61LqiYCAGFQFBCpauq6TucJwe
Q3grGmES8vPyYqKrt59SqZB9ZRyJPk1udjo1pikriqC
F3obsDdu8XU6MiNHgZ7xbS7pi3YGnKVm7Bz6xgxG1uU6
B3ecrzMbNvysXEmF6qLcYgrJ86q2ggQ3K6gngZyZWKx5
4QMfSULN4HcPMREEzovswaspA5MXaL9Xk3z7vBMFPiF3
hWY2fWeHimKH7hSQssED1Epqi7WcAEmhUbE5YrCpERo
8E5qnTPnz4P9B4fWCe9Wod2ogyMFs6v2oT17Vo6F94TN
CY7g6bKT2vifWEtrtb1pu44ieh9WK1bb4oq26oKs5Vet
AbaMDRrRgFgHyiNtteGaDv3u79w4m5WSjHmW1NpAntcN
AHDy6Gp1NjqFm41cPzViPCBDB8JaK83wu7NmteANfkdj
GH8J6BUBUDx1UKZmwhkDSQmMEgf2HYZLap1RtfhsT44
GC8Je7aM1sswkqE7LjV4gERMQAmA5FM4Zh2b3rbAsJ85
FPUMbAzpZKHWbjtQ4zcG7ihp23HxAkU8vTiXz5u7f5RZ
5Ji3yqy8cs2s1yAA2HZ6ky3hms7q57aGCGkNMDc57nmy
2spAmFnuJHYjNRizDzHUDToR99eRPkSe9FQeC5C6fshP
J4vUbvWkoaqx1csVmHBfh5fwyVecjFmSBASBogvNwha3
VHQjoY9MbbDkT7GgHz58CB8EX1u2aHize3zTZ1sSbRA
B7AsLCRexzkFh8RzyKtvEAL1oHtH2qf2dtnjbJgRpR19
FBqv38UUuE9CebFWTPhrU829yBjEtjGdZeaxFserXDmP
5acAsmhCLFJxC4LzhL1wxQdRLZrtahhh13X85WM67Dim
GUZBcPnWFSDqoAerTHHyRxDw6oynbCv5W2jh6DkLqGs8
3Wrh9yT4borG9mEECGrmR5HLingAaXE1tW1Xogug2AKS
FV7Ncvs8JvnDkWginXRnRbEErDVPdGyhh43auwwmagjX
GTTGTDWXSN4h4ozE8RSn92DX6PEf8RRCvf62fsEP2T3s
25kPfRRgF1WN8G1k7KBAiLabWEzWRHhdJYaHwe3HzPW9
9bzpvG7oxDuzrFmur51AS8cRi8TkYFsnUZSFGpEicFb8
8Q8aKj1MW1SaH4AwzBevCfNs6h4cGsrm3nMy6hjbtPtp
ACMq8RKWwgjJueb5qX4r8MimsbSkrtGNJjKBgQhwtkfj
G7shXMuUFgiJSRcR4qf56G4jFzddzKnkJfpgEhNTUe1J
3SLAbxX1vNexdAiwsyLmrhhvXtTfV1bK2M9jJBMPNpBJ
BZu8yzqzcicd6RCrBb4BsJ98f35AfqEjBKqqq9bcQe2m
EHuDmUCS8xvjxwP2iCSMdZJyhUzfkhcUsF1rMEVV2QNu
8xpwbuFE77iWU11Sz69EVQYQThDVCtuVM1fjDYwf1EYH
9Z2ekhhwdYUvAYNyadjvNi2nQsLJQPsiWpu52pmjL8aE
8yqRWDxXStNwNmNmFNDzJgJbq4PirrZxK2Z15WSK5e1D
8fV5YgKxzVFpDgyBLRWLUngaYXBoF8jG8x22oHqJDSUW
KTUHySAgmaBTW4cWpK2ocpGqBYpkRViYszwWVuxirEy
sUk5nTnKXMBQaF8vxrnnSJpph8rDuzjBQFemFYVMKX3
AJa9vpe8oJsFperB7c2nv6nx2HHSGq7nTiNFAbFMVy2k
86VxXpUoD2WgkoJHX6o7ZUwzGbXP6X2rZk2unHwy847c
B97t7CvnKeX3PXbjebB1qgvxLrHFF6WD7bjKN8rc1Hvj
59eUu1xBgHt9fKYFjCkBzBCWypXFHQoHgWxXqvETp4Qd
GGzoVk7DAaRWJxW8r7atyUhBfTrt6t5XesuiySSdgy75
HvXNCZtGuRiUkSXyWQ4tpD6AGd2g3SUzftnAaKFgK5aU
3E6i1pRYuxWxve2Q76t5Qj9v1zjCEr1BUoDqP8Ek8Wzn
4kHqCQboKRrHJo2H46oRK4AHuJKn5SWWGcrM4Pbn5Suy
BQXZ5AVTbcfZJqWMBxQyKHtg8G5379opvHpULuMharoN
3vX9ZznFPRFq2rHSrZuAj5wLzRu4DqAZp2f2Y4ayim5W
3JDwPj4abYNeApUhfHMNEBtbNTjRSGqCkeonSyVc8Djg
GX2yMoqDpfShdm7SfUn5bDWgMfU6E4oQJgQ3Rt8MoXFs
2CdQtku5UMTofHNfDcyndRuV5pDmhiRKU8FF5YgDKkWX
BGarj8tuJ12DzpvJp1x1nPMa6X2vyWDfdUaUxhAABi2C
145MKuBi355suGtKYEUXEkJUU1Zv8Kgh3tt5vDS4qYdq
F3jtByXSfpZCRu5Rofyqv2RXpeBHoyDX4PVhaYAf8PqB
2bN9jQWraw38qEAtKsbdoqCtoEPwsW3KRQjE47HZa6Qc
ANEV8Mb2zHTqpBbu9A9APWKikR64Mgn1hUJHG6QuaL2C
ESaaMWBu8SVW8Ko3A5uP7Gz2Vgsf1M1LUu4EkRWroiDd
B4wPnL6CpbeyhqPwEs4t52eGqTxRfPeawHXTR3mNjTYD
63m86GcXcrXXgqZFLawGRwuaLmR7rjWSBtaVHFc1Azr9
5P9cWdPF8miadHVMwFFRctwjbADmDKHT7GmTzB9hh9Mf
6MvG5KLjGLCyYwDQEgDwpYpgWmiHePXW4NKJfcnhJVMe
2GELtzASegiWdNPvi1bXaU3QdAxocUbd4H941cgUnckN
8SgyvcfFmiQcMT9cNxQB9uvipkTJuDc3qD6AvZVFQ8R5
9SQzghn2kWmW9HRsT9y6wEgLQaDgax1BY4xHC9mFNAgU
F6hgcvs5bAoaGRKXDJG71WB2f4ZpCSfTCgqKVMaF4pfe
DSNffZ1Gq2xdbs5fb5MN8cN7fWY4JABu1gt4fnSLj9aM
36xWEe7xp95HWz9iXEB3vCSfPQQr5RHoZ4p5acZ19yrR
H31NuTg2bFhqXdRKRNoRMS74MVzR5vJSHY7ZzhL1ty7K
7QZ9cFJ6d2HSHdGq5hpALQQNx6uSusFMeCW15TpSabMi
5TEW9Stw33HWxiALzBgavg941AQWUrTGHhnZpYeGyMia
EbHo9jusjrics7cziGYVC6e5Nv2YkpzBNLCikUaSe5uM
6p8vsMw3tD8QnMp6ZTv7TGLHBBKGN8hFWyZNspJPJiA4
3VqcunbxCcDYfHFmXjVVknPosFheRJrzGGfztHV8PxeY
BjKi1sZe3iWwsz16rDvUJsnZ3XrDdNaiiw7NXw9d5Hv9
4QyqZ89UADkYeKkkVXiixWgitikJC9pRoJHWGSbCFJda
D24aJ4USKX6jJkCULK3wSYLZFUZzD1hwte5SB5WFkFVx
2tZPtfYq5d7n7XcjJ56ZUvB4VaC4mLUEoeTdSDKMUUdb
CYJ2mxPr8MzCG2Kf2x2oaReojYDHx7EAut4foaQDS2Kp
3k7vtk9mT4n2M1uQYVxMCd1PEU6c9C4598PazAjoNX38
8H5Zv5nNxngbhfVycs7zDJPDMRcMsRNPBxTb21jkQqmR
48Fk4juYYSWE7evsxm4sZyJmqr6tFTeWvPebsrDxE5rW
9DHa3udieZzeKXZSC3oxX9SGkZotH8dUWyLGNpv3aoiE
ENCpAFpSHi1UbUkgF6GCE1nN5XBrC9Fgb3XjZBEFx7Yw
JD7Kt11N57GJejqn3SKhTJUjR3FBBZ83NkEdV2WyWug5
6pZycsfAua1yuskYQDXk5PmdYxfE3QVc7ZJgbZwrcFro
Cf6f2AvQrusRB8i9MMifQ7eCYg2YEGca7aWXisaoY422
AK4cBvB2kKoFkRkeKu7s2XbffaxaUYbGT74bL8GVKEFY
CUfRm8N8bf222g4YqGB43PhLJi4PPNMpABPXqBePPtYU
9CQGTpY4nrQe7Csee46fg4dz1inHFozNFZNftKJqWtac
HdauGQpBsGcythPsFKpvGcbwJ4PE25AmPvPU9CsE2UZd
25BhfwcFEtZhZbxbztxhhWFeWhBTPp2NPHrXKWsUvG1W
74qEF1iHfqxMEb53JqMnx22YXZcjG4KPCY2T9C3xq3nW
ED3ci51871dzHi6kTwMfKhT936aGdR5jBRVPHUTYiT8L
2zBSWSmNiUvFRfsC1AxWWprUVGbU6F9ACAVRd6x6dXic
FQ7hT3xdqe1cSBdFQbpmkYTDkfm5Dnq7VuqCWh7Ln8kR
4JUyNMWFAMP4ufFbpE6qKVaPcLgRwufMp7DAzuz6gVxS
8ULGxsrpVpxNixG9vg2KSkDkFJZJT79aSYBDZCPWdrJp
FdCqx3MndwBCoJ43AhixqFNDYhyMzpB3FxGZN8GA2QLU
C5ySYKhKPh9uz6rSt2L7gChePUS5XrpPcDSEk9cdDhfi
7Edzqzdod5tiNHmh9Fn9BpLksmemgpQe2UiXroyHoKLb
