5JgHeD1irT4sqs9fFFSkdnzscdtcmRNZzM6rShvshaGB
8spvTPGNxSMdDzPNRDLDrhfrEceuxT7NRLfUBW8eagem
4HfbSPwWZ2EBaaVo7MqjuFkxfDh5Q5v52tTFmaCDdyWn
j99bTPTgupLd9DQ5mab1SWzvQby864d6JLmQ46dxNUE
A7Arb4BgvDmoKcscNiqE4Y8E3wrhTG13QUyJuCBjP4zV
CyDctodNWJ2JHtAtjevrEfBTVpoNRNiSQJoFyQuaPajL
HFqYJyuW4egRL2cPeX7ym9F8hhspGCwFo3DZ9a9uvxtk
AgisJfKkfLSdaEifTgqmB7L9inr7DzC3j4pXymYDcpdH
4FDLkD8nb2Y3hw5Gbeo83Tk8Pxy9JWL93ujLmg1tSx9K
jUsyWh8nGBSd6eaDAbf62FrMLLPWnvrKtTKXkzMDqFq
8k4eyZr9uarAt4xEnFR6NQAQBGZdJxx5WpwdxApvC8Y6
EYryttggyFuoP9U9YHGSjKCwZb3BcFXXkuojMThvzfvn
CQnDkATYea8Bg8PxLtPcdkdLTecdEx68KCf8BZxurqge
4YHjeoChYpsSjZCPbD99gjpaVg3m1mMgNAEc6bfUk8VU
9vJPcFkmrBBZLq6wNby9vxR9yQgAky95YtuwopQ27ThN
GZvQdCjo5qQs9WhXtpyPRfKbeDM4iYS56TFq8S3ASqxx
U6go43rBUvdWShu8BwTrFbAEKr8mF7KJJXxAiGLFSLR
E7pgJFTnYFANxfaddnxpoq3q2ar2FThCwwZiTguwxLtH
8puRu95ndCmA1ZM8744aNfrdUArBL5Lr3Dy1dHaRAzLc
DAQHspspiZo4c1VwWaAWT5k2mgtHVtKKbmuupgPw433L
E3NVLxcDGeKydY9FD7K6GLD1P3vD84tevPYVyE9iCoAs
2RxBnkt9WumcLCodG7Jegu8EwVDuymMWM4xducP1iCXj
4A8VQ1kPdGqaFyDcWn4d5hK7mZyp37iRP3rS5x7bbTWR
4wtvDBiTBmpYLgAeWRKcjyYrLVP3yvU2AfaznyZ2tnYL
Av4cGPGToSiP1f5xzmqDduiBQYpCASuMBM36UDo6U3xs
2b8zMjEPWc59QX63PuLvJuwEj5RVbSLyLk3uggRgbDhy
42HbTh4KqMrJzBihr7UuLRjiH7J5VDxxTkcNF8WwhKpT
AhW7FAdzm7JJYz4UUjFbPJuXgJTbGHGTywotwpMrwFDZ
uVzoi28yCn65DxCCW28nTJcYb8ydsEgbSJVZ1kEDHae
G3cqMwj5AHHe1uiMtTqHQiUbzjGL9zyFZxBxpZBYByQ1
Bgi81HLq1b1nL1zJTTH2ADDJiVKd6j1n2VtsZyfpXZby
C4nQGMRVF7mHFsYvp4uL9Qe6rRopjfsyBFe68XRLpzSv
4BTdUoJ3tbBMXw7bdCtn88UsAkeMJ1sY2WuZoFcXuuqD
6n23Mf7Uz6PeRgKhhxsW4nvvD7a3VUi2ZcStwbXXxd79
B1uFZCcFPCdteJTESZszaLJ329BZ4CZ7EW7H4BrGWA7z
EWyARpusk4W13GaBvBVW1bANCDq98Jw8gdBdwXCk7MUV
AwkJak5rxjeaWcbkzgyJc1JaJ57kSiDxphRuYQ3TGKtN
vwEd34nJPS3hdZjSoznw25MCvhyxeuLfAiewGiNTimE
3zHgYck5o4PeEs1kNzTKpkM29hbqEPoMerbhjzzqXW4s
ErcMmRbJMyPptEbzoF5ZLLZe3JjGDXrK1Ck9R1sV76kk
6SPmUYVTQ3DCT5A3LJbo5tvSii1R2BYM5GQv62abfCVZ
BKJgqbQMQtJqAnfrBnW8j83oWZJk2XdWzXzTZj8SK7Wm
6yuAPi9GaTJEWD7iaxPieC8TPbXJqK54w8LoeBQNm6g2
26GfuWJ9RLayQLTbR1kUA1v3Wo5pfV2An53ycvKRLrTy
EAxRcvt1oxgtKEinxBEZYtFgCTFipuDjgvMREmEWZkED
H9AFSUMF9RE5F1e6Wex8hENErPNVhVzpRYDah6gWPoLy
EiMda5d116iUFAEebiToZxbwN31u36TPJ2WLH6yE9psL
HAfxdGEYqErgfVe2nCkfTL3uH7ZDfhz5mnH4jLTkHpDf
DjmyfCNVaS7pjr8A7gPpXbqqXotkDLTx9DKiFrnFiDiJ
HymxZTM32imBMMUDpiYrgb7s1X7cFZBB4XTbCust4VvR
4jqmhoqzTJARGpGnqz5uA7v9FpQZpi7CTNz5iMts2dZP
Fh9bfoqVpEfwGac5CDfFUW3YA1E6RRYXhX7PwRPkLEfk
Hbw9uqiBUSiXJZoFAr77BPCpohAoHBuMgSYurCSA3m2A
Hgqw6QEz8kEshmHYrL3BN1EQA63rXbKBtyT2Yi6naxt9
HPY73atfHrJZyKwQA2aouh8qbCsv8idJBVJyV72TPX2Z
Exxx5WCYQ2PogAEPRHmfUGpMzo4sX2y6T4ZnhP6HxSwH
BgGht4KziyvuAx8rNWSU7hqTAv9TkNCa4mZJTyMQV27R
5ZSD1nDqoF6iqEiuohAyUgnW8D7xyC2XdMg3kpKB1d4Y
D1k4wJua7Z3iQgefEDrWCmYMHGERx5tj7T4zxuzTkF9W
CKFq8hgRWgvpTbX3qptE4eXAyFL2uSozcymcJoBprG3c
DFnJ1sV4bnCGtK9q3TbtHCdzgtsAPerjiZTmy1D7F9gG
84nU1HC9wnsPYp7KsZrApgdomTNEKC949WkRfNy66csF
5BCtDxU4nicEp16znwNXREn3HNeBWCREHxb7AQf9f28e
38gF8SdimjxP6XUQwo4EmF5LnzNTUvg6dc8HXyDUcscM
56Pzm4CTDma9eiWC4XPqNBbu7RJhubzkMDrHL5PM6T5g
ArgkHSuAXauPsbzP6C26fyDRGw1ZQ3dXeiSa8VCbCZx6
2Tq52h51KTxjgXxNR5m348YnGNxyX8oWoMy3128C9igw
5Gmmx2XBcmkdrJNyhAf3b5bcmWgi6Jo2ozZVbAKNd25e
ACBx56NhAe1JWaHnAEWC8P3fGi2E3yQMXCsbo54FoGZp
HwLimccCd9Ye44Fis8JWPC9rywBmSvBamtpb1dAG3eJf
BxsXFhkoc8HAToSQnCrhSt48Z7SF8TLSB2D4wJEB5AZy
FhRtUtHuceThjeJPMo4uonvXHagWUTpHnxxMAC7ALf9U
DSbQf9UeXJ84K9xqi27kfzQ7gdsK2F75rtmDrW3gYwKb
9euS9AVgq3JWJV9FCywo35XvmwJhe8F1KxPkLRGbXHv3
EUWeZxt55tQVS8V8FH2DMeZtTrBCoJRgyBN7fkfrZmUC
ACJSXT8QCSRTozyrvdRQwjruhMy5Z3kQcu9vDxWBbnyi
CEZ9R1m3JHhRnhHvBT1DbxajRyNa3yR7QWkffhTA44nz
2ootBKvGpw1WmuUGUeGg5z3eNHa7E7mBGRK5QRQjQGJa
6bpg4V8uyKsm25NQxRLRLijoFVS6NoyP1aHYoD4sPKgP
FWxvuWf3HsbMS5rdBkazHucp78Ja8npRvdN8F1tHwp77
AkLRwRRS4n53WFnYuTGb4ptHDnLsTfGacpCSq1XMNhe6
FSCziWRX1RLsoRdc6bGGNrEdJCMsGm9vNhoYr3vZSA2a
FFeb8mSGaKVoaD7t8vyZgozv8tWdChJniCfi7kS4C4oU
2xXgzhaPKsf1PYgbaenK3vVy52Lp6Nbg2Su1B9b82pfR
CFxmgTQQ1VjLHG2zCy28xR2X3tApDaHPuokoTXHEGijA
BrrQaTvn7dnyATdNZsZzDniGmnzkG9bFe2sHjoaKwLAT
33w7JtXqQb8ntwEhAbC9h3Kv1axQSkDMNyRtLDNd7H7J
FxZSLcq5CQyyhiHghJPhkdzUm4qCdXCGQTUwyAfEEv1L
5Dcqi1j2PJZjjE1sZAkbZ5VAn5FjoXzn6zhXgNPrLDKL
xExw8WgYaHKBDyD6ZHESkTPcaUyVgU6pgP3tVgnhb26
7ipwre5zXCJt8XBqnmdNaUJmxVEMf5SWZGGf6gnA1NE9
HxjUCVZEnEekbuep8g7Njxe9FzrQw42JrYhkguBDkXTR
DtdvyECEmaaoUsbFHyjzWWoM6qWE6Sm7s1Mw7xMYu7gs
8BAbCxta7oW7yCy2UZSZnQJD9TRkxWM7XCebJR3s2Gq6
B51jQgSjZeCk5QiaKhGa62WmsnJvTtktPnEYeiyBMu8v
F4r1u9HW5tii3hNEAydcN9ALXhX5ULes1GARdsafNfv
BVHMxZpcBo4d1XdTfmcvKvsmSgh6p1BX27JyTyTsEbm2
73Si246Ev4E5iHnsizqbbLdhD2oAb5kgXPV9oMDupWSU
HhsdfFqTqBSbC3SfUNBAzeuQDQSBBhfmnRYvdGGvcRQu
5jV9EMrdoH6b6P6GfChc2cbTKxwYZSYMaXFBiwdJzAwY
49FLMvQqjkuFJN3wHDNoFmcoP5aGntSJ8WbW8qbr18Jb
27f3FbojZd6x3uLpg3FZ84DA4BMj74cjSacJeEGc26Qy
4FZ8BNLxRAF2qbUYKukzGT1xREq5XqW6uXmNYpW54ahi
7agQXAoAACZWm3pFRak2pXYkb2wGVQoKgdwRiqipwgwW
4CnbkA66D6A3EmC5YPNEP6rqiHz8jVs879Q2FUpD8HMA
3UFrqLRGTBc4HETzG4nYYjM7fwviXJ1kMa7nT778sG5k
41xpAZNwCL1jimP9NS9Y7CriUdGEDaf5PWoC4Htboiv1
F3pJLzjiZPMPqifmj2R69DWEo2G9Pbt6NLNsZ6wU1CNb
529gEa5trCTkE95K38mDxhd6JNatoaYYYVPDYE9UaYAD
DHADASVBD5Hndwvwvk4AZPbCPEa6biNe82HMKVkPU7GZ
GEU3G5s4ruJUpK1N1TA5DGJvtHZ97mSWWf5zWaWFUzJm
