4fBg71MnSEPxbRzdryVLGAAft5ENDFJCrSEQ2kYu6JW6
7eKHsVW5GeXnQEyddww9txW2TVKwF8x4PTC4KUuw7vop
EWFPvYaLeZhBu7iwJMU7LVggws9kAWaSA5h6o8y6u9ob
5KS1iNmoVZo5BtFgA9vcLakWdoQLo1NJxGy23cbyGwLc
5Qz948QvpyvyLuzyEJLJEwS2FURW59e42jUjfkSt6YUL
gYZrX4rBHt6JjrZP6z1Ka1EKLQQboTCGUumaPEthQp9
5cYSMGNJpzh8D22M5Q7EiA8hRdk7DZ5iLiHjLzwTGU6X
HG4gqu9oxD7vKthVhWYiHb9yRHtJkMN6hj1m8AshDo2D
3MxnYGvNrsB5jWoUcxUrCxQSifJqaXRqNdvaLBdhjHKp
5oTsoxHbrF5YedghFHVmDKaCX9hMDWeznsmx7mquF4ri
4d5SCDGhrtCFBFE9kPqsBafnmj6yVCe1ttveCVZLUuxM
AGaP174sDbTj4ZTjcUKArg4S7EBrsCKeRmEiuG2samhu
2vG4qZs9Eh74k87GokEfMYAtAnMTL3RPeY1jNrKW2yXF
3uyhDR4EAhmyfuzNh7PFnH2im9gMNnvWBxizoj5Ckq6z
HrgZHMhSqQisD9nZiYxRFzjKqqbHiwfMrm5MmUwCyCUN
6uopkZvtXUWYti5bZfENxg9itckN2to7HefihL94sWro
2btL1SqHtGT2CYH9Dx8m7fN7Gb7gH7U6oGav3Tic41H1
5qBKmBSkhHedru8j8Y7jsdkcooS35oShXVSvUtnw7Ny5
H5LwbhBtbNEz3aNuKtZhkk1K2kAA3DKC5xRLKrdYto8C
312CJdfK1mfQ17JXdjfyUaqaLAbsQdNoTMDi53teYMtt
5t7MBBe7mrBrd8cuGt4FvU1gstKeBoWW8Pp8ZPj66vJU
J5aYce46p2Re6AimpJQk1HPUzp6pje196my1ewpm9KvL
G9xLu6oKYEjNURRv5setsaM5YiLNaevByFuBAr23udE5
7gqV2CNemM3i8kWTqBLQtYcNrXAvzUA3ZkU9kQ7XrVeH
BHmBFa2gsdzL5jsHuZD4FYPmh3P4TrGSNBDrCo1gtS4Q
3b3AbQGCJE1iP6s1t6jrC9EMh2mm2ezMtdKhQ9bBvGiG
8WErF4msAxPoTLS7sn6GvnsAF99wG9o9FPTFYjBYgo2A
AFaHhLnqwrYjcMExw87vhbY4PQZhLZuzZ8MGmggWP8w3
CsvrmwuvMJdUKmcBVWUXiYUYmVxFaQjDmCpExLTYvfUq
3kM3zFYJBEjgLf9GiPy4Ex9JKM1AWB9UyKNM6fp3NGnD
HbdTPY6DMd5P1zcX2vr4MBLqWaVCQESnYEPeASWrTXQ4
HKFbvc9fBrfWz5iSHiD3Y8yqqTzhcqSqgSKVkWCKKMDo
9u1gy36LREhZwjFU176QPprtDtcj61rAAQ7cGUjUc6v4
6FRnzvJQ6M1P3SNcUpJZu2dxm78KzrwQ7egritM9Wr1H
2spMccsEst2vM2MoF3pHZ9rDEH9qcSZ6FiiEWQKTJ5oi
GVUiiu4cu1zTFUK93He6J5YY9DfJsXWeSp4Cet8dbB55
D4Hmgx5vnsSDt9MwGVbWyjqcMXFDYt9bCeDsb2ADkANQ
4Ru5CC1ao2rLXxRQFSRfrxvW785aTh41A9sn76wd49mu
HSbuyX8c5JnEjwEBq2sPKiwoV8xdCitT3e94SWu9RZfL
74FeC5Fvvtd5xZB4GwPCHwcoCnc5E1k1aemNucK7Topb
D5SsVcnCEj8mfAyVUKsUn6izdd52zDChCRu2SxbDiCvg
7LHm15BLBAt4HPz2tuvsrbknSuhxLuvwButF9HmwaL12
6qGfbfyr1mmuReFJszMJoSrJXFKaVHnmCgTQDKv3LJDH
4x1MxThaBUMMYfJ9tkDi2hXFjSQkvs3ZRCfMkFnNCAZk
J8P9HFrdZyF28ijjaNprRyGNoEQYsY22CinDmCDJVxbj
7gTy7kvX18QwanircfZ5EtCVCrq4yM9M3TQr3kpUSjK5
5Jw6VryrvnxvSsNoFjkCzhmZfFH8FZamARUj17Auhdd
J2PGVFJVN4xWjDaEEfi8wknDyHcNRfG1SQW8ZhnQu82g
4fBg71MnSEPxbRzdryVLGAAft5ENDFJCrSEQ2kYu6JW6
7eKHsVW5GeXnQEyddww9txW2TVKwF8x4PTC4KUuw7vop
EWFPvYaLeZhBu7iwJMU7LVggws9kAWaSA5h6o8y6u9ob
5KS1iNmoVZo5BtFgA9vcLakWdoQLo1NJxGy23cbyGwLc
5Qz948QvpyvyLuzyEJLJEwS2FURW59e42jUjfkSt6YUL
gYZrX4rBHt6JjrZP6z1Ka1EKLQQboTCGUumaPEthQp9
5cYSMGNJpzh8D22M5Q7EiA8hRdk7DZ5iLiHjLzwTGU6X
HG4gqu9oxD7vKthVhWYiHb9yRHtJkMN6hj1m8AshDo2D
3MxnYGvNrsB5jWoUcxUrCxQSifJqaXRqNdvaLBdhjHKp
5oTsoxHbrF5YedghFHVmDKaCX9hMDWeznsmx7mquF4ri
4d5SCDGhrtCFBFE9kPqsBafnmj6yVCe1ttveCVZLUuxM
AGaP174sDbTj4ZTjcUKArg4S7EBrsCKeRmEiuG2samhu
2vG4qZs9Eh74k87GokEfMYAtAnMTL3RPeY1jNrKW2yXF
3uyhDR4EAhmyfuzNh7PFnH2im9gMNnvWBxizoj5Ckq6z
HrgZHMhSqQisD9nZiYxRFzjKqqbHiwfMrm5MmUwCyCUN
6uopkZvtXUWYti5bZfENxg9itckN2to7HefihL94sWro
2btL1SqHtGT2CYH9Dx8m7fN7Gb7gH7U6oGav3Tic41H1
5qBKmBSkhHedru8j8Y7jsdkcooS35oShXVSvUtnw7Ny5
H5LwbhBtbNEz3aNuKtZhkk1K2kAA3DKC5xRLKrdYto8C
312CJdfK1mfQ17JXdjfyUaqaLAbsQdNoTMDi53teYMtt
5t7MBBe7mrBrd8cuGt4FvU1gstKeBoWW8Pp8ZPj66vJU
J5aYce46p2Re6AimpJQk1HPUzp6pje196my1ewpm9KvL
G9xLu6oKYEjNURRv5setsaM5YiLNaevByFuBAr23udE5
7gqV2CNemM3i8kWTqBLQtYcNrXAvzUA3ZkU9kQ7XrVeH
BHmBFa2gsdzL5jsHuZD4FYPmh3P4TrGSNBDrCo1gtS4Q
3b3AbQGCJE1iP6s1t6jrC9EMh2mm2ezMtdKhQ9bBvGiG
8WErF4msAxPoTLS7sn6GvnsAF99wG9o9FPTFYjBYgo2A
AFaHhLnqwrYjcMExw87vhbY4PQZhLZuzZ8MGmggWP8w3
CsvrmwuvMJdUKmcBVWUXiYUYmVxFaQjDmCpExLTYvfUq
3kM3zFYJBEjgLf9GiPy4Ex9JKM1AWB9UyKNM6fp3NGnD
HbdTPY6DMd5P1zcX2vr4MBLqWaVCQESnYEPeASWrTXQ4
HKFbvc9fBrfWz5iSHiD3Y8yqqTzhcqSqgSKVkWCKKMDo
9u1gy36LREhZwjFU176QPprtDtcj61rAAQ7cGUjUc6v4
6FRnzvJQ6M1P3SNcUpJZu2dxm78KzrwQ7egritM9Wr1H
2spMccsEst2vM2MoF3pHZ9rDEH9qcSZ6FiiEWQKTJ5oi
GVUiiu4cu1zTFUK93He6J5YY9DfJsXWeSp4Cet8dbB55
D4Hmgx5vnsSDt9MwGVbWyjqcMXFDYt9bCeDsb2ADkANQ
4Ru5CC1ao2rLXxRQFSRfrxvW785aTh41A9sn76wd49mu
HSbuyX8c5JnEjwEBq2sPKiwoV8xdCitT3e94SWu9RZfL
74FeC5Fvvtd5xZB4GwPCHwcoCnc5E1k1aemNucK7Topb
D5SsVcnCEj8mfAyVUKsUn6izdd52zDChCRu2SxbDiCvg
7LHm15BLBAt4HPz2tuvsrbknSuhxLuvwButF9HmwaL12
6qGfbfyr1mmuReFJszMJoSrJXFKaVHnmCgTQDKv3LJDH
4x1MxThaBUMMYfJ9tkDi2hXFjSQkvs3ZRCfMkFnNCAZk
J8P9HFrdZyF28ijjaNprRyGNoEQYsY22CinDmCDJVxbj
7gTy7kvX18QwanircfZ5EtCVCrq4yM9M3TQr3kpUSjK5
5Jw6VryrvnxvSsNoFjkCzhmZfFH8FZamARUj17Auhdd
J2PGVFJVN4xWjDaEEfi8wknDyHcNRfG1SQW8ZhnQu82g
336JjGRiGpW5YpA6eSX1ttid1d8pEJmc8zTmpMBqXRDB
4fBg71MnSEPxbRzdryVLGAAft5ENDFJCrSEQ2kYu6JW6
7eKHsVW5GeXnQEyddww9txW2TVKwF8x4PTC4KUuw7vop
EWFPvYaLeZhBu7iwJMU7LVggws9kAWaSA5h6o8y6u9ob
5KS1iNmoVZo5BtFgA9vcLakWdoQLo1NJxGy23cbyGwLc
5Qz948QvpyvyLuzyEJLJEwS2FURW59e42jUjfkSt6YUL
gYZrX4rBHt6JjrZP6z1Ka1EKLQQboTCGUumaPEthQp9
5cYSMGNJpzh8D22M5Q7EiA8hRdk7DZ5iLiHjLzwTGU6X
HG4gqu9oxD7vKthVhWYiHb9yRHtJkMN6hj1m8AshDo2D
3MxnYGvNrsB5jWoUcxUrCxQSifJqaXRqNdvaLBdhjHKp
5oTsoxHbrF5YedghFHVmDKaCX9hMDWeznsmx7mquF4ri
4d5SCDGhrtCFBFE9kPqsBafnmj6yVCe1ttveCVZLUuxM
AGaP174sDbTj4ZTjcUKArg4S7EBrsCKeRmEiuG2samhu
2vG4qZs9Eh74k87GokEfMYAtAnMTL3RPeY1jNrKW2yXF
3uyhDR4EAhmyfuzNh7PFnH2im9gMNnvWBxizoj5Ckq6z
HrgZHMhSqQisD9nZiYxRFzjKqqbHiwfMrm5MmUwCyCUN
6uopkZvtXUWYti5bZfENxg9itckN2to7HefihL94sWro
2btL1SqHtGT2CYH9Dx8m7fN7Gb7gH7U6oGav3Tic41H1
5qBKmBSkhHedru8j8Y7jsdkcooS35oShXVSvUtnw7Ny5
H5LwbhBtbNEz3aNuKtZhkk1K2kAA3DKC5xRLKrdYto8C
312CJdfK1mfQ17JXdjfyUaqaLAbsQdNoTMDi53teYMtt
5t7MBBe7mrBrd8cuGt4FvU1gstKeBoWW8Pp8ZPj66vJU
J5aYce46p2Re6AimpJQk1HPUzp6pje196my1ewpm9KvL
G9xLu6oKYEjNURRv5setsaM5YiLNaevByFuBAr23udE5
7gqV2CNemM3i8kWTqBLQtYcNrXAvzUA3ZkU9kQ7XrVeH
BHmBFa2gsdzL5jsHuZD4FYPmh3P4TrGSNBDrCo1gtS4Q
3b3AbQGCJE1iP6s1t6jrC9EMh2mm2ezMtdKhQ9bBvGiG
8WErF4msAxPoTLS7sn6GvnsAF99wG9o9FPTFYjBYgo2A
AFaHhLnqwrYjcMExw87vhbY4PQZhLZuzZ8MGmggWP8w3
CsvrmwuvMJdUKmcBVWUXiYUYmVxFaQjDmCpExLTYvfUq
3kM3zFYJBEjgLf9GiPy4Ex9JKM1AWB9UyKNM6fp3NGnD
HbdTPY6DMd5P1zcX2vr4MBLqWaVCQESnYEPeASWrTXQ4
HKFbvc9fBrfWz5iSHiD3Y8yqqTzhcqSqgSKVkWCKKMDo
9u1gy36LREhZwjFU176QPprtDtcj61rAAQ7cGUjUc6v4
6FRnzvJQ6M1P3SNcUpJZu2dxm78KzrwQ7egritM9Wr1H
2spMccsEst2vM2MoF3pHZ9rDEH9qcSZ6FiiEWQKTJ5oi
GVUiiu4cu1zTFUK93He6J5YY9DfJsXWeSp4Cet8dbB55
D4Hmgx5vnsSDt9MwGVbWyjqcMXFDYt9bCeDsb2ADkANQ
4Ru5CC1ao2rLXxRQFSRfrxvW785aTh41A9sn76wd49mu
HSbuyX8c5JnEjwEBq2sPKiwoV8xdCitT3e94SWu9RZfL
74FeC5Fvvtd5xZB4GwPCHwcoCnc5E1k1aemNucK7Topb
D5SsVcnCEj8mfAyVUKsUn6izdd52zDChCRu2SxbDiCvg
7LHm15BLBAt4HPz2tuvsrbknSuhxLuvwButF9HmwaL12
6qGfbfyr1mmuReFJszMJoSrJXFKaVHnmCgTQDKv3LJDH
4x1MxThaBUMMYfJ9tkDi2hXFjSQkvs3ZRCfMkFnNCAZk
J8P9HFrdZyF28ijjaNprRyGNoEQYsY22CinDmCDJVxbj
7gTy7kvX18QwanircfZ5EtCVCrq4yM9M3TQr3kpUSjK5
5Jw6VryrvnxvSsNoFjkCzhmZfFH8FZamARUj17Auhdd
J2PGVFJVN4xWjDaEEfi8wknDyHcNRfG1SQW8ZhnQu82g
336JjGRiGpW5YpA6eSX1ttid1d8pEJmc8zTmpMBqXRDB
MtSZDs4KKBA1tzrvDKLkNtwhBEmJn5AfbufkDHVf7RZ
