6NFDAeuLJJAFNj6hu2Hxkqj6qEoBnt3Sm6GtStpfQuwD
57jCPDqnYFYCH6QLK9wxRGCocZTdT8gtDNmurLGPYNTn
4ks8jvtHN8JoWJME2KrPRi54XzDbKeiKXmb3Qy19naip
CgcU64egDxkkoYvVZYeEGQvt2Qgdkucd8MRSiTcXnHyR
2eBBNzw7DeWuYfWhPVGanm7VyYogiWKjSRcAHhcDFSMd
6sSV6RqtPJQNLMWnPrXdAehshU3xJ4eW27wN31RWfjoB
9nF2vqusHupTTNgw3quL4f3jorvPdJ8VBPv3Uw1xt3Mv
FdvMXoYeqtGkGHhQyztVFQMTRAP3oiQkLjVSFe17RWa
46VjLhoNqGdKSieBVbvsiWn6T6YpoV6Jcpgp2esZ9WDB
62dKmy6VhcrkCRCU9fMnxMmwn8cVmwqXzRW7tA4Zx6Ee
EVaAgKSQ4QM7f2vqh12ZRmrPt5SVS3X7mpLXcJD4wsPL
3ATQ3P9vckgQYAwUZc3hLq7Zg1X7KaWoM57Tb2c2HW13
Cm8cYtgtfyULCzisqUnMg68aqqi12PGZScouQfJRfrG3
DnCqNdc2vHLAq8abiRz51DDLty2hy89v2CS9DHdMdSWu
BvDgVdVSj3XhJ7ojVTecKJuMMuLrDEquWeTWBN4dxEMY
Cm8cYtgtfyULCzisqUnMg68aqqi12PGZScouQfJRfrG3
2YRQAHYBdYVuqZYESoZDePi8desiNbkwjxxVUPA9UWU4
6zbHJGNdqq7PawynSgxW6csjVHAN9nm51uLNMZqpxZts
6hK4TePe6J2MAMeb9AWcFwi3XCMwpp67BXaxuxFmNKR9
5vEyraHzZCP5yM5SMv4r1n8MGsSQeP5Mh1o6TXoWAvfk
5sMLzTSrQz5bLwQZAPaky9K8WN3BrUVD16kAgT8sXttz
5nH4SNp9Hhigqmjd8spT6UyLKN8okssmWJ48uCGfWf3J
BVFTQzEas8kMPkcugksaTTuLnQJ8ESxtLryk4ngdyvjU
9vTVgL5yTaRSj1QThL3jViVdwZTiwvPzqsFs4eHdjZjf
22xsDuVF4vQCENwpCxTBsF2QmzE8Lqxnxu5N2PhV1Rjd
2fdYctTeAsboUk7UxhVKYJRg7y8srZadg1wTHQ42N1XR
CzBuPFMJQbPLw6k3B7z7KNBwMWfJZZKTFBYZLhYB27N1
ERrznCBcv946zdfxu1p2krYizeWfpAxrx6mkwbVQZJK7
2TNxVXbtKfCae8UYKv3DDpvdooHEpS9q57zciRTAtPKS
Cf4pZaok9wdfp8qTT3RiQZvJE5t638oeQPVekwEJyYrX
5d95ZghUcfxxnom9WJL6yJMQ43EZ3BWTts4WsQmZssJF
GWoFiTkmgkdUxvRNZ8kMGVxUctDabMNYZ4ztFnQokBrH
GbqUXeWRdEM5PdpBm5B2jB5mRTmnPchtEeiKP7W9icrK
47CE2mpyDBuqzT1iqNLVyXwjYSWSM4waZyeERvPjAYgw
EkHsWj67nEwZKZk8RQsVqn4t9vv5VgLyArLnSo4cvVCG
7iNxffZAqQPSD57GXrFui7VzgxiZd2RKTb942rkaMY4k
H4Z5MEqS9CvjLzKHyMrQ2XkeZUQ3PANyeirkRx3PTGXP
CWiXLx6juMmaq33BPXGJ1k2DPqzfDyCQWoAsUUe83CqP
4NT53hq9udaY7repyBfyWjSLs4DzjpdNc2sRNjBbQzxT
4DdRYAD84KyT7tMhfXxTWqKW1Mou75BuNFBj2i4oHvDi
C762qko75CKVxjE5JpaKvqXSfo7XQHKf1a1h6Pky8qzA
6ykYU3fWNQnoNunJKDLSVSZWCMPoajoE8EVNzKCYs9qT
5nH4SNp9Hhigqmjd8spT6UyLKN8okssmWJ48uCGfWf3J
C6ziqrxZLkEpkA7hyrQ5fQAnLqfD9MnhT6P8nXafVW8i
DMwHn74WRoFuFyzcKijfEohU8c373q8YfZquzXwAuXAL
9V4i8VdxEHgjQFEKdXT3N4nFKRtNtkKCzd17SjxVWLSo
64jCYfpbcVRvVUbntgfNVxNMhFXFXWD19NQr1663MB36
APyRC1YdA9HQxXnGkLr59ZERPXxVW1s1fG42UkPHF7Zh
GnwV7xhSksoZ1Ve3Zx5PqoxVEr4mKCBpBf5zRRcv4TvV
3MQyT4Nq9M1XT6NFxmBT7niExnxy8BXKDfX9zC6LmP5c
