Transfer 1 tokens
  Sender: APM9gM994SwHQjBz21ZVNWzh1fp9Dg3A4seCJsixzMmB
  Recipient: 6NFDAeuLJJAFNj6hu2Hxkqj6qEoBnt3Sm6GtStpfQuwD
  Recipient associated token account: GQWESLxGJAFQc6dQF8pBgJcDcmXC3g5ca5yWb81sUdbT
  Funding recipient: GQWESLxGJAFQc6dQF8pBgJcDcmXC3g5ca5yWb81sUdbT (0.00203928 SOL)

Signature: 2GMQMR6pUEt4eUQgPvuJWtSP9b3vLKth7aWp9VLJuKkD9GznyDU3R3zaPridKjG5GRvP6aePDNT9HFDVVnbagrVc

Transfer 1 tokens
  Sender: J15cNGvYqp3drjSK2w28V1P2jAuEDE8qhzrX9VgjuKWX
  Recipient: 57jCPDqnYFYCH6QLK9wxRGCocZTdT8gtDNmurLGPYNTn
  Recipient associated token account: 2SKXidYuxTzoL5W37avEVkSXnci6iPmm9jb2vae52Tg7
  Funding recipient: 2SKXidYuxTzoL5W37avEVkSXnci6iPmm9jb2vae52Tg7 (0.00203928 SOL)

Signature: 8mN1BnrTrpngWuaFXXGsTFMdVCF574PqrRJNCVpWG9xLoTAebjvpsCugHnRCwHMXHK1yZGBNXvvFPykxQc3h8sw

Transfer 1 tokens
  Sender: JD5QZYeeQgKjBaxpVjdtNycEoEYzhRe4o8DsufYHwM74
  Recipient: 4ks8jvtHN8JoWJME2KrPRi54XzDbKeiKXmb3Qy19naip
  Recipient associated token account: 9urj2kVZXhC9LrvYs1rC5P6heefybsnaoFWsrsZqwRBC
  Funding recipient: 9urj2kVZXhC9LrvYs1rC5P6heefybsnaoFWsrsZqwRBC (0.00203928 SOL)

Signature: 285FUvFFC9pcJwL3DiBM4AgMFwm7NX7ugwPRLKdfEVCteUCMqcP8hVprijJCsAAo2tau6CLQ15WDhawKTkvycPqs

Transfer 1 tokens
  Sender: C4dGdF1cjbnrjF5cHHnGyniPcNuW1BWdsyFitSmMC2co
  Recipient: CgcU64egDxkkoYvVZYeEGQvt2Qgdkucd8MRSiTcXnHyR
  Recipient associated token account: 8CdK8o9q69YxXnxe3sRbL3NTPFSRPk3unYVrrcRfrJoG
  Funding recipient: 8CdK8o9q69YxXnxe3sRbL3NTPFSRPk3unYVrrcRfrJoG (0.00203928 SOL)

Signature: 3pKTPq2jwrdz9cKBnY6QYLdTMq3mHPbL42PrLgv9Ex41e8CkSKC7pFK4mjT5dppgUNaWciGJuDC1QvBQCzu9s87c

Transfer 1 tokens
  Sender: 7knaYbo21BDpE6ZSk15UrQdPMqPVrKv27ZujT38JrhZb
  Recipient: 2eBBNzw7DeWuYfWhPVGanm7VyYogiWKjSRcAHhcDFSMd
  Recipient associated token account: HvxUpP68EU9sq4eqgqfCqqNeXVKWSAPQh35dEYFd6VNZ
  Funding recipient: HvxUpP68EU9sq4eqgqfCqqNeXVKWSAPQh35dEYFd6VNZ (0.00203928 SOL)

Signature: 2W1g7h9D6PSmJX3ENjQku8LRRqBUyiZ7q5doqtV5y23CaQjsdzjJ3tgyA8xgp458ANW874aMmEMb6b2rZua8DX9F

Transfer 1 tokens
  Sender: HW1bK9xwpwPNoHiENUYWUkVdZPxs4sS4pj2HXKGjTzJr
  Recipient: 6sSV6RqtPJQNLMWnPrXdAehshU3xJ4eW27wN31RWfjoB
  Recipient associated token account: 4q8CdfrumcgGrfM8erSiGRStaeGGeVJNnkG8Jerz6o5t
  Funding recipient: 4q8CdfrumcgGrfM8erSiGRStaeGGeVJNnkG8Jerz6o5t (0.00203928 SOL)

Signature: 4nMUEUYrid4oXCLCxSyUiWADwbw1FwzzL1AjSyZEfcXxPhyoAsXtvyq98acBR8LVskx3VQAChAR6YzaAcStJkd3b

Transfer 1 tokens
  Sender: CRgQi7e4nj7YwPW9dvZqPqoLJWAZtzzc4fvePLmLfpNG
  Recipient: 9nF2vqusHupTTNgw3quL4f3jorvPdJ8VBPv3Uw1xt3Mv
  Recipient associated token account: FACQouL3dwnPEgKoWwUuJBNuxLzavBV29tfHRi7GGdUa
  Funding recipient: FACQouL3dwnPEgKoWwUuJBNuxLzavBV29tfHRi7GGdUa (0.00203928 SOL)

Signature: 4YP8EzJCfxxzG21pGSfXmunJg8vU9SfV4uM2yFLdoDc9emhqQnMf56NwibDHFaJuKrRb7YVnU1tuy1KeKsQ7it1y

Transfer 1 tokens
  Sender: 7zpMeJVzC3aneLU6PnviqkWw7Bg1KWEtY779y34swzME
  Recipient: FdvMXoYeqtGkGHhQyztVFQMTRAP3oiQkLjVSFe17RWa
  Recipient associated token account: ghwAjodhmuCoEbfDwWN138SkYGx2Fpq6RozcEHpy3fv
  Funding recipient: ghwAjodhmuCoEbfDwWN138SkYGx2Fpq6RozcEHpy3fv (0.00203928 SOL)

Signature: 3jTwg2uckbned1vu2J2pyFtwsDoahdhaAyo3DCY8jqDXNQ4AWE4z9KbHPYkJL9YncsUWe6weNVPa63uH5SGyzAb1

Transfer 1 tokens
  Sender: 2BEbrP4ATGmskavA8fTpkVkhnmmhyEENyNQXnFw8zi35
  Recipient: 46VjLhoNqGdKSieBVbvsiWn6T6YpoV6Jcpgp2esZ9WDB
  Recipient associated token account: FesKVPeenMTtuRmdz4hqrHDFVarQQfhcXrZwZqVgZwrZ
  Funding recipient: FesKVPeenMTtuRmdz4hqrHDFVarQQfhcXrZwZqVgZwrZ (0.00203928 SOL)

Signature: 48bhT74bj2S4PuKFBeyid5KVQEpo84sJdAxQ5oeWDiDydoKGY9oYRfH6WDGeJk1uRYFes37KajEZPVEkTaVHtrsW

Transfer 1 tokens
  Sender: BV5VxRW5tGyaTtWSkJ3gyX67VrzRqBPRKhzLoNn4d6Fc
  Recipient: 62dKmy6VhcrkCRCU9fMnxMmwn8cVmwqXzRW7tA4Zx6Ee
  Recipient associated token account: 4uikkthnkhMDfd3pqgPcdw9zznSfcxMiDXnaEWwM7WVS
  Funding recipient: 4uikkthnkhMDfd3pqgPcdw9zznSfcxMiDXnaEWwM7WVS (0.00203928 SOL)

Signature: 31dbpqbps8Zx1b3cphqa8jpGJ6yd38Aq7mrwUe8tVBpFL45SYk4bJd8Jb6issmVeuQq5ZwUZwWj3Zkj9HafXAd3z

Transfer 1 tokens
  Sender: HveRNeMsfX5utnCrpyuiTA56U3ZKBdecvW8yGGH2PLyC
  Recipient: EVaAgKSQ4QM7f2vqh12ZRmrPt5SVS3X7mpLXcJD4wsPL
  Recipient associated token account: 31qD5So9NnuYWxJTpAg3h4nv1z5TLLSYP8rXMZEonjm2
  Funding recipient: 31qD5So9NnuYWxJTpAg3h4nv1z5TLLSYP8rXMZEonjm2 (0.00203928 SOL)

Signature: 3rJfyd9ox9HLmJmddzs7UP8Npk1CechWW6uPW7hiSgUoataoGYFAr8BTYm5HGchwGZvyaCi12QoZBsUNdecUXL9K

Transfer 1 tokens
  Sender: GaVBuhNSCsr4zjVXUKuVQEEu7JHZkbpRUbBJVmipe4aP
  Recipient: 3ATQ3P9vckgQYAwUZc3hLq7Zg1X7KaWoM57Tb2c2HW13
  Recipient associated token account: 6op12U6GXoHceR6GZENRDrxjLTV315aEXGFjPQBq1ZVk
  Funding recipient: 6op12U6GXoHceR6GZENRDrxjLTV315aEXGFjPQBq1ZVk (0.00203928 SOL)

Signature: 4Mq2NR2jae1YQyev66hBugMS2447b1Hvwkhf5p8TbWan22inXkFrR9NXcadispKfQxFJFHsP47BRETxCN6XLR1aT

Transfer 1 tokens
  Sender: 4GDo6fb7LDakr2JuyFGpJkiCjpwikbcaRbJQ9PvaqUmC
  Recipient: Cm8cYtgtfyULCzisqUnMg68aqqi12PGZScouQfJRfrG3
  Recipient associated token account: 7znQsdRgYZAHPUMHCh4NPeJwTgQ4wCRqK2SabBGQdG1u
  Funding recipient: 7znQsdRgYZAHPUMHCh4NPeJwTgQ4wCRqK2SabBGQdG1u (0.00203928 SOL)

Signature: 3ECG4N6kVDvAK72EFYi1oFdGNGAXD6upcCWPFbutTHsqM8T6SiLB11VQ3DAmoT7k89LmC8gYJGFo81LTJM65Apcy

Transfer 1 tokens
  Sender: FLQH6VceH9f1n3ewepXZ4HJaPLBYb8PsoXNyYBAEJtQv
  Recipient: DnCqNdc2vHLAq8abiRz51DDLty2hy89v2CS9DHdMdSWu
  Recipient associated token account: 8wYUsH8h9DuMhPbxMVjiicNnALhid5sPZLDT4ikLk9Qh
  Funding recipient: 8wYUsH8h9DuMhPbxMVjiicNnALhid5sPZLDT4ikLk9Qh (0.00203928 SOL)

Signature: 2RkmkN9r6YWkx6bvcUC95vdJmSsV1gwhALowUcT4wbk9PMYU1qahtoLr7eTJCP2GAoF1PQM7BLtU2ecMuskUar9b

Transfer 1 tokens
  Sender: FQkyUwiFBtaPe6fdgBAUhc851eX1exx6UKE7nEwZrxfC
  Recipient: BvDgVdVSj3XhJ7ojVTecKJuMMuLrDEquWeTWBN4dxEMY
  Recipient associated token account: HxfnejzFZuGsv7f4ekDqUrMRvVi6VEoU1oTiWMvYaq46
  Funding recipient: HxfnejzFZuGsv7f4ekDqUrMRvVi6VEoU1oTiWMvYaq46 (0.00203928 SOL)

Signature: 3PzCWUhHxQBSWdWDLKfD8TrLngmFErf45ouozifWNRhTyeEf1icNYSYrBuJmddnbxNnF8VJehed1eXo3VD1rcZut

Transfer 1 tokens
  Sender: 24oVsvyRBebN2tQbuohtpTrTD9j3EW5NEZjdMZhXSGGN
  Recipient: Cm8cYtgtfyULCzisqUnMg68aqqi12PGZScouQfJRfrG3
  Recipient associated token account: 2Uuk75eZpmxPeemAq3bPCzFfvyr25K6ugL4k79ix1Ds9
  Funding recipient: 2Uuk75eZpmxPeemAq3bPCzFfvyr25K6ugL4k79ix1Ds9 (0.00203928 SOL)

Signature: 3bkx5hY5P6c1srYrN1eM6ZvRJd5rnMPmPLcDR3pnzp5hKDLCPjqU1xQoei9hJHTSJVEseVs598xiZzXDS8bai62Z

Transfer 1 tokens
  Sender: RZkntNXDXQ9fUXKN2YVSkvxBtPzR4H2xRPX7iSCC6uH
  Recipient: 2YRQAHYBdYVuqZYESoZDePi8desiNbkwjxxVUPA9UWU4
  Recipient associated token account: AK78SXp76yY7QdRcJavr4hD8ZWVw2ae7PdUdW7YPmtVs
  Funding recipient: AK78SXp76yY7QdRcJavr4hD8ZWVw2ae7PdUdW7YPmtVs (0.00203928 SOL)

Signature: 3BPqUDwsWaxRXqxTw9JEpDy4iASbDvfm19c1Hv8pr995AhZ1TmkgkJo9WbztoUAVnKeuKJKLQKx1sJUWnCeKN8wD

Transfer 1 tokens
  Sender: HL2moGcbSxjcdKQoL6YUV3QUapXpLAwcfr24aRyXybiL
  Recipient: 6zbHJGNdqq7PawynSgxW6csjVHAN9nm51uLNMZqpxZts
  Recipient associated token account: 7uw974pj7RfA3mt3Xbg1UxbQVv7Lsd2Jhon9Seu2ZYSa
  Funding recipient: 7uw974pj7RfA3mt3Xbg1UxbQVv7Lsd2Jhon9Seu2ZYSa (0.00203928 SOL)

Signature: 3PQN67uwApHubRfJXzT67EJyzXgwYq512L6L9bpcgwat66QPebjjWZfNMa15v7PJjbpyW37u5ZwWXbgH4xTqd7gt

Transfer 1 tokens
  Sender: D7g3a86pqUGJ1baqV6NPDCxwsZDzKMTL7BJLLhSH2Bdn
  Recipient: 6hK4TePe6J2MAMeb9AWcFwi3XCMwpp67BXaxuxFmNKR9
  Recipient associated token account: 9LbKEE7n6sugtcBqegxpXL5wM2GC97yCLSbh9pQRFC7D
  Funding recipient: 9LbKEE7n6sugtcBqegxpXL5wM2GC97yCLSbh9pQRFC7D (0.00203928 SOL)

Signature: BSCsKoGjDEHE4nZYHPPTt56Ca86aY2kh41T4u1ht9DEEhV15DXYn6eowFjFA2cV69Rh773sYNdTphESxmVp1smK

Transfer 1 tokens
  Sender: EmqEch11SKUKCrqeZTC58JiJ7ptXZu3AWGo9t8uTdBte
  Recipient: 5vEyraHzZCP5yM5SMv4r1n8MGsSQeP5Mh1o6TXoWAvfk
  Recipient associated token account: 4FcPb1ALS8snXVbkXtQgMK5vekzkY3pwi4wYYDVGZovm
  Funding recipient: 4FcPb1ALS8snXVbkXtQgMK5vekzkY3pwi4wYYDVGZovm (0.00203928 SOL)

Signature: 2xbXGrjuF7FbETQ62upcQWrXyXv3HxtyM2Zd4rmJGqTKVvV1N3dWJE1vkHJ6USrwERzFPEbjGkyvL9ULgFonLTHy

Transfer 1 tokens
  Sender: BBnHX7qgQbWwTx44gV6nYQ2BrrZcLsJuWeoWqRxLv7dB
  Recipient: 5sMLzTSrQz5bLwQZAPaky9K8WN3BrUVD16kAgT8sXttz
  Recipient associated token account: 4pdb44ybPDfNQaQZBtYZR7SckHh2KJNrtfoaM8GnnvgT
  Funding recipient: 4pdb44ybPDfNQaQZBtYZR7SckHh2KJNrtfoaM8GnnvgT (0.00203928 SOL)

Signature: 5bV7VuPRSve9wEbCYtMJHdArJdbNunjZrCmXUmNDwiQWM1criRDnjxpTcF3r8x9SCii9gTm6NVn2EUVzJT2ivvme

Transfer 1 tokens
  Sender: 4dMLNZBEDQa5DCePnFL133Z6tQEKwbcyzh6FcUypqaVp
  Recipient: 5nH4SNp9Hhigqmjd8spT6UyLKN8okssmWJ48uCGfWf3J
  Recipient associated token account: 9HQGTGW4dDEe71MH15iLbomRg6QMnDK9uup1kLshMAif
  Funding recipient: 9HQGTGW4dDEe71MH15iLbomRg6QMnDK9uup1kLshMAif (0.00203928 SOL)

Signature: 57M5mwJi7H3HbNvFz2R3msebJTa1zTwayRpSbEXgZZ3oknpXKADUKE2fG8N5QDA74BpxoNronnuD7YKuVMbUcPLt

Transfer 1 tokens
  Sender: AZ7yvFtNeVmsWYSMX8REsxynfMgx7f6hR8GH82m9PKGj
  Recipient: BVFTQzEas8kMPkcugksaTTuLnQJ8ESxtLryk4ngdyvjU
  Recipient associated token account: 7GN9jQYa6XobZ1md74F6jX7L2MnWmzYhhpgyP6ki7mLG
  Funding recipient: 7GN9jQYa6XobZ1md74F6jX7L2MnWmzYhhpgyP6ki7mLG (0.00203928 SOL)

Signature: 4GeLvBFH2nCn3VwuAzemKkAc9dqs5MqSSadFhj2YCKdJEdvB4AbArXNN1WooGCdt9yRBMHwbespPqriDHSrsXRc8

Transfer 1 tokens
  Sender: 6UGqvCdPuTfC88JtLGVZrqVYx2Xnnzr2hwxrYCKaY3z7
  Recipient: 9vTVgL5yTaRSj1QThL3jViVdwZTiwvPzqsFs4eHdjZjf
  Recipient associated token account: HxRDaX5dYnoddUVrM1s9PAUmVHPqBavgZxkEvHJvAfWx
  Funding recipient: HxRDaX5dYnoddUVrM1s9PAUmVHPqBavgZxkEvHJvAfWx (0.00203928 SOL)

Signature: 3T1MuNgPXt5PYrib5HCuRuKaHrwy8LsUrFViab7ijtZ9ys7HKsQmukraMnNnUxWkivwZWpYDwvBgdSeQnH4S8wG3

Transfer 1 tokens
  Sender: 456vPUMCPxsqsNGur2E3CirEeZpXYtHCvv2LpJ9UtpWE
  Recipient: 22xsDuVF4vQCENwpCxTBsF2QmzE8Lqxnxu5N2PhV1Rjd
  Recipient associated token account: FPhKvKuY3YYqBiA4evFQjUsSeoH5PTVVCU7czipsLrXe
  Funding recipient: FPhKvKuY3YYqBiA4evFQjUsSeoH5PTVVCU7czipsLrXe (0.00203928 SOL)

Signature: 3Ypt6mmqKpFyTMuyxorNtX9KHK8Awv7yQ5UU4tZJSurSis5reLzP9ZmwVXRaatYAnyQfVzoGLyb2hVkrhZ4CTJER

Transfer 1 tokens
  Sender: Ge19xJ2FpRGwntfUWBarkkgpKZBzq4LZRi8xGWXuycmk
  Recipient: 2fdYctTeAsboUk7UxhVKYJRg7y8srZadg1wTHQ42N1XR
  Recipient associated token account: HNsDth137G4TuSJDNjwDVaKYbynXmP7G2KeftFxLHeVg
  Funding recipient: HNsDth137G4TuSJDNjwDVaKYbynXmP7G2KeftFxLHeVg (0.00203928 SOL)

Signature: 2mfWAE5eH1QumSngJeeUfVxtgJwUnfr1MV2Dr2UziNMo2b8i9zEdfVVuRibSVQrWenC28kgxK2KqsAJz6TJ5JMS9

Transfer 1 tokens
  Sender: 9f6qRV3np4RpyAvvFM84GFagfhdtZht4ESCeQnqfMbam
  Recipient: CzBuPFMJQbPLw6k3B7z7KNBwMWfJZZKTFBYZLhYB27N1
  Recipient associated token account: 4mBFSkVKHuXLeziXB5UusMRFStw1ze9PQC6qRnRDEt9n
  Funding recipient: 4mBFSkVKHuXLeziXB5UusMRFStw1ze9PQC6qRnRDEt9n (0.00203928 SOL)

Signature: 2Ha8CRX4kEERDx83gRy8h2emnq8DWxtidWqbh5d6FCSBr6tbSJrycTrY6ShPTckw6sQyLaDiPogqA2qLfVAx6DGS

Transfer 1 tokens
  Sender: 88VhJtFi3qZrGnBqhAdubcQUaX5bu38TRL9XYGaKG4Ro
  Recipient: ERrznCBcv946zdfxu1p2krYizeWfpAxrx6mkwbVQZJK7
  Recipient associated token account: 487BtHf3wvnsTJeDXtVh8HoqMFCNEr9iCnDCoHeRq2r4
  Funding recipient: 487BtHf3wvnsTJeDXtVh8HoqMFCNEr9iCnDCoHeRq2r4 (0.00203928 SOL)

Signature: p7TspmpZoXX6L2NjdmDU4qnCx3T68Z6jYP8uWfwsrsqSqdgjdiSGzZQJQPEw8SFGSfnVQkRZXJZtkHEyerj2PFU

Transfer 1 tokens
  Sender: BFAbDDwvKCZggQvp5vhmhvb7HWZ7pb27f2M7wJYM8fXo
  Recipient: 2TNxVXbtKfCae8UYKv3DDpvdooHEpS9q57zciRTAtPKS
  Recipient associated token account: EUHNt9JwRBpv6DKV7FxwU2TW11WxHHVxvrsADtXCYJk2
  Funding recipient: EUHNt9JwRBpv6DKV7FxwU2TW11WxHHVxvrsADtXCYJk2 (0.00203928 SOL)

Signature: 333XRbkmYQMZUgcEGd4KQix2JBsxmeWuWeHHAvK7Bu6Zk1cedZXw9EWMvxGWouN7egLDqzuNpUbY8xhBH3ggQXT5

Transfer 1 tokens
  Sender: 91yU9QrFayo4pX47wzhYQZm5pWM8BQJfkDErr9ksY4Xy
  Recipient: Cf4pZaok9wdfp8qTT3RiQZvJE5t638oeQPVekwEJyYrX
  Recipient associated token account: yMNsQgDqk2gnhfsgA4uc2EnntMUQjyEqjCU8YXUCQby
  Funding recipient: yMNsQgDqk2gnhfsgA4uc2EnntMUQjyEqjCU8YXUCQby (0.00203928 SOL)

Signature: 4FfJX7sMJgjQo9YtoobCyB9jZCfWhfzf4VabKsxNH1b4yWWx6AEMANPZinCyu6GTgBJVbk7g1Cy6s1jRuNHqnCUP

Transfer 1 tokens
  Sender: FJAavuTtzqw8VWeH8Fq9oHiwE6s7imGbjpVGeBVYAyGk
  Recipient: 5d95ZghUcfxxnom9WJL6yJMQ43EZ3BWTts4WsQmZssJF
  Recipient associated token account: 8REM6oMDutJAfDTqZGKsgBEFvYVQAshMqKtwNYfGYoFR
  Funding recipient: 8REM6oMDutJAfDTqZGKsgBEFvYVQAshMqKtwNYfGYoFR (0.00203928 SOL)

Signature: 3gtJUWzwxigjqZ2zwRa2wToXJKNicbrUDAKRB6DQhsxWM5C93f2yGbqUuJqD3AML7HEcZeQMeZMm5qeyLH9K6jWh

Transfer 1 tokens
  Sender: 6n7dTvzugSSakqpP1DJzcgqdQx9EBLZGXdfEso4Kh78t
  Recipient: GWoFiTkmgkdUxvRNZ8kMGVxUctDabMNYZ4ztFnQokBrH
  Recipient associated token account: 98SRJKg9XAigAKBqzGFaz1uD9qwFFD2heKS1gQp6dVVd
  Funding recipient: 98SRJKg9XAigAKBqzGFaz1uD9qwFFD2heKS1gQp6dVVd (0.00203928 SOL)

Signature: 5mE2bTySjx3VT9o6VBchBJTEzUAU9xaXeRVyUKzZkMcVDVUYuXghrsCr8ESQxhEYj8uHNQHo55cv8Sq12nha8S3i

Transfer 1 tokens
  Sender: X5EJ8k9jWj1s4bw3XXtFyC6skrFEE6ry1PsKuMizpnT
  Recipient: GbqUXeWRdEM5PdpBm5B2jB5mRTmnPchtEeiKP7W9icrK
  Recipient associated token account: 6hcm3966DXosycdoWBKsfGmudqhSGKmUWxsebcfMrQpr
  Funding recipient: 6hcm3966DXosycdoWBKsfGmudqhSGKmUWxsebcfMrQpr (0.00203928 SOL)

Signature: 2dZWhk2snRSC9FvjiAXxc7rFHgvAwkjC1ds2e5bB3TN8B2grQCeasLatd1mDaDyEwPFKXR5rNQ2UWsYEt6o7Hd86

Transfer 1 tokens
  Sender: Eh8RidTvDiiaQybRK3MQFKzE3dG7NowCDZazAMEqToCo
  Recipient: 47CE2mpyDBuqzT1iqNLVyXwjYSWSM4waZyeERvPjAYgw
  Recipient associated token account: BEuY8vFfGq4qdfrbToqEuGeC6qWwX42GUP1PMj4mZmKc
  Funding recipient: BEuY8vFfGq4qdfrbToqEuGeC6qWwX42GUP1PMj4mZmKc (0.00203928 SOL)

Signature: 57xmv7zFGM8cHszSYgy8FJMP64zQNL3o9eyzaLXW1UGhQsCtV6eBe33H5FeqTKhgoVd1qYodvNJ4hBvkGVu45X5P

Transfer 1 tokens
  Sender: 8WaPKjh9KymCRRrCATk2j6zkj4GnS8LkUaBXhPuxG68R
  Recipient: EkHsWj67nEwZKZk8RQsVqn4t9vv5VgLyArLnSo4cvVCG
  Recipient associated token account: 2z17MrdmNwA7jPsYcrfYn6KXsV3uhjHZQHCLV6vbx84E
  Funding recipient: 2z17MrdmNwA7jPsYcrfYn6KXsV3uhjHZQHCLV6vbx84E (0.00203928 SOL)

Signature: 51feX33vT77JjVYchaXb3c2dfFWpso1fc94BQUbW2H3TJjbtWpmcbkvQBxUgBnsFjp3X4xtHg6Puh3SUdnVDG1hg

Transfer 1 tokens
  Sender: 6m5Tp1bTjsifuKFFmYo5hwcBdTDcPfGneGaQvKjasKRA
  Recipient: 7iNxffZAqQPSD57GXrFui7VzgxiZd2RKTb942rkaMY4k
  Recipient associated token account: 7wmDo4FSjEV9tDoJbUGPhFLyNT7QSKvrYpRx5cRpRsyb
  Funding recipient: 7wmDo4FSjEV9tDoJbUGPhFLyNT7QSKvrYpRx5cRpRsyb (0.00203928 SOL)

Signature: 54to4Qip2J1esSy9oWLmbeyoxutynEHteTS2KgxgyANEkYfXqxFeNNa6yPPKF3NSQptsKQJNyKz156JpUSsHsZk1

Transfer 1 tokens
  Sender: 2twxea7vUaCjss4yrAx1Sz2t3rq1jvyAZFFNmv7N24kN
  Recipient: H4Z5MEqS9CvjLzKHyMrQ2XkeZUQ3PANyeirkRx3PTGXP
  Recipient associated token account: 6nN6ednW6SMGapv73xPtyErwRKjxBQCgvYc2pQUMGK3T
  Funding recipient: 6nN6ednW6SMGapv73xPtyErwRKjxBQCgvYc2pQUMGK3T (0.00203928 SOL)

Signature: 5bvzApMK9YYNudBe3ZSBRySaPVHpAki2xkmFQKxk1Hv8kBk2Mwn4KATzqG9QJXpHk1uVu7A6X9rqM95tYSn2V8HQ

Transfer 1 tokens
  Sender: BhGYZcQvmN2s1Wc6Krfd5U87hB519PKJ7wYbQ3PGjPbg
  Recipient: CWiXLx6juMmaq33BPXGJ1k2DPqzfDyCQWoAsUUe83CqP
  Recipient associated token account: 2k9FEFHd1XyayZ3JKUDZ87Sk36oE8kyhSC1UkXF7bzQx
  Funding recipient: 2k9FEFHd1XyayZ3JKUDZ87Sk36oE8kyhSC1UkXF7bzQx (0.00203928 SOL)

Signature: 214t5CLCRoadQRYEdDUK8mLhfvq7tvWwM5sYJqehp2CEfSdEVUEYWrrZdiRtvQc2FcmySJhWfyvMRbRbNmqbfE3k

Transfer 1 tokens
  Sender: ASkEA6LRuYKeedjsA1CmCNicxbyaWWyY2jaCAFBu1hb8
  Recipient: 4NT53hq9udaY7repyBfyWjSLs4DzjpdNc2sRNjBbQzxT
  Recipient associated token account: 8EQVeQcig7FGiiKNzGe5bzAU5ov6WKBq2VarC471FbDS
  Funding recipient: 8EQVeQcig7FGiiKNzGe5bzAU5ov6WKBq2VarC471FbDS (0.00203928 SOL)

Signature: 5CYcpUS8hjmfhobxTgHtNEektTcPtkRhDo7xsJuH3gDXo9ufg74Bi26bpPA3m3mwBv3EDEp1JWCSceTqGWZRkNAE

Transfer 1 tokens
  Sender: 5ePwHH76xiG3pvecZqWi8jukjAyZBgQRUmYh7B4W14j4
  Recipient: 4DdRYAD84KyT7tMhfXxTWqKW1Mou75BuNFBj2i4oHvDi
  Recipient associated token account: Ech1V8JeKmQkwvvMjAE2Qfe1Hkyx32zcrwJWXFzxQj7K
  Funding recipient: Ech1V8JeKmQkwvvMjAE2Qfe1Hkyx32zcrwJWXFzxQj7K (0.00203928 SOL)

Signature: 5edqzgKW2rrkPRSDgvX8a9V3vKivTTgnqR2AtDDzRwDsK7PXuUHBiqjPsM34bKVgAjqtCFATTVXQQAh7HbN1tPnY

Transfer 1 tokens
  Sender: 5aLRhwt3z9NcNBFxSsUQ1zZ3KYVtTPobcp9yeJ1sHNoi
  Recipient: C762qko75CKVxjE5JpaKvqXSfo7XQHKf1a1h6Pky8qzA
  Recipient associated token account: H6XBJVqgateKFPbZyvKKnEeTJSrGaU6UAZoe5WqpeZk5
  Funding recipient: H6XBJVqgateKFPbZyvKKnEeTJSrGaU6UAZoe5WqpeZk5 (0.00203928 SOL)

Signature: 46EZnfBFLrs1K4CwUysS53S1GNKy3xZoE7SGWJSPLWbQWFKfY9EyAyjob4tBmBhK4tWTc1LbgMUi5QEshn9Qhbi8

Transfer 1 tokens
  Sender: YqKvKF3hAv676ETK56jKNKU8jVxQbDraFppqtpWEuFv
  Recipient: 6ykYU3fWNQnoNunJKDLSVSZWCMPoajoE8EVNzKCYs9qT
  Recipient associated token account: DZBDUUQCyKgzxatJ8zGsQN44cX4oHmeUohPNTAyJSfbL
  Funding recipient: DZBDUUQCyKgzxatJ8zGsQN44cX4oHmeUohPNTAyJSfbL (0.00203928 SOL)

Signature: 2JRhcsVa2mZFwhjhBgHcHJyzqCPKTzXB9sh8kZRvT3rpbjohGxGcLvby7iQwiu2e2hpq2ZXZe51UD3dbc6G9dnig

Transfer 1 tokens
  Sender: 9C3gagzGJW65MawoTDeHJxBVsSWEThAVHeKKsjp6aWXf
  Recipient: 5nH4SNp9Hhigqmjd8spT6UyLKN8okssmWJ48uCGfWf3J
  Recipient associated token account: Hr6THjpr6eE1F1JX17BRTraRXrUFkoJfSryXA1Q4uLCB
  Funding recipient: Hr6THjpr6eE1F1JX17BRTraRXrUFkoJfSryXA1Q4uLCB (0.00203928 SOL)

Signature: 59bA2oVFpsGwefDDgAKSKrNdHBxvc4aHmqGQM22vWrz5gox711w21S92VGLyMetQRR9oU9yqhH6FS7APAAADU13u

Transfer 1 tokens
  Sender: D16qi6zPLLsJ5SvLNsUsAqRQ5g81UmpspdMJBSxNQcGL
  Recipient: C6ziqrxZLkEpkA7hyrQ5fQAnLqfD9MnhT6P8nXafVW8i
  Recipient associated token account: BPyGCmJS6aiuSm27dWDWbmqkWRzTgeoUg5C3s7xWS5Um
  Funding recipient: BPyGCmJS6aiuSm27dWDWbmqkWRzTgeoUg5C3s7xWS5Um (0.00203928 SOL)

Signature: 2ifAoPpVrVdumow2Lw324WuTSTDZdctXJAJTLADtrzX2664yDn9M47Y3ZWoDNYGoKNj9rJvz6n9Qc8bEtiAq7WCa

Transfer 1 tokens
  Sender: 7yRy8tBULyPyoMfvzSy4MJihJwEN3vAyVuxuxv7dzW2a
  Recipient: DMwHn74WRoFuFyzcKijfEohU8c373q8YfZquzXwAuXAL
  Recipient associated token account: 34HNpvdgDosh85kHM7B8CJ8hcQFcUbB25nbudRmiN179
  Funding recipient: 34HNpvdgDosh85kHM7B8CJ8hcQFcUbB25nbudRmiN179 (0.00203928 SOL)

Signature: 58h7TjZg7gxkpv1sKLW8safJWZ7g6JZtZsAjzU6Ko9h1nyiH3XMU4xtb5A4pxiy7TnU71u8zzLS1uc9YZDi9KNAS

Transfer 1 tokens
  Sender: BwCXXwcBPLdRqaCJhbvtT11D6utwVjrVAnHz5bRSwZBD
  Recipient: 9V4i8VdxEHgjQFEKdXT3N4nFKRtNtkKCzd17SjxVWLSo
  Recipient associated token account: HMj344fcYnhwTKjwF9dyZ83rFBULy7ETKVdnTaa1UMrS
  Funding recipient: HMj344fcYnhwTKjwF9dyZ83rFBULy7ETKVdnTaa1UMrS (0.00203928 SOL)

Signature: 24nqcjfFkzjwChrsg8xfHxfjDg5TnYnKUctxVWsVQKgQjjG4F4MhwPCGcWd9v7WXTEsiYku21dzd1usDHk7vWwcd

Transfer 1 tokens
  Sender: BscFhQpbqWzo2s39wriMta2LP3dFCWMTqbHrYK8knEeP
  Recipient: 64jCYfpbcVRvVUbntgfNVxNMhFXFXWD19NQr1663MB36
  Recipient associated token account: DR6bqNjZBzt9SuQsqXFim1w9nKwjtKQrxVTniwVDSNjH
  Funding recipient: DR6bqNjZBzt9SuQsqXFim1w9nKwjtKQrxVTniwVDSNjH (0.00203928 SOL)

Signature: 2cssgtkxExVcrWA5mYp9Z1y7NqgqLeFL6BBY5kvfHuNhPfW1o9HUTnyr9K44jEwxDu94gSK9MtbmAqckeVdJvg1o

Transfer 1 tokens
  Sender: BGfEA3Wmgn2jF4UMhrtvE5xBPUChfxZj3NVkPD32ydkP
  Recipient: APyRC1YdA9HQxXnGkLr59ZERPXxVW1s1fG42UkPHF7Zh
  Recipient associated token account: GKosYTJcpvTPygETz2XNG23tPBYvB8oQBVD4aWtkP8kV
  Funding recipient: GKosYTJcpvTPygETz2XNG23tPBYvB8oQBVD4aWtkP8kV (0.00203928 SOL)

Signature: 5id3qinCWNwuGBDrfr8wGQSysEr33jxXo9ZsZpa54JJVza8D77rqyE2DFcWRp2gZ2HvEYUjGrVsU16kGTGLfMp6q

Transfer 1 tokens
  Sender: APM9gM994SwHQjBz21ZVNWzh1fp9Dg3A4seCJsixzMmB
  Recipient: GnwV7xhSksoZ1Ve3Zx5PqoxVEr4mKCBpBf5zRRcv4TvV
Transfer 1 tokens
  Sender: J15cNGvYqp3drjSK2w28V1P2jAuEDE8qhzrX9VgjuKWX
  Recipient: 3MQyT4Nq9M1XT6NFxmBT7niExnxy8BXKDfX9zC6LmP5c
Transfer 1 tokens
  Sender: APM9gM994SwHQjBz21ZVNWzh1fp9Dg3A4seCJsixzMmB
  Recipient: 6NFDAeuLJJAFNj6hu2Hxkqj6qEoBnt3Sm6GtStpfQuwD
Transfer 1 tokens
  Sender: J15cNGvYqp3drjSK2w28V1P2jAuEDE8qhzrX9VgjuKWX
  Recipient: 57jCPDqnYFYCH6QLK9wxRGCocZTdT8gtDNmurLGPYNTn
Transfer 1 tokens
  Sender: JD5QZYeeQgKjBaxpVjdtNycEoEYzhRe4o8DsufYHwM74
  Recipient: 4ks8jvtHN8JoWJME2KrPRi54XzDbKeiKXmb3Qy19naip
Transfer 1 tokens
  Sender: C4dGdF1cjbnrjF5cHHnGyniPcNuW1BWdsyFitSmMC2co
  Recipient: CgcU64egDxkkoYvVZYeEGQvt2Qgdkucd8MRSiTcXnHyR
Transfer 1 tokens
  Sender: 7knaYbo21BDpE6ZSk15UrQdPMqPVrKv27ZujT38JrhZb
  Recipient: 2eBBNzw7DeWuYfWhPVGanm7VyYogiWKjSRcAHhcDFSMd
Transfer 1 tokens
  Sender: HW1bK9xwpwPNoHiENUYWUkVdZPxs4sS4pj2HXKGjTzJr
  Recipient: 6sSV6RqtPJQNLMWnPrXdAehshU3xJ4eW27wN31RWfjoB
Transfer 1 tokens
  Sender: CRgQi7e4nj7YwPW9dvZqPqoLJWAZtzzc4fvePLmLfpNG
  Recipient: 9nF2vqusHupTTNgw3quL4f3jorvPdJ8VBPv3Uw1xt3Mv
Transfer 1 tokens
  Sender: 7zpMeJVzC3aneLU6PnviqkWw7Bg1KWEtY779y34swzME
  Recipient: FdvMXoYeqtGkGHhQyztVFQMTRAP3oiQkLjVSFe17RWa
Transfer 1 tokens
  Sender: 2BEbrP4ATGmskavA8fTpkVkhnmmhyEENyNQXnFw8zi35
  Recipient: 46VjLhoNqGdKSieBVbvsiWn6T6YpoV6Jcpgp2esZ9WDB
Transfer 1 tokens
  Sender: BV5VxRW5tGyaTtWSkJ3gyX67VrzRqBPRKhzLoNn4d6Fc
  Recipient: 62dKmy6VhcrkCRCU9fMnxMmwn8cVmwqXzRW7tA4Zx6Ee
Transfer 1 tokens
  Sender: HveRNeMsfX5utnCrpyuiTA56U3ZKBdecvW8yGGH2PLyC
  Recipient: EVaAgKSQ4QM7f2vqh12ZRmrPt5SVS3X7mpLXcJD4wsPL
Transfer 1 tokens
  Sender: GaVBuhNSCsr4zjVXUKuVQEEu7JHZkbpRUbBJVmipe4aP
  Recipient: 3ATQ3P9vckgQYAwUZc3hLq7Zg1X7KaWoM57Tb2c2HW13
Transfer 1 tokens
  Sender: 4GDo6fb7LDakr2JuyFGpJkiCjpwikbcaRbJQ9PvaqUmC
  Recipient: Cm8cYtgtfyULCzisqUnMg68aqqi12PGZScouQfJRfrG3
Transfer 1 tokens
  Sender: FLQH6VceH9f1n3ewepXZ4HJaPLBYb8PsoXNyYBAEJtQv
  Recipient: DnCqNdc2vHLAq8abiRz51DDLty2hy89v2CS9DHdMdSWu
Transfer 1 tokens
  Sender: FQkyUwiFBtaPe6fdgBAUhc851eX1exx6UKE7nEwZrxfC
  Recipient: BvDgVdVSj3XhJ7ojVTecKJuMMuLrDEquWeTWBN4dxEMY
Transfer 1 tokens
  Sender: 24oVsvyRBebN2tQbuohtpTrTD9j3EW5NEZjdMZhXSGGN
  Recipient: Cm8cYtgtfyULCzisqUnMg68aqqi12PGZScouQfJRfrG3
Transfer 1 tokens
  Sender: RZkntNXDXQ9fUXKN2YVSkvxBtPzR4H2xRPX7iSCC6uH
  Recipient: 2YRQAHYBdYVuqZYESoZDePi8desiNbkwjxxVUPA9UWU4
Transfer 1 tokens
  Sender: HL2moGcbSxjcdKQoL6YUV3QUapXpLAwcfr24aRyXybiL
  Recipient: 6zbHJGNdqq7PawynSgxW6csjVHAN9nm51uLNMZqpxZts
Transfer 1 tokens
  Sender: D7g3a86pqUGJ1baqV6NPDCxwsZDzKMTL7BJLLhSH2Bdn
  Recipient: 6hK4TePe6J2MAMeb9AWcFwi3XCMwpp67BXaxuxFmNKR9
Transfer 1 tokens
  Sender: EmqEch11SKUKCrqeZTC58JiJ7ptXZu3AWGo9t8uTdBte
  Recipient: 5vEyraHzZCP5yM5SMv4r1n8MGsSQeP5Mh1o6TXoWAvfk
Transfer 1 tokens
  Sender: BBnHX7qgQbWwTx44gV6nYQ2BrrZcLsJuWeoWqRxLv7dB
  Recipient: 5sMLzTSrQz5bLwQZAPaky9K8WN3BrUVD16kAgT8sXttz
Transfer 1 tokens
  Sender: 4dMLNZBEDQa5DCePnFL133Z6tQEKwbcyzh6FcUypqaVp
  Recipient: 5nH4SNp9Hhigqmjd8spT6UyLKN8okssmWJ48uCGfWf3J
Transfer 1 tokens
  Sender: AZ7yvFtNeVmsWYSMX8REsxynfMgx7f6hR8GH82m9PKGj
  Recipient: BVFTQzEas8kMPkcugksaTTuLnQJ8ESxtLryk4ngdyvjU
Transfer 1 tokens
  Sender: 6UGqvCdPuTfC88JtLGVZrqVYx2Xnnzr2hwxrYCKaY3z7
  Recipient: 9vTVgL5yTaRSj1QThL3jViVdwZTiwvPzqsFs4eHdjZjf
Transfer 1 tokens
  Sender: 456vPUMCPxsqsNGur2E3CirEeZpXYtHCvv2LpJ9UtpWE
  Recipient: 22xsDuVF4vQCENwpCxTBsF2QmzE8Lqxnxu5N2PhV1Rjd
Transfer 1 tokens
  Sender: Ge19xJ2FpRGwntfUWBarkkgpKZBzq4LZRi8xGWXuycmk
  Recipient: 2fdYctTeAsboUk7UxhVKYJRg7y8srZadg1wTHQ42N1XR
Transfer 1 tokens
  Sender: 9f6qRV3np4RpyAvvFM84GFagfhdtZht4ESCeQnqfMbam
  Recipient: CzBuPFMJQbPLw6k3B7z7KNBwMWfJZZKTFBYZLhYB27N1
Transfer 1 tokens
  Sender: 88VhJtFi3qZrGnBqhAdubcQUaX5bu38TRL9XYGaKG4Ro
  Recipient: ERrznCBcv946zdfxu1p2krYizeWfpAxrx6mkwbVQZJK7
Transfer 1 tokens
  Sender: BFAbDDwvKCZggQvp5vhmhvb7HWZ7pb27f2M7wJYM8fXo
  Recipient: 2TNxVXbtKfCae8UYKv3DDpvdooHEpS9q57zciRTAtPKS
Transfer 1 tokens
  Sender: 91yU9QrFayo4pX47wzhYQZm5pWM8BQJfkDErr9ksY4Xy
  Recipient: Cf4pZaok9wdfp8qTT3RiQZvJE5t638oeQPVekwEJyYrX
Transfer 1 tokens
  Sender: FJAavuTtzqw8VWeH8Fq9oHiwE6s7imGbjpVGeBVYAyGk
  Recipient: 5d95ZghUcfxxnom9WJL6yJMQ43EZ3BWTts4WsQmZssJF
Transfer 1 tokens
  Sender: 6n7dTvzugSSakqpP1DJzcgqdQx9EBLZGXdfEso4Kh78t
  Recipient: GWoFiTkmgkdUxvRNZ8kMGVxUctDabMNYZ4ztFnQokBrH
Transfer 1 tokens
  Sender: X5EJ8k9jWj1s4bw3XXtFyC6skrFEE6ry1PsKuMizpnT
  Recipient: GbqUXeWRdEM5PdpBm5B2jB5mRTmnPchtEeiKP7W9icrK
Transfer 1 tokens
  Sender: Eh8RidTvDiiaQybRK3MQFKzE3dG7NowCDZazAMEqToCo
  Recipient: 47CE2mpyDBuqzT1iqNLVyXwjYSWSM4waZyeERvPjAYgw
Transfer 1 tokens
  Sender: 8WaPKjh9KymCRRrCATk2j6zkj4GnS8LkUaBXhPuxG68R
  Recipient: EkHsWj67nEwZKZk8RQsVqn4t9vv5VgLyArLnSo4cvVCG
Transfer 1 tokens
  Sender: 6m5Tp1bTjsifuKFFmYo5hwcBdTDcPfGneGaQvKjasKRA
  Recipient: 7iNxffZAqQPSD57GXrFui7VzgxiZd2RKTb942rkaMY4k
Transfer 1 tokens
  Sender: 2twxea7vUaCjss4yrAx1Sz2t3rq1jvyAZFFNmv7N24kN
  Recipient: H4Z5MEqS9CvjLzKHyMrQ2XkeZUQ3PANyeirkRx3PTGXP
Transfer 1 tokens
  Sender: BhGYZcQvmN2s1Wc6Krfd5U87hB519PKJ7wYbQ3PGjPbg
  Recipient: CWiXLx6juMmaq33BPXGJ1k2DPqzfDyCQWoAsUUe83CqP
Transfer 1 tokens
  Sender: ASkEA6LRuYKeedjsA1CmCNicxbyaWWyY2jaCAFBu1hb8
  Recipient: 4NT53hq9udaY7repyBfyWjSLs4DzjpdNc2sRNjBbQzxT
Transfer 1 tokens
  Sender: 5ePwHH76xiG3pvecZqWi8jukjAyZBgQRUmYh7B4W14j4
  Recipient: 4DdRYAD84KyT7tMhfXxTWqKW1Mou75BuNFBj2i4oHvDi
Transfer 1 tokens
  Sender: 5aLRhwt3z9NcNBFxSsUQ1zZ3KYVtTPobcp9yeJ1sHNoi
  Recipient: C762qko75CKVxjE5JpaKvqXSfo7XQHKf1a1h6Pky8qzA
Transfer 1 tokens
  Sender: YqKvKF3hAv676ETK56jKNKU8jVxQbDraFppqtpWEuFv
  Recipient: 6ykYU3fWNQnoNunJKDLSVSZWCMPoajoE8EVNzKCYs9qT
Transfer 1 tokens
  Sender: 9C3gagzGJW65MawoTDeHJxBVsSWEThAVHeKKsjp6aWXf
  Recipient: 5nH4SNp9Hhigqmjd8spT6UyLKN8okssmWJ48uCGfWf3J
Transfer 1 tokens
  Sender: D16qi6zPLLsJ5SvLNsUsAqRQ5g81UmpspdMJBSxNQcGL
  Recipient: C6ziqrxZLkEpkA7hyrQ5fQAnLqfD9MnhT6P8nXafVW8i
Transfer 1 tokens
  Sender: 7yRy8tBULyPyoMfvzSy4MJihJwEN3vAyVuxuxv7dzW2a
  Recipient: DMwHn74WRoFuFyzcKijfEohU8c373q8YfZquzXwAuXAL
Transfer 1 tokens
  Sender: BwCXXwcBPLdRqaCJhbvtT11D6utwVjrVAnHz5bRSwZBD
  Recipient: 9V4i8VdxEHgjQFEKdXT3N4nFKRtNtkKCzd17SjxVWLSo
Transfer 1 tokens
  Sender: BscFhQpbqWzo2s39wriMta2LP3dFCWMTqbHrYK8knEeP
  Recipient: 64jCYfpbcVRvVUbntgfNVxNMhFXFXWD19NQr1663MB36
Transfer 1 tokens
  Sender: BGfEA3Wmgn2jF4UMhrtvE5xBPUChfxZj3NVkPD32ydkP
  Recipient: APyRC1YdA9HQxXnGkLr59ZERPXxVW1s1fG42UkPHF7Zh
Transfer 1 tokens
  Sender: APM9gM994SwHQjBz21ZVNWzh1fp9Dg3A4seCJsixzMmB
  Recipient: GnwV7xhSksoZ1Ve3Zx5PqoxVEr4mKCBpBf5zRRcv4TvV
Transfer 1 tokens
  Sender: J15cNGvYqp3drjSK2w28V1P2jAuEDE8qhzrX9VgjuKWX
  Recipient: 3MQyT4Nq9M1XT6NFxmBT7niExnxy8BXKDfX9zC6LmP5c
