Transfer 1 tokens
  Sender: F9pRYZfKHqaJKkfGLLpLsRRQVpzwBnFAhnC78iVQTxgs
  Recipient: 2KF6StkQq3JLRsnMtjTKew6yaR6uiDX3aD5DWvT19dqa
  Recipient associated token account: 6DWr3xxusPFe5yyf9eZwo8qndJnzMYcvdsyMG6hnLWp2
  Funding recipient: 6DWr3xxusPFe5yyf9eZwo8qndJnzMYcvdsyMG6hnLWp2 (0.00203928 SOL)

Signature: 39gUqSaA8FJcxCiRfc4nv8xQm4VFxiLGRfmJatiBdPAkeWyMk9QD7VqVN6Qo2HQc9gdv69aLLhk4q6wSxGXhaMRd

Transfer 1 tokens
  Sender: 88eH64hBUxZ7pEbmQbo27EPiwFuAxoZWu8r8E5UoGjj7
  Recipient: 5ssu1FQCAxLQZUbSnFXAuPn2eDaZBTWkc5QBChh2yxAa
  Recipient associated token account: CT4sv8gz4mmnTcaSggjPSpXJ8FbYX4PPSaCWw29tyS4R
  Funding recipient: CT4sv8gz4mmnTcaSggjPSpXJ8FbYX4PPSaCWw29tyS4R (0.00203928 SOL)

Signature: J5VEMCYUcyj9x3HE9HeaHatbiwrkExSK2HfbMy49NEJEnQJoDxRobGnpXgqm2iuAGvNDAejwBy8gj9JBjNkDiTq

Transfer 1 tokens
  Sender: AroBdeLhw2RhTyPAZ9yK4c8pWFhFBokJcZBrjvADQRk4
  Recipient: 93JcD52gQgTkGqADLhEo1E2vbqDkwXmuMGuz6bLh5hVa
  Recipient associated token account: 5UnK7Xw1RmDodaBijDEiAoSfETZH5bu2pVYjMM58bu7t
  Funding recipient: 5UnK7Xw1RmDodaBijDEiAoSfETZH5bu2pVYjMM58bu7t (0.00203928 SOL)

Signature: 66zy4h8diUtzsVPZ98FgsGCWmH2z6vn6aASkkftX7PEACV9XyRosR2Ba7HbVidhtE7n683ddhz2R5adKpP1BGntj

Transfer 1 tokens
  Sender: GNRM8riEJ5iFYx6VmshgAWBpuNXKkoQDoQo88sZtoexi
  Recipient: GZ7dL3aqcVwynsidEqLTUnsHf3iK5wvNFsCEJZvoVXFe
  Recipient associated token account: BG5tanfteHdPsWyNLBucLNMPrdHDETwU1xSfkS4q9XLW
  Funding recipient: BG5tanfteHdPsWyNLBucLNMPrdHDETwU1xSfkS4q9XLW (0.00203928 SOL)

Signature: 5nDvpFpxbsST7vebkxgQwvTrHdokFMXaHmUuJWUVEfNk36nqCEz7PYiv2CxjXVsbKgKRVkwvoZjgvn7hX9tRXbYe

Transfer 1 tokens
  Sender: ANdhSSCeRoC1origSk8MWuNyPxMDGL5mztz1JFnbmiuZ
  Recipient: 9ej7a4re5ZsayUKYpU91q5UEakEjCwK9mFb93zDAKwUM
  Recipient associated token account: Bv9BoE4KTWSAcmzYYa7a3jA8RUK2LhT5WedkA5szATEq
  Funding recipient: Bv9BoE4KTWSAcmzYYa7a3jA8RUK2LhT5WedkA5szATEq (0.00203928 SOL)

Signature: 5q5SvHRecJU7DCgdMuC6iszZtizcEvXs8vj3PaZVSA8iq4UW8rUKm8QaAVM8KVDczqSQqK3pJzyHUVoSHgY6JTUk

Transfer 1 tokens
  Sender: CdpLFijUqELuDVrqTWDFVe3Jv9JGBuCt9BoyGdpk7Jjf
  Recipient: CWiXLx6juMmaq33BPXGJ1k2DPqzfDyCQWoAsUUe83CqP
  Recipient associated token account: Ay4Re6Vr19tTCd6X2jL7c6xBi5HujtrWYDyX7CBbv9vU
  Funding recipient: Ay4Re6Vr19tTCd6X2jL7c6xBi5HujtrWYDyX7CBbv9vU (0.00203928 SOL)

Signature: 5EP1bk9SLTMPd8bsNTa3ZrCr8qYsQWFKh6o6ytGv4tQcgMhHu2HKwGVydoHkCipT5do2JxustA5CkKmCB3hXCaKy

Transfer 1 tokens
  Sender: 4akafEuVoYUvHH7CvG6JkfuHxUhAk6EorHcAp1nBfxo8
  Recipient: BQB1KrcdAiRu6BThUb8EzwX2YDSMCwqcd7DZPTLRyP2R
  Recipient associated token account: 6WSdqUfEtwFi8Bm2X1a1FyvqfuQHDBd4fWLHcx8xFwmS
  Funding recipient: 6WSdqUfEtwFi8Bm2X1a1FyvqfuQHDBd4fWLHcx8xFwmS (0.00203928 SOL)

Signature: 4RWJg8Nr5QRWe1ARsUUfRTYyfPPi23sWchCcxbYoWbHY33H37hmi1fBraWHqJ8B8jLEM6PP6FVZmvSqGvco9xLhs

Transfer 1 tokens
  Sender: 3CzZSivjk4FRSB9QujBCu8EN4fnSXVUwGQxCzWXTygjA
  Recipient: AHFYN2pv4iPG4wGMTjfFXdXQjPTXMxBdLHvEDCBKqaBk
  Recipient associated token account: HZkAtQRJcUMtntTXQJ1cyxn4kMYPkSqbcENayqTtNK2K
  Funding recipient: HZkAtQRJcUMtntTXQJ1cyxn4kMYPkSqbcENayqTtNK2K (0.00203928 SOL)

Signature: 4UQtRnyEkWTwTJiJa27qxxerEE7XMpRFTnFbPijgSixzdyrm2xMnNfHncGQXHpupzPBSq5m3daeEdzBq9wzKc9d2

Transfer 1 tokens
  Sender: G1weYfvuNEw1A3gx8YKai7UkTCirv5WHYfKeNpNxNtjn
  Recipient: Etks8yWemmNsnS3r1s8CmGDqkiW55iepDvHkB59QrgNq
  Recipient associated token account: 5gdgHWqzvH5QMsM4CoAmEAKzz5e2CzfHHXpQM6wLBRp7
  Funding recipient: 5gdgHWqzvH5QMsM4CoAmEAKzz5e2CzfHHXpQM6wLBRp7 (0.00203928 SOL)

Signature: 5VQkPEtinBe31QUheQDzszF5YQYzhHDcNbvA4sAkddi7NxvstZ4yVcY69LQ64eTLr75Gj9mcToaijB2CgmvLhYf7

Transfer 1 tokens
  Sender: 9wN2VBJ9tWYMWSARb376znBPPfahpmQxj4xPhxL3Bc3g
  Recipient: CWiXLx6juMmaq33BPXGJ1k2DPqzfDyCQWoAsUUe83CqP
  Recipient associated token account: 6qP4sN2qW7nXB9aMwNQ1CzwuYFLCEVFT7riuF3z9CZPB
  Funding recipient: 6qP4sN2qW7nXB9aMwNQ1CzwuYFLCEVFT7riuF3z9CZPB (0.00203928 SOL)

Signature: 57ifRy6DVonKa7zJVqEtLtR4WXs6jfQQn9qjSyMEbnQrdKrFzW17gJvzqzUHCuVhaURnFc52RARwtjKT2oJCnL5U

Transfer 1 tokens
  Sender: 4hQg5nnrfWwbw3eKDyRV9zHtyeBBVRE9xeJS6hfSHGA7
  Recipient: CbNGRfShbhKUdYAS6wHr3TMHBz3zDypBDcXdxgVZUBze
  Recipient associated token account: 3WpJch7rMW5fa9sFqRqtPkrZzDgXNLqY8bmRDSExTFML
  Funding recipient: 3WpJch7rMW5fa9sFqRqtPkrZzDgXNLqY8bmRDSExTFML (0.00203928 SOL)

Signature: 5LNWn8pVZodHzoswUEertqsfLmi4qbwtEqcD9BBSzbWEtMMsDx6G25T5yT56KqNXQWoGDrYBRxtUE5ZZ3twfg85q

Transfer 1 tokens
  Sender: Hc19Kdu9yRJ4seba4WmjHZrz7DipJyUDosY5iQPQ8ExG
  Recipient: 5nTmScN9g2peTCRoffagCzrzpiCHzDZped3Lo1W4zb6n
  Recipient associated token account: 74R2MEG4BEyXorxQ9fYTzBDTsGBCXfLB8WFwjavBt22b
  Funding recipient: 74R2MEG4BEyXorxQ9fYTzBDTsGBCXfLB8WFwjavBt22b (0.00203928 SOL)

Signature: 5sk2wyzghaoU7Tt4LebVCLrjJ3RxJkXiHZVqUe9qjPBne4jAnpVxJqZx4Kc5MQVDYypKhVRpNGyrzmtpxX36PtkV

Transfer 1 tokens
  Sender: 7BTCBrUm5DUnYX5r8XLpa7AWAMYFSU5URgviWkijf1XD
  Recipient: DJNqLSq1G5CiY5w4kWoj9pVVUXXgHoa2Uw7Ja2jBMXFg
  Recipient associated token account: 72d8D4eEkUvbkCoipAFPi89JbRm8cn8e4bQfd5D33gXb
  Funding recipient: 72d8D4eEkUvbkCoipAFPi89JbRm8cn8e4bQfd5D33gXb (0.00203928 SOL)

Signature: qd1br9HMQfRnNZa4yLrx7DENsjpWCnC2P3vJcrWytGEEtUQRmRrQFAwdCE617gcXHcjdUxSuExJtLtGPquKR6qM

Transfer 1 tokens
  Sender: 7s4vvEjSm25AVHqvEL2HShojb1h8aQGEh4jGrSxU6Kux
  Recipient: FxbGsj3osX4AzJxhANAvGrgwSdRxJruGKxybRnH1rVDX
  Recipient associated token account: AqJEKPL9dihAUpXnwt3MW1VVHwoQTe7AW9rRNso1Wc9r
  Funding recipient: AqJEKPL9dihAUpXnwt3MW1VVHwoQTe7AW9rRNso1Wc9r (0.00203928 SOL)

Signature: vsbsKX9bEjv9sWFa72q8Hq8rTzuz2f7wTduft8oVLHyeTEWAYS2nVhhMNpL7xVErnLjuwZWWrxkBfvfEBYEj2AL

Transfer 1 tokens
  Sender: 8XHTUZ15gsfDqTLcpLGuH1F2u5K1utuzZk3RVS8gFwCa
  Recipient: ACvPUFsShe2hb4ydNhvfKwcWMPBaE9G1XfNXNZGkScAr
  Recipient associated token account: Aa4ouhv9qaowfWVWtYes51TymDhhYehbxdLtnf5x3u1p
  Funding recipient: Aa4ouhv9qaowfWVWtYes51TymDhhYehbxdLtnf5x3u1p (0.00203928 SOL)

Signature: 3xPSjC3AuE1ynfrY95GVRh2nHWJTHJQRS6QBDCWGYUenLKe1oaUJPUWPGpLTDuSaF9Wk7BCAhYFxvubLPrgZgddT

Transfer 1 tokens
  Sender: Cj6oMniEiPq7rxtBkzBtZvbCZDm48XzrV3Dw2abZtanT
  Recipient: 8DUt4hCibfHYGx51R3AJiKevfay7iZCsSemU4NQo86en
  Recipient associated token account: B572gHMRiNjk5JE6eEBW9vcpxLvRFJ3WgyJy6kmSd26Z
  Funding recipient: B572gHMRiNjk5JE6eEBW9vcpxLvRFJ3WgyJy6kmSd26Z (0.00203928 SOL)

Signature: f8LReUhr5MkdgJ5mUdRdaziCjATw7Ys8xidmSf1edJgFEJpbzoZnEBzBMFbrxqsKXUga9CX7Gwj54Qbov6gHSn2

Transfer 1 tokens
  Sender: Hyw6minRNc8FswEv3NaGWBec2FxmdE3CUdMKSFXnyrsv
  Recipient: 99v1wvhDstb8LsT3TLbZAnmqkSGYrUYKP1TZ14CLAq5T
  Recipient associated token account: 7XULgW6EG9YMuo4MhJvQLrXZ2FGHZ5fWywmUfVnZHm2T
  Funding recipient: 7XULgW6EG9YMuo4MhJvQLrXZ2FGHZ5fWywmUfVnZHm2T (0.00203928 SOL)

Signature: 5sW54KdgnP9QvqNohPrpjxLohFdVMT8vuw7xJhUQ3WndGfBbiJfRRqU5oN47f8fi5fUtbQpfJ9SRVGxxgU56pW3Q

Transfer 1 tokens
  Sender: GRNTpf1ArjsZqedzWXnqeZrnfgb69yUcTnC579hrvT8h
  Recipient: 6LLyCpTcSxStjFMpwXwFySXMdGsNs7od4gvxYbTSv2AL
  Recipient associated token account: 5CRV62DcAXdtztg5tZBamqtXgDPH2Rc7Cw2bbp5P2aDF
  Funding recipient: 5CRV62DcAXdtztg5tZBamqtXgDPH2Rc7Cw2bbp5P2aDF (0.00203928 SOL)

Signature: fArMjheXxG5nRDe9XeHEa8VGzWy7nmBer2WbJdhJQEcNMHQzTbmWjozKqcyd9Axag7a3b8Uj6cMGwuuuqtrdct2

Transfer 1 tokens
  Sender: AYJXpsR4kWHB3ULbQE4WAinPrGDWpHsnYCXbnnMfr5A5
  Recipient: GWPZR1uzTUv8UZsYoihuxF7B9az6Mt1B8DAoK56CiKmh
  Recipient associated token account: 89a4wAahMEBbH7WfrVyVGnG9LkbF6rByYsYHLSZvzWg4
  Funding recipient: 89a4wAahMEBbH7WfrVyVGnG9LkbF6rByYsYHLSZvzWg4 (0.00203928 SOL)

Signature: 4vcNMARf1nAkH5bU5hcaGjFTK72zinrmXaD4wjCwAe9ZNrMQCEKXv3nyiyL9qkN23Eti9nyJRWayF3Sw2WrVDJfD

Transfer 1 tokens
  Sender: APJKK1Ujw34gghXd3CmYGeLc8Z8sK5mwkjmQSg8XRmm2
  Recipient: 97xAKp8FjyXkiYqTtYWN9ArD7KxTevzaCAo7VCcwLAsK
  Recipient associated token account: 5J8rTDWFaigyXCvqBsNQ16oAdYfGuWgSsjV42CsnS8xB
  Funding recipient: 5J8rTDWFaigyXCvqBsNQ16oAdYfGuWgSsjV42CsnS8xB (0.00203928 SOL)

Signature: 3wCXi1xHcuTBShFfEuVcdKaDTpopttknHo4CtsGNuEsMRUCDcdSqGyYPkoWMKcc9B2yW26gP1v5kdk57xrwPu6iC

Transfer 1 tokens
  Sender: 4qjmFA32Qo1PaiUYKR8hMDJk9y3n7UXbepttp52wwZwc
  Recipient: Eeor4e9xpnQ99PxUV8QgvvhBJaym2JGsiAazv3BBBMtx
  Recipient associated token account: 3e8QhyNo8k8uFdWmLqWfZS9v5qMLVAzHESxPtsB9LWbN
  Funding recipient: 3e8QhyNo8k8uFdWmLqWfZS9v5qMLVAzHESxPtsB9LWbN (0.00203928 SOL)

Signature: 4T5vieopSgsCci6aP4qoDi9Zc1bybZfG7BKGa5Drc8DVdb7UGQ4i6EtqSDugPGagYGLJVwKLJaJS8DYZVM9etspC

Transfer 1 tokens
  Sender: 4Jnyo6Cuh818fJzxKywhSyj5CrY9mzfpLnJCXmtr4839
  Recipient: 8NQSZ5wpdET6dzAao2Vg13BsiF4QLAFKPSntKAaggbLr
  Recipient associated token account: HbfHuhcA2VfdXGfwphn8dufcpVkRpA68tt6Zhein6baD
  Funding recipient: HbfHuhcA2VfdXGfwphn8dufcpVkRpA68tt6Zhein6baD (0.00203928 SOL)

Signature: 5QgBygkXB2hdatTSwsyw4GgbA44aQETMoXjYANLM2KQQPp22Swg98Gdjp2j6tiBHZLo6Y2XifJEKXf6ZbV22KXQL

Transfer 1 tokens
  Sender: EkQMdrDrcqSkUVsK3eYAqhLwHfvtCxm1tfHY3Ku9r6kR
  Recipient: 8kX16Yj2WBCz1sPXcimafGrutQkw3s3Swe9sR3gt3cC2
  Recipient associated token account: 6Q88gLeNRTTniddYUwZWg4KtgFaoearVBfRiq21fr9UX
  Funding recipient: 6Q88gLeNRTTniddYUwZWg4KtgFaoearVBfRiq21fr9UX (0.00203928 SOL)

Signature: 654zE88XtiXzfdy9yNH6PiZu3pz51SSRnNonXVVj2GxncH5WvDbSf6a3g5BLc9fCW6ijDgF5zkPfzoe8TSP8jHbT

Transfer 1 tokens
  Sender: 2NQWEAnoh492GpRyC5qrQ4YF1qhfvw2Q5qCPB2h6k9LC
  Recipient: AWZWkdHH35hvATBeUKdnaftodRnFXZgEWor7xWgfRrqr
  Recipient associated token account: 9sDcfto4vvyiqfh2E5LHxU61bTi4chuR6jNw1poXMnpz
  Funding recipient: 9sDcfto4vvyiqfh2E5LHxU61bTi4chuR6jNw1poXMnpz (0.00203928 SOL)

Signature: 3HYAJwRbtiKkh7CHLU78AGK8r2CN7oyxjjkjSXcWZmmgwe8tGuYJcRN2rMaLyH67pvebmyF93gYzDkk13KoDWkG7

Transfer 1 tokens
  Sender: 56vkzAR7H51SmpD9vGXkp6qSLfkHyPrqRR9kETpTHKsx
  Recipient: 7yF3ZSPNYadfu425TDXR6XVGUGKFS12GRvH1Hbf5rFoK
  Recipient associated token account: 2xXxSdXrqy2WCc7RKyZ1zYnqrjMeCigHt7kmCC1ytKfc
  Funding recipient: 2xXxSdXrqy2WCc7RKyZ1zYnqrjMeCigHt7kmCC1ytKfc (0.00203928 SOL)

Signature: 2sMRmTX1CgUmFoDNdmSvfE5SW4aCBXKsGg4Tc8UKqCKV3Sgmw61c1dudPYqNBXrB3WwhnWTN8VEBgePiaZt96eUA

Transfer 1 tokens
  Sender: CBKQASQBpkmBKUCFvFjVX9nFf7fJyrPx99aRt29Uz5Cc
  Recipient: 8eqvPBG3bHFpRfHCxKi7UBPcxUopXyhDMEH9r3Fg9QcX
  Recipient associated token account: GNeX7nCW72nS5r9PbVcDE4r989mRXYPXo3zKGyngwTEr
  Funding recipient: GNeX7nCW72nS5r9PbVcDE4r989mRXYPXo3zKGyngwTEr (0.00203928 SOL)

Signature: 2XU4eaiqSu2eFMgKUnauvAnV16NTY2rr9RWkXAWYKb5MRVR99uKDZjzt1wTDg5dP2rj2bMnJwYwxJW91ZCxHRd1Q

Transfer 1 tokens
  Sender: DrXD7TDT8rcz7q1ycT4TKGdHhvWecQC4ebc4ahmnawx4
  Recipient: EAzuPsCQuDDm5EyUeSS9bDbrsDrKejiRNJgLJkRvqAWz
  Recipient associated token account: BpK7TrdkiT11o8KC9k9sr35SF8rH9d8XoMm4QeR95gHm
  Funding recipient: BpK7TrdkiT11o8KC9k9sr35SF8rH9d8XoMm4QeR95gHm (0.00203928 SOL)

Signature: 3QstK6UP5JDBky5UBeBW9GhCJj8fX2hEdEq8JCQ4eDKReqPjbf3NEp5NAb6enhiuim2r4T2hCbrsowge72SKae44

Transfer 1 tokens
  Sender: 9pwHTmnvqbaSY9iLGoJ6xbFdaFZL8FehQ3qENRUcSTbT
  Recipient: 2RL2AByH3euRPQyF9jPCoRAY3PqCy7WjJwnzcqp5XKLK
  Recipient associated token account: 8qsmgB7EKbgP8Wxscnpy8NVwizZiGsZYq6seQjZA99Un
  Funding recipient: 8qsmgB7EKbgP8Wxscnpy8NVwizZiGsZYq6seQjZA99Un (0.00203928 SOL)

Signature: 27kSFp1u2gJqExokRhAkDMDtcQJaA6oGtR5F6Bc5Lr53dhzrPAE7xeZAnwXCo4Gdp2n6dbY8PgCVrnNBUtjtmpbk

Transfer 1 tokens
  Sender: CgASXLJEJE99kTQHC2QQJnefZcTVTkizXGpbTrMWGsyQ
  Recipient: 7P4Bb1pCMuYNveYhg2j445cmTRCEGp2eAAtBQUv7Jz89
  Recipient associated token account: HzQv2xahBSgBBzEasPNRy6CDcvoopZtvQxkr224tp4Ns
  Funding recipient: HzQv2xahBSgBBzEasPNRy6CDcvoopZtvQxkr224tp4Ns (0.00203928 SOL)

Signature: 2spW4snSYh3WEY6G72D7W2bwqCmE1aPzQHuGcsxUakk3QStwx3RhL1ECvQeELs9jZdwBMumMdhoWLpToN4w6LvnT

Transfer 1 tokens
  Sender: 5TSWNvz39aGziwtDv3WrKDvk4TK7h2N57MXf2xJtfeL5
  Recipient: 7o4NoA1g1asZzi8D4fRPjVuDR6YkKGhLRwVbEFfmRWX7
  Recipient associated token account: 4vLBUxUBvvqZ85pQTCeiVUtCS3jikyseb4JZ3AuWZjAA
  Funding recipient: 4vLBUxUBvvqZ85pQTCeiVUtCS3jikyseb4JZ3AuWZjAA (0.00203928 SOL)

Signature: 2GGHYrxbTt5EknpZ8rvAtcVnagbZnp4KtQXRSNpDQuoWjk4o9kZiFQibEE8YE7NrRBTduNwJ3oKzE1X9ao5nknpC

Transfer 1 tokens
  Sender: GZ18UocC1YybVVdsMkZwYjQaMc2xDpaRYvSvTkWK87W7
  Recipient: 51oET2dy4vCmZ1JMGYR9hbsvsLng1vcLD6z2AZp1uq1j
  Recipient associated token account: FfsvuzrYKhiVibLVMcCXiXb4GiU8LES1ccw4uX1skY6b
  Funding recipient: FfsvuzrYKhiVibLVMcCXiXb4GiU8LES1ccw4uX1skY6b (0.00203928 SOL)

Signature: 632RADvn9a6YBTTQNJbe2aNJ3K6GexxDUoZZvRXN9C2AWmJH75iqWrx2F3HBXYKhyvhzCgzeCYGejkqZAha5vQU3

Transfer 1 tokens
  Sender: As195nGW2qfkw22UbvKsjEaJYMAaSahzGEsCCaS9Xk1S
  Recipient: EczHAfEajWAwvFQ6t8ns9rqxCr5XQMqqfbZxBBJBZByh
  Recipient associated token account: HQbvYtHSFBxUytzN7m5Yb2NkKDkZNWKikztrw91cqvbT
  Funding recipient: HQbvYtHSFBxUytzN7m5Yb2NkKDkZNWKikztrw91cqvbT (0.00203928 SOL)

Signature: vYdfCN1Jr99SocmTaWtZyEFv5kHwZTzYpieQMZPbW17KZBcpgeABTqVJSkJ8EARUnJq5qkmdn8V3huKefSqkTcS

Transfer 1 tokens
  Sender: CoNaD1WxzLX4RF1gyf6thrte9SgRfMh5nfhtn7Nd6LgY
  Recipient: DpcyLbVEHYzLQYTKwK2uUHqYSUFA38e1R5hH6Ujoo3c9
  Recipient associated token account: Fmi7LanFxb33j45dyfyvfz2TQpqCvR79kKUsQ48VCwvc
  Funding recipient: Fmi7LanFxb33j45dyfyvfz2TQpqCvR79kKUsQ48VCwvc (0.00203928 SOL)

Signature: 54GduF3yaJkz5eGvPfy97cq79jWDG68jFJzSDc6ZRzGGrs594WhQU4zQXXvUUqaqUd98QZkNqTJ9CXY2sma1XuLU

Transfer 1 tokens
  Sender: 6mZb4wATsdNij8a1wPKFyQyj7etCEU4J8xQvydyfKNzN
  Recipient: 8Nj7AC1oPcx2oC7Njihwp9Ee3Aez787kvww3sX3Bdox2
  Recipient associated token account: EGiGu8ca41i4rcpUUdCpwMKhwXYDi9g8WWvD8Cpiq2ui
  Funding recipient: EGiGu8ca41i4rcpUUdCpwMKhwXYDi9g8WWvD8Cpiq2ui (0.00203928 SOL)

Signature: 4W4aZSNjkzg3qit3o8prXgqeKrCSNSvLdSQ16EaNRTMrNUU4FvrhxDfatnxeaw6xzzwLTq7fnDDYF8AdrUk8nkwa

Transfer 1 tokens
  Sender: epkVVpnCfUCi4FrJ8PooyQFnEhGHz3rexADEJdZNYfY
  Recipient: 5CjuGr4367okukGj6mUQehRzd62gYBN4yu7KuYDxN9LC
  Recipient associated token account: KWLiUcMp67BUrhcDtQqGDCQYDYJRiEseDaZW2akU88q
  Funding recipient: KWLiUcMp67BUrhcDtQqGDCQYDYJRiEseDaZW2akU88q (0.00203928 SOL)

Signature: 2KnsWLkdbchXVKF6pmfyfASDwhvJE6SoYayM9msStPsexD7MbLoCb5kVFf85yDJFqgryVuncekXXUMofBz2v3fUK

Transfer 1 tokens
  Sender: 86XJNmrSJ5tHg4H6T7p69iNSuRtEFbE55e5tYJCnVop5
  Recipient: 45nb485LKf1pEhsTab34JnbBb3wXnAAP3xh98xdzP8Zc
  Recipient associated token account: 9YoqnPP73xRvo5NCuUpHgj6bNqBaKERjJ2NMq7J15jyj
  Funding recipient: 9YoqnPP73xRvo5NCuUpHgj6bNqBaKERjJ2NMq7J15jyj (0.00203928 SOL)

Signature: pm6SaiZHvYehHJV97C21XNZN4qgBKTEhpK9VyTxHYHcRwBNjT3QsYUJJp3VNsvvTaceGGgzuwX4HqfwPZpyXMS6

Transfer 1 tokens
  Sender: 9LQfn8nmvXEbfqwXND2YiHF7c3GYCxTY4V3vRB4GfQSt
  Recipient: HMpKX3wU8zbgZWufKQTpLyaamQzaN813ApwJ3vT8F192
  Recipient associated token account: 4F4xjyZQ8zLjpywRWv4jwj1MSSwe6DAtVtLA8dci6F3c
  Funding recipient: 4F4xjyZQ8zLjpywRWv4jwj1MSSwe6DAtVtLA8dci6F3c (0.00203928 SOL)

Signature: 67XA9EyX8nZ6r59rkgMAEZKSDR5m2XrD6pQFLd7BjMuUoLiitACoPyDk3uGNqcGU8q44zujp3pYQcBiBsPQJ1sY7

Transfer 1 tokens
  Sender: FE1mpjz8wqb4626WcUWun5xkY5nNH4uKMzNL4n3SZ7zt
  Recipient: g2q4tWwSoLzY2PYmYM6YB8167AFP9L5J1Mf4xJ5cJhB
  Recipient associated token account: 3yy69QnBS6gkRgCK4itGgKebGVwVMeA7mBxty2FyoG8z
  Funding recipient: 3yy69QnBS6gkRgCK4itGgKebGVwVMeA7mBxty2FyoG8z (0.00203928 SOL)

Signature: 67r7RdAmoyQq1Gpj3j8G52EYhsVbyoEDpaMiVoR42BThRavAQQP4wzDw4kC8qNsfVBHw9Cc5mafHLsJQMsqPqNWf

Transfer 1 tokens
  Sender: DWXRXwjemQCtCaHkKGACKhnMBAhqEH5rGCjwjpE6CCbw
  Recipient: 5qLUQwffcHESZuVwjDYfzj7YHbZfhGeeTSiwF2aqEETf
  Recipient associated token account: 78Gbtgdy2CLoZWJuyA7WbUefcYBHJTxrdLwNdg5WFgTH
  Funding recipient: 78Gbtgdy2CLoZWJuyA7WbUefcYBHJTxrdLwNdg5WFgTH (0.00203928 SOL)

Signature: 5hYo5MKomfwEAxY6r1P7NQYtpwasCo98x65TrPKnh9zH3T5xv3FHyKSZdQRBqEseBNSzo8JNAJBak8Hpdin9LEdy

Transfer 1 tokens
  Sender: B7nj4A3mwwsCDYK5iT9hmVGyNTgnfvbA4qHuTMv5H6uP
  Recipient: 3Gyk2Vwj9HmjHcmdkvdkYq6bDhoH5RjMHn42LCM9YVYH
  Recipient associated token account: 8YwDP2xYYNhokm9eFG457dGBb2CwAeq1ubtBzrML9Nrh
  Funding recipient: 8YwDP2xYYNhokm9eFG457dGBb2CwAeq1ubtBzrML9Nrh (0.00203928 SOL)

Signature: JtjZc29XJzbQN2murHecXS4mmE71YUJ3ua4dEy6iWUzHWSeUJhsNTUbX1TeEM3v7yLEo4ZHyetUR2Z1HZ5GdkJN

Transfer 1 tokens
  Sender: 2G4m4A1vuquBnDwkoApiLEE5G7ggn8NgMwHvEb9Fr2Mm
  Recipient: 8cC6S7KYY82sf5cGjoDjpUogtZ5TB2EPuapEvfiKqCtf
  Recipient associated token account: 41Sg9ev3sLrqqBZXtTdNdxMryBeuMP1NBfzGuo2KR2gv
  Funding recipient: 41Sg9ev3sLrqqBZXtTdNdxMryBeuMP1NBfzGuo2KR2gv (0.00203928 SOL)

Signature: zUk7xGQpytbzMpa98DfaVSDZMrxd5x4YVw2v4epWLUWsRMYb76oZaEcJngVR8kuW9gcNDB5bJfPV7rQ3acuxr1o

Transfer 1 tokens
  Sender: 3SauzebwJ1iaAkuAUqFpcxPHc74QYuze4vb4PydWDGwM
  Recipient: 7VD6TVNCwj7BsfG4mcy3xVSCBNRVhBBQn4NtxC9mKp7z
  Recipient associated token account: J9fNxieKx17S7VBisRVwD1kVoxxn5ASgVGKsk5gQnBkL
  Funding recipient: J9fNxieKx17S7VBisRVwD1kVoxxn5ASgVGKsk5gQnBkL (0.00203928 SOL)

Signature: 4KTuWsdLkqtNJ5BmXP78zsDggCHj2fbex6S4Aucr8fgfY1dUEJsZwhZb6cFZvtksiAdVWW6dneVQUbkhZvAiC6rE

Transfer 1 tokens
  Sender: Bxv4CjhVH8thybbH4cmcKurY2DXKPV9Xor2JNKKetKpM
  Recipient: CQ17ThoiA5MA9ZTULyFQYBs8S2y9byxkCi3mpfvXX9rr
  Recipient associated token account: 57DdvRkRrfaDvpyjwiPyb1GCFfdwVT3LCqVAbVwya4LR
  Funding recipient: 57DdvRkRrfaDvpyjwiPyb1GCFfdwVT3LCqVAbVwya4LR (0.00203928 SOL)

Signature: 3yFVXqf2JzZHF2kgVbd15cFH85f2LA7iNR6rvfkzT8FqAV1hifvbbEZuCASTK5KdnKv8fJXWyxk7KQS72y8PCaVL

Transfer 1 tokens
  Sender: rmvBzZAKxTyPbmSaAoXeBqHQew4afvdqoqPGCZf4XjP
  Recipient: 6niQWU7nuW33ktYiiXjicAouaYYiwTZcgge3u5mZUtsc
  Recipient associated token account: Y3gD3vMQDLYDpAffSLHPyxTZtSoqZE1LgwcighzJVJj
  Funding recipient: Y3gD3vMQDLYDpAffSLHPyxTZtSoqZE1LgwcighzJVJj (0.00203928 SOL)

Signature: 5pSDPJdytVMzhJLTxb7wWRKs5UGQuLuA6gf2bGsHjCMZ1517QdecFTZLJtAquhTqK92ZWbeSWKFao2PkfN48wbdN

Transfer 1 tokens
  Sender: FvVah9i5rv6Pbezs4Wqbp5HPmQR96mue3icXqZGgehVH
  Recipient: 4cUyDakNPeMEZtJPDJGNujWLGF1XNH7WbQnheUEfD2xX
  Recipient associated token account: GAZyLs8uyhY98FZXEZH6fsxaemCqnMW7MheSnop6uDnj
  Funding recipient: GAZyLs8uyhY98FZXEZH6fsxaemCqnMW7MheSnop6uDnj (0.00203928 SOL)

Signature: QkM4EQuifvEJb5LwbB4FvDEHjyaA827m2ghad2B2UyzBYXxoFyJovKW3mCAKWqhYTJ2C7C5jJ2fA8JZhJ9rM4F8

Transfer 1 tokens
  Sender: FoZc4wbV4n5ZJXB5vvAoTNgXPvSax3yB4h7bjXW6TDtX
  Recipient: 39YD5rZrsz8mSdtyVCfwaG2cAh5Amq4wDAgqZEtgXLRj
  Recipient associated token account: GDuNqpuJykmm8nFZr8FdTZDuxyMF9QB948mTnEnaMcFy
  Funding recipient: GDuNqpuJykmm8nFZr8FdTZDuxyMF9QB948mTnEnaMcFy (0.00203928 SOL)

Signature: AjwL6auh3gKCtUCouWTeKX7GjEYXY8ioWptkF77p2U1evYqrAFEwiDvEA9FrwABV4Bj5YpMmVHNRQgfKwTJzrsR

Transfer 1 tokens
  Sender: 4j4uWiRy9xtfmLKDzZ7XY3Ur4SrNRNo3YyriuqSPULeU
  Recipient: 74MCLCGZ6HKYja3Uca8UQN5C3bw6NeyNXF6xRqaWkaFz
  Recipient associated token account: 3uRgEzeHzbN3eHDKd3UwhwNJSjnnjB5aXLSfYPFfGbXH
  Funding recipient: 3uRgEzeHzbN3eHDKd3UwhwNJSjnnjB5aXLSfYPFfGbXH (0.00203928 SOL)

Signature: 5cvPareN5hc9C8MRcJyR2Puizw88b7B6rgbv5XcsJYuC6AXmHcHadFrsYzTmvfGiwuUuz1duj1pG44dKtEdEUKAo

Transfer 1 tokens
  Sender: 54q3oYUm7yJtfrdTtmDQrUf2WPYoK9h3QhFe46Z8RX5Y
  Recipient: AsxYivuyVu6znDgnwenpLSLvkZDua4mGKxTvM2JgoeDU
  Recipient associated token account: 8KesED1qN6LTC3xaEXXTTqyUKN5esb27T91K9gWQwExY
  Funding recipient: 8KesED1qN6LTC3xaEXXTTqyUKN5esb27T91K9gWQwExY (0.00203928 SOL)

Signature: 4ayVgFGxZXLoHyxaZaCv5LuaLaUHLJGttsa1KYfA5kYVdtZsfRbDsrJD4zbXt4B36LgXpsugMMn9cQETpN8f9vuJ

Transfer 1 tokens
  Sender: 2oz7xanriTPyLva45HFzQ8a8T7gvJNJVt6LL7DgmjxWJ
  Recipient: 33apeLJZtc7FvMqWoLU3yWupJCN6ijGkKUD2gUmjhxe9
  Recipient associated token account: FuJRWzcHffEfwrsAseBBishqgqa52c6CZn8RQF6XyuUL
  Funding recipient: FuJRWzcHffEfwrsAseBBishqgqa52c6CZn8RQF6XyuUL (0.00203928 SOL)

Signature: 56zSUpRptGdbTQHJHszgqht1NoWxeGHwdBdUfoi2kSa5UVd3LSCrHjg22LPEdkcFKQUZKLsrZUYGben3t4Ruwq73

Transfer 1 tokens
  Sender: E2vpiwdwbhv9SBxCKexcQcD92im814XvrG1RegsUj7dG
  Recipient: 7P4Bb1pCMuYNveYhg2j445cmTRCEGp2eAAtBQUv7Jz89
  Recipient associated token account: 9ouJWkCpeEBLFHCCpAhWXBdLszwwzitXW4b16x1AGCqk
  Funding recipient: 9ouJWkCpeEBLFHCCpAhWXBdLszwwzitXW4b16x1AGCqk (0.00203928 SOL)

Signature: 336XJNq4F2szRDk19pW1AVQvFmEh7yz1Lupuudtu4sYEfLYRhw4uLzuqD9AuDo8jVP9cZQjqCjiBskmvgvSCWC9Q

Transfer 1 tokens
  Sender: 6jFdDzSj5bzYVjKBTof89muoNWQauj123yX6UWbA7wTh
  Recipient: FbX2HLXoWtj5iCSUwWVJS7NgrRFa1f635jhUu6TDdqH8
  Recipient associated token account: bPqY3u94dFeZo4PMZDM1EzUbULyaRTxA83JTtTbPpAZ
  Funding recipient: bPqY3u94dFeZo4PMZDM1EzUbULyaRTxA83JTtTbPpAZ (0.00203928 SOL)

Signature: 4Gt3dTmWi3PRKUuCYA7T3oP4gSUzcPErZUvECvBw5C5Z7V7yHeBdHajX38QcmxRdDveXSQHJXCZQoFHmNYxcJ27C

Transfer 1 tokens
  Sender: J3AYNS1N15dcGW6WNmGgTK6XTpKiKf2Vt64eVE9FZdHE
  Recipient: EicERxxCMQV6Vre4vv2KZi6gRh5ZxE4fC8jE2ZTPJbip
  Recipient associated token account: 8RxdWKQ7YqRoEx5VY3PB91zuFziNkwacjpG5UqTWtbP6
  Funding recipient: 8RxdWKQ7YqRoEx5VY3PB91zuFziNkwacjpG5UqTWtbP6 (0.00203928 SOL)

Signature: QCKzRiD1GQBNXdrogpYkocS1EPceFhc11ufH7se3nK9a8gfmVygEPsN1gx5UKrTztsnaFhX6TwExrmr3ttU27Mt

Transfer 1 tokens
  Sender: 8s1MQZ8TCVbBqz8WwHe7EgvtBNaikuPmV7eN5RBFwRa8
  Recipient: HztqUciz9TKPs8jV4R7HHn6kXfpYYmz9VVfLJ3vCV5v
  Recipient associated token account: HDLZodmdEugeR4ugvy26j6F9UDLXtiQvty7RiCf8vsPf
  Funding recipient: HDLZodmdEugeR4ugvy26j6F9UDLXtiQvty7RiCf8vsPf (0.00203928 SOL)

Signature: 3Bqjb1gPhnC7Fge4jjEuUMkSm6tFtrAkixdfmtFhGdSvVBEqvHQiA44CjQfX7dDmWp31HNRZnymX6b4DeaMXpRvj

Transfer 1 tokens
  Sender: 8jMsWCzLU7d2S17ELKHXnpCZMobTjv7qTBQqZ5VVszCS
  Recipient: 6ofXwU1s3Ma4ZcvLG29UD6mm1auDV5jumMzRnY1FdFVE
  Recipient associated token account: F8kG8GXFyZZH45p9tDvSMNmvxbSFD9SUPxMxfX3rm8DP
  Funding recipient: F8kG8GXFyZZH45p9tDvSMNmvxbSFD9SUPxMxfX3rm8DP (0.00203928 SOL)

Signature: 4QaXnpBAxSKbzFMqW8yTDTJCZo6EELKHqBQweCNRJNNnA3KNuX5rJWufheWPiuRY2saWpHxkee8EdE73zZo9gvHQ

Transfer 1 tokens
  Sender: 31FuVZSuXbzW27utNbuDmqEocdwPG76aMhWhpNEp1pdP
  Recipient: H6ewEQKqUYhPFNBUBjKugH6MNgBzWFoJ1U5fiVvyHDnv
  Recipient associated token account: Dbz3rEwzNSpe43pJJUvJ7eMCSfQshzAozySazRg8EkAv
  Funding recipient: Dbz3rEwzNSpe43pJJUvJ7eMCSfQshzAozySazRg8EkAv (0.00203928 SOL)

Signature: 4RRauwD7vtC4gHuzCvWXXcrbNNS6piFd7XPUqxJqxSviCqjJ4tTnsG7h6MEw5vzC3wj2B3nM1GJ56R5EoFNMM955

Transfer 1 tokens
  Sender: 63hH9X79mMjp8L8xwJcMjNx7m4SrnVxj9vYjxVW3R7BK
  Recipient: 5nH4SNp9Hhigqmjd8spT6UyLKN8okssmWJ48uCGfWf3J
  Recipient associated token account: 87yxrJXPnud6jYJjNVtUoS53JMjy6ajwYnvqqP6eJwDz
  Funding recipient: 87yxrJXPnud6jYJjNVtUoS53JMjy6ajwYnvqqP6eJwDz (0.00203928 SOL)

Signature: 4ovS6CTpo2QQ5zf4WBXGKvn3K19T6HwKj8aMeQNoMyPwTbvQ2HMVkQoPZNfAZwCbY3BQsBuxFbR4w4H6vkTE36b1

Transfer 1 tokens
  Sender: 434NheEGKVSVDLu66ssswmMZXxpgZzEpL33P1mwH1676
  Recipient: G4yn6VjDQoRRgqKVt1fp2uei3rFHWWKA5JwWPMM4eCgT
  Recipient associated token account: H2CbUc4gEqcUQtqMcVoDUFXx7V434SzzJayQ1rKUxDqS
  Funding recipient: H2CbUc4gEqcUQtqMcVoDUFXx7V434SzzJayQ1rKUxDqS (0.00203928 SOL)

Signature: 2nRFzQdqokweBnbwd8pEs1DWcrcW6pysXMFW6M9vLxnf4aGCsskuLgQVvk4SRoNSQEFvchpN6sf3QLSyYpoky13b

Transfer 1 tokens
  Sender: 4pVfc2uTkXr5SSjbnjLKShjSSjehMqFyLJUiYcw3fNHr
  Recipient: BJp1sQhLjmLnfkqu56ifgjFS7QtFwDPnndLAhGkbA2cx
  Recipient associated token account: 5Ks2d6Zk7WB7qTwTwaJUnwdvVUVu1a7c67bfPSyPg3WX
  Funding recipient: 5Ks2d6Zk7WB7qTwTwaJUnwdvVUVu1a7c67bfPSyPg3WX (0.00203928 SOL)

Signature: 5THMjGyT57kFuxvMxHPUMhEK8NFdo78FeMxPM5aNyMp853pwuz3MkoaA6PthsqTpU8G8VnJK69VSu7d85wd9bPKH

Transfer 1 tokens
  Sender: ECfNwhgWgJUAWFa5r82DNNZqBBWkhZvc1PnMVkDKjoBs
  Recipient: HiUjBgoomN7PgCZFPdM4KC8aKAFfsraRpTjNKnf8jxww
  Recipient associated token account: E5kQy2CGCuFgFDNjQ5vbgPZZsAEdMNRMskbFJpBYRwY2
  Funding recipient: E5kQy2CGCuFgFDNjQ5vbgPZZsAEdMNRMskbFJpBYRwY2 (0.00203928 SOL)

Signature: 4dw9qK3Qez8aQcXY9neMkNkqaJqqSL9x4UrzTmuqa7tGm1r2dXy3aSHrvf1unrWA1E5yUg94A17SX1wCJNuBNCs1

Transfer 1 tokens
  Sender: 5JQAzJvXrHoPVzAo82A3rAv4oGDwjG31CLEpHfGYNT5H
  Recipient: 7tMyU22ViPrhY14fy31bSmTsQK6rwc9q3Zbq2u5RkZis
  Recipient associated token account: 2GGnAdD6aHiYx43woprmeTUoEfaz6qhcaer9hz7VH7rs
  Funding recipient: 2GGnAdD6aHiYx43woprmeTUoEfaz6qhcaer9hz7VH7rs (0.00203928 SOL)

Signature: 5WoGzAPcgc1biaezkJuh7JcjQntRqYLiCMtczquiAQmPzYcuMRWp9HR5HFmyCNSSdK7d8ceMdYvMB4v7yAzGbDw3

Transfer 1 tokens
  Sender: 2RP7i3MN8NvmVtjp3ibwAUfiXyS8nWwN8P3YXNLF337j
  Recipient: Bz5mSTDS3k93ngSNWCB3g236noMm5p6BqA7JZo6Au1wi
  Recipient associated token account: 9bbMkJqgtJFB8YTH4Q5G1p8MrfpXFz9ioL51QTDHwf3D
  Funding recipient: 9bbMkJqgtJFB8YTH4Q5G1p8MrfpXFz9ioL51QTDHwf3D (0.00203928 SOL)

Signature: 3sG4TRmFpziwURjPNhiAS2WGkT8Q33DQQLMtV1T8WuqDWFXmWRE5Zg8SGJR8f2QNmckxEfaH3WgA8VzDFnPNiRNp

Transfer 1 tokens
  Sender: 3CWmXYBJ1hdMWpNHANr9JPdwvy2BXfgMmoBh5knzaXUn
  Recipient: 5AwbrzztsJT3wbgYFNLhyFXvncrMP48z3qBY7QxC3gqb
  Recipient associated token account: FALYPHE3gNGFZx6qAvnqqnDFcVdrWvoKzvLnubg2vz5
  Funding recipient: FALYPHE3gNGFZx6qAvnqqnDFcVdrWvoKzvLnubg2vz5 (0.00203928 SOL)

Signature: 4y6ydYwoQvjEfL1KZiNSiuXEzNYofXdS3RKC5crp39H2FzCi1xMe1ALzAiTdp8vsXthge8JgQia4DgjXP6eRNu3Y

Transfer 1 tokens
  Sender: 22ovJGzynv8mjcMjZLzWoS97TMZ5ZEmYVwHWpmLc696S
  Recipient: FpjcR5LnWuP3eqHLaGScwZnKEMNrkik5aWUJgJruz7JU
  Recipient associated token account: 7hVJ5aFT2dWrWQATnkY31swBnHDrbGtrUyTTVFUZPVz2
  Funding recipient: 7hVJ5aFT2dWrWQATnkY31swBnHDrbGtrUyTTVFUZPVz2 (0.00203928 SOL)

Signature: 7RWBdKu7GJcofA4dsfsGzbeRCXFc5ZxdLzXP5UXf58hbSp7wy8nYvAnH9pA1RDZLRnwScc2N2beYu4oLdwUQxk3

Transfer 1 tokens
  Sender: FogRw8sbsGwxD15MVjVt784CoVpNsKi5einS8gmiH4bG
  Recipient: 6LqrsZx8J88yXDf1mcZKn1qnFCAZo6YdDgU98cPKx6cN
  Recipient associated token account: HE7vemXDv6e3x5uZBSxZEot2GmfqicRuV9cwEBzpgbv7
  Funding recipient: HE7vemXDv6e3x5uZBSxZEot2GmfqicRuV9cwEBzpgbv7 (0.00203928 SOL)

Signature: W2rcHVkUNbgAWB7ZJ6iiwU8XP1KeurfjUjdcJf6g7bWH81fWb8B8kFDAjSkq48AQfzuLz6sA2vnjfQZvpusSwMa

Transfer 1 tokens
  Sender: 9tE3SRNEUrePW4s31oTBXBSC42TjB4Xx7VGpdurr1Vmc
  Recipient: 72GAVS85vyaRypoQavWSZ18sjoNWyQscnXx7J9BMupQS
  Recipient associated token account: BeznVFG3KcrELJs4NnQV7sS6KrwvunWYgrpuJQiq55cV
  Funding recipient: BeznVFG3KcrELJs4NnQV7sS6KrwvunWYgrpuJQiq55cV (0.00203928 SOL)

Signature: yw8a74BnuLrTCN8eAgZ6Bk3U2xCErbwfPAtwSvbixpSodpPnnRD7bEdZDehv2QgLEEeSoFWjLXh7jK2mfKvZbF4

Transfer 1 tokens
  Sender: 322jV1mfk98AnjCEMuwz2S69sTxzZaUHjtND2x9L4r5C
  Recipient: 9t5Tp3AM2JEEcLBRAg7CoRu57u8i6AmogjES1YQ9e1eh
  Recipient associated token account: Gs8UaZ7NbZ9ffJkAPZCg4YRT6sNq4RmfpkKqVMTJ8YNH
  Funding recipient: Gs8UaZ7NbZ9ffJkAPZCg4YRT6sNq4RmfpkKqVMTJ8YNH (0.00203928 SOL)

Signature: 421mqmER4FBmaj7tPjoqQUgdfueuvS2XcmPUUNZgw7d5vhLbLw6ixxamzUoBWmQYy46DjuepBSycJYfkyn7Yrmhr

Transfer 1 tokens
  Sender: G8cP4vzEYwtKnkPDQ5GB8mq9dtPepAf1GaLkC4NW7mBN
  Recipient: H7E4JB8ebHaoKQe2Z3NAwXniKcuy7VVuAoycx7PYAbE9
  Recipient associated token account: 8k6LxAgWcGXL7ojJxAJHeoRsFDs2kL7n1kVChay9FT8y
  Funding recipient: 8k6LxAgWcGXL7ojJxAJHeoRsFDs2kL7n1kVChay9FT8y (0.00203928 SOL)

Signature: 5de9DanYH5Lyx4zbSzMSdQ9UDH6vp3Mho87txumUXQJiPiNRRxWYhPSrVK5S4Bs3mNk37RabmzwraY5eCc8RfyhC

Transfer 1 tokens
  Sender: HctohZ1FahTasCNLnTFkm4p4XFXWxDHhxvxiV5tyXZLn
  Recipient: 6NvYLUJk1kXGToHmevaagExkTFsWypW53N8AxoKXrjPR
  Recipient associated token account: HfJJkvqT8yUYmBgRaS9hP1rK6SwyYGhv2Z6tSR64Xq4Z
  Funding recipient: HfJJkvqT8yUYmBgRaS9hP1rK6SwyYGhv2Z6tSR64Xq4Z (0.00203928 SOL)

Signature: 3uBEJgbV1MeYUPwx3ERAbcBodEUuuiSnymTjm8j1A8h8ALrZdSnzyQe1K2RJvCQi9VzB3z3rqdMqkR5bJaGLsmCu

Transfer 1 tokens
  Sender: 3bav1QqJQUn4GQVQgWfERUtz3Pex6q2LTmmNV3Po2CLT
  Recipient: EPhWVVFfyu2UbmowFUqqg7Htq2dt8rRjvDhq7mSLmKq1
  Recipient associated token account: 5WYQ2XURg1zbejC9Qkq9Tyci4nuSdBdsmxdGuUM3o4De
  Funding recipient: 5WYQ2XURg1zbejC9Qkq9Tyci4nuSdBdsmxdGuUM3o4De (0.00203928 SOL)

Signature: F8WS8bWVouqcMPMWihva58kzM3niWZiy97V76Y5bPTe6MSHtxEUGvw63KbnrMtj4oEaKYZmaee2SJJY83h4czFx

Transfer 1 tokens
  Sender: 5knVUSnZ54qHVCSL2LknEN5yPjjoXmQTVx9DciqmEDbz
  Recipient: B6vnUveAL1t6uVSuHMXYfnJ2jksTVk5dMmQe4UQ5bop1
  Recipient associated token account: DCxLT7t78TNLDkuTBinY8ap1asKo92KiAX9eDpSG39U4
  Funding recipient: DCxLT7t78TNLDkuTBinY8ap1asKo92KiAX9eDpSG39U4 (0.00203928 SOL)

Signature: 2K88DRF1MureN9DMDQJycN6TLjLneApfDZGmqcRurJdhaby1mA2daRzZbcyckacnLPg7rK5kn856FERFUurYP8xL

Transfer 1 tokens
  Sender: 7gFJJHHEFyav9yQWGNTfoAu3C3GXwQt2z5Ri1fTxHqBz
  Recipient: 6QmKFsYUfd8nxLufRojQxWQj4TGhM6ueJudmPd3NxbHY
  Recipient associated token account: EtPp9GBChSoNq7EoFGMU3r3bDEU6sFEWPcZN2nq19Wsc
  Funding recipient: EtPp9GBChSoNq7EoFGMU3r3bDEU6sFEWPcZN2nq19Wsc (0.00203928 SOL)
Transfer 1 tokens
  Sender: 6SYSsjn8RUpdRsegRgHzkAxmKWdBn1Dpk7AySe1o1XBt
  Recipient: 97xAKp8FjyXkiYqTtYWN9ArD7KxTevzaCAo7VCcwLAsK
  Recipient associated token account: EUcxDPixBxHYs44jEzHGKGmU421tHHVBPgCRuqHmNZ1W
  Funding recipient: EUcxDPixBxHYs44jEzHGKGmU421tHHVBPgCRuqHmNZ1W (0.00203928 SOL)
Transfer 1 tokens
  Sender: 8iWqciGuxDnjFGWbSnXUMom6wjsxdZzS9TZEbSFGiXt4
  Recipient: 6ve3jPaGtDofMjest2QckvY3kRynYTobADEmeoZgvaEJ
  Recipient associated token account: 29WQjeE7sGKY56zM2w6uobr7ZELBLKLa19u6madhfpv8
  Funding recipient: 29WQjeE7sGKY56zM2w6uobr7ZELBLKLa19u6madhfpv8 (0.00203928 SOL)

Signature: 2TVrv7RriuUSGShjWQYv752Q9V2A6GvVLNH8Gm6GbPodrv4Cv3knjYgFNiWqaDJnsWfXaMUcBuoapBFL2Ab8enVc

Transfer 1 tokens
  Sender: 6gBxyDJ7JNG49WVE5P7cs7udMeLnKqg59WgBxKexaKnJ
  Recipient: g2q4tWwSoLzY2PYmYM6YB8167AFP9L5J1Mf4xJ5cJhB
  Recipient associated token account: CAN7v2BiQ7ogg7uHYYpdchgc1jY4KxZPQDCcamJRBmxo
  Funding recipient: CAN7v2BiQ7ogg7uHYYpdchgc1jY4KxZPQDCcamJRBmxo (0.00203928 SOL)

Signature: 4ywMpjRbos96WwYhQb8n5hfeS2LMByf78bzszHgAfe5fW33WF3V91Ek4yqDsFh9hUavncZXzEwx7rxvoTyKE691G

Transfer 1 tokens
  Sender: 4uiRGJprxJxtMshN5sfqAhDBCoDKfjh6RusvRzjYbcd
  Recipient: BVBXqH8e6U2PBRoRLGQbqU26KqSgjVGCn27YZm5iVyRH
  Recipient associated token account: 41fn5j7KUerPCDZgsxia9Dh2CrsiLTyCCYZHkVutXjWg
  Funding recipient: 41fn5j7KUerPCDZgsxia9Dh2CrsiLTyCCYZHkVutXjWg (0.00203928 SOL)
Transfer 1 tokens
  Sender: 2aDNjP9BKEGMud8By6v695TZbMy8WreAHCSL7Gn5DTAJ
  Recipient: 8BZiPqhVHcQRUi9ik4ToqZ83wc5bRovucP44ajwLSiha
  Recipient associated token account: JDcP8u7KcP54cbsSo5En8rx9wMiJJpE587uzAiA1um4o
  Funding recipient: JDcP8u7KcP54cbsSo5En8rx9wMiJJpE587uzAiA1um4o (0.00203928 SOL)
Transfer 1 tokens
  Sender: Fs5V343dNgEcVGnCt6ixDpuyWj3EcuF9kTRtLmtUVmBY
  Recipient: C7yPViMfJEZe127NHs6cYCi5GjGceM4N9c1j9yZAKSQB
  Recipient associated token account: BRp9H4s3WLCCm1vFxVFujH62F1PsnjzrvzvTpRTbeVTh
  Funding recipient: BRp9H4s3WLCCm1vFxVFujH62F1PsnjzrvzvTpRTbeVTh (0.00203928 SOL)

Signature: uNpR1JPtKK9M7Aymwe3eT6VyYc9s7LwJHXW5CDzKxBv9Dy7ByyFniaoMqaXvV8sA4hz3j8zDfzbz825R1Vw6afT

Transfer 1 tokens
  Sender: 6FwkUAyxPRpL4nyFUgn8F33kMw6mmYNL41nghC8hELEv
  Recipient: 9ej7a4re5ZsayUKYpU91q5UEakEjCwK9mFb93zDAKwUM
  Recipient associated token account: 5snhCXpGhtE7QWM5YkpoTWH1yYXcLvFM6oYgf2fAzVoY
  Funding recipient: 5snhCXpGhtE7QWM5YkpoTWH1yYXcLvFM6oYgf2fAzVoY (0.00203928 SOL)

Signature: 2kMCkyHPXkyFZvtf7nZQBRMtv3QLzm3h9uZyZWVu6XYS91RxLRZo8QyZaWjXE3E92P8CtTTGaaTuwkPTafxuDndJ

Transfer 1 tokens
  Sender: HwmxvLCNpU7STC2SdAPtytZHNeef1ftreFvPozr5TNsN
  Recipient: EwwjLURAfEyY89BaEf5CCAp2FnGvmnRrnAmAuoicvT2Y
  Recipient associated token account: 6XSB7V4iog89FDs3Pr1K9e8VRFe2Mg6fe9wnfXDi9MKT
  Funding recipient: 6XSB7V4iog89FDs3Pr1K9e8VRFe2Mg6fe9wnfXDi9MKT (0.00203928 SOL)

Signature: 2BxKiHdw8V8XSpKwZZDm4p8w9d4BRVihEMuyWVk1bAjWcLx2xk4Zjq8iGZSjFz6VVkj5fxebnqDPQdKsvyhvmuJg

Transfer 1 tokens
  Sender: 3Us94T7PNMYe2qSXrWnY7KF8MW263vXR7buWTdsezVxg
  Recipient: HpvJssnfUR3tEwvSmWKYrcBFKuae4hpQ5JqjtLnju6M1
  Recipient associated token account: 6HYQZTCWh9DmV8RMxqGKU7M91ksCwoBmjyDHeL53xW4n
  Funding recipient: 6HYQZTCWh9DmV8RMxqGKU7M91ksCwoBmjyDHeL53xW4n (0.00203928 SOL)

Signature: 4KwbbaAGMMf1T48vFQYnjz1x58KsRXsFvFHQ38WQEVtqw7RmziSG1BX1Bfv4QVdkae1xnMgBiWZAjUgktAjUNqFV

Transfer 1 tokens
  Sender: AgvL8pThvxnDYg27RcaDXPgzjdzkso9jDNyXsgt91uKB
  Recipient: 73tF8uN3BwVzUzwETv59WNAafuEBct2zTgYbYXLggQiU
  Recipient associated token account: BwfuY9T6fd2RQRpqXqi2HQTYssHPs4KCRnTb1V6FtTdc
  Funding recipient: BwfuY9T6fd2RQRpqXqi2HQTYssHPs4KCRnTb1V6FtTdc (0.00203928 SOL)
Transfer 1 tokens
  Sender: F2dLNUbBadvpmNWgVf6rn8hhtUQpS7gK1j87Li3jfsLu
  Recipient: mMBkKDM9e5yk9wMcQAkFhCy17Zyd7MLUz48ehtqjWPW
  Recipient associated token account: jYUw8yRsK3XcaBiGZukvWFX1GHdJ46soSqeixa4ZVym
  Funding recipient: jYUw8yRsK3XcaBiGZukvWFX1GHdJ46soSqeixa4ZVym (0.00203928 SOL)
Transfer 1 tokens
  Sender: iAp31BH6JJoKyKdPsTWHVutZpTQbBxXdmyZKFgRUvEd
  Recipient: DkLRfGqbABDaYgqdqmq4KgFmY5QfBjZbajK3SrmNiVEH
  Recipient associated token account: Crut7gM5yYYU2vVNyomZgh32Uzk46kUVSMzX2Wqwfz5P
  Funding recipient: Crut7gM5yYYU2vVNyomZgh32Uzk46kUVSMzX2Wqwfz5P (0.00203928 SOL)

Signature: s5s8FD6W5BoZyJn1PERRNQpGgXJZ9UjrQKxLGk6pd3YtQewuwt4Z4p6YYM8pXY6EWnbQHs46BtkPK4GPB42gjae

Transfer 1 tokens
  Sender: CPJCrRnSgxf59E7yh41nykUUaXaeGi42DVRk6KNwwBvJ
  Recipient: 2KcCvxiKiWTu9XXLMSRnNqCgvZaLfYLx4aiecPJHqjrb
  Recipient associated token account: 5hUpPcHfL7PHHwcXPQRAvkyVHzN8wcBwQytYMXJtDTME
  Funding recipient: 5hUpPcHfL7PHHwcXPQRAvkyVHzN8wcBwQytYMXJtDTME (0.00203928 SOL)
Transfer 1 tokens
  Sender: C3wx6r1VUkEYN7xK2FokY5Rn2RT2VegWzHvSx64ogHKA
  Recipient: 7ZffkAy2PZfKo1gupFgvpx1auyrsv1devo24pVtUMtyR
  Recipient associated token account: 7vSf1wyB6e2fgzAFKFBhda93rCQkDd7FSvQUxfNERRPb
  Funding recipient: 7vSf1wyB6e2fgzAFKFBhda93rCQkDd7FSvQUxfNERRPb (0.00203928 SOL)

Signature: 2g5y7J3Tw66h6ZLPHEj3YfvjNYjNLNSGjQpYCJFPqHLkgKkuiGuN7qwc35biPrLQPcGRwkM98s1RNo2b1iJapcX2

Transfer 1 tokens
  Sender: EbFdi3LHapwANjKQ7we22c3peYMyzs4bJZRLYyncqLRi
  Recipient: DjDHfwShdrvgVJHoPeGX3a96aWrArhYPpgJvg39QmHJ7
  Recipient associated token account: 3EXX6QmVzfgWxdCds8zE79BV6nbPTmLe4StwnbecJSDa
  Funding recipient: 3EXX6QmVzfgWxdCds8zE79BV6nbPTmLe4StwnbecJSDa (0.00203928 SOL)

Signature: DhnZWXK4MSxUzuvXngSZwQv3MWT1x2VE6zBAPMkxKRvmqaq8e9QFjoTQvo2zMp4iMdyCQbucRvDNu1py4wVVf1L

Transfer 1 tokens
  Sender: 8Ex8qN3rhB8oxqf9Zdj3xJNWavq7i2BmWgeyLbWJXo3h
  Recipient: E6BdoEi3My25cnxbW39kHPq1Wo1pnqU3GX6QQP57XajV
  Recipient associated token account: 4FCRd54NjPHnaZstbs9hj5U5ShVMSieiKzP6tcxf8rJW
  Funding recipient: 4FCRd54NjPHnaZstbs9hj5U5ShVMSieiKzP6tcxf8rJW (0.00203928 SOL)

Signature: 37uLr9GUeno2GWv4JSgCXoefoFmRJ9LAF5Y9wwSTNFRXL1DqCV9d5qoL76fP6F41FbQ7hRhU9TPs6hNpzvk2yU8q

Transfer 1 tokens
  Sender: 2K687sJS4grzK1GF1VTRMF3Sb1e5MhPvMvGp4PRovqGe
  Recipient: 9MSygCP2RKyYEK4xdCtASEGgnfuJYgcg48khe7oQuxfW
  Recipient associated token account: 2AEXMmoEahoC7TDs6jLUybnQLspSmL2ViFrhXhDFyy3e
  Funding recipient: 2AEXMmoEahoC7TDs6jLUybnQLspSmL2ViFrhXhDFyy3e (0.00203928 SOL)
Transfer 1 tokens
  Sender: 7Vamsi2yrJXYC7xDE5Dfp7dgZyAMUQeciXffsZvRaukQ
  Recipient: QermhurVSebxf7aV5PbCJ16EMLtjShpyFtpifUMKeqW
  Recipient associated token account: 4WwAbxeTRwLuTvF3zcfW3Fk5yKs87yasziSLp4pksAZd
  Funding recipient: 4WwAbxeTRwLuTvF3zcfW3Fk5yKs87yasziSLp4pksAZd (0.00203928 SOL)
Transfer 1 tokens
  Sender: rHeCpqvqd4uJP8zoFUxhuyD3JoaMU2uNuCGmMtEboW9
  Recipient: 8jM2e7C64cuhLd9Jc2UAQKUiCfgB6nP5LiugTzwoeb7A
  Recipient associated token account: AychbPShaeuhJYkPA5vDRDdNnoeHEEkBxPFmAwaZU52X
  Funding recipient: AychbPShaeuhJYkPA5vDRDdNnoeHEEkBxPFmAwaZU52X (0.00203928 SOL)
Transfer 1 tokens
  Sender: CNzep3FkRNuEA3prsrNeH4THF3BMZCv5jVkHT8M1fxwf
  Recipient: FiXhaZfHmG67iT6CJYmsFT418JrfVKbe72LwhE1siV6M
  Recipient associated token account: BB51mAUxm9zjUEMVGHSvFMkBFEWLMqTfRFMWR1rdjfeW
  Funding recipient: BB51mAUxm9zjUEMVGHSvFMkBFEWLMqTfRFMWR1rdjfeW (0.00203928 SOL)

Signature: 3SMQukdjAspJ1ADGWLfP8QfUxx95B7nLfaupuVia5AZguPwnzhdqbtP4krfYEgPXi88KWJnuaKmjCMJWZZ5oCFzJ

Transfer 1 tokens
  Sender: 5HFG8gdwRekzmEEBrYPs6xEbwT72yJ3btFi8JK5zpSbT
  Recipient: 4H389fKsqzX1vHGDrtWDLUKLkcmMi4aJsA7srHwZto5r
  Recipient associated token account: 37LJoLQxUrvs3WdDu9zCanua4PqHav9Kg79me7K5X4SQ
  Funding recipient: 37LJoLQxUrvs3WdDu9zCanua4PqHav9Kg79me7K5X4SQ (0.00203928 SOL)
Transfer 1 tokens
  Sender: EUAPwSQpxamEmZBmShTqCUDPMNt1NbKpHm9nHn96b6J9
  Recipient: 2n5PbADyQXeCMztD5wnZjF3Nn2w8PmCmqSQ68TT6Q6KX
Transfer 1 tokens
  Sender: FBBbkUroqRuQLACJrSTDYmPmCQdEtVvEszJtEiw3PwxR
  Recipient: 51oET2dy4vCmZ1JMGYR9hbsvsLng1vcLD6z2AZp1uq1j
  Recipient associated token account: GXB3bdbdQmmbsCjEGw6jPRWDq9kwm99htjd8HzME6bt9
Transfer 1 tokens
  Sender: LxHi2trsd9weRKHRFduh6tYpmvxKgb6rXuKyNhC2x69
  Recipient: 9KZDrAZXdS27ayo15w4KrcdfVSf3NouX2az7x6BEH7BC
  Recipient associated token account: 9KggeRCtkX9vaPEV41oEPzEHkVHA7e6ZbBnHUqUDPeDF
Transfer 1 tokens
  Sender: 6Jd5sKxQouQ6FmP66cQaWnCrVo8cYjqC8wA2QT8yKYZW
  Recipient: 4zFeyGJQLckUkYYKsMiHCZwMeApJ4jHHykNWovKFaq9Z
  Recipient associated token account: 6p2YXUUAgRqpNtopHEFL1eDSjSjo1UHba3DcVqQwAZyw
  Funding recipient: 6p2YXUUAgRqpNtopHEFL1eDSjSjo1UHba3DcVqQwAZyw (0.00203928 SOL)

Signature: nYs7B5HEkwHkpMmon5DMSn8H8uk734ArARbayKxboJ8C2zp8SwLGPYexUXW3YBpwNya7dtjKrsxhgK3ifLkTevs

Transfer 1 tokens
  Sender: 67nd2bPUdWnbcws3qdsQ6777aQQfAZpERXCz5uU6ivCf
  Recipient: BQ6W2opUUbyd3mVpTX1NRgFWgqBxyt3FSLfSR6TXQRug
  Recipient associated token account: 4Cwm4yTYSBmTSYugMbhd2abrXUuwMd4Fygynye5k2kbL
  Funding recipient: 4Cwm4yTYSBmTSYugMbhd2abrXUuwMd4Fygynye5k2kbL (0.00203928 SOL)

Signature: 2z5AM7hH5nVTgSinhLhQroZEFjypSDgRtD1xvbGmtkNH2rAdmysh12xxQ5Xkk6WGeLX9ZHLtBmr3PpiuhYEzmeoS

Transfer 1 tokens
  Sender: 7Hu2DLUwA19hLiamVUUNuyddmPLCJJi62y6AH54sNvd1
  Recipient: Gg1dcDi3gUqt1DhwLKgUWRRdpjgwqVAzKDXiKkCpd2H
  Recipient associated token account: FG9xUNHv2wLDSCXnizUDkFQ3yivhgtpFrgmPXu9FkcGP
  Funding recipient: FG9xUNHv2wLDSCXnizUDkFQ3yivhgtpFrgmPXu9FkcGP (0.00203928 SOL)

Signature: 5fwhsw4nUUwt9UJaaWGzwnKhpBRarq672xM8GHkVtQgDrMXWjiqfnETDhBy5YtfJtRz5zQidFCFjd6qNmeTQ4vhb

Transfer 1 tokens
  Sender: 8jTTorq3iC94Z7YEzuJxXHdir74ZHMVbfa2jTBBfQnVh
  Recipient: HxGr2AZnLhyDxfL6vGCgsVpgHzXtgtWjZyNmPFvQNsBH
  Recipient associated token account: 9jBJ8LMwv48CmkrBnBjbvK7DwPkx6FmxR75UUwnu5Gfo
  Funding recipient: 9jBJ8LMwv48CmkrBnBjbvK7DwPkx6FmxR75UUwnu5Gfo (0.00203928 SOL)
Transfer 1 tokens
  Sender: 7UohnmfSqQ8QJr2LZHVNPFtss3jDBBYHQWBUyBwqz57h
  Recipient: 6Uz21kYRJkMYayehzi1VB3Ub5zojwVyGhcdMA6Stmp5r
  Recipient associated token account: BAACsPHQDoWyHRMEoYXD6xSX95vK7XHcztBjoLCZjuYF
  Funding recipient: BAACsPHQDoWyHRMEoYXD6xSX95vK7XHcztBjoLCZjuYF (0.00203928 SOL)

Signature: dgLr5BPjryJSp8SQpKztcx64tXx6KfuigVRSmtBcJAwiL65jrunKvCNNdRowLVHxZhywkqUNyuPkVpeg437RiRu

Transfer 1 tokens
  Sender: 9aninQqrGJMzUUMdKK76upNqJvctSakYYRgTjyYjNHGW
  Recipient: H4Z5MEqS9CvjLzKHyMrQ2XkeZUQ3PANyeirkRx3PTGXP
  Recipient associated token account: 8sepLG8a4UBBhAPhppDjU2q8d86GUF4Swv574eVAvx9C
  Funding recipient: 8sepLG8a4UBBhAPhppDjU2q8d86GUF4Swv574eVAvx9C (0.00203928 SOL)

Signature: 4etnUE9qtF6C77PcVadDcZdBhaFWcxhN6YKmsNXbUPBM5ALM6KhG3KQZb7p94Aq1CTJC1FVUCyuUSz4qqhGSFv33

Transfer 1 tokens
  Sender: 6qQK8DXfup6242e5M1kWZ3a1zXg7reAqL8PMUyEbcdeL
  Recipient: 7fK3a9edWt9jSRa3v9Fu1m4ooAgPHUTH4Qk1MTv3T6s2
  Recipient associated token account: 7gpifegxMg1RAL7ySgsu7JRmEsJTuQdiDWab4MGNnQZJ
  Funding recipient: 7gpifegxMg1RAL7ySgsu7JRmEsJTuQdiDWab4MGNnQZJ (0.00203928 SOL)

Signature: uM55AvRLvfL85HiLXm7Bn942ChxhDT7zPgJMatkVY6GsLi8zW9v7Fmz3n1tiugSdhjTT56Bto5goUKJsKQ5dMoK

Transfer 1 tokens
  Sender: 6qfzssqdj6P1RK4wri8XWJiEtfSW7Go5FkFVdwdSoPQg
  Recipient: Hi796LWaVAcny3Qei6L5uDZxogeXtXK1TN9j3zexzwYE
  Recipient associated token account: BWnnRAPCn3i4xjTJA15uqievveZ7nyKjEjbdKhAgoY78
  Funding recipient: BWnnRAPCn3i4xjTJA15uqievveZ7nyKjEjbdKhAgoY78 (0.00203928 SOL)

Signature: 3VtvBB6fMDnBuytFKDLXLp4ukpD6MXrsZjT5m6JMGBvkET3XhbKT9Z5VNb1436zUbfXf6khJwD6vLSmx9ewh8d73

Transfer 1 tokens
  Sender: En2NdiuKLi4WruQ4iNd9jkQ8JvQyEHdHkW2ZbvcGkTW5
  Recipient: 7BniTzrcyLnUKtAqjzSJjMuQkh2QWx3CAEUapuuk362w
  Recipient associated token account: 7DRg1wqwYZureNJWhv3pTE9DriPrsG56aUV5Q65feU7x
  Funding recipient: 7DRg1wqwYZureNJWhv3pTE9DriPrsG56aUV5Q65feU7x (0.00203928 SOL)

Signature: 5PZgeVCr6g3uanv4L1qmDzDZoSApAsEd9kYWjUTGnnhYwsqr2DseDXMQ3mVxaxQug4J2dZYQ2EowVmEaNe4kAvkT

Transfer 1 tokens
  Sender: E4BErVnrDCm1nNXXGakkUaeTMG8sx76Px85EnYusQsd3
  Recipient: E6cf5us72RkxYu8hSUX1GNb1smNVAJhtDd1Gyafzb6Bc
  Recipient associated token account: 8uopTdtes6QStx3FDjTNhBuyAGzH4RSFh1kQ7CnLNpTM
  Funding recipient: 8uopTdtes6QStx3FDjTNhBuyAGzH4RSFh1kQ7CnLNpTM (0.00203928 SOL)

Signature: 5uLb7R3EPRnfJQydkrU3Y13sy87riwFKE1eUzZ9A6qrpdCeCgCJigRNZL3YGvnRDKSqBcLkTipVujk38wy5CYKsb

Transfer 1 tokens
  Sender: 3vca3vqKeg6HMrwQXREuUyMBJzphcxCvM693d8maQ3Xz
  Recipient: Cyc13EoozWsKWeF9xbTwZWkYTeNcrB6VeyhYEpbe4dS4
  Recipient associated token account: P9iHC7drMCQnu3EisNAjDihmBwEyj8yQ7AfQ1GaBndV
  Funding recipient: P9iHC7drMCQnu3EisNAjDihmBwEyj8yQ7AfQ1GaBndV (0.00203928 SOL)

Signature: 5Lgiyhsdc2Nb6NjffRxwGRUmqKWbHZXQ5Egfb8wUN93WbzVs5baDmon8udTr55sRAqJFatKTkkbVd8XWuavxkDNE

Transfer 1 tokens
  Sender: 56qz5C3u2TvxzswYvRyocqgZhTFPMxmx3R868rHK3a5q
  Recipient: 3eucHmLaRJzL3d3rzYx94KvxcVhR4ESLo9R9hhb5Snbo
  Recipient associated token account: E4MmH8UguSUAihyLXG1JQocH8tKQXrVzT8uME4YPdurS
  Funding recipient: E4MmH8UguSUAihyLXG1JQocH8tKQXrVzT8uME4YPdurS (0.00203928 SOL)

Signature: 5kGHVY48UZ12GfASufyYtX7e2Cda6KRrULRzodf7yB6KkkWK1J8A4G9p67MQ8zFCFRL1eYQWNkMmuAXrZLWxumBg

Transfer 1 tokens
  Sender: 5fzqFWru9ZMjCgJjiSXJSMW8PRpyAakQaCwcvCnSTvG7
  Recipient: 4MYxCzrMbXFaRAJSUHS4TBcVpEcCshbdvjFnR87oZCre
  Recipient associated token account: 6c4nogTNopueRWUJ2FQGMMa9WECxVkWW5NHureWYCn5T
  Funding recipient: 6c4nogTNopueRWUJ2FQGMMa9WECxVkWW5NHureWYCn5T (0.00203928 SOL)

Signature: 4qXyhkXX1bZAWshiwY8HDcabSF9ULeBhbG4eQV65Tih9cUNKPFzR3wwxwUPgcWdwudThHFtaJk9WNBGdK1dxsXv9

Transfer 1 tokens
  Sender: HusEZC7jEJeBkuEqiEAxSMMpuspULafvojSuRKajnCwy
  Recipient: Bcpg8YVzqUNPHxeaqrBDdm8Q1euWN2DaQRmU6Y6pWosC
  Recipient associated token account: Ek5zVXeKtH5tkCZtJjBMXDhEhj6fcoEDhELkJSEv1P6K
  Funding recipient: Ek5zVXeKtH5tkCZtJjBMXDhEhj6fcoEDhELkJSEv1P6K (0.00203928 SOL)

Signature: X6Lkw2PRYpvspvRwAd67AReyeRWa75bnLnzEfzYuCvc7jfhAJoFq74WZDoLmv3CBVqbEQy9dMaNSiXkppbj4r3K

Transfer 1 tokens
  Sender: HZXzwLcRYwWMBeNUcWE2SWACiL2GENw31gPaeiQ4AM9M
  Recipient: 9ymwqm6YBPkvFdHG6roafpS3scTPTrC4GYCot1hMv1ye
  Recipient associated token account: 7eHkfrQ3B2aNv8bxnFAvNKExA5UvuEMeCH1qmDJ6k7tz
  Funding recipient: 7eHkfrQ3B2aNv8bxnFAvNKExA5UvuEMeCH1qmDJ6k7tz (0.00203928 SOL)

Signature: 3qYbYqpCKcXwnpWuidWCnvSvbddAENzTC7zqnv4T1g4chJ5Qj2et32VSgTPL5gEeBcWtU3N39GPHJWM9TCHJuNKA

Transfer 1 tokens
  Sender: FH2esNsK37wrCWLJwwHFKLhhXU19wtzsAYWGFBsoPZ8g
  Recipient: 32ZJNMMve28xknkYjZUvUJ4s6P7YMvE3FdwGzJFLS3CC
  Recipient associated token account: 9B2jhCmkPNWxKNKPWpF67Kf2i1jfNPyy2jA8LW2uYr3n
  Funding recipient: 9B2jhCmkPNWxKNKPWpF67Kf2i1jfNPyy2jA8LW2uYr3n (0.00203928 SOL)

Signature: 4zEnL32EjaywJ3eBiWBU3XoQASqbCg4tWtY4cmZVprnYUkjz1xGXHtHgzgUHZPZSof7qHqSP34J7ZNsG34HCxLdh

Transfer 1 tokens
  Sender: HZJPQZbF2qfpV8fdE6yxpWykuVC9Pmo7FSumoEeAyQFF
  Recipient: 48z8kbnt1GK1cxD97YtMLUGj4UtKD9fYSvmWKbv5q4NC
  Recipient associated token account: GUDvMwzf7srrxJMZ5B2sJVrCRbvrh8ZQnaKPHuDiuN4c
  Funding recipient: GUDvMwzf7srrxJMZ5B2sJVrCRbvrh8ZQnaKPHuDiuN4c (0.00203928 SOL)

Signature: 2Kdz1czdzPXMUfLZALCUq7kqNk8bTSRUrtUWjnoLepSBUEg4Jt1Jmbfw5hoCj5GGWRANzoyE456KhJB5CLSAbHqf

Transfer 1 tokens
  Sender: 4V2e6UopmdyKGXzvp8yEokHvZyQHHZWaABoSDWrJzxgX
  Recipient: 92JnT9ktvUSqU18U4NC5TAcNA2ASc3bwaCmaf2FXHUR8
  Recipient associated token account: CkKKi6JRGKRQY2cMrUM9nFNzzwhf3HuJf9af188zNDne
  Funding recipient: CkKKi6JRGKRQY2cMrUM9nFNzzwhf3HuJf9af188zNDne (0.00203928 SOL)

Signature: 22Z1KRjXo3KGKFyVAtcmW5G6oq8r8G58xQfzkxxEP1EfZbG1HY9zqtrWg7gNTDgfSPFmAJfYAphhT5nrCmuMpayM

Transfer 1 tokens
  Sender: 7jgCo6ziDijSGVaJeUcgWJWko4U6UFnZSwRBj4uieXsS
  Recipient: 71j1etN9ACqaSFPkRLFXBaL8tj1NQboZrBzBnYetj6i
  Recipient associated token account: GeiMNchfTog8uq8XBMM6fcvR2HA5xG1uTWTU7mNLRst5
  Funding recipient: GeiMNchfTog8uq8XBMM6fcvR2HA5xG1uTWTU7mNLRst5 (0.00203928 SOL)

Signature: 3VbLeMdcxQjYxwcrPMicwqH2yFeHB5oQjhVaykHVKhwfaH54WdJj6K2RrdZMTctFg4AsPuyrQ8GUMbMUGEkkGgNU

Transfer 1 tokens
  Sender: PJBPavVgnLBSvRbNMriRTqWzeCfow9ujPXYEKv317AW
  Recipient: 2WkPKh2HqudssFdhTJRdj5q44oTwZrdPJQ2hGbgwMXrN
  Recipient associated token account: 78daBr38bxPRMpJgsDXa4ymzW6BRjCFEAtCmeXi27sgC
  Funding recipient: 78daBr38bxPRMpJgsDXa4ymzW6BRjCFEAtCmeXi27sgC (0.00203928 SOL)

Signature: 3vog5HYSc5KX26uD457riVzSHwZAnXrnkaJZVwMKry81YeLnx9hSpNiweWMGEkGaAy5sdR3kMZQtMEKquCwGSBrk

Transfer 1 tokens
  Sender: H3KrPvVzSSQAguCCfRo4JR5Lr8HBTtWu4yHXrMtDYtHM
  Recipient: F2E3GcXewJR4WfVmLhJUgNK2aRP46s638CVFu3oFT7ap
  Recipient associated token account: Ame7ArqnGRbuHMqrRdDoMEnZXHXUWrTMz4uTQZ3zirWH
  Funding recipient: Ame7ArqnGRbuHMqrRdDoMEnZXHXUWrTMz4uTQZ3zirWH (0.00203928 SOL)

Signature: 5oF5PGgB1ycKSnHbViXZJnLvNTAWBathWV7nxgim6SM8JoeBcnh13MRLMWSczAUr4P7tH93Bfo1JN77fJnpvQ3y9

Transfer 1 tokens
  Sender: EjKsMr5cDeTVdsLBr8W3dV5QN4jCtmCe6TBvtY2RKXxW
  Recipient: 23XNgo4x5FwiQbN4TV7MZ4ssDgQ398vrpkfD8F3S8KTj
  Recipient associated token account: Ci1WFp1HHqUYzayknxY8QGMtmyrK5rhKPReugv61wGGM
  Funding recipient: Ci1WFp1HHqUYzayknxY8QGMtmyrK5rhKPReugv61wGGM (0.00203928 SOL)

Signature: 3RcENN2vMcNHN4H8NnoynzEtcVK753xwD1aWeEfnzNpZNP7h6bh8Uv5cuRtCXnpv2Y61Pv4W3eiJnQiPbZge5K1q

Transfer 1 tokens
  Sender: JAF5aUZzJuv8pyx26oBsLd4vkVApuJGxtqweViyhhZch
  Recipient: FpSrQMhnYa8YRnEQqKstyi8DYsMvET71CPfnmJkBSSP5
  Recipient associated token account: 2bKaVzpNXFfx21fUpryahZaEt2NVScmG1fjbXkPqxAq8
  Funding recipient: 2bKaVzpNXFfx21fUpryahZaEt2NVScmG1fjbXkPqxAq8 (0.00203928 SOL)

Signature: Zs2ZmbiApYotsPGBSkrWDWiegA2aAWM8U552FDZGXQ8FacQMDouQdQ9Y3P8k6orVz6dKGm5dAwackSJKLpW71AP

Transfer 1 tokens
  Sender: ByqP1uMtJ7dZmsrs7su9F5jfe5TD2hok7oMrEAqutUAc
  Recipient: FA23y29A6AoqNmeFf4Kx6wj8aSd9A1aRZCxXNUb7fU3g
  Recipient associated token account: J5YCJk4HkJ5VD5BpJ1RSDrF89eMgTtsZ7grdWMnmRx5J
  Funding recipient: J5YCJk4HkJ5VD5BpJ1RSDrF89eMgTtsZ7grdWMnmRx5J (0.00203928 SOL)

Signature: 5PeCgQL9rCPBNCDG9Z9RVTFxkVE74qp7Uu7ykdpLtv5DgqatUPkMN238L4d5Qz7kKjDHyNtXdQLHBcuaAex3qRXY

Transfer 1 tokens
  Sender: 5EzmkffYT6pFoxHrGSfdRwcSGkw3hHcdFVdzTXz2P1r8
  Recipient: 64jCYfpbcVRvVUbntgfNVxNMhFXFXWD19NQr1663MB36
  Recipient associated token account: 27j8cqwvdBndhvkb78ihat2oi2GUoGv47uB5AQfpDevm
  Funding recipient: 27j8cqwvdBndhvkb78ihat2oi2GUoGv47uB5AQfpDevm (0.00203928 SOL)

Signature: 2nvfaX3EVEAvhDBVNKJkPK7eFkgsWafegNNctVU76ELE6PhzDLBGrHyo5yuifjjejZf8r8xDSzJEXnpVJ2ATk2rC

Transfer 1 tokens
  Sender: AiVgiRw33m6ADBCwo8mKqFKPd3NPrPg2sfb3u9Ng67dT
  Recipient: 7MHan43NcHoZE6rw8FJGC5xn3JkwEHXvacwLodHqhqyj
  Recipient associated token account: 66SnznmCfTwtQh5GNCKLcVZrzRxFP6L6JW69qN9uLqou
  Funding recipient: 66SnznmCfTwtQh5GNCKLcVZrzRxFP6L6JW69qN9uLqou (0.00203928 SOL)

Signature: j1jmpRJKD9Ep8t6DVAWVoPfEcPxBFWrzugUeXhsN3f41aoqyCNY7P7HuXnrsRUFPi4354znzG6BPmCAFHwXS8a3

Transfer 1 tokens
  Sender: 8CtDjDiTvLMVmpMCEQrYrXqUN4AFWHCTokdmMJQXXK22
  Recipient: D1YysSgs1ZyqPogHGo6MyBt4iCDRzPwTd9g8ywFU8kbk
  Recipient associated token account: J8iuggzGpjnWA2kTqUEdjgS8nBbPseKzJMAwwHWsCnVR
  Funding recipient: J8iuggzGpjnWA2kTqUEdjgS8nBbPseKzJMAwwHWsCnVR (0.00203928 SOL)

Signature: 27WZQZJmpB6LjyqpPMRyEYsnpcwDK7tvRpuUkYXyNad277kedFhQwgodr2sFQtk1e6YWooN3Popq4sfN6NyTPRps

Transfer 1 tokens
  Sender: FfERyJERd6nGfJaqLkDcxjfkqcfGiF69AdHkTg7wXszC
  Recipient: CakCB2mYApvhtzJWgmejHjuTAVDGbBk5zjzrDctgkxjM
  Recipient associated token account: 8J1aYDMM1248xT4wgjwyNvEpDMifw1Swbj7oCR8aVmqY
  Funding recipient: 8J1aYDMM1248xT4wgjwyNvEpDMifw1Swbj7oCR8aVmqY (0.00203928 SOL)

Signature: 43cu7u3dhwoEsXnofX4wc5A5wY1tBPG3xn3YYuM65N41FGQjvPfmr6dPvLAcJoFV44KvNTBgfiCiZGLhZ2qtcyw2

Transfer 1 tokens
  Sender: BKsHvyeKBqie1JMz9im9ihBqiPk7LYQwJqVJZkBZw3qL
  Recipient: 3eucHmLaRJzL3d3rzYx94KvxcVhR4ESLo9R9hhb5Snbo
  Recipient associated token account: A4csaAkQSpBYnrkArzL8aBbBBkDQxaHLvaLkFcbpWWnN
  Funding recipient: A4csaAkQSpBYnrkArzL8aBbBBkDQxaHLvaLkFcbpWWnN (0.00203928 SOL)

Signature: 4k1U972iCAJcVw5xiu8Y7LBVNd2zERSBRBJ4Mqx9STDBeT5T5xVYzAM387JTMEwZ6RR3QwtapzgLv6Vy6n7ADJHE

Transfer 1 tokens
  Sender: GBK8yiHQCvUnz2CEFDwYPqTesY5guJ2yMtXcN9DDEwc9
  Recipient: CBs38GrLkRKrf6ciZkBbD14BmW43nLB5Hj4BX7UkNhLF
  Recipient associated token account: CX2875QYNAqziCcmBqcVcQFPb6z3iSsfi9iV51zVudmm
  Funding recipient: CX2875QYNAqziCcmBqcVcQFPb6z3iSsfi9iV51zVudmm (0.00203928 SOL)

Signature: 4b5y5wJNYajVYvSH7bp3sP6L8tzUtm3RfXFDMZjkC8TTKJf7VTGJeSpPauUfv8UsHwyaRbTx9UQxVPhyr3skv3M3

Transfer 1 tokens
  Sender: EQNS9H28ZYSmE5M1PyjetrJNMGzHvAgmZuAy2ckAjQfF
  Recipient: B1ZV1ac6QYX6AAbKBnezBH4CaHzX5g4XwkzofNS4kXvv
  Recipient associated token account: QTY5o5MKWevb4kExNegkZDS9PpnxMRTmKt8JmJAcweU
  Funding recipient: QTY5o5MKWevb4kExNegkZDS9PpnxMRTmKt8JmJAcweU (0.00203928 SOL)

Signature: 3Y42ngpirS8uUY2wym5Yg3Fm4Qim5Yvzv6X13fpeK46MjBg34pxfJqU8Z57YWGG2iy3Urrv8E9vAK5FECsPPKKCD

Transfer 1 tokens
  Sender: 5QMweW1yo9mCbSj4zoGRoqgL3tajipUSbHQuDsu1r9RE
  Recipient: 51oET2dy4vCmZ1JMGYR9hbsvsLng1vcLD6z2AZp1uq1j
  Recipient associated token account: 8pDG3ftYJ6fpkwFKnL6zsyt8hUGpMKJdgqc5WuVbtNFc
  Funding recipient: 8pDG3ftYJ6fpkwFKnL6zsyt8hUGpMKJdgqc5WuVbtNFc (0.00203928 SOL)

Signature: 4vSNyrYaaxnnaUxrjoRFxDLtTsfCKGZVRpo411hDL1derxWfDzBpigH4kJM4J7b2JhSFG63o1tXWyiWek6DcedD3

Transfer 1 tokens
  Sender: ASh5CELRgk2Jjh3gCbT4PLoWoAmJmY6aT6E5dh1LFnD3
  Recipient: FVnQJAE81hKFcJ5SiEJ7mjHLiunuzAdJj3Lq9vyJ9fSp
  Recipient associated token account: BA2Ayy3pxJSTEHRei9vXnhCUjx5xa1QATJ81JHhkyADx
  Funding recipient: BA2Ayy3pxJSTEHRei9vXnhCUjx5xa1QATJ81JHhkyADx (0.00203928 SOL)

Signature: 476Hs3KMChsYBQVfqaJ95GkjZupM1fG5cBRgkSb1vpL3Jir2jz1Hqw2cu2qefsddvKwCiatcKLBPVjPzDKJSFhxE

Transfer 1 tokens
  Sender: Gw3ofZZUGY1UwybkLqNN3tdyvip15TJwPTnfmWB7KjZW
  Recipient: AcTz4LZcyNYapAKzSE7tuhU8PcvcaRSeMskQYNQzEagW
  Recipient associated token account: 2MnNzCMUQdQLC6BLxH4hWjSXXMDqwrhaGweeaqmnXpCj
  Funding recipient: 2MnNzCMUQdQLC6BLxH4hWjSXXMDqwrhaGweeaqmnXpCj (0.00203928 SOL)

Signature: 3rReNzh8f8LZzPfzZZrskFZM3qCLSLpDipZmzs2psjcMZnYoUHMG7Vy2uifMcTF49t9PVhxeRBUvN9ija5PY3ty

Transfer 1 tokens
  Sender: EzVD7WySTrBrbskys74zDnHfvwBbDDGBPE5bz5zUAkov
  Recipient: RTY7RjhPpDabh6ky8mQudWxWH9XLZLCRPAj2CqRN21r
  Recipient associated token account: 12PFWWtgzGU5JcUuxFQpxYkMBdz9Q2LXBKFvbj4Bv4ro
  Funding recipient: 12PFWWtgzGU5JcUuxFQpxYkMBdz9Q2LXBKFvbj4Bv4ro (0.00203928 SOL)

Signature: Fpin2uRMaYy42i9PqeaHnJmMwwM2vNSC1d7hLdJHMNeapvEtgEiyFehHx3e54CS6P66K5D2qPZ3U9FEEqXV5uzf

Transfer 1 tokens
  Sender: Em6M1pJ6mCRCB3Ub8uR4qKXH5bSneZJuTnYFb1eDAb9j
  Recipient: BVFTQzEas8kMPkcugksaTTuLnQJ8ESxtLryk4ngdyvjU
  Recipient associated token account: 4JpvVuLpBwd6MXKXnsZFEnAnLjj9kU1quUbhL6HMYuB5
  Funding recipient: 4JpvVuLpBwd6MXKXnsZFEnAnLjj9kU1quUbhL6HMYuB5 (0.00203928 SOL)

Signature: 3wKXtnoG3nrt22Gci6h5iFEYk86gc31296KW5DtBzk75jsnUsFTtNF9H2NhXhDVvpXhcgCfsCQgBCAaVbDv4uock

Transfer 1 tokens
  Sender: HKsAY86r32ZQPsGAbtVbPJ6fHQsSSLgi7fQ8UV5QY4ee
  Recipient: 6aVxAU2nNjSUmDkSy5zgavKcZNKGov3xhi6tUPLnULLp
  Recipient associated token account: FntLmgVvf4K7zSsnUf7oQ8p9Uo5ZmNrVFBpLjLpLjHJC
  Funding recipient: FntLmgVvf4K7zSsnUf7oQ8p9Uo5ZmNrVFBpLjLpLjHJC (0.00203928 SOL)

Signature: tfSSpDQqcneSCuFAzQ2Qg85xQMJhzfYmdb8NrQRgyb4gpgYsCmVB6vuqChnHyF5eTjQs2Hj3ERG5DcECnzGRYW8

Transfer 1 tokens
  Sender: 3BHEuSCpgRppPL192wDQuPYnbCzEpetKXJQkBQ3AZrXm
  Recipient: 73tF8uN3BwVzUzwETv59WNAafuEBct2zTgYbYXLggQiU
  Recipient associated token account: 5cEaybgWRViRNRrtrUGAKyzjaifnrCDztxFnDirXhQoc
  Funding recipient: 5cEaybgWRViRNRrtrUGAKyzjaifnrCDztxFnDirXhQoc (0.00203928 SOL)

Signature: 391wsoVGDX52kRFkmV6j2gDcwwwXBAXA9nN3x21s3zCPVtYorHpUegtNVwYfa7H5SbKNbdWLdz2NT2GuspXMtJz2

Transfer 1 tokens
  Sender: G2G8wJfjw3DfzpVyFQWrZzFLfj8HdgVjLYL1wsMLVbYq
  Recipient: DNNUeQwDBnWGho8AwGJnDhVS6PLJdMaq9J717U3UwNJG
  Recipient associated token account: GQtcPJyLGfdw1NasKP4NfZAxDSojWrTfgHgEbujyL2Kj
  Funding recipient: GQtcPJyLGfdw1NasKP4NfZAxDSojWrTfgHgEbujyL2Kj (0.00203928 SOL)

Signature: 46bvRASVZi1unw3JDPpBPj6EY1Mt7jD7FsJ1C9AvhLCjsJ4BEYae9yVJuXi7326Jacw9QmwbYWEGqa5X3tZJkSTT

Transfer 1 tokens
  Sender: DcrCQCi7ARz2tyVDXFVomoHtPAVcv6Mg7t6T758sFbxa
  Recipient: GTNaEeoDEw5Y3xKDDdpGVnEbVkeqVvd3DuszppWs2edg
  Recipient associated token account: 4H6B43H9NcYriNm1rE9PEp1a1Az2LuG99q5XQZoggR4N
  Funding recipient: 4H6B43H9NcYriNm1rE9PEp1a1Az2LuG99q5XQZoggR4N (0.00203928 SOL)

Signature: 49K3PtSvnEcNLipoc3aWShyu9Zc87mc4gafPi6u8q4q2mhcqd4UsuHB4QQixNPEnQR3fZfZZZJap1tD9RpeDqft4

Transfer 1 tokens
  Sender: 4rgwHrprvU3kvnhHCkkxWfBmQ24BQB3EJt4yDjsCgeKE
  Recipient: BVFTQzEas8kMPkcugksaTTuLnQJ8ESxtLryk4ngdyvjU
  Recipient associated token account: DRsdemCtCn1tttsnCrivA2FNQCbiLDCJjaFggrQGswgY
  Funding recipient: DRsdemCtCn1tttsnCrivA2FNQCbiLDCJjaFggrQGswgY (0.00203928 SOL)

Signature: 4DNDgsdjsRGrLYqLqjStNJrWjeZGZuRNxfsP4i1cqjQYzwJVe3ijoyJce1w5Z9fHqgxgieoazFiM5kL9X76kcFrt

Transfer 1 tokens
  Sender: HkmoG4DZN7JDL8hdgrgKkaUbon7eHJmRoQ5XRY4dPoTK
  Recipient: G7AoeZ3MD3KBwFe4gaRdbnqCceNEsUNSZZwgDrbcBPmH
  Recipient associated token account: BPCLG9byucX1EkVj1aQBqmm1LesCX9cE7YbxHzNBEpMg
  Funding recipient: BPCLG9byucX1EkVj1aQBqmm1LesCX9cE7YbxHzNBEpMg (0.00203928 SOL)

Signature: 5dVUZZLo9XChjGYMUKDozipNR1QMSPQ8CNqcjRpEnUjCCvcpzBsLD4Vty3ypHNTRGDfezUuwRipKZWyo1dQMSdwx

Transfer 1 tokens
  Sender: 8ZVdTX49zpuCCUvHjdzQDNwPdx2H6R8NrErguRf6Yx56
  Recipient: HGr9BqZEbjfGs4vZMaJhHt4LAtRJ3UrNm6B44bRaTZhP
  Recipient associated token account: 2jYbB7YrxYU3R4tmpaaVv2kYcCzoEhr2mGMho7LUEQDm
  Funding recipient: 2jYbB7YrxYU3R4tmpaaVv2kYcCzoEhr2mGMho7LUEQDm (0.00203928 SOL)

Signature: 2TwSvpX7gJEuWx899YT4TYitfeSXbdFDdWNrVU5SCRDBuFXLcsbjHAr4kA9nim68UmkdQnqKmmDHd6hYoGfhny66

Transfer 1 tokens
  Sender: 2ugjk48MxHPk4wtqzB7rQ389pdrq6LNH43zvNRYXxLRN
  Recipient: 6LPPpRg17Pmsy39efw3hEgfXQsjATUA8MfTih521iHdL
  Recipient associated token account: 5NGG51SQbgragihEj9rKVGt3QmUyo1rpcjKvvKkaoPZc
  Funding recipient: 5NGG51SQbgragihEj9rKVGt3QmUyo1rpcjKvvKkaoPZc (0.00203928 SOL)

Signature: xZKnTgrwyyvmqYqnj355j8czirbcE61H7aYfN9fBSL98P2nMbYRjmRNKkgf4rxjPnb87HuTkHZKqC5amnft7Q8U

Transfer 1 tokens
  Sender: CdLW5avkiiDLYgNhf9gMcfAn5LEZYWNVzndbPN9Wrp7M
  Recipient: 5xuCrqwAh1Tu5MsXLXtpnX6QAYuZ2J5raPJamudv4Nxe
  Recipient associated token account: Hy6t3GkGiD1H496o61SKbW2FqczuA42kfU3wJoqhruf7
  Funding recipient: Hy6t3GkGiD1H496o61SKbW2FqczuA42kfU3wJoqhruf7 (0.00203928 SOL)

Signature: 3jiciU31EJ14fV4gpJdhGZ5tb5LkVVyLetv9CJW5AP1yn93YkBFySJ5owKtXGRQmZtnJhSjDt1wAEfor75xfPfx9

Transfer 1 tokens
  Sender: EuKpiT2EMXCfkcXcnQtndphg9MNb7xzLtzxEqyhvBTZq
  Recipient: B5wGRziAmbZ6NMGwatX7s3rp9tWzDL3fEJojQwh1JREe
  Recipient associated token account: 7Rb4zfG2qRY2Zrd5iPeUJ8od7JakoV6gSChjgtGpBEwg
  Funding recipient: 7Rb4zfG2qRY2Zrd5iPeUJ8od7JakoV6gSChjgtGpBEwg (0.00203928 SOL)

Signature: 272bmjhcD3d7T9RjrHfExwPvBt2ttEJeDtCy6jKyuyuTNyA4aJiDxShupp1rggjeSkAsgEX8m3QLjyHoNTZ73qoi

Transfer 1 tokens
  Sender: AmxjdESwFkun6BoqqBMRq6Q6bXCbuQqVECbNHMgxmLdY
  Recipient: 5tgZmrCGPTFsQcsb8zswLfrGuYiLp1LTuNPBvfrQb2Yy
  Recipient associated token account: GDomRZ5WSVvVLKRbuYdPubFvYu2DTZ3HNqJDuAXVL9E
  Funding recipient: GDomRZ5WSVvVLKRbuYdPubFvYu2DTZ3HNqJDuAXVL9E (0.00203928 SOL)

Signature: 66yNEUcqY3BrvATnXo7tVEwzhU5xCNt37okoy1XDtaynAGKWiLHRdVA9QAqVWxN4LYqYcf2M73PBWasRkTKxBHxC

Transfer 1 tokens
  Sender: 6dNCoohnUCSaLQ1rbrUjEJYFPuEaXeVpFZJax79ZtvpK
  Recipient: 9jdLQ1QyC43uHFhZVB7cYLyH8EdKyF9dbXurbmXGUXJU
  Recipient associated token account: 9UvMdMraGghaFjnNCPH6jCs9LykdXv5HKeSAyREEJorh
  Funding recipient: 9UvMdMraGghaFjnNCPH6jCs9LykdXv5HKeSAyREEJorh (0.00203928 SOL)

Signature: 2CjG1DFcXe8CeUWmTVa3KEK9mEXDewhxgYFYMGVVsLvsE5WiFSpkxFUtZkrWJbUGSPLLvKWPKQoZYAPfnJF6ypHu

Transfer 1 tokens
  Sender: BfM5GFr3kvXtHXHPokQXu7x5gkfZ9PGyc57E29Kbumvi
  Recipient: B2BBBHRthcSzTZPcuJrNcXvSA5Z2wXUi9ZoU1a7aVtcj
  Recipient associated token account: 9jCja2gsVw6ZN4LyRZDRRLnsMuG1fj5KxNst2L5oN8hB
  Funding recipient: 9jCja2gsVw6ZN4LyRZDRRLnsMuG1fj5KxNst2L5oN8hB (0.00203928 SOL)

Signature: 3MGus3D9wXxEagEy4AhXZsHLFx7q6UUXxnPKHwpTGdPLSzb813knhbUjNEVbatbRzRq9i4GshWHnfqhh7V6GMU5h

Transfer 1 tokens
  Sender: 2baGnZogJwGn7RX6AhAfFDtzxMWauAgG3jj84NKFEmcU
  Recipient: CmkTsDLdXLXzqsdZ2t4FNce3phcYccPgMtUekdMZnDRN
  Recipient associated token account: HJcrh9cqTLHDwwXUT1Ahag1KYjws16NtZuW75f3vWh6D
  Funding recipient: HJcrh9cqTLHDwwXUT1Ahag1KYjws16NtZuW75f3vWh6D (0.00203928 SOL)

Signature: 31v8Be5ZznS1uVFeeUADUeSpvZiUW3N1QeVYFpj3M1cm98AF6cqsmC7gMbM7F9BND8BhsogsNBUFfosFRtiEeB3s

Transfer 1 tokens
  Sender: J8k6jphS9GMF2DZKA1YgYhujT2EXKE99ZAUrQsQo7FWg
  Recipient: 86nH1NqumMS29x6obhV31NwR5mgjUVnch6QymvjuYJEA
  Recipient associated token account: H8xe5TyqHFrRkjSBbseEHVjkDDSqh7JiKgjBa43nBScG
  Funding recipient: H8xe5TyqHFrRkjSBbseEHVjkDDSqh7JiKgjBa43nBScG (0.00203928 SOL)

Signature: 2zaEgW3UGbeasqRriUr4rdNBniJnAxjXhjYARnwoDyiKvZzE2H1CwCYC2Atd8CZ2noTGEWjSUSGsdYZEpC2kTtYp

Transfer 1 tokens
  Sender: HeqnqzeVJowEwcN6KQSeTjiGBXhEWJD18LdzkzALZZy3
  Recipient: F3hzbLTD75Shbpyu8tdztMhSrh9vZ1qMwTCopx57A5wU
  Recipient associated token account: GyNv2rqGw4e46Zr6unZ31uvWu2CyVmyVsTJH2No4gRMi
  Funding recipient: GyNv2rqGw4e46Zr6unZ31uvWu2CyVmyVsTJH2No4gRMi (0.00203928 SOL)

Signature: 3evot8mXtoBnhgpPrRUzG6eg8dYrwDfg2KKsZo8Wq2Xr1rxBF8WCi5Kmc9yK4LTxyNwp9Pa73gJLheUzLSSQsZkb

Transfer 1 tokens
  Sender: E8cSAjuDRvX8M4Z6ML5VrwuSNNK825skyCsCohGhfgi3
  Recipient: Fx22XUQE2NaZ2oMEPCAzyYXwqnMGWrKDFGNdqPi1pdHh
  Recipient associated token account: 44xxe9fwD4Jb41mnkQq8CEvQSNZ6A8uEUqy3zcne9nYi
  Funding recipient: 44xxe9fwD4Jb41mnkQq8CEvQSNZ6A8uEUqy3zcne9nYi (0.00203928 SOL)

Signature: 2YQ1xgwhJtTVs7zueXz6GCvbiZjN71t46Q7BCTp9PG6asGpo9sdfpEYtAB5kNS6KtU3L8ZDnYhroVVd7715sjs4b

Transfer 1 tokens
  Sender: HEgcEG46qDGfEghSuAV7cpX7DYpXjxbce2MaiePKvABX
  Recipient: BVFTQzEas8kMPkcugksaTTuLnQJ8ESxtLryk4ngdyvjU
  Recipient associated token account: WNRTXBjjRRDk9wXQbP4Wy8P2qr1jjhCPCTm65WmHeNS
  Funding recipient: WNRTXBjjRRDk9wXQbP4Wy8P2qr1jjhCPCTm65WmHeNS (0.00203928 SOL)

Signature: 61uSprc7qvdvzPPc5qrQzYezAngppQnsfgn9L3u9r5sfB1RTfK8QPnRUNBS692NtkXzQLgte7JFPuLSgao2rjzbJ

Transfer 1 tokens
  Sender: Bs8knRcmWQxFNFYdzYgpMTawnFNk6gcXhoadSm1oa383
  Recipient: AkdfJa5NmE1pQt3Ai7DpgDg8kryN5qTZirp6LQcpen6R
  Recipient associated token account: 7fmSeyyb49PTA3ytR7T5BhNaYvNiyFJHeAP1tLAFdb4G
  Funding recipient: 7fmSeyyb49PTA3ytR7T5BhNaYvNiyFJHeAP1tLAFdb4G (0.00203928 SOL)

Signature: 31W2Dvaxt2KQM5nyfovRG1Ynoxr7JMZTJHeS7tJzjFSwZzZiHq4h9Focsd1MmxdYouucWC4Gmo39xu5LE8m3x9G9

Transfer 1 tokens
  Sender: 6iRDUXULTD4oGhvxf7XGkvSU5TE2VVvob5MqC5ZqQmGG
  Recipient: AEUto3eFWHLAmmVRq3Vo2fmHXwte525jQGG6D7pN4RRd
  Recipient associated token account: HK2drCkFSJry1vPDhYsAcX9Bs5jr2SYGR2uTaHWyuF56
  Funding recipient: HK2drCkFSJry1vPDhYsAcX9Bs5jr2SYGR2uTaHWyuF56 (0.00203928 SOL)

Signature: 3sk6ssUQHhzXBGAFYVAX9fnYkoL5rSA5CNnZbZt7F46dLnmnHMNoqdEZtodsEEyjAT7A8dRVNNdao7Zc7eccuAni

Transfer 1 tokens
  Sender: By8VqTmMWYiAMDnQmwdtXaXsscw8rmG8U7RaZPZQLVvx
  Recipient: EAdQAdc25Cbyyo6pEjPc3v8tJyTnBNsF9VJJd49RvzoS
  Recipient associated token account: CGN851rqRDwqGQ4uyCbGvrEyhS1tuAixznCXsU7jqnnt
  Funding recipient: CGN851rqRDwqGQ4uyCbGvrEyhS1tuAixznCXsU7jqnnt (0.00203928 SOL)

Signature: 4WPXVxA3zUT9pA3TPi56Fg9oqH7FfmMtJmmiue4sGcxh3Tg5pHwwEhkES1d1Pm3XbCaTrx3e5gxXH45marqswr9B

Transfer 1 tokens
  Sender: 85zaMXThNDpquqNunWdkqm1JRvzaGVHuaSJL5qpeuTDM
  Recipient: GP5wZ1hEfpD9TxhZzPGQVWSS6VVBaGY7J6dt8KeQuPxv
  Recipient associated token account: 3p9UBg5jehsFPhp5pdqcK9W9qwSW4ki75nKxgSDAiPAg
  Funding recipient: 3p9UBg5jehsFPhp5pdqcK9W9qwSW4ki75nKxgSDAiPAg (0.00203928 SOL)

Signature: Xy3NKjRXs42bNMQTrb7NaeX2kj9yY7iv2VJG9aaQKuNsdFnc7R82TcoDMwpsJdAuGUgAWxjdX6Dts9NbTNKMbs9

Transfer 1 tokens
  Sender: GgQmEtv7fv7rKcEUK2ovCPE1brFdv2qTefCBsDapYNhp
  Recipient: 7Utjn9SDMwnHV56hqvi9TwoEPTvPG839oBLQxuMwVZdX
  Recipient associated token account: 4PFTHehzy8Ur2GYtpj5LVShMqgcsZTB5ioHjK1gdMPJu
  Funding recipient: 4PFTHehzy8Ur2GYtpj5LVShMqgcsZTB5ioHjK1gdMPJu (0.00203928 SOL)

Signature: 3tHfRSLmKB51SqCkZk2zcsCJM3zAGhi6c9rzCEftyjEiTRt5NRmEGxfvKkgEMhJPT8q5X3ppnALSodXZB7gAZUNE

Transfer 1 tokens
  Sender: 52DUrDqpxhBh2ZszjbBZ2jxdhjB4rK1s9iyvDYDDBYSb
  Recipient: 9eoipVxy48npF4twDmJMnykWyo8ouwcHGFuZ9b8vqhqW
  Recipient associated token account: Bh7JPxB1wNkYoDhfUPpunsY8b9kDYyupHTYdi3mczL4d
  Funding recipient: Bh7JPxB1wNkYoDhfUPpunsY8b9kDYyupHTYdi3mczL4d (0.00203928 SOL)

Signature: gHv24USALW6HGHmaNxKxKoo6mUdkX2qgk8SM8ddSPmtdvPaGtmyayN6xd9hBWKjUXsiTp812FBZbjm6tzAuR845

Transfer 1 tokens
  Sender: C25VfTDd6h7FpWcqSDSxJw9xarM7NTn2Zt7RDmaQ6n1K
  Recipient: 2WkPKh2HqudssFdhTJRdj5q44oTwZrdPJQ2hGbgwMXrN
  Recipient associated token account: FHLgp1ADvw2A1MD4h96QuAwu3NZ727dZ5an6E9MPbJHx
  Funding recipient: FHLgp1ADvw2A1MD4h96QuAwu3NZ727dZ5an6E9MPbJHx (0.00203928 SOL)

Signature: 5srZFRxBEaqWHUNxfXxMj21sNK695Lr9zzGenpgwKSGLKFUYs53EGG5cjvCgo192DBTc9QaAF2vxyVkyRM8i7JHf

Transfer 1 tokens
  Sender: 8ZwWTgukw4sBk2197bFJyUkfxdtQVAjvixSKHCb8thkr
  Recipient: 4bxveyHV7b25ZCh5cJvUajTyDh1VjnPVqv49r3Dq6niM
  Recipient associated token account: FV4Uk3oqqZ2nUTfh1KqCTCAKqydHmkCocAzuec4pmgfg
  Funding recipient: FV4Uk3oqqZ2nUTfh1KqCTCAKqydHmkCocAzuec4pmgfg (0.00203928 SOL)

Signature: 4piE9yvUiFzvzDnriGDN2rCW1UpaeGWa4bwtf6UEWWvyCrA1kDkuizDmxZFPhoaSCcU5kesYGLhQRoa2dNgBeZx9

Transfer 1 tokens
  Sender: B8u9z24fwwtCfttTP945RwkzUsqTF3zQrPx1YT38jcqv
  Recipient: GrLJKhgPQvd1fgPeSXS8PmohchzadSrkNotp8WBctQyh
  Recipient associated token account: Da7ieNP1KW2Md37mqxrzmHgVyUCVacNxRYyxSvM84hHq
  Funding recipient: Da7ieNP1KW2Md37mqxrzmHgVyUCVacNxRYyxSvM84hHq (0.00203928 SOL)

Signature: 5Sp36tFz4vMcePLni535N9CdM4kkqRRQAtHPSdRZ8o8tp48sfpcTUpAoVFjf8iZve3vbf5dsj4uNCahoZgZ3J3UR

Transfer 1 tokens
  Sender: BDze2MY3BfP7zYw9Lod2qC7Mdv1TDeAqSp4B66Ezymbh
  Recipient: D1J6YNBnV8BzUNGHDEPPxpJLmDhvZxhX8X7cSi6kaoPK
  Recipient associated token account: DhawcRqpmhREVDFjanabCqbu4L7qhA9MxcrWh3U1x1nH
  Funding recipient: DhawcRqpmhREVDFjanabCqbu4L7qhA9MxcrWh3U1x1nH (0.00203928 SOL)

Signature: 2xQ4ECp8R5acyoqLLDHRdXrGdmJNNsr4rujTbyyAbUeCoHACjMCozjTfP9P4spZjsR1ZhrxzTu2Yarz3eETkPimh

Transfer 1 tokens
  Sender: 6fCq9zoVbcGznSUGNTngUpFT9tbEPg9GkaC9avsWPALH
  Recipient: 4TSj7T3Rp5fWFTEhY5uvBM8v1uizWD5VUGnxswzeDSx5
  Recipient associated token account: 2dps5q44MF5shYq9RaorbU5JUZ71CzCGGyC6W32wE4du
  Funding recipient: 2dps5q44MF5shYq9RaorbU5JUZ71CzCGGyC6W32wE4du (0.00203928 SOL)

Signature: 3M8M76na1AYVFYmbNL6QEzUoQVzL3stE3SQPMVJbHoV9fwKGRgdDZA8c8sFvoc9RJvimrvwQ756ZzwDnSKj115re

Transfer 1 tokens
  Sender: 5bMUtxP6g236nBryHcq8rntg2d6AFxuzyAZriNy5D7n9
  Recipient: BUdpRNTSxyZZXtecMuBU7eB2x7RrwHZDPzGGUwiZwZUo
  Recipient associated token account: 6wUKWUfQ4b6T7TkUDSJiHSSVQruWw57Nxy7VaxXxWfDN
  Funding recipient: 6wUKWUfQ4b6T7TkUDSJiHSSVQruWw57Nxy7VaxXxWfDN (0.00203928 SOL)

Signature: NMYeApkkuZHY87zdPLRSHHQZLmFMed3BckTLZZNNkrYociQCqQd4THjv9QYLUvNsSFu4G7fR6SjUMTU3akbXvMM

Transfer 1 tokens
  Sender: 9jFDnqHVLDgBq9nfmQMsVSts9ooYyE7uinex85h5qLmY
  Recipient: 9V4i8VdxEHgjQFEKdXT3N4nFKRtNtkKCzd17SjxVWLSo
  Recipient associated token account: GEhNtLtoLn6Y1ANb6jYUsxtbU44x8AfyT8Chrseos9EJ
  Funding recipient: GEhNtLtoLn6Y1ANb6jYUsxtbU44x8AfyT8Chrseos9EJ (0.00203928 SOL)

Signature: 5Rt3tcTMNBUD9AxXwqq9NkYUD8v4gMcZf2Mnz2urEYV1wwGw56gckAvcuMut89RMuLe6XYSPKsoeWVpWHDMUskzS

Transfer 1 tokens
  Sender: DrZg2RiWTWyBb1CX35Xku4PJ8dxafNmmyKvEMx4c6eBw
  Recipient: Bt2JzU38jdEfQJB5DGx5JgamK5rg88F2DGDiFjZJEN3z
  Recipient associated token account: 2KVkpRAEdVG2J3EyCBBGy2Wt8y9UtTRuMBSjeW5QLRLb
  Funding recipient: 2KVkpRAEdVG2J3EyCBBGy2Wt8y9UtTRuMBSjeW5QLRLb (0.00203928 SOL)

Signature: 53JGGEXtEaGBnnJpP49hpBGAeXjYJBqT8sN2GBEYEyKb3SfAhw6VvxRieBtFKFh5w8zAfGYBJRKDBGsQaeaZC5Fm

Transfer 1 tokens
  Sender: 98RtK9CpMMyX4g4iX7L5KuTECEWwUfGvcGGfbDMhZzae
  Recipient: 3drUNCHxRg5gXoWSH4LonRa6TdT8UCgEwbbjweABV9sq
  Recipient associated token account: 6nW353Lh4eeexes19qa9myae7tfPuadDbsTeMDmQb8GS
  Funding recipient: 6nW353Lh4eeexes19qa9myae7tfPuadDbsTeMDmQb8GS (0.00203928 SOL)

Signature: 2YW44qnT8XH1GbZhMk5Mh9b8LW8S28Lk6WKbfWA7DXiTJCFZA3oFAvandVfh26rC4cxutHhzeUNM4McK9CYqoKhb

Transfer 1 tokens
  Sender: FEVAu6ZiTyg36CQ8J71fhJBcEMUR37jfuFWeU5krTnGp
  Recipient: 6uVTrSyJrkRjfjBn9BLxTdpEmUTkyzMmo1DXWUoinfhV
  Recipient associated token account: 7cPiQLSrt3UvpesLMKffgU1vnULbqQFVFV94zQdPBiqy
  Funding recipient: 7cPiQLSrt3UvpesLMKffgU1vnULbqQFVFV94zQdPBiqy (0.00203928 SOL)

Signature: 2c253GDf3etpL4FSiBRSaCLnLuNtVApakRpwfvzwYpLq7N6u559wGdZzGeRS96L7PaXpLUaPqEW7fSfztTYVSHtr

Transfer 1 tokens
  Sender: CQD1jejCXsrvt3qkn51p94rRqtCbr7v3U9KAfZXVPWwB
  Recipient: CYVikdfqKK1SmPasR93k1p6CntrmqGW4YcoSYQQ2TeVp
  Recipient associated token account: 4YRRpJx2M2ikBBMZ25qjV5cv5GEhU3Ytsn9syNcSBSpn
  Funding recipient: 4YRRpJx2M2ikBBMZ25qjV5cv5GEhU3Ytsn9syNcSBSpn (0.00203928 SOL)

Signature: 5Qh4R5btLs3WwhxUkpGnNcQv6sjjCiRStqE6akPv1S5Nq9JEpMDehTHRsimUYPrAehGfGCacSQqsjZpAS8q237RU

Transfer 1 tokens
  Sender: 88eH64hBUxZ7pEbmQbo27EPiwFuAxoZWu8r8E5UoGjj7
  Recipient: 5ssu1FQCAxLQZUbSnFXAuPn2eDaZBTWkc5QBChh2yxAa
Transfer 1 tokens
  Sender: AroBdeLhw2RhTyPAZ9yK4c8pWFhFBokJcZBrjvADQRk4
  Recipient: 93JcD52gQgTkGqADLhEo1E2vbqDkwXmuMGuz6bLh5hVa
Transfer 1 tokens
  Sender: GNRM8riEJ5iFYx6VmshgAWBpuNXKkoQDoQo88sZtoexi
  Recipient: GZ7dL3aqcVwynsidEqLTUnsHf3iK5wvNFsCEJZvoVXFe
Transfer 1 tokens
  Sender: ANdhSSCeRoC1origSk8MWuNyPxMDGL5mztz1JFnbmiuZ
  Recipient: 9ej7a4re5ZsayUKYpU91q5UEakEjCwK9mFb93zDAKwUM
Transfer 1 tokens
  Sender: CdpLFijUqELuDVrqTWDFVe3Jv9JGBuCt9BoyGdpk7Jjf
  Recipient: CWiXLx6juMmaq33BPXGJ1k2DPqzfDyCQWoAsUUe83CqP
Transfer 1 tokens
  Sender: 4akafEuVoYUvHH7CvG6JkfuHxUhAk6EorHcAp1nBfxo8
  Recipient: BQB1KrcdAiRu6BThUb8EzwX2YDSMCwqcd7DZPTLRyP2R
Transfer 1 tokens
  Sender: 3CzZSivjk4FRSB9QujBCu8EN4fnSXVUwGQxCzWXTygjA
  Recipient: AHFYN2pv4iPG4wGMTjfFXdXQjPTXMxBdLHvEDCBKqaBk
Transfer 1 tokens
  Sender: G1weYfvuNEw1A3gx8YKai7UkTCirv5WHYfKeNpNxNtjn
  Recipient: Etks8yWemmNsnS3r1s8CmGDqkiW55iepDvHkB59QrgNq
Transfer 1 tokens
  Sender: 9wN2VBJ9tWYMWSARb376znBPPfahpmQxj4xPhxL3Bc3g
  Recipient: CWiXLx6juMmaq33BPXGJ1k2DPqzfDyCQWoAsUUe83CqP
Transfer 1 tokens
  Sender: 4hQg5nnrfWwbw3eKDyRV9zHtyeBBVRE9xeJS6hfSHGA7
  Recipient: CbNGRfShbhKUdYAS6wHr3TMHBz3zDypBDcXdxgVZUBze
Transfer 1 tokens
  Sender: Hc19Kdu9yRJ4seba4WmjHZrz7DipJyUDosY5iQPQ8ExG
  Recipient: 5nTmScN9g2peTCRoffagCzrzpiCHzDZped3Lo1W4zb6n
Transfer 1 tokens
  Sender: 7BTCBrUm5DUnYX5r8XLpa7AWAMYFSU5URgviWkijf1XD
  Recipient: DJNqLSq1G5CiY5w4kWoj9pVVUXXgHoa2Uw7Ja2jBMXFg
Transfer 1 tokens
  Sender: 7s4vvEjSm25AVHqvEL2HShojb1h8aQGEh4jGrSxU6Kux
  Recipient: FxbGsj3osX4AzJxhANAvGrgwSdRxJruGKxybRnH1rVDX
Transfer 1 tokens
  Sender: 8XHTUZ15gsfDqTLcpLGuH1F2u5K1utuzZk3RVS8gFwCa
  Recipient: ACvPUFsShe2hb4ydNhvfKwcWMPBaE9G1XfNXNZGkScAr
Transfer 1 tokens
  Sender: Cj6oMniEiPq7rxtBkzBtZvbCZDm48XzrV3Dw2abZtanT
  Recipient: 8DUt4hCibfHYGx51R3AJiKevfay7iZCsSemU4NQo86en
Transfer 1 tokens
  Sender: Hyw6minRNc8FswEv3NaGWBec2FxmdE3CUdMKSFXnyrsv
  Recipient: 99v1wvhDstb8LsT3TLbZAnmqkSGYrUYKP1TZ14CLAq5T
Transfer 1 tokens
  Sender: GRNTpf1ArjsZqedzWXnqeZrnfgb69yUcTnC579hrvT8h
  Recipient: 6LLyCpTcSxStjFMpwXwFySXMdGsNs7od4gvxYbTSv2AL
Transfer 1 tokens
  Sender: AYJXpsR4kWHB3ULbQE4WAinPrGDWpHsnYCXbnnMfr5A5
  Recipient: GWPZR1uzTUv8UZsYoihuxF7B9az6Mt1B8DAoK56CiKmh
Transfer 1 tokens
  Sender: APJKK1Ujw34gghXd3CmYGeLc8Z8sK5mwkjmQSg8XRmm2
  Recipient: 97xAKp8FjyXkiYqTtYWN9ArD7KxTevzaCAo7VCcwLAsK
Transfer 1 tokens
  Sender: 4qjmFA32Qo1PaiUYKR8hMDJk9y3n7UXbepttp52wwZwc
  Recipient: Eeor4e9xpnQ99PxUV8QgvvhBJaym2JGsiAazv3BBBMtx
Transfer 1 tokens
  Sender: 4Jnyo6Cuh818fJzxKywhSyj5CrY9mzfpLnJCXmtr4839
  Recipient: 8NQSZ5wpdET6dzAao2Vg13BsiF4QLAFKPSntKAaggbLr
Transfer 1 tokens
  Sender: EkQMdrDrcqSkUVsK3eYAqhLwHfvtCxm1tfHY3Ku9r6kR
  Recipient: 8kX16Yj2WBCz1sPXcimafGrutQkw3s3Swe9sR3gt3cC2
Transfer 1 tokens
  Sender: 2NQWEAnoh492GpRyC5qrQ4YF1qhfvw2Q5qCPB2h6k9LC
  Recipient: AWZWkdHH35hvATBeUKdnaftodRnFXZgEWor7xWgfRrqr
Transfer 1 tokens
  Sender: 56vkzAR7H51SmpD9vGXkp6qSLfkHyPrqRR9kETpTHKsx
  Recipient: 7yF3ZSPNYadfu425TDXR6XVGUGKFS12GRvH1Hbf5rFoK
Transfer 1 tokens
  Sender: CBKQASQBpkmBKUCFvFjVX9nFf7fJyrPx99aRt29Uz5Cc
  Recipient: 8eqvPBG3bHFpRfHCxKi7UBPcxUopXyhDMEH9r3Fg9QcX
Transfer 1 tokens
  Sender: DrXD7TDT8rcz7q1ycT4TKGdHhvWecQC4ebc4ahmnawx4
  Recipient: EAzuPsCQuDDm5EyUeSS9bDbrsDrKejiRNJgLJkRvqAWz
Transfer 1 tokens
  Sender: 9pwHTmnvqbaSY9iLGoJ6xbFdaFZL8FehQ3qENRUcSTbT
  Recipient: 2RL2AByH3euRPQyF9jPCoRAY3PqCy7WjJwnzcqp5XKLK
Transfer 1 tokens
  Sender: CgASXLJEJE99kTQHC2QQJnefZcTVTkizXGpbTrMWGsyQ
  Recipient: 7P4Bb1pCMuYNveYhg2j445cmTRCEGp2eAAtBQUv7Jz89
Transfer 1 tokens
  Sender: 5TSWNvz39aGziwtDv3WrKDvk4TK7h2N57MXf2xJtfeL5
  Recipient: 7o4NoA1g1asZzi8D4fRPjVuDR6YkKGhLRwVbEFfmRWX7
Transfer 1 tokens
  Sender: GZ18UocC1YybVVdsMkZwYjQaMc2xDpaRYvSvTkWK87W7
  Recipient: 51oET2dy4vCmZ1JMGYR9hbsvsLng1vcLD6z2AZp1uq1j
Transfer 1 tokens
  Sender: As195nGW2qfkw22UbvKsjEaJYMAaSahzGEsCCaS9Xk1S
  Recipient: EczHAfEajWAwvFQ6t8ns9rqxCr5XQMqqfbZxBBJBZByh
Transfer 1 tokens
  Sender: CoNaD1WxzLX4RF1gyf6thrte9SgRfMh5nfhtn7Nd6LgY
  Recipient: DpcyLbVEHYzLQYTKwK2uUHqYSUFA38e1R5hH6Ujoo3c9
Transfer 1 tokens
  Sender: 6mZb4wATsdNij8a1wPKFyQyj7etCEU4J8xQvydyfKNzN
  Recipient: 8Nj7AC1oPcx2oC7Njihwp9Ee3Aez787kvww3sX3Bdox2
Transfer 1 tokens
  Sender: epkVVpnCfUCi4FrJ8PooyQFnEhGHz3rexADEJdZNYfY
  Recipient: 5CjuGr4367okukGj6mUQehRzd62gYBN4yu7KuYDxN9LC
Transfer 1 tokens
  Sender: 86XJNmrSJ5tHg4H6T7p69iNSuRtEFbE55e5tYJCnVop5
  Recipient: 45nb485LKf1pEhsTab34JnbBb3wXnAAP3xh98xdzP8Zc
Transfer 1 tokens
  Sender: 9LQfn8nmvXEbfqwXND2YiHF7c3GYCxTY4V3vRB4GfQSt
  Recipient: HMpKX3wU8zbgZWufKQTpLyaamQzaN813ApwJ3vT8F192
Transfer 1 tokens
  Sender: FE1mpjz8wqb4626WcUWun5xkY5nNH4uKMzNL4n3SZ7zt
  Recipient: g2q4tWwSoLzY2PYmYM6YB8167AFP9L5J1Mf4xJ5cJhB
Transfer 1 tokens
  Sender: DWXRXwjemQCtCaHkKGACKhnMBAhqEH5rGCjwjpE6CCbw
  Recipient: 5qLUQwffcHESZuVwjDYfzj7YHbZfhGeeTSiwF2aqEETf
Transfer 1 tokens
  Sender: B7nj4A3mwwsCDYK5iT9hmVGyNTgnfvbA4qHuTMv5H6uP
  Recipient: 3Gyk2Vwj9HmjHcmdkvdkYq6bDhoH5RjMHn42LCM9YVYH
Transfer 1 tokens
  Sender: 2G4m4A1vuquBnDwkoApiLEE5G7ggn8NgMwHvEb9Fr2Mm
  Recipient: 8cC6S7KYY82sf5cGjoDjpUogtZ5TB2EPuapEvfiKqCtf
Transfer 1 tokens
  Sender: 3SauzebwJ1iaAkuAUqFpcxPHc74QYuze4vb4PydWDGwM
  Recipient: 7VD6TVNCwj7BsfG4mcy3xVSCBNRVhBBQn4NtxC9mKp7z
Transfer 1 tokens
  Sender: Bxv4CjhVH8thybbH4cmcKurY2DXKPV9Xor2JNKKetKpM
  Recipient: CQ17ThoiA5MA9ZTULyFQYBs8S2y9byxkCi3mpfvXX9rr
Transfer 1 tokens
  Sender: rmvBzZAKxTyPbmSaAoXeBqHQew4afvdqoqPGCZf4XjP
  Recipient: 6niQWU7nuW33ktYiiXjicAouaYYiwTZcgge3u5mZUtsc
Transfer 1 tokens
  Sender: FvVah9i5rv6Pbezs4Wqbp5HPmQR96mue3icXqZGgehVH
  Recipient: 4cUyDakNPeMEZtJPDJGNujWLGF1XNH7WbQnheUEfD2xX
Transfer 1 tokens
  Sender: FoZc4wbV4n5ZJXB5vvAoTNgXPvSax3yB4h7bjXW6TDtX
  Recipient: 39YD5rZrsz8mSdtyVCfwaG2cAh5Amq4wDAgqZEtgXLRj
Transfer 1 tokens
  Sender: 4j4uWiRy9xtfmLKDzZ7XY3Ur4SrNRNo3YyriuqSPULeU
  Recipient: 74MCLCGZ6HKYja3Uca8UQN5C3bw6NeyNXF6xRqaWkaFz
Transfer 1 tokens
  Sender: 54q3oYUm7yJtfrdTtmDQrUf2WPYoK9h3QhFe46Z8RX5Y
  Recipient: AsxYivuyVu6znDgnwenpLSLvkZDua4mGKxTvM2JgoeDU
Transfer 1 tokens
  Sender: 2oz7xanriTPyLva45HFzQ8a8T7gvJNJVt6LL7DgmjxWJ
  Recipient: 33apeLJZtc7FvMqWoLU3yWupJCN6ijGkKUD2gUmjhxe9
Transfer 1 tokens
  Sender: E2vpiwdwbhv9SBxCKexcQcD92im814XvrG1RegsUj7dG
  Recipient: 7P4Bb1pCMuYNveYhg2j445cmTRCEGp2eAAtBQUv7Jz89
Transfer 1 tokens
  Sender: 6jFdDzSj5bzYVjKBTof89muoNWQauj123yX6UWbA7wTh
  Recipient: FbX2HLXoWtj5iCSUwWVJS7NgrRFa1f635jhUu6TDdqH8
Transfer 1 tokens
  Sender: J3AYNS1N15dcGW6WNmGgTK6XTpKiKf2Vt64eVE9FZdHE
  Recipient: EicERxxCMQV6Vre4vv2KZi6gRh5ZxE4fC8jE2ZTPJbip
Transfer 1 tokens
  Sender: 8s1MQZ8TCVbBqz8WwHe7EgvtBNaikuPmV7eN5RBFwRa8
  Recipient: HztqUciz9TKPs8jV4R7HHn6kXfpYYmz9VVfLJ3vCV5v
Transfer 1 tokens
  Sender: 8jMsWCzLU7d2S17ELKHXnpCZMobTjv7qTBQqZ5VVszCS
  Recipient: 6ofXwU1s3Ma4ZcvLG29UD6mm1auDV5jumMzRnY1FdFVE
Transfer 1 tokens
  Sender: 31FuVZSuXbzW27utNbuDmqEocdwPG76aMhWhpNEp1pdP
  Recipient: H6ewEQKqUYhPFNBUBjKugH6MNgBzWFoJ1U5fiVvyHDnv
Transfer 1 tokens
  Sender: 63hH9X79mMjp8L8xwJcMjNx7m4SrnVxj9vYjxVW3R7BK
  Recipient: 5nH4SNp9Hhigqmjd8spT6UyLKN8okssmWJ48uCGfWf3J
Transfer 1 tokens
  Sender: 434NheEGKVSVDLu66ssswmMZXxpgZzEpL33P1mwH1676
  Recipient: G4yn6VjDQoRRgqKVt1fp2uei3rFHWWKA5JwWPMM4eCgT
Transfer 1 tokens
  Sender: 4pVfc2uTkXr5SSjbnjLKShjSSjehMqFyLJUiYcw3fNHr
  Recipient: BJp1sQhLjmLnfkqu56ifgjFS7QtFwDPnndLAhGkbA2cx
Transfer 1 tokens
  Sender: ECfNwhgWgJUAWFa5r82DNNZqBBWkhZvc1PnMVkDKjoBs
  Recipient: HiUjBgoomN7PgCZFPdM4KC8aKAFfsraRpTjNKnf8jxww
Transfer 1 tokens
  Sender: 5JQAzJvXrHoPVzAo82A3rAv4oGDwjG31CLEpHfGYNT5H
  Recipient: 7tMyU22ViPrhY14fy31bSmTsQK6rwc9q3Zbq2u5RkZis
Transfer 1 tokens
  Sender: 2RP7i3MN8NvmVtjp3ibwAUfiXyS8nWwN8P3YXNLF337j
  Recipient: Bz5mSTDS3k93ngSNWCB3g236noMm5p6BqA7JZo6Au1wi
Transfer 1 tokens
  Sender: 3CWmXYBJ1hdMWpNHANr9JPdwvy2BXfgMmoBh5knzaXUn
  Recipient: 5AwbrzztsJT3wbgYFNLhyFXvncrMP48z3qBY7QxC3gqb
Transfer 1 tokens
  Sender: 22ovJGzynv8mjcMjZLzWoS97TMZ5ZEmYVwHWpmLc696S
  Recipient: FpjcR5LnWuP3eqHLaGScwZnKEMNrkik5aWUJgJruz7JU
Transfer 1 tokens
  Sender: FogRw8sbsGwxD15MVjVt784CoVpNsKi5einS8gmiH4bG
  Recipient: 6LqrsZx8J88yXDf1mcZKn1qnFCAZo6YdDgU98cPKx6cN
Transfer 1 tokens
  Sender: 9tE3SRNEUrePW4s31oTBXBSC42TjB4Xx7VGpdurr1Vmc
  Recipient: 72GAVS85vyaRypoQavWSZ18sjoNWyQscnXx7J9BMupQS
Transfer 1 tokens
  Sender: 322jV1mfk98AnjCEMuwz2S69sTxzZaUHjtND2x9L4r5C
  Recipient: 9t5Tp3AM2JEEcLBRAg7CoRu57u8i6AmogjES1YQ9e1eh
Transfer 1 tokens
  Sender: G8cP4vzEYwtKnkPDQ5GB8mq9dtPepAf1GaLkC4NW7mBN
  Recipient: H7E4JB8ebHaoKQe2Z3NAwXniKcuy7VVuAoycx7PYAbE9
Transfer 1 tokens
  Sender: HctohZ1FahTasCNLnTFkm4p4XFXWxDHhxvxiV5tyXZLn
  Recipient: 6NvYLUJk1kXGToHmevaagExkTFsWypW53N8AxoKXrjPR
Transfer 1 tokens
  Sender: 3bav1QqJQUn4GQVQgWfERUtz3Pex6q2LTmmNV3Po2CLT
  Recipient: EPhWVVFfyu2UbmowFUqqg7Htq2dt8rRjvDhq7mSLmKq1
Transfer 1 tokens
  Sender: 5knVUSnZ54qHVCSL2LknEN5yPjjoXmQTVx9DciqmEDbz
  Recipient: B6vnUveAL1t6uVSuHMXYfnJ2jksTVk5dMmQe4UQ5bop1
Transfer 1 tokens
  Sender: 7gFJJHHEFyav9yQWGNTfoAu3C3GXwQt2z5Ri1fTxHqBz
  Recipient: 6QmKFsYUfd8nxLufRojQxWQj4TGhM6ueJudmPd3NxbHY
  Recipient associated token account: EtPp9GBChSoNq7EoFGMU3r3bDEU6sFEWPcZN2nq19Wsc
  Funding recipient: EtPp9GBChSoNq7EoFGMU3r3bDEU6sFEWPcZN2nq19Wsc (0.00203928 SOL)

Signature: xnKz4tbk52KEvQy82eTDe7HEXEpXKBQ9qvnKGMYY4Exku6AV5CRv8vBdGbr6cJHa9Jead1Y1HU8GFzqUVoZbfTw

Transfer 1 tokens
  Sender: 6SYSsjn8RUpdRsegRgHzkAxmKWdBn1Dpk7AySe1o1XBt
  Recipient: 97xAKp8FjyXkiYqTtYWN9ArD7KxTevzaCAo7VCcwLAsK
  Recipient associated token account: EUcxDPixBxHYs44jEzHGKGmU421tHHVBPgCRuqHmNZ1W
  Funding recipient: EUcxDPixBxHYs44jEzHGKGmU421tHHVBPgCRuqHmNZ1W (0.00203928 SOL)

Signature: 4TQjfAV4nj1PqB38YNr6f4nxapGi9iEBNGKr5SoYt4zq67nnNFzjcdou2QriGAKAeNfCwQfivMFQfPgXmFijUa2x

Transfer 1 tokens
  Sender: 8iWqciGuxDnjFGWbSnXUMom6wjsxdZzS9TZEbSFGiXt4
  Recipient: 6ve3jPaGtDofMjest2QckvY3kRynYTobADEmeoZgvaEJ
Transfer 1 tokens
  Sender: 6gBxyDJ7JNG49WVE5P7cs7udMeLnKqg59WgBxKexaKnJ
  Recipient: g2q4tWwSoLzY2PYmYM6YB8167AFP9L5J1Mf4xJ5cJhB
Transfer 1 tokens
  Sender: 4uiRGJprxJxtMshN5sfqAhDBCoDKfjh6RusvRzjYbcd
  Recipient: BVBXqH8e6U2PBRoRLGQbqU26KqSgjVGCn27YZm5iVyRH
Transfer 1 tokens
  Sender: 2aDNjP9BKEGMud8By6v695TZbMy8WreAHCSL7Gn5DTAJ
  Recipient: 8BZiPqhVHcQRUi9ik4ToqZ83wc5bRovucP44ajwLSiha
Transfer 1 tokens
  Sender: Fs5V343dNgEcVGnCt6ixDpuyWj3EcuF9kTRtLmtUVmBY
  Recipient: C7yPViMfJEZe127NHs6cYCi5GjGceM4N9c1j9yZAKSQB
Transfer 1 tokens
  Sender: 6FwkUAyxPRpL4nyFUgn8F33kMw6mmYNL41nghC8hELEv
  Recipient: 9ej7a4re5ZsayUKYpU91q5UEakEjCwK9mFb93zDAKwUM
Transfer 1 tokens
  Sender: HwmxvLCNpU7STC2SdAPtytZHNeef1ftreFvPozr5TNsN
  Recipient: EwwjLURAfEyY89BaEf5CCAp2FnGvmnRrnAmAuoicvT2Y
Transfer 1 tokens
  Sender: 3Us94T7PNMYe2qSXrWnY7KF8MW263vXR7buWTdsezVxg
  Recipient: HpvJssnfUR3tEwvSmWKYrcBFKuae4hpQ5JqjtLnju6M1
Transfer 1 tokens
  Sender: AgvL8pThvxnDYg27RcaDXPgzjdzkso9jDNyXsgt91uKB
  Recipient: 73tF8uN3BwVzUzwETv59WNAafuEBct2zTgYbYXLggQiU
Transfer 1 tokens
  Sender: F2dLNUbBadvpmNWgVf6rn8hhtUQpS7gK1j87Li3jfsLu
  Recipient: mMBkKDM9e5yk9wMcQAkFhCy17Zyd7MLUz48ehtqjWPW
Transfer 1 tokens
  Sender: iAp31BH6JJoKyKdPsTWHVutZpTQbBxXdmyZKFgRUvEd
  Recipient: DkLRfGqbABDaYgqdqmq4KgFmY5QfBjZbajK3SrmNiVEH
Transfer 1 tokens
  Sender: CPJCrRnSgxf59E7yh41nykUUaXaeGi42DVRk6KNwwBvJ
  Recipient: 2KcCvxiKiWTu9XXLMSRnNqCgvZaLfYLx4aiecPJHqjrb
  Recipient associated token account: 5hUpPcHfL7PHHwcXPQRAvkyVHzN8wcBwQytYMXJtDTME
  Funding recipient: 5hUpPcHfL7PHHwcXPQRAvkyVHzN8wcBwQytYMXJtDTME (0.00203928 SOL)

Signature: 4KCFWa1X2Grx2itpe1Z5MesP8KrbkHYFZ6WiBrFLN7HuLpWWjYYx6NXwBdTJkMe4KTATrVYScM27XTApjQ4riwiD

Transfer 1 tokens
  Sender: C3wx6r1VUkEYN7xK2FokY5Rn2RT2VegWzHvSx64ogHKA
  Recipient: 7ZffkAy2PZfKo1gupFgvpx1auyrsv1devo24pVtUMtyR
Transfer 1 tokens
  Sender: EbFdi3LHapwANjKQ7we22c3peYMyzs4bJZRLYyncqLRi
  Recipient: DjDHfwShdrvgVJHoPeGX3a96aWrArhYPpgJvg39QmHJ7
Transfer 1 tokens
  Sender: 8Ex8qN3rhB8oxqf9Zdj3xJNWavq7i2BmWgeyLbWJXo3h
  Recipient: E6BdoEi3My25cnxbW39kHPq1Wo1pnqU3GX6QQP57XajV
Transfer 1 tokens
  Sender: 2K687sJS4grzK1GF1VTRMF3Sb1e5MhPvMvGp4PRovqGe
  Recipient: 9MSygCP2RKyYEK4xdCtASEGgnfuJYgcg48khe7oQuxfW
Transfer 1 tokens
  Sender: 7Vamsi2yrJXYC7xDE5Dfp7dgZyAMUQeciXffsZvRaukQ
  Recipient: QermhurVSebxf7aV5PbCJ16EMLtjShpyFtpifUMKeqW
  Recipient associated token account: 4WwAbxeTRwLuTvF3zcfW3Fk5yKs87yasziSLp4pksAZd
  Funding recipient: 4WwAbxeTRwLuTvF3zcfW3Fk5yKs87yasziSLp4pksAZd (0.00203928 SOL)

Signature: 22f4GtK97QKqGNmZTP3YmaQdUQdq7hF71a8rfMYok3XraYTES8uELqpw7tSkvFkhjbVQ7Sv7MGMW5WzDej4oJCYK

Transfer 1 tokens
  Sender: rHeCpqvqd4uJP8zoFUxhuyD3JoaMU2uNuCGmMtEboW9
  Recipient: 8jM2e7C64cuhLd9Jc2UAQKUiCfgB6nP5LiugTzwoeb7A
Transfer 1 tokens
  Sender: CNzep3FkRNuEA3prsrNeH4THF3BMZCv5jVkHT8M1fxwf
  Recipient: FiXhaZfHmG67iT6CJYmsFT418JrfVKbe72LwhE1siV6M
Transfer 1 tokens
  Sender: 5HFG8gdwRekzmEEBrYPs6xEbwT72yJ3btFi8JK5zpSbT
  Recipient: 4H389fKsqzX1vHGDrtWDLUKLkcmMi4aJsA7srHwZto5r
Transfer 1 tokens
  Sender: EUAPwSQpxamEmZBmShTqCUDPMNt1NbKpHm9nHn96b6J9
  Recipient: 2n5PbADyQXeCMztD5wnZjF3Nn2w8PmCmqSQ68TT6Q6KX
  Recipient associated token account: 7KuwnL1LvuH8qd3febbZM6UNXJQVGpafANcZeoJhjMPe
  Funding recipient: 7KuwnL1LvuH8qd3febbZM6UNXJQVGpafANcZeoJhjMPe (0.00203928 SOL)

Signature: 3PiYbMKJD9v5umSaiTnMqFWXd1dzgtUjdWnTuScwCKrAVeudKfjji7RhnPYk9BHN27ogrD5zqee73cE5rVVCwvo6

Transfer 1 tokens
  Sender: 5UB3oWp8DWSFHaLvAftatYCVyn5PVfd9MMXHCDpWi3eY
  Recipient: DWaAVXvNg9NcNUPLCwRbAhc8NVmFzSLPQCFuwkxgp9Tk
  Recipient associated token account: 5xHSJ48XmdrDDWDVJrPgJ7vsD5XNYHEB1nH6U2c5Cv6Z
  Funding recipient: 5xHSJ48XmdrDDWDVJrPgJ7vsD5XNYHEB1nH6U2c5Cv6Z (0.00203928 SOL)

Signature: 5F7UMCstYgtr8MTqycRKmFBuLraCs2sVe4crcNMTGnjk8C1R3CCMgPJzJcLatpbmeeGqna7tyv7j5RELCtEfeqyJ

Transfer 1 tokens
  Sender: FBBbkUroqRuQLACJrSTDYmPmCQdEtVvEszJtEiw3PwxR
  Recipient: 51oET2dy4vCmZ1JMGYR9hbsvsLng1vcLD6z2AZp1uq1j
  Recipient associated token account: GXB3bdbdQmmbsCjEGw6jPRWDq9kwm99htjd8HzME6bt9
  Funding recipient: GXB3bdbdQmmbsCjEGw6jPRWDq9kwm99htjd8HzME6bt9 (0.00203928 SOL)

Signature: 2L8eRp95cxF9VhzWkYffu6an3gnXqKyuewAZ3Rs5d38UTJG4MVHNiiCtedVxhvr6jGhaxTKapveMH1nR1LC8Dv8K

Transfer 1 tokens
  Sender: CajeFQT9UCC3SZ6cDgRfphQgFLQwUDhreWu2i7sHArXB
  Recipient: DCGCaZhzfAXghiAAsfbBdpQzFwYzRvbVJnjUebxEmSD5
  Recipient associated token account: H2TB7UKfiwQSLeSuaoibsVYy7HuHpRQJvjtmBBQYhevH
  Funding recipient: H2TB7UKfiwQSLeSuaoibsVYy7HuHpRQJvjtmBBQYhevH (0.00203928 SOL)

Signature: 5rhea7NwoK3zwF3oy2bHvqXi1LEWEseCnbWtZ4c9asfWTYkLdjxVCN8VKpx7qYw7BHSmXeuAVAAmPWXThsUYEaze

Transfer 1 tokens
  Sender: 43G7ZCdEfPn3PwYiQErB5LNbfH1rp2u8in7J1Dqrob2b
  Recipient: EoWMun6oMxKTBCTGJ9nHxmFuY56A7bVxk5ieJGG2Q1EY
  Recipient associated token account: AyVfkvb3E8KApKjMbPA3aAoXLy35kNZK4EJ6ejFseVUQ
  Funding recipient: AyVfkvb3E8KApKjMbPA3aAoXLy35kNZK4EJ6ejFseVUQ (0.00203928 SOL)

Signature: 2PtYo7QH7fMNqRykBab4WPjDfxGGL2kf11P4uSLSKCix6gsEGBMHShS5FmcXntGfDHposfVcMptKyhB8LKxXQhRX

Transfer 1 tokens
  Sender: E1Fgmv6W6pgJFRncFZiwxxMpHtpLt18cvmGDZ51UEWsU
  Recipient: 8bXJ9UEQ8RUFw2mpy8eQYb66oBu9gM2z49XXfsHB37Pu
  Recipient associated token account: H46d16AhsNHqrrZ5QdYLsKUNpLEzCfCB67g4tmUehwF4
  Funding recipient: H46d16AhsNHqrrZ5QdYLsKUNpLEzCfCB67g4tmUehwF4 (0.00203928 SOL)

Signature: 37h4AfExWbJ2RidVmmyHYuZVSQQxtuYc7g7m8PV2Fbmt26toBaCvAVzxPSZJsQsdniyd6P6Hrhx4zEGcKhMzRo4N

Transfer 1 tokens
  Sender: FvkYTrkqc3oH6zdATcDUDmDmBuiC3cac2nJ29ntMTM8r
  Recipient: 5tgZmrCGPTFsQcsb8zswLfrGuYiLp1LTuNPBvfrQb2Yy
  Recipient associated token account: BBzKSq3Jd8Jws7jLurFMXrM7MyhFTdwqDHET5qyYNoFM
  Funding recipient: BBzKSq3Jd8Jws7jLurFMXrM7MyhFTdwqDHET5qyYNoFM (0.00203928 SOL)

Signature: 3MikVtMN4CmwrGvsK9hMTAMmSgAFK4HUuehMC5x8gnw5TJ5pYnbjkKGg77txA6LVJ8b6rX1uUKFbvZ9YudTJxLLn

Transfer 1 tokens
  Sender: 2xsZKJb4u1dGqHuwnNQsxQrXd5UEQHeGMJejSAKSxYTe
  Recipient: AsxYivuyVu6znDgnwenpLSLvkZDua4mGKxTvM2JgoeDU
  Recipient associated token account: 2k2TxyYiU78TsDgCT7QDCm5FVkyjczeEy58MEM2nN2zs
  Funding recipient: 2k2TxyYiU78TsDgCT7QDCm5FVkyjczeEy58MEM2nN2zs (0.00203928 SOL)

Signature: 5x5owPFPSySFWxnmq9TmitQfqFdfcYeePVF7CVtyan8Qn3m1ruwhw6HPqaGhJDwDCBCzAyrLCC4wPj2BFWWUPziz

Transfer 1 tokens
  Sender: GyCEwHTeU7VWbrux7Y2RoSK52JmHwX7oz4yyfHu63apk
  Recipient: 97xAKp8FjyXkiYqTtYWN9ArD7KxTevzaCAo7VCcwLAsK
  Recipient associated token account: DqAhKjkfRHxhYKVRdVbYCJP2GierAd39LKwFrqdddzeU
  Funding recipient: DqAhKjkfRHxhYKVRdVbYCJP2GierAd39LKwFrqdddzeU (0.00203928 SOL)

Signature: Y9V7NRanCjp7gAy7ugjdh4JgS47YLXFL2QEavHbkWsrEwRe6cw5bMrMUDUJZ2ViZWQrE4ycvQnLVukWhdzLcruS

Transfer 1 tokens
  Sender: Gq5DG9XYfRcUBba9CEunjMF6aM9YmgxmKTK4ujoUCF95
  Recipient: 2UXPd2WtjS9FzskPx59gVce2r6G3gfSPP5w4RjbSEfwV
  Recipient associated token account: FKN4rReM5VTvqhdSiQcePfRYCL7AfepT6FH6ia3Zrt5W
  Funding recipient: FKN4rReM5VTvqhdSiQcePfRYCL7AfepT6FH6ia3Zrt5W (0.00203928 SOL)

Signature: 3eQwQAGcmrmvhNkZThLTSKez16riPjUpu9rt1EbaDxos9ym9YzkvpLs6sC1M9jNXt1SHtqMGv5gdJHhDdVjNfpT6

Transfer 1 tokens
  Sender: AE1qHkdUAh53Ek9ftCPAJLf7gGFn8FJxFqMHiyBRTQJA
  Recipient: 7KbmFStnBVAUB1NRKuNFdhzXtj3mfAT4jHLXoFvFFSaS
  Recipient associated token account: j4kXrhbaTZpvR7WCYN8NzngJZXcuiD3VqtTvz47HZGr
  Funding recipient: j4kXrhbaTZpvR7WCYN8NzngJZXcuiD3VqtTvz47HZGr (0.00203928 SOL)

Signature: QBHWiy8iyUdw4U1dZCqXKXJPiGgcAvTrqrqVEgtpkan9jW83S1AS8ujpcivyjxRJ9dhF1x5cbUHHdKJSLs4KLuK

Transfer 1 tokens
  Sender: LxHi2trsd9weRKHRFduh6tYpmvxKgb6rXuKyNhC2x69
  Recipient: 9KZDrAZXdS27ayo15w4KrcdfVSf3NouX2az7x6BEH7BC
  Recipient associated token account: 9KggeRCtkX9vaPEV41oEPzEHkVHA7e6ZbBnHUqUDPeDF
  Funding recipient: 9KggeRCtkX9vaPEV41oEPzEHkVHA7e6ZbBnHUqUDPeDF (0.00203928 SOL)

Signature: 492sb5fpq4o5YTKwyf4NTkiXCy7xUuTQrsnmjssu9VCJsYGTRgxesfQwEeWprRFXRNSER9sRKgEfrqV2cxj7MEn6

Transfer 1 tokens
  Sender: 6Jd5sKxQouQ6FmP66cQaWnCrVo8cYjqC8wA2QT8yKYZW
  Recipient: 4zFeyGJQLckUkYYKsMiHCZwMeApJ4jHHykNWovKFaq9Z
Transfer 1 tokens
  Sender: 67nd2bPUdWnbcws3qdsQ6777aQQfAZpERXCz5uU6ivCf
  Recipient: BQ6W2opUUbyd3mVpTX1NRgFWgqBxyt3FSLfSR6TXQRug
Transfer 1 tokens
  Sender: 7Hu2DLUwA19hLiamVUUNuyddmPLCJJi62y6AH54sNvd1
  Recipient: Gg1dcDi3gUqt1DhwLKgUWRRdpjgwqVAzKDXiKkCpd2H
Transfer 1 tokens
  Sender: 8jTTorq3iC94Z7YEzuJxXHdir74ZHMVbfa2jTBBfQnVh
  Recipient: HxGr2AZnLhyDxfL6vGCgsVpgHzXtgtWjZyNmPFvQNsBH
Transfer 1 tokens
  Sender: 7UohnmfSqQ8QJr2LZHVNPFtss3jDBBYHQWBUyBwqz57h
  Recipient: 6Uz21kYRJkMYayehzi1VB3Ub5zojwVyGhcdMA6Stmp5r
Transfer 1 tokens
  Sender: 9aninQqrGJMzUUMdKK76upNqJvctSakYYRgTjyYjNHGW
  Recipient: H4Z5MEqS9CvjLzKHyMrQ2XkeZUQ3PANyeirkRx3PTGXP
Transfer 1 tokens
  Sender: 6qQK8DXfup6242e5M1kWZ3a1zXg7reAqL8PMUyEbcdeL
  Recipient: 7fK3a9edWt9jSRa3v9Fu1m4ooAgPHUTH4Qk1MTv3T6s2
Transfer 1 tokens
  Sender: 6qfzssqdj6P1RK4wri8XWJiEtfSW7Go5FkFVdwdSoPQg
  Recipient: Hi796LWaVAcny3Qei6L5uDZxogeXtXK1TN9j3zexzwYE
Transfer 1 tokens
  Sender: En2NdiuKLi4WruQ4iNd9jkQ8JvQyEHdHkW2ZbvcGkTW5
  Recipient: 7BniTzrcyLnUKtAqjzSJjMuQkh2QWx3CAEUapuuk362w
Transfer 1 tokens
  Sender: E4BErVnrDCm1nNXXGakkUaeTMG8sx76Px85EnYusQsd3
  Recipient: E6cf5us72RkxYu8hSUX1GNb1smNVAJhtDd1Gyafzb6Bc
Transfer 1 tokens
  Sender: 3vca3vqKeg6HMrwQXREuUyMBJzphcxCvM693d8maQ3Xz
  Recipient: Cyc13EoozWsKWeF9xbTwZWkYTeNcrB6VeyhYEpbe4dS4
Transfer 1 tokens
  Sender: 56qz5C3u2TvxzswYvRyocqgZhTFPMxmx3R868rHK3a5q
  Recipient: 3eucHmLaRJzL3d3rzYx94KvxcVhR4ESLo9R9hhb5Snbo
Transfer 1 tokens
  Sender: 5fzqFWru9ZMjCgJjiSXJSMW8PRpyAakQaCwcvCnSTvG7
  Recipient: 4MYxCzrMbXFaRAJSUHS4TBcVpEcCshbdvjFnR87oZCre
Transfer 1 tokens
  Sender: HusEZC7jEJeBkuEqiEAxSMMpuspULafvojSuRKajnCwy
  Recipient: Bcpg8YVzqUNPHxeaqrBDdm8Q1euWN2DaQRmU6Y6pWosC
Transfer 1 tokens
  Sender: HZXzwLcRYwWMBeNUcWE2SWACiL2GENw31gPaeiQ4AM9M
  Recipient: 9ymwqm6YBPkvFdHG6roafpS3scTPTrC4GYCot1hMv1ye
Transfer 1 tokens
  Sender: FH2esNsK37wrCWLJwwHFKLhhXU19wtzsAYWGFBsoPZ8g
  Recipient: 32ZJNMMve28xknkYjZUvUJ4s6P7YMvE3FdwGzJFLS3CC
Transfer 1 tokens
  Sender: HZJPQZbF2qfpV8fdE6yxpWykuVC9Pmo7FSumoEeAyQFF
  Recipient: 48z8kbnt1GK1cxD97YtMLUGj4UtKD9fYSvmWKbv5q4NC
Transfer 1 tokens
  Sender: 4V2e6UopmdyKGXzvp8yEokHvZyQHHZWaABoSDWrJzxgX
  Recipient: 92JnT9ktvUSqU18U4NC5TAcNA2ASc3bwaCmaf2FXHUR8
Transfer 1 tokens
  Sender: 7jgCo6ziDijSGVaJeUcgWJWko4U6UFnZSwRBj4uieXsS
  Recipient: 71j1etN9ACqaSFPkRLFXBaL8tj1NQboZrBzBnYetj6i
Transfer 1 tokens
  Sender: PJBPavVgnLBSvRbNMriRTqWzeCfow9ujPXYEKv317AW
  Recipient: 2WkPKh2HqudssFdhTJRdj5q44oTwZrdPJQ2hGbgwMXrN
Transfer 1 tokens
  Sender: H3KrPvVzSSQAguCCfRo4JR5Lr8HBTtWu4yHXrMtDYtHM
  Recipient: F2E3GcXewJR4WfVmLhJUgNK2aRP46s638CVFu3oFT7ap
Transfer 1 tokens
  Sender: EjKsMr5cDeTVdsLBr8W3dV5QN4jCtmCe6TBvtY2RKXxW
  Recipient: 23XNgo4x5FwiQbN4TV7MZ4ssDgQ398vrpkfD8F3S8KTj
Transfer 1 tokens
  Sender: JAF5aUZzJuv8pyx26oBsLd4vkVApuJGxtqweViyhhZch
  Recipient: FpSrQMhnYa8YRnEQqKstyi8DYsMvET71CPfnmJkBSSP5
Transfer 1 tokens
  Sender: ByqP1uMtJ7dZmsrs7su9F5jfe5TD2hok7oMrEAqutUAc
  Recipient: FA23y29A6AoqNmeFf4Kx6wj8aSd9A1aRZCxXNUb7fU3g
Transfer 1 tokens
  Sender: 5EzmkffYT6pFoxHrGSfdRwcSGkw3hHcdFVdzTXz2P1r8
  Recipient: 64jCYfpbcVRvVUbntgfNVxNMhFXFXWD19NQr1663MB36
Transfer 1 tokens
  Sender: AiVgiRw33m6ADBCwo8mKqFKPd3NPrPg2sfb3u9Ng67dT
  Recipient: 7MHan43NcHoZE6rw8FJGC5xn3JkwEHXvacwLodHqhqyj
Transfer 1 tokens
  Sender: 8CtDjDiTvLMVmpMCEQrYrXqUN4AFWHCTokdmMJQXXK22
  Recipient: D1YysSgs1ZyqPogHGo6MyBt4iCDRzPwTd9g8ywFU8kbk
Transfer 1 tokens
  Sender: FfERyJERd6nGfJaqLkDcxjfkqcfGiF69AdHkTg7wXszC
  Recipient: CakCB2mYApvhtzJWgmejHjuTAVDGbBk5zjzrDctgkxjM
Transfer 1 tokens
  Sender: BKsHvyeKBqie1JMz9im9ihBqiPk7LYQwJqVJZkBZw3qL
  Recipient: 3eucHmLaRJzL3d3rzYx94KvxcVhR4ESLo9R9hhb5Snbo
Transfer 1 tokens
  Sender: GBK8yiHQCvUnz2CEFDwYPqTesY5guJ2yMtXcN9DDEwc9
  Recipient: CBs38GrLkRKrf6ciZkBbD14BmW43nLB5Hj4BX7UkNhLF
Transfer 1 tokens
  Sender: EQNS9H28ZYSmE5M1PyjetrJNMGzHvAgmZuAy2ckAjQfF
  Recipient: B1ZV1ac6QYX6AAbKBnezBH4CaHzX5g4XwkzofNS4kXvv
Transfer 1 tokens
  Sender: 5QMweW1yo9mCbSj4zoGRoqgL3tajipUSbHQuDsu1r9RE
  Recipient: 51oET2dy4vCmZ1JMGYR9hbsvsLng1vcLD6z2AZp1uq1j
Transfer 1 tokens
  Sender: ASh5CELRgk2Jjh3gCbT4PLoWoAmJmY6aT6E5dh1LFnD3
  Recipient: FVnQJAE81hKFcJ5SiEJ7mjHLiunuzAdJj3Lq9vyJ9fSp
Transfer 1 tokens
  Sender: Gw3ofZZUGY1UwybkLqNN3tdyvip15TJwPTnfmWB7KjZW
  Recipient: AcTz4LZcyNYapAKzSE7tuhU8PcvcaRSeMskQYNQzEagW
Transfer 1 tokens
  Sender: EzVD7WySTrBrbskys74zDnHfvwBbDDGBPE5bz5zUAkov
  Recipient: RTY7RjhPpDabh6ky8mQudWxWH9XLZLCRPAj2CqRN21r
Transfer 1 tokens
  Sender: Em6M1pJ6mCRCB3Ub8uR4qKXH5bSneZJuTnYFb1eDAb9j
  Recipient: BVFTQzEas8kMPkcugksaTTuLnQJ8ESxtLryk4ngdyvjU
Transfer 1 tokens
  Sender: HKsAY86r32ZQPsGAbtVbPJ6fHQsSSLgi7fQ8UV5QY4ee
  Recipient: 6aVxAU2nNjSUmDkSy5zgavKcZNKGov3xhi6tUPLnULLp
Transfer 1 tokens
  Sender: 3BHEuSCpgRppPL192wDQuPYnbCzEpetKXJQkBQ3AZrXm
  Recipient: 73tF8uN3BwVzUzwETv59WNAafuEBct2zTgYbYXLggQiU
Transfer 1 tokens
  Sender: G2G8wJfjw3DfzpVyFQWrZzFLfj8HdgVjLYL1wsMLVbYq
  Recipient: DNNUeQwDBnWGho8AwGJnDhVS6PLJdMaq9J717U3UwNJG
Transfer 1 tokens
  Sender: DcrCQCi7ARz2tyVDXFVomoHtPAVcv6Mg7t6T758sFbxa
  Recipient: GTNaEeoDEw5Y3xKDDdpGVnEbVkeqVvd3DuszppWs2edg
Transfer 1 tokens
  Sender: 4rgwHrprvU3kvnhHCkkxWfBmQ24BQB3EJt4yDjsCgeKE
  Recipient: BVFTQzEas8kMPkcugksaTTuLnQJ8ESxtLryk4ngdyvjU
Transfer 1 tokens
  Sender: HkmoG4DZN7JDL8hdgrgKkaUbon7eHJmRoQ5XRY4dPoTK
  Recipient: G7AoeZ3MD3KBwFe4gaRdbnqCceNEsUNSZZwgDrbcBPmH
Transfer 1 tokens
  Sender: 8ZVdTX49zpuCCUvHjdzQDNwPdx2H6R8NrErguRf6Yx56
  Recipient: HGr9BqZEbjfGs4vZMaJhHt4LAtRJ3UrNm6B44bRaTZhP
Transfer 1 tokens
  Sender: 2ugjk48MxHPk4wtqzB7rQ389pdrq6LNH43zvNRYXxLRN
  Recipient: 6LPPpRg17Pmsy39efw3hEgfXQsjATUA8MfTih521iHdL
Transfer 1 tokens
  Sender: CdLW5avkiiDLYgNhf9gMcfAn5LEZYWNVzndbPN9Wrp7M
  Recipient: 5xuCrqwAh1Tu5MsXLXtpnX6QAYuZ2J5raPJamudv4Nxe
Transfer 1 tokens
  Sender: EuKpiT2EMXCfkcXcnQtndphg9MNb7xzLtzxEqyhvBTZq
  Recipient: B5wGRziAmbZ6NMGwatX7s3rp9tWzDL3fEJojQwh1JREe
Transfer 1 tokens
  Sender: AmxjdESwFkun6BoqqBMRq6Q6bXCbuQqVECbNHMgxmLdY
  Recipient: 5tgZmrCGPTFsQcsb8zswLfrGuYiLp1LTuNPBvfrQb2Yy
Transfer 1 tokens
  Sender: 6dNCoohnUCSaLQ1rbrUjEJYFPuEaXeVpFZJax79ZtvpK
  Recipient: 9jdLQ1QyC43uHFhZVB7cYLyH8EdKyF9dbXurbmXGUXJU
Transfer 1 tokens
  Sender: BfM5GFr3kvXtHXHPokQXu7x5gkfZ9PGyc57E29Kbumvi
  Recipient: B2BBBHRthcSzTZPcuJrNcXvSA5Z2wXUi9ZoU1a7aVtcj
Transfer 1 tokens
  Sender: 2baGnZogJwGn7RX6AhAfFDtzxMWauAgG3jj84NKFEmcU
  Recipient: CmkTsDLdXLXzqsdZ2t4FNce3phcYccPgMtUekdMZnDRN
Transfer 1 tokens
  Sender: J8k6jphS9GMF2DZKA1YgYhujT2EXKE99ZAUrQsQo7FWg
  Recipient: 86nH1NqumMS29x6obhV31NwR5mgjUVnch6QymvjuYJEA
Transfer 1 tokens
  Sender: HeqnqzeVJowEwcN6KQSeTjiGBXhEWJD18LdzkzALZZy3
  Recipient: F3hzbLTD75Shbpyu8tdztMhSrh9vZ1qMwTCopx57A5wU
Transfer 1 tokens
  Sender: E8cSAjuDRvX8M4Z6ML5VrwuSNNK825skyCsCohGhfgi3
  Recipient: Fx22XUQE2NaZ2oMEPCAzyYXwqnMGWrKDFGNdqPi1pdHh
Transfer 1 tokens
  Sender: HEgcEG46qDGfEghSuAV7cpX7DYpXjxbce2MaiePKvABX
  Recipient: BVFTQzEas8kMPkcugksaTTuLnQJ8ESxtLryk4ngdyvjU
Transfer 1 tokens
  Sender: Bs8knRcmWQxFNFYdzYgpMTawnFNk6gcXhoadSm1oa383
  Recipient: AkdfJa5NmE1pQt3Ai7DpgDg8kryN5qTZirp6LQcpen6R
Transfer 1 tokens
  Sender: 6iRDUXULTD4oGhvxf7XGkvSU5TE2VVvob5MqC5ZqQmGG
  Recipient: AEUto3eFWHLAmmVRq3Vo2fmHXwte525jQGG6D7pN4RRd
Transfer 1 tokens
  Sender: By8VqTmMWYiAMDnQmwdtXaXsscw8rmG8U7RaZPZQLVvx
  Recipient: EAdQAdc25Cbyyo6pEjPc3v8tJyTnBNsF9VJJd49RvzoS
Transfer 1 tokens
  Sender: 85zaMXThNDpquqNunWdkqm1JRvzaGVHuaSJL5qpeuTDM
  Recipient: GP5wZ1hEfpD9TxhZzPGQVWSS6VVBaGY7J6dt8KeQuPxv
Transfer 1 tokens
  Sender: GgQmEtv7fv7rKcEUK2ovCPE1brFdv2qTefCBsDapYNhp
  Recipient: 7Utjn9SDMwnHV56hqvi9TwoEPTvPG839oBLQxuMwVZdX
Transfer 1 tokens
  Sender: 52DUrDqpxhBh2ZszjbBZ2jxdhjB4rK1s9iyvDYDDBYSb
  Recipient: 9eoipVxy48npF4twDmJMnykWyo8ouwcHGFuZ9b8vqhqW
Transfer 1 tokens
  Sender: C25VfTDd6h7FpWcqSDSxJw9xarM7NTn2Zt7RDmaQ6n1K
  Recipient: 2WkPKh2HqudssFdhTJRdj5q44oTwZrdPJQ2hGbgwMXrN
Transfer 1 tokens
  Sender: 8ZwWTgukw4sBk2197bFJyUkfxdtQVAjvixSKHCb8thkr
  Recipient: 4bxveyHV7b25ZCh5cJvUajTyDh1VjnPVqv49r3Dq6niM
Transfer 1 tokens
  Sender: B8u9z24fwwtCfttTP945RwkzUsqTF3zQrPx1YT38jcqv
  Recipient: GrLJKhgPQvd1fgPeSXS8PmohchzadSrkNotp8WBctQyh
Transfer 1 tokens
  Sender: BDze2MY3BfP7zYw9Lod2qC7Mdv1TDeAqSp4B66Ezymbh
  Recipient: D1J6YNBnV8BzUNGHDEPPxpJLmDhvZxhX8X7cSi6kaoPK
Transfer 1 tokens
  Sender: 6fCq9zoVbcGznSUGNTngUpFT9tbEPg9GkaC9avsWPALH
  Recipient: 4TSj7T3Rp5fWFTEhY5uvBM8v1uizWD5VUGnxswzeDSx5
Transfer 1 tokens
  Sender: 5bMUtxP6g236nBryHcq8rntg2d6AFxuzyAZriNy5D7n9
  Recipient: BUdpRNTSxyZZXtecMuBU7eB2x7RrwHZDPzGGUwiZwZUo
Transfer 1 tokens
  Sender: 9jFDnqHVLDgBq9nfmQMsVSts9ooYyE7uinex85h5qLmY
  Recipient: 9V4i8VdxEHgjQFEKdXT3N4nFKRtNtkKCzd17SjxVWLSo
Transfer 1 tokens
  Sender: DrZg2RiWTWyBb1CX35Xku4PJ8dxafNmmyKvEMx4c6eBw
  Recipient: Bt2JzU38jdEfQJB5DGx5JgamK5rg88F2DGDiFjZJEN3z
Transfer 1 tokens
  Sender: 98RtK9CpMMyX4g4iX7L5KuTECEWwUfGvcGGfbDMhZzae
  Recipient: 3drUNCHxRg5gXoWSH4LonRa6TdT8UCgEwbbjweABV9sq
Transfer 1 tokens
  Sender: FEVAu6ZiTyg36CQ8J71fhJBcEMUR37jfuFWeU5krTnGp
  Recipient: 6uVTrSyJrkRjfjBn9BLxTdpEmUTkyzMmo1DXWUoinfhV
Transfer 1 tokens
  Sender: CQD1jejCXsrvt3qkn51p94rRqtCbr7v3U9KAfZXVPWwB
  Recipient: CYVikdfqKK1SmPasR93k1p6CntrmqGW4YcoSYQQ2TeVp
