AZBYaUFwLJTEDv9raUX4ZiQwxoVE3cvQxnkq6u1g8g32
HNEETb52GDPHbT3aLL8fk47KPL5Mq62S8rzfKKoasrHZ
CakCB2mYApvhtzJWgmejHjuTAVDGbBk5zjzrDctgkxjM
CnP33htGVwKHF4psPq57QnRpiNTgKW58RyceytoX78n2
MrrCRKMhxvBWuoDLFgKyji74dWdKk7uc9qj4fecErhb
CGjEexuki8tYteRxpEEq28ivbcsV8aFmhJS3RTZzM7vh
2Kt2edjA6oMUNsC8kLPH31XJP2vqQZmMPNu2qo6BzuCa
Hj8r2JfHZTJPqQuz3GWCiu8sgAnYEj24f3eaJQhRerUf
5AwbrzztsJT3wbgYFNLhyFXvncrMP48z3qBY7QxC3gqb
7WBK3dgGwvn94Z1ErHt3mDW2jWW4pzcKmw1PzKBGUNLL
7tMyU22ViPrhY14fy31bSmTsQK6rwc9q3Zbq2u5RkZis
HAU6zuxFMa3qeKevp7hA5tABr6nT5arw2DJ4D3GZsnrC
B6vnUveAL1t6uVSuHMXYfnJ2jksTVk5dMmQe4UQ5bop1
4WMY5TfBAwg6oubTVh4WiaEPPiitbxMCJknUbewcd8ae
GzjpZ3LMWMMcvuAHUWT6tPnaHBVNpYQL6AufGqHmGndW
E9nCqWBQbQTW8aY75TqnkGLFff8j5XemtGJm4hDLrjmZ
7qhXPKf7ZK1hQ2JuLPyGYiezGcyndSnNfAFXY1veLPxg
5vEyraHzZCP5yM5SMv4r1n8MGsSQeP5Mh1o6TXoWAvfk
5Cz7GSRKnuFDaXRHeNJpHC77aqU9BY97eXNBBCVhckLZ
BzNBbPBGkEa1qEcgBvgjkq9vHEXtqeQypxep8Vjrfnhx
5DR6UU38j5Sg8DjS9WXe8P86j356c59Esp1LijT9z23
B8unY3f1mc2T8CoSFsdmo13Stj4sXZYTxLtQwH2DwyvZ
68qZUb4UviBobRWxaMJQPjGzEpVkb6xuY5k3YMfU5zCN
GNSJ9xpHiLcTNEhFWvSqS9JXiQ9mRKNfGvr7QKmRCoAF
BK8PNVo1XbKkyS3f3BHPbHDNhxKtbSadVquP9v3m5cRT
7iSwracYgCbijrsgHZFArEp2NZcxUL7rPWTAaE3gdEEY
5t5pfR6Rz1f6XeLX7ribnVFZcY7pXLRbcdpEqyoFUnA1
F4hN7ecndZ8Gr5KQNSFaSrMGawMasz7jfWTLTMpk7gaB
51oET2dy4vCmZ1JMGYR9hbsvsLng1vcLD6z2AZp1uq1j
6DtPgUwXQcuvZcWrKk6x6RHwdUBZbsdiTqc8xRbfFkBN
H8QmDjeK961AHxcpu2gCNLKAoJpDqumzKYYcV8Zg7Ftv
AbkwtiYEpLLyUKcs33dokoPyY1A8PWCPKq9W5ACtagkE
7o4NoA1g1asZzi8D4fRPjVuDR6YkKGhLRwVbEFfmRWX7
51oET2dy4vCmZ1JMGYR9hbsvsLng1vcLD6z2AZp1uq1j
9SeFbAaSgay9WMX6v7AWSQDbE5Dw6T6TNHnsCiEfGRQp
51oET2dy4vCmZ1JMGYR9hbsvsLng1vcLD6z2AZp1uq1j
EEUHeJFM6mUeN44v3kpepHXXBcGY8xV38TjTNxHEt76U
CKMDD7Xp4pBztCG5G2utc3kXvFqPJ17HMDPUwhLiHzhM
FpSrQMhnYa8YRnEQqKstyi8DYsMvET71CPfnmJkBSSP5
AcJVmhauHzT6Rxoc2AKFvDCaAsh5t76TooEKQW9RNhxm
8Nj7AC1oPcx2oC7Njihwp9Ee3Aez787kvww3sX3Bdox2
961La22VGQ67stUvUMWpRhp3dRma8vPvTkySkSspVYiD
XFGVjd4PJp8km9qQgtmLQV7N5dCSum9KxRrPhdRQzZ2
BVFTQzEas8kMPkcugksaTTuLnQJ8ESxtLryk4ngdyvjU
97xAKp8FjyXkiYqTtYWN9ArD7KxTevzaCAo7VCcwLAsK
GSfDaL6w8DGZQEhTLmhKtjwJYJiKdLT9JsYTdi2W4WMZ
BxASWxha82Gq87axcFsuwaUM6WUhbK59WG6iHBHPmtmM
24sfBvg2iFCtnLsbr3zX9QFCVeHbZwJaxj1eXifZDsgd
Dp6QdjX4LyD8mYWEw63SdC7S6DJH7j2vFkBLPo2CbXGe
5JJXuC1YzZ1BA3Sn45whVh3b28LTnXuUM1RfuLnj53sW
D1tMMrAaXFLbi4eugULzX5iHj4CHZWqUN3oJZ9UWZV6r
DajLww9JAzbHx6VNacZZWYKQfUukB9bibGRcwwHs7e3P
HZKdRj9EjbnUBGGdHHf5dLYgmJokJ2MkMkAhpxGyE42e
9KtcWdeMg4Q3Tk1bbG8LBcBXDUYcRHia1ZuKhtRu8PLK
CakCB2mYApvhtzJWgmejHjuTAVDGbBk5zjzrDctgkxjM
HAtAwndeBCMfZgSJSLcpKfBEXam3HMpCgRZvfmMM4dSy
CH3T1cTkevM4DT4PTc9ozSSBxLYLU6romerxjEDdq6Qx
51oET2dy4vCmZ1JMGYR9hbsvsLng1vcLD6z2AZp1uq1j
G49DobN5j8MCpNPFtoEAP6zA4xQN6fPhW5mmDPJNDhps
5V28cSsngWmq1n36JQPpVPK5oM24se581ck3obbjjSyy
EQFh6gCBG5E8RfDaUKnVerJYmMDzpYq8rGm62UiX5XkH
8dUiSpSbdd72cXm4bmAL2we4jUHdkqTaDwoFX5Ajr8XM
CzBuPFMJQbPLw6k3B7z7KNBwMWfJZZKTFBYZLhYB27N1
DWaAVXvNg9NcNUPLCwRbAhc8NVmFzSLPQCFuwkxgp9Tk
4Godan2Sq78jyqw1Nd5uaiywo4kbGydy8LUedMnsCBrN
59gMFGgo8vfgDGnevkpPchjteThHXce4o56qENi68MMc
4bSP9hBtaFBWtzyftRy4UNJwwqcAd2QWNXC61sVf7p5y
4Hsiz7q8vfBizJWsE9RViFpbAPmiH4pBHcA7ksq5JTaF
A8wVZjY1uR9TMfzF9Kc6B2zPCBNJ5VpNa2HWC7ERykFs
5g9P9YJNPxRMTZtWTPyRkUmdvaVae4MVjhr1ZHmHYbRH
BTqTymCi5fqFhRrpyKXxxXibJ9CKPMuRqkoGn5myQDMy
BVFTQzEas8kMPkcugksaTTuLnQJ8ESxtLryk4ngdyvjU
4dKbzteBxRPnJLaVDyj4t8v6i6G4PX2ASr4iqyrcaZZF
FueBPqyBkhnBogC3fngZQpYHVVLbg2KX6ZHTV2b3rcPv
7Rc2EiHPue8BJasestxqZQT8hf13Z1UELT9Fm8ur9W2o
Ci6AUJN9w8VY6z3RoJqeJyKpRPdx9uvm7n8nRTPYGnQS
4dYe8NDUKCJir7hYoFSC2FCJwVa6uycEfyQZ7aYrCqih
F72ZZGfTciszpW3HX1H4FNfGJPvpygkU15KtFGH2bFVh
EZsxgTx6JXqZS34sDynrFkKD1Q64Eve7AW8FjawFfovV
ANa8iWHMUpAsoR2V1EgWD7qvxCJ4oJJQL2jz7vimWT45
9K4XUuN1rm5ErTzCH5kUg6L3KjC6SvMKMmtspar5HQGi
C6WmdDdWMA2LK6Xw47QKufq6ze5pEsEc35vSpU6wWcyv
Bs2NRpK5zPhbhchTM2XGqys5uLw4bjZjiWQJW912XwWi
cACEdxQF6BnG3iBYJwWRgCPpdKCdsR8VhuNmcaTZdDP
5VScZFwFzWBBgVhbiayhEfTmDi88mVowUtRP6rCFF5vD
FLiGbsPCmjyjQXNJnY9SxQ8n9ZY7LLiero6YpuDB4CUf
3eiNNyffVEpmdn97KLaJArKz829N7CMt1GHCPd8uftCi
2ChMhzvBeg18trwtxDWSjPpjMcbNj4na97jiFBcjYdaw
Cm8cYtgtfyULCzisqUnMg68aqqi12PGZScouQfJRfrG3
GP5wZ1hEfpD9TxhZzPGQVWSS6VVBaGY7J6dt8KeQuPxv
Bw1hYhphtLhxBbAaWt1MKZGdQi8EczD8xL9M2PDsDSY6
6vPbtxmJmjzoQD8P72W2fqYbyHh9WNsDxLkUVq5eiYes
23XNgo4x5FwiQbN4TV7MZ4ssDgQ398vrpkfD8F3S8KTj
AEUto3eFWHLAmmVRq3Vo2fmHXwte525jQGG6D7pN4RRd
5EhvzizkQZW3ADDc59jyVqHdEKgb3u1AiAuCFJLwvYdj
HAS97VVQ7HqNXTSbnAcEXGJi6tJJYM81axF11YZE74u1
9nF2vqusHupTTNgw3quL4f3jorvPdJ8VBPv3Uw1xt3Mv
4k9aBR4iEG4VnZqZ8kuuPoh7NhAymsnAyr8UvyLuwwFG
6uGbcWXz6Qdbe7HRRBjw2KaA8WRRv28vteb37ryYDBdz
3oGV8ZtekVMm1hDSvCGfPx2dRVdLiNX6X8knF5gS7Z5d
CA2YSCaxW4spUDYBtTZ5F8HGmFq5wwS8enW92bDM9qDy
FVKyPjy23bC4PkynMmadqaukK1jbCanZ2HxhGW9AghwZ
EoWMun6oMxKTBCTGJ9nHxmFuY56A7bVxk5ieJGG2Q1EY
3vieQWivdeVHJsBsWxJGuEbazmJGv1R4yCUFEjSTFbf7
2WkPKh2HqudssFdhTJRdj5q44oTwZrdPJQ2hGbgwMXrN
CcD1xV91Y1hfLqH11nGQXD4SarXgwxwRVT6EdziJK3e6
8kX16Yj2WBCz1sPXcimafGrutQkw3s3Swe9sR3gt3cC2
GyGgjGQXKDUZ2BWRFGdergYgewnh1aTXsZmKTW2fMyuk
FKkt2eFZbQp6VLoSfrb5qixdUeh81LZC16mdJ4m34pqw
HENypccepnygXmwYLhaJwdGmjX8GwxgqMuLvT9P7hFT9
CHZKVvLFfyK5pDe8vcmPwfhStvJzrJrT6EoXXMdkFdCt
HekXqjAAuwYVKYmTjAt8kq9u3iJT3EjL6qZCCxNKdMet
FEFpCkrg3gGRU4dFDdeqvfT3Xtvt1h8Evksmi6F7kaNf
ANUkikZTPfEoBrqtveRAeNkvVqZv335H5Nvspm6u9Ghh
6zWDCKJMWTGmpiJB8QTiWbXEhyp9beibaWAvZMdFdv6S
9nF2vqusHupTTNgw3quL4f3jorvPdJ8VBPv3Uw1xt3Mv
51oET2dy4vCmZ1JMGYR9hbsvsLng1vcLD6z2AZp1uq1j
Cm8cYtgtfyULCzisqUnMg68aqqi12PGZScouQfJRfrG3
51oET2dy4vCmZ1JMGYR9hbsvsLng1vcLD6z2AZp1uq1j
63xaYrSjCh1u8B1NTPSV1xh4Szxtz2ktHdnM5ATK4zMS
L7vksHGNsmuNi2yuAz6MVyczJhDBLX1VhmGcZ4EQtiP
Cj3hddF9BiUu3nKRkSqgtLK4HNPF1wELU4UqhiLtgLL2
6ygk428uaLYS75LxoTbikJSx8yXJ9BQzjeWQUu8ehymR
DAw7L6BNNJQhszjN95NbQPL77AjMVL5df8R4Kx5FHfc9
6aHUbjgrRXEu6yMrsYEmv3QM5hs92HaYRGV3tNBjawkF
9nF2vqusHupTTNgw3quL4f3jorvPdJ8VBPv3Uw1xt3Mv
39YD5rZrsz8mSdtyVCfwaG2cAh5Amq4wDAgqZEtgXLRj
GEVaf9qiMshrb3qJ13QrKUNruydVujtc8nNoTGw1GEW8
BF8twL1MmqiVRytBcgvYoYbiaMrHMpyKjsHfUvCZRYUX
AerAh9j6xCweT81jJr7hUa3BQT2Yy396QZDmbpwY6HBp
Go6UmuX2on6HgCDmam8Uoc65M9UJBjY1EkuedCMiB7wD
GDPiX2yUZxepuvDVKfxYrN4mngqvE1zr4NG4CFj8YakH
4fMHv5Dobkjf6NoDvPWSQE8UhZGs2Jhjgu8iuwp5ynPD
51oET2dy4vCmZ1JMGYR9hbsvsLng1vcLD6z2AZp1uq1j
GWuAeuRDpAwKDxnVEDRW3hYn87dw8K91ZLrhhZUCftnM
6XHt7CrURSomkQrtVXV5JuKSZY4tQRpUyQKfCDaSTYaD
6E1m1jQfPY1bk48NyN1GMwJSmxUbS9Sqr57DyitziLWn
BJSXGMEpffDq9sVJm7Kj2qEw7aTJy2mQB31DfkKvAnpP
FScVh3sUhmXXwLsyWvhiCFwNs9YMYk7J6xHXXHZN9fWf
8CRGA6XMCsitY93bEPG7zNyYaB5fZVQfauneadVyCRro
Hp8BiimgpZHTNbQQPp2TdyDu3SaJZUpn3pv8rHCPtEEG
E4Ao1rUU6nmLVLniY8EJMXkLzxSE2qncuoNb3cAuNUAe
DajLww9JAzbHx6VNacZZWYKQfUukB9bibGRcwwHs7e3P
FhUn3tXFN5JrPvkULt2xB6KR45ar4ok86RScN18C8PeU
5pJSXHsjr3eTg7GTyf6fJ2cmWZQX16Njgu2L7ETXJokP
45nb485LKf1pEhsTab34JnbBb3wXnAAP3xh98xdzP8Zc
BkALpGmLrpxpfo9CN22BA5Zq8MzTag5YEzAJGgouEHZm
4DdRYAD84KyT7tMhfXxTWqKW1Mou75BuNFBj2i4oHvDi
9nF2vqusHupTTNgw3quL4f3jorvPdJ8VBPv3Uw1xt3Mv
2mNq3AhQahJ3HiJVp7w3jVkog9Q7aSaXwYZXUhTxaNs8
8w8zNnvPHSoUJN2HJibCPvZePAtuPATo891ZzPEA4Yik
CQ17ThoiA5MA9ZTULyFQYBs8S2y9byxkCi3mpfvXX9rr
CKpNMrMmbDgiqN9rvE4ZqBSKmDbCHAcBvUvNvx3uUwjj
GGut9DeAcVyoQiMro1fMXm1fKU1uWKZ8HC19YhYvLuht
6YhXPoei7KNqoBdHL4y1d3jHxxLn6PvLZ7DVXDFkvfCX
BKZS9ci2HFDA72Wp3rPr9Tc8kTcKwLrBboNn1XdGpMFh
EL5FxobVK8zfyJwMa8jGaQJY3TcpWBZ4mJYyoEFJfpe5
8fqtDjTBTT4uTdvivSe76vw7b2sHkegVsbVtS3LJsG5E
J89HXU8BEveEE6vz7xfK5scknkXjmvUZDYZmsEZbeEvE
HEES6g3w17E2W1sbTRcntW27sjwJYQh8oFQBGKpMMLnZ
CtMkpv9EAMZAkyx6tE94Vs4dGinkSFMxbYDPLud27G2M
CzBuPFMJQbPLw6k3B7z7KNBwMWfJZZKTFBYZLhYB27N1
UDgkXzdnpRqT1adpbeRy1LULVjxY6NTWeVRTG5ZFWzR
CBs38GrLkRKrf6ciZkBbD14BmW43nLB5Hj4BX7UkNhLF
J63PQ61AFhZXeupw9j5GYY1aEuR3R6BnAbtfqqAX6DQw
RTY7RjhPpDabh6ky8mQudWxWH9XLZLCRPAj2CqRN21r
95xfF9j7hA5megc7Qg8DGa3zTjhaTkoqWaPHSq1mFCz7
6DtPgUwXQcuvZcWrKk6x6RHwdUBZbsdiTqc8xRbfFkBN
51oET2dy4vCmZ1JMGYR9hbsvsLng1vcLD6z2AZp1uq1j
2HtcCr92gzqZEmnEYKrsC2d2euFz7djLYzqnbDSbhd82
6ykYU3fWNQnoNunJKDLSVSZWCMPoajoE8EVNzKCYs9qT
CVv8iAZGsd2sHVsX1vo2iT72uBDNLsuGNjxSAxFNNSCX
3GFSEgAQb4niaJRPjKUFxKpXpyJjZWijgM8pnbk6GYzA
rLZStBnnZDnRV3z1oEkBb7KuhQGp8KxAe5oi8L9cTcx
2dK4eVhPEh62U27NFQEft1nUqntEN9eLpibWa1EYGNpC
