GpnKen3QMaLc1CzFsoy8UbcbPwEXRXb5k2qTkTcUa3RX
E8pAWPsMpvuvxU6pqJqrq7yip7n6VgzpAcpdqbzcV8Nw
26oJPXUNGwx25Y4r8bDwjMT65MHsfviToG7M6zksbDic
BAFEj2qENtVH2nHDkhy5ZrjfWbuZrM4P1Yyb3He1TRMu
BxCviB4hviwgAXuZscTiTQcoXd9pF7CdctqqNw3txKkT
51oET2dy4vCmZ1JMGYR9hbsvsLng1vcLD6z2AZp1uq1j
7gPAqZVNRtDq9sUY5FnUzCJJ17RLsjpTGiJ6Y61iF4Ga
BcwzmAJunqVo7M9PHuUn3srQJX73bd9xr5fJseCDGAZm
GRFdkxZf5raq2T5kVzcbDTprDKie6oF2QNuH5ck1Ehot
Aa4gyqXpNvXJZgc5dbvUB7gRN8t6egGdX3HGnswJfMED
ESeAFDVft5p7R7i1n7u75r9Bp5ESRmHwuqxE6Hz7NDuH
2tn4ToRyMT8Mnh29AHcrixZr8GmDBUjBcSqpYdEuWoAU
73tF8uN3BwVzUzwETv59WNAafuEBct2zTgYbYXLggQiU
EczHAfEajWAwvFQ6t8ns9rqxCr5XQMqqfbZxBBJBZByh
9inkKRwsNbqQeLMhkJ6V5TFHJ8yfzYifKnngCdqSagF3
GWuAeuRDpAwKDxnVEDRW3hYn87dw8K91ZLrhhZUCftnM
8kX16Yj2WBCz1sPXcimafGrutQkw3s3Swe9sR3gt3cC2
917wwwdLEmCBvyz5fhXmfjL1YBakvkJEiHEVqpTjQf9u
J1V66CwKX9NcbN5G8NqbUNH2XFm75zm4qA4omxwKvM2q
HMCuUsfswf8ngtNg1E8RgpcthsnjakGfSptKNqyzBuYb
8kX16Yj2WBCz1sPXcimafGrutQkw3s3Swe9sR3gt3cC2
CWiXLx6juMmaq33BPXGJ1k2DPqzfDyCQWoAsUUe83CqP
FEupPXRw4HwbASmzwdpgjqxti7eRWxNaekjBoc5BcJxa
Bhexjg8vWtuH77iMsQstr8DPsuk85JnU944ivVA1MmxF
51oET2dy4vCmZ1JMGYR9hbsvsLng1vcLD6z2AZp1uq1j
GBvdzrFqehuHNLc4NvRUQhgVnKjfF5Q2fi2LrBDYivpe
7uCsLRhWmRw3AHyb4hnifXxiwqNXi4UB8Ac4ynnrZ5hq
FMykZXj8ior3yWkgPca2Ssma3pfDAjv2v975MJEcft1t
Fv9B3iH37xap5fv4v2AGKSivaZWKNZRC8rorfwtCStAJ
7ZCbVwoYHuNNxbm3MjRWeuj8a6orNjjnFfLyLvva6Thw
