2KF6StkQq3JLRsnMtjTKew6yaR6uiDX3aD5DWvT19dqa
5ssu1FQCAxLQZUbSnFXAuPn2eDaZBTWkc5QBChh2yxAa
93JcD52gQgTkGqADLhEo1E2vbqDkwXmuMGuz6bLh5hVa
GZ7dL3aqcVwynsidEqLTUnsHf3iK5wvNFsCEJZvoVXFe
9ej7a4re5ZsayUKYpU91q5UEakEjCwK9mFb93zDAKwUM
CWiXLx6juMmaq33BPXGJ1k2DPqzfDyCQWoAsUUe83CqP
BQB1KrcdAiRu6BThUb8EzwX2YDSMCwqcd7DZPTLRyP2R
AHFYN2pv4iPG4wGMTjfFXdXQjPTXMxBdLHvEDCBKqaBk
Etks8yWemmNsnS3r1s8CmGDqkiW55iepDvHkB59QrgNq
CWiXLx6juMmaq33BPXGJ1k2DPqzfDyCQWoAsUUe83CqP
CbNGRfShbhKUdYAS6wHr3TMHBz3zDypBDcXdxgVZUBze
5nTmScN9g2peTCRoffagCzrzpiCHzDZped3Lo1W4zb6n
DJNqLSq1G5CiY5w4kWoj9pVVUXXgHoa2Uw7Ja2jBMXFg
FxbGsj3osX4AzJxhANAvGrgwSdRxJruGKxybRnH1rVDX
ACvPUFsShe2hb4ydNhvfKwcWMPBaE9G1XfNXNZGkScAr
8DUt4hCibfHYGx51R3AJiKevfay7iZCsSemU4NQo86en
99v1wvhDstb8LsT3TLbZAnmqkSGYrUYKP1TZ14CLAq5T
6LLyCpTcSxStjFMpwXwFySXMdGsNs7od4gvxYbTSv2AL
GWPZR1uzTUv8UZsYoihuxF7B9az6Mt1B8DAoK56CiKmh
97xAKp8FjyXkiYqTtYWN9ArD7KxTevzaCAo7VCcwLAsK
Eeor4e9xpnQ99PxUV8QgvvhBJaym2JGsiAazv3BBBMtx
8NQSZ5wpdET6dzAao2Vg13BsiF4QLAFKPSntKAaggbLr
8kX16Yj2WBCz1sPXcimafGrutQkw3s3Swe9sR3gt3cC2
AWZWkdHH35hvATBeUKdnaftodRnFXZgEWor7xWgfRrqr
7yF3ZSPNYadfu425TDXR6XVGUGKFS12GRvH1Hbf5rFoK
8eqvPBG3bHFpRfHCxKi7UBPcxUopXyhDMEH9r3Fg9QcX
EAzuPsCQuDDm5EyUeSS9bDbrsDrKejiRNJgLJkRvqAWz
2RL2AByH3euRPQyF9jPCoRAY3PqCy7WjJwnzcqp5XKLK
7P4Bb1pCMuYNveYhg2j445cmTRCEGp2eAAtBQUv7Jz89
7o4NoA1g1asZzi8D4fRPjVuDR6YkKGhLRwVbEFfmRWX7
51oET2dy4vCmZ1JMGYR9hbsvsLng1vcLD6z2AZp1uq1j
EczHAfEajWAwvFQ6t8ns9rqxCr5XQMqqfbZxBBJBZByh
DpcyLbVEHYzLQYTKwK2uUHqYSUFA38e1R5hH6Ujoo3c9
8Nj7AC1oPcx2oC7Njihwp9Ee3Aez787kvww3sX3Bdox2
5CjuGr4367okukGj6mUQehRzd62gYBN4yu7KuYDxN9LC
45nb485LKf1pEhsTab34JnbBb3wXnAAP3xh98xdzP8Zc
HMpKX3wU8zbgZWufKQTpLyaamQzaN813ApwJ3vT8F192
g2q4tWwSoLzY2PYmYM6YB8167AFP9L5J1Mf4xJ5cJhB
5qLUQwffcHESZuVwjDYfzj7YHbZfhGeeTSiwF2aqEETf
3Gyk2Vwj9HmjHcmdkvdkYq6bDhoH5RjMHn42LCM9YVYH
8cC6S7KYY82sf5cGjoDjpUogtZ5TB2EPuapEvfiKqCtf
7VD6TVNCwj7BsfG4mcy3xVSCBNRVhBBQn4NtxC9mKp7z
CQ17ThoiA5MA9ZTULyFQYBs8S2y9byxkCi3mpfvXX9rr
6niQWU7nuW33ktYiiXjicAouaYYiwTZcgge3u5mZUtsc
4cUyDakNPeMEZtJPDJGNujWLGF1XNH7WbQnheUEfD2xX
39YD5rZrsz8mSdtyVCfwaG2cAh5Amq4wDAgqZEtgXLRj
74MCLCGZ6HKYja3Uca8UQN5C3bw6NeyNXF6xRqaWkaFz
AsxYivuyVu6znDgnwenpLSLvkZDua4mGKxTvM2JgoeDU
33apeLJZtc7FvMqWoLU3yWupJCN6ijGkKUD2gUmjhxe9
7P4Bb1pCMuYNveYhg2j445cmTRCEGp2eAAtBQUv7Jz89
FbX2HLXoWtj5iCSUwWVJS7NgrRFa1f635jhUu6TDdqH8
EicERxxCMQV6Vre4vv2KZi6gRh5ZxE4fC8jE2ZTPJbip
HztqUciz9TKPs8jV4R7HHn6kXfpYYmz9VVfLJ3vCV5v
6ofXwU1s3Ma4ZcvLG29UD6mm1auDV5jumMzRnY1FdFVE
H6ewEQKqUYhPFNBUBjKugH6MNgBzWFoJ1U5fiVvyHDnv
5nH4SNp9Hhigqmjd8spT6UyLKN8okssmWJ48uCGfWf3J
G4yn6VjDQoRRgqKVt1fp2uei3rFHWWKA5JwWPMM4eCgT
BJp1sQhLjmLnfkqu56ifgjFS7QtFwDPnndLAhGkbA2cx
HiUjBgoomN7PgCZFPdM4KC8aKAFfsraRpTjNKnf8jxww
7tMyU22ViPrhY14fy31bSmTsQK6rwc9q3Zbq2u5RkZis
Bz5mSTDS3k93ngSNWCB3g236noMm5p6BqA7JZo6Au1wi
5AwbrzztsJT3wbgYFNLhyFXvncrMP48z3qBY7QxC3gqb
FpjcR5LnWuP3eqHLaGScwZnKEMNrkik5aWUJgJruz7JU
6LqrsZx8J88yXDf1mcZKn1qnFCAZo6YdDgU98cPKx6cN
72GAVS85vyaRypoQavWSZ18sjoNWyQscnXx7J9BMupQS
9t5Tp3AM2JEEcLBRAg7CoRu57u8i6AmogjES1YQ9e1eh
H7E4JB8ebHaoKQe2Z3NAwXniKcuy7VVuAoycx7PYAbE9
6NvYLUJk1kXGToHmevaagExkTFsWypW53N8AxoKXrjPR
EPhWVVFfyu2UbmowFUqqg7Htq2dt8rRjvDhq7mSLmKq1
B6vnUveAL1t6uVSuHMXYfnJ2jksTVk5dMmQe4UQ5bop1
6QmKFsYUfd8nxLufRojQxWQj4TGhM6ueJudmPd3NxbHY
97xAKp8FjyXkiYqTtYWN9ArD7KxTevzaCAo7VCcwLAsK
6ve3jPaGtDofMjest2QckvY3kRynYTobADEmeoZgvaEJ
g2q4tWwSoLzY2PYmYM6YB8167AFP9L5J1Mf4xJ5cJhB
BVBXqH8e6U2PBRoRLGQbqU26KqSgjVGCn27YZm5iVyRH
8BZiPqhVHcQRUi9ik4ToqZ83wc5bRovucP44ajwLSiha
C7yPViMfJEZe127NHs6cYCi5GjGceM4N9c1j9yZAKSQB
9ej7a4re5ZsayUKYpU91q5UEakEjCwK9mFb93zDAKwUM
EwwjLURAfEyY89BaEf5CCAp2FnGvmnRrnAmAuoicvT2Y
HpvJssnfUR3tEwvSmWKYrcBFKuae4hpQ5JqjtLnju6M1
73tF8uN3BwVzUzwETv59WNAafuEBct2zTgYbYXLggQiU
mMBkKDM9e5yk9wMcQAkFhCy17Zyd7MLUz48ehtqjWPW
DkLRfGqbABDaYgqdqmq4KgFmY5QfBjZbajK3SrmNiVEH
2KcCvxiKiWTu9XXLMSRnNqCgvZaLfYLx4aiecPJHqjrb
7ZffkAy2PZfKo1gupFgvpx1auyrsv1devo24pVtUMtyR
DjDHfwShdrvgVJHoPeGX3a96aWrArhYPpgJvg39QmHJ7
E6BdoEi3My25cnxbW39kHPq1Wo1pnqU3GX6QQP57XajV
9MSygCP2RKyYEK4xdCtASEGgnfuJYgcg48khe7oQuxfW
QermhurVSebxf7aV5PbCJ16EMLtjShpyFtpifUMKeqW
8jM2e7C64cuhLd9Jc2UAQKUiCfgB6nP5LiugTzwoeb7A
FiXhaZfHmG67iT6CJYmsFT418JrfVKbe72LwhE1siV6M
4H389fKsqzX1vHGDrtWDLUKLkcmMi4aJsA7srHwZto5r
2n5PbADyQXeCMztD5wnZjF3Nn2w8PmCmqSQ68TT6Q6KX
DWaAVXvNg9NcNUPLCwRbAhc8NVmFzSLPQCFuwkxgp9Tk
51oET2dy4vCmZ1JMGYR9hbsvsLng1vcLD6z2AZp1uq1j
DCGCaZhzfAXghiAAsfbBdpQzFwYzRvbVJnjUebxEmSD5
EoWMun6oMxKTBCTGJ9nHxmFuY56A7bVxk5ieJGG2Q1EY
8bXJ9UEQ8RUFw2mpy8eQYb66oBu9gM2z49XXfsHB37Pu
5tgZmrCGPTFsQcsb8zswLfrGuYiLp1LTuNPBvfrQb2Yy
AsxYivuyVu6znDgnwenpLSLvkZDua4mGKxTvM2JgoeDU
97xAKp8FjyXkiYqTtYWN9ArD7KxTevzaCAo7VCcwLAsK
2UXPd2WtjS9FzskPx59gVce2r6G3gfSPP5w4RjbSEfwV
7KbmFStnBVAUB1NRKuNFdhzXtj3mfAT4jHLXoFvFFSaS
9KZDrAZXdS27ayo15w4KrcdfVSf3NouX2az7x6BEH7BC
4zFeyGJQLckUkYYKsMiHCZwMeApJ4jHHykNWovKFaq9Z
BQ6W2opUUbyd3mVpTX1NRgFWgqBxyt3FSLfSR6TXQRug
Gg1dcDi3gUqt1DhwLKgUWRRdpjgwqVAzKDXiKkCpd2H
HxGr2AZnLhyDxfL6vGCgsVpgHzXtgtWjZyNmPFvQNsBH
6Uz21kYRJkMYayehzi1VB3Ub5zojwVyGhcdMA6Stmp5r
H4Z5MEqS9CvjLzKHyMrQ2XkeZUQ3PANyeirkRx3PTGXP
7fK3a9edWt9jSRa3v9Fu1m4ooAgPHUTH4Qk1MTv3T6s2
Hi796LWaVAcny3Qei6L5uDZxogeXtXK1TN9j3zexzwYE
7BniTzrcyLnUKtAqjzSJjMuQkh2QWx3CAEUapuuk362w
E6cf5us72RkxYu8hSUX1GNb1smNVAJhtDd1Gyafzb6Bc
Cyc13EoozWsKWeF9xbTwZWkYTeNcrB6VeyhYEpbe4dS4
3eucHmLaRJzL3d3rzYx94KvxcVhR4ESLo9R9hhb5Snbo
4MYxCzrMbXFaRAJSUHS4TBcVpEcCshbdvjFnR87oZCre
Bcpg8YVzqUNPHxeaqrBDdm8Q1euWN2DaQRmU6Y6pWosC
9ymwqm6YBPkvFdHG6roafpS3scTPTrC4GYCot1hMv1ye
32ZJNMMve28xknkYjZUvUJ4s6P7YMvE3FdwGzJFLS3CC
48z8kbnt1GK1cxD97YtMLUGj4UtKD9fYSvmWKbv5q4NC
92JnT9ktvUSqU18U4NC5TAcNA2ASc3bwaCmaf2FXHUR8
71j1etN9ACqaSFPkRLFXBaL8tj1NQboZrBzBnYetj6i
2WkPKh2HqudssFdhTJRdj5q44oTwZrdPJQ2hGbgwMXrN
F2E3GcXewJR4WfVmLhJUgNK2aRP46s638CVFu3oFT7ap
23XNgo4x5FwiQbN4TV7MZ4ssDgQ398vrpkfD8F3S8KTj
FpSrQMhnYa8YRnEQqKstyi8DYsMvET71CPfnmJkBSSP5
FA23y29A6AoqNmeFf4Kx6wj8aSd9A1aRZCxXNUb7fU3g
64jCYfpbcVRvVUbntgfNVxNMhFXFXWD19NQr1663MB36
7MHan43NcHoZE6rw8FJGC5xn3JkwEHXvacwLodHqhqyj
D1YysSgs1ZyqPogHGo6MyBt4iCDRzPwTd9g8ywFU8kbk
CakCB2mYApvhtzJWgmejHjuTAVDGbBk5zjzrDctgkxjM
3eucHmLaRJzL3d3rzYx94KvxcVhR4ESLo9R9hhb5Snbo
CBs38GrLkRKrf6ciZkBbD14BmW43nLB5Hj4BX7UkNhLF
B1ZV1ac6QYX6AAbKBnezBH4CaHzX5g4XwkzofNS4kXvv
51oET2dy4vCmZ1JMGYR9hbsvsLng1vcLD6z2AZp1uq1j
FVnQJAE81hKFcJ5SiEJ7mjHLiunuzAdJj3Lq9vyJ9fSp
AcTz4LZcyNYapAKzSE7tuhU8PcvcaRSeMskQYNQzEagW
RTY7RjhPpDabh6ky8mQudWxWH9XLZLCRPAj2CqRN21r
BVFTQzEas8kMPkcugksaTTuLnQJ8ESxtLryk4ngdyvjU
6aVxAU2nNjSUmDkSy5zgavKcZNKGov3xhi6tUPLnULLp
73tF8uN3BwVzUzwETv59WNAafuEBct2zTgYbYXLggQiU
DNNUeQwDBnWGho8AwGJnDhVS6PLJdMaq9J717U3UwNJG
GTNaEeoDEw5Y3xKDDdpGVnEbVkeqVvd3DuszppWs2edg
BVFTQzEas8kMPkcugksaTTuLnQJ8ESxtLryk4ngdyvjU
G7AoeZ3MD3KBwFe4gaRdbnqCceNEsUNSZZwgDrbcBPmH
HGr9BqZEbjfGs4vZMaJhHt4LAtRJ3UrNm6B44bRaTZhP
6LPPpRg17Pmsy39efw3hEgfXQsjATUA8MfTih521iHdL
5xuCrqwAh1Tu5MsXLXtpnX6QAYuZ2J5raPJamudv4Nxe
B5wGRziAmbZ6NMGwatX7s3rp9tWzDL3fEJojQwh1JREe
5tgZmrCGPTFsQcsb8zswLfrGuYiLp1LTuNPBvfrQb2Yy
9jdLQ1QyC43uHFhZVB7cYLyH8EdKyF9dbXurbmXGUXJU
B2BBBHRthcSzTZPcuJrNcXvSA5Z2wXUi9ZoU1a7aVtcj
CmkTsDLdXLXzqsdZ2t4FNce3phcYccPgMtUekdMZnDRN
86nH1NqumMS29x6obhV31NwR5mgjUVnch6QymvjuYJEA
F3hzbLTD75Shbpyu8tdztMhSrh9vZ1qMwTCopx57A5wU
Fx22XUQE2NaZ2oMEPCAzyYXwqnMGWrKDFGNdqPi1pdHh
BVFTQzEas8kMPkcugksaTTuLnQJ8ESxtLryk4ngdyvjU
AkdfJa5NmE1pQt3Ai7DpgDg8kryN5qTZirp6LQcpen6R
AEUto3eFWHLAmmVRq3Vo2fmHXwte525jQGG6D7pN4RRd
EAdQAdc25Cbyyo6pEjPc3v8tJyTnBNsF9VJJd49RvzoS
GP5wZ1hEfpD9TxhZzPGQVWSS6VVBaGY7J6dt8KeQuPxv
7Utjn9SDMwnHV56hqvi9TwoEPTvPG839oBLQxuMwVZdX
9eoipVxy48npF4twDmJMnykWyo8ouwcHGFuZ9b8vqhqW
2WkPKh2HqudssFdhTJRdj5q44oTwZrdPJQ2hGbgwMXrN
4bxveyHV7b25ZCh5cJvUajTyDh1VjnPVqv49r3Dq6niM
GrLJKhgPQvd1fgPeSXS8PmohchzadSrkNotp8WBctQyh
D1J6YNBnV8BzUNGHDEPPxpJLmDhvZxhX8X7cSi6kaoPK
4TSj7T3Rp5fWFTEhY5uvBM8v1uizWD5VUGnxswzeDSx5
BUdpRNTSxyZZXtecMuBU7eB2x7RrwHZDPzGGUwiZwZUo
9V4i8VdxEHgjQFEKdXT3N4nFKRtNtkKCzd17SjxVWLSo
Bt2JzU38jdEfQJB5DGx5JgamK5rg88F2DGDiFjZJEN3z
3drUNCHxRg5gXoWSH4LonRa6TdT8UCgEwbbjweABV9sq
6uVTrSyJrkRjfjBn9BLxTdpEmUTkyzMmo1DXWUoinfhV
CYVikdfqKK1SmPasR93k1p6CntrmqGW4YcoSYQQ2TeVp
