AZTfE5GprhUv5Nwk7kZSWERKRMjw2mUxXq45L1wp4ivp
B4rMN9hQoVGAaioNBSX5sWK1MxinCicMs75psTMBRzQ4
CM2UQdicW7Cz7E6cMZY5WKfAuem5CGi6LKKGLKto5R3M
4Tj8SfxMbYXbc9rSi8q8S2Tckf2dom6crxKcNeBHh41m
67JHW2fi3VHxuescvyPbzTFA5w1EQW8ffdnoTqoWuRBz
Dxh68b93zDS94AzboUE4wjv1ioaF4upxCuCqYFLTX1V6
GhMPH2haygoZjP45Yetx6RNJg3fqLXWgxgubbjX8tHme
FbqFgDkGMbNYd6FowtyP3fegBkioEx57xWG4VDewg6DQ
DEumiEp8UKfQZpEWXzHU2bodhoqvWRLgejs92L8RRegK
9BpwxMU8VhDJCkcpWxXu1hs4fXpN3uH7YzjnU8yDdmUM
8tPhf6c1QyeNXqAMJZsdDVzySAL4AiMWUz5KGQ3iKvUH
HsQ65yzgmA23h7o2saFDdDAvcUzEh2TM1fL1MyHKj2tt
HBbM1GDHVSkjDLABQMARbXYi8apnMqZxpCLRP21jPCX
5jmSJgtrkbCQBEzpJseMnsQwiGPYrh12K1Fod44M9upC
HXgZiHNuRnnHGjH7ZnjqT6WWUjqMBe8Q9SaNeUwK8iDn
Gbo7Lg2SEgwWc2FsnDDFFnj83hVAkzLwtdkQE6jSEQJG
3xqawXgZyF5jF3TFL4waR1TwG6LWAHBDSmJfrgn7sAHU
3DPb6TD8wZvyXYhKek53TfAEJYdufgVNtvACzVYuSJLB
7B3SAVmTtmL3zkcha23b6RsgwqAs3Jp6Lt7ZnBJMqnZ4
Gg7TDjebdCdofe688zFunFuBU7JmzrncJiDwbdVGj4w9
6W34CaWnB26CR6PDKJpz1zFGgmLrEhLhfgCkJv9v1va2
9QR12qmVwL1GT3DyzPBgNChU8SNMuK6UV5bGpoS4vAbx
DVDv427cH7SbazW2W8pfMuVcvKNcK1oDvNyC74DhngB5
8471GTpWkVSGe8TWZ9JkqgTPYsRnB8etFkYBoUr6aMQ3
Hvoc7iMiz7SvmZetqUaYuZV9j3qtXXDRqpi1ApHyoqEA
HW1oHK24ouqMfWmeFZh9F3B6sRAoJ9UjS9HXtsJoDrrV
9FCiUV9XjKPKhwZEiDPsczhgaKfnk4LapMjkMhEepfhs
7C5GhpRiDKss61igqx7K1Ea65KUnEyUfuURj8fvikV8W
9Q97vEmnUVQFj9f5HUp42LoyRqRtwxH5LDgHFPPwpLMM
j6dUwoSaPEoAtL4umdQLh2zmiLRDy29nGWiLwveYPs6
6iMfnvs98y9mgFqBfXygmS6eGn9m183uCmWmkEo9KWFt
AcZ66LdfehDYhtSWnvosf6TmSPe8fXEhp4zxuCXuCWqs
4DShpibdxTiUsq7bZqPJBLQASChHSKxwrYs9E1yLLFkc
HjYRMQsY6agSnq1yftoUfUdpkjwchhZ2rVQfi2QQpQkm
BPY3yczKhTxBJWT96rQn1tYpH9gTcRideRvY9TzWJ3Uj
A4UewiCJn8gtxeYuLuKG8JD2XGDmERwNLuMLEvLexyoz
9cnEBcDCD4c3uufB832MjmPLUUPptS96yetgx8nR4VFD
27mjgRv5KRqoRdH3vJH4t3qBKcCZrhajdXvyr2YTsLXB
4q11BWmvAcrJMLpeRYs8Jr2kpY2vaA5T4Cht4d34VXFq
48YSX3fAZ1DoFJKozdiriWFHDTqVJ1uHkXR2kFaTozQH
CeZftKi5qKM7TGbSiXn9EciKYcrd95LbiwFRTks86Z1D
EzveuW4Ka3FA4WKYFcy2oSve5byGsRNp4P4LqSAWNFr3
5SauEbsp8moXHVY4Sy6g6XEzY6XtCWdruZ4sa9MPgabq
J99prtzcrcZGP2SVbG6VR9bnGdcvmKuBBmyVS8kReU5Y
4SueZNeU2nWSAj6n6o3nVobEc56UqPDGA98skNj4f8VZ
FgsCyZKPJEacHTJVqUAUTWRAt2rUmmdbHvd2fSM111Up
HgtQ7UKdVGvX2aKKTY7VDHN2MMcNZKArJfo4DEUcQ5eh
3eDDMsTti2dzFaY1HVtaUt3a9x4qLGtM5MnMRdWavQmU
F9RMkGFkHVA117CjoZ9CZJ2BB4XQJutnxWd4agtNT9uJ
6Q1aquCWMmgoP36eU65dUDwyLaqGaKBbZedU5wMN6QMY
AM2KDxhwoqtfwaUNQr5E5Dr5n4p2bH3c4EVLdgPW41Yn
8zQi6bww8MNk2bzR1GvKycAURwtKTzhr94ob3n7socLf
GCWgvEZULqDsEUWL4eKDj82LjzGt7dz3YKoddZf1vzZo
9B5MeT5S2BqAz9U5ScR8Ys6oYYJNiXkEpfyrEZiNp6GF
9CEiE91uXcDzeAyHX8uuxPgNcomGbPRXua2zyW2YYh4w
GLG7u48YH6aibF9Kpes6QNQJtfVfvEyHpFAxUXRgn7CP
12r5m35vGusHf6nP82JhUGrXdsGfDfHL8gkkw5ecNLBX
7mf1eoazJQNnFV2sHqLYhSrK6eTRjm9xhm7tbZN4MZur
DjZJ6wQRsu1iSnHmb4qCKhriswUdoyiPb9jvwPNhz1Xr
GKcMaGQdXLhgoVSqVP2REB7SinLnPf3jyqqtzhcss8of
57am9f4XM5YSJK4aaX1J4Y7s3iFLuUuuosEBN1HyxySg
2Us4YUELq29g75rXzso7Pu8VjsiNX3vbu7dJrEJxBicG
2xVYQjmu7oBrD7t9T2XL2PRbBQtis3D71Awx2EgNoVRJ
GaAQWdCx4ZfJnK4SQWZRxvSrFunsgntAkLo1RmNnTGHE
44C7akMa6qMW2oU37TVCzH1x3dqEJeWcjpqp7ud6veM9
CKzhaq4G3VNiSdhnKmLK7L4VNdy2EHY5RNfgVLupcTB4
HmGJmwZsT8N6MxStaXm335CHLwKYf8TZQo2HPv9kFe4t
7XTAqaHRvqbe9GoWUbtdb5reNhDdLcfXmoZMPMDpxy3d
8MEtgL2W34FggDxNfnsRMtuiGDfLu5k2nADbh4vKWT8S
FZtA4YDKmronyZvW72MaEGxgobcSh6niZ44cHUSuJ7Ci
6q91Gd6gNVXiqWnNvt218w4AvQq3PPeLUbvegRA8NPQu
ExMD7CX4ZNhykdvB1tQDqpS8MLR8ZvpeYV4QR5i5zi4i
242qGtYCfWYyEzhWZWuufxJN2EW5JeoCaizccCEe2KCd
2MAZwLSg6B8cwQW8Q11jUBjjeigiq5wwH7YLnQKukz7W
Bkmeoqdkt45cxAG13yGHWYD7HD9xAbTpjujjm9Tdj6N
5ehJSrdKzWgegDrEPrxJQscN3fJhVfzuQDA9Q2ZVtRLN
AxQovszBJ9QZL8ZeP5W3XHa9PpFjNRbxuxXfEHfp4Zio
6frSH94g387EuQrS7B31a47RCUzmNc5Rwupw2TvZCfUg
9XcX4gk5u32776qjYQy9YRJjUBbxd1vjxUA6fMkUZ7vN
2sBFPZ3NSVcFsp1dtY8LQtAmv81BxnhuNjppYuaPneXV
7T6ZCFMa16qbn2t11XV4ck16KeHZzrhojGdMyAKJSjy6
BQJ25YXMhRGEpWU1coNC5PBLJXBXJk5AReHAGL9n5m3a
5TqZKWYR8WZ6wwzJTr1dLAek4nZZgqcngo9Zyb6gEDi
FASmQ8tmx2MCRrZfyzFYS34x9LqBSKDXRJnzHiXw9bNs
GA9rXDMJUc8rdeu5E3CPuUayhG4CV7xmqenFE736EfpW
5cvd2D1XCJViwj1qYjTX9VMTcNujY633kpUK5W8TWkst
CJLDpQehMb85jU4paijcRjKYsPDTKyPnHjoT3bYBrj7U
493zNNdgw3jo9DWHpb2pwiiZYnsSS6aAx7zKdhr2xRx3
T5SJRU8PiRTGuzTd6K4gqmhpNewcTjxNMruFz5UW1qF
7xTmbKeBbkJ1FCVF6hAHZgnCABUh6PaWRYgWNK81w6Hj
9FxA8N3KvqHfiy9N7qdp312Bq6vJxHFfVnXrDDy21d4B
FTL5w6NPpUTLnyTHo4LmW2AFQJ8b3HL7MXGdn4Q3XzEB
PHPyPLW2Ut5vXGasu1xx5v3JRza3qN8ksJqfwAaAA5c
A5MwFPR8ogAryr6uCMpTkyLXR6nnMZ57T64ge1tguZg7
C7CiNrgfvLAW2tpXE1DZcqh7xPx5fEYVLnC8fV3KbBoE
4ZUfpocXETJciS4zjFsTRCuNMXKC2w3tB9v5PrtnFa1j
12AQfzo8Nzy9ny3qnzwwNvkQSydqhWG4TCtxroV2Cdzc
ERtrwjq5PbL2vdWTddFK1WqPwgfAdVAVveH1LjZVNtYJ
ChRnQFRyjCa4ao9KMye9FTyCoKvynk7bx1sFNuEE4Kua
4ZRxgaNfPJHoQTrRHRYRDyq38Cp1vayehGqqJP7u8oF4
4YFLvdykaVS9CWDX58VnevyCNEZ6JyqKbvSV4aeFC1Yt
Buyx3MsJxgz3qENiRxpJPEbs9m6hJr6QiEKyazC4TCH9
8BxTgYWpBmfXAvVLGktcMJwxNAd3vQZ5s4XMPvRsGYLN
5joiJUYReq9P65CFMuYDX9dZMWEthcXV2BxGoDnKSr6P
6uieqxyi39RVUKSTT72Ms6Vd4WsN7YMz4YwgV4ewjqt2
8eduaX3MAnsCnyi5RKWV8G46Kbmbe4WaGif4fnVJQ836
AWSuKTSKBDWyxNzhLbnLxjLZ23gbvc4hQaazzZYvZTXw
AZuXHpLFWtknfVVLSADuQ2aPQzb64StJJzhzNZ6gDWz6
6eVNVgQairvTRm7vnya9BnVE62xE9dfGRHvUFERcpdyd
EqzgaiCfh7SM9Wh2WKUVazegptQ2nHUe6MD9su65D7iX
4S3KaXx1T5K9x1gLVMaZtvfoaNS2hue63grXPk4LNf8C
HU5LVNSRD5mf79dSvPsgq3733YbBfGHRaFoQENPyRsa6
B6vvhVYSXvcoWzeat7scyo3j4ZFx56bv9G8GtXM7dtkn
3LmAmHeDXrZk4BPVhQ7qgFoKBgA72fp4anj2bQRUSYew
i3Yz3JAaWhWsNKkncCcReaNFXAQ7nwZH5B49GCASC4W
mFZFf2kDUUAdGdtTmi4PruHAyVhYmgeGQbBshEpSQRZ
Dsv47zmVuGPEwX7mmm1gzN3BVrz2ez725XCA33NtyGfx
2PcZBJy2wXdoYG4XknuecsY9EBgT8Rk4sFUQN2f1pkrA
25SB3UouCWrSLCHzmiDh9DBcrRQMMDWDqw9GondYUZJG
PCwu77k8K49XkQNc8MkGAcjY6EkumdyUhR4MQXneSS4
v3Cz8WjbKDHUReP9tdr9h9Eqs8AuND4y3sXMcoH7a6v
nQ3SMk1XyWjanK5hZZzgLwyTKb3nDngkmUuCUNJvt64
8SHM1D2PPK4mkCxyyd1kUqHm3q1oyMdwtboquCp8fqmB
XfxE4AQdpgjPG5XkCax7FAkGeX1B8kvpowUuCt9zjv9
DXpCfMVZBgkWzT2hHkdpb7649XonZq9FBw4RTJSZFcdk
B72DikQxhsKETU8gWQwseM42jRPaqL1rJT7cic1B69mk
9Cm5ZuRXzHTFmd16bGkyNndRstvhCrAfnPiyrwN5ccZJ
CZGYhZfHb3ZZGsf1XXrm138zbgF79JqBuoLNmPS6BtJf
9mNy2LvtZ3kB8CrgHU8VxKvEqDMucRPhU9t1pCrcJvvj
7NXkG3QDKUxjrzeibU69YHKuG2CiBLUJrwEudZ7UL4Eb
4CtWjnxd2VbEh2vMaDp3EHRhp5gixJHrg2AooB2Wh4tw
FxXYvZm4pL6NWQK3tx5HMNMEVHpWPu935mFY3cjFD5hB
B8qdMbzBM9SSme2uif1NRkDncvqakhoByH4svPUL4ECf
HDWsatpe3WWyq1KoYFAahdmW3RdsCwzpzFzc1D8iW4rV
7UPQQs5PZZoNyGuKMF9ApvaebYZ1MRyoRnvFLsxZUQQ1
Ehc9ByZVoYgGHpe2A75a3FX5wgBwyh7JfJDakc5f77Nx
FuRtvCU327A5Mjr8gdxZ39HymR1UgpxYwXPU4k2f71fh
8x3dVLWiZH82dZaZ6SRF9LuWNW9Fk4G1Pz3vjbVGwoez
3EzWskvMEU5sjRDKqfxWibrjAzHn5jhVq6atyhRnMNew
9G6e1aYw7XZdbC2puFjquLQThFRuJg1FhAyXrJTGqr7d
9ZiGHWECWUtRwvRAfEBr7j2kXAqMUxHGKyk5wf36iCg9
8EYBoM98VDokzMVwF7fbKh633g5bpfoxGVqfYinGdxHH
BN2y1xKdmAKsAyJQ7sBPUgvhD9utFYtH5CBh17tzmEtC
ztFXxTGt32ntnAcCFCrPt2pXaqYJz1KSmn99YCNEFui
BEMwPGtesywakaegtzJjDFwxkDKMGsPRpjJ5giJNJbAq
DP48ZxWtaULxvWagnvzHeqhrFq7fjJjawMynrANoYAaF
AxcH48Z1PZkzbtVvSgo9BhX912YbB96BPuvb3vp7xVCJ
5Sr9azedGyxczBs1r4FrmZrqVfgVFqUAQUDizHbjRfTL
4AvqGgXrcbMFaZDgTxE4fFBhjtcC5HgndvPx1pk4e69t
7EWCMFw6pnFnkuKhK4okD12PoJk8darb9qMLwmhrhuXb
C5CVPvWwpEMh7T4ADP5uowRyEeXGCbfkGRDyJaYywoyv
54zBE77hyANneKbzK4Aq4FXbAYq58Uw19d5h62E9tGMo
67DQM2bqazSAawfXe4XYmipN9mvjZ4Pz4589AHvvbtbp
DfgKXf2DCbDLG45ap9jCAr5Ec1MdfvySNLieNWhNGP3x
4ugtbARErXnhGANka557sSsjAQc8146jqnFAWe4f6RXy
ED45FvQ7xy11tVHQkr9zUK1vzpFihiZuEg6egNxSjnMJ
AhcGymGgfTGt25JmWk1M9Bu76gJrdYbhpeVZ5GTHmJnA
5b7285F9dZPDeRwoC14LdigypcaBKpauMFAG4VEAaCyw
GGTSAawmfGcZiDBSqCHBKGrkLJNEtG43RZcnzWdEQXym
ArJJ4ECQfaUAXfTjVWTZQcAuFtq3zHieYA2adUR7cKdQ
9SyKHWXHdavngZ8938PEL6q5NSdHm81z4THQRKENbZy8
CVGHQccXTEovzqtPK3tbnt5uXuxBGtkFHb6ogEUbp87B
DJ5YbezqqQ6cnoMemVb1Y7WEAMhC3GRniQ6dFpSc6mXy
HYuxBXRaXLxuyLv5pJQ8MzzHLbUquNwFxujCfVf5fzdc
GDgW9bMT36DWupvjerfvPEqz4w8RKLXvPMQdY66pZSDy
Bteer8QjBqATn2PWzez4mELVc9tt2K7QPvmYttUsEdvb
NTH4kGVK83xbC1KVnuhh3ZuKryPdaQpiFJ1RbNuJv3f
BUjwHz2sy6WpajEKY1eLL2vbJcUCRAg7ySB1opXnp5qo
Gz4avGBDskTsnu554CmnXqHXmQLv4dz14H7aVssLv6CD
DZWtLyoMWUwjJ1p18vcvUXf2L7Py6Z37BEAgYAGNL86F
9QJZJNrjyRX12Rr6hginyaqS3FLkp1KS3EYYN8b2nojD
9j9Yyns1tiDPpDFQL6AHNM6XQZuJryL1CssyhXQAM5Wk
2UChvGbUZS9wASBrbTW4Xxwk3BiqJkhHye9hTnhnR9ZL