AWvmcvLWw5P3HgwEGLJfQnXHwJZmW3UrNMdgNFxhZ2U9
5gjwK5wYoVfAo6PBpWt5Hte5MdYwwY3RLtKw7Bggstk1
3g49tYo7EH1qVjcky2BftvDscZTsCebbQWeWztDnFvhc
GqVaHxTnPZZT9k1xGPfFij11rNnUtvZjLZ1VmSRLjKRA
FKWWA3mF1aC9eDqzgWcMhxA7TzS6eS9hT7QMaHxRRQQy
B6iYiss4MAhWc3FKmuyY649WTNdABGS4i34koE37d2Pf
Da6mNfrQh8VTcEx63JZHVLxZvkcEgQnwTdVqVxEXHvWe
A9yu4T3yCFeyLdqjs4mV8JEhcy8VSiZTtHp78GhnTyYx
UgfZJpG8CEFeeEEMcG414ThRda3ngE7nTHNKDabVESh
3NagVfQk8Yyc1qDvKaUDnoks3X5cCRHPeKBmee14xBqv
5ua2QxTw3AFfZRTnBBf82MfkbWwkCkTRUJ26qaweCkwE
C18Y3u4o6h8MWuDsS8HtNgovidnzFXtwWXSej9xh8hFA
Dro6stvx4meSKW5iJxSzcG71YDhokxBZhXSBsu7BY3JV
FaSFSSKMQNdchNpxgB6tnirUpEphQ9Xmf4Jwio7tB1T6
5jxfxmDdvuf62ETXzb4xNim4KPJm4fZG3VwiiPrCX5kG
Bpq3quSg6x2CXmfBKP71hZTuaWQkANZSTnrf1FawzZLk
8z5nc5Fp2ad8JtrvZm59CyftNF8wjfBtdjoHPKhEyQty
HskQi8iYshbcQrN5FRFXBQ1PdFCEH4eDdQN7MYBTDVPC
6VKu3MjtouEUdvZ7ELk2biUsX2wztQuLgtCABkcWU79g
BGvEHcjXLqqw66GCxm1QRrkxK9zQtZaDM3rxhnjZvZ66
5t3KTS1eEehUKPcFrx3pXGEyT1WQFpZAK72zgUqJ1wSJ
DuZcVyLpVE9kH3MHncEvuHCVJyH1kCncYqFZZjj7aovn
62pJfU5Y2XyKd3uvnozEmNqEPHASE9CvmfbL4zbJcXpw
DFEj323pohnn2sUYXShgvaQA6dcQ3Ts4yMfoQUsnP7Nw
ExWkw1KsEjZe1PBxMNMrbXQDP9v5Z6gnXJRQLQ1aomzA
Fc2oQUhLKHBq9eCPEMbWzwh9kmk9V8GQYDFpLnZ2U35K
2Hkxw685ZpskEo3qJ6MFr93QuYNkKAHTRXqULjRQvp4r
GjaPXa6eeKNcagGFpXhJG9VFgVwkP7bN6LLg8b4J7Wr3
EvFN8KEFEmzPvhtZTv6jN2wyN7TaNohWAYzL4b6HoFJg
89TrZA8r7J5t6Ewc7Fn9FwzeXLKzPtwuwwSnWEDGzgZe
5UHxswHP4tUaXQuY4MTzYjw9sF2Ckt4Jf8M36CbJB83f
62QdUrziTmYMVb31KGwFDHYv5aByfbQdeLrZEeQYkzBR
6hoHJGKtnTio8eVGN6Eig1WuqWuHQ2vhPECsvKgAUPZf
2SuhfJZSPYrdU51nBk3wjeu6NHJQUHAzHMbtFSpAsCnE
yHRtWtLpSGZE1CTPnq1rk82axFRjikG9TpDhgYF6q1B
HTS1KNMhjEHv1xjnPpJKa9CDDU3BGq8cbagqeAz9toef
GXgXyrbeV7EChqUXTzUghr91uuQJSLDQxuT1YPaWwF4i
Ej7Lrfpjo8mBAokm7W8zeFLe3WXQVzh6VyW3FZqFhHxJ
9kVG1UVneWKbdk9mxAj5CVQX35aETBXLvuyYcBTr9SND
22HUvwGkjdcTj3HidPHw1acmxw6t2DWWuqvBNL8m9WjT
2g4Vcu7o3jYyuuoZEvHroPGfLmAkydi5PBv2WA7dFDnR
9t7hcwyeBDxgxkTSZApF8jWzyhg6JFh9Wzjs6KqzxM98
753vM57j8XYorXXizUAya1QybyYKMr4WPCAQmBJaLYVB
Gz8LMf6qRiXM1kCtMGNKVbheCg1Cm3NVXKG9PqGvZswH
GxjCwFu52NWx2ajNkFsAtDgRxfXwPVuTSgq8H2Fy3cPf
DuGroVh1XQENvEx8vTGWuyGyw3QWwBSXfqdV1Wjf5WCd
BbGRYBBXm64vt1qqxmsyNSHfKH1TUnpNVHF6j1rPPooW
AHHBo6MDHrNAPmppu1NWoNF4NQrVgf4UYPT5opWeRBxE
CGSwmVgzFWNs9fvkhSqmRFhPsDu79ggEC9isen6fwzJC
A8Dqo7ZofY3ZkGsrnBCW3huifNqkLAVPofLjtuvdou3d
CFwaQw9qRCqZHJS3cLj3bRYQcv488eukYWsKWvfF48DC
8T6ZzKrhhHumms5mndVAskMXBXTWdgcedsbVxVbqLy2F
5fdGRDjHdtntDoFFgge4qP8WrUSjMmA1o1ZyxCNuzF16
5Pz6ZBem1Kf5DYsHpDBegA6DvntRxfd6K8yQj1AXMdZ4
J862sHZ5tjRBN4VFtVWUyRKnSvKdwLSENouQt6HLDAcG
9PV8wRaWS8njCuyNBJL9G5R7RyUKZw5CFmwAiPAvrE32
CGKwnbkAmTdvPJiWAYLiSXvbVcet5WB5pDr16ZowKP3R
3idMP6GRUgQq3kVVrUqmegipJTdK5xzmcUUvUSQ9FqEt
FBHknPUvWUHejayKq2ZUX2KyxbA3jvA69nA24uWRiCzM
5Bi17asL4jCXANoqv1jSyyhow9odZ4fzTRQMGDaab4vT
9HmHCRyH7Xj4fQ7iX9yVNjVnkzwf1BKeMgFurJ1Jdevi
4dSUfqPwih1bMZQopm33xEu3Kqwp4BwRYoA7qreZzPWh
51hpJ4fk9vrKQ9DpKHDRVtuccFqwXjPqyRcsGuiwNtrU
DUkvNt34GJsdYf9vzLsLGZAHRLZBrP3FnmsG6bQKz3ob
FEvcNNCmcovXVzntvDqfN9eEquqiUMdQCj5k55jRUGPJ
3oPV5tFhLX9EPVFBC3WPojfc17c5TsbCwugzhvzdc1PS
DfDnyzPTfzrGP29YpNqY5LvuFYQdWfrfg6pF5Rdm8UFQ
AAGJfe9KC63XJ5qdoeAPfNWXVUjVAnNFkCoAdv54ZFih
DzsBFaUq4zSjSmWJVyYaBQSE19M7KirbnaGk7X3jXUeu
21gMmbEkoV1JfyNdWH1VwdWK65Psi8N7x5YciaTjj6BJ
7bFbT45HyLyACPTVL5dAkTZ2BPasvSe5VQtWvvUM2T6J
2mpaAFnyuTn7gDwHKWR4jAeKEdZ6LLuj3eHpJgKBpDoX
9LvnH4v3qfkdaJq6kqECAg2UiLW7EchE6FhN6FPrdR8Y
CbV2oSh3cxXDMaFfLiCQMfaHKjN89giHM4aXiZYUjtZc
EYKT1NAef4gNXUg5r6mkmCpMkfg7KB6KuAU9Smfk4a75
9bXV6GNQQMUkzxzMSAMysazcdnGPEfywoLGYENDUDLQX
9SaGTzgCnwscWtfn88GTj6h7UoojoRUVRsA1p6eyfPe7
3Khc8jjojZqCYCHDkrGWKqnXDLz2nqAeGS4tupv9g9pQ
EjGEXkqUSPsgPL1oYfddpqdzBi5k4gf4zpEWTFfYmtb6
4kSunDdJZ6CadjfdALNquYToNoTL6Yi5Hbp3rkqmpwq4
9WsUDzro4d2jaD6MeAgGsx769i1RJ5juX39A4r8oC27h
6XNGYaJpafEoJajbA787FnLG3cRSQY9Yga4xYHFr7k1R
BaXBMq4wcrUjSRYhrjaJRQ1Kg2SziHZ3uJjXng4ifS4n
8s4REyaneVTr7FDTLps5Uc7VvPVQouew58Vpg1L9zE8Z
CxHZtJQKxfYkeus4banGUv3HJdWsgkWiyMNo18bLpL22
4AVpU49HJ6FPN7hDvDXqUAdS6Z3c8NxQ2BeT3kPxaFHQ
7YtFFdYz8zup5uHGrpss1U8LUmRgYAgWkJ3RHbQWx1xk
9SjrpBAM8UU25soF8WEnj9xzu8Xz9CrShCKXiYgYqmTr
4DCpgbQpoxCe5o6ZhXN3rfk8wEMNRMafanZzVs88Qfa2
5Wc2i6HL5ScJWcwMcW6CRuZv6VfsLEtXzzFaGEzWxP9p
8bCgcJRjRK8eGzZBAuDe6fKNLrfWM4jTou2cimy6HQw2
GknvwVVekH1oy7mzoAVGW4tLSfZenombkxGzMdesG2Q1
DxqEqpb8xbQxr6a9FYizmRSTQvrD56fP1ewUyb4xdSs5
2i54LcaHmFpSDu3qjufq3C63To9Ypk6PstGgZmRC2B1k
H63kpjqWAEbPTVrj7iik8HxLdWbVYTXHAAFhZXv6P8QY
9rQD24F2n3SmJCcMzEdbaFTYzBEHG8ddade7YXDaMcYe
Euit2TGHQEDQr35VNHizGbnNWdespfmdZazmva2tsbPw
HSaE4yKNr8C4bnLQBkuuipBV7iao8EENksWjL9jMrmM3
GZPHUAz6teGj4q1TgUYZ4gHweNARPbCzE4rw8uDnA34M
FYehESC1zDWZKEG4nsRpF8w1XtZYaDE28YZv6f4rbNvr
GE8LUW63w4RWukEBYACgEfArKMqrcBjeZAXn4UAKAnV4
4BQbhqork4oaHcHWiQXS3xLRjS1g2T1jU8nMQnG53wsD
F6dbnCzAX7n9W9znyoBHomEQYP5jXRo8MtSD7NoZrA5
6z6mot772en86i5MN1Do5hrADRch3PLRwahkZTfCNHt2
2i6GtRYDW1cstCoDpuRnac7XzCbDytkakXArUFosUpY6
FfsKKxpZXS1fFkhPn4RuL11UwKPvFtHr69LHm2MjrUg1
DyBS9NbSRaoVR7HtbR7NgTJFkeEJV88zQri2ryHb1dur
4eSd1ah4n2c6KHUKThuaKVJhpL2QtRgm1AiAvvnVj3Xp
EDceJEmF2wRxUCe9Q227crNHdEwmGyw4imRduaqfuyE7
4TiRMstUd3vFtdVAZS11qdscTURjwCqLj5UMd8DhaLqH
GdUPPCJsde1U5uzx5ViLXg8JvR6dhpbYRFx8T8XhDxeR
7tW7RGt9hy4xRvT8LukudLP2yy9zz22TkS3DhqUJznwb
J6F61MXpr5c7K7Ni93VhMh9fxjbrFYSjLPyaAjLqikb4
2QgexYS6R4a5ohT6Ew9jWKoZrdTSPcmMSAy36BEKjnRq
GmCBrUdh6VXXT52ynfA79r1gzns8wZJUP4R1amH4TwVn
3T7sZzjd6ELnwhwPPBwLP2UEDYD6efkbycJyHW68KVwi
5RYsiqV5MwLbb7oiNvwjCt9iis1Std1t7UhhfcWSQXeC
Cx1ss8PEKAsbCXiAYmP7qLzmgEBtxkzaa4usBAZzH4vz
7HoyzM4kALFeLsxaBQiLDqXmQ9Gmdg6JMrj2Geriuo7V
2CShYQa1ZcXrYC34HTTn37wL8fgD63ejyCRy8FUecdTC
FXEa6gH3KXMqpipJAVboCn2w1Z6NnAYz7KrF6UngH9DR
E23ietuYmtjJz5UGU62qBuKvwXcsWhTKi3Ruh9BK7Hg7
58B3ZJh8ojU7doR8FsT46VPpgohfWKmzHo1XNVf7dUeX
7ejwYiTfUBpUmfEeMpNSA7VbY37Cp7x31WqJkVzv5KFD
EGnrF4LWZ3zWEtHVx8taGg7Z9x7jx6t33UwKTYSddcZp
5sJhytZ4bVjLVuiBZA2bhFqsh3AgXNfCuUcfm9DvWeyE
7AUDrQQMW9RWxMQWTAN7NeZwYHP4HdZgTXySUfVUU6oc
53X7RgLabfrJbjxW5fDsYirMtSpKK3N6E4cV8d6is7NN
GDLap7Dx449YLjydDUQEHwkVmnXW8EMCjpnfjfVdKH99
BQ94jG2cqbT3Fh4oZtwsYparAxEp1NmCYcits9suG2Ez
9DKiYoCUwL6PpnRLiJvfqJ3LEPvBuPBymp85LyfQWb7M
AsuyxQhKW4XrgwLbP19uLfPP8GuYAhuczgQ1mTYZEmFr
44jWpUBaLyAAiR1mnX4YAU3SFQn9GJSwvZgcbaFUcjJz
7Ar7hs2e85ic5JjHK2Qj5c9Nezhe86nAKVDtLDqNnZn7
6sieSnmZ6hbZn9xcosaHHtF9E16ZYBYWwfeatmLtCMt
F1Vta7ZLsc4vYC7ZgiNpdxV41RSW5dnpNiAqftppe9vi
5nfSYBJmTKreVK8vEuYLvMttjNDrpwNBbwbKn2Hoa1BA
4ZPGgjzh7PAjbrugwELrPi4Se91sbyqS5LC1kmAx7dN1
HdefJcYNYdLPYBbRMq4tgvekEDZALqgeCBoqAAe2BMTa
CWMZBWyCqQYkbuk441hYhLKzKHqiYtt8KrGp1Gohm8Nr
7dkHaDgLpmPwMnZJ9yRQdYdqm7fmDNxe5nZi6H54d9Av
CMTswKAwXxMsppfrkRop5PQLCXASxzrP8d3y92Cyq2Tc
DmsnnsMeZDJFcaAj8wuRHJnUVgdFK4QCQRyZwvqdgqJ1
ASC1upZMzX91Vk8M7sqU441KySp1jsuTuJKf7MxcLyoB
9rJKn8H2VLbK4Pt4mdqjhNb1XmoRtxXM2YbCLXpXJUBk
2CcRoVKcq4WR1ELy5Yv4iAG62GQ7iT1rXdNMVV7vmB5r
5r2QaRSJc3geKt1jy4ve3ADeczNgGZE5szV3xzBcHkUY
FMhMgJuWeKAGZ8d11VZNAq3EmPZVZS8qoyngLNRTvb9M
9zyPaDBfkJW8TDMPEyjxDWX5Jx3TSuHRhydM2trjzAtm
EHASKshGjxkGNBPoxcmjnsqQnf3Wi5dcmDX1u9s46wQg
7s8csoz1i7fW2Cd4hXoVmVHWiKjcmT1aZSaZtofvsMyf
GWhjfajx3LRer9a6YyaR3nTzNKQX4ahvjnpcoFdNWDzX
Cw7r66dswrxSGtHi2qT5uSPeVpQn8mZjBuphm8BqRLdi
CG7Y6hGthe8shRjQ371fgJp8Ugjc5YD8XoaUnwBZUivb
7mxLeHMZ25Rw2YxC44PSeqjbCFETmRV2Wya8YPn5ot1T
HPQMGyz8Ew5bPThXufTF29XYLAWc4GqPX6Eh1QixLrjx
AhDrvJeYkRnJBkD68gbnairpUvfiKkezFbNkrgMrpDCT
8PtwXkDsfwuCTirCYw5w3Ka2dwBtMfjmkP72KbePMNRB
Ct53GjendSTjMBWTMt5Whmd5WgdGjaph6w3ZnoarJX8H
5yLiLEibADTRscfcHNfXdVTszFnfKhgib5jYEzRj4U7A
GztdPeBJxD1jyh4AvLmdSyRp7FL47wYvJK6C6SH8bSKJ
GNscWaKFfxmnR1PFPyAh2NfCrHeJEJTf3N2BBM4uKmTx
4GvWzBsfymyo5G5YJrMfsbXDGdFjsY2n77XrSPGXh1xz
Cr6yr4qbE2fXR65nL8ySx1ErWzr84PwK6LYeqZtMoBff
2aqTJeGtEzFXUQfAbGUTJt4G5e2UD9mTS3TD72bJTXSc
GTTs5HmofZUF23zHYXRLUb6KkdQ4wLXaVhiDU74tcGr7
FDZ86ki9YDCC79Q6kfGTcDW6ULZLb9KRCdwZ5a8wBNag
28hyzZWnNK5mUo2dyairGABqdGn1tkGLA27iznsE9o25
9GE5Y7fntPYLk3RseJ12LcXJfqhayk5kaTZfNHDxRtLK
JDnb5d5wVUePR7buiNTchmoCsCyBkhmx1R1sLf2AucEo
FYMiBc4k1kKgKjFgZzQLo86XmsTBWPY8Mtwe776TeP8X
5LVLNUsCR93qQodnFB1KHiAaKmz3mqeHCe7PNV1N9Ebc
8qyQ35KsHLPTEKoBgdzNxZtcAj8wSkQeYNWTwNf49gni
Bt3PVMT2SXUj7pH3rToRWrswfwQ23BVBY3LydpVsLVsE
Gm7zoMsV9mpRiMFk6wYKY1rWKyjgP9pJxUbMkhT3bQyg
