Transfer 1 tokens
  Sender: 3yDmmxoewzUf6qXgARneggGG2f9ChWXnZaqwh1oHHBRs
  Recipient: HDLKGPRVqamrEiHNn2Scdqbi9XtQ3GcMevfnbd66mFPK
  Recipient associated token account: DtrJEHjkPk8JY4f3nFJkMGn6eqr2JpnBdG7snt1sttq6
  Funding recipient: DtrJEHjkPk8JY4f3nFJkMGn6eqr2JpnBdG7snt1sttq6 (0.00203928 SOL)

Signature: hxJpDzSyKGrSYMxKjek3o6nP6JVTGVfTiSnwsUEK2WrTFM3y473sbX6eKKyWyHW3g6tex7MRJiBD34U7jzuUePz

Transfer 1 tokens
  Sender: FfY9B1U8F3bVE9FW2F9ayH7xcZoPPmAp6gshmh1sCnG5
  Recipient: Hj8r2JfHZTJPqQuz3GWCiu8sgAnYEj24f3eaJQhRerUf
  Recipient associated token account: EGUWGYhVoe83vdyBZs4jyZjUHJTw62sK9ZoTZYFx7LpA
  Funding recipient: EGUWGYhVoe83vdyBZs4jyZjUHJTw62sK9ZoTZYFx7LpA (0.00203928 SOL)

Signature: 5be3HqJZEKmEzm5Qop2aEBTUzWBH16n3qjtFqco2RHkG3brFHexBrdBwXb2yUrDP5BpEFZv8iBzopuePQSTrVFop

Transfer 1 tokens
  Sender: CyTxvmUizdJSq1pZXjnWyF7R538xz38wnp7wvqPHLpNW
  Recipient: DCaxpYXpNxUxFcaaGVfVY7dYHT2BuBPdLAssdvCqrSsd
  Recipient associated token account: ieHRuHJZi3FJsu1WRbHxUnBPxtxjjNUXcyogFx3ZEup
  Funding recipient: ieHRuHJZi3FJsu1WRbHxUnBPxtxjjNUXcyogFx3ZEup (0.00203928 SOL)

Signature: 3AGYGLWRmqtV8nb76FUPwCCthP8Jky8y8Yup7zKrJ7qPpJc3PmLUh1AXS7dfAEXxK2jgxfs5br6j8bw45PeGJMEE

Transfer 1 tokens
  Sender: Dt1NtGLpADaEjPJTd7kWuVo5ohAMNAfPEcWQzsb9DSjq
  Recipient: EavbFXnY6W7xWoTtBjitEFD8cptRGrdjiMrxrmQNNEFq
  Recipient associated token account: 5oNV1wtLUPjhTgENMPc41vf33Swa2h4M8F64zQRarG8L
  Funding recipient: 5oNV1wtLUPjhTgENMPc41vf33Swa2h4M8F64zQRarG8L (0.00203928 SOL)

Signature: kVJpZMEdW9Nnc9uVPWFEt9YX1PGnGjJw6g5QRCpiBV3PtiUy4mz5XdUUFzVgDGpWiR7pzjtDD2RhhbWNEjGF8bt

Transfer 1 tokens
  Sender: 5HGZAB4UbhCdL6MZSfjh81M9yehPtYsr9riyLh2zJRTd
  Recipient: 4Hsiz7q8vfBizJWsE9RViFpbAPmiH4pBHcA7ksq5JTaF
  Recipient associated token account: CJnfXk1zPfNTr5EcJbQnWpwxNGZqMpHwJmXAftn893iE
  Funding recipient: CJnfXk1zPfNTr5EcJbQnWpwxNGZqMpHwJmXAftn893iE (0.00203928 SOL)

Signature: 4Ga3D6rv9SJoyKg1eo3Ui7vLtPXNamADrNnSuLBnwxTTBNYdEEjpWozWkMhbD1vPtdjyu54DsHSyX4P9aY5uUETR

Transfer 1 tokens
  Sender: Hcu7oRPB6qNGk98cNNAd7fczmXH2FMA9KhaN1ZxEsxiM
  Recipient: 25ycRBGgb8psTBBZtaGH9dpuUmD3C84rSjSf8bUSpcgC
  Recipient associated token account: HRXsdeepCwpopLtCJjS7o4qdcfuVUitr6p48NojWoP5G
  Funding recipient: HRXsdeepCwpopLtCJjS7o4qdcfuVUitr6p48NojWoP5G (0.00203928 SOL)

Signature: 2JW2AaZnEP2ZkstK8eK5L7pCiUAiJrANqR7xJH2FPwHqhcpo9PNq4UHshYzJEJRS6fQ7pouT9XpbsqxYEiDvLmFf

Transfer 1 tokens
  Sender: HVBkZa6YhYN3PUVL37pzRqUz9M833uinL6oujypdzdx4
  Recipient: CaYMCmEV5MP5FkoSZ3TkN2919SLtvnE5KbfzRtPN5FLD
  Recipient associated token account: G2dwmB1mR3XhHAydYnW1UDgVN35URFTxg1TTqUt7WK17
  Funding recipient: G2dwmB1mR3XhHAydYnW1UDgVN35URFTxg1TTqUt7WK17 (0.00203928 SOL)

Signature: 2ZEe4WL67oDteW46p72cgp64RbgJ4NPSsofrcThj7WbMSq5CAmspX29KBB8F1kby4bUgZ6Sw8GBsFH3PJJhCZto3

Transfer 1 tokens
  Sender: BTknrKA6M26t5KGSmEjZuKX62MXR29sHNubb6kN5c8p5
  Recipient: 4ZGAMVayrbjBP92MqW8iK1EiS8MSFA5FL82gATVzfkzt
  Recipient associated token account: PwgJCgMFgRVpdqLW9DHnmDgtFKzdF5USjBPPb1arHQP
  Funding recipient: PwgJCgMFgRVpdqLW9DHnmDgtFKzdF5USjBPPb1arHQP (0.00203928 SOL)

Signature: P27465PY7nFtvQykLkeTjyerLNWsY85HRKZcowCaRzh5HGeNK9uEN1hovmtiFXaEwh77Pcxt9LUUXja2qfNSB1k

Transfer 1 tokens
  Sender: 4Yf7p4ESYtQkGaBxLwVkxqKRvfnvHKAgUWojgpWqn4w8
  Recipient: 9CKGWgvpDqG48qEvEztZN1M2d6b6x8P89T3EDCeeKwAN
  Recipient associated token account: C66ykRVKx4WU7LV4drxm4tukp2jn5c7yzUrsUBY4zcHg
  Funding recipient: C66ykRVKx4WU7LV4drxm4tukp2jn5c7yzUrsUBY4zcHg (0.00203928 SOL)

Signature: 2Lvifum7KqWb3miHe5ByL9rcPkwMPa4U8FW9Co5pF6YgCDaAFmfFsyq34AJADqoDouM63Kr6Dz7QRRK7N785HZe7

Transfer 1 tokens
  Sender: E1eFDtcw4VNC4ZDFdzdPWr1EyYUP1KTXgZx9zGz6y4md
  Recipient: 8BStRWeqCPJPS2hERr7V4mEgdodaJZDTNXVM2Q2AYHr2
  Recipient associated token account: 449BDAbR5duJo1zuaegJ2ayHwiDrUhUNsYvPDVowFQiR
  Funding recipient: 449BDAbR5duJo1zuaegJ2ayHwiDrUhUNsYvPDVowFQiR (0.00203928 SOL)

Signature: brvc5S9ATKGLfk2WWcGzWT5v2vGiFxmfbB1mxe8KDugkVc9gybkKvNqVc9DyqkQuUPEvJxDhaNp7HCns7LAJB13

Transfer 1 tokens
  Sender: 5Vjysfk7nG9ptPmBUGaQ2hogKhGQWNFTKbAqZJeFxqrh
  Recipient: 7LxmtZRVYH36aRwM1jyJLPqr1Lt7DoeGhRU7d2XNu4n9
  Recipient associated token account: AvHLELdw3xLX9gEcgRRoV7Wi2bXA7rRzv87h5hnzrrFo
  Funding recipient: AvHLELdw3xLX9gEcgRRoV7Wi2bXA7rRzv87h5hnzrrFo (0.00203928 SOL)

Signature: 3GuNt9B1HRdXgZs8xPYrBmwCHJbTmxbgT6gZDFzWd1VBAz3BuSKMFh5zxcNnS4YJmdrz7XeFAa3e6jdzTtvABftb

Transfer 1 tokens
  Sender: 8aQHsynDYhFKh7NxQZCmPRpyfWhyMFNTvjNsejXmiSHa
  Recipient: 5awsmonFXxL4xCNQTYVgw8zGWXEzAcoTbirxYEYqxwh3
  Recipient associated token account: 9myrgXQw38G9yyQrvEu7Xth5TFEC7s6tjobJA8HEGuyp
  Funding recipient: 9myrgXQw38G9yyQrvEu7Xth5TFEC7s6tjobJA8HEGuyp (0.00203928 SOL)

Signature: 3MpLG2EUcjHatPHPSuvvPEdwzNkduPD83iojj3qiF5NT18mr3b6B1AzhmUrHU6Hh6t94eLF6QNNirmYeXyTmhdD6

Transfer 1 tokens
  Sender: C6Kdt2kESM1SzZjzQvXF5f5DwA3ogLmdJQdu2qK8u41B
  Recipient: D7FG3Usyvwh2t5Dytrpfbh2nZwLY7RgMyAS19TDXCzMd
  Recipient associated token account: E8w5zBJVS65jdeo9VjdveuAnF5ATpioiLzNFthKJ5VDi
  Funding recipient: E8w5zBJVS65jdeo9VjdveuAnF5ATpioiLzNFthKJ5VDi (0.00203928 SOL)

Signature: mamKyYweagmfXKUXcXJc3UgoQ1UNgEACnVXLQE951ExCCjxwCNwaRZN8BP5Kn6p56izAwY2CQLge2kLYujRefWP

Transfer 1 tokens
  Sender: 7TT99SCp81dGhhdmxhjkAKiX7HCqVs2ywszsZKynxQHX
  Recipient: 6dWYKwXPMgr9dbsWsE8FgsTHgHudFaF8vvaQTvYcHnn7
  Recipient associated token account: 3MieKiZbukrv8Ay4bjj8qNjYeejSp9tGvDXgk2EoLwrc
  Funding recipient: 3MieKiZbukrv8Ay4bjj8qNjYeejSp9tGvDXgk2EoLwrc (0.00203928 SOL)

Signature: 2MNtTBXYK4AX3HW3ddjBBPwMSGdBtN4y8xxPrH76Z9YLh1Vi1HL5uAodv4ghzwNBHxqGq3kzRwmMQG9rHyHgcrn8

Transfer 1 tokens
  Sender: Hxwg7EpXspJQaHGAunckVx7dYMhZ2VSMT7ftQEFHadn9
  Recipient: 2n5PbADyQXeCMztD5wnZjF3Nn2w8PmCmqSQ68TT6Q6KX
  Recipient associated token account: Aye2xG1RU5vVe1WJadSGqB1imyMtjFCqCpNqaPQJNzub
  Funding recipient: Aye2xG1RU5vVe1WJadSGqB1imyMtjFCqCpNqaPQJNzub (0.00203928 SOL)

Signature: 4nivLBVr1LctBn6kxqQ2GdyUNeCWthYPyBQhvsvAW1xJFUV1MM27JeJzgxTvyRe8XUdKCkH8ECUCSctZF1JgPdoB

Transfer 1 tokens
  Sender: 63EVxHLKEvw6B4aKTTifzPDggk8S9RHn4surTFijSjtX
  Recipient: 51oET2dy4vCmZ1JMGYR9hbsvsLng1vcLD6z2AZp1uq1j
  Recipient associated token account: hk5crbKNAN7JuaU4e3xT1ypNRBKMGeXsacw5Q9DZw4r
  Funding recipient: hk5crbKNAN7JuaU4e3xT1ypNRBKMGeXsacw5Q9DZw4r (0.00203928 SOL)

Signature: 3y4wVS2Jsp2TtLUs68uJo1CsJhQEAhXmHXmQctsvp6v4Jb5aabWguig53ohN7H3jXrhANrvdrrt9VL34og6b29Mz

Transfer 1 tokens
  Sender: 4zALVjWGbro1Ng3x5zWcCSnYvaUrRG4yexkkJqgCUHo3
  Recipient: 55nHxwMUWJfsGCWEnjQdEcyA9Sfcx2tH8z3xi9r8G6Ke
  Recipient associated token account: 7zSj5HpK92VPToLRVXyAE5sgHibNXNpZt7VtCCmmnxP2
  Funding recipient: 7zSj5HpK92VPToLRVXyAE5sgHibNXNpZt7VtCCmmnxP2 (0.00203928 SOL)

Signature: bGdDCjF3cdbf2DzGb4nyTv6jEQYgn8wHyR4jAUudYzK3VD9MLyhRZgJG21skoh2hq7UwLNYGg9sSQoVd3erUzPe

Transfer 1 tokens
  Sender: 2jaL8HsFFBLYXZavYotttMeCLmjRhCeA4YRnddwfCKxv
  Recipient: GWoFiTkmgkdUxvRNZ8kMGVxUctDabMNYZ4ztFnQokBrH
  Recipient associated token account: C1v279H3f3sAXcHhuiWBA21rzSYGF5HtcQG4guJnTSRu
  Funding recipient: C1v279H3f3sAXcHhuiWBA21rzSYGF5HtcQG4guJnTSRu (0.00203928 SOL)

Signature: 3ZJ8v7WYNupGwz2NGGBpk6ZSdu54b5i9Qi7Jf3ctgTw57SP941rVdP6WDTrcQgBVjMWZgiKtNrRC1ZDysGdd2DWZ

Transfer 1 tokens
  Sender: FnE7cT9DeTLj45SUX1uwn6JSLZxNcRn6itYawThBCnZx
  Recipient: 6dWYKwXPMgr9dbsWsE8FgsTHgHudFaF8vvaQTvYcHnn7
  Recipient associated token account: 2nKFz6LVeGTxMN9FAgPNsY55CRSA8UUvUWhwj62ucQqJ
  Funding recipient: 2nKFz6LVeGTxMN9FAgPNsY55CRSA8UUvUWhwj62ucQqJ (0.00203928 SOL)

Signature: ZtgnkwiwG6LvJtbzC9gLYwvr85NyxXXLrmYuSYFfVpX3WZE6zBg9x6bu5gkDcjYx9xUithYwWJMKTMqGGvm3FWL

Transfer 1 tokens
  Sender: 427Y4bg5V9A5wsSDKApCk2sA5hXrXCKNwiZ7vZ1TRidj
  Recipient: 8zfdGUKpemtzs2Ypb8reoN3A43o1ZkbwFCBNzpUeFeUo
  Recipient associated token account: 6nMZg77kzkoUtesQ62zZxirSfKNiHHgcLHrzFWrfKh6R
  Funding recipient: 6nMZg77kzkoUtesQ62zZxirSfKNiHHgcLHrzFWrfKh6R (0.00203928 SOL)

Signature: 4PP88tn1fzCgKuL6jJ9U8wijJ8yFNfT1PXtccsXDW1CjqoeVYQzP88xVi2gwtee9g9FNPYVCctJ7ZGhbw8fTLQ4D

Transfer 1 tokens
  Sender: EwZv4TppPapcKVtgELY9RoUYB4mVP9NXLXw8xQivZ9sD
  Recipient: 4H389fKsqzX1vHGDrtWDLUKLkcmMi4aJsA7srHwZto5r
  Recipient associated token account: 3djc7SsLrkM4hwCHEdDYi5zGSA2sjWunSwt7E9ktbcN2
  Funding recipient: 3djc7SsLrkM4hwCHEdDYi5zGSA2sjWunSwt7E9ktbcN2 (0.00203928 SOL)

Signature: 2gwmPauVatijmzG9jywxftgw9LjH22QNnh3skmydMNoHgqx2m1aiWWYtGEYeGCSuMmVEZzT4ENV7Rr4XJydaLiFD

Transfer 1 tokens
  Sender: DSSbGJpXrRhjcunDqiAL1f8xkipngkS4GGzmHvfTQKWg
  Recipient: J8vxiR8o4NvY8wcR46iuSpSAjXhBwGCgrbo5LWA3corc
  Recipient associated token account: DAoF1cQsgiFfDhkN5PfaSBYk5XLYs2VamBD3CgjCic7K
  Funding recipient: DAoF1cQsgiFfDhkN5PfaSBYk5XLYs2VamBD3CgjCic7K (0.00203928 SOL)

Signature: 5tHSdGAwxsPHTp9PkwnFcbnC8EpwbS36ALnV8kRcv8LNijZtd2TyovxheqAYixCBWvLuT1oNcxnbJQLizzyjKHjT

Transfer 1 tokens
  Sender: DwTxhpEUYFJpNvAxF9YENC7YqhgEKhazUHMTiDzDXUvi
  Recipient: 3GFSEgAQb4niaJRPjKUFxKpXpyJjZWijgM8pnbk6GYzA
  Recipient associated token account: BfWYFrBb5jvjuGUbcC81eVgT4WaWbXc3EcdKLNpBwZS7
  Funding recipient: BfWYFrBb5jvjuGUbcC81eVgT4WaWbXc3EcdKLNpBwZS7 (0.00203928 SOL)

Signature: 2sDd6CZSxfTFM14K81FJg6dMUcG4ev4hkNFyrcMSggULutqjeSx1QuzDFPxs3nJyj9v5UDeG4Rg45sgEor4CsFLh

Transfer 1 tokens
  Sender: 5Qp2SkLHEciE6qiLjg6aVooMaMteBueFpdazKfB3UMPe
  Recipient: AzmKB7i1dJucc5Ec1mxpoJor662CDFKAAWRstWDtrmaq
  Recipient associated token account: 92YbSwnCmXimpycFsyDcetPqTRGK68kQka7FaTUTnU6R
  Funding recipient: 92YbSwnCmXimpycFsyDcetPqTRGK68kQka7FaTUTnU6R (0.00203928 SOL)

Signature: 3WFcgoYq1bqDAXgbYEKH1uhU3DQyxGJooduvdT6KVhMjV6yLBHfRdk5jKPzTP3pQ8rygZbnnpdyUWzXem6tpWTWr

Transfer 1 tokens
  Sender: 5R7aAbQjrEUYJmE8GQzvjf8b5jxYaxAEUTCo2zaSYnqU
  Recipient: BBcnpuGSbDbMhZHugVRhURmfdFWkieXskLyHvqcFMsbT
  Recipient associated token account: 8f6wwv5APHYS4b9pTH52YF9zZdZewLRCHeXD6PPBdgfC
  Funding recipient: 8f6wwv5APHYS4b9pTH52YF9zZdZewLRCHeXD6PPBdgfC (0.00203928 SOL)

Signature: 4zRpYgTh9jfgwZkCaL8hy9kAND9u99PF8XijsGPECLY5FmZVkyp91J1x2JoXa2hikDCxa6CMVmp15k6gZy9XJa4r

Transfer 1 tokens
  Sender: Cm7h1hoLz2HDmk14qw5nQFBRui6QwiLdAjbFBF3HHbJP
  Recipient: 5KPUyaQpZnNaEeZBKwcVzyNXrFM5gR4wLjUzjyBD3jVi
  Recipient associated token account: DEN8FWgYPKwdQfwuCttDgQjMDLc8ui8KkeTUedEZ2UuX
  Funding recipient: DEN8FWgYPKwdQfwuCttDgQjMDLc8ui8KkeTUedEZ2UuX (0.00203928 SOL)

Signature: 2CQ2Jz3nJ7W8Tw81AUKy2D7ko4j4pwEJjhxGv66WbXnFtN9B4BrKgvutiKiHUozYyBd3ixRSa5P8j4A6XzRihA46

Transfer 1 tokens
  Sender: FZvYPPvyQsw41jnbLQ7QmFqEV5x9w5Lsiub2DhFhssCC
  Recipient: FxvQUxkQAgJPbkJ1daQVPdsjHgMGr8UfcAfJxQ2tebss
  Recipient associated token account: AV6e6dvPdSY8Ci1cHQbdYDBvmnA212kAa5tLVqcK94e9
  Funding recipient: AV6e6dvPdSY8Ci1cHQbdYDBvmnA212kAa5tLVqcK94e9 (0.00203928 SOL)

Signature: 5cW8d23BZzs2mwXKPocrxp5Wcru82cG5A2Z9xrVxu9rJyJgbrvgta5d4j4msDrHvqY2ZWQdV4NbvQdM7EbJGBdpk

Transfer 1 tokens
  Sender: J6ePSYYvX7rYi8tUuEspTsURCv9RHUpkiGUroWiZLQ3G
  Recipient: EzFmEHFgkNa38kcnWSaVy6FDP24xvWHTisRUjLD5aMLH
  Recipient associated token account: BWxWPBteYML55PVn5SLWnYQQPggr62X1jcEZbvSoe3uE
  Funding recipient: BWxWPBteYML55PVn5SLWnYQQPggr62X1jcEZbvSoe3uE (0.00203928 SOL)

Signature: 5PPEEaU7ahiqqpDsfod8rKk1C63nEr8Cwt1q3ZeH8qKeY4ZayjfHUyxx69ck2nRRJabZGb4N7dfwU8HsgkxgyBph

Transfer 1 tokens
  Sender: 3yDmmxoewzUf6qXgARneggGG2f9ChWXnZaqwh1oHHBRs
  Recipient: Fh25PAuTWAtc357yJeW4EcUdTqMNifGUSzobJZX8hHd6
Transfer 1 tokens
  Sender: FfY9B1U8F3bVE9FW2F9ayH7xcZoPPmAp6gshmh1sCnG5
  Recipient: CgeQQY2g3ZKXSPBdTVa2sZ6Eet3456WfG7KmrTLRh6MF
Transfer 1 tokens
  Sender: 3yDmmxoewzUf6qXgARneggGG2f9ChWXnZaqwh1oHHBRs
  Recipient: HDLKGPRVqamrEiHNn2Scdqbi9XtQ3GcMevfnbd66mFPK
Transfer 1 tokens
  Sender: FfY9B1U8F3bVE9FW2F9ayH7xcZoPPmAp6gshmh1sCnG5
  Recipient: Hj8r2JfHZTJPqQuz3GWCiu8sgAnYEj24f3eaJQhRerUf
Transfer 1 tokens
  Sender: CyTxvmUizdJSq1pZXjnWyF7R538xz38wnp7wvqPHLpNW
  Recipient: DCaxpYXpNxUxFcaaGVfVY7dYHT2BuBPdLAssdvCqrSsd
Transfer 1 tokens
  Sender: Dt1NtGLpADaEjPJTd7kWuVo5ohAMNAfPEcWQzsb9DSjq
  Recipient: EavbFXnY6W7xWoTtBjitEFD8cptRGrdjiMrxrmQNNEFq
Transfer 1 tokens
  Sender: 5HGZAB4UbhCdL6MZSfjh81M9yehPtYsr9riyLh2zJRTd
  Recipient: 4Hsiz7q8vfBizJWsE9RViFpbAPmiH4pBHcA7ksq5JTaF
Transfer 1 tokens
  Sender: Hcu7oRPB6qNGk98cNNAd7fczmXH2FMA9KhaN1ZxEsxiM
  Recipient: 25ycRBGgb8psTBBZtaGH9dpuUmD3C84rSjSf8bUSpcgC
Transfer 1 tokens
  Sender: BTknrKA6M26t5KGSmEjZuKX62MXR29sHNubb6kN5c8p5
  Recipient: 4ZGAMVayrbjBP92MqW8iK1EiS8MSFA5FL82gATVzfkzt
Transfer 1 tokens
  Sender: 4Yf7p4ESYtQkGaBxLwVkxqKRvfnvHKAgUWojgpWqn4w8
  Recipient: 9CKGWgvpDqG48qEvEztZN1M2d6b6x8P89T3EDCeeKwAN
Transfer 1 tokens
  Sender: E1eFDtcw4VNC4ZDFdzdPWr1EyYUP1KTXgZx9zGz6y4md
  Recipient: 8BStRWeqCPJPS2hERr7V4mEgdodaJZDTNXVM2Q2AYHr2
Transfer 1 tokens
  Sender: 5Vjysfk7nG9ptPmBUGaQ2hogKhGQWNFTKbAqZJeFxqrh
  Recipient: 7LxmtZRVYH36aRwM1jyJLPqr1Lt7DoeGhRU7d2XNu4n9
Transfer 1 tokens
  Sender: 8aQHsynDYhFKh7NxQZCmPRpyfWhyMFNTvjNsejXmiSHa
  Recipient: 5awsmonFXxL4xCNQTYVgw8zGWXEzAcoTbirxYEYqxwh3
Transfer 1 tokens
  Sender: C6Kdt2kESM1SzZjzQvXF5f5DwA3ogLmdJQdu2qK8u41B
  Recipient: D7FG3Usyvwh2t5Dytrpfbh2nZwLY7RgMyAS19TDXCzMd
Transfer 1 tokens
  Sender: 7TT99SCp81dGhhdmxhjkAKiX7HCqVs2ywszsZKynxQHX
  Recipient: 6dWYKwXPMgr9dbsWsE8FgsTHgHudFaF8vvaQTvYcHnn7
Transfer 1 tokens
  Sender: Hxwg7EpXspJQaHGAunckVx7dYMhZ2VSMT7ftQEFHadn9
  Recipient: 2n5PbADyQXeCMztD5wnZjF3Nn2w8PmCmqSQ68TT6Q6KX
Transfer 1 tokens
  Sender: 63EVxHLKEvw6B4aKTTifzPDggk8S9RHn4surTFijSjtX
  Recipient: 51oET2dy4vCmZ1JMGYR9hbsvsLng1vcLD6z2AZp1uq1j
Transfer 1 tokens
  Sender: 4zALVjWGbro1Ng3x5zWcCSnYvaUrRG4yexkkJqgCUHo3
  Recipient: 55nHxwMUWJfsGCWEnjQdEcyA9Sfcx2tH8z3xi9r8G6Ke
Transfer 1 tokens
  Sender: 2jaL8HsFFBLYXZavYotttMeCLmjRhCeA4YRnddwfCKxv
  Recipient: GWoFiTkmgkdUxvRNZ8kMGVxUctDabMNYZ4ztFnQokBrH
Transfer 1 tokens
  Sender: FnE7cT9DeTLj45SUX1uwn6JSLZxNcRn6itYawThBCnZx
  Recipient: 6dWYKwXPMgr9dbsWsE8FgsTHgHudFaF8vvaQTvYcHnn7
Transfer 1 tokens
  Sender: 427Y4bg5V9A5wsSDKApCk2sA5hXrXCKNwiZ7vZ1TRidj
  Recipient: 8zfdGUKpemtzs2Ypb8reoN3A43o1ZkbwFCBNzpUeFeUo
Transfer 1 tokens
  Sender: EwZv4TppPapcKVtgELY9RoUYB4mVP9NXLXw8xQivZ9sD
  Recipient: 4H389fKsqzX1vHGDrtWDLUKLkcmMi4aJsA7srHwZto5r
Transfer 1 tokens
  Sender: DSSbGJpXrRhjcunDqiAL1f8xkipngkS4GGzmHvfTQKWg
  Recipient: J8vxiR8o4NvY8wcR46iuSpSAjXhBwGCgrbo5LWA3corc
Transfer 1 tokens
  Sender: DwTxhpEUYFJpNvAxF9YENC7YqhgEKhazUHMTiDzDXUvi
  Recipient: 3GFSEgAQb4niaJRPjKUFxKpXpyJjZWijgM8pnbk6GYzA
Transfer 1 tokens
  Sender: 5Qp2SkLHEciE6qiLjg6aVooMaMteBueFpdazKfB3UMPe
  Recipient: AzmKB7i1dJucc5Ec1mxpoJor662CDFKAAWRstWDtrmaq
Transfer 1 tokens
  Sender: 5R7aAbQjrEUYJmE8GQzvjf8b5jxYaxAEUTCo2zaSYnqU
  Recipient: BBcnpuGSbDbMhZHugVRhURmfdFWkieXskLyHvqcFMsbT
Transfer 1 tokens
  Sender: Cm7h1hoLz2HDmk14qw5nQFBRui6QwiLdAjbFBF3HHbJP
  Recipient: 5KPUyaQpZnNaEeZBKwcVzyNXrFM5gR4wLjUzjyBD3jVi
Transfer 1 tokens
  Sender: FZvYPPvyQsw41jnbLQ7QmFqEV5x9w5Lsiub2DhFhssCC
  Recipient: FxvQUxkQAgJPbkJ1daQVPdsjHgMGr8UfcAfJxQ2tebss
Transfer 1 tokens
  Sender: J6ePSYYvX7rYi8tUuEspTsURCv9RHUpkiGUroWiZLQ3G
  Recipient: EzFmEHFgkNa38kcnWSaVy6FDP24xvWHTisRUjLD5aMLH
Transfer 1 tokens
  Sender: 3yDmmxoewzUf6qXgARneggGG2f9ChWXnZaqwh1oHHBRs
  Recipient: Fh25PAuTWAtc357yJeW4EcUdTqMNifGUSzobJZX8hHd6
Transfer 1 tokens
  Sender: FfY9B1U8F3bVE9FW2F9ayH7xcZoPPmAp6gshmh1sCnG5
  Recipient: CgeQQY2g3ZKXSPBdTVa2sZ6Eet3456WfG7KmrTLRh6MF
