97xAKp8FjyXkiYqTtYWN9ArD7KxTevzaCAo7VCcwLAsK
8jM2e7C64cuhLd9Jc2UAQKUiCfgB6nP5LiugTzwoeb7A
8eqvPBG3bHFpRfHCxKi7UBPcxUopXyhDMEH9r3Fg9QcX
r1QHFARyygf2xA8mTDekHmugyL9MiLfAYGwwuATRJuj
CTukU5WkHZAAwxpicJw9zMaKmUpYBPttWeZKsdhdgint
DJqBpEZrZBnbTwSCxuRwsb91fpG534WmFeDJZyag4d53
Cq4wKeNxdoPT6HaXpcrKd4PEvnNYQiSRkZaMELf4Up7Q
EuRZctGgW49y8R9CJdBcicdtV2xHrEDcXGkBoQPbazBQ
HudBYL2giaecUxjnTSx5UpFsKTtcRQYhAzuv5hs2rwz6
5PWiwuJicwtDf6VMAW3DwMykjHhbEi2wBkHy5pS3UAfD
EWC6ESChdBqExhp96XPMLXR65pXP6Ftuh1pPAVws4pmk
2vhNMJt9fhQs7f9YQubaS1MpCuUdx9o8zTwqxzkfcLof
AEUto3eFWHLAmmVRq3Vo2fmHXwte525jQGG6D7pN4RRd
Dm5ctBY8BwXzYqkjnob7FGF9sbxMmtTMtePJ2cJnb4Zg
JCKeAejKgMdSKCVdYHpyN9vN7r4hyATzyF21FJpJFNgQ
FH9fysysHZBS1E4AL7VhMGstWvMAyXedcqXo4MaM6eGs
DbwyR5jDkZXgAhJ3vyg6psg3N872qwfufWcZYmwNzDt7
3zCxPoH5oZ9UtNE3b1UpMv6DLB6BiTApsxAY4VqQGBqy
ATgJVJtMM8Q9Z9GYw9kmKVgzu5pVUYxN2YuHLpi84Cmn
AgPhAsvcwPfT8bcAQxfyvymHdS9enkCzHDZP67ihS5YM
CNbzW6od6C3YMNLKpVUGUtxDHjTn1QzgwaDqmvEj9C2E
9CeQYRt1eK15SUAv8AE6XPhh1ijhBF1dyPdGQGAiCfMx
A4jR8ZNLjEZfMV3jWcL6y271Vty8ywQSCPSsjPoqrHUx
D6muPUw92CPkWwv8PaSp1vSi1Y2ebCPXgkhUNBRXQost
6hyFrYJasjf848gT132t9nQMMFBtyKas2DP6Ca7uXvmb
FBkdDE9fbQobTccnZr2XDqrpeevmeChEiPLC5ABXUXfE
FE3YBXN4BN3acC1c1ZaqGwPfdhxfVHpePzYvWfGG9ot2
GewJW3eLePbtwrqvy62A1BN5LoB3TZxpwrFUfR4ZH2xZ
3D9Ai67KykEuem4n75G7R9aCt8zhRz6g5Gaeq9jzsKcG
2pVuK3Aq3tThhXDsW548t5miF9AsR8DCFmpCHjEx6mVH
HBU971cGRFzBzSDknZACdkVBBFkVGbLiLjrG2SsoG3XT
6R73ZhFAhDgf3PmDJvWNN1QVY5CL2QaB5iFyzLm99FhE
GwAn7deEKHk7KoMjDB8EYARt4Q7T94cEehFVeUMXFG5A
3o6coaQjHYV76GMK9isEsRwBNjPk9iajACnTAjtrJwjN
H7E4JB8ebHaoKQe2Z3NAwXniKcuy7VVuAoycx7PYAbE9
3eucHmLaRJzL3d3rzYx94KvxcVhR4ESLo9R9hhb5Snbo
ErAwqzKVB9tWuZoMy7mK9csjB6pCqQaeHmxWy3SLicB9
AhYyVr6C9uDmRLEySjBVZLP945561HK2vhv9B6aLYU5v
6hK4TePe6J2MAMeb9AWcFwi3XCMwpp67BXaxuxFmNKR9
84tYj5QuBQNDVsFXiEPMZddVTtAspbAJ8oRbXsLwoS8x
Er8ca314e8F8FXbQi3SSQafKpmsvpCTjqTunN1kyNde5
GfAbyhU4qKso2J1PaQMHX98CXJ5PHyQ3tLtfU3mFrM5P
CjwsF512muQx6X2c23yjo9gfP2qMAwi9KWE8Ldhr1Mj
GzjpZ3LMWMMcvuAHUWT6tPnaHBVNpYQL6AufGqHmGndW
9jdLQ1QyC43uHFhZVB7cYLyH8EdKyF9dbXurbmXGUXJU
AoqVXFo98XT3efiaM69KkGbWaEhuPY6brNd41XGxTSDN
DpcyLbVEHYzLQYTKwK2uUHqYSUFA38e1R5hH6Ujoo3c9
6aVxAU2nNjSUmDkSy5zgavKcZNKGov3xhi6tUPLnULLp
EWC6ESChdBqExhp96XPMLXR65pXP6Ftuh1pPAVws4pmk
Hbvnwkhof7tPGPpJ461QTt5ZLejyK2aC3LRsMTi4vvdZ
Do9aYuuHEhseefD2385Taob8MVA5HaqhJ8kr9K7YaWgZ
7P4Bb1pCMuYNveYhg2j445cmTRCEGp2eAAtBQUv7Jz89
s8ioBNQP7jb9JCSiBaxrbCzKMVQtVqQMEkssftVjLcu
AaHjb63MyqP24NZGMCg8MNfzAojc15uR8JG2ZmHGYiRb
AEUto3eFWHLAmmVRq3Vo2fmHXwte525jQGG6D7pN4RRd
G8RtxPyG2pdrAhrNRMgg7Hia8imCofdCYxvyWiNG14hx
EEUHeJFM6mUeN44v3kpepHXXBcGY8xV38TjTNxHEt76U
AgPhAsvcwPfT8bcAQxfyvymHdS9enkCzHDZP67ihS5YM
CLFa61gH5kunUPq5QPDVWqjr43jAQzEatVud5aijZPcp
C91QVSPebG5w5SP8Wg97bqfnnNfG6j9QDuTFC5EM25jz
2HvZLtooDPoA3WkP2vQqykTbynL1YMwPmu3X4y6g2C8z
DjEF3wXqZmX3kpqSpshkfvtoaTPPvVabhwuxN5QcW27b
4vGE9S4355uCVCvQ1vqt4CgKJp3w1MrThf6SQYnjrLep
Hofab1sc8BVC5LwPZeRqbdniBm5ypX3kWjeRUQKTXd9h
4ox8atxyrCPFsF3nfmzyU8o4kZhXkJCSo55PknT6Fint
24iifBd4cBp6tEhYNZvPvdUsCuhmrSXXauQxrumEz4y4
3ooTnU4quRNztapYE5vVojHZSFqPeH2xnWC6mbbtAUSE
BvfnxLfTsAKjamFWiMw3pSbHQs2ePghtfLGFGH3YwDMZ
51oET2dy4vCmZ1JMGYR9hbsvsLng1vcLD6z2AZp1uq1j
51oET2dy4vCmZ1JMGYR9hbsvsLng1vcLD6z2AZp1uq1j
GxuSFHonL3fBzBy9WiLrQERFTs3PdQxQCz7St3zpJvVQ
F5nKkEsZjdjwv8CJTLBQFEeGkFx3wpZLA2Gn6VhUKnZC
2YwZ3gseFDEtzAPrdKvoEMpvwrgYmmCqEfpC2SLSjMP7
D3AH28aZ86ASVZnxK9cfhMQbZehPWPsodgog4HLM239S
7ZNsgiDHhMoZNehg6ypKtxmXNV4nZVkiTzD5DDW4GU1T
2n5PbADyQXeCMztD5wnZjF3Nn2w8PmCmqSQ68TT6Q6KX
Hn6DxuGA5STFG9q1ztsqKHk5YS5YwaLQNSHasn8ExcY5
H27t414cQ9FjKtZAsmTqTZSLHaDEj9XAXzpZyZXTAck6
EEUHeJFM6mUeN44v3kpepHXXBcGY8xV38TjTNxHEt76U
BVFTQzEas8kMPkcugksaTTuLnQJ8ESxtLryk4ngdyvjU
DhW2PE17rACsMcTPvhh5p8hjJFBizTj7hVGfwKWhFQ3o
27cqEXSTJMkekieAuUN4CBz5pUUbmTwJw46LzbSnwpvn
GemTjuytvmZu4pMAPrxuHi4C4HW6QLoBrAQYnLQqTuMB
C9u28tV9EcKf6iqCxcQvh8M4fnxtWU27vmS3gVwwVKSm
E4nDoRPHAJki7vcpExGKqMA925L1WBZD7Ap6rQkvNKFL
EzFmEHFgkNa38kcnWSaVy6FDP24xvWHTisRUjLD5aMLH
FMpyNybU9kdX17qsiprVSDJYPM4XmZMgVDx5dhhJeMio
F1uo5tS4JzGLKDQBhz1DdoyQf4oRjYcynHiCa31dRCrD
AEUto3eFWHLAmmVRq3Vo2fmHXwte525jQGG6D7pN4RRd
DWaAVXvNg9NcNUPLCwRbAhc8NVmFzSLPQCFuwkxgp9Tk
AsxYivuyVu6znDgnwenpLSLvkZDua4mGKxTvM2JgoeDU
5LsYixox5LC5iw1axsSMey1g9wyM9d3BK3MYTXu8pdsk
FdvMXoYeqtGkGHhQyztVFQMTRAP3oiQkLjVSFe17RWa
3V1HmecLr55cdDLEXzhN8tfz7qCq7UdD2KwjB4VT4duQ
9GgHQuQmwWmiha11pUgm6ywqQHjqMYiN6FbHkhUUy69p
DThVgcuc2FeyETgBnqXHPcfmKJ22SV1FmCU8uGW2QfUL
51oET2dy4vCmZ1JMGYR9hbsvsLng1vcLD6z2AZp1uq1j
Bhexjg8vWtuH77iMsQstr8DPsuk85JnU944ivVA1MmxF
APuxQgMLdP8pZk2VzsppV9eUD4aQMmsCieWVyU75LSgn
86cKS7QmRv9L7hQ6u3cpcyVwWm4DSnzjtZ6V5CgaqN6e
4k5kkXC4J4qq6sjiNSkSJqVEJseC9AcJHsTp6isciCEX
2RwD5cXVfvtGGoWmhGysLKupxhMZdG1Zfh81GcCnQtWG
AbgicEN3npoAGUvZCJWpkLkniVxnEdcsFnTHCcmhfUKF
Cm8cYtgtfyULCzisqUnMg68aqqi12PGZScouQfJRfrG3
AEUto3eFWHLAmmVRq3Vo2fmHXwte525jQGG6D7pN4RRd
9ej7a4re5ZsayUKYpU91q5UEakEjCwK9mFb93zDAKwUM
6aVxAU2nNjSUmDkSy5zgavKcZNKGov3xhi6tUPLnULLp
51oET2dy4vCmZ1JMGYR9hbsvsLng1vcLD6z2AZp1uq1j
BVFTQzEas8kMPkcugksaTTuLnQJ8ESxtLryk4ngdyvjU
43jGWPVWoCPbdCERUoMJe9EWC36P6ntz2vEyLKn8ZdnS
7QycDRDkkHxLXjr7fvu2YnyAfbNc9MfaqA3NGQLWZ4s2
3eucHmLaRJzL3d3rzYx94KvxcVhR4ESLo9R9hhb5Snbo
4ja2N12Zczh9K25zGFTfao6yPdTZSfA5Bw4QueSmQCYJ
8zfdGUKpemtzs2Ypb8reoN3A43o1ZkbwFCBNzpUeFeUo
5mBeNTxuzBxKfN9sj9nxm6zoWGU8FPrnWktKWGSn493j
Diqr3X6FGBjqk6sSqaEey5XMqzHrxwNBJJXUbuqJd83D
6ykYU3fWNQnoNunJKDLSVSZWCMPoajoE8EVNzKCYs9qT
8w1daYHzhTCuwHKiY3qSzZgs8xTFnAxCThg9P9HvjEcQ
9KJbbRm5qjnWBNZNv3Mhk2hEFqqDAYcCHuUPxnG7W64g
Cg62iH9s5gSmBdmtxTTADsVjZkpikdfUqZMtYVYwJa5M
Djt8jj26RL3GsTRkrifq9ntxYJyUQsqRY8Sgkxns3dUw
Bx2riEpJbnxnGnFLrChmJMmHbcNfpmc8M3mDC9nqe83x
74nQsQFEVm7N5u8xnxCNpmYNrmcBKMS41LzB9bCXJZo3
AEUto3eFWHLAmmVRq3Vo2fmHXwte525jQGG6D7pN4RRd
F4tGN8wUQKh6HBCxu7nVSVASgXKsbaCn7ofSmoy6DBsQ
GwzmFfkvxAQ24v8rDULMi6Hkr3HRoYXMUw5hwfUpaZCp
51oET2dy4vCmZ1JMGYR9hbsvsLng1vcLD6z2AZp1uq1j
Bv4HytuReCvPRMofF9FoE2XRLB7SG1XsEsQqSU42SbuZ
4YxCsyisJmmJs6ZzQ2ShE24LtC5xoxcDEqmbZ5vTkEzq
bae93fAqQRbzRBwLnC5ZeDt3j5uX23nD62B3pwvpgXB
33HAVVmo6MWGatz1c8xBdJ5ousatqAMWL53EDJnEWJAx
CKMDD7Xp4pBztCG5G2utc3kXvFqPJ17HMDPUwhLiHzhM
6ofxhXeyL4S8etchABg4FJUrhTzEuVnWXGopz4rCi8oY
ADLmjzGS7HhEeSkjLmw6af42dqA3YXHdYqvwTxV9XBGP
EZoXYXVkRZVKuryGLRCXhnhykHgouKYKoxpoQHd9MQT9
4k9aBR4iEG4VnZqZ8kuuPoh7NhAymsnAyr8UvyLuwwFG
7N4j24qzrA5DfDq5ua4RhYN8J3yCyAJhpEMitD6zJajZ
781GzKc6aZPcheyEhmeziGWNgJBhePtVnsRsSCvrvWTC
DWPpeotxT2Q1m1BDzuycQktDe6VnVejLiPWsjfwG6Nb7
79yiyZvaXkXbhoqbPGYgKx9eYik8RhTnKYmLMbG9QSLb
3fZ1iKKmHJECq3zhjjQgXP1ckTWrTcjqgXxs7gyvsTWc
2dD5qq1y23Fq1qLj5zJkZ2425Pr1dvtKQPMa6AGF6wmz
8Z3oSqyKArgUtjj2ZwDNr2sPXrUFBzyNjXW6ymLEsgdp
9cQepRHEXLZC2F2ncuK9HY6b228dQ7HNCuxZatWZXsNe
8kX16Yj2WBCz1sPXcimafGrutQkw3s3Swe9sR3gt3cC2
Gqx9qjwhda6NqcYvF3EdKMqnMyxsZy6oN7tXZHgMUiVN
6DNn4M9Sm4Tt6qTXCjmmeMJ2QBqeQAwSXwKBEHDVYhAm
5sz2X6BytP7gbo7Xka2tByYQbXqutC1XcWufQvMcjwWY
ALhGkUSu6MsAVJSFXecaiUtyjqRTNTkdJknbzdjLyZcU
4H389fKsqzX1vHGDrtWDLUKLkcmMi4aJsA7srHwZto5r
5giEfhcksSJwexdawvyJK6mPoGGDehkFn5obAarQeUuK
7PYmMqF6oEzFP4g6avSxUQBkjCVp4FQYjiAso5MNsuz6
3eucHmLaRJzL3d3rzYx94KvxcVhR4ESLo9R9hhb5Snbo
2n5PbADyQXeCMztD5wnZjF3Nn2w8PmCmqSQ68TT6Q6KX
3PJUJ9Jn1dL35cvc8tHq5XWNeeSN3R9HfLRapmdEwNCb
2TNxVXbtKfCae8UYKv3DDpvdooHEpS9q57zciRTAtPKS
2R7YvqNHJA69sSVxhroZvB5hkohw7DqUM7PW6nPVq6WT
3C6Aa7WumUkMSwpTQMf7oPmviimo1MZY31BNSqo66Uzn
CYVikdfqKK1SmPasR93k1p6CntrmqGW4YcoSYQQ2TeVp
73tF8uN3BwVzUzwETv59WNAafuEBct2zTgYbYXLggQiU
8yxjJSsLvUt44NGLpeEVZQEpXQKdBHeYZU1zxJvyKnZD
APuxQgMLdP8pZk2VzsppV9eUD4aQMmsCieWVyU75LSgn
5Ypgs4Pn8ZM3FVEFAPQBSTyWrX7NVyeJ3jTBcT815qCF
DajLww9JAzbHx6VNacZZWYKQfUukB9bibGRcwwHs7e3P
6Aa81K2N1ioXFSXcGrQ4WvogXNZtrkiqokwzoB3Pu1on
37J3YBtSBrb1nRwHXabxZCspf8V7wZJjMVMZLpyvUh35
ovVchPXVyN64eAydpNfX1pgoRetCjiP4vAWzXEku9YK
6JWaG2sxVA7yUW5zTygWbWCLYYkUHT7UJuHZk3XNxnHp
BxASWxha82Gq87axcFsuwaUM6WUhbK59WG6iHBHPmtmM
73tF8uN3BwVzUzwETv59WNAafuEBct2zTgYbYXLggQiU
97xAKp8FjyXkiYqTtYWN9ArD7KxTevzaCAo7VCcwLAsK
8hEeWszgrA2XkRK4GH6zL4Qq5wJBwotwsB6VEweD8YEQ
HegbXqdSjyAarH8HQ8N8A8WVoQF1BDLRiK7GENaZyUCw
ERrznCBcv946zdfxu1p2krYizeWfpAxrx6mkwbVQZJK7
2HybyiFMCJes6XPP2sU81KqDV7w6xuNx1d6r9sB4kwan
