Transfer 1 tokens
  Sender: HG6SWY97R6BNQ6tNpjjTG2pEJvzn4xWxMtGZiYehT8Pg
  Recipient: AZBYaUFwLJTEDv9raUX4ZiQwxoVE3cvQxnkq6u1g8g32
  Recipient associated token account: 8vNrPtZH6aDrR3223jraCSQpTvmSdHeL3TJ7SgjA7Kfc
  Funding recipient: 8vNrPtZH6aDrR3223jraCSQpTvmSdHeL3TJ7SgjA7Kfc (0.00203928 SOL)

Signature: TuZRBdmjAJRYJXBJ9WcjjWKvGwNVTmkBxbCALvGjvy9Lh1wAYPeAgTr6Q9Czvr9Xkz6b4RiUK3zGMMseUT1qbdK

Transfer 1 tokens
  Sender: CVc5xnjTBf2GirvGftHp7mf9jiyYmQUDcVP5ZYpQe3hG
  Recipient: HNEETb52GDPHbT3aLL8fk47KPL5Mq62S8rzfKKoasrHZ
  Recipient associated token account: 57T1W5Pw3tqfGY3iBeiHiMFV8Y2irpEYyF7mphzwWHrK
  Funding recipient: 57T1W5Pw3tqfGY3iBeiHiMFV8Y2irpEYyF7mphzwWHrK (0.00203928 SOL)

Signature: 47yXLandfPg91tQs9WQihzjhXp3uJtHuDB9oNjqykUje8bXt8gedqfP7bXP4xavc7hqGszE2aS1WkwQisTgYn7iJ

Transfer 1 tokens
  Sender: 9N9teQutRw6fAUkxz1dVfeV6FyvF4yWNTBq9mcqwRoCc
  Recipient: CakCB2mYApvhtzJWgmejHjuTAVDGbBk5zjzrDctgkxjM
  Recipient associated token account: CMryeQ1npdcELbYmreUohaM2WBspb3KV8S2sXNzZm2C8
  Funding recipient: CMryeQ1npdcELbYmreUohaM2WBspb3KV8S2sXNzZm2C8 (0.00203928 SOL)

Signature: 3MoMdVEopRHhZHpjR3DT3Hng4mjsiPrJsZLSJTpW3MgyZzMB3PkWFL1QXukX1e85wq9uCe4yYCL8gkqRNxtrVssZ

Transfer 1 tokens
  Sender: GS1BXS8hMKexfARtPHBeDny2pwWGzi3FJETRbrrwCBQN
  Recipient: CnP33htGVwKHF4psPq57QnRpiNTgKW58RyceytoX78n2
  Recipient associated token account: 5ckACnApNRkAxaRJPRoUhcWW5jDjhYKo98FPAuxB7AkD
  Funding recipient: 5ckACnApNRkAxaRJPRoUhcWW5jDjhYKo98FPAuxB7AkD (0.00203928 SOL)

Signature: 4DdP6iCgCdXXMw32vB6WGq2xqvxFFPrBAdbQjkcHUZVt6bkpsDQ2RgrpY2tczoiBqQe8CVQTnfhsmsGfgFL63NMF

Transfer 1 tokens
  Sender: 4XARcCRzrjxWTxkSwMTz3VUk1LRo86m6GrC1sESu26R4
  Recipient: MrrCRKMhxvBWuoDLFgKyji74dWdKk7uc9qj4fecErhb
  Recipient associated token account: 2DbcdPAPKKCUaos1fiPKxygCBEcC7Ug6tCkgnJHhf5AH
  Funding recipient: 2DbcdPAPKKCUaos1fiPKxygCBEcC7Ug6tCkgnJHhf5AH (0.00203928 SOL)

Signature: 3KLRKUkeGK4FTz8FYrH6nCrpo7AFuyHAUYYt4w6E8o3gs9q6SevykWicZvVihuUwYDwEKhdP56zcLs8MCS4vDf4r

Transfer 1 tokens
  Sender: C5ZZDEngaR1nwdgbGBiehdCZfC13YVsoz9Camb4Kju4R
  Recipient: CGjEexuki8tYteRxpEEq28ivbcsV8aFmhJS3RTZzM7vh
  Recipient associated token account: BUCiwbEkoGuQpt9pktBhTkQ3DUcvnJXxDEcVGCC4S97J
  Funding recipient: BUCiwbEkoGuQpt9pktBhTkQ3DUcvnJXxDEcVGCC4S97J (0.00203928 SOL)

Signature: 5PUXdaJPHXMRqAFnXLm4NjTABr7UhpMREnTXqPXUeDDC2eGzSMEiLc1J8vXYsZAzvjCRPC1S5i817h5viMEKkUWo

Transfer 1 tokens
  Sender: CFn6C6gZPqfQQvhYayQNxh7da4Z5YhrNFWcJmS4VPgcM
  Recipient: 2Kt2edjA6oMUNsC8kLPH31XJP2vqQZmMPNu2qo6BzuCa
  Recipient associated token account: EERTxkzgWXGRZfXMfMj3JPX5WE6rmwtQJEpkMcoG1rgK
  Funding recipient: EERTxkzgWXGRZfXMfMj3JPX5WE6rmwtQJEpkMcoG1rgK (0.00203928 SOL)

Signature: 46KocgZfH6J3fw4Y6wkgJHxtPjaGPQKB82d58TTYsfQDb1zRhQxKNNXyMYmZEXamUwUG6KCivNQBQXALwDFfHpfi

Transfer 1 tokens
  Sender: F6qhXXUb6VaJQqxePp2r27ciyGueZTSZqzsJJyUd6Tt5
  Recipient: Hj8r2JfHZTJPqQuz3GWCiu8sgAnYEj24f3eaJQhRerUf
  Recipient associated token account: Hdm4RBtM2SExgV1fR54yGyu6kbEJQv6b15Q9gnB1QEY9
  Funding recipient: Hdm4RBtM2SExgV1fR54yGyu6kbEJQv6b15Q9gnB1QEY9 (0.00203928 SOL)

Signature: 5ZQyJ9chfr3ERW5ZKXjjei8erb2TRN7cBd7MMaMCRwPYnmSoWTjwXj3o9TfsMVHAmo6kdTbMRbj7u8KGRXj1WGGy

Transfer 1 tokens
  Sender: 5wMmwTAcLaZ1sZvGLs5EHG8XkwvwXf5CBbD4dbTzvo72
  Recipient: 5AwbrzztsJT3wbgYFNLhyFXvncrMP48z3qBY7QxC3gqb
  Recipient associated token account: 7aVot2UsFPdhoBZ83bkNpaAZ13qnvePe5YFQJMHDnUCs
  Funding recipient: 7aVot2UsFPdhoBZ83bkNpaAZ13qnvePe5YFQJMHDnUCs (0.00203928 SOL)

Signature: 4jLn8rqZwQKweDQU3WTGpyHvHUGg9uYGNyQe3pqX5F5Um6zeUhCstTGZsPWgXXYSQTtuZzqza8EyfL88VhTaAQPQ

Transfer 1 tokens
  Sender: 4LLbCQWZQ6kcX527FPXrQiRwUMUzfVqHbaEzVjwp435h
  Recipient: 7WBK3dgGwvn94Z1ErHt3mDW2jWW4pzcKmw1PzKBGUNLL
  Recipient associated token account: AuqZbrVjtcDAr4CHQ4L281QbrsPhvYMNkBV92uwuvLwz
  Funding recipient: AuqZbrVjtcDAr4CHQ4L281QbrsPhvYMNkBV92uwuvLwz (0.00203928 SOL)

Signature: 2mjALYakzbC3uph3AKx1bZFH2a7x7CmgRJD1utC1RjtPkxVbCMJwNDmLb294mzFo4SGFkdTZkct2JRoUXVv47mW8

Transfer 1 tokens
  Sender: Fs3pGcZQNyVmPyUr4epYXqHQarc3vPpFVsdzHBXNXong
  Recipient: 7tMyU22ViPrhY14fy31bSmTsQK6rwc9q3Zbq2u5RkZis
  Recipient associated token account: CxYgF1cmqX8HSjHxbdKDRbiJ3eZtrQ2n6Tcjnn3L1457
  Funding recipient: CxYgF1cmqX8HSjHxbdKDRbiJ3eZtrQ2n6Tcjnn3L1457 (0.00203928 SOL)

Signature: 4rRyvLAbgyebHU346pobgLh6njXZ15uNEtPpKAHRVPbTpgMiFHj1r29Mwj2B71FcLEFfbD8bnaEEnPjK82baPhgS

Transfer 1 tokens
  Sender: 3TRGJDxotKm3pxa75Ekjr1YPZoGbEPwWzoiSKHsUmWrG
  Recipient: HAU6zuxFMa3qeKevp7hA5tABr6nT5arw2DJ4D3GZsnrC
  Recipient associated token account: BU3gCk3ZdXFDgyVBiGymVBF3rmQVePcTdFw5MfpesQqg
  Funding recipient: BU3gCk3ZdXFDgyVBiGymVBF3rmQVePcTdFw5MfpesQqg (0.00203928 SOL)

Signature: 5k7ktAjd7GSCGKTXkW8vhxoft7eGp1hhj3pfRBHUyz3Q1mBykwBzkx5gtJMwwERDPKfn1S2ejax6siZ511pMGb2M

Transfer 1 tokens
  Sender: 83nXaEsM2EV7kr2oknztcPSAVs5X8wBZoKWgL1uyeCYE
  Recipient: B6vnUveAL1t6uVSuHMXYfnJ2jksTVk5dMmQe4UQ5bop1
  Recipient associated token account: K3ZqAKJudeFmDxWmuD5gCvypihhiekeYKbRx3q3T6wU
  Funding recipient: K3ZqAKJudeFmDxWmuD5gCvypihhiekeYKbRx3q3T6wU (0.00203928 SOL)

Signature: 3wi4SqBnLvkcdgfenqDoYc6KYpfpjwNNzRBdwHLev9huxDHLW1n3QbVhDBWAHXBfEokGo3UJRh712FKZ4E85bngk

Transfer 1 tokens
  Sender: 2tj74Vu62LGzy635oCGBuf7TzPSwsKsmTqUkBRNTk4rB
  Recipient: 4WMY5TfBAwg6oubTVh4WiaEPPiitbxMCJknUbewcd8ae
  Recipient associated token account: 6ZHXGdRd9MiTcjEDyaKGMTL4Mpqqipde7DVCwDc2Q769
  Funding recipient: 6ZHXGdRd9MiTcjEDyaKGMTL4Mpqqipde7DVCwDc2Q769 (0.00203928 SOL)

Signature: 2b8x1HfV3k5eKrH5NMT7cuZHzjQyPMgXMjioJSMfCRnhzQcDgCDa5fnzqDKEZuYLrmYwuB3cdsdTWdkvfzq2QjF7

Transfer 1 tokens
  Sender: 66kiFFvjaPxKsBd4YHSxgQptv7ijyAaSPC67Kf36Cjhc
  Recipient: GzjpZ3LMWMMcvuAHUWT6tPnaHBVNpYQL6AufGqHmGndW
  Recipient associated token account: Dq6Sx47TBckCgTFa877JL4rU2dR3qSFeLXgRoyEuev1L
  Funding recipient: Dq6Sx47TBckCgTFa877JL4rU2dR3qSFeLXgRoyEuev1L (0.00203928 SOL)

Signature: 5pCzSVsZf7Z3dAZTA61tafKFRmTwAQx5cW8wLPBDuVZ5GxnbafZonNEgfCUbYoKwriC9HCc21U3pbhUZwvQCJidW

Transfer 1 tokens
  Sender: GP3xPNM4ttk6x8wzQSnin5jDaMAUKcE1atqju7HBvni
  Recipient: E9nCqWBQbQTW8aY75TqnkGLFff8j5XemtGJm4hDLrjmZ
  Recipient associated token account: CrTwuHo3FoN882d2zHocs42jmEudTHXSoJLVFhvf6nHV
  Funding recipient: CrTwuHo3FoN882d2zHocs42jmEudTHXSoJLVFhvf6nHV (0.00203928 SOL)

Signature: ZR8SSbsGKcFPtTVmHPPXPEWxF61xDg7WVwgPJ6c81a3wBqtAKxa2kTkY2AsTs48cShwANBaVwjfQFrmptyeqbn4

Transfer 1 tokens
  Sender: DM1xecna8g66wTKnomQbBG5NG9aZ7smaAopPeGpMuLbJ
  Recipient: 7qhXPKf7ZK1hQ2JuLPyGYiezGcyndSnNfAFXY1veLPxg
  Recipient associated token account: 35C79LphSdUGmq68LxhXPjFz1Lq8QaS34khzkkvTFzNz
  Funding recipient: 35C79LphSdUGmq68LxhXPjFz1Lq8QaS34khzkkvTFzNz (0.00203928 SOL)

Signature: 59sjpUs6xAdGG6av7h4yeVmYszYW2JcsDFmSHP6ozrEfdprnTcm7eiHmwQ6BJjo4MPu8mVtzMeHbR4JKhTLwYyt2

Transfer 1 tokens
  Sender: 9xbDpthDPSrLYYXcZvS5ui6gD2BSGW2qZVvPEGFA28Ds
  Recipient: 5vEyraHzZCP5yM5SMv4r1n8MGsSQeP5Mh1o6TXoWAvfk
  Recipient associated token account: Gs92xbP1W3KkzyibRoULcTMUnzd732aGLhopSeVmPvVm
  Funding recipient: Gs92xbP1W3KkzyibRoULcTMUnzd732aGLhopSeVmPvVm (0.00203928 SOL)

Signature: 4qdoNZBBCFCx1QoubkTRicU8aeM4FGcJVTZeLt4assfqskJqVStLuUyNar7mVwViUPwJUqvVJiDLFb7E5T1mtJwr

Transfer 1 tokens
  Sender: 7uoh2MLtoSMajEMisgFyLxZDzNmtyZoz54o47tXrfyuF
  Recipient: 5Cz7GSRKnuFDaXRHeNJpHC77aqU9BY97eXNBBCVhckLZ
  Recipient associated token account: DZVgN65h6mMYgDcr9AHpJmYNfM54R9YquztnD8sd5PRX
  Funding recipient: DZVgN65h6mMYgDcr9AHpJmYNfM54R9YquztnD8sd5PRX (0.00203928 SOL)

Signature: 2tusgQ11pRTAj5MDfcZL3b8ykzvYy2wnD1vCkdbKFix3xHwceMvPhnvh6JV3szCDYhSwauw4NkWwh2wLo8Koer7e

Transfer 1 tokens
  Sender: 59pN5wXJuRyFyXsEJ6Z6Lx8YQuGcbXUJ1Nfo2avpuw3E
  Recipient: BzNBbPBGkEa1qEcgBvgjkq9vHEXtqeQypxep8Vjrfnhx
  Recipient associated token account: 7U25nYm6sqZgdFEroJfNKjS8N5bTkyAGnaCxGsGkdp9q
  Funding recipient: 7U25nYm6sqZgdFEroJfNKjS8N5bTkyAGnaCxGsGkdp9q (0.00203928 SOL)

Signature: 4M8xc1g3tNG3MTgsDUnirQxjDKkLwtJP7Rao1DRgkionYrA8pehwuzegogSVjGqpRzcSP4tKzRnj1aPFRDcgcxoL

Transfer 1 tokens
  Sender: 4Z7tstHWN51dCsKZetR4NdynPFNhxDEs47WQNkmZHABX
  Recipient: 5DR6UU38j5Sg8DjS9WXe8P86j356c59Esp1LijT9z23
  Recipient associated token account: 3iPyEuffEEqtGvCfGXSYCKXEpwsZHHWXUEapxePThf5C
  Funding recipient: 3iPyEuffEEqtGvCfGXSYCKXEpwsZHHWXUEapxePThf5C (0.00203928 SOL)
Transfer 1 tokens
  Sender: 3Z26dwvDy5Gvuq9a6Wr9ygv4Zdvo962Tiu375XqfJ4ra
  Recipient: B8unY3f1mc2T8CoSFsdmo13Stj4sXZYTxLtQwH2DwyvZ
  Recipient associated token account: 5KHPoQD84oFhNzBVqPh2hpxUMofXHe691mwkYSLrK1jx
  Funding recipient: 5KHPoQD84oFhNzBVqPh2hpxUMofXHe691mwkYSLrK1jx (0.00203928 SOL)

Signature: 4UQQcHAtj4mMXZa6QhyYwtrLwJqWriNgBsgSoXY176fEfWfnfW79WrycSKetE3yjgjXTLBGBBqxnUj98JkoypvN2

Transfer 1 tokens
  Sender: HcWMnDAMfRWNFPYufrgdafQ7w2ac8YAwvWtsQc3XLSdX
  Recipient: 68qZUb4UviBobRWxaMJQPjGzEpVkb6xuY5k3YMfU5zCN
  Recipient associated token account: 6SVYbW4HU1BeGB56rCZWsnh25fAvNMXLGmPPhyWwgXaZ
  Funding recipient: 6SVYbW4HU1BeGB56rCZWsnh25fAvNMXLGmPPhyWwgXaZ (0.00203928 SOL)

Signature: 2941pWpHkUvPMugv2ZP3skTt7nqPethzxo6ibEekJzAAQe3Go4nbZNaDUygAynJzAZDn7MDBFHUV6EUX2Qos9ypV

Transfer 1 tokens
  Sender: 6KE8Y1XwmTiS1YbAUQTvjHnVP6vqEnSpB6FRkutWyfm3
  Recipient: GNSJ9xpHiLcTNEhFWvSqS9JXiQ9mRKNfGvr7QKmRCoAF
  Recipient associated token account: YJZ6qTARpzhCB8ZbxDuN7Vb6k4piKKCbpedLuuowYVp
  Funding recipient: YJZ6qTARpzhCB8ZbxDuN7Vb6k4piKKCbpedLuuowYVp (0.00203928 SOL)

Signature: 3AzyQ2Pz6ysJXqFaKWYDX3vyZN8EGAs3SaMY3rnZkysUPjA6SXQdooYqakbCfh9E1hpXDPADmAGaB2APVhq3vBn2

Transfer 1 tokens
  Sender: E6ZANBegnvt41Y9GukJAiSDPuRkjZCBTdYQjBsoMXTpJ
  Recipient: BK8PNVo1XbKkyS3f3BHPbHDNhxKtbSadVquP9v3m5cRT
  Recipient associated token account: XzQ7taBqtJAX1LVKGgHLTDnQ9N4RNhxhg3iAmNM8GQ9
  Funding recipient: XzQ7taBqtJAX1LVKGgHLTDnQ9N4RNhxhg3iAmNM8GQ9 (0.00203928 SOL)

Signature: Wm2ihAKztsWXTZkKww5ip2NdLMhQrbUzeNg7eRNvyGoWSytPATg5dXTrSj67bfNQZr5EsAb41achH5eNNQLfrJ3

Transfer 1 tokens
  Sender: HopkEdqsGA72HJcWPibLU9nHVYNRGCyVeFpcz5Kd9TXR
  Recipient: 7iSwracYgCbijrsgHZFArEp2NZcxUL7rPWTAaE3gdEEY
  Recipient associated token account: ZJynkwMaLBHvf6cuR9rSq8EBan5jQcHppCrYUzMrvnL
  Funding recipient: ZJynkwMaLBHvf6cuR9rSq8EBan5jQcHppCrYUzMrvnL (0.00203928 SOL)

Signature: 67VA1VYbpjMyLFQtKdtnA8vvtA8SrfDJV9XdiXhEyPNjpv4M6f7hMW1cXWMhrxMe5DUJUGt9MdxxsgSFdTEahh7X

Transfer 1 tokens
  Sender: BRAgDHTdYAxVVPgvgCq1fPfgCxHSUPDNJqudeEYqzGqa
  Recipient: 5t5pfR6Rz1f6XeLX7ribnVFZcY7pXLRbcdpEqyoFUnA1
  Recipient associated token account: 9hByEReKrymV3ijC6rZoCSZihMP8iMh6mBTaXK8BRKqk
  Funding recipient: 9hByEReKrymV3ijC6rZoCSZihMP8iMh6mBTaXK8BRKqk (0.00203928 SOL)

Signature: 4MwveyCQTvNt7otwuaByjJc6sfMSuXPAC7TCyHWACZezgUQFABV9BvKWWshUAZ5LFU655hjiYF7x9E1bEgjannh6

Transfer 1 tokens
  Sender: CRima6CG3WAHtcDQCGvc7a5y4Pqb7fzYkt6iAcmXNAF6
  Recipient: F4hN7ecndZ8Gr5KQNSFaSrMGawMasz7jfWTLTMpk7gaB
  Recipient associated token account: 8GrUVB1nm8b2i2VcdiTN5K1NWZkDqPk9VFrLopkcxwYG
  Funding recipient: 8GrUVB1nm8b2i2VcdiTN5K1NWZkDqPk9VFrLopkcxwYG (0.00203928 SOL)

Signature: dbXJTaVF4MzbsBoKh4CBfbFzcvYAgnXuDqhQ76m5xNasQZatCS8vFGXpSw25mgroFnd3fNhUh3Gb3E5XPvS1DF3

Transfer 1 tokens
  Sender: HCkM4FKqGqowvoekoKyeSk8C76txHx36sqaBHMtgk8gh
  Recipient: 51oET2dy4vCmZ1JMGYR9hbsvsLng1vcLD6z2AZp1uq1j
  Recipient associated token account: 6TwAra6FoKbwyon7zR2hUiPs2aCm1CKbpHyXvPCp6i4Q
  Funding recipient: 6TwAra6FoKbwyon7zR2hUiPs2aCm1CKbpHyXvPCp6i4Q (0.00203928 SOL)
Transfer 1 tokens
  Sender: ADX6aU6J3JpLoRQF5PysQRUcMZ24sz7wkFLZDeKjy9b7
  Recipient: 6DtPgUwXQcuvZcWrKk6x6RHwdUBZbsdiTqc8xRbfFkBN
  Recipient associated token account: 7L1CwXvVz25dYAGj7JLenidHmd3kt9Er1GqjEFLtwLj
  Funding recipient: 7L1CwXvVz25dYAGj7JLenidHmd3kt9Er1GqjEFLtwLj (0.00203928 SOL)

Signature: 2T9Qia2EcnaQqHC9YSL4btYgk99jm6BAvs4SMcsaDZ7UPfdZWz13Z6Dn8vasKQGMRy3H8z23exbbkg4DYBaZorZR

Transfer 1 tokens
  Sender: 3cCJGwLdUwvGP19o1STZKUDBUyrwf4qY4yjsVYDsaHkJ
  Recipient: H8QmDjeK961AHxcpu2gCNLKAoJpDqumzKYYcV8Zg7Ftv
  Recipient associated token account: B79UBpwdi5pyBgP1VD2948Xhapr1dZZUgnko6WXntC1o
  Funding recipient: B79UBpwdi5pyBgP1VD2948Xhapr1dZZUgnko6WXntC1o (0.00203928 SOL)
Transfer 1 tokens
  Sender: AQPdNuHj2ifAWV8bxBDBdn4XfJJXRXeGXnEpkQsrjZCZ
  Recipient: AbkwtiYEpLLyUKcs33dokoPyY1A8PWCPKq9W5ACtagkE
  Recipient associated token account: AXBLV59kjSR98XBC3WnkadHXrEE8vKh4R4syEi7BdhYv
  Funding recipient: AXBLV59kjSR98XBC3WnkadHXrEE8vKh4R4syEi7BdhYv (0.00203928 SOL)

Signature: 5EZu8JbH5TRSp5UuzuwCDXVykdwVYTrfGiboJxfdwCUneiQD7XZshLvZcdDppHYi7RRALH2n2gJzXB9DJRwpV134

Transfer 1 tokens
  Sender: 7HEoeF61fsjgqpde9R3AiBx5oAtUcCf5ieiiqkBuS7UJ
  Recipient: 7o4NoA1g1asZzi8D4fRPjVuDR6YkKGhLRwVbEFfmRWX7
  Recipient associated token account: 5v9UXgtmHKjtfAU4ehuQHKKcVFX9Cc1Wx6ToAd3hRmwv
  Funding recipient: 5v9UXgtmHKjtfAU4ehuQHKKcVFX9Cc1Wx6ToAd3hRmwv (0.00203928 SOL)
Transfer 1 tokens
  Sender: 9Ke4raXBWo6XjZMzdfkUJajeavxnenQ7n63pig7Q2ivE
  Recipient: 51oET2dy4vCmZ1JMGYR9hbsvsLng1vcLD6z2AZp1uq1j
  Recipient associated token account: 79DmEqgGidat5KRATQiCEUbMwSSPzvN9gWjkzvRMKP6m
  Funding recipient: 79DmEqgGidat5KRATQiCEUbMwSSPzvN9gWjkzvRMKP6m (0.00203928 SOL)

Signature: 3Ce4WhMjyhuX4H9NYDLnfKyrTJkoFw9mo8ngPkryjzLxTeyYsiJZarQreNuryS3K4rWwSKgwSZ8uZZRb8DukHCL

Transfer 1 tokens
  Sender: 665trDqyC3BKSwfBKzbVCdXpdSZH8EXhx1z4BiTpmtP7
  Recipient: 9SeFbAaSgay9WMX6v7AWSQDbE5Dw6T6TNHnsCiEfGRQp
  Recipient associated token account: 5PkVppMEBhPpv7WDpKdKSeWbEczKeh9ff1vLLMkNp16L
  Funding recipient: 5PkVppMEBhPpv7WDpKdKSeWbEczKeh9ff1vLLMkNp16L (0.00203928 SOL)
Transfer 1 tokens
  Sender: 6knxE2pTzrEeYxWTqWQwoutSExycxDHQ4GC6XmxCcZi3
  Recipient: 51oET2dy4vCmZ1JMGYR9hbsvsLng1vcLD6z2AZp1uq1j
  Recipient associated token account: GjgttL6B7KVWBJazm9cFDyrjzTQ7UpqUuL3yakUENV2d
  Funding recipient: GjgttL6B7KVWBJazm9cFDyrjzTQ7UpqUuL3yakUENV2d (0.00203928 SOL)
Transfer 1 tokens
  Sender: 2juNPAHCv5Z86DKBjgeRRfhBi76gLju7ezYzP4Yd8Ef6
  Recipient: EEUHeJFM6mUeN44v3kpepHXXBcGY8xV38TjTNxHEt76U
  Recipient associated token account: FdK77A5f8vNFTyB6dnqBCQVm5UuRKeKo7C1utCswcTqL
  Funding recipient: FdK77A5f8vNFTyB6dnqBCQVm5UuRKeKo7C1utCswcTqL (0.00203928 SOL)

Signature: 3HEKVR45isZrFzQFdPboR5JgnHxazJoyFHLTgTCZhtcSFV9oRkDF7i7wdMqSTCJZJZbPX3rNfKfpz29wppasnV5Z

Transfer 1 tokens
  Sender: BpHhYf23H22jyVJJRxPY18c8nKYiQ7YkGzLAZJmhwqQX
  Recipient: CKMDD7Xp4pBztCG5G2utc3kXvFqPJ17HMDPUwhLiHzhM
  Recipient associated token account: D1vmVnHYj72oSbGzXgt7TSQ5ELaFdJaAJPARFdSppyug
  Funding recipient: D1vmVnHYj72oSbGzXgt7TSQ5ELaFdJaAJPARFdSppyug (0.00203928 SOL)

Signature: AuU7oyFsbsC6FBEG8iq47oVgBRRZM3b7qBRLPy54EJKT9JyvbpZZ8Uujct1UgagtSnt68eE2MTuTX6EtHhVcB4t

Transfer 1 tokens
  Sender: 388ZEnxp7qBfZBwwSG8hdxACYrTd4xu7wCH5K7PsDXk1
  Recipient: FpSrQMhnYa8YRnEQqKstyi8DYsMvET71CPfnmJkBSSP5
  Recipient associated token account: CQLUHYsYvFVzZiVayy92PGX9G4wfcwAjUHJ52Q2XMVMg
  Funding recipient: CQLUHYsYvFVzZiVayy92PGX9G4wfcwAjUHJ52Q2XMVMg (0.00203928 SOL)
Transfer 1 tokens
  Sender: AZjA1DJKXrdRv6aqAi8LDaGCuN6i9Pnzge7D2YFZWaUi
  Recipient: AcJVmhauHzT6Rxoc2AKFvDCaAsh5t76TooEKQW9RNhxm
  Recipient associated token account: 9aatLpzmTyY5K1SUkpWLs4KAhRtt9x6BAnbBFtNdXtp9
  Funding recipient: 9aatLpzmTyY5K1SUkpWLs4KAhRtt9x6BAnbBFtNdXtp9 (0.00203928 SOL)

Signature: GWMGSpWT8erL1ZiGMvowMSPCLwnnrzzPTXNDwSZ3wedRqw3h4srN7U47mirLDiMK4tGi84whBkc296QYzhFnTfN

Transfer 1 tokens
  Sender: 4ytAY7gk3Q4CnEm1LnfYKZS8TwANnLZu9QPJfqhCy23p
  Recipient: 8Nj7AC1oPcx2oC7Njihwp9Ee3Aez787kvww3sX3Bdox2
  Recipient associated token account: 7C9SKTryEAbzpVQrkDH9JffEyzgxrExVoC9JUPMP8TpU
  Funding recipient: 7C9SKTryEAbzpVQrkDH9JffEyzgxrExVoC9JUPMP8TpU (0.00203928 SOL)

Signature: 21DuLGcDm8JYP29QwjQSNgxcf2vWfWvDjxikV62czAvwZfnhZTAgHLHSsNvuyP9tJwNwKPer8DiQj7UEzk3pBs5L

Transfer 1 tokens
  Sender: 8UffyUWMypEWaxj4gKNcjEYegv3a78GavgDVgdm4oub9
  Recipient: 961La22VGQ67stUvUMWpRhp3dRma8vPvTkySkSspVYiD
  Recipient associated token account: 62W7iRvMJJDpnY7AR83xdQhrqkinznN9tfKkaqvPy38j
  Funding recipient: 62W7iRvMJJDpnY7AR83xdQhrqkinznN9tfKkaqvPy38j (0.00203928 SOL)

Signature: eVouuUKRi4F1KrAChgoM9QELZzMjbsrPsRS6ANZpaiXqNiRxKBvprsESK9NKgY9UQFyvicmJ2DjX5gqRofM1JvY

Transfer 1 tokens
  Sender: NBdps3TWbxsAXGsYMK6dz5uWLsBnTbU2KB7DBkJHNUg
  Recipient: XFGVjd4PJp8km9qQgtmLQV7N5dCSum9KxRrPhdRQzZ2
  Recipient associated token account: 81dguuc7QVNggM9t5A87TNs8TW3dFyuVC4nX5cTNELgv
  Funding recipient: 81dguuc7QVNggM9t5A87TNs8TW3dFyuVC4nX5cTNELgv (0.00203928 SOL)

Signature: 44EPBaPjYJscWC4tawZiL5dadMMUepK7KUeyok3rS2hrxpPv3gejVHnLtSowPFWSfbu495FVgdwh5syXGPuZznUo

Transfer 1 tokens
  Sender: 2BFFxUj2CgkEbQqsNUQkTyXt5vGvfuqHGwBRpvopoGuv
  Recipient: BVFTQzEas8kMPkcugksaTTuLnQJ8ESxtLryk4ngdyvjU
  Recipient associated token account: BXGH6sX2x1yN8C89Lo6Uh5sCC4DLifL1RrAZcFQsU2pg
  Funding recipient: BXGH6sX2x1yN8C89Lo6Uh5sCC4DLifL1RrAZcFQsU2pg (0.00203928 SOL)

Signature: WPPv3UonMnG5SzP6eKCxDZwgWgF1DfNJMxFk6aZcB5bBW21c5ws5qV6z6xHRVQnPaohrNd3soCTzHevEbUesc5z

Transfer 1 tokens
  Sender: ADzFP3MpcAZKVsT9urPZD2tahwh2g4a1SDLvmJkEE1cr
  Recipient: 97xAKp8FjyXkiYqTtYWN9ArD7KxTevzaCAo7VCcwLAsK
  Recipient associated token account: Fivoh2oqkX47ZD131rugMt5RC3diXTnJENvzaGkY4oLb
  Funding recipient: Fivoh2oqkX47ZD131rugMt5RC3diXTnJENvzaGkY4oLb (0.00203928 SOL)

Signature: 4BdPLA45v8sDWuakgfKfMNgazgTfWW7K1Qax5i2gsEhQ2A2U4VJhdP6qQxKnXUxjxxeYLS42YcHUodgvNdG4Ceqe

Transfer 1 tokens
  Sender: FiFbdKTZTo4HaiWCT2hTG9TYBY2pDLxHqK147FwcfTGC
  Recipient: GSfDaL6w8DGZQEhTLmhKtjwJYJiKdLT9JsYTdi2W4WMZ
  Recipient associated token account: CkxwKhXYjKz6MU6HoDdJmCXDGsc8G5rFvKyR77uR6tPt
  Funding recipient: CkxwKhXYjKz6MU6HoDdJmCXDGsc8G5rFvKyR77uR6tPt (0.00203928 SOL)

Signature: 4wun4jjqsf4PvtuNH9wobAVVYocSWZDdq8mhSrEP1tpqvcFQm6KChAQPkWUMV5YAcchtz1EjcgvBN2ZCxCttKzDt

Transfer 1 tokens
  Sender: GRz45Sii22zX3gJcfqtuXyeMFe8bGc3VWwWXT7EDnTA2
  Recipient: BxASWxha82Gq87axcFsuwaUM6WUhbK59WG6iHBHPmtmM
  Recipient associated token account: BJUhPKkfrPL9Bn9WYAcFjHnH4Cx69o5FX1JPKyZPAQY8
  Funding recipient: BJUhPKkfrPL9Bn9WYAcFjHnH4Cx69o5FX1JPKyZPAQY8 (0.00203928 SOL)

Signature: RpaVa7Y8t1bhutVPzVK5jhwyQvGup6nxf4L1UZpa2kEx34bkikURGZ1bC6jJz455qdM1nZLsgW2RF99HkoXFPwb

Transfer 1 tokens
  Sender: CjnJvwsgFjYyLx9qGdLeNZVUjmDgdkKfcMueB6JRoppS
  Recipient: 24sfBvg2iFCtnLsbr3zX9QFCVeHbZwJaxj1eXifZDsgd
  Recipient associated token account: 8XfSfa1wQvJQdjAPhT3Hdgvqk8m8k8zJKpi2V3V5GGWs
  Funding recipient: 8XfSfa1wQvJQdjAPhT3Hdgvqk8m8k8zJKpi2V3V5GGWs (0.00203928 SOL)

Signature: CZ1o4d4MBLfE51gdFsJELYiVjVvF4PKQB8Jd95BAaMGjBnz6VjKkYu6sibSk3Y6Y1DD26RBhuRcb5kvkZGedGvT

Transfer 1 tokens
  Sender: DnCB4nkDFXwdPLhAHPiQP9QekFCrro9k1o2UPMUKwR89
  Recipient: Dp6QdjX4LyD8mYWEw63SdC7S6DJH7j2vFkBLPo2CbXGe
  Recipient associated token account: 8pYTMY2vbmzduia7hYr8Fhocq9oVeiJkQdYURkwrd9eK
  Funding recipient: 8pYTMY2vbmzduia7hYr8Fhocq9oVeiJkQdYURkwrd9eK (0.00203928 SOL)

Signature: 2WU3EtWH8CVxyfw2QNHDZw5jK3h8nmWp1JEj2bUNXgVb9gAVgMFWSiCHxh49kwB7NfsrQ6a8Yi6MKovV341nEuPZ

Transfer 1 tokens
  Sender: HJK5TfWftC9cnztxdVd193j2gaeQAgucvU1pQYv8kjz7
  Recipient: 5JJXuC1YzZ1BA3Sn45whVh3b28LTnXuUM1RfuLnj53sW
  Recipient associated token account: HAgfg38B2ezBGx6ZJciTzSi57zFXuHDDjoUyhVxoCvoa
  Funding recipient: HAgfg38B2ezBGx6ZJciTzSi57zFXuHDDjoUyhVxoCvoa (0.00203928 SOL)

Signature: 4gWSuccw1n4HgPqSsRQq9QPkE32TefkDa8cQxVKxevErbE4MVLidKNf7MGQsFbfQYLFHCdzyG5HmCDbWkZwAfDRk

Transfer 1 tokens
  Sender: 2EJy5yAzqEoDyqEn7R9u7E6f412pR2rEAGK5iKPzL4dw
  Recipient: D1tMMrAaXFLbi4eugULzX5iHj4CHZWqUN3oJZ9UWZV6r
  Recipient associated token account: AVjeVHzAjsq3qoVwEeKHCfxtD33y4iKsn2CgwuiGg6wg
  Funding recipient: AVjeVHzAjsq3qoVwEeKHCfxtD33y4iKsn2CgwuiGg6wg (0.00203928 SOL)
Transfer 1 tokens
  Sender: 7v4sTsmMw4siekYjVTNUWCuogbDwrwAMsEcPKuzXsX8w
  Recipient: DajLww9JAzbHx6VNacZZWYKQfUukB9bibGRcwwHs7e3P
  Recipient associated token account: 8EetWpsNqGQcnXvcb67kaHXTFTMGWKo5aNPHa3kscj8j
  Funding recipient: 8EetWpsNqGQcnXvcb67kaHXTFTMGWKo5aNPHa3kscj8j (0.00203928 SOL)
Transfer 1 tokens
  Sender: 6o3x177BwiZ9p41HoHx5de8UwdtTsjcw3pHGSq9YsWDK
  Recipient: HZKdRj9EjbnUBGGdHHf5dLYgmJokJ2MkMkAhpxGyE42e
  Recipient associated token account: 7Jd9bZ42QcJZNETgJP6KWMCjGUdxPAcTTzoyTvYBVvF1
  Funding recipient: 7Jd9bZ42QcJZNETgJP6KWMCjGUdxPAcTTzoyTvYBVvF1 (0.00203928 SOL)

Signature: 3XF4HdSnPkRMmisg891BkWZ7G54e611yheSZghVk5c3jMBQPYNn6w7pXazeB5viohqhMbnG9MQZg3GHnsimzzfVa

Transfer 1 tokens
  Sender: 4h7MoCpcxXmyYUGVsRLVy39JJsRREfbg21cejyeWepnS
  Recipient: 9KtcWdeMg4Q3Tk1bbG8LBcBXDUYcRHia1ZuKhtRu8PLK
  Recipient associated token account: 87M5xrtMswb15mx6kwfRZF56YUNTndKHHUFwkWVKjLyd
  Funding recipient: 87M5xrtMswb15mx6kwfRZF56YUNTndKHHUFwkWVKjLyd (0.00203928 SOL)

Signature: 5JnSdaiqoYrrV9MqBsbyueerzzsmsRipuDNZJ6FPRVcZj8C3ezbb6f8Db3vKpiPxTiUNpt1Dq773UwgJ39d6GKdo

Transfer 1 tokens
  Sender: E2uwHqeje2Q9Z5tZF1yMMSdpE1JVqPCqfDeZhktKuhkG
  Recipient: CakCB2mYApvhtzJWgmejHjuTAVDGbBk5zjzrDctgkxjM
  Recipient associated token account: 7HeMniHWA8AhL9FXMy143wgtaBbEAwv6rXYMb31ToSfm
  Funding recipient: 7HeMniHWA8AhL9FXMy143wgtaBbEAwv6rXYMb31ToSfm (0.00203928 SOL)
Transfer 1 tokens
  Sender: Fye3EgojYBPx8sg7oqgWzL26eGMwo2cZAWH8koL2MVCt
  Recipient: HAtAwndeBCMfZgSJSLcpKfBEXam3HMpCgRZvfmMM4dSy
  Recipient associated token account: 8NcKvqARFzCMvfS31VPdnL5ZcUyazHiKJXpMch3FmH1r
  Funding recipient: 8NcKvqARFzCMvfS31VPdnL5ZcUyazHiKJXpMch3FmH1r (0.00203928 SOL)

Signature: 6DW1rGRcf2QyL5HC9dyVBe8jPLjvty5TVKNHkPs7oP6jtkxMdn9BjnWGREsVQS3krW7VyMTC76kuhuzfqBt8QB2

Transfer 1 tokens
  Sender: 8CW1P7tCjFPcCeoLWFsp9vvzyDHBL8i5GACXDj8hTq9W
  Recipient: CH3T1cTkevM4DT4PTc9ozSSBxLYLU6romerxjEDdq6Qx
  Recipient associated token account: Fw3kPw9wJu6qHD2j4ahw3Q5vAV6Pa88njSkEjUp8cvoV
  Funding recipient: Fw3kPw9wJu6qHD2j4ahw3Q5vAV6Pa88njSkEjUp8cvoV (0.00203928 SOL)

Signature: 3GsJ2pkAHqvjC6TzqWoMJF1jSdZENSkeaHoA8f4NqtyiPTZR6tmA43kfkyQnQa3jnH6ShTGxif2oeoSDzUPaTSsK

Transfer 1 tokens
  Sender: HKgULdXQywSYRqyHqq1v6ehMxb6oT2boZTV86U4DhJrD
  Recipient: 51oET2dy4vCmZ1JMGYR9hbsvsLng1vcLD6z2AZp1uq1j
  Recipient associated token account: PwWLTGfTA5732JZGatc8BGwxMAd2o8hV7GxPuGtCa6V
  Funding recipient: PwWLTGfTA5732JZGatc8BGwxMAd2o8hV7GxPuGtCa6V (0.00203928 SOL)
Transfer 1 tokens
  Sender: Cob2GwtGaazrx2PAGwYCESUoH6vUyE177ry9SKGa44Qp
  Recipient: G49DobN5j8MCpNPFtoEAP6zA4xQN6fPhW5mmDPJNDhps
  Recipient associated token account: 48j2Dj8xSuH9HdB558o4ahfwbvpKmXMw1ZoUYoUAJmpL
  Funding recipient: 48j2Dj8xSuH9HdB558o4ahfwbvpKmXMw1ZoUYoUAJmpL (0.00203928 SOL)

Signature: 37jUW3E8nYMMevhYVpUxUqJ2uKUi8uHTWTKnEzzuWSQnK5HnzZJnno9nQiL1LG7c5W3xYjmeAzCNVoymoqM2K23J

Transfer 1 tokens
  Sender: 3zFm2P4QQhnaSTKmF6ZhCM22eprekMWYFiTri7kBeZrS
  Recipient: 5V28cSsngWmq1n36JQPpVPK5oM24se581ck3obbjjSyy
  Recipient associated token account: CvGb21NvXZK7ErrWCmBuHasTyN8pHmib98a2dsnqFR65
  Funding recipient: CvGb21NvXZK7ErrWCmBuHasTyN8pHmib98a2dsnqFR65 (0.00203928 SOL)
Transfer 1 tokens
  Sender: DtgbxdpAfsHCFNe3bf66eMr1UcNEtmCQnTzjS3HM6zb2
  Recipient: EQFh6gCBG5E8RfDaUKnVerJYmMDzpYq8rGm62UiX5XkH
  Recipient associated token account: 55qzNPhNyN75asWaAhW28dcUX6jZFyNeWWSYaHUcDd8W
  Funding recipient: 55qzNPhNyN75asWaAhW28dcUX6jZFyNeWWSYaHUcDd8W (0.00203928 SOL)

Signature: 2UH3snGZnHyB7C1dMYJQQ5GcRwaQYTEq3uGSrH44jkLrmdm2jN753BDCp9fSCQesoHuE3nKYQRCWNTUcDv3RGQim

Transfer 1 tokens
  Sender: A7f2AWCLPrBn3jKTT8Q3ySqcb3rGae9voECdJveHVC95
  Recipient: 8dUiSpSbdd72cXm4bmAL2we4jUHdkqTaDwoFX5Ajr8XM
  Recipient associated token account: 8L9fRTFevETz4XBYgFa9CBg81dKqVwP2KhgUtBLwxTyN
  Funding recipient: 8L9fRTFevETz4XBYgFa9CBg81dKqVwP2KhgUtBLwxTyN (0.00203928 SOL)

Signature: 2HcmdjQjCWSXK1Vjv4qkDqtGZtLPeYV2MLiU8Rpqko3BtcdkRnJtPDWCWLxr54Yy8ucVejTNKWfCBprDSn1Cd1gc

Transfer 1 tokens
  Sender: Dbwzdfti11stwzQBUTerqeWkVEkZnt8zSxnWRLdb3ff9
  Recipient: CzBuPFMJQbPLw6k3B7z7KNBwMWfJZZKTFBYZLhYB27N1
  Recipient associated token account: 2Ts5TXh3dQ4PM7t5krnnmRt1aNcWp3k3nb5qe6VGgq4S
  Funding recipient: 2Ts5TXh3dQ4PM7t5krnnmRt1aNcWp3k3nb5qe6VGgq4S (0.00203928 SOL)

Signature: 5UbfUst4YjYKA2LjXbV8wGZgSwq4drDqftU8Fvjs6FyQzZxDGdp8tvPm9cPoYFqqdz21wGXjWGyMNxBhiS89r8Mw

Transfer 1 tokens
  Sender: DEG1ebQtrATWqWAAi3qwXCFRiXtfUW3z3FDJGQrL27TX
  Recipient: DWaAVXvNg9NcNUPLCwRbAhc8NVmFzSLPQCFuwkxgp9Tk
  Recipient associated token account: DyRdQ5nR6iqousPST29BR6fXxUFcoFeuutFngWyc8VxH
  Funding recipient: DyRdQ5nR6iqousPST29BR6fXxUFcoFeuutFngWyc8VxH (0.00203928 SOL)

Signature: 3PE8p82h7oYr1suYXc2Rx8Q5TmnW8HF4n2c8pMWLRxYTvFVXyd1Sh7UvGhoFXVJyWSmRbjjMyUjW5JAzWpDCTZgw

Transfer 1 tokens
  Sender: 3hV9GyNxNo7bfd81Q1ce9Bk9ZWXXgxK4tvJ2WBznr8Mk
  Recipient: 4Godan2Sq78jyqw1Nd5uaiywo4kbGydy8LUedMnsCBrN
  Recipient associated token account: 4ZLprovutCHsXS3cDbMssMoSLaeM9TMzHnqhjgifb8Pg
  Funding recipient: 4ZLprovutCHsXS3cDbMssMoSLaeM9TMzHnqhjgifb8Pg (0.00203928 SOL)

Signature: 4PkgrwhZwTGV9u6ru1RVKZETJCrYwnCKCqUEHt6iBnnshoWQ3tp3QYesfcsk4gfjk5X5FAGF9HKdPemX3LhhLwPv

Transfer 1 tokens
  Sender: E29mnKE1Q3e6JMA5dfEUXmsvEN84fbQJaGm3fW3tBhir
  Recipient: 59gMFGgo8vfgDGnevkpPchjteThHXce4o56qENi68MMc
  Recipient associated token account: 6SgaZDHLdkML2Kb4R8RqYqRqrpk6EdHb1HNCiZm5mccD
  Funding recipient: 6SgaZDHLdkML2Kb4R8RqYqRqrpk6EdHb1HNCiZm5mccD (0.00203928 SOL)

Signature: XFdj2uyugdAjMMAT2NrDEf2krZLaTVLfbJUYqjuX2mqyCsGLeiy8zmwZCQkbC9cowbcvBRZqG4vGMNT7484Ma9V

Transfer 1 tokens
  Sender: 9U4tn9gixGfDtQb3TQhhx9XPp4V93oNVKMkrvtgUuJBk
  Recipient: 4bSP9hBtaFBWtzyftRy4UNJwwqcAd2QWNXC61sVf7p5y
  Recipient associated token account: AgQYhTJha44ZujPRRpCF2rPDnqQxDoTxWN1JdRYPNv9B
  Funding recipient: AgQYhTJha44ZujPRRpCF2rPDnqQxDoTxWN1JdRYPNv9B (0.00203928 SOL)

Signature: 4V4PTzDPXiwNPpWBUuqUrhKBQAscRvDmZ8LVCoMbouu3eRBD9nHEXUAdh84TYrPF4DD5KdmR1Qwjp8aQ9Loqi7FY

Transfer 1 tokens
  Sender: B8y8B8Q98hqrY1MdFTwUEtbtDTDXpc8SGW6FZjNiAUpu
  Recipient: 4Hsiz7q8vfBizJWsE9RViFpbAPmiH4pBHcA7ksq5JTaF
  Recipient associated token account: DQmSjKAUEKjetSXgvAxQgWcpp7dFU1CJNxuxC8movZBt
  Funding recipient: DQmSjKAUEKjetSXgvAxQgWcpp7dFU1CJNxuxC8movZBt (0.00203928 SOL)
Transfer 1 tokens
  Sender: GWqNXheongJNZ47zG5B9visLuZQnW8nmuhUfxyY8KfhZ
  Recipient: A8wVZjY1uR9TMfzF9Kc6B2zPCBNJ5VpNa2HWC7ERykFs
  Recipient associated token account: Cz1deUjEi66vSguFCLXzSbifFYJADoNyJVDQfoGqYThV
  Funding recipient: Cz1deUjEi66vSguFCLXzSbifFYJADoNyJVDQfoGqYThV (0.00203928 SOL)

Signature: 31CH9JTsSHoqd1scVCRaRYcFQaTLcn1sgoTzHucMQjgs4sYUXXKnMMVjTLerTDb2okENrMyQGXQoGdXoj883SyXm

Transfer 1 tokens
  Sender: 5ZzHLyPkPvD2p8pujFsyFahJhcSUEAHuE3ng9Wv2NEUu
  Recipient: 5g9P9YJNPxRMTZtWTPyRkUmdvaVae4MVjhr1ZHmHYbRH
  Recipient associated token account: AYrYwJfcW1BjGuYgonujfqiWH7oebaVM6erMueJ6fQph
  Funding recipient: AYrYwJfcW1BjGuYgonujfqiWH7oebaVM6erMueJ6fQph (0.00203928 SOL)
Transfer 1 tokens
  Sender: BFvbW5qk6A2ewqQ7CuzSUQYvnAxKsiWj82pyPa7vExHU
  Recipient: BTqTymCi5fqFhRrpyKXxxXibJ9CKPMuRqkoGn5myQDMy
  Recipient associated token account: FvXoFQheNhE4xHJsLVdpPLKSmbtnUNzHGGTzAd11mF72
  Funding recipient: FvXoFQheNhE4xHJsLVdpPLKSmbtnUNzHGGTzAd11mF72 (0.00203928 SOL)
Transfer 1 tokens
  Sender: Hwe9ScrF1yrcAXbR2Vv8DGwP3WrXF1p2Kn5QQ3W279b8
  Recipient: BVFTQzEas8kMPkcugksaTTuLnQJ8ESxtLryk4ngdyvjU
  Recipient associated token account: Uw8K4N6BTMeyyRB8q4gMSYFWfAZ3uippxvLCMjq49Bk
  Funding recipient: Uw8K4N6BTMeyyRB8q4gMSYFWfAZ3uippxvLCMjq49Bk (0.00203928 SOL)
Transfer 1 tokens
  Sender: 79Fnrgr6CSw1cTZwT4kUeX6YsTTFTRgD4YGSsvcfr2S9
  Recipient: 4dKbzteBxRPnJLaVDyj4t8v6i6G4PX2ASr4iqyrcaZZF
  Recipient associated token account: 46zEss96rYHeXHFhAz3DaYz92FnibQrBuJA8tVWWA4xT
  Funding recipient: 46zEss96rYHeXHFhAz3DaYz92FnibQrBuJA8tVWWA4xT (0.00203928 SOL)
Transfer 1 tokens
  Sender: Far3Zc51JTtb53s9E1dR5dELyGVbeqtFYHmicH2CFoim
  Recipient: FueBPqyBkhnBogC3fngZQpYHVVLbg2KX6ZHTV2b3rcPv
  Recipient associated token account: FkNW9aC1h5Dw6uMXs2CvyUYdbPmzqTFq1jK4Db9McPdc
  Funding recipient: FkNW9aC1h5Dw6uMXs2CvyUYdbPmzqTFq1jK4Db9McPdc (0.00203928 SOL)

Signature: 3gyeqLXsi6dQ1j5U6TtinanpEutDoaodByhcmyXmhmXMzqxEFt6zp9jHPx2f61sygSo9AHCncgcA7Rtp3qauiyNb

Transfer 1 tokens
  Sender: EAHPdNNkyqfN5SALfqzsu4zbEgsjPmwqF2nAZWHXsCmj
  Recipient: 7Rc2EiHPue8BJasestxqZQT8hf13Z1UELT9Fm8ur9W2o
  Recipient associated token account: HDSTyL9vjujQ4EU8iRBowcWnN9qSRA6VUU2nDvaaCRa1
  Funding recipient: HDSTyL9vjujQ4EU8iRBowcWnN9qSRA6VUU2nDvaaCRa1 (0.00203928 SOL)
Transfer 1 tokens
  Sender: 3qnj8WF3r6Puej9RnjLuSbfpcGt33PzpAS15CT68Q5ci
  Recipient: Ci6AUJN9w8VY6z3RoJqeJyKpRPdx9uvm7n8nRTPYGnQS
  Recipient associated token account: 9CsLQ2mwUnKCiK5y1FPymM63iehwoAm38VWAA7aK8fa8
  Funding recipient: 9CsLQ2mwUnKCiK5y1FPymM63iehwoAm38VWAA7aK8fa8 (0.00203928 SOL)

Signature: 268rhepTmY3oMCzPAtGEec5Xt4TPT4RLTL14v3Vbx5nqheVL3Z9ECLNCxkv9b9ziU2QBMbPeWJzYoJhavPwHypDp

Transfer 1 tokens
  Sender: 7BcLPfJmfBZrBSN61eaNhVsjLnmgQ3tyJuN7d2Fyqcnz
  Recipient: 4dYe8NDUKCJir7hYoFSC2FCJwVa6uycEfyQZ7aYrCqih
  Recipient associated token account: 9ktk7rVUJK8FnUrE3mwNsxM1q7g6L8KZDdseZhBMdwLJ
  Funding recipient: 9ktk7rVUJK8FnUrE3mwNsxM1q7g6L8KZDdseZhBMdwLJ (0.00203928 SOL)

Signature: 3uMQbvLJVsXGPaUGBKJ8GStALNQ5dN5g5Nwb5YVHShxq5YM9aK225u7jn1T4mCceGYEL427DbbfiTuY1rmZqgEMT

Transfer 1 tokens
  Sender: 4hodLYuAYc7qGmHeMq4L3wQHA8rCb3DCw5896fRn96Bm
  Recipient: F72ZZGfTciszpW3HX1H4FNfGJPvpygkU15KtFGH2bFVh
  Recipient associated token account: 5kAjdHdcT5tt9hkD8EP63asjn7iQ128CRn8Wn1UW6Xi5
  Funding recipient: 5kAjdHdcT5tt9hkD8EP63asjn7iQ128CRn8Wn1UW6Xi5 (0.00203928 SOL)
Transfer 1 tokens
  Sender: AzDdtkNzUiVCbzRqcfm99X6pCHmEpjH37cYNHpvmgQpM
  Recipient: EZsxgTx6JXqZS34sDynrFkKD1Q64Eve7AW8FjawFfovV
  Recipient associated token account: H9A8BU2yydgbPKbCEFrEd2BdYGi9S9E71mdxUKE7xftP
  Funding recipient: H9A8BU2yydgbPKbCEFrEd2BdYGi9S9E71mdxUKE7xftP (0.00203928 SOL)

Signature: 4pj8B7pWmkeRLtew4FNPo2ZrmyMKHEgBeYRagGNE1TwW1UHsXg6W6mQBZZpjKXpwpsUmhdkzyrZZv5w8gys5HE8b

Transfer 1 tokens
  Sender: CVeszhRZ6hQKEtrefY5xXdfawwiYE2EaDzrvknqg6KxZ
  Recipient: ANa8iWHMUpAsoR2V1EgWD7qvxCJ4oJJQL2jz7vimWT45
  Recipient associated token account: tXyGmVvU1Tk7yL13rL8LuKHzG8jnT7JJX3URFvua1Uu
  Funding recipient: tXyGmVvU1Tk7yL13rL8LuKHzG8jnT7JJX3URFvua1Uu (0.00203928 SOL)

Signature: 61dH48TdVC5YuBRU5i21yjoigdQYNht1t57rSxDqu4nCrbCLzvtQBUd3GyD6PxKYp1Zj1Vy3DiCBLerkbg6e9eK

Transfer 1 tokens
  Sender: EWDn7WRuAqNUpwLF7uiCms68uPXbVhAhuHNEVr1jEE7Z
  Recipient: 9K4XUuN1rm5ErTzCH5kUg6L3KjC6SvMKMmtspar5HQGi
  Recipient associated token account: 8SE2a4MkV3LtcKkxw3KtefPPXCLK1mM9hzFkrsbHKMmV
  Funding recipient: 8SE2a4MkV3LtcKkxw3KtefPPXCLK1mM9hzFkrsbHKMmV (0.00203928 SOL)

Signature: 3HVv8j2hSWxb7wxY6U4qDt4ZyxKaYJjcFfCoPkFBFoqyzG3aka4LRgtyteyUKuUw5iLFjZKJQHhJ9RdAPZRUSJYC

Transfer 1 tokens
  Sender: AdnMgTshoR5Vdv3D9tT5uz4BwQXfUesHfD39KWtRborg
  Recipient: C6WmdDdWMA2LK6Xw47QKufq6ze5pEsEc35vSpU6wWcyv
  Recipient associated token account: CbfptHYzDUr2mHHoM389qkHSV6pAJpDjZ2GPujHvNndF
  Funding recipient: CbfptHYzDUr2mHHoM389qkHSV6pAJpDjZ2GPujHvNndF (0.00203928 SOL)

Signature: ArDuEoWMadPkYt74oWu6yNzopvkxf2mDZAxTihyqx7nB6iTFKGtAgSD4evvuYAYc1JLnyWpXoimtEbSUhod29UT

Transfer 1 tokens
  Sender: 4FnR1cNjr8vWTstkzhryXox5bpg8YeyPBofrhqhiaPxB
  Recipient: Bs2NRpK5zPhbhchTM2XGqys5uLw4bjZjiWQJW912XwWi
  Recipient associated token account: E7Lchkcx6vTAWcbebq9rRed8hv8LTgNxxxBykjEkx8cv
  Funding recipient: E7Lchkcx6vTAWcbebq9rRed8hv8LTgNxxxBykjEkx8cv (0.00203928 SOL)
Transfer 1 tokens
  Sender: 3URU6XzKBNutXNFP5CsZzEWGT2AgthZGGXa6d7fFHrUb
  Recipient: cACEdxQF6BnG3iBYJwWRgCPpdKCdsR8VhuNmcaTZdDP
  Recipient associated token account: DiqZBVvZtJws3FvTKRmcGBJS6Tk1QM7wdRhoFp7E29UC
  Funding recipient: DiqZBVvZtJws3FvTKRmcGBJS6Tk1QM7wdRhoFp7E29UC (0.00203928 SOL)

Signature: qoLTA4NTEPoUX8gGQDgHkVuBziLHbEJNw7v8hDDcrrsqdfZqU9L261iMSwnQnwnkVxPk2CoJ6BR4jR2v1XonDrP

Transfer 1 tokens
  Sender: 2kdou1ZkVkH4CiejEocov1jVRyecjDFmoAEMtgisKks3
  Recipient: 5VScZFwFzWBBgVhbiayhEfTmDi88mVowUtRP6rCFF5vD
  Recipient associated token account: 7n8qn3LFJfv88ueTHZnzEFXPrtNQRWbUr8zmRxAiufWN
  Funding recipient: 7n8qn3LFJfv88ueTHZnzEFXPrtNQRWbUr8zmRxAiufWN (0.00203928 SOL)

Signature: 4eiE5Nkym45un6s52qaNft61qus7yyHDZAWyYnFAWhp4w42rR5EdTLUoM892apNfQqwxXsrDzeZavLHeZvg3SehM

Transfer 1 tokens
  Sender: 7ZiVj3DD9Kaa2d6abacn5XYcDk8fNxghM5uhBFxpyTH
  Recipient: FLiGbsPCmjyjQXNJnY9SxQ8n9ZY7LLiero6YpuDB4CUf
  Recipient associated token account: Bu8wSFwZzzphYR6Le8eWMqeNNcBmfMoNWrfp9yyjBi1t
  Funding recipient: Bu8wSFwZzzphYR6Le8eWMqeNNcBmfMoNWrfp9yyjBi1t (0.00203928 SOL)
Transfer 1 tokens
  Sender: Au86XnKD8jiidykMUDb7BZed97FsAhqiqMErhWLPTDun
  Recipient: 3eiNNyffVEpmdn97KLaJArKz829N7CMt1GHCPd8uftCi
  Recipient associated token account: Gtj7okEJvWNxvn9Qz6fe8s3VuaUS56F6yTzzu3NekfCc
  Funding recipient: Gtj7okEJvWNxvn9Qz6fe8s3VuaUS56F6yTzzu3NekfCc (0.00203928 SOL)

Signature: 5tfXQu3193MHzXVEvA3PLq3UuaezPggRWtVTYfJ2V7sUHKaXQ6rvj5YqR9uNU9bz2pwzPZv4ZfUEvdHwM1vNEbyM

Transfer 1 tokens
  Sender: Gnao7FmDPnegVaivD2NizbsZbjGiKGZVLsvVz7q61Sby
  Recipient: 2ChMhzvBeg18trwtxDWSjPpjMcbNj4na97jiFBcjYdaw
  Recipient associated token account: 77ytw9XxvAMQmyhvJ4F7wGJSU7fqKmBo7a9p4bQDGmyM
  Funding recipient: 77ytw9XxvAMQmyhvJ4F7wGJSU7fqKmBo7a9p4bQDGmyM (0.00203928 SOL)
Transfer 1 tokens
  Sender: CZNcJCtZqJvDaFJYoeuVn41tQhnwR98qtqMUnJ7EivM3
  Recipient: Cm8cYtgtfyULCzisqUnMg68aqqi12PGZScouQfJRfrG3
  Recipient associated token account: 8V2cpePztsAsJUccTjGb2cqiMPgvHAp1yMs6mAcHvdZg
  Funding recipient: 8V2cpePztsAsJUccTjGb2cqiMPgvHAp1yMs6mAcHvdZg (0.00203928 SOL)
Transfer 1 tokens
  Sender: B1TYdferaSi1bhbMU9hdwarXim9Jn65dp5FEG8AgUHE9
  Recipient: GP5wZ1hEfpD9TxhZzPGQVWSS6VVBaGY7J6dt8KeQuPxv
  Recipient associated token account: G7c4xnZoiNoYgTxdCFrReLQA1QdyE44WBRjStYGuQbxX
  Funding recipient: G7c4xnZoiNoYgTxdCFrReLQA1QdyE44WBRjStYGuQbxX (0.00203928 SOL)

Signature: 3KrSqgJyo1MNWRUjBxVWj7U4KjFJ75mvjGFJrhnVcYFxpcW18zY6XZuYCkjZw1svGKj12T1gGVuaoA9En1toQg8b

Transfer 1 tokens
  Sender: AZK5EUgZM3GHUGx5PdF2zDMZB1VdcKkaUHeUpuv4BNti
  Recipient: Bw1hYhphtLhxBbAaWt1MKZGdQi8EczD8xL9M2PDsDSY6
  Recipient associated token account: iVATCqqLD99AGyZ1MS4XKrNdCF6JZymTtMNpYxe177L
  Funding recipient: iVATCqqLD99AGyZ1MS4XKrNdCF6JZymTtMNpYxe177L (0.00203928 SOL)

Signature: 32q3DZm2dc4y6KicN5PyTWZeE3kBLvrR1i8Y87jP6uiZADGvcQS3XyhV6TBh5vnZdqmfpFVXSWriiahrjd6Z6dmT

Transfer 1 tokens
  Sender: HKbPpMLJYCvPyXsb9yDEXcpiTAD4uVreAizLteht5NxP
  Recipient: 6vPbtxmJmjzoQD8P72W2fqYbyHh9WNsDxLkUVq5eiYes
  Recipient associated token account: 2kGtQTSeSW2WP4UVY5g6wiXdV6PBs12U1EgEf6oZRPth
  Funding recipient: 2kGtQTSeSW2WP4UVY5g6wiXdV6PBs12U1EgEf6oZRPth (0.00203928 SOL)

Signature: 2sbcHcr5c334yRhd5SJnvw6Ry651t6zoYxzyWwbGA6wKvrq5z5Hb2QgTBL7EB2rZY3Z6QDEQF79Ji3sDRgmsYA7t

Transfer 1 tokens
  Sender: EdQ9SoFxf8gNcD8jVS2yP63YrNFWCsfqdNjgLDzFs8RH
  Recipient: 23XNgo4x5FwiQbN4TV7MZ4ssDgQ398vrpkfD8F3S8KTj
  Recipient associated token account: 7V8EzTnE5hEeCqXM2rVs2Y6qbEiFaDZL5cgWcBgKv2gj
  Funding recipient: 7V8EzTnE5hEeCqXM2rVs2Y6qbEiFaDZL5cgWcBgKv2gj (0.00203928 SOL)

Signature: 5dEXUByJNUhKNMKrKd7DGfb53SErtLkdc75QEqa4AmZcvNfTSdVgUXhKpyLWKfRc6p9fxmXB6M9MUcdhTN1DyJua

Transfer 1 tokens
  Sender: 2EWYqiFgxZNRopwe8qiu7s7eBei73ALkdD2MkqWXJUmL
  Recipient: AEUto3eFWHLAmmVRq3Vo2fmHXwte525jQGG6D7pN4RRd
  Recipient associated token account: BosonNrWR6uJUCK5QBjHBiyoXDw9ehW6dLaUN6gM8wvz
  Funding recipient: BosonNrWR6uJUCK5QBjHBiyoXDw9ehW6dLaUN6gM8wvz (0.00203928 SOL)

Signature: 62ozy2Vwr3Y3FKWRoJiUFQTPiu1cybQNYGwyjgEe1W15z7W1jB5oMNLfFRs7LfpaGkots8nritNdmUu4iLHoUHsV

Transfer 1 tokens
  Sender: Gh4UDk8VvgZPZdSuRefz45adtk9nMX3q9XrJy48LJQ84
  Recipient: 5EhvzizkQZW3ADDc59jyVqHdEKgb3u1AiAuCFJLwvYdj
  Recipient associated token account: AdQuABbLiy2hwyCumvdtDXu1Vy1BwRu243cNM1EyHFwc
  Funding recipient: AdQuABbLiy2hwyCumvdtDXu1Vy1BwRu243cNM1EyHFwc (0.00203928 SOL)

Signature: 58xEgPBpJW5UqqsX9eBcGF3f9qJmMT4N5iFT5nNoTMESNyR33ZqLVEsuymDV32wRrMLaDDQEE8T81c6wwBcfr1MH

Transfer 1 tokens
  Sender: G2C53SesnNmfu1auBf1EWJhCE17AGk5HkZMxsgYrxtLS
  Recipient: HAS97VVQ7HqNXTSbnAcEXGJi6tJJYM81axF11YZE74u1
  Recipient associated token account: 39EutbksWH4jNm5d12PXe8fJLLARVr6RMyrYJqq6PvDD
  Funding recipient: 39EutbksWH4jNm5d12PXe8fJLLARVr6RMyrYJqq6PvDD (0.00203928 SOL)

Signature: 5Lb7khE7sGLyt99Q4wHV7vkSfNB6CMgrdvH8hjEK4mPqFU6yF6eVtprjdtb87ywLyioReGTgiF831dJSa4ZmbtLw

Transfer 1 tokens
  Sender: 9ANQjcgyXBK9HHTiViJeVFuFEX1sUbxha9xBTEuFAv1C
  Recipient: 9nF2vqusHupTTNgw3quL4f3jorvPdJ8VBPv3Uw1xt3Mv
  Recipient associated token account: 9gwQkdFkShM6SHyfR5QSvNmz7QiyEFBUDg6YFqsmbDxa
  Funding recipient: 9gwQkdFkShM6SHyfR5QSvNmz7QiyEFBUDg6YFqsmbDxa (0.00203928 SOL)

Signature: 2E8WcnbJYb73f7i7sFZ7GpuPtQEkNwXxKunHA6Yn58hgMJfhf2LSNsqJha1sxAJ6xxuuWh7qkaiBYwAaPMECwEqK

Transfer 1 tokens
  Sender: Evbw9NHTMaDHqYyYZYsxD2ui1YrjpxCTWR8kGecRr5uP
  Recipient: 4k9aBR4iEG4VnZqZ8kuuPoh7NhAymsnAyr8UvyLuwwFG
  Recipient associated token account: Ea2XEBLXCHsoA6y14UzqhTxPMj9bqNSBND6vjuYVoDZH
  Funding recipient: Ea2XEBLXCHsoA6y14UzqhTxPMj9bqNSBND6vjuYVoDZH (0.00203928 SOL)

Signature: be4rhwpAFGCMTKe8WppDMTF2qYDRaqy9jU6NJSpTptVyQTVxS2L3XcdJU6HY1mhg7inWhW93mqbvCwv7snqDJK9

Transfer 1 tokens
  Sender: GsYEd8zBT3V1CfswvhDL3fy4a7C4yAn5wwH22mtw14Mj
  Recipient: 6uGbcWXz6Qdbe7HRRBjw2KaA8WRRv28vteb37ryYDBdz
  Recipient associated token account: E4Uov7UzwtoGvQHHSNxxWWtoSRki6LYE77E8miDGwauv
  Funding recipient: E4Uov7UzwtoGvQHHSNxxWWtoSRki6LYE77E8miDGwauv (0.00203928 SOL)

Signature: 1SzSZATjpLCHKm6Ym3WCvLiKStWunK7b7BSbGtMjJp1iN8XkmYPUk6g849oxddVEqyKQBegsawNMc8Px5jyKV1D

Transfer 1 tokens
  Sender: EZSM4Dr3Kbrd3SBhELmPBoMiSStx8qNrRZA3KuWdTRqA
  Recipient: 3oGV8ZtekVMm1hDSvCGfPx2dRVdLiNX6X8knF5gS7Z5d
  Recipient associated token account: 2uEpAzaa5MNfw8XtuYyYFNzcHEYs7gt6v8xW9cCKdoqm
  Funding recipient: 2uEpAzaa5MNfw8XtuYyYFNzcHEYs7gt6v8xW9cCKdoqm (0.00203928 SOL)

Signature: SCqBaUWSxo4pi7ZuQNYN4SRK6UCFeJfYTB7TdAEMKzstUMYg44S42rvzp32roLRzuKbN5VEF6RULPvoyiKW3PUw

Transfer 1 tokens
  Sender: DWH32qErub3Et6GANuWbVXHC1YnV9VQYjwcxdWsZ9cev
  Recipient: CA2YSCaxW4spUDYBtTZ5F8HGmFq5wwS8enW92bDM9qDy
  Recipient associated token account: DB4h4uHLUgDi5QumUezurs97FtuynptcrHeKgPfED3pX
  Funding recipient: DB4h4uHLUgDi5QumUezurs97FtuynptcrHeKgPfED3pX (0.00203928 SOL)

Signature: 2H7AD79gktY6XYgEV8u6qo3PszgAnPH2iE8qrsXqp3MLdBbaBGEfoFRHUobKTH1AZhuALLe2jHkW3aduq6aJbrq7

Transfer 1 tokens
  Sender: HnwyZdczqhftU6pDxHVn8msQXrfAi2tR7Gy88Y2r1MpM
  Recipient: FVKyPjy23bC4PkynMmadqaukK1jbCanZ2HxhGW9AghwZ
  Recipient associated token account: 9EahkX6C3BKu5im4r5Rbg6ZXvXnckViaj3LmM85BsDRE
  Funding recipient: 9EahkX6C3BKu5im4r5Rbg6ZXvXnckViaj3LmM85BsDRE (0.00203928 SOL)

Signature: 2kb2s9j8DrPeMCB5tTxUWh28Lsxhj822xgRpyAyzYSaFchtKAKsdndoQaEfAbD9hv9XFkkNm37QVcPEjB16uzzk

Transfer 1 tokens
  Sender: 3zTeXniFZYMtFzBNSsCGgYFHNYdvAwoDNR9aArCRCjC1
  Recipient: EoWMun6oMxKTBCTGJ9nHxmFuY56A7bVxk5ieJGG2Q1EY
  Recipient associated token account: 6Pa2GnN97qUDZUj3h6JffYS3gqpTMLhPBvoZbTR2XE4K
  Funding recipient: 6Pa2GnN97qUDZUj3h6JffYS3gqpTMLhPBvoZbTR2XE4K (0.00203928 SOL)

Signature: 2a4oYqHwfT7bne3qEjhMHtYU3egjuMj59HLCuUkXGRq3xZikBaP2nPQKTLSNW9UXypURqhnErjr94zxJEecGxDhV

Transfer 1 tokens
  Sender: 4gcMA8ZWir6aKVjmaNhD8Sax7PFLyF8UPBVGVcn8nvLy
  Recipient: 3vieQWivdeVHJsBsWxJGuEbazmJGv1R4yCUFEjSTFbf7
  Recipient associated token account: BmJt6gq4coLzbPmRHES5H3893Ki7smZuRr3dpegrqgdp
  Funding recipient: BmJt6gq4coLzbPmRHES5H3893Ki7smZuRr3dpegrqgdp (0.00203928 SOL)

Signature: 3acUK1dxWKaC4bZAD6TSk1G4D4uwW4FCmqfq6qbsDP9MmEn1UcnT4dsVhNofiX8xJkKWXGEZTQvs8Zp3ZNBtuPmg

Transfer 1 tokens
  Sender: FBPSGNDeApdWFZjwSSNnUcuBLSX6crzSwyLLX1p1JRsq
  Recipient: 2WkPKh2HqudssFdhTJRdj5q44oTwZrdPJQ2hGbgwMXrN
  Recipient associated token account: GY4omkFAbnF6aNGy3NoMmHLP23cfiokYdU3iC6ypP4GX
  Funding recipient: GY4omkFAbnF6aNGy3NoMmHLP23cfiokYdU3iC6ypP4GX (0.00203928 SOL)

Signature: 3K5M2hqtzhBrQK4pixqDdfnq33XHcbfikw5Rqvz5uMCHGn2PGMGg2yK5JwQQg1N9q6xZETr19xaucwD2wmQjEJ3j

Transfer 1 tokens
  Sender: 5ctoLnA9RaAyVq9fMkJVNSHNDcncV6SWAaxKMfRnRvcW
  Recipient: CcD1xV91Y1hfLqH11nGQXD4SarXgwxwRVT6EdziJK3e6
  Recipient associated token account: AVLAJwLmdjbeytHQgCXrmjLWDVasQd9HR8kxVYfQhbdA
  Funding recipient: AVLAJwLmdjbeytHQgCXrmjLWDVasQd9HR8kxVYfQhbdA (0.00203928 SOL)

Signature: 2ghSo9dwvDeT1XBTmzXzdsGzuBWJVvv7ZDN4RYzMMT51WvC2J4Dp1txB7DaMZ72miqChwksUGk2uonGgaWbuW7sS

Transfer 1 tokens
  Sender: GZUYPnq8cqcnztVYhCaqfUGWomA65aPGFt9WJvygi2ss
  Recipient: 8kX16Yj2WBCz1sPXcimafGrutQkw3s3Swe9sR3gt3cC2
  Recipient associated token account: c228zv3Jnu7oEmkwW1LLWbzN5K5ST8M7KUeZpit9eUe
  Funding recipient: c228zv3Jnu7oEmkwW1LLWbzN5K5ST8M7KUeZpit9eUe (0.00203928 SOL)

Signature: 4ng2tWRDjKxZGmQGkkxPdgiFf5q3HKENNKeG7gGwaSzTeDm6UfpmBb3afagbLBKchWxvYvvvgnExhjuRw7iJemuK

Transfer 1 tokens
  Sender: G8YxKXH2F9A9Dp4wVVoTcwE1RqaStJXFDf9anzdYGbmJ
  Recipient: GyGgjGQXKDUZ2BWRFGdergYgewnh1aTXsZmKTW2fMyuk
  Recipient associated token account: FgUrTSnaKh9spTwNToKNRthHjPQ6oZuMnc8BSPeP2bpL
  Funding recipient: FgUrTSnaKh9spTwNToKNRthHjPQ6oZuMnc8BSPeP2bpL (0.00203928 SOL)
Transfer 1 tokens
  Sender: CdC4UypyvqVw283hitY9vkxHHzXmaxkhm2hr7nxiTjcN
  Recipient: FKkt2eFZbQp6VLoSfrb5qixdUeh81LZC16mdJ4m34pqw
  Recipient associated token account: HEGHwnKhueaSVqUxqCQBWujsv9JCjj3Ld9531brBJJP1
  Funding recipient: HEGHwnKhueaSVqUxqCQBWujsv9JCjj3Ld9531brBJJP1 (0.00203928 SOL)

Signature: 3wkTREp8Fkyec49LQd1WKxc2S6UJ3NDkaxngnVhpfbrKVRJXzqR3kB5tgaHLLnTbddTi33tAEVki2Y8ongcfjDQQ

Transfer 1 tokens
  Sender: 41HYDMRviGMGCf16LGKR9JrxSjmn6memnQsHPREcy9yD
  Recipient: HENypccepnygXmwYLhaJwdGmjX8GwxgqMuLvT9P7hFT9
  Recipient associated token account: CcwUE2wVLN92ZiLQy9Hrzsfx1fcoaeBarYyyyzSNK8sT
  Funding recipient: CcwUE2wVLN92ZiLQy9Hrzsfx1fcoaeBarYyyyzSNK8sT (0.00203928 SOL)
Transfer 1 tokens
  Sender: CMqkvsyGC2or68UfVbFsyb7UiHLLKwrM4ApowuBe6ws8
  Recipient: CHZKVvLFfyK5pDe8vcmPwfhStvJzrJrT6EoXXMdkFdCt
  Recipient associated token account: CdG7SxzLa8Mo4Bk4z6aTaPknagqEwEMjKFeNf5uvvT7T
  Funding recipient: CdG7SxzLa8Mo4Bk4z6aTaPknagqEwEMjKFeNf5uvvT7T (0.00203928 SOL)
Transfer 1 tokens
  Sender: 6wea85z3rYRo1PBo44juvKYUPNJSEjA1ZzsspT5VW7MF
  Recipient: HekXqjAAuwYVKYmTjAt8kq9u3iJT3EjL6qZCCxNKdMet
  Recipient associated token account: DcmZpq3pN7tKgg8SyTGvyq24d17GyrBwXDzVMcVkqVeW
  Funding recipient: DcmZpq3pN7tKgg8SyTGvyq24d17GyrBwXDzVMcVkqVeW (0.00203928 SOL)

Signature: 3PU31yinfdGiMJpQdrAEa4RwzhPU7v2jgETLkxYnyeepHcXCW393wgTsUDRxVguEdyR2xSWAvGYSFtSvu9LdFwEn

Transfer 1 tokens
  Sender: BLpJm5D2CdepZuLjg5Ws9dfxKpq6ZSqcNmnthgRoYR4R
  Recipient: FEFpCkrg3gGRU4dFDdeqvfT3Xtvt1h8Evksmi6F7kaNf
  Recipient associated token account: ANPK7bSMJmPk5ZbsnrJJXpbaAkw7qukxCwKsHqBDD9Vb
  Funding recipient: ANPK7bSMJmPk5ZbsnrJJXpbaAkw7qukxCwKsHqBDD9Vb (0.00203928 SOL)
Transfer 1 tokens
  Sender: 8jcGXwM3ST96RFgZ4ijdPebQ7jf8dhtMygZTmjx8wYwE
  Recipient: ANUkikZTPfEoBrqtveRAeNkvVqZv335H5Nvspm6u9Ghh
  Recipient associated token account: C4x1NSQc5ZZW4eh2Bb3VDdoLx2ePSzfhjE3ue37J5wsQ
  Funding recipient: C4x1NSQc5ZZW4eh2Bb3VDdoLx2ePSzfhjE3ue37J5wsQ (0.00203928 SOL)

Signature: 2M8tVvqiHfGpJCCWhoEwsDmwNami7woLRAVSe8PTamPEY8JR7irs3adQHxBosRz9YMpq8jZ326xpxcYdghzEutpc

Transfer 1 tokens
  Sender: AygCBxm2cGR8aRp5uAwZ49uwykYV2EDASN4VbZdRJdj3
  Recipient: 6zWDCKJMWTGmpiJB8QTiWbXEhyp9beibaWAvZMdFdv6S
  Recipient associated token account: 5mhe5ksXQFkPk1VnfFAB8ussUwJq1gyaKEy4mojANji9
  Funding recipient: 5mhe5ksXQFkPk1VnfFAB8ussUwJq1gyaKEy4mojANji9 (0.00203928 SOL)

Signature: MWZEzZw4cr2xUbGJmbML58FoKRjvqnWcivUAnLjwMrmLM7QK1vQ5zR1vRnGnvkCL9pgNAU58EKN2UHDUTzdWQns

Transfer 1 tokens
  Sender: CaZfVNy6RduSE2WAt8pM3BnWrqkX6jL4d9bQx3Pi4mRG
  Recipient: 9nF2vqusHupTTNgw3quL4f3jorvPdJ8VBPv3Uw1xt3Mv
  Recipient associated token account: 85bhJcmHSHPDr3aHGBDyTSJZuDF297ALuvaHETsjZQx9
  Funding recipient: 85bhJcmHSHPDr3aHGBDyTSJZuDF297ALuvaHETsjZQx9 (0.00203928 SOL)

Signature: 48xhEa93B1R95RHqtjMqfJoQkKzTECgKRFmPkGuroxYoH9WqRfqkJxXHbaS3qsjQVRA8uj7cqQmr9BdVnstD8Pw2

Transfer 1 tokens
  Sender: 9wCdQkU5zmhfmuMxqVKKZ8fhggBYNqvJ8CPRkoV1JCbN
  Recipient: 51oET2dy4vCmZ1JMGYR9hbsvsLng1vcLD6z2AZp1uq1j
  Recipient associated token account: HCCM4NE3DH8K39ygcgSNXBsApLDtFgvAzgK2waFGiDNp
  Funding recipient: HCCM4NE3DH8K39ygcgSNXBsApLDtFgvAzgK2waFGiDNp (0.00203928 SOL)

Signature: AU4G6FUgkZTyJJdLYR7iNRCfnMSMUqaa1RQ1DZ36Ux4EtUJbLEDV1Wea8p1ucczy3HB75CBVFhRPUAgB6Gduy69

Transfer 1 tokens
  Sender: 4AUZgTG8dEswVFoMW4ECi7sssg5rQbMq9xG9uMdpCbep
  Recipient: Cm8cYtgtfyULCzisqUnMg68aqqi12PGZScouQfJRfrG3
  Recipient associated token account: H2D9absQvT593gRBUuUxeU3scKD17MG5qnF22BpY3nFp
  Funding recipient: H2D9absQvT593gRBUuUxeU3scKD17MG5qnF22BpY3nFp (0.00203928 SOL)

Signature: 3dsGAT9pbCFGzyAUNp4EpSSLCHCsCiNmYm9pFvpTTAHAtotDtg1iiCFaLX81Jmoe5NTsFayGGwReoC3ZMpfVggn9

Transfer 1 tokens
  Sender: GC5miox9hV3iexx5maYQQMBFX2RFv6BchUQw8omvpF29
  Recipient: 51oET2dy4vCmZ1JMGYR9hbsvsLng1vcLD6z2AZp1uq1j
  Recipient associated token account: 811988pEEuNYCLaQFDTRk4W8tJxKh7kQcXXKrmEH1Z29
  Funding recipient: 811988pEEuNYCLaQFDTRk4W8tJxKh7kQcXXKrmEH1Z29 (0.00203928 SOL)
Transfer 1 tokens
  Sender: CJ4Qtg16sVGbYrk2hWbfgF1J77G8KvyifMAjepa4D4j4
  Recipient: 63xaYrSjCh1u8B1NTPSV1xh4Szxtz2ktHdnM5ATK4zMS
  Recipient associated token account: 9euW7GfhwYRpiEnPwejZjwgDKzttJ2gYs6RpiPjbdn8Z
  Funding recipient: 9euW7GfhwYRpiEnPwejZjwgDKzttJ2gYs6RpiPjbdn8Z (0.00203928 SOL)

Signature: 3xRwUSQz7GAg2en7yaBjLWvLCFv9NoxtLPxUYo31r78mRqpC24ZvkDj1opndEuKB1Bu74bKGFVgcSUShNPLdfApA

Transfer 1 tokens
  Sender: 9BKhSwqv2dcPSc63Gd6aD9NMhLr9mSJU1FuZce63Aoty
  Recipient: L7vksHGNsmuNi2yuAz6MVyczJhDBLX1VhmGcZ4EQtiP
  Recipient associated token account: 7sisn1QrLAtCeyUr58dqCMsB7JKGtERFsVdNPVqYjnu1
  Funding recipient: 7sisn1QrLAtCeyUr58dqCMsB7JKGtERFsVdNPVqYjnu1 (0.00203928 SOL)

Signature: 56s15JEHGf8pdGga4JhAu8ac9QBPAY2Q94F95qgtVBy1WSJAgveiYp9zfhNytED4k4JjdJavbDKcekYaaSKpAnZT

Transfer 1 tokens
  Sender: FXZpxUfkLL5dHSmbsdVXv5ygGamnXnPQSWhsorup3gkM
  Recipient: Cj3hddF9BiUu3nKRkSqgtLK4HNPF1wELU4UqhiLtgLL2
  Recipient associated token account: 31EEW5xUaxn8sVg2CVNVTctsG1SGcBU2VAhP4xHWqxNZ
  Funding recipient: 31EEW5xUaxn8sVg2CVNVTctsG1SGcBU2VAhP4xHWqxNZ (0.00203928 SOL)

Signature: 3QwZPMDh5bz7t8Pnv2KgYK5eW2VTTvsHaziLeWDAh88QwwrEgpxyMcDKNbhqXhybDJ9UVr1rXWiWvseKveqDCZ6h

Transfer 1 tokens
  Sender: 23giyja8JvKEhpBGXzEWEZzuLWytE9KVAKpXcHiwKLYM
  Recipient: 6ygk428uaLYS75LxoTbikJSx8yXJ9BQzjeWQUu8ehymR
  Recipient associated token account: GwEPKWmZhKt6RMge5ebjctuCbtJQvmgHsaZ1B1WHwLnh
  Funding recipient: GwEPKWmZhKt6RMge5ebjctuCbtJQvmgHsaZ1B1WHwLnh (0.00203928 SOL)

Signature: 3kDaShXFUyUKVShnHRzyScpvoFuHovw73Dk7utXaiHhcUrPXkoEozBi1PcgGkMPYwbfyhhAxWYgVXpD6wVGmrxVk

Transfer 1 tokens
  Sender: DoC1834vMwK5jAU5HCG3i8Myb6tmQ7bhJ4KZHX542Kvj
  Recipient: DAw7L6BNNJQhszjN95NbQPL77AjMVL5df8R4Kx5FHfc9
  Recipient associated token account: BzJLFEAYt1J9Lhycytpkpdx86HeLw45GbeFJpAHG8Wzb
  Funding recipient: BzJLFEAYt1J9Lhycytpkpdx86HeLw45GbeFJpAHG8Wzb (0.00203928 SOL)

Signature: 4XWUAEjAhhjqa3PLfZ3RFJUKnWmC9HENnVXVQxpFyMtZQHnfvFej6m1vSbNGvtWaQaD5zPKtnNQy83EJRv6e6oEX

Transfer 1 tokens
  Sender: 2cTXVVn5UXMe9pkizYWgtEJfGEuxsupB7gzMTUYvs38Q
  Recipient: 6aHUbjgrRXEu6yMrsYEmv3QM5hs92HaYRGV3tNBjawkF
  Recipient associated token account: 6bpQgCu7woZbrbAg8P3csTcvjnXs6v7ZRf5bE9vF2uLd
  Funding recipient: 6bpQgCu7woZbrbAg8P3csTcvjnXs6v7ZRf5bE9vF2uLd (0.00203928 SOL)

Signature: 3GK9RwKYa3xEY19vW7RnUGFtkQCovbcspmS9FDD3ktYWK4FEfMHTumjJzcUe9gW9YLL96xFn4YjAnRSnnYiLm2us

Transfer 1 tokens
  Sender: 7gTJeCYWtbzh9EzwFfAh9NsbEFG2vFKcrTocJPCbnD5t
  Recipient: 9nF2vqusHupTTNgw3quL4f3jorvPdJ8VBPv3Uw1xt3Mv
  Recipient associated token account: ATmDYhUmnidQEfmY3bKZUg9h3Ngc8AobyY7bb2n9GnTZ
  Funding recipient: ATmDYhUmnidQEfmY3bKZUg9h3Ngc8AobyY7bb2n9GnTZ (0.00203928 SOL)

Signature: 2fqwmrpT3QmP4hBcNgpLxocKGfBcDZXb1seXDouuqXaFbWHxhUwQyYHLbbGSEcUrtMiaDnmNTbw3q8jE8T9k7vNn

Transfer 1 tokens
  Sender: 5Q7vwER1yNQbWGWqZWFbQXZa5pvFQgoAt2t3fSuJgiUo
  Recipient: 39YD5rZrsz8mSdtyVCfwaG2cAh5Amq4wDAgqZEtgXLRj
  Recipient associated token account: EU7RDTzBPJgXP5nYaqCrHpxgPe2oiuckPBCCwvFTZsgT
  Funding recipient: EU7RDTzBPJgXP5nYaqCrHpxgPe2oiuckPBCCwvFTZsgT (0.00203928 SOL)

Signature: 658NDubSVnLufB2kvw69xtC3VFBDiYPUrToAvXVXaV85572WN74fSKCEzagZgWx4L9373nLnLNUzXBxCP2vF7HjH

Transfer 1 tokens
  Sender: EUG8BC3diwWzajttU8GCVgtSVP6BjJ7TW8c7S6ZVENUJ
  Recipient: GEVaf9qiMshrb3qJ13QrKUNruydVujtc8nNoTGw1GEW8
  Recipient associated token account: Cm97VxhsuGeMrsDrjRjuaDK6a6TATdqLBA14c9PcsFYo
  Funding recipient: Cm97VxhsuGeMrsDrjRjuaDK6a6TATdqLBA14c9PcsFYo (0.00203928 SOL)

Signature: 5KiuBggyB8NJhpopF7tPJ12weFDasjypJErLqcTrnHhDZxx2mR26u1iFbGXnirTHy7oSgj4ECJQF8bvEFrApG7cN

Transfer 1 tokens
  Sender: GMzfUWZcq2bqi2Gbnvpx9zzpTvYrcuovKYtGyEsn2ELp
  Recipient: BF8twL1MmqiVRytBcgvYoYbiaMrHMpyKjsHfUvCZRYUX
  Recipient associated token account: 6xecHfGjEmWEGpZkBHQacqMhfZcdGeS5t98tePFLdu48
  Funding recipient: 6xecHfGjEmWEGpZkBHQacqMhfZcdGeS5t98tePFLdu48 (0.00203928 SOL)

Signature: 2uVWYRq4STJr6i3DrHuYvuEcYuhfLUTrsQbbe1UuuEW8CD4SfKxKTdRj67cepx34n87qpg9NRTRJfyxqxDU6wpi3

Transfer 1 tokens
  Sender: HSqJDzZdMmkRGk7872wzN6bTaRoYc4CokHYSwYpks86e
  Recipient: AerAh9j6xCweT81jJr7hUa3BQT2Yy396QZDmbpwY6HBp
  Recipient associated token account: 9FdiG1H68ygq3F1c9p6DxpKc4zQdaiFznATsjH8AEQdC
  Funding recipient: 9FdiG1H68ygq3F1c9p6DxpKc4zQdaiFznATsjH8AEQdC (0.00203928 SOL)

Signature: Pn41CE88vcrsuMT2xkYxpJAVNsG1cyaUR4Lpks4yiR5b9cyRLHbFS32rCrmTwzyje347AFh8ysiPqM2d6YbrpEH

Transfer 1 tokens
  Sender: 7zvoAwyQHCuFhtbzLAyx5T12X5FmwREkoYQJs9GLQQfX
  Recipient: Go6UmuX2on6HgCDmam8Uoc65M9UJBjY1EkuedCMiB7wD
  Recipient associated token account: 7H96bsnsbPwuqKxRDui3iVkLSvcHDxdDhbfpDsMtMUHQ
  Funding recipient: 7H96bsnsbPwuqKxRDui3iVkLSvcHDxdDhbfpDsMtMUHQ (0.00203928 SOL)

Signature: 2ZabBRsSf6MSUWXwo8i8DYDSmGbXgNFY2FtpgKKC9oiLQ8adCXPjycjHtMhVRSRBX89iYJ6gWDad3Gy877FQe4Ya

Transfer 1 tokens
  Sender: 7CxD4JRaTZgC4Tqv9MWfoMGQMj4LiafeG6hZwrWq5Qdz
  Recipient: GDPiX2yUZxepuvDVKfxYrN4mngqvE1zr4NG4CFj8YakH
  Recipient associated token account: 3bcg3vxVhneMYMeRQTF1m95tyUX13VzRSHmFSiowRL4s
  Funding recipient: 3bcg3vxVhneMYMeRQTF1m95tyUX13VzRSHmFSiowRL4s (0.00203928 SOL)

Signature: 25mQAxfXn6nN4uL9zCxKrtAYbH1DefznBpiAujoNKTPd7qffUcVG9emoiS8io6fhUSrWzUvuTDzRhE13Hi49oTVz

Transfer 1 tokens
  Sender: 8VHDXQ89fBtckKua2Mbcnd9xnFTrKUFLQqXC2LhShgug
  Recipient: 4fMHv5Dobkjf6NoDvPWSQE8UhZGs2Jhjgu8iuwp5ynPD
  Recipient associated token account: 9JD7and6BkSYrcNk4GCuTReUakor9C9GSWw8XXxUsRea
  Funding recipient: 9JD7and6BkSYrcNk4GCuTReUakor9C9GSWw8XXxUsRea (0.00203928 SOL)

Signature: EmK95u9JYd4xrA5S5iYXmzVufk3Cg6iujHifjGLroMFk4sZBaavFuwrA1BZ4yzLyMiY8VgStUrBMbbAq18KLzxW

Transfer 1 tokens
  Sender: Afut8c1mcvudesam3pmUYGa6rHJPtqPnqaUeNZzX8kJx
  Recipient: 51oET2dy4vCmZ1JMGYR9hbsvsLng1vcLD6z2AZp1uq1j
  Recipient associated token account: igwzcvrn8dQ7rEb5hbyjRt2SdeNZd1ghNEriiPkbeQi
  Funding recipient: igwzcvrn8dQ7rEb5hbyjRt2SdeNZd1ghNEriiPkbeQi (0.00203928 SOL)

Signature: 2aRXh71aP5SEnjVpVarhgxmj6Uymj8Zpr7ms2WqreAx7mck1ezJ9Nhbz4hoH5K4VfdufAzcwMs3kNLLCRDK2FEta

Transfer 1 tokens
  Sender: 2p9cJ2CpGKjUVvFpdcnQKde4zCQRwPqPPSqDyGgdwp5y
  Recipient: GWuAeuRDpAwKDxnVEDRW3hYn87dw8K91ZLrhhZUCftnM
  Recipient associated token account: 7feYDbdpRjVagYTDzah1UtkMuntxeogKTD9YNMMjX3L1
  Funding recipient: 7feYDbdpRjVagYTDzah1UtkMuntxeogKTD9YNMMjX3L1 (0.00203928 SOL)

Signature: 5LqERA3PsazWvmtGeh58nt8HejRCS3riu68t5AMSfcHrcwG7ENVtn1rSSxdR1MRWsxDAjw2iaKvgZhyKE8Njh7bz

Transfer 1 tokens
  Sender: EJqjEWvGpTUaHWNXvednKN4181UQqEy8xdpHAeoAn9RE
  Recipient: 6XHt7CrURSomkQrtVXV5JuKSZY4tQRpUyQKfCDaSTYaD
  Recipient associated token account: DktNUchuTWksLEeoKzfmdiz3WgZGsMFxXE9g9PkYZY82
  Funding recipient: DktNUchuTWksLEeoKzfmdiz3WgZGsMFxXE9g9PkYZY82 (0.00203928 SOL)

Signature: 5FEdw987DrqdSngqvwb9fxzJFJcm7NKiWfRKvtgbR3WVMBKUTrUh4Sx8j8qPmAAQPgfDonMF5qURsScayt5SRg5R

Transfer 1 tokens
  Sender: 29n5kPtTZ4N8oxf6WcFRSChhgnL6aFmA93FpxP9P1e9j
  Recipient: 6E1m1jQfPY1bk48NyN1GMwJSmxUbS9Sqr57DyitziLWn
  Recipient associated token account: CrHgxgJ1CS9mZZ7okNZFVLdznyeJDu5E5kLcDFuDdLTe
  Funding recipient: CrHgxgJ1CS9mZZ7okNZFVLdznyeJDu5E5kLcDFuDdLTe (0.00203928 SOL)

Signature: MqzCRvZhhs1BLRKMfxBS7iXjmuZqcDww9QbaDzKK8hDWHPKWGbZjxwMQ8oYD5bh8pKooi1PgRZUKR6soUY2NEHP

Transfer 1 tokens
  Sender: 2KxUgqBimaVt38QHUJc53yBaAiD17o4hkHKTwxsLDa4a
  Recipient: BJSXGMEpffDq9sVJm7Kj2qEw7aTJy2mQB31DfkKvAnpP
  Recipient associated token account: GmaWFM15vjiaxKFkg38mwiGovHhQMMUTAaaChPAJZTfz
  Funding recipient: GmaWFM15vjiaxKFkg38mwiGovHhQMMUTAaaChPAJZTfz (0.00203928 SOL)

Signature: 98KkBzuXxY5pRgoCyUZhspNWKSYd3tfQPA96tfuvD5QK9KvZGaHeF1bbm9VBVxdnoGHktygzjNK12b8H9x1STEZ

Transfer 1 tokens
  Sender: 14G5tkCuGCsop5z3E95DbZHm2cM1BdVnTazCE3JPZca7
  Recipient: FScVh3sUhmXXwLsyWvhiCFwNs9YMYk7J6xHXXHZN9fWf
  Recipient associated token account: DoecbJBxF2seGT29vjnnTH2PJrt527YeCEc8dZ8UdXM5
  Funding recipient: DoecbJBxF2seGT29vjnnTH2PJrt527YeCEc8dZ8UdXM5 (0.00203928 SOL)

Signature: 5V9byMP9Xw93QUXBKx5T19dTxRZ5d7863ZBdSCCWDExbTgBazEgQtmJxzHRAKMKi578DXFYWvit7Pu43vLrPNHnA

Transfer 1 tokens
  Sender: AiN11X8m1saKB8fmWt9rUracpNiTZGfTLkGmJTtTSMud
  Recipient: 8CRGA6XMCsitY93bEPG7zNyYaB5fZVQfauneadVyCRro
  Recipient associated token account: 4My2LuG2rNE1Snk43QceypgBF2t8JGGUMh6EsU3zHmvn
  Funding recipient: 4My2LuG2rNE1Snk43QceypgBF2t8JGGUMh6EsU3zHmvn (0.00203928 SOL)

Signature: 5pMTecyHzEeCpBifz62dLkH9oC2sX5hggtvq5MLpCJvCK6gZgGKJR4QSQeYKMTLEMD8rL4yV1sRnr4oBzecYr1u6

Transfer 1 tokens
  Sender: HU4UDua5NcH3YTzr7FWQ7TpQTu6Kkcv4ozxET9nTXgA2
  Recipient: Hp8BiimgpZHTNbQQPp2TdyDu3SaJZUpn3pv8rHCPtEEG
  Recipient associated token account: A3nVk7DLDRegYLhEQ2RJoJJTScv7R4A8DCfKxQTTfQbU
  Funding recipient: A3nVk7DLDRegYLhEQ2RJoJJTScv7R4A8DCfKxQTTfQbU (0.00203928 SOL)

Signature: 387piyYA1NzmpywaWqJRsL7UjNAXzbMfULX3QXLTGZ4SHJAtZPN1mF1JzL2jmwvhfPB5fVYDwNbziGrGmHAqH8ks

Transfer 1 tokens
  Sender: 9oyDsKf3n7eBcCx7vVQhDgPKJbsR8Vn3AVquLVptgzWD
  Recipient: E4Ao1rUU6nmLVLniY8EJMXkLzxSE2qncuoNb3cAuNUAe
  Recipient associated token account: 2NMfDncAmRxBAzyPFov5dQSGc2DKD8xZ9LDN3ZY6btZB
  Funding recipient: 2NMfDncAmRxBAzyPFov5dQSGc2DKD8xZ9LDN3ZY6btZB (0.00203928 SOL)

Signature: 4LDPrtWHtNbYEDYSh62VhbcReo8JSUFhPxn2EhTa8igt3fFe7jQq3kikkpbZDkZkHzA99MghaiCCuqhQnUeMSipS

Transfer 1 tokens
  Sender: BUp6Y3nKJhDznxhLPjhffgewjk6TXHfqz3dryz69Hkam
  Recipient: DajLww9JAzbHx6VNacZZWYKQfUukB9bibGRcwwHs7e3P
  Recipient associated token account: AeQ7cNHqRutaXehkMuyss5p3uPuBpF8jA3fzBE9YirUA
  Funding recipient: AeQ7cNHqRutaXehkMuyss5p3uPuBpF8jA3fzBE9YirUA (0.00203928 SOL)

Signature: 2rvGiKAmWgtzfmWQuwS7mWxwSaS2xKjpf4oNjEBonVBZWF1WPkLx4HcZDR9dPXszyiN5HQf68oboti2mnuZEmuxB

Transfer 1 tokens
  Sender: FpiMzSN6wWxQok3QP3mAgLoHa3sF7dVu58tpNjWMaWmg
  Recipient: FhUn3tXFN5JrPvkULt2xB6KR45ar4ok86RScN18C8PeU
  Recipient associated token account: 8TDmP8ZkkiQJ2GYT7kGDxhBC4NNTdNFS9dNb9F15GN3a
  Funding recipient: 8TDmP8ZkkiQJ2GYT7kGDxhBC4NNTdNFS9dNb9F15GN3a (0.00203928 SOL)

Signature: 21GBA5d49ivxzfrvotzkAwrhFoUEiFTcXqjDqVpoFG5EmaLyzdwQXC3nXAPbPawRp9B5LrytGhFJk6xQ832v4e2t

Transfer 1 tokens
  Sender: 4vRdYHTqxe1HjR1ehKNiiz9d43eqqQSzzP6ecoXccqg6
  Recipient: 5pJSXHsjr3eTg7GTyf6fJ2cmWZQX16Njgu2L7ETXJokP
  Recipient associated token account: CvF2zQcQSqKZN3t37xBmVSvxf8rxjZckc83Y8aQhqJHp
  Funding recipient: CvF2zQcQSqKZN3t37xBmVSvxf8rxjZckc83Y8aQhqJHp (0.00203928 SOL)

Signature: 2WUKjHKiioVDbepGd9uLVe4oCurse1AzGJdeCM8A5qZvE29BHMJs1tdJrpRzz43HofY1jbZp2nE5JX4QCDDrFsk2

Transfer 1 tokens
  Sender: CsqbdzhH8RC3dPsXSnuaDuQFD6pp6CHWX2E9KbFvpXzR
  Recipient: 45nb485LKf1pEhsTab34JnbBb3wXnAAP3xh98xdzP8Zc
  Recipient associated token account: H9Gh8VQe1EEyoMRxDjherETqzjc9YjXpRHh4RnDPk1ho
  Funding recipient: H9Gh8VQe1EEyoMRxDjherETqzjc9YjXpRHh4RnDPk1ho (0.00203928 SOL)

Signature: 6LHX5jf71Bnn8MqFYM9gtY6wvinVsuA3MBmjo1YmRCG6XJBR92639hoJPKVLFE1XGJ8cpvygMiAnXQtQh5RCx5k

Transfer 1 tokens
  Sender: 4ozY4V98GQutJgvy9eSsDzdbq4FcS4CwQcNhmfGNrnu1
  Recipient: BkALpGmLrpxpfo9CN22BA5Zq8MzTag5YEzAJGgouEHZm
  Recipient associated token account: Eij7PQTU423TzDjj8E5hS6Rqkb14PESjGneuEoixpHtA
  Funding recipient: Eij7PQTU423TzDjj8E5hS6Rqkb14PESjGneuEoixpHtA (0.00203928 SOL)

Signature: 3dCXQ9mEhLxZwRfgvRnz9XbEihu6mfQeYrkASfJEJqASVQmzsAk2zbNNceKAzheaxqMns2khh44DZoHbeksdQ4w9

Transfer 1 tokens
  Sender: F8xtgeE6h9FtqMRZsbWZY5oTjQ3UBFxq3tdi7snHitPt
  Recipient: 4DdRYAD84KyT7tMhfXxTWqKW1Mou75BuNFBj2i4oHvDi
  Recipient associated token account: 4NCks9jQJe9pDf6jru4wjScB2HsxAUVsQFP8bgLp4Uin
  Funding recipient: 4NCks9jQJe9pDf6jru4wjScB2HsxAUVsQFP8bgLp4Uin (0.00203928 SOL)

Signature: 3C4C643p9coJgph4RVfKmDRddkK234dUqK48sBPKBdnyavH4BPnMLrx52HJjMCUh2zgGDTdbn7sH55BmHasBBcws

Transfer 1 tokens
  Sender: 5B6YQrpYynj3LCYN2j5SjdQ9sgu2RBygGv4izRhNfPvi
  Recipient: 9nF2vqusHupTTNgw3quL4f3jorvPdJ8VBPv3Uw1xt3Mv
  Recipient associated token account: pESHD1WPLD6nBXsPFNXcN2KwrJfpftCcPgifidwVnVY
  Funding recipient: pESHD1WPLD6nBXsPFNXcN2KwrJfpftCcPgifidwVnVY (0.00203928 SOL)

Signature: 4ZMpbGJrRDmHszxjCCRXwDgT6NXccqCmHJpBbnA69RGTxY1p9DHHg96ysb9BXBFxh2jzPCyWc5L1TqcSZgbwaQZ1

Transfer 1 tokens
  Sender: 8kgM6th7WyckiyeSwuwcqjMHw9Rw8qMbgjRArz3fTaW5
  Recipient: 2mNq3AhQahJ3HiJVp7w3jVkog9Q7aSaXwYZXUhTxaNs8
  Recipient associated token account: 5etmM9Q3Jez7hQYLS8Y7S1z4coLRcWTu5V38uBK2EgiW
  Funding recipient: 5etmM9Q3Jez7hQYLS8Y7S1z4coLRcWTu5V38uBK2EgiW (0.00203928 SOL)

Signature: 21Z9ZYSQFLSxsgUcjm9neeEcAe88qimHgVTFgq1BvbFPXVYT6SGr5UHoa52tCsuVcN24qThH1VMG58s96CJFJRrZ

Transfer 1 tokens
  Sender: AouefVFPLbze7RduoMDqBzMHnLBsje3xcvCCxHWFs2WG
  Recipient: 8w8zNnvPHSoUJN2HJibCPvZePAtuPATo891ZzPEA4Yik
  Recipient associated token account: 3dNXXn4Vk5treGELeegj74nGVdCzNZTfLSMEFwnMYxy1
  Funding recipient: 3dNXXn4Vk5treGELeegj74nGVdCzNZTfLSMEFwnMYxy1 (0.00203928 SOL)

Signature: xmrMFbgDKeX1Pi75c3WeeXeZP37D8aA4S9fay1Mc9BQoLSDyVG3EFig3Cg1YkKn8enj2E76dyLKHNJUwc9q3Wq1

Transfer 1 tokens
  Sender: CwP7xyeT44StcWx1nz4516fidQqiqZkCGcBzxnYzwiX3
  Recipient: CQ17ThoiA5MA9ZTULyFQYBs8S2y9byxkCi3mpfvXX9rr
  Recipient associated token account: 6TE69ZzW2HkRBrPGFUucoHZ6jDAjVWc2dwyxmqx6xgyk
  Funding recipient: 6TE69ZzW2HkRBrPGFUucoHZ6jDAjVWc2dwyxmqx6xgyk (0.00203928 SOL)

Signature: gAToEZ7L199K5ywjXYNjYA9uje5pkBi2ahe2njELFWCqMBH64A9bYsnjYT2in5htCwVf6UphzSdmQuJTxYABbzG

Transfer 1 tokens
  Sender: 2nCtmKe8wxgBvQJGEniFSp5C9Mv5sfxwXqMddTB3Ldsk
  Recipient: CKpNMrMmbDgiqN9rvE4ZqBSKmDbCHAcBvUvNvx3uUwjj
  Recipient associated token account: 5Zi7j74hdVCeaf6b7q6bVQ6jyBV9xgeowDzLucZkmSVJ
  Funding recipient: 5Zi7j74hdVCeaf6b7q6bVQ6jyBV9xgeowDzLucZkmSVJ (0.00203928 SOL)

Signature: 3UGswvkNieib2TvBVSypEgCBTiKKfKx2jKxuXwhhDSDDpo2NX5FG7X7EkFbbgjxjeyzCKY3Z9uoQJophU9AEsaCf

Transfer 1 tokens
  Sender: 4rbAJxrcKmk6iN5hoCAmdpH9A6EmxPvBGTfepsyGV4kZ
  Recipient: GGut9DeAcVyoQiMro1fMXm1fKU1uWKZ8HC19YhYvLuht
  Recipient associated token account: BWujrUVopaSdZFxy52ntDTM16AWZa2FAQ45afyWNsH4U
  Funding recipient: BWujrUVopaSdZFxy52ntDTM16AWZa2FAQ45afyWNsH4U (0.00203928 SOL)

Signature: 2WRuuXafqWJZPAtX8GwHNWUuFKEvEiNXLefq3Ut5mMmC8ggh4FzRF3bGy37g3LvKQyEJvv3mvUjFrX3Eh6wXm3Jk

Transfer 1 tokens
  Sender: GusZXznn4NrbKcvqzVMQzCJ5cjDsTJehKQHRQMfSqG43
  Recipient: 6YhXPoei7KNqoBdHL4y1d3jHxxLn6PvLZ7DVXDFkvfCX
  Recipient associated token account: 9sXX8CFGZzojNSvwts6feQ7K5RZiQjdwyzYcYMhEmSTK
  Funding recipient: 9sXX8CFGZzojNSvwts6feQ7K5RZiQjdwyzYcYMhEmSTK (0.00203928 SOL)

Signature: 28mFPcwuvfDt3Ec7DLt1vwrxeN5BDt4YyBwjz1L6KrrWLvUUK2JABMVyAdgTbqSG36Q8zH4ZHRuxEURatM8DzHdT

Transfer 1 tokens
  Sender: 9nhscPhWjWxchNvGZwa57ow136dpoQqPd4QQzUJhu625
  Recipient: BKZS9ci2HFDA72Wp3rPr9Tc8kTcKwLrBboNn1XdGpMFh
  Recipient associated token account: FZpL52GjQHje5Y1uWRQj67TnAbKTCaxSvYi3jfdArdhL
  Funding recipient: FZpL52GjQHje5Y1uWRQj67TnAbKTCaxSvYi3jfdArdhL (0.00203928 SOL)

Signature: 2Zua4jhzgPAXn7cgcnYGVuFin4tk9MtfHnGtbJQSeDMXrEQHzVxFCojsnA5FWBmkTWrGVdHtJagQdKHN77mNu36j

Transfer 1 tokens
  Sender: 5ano4u1L6XJGKJ8MrgCzpJw69DCEXszqPR5VoQtb1dKv
  Recipient: EL5FxobVK8zfyJwMa8jGaQJY3TcpWBZ4mJYyoEFJfpe5
  Recipient associated token account: 6MqgcGbZ94rD89wKJcyKHUVjGJvF7kFdYWh7yukAXgJm
  Funding recipient: 6MqgcGbZ94rD89wKJcyKHUVjGJvF7kFdYWh7yukAXgJm (0.00203928 SOL)

Signature: 3dDVeHhv1NxoFDVaYx4KTnkapQaHVDnau4puaFgbXdP6LrXfDEkeKkRxwrwYzix6RRCeF6Y9gmtAEvtcFzRETETh

Transfer 1 tokens
  Sender: 8Qn3wxz1CrvfCwLu12Bb843nV7oen5qkKq4ciAEWz9LM
  Recipient: 8fqtDjTBTT4uTdvivSe76vw7b2sHkegVsbVtS3LJsG5E
  Recipient associated token account: 8SBeHvQL32btu1pfEEBwrrTqo9i9ZxtW6fD4xwhbsck5
  Funding recipient: 8SBeHvQL32btu1pfEEBwrrTqo9i9ZxtW6fD4xwhbsck5 (0.00203928 SOL)

Signature: XDjXegvpiu7TcTepezTiWs8zmiBFT2b96XPo2j7mMwLib4Y1VT4MgDYJcCZ8zfrGrcJkMsohEmeeSBqnEtHPtDK

Transfer 1 tokens
  Sender: 2gfB9WFw8VxQurMov8TAF2oLSLNhsDVjgyJUpwdQzGRy
  Recipient: J89HXU8BEveEE6vz7xfK5scknkXjmvUZDYZmsEZbeEvE
  Recipient associated token account: 2crb6SeCGGDBVq3AeRorKEAiUvacpvC5s2UrBbArZuon
  Funding recipient: 2crb6SeCGGDBVq3AeRorKEAiUvacpvC5s2UrBbArZuon (0.00203928 SOL)

Signature: 5GvWKouqXcveTmJsdK8YLXTQ5mHS6YTCiAJd99iPnjpBEbn3ABxUhcnbsB3WbxYLM6cjZ9n1mYqFF3htfYpzXyHj

Transfer 1 tokens
  Sender: 2TA2JPqcq6FRJ6A9SQNpqpuwJVwypayK4boM5KR3wVhW
  Recipient: HEES6g3w17E2W1sbTRcntW27sjwJYQh8oFQBGKpMMLnZ
  Recipient associated token account: 2c9pXtjxzHA5BL3vptUeLJc4xB2rXUibpvHKmj2C4dp3
  Funding recipient: 2c9pXtjxzHA5BL3vptUeLJc4xB2rXUibpvHKmj2C4dp3 (0.00203928 SOL)

Signature: 5zyEqWgoU2dLEfEzoXmoZw4g72rHzqrbLekPPQvH7KMSCtNGjTr6E3nSL1MvYFLpwUCoZ3tw6AZoWHVY57sDh44i

Transfer 1 tokens
  Sender: 2tKvdsf1eWnUudEu723SKowmVH9dw8hcd7t5dc4aHG5D
  Recipient: CtMkpv9EAMZAkyx6tE94Vs4dGinkSFMxbYDPLud27G2M
  Recipient associated token account: 2wvdA2deuXN2oYZWko9qhD9eUUPSDb1sViXHAQ19PESd
  Funding recipient: 2wvdA2deuXN2oYZWko9qhD9eUUPSDb1sViXHAQ19PESd (0.00203928 SOL)

Signature: 3MU5WA1CodJobHF515oAcoKrcZXxGi96Wec35XugQr4bLqQANDB2UXEEn7gUaGnBsyv5yFxcz21MJgGZsARbv63v

Transfer 1 tokens
  Sender: 5sjn46jQrT87WDNG8wqRuhNNdnfV6Mt7d6XEWqhfELJs
  Recipient: CzBuPFMJQbPLw6k3B7z7KNBwMWfJZZKTFBYZLhYB27N1
  Recipient associated token account: HBuGtL5zs6FNMdonHXj1pqSvvbrj4HwcUU7UqhtVQ4Bf
  Funding recipient: HBuGtL5zs6FNMdonHXj1pqSvvbrj4HwcUU7UqhtVQ4Bf (0.00203928 SOL)

Signature: 2gruezE6Zpduij5y1eP3UzstwStf7Y9iJDgAGdVfgiqhPxdgU4fPyiKgM6HbU97r1r4g5aWa1BnmyqPr5bRKHv36

Transfer 1 tokens
  Sender: D8a74fpbe5PKyYQhSs4d591J6mfjs61sa1bn45pnpXWY
  Recipient: UDgkXzdnpRqT1adpbeRy1LULVjxY6NTWeVRTG5ZFWzR
  Recipient associated token account: FHWaaUK1CY5n8ffUYFXgRukonKjig81tRgAhqYuh5uUN
  Funding recipient: FHWaaUK1CY5n8ffUYFXgRukonKjig81tRgAhqYuh5uUN (0.00203928 SOL)

Signature: 3xBMD4pKM6N1Ktqwq413ZgfBwHiSoQYJXEv7TmBbLeXVT5qHBXN9aJsucB3D7f74pvPCPj1rXkWvngh6upTpgWkj

Transfer 1 tokens
  Sender: DrgGz1Wt2f9Y8ipHqVK7XnRNYvuqXyakyME7o6nGbaqM
  Recipient: CBs38GrLkRKrf6ciZkBbD14BmW43nLB5Hj4BX7UkNhLF
  Recipient associated token account: FaMV5CYh5YmZTGjBNhzi7uTodxaKUpdm8AtdJQa5aFRb
  Funding recipient: FaMV5CYh5YmZTGjBNhzi7uTodxaKUpdm8AtdJQa5aFRb (0.00203928 SOL)

Signature: 3NWedN2tg4DGiy9FCnkRiqBWULJ1KiDiXZ6WsAonMdLTmhfHr41sJqJbLptegpngkYbPUvuDUgVZNTaMo5cSeWCx

Transfer 1 tokens
  Sender: Aza1TDGFtjYbQnWyz9dx6AYhRM16US7mMLkYbt6poeBc
  Recipient: J63PQ61AFhZXeupw9j5GYY1aEuR3R6BnAbtfqqAX6DQw
  Recipient associated token account: 4rFbTLts6wk78xT9rhFHs7QjuA4VC7S4AwU38PWKsgQD
  Funding recipient: 4rFbTLts6wk78xT9rhFHs7QjuA4VC7S4AwU38PWKsgQD (0.00203928 SOL)

Signature: 2NsbJsttjqMChtMtoW4aytcDfrJdF1QaSnFQT99CFyh7Tbb4bzojecH7cXASRFosspv7XjT52xpLAxAfG4Y9VD4n

Transfer 1 tokens
  Sender: GSUufnnJojxyhT8f3CRvEjSPHRpWH24GqEq6dmZFp7tw
  Recipient: RTY7RjhPpDabh6ky8mQudWxWH9XLZLCRPAj2CqRN21r
  Recipient associated token account: FFXnrw7g8MBrZcPRRbuZsetq9vhiACuQRL5uktF2P3cD
  Funding recipient: FFXnrw7g8MBrZcPRRbuZsetq9vhiACuQRL5uktF2P3cD (0.00203928 SOL)

Signature: 7E5Tx1n9KJ28xgno8Bo41L2hxn5R5SaFxsSksaCj5K5Th1WLatxRH7xF8fti3u3NfLbGQTbfBNKphkKaSXg2FzE

Transfer 1 tokens
  Sender: 4AAjjhGNiTTKDWA8dB6xgbzR1EwDe8SHJD7FCt1UZLC5
  Recipient: 95xfF9j7hA5megc7Qg8DGa3zTjhaTkoqWaPHSq1mFCz7
  Recipient associated token account: AjiAxwm9NMMX3jywvi68NLdF46km6wb8e4QwFgQJuFpD
  Funding recipient: AjiAxwm9NMMX3jywvi68NLdF46km6wb8e4QwFgQJuFpD (0.00203928 SOL)

Signature: 5mke1jrjwxbbHhxFnZw7XvNShZVBDrMvwCh46d8i2RhUyjqDzeEUdbEeV84GzKfZuY2S9EP9GQqwhwpB582n1uRN

Transfer 1 tokens
  Sender: FaN23ZZoqK6mQRErfgpCYdLpx55Gpqifpm98H3p26FC8
  Recipient: 6DtPgUwXQcuvZcWrKk6x6RHwdUBZbsdiTqc8xRbfFkBN
  Recipient associated token account: 3GFstVDXyNU7CbsTHhR36a7XyFxz4LDAofJsNuLatcPZ
  Funding recipient: 3GFstVDXyNU7CbsTHhR36a7XyFxz4LDAofJsNuLatcPZ (0.00203928 SOL)

Signature: nQigaubbFWGVBwdfNkcEucMyp4C7ruCH7czgXBJtAwzVFynk2DGDxBjKuWczP425AyBB8JDD9WoVNdqaip9D6g6

Transfer 1 tokens
  Sender: 6CHmwt34QDCFiBv8SiFA4wySCcJSoZMRwAVDX81zkRm9
  Recipient: 51oET2dy4vCmZ1JMGYR9hbsvsLng1vcLD6z2AZp1uq1j
  Recipient associated token account: 7iMu9EcFXL4WNAPni4qeMsiRbP5P88YrRWEkGzpQ6xgF
  Funding recipient: 7iMu9EcFXL4WNAPni4qeMsiRbP5P88YrRWEkGzpQ6xgF (0.00203928 SOL)

Signature: 2PZxGhLP4fHvfyPNLQBUKEAZPVtQioYX2JCNtm2jramKZdtwR8FC9TVQkuFZ4ijfUhAHRz8djDFYYRrp5qBbd1P5

Transfer 1 tokens
  Sender: 36jdeLNxeBXjYDbaspRiJcNjvPTxJruaViGXM8bZingA
  Recipient: 2HtcCr92gzqZEmnEYKrsC2d2euFz7djLYzqnbDSbhd82
  Recipient associated token account: AAUzirDH1c2LGnTW7d8AoLEEi8kPrLbejYsVh6Hc3k8p
  Funding recipient: AAUzirDH1c2LGnTW7d8AoLEEi8kPrLbejYsVh6Hc3k8p (0.00203928 SOL)

Signature: 3m4QTjXdRW7fVfnjspnd2EuVHupufMsN8QMwq1g6ppwT9XcyJjPFyvVzvtM69s75jnSwgwHeaVeDe3oar2cBt28L

Transfer 1 tokens
  Sender: 24AahNBwiJFTq8nr74Bb8M84u5TushDaheLgwHYaiJ5z
  Recipient: 6ykYU3fWNQnoNunJKDLSVSZWCMPoajoE8EVNzKCYs9qT
  Recipient associated token account: 8vXdiGT5AMUcrASVQdfSgX9FzXdw8mB8oH74nFMpTqqu
  Funding recipient: 8vXdiGT5AMUcrASVQdfSgX9FzXdw8mB8oH74nFMpTqqu (0.00203928 SOL)

Signature: 3yyfuMb4ZzDbFfgF1Te96NUk4gVV1CU6ftNr1ktBcCJLaCih275PGwghYWr68XKwbWhLAxm5KC7JQr7Q2JkvR1Qg

Transfer 1 tokens
  Sender: DbJvbHseT8b2Eh1jJdTNMqq7HRKVLto1S6XzuVrjyaH5
  Recipient: CVv8iAZGsd2sHVsX1vo2iT72uBDNLsuGNjxSAxFNNSCX
  Recipient associated token account: GCFwDfeEsUnPs4aodX5Q4kdunJtzPsUbRmUr69xavx49
  Funding recipient: GCFwDfeEsUnPs4aodX5Q4kdunJtzPsUbRmUr69xavx49 (0.00203928 SOL)

Signature: Zu7ELkX7gntbMWW6eHnXdX5evUfjazh9kbGAYayeFHyB9R7ca97rp6oFrPeFMYE5DArUJoc4PfsgmzZLYoonBay

Transfer 1 tokens
  Sender: HmcpWTT45bR3TMZwy71ScvSEw8ihTrj2v197CoMMm1hW
  Recipient: 3GFSEgAQb4niaJRPjKUFxKpXpyJjZWijgM8pnbk6GYzA
  Recipient associated token account: EmAhHX9kHBtafeXQQ1wy5mnxsB4F9xTFUsLDT6siqXXq
  Funding recipient: EmAhHX9kHBtafeXQQ1wy5mnxsB4F9xTFUsLDT6siqXXq (0.00203928 SOL)

Signature: 59bB4TdMvGmraVJEAR4aMDwSkLg1j9WGhTxVrKissKDSqUmsJvZrYuDZxPCmYv8zyu9WuqGpFoS1w7L6R3WZh2P6

Transfer 1 tokens
  Sender: sPfwq2oM6Aj1AiffgjBkyq3r6r4ERrho9Vp16WHGHy5
  Recipient: rLZStBnnZDnRV3z1oEkBb7KuhQGp8KxAe5oi8L9cTcx
  Recipient associated token account: FKRMuMigsR8TpYoXnJZKnti1f7rjNgG9tm6dEniUCiLh
  Funding recipient: FKRMuMigsR8TpYoXnJZKnti1f7rjNgG9tm6dEniUCiLh (0.00203928 SOL)

Signature: 5EtnEhShTNrrxjJrPrkagwZqPaTk5eDwufGEN271PuF9cUNNs4LCzHooYU3ANWbKPwj6ijuEMdvum2QoxgTDXzvS

Transfer 1 tokens
  Sender: CKLRMrFj61vs6AaSzVskwtXw5bb3DhodnwG8szSmFRwW
  Recipient: 2dK4eVhPEh62U27NFQEft1nUqntEN9eLpibWa1EYGNpC
  Recipient associated token account: 35e6PBetxkvirYvZ44P5DhVYG8vxGMo7Gg4m9fBfKPPd
  Funding recipient: 35e6PBetxkvirYvZ44P5DhVYG8vxGMo7Gg4m9fBfKPPd (0.00203928 SOL)

Signature: 4aLw8auZ25vXwxZt32tGx5ExN2nCV7fxPXRnBythTDATuDM9fR1jYY12mJFtdr86kogdNuU98BKyLCpsFzjRzfkC

Transfer 1 tokens
  Sender: HG6SWY97R6BNQ6tNpjjTG2pEJvzn4xWxMtGZiYehT8Pg
  Recipient: AZBYaUFwLJTEDv9raUX4ZiQwxoVE3cvQxnkq6u1g8g32
Transfer 1 tokens
  Sender: CVc5xnjTBf2GirvGftHp7mf9jiyYmQUDcVP5ZYpQe3hG
  Recipient: HNEETb52GDPHbT3aLL8fk47KPL5Mq62S8rzfKKoasrHZ
Transfer 1 tokens
  Sender: 9N9teQutRw6fAUkxz1dVfeV6FyvF4yWNTBq9mcqwRoCc
  Recipient: CakCB2mYApvhtzJWgmejHjuTAVDGbBk5zjzrDctgkxjM
Transfer 1 tokens
  Sender: GS1BXS8hMKexfARtPHBeDny2pwWGzi3FJETRbrrwCBQN
  Recipient: CnP33htGVwKHF4psPq57QnRpiNTgKW58RyceytoX78n2
Transfer 1 tokens
  Sender: 4XARcCRzrjxWTxkSwMTz3VUk1LRo86m6GrC1sESu26R4
  Recipient: MrrCRKMhxvBWuoDLFgKyji74dWdKk7uc9qj4fecErhb
Transfer 1 tokens
  Sender: C5ZZDEngaR1nwdgbGBiehdCZfC13YVsoz9Camb4Kju4R
  Recipient: CGjEexuki8tYteRxpEEq28ivbcsV8aFmhJS3RTZzM7vh
Transfer 1 tokens
  Sender: CFn6C6gZPqfQQvhYayQNxh7da4Z5YhrNFWcJmS4VPgcM
  Recipient: 2Kt2edjA6oMUNsC8kLPH31XJP2vqQZmMPNu2qo6BzuCa
Transfer 1 tokens
  Sender: F6qhXXUb6VaJQqxePp2r27ciyGueZTSZqzsJJyUd6Tt5
  Recipient: Hj8r2JfHZTJPqQuz3GWCiu8sgAnYEj24f3eaJQhRerUf
Transfer 1 tokens
  Sender: 5wMmwTAcLaZ1sZvGLs5EHG8XkwvwXf5CBbD4dbTzvo72
  Recipient: 5AwbrzztsJT3wbgYFNLhyFXvncrMP48z3qBY7QxC3gqb
Transfer 1 tokens
  Sender: 4LLbCQWZQ6kcX527FPXrQiRwUMUzfVqHbaEzVjwp435h
  Recipient: 7WBK3dgGwvn94Z1ErHt3mDW2jWW4pzcKmw1PzKBGUNLL
Transfer 1 tokens
  Sender: Fs3pGcZQNyVmPyUr4epYXqHQarc3vPpFVsdzHBXNXong
  Recipient: 7tMyU22ViPrhY14fy31bSmTsQK6rwc9q3Zbq2u5RkZis
Transfer 1 tokens
  Sender: 3TRGJDxotKm3pxa75Ekjr1YPZoGbEPwWzoiSKHsUmWrG
  Recipient: HAU6zuxFMa3qeKevp7hA5tABr6nT5arw2DJ4D3GZsnrC
Transfer 1 tokens
  Sender: 83nXaEsM2EV7kr2oknztcPSAVs5X8wBZoKWgL1uyeCYE
  Recipient: B6vnUveAL1t6uVSuHMXYfnJ2jksTVk5dMmQe4UQ5bop1
Transfer 1 tokens
  Sender: 2tj74Vu62LGzy635oCGBuf7TzPSwsKsmTqUkBRNTk4rB
  Recipient: 4WMY5TfBAwg6oubTVh4WiaEPPiitbxMCJknUbewcd8ae
Transfer 1 tokens
  Sender: 66kiFFvjaPxKsBd4YHSxgQptv7ijyAaSPC67Kf36Cjhc
  Recipient: GzjpZ3LMWMMcvuAHUWT6tPnaHBVNpYQL6AufGqHmGndW
Transfer 1 tokens
  Sender: GP3xPNM4ttk6x8wzQSnin5jDaMAUKcE1atqju7HBvni
  Recipient: E9nCqWBQbQTW8aY75TqnkGLFff8j5XemtGJm4hDLrjmZ
Transfer 1 tokens
  Sender: DM1xecna8g66wTKnomQbBG5NG9aZ7smaAopPeGpMuLbJ
  Recipient: 7qhXPKf7ZK1hQ2JuLPyGYiezGcyndSnNfAFXY1veLPxg
Transfer 1 tokens
  Sender: 9xbDpthDPSrLYYXcZvS5ui6gD2BSGW2qZVvPEGFA28Ds
  Recipient: 5vEyraHzZCP5yM5SMv4r1n8MGsSQeP5Mh1o6TXoWAvfk
Transfer 1 tokens
  Sender: 7uoh2MLtoSMajEMisgFyLxZDzNmtyZoz54o47tXrfyuF
  Recipient: 5Cz7GSRKnuFDaXRHeNJpHC77aqU9BY97eXNBBCVhckLZ
Transfer 1 tokens
  Sender: 59pN5wXJuRyFyXsEJ6Z6Lx8YQuGcbXUJ1Nfo2avpuw3E
  Recipient: BzNBbPBGkEa1qEcgBvgjkq9vHEXtqeQypxep8Vjrfnhx
Transfer 1 tokens
  Sender: 4Z7tstHWN51dCsKZetR4NdynPFNhxDEs47WQNkmZHABX
  Recipient: 5DR6UU38j5Sg8DjS9WXe8P86j356c59Esp1LijT9z23
Transfer 1 tokens
  Sender: 3Z26dwvDy5Gvuq9a6Wr9ygv4Zdvo962Tiu375XqfJ4ra
  Recipient: B8unY3f1mc2T8CoSFsdmo13Stj4sXZYTxLtQwH2DwyvZ
Transfer 1 tokens
  Sender: HcWMnDAMfRWNFPYufrgdafQ7w2ac8YAwvWtsQc3XLSdX
  Recipient: 68qZUb4UviBobRWxaMJQPjGzEpVkb6xuY5k3YMfU5zCN
Transfer 1 tokens
  Sender: 6KE8Y1XwmTiS1YbAUQTvjHnVP6vqEnSpB6FRkutWyfm3
  Recipient: GNSJ9xpHiLcTNEhFWvSqS9JXiQ9mRKNfGvr7QKmRCoAF
Transfer 1 tokens
  Sender: E6ZANBegnvt41Y9GukJAiSDPuRkjZCBTdYQjBsoMXTpJ
  Recipient: BK8PNVo1XbKkyS3f3BHPbHDNhxKtbSadVquP9v3m5cRT
Transfer 1 tokens
  Sender: HopkEdqsGA72HJcWPibLU9nHVYNRGCyVeFpcz5Kd9TXR
  Recipient: 7iSwracYgCbijrsgHZFArEp2NZcxUL7rPWTAaE3gdEEY
Transfer 1 tokens
  Sender: BRAgDHTdYAxVVPgvgCq1fPfgCxHSUPDNJqudeEYqzGqa
  Recipient: 5t5pfR6Rz1f6XeLX7ribnVFZcY7pXLRbcdpEqyoFUnA1
Transfer 1 tokens
  Sender: CRima6CG3WAHtcDQCGvc7a5y4Pqb7fzYkt6iAcmXNAF6
  Recipient: F4hN7ecndZ8Gr5KQNSFaSrMGawMasz7jfWTLTMpk7gaB
Transfer 1 tokens
  Sender: HCkM4FKqGqowvoekoKyeSk8C76txHx36sqaBHMtgk8gh
  Recipient: 51oET2dy4vCmZ1JMGYR9hbsvsLng1vcLD6z2AZp1uq1j
Transfer 1 tokens
  Sender: ADX6aU6J3JpLoRQF5PysQRUcMZ24sz7wkFLZDeKjy9b7
  Recipient: 6DtPgUwXQcuvZcWrKk6x6RHwdUBZbsdiTqc8xRbfFkBN
Transfer 1 tokens
  Sender: 3cCJGwLdUwvGP19o1STZKUDBUyrwf4qY4yjsVYDsaHkJ
  Recipient: H8QmDjeK961AHxcpu2gCNLKAoJpDqumzKYYcV8Zg7Ftv
  Recipient associated token account: B79UBpwdi5pyBgP1VD2948Xhapr1dZZUgnko6WXntC1o
  Funding recipient: B79UBpwdi5pyBgP1VD2948Xhapr1dZZUgnko6WXntC1o (0.00203928 SOL)

Signature: 73JnFeRooFHFyoPnYDusn2CEnKmHZNKatuphT5wBzB2wLmrrocu8L8mFMKmLRPe5d27sug5Y3Ejd5Z72Xwn85kL

Transfer 1 tokens
  Sender: AQPdNuHj2ifAWV8bxBDBdn4XfJJXRXeGXnEpkQsrjZCZ
  Recipient: AbkwtiYEpLLyUKcs33dokoPyY1A8PWCPKq9W5ACtagkE
Transfer 1 tokens
  Sender: 7HEoeF61fsjgqpde9R3AiBx5oAtUcCf5ieiiqkBuS7UJ
  Recipient: 7o4NoA1g1asZzi8D4fRPjVuDR6YkKGhLRwVbEFfmRWX7
  Recipient associated token account: 5v9UXgtmHKjtfAU4ehuQHKKcVFX9Cc1Wx6ToAd3hRmwv
  Funding recipient: 5v9UXgtmHKjtfAU4ehuQHKKcVFX9Cc1Wx6ToAd3hRmwv (0.00203928 SOL)

Signature: 4369Kv3ZHYQYSC43qwcnPMg2qqnpZ9rwvLkK1Db3iJTk13uVRcTd5BbTAjo15weriuqNfhNMN8akRcpXDd2RxjLX

Transfer 1 tokens
  Sender: 9Ke4raXBWo6XjZMzdfkUJajeavxnenQ7n63pig7Q2ivE
  Recipient: 51oET2dy4vCmZ1JMGYR9hbsvsLng1vcLD6z2AZp1uq1j
Transfer 1 tokens
  Sender: 665trDqyC3BKSwfBKzbVCdXpdSZH8EXhx1z4BiTpmtP7
  Recipient: 9SeFbAaSgay9WMX6v7AWSQDbE5Dw6T6TNHnsCiEfGRQp
  Recipient associated token account: 5PkVppMEBhPpv7WDpKdKSeWbEczKeh9ff1vLLMkNp16L
  Funding recipient: 5PkVppMEBhPpv7WDpKdKSeWbEczKeh9ff1vLLMkNp16L (0.00203928 SOL)

Signature: 5juu7PQETufTZvgH24fZmqMZ4sf7q399qPkaMKp5hsKcxJUWCAN4rMQdCJFAhJ6aU53RudgGJS3dgHmKLGjgtrKk

Transfer 1 tokens
  Sender: 6knxE2pTzrEeYxWTqWQwoutSExycxDHQ4GC6XmxCcZi3
  Recipient: 51oET2dy4vCmZ1JMGYR9hbsvsLng1vcLD6z2AZp1uq1j
Transfer 1 tokens
  Sender: 2juNPAHCv5Z86DKBjgeRRfhBi76gLju7ezYzP4Yd8Ef6
  Recipient: EEUHeJFM6mUeN44v3kpepHXXBcGY8xV38TjTNxHEt76U
Transfer 1 tokens
  Sender: BpHhYf23H22jyVJJRxPY18c8nKYiQ7YkGzLAZJmhwqQX
  Recipient: CKMDD7Xp4pBztCG5G2utc3kXvFqPJ17HMDPUwhLiHzhM
Transfer 1 tokens
  Sender: 388ZEnxp7qBfZBwwSG8hdxACYrTd4xu7wCH5K7PsDXk1
  Recipient: FpSrQMhnYa8YRnEQqKstyi8DYsMvET71CPfnmJkBSSP5
  Recipient associated token account: CQLUHYsYvFVzZiVayy92PGX9G4wfcwAjUHJ52Q2XMVMg
  Funding recipient: CQLUHYsYvFVzZiVayy92PGX9G4wfcwAjUHJ52Q2XMVMg (0.00203928 SOL)

Signature: 4x7NE6iM4tjUSCktz4THXQ6ZCh31b7FMWUmqWHYUNUyUEQEQYuD4XCvUHfpV3VJdRQmgGG65YuVUat4ZaxdRtrgW

Transfer 1 tokens
  Sender: AZjA1DJKXrdRv6aqAi8LDaGCuN6i9Pnzge7D2YFZWaUi
  Recipient: AcJVmhauHzT6Rxoc2AKFvDCaAsh5t76TooEKQW9RNhxm
Transfer 1 tokens
  Sender: 4ytAY7gk3Q4CnEm1LnfYKZS8TwANnLZu9QPJfqhCy23p
  Recipient: 8Nj7AC1oPcx2oC7Njihwp9Ee3Aez787kvww3sX3Bdox2
Transfer 1 tokens
  Sender: 8UffyUWMypEWaxj4gKNcjEYegv3a78GavgDVgdm4oub9
  Recipient: 961La22VGQ67stUvUMWpRhp3dRma8vPvTkySkSspVYiD
Transfer 1 tokens
  Sender: NBdps3TWbxsAXGsYMK6dz5uWLsBnTbU2KB7DBkJHNUg
  Recipient: XFGVjd4PJp8km9qQgtmLQV7N5dCSum9KxRrPhdRQzZ2
Transfer 1 tokens
  Sender: 2BFFxUj2CgkEbQqsNUQkTyXt5vGvfuqHGwBRpvopoGuv
  Recipient: BVFTQzEas8kMPkcugksaTTuLnQJ8ESxtLryk4ngdyvjU
Transfer 1 tokens
  Sender: ADzFP3MpcAZKVsT9urPZD2tahwh2g4a1SDLvmJkEE1cr
  Recipient: 97xAKp8FjyXkiYqTtYWN9ArD7KxTevzaCAo7VCcwLAsK
Transfer 1 tokens
  Sender: FiFbdKTZTo4HaiWCT2hTG9TYBY2pDLxHqK147FwcfTGC
  Recipient: GSfDaL6w8DGZQEhTLmhKtjwJYJiKdLT9JsYTdi2W4WMZ
Transfer 1 tokens
  Sender: GRz45Sii22zX3gJcfqtuXyeMFe8bGc3VWwWXT7EDnTA2
  Recipient: BxASWxha82Gq87axcFsuwaUM6WUhbK59WG6iHBHPmtmM
Transfer 1 tokens
  Sender: CjnJvwsgFjYyLx9qGdLeNZVUjmDgdkKfcMueB6JRoppS
  Recipient: 24sfBvg2iFCtnLsbr3zX9QFCVeHbZwJaxj1eXifZDsgd
Transfer 1 tokens
  Sender: DnCB4nkDFXwdPLhAHPiQP9QekFCrro9k1o2UPMUKwR89
  Recipient: Dp6QdjX4LyD8mYWEw63SdC7S6DJH7j2vFkBLPo2CbXGe
Transfer 1 tokens
  Sender: HJK5TfWftC9cnztxdVd193j2gaeQAgucvU1pQYv8kjz7
  Recipient: 5JJXuC1YzZ1BA3Sn45whVh3b28LTnXuUM1RfuLnj53sW
Transfer 1 tokens
  Sender: 2EJy5yAzqEoDyqEn7R9u7E6f412pR2rEAGK5iKPzL4dw
  Recipient: D1tMMrAaXFLbi4eugULzX5iHj4CHZWqUN3oJZ9UWZV6r
Transfer 1 tokens
  Sender: 7v4sTsmMw4siekYjVTNUWCuogbDwrwAMsEcPKuzXsX8w
  Recipient: DajLww9JAzbHx6VNacZZWYKQfUukB9bibGRcwwHs7e3P
  Recipient associated token account: 8EetWpsNqGQcnXvcb67kaHXTFTMGWKo5aNPHa3kscj8j
  Funding recipient: 8EetWpsNqGQcnXvcb67kaHXTFTMGWKo5aNPHa3kscj8j (0.00203928 SOL)

Signature: PpBkxB9ZevuEKLU7effBe6da8h13BCfsLo2GXUTj8oaUKkWPuKxX1oqAHBKgzcrYqsYGq6Vp7TruMjdY9DDUYy6

Transfer 1 tokens
  Sender: 6o3x177BwiZ9p41HoHx5de8UwdtTsjcw3pHGSq9YsWDK
  Recipient: HZKdRj9EjbnUBGGdHHf5dLYgmJokJ2MkMkAhpxGyE42e
Transfer 1 tokens
  Sender: 4h7MoCpcxXmyYUGVsRLVy39JJsRREfbg21cejyeWepnS
  Recipient: 9KtcWdeMg4Q3Tk1bbG8LBcBXDUYcRHia1ZuKhtRu8PLK
Transfer 1 tokens
  Sender: E2uwHqeje2Q9Z5tZF1yMMSdpE1JVqPCqfDeZhktKuhkG
  Recipient: CakCB2mYApvhtzJWgmejHjuTAVDGbBk5zjzrDctgkxjM
Transfer 1 tokens
  Sender: Fye3EgojYBPx8sg7oqgWzL26eGMwo2cZAWH8koL2MVCt
  Recipient: HAtAwndeBCMfZgSJSLcpKfBEXam3HMpCgRZvfmMM4dSy
Transfer 1 tokens
  Sender: 8CW1P7tCjFPcCeoLWFsp9vvzyDHBL8i5GACXDj8hTq9W
  Recipient: CH3T1cTkevM4DT4PTc9ozSSBxLYLU6romerxjEDdq6Qx
Transfer 1 tokens
  Sender: HKgULdXQywSYRqyHqq1v6ehMxb6oT2boZTV86U4DhJrD
  Recipient: 51oET2dy4vCmZ1JMGYR9hbsvsLng1vcLD6z2AZp1uq1j
Transfer 1 tokens
  Sender: Cob2GwtGaazrx2PAGwYCESUoH6vUyE177ry9SKGa44Qp
  Recipient: G49DobN5j8MCpNPFtoEAP6zA4xQN6fPhW5mmDPJNDhps
Transfer 1 tokens
  Sender: 3zFm2P4QQhnaSTKmF6ZhCM22eprekMWYFiTri7kBeZrS
  Recipient: 5V28cSsngWmq1n36JQPpVPK5oM24se581ck3obbjjSyy
Transfer 1 tokens
  Sender: DtgbxdpAfsHCFNe3bf66eMr1UcNEtmCQnTzjS3HM6zb2
  Recipient: EQFh6gCBG5E8RfDaUKnVerJYmMDzpYq8rGm62UiX5XkH
Transfer 1 tokens
  Sender: A7f2AWCLPrBn3jKTT8Q3ySqcb3rGae9voECdJveHVC95
  Recipient: 8dUiSpSbdd72cXm4bmAL2we4jUHdkqTaDwoFX5Ajr8XM
Transfer 1 tokens
  Sender: Dbwzdfti11stwzQBUTerqeWkVEkZnt8zSxnWRLdb3ff9
  Recipient: CzBuPFMJQbPLw6k3B7z7KNBwMWfJZZKTFBYZLhYB27N1
Transfer 1 tokens
  Sender: DEG1ebQtrATWqWAAi3qwXCFRiXtfUW3z3FDJGQrL27TX
  Recipient: DWaAVXvNg9NcNUPLCwRbAhc8NVmFzSLPQCFuwkxgp9Tk
Transfer 1 tokens
  Sender: 3hV9GyNxNo7bfd81Q1ce9Bk9ZWXXgxK4tvJ2WBznr8Mk
  Recipient: 4Godan2Sq78jyqw1Nd5uaiywo4kbGydy8LUedMnsCBrN
Transfer 1 tokens
  Sender: E29mnKE1Q3e6JMA5dfEUXmsvEN84fbQJaGm3fW3tBhir
  Recipient: 59gMFGgo8vfgDGnevkpPchjteThHXce4o56qENi68MMc
Transfer 1 tokens
  Sender: 9U4tn9gixGfDtQb3TQhhx9XPp4V93oNVKMkrvtgUuJBk
  Recipient: 4bSP9hBtaFBWtzyftRy4UNJwwqcAd2QWNXC61sVf7p5y
Transfer 1 tokens
  Sender: B8y8B8Q98hqrY1MdFTwUEtbtDTDXpc8SGW6FZjNiAUpu
  Recipient: 4Hsiz7q8vfBizJWsE9RViFpbAPmiH4pBHcA7ksq5JTaF
  Recipient associated token account: DQmSjKAUEKjetSXgvAxQgWcpp7dFU1CJNxuxC8movZBt
  Funding recipient: DQmSjKAUEKjetSXgvAxQgWcpp7dFU1CJNxuxC8movZBt (0.00203928 SOL)

Signature: 4bohHejQGH8pG4qzERkAhSUSUuqcJm6nCgZCGyEw2p5HKdV35akWPNMJVdBj65qbR5QomNp9DXs4QdS3QTcAHgW7

Transfer 1 tokens
  Sender: GWqNXheongJNZ47zG5B9visLuZQnW8nmuhUfxyY8KfhZ
  Recipient: A8wVZjY1uR9TMfzF9Kc6B2zPCBNJ5VpNa2HWC7ERykFs
Transfer 1 tokens
  Sender: 5ZzHLyPkPvD2p8pujFsyFahJhcSUEAHuE3ng9Wv2NEUu
  Recipient: 5g9P9YJNPxRMTZtWTPyRkUmdvaVae4MVjhr1ZHmHYbRH
  Recipient associated token account: AYrYwJfcW1BjGuYgonujfqiWH7oebaVM6erMueJ6fQph
  Funding recipient: AYrYwJfcW1BjGuYgonujfqiWH7oebaVM6erMueJ6fQph (0.00203928 SOL)
Transfer 1 tokens
  Sender: BFvbW5qk6A2ewqQ7CuzSUQYvnAxKsiWj82pyPa7vExHU
  Recipient: BTqTymCi5fqFhRrpyKXxxXibJ9CKPMuRqkoGn5myQDMy
  Recipient associated token account: FvXoFQheNhE4xHJsLVdpPLKSmbtnUNzHGGTzAd11mF72
  Funding recipient: FvXoFQheNhE4xHJsLVdpPLKSmbtnUNzHGGTzAd11mF72 (0.00203928 SOL)

Signature: 5fyQtWxUbx2RZJyWg2MnXAa57Nr1sGqECQQtmYWWWkr68dJLPsvaqXHTmxRz6m4kWu93jer5KHB7NjZXVMQCpXsE

Transfer 1 tokens
  Sender: Hwe9ScrF1yrcAXbR2Vv8DGwP3WrXF1p2Kn5QQ3W279b8
  Recipient: BVFTQzEas8kMPkcugksaTTuLnQJ8ESxtLryk4ngdyvjU
  Recipient associated token account: Uw8K4N6BTMeyyRB8q4gMSYFWfAZ3uippxvLCMjq49Bk
  Funding recipient: Uw8K4N6BTMeyyRB8q4gMSYFWfAZ3uippxvLCMjq49Bk (0.00203928 SOL)

Signature: 3BDLjWLFBt3GfxrAi5EnSy7U3XvsomqZjPmjyRkBSvSvwpNbmeR8ZHj8fZEYYvpKMKPPYKLykag7si4hWg8im7AU

Transfer 1 tokens
  Sender: 79Fnrgr6CSw1cTZwT4kUeX6YsTTFTRgD4YGSsvcfr2S9
  Recipient: 4dKbzteBxRPnJLaVDyj4t8v6i6G4PX2ASr4iqyrcaZZF
Transfer 1 tokens
  Sender: Far3Zc51JTtb53s9E1dR5dELyGVbeqtFYHmicH2CFoim
  Recipient: FueBPqyBkhnBogC3fngZQpYHVVLbg2KX6ZHTV2b3rcPv
Transfer 1 tokens
  Sender: EAHPdNNkyqfN5SALfqzsu4zbEgsjPmwqF2nAZWHXsCmj
  Recipient: 7Rc2EiHPue8BJasestxqZQT8hf13Z1UELT9Fm8ur9W2o
  Recipient associated token account: HDSTyL9vjujQ4EU8iRBowcWnN9qSRA6VUU2nDvaaCRa1
  Funding recipient: HDSTyL9vjujQ4EU8iRBowcWnN9qSRA6VUU2nDvaaCRa1 (0.00203928 SOL)

Signature: 3Taa6x4AmKgEzW98W1ACtkg5ZiAT6wpv1b9MdWFqXcLg5yNYXAGjPLbccqtSfNLoPpqzTMzg6msPk5G6AUdWxTQ2

Transfer 1 tokens
  Sender: 3qnj8WF3r6Puej9RnjLuSbfpcGt33PzpAS15CT68Q5ci
  Recipient: Ci6AUJN9w8VY6z3RoJqeJyKpRPdx9uvm7n8nRTPYGnQS
Transfer 1 tokens
  Sender: 7BcLPfJmfBZrBSN61eaNhVsjLnmgQ3tyJuN7d2Fyqcnz
  Recipient: 4dYe8NDUKCJir7hYoFSC2FCJwVa6uycEfyQZ7aYrCqih
Transfer 1 tokens
  Sender: 4hodLYuAYc7qGmHeMq4L3wQHA8rCb3DCw5896fRn96Bm
  Recipient: F72ZZGfTciszpW3HX1H4FNfGJPvpygkU15KtFGH2bFVh
Transfer 1 tokens
  Sender: AzDdtkNzUiVCbzRqcfm99X6pCHmEpjH37cYNHpvmgQpM
  Recipient: EZsxgTx6JXqZS34sDynrFkKD1Q64Eve7AW8FjawFfovV
Transfer 1 tokens
  Sender: CVeszhRZ6hQKEtrefY5xXdfawwiYE2EaDzrvknqg6KxZ
  Recipient: ANa8iWHMUpAsoR2V1EgWD7qvxCJ4oJJQL2jz7vimWT45
Transfer 1 tokens
  Sender: EWDn7WRuAqNUpwLF7uiCms68uPXbVhAhuHNEVr1jEE7Z
  Recipient: 9K4XUuN1rm5ErTzCH5kUg6L3KjC6SvMKMmtspar5HQGi
Transfer 1 tokens
  Sender: AdnMgTshoR5Vdv3D9tT5uz4BwQXfUesHfD39KWtRborg
  Recipient: C6WmdDdWMA2LK6Xw47QKufq6ze5pEsEc35vSpU6wWcyv
Transfer 1 tokens
  Sender: 4FnR1cNjr8vWTstkzhryXox5bpg8YeyPBofrhqhiaPxB
  Recipient: Bs2NRpK5zPhbhchTM2XGqys5uLw4bjZjiWQJW912XwWi
Transfer 1 tokens
  Sender: 3URU6XzKBNutXNFP5CsZzEWGT2AgthZGGXa6d7fFHrUb
  Recipient: cACEdxQF6BnG3iBYJwWRgCPpdKCdsR8VhuNmcaTZdDP
Transfer 1 tokens
  Sender: 2kdou1ZkVkH4CiejEocov1jVRyecjDFmoAEMtgisKks3
  Recipient: 5VScZFwFzWBBgVhbiayhEfTmDi88mVowUtRP6rCFF5vD
Transfer 1 tokens
  Sender: Au86XnKD8jiidykMUDb7BZed97FsAhqiqMErhWLPTDun
  Recipient: 3eiNNyffVEpmdn97KLaJArKz829N7CMt1GHCPd8uftCi
Transfer 1 tokens
  Sender: Gnao7FmDPnegVaivD2NizbsZbjGiKGZVLsvVz7q61Sby
  Recipient: 2ChMhzvBeg18trwtxDWSjPpjMcbNj4na97jiFBcjYdaw
  Recipient associated token account: 77ytw9XxvAMQmyhvJ4F7wGJSU7fqKmBo7a9p4bQDGmyM
  Funding recipient: 77ytw9XxvAMQmyhvJ4F7wGJSU7fqKmBo7a9p4bQDGmyM (0.00203928 SOL)
Transfer 1 tokens
  Sender: CZNcJCtZqJvDaFJYoeuVn41tQhnwR98qtqMUnJ7EivM3
  Recipient: Cm8cYtgtfyULCzisqUnMg68aqqi12PGZScouQfJRfrG3
Transfer 1 tokens
  Sender: B1TYdferaSi1bhbMU9hdwarXim9Jn65dp5FEG8AgUHE9
  Recipient: GP5wZ1hEfpD9TxhZzPGQVWSS6VVBaGY7J6dt8KeQuPxv
Transfer 1 tokens
  Sender: HKbPpMLJYCvPyXsb9yDEXcpiTAD4uVreAizLteht5NxP
  Recipient: 6vPbtxmJmjzoQD8P72W2fqYbyHh9WNsDxLkUVq5eiYes
Transfer 1 tokens
  Sender: EdQ9SoFxf8gNcD8jVS2yP63YrNFWCsfqdNjgLDzFs8RH
  Recipient: 23XNgo4x5FwiQbN4TV7MZ4ssDgQ398vrpkfD8F3S8KTj
Transfer 1 tokens
  Sender: 2EWYqiFgxZNRopwe8qiu7s7eBei73ALkdD2MkqWXJUmL
  Recipient: AEUto3eFWHLAmmVRq3Vo2fmHXwte525jQGG6D7pN4RRd
Transfer 1 tokens
  Sender: Gh4UDk8VvgZPZdSuRefz45adtk9nMX3q9XrJy48LJQ84
  Recipient: 5EhvzizkQZW3ADDc59jyVqHdEKgb3u1AiAuCFJLwvYdj
Transfer 1 tokens
  Sender: G2C53SesnNmfu1auBf1EWJhCE17AGk5HkZMxsgYrxtLS
  Recipient: HAS97VVQ7HqNXTSbnAcEXGJi6tJJYM81axF11YZE74u1
Transfer 1 tokens
  Sender: 9ANQjcgyXBK9HHTiViJeVFuFEX1sUbxha9xBTEuFAv1C
  Recipient: 9nF2vqusHupTTNgw3quL4f3jorvPdJ8VBPv3Uw1xt3Mv
Transfer 1 tokens
  Sender: Evbw9NHTMaDHqYyYZYsxD2ui1YrjpxCTWR8kGecRr5uP
  Recipient: 4k9aBR4iEG4VnZqZ8kuuPoh7NhAymsnAyr8UvyLuwwFG
Transfer 1 tokens
  Sender: GsYEd8zBT3V1CfswvhDL3fy4a7C4yAn5wwH22mtw14Mj
  Recipient: 6uGbcWXz6Qdbe7HRRBjw2KaA8WRRv28vteb37ryYDBdz
Transfer 1 tokens
  Sender: EZSM4Dr3Kbrd3SBhELmPBoMiSStx8qNrRZA3KuWdTRqA
  Recipient: 3oGV8ZtekVMm1hDSvCGfPx2dRVdLiNX6X8knF5gS7Z5d
Transfer 1 tokens
  Sender: DWH32qErub3Et6GANuWbVXHC1YnV9VQYjwcxdWsZ9cev
  Recipient: CA2YSCaxW4spUDYBtTZ5F8HGmFq5wwS8enW92bDM9qDy
Transfer 1 tokens
  Sender: HnwyZdczqhftU6pDxHVn8msQXrfAi2tR7Gy88Y2r1MpM
  Recipient: FVKyPjy23bC4PkynMmadqaukK1jbCanZ2HxhGW9AghwZ
Transfer 1 tokens
  Sender: 3zTeXniFZYMtFzBNSsCGgYFHNYdvAwoDNR9aArCRCjC1
  Recipient: EoWMun6oMxKTBCTGJ9nHxmFuY56A7bVxk5ieJGG2Q1EY
Transfer 1 tokens
  Sender: 4gcMA8ZWir6aKVjmaNhD8Sax7PFLyF8UPBVGVcn8nvLy
  Recipient: 3vieQWivdeVHJsBsWxJGuEbazmJGv1R4yCUFEjSTFbf7
Transfer 1 tokens
  Sender: FBPSGNDeApdWFZjwSSNnUcuBLSX6crzSwyLLX1p1JRsq
  Recipient: 2WkPKh2HqudssFdhTJRdj5q44oTwZrdPJQ2hGbgwMXrN
Transfer 1 tokens
  Sender: 5ctoLnA9RaAyVq9fMkJVNSHNDcncV6SWAaxKMfRnRvcW
  Recipient: CcD1xV91Y1hfLqH11nGQXD4SarXgwxwRVT6EdziJK3e6
Transfer 1 tokens
  Sender: GZUYPnq8cqcnztVYhCaqfUGWomA65aPGFt9WJvygi2ss
  Recipient: 8kX16Yj2WBCz1sPXcimafGrutQkw3s3Swe9sR3gt3cC2
Transfer 1 tokens
  Sender: G8YxKXH2F9A9Dp4wVVoTcwE1RqaStJXFDf9anzdYGbmJ
  Recipient: GyGgjGQXKDUZ2BWRFGdergYgewnh1aTXsZmKTW2fMyuk
  Recipient associated token account: FgUrTSnaKh9spTwNToKNRthHjPQ6oZuMnc8BSPeP2bpL
  Funding recipient: FgUrTSnaKh9spTwNToKNRthHjPQ6oZuMnc8BSPeP2bpL (0.00203928 SOL)

Signature: PrNwyir5zhs9TAVzMZPYVMgesf4F592SuExYVb4KncMf92awzUUZXM5u1yWUwRWuoxKHs9PCV29zNQk79xakYsw

Transfer 1 tokens
  Sender: CdC4UypyvqVw283hitY9vkxHHzXmaxkhm2hr7nxiTjcN
  Recipient: FKkt2eFZbQp6VLoSfrb5qixdUeh81LZC16mdJ4m34pqw
Transfer 1 tokens
  Sender: 41HYDMRviGMGCf16LGKR9JrxSjmn6memnQsHPREcy9yD
  Recipient: HENypccepnygXmwYLhaJwdGmjX8GwxgqMuLvT9P7hFT9
  Recipient associated token account: CcwUE2wVLN92ZiLQy9Hrzsfx1fcoaeBarYyyyzSNK8sT
  Funding recipient: CcwUE2wVLN92ZiLQy9Hrzsfx1fcoaeBarYyyyzSNK8sT (0.00203928 SOL)

Signature: 66vnCfkRcvLiTTCqzQJzoCo8txtoSLBU1J9J2i6NNPDqrNY4x6R2AcFKWvteBqbLRTktURHVockFMjLLyyq5pjM7

Transfer 1 tokens
  Sender: CMqkvsyGC2or68UfVbFsyb7UiHLLKwrM4ApowuBe6ws8
  Recipient: CHZKVvLFfyK5pDe8vcmPwfhStvJzrJrT6EoXXMdkFdCt
Transfer 1 tokens
  Sender: 6wea85z3rYRo1PBo44juvKYUPNJSEjA1ZzsspT5VW7MF
  Recipient: HekXqjAAuwYVKYmTjAt8kq9u3iJT3EjL6qZCCxNKdMet
Transfer 1 tokens
  Sender: BLpJm5D2CdepZuLjg5Ws9dfxKpq6ZSqcNmnthgRoYR4R
  Recipient: FEFpCkrg3gGRU4dFDdeqvfT3Xtvt1h8Evksmi6F7kaNf
Transfer 1 tokens
  Sender: 8jcGXwM3ST96RFgZ4ijdPebQ7jf8dhtMygZTmjx8wYwE
  Recipient: ANUkikZTPfEoBrqtveRAeNkvVqZv335H5Nvspm6u9Ghh
Transfer 1 tokens
  Sender: AygCBxm2cGR8aRp5uAwZ49uwykYV2EDASN4VbZdRJdj3
  Recipient: 6zWDCKJMWTGmpiJB8QTiWbXEhyp9beibaWAvZMdFdv6S
Transfer 1 tokens
  Sender: CaZfVNy6RduSE2WAt8pM3BnWrqkX6jL4d9bQx3Pi4mRG
  Recipient: 9nF2vqusHupTTNgw3quL4f3jorvPdJ8VBPv3Uw1xt3Mv
Transfer 1 tokens
  Sender: 9wCdQkU5zmhfmuMxqVKKZ8fhggBYNqvJ8CPRkoV1JCbN
  Recipient: 51oET2dy4vCmZ1JMGYR9hbsvsLng1vcLD6z2AZp1uq1j
Transfer 1 tokens
  Sender: 4AUZgTG8dEswVFoMW4ECi7sssg5rQbMq9xG9uMdpCbep
  Recipient: Cm8cYtgtfyULCzisqUnMg68aqqi12PGZScouQfJRfrG3
Transfer 1 tokens
  Sender: GC5miox9hV3iexx5maYQQMBFX2RFv6BchUQw8omvpF29
  Recipient: 51oET2dy4vCmZ1JMGYR9hbsvsLng1vcLD6z2AZp1uq1j
Transfer 1 tokens
  Sender: CJ4Qtg16sVGbYrk2hWbfgF1J77G8KvyifMAjepa4D4j4
  Recipient: 63xaYrSjCh1u8B1NTPSV1xh4Szxtz2ktHdnM5ATK4zMS
Transfer 1 tokens
  Sender: 9BKhSwqv2dcPSc63Gd6aD9NMhLr9mSJU1FuZce63Aoty
  Recipient: L7vksHGNsmuNi2yuAz6MVyczJhDBLX1VhmGcZ4EQtiP
Transfer 1 tokens
  Sender: 23giyja8JvKEhpBGXzEWEZzuLWytE9KVAKpXcHiwKLYM
  Recipient: 6ygk428uaLYS75LxoTbikJSx8yXJ9BQzjeWQUu8ehymR
Transfer 1 tokens
  Sender: DoC1834vMwK5jAU5HCG3i8Myb6tmQ7bhJ4KZHX542Kvj
  Recipient: DAw7L6BNNJQhszjN95NbQPL77AjMVL5df8R4Kx5FHfc9
Transfer 1 tokens
  Sender: 2cTXVVn5UXMe9pkizYWgtEJfGEuxsupB7gzMTUYvs38Q
  Recipient: 6aHUbjgrRXEu6yMrsYEmv3QM5hs92HaYRGV3tNBjawkF
Transfer 1 tokens
  Sender: 7gTJeCYWtbzh9EzwFfAh9NsbEFG2vFKcrTocJPCbnD5t
  Recipient: 9nF2vqusHupTTNgw3quL4f3jorvPdJ8VBPv3Uw1xt3Mv
Transfer 1 tokens
  Sender: 5Q7vwER1yNQbWGWqZWFbQXZa5pvFQgoAt2t3fSuJgiUo
  Recipient: 39YD5rZrsz8mSdtyVCfwaG2cAh5Amq4wDAgqZEtgXLRj
Transfer 1 tokens
  Sender: EUG8BC3diwWzajttU8GCVgtSVP6BjJ7TW8c7S6ZVENUJ
  Recipient: GEVaf9qiMshrb3qJ13QrKUNruydVujtc8nNoTGw1GEW8
Transfer 1 tokens
  Sender: GMzfUWZcq2bqi2Gbnvpx9zzpTvYrcuovKYtGyEsn2ELp
  Recipient: BF8twL1MmqiVRytBcgvYoYbiaMrHMpyKjsHfUvCZRYUX
Transfer 1 tokens
  Sender: HSqJDzZdMmkRGk7872wzN6bTaRoYc4CokHYSwYpks86e
  Recipient: AerAh9j6xCweT81jJr7hUa3BQT2Yy396QZDmbpwY6HBp
Transfer 1 tokens
  Sender: 7zvoAwyQHCuFhtbzLAyx5T12X5FmwREkoYQJs9GLQQfX
  Recipient: Go6UmuX2on6HgCDmam8Uoc65M9UJBjY1EkuedCMiB7wD
Transfer 1 tokens
  Sender: 7CxD4JRaTZgC4Tqv9MWfoMGQMj4LiafeG6hZwrWq5Qdz
  Recipient: GDPiX2yUZxepuvDVKfxYrN4mngqvE1zr4NG4CFj8YakH
Transfer 1 tokens
  Sender: 8VHDXQ89fBtckKua2Mbcnd9xnFTrKUFLQqXC2LhShgug
  Recipient: 4fMHv5Dobkjf6NoDvPWSQE8UhZGs2Jhjgu8iuwp5ynPD
Transfer 1 tokens
  Sender: Afut8c1mcvudesam3pmUYGa6rHJPtqPnqaUeNZzX8kJx
  Recipient: 51oET2dy4vCmZ1JMGYR9hbsvsLng1vcLD6z2AZp1uq1j
Transfer 1 tokens
  Sender: 2p9cJ2CpGKjUVvFpdcnQKde4zCQRwPqPPSqDyGgdwp5y
  Recipient: GWuAeuRDpAwKDxnVEDRW3hYn87dw8K91ZLrhhZUCftnM
Transfer 1 tokens
  Sender: EJqjEWvGpTUaHWNXvednKN4181UQqEy8xdpHAeoAn9RE
  Recipient: 6XHt7CrURSomkQrtVXV5JuKSZY4tQRpUyQKfCDaSTYaD
Transfer 1 tokens
  Sender: 29n5kPtTZ4N8oxf6WcFRSChhgnL6aFmA93FpxP9P1e9j
  Recipient: 6E1m1jQfPY1bk48NyN1GMwJSmxUbS9Sqr57DyitziLWn
Transfer 1 tokens
  Sender: 2KxUgqBimaVt38QHUJc53yBaAiD17o4hkHKTwxsLDa4a
  Recipient: BJSXGMEpffDq9sVJm7Kj2qEw7aTJy2mQB31DfkKvAnpP
Transfer 1 tokens
  Sender: 14G5tkCuGCsop5z3E95DbZHm2cM1BdVnTazCE3JPZca7
  Recipient: FScVh3sUhmXXwLsyWvhiCFwNs9YMYk7J6xHXXHZN9fWf
Transfer 1 tokens
  Sender: AiN11X8m1saKB8fmWt9rUracpNiTZGfTLkGmJTtTSMud
  Recipient: 8CRGA6XMCsitY93bEPG7zNyYaB5fZVQfauneadVyCRro
Transfer 1 tokens
  Sender: HU4UDua5NcH3YTzr7FWQ7TpQTu6Kkcv4ozxET9nTXgA2
  Recipient: Hp8BiimgpZHTNbQQPp2TdyDu3SaJZUpn3pv8rHCPtEEG
Transfer 1 tokens
  Sender: 9oyDsKf3n7eBcCx7vVQhDgPKJbsR8Vn3AVquLVptgzWD
  Recipient: E4Ao1rUU6nmLVLniY8EJMXkLzxSE2qncuoNb3cAuNUAe
Transfer 1 tokens
  Sender: BUp6Y3nKJhDznxhLPjhffgewjk6TXHfqz3dryz69Hkam
  Recipient: DajLww9JAzbHx6VNacZZWYKQfUukB9bibGRcwwHs7e3P
Transfer 1 tokens
  Sender: FpiMzSN6wWxQok3QP3mAgLoHa3sF7dVu58tpNjWMaWmg
  Recipient: FhUn3tXFN5JrPvkULt2xB6KR45ar4ok86RScN18C8PeU
Transfer 1 tokens
  Sender: 4vRdYHTqxe1HjR1ehKNiiz9d43eqqQSzzP6ecoXccqg6
  Recipient: 5pJSXHsjr3eTg7GTyf6fJ2cmWZQX16Njgu2L7ETXJokP
Transfer 1 tokens
  Sender: CsqbdzhH8RC3dPsXSnuaDuQFD6pp6CHWX2E9KbFvpXzR
  Recipient: 45nb485LKf1pEhsTab34JnbBb3wXnAAP3xh98xdzP8Zc
Transfer 1 tokens
  Sender: 4ozY4V98GQutJgvy9eSsDzdbq4FcS4CwQcNhmfGNrnu1
  Recipient: BkALpGmLrpxpfo9CN22BA5Zq8MzTag5YEzAJGgouEHZm
Transfer 1 tokens
  Sender: F8xtgeE6h9FtqMRZsbWZY5oTjQ3UBFxq3tdi7snHitPt
  Recipient: 4DdRYAD84KyT7tMhfXxTWqKW1Mou75BuNFBj2i4oHvDi
Transfer 1 tokens
  Sender: 5B6YQrpYynj3LCYN2j5SjdQ9sgu2RBygGv4izRhNfPvi
  Recipient: 9nF2vqusHupTTNgw3quL4f3jorvPdJ8VBPv3Uw1xt3Mv
Transfer 1 tokens
  Sender: 8kgM6th7WyckiyeSwuwcqjMHw9Rw8qMbgjRArz3fTaW5
  Recipient: 2mNq3AhQahJ3HiJVp7w3jVkog9Q7aSaXwYZXUhTxaNs8
Transfer 1 tokens
  Sender: AouefVFPLbze7RduoMDqBzMHnLBsje3xcvCCxHWFs2WG
  Recipient: 8w8zNnvPHSoUJN2HJibCPvZePAtuPATo891ZzPEA4Yik
Transfer 1 tokens
  Sender: CwP7xyeT44StcWx1nz4516fidQqiqZkCGcBzxnYzwiX3
  Recipient: CQ17ThoiA5MA9ZTULyFQYBs8S2y9byxkCi3mpfvXX9rr
Transfer 1 tokens
  Sender: 2nCtmKe8wxgBvQJGEniFSp5C9Mv5sfxwXqMddTB3Ldsk
  Recipient: CKpNMrMmbDgiqN9rvE4ZqBSKmDbCHAcBvUvNvx3uUwjj
Transfer 1 tokens
  Sender: 4rbAJxrcKmk6iN5hoCAmdpH9A6EmxPvBGTfepsyGV4kZ
  Recipient: GGut9DeAcVyoQiMro1fMXm1fKU1uWKZ8HC19YhYvLuht
Transfer 1 tokens
  Sender: GusZXznn4NrbKcvqzVMQzCJ5cjDsTJehKQHRQMfSqG43
  Recipient: 6YhXPoei7KNqoBdHL4y1d3jHxxLn6PvLZ7DVXDFkvfCX
Transfer 1 tokens
  Sender: 9nhscPhWjWxchNvGZwa57ow136dpoQqPd4QQzUJhu625
  Recipient: BKZS9ci2HFDA72Wp3rPr9Tc8kTcKwLrBboNn1XdGpMFh
Transfer 1 tokens
  Sender: 5ano4u1L6XJGKJ8MrgCzpJw69DCEXszqPR5VoQtb1dKv
  Recipient: EL5FxobVK8zfyJwMa8jGaQJY3TcpWBZ4mJYyoEFJfpe5
Transfer 1 tokens
  Sender: 8Qn3wxz1CrvfCwLu12Bb843nV7oen5qkKq4ciAEWz9LM
  Recipient: 8fqtDjTBTT4uTdvivSe76vw7b2sHkegVsbVtS3LJsG5E
Transfer 1 tokens
  Sender: 2gfB9WFw8VxQurMov8TAF2oLSLNhsDVjgyJUpwdQzGRy
  Recipient: J89HXU8BEveEE6vz7xfK5scknkXjmvUZDYZmsEZbeEvE
Transfer 1 tokens
  Sender: 2TA2JPqcq6FRJ6A9SQNpqpuwJVwypayK4boM5KR3wVhW
  Recipient: HEES6g3w17E2W1sbTRcntW27sjwJYQh8oFQBGKpMMLnZ
Transfer 1 tokens
  Sender: 2tKvdsf1eWnUudEu723SKowmVH9dw8hcd7t5dc4aHG5D
  Recipient: CtMkpv9EAMZAkyx6tE94Vs4dGinkSFMxbYDPLud27G2M
Transfer 1 tokens
  Sender: 5sjn46jQrT87WDNG8wqRuhNNdnfV6Mt7d6XEWqhfELJs
  Recipient: CzBuPFMJQbPLw6k3B7z7KNBwMWfJZZKTFBYZLhYB27N1
Transfer 1 tokens
  Sender: D8a74fpbe5PKyYQhSs4d591J6mfjs61sa1bn45pnpXWY
  Recipient: UDgkXzdnpRqT1adpbeRy1LULVjxY6NTWeVRTG5ZFWzR
Transfer 1 tokens
  Sender: DrgGz1Wt2f9Y8ipHqVK7XnRNYvuqXyakyME7o6nGbaqM
  Recipient: CBs38GrLkRKrf6ciZkBbD14BmW43nLB5Hj4BX7UkNhLF
Transfer 1 tokens
  Sender: Aza1TDGFtjYbQnWyz9dx6AYhRM16US7mMLkYbt6poeBc
  Recipient: J63PQ61AFhZXeupw9j5GYY1aEuR3R6BnAbtfqqAX6DQw
Transfer 1 tokens
  Sender: GSUufnnJojxyhT8f3CRvEjSPHRpWH24GqEq6dmZFp7tw
  Recipient: RTY7RjhPpDabh6ky8mQudWxWH9XLZLCRPAj2CqRN21r
Transfer 1 tokens
  Sender: 4AAjjhGNiTTKDWA8dB6xgbzR1EwDe8SHJD7FCt1UZLC5
  Recipient: 95xfF9j7hA5megc7Qg8DGa3zTjhaTkoqWaPHSq1mFCz7
Transfer 1 tokens
  Sender: FaN23ZZoqK6mQRErfgpCYdLpx55Gpqifpm98H3p26FC8
  Recipient: 6DtPgUwXQcuvZcWrKk6x6RHwdUBZbsdiTqc8xRbfFkBN
Transfer 1 tokens
  Sender: 6CHmwt34QDCFiBv8SiFA4wySCcJSoZMRwAVDX81zkRm9
  Recipient: 51oET2dy4vCmZ1JMGYR9hbsvsLng1vcLD6z2AZp1uq1j
Transfer 1 tokens
  Sender: 36jdeLNxeBXjYDbaspRiJcNjvPTxJruaViGXM8bZingA
  Recipient: 2HtcCr92gzqZEmnEYKrsC2d2euFz7djLYzqnbDSbhd82
Transfer 1 tokens
  Sender: 24AahNBwiJFTq8nr74Bb8M84u5TushDaheLgwHYaiJ5z
  Recipient: 6ykYU3fWNQnoNunJKDLSVSZWCMPoajoE8EVNzKCYs9qT
Transfer 1 tokens
  Sender: DbJvbHseT8b2Eh1jJdTNMqq7HRKVLto1S6XzuVrjyaH5
  Recipient: CVv8iAZGsd2sHVsX1vo2iT72uBDNLsuGNjxSAxFNNSCX
Transfer 1 tokens
  Sender: HmcpWTT45bR3TMZwy71ScvSEw8ihTrj2v197CoMMm1hW
  Recipient: 3GFSEgAQb4niaJRPjKUFxKpXpyJjZWijgM8pnbk6GYzA
Transfer 1 tokens
  Sender: sPfwq2oM6Aj1AiffgjBkyq3r6r4ERrho9Vp16WHGHy5
  Recipient: rLZStBnnZDnRV3z1oEkBb7KuhQGp8KxAe5oi8L9cTcx
Transfer 1 tokens
  Sender: CKLRMrFj61vs6AaSzVskwtXw5bb3DhodnwG8szSmFRwW
  Recipient: 2dK4eVhPEh62U27NFQEft1nUqntEN9eLpibWa1EYGNpC
