HDLKGPRVqamrEiHNn2Scdqbi9XtQ3GcMevfnbd66mFPK
Hj8r2JfHZTJPqQuz3GWCiu8sgAnYEj24f3eaJQhRerUf
DCaxpYXpNxUxFcaaGVfVY7dYHT2BuBPdLAssdvCqrSsd
EavbFXnY6W7xWoTtBjitEFD8cptRGrdjiMrxrmQNNEFq
4Hsiz7q8vfBizJWsE9RViFpbAPmiH4pBHcA7ksq5JTaF
25ycRBGgb8psTBBZtaGH9dpuUmD3C84rSjSf8bUSpcgC
CaYMCmEV5MP5FkoSZ3TkN2919SLtvnE5KbfzRtPN5FLD
4ZGAMVayrbjBP92MqW8iK1EiS8MSFA5FL82gATVzfkzt
9CKGWgvpDqG48qEvEztZN1M2d6b6x8P89T3EDCeeKwAN
8BStRWeqCPJPS2hERr7V4mEgdodaJZDTNXVM2Q2AYHr2
7LxmtZRVYH36aRwM1jyJLPqr1Lt7DoeGhRU7d2XNu4n9
5awsmonFXxL4xCNQTYVgw8zGWXEzAcoTbirxYEYqxwh3
D7FG3Usyvwh2t5Dytrpfbh2nZwLY7RgMyAS19TDXCzMd
6dWYKwXPMgr9dbsWsE8FgsTHgHudFaF8vvaQTvYcHnn7
2n5PbADyQXeCMztD5wnZjF3Nn2w8PmCmqSQ68TT6Q6KX
51oET2dy4vCmZ1JMGYR9hbsvsLng1vcLD6z2AZp1uq1j
55nHxwMUWJfsGCWEnjQdEcyA9Sfcx2tH8z3xi9r8G6Ke
GWoFiTkmgkdUxvRNZ8kMGVxUctDabMNYZ4ztFnQokBrH
6dWYKwXPMgr9dbsWsE8FgsTHgHudFaF8vvaQTvYcHnn7
8zfdGUKpemtzs2Ypb8reoN3A43o1ZkbwFCBNzpUeFeUo
4H389fKsqzX1vHGDrtWDLUKLkcmMi4aJsA7srHwZto5r
J8vxiR8o4NvY8wcR46iuSpSAjXhBwGCgrbo5LWA3corc
3GFSEgAQb4niaJRPjKUFxKpXpyJjZWijgM8pnbk6GYzA
AzmKB7i1dJucc5Ec1mxpoJor662CDFKAAWRstWDtrmaq
BBcnpuGSbDbMhZHugVRhURmfdFWkieXskLyHvqcFMsbT
5KPUyaQpZnNaEeZBKwcVzyNXrFM5gR4wLjUzjyBD3jVi
FxvQUxkQAgJPbkJ1daQVPdsjHgMGr8UfcAfJxQ2tebss
EzFmEHFgkNa38kcnWSaVy6FDP24xvWHTisRUjLD5aMLH
Fh25PAuTWAtc357yJeW4EcUdTqMNifGUSzobJZX8hHd6
CgeQQY2g3ZKXSPBdTVa2sZ6Eet3456WfG7KmrTLRh6MF
