572hTyeNMPnkTATYySqp5ys9qTUiwca8Zta1C6RvPtr2
EdC41u8A6CSXvtKB2zshvA9qi7NCwkw4nWEdrbsnxk6h
FWc5JbqZw9Apsap8Y5cNZCrHXrZwJgejr1oH6vEP6pyu
8i5ZDQeAN4PHKNLSLWep5EjvUdDhcNwcdwakqHzfyTup
GaAHUKVnADuvzwB5ntp8bzt2Jomj5TBLTR6446ptaxDA
Gazv79yrvyXLyfn2YLQ4tzKmCFfjgiWkGsXhBq3WwXms
51kp32v1iWm5kp4km2YwF4fyxbGNQCC6w3VBiFJuAgFt
3D226jdJSMtCRAFTYTDD3YHfbssKHnCEbp2NRHwia7Yj
5PU8nZEyQyDjwnkRVj2xfjPN6ucmGTFC1W9PVFuzpi76
HFkBSCmB1nXPPuQMSZs1TcFayo4dfyCb7aB3h7snBkz8
AuvHGiLog3f243wxes6T1jZiWtvzGH5mxCAT87v9KQkK
EzV32ZZVkPexWWQFz1MaMrmbwat9onpTGYen9nBGGy5J
CN8ofFkSHBhyJS4w1AzCaYgUVHEazU8wJqvCuLPv8uEX
6MfewpzvBkmZocNPw6uX8uQbrRdWM3HxhGLfLaXgVXx
3ewpREzWSimXnqGvu2yYNChEbzkSA3nuPHpxyPuatbFg
79SrNgNYVaJC3B7uLkChAssptE1J6XfhWcBAFtHx5wxU
3WstC4xNcFqys7EAQn29KC3X2JjAW6VLgDhU1joRGVA3
DTnAJHL7zTwkh2fUArjxSm36q3o5jnaNW7TSvJLh9k5P
A6WSqE3f6DKL6K2Y9ho8P2cRVTMuWcK5CVqXWnswwAMn
E2ATfbQe4THkoXsDMGB7xr86nojYFeyEnqL1U1pGRHDD
8mJTAUQKbxgYGBdh8LGMhCBD9SC73J1wwAGXaRxeMtJ9
9GZcDiSbc6CWxsKCySEHKo6CX62HtLaW8UUx3HCpDZ42
55ARyD59AHLmUQHBMFTW6GcGJYf3RX4gnDKPVHUhvL4H
unYqpgr3pE2BCh8Co84q8sSLdRVyUDKxXf2KQAnWAqm
DwzNF4VjUXXDHLvp7eLCbbtYAHxH3BMHKt9tZUULJfVP
4HgmkEfZXDKqcJNMPZ6Cryqftc3XqeWcoUSTZk1JV55w
3w5ZJ15AGd9fEtZNUvbMqX4aVw1jDAw82i1auoWKLCJX
CStbb8kgJUdgqUcmKRJSNY8J7edwAfVAtvzin2Z55FnQ
572hTyeNMPnkTATYySqp5ys9qTUiwca8Zta1C6RvPtr2
EdC41u8A6CSXvtKB2zshvA9qi7NCwkw4nWEdrbsnxk6h
FWc5JbqZw9Apsap8Y5cNZCrHXrZwJgejr1oH6vEP6pyu
8i5ZDQeAN4PHKNLSLWep5EjvUdDhcNwcdwakqHzfyTup
GaAHUKVnADuvzwB5ntp8bzt2Jomj5TBLTR6446ptaxDA
Gazv79yrvyXLyfn2YLQ4tzKmCFfjgiWkGsXhBq3WwXms
51kp32v1iWm5kp4km2YwF4fyxbGNQCC6w3VBiFJuAgFt
3D226jdJSMtCRAFTYTDD3YHfbssKHnCEbp2NRHwia7Yj
5PU8nZEyQyDjwnkRVj2xfjPN6ucmGTFC1W9PVFuzpi76
HFkBSCmB1nXPPuQMSZs1TcFayo4dfyCb7aB3h7snBkz8
AuvHGiLog3f243wxes6T1jZiWtvzGH5mxCAT87v9KQkK
EzV32ZZVkPexWWQFz1MaMrmbwat9onpTGYen9nBGGy5J
CN8ofFkSHBhyJS4w1AzCaYgUVHEazU8wJqvCuLPv8uEX
6MfewpzvBkmZocNPw6uX8uQbrRdWM3HxhGLfLaXgVXx
3ewpREzWSimXnqGvu2yYNChEbzkSA3nuPHpxyPuatbFg
79SrNgNYVaJC3B7uLkChAssptE1J6XfhWcBAFtHx5wxU
3WstC4xNcFqys7EAQn29KC3X2JjAW6VLgDhU1joRGVA3
DTnAJHL7zTwkh2fUArjxSm36q3o5jnaNW7TSvJLh9k5P
A6WSqE3f6DKL6K2Y9ho8P2cRVTMuWcK5CVqXWnswwAMn
E2ATfbQe4THkoXsDMGB7xr86nojYFeyEnqL1U1pGRHDD
8mJTAUQKbxgYGBdh8LGMhCBD9SC73J1wwAGXaRxeMtJ9
9GZcDiSbc6CWxsKCySEHKo6CX62HtLaW8UUx3HCpDZ42
55ARyD59AHLmUQHBMFTW6GcGJYf3RX4gnDKPVHUhvL4H
unYqpgr3pE2BCh8Co84q8sSLdRVyUDKxXf2KQAnWAqm
DwzNF4VjUXXDHLvp7eLCbbtYAHxH3BMHKt9tZUULJfVP
4HgmkEfZXDKqcJNMPZ6Cryqftc3XqeWcoUSTZk1JV55w
3w5ZJ15AGd9fEtZNUvbMqX4aVw1jDAw82i1auoWKLCJX
CStbb8kgJUdgqUcmKRJSNY8J7edwAfVAtvzin2Z55FnQ
3Rp4c7Nw3h6guPmAggVMGgUbtmLepFj5UBw6UKk1mbRF
D5jSs7vvZZCwYP9AvZTByFdHGSgYQRx1i7pvz4ijg5sp
