Transfer 1 tokens
  Sender: Hry2uit7MmH1GqK1JLj2aBts6XCBdjygo53StTC2yqdh
  Recipient: GpnKen3QMaLc1CzFsoy8UbcbPwEXRXb5k2qTkTcUa3RX
  Recipient associated token account: 4A26Jk9htfHeKYKdsTw4sxamRMPHZssZr9wXCueDeAUn
  Funding recipient: 4A26Jk9htfHeKYKdsTw4sxamRMPHZssZr9wXCueDeAUn (0.00203928 SOL)

Signature: 5aD19UUgrLKjDVrmcu3whLvopqCU6zPa1kE6kyuUMYAyPvHwEDZXbNEJsENY9t1cAdcyozNUJdXjU1ZPQ3JaERgW

Transfer 1 tokens
  Sender: AoRau29QJ11brBHScmYP3KHvhJArsMAuaXH3Txq2X9RV
  Recipient: E8pAWPsMpvuvxU6pqJqrq7yip7n6VgzpAcpdqbzcV8Nw
  Recipient associated token account: 2b2APwJsTWWPbShvc9B8Sxve3fPT4jT6FGanXJxBmyBp
  Funding recipient: 2b2APwJsTWWPbShvc9B8Sxve3fPT4jT6FGanXJxBmyBp (0.00203928 SOL)

Signature: 5gvvuiu5H7obpTgxptQEumFbmPZLrgovrQneZjnsvqapwoPsQSjbmG2Bt6RCkzNnNwHxanCEVRB8YJLVn1eDwydi

Transfer 1 tokens
  Sender: GphcsYAs7q8FQ6UtQEZAggSrEySvSjHUZ9e9v6zHu7w8
  Recipient: 26oJPXUNGwx25Y4r8bDwjMT65MHsfviToG7M6zksbDic
  Recipient associated token account: Fxuv1JefJnXgx1o9tqmCBS556i3NEesDq85o3oRNP9G9
  Funding recipient: Fxuv1JefJnXgx1o9tqmCBS556i3NEesDq85o3oRNP9G9 (0.00203928 SOL)

Signature: 235LohV4SbKzfGtBHCsYGZfmcypxi245T4pws6cDds9qw8oDPUhnJTWGXEs8f9qHDiKmMQaWiP6CSHW1d8gCkUp7

Transfer 1 tokens
  Sender: 6BJuNmgSKmXNaJoVtu8WWuN1735SeTZa9LF24VZLM4Rd
  Recipient: BAFEj2qENtVH2nHDkhy5ZrjfWbuZrM4P1Yyb3He1TRMu
  Recipient associated token account: 4mgsRgr2krWWZeFRghjF5GatNfvQSRdJSYcXx2Cka2qr
  Funding recipient: 4mgsRgr2krWWZeFRghjF5GatNfvQSRdJSYcXx2Cka2qr (0.00203928 SOL)

Signature: 2rc7hTrkounSwqxbVJB3huc9MBHXz68PTw2VNA5D9kWSTT8GZWEzTzke9BHB84PK7garn7X6XtvBGhmYd4ihXMxo

Transfer 1 tokens
  Sender: 8nwZ5bn3JHSe9L5R2uBShLBGjqGqvm8EmnF8XRRJYLtR
  Recipient: BxCviB4hviwgAXuZscTiTQcoXd9pF7CdctqqNw3txKkT
  Recipient associated token account: MQJYm1s9T9b5Qk7p8phtdJaees2XDJ3rmcXW2Wdmgoz
  Funding recipient: MQJYm1s9T9b5Qk7p8phtdJaees2XDJ3rmcXW2Wdmgoz (0.00203928 SOL)

Signature: 3c558kCoFyY3q3nkQWWG48L8fux1s2vAYTgdAtaG3cdVQTShEs7GGSWumz4TL9vV4DmTXJE8DGH8sKn9cBo6ngG9

Transfer 1 tokens
  Sender: 2mQpVvnKAecmViFqXnfymr1PnXuiTShwe6VnKtG8Qrje
  Recipient: 51oET2dy4vCmZ1JMGYR9hbsvsLng1vcLD6z2AZp1uq1j
  Recipient associated token account: DTcR6QjBJgphq3SatZjQEx9sZy3o2msvgs2u1EuXuhKq
  Funding recipient: DTcR6QjBJgphq3SatZjQEx9sZy3o2msvgs2u1EuXuhKq (0.00203928 SOL)

Signature: 2SGNLMP2nmtzPxCHvojULT8fEqHve7C7N6uz8MFdavcyQBFwkvmPUe7Tf8EXqBsUFNEFvRT51nJsGnAfhvw7nKTs

Transfer 1 tokens
  Sender: Dbz4zmCAwudyaptJXnFvQ5HdGgSUkoc71BKEmcZaN7Zw
  Recipient: 7gPAqZVNRtDq9sUY5FnUzCJJ17RLsjpTGiJ6Y61iF4Ga
  Recipient associated token account: 8ztVpm5DZksQGFUyxmji5RviKnh5WUx28atzt1B46bmV
  Funding recipient: 8ztVpm5DZksQGFUyxmji5RviKnh5WUx28atzt1B46bmV (0.00203928 SOL)
Transfer 1 tokens
  Sender: DFgJJcruqgbnN7MkS1nn42yHXSHjDQQGohy5Ej4yD5jm
  Recipient: BcwzmAJunqVo7M9PHuUn3srQJX73bd9xr5fJseCDGAZm
  Recipient associated token account: 6pFrX7QwZ4EczxoYNaqDRLDxTzupaTJSxcRgWN8miEuK
  Funding recipient: 6pFrX7QwZ4EczxoYNaqDRLDxTzupaTJSxcRgWN8miEuK (0.00203928 SOL)

Signature: 4WrxxKaKqjHfGGNLoVrBAQhWjD16dQcddWB7Nn2UqhMr1Mnk1pkhb2gJB2oeRiKcF9eBsecDhwBJWaKBPrsMTDaM

Transfer 1 tokens
  Sender: FgnGjcFDwtFtx3ZCBjEgrQEUPEZswHSebw2iLH6ob2PJ
  Recipient: GRFdkxZf5raq2T5kVzcbDTprDKie6oF2QNuH5ck1Ehot
  Recipient associated token account: 3qq1ZTXJWSN1yyyUzPGp1VtysKEWAJvx6rNERtPmV5Te
  Funding recipient: 3qq1ZTXJWSN1yyyUzPGp1VtysKEWAJvx6rNERtPmV5Te (0.00203928 SOL)

Signature: 52WA7ThfNKGgWPNgM7ZUNQ9GDdFhSUL4twDJzS1V1kwNfKnsTwU7Tgj6HHLcvi3LwVKG48QbGy4KRDbX8cfUNot3

Transfer 1 tokens
  Sender: 92krA57nbkbvtjaTsSeMRbQwBcgHKTm3jN3DbqNtrsnx
  Recipient: Aa4gyqXpNvXJZgc5dbvUB7gRN8t6egGdX3HGnswJfMED
  Recipient associated token account: 6zRZcMPL8Z8PLTVwTjcEpsjme1ahdRWLLqGBGUEcrdkH
  Funding recipient: 6zRZcMPL8Z8PLTVwTjcEpsjme1ahdRWLLqGBGUEcrdkH (0.00203928 SOL)

Signature: 3rZJWCpebbGpESnJnjdM1SCf2rc1g2o1mZPgwa5SFo4uto1PBTqRvox7bbfbMG4Xsu1SAY5f2dXE8dT94b8uqj5R

Transfer 1 tokens
  Sender: Ed9HkPrNPggjbQoYk9VE1dWhevbxQhpUFFDKu9HLDvXK
  Recipient: ESeAFDVft5p7R7i1n7u75r9Bp5ESRmHwuqxE6Hz7NDuH
  Recipient associated token account: 3fFQbS4WFAwXMFVDEwzFnDxEwYpxWdePFbRLdpq1ajF2
  Funding recipient: 3fFQbS4WFAwXMFVDEwzFnDxEwYpxWdePFbRLdpq1ajF2 (0.00203928 SOL)

Signature: 5ftEEgTAVDQMhMezUMyvr9qJsSXS5Mcx7GWFDxGGhiQwKJmWzMoAB4Jx8Y1QiLmSLwj1v5YCgu5nEya5BMEphH2w

Transfer 1 tokens
  Sender: 6ExqdqZrvn4jAKh6yvGNnkCdGaspB478u7CBo3RA139W
  Recipient: 2tn4ToRyMT8Mnh29AHcrixZr8GmDBUjBcSqpYdEuWoAU
  Recipient associated token account: HaiDv2EkMFm7MVVMCa2S1YHSenW1uzp62p9nv9w2uZeM
  Funding recipient: HaiDv2EkMFm7MVVMCa2S1YHSenW1uzp62p9nv9w2uZeM (0.00203928 SOL)

Signature: 5Pws98h8joXxR9vPHeZ7RZwHypJpjZpLRvQEWM5PSgvUFGd3JbzUCKNMEw7U3DZyeJAPPHq4Rmv4MmSSC1Sutt3P

Transfer 1 tokens
  Sender: DSaeWYRstr3LgpQY8BU8tFbraDUxteVuW67RBcYvosgs
  Recipient: 73tF8uN3BwVzUzwETv59WNAafuEBct2zTgYbYXLggQiU
  Recipient associated token account: EP5mitdHcRx3yzhacrcUDKx1k5icvCDPUBpRbqTHgexw
  Funding recipient: EP5mitdHcRx3yzhacrcUDKx1k5icvCDPUBpRbqTHgexw (0.00203928 SOL)

Signature: 57SEi9VKYDFykoQsKDCXeX1BnMGXrVGdkJsJmY1vwDV5oosTKeFTzkonzvnemQ5zPPJUZF65DNxmdByNpy6G3NF9

Transfer 1 tokens
  Sender: BwJPj1aR9cqkksEZmKmRGVetHsFVpf5a8gJRYCKfjNsX
  Recipient: EczHAfEajWAwvFQ6t8ns9rqxCr5XQMqqfbZxBBJBZByh
  Recipient associated token account: 4XoySgNf5yLzTaBungg3wWP7oSh3H1aZCqc7q5yVbG3B
  Funding recipient: 4XoySgNf5yLzTaBungg3wWP7oSh3H1aZCqc7q5yVbG3B (0.00203928 SOL)

Signature: hp8fr6wYzkG3p1R4PJ8SzYpCK1ban3Va3AWKWecwZPjcfYERAqSw1vsFiw1TuhGihi7W25ZQsrrquadsFCagJEq

Transfer 1 tokens
  Sender: 3TQH4rtSjLAD64ePegNkMj94YErYcPsbvbaaxEepFfFo
  Recipient: 9inkKRwsNbqQeLMhkJ6V5TFHJ8yfzYifKnngCdqSagF3
  Recipient associated token account: 2Ru8Gvdi8AgXrfyg6zjYQeaHBiw2f9NqrWsEfDKi44f5
  Funding recipient: 2Ru8Gvdi8AgXrfyg6zjYQeaHBiw2f9NqrWsEfDKi44f5 (0.00203928 SOL)

Signature: 2AjSWVVP5CBtycxMjCpVrPXTmDyhu1Y6T3ucjDe4wtQxiZimFKc4TvgMCr1zvG936NepJbRnALnoegLyiF9hBBxL

Transfer 1 tokens
  Sender: ByyeVwNViHpsSHQp6gTER5gWjitieJL6RTkcGHxN656F
  Recipient: GWuAeuRDpAwKDxnVEDRW3hYn87dw8K91ZLrhhZUCftnM
  Recipient associated token account: HgEu73K3UTJQf2eATPu9Pzp1FwQ4f92tYke56YUuaaPg
  Funding recipient: HgEu73K3UTJQf2eATPu9Pzp1FwQ4f92tYke56YUuaaPg (0.00203928 SOL)

Signature: 45TanEGZCyBJHGzRs5aqQtmCk5BqJMByp9eWiGjK5gAvVX1yM4eCrja9LArP1xepfj9nRZzzwC7ogi6AnxjqD5cj

Transfer 1 tokens
  Sender: nGoG6XbjuzBnNDjSeE7gohzDjmP85YMrjSvwpMZDTrE
  Recipient: 8kX16Yj2WBCz1sPXcimafGrutQkw3s3Swe9sR3gt3cC2
  Recipient associated token account: AHgp1UbVdeh36j9k3UR4PPwJNbRgqBu47jVPXz1ZczJE
  Funding recipient: AHgp1UbVdeh36j9k3UR4PPwJNbRgqBu47jVPXz1ZczJE (0.00203928 SOL)

Signature: 3qLiwB77unP3ppGdhPDtyQomZUK5YuXJSawMz7LYVrbSCeaSy8a9egvpGMMuENgTs567F6vFJrq5GqEWSRUZzs8d

Transfer 1 tokens
  Sender: EEeXxLEq7ub29qHj4PSajWDzYgFjJRvy4hTVskokx6hG
  Recipient: 917wwwdLEmCBvyz5fhXmfjL1YBakvkJEiHEVqpTjQf9u
  Recipient associated token account: CAjSdnKBggZ4qU3RHDJiqarNjuJkAwDXjNwN2gFnzCKE
  Funding recipient: CAjSdnKBggZ4qU3RHDJiqarNjuJkAwDXjNwN2gFnzCKE (0.00203928 SOL)

Signature: 5my6Q7zboi5EjirCMoGDn7JwUy1zxt6pNRQuTtydfLSi9CUSmpBWQNqaUVoN1UbmT7ApxpinQMUzXdMDdKNBTcuB

Transfer 1 tokens
  Sender: 49t4e5X1exuzDfASo7VEgUiKWeLMZ2Qv2A3Fo3FytKR8
  Recipient: J1V66CwKX9NcbN5G8NqbUNH2XFm75zm4qA4omxwKvM2q
  Recipient associated token account: FAQebSoJkoVFwVzmwYVwwXkS99rJEYWd2ftkyKMAgJZP
  Funding recipient: FAQebSoJkoVFwVzmwYVwwXkS99rJEYWd2ftkyKMAgJZP (0.00203928 SOL)

Signature: 35jgSS2PmnNYNotsX4q5L7eci4EkZpmSevojRJEwmgjaxoJtCfQrCR63wacRTAXEDxmPhdz7NU5nQiTsZWp96Nmo

Transfer 1 tokens
  Sender: 4PxChUQD1eQ8rNsrqRtjz32RUwZjj6SbwCQiPDKSaEY3
  Recipient: HMCuUsfswf8ngtNg1E8RgpcthsnjakGfSptKNqyzBuYb
  Recipient associated token account: 9Wp8hb5y1XNnoVp9BAbtwgwjfcwBJa9y2cQZNQGefGnz
  Funding recipient: 9Wp8hb5y1XNnoVp9BAbtwgwjfcwBJa9y2cQZNQGefGnz (0.00203928 SOL)

Signature: PYbfsuYzJCb6UAyTwG4cmzu8Jtn4WACjA8VnM17CgKBpNK5aJmHL994j7erZuFWQG35udx1GoPbrSDJ6R6Jfze4

Transfer 1 tokens
  Sender: D3Sq9gb6mBQ9e5ome8bxkFjL6cdWJ5HVsWmT1gE894NR
  Recipient: 8kX16Yj2WBCz1sPXcimafGrutQkw3s3Swe9sR3gt3cC2
  Recipient associated token account: 3ggYvQw5LyDZAyZob6GtSRYtHD7A4SpTsV4g5EbVAbcY
  Funding recipient: 3ggYvQw5LyDZAyZob6GtSRYtHD7A4SpTsV4g5EbVAbcY (0.00203928 SOL)

Signature: 4YUQXEf6chKi1CarRMbWC5g782avANQEM5tCXL2yGCUULCkg6xDjbXL2iXbado1sBgR5xPw96gRchkSfVWTrjLQ3

Transfer 1 tokens
  Sender: BJTt2Jo5mzneg7QfLtZ8zQyyh9xe6bCg9PmmjUTZffdS
  Recipient: CWiXLx6juMmaq33BPXGJ1k2DPqzfDyCQWoAsUUe83CqP
  Recipient associated token account: 2ybYayWB3VU5D1E2HXhuZBAmtdxzoqzgTxircZ2ojPzW
  Funding recipient: 2ybYayWB3VU5D1E2HXhuZBAmtdxzoqzgTxircZ2ojPzW (0.00203928 SOL)
Transfer 1 tokens
  Sender: HLeCb2AAW6YmZS3aSHVx1kNBV6ymde7vPuYihedatUrx
  Recipient: FEupPXRw4HwbASmzwdpgjqxti7eRWxNaekjBoc5BcJxa
  Recipient associated token account: 3od4N1gxZ9NXqdr4X6eg4Ak48Jk7ntVX71bk1HSub4Fo
  Funding recipient: 3od4N1gxZ9NXqdr4X6eg4Ak48Jk7ntVX71bk1HSub4Fo (0.00203928 SOL)
Transfer 1 tokens
  Sender: CZRw3o2ysTAwgc9gY3VYs927BxW2RNA4Bi87rsAn1kCu
  Recipient: Bhexjg8vWtuH77iMsQstr8DPsuk85JnU944ivVA1MmxF
  Recipient associated token account: AskwhYmUwo6YWP6eqqKVsj4aMnv7UUAVTPaJRrUtm3fj
  Funding recipient: AskwhYmUwo6YWP6eqqKVsj4aMnv7UUAVTPaJRrUtm3fj (0.00203928 SOL)

Signature: 3mx5h1Nz4hTsdMsfPPK2yMAqrN79UN8dDFxhfJmef8hAVavg5Sk3yMYnJAncNBvBsQTqkKQvxk3rB2GgKPwQq4wv

Transfer 1 tokens
  Sender: BFpfsYGWP7TLfDAXi5PnkT349qriKP5AVs7mocwr5ns8
  Recipient: 51oET2dy4vCmZ1JMGYR9hbsvsLng1vcLD6z2AZp1uq1j
  Recipient associated token account: 9xzSPrnrQthbzJrsiccjjso25MugHQWDRNusz3T9h8Ey
  Funding recipient: 9xzSPrnrQthbzJrsiccjjso25MugHQWDRNusz3T9h8Ey (0.00203928 SOL)

Signature: 3sEM73DupDM5f53nthXxiG9yxLZYwFbYMBajPcxbDRYDJjL5kSJRki9kAmzmgVRRnPKhWEbqZSaxtQZj95w7R95X

Transfer 1 tokens
  Sender: 2b3xA4TpPLP48JnjjTMuPJDvTnXXuuQxE4Cnt3ji3w7U
  Recipient: GBvdzrFqehuHNLc4NvRUQhgVnKjfF5Q2fi2LrBDYivpe
  Recipient associated token account: EJwakBdCv6LMcHLAue1sBNiUCZeNCVutiywtYmnNHWL6
  Funding recipient: EJwakBdCv6LMcHLAue1sBNiUCZeNCVutiywtYmnNHWL6 (0.00203928 SOL)
Transfer 1 tokens
  Sender: 4iqZ7atVenABrkrwERNhUzgHMqwovCxZziaueB99WqiV
  Recipient: 7uCsLRhWmRw3AHyb4hnifXxiwqNXi4UB8Ac4ynnrZ5hq
  Recipient associated token account: HDS9bcBj95vN4XD1i8a8VgqgGr8mBhKrPXERECuz6jf3
  Funding recipient: HDS9bcBj95vN4XD1i8a8VgqgGr8mBhKrPXERECuz6jf3 (0.00203928 SOL)
Transfer 1 tokens
  Sender: J3gBj2FTTnMdXdSX2gbPZ4FJQquXDMfo2x6jRbXXzuPH
  Recipient: FMykZXj8ior3yWkgPca2Ssma3pfDAjv2v975MJEcft1t
  Recipient associated token account: DgKmYPu8UT8T8gQv4PQTN8Fw73bmNHSCeqtoyZz4vVMs
  Funding recipient: DgKmYPu8UT8T8gQv4PQTN8Fw73bmNHSCeqtoyZz4vVMs (0.00203928 SOL)

Signature: 4gy18kFYSNLQ2tnBVz2CCg3ZQu1YnfqVkWrU9iJChKN3kGKzgDp2CUhgGthFDZSoiarw5kGreVyoQtD6XaAqoDB1

Transfer 1 tokens
  Sender: Hry2uit7MmH1GqK1JLj2aBts6XCBdjygo53StTC2yqdh
  Recipient: Fv9B3iH37xap5fv4v2AGKSivaZWKNZRC8rorfwtCStAJ
Transfer 1 tokens
  Sender: AoRau29QJ11brBHScmYP3KHvhJArsMAuaXH3Txq2X9RV
  Recipient: 7ZCbVwoYHuNNxbm3MjRWeuj8a6orNjjnFfLyLvva6Thw
Transfer 1 tokens
  Sender: Hry2uit7MmH1GqK1JLj2aBts6XCBdjygo53StTC2yqdh
  Recipient: GpnKen3QMaLc1CzFsoy8UbcbPwEXRXb5k2qTkTcUa3RX
Transfer 1 tokens
  Sender: AoRau29QJ11brBHScmYP3KHvhJArsMAuaXH3Txq2X9RV
  Recipient: E8pAWPsMpvuvxU6pqJqrq7yip7n6VgzpAcpdqbzcV8Nw
Transfer 1 tokens
  Sender: GphcsYAs7q8FQ6UtQEZAggSrEySvSjHUZ9e9v6zHu7w8
  Recipient: 26oJPXUNGwx25Y4r8bDwjMT65MHsfviToG7M6zksbDic
Transfer 1 tokens
  Sender: 6BJuNmgSKmXNaJoVtu8WWuN1735SeTZa9LF24VZLM4Rd
  Recipient: BAFEj2qENtVH2nHDkhy5ZrjfWbuZrM4P1Yyb3He1TRMu
Transfer 1 tokens
  Sender: 8nwZ5bn3JHSe9L5R2uBShLBGjqGqvm8EmnF8XRRJYLtR
  Recipient: BxCviB4hviwgAXuZscTiTQcoXd9pF7CdctqqNw3txKkT
Transfer 1 tokens
  Sender: 2mQpVvnKAecmViFqXnfymr1PnXuiTShwe6VnKtG8Qrje
  Recipient: 51oET2dy4vCmZ1JMGYR9hbsvsLng1vcLD6z2AZp1uq1j
Transfer 1 tokens
  Sender: Dbz4zmCAwudyaptJXnFvQ5HdGgSUkoc71BKEmcZaN7Zw
  Recipient: 7gPAqZVNRtDq9sUY5FnUzCJJ17RLsjpTGiJ6Y61iF4Ga
  Recipient associated token account: 8ztVpm5DZksQGFUyxmji5RviKnh5WUx28atzt1B46bmV
  Funding recipient: 8ztVpm5DZksQGFUyxmji5RviKnh5WUx28atzt1B46bmV (0.00203928 SOL)

Signature: 3W7b6w54JFcvu7R6sXKtcjJY2byVjkX8KzhGuh22J5EGWQ1KjwTarXjT7qsddigCaUN2G1Hukye3PaviyPAZHKyh

Transfer 1 tokens
  Sender: DFgJJcruqgbnN7MkS1nn42yHXSHjDQQGohy5Ej4yD5jm
  Recipient: BcwzmAJunqVo7M9PHuUn3srQJX73bd9xr5fJseCDGAZm
Transfer 1 tokens
  Sender: FgnGjcFDwtFtx3ZCBjEgrQEUPEZswHSebw2iLH6ob2PJ
  Recipient: GRFdkxZf5raq2T5kVzcbDTprDKie6oF2QNuH5ck1Ehot
Transfer 1 tokens
  Sender: 92krA57nbkbvtjaTsSeMRbQwBcgHKTm3jN3DbqNtrsnx
  Recipient: Aa4gyqXpNvXJZgc5dbvUB7gRN8t6egGdX3HGnswJfMED
Transfer 1 tokens
  Sender: Ed9HkPrNPggjbQoYk9VE1dWhevbxQhpUFFDKu9HLDvXK
  Recipient: ESeAFDVft5p7R7i1n7u75r9Bp5ESRmHwuqxE6Hz7NDuH
Transfer 1 tokens
  Sender: 6ExqdqZrvn4jAKh6yvGNnkCdGaspB478u7CBo3RA139W
  Recipient: 2tn4ToRyMT8Mnh29AHcrixZr8GmDBUjBcSqpYdEuWoAU
Transfer 1 tokens
  Sender: DSaeWYRstr3LgpQY8BU8tFbraDUxteVuW67RBcYvosgs
  Recipient: 73tF8uN3BwVzUzwETv59WNAafuEBct2zTgYbYXLggQiU
Transfer 1 tokens
  Sender: BwJPj1aR9cqkksEZmKmRGVetHsFVpf5a8gJRYCKfjNsX
  Recipient: EczHAfEajWAwvFQ6t8ns9rqxCr5XQMqqfbZxBBJBZByh
Transfer 1 tokens
  Sender: 3TQH4rtSjLAD64ePegNkMj94YErYcPsbvbaaxEepFfFo
  Recipient: 9inkKRwsNbqQeLMhkJ6V5TFHJ8yfzYifKnngCdqSagF3
Transfer 1 tokens
  Sender: ByyeVwNViHpsSHQp6gTER5gWjitieJL6RTkcGHxN656F
  Recipient: GWuAeuRDpAwKDxnVEDRW3hYn87dw8K91ZLrhhZUCftnM
Transfer 1 tokens
  Sender: nGoG6XbjuzBnNDjSeE7gohzDjmP85YMrjSvwpMZDTrE
  Recipient: 8kX16Yj2WBCz1sPXcimafGrutQkw3s3Swe9sR3gt3cC2
Transfer 1 tokens
  Sender: EEeXxLEq7ub29qHj4PSajWDzYgFjJRvy4hTVskokx6hG
  Recipient: 917wwwdLEmCBvyz5fhXmfjL1YBakvkJEiHEVqpTjQf9u
Transfer 1 tokens
  Sender: 49t4e5X1exuzDfASo7VEgUiKWeLMZ2Qv2A3Fo3FytKR8
  Recipient: J1V66CwKX9NcbN5G8NqbUNH2XFm75zm4qA4omxwKvM2q
Transfer 1 tokens
  Sender: 4PxChUQD1eQ8rNsrqRtjz32RUwZjj6SbwCQiPDKSaEY3
  Recipient: HMCuUsfswf8ngtNg1E8RgpcthsnjakGfSptKNqyzBuYb
Transfer 1 tokens
  Sender: D3Sq9gb6mBQ9e5ome8bxkFjL6cdWJ5HVsWmT1gE894NR
  Recipient: 8kX16Yj2WBCz1sPXcimafGrutQkw3s3Swe9sR3gt3cC2
Transfer 1 tokens
  Sender: BJTt2Jo5mzneg7QfLtZ8zQyyh9xe6bCg9PmmjUTZffdS
  Recipient: CWiXLx6juMmaq33BPXGJ1k2DPqzfDyCQWoAsUUe83CqP
Transfer 1 tokens
  Sender: HLeCb2AAW6YmZS3aSHVx1kNBV6ymde7vPuYihedatUrx
  Recipient: FEupPXRw4HwbASmzwdpgjqxti7eRWxNaekjBoc5BcJxa
  Recipient associated token account: 3od4N1gxZ9NXqdr4X6eg4Ak48Jk7ntVX71bk1HSub4Fo
  Funding recipient: 3od4N1gxZ9NXqdr4X6eg4Ak48Jk7ntVX71bk1HSub4Fo (0.00203928 SOL)

Signature: 3g5K1WZdLL4JgjzT6gdTnFaF6N42KNUmEfF91iAEvPwL5AkQ821qHbsqcHNzS3YkhZRDx4dcDyBuK4DjR4R6NqqD

Transfer 1 tokens
  Sender: CZRw3o2ysTAwgc9gY3VYs927BxW2RNA4Bi87rsAn1kCu
  Recipient: Bhexjg8vWtuH77iMsQstr8DPsuk85JnU944ivVA1MmxF
Transfer 1 tokens
  Sender: BFpfsYGWP7TLfDAXi5PnkT349qriKP5AVs7mocwr5ns8
  Recipient: 51oET2dy4vCmZ1JMGYR9hbsvsLng1vcLD6z2AZp1uq1j
Transfer 1 tokens
  Sender: 2b3xA4TpPLP48JnjjTMuPJDvTnXXuuQxE4Cnt3ji3w7U
  Recipient: GBvdzrFqehuHNLc4NvRUQhgVnKjfF5Q2fi2LrBDYivpe
Transfer 1 tokens
  Sender: 4iqZ7atVenABrkrwERNhUzgHMqwovCxZziaueB99WqiV
  Recipient: 7uCsLRhWmRw3AHyb4hnifXxiwqNXi4UB8Ac4ynnrZ5hq
Transfer 1 tokens
  Sender: J3gBj2FTTnMdXdSX2gbPZ4FJQquXDMfo2x6jRbXXzuPH
  Recipient: FMykZXj8ior3yWkgPca2Ssma3pfDAjv2v975MJEcft1t
Transfer 1 tokens
  Sender: Hry2uit7MmH1GqK1JLj2aBts6XCBdjygo53StTC2yqdh
  Recipient: Fv9B3iH37xap5fv4v2AGKSivaZWKNZRC8rorfwtCStAJ
Transfer 1 tokens
  Sender: AoRau29QJ11brBHScmYP3KHvhJArsMAuaXH3Txq2X9RV
  Recipient: 7ZCbVwoYHuNNxbm3MjRWeuj8a6orNjjnFfLyLvva6Thw
