9ByhCqCPfZc7EHeNavkCyDFZye9NrwZwYjiqgGokdG9E
66h4FRJ9ZMqb1oZBDb3gHW2YiCatKtcHoNCufK9vPDkQ
BQ9j1wmvx7rugXW1MVKfs2j7PkqYsjGozTdcE6vRThuU
3ec8QrSyYYkjqpttAoJ2U7sQ792nF5JAxho5tuu5V81e
J9xX93fLVoE2otUdLfSSSDVdSqYEnNzAyqC8amcdpJBq
3vMjEPAwSQABqa9EQ3tTSoWxzR5SZFotFfjoYnac516J
2PGMfKM5QuTH5NCWRPQAuEAegSH9JKDPHcASXBJywS9f
9PbWR49bxqXMnBRqE3a8saKC4DDNapJUy2KYNoCsgNtt
4u1TosNNVKRB5dgLEeLtwaZjF6kFEAXtERGuCye1EHoN
AAg6UKMxtzaGCJkwwRrPEiorREJCp1V3mR97pdyPVduh
763CYtyiFW6spATQRA9gwGGF17qcLutpMYRLBfYbZQhx
DuqcHsCVQHfkh1rqWwpd35VPu16uaFcfoRfdonJBLaef
AZ2YXwejBneJhzyC1m4aAM5H9WiwNyBcupGY9FjWf5gS
GejREH6mV19yo1WBdVZCHJb7PXGgbEFEGF4cdAtNycPU
8DRRv7PMoRXzpmpoNxcpeXo9cxY9BjcPwGwy7bo8m2WC
64KGiTi8PaLPzvPnRbZn6HgRB9bpGj9dVSy28nXghvWf
BouizWLNbKfML1kGQWMfxkQVpq3pfwYHpDcve1WLVDSD
J88gB1nanmA1fLifFq6tGpyk5LhpTbFnZt3uKepmQcoL
CTVzqFWtqWvuJfG7VkbLzhtuoM4aLddizzdDbETN7bTo
4WAjc4hrQVQDSgaAL6GdeePa1XGXAMEez63S6P2nKegc
DXXGfWLRN4syf4VLhfsYnFT1T8tEce4J9njC4obG5wYj
8LJ5BuZgDj5i8m4kjgTZ8HFoWoSVmRxt5u682K2wKgJ7
9apipASoNeQ3HToPTgP7rrFLYfLQUj5aBxGh7tco9DxN
Fxhp2qaaHfFLfPSuffY17KRER99CHmu99D7D5sW4q4Zx
vFtvGWQaM26bs7kAoV7Pm5dPFmrvBXjtBqALYWafQcF
FBfvSjjn1ZLRtKS7ZMxt3EU4YGzQckZYGfoWmn7EXeoY
KfYNNVqVnYttgPSvUrgvDxtF5A3zDsSxx8ywZsUxmP2
GSvZyEThwFU9LTG3h781a3RTCdk7TjxMjw2EVtEGBHEv
8TSWiXdpC7K9Ux6LnnCmmmQK1VjCTfTTzjKHtcD2tu55
3ehnbmMYi6AvpfUKw1uE6ZrPVoqbzhrxdaCqJ5jYXVvM
HqXM4hDm5apug2knRdcdai7tpp1X14tvMTobHa1aZdHn
GD1ihoxnF1keocgdsAt18dma2fnj3PCwDN5Ys99nUYn2
2w6gDkbtbHC4PhqqwdWapMHghmkArwcAoGZ1Ueb99NTd
FVwQ4pNo5xpjrsEfxufQAWzB5huoMy1j2z7Xoo9F3V13
BwpSwFQi92EH8qf64zL9gn9jJxivq5yoR6Ldy91tyzAP
A2WQBxmwhDkdVms4iWQDaFsKwjEKnBaTaFHXb3BDHenE
XoYHz7P6WR3eZh4wSkzrbYkk8Tx5316rkwKaLF9bdXE
7wvdKGM5FrT2zxgc1VxaUpL27EeA9HsLD5n3GWjdgSwi
23ZNgErb2DCPRtMoV1ReXBmsHqQ1hJM8WHhUd3d6d3Nu
HnyqSwUkM47FhdCqhDsADyN1WZyESi6hzbmQQvmnqfba
5NwA34emyuXkfNVhJTkv7gyLcZtQd55hPvGiXCjxLDpu
6xj2sVfPQuvcstTg5Q51oatmvND7iadcP8vqkiHMVn7u
E9FxaYSa7kUG31DqeY41t7muQiZ4mLG7hfgwL6BCeR1o
7DmUHm6jPWaVwQa6D3HXmrsgeN8zkdVrUR6Gywvu5WSw
9PLzDzXKiXhLVVqPixYBz1rzscignGCrAK9fSEHmFHzy
BjcTTid8tSL65mXQ2JCjp3UaN9gGQZMBMw7yES6PosWS
D8vMPRaghdKKMksvAgxaa1GySmp8L6h4j43d5sqQQxNi
2nDqYAb4TYKUebFAqgy2dmtwUpwHapy6pnXh8QZ9dFU4
Dfvqso9ShjqcCmfmm5D8utCb3YWxRzQ5VRHeNUtccyQA
DykPb8esVsidGZ9zgSf5BcHNRbxXzc3FCwLPw8YSacV7
89Tg9SkV9gXCJCDakmcyfpDztXAXaurjiixj9GSz2iau
2AEVLnG8B1b31cDGiwH4frgBnQ8PaFJFyan4nJKbRCca
DUF8zTCfS86XcCcZDVu9dn3nUhQ4V9n4vAa7Qdqwx9XU
H1kPozPomG2FUP6FZGssAL3Wup3YXkP4gCkbxxDKL42p
EYGnwrw4FEzgopynemRRhvWtry3SKoH5VtFU8NsKUeX5
GEt73jEYZY2BCTP4zQiLTZi6RYh3TLaFRVpW4VwdP1BC
HW4rU4VifgUxkKhCCdjb8t6xrBSnpGeQHaywfrZjskn5
BsUUpCPnZas9v5zmumti1sY86JNWbYkt6mEQwGVaJ52K
9btiKgX6x3d8TaZF3kz8kjeZHjQKsFZgNfzzZWQmBKtu
6Cu12BRyFQdJG6CLEHPGZ2R4yUKcC6NUiSpaGgcK3Zu7
6BWehRMCZk9idSbwP2ff4kBNJoE9VqCrissk5uCcSFDX
BY8bxrSBvzxa4pa5mdw7iYANYk9WiAN938ZLgSuZtaH6
8gaCgcQ5vGk8eRPpDBx5zXXqdeBn9Nh6ipTTJrQewxNz
2C2zCaS8gVR1tHyY2GgrfU4GMemRrpn5CLVng4n7bay7
Wzy5sdMv5VfdLMHZDvVfChEDGn1iHCDuF1vWURvQUYw
6ytxWbP4fC738Lsq9SVEDfNHFJVohPZAbfWSdmbW3tWM
C5XP7FqcLRAgVKjzxADJQeYMqbx9rg3Hih8CKaFoSgYC
AKqxJQywix7XMQpBfFWMb34iDjW62mi6SyqUbjHH2fQ6
96BaNne638zMauvCJYeMpR6vPBRajqKYmxxf5crhpPxz
Gnrwwxyxwo2t5iwZWKYDaXWTYQnuZMseV1ANuMohhu8h
B9Yu3AyctAnii1vgjgdRDoTPE8GHufH4nUo7CrJpDFn6
BS1HzbG7SNbi9akB2xdeAq6RYFDc8GBgyUHGuALLdiQc
FJxKodXsNCMkv79XpziXYzC3a13dZxfHuXTm95V6ab8H
BtcuddVn7NrXSqGR9N6eNShfYWMD3PyFJQqW9RMHJKNS
DSqo26sirM5E3h6FH1Y9Wvfara5tvs2jx3wt8aQeTd4G
2fW5eXSeVaJg3Zc3MUWkLFg9Trj7PRwDprwwBFwzS6mk
FsSkqqgA6vGSs4LNCiWurqKWAgEF6eKcMWqYuBFnzmKg
7wrYGM4VMoHd5jqtx4fzi3AXV4PYg9AniHCagmVWnQyi
ZB8Wn5H81up356cx8fUqrZhDxKwXEczukq7fBqQchfx
AMzfSP8QbcySsgDiLvpi2VMSdpoPvvm7ABp1hxaBJdb4
5hdvNb1TdG4yXoeHZk96sYfJzZEmHzDyHfWA5AX3YLc
BNhWfVDqmyyeeAChB6LsJN94dy9oVjQUwtvV4zREFhGW
4UEbo9yFSPfM7DnX6cF4K9pmyuRx6VhikUxjb6CRSz1h
DHB35S1zivDywJRdbxQVcYFBKsv2EVbgxds47yN7YE8v
DREhC43s2ASSFkQD8R4jGoVtB7jvBcfYvynR8qpN6C2X
EoReFmjvS1usaZRSgFRFELmnQr1e55fDGoAJFW4aEufv
CdWmP5eHRrenG2tq9owhuuNwaQdQrNr2R3ZJTdjVnFxm
49h5eh2Q6g24rwirc9YNdHhzqaE5B5o77gupjqymNpr6
27wdJZinogsAxS9cQ89FFv2NmG6HU5KypRs2fSzrhXKj
FzzsHcRDQQoHM8diShAATKX2iGPs7KfapQEPRHzgsU8D
EYkvAymPwUwuhNbhCb5KxEpnfUFSrLMwRcQ8GicCx5QY
Aiz5zWhoDywqbnbyrG4U3qwft9e1QTyHFVr9gcnghDoC
AFhwZ2CphdvaWzjeA36D86JwmgXhvBSH2HmZ8E3JUG5Y
JCMzyLvQrCCUSStbKiwLkrqrmNRd74mqA7Zr3Y25aCP7
6Ap61VX3suBwhr5GSDz68DQEYNupm9JA7GMD3Lv5yMUk
53X3mDp2PJWAKyjkF6fiFKJ25JrFRr1YZ3JrhrkWsber
5Qb4FcKoQANNjhKBmmAMyEEhxaencbAjBjqhShWJcGPh
71PPC7BqQZX8H77oKPUWAmz5wXHX28n7Ba5Tp6C2b3HT
CQdJmLcFcEPabWiNpDP6Q66J1mgctbgG4TJpPVKaupue
4KSBregf5ykn1Wv23ZFh2PH8qA7K8fsJkTvAvcSP3U7B
9tBLXmj4W9VzXBpa4FDGsjG5MKRKkkKV4pKJURNCHjHd
8AKrM57RHowXYbrA3bioQ7HSUApqZvveZjne9hVecR3K
jM4RoCxV2LLkSw21KRVutPyDxr5g6U1AGEBtD2jPvQm
3nYDnmpWwT2SwVHE9c4uro6JHwddW6cav1zCcWxwhED7
HvEJ4X4PAGGeFFY2rB1GJBG9GfpJ8sNadvhgZxC3tc5c
AuCnvp9StZAkSn7XYBU7mpr1BysAV248ZHT2hV5AaRyL
GesiBRf8d9o9vBZpenyAeSLEFjzGm4RLeyHpCuUM9RX4
EyEHhdh9yHWEoxx6T7bbLmdeDXhLZKsMAGRoBg5cecJz
A4LootCLbTfGEbUR8468kfouf3pm7RwRVExeRjPHwFs6
BYLV7i5GoRdinPuBQpvaewPcfha5Vwmqi2F9uTALLNZr
94JsDTniAJrck1oCNmWVhMthetLeK7iyhupr8vDY8yFy
9ToxqVMp7MbJRDRdNahcAc6buXLwQnMoVW4pCGVD7bDq
6eBV69BayPzFMTMH8kKZCpVxF3AJnczYUbyxj2zQLhCj
BN4c6HumUvUmVojqk8Hr5V9TMRRZ7bnNo46Sz6QGnAAX
C6xyZaWs3BJQ7RXmjNNgLGfkShbXGX1isw11eXfGrPa2
F7bJezwvYMoJLE9BNJdPvCS2VTLiMc15PWwS6ZvfJH2L
2CexP4uAZ43KRjwNstPZoyBosCrHhd6pBs4ncBFw41pX
GPo8eMaWNJpiK7KxDtXJdCTwo5ihDnX749BmYGmAtCe9
BjugYgzfwB6M6Fcbsvb6kCeGV1F1DWv3b9yg177jFsRG
5VUubwpuF7ujQT1UisRDrB9XWTdBtLShwC9pUC3iRkNJ
9Ky5GSeG934DtNdcxNB7vQk8m6GQmGz2ZXcnFCdJGi95
8dcppPriR9cVLC8QgBMQA82qC6V4cqBpCtKRUyPcwtQ4
55GC7gdMRcYhWFkHFaNgF6Hug22yZUvrQ9XhrQXprW52
CUEk8oq7ayABefzzv5dHyBz8XkEfYBkKiq7VC2ryU8UN
FWcv5wMBf3yAXwrdkqcVZN8Q31WtfZRjPyp2iSQVqFe6
93iFZZNeizSpKTXpHZkSqpMQyW6G3ZLwLmXH75RVr2iM
8TywG4hc82Z3cu5jEVWWDaAsLbwXCDp9XKtSAPQwtk2n
8CQgoiQcTC1jzyfPX18f5QYwB8YaB7QzAmFPoPvGmm4r
4j8BdoEup7icLxfAQyQL9C8W9j6NEBNtN3R5tPrZNNVn
Fy9mxgtuPpvTmWsW5ACRXvUgSceQ3pw5t1CXNsterbus
Fb5GqL7i8tGSD1eyfyJ2yMbVhYCz9NqNTt3ajhdbsMqw
BKJygZy8oDamV1Tc275PwxXCcBQAemXmENBKoeMJYDP6
EqW67qyH1GYryR674f4YEdWw5MkLMPN5mKPccczxD8iE
2fFT2gvKc5wjdfTCv5rZHidojPrJUUa8GjECPze3SsFv
59Gs2wscG9qHs9Uf1H7fVQcAz6aazLoSjGJ1f7yEZfSn
F56ZEB1rP7bGke7vBfr1mrRPCq9nAmgzE55enn1gdBNP
55WGipHyQR17YAL1HZxFitbaoScF4eFAdBx2Nf9hwBta
54Tk7n8Z51krK3C7ekFT77bmRFhEgYEZw5xCmD4xBqWs
Cu5HQidn5TbBg2Bges19QYs7meUvzFjkoJjqmRHgGk1m
FBMVn3L1jw64J2gDHXT7JgzQgV9DJuMBSjRQfAu5ocF1
B6PSh1TBQbptuHLzZTW6Gebh4ouGMaTCjt4tPFAupnHL
2owXD3ZkjUQKF8fcYHADksFzbZNqkKgeYDyL8XFFmtE5
8KN4GtZ41X5ZUsEaWdrLEJZt3m4LkSGkwVcmBbqHeQ2W
97KNiSj7SxdBDtEjeqx2xak6mKA8faCfBBQtodoNKnrz
BxLhLuKsaVwivtCXXzeCiqjrYXFqu5P7fwhpNUqhCwT9
GKbKz3x5pS2ovu7hFDmKAjNvTeWnLmY7fWUfii2WgkUn
F5a8uceF5hFZ3TUCSGbsGELsTNnrwshD1Xhnc46Y4XUk
Ha62unpeCTXr5MuyfccaxmrqYacsbbX5LD9koxUca2Zo
GLNsQPMBrn46LkVg9nexzREWXMzsCYRvg35VZLxQRgJs
GgHNGRvrWLopX4Kx83Hv9qmcYW8sZn1GbXCnc5JdGnd9
7iJjjjbRLPFj7pGSMKjnLhH6fLtAhvUYTzHxGn6GYvwj
9rwptSjyVXG2YiUrTAhRPi9N1Agy9cia6vkVRwzYr26c
GKDs3aevgBVHKkXVsub4orUHNJ6KMPwKmfPMHCNGmRSq
AXYtzAM5H8TrkKgs3npKoS4sYokbH1t1aCTYZosA6ELw
BipfZi1SJjvy3haQbpTU32W6ZBntiTiXAUqDMroPcoHd
DatyxrDX5wbFszSX3DrUkqLnyRJ7vxDotf8VicgmTWKn
HeWDELnvXSTUxVEzpB3393GTpeBB6WsfmGoSCqqtgWUj
3U7cubQbG8wVpD7LwwimyF4FbMcHUdMWX11xdtgE3qS4
AsLcRaMTLc6RmPSWChxBuRAC2TsJqjf8ZBEfWqEACUwe
2Rf7B7CJoAUyc4HvUfq8JEUAnkfS2AKCJ6aCsfgUjYL1
V4xjPiGskh4QKeQi8b6y9FGm4DieioqXEWNhnrawWoy
2cvAuWQZfZj3SLJKpb9vvTCnFQFCrDRM1Z6hDgafw89r
ABqym958HYaHc8t171Sf4ksiKKuS3efj9fPSnGdV696A
3Ey37wzBvsjLUSmpJo6idZE5CnvdafXU8qJi7AaDSdED
97TUrpXiMVSRsUynVt8gJbtMRvnM7JSa6ChmucdRskVW
GHPLHnYxERG5xmFkzL61NjDQsHrJiQDKZEvyUeb7EERD
8f59UPoZh8nJYBTWT6bNDLzidL2VYETKhCEdGf2WKaNm
F91datjMRRtpUqqyVgHEvEKTq8MqT8E8syooVtHVfwqv
2NyX6jbkkuP13tfzZMB5hqR3uifxjyiiTcWrT1NxNAAu
BWKqhC5FWx22ubnHf6Qzrk5EtRfyqJtFDhNPLTUB2UQw
6P4foLfHsS4Y6wXvg1nrUqZRXbDwtg75kXuaeGHLZtei
4L7Q2uEFGuGCn9ActEjLG4qyG4HM3oAnu7sBzKQnqg8o
HBTX2UTRX8HBzydCU7kdf5M6VFLnwas7uNEch58q61WG
3ZPUcpkEFnq2mhDcWNyywkxky1fyUd5j9z5MZ8W3UnKL
77dExermiBu6HCENc2K7k1YfL5oWMLZkQJuNfmVHoJQi
