QpeQ47UYWKShn5ZB6rTpRB5uHDS698pjBgmgr1Dcjci
Bu2UNSmnnt1DZFugV71v9sFraUsdWjJu2dJmfegfvGoC
HPS7aVQKTV6iRMJuEg7SKmqJHG1JGEjZo3qqyvzr3Mc6
mqx8BjwqnpcpHHHBW2ebEdxjAQv9mtUpWxi6iwxTev1
9zXznRSRQ6u9RugPCkdtU6jXgnjjypJd4Ym7GL6X1HAQ
HQtPQGkdna2kzP6kALPnWgDLR53Ume3TTRk3SNLJGEEk
A2ySR55gqHXJdPjEhX96ZM8eNpXshxq5FVq4RZmb33AA
2iNAvGd8ti91Gd6fHtetX9M8fPunw3pP8Y3NRbqMCk1e
AX48ajE6JcwQm8vfs3NysmxpreLNxq8n74h7Wa43syej
2CUW6cQUqM3giZpdVDiCLxQ52TXitadrAUSFuCzCkpGq
64GGSciBKsNRefSiQEn7jxCr5Z6kVvNAQ1QeGdg23S79
FEUgo1gAjwZ1LbVg6pi866DKLN9rGfkdoSoQTPFDuVT5
T13A1Rp188uBmEGRsUFbPaeoPmsUevzDVmdPygsGadY
FPFN9CqL3LotDYmW9USo1kGremo2nw2b18PPM27NMAxW
6xHihqE5Cs8VDY212VPLZwL2aSfrbzkkUMf8ZafV1T9J
64LvyAUmgGohcPifNe59djbRiaLGqWCvtCNWbdexTvQ1
7nDCwgzRAf488DgpnfK8SehPzt54BdhxfVGKckzWC8QL
KMdoPLkbXUoNGdTRKZmWaCZ7SD36rvpy8UaokGjjph5
HwthUVmP4xYYEHB6FdF2ALxZCg5PNnENHiw1wxj9CEr2
BR2DNVSa2EnrA7GzX1e8v4eiD6TVE8mFiLB9ZQHihzBw
EG6NYaLDuDGdARkQvVhsXhux4MeiTZikv2L7TnM5JEd
8JDdwo28fYtVB8GqhM3ujtSDP5fTJqUSCU6FJMoBEr4k
6TwPjmrZV9SGWwEK51nciVHkynxkVoVqwum8akummyLm
4c6E8TvSGYW7THHjD5CDJQMf2xyy3ZHxCt7DcCfsv6d2
G7Pt6CvSsmkEKpBEsnpNt65VE1PkygCTbkXrnMZhXZYH
7KLvv794Qj5a3C59S2TibMTLrk16qa9p3NnSNe5io7kb
5VKSAd2e2Pm9M8bXiuPuTLjbfYrfKg2Ude8hPbTCTJSZ
4YhxL7H969f688v5RQTWWchhRTYcKa581yMGcS4DCGMh
7UyFFFJwdBcYoW8rsQ3pK362LHmWeBbhDkpFsbVgGCyY
Br787o7zxhcxzLipB4iZYsNkEBTeUUBh3XReRfrN2W9Z
J3Atsm5UzLdiDcAyYvjoGPYaciouQLUuePRr4ASGB8jE
DtYjs7jW3ozex3ZTXKnqbzyvBNmZ24qzruADR8yrgaNR
8LYBAL3sxFKxZvUdgELu47JNT5VKLUe6SaEmKBmb46Gs
D5i8NjBhLKWWsRdd9cWotrdod6TwbaycgkULMnxCywKU
A2SKpzpjJLgybMEGRY9QcbNowMwB83pR7rpyuxm6XiTC
5tpFFDdPpxLeQkWHdbFuLnmZhRo2soUzK2k3pT9FjjoW
BdUkyzbXNZ5qLARQFQnXxwg6bXKDkVxgZgpghaATxvk5
Ge6PVoowxC8LgACAmDVnbVF4dRudMvHxA4kGiheJLQB
Cy1pC9kgv3MQx3T7sABrFeXWeuHNiHdC92GLo7JJTo6a
CbzA2f4Gw7KGEcuaDwSBXG1enLSaBUaRtxeasCB2pjSs
4FZxtKLDw63YNSvywCL8WGzEB41Fqz8YYbDkrWtVmYAZ
Eey4jAnw9U9qBBNuNqoVjs8W5EFVsNZfhvn8UG7LvSTu
2ccsLybqMxRjyk9TCCRkwybNfiiJfRhTUFV177rqFegL
34a4T9T4JNtn2vETntganyodXynr16mq31XUAszV38Py
J5Z9aU48nKCQJuJiQPUxRAVnGKyVkobd87jLXyA7En7K
J2SJxNqsUCCpauA2S1aTEV7NSgZrnCRbphJP3JX2u1Fc
2e8ZLcG7SVWAQcqFL9fykHjDd2syFo518LYUg6epHd97
4C3FcJgF2mqk6ZZ1rdGyqQMu5sE8wHdMv1evsnAWumxu
9Fn6TfP1cWHKAtqX51KVXQSKGFi4azzCfMEJKnrxxfoG
EGcHSw2r45TYyTKqn86e1eG5hF7yxDozwz5HtHWxbUK4
J26hnVpk4QPEXCjkHV2PdERNFddTCXkCpqLSK6h5FPo1
Ge1745fxMh3KdHDctgazfDmp5k4KgEJAQBE6PQDkDwMM
4BDoqKM9LZn54yxgV1uQuLew1qNShA2hsXNYDy86CkkP
GSirw1JMkpPswbsiJYEWhAbD42kCg8Jhmi4ZGGComY62
6irhrnTiwQ7qYF3H72woQReitjFcDQu9GdzCk43nRpk2
CJwV2FG5aVnjhxaUujSL66cyWBSE6thzRtVjXsGCU13K
Vi8HFNkNbvsAdaZ4tBL5UNLELs8qvU6WAysA5NPUHdU
5ZbGnyqtJBu1phyqXQ1Aq2ACyyqviw14ybK8jRwVWVXP
2LJTyUQssQdCoi4UJMBvtNJqWxmmx3FKKkYDH8oZYyi1
7Hqm3dJqiPmAK5cxSDYxWv5XALcuXf28oq5DsBnSJTw6
DQvg5yqKeW3KWBb5PAtyP5zPpdPRiuQtBwFMMx2Rp7GQ
DvGBNTBpafAp8PmNwQ9CqeVsKCQWhBSZ2fHW2VW2P1nJ
J7NCvtDrojmXswXxA2aihLdLDrsYA4fQoCu6zp2oKuJB
BHjSPKQuE26iovVGcKqhH5m5eNusxH1DZXL5iKi5hNYe
F7deibZFWnxBv1EWFQH2iAsP88ef6KwwXUUBKeZT8o8j
FMNFy8CtNHZp3eBdJrMrx4TLjwV2LS2NzSJqpcG7YhYw
R4rmbgskB5WqMJiaNDSMtaMtA8fBZjK1nGqSsV7gwEi
DJJmDPfqy23P71ZxcX3NoqWrYrR5HR3PKSLCreXGDVrA
6HtKkqevDSTEqdktCLiZtKdvpMtxbP62XvgAda9HbEnn
6RQ4obv6ojJhqAtpTpHymr8WYkq1EibT9ixbtpkpQuaB
FEt8fzExPZqUVUpxCjFfoctj1xQ7dtsMaJYH18RU1zEa
GXiSRiFnYSER3u4G9xVXkhqNt7yorHtRGdgV6fykTYVz
CD1N5PsPu18B53MA123HKZcrdQnSqvdBcn9QPcakE7TV
H5QqSd4JKcnK2eAXyRFZwq48fKeHJuC1t4y6GtgazQZ9
BMJcL6umkd85bL7TgKFNLEwNDQwiERWeQXpne8ur8NKY
HZb6SU1d7sW7sCAEA2TBsnUxGaV1DenM1f1WcuhVS6S2
Dcp5jVyabawX6uYShTXS58kjPAjyk6YyE3goHDuJZsCp
E5cChe4e3G2ctbLPZFLbEjLgTvTVseVjdyPkHTp4cHF1
AsUw3LFH8EGWxhLbbo5RNEq7BYm27uXbKY73JGTjmQdT
CxRjoGmGLhspqCPAJQjnvv7X1gsZCWaNtmviVoZC5Uer
XxAESgJ6XRiKyo6nDSsMt6qV7NFA8ztNQPrVZf86j13
6MqzKQv8gSUgErTsUqFEjMMxZRHx9cjtDb8wNFtphV7C
Aye2Y1tr1CnybEzXNVyuAzv4FQFi3TNQvUX9PTV3ynpd
ANZjhsThUGzzqNqXe1n7X93dS9BtApJHCozjqHoMiSte
8RaafKc7apYbD9ihvgVxaAgyCDczPAr48ZRRZsbqw4CD
A5FnuM3CWZwsEBD5V6hQ7Txb7cjHGKAaX2hYxUDbrUsU
UypWGdwKLyqvwpW9HMk5pXep5F9wzKP5BvZBLBkkY8r
9FUzQDfG2YSDiDjRNeVcZjddF7sQcqrn55Zn1GGeMbfs
3o5Wb65YMQe4Zevk99j5X8ehxJytQndfbRQfg788hBCP
2ASH93Jbp7FYt8hErrndkeHy2EzUSeohpjhpu44HUihL
GRoyiKbQj9KGVPvNr4FUG1vVHFdMUWm3K2TzV3stjoEW
scAK6FhVCC11oFKDx1jAK4uPf5XDXFESgd4JAWyVEV5
9kxGfRiDEAZFKLtV5gdhN8CT1oYPGqdDWuGCBhgZMGj4
2pzW3SL9Vbp32sh7A1aqFR3GdvSzrDPjrE2mXg7K4mcL
EHNnJsgKZ3YtBVdLQYr2xZmdW4frbZN2NFQVuqfqncqT
F5urZiENZJrvek5wh2rRR7chQAGbtKfLxsFn51364Ua2
3t9bDPCbr8L2HsF1RQQM4TrrCwoFCMJsbADjzrrvzCxC
9zg5W9ukRbG41b4kJARGD3KsUqLudpSULBaF8ieqQtXr
GMdKNXZVXrpqtPr3CsKFu3Ve5UCsQKYYArYaZ9jGMcV9
GZv6CPWG7ENvM7PtwR3AQrHQT1Uh8foGWCZrej2gPx5w