Transfer 1 tokens
  Sender: 35SBSSgxozqjMNKLKh5QXm6xnwQd932vFqy6qCfxFbBU
  Recipient: DskiBpGg3o96hQbRmaBJTnsnLuUMwUVpbmPFWN6WbqA3
  Recipient associated token account: 7exfqhKdxAARDE1uJGAsptuK8pRZ7FTZKNA4iFHZbyR8
  Funding recipient: 7exfqhKdxAARDE1uJGAsptuK8pRZ7FTZKNA4iFHZbyR8 (0.00203928 SOL)

Signature: 4NAiyHZERFgdehU35uvvcKW6eASBXV7AMcwS2TtTkxYcPAFiPsAayhZUz2d549BFG5WJnR9jCNophhp4UMBPWyaD

Transfer 1 tokens
  Sender: 55QsYhBrdb3zcX4h3Sr4on5V7exkzgaZBUEfCp46B17t
  Recipient: 4UwXJoMgqKDFCkNhie825pP5uvvjJdwLNgGSZdAuBn6t
  Recipient associated token account: CMJAb1VePvQrD9mkzuHwGmRsMuMRedhsPkSUCD2T2Giq
  Funding recipient: CMJAb1VePvQrD9mkzuHwGmRsMuMRedhsPkSUCD2T2Giq (0.00203928 SOL)

Signature: JTujTJKAY6QHy9gSo7pMT7aSqf1QM6TCzdRdD8haxH6Wkxqtvu3Y36aQ7bKUyHAUf6ukgGtFFfx5TSJQ84PpgCw

Transfer 1 tokens
  Sender: BLqpaxsXgym2RvSrnWuGhsA6zqZX7aLAF5YT8KDoehNc
  Recipient: 7BXvdkZxQ8Qjvhb97NodXvCWHRAcT5uTgjx3ASCbMThT
  Recipient associated token account: E11BZo4G22h7ip2mRNSErU361DY52LXAJ3K7Rn7v8Z45
  Funding recipient: E11BZo4G22h7ip2mRNSErU361DY52LXAJ3K7Rn7v8Z45 (0.00203928 SOL)

Signature: 4ojwrkDe7M88ELR5YZvRNY4FyD1YPUYwmjmom29LwLKRAjbY35VvxBihaeXQvX3z3myb97d4te8G74KipDJyr4wW

Transfer 1 tokens
  Sender: AtZYGmDoaKxbqmCkJqsPyxLqKkNzRFT1ommFJSNzFdQn
  Recipient: 4eYMboemLtNmqw5PuG8TxFVZUxN8crFJZVjrRJCz89GX
  Recipient associated token account: 3BiBWiJGvNvvwRL8F7rUW8hkZuiHzxnG7drsbocenuqf
  Funding recipient: 3BiBWiJGvNvvwRL8F7rUW8hkZuiHzxnG7drsbocenuqf (0.00203928 SOL)

Signature: 4wb5dvemQvade4aZZaxLe3natZsLhD8CGyvkZazxSGrjndoYt7eLLTgHqxEogAXMsFGTAqypbnAC2rzNyZ15TzHK

Transfer 1 tokens
  Sender: 3kmSJRiFFrfWr7Cb1VzU3kEvi3W12JJScodUhn1Ts1Vv
  Recipient: CnP33htGVwKHF4psPq57QnRpiNTgKW58RyceytoX78n2
  Recipient associated token account: J7V4uXZfM7j1NddVHFtNyAWDMuHJZoycArM63mKtzXQB
  Funding recipient: J7V4uXZfM7j1NddVHFtNyAWDMuHJZoycArM63mKtzXQB (0.00203928 SOL)

Signature: SX4TYT5X41r38CYQrY6LDADtVUHFpxrnbdN6koxSW3eyYW8Ut8Dhp8ckQE3YJhZaxPLpo7docBTx3cD9ZsPNYyU

Transfer 1 tokens
  Sender: C35EcBGBnfS1gxWLTSj6bkTRXdreTFVo7XQsFMTJ764g
  Recipient: HNyvVfCcNtogL4Gq93zwZ3oFdRo7vrUqdFEwo3RqpDxS
  Recipient associated token account: CQM6ScqtE3hrUPbXg2q9MEBN4BcR3sFzpnkqcT2NQ6pu
  Funding recipient: CQM6ScqtE3hrUPbXg2q9MEBN4BcR3sFzpnkqcT2NQ6pu (0.00203928 SOL)

Signature: 5Ue48k1MUFF3iEQS3T2NEXASdFdsqCezSrfxoxcvoMPNw59JsKRWCbyf9vzHtgoSu4eh6uww8vZYnSpabYmtFera

Transfer 1 tokens
  Sender: AdAptXSQQnGz4iDSDT9tJxFHLaUtaUMPy6UXf22HVQzp
  Recipient: 6TNRpRYLvpDfPSCyNsf1sgJcvncbKU2HhbDCKFnyQL7E
  Recipient associated token account: 5dFqtKPu1zRhQhzUL5QrtLsv2BVARXPASyCeLN8V3UM
  Funding recipient: 5dFqtKPu1zRhQhzUL5QrtLsv2BVARXPASyCeLN8V3UM (0.00203928 SOL)

Signature: 4PgbYkFZtts1jQuRNZA3QhWNqRVm7apLTAnhX6uv4veW68Sf9joQsJQZL6Uo3bj6M8h7v9hH3nb7Z4kEVm2wGRZC

Transfer 1 tokens
  Sender: TJvdJWTdFnW23dSTfpjcve5AzBFqc1o5q5cvQnjAua6
  Recipient: 3eucHmLaRJzL3d3rzYx94KvxcVhR4ESLo9R9hhb5Snbo
  Recipient associated token account: 4MzWBUcBQoS6K721C3SyZgM3FC296oi4imHkmEXBgKqd
  Funding recipient: 4MzWBUcBQoS6K721C3SyZgM3FC296oi4imHkmEXBgKqd (0.00203928 SOL)

Signature: 5y7nQPqGHRDbBtDGpx95hBTh8v4k9o6CTXBzbuSUy6GuTmnCawpWjuecM3nTBDXtqw4369qExhFQrFpD9obJJAQL

Transfer 1 tokens
  Sender: 4Nb3M57nBWjjCrzofwYzQVukRqrk21f6PxBJfAQnNFz1
  Recipient: BBcnpuGSbDbMhZHugVRhURmfdFWkieXskLyHvqcFMsbT
  Recipient associated token account: 9Uy9FA8U2EDZpDby5GneEbg5mYEFyjU8AhBgkYPHFrod
  Funding recipient: 9Uy9FA8U2EDZpDby5GneEbg5mYEFyjU8AhBgkYPHFrod (0.00203928 SOL)

Signature: 624FRMjSwD59an8fAk1fkFkBE6yAbWs67dCkcc5DUinPQccXqmPUvmZZeCL6gkycpAxW4rWTMh5cwsjECUXp14xx

Transfer 1 tokens
  Sender: Cjoaebx1owgVkq6DysphpZxCoUKwHBNWxo962muRHWmn
  Recipient: 8Nj7AC1oPcx2oC7Njihwp9Ee3Aez787kvww3sX3Bdox2
  Recipient associated token account: 3do7grN4EdqnFXeGXTN4z7VQo6RhC2i3K9ZjQPv1JptE
  Funding recipient: 3do7grN4EdqnFXeGXTN4z7VQo6RhC2i3K9ZjQPv1JptE (0.00203928 SOL)

Signature: CmVmQkXNfAxVR5J2EfXsfvVvkTnrLZK74TT2ZTkden3mg3h89qqpThMTLhzoXASVytJujprM9X8HT5yUVVtdKHM

Transfer 1 tokens
  Sender: 2t8eDk1zWy7NhsM6UwQ5wwhiEvbogBPU7jmxRUuLXnF7
  Recipient: 7amkqs1m6aYg5mbQgjmczhnjwPTX4d4FaopVUsYhnUZK
  Recipient associated token account: 69WhKk9ay46YTjaiMFrRYSBaPdQ3kgLn4NfEEVA18Mhc
  Funding recipient: 69WhKk9ay46YTjaiMFrRYSBaPdQ3kgLn4NfEEVA18Mhc (0.00203928 SOL)

Signature: 4QqX93rtiqR3LNoL78VYC9SLuch1fbbndnmxf8M8dnHXbEW7Q8Uj3RoKCopq5M6SsDCjt1pqTvbBzuBRHGbsVY6F

Transfer 1 tokens
  Sender: 8QFxq8c97yofYqmum5JkECFaiwSw1xQFTpGLTNkFnpEf
  Recipient: 51oET2dy4vCmZ1JMGYR9hbsvsLng1vcLD6z2AZp1uq1j
  Recipient associated token account: BUQrTjc55LKYFUDkDm5hsn26A8kmkMdedYsKGuPMCQZt
  Funding recipient: BUQrTjc55LKYFUDkDm5hsn26A8kmkMdedYsKGuPMCQZt (0.00203928 SOL)

Signature: 2wYzpyUNaotxptfDWyiwJcf3vVkHmMvxnL9f5ygYUCRiVHijLBwMbJ3x19xsvuqsZLrxdWLWb4qQdLTLTXxTCnZx

Transfer 1 tokens
  Sender: 6RKnxwL1s6SST65MCTSEJsCeZV2dprANDmYMfVikX2WZ
  Recipient: CZmLLCGoHeTonjV92P59U75AYumCx2EfVtKAtTjb1qCB
  Recipient associated token account: 4UzimFTEg9bKynCwJ61PUAUp6j4zyXzpENdstKumgcbT
  Funding recipient: 4UzimFTEg9bKynCwJ61PUAUp6j4zyXzpENdstKumgcbT (0.00203928 SOL)

Signature: 4EaUEhraA5efeVGPMyAyXJV5LRzUDYuUkT6nf8dLzdGQsEP615jdqyQ79gxF5Dr7s7Wkbh935G2zfACkBpyHEZyF

Transfer 1 tokens
  Sender: 4VkpGJqT7B3Z31suYWVWFC3C4ybjHBk7Sv21gMjvx7N7
  Recipient: 8eeWesjTSLG6Hdy6GV8bwjrBCEnwY15LWTkyHtGtsUB3
  Recipient associated token account: DtgVcNriMLKbd79CWTWbgfAGaBfnM3UXADeuqdpWuD6i
  Funding recipient: DtgVcNriMLKbd79CWTWbgfAGaBfnM3UXADeuqdpWuD6i (0.00203928 SOL)

Signature: 5hTDMFM27xGB3WGAHkrdNTCj7ofU9N6YJaMGQA4tExe3CoQr3cm52ZzJ4vd2YoKYUsCQi4kf8QJrxmJqt9NfDJu3

Transfer 1 tokens
  Sender: 9x1KAfoeVAzgSBvrJxVmc3Njkfeo6FgDvsNCx2QTPiUQ
  Recipient: 98Ua49smTudbsk6aJ3nXqbuoWaxzaEVLfgFF27xEYx8c
  Recipient associated token account: 8mdwPK6Y3kZ4rgrTkg5ECvmEPJUGyTXNqcLNW4iztvpR
  Funding recipient: 8mdwPK6Y3kZ4rgrTkg5ECvmEPJUGyTXNqcLNW4iztvpR (0.00203928 SOL)

Signature: 3x5QRnxTzFstFw8P7og8TgM1PphqscZDWgSyoeB5dvRtDK8NXEMkN5jHc6deCgnHfujuwtR1YtbAZVQ4BZpMaMo3

Transfer 1 tokens
  Sender: ALADV6dfr2uE9zCyrFfyxe4pVT23mzbEJz89jsqu17FN
  Recipient: FSxgHwEJCiuULzsdhNevSR1n7SFunCvFqjHeNLDRHxKG
  Recipient associated token account: GZomFR5AnYVp9bw2f72M7NxT2TRgnQyKppFCgCqsADLE
  Funding recipient: GZomFR5AnYVp9bw2f72M7NxT2TRgnQyKppFCgCqsADLE (0.00203928 SOL)

Signature: 5qqEAP9KRbLf1HdgaMxWF6QMWR5bZu44AC5797Xa5gK6iXK95mu1H5pDBn4JyKQngtLsoh4sVVEseqnPLEqmn6u9

Transfer 1 tokens
  Sender: DPHpkY11PPr6S36EJ5DUeiDTbrsnLjHG5RrKtR2vgdG3
  Recipient: 5MWSsRmoNgurHMU5CicvouRgSeDMXFAbJevWKQq8RxEH
  Recipient associated token account: 7oZtjB4vdCwUqcvoHKdfibefF9jrwazT88CDm1mi5z13
  Funding recipient: 7oZtjB4vdCwUqcvoHKdfibefF9jrwazT88CDm1mi5z13 (0.00203928 SOL)

Signature: 2x7KMDjXHSU9qaAWW76J1uq9vDKvjNXQPN2HWycV63GrviUmU7K313khKZJFoVCrwwLCb6BYsVrqAeeJLziqP2Tq

Transfer 1 tokens
  Sender: 25Ex4riPJiAcXYF5f3aqW3cphb3HLoNQsJmNaU6QiU3v
  Recipient: DWYyT5r5bSjfB2bFc8sXYtFwRJ97iU6Qdn1sLkoh6JnG
  Recipient associated token account: 6NCstTch4vrf6GbjENCJ7oL3gKuMov3oafZyKgrLGv2m
  Funding recipient: 6NCstTch4vrf6GbjENCJ7oL3gKuMov3oafZyKgrLGv2m (0.00203928 SOL)

Signature: 5odmZgLoqLVXKeABWQiVUd8uemLGYsbxU8AXF5TuASnPwVgs2hwkzWVtJYdb539H5yn5F6fJeKQoDV3mnxF9vRkU

Transfer 1 tokens
  Sender: FBKbqsXsFLwUm1NFZRhmANyt4krZBzRexYcPz7iVWj6w
  Recipient: 8ZG2qzQmtuHLppu5Gqw3Fjd1X8hFs9vSxXhWu6iGqM9K
  Recipient associated token account: FYqH5hmdTTRFENpfksb4Td9yni6uEPPZyo2e4WsaeJgM
  Funding recipient: FYqH5hmdTTRFENpfksb4Td9yni6uEPPZyo2e4WsaeJgM (0.00203928 SOL)

Signature: 3sy1bkSnQxKSciUPf9osyyaeh4kEDbdwCY4vVLJEYQQxTgmzWrJNH3DiRSNNqSXcVDjKSSct26ArLw2vw8r89Pbr

Transfer 1 tokens
  Sender: Cnzp5b8KbcK23X7kQS2E3oTnybn5NTYYtju5YeJmFe6i
  Recipient: 8WYRXiQXQSoAMw8A25HuTiTmkg2Ax5YTaBxmHZk6s5LY
  Recipient associated token account: H3PQPGN6eiF4QzYz4wiHANQQjrCaqbnB8yJjTj9Z53NG
  Funding recipient: H3PQPGN6eiF4QzYz4wiHANQQjrCaqbnB8yJjTj9Z53NG (0.00203928 SOL)

Signature: 5n6bkwcYrDXMc8tzKPTPFKCrwQJdmmj8qobrBodfQmXne1LFZEky5oqzG2FCQPhGr2EdvAajQarb9YkMhaWfY8GL

Transfer 1 tokens
  Sender: 4cjxSJjz8swrDP7T6tCAEu2GHG6WXvnn6n9BfD6FbeGC
  Recipient: DWaAVXvNg9NcNUPLCwRbAhc8NVmFzSLPQCFuwkxgp9Tk
  Recipient associated token account: 8R3rC3txWtSnYAtGtHLFmZzP3dD7GnCjHnK1Ur9RYjUz
  Funding recipient: 8R3rC3txWtSnYAtGtHLFmZzP3dD7GnCjHnK1Ur9RYjUz (0.00203928 SOL)

Signature: YZquW65Aosq9mMd93W7F47AfizpNU4Ee7Acmb45JMg4aBmVMp256YZH3kGYL144bsjR4GyQ9ZoMdDW9pc8erggW

Transfer 1 tokens
  Sender: HnUpjmnTn5WiurQhEqSipngPNSs2eeyEaDFLqbZrvvHj
  Recipient: 9dHu9r6wgmxnWxPhUNSUReGFRxzYNfqdYqGbZRFVTpmm
  Recipient associated token account: Bi8cgW1JrK6woUHEEubWXPGuFKppanKDzLLLHyuSdQaC
  Funding recipient: Bi8cgW1JrK6woUHEEubWXPGuFKppanKDzLLLHyuSdQaC (0.00203928 SOL)

Signature: 3D49x87SwyhbxUZvi6tLj86aFw6TsnhtB19ZMpyCMm1NMTiARSNHMAP364tYq6RLPwiZzZwPuvuuV8sRMdbTWyfW

Transfer 1 tokens
  Sender: 5hB3jnQr9Ka3gkQ64mRaxMWpdQtjnAZv4BrpzTwNoo5p
  Recipient: 51oET2dy4vCmZ1JMGYR9hbsvsLng1vcLD6z2AZp1uq1j
  Recipient associated token account: EUuz1Ssq6SE5er8iDbH38ZvwbBeoq3ggfXkHLHqR28aL
  Funding recipient: EUuz1Ssq6SE5er8iDbH38ZvwbBeoq3ggfXkHLHqR28aL (0.00203928 SOL)

Signature: 5hJdcpfHvc9gL63be7Kyoqc2ri4dbXPLApadt1rAzGJ1MpBref4C2Mu4rmtANUxWvF8iBsr2RfPTkCKXt6jsYGzB

Transfer 1 tokens
  Sender: 88sSNewqNRLQbTEHitzwh5xD1Z1CYab4wnjU8RjVcKrd
  Recipient: AzjB7d1b85syjMDsjo66EY7WSe2M7UBYb45pRFyzMPDS
  Recipient associated token account: DtJDfngZTVgRPoZw4z38P7gRLFxJXc9LxLkdaYEEsyKP
  Funding recipient: DtJDfngZTVgRPoZw4z38P7gRLFxJXc9LxLkdaYEEsyKP (0.00203928 SOL)

Signature: 4cRQyy8KAfFHcos8Fvkg3jbj3fZBhxZzegXK8qkf5hvnm7cnWziBtJACLk8aNHguTKR1q6Jbe53rj3soybgrU2b3

Transfer 1 tokens
  Sender: H7gCL6hzwEZF4PZUHiGB1SxmodmdCEf58Jb3EwVoV5bS
  Recipient: CbXZKQJqYpMQCY6ZWexEhsaUphfRPGsE5GKfTi9VDCQw
  Recipient associated token account: 6Bci9N9xRzME1Ja1dXNv75Pp2exGWGFTDusi4wVF1XeF
  Funding recipient: 6Bci9N9xRzME1Ja1dXNv75Pp2exGWGFTDusi4wVF1XeF (0.00203928 SOL)
Transfer 1 tokens
  Sender: A6aMJQiC7cfkc8zFf3jN1BvYngYbEyidHnBJYC9rVFA
  Recipient: 78EX5HmkxqSgNY9Yw15mXVFUxptoJbM2tg2zq27g8Npy
  Recipient associated token account: TXDWTgF42gt8dZtAf4wwkAzZcoS4ybTuo9YrxMQsdvo
  Funding recipient: TXDWTgF42gt8dZtAf4wwkAzZcoS4ybTuo9YrxMQsdvo (0.00203928 SOL)

Signature: hTwDHH9wd8VBQbTLZk2aQiLinvwzovc7dkPnh81p7eNUnqNsJ2g2s7WzP9EHVL21PU4zGu6XGRk845x8AggwA4W

Transfer 1 tokens
  Sender: E2Px3cHipT8ErzraE7BkoAPZ5sPsTxJECa4icyiVqccM
  Recipient: 9vTVgL5yTaRSj1QThL3jViVdwZTiwvPzqsFs4eHdjZjf
  Recipient associated token account: GjDbpLTgsvYmDg8rXo6U4ZW9BkLfeMoiPyVU6yMM7Um6
  Funding recipient: GjDbpLTgsvYmDg8rXo6U4ZW9BkLfeMoiPyVU6yMM7Um6 (0.00203928 SOL)

Signature: 2HZjnaGHqLtgG6e5oQm3dXfJBG9K5BJHi3grUfJEHo3vwYMKdyn1PkQuyCStNwtVkg2U2FAGX4p6Z6fxwN2FDjio

Transfer 1 tokens
  Sender: 4AtL8HUzotHJHDGyz8Z3AMFQguctbCKbhVkmhgcUbzTf
  Recipient: AG88dVyfRoytjBW5G4sfCCsnTa95bJCsvVtv44PhPz2G
  Recipient associated token account: Gg1e9nXwTWMUA9e4Uao424hi4R59zNSCWkqR4skKwDrA
  Funding recipient: Gg1e9nXwTWMUA9e4Uao424hi4R59zNSCWkqR4skKwDrA (0.00203928 SOL)

Signature: 38xP74EpA15h4oVr8zhRTPvEgbFNTDsJreQJzRejUQZ46Qxtt4NqozjxoMzzyU6bR7g8Himgy7N9LBW7dyujftyV

Transfer 1 tokens
  Sender: 9cy9KqQg8vGcnbukrcqQs2JqYNW9peCTkTTp6SC2jwhJ
  Recipient: ADAYa5CPnjcxL2kp43VcSusahnfnTa9FTp7Gux2NQZY2
  Recipient associated token account: AL6NCeCZjfC6uEGxeoMZmh2ThDqwStDDcQuB2XH6mn7
  Funding recipient: AL6NCeCZjfC6uEGxeoMZmh2ThDqwStDDcQuB2XH6mn7 (0.00203928 SOL)

Signature: S6DkX7HmPPvo8E4zcRkfBjV7zBZRApEYcroHZ9An3bJGtjpLWu7jcAWBvsvDYFcg4rgQaVkX6BQN44KXkXXybYL

Transfer 1 tokens
  Sender: 79gnDjBWjkxG5WtnCpt9WsuriBih5JfyruTAM6xXFV9z
  Recipient: GyxrUNS4mSG2fwQ1rbCVRs88yuPW7jbANN2CGujxXpJ8
  Recipient associated token account: Ad9q3kDUSvyG5UiTxTimRb74uYBjByotqyJWTPvQzXbk
  Funding recipient: Ad9q3kDUSvyG5UiTxTimRb74uYBjByotqyJWTPvQzXbk (0.00203928 SOL)

Signature: 3x6KqkFpeEtYPeK5H6kKp8hGAfejEHb1HJEwKN6MfhrS7M2iAthkgKhiC79N1iVGnAQ137cdTsHT3c1nJsMpoFR3

Transfer 1 tokens
  Sender: 3RzomPoko2uaSAWmeNctxDXdrBjHRHCkG6XifQ9xACwu
  Recipient: 5xGiZhSZgSH4K3nxRWB6vD74mxQ8Ty26oMbuGv7tubKP
  Recipient associated token account: 2jHN8qKJa92p5xzC851HaN9DvrSKnF3mRfYL874V6vHr
  Funding recipient: 2jHN8qKJa92p5xzC851HaN9DvrSKnF3mRfYL874V6vHr (0.00203928 SOL)

Signature: hMexJU3VLBFrUooT1oATUEnj3iPDdNjH814XoWJWhKGGJocMFB6koLovftZXaSKtYBYNXmFdyhCcmqmxdbYNaLS

Transfer 1 tokens
  Sender: GGapsLi81S5uvM7Gh4Az3t2xcfsHned8ZBHkMwAC8W93
  Recipient: H3AmErw6iT2yDZSTbvfwNBLSgSADFchY71gqhfTYmPMN
  Recipient associated token account: FFsMw54g2wH5d55CvrvC8q9eLYWDjpK75ThAJBY74N9Y
  Funding recipient: FFsMw54g2wH5d55CvrvC8q9eLYWDjpK75ThAJBY74N9Y (0.00203928 SOL)

Signature: Hwhq8bbUuerzCqTkEvFxKURefqXS8ymRgM5StZHJZKgD2Ja2CViGYqg8x7o7Lq36eh3QPNWmic5zGxbVTJnfojm

Transfer 1 tokens
  Sender: AwVkUrmrWYsR7i2umXHpMGmCtvQ6yQ477gsPkF3cGEMm
  Recipient: 9K7KgtQpenYLF38da4rubwdyCbTgZC217j7sy2AbUYQh
  Recipient associated token account: TfbfGtQqZqurRyCdFySMSRUahVHqqABPvRNfK2m569L
  Funding recipient: TfbfGtQqZqurRyCdFySMSRUahVHqqABPvRNfK2m569L (0.00203928 SOL)

Signature: 4rf6puX7jQbUb83Urb1PEAFpE1kvMqRgZXzQZEQPQJEfBQCX5GcxUgXtKCopbPW7mXgwFgdzoR52Gjf6Cyira2j9

Transfer 1 tokens
  Sender: 7drpCcpuyZR47iEieMRSfhhqwJZ1p9pjsPmk2VsPzsUs
  Recipient: GChoRaGhcY1EPPaqoZ57TcpmBD1ECoGPxqkPE8zg9DSX
  Recipient associated token account: B73aVCmtaC1zrcjA5ffAM8bs4dd9rnJsyAq32BZMmHgQ
  Funding recipient: B73aVCmtaC1zrcjA5ffAM8bs4dd9rnJsyAq32BZMmHgQ (0.00203928 SOL)

Signature: ttZTxsMMxMCXFr8ZExsfqv5STSK9cEze8PWzUVJjAbCGhrrrehHQ3uwUpQ7Z73TvRUkfq8vAWfGnLPRpTcMMnsS

Transfer 1 tokens
  Sender: FP2zDsXU7ty8LNx1qkbFBMw7VEp5hu65716J7KFD7o43
  Recipient: 3zn3fqbT7pajfoLp26cNBkbmvQisBcLUYHLV5FssEpLa
  Recipient associated token account: GFobbDhR2jWWCUXLHydkMUZBuZGmu2cbkubZd4G9PWRk
  Funding recipient: GFobbDhR2jWWCUXLHydkMUZBuZGmu2cbkubZd4G9PWRk (0.00203928 SOL)

Signature: 5JMxXK7GNAW49GFTmnHGw6KtXDDTkSBKyvy8Q5Eg9SooauXwr2tk5vFS72nFebts4mEr3oVZxH68jnEJmX3ywxt7

Transfer 1 tokens
  Sender: 9reT73w58W6Z7dKTvqapAX724RcJFrexsbb2kYueq8rE
  Recipient: C9u28tV9EcKf6iqCxcQvh8M4fnxtWU27vmS3gVwwVKSm
  Recipient associated token account: 3RdXXq16QPHQUcdPTDURP4WLktFjjSKW5x1APavwzUMj
  Funding recipient: 3RdXXq16QPHQUcdPTDURP4WLktFjjSKW5x1APavwzUMj (0.00203928 SOL)

Signature: 2NFk6kYo1RFowT5f8MTjZMSH7KQRTNYfhRRSrV2awLwHHoQcDefYgjvhLPuYFLUyJwYbabk3ctpP5UKM7KwTGeCR

Transfer 1 tokens
  Sender: 26dFkXBZ41RkQrZuY6rF6DwEhzdWq91vQg2mneAzJXnz
  Recipient: EG64BPWCM9rgbqoB4Sn8KZh3jnKmjA3CfpxBDmduUeCt
  Recipient associated token account: DnyVR6xZkV9uYL2H6jtYmrcCaP2i4Sn5CNoyXSHXJUPh
  Funding recipient: DnyVR6xZkV9uYL2H6jtYmrcCaP2i4Sn5CNoyXSHXJUPh (0.00203928 SOL)

Signature: 4W32juJbL7gm2EHUJfQNg2tzcbJNcyB9KyKRmK7yCuTsp51yj1NTAnAXhzfRySzy8YRaKCY7kuBpoWfVE9HnCnjd

Transfer 1 tokens
  Sender: 3JfDccaq8dw82voWTshRuYbLbtLTEoF2v9NBbjyQ6afR
  Recipient: FpjcR5LnWuP3eqHLaGScwZnKEMNrkik5aWUJgJruz7JU
  Recipient associated token account: Bx6jpxAvFEL5QCGpyfcoiAbkp88Yn4Rbi7nhEHUUsE27
  Funding recipient: Bx6jpxAvFEL5QCGpyfcoiAbkp88Yn4Rbi7nhEHUUsE27 (0.00203928 SOL)

Signature: 4LNPFZDhjwVAWYT6cQ9EJYuCiegd295RNKMq72DvpYUvV5MD38hTNiAMxXUMZRx9gythhZr6yhQQzyKagpf66Gpn

Transfer 1 tokens
  Sender: CqXfqFbzBF4WyKmTjCHuGzmeCRWBDr7kTzzdN9ngNKvU
  Recipient: 91hkaS99AJJvtMJURkGrGy7SM6Rnvyeg2gM4varE5b5g
  Recipient associated token account: GSjAxysV9YjFqi6qrvTNwvFPYG251htaiGAQKkChApxN
  Funding recipient: GSjAxysV9YjFqi6qrvTNwvFPYG251htaiGAQKkChApxN (0.00203928 SOL)

Signature: 5h9UeVSjcwJCPSr49tXALvk756JL6iGyNCF7psLtgCSmzCRhoU2XpqHxhaDFE1gDPbRk1C2V5kGSx1G8HisCXN22

Transfer 1 tokens
  Sender: EXzokmRBShU4XYyCisbAGjVrG2VmG9L9hgDY6HVHcvdN
  Recipient: GWqPacdCUUUEPT9EutHEUauKNizh6tAxqyv7Nx7s2BqD
  Recipient associated token account: 5GLeSukrrnxZrnTABKTGSrVNYzd5LQNwTqKCLiUWxrFy
  Funding recipient: 5GLeSukrrnxZrnTABKTGSrVNYzd5LQNwTqKCLiUWxrFy (0.00203928 SOL)

Signature: 4V8mZonKbLvNVJMtvKM1rfoFtcjEtv6GAapQNh1E7MzzGP4rGgLYFTTJUWzFf33EDJaQbx5cEBTHKiuT8Cz1aekM

Transfer 1 tokens
  Sender: 3tKvRrmFMfz9vj1wJEjHu8z3vQmZjxx1nGrCCcr6NXpR
  Recipient: 9MFgzw8HZdXrE7uRzoY4LSAbXvtCXUARpQLrH4HnVCXq
  Recipient associated token account: GrSUUnr2nSnuDCDCuT4reRNSaNyWTQi943uVbNErmU4A
  Funding recipient: GrSUUnr2nSnuDCDCuT4reRNSaNyWTQi943uVbNErmU4A (0.00203928 SOL)

Signature: 4zoLN6gMpZ1WEDCHQ4Db6cjFxZtpTeYeurng8DBAZ98KP3WSZbGmg7mXwAEvNDDnAXtn4uSZxL3sB5Wv8rcrg2hJ

Transfer 1 tokens
  Sender: FAKwjCH1uGCM7j8hC72wjGXTutgD4G9q1Zj3NQSNggzE
  Recipient: 7P4Bb1pCMuYNveYhg2j445cmTRCEGp2eAAtBQUv7Jz89
  Recipient associated token account: tP27KTn1ENgp5zYDzePtmyEp3aqwwhMMeFLnAmXf6jb
  Funding recipient: tP27KTn1ENgp5zYDzePtmyEp3aqwwhMMeFLnAmXf6jb (0.00203928 SOL)

Signature: 2nrSZqjWPAVnJc8LSFF2nN4W9UhmztCuMaNwvxLUjoEjyJH4SeNnfuWoJn6U1YFJ29kEVbMhT5dLJjhMhBqtcYa8

Transfer 1 tokens
  Sender: 3NvrZpHhiBmLakZBWjfb1p5A88mQZj9mq58Sz2vBh8GN
  Recipient: 97xAKp8FjyXkiYqTtYWN9ArD7KxTevzaCAo7VCcwLAsK
  Recipient associated token account: HHEnpSrwDBqQD19vNT5pZWzhzGEGjXSMveeyy34vKqar
  Funding recipient: HHEnpSrwDBqQD19vNT5pZWzhzGEGjXSMveeyy34vKqar (0.00203928 SOL)

Signature: 2f6RM3gEUAdH5dqgKETtRYkFEmASNft4gHCSXM1Lop58S4y85VeKK5PfyK5BTA4Ymm7NxUfVa5sBPnxZtLXt8iTK

Transfer 1 tokens
  Sender: AsW98sBheMGZ15ZKvmKmjnbS4y1Xwr7coiJHdoZEBqn6
  Recipient: AgPhAsvcwPfT8bcAQxfyvymHdS9enkCzHDZP67ihS5YM
  Recipient associated token account: DoBrgRkhJdHPC83S9otkLY5aHVnfSSdzapqVjZr8qza5
  Funding recipient: DoBrgRkhJdHPC83S9otkLY5aHVnfSSdzapqVjZr8qza5 (0.00203928 SOL)

Signature: 5QHc35Ue8khZdwQ2NM4HgmsUWj25R4KM4Z7iwwvk4tEQ5wZsKK5xgFbin2Bme3tcRFF9KEVzh2BaQc7d6os6eVfj

Transfer 1 tokens
  Sender: 8PLzvzCXG9ew68CNhzyLSDsSLPRT75L1W9L7wzHb97T6
  Recipient: 9vTVgL5yTaRSj1QThL3jViVdwZTiwvPzqsFs4eHdjZjf
  Recipient associated token account: 5ohhBCkq1diteGcXmjdw5a48TxccPb3B7UjVwUsVopPv
  Funding recipient: 5ohhBCkq1diteGcXmjdw5a48TxccPb3B7UjVwUsVopPv (0.00203928 SOL)

Signature: 5k53ZHNstyQi72kTiDsfQVwcwN49dD9H7XyNVPhETRK7ZktYtDGzWoHvUbehq2BrPmAPUYPrmWWEfsrGzwF7kUnn

Transfer 1 tokens
  Sender: Bevp5zDMy1oYnaREbut81quSpdwFw2MAhyaNSjeusGgK
  Recipient: HuKHH58Y6ZoRnJMmvcoFKuH9iWpDGHXMQoNAc27oSR8k
  Recipient associated token account: AWWhfVva3tXoXBfWhYXZLiqsC4i5z6KpgsUv7LZ3yyEf
  Funding recipient: AWWhfVva3tXoXBfWhYXZLiqsC4i5z6KpgsUv7LZ3yyEf (0.00203928 SOL)

Signature: 5FfjYYb8yRWQPheAuPi2pkWZEf6sC9cVb9weojhXjRCnbZP99cYnhXNTk4MunMbZgUu8SWu3ZrJMTDqwpgNayXez

Transfer 1 tokens
  Sender: 3V6k5PZravjCUb8sG8kQxcfi3J6ac7Ys3aGq38dMy1wr
  Recipient: Hj8r2JfHZTJPqQuz3GWCiu8sgAnYEj24f3eaJQhRerUf
  Recipient associated token account: A1hcVUPX3Pehyxri8y7P8ZnJGnBvp3cLEsxGx9jZAjka
  Funding recipient: A1hcVUPX3Pehyxri8y7P8ZnJGnBvp3cLEsxGx9jZAjka (0.00203928 SOL)

Signature: 42L1rhYPWK1WUvCKWSkk9MX15ZjHPwicdB16yiiUAssqHCURJhTuArx7Y4PaizuBcLaZDqHUr8GMpDqgg6Qq5i3N

Transfer 1 tokens
  Sender: FTVW8aE29DkWuarcKiWEk3U9Tezzr5UbDTmi8Ht7z6D5
  Recipient: 5V3LirCw5PAjr32tbXMYcymEydJbzoEvoBkNpZRo8wKj
  Recipient associated token account: HfeEr6NVeJizS1a83mK83yFDmgNo3WHsbXU1wTadhKyQ
  Funding recipient: HfeEr6NVeJizS1a83mK83yFDmgNo3WHsbXU1wTadhKyQ (0.00203928 SOL)

Signature: 4CCT9kr9uCYwYYEaRf3aPwFE3jKB3WdbiFfSxbPBW4bcfWWZWvSR4AgnsGeQXhFgcPsUbZqGRdm7qe9gvsdi1X4Q

Transfer 1 tokens
  Sender: 9hVtf4n3fKFihQfN2jDZjevKb99JkBuyBzLfzkEngds4
  Recipient: 8BZiPqhVHcQRUi9ik4ToqZ83wc5bRovucP44ajwLSiha
  Recipient associated token account: 2VYAhS1uhWHjWr4Vkm9rKRxzzaQY51ZVVMYQDTdb7KUw
  Funding recipient: 2VYAhS1uhWHjWr4Vkm9rKRxzzaQY51ZVVMYQDTdb7KUw (0.00203928 SOL)

Signature: 5rrK2dBSctXWBis3yddqwC9RYuw5Q4usPdQw5b6vLqkeE2dho5vGF8Y8rQbctEA2PCXdcKiFVJoZUgAAddDjchu2

Transfer 1 tokens
  Sender: Egc5K1kgiWf5vrSSuYQ9LbGMwbfq7i7dQRSSKJNTf81i
  Recipient: Cf4pZaok9wdfp8qTT3RiQZvJE5t638oeQPVekwEJyYrX
  Recipient associated token account: FfCg8YsaJg19Yn6zqMsH8sMpAatYjCxDpD7Qe8q2pFio
  Funding recipient: FfCg8YsaJg19Yn6zqMsH8sMpAatYjCxDpD7Qe8q2pFio (0.00203928 SOL)

Signature: 5gQnaZBxH6jbxJL4Yn8L9kC8PpbJstqRs1hpNNF96XQcjpXBisEJRNjpG1HfiU56U8Et3ucuBFHoDNhBMeJxtKKk

Transfer 1 tokens
  Sender: AYnoSScW7SiuxFCfuXXe7jwtVjscMwTPqzmrrhRMjAwa
  Recipient: 8zfdGUKpemtzs2Ypb8reoN3A43o1ZkbwFCBNzpUeFeUo
  Recipient associated token account: 8SieGfiAgkizpb5vZfeEDrnquPAxsW8pt73UaiLmjcgq
  Funding recipient: 8SieGfiAgkizpb5vZfeEDrnquPAxsW8pt73UaiLmjcgq (0.00203928 SOL)

Signature: WC9HmRjuAF8tohkTFEbYnavMa2irLLHz2o9zQd2eJ7ZZeWmDyYtsLCv3VTVRn72UeoGHhCH8whDbwjuNe1ZXRdN

Transfer 1 tokens
  Sender: 9u78P3UdsrscJLe1yuCLtBN4ZPYPz9UY8uzrKpaEF7oD
  Recipient: 51oET2dy4vCmZ1JMGYR9hbsvsLng1vcLD6z2AZp1uq1j
  Recipient associated token account: 12vGiWibYHSg8RsUf5Jw4CRx8zQMFmnk15rQDDyF2RQ3
  Funding recipient: 12vGiWibYHSg8RsUf5Jw4CRx8zQMFmnk15rQDDyF2RQ3 (0.00203928 SOL)
Transfer 1 tokens
  Sender: HwgT3HXmEjQwNagiopsNejHyMWpih9m9EhhW5V8zCfvw
  Recipient: GD9Dx84Rzr6qLJKoZqQFZn2Yzf1NyPFbQeSRZqU56f8z
  Recipient associated token account: 8tCPQtjRYqhEJCVcc44TJNiPYDDEXPyhecTU1tsCZY7q
  Funding recipient: 8tCPQtjRYqhEJCVcc44TJNiPYDDEXPyhecTU1tsCZY7q (0.00203928 SOL)

Signature: 5fbZfPCGMzNjj6ExvsLqacamz1FWzNiEcFd5qtRtwzDrwwARAGPyK7JMAKNKxryxXTNAarNYaJtAUKy7JwEYGjWY

Transfer 1 tokens
  Sender: 3wRBbV3UnsooKCy5axqRP4WezSVU6ibdpRv17y4DG2SZ
  Recipient: GpnKen3QMaLc1CzFsoy8UbcbPwEXRXb5k2qTkTcUa3RX
  Recipient associated token account: 2eeL4kttTBLVYLUy9VJ7LsATkkS2tBsKv1LVMo6ELeFx
  Funding recipient: 2eeL4kttTBLVYLUy9VJ7LsATkkS2tBsKv1LVMo6ELeFx (0.00203928 SOL)

Signature: 28fgYxmEw4SaAfhfUKqor3ibXYciRX1cARK1zzYiPyefwX2fv2gHJdCsaN4LMEtAU4bj8fRRkyDM1Mz8s8heFME9

Transfer 1 tokens
  Sender: 5PEXHoFi8mSDUmJ9dsq4LEbXADVaLRPcoyJG4tK25gEr
  Recipient: C9u28tV9EcKf6iqCxcQvh8M4fnxtWU27vmS3gVwwVKSm
  Recipient associated token account: Aoa4jdV8nCa23yTNxJx66DJUjH64Kpt3deVR8p67xp2q
  Funding recipient: Aoa4jdV8nCa23yTNxJx66DJUjH64Kpt3deVR8p67xp2q (0.00203928 SOL)

Signature: 3T32TDuGPosH8fYZATx1kbU6iw4cB5kDEsAfxAPKTt4dGZnF39TH5KsUmEt64zt59Tck9jQEfXAmqxQteA1KyXKP

Transfer 1 tokens
  Sender: Gm7nRar3hUTTXvVdgSUyornFAGpjZb7WnfvYgA438d8k
  Recipient: EHaefxu6PgMXRw8VrraTFaCA8jnG4uKzPtRrCCzPBz4o
  Recipient associated token account: A2qdMrFzvZ35eTt7sadaXkPzqH5KigRbvA7eUi1KhQB7
  Funding recipient: A2qdMrFzvZ35eTt7sadaXkPzqH5KigRbvA7eUi1KhQB7 (0.00203928 SOL)
Transfer 1 tokens
  Sender: C5ogNo8E92VjWsMUyy625t5L8y6GdS9hRgyjK3wUXjg6
  Recipient: 8zfdGUKpemtzs2Ypb8reoN3A43o1ZkbwFCBNzpUeFeUo
  Recipient associated token account: 5mnRGAmNxV3hjNKN332BjFDQFSTHnRJbbawMgtz1qd34
  Funding recipient: 5mnRGAmNxV3hjNKN332BjFDQFSTHnRJbbawMgtz1qd34 (0.00203928 SOL)
Transfer 1 tokens
  Sender: G6vGaQv9sugFqexqv9HcNtJRW8v1Jz4vYse2bMoqGsyZ
  Recipient: 6ykYU3fWNQnoNunJKDLSVSZWCMPoajoE8EVNzKCYs9qT
  Recipient associated token account: 6HjbJf4nHMMXtGizLh1uafmFWKMVLfkd1aYBxSuApQrU
  Funding recipient: 6HjbJf4nHMMXtGizLh1uafmFWKMVLfkd1aYBxSuApQrU (0.00203928 SOL)

Signature: GKoHWhtEeN5Fik75h7KL532q6dNqYPpZQZRSDACvNnbv6nNyknpHKLtUzL5sTEHXuMJCdgxQ6XTsoLkWDiJAggb

Transfer 1 tokens
  Sender: Dv6cWEkcpMNfej8hGvBsaZFGUe3qh3x17Mom4yYjF5dH
  Recipient: 9UznikQC4aA68hcMurcPqZ8EGSrvNcLbLcj2VKG3S2QA
  Recipient associated token account: Hhf61NviWj6c7d796L51pJ7bPeNuMaiMz3K3iSC4Lap1
  Funding recipient: Hhf61NviWj6c7d796L51pJ7bPeNuMaiMz3K3iSC4Lap1 (0.00203928 SOL)

Signature: 4szC6gcahFAG2tSkccSuMt2QAvqwnddCQQK3XNiUkRm5FyR1agk9JAiYqGjPEgGMWr825gTSzvMzj96pNPWdPM2p

Transfer 1 tokens
  Sender: D7aVBgCnArb5jV44dZkfn1SiRzU2k6zEzLhuxZ2BRFeX
  Recipient: EWZPy7AYvvv9yCTWRAGMCxQauLM84eNRBsdSZpBML7Pv
  Recipient associated token account: 6uhmQwhJVQh72yJMYtbGDw35P8AMDCXoPXyerWsxrHTX
  Funding recipient: 6uhmQwhJVQh72yJMYtbGDw35P8AMDCXoPXyerWsxrHTX (0.00203928 SOL)

Signature: BM6UNwwT9Hho93atrm5oWEuy78ZaGDxYDdPu5dd3eryiCASbuRJcT6hfSL6Q3hixigZzAxpiRp38TEuDqaK78ZV

Transfer 1 tokens
  Sender: 3GjBqpJCpTXJ2mjX3VxFmGpoZnzAyFQCgCpnGUnyuzgx
  Recipient: 51oET2dy4vCmZ1JMGYR9hbsvsLng1vcLD6z2AZp1uq1j
  Recipient associated token account: Djo6vkwCVeRxvdQZ6RFpdTPucCba5F1cK7P1PGZr273s
  Funding recipient: Djo6vkwCVeRxvdQZ6RFpdTPucCba5F1cK7P1PGZr273s (0.00203928 SOL)

Signature: 5X79LMYq139uPhUksq3cifmpWid19qAtBvXimE7VXVCEyrdKvKwSKcDY9pu5UgCu27TSiPNb2xbkmPC8yFp3xEW7

Transfer 1 tokens
  Sender: 4A5dnnS8nRBcRHDLAy58CdGfU3HJiTkc6WFxTS8Egsw9
  Recipient: APms1YdSWwqDgRdtbgXdaz8u7z7yNr8yePbyjAoFSc5c
  Recipient associated token account: Dt6xUVUhQp98A41tfqPLK6Y2AgTY5gDPepEqFeULKdPW
  Funding recipient: Dt6xUVUhQp98A41tfqPLK6Y2AgTY5gDPepEqFeULKdPW (0.00203928 SOL)

Signature: 57QstfGJ5Cr5RbDQHvhv6u74UWUYA8A8f2pkc3Ed1SBw2hgYbVwFUhr1BY5dA2RdMWyzRHiJkrCnN4WbbBRQwtR5

Transfer 1 tokens
  Sender: 9PnPjH5rcuhBfFpkaeWBw7C2MQ1iCzVE943AyrJZd7Qh
  Recipient: EWC6ESChdBqExhp96XPMLXR65pXP6Ftuh1pPAVws4pmk
  Recipient associated token account: CwFtPYDUZU6kQB6Z9CgwHd7MBq1kUddk1vNGcMxZ7FQM
  Funding recipient: CwFtPYDUZU6kQB6Z9CgwHd7MBq1kUddk1vNGcMxZ7FQM (0.00203928 SOL)

Signature: 4FowmZGbTtNjtNaWujJed14EEGj2ec4vWWjdDuqcbsGGBkjG1uNUAioemKbrFJoo82cYovqFepPDkMkooFEp5FuL

Transfer 1 tokens
  Sender: AMENXJcXUK9DsekrtQoYAEbG3Lqk8bV4MAmbNPbAZ4eU
  Recipient: DnfJgT1KrboU1Y8ScCxPHsayxndo4qpxZKUMgtaNuJ1G
  Recipient associated token account: 5hGngE2J8k4LNthgvcc9WArWdaeB529A51EoN37dDEdy
  Funding recipient: 5hGngE2J8k4LNthgvcc9WArWdaeB529A51EoN37dDEdy (0.00203928 SOL)

Signature: 3nsmv6A1sAQP9StvbW2SSmoBHQ33uqzvSMbcR9jdbBKy4S8Ya4G4AFpPUn5df2YbYRoPiANqeS1P7ZFFuhWMAiGT

Transfer 1 tokens
  Sender: 53WxGKa5c5U3VXx5ee37bopVrU2KZh2iUEiBv11eCks8
  Recipient: 6LPPpRg17Pmsy39efw3hEgfXQsjATUA8MfTih521iHdL
  Recipient associated token account: 2oUatfnV6ZLN2eT3UVR7Z1zAB4ZqeuU9v4DHZnimKppU
  Funding recipient: 2oUatfnV6ZLN2eT3UVR7Z1zAB4ZqeuU9v4DHZnimKppU (0.00203928 SOL)

Signature: 663KK9EFmVwZTQEFXbYkbjV6T6F8HiChM9N2VJMDAP6JdLP5Ph4AG3t88tLFFFhxi5MNYG5xPwcmCTbLUs4mX46i

Transfer 1 tokens
  Sender: 3MexqfUNC2igNvRuuC5BY4p9Sw9tVGhLdq7RPiAEVKpm
  Recipient: 3wKzZCoN25m7RazPfzbLfrUf9n2wLmYFJgfEnB8S1HyF
  Recipient associated token account: DvGgxgig37vuS9mvaBxw3NTaqNjj8QEXQ3gWNKJiifVD
  Funding recipient: DvGgxgig37vuS9mvaBxw3NTaqNjj8QEXQ3gWNKJiifVD (0.00203928 SOL)

Signature: ws6QdQVVSPqJVbUbwV3moEQ1EpmZd5skYQHDw27WRh1xJpSJbSoDxM8kA8z68yfjhcDKn4RKtbjP5574HpMp74C

Transfer 1 tokens
  Sender: 5gpcyTmg9VWPjyFmssWEWExnNLo9k4XHb6Sus7ZiwkUM
  Recipient: FsPsTcVPeZYygYT1RZNzAmT2GtCC5P949oprto5iYYeb
  Recipient associated token account: BEEizQcfexgS5P3LqL3NVAyc3LCdPp4yHt6AdpnuNAFN
  Funding recipient: BEEizQcfexgS5P3LqL3NVAyc3LCdPp4yHt6AdpnuNAFN (0.00203928 SOL)

Signature: Xtt5hb8wPjkroV9ZbVksbzpyUg3UsYcT7ecRdX4wiwMMypHPKEex5rs3dRR3zSvBHrRRvEYtZn8EJgqokZfc4Xz

Transfer 1 tokens
  Sender: 5zZLckTWxHE6tiiuVDtKvjceDoSEbs455fHaxeJCUAk1
  Recipient: J4GgZY8CW8gX1qa85KcTXrdn9WKsNCpMJyJDi2NEBeNo
  Recipient associated token account: 62XEpJHxdetjRmMUZcLnKKs6BotG7W1nz5XsxppowBvW
  Funding recipient: 62XEpJHxdetjRmMUZcLnKKs6BotG7W1nz5XsxppowBvW (0.00203928 SOL)

Signature: 3BkT9t2du9TmpnqoDBbXTSVRjWY4HcYUHj2p8vU2excGnMJC1sHsLgM4AR9Cf7eqX4nzoSj3NnRtKP9ZTcmGfJj2

Transfer 1 tokens
  Sender: 9r5hdjVFFKtA3JzYG9KiVgmrHRULcizhsLcfv8vzahQs
  Recipient: BVFTQzEas8kMPkcugksaTTuLnQJ8ESxtLryk4ngdyvjU
  Recipient associated token account: 3L5Ppodi7SAnHefajaPGZvBSAQnPW3TbHX88jGixja3P
  Funding recipient: 3L5Ppodi7SAnHefajaPGZvBSAQnPW3TbHX88jGixja3P (0.00203928 SOL)

Signature: 54rkRrThfQPaZJj8L1HAnkabMnBhNkCj8nhiVjkfP9ZE4FToSYPXCaq7KKQiUPyxCeWvrUjZXSwXRkWuNW7PgP9o

Transfer 1 tokens
  Sender: 59h7vDihYoBh8n2iaAQE7mTcWpJ6jUMk1AmsLPkmzqAP
  Recipient: 3QTRD2FfM2niZmZH1SxS6iJCRFY84DTq599gzengTtxQ
  Recipient associated token account: GyT51LcGcCTKyS2h1BegJ7SuSzzZd7zMYZosDJNHDx7s
  Funding recipient: GyT51LcGcCTKyS2h1BegJ7SuSzzZd7zMYZosDJNHDx7s (0.00203928 SOL)

Signature: 2e1v2zLk9VxGtpbPGc9UBwS7nhGzCujVTYZJDm6sh6JJ8Em9QHgdX2ECSEouf4dVgNdLdeT4skhVEtS21q33N5X5

Transfer 1 tokens
  Sender: FaHqrCngdoDGGJnmsqd2rUDsfwFiaEHEHLDeYer5PGhr
  Recipient: 4nUC7asPNFbdiB4zQNQjY5H2s8mE1ERobeig2KzFhi2e
  Recipient associated token account: ADKC4BcJCjdhPuFJuhL5RNSjya8LG37Qr9h336URpM8T
  Funding recipient: ADKC4BcJCjdhPuFJuhL5RNSjya8LG37Qr9h336URpM8T (0.00203928 SOL)

Signature: 3ZWwYJjPdptTgje5G9bgrupVRHnGjaS2R4jU1xAaKkgHfkJsCVmKass774mS3jRZJ4Cnbr35wU88kThRdf7KTQFv

Transfer 1 tokens
  Sender: DJyeH11DK7oBAKBZMhoK445sEDba9oowS8vPbL9YVvst
  Recipient: 2A2w4ivTkKC58upbPb6YmEsgnR2m2Hi3RQiERUF6F6g4
  Recipient associated token account: AV2MkZNG4RKjj4GyzNgLe8E5sKnP9t7X6xcJvKgHWpd
  Funding recipient: AV2MkZNG4RKjj4GyzNgLe8E5sKnP9t7X6xcJvKgHWpd (0.00203928 SOL)

Signature: 2AWr1WDD4Ua4cdz8DtUf5LU5NcP4GDgqWwo1MCcNi4nGg6aYr8hU5QTkAHS7rtgPiBfQo3ZEupvwUz9WJ7P6Twdh

Transfer 1 tokens
  Sender: DNsyFocoxjoxVWSomAP61PN1sDQs8H7FqAxX5P3dyoba
  Recipient: 6zbHJGNdqq7PawynSgxW6csjVHAN9nm51uLNMZqpxZts
  Recipient associated token account: 8ft53HUabLzcnEAvtjfgKwgbGQLn7VKuppZ5kCt4NhoG
  Funding recipient: 8ft53HUabLzcnEAvtjfgKwgbGQLn7VKuppZ5kCt4NhoG (0.00203928 SOL)

Signature: 3a4jRDbPdSMxUy21hVLp73JD1xKfmUTLnEDGpp9dfR3Fe7z81fTVKodWcF21GYhZAJP5pfSTLo2QmFUnC2JMZ31e

Transfer 1 tokens
  Sender: 4h3hbhW2ZwzLWz5xxrZsAwfkTtKA3o7ZPYtJ8VfAumD7
  Recipient: 3rWzXRLg5VYwWNtHpnUid6aTNXcRodN73u8JFRByL5PA
  Recipient associated token account: HfFnmUEN5wRXFQHWm3eRefSBUgcnKBDmS7N13ZdcjGrT
  Funding recipient: HfFnmUEN5wRXFQHWm3eRefSBUgcnKBDmS7N13ZdcjGrT (0.00203928 SOL)

Signature: 4rsrmkbMw5NJeXgKydLT6ygc6b1bcfb96DAhoJsHjUYVwjRx8YKcBWEU91aRoGein3DsPM4byxn45uXFUogLH34A

Transfer 1 tokens
  Sender: 69i8oG5cCNexUHY1nVofyQCF9oSUTsdMS61tD7p8v1qE
  Recipient: HDAvp3iZzUKoGSCk6GZMzee2xsTfsodcU4qPZzvT4HpX
  Recipient associated token account: 4qExKzmjRBAVH97dx3MvSrVbo9TJCE7WZvrXy1ufuhFh
  Funding recipient: 4qExKzmjRBAVH97dx3MvSrVbo9TJCE7WZvrXy1ufuhFh (0.00203928 SOL)

Signature: 2UR2X5WRNFsjxBVRYDPDM2fH8AtGZqwX7ZBBrF6NGAdZ4s9xU57n4o46Gc2z8VMstzC2z6qecqBqC5qT2oVm7jgN

Transfer 1 tokens
  Sender: 4oMpbrRF6tWfVyQiZxfoSUgKP4Tcit9EZSZvZmfSHbkJ
  Recipient: EZsxgTx6JXqZS34sDynrFkKD1Q64Eve7AW8FjawFfovV
  Recipient associated token account: HKg1QZy5DtSoHMLRwDuvbyPVYAfVm2nM3V6FBmUR4L9L
  Funding recipient: HKg1QZy5DtSoHMLRwDuvbyPVYAfVm2nM3V6FBmUR4L9L (0.00203928 SOL)

Signature: 5VP69rJtaaeYqdWa7XLmQPfu38vLBdfLCTJPwVJN8gMz94xLm2iTrH4HoKm1dTKaU4YVrsJbTbzaxHuKwxyE2hau

Transfer 1 tokens
  Sender: E2cMfLFAQYMvMbVvyBV3vVqwy1Gt9f5ua7zo9Azie5Sy
  Recipient: 4CVLbLUcNUdoXkb7GhEJmoPgiiv7G6fistNWu4Rx6T9L
  Recipient associated token account: FV7rzrfNuB8mF4R3mKZhy6F3PRraUyger7xxsiipGxQ9
  Funding recipient: FV7rzrfNuB8mF4R3mKZhy6F3PRraUyger7xxsiipGxQ9 (0.00203928 SOL)

Signature: 2FAk761ZbQcKJHxET7ikRfzYyCX4kRuEBYWe2JTzKyJ1QAG3pmQoxrz3VwPRdoMHW5Sxqifyxzfs7PuPcqir2AQw

Transfer 1 tokens
  Sender: 4Pyb9mkPVcN1iLJT1XSavXh9w4MBkxxd4Y75LaABr6uL
  Recipient: 35f65TNSasL9GcmRmoPh3XqEsiyFnDknKGBr1qSSeTXR
  Recipient associated token account: 8FyNoZjEMth14yGeH39s1VGuyhZKdVWTCoHmtmngzH8w
  Funding recipient: 8FyNoZjEMth14yGeH39s1VGuyhZKdVWTCoHmtmngzH8w (0.00203928 SOL)

Signature: 3secepJ4F9afFsvNuztFgSWGnW6ebud4Jgo55imqSRc41K2nw4mZtqwhqcx61hZu49kKqvj7bA6ocg63QqJQPb6X

Transfer 1 tokens
  Sender: 4CE678WgGTQSTZFMtyW9NSrkHJQSyxCUGzrc1bsx12Mc
  Recipient: Ef8GfhWVMZzEzrqFkW9L8Haw6PmhGrcrokapfegDA9e2
  Recipient associated token account: 4Xnv61scrFWTR2FTPH9jk5N7CqH9ZSroTr7EW1E449JE
  Funding recipient: 4Xnv61scrFWTR2FTPH9jk5N7CqH9ZSroTr7EW1E449JE (0.00203928 SOL)

Signature: 4kWYfdSAtKdLg21HGKGoL2GwjhfiH6gs9EXLvq2jxiwECuRAUg5MDn39CXjErZLSMMVcVbGDbqDVXDBDgnjxJQCo

Transfer 1 tokens
  Sender: 6YxCVp2xA13cqaxiJwJjMTCyx352S9cvcKw9xcxXBpD9
  Recipient: 9WMmaAXatCsMpagkxEyar75XZguUUWWPGnBpqZDXvUxz
  Recipient associated token account: DsdWVbDDiHheh1bQsrPBZMHv2jVBJUd1i9kDWZFTtGh3
  Funding recipient: DsdWVbDDiHheh1bQsrPBZMHv2jVBJUd1i9kDWZFTtGh3 (0.00203928 SOL)

Signature: 5yGtceR1bNGRSUiNBnpn8CmmooE1sh24wF1zPTVViZPcwVLkcNbgBahw1WGsS3RTW2tst8JjUbxX9uYnvYttTpTo

Transfer 1 tokens
  Sender: 7DuNo6PNsvm5x8qqKn7ASH8UQEvfPkZXckdvvyY7yXtK
  Recipient: XGFZk186maEp6FtE2YMHNXiY2c9kTkUu88ofnnBm94j
  Recipient associated token account: 48f6zVcxB8ZvuFnY4rKS16WwgEAbtrvC4GRggRcn4JPS
  Funding recipient: 48f6zVcxB8ZvuFnY4rKS16WwgEAbtrvC4GRggRcn4JPS (0.00203928 SOL)

Signature: TCCZtZ2xwFB9f2doqMuPcasZmccxGTn11uqgne9ntiTLasNoXiTas28hi7nVnaEEfVQ1iQjax8SnDaiuM7XSXFX

Transfer 1 tokens
  Sender: Hr2gkiRrMZCkNjGMnZR1TAKA98LqkPDzCdpMcVswyKSJ
  Recipient: 9fahkUnGgcy9fFpp7oQxHY2DWFzpZcrKYs29sk3sGrcv
  Recipient associated token account: 9S6HRjD5SogutSvLHY7fvbKueE9fnqyiCknXAYg8qPLJ
  Funding recipient: 9S6HRjD5SogutSvLHY7fvbKueE9fnqyiCknXAYg8qPLJ (0.00203928 SOL)

Signature: 44a1Mf48fGS29yotjKF6TyYkhRxWzxMMGtnVCdTeYa5BiatDYu8FdPkJ6H3CqJ74XFEFPnr6bzMB9nqskt3GwJyH

Transfer 1 tokens
  Sender: EFCnA4Mgfs9Ne6iZyM9YAyuT9szzc8ie9fhx99fX5tNJ
  Recipient: uV9mkFJUV7YfzxgRseibb877D3YhrVQsg5FL5EqDzsj
  Recipient associated token account: CYaHEz7KHQk1Dk9NA6XaAf4JuXhwMV1Ba7v2TGCApBxZ
  Funding recipient: CYaHEz7KHQk1Dk9NA6XaAf4JuXhwMV1Ba7v2TGCApBxZ (0.00203928 SOL)

Signature: ksGg19tFpv5pf4qRjqSU38x4jktJoRtTmTuVjzinANxigeugaiF4ZRXMxRH6icn47N5r8v1rU9wwriETd8Whbfy

Transfer 1 tokens
  Sender: CvfVb5LSRFsp8E7z5jvqiRrbSqYrPg2LKiVED3wLgaZe
  Recipient: 37QtWgJbyzz2G53ZBuq7MN7QQSZFnEsE5w4R58TM1Ai5
  Recipient associated token account: Bt3tJSVUxTbR9JuCYtXzPquh8onGDwrBHAZiVCJAJAFV
  Funding recipient: Bt3tJSVUxTbR9JuCYtXzPquh8onGDwrBHAZiVCJAJAFV (0.00203928 SOL)

Signature: 5uzMzYBrgBxraKEyxB4jbdHniRmAGAgcZhrpVUckkA1JiDQiRBJopQPA1YsCh4enb2vMCE2pCmUdrJX25fN5Fmu4

Transfer 1 tokens
  Sender: 7cRG8Zt7HdwsFvgjCeNzkAtAm6NCqfYkSBq8JY2WPymC
  Recipient: CyTPxTyxcYK1VJ7NvZKGL95mkkjkxedkPZSjW7r7LeHC
  Recipient associated token account: ASpvECNQKc1f6euRXxvMSngAyGudgyx8QQGrp3wm6jNt
  Funding recipient: ASpvECNQKc1f6euRXxvMSngAyGudgyx8QQGrp3wm6jNt (0.00203928 SOL)

Signature: 5dmC7S1YtxUNgWJbp4w6yPdXycfRuCnHepeBAvVeKqYEu8pZnA9aYVQhhuyJqqZAxc3oRwmwXsBnqTf86XjXPY5s

Transfer 1 tokens
  Sender: DfejYTbkkhqVquYHZWPCngKh93QfbYYds3KEBXz51uUp
  Recipient: A4jR8ZNLjEZfMV3jWcL6y271Vty8ywQSCPSsjPoqrHUx
  Recipient associated token account: 8SHMfPaAASoNCTDKrUfRtF9m3NTnxSbwi9MRJtdtbkTF
  Funding recipient: 8SHMfPaAASoNCTDKrUfRtF9m3NTnxSbwi9MRJtdtbkTF (0.00203928 SOL)

Signature: 36ymk83smqLh7eDLPkWQn7FfWKoEd8m2pffrTjCD3hS2pmgfZj7HUNckcVpR9fzPr2iHz8RR25QnF8cSbpF7uh2u

Transfer 1 tokens
  Sender: FVzvrrajbFNEM2BsrVE4w8N1ijfoShgT4guso8HpXsCe
  Recipient: GtqkdyHPc2Q7UGD7JPF4uxE5bjSgN1Upmon7edM1qdH7
  Recipient associated token account: EwPXGvwZmqRmSGAHA1E3VXhHRmnTmfF8T5DQbaVaHzXZ
  Funding recipient: EwPXGvwZmqRmSGAHA1E3VXhHRmnTmfF8T5DQbaVaHzXZ (0.00203928 SOL)

Signature: 5xbA45L5ZXanjuUmpZDR3o1rvxuu1LzsvK5z4Gm8fxo5tuYoe2sXj52VAdP6EPgXKVaCxwpKx5piPhkuuh6auUc

Transfer 1 tokens
  Sender: 2FYfz3QZugM7vF621biixf4UJk3pSS1X8Ec2TEuF9DZa
  Recipient: 76JAgZ5yjy4UenVePyg5dfNHiE9q28Lt7ucxQ31CC766
  Recipient associated token account: 7d15ASSq54nd2jcrs5UbQwun1PMCjReGFmBrkmv3P5Fw
  Funding recipient: 7d15ASSq54nd2jcrs5UbQwun1PMCjReGFmBrkmv3P5Fw (0.00203928 SOL)

Signature: 2bNJf2UdE3kE7RthES6nKSLfzk3DMVTrAYprBuser4dkds6mxeQNKPNY6Ae9ukw8f3y6wUGAzNihUQze3kXnPBSw

Transfer 1 tokens
  Sender: AXtzH9nYRQ434Whc1V3JVUCjmAmfEBtNKuRHfWrgQR2R
  Recipient: HJM2Wg9cVyukVRXFVWZu1rMYSYM3cgmha42DtJSmDV1K
  Recipient associated token account: DSdzTKTpjvDQP9tpCyayfkwwWwrrW6ck3guBoJRwPEbB
  Funding recipient: DSdzTKTpjvDQP9tpCyayfkwwWwrrW6ck3guBoJRwPEbB (0.00203928 SOL)

Signature: wbLLZx7MnFNZ5Y2a1xz2WkDRxUYptygD8ozZU4SfP7LF4eqp3SR91avAc6aXSiuyEwh111xxMW5NX6crSySrsY9

Transfer 1 tokens
  Sender: HrYKfwEtskWDgkkieyv6zxziyJqccFK7bHZVPKTeGwau
  Recipient: 4aMSBRaCsa64CPQiruDrmESqTNXJzs7PLeaF7XWNVvL8
  Recipient associated token account: 9tL5jWVVpQtAbuP7Ta5yZ3b3axUTzsdkjdSsC4iYMixJ
  Funding recipient: 9tL5jWVVpQtAbuP7Ta5yZ3b3axUTzsdkjdSsC4iYMixJ (0.00203928 SOL)

Signature: 5REka11mw2kcKpAYMG8SXv7xzLdWZgQwJ2QfH5HvBa9xaJRj4vyp4Ud4rPSwD2JwkFNgVZtXyxfuZVSZoobbpc9G

Transfer 1 tokens
  Sender: GVN7bLYFbLwFNKGmCj4P2CGc5DVmruE8otvCkYWtreAa
  Recipient: FrZcenxL19CSvFgS1MyfwpFUmQ1KEMk6mRXfWP8DctyX
  Recipient associated token account: GbQd3b5JXhdn6PjHg3PbnFe3tWJq9N6P5X8hSJK9SFci
  Funding recipient: GbQd3b5JXhdn6PjHg3PbnFe3tWJq9N6P5X8hSJK9SFci (0.00203928 SOL)

Signature: 5LmEXh8mE5En3moiZL92nspzkSjUZYxQuXiYHpQKryJc5NpDEEPuSguNnnov1BS1Tm9sz7NsoYhyyusjSLCJZ6KC

Transfer 1 tokens
  Sender: 4GUs8UjPhrRxLuym4Yh1anUgbAWeDmrXXHm41TgTyS7T
  Recipient: GNweeVmB7D3f3h3jMsA4myGNPgqUqqVCP5WsAqhhhEFF
  Recipient associated token account: C2jQPJo1u7F8nuymcjfyazDVFRKkypbBW3wBwn8veMzA
  Funding recipient: C2jQPJo1u7F8nuymcjfyazDVFRKkypbBW3wBwn8veMzA (0.00203928 SOL)

Signature: 35o7QS1pYbGEMDEnPymeFjr4TAEE7PiKpLqwrb89iewsmFLtGkxHCe6QL6ZFvL7DqaPPWYubpNTtmLV7GJ1jdS7h

Transfer 1 tokens
  Sender: 7XGFNCn48kiH9bvdKwxsnvnTeJNzjZcAx2m5gjoML4N5
  Recipient: MvogSQTXToXV7MS8hDbvfWGoELDtR5Z75SGMUNiUddN
  Recipient associated token account: 2iJDetZGGeBENo1Nsj43mxzkKtudpTcCvFaM9ScwaVyF
  Funding recipient: 2iJDetZGGeBENo1Nsj43mxzkKtudpTcCvFaM9ScwaVyF (0.00203928 SOL)

Signature: 4d768KwLdRiDRDYkNq87g8W22aTTdhymcHQLmhJAG1dBFra5ZFUxvPCY5T2az36mKf23VbYZewg64ygafTyAMqYC

Transfer 1 tokens
  Sender: ARvfY3NyVvpTvLTQZA1rJEL8vkHpEv1ZTA6RNxeJ3JYX
  Recipient: BbM1VHPnC1upTzZCaWfmTw9dYte8iuCGzftc1bGMDFLR
  Recipient associated token account: 7bsRKMN1eNgayYuL2ayBooYxP8VErLKZ5oLyuV4k73jp
  Funding recipient: 7bsRKMN1eNgayYuL2ayBooYxP8VErLKZ5oLyuV4k73jp (0.00203928 SOL)

Signature: 42Kp1UaFvctGmfmMugx3j7DC8iF1kFLgD5W11jUB4ByrHAkzAFEym8aq1da2n2Gu6q4jBMZyhHWuYCwKh1qEHUc4

Transfer 1 tokens
  Sender: 7zPAoY2NzPXX1J1nbC13RzqRzR5y2StKahZ2jf8kSReR
  Recipient: Bs2NRpK5zPhbhchTM2XGqys5uLw4bjZjiWQJW912XwWi
  Recipient associated token account: Btvohr7K3pn3uh3gvyBAERWaU7pc4sZtUoqm2e5qUikh
  Funding recipient: Btvohr7K3pn3uh3gvyBAERWaU7pc4sZtUoqm2e5qUikh (0.00203928 SOL)

Signature: 57f5s1PBVKA4B57ECrN2YvxWY7K3CTgHHBoaMRGnuK1F7zMdCyvSSunzpRFzBkb7PLciYzjnAeqCthvsEdL6tc7Q

Transfer 1 tokens
  Sender: QeCK8NMR34NiVqXLTzEUXJXkp5KNd2XoUHnLr9GAhuM
  Recipient: Bm8rfjGRXi12hJRtZevZmao6tETmvxmbLbrk6d4HFEGK
  Recipient associated token account: 4ybWukomVnWDJW3Rjdau1c2h1FQou6RRFjiTBYDRjnRS
  Funding recipient: 4ybWukomVnWDJW3Rjdau1c2h1FQou6RRFjiTBYDRjnRS (0.00203928 SOL)

Signature: 3MdPRYcizjtuH5Jq3Mn55Mh1snuwuL3au7zsac7sQsF2gT75MaSrcoUk5QHX21qA6EB4GY7fYMX6AN11yyJXP4av

Transfer 1 tokens
  Sender: 35SBSSgxozqjMNKLKh5QXm6xnwQd932vFqy6qCfxFbBU
  Recipient: DskiBpGg3o96hQbRmaBJTnsnLuUMwUVpbmPFWN6WbqA3
Transfer 1 tokens
  Sender: 55QsYhBrdb3zcX4h3Sr4on5V7exkzgaZBUEfCp46B17t
  Recipient: 4UwXJoMgqKDFCkNhie825pP5uvvjJdwLNgGSZdAuBn6t
Transfer 1 tokens
  Sender: BLqpaxsXgym2RvSrnWuGhsA6zqZX7aLAF5YT8KDoehNc
  Recipient: 7BXvdkZxQ8Qjvhb97NodXvCWHRAcT5uTgjx3ASCbMThT
Transfer 1 tokens
  Sender: AtZYGmDoaKxbqmCkJqsPyxLqKkNzRFT1ommFJSNzFdQn
  Recipient: 4eYMboemLtNmqw5PuG8TxFVZUxN8crFJZVjrRJCz89GX
Transfer 1 tokens
  Sender: 3kmSJRiFFrfWr7Cb1VzU3kEvi3W12JJScodUhn1Ts1Vv
  Recipient: CnP33htGVwKHF4psPq57QnRpiNTgKW58RyceytoX78n2
Transfer 1 tokens
  Sender: C35EcBGBnfS1gxWLTSj6bkTRXdreTFVo7XQsFMTJ764g
  Recipient: HNyvVfCcNtogL4Gq93zwZ3oFdRo7vrUqdFEwo3RqpDxS
Transfer 1 tokens
  Sender: AdAptXSQQnGz4iDSDT9tJxFHLaUtaUMPy6UXf22HVQzp
  Recipient: 6TNRpRYLvpDfPSCyNsf1sgJcvncbKU2HhbDCKFnyQL7E
Transfer 1 tokens
  Sender: TJvdJWTdFnW23dSTfpjcve5AzBFqc1o5q5cvQnjAua6
  Recipient: 3eucHmLaRJzL3d3rzYx94KvxcVhR4ESLo9R9hhb5Snbo
Transfer 1 tokens
  Sender: 4Nb3M57nBWjjCrzofwYzQVukRqrk21f6PxBJfAQnNFz1
  Recipient: BBcnpuGSbDbMhZHugVRhURmfdFWkieXskLyHvqcFMsbT
Transfer 1 tokens
  Sender: Cjoaebx1owgVkq6DysphpZxCoUKwHBNWxo962muRHWmn
  Recipient: 8Nj7AC1oPcx2oC7Njihwp9Ee3Aez787kvww3sX3Bdox2
Transfer 1 tokens
  Sender: 2t8eDk1zWy7NhsM6UwQ5wwhiEvbogBPU7jmxRUuLXnF7
  Recipient: 7amkqs1m6aYg5mbQgjmczhnjwPTX4d4FaopVUsYhnUZK
Transfer 1 tokens
  Sender: 8QFxq8c97yofYqmum5JkECFaiwSw1xQFTpGLTNkFnpEf
  Recipient: 51oET2dy4vCmZ1JMGYR9hbsvsLng1vcLD6z2AZp1uq1j
Transfer 1 tokens
  Sender: 6RKnxwL1s6SST65MCTSEJsCeZV2dprANDmYMfVikX2WZ
  Recipient: CZmLLCGoHeTonjV92P59U75AYumCx2EfVtKAtTjb1qCB
Transfer 1 tokens
  Sender: 4VkpGJqT7B3Z31suYWVWFC3C4ybjHBk7Sv21gMjvx7N7
  Recipient: 8eeWesjTSLG6Hdy6GV8bwjrBCEnwY15LWTkyHtGtsUB3
Transfer 1 tokens
  Sender: 9x1KAfoeVAzgSBvrJxVmc3Njkfeo6FgDvsNCx2QTPiUQ
  Recipient: 98Ua49smTudbsk6aJ3nXqbuoWaxzaEVLfgFF27xEYx8c
Transfer 1 tokens
  Sender: ALADV6dfr2uE9zCyrFfyxe4pVT23mzbEJz89jsqu17FN
  Recipient: FSxgHwEJCiuULzsdhNevSR1n7SFunCvFqjHeNLDRHxKG
Transfer 1 tokens
  Sender: DPHpkY11PPr6S36EJ5DUeiDTbrsnLjHG5RrKtR2vgdG3
  Recipient: 5MWSsRmoNgurHMU5CicvouRgSeDMXFAbJevWKQq8RxEH
Transfer 1 tokens
  Sender: 25Ex4riPJiAcXYF5f3aqW3cphb3HLoNQsJmNaU6QiU3v
  Recipient: DWYyT5r5bSjfB2bFc8sXYtFwRJ97iU6Qdn1sLkoh6JnG
Transfer 1 tokens
  Sender: FBKbqsXsFLwUm1NFZRhmANyt4krZBzRexYcPz7iVWj6w
  Recipient: 8ZG2qzQmtuHLppu5Gqw3Fjd1X8hFs9vSxXhWu6iGqM9K
Transfer 1 tokens
  Sender: Cnzp5b8KbcK23X7kQS2E3oTnybn5NTYYtju5YeJmFe6i
  Recipient: 8WYRXiQXQSoAMw8A25HuTiTmkg2Ax5YTaBxmHZk6s5LY
Transfer 1 tokens
  Sender: HnUpjmnTn5WiurQhEqSipngPNSs2eeyEaDFLqbZrvvHj
  Recipient: 9dHu9r6wgmxnWxPhUNSUReGFRxzYNfqdYqGbZRFVTpmm
Transfer 1 tokens
  Sender: 5hB3jnQr9Ka3gkQ64mRaxMWpdQtjnAZv4BrpzTwNoo5p
  Recipient: 51oET2dy4vCmZ1JMGYR9hbsvsLng1vcLD6z2AZp1uq1j
Transfer 1 tokens
  Sender: 88sSNewqNRLQbTEHitzwh5xD1Z1CYab4wnjU8RjVcKrd
  Recipient: AzjB7d1b85syjMDsjo66EY7WSe2M7UBYb45pRFyzMPDS
Transfer 1 tokens
  Sender: H7gCL6hzwEZF4PZUHiGB1SxmodmdCEf58Jb3EwVoV5bS
  Recipient: CbXZKQJqYpMQCY6ZWexEhsaUphfRPGsE5GKfTi9VDCQw
  Recipient associated token account: 6Bci9N9xRzME1Ja1dXNv75Pp2exGWGFTDusi4wVF1XeF
  Funding recipient: 6Bci9N9xRzME1Ja1dXNv75Pp2exGWGFTDusi4wVF1XeF (0.00203928 SOL)

Signature: 2AoqPepbsJooJVXuywGmJtkLfFYdu6tVhMAxefxvAPqqyzdVHyTjFoA5BDMn8BqUK1Qz4qY5KNowUSe2MT5oh6Kb

Transfer 1 tokens
  Sender: E2Px3cHipT8ErzraE7BkoAPZ5sPsTxJECa4icyiVqccM
  Recipient: 9vTVgL5yTaRSj1QThL3jViVdwZTiwvPzqsFs4eHdjZjf
Transfer 1 tokens
  Sender: 4AtL8HUzotHJHDGyz8Z3AMFQguctbCKbhVkmhgcUbzTf
  Recipient: AG88dVyfRoytjBW5G4sfCCsnTa95bJCsvVtv44PhPz2G
Transfer 1 tokens
  Sender: 9cy9KqQg8vGcnbukrcqQs2JqYNW9peCTkTTp6SC2jwhJ
  Recipient: ADAYa5CPnjcxL2kp43VcSusahnfnTa9FTp7Gux2NQZY2
Transfer 1 tokens
  Sender: 79gnDjBWjkxG5WtnCpt9WsuriBih5JfyruTAM6xXFV9z
  Recipient: GyxrUNS4mSG2fwQ1rbCVRs88yuPW7jbANN2CGujxXpJ8
Transfer 1 tokens
  Sender: 3RzomPoko2uaSAWmeNctxDXdrBjHRHCkG6XifQ9xACwu
  Recipient: 5xGiZhSZgSH4K3nxRWB6vD74mxQ8Ty26oMbuGv7tubKP
Transfer 1 tokens
  Sender: GGapsLi81S5uvM7Gh4Az3t2xcfsHned8ZBHkMwAC8W93
  Recipient: H3AmErw6iT2yDZSTbvfwNBLSgSADFchY71gqhfTYmPMN
Transfer 1 tokens
  Sender: AwVkUrmrWYsR7i2umXHpMGmCtvQ6yQ477gsPkF3cGEMm
  Recipient: 9K7KgtQpenYLF38da4rubwdyCbTgZC217j7sy2AbUYQh
Transfer 1 tokens
  Sender: 7drpCcpuyZR47iEieMRSfhhqwJZ1p9pjsPmk2VsPzsUs
  Recipient: GChoRaGhcY1EPPaqoZ57TcpmBD1ECoGPxqkPE8zg9DSX
Transfer 1 tokens
  Sender: FP2zDsXU7ty8LNx1qkbFBMw7VEp5hu65716J7KFD7o43
  Recipient: 3zn3fqbT7pajfoLp26cNBkbmvQisBcLUYHLV5FssEpLa
Transfer 1 tokens
  Sender: 9reT73w58W6Z7dKTvqapAX724RcJFrexsbb2kYueq8rE
  Recipient: C9u28tV9EcKf6iqCxcQvh8M4fnxtWU27vmS3gVwwVKSm
Transfer 1 tokens
  Sender: 26dFkXBZ41RkQrZuY6rF6DwEhzdWq91vQg2mneAzJXnz
  Recipient: EG64BPWCM9rgbqoB4Sn8KZh3jnKmjA3CfpxBDmduUeCt
Transfer 1 tokens
  Sender: 3JfDccaq8dw82voWTshRuYbLbtLTEoF2v9NBbjyQ6afR
  Recipient: FpjcR5LnWuP3eqHLaGScwZnKEMNrkik5aWUJgJruz7JU
Transfer 1 tokens
  Sender: CqXfqFbzBF4WyKmTjCHuGzmeCRWBDr7kTzzdN9ngNKvU
  Recipient: 91hkaS99AJJvtMJURkGrGy7SM6Rnvyeg2gM4varE5b5g
Transfer 1 tokens
  Sender: EXzokmRBShU4XYyCisbAGjVrG2VmG9L9hgDY6HVHcvdN
  Recipient: GWqPacdCUUUEPT9EutHEUauKNizh6tAxqyv7Nx7s2BqD
Transfer 1 tokens
  Sender: 3tKvRrmFMfz9vj1wJEjHu8z3vQmZjxx1nGrCCcr6NXpR
  Recipient: 9MFgzw8HZdXrE7uRzoY4LSAbXvtCXUARpQLrH4HnVCXq
Transfer 1 tokens
  Sender: FAKwjCH1uGCM7j8hC72wjGXTutgD4G9q1Zj3NQSNggzE
  Recipient: 7P4Bb1pCMuYNveYhg2j445cmTRCEGp2eAAtBQUv7Jz89
Transfer 1 tokens
  Sender: 3NvrZpHhiBmLakZBWjfb1p5A88mQZj9mq58Sz2vBh8GN
  Recipient: 97xAKp8FjyXkiYqTtYWN9ArD7KxTevzaCAo7VCcwLAsK
Transfer 1 tokens
  Sender: AsW98sBheMGZ15ZKvmKmjnbS4y1Xwr7coiJHdoZEBqn6
  Recipient: AgPhAsvcwPfT8bcAQxfyvymHdS9enkCzHDZP67ihS5YM
Transfer 1 tokens
  Sender: 8PLzvzCXG9ew68CNhzyLSDsSLPRT75L1W9L7wzHb97T6
  Recipient: 9vTVgL5yTaRSj1QThL3jViVdwZTiwvPzqsFs4eHdjZjf
Transfer 1 tokens
  Sender: Bevp5zDMy1oYnaREbut81quSpdwFw2MAhyaNSjeusGgK
  Recipient: HuKHH58Y6ZoRnJMmvcoFKuH9iWpDGHXMQoNAc27oSR8k
Transfer 1 tokens
  Sender: 3V6k5PZravjCUb8sG8kQxcfi3J6ac7Ys3aGq38dMy1wr
  Recipient: Hj8r2JfHZTJPqQuz3GWCiu8sgAnYEj24f3eaJQhRerUf
Transfer 1 tokens
  Sender: FTVW8aE29DkWuarcKiWEk3U9Tezzr5UbDTmi8Ht7z6D5
  Recipient: 5V3LirCw5PAjr32tbXMYcymEydJbzoEvoBkNpZRo8wKj
Transfer 1 tokens
  Sender: 9hVtf4n3fKFihQfN2jDZjevKb99JkBuyBzLfzkEngds4
  Recipient: 8BZiPqhVHcQRUi9ik4ToqZ83wc5bRovucP44ajwLSiha
Transfer 1 tokens
  Sender: Egc5K1kgiWf5vrSSuYQ9LbGMwbfq7i7dQRSSKJNTf81i
  Recipient: Cf4pZaok9wdfp8qTT3RiQZvJE5t638oeQPVekwEJyYrX
Transfer 1 tokens
  Sender: AYnoSScW7SiuxFCfuXXe7jwtVjscMwTPqzmrrhRMjAwa
  Recipient: 8zfdGUKpemtzs2Ypb8reoN3A43o1ZkbwFCBNzpUeFeUo
Transfer 1 tokens
  Sender: 9u78P3UdsrscJLe1yuCLtBN4ZPYPz9UY8uzrKpaEF7oD
  Recipient: 51oET2dy4vCmZ1JMGYR9hbsvsLng1vcLD6z2AZp1uq1j
Transfer 1 tokens
  Sender: HwgT3HXmEjQwNagiopsNejHyMWpih9m9EhhW5V8zCfvw
  Recipient: GD9Dx84Rzr6qLJKoZqQFZn2Yzf1NyPFbQeSRZqU56f8z
Transfer 1 tokens
  Sender: 3wRBbV3UnsooKCy5axqRP4WezSVU6ibdpRv17y4DG2SZ
  Recipient: GpnKen3QMaLc1CzFsoy8UbcbPwEXRXb5k2qTkTcUa3RX
Transfer 1 tokens
  Sender: 5PEXHoFi8mSDUmJ9dsq4LEbXADVaLRPcoyJG4tK25gEr
  Recipient: C9u28tV9EcKf6iqCxcQvh8M4fnxtWU27vmS3gVwwVKSm
Transfer 1 tokens
  Sender: Gm7nRar3hUTTXvVdgSUyornFAGpjZb7WnfvYgA438d8k
  Recipient: EHaefxu6PgMXRw8VrraTFaCA8jnG4uKzPtRrCCzPBz4o
Transfer 1 tokens
  Sender: C5ogNo8E92VjWsMUyy625t5L8y6GdS9hRgyjK3wUXjg6
  Recipient: 8zfdGUKpemtzs2Ypb8reoN3A43o1ZkbwFCBNzpUeFeUo
  Recipient associated token account: 5mnRGAmNxV3hjNKN332BjFDQFSTHnRJbbawMgtz1qd34
  Funding recipient: 5mnRGAmNxV3hjNKN332BjFDQFSTHnRJbbawMgtz1qd34 (0.00203928 SOL)

Signature: knJQseJiXAf6PRQFECVWMZyiec647dcMAfUmiLv4W8z41n3YEGBu1Yp7uBx7H6RdooASBgMcyHXfzpJVruigfi4

Transfer 1 tokens
  Sender: G6vGaQv9sugFqexqv9HcNtJRW8v1Jz4vYse2bMoqGsyZ
  Recipient: 6ykYU3fWNQnoNunJKDLSVSZWCMPoajoE8EVNzKCYs9qT
Transfer 1 tokens
  Sender: Dv6cWEkcpMNfej8hGvBsaZFGUe3qh3x17Mom4yYjF5dH
  Recipient: 9UznikQC4aA68hcMurcPqZ8EGSrvNcLbLcj2VKG3S2QA
Transfer 1 tokens
  Sender: D7aVBgCnArb5jV44dZkfn1SiRzU2k6zEzLhuxZ2BRFeX
  Recipient: EWZPy7AYvvv9yCTWRAGMCxQauLM84eNRBsdSZpBML7Pv
Transfer 1 tokens
  Sender: 3GjBqpJCpTXJ2mjX3VxFmGpoZnzAyFQCgCpnGUnyuzgx
  Recipient: 51oET2dy4vCmZ1JMGYR9hbsvsLng1vcLD6z2AZp1uq1j
Transfer 1 tokens
  Sender: 4A5dnnS8nRBcRHDLAy58CdGfU3HJiTkc6WFxTS8Egsw9
  Recipient: APms1YdSWwqDgRdtbgXdaz8u7z7yNr8yePbyjAoFSc5c
Transfer 1 tokens
  Sender: 9PnPjH5rcuhBfFpkaeWBw7C2MQ1iCzVE943AyrJZd7Qh
  Recipient: EWC6ESChdBqExhp96XPMLXR65pXP6Ftuh1pPAVws4pmk
Transfer 1 tokens
  Sender: AMENXJcXUK9DsekrtQoYAEbG3Lqk8bV4MAmbNPbAZ4eU
  Recipient: DnfJgT1KrboU1Y8ScCxPHsayxndo4qpxZKUMgtaNuJ1G
Transfer 1 tokens
  Sender: 53WxGKa5c5U3VXx5ee37bopVrU2KZh2iUEiBv11eCks8
  Recipient: 6LPPpRg17Pmsy39efw3hEgfXQsjATUA8MfTih521iHdL
Transfer 1 tokens
  Sender: 3MexqfUNC2igNvRuuC5BY4p9Sw9tVGhLdq7RPiAEVKpm
  Recipient: 3wKzZCoN25m7RazPfzbLfrUf9n2wLmYFJgfEnB8S1HyF
Transfer 1 tokens
  Sender: 5gpcyTmg9VWPjyFmssWEWExnNLo9k4XHb6Sus7ZiwkUM
  Recipient: FsPsTcVPeZYygYT1RZNzAmT2GtCC5P949oprto5iYYeb
Transfer 1 tokens
  Sender: 5zZLckTWxHE6tiiuVDtKvjceDoSEbs455fHaxeJCUAk1
  Recipient: J4GgZY8CW8gX1qa85KcTXrdn9WKsNCpMJyJDi2NEBeNo
Transfer 1 tokens
  Sender: 9r5hdjVFFKtA3JzYG9KiVgmrHRULcizhsLcfv8vzahQs
  Recipient: BVFTQzEas8kMPkcugksaTTuLnQJ8ESxtLryk4ngdyvjU
Transfer 1 tokens
  Sender: 59h7vDihYoBh8n2iaAQE7mTcWpJ6jUMk1AmsLPkmzqAP
  Recipient: 3QTRD2FfM2niZmZH1SxS6iJCRFY84DTq599gzengTtxQ
Transfer 1 tokens
  Sender: FaHqrCngdoDGGJnmsqd2rUDsfwFiaEHEHLDeYer5PGhr
  Recipient: 4nUC7asPNFbdiB4zQNQjY5H2s8mE1ERobeig2KzFhi2e
Transfer 1 tokens
  Sender: DJyeH11DK7oBAKBZMhoK445sEDba9oowS8vPbL9YVvst
  Recipient: 2A2w4ivTkKC58upbPb6YmEsgnR2m2Hi3RQiERUF6F6g4
Transfer 1 tokens
  Sender: DNsyFocoxjoxVWSomAP61PN1sDQs8H7FqAxX5P3dyoba
  Recipient: 6zbHJGNdqq7PawynSgxW6csjVHAN9nm51uLNMZqpxZts
Transfer 1 tokens
  Sender: 4h3hbhW2ZwzLWz5xxrZsAwfkTtKA3o7ZPYtJ8VfAumD7
  Recipient: 3rWzXRLg5VYwWNtHpnUid6aTNXcRodN73u8JFRByL5PA
Transfer 1 tokens
  Sender: 69i8oG5cCNexUHY1nVofyQCF9oSUTsdMS61tD7p8v1qE
  Recipient: HDAvp3iZzUKoGSCk6GZMzee2xsTfsodcU4qPZzvT4HpX
Transfer 1 tokens
  Sender: 4oMpbrRF6tWfVyQiZxfoSUgKP4Tcit9EZSZvZmfSHbkJ
  Recipient: EZsxgTx6JXqZS34sDynrFkKD1Q64Eve7AW8FjawFfovV
Transfer 1 tokens
  Sender: E2cMfLFAQYMvMbVvyBV3vVqwy1Gt9f5ua7zo9Azie5Sy
  Recipient: 4CVLbLUcNUdoXkb7GhEJmoPgiiv7G6fistNWu4Rx6T9L
Transfer 1 tokens
  Sender: 4Pyb9mkPVcN1iLJT1XSavXh9w4MBkxxd4Y75LaABr6uL
  Recipient: 35f65TNSasL9GcmRmoPh3XqEsiyFnDknKGBr1qSSeTXR
Transfer 1 tokens
  Sender: 4CE678WgGTQSTZFMtyW9NSrkHJQSyxCUGzrc1bsx12Mc
  Recipient: Ef8GfhWVMZzEzrqFkW9L8Haw6PmhGrcrokapfegDA9e2
Transfer 1 tokens
  Sender: 6YxCVp2xA13cqaxiJwJjMTCyx352S9cvcKw9xcxXBpD9
  Recipient: 9WMmaAXatCsMpagkxEyar75XZguUUWWPGnBpqZDXvUxz
Transfer 1 tokens
  Sender: 7DuNo6PNsvm5x8qqKn7ASH8UQEvfPkZXckdvvyY7yXtK
  Recipient: XGFZk186maEp6FtE2YMHNXiY2c9kTkUu88ofnnBm94j
Transfer 1 tokens
  Sender: Hr2gkiRrMZCkNjGMnZR1TAKA98LqkPDzCdpMcVswyKSJ
  Recipient: 9fahkUnGgcy9fFpp7oQxHY2DWFzpZcrKYs29sk3sGrcv
Transfer 1 tokens
  Sender: EFCnA4Mgfs9Ne6iZyM9YAyuT9szzc8ie9fhx99fX5tNJ
  Recipient: uV9mkFJUV7YfzxgRseibb877D3YhrVQsg5FL5EqDzsj
Transfer 1 tokens
  Sender: CvfVb5LSRFsp8E7z5jvqiRrbSqYrPg2LKiVED3wLgaZe
  Recipient: 37QtWgJbyzz2G53ZBuq7MN7QQSZFnEsE5w4R58TM1Ai5
Transfer 1 tokens
  Sender: 7cRG8Zt7HdwsFvgjCeNzkAtAm6NCqfYkSBq8JY2WPymC
  Recipient: CyTPxTyxcYK1VJ7NvZKGL95mkkjkxedkPZSjW7r7LeHC
Transfer 1 tokens
  Sender: DfejYTbkkhqVquYHZWPCngKh93QfbYYds3KEBXz51uUp
  Recipient: A4jR8ZNLjEZfMV3jWcL6y271Vty8ywQSCPSsjPoqrHUx
Transfer 1 tokens
  Sender: FVzvrrajbFNEM2BsrVE4w8N1ijfoShgT4guso8HpXsCe
  Recipient: GtqkdyHPc2Q7UGD7JPF4uxE5bjSgN1Upmon7edM1qdH7
Transfer 1 tokens
  Sender: 2FYfz3QZugM7vF621biixf4UJk3pSS1X8Ec2TEuF9DZa
  Recipient: 76JAgZ5yjy4UenVePyg5dfNHiE9q28Lt7ucxQ31CC766
Transfer 1 tokens
  Sender: AXtzH9nYRQ434Whc1V3JVUCjmAmfEBtNKuRHfWrgQR2R
  Recipient: HJM2Wg9cVyukVRXFVWZu1rMYSYM3cgmha42DtJSmDV1K
Transfer 1 tokens
  Sender: HrYKfwEtskWDgkkieyv6zxziyJqccFK7bHZVPKTeGwau
  Recipient: 4aMSBRaCsa64CPQiruDrmESqTNXJzs7PLeaF7XWNVvL8
Transfer 1 tokens
  Sender: GVN7bLYFbLwFNKGmCj4P2CGc5DVmruE8otvCkYWtreAa
  Recipient: FrZcenxL19CSvFgS1MyfwpFUmQ1KEMk6mRXfWP8DctyX
Transfer 1 tokens
  Sender: 4GUs8UjPhrRxLuym4Yh1anUgbAWeDmrXXHm41TgTyS7T
  Recipient: GNweeVmB7D3f3h3jMsA4myGNPgqUqqVCP5WsAqhhhEFF
Transfer 1 tokens
  Sender: 7XGFNCn48kiH9bvdKwxsnvnTeJNzjZcAx2m5gjoML4N5
  Recipient: MvogSQTXToXV7MS8hDbvfWGoELDtR5Z75SGMUNiUddN
Transfer 1 tokens
  Sender: ARvfY3NyVvpTvLTQZA1rJEL8vkHpEv1ZTA6RNxeJ3JYX
  Recipient: BbM1VHPnC1upTzZCaWfmTw9dYte8iuCGzftc1bGMDFLR
Transfer 1 tokens
  Sender: 7zPAoY2NzPXX1J1nbC13RzqRzR5y2StKahZ2jf8kSReR
  Recipient: Bs2NRpK5zPhbhchTM2XGqys5uLw4bjZjiWQJW912XwWi
Transfer 1 tokens
  Sender: QeCK8NMR34NiVqXLTzEUXJXkp5KNd2XoUHnLr9GAhuM
  Recipient: Bm8rfjGRXi12hJRtZevZmao6tETmvxmbLbrk6d4HFEGK
