7kNVk1o5dCkuBbUcHSPLE9QZFp4mEvPM4J7CQreBDxv7
DRsQRdyMgi7T55mMATTYabxi7CCuTh7Y3qmLRmdGkkCU
CADC3A6dVw8sadcfqqtJTELndNC2Zd83yqMWvYyHRnDD
7LbvvKJqJm7F8saPT3RSn6d9gj5k4qPSz56D3NGw6b4o
AXoSQEsXy1gjsL7Cbz3c9zj1WU1MUkQpW7EwqsbSJKs4
5nNJy5LfRwjwcrMPSe44V2eoCrzhNgBrDd9i2vfRTe5L
GMmyWS9eyRTFNZXP13YtzjJRABzuwrDY4YRtredjgxvP
4i9BnKAmKtkLUz8ukW6kiYMF6RmUqmLCqyoi1uJTjb4A
6FTqUSjZRBLMSWbveRQn7YvpUWjHHaCJ5NGQvsqFvHhb
BK7Pdzv3s6AUybx8Uk1S44KP8WcRshYUZA9RBYe39zzz
2q66nwxjRYsB7Cfi6susBLQ8YiDFPBtsw313XqhfWRAH
33zQgcmEzXSYmWy4igvLSw9TfTy3WkYhB5SNKxgQdPRW
ESttH6Z12HmkzJ7824vdRpWuQoMsWYvvb4257XVGdW8v
8htUHBTSL26j1NsqdEzQtYL7EvvSV9Ec5H8NVXmZETQw
3exAwvUCmXhLxW1Dh9FFRxvymouqW7cn8BbNb7HXgGpV
AEFZENorwoBEKnYLLdR5QysnBapH1uvfJrMvWPB82SZG
6wivswgopknaHUmf1Gkrn7yYzutwBw2sXgVcdzYf8XRB
BQoEVpYwK6JQPu7oeo5DkMz6T6hshujMahx1QqNTqYqh
4LGGRmBKK44z4ec7MqrZC6dKQatj8TvJJVW4gHNwWWmd
3v78adh2G3gdpeFQqvrgqNeu77kGjT4t71sTogdaRYK5
Dyqkj1NWdRg2jLFCQ1eesEHZGHj47dnX8kWDqV3Ee212
2cBBCZNHMqkSVRjSkS12qS7QoDpB9V14bTkzvj3rVpoM
FjdKWa2o51LrtDaPoQGdZgo44W9bLPBLziVgTzBVgNAv
81WhYCCZH4WTmSXhtuYFmxegFNsrd8vn42U9vqpn6B8U
Hdz5k3LCMS4bYxnD6GB7mQk4MNPj3U5qRW2QmBsPug2N
4z3CQ7AvwQQ3MTL8NYgGFbC6F3WmEMZn4fC36Qh561ig
HhrQ8iBcWBuwdn62ASC9kgpabSSMFAJCoE2QM5YaDNZM
Cs7BcKT7QYnYADB8G4eo34vpoYcx8GF4s8iiAEdLWkZy
BxzUxXUZRxYNT6jmye7RHzj7T55hRhyNLdirVHMwg4fn
EzbDXre4zXdzaX5v4AZ4djE4DkjBHqxh2nSdSjCBo73o
kCryx2LzaHUcc9QPCjLafLeN5uakVa4uuwVvnZfGBbj
CbtAZ1DeFiEzR4VqfQYHTWTNvChrx2ffDcrvgoajUPx
HzJFCEbGUP6yrrzK8wraHqq7dNDUYCydKUrWm5yu9rDP
56BcM6t5MyuSPAhknXvcmzDzEApgx3m577DtsBUQvQHH
BkYfU22uv2nosEjpFocyjjeAvKVFMFtxuua2N1biqCPP
99sybJZ8f1C3iUZr1wvPSbhq9B3FjL6KecyH7ruPzZXF
CHhemLZ2yprEUVuDNdwkvqn6KFBYNtMu3XzhpCv6hVah
AMQPs4WaCiNW37eJdRwy2gtdFv5JWY7FwkUnXphZRtEZ
7eN8PNbWrdsQyttdcia7h6QLi29RN3u23bXJcCsD1zkd
6YPGzX1bH6hvQkTZqhkwVY2cwBc7XKYLERXxyKyFcXrK
B4C1g4cSz5seeHVzh5A6cUmShjTXFTWADhrjtsDkG4id
AU4q1WJuoooWUYZxoRS2ZtAxFARtxsA67bqjcKy5j14q
5WgDDFhxiKeiGVYu33CQg3tNp9AyDG39SJ36FPPPrN5n
2LUEyRTkAcQZBBzGKCmU36Jgbyy1br1gs3TMYkL6Gyn7
EhxHqm9oc6tUUJv946QKyuUX3L5ME6RYeot32JqB9Vb7
EN7NXkoqGRK1zW4F7nyeSfvpVAcyLMCbK1bUKJHrcupG
8jaqRp1v3x8zCbyRBuAeNXvZ643iBwXhWTVPfUbcUxS5
7re9f4FudS2BZDmgQHGYChmrSFKUraLoGPzsNixpkc69
3gVJJwNhYVpa4ZJWNCKgdxdu3YtKGw6q5D6HdpD3uYNq
ArYYBK3Yv8DT9wjvZqaL2WXjqyheF96rDyNS9KREQzRQ
5HnxktYbjCD58JmaGDsAuQzPoczg7tjP5j9c5xam8QdX
5gW1ZMX6Cjqpa6XBy2MgbbsJsPdiwcWZN9663b8JceQj
DB5g9JfHkNeQRZUnqYFBuVBbfmugh7Hk9hVMB9qwNBZG
4p3Cgat2bMyD2bP5hdYArDzx5SRe1xpaVFo3mbhSXoeD
3HXaWsFXHxd5pUvCzRBi67Kw6ybpsLrn9KVH4kXkSabD
naunxpqAEqVdKAN2UboXBYUNJLurWKjPwKmP58WRmqH
5zL9AyCj4NHoR6TzbKcVPy9kL9MVw3DykHzGme6GUnYd
4t7m72CWRbkSYPn63hcWgwrUvyinSGPW9Js28LHKoTV8
38QSsN2Fq7bAPdQSwnsCTuTj1h8m11TbivPwkcsx6uBT
7HorB2gzVdk6wxc6Pm3u7SunTLswB6fRhe6srAWn5Gt6
6SDdkDxRtVWHg5tjE3aCTFC3C75rYNHqEqfQHL6zccQH
7jvmrn3FerteXFJvRET2qxjZYj3rameKip6pEnnCyFkB
5GkBgLGLFqzqdQiBKQ82dxccHrbpMxxncThQQh8cJcAq
56fsASXfmiEuYWebKuLFoySWJKyEZb8UPp63LVEDnsPy
HLKWz3ZC5EQe5VwAT9AT9NcxFkJsaD5PiRyoTRM1Ck9h
8HSph5Zxd5BoheGJxR1ScYmqHdKLqcNfGmUpFyo6r4DM
9mw62JQiAtdBYLR6kP4zyZWVUYGv9D2GnD4JEG95a5kY
8t8yWnjLs3CgbAvWuBdC8ToMqvR8fjkwTAqvwiXzoi1i
9oeE2QeJPeM3x8ggcd8pC9RdM1Kd5x2g9iPHfDu7J3Di
DJFtiXRGwLeMXnx3cwD5Z7PYdrZktR4N8tfudQksxG2s
Fn148EqYEiHUGWLChcVhawenRfaRQWJgM8zWNGbPe5t7
94uoB7bjWnqLv97agHempofhVBHMh1pnm4kFjU38WTJa
4VEXktXHAftmcAvtza3723z3BwQsXPY5ucFqsfT46dLu
5x6Co1S4mdrTjfMACRudzRUskWc93obqfvGTM659Uu5T
37rWCtAUDqWEoEMhPQBim8XvYjRYfSnCgLzpG6bF3eH7
94ALMWaU7oYLHWVHk8LmWkYgKBMHpe8JJHdJhtXMLqdq
3X9HKX5T8g5QRmT3R2BjuAHypG8JRu3TkeS1sqdwt1Mo
CoRqGscBxJULujcyhNAWKpWhUtmTTFUEdUr2owH2kaXi
CU36auXcfs4xj5bSD55dEXCadgSUtJTzEinV7W4Eagc3
AvPYbvG1RgL2vrha4F8tJdEvCPqU1eCiQiLjLhRU28DM
DmkKF9rQsz9DWTrexUnDy4WugAnXgbjfszyVGDDoY7Ae
9g4Uwx7H3r576Ahnn2K6opeg6xKPjg2M5rS2ELZUCsBK
4L3AV4PRu1FFdcZNGSXZDKBEaA59dzFqufqos1D8VYJa
6xiS6HFo4EvsTFdRqChZCMoVBp2LDuag4yFRaDWhTimk
HM6pPy6AotPjkwZCCEiBFDCLfb5iTUFAgwQLGNLwMjV7
Gk4qr5zECqeWSBPuihJ1Cp1r3WH5rQ3mKd3YVgm8ybee
GfuDjzH6Fj3v8rxdUTE1RTt1N1EasJg674WjarMcP3bY
DUrkQKiJjPxXz22goZBxjXpZwEP6FS8jtHtjSbwMsaYY
Eks5U67dBgxNfd4gQZwCdfqUyYUn1QLVJZczKzEsWp7F
E3SJuEZf4Vf9oa92M6C41dMPPAaePEKpTmbwmv71Fnf6
4nmHdezHo7WTRyAEWQKvB4h9b5o64BepAzKHz1ZLrvxH
JCC7bdU5quRp5dgMsT43bZ6kMWs6nNAVBSejPZTFyRnP
3hdCazuJxc897bkjJRLtfFLG5Zo978PHnX8MT4yv813q
5YVePhiBQWKZL1s8A4iSo9hFLnjp6izdamakzbh3KnYr
58ALg8cB2AMnSccBbJn8Pxuz2bVoXp9jpv57zsEjWcjx
FPHxDQvKYLsdmDXoE2XFGKsN16vgBttbRqLobpbmYpER
J6pJSDDL2x8xaX7zGabhnVBWe4CjYgNHQrx2H47HNmt2
CC1gvkfEiTQqmRCoKQLsjaTTaChRuGuFkfuxrdr5SAZj
BY6cikFbxVymGrE1BoSMScP32b3r9T9zcggLTgi6f9NM
FzKvbn6TuRzc6dnfAxn2jStkokYpiX3XVNrW4iBqtUxE
E5uo4H45Ho3UDR6wMfUYHNm9BBYR4H9aZW7a3Vyjkxk5
F8wpPQEopjsEi3L1LrGsy1wBGa9CKqTZtbFJgx4asgYr
2xbCt63tF4W5G9Sz2N7Sj7xoNnX9ZmkYxYcYY7kQ8mGj
2ZZqWyNaGzJXoQcJds6YPGPjmm4CLbutnbcovScBhjVD
7cD7Lo7kVVRBohPzD2onK3up255PATWwd2ghGT1rdHiw
5dLHrxWMHZRs85qGJhFbyVaMSVBASMujE1hdk888fq3w
EXbgFi9ARWsKuG2KhzLyBhBqavu2rWoaQ7B622izS8VR
Cj2zHv2mrCe8Y7eDboBHw1bGoL1oxcmiBxPxdzjHcWq6
4JoJgEq2EfL3dzQDgbtuAMEQDg1HiaH7s836WZdMqPXG
QStPRpR8potyN7gQM2AAshfbhYJTAjDoer4tj5TcHYQ
74SUAxbyGeKPccwEVpuFcLoCS9K2ktnm6ovVNnTngfEf
7PS2gS4VQiF8kANs3dA89oCmdkfraQod9VQuwk4irUEF
EmHWAGVAGYXQyhwuR1M4nbKHk4bJMpiy7vCXx2GhKTWk
E4h4FnBATorDhFqcYETCFxkoyK18W9bbeTLa3xRiD7nJ
5MRm3hggDnTsnbW5kKzpshe4KSgUkbcQSx3MVt4CEzwt
FiZb3LTyd7ypSBZhoVWrnyVRgRkLTYBn1ZFZe5ySAhBh
GXRfE1c71hhf5ewdg4vbVdRzU2kaxXSJDNtARbLerELP
6bFiMyo9F8VvDmzdNAky4TdDbTsCUVwEzUxn6Td75bzD
EQhpmbqXzCgCYGS176bFB1pckdwt9iYZGqx9vznBj2Df
14TrYLR32Baa3RcubJRC6mQPNXmxBt17xTwAnq1VA2K8
DAmiTJpBs5PKyddnjLLo359b4dFiqF31jNkQUAFJBgrD
7tU5ABQwsdTuFZaKu3s1MRtgF5pgwPuW2jQbRryopsuH
43EgnQNJwxGbbwNQLUdJzSQtz885jhiuKgFSN2aLEn6Q
9cxtVvmbNirFmf6XisAr2f4zF7GHwvLJXFKtX1YNsMoF
C6HyoAr7aaETUcUzGvkgK95KgSPtCxhozUNfuKBuvhPv
9tcJgvPpJCGacS8PQpRCTXbFqhyKxb42hisrEYQKSLs4
2YvdHRyuftEcqafWCTc96FbvRpyUjz4KJ5gWZC9kidTC
5ZCpsJu8wxvvtLocwX3WfuRtBHmjpQAkgPdroTw5LAno
FjqL5okVqr3qKWw9YwcfRkWyJeTz1t8b1spvEZRkctyB
GKj2H5oeJZw1VAnmHFrb8bBS9QBYyEY59LAunJ5asAh2
2yPcMvENcbVjsRqF8fsbvapxTkHN5krDmmSabEG4VYdR
3L6t7qDZ37czVhY42TjgkkTmpSVVjCTHWLiB4RnjCwqr
7wme4SYcQMg9zsPjrX9chDRsvwd7tj3nTTmcaG9EEJJM
7LE2T6oivJ7euykxhR6j7qHLaYbSv6qwViHzwLyMCA5Q
FwRvJ5DtUZ1VMqixQ5c5ZFyXkuYXdohoEFAtVKAZCtsv
CoaJ1xfxaTVGZRMJdD2e2jCsSY5vcYA9EvbCQ9KYRxeu
6QRPAK6JNvcJeZqkp8aYgbKbkKjWwFerWoLbAZREEVme
B5wCWkqFswnjHe2W8hSXGeEWWnTfpeRgznLaPCLeVVNy
7x2NeBFuWYNLdhPjG6X3XoodPwao2D3AGKgFLAed2PCC
H8Mxn3z9zXomRmoiuZV7bQTe8znq97br2PnsLXLfGPpQ
6XU5TUiZjyfh77qzT9HMv8cxsNWxF3bTLwRqUApbbKhm
2TdDvqGtC3v48YXEQHumnm1SfNTbGRPTJZtGhv5Htg5n
8ZxquHdUT2YGh6nnuA9nWbgphRMu2W3gz765A7Kzht9t
AEXkkxTyrmUKkWaPqg7XbcShAWAHeTFBZRSatvjxHkXf
Cuq7xChyMNYxkhTV69asQRmbJYUFm1dCLf35NNH5xXq3
5ZeYADeSqVJK7AAiBWwWBvGf9X7EvK7QYLexs6Ja1bKE
BuS7UUMqw3nCdx3mre3fic5KUYDoaVsDhd1SyAY3FN7H
XBfsp4KZ9QferLMsh8Q5extsLaAGq52TSW4HfMX1yjz
HUaT1PkTzdkCuDMj5LuLN4njLp7abTK4Rtf79GWCvzVU
494XLhmwhXttY16uYRWSgRuz3X9mHH487q5DToFZGv8Y
F2vp91h7ujBjS7g9CNti27yfcDJa8wnfXMe2QPpD84x2
FcHZTg2jdrTe2TSqseJJhvaQfVSzwqxhbbEm8zuskrQf
J2VZzeYy7L7onNHiUXd39tEzbeMXMsQjW3xAyQkM5X3E
CR44wN1TLxb9ytGK4ogUwGDira2zMw5rKdnqsAeo2Tio
AeQ6tSU3SMbyBCp8Vr9vFKT1LLZqWtq8dmcFfcEgM81K
B6o4o9SafFbTVrb7Ri2uKYK2qRMg2TQyK3sjRCCCUBWz
7cyYJRcPek9W7Xfj6zayqxxNRwVVJKxJpEuGrMxiDYMV
6Qgy4o9cQQmSNvzftqcf7K7nEACswVVuZiTYootp8149
BKzYkkE4Mhd8aujxEYGvTEsXe99hs1T92YY8JwedauPE
9NbUP9fV1eDyfNLG8XPWbUk245LasYckuQW9mN6XChWr
7XhwWBhSege7Ak9arn5Z3nJBY6q8n3xbzZoFiXMf5215
7rpSut5xVnSw22AofMYttC5tbsT39fMKATUo6rqg4s7M
BwTCmBt816mJkiC6PK2yV6KBMKWEe8fAdWnoDGS5YzR7
BqsFKDGEafrumuHZy4dk53Cy5mgJp54qFtEN27hZf7hv
CrhnohB1JrbGrGMU3yW6eDJGkTJq3bdqq1EC7E7ESCkQ
FEVQq5Vs2TuqepNbk5YigEfaVF1HKXJjJRn2xyStSEq7
6pF6S6WEDRVyRTu9ssk9J5ThQE8iebCC3cwJN5EkfojL
EHQc6PqDHhSCCFKg2FZEh5rPXvuDNdQcZW2gxAvXA1u4
71UNuwnQDRVdTsew2KZeYCiWEVC5EFYjQvnTTNZ3Qm8H
5TvQZiwifiGEB24BBYQpEVJQLJCrPjKbrb6s2cbbVJFx
DnqziSjMqE4q4UzvW9K9bHCSJwx3qMEry8WZGb1hXjDn
5R1fdrc9ZzV6ASB4oX3ejWf56rL1qgRraUspL22TNaSH
7VKNZre5toaWjb5At3p3qMR3pVePcB497scwCYaCcDFZ
8NNDztrTy1f6atoM9qj9hUoJCWLReDWDk5ETfgE4Fpio
2Sy9VTQsiiGrDbU2sAn4rw8bNwcspaE2Azy6hN3D4eSp
FYGkhwJnvMjHuDvWi8VbZxKzra56mdw7LEi6aiWJPmbi
99xFhZ8GZNvoca2smhQvgnJaXAFWkCuRAFgPEaFNmwRV
8ZkRUD49sTtgqs7HWppaGRodGrVmdVCgMXuReiQVicqE
Cnp8NGUsB74PAUpWFFHyJrtjAQzaPjX1AzrDt1wje2B1
HNCQ9Ak6y7WPktwMyLgDGpsSxRXCoWkRyWEFPDphtAwy
6d1HaM7Wv3w4Qzt7bQ834Zh7ui6piydwK9L3SGu8z5iP
EK5cdGgBAPkNUTXwXPkzy9NCxCoFkp7Rb68aZff5LvJ4
ABBjNa4f3o4ekZABhExD7GvS6LvZj77xfaKqnZ5TDN2y
E3GpnrWTSn9Mnq8MDm18E8KVkxiYRoJY2L7kUPf632jt
HF3NvceD3mqx5tmRh2pJ8oVriYKB8F7NQrhCxEW3HAhh
FNfU2wFwiwP2NkoQ2ppxNSxD38Sv7xJxQNqUxggBodaU
FbUzKWW9UE2wfAh8TK7svAXYUnJQiHBc8tQTUuHttD3M
D9KFN5pSdkz4tgERFvx4Lg75GoFbLPPfkqvvLNDz26sR
HLjE3j22pCrrqnVg5x1PPGcasEodRHUnJXimn78GkqzY
FHrWtc4pwu1jLVPP1L4CXMhaJLjX4ReunUeZTjdiJ5KT
D1zMdgNeC5Y662N6YeRM81oMcuZFJKW4vQrdzwEAeedU
DeWnxQWUhQfrGhsuGDWBoEaFsCHb2FrYSDK1fuwmtvpF
BKQ9PsdAjzhSxHpkqvCBtn56mjhuaQmFqHeEYATyEttv
GU6pQR4oVKYWqiH9KvsG2is9LDUWtecLC2ekNz13mBBA
4Ri8VNf1pnLuE6YvZmbMXdhDV12EbqicXTRNjZbCqsVf
14kpf8CS7UhNNYr435wx6Lf1rX6cfffQHZNVPPt6ik5S
6bzfFtfwVdL7iQd6d12zLG2AzVUkSsteTry7u32CZBEx
D4v4cHm3E393WWU4uUmA5M8CppAbYQemF6xTUxEfdN5w
4Wi5ZiCiYLoos61McJPfz45ASnXrfuCe9GsfGwJQRQGy
FqY9W7RMavgAAA21VDfgK5C2jZqUDSgyVmQiYvjRK2HE
GJGFwAH2uror8HjME9St9H5PfiVYGoW5UxQKCQ1nCAid
868z4yKqdR7zPN7pRh5p4sStZKvpRMdxQTuejKfQUmtZ
CNPEtd25PQwp5r15J3FbNx1hgZ3v4j27wx6qNFePENed
4vJ8dzrYKpxHG8a5iVDi3B8FmBKL84TRBqTB8vCkXTsG
8HWHtwVxTm77DCysMuetf4r5d54J4znQdkjGUA6PTE1a
HQaCubbzKXwSMtAEHCrmmEAYhMdBUgg8jY9R9t7tJAAC
2jdEgq2XR6H363XDbVqVJ8d4guetxEAqfR5ooSGhAhWs
AQnHXycqrFXHKMLoggbHioRFq8vcAhzXicsDuND1qrx2
2Z2umBYacmtPJWD6PHjZ31Qx5fBuwzKZbeHAStHfuqhv
CaxDAyjGH6cNeG9L4k5Qqsxktig7QmMwgqf1Mag6eQZZ
FNsNoXydPjr9bj6fCKQ3nfDddLkL1uPiwDy8QrNNqFxm
G3c9u7Ke6MEsHGEqZbWZjkVC3ieGVS1szFgREpVnwmW3
8RGpP6KC1vbWsoN37wVMvoGnVLkaBLxwUTPATwvXSAXe
CaTaTccJw6F9S37mezmgDHNPfqB7TEtZCtPwTvN7vznL
5AseRFtiVoHa9USHd3bK29sYxhu9B1Yhtk2442guTnsv
687BJjDFQibQvMQxQYFPrGCkUqCWTeakKeZGLHqmXw5B
4egg5N5FNrL1rU31PDebe2axYZ82FHmr3Wj63xVYauN8
H7qp8vjAUHkZq4VQErqdVNQ83EHmTG5QE4ApR7AoJHgY
32GrWzRFFR3krVNLrznxzW1dZsZ4A9mSLPUmRReVdjXK
2szo4x9zMcnWzuyYksLtgzvnsruUrvPBwKi7yUVhJE2v
43cCDFaHVYQ8DTDNMrqETmaJqiSpmM3FvJ5RYkGbVkP6
FM6gtPrvKfxKYiaEDz9cbX5YUCStkvGDec3zyiFusdGv
PrihNmYod4UMEwBbiwkTKoKdZdGvpy3rLfeZ4R45ab8
4cgNzr83StzwNQg5PwxkJ5LynWMXBhUk4t3U1okGpEfN
7kyMuRDDsrNz2berKa7tAfHKYZspuxukGRqT1KwBxGeN
BrLdRzVfQNnoWe6FEpXBNgtDLGKccFgGApM8xf14QDZ3
DWwtZLXjqX5NXCd3ViPwAfgjG9qp8EkYuxgDTaxxrVDS
ADbqXFFcAno2uNaKvTvJeVv4Ywq44t2vwhAPLrP63kLY
Ek8pjZBDTP5H5VNi2qvuVMenPGEQmuTUjnGMBGogwQcx
C8kQKrh2SeEY3SQVs3LrbEZJtX6FRmjwtqcCyFVjGXH6
EMrb53Ek2r8kt7So1WRuqCyJZCe7LHuFFCMMpT3R6msv
8DHjwPSFoc3kEXDraCwg7fyzaCXXzzWRmoMYqZvwJFSc
6zR4S5Tu85hjT5EB8H6sEc3peoZigxgExnXE1vMsxy48
FFyH8rTcZ6TjsDYhj1kKTPzs6Nz4kjyBWAAgdxmigCC1
D3JA9LVwVvN6eZaKxfzHvfvqiNDVCTWsHgzMTtMmBTkm
Rz7tcappaMqe3dk5vJi5LAvYxA44fBFuwyNaDjSXSJu
EHgLk7xytf6sLk8xqGnodKKgxs57JyP896QF8qNq7Sp5
HJdLQ8T4ZRNx5CoAAGTfUqqbobCxvwSLf5C35znhN1iX
8JrNk6FtdqGuS8xjd6ViDQ6NayGu5Vkm3j8WsYjvLKUC
GcUxmPqwrMw6YnR1vffv1Kzrg6r27FVBUM6CvBM5LN7P
7Kg61swZXfEc27dogaPRpb3FX2ZUFrWGfqKKetZkkyjF
6cemc1JegDtfE3x177vcqHwTQMNHqhSY8b2aexAYkJt6
42zat4frfXoEFmLKHZCWmesnSmCuTwRFyLTDQwGqreQ5
GFjzpG2nxwGiFbJXKEKSsBzDfaFyixR6hDvP67Kp7dMa
HEttVNhiL9xDFcgpta49WNkvdpUSvHwyzzGSF8qgPsSq
H7GTMGvBMuDHzVp5RkbeZcgnR7cyX4uopVyPKjfeCCgR
HZHWdPaQgJjdbbRLREz8AHo2ZxfX9M98hs1qkcg4wTFE
9nAhPC8GokNFNvKpoLKzq4JeUtzXz3vkpcQDcmZLMKc7
CjmmB5dpSewY24WgLBofG77vmCJufuVL8UbAqt9MariX
3n8tFHicD8jV6ePcFxCfccVf9svjR5EpJBCk7pxKkN5S
8kgBCazYBjJrL31QoQSTn9zU8dG57rNCvEtmXPLmv23z
9cvPUc9NrFu9qRUaa9QTVUqnFQ8QCLEtAcgaxY5RuYjS
6Z6XqCaF8hwdntEXJ7hmYE5r4mNPJgh8RwyzcXw3mu5H
7XcfnPAdn5U1WJhDb2edMhsk5QzMb6YbV5T6rYs1Hzke
E5muL8avwLAY9eKurbZqucGbSQnygpYV8rQ44Rdg9Dxx
CF26Gw12kmnWCVNg9fPbNbrFPmamoE22r3iD2riPQepg
9Sjr4qE3PLniMWyXmTwtfsFiJ26JCWrUkNWFP3Hy2Cqj
CZ79CukLum626A1tons5FbfBBTVox8WidqDCKpob2HzS
84Wd15PmXPru3Ff6YHSTyy9rUy9ZJKDJNcy7gxzH7nNt
2uXtLVkVZtzkJK1W5FynsGdTPBDAgKNqSQM9gnzfN3CK
4LpVZpVnjty3sBuT3VVHDhD4PA13JKHvWJPyJ1kzEHCg
ZxE4bmCdJ3MqJJUxbAsWeRnmvEGpzvbFtxqbmcv1Qpx
GawvH4zMYsjpWwpJF4z2AYjAkDPEVH2ipYCwks1xjENY
CfqkfVnwiuwubRPtHKHtpydouwYi4t8oYGqj5fV4DQPm
8zxBkMmfwTMFZL5nuK6UwcnzNTp1eku7sKHNQACZucEw
6ge3n12B3wpnzVn9iwHmHy6Dxqmmgr1P5fX9xomm6CHf
GXFDhLuvT8dc5GYBXwyRSoJ9m8VmgQdYYMiiPTpGsvCZ
9cF3bdV6bc7L1EGh3YZKPLdGZ7TBtAYqvsHiokiSMfJV
AsDzqPRHjDRAhve8JPAQVsV46bqSxpGMeP2DKWAhsW3k
26qXu7imHNYpE31LouwSPX9xk5VZU5WAotDqvzw93GwL
DzutSrgYVrUdYKazdp7SrkmJR73YQ1KktNFHxsw1quny
9rwMbUTypN2f18kcf6nxVZrBusT4sJRimgDo961xkfEd
9D8x7t49q5Lt8A37kPhsPzioCwhYvZSMNwZTW82cUiEL
7R797MnS7PpiJzFd6uYeMLirNBC2JTfB1YHfNE8gn1Xx
7X6UeAkUdyeXfYeK6MfZm8ujNfHt5BXvieWSfFSHvHCa
DH5absmuwtyyAct8DF2R9ZHEEtHYFKRuFaAort8kg2R
2o1qmK4567K7mCEHz6Jmzo8y1UzLiozpzJzrkygCyoVM
7MPENoLEJ9apYwzbjvADB8QN4hpdorvEMCb3wBmSmFww
DgTTzm547aorMzD8GQtqhg9vTZdHPMKeu3saupgKriKx
Hw2YCnCbV4TzA1Wh9YModTFHLkD5MvJFScm1cnX95RLi
Ejeh3eugikDj5xKMYmGjuxyqVcBgRMxQefezUpFTzKA2
66qUb8eFgFfFtzZrwY3iyF2rNm83p9RASXiJTgoniTbm
EzBeU9dxL3kQaXGvZ3EfGRpSYLHF2rTsB9gYV2qHYQ7d
8DKCuAfcY7ac7SYBrY3ZuonQEJ5RT7YNS6vTWx64TDSo
9hYpPAunj4rChQkWyiy8R2gwV3BnaHznf2YVNkyRFUZ9
F8XsZ1hsgpctNaLspwUicPiqF5TDP7yUqZTbKVkZFir7
4xVexjCZFbheBThX94qkTU1jhgNU5Lr1wGT27tYjwYgA
9P9RmAmguYfk6Wijrnnhw5Qkb1WDZPBRTaRmag5Y84u8
F8XaijeUdNaCyDTEcCiFbPfeu9YTPcwKcefNAXtQCv5f
B5QgxEBSStHrFghzLjb1mFe3yJ3yXHNDuts6wU3kwgET
3tP4mDYKVsqkR4wCk1V5SeK25gbyC2hxeBfJchqgJNR4
BgrkdvRZp33iXkTiNhNtQJVmdLHAZcRmKwTHaRrdv1Jn
4RFq4i6bWN6BnJ9QZZFaJAFtF6f48Y7868yfoYjwkMLS
5Ly3Q9CtWQX79tykEUU3fbs9eytTnYo9KKoCN7WH3HwE
FpK384h1MaSfQZ9gaLMbH7oaMWqCRj4VZ1HAb94eJ83N
HMRB6kkDgztVdKZDkwxcaSZhzEDGA2mMQn9AXb6sN6eg
2qjCdZjJzLffmudCWTHokBSmdkMftdPMeZvBUxvB5da6
2qKndASuLwgaRrr7gnueRpWYeNfpxwCckPEUkfWukJKd
5cpampBCQvbFqF2V29VDD9xsoSjTXpW6bMfxSKWcsdEh
Hm9LcmGwJFrHLRjsym4QpCU3EUg1F1riqhS6TGUFHo9p
CbZwWCBsKF23m6xTxPWSMsyUz2gqwVQuN7EAx2dWDNpT
2EgohKqMtZVQouuBBNBmf7HudmfouwLcTbK7yXEA35ZN
T1M7NmKf2iF1b86UUjGscSnUnAJ2jutLC3aASMYAxf5
8GSQD5zw38in6Y4TRnatNX9C9S4ug4rnAFwupEHf3j5J
AEDkrxSYDtS5RZVjBr3dkvB7piYwwkq3LJmTggGXULrX
D7Mne9gZjFCMAjA79ahqVzMv87n3jaUi3HJz6n92p3Nc
GpQpL5zxsAsSG9Px9pbZF5XgXr3eLHBA5PJrtyevwHCT
2huUPe69iALt5Uikt7exKKhqZzZ2DcR1pdQp3WrTGN5h
Fwez4t6WiUiKi389h3BdNQzFmiZDGUozoxQG5oVwuvga
6EW6Ty6TyPhi6veoF5Xn2UbHnTjZGDDchf1RZXfsJEVu
9yM5hu8CfnoUN46GPaGuK69eCbJSW79BxLxpyiuooaUA
3jnztd1J7tEdGERYC4LdAiYQSTUD3zmktNd7ifEfUCin
DG45W4orvMcb3S8r2kyENwwKCJ79oSgnugLUGajemb1A
BxkK1rYZyHvn5p45GtJp98GdkhRb5LWVJRTWzYsvJekP
CciMdUPsAC6ChYgeVXLuL6oX3gFtiUo2WbzKPCtajw9a
FoRuxgYvUdohsJ7rU2TppQYiNouN8s8SfH8ZYYFEWYPB
HETCecichRsYg8cZBqN9a4d1JiEfaSZw6zy8PMg4hVjU
A5yXELBhPX2VrHTW8V3UYZAvS9jE7RdGawWpGYHXgpTA
Df9NJWV7egFEXTaekL5Wj9c2TxsAWa9aAzsgRUYqNoKA
DPUYmWUKmTjdmLGnJEtv78ikirGohoVWkmKXSrJ3ecuP
439x6yB8rWQoJDkYKY9Zpx3M1NWTYc24Cn5KGT3p4JFb
CUxvaiTPBCPiYkMaFYjhwVd3hD3SpEQuopHkPeyvhVn8
BqfLYCm4RNQEUcCttBg4bMhuqeRbkXQZoBCcqDPWQToJ
2V19Pvi7RcaxKTgZgEtzgfTVoJceVRdf2h5YnKjbksLW
8RATQ47uGbCaM1nhQxHYP9ktQSUf9rnPv2i77f6AbG3P
5ZZ1sQ9QqXvuha3W67uH25e2aUVWf38PRLAmBotJjHyG
2by326fD5pSH66BZHy186RDSsXTeJe64XtSRzLi1argd
9aEcpKE24K8cBDjSCeQrHHXLfUsjCPWWbeH6Wj7FLAa1
3UsS1cgxKhxP2XJCgeZn7Qn7zfCTVbyuQ7rsmYt2z8Cx
3cbb8vA19EUT3HQ6bq59zd8MnNY58kgdfkYMP2AkCNJ6
3mZy6G7W2TmYVLDWMnyxNGPBwbFwMZmk2TVWQ6a7R3kY
CJmB5dVVx1bEFS5V67aw2kjnTJMBU9jAoHaEj8P9eg9N
DKpES21QqPtzQ489JJirL4A4pfbKYubzPkWgLUmK1b7m
T2HvyaQPj4BfzCsBy1KNC3EeYRbGHi91A5Z6ZJuJn5e
ArJj7GXzgMqQ5rQnT8FKzMGpQK4dUJYaARrp5husChSt
Dzx6PXgJzFe2TTs4MsHGv2yjNmmb4rjmQH3A1SmFhTQH
jEWUSQQ5TDUBC92BWTiEWQMnQLtr7Du7Hehy9T8BMAj
3EuBqC6cE4wXXjKK1tuxo55cAGFDqE8KHm6x2SEPNaQV
517LYQd2VzT6x8EWYHLpMWbRgS8CvYPhvUova8HLnMFD
HSRnxRGWY6nPKRHxVKHgwHLPKT9Vyi6EwKeduntCYkWK
63h3dLs1f1hre3he9oEfuxiiZiPqgJGq9askrKm9ScnF
wJiAz9qBLNkPAHxUzZfwbfqrcCqE8LaKMfiae6pTjZW
FwNXLcN7PBESfq2AARpgAaxYZkpV238RGePnaCczCiHx
J3TG55NyeSEjNhw1tL331AixcHFak83bRbh8A3F9Gc1P
3BRYFWjR2n6a8Py4U6iATkHrEaKSSwYcZ9jpdxrHFRCV
FHgs6pEeRc8TAGGmxyMoZ2F21QcvGKdERVgvNM4QAu2J
DBZogXivx9WLJQ4vwCReY8US3k87rdwwPLdNAofayAcK
22eCFDJbKbDe4DgneUcDKdrWHZwAp2SBPg27xyhVFEvj
5BiCALtRAndna2YgJ2Z6HBL4wbKJANdNfRxVe8CibHjt
9EJ8Qbt6SQvAgyqSQFZkQZoaZj3DHDaKKkwGvZaZkQNC
57T5i8C3LxyhyszGziF7vVoDSZqju3sdAFGKse1TbA7J
94p37HpbW88Y18ou3M472L5qwHzxoZ3XEtAyCQPNW68W
683Ui8kNfFoarA1Z2vKEngg7KUmPa9jtheFnDNz8XaWQ
pWXcNdqwLJWcH56FA1h2iPtSV5ep1npqBGJknj4PLA5
4NwdPppw6uQCvHDsVnPA8SxTVokJeoJjqkAyfnXRSLvG
CZwuetbGLNVike8G6rhNs1bkeU3BvUUNqR3jbYGW3oxH
917BXBBTpVG2vkUmB7mPuhgvJ2ULy8pjarAa7twQxW2X
48EGxmD5h4VoLUZJEA6RoNezaN42uk5i7LqLkBB9xrDh
D2niespKe8wU9J1A9cA1MTHpEBvWgY6kX3Pm3qzkWow3
EEuShTSDB5eR32ogbLqWdj2AxgYTeo3BQpdGEh4i8gJS
EBKeaNkKucFKD4oPq7td3fc1YecYGjUhu77NEXsspk5o
9yUwpPoFrkUERzen2rQWzjtGuBqAkL6FQgmgBohVcdnv
9stt5wjNxxiirNyH7PX3vGfqBLG3wn5KqSXQSq1yydmC
FcFWCZ2vKNB8VLL9vEUEkbLcdVPcQ1KXHDnsuBannN8m
CU9PEX5UFh94Y1wyqPy3YeWFDfvWGfFzEGqa94YbdPkL
Cam4hAsGcibkjUDgMrXJUX6enfjCYDxmFvnyV4TY3jZi
7tP8N16g8jLpeWYAWYqt3qcPP2yMnfLyfWxFB97Pfyxm
B9p1BtF1UJgyr15HkTtx95BzzsRvErDbSbkgxYCKUUBw
d2K296FUZ7R24RD5sq28pwdp6J9W9PBeE6vz5Th2n76
HT8y4cjviUsei19zDCddXBsN3XK5E2zuvfKEpfQxADpq
Bcuf5uJczvZ5vzyHHmFZovkWcZhxri7L9CQjZ3SFM8ys
DCpc7BtEfCr4vDik16LtwwMTWn8pbKXm9BATezTRjPmS
3sfYjV9ebZoVsNrSa7TwFd7vLBFvet2QSqN6YE62YRE6
Fq8A9EofCj884eznjxrASpZ1zowvEpuv2Gwib7jPEX2N
D3XfNprHuW7zGnDUXktARzQ1MpprSqfVUmvf3AnhoKX6
HUQyV3SfvumaDoD4EdZj4sdDj1hSLk1ngmT1W7PxvGTF
6B9afrTmEJLLQpiUSFuNNNKznsUS4vpWG472kpV7ERdS
2qDEeafaCNzavbWzC23jkeaZkruXH7Z9TL7BYvuCFLvj
HVRtqPdBVaL651KCFwbypzkRsmKiqF2v1GxVypVNBoWQ
48qXR1v4dvQEW1DEfSHK1H6GTE65A7oEFTZ6MhP3YS2X
BSuksmW9Prp6goyhg5JTb9hJqPrweUuUbhJ3F8YhMRcg
G2w5qsyBrq3QsdkoYLmx2Uouj2eDZHYEyJx5cPYJxqBZ
H2vFt6vas6mQ7kPHkb22RDdyeQ2hVuTrhgy2ZFkCzLsQ
5xVvrUf96FhVoCaGLMZndaXWXNrDvQbaYLM1E5YdErsi
Hk1Pxqs4mLxYnQcJjk7TwyFm8vBPPdVtHwDUFNgGgpeE
B9q5xHSeCtukzu3t7uuzhTCKCa5UN18Lxg2jYRZzWrDK
8YMG12VmhmskMKrV8F9kNH61Cfwzuv83nQU8MQ2ueKG9
3dDw2pUKANn76Gmtx53jYcJXAU5us4XFt6JvMqq1g4HE
AUDjoBswd5NJV23F7LaRT3i4a8e4JpyLUKoEPSVz4Wmi
69cmsKrKM2jsjUX3aNQPbKKCurusRzJ27nSnNRjtRp6p
E4NkGbbgp79xNZQoXpUPB8NCxWE9R9rdtyQfqDZWghrL
D9pMi1KrDycqAZ78i5Fdh5f2yJRyofPeBnwVNYRcjCYy
3AaxTcAQ7edjQ5n5qxSDXwt2QMgRWPeR46MM9fqoNCxR
14cNqSXwCn3zQQufEdJBg9qvxKfF9SW44wmWzZy7bEch
F4RevV4shthuqo5Do5tyWVamevmszLUBzEgNf7MMD4wa
7mzMF8XFjwy9NTtSv8p3TaDYnvA6AdoUD4eB7UaUhDa1
7Qv1LzLDx887Yu6KdvoGT62ZH7HAQdixMd8SBNgaMtX
ETydUa6taWPgqNX4UaAfbnA4t5uNVvza5JkTej91Zx3U
3WdVEpMZepLAnqYxea6jtqTzUTvEtLLLCDtsskyT2AV9
GLNgvj2MWrgu1b26x6V14Mgh1XDiaL4UofPdfgZSdQ7R
G7LwMAR8qwWXw4Y74VPjmRPQVkLmVS3nUs5ZGkrP4PSP
2G7Ew7LwnGTPVcXGeATWWTE1TMddQcXa9jDQj5udAzF7
5EPfzfUrrJxfDvJJGtE6AG1E2aNsCio6H87TxVHYopw2
DfZFvpas4vHyQA3qwq2quczARturdEA7qpcRJKeHFakr
EGroxcSFnZHdDyozS4dC1HLGQ2V5vDxmtSX3m5zHtJuX
58sHQfmqnK3nvWDKoxBbPUJaU9pYVgmmdSsgK5Lgq4VD
AKSyCBigQRUY1Q6i7NmiZNRjHgPwPeo8MAQphH5BcXcV
AEgX7ZTUhfRwCdknp2eCr4mcrK7yQnquu2RWhP2fYBpT
6nPrW3tFobQDR6nbktLmRHHnXdAuNTsyEsVH6qcPqTgY
77MCDBhjx9aqLvCFUC7SU5Dq52s3e9a38Vbc1cmCmb5m
76QzzcXjwCHayrJsPe9XaA1rf4FmZbLbzfa43jWHmUaA
56SqdmB8EMq1qq1wX9L8dQEtuzJTAvQCU5n9qMLDz155
HvxTjc8udMCjXnYkBmnG1yphjx5xmMuJhWYiQxPp5Ga4
