kbtxDFxdfY4NxQ9kNAuXFJ2GuAZE95dCXQw7yeb9q11
BBiKoh5jGsvb1P1L1uN2cHJwagB4yqZ38j475FKvamuo
BMSTukA9vm2ohgiX58SPutotkNs8C7Kmcztk2zNvSRJ8
83RDmNdgxyhepfUARbrVGsyg2fENJ8muWCaYkG5mwoyD
73tF8uN3BwVzUzwETv59WNAafuEBct2zTgYbYXLggQiU
8dP7pF3UR7aRGrkgshVUjodLrjg1MQ4LrnKFqytrdan1
C9u28tV9EcKf6iqCxcQvh8M4fnxtWU27vmS3gVwwVKSm
ELmDvFy1PgTx9Eah8L18ounoP8n5TroKA3batwgwPGC2
73tF8uN3BwVzUzwETv59WNAafuEBct2zTgYbYXLggQiU
6aHUbjgrRXEu6yMrsYEmv3QM5hs92HaYRGV3tNBjawkF
MvogSQTXToXV7MS8hDbvfWGoELDtR5Z75SGMUNiUddN
7t2o1NiSMBSbVAPFUdSkzJSaaWLERVnuaLtvNyZDSkj3
FmksPwoBrN6jQLx3tnVuF8h8XfFoRmNSSS4A4pDaVJwA
ASBVi2EqdAPCDCYfSa4nTTFzduWnBN5aukzv6QJ5ZQDP
D7FG3Usyvwh2t5Dytrpfbh2nZwLY7RgMyAS19TDXCzMd
3JJwqKDx3VKcRgLMLbc3ce2KyNGupN5cTn4WKMWBezgH
AyCkeo4nPGqVmEagSspU7oN5Dmq2Lnj4kGBa9Q9nKVpX
D4K5yZR1kcvaX7ZDTUWpGoZM8gHVjC1pxB1m1vSmC5NZ
C91QVSPebG5w5SP8Wg97bqfnnNfG6j9QDuTFC5EM25jz
8zwvpgWHyeMwwF7VwvFpZMq2TLJSvXcJrcBJPbwCjpiw
J7TAyPVwtf5dXT4ftdPXQxrmxNizfqrMa6KxuyZedzuk
HUqXsBas2zF8D31GQ6AbtgfmxP3s4uuETG5uE6M1Bg7W
781GzKc6aZPcheyEhmeziGWNgJBhePtVnsRsSCvrvWTC
C6knMDMrakm7KnjdXoqeHgonUfhdmwkVYy9t6QHF9Vac
68qZUb4UviBobRWxaMJQPjGzEpVkb6xuY5k3YMfU5zCN
4MJ84srbSCz3eZJhqG93iRnf4rosLcC4R5Bpy7ZQmJco
HZfHB75yiPdkuL5aAxSbFxjp5sdwSLrQm9r9CjdZJ84t
5cShNqx2E54RJK49myPhE757RJAEgnGKcbRqPVW4nwjC
8fqtDjTBTT4uTdvivSe76vw7b2sHkegVsbVtS3LJsG5E
6hFFooosu2pnYDLUAspZqkBmoktRoZTeqG3seTAJck5q
97CaZv5Ra9pdzVcrtNF9PSZSr9bSB922n7GVC7evRAwa
97xAKp8FjyXkiYqTtYWN9ArD7KxTevzaCAo7VCcwLAsK
HFqbempFrTudgpE7mZ2U7jsxfuJcgH9DMprLKLNdPs7B
51oET2dy4vCmZ1JMGYR9hbsvsLng1vcLD6z2AZp1uq1j
BKZS9ci2HFDA72Wp3rPr9Tc8kTcKwLrBboNn1XdGpMFh
7RvtX4WGag5Ggy4oMtj2ni3oc9amEPmscdHLGvGQdZsh
7tMyU22ViPrhY14fy31bSmTsQK6rwc9q3Zbq2u5RkZis
7gXRnhYYPAiUbYCehz44qhtP5cEsC7X5kj7xCW5o8zQu
D6muPUw92CPkWwv8PaSp1vSi1Y2ebCPXgkhUNBRXQost
J8U5pY6vDAHfEq1pmX3jvtGjMt8RpFjnfVbtTP4rnpQ3
CNgwgXRXh6bkXkeErtJytGCx3esf5jtFvfEkR7USvDjs
H3AmErw6iT2yDZSTbvfwNBLSgSADFchY71gqhfTYmPMN
5Lc6KL91cF5wfDV8dbYpGHtu2A5nNLEjzfsGPRaSKzFv
GDPiX2yUZxepuvDVKfxYrN4mngqvE1zr4NG4CFj8YakH
2nU3W1aasRG81etWkmDzRa5PSfHjzzafXdQhHWzTCowE
26oJPXUNGwx25Y4r8bDwjMT65MHsfviToG7M6zksbDic
7VjbfLcWykKP3ymLFD4KsutjYvfPipVi9WBYHtuaLaap
H6ewEQKqUYhPFNBUBjKugH6MNgBzWFoJ1U5fiVvyHDnv
Bhexjg8vWtuH77iMsQstr8DPsuk85JnU944ivVA1MmxF
8bh4SCMC7vs9UDN5uPGTo5NPHLLFeeKaLVvXJt5FUSXh
4dKbzteBxRPnJLaVDyj4t8v6i6G4PX2ASr4iqyrcaZZF
63v9R24nrAM95WYcYhZjJpYchudhANCDUUwgrqnrzGF7
9x5kW2UTuJ5jNQW31WxbVAaWn5jRfNUJUq7SKCR9pQam
2mNq3AhQahJ3HiJVp7w3jVkog9Q7aSaXwYZXUhTxaNs8
2n5PbADyQXeCMztD5wnZjF3Nn2w8PmCmqSQ68TT6Q6KX
7LxmtZRVYH36aRwM1jyJLPqr1Lt7DoeGhRU7d2XNu4n9
5hE8sbLCfyH3BXr7bX2PdFWS1y4Poo25piPLHThGP8Lu
FSVxZGe2J6Kr92xdQYpP74dxd4uT5Yhbq6s7SPxJF31d
6ykYU3fWNQnoNunJKDLSVSZWCMPoajoE8EVNzKCYs9qT
86nH1NqumMS29x6obhV31NwR5mgjUVnch6QymvjuYJEA
9ej7a4re5ZsayUKYpU91q5UEakEjCwK9mFb93zDAKwUM
4z8DfUJGJ9bWjPwk1ohpF9j2QBGgc25NPzX2zRUCmvoo
7oKREfeWiprPMoBEbuA7P8qC2MrKfbCCoyN7Y4uWeMjg
BZfrVXv2chucEAJ5UjAGDnwWbjjqtCjbQQ4BWSvecRcX
G8ZT7Y7YHt9n2eDAMGXEcTfkFjXR6fgKvzJpMkyqfDun
5updUQS1RxJZyPFRyJMmVq7vYZnNZTnPUUftoorgyrZc
4eg3MW2HpGPaNk6dHj8RZ2dZhzYC4NxpRRaetFsePHa4
Dwj4zWKVznRgnm9BDSgQhbqShQbCP3ifr9gao8ZjHTjd
28tLPjFZf4K4WCjiQPnveiWAapcB7xXrbySnmgWCNtST
9rrTtcPunmFtuz9DfDXRPWYu39hJkNXHxzhHtyTzaTg1
7tMyU22ViPrhY14fy31bSmTsQK6rwc9q3Zbq2u5RkZis
H8Mf1moei3kxtAUq2kx6npQ9z9V2CpkvF9BUFTWMyFuq
6j38RXuvsh4EECWuwAAaobXmEQazpVLzgitB3UJ5s4C5
97xAKp8FjyXkiYqTtYWN9ArD7KxTevzaCAo7VCcwLAsK
HHkUmGtCWDSy9juDafQx6KoYeAqUqpZetJrLDnvDCZMX
2mSEEsrV1sQ82J1PztWQJ66GJzy5NeSDuFBozNeBqAqp
DJkt9G9JwVw6SNsiW2F3VKDeTTR3DzDNLWoms84jWnYy
9hirfejKMtGzuTScRCRPz2AHp72b7zDb3Z4YGprenAXR
4Jgc5M9mycHzuC7Wbsqr5dHqWW8zW1xygR1VqRjojQHi
4cKqqwoADnQVUAapaq1CrCwpBwbvCSohZPzB8aHooJjk
GryqvMoqZFnmTxVMduzUQt4RtCZZCTKRZwLNuL4KyKsa
7BpJb8GgFy4H8WHPBmspdwrxQqbieePTtxoEKwk1937E
2PhHTtsY3Lc8bnmfq6QcnezpqcwdKYyvkvXVzjJ75Aw4
6hyFrYJasjf848gT132t9nQMMFBtyKas2DP6Ca7uXvmb
FgKev1SSzvmVNPwg8QMTPLFqXaKthfejPw9sajPKuA1M
9amtmC9iBHKZEBbWRmnYBFD2WCmYH1rTKXwzKEBC7toN
HMpKX3wU8zbgZWufKQTpLyaamQzaN813ApwJ3vT8F192
9ej7a4re5ZsayUKYpU91q5UEakEjCwK9mFb93zDAKwUM
Pww1ohVqQrmaHKPeYwaVT5pxhQxJex3vhM4M5ocsLUu
CP5xJzHVKRe87vLcvTS8oozATSFwoDB15VtX4uaRdFfS
YzfK4rM8N6y1LSfY5KVNcCCcdq1MxuZitAmsTTqdFGZ
BgWox7nZXRRP5dghNQgia8omsmVVyUJ6QkfveZkYL1dB
8xnDiEEaExducDAizz1ZFg1cDL6F3rEiG5r3V4g1AxGQ
8kX16Yj2WBCz1sPXcimafGrutQkw3s3Swe9sR3gt3cC2
GK32a1tN9Aw9evyRafWsWJ51uUk8mVFLKv3h12y3cbEK
FGhqPQPRVyhyKUZx31b8F5HAhxYoY4ZUSizyurLUFxVd
CyJeFnjtSnVL7E8ATZYYoedHeDWhT3J4odR8fM1hWr5M
CWiXLx6juMmaq33BPXGJ1k2DPqzfDyCQWoAsUUe83CqP
EWMokxz6k2kzHQZabpygkaQqTXQfN5JyZroEjZ8ZaN9Z
Ak5NG9VGzPg6BAmcN9tzhdjhMNqpinPhDbeFFTEn3pfD
4Hsiz7q8vfBizJWsE9RViFpbAPmiH4pBHcA7ksq5JTaF
BGCgw3TEQBD1dT6sUeXSkiqPq81jL1skvTu6sGo6LDNH
AKHkfNyVwi6muUYgkaXGFnWhBx41V7UN7bCsL1ujoVfA
Dwj4zWKVznRgnm9BDSgQhbqShQbCP3ifr9gao8ZjHTjd
7PBW5ffxTpu2BP8PgR4Yf2hfj46fnG72V2bRPAsNapXY
51oET2dy4vCmZ1JMGYR9hbsvsLng1vcLD6z2AZp1uq1j
AG88dVyfRoytjBW5G4sfCCsnTa95bJCsvVtv44PhPz2G
BpebsJE75hWA1HhvKppSTGS8DkuwkEvnt1kucbR9FDwS
2nyr8ftqxhagHN9LBUXUPKMzdM5sbssdH3uCCbXMJC9g
Hew6XJcEjQAx2Pi4GWogr68dmbST24g9xtumKBqvhkdL
4gCRoE4M4yKGAV2KwkvuxeeMkv3PRkjrphNvbPNv1mhp
9cBYbGsvSU7A54fUpotvBj8dw7sMA6o4iAv8DfHd3RTy
Gekww4jN1GygRxJnPkedH4ytQ6fwJC2oV9HUDVAaSMYA
88BZsUYzV1sg1KFsEH4vEyMTNifgo6MGGbUxiS7ci9Q8
6FeDsmcDe16XRGzDeFHasDxYiTPtGJbbwLmpAqLzux1f
GPVSAZqnyKtud3pxMLy5XgcFyQhBWomGqJjPHZsDkPXC
7GetnmM4kAtyjT2aumAcPsHcJs2hfNmMQWoAW9NqpAZt
GL1Qirg7BzgLHfgL3uhd4xfp9eF4yAj1hJWGjc5WWfL1
Hs3i76nSEEWNY8369jGpFrRohhS3wC8NYxFsmc72WAsv
6tAbuy5FEAUAyZPdKymeMDExjnoFQQazfrxKqkY6SqNn
GryqvMoqZFnmTxVMduzUQt4RtCZZCTKRZwLNuL4KyKsa
5ycVUpjd4zxEpxWmAhzAt9sZgzWSbrbKDRcan8Zwu1me
8zfdGUKpemtzs2Ypb8reoN3A43o1ZkbwFCBNzpUeFeUo
AEUto3eFWHLAmmVRq3Vo2fmHXwte525jQGG6D7pN4RRd
EAzuPsCQuDDm5EyUeSS9bDbrsDrKejiRNJgLJkRvqAWz
BQLvskDDRbEJwKA1JLWWq1aYAP4R9nzCTt1ir5oGJnpw
3eucHmLaRJzL3d3rzYx94KvxcVhR4ESLo9R9hhb5Snbo
8T9EzRSj3sXEJSGE7SWjUNzghu7x1KEFhbheDCNirnZZ
GfMjKXvGs7jz4XSQziXngwW2WAcEQ734wwffvy1GQjM
HQbpXKAqSQLxdEPiV74t3bJ1ad7ta52RR3zFeDWZWZem
9s27sJtV8q2XnJRpN6nQ9vMF3AWG2MWSZDjBciHuSSaR
DpwQvzG6pj2mnEgpKH9L4uWvmGZUaEnquAUjUBAoWNx7
EZsxgTx6JXqZS34sDynrFkKD1Q64Eve7AW8FjawFfovV
EZsxgTx6JXqZS34sDynrFkKD1Q64Eve7AW8FjawFfovV
EFpipurDmX4Lgv7V5TobgR6TMnBSZv734pgcZjWNkmfr
CWadVUgoMJKB1RGXK1aF4JrePrjp5veBm4VQLvArW8UL
51oET2dy4vCmZ1JMGYR9hbsvsLng1vcLD6z2AZp1uq1j
BF5ULurZ3G9ukzL9G8qmmtseDQ3KSTffkSV5TGByGkoj
AuzBWmHGN7e3pQ6Kyc8H8bpXkBC9CHLkEzTqHGQixQGH
2n5PbADyQXeCMztD5wnZjF3Nn2w8PmCmqSQ68TT6Q6KX
Ds71T9MhUu4DB3DPM2YigYtiTqTPD75DnevgoBfgQQUY
48z8kbnt1GK1cxD97YtMLUGj4UtKD9fYSvmWKbv5q4NC
9Th829BjZzZThdmLnDv2C2PGCnxMQLReUdfVAamsmMFZ
HNKUuiFSMiCYBY3JVhfHCiZkLRAtiFkCTraso3WFZKMy
8mPwx95nG9WJf9KnoiGqWhGCnksHxyv2ReqKzDZx9eSP
CMtLwGNUnfN98t8WT5q4RaZxj8342CGVkwVmgzmaimec
82UrZrAYbRdHbGXSutsWrBSL6sNSXVS3DtgHfnTGs1bu
39YD5rZrsz8mSdtyVCfwaG2cAh5Amq4wDAgqZEtgXLRj
A1uEtUZUMJ2ZeMX4PTePcAmFN4neXhmxA7SpmrV23vu5
AsxYivuyVu6znDgnwenpLSLvkZDua4mGKxTvM2JgoeDU
4MYxCzrMbXFaRAJSUHS4TBcVpEcCshbdvjFnR87oZCre
G4yn6VjDQoRRgqKVt1fp2uei3rFHWWKA5JwWPMM4eCgT
G5XvBTuiMnQ5RWzKmiRWjrdNwddGmSBszAcNws4TLgjJ
7RY1fYBPSLhk2PJ71jdE2LWXgaEmKeJ1XdtQh2243sos
GsmrTBoALiurqDsxcMurQK9EN7pDbi2JewoDhJYH6Wxh
9TmgAawKvLBhTti619tYJnJ1qhf2ZVcZMJMAHHNKtY8y
GD9Dx84Rzr6qLJKoZqQFZn2Yzf1NyPFbQeSRZqU56f8z
G1ahFCQP6AQeFQ1mM1YHa8C2cVcggJkcvQk9nAQ98gbm
CeN2G75zcRCsw8eQXkop6WuxfmdPhwV7kaRPTSiFrZy9
7vAg7NxpWJjA9eTFneNemmB1ddsUowy7bbaDECFu4AH2
F1ecxeNmDsfELzN8hPB4aBAyS84gHrMAR1fgrm3YTFHQ
D73ZCvVocHEx6qPigNCZzVZ9JgopCJzFmVCaY3taxVZ3
383ghA9Dpg3JA6B5bmhtGmiheTyeAFCbkhDwkry89Bp4
2KNpc6PUERWUzasRka4wp7vc9iYikwHKzHZY3NQfLPGT
hF57bqov6UrfrLybHm32BmoUiKMFN4Eo3Xi1YAeRZpi
B2xHAEupwfcGLvmrJZmrsAFdC4qoQRpoExjn9uZbDZyH
2eZRR2RLQV2gqcMb5U2og8f6SZxg4Sx7z8UXrRKiYRe3
6E1m1jQfPY1bk48NyN1GMwJSmxUbS9Sqr57DyitziLWn
Dwj4zWKVznRgnm9BDSgQhbqShQbCP3ifr9gao8ZjHTjd
C95WjH7qmY2sdr5fC1PjY6vRy1WpF9ynY6kLHALZmVHe
97CaZv5Ra9pdzVcrtNF9PSZSr9bSB922n7GVC7evRAwa
EAzuPsCQuDDm5EyUeSS9bDbrsDrKejiRNJgLJkRvqAWz
Fdw9dV2ucRUtN1cbGarKgaAxFRiyx5k6stiMQjDiwEY4
GNweeVmB7D3f3h3jMsA4myGNPgqUqqVCP5WsAqhhhEFF
6qWP977HvKLis7hkZdSGgsn35yUGk5FS9SUnAgLJfojn
CKMDD7Xp4pBztCG5G2utc3kXvFqPJ17HMDPUwhLiHzhM
AnhGinUuGbYNFzSsJpwDMToDhGWHTyEwLS2ms1M1VkbM
A1uEtUZUMJ2ZeMX4PTePcAmFN4neXhmxA7SpmrV23vu5
HuQ123HYTBcHHiwpiPh8qf2aVz7a2iusS6DHckZgCJGV
2vZMdHgryKfFtRm5sDnY11FkF2SrWx2QS7MVSXZmTajF
9bnpn8HvJxrbUc1SnNjaG2Mrognf2wJqM54iPPX1BTgC
51oET2dy4vCmZ1JMGYR9hbsvsLng1vcLD6z2AZp1uq1j
ERm8djghXKQqQ7ryzNZkyeQdSom2uUYSWr4HT5NEWpvJ
2KcCvxiKiWTu9XXLMSRnNqCgvZaLfYLx4aiecPJHqjrb
3eucHmLaRJzL3d3rzYx94KvxcVhR4ESLo9R9hhb5Snbo
HuQ123HYTBcHHiwpiPh8qf2aVz7a2iusS6DHckZgCJGV
9kLsUfVj4fLDLAkYLtStxk6g1XcNB9AJDPn7xktaXFHF
4eYMboemLtNmqw5PuG8TxFVZUxN8crFJZVjrRJCz89GX
7aHJq2SKKCsKSAR2XcTBdQy7N7Ja1d8w2mkbiuhWki48
4RWeiYmT9tgQgXp2TMCEdsvBnvPr8u29Fx88Dv1AYLcq
BZXQiZwQWFkALN6aiianVV1CXKX3xJtLUUYQYgmHHqr
7b6eAwz19KGscTnfoSowcpLRiKK8g49LJ2UwUHAnGoNV
51oET2dy4vCmZ1JMGYR9hbsvsLng1vcLD6z2AZp1uq1j
BYcufhYPyrKqVVsJD1Gzf8UQL7q2wuGeLjPARXQH2vo5
E4YnbxEMtg9988ogZrG2Bgmb5FhZk3eW7irwz29TpK8g
9o1ExiHt1XPsV5LEMKJtzBMKmpv189yLp27865vEL7Ux
RTY7RjhPpDabh6ky8mQudWxWH9XLZLCRPAj2CqRN21r
8eeWesjTSLG6Hdy6GV8bwjrBCEnwY15LWTkyHtGtsUB3
6ykYU3fWNQnoNunJKDLSVSZWCMPoajoE8EVNzKCYs9qT
7N4j24qzrA5DfDq5ua4RhYN8J3yCyAJhpEMitD6zJajZ
FsPsTcVPeZYygYT1RZNzAmT2GtCC5P949oprto5iYYeb
4SwDAKnt1ntsUKHaaM19jaajo9jV9xcHjB6ehwTtjkEt
B1wHqg2kwb16bbRgitKMfyt5Y8Ciog4TiF5bQQ9XVms
Bdn9HrKu7kubPAfuNZm4QBxTxwXF1r1y8NfGQ9TxEC9u
4YxCsyisJmmJs6ZzQ2ShE24LtC5xoxcDEqmbZ5vTkEzq
94UHpi9NnLjrnhGqzmE5dA7dSvgMewUjxorwzf2wJ6DV
8w8zNnvPHSoUJN2HJibCPvZePAtuPATo891ZzPEA4Yik
3EccVmzM69WE7iN8Tra8jZDwfgUQRHQz3H4HypeoMtqP
8Ruyea8jg1fR9oDZbeThhiHH8q2Wuz7vqeMbcoAyWZ9J
f5xLoMwrBmHgyegZPf4z7RASZ42gHrL5srijHipWqRF
DZ8sN55miqWrE5o2NGuoQn4sBxVFsXXnrtgmt86vL2C4
73tF8uN3BwVzUzwETv59WNAafuEBct2zTgYbYXLggQiU
5mgVoKP2bdcU92LHvXs7b37i2pJqA82ah5YVNsvCaD2s
BBcnpuGSbDbMhZHugVRhURmfdFWkieXskLyHvqcFMsbT
FVM9uL1DndDUK1xDqmFsHWBkv4Xak4BEdzLDe8WVU5Ve
Bq8Xu7sTEHVY2TSGpQxmafaHVcRNUbBju92AucgKXmR
Gtv7eokmEs2M7Wu5yAikncMtHieTfKpNQjuvoejJqJuc
EppxE2vDF8cBrRmJ2BSYiJ1JtHcPFV48YR4NkRD36gHZ
BW25ZHsUMruFRm1FPtQdyBPpFEcFNQWzsdggY2aqLGvS
FE3YBXN4BN3acC1c1ZaqGwPfdhxfVHpePzYvWfGG9ot2
52MkSVwzy8hmT6F8jyPvg7eAary2HC6cdz4aTWk6t2xs
2R7YvqNHJA69sSVxhroZvB5hkohw7DqUM7PW6nPVq6WT
87kEqjQQ7S97WAzbbtkDxF5DM7JakX8GqJ3grPkmPnGG
7zfyHQYPJEcQhBywdXqSMfzpCsDZSBZjNzcp4LQ2PcwL
7P4Bb1pCMuYNveYhg2j445cmTRCEGp2eAAtBQUv7Jz89
AdFtVFGzJ6nc8FyUhP33o3BrMcyYJEPVMjx2TYQdAM5B
63no5EA8VuuP8M59xafCM3iqAHKGi5GLmtR6QQ5Q4A3z
13boftmqrxqPnWYCGsV3iF9HtrWzB6JwaFX1PauMzg5o
FbQ2ZHWuSdwPDMut5r1YtwkMzCMbTRtYg53dB3x73zTe
EWC6ESChdBqExhp96XPMLXR65pXP6Ftuh1pPAVws4pmk
CDLQdm5Y6N9z75vEBv9Tyhguic9gFhJUV7nB3jnJNxAm
4k9aBR4iEG4VnZqZ8kuuPoh7NhAymsnAyr8UvyLuwwFG
7RZeCmRg2a2EVF6o8EZq9p5FSD4ZJQaziJQNw22GxD1Y
FryJS4Ynb1kAMfZ3U2xBiajSkkWiaxo9fWULZxzgQ5P6
Cyc13EoozWsKWeF9xbTwZWkYTeNcrB6VeyhYEpbe4dS4
GyrzWsvsPYmnJ2ZSpxu6tJvFZR3q2jixuCgBJsdtm9kA
7P4Bb1pCMuYNveYhg2j445cmTRCEGp2eAAtBQUv7Jz89
5n8qhJjgvCjiK8DhttDMQoAq8FNJgtQe3cCZp9PjsNB
EWC6ESChdBqExhp96XPMLXR65pXP6Ftuh1pPAVws4pmk
3wUyqwgaVsMEZ56QEpnRhFAhzhE1icTXbU9XbXPUHBF3
3bDeiqroEHSuWM5AenRNDevoNWpC1FtWvdxdfRt6D4Hg
DPXX4QHgQtdcb5ggiWjiuwGB2YyNwDjq3pBdAXXCJ9RB
9HzUKtgzCk52nq9EF3nemoeijVjokKgepgoC8pT4ta5c
J5GywijGUUQuK7U6sdXEsh44TYbk4TkV7nQixc4T35b7
rxuqLTYAC5quzjBUcUftK8mzhwGGFNByRvDf3A9oQSH
FJ5hcKnacavLz9geNZDRyDXdUvZHJBVnn5RLLy3sRtra
2n5PbADyQXeCMztD5wnZjF3Nn2w8PmCmqSQ68TT6Q6KX
3oMZG29qio4WG2avxmoviVK95h2kEgyFp8ZjU4LDyjsX
BFq5hx3ts9A8vTq6d1ZUa2S9zZxnR1Bi48xFB1VWbxAC
8zfdGUKpemtzs2Ypb8reoN3A43o1ZkbwFCBNzpUeFeUo
BnsHMiaLQberG48nKUsR5qdV52rWrB9jV8DJ4sQzGcDY
AN8j4mHWAX9dMKAKFJiVPFv6hL4cCq7Xun1wnsXV1BiH
C5GvQ1DLsMpmvuA4nmGYfBJAKQiwvRvvsUZxPN6VQAex
64s6KrSXAqKrHUiiAtEXu1YXarPgVG9FQrXRNe9Yb9Bh
9a9MbNApKGJa14zyrVawWuKRELUjyHjyMALuXEJt1LVP
4tR3CkyDUzQUy1YPvbL8niQEjxwYaDNbh4X62fWXeBfJ
2mW3h1pgf9FRyZ24tHjR8xGAa46UCmz9CXg1U4cjFNC1
5C9tu7uVVvPj7ji9K8hDSNsYSpc5cLgbP3W1QxfW9n6U
5BLyNW5zDfahBpoPp9JYqXTRWxJEm9j4FVFWLKxAXEDg
EbfwUQoMi8vJ1HZNCnotLH59xYpbPSqjAufDyZWqaTsF
51oET2dy4vCmZ1JMGYR9hbsvsLng1vcLD6z2AZp1uq1j
9NwexLP7iBc66dsHdnny95cMkcZTtTWgpLRqFvKMYZwQ
5WwGBMUxYefqY1B8M19VMtcaJaZR453PpAP2YDED4U4J
Hp8BiimgpZHTNbQQPp2TdyDu3SaJZUpn3pv8rHCPtEEG
2Knz5oKP4VsjF9PkA7WCyZWZsBig6zZMcp9FH6aRLwjP
FDE5mgtoDZLAxbaZbDwvkrt9QKNRCt17pzscLdKAPCvR
BenBVGSYGPfPqy4JD8zr1J3FYMC3dTMu8DMxUxGmPvx2
CyJeFnjtSnVL7E8ATZYYoedHeDWhT3J4odR8fM1hWr5M
5tgZmrCGPTFsQcsb8zswLfrGuYiLp1LTuNPBvfrQb2Yy
x9b3DNvKkLMNuaVkP9Y3w6nfdki3VPTYb9R2v7fWfea
E67tCsW6qLxuVuzb6fGQc3VPAt2wwHA6VSwtUDHz95GR
9Z9Z5SauStsWfVrb6QPHWxay8BJLGuNgdU4SwisTURCX
XFGVjd4PJp8km9qQgtmLQV7N5dCSum9KxRrPhdRQzZ2
8zfdGUKpemtzs2Ypb8reoN3A43o1ZkbwFCBNzpUeFeUo
Hofab1sc8BVC5LwPZeRqbdniBm5ypX3kWjeRUQKTXd9h
cXqFkCF4gaT9vAcZYMgwLXmmuD5w4hwgxT8YXE8JuBw
AwgVoyFwAwB8vH4KnsRCGdfuaCoVHmmrT7okuLJv38dT
AAeJJKJM68QBybzppV3nVdNrR4B8H8Vrfah5uZTs6HGM
3eucHmLaRJzL3d3rzYx94KvxcVhR4ESLo9R9hhb5Snbo
CyJeFnjtSnVL7E8ATZYYoedHeDWhT3J4odR8fM1hWr5M
Gy3kEJ5jeyFPMPpCuuJivAR3gbPLmsBHU8bE1XVQMc6T
EczHAfEajWAwvFQ6t8ns9rqxCr5XQMqqfbZxBBJBZByh
FJ5hcKnacavLz9geNZDRyDXdUvZHJBVnn5RLLy3sRtra
6aVxAU2nNjSUmDkSy5zgavKcZNKGov3xhi6tUPLnULLp
4WMY5TfBAwg6oubTVh4WiaEPPiitbxMCJknUbewcd8ae
98Ua49smTudbsk6aJ3nXqbuoWaxzaEVLfgFF27xEYx8c
GYNT1qUj9Ew45WpHaVZqGSz7R97ve2EjJEEfTcNVrJvQ
ENaitWuQShMrtnPhATzdnZSEKDo44o3RQm7EyScDAKaz
3eucHmLaRJzL3d3rzYx94KvxcVhR4ESLo9R9hhb5Snbo
ZxxZVFjpJbXgcavsPprNDoFS7UvV3qCh3UmZdovLYMF
3A12BaejhfnW6q2uAHa1pcADTGyiAytJVFyY7Me86ZTR
96cLzjzHm74NfgybTci9tC5r3KWnpj7ZzZXiUCT1xfr4
HHfTwcRjRnKnegJan4TbrV3eahPMVrqUtkYPvJKPdovS
HSRk2kFqLUPs1Zz3HCDYT7fMc4CfiNxzncZSgVadmkwS
EWC6ESChdBqExhp96XPMLXR65pXP6Ftuh1pPAVws4pmk
3wn7frwsT86T8ovtYaujWMYrgtaRyboR9HQmJ2JQUQWU
7HmXM4JeUzHW3oDr6RQBxnokuLo3QyD1opcb2LqV7Tpp
wCeVca7Ry9B4eKJb2JeA3Q1KkyFUCdhvdWmEC8mBcEd
5NeRMVmKVGEzsKS3MqiVS9iJb54hxGVNs96eAhz3afH3
3C6Aa7WumUkMSwpTQMf7oPmviimo1MZY31BNSqo66Uzn
8kX16Yj2WBCz1sPXcimafGrutQkw3s3Swe9sR3gt3cC2
4ks8jvtHN8JoWJME2KrPRi54XzDbKeiKXmb3Qy19naip
45nb485LKf1pEhsTab34JnbBb3wXnAAP3xh98xdzP8Zc
2nVoRcsYDSD57Ph6Y3GZCWUNAWFuBox42ttP6k9F2z6V
54Mo68jPMSBhszCC8dUA8hJEpQxfjGFyCcTFGDJcTbvX
Gpe5fe5Rzrh4kTQn7g28S7f3xctjs9DzseXi33FTMYAh
4vjgcVc9ThGiT152pHfJpEA29XMiPQaH3dmpjE4pSLQP
HGyxAmkMVfes2DD5op8uusmGewNyX2xV5eK2c2TEscJZ
SqSri3CM7V1GLSoKJJbePSt7UqGpEpiwmhnsJjsf763
ximSvEUYomiBK8XNr7kT8JhXyansRAb8LAwBWAjQRJw
H1qs1phjLjWPyDmdeNS7JM1piwtnxLEd5jkBYJn5uLUc
92JnT9ktvUSqU18U4NC5TAcNA2ASc3bwaCmaf2FXHUR8
2KcCvxiKiWTu9XXLMSRnNqCgvZaLfYLx4aiecPJHqjrb
Cm8cYtgtfyULCzisqUnMg68aqqi12PGZScouQfJRfrG3
CGqyDdLVve1Ws8xLQbxB5spzBhsCVkLw7PzcMrwATiwW
5EcLUki9LDfMnTP63BMyxizRbyjVQQgj6HhEAPQceMHn
6ve3jPaGtDofMjest2QckvY3kRynYTobADEmeoZgvaEJ
73tF8uN3BwVzUzwETv59WNAafuEBct2zTgYbYXLggQiU
9nF2vqusHupTTNgw3quL4f3jorvPdJ8VBPv3Uw1xt3Mv
51oET2dy4vCmZ1JMGYR9hbsvsLng1vcLD6z2AZp1uq1j
3LNuK6FG25apvTBzC7opVXjHDmEh1xztA5h8sxBejnQY
3VWia87hNkxgg51heFc9z1GtZdmSuC63RGtFe98Nnsbb
9vff2J53NvedyFvVrAcMwqRaxcQoAYnGPMFBboMRyS7b
G8RtxPyG2pdrAhrNRMgg7Hia8imCofdCYxvyWiNG14hx
4eFnesqWFWAHtXbXMSJgYkCv6VX2xfDfXSHn8QrMfZv7
9ZWCXsiLeiaRCRmtnZh74Gityi3s88Nfmoo5LbKQncsK
54Mo68jPMSBhszCC8dUA8hJEpQxfjGFyCcTFGDJcTbvX
G4yn6VjDQoRRgqKVt1fp2uei3rFHWWKA5JwWPMM4eCgT
961La22VGQ67stUvUMWpRhp3dRma8vPvTkySkSspVYiD
Evt92DJQS2a7UNRJp75J6dFB2WkiZ2nPHHsLMXrDs8jr
2n5PbADyQXeCMztD5wnZjF3Nn2w8PmCmqSQ68TT6Q6KX
5BJiM83DNAJ3XBdRT2APqqy26HS7Q12EUXHjA5De2Ftw
97gX1w966KwzcUdduZ8WkJm9u6kErjLTEq8U6C5GwjSL
E3eXQvVkwaupikcjUXCrxUwJiBmQx9MFvF6RtvEoSxo4
8cC6S7KYY82sf5cGjoDjpUogtZ5TB2EPuapEvfiKqCtf
GWuAeuRDpAwKDxnVEDRW3hYn87dw8K91ZLrhhZUCftnM
6BCYUsacFYEd5VeD4hEW2oqXP1pM2g5RGoffXGBDe7RV
8brgWjumuh93LUQ3RD64gWYY6DD5ZH8cjX72JzBwSzwA
4cKqqwoADnQVUAapaq1CrCwpBwbvCSohZPzB8aHooJjk
FWtbSUVSFWRipvFJ9R1pfbzfvVKRcwMBudRvoncXg9BH
DajLww9JAzbHx6VNacZZWYKQfUukB9bibGRcwwHs7e3P
HFqbempFrTudgpE7mZ2U7jsxfuJcgH9DMprLKLNdPs7B
2PhHTtsY3Lc8bnmfq6QcnezpqcwdKYyvkvXVzjJ75Aw4
5LYXHjnRLtMriJXxSixEz1pn1e4gYAQNK3kZNtqgpHna
7KbmFStnBVAUB1NRKuNFdhzXtj3mfAT4jHLXoFvFFSaS
2UXPd2WtjS9FzskPx59gVce2r6G3gfSPP5w4RjbSEfwV
GD9Dx84Rzr6qLJKoZqQFZn2Yzf1NyPFbQeSRZqU56f8z
FR5jyVdAXQKg6PsbLAASXWxmRpJr9DvCyou8kTaEJ7xR
9fahkUnGgcy9fFpp7oQxHY2DWFzpZcrKYs29sk3sGrcv
CzBuPFMJQbPLw6k3B7z7KNBwMWfJZZKTFBYZLhYB27N1
H5WxquTYLw5hEVcGZs16oFaT69ShkFCKe7TXpbn9kADm
6hjoKQD5wPFF7RjTjDMLEGLZFM7NZU8uNSJpx9gNFUU5
GxuSFHonL3fBzBy9WiLrQERFTs3PdQxQCz7St3zpJvVQ
B2BBBHRthcSzTZPcuJrNcXvSA5Z2wXUi9ZoU1a7aVtcj
9bpHT3xhYrFqhKogEqxkqCJJqR585oirqvX9D6uAWzUX
5awsmonFXxL4xCNQTYVgw8zGWXEzAcoTbirxYEYqxwh3
6iNFKxsD7dNjoxykP48BZSb27DJm7piHuQquxDrrv67x
BgDvK87FXkH8mS1j1YQNaBcpJpph2asbw9EFcbLD6cS2
CYVikdfqKK1SmPasR93k1p6CntrmqGW4YcoSYQQ2TeVp
4MGLKGy7D2E45Me2AVXf8jYBWDRKFJx41WQWdf7bXpBH
BK8PNVo1XbKkyS3f3BHPbHDNhxKtbSadVquP9v3m5cRT
2fesvz95r896EUAhQ4yfUGAbR6X1WDsLLe52zaQoYiaK
4u5xuP7vCbT44uogw6zKfe1YTycwCBvww3Uo3oZaNEvQ
CucFY616nTCZy82ZuEp8WW4ZwZ6nyBDuuN8dY9bC8etT
9vff2J53NvedyFvVrAcMwqRaxcQoAYnGPMFBboMRyS7b
7YYZPyjjUtJrqi65DcgSXQ7Y1qjYfkCR2G2Q5dqDfv5Z
E6BdoEi3My25cnxbW39kHPq1Wo1pnqU3GX6QQP57XajV
4PQMcbeL1FVLQEptoQHkihDryAw8r35PDBSvxeGpqDz5
AgPhAsvcwPfT8bcAQxfyvymHdS9enkCzHDZP67ihS5YM
6DNn4M9Sm4Tt6qTXCjmmeMJ2QBqeQAwSXwKBEHDVYhAm
7H9QhDYLuaYuR1anmEaXCdAuEM5JKkpDPErnGrcHSfN4
8mfSvKNsNfV1XFkZVJV7YV3igWdCJuJefV8GimBKvZsn
GpxVZSQiDpiRXsLTtiSAtVdd8V2KRyv9hx9Hzwr6kHUi
73tF8uN3BwVzUzwETv59WNAafuEBct2zTgYbYXLggQiU
Fni7b9HLdAL1fPNHLYzQxAyZYN1y7MVKmjxhn8QnyMWH
B4rgw12B8zqseHTtDMSDR9Ad8Qsk1Qj35xx63wAkMYV
FSVxZGe2J6Kr92xdQYpP74dxd4uT5Yhbq6s7SPxJF31d
24FmjG8Luc1cTcyDpC4uT5NahaKH8N5nr8M4AroYMPyo
8bh4SCMC7vs9UDN5uPGTo5NPHLLFeeKaLVvXJt5FUSXh
2KcCvxiKiWTu9XXLMSRnNqCgvZaLfYLx4aiecPJHqjrb
ecK4tn8zXaLFDRVcxVC5dT1ar4cB6qQZ6xtnp7sfhDD
HCeV4WprXuh8F6HxYAVHSrNaeK17jpQuDnCnKCyTsoiQ
3PhaCgeZ2QPySoRhCkVcxY7joms6etYQMtDxsA9VZ7Wi
91Wuqdn5v3RW6E78XiZs1zdkYg8Xdop9LDcsp7Yefkt7
Mxe7R36xxFThVHvPGvgYPSpsiEnCByQQ2dUfvaq67di
3LUQQErJAKezkLKMhXdmMmd4oYMm2Z12KFgwpRP9sWQk
EkHsWj67nEwZKZk8RQsVqn4t9vv5VgLyArLnSo4cvVCG
3vPa8W5NTb7TZB68LFvpBWvASJt5sT2WGbeE1UBLyWTg
36gcs1H3WUBceFvbbv4bH6EpUyE6C3MWWmCZFU46META
F4tGN8wUQKh6HBCxu7nVSVASgXKsbaCn7ofSmoy6DBsQ
8xnDiEEaExducDAizz1ZFg1cDL6F3rEiG5r3V4g1AxGQ
82xUQ3gpCw7LkijbMUnB1XMu5DcQLUjBwDKwG1v7aV9q
cDEbxoJpUnj2PBQ6YPADz8X2gmgHMXXLCkha2DWBcv5
k8APHEghNvUvRED7fvRKKiVsRxpjPrRqpovPPBzwGTB
3zAH8eadJGKMdGzap4tgEGvonS6oZScPdyU1bto2ummk
GNSJ9xpHiLcTNEhFWvSqS9JXiQ9mRKNfGvr7QKmRCoAF
AMnL53CPuiU2GeuGXE6kVj4s7zahgodv2p11tnT57jCC
ERm8djghXKQqQ7ryzNZkyeQdSom2uUYSWr4HT5NEWpvJ
9jdLQ1QyC43uHFhZVB7cYLyH8EdKyF9dbXurbmXGUXJU
D33AVStLgB922CBBtPnfdzvrZSRFzoghJvSL1ckPnPzw
14TJ82sAjiw2A8rTqGiBeseHp23RZqf3yZ5PovWSb2jS
Q56YEQcJcVqgxAnzyLhvS9sbDF5ZhLy46imB4jAve6V
6WSGcP7XMavdokAXj73xhUUaUrwvAgM2tTfQDEYCxpUW
45nb485LKf1pEhsTab34JnbBb3wXnAAP3xh98xdzP8Zc
3Rx7mjqk8MXhtjSX6k4kE4iwFvmi1zvW9rvhhigoYtPG
CHZKVvLFfyK5pDe8vcmPwfhStvJzrJrT6EoXXMdkFdCt
C2CHySFWFWJF21eZKw82DyDtFJWqj9ET1czUNAF18a6
3Gjhr3N4rq2BCwemcBAVdSxKHdpqBfLdpBVdrnXm3su5
3nFUHFyVTDmnyePhLtCkt4cHVSfHCWU6HxsgB65f7c3Y
66oqNbfDhAAzaw8iYc69z8ZtMUHCnixUgrpo9599GtB3
DsNPDzGQM8caGNNYBWJ8YvdUyPi54SemYEsXUZQAJFQQ
3HjJoQND4bDHzLELH159pNpBPoSnKRx4ZGwzxoSv3BYg
6CdEZRzvqHZxSfgjdyah1fYVDSynW9w3TqoyBkxoMuXH
4iyrFcX4gZq2qph8DAvkPp5NEFdfEV124uHivUJgiwKx
Goxdxssq5wh3uVEKgupfLZmzukLQVHn6nynD4dZ6p1uF
32K7zC7TuE6NizZabfbRrVotEV5ctaeReazH2MJdeARs
284vseTBGMuyxGGTXXpNPRjaSDxBJomXpNU8R9J6uqDG
EXP4u9nrkF47uGs1ryEzNs6SbNsyriwcQ9a8dKNzzmBi
GNisgcTZZ2WS5PFAEkVUbFso3wNe22cjhmZiEjGcqeHD
6DNn4M9Sm4Tt6qTXCjmmeMJ2QBqeQAwSXwKBEHDVYhAm
