3L6ffS5Pnn8saDvq2CfzXcr4iVWD6ggGjx7RQMG3GAJf
J8vxiR8o4NvY8wcR46iuSpSAjXhBwGCgrbo5LWA3corc
HtK7LKZgueEZGnHDAcpNU9wF7FwxHQXXz1PrfeQPtg4q
DH1uBkBWyXPtbeHji1f9vr2S8F5i7xsUF3tTzvhsT2dT
97xAKp8FjyXkiYqTtYWN9ArD7KxTevzaCAo7VCcwLAsK
Ci25WjrikU27LC2DwuAddmaH873GitAWp6dgNPUVax8U
8fqtDjTBTT4uTdvivSe76vw7b2sHkegVsbVtS3LJsG5E
7zfyHQYPJEcQhBywdXqSMfzpCsDZSBZjNzcp4LQ2PcwL
8csRVd4c6KK144uQy67EkM88meN3ArBsC8mJzyAEQeYD
FDJT2n4m69HcXXcFZ8ZVa1AMNpsQCq5QjUJDw49Bx4Ch
7QycDRDkkHxLXjr7fvu2YnyAfbNc9MfaqA3NGQLWZ4s2
38YhZS5jzkEBNZVEnPUHi2hr6YFaotZJZSUQf1emFUY6
9nF2vqusHupTTNgw3quL4f3jorvPdJ8VBPv3Uw1xt3Mv
Cb5xVcNR16KA2DENLhCCxgHKoXvFgLeVAGToGF4mDeFD
B6vnUveAL1t6uVSuHMXYfnJ2jksTVk5dMmQe4UQ5bop1
DnCqNdc2vHLAq8abiRz51DDLty2hy89v2CS9DHdMdSWu
DunE4C1QtiEeF63wFdKz75nVt367pz11teJTDFv6bJuw
8Nj7AC1oPcx2oC7Njihwp9Ee3Aez787kvww3sX3Bdox2
4LBUPX7zfGzqdho666K4ueu9kipXkQFoCpNCYmQwdVmi
GnE9WqfQ3d8W3QHR4Fn7v6BMA6SJh5u2YR7ow8LiyDAF
3p7MS9H9jfENRU4QPsixzyhuw8yurWnFfsmoFBYxkNSD
APbnaMh5jXT91pevLBenckSwNjEdnXCxvnpyUt3W8iZx
5wcyw2KsaCSSXaDocVzV8Yz9yHNG1E8TajEoeoBqiENL
9EA2P2FerQqzUV7s167v9fxRaegRHrFna18PmpJZQ8GS
52s8BaMAZCAbK7HnNcQ7RzeG2G1pN9kHohkV2ujCngim
7o4NoA1g1asZzi8D4fRPjVuDR6YkKGhLRwVbEFfmRWX7
D33AVStLgB922CBBtPnfdzvrZSRFzoghJvSL1ckPnPzw
B8hFqwrfoYKSMemjvE51SaguLuu21NzbxsFS8pPJmAdp
BUdpRNTSxyZZXtecMuBU7eB2x7RrwHZDPzGGUwiZwZUo
55jkhMXpXqjnWu2vuVS4YPPEnCiKcQdEKZKso8TDNS8s
6gsrs8cSWoZm8zxHanLixEBAMcZ9xjiWMS2h3MRUkAvy
8JryyELBLWiJP7xoW81q2Cff22aKh5AbGhnEttQxRrEq
Ef8GfhWVMZzEzrqFkW9L8Haw6PmhGrcrokapfegDA9e2
Gaw5HBXFe2W9uepHQ8ehGpHQ6eqEvAswdt9BHzPnet69
C6WmdDdWMA2LK6Xw47QKufq6ze5pEsEc35vSpU6wWcyv
8vNmWqVA5n3v1R3bYDFKHMSNMC4CASEPuC2fTn2Db3jp
EczHAfEajWAwvFQ6t8ns9rqxCr5XQMqqfbZxBBJBZByh
2hngJ78u3nj3r9a5bcwNGntGPs6MVMcQrqpQMm929YgK
9ej7a4re5ZsayUKYpU91q5UEakEjCwK9mFb93zDAKwUM
6ygk428uaLYS75LxoTbikJSx8yXJ9BQzjeWQUu8ehymR
3Q7BfxTo3h4AFnMqvFFrdtfcBJ6nCX5AUN7ihUhpPXbY
Fg35Vg6TPBRe4jn96GrKmAGPs9hrX6aewpg5DVjt6gXU
2Knz5oKP4VsjF9PkA7WCyZWZsBig6zZMcp9FH6aRLwjP
5g9P9YJNPxRMTZtWTPyRkUmdvaVae4MVjhr1ZHmHYbRH
2YCagYpRQAbRcPXHzV9Begu4w6VnWz4amVPwhcgMfC2u
42aV5YbqVnHvAyARkHpU5s7CwCbJt3qBv2BzbUvcuuVb
781GzKc6aZPcheyEhmeziGWNgJBhePtVnsRsSCvrvWTC
3Kx42dgP4mnr8Lnw58rdccNfMXCP3au91WTCJt2GX3VX
AqwcN2rVLNx6Qx4tp4rxgtFPsXMrE7QWRbD72BbeApjb
FryJS4Ynb1kAMfZ3U2xBiajSkkWiaxo9fWULZxzgQ5P6
C9u28tV9EcKf6iqCxcQvh8M4fnxtWU27vmS3gVwwVKSm
CBuxRb1zie1iX7YEpjUa4B2Sp9EBFAFsbRSxPyGGfFyC
5sQ7hzMpqscY1JYkzHdf9kPwY1xGPoJ88kLoVqb6V9ss
DnCqNdc2vHLAq8abiRz51DDLty2hy89v2CS9DHdMdSWu
FGeQoJHQuKTAx3h8PkZFsBjWUcG2yZ7DcArpFuKkejbg
8kX16Yj2WBCz1sPXcimafGrutQkw3s3Swe9sR3gt3cC2
8mfSvKNsNfV1XFkZVJV7YV3igWdCJuJefV8GimBKvZsn
GCJxBzQY26nz1TXdrNVESHEvQLdTMWGttr71Fq3LgGvW
EPhWVVFfyu2UbmowFUqqg7Htq2dt8rRjvDhq7mSLmKq1
HqMt3nDJwTMskXzAYKK4C3E7jYUtXNE9h4jYcr1CSyo6
9ej7a4re5ZsayUKYpU91q5UEakEjCwK9mFb93zDAKwUM
91briqxf1kWBeVfqGvcytwm2omo6CEDCpeSF6NwFx2w8
D4K5yZR1kcvaX7ZDTUWpGoZM8gHVjC1pxB1m1vSmC5NZ
BWvCdQ4Tipnj5D2reWSi4Gx2DwifFqwErvRpgMDgBAYV
EWZPy7AYvvv9yCTWRAGMCxQauLM84eNRBsdSZpBML7Pv
2F3pCR6Ju413NwpsC1knkXUu5WEZCYCJfN21yGcWwUZU
