GtsGqCm4Zuy72Fx8zZdmhWR1rXfD1gLSsuhG6og7ev8b
3eucHmLaRJzL3d3rzYx94KvxcVhR4ESLo9R9hhb5Snbo
4Yk2xt8GPwntdgkY9uoWQQmbmrgmK9CT4mVLrrFrvsJt
HkeaBPBkXnodhLGr3A7M8ZSYNV7nfyJs5YBixvL7raHY
B5oCkvAuTiA25bZbLFzGNPNx5Pj6sD6XBRXvucWxdEhp
FaJyyFuhWWngjU31Px8z1h1hnowj3hXCDnvFXuLfVtGU
Dqw9ywsAz6yvvFFXh3qjAzM2M3hGxGUnh2Tyx55pf9ZK
9vTVgL5yTaRSj1QThL3jViVdwZTiwvPzqsFs4eHdjZjf
D5dJ64JR2WZhKeLCC1tEkkjiQZ7Uo77NMDCaQAmGqtLi
8j3M3KYvBgF9oTDVDqieLo3zRxgQ5vDHsfJPAs2TKbb4
EkHsWj67nEwZKZk8RQsVqn4t9vv5VgLyArLnSo4cvVCG
BVFTQzEas8kMPkcugksaTTuLnQJ8ESxtLryk4ngdyvjU
7BEgnmvPk5kDhc2qeK86GozqqEvmWXcpQH2oDAoJ9fcR
2n5PbADyQXeCMztD5wnZjF3Nn2w8PmCmqSQ68TT6Q6KX
UDgkXzdnpRqT1adpbeRy1LULVjxY6NTWeVRTG5ZFWzR
FBkdDE9fbQobTccnZr2XDqrpeevmeChEiPLC5ABXUXfE
DskiBpGg3o96hQbRmaBJTnsnLuUMwUVpbmPFWN6WbqA3
kbtxDFxdfY4NxQ9kNAuXFJ2GuAZE95dCXQw7yeb9q11
3hXsHKQBfG7XNDa3J9jzzaG4j3J67HfSYC6qHuzhNX3y
6f4C4XpfdZZreQKKoqZALZy3kv4TsJFRksHPMwq5sVUD
51oET2dy4vCmZ1JMGYR9hbsvsLng1vcLD6z2AZp1uq1j
8fYbjVT745fkPJStJvpReCLzmKnwP4J7sVsad8cs3h3Z
GWuAeuRDpAwKDxnVEDRW3hYn87dw8K91ZLrhhZUCftnM
CTukU5WkHZAAwxpicJw9zMaKmUpYBPttWeZKsdhdgint
BBcnpuGSbDbMhZHugVRhURmfdFWkieXskLyHvqcFMsbT
3xQRLYZfKKe4qijb2NKzQ3YKS7eLS5svvRTnGzdyRGD2
9nAweMw4WLsp8qdjUQwDrJRW843VUdvWQ9WwC3wsUkU6
31MnUxA5f5rvvejAs84Q8gakrb7SDMfP6oxFGHPXbfeQ
BfsMcbgpi1bh49U21LS4MQdkH2sB4WHT1kXMV4cWwqya
8NpGE1BQArTkDM2YNvRXpZbVPwPZmcBLVzNExR61hcT2
HHkUmGtCWDSy9juDafQx6KoYeAqUqpZetJrLDnvDCZMX
B5wGRziAmbZ6NMGwatX7s3rp9tWzDL3fEJojQwh1JREe
9ymwqm6YBPkvFdHG6roafpS3scTPTrC4GYCot1hMv1ye
EuRZctGgW49y8R9CJdBcicdtV2xHrEDcXGkBoQPbazBQ
BtbxfyPx5v82dcKYZTU73Nww9esX1T31t9TPjSw4LuXp
E5aGCgnhBDQ9aoPZkAMxgMR1FkruzxtBFeEyM4EJwKD4
HcR2HzRGZLR1tsvyxTT1y6oT1Lv1GsAdpHDFG8JdvKH7
