D9eGQuGr5Vqzrfe3Tam4DiyGSB4FqQpjZKtt6jjXrXXd
6NTXnjC78NAz3GkZrMqoFh2iqWWYYyHWAexcapNbNGak
2CkcdBu9b7yGUEtpqG8opZBaRWHkkaeJWwC3ev5s9wUA
8TaTef3StEGUoqy3bbuDGDkKci9ykonmPQQZxc4PEyze
FjyefDZhpDwYsDaLWAKAEzeWG2QVmktkGhgKyKBVRLeC
3GvH7Ywi5s4v8CHVTxL1KYreKtLj7mkVcRWgBCsURgiB
5Yb5eQ3x2zzX3cohrLN1rXhWQWFHF2JyeZAcYjTSwaVB
HzxaWeuCcMfCHNGzC9G7NmMP5sD8ZdVVq6Gv4sSWjoFU
HaYoAbfFQFjPMFVnyQJ1S6VNfbVr6fZry9iBfq6R89zr
6Bjm7X9Em9ewQ3xWvZuVdaR79j3SwywsgXoXCdPbS4Hq
6zysxQATjp7dV7RkV9fygChr4v75asac2nBjyrYAxpkj
95A614cbEKrQpYTUvL368dJFkdcBCe393ZQvj98WUPiA
HnndQDDxddkX3YekZokWjPB3rh5ntdRu9s2HGTEx3dna
7ztirfkouEaN5kMKYESiLd5jxzhbiPc4ZfHgfaRhaUnr
BbQbasLanfoCYQoCreB8HoiaxSAJeTtZAyEfyfkgnZtR
8kw5NZ6QBtco6QLsjq1qLTWyuoGBxb5B6gW7VGCHv565
6iGditMCoTBvc4FtMyFkykKDNsZZXTn4mVKRUgmNfQti
6r39N14HW1jiWHhUouMVQYjg7skVoT5743vZi81qRobD
9k4qfodzE3mawzi8mgSZsjbDvkSn8zveq1J14uox85vz
C1BdaS35wUfkHyPtrvnVvz1NxTnnS6oV1qRfZfMzZymV
CDFXvKA76Ty5b16BzTFHv3QnxuY4xY5rFVh5qQKihgt9
8zfBiymnBrV4qQG8Ti1oEZw4SWNyyvgN8Q36TNHHsY9C
BDpPvGZckcivV6T7JBRrdk9FWvZProhrzKrJCScpG8AL
6DcZgXK6TU3SS5En77f4QHZ73LpPT7X3eSexeQwBzs9Z
Cg2TDEJcbCwBHSsaxg49Gh82raHkaWUfYP2WfW4gQZ2X
9zDHgiVEBiXEFCnTVtBhgU8991q6hJaPmY3GPwR5N6UL
DG9Nj1iggTT1LToVxAPsNyHcngLayCiRqdBhUVLxztrT
5YnnjypqbdXJkGxa9CJvjXVxY6wkpqRybaLvFwdFKk64
FcEMiGBxwcoWGZUaUeygQv2RpmD358GkuNEr8uNF77YZ
8Lz5yuhgKG9sYcKG1cAEs2X9xCbrP8NAPvv1VEndkF31
52SwvATG9hbPgWrxJV3jYsbrT8nkt9aS4VqJ8ZAetSWM
F4FScYUZ7zVmpiuxuc1aqSvPYNVTyowHDAiGmha4M2dh
CUmbBAxcUKcBFQrzbj94LUmqJ6SPHrrJnG78cbZvDdU7
CCJvni6jqZe4B4Tzpb51nfa3zGM7M4vvjtftp1ojHDQG
9uvhVtWYkAjwdH2EymCY6SaCHdCYc8BB5kGPsNMrq7iT
CQKs8vvKwa6kTf49MQDy2anUY7SEPmLg3kgFPwXhcS5e
FDEjM5y7nNXbvSaqasbfocFw6ez85MdMT3JePdJaL83k
