44KDpoa99y8JPdGPy9eW7hEPKL8XPjphQR7YaJgv4MGs
BCDXwTqTr49ZpH3dGNJT9jAycStd6DgTG2jh7fktKWr3
5x4ZvnQYRqhyJy2wEgoJFSV9DDxHmmzzEMgmZkyPPcUF
CPRQoaxDcxcpwimidJyUnxQRZujLDK1BAdh5yvX1SRPd
GK5A6j7HXQ4LjbgDX1sYoLqq1w5xogQxaFqFPUQ5ChJk
HsT4UrtfKfV37HkhbRYEzgZW4C6h636UpLjMjVcCC5w3
5TgjeemhGorrvfebF19iJACvYoMzbK6EbwWhcYLeHVdN
BzPdXihPuVqsjdQWXBBd4sAqA5Zf3moQCvoTBd6QLJuC
7tTfREC2nW5iGS45M3r8goa3dnj8AVmduQ5Az4svuvXe
BESCnXWrtNz18Y8y99t57SvoctN6yxbbamHovHWLcqtZ
84Bhz7t3pYaQpSSV7bzBYEhRbwxnN1vcQgtGCdhNEPFW
CSdxKz77n3oVMjHvRiecDRLMjps99WeTL6Zaxv7hPjRb
JDpfVyQPRDgcdEdf3R2CEjQpE6aXd152Us3ZR9PeNDv9
7n7FRq8sEqrNqdHw57BXiCUG8j3yHF6LpWxu1oiALH7H
3eh8U4G6VEMHFuEgx5UPrZgm8B4W1SGQvNzvh9VwowPB
3uyspf4tfeNwi8jGkGrTnLPrKPcHPEYsiygKRfXsj5i4
CHVAKTJvizt44ZRb2th3kzfyXHhokXuKJFWxwZ4JeAvo
9k5hUVDpNjLsDwNZQzBcaEXZfLU1qmvTwCUE95im5WYb
8MCN46s6cXUP76Tv5Kybfh5eResGJwSnR8CKKbyKfXPr
BXpiWEg7aDWBKXHRDHbU2kfPahzFdAxwzJ2ENwcTCtae
Bm4PPocEMqJEppnFAAUPo5vLijzSC1DtQxDfhkQZJLc3
EQTZz7qdx4zkAPSnCMhxgCW1ahGzsFywtt7rVTcToXuB
yaBZsd6fcYFdT2pGQ5wAAYrxgGHbubRSaPz7Tmfkh6W
29CjL9aBk35vew3wxf86BHtdTvXuLhT9vaKanmoqMNmA
F1y5fa4tdnk2go55MYBSig8beinhxd4KHVSgUMi49QtP
BwvCFj54takdSDbLBfuBmkWbTneAoXH2knTjLUinDHTx
KEXbktTT9GMmhLB5xpXoLeAsuvja2RD9uNR5v9jDjG6
9o2CoxP79eRHLboSkKFidWmCk32G39TQDh5Gemkuawny
2x8HVNs9ZirPCNuPdELVz2bmA8uViGfGRP883oZhX2KJ
6UDTHNUiiGLprCwxyS9893hqm8Sib3dgQjY3KSkGfzLr
vD7gB5v5u7LnkeXvvZq7gcrewPrhZzbb5sh89oi5Fez
GbFW2wBzLLrjDnF87pmYtZajdzH6zS3w76r3RbhNm1pe
EujseeGYQHPzSg9LwdSQRGxz9CjZ4qL8kg9Xc2HAiaiq
7qe6tCghow8ZbQiU4QGSnWCu3XAfewpKahF6a81QAh6G
DQ9Cfypg4Pj9sfuckB1a2JfAcC7QUnQxYU2AU2kagCyJ
C3pPGdhELd6sb43QyxFLEaFGaxZmaJMyhYGy3dowCh5t
CGDwA2uST2LqaZuHfQbPh24vFmZv3C4utjVz9iRKN2ne
A8krwDnrR6zJkQ11aWF1aS17dZEEGrYhTA9v9NxReYTP
7W2aMUQ8Ux88UsTxaYVPF1sN7VfZYkhpUJZzhakEgPDU
9bmjHmSrUtcbz855zKc9VkKYJFHp3ASZXoeEiwGai6FB
q6vZ8muZ5kap2ZJK8eYdEtvFEYFSDCEPoEAEhJDxQf3
J52AuAxz2NzmBonZ9TmuT76PBrGi3ERJAh4uiCk8J7i5
FiHCMXkDNLi3R4zPbkPEJmVgFNygLGF6JBom7BPaJLYf
FKFSqbmtuxo5hMN559pG3JmGAdcuctEQziHwVMfTrzGf
2uvGz31o7p8Bt5L3M3CMias6S4oBrsxTsYwVrxxc2FPd
HCWxay2GxLhQg4SicwKuFqHkdM4mZkPz8UxtNcxQpZwA
Cu4sX2ifRpvGviktTZ5bMmPRL4SkJ14oywfL6uSLN4NM
HQMUt8zmQ6Dee849DoR2pUtNrCZEBVr8EkFwxzq2GXDK
5djSsqwnJ6ANN4SHrT7jEPpGiiEqhWa9oNzkuQ2FanjR
4huCaXMmZ5XGpDy1CvCVdTvscUdrrjdXEnuToz5F8LT5
E199MPY7dcPjpDYMWSZLBVCitpTjsp62gjez56m7Azii
4DbhZmvm2Erk6Wd1kn6GXj8h4hori4Fj4FDpTcz9eVy3
3qgwZvoHy5KrNs2cd6PSkwC77xQLw5m8kptt8EzYKmru
AJmH1S7YQfRM3utjN21BuKQ3ajBbHh3PQbpe9Zig56wK
5k6YCNhJYzLPcnx437zaeaWp8nu8a2SD4nFoHAQmWDkv
4suUMKp6AVL7yioVuYr4DJjJk6FcDYtFmQXTh27BVux7
CybY61E4BZoR9Pm97FUjKMrggJUpDfXdapxkQcyZ4iz2
tvi4N5Wawk8SH3BVgo5XA8UufchQUCYtShUhX2D76KM
2RBVAkvb9oFqywSLXkmmPd2JutRM324GRqEhLXnggLVj
5qtdmhbj19ZCxG2vBEvBCkfdSk8Qyt2kyHMWE8ZeXysR
AGVxPQjN8jauLeQfD62KSjSS2fA1ZtYivLZxc3hadQ9p
2xM1KQw25EvqzwEXbcmDJLruHPGfZHMguJ5wiuhvjHYf
DBtZvtQzTPo88C9Qc3NxzkQzpEPia7VCohds7HusgBJp
83TR7Ha7Eb3NmkM3kbFBHfGHuziPyzeeqbVtyXeaj94B
HAmqELsd8xAfkWR1fNSXbNB1gWUGqDkeAJ6PJLcDhxFy
4tdH2vudS3mHx61tpJ7XFKsgE8AQpxYzp8k3vLj2hyZD
DLdBNhMuky14MZumNK5ZZHryCWipU6THjVC9YXQV8dpE
DZjsKARzSbxpABXwjkNpcfGtKTsQV9ktyHx7swZYB7Kb
8JM5vPBaxqry87JLjSJ5k5HnCk5EyqeYnrucptBDbW5Z
9Dtnfdk54YnY9MHop1fL6Myy2CPNgYTzhCLrm1fREhdy
d8qkiw1K54APWj9NHNfP9z6SPoiB6mQ5qhNgUdaSKjT
8mmncJQowkeV9u64trnttiseqxyJ7sEJDwhCUgkDXvkp
F4iX1vEmWhFfb9BvZTbxzAbE4pWc5jqAdLofxAw4P55e
5b6xymz9MxovacxibFEsSUeXJjm5WVuneU7Q921ckTWV
3uk1jLtLk7SSADQrdLkQVkmzwjXH8AzJxP7GMDVZbsQ5
GUC417694ibaAr6vUWsGaAMuFG1mRKATd7hm9fjffrpA
N8H7F8uTJGrEwcqsKSx25fBH9Xr7XhmS2U6UkodjdhQ
shYs5W8bxKoWnHC3XtXe4Be8DA2JXXKyQW3RV8aRXQ2
2XfjRD6stwxPvvyk68BQtyc38aupKUpv5wGKc4qygZzs
9eE2A51zhTdP8sxysDn1S6DJSUKsANNN281dX5fKpf4x
677HmFgY5izZJ5SahU8T55MGwc9frrfWyyRPwqyLXBHA
F2PB6kwhyoAwSZSNQ2DraQ4Q9gERZ8Cu4kiNESfaYJEo
jDdj4vzTPofmbzAuUTM2R43tUMN7QX2EbQHaSm6zgYi
FbsZx1GXyhCxrPLrubTwEePLiNA4oK9txYj5ACX5pDGf
F8APBvErpoaC51HYrUydzAYVLREwz49DUruabn6YxP6C
8RBXK5625sjMtTxHkYt1grQDczbJmoqPcx9va5DPnCnS
GXbfwcGh3vUizQ4RBcM4AGyctp9mwdFyFg9AsAXVMK5B
DpeD6s2JwgWzC4mBzNCBSyofYyi5uqEYCpdx8k6muaZa
D2J2HdhKaFEKtW7o5TkHqA2ddtFMHN8vZfbPKVu2YD7S
7JmmYhwNVoUDYuSi4PtJQ5S1seTniAHhsgL4X61fV6Ha
D73n1QNnNqDb8L5V5uY9NDTYWihzaXKan6U2u74TaeCE
8S2diwLRWvSBxjFZy2uh8gsmLe2jJ3prRj8pzaqZGowU
6T7akaNJsiychV5DWa93gCW22CUyWPdshfJmNqKN9vZT
7EEsDrUvYaSxTSqsZZyDUdJ2XWG9xfW5QMUguHcuM4GT
GM9aJTUmsziFSaLApqPDR6TLtGX83chy8omqJwU7soQV
H3JacaTeUJRB7ygXniuTdvBvL9466kgX6u8KVgfov1DD
9mojqSDudX9PLMj1S2Wq2kekVBkQuVPkDNMAinRy3CTj
9FNnJWRBCqxrxWimDasW9y33uxApVLTjMXL51hbzbA9z
AbdLkPnwVTjNSL7ZZDRN3YMYcBpvYxRgvH89yDifBKr8
5wYevBxekKv7TVDbwyB8bNcbitVUU3bp5xHxxNqfTpd6
G6swe4rWiLmD2kKoyHBrdZa93mgprtSgN1udF6WafJSi
9pXxLVaviDes9gxfKM3MGuaFsMReQRndDEAD6uh6D14G
7EkuKuM6spDWY79VW3ttm9P47auM5SeDTTXcbqWmb6jq
AGaAXUHBut3FZuJNpdM7Kx8W3VJtj8bCe1f3npF9WcX7
HPeB64twWdabg6N1eDD2rT87C2jouC7nXC81VfsqVksQ
82AgZNMtsxY19sbGCi8S3TRq99veEaerFxQzxZDWgc5D
Apg3fMbPGgLKa5CqYDTBuhQGETfwjPTWQXFwZX2rT5Dw
6xfvQ2y8ZxjKadpYZG97pTaUn9E1vJyw8h63XHBvAnw5
D813HGRAzqGDA8R9w4VERQhfypsHkuiMP4mdmMaCeUjk
7oDrKAe9bDBnpm8t6tKSYvFPXEvL4j54yebVLq2z4ZtB
GUToP8R7TJ7WFcgdFkUZ8EBJGHQXptd2y5Dui7qkRShw
HhiVGd3TDVcFEyagXF3oGF2qCoHz5eFH5PZCYdotSGiT
4KUhu9UWbC3aC1tbemYvYbJYpoBWRr3BgtwADJck8jWw
3dwtWUNzuQa8vKKVdmCBzNBazi99BHTWmwciyKMdb79n
AkBeE8sv2vqF7a6S4KdPMDZ86suDKZspqQzvznD2FyRu
4UYuUSRYXWvYC3eVVwZpe5M5j4DJz4tExD8KrZ4HsGiY
AT5rkh5MJZoiDyDjfTKqrhvLypGyjTDZx78MnbD2Wt2e
FRt2RFqaiWXziqxiywCYy1iCDQgA2gCjVjJK9r4TZWTr
HZLdNbhiPjXov28mWxZvkLdvK8ky4t9pdrprnk2E3jZq
DiLfmpSLqgtSwLt2AiugHFJ9dN423Ch7yhx3sdY9sUCz
8Pgk4m28Vqzm6P6oq5mgkrvYmmpsxvgCu1BFmD3Xm7KU
BpifWRWwfyts45CZNL9qnesE36QH5Ds91EzeEtraGgB
9TXoj7ChhnDAwpvfWzX18PHahtycP7XK3MmTsZT89KdV
9UCZm4iSXqEoSpA7h8sL2XSKhSPX9xVskKtfFn4Gocc8
AtjFyXjFUCbEvngcYFQRxZdX8quvfxCUnDzRaTTwfcVv
ENLDedMYNViSLKdLFHTZ4Qv6Vz5daYUPwjPSpF5j9VQJ
HwTDVN4Gf1qJQEzUh2TSG9mjF1SnhNrtCJsKLs6JY96M
7NvqSHpAtf1xG3wRKiAiEWo2NmKVDecQzUReqrnMa8vk
48wxxxMJQzbERRK4KHAHr9yDqrfLuKHvELpdHuR8adpw
9vVvZK1rtGKBKX3YjiCtGDQGyD3VUg5U3hBpA76ZSVXt
EEcRMs6v32FPzqb3X2iBo8Z39mMbKhsZsQCR8LA9pEA7
26aJPDGgLjDkindDUYAkVYkZvVp5ub8ZeU3UDyTBt9wC
9boAF2xBCM2mXyoHm3Rayr9RbESJUWpiszeg7B9j7wcY
Bpjcx5f2rhZQitu5tETcMn2RAaXP3J5sM1dBCEng8ZUX
5c3wa5KAkpiGpZPmkwtsHtNp9NNAUyB5pT6QS6cFb4cg
G6dNdossFq5NMSJR1vSj2o2My8RLqVeHGVWXwEYsbL73
5qN5X9PAuGqZT7RCsWnb9iTgkAtWV7Lu8Et92r6RPnf8
8nLZCfaqxwC1sJM9gbp1qYzJ4bYwZGU7ZNde18xzYbg8
G14YWYR1GWzhGtEcWY6u8uGYMnFg7Qic1gRS9prekmTG
FcQZggwp7R5Bc9aeBkG4DDzniPQtCX9yQy8zQD51hjbC
EHBXTfMLDYL2HghSgzQqB3oPE9YxFq9z78UjaTPuf26Q
GuokUMFmGT8pJURUmsyz4LuktQtL9QZHRrgoFtZpXE1c
3TudRbbWb1Bxo1tQuNZijbSkNGRqc2vtNAodtppmWhNP
Aow7pqGAaLZdpnWXJFAvP5yFthXtHg1FCwrrrZh29wqo
3fQoNXL1ZMUnqjSVQEjRvu8HD8Go5EzDR2sZpMdCg6Hb
Db5VKnAP4pNQ17DSnsHd6aqqXiAij2cLmN7UfpNjR6ga
AQa17AKBkPnv2dxiJUYAiAyriVjdVPcvi4mk8S9WfAuv
Fj1f9BKC2tuDSem5eWhc142ZSS87vmUmzyEED742zZqZ
HzzYiZvk7aww4nEPZvjrxnazmAXojVNdDsR2XvaWgboJ
DYeApZiJp2uqBnehyYKTH57dGh279JwSpMoNiThyhJKq
7xdzCsLx8cE7Ptd7TjVT2zp7bUgKt2tBWBLJCy7ELGYu
5QWaELjzbRgAoPJRh1yVhkXoJ6K62yGkGW3Lxiuj48Fg
7VukMSVmBgj1Jvb14ABnzd5xvP2FeUBL2deSEGQYjynL
Do2LKgPMqHb8W6J4yHAEZE1JZrtUCtBMET1KtjkYHUC1
4L7Pj34XXJRAWJzLV2AkBvXqd1vRCSixZv12EcwwPEbL
B7HVRrb9hvHyfwdW4d8TmUnbsXzpoHTyseZhAYsFBCE8
CxN1d5Ree51nFEB5sz5eXYS2auf36WuoLa3q4NKaiiat
56fFv3unsX1rE4hsMoe8Xj8DmUDwouT1mfCtjNe6rcYG
B9PjVQRFp5N92rutVJPkYDrWTiLVoUnuBGmGUjFBNYfE
42BPF6D6MhVX17LKLjoeL8W2RbteWnYEoAXkV7rYuy27
7dCg9Y8ERnjSWTZqQ1eQd186gQSzLgDgQHX8BBf79q1u
4ug5n7ZehiPc78rUrCwNznosdUbqX8LsSqXAC4n1yp9V
5LJhMiZffiidU2KCpGmoDmEP78XCLYAEc3FK5jp2tt3X
GMN1Q7bymzyMLc2DcQ6defD9EoJk7B5KUAaZhk1SwNvm
8ANJaVBXYcGJhCf7K6WChyNVNh5KY3mPguwRTygEdtfQ
BpDz7zCvDJxMvvn9pqD667Z4bQYuGSxEV33Bmj1xzYFD
CZ1QGQHFAUR7t3UF2DTRuBcJyDbhaahoTjy9ugxybVai
6U3MZsJrVZJwKC61ET6MqCRVCvgX4vdH9xuj4oEk1WkC
AZGcXzEx5irdwxdzNfKmdLvhKCxGnxFwPFy3PEi6xmL4
3LnAcTHihgrCrzFkXT7rhLFGGtF2DsmJUJtMiMdUj6BX
6Qw13YqhaCbtbzyNBQ51f8FA4nmMJR18co5WGk3M9TbJ
BhqQKXmMqsfiBnMtVn4fV6LCFDJ3m93w5SVipy8xesio
HcsMGRyLQ27yxQF1stNYLmwe4qy44G8SqSF5ogToXddr
3fkdqxhbH1XC43dc1pULM8DWTMhnLXG1rZc5W9W6GPTC
7v4L1BqccyHWmUSxw1GpvSRMSkXQQCZS2CDpcmhna2L4
7QmcpqCgJ1bSet1VGMMbynDM5dNvPeB891dGucWX8Ytg
6rXL75i3MLkDQKdHy4fYYTydw34N5ivYc4367Fvz8enn
BxMKvJAFHyYCoDJe7vcSS3d14G13TJzCxUiL9bZKy28Q
DCHNvgEKWa5LqQvDswUc5uU2NNsL3T9FArJo7r2cyHjb
CWtXLJcebumKtUkySquWihn6D3JZGUgPMZyu6aAD72vS
7uj6oZ81pev7PHTzQjoSfmwmijod7we7FBLSfLRVEqvB
5ki77YpvTRkkYXNEaDMaB7ARonTExFiWwbD5ohf1FJoF
GfKcyrSn4R1VYDsmR9BRTknBg1YF57jDQvSvtezusEzr
3XcsndL8g3F2V1hoM9Cf2N8n3J3DyAH25AFubAMpYP47
BY4yNPZVLGkvBHyYKj9nwuy9rLFPdycSoGPCXUWdJXNp
FtSQALkp39noTELJMncnwjVLXtTqTVtjqxQ2swv65pKG
Ef3djcncg7UyL9y8QScuyFAc77jpP6WXXWCh4nXx2XoT
GwSjHLcCMfJVEi3XcyBkKG2aPaUcB7pErdnKtpawtFUF
GbqSTyFu2eAvnUrvFHG3rrYT8XhViYpj7Krvw12vu71E
6EdaRyViSvoMzDPRwAb6bEjWKa53faws77QDzeB9bZx3
6X9GsE74mRZVJJcT4P4rkwbsu8twdbHvpw1AUgw6ZXjy
D1qVms52c9m23iWTimh15DHB7VpQhSnXeNXjZShcZAe3
BUUA7dpWZUFmjnuhCYsdxMmoM7X6jmkAUP7ifmaqH6un
dsTXNVWDmLgVnUxcemvV2fPQj82QYNjq6TgC3khSCEZ
HPuA5Vn8D1VNDjgFdhA1B6K1ACNbGagZUhEJpL5dCu1W
4ydXyX8S2zLPrhrFrZNxf6KFk7kQJR6BrRmGLaVKx4x5
6RACdA2AkhwEXgD3BG2NVqiyuYajuDQK2kEEidfq8vFc
EzVJGYQPGQaPjATh4VH3NJ9x94VQfHzzePEAzRuFZ4JM
CqFGhRXYd52ZVek7PCN9za4hG2rbW8uRz8V6JHEyagDK
Ec8ETzs7nA9FBAgnUQLcdbRk27MFrEhZVodSxcT34UdQ
6yaQkaKGth8THfB7ZUPomu3LALnNjpST5GBciBwyoHoH
Fqtf4GAdA2qFD6ADGLJpEEehV9dQ1T6LDoH9LjuC9fHc
BHKfa2eH4Gk3HT2Nn2fjd1uDjWDtcjHh157mTjHoLYmL
3N1nkeMbqNNuuihjc269m6bdESMHKPVqVKDTLpdL12qR
7ooGvEgnPWFVvWpDWj4yXdZyxXcbkSTPnjgKozr3rmUu
FiE8d6fDmXPsf3iu2d2LHdxJh2XQWY1c4NTe77TPXhXF
2khf3hDErCQCvrHmCJyXV38YzUQqRXdRL3JJRbUUSs8c
AdVTZPUAyncqXADdkJcqutpTJUv4FTJcXviwE4aQRxQN
CeCWYtrnu4ppfF67CHXAKgL5sBRfVPs4wDaxJHy4Umbv
A7TPCCdUjDbmCA1jCqkiya8hXWwnfiPyn4Yu18yVxPEr
EvJrufCSwmVrkrrsHtW99DdLPHre9T8CYUMXQVDyqUSD
2Yg5H26oVnxDXtn62VzvxRvCXC1uFD8yerNjmHfRrehQ
BkY5HiJFsezi1ot7V1eaHmQ8geRGoY3DG8qkdNFVjR33
8svVFY2ZoxL8hZiQT2tuatdKzKcRd9zWiNDA2D4Poypa
3U7QawaExUKsfkboNCbrfqtqRvcc95HtWQXogywmAWH7
8ikH7Wn9GYNDpUPhphrMdVCoujNVvfJirZvVfcHtb5pi
9HUbQkYXhs9igYrnkw8MciHWXS9zR9oWfWGYc5pHs1r
7j1gw7rD2LB4wEb1XKmi9WaKPwnuTGu5AiW8Yj4uAsGj
BmcYDbxp1EQDyKJSs5NtcJq1rckAqqfCmrKoeiu1CssT
3rYnNRHuR41mrN5J9o1rGVKt6PCmgYXxEuayQngNF9B5
8YZ2cm6YtVrSsRUMZ5iUWinkYzy1mV1CymdKJpvsyM7o
3mks38QzNG8yb8JRkEaaGGYTpxSMSvXQaTndHs4AKwBy
CA9hJv1Kg5tu71RXpYtYDWpn1h7yfjdXhVmGEKAVKGV4
F5Eq7JC5HT9XSL9dm6Kv84mzrdkbitNhdcZtPtMpHtwY
FA865BezqekC95RqMRWyHFww5caJ4MMTULEnEEFCLTYd
598u3MGEbfgCCEDEufac2wHsUmP65DJdn2MXcgKPUtUL
21Gv6bBRa781pVqdWRuckLPRNdhehoAovy4eLMU4KRHr
GBDSJ9Qufx8yKv5Lj6XaHPaxCmrG5kGZxN9JqE5MChVC
DmqSfGHNspgbRMRkMLyE1ceDYYnu1sCsoJ8We4P4mzWF
AB2PzTTsNHv58wHvuAs2FBKQtmvUX5dDUKBt28fwLv95
6TBp4KAykQc89C7mQrGpH3b4rP1mD58efaBPuTGAe7aU
DKyRDMg3z8pYNqSiKp4RXw6GLKuNTXLRTgfW6gVFC2FE
5TmKM9zLMvEtM81eFBkHGKh1xpkUkYmyKR3EKzMFkYYQ
6dfMmMf3LdpJYvFoQLfzCpXZGAZeQGA3REjFU89tvaWr
FwH5LW1fKFJatkcp2xY6eC4svJs4nx5SbftDKc21A25m
H7b5sYjfpAvoaRsaMGNn3zD4dWt6aN1giGhDe3jD3YD
2rD5Do1bbx5cLx9v9UFEivcdYhsPr3cJQbbJkhH15qUy
DCMNAZ1FWtCHQf3dunx1NxQEyq6FECPQcRPNaKffZ9hZ
FtaGUmeUtNyiPAMNBaJnkMDjzQ7dmWXXR5Wb31Su4kdC
dgagnepxJwYt7dptRN2QojFECEem9PRY6P34u9CqfcP
3xd7rMJoR1gcEbkE6ajHE6J3Zkvk9qPcfoDhbER2C29a
2PUPeCFbTzmGJ6oFVkne32FQndBiDfWiUpoXLjhbSuKc
Habq8hhc7yxiHsWArdqN3dzDP314aiT6gkHdQ38WKQzp
ARLtjbAPLge6iAs3N4Luujeb7E1nGRLE3NbezG3NJArp
35h6xKo8F1236gAx9DmcEPzfPwe1cSLBfUHcNfTK4GGn
B3yNPxk7VA7VnkUC9YJ6y1puE1cwzaBpAAS6WMegFPHk
A1xHWwJVh4yLckNt8vpz7QrUTgv5Bd2hhbbDD1Jvwkg6
4wR5e1wBvcWv3RQiJjhkdu8mWoFnzWG4v6wWzig6UMuq
H4SjgzQqgjn3rqGeu7yj1JnhXPpvXhcJNtydNogxpcYS
3AjdJDqAh3ADM2MtdvfudeQYUrzn8X2odpU4Lqk2PC4w
BeTPX7PAa5jEDNTfMxTsmwBgdYfu6zHQDMFbnatS7Rhd
92Cd8sEjrmab4cboJdtct3r2Mqr47TkNvhUhzEWgdQY3
EV6WUYXSHfD6wo1eTDnhJzrnNnQLmhAscN4QsXDbP1Z2
94FdgiwycKAMt24diqiaVC72c5BfePP2swknys8CzdSs
Af1AnXZ6NdXYix7UmaL581rW9JuGPWQvaAwxFNMYxVEY
9YvKwvsMduspPhyBcrmQTefExgvyubEccdm3q5mtmw1t
GnWCqA4Po2zGbcQYPhZ92UAfosjqSzNVcgy7PzqYo3GX
EQzcRtzdRhAviLyVkxZAj9qX3cJJew2P7i7afUqNKsP7
jnwrxJxY3XcdVfE32KKf1BSy9jSYrmgkmkgS5sdG6L9
2d7CS8PQCtGJw5q9UBeykEi2SJJwCyLrtmgRWmJb54LT
56dGop6hL7EHcqNnE65DzZMZaYN9snkjWnptXvL6xzSq
5Sgbz11HkUKxgKTeKgoQuWurnMeAxS7eCD76pues9WTR
CgRbKtr1jmrH4kD6W6qZvQZ4x9nMNzTmht1xY89bDBuz
ExjkuvrftSab6DALDtBGZueA6qvG5aPW3t8mhRK24cuN
8iDdunJ34ZQ25SCndpALgcdFuhcWzKExmFxWbLAZCUZr
8C9CuVtcHJ9GwGVsa7pjYixBhuPNdmBQuNNqLkH9PDmF
D9vi5wTtiwUvk17yJaWvzV6Zdxe7BBzgcFTGiSqtwPty
FsfrjnyxjwKk3NFFSszHiy4TE9U4JByaRcUfzziofWAX
HH9ecKmzSGNaDYaVpiig9oVpM2BfE54fEx9GEfvhajKZ
EgERnKqRSp5GzYrudBDownT6qXJhjsZXxnurjHmG4vnn
79vmTtag7w6D2MDXrC4Mejb3gLNf5QvQf1fFU8e4P5zH
2EEwVVZZawGbHLUK9U4TMmDYaLWxUtqub7awBFUzUw2i
CVVXwxrLTdYwK9KpXfGxzy2DB579bDJBbfRqFdnU3PQj
AVihzrQHWn44Li2jwBvJbT8uh8gPK2DUSew9JTgMfG1Q
G9SvjCsKiFgYbUA4dqKBpmPqua4iNrk6oKSVd7XZcJHx
GC9tVqpe9nZkzvBHxmcMSGpN3vpFx8jsaoAXQXkW7QiQ
Hbhf57jcKyHot3XQJt9d9yTptv8QZzbbGqYQCvxzHcAj
HjAJ6LpeRVatfBnLe5Ud977Hkfqzgwd32qw5nxbDZKdY
8tviVboJSE1DQqMi2QxMGHvaMndvZv6Rm6Ta8S7FSMXW
4UL91EDUwJYDopSvkStDzzFKDW8eN5pS2K6T1Lq1Lry3
8ocmHpSrxyeT14h1GfGQafzvLwdaPXStLKfz3pnvzwQZ
2H6Tthj62i1rX6yNdL479biFhRgoP3oP81YSy2bj5qga
3Hj6V6HB4oGR6T62DUV7aBcndSHip2zykmTuKcpP56A4
HRM5WSpFBBTfGZFsWxGeyspENWBtafgHAhyCwbSwASAv
Fixn8bK7PcjwxsUhidJZ3uMors3XMUK185aYpigkNtpz
Cv6qxkS6NWSGyWLWYEo2GFLL52pct5NfVmRP4GbHSFin
4F62w9WyxrmXAQ72yfw8SpX5gNQdCStRYtGFiJWWSKnF
7LgyQAgBp56zyyDeVakSGQbvRe3GJZzooJ63pbpq4b3u
7Mivq4cP7LfscmaYoswZ6aPumuL7TnpgyVJQMtpFV6d1
9hW8MovDJPZjhg3bJ3NRWyBJmo5HFx8H1v4uJiwHraMY
EuABupL2ManXEFUeyk3ncAKpABeHQr8FAz7dLSTgYW3E
H4VYtfWGke9dcHxcWo88nYmSetCihMjJ1eZkyFSBPBHj
FeaPsWFUogHVjXXDjADEGKshyZMnVmRvAFZ2RjuftRyY
9PNAVCrwHSV3S4eufKTV4Q5SbHyqqoSqemWr5KjTKUZR
U5RoUWLz7XxJQjLxyKbdSGYWxq6E6yXbkf1z5PGAW9n
61fU9mJHKyuBJaSwGvf2vRyhKd7kMLjqfRKN5Pbpgjjh
FTRi9AUw8MuFA3ySvcKTn4PbykepLKb56uZpBaavDdDt
MQBPjvAKv33Q551YnVjratfQhgwWBdLvbgAGLkf3VGS
EhXB17JzcSdvKuKKGo1VNH6HMsRSShZDTssvLFDkbP9U
DHQVruH1p9XydJvhCrASJKCeBfhq1DDYfeYR2816HdrG
AG2sA8ppGKN2BmmmgbbM9eAM8iu5QJfqM6ZGqzTLthxn
7HVre3WosBveHhR2dZnXAsghNASCowJbEz2PQ6B3Hzpc
71bHgywzE5A7EXV6A1fZwkaKk46gdYhAHE3RfkuyQ4VU
7CW4pcf57rhyD5MpZxMhHQAhex7AJc5wyYyVHdLPkyxk
3pLu9YG19TJpXtEAiHqHzA2Hja3vYoxA6ZUXz56JW5P7
9vkRkYz4dGZLyMncjDCGD7cug1EHwkKvuWeCCK7ciQbe
7fUq4T8m5mJ85HqzVQvnJJPwm2RmiFtUcxBcTyXwfFTg
9SbZsfkpE1bf1xF1Eqbq13kkrjKQhq9KWHd4ZosRqPUn
Bfo5AvmRQ3ctXiQVK1d3rj4cKTDhTccYunK6HGKw6byo
3rgGgP9Zt2Wu3nbGoV3QJsqUXyCbK3L7CmWV3JzMbLiB
57WkfJdYcJt7RW2wYqZWNAMEhRLxPgJWYExk2bvdk4dn
7Z5nxUEAw3wDiFXGwwA7Scdgy5dC44eSeAtsuDoT31Jh
3BgEwyZWJhEdGH2TtS3yaestpMBmQkTkmrqktWzxEocj
36zofTeZ7EsfKDBitoNA62CmULJ5LEWNW5G8krBHL7fG
3eQHZYyTESqM4FN8FunRSieewGGCFGk7FssK1CgbP7Zf
6XbftaCDCxm4zNZoNVDKycNBVkf9ZvsPYcyTQJUtuwRV
CEh4rm2FsZnh5RjYSyjSCqAAoi5L42TC14kvo49KHGkz
47S8QsgUozSc1LVTMZkJ3qdWCW1nKv7pvw7XCkCN7S3Y
9bAcWJTWpjfiffUehVxMGiqwKyD3YfL4RbKq4QsY4h9X
4txc8Ko3LzZeUatRYrouJFicViFbkbNptjLeRMph97T6
EDXuWaBNT2Dyff3YZ74Vy8tEurU3TZvGwhBz5Bquh8Rj
8fACXnaENDyjV5pmxFMSoSZRcTwf6sCdNGwiRnWGXDZ4
5z9g9hHgpZPSexA3KZkHhKzZ4BK79MYymZvRZLT9Fxgc
3GKtkGZRPMsMyKt7ukyyjgz4MvZERyTwyuaFGtjo5PEM
G1amUBnxPmaM86Cm4TCdcXg9tVsstYH4vJ6yKZXNhoUY
7RSBrRqSDHB6taGYEkdtdUfo8nEnhHRrP17L8hVW9xrf
45TpbyAL97EaqonpXTpZPojqeGsxYf2imsdwUFmp1TPP
G38SzL5e1NHx7snPnJ7uTohYNb3q98M9swDbWwagaYLB
2udLBLbF6XKJyfoomDu52ysYGkfCSPExiSNYdSJbLfTo
7jfpLcL86oMKrPTY7zEdFCcFBYvgwHAVoy8759K2f1UQ
GgifgGDk5UhG6o1ao3bEY92YXzzLMbDhLTRWq3yaYveU
9RW2JmSQKcQobtZEGHfJ9NcvmKLqrZqwhrtTGAVGiJyf
8uYtffx8McvkawvhUiaC3QGss1qMWVNs2EktWQNXff1S
3LWG5s9expX3uuaP39HVRUz7rWywir5E1Yao5GGqFB6W
AGpgXuRHr56M3EwNhGEGSs1EczHj7mJGUponqi6cCMoc
2zv8tECfztPrCt3zn9hRoVjmPhMSJPghuekXLmBWqA25
7q3gqabCytw4YadeCoMxN3ZwzNEx21eVQVW2w4qUkVB7
4Q58sVt6d7enGNSUEQm1GK8A9LkLYamNHWyNkfB6tudc
BZtZyeGieVFhrpJDULdz9e5eHCHcrvKqodGfgmeZtv5Q
vkjksxVUCqfUAZXzDWxpf52TEa6rrxj7WHqcTnNDzQn
21Nn4ZqC4ExnFYiqZuQC7ZPFGXufh2Zarrz3fMBZDHoW
PaxCsWYvgvSsutS4zeToNy5NFSMBkztsMs2bT8e9DHE
87LPxqgmxdC5qYaL7Cv1vDRHhtD97AY2N9nzosPuvtFb
964HtXxiFN2b5bs8w3WhmT1ozoxnLvsDTrYCdS9u1Ewo
9Kugts82XGrw1qYqB1er2EfyiQFwy1wuZupKWDgroxtZ
FZG1mn85VdSEpzF495FyAfZteCXag6b4NpwZh3nbWdV3
7LTbVHHcJ3f5ExWV9DNJwRpbR1DLwT2atY36p9yGGoEh
GyCRBdBZv2uTECFY4mkGv7wkSPUhpNQinChyLdExbojM
YUNMQrmpRMDDcFjpvctxsUyEG5mUAXN54pfkCaktTN9
2cKrBsmV53xi6N3cAU2cxun9FgJwkWhnz4uv3dSo8iJi
9Zj74shWmzr5YBPkLehpqhLMoT2Lomq7pMv9kds9L8Rn
FxanTbAB6SoStvRvBwKmTKg27nmcC2X5jx8BtY9v5yk9
JAA8kZDfB828wSJER5oZzxYFQzs2fHFx4uuwJtQ3PT1w
C4RCEYktDvVULomDQpUyySK2kKV5rXU64FKpN3Hq1qpk
ExLzcQMjDotXjnTFGH6WrJX24TEz4xoopc4trCEKZf7m
4iB3uBz3aKgjoNFQB3kF5ZpkjSfBYohPoSuu1v4bm7ya
HRT5X1tBoEU8dgrDnRsJRVLQB2TQFKH4WAHkYgnjqs2Y
BQXjxBickU7XrUwMd45WquDAm7sCqsYUiZep7NutuKDx
8EqSQ9pjy531B12jZbVGrsFYKtxrKXifckg8R1Nk3bye
2AMDhPsBEgTY6aHbXf6GDZ8f5LymxTWEz6hiVWymm1wZ
4K8pJgkvFaGbi3x5ySWgPK5nggpT7ENTpaSmsXmUJSZN
J7FnZmR6MmNvFkgXUAS3QYsaZcd1g1n3q8J6rDyoCutW
GCn7F3ReeQ92qp5KWFdWVYFj9aZ3AGEsVS7Q72BVfVWC
2B48tVKnSET31FcxrUwRMzKoRNFgX5xNobycaQM1nHQ8
ER3hzYtiWvpKDL1sJkg4cF6AK45pKDENTUQM24YTzXN9
HkhfyrzmsgUGy3msNiSfeqczxDb6KruCtN1YKw4irp3D
GjxQSEy9XgnbB34Hbb5sTCJ9jLvC8DHpWmoAuX21Rpkg
3QuretfJYZ1YNwwoBxW1SH1uX6LPzmciVScxQnHMakok
7YTkczqAeD7q39jMzG6BwrRVZ2chGFFRSkcZntvAEsXc
961A8tAcsLZjMzvr8f8qpCHvBBiVnj7f8krTv3xDbFze
