Transfer 1 tokens
  Sender: Hroz9yFJF24VXSGynugRiNb2NJriu5EurXNHGeY1W65T
  Recipient: 8Ruyea8jg1fR9oDZbeThhiHH8q2Wuz7vqeMbcoAyWZ9J
  Recipient associated token account: 35tQHgkTgcjr3YBhgGRn5e6R3vwu9WWWV5P7YdxqSNm5
  Funding recipient: 35tQHgkTgcjr3YBhgGRn5e6R3vwu9WWWV5P7YdxqSNm5 (0.00203928 SOL)

Signature: 5qnUSfVAMa9ua9iMbXPkzwbG9DksoimBQPQtL2DKdb6Bd19MArhPC5kjUT36UxjD64N29AVrnBwyNQ5UZppQJbv1

Transfer 1 tokens
  Sender: 9LwZ5qL5gKmJDioWaUBsDMEuGp2h9SihZrg1YvgMarwb
  Recipient: GNisgcTZZ2WS5PFAEkVUbFso3wNe22cjhmZiEjGcqeHD
  Recipient associated token account: 5L2HwgGktvf5HrWrxNvfS1s46aTk8gmUwSTKh46TBq88
  Funding recipient: 5L2HwgGktvf5HrWrxNvfS1s46aTk8gmUwSTKh46TBq88 (0.00203928 SOL)

Signature: 4gYEH5xkXdfteMdyXArQwiUXegL779H9awoJbHzw36vztjQH4534qBY3wrmzW9wvxGMcVvm7TJcudFcU1k6qLm15

Transfer 1 tokens
  Sender: ASBGoY8t5jLVgR7Tss22bKtTHo554QTb1Z78X2TPxcFV
  Recipient: 88LhrXqovctgosaTgDZcW7trJgrybe2ACQcnERobYQho
  Recipient associated token account: 8KVdsS83AJVNTWjUicf3KchwFaUve7F51cuF65V49AeG
  Funding recipient: 8KVdsS83AJVNTWjUicf3KchwFaUve7F51cuF65V49AeG (0.00203928 SOL)

Signature: 43SSGUX6kY5Cs69MNJrvsjfNxLw1f9WTmphMvdgyCSE9EXjxYP19tgmPzDVYyRYqdp1Cs4ikE1ZfA4vQYbNrxaW3

Transfer 1 tokens
  Sender: HaHrKyKkdFvsQSqt7GGYDxbhtefU2ApMwNAUd3KQgkrB
  Recipient: 51oET2dy4vCmZ1JMGYR9hbsvsLng1vcLD6z2AZp1uq1j
  Recipient associated token account: 6ZyBEQ4JEqcAPTjKJxHFvK8vcrabd51dwsP7U1zssUSn
  Funding recipient: 6ZyBEQ4JEqcAPTjKJxHFvK8vcrabd51dwsP7U1zssUSn (0.00203928 SOL)

Signature: 5JkVJy3p63v8Yy1BK6bU6fM2vjVcakJfHs9htiVMjRUoKzrShkeuLML6xZ9snTuoPEAw4Lr2xTgkf8tLXMLaWFf1

Transfer 1 tokens
  Sender: BszxgrHP1UrHZiwGQhVPHrhYBESPt8L4FQYboUCK1PFU
  Recipient: 9vff2J53NvedyFvVrAcMwqRaxcQoAYnGPMFBboMRyS7b
  Recipient associated token account: 3CqUswKB2yH3JmV8g9eq5LCoritjY9YRKzGrGL45SVm4
  Funding recipient: 3CqUswKB2yH3JmV8g9eq5LCoritjY9YRKzGrGL45SVm4 (0.00203928 SOL)

Signature: 3ax8Av5aaxsfmozGN98nrzxKaoTvwsMYFDWndJcYFCKCPUkXhCqmdC7JSShGd6JrSENfdxkqZtv5VwcQdgEBa2UX

Transfer 1 tokens
  Sender: wQStgeKcKchN6hNutajP8E8NDc3a7ngzRvbqGoA1xVd
  Recipient: 2n5PbADyQXeCMztD5wnZjF3Nn2w8PmCmqSQ68TT6Q6KX
  Recipient associated token account: GAdSWiJKqxC3XSrz6HGHMWqNvVc9Lmq7LdeNA1eYwA1W
  Funding recipient: GAdSWiJKqxC3XSrz6HGHMWqNvVc9Lmq7LdeNA1eYwA1W (0.00203928 SOL)

Signature: 5AAeUmVXRx9QEfpDYFSKxPoNRf7YznFTx7w1NzdC4FDW9c93BqSbctGparybVd4THgd1uD1HQS6E7qdsueipZTM9

Transfer 1 tokens
  Sender: 6qdsSC1iD6QkeDdKvZ2kRoZKWQrytLH1K8kMdw44YuvR
  Recipient: FvLBqUPK8qeVsfgsm5VXxFGV54VcbC13JeCfhwjpQnq5
  Recipient associated token account: DbaAgtvvZLR6UUadMXCtv5vbFpur4LoUcKNrxUvH7cts
  Funding recipient: DbaAgtvvZLR6UUadMXCtv5vbFpur4LoUcKNrxUvH7cts (0.00203928 SOL)

Signature: jcC4sAYinrE8uZmtjtpZ5L5aJVzwi5vGFWbbn1W5jjyj6siSs5GXvzg5qDpUrP61ZzodBhSd9FYRaD91jo4fGM6

Transfer 1 tokens
  Sender: 4nxe42GtJVCRB3ne44YJaJ8osPTNkaFahQmmS7Rtp9e3
  Recipient: GChoRaGhcY1EPPaqoZ57TcpmBD1ECoGPxqkPE8zg9DSX
  Recipient associated token account: 8TavS1Mu46Sy3FkfJDW4ELDsKTSR9wKtFvpioJmXZo3h
  Funding recipient: 8TavS1Mu46Sy3FkfJDW4ELDsKTSR9wKtFvpioJmXZo3h (0.00203928 SOL)

Signature: 4EuRpidi6A8WuuxhxX2RVWgYvwJinizBSqeZrDh9JrmcdLJ9RZtdbktjmuEpE9yaPpCuy84jtdhjLdggTChBRWX1

Transfer 1 tokens
  Sender: HQWVPSRfMk4pCSrL9KEvYT2NshDs6yuazoXzaUuR2iTf
  Recipient: 24iifBd4cBp6tEhYNZvPvdUsCuhmrSXXauQxrumEz4y4
  Recipient associated token account: 35PRRDMnVd83UhGq76jFCG4GbAMBTJ3L7pGZpJ9fTih6
  Funding recipient: 35PRRDMnVd83UhGq76jFCG4GbAMBTJ3L7pGZpJ9fTih6 (0.00203928 SOL)

Signature: 62qdnKgSvJy7rf1S28pMiD1T5GQEDUGvsg1ottP76NfVtwHn8pUWXgypiVkVyb3tWujJtsjJyew1LVXpmi5UfgPj

Transfer 1 tokens
  Sender: FAHk77k8TuSQTe5QJBVr9sRaBfgVTzrfU5opsJbxwXAM
  Recipient: 51oET2dy4vCmZ1JMGYR9hbsvsLng1vcLD6z2AZp1uq1j
  Recipient associated token account: G7HbZr9ggaspFmkNRoG4ageRYnedJzf8aNHjkCaUriMn
  Funding recipient: G7HbZr9ggaspFmkNRoG4ageRYnedJzf8aNHjkCaUriMn (0.00203928 SOL)

Signature: 5umCWvSDaH1NdA7kfBE6A5tNHJqJZbniWHWFSkggqhHxqAk6if6nncKrWjUXtQqDMBJ2mLjynqxdjeqAqeSDfwbq

