Transfer 1 tokens
  Sender: EY9ofrDK8dqHp7EPuHmU1x5JAsxRSZ7uGcxHKhtN1afo
  Recipient: 3eucHmLaRJzL3d3rzYx94KvxcVhR4ESLo9R9hhb5Snbo
  Recipient associated token account: Ey1FRnRGpRpCrMhazvCdJKHkyXASo8XbfSJEDUqvYu1i
  Funding recipient: Ey1FRnRGpRpCrMhazvCdJKHkyXASo8XbfSJEDUqvYu1i (0.00203928 SOL)

Signature: 56D5b9799xUFudHoNkAnWsVYYGQRoEKkTxL3V4iZvt56L73wZFx8NerrcuaEm7KVR1VkSq14Z63aCbo4PdwgZj5D

Transfer 1 tokens
  Sender: Rvmg7wN2MpZY6GMi7UbugTRy3RF2YuK8L7FGxNEcu3E
  Recipient: 4Yk2xt8GPwntdgkY9uoWQQmbmrgmK9CT4mVLrrFrvsJt
  Recipient associated token account: A4LsMToGuobkpC1FqVNJ1GLiPAaKqZRKWbGmyZdWZ2RZ
  Funding recipient: A4LsMToGuobkpC1FqVNJ1GLiPAaKqZRKWbGmyZdWZ2RZ (0.00203928 SOL)

Signature: 3Bax5PA4Uv8NcvKsaWSAsxcJgsfz2kEFKkZ7CZRpNQtUqikFd1MjyFNtFuQxWKWJBAjFUYH47i2eZ1QommxmLYoi

Transfer 1 tokens
  Sender: HCru9dJ4aH4hNjMtvhgvpvGj9mbFRu9FkNJ4WMNMY1h6
  Recipient: HkeaBPBkXnodhLGr3A7M8ZSYNV7nfyJs5YBixvL7raHY
  Recipient associated token account: B8BE2PRAEhRHWqdeFVSZ84opSAkmZWRsAxRqBnFKsyTU
  Funding recipient: B8BE2PRAEhRHWqdeFVSZ84opSAkmZWRsAxRqBnFKsyTU (0.00203928 SOL)

Signature: 5ZCTMHxZwGqKMraKWHC21U4YRFAriJZNweVJiFGfEHziNqbUGfnaf5SLNAp6BjRCLwj8byoMB2Vym5iCAhtnoQe7

Transfer 1 tokens
  Sender: 6cgiAQpemUv8KvnqFyrEFWwyTJf6ztkUUrmLmfvtxAUB
  Recipient: B5oCkvAuTiA25bZbLFzGNPNx5Pj6sD6XBRXvucWxdEhp
  Recipient associated token account: 8n6dFfBkTBqbQThfWKxDYuJBRaX4ogzUa4iqmWQLfPTy
  Funding recipient: 8n6dFfBkTBqbQThfWKxDYuJBRaX4ogzUa4iqmWQLfPTy (0.00203928 SOL)

Signature: 3YeNP1GtHcPbMNfTLUK1XDHctTL6uLoj6mXm8McXfQfN63tXU8TDvmhpmcRvLYvo1caDneFcAKRbmtqkJsZmgjwC

Transfer 1 tokens
  Sender: FyXoMA2Dt26FtcMQUqjR97hzPV8Y6cykbxkFF5kzWYTB
  Recipient: FaJyyFuhWWngjU31Px8z1h1hnowj3hXCDnvFXuLfVtGU
  Recipient associated token account: 2VnNKA1sQxJg2cXogKWzx9gFKmxiFThFNysF7YdvVTXh
  Funding recipient: 2VnNKA1sQxJg2cXogKWzx9gFKmxiFThFNysF7YdvVTXh (0.00203928 SOL)

Signature: 31hSifq8M9Jzvy1b25AXXoUGbUFP2YEVcELufaw8LeACndAdMoEdnkujfBvjBnUsiCYTHMKaEwUe2Z5FrRHodgC8

Transfer 1 tokens
  Sender: 5BxXPUqbnvZXdpnaAmvFCHZDJ7KjNp7BiWNuWEtkSsZ5
  Recipient: Dqw9ywsAz6yvvFFXh3qjAzM2M3hGxGUnh2Tyx55pf9ZK
  Recipient associated token account: 8qsHVL6koR6Pv44anrEdrj8GC6StHyCzXXhbSnc7BX2i
  Funding recipient: 8qsHVL6koR6Pv44anrEdrj8GC6StHyCzXXhbSnc7BX2i (0.00203928 SOL)

Signature: mfsw1pfVD7GdKhJ7TF6Qxc21h3CZL78JPbmZjdtsQ9nXeWKZXyDgkEMphSkZqhwaZywUYTfQaJGAo3dq1Ugajf9

Transfer 1 tokens
  Sender: AuA6EGLv5dgtwkvLD4KbCq6Nivv3Qex63CuCTXeNHPpQ
  Recipient: 9vTVgL5yTaRSj1QThL3jViVdwZTiwvPzqsFs4eHdjZjf
  Recipient associated token account: BE2mAi5PLSFbWZ8BrvA8TkXieYLTyrQchm2U6zYeURgr
  Funding recipient: BE2mAi5PLSFbWZ8BrvA8TkXieYLTyrQchm2U6zYeURgr (0.00203928 SOL)

Signature: 5iJhhSzrwSQ7AVPANa1onDYsRv9kztqTno6T2hF2f6NTuxXU4co8G622GK5x6RXS1h8thqCq2r65xntn7BKYuGYH

Transfer 1 tokens
  Sender: 13UUZVeDSmxfkkxAvpkBYGmbbQ9BnVMZY8UUEcmiChWP
  Recipient: D5dJ64JR2WZhKeLCC1tEkkjiQZ7Uo77NMDCaQAmGqtLi
  Recipient associated token account: 9FFZg3ggWRs788sw3DiWHqUEaNqsTZELbYoJPsAFqYxp
  Funding recipient: 9FFZg3ggWRs788sw3DiWHqUEaNqsTZELbYoJPsAFqYxp (0.00203928 SOL)

Signature: 5tNtXLTR6zsVgbburdKmpwfs1HrB1yPvj1JevDACsLs6KkU9PKdoRkf7FttNWxrfcFmqxx6dRs7xddHz3kSLP1EP

Transfer 1 tokens
  Sender: 7j7cHAUsodT6EAXaaeihQh7sNHRBPAUJNDo23b74ubxt
  Recipient: 8j3M3KYvBgF9oTDVDqieLo3zRxgQ5vDHsfJPAs2TKbb4
  Recipient associated token account: DG2D7CDZCWYRDJGge9z3FE3LQ5z2Ppu5xCCb63fohWf3
  Funding recipient: DG2D7CDZCWYRDJGge9z3FE3LQ5z2Ppu5xCCb63fohWf3 (0.00203928 SOL)

Signature: 4zExz1sMjhRMD51FYSVfHfASRj2ahCD5a35gg2F6ni63xXTbKBrPBEyMM8JooT6vzoT3aGESEQXXV17PPz6sXCwA

Transfer 1 tokens
  Sender: 5PTW1DD7xEiacZuWBJ8xU1yWjDyjFqwhrybY3sfNawsU
  Recipient: EkHsWj67nEwZKZk8RQsVqn4t9vv5VgLyArLnSo4cvVCG
  Recipient associated token account: Hfj3E6Y46xa7kAiuWMXZBUPUEzwdYu1HFiAr8yz8cpi
  Funding recipient: Hfj3E6Y46xa7kAiuWMXZBUPUEzwdYu1HFiAr8yz8cpi (0.00203928 SOL)

Signature: 3fRofJYBRXbX2bPwW4fm4vcW2qBvWFEU1ANDTk9yvsM79Lcoem94UkDkWKSw8SKXiW6aXPDJS42kr1oUJ2FiFUut

Transfer 1 tokens
  Sender: 2mEFWDXbf4GC4Fm4PiwehQGdtqhuXduiDYFQbRkFoC1J
  Recipient: BVFTQzEas8kMPkcugksaTTuLnQJ8ESxtLryk4ngdyvjU
  Recipient associated token account: 3n3JZPi3RFCFhEYwcTwFbLriye7p4fVzFLjX8XTxxSFV
  Funding recipient: 3n3JZPi3RFCFhEYwcTwFbLriye7p4fVzFLjX8XTxxSFV (0.00203928 SOL)

Signature: 3NrE9ff9kCnnEofjy7Z32cDgMwdbZMR2RyZXH7WjiBdyRhDWU8SZaBUGSwRHWFK4QLaYVFzrK6iatDnYGb5Zq2gH

Transfer 1 tokens
  Sender: G8qJk72xkbMw8rTbTeXdcBPrAJo5qyxZSQVcs2rPZsBV
  Recipient: 7BEgnmvPk5kDhc2qeK86GozqqEvmWXcpQH2oDAoJ9fcR
  Recipient associated token account: FYhFSs4c1Fm3LHXRqTvgBjC25zayLJG8zQ37yBCuEuH2
  Funding recipient: FYhFSs4c1Fm3LHXRqTvgBjC25zayLJG8zQ37yBCuEuH2 (0.00203928 SOL)

Signature: 2gYBhpFWwkGD8ixFCwWtgar8c12MrLJhfiGwB3nquKFs2Cki5EbpUAYE6opbU7pFgpf91Efrv7TTjzaqcYiEx8yH

Transfer 1 tokens
  Sender: 9KaBMX9ZDRXtsDYHck4zLi3GwHzkSAEw5it8PjNpGe96
  Recipient: 2n5PbADyQXeCMztD5wnZjF3Nn2w8PmCmqSQ68TT6Q6KX
  Recipient associated token account: FL8x9w3tcw8B4CTN74n9xp8fZV9HrgutxWb2G51YStdK
  Funding recipient: FL8x9w3tcw8B4CTN74n9xp8fZV9HrgutxWb2G51YStdK (0.00203928 SOL)

Signature: nzhkR1jDZCoQRGsnaNz1LxkLRB3fEnAEZp4kqNEGRLvycS7haWJqAJx7PcSTqMnF9DGmgRv5uK3DUrrc1kCthnu

Transfer 1 tokens
  Sender: 5zdvd9YtFGwFDWQB7i1rq9VqRcxwxoSiqJUHfrwxQT3d
  Recipient: UDgkXzdnpRqT1adpbeRy1LULVjxY6NTWeVRTG5ZFWzR
  Recipient associated token account: 7gyW96dxz4BHi6r3Skum5FV5V49uwsr2jBo3Ce6KMbpM
  Funding recipient: 7gyW96dxz4BHi6r3Skum5FV5V49uwsr2jBo3Ce6KMbpM (0.00203928 SOL)

Signature: GvoniJEGsnwtKgZkN2p17k1exitXvyLV6bwkmEkoRTbGU1it4ZXLNsGapmCSyveKtKfjnmwZgFmMy9dqKVhh3Xs

Transfer 1 tokens
  Sender: 4ppv6uN7aQ4nrTzeQijxzQX7dUopH4QDSdPXPHP4yCFD
  Recipient: FBkdDE9fbQobTccnZr2XDqrpeevmeChEiPLC5ABXUXfE
  Recipient associated token account: BQ3uM2GPrhoSbsEyU1i9ZayqyVyvvTEtCAyZT2NWKwZ3
  Funding recipient: BQ3uM2GPrhoSbsEyU1i9ZayqyVyvvTEtCAyZT2NWKwZ3 (0.00203928 SOL)

Signature: 4VyS21NfJxb9hYsoFMcS1sEVgCVsEpngkng1dLGBn1nN4H3SjvDY5Fu7MvXZiiuQ92yRmERfAvdvSHypPetLkUha

Transfer 1 tokens
  Sender: 4KXJqUa7dP4BixhYrLmc5zZ4xrVoYAAvQxVTXr14QJmg
  Recipient: DskiBpGg3o96hQbRmaBJTnsnLuUMwUVpbmPFWN6WbqA3
  Recipient associated token account: 6YrNJbCdcgJCQjMQywmsFvvzj6XJV3Hc5yTDFmn4K1Q8
  Funding recipient: 6YrNJbCdcgJCQjMQywmsFvvzj6XJV3Hc5yTDFmn4K1Q8 (0.00203928 SOL)

Signature: 5xiEFstJMfLGAbX9WF3nE2594ECRHSxyr3Nmg49CYR6Y7Rvx9XxzBkAbUe6YVDjikDpc62Hr9puovfCmcskXpXWa

Transfer 1 tokens
  Sender: 7iqHsACdTb5eZkt5WjkEa9at8GddDULZWqi4sEcogWGc
  Recipient: 3hXsHKQBfG7XNDa3J9jzzaG4j3J67HfSYC6qHuzhNX3y
  Recipient associated token account: 44mex26nhaUpMbM7GJQxWRkNvBwR7vTCZjL3fJ4aLDSg
  Funding recipient: 44mex26nhaUpMbM7GJQxWRkNvBwR7vTCZjL3fJ4aLDSg (0.00203928 SOL)

Signature: 54T7wHYtANpEHvUoJAQzdVbkdQvS7xRRuNEDvEAAfXQ2JV4ZqKmWNtTkeuE6rK3uKiFKrAmn9oEbz8T2yvHRsKua

Transfer 1 tokens
  Sender: 9GZfd6ZhZbB43T92rA5fVzRTrhhfmhLcBHFtVmhd5cqL
  Recipient: 6f4C4XpfdZZreQKKoqZALZy3kv4TsJFRksHPMwq5sVUD
  Recipient associated token account: CB4GSp4QmuJhZAT8L4gkEuLF7D3NRQLifN8vL2MuPJGh
  Funding recipient: CB4GSp4QmuJhZAT8L4gkEuLF7D3NRQLifN8vL2MuPJGh (0.00203928 SOL)

Signature: 2cBw92uyUjyBZHYoftWLed5AHy1WNjDXdRQwAeixjjhGXpvqRy7XqndhQHpQdjLwLinTrMzCQg3Nw2BGQJU69Uv7

Transfer 1 tokens
  Sender: 4Q47rLmwsrS9sF6iucbqapN5vKFdbbTFkyrBxSnpStCy
  Recipient: 51oET2dy4vCmZ1JMGYR9hbsvsLng1vcLD6z2AZp1uq1j
  Recipient associated token account: 8PPKbH8L4WJybk3cjyziZDRCwjZ97HpVk9Gxe4pgUnem
  Funding recipient: 8PPKbH8L4WJybk3cjyziZDRCwjZ97HpVk9Gxe4pgUnem (0.00203928 SOL)

Signature: 5cCmGx597kiwxV3JkR9NRpbvrgNFb6nruPErmViwv4qCHWuzpxmXAJkKyV8jSXExcsibuXQKL7juFWCoFHS2eZza

Transfer 1 tokens
  Sender: CwnGU5KAUx5omHAQH6MDhz1fH7WKxJvSbEx5G4Bxv3KA
  Recipient: 8fYbjVT745fkPJStJvpReCLzmKnwP4J7sVsad8cs3h3Z
  Recipient associated token account: 8qQa6FQKnAdaGgRnLd6hf497oAwTVVC9nvxKkRLkMLGL
  Funding recipient: 8qQa6FQKnAdaGgRnLd6hf497oAwTVVC9nvxKkRLkMLGL (0.00203928 SOL)

Signature: 5cjznUypA1Q4PuCe2kUa44fn6dLYZALE8ZTX6hP7Jt45BQLYLiq9LyCv1AUjchGnesxG55QvhWms8uhwPJWY3fY9

Transfer 1 tokens
  Sender: HxzsxgH7aAmjTekPcstMp6VYGgQJ1qL9EVn1B5DJzNvQ
  Recipient: GWuAeuRDpAwKDxnVEDRW3hYn87dw8K91ZLrhhZUCftnM
  Recipient associated token account: 4WLR2NW3pdtChU6ezCvk7G99boTVLSpEifmNZuu4g6VM
  Funding recipient: 4WLR2NW3pdtChU6ezCvk7G99boTVLSpEifmNZuu4g6VM (0.00203928 SOL)

Signature: ruiZ986b1ejpobtLucHbjSqHWoRH3sTfRek1yVp1325AVa75BUbEbRiCosZLsX5uPzRk74Krhu9cT14GVWbTcZE

Transfer 1 tokens
  Sender: C7sUTxz41ShpafUzYbh2MCBFuc6RqJrcCyAjahdbqgvm
  Recipient: CTukU5WkHZAAwxpicJw9zMaKmUpYBPttWeZKsdhdgint
  Recipient associated token account: 5GUax3jG4N6H1DkcDv5DeYPSt1LGDLcQc8ttvEKe8CYF
  Funding recipient: 5GUax3jG4N6H1DkcDv5DeYPSt1LGDLcQc8ttvEKe8CYF (0.00203928 SOL)

Signature: 2ByCD2Bd589vcBEycisDchquk9Eq9SbQbmEXitkuKsmSQrni9dVUncrHt2QZDxwPqTJLKk5VtJXutJc8USyxHoT4

Transfer 1 tokens
  Sender: FAGrEx6YHTMXd2knBe6njm4wtZfBh467a5AEgivEb6hM
  Recipient: BBcnpuGSbDbMhZHugVRhURmfdFWkieXskLyHvqcFMsbT
  Recipient associated token account: 6w3Era1BohwtCZtHTYpAdCeuzC6nMRXWjv6HeRDpC2Rx
  Funding recipient: 6w3Era1BohwtCZtHTYpAdCeuzC6nMRXWjv6HeRDpC2Rx (0.00203928 SOL)

Signature: 56WNitkyBZGWid6WTPM3nePGYGpS6HsJ7dAJ2aiCjQQt5DaFvbSDDVg6CLsqF44VJRmLqx6XypCMmPEFMycksyff

Transfer 1 tokens
  Sender: 7ywUwRRq6y3WFzgrDdagNchi57qG9xJKfyQbBBTUnwep
  Recipient: 3xQRLYZfKKe4qijb2NKzQ3YKS7eLS5svvRTnGzdyRGD2
  Recipient associated token account: J5LZTyxPDZcRdHYafc2rHJjmHcGoPYmxvnudMzu6dbav
  Funding recipient: J5LZTyxPDZcRdHYafc2rHJjmHcGoPYmxvnudMzu6dbav (0.00203928 SOL)

Signature: 5zUbP8HLd2P7ynYjD5ZMx9LYHPAY7h8RkK9z3xm6VpBRFnoL9idPNkTtCkw4afTYSRxZMr8Gciy358B6SFVp6Gy2

Transfer 1 tokens
  Sender: 4m9ysX7aUSJFGLxwJsRZz1pUQQd2xHD2XxQkdU8WemWg
  Recipient: 9nAweMw4WLsp8qdjUQwDrJRW843VUdvWQ9WwC3wsUkU6
  Recipient associated token account: DmwE7cCFDcYnFmn5NcfFcarYtCYR3aUcaCzEPUkKfGsh
  Funding recipient: DmwE7cCFDcYnFmn5NcfFcarYtCYR3aUcaCzEPUkKfGsh (0.00203928 SOL)

Signature: 38Yv5PFzQ3YZzg7Vija3hrmv8kuApdhtQZy96o6GHsWskkCumagMW5QZXpnkiBs2WWMdXXBpUD5SAj54ZDALTnNM

Transfer 1 tokens
  Sender: ESfNrEevnxhqnJijKfGrSti7TwtW69dMFdDMDbWbZHf6
  Recipient: 31MnUxA5f5rvvejAs84Q8gakrb7SDMfP6oxFGHPXbfeQ
  Recipient associated token account: HdSLpesEKQzGv3yJHc51YsARpFyXnnZbTF7vPF4inDKG
  Funding recipient: HdSLpesEKQzGv3yJHc51YsARpFyXnnZbTF7vPF4inDKG (0.00203928 SOL)

Signature: 4Kcoyheb48EEW9muw9a32km6PevJMjst5eeTu56qGDUvFJvSzemWTNKU6SNRJCHEEYpqMKNLxfJLNovJswaLoJYd

Transfer 1 tokens
  Sender: ACYTYsshG8ZqMmVA3bkqNfxXsQyHjju47mtjYYJDFci1
  Recipient: BfsMcbgpi1bh49U21LS4MQdkH2sB4WHT1kXMV4cWwqya
  Recipient associated token account: J3aCwWmZR7Bje95YKL3QvSVTsftopVQqUxYkNgpbPZwQ
  Funding recipient: J3aCwWmZR7Bje95YKL3QvSVTsftopVQqUxYkNgpbPZwQ (0.00203928 SOL)

Signature: 23cV3jwuC9vnVnNFadkfrgkr4LCRDJQEP6ugSEv2KVL23Gdqa7P1uEM2ZhABKjfVFhKx3Jqdas8agEzHC1UMejto

Transfer 1 tokens
  Sender: 3ecWVvDdX7kffZjE2zmQg7X6tGbdzSXRHCTz9F1QwKah
  Recipient: 8NpGE1BQArTkDM2YNvRXpZbVPwPZmcBLVzNExR61hcT2
  Recipient associated token account: 3A91f7hYcGU7SEWAN72ecX9s7ZNBfeG1a6YtPj5824Lq
  Funding recipient: 3A91f7hYcGU7SEWAN72ecX9s7ZNBfeG1a6YtPj5824Lq (0.00203928 SOL)

Signature: fHppeMRJJ4UCZmerUXfrQdRkn793oZTRoi9NG4dwd2fkSdHCUfyVJ12VBdgGGug7jGXtfzmX6YsNzeVogazZUFY

Transfer 1 tokens
  Sender: 6UoTLbuNQyYwzCKdLoFTYKQo9x7NDNZfcUDBcu7sRtZa
  Recipient: HHkUmGtCWDSy9juDafQx6KoYeAqUqpZetJrLDnvDCZMX
  Recipient associated token account: 3P9YxCwXYQi1fh8uBWjBFaTzHmuJRVfqCPr8KA4FNzMh
  Funding recipient: 3P9YxCwXYQi1fh8uBWjBFaTzHmuJRVfqCPr8KA4FNzMh (0.00203928 SOL)

Signature: kMNmF7e15b3nvsYfSDPo39R3o8Ri6rPeoHN6iKfKarYffAV6crmmQm5ehS6CZTb4g6PnBNMLUeszqsKGUpeTFmR

Transfer 1 tokens
  Sender: 5GTft14WpcC9diqLd8v91evbprT5vsGYmUpCoWwZcAgA
  Recipient: B5wGRziAmbZ6NMGwatX7s3rp9tWzDL3fEJojQwh1JREe
  Recipient associated token account: 6nNjKyfjPUm1i57oRD8BwjB6ibTAkB4C7fFw5JqVxCwo
  Funding recipient: 6nNjKyfjPUm1i57oRD8BwjB6ibTAkB4C7fFw5JqVxCwo (0.00203928 SOL)

Signature: 26ycn1jPgvjvWn56pxgznvVik7yVncTstNFQszJ6fowiamR4Pyvrm1QMCpxXytHQfmHcpe1vtW1EjSesgfBL1qNH

Transfer 1 tokens
  Sender: pBQxWDeG5s1sLA1ZgZyEqxZwBZgC7k4RCyNJckwLMvG
  Recipient: 9ymwqm6YBPkvFdHG6roafpS3scTPTrC4GYCot1hMv1ye
  Recipient associated token account: 5xc12bugowjPkczSJHmmogTursqP9FVZrmVHhd8Kim8U
  Funding recipient: 5xc12bugowjPkczSJHmmogTursqP9FVZrmVHhd8Kim8U (0.00203928 SOL)

Signature: 49koKpwr5yNgBDKbBXxUuu61YFYZ7ok1gRkfMBC2V36aWwrisxfGd3jfU7Ca5Zg89mWZ7zvySs75ntodsAAec7sr

Transfer 1 tokens
  Sender: 6qvTgFvUuyKjAwag6K1cZcAHxjwabZ6jyVxqiQthv8E7
  Recipient: EuRZctGgW49y8R9CJdBcicdtV2xHrEDcXGkBoQPbazBQ
  Recipient associated token account: 42SjC46HUNhq9LZsdoBhuTHCWiyDLvbFgue3Y4adTaCa
  Funding recipient: 42SjC46HUNhq9LZsdoBhuTHCWiyDLvbFgue3Y4adTaCa (0.00203928 SOL)

Signature: 4ftkSFMcbeLrGeECKszEkR6HLN1YVRno1iMghHt75dxfQ26YTJdBMcqf4Dw4JTGVywHybNJxNSD7gBXQ9jXf2KSJ

Transfer 1 tokens
  Sender: EqLyRNkWHdrHv4A876XDxrRsw8owzx4gsizQPsQ6wLXt
  Recipient: BtbxfyPx5v82dcKYZTU73Nww9esX1T31t9TPjSw4LuXp
  Recipient associated token account: Fh9Fh1ANwe7PfLnHFvjTBWXj43zuXbJ19iKA8KkkAuvn
  Funding recipient: Fh9Fh1ANwe7PfLnHFvjTBWXj43zuXbJ19iKA8KkkAuvn (0.00203928 SOL)

Signature: 4GKnVf8BkepbGhHriGDBbpjZX6uJ73LoTWa8J2m6rkh64VcwZvu2QRsZQF5zUdMa4whWtj7oeuwTvbwktsjkG4ZL

Transfer 1 tokens
  Sender: HmXBFbmW8f4VWUZ18w221Pnw73spusvSXf5oVcG2Ca2z
  Recipient: E5aGCgnhBDQ9aoPZkAMxgMR1FkruzxtBFeEyM4EJwKD4
  Recipient associated token account: 2LJM92fy4xwDbr6F9eTNoWUp1dpCG6HdGiiQJH4REeae
  Funding recipient: 2LJM92fy4xwDbr6F9eTNoWUp1dpCG6HdGiiQJH4REeae (0.00203928 SOL)

Signature: 4HeY3JMPyZbkfxf2abRyRHKgsNbewSZ5UvWHMKzZVkPwT6N1TfxPy1vfAm9TjtQw92qapVFnVyPF64uqY5EivKv8

Transfer 1 tokens
  Sender: E3L8Bcns4wptQCB8qiqj9bmNEMgi3cWruQzni7rHg8ZV
  Recipient: HcR2HzRGZLR1tsvyxTT1y6oT1Lv1GsAdpHDFG8JdvKH7
  Recipient associated token account: 3diP3NUuEn3Ps49DZJMVUpNcsFdbi9u2YyXgWpJSraJC
  Funding recipient: 3diP3NUuEn3Ps49DZJMVUpNcsFdbi9u2YyXgWpJSraJC (0.00203928 SOL)

Signature: 2GLuMfHXNiLiWoDMzMAoHQ6umQbTFXcv62QN93SQ6QFXTzFnEJJUjuQM2w1JYRRV9u34jV1EW9sisZyWX6QBA5NC

Transfer 1 tokens
  Sender: BNnUiUj4aS9kX9Ek8ua33bF6ePFcXCLJ6CaVR5W9kzjA
  Recipient: kbtxDFxdfY4NxQ9kNAuXFJ2GuAZE95dCXQw7yeb9q11
  Recipient associated token account: 7DZzXV5fKj54rYkqCSM8xorkuutk5rkFp9QuTQ2EsjRq
  Funding recipient: 7DZzXV5fKj54rYkqCSM8xorkuutk5rkFp9QuTQ2EsjRq (0.00203928 SOL)

Signature: 47hRjPXSreCJnJ4ESXWZuWqihxZTpk1nJ2K7Xh4d8rCjRa2eHNeigDrcNXLG7t2HBs68x4nawLRToafkBJVAsSLH

Transfer 1 tokens
  Sender: 7iqHsACdTb5eZkt5WjkEa9at8GddDULZWqi4sEcogWGc
  Recipient: 3hXsHKQBfG7XNDa3J9jzzaG4j3J67HfSYC6qHuzhNX3y
Transfer 1 tokens
  Sender: 9GZfd6ZhZbB43T92rA5fVzRTrhhfmhLcBHFtVmhd5cqL
  Recipient: 6f4C4XpfdZZreQKKoqZALZy3kv4TsJFRksHPMwq5sVUD
Transfer 1 tokens
  Sender: 9vM8YDcRmVKS4KjpygCUuqwdBRfaez4Tk7nrnMTKUhuD
  Recipient: GtsGqCm4Zuy72Fx8zZdmhWR1rXfD1gLSsuhG6og7ev8b
  Recipient associated token account: 8Cxfkg4kCvmDKoEdqzJaCh5umPx9ktvKRoH5epuZGd5j
  Funding recipient: 8Cxfkg4kCvmDKoEdqzJaCh5umPx9ktvKRoH5epuZGd5j (0.00203928 SOL)

Signature: 5hH2eQSzrpz7bLZRexvjeicdqZCXWY3kNorofFyffh4dByvwSvgXfkdnpJiXQtYjn4vmVFqpSJ1ZeAxrjH6Dj4Pj

Transfer 1 tokens
  Sender: EY9ofrDK8dqHp7EPuHmU1x5JAsxRSZ7uGcxHKhtN1afo
  Recipient: 3eucHmLaRJzL3d3rzYx94KvxcVhR4ESLo9R9hhb5Snbo
