3RugTeqtgNvgESsVCohkrGKEsz5KagjecuPg3qgpEWaF
2KcCvxiKiWTu9XXLMSRnNqCgvZaLfYLx4aiecPJHqjrb
CWhmsKsqd8rNLussMP33gG5Fc2KHCSCx81CWeYYXHCBg
5NVmQU5Ph3zDaW11hJ9gQzaeSnCtxgNWoJtwGhVrSZuU
AEUto3eFWHLAmmVRq3Vo2fmHXwte525jQGG6D7pN4RRd
EL5FxobVK8zfyJwMa8jGaQJY3TcpWBZ4mJYyoEFJfpe5
47ZJRamq2rvTVxcFQFs2499ixJcmSXCKgb5FRnifYNsK
G4yn6VjDQoRRgqKVt1fp2uei3rFHWWKA5JwWPMM4eCgT
FeqZ8qhXvok2gPfc7fK3p1CHcdoNJz6afcb8fcbLYvYD
GNweeVmB7D3f3h3jMsA4myGNPgqUqqVCP5WsAqhhhEFF
DAphBWYHaBQkRJCHpqKXmjHo2xTzhSWUsuDrSexkwrAF
5LqNGhihihGxEjhB39uadMXCSsycsrixwdvuhR6C8EKf
Cfh8zzLqs9o8naPDQttdR43Wp4n1v1dRdN6L6KJSaqxe
DB7tzQa6t4pc6zJz5FZb8DHZpai78jRpLZy9DrAYJGxC
EVaAgKSQ4QM7f2vqh12ZRmrPt5SVS3X7mpLXcJD4wsPL
46Eatxgjy3xK8osMjVWmeWerNWVoeN4hoCB273oS4Ubt
AKNQahcHuDaR8f6Nez9QH8cMV26NuJugJJ3daHJZwxrZ
6YjrKrMyj1nEpCqmej5eD8ExK8P9BbiFvqTLK3Semid5
6dWYKwXPMgr9dbsWsE8FgsTHgHudFaF8vvaQTvYcHnn7
EhLMtwdB3gSM68fesxbiNiXVHdpAvioTCq2f6sgjKNGB
8iFRxf3KinD85BWb5JJEXAJdVSrFQqo8xoxbA93LtG26
7gq3awy9HeAsSZYeeqDDtZ8CVA3H2GHogBEHYR3JrkFe
D1J6YNBnV8BzUNGHDEPPxpJLmDhvZxhX8X7cSi6kaoPK
CKMDD7Xp4pBztCG5G2utc3kXvFqPJ17HMDPUwhLiHzhM
BVFTQzEas8kMPkcugksaTTuLnQJ8ESxtLryk4ngdyvjU
Abcx6undPZofAyKnkgG7BfbQmRhNzra1GSTpveGUN8FY
G21X6EEsigc5ZYJSjFHabA531ssEc5vgXuCZKUAYZCPE
2cN3AKrLjNUvAzcdePsomZEnYieuDF2bAL3i37jTWnuA
G4yn6VjDQoRRgqKVt1fp2uei3rFHWWKA5JwWPMM4eCgT
8kX16Yj2WBCz1sPXcimafGrutQkw3s3Swe9sR3gt3cC2
fRj7JpkYMwd6KXnTEXBQJzLAwL9aSiKd54XQto1C7wu
4cKqqwoADnQVUAapaq1CrCwpBwbvCSohZPzB8aHooJjk
46vseaqFEhLRDBohE3k8KLV7eUEE8CDc7zv1wCbrfr3W
E8pAWPsMpvuvxU6pqJqrq7yip7n6VgzpAcpdqbzcV8Nw
GyYFCFpwsAY267f9orwedcds6cKRMNZoaehDT2u3HBzD
5BH2V4PfFJeGL55zHipBpi7ZCqTieu2STs9paceNsZBa
3drUNCHxRg5gXoWSH4LonRa6TdT8UCgEwbbjweABV9sq
Hew6XJcEjQAx2Pi4GWogr68dmbST24g9xtumKBqvhkdL
28tLPjFZf4K4WCjiQPnveiWAapcB7xXrbySnmgWCNtST
9VWFrWgiWkUT7vk5nULpYpTzQ24P29iSte7hxB2KiWNu
FbX2HLXoWtj5iCSUwWVJS7NgrRFa1f635jhUu6TDdqH8
L7vksHGNsmuNi2yuAz6MVyczJhDBLX1VhmGcZ4EQtiP
FxbGsj3osX4AzJxhANAvGrgwSdRxJruGKxybRnH1rVDX
GHULVZfsJWU69rYJsy6NU456XzceBjVxLcd9drcdVuqe
84tYj5QuBQNDVsFXiEPMZddVTtAspbAJ8oRbXsLwoS8x
9CeQYRt1eK15SUAv8AE6XPhh1ijhBF1dyPdGQGAiCfMx
Eg2DEYXfCmeWaXLcCXGS6MNRPFafG5NAwgVB9mrYPT5d
GvZzyqEgg8UCmv7Ea2SikWCiYoj4iBPBzLja4Yn9zNSr
7ZpuSrxBsMVQ8z4GPdTvzsVvaT1qEw5yhRgh8fHKdDqP
G4yn6VjDQoRRgqKVt1fp2uei3rFHWWKA5JwWPMM4eCgT
7P4Bb1pCMuYNveYhg2j445cmTRCEGp2eAAtBQUv7Jz89
Cm8cYtgtfyULCzisqUnMg68aqqi12PGZScouQfJRfrG3
51oET2dy4vCmZ1JMGYR9hbsvsLng1vcLD6z2AZp1uq1j
51oET2dy4vCmZ1JMGYR9hbsvsLng1vcLD6z2AZp1uq1j
6BvM7UMn7kFWVnSAfyv7j4FsySQMzHTDvyLA3emSJKYJ
APuxQgMLdP8pZk2VzsppV9eUD4aQMmsCieWVyU75LSgn
GewJW3eLePbtwrqvy62A1BN5LoB3TZxpwrFUfR4ZH2xZ
7XeooqaDHBA1UxTSVojz1qtr4zTyU5r7YBWAtryhrA8y
6dgZRxs4HCRy5m2ccQCsCUAWnRQq343ujJvufpNVYT6Z
HHbKXTkzWxgg3RUeewaSuX6Y3QtSER9MitTSW8vVW8Z
Poc3F21LL6fiHG1Eg9StxqHcLQ9BYreAhzXfRjY2Am7
5iDcmVaSaskGaYt28dAhTw5zWUC9UPSqsf9M384ofg55
8LWMNNGMo7FgZwbpzRnBJ6g7AqTjn9TFbBs3rMANYXWT
5joCx1NXJb5hkJEqTRPuSiuHYJ5wa5gko55syyVgGRjt
DD14d6GeuU7FBN5c9WmgYkFzPsgRxBhtkQpYEPbLzTUF
4dqkGoq4VtjmSvoE9m7wEQWMv5qJnCLoCdEUG1ziiQ4G
EAzuPsCQuDDm5EyUeSS9bDbrsDrKejiRNJgLJkRvqAWz
CKpNMrMmbDgiqN9rvE4ZqBSKmDbCHAcBvUvNvx3uUwjj
3QTRD2FfM2niZmZH1SxS6iJCRFY84DTq599gzengTtxQ
BVFTQzEas8kMPkcugksaTTuLnQJ8ESxtLryk4ngdyvjU
51oET2dy4vCmZ1JMGYR9hbsvsLng1vcLD6z2AZp1uq1j
22PcCdkYNqVVtLwCQ3BSi3YmZaghBCgYNeAvBcee29Tt
51oET2dy4vCmZ1JMGYR9hbsvsLng1vcLD6z2AZp1uq1j
3zCxPoH5oZ9UtNE3b1UpMv6DLB6BiTApsxAY4VqQGBqy
96WX37vQhNmrYmE5UhWG1xFmYX6QM9X9vxUiNu3MtwYD
EZsxgTx6JXqZS34sDynrFkKD1Q64Eve7AW8FjawFfovV
45KFop68FVgH9w2eCtFHhS7bcDq6Xjfwa5zEbEn7Ec8y
8BZiPqhVHcQRUi9ik4ToqZ83wc5bRovucP44ajwLSiha
8nqPJw8HELJhME6WVhXFt7oc5GcQGGPqU16QP7WrRUe2
D7dy5JNrwANxCMgQW69Vrp93yWnDfjgnsSfVTSdZpZnL
7P4Bb1pCMuYNveYhg2j445cmTRCEGp2eAAtBQUv7Jz89
FPJd75QXUqtp8kAoqLcoPaWM5UvvezjZmEtW4FefjdbL
7engHFGfqWM3GTvWbnmEy5a4crSD3Hvu8S828cTkRLA2
CZbmLXFpJGzNabQQdsHQ3KWMkA44BFGrdVvvSxWA5RwQ
CHZKVvLFfyK5pDe8vcmPwfhStvJzrJrT6EoXXMdkFdCt
bae93fAqQRbzRBwLnC5ZeDt3j5uX23nD62B3pwvpgXB
DnmFPnE5awaed1HimvKNBCJkvz6zi9WCaqnrvzM7d8PR
97xAKp8FjyXkiYqTtYWN9ArD7KxTevzaCAo7VCcwLAsK
8ber8SR1de7Ai4R7399qsCoinK5kBYk5jWQpP4LqAxMi
ESEQW24TCwcR4hYKCX6fZnDMaC89bAW1SuhsWzgN3E3f
97xAKp8FjyXkiYqTtYWN9ArD7KxTevzaCAo7VCcwLAsK
8LJVCZeBnLCWakmSynF8w73mPcNXAqv2uHe41TcrR5K4
2HybyiFMCJes6XPP2sU81KqDV7w6xuNx1d6r9sB4kwan
2HvZLtooDPoA3WkP2vQqykTbynL1YMwPmu3X4y6g2C8z
8eRtioGxFAm3yYdSYRVrpWFYcWWWDTB8g4J6EUrYs2XC
DWYyT5r5bSjfB2bFc8sXYtFwRJ97iU6Qdn1sLkoh6JnG
8pvjuHGYakaPWkpvMkjDGtWQW36u3z3N5dtxXacoW32c
CHZKVvLFfyK5pDe8vcmPwfhStvJzrJrT6EoXXMdkFdCt
4fTrRT7vRieXt3F5BJiaDfPKPVQMoDdQbwhTwJCMvgg1
5uSmDhZZ7dhpdpWUKAzDoiteeQCe3ReoUHbZzKvFEVtz
