6YFHvHRtFSLsAWhx97ksSiEdvyfnZ8pD1oS6DoyU54Mx
G6m5BCF4UmE4M75rdNfnvvQgnEpqBA1jXJTMKcbgCsaY
3RHJYBEqrx2fe9vqEuWAHM192LHP836XkDvWbVMq9hkR
Gkg2mc55WKe2D44cEgL1y47N2g539tbtPiNiFJa2QbAX
9Fj3LnyG5CrLRwj7EqGAKm9nxpVeBrd2uu365PSdupnv
7m5qrHHmUbNrWeQ4EYC6EkGzbCDWwfCVCVUA1bNfa7fC
8AacYpKB8GjAEy3DfNJqRoqBGZqJcojjS36XhatmYkRJ
J1Y7HP3sU7W5VyYWmET7nLRS5apXpZkpTSwp8AxfxuCn
2w8trZtxgjV9XYTcEYiDMtnRc7jb7pY976eUynfeMZiN
Hwvyftivqy4GcoTmX8hC4V6gLJoqJdhfXDTvuZQxggWJ
C1jA3zVNQSrdsiMHbKr5UNfKJbhhCYytuQ15u7CByZaq
2mQEvuWRjf4SxL8hMvare69WpQcRD3EXdQqGVsD639rL
88q63obTHqzHxBKwL9NkHetEzEXeS9Nkr3ZR6FHY8Ws5
5oaeKxUjSXaUguZeB837fkCHFUyJggfKUr9gMXmbm5pT
AsMhvQjNtaqDTagQ2QeqmBcA7d98GMqsbPVLapMmfpJB
9durfkBmuSQh72XyfoeVpPH4NESEoXsVqgxFLvgxbPFd
BQnCBUn5fEKNif91PNG74VjTbsW49EC6w5zP4A3jzFvk
6UWLX7cs9DFNLFkFL7jByVPq82FFnGjZ22bmT344Jfum
BtLEWsrPwuCwYb6T4ABYcoJsaAXvKjyJmmCqqkDwFQSj
5iRFj3Fgqk3M3hLtHhFwR4aeXQz57KrNeDS1jTUUnZHH
3u9Gb2wejdEALde1FhrZc3vziKrrCVg7HctycVRXWovX
DRUNr1LozAZcU3BDuEQWWxLQwvtAxjz5wLxcafhDZRsc
8Eu2bmtpewADkXohF1wcmgHbs1r4hdHAfwvkWo9rhoma
8rzT6eSexHi3S6XFV67fByvWmSFChvvMVhobF3dcv25t
aob9CzJN2cH8kBu5E8usd1RT237zNmz4WShXAasHDBh
7fXGMJ1jn9eLG2iFeofHE9N1DJoZ7mjrk8CmN8UQTfbL
uLh8sNxDZqz1SUBhQMVhFuzQUminiUym8zDkoHRpTtY
3cdtAJRwuYuZ9fYTjFrU5GUSQHrLx5W6XdRR5LgHDGeE
8tmctv8D7GCKKUmF9sJ4jF6f8zS9EWqbsGnqvMs6Zk4Q
32eh5znuKGTiWz9ddKxnywJFKdd1FKr2j7c3bJLpbVVN
CnEHip2nZu6EfLxQRPsapbN8s6xYAnWZsz25KuwNa83v
CtSMYkDEppht4wQYhSGHhpKVxDXRHRf2ccTtrRMp1S2P
CPBn9fGyUuBA7ciqRnAc7xpPYmus56bG9rUUkYShW6y1
6wG4MJGjRDZeVz3dTea97hBFwfxcutAKXHE9od5K1mCj
BH6BVgB5uueadqVez4cAvGa27ZWQcZjHAHYr8ftQ9SSv
3i8EQZqGeGq1MGFtQcC5idcoSLe9NN5gS57XfviBwUFJ
8hCqetAcBryQW1tpBNrwF9Szdk1zZdFsV2asFcETnqXQ
HZPjG3k1QWUPHP312gNmTobKmJQQa2ZtteMrfUvaGQ7c
kAvbo3DLc7wGjxLjEb7c6gviRj4kW4RrYX5sPASaB14
AED4o2DepmmtwnSxHZv8QmwuLC496asdPvSQNQiqgz8L
CdCQe9vrR4oidnYgViksoC6e6K8su1zSNcYQ35mnMymV
6xh48KKBNRGZx8ssNrtKCCqKmtSqroGwaF8wjMsS898X
AzxRauR22RYSozsXeBwCEhHSgRPSv6hmkmtmceuLRDi8
5bjUTTjYXCXtCorCcdfeKUUvLtRPJsngcdtMuxXjrdBb
EzxhjdcB5U5yMkhyxboYERpj8ghYwPkXrTHxwfCXaqDh
A9EA9BmnJVZqyMiuxv92gowNkFXysSajw7jz3pq2c358
D5LZE8V45ABVLtyktPhNZepkT9igdi7BcjQDjREkvJ9Q
HtgbuTPAvc4G3j3jjbhP5RZfPhuC8Eb8PzQD4fdoFgCA
HTs2NfcW6GPfBvT8pQjFS81rTjWw4hAEHmYEdoxL5CG7
HNXuLoY4FLR5vjvWZMfWpcShcGFr23je6xFbCxzcVEMg
9DGXPZ9XSmgXAwFc6Pj2VVcXWCoq58UWFv38UXY42dW7
6RhYx56RKms8SgHXDpxyHSnZL6LDLEBSphZQvk9sXnqp
43G8J5Rs9FkMzo7vxFTRc6fMhpEzCB7Lhi5dXihGQ1Ms
Bx6DH9bGUEcmQ8w6zx1raUdsvfZB2UtvgW4AztrnkHMt
EGjC8XhTRRGFgjwPT5UfoX5RUCkDy1uoyoZtf6Q5F2gs
VT3d8WQohcHarEX8T6dwHSrrr85bbMb6AtdWjVpu4Vz
GTMeEw3oKjKGV1KTYSnBUnDMiyRxZu5ZNxha5jLX4KJz
EaZ1ZYcoeCzyNE4NWZvWCdNCzmvzJmqPQzaW8ZtseMfU
65pDumovGnA3UgXNGW5ojSMmAd5jW9icxB2gh1vo8qDk
8DYTecVBHvznWg73g7gt8qoSeznsEYWo8U2jnhxdQVr7
dRhEF3rLaBV92RkcEHscMNgZD1hpypUBpZFjEgikjmV
DMzDMQ1yufkwS7LQSCCDNuW8bCjjLt5VVy5tGUw1ADfy
5iHdRseu1DTCHT887xTogV6kMFt3NNiDscDZkYABeVk
2zuRFZgkrUajjT52MQb6TGTzyvN88JSXmhzXNJERwmPs
HDY2ZUJqsMMiC5A44fF9VAVGKXJz2cKJawXrNz6NuHyf
7r65bQRjPJ9c1SJJANSzUEuBcewVutdbaodxPpbZCS18
6NnskPcpHyXH79B6RD8CjsiSZ4UAMUQSoQ2cMKVTJMsk
9MxWYTBY83WF6o2msZFayvqnTTTH9KXF8LPydbXWUkT3
2rpmGVXhYkfT81MqUoFixhaSM6ADcFXzWuubQvFaY9To
9YJAhrHSU9yQyonhkRdFG1dmyYnRLhb3uPSqenKhJTyz
4futvjFVxSEGN7XiiGPDTfTSMpPwSLM2iJfCDyqav77S
AmMQLQrHUGVj7KXFxdTTzN91AjcKDdzoZBWQjmhhVmC2
9JsDUn4vB19n869k5jK4bDCrEuUM7vps43DimijHyk9M
AYwKJaN9e5f1u6qR5PFtR7iGedoSZVmqNRJBdpNd8atN
CkziqQ7uVrTtpL5afHKJoza2da4SUnHh1oxLEXuTbJgZ
EAVQZBrS25BYRxACNAtceCHULcGW5KXB3GMmrjN3cz7G
ysVXWHVRbSoaff6ybqPrFGDy7hbu2UTRaPVR8vxmbHx
CZ314egpS2AxMKAJVq7iUDfZ66myBQFvy4hm9TEPi3SL
8gf8TJLC14ABk8GG3yV162bdzrvYtZyxZ7o4fzyuUA9N
82fWbk1WBcYFpzYoBbxd46i8qjBoP9RdAVHTxewSax5Y
9u2kVWoVyQmQBKAXTTfDfpctUrPJQk1t2HY6JgGreeaq
7VwrXaA6wzYom8bqCAfzvdZCDQUc5xHcuqdoYjDQgU6j
2Ej6Sij8eWeqiMn9z4BUUBwrkNBvgYrEN4sTicpG3Zjj
AUJDYRbXACgUNG454GYag4mjYNNCcErfJ88EyzsYcSrx
E1p9JLSCTCKdDpXGHjvMHokisMQGjp2B7nsAwXJ3WLRg
GemGTiwwurrsXXDjPn6j4NrWBwUuaMEmzor7EYbRwoyR
8Gs2XX6RkZieZbV8C28tYDHWxcje2wghQXvpcSnb2JvJ
4aHm2T9te3VoCpVob9AJEcBTt76QGEiN7X9wFdbHsndN
32CZpQCNS4QBGzwbJsCrWAgu4j2pUefkYW2sxAm9nWVV
DJBL2x1KFgJgZDFG21V8LCPd69dSKSCofqxLUPqMqVQS
Ewv8FU2UaT2kngk9vV4sdojmPtjmpadKrPCDe8xqyr44
3FXVvzUR8zRiN9RoEPCeHAr7VNbZe2XrNtVPEixBVpYZ
HxVsdBgxSYYddLFYcWUQhkWDKZUgAo4kXggYxFikRDNS
B8XMjAmmPhfWaYSzscja7WtedpJKretJbqKjfsuKPjfb
BgEQUfT1FiwJKtyGiWYdATFEN4w3Nuzpa48zx6ykb811
C51rD14PMkubek84V9dtngHPMtaMKaqJcqjihxfNovBX
3xZnKuc3c6BLzegCWRTH9vH4NbHsoxP178XSoxn3xdyU
F3Z5kQgFXr7Xpvvq26ghzBwwoJzc5VzQB8bKfPR8mAtp
9w68RfhyCH1yM6jdwMS5JUop2b24fsUktaiQtbi97Wqq
DhjyBFAhBZndTmVqgQRKAxZ4pv6Z9dFeCW6KhcNM5LMa
