Transfer 1 tokens
  Sender: FzMUKCerRCcGsMbjSsCGPPdQV3HrqDYGpR45Cqa2JPop
  Recipient: 3RugTeqtgNvgESsVCohkrGKEsz5KagjecuPg3qgpEWaF
  Recipient associated token account: 8u493wE9Bx16L6mPbevon7CNop7YgRREPPmrRdKf8Y3d
  Funding recipient: 8u493wE9Bx16L6mPbevon7CNop7YgRREPPmrRdKf8Y3d (0.00203928 SOL)

Signature: 2Jv8rQArhPnbUEV2Wwq46bdP4fMdGTqbMZnVQMy1cHUY5LjZWCnSzQJsZsHQ1ycEj575tMfcYs9ekF1ZH89Vdzbs

Transfer 1 tokens
  Sender: D6R1WuKaqTRgUas26XHcKN48bKfwmihxB8RSBG8gJemg
  Recipient: 2KcCvxiKiWTu9XXLMSRnNqCgvZaLfYLx4aiecPJHqjrb
  Recipient associated token account: Ep5mroYghmDaUNuxt4uVXiPCVvthCr4reVxM2SMPsbNe
  Funding recipient: Ep5mroYghmDaUNuxt4uVXiPCVvthCr4reVxM2SMPsbNe (0.00203928 SOL)

Signature: 24R48G5jJmdLg1wztt5uTqJKRLoPj4yAhkSp8EadWLz33xhL1hGDB5FGZwKu5aBWPW2xNpqzoYzCm9k2XwQtEtD8

Transfer 1 tokens
  Sender: Feo3FXb3P8vsrAhb8jVzoFah8C1iv1b8Nu3iqqwUAb2S
  Recipient: CWhmsKsqd8rNLussMP33gG5Fc2KHCSCx81CWeYYXHCBg
  Recipient associated token account: 4BTMeZSDgQmWn1YxT1KMvgub4cqFQcSBZWLwccBkZhLR
  Funding recipient: 4BTMeZSDgQmWn1YxT1KMvgub4cqFQcSBZWLwccBkZhLR (0.00203928 SOL)

Signature: abmrCrZfBXbJ53hFBWah6zFjz98VKcudFA3TdH3YaDuX7ic7RiCtrLPazoNKsxjXjAYSVZpaiD47wtEY2dVW8xC

Transfer 1 tokens
  Sender: 3DJejL8KzLEdBWB5uXceoDW2nNPPA6Rr1kLiUe6CbvQN
  Recipient: 5NVmQU5Ph3zDaW11hJ9gQzaeSnCtxgNWoJtwGhVrSZuU
  Recipient associated token account: 58TMs7ReaVxfeWnycr14SnGSDHQbMxH48AX7XXUWxdHY
  Funding recipient: 58TMs7ReaVxfeWnycr14SnGSDHQbMxH48AX7XXUWxdHY (0.00203928 SOL)

Signature: ezdQrvVF4Ci1T68kPFVetdsuXCTVexugtfN7L3wSqM1C2R4c13kq5AdpVWbaHpGgmCo4fVkm6oFuNjo4i3xxWkj

Transfer 1 tokens
  Sender: AVmrWh3kngZ5VmT7W6fKqXULpV3MVAyvqyPaKKo4vf7S
  Recipient: AEUto3eFWHLAmmVRq3Vo2fmHXwte525jQGG6D7pN4RRd
  Recipient associated token account: FfMta2KfgbsTGavijbzMpx4CH3WSrPcoQMTLBvdrfQpn
  Funding recipient: FfMta2KfgbsTGavijbzMpx4CH3WSrPcoQMTLBvdrfQpn (0.00203928 SOL)

Signature: 662dmqXoSX5EAXiVtAwfrayGisyxEz19dVGxwof6oZwnTqxySDZ9H15VNNb6argXKHBmxw5nbDEiWay1TcXa91Yk

Transfer 1 tokens
  Sender: 4zBNeMMc3oqLtGTqZi8cv7WrmGtoHAXJNwKZQn3Czy8Y
  Recipient: EL5FxobVK8zfyJwMa8jGaQJY3TcpWBZ4mJYyoEFJfpe5
  Recipient associated token account: AmbHtA3SsqFjou7CApPCQZRdWiYHqYpp7b2i1AgrjxjH
  Funding recipient: AmbHtA3SsqFjou7CApPCQZRdWiYHqYpp7b2i1AgrjxjH (0.00203928 SOL)

Signature: 2rFDicyXVfTBHVb8M6snxFi2SAmmDRf63oUEYiBHHAEh6zC25MzmmaE1FVU5DAf3epPJ7AhtZpnaHdYV1THBikeF

Transfer 1 tokens
  Sender: DB9FTSQ5fFUoPCpSTCYLkaQ762iW5R2j4VqhXgQAYvzv
  Recipient: 47ZJRamq2rvTVxcFQFs2499ixJcmSXCKgb5FRnifYNsK
  Recipient associated token account: BvgJMowrBDfyZg1eTEVSUk3gVEKWikYUL3hnjA2iYgVN
  Funding recipient: BvgJMowrBDfyZg1eTEVSUk3gVEKWikYUL3hnjA2iYgVN (0.00203928 SOL)

Signature: 5vkUGJdPUNMwPp57yXxtVR9AoTehFuGB32aBPJS9ZaTueFxVFz4FQ7sjtTLxJFKQEAGmUSzGYVLXGrU3KKxERF3i

Transfer 1 tokens
  Sender: 8W2WVnn9y7NKXKTwkHqs9m41L5etJNMhD1GZHJKPD5tP
  Recipient: G4yn6VjDQoRRgqKVt1fp2uei3rFHWWKA5JwWPMM4eCgT
  Recipient associated token account: 2uFzyRHAVf938aj1VZgSropZUANrMfyFD8wo5MA5rSgX
  Funding recipient: 2uFzyRHAVf938aj1VZgSropZUANrMfyFD8wo5MA5rSgX (0.00203928 SOL)

Signature: 1rf8vi4KBGyM6xgnWBeEuZq1NdJ76YtFcfK4xcgUhmhPgxPsc7KJZA85aqDbyf6bqGrK2C6yLsJiTy2aEZQ5tgq

Transfer 1 tokens
  Sender: FMwxXEQBzHyNnS9k3pkLUqgnBD4gxz9QRU3zjwSeRsD5
  Recipient: FeqZ8qhXvok2gPfc7fK3p1CHcdoNJz6afcb8fcbLYvYD
  Recipient associated token account: BwcWdSeHYMELBMCyJaju3w3LHSsQvYS6QjiisNWd1k29
  Funding recipient: BwcWdSeHYMELBMCyJaju3w3LHSsQvYS6QjiisNWd1k29 (0.00203928 SOL)

Signature: 2UTBxG2iiXmgNLLoWTByuebYXdyp6MwpZF8LmoYkZaN7aH12iPBjG4tdPyBwVydShtdcPpMhsxJryxYhNz5PvZf9

Transfer 1 tokens
  Sender: 5ZHzMvHdcTQaCjHxKEQKT3tuDFEznNJKz7qvAvrZ5Gy1
  Recipient: GNweeVmB7D3f3h3jMsA4myGNPgqUqqVCP5WsAqhhhEFF
  Recipient associated token account: 6WP6udJ9LQGmfpAEqqNiD6X2C5QwPGSJntP9Pgng1ozx
  Funding recipient: 6WP6udJ9LQGmfpAEqqNiD6X2C5QwPGSJntP9Pgng1ozx (0.00203928 SOL)

Signature: b8wSoA1g8kxW5fXGpHZbyPsRxBeseNpY6JPRZsGzReYGSiRMHBMKALpEBuXc37f6QMHVk8zgz4jCmc2CmPpZNJ3

Transfer 1 tokens
  Sender: APiACBYv8KNXNgU4SMT6mQWqcVndW7DmbYtiL4YCobsg
  Recipient: DAphBWYHaBQkRJCHpqKXmjHo2xTzhSWUsuDrSexkwrAF
  Recipient associated token account: 2Ki7rBDz5We4nggZMqZ8HKuXJstiKGWSCfh7fFP6cffT
  Funding recipient: 2Ki7rBDz5We4nggZMqZ8HKuXJstiKGWSCfh7fFP6cffT (0.00203928 SOL)

Signature: 3cjMR765eCPBuFwCA4MYiQYz8qfzJf8mB3g6PcbikXkQZn3s6r7o11fHhme9mdc52RPRdvQaSrKJNPUSsw4CmSW9

Transfer 1 tokens
  Sender: 2362uLAeaC1UHQtCPkBDMKaPTGpTSnxyoiDQYLFHPyRR
  Recipient: 5LqNGhihihGxEjhB39uadMXCSsycsrixwdvuhR6C8EKf
  Recipient associated token account: 6Roz6gJ8gsASsNbWvesHVhqXtycXcb8QxLdXR3uw7noW
  Funding recipient: 6Roz6gJ8gsASsNbWvesHVhqXtycXcb8QxLdXR3uw7noW (0.00203928 SOL)

Signature: 5ojhzyxYaKsGZcAw6M8EXh9hd7tWwFfk7Y8N546yCuCTw6XatQLar4hkzguo1vNcc9YjarUaPzvqrsT9LeZcBAUd

Transfer 1 tokens
  Sender: Fksek4ztgNKxWQmCbC1gk6U9MJdtPNYrK2dofwY2qdfq
  Recipient: DB7tzQa6t4pc6zJz5FZb8DHZpai78jRpLZy9DrAYJGxC
  Recipient associated token account: AGC34u3WRUNVB5wZCbH1HK62irxvRzyFwSTd5c5sQAef
  Funding recipient: AGC34u3WRUNVB5wZCbH1HK62irxvRzyFwSTd5c5sQAef (0.00203928 SOL)

Signature: 5NrsrxUzjseqTSVoA1Pa4Q3ZExUFyYejvvAfhgT6LdtxBfmG49L7UM7nzfS9XcJ9Mb9BDuKGCRdsTeg8DvBajsuK

Transfer 1 tokens
  Sender: D8dU3qwQVSuHv1HrPuPEwjQF4a9SYkSwXx3jX59RdYyn
  Recipient: EVaAgKSQ4QM7f2vqh12ZRmrPt5SVS3X7mpLXcJD4wsPL
  Recipient associated token account: VtBkVc5UHEHXFX3TsjA9TE88uyVzbfCsMzva2JsUzzW
  Funding recipient: VtBkVc5UHEHXFX3TsjA9TE88uyVzbfCsMzva2JsUzzW (0.00203928 SOL)

Signature: 3BzHZ5ydc884ZaUMFacMCRTr8GyqPi5xL3812EQ2VvZNaeHBwvUKVCJUkbS64WeabR3idqiHyhx7ivrMG38zEXDc

Transfer 1 tokens
  Sender: 2jnbAqJsdmKDV2NnCGs5sDfRPQDRz8BZmq4LZwPYAQa3
  Recipient: 46Eatxgjy3xK8osMjVWmeWerNWVoeN4hoCB273oS4Ubt
  Recipient associated token account: 2gs4v8k1tVgwdN8G9B6qgyx3D2yA3kER73RQLfvyrrRM
  Funding recipient: 2gs4v8k1tVgwdN8G9B6qgyx3D2yA3kER73RQLfvyrrRM (0.00203928 SOL)

Signature: 3taPeoUpAkBnfgXTABVEVTeGxhr4ygYwtnTwha5RcuipBap4KTjq1WDDvMnc3o84ctrfNJJzy1Kbad2zSFfDbWYd

Transfer 1 tokens
  Sender: 2ZqHzjC1w3xve1ZTqbuyS463hyd1Md5esvfLzddp3eNm
  Recipient: AKNQahcHuDaR8f6Nez9QH8cMV26NuJugJJ3daHJZwxrZ
  Recipient associated token account: E7anWGzxk3qspKBaU256TTkkwk3W7qhzraDt2cyYXyfc
  Funding recipient: E7anWGzxk3qspKBaU256TTkkwk3W7qhzraDt2cyYXyfc (0.00203928 SOL)

Signature: ydvuGNAoMQheVNwYSp2q5GirAKZv587q1LcDLzmqoUEeatYt42uL3iwW6rTBZkNhfp1q9K4z7jHdP41BfQqkRh7

Transfer 1 tokens
  Sender: 7uEJiJnX1pwpifaVFPVdST6Rs7TrhAB7Y34btht17Wd9
  Recipient: 6YjrKrMyj1nEpCqmej5eD8ExK8P9BbiFvqTLK3Semid5
  Recipient associated token account: B8dpuac9UDRWQ8L9SbfZbCZZX2qvd1Aepy4aYMNS2HeZ
  Funding recipient: B8dpuac9UDRWQ8L9SbfZbCZZX2qvd1Aepy4aYMNS2HeZ (0.00203928 SOL)

Signature: 2fR7ZVsdbhWX2E3zF1voybLQwgep5jBXWXNZqvjmN2dznaCbXD82U4XdxuetqrdPEoQwGWxBV9pJXdQLtcUJKqwJ

Transfer 1 tokens
  Sender: 4VM8AKK6XD5hxpxxNf4rhuyT1qRottWSyNohYkF8uWFh
  Recipient: 6dWYKwXPMgr9dbsWsE8FgsTHgHudFaF8vvaQTvYcHnn7
  Recipient associated token account: 71V8xpz5VJncbifLYpPxQHw21MfwtKuyLxsFwYaVbDyF
  Funding recipient: 71V8xpz5VJncbifLYpPxQHw21MfwtKuyLxsFwYaVbDyF (0.00203928 SOL)

Signature: YJjaVxk4fVPnGodf4RQhLe5aVbK5YoUehvXERxb2MP31dUPADMjMnW6yeh7Q9tF5KhWvXvLHFhMJhGUzqtXDVEE

Transfer 1 tokens
  Sender: 8uEmHKQkGeujQCGzVkMV7QfFEKG3aAS9TT5Hqv8cST9S
  Recipient: EhLMtwdB3gSM68fesxbiNiXVHdpAvioTCq2f6sgjKNGB
  Recipient associated token account: F5KZJHqinSLnZbY6UuitGK9cskWcq3XuXWAM5ZWFsGFE
  Funding recipient: F5KZJHqinSLnZbY6UuitGK9cskWcq3XuXWAM5ZWFsGFE (0.00203928 SOL)

Signature: wDMrrrswRpgwgRELXARUG8UjHcdQm5tLnxsUAdFch223vsoTa5gLiTen4nWMvNsygdjno4Hq5KT7gcraqhqGHgM

Transfer 1 tokens
  Sender: 6iDkd7bjYLMkd9agPS4fLT3cAHDrP5rwqpLTB1xu2P9L
  Recipient: 8iFRxf3KinD85BWb5JJEXAJdVSrFQqo8xoxbA93LtG26
  Recipient associated token account: 5vCTXJvFKBEM3BT1httrN5R3uRu8DkYXRCGnnMZTVwv7
  Funding recipient: 5vCTXJvFKBEM3BT1httrN5R3uRu8DkYXRCGnnMZTVwv7 (0.00203928 SOL)

Signature: 46h65zTq9CroG2BpLTmmpHh1axbr2LhYdLvEm6bbBnC5Lc9az8wkNe66dK7fjryn8QpNRVyp6NmBv5XXHE8bbKLV

Transfer 1 tokens
  Sender: B2KqvtwJJ5mQMnVoG5ijDDSv6zLoqr3yiaboF4EYNdqi
  Recipient: 7gq3awy9HeAsSZYeeqDDtZ8CVA3H2GHogBEHYR3JrkFe
  Recipient associated token account: 8ftjmrLvURvyJZ2JK6kg8q89DAG9wkYsJ2EV73KwLfhr
  Funding recipient: 8ftjmrLvURvyJZ2JK6kg8q89DAG9wkYsJ2EV73KwLfhr (0.00203928 SOL)

Signature: 35A8nw5SYEfHDfWkVHgBYS4e5w5cEtuMLoo1S3Rt8hxWjZdfHNd5QRDQxTyn4N4gC1JWLZDyFLnQGMAcuuAAPziQ

Transfer 1 tokens
  Sender: 8f5ojobW8FxtKjVJrCcuLzJY6oizHQGa3vzSB7uaGHpS
  Recipient: D1J6YNBnV8BzUNGHDEPPxpJLmDhvZxhX8X7cSi6kaoPK
  Recipient associated token account: 7WmHco4AmLrq2CT9j8eAEf38UCW4QaV2zecoyDGRqfmy
  Funding recipient: 7WmHco4AmLrq2CT9j8eAEf38UCW4QaV2zecoyDGRqfmy (0.00203928 SOL)

Signature: 4tk9Yuszb8Ev9o1BEDQtEvwqKGTo72pYwu8uhjmZFMnkGvgSqW6hHpafwMiZiBmduQDjoJtHDmTfxZ2uABkjhNZE

Transfer 1 tokens
  Sender: 2QyLo81MsX9YnaHprFuX1m3KbJmpoyEDSyFyVUPkGpYz
  Recipient: CKMDD7Xp4pBztCG5G2utc3kXvFqPJ17HMDPUwhLiHzhM
  Recipient associated token account: 8i73AZ1pwvpULvnMEPTXzwuyFG2GvuniF5jwqh5TfHjA
  Funding recipient: 8i73AZ1pwvpULvnMEPTXzwuyFG2GvuniF5jwqh5TfHjA (0.00203928 SOL)

Signature: 4Vc3hL5MDZ7oAx73DJBmfrreNDfeZhjNtB58a5S4yciN2Bc12PCRifhtubU676Kxv97LsZQQyvYzhArvc8jgqGaA

Transfer 1 tokens
  Sender: CiVB64nKE5sxNqwfbT7BjB1jXHkcjBCZzu4zjwKpqzY4
  Recipient: BVFTQzEas8kMPkcugksaTTuLnQJ8ESxtLryk4ngdyvjU
  Recipient associated token account: 2jLy9SW13yXy2yk4V7fFRPtUUagUQYPM7jVp1CsVGBgC
  Funding recipient: 2jLy9SW13yXy2yk4V7fFRPtUUagUQYPM7jVp1CsVGBgC (0.00203928 SOL)

Signature: 2wcY4p67sMxPjAQV1K3n7TUxjzsrfGU9rfSsaGSwLgBvm4KGxQTs1C4EmDeNkR1boCPE8omjaQr2bMrH3k7KSLyd

Transfer 1 tokens
  Sender: AttkLaurGYPShGJFLs2QUVdX6PTPddJUGE1E6UNHyZqd
  Recipient: Abcx6undPZofAyKnkgG7BfbQmRhNzra1GSTpveGUN8FY
  Recipient associated token account: ESvBnUnNwiskRkMGZjSdJBReNYW2tCuEHJTQyHxDjdxa
  Funding recipient: ESvBnUnNwiskRkMGZjSdJBReNYW2tCuEHJTQyHxDjdxa (0.00203928 SOL)

Signature: 48W9WdvPbhpzoLzm7JCboziogJaJh9JkrWc9G59axRVQApFmGsgTkanBEEehqiVhy4zshAkASTDsWGECtNcMNbEj

Transfer 1 tokens
  Sender: sgjnsoYiEAy1NqVvNPs64X5yRTPY29UUiB7kEFn7Ut1
  Recipient: G21X6EEsigc5ZYJSjFHabA531ssEc5vgXuCZKUAYZCPE
  Recipient associated token account: 7RdX8fHAB8uuku6dKKeJMQaZeQdnpVsAQ2ujAwsocjyV
  Funding recipient: 7RdX8fHAB8uuku6dKKeJMQaZeQdnpVsAQ2ujAwsocjyV (0.00203928 SOL)

Signature: Y83mzbQLoVQJDP28E24jYjZ2QGNnvGGRhrXsFJf1rf1JsC9ohcdojcagGFqER9cMcZZtHMiGzvop7apEcTk3Mth

Transfer 1 tokens
  Sender: EE138gpw9qSwCpGVzVRrTYDnYp1Rr1i4TGVFxBU23sg1
  Recipient: 2cN3AKrLjNUvAzcdePsomZEnYieuDF2bAL3i37jTWnuA
  Recipient associated token account: 45d2k91cd9EjJozxdmxkCqpqCn1tYFxXtZ69o87DL9iC
  Funding recipient: 45d2k91cd9EjJozxdmxkCqpqCn1tYFxXtZ69o87DL9iC (0.00203928 SOL)

Signature: 62TbsNAqRrL3mqfedsejTomYp8rPgzmcKcBexM5bjnKQkTxh8E81juTCJxmXj59ysokNyw8Hw3FjoThCkxi9PFKf

Transfer 1 tokens
  Sender: AKKkcFHzYDWZ2jZYsfLBztnE9iqrhf1Sg4f5peybkjxy
  Recipient: G4yn6VjDQoRRgqKVt1fp2uei3rFHWWKA5JwWPMM4eCgT
  Recipient associated token account: HVazQHxfBx6TqecCtJ8uCF544m4g5FUo6oWpfAqDwCKg
  Funding recipient: HVazQHxfBx6TqecCtJ8uCF544m4g5FUo6oWpfAqDwCKg (0.00203928 SOL)

Signature: W1tc4hcQLaGU4vBch3WuzJJJHvDZ1YB36NrdKD7PCQpWR7LYggTsYbbgfJeCitQAgvgRsXSosn2J3MYddtFBJL8

Transfer 1 tokens
  Sender: 7w4bhD6dsXeCAmFHVDuRH2X5gboF9EVw68iNec4ELwkD
  Recipient: 8kX16Yj2WBCz1sPXcimafGrutQkw3s3Swe9sR3gt3cC2
  Recipient associated token account: 7zHdT3NvLuTci2eoNvdRH9VWvuEg8cwJEQErJpuGhAqv
  Funding recipient: 7zHdT3NvLuTci2eoNvdRH9VWvuEg8cwJEQErJpuGhAqv (0.00203928 SOL)

Signature: 3BNCfVxAv3zqVGeMM5TdimfTtw4AZRno9VTMVj1eXcVDavVrMuZXVvFpF7WMVNhC8RnNpzZTxzagVyEYQYrnbbFD

Transfer 1 tokens
  Sender: CLRzK39F8rUVQn83NSkZD4VAxjWFoqb5zU2Rnmj1PLGT
  Recipient: fRj7JpkYMwd6KXnTEXBQJzLAwL9aSiKd54XQto1C7wu
  Recipient associated token account: 5uGjTaX5xJ9UeTZ2v6bidxD5rx8Y7qqfuJwHvYdVPPm
  Funding recipient: 5uGjTaX5xJ9UeTZ2v6bidxD5rx8Y7qqfuJwHvYdVPPm (0.00203928 SOL)

Signature: 3vxPi4u29MsvGWnhkL4SY3Q8rgp7nntJ6yyhcyKRHn7yJGnuyp1QGLHr6rioQ728j7kXYX5RsK3uAsQgJxbZn5JW

Transfer 1 tokens
  Sender: 4rvi6Yxaq1g2t9KKzyK7QqoLo3kLez8AQirLx1X6qs2J
  Recipient: 4cKqqwoADnQVUAapaq1CrCwpBwbvCSohZPzB8aHooJjk
  Recipient associated token account: AXJJr23LW4P4pQ6FRrXzLDueEww55Ta83X9NRNyS37E5
  Funding recipient: AXJJr23LW4P4pQ6FRrXzLDueEww55Ta83X9NRNyS37E5 (0.00203928 SOL)

Signature: 26LZmG41KDTDHEnnPdipPh1aisoW7y3pzAD5i63Gi41Gy1MWSgUsqAdA7ujY5qgBHzEzLWg3cLfHnrLdr5hkR2qE

Transfer 1 tokens
  Sender: 9JjJBfpDYHADHnMfR2u2Qume6A7XTKaWpG6Cy1yJn6Kc
  Recipient: 46vseaqFEhLRDBohE3k8KLV7eUEE8CDc7zv1wCbrfr3W
  Recipient associated token account: 9WtiHyE1JgBisKvUQN7TGymmXkUHCJR47TV5esTsfTuq
  Funding recipient: 9WtiHyE1JgBisKvUQN7TGymmXkUHCJR47TV5esTsfTuq (0.00203928 SOL)

Signature: 37UNKNcXPi9BMpP8QWoDSbQHN6hMJme1TbfRrmcWBfGVpAYXntUr1PHQamKA1GN9E1xhtZoxbnwSmMmB4sfFr1tp

Transfer 1 tokens
  Sender: DadHj2HjrryJAZiMRiQqeu84Hntesxh9LHWbazjsGpEC
  Recipient: E8pAWPsMpvuvxU6pqJqrq7yip7n6VgzpAcpdqbzcV8Nw
  Recipient associated token account: 5D2imZujwBwcbwq9QNgbTq8CnGRKN4c9UUwFbt8QkmQu
  Funding recipient: 5D2imZujwBwcbwq9QNgbTq8CnGRKN4c9UUwFbt8QkmQu (0.00203928 SOL)

Signature: 4oZJCrzbyXgJAix2JzdCsDz4fnP6QmH7znYm9QU2rjcFrrMVwxBTCLjbHFwAAqeGbBVWKoHFiMc3kFEeNog9MJH6

Transfer 1 tokens
  Sender: 36vuRRXHt13HFKa4VdHo5XTGQR1bBhjiPhtESPwVoebG
  Recipient: GyYFCFpwsAY267f9orwedcds6cKRMNZoaehDT2u3HBzD
  Recipient associated token account: HkLJehhpnMpyHN4oDVNft5iKiFFrfowajxP9e8fh8nZW
  Funding recipient: HkLJehhpnMpyHN4oDVNft5iKiFFrfowajxP9e8fh8nZW (0.00203928 SOL)

Signature: 5K8fNXbQmq8mNPuS2euYiKCcc9TscJX4PqNb5bjFjtFS4fLmYE9Gh1Bcg1H59KdwmR58StJj37EQsYRfHa8CUnhN

Transfer 1 tokens
  Sender: J5QFM2xwKjHX4D8hcDa4QvNuh3e5YadNWUpqyFDv8w6F
  Recipient: 5BH2V4PfFJeGL55zHipBpi7ZCqTieu2STs9paceNsZBa
  Recipient associated token account: 86GgfHp3obqN8g5ZwxT1puCxMQSSQLYuYiEhfjnpnteq
  Funding recipient: 86GgfHp3obqN8g5ZwxT1puCxMQSSQLYuYiEhfjnpnteq (0.00203928 SOL)

Signature: 2YNKohjwpBPDG8sCfdj3HKTujfpcDHAhog1bFXLA25agK54qxh6iqYnWntbzKjXEsGQeWBSyA37pNQpZJQ4ESubd

Transfer 1 tokens
  Sender: D6brKxsC41LDa4Hsjuy67AGGATBNVuDMzU33gNvcrwfS
  Recipient: 3drUNCHxRg5gXoWSH4LonRa6TdT8UCgEwbbjweABV9sq
  Recipient associated token account: 9MmL5HACYxMdtneCuWJtLpn9EDNJuPkCKoEru1SJMBVv
  Funding recipient: 9MmL5HACYxMdtneCuWJtLpn9EDNJuPkCKoEru1SJMBVv (0.00203928 SOL)

Signature: 4j4pNhjXZbDMCwN2WRQGwrq7jwa6zAYp1LdrxzdAxX7npJFkGcqw52EUNUNFytP5Gh8R52XtEgDZ2HFRPMyiyJwW

Transfer 1 tokens
  Sender: HYg6YaC5RE2hN8erMwarV5oURYrhb2yGpywq6ZsHxgxF
  Recipient: Hew6XJcEjQAx2Pi4GWogr68dmbST24g9xtumKBqvhkdL
  Recipient associated token account: 7KoDi799eHBwR2Cj9gaEmk11nSfSKJ2bFqTPDAptsY8M
  Funding recipient: 7KoDi799eHBwR2Cj9gaEmk11nSfSKJ2bFqTPDAptsY8M (0.00203928 SOL)

Signature: 3zVr5ihNYgvVAGiosatkrXpkhQLG27pxWy5vDwPuJxZ8sGJdiQrXrR4oAcpKKNQit12DvdtVjEge7VtwQN3Hpdf5

Transfer 1 tokens
  Sender: 5P9iRt74KkR8NiqHgqS4FPrXhE2pnPk11kNXDBbL3MEV
  Recipient: 28tLPjFZf4K4WCjiQPnveiWAapcB7xXrbySnmgWCNtST
  Recipient associated token account: 9ijtZTVzxKrxsa2eEHK5prWnjCboWQoKycXUdxe24hdf
  Funding recipient: 9ijtZTVzxKrxsa2eEHK5prWnjCboWQoKycXUdxe24hdf (0.00203928 SOL)

Signature: 5dKrbXjaJLeZRDrWRWGpmExvNqibHWXHiQ4q1sPtyJbnbnr9VEkeDUMmAucfrwzQaMK7mGL33R8zfpdZTvdTaXZ1

Transfer 1 tokens
  Sender: GdhCBygbcxwfQjHBXqvrNYK9R4q22YPv263ZTKs3gQZN
  Recipient: 9VWFrWgiWkUT7vk5nULpYpTzQ24P29iSte7hxB2KiWNu
  Recipient associated token account: AzSUcHLngom4f2RqqCcYueJdWq3tF1XUPKNMFnhuTkSF
  Funding recipient: AzSUcHLngom4f2RqqCcYueJdWq3tF1XUPKNMFnhuTkSF (0.00203928 SOL)

Signature: TKbjhczWFKCLKZyGcCJSgpKbJEzw7MCoY2E3PSaTN75ZUqR2W7HFHfkXdJs9oAACrXWL2hhjNUjk6Ltiv79j6N3

Transfer 1 tokens
  Sender: HVZwYHo2ptoBvxHVK1qVcjRdCUinbnQSn1NH1RFBvS5V
  Recipient: FbX2HLXoWtj5iCSUwWVJS7NgrRFa1f635jhUu6TDdqH8
  Recipient associated token account: DL9H71yNEJxefbi5K3bmBJLrmzStigW8bViyXNigKCri
  Funding recipient: DL9H71yNEJxefbi5K3bmBJLrmzStigW8bViyXNigKCri (0.00203928 SOL)

Signature: 3Vj5tGZ51W8XxgVzY6VL85Kjksi8otoTZq4zYPJnYKJ2W3vgLNxZfkLvHKaQaBzzDwF43ximYJKvGCQgq6728hw3

Transfer 1 tokens
  Sender: BDmBmUVYCb3Up8TqFp2MiRNtePgyRphqSz1Ti3dKtTSr
  Recipient: L7vksHGNsmuNi2yuAz6MVyczJhDBLX1VhmGcZ4EQtiP
  Recipient associated token account: CUgqENBrwcMF78btQHU3VGjMrNAs79xGkbPRZajhdDh
  Funding recipient: CUgqENBrwcMF78btQHU3VGjMrNAs79xGkbPRZajhdDh (0.00203928 SOL)

Signature: 4JXzbFHeUpXLRZ1rtb9KMtzShEhQNoEoyGy78cELAtSEtGQdMuDDEzgQVQkV1TDcKjoQytzY3Mo4EV3c2UdRvzVX

Transfer 1 tokens
  Sender: 5sG147iEpetnC7L2Mm29hb2je8LdTWNRFoLuQ5sftbUr
  Recipient: FxbGsj3osX4AzJxhANAvGrgwSdRxJruGKxybRnH1rVDX
  Recipient associated token account: 8umUb4iEUboZ3FMqRj7QuP3gT3mQLNsyy26YRUK3UUhR
  Funding recipient: 8umUb4iEUboZ3FMqRj7QuP3gT3mQLNsyy26YRUK3UUhR (0.00203928 SOL)

Signature: 2cZUNP95ZtUhsRVQiaz6tpNhjymsdvFENVUc72LR1zZgot5Pds6LHcRBjQyuVAz1Jz2bSaQ1EXVrZBStJsSZJ8yE

Transfer 1 tokens
  Sender: 5hKKSj4VSBC6nnwSuEUXPxHAH67MsFhsVT8Jm2SxXuPt
  Recipient: GHULVZfsJWU69rYJsy6NU456XzceBjVxLcd9drcdVuqe
  Recipient associated token account: F9ZgnnZN6ffcSwdKwTBZxKQfhgAR6EtDj11eHaBedgQi
  Funding recipient: F9ZgnnZN6ffcSwdKwTBZxKQfhgAR6EtDj11eHaBedgQi (0.00203928 SOL)

Signature: 2t9o4eTSwBAJCrxhrTuafq5EK5YKQwN4m2jJKuTRSH1ZN3dZv6qNg5NqPa579DdZVuTaqkftSU3b9c4VUsbQ6yaw

Transfer 1 tokens
  Sender: CP1q2HrgYCQv5fAvzXxM3NbXJJxwFqFgK4s1mfKqC9dX
  Recipient: 84tYj5QuBQNDVsFXiEPMZddVTtAspbAJ8oRbXsLwoS8x
  Recipient associated token account: 8J43BMFfJPRSKxrursN8zZGSHB6tAZtyXgKnUrtt5wb3
  Funding recipient: 8J43BMFfJPRSKxrursN8zZGSHB6tAZtyXgKnUrtt5wb3 (0.00203928 SOL)

Signature: 3e6yvyDkoQ1tzasqA7SP2qKNzeBx2vtUjABxDg1Ysip8sSnBpvQeAX41s4UohPFjS2Qr51GWBrvyAPb57wXDoVXM

Transfer 1 tokens
  Sender: 12vywMD3e1kvHV3owhsxJnPoAwPNZb11BRfstnKtqhDh
  Recipient: 9CeQYRt1eK15SUAv8AE6XPhh1ijhBF1dyPdGQGAiCfMx
  Recipient associated token account: Cywzd8MNT5CY3kxBbsGtnmGdQEvdDd3upf8Rjy8dwKYw
  Funding recipient: Cywzd8MNT5CY3kxBbsGtnmGdQEvdDd3upf8Rjy8dwKYw (0.00203928 SOL)

Signature: gC3q9Q1VAD3u2e9bc85H2eT7gwMtFeYTAdbktsSQdbhWZLJg4wxxCy9JhVLy6iLvSrQpKm9JXP3sZLg4HgPPMoS

Transfer 1 tokens
  Sender: DYcGGaUVEUBKkMM7q4PtwDoTCygMhKWSM9XvfrVCVgCZ
  Recipient: Eg2DEYXfCmeWaXLcCXGS6MNRPFafG5NAwgVB9mrYPT5d
  Recipient associated token account: CGqPFpdAAjh2oNkceRdQ8GwQM2HRomozGsYsd5X7Aovn
  Funding recipient: CGqPFpdAAjh2oNkceRdQ8GwQM2HRomozGsYsd5X7Aovn (0.00203928 SOL)

Signature: 4JHSC7ZrDRjEAeRizV7bkBgagK1jFSxc3wpBkDxzZRiaXjbNMsVvpBnEeKKP8NbPLPAxAMbW6VJ1Q2ujy6cxQkHs

Transfer 1 tokens
  Sender: 9DTPZVwkPtkP3CzHpCmNe2J9drxgPFCvbJHkGPVr6eG6
  Recipient: GvZzyqEgg8UCmv7Ea2SikWCiYoj4iBPBzLja4Yn9zNSr
  Recipient associated token account: EsXGfTAvArKVZSeoDbL14KWVBk5MphRnFu2W7kQ8tqS9
  Funding recipient: EsXGfTAvArKVZSeoDbL14KWVBk5MphRnFu2W7kQ8tqS9 (0.00203928 SOL)

Signature: 2q6Z5j42Vz5e97d4vS9BkMPtezwJ79Ynr9LdQET4UAjVcn4NeaiyuN2B6PP8hVtwbLEBqiocsqiMT7TRb9gYZeef

Transfer 1 tokens
  Sender: 3sjXjHj46j3vxBjJMbh17CKG819zA5XhymNJcLoMrjrT
  Recipient: 7ZpuSrxBsMVQ8z4GPdTvzsVvaT1qEw5yhRgh8fHKdDqP
  Recipient associated token account: H2SZBUBhWeo3HaYoUNLCzwKczdvnqA6e8FtSAgEz5oWW
  Funding recipient: H2SZBUBhWeo3HaYoUNLCzwKczdvnqA6e8FtSAgEz5oWW (0.00203928 SOL)

Signature: 4zDoZYYCkCJkoH8SJSzJfTENEtRd58W3fGASNMWemRdPT36eZt5D2FX4FUA2XospSqPnngq8CZyf8E7XN4gFJdNL

Transfer 1 tokens
  Sender: 7Y2MLEFSatkJBUCnWAaXCoK9PvgoNyPDa13GBDqoon2i
  Recipient: G4yn6VjDQoRRgqKVt1fp2uei3rFHWWKA5JwWPMM4eCgT
  Recipient associated token account: DnVroA8Z4DtMPiLLpN1hkN9ewT8wdjn5VjdH6JYy3W8d
  Funding recipient: DnVroA8Z4DtMPiLLpN1hkN9ewT8wdjn5VjdH6JYy3W8d (0.00203928 SOL)

Signature: 53zUgiN6R4E8GiDyDBVHJygdYePAhxM7BSP7yhLqLj6z69XxdL3tfjr8vauFzKaibKicbzvSiytkXwioBY1wn73

Transfer 1 tokens
  Sender: DdE1bgCxgFkUwbGgVdXwceRS1P5hbDkVcV8ajDMhvRkg
  Recipient: 7P4Bb1pCMuYNveYhg2j445cmTRCEGp2eAAtBQUv7Jz89
  Recipient associated token account: 5kJScD9FQGnSHfrE2ej7bWPbeCXLnkMyi6rJS9E4PQRM
  Funding recipient: 5kJScD9FQGnSHfrE2ej7bWPbeCXLnkMyi6rJS9E4PQRM (0.00203928 SOL)
Transfer 1 tokens
  Sender: AGyJeCqDLKoy2DbDRa8Uj8YJaeent8mxsjbDjo6zJLve
  Recipient: Cm8cYtgtfyULCzisqUnMg68aqqi12PGZScouQfJRfrG3
  Recipient associated token account: GHaANVe2rzdiixQz1LGqfEiybaXVK1P9vYKnYTca51to
  Funding recipient: GHaANVe2rzdiixQz1LGqfEiybaXVK1P9vYKnYTca51to (0.00203928 SOL)

Signature: 2P9VV338SGaVNJAsbC7oxQrmcDxxkAkjAHkcjLKwBEEjUcJF6kGwPK4wfXQ2b71iw3F7v1HrkuEFu6SzrZhRt8K8

Transfer 1 tokens
  Sender: 896UZHvfP192Y6FhrPCngeiNiL9ZYpQpRJTr8guFEiZB
  Recipient: 51oET2dy4vCmZ1JMGYR9hbsvsLng1vcLD6z2AZp1uq1j
  Recipient associated token account: 5hYz473dQedD9rr7RahHnjRcN1mWcGtNtKTLgxKdZJiq
  Funding recipient: 5hYz473dQedD9rr7RahHnjRcN1mWcGtNtKTLgxKdZJiq (0.00203928 SOL)

Signature: 43VUYfRfqUDrAZGt9gwpgnqwLHSA9qKZCEbuPgLdPuNJXjT8pzQsWjS2hTh9E6PwYNfYQBAMmCqVwVCpq73fPf3

Transfer 1 tokens
  Sender: 4Le9QxEgZibqj9oYPhnPZmYZUCh14Cv4XrrhqsZcb5gq
  Recipient: 51oET2dy4vCmZ1JMGYR9hbsvsLng1vcLD6z2AZp1uq1j
  Recipient associated token account: AUBe6bZhJALVqVsMta9QbdZzRJ1vs8E87tXUPtFvoT9G
  Funding recipient: AUBe6bZhJALVqVsMta9QbdZzRJ1vs8E87tXUPtFvoT9G (0.00203928 SOL)

Signature: tB7a9LzNQtqPYpLcQRYD2oVuZR2r6uHEDY71dXWGn64gWwQ9Hpds7U6qk1yTGrHBF9CmsV8sG4f6gd6YnJFxvk4

Transfer 1 tokens
  Sender: B7PHcSdzFtdkUyYHijKu88cgfURRWsfPMdTqDZXnRRaD
  Recipient: 6BvM7UMn7kFWVnSAfyv7j4FsySQMzHTDvyLA3emSJKYJ
  Recipient associated token account: D5beHfEfbzS1JqCwbxznBay2iB2tL61SdwKTQrRebiRc
  Funding recipient: D5beHfEfbzS1JqCwbxznBay2iB2tL61SdwKTQrRebiRc (0.00203928 SOL)

Signature: 2bbGScF5oYgTwhybxcAHrkLVeRs2Aqgs1VfyYcNWSdJPnMhKsARXcVmqUtqbeZGibLuTJMby2m2XBc9UWXSBpvzP

Transfer 1 tokens
  Sender: EHXF23TybdVhw4fakxp5XVErjH5yBtCJMFtG3V5RjVjx
  Recipient: APuxQgMLdP8pZk2VzsppV9eUD4aQMmsCieWVyU75LSgn
  Recipient associated token account: 8qsB7BH688EfokbGkWfceb6RPKD4H27Aj3NJqk2h5YK2
  Funding recipient: 8qsB7BH688EfokbGkWfceb6RPKD4H27Aj3NJqk2h5YK2 (0.00203928 SOL)

Signature: 3RDfvzEzAnajpdu9qPfghpET4cFUWTyNVHpfTgaskV51i59BqYwS3TmW3QJAPaN8ZkqkuGv1f5Xp3UBDY7KP4KVJ

Transfer 1 tokens
  Sender: CLWkK6s3dCjNR8ftej5FtqTsq2UUWYBDKJTFFGEWj3bN
  Recipient: GewJW3eLePbtwrqvy62A1BN5LoB3TZxpwrFUfR4ZH2xZ
  Recipient associated token account: BVsdQFJNm81qx6Tv1tTb6wQR6Vyoqm1P45aK2kyFgEP2
  Funding recipient: BVsdQFJNm81qx6Tv1tTb6wQR6Vyoqm1P45aK2kyFgEP2 (0.00203928 SOL)

Signature: PW7bh1gw8ebrUombTa8MS9JnuvAmaFNdj4AZ9fedzi8uDnESAJx8XDG6HwSNKRQJ1cibvCsmaUuGTHa96v3ewKS

Transfer 1 tokens
  Sender: 9CKwsen67nrRyhYWCixzagc8wUNZYhtc8W1wQds1Vy9B
  Recipient: 7XeooqaDHBA1UxTSVojz1qtr4zTyU5r7YBWAtryhrA8y
  Recipient associated token account: yKVRTuR5t5vy35U8x2NeGkUTmurA2N8wshbqjWRdoLS
  Funding recipient: yKVRTuR5t5vy35U8x2NeGkUTmurA2N8wshbqjWRdoLS (0.00203928 SOL)

Signature: 4orgKatBPRVfAiQWguxnFXg6iKHaeiAaB1CZCgmWS7iVwn2q4MGgDvb6xYEtQmuEmnMuUBvFphtmK4W9mHuRWLSr

Transfer 1 tokens
  Sender: 8oeg8WL2DL3NTrNi9MeFmsMWbD4u6tTt5NdWwDL3uDdR
  Recipient: 6dgZRxs4HCRy5m2ccQCsCUAWnRQq343ujJvufpNVYT6Z
  Recipient associated token account: Gv8pRp8pnkQcFAw2s6zHH7cyvw9zGMMVcU2c8vehrctX
  Funding recipient: Gv8pRp8pnkQcFAw2s6zHH7cyvw9zGMMVcU2c8vehrctX (0.00203928 SOL)

Signature: 5PSGKZpoL54PA2K4b735sRbCJLPP6M5z6GTnJjj2cEh92BujBo9L7ZSo68xDSUbd3pSxkBSgW1ZQqFT2GPxm6bdn

Transfer 1 tokens
  Sender: AbiRw1BtnYr2LroV2obNKVgYzEHZrTt2NffZEDStjTjC
  Recipient: HHbKXTkzWxgg3RUeewaSuX6Y3QtSER9MitTSW8vVW8Z
  Recipient associated token account: GMsh8zmFLzJbTUUSuC5gc1Jad27A7Z99xihRrx1EP1dU
  Funding recipient: GMsh8zmFLzJbTUUSuC5gc1Jad27A7Z99xihRrx1EP1dU (0.00203928 SOL)

Signature: 4LF2XS6wYDK1Kv8ZVPHNqVCNPyobjwoDcjB3Zm8wmsUuYg4XuTG93SUdghz4vKybjwSY3z5TgjTSr1ycDSiFtL3r

Transfer 1 tokens
  Sender: 5eWJnQjLo54nqLu29wtRCxHbRAzgvY3Ch7LiDoC3mnaZ
  Recipient: Poc3F21LL6fiHG1Eg9StxqHcLQ9BYreAhzXfRjY2Am7
  Recipient associated token account: FpsnXBhy2p9LYQ29sS9WK2J8UY1ovDPCpnSB6FmpEwKD
  Funding recipient: FpsnXBhy2p9LYQ29sS9WK2J8UY1ovDPCpnSB6FmpEwKD (0.00203928 SOL)

Signature: 23wazycj8dJHjXcqgrHTjS4uTigcCWZ2WdzVni5SLFkxz4PMCUHBk8SW8by9uEy8At57bDQ6YEoBnYf78AmZrU6j

Transfer 1 tokens
  Sender: 4C2cgZKoUfsZiBtRuxcuskjTqGKCvRJQVfj1B4UBMAb9
  Recipient: 5iDcmVaSaskGaYt28dAhTw5zWUC9UPSqsf9M384ofg55
  Recipient associated token account: 4f4bNC9HtesWbdg6TUgAYNzUrP4hoBV121WNnR1pSSMP
  Funding recipient: 4f4bNC9HtesWbdg6TUgAYNzUrP4hoBV121WNnR1pSSMP (0.00203928 SOL)

Signature: 4mjseabwi1u2VCzGD4r3WaMLeQYaCiEWQTPcAwAXc1Sd7Gm7UropHZMasHMe1YBi5sboR9Y2tRLijtsUDRgG68Du

Transfer 1 tokens
  Sender: HeXDZ7SVNQYYu7LJEkNe9aANJ6YX4jjqepvjyH84pV6N
  Recipient: 8LWMNNGMo7FgZwbpzRnBJ6g7AqTjn9TFbBs3rMANYXWT
  Recipient associated token account: 6Fg2BbYcPryLPkEwuKtsSFaZCV9URwcZmoHP5JioDf6K
  Funding recipient: 6Fg2BbYcPryLPkEwuKtsSFaZCV9URwcZmoHP5JioDf6K (0.00203928 SOL)

Signature: 3ba4cjRsrtAYkXHkckEPY3BaqefG1ZnsxJJcdkxgVDPpeHntTA5yDCfrqkN9Pcvemu1Gzx8JrMib42jYL37rn4SK

Transfer 1 tokens
  Sender: 7EGhnCdisRw8LiCSnpz51yBmVYYnYaE5SqnZaNaYnXdo
  Recipient: 5joCx1NXJb5hkJEqTRPuSiuHYJ5wa5gko55syyVgGRjt
  Recipient associated token account: 61GyByj3yUiWarwi8xMvnm61epEhToUnqtV3w5SPcPEL
  Funding recipient: 61GyByj3yUiWarwi8xMvnm61epEhToUnqtV3w5SPcPEL (0.00203928 SOL)

Signature: zxPoisGY6zfZotxHrh7Xi4TPnPcCBFu3bwpSPYhNrrokaFqKssXBkA3q6H24thZQPBC6nGh5Y6RC6p1qA1HLfeK

Transfer 1 tokens
  Sender: 8VZBzXfrmckPqiK5sevskr4MCMj8TB4RFgDz2dBNYf8p
  Recipient: DD14d6GeuU7FBN5c9WmgYkFzPsgRxBhtkQpYEPbLzTUF
  Recipient associated token account: FBoR1jLPPAVxZbGqdR7oAWPbNRAWaUqTtxMXM8T35xTs
  Funding recipient: FBoR1jLPPAVxZbGqdR7oAWPbNRAWaUqTtxMXM8T35xTs (0.00203928 SOL)

Signature: 5iZ57ycbfM5WvQdZPJsiQtdyo75sL4sU4Jh4nLSXvftfDN1YW7ZnghVzNtBS9BuVSQj5FxHuAHjqi6ekzK4eACbx

Transfer 1 tokens
  Sender: 4QefXT4qPFDhU2aodR3V882RwRgurJappoxZEDCoXrFH
  Recipient: 4dqkGoq4VtjmSvoE9m7wEQWMv5qJnCLoCdEUG1ziiQ4G
  Recipient associated token account: MnvqoZHvD5YM3ppcawma8PAj5JW2BHmXxtwdRjVhRGa
  Funding recipient: MnvqoZHvD5YM3ppcawma8PAj5JW2BHmXxtwdRjVhRGa (0.00203928 SOL)

Signature: 2VMFQm2BE37SJ1ugpqz8hnb3UBdTphhvMnpPZB9KXD8jsPVSavkxtxezAScc895xSox5A6iRphVQMC8HgadaDwn7

Transfer 1 tokens
  Sender: EcrxSMy9UzqhBpbiU5CmubyUiPXLL6b156dBvBi57qCp
  Recipient: EAzuPsCQuDDm5EyUeSS9bDbrsDrKejiRNJgLJkRvqAWz
  Recipient associated token account: BvAhthAwxYhkUEsvHpd1auPvT7cAeUD8VNDgA3RVVqWx
  Funding recipient: BvAhthAwxYhkUEsvHpd1auPvT7cAeUD8VNDgA3RVVqWx (0.00203928 SOL)

Signature: 7jvJvtzzQTydwZe76idmrPa2f5LFqMz9q876xhYSBkhwSPYUADkkgMmS5PmU8EGbXsV9Y5PT8pxmbLUhnsbYBrE

Transfer 1 tokens
  Sender: 7TVVbfmK7ZryVQ9KYcmbXhMuGR9iFn8g1gjtuSAefRyZ
  Recipient: CKpNMrMmbDgiqN9rvE4ZqBSKmDbCHAcBvUvNvx3uUwjj
  Recipient associated token account: 4avh4HtHi6avG34YXpjZdS8ABagJYXmhSQ8NKqAHEr1G
  Funding recipient: 4avh4HtHi6avG34YXpjZdS8ABagJYXmhSQ8NKqAHEr1G (0.00203928 SOL)

Signature: 3zVPrxbhaGy1PzT33NXJkNEqYm25zhcFD1wC3UrpFJDPiNn5PjPWMKSrdDoFkodXzJza72qkz3gM8Ayn6VH4Jbq2

Transfer 1 tokens
  Sender: FdexWcfVF721SFU8RTGxhiYp1wyErewVxgEKnEzoCcDe
  Recipient: 3QTRD2FfM2niZmZH1SxS6iJCRFY84DTq599gzengTtxQ
  Recipient associated token account: 9HCd9dQNuymsWQeCQZfQDAKHmoEgGfie1mn1JbCxhLaS
  Funding recipient: 9HCd9dQNuymsWQeCQZfQDAKHmoEgGfie1mn1JbCxhLaS (0.00203928 SOL)

Signature: 5tokZ85ydjtNVKZgjK6viFfMQQeJbEKAQYabtnRJEdZ8Yx1DCFAfq49xA6bCTzagvbx7EsqM6UdP7U1Mr8DmDwmH

Transfer 1 tokens
  Sender: FcdS4jHRAiauuhtS9nmgL8F1nUoJKuAxd2QdctAb58Pz
  Recipient: BVFTQzEas8kMPkcugksaTTuLnQJ8ESxtLryk4ngdyvjU
  Recipient associated token account: 5vRBenRNjLcqtdN9FvBi1ST43okr1QTZ6q7UKEAcCuL5
  Funding recipient: 5vRBenRNjLcqtdN9FvBi1ST43okr1QTZ6q7UKEAcCuL5 (0.00203928 SOL)

Signature: 3fRSgsC9PueB4svXyKhG6iQNrDrGdxqGWPYeztT5X6VymQNp7fYm8uY8txSBiSNyh7Hdsv3ctxSJ2aJTEARkLybD

Transfer 1 tokens
  Sender: D9xFWUwwWJz2xNvNAheviMjXfzh7saqJgEfW9ztkTV6M
  Recipient: 51oET2dy4vCmZ1JMGYR9hbsvsLng1vcLD6z2AZp1uq1j
  Recipient associated token account: EeUD71d56TPEEmj6LrP2x6ke44f3P7dCemPXamGsGbbZ
  Funding recipient: EeUD71d56TPEEmj6LrP2x6ke44f3P7dCemPXamGsGbbZ (0.00203928 SOL)

Signature: 25bK38ZHf6DnSgMsTYDPdfdFeCTHX531NVzS45hirRckiu9wPBXMWXsktvLQe7gwQhSrmc7eNs3piPMT5AXa8B37

Transfer 1 tokens
  Sender: HkkgX7HRERaniwFjKtEfnYnpB6fu3C1UVYui5jL3Lcpc
  Recipient: 22PcCdkYNqVVtLwCQ3BSi3YmZaghBCgYNeAvBcee29Tt
  Recipient associated token account: 8HgEAFbCdspBXwVTpE8hNDEwEWh8hV1whPF6Ke2s3Xga
  Funding recipient: 8HgEAFbCdspBXwVTpE8hNDEwEWh8hV1whPF6Ke2s3Xga (0.00203928 SOL)

Signature: 4BzvWf17j4Uh7sSWRVHQF1opuCf6DCp88bqcFHJCNX1VMXPTz334EcBmGbbLzu3D6NocQbRCUy7Ko1UZupBbMFHj

Transfer 1 tokens
  Sender: Dutcd7o6UEZJV9SGRaFd83GzjUwnCRxfVABMSwjq7R8y
  Recipient: 51oET2dy4vCmZ1JMGYR9hbsvsLng1vcLD6z2AZp1uq1j
  Recipient associated token account: Gyp9YG2e5TdJ6b6GLEQUstowwPk4jocBNBWFPCvhELVY
  Funding recipient: Gyp9YG2e5TdJ6b6GLEQUstowwPk4jocBNBWFPCvhELVY (0.00203928 SOL)

Signature: 2YAKTM1GWCaJivQhFyNqxz5Dgktq7rbeCDzbQHdxRKagZz9DVyxdDKGKzShm8spwX7vRmfwEE6m1mStgxkFpk4JV

Transfer 1 tokens
  Sender: BfEXU9YWLMxMi5yKUxbrXTycYaV5RViuRN7xTBHCZr2S
  Recipient: 3zCxPoH5oZ9UtNE3b1UpMv6DLB6BiTApsxAY4VqQGBqy
  Recipient associated token account: 9bUKXE1yNxYn6wDm5hFGGGGJ7QB497BFcoD8oZAn8dhR
  Funding recipient: 9bUKXE1yNxYn6wDm5hFGGGGJ7QB497BFcoD8oZAn8dhR (0.00203928 SOL)

Signature: 4qmgqm4vdkSubRaeSkZs8KcLcpVASe5jRttW69wKJMSyiu6oSrfuLPiVqKThs85AKyXqJi7cekdahpqUvMxkmudc

Transfer 1 tokens
  Sender: 5YzDEq9b84S4uk4QQopvKxYUNZ1pzoiSAJRXHivjogJY
  Recipient: 96WX37vQhNmrYmE5UhWG1xFmYX6QM9X9vxUiNu3MtwYD
  Recipient associated token account: EMCJbXkyRehWKYCGDiuYRHHzCtaGwgoGZFdsC7EnRDtk
  Funding recipient: EMCJbXkyRehWKYCGDiuYRHHzCtaGwgoGZFdsC7EnRDtk (0.00203928 SOL)

Signature: 4hCz372ukkQ9bsf7FmtCaYMwbH4kJ2ygdmae8CZ51qDKXyW6VwEH42MNLsy4Zxgco7n49ve8kYMsMn7LWd6XMTkA

Transfer 1 tokens
  Sender: iPmRgJ3B2boh5MrggRwM2E8WH5uGtxTfwqDbbSWxZsa
  Recipient: EZsxgTx6JXqZS34sDynrFkKD1Q64Eve7AW8FjawFfovV
  Recipient associated token account: 4iL5ECKvXDBLGxRdY81yUQgwTQJhMoTUDScRRKWtgshp
  Funding recipient: 4iL5ECKvXDBLGxRdY81yUQgwTQJhMoTUDScRRKWtgshp (0.00203928 SOL)

Signature: 5atTed64AQwmEMwb3KAKMopiG64ZmpMZJoKxHqY1Ra99ubDuDe4H87fov1ZC7GuiwXrmp6i5M731v45ai77snwaG

Transfer 1 tokens
  Sender: 6DxrJtWDwpkDGcQe9KzaxEt6dDSC9kGigHd4ASGEY3Gv
  Recipient: 45KFop68FVgH9w2eCtFHhS7bcDq6Xjfwa5zEbEn7Ec8y
  Recipient associated token account: DAyDoYdXvDMsRHZwTBNEPomDN7ncMZ1A4pAB19Hp5Hoe
  Funding recipient: DAyDoYdXvDMsRHZwTBNEPomDN7ncMZ1A4pAB19Hp5Hoe (0.00203928 SOL)

Signature: 2xuCCX634n7mwTaWPzewm1oUaYACTVRMaKA7X1hfo7Zf2mQE4QH8vNMN4vdUxRkSEmZZZNYwnTAvkT1G8cCQobRD

Transfer 1 tokens
  Sender: 6fAdycp7gboeEUXqucLMQEXhFoU5f4kU81ZCRR3hHb9e
  Recipient: 8BZiPqhVHcQRUi9ik4ToqZ83wc5bRovucP44ajwLSiha
  Recipient associated token account: Emp5xC9wJG4pGsVuYWBSxJvLezjnMhwZXYosAiL4nfTz
  Funding recipient: Emp5xC9wJG4pGsVuYWBSxJvLezjnMhwZXYosAiL4nfTz (0.00203928 SOL)

Signature: 53WZKtmkKaSq3TmDkdRvEXAbNGY6VHseuKSXk2PR3VkSbSCLLj8W8sWtiftRk3FV8RZpejgTMCiZYSDwffRW8fB7

Transfer 1 tokens
  Sender: FZWpyK9s1LqRgCP9nchuUbF8aDNqXWFEn1mvVS7W5mot
  Recipient: 8nqPJw8HELJhME6WVhXFt7oc5GcQGGPqU16QP7WrRUe2
  Recipient associated token account: 95chEdVQHNc12sMSC4AiLQ6i81s2rgyy8JeVPWDs2Sr5
  Funding recipient: 95chEdVQHNc12sMSC4AiLQ6i81s2rgyy8JeVPWDs2Sr5 (0.00203928 SOL)

Signature: 54Mdw2cmUURcwtaCQGnXfEBwKQ8p7kFHioTDV1uUYapz9nA21XC5EKoCYrLWeAyzUDfc566YK2SBsCrQom8PVNuo

Transfer 1 tokens
  Sender: 6TfsWM4J2MjRQ8tBA34MDCCpSUwxqw8KEDbiW3nT18bc
  Recipient: D7dy5JNrwANxCMgQW69Vrp93yWnDfjgnsSfVTSdZpZnL
  Recipient associated token account: AYgsDWEHAdTkL7wqZSjeVLrv113C6W7f2Lbjau5kFtFV
  Funding recipient: AYgsDWEHAdTkL7wqZSjeVLrv113C6W7f2Lbjau5kFtFV (0.00203928 SOL)

Signature: 4jRRZ7utteWvLJgghkm6nLfevo6x1ALHuhQvc6piAg1S2swDk4HFQj1uaaSMNVaRYWfgFknZcHugHFXQ3YQrcJ14

Transfer 1 tokens
  Sender: 7i2V1gjTw3v2C5drqUFvcnsq9aFYfWsZeQQN2GtUACgK
  Recipient: 7P4Bb1pCMuYNveYhg2j445cmTRCEGp2eAAtBQUv7Jz89
  Recipient associated token account: 4LyqHqmV9RVVqsXDA8KQVwNzDDBYDvCbsu45oRfef3RW
  Funding recipient: 4LyqHqmV9RVVqsXDA8KQVwNzDDBYDvCbsu45oRfef3RW (0.00203928 SOL)

Signature: 5egXKPWa8eiwdPUVpzUZDwyeC2uiPuib5jSozzeeCodMUTrTo6Hd4ieuuyA3dYadq6oFJ9e4UDwGauTeJYf14hqN

Transfer 1 tokens
  Sender: BJMA1jeu6KecYzLtFpTwqfX7B5EzNXYzoAKT58tyCSTy
  Recipient: FPJd75QXUqtp8kAoqLcoPaWM5UvvezjZmEtW4FefjdbL
  Recipient associated token account: GRt6wZBbnsgmAUfq6gfvH3tojmXKU89zEvCczLQ1vjA9
  Funding recipient: GRt6wZBbnsgmAUfq6gfvH3tojmXKU89zEvCczLQ1vjA9 (0.00203928 SOL)

Signature: 54UbLa5XemXPHPgPZVUaAfNxCswgRdpqsD9J6YinBBjv9c5Psym1pkzZZY1GRPmKrcuekv7kVRMbGogXhnDBVUx6

Transfer 1 tokens
  Sender: 5vk2tVATn3di4oKYFrPBZGTHm4gNZAJkB29CFMr5RAaZ
  Recipient: 7engHFGfqWM3GTvWbnmEy5a4crSD3Hvu8S828cTkRLA2
  Recipient associated token account: 3ybNbhDRsF7pGgo5GAyZSu1ohqDRVQbLLrAHH4ZBBq6M
  Funding recipient: 3ybNbhDRsF7pGgo5GAyZSu1ohqDRVQbLLrAHH4ZBBq6M (0.00203928 SOL)

Signature: 4hUsdrwxuE7MwyFzsXt5U9f4Z5UNP2om7u56GNKsx7eQxemwqRa8BaBftiqbc1qf7pLmQFVf3mug7bTuU2raqmq3

Transfer 1 tokens
  Sender: BvqYdchkw89WH9HANe2u4BQneG7Wards5VDV1fcZP3xz
  Recipient: CZbmLXFpJGzNabQQdsHQ3KWMkA44BFGrdVvvSxWA5RwQ
  Recipient associated token account: 2y3HsD93tkkUjXQPB9Eb19euiCB5Z45uepLnzTiHGn8H
  Funding recipient: 2y3HsD93tkkUjXQPB9Eb19euiCB5Z45uepLnzTiHGn8H (0.00203928 SOL)

Signature: sxWwiQUFy3afkMCzxmGw4CsGg14LbCUeQSG62usdHcKmSL2oru1LoNGNrM2EVskmuMuA3xUrRqp43VjHBegXkdM

Transfer 1 tokens
  Sender: 2n777aAhdJ6Eon3y75wzRmwSHSVBdnuz7T3K9AgCavhT
  Recipient: CHZKVvLFfyK5pDe8vcmPwfhStvJzrJrT6EoXXMdkFdCt
  Recipient associated token account: 8QHQi7tos7uhi4WuUfDN8jFDfRxiCnJmyLXa4abVfLKA
  Funding recipient: 8QHQi7tos7uhi4WuUfDN8jFDfRxiCnJmyLXa4abVfLKA (0.00203928 SOL)

Signature: 4cdzo1ixvgUygwBJL2a1ntxg84STZyqGo6qgDXB47evkNnHj2h2LWkbcHYta4wphrLuSuMNMzTgbMFJdRG1H3jvF

Transfer 1 tokens
  Sender: 1eDaoj7pwJE4EiJJoo2NDTz3i25weuXeuSj47E3Qix3
  Recipient: bae93fAqQRbzRBwLnC5ZeDt3j5uX23nD62B3pwvpgXB
  Recipient associated token account: 2NzBurH25nSkPjKdPhcZVpaqDJ14HdEt7YFHV4eArPGj
  Funding recipient: 2NzBurH25nSkPjKdPhcZVpaqDJ14HdEt7YFHV4eArPGj (0.00203928 SOL)

Signature: EC2Lgx8SAH2UBx9p3kAUxwexSe8xAkyxQu2cqkk3w7g7qtU8X5ijGXGFfA11M4jDmY32FGLosvopC9HQwr9h3BX

Transfer 1 tokens
  Sender: 5tcLbHYs4CbahRZEjcFHrf4q7SrxUWbFryvJzDhySrEJ
  Recipient: DnmFPnE5awaed1HimvKNBCJkvz6zi9WCaqnrvzM7d8PR
  Recipient associated token account: B22sdUi9iQWL5kkwkQo4wRzLjRh8UpuPGsbJYKTpAuV8
  Funding recipient: B22sdUi9iQWL5kkwkQo4wRzLjRh8UpuPGsbJYKTpAuV8 (0.00203928 SOL)

Signature: 4aBkXr8SXWf98u34m3AuhUVQtug6Xrrdy2imwPXNWFNimVa3RmuBC98boEEsNPLVtVbDSGwXKrSAFtcu1pXNJCm9

Transfer 1 tokens
  Sender: FvUoRqfWybPgJoaoKs6WCMdqoRZpC8W7gndpqqXUw5CN
  Recipient: 97xAKp8FjyXkiYqTtYWN9ArD7KxTevzaCAo7VCcwLAsK
  Recipient associated token account: GcmfHN9QsG9TMT794YDcDqD4zeNnZQxbwedHwCNHyNyp
  Funding recipient: GcmfHN9QsG9TMT794YDcDqD4zeNnZQxbwedHwCNHyNyp (0.00203928 SOL)

Signature: 3KEd3KdRbbSfYeCMs4cYcPyp7Wkfe7vZrsKautmQr2mbQamy8gz7EkfbPf8unoST16pwWJtcsoLZceCe9HVHCmfC

Transfer 1 tokens
  Sender: DHegHXN97NsNWpaq3aQok899HdAMGMp7RVHVBZpBHAXb
  Recipient: 8ber8SR1de7Ai4R7399qsCoinK5kBYk5jWQpP4LqAxMi
  Recipient associated token account: 3EZr4pDGiCNLX6jqWVB48LDVjJCgYb6RtwHYJP5Mg2xb
  Funding recipient: 3EZr4pDGiCNLX6jqWVB48LDVjJCgYb6RtwHYJP5Mg2xb (0.00203928 SOL)

Signature: 4duL23aSSvLTHe5Gex2iiQL1cBQtFz6jzNTqEnrrFnRHob5UNWgjfp7oLxiioBKtaPqNW67EUtvQaexieWpdCgiq

Transfer 1 tokens
  Sender: BiQA1J685frKdZ8W6TfpYCtpt9TzsHh6xgZEupQP1f9
  Recipient: ESEQW24TCwcR4hYKCX6fZnDMaC89bAW1SuhsWzgN3E3f
  Recipient associated token account: FZSi5xvXcyCSqT5etHQJcq1Sxb1XPSRiqGoraCJiT9YT
  Funding recipient: FZSi5xvXcyCSqT5etHQJcq1Sxb1XPSRiqGoraCJiT9YT (0.00203928 SOL)

Signature: 3WYMSvNzDw7DzGf9DWkudReQttECDHB3jAzLmAxs57YuMjNM9sJ9cqd4UrAa9AHH3BmRtHGPGMW2XNbdrB7ifavT

Transfer 1 tokens
  Sender: 6NYHntiFNxnoZsZWfxahqNq6WSFYT48AEFGPvWoJSohm
  Recipient: 97xAKp8FjyXkiYqTtYWN9ArD7KxTevzaCAo7VCcwLAsK
  Recipient associated token account: 4S2hD2u8gp1fXSfwaboPccjzkNMqPByMjBiQCMPwvdmx
  Funding recipient: 4S2hD2u8gp1fXSfwaboPccjzkNMqPByMjBiQCMPwvdmx (0.00203928 SOL)

Signature: DLvRQpZyosRW5Fsg69X6k7BMEfbssKJMXPeND3fenNzTCoDRHubGnabVdJHFYGePdVaAyvrYCpe7BqJNxoLsrcv

Transfer 1 tokens
  Sender: 4T3gebH6rEPs3YCPMS69F6261MYCLPcojqNYUha8WCBR
  Recipient: 8LJVCZeBnLCWakmSynF8w73mPcNXAqv2uHe41TcrR5K4
  Recipient associated token account: 53zHhww27vRtfZ3UWR6VTZpwYN68wXSPcjbCnbZCaFvb
  Funding recipient: 53zHhww27vRtfZ3UWR6VTZpwYN68wXSPcjbCnbZCaFvb (0.00203928 SOL)

Signature: 4SwFKsKkumqvQ6pVq1cu4VAEF3v5eQGAhKtaWyPZVtR8kbUX7EA8Nev25HmeFVGbYz4JQjTx3aFaJ8aWMwMTWWfk

Transfer 1 tokens
  Sender: 4PYJNfWSm7rPbrkB6ZZa9SdXFRA3pgsX2PE1jT2dTPxL
  Recipient: 2HybyiFMCJes6XPP2sU81KqDV7w6xuNx1d6r9sB4kwan
  Recipient associated token account: BCoVV7v927v46kqb9P4XjtjUEbPNcfJwS5tirMPPyZpz
  Funding recipient: BCoVV7v927v46kqb9P4XjtjUEbPNcfJwS5tirMPPyZpz (0.00203928 SOL)

Signature: 3hCnx3QPChW2rY1EesuQX7MfaxJTSqkEEapF7EztURCbaxS1V4CxNUXHt82YBir2yu4LvF8uWsXC6aRnSGqz6abV

Transfer 1 tokens
  Sender: HGbfP2dMgZqQpfoY8GXqTCUUkJXacsmC8W9ndwWsK5an
  Recipient: 2HvZLtooDPoA3WkP2vQqykTbynL1YMwPmu3X4y6g2C8z
  Recipient associated token account: 3UZg7zk7W41pdEg5yNybXV6zowrdhY1fTMiZpjR9kgdj
  Funding recipient: 3UZg7zk7W41pdEg5yNybXV6zowrdhY1fTMiZpjR9kgdj (0.00203928 SOL)

Signature: bvApJqJH9FHMf7qGGH7F35CdwbqrgUVeV9k2QCVfttqsEi55xony8zq7oe8RQViqxapXaNLbbDRX7DJJKneyPSU

Transfer 1 tokens
  Sender: BvoGRLbbakXj3SJjHJroTtN9ktjkbfdMmwg65UcEDiJC
  Recipient: 8eRtioGxFAm3yYdSYRVrpWFYcWWWDTB8g4J6EUrYs2XC
  Recipient associated token account: 9ZDbGdLwpqiqvLa5dPdxfsU42aT8HQVDmCB8b73fENz3
  Funding recipient: 9ZDbGdLwpqiqvLa5dPdxfsU42aT8HQVDmCB8b73fENz3 (0.00203928 SOL)

Signature: 38ujXKNDZB1Uw1dHRactMhDGyBt61em1umr23XgswfshgYx6ueenp7rbXdfPBNeFcZgzAYviHfEs8mXuTRDAf1cY

Transfer 1 tokens
  Sender: 9hPgQ4Z1VPS331hB54541ebAGMSensYy4WVXBGTiNjdE
  Recipient: DWYyT5r5bSjfB2bFc8sXYtFwRJ97iU6Qdn1sLkoh6JnG
  Recipient associated token account: DNajFwoWAyL3zgsWHbu9n7HAiUuQYeLW92kcfEVYU6Wh
  Funding recipient: DNajFwoWAyL3zgsWHbu9n7HAiUuQYeLW92kcfEVYU6Wh (0.00203928 SOL)

Signature: 4tw9msmJosC9noScQTfrzwvhZkRAJMZzAFPSUStVe22yhcM3ehquqRGpkym8TKs6ba8edwauMoQmFnyr1GZGKZzb

Transfer 1 tokens
  Sender: 9R74Za9MkiUsy2GEDxS3apUMxnomAYBHSvDv2vYigqwK
  Recipient: 8pvjuHGYakaPWkpvMkjDGtWQW36u3z3N5dtxXacoW32c
  Recipient associated token account: 71gemAFUsgQxdorynedAcJa8YtRsKfaeWiXCib7Xb3NF
  Funding recipient: 71gemAFUsgQxdorynedAcJa8YtRsKfaeWiXCib7Xb3NF (0.00203928 SOL)

Signature: 5E3MCAsxFHb1sC1acmoYYhfT5Jrq42JoAyUS9DMXNZ5YGabRoNv8HDLsUFA8ekAgeH7whREi5aynyuVz5zDvYkqs

Transfer 1 tokens
  Sender: 6na8QzK31L1HK2V66JtinLQ3CwrVznSxouXab7vaue78
  Recipient: CHZKVvLFfyK5pDe8vcmPwfhStvJzrJrT6EoXXMdkFdCt
  Recipient associated token account: By7kKXg1y8T3dXE5jXPKwrZRj2hxk1PbaNfei3LZ4WB2
  Funding recipient: By7kKXg1y8T3dXE5jXPKwrZRj2hxk1PbaNfei3LZ4WB2 (0.00203928 SOL)

Signature: 4komdZTYFixtDyvkAtVwuNXZzuWbcdMGuuyWxRbjtiD6nu8za4xAwF1MpTuz4ggxYFoZFyt1Y73S7UTBQzwkjkdN

Transfer 1 tokens
  Sender: EVBzSQKCRuBqye1z35Qm6akajky9VkdeYRXQ92b1mUYF
  Recipient: 4fTrRT7vRieXt3F5BJiaDfPKPVQMoDdQbwhTwJCMvgg1
  Recipient associated token account: JD6vuKLkwrrPuSY9o7MHiwJkZKmVYNM3DWDaFkUqcygJ
  Funding recipient: JD6vuKLkwrrPuSY9o7MHiwJkZKmVYNM3DWDaFkUqcygJ (0.00203928 SOL)

Signature: 3bhCzX7KVNZQesvifY5kKJkqrkkn9uCf2a5ddGppQTtMb99UYhhxs1PPsK6PS1XbtE4EFcYx3NHG5VBFKH9T21re

Transfer 1 tokens
  Sender: EYwRTX8VHbydMPN2sFsgsVmBYrJk3rx8thXdMnV8oqJS
  Recipient: 5uSmDhZZ7dhpdpWUKAzDoiteeQCe3ReoUHbZzKvFEVtz
  Recipient associated token account: 4VzMwp8URVj98rhqd9SFCBHTrK3t6u3ZsRnptMhB8GHg
  Funding recipient: 4VzMwp8URVj98rhqd9SFCBHTrK3t6u3ZsRnptMhB8GHg (0.00203928 SOL)

Signature: 4HPtLA9f2qdVk8nHo2AQVrGpK2PyXSs1EiLtZEw2PNoEfqQHuMmdmq3cZ9WfzrM7vWUmKcJes3xecAiVVKaJH96L

Transfer 1 tokens
  Sender: E79PRiepWRbMwecuL6rtEX1Qe1RUrtjKxXjn77ZLq8Tt
  Recipient: Cfh8zzLqs9o8naPDQttdR43Wp4n1v1dRdN6L6KJSaqxe
  Recipient associated token account: 8w3cfvMDPG3Jz1cZbjVFYeoQpDarzrf2gzFiKevTA1EE
  Funding recipient: 8w3cfvMDPG3Jz1cZbjVFYeoQpDarzrf2gzFiKevTA1EE (0.00203928 SOL)

Signature: mSZDdj64NX216YPMhVBZ3VF9D3P29TcC89reQVBzJiBQkreMXearyA5gmzBZf2ZJKf2G8BxV6quE8pSCFY9t5fA

Transfer 1 tokens
  Sender: Fksek4ztgNKxWQmCbC1gk6U9MJdtPNYrK2dofwY2qdfq
  Recipient: DB7tzQa6t4pc6zJz5FZb8DHZpai78jRpLZy9DrAYJGxC
