8nHx97asfLn9fnF5FzbHd2gNexBJv1YeqtG4dSFGGADE
6jxktnf3fzqE4SeDd9ZCKi4UrSYZCEYb7UhE8aS9HaBW
2DwX3XcK7PyBL5KVND9LTycypWY7zWn9Fdyc9UXn8Na5
9xZkQFAfGYr5eVNHemr26Ffhd5v1HpA75ZeRqT9SYqB9
CC1sMiMnS8fiQXcsL9hSPhFknccdbhSQgC9Ag4LkTB93
AUuyes82ukYuKNxhL66oQbKLJe2pfyTibLfH51S9FiwX
39EqDUnHBbAyoyzLx4GWNBNUwJBd3r6wnhbo6WMFe6nH
5baNPGyGgbZLt15vihkVrAusBai16EwRYW3wE8bqatgY
435hxWSvZtYazFPkcvxNB2M1uLFt5pQg58PzGPoTQaxx
DDt1K9LitCQ148tKBanwYM42XZjvq3Pg36kbuRgdax8R
FfHiwqMS39iTxGgLku7nVHcVEHQWZPwWjcsZarrUJL24
4XQYmLVGHhdoeGazT5gS7DUorNQtquJVhZuiaVDpej89
GDVVYo323Dje2CpVrpSATkYYTei5A9WEauBDjWTDfr9Q
Az1fMt99RxGecUtYHXreiA7y6T8xkzPJSkApSQkqgStv
7bHEcCtywY3Hdb73BDFMCR8J4xhjsbLnUGdALMrLpLxL
CJnF3XKcLoPCik6tKi85xwQurCcRgFdcwmgW6oj3K8Ph
2pfVDk3cfrtxZHsSVZiHrp83eJR15NsJzAnzQSkfw7Wg
GQncWbnvCeghp9ECEQfnxKQ9HA2CJM9QPWAeQfdeXjJE
AZw24oWZAJVK3kZDZUwiQrYac9WHvVacCftFPozEhN3v
88pqad4EonRXh9WHZyVMZeH84vw8W5kMqQGzBmyajQu
7CuHaZZxUaVjbGQDAdems9DT5bRMJfNsjXXoMnXGTsPY
8UhoTrG83nBD1HrKgQyK7VwykufugCmfoUfy5U1bZqoS
E7vgKvJCsfRFoUU8A4vwkeKfHAtXR7RajfsfEPFiGU8C
5SpnPUD9CANau5HmnKoP7csVkTSfSrjfvSWttCduepsB
5AUkdruvdb2bTsw3pGXnEvXy6YzEpERxLBvWT5QZ5y4q
48KriAoB1Zgc7KTxyh8vBGRPVeFvbt3qePBur2o8vaz7
9Ej6wYRXbQuUn85QCdDnapsihkp4etWyFwVxWc16FXFH
8Bgd2wHcSXF8jJsu93YHcEoC2k8oE8H9sCZtUkDLCSMv
EELyPpuMcZ57zZwxsQQWgmaeCgFTZC4hsiurHv8fTJ6w
8bLmPPE9AYBtysRsEDs9RMAU8ZoDCNfa4LnhxZRyiLEA
4PASa9CwiC2jko1gZgPh2pKE8EWcxXYd1M2VCkbXZbGR
DRppzzPJQ3fbrFrFnxhuoTF2p6CdoZkwZCpj1V8tdFfV
12Sbp7UgL7RQYrot4KStE9x66aJXhmU7ySkuVvt6dFDz
JDHECt44FC9JqWDLDEYVQWLBo75xMhQ9W9LyUJSUW2WB
AawY7krJV4V7uYsQPNGa5rzuG1sRrAyKrNCn2EUvvjC4
AztyuF9digTm24KfMxGfpp5xfho7yRz3FiPXRzeutTw3
dLo4DwbVMi8VA6NzzaK1vnAwo77JQHGTsG65ACeXtLh
6JH4QwpxQ3LMWKgRxFCLyQo5Q7qVumpFsQB3gFAD46rW
24hBw6bGniYi2cbS3KEHaFcKYDLDCYiRALv3ZtYCRzu6
2X8dSoZqC2dumF8Pj3QAuKEoJYxDj4PYn8fj7sUbyv9Z
4wbPESmG4T4CYdmxq9gVhjg4vvgfHLsZkQmBPqoYKemf
FiUhPNHv5jPEQrshe4Cno2TU89HtMyZo2RNoqVb24PVo
6SNiE7G4tnqQsyxmDUJF2VhW3dY4BEzjn1NgHfDAs4j9
BqGApnY8EeDyPeEEvpD2vzujXdw4djvhogk1nycUKYM7
HHadTkL3pMShxTgENkWoEjVh2eh4C4BK84hBJtjvQ9XL
FQsssVuZqUB8NjsdUzSg1yydRxLeUvuCbFnuJ3ACfXEo
6GrNB2jZGzRsvpJPHW77F15KH3zDXQaFPMTna3qHooEr
GJmis4HNmmgZwmFtW3NVPDsoKTBBfkuhJHZBaPbn9p2J
3QP3eDfnXk1HeqRtyJXyHpnoy3Wyx3v2xUG24UfG9DMq
8zoRx9uSjJvEmJF1LNJSpjTTzc1YdnBDGAK6Boeka5Bv
13LLfHv2uB5GCYAwnN7mCsYDM7mZaURdPWYDdX9Efx3q
8vdSdfQb1abyXgMn1CABbbRTrWD6ERwSNX9iEbjqkp3S
DBpTnQLwXxDNjtuZ6oDpxqMDS1awBMskz3xKtQZgpW8D
CUcLuwawPThu6DApL6d6ttKYaEDubL35deSyXrfB3w3W
CstWb3ufjKrHfVPaKnS3ssiW8jUZgpWiQqZTYQcGmP1U
2kmmntBzuRL3KEuhVNgN62rL9gbTjvL2XK3kxN4WBy1C
Ajvu68JKG6ubZB72Da8dDZq4nArzw7sXgtB57YWRXJui
5RMtt6jHS16xU7FhCKB4H6RXu3izsXENZ2QuFmepLAUg
HcHuhdsVQSEPRa97JMPsMPbEBqiAmNm4HcoKRvEMq2qf
CUMfwTf4xPBC4voSXakVDpoqdHGXdSserMePQuFCezca
54P3zPHfUTiUKDu85rbuzNPiN6yFbmNMN3e7fy77Zs22
9CNV1RFYnMTtJAUY7anxF6wt594uxUEf4rDtFqkuGcbv
GpTrGzz5Cj7yh33E26MQ66embb3ZWedtEqXns3BC8pew
BiujZrM373MVU1LEFMUpoCp5iUYshJ64SnoR75Hj9gUg
9p2GtnEjZWCosZY7Lwx6xzPnLFHjZNsgA1emipRHy3nC
9zLmLc41cbaWHnQNUfrG1weaHp6ZyhGQ9waChbQiq6WL
2VZn63ppfkP76tKQ6e3WEnmgjCYukBRWnpRK7njHdEro
4XzX38zaPhKHj4S6HbvUuShie94iTRnnmp49J6aN9Xmb
AtMEYzXuYTnmsDBKCfKnKmowAM4cqboFX5s4L7vAfjiv
FKprV8NsxkA6oU9E3iHBkEgDCmzLsid5rAME5b1ry14T
4B7nwtGwwo6EatbSErxXGi2uoJgEg69iMEcPFFkmciU6
BkGM9FTP8s1ZmGF2TEYk8XVVhsspWbVWaS62WWxzyxPS
3Dc76zy7zk61Qrpdhbr5g1n4V7g8ULgChRMsAggPAkc5
2yCVde7a9PBB6HP9sJ9MfU5kYft84DjgwdxdWWKP4GkW
79gzK1XhAm6fEqA9NxPSWU8uE8nTg3AEHSi5rmULasn7
5QhwBbemxeUjuZH1Bv9aeqZhLftQVRgjfjD4tpd4MBFh
233dFisWZjqdBTDys1Vi8p7SmAaY1rv7nySF6DEvJSqs
DoHwStSA3srdjPDTfRHepctkMMEVKXH2wXQYvSRD5Zww
wHwKc3C1TnQYFzBpmmnTRFid2aG1sGJn1bk3ZeQR3f6
E11YnPcXfBvjTHZkzktDzssySY7NRdExrAdZGGhpxaa9
8sDDNoiMhCAqpeY9gHZZZPs2TxJM6uCib29XDT6Fcjc
8CSf84gGwLm6UnX9whJ1FesGntLzAvcrYo4kwXTaQxR3
FPqJszz71mUR9uxnhCyhpnbBunLKT5yv3dWmePSH1UaY
BuT6ECzDNaHJKZc7dzjztBibTwwYka3jpX9mcKJav6bW
576nrbaUxPkvSWfVGsp6A6enQt5eNZTiTPVVj3N6qgzV
FyFHeX6YMpqFDwBg9cS3PJp6YUeHVaGtBzaH6v3P2uRS
UcY1XibBQkLsaTmet6J6AE8ZQm8RzfwQpDtuDKgVGbJ
GwadxNe3orNFFppDsBzaSDFkuz8ArsafbiWfDBa831FQ
