5GYTrLEohUwf2finud8rEeU71Zb5ygmQ12cQvFtHVoyL
2V4VEBzVne7rTj24VhFxfFvEevgU8RMkxk44La1eMhs2
EwpzNAccisLy97uiVsPhUYypLFHJPcfW2wZx418vXNxW
AtArsVMUQDSbjXFf7dFs7DPBtLMFimUp7vjfcmtruuu5
9aXo7smokjnqRMQK5JeSi7jStZcCbCu4z8bU7Wp5yeF3
CaUu9nuQi5LexPanYHQtobS4HBXmfpDbSpjYgZRTZJbZ
8eJ5QqfWdsegz9NoW2zJCLDp8RfMxn4SAfQMdukjdFiT
Gpx1Q2DH71Zhk9f8r2FeAWENgqhPoKK8EjD6YFB6W3xQ
4Na9GMVos4gU5meSWT8iikC13H5bkZkHjHnbe3EkexNq
AU1KbueUqZrTckVDZY5AtpgyhWEkvWWWtm5RSTYdiSXY
7Fope7vwMU5K8zyVq6PE2LTzNVHaeTxkPaNmsu7rVrtD
DJpBM4h6h3JmqBuhgYB1hCBQT5rXAfRXk5GWqjzwjggS
GM3ULvpGg8j2wDdLZHHJXAPgSvGpjXRrgn5fJz3VzfWr
CCmiV1pHTwj63vEBUKJr8SuM7fNrLyALTBe3NReqFquo
3UcChsuigKQYMA8jQ6VaPRE8GzeVEWyYyiS6Byrbyrxu
9UxjYnKrpSfUqnuwvReV9uY1BPmKmYRvNQjuMJ5yXkp1
5LfN9WGFAYbBZmdeYSZiwAjTcpcxjoDRhj2RM15fKsBd
6ZxqPHBLdqp5BnRpJZ6xeC4HCFJvB4WNio3Yo4NCcMDE
GsWz8G85NWe1CgXyfkMAsCcAc9xwLjJquG2VYtHLGpg2
3joD3841uHBp5kd7hEBtTgBYWByMStSnmBuCFakD4C4u
9dktdMGnywXAge8vpSQgxGEZKYGXxqDf4Zcuqdt3RUQa
AAtCYsw7d5o6Zj1W6fapdaz9ZvArsb3om4msRhAoAKB9
3ZgzFe9gARFwEZHGzusKgFLjLpbZRNo28eQxZL6jqUcx
H9JxMd3bNii99XBBftu1TNjZTwDEKb7FJKHUzw2PXh1N
8URhb5vndBYNjB6nhmMXubnNuMfCms9hN3APBUS5EGmu
G4o4a4BkrxzAofY5sRDrj3QY2jz3hfmj7gkXVEBRRDis
AHRMSeoQqR7b8kC15t8is4UDYfU4V5EcgcrKgCJmVLxc
9bpyWshPG4x69d58Xfpd5E7Zjyby4xxG5sMTgApfyBbb
626ZQfEKSzMgEhavf4fUFAce4UvNV8TrcE3TSd61K3XK
EWNr1BnqkEUC9yqNJErK48xCQdNTsn9HTzcBxLJadoaJ
J4a4nP7ZpVTTWi4NXRneobXXVfhHb6vxvzWZNRHGFSWo
9ALnKuPj4tjwEk8YvoRc4avRaAAVmYD4uHWxXvHR2exH
AbJfBJixcDbRr5YsctGqN47tnECcY1ZFKvzuPsYvhQDZ
3iR3aC9J6NADx2KApyUiGFMVd13LrxiYY4HrMQJvTHqX
Fov2e74bEnSsQFJ5KSNLcT6SdBuSS3Pdy3C4ceCvSRHi
7M9fHW2qV4958DUtwdykxqjZgvPVVJiLcfBrJdMKjZ7L
2sJutf5pn1eZvj9XAomaG5iCEdQHzva46sp6sxYUyVKX
Qcfxd1UhUVT6PZXcMivkWTuxPmfov7MMfp4xKDYgmyy
7ivo8wbd7VKyLrbjEJUkwe9g2uN3oTooa1jp7AkGdiGC
2xdS1ZiFavqh9sEcRcrqZLcqRXyyV7CcoNn5nC8hZqdo
Ayay4rKH3xzaoxLNe88MZb3gu4LkgJ9NgDqYvVJK87di
Bgr81xRaaUgjuiX5cSkNF3hRiSgyf1WTy7MbKDNnFrCY
CFYtKFQDjtXu5dYdM8wEC7eM88o3y4pu9WWn4D73x8pB
ASJqvC2F8A8gjXidpNcxEPeHDzxoPcGrukHe9FiVKaeR
2oymLhxQgt7oUGvDAAuF4p9Z5onZtKvGMMiCPeGvFcMd
wyexAsLLTdQfFbDEkvbiXUErhF1mkzTRnB3DsCwHPxU
Fmuxcrminrj9MykfPdQLgXNNLrz2pbpfAQ72m3vbe1fX
Anpfkr3KBV5scMPGudoZ3eJgkbhSPj3zrEcgSzgoVXpV
6DN3CU6ohypM4VXrqrxwpA3Vao2zHJvTV2n7FMSF7nLZ
AsBKzVHPXP19FABQPnz5uy3XJGoAPTQri74uXiJaA781
J2RwAuxycsLdC7j54PTARpp53sqUuRHQiWKLMqumXLwc
BksapNzMsjPkAzxNVhnC6feShFQfYNRcyqgCpELfGq8n
71ERmiRA52VsEPrgVQD8zngexDuZrvqE16eTss7BaAY
GuPVtBzByHdMwSRV6h5CNX3KNpXWRQN1tJuPra3HafP1
CrBRbEV3PcgdvP3rbDmeivnt1Uy9hLuhHN1cvmQVPYit
FYFK9MuHa9pGgdMB8gc1z6owBEnjL6nmHNSsF7vnGN8Y
GmHZrre7UZpMe1WuLXUCc8mkj2h6qJE5zq5YrvbSQ16B
FFpvpAicDsCFqLWqr3hvS1kwsaw3tV3GbAg9s5DJKtAn
EX9axcMZ5qJCXg53djaML6XDvXj5Ek4VEcbdtMrVV5Dz
7GUNgq5dGDp92EeDjDuTVvYxtNafMc27LT4Q2kKBx7Cq
59XFJae2BZWcVyDCBtpWNQodp1Wqbxb4Z8NRcrRfmd4s
3A8JMtwgGGFU1RhFT1M1dRGCXKvzwZSbLV2GwW5YNn9B
57jq5z94BAVNLWyuRwkK1RsKM9GBWpLVPZQR2Sx8oJEt
Dg3uoMGFbYF7tTkR5MQcYcsqCSfRtb3YewooSkQ4pMkP
C7jRK4kvhDGkhengPz6r5gic6pmktjs4fzeKhtbNXqDr
Dspx2QxUFqBMgpx1GPZQghbGeK1aNzXbNB72y51qeHi3
64FovwoPCaK6kyV7J8LUquMWdgmAvQTEdFjwWRR6pXHo
7dLSJqmDbzGixBDNCa8sRZivp4iNUr1rn29Pq6uVkJrb
qN8PCNgDRb28M8Vbjr6zWi8DSK5E44tsdgpzgfzHPMf
4n4Q5xNVKL3AAfbiApS7uPX4WcZyoe6gnAC7XfuYYYQJ
DmEKynjgTRuVFETiMgWvZXvj2EZkCLy5m52h92GDUUkW
G961BRMDeBGZZgkkjHgv8DZkUSj7HYkjkinTKVgRiMof
4SdSFXtfsdPqjJcGaADMTd15uD5sEvkiU71U5hVzgeJ3
GJGDatxKh3YHzo6BtW7ZtoNXwP7NexLZmVSFjt2s4au6
BgJN2wweN4pwujrfAq5EHBaFPknV3USrgt5atCe9izd5
H7Fe4ExARpaGsyd7hdHutLHRA3TeScv3Kfye84Dr3WJG
8Rkt8gTezvUpNHSzLBiMKSbSX6yBpZ3JV26kXkLvnZyp
BDQo2mRhtNDYQhAmEJtzAn8u9Z4GrWvgGYFKfndvhvv7
7HDZonZNQXyuBih3gKouHpU4cHQPKx1TjH3mxPC5eCrs
9DittuBE7FP8RCJsQhkJ9h4dh2ecDDgbPH1VfipMb9RN
CWbcm154SUdNEtTAsJ6cTjy36NgsNCTwCjAchdwT3xPC
GM349scSLMnhFhHLCR2Psvpj8f4TZAcCgEVDpHGbTD3Q
CCMTM91RYwD1pNAfmoQ9khz3Asrmd6AYSFqzaWXywe8u
2vsD1Yu43suYUNtyTutzLsKmLZEAqDsTSKqYZebtXFDg
C95Hb7cZRsGCoszijqccs7B47PMDBwoZ19gqF4B3NqGk
9yvNFmTgBRNbhdp4iQKFBexYqZBcYGFCpxVzVdzgDtzQ
9vUGvzRN8QgJWvhxY2PyJe76pZ5jjH2YFVayt9HfqXBL
HB2nppZEHu4T17DyQLgtSUoUNw1pX11MdHw7nzVCU6cW
4r59G1DHwbY4HyGdTT5vQVfR3NgcSkwtmEwkD2fZCQ8R
BPfavNg2SjnzboEuToFMtznRNHza6Ceg12vXJompdJqK
9XH1YbV2TVy12tSHmVcgh1HcmyBmTFzo6eALSXQ38af3
GpdjDeSEqUtNftRw6WVgQfUnmjk4F2WyVVsHEFpNgwf1
ACSBicpizTqTRszV6tvCdso7LmQqrq2buxyWqM163NDw
4SURJF2n8ycnWX5SWQRntrmvZDyVcwUWPGLZsQWJb61J
Eu8Z92Y9jxP6Aebx5gbsDY5Cb5CWLYPNotkbx4eV6WP4
91geoJdxx3iBL1fv16mC1ArHTAs376djzHicCsz6p3sL
C5rn12PFHFWMo7bfugR132cNmiyDbbVccUEz17sdApzx
36bgrBd1Z5j1rkgmmHqW6AP4BBdbCSLZ3aZ1w4WRLgnf
BwQniFQZacESSNHJh7w7rMgG1Ur3bcruWKGzuu7srtZT
ACbJEiGJ2nYZaWkyFGYCvRz3JPBPKfWmHawKAJbcvvta
C8YzCTE2Nn569DEQivJh2APWKEMeM3VwR64So4Xgvv3
9GHB7F1qW67d8AG4eRGig7FLodbxdUdmq2RSpGf7nrsZ
25rcnrx5xPFSsEDfStXvuxxnuTuAasmhGeYNwM8Pqtvs
ETrqzedAxBZpzmzGHg2FnBJNpaCytczP3w9vtkr3228n
5mfSA82hyEHxnZMGosPBndTaDWjq1FHQviCxP7cYdYsn
D53w3z8KnBb3VLbErTbkVfn8qXzvJcjn3XxwuNWBhksJ
34zFxRYpn4VyQxikvzXoJw29o9UWJcEvw9iwDPmQXxCa
31v4etVs9V38DNXREbUBaS8H3QqSsCMuHUqz5e5gAESJ
CNz1yGPVMu6i4aVSLJF3E7tZZfHuxd7WhtXPPUfnheKX
61eieynci11gfS1kkNXaUaS3tbaKpWWdbDugDu4cb7CC
DQTqFvFQH1JjNkJJ9A58t17hBHw1A7Zs5Bkh9NVX8ibU
RRw17byVFYphLhmNNp6XhB9rm4Mt9aa15X6ntymM3rc
BupYkJy8xfiRxVz6HQfru4wAhxmb2ENmouaKMR1FR3T3
GWFjrXqxsZh13Wc2ua4yMZAfCuGnyskXtJ4Coa8u8cec
2oGdgUG4PRMJVgbvts6r3HKEsDw1D1FTkjVebXjVDm7j
6oQLqLv8X3TFkeVsn8SwHXBKJBr5mSqfuwftWm56dvuj
8ZkdKLDBqTfMesRWFBtez9JeF4kJxCGo2ummj9ZJP6Af
3edcTmxGmq7Sep1HF7zBGGR9DkCShUwCB7ZDV4c5Tk3M
Ge8dtKE4cPRf7z5K7LMyKsbEa8YtwJigRKdrw23YDkh7
BZMdMAizfw9t7n8GeKznU84d9KpDU9mp5o1wMgjTAKkM
65rR2MEcHL3uLkzSNVf4FJmxf8pBe2cxGPhsosPX1iHQ
78UEXe2tGSELHCd8c41hrBqihmAe8KcPSsbyaaU5obDb
EUbk618164An3h5X5UUWQ4v29uNoAgjKNofgpG36FChW
DBaKTGuhakE4a68aLCposKypdmScfXTyJiFAfhg8HWLp
FnRKanFJjoriMz9nm3F7Gdn1Yteq6K6ReQtEs7rUoTCm
Bd5J9YpTbS5RUof1rujv1Vtwc9ShWCn2oHyck6EUC2hm
9PfKuTvMSG2hvAD6Z55GmJhN8ueMfWG1aCBqrPRDvkC2
BVMM2brQCMkqxzvrAs9z1eZWkjK8LvYfeLtEVktLULDx
EqWLzQ46noU8L3wF2gdn5CKZWMk7KDVfS8jKwbyyBudn
3bRH28xHeV5DUkp9ujEbSuCtJR4KpXmkj1HcJExnQY72
CU57UQMCbDALj5SsSyWBonFTY5KNuFDudD9da3uNzUQG
4Lo13X56vH4FEvXGdEe11iyvhvkQSSmEMMgxNzUo6Tkb
3oLT7y3fN8fS3jWz93qbJy9uLx3BpaMFJWgibj4fuvLR
6wD1MT1sTHGQRfnWAGDczNyq3w4Zb6EXedw4xAgs8vLL
AYMFD5XDnrV4vk3C7RQ8NkYgoevVfKtNi7bCFvH8PZvE
Q395rFminzTuQS14ZrERwzEoTrKayXJxeX5AoDjPGu3
kNTReuGufZ1ufg4c9iCT4RLRKoU7dT5ft5SGhNK2TF4
FFWxVeWfHVszo5SJcHY5zLws7DWpEx2gTTVcjwcfUUAS
JiRfkTwpjhkx78ANygF1gak3SbqiS9fp9u3nyWgUwxs
8a6xFvcT4QCb96g9yKURgoe7kvc8pHSfgcBkskMPoXsc
BnSfYAUkcTtpUDjtkxrCvkpCHKnjfBQGVNbgYod8FxFR
Dfhf6DibMHRZkhkmTqFAi4ng6dtCh6udLxEWJMCVXkoY
G1W8vnchVkvWuLSiAEzZTg3i7P69JzKPHB7H5t38nkuj
2JSpEMLk3oDbJfDcLDW3yBr7rEaVFhg9GVtxybWEb4sZ
CrBD9bDwZM3NhygRnGTkDNHyUBx7nQXund1LafuNMvFB
3XqvU7V9G1fm4haPsKRHJAB3ahP8o1brVMmoMF7GBYiw
EgiZEtrzLER3YaJbURestW4adys9PuLegX273Vrndxt9
BPHbsA96ze8PvqRC7v24KxXHdBhCkYRJhsQ3QAhiiH7n
2zTWGHBzUvAF9ajRXkU7oWyLQ4Fx9ap9c8cdvtgAkb8V
4EGXth2hgHtm5XwNjWPYjMooSmqZzopYh7xWZatTQ6oN
BBgxVMQW6hNDXRezPJ1qLpduXa3jNAWenVcUpVsvPMrN
7CB8C2UWriXY7KXz4smZuN6hNooZLB816NvESJfKXqQ
2JiUzuP1f6qY2ebNvaH3gNcdX3mzc6TLkCRm8SHwhjSg
ADm9s6nyVAfoepG4ZgWnyjNAZzf62nH5k1hZgATqqN66
772cE99sUjNTMN7ygL4pV2HUm9NvruwyZLiJAWju82KN
wPXdxxjU9ksSqCNECmHTDW2dsEMdUwUVkJnetR4ZVHX
A2eLPwxjp6b28F8LkngshY126QpMwuU1hZP75ciwk4zw
5JGHZFoBgDXzrad1ajyXAeHuEYXXad8VUCpmksHkUauc
FSen4ZpPjJfjJvYdC4XqNso6fv52X8drdLihoHf5KWep
BQGfmh6AJmhUBNv3vDfk6qqEZUZkmxjffwE3LwSwc4UU
EsfLEdrWHY3K5S2bD5eLWZnykXEeGF4ZRBBfARFAMnGX
77DT4MaVrZV81A3JMqh9fHUZnmJCEAgbB4YXx774nKen
4ZnhuVZkmuXaZGUdQ2GogYQreu8Q1oq12NEAdVYCo7hC
HbioyopXJcoeUx38tVmywuju6Uz62dfCBCanFRQCE1kE
84BGSCcwebJoMC49y1vesSJqKaNBgPJHzDtKwazuNBmf
ycgYXt1UGvmFhJvdZrAoFFWdncxyRUz9KcT1VbkREZ8
3rrs1dAsATM1miSQpMYBTrr2V6P4X4wpY4Ls3g3rLuhT
AtCi5zXHVoYwXKf4N5ZKA9rNYwgZ3wFGDPAu1FRmmGC2
H4WAZ75yEDhzK7hc21wZ9HVdY8q5j6CBreqYNDc3LXwC
FVj9f2VGP5rwibYBSJRMSWjB3Z7QZ7tw7fF8VX9uNmWP
GRuo29T4Esh9gMQr7Xu718amCVVfREAeozCpf3R3LATr
8qYZvMzTA2HeuAMJa86HeSj7Agr6WDrk2u9MTs7wuUWF
wnC24XUSchN38n2KdzoaJ7uX6hgzeGY8HjntswCFZ27
ByfZnBEfgDiJD37bystCwuksiY35Qt5VkMbJzG261SoJ
EWFVAwA3Ef7QwZvn8HHfS5BitkzevxFEeUkPqHSieq1V
3NvkPsBnXdA2JpRm5xS2ypwRHaRwZC2Fuk8fHYsFLcRo
HCuFaqesBF7gu8DSPRQw5VAY5pCifu6obuXEdqf1ggze
EAcAGo7AQH9TWXNRRs5XGGFhz7X15cPedsAcYgLsWUWP
2ZFkDB6F2zUZx2KDkKbbsayMG51BBzbvPSUoJhyZX4bj
8jESsg98yTSGEC2R7jwje16wBm46PK5P8xhQYsg9wGyr
4M7WUuh2nq2NUrn7R7RHFCrNxjf2dgMiWJJQVdHsA8sA
5XHcPaJi2rZbZQXc2tNXisoivaTxdb3gm5Yk8iWbyiwR
9Sbh4KR4Xa94iBNuzm41bfPc6JD8Fj7KUGMG3zPsfHeN
CQBaCgwNuAmpkmnzWe49qbc8MKovmmq5V9vong5ScPuf
GXppZrungtgd13S9xUVFcih5wCwwBJCRrYUKa3ksEncM
GmC1hbCHNknWRtavadHj6h7FqxRTmN5nZEoEHEziEUGw
F1Hx7f3Q6zHQBmyQPgLUoq7ENKqpLEb76QfQ2L3sYMwv
AF2dYbhAtcj8UjbHEYDsgimRuDHxpx5ihKi5E2qWS3wL
7m7fBWjwFUm8yjjrEkwrSTvTTyVyyJTbUGSiFvx9omnA
EAk4MCon86L6oERSgw6qD1LkveetFrnn5SsRnNBK4P69
6wH2dmnXkP7Vx6gJKaLtGFvYC45qyacXA7Jg66nBvP61
Dww7aSxhsaW379qqrgnGu8amWBjgNqFdGZQBitD4BjJx
DVxwNuNrbGzGcvRrwyvL2FSVEuLiD4Gr9g38pL6KfHBH
5stk6xpaHtXipeUawryZQu23H4YKsoBEjysiGrUxirRM
EDunLy9i8uvYdMZjsTZGJHxQDdsihmXcsMfjApJHyVyj
3HoP2dSPPkCdBrivep9bRA6sXGT6nepi2yGSdEqVdxnv
8KUHa4RCfjWBsCX5dtjm5mHryGZ2i9Ej5nXg6sTNdFnM
5qtD9VCxYLLwg8eN8kmu7djRA7X4uShvcgWFCHq6Cgrz
G26vzN3L4YubfJRdRwZfT97DFzNfQFBLDxH7wWb1ZdZ5
DA1H2fa2Gcy29A9EiEJpU3aJdUVzD5nNTFmdFe4MFEXm
