Transfer 1 tokens
  Sender: HnQN1G61wRLBsfwQ33KNUrqc4K6XqsPFrtXRxX8SxyrL
  Recipient: EQFh6gCBG5E8RfDaUKnVerJYmMDzpYq8rGm62UiX5XkH
  Recipient associated token account: 6qgztYnpFqJ9xUqiiSrmee7xAC6MtJkRczmRhsFNbjjo
  Funding recipient: 6qgztYnpFqJ9xUqiiSrmee7xAC6MtJkRczmRhsFNbjjo (0.00203928 SOL)

Signature: 3j1hrWFrfTGtfcKQ6n1RiPupb8nCkX4jkftQ64DFCVv7feUvqTehNvxJAgDKcGbseXMF15drLtNU7Eh7MDukz3xt

Transfer 1 tokens
  Sender: CZASEfWDkA7suArNax7TMfvYf5wb4HVKQFUxJq9Kwwrs
  Recipient: 9KJbbRm5qjnWBNZNv3Mhk2hEFqqDAYcCHuUPxnG7W64g
  Recipient associated token account: DTqDoa4gn4Wzudu2BLqhPWJgxYYTJw3gbSWCU7htYjHM
  Funding recipient: DTqDoa4gn4Wzudu2BLqhPWJgxYYTJw3gbSWCU7htYjHM (0.00203928 SOL)

Signature: 48zUXah2sJ5jE4MgthknqScoa8N7N25WxdRNTKJXYwWw5GDgANFLmXXgeYVW5BBE93yyRp58YCVj4NVYfvsJ759k

Transfer 1 tokens
  Sender: ADh7NQLwn6Qbzg8Qf8C4yNECaKfgZFTAhKSHp6FnfgbD
  Recipient: yq9utKpjdZdwkEbEacSaMQpzi178DS5yEyJZbci1ZXy
  Recipient associated token account: 79KS86UsicZrHzgHgvBrmfJJyoCRWHeS17J9QqRFmpPq
  Funding recipient: 79KS86UsicZrHzgHgvBrmfJJyoCRWHeS17J9QqRFmpPq (0.00203928 SOL)

Signature: 3iJHo4HCwbEmEjCRHXLHLWfpudkFfpg21EyvxocFMBhkP3D5ggvoYBWG5v1TLsQuizVp1sNmQNPZYVn4d6pUjUiC

Transfer 1 tokens
  Sender: 5d6PtJ1CgSb638xMbMJLRSFoSL2dxWrbi4UkSLjDWhLY
  Recipient: 5oHDfw9japqthSBf7mVAzH89yXgKjDH4FW3EhYynMm3a
  Recipient associated token account: 3C7kUFXmUiSE9kGmY961ebbpHrjmU5yCp4fzeZ9DqQJ7
  Funding recipient: 3C7kUFXmUiSE9kGmY961ebbpHrjmU5yCp4fzeZ9DqQJ7 (0.00203928 SOL)

Signature: 2cVz9jPHPy9c15ZeW7MxVms6ds3W3ReBuxCm3mKSaXFkaHprSjXWBVusfUxkBCChSh4fE3FuW4EZeSWdHwb9U32L

Transfer 1 tokens
  Sender: hVM4gpeksBA12WvGePcWndMfMnaU2hgWJR8jeAdnSdf
  Recipient: 6FkJhcmuGmJMRovuebvEiM17gvhEWtVADYYHPr44n3qW
  Recipient associated token account: HtaXZaXZBEod7LsY7aGsxEukTwugLufCmM3cYdF8VGhW
  Funding recipient: HtaXZaXZBEod7LsY7aGsxEukTwugLufCmM3cYdF8VGhW (0.00203928 SOL)

Signature: 5gw2v2cczunLairMdbWiirfzPffqG29s5zkPA8yj8nQemZ5XD2ZKzcUU389WDXVikhzGM1sj7obKdtaC7EMR3Kz4

Transfer 1 tokens
  Sender: 3HgEqLamGY7wrHRoUKkhmzqPgQqimfuL9pRwti6424du
  Recipient: CVv8iAZGsd2sHVsX1vo2iT72uBDNLsuGNjxSAxFNNSCX
  Recipient associated token account: Coypt9ZrtjGaYrGzbsUiNdPxK6H9hoFvNgoDQuRwrCaP
  Funding recipient: Coypt9ZrtjGaYrGzbsUiNdPxK6H9hoFvNgoDQuRwrCaP (0.00203928 SOL)

Signature: NyoSzPahSjYag6wzetsmBDTZJUrJ2qL2DMFZroTr5G9iGRhKK2ND1Dh8TY3xEpm5oj14F3b1KwZb1VgQdiefcSG

Transfer 1 tokens
  Sender: 3S4DoiXN2pEF3mDbvQtCm5cXHa9mfSanmeSLu6LruamA
  Recipient: ADAYa5CPnjcxL2kp43VcSusahnfnTa9FTp7Gux2NQZY2
  Recipient associated token account: 4M1UqKXwPHT1RfyCBopB6hb3YQefftRku78Hc1hLrAPk
  Funding recipient: 4M1UqKXwPHT1RfyCBopB6hb3YQefftRku78Hc1hLrAPk (0.00203928 SOL)

Signature: 2LxZMt7WS9L4SvyHyXGmw3Ln6Piq5YTMov76YHstQo2CFdN7DXc6XfjjdJUAfMmtgswe35zMevep4rC7XDGdDQ6k

Transfer 1 tokens
  Sender: 4kHNN7MKPJvPmkq88p5NhJC1EDhKtmQ9t5e8q1s7xH1A
  Recipient: F4hN7ecndZ8Gr5KQNSFaSrMGawMasz7jfWTLTMpk7gaB
  Recipient associated token account: dRDYbz5Up6Hrnuy73fNe2Mye5GFcSKwQ5VmV5qTeS8t
  Funding recipient: dRDYbz5Up6Hrnuy73fNe2Mye5GFcSKwQ5VmV5qTeS8t (0.00203928 SOL)

Signature: 58GVC3ZbGeFKDbVUJAbwPDR1RgxsdwYH1REdGMtoRGnsc4wQHkkfsBCBcpvdhdG6VBAX2jxwSUP62L6qCTTLfCmX

Transfer 1 tokens
  Sender: HNTFGPNKxBYovQRwzXxbqAroBPspKB18ytHPUTc6chin
  Recipient: CAnUoRGyuXBE4D6sSdhJoxxxuHRuJ9pwDybz1euF63JD
  Recipient associated token account: 2Y2ewkeAt7abtrnqhj2rJCg7wHySMNrZVseuBanfDbrw
  Funding recipient: 2Y2ewkeAt7abtrnqhj2rJCg7wHySMNrZVseuBanfDbrw (0.00203928 SOL)

Signature: 3ERpZ2YxG8tJMzufvQQYXCEDxfiL9CgsC1pFWhk6Ud3oawyk5zCRA9f4w5V1iMbEGhonrTVTRtgDQJSB2kX9K4wA

Transfer 1 tokens
  Sender: EReyqs5UQULByJKEs5uaEDnr385cLdGX4zWnFuHpnJpS
  Recipient: F8iRrHU37EEdvTucGJ5pHTo8V1nGLL8AAxo9duThJFaM
  Recipient associated token account: 7XmmGzVgHCjonjXsLgB5pnJJBkFiXbmqf1hNAfMgFn6k
  Funding recipient: 7XmmGzVgHCjonjXsLgB5pnJJBkFiXbmqf1hNAfMgFn6k (0.00203928 SOL)

Signature: 3Eb1ZgFqCTRuewrfQ1wSigme8Cf17TcvC6BmTF9vn6mBkA6jDKBcPN9HiExVfE3G77SpPHuxxnzQg8HCnK4gCv3T

Transfer 1 tokens
  Sender: CrfkV6b91fbsUsEBkD5XM49AFhdfvYYm7JWAujNszHNh
  Recipient: 7RY1fYBPSLhk2PJ71jdE2LWXgaEmKeJ1XdtQh2243sos
  Recipient associated token account: C3sQKy4LEkAyQCD3KToYcx34AYJ5bTmumLrdeST2pJsq
  Funding recipient: C3sQKy4LEkAyQCD3KToYcx34AYJ5bTmumLrdeST2pJsq (0.00203928 SOL)

Signature: 3vST8j7ZJPB5rUNr5MVpuhcPf1GQnk4Nj5bSPxiA3qdoyq34VNLRo3TLuvEmuneHWjjkYfqgEiqv5cBTep8A6WgX

Transfer 1 tokens
  Sender: Eb2wsTJEbs9JTGza1SYs2Qys5UaKp1RR7JYpt7S3gvgD
  Recipient: 24iifBd4cBp6tEhYNZvPvdUsCuhmrSXXauQxrumEz4y4
  Recipient associated token account: GpRP8b4MWsK8VguHhQ62F9vpxgj6YRMhizfzw7GPxpJC
  Funding recipient: GpRP8b4MWsK8VguHhQ62F9vpxgj6YRMhizfzw7GPxpJC (0.00203928 SOL)

Signature: 5L4QWaWiVkdJcCt9oCwCd4nd9fsLxRbZQ5rUoU8iQFsHDZPDxE7Uvwz2WrdWoRZTgwrbTvoU1o66K533JkqC8jAK

Transfer 1 tokens
  Sender: FhWAE6vzQBNiA14bYZCZsUS83Qg1V5sPZEAymsLKVsAT
  Recipient: 7fcwxQgEkyqWhCJq4B9ViKCnzdAB4tZohJ8TdMLxuMzH
  Recipient associated token account: 2Qes5wgSFTH9osrMjLcL4PzHKFSGe2raafqwxB3Kq6er
  Funding recipient: 2Qes5wgSFTH9osrMjLcL4PzHKFSGe2raafqwxB3Kq6er (0.00203928 SOL)

Signature: 2mqTJbaGpqgE5roXnTP4iBnyJszsPmT7Bobb11d6a3SR813LMBR6FdJrDXMXsbdxG7v7QUgSYQFNgre4wHCmW77

Transfer 1 tokens
  Sender: 47EAXPtw1MrBD6Z8qJ85ZmFUVJHhVdi93sGUP1krP7Fd
  Recipient: CgefrEXcD8zJSaDJrVBgVC4hPBFans7fitZ1N5UTZoj4
  Recipient associated token account: 5ChLy8RTytoUtNCgAjEBzGq51bWRj7s1NNWF8e8qhiUY
  Funding recipient: 5ChLy8RTytoUtNCgAjEBzGq51bWRj7s1NNWF8e8qhiUY (0.00203928 SOL)

Signature: 5dAtk8F7mrDb34BcqMi6wmgwJrTVZ5Y23UwsaQyY63mk3EScGCfQfAUGV3G25KTj88VNeLJ8XhLG6kknTENixhNV

Transfer 1 tokens
  Sender: 5QD52FoBJCWy8uPrLDvDHinzW3H1n88uMbpKhwiv8Hsf
  Recipient: FnmrUqcFwYxH2R7yuXHzWv8pMLAN7rYCBN4zCQ22DW8B
  Recipient associated token account: 3tAKYcFzapWd4CCnVGQgkp2FdZ8MqgCR7o8kE4zNEomp
  Funding recipient: 3tAKYcFzapWd4CCnVGQgkp2FdZ8MqgCR7o8kE4zNEomp (0.00203928 SOL)

Signature: 5LeKX9r5gRyXiCjcFgKmKgFy6uwKxcLP39NtEdehbCsVxqWuDWBq3bTwWeHpxgYuB3Xf8os2WM1vQCMrUJp6Y6v4

Transfer 1 tokens
  Sender: mkSmB2v9K5G6rs1mBvn8qZVq3zGMNXEjDqvaJwNu7JP
  Recipient: BKZS9ci2HFDA72Wp3rPr9Tc8kTcKwLrBboNn1XdGpMFh
  Recipient associated token account: EbgnD53bLMAKig7VYuKY61jPEPizUAnNwyyUL8Je2rEc
  Funding recipient: EbgnD53bLMAKig7VYuKY61jPEPizUAnNwyyUL8Je2rEc (0.00203928 SOL)

Signature: Ro4vTLjX2XfVEqkqfcA3saixPcdDCaWLSdUgH5bDHjkxsJyGZX78usuM1UAcaEkXgXE33BNooCqpP6Ti8iijeu9

Transfer 1 tokens
  Sender: 7LkVrU2Q8Anoumc7S9HGFx4P64fyF6zU5oGVfF3wVDvm
  Recipient: Gzm4hNipWzdPYpLTomzw8wvXcUVYo4CGVdeGCWWhw9Hy
  Recipient associated token account: GKmMvSrx34Y66MXRo2iHyJN3fNNNeSkERihrHLnkBqxX
  Funding recipient: GKmMvSrx34Y66MXRo2iHyJN3fNNNeSkERihrHLnkBqxX (0.00203928 SOL)

Signature: 2ruYufg33Xjn2c2tpgVfN8WqVUC4EgLssgMGhBDbHQdU7mJk5CBhUuiTxdgzsnDYN213LGnTzvV8YrRLucXAQTjs

Transfer 1 tokens
  Sender: 2J4kSeebsRzjABZXeL1JBZcJNLibGTJbuK9HFHyboaq1
  Recipient: EWC6ESChdBqExhp96XPMLXR65pXP6Ftuh1pPAVws4pmk
  Recipient associated token account: 7ZHSERhmsRqQLBAFQkaGkTPRVkwsQeQUm8qdbMSfAzho
  Funding recipient: 7ZHSERhmsRqQLBAFQkaGkTPRVkwsQeQUm8qdbMSfAzho (0.00203928 SOL)

Signature: 57UdRNoKH4SHhhtQHM6TgChpsbDixGf5oF86QrjaEFNEaXyvMQF4ajBSBhQsEzupZvpSD1FAUagRuXEpxH1Cejmu

Transfer 1 tokens
  Sender: UoqYyaX92dTctP95xMcn8AtoD5NhYg4t8MRoHg8eYdF
  Recipient: FykdvhrLX6uoPGrb3oB2NtTpDbL36mTiW9aNEzm6bfxJ
  Recipient associated token account: 8tzUq9uYLavvmSYgG8GmYRBNiueSz5W7uhjcug2jGzsE
  Funding recipient: 8tzUq9uYLavvmSYgG8GmYRBNiueSz5W7uhjcug2jGzsE (0.00203928 SOL)

Signature: 2HwnWYQhqUetzcUEgK7rLmEmJKubBSTuoueVnYz9FBNuHmirBKougzS7VHryArUanPFh77BoMgXxCJY7TZwqUsqh

Transfer 1 tokens
  Sender: 2LEk6YUHg1DYe7r8KD5itWgrjDyaMPXQr3hmQWiRhsZp
  Recipient: 421sffF2jARi6Y1VjZtPgwcMqgBvQ6sWWMqoRpscPwoN
  Recipient associated token account: 9o31X3bjxFeGXjpcr2P4KJhE8cYM8yjVxrDG2B6cxeBZ
  Funding recipient: 9o31X3bjxFeGXjpcr2P4KJhE8cYM8yjVxrDG2B6cxeBZ (0.00203928 SOL)

Signature: 52p7LYaEsym64h7B6HkG9af6UoYh9ZSfTxiPvUCzQtqXbP1coseihoiS4xJj1oNP5wub18o9z5PGd8bVohpNfzG5

Transfer 1 tokens
  Sender: DA6Le3mzbxoHPhaaFN8xibgFSMAahkYjvaSZLSAeFpou
  Recipient: FGhqPQPRVyhyKUZx31b8F5HAhxYoY4ZUSizyurLUFxVd
  Recipient associated token account: 8YFXPkwbdLnv9TEanUVvF9ajva55ydYoYRANModaFL4W
  Funding recipient: 8YFXPkwbdLnv9TEanUVvF9ajva55ydYoYRANModaFL4W (0.00203928 SOL)

Signature: 2Z8X4Eg9o2BvCq8mosc6VtSv6sEHdyZJckFyRMLPobe82cBwEjy6qG1gRrDXmsg69mAYinMdSJBGGDgPibEAReFs

Transfer 1 tokens
  Sender: DGhsmg6cqRwyUzdspqDu8GdnDdFostHJSF8638JxtDfb
  Recipient: GHULVZfsJWU69rYJsy6NU456XzceBjVxLcd9drcdVuqe
  Recipient associated token account: 2GRBsQ5DrewW492rqwtx1gDcUXdgq1PokA54Tg7eGy8z
  Funding recipient: 2GRBsQ5DrewW492rqwtx1gDcUXdgq1PokA54Tg7eGy8z (0.00203928 SOL)

Signature: 4d9UMtLnW49SNhQk4MyqsfySGm3g62sUSPMCAKeSXymNCdaHW4yiyBT67bKqryy9ZVoBGZ4TsmkQwvvqxZkiC4c7

Transfer 1 tokens
  Sender: DJzNnSFdnhhKFZFvgfp38wacAr1PHCjGa3gBwLGKoBg1
  Recipient: GJmChboD1FUPXGZAHsyj4wN5pi6rv6qRpigwM8LR5StX
  Recipient associated token account: Gtico8f96ngjfWxVdwUB2Vs13ATBp27r4bJqg1GEbuHj
  Funding recipient: Gtico8f96ngjfWxVdwUB2Vs13ATBp27r4bJqg1GEbuHj (0.00203928 SOL)

Signature: uyoextP9iW8Vx2eh8gqUsQtqwof4vZ3dv77Eaj1cUzZXoYQ6ucqP7UfDehmmNd9tbAuieJGU8EGFfzaqmtBCGav

Transfer 1 tokens
  Sender: 8cg2pByd2Mh25hG9zZRmvQfrf5tvgwRUAtcC3i5eZs3a
  Recipient: DAw7L6BNNJQhszjN95NbQPL77AjMVL5df8R4Kx5FHfc9
  Recipient associated token account: CUs7yxpHam75GAgU9GKDP3sRKqViWK6pBiSDCLhYagaQ
  Funding recipient: CUs7yxpHam75GAgU9GKDP3sRKqViWK6pBiSDCLhYagaQ (0.00203928 SOL)

Signature: 2tZtwpTdF32BMrN1L4vGuFmq9R6RNcB3rtM5fxheuGpjgcJFns1JZqqhchvfZ3PthWtth7Mnzc2DA3MEAys1JhJe

Transfer 1 tokens
  Sender: 4j1TZkK6RvXZMQWqJtFhgr9GSLk7yUvCgiJePqcis4v2
  Recipient: 9CeQYRt1eK15SUAv8AE6XPhh1ijhBF1dyPdGQGAiCfMx
  Recipient associated token account: 61Nke4YpFLfBQJRc7auoYb25rHAQVnRN5JmDMEr8wFE3
  Funding recipient: 61Nke4YpFLfBQJRc7auoYb25rHAQVnRN5JmDMEr8wFE3 (0.00203928 SOL)

Signature: 3MStVLWu4fd8dNPYUfrW31b6ELDY4d3358WseMzFvhHrq4KMXikdP7T8spQu2GoKvi87SNRvNhuRmfaJSkTyCnJa

Transfer 1 tokens
  Sender: 9LodtN3f8TVHhzV7kBDFwSsVxJwFW6GcNoXH8bwjxyWt
  Recipient: J63PQ61AFhZXeupw9j5GYY1aEuR3R6BnAbtfqqAX6DQw
  Recipient associated token account: 8gzyfKGWq9QiPYYWJpo9wQWe2Wzs2Ss4Dov6zf8XwoZp
  Funding recipient: 8gzyfKGWq9QiPYYWJpo9wQWe2Wzs2Ss4Dov6zf8XwoZp (0.00203928 SOL)

Signature: 5mX77ooQwk6ENgx8JjvxABTa3KNFs156Cq91Qqfd2PB1NWkZZ8Gs38VGiMHuZpAa8n6SUdQ1Vqe8vRAj5UdxQM9V

Transfer 1 tokens
  Sender: 93Nw7qbKp4tfTE9Df3jdeYhpDt5CuAMaFbXYJCLe8yUd
  Recipient: G7qUhXT7hSHrTibDcnVc5Vz28gVvGFZVJxm1Fc9dMBmX
  Recipient associated token account: D6G8UdW8S3TJsUzN7NbjkBi4PDse85xWJHtktSC5YuEs
  Funding recipient: D6G8UdW8S3TJsUzN7NbjkBi4PDse85xWJHtktSC5YuEs (0.00203928 SOL)

Signature: 27YSrtgYc9csY3QEgxCUybp8jdLqXSHBeWZaWnt49W5ou6z1pivt4mzrHRVraLyB81eC6BQATsCX9RwonRtfr8WB

Transfer 1 tokens
  Sender: HNqFtGGNxcSAKja2ZDaTEJxjgj8PerEj6aYsZ1U33WAv
  Recipient: 3D4pGXUfZiQE9r4sxcjkRtU2ciJ4ivBfkcaum23y2Szn
  Recipient associated token account: 9eDaH5Puf2hz3BbVaJf5sn7HjpeZcP3JXDmcxUmXxE66
  Funding recipient: 9eDaH5Puf2hz3BbVaJf5sn7HjpeZcP3JXDmcxUmXxE66 (0.00203928 SOL)

Signature: 5msUnjHTiPuSvqJY43SBJMgdnP2L5Muv6Pj5WgxQuV71ZdnwALF9NtDmujoAazQGeW6XoSK22AFxDSo2wMoaU52t

Transfer 1 tokens
  Sender: AH8hA7PNfngoNzSVEuem8ftTAYNv8Dtdd1q7FR1DssYj
  Recipient: BgzrMG1JjLGKH6aVgjqeK9myAEjDstMEPBE6MKHoy5hA
  Recipient associated token account: FNxVCZtktEZkkBA2qxZ1f2QWVeBXpJS68nRTG1UHWFra
  Funding recipient: FNxVCZtktEZkkBA2qxZ1f2QWVeBXpJS68nRTG1UHWFra (0.00203928 SOL)

Signature: 2DQXgLhq9cYtscqGVssaA3ENuKiYCPiqQ8rkqbq1QSkhqXF199u613uNnjgwZ4xmnMShyGc26fhcXvN5xgsfExiQ

Transfer 1 tokens
  Sender: 6SZ7qRqwK4ruDhdAarfzNukm12hcXfpLXs5GSHwo3S2w
  Recipient: 91hkaS99AJJvtMJURkGrGy7SM6Rnvyeg2gM4varE5b5g
  Recipient associated token account: 4yvcFwQ9QU6GRjmJ751hpkqbMyqcswdi6GMzPB86azhi
  Funding recipient: 4yvcFwQ9QU6GRjmJ751hpkqbMyqcswdi6GMzPB86azhi (0.00203928 SOL)

Signature: ThYVqTjGURwdA8vwVWWoW8FSMKRALfCAa2KUe1nNCQhHt8RYVRBFP8CKsndttj2bVFNPXh2HXe1kAHAEuVV7NiW

Transfer 1 tokens
  Sender: 8wdo6aAzji97UAdcoUdN6EyXFSGEqm4XGkWvqeSAM9B
  Recipient: 5EhvzizkQZW3ADDc59jyVqHdEKgb3u1AiAuCFJLwvYdj
  Recipient associated token account: 2fHDmAEqJLEfT5bTKL4yRRWp986caxuUvRxDg23eYRqq
  Funding recipient: 2fHDmAEqJLEfT5bTKL4yRRWp986caxuUvRxDg23eYRqq (0.00203928 SOL)

Signature: 5PNStEFbt5gY9c169rvaZEHZQ21PN91CgRaJLRC3JZMZ5yoCE1bKy4smw5jDiKUi4E1FeLRPyxe5TqFAZh47xULU

Transfer 1 tokens
  Sender: CsGqhNGiS2R6U6LZWTkWCnapVeTgDRcGU5quA6jKhriQ
  Recipient: 2pVuK3Aq3tThhXDsW548t5miF9AsR8DCFmpCHjEx6mVH
  Recipient associated token account: DsVFshemGY3kRVNcdHiKkFKCjAyrApLDGmuEEVLB5rwA
  Funding recipient: DsVFshemGY3kRVNcdHiKkFKCjAyrApLDGmuEEVLB5rwA (0.00203928 SOL)

Signature: 2vUxjx63tHtbMUu7dcKGufbZ12UbSjEmHzMkcywcrRhR2oxf11EWVeSKabJBrPZYfdGMzkZfN1Jro8tS2PmGigtb

Transfer 1 tokens
  Sender: E8WNy2QBsC5QXPW8zRAKLnRmgu4j4KkmfXNryZXZnMke
  Recipient: G8RtxPyG2pdrAhrNRMgg7Hia8imCofdCYxvyWiNG14hx
  Recipient associated token account: DWF874d32XCLngU1upJSdemN4j5Hr1tjqLCne8PyooX2
  Funding recipient: DWF874d32XCLngU1upJSdemN4j5Hr1tjqLCne8PyooX2 (0.00203928 SOL)

Signature: YTAyc7CB6qgWo47qqcTeXrauSrLFEycWTMt66jSRi67UxgcbdT1r2dxyQ4TDhjFpgcrmJGmqcGrnxeHdUsnHLXz

Transfer 1 tokens
  Sender: 6XZHqBErCfz6LSUkYZSpgYHZYn7Cfw5gNfCQcjjKSdkC
  Recipient: DJNqLSq1G5CiY5w4kWoj9pVVUXXgHoa2Uw7Ja2jBMXFg
  Recipient associated token account: 4cgKVxrxqiBiMjSNcYerRPLv1s7D4fNKawwVm8CK8KMJ
  Funding recipient: 4cgKVxrxqiBiMjSNcYerRPLv1s7D4fNKawwVm8CK8KMJ (0.00203928 SOL)

Signature: xRmBBxJ4VHswxohshjd5nn6UpcMzxEzMYYRM6ZCsMtVUC4nWD8h38bWhEeRN77B6tJbVo7sgvtyHsWWV4ttwGxq

Transfer 1 tokens
  Sender: DezstV2s3fRSVVSntosqNPp2YCGibhZstMuR8vYsUTKK
  Recipient: HCtzVd9MmEeZ49xQ7m5TEwjXboJJzyfn1X7Efjc2m1jq
  Recipient associated token account: FhZkG8opx9dVd77522FYkd8MG3sb8UA6H3nbdqoB1nxE
  Funding recipient: FhZkG8opx9dVd77522FYkd8MG3sb8UA6H3nbdqoB1nxE (0.00203928 SOL)

Signature: 3n1hbkfxTKNNpfayBeBj4rhxHtjay6doiCdcPgQwZPX4D4LKeU5RzCJcTygM4yY8Q2TrTUMTUD5eriZDCPEeb2Pk

Transfer 1 tokens
  Sender: 9UK9cMXZYgqrMeWrvVCJkymeaH6hQsQ658bUAB3RKD59
  Recipient: 9ej7a4re5ZsayUKYpU91q5UEakEjCwK9mFb93zDAKwUM
  Recipient associated token account: 6LqxSQhC2sN67CZeK6gCrwUFVB8NsjXQGHzBstAUin63
  Funding recipient: 6LqxSQhC2sN67CZeK6gCrwUFVB8NsjXQGHzBstAUin63 (0.00203928 SOL)

Signature: 4HeFnhnV3itTyNCN8J9wtMzZp8sFJhGnhUN4RivUq4BvzJW8hkiGSZ9DtjSCKuPmir8PestEoWtRQDJLhcdqeaQd

Transfer 1 tokens
  Sender: GkvBKwAELtZV2RcUcvcAeKPUUoaxKcdStmZei37Pv1yf
  Recipient: 6Xk8d5MFs3n2QcjUxmSPvq82pTtzTdmDkNpwHJQGHqJT
  Recipient associated token account: 2yzrp8PmKCckKT8oUAhPb1nK9FtkcDovE9rvMFjcneq9
  Funding recipient: 2yzrp8PmKCckKT8oUAhPb1nK9FtkcDovE9rvMFjcneq9 (0.00203928 SOL)

Signature: 3qBeymPZ4bMr6z9aGYjVH5eZYxkt1334fp8TkP82g3YXYCFPBATtzebF792XN2KC77F1L4SBc282KWjTfdpcXi9m

Transfer 1 tokens
  Sender: J4qW7xucLWiPFJFJV6mEmZFqnoYCjXpQ8o5BVfyfA23C
  Recipient: 9ej7a4re5ZsayUKYpU91q5UEakEjCwK9mFb93zDAKwUM
  Recipient associated token account: 3KdZxYe75Bk86yiYVw4wAgvKtUWzHZeeHo3SFpN5p9tZ
  Funding recipient: 3KdZxYe75Bk86yiYVw4wAgvKtUWzHZeeHo3SFpN5p9tZ (0.00203928 SOL)

Signature: 3ahEEMG3QS2gWbAEHnkWBvii9qPWFzuCJVGE7ocCNZmEsuQ8eqLidfHFgjVZpUd2QVtiti5SLgHQiFkkogcPs7LC

Transfer 1 tokens
  Sender: DPC6stfJb57znfqCamZ2YDUa7kcS1Zqw26UtpXQn7BDw
  Recipient: HcaR2tpC16emF6MPzBzYbQRsGutmXRDnJChin2Srnyqg
  Recipient associated token account: 8tKHWA4icnSC4UMKkRPtST7A8aMcWkrc9wx4riu5UbTE
  Funding recipient: 8tKHWA4icnSC4UMKkRPtST7A8aMcWkrc9wx4riu5UbTE (0.00203928 SOL)

Signature: 4wU1wYrPZWcSHfWq4cxnM7XtnuGw1xhEy3CDt1VSvMw1VDkARfbr1ypScaPkVBzQ8rMVTHZJL4zakJXzt6QVUCwf

Transfer 1 tokens
  Sender: 2CEGX9FaUKmxwedwkkdwwJKN7auKFfYE52oYXfmv6GFA
  Recipient: 5avjGMa6NdSNujcwgnRDKXdAsffdRgM7T32T85VV1jah
  Recipient associated token account: 4CUpBSKM2iStNK5DdMXPPaye54AierW4BX5Et8iEncFx
  Funding recipient: 4CUpBSKM2iStNK5DdMXPPaye54AierW4BX5Et8iEncFx (0.00203928 SOL)

Signature: 4QbpGEy9cyQ3SUEPqA76TPJy3EeLCgJzkLhDqzBtwwX4CFnihNmBUK17oS8rTzTZkEbDc9ZTwJyaSwsX3VgTzWEQ

Transfer 1 tokens
  Sender: 4TNw3Md9XzBMUbinw9WrHQ4gJfpEjd6oMM4BPLBt5o6Z
  Recipient: FJ5hcKnacavLz9geNZDRyDXdUvZHJBVnn5RLLy3sRtra
  Recipient associated token account: BMhstMKvJfT9nW99X5C8Hz2VghnkPMNM2ntWgMk8pqEU
  Funding recipient: BMhstMKvJfT9nW99X5C8Hz2VghnkPMNM2ntWgMk8pqEU (0.00203928 SOL)

Signature: fQbSQDmKVySrAFjfVT2YkSFwJ4hHc44JB6eie2c62EQ2EEwffHgkqcjszMe42WjCEF6TUjBvgW9zTKCJJeR5F1P

Transfer 1 tokens
  Sender: A12dsRAVnpegGpYNdzDAeQuyqZj6gAjhcdoCZiyuRz5d
  Recipient: DbqiZ6wRAA7vU6k1dPFN5P6RWymSu6FRpaiyxEYUMPtw
  Recipient associated token account: HuQjLXP15iG4BjNkq9bw4rqusBH6uqbxUeBMMiyqdAS9
  Funding recipient: HuQjLXP15iG4BjNkq9bw4rqusBH6uqbxUeBMMiyqdAS9 (0.00203928 SOL)

Signature: 4MyLNn8uWBufeqsroaDReFVrieWYQkDN29vYeqhz5GZeEKMQbCeYotL3vhicSS5XVZ6y3KNbWh13V4zPKRJSesG

Transfer 1 tokens
  Sender: 7JmriLeWzF6NZPq8CG6dDD99T1rFkVd7pRmUnUo1Qvtf
  Recipient: 8MhqVio44XnCi7mf5o9SQQJDxQCQAWGikKVHmSWcck5x
  Recipient associated token account: BYDk5VVnzjSuHGxuJJaiqARDjkfj4LVZdmYtA7N8qShH
  Funding recipient: BYDk5VVnzjSuHGxuJJaiqARDjkfj4LVZdmYtA7N8qShH (0.00203928 SOL)

Signature: atRueSp5jYapfkHKf4QCFMnHGuaNdED191y4RPU5AAnD1tKiW1Lst8V4kVMvBAPgcZ2W3fkrLCGTphDqLsEafSJ

Transfer 1 tokens
  Sender: 6MR8Rkn8wrWfXpcgwJWddWoC2WuRxSdrvDjAEcTUnh7h
  Recipient: GLa5oDz9UoBYEmbk3gDqkUXMyg598h8fXtoqTA4aA4QN
  Recipient associated token account: EU878uNeCuqbTk4Lb7m1EbsdwN2Cb6C1sHb2g2RgJBaX
  Funding recipient: EU878uNeCuqbTk4Lb7m1EbsdwN2Cb6C1sHb2g2RgJBaX (0.00203928 SOL)

Signature: 3TXwgv2QkqgcuJDXe4dRU9PmBHfhEGugpTCZVg6N132t3824zMhrKH6dMyipoWPNyuqhnewgDkoYmmtbsVaaQrNY

Transfer 1 tokens
  Sender: E9ZxyHvHTVyrL43XNT99FAeUKi3dnauNwxzt1Aq9Nmf7
  Recipient: C95WjH7qmY2sdr5fC1PjY6vRy1WpF9ynY6kLHALZmVHe
  Recipient associated token account: 2q2eqKd16y1HJPExsmPFc72PAz3a2c7eARUSYqFgzrvN
  Funding recipient: 2q2eqKd16y1HJPExsmPFc72PAz3a2c7eARUSYqFgzrvN (0.00203928 SOL)

Signature: 5MW5mJHnfZLYhJn3ZgmoJZL2yDHCUcWE2YssKeAXBxoi58rVLgjFKfQLr96trexh6rpss3hZCGxbTqPhmmA47Wmy

Transfer 1 tokens
  Sender: 6S9nfvmsZjPcDibn9UHHkjkQFnvUpjSkXqG9JHDmbMh2
  Recipient: krpCv4zDR6ofhcCS1yiFrubsu5gwiqi9D5En9c9vt9u
  Recipient associated token account: vvtLxz4ePc54Zqey9bb5kfyUoVzCvXHNGT7yPdBvfNW
  Funding recipient: vvtLxz4ePc54Zqey9bb5kfyUoVzCvXHNGT7yPdBvfNW (0.00203928 SOL)

Signature: 621Dt5k71YgA5QYTg9c2TJRpvKZEXCdbJUVuiYT6oNYQ3upESzrXxQGMbd9n8zzLEjQgbET8C6N4zSQ9yUKGJyCQ

Transfer 1 tokens
  Sender: BZs6EygjzGjYfwE8kMFvhZ4cvWUzycbhrPJLyvELhY2a
  Recipient: EWC6ESChdBqExhp96XPMLXR65pXP6Ftuh1pPAVws4pmk
  Recipient associated token account: 75u1SR4j4vBd3GNU4AoTi3GWokndycsXvvSjjHgVJLb6
  Funding recipient: 75u1SR4j4vBd3GNU4AoTi3GWokndycsXvvSjjHgVJLb6 (0.00203928 SOL)

Signature: BdYCXPBytnCiXg9gZCn17iEPusphm2fMJRB94mABopcFjtyAvHLL535wjXjZKRBJC91ZQss8B9LGURX8CFKkZb2

Transfer 1 tokens
  Sender: uR7rrjgYKZMF4Hh95XBFajYfQd6mpqNaBnSi2AYiCPy
  Recipient: BPuNcEh3NoxAL4UrTWBjKbA123FvsfzV1KJb3JqTuuN6
  Recipient associated token account: 5QXZdcLHx5D6XQmqbgpJvfF6Ppvyko2SUDJLinee3gZ9
  Funding recipient: 5QXZdcLHx5D6XQmqbgpJvfF6Ppvyko2SUDJLinee3gZ9 (0.00203928 SOL)

Signature: 14e8XMu24DkZpEcDTe2kYTkDKopSHbQ8fQtDWKhixjpkR4FPFBiSi9CpqKdT9K4yWGHt48owi1SUSMT23F1XbX2

Transfer 1 tokens
  Sender: AaPxYHfRi4iuWqfJMJDKR8vAu7SeS5vsqH8txZgmx1S7
  Recipient: F3hzbLTD75Shbpyu8tdztMhSrh9vZ1qMwTCopx57A5wU
  Recipient associated token account: CK6zSRMtxmqCCPcLh9yAsAbfuku5HguZHHTLQ7CJgLfE
  Funding recipient: CK6zSRMtxmqCCPcLh9yAsAbfuku5HguZHHTLQ7CJgLfE (0.00203928 SOL)

Signature: 2QZ89Mrur4zoXZgkxAQVJjVnixFcLV6ZoK4g8suKBKv51Bmc3cMbkb6Up8vUVpvn4muvFXNbgrf9xi4jj5oZ9DiJ

Transfer 1 tokens
  Sender: 8DMMEtbxrwsUPWtFDQYeciY8ue4oAtPQ7oaAdx2FhQVZ
  Recipient: 4tR3CkyDUzQUy1YPvbL8niQEjxwYaDNbh4X62fWXeBfJ
  Recipient associated token account: 7ukHrkh7ekCMSn3ziovDyVY6B33gw6TW5pNzgCaNS14G
  Funding recipient: 7ukHrkh7ekCMSn3ziovDyVY6B33gw6TW5pNzgCaNS14G (0.00203928 SOL)

Signature: ETySnc5yY9cNxD2U9iDbjckVb9BRLecHMBLaT9ggrgNETCq8DiSeqvRciHYPms3PkQ6X6qyQVU63w4GJLBp43XE

Transfer 1 tokens
  Sender: 4Fn685B9nhQRmcWjzxwu8qYqxTbDcGbCefMfr9z1PzXt
  Recipient: 8qnoPHWBPGXad17FkrNvtnQXA96Wo1mfhvVuE21YoCkw
  Recipient associated token account: EGADsV47e67TZnUNLaUmTduywhnfrE6pQ1rJWrDHDCAJ
  Funding recipient: EGADsV47e67TZnUNLaUmTduywhnfrE6pQ1rJWrDHDCAJ (0.00203928 SOL)

Signature: 3P1185xJFR3FPddbohQ62CeeUT1RKyhHbuFmtwrH5mQfne3xSkGTDddAfZCKHc2RVAEyz7TNxcsfXX724pNemNx7

Transfer 1 tokens
  Sender: CD2NWH5cMAdKEqnQjXCrEyxa3qWLpVRNXU77yY9tS3zb
  Recipient: A1dqUjBb2xK6NPCCAn2Amv9C1Q6iiUe29Y1Y6ZpHtEhD
  Recipient associated token account: 4NfK3BodSQBvsBy5pzCwS7fEizMm9z9DjMmF8L8UBfvv
  Funding recipient: 4NfK3BodSQBvsBy5pzCwS7fEizMm9z9DjMmF8L8UBfvv (0.00203928 SOL)

Signature: 3wy9H2aQx1P5t7EjEM5NSTi6kfiRbMyjPC3w6BkfF1892tXASJUaChNfShyQvVNqNqyBxcZTn9bamRRduP8ho9wZ

Transfer 1 tokens
  Sender: D3ETcyuiUWnQYa1b3NZyYpo9dkKoSK48Hp7wy2gzdWEX
  Recipient: 5dNGzQh9sonyFUcTHrH6wiCczokUMSc79miMEysyVYjK
  Recipient associated token account: FMxcZziXycnGCiDWb48ZNSiZvJoW38HLUSGSCjy9Ct4z
  Funding recipient: FMxcZziXycnGCiDWb48ZNSiZvJoW38HLUSGSCjy9Ct4z (0.00203928 SOL)

Signature: 3NhrBx4P6yieYfDHF631vpwgcuxpFjEooJXtRQbJb3hKq8W6dhHeDWu1y2Uq6Qys6sGsrAeKCDPsUxWgQkfJjNoA

Transfer 1 tokens
  Sender: CjMgnRQ3293VyjuZYaXqSFKFUrgVRgavaGYS164b74cD
  Recipient: ENaitWuQShMrtnPhATzdnZSEKDo44o3RQm7EyScDAKaz
  Recipient associated token account: GbWhuYYxGxU5KBcAVadguE6GpxRmtTbSZ7dAVySVbfqH
  Funding recipient: GbWhuYYxGxU5KBcAVadguE6GpxRmtTbSZ7dAVySVbfqH (0.00203928 SOL)

Signature: 5pmznWRq31R6Ps4EACV2quddtcnNVpioWktAq8oWwtMxCqe8DrNv3ThfdPFSkm4uvuJBjqw1cjbYrC6EytdoZYj7

Transfer 1 tokens
  Sender: 7kfT7cvCPDJDt4U36HJeF7ekwcVpMG8cbZPgCYdRVQDQ
  Recipient: 6ykYU3fWNQnoNunJKDLSVSZWCMPoajoE8EVNzKCYs9qT
  Recipient associated token account: 7oAydbUgwuFF3abg7fZCRRmnziPEHhtFTzSyNmq7FbzZ
  Funding recipient: 7oAydbUgwuFF3abg7fZCRRmnziPEHhtFTzSyNmq7FbzZ (0.00203928 SOL)

Signature: 4aPeUihLniGhbmW74LcnQqdgvzCnQcFhiVDEbdHamr77XoKKB45eML7zefXYid7RfPfpaN88VJiYJLHqUq3fLHSA

Transfer 1 tokens
  Sender: B2WjvsWrWJqLVtoU5yCzvjczpM84sct4YzzBc2DhrguS
  Recipient: 9k7MozeW4FD4uH7PNjVugmwUuXAyQAjY3LQqMj8y6WRT
  Recipient associated token account: Dkt8gbtLez5PTBcMyAhS1GhkY9jq35WpQUkZ3oxmrxLG
  Funding recipient: Dkt8gbtLez5PTBcMyAhS1GhkY9jq35WpQUkZ3oxmrxLG (0.00203928 SOL)

Signature: vHEXhVCFNo2FbyAXeYyTjwHbYKb9hDAfijvgWxmwzLX8E66XZAt1GVXd4udygdRggrVULhYozNbuC9xVXYY4QC5

Transfer 1 tokens
  Sender: EoNkTw3auHJreRedn7X4d9bnAHedc2CFNwywmRSecrJ8
  Recipient: 3ooTnU4quRNztapYE5vVojHZSFqPeH2xnWC6mbbtAUSE
  Recipient associated token account: AuAcJEGohXcDi8HpRD7Vj88XLVcjPTNMsep1gmBP7g4e
  Funding recipient: AuAcJEGohXcDi8HpRD7Vj88XLVcjPTNMsep1gmBP7g4e (0.00203928 SOL)

Signature: RJ3Nn8kQKU82VwDCfnkMJXrsEHD5rtzxYf8jtFpi1G4TCZv5cqg2rSSgYecUEWpaA117XSayyP9yKSHnqeGghpW

Transfer 1 tokens
  Sender: HUfPbsk32zjiTn1KxUGtpxk1T3f6zUffT2FMo7KL6VwU
  Recipient: 2mW3h1pgf9FRyZ24tHjR8xGAa46UCmz9CXg1U4cjFNC1
  Recipient associated token account: 2LAypVMRdxDLqNY7mpXSVomWM2hbfHtuU3hPAowABgU9
  Funding recipient: 2LAypVMRdxDLqNY7mpXSVomWM2hbfHtuU3hPAowABgU9 (0.00203928 SOL)

Signature: 4M5oXkmCmDcXE6MBvWVEyTUSxKvJkQMWPoqaYd2woRU9H7LyPn4Qstjr2Q22eSYtqzM2b155PCTV2mKPGEYgkmRX

Transfer 1 tokens
  Sender: BsGTgef8iv7f6pf2jLyUkHyg1A2EGJgtmqsSozXmKxFj
  Recipient: 97xAKp8FjyXkiYqTtYWN9ArD7KxTevzaCAo7VCcwLAsK
  Recipient associated token account: DX5KgeJ5EbpdhaWxprMn1Qf9CumaeGQbfX6novCyZnfi
  Funding recipient: DX5KgeJ5EbpdhaWxprMn1Qf9CumaeGQbfX6novCyZnfi (0.00203928 SOL)

Signature: 3ySBbUEpu28bMqMVXdiKkoZ5hPzx8n7xF6ChyfLVchYdq9e64mBbn3hzHq9f7R9dMyr9HAQapPQ2UaZvmmnk446v

Transfer 1 tokens
  Sender: CrTL8kCj5HQDMHiSt94wQKYE3beQGnogioDEhBqBRD8F
  Recipient: HcR2HzRGZLR1tsvyxTT1y6oT1Lv1GsAdpHDFG8JdvKH7
  Recipient associated token account: GrCtGebCFAdDYrmmvqATtPpiznjwYxKMiq3SD3PAU4xk
  Funding recipient: GrCtGebCFAdDYrmmvqATtPpiznjwYxKMiq3SD3PAU4xk (0.00203928 SOL)

Signature: 5ZuZjKL82ZdpGSeG3NoeNQxoUf6EcQXQh6xTPSPv7hNnJsV2exAydy7RHgrexgHgdFwM7ZTsrxbfFFw9JDKqi61s

Transfer 1 tokens
  Sender: FKaUGbEV2UsUTmeDFLpBkgQ39Qec38NKrrutj7i4u2w1
  Recipient: Cm8cYtgtfyULCzisqUnMg68aqqi12PGZScouQfJRfrG3
  Recipient associated token account: AwhZvsbah41PM4hK44PhHdBAkAydGm8aMycxhyhvkCYr
  Funding recipient: AwhZvsbah41PM4hK44PhHdBAkAydGm8aMycxhyhvkCYr (0.00203928 SOL)

Signature: 4cqbK8w3s8D8iuga2UVR5ioaTwFhJEe2Fkmsyh36rxAAmwVAZX2DndBzUKMJVzHutNtvMzBu98jJMGCmR69Je66M

Transfer 1 tokens
  Sender: dEpGmPTVCYsSQmk2YFVBeCmtqA7WR5dz3kCBQnyeA8F
  Recipient: FnnkjZBy4dcKScyNxAzpHMoE2XnZ4NAxvnxBHTY9rzhR
  Recipient associated token account: HSx8QEeQcWi9Cufm7WGPnTPwhb4zQ2XGiYSzVVsM8LhF
  Funding recipient: HSx8QEeQcWi9Cufm7WGPnTPwhb4zQ2XGiYSzVVsM8LhF (0.00203928 SOL)

Signature: 3S7t2GWBGFJQtt2jr8ccCT1Jg54iunRm5eCzWaN7teWsqcDXa2RyA4GGB3zk2eZMzgi7RsPpdhAVGwr4SCfdB7Fm

Transfer 1 tokens
  Sender: 9Vp1ygtTdVtHuufV67kALqExM88EyeX1hi3QFNrohy3a
  Recipient: 51oET2dy4vCmZ1JMGYR9hbsvsLng1vcLD6z2AZp1uq1j
  Recipient associated token account: BAxzrTUMMhUzxyTty1WWxYyLq1PB6NzgP2YB7D4oNppw
  Funding recipient: BAxzrTUMMhUzxyTty1WWxYyLq1PB6NzgP2YB7D4oNppw (0.00203928 SOL)

Signature: 2FDM3WNY6P5MqYUAobgJwcY5zprvb75btam8fvtnQYMiZoXoHP3Xm2RM2TqVW3UKvfFSHsSdnJVefuxmUonD68V9

Transfer 1 tokens
  Sender: AYsD7Lovr9dkuc11zPcJCznYd2313Fx1KNaQi74bT6tr
  Recipient: AhYyVr6C9uDmRLEySjBVZLP945561HK2vhv9B6aLYU5v
  Recipient associated token account: 9uf7bTtCUBeWWpELNgCqfxFNk4eoMdK67h9sTjQ4hHgi
  Funding recipient: 9uf7bTtCUBeWWpELNgCqfxFNk4eoMdK67h9sTjQ4hHgi (0.00203928 SOL)

Signature: 2daiwVGyLnQRqJEPPqjQCgoQfsQeQdgRgmMbKqRfKHkD2gcnrP6nXoW1DFgyeP13TtyZbupVbujuWejQQQmYoq2j

Transfer 1 tokens
  Sender: 8zxJugopne6LukujCkR6tdMjCymoVKMmycJrbEyLc7bm
  Recipient: 9XqH8khVtcxr4D6HEbVeUakjD6ips3SB1WuCgbRdXQSB
  Recipient associated token account: 7FoYe3rNah742PuXMmww7RebLUjxTQdjfYnZA8pArVAn
  Funding recipient: 7FoYe3rNah742PuXMmww7RebLUjxTQdjfYnZA8pArVAn (0.00203928 SOL)

Signature: iEz6bKjzHMP3Eg3CxDr33MWw7DXAFh5RMxnVkooUuW3mBbty7PiRNfEtchCy7CCdFBWG4kQYjK7qAyZ9miruTxW

Transfer 1 tokens
  Sender: mQuGMixc4mZeJY2Z5PukJvZxTVnbVp6kfQJLkuyuhD4
  Recipient: Gzm4hNipWzdPYpLTomzw8wvXcUVYo4CGVdeGCWWhw9Hy
  Recipient associated token account: Cq88ZFjmwyWYpL6kJiAGUdPs1KpEQ5MSuSov83qLguHt
  Funding recipient: Cq88ZFjmwyWYpL6kJiAGUdPs1KpEQ5MSuSov83qLguHt (0.00203928 SOL)

Signature: 4TEVodoicuvEicXhuYsx4vYiM9tC2NRfHg26t7aHTTPxrfDMQfnAwHVpU2UgppXh19yqSUg11TcnoDdaXeLLKJxN

Transfer 1 tokens
  Sender: 8cFcrMkKcDC8rmbkGcj9mfgJvNwwnUCAuJcuQAt19EeZ
  Recipient: o2Aug6JB1RDFk7yYsf8QCjpWo2WzgwFkM115gtSJU8r
  Recipient associated token account: 7RZYoJeGBMXcbRdQUPqJ32wJCsAd5q2dFt7v4UfmujQc
  Funding recipient: 7RZYoJeGBMXcbRdQUPqJ32wJCsAd5q2dFt7v4UfmujQc (0.00203928 SOL)

Signature: 3SkpH7t3vqivraFzgTsWTdRshi7R4AQj8699BafXoVpardmx573ovW2e2UwGpqNi3VHQ76nrdzcGnNN1AMYkoV2a

Transfer 1 tokens
  Sender: 5FpM9xUHGNubGcWCZWpuB4LMpfueE8Kq6YR3RMj5qpsk
  Recipient: HRHWxR3dgf53Qvh2KPDHqLUFxHybkquN97SNDBxuLtUV
  Recipient associated token account: U97YTdktTJPwpneguoPL6NKdbpP9Txs41AAupipfBiD
  Funding recipient: U97YTdktTJPwpneguoPL6NKdbpP9Txs41AAupipfBiD (0.00203928 SOL)

Signature: Nu2kbfjA6ZA5F6taztarKRhmuaovfTmgBhEg14CRh5iuBk8aPzyPCR64RPrEd7GYQXvKP5FXdLxVPTSoB56vGBM

Transfer 1 tokens
  Sender: 4wXtCkH6jDZAYy2Qjxeo7ZEqQqwyfZVgtNGPZRcWMAfM
  Recipient: 3D9Ai67KykEuem4n75G7R9aCt8zhRz6g5Gaeq9jzsKcG
  Recipient associated token account: 6A6zb34dY8dxpTyJQGhC9sbHoXHyGcxSdA6FfgHL9LdP
  Funding recipient: 6A6zb34dY8dxpTyJQGhC9sbHoXHyGcxSdA6FfgHL9LdP (0.00203928 SOL)

Signature: T1EQGNX2HExkQaa1icksFAEUV56TieYbH7J1XrguNYLwN2BQPSaN9D7mNcwg7rpeXJ4SRyLJsxuA34t2e9i7J2o

Transfer 1 tokens
  Sender: HkQKhWPBSRwCh1Xav62KDABogqxFskcAjRPrXDM1Mcgv
  Recipient: md6NQ1DoKnsdw4J7EYwsoZUwMmKuNfuytFBQ6USfDJZ
  Recipient associated token account: GXyT8DnJwih9HspEwL2Ftw56aPHp49bLt4pR4iazUH83
  Funding recipient: GXyT8DnJwih9HspEwL2Ftw56aPHp49bLt4pR4iazUH83 (0.00203928 SOL)

Signature: 48nr3WaeFtBp5vSdPhn8seBxrrpxiR22LQhTMWpJw66ztUs3ApQkkrCZeocriQvPEh4Yrkxz8vL2S7BmRYsRMca7

Transfer 1 tokens
  Sender: Ccaons7vC23kfHbd1SF2rEX7r3icgWtnXDpnACygB2Js
  Recipient: CYVikdfqKK1SmPasR93k1p6CntrmqGW4YcoSYQQ2TeVp
  Recipient associated token account: DxqmLKu38PiUdupizvJZWjG8FSTzXBnrdZhDBSZAt5db
  Funding recipient: DxqmLKu38PiUdupizvJZWjG8FSTzXBnrdZhDBSZAt5db (0.00203928 SOL)

Signature: 4VaT4LmbakZ6QRSqEtAzUyuMJCtCPgebLsZC6zSpfyzxPGrW5WkN7ncNqv8DuRnQht1V4t3vVJtFFfoB5cBJBnqq

Transfer 1 tokens
  Sender: Fu4NuZ3GzycYpB8wncTmRtYkhirUAXCdcxMJaPZFEGSB
  Recipient: 6CdEZRzvqHZxSfgjdyah1fYVDSynW9w3TqoyBkxoMuXH
  Recipient associated token account: 8bffehZUe8YppaGscwhXfaRNLNZH84K6d3e87wdBMaJf
  Funding recipient: 8bffehZUe8YppaGscwhXfaRNLNZH84K6d3e87wdBMaJf (0.00203928 SOL)

Signature: 5cb6xFktG4JhHxvuwnq7nSK2ovWRdyewPUTTKjAjKWP65sqbZ56DkEATGMsVGEyadxSnZCsESWYKGDu1ZgBcoySc

Transfer 1 tokens
  Sender: Dr6yyN5rECrvoQWfXhRVPVeWS35S7VxGjMoQYUdpXG7D
  Recipient: 2jBJAcu4uDjhgH7gQXrA1cSKF1DGX6ZNcuNREyGEMKo2
  Recipient associated token account: EhA8aPHvnMBQXEUyyNCw6a3a9PxBLtwCNwPDdS3c4yi4
  Funding recipient: EhA8aPHvnMBQXEUyyNCw6a3a9PxBLtwCNwPDdS3c4yi4 (0.00203928 SOL)

Signature: 2G7yTB6Udg97KtbkNKmH8iTdPKrJNncSE3oBxB7MFuT9bakKntw5vy2JTc2QLGbxuwvfQvj5Fa36RKEghwpjdXtf

Transfer 1 tokens
  Sender: HxPnPzJsWTAThWFyELptXHcQxbz6Fr4HChoY5J2GQfiu
  Recipient: 5wpT5MyF9jTHYWWtXrhot1XcCr3RAAQbwLeKnDTBZHYL
  Recipient associated token account: BaLn3WBPXHVkM2Ta2r4LN5MHtMZC1sybedYAy5VLqYkc
  Funding recipient: BaLn3WBPXHVkM2Ta2r4LN5MHtMZC1sybedYAy5VLqYkc (0.00203928 SOL)

Signature: 2s19UXfW6kVpKh55UNcrxkpS3DmkCSwjqFW5D491Re7Kz4KLV5B1mLazVeXWsqXMHiRtW6adh92uVFMnsF33229H

Transfer 1 tokens
  Sender: CjdebA52UZrJMBDfY6NnJVtNHvnSHVWzE4w7h6UgZVd3
  Recipient: 4GSGks3QkdGe43mwTdfKHsPydWMwUtukmPuYDYvsmrmZ
  Recipient associated token account: 372zhn9L1vgUzV4hzLao3KFEozATHUP5MVh9nWSmjrAG
  Funding recipient: 372zhn9L1vgUzV4hzLao3KFEozATHUP5MVh9nWSmjrAG (0.00203928 SOL)

Signature: 7oU1av37tfUNJRcjqxVrfiLccrghQ7ZhRAbY2MBUi7Yszh9rnrYBtTkXK356sFEUoAjTy4UWZr2eKt1W7iEcw3D

Transfer 1 tokens
  Sender: HD7Te6PsnZ8CXzGHLQHP4gNeRxVFPHbGs1mdZcFX6vHn
  Recipient: HudBYL2giaecUxjnTSx5UpFsKTtcRQYhAzuv5hs2rwz6
  Recipient associated token account: 7wdbLFGA6nXGUzkkqqB2Db3oJfdVS4vRsNjqBah3iY4R
  Funding recipient: 7wdbLFGA6nXGUzkkqqB2Db3oJfdVS4vRsNjqBah3iY4R (0.00203928 SOL)

Signature: 5rRvGv4v3Sv8myHGw8QAqcVz9xXPmduiuCpd6xRbK26TVWUg48Rhfyaz4YTtmb48UteW54QxYay8DE3m4X4h2JhD

Transfer 1 tokens
  Sender: 3J25ebUnBBF6twCpy4JJDnmJkpgoA3mXv2DEhfQBTyXo
  Recipient: 2F3pCR6Ju413NwpsC1knkXUu5WEZCYCJfN21yGcWwUZU
  Recipient associated token account: 6AfqNXA1haAGfS5Kij7mMFGC9BpRspcfTMMSv9Z7zoMZ
  Funding recipient: 6AfqNXA1haAGfS5Kij7mMFGC9BpRspcfTMMSv9Z7zoMZ (0.00203928 SOL)

Signature: 9vVSHDH1EntGivMmEXDjqYttk2xN4ihpMQzSrM2g6B7K2t9i2PbJyvumN9bmf8Nf8TegLNT73C9t2aPed9ePbqZ

Transfer 1 tokens
  Sender: Ax8pL6mkRJcp7bzTvchFq1rzT9veGrAz5kGDrguz7HtE
  Recipient: AgPhAsvcwPfT8bcAQxfyvymHdS9enkCzHDZP67ihS5YM
  Recipient associated token account: YB1H2fWifwXEBEQWfXhyf8tzc61xjWeYKp83NmhVh9k
  Funding recipient: YB1H2fWifwXEBEQWfXhyf8tzc61xjWeYKp83NmhVh9k (0.00203928 SOL)

Signature: 5rBQq4RH7jwn9niBWLnAZb9hgGXAWrQV8rqwNyYdKVQX4NuRAP1sNiiJnCKFJ6eW6pCcjQHgWQmRSP4PDAbQpJdp

Transfer 1 tokens
  Sender: DSQcfNzJBh7vp7kzL4ZGRERTPFMhccDHeggWWaEFaWRC
  Recipient: C5NR2ZGb9hJU3fY4XRBVoxesWdiHYYde6KbFnMpMbhuk
  Recipient associated token account: 842GRmMAFvoMoTGmgyfRmfGpRmi5usg5MuNY7dLDS6sH
  Funding recipient: 842GRmMAFvoMoTGmgyfRmfGpRmi5usg5MuNY7dLDS6sH (0.00203928 SOL)

Signature: QvuQ4tdUaXkuifyuyguef8TmxRxSnKN4Jy5XY4BeneNsDBfsSRnsL3ei7JJsbn2Wv4z72zFPKM3UbK656kXZirc

Transfer 1 tokens
  Sender: DE8EoTSoHVawCGYUzzaQwcqDirGksx67tbYBQPwWwCaq
  Recipient: G1ahFCQP6AQeFQ1mM1YHa8C2cVcggJkcvQk9nAQ98gbm
  Recipient associated token account: 4FLtJ2urPGGFKyyGGobZh6sBtKd5zKB2w95ZAh1d8c6F
  Funding recipient: 4FLtJ2urPGGFKyyGGobZh6sBtKd5zKB2w95ZAh1d8c6F (0.00203928 SOL)

Signature: 2jq8gJxN77SQpYVB9xiJBxhcQsLDotKVWWVQdzMvECMegUMpWmK1sgxMaVkppmF33NAAr67tow9s4R5sdC98U4n7

Transfer 1 tokens
  Sender: Dejbcu5PmeuVc1Wu5rdn88ykZMQFLgz3SfJVxv8fWSo2
  Recipient: AkdfJa5NmE1pQt3Ai7DpgDg8kryN5qTZirp6LQcpen6R
  Recipient associated token account: H6PBEB2pMi9UmYvPJu3HWZb5UThbDGb9yVfY3TC5Pxe3
  Funding recipient: H6PBEB2pMi9UmYvPJu3HWZb5UThbDGb9yVfY3TC5Pxe3 (0.00203928 SOL)

Signature: 41ecULsS7h2R481t1DEpPBqfJzrEKz8xueQ1rckHuWRoS22FDRSwEsyAV6Cz7ETHhwKPgxrShkfJxhDdsN6fSjoE

Transfer 1 tokens
  Sender: 9hUWZbpdcLgnF3nyUBHuocz1FsHpDspDfHB3wZz7wg45
  Recipient: D7p1a49fHgBQ1UxfuMCPAYRepN61QL7hBjXZrnSt2P65
  Recipient associated token account: 6Mh9EmB9icxUzX5cBoDRHMXdbd69JM3sKYkuMwA9Ctnw
  Funding recipient: 6Mh9EmB9icxUzX5cBoDRHMXdbd69JM3sKYkuMwA9Ctnw (0.00203928 SOL)

Signature: 2tZHwSYBXvqM5raZnfYx3T4N3FH9nDZ3c8gEi8GefKnzwFgtyBs3SA6ArCgb38ZwethvSR6PGhHByMFfxnHcUU1U

Transfer 1 tokens
  Sender: 6HVB4SvZ3A9szfV85H8ykaJkQdnVxVm5mjGo3HbBpTU2
  Recipient: DnmFPnE5awaed1HimvKNBCJkvz6zi9WCaqnrvzM7d8PR
  Recipient associated token account: 4KCbg88NFRnwojMYHjxPq26npZPYrP2UBYWJNRafCfhy
  Funding recipient: 4KCbg88NFRnwojMYHjxPq26npZPYrP2UBYWJNRafCfhy (0.00203928 SOL)

Signature: 1v3KDvaMJ4sHSLJCUKfL43MJ1xbtd42samNC9QnA21Jvv1pWYDRExRs8XZBSdzPw34p6EcbuBeFUmGoGqfwf4zb

Transfer 1 tokens
  Sender: HVeWQExYdHUDZC7gaZk3gFh2sM2uBo8964v7sygpLB8d
  Recipient: 5NVmQU5Ph3zDaW11hJ9gQzaeSnCtxgNWoJtwGhVrSZuU
  Recipient associated token account: 2nJodqR5YZj2VpwLUr4UMpHXtyepCckmWYKtPVvXxzSc
  Funding recipient: 2nJodqR5YZj2VpwLUr4UMpHXtyepCckmWYKtPVvXxzSc (0.00203928 SOL)

Signature: 2WJWUV7ZRVGMxdEYU8KVFWWnWWsnfxDdnUBgSbM3c2oePHCR9MSSSPGi3YZwEaNWFyubiuZafnvAfzeZcZnv8JRp

Transfer 1 tokens
  Sender: D8NAmXeYzRU5ewCqrnCT7c2Sb4v25MR7KihZnyMVTq9w
  Recipient: 2dK4eVhPEh62U27NFQEft1nUqntEN9eLpibWa1EYGNpC
  Recipient associated token account: Ev36vdSpnWiHS8JvoYy3sryG4pNE98aGGFmkV4QNJf1M
  Funding recipient: Ev36vdSpnWiHS8JvoYy3sryG4pNE98aGGFmkV4QNJf1M (0.00203928 SOL)

Signature: 5oYuqGWCj9fzLhDHRGNjBsecfhE8LKyqL18bzVSJfArsnR3ue96xmHzyftLbbcT7vd7ZqV6yAMNohMnmyMpXFtiT

Transfer 1 tokens
  Sender: GUYJeU1FvQNzQ42CCK7KXifRbA7KF8CG5CTd7HuR66p6
  Recipient: 3E3i5bqHKBwRZhU1nNcr5jpKyiSU43yCZmAUBef7gwzv
  Recipient associated token account: BFNvfZo2wndRKetJaKCFhJFvtw6U9Wc7X9rgH51Gz9bM
  Funding recipient: BFNvfZo2wndRKetJaKCFhJFvtw6U9Wc7X9rgH51Gz9bM (0.00203928 SOL)

Signature: 2Q7JvtuAiZL73Vn2hGQ93pbLV7ZAngSaJZVVzebbmdQ2DmKGtLgKTHYtYDay8NGsDVC7MVvXtxdy28yn2vuWbsWG

Transfer 1 tokens
  Sender: 4r7h9TRuhGYZLdhZwSQ15kqwj2KAdmHYENJjgF1tjUvV
  Recipient: 3od67CDLn9567L28GckH9yU5FCiDhKN7aJzBryeKDKtE
  Recipient associated token account: 9McvQMfNTbLjhKJx8cp8R1VWFTzyZ1NLUDiQKv5QsiEV
  Funding recipient: 9McvQMfNTbLjhKJx8cp8R1VWFTzyZ1NLUDiQKv5QsiEV (0.00203928 SOL)

Signature: 4uww3UGmPdKTqXCnEtf1YukNN1SvxwZemK6wXQce1P4ErjTFztwXiqtvjHrfu3X1aeSTgs8NAthVsRLZD9RGhHMG

Transfer 1 tokens
  Sender: 5sNhkGDrpDboPohg8WXwUuLbxCTUkkdmZ2erwSySi7iR
  Recipient: 8X2bbfKpevV9Bs3PYTmkfCn1FRsCcb4BDnSDKShRouZW
  Recipient associated token account: AtarZjieUGkzGHyxCscHqMbMYZu29Q1J181zDjRyaQrC
  Funding recipient: AtarZjieUGkzGHyxCscHqMbMYZu29Q1J181zDjRyaQrC (0.00203928 SOL)

Signature: 9vv3P2Czmbse5ZMimMxW46rGAjX4sS6xct8DgBzHhuSHhmMzCMWtSMVaqpCCYzREZ84Tjx3KkgZFkGSQFo8Kw2p

