EQFh6gCBG5E8RfDaUKnVerJYmMDzpYq8rGm62UiX5XkH
9KJbbRm5qjnWBNZNv3Mhk2hEFqqDAYcCHuUPxnG7W64g
yq9utKpjdZdwkEbEacSaMQpzi178DS5yEyJZbci1ZXy
5oHDfw9japqthSBf7mVAzH89yXgKjDH4FW3EhYynMm3a
6FkJhcmuGmJMRovuebvEiM17gvhEWtVADYYHPr44n3qW
CVv8iAZGsd2sHVsX1vo2iT72uBDNLsuGNjxSAxFNNSCX
ADAYa5CPnjcxL2kp43VcSusahnfnTa9FTp7Gux2NQZY2
F4hN7ecndZ8Gr5KQNSFaSrMGawMasz7jfWTLTMpk7gaB
CAnUoRGyuXBE4D6sSdhJoxxxuHRuJ9pwDybz1euF63JD
F8iRrHU37EEdvTucGJ5pHTo8V1nGLL8AAxo9duThJFaM
7RY1fYBPSLhk2PJ71jdE2LWXgaEmKeJ1XdtQh2243sos
24iifBd4cBp6tEhYNZvPvdUsCuhmrSXXauQxrumEz4y4
7fcwxQgEkyqWhCJq4B9ViKCnzdAB4tZohJ8TdMLxuMzH
CgefrEXcD8zJSaDJrVBgVC4hPBFans7fitZ1N5UTZoj4
FnmrUqcFwYxH2R7yuXHzWv8pMLAN7rYCBN4zCQ22DW8B
BKZS9ci2HFDA72Wp3rPr9Tc8kTcKwLrBboNn1XdGpMFh
Gzm4hNipWzdPYpLTomzw8wvXcUVYo4CGVdeGCWWhw9Hy
EWC6ESChdBqExhp96XPMLXR65pXP6Ftuh1pPAVws4pmk
FykdvhrLX6uoPGrb3oB2NtTpDbL36mTiW9aNEzm6bfxJ
421sffF2jARi6Y1VjZtPgwcMqgBvQ6sWWMqoRpscPwoN
FGhqPQPRVyhyKUZx31b8F5HAhxYoY4ZUSizyurLUFxVd
GHULVZfsJWU69rYJsy6NU456XzceBjVxLcd9drcdVuqe
GJmChboD1FUPXGZAHsyj4wN5pi6rv6qRpigwM8LR5StX
DAw7L6BNNJQhszjN95NbQPL77AjMVL5df8R4Kx5FHfc9
9CeQYRt1eK15SUAv8AE6XPhh1ijhBF1dyPdGQGAiCfMx
J63PQ61AFhZXeupw9j5GYY1aEuR3R6BnAbtfqqAX6DQw
G7qUhXT7hSHrTibDcnVc5Vz28gVvGFZVJxm1Fc9dMBmX
3D4pGXUfZiQE9r4sxcjkRtU2ciJ4ivBfkcaum23y2Szn
BgzrMG1JjLGKH6aVgjqeK9myAEjDstMEPBE6MKHoy5hA
91hkaS99AJJvtMJURkGrGy7SM6Rnvyeg2gM4varE5b5g
5EhvzizkQZW3ADDc59jyVqHdEKgb3u1AiAuCFJLwvYdj
2pVuK3Aq3tThhXDsW548t5miF9AsR8DCFmpCHjEx6mVH
G8RtxPyG2pdrAhrNRMgg7Hia8imCofdCYxvyWiNG14hx
DJNqLSq1G5CiY5w4kWoj9pVVUXXgHoa2Uw7Ja2jBMXFg
HCtzVd9MmEeZ49xQ7m5TEwjXboJJzyfn1X7Efjc2m1jq
9ej7a4re5ZsayUKYpU91q5UEakEjCwK9mFb93zDAKwUM
6Xk8d5MFs3n2QcjUxmSPvq82pTtzTdmDkNpwHJQGHqJT
9ej7a4re5ZsayUKYpU91q5UEakEjCwK9mFb93zDAKwUM
HcaR2tpC16emF6MPzBzYbQRsGutmXRDnJChin2Srnyqg
5avjGMa6NdSNujcwgnRDKXdAsffdRgM7T32T85VV1jah
FJ5hcKnacavLz9geNZDRyDXdUvZHJBVnn5RLLy3sRtra
DbqiZ6wRAA7vU6k1dPFN5P6RWymSu6FRpaiyxEYUMPtw
8MhqVio44XnCi7mf5o9SQQJDxQCQAWGikKVHmSWcck5x
GLa5oDz9UoBYEmbk3gDqkUXMyg598h8fXtoqTA4aA4QN
C95WjH7qmY2sdr5fC1PjY6vRy1WpF9ynY6kLHALZmVHe
krpCv4zDR6ofhcCS1yiFrubsu5gwiqi9D5En9c9vt9u
EWC6ESChdBqExhp96XPMLXR65pXP6Ftuh1pPAVws4pmk
BPuNcEh3NoxAL4UrTWBjKbA123FvsfzV1KJb3JqTuuN6
F3hzbLTD75Shbpyu8tdztMhSrh9vZ1qMwTCopx57A5wU
4tR3CkyDUzQUy1YPvbL8niQEjxwYaDNbh4X62fWXeBfJ
8qnoPHWBPGXad17FkrNvtnQXA96Wo1mfhvVuE21YoCkw
A1dqUjBb2xK6NPCCAn2Amv9C1Q6iiUe29Y1Y6ZpHtEhD
5dNGzQh9sonyFUcTHrH6wiCczokUMSc79miMEysyVYjK
ENaitWuQShMrtnPhATzdnZSEKDo44o3RQm7EyScDAKaz
6ykYU3fWNQnoNunJKDLSVSZWCMPoajoE8EVNzKCYs9qT
9k7MozeW4FD4uH7PNjVugmwUuXAyQAjY3LQqMj8y6WRT
3ooTnU4quRNztapYE5vVojHZSFqPeH2xnWC6mbbtAUSE
2mW3h1pgf9FRyZ24tHjR8xGAa46UCmz9CXg1U4cjFNC1
97xAKp8FjyXkiYqTtYWN9ArD7KxTevzaCAo7VCcwLAsK
HcR2HzRGZLR1tsvyxTT1y6oT1Lv1GsAdpHDFG8JdvKH7
Cm8cYtgtfyULCzisqUnMg68aqqi12PGZScouQfJRfrG3
FnnkjZBy4dcKScyNxAzpHMoE2XnZ4NAxvnxBHTY9rzhR
51oET2dy4vCmZ1JMGYR9hbsvsLng1vcLD6z2AZp1uq1j
AhYyVr6C9uDmRLEySjBVZLP945561HK2vhv9B6aLYU5v
9XqH8khVtcxr4D6HEbVeUakjD6ips3SB1WuCgbRdXQSB
Gzm4hNipWzdPYpLTomzw8wvXcUVYo4CGVdeGCWWhw9Hy
o2Aug6JB1RDFk7yYsf8QCjpWo2WzgwFkM115gtSJU8r
HRHWxR3dgf53Qvh2KPDHqLUFxHybkquN97SNDBxuLtUV
3D9Ai67KykEuem4n75G7R9aCt8zhRz6g5Gaeq9jzsKcG
md6NQ1DoKnsdw4J7EYwsoZUwMmKuNfuytFBQ6USfDJZ
CYVikdfqKK1SmPasR93k1p6CntrmqGW4YcoSYQQ2TeVp
6CdEZRzvqHZxSfgjdyah1fYVDSynW9w3TqoyBkxoMuXH
2jBJAcu4uDjhgH7gQXrA1cSKF1DGX6ZNcuNREyGEMKo2
5wpT5MyF9jTHYWWtXrhot1XcCr3RAAQbwLeKnDTBZHYL
4GSGks3QkdGe43mwTdfKHsPydWMwUtukmPuYDYvsmrmZ
HudBYL2giaecUxjnTSx5UpFsKTtcRQYhAzuv5hs2rwz6
2F3pCR6Ju413NwpsC1knkXUu5WEZCYCJfN21yGcWwUZU
AgPhAsvcwPfT8bcAQxfyvymHdS9enkCzHDZP67ihS5YM
C5NR2ZGb9hJU3fY4XRBVoxesWdiHYYde6KbFnMpMbhuk
G1ahFCQP6AQeFQ1mM1YHa8C2cVcggJkcvQk9nAQ98gbm
AkdfJa5NmE1pQt3Ai7DpgDg8kryN5qTZirp6LQcpen6R
D7p1a49fHgBQ1UxfuMCPAYRepN61QL7hBjXZrnSt2P65
DnmFPnE5awaed1HimvKNBCJkvz6zi9WCaqnrvzM7d8PR
5NVmQU5Ph3zDaW11hJ9gQzaeSnCtxgNWoJtwGhVrSZuU
2dK4eVhPEh62U27NFQEft1nUqntEN9eLpibWa1EYGNpC
3E3i5bqHKBwRZhU1nNcr5jpKyiSU43yCZmAUBef7gwzv
3od67CDLn9567L28GckH9yU5FCiDhKN7aJzBryeKDKtE
8X2bbfKpevV9Bs3PYTmkfCn1FRsCcb4BDnSDKShRouZW
