C8aLbQZv86ZyBePF945Ei3aRD2biTo1W8HjAAgc9Nyqq
7iGCFYLUJczcHwpUnCCK5QFBCvYwznnj82RoYQQnWu6d
JBfZHEQDki4swmCiH4ZcgfntBF429hKKA85bnX2UDnRo
5ycVUpjd4zxEpxWmAhzAt9sZgzWSbrbKDRcan8Zwu1me
2n5PbADyQXeCMztD5wnZjF3Nn2w8PmCmqSQ68TT6Q6KX
AzTgYBBXgKYJoFEPm3oe1tMKZTWqZyPEKJRqCF6QTQ91
FFCKeRWsUoCFbMhScjZbAdtgr1qqirx6j8KRsmaU8RxG
94PxvJEg2HvVPGenqStzLS8Bj8NDxvKCLbbgpAxX9PpF
GrLJKhgPQvd1fgPeSXS8PmohchzadSrkNotp8WBctQyh
A1uEtUZUMJ2ZeMX4PTePcAmFN4neXhmxA7SpmrV23vu5
5ekLVRV96sgWtaNfPuePwPYtzpHdbjUaGbzDqdCtJw2H
42aV5YbqVnHvAyARkHpU5s7CwCbJt3qBv2BzbUvcuuVb
CwyAnBZRGAaDVCBiMm3m4zrXNe4e6E8eUVgMrt4pHx2x
Bs2NRpK5zPhbhchTM2XGqys5uLw4bjZjiWQJW912XwWi
9X7kSbT9Wuu32C9nzyGbsvYt7EqGbRMgwWhBCBAMwfYF
5t5pfR6Rz1f6XeLX7ribnVFZcY7pXLRbcdpEqyoFUnA1
BbM1VHPnC1upTzZCaWfmTw9dYte8iuCGzftc1bGMDFLR
DiuEhQVQu4MYexgF1SpaZpU812qtPhRJY8qeJDbXNJt4
9ej7a4re5ZsayUKYpU91q5UEakEjCwK9mFb93zDAKwUM
57jCPDqnYFYCH6QLK9wxRGCocZTdT8gtDNmurLGPYNTn
GZ7dL3aqcVwynsidEqLTUnsHf3iK5wvNFsCEJZvoVXFe
51oET2dy4vCmZ1JMGYR9hbsvsLng1vcLD6z2AZp1uq1j
B8unY3f1mc2T8CoSFsdmo13Stj4sXZYTxLtQwH2DwyvZ
7engHFGfqWM3GTvWbnmEy5a4crSD3Hvu8S828cTkRLA2
Atp6uadUeFADQYrnWBMoBpVkMFhziBLNvQrjFsXadAMo
BpebsJE75hWA1HhvKppSTGS8DkuwkEvnt1kucbR9FDwS
CdGwadKrCQHr8oziZFVfHh15jaEdB5UoZx9LhsRdQJJ6
51oET2dy4vCmZ1JMGYR9hbsvsLng1vcLD6z2AZp1uq1j
EuMZagCudTbdH9NZEEakBDwshCwuDL6WNfnxKw5Ued8V
8iFRxf3KinD85BWb5JJEXAJdVSrFQqo8xoxbA93LtG26
E6cf5us72RkxYu8hSUX1GNb1smNVAJhtDd1Gyafzb6Bc
DSEDomerczKfNsuQ8JQYrDJ7XraTm3xZLDH4sVQq1BNn
EsVxdvYKUqAAb6b5j4hswyUkCqhyaXQvBLNVR41g2gjf
3EtRwc7takUSxcc7RdKSz9YE6KdiwfXW7hasj3yN5gos
BYcufhYPyrKqVVsJD1Gzf8UQL7q2wuGeLjPARXQH2vo5
6mesuhcDT3HnDdd18KWSLf2xapZnk8tmT8EePj6k16Qa
87kEqjQQ7S97WAzbbtkDxF5DM7JakX8GqJ3grPkmPnGG
97xAKp8FjyXkiYqTtYWN9ArD7KxTevzaCAo7VCcwLAsK
3Gjhr3N4rq2BCwemcBAVdSxKHdpqBfLdpBVdrnXm3su5
9FBj4P9G8JQucQDGRgpUbQ3uzJ9PXQkKJQh6cZL5ENXm
7DdfXvaTVHGkepEAGrXSz22ienojuinnvmX6H3kELQ7N
FxbGsj3osX4AzJxhANAvGrgwSdRxJruGKxybRnH1rVDX
5Ve3bthekRQ3GK8Um6nVUqKz4GUzX8uw3EunTfBNGS1K
H7E4JB8ebHaoKQe2Z3NAwXniKcuy7VVuAoycx7PYAbE9
HRBxMSbemrgRSkFh2uQYgCd4bd5cdrm1intxw9i89BQr
Cm8cYtgtfyULCzisqUnMg68aqqi12PGZScouQfJRfrG3
3Rx7mjqk8MXhtjSX6k4kE4iwFvmi1zvW9rvhhigoYtPG
51oET2dy4vCmZ1JMGYR9hbsvsLng1vcLD6z2AZp1uq1j
FxDsKXCVStxQZt7e9VikzLA3XGhxxPAhC5aGS3oermpB
8zfdGUKpemtzs2Ypb8reoN3A43o1ZkbwFCBNzpUeFeUo
2jQTV4dbMWUwfWqvhebjcLx3wGUqWqaNtipVyR2wP87P
Y1iUozoALJ7qc3kmJCCCdoNBHnp345TnPyBRfVHBeme
25ycRBGgb8psTBBZtaGH9dpuUmD3C84rSjSf8bUSpcgC
5awsmonFXxL4xCNQTYVgw8zGWXEzAcoTbirxYEYqxwh3
DajLww9JAzbHx6VNacZZWYKQfUukB9bibGRcwwHs7e3P
8cFYfEWgXPmbNr6EginTt3MdvBJZBh7aQ8MyMHRMoD9x
14TJ82sAjiw2A8rTqGiBeseHp23RZqf3yZ5PovWSb2jS
2PhHTtsY3Lc8bnmfq6QcnezpqcwdKYyvkvXVzjJ75Aw4
6aVxAU2nNjSUmDkSy5zgavKcZNKGov3xhi6tUPLnULLp
6cxR31FgTSxgnnS2cdsjhpbzyzYhpdJVTrxdHmnM3uBw
14BZE7NViTS7AwNpCT5QZuB3CYPePe2oZzetq4q99gXX
DTX8apmFABV814sz3RkDJWxYT12yKEWuwUCqGqVVEapS
7RvtX4WGag5Ggy4oMtj2ni3oc9amEPmscdHLGvGQdZsh
9Z9Z5SauStsWfVrb6QPHWxay8BJLGuNgdU4SwisTURCX
FWPMGkkFacSvytRBGvud4HuHSMHwBmzyLaWB3FxKM637
Evt92DJQS2a7UNRJp75J6dFB2WkiZ2nPHHsLMXrDs8jr
BVCHjYtHocuA2h6Cv2WdoRodh25BqwuiCHYkX4d4dRFp
7iGCFYLUJczcHwpUnCCK5QFBCvYwznnj82RoYQQnWu6d
AvH597tWjVs1Lvt4Qtq2jVCrA5bQ5XWpkWEPBh65h271
7P4Bb1pCMuYNveYhg2j445cmTRCEGp2eAAtBQUv7Jz89
Eitu3YYc74Cpuy9S963H1jV7bKdjFmdRjVCCD4NpUuY3
3MQyT4Nq9M1XT6NFxmBT7niExnxy8BXKDfX9zC6LmP5c
GcSRyzBvmJpXQ4aa9AFaFxUtQzBAXX4gLvTg3QriYr8Y
H32kV8q4EUDAzVCyVxKVGrQauhmiaS354pKakTqQC6ne
97xAKp8FjyXkiYqTtYWN9ArD7KxTevzaCAo7VCcwLAsK
HDADTyGCNnbmYa5MVpmUwhDbiyAy8CcQ6k5ZDZzQGuuM
FengiWQSYF13nh4SCEb4A6tkNDYALF5zwkvh1zAYWXet
F45YMyQyc7iG8LwJTrcSnwms5xcC4hqXg9DDWQkJwSz6
9jdLQ1QyC43uHFhZVB7cYLyH8EdKyF9dbXurbmXGUXJU
Ej3Qz7NBHfvcjGp7kRMp8F3EPJdYdpBGHPSJkSGVapzi
AuzBWmHGN7e3pQ6Kyc8H8bpXkBC9CHLkEzTqHGQixQGH
6NvYLUJk1kXGToHmevaagExkTFsWypW53N8AxoKXrjPR
4PQMcbeL1FVLQEptoQHkihDryAw8r35PDBSvxeGpqDz5
JypNmtyb7RkAMgnW3mpLk5MADh9LsiAX4yZhYa229bk
2HmdWRAuG3rLm6RmzCZ73HP6avBgPhJ5VNvNNQzUVjxX
3Q7BfxTo3h4AFnMqvFFrdtfcBJ6nCX5AUN7ihUhpPXbY
GRKqLdY4K4VhQC79Sa6EeNpSKchuXGKkZELPAUtg5UiU
8QrFe4gxdySYmKGuGnCQm4MdCvhzqA32x5vh82dgMQh8
G5AUir4bK6D4pjo6HdDGK7LcHHooUKYgJJ8uNikhgyVL
XZgLPsKg1Z1MrkH2D5wKnthR1wDEUMCpyK21pRSKo4x
CYw5tuycRw3m9BiZ4fZtND37qa3J6oxfMQ19n7etTfNn
DpwQvzG6pj2mnEgpKH9L4uWvmGZUaEnquAUjUBAoWNx7
2Kt2edjA6oMUNsC8kLPH31XJP2vqQZmMPNu2qo6BzuCa
8UjkZsZStnh4mHmBD1fjDUW1M482P3SyUnvroAVn7bvP
Cm8cYtgtfyULCzisqUnMg68aqqi12PGZScouQfJRfrG3
CoqRtmzGQGBNMuCAtkgEcU7K9W11fLLPaV8FVezJJMbU
9HzUKtgzCk52nq9EF3nemoeijVjokKgepgoC8pT4ta5c
7iSwracYgCbijrsgHZFArEp2NZcxUL7rPWTAaE3gdEEY
7Q2XgQKTQCAYSbnwPWwtbeYbuxt3ERmG2P3z7HyKEMC6
BUT9zHC8NUvx88W6QHhJ5TYLa1L7VwXQ1JtNXCheizHW
5HDhhbMmHkKNvdzdXk22quvpeChJPBQRedPUcH6Hv1tV
5zctBVVPrXEywMfMpKPBE1ztFyaCuHya868XKArkfen6
8WsTfmx86RroMj8FcfRj9nBFYNkAKDeTSTkCizQUtniN
5nTmScN9g2peTCRoffagCzrzpiCHzDZped3Lo1W4zb6n
6miATp5A6hpWgcHFkEfMcjJ5GHfXfCwFGnrhfMJEN2bt
BUdpRNTSxyZZXtecMuBU7eB2x7RrwHZDPzGGUwiZwZUo
2pAYK9G4s39ibnMx6bkP2EAXPtvJjFvfxZh6wWKiTg5Y
32QmPoB6BoGHCAKLMyLv9hHJLiGqfi13oDPw1szudMBo
8saSkLfutyDmETwfGqSUckgPo4Bo9xpMtSJkU2YDGcFF
GPzFMtZMQNhjTsEXNDuWyWj8yKhMXp4RbPwwUBBXncyX
GpC9NZpcjA2qqqbbW1SVpuzkFfq5TNWwxVUTztRQ3WYA
71D94FvV7Htcx5NAoXxojCbacd3vquGr8eSU4Sqr3sux
8P17pd29uZSPzUn6QQ1328QWXqpG95xy8djdj679qPDj
AMnL53CPuiU2GeuGXE6kVj4s7zahgodv2p11tnT57jCC
97xAKp8FjyXkiYqTtYWN9ArD7KxTevzaCAo7VCcwLAsK
4aMSBRaCsa64CPQiruDrmESqTNXJzs7PLeaF7XWNVvL8
3V1HmecLr55cdDLEXzhN8tfz7qCq7UdD2KwjB4VT4duQ
BgzrMG1JjLGKH6aVgjqeK9myAEjDstMEPBE6MKHoy5hA
3LUQQErJAKezkLKMhXdmMmd4oYMm2Z12KFgwpRP9sWQk
FWtbSUVSFWRipvFJ9R1pfbzfvVKRcwMBudRvoncXg9BH
7mQjmjScpjDP4pFrMLU1CS4H87oUaYrSMb2tkto8RXUX
CyJeFnjtSnVL7E8ATZYYoedHeDWhT3J4odR8fM1hWr5M
7H5FHSDMF9YJFP59kr1LnXzPNJkxLWUuM7QVdUwSyv8m
2hngJ78u3nj3r9a5bcwNGntGPs6MVMcQrqpQMm929YgK
AsxYivuyVu6znDgnwenpLSLvkZDua4mGKxTvM2JgoeDU
9FBj4P9G8JQucQDGRgpUbQ3uzJ9PXQkKJQh6cZL5ENXm
9CkHC9u7dKSdP9YgWrjDU4pWAdbBG6PH4rbmDR2wn9mJ
8UjkZsZStnh4mHmBD1fjDUW1M482P3SyUnvroAVn7bvP
9Vt6ZsW7PCQW4LPkf1YoJ88oVbZYBnT1KjWS4WhX8yQJ
BQB1KrcdAiRu6BThUb8EzwX2YDSMCwqcd7DZPTLRyP2R
74nQsQFEVm7N5u8xnxCNpmYNrmcBKMS41LzB9bCXJZo3
6cZro587Tkw9wap7XFYzgxUSVyNtwdH792qa8bBzKZo6
3yHq9S9xd8GePLqi5VmbJfffN7Bo9vRQtDNQN1UD8RSP
AwgVoyFwAwB8vH4KnsRCGdfuaCoVHmmrT7okuLJv38dT
3QCo4nbaPYJprdm3ShVoushSZKnyFjiVK1Y9u1ornBS5
D4K5yZR1kcvaX7ZDTUWpGoZM8gHVjC1pxB1m1vSmC5NZ
E8pAWPsMpvuvxU6pqJqrq7yip7n6VgzpAcpdqbzcV8Nw
AsxYivuyVu6znDgnwenpLSLvkZDua4mGKxTvM2JgoeDU
GwaFjiEQZSKJRDnutQjtVN688SHSA5w8hi9Y6pQ5KeCj
5EhvzizkQZW3ADDc59jyVqHdEKgb3u1AiAuCFJLwvYdj
7rX7EXpyA5osnJ8ye7dpY71eNUJZ9JCQiEC4ME3qo3Ue
Bhexjg8vWtuH77iMsQstr8DPsuk85JnU944ivVA1MmxF
5ssu1FQCAxLQZUbSnFXAuPn2eDaZBTWkc5QBChh2yxAa
CyeixoYJqchPT7ZA3a6dbshUTSQxwhDLUwKjQPZWfLQe
7tMyU22ViPrhY14fy31bSmTsQK6rwc9q3Zbq2u5RkZis
8qkQ513rcoeCqFC8KNBtyhUuxoKs4ioNWV3hdS8kZnUo
Dm5ctBY8BwXzYqkjnob7FGF9sbxMmtTMtePJ2cJnb4Zg
9ej7a4re5ZsayUKYpU91q5UEakEjCwK9mFb93zDAKwUM
DfzrVBck73vZAXDwerPC5sd4ZTCwZXfewFHjZWz8mjE9
4ZGAMVayrbjBP92MqW8iK1EiS8MSFA5FL82gATVzfkzt
o2Aug6JB1RDFk7yYsf8QCjpWo2WzgwFkM115gtSJU8r
Eks7hx6ic5zyya2NqGX2Frhk1StZU3A3fzKg2HPcm1Gf
3RANWkJ1hoaKGDRqTFnpqZYSU4gRUaqzj4eBqc5QFQBh
4TDr9PnmK1ayxwkxRJjEubvvcrvGdkez6Weq6MUgsrZJ
6VGcEyf7x5PFBpUMKTH8cEnCmQ97FBuxjAh37GjXefPN
BPuTD3ET9NDSyCvwudi66xsH3Q2UWwx9NL4SyHgA5vB
FVk1gycAmyfZAPLYiAs4Ycj7x3K53wRtTMfKDBQMMmEJ
Go9KCKvZF3Hi4xFNRxPHnuL8apqUzo6A8w48uiRCCcL9
8Hj4C4Row7TkhXyG53NaofbaJW6xYmZCpKPzYLdNGJ5P
3S5zeha44HtjqD1b2FqhqQpTcBFe7MNaFBeUbt4jUdY3
BPhmZq3D8rJkqwcSFVX9hkg6LUocjTuJsKyc2NQGRLCv
8utkbdcWfrR2ZePv3n2y6Lzw9yEeJamZk1rVhrAHCZNp
toakSWxfPivAwiPoBfjpGg8T6h7957iiDaLgUYFHUtB
ANUkikZTPfEoBrqtveRAeNkvVqZv335H5Nvspm6u9Ghh
J8vxiR8o4NvY8wcR46iuSpSAjXhBwGCgrbo5LWA3corc
FvLBqUPK8qeVsfgsm5VXxFGV54VcbC13JeCfhwjpQnq5
BPuTD3ET9NDSyCvwudi66xsH3Q2UWwx9NL4SyHgA5vB
6dWYKwXPMgr9dbsWsE8FgsTHgHudFaF8vvaQTvYcHnn7
anTJYMfh4dStRWtDZLwBdyEJFJpKi3gRY6YykxTVCox
6vGvGQDXPjfVExLZa8g9xfxJgFhMZtjkJ9nKrTLTrwBx
AsxYivuyVu6znDgnwenpLSLvkZDua4mGKxTvM2JgoeDU
Aqz9wzAfWEVYLBXTwyyitNkzCB18TBhtXmpuqkP6tn13
4cUyDakNPeMEZtJPDJGNujWLGF1XNH7WbQnheUEfD2xX
DAK5W37U8SQQYZDB4cppzMLPeYfR6qL7Q8np3qrLTeGT
FpSrQMhnYa8YRnEQqKstyi8DYsMvET71CPfnmJkBSSP5
EczHAfEajWAwvFQ6t8ns9rqxCr5XQMqqfbZxBBJBZByh
DWaAVXvNg9NcNUPLCwRbAhc8NVmFzSLPQCFuwkxgp9Tk
CWiXLx6juMmaq33BPXGJ1k2DPqzfDyCQWoAsUUe83CqP
Cq4wKeNxdoPT6HaXpcrKd4PEvnNYQiSRkZaMELf4Up7Q
Evt92DJQS2a7UNRJp75J6dFB2WkiZ2nPHHsLMXrDs8jr
5K1s9Xi92qd4ZbvR6GPPv22MQYMVX7TABLLyZA74MnSC
GWgW3V8BVnVGaGudXZV91vnMhiFdHmgh1dqeE67M2so6
3eJ9ffXxDH1CEHBH6UViqQAVJ9tszaHCfcG7ekK7438J
6so6mycpRfQPHDf38uMDw43hhGxzZHU6cXfUhF5CUVhx
6RFpNdmwJiqxkU8EkDrjVcSvpJhNt6A6gQ26TXnz2Ws6
FBkdDE9fbQobTccnZr2XDqrpeevmeChEiPLC5ABXUXfE
Ga5QAuv7jhLbQobMwHUzZ855Vo1A5oaJUPxsotvDTtfB
9iHyBs1jAEmDLwPW7gKxjwjGhaeN4yYJ3NSBm1W6fMCL
AgPhAsvcwPfT8bcAQxfyvymHdS9enkCzHDZP67ihS5YM
CYVikdfqKK1SmPasR93k1p6CntrmqGW4YcoSYQQ2TeVp
8jcQfheCyfyr9x9GiinbS868b4Mfzd9s1zxpaoypgcpq
AguKFCaFDPWQKxmYWgkb9etDxmMRVWNQbEoawxs3HS2w
51oET2dy4vCmZ1JMGYR9hbsvsLng1vcLD6z2AZp1uq1j
9CeQYRt1eK15SUAv8AE6XPhh1ijhBF1dyPdGQGAiCfMx
HoYSJxi6u2hWzd36yWasSE6B33g4XJVLtkGTLj6a7g3r
BJya743DBAxppWVbo71FaYHcTTm1YYpdEV5wbb8HcWNA
C91QVSPebG5w5SP8Wg97bqfnnNfG6j9QDuTFC5EM25jz
J4GgZY8CW8gX1qa85KcTXrdn9WKsNCpMJyJDi2NEBeNo
Hi796LWaVAcny3Qei6L5uDZxogeXtXK1TN9j3zexzwYE
9KJbbRm5qjnWBNZNv3Mhk2hEFqqDAYcCHuUPxnG7W64g
