9GZzw7yQYuQR7xUAh7BuZYUtPPT6u56piNmM7t3HQaHb
BdwwcYA6mxF2EhyGbcdD2yyBizixRAn4qc8FQfzFw2g8
4nyQwNGjssb4ryT2XgD7KqUk58aFPzabRZGcej6NAoQ4
E8E6Jz7EetBdKG6BqhrgemwKGZXtiQPetdkfNrBETFd9
6DDCtpT55Dn1dUTxxZxT3XNDAwM3XUdbAjCTBn4qQm3d
DPfkLsCsGFpT8oHsoCHTLjUvYB3dzTxawwxdgiKkTSDc
J2depTXMknPmMChzpEj4i2i9MsKBAEYJBbzrBSpAFLA6
CUsuNBKkj4sts4iUtadAhY4tFQQRdPhsVJBHKX72VZuW
5LLtQaJwGzvLYfcoWWSTfbyM2QidiBA1csvQJbcpCRQE
ECq13wFtPbMjoVUp23e1XnxaWrs7DWMYCmVT8rrzMVrF
C5ubStW2B84s9Fhbhj2aJ7imVjnzs8wWw1TuWtLWvYtr
JDV4kvYDaLt2W67ZdjHiew63uYTiTNw1AMvfG3d9RE3g
5E12Tw9dyJi3KLPdCGmNzCSnFvKDbTTCN48T4GQaivVp
2RuUcenp2LSBzxwLmnfufPwWZozdRMVzUaAjpyonMd3W
9LfBrtxpPgcR4auz9Dqg9ZYc13cWmn95gyoFQmm1CRfd
E5fF7v2FFo1QVpp7RB6AGmftp85X7VG6KYTC7J9FNS3C
EkxBKZWw9ns1PLK1nvgVsmWuHERqpV3BWftrJAx4GcQn
7DadNR4BRqDt2D3RouR3NfLXy2Sgm1MK5XspHWVhcsBm
4hcG3P7hcZhqcedJP2Wu4N12aV1oXvvszJDTEeai1kDw
6gBBVHFuCmxFF3JhvcpRkLUGJb1eNwhRTUUWEMwQSDQZ
Edpv2j5mPpBC74NJ6U7VnuuwCUgtZBfokXpBiGVsYQ1p
8DTx4ohhF6YoB5haERaxBuVMUSbfrkTiqLE31mhZgYR
71Nt92RvXeiETw79xExxBGYFAPRcte52zVQ2HmSufwaT
AJd8RvBzqKKC3UYtTJsrvkob1KzTExd1TAZ6dsHiLmGi
B3Ahzik8QxGCtERM2MBegsAPVsxkZBvzzUYncLza8uUK
7MmrtUDQ1u8EBiw8eNHauQE96RnFUXU7NrxRNjT6f2qY
2cVEv1HF8bNN4KmuGU9b8YrjrpVK97DvfDhRxrEQPFav
5pvmdkMVQpnCNMeD2WWQc57gZFG7vqEjGgNZ4fZdWvXK
CbD7NShuVaoePWgYvVn4MhFjPfeN7xAj5md4Qfetjg2g
ELiiC2mPiW3dXrjps6VvzvjnVmLbpeUUEqZoUdUBqXcy
7ynxo6FVfDzZAyRWbA2984rU2SbJYV565R1sd4sf2XgH
W5zfMzPvoE4yY7Ti1Js9S2tmZpw6HqgrhhLsK4J9LuB
6mN6qoCgRnsprdUtTXkUWatxucJ23gvcfj5A54PvyWzx
BseNgN5Bo3gknPg4rRbnswqN69oQDAaXeHVnPFT5zJSm
8JMtrp7A77PZMCLuBdA3JG8w7hmqQcfSaeeUC1bLzJnT
FqWL6jXVJ14JTizbsidUAqJMLVexZxuACKYDo7GX9MjW
AHZPGLJu8RNPkYRcQC44vv3P6mvMB53KVrwPwjCbsCEN
EG4KXQMxMgzKfemnc5rzLfEcdWCmt9iHNPV1Fvy99Mc
Hkbu66GQitoM6YLxpQmFCzCHAhzhY8AJBoH7uuxntPff
8pif3dJxDvkfWzSWxaP7TL5fyutjep291iu5LBY95Ksd
HnDjebWeLfQKkawVVfAMvBMYAFH3LruQ4s6C5MCWsKpk
3Lyv2gs1Dt5LB7nE6civY3otZLQka33C5rkDSCe3u6bo
57mN8C2y8tWznp8fvXHm9thrEMtrGTEYrzjU8TiARQna
HsGs3n3qoYpzZktrP8XBPpVt3L8rc5Wx7kRHrdRYhyKQ
5yoTWppYU5FakKzsFZUKD8J8RgEYpJ4C24k6ADU11GDa
CtXdttBcPq8xFm3M6furat24oQSMLdEercY4GGdt1iB8
5wKVFTw4jMNKQ9SRmZKjys3NfZH2hDrgG7Y5oyMJD3q7
7BNT7nTX8cKVcRbgeY64F1tqRUraFNFRtY54xSY74APF
CL5awxWgSgqGcgFbN2hLmfzekLafGwgEeeJt5HibMpPA
9u667DcTUoMJx3bHVoLkvJxYVWoyZdpKGbnVcGEoCns9
5YddkV2T6XSYdUpRvBTSMUWgaX39Ri5G6uTEDVwg93pR
BGE3THMssG3JzqULnWXvguW2yw8FroYNmaQTaZJSvNem
ENxTM1vw41WbvJHro6nQHWT5AsppucyjtmW2txqBubN6
82RuXhDXXBtpXxQMUKkc6UK2Gn2tHwjZGWKUjhaxeW9H
AjArjHbAUtk4cm8TKzrwY6FGM7ogfNEmmxHmRoDGTMTB
6wELWePASef5wfhqYWbLW4aeAqeRHBRkAHg3p71cKxGz
ERttHWNW1jNaWsxgyufuuBxiwakFYXUjh6L3iU6mgo78
DdxyGmWJHgNfZU1wzpxNg4ichjR6y1uBwWyDyPeAMZWn
Ak26EaHn85Dqepj7T3X3ifmjXXFDoGVniEgFrBXbbqtY
6GJ5LnUzthmwF6ykwEBsPE6niZS4Le4m2bHHrVEDgNqN
DuGTHMqPHBuHwNk6TaRsWneitgtiQWztiY9Ho9ACu7fD
DUdeAQ4jUqgaZe2u5ivbFjQoMEEgPwYPSjkr949HBEX2
5dGyKNbzL9MYP6E94Gx2QGGadmkA6jXMiSM7UiRacK21
vvjsdWiRhxDhFRRJLAddJisHCzco7LFoxxS8EFzwZag
DazuF8WHm5uYMvGrN5Dm3pfHMEMN662s7da4soHHXZie
7VZGsSmgJwvvviMseAwC5yxWFviQHjHLS5tuNZFFVtYV
4WKutkXYHVJ5mZKCGC4r2AfvDGnBGET66xbvJc1NBHho
9xF9mx7SRzxWBbrGmvoHgf5HxGdLUH3zmFYAiyeyFFof
AEJG9kJ7BGpcchKqEKzXRFZAFwCfaXj23D5fz27o3mK2
HQtFBPSpirU2ndAZ7649n6YcAT2WnR5Z9nVGQheM8wLL
9Ltr59vTKgfi7dreFMaU7WzLEDuPkv3YhJH96B44kBCq
A9ogXSx8tbNfD214mKdmSREMSUtfvCPEYwd1CvdeTF4j
BCtA8g6FZhihR4bKFq5rSPK5FXGvpXqe5gT675tqPnqt
DR3EEg9zCftyrvhWZTayngCsVxfdy28kJwoTDm4rx7UV
3KtBm1d32ejwQeAh3uZB6SPWSXxPeJUymZQRND4oiCuh
7SmaBheHgFffA4qJCYkPkaEn2KWXVnDSjHViqhehqsZY
G6WTbMAk99Tgpz2tCxWg2mMu5XB64xTHkj5GPeQpccGB
9PKxwYFVoX6qV1AsPjSNxvbCksi9EjdkPpL6fySWJUZF
5DkkKs4i9hbhfxzELWwi4B25KhUZHreU5dRpebWk8ULN
8fMvMaoaHEK2ANsECNyarw8KVVmUWh2JsiFgWJR5fywN
2aTT4HTWv9k9HPUExvRwobmhyxHWWVrVYPRDfCcAWMhB
BEiz8yFeBoFWZZJFMmNaDrmnLAK6bqEHGn9jQgq6d2He
8WPgpyw3ZY9bGsaVb29UtqQNy28G3y4Lqy9Bo6XFp43j
5pv292fSWup9o3aHMa7UyhtdpPcoHjnSTKFSBnjYSUBR
7fswbNtJYZuCCjDxMchoUmtENxaw2wBYXkgp4HDmnuPP
531zUUs1bZDHaG5CvoX99bUtrMS5hdN9e3xi1CwQACLf
7tdbPAYnwTShHw2qAyShf73iQSxbMtxD5S2nv4uvyftC
AngU8GNuXKHvFZCR7nVTmenLX6UZSopdpAXZD6v6q5ai
7KkHQ4QHUA2uKoDimJyAkbf33De3dbwY8fDSbrYjeCxJ
C2X4LkC3wXXnvVhNp1pDdGj1hubQourCzxDp6rFHQrXK
FBUQzYtdhe2hZQRaJLHt61592Ea2BgdimoKiBLqPqDcs
Ci7BZvYgoXSzFpRiQLqCJnCoupymxPbsfqBGZnCN1gxv
ATjDUiokZCURt2Bynkruuf56rJmT2p46yDassmfTLqgZ
hSPGxHhQSt8mFpLmDRNsyfPn5MrjdAChPUQDx2ifww5
36Ziv4cPhys68HZi2155c49VFpxp8F2Lh3rCmqtYiu7K
GfGpe47HNMHbCA9wuBSP9rnF9TcJd5H7r4mrsaFT3wSQ
NbXx55aFVYyKQ4f2ADoYZEyN9TXmhHDPxgLsQQwfDEX
E3gt28CMPviv5CiJ75hoqKDXBpUMpy4J4U7JgMVBpQoN
Em274PMHHzdYhSXgQrdVjwwDEEk27RV2D7MHKGMaCsK7
DAwe9YGab5qQvFqh39D4NoNBGAX7Z9AoXMfXmPwfQ4R2
EdRBYdfoSukmYA6ykp2qemCTzr1qAmwVqSvwiSbWjm7j
7eKYvePgUVTECk4T6pZdgLsCdu3HW1GkNnqPJrEz392W
8YGzc8bMwJe5t2qvkkVtFA2P78BPHzmga3mkufZPnZfG
Dt1Z9XBfofkWQrKDr6H5PrSeWKzDuiEHyaVr3fWCsGM2
D8D39KiPwEVHStjBjht4gvrL1w68EwjQHGa9wQqvRry3
2KYSrrRfjwD5iZt6AXDbiYM7rAjbXDXaxs67jbgKfoki
7Pb4pzPTjz8VfbPCm7X2PeKJYp4AryJPRXd8cNAtKJKu
CeqPBzuwT1Fps3uA5PC4f4pg7CxeyTFat8FAkkcA4ybo
8bd8c5Lkkztsd4BCPSyUAj1UjCfVXXtxE84HmtDcBNoJ
ERSK8sQQ16j3H6MnsPnfiPHS3rP9AN2sKxyqzDMDCN6H
FSUhPDWGv4qCdQcb4ZvZGym1cZu97s7Z154VDHu39E6Q
BYUQUdzP7N11hVHAByTfZyvS6rZvDcJkci5qsEDjSGd1
AF1KpXPerM4sRVyx4hq3kHViVn4p9Aj4sVZztsPcsjwY
9mGHsHAaG2vveMSiGvsFPSqmVHSNsB69VTfFHHUNtCtD
HyVQ6abT4uyCLomf9oiwU4CVXbazrUPrMdweJazFRa4K
GuuYmcz8vWaAEMPj78bHLrpBMRDgR8bMETZrUrsZuXZ
4A9h6XnXauTRns5pWwQsCyLjkz76yhLdf8nRY3AvBYU5
3RtQGqYTU2fvht2yKn44wLqbuTRE6mu3yeZXt65WtvLi
4kTxjHEypUsKvAdvZmjxhUNN1Zt7UPhjqJZcxqKXNovz
ByNM6iCRBCb3vJVGve2jVqMNGVZn3V6tUvqvDndUmwoh
2adYHwqv8hUj3evvTPYZbzNVnR6AjJrj19j7SFp1e9Dp
7PLuuhQ1jfgW7BqDwcy4t2K79v4XW7agKABCNhECGt89
ERcmBGJrLX2cHgaEiz8yzmnnszDsfYQrkG4i1SJksNwT
CmF3xFyfHwQhuzTh7x6X1w8jJwE9rodWNKCb7xka1HE4
F91Es5kBZJe7tx1jX3fXUYaPmZDZaKh6KZfKyqj3FDze
AU7fV5E6FpzVHUGagv2w9ae3BujqkmzKrsQKQ5P9Upum
Hh5AVRaS1VkyjDLY1v4AQYYo7CWqMts127sP18L6sBjW
GZ9AAzAfPdPeSbXf1mhK5XgVnFCZq17B5NiGQbEB2R2x
A9nExc33cBn3JN4w8tAkU4z4DQ9SkKsmVjJ3Wmp95hJy
nNqhPrdHLwCSpGrUK4VM9ADWP5p9CBwL4Q8FLzi97ku
HYAZ7g54dXsDnMH4MnNhjmqQHKa9ACmsELrSPhWQAfxq
68BQKiarosKvsQz4xMt7aYaNwjHGS2Wpny1TdQk3zFT9
6xRDKy2X3RFiL62S428UiFWG6BXmJzYgs3nXSyzdmneC
5NrCJJkvnfeiK5oR1fkZbFRA4dcLKD5NTQELduUrVkbH
96jjLwYgMg1jByiXCAwRtsKzANRwWLE72Qqd5XvWtWdH
CuDXfv99kysBPzu2cBs8EhWiUAfsk8WHSEno5BYjn8Be
3MkvvgNFJwx9rq2t8Krxj3MNWuMLkvtAh6YE1K4L78MB
HAxk4VtjboNUviMXAQrMjr9XZqkmS4LXbUNd2nk3LRSt
A3FnGDB4YwUAkEGHonAMzCApWFPdQnmApCyncVbJE7aj
7iW7nHfUmF9Uzajfir5pPfyYhTJWReQYU3Upo74pejAg
BYirKBX8LJdCDH925919idMKtPP1RiAbLxz79jBygHyz
3CJx4nEAab9XKPBjFv1r4pgeUpBkkxLZyWnsewgcrGHr
AyWF95gWirAzwdRGgGYMY2zeCsZJ1hny9HXEnQ2ABahg
6Y2Uyh2Ssi9AaQj5JCrmMkCyDuM3hEFarC1APsL7arG
Ch4KsDABnD3EvEoCxpAGHb5jy12DG5j3vYYtB4AQVr6j
D6JP9eQtsTAtkcbmXS45Jrr7eHWgHZTgC5JwKj2YnsFE
7sQVKJpkHphQgwsSH9K44AgpqgXEWZodwpr9HJg5HeH4
GRVWAnT9GGQKe2T84hBmfnybuQvmvtC4k4rEBABfokZn
BwiDt3NwFSQkt4xENU6xjQ5tW4dGvFVy7HSYcdB1AZdc
5SvgU6v6K7tcpBvxxuqyYsm8vTRMzA1egUPAf3vknXZu
8b7pqRasDh5Jk3ZzazsRjnzNokFFF6er2HVo9CDTeQ7e
HEvZaqUUAr9XwMzpDX6uY1FimtpFXk6QTsnefiMfmw6C
FNCRLBuVPvHXd8mDozV66Cn5ZJkK5ehAyU8PJXZ4jvwm
2EQQ8BVjXKd8CGtAKfmq79VkXYdrAMtxpWoAQyPNxAWh
5czAUNchKxtmCAFopry9zDgr9A92QHAsAduvxGw5zjdb
5ZhTHz87UxV4ywrGM2YrBpQHQrrY2oCi8GdS9N9gg6tt
BeFZgPnk37w4pem4TmKNYbsRCSs5cD3BK3wKPaEbsx37
GEsmRsbphEeyDramrAPvR9tBKbdsyxXPBx5gD5q6ceWj
FTn1VEJzHsScLvTM4Tu6ptaGM7HEZFS7QvU4nw5SZnmJ
8qGCFax5edAfKqqKCsH2mLdETgF2AgFG6QZxjmn1Y6cw
WC6mRa6GvFcVBLQEw9oVjMwfvswKMcLCGeFaidbwZvY
ANsPZMbiSFf56Y8rPjtihFAC2BaSYfDEFZD73Esv6cJn
63znguThZ9mrUS5ex8hQJ5LazMMvxmQUZ4pTFj4Mf9ZU
5aqzHndxrW7q1PVf8gFJXySt3AuucJuRwkyazrCDSix9
9ieQEUmuyZQ8rHynCax2LH2WtgNm3yh7bBtQbrNwHB7e
FDxguquayPBGSPjb18nZRZY1oYwcYMcKHCLY8WD1Ckyp
GB2VR3GPWSDHouGbQNZ95oxQTT2rRbFba7QdcBXZBNR3
ANwK7xFBFizskkodEe3zTscMyP7jKni36zpc9SExRway
BkJrGLoz7Wgj4LcAdpKatYvCj264s8GQ2GGxJwWvABb8
FTzmqEVCxn3jg1ApWRzJP7eX6cPWjwN7C4TbXtArTTzV
CQQwnkQXTCP98JLvgdGZPULqNTn4gigH1seueVfohvYD
BLfGtkLw1kn65mvyWYggDGuvY6RrcK7JVHjD47YHS7YP
E2aKGeVZmnB342Wm8APD98RxzQG1S7TtEGvfJc7kmmyK
AbuMEzFkn1ML9amf5DfvJmAKDDzR1q68QXuL9S3Vu3nG
AQbc2JyhxptwugNaoiQ5XxfQP2XP4q7QYV5bnMMxLm81
E51j9ZPk2uLVjUXn2d7qmegNC7V4JYBLeFxSLA89GVVW
7KN6Dg9ruChTvLUgC8yP7htv2SLWCb6xLw2nAHULz9xN
4vUDh86VSeWJvkp4xgp3YMWztRCYfP5GsZpRVR6tSpiL
DrPc6LRzd9KsqqgrdE1iruPJaBBkvi8SHrXLAKXXunwN
Ft8jMzdPB4V2HaYmopAToo5HiRBxTkE7AnSJQpbwDFB
QBcc2dy7zspJnmSZmMaUfpMyjTJVRXbyx4Gi7hXFLe3
BFTRGS9UxHGM387s1huWdUWCrezDfzccz3kXwQWjc7Tx
2HEvxRBPHm5Xy4PZU5Q2F6wokmMMmN6hbhM6GLDfNAGe
CcJM9T5weLK9LKZswuXsCKSt2G4kMWzscym3zXb8U8Z3
9RD6BgWqhy8m9nxNsTUZki1RLgCubvwtrqGrQuYz6HKE
2aLM4ish3hNZ8RJTDX2URCfCCxEG2LreajfXP6uunJ3V
2TryJsxBnQfQuFbfB16nLm742Y5RBMbaKaB1t5EYP48W
7iBBUEVFTm2fXSWv4EbYNfKh9c9421UD7XeiKh5bNhNc
F48YivL8UBQDTX2s4VXkPd7mJSAN4dL6rDtojCSNvYVb
6skfysXtCaiHTUG36j79TLsSJGETV6sLDtEWCL8bBp7B
AtUZ3tTC9BSYEA8A3Wy3LRvuJCDSDhAnUqQQz9eCV9Fj
HSbAR6JS8Ap1wqAr1J1fCLi7pkCQnFSTMVkJVUrc66fZ
J8qAth6tLTgiD4vBt7kX7Mv8oBxzXnoe7Bn2X2hfsXzR
7nY8rT7p91bcSkpEq4YHi5QWXRdivPvsATMKpa2YKAVB
DP4ty29wmSGhJgGRfjFojtqR65gCRkDRSeLcYh1XRde2
DL9dZbbt3uVKZ1V7b9nW8zoxNcVqx3McTjnXh7sP8ztV
9Ye3tUCEF2vTBTw1pXmEaiiU8Vsi56W48EbbhNoTKZWB
ANBZxSLyFpbovBcHHQ65C7U8rm3t5YaryRYLo6VRLUrU
3vqeftyM9krz9St9QRauZYVkuzhWxmSwTM7bCscWUrkN
77JGJLyFwVUTg4phn4YA3wu5JXBd85K4EZciHpvDdnqS
2WRhbgpS7caK3gUZF2GGYtH7EHe1RPkdhPecFYe3dGVJ
AS6QtafvKffKSsQ9Av8ExooJw7RyfMrHXXShY7aCCpX8
4FRjgBxDJ782FqN2Z8SHeRLc2yWspStUfuXDsR2X96AE
GGxrQHWNPjgdhHPNapHYJMgao4y1otKGiUCJSKnRZr5S
ES1hox9iqnPD7qSHMJnE7zonk8JkthnQnkL4CEm3UHcp
CcGhunMCv3GzpZ6GxEnryd4DS68556wrwjemWKw1xXJk
D4Npb6J7RbUx3CeiAzJpPkVddESJqhHnMB6wzRAWMmxy
AUCyyBzsUy2GEfUzHJ8bsk4UWo9Tw519kh9NPwsRJk2n
ESC9FswzHcujPmxRAAwamNeccMVeSWiySzahPuBwW8y4
LrkYWSpZp9fRVQVV9gT4yqUadxskPGKTSNT9b6Y1y2H
73LXoG2GcrRSgwUWTHZVGRCrkn8hTXt1SnkZr4uoYvqA
E33UY1VyaCSzzreaYPuUuXhxPYKv59jsjxTvw4HdwKtY
5qrVMd5qJS1FiwZtnVp6DjsWBHfPTjT8ciaUwYb4ewpc
DqTSpDBrABohdcgTXC9VfvyfuDRLy74aS4afH8JbxPNC
C7GaMD9unYRAWs5E9uk4yh9stWw4dhYBdQ3RNZRTD3uj
DJ1aud8EvAeBz4wUqrfXbJ8UHcnbMCNtV62mpumZpWBx
5VL3ywxL2zTA856xu9XCKMD4sVTBeEZXcxQSjSjcPim3
DyiF5vteJMFCvX1fVi5DZUksCgTZaYk5KisA24c2SkW4
Ffq2ezadqM8P2Er1UUrkBmSBGMunykRu3oap25SdagVo
2Un8ZpFtzy2cx8AvxSFSMLS7KjAkje1Msjr9y6AWi11t
AfdCJgUDy9e26Dw5JUAmvhprBEU9igimjoUhi9Bq96bG
5RtvaDfZ1zARZVzLTC3YEHbzQujjFLRCrG5hXsUrzswF
BREQCuukm8X1jjmGje3bsS5TyhdCNFCCV87H6pNc2LVm
JCxmYCMpmYkZSBHaTBeTJAE3uZkTitUuYX5k7horAwC4
FR7s7ZWcZtBZUx51numsRqdd6RfZ5b5SRGBeZtJJ8Jiy
12t9yJZTwLmE7Wo2p6TbSmoB75n8JMuG6hGsoatdKLyt
6YypWWut5a7jxHq4Yp1s7r5QekKFUmExzvCnFstcNYoW
GMZFjVUtJG9ZmqZ54pZpUD4D87etpyLBZjVvacuTrZJn
2hNQFBNQCjBwWzUGDhahfrjH8dniyUMGwDFmU8fdTNW2
H9XFL2x5LAXdnjYCnYjxYV2GNAkW2Z714DZJBqc428A4
4qKDgmFSP7HEzgXuukWCGmCD2bhwJiQQMgpiNWkQSvUm
3sfYAv8KMHHbJFvRh4urVBf3j51ruoRQfPG5JR6rkCXE
GjmR6rdKToaarYJoMAhcXMW3J5zMG6oUJuRsgQaCKZdJ
9GQCySdEEheWvhhN7om1UcFZ5VdtFjuBmpbdWG2vJETt
2kRqf4oT5QCuVVS1Wr7E1BrGbYT3Xj6V1oc8rUkDpxxR
BPoZwnhCDzDuVfTxYQkFrYUBe9e2QWnZMbACjfUXYzzh
ACHV9LKTbcmfuL3MrWAG5ppWzvTv441dK5vmYNth3Rrx
5BjtJqGNuZMkbPuHENCu8rKWnG92FRfGMdgEU44HS4dq
Gy13Kmb2UjNKSw8HzCeTqpHMT1vNjZLddWgRiq6RJFz6
FyHkcgwrfQU1qDbgMSLSJRPjkyt1iHUt8T2F6FEE55Jc
HfUpCNAv8WAvatDMjuvp5yQsFPxqfmpLJExPnDZD1YzE
8bYEAHhMJGi884Jmg3gY9LFdwzjsy4ynSW8KcziEdwGz
EJgScnbKFpC7aU5LHnr27DLT9cxoBqW8Anvc7ND2UQ24
CKPbezGxsSuG8CBYT9rzku1wZbuaowK5FtnCqhHv7L1c
6Rt76kvHxcmVihQATe4Jr3cEAAmfh6Ry7RyjtvsUG7iv
4UvxwTfozjnRxPjiBw2Pzh1viJPMpQjQgRvnh13xH4bK
DgrTkrbNzcTLEvwocA4PsRNTJRi7vBfwRgAHSRHYNJTy
6Fwa69fC9bdUgeW64Lo7BC449CUSs4U4ktX8uzBot2bY
FdSXF22sAfwM9iJ77NmUiaU8fuYfsgThoevnCEBLQhey
CsBwsVpRTDpCjufw57kL9uzodnyFQTBxLyF98mW7Et2C
2VSBRYj2GsQDtuyJdXJhppGtaXp59zvUJ9ZHXRTfeYhJ
2rH7qXfgcewmWioaApZxcpKcHRTmAmumpDmzbZNUy7AU
5bunyjj4NA8VR6x4fZX48MLqot3UczR92wWytC2Peibu
CjdV4RvMo2wueY37vtCmepzPcr8FREEkaUm3huSxW3pc
E6U4K4Rxhk3AAymQ2iCiX7nNo26jKE6AeZs6kZEs9cC2
7hibcDt4NtkuqtDPkhnL5L9B4csUREyzBGLwv6tMbNBx
Aj6eGn94D8sAS9w6qK6Yq75f9EZVLwusJrv8raZ1JCr3
XTrzgPDWeZM7kCHuSnzHv2rU6Q8GUjGTsYfUWCucHfs
36Hky5muryXKxtYMZRZQoHvgphRdiysfCDN3te3X8f8m
FBbStFwUKVkFqheVp2xbewr3QxZtKaWqRMDXp7uiQJ1b
BpTn4L8b7ovENUwa8Q8Lt3iYkV6vXCHsHa37DGWqSHML
yYko9iFhZadVUUEsDRYq4t3PoDQVooxJfTLVV9G6biN
93rUEKxZd86JFG7L7dS9LAKCJe6s7oBcZWWzS82CpAbh
HE72bji2ETREGKEPSPwpvQ97Vz6VBXpZMKuj7KYbZ49w
7XKC8gP8c39UXRgqtEnh4wPrxYNNSnW41bFmYbgExYE7
E62RdGbhUW4p8RR1gLmZvDucYdfz8R3WYAmsZymmaNF
5aFVbbHUVVsp33eYvREML8uUTHWF2fqF3xokQToA5RGM
2zLMAHsWTNtjHzV7wNwHeBX6e4J9EK3BPa1UcwQCiKKi
HNAyYjTz2hVyQNtUC4Qrp6xJNZTrEPBfkHhjTZUw3jyb
HsFKsY26MsyjnHkEYejvS7yBomLCck8qcLPyKP7MiWsv
9n9z6Q1sCiQotgq9SEzsxA1qhTXeEXMyPajn9Y4kGpiM
CDLR8aCUcAEYLmKXaTQDBERwqUGoGduN8trw3wFBTcyi
5MszKuh8s1AsD8BwZQXgeNwRYn26xqUt8E7CqpZSWxxs
B9APBZcErdjbqAB5Aug6iU6tiKVmNsSHQn8BBhVHKK7d
gCAWYYonrvKV52heHGnG1rSwmzphCZq2fhpocfrwoEq
BTzMGtZiMs89TMjsKx8d5jaqAxGYYR1mSav4WRcH6PCy
b5cdY9dSWSRPgXUdShhiEgKjmRgrB7tfLyYLsRbntwn
6SJhAA8ywssqDvyenMYNWzsoRMtUkYPpZAQkTTUXCiGL
u4YS1xVsB82KciNHNA9cYh65NiJRXsDYwfFrBHQP737
7yB7L4juPnXz9f3xiYrmGGcqrf9SQP1wpp6aM447GDXd
3DveRiYutAujbvcghhBP4MbcmPxm8pX7AEY2bgewpewK
5jbeLBCpRqwhM12ZqYbxBYd8Z4g7TNouFVjnQFSNTCmP
3wsuJn2Si7GrAwX3kFZNBVeuEeeLqaJdLVqzRpVLQCoq
HSj6AvcMz4VLYQAnwaYZZYoXCQWackVr1yVQShDzjUFE
9g3fLWGxXhg6kEXHCsQL9stGzF7k1EFCnp5EnYTiikmA
CTBVr9GzLZCzwb7ngqNzBANwGXAPPrKtKUtUzqFmYTSx
45MqdMPXuNvuGzAe5XSPjyEzd1bwmN5ybFLpSZtAqDv4
HFjuGJQ8WxZBC4PsG5btawRT2ei636HESkQAXDxYUT3s
ABTDswqANZ7wVbupytyZmV8ZvtnwQ7Mbi4PtnCYajXk1
Ew8ZH5rHYbdkPxppakAntqyri7rS7nmfUfqfZnVQK71P
DZyfpxHuZg6HyKPkjCN6yswprP58hzgvKXbnfG1d5esF
3qkYFM87EuvNwj9bpycRoRq8D1eKkhiiKCbDTr4ofDmn
9vWEoFMDDoniF8TwbUssNQMxrz165X3Naoow1ee7eJfC
3drdwn51Hk9xGYaiqDMhmJioMm1xUyUUC3C8FNs2iqbw
EzDmXqENCQZF6gWdPTkVJC515FBJPkBckHLNcaxTmeSi
3paEsieejH6FS1wM8dMe6k9Aqnvr7qEzgznhYosHv2rN
Dvcw9JFTw6z2ppXtX7Vn4Hvwqkhb7YKAMjuh1Z1db9vK
6v5XQUXHZ4pj4SLVsRx7JocAbUUFJoXFu6UM5a3KhuX2
C6XU3daCkssDzMxhoNvkdVmiK4ctKD2ybPudCtzrnjNf
