3Zwm21VB7SYtYmVn2PnVj8qzzXzfAeoAifSoWNL7XZor
6dWYKwXPMgr9dbsWsE8FgsTHgHudFaF8vvaQTvYcHnn7
AgPhAsvcwPfT8bcAQxfyvymHdS9enkCzHDZP67ihS5YM
EczHAfEajWAwvFQ6t8ns9rqxCr5XQMqqfbZxBBJBZByh
3eucHmLaRJzL3d3rzYx94KvxcVhR4ESLo9R9hhb5Snbo
GDfpHNgFZB23Ax8MFXaQ8BAFBEfrf6MaHXLCM67UErhJ
FEFpCkrg3gGRU4dFDdeqvfT3Xtvt1h8Evksmi6F7kaNf
DKB99TnrHDoNPa2fqfbmrek8MyZdstpk61dae7SxgzxW
HHkbYGkcS9Dz9g1SvxrRSUb5ibiM2mCircigQqYqPkqj
B4rgw12B8zqseHTtDMSDR9Ad8Qsk1Qj35xx63wAkMYV
J8gN62oYWN5JYY33iKQmx5LXGqX5wZZJ8CReNkQMCXSQ
o2Aug6JB1RDFk7yYsf8QCjpWo2WzgwFkM115gtSJU8r
Poc3F21LL6fiHG1Eg9StxqHcLQ9BYreAhzXfRjY2Am7
GMsWMkNjBTmehwKsSkk9hqaRWmTi682DwrADihyPcjcb
Ab4ZrZjVR55EWrTjzeCwEJSVuUrmotM55wciF9HyFkdd
CDa3JDeXyL968gd9uaBU4szJZVR3cHSArZ42kZn4khUb
7srUnsGigLyApFwxw3MgNawzDrEkDYpjZtoQvBi6ayeU
E4Ao1rUU6nmLVLniY8EJMXkLzxSE2qncuoNb3cAuNUAe
E6cf5us72RkxYu8hSUX1GNb1smNVAJhtDd1Gyafzb6Bc
33apeLJZtc7FvMqWoLU3yWupJCN6ijGkKUD2gUmjhxe9
51oET2dy4vCmZ1JMGYR9hbsvsLng1vcLD6z2AZp1uq1j
6DNn4M9Sm4Tt6qTXCjmmeMJ2QBqeQAwSXwKBEHDVYhAm
crpQUfqtr42Y1W5LgZjvjVnEo2nsmXhSuZ1EyomFCDj
AcqArvqhr9i92Gp5URBcosmzYtoMHMrYz3yiQYEP36Hp
4cKqqwoADnQVUAapaq1CrCwpBwbvCSohZPzB8aHooJjk
5MC5gpRxnoZi5MMmqjvTTuWsyqQG5nq3w1ghwqUszpg3
4eg3MW2HpGPaNk6dHj8RZ2dZhzYC4NxpRRaetFsePHa4
8kX16Yj2WBCz1sPXcimafGrutQkw3s3Swe9sR3gt3cC2
H3MJk3oadxydCecsMWhgSeU2TjB7mbMUDTnVbEjuQBzZ
5U6tEw4aDK1djxxgNV3URWm8aE2PTsMDh3EpZNHxh9AU
