Transfer 1 tokens
  Sender: 5RHqqw1mfY1rxCvtRvGaBnm2YyVjYeyw8zpHAYsyMf2z
  Recipient: EczHAfEajWAwvFQ6t8ns9rqxCr5XQMqqfbZxBBJBZByh
  Recipient associated token account: Drc7CmkF7fjKks21X4FrDN7h3EndBKTJZnnJbcyFvGkP
  Funding recipient: Drc7CmkF7fjKks21X4FrDN7h3EndBKTJZnnJbcyFvGkP (0.00203928 SOL)

Signature: 2qLnU7NxCjXjbhxL8NDgWqaEKZs31n8daX7Ny9krTuRHotLZKW6JczzCkHwGiQ4wjszN3pN6FKXLWH8usHcfym4o

Transfer 1 tokens
  Sender: HAJ88p2kHG98oynzqSqqMg8kztQLiw7HVgYttchWnHcp
  Recipient: GxuSFHonL3fBzBy9WiLrQERFTs3PdQxQCz7St3zpJvVQ
  Recipient associated token account: DpvVmQeEoZjmLxmQ2NTACcMM1MdHeqVJphACCWEHoi4D
  Funding recipient: DpvVmQeEoZjmLxmQ2NTACcMM1MdHeqVJphACCWEHoi4D (0.00203928 SOL)

Signature: UEVKS5N313cDUCSKBW4iq9rjB6Fr5vKKZUpkmoCmth9a5gW2bTot4MmK6XYPFPjqCcHdTqXecMCNprrdvnSeSHo

Transfer 1 tokens
  Sender: CqK3tmfCkGA3rsvLuPPaGjMwrqWv1quZuKUcWya4iGfe
  Recipient: HyJGn2q8vgYCH6urPsQXwxu6W5DqecVvBNTMU5RnnWrW
  Recipient associated token account: 5dvLJXFz26JfNL6CoGHuAzs84FUHRroLmRGQuyTxW1nV
  Funding recipient: 5dvLJXFz26JfNL6CoGHuAzs84FUHRroLmRGQuyTxW1nV (0.00203928 SOL)

Signature: 3vFZraawWTjypJkjFKPQL3GNPkQRGWa9rzPQ9xYAkWFJ48yBsFvC8JuVtron1BnaUjMgiqnAJseiRYzrZZYP4HxX

Transfer 1 tokens
  Sender: 3nfDaHLUXDEgwbFe8saL8kHKnnTWavVpY5Fup6FEF3Ub
  Recipient: AEUto3eFWHLAmmVRq3Vo2fmHXwte525jQGG6D7pN4RRd
  Recipient associated token account: jLMYaxiNP579GzNifi5dVJPvwrpCDpjAXyH7T2XpkYD
  Funding recipient: jLMYaxiNP579GzNifi5dVJPvwrpCDpjAXyH7T2XpkYD (0.00203928 SOL)

Signature: 3H9jTEGfZv411otvRVvjLMaVkZdczbPB1indB1i5nyApnP8czZZBfnvF9QcREFvi9YMD6jdzHm6ZjeiCN8hWgXjj

Transfer 1 tokens
  Sender: 4ovtTpsufkBuxRH7AcQAm9FPptF6NUrL1fVMmWjGumHi
  Recipient: 2pQvQF2WAZ7ZVx78yJpHyw3nVHM2kKAoZzve29yFrqRi
  Recipient associated token account: 3X1EjhNvAgcpE3YHzaNXVUwkrANGtN1bBrWGuduejn1K
  Funding recipient: 3X1EjhNvAgcpE3YHzaNXVUwkrANGtN1bBrWGuduejn1K (0.00203928 SOL)

Signature: 2BxAh1xqaLAKVPxd7epHyqdmMMkeiCe3MFLTES6JNKWyt1QhB4FCqR35FhcJQyWaaAfi7takJkzk9B2DMBF6qyA9

Transfer 1 tokens
  Sender: Gr9b3VN7yU2SPQxVrQBVJ7XzUKSzcoubwNedta52ze7
  Recipient: D1YysSgs1ZyqPogHGo6MyBt4iCDRzPwTd9g8ywFU8kbk
  Recipient associated token account: Ejng8zXKVga5KMaUJmFrcJZzNT2vuR2eeo5qB1Ha8hVv
  Funding recipient: Ejng8zXKVga5KMaUJmFrcJZzNT2vuR2eeo5qB1Ha8hVv (0.00203928 SOL)

Signature: 636Vm38KnT4rXjkvjKgrMRDmkc85xBWhJNho6vUGSfnqddHAtsAq6YBYyhLhxUyRuWbXYBzRo6iWqQr5Upvv5B6t

Transfer 1 tokens
  Sender: Fby2o1ewpgwtMzhU3RbLtDTr18VKmj7NwMVK993gx6Vi
  Recipient: BVFTQzEas8kMPkcugksaTTuLnQJ8ESxtLryk4ngdyvjU
  Recipient associated token account: 4nkGV7jpUC6NHTUqQ1iwU8HRT9CSSePJ7YJHce7x7JVS
  Funding recipient: 4nkGV7jpUC6NHTUqQ1iwU8HRT9CSSePJ7YJHce7x7JVS (0.00203928 SOL)

Signature: 2dgAVAx9fvcmWsKXCM3qo3htsjrdbvABxWrTA6xWJ4duCyTQtYYC9y4E4c8C4dcHHMkM7dHS7JooZ1tw5nfyTrM6

Transfer 1 tokens
  Sender: Ase65KNk28bdeFzYouq6j1uBnkVbv6RwvxsDngGJ46GD
  Recipient: CkMFDbNEwaNiaQKaq6uUH3hmXp8oQKcGy9cT12F3xNLn
  Recipient associated token account: H1J79LAhXUKwxroQSNetRGV1Jfxh52HZiEmN8cKZt3kk
  Funding recipient: H1J79LAhXUKwxroQSNetRGV1Jfxh52HZiEmN8cKZt3kk (0.00203928 SOL)

Signature: 3cGBkStXZ2qiVFasV6m5vpZdrEuRdPHb8zmqiyga9MyDmxENv35h19rRCUxNfAv6aNZY7h8Gnr6AbWu4xpxNHsaV

Transfer 1 tokens
  Sender: HAM2QWzYjVp9YtJSZcJMsfYTXpwq2rTEsNefQ4uo59Zu
  Recipient: E6cf5us72RkxYu8hSUX1GNb1smNVAJhtDd1Gyafzb6Bc
  Recipient associated token account: CPzp1jm9em16D4Nej2Z7MAcKD4dX4eAWeCPD8Ahxzg6M
  Funding recipient: CPzp1jm9em16D4Nej2Z7MAcKD4dX4eAWeCPD8Ahxzg6M (0.00203928 SOL)

Signature: 3NiHvE1h3Y55LAzs5S19Rgtxnhp6j4KXkGRbnyrrxHoSyt3Lp6gKadFgkbrbuKNbNkfmtXRZeCWDDV4EHMGLUxoW

Transfer 1 tokens
  Sender: 9xeX1vmTG9vehSKZEJvbfah6QM5VmVhbJvrAcLBDyKh1
  Recipient: 4ja2N12Zczh9K25zGFTfao6yPdTZSfA5Bw4QueSmQCYJ
  Recipient associated token account: AKsdkrd3mXXfsSKaCwDDR6VMaNBsDUxgkkznecP2HB2b
  Funding recipient: AKsdkrd3mXXfsSKaCwDDR6VMaNBsDUxgkkznecP2HB2b (0.00203928 SOL)

Signature: wzxyBifEtkk8nKr47aJFcbcqTPotbAqUiUNbcCWWyx4iux76HzzRXfNnGZYvtpwdK7Y7Ri84Vu9oXg33cuB2YMN

Transfer 1 tokens
  Sender: 4MunwyJZEzcHm3hF6Q7qtXK71B8hR835GgonX9qnC9FE
  Recipient: J63PQ61AFhZXeupw9j5GYY1aEuR3R6BnAbtfqqAX6DQw
  Recipient associated token account: A75RA5Yu2nhaU6maQWLFAh5UU23Yxy985e21tqi3XoYD
  Funding recipient: A75RA5Yu2nhaU6maQWLFAh5UU23Yxy985e21tqi3XoYD (0.00203928 SOL)

Signature: 3iKrCGzTzAvzEhX695NdQbZEQKoc12qGFpbRYbSKDpLVhUqn7SHzzsEVfG7D92CmKZnT5cgmPiWfi5WkUH5uB5WT

Transfer 1 tokens
  Sender: HyxfCjQSaJsDVfd5Ers9E9KpCuBSspniXuaBCkpjUAKy
  Recipient: AqYdhTnwzkWtcNvAeGmWwtEmyALUx3gXaRheykSL4Nd6
  Recipient associated token account: BMVdHfc2dGd6ygQdyS3gS2pGtsgMfuL7WreAJGDcHQUE
  Funding recipient: BMVdHfc2dGd6ygQdyS3gS2pGtsgMfuL7WreAJGDcHQUE (0.00203928 SOL)

Signature: 4MVVYe7MnnJSSMwFXsdvkPYZsh4P2Qt7riD2bP6Y5LXALWc5WoTWeggGywc7Fyk9ewEQJjmguGckhugF5jRwiFkC

Transfer 1 tokens
  Sender: 5T5wMCVaPUeycqLdVfbSGPWL6A3hMLQss4rbo6Szx6M7
  Recipient: HhYxTWwLmou9hwixE2j7WApusyYtZ64i5HPmYk9cTbHj
  Recipient associated token account: AU4Wq8MD9GNd7w3NWPXzfoGMUPCipc7VaK42YKCspGR8
  Funding recipient: AU4Wq8MD9GNd7w3NWPXzfoGMUPCipc7VaK42YKCspGR8 (0.00203928 SOL)

Signature: 4w887f2h9bWb9DkxDFy1Vxm2c6yd773Mjb3NBXfxfWWAmDdazddjXZCpNjFh7riUdqc1PFLgJ3J4QZ37RXJSgPrM

Transfer 1 tokens
  Sender: CivZZJ8249qywNWGGBv1wjtMcFPzP8a2f634RczPTnUx
  Recipient: 4mjHt3pmKZkY8tr7ayT5kBwcmMpK9W4rVwfU2CjBUz86
  Recipient associated token account: AwFBtDjPL1NN98v4N8VRKxuZMooBAo2vxk4xc4QKDggt
  Funding recipient: AwFBtDjPL1NN98v4N8VRKxuZMooBAo2vxk4xc4QKDggt (0.00203928 SOL)

Signature: hzBYREs8m8b8PAnXTeDZqcDi7ssZpFJq8EA5verq7EQAgxWCvdAH22fXXD3JNsdwWo3SY5w5d6ZdCT82HNJYjon

Transfer 1 tokens
  Sender: 9YGxfQnPKzosWocJo7zEE76JjJAQCxSQsun4sNrawwM3
  Recipient: 4k9aBR4iEG4VnZqZ8kuuPoh7NhAymsnAyr8UvyLuwwFG
  Recipient associated token account: 6yogX7x9t33TsHSWYTKntNWzR3zZGmB2K9emQQNCYuKc
  Funding recipient: 6yogX7x9t33TsHSWYTKntNWzR3zZGmB2K9emQQNCYuKc (0.00203928 SOL)

Signature: 2FzXf3mKoTY16zGkxsP6Z8fbvk9KbZkjBtdw26UFQwVQXLqSNBCrqCiFXjZotFgavQqBcWtKuqgosszGTeYhTgs9

Transfer 1 tokens
  Sender: C18dSYKFJSB1GkpTbYaGvyzrQPMnoXgKpPvm3mWdJnFh
  Recipient: ACvPUFsShe2hb4ydNhvfKwcWMPBaE9G1XfNXNZGkScAr
  Recipient associated token account: 3J2DWQzyWV4PtQ74fc4zJvuKkG6uVnJxFApzJfHxhVSS
  Funding recipient: 3J2DWQzyWV4PtQ74fc4zJvuKkG6uVnJxFApzJfHxhVSS (0.00203928 SOL)

Signature: 3zSmgisXoCTF6LBtw2cP2QW9bDrcPWyGVQjU8TWkEjubyGtammqVw37kFVCTxzYpCFeNd7eEZrbcpyfz5ZaqzVGi

Transfer 1 tokens
  Sender: E9DURpUg4oGPV5RYLRY5fwTEFXYCoeFo35LY8NJXAwmn
  Recipient: 8xnDiEEaExducDAizz1ZFg1cDL6F3rEiG5r3V4g1AxGQ
  Recipient associated token account: HpPx19uG7MoPiJyHX88re7Z7vaQbAy9orDhwDFrFdThE
  Funding recipient: HpPx19uG7MoPiJyHX88re7Z7vaQbAy9orDhwDFrFdThE (0.00203928 SOL)

Signature: 5X15fZjphkBRGwQdCa47BDZzLXnSod74f5wVx1sM6PR4h3nyn9SLKPcucR26w6PBUTyXCmRSZXPJSNHCvrqiPLMP

Transfer 1 tokens
  Sender: 6eUghEx6QTpkwUdWYdxcQyVoJkxNnUCdEbo72Y2vm4Zo
  Recipient: 7KbmFStnBVAUB1NRKuNFdhzXtj3mfAT4jHLXoFvFFSaS
  Recipient associated token account: 7tpAgR9z2ctmU9fv8mYTGqWv13K9SaZtVQZRC18NnHTt
  Funding recipient: 7tpAgR9z2ctmU9fv8mYTGqWv13K9SaZtVQZRC18NnHTt (0.00203928 SOL)

Signature: vtnw37MU74bG8b9PPqcR5KHjNYNtx2qTpu3QHyHiEVEsvtFugjseJ9ryEn5fhyAn6TFDY9sNBDQKuQLMJK5jWp5

Transfer 1 tokens
  Sender: 3YtXKd5jrPaw3xmwd92wxjvvC9r2Hm756D2w74GgKNA9
  Recipient: GsmrTBoALiurqDsxcMurQK9EN7pDbi2JewoDhJYH6Wxh
  Recipient associated token account: CxH1aTCRSvHi4bpY7H8GMqNLKvoR3SbbJCbokcDvqpCM
  Funding recipient: CxH1aTCRSvHi4bpY7H8GMqNLKvoR3SbbJCbokcDvqpCM (0.00203928 SOL)

Signature: 2ejsU8oHGsmtTmPXUsWmNoN3Zd7xhwbtzdhHAS8HC56m3qgwDrDEDK6fLYiRn4KVeZqSVAoJhGacrRk8yS6AfULB

Transfer 1 tokens
  Sender: DrNuM4z8PygYX1fs2HGt6X1HsJBVk9FFE7MimhnZLfAP
  Recipient: 9mDT5a5L4kufHPDavPnSN8y8iuRZQW4nSAAoZzGAVEtG
  Recipient associated token account: 9QMv3he4WVKszwuSEFLfBkvLrwp9YR4EY15GTcbNyDzF
  Funding recipient: 9QMv3he4WVKszwuSEFLfBkvLrwp9YR4EY15GTcbNyDzF (0.00203928 SOL)

Signature: 4WY9zjwLMVypu6EiLHaWaxADFxW77r2pb9d14gDqR2GsF75xg4qh9ycCMTZGjE42YExSsRMgqr7NbY4rtCouJsYP

Transfer 1 tokens
  Sender: 697fiovFEtv5Y4dp1uBKD1MHC67qEwaftH4xdQShEDz7
  Recipient: DnnorzRjfuUDJrqoxdBDzVUBdTNakUdMCaYWDJDLgNSs
  Recipient associated token account: 6c8hFaDJ2Lw93sq89Q9WB6zZAhera1xQQSzUxemQ4fUW
  Funding recipient: 6c8hFaDJ2Lw93sq89Q9WB6zZAhera1xQQSzUxemQ4fUW (0.00203928 SOL)

Signature: 5Bb1AUJHmwRHJraAXuedfm3U54amJc7XH6xtRPbgrX8QPXZcrvebxyS7mMwATNCyHp32yznbB3fHCw9BDdHD6fEu

Transfer 1 tokens
  Sender: wAVstHGTvwuEpC81Yi6aNoQ6M2ect9qYfRx4UtvXAeg
  Recipient: bae93fAqQRbzRBwLnC5ZeDt3j5uX23nD62B3pwvpgXB
  Recipient associated token account: FswzM2a67fx7RbcZVHYi8kNPCbftxiAzn5q6fadMkS66
  Funding recipient: FswzM2a67fx7RbcZVHYi8kNPCbftxiAzn5q6fadMkS66 (0.00203928 SOL)

Signature: 4kGagW9PzxrSRyUVi5tG1w4xwfu1J95GmaY5tSXxYJHMhhv4ekLmAUUqUHEyfk7jkDr2Gzeqdt4tJSocUqXPe4rW

Transfer 1 tokens
  Sender: HAHkhpZiu7prBqRfmSjKXb9RzD1YVgTHzgzZWiosXKAa
  Recipient: 8WYRXiQXQSoAMw8A25HuTiTmkg2Ax5YTaBxmHZk6s5LY
  Recipient associated token account: 8mSdYjnyn7Jii7RPpnZnvUpr9md6s2McVJBYLbVn8wLi
  Funding recipient: 8mSdYjnyn7Jii7RPpnZnvUpr9md6s2McVJBYLbVn8wLi (0.00203928 SOL)

Signature: 3wtRBqkWAefLu6YNZpj5v5FWScKpcAavBTEpZop2mmsh9CPqFLRr6ij4Hz3ukZm7MVcGNwpzmR53RcCJ48EjDpoR

Transfer 1 tokens
  Sender: 6ZiNRKd8W1cBRVZ1xfEtshERiCtqFrH3qYQtdDUn1BgL
  Recipient: 2F3pCR6Ju413NwpsC1knkXUu5WEZCYCJfN21yGcWwUZU
  Recipient associated token account: 6maGocGmo8DBUfgU7WxptoGRfYs9BrB15THYdwSw2Cn
  Funding recipient: 6maGocGmo8DBUfgU7WxptoGRfYs9BrB15THYdwSw2Cn (0.00203928 SOL)

Signature: 2BQfx1grh4TTkrmUJKheJMNxXPeB9V5DAsG6KtB4XMSDxS9c8j1Sq41VuYJGYv6rpes77J6JdFSZbhVP4uzD8F1H

Transfer 1 tokens
  Sender: 28wSxzHwp7FYxQMiFXPfi1aonE7j2w387zFj3VTDGN6T
  Recipient: BEivYChNwzFedVVfPqYk5me8gYX8ae3m4HKrM1zaYYPs
  Recipient associated token account: HSZ96sqeTvVCc1CfUX4i91aNMccRwTBYquDC7zpQ77rj
  Funding recipient: HSZ96sqeTvVCc1CfUX4i91aNMccRwTBYquDC7zpQ77rj (0.00203928 SOL)

Signature: zWeHZsbE1JqeFuPRgJoJxccYH5JZrP3X8LKNkoNNwkHRmPisu7C34XQqPZY4nj5BUEqT3bx4UjUM5Q9963BiHvx

Transfer 1 tokens
  Sender: FL6QJhacjhtUPxrx1drAMotDDqngw6Zp3zWugiVyJZhd
  Recipient: CvVWriGBmTsq91AJCDfuBWfNrvCtjbD1otqXJrAtgksG
  Recipient associated token account: GcqCw7bSsJttkqq6cSF8kSPMSucRZRSEajAq8yirEFeT
  Funding recipient: GcqCw7bSsJttkqq6cSF8kSPMSucRZRSEajAq8yirEFeT (0.00203928 SOL)

Signature: SVT1qzwGWCopae9f5LEsw5J3HwAvzJX5w8YnXRVwJLym9YjCkPJeSdBhcnDdyCKyULkNkcGr8dgX5PJJZ7Qxnid

Transfer 1 tokens
  Sender: 5LtJefyut7PxFxPaaTzEY9z5VyXjxJDBqz6o33Dxk1Nf
  Recipient: HRi6dumHbvfhQ8wwZNxzXcdLxbQDuetTS38fVBgkgdyU
  Recipient associated token account: 8VJAPXmNeqSAzk2HwakGKknZ96zZz8cUpjQkUF5Xezj7
  Funding recipient: 8VJAPXmNeqSAzk2HwakGKknZ96zZz8cUpjQkUF5Xezj7 (0.00203928 SOL)

Signature: 2DS5rbwuiqES2o45vGpQuT2hxNiGugdikGWMoNXSccQcgtYz6Fs6poK6ZmUBrexX9ZiTwxySPgMz7A66Dmq7CJeh

Transfer 1 tokens
  Sender: C95SCh1vKHGSTQsCa3Nf8Q4fHAoQdQ1TsmjGVSRA6ZwV
  Recipient: DWYyT5r5bSjfB2bFc8sXYtFwRJ97iU6Qdn1sLkoh6JnG
  Recipient associated token account: 3dronGAQ4B67jD5p1rc8R4ym8DoiUSjFPvJ8JbtABxg3
  Funding recipient: 3dronGAQ4B67jD5p1rc8R4ym8DoiUSjFPvJ8JbtABxg3 (0.00203928 SOL)

Signature: 2FAxoshwoiFwRQaNHxFQFSuKdRe4hvGpEtSD3bEaiGnt8zhr3Ka3VJLfSKvkX64zUxe4ufgrmRpGvP2bsDbk4frf

Transfer 1 tokens
  Sender: 4pSXAmoACqUpiGkiAM9CkQXacfyRjaQpAk6ohNENQEEb
  Recipient: 6ve3jPaGtDofMjest2QckvY3kRynYTobADEmeoZgvaEJ
  Recipient associated token account: BvPKm8yjamjzacbdy4UgD5A8TptKR223yAy1oZ1YeLP8
  Funding recipient: BvPKm8yjamjzacbdy4UgD5A8TptKR223yAy1oZ1YeLP8 (0.00203928 SOL)

Signature: RuQnziJ6UoEPEdGTTQ29vs8NDGd7hMGrnqh2KDCPB5jLfpeaukMWAAyhw41qsN5DPUcRVkPR8dZukn4zBVMbK2w

Transfer 1 tokens
  Sender: f4BdAYzXEXDhV9oKzUCJX5uKdbRKcFp6H4bqKQpKCVP
  Recipient: 2pVuK3Aq3tThhXDsW548t5miF9AsR8DCFmpCHjEx6mVH
  Recipient associated token account: Gg8TDQKpREz3R7ix4vog1Qcv76qVqgF1KVXBzjPwDHCt
  Funding recipient: Gg8TDQKpREz3R7ix4vog1Qcv76qVqgF1KVXBzjPwDHCt (0.00203928 SOL)

Signature: UBaZwNZjZpYw7aNK1CySGcKhjBkfRRvroYHxsdZ2sSiX8VFMNk2FMBpnqGxbBwq23HBYJcwGVuv18rjXNkNVzUW

Transfer 1 tokens
  Sender: APadtJQZNJ3F7eNNCPgeQ6PJ2i6eD6kHfaEphiRmjAhc
  Recipient: DJqBpEZrZBnbTwSCxuRwsb91fpG534WmFeDJZyag4d53
  Recipient associated token account: B2EMHogGNGJn5YhCKAhj6xtwD2ufPu99ErZk3Kof6WsA
  Funding recipient: B2EMHogGNGJn5YhCKAhj6xtwD2ufPu99ErZk3Kof6WsA (0.00203928 SOL)

Signature: 46rpiLrfnzoyNGtd77d1XsWWsmZXasaw5GVm6N64KZ2mq93VCWzUkj4zCe9VChrzS6N7cerX5ZfpsN5FS23q5hN5

Transfer 1 tokens
  Sender: 8o6ytCDZALoPnqAyugfprS5yDmbaCkhpu4MZqfWALbPP
  Recipient: 4LBUPX7zfGzqdho666K4ueu9kipXkQFoCpNCYmQwdVmi
  Recipient associated token account: KYfQtUUpT2UHJMHSDrCME1GF8X7ZDRm5jcWgdjPnsrb
  Funding recipient: KYfQtUUpT2UHJMHSDrCME1GF8X7ZDRm5jcWgdjPnsrb (0.00203928 SOL)

Signature: 41b8WicWUtuAEPpWVxGfBESC86efGtMx6WAc2iHjgMAboXym5p8qZvrHeijkmCW471m7hs9VhjmADPeRPNwT8k2F

Transfer 1 tokens
  Sender: DuwFx3Zt3rsSdai5muKgV4L85tHYiZM1yBMPTtCZEiXh
  Recipient: 6rgBSkpRoUEckzfev7i4yqfdeLkwXPziQEbakZcyX3jZ
  Recipient associated token account: DhjxJjfsjUfLCuZzHoVDTe5dZpNsf52MnNQKx2nVutz9
  Funding recipient: DhjxJjfsjUfLCuZzHoVDTe5dZpNsf52MnNQKx2nVutz9 (0.00203928 SOL)

Signature: 25vSYHaHxbEzkfckSY1P6BJzqnPDn3EWP1LLGLxfsAzUaAVUKzK8YRoy3iymQWEPTqsdxYncPhLWEdgydAB6rewd

Transfer 1 tokens
  Sender: 2WfhfiyRDFjRGZSsKUSDex9xB5pQW5wUMSunTVvSpk4b
  Recipient: Dqw9ywsAz6yvvFFXh3qjAzM2M3hGxGUnh2Tyx55pf9ZK
  Recipient associated token account: dsCps1LdRtEhQH9sJCNcmE1f9j8MtQJXQuHR379LkpF
  Funding recipient: dsCps1LdRtEhQH9sJCNcmE1f9j8MtQJXQuHR379LkpF (0.00203928 SOL)

Signature: 5crDSURZ5tgLjYPWS7KNN5A8YPDXuDmctgJH1efNRJ3sFkvwSmZ2hp1F7ePAZrdp5aEJ3HD4HBKbcafpcAQYno7P

Transfer 1 tokens
  Sender: A9HQqXGLxwcdPeiGrEuNsQxMktAnh2JmE1d4M2V6sAWA
  Recipient: 4oDdKa3Y3HzXLiZyJAb4rymeqCCkNaPwbUj9Rg49eQnQ
  Recipient associated token account: BhuWeUa1GVF3REd1aZy9HbRP6NAADF4uhDmLT3LKBw5D
  Funding recipient: BhuWeUa1GVF3REd1aZy9HbRP6NAADF4uhDmLT3LKBw5D (0.00203928 SOL)

Signature: 581PKtie2wiogTMSmNU8X5aBtrZfWiTwveMCLH99r8qfDTPMzNMhphHNqJ9b8fUTgiBF5yAuRMsRHFq5LF7XJavM

Transfer 1 tokens
  Sender: 9j4jZ56qzahhLWbfxMY5skhK3Ks4Add7rWi7yBvCgSwh
  Recipient: HFwBQzvVe8qz1M7CxvxQPRtUxJ7zxwLg24TpABcWYTUb
  Recipient associated token account: B25S2wcp2cAxhtjTQd8t6yY8VWS1ry4a3fkNrSMTMMiv
  Funding recipient: B25S2wcp2cAxhtjTQd8t6yY8VWS1ry4a3fkNrSMTMMiv (0.00203928 SOL)

Signature: 2E9VfwwtLbeme2x7e2JGE8pgbdvrTtSpv6AsU5t4sGjrMzWksRfuR27itDR9bBhQo9YnvjyGTNWjpC9Mk8kbdZH8

Transfer 1 tokens
  Sender: 4iyYBpWDUN3WxrNKVJiNoLVNmpJoaeBQQyaM3t4eSv6y
  Recipient: 5ZoYmZNRHF5v1AxQeincut2dQJo67ceLhK9oSB3AWZWQ
  Recipient associated token account: BivDHy7AReBy8Q534Z7i51QGLCbSbQRxAABasU68rEFq
  Funding recipient: BivDHy7AReBy8Q534Z7i51QGLCbSbQRxAABasU68rEFq (0.00203928 SOL)

Signature: 4cPHou76LgZdrWn6FHs7wWWyGgkYqTWpXzoYkuRNR7yxB7rQTNGpmo79Edywzf1TV4grRNK5t3ydirWG2DPokaRb

Transfer 1 tokens
  Sender: GUcQ4fWWMy9HswhRwqBgwK4p3dubL7RjJQ9rGQtFjhNx
  Recipient: 7DTsm196Dn9rky1LqEiQawaavSEC8cKJiey8fo64BhB4
  Recipient associated token account: 9oahDG49T2Z47X5Hma3YQKHVwkjxZ3eD6NMAgEKC26zJ
  Funding recipient: 9oahDG49T2Z47X5Hma3YQKHVwkjxZ3eD6NMAgEKC26zJ (0.00203928 SOL)

Signature: rz2usFDDS2ZuYWaJeeTFxintN48kcWLnQJPNYAuNnYmLniebDAkoaBdQepWomqhaLbjJDekN5FdxR1t8Hq94T9R

Transfer 1 tokens
  Sender: 6XCni77U5UZmH7XuX6oVYwLjQBU6Z1vkZ9UHYpqJvhmb
  Recipient: AyCkeo4nPGqVmEagSspU7oN5Dmq2Lnj4kGBa9Q9nKVpX
  Recipient associated token account: 7AZqUNYCxdFQjBvZDeic2dHSuEjW5QxTrbGXnpEA5ZSx
  Funding recipient: 7AZqUNYCxdFQjBvZDeic2dHSuEjW5QxTrbGXnpEA5ZSx (0.00203928 SOL)

Signature: 5L7Z4d1x8BwhyK9HTo8Uw8PkHz93sesV2fVSsCiKnQFpVDk6ry4HSMny9NzooyX5hCFK9FKqrKd9wXf6wxKqpzau

Transfer 1 tokens
  Sender: E9BHPh6oY6S2rEEWaiTUNt1qVAEBiir3GW1mvigga8V9
  Recipient: CzBuPFMJQbPLw6k3B7z7KNBwMWfJZZKTFBYZLhYB27N1
  Recipient associated token account: 5iqetSEpbYuhuCahwWMx8QsrEAbB1vJHJPniMqGoMdCR
  Funding recipient: 5iqetSEpbYuhuCahwWMx8QsrEAbB1vJHJPniMqGoMdCR (0.00203928 SOL)

Signature: 2ovR5akP6CpKUxkg7oJcBerc8R7ntgjhFdRLLGyr49Wf6McvRzGbntdiWbKfFn1DWBgmnG1U5Um1xbrrx9jGN5Vm

Transfer 1 tokens
  Sender: 4BhFFeqqnHk5dQr5UqKkhWkSoy1Fs2KkzeDJDSh1zKxd
  Recipient: 2mNq3AhQahJ3HiJVp7w3jVkog9Q7aSaXwYZXUhTxaNs8
  Recipient associated token account: 3pEL9TfbSrcSLTFGm6vR37YuWHgipktdeVWLDvXVXkNi
  Funding recipient: 3pEL9TfbSrcSLTFGm6vR37YuWHgipktdeVWLDvXVXkNi (0.00203928 SOL)

Signature: 2mYJL1u9ZsFRJVT2H25aRBxvtWaNHMtUMsbSfiDXrATUB6M6QNdhPoDThLhhHuMygRy6A814kypgb6wXnURw2ULc

Transfer 1 tokens
  Sender: GUc81g8YwVjqcAucgK6vz3FEVipgx2ucXnmu1F4pLJSN
  Recipient: GJ26FrxxtTwyAAXk3mVyiQmcKzrF1AmYo6xLhhLqcNwY
  Recipient associated token account: 3rjZeaysXrD2JmSnNjMAR2CYh2HDtUZSyxwrVxdpdUEj
  Funding recipient: 3rjZeaysXrD2JmSnNjMAR2CYh2HDtUZSyxwrVxdpdUEj (0.00203928 SOL)

Signature: gZ1wgEXTucCS6YXwrHMQ6K7PuJghebXx6e3ny4kyg8nM8ozPFWwytgy21KhPdPJspmz3iT5QANwh8sZBzebcP5Q

Transfer 1 tokens
  Sender: DkSspQU41SQpwSrmBp4YuFgFefZszys9J64Eg9j2mE1j
  Recipient: FxC6gixguqfSM9bY32aGkoXxBW9Z3bfbH19T8Ydykmj9
  Recipient associated token account: 6UWRaDw61arE5oHKerumsuZPSzZnVgxAenpNeQWR3f1k
  Funding recipient: 6UWRaDw61arE5oHKerumsuZPSzZnVgxAenpNeQWR3f1k (0.00203928 SOL)

Signature: 4syTik1Gvhi55eJuarWi3FjzsXeBYU8Sd89tEYR4BKR8fV5gSvSuh1BHxdVq8aCdxtszrpuKxrPXopN9JiKxvSHs

Transfer 1 tokens
  Sender: GDX7bDJzxd4diLt7GKzkiBoqB5uXi466jdcMqoyfSXFj
  Recipient: 51oET2dy4vCmZ1JMGYR9hbsvsLng1vcLD6z2AZp1uq1j
  Recipient associated token account: 3RU5MvMkSCxYKdeaSvidrtxjyaWHMfPnrAV7mX1wi2PL
  Funding recipient: 3RU5MvMkSCxYKdeaSvidrtxjyaWHMfPnrAV7mX1wi2PL (0.00203928 SOL)

Signature: 67hufjXVFEkSGdUweZbJ9fvpZGnmqK7tX7h6ovBUSftL6H91aBjWrFebHCBxovaKUdUQ3AAquYgjZeyS2TSZoVnH

Transfer 1 tokens
  Sender: Bz5pJiNanrtVbsBK91ek74b5apWeDS5BfeoLnnsWNvYE
  Recipient: CLLcegefmgHQiPyVwuCpLM5TuxRirxYgCYCG94q81RXM
  Recipient associated token account: 4QDrjdghqfCM5DLw5LLFqqSgu6mpg2GTGffSHUPWQQVS
  Funding recipient: 4QDrjdghqfCM5DLw5LLFqqSgu6mpg2GTGffSHUPWQQVS (0.00203928 SOL)

Signature: 22683y93BSQAd3MtrzZbPyKPh6c8JeYArVAnC3A6WaoRqkxRTtm31jmSVtgMxEnb9RB3chxTKBVKDYzGf3rkBvmy

Transfer 1 tokens
  Sender: HAC1nQeWJNZz7bm6pfHnmk99RZE1u8z4snKEWMEPA7Vx
  Recipient: 4gCRoE4M4yKGAV2KwkvuxeeMkv3PRkjrphNvbPNv1mhp
  Recipient associated token account: Fj8RBqP8vTohfDjh5dKovpw4GQ1FhWJcYyHfFhXsQh7w
  Funding recipient: Fj8RBqP8vTohfDjh5dKovpw4GQ1FhWJcYyHfFhXsQh7w (0.00203928 SOL)

Signature: 2tRntub1KYuxuuWGdeLiwdH8CQXqgKZMehoahB95UtXbbsc6tVKSAQKVw9V8ta4Son5i2uG3ZHrotV1ZQkRvGNKQ

Transfer 1 tokens
  Sender: 9JhNZkGwZZo4tDS5eMEBPWjktwAC19fYfdPz44VMRSWY
  Recipient: Cg62iH9s5gSmBdmtxTTADsVjZkpikdfUqZMtYVYwJa5M
  Recipient associated token account: 2MrQBTmimpt8kpM7wThF387wr92kiJGikFvWfoaRQx2H
  Funding recipient: 2MrQBTmimpt8kpM7wThF387wr92kiJGikFvWfoaRQx2H (0.00203928 SOL)

Signature: 3hTxM9mVwdTgZiRNkrY9ZS8XGYkU3QPbXVVg9d37kCkYMqaUWY8dhBLZ1yTRTtsW2jog2W3mKHsquKDv9W9x3KGY

Transfer 1 tokens
  Sender: 8frKLaJWSeAp7MwEon3TmuhVtMPQ81ntRtRzocbJaYui
  Recipient: EB4JmYU2Gd6ErMfZQJ6mC6nYTTcqahAB2kjLNEyRuLEt
  Recipient associated token account: 8dSU3MG3aL5wq85PCptNVzN1YZ8kfELiB2zNJdgap73L
  Funding recipient: 8dSU3MG3aL5wq85PCptNVzN1YZ8kfELiB2zNJdgap73L (0.00203928 SOL)

Signature: BRPDqUs7Z31Nw4aEP7n6Vnzbz3jVKmuhWna6wAKv5XFM9d9HAr6SrShaiinboxBcyvrT8zPCvCLkA11F98m9JUn

Transfer 1 tokens
  Sender: ALjAPcxQKzuHCbTYZ8An6Xy8UAewoUWTaoSsVMtxQzef
  Recipient: AgPhAsvcwPfT8bcAQxfyvymHdS9enkCzHDZP67ihS5YM
  Recipient associated token account: HQMyWDEi7VpiBMBfzsFwdV9GFbRZoSjSVZkfGirPu4Lj
  Funding recipient: HQMyWDEi7VpiBMBfzsFwdV9GFbRZoSjSVZkfGirPu4Lj (0.00203928 SOL)

Signature: 4bvzGrYVuntATCyLgpxSHHiSMawTpVkiXSTmpysrBFXNNKtRy8FzQ3hQHm7r5frqDJoeHBDG7XdcDyaURRnMHSRy

Transfer 1 tokens
  Sender: BdtHss5x3teQQ9EEtvcA6KhdQo71jXD6Bhi13sKEam83
  Recipient: F1uo5tS4JzGLKDQBhz1DdoyQf4oRjYcynHiCa31dRCrD
  Recipient associated token account: Ds6SPCNZ9pX68yeNrTYJnYWt67YYAxsgE2ZvQeqrn8U5
  Funding recipient: Ds6SPCNZ9pX68yeNrTYJnYWt67YYAxsgE2ZvQeqrn8U5 (0.00203928 SOL)

Signature: 5HmfadiRPvc5EShTa6oVR9MC2kfcFchxeapEs1nXB6opmo5pDjiYC1a4ZGAvSs7ex7yFKZZwMq36N3nEJANqYx3

Transfer 1 tokens
  Sender: Cf4xpjxAiwwJn6zgoenS5xuEnKbR5MRw1VKLZcMQJW6J
  Recipient: BEybAouvF3e3wxAMf2ivWAB3LeWY8HbMBv66NtocSV1A
  Recipient associated token account: DeiWZ5CU3pr5i4s55jPffqfQ2xgNE8gihQUVSbkwq1aU
  Funding recipient: DeiWZ5CU3pr5i4s55jPffqfQ2xgNE8gihQUVSbkwq1aU (0.00203928 SOL)

Signature: 22Pfu5g2wA34DLKk1T6JVHpbWcV8xwZRjwz1K3q3fDz43HKvjnVvzaEdcwqnq4sakPAQYRcaQvH6Q968rJ3yUZft

Transfer 1 tokens
  Sender: DF28Tc6k9s7cdU6srhS5jYe6kLqBF65wcnKRLnaBijoo
  Recipient: DZzNJpg1efrF2DPuv5AZnLZLq744pGm7PeFEEEvRPaUx
  Recipient associated token account: 2x8y3BLZFYTPer7bdvQwhiu9S5T8iorQVCmjP8UuQgTa
  Funding recipient: 2x8y3BLZFYTPer7bdvQwhiu9S5T8iorQVCmjP8UuQgTa (0.00203928 SOL)

Signature: 2SJ7Xuv6ZPfPkHkKsdyiUrNc8wVH7WwUASDj5M4rTRnG8q2iSXizJwE8o6vvD15wbiRxpNvM7LRCoGFCfXJkmdUr

Transfer 1 tokens
  Sender: GaLmEUhGm51yXbWtVaskJ4Qm6vYsxkSjJ3jthCAMfPDE
  Recipient: 5zMjWMkASUmAH3wio7DRLgzQXfmmhvxzo7WAbwkLoRwf
  Recipient associated token account: GFoywDLQ9NqBjhxvQ5ubnYcmvrrXs19QqJMnWvEXHMiu
  Funding recipient: GFoywDLQ9NqBjhxvQ5ubnYcmvrrXs19QqJMnWvEXHMiu (0.00203928 SOL)

Signature: 3EfFrPseazo3VJgCGxetEti1Q96APAnTs13bPN8ue8jZe7RVcSmU7Tz8Pyti7pjwcF4wx3kgpocQF3fWEMmCnP8

Transfer 1 tokens
  Sender: E5zDaN43kx16rGfpGhU2QgtKjDQfsXbYuhJY59tmYXaS
  Recipient: 6fwix3pay5zNtHt5YowadZEPuK4Y1wGbYFNBpU1CoUhH
  Recipient associated token account: 6uuampf9E8BhKxTKJR3D1E2hn28QK64BaCgc86Chy2uy
  Funding recipient: 6uuampf9E8BhKxTKJR3D1E2hn28QK64BaCgc86Chy2uy (0.00203928 SOL)

Signature: 2YX9zu6txa3Ut1KhC5786vNZoWSmg6k19Py5Mq1TK1bs5kLTabrPaobySQKED8uwuS1xwtTFje3Pdq5xam5isbgF

Transfer 1 tokens
  Sender: EuCEqFYbhPB6n4zdSHf3KDGjPLMPZWqk7CTeei8THJwg
  Recipient: CUjPQDJn7kK4Wtgg1L43Y6eRxJWrfLsxojhXub5UKWoW
  Recipient associated token account: Cj3TxuUkwxBy1xtV6HqohYUEqN8R7zFUv8Q7Zb3AbshV
  Funding recipient: Cj3TxuUkwxBy1xtV6HqohYUEqN8R7zFUv8Q7Zb3AbshV (0.00203928 SOL)

Signature: 2MrHdQCJUGqaEasAsqYh3XDCNn6MgaXFNdbN3NhzY46SiQfyw86FStrouCZW8XJpLm47GXmdSLEz3rF5fTBop2uZ

Transfer 1 tokens
  Sender: 5LWoyBrZkTL4stnq2xZh8wh8ECDpxK6dhYvWkwmkr9rX
  Recipient: 7ZpuSrxBsMVQ8z4GPdTvzsVvaT1qEw5yhRgh8fHKdDqP
  Recipient associated token account: iukqGA7NqzymQRgRxMxxqrUPfMdqEj1t6CY8NMemQjJ
  Funding recipient: iukqGA7NqzymQRgRxMxxqrUPfMdqEj1t6CY8NMemQjJ (0.00203928 SOL)

Signature: 4iP4wUwQ6SpsfYUZjEuyw172AopxpPP46yHPPsq2fsDW271n1AaZbdno9nKWEsc3pNooeGGGjsZhi5J1TmmdjB6r

Transfer 1 tokens
  Sender: 6pNFSmKQ1gzJztbRVJ2YghwcXKDVZ7PE1UXuieLmC5tu
  Recipient: EEUHeJFM6mUeN44v3kpepHXXBcGY8xV38TjTNxHEt76U
  Recipient associated token account: BymqzkWdT1YU8ysV8N2T54r8WzW4CjowP7tr9p8SQz2g
  Funding recipient: BymqzkWdT1YU8ysV8N2T54r8WzW4CjowP7tr9p8SQz2g (0.00203928 SOL)

Signature: 5uM9wV4Ki6LGu17k8d1FLbrUNLqf9aRmeLSxm469V7hz9mvXft6RnwpDbLSAHCUv3DTikSNGzbnBx2y8mLQFQQn1

Transfer 1 tokens
  Sender: ycPS5vphNPAUz5AjsvsVnC2NZXt3EbX28rEbwCVXAiz
  Recipient: PNUazbVrdxgkHu9s864orN2nPAD7P6LbdMbCbgLUBki
  Recipient associated token account: 9aXoy1JNraK629tev5w4X7zewyDYEZDYqCi4MDN5Yogv
  Funding recipient: 9aXoy1JNraK629tev5w4X7zewyDYEZDYqCi4MDN5Yogv (0.00203928 SOL)

Signature: 6Ya8hNqpBfUZ3UCzPyoZZMQ7ZeWBk5PnG4wXj6J9kNttLyzP9uySBoGapnSdk751MDj43dtmSntn5tXmVwMswac

Transfer 1 tokens
  Sender: B7JbyQ2MMdUYR9eoRy9bCWodnuuXjh73qCFxLeksBVVm
  Recipient: 7UZkyxwnCVVz1P4rQDujdKDVdUCVNEyPiHJiNr2zTLDD
  Recipient associated token account: D13LPyUHouheBy3AmiANq8c2i1FH2z6W4p1ADLshkGhc
  Funding recipient: D13LPyUHouheBy3AmiANq8c2i1FH2z6W4p1ADLshkGhc (0.00203928 SOL)

Signature: 2S6SuipULVAZSWPwvq826WtVMWUZc4o6qME4PJPeAxeJjJeKhg7XoaGPV552SJCD5rEjv3csgY727mJ4LX93PqHV

Transfer 1 tokens
  Sender: DNHXgDpHQyb3DC9wPVDG9kaAZHRTGVzbBD2RWrQQhcZG
  Recipient: 8XGaSpNJD2cq7dCZ3sUC5swg5TrHQ6LMEoGixkCN47rG
  Recipient associated token account: 7NoiC2y4crTLVLG8EMC1CVFU85NuNyJooC3MLEqQSYqD
  Funding recipient: 7NoiC2y4crTLVLG8EMC1CVFU85NuNyJooC3MLEqQSYqD (0.00203928 SOL)

Signature: 2UsTdLh2eveFmNftGGud1KFLvqshHgrg5FQazZzqu1fo1MRb9WxshKNsdVtfZVRZdQscydNXD1EmybfTATxt8SkS

Transfer 1 tokens
  Sender: Dab7Tm9k2brXrG8oKjPpQogWJE8J8RPZqbx11y2ir49n
  Recipient: 8P17pd29uZSPzUn6QQ1328QWXqpG95xy8djdj679qPDj
  Recipient associated token account: B8tfDVsKDCM6aWe3NETGXqApuiFDJgiVXevGsbkTjBmJ
  Funding recipient: B8tfDVsKDCM6aWe3NETGXqApuiFDJgiVXevGsbkTjBmJ (0.00203928 SOL)

Signature: 2BpY4tCEfP4CLJ6NDaAxiGQbVQCPDJBDcCfVByaVns59KXB13tYi3NmioU5pQ9RP1EB3xXbHVmxWvo7hCDchQVMS

Transfer 1 tokens
  Sender: DS7JyViRD19Sz1pXhXetKVgmyoMKqDSoGtmK5ZosmZQ
  Recipient: EwXuQ4tuMSJLirF1J4DqZ242ChbQT939Tk5ZSKZ81jcs
  Recipient associated token account: ELZZnFQcbf6MHMcax92VSDncmEh2CKoPgPCQqf48YhLC
  Funding recipient: ELZZnFQcbf6MHMcax92VSDncmEh2CKoPgPCQqf48YhLC (0.00203928 SOL)

Signature: 63cMsC9948qjat4TvXnjKDJzbKiRMtb2zpiWcmTMZNxon9y2qtFe2AGdUATrRUdJG3gRNK9jqKmwymUUQ6mbUAKS

Transfer 1 tokens
  Sender: AZ9ykKDL5Uk7K8qypSGoopdvLQDg2q7zTDeMvicxzTT6
  Recipient: 6dgB7mmyxzcobztUBo6vGzcYK9yp2e1p5giqrYRHKaS6
  Recipient associated token account: BFvJZ64iZLcPn6czZ2rZaTCEfLqcMpWC48BtAmg3FjSC
  Funding recipient: BFvJZ64iZLcPn6czZ2rZaTCEfLqcMpWC48BtAmg3FjSC (0.00203928 SOL)

Signature: 4MbFS6Ba92eEj3d3wCoAnPZ3sQYdK2HjK6LsuLbVb9FbfBqULEspJFZxLMMwJYmnf3xpZydyyDfHKWeZLq9WqoSL

Transfer 1 tokens
  Sender: DeYbUwaJ43jWeaaooCryeMuJkLFn59tNE2hzdpZ9TQsy
  Recipient: BVFTQzEas8kMPkcugksaTTuLnQJ8ESxtLryk4ngdyvjU
  Recipient associated token account: 7QpYQjLwkdSrdwv6x9ZgVv9gebojaw5EjMngNmfQs7HY
  Funding recipient: 7QpYQjLwkdSrdwv6x9ZgVv9gebojaw5EjMngNmfQs7HY (0.00203928 SOL)

Signature: SGjBU4aAJGvsvbeNYQzaAmV9RPiuq8ixDSTMPNncQ2v9GVXDay7PPGFYGrDuDLCFtx88R5izayDtyuD6sTUt5eq

Transfer 1 tokens
  Sender: 8QzDKmjZgMdJAu6phBuoDFFDyRGhUHfF7dj2SfbT36Xe
  Recipient: AEUto3eFWHLAmmVRq3Vo2fmHXwte525jQGG6D7pN4RRd
  Recipient associated token account: ARXDzNu6DwMcvUqH3KHjtCGmTd4MbHnJhy31LwnAvTJv
  Funding recipient: ARXDzNu6DwMcvUqH3KHjtCGmTd4MbHnJhy31LwnAvTJv (0.00203928 SOL)

Signature: 2eZd3qbHWUNqnApyzkiNZYQQf6zVReUsKHo64xWWFbvKZoBuEKsGg2AcFLVBW7Xv2217bvvRqPap2EADgTqJS7Kc

Transfer 1 tokens
  Sender: GtHkN3KEkftJEc7yNHAFTLAxH6zNjeUnELBYXSMnWJxo
  Recipient: 51oET2dy4vCmZ1JMGYR9hbsvsLng1vcLD6z2AZp1uq1j
  Recipient associated token account: 8cBw22MGktwhdwiLjMcSS2hz6zSjKV6pu4pszUSAEkD7
  Funding recipient: 8cBw22MGktwhdwiLjMcSS2hz6zSjKV6pu4pszUSAEkD7 (0.00203928 SOL)

Signature: 2SfTiF86qNRr5bn1JKYks9EY36YiFtLSvgGPaR2y97xH2R9kHMmpTfK9SpjRyVRkFPeiv5k386UVp9RpqwtUh7bf

Transfer 1 tokens
  Sender: Es7aUuoqQETo7b6NkQf4aZoa7Syz3oZfLChFVZpbUkVY
  Recipient: 5cShNqx2E54RJK49myPhE757RJAEgnGKcbRqPVW4nwjC
  Recipient associated token account: 5zPsJuCQrm68gFn6R1v2hWjZYxHcYwzogEy3gTGKHpuW
  Funding recipient: 5zPsJuCQrm68gFn6R1v2hWjZYxHcYwzogEy3gTGKHpuW (0.00203928 SOL)

Signature: 4Ekfg1W7n1TQ44LNRMFWGZrbvDZKRFhHEVcMUWTYR8Kto3kyytYYcZsA2vvmdJaiAFo94hzzSjdAo9yehj7G14o7

Transfer 1 tokens
  Sender: 6ZqwzGjzmjpp8jdM5fYNM3JHjeSnT37SnhG7WCngC5nS
  Recipient: 33HAVVmo6MWGatz1c8xBdJ5ousatqAMWL53EDJnEWJAx
  Recipient associated token account: 9zUQBRdcG9Nod8r4tZu2VkHKuiTqqnERRGgqz25sWXBj
  Funding recipient: 9zUQBRdcG9Nod8r4tZu2VkHKuiTqqnERRGgqz25sWXBj (0.00203928 SOL)

Signature: 2n3vX4tB5HSs4ry9hDCrHCmvbMynYSiwfnqJ1QGfS7H94Rwo1xpoAzC3g7x13NFYU348tLrTZGnKgmPhPHntbHEp

Transfer 1 tokens
  Sender: 8LXcVrf7TC5i3PoBNXKQvx7bU9jqnZ9gNrRt4Mu3XTvX
  Recipient: 3A12BaejhfnW6q2uAHa1pcADTGyiAytJVFyY7Me86ZTR
  Recipient associated token account: BbvANVGcbF2o953ZknXZK3FBGacMqGGspgyUeeRiqaip
  Funding recipient: BbvANVGcbF2o953ZknXZK3FBGacMqGGspgyUeeRiqaip (0.00203928 SOL)

Signature: 3qhx3AaBe477hPLSCnbEj2xnNcrmGpyNMF29vtq3mgFDkoq3DWFioszZKg6aobA2B41vZY2Uy6m36bELtApQKwJy

Transfer 1 tokens
  Sender: 58DXgXMD14Aw6aNnfxpyQaGPSZxEu86hJEUkH1rLQRBV
  Recipient: CWiXLx6juMmaq33BPXGJ1k2DPqzfDyCQWoAsUUe83CqP
  Recipient associated token account: 3qtqJCosL91kkVUSuXyJeuspj2V8wt7emmDZZr1pkDkw
  Funding recipient: 3qtqJCosL91kkVUSuXyJeuspj2V8wt7emmDZZr1pkDkw (0.00203928 SOL)

Signature: 242qQKMBvZavVu15gisavMdEk439NsoekZHYKgNssPRapF62fo5TMouHZCZCoXdU3FsZFqKHK8nmjCPJfow6qXDC

Transfer 1 tokens
  Sender: D1stwcYojHNskEBqNRo6yAqSKtQYjhdM9v4UF1zntA8x
  Recipient: DPXX4QHgQtdcb5ggiWjiuwGB2YyNwDjq3pBdAXXCJ9RB
  Recipient associated token account: 95DCe2PgKCTQaDayrWYufEGssisXZF1XognQq2Digs3m
  Funding recipient: 95DCe2PgKCTQaDayrWYufEGssisXZF1XognQq2Digs3m (0.00203928 SOL)

Signature: 4Qyx1E2igFuitbHJwQKe7stiWBsEr3JH5XfKpMe3BZhKm4sZTm4d3fhRyFQdZLoxnLXAj38uKLxw1zc8H5nc7kMu

Transfer 1 tokens
  Sender: 7a1pUDMztQnMdn9b8BadKG6u7APMF8o1yp8H1NATJDxW
  Recipient: EY7pJfQMfQKL6zQ2EPZnyafR1ksniPzNB6WqB6Hjk28K
  Recipient associated token account: 6ZLS7kgunabewXQEDhCbXjHv7hSy4a7Juj8pL9zKykve
  Funding recipient: 6ZLS7kgunabewXQEDhCbXjHv7hSy4a7Juj8pL9zKykve (0.00203928 SOL)

Signature: 2KPb5BzEq2NxgkShwxP19AExPcscWs1vdty9r8dpPsYYn1cLBpiSGvxqmr9AStw53STXEc8NBsVeD3YKqPPJStaf

Transfer 1 tokens
  Sender: 8vDwH1qi8ZXFCrGPFN5Up5fWAL6Pfyn5Mfsxh9nk3hEk
  Recipient: GP5wZ1hEfpD9TxhZzPGQVWSS6VVBaGY7J6dt8KeQuPxv
  Recipient associated token account: 9zifpqrqxqwcV3z6yiUqLx1QXaxKTQ1oy3hsFMC3odRn
  Funding recipient: 9zifpqrqxqwcV3z6yiUqLx1QXaxKTQ1oy3hsFMC3odRn (0.00203928 SOL)

Signature: 5AFJ7wowYkEkEcCLj95g8t8yGtZWrF9Eot2nomHeK7S9wFRdv3RxgM31fhLZG5ERsHGhc9sse8Cf1LU12pQ85YP2

Transfer 1 tokens
  Sender: B1Y7jnzzAezNx4fsJ3msQFa4oVeMPXsznUixXkbDRPch
  Recipient: EppxE2vDF8cBrRmJ2BSYiJ1JtHcPFV48YR4NkRD36gHZ
  Recipient associated token account: 8kvqdJJiZZebNG9eY4ESQNTsfsBsqrToKaRGnbht8NbF
  Funding recipient: 8kvqdJJiZZebNG9eY4ESQNTsfsBsqrToKaRGnbht8NbF (0.00203928 SOL)

Signature: 4B2TnX2NkbW1sGZwbiQZGgdqkCaV9yYUyfancXZcZbyhZTaiExnoEx747oZf7XtQfM9T61JjEbhLRWPkJdLjnN9w

Transfer 1 tokens
  Sender: 8qm5ZiA2hTosSPkrS2CHB4HHfD7Sjvk8QBmes24mi2M2
  Recipient: FgBDPuCn2vA9Gim6rLiL3bR5HP5xNgSEQ8JPK3MGXNMG
  Recipient associated token account: HxS6wVHJyzRTZardNCJgwByqJoWj8omL2GSvDnwzcv1f
  Funding recipient: HxS6wVHJyzRTZardNCJgwByqJoWj8omL2GSvDnwzcv1f (0.00203928 SOL)

Signature: 21UUa5sA8XKe7xE5vX92NUt5twaQQsRzXbsCWgp66Nzr6Mar54FNJqw7LM3qkrb7fp8xaUXuRCPTnNRUW4u6FFbM

Transfer 1 tokens
  Sender: 5nVo71BcP45SUU77ztuhfkcMBNmqaHuGiPUak8tosXzM
  Recipient: CmKbwqVuv5C67PZYgsyW9W6bTUzBybsJm5kNqHp8M9fR
  Recipient associated token account: 2nDE3mnWQqB2cLaPof2SpccnkuPwh3Jai1AyjQxuzSYm
  Funding recipient: 2nDE3mnWQqB2cLaPof2SpccnkuPwh3Jai1AyjQxuzSYm (0.00203928 SOL)

Signature: MQsTkYGATevd7cMyzsmGqXGtUXBdoQp3Nh8sxLWhhmHoSgLXL2W65ebuZgPNxiSaxJWRPAE1BCDpgZk6a4YJCrr

Transfer 1 tokens
  Sender: ApmWUVYTVZRGmrtNRtz7HpwAUXQm6dCb4EsY5Rt1uAoD
  Recipient: 5g9P9YJNPxRMTZtWTPyRkUmdvaVae4MVjhr1ZHmHYbRH
  Recipient associated token account: HuqNqwwUtKhQEtip7drVX43ZCPGDrRfaNSZb9Yd2d7xS
  Funding recipient: HuqNqwwUtKhQEtip7drVX43ZCPGDrRfaNSZb9Yd2d7xS (0.00203928 SOL)

Signature: 4SEPn93wdC3ZRzSWMMkCHutaUu7nqj2ByViGgmXXPn4kdMg3ZHYG7neEZEPJywvgnZUYcmRc5WvXHYdiiFzYWkub

Transfer 1 tokens
  Sender: BgWjfUiQDeCfdGYMcaGE9oTKyYj8xzbb8jmtXNfE8uwV
  Recipient: EWC6ESChdBqExhp96XPMLXR65pXP6Ftuh1pPAVws4pmk
  Recipient associated token account: 4ZFLjCcLpSeKJgqNKXr3RV7ry5pu1jmskLymDj3JbRsi
  Funding recipient: 4ZFLjCcLpSeKJgqNKXr3RV7ry5pu1jmskLymDj3JbRsi (0.00203928 SOL)

Signature: 59zYQ4HyAyGPQhxGuExMdhz5M193UFMeTxzuBnEQYEqn2bVmwYpnddpzrmyRGzSm6moT7KZpP8QwMhtsfjywtFrc

Transfer 1 tokens
  Sender: 8X7smkGqompRfExD7oW4xrJYgY7iTgvsmuSZV6pdgayK
  Recipient: ANa8iWHMUpAsoR2V1EgWD7qvxCJ4oJJQL2jz7vimWT45
  Recipient associated token account: EgDzdafmmKm6v8HM9idsywA1WCMSQzWJoJ3sZTDUUw8x
  Funding recipient: EgDzdafmmKm6v8HM9idsywA1WCMSQzWJoJ3sZTDUUw8x (0.00203928 SOL)

Signature: 5P5XkFmoaTBXTS8XvodfjyRaLFi2XbLrfnKT6EhL5wNmPJmEMRwD5tXiENqitxgWJ7c6tEf8LqkD6XWYFoouAnHd

Transfer 1 tokens
  Sender: EUpzLWiyUSAUSbeesWx1FHW8XvdXWY95DSYYuSdTxEmG
  Recipient: EBLyVjie81BHWm59qyoRwEdRRXrCaCHrf8An5Hq8spQJ
  Recipient associated token account: 4SsaTvh6aPkXEC8MxA6ojpgSQKHekoJXHNbXa6JYa7m2
  Funding recipient: 4SsaTvh6aPkXEC8MxA6ojpgSQKHekoJXHNbXa6JYa7m2 (0.00203928 SOL)

Signature: 5mKDamzEYMsoQycAZosa9VJPFAApXJ9tHasxPT2Bf5wezjpzxEsbQntpkncBYrJitiQjrXhTrhBxNc83M55MUMUY

Transfer 1 tokens
  Sender: 4TMg65FPJEoJ4CcErArpxAY5xizecuDgirnqJaDxMkim
  Recipient: 5xjULdC4pgzNNdoyxrZnaMPUzEKLcKCJjDmVYfaJiYcF
  Recipient associated token account: HNF2UyFetYLT5kSEp5ekiMJNCS9EiqPF7j4bA4RVAMCh
  Funding recipient: HNF2UyFetYLT5kSEp5ekiMJNCS9EiqPF7j4bA4RVAMCh (0.00203928 SOL)

Signature: 4abqkRBKFbHAjWiym2PbJWayPNkp2ZZkqE5s9KZ8BtgyQcnnyCdH2w54cUYGEdWg23PYqw5kgmXWBut3paTzP6Fj

Transfer 1 tokens
  Sender: 78HPsyVBRDugWmE1kGZNyMMnpUWqbvCaWDHeptUQa7o9
  Recipient: L7vksHGNsmuNi2yuAz6MVyczJhDBLX1VhmGcZ4EQtiP
  Recipient associated token account: AKUVJtXTkwTjak31YB8Ch9GdzoEruYrUFJmFHmhamu7A
  Funding recipient: AKUVJtXTkwTjak31YB8Ch9GdzoEruYrUFJmFHmhamu7A (0.00203928 SOL)

Signature: 4XJYUTfWBnoBvaNeQQGBak5HgJZtaU3A5VKfVxjRB2CQCpiuzXfWegkoceRHTEusYjekJoj14btFYJ4oYSQStURc

Transfer 1 tokens
  Sender: 7Tv7CpLc3KMdQ2JqEwapAYZeEvLFzRBibYNosa6JzJkw
  Recipient: G2sFCvJptXC8gUBmk366fgEr1rXVLViGTjWaJD3Q1i6a
  Recipient associated token account: 3si71T3V5MJYZm8tiaBmDjx9m7XnsEjceUZ9J3b8GEQD
  Funding recipient: 3si71T3V5MJYZm8tiaBmDjx9m7XnsEjceUZ9J3b8GEQD (0.00203928 SOL)

Signature: 3tW2jrR56EeAUpLC66nWM6UsZZSct9Z6AhwVRVuUAsRecKPdZkwNq3FXeztKDbfScT4BuFQyYKFRD7KyxQtMqhoU

Transfer 1 tokens
  Sender: 72SkxY8FQdeFoe8Xdsj9aZRSjZDeudSGS4Hj8qUA5yd3
  Recipient: 9V4i8VdxEHgjQFEKdXT3N4nFKRtNtkKCzd17SjxVWLSo
  Recipient associated token account: An6Z6DV8PidDsC5iFjmh2Wn6b2xC2is6DpuYxWzM3jv8
  Funding recipient: An6Z6DV8PidDsC5iFjmh2Wn6b2xC2is6DpuYxWzM3jv8 (0.00203928 SOL)

Signature: 2Up1PSZ5BCsp5huAv6eEUfnCs8jMyjP4x27gZf1M5XtuJ5m5ruDARRkrSbfkFEREQ9Gzwqmg4SQEJtnbFgSKDRdU

Transfer 1 tokens
  Sender: EbvoZwUxowXQQbi2M5PiyT2R872ffTSEtLoQUJz687dX
  Recipient: HuDbdzER81y7ceNS4JrTWJMVZmD3mkAK7PjGRDj9oC4V
  Recipient associated token account: BpVWXH4cXg8y2Hvfw7SN4Cw2mdbEedFduEHXtNVpiUR3
  Funding recipient: BpVWXH4cXg8y2Hvfw7SN4Cw2mdbEedFduEHXtNVpiUR3 (0.00203928 SOL)

Signature: 47U8r6vAyq1p3p5DLLUa1a9JvMUNW3hCjjHNkx1Mrwf9ACbVN6RxrSB3LQcAKPNjh1bbq3KHj8pp6z7bpWMAA3xM

Transfer 1 tokens
  Sender: 4fC1A4a6gc96oV5WZo8znZUDe1fkWsHp7mCZAfL4xQQC
  Recipient: 3m1JE6nMWGDzCQLMxiVNVa2H8F3CmDVgHJW13FQSUkfZ
  Recipient associated token account: Bz3UAkuUeHwBBZHRZXXPKY6FMnvb8uEdy6SrQ1hVztj4
  Funding recipient: Bz3UAkuUeHwBBZHRZXXPKY6FMnvb8uEdy6SrQ1hVztj4 (0.00203928 SOL)

Signature: 5Gbo7R2dGJkLKBLAt9jNs9TgdCu9uPQErGm3oGVvfQvdDvu1dxW946yXL4CTPew8c8JDLartajx3h8m7eWgAyug

Transfer 1 tokens
  Sender: AofdKmQqmF5Ty1zEZwvUhA9PBHwd3hmLWxS83iMrftLy
  Recipient: 84tYj5QuBQNDVsFXiEPMZddVTtAspbAJ8oRbXsLwoS8x
  Recipient associated token account: Dvw9wwXzvcCdNJ2giH4BqZ634kZUAmnRj4GzcSU7JJQH
  Funding recipient: Dvw9wwXzvcCdNJ2giH4BqZ634kZUAmnRj4GzcSU7JJQH (0.00203928 SOL)

Signature: XA3jn5tMpr3BbD9ZAXGM7egfgCKpcDAAy3rki3TCoVwmAMYnzJcMWe9kpc5tdkSGevKYVxTvktA74a5C97BVKrn

Transfer 1 tokens
  Sender: 4RrrAEYeTTmYNuEdpZ2uBXXM1AWSuCFXZAMSVKemeNb4
  Recipient: F3hzbLTD75Shbpyu8tdztMhSrh9vZ1qMwTCopx57A5wU
  Recipient associated token account: 61hDEFaxYvDMUbH612xXhoQouCcyh89VYuAuhRCVCuYh
  Funding recipient: 61hDEFaxYvDMUbH612xXhoQouCcyh89VYuAuhRCVCuYh (0.00203928 SOL)

Signature: 3JN7ntYsdW5ffRjuWsRWVHmGnvSAU5jEwrzV5NgTis742xYWMWbbuErDGTKHKMtSiaDXWEVx2mUURsCqLWF3Xmej

Transfer 1 tokens
  Sender: 12mHLz4ZyPbspLuh6hd2KzRL7R6B6Sk7T3mV1RV4ZRMZ
  Recipient: BYcufhYPyrKqVVsJD1Gzf8UQL7q2wuGeLjPARXQH2vo5
  Recipient associated token account: GXSKUNPoioL1Bw9XBYuxePedg57K3ftqcTsnNNc7ZshZ
  Funding recipient: GXSKUNPoioL1Bw9XBYuxePedg57K3ftqcTsnNNc7ZshZ (0.00203928 SOL)

Signature: pz8GLXkyWV6LetDZsCbaE2dmas8MifNWbsAF9kcCxdqdmCHTnP1ka2yrbGnm2e4y41SVoGhC8VhSf33KAqapPdc

Transfer 1 tokens
  Sender: HjABDodvULbZiqKzpFpqTQGJe5wG6EZ5SBqNDHMYaySw
  Recipient: 3A12BaejhfnW6q2uAHa1pcADTGyiAytJVFyY7Me86ZTR
  Recipient associated token account: GVFoUviK12c6kAg2NuC5ebVBfpS65akfPVXgSJhcz4tL
  Funding recipient: GVFoUviK12c6kAg2NuC5ebVBfpS65akfPVXgSJhcz4tL (0.00203928 SOL)

Signature: 4RUDJBwVwWTaxhLkfbzFGqjptMGqonsWE9mssydJgUDN5yTCsgGQJfkSf2asYofSuTSpLPXhFJpEyHAddxgeiqQs

Transfer 1 tokens
  Sender: 3yTtocfKfpQmZKjBUd6zTkDPEifnvX4gSeWx1oXuksLq
  Recipient: 4cKqqwoADnQVUAapaq1CrCwpBwbvCSohZPzB8aHooJjk
  Recipient associated token account: Hyn7JLkh3p9Btg7GVw2vAd9J1GGNLAzHG34xLVVfkT36
  Funding recipient: Hyn7JLkh3p9Btg7GVw2vAd9J1GGNLAzHG34xLVVfkT36 (0.00203928 SOL)

Signature: 5u48B4G4jxgTZKAKGKoX9oAmRKwus64Z9n84LyyeFTyYnbcFVNbQC1QudQbUFnULSBqXJd24AmHH1GbHiii6iJCG

Transfer 1 tokens
  Sender: 88bHVuCCxmXNz9PmCTXknW9XNUXjQJa29Bf6AuFTDF32
  Recipient: Cf9R9j8jTbEL2hxoSPpvHqT9okhaQxbgNEQKtUG6tj75
  Recipient associated token account: CMrx5EnYgngC1hcviF26n8j8nM524x5KhfULD9PioB9U
  Funding recipient: CMrx5EnYgngC1hcviF26n8j8nM524x5KhfULD9PioB9U (0.00203928 SOL)

Signature: 3HPjRCC6SXCb5wpixR38yk4C7kwdQVknbc8FeBfYJPQMnhBKxcDwtcGAZiu1xP9xWFGJkZtTP3WnmMujQPCc3HiP

Transfer 1 tokens
  Sender: 3CpModdzWP3enYaeQkCQyNoTbjcEETdJBbRAbtkWkYSk
  Recipient: CkZs4ZwvSbcCC8NViM5AyVRPPatDMC1BDe6vfa9e22yp
  Recipient associated token account: J2hc8MPR23HS9A86KLqemVSjrCyQ3PmD8ueAPtYr3UxM
  Funding recipient: J2hc8MPR23HS9A86KLqemVSjrCyQ3PmD8ueAPtYr3UxM (0.00203928 SOL)

Signature: 5mRsv4NLFAxZEnj9VtSpWKS1eWuwk4djY9dvNCuZBRkF3EQvwNc1agyF3M6P3aqVVKBgoyBhTHdNG4Ryfbv7LRWW

Transfer 1 tokens
  Sender: GUJmLn8DZ2UV9s8b8T94mnkdqc11bcrfD64btjEYSmo3
  Recipient: ES3fhMnYAAqqmunz3JaoXmV6KmZ5K572dmD4CkpWfSaX
  Recipient associated token account: cZdGHVhNxtwhhtTApfBWm65YuHAHpKCsTwNxS4RyBjY
  Funding recipient: cZdGHVhNxtwhhtTApfBWm65YuHAHpKCsTwNxS4RyBjY (0.00203928 SOL)

Signature: 4ktZ1poVb1ATkEhoPmHP6CbzWfw1Y6QapmFjXrQxSyjFAiHa4ibtWGwyqqSHNEojoY98Q8SsQf4UCnYXoKaRmVRi

Transfer 1 tokens
  Sender: 2gU47iNb5qjpnxkFA6sPinwYZE5HU2D8iygwvqQELh5G
  Recipient: 6JP6yRoBPYWzhUwvDAq4yND6Aq2kUhPvn5ciLxkUiRzz
  Recipient associated token account: 97ZjkmDLA6XEDFmWXau4uEg4SdZ4UXfQrqtaHLbUQDDn
  Funding recipient: 97ZjkmDLA6XEDFmWXau4uEg4SdZ4UXfQrqtaHLbUQDDn (0.00203928 SOL)

Signature: 5afQDXamatH9iaKRdYP6yzdzri9BpYFRWPeyQJm8UHpxMUqdXqtnMe5dSEfzNyQydzrkCZffzDabV9XAa2wnvhbU

Transfer 1 tokens
  Sender: ESkHm5UoFDh6kUoQSxxZkbsZcokDv4yFf1H314ek1UAF
  Recipient: B93j9KnNLoLMBSQf4S3BMdyseRdGoZJZq8Ysoz8Bpwqw
  Recipient associated token account: 7C1a7k8QPrD9gAYXthDNpQeuMmGk5qwVPtT9Ynkr3mUQ
  Funding recipient: 7C1a7k8QPrD9gAYXthDNpQeuMmGk5qwVPtT9Ynkr3mUQ (0.00203928 SOL)

Signature: 3G3Fsdt1jUJC4fYagbRJmWyC8939Sn6yXe436F1JNXFtD9m4rWEULtsS3wUMqxpJFcJ93ALVJj16F1e5474Loacx

Transfer 1 tokens
  Sender: 3waWKKMjjeyXoZBDa5gmCH7DjY8eCS5QtBi7qLv79Hz6
  Recipient: FykdvhrLX6uoPGrb3oB2NtTpDbL36mTiW9aNEzm6bfxJ
  Recipient associated token account: DuDBHHpQydWJG6WvzKpymsaXrZF6mXNjFEbXKNLdvb54
  Funding recipient: DuDBHHpQydWJG6WvzKpymsaXrZF6mXNjFEbXKNLdvb54 (0.00203928 SOL)

Signature: 4LoPrEKzTD5wn6atCtxewiFdWfTrCjrZHuwUGr7cxdVZHUgVGXzRHL81gqNsuhvYMNwb39CWKLYQvsv4oEAcVQV2

Transfer 1 tokens
  Sender: 3CHNnStu2jQmkR996T4Sqp5poDrV3MU8JHNL3Kj1zp55
  Recipient: CTukU5WkHZAAwxpicJw9zMaKmUpYBPttWeZKsdhdgint
  Recipient associated token account: 2YhF2geFNnhW1qSsNKize4DPyWrNtq2GCQLhTMnar4nA
  Funding recipient: 2YhF2geFNnhW1qSsNKize4DPyWrNtq2GCQLhTMnar4nA (0.00203928 SOL)

Signature: 4gjww7nijLiqok9gR6AWBKHexvFAPrPg5kaws4DyemLRtmkEND5ognnUs9NiwLUt8QAwAi9bPWQbR7XFcjggeXKe

Transfer 1 tokens
  Sender: 5bZHU4ns3GLBTiEEJfA4kjRmJiKQrN1nrXKmu4PYpiud
  Recipient: 2ZGvgkmtvTzd5Zqb9pLMoMsFPwmf6mG7ZU8MuyPGARMr
  Recipient associated token account: Fmzspeo2TiEVufmEZx23yTYKbU8mSLJDHk9U2QW1Qr1B
  Funding recipient: Fmzspeo2TiEVufmEZx23yTYKbU8mSLJDHk9U2QW1Qr1B (0.00203928 SOL)

Signature: 5azQ1WSk7u8sEoo1FmeJ2NFYLKtaAbPh2MBN9CdJmGnXcJNW8TKjv93StU68pxEokPja7xqexwHgWrfV6TUKWu1q

Transfer 1 tokens
  Sender: DviQR7wBB933L5QbBvJgi3WHoYsYbz1EYPWPVi317cq1
  Recipient: DWaAVXvNg9NcNUPLCwRbAhc8NVmFzSLPQCFuwkxgp9Tk
  Recipient associated token account: 7zVHuu8gRehXWjej7Dcpsb8HepNCWUsFUZcHjnikUezU
  Funding recipient: 7zVHuu8gRehXWjej7Dcpsb8HepNCWUsFUZcHjnikUezU (0.00203928 SOL)

Signature: 2jDZvNMtRtrXpXQ2NuqH7oQ8F67gYqFgZw7Fqfayt4FvhLK7MmNLFt97oTuPMVzmvCoCPooMzB1DNukUkcRWY1vT

Transfer 1 tokens
  Sender: GT3faEmzqQtMcXmuqa3A2GUiifzJkyC6U5owe2wJYS2m
  Recipient: 3W6k67LN3uWouayqJ2va2tH93WDDsCnEydnzcjd41xPK
  Recipient associated token account: GvqQemzn3tyhwoqnuzKSTVCRYmkLf2P4Vr77cTHorXqi
  Funding recipient: GvqQemzn3tyhwoqnuzKSTVCRYmkLf2P4Vr77cTHorXqi (0.00203928 SOL)

Signature: 334E4JWWkj4eyyiUSYcdXpDhFvaNrUKyY4L8oFrS6kKn8zzFnb98J3iHAnZkC4EVBP4tVYgi4w7NBRswrqTwLZ7E

Transfer 1 tokens
  Sender: CMfKNNQnfyVjcPhnW1DBvfQEQkNZsrNzaaiUvqagosYY
  Recipient: CNgwgXRXh6bkXkeErtJytGCx3esf5jtFvfEkR7USvDjs
  Recipient associated token account: Bvs9eGcGRatHv3HrNsQbH2XwxGPN7ye3XR5mjQJ8aAtm
  Funding recipient: Bvs9eGcGRatHv3HrNsQbH2XwxGPN7ye3XR5mjQJ8aAtm (0.00203928 SOL)

Signature: QHP3SkeG2LEeiD7PcLT5gHz9NtrCWYh2AFZS8K4AnH7SX8oMfWgCtsxTjjixyBbnU1qBJepbNx7V6t7GLWe3rmo

Transfer 1 tokens
  Sender: BKsZ6mzT3CSVyV8R29Qb7eXAqbK3gB6opZGKxKEWjfZX
  Recipient: 6Aw9wHA1AN6WEdP7pC2tuXiQbPQTJEWgvR3knDT634ka
  Recipient associated token account: 651mFhnNFZW2ZYGw92CvkFrFeHro9EmkwgoYUJfdtRog
  Funding recipient: 651mFhnNFZW2ZYGw92CvkFrFeHro9EmkwgoYUJfdtRog (0.00203928 SOL)

Signature: 3z1CJ3HDVrMcn6c7ew77MWBQLSYBQzgkSPufwByAucgfay41JkBE2jLa59uigCNbRGKxrDmJtY1aLMt3BFx7eFA5

Transfer 1 tokens
  Sender: 7HuxLawF1BFvgLYXAo6Vyw9kNXjSCncFGqaZZA7udPof
  Recipient: 7CAA523SWi28Ld9HEdgWaGMHaqbPeSMpUduzNpcTUDSd
  Recipient associated token account: GBWZtQ83qx6GHED4LtPpsFBTtPWouV774YnwLbxv6xT4
  Funding recipient: GBWZtQ83qx6GHED4LtPpsFBTtPWouV774YnwLbxv6xT4 (0.00203928 SOL)

Signature: 5x1gFEJmmm4x773hVs2nacXvzbkhLDMVsswpNFbsJyKLSCx3U8Bu7McKgNePYLdeYpLwU6fRuwZPRNAvuY6z8D8v

Transfer 1 tokens
  Sender: GeWw1cNPemLAsSRdsMpf4wksEbHfV5qoLcz9zdtjPqwb
  Recipient: F4hN7ecndZ8Gr5KQNSFaSrMGawMasz7jfWTLTMpk7gaB
  Recipient associated token account: D9ofE2hGnBMPBdsP6NgwzowW5KjfVYPRYwWWcrGkpb8e
  Funding recipient: D9ofE2hGnBMPBdsP6NgwzowW5KjfVYPRYwWWcrGkpb8e (0.00203928 SOL)

Signature: mteJg6ziYbiAE2QdKUC4USnGpJqYkXHZ2ettqLMed2p3wqRTBgpVnkxqNHzDjKYnPtHYyLJKzLpBo7ysYiGVCpX

Transfer 1 tokens
  Sender: HdXp1GuJ8TrdmbsYuEQqQx9oJaVWLUCy9FvT3bhS3gAJ
  Recipient: C91QVSPebG5w5SP8Wg97bqfnnNfG6j9QDuTFC5EM25jz
  Recipient associated token account: 6GDfsLNR4ybLximcEdJG1zLXJvPJQUiBis5TRkaQsntv
  Funding recipient: 6GDfsLNR4ybLximcEdJG1zLXJvPJQUiBis5TRkaQsntv (0.00203928 SOL)

Signature: 5DcAVECMw1kKEb6XHd5jH6LUJ4qbGta34qA5BTjYnFccmdNcSiA2kFKdy1orTBtfLsxKYoUNV3q8eHB5RHzKUb2G

Transfer 1 tokens
  Sender: Db9BgbNgGEsJNtXvgeby15LASjMf7NXrDZpFD3KQFesY
  Recipient: 8zfdGUKpemtzs2Ypb8reoN3A43o1ZkbwFCBNzpUeFeUo
  Recipient associated token account: 3NdKqZ3xXqER3adimbnDB3Wn9wigrZpxgkXMCo1Xqxt2
  Funding recipient: 3NdKqZ3xXqER3adimbnDB3Wn9wigrZpxgkXMCo1Xqxt2 (0.00203928 SOL)

Signature: o8peJuGrWPJjc3zBRvFx6go1P6DtDQuRC1H5rHig7Pk3BmKcv9xjpRM85wRgAN2GfNBchysBhdLSbpP9nwqAmwm

Transfer 1 tokens
  Sender: BAdvackG3CNUipT48ntPXmVte4kYR9usRoHCQipDCaUH
  Recipient: 5eBNi2JRMNzuusF3w1ELi5GWWUxRPZBnp1ZQs7hRqkbB
  Recipient associated token account: B4KHzha3YUMyYF7A1USXtZx53FEurvcUPgF75GRTCHij
  Funding recipient: B4KHzha3YUMyYF7A1USXtZx53FEurvcUPgF75GRTCHij (0.00203928 SOL)

Signature: 24oxE3f6CDJPGfaCfwQZUfPbqtkvtQiCiEg7uFcmQ6Efv2kYqVrpjDjmoZvmDmmxZ5AzFEugz1hx1gVKEpq4VUG5

Transfer 1 tokens
  Sender: cZvy3KiosVLhvyNYZBtC2uRXZTrzfhNRWCKtyBtL3mb
  Recipient: 88XHNYEHYmmoz1b7Vg7WapXLpfFxawJBqi8cs5XaFmgi
  Recipient associated token account: 4Nsp1d6tpa3q4tqbkTvCTrsgvzDmWHiPqh3fV1xjtmYN
  Funding recipient: 4Nsp1d6tpa3q4tqbkTvCTrsgvzDmWHiPqh3fV1xjtmYN (0.00203928 SOL)

Signature: 3U18mBzzDwmzFttKYBA6cDKCrs31pVtKsGd9wDztkg1e21ypavdNBz1kg5zPed4KHBKNimjj4tMsiK91VZm2Mp4H

Transfer 1 tokens
  Sender: C99PRMGXhdk5gBAx8a8KH3EiKyCsWba9jGSwsbmEpTQ7
  Recipient: 3wUyqwgaVsMEZ56QEpnRhFAhzhE1icTXbU9XbXPUHBF3
  Recipient associated token account: G9ENpP87JFQiYHfSvXqRxdyBuUk6vKMzoDRYGdcer3wj
  Funding recipient: G9ENpP87JFQiYHfSvXqRxdyBuUk6vKMzoDRYGdcer3wj (0.00203928 SOL)

Signature: 5LPiU8XS7qmppGeZt8rPMebqRc438akxjeKhXePDdbzck4vwunpzV7hpWkewAezkCWsAih6EjPB2hWRB9FjmYkar

Transfer 1 tokens
  Sender: 6JHZuETvF3VxpgmVm1aJLSXYNSL3uw6RhACp1FTxKW97
  Recipient: CKMDD7Xp4pBztCG5G2utc3kXvFqPJ17HMDPUwhLiHzhM
  Recipient associated token account: FTVZnsz1Rr746KJoVwdYLMceVzT1LqZxAr52HhxNFtRq
  Funding recipient: FTVZnsz1Rr746KJoVwdYLMceVzT1LqZxAr52HhxNFtRq (0.00203928 SOL)

Signature: 5euSDo552fckL6VqP3QcnbVzHDwdJrMegkMuDFtyA3hL3JA7Qo6yQHfPd3XTnVQ6WP5JWQuXxeLy8TC1DwCYY6KT

Transfer 1 tokens
  Sender: 4xPsU5oPE23knXAKFVFU2yJMYEkiLruGEz4BdooNFK8x
  Recipient: 8gCfJGyaXLbAbBmEK63ADQthxJpf9fMi7NHGhmLCn4tV
  Recipient associated token account: ESMJGZXCApgP1HthwhTDkZA3NrFP6J9u495FBkXpNjN5
  Funding recipient: ESMJGZXCApgP1HthwhTDkZA3NrFP6J9u495FBkXpNjN5 (0.00203928 SOL)

Signature: 5ywDNLyhSwB8gZLDdq6VGqRCLCT8WrwLLaRQCjLhvQnMtPxcoCigtHcV3kdvQM3Dm9QBKtj4EPgkpXW7Rz1bPB4a

Transfer 1 tokens
  Sender: ALDpD8dsiBqnBTExBbaQDywQvwuAt8NuUtBvkbWm5rDZ
  Recipient: B2xHAEupwfcGLvmrJZmrsAFdC4qoQRpoExjn9uZbDZyH
  Recipient associated token account: 4xkGNML2f78G1SyHWzPQPZMKNpPmaoUkfpiNf1WyLyVn
  Funding recipient: 4xkGNML2f78G1SyHWzPQPZMKNpPmaoUkfpiNf1WyLyVn (0.00203928 SOL)

Signature: 4YEecf4X8aTZ1ogXoju6u3tJ45U15bV8u6fW2vAhgZWWPy43qtsPnwe6nhyVt8RTvsLEnUZfRcwexc3GfgBfH6eP

Transfer 1 tokens
  Sender: AhTZdX4sQ1kneRB7cTLv55j5oxiaRy8cRAYEzEpNQdvN
  Recipient: G8RtxPyG2pdrAhrNRMgg7Hia8imCofdCYxvyWiNG14hx
  Recipient associated token account: 8AmNArCHG1kpYfCp3eT6evZiGYFr4FgdfV9p8vkQwP4q
  Funding recipient: 8AmNArCHG1kpYfCp3eT6evZiGYFr4FgdfV9p8vkQwP4q (0.00203928 SOL)

Signature: 3jcBvSxrVLMnRRXGHNBe6nQrpqhZJtjZtD75XbdJoWNQDeQx6igKC6fR9ZhAAUqyhkGJbnJZxi7ZB4rjgb4U2Xqr

Transfer 1 tokens
  Sender: 6KDq7d1w3XXayhdZ6AeXGgfJccUybj81cSW4aYgfsj8x
  Recipient: 5FPA3sGHYUsefuZSBL4BongkeuGfVKQEYZzXWEx6XAuN
  Recipient associated token account: 48DEUVGMbhA33FkGMpggiDog74UoZTb1se2jrDJ5yJWs
  Funding recipient: 48DEUVGMbhA33FkGMpggiDog74UoZTb1se2jrDJ5yJWs (0.00203928 SOL)

Signature: 4sgZxZaFauSFR1qKU9KhEf9dpDTxeesR8uNMJWwa6m7hC4CnsHnm6DnWVwXFYuTcNsYb5ZTjdcqLs2guNoB9Driw

Transfer 1 tokens
  Sender: FGwSLm2XihdbLfFsjyu3iiX42K8JUZagwYEmuAbiMrYU
  Recipient: EUoZL1uEnwsU7R6KDH7ngUQyrzNhriPFJqPxJmQR23it
  Recipient associated token account: 3MwZxaGvvAeERzujAjynfqBXDXfASR5x5JxTRUBvxbC6
  Funding recipient: 3MwZxaGvvAeERzujAjynfqBXDXfASR5x5JxTRUBvxbC6 (0.00203928 SOL)

Signature: 5EpxP1jy3fb9tJdTm48EvdsEQ4a8g9f1fiwY2dMUaPPur1Kwhsjqh3wcx6vxLDtrskkFqdAxLXXUcQkUSLEHLybQ

Transfer 1 tokens
  Sender: 69kqfoyjE8NAH7ZHidYPEvaGQJjBVGrFeaF6UPaJiApU
  Recipient: BQLvskDDRbEJwKA1JLWWq1aYAP4R9nzCTt1ir5oGJnpw
  Recipient associated token account: 3MUr7u9DJnepV6PFikQ7EP9NrnUBmSXrWwYgamDvUqGc
  Funding recipient: 3MUr7u9DJnepV6PFikQ7EP9NrnUBmSXrWwYgamDvUqGc (0.00203928 SOL)

Signature: 4xXCZFPhVMXVhCSqqDg5g6PWWA56gQPs4yfESAbgmMDjPGDkkU2B8bG5LsUrEM1Thp9x938pnFJueMPtLh72ada5

Transfer 1 tokens
  Sender: EunwE9CzSuL2PJb318NoWnkC1aQtWJYRtLoiYhpJ21r4
  Recipient: FSxgHwEJCiuULzsdhNevSR1n7SFunCvFqjHeNLDRHxKG
  Recipient associated token account: 573w19oZBkeZZGcWVjf14uEhcC7gH3fsBBZqpReCabxi
  Funding recipient: 573w19oZBkeZZGcWVjf14uEhcC7gH3fsBBZqpReCabxi (0.00203928 SOL)

Signature: 3LWdqfW7pdXUxUkPRoKmrpRvdDveXg5uLBBwjTb8iQhHawsUR4SoyXR3QmfqCHtKkzV92icjXvQapQsYRMP7Aio

Transfer 1 tokens
  Sender: 3xugd8o6Hoe9XscDXTJFfNnhdLjeDDzLHh8jCg591tsn
  Recipient: 9j6ffmXuUBmAZcaNS8qdh2YV4umLamWJaSiocFsGCaBw
  Recipient associated token account: 9rHKnuQKRrydwESTQQLxt9xW5Fj7npvd7cT8hzJ3g6Lb
  Funding recipient: 9rHKnuQKRrydwESTQQLxt9xW5Fj7npvd7cT8hzJ3g6Lb (0.00203928 SOL)

Signature: 5Ai1UYZiEsXLCxTJpD3inVmqZupCkkwsz6qFJHNGyJzMqaQ7AccEwxwzPaKbwe42NuEN4AWafaBik13HMdx7Vbvc

Transfer 1 tokens
  Sender: Df3tqEUJ5a3QCn1MUhCh2ZFzfenq5CLoQ9hRwLFyhVdg
  Recipient: 3eucHmLaRJzL3d3rzYx94KvxcVhR4ESLo9R9hhb5Snbo
  Recipient associated token account: FxVesyxhKc4CUVGMpWggaVjAyTrErFFjq3aSEjBg6zza
  Funding recipient: FxVesyxhKc4CUVGMpWggaVjAyTrErFFjq3aSEjBg6zza (0.00203928 SOL)

Signature: 4v5yppUMwXwz3VhYKe84SPVX8qtKMYvUfL1zRGqHwfVDUXLUJZTwGUm6nRzLHhQh9xUNsD98SS6TjdRWDR4FNuy1

Transfer 1 tokens
  Sender: GgxgSuyQWfKa7BowPaf6NnXJ27v4Ut77kESHxKgYXzTf
  Recipient: HZodz3HJrhXymfQAXvm8H8KenmT7rwGogrA6X8jag2oy
  Recipient associated token account: 6SQgrWXjZQb3oGm7MQtDHrRjdiYzBKq6Xfb2iQtDH7jv
  Funding recipient: 6SQgrWXjZQb3oGm7MQtDHrRjdiYzBKq6Xfb2iQtDH7jv (0.00203928 SOL)

Signature: HSBoXsMoLy24ZmhCeBjGqG6qEEgsLrfbXE5UGdFjCgfRUJLukiwLonjoVjqLPG8BZX3ZidgGGZwEZjdqfEgsGEN

Transfer 1 tokens
  Sender: 2qLQxxUkGc6E2N3mfXHKZL1fFbwz1vC6XxfhthRkHT6d
  Recipient: 51oET2dy4vCmZ1JMGYR9hbsvsLng1vcLD6z2AZp1uq1j
  Recipient associated token account: DGyNdBhhyrdTu3xEdi7CMtRFQCGFjZwQidDNhJjWEaBH
  Funding recipient: DGyNdBhhyrdTu3xEdi7CMtRFQCGFjZwQidDNhJjWEaBH (0.00203928 SOL)

Signature: 4E1R1W5NGBEUTSFgqvJ4oqcXYTXNciwas3B3GLKbEpmmD6KKR2R3Rx3eWhHezdb6CiskX5qBiyrGWEWexHVvTWeu

Transfer 1 tokens
  Sender: B8v7jUXBi9HGuYsLQ5JgVHE3v6FwaMPs1mv95qPNCNxW
  Recipient: CGqyDdLVve1Ws8xLQbxB5spzBhsCVkLw7PzcMrwATiwW
  Recipient associated token account: 6a4WcTdEMCp8i4sNeasryV6RJHfg2b2rNPgLr88cf6dZ
  Funding recipient: 6a4WcTdEMCp8i4sNeasryV6RJHfg2b2rNPgLr88cf6dZ (0.00203928 SOL)

Signature: 3CZQ7HRgWsmY1AtzTfAbUDma4m2ukRu1LXQCyZWaD6qK1KcXsRrccGtYq8Vv47i6mGug5UmDBSBTqdjmDc86hxac

Transfer 1 tokens
  Sender: 4NSGhHBmRfyM3G6PeZsPLQs9M9deFTcvqF7cgU7NRZG7
  Recipient: 4iyrFcX4gZq2qph8DAvkPp5NEFdfEV124uHivUJgiwKx
  Recipient associated token account: 5eT765oCH7fHxgYWvCqYv7JtvZCczuXsNFxicQ86SE4n
  Funding recipient: 5eT765oCH7fHxgYWvCqYv7JtvZCczuXsNFxicQ86SE4n (0.00203928 SOL)

Signature: 3yjAqkni6WPE3aQwuA4obAjtPDSE3rtrEwAdfp4U8p1RzQWMHC4nyTpZRPYakVMEsJWB6mCn3sJ72RNRoHPFMhta

Transfer 1 tokens
  Sender: 7ruzjwMSAqyTR6hkWvWeqUDALNCi6E7fdQZySxnM3Ek8
  Recipient: g2q4tWwSoLzY2PYmYM6YB8167AFP9L5J1Mf4xJ5cJhB
  Recipient associated token account: HnHJZ8zFuGKDGLn6jPi4ovpbuxFEwx6Hmhy9bTNPG7XL
  Funding recipient: HnHJZ8zFuGKDGLn6jPi4ovpbuxFEwx6Hmhy9bTNPG7XL (0.00203928 SOL)

Signature: 3Xd36matpbjRCPoP15jpA7jesmaTqbPps1hpggLZn9c2hTGNiatJoDx2K9xFwebaN1b7EFZwWkoKgSeyQkfPGmck

Transfer 1 tokens
  Sender: DTbJVsDYYo2nxynD288W7LZgsMzFav1DwoMwCikUn19X
  Recipient: 4mH75fm4SZyy8Wn8tjMg1XTBLDrn8is7iiESGzVqqS2H
  Recipient associated token account: 9qe4efVzh5u3qUH6NCtnRzA5sy1sW6J5zUGJAk3fgwZf
  Funding recipient: 9qe4efVzh5u3qUH6NCtnRzA5sy1sW6J5zUGJAk3fgwZf (0.00203928 SOL)

Signature: QkMUtyBEJE2c5hwyui3Shyaf6a6c73K8XzHe5kvvvLBQXakqWFEVwvP7JKQZh9e5UF4Puq7oZmz2Xe9WfgagVMC

Transfer 1 tokens
  Sender: 5WLUNBWKFM6pLohvyPgrExpeYxEjr1LPjb3Y1ZKch3ji
  Recipient: 7m7DxtsMcuaQGHv78gGd4C8jJhnx6PMy5oEibQV7dtxQ
  Recipient associated token account: 5bocw6ufuS6FGd2JAk8W1fXUDX8ceWqmVkWNrnCkBA8t
  Funding recipient: 5bocw6ufuS6FGd2JAk8W1fXUDX8ceWqmVkWNrnCkBA8t (0.00203928 SOL)

Signature: 2krzLTD632U7Z4hVog9N7eNqqvMg3z5bmokJMr2wZnmf3jopgVpso8at4QzSyyXgbTHgKhyeRuLpXhaodfyQuXSV

Transfer 1 tokens
  Sender: EVU6uTHatXjWrMv4a7E7bW6x7tRKhA1xAWwP3o5QAVQj
  Recipient: 87kEqjQQ7S97WAzbbtkDxF5DM7JakX8GqJ3grPkmPnGG
  Recipient associated token account: APieBNBsLk79Q7Zwj3sewWVxZgEpiw9Fb4f3vZxKJWLb
  Funding recipient: APieBNBsLk79Q7Zwj3sewWVxZgEpiw9Fb4f3vZxKJWLb (0.00203928 SOL)

Signature: GUaoivdBiCri5prB4wKGmZjacXcqx1Yd1J23oc8G4CW8EZUgGC23fv9CF5S2RDMJfwVJtraD4PKJBXP836nhCQK

Transfer 1 tokens
  Sender: 3pDRhEoDmRnKcC3V7w8Wd7KsRmNovAsc8mbZQaUFoQ6U
  Recipient: 5BLyNW5zDfahBpoPp9JYqXTRWxJEm9j4FVFWLKxAXEDg
  Recipient associated token account: 8mx9sU3F7UPdC6zAU4wyaXLbCCZEwWMEXTZS29j7B1BN
  Funding recipient: 8mx9sU3F7UPdC6zAU4wyaXLbCCZEwWMEXTZS29j7B1BN (0.00203928 SOL)

Signature: 4friuvxYjZddnGMw5BUtL4Ur4EQ6bDrr3j6senwanHk572AAaCF9KFA6S9XUExLVGvEXr8f2hYVBYYzHMjEnphew

Transfer 1 tokens
  Sender: DpPGQ8knmXrziusYNoceuGjF6d93zLSJae3jtdhuqkDT
  Recipient: 5AwbrzztsJT3wbgYFNLhyFXvncrMP48z3qBY7QxC3gqb
  Recipient associated token account: B6qR3kB5epmrXobDPNUyhkJMmu3bWzgKBk4Uft1JNuMD
  Funding recipient: B6qR3kB5epmrXobDPNUyhkJMmu3bWzgKBk4Uft1JNuMD (0.00203928 SOL)

Signature: 5zDhWoJeDRmroGheXgdQFFWoKijerc3GDQpnCwNWXiiRjEVxipHUv4ZZEGTe1AKfKXrd1EkniVsJJ1g1ybSKgVtu

Transfer 1 tokens
  Sender: 2QvGudYdE1mELbWsUNDvSdGcHs6DsFTLfCkWKGb16G3J
  Recipient: 2eBBNzw7DeWuYfWhPVGanm7VyYogiWKjSRcAHhcDFSMd
  Recipient associated token account: F9kzmyPiC1hi9N4gVZXQZ4yUdWtudCDefv9Md8MA7y7g
  Funding recipient: F9kzmyPiC1hi9N4gVZXQZ4yUdWtudCDefv9Md8MA7y7g (0.00203928 SOL)

Signature: v7Bdx2Y3Wse1w9GXdz1aw2R72CpPUipXM6CYtuAiQwdDfjgz3F4NGDtT2PyWewLyX2ewTcrnt8tKxVBKMcp8M2J

Transfer 1 tokens
  Sender: J1cHNHc13DWZoG7tsPcLXwb8AGq9FG95P9G2arPqZgex
  Recipient: 9inkKRwsNbqQeLMhkJ6V5TFHJ8yfzYifKnngCdqSagF3
  Recipient associated token account: G9Ev6fEcNFcPaFY6HVsmuiNAj1vjs7fZiA21QerbG7bQ
  Funding recipient: G9Ev6fEcNFcPaFY6HVsmuiNAj1vjs7fZiA21QerbG7bQ (0.00203928 SOL)

Signature: iN1d5RvyX4VGzrvQGAumr5ucjJLHGFa2qHfdE87zHjhyMSGJkxy9SrK5CWQbYnSPEjHhNevk95QkxvvSqWEjL6v

Transfer 1 tokens
  Sender: 9NrGcY9WuudTisj2G7NxAT5uDrZfhsSFdvCK7DmuGEu1
  Recipient: D8wt5SKsLQCL7YPFFRNup3CNhSvJGyE8Khmsr5aZpPr6
  Recipient associated token account: 22s2sGftwSQzCkjYsYPMvRTCvYF4REZxmcVC7Ysf3Nzi
  Funding recipient: 22s2sGftwSQzCkjYsYPMvRTCvYF4REZxmcVC7Ysf3Nzi (0.00203928 SOL)

Signature: 5x1boJzWkPG5MrTgYmX66qVMyZU71Sw2JzS6JtvnN2DBMwm2DmuyBMmBU6upMFyCgLzH1dmbm9jxENxGXBboR1xv

Transfer 1 tokens
  Sender: A27DoR93pDdiURAquNiewQGnqRqtpxBGBdLkTKBSLA2r
  Recipient: 4FVaeboZ2S3MGgKSfwGTJQV5CbrhbD6aBV9m7MXZTAk1
  Recipient associated token account: 6FCwGHRRNovtBz8dfRFc2dSuDvuw33qrctvZSravLnmv
  Funding recipient: 6FCwGHRRNovtBz8dfRFc2dSuDvuw33qrctvZSravLnmv (0.00203928 SOL)

Signature: zGrMA6CQtWmWReJVvZSpYfdsmKQP2zcJV7KR7Y71RWzZVSEXzM5msA4otcRXugukgVfQLHVQuncG9EmYM8UeKmh

Transfer 1 tokens
  Sender: 5A7YySdY4EqekdUXd5marqr1i36jBm3Yn7WYG1XL3Trs
  Recipient: 3eucHmLaRJzL3d3rzYx94KvxcVhR4ESLo9R9hhb5Snbo
  Recipient associated token account: DUiF1gksr1wGF7StgScM9QU4TEgWSibjVsRpNGLx7Uj2
  Funding recipient: DUiF1gksr1wGF7StgScM9QU4TEgWSibjVsRpNGLx7Uj2 (0.00203928 SOL)

Signature: 2uBj1daVqsxKhQvjo6cgyG8dp3rsKeTnpmq1UFHePk6VMiR16GddfRH4jbscVHZubLPoVx68RxAaGuVhqPXn2AjD

Transfer 1 tokens
  Sender: 9R7ZYH5dkKLrgx53ceKFc6m9T5TXMRLTNxX12BvtqAi1
  Recipient: 6BBBmfz2gh5ScbAYfGcAdgQkuWj41NiSESonNJBkGU6P
  Recipient associated token account: HLFqbnbSPW8pbRRz8CWwFy2XLvVN8hwRCApku6NArPJT
  Funding recipient: HLFqbnbSPW8pbRRz8CWwFy2XLvVN8hwRCApku6NArPJT (0.00203928 SOL)

Signature: 6WFBYSaz2R1cG86ezCT2eKEceKu4J5mg3BmBS96aZaXNQrcR3hRNfiL5GnvLCj5g8vGXg5KGqgDcxUWHoMVq79R

Transfer 1 tokens
  Sender: E5esZN4AorrT5cZQjQRL4pcWAzz4XkaRs3qSfm1zX5Py
  Recipient: 9ALakWbp4ododvgodMSPQRzVtYPXH1M8LjxHXFDkPds3
  Recipient associated token account: BkJPP27oHGKZRr7kCETg1m7p9fAvtKoEEeKZwubQmYc
  Funding recipient: BkJPP27oHGKZRr7kCETg1m7p9fAvtKoEEeKZwubQmYc (0.00203928 SOL)

Signature: 3rp9BmNFrBSyTrJuaxNBADaqWNUo4ytPRvbYgFLPJMjGNi1P6uGY7MGqNmfeofQ7iaiaDBihY3DA6iqvm3KEXi9q

Transfer 1 tokens
  Sender: 61jwKSrPoqvnhiVUAnbXMs4LeEUhLf4hj1SSEiDmNez4
  Recipient: 58njdpgncuNs9nhzpVdxDAinBFHXZuMwuJS6hap4tVVN
  Recipient associated token account: CJfi8TTRoRaGLKAQ4WA5FmZgW9BcUCu52HzmBb3hJu3E
  Funding recipient: CJfi8TTRoRaGLKAQ4WA5FmZgW9BcUCu52HzmBb3hJu3E (0.00203928 SOL)

Signature: 4c5AxXW7Sjcd9uUJ2x5Y5dno5mSVFVhFAmZhJxPbx1de8L4xB2y6hMXJwAdMQSAn9KVqzoBQyecjai7rCQZxmCz4

Transfer 1 tokens
  Sender: 8DedTjrJ47KCbugysMvQnqPFLkWdWKNRJjZ1chMiWaVY
  Recipient: 2tn4ToRyMT8Mnh29AHcrixZr8GmDBUjBcSqpYdEuWoAU
  Recipient associated token account: EH3TnVp5mVjKhkS8cXEUz4AcfW3K1mjH2yZjj5AM65sj
  Funding recipient: EH3TnVp5mVjKhkS8cXEUz4AcfW3K1mjH2yZjj5AM65sj (0.00203928 SOL)

Signature: 3pBJRTWZkSqtLZarUJ7TmRpWPk3fvBPPXCRjT1xkPiefND7KNYyFxdid2h762pyrYefdM8m6SvixgfxmRT4vMbVJ

Transfer 1 tokens
  Sender: Azpp2wWoPMGPtdvfB2Xcv9yjeZoquwp92hdEr3rAvaAk
  Recipient: 4MJ84srbSCz3eZJhqG93iRnf4rosLcC4R5Bpy7ZQmJco
  Recipient associated token account: FJUkBw3Xr9owQj9qxsbQWs8WB7BjFYV4WgLwPbmiAuAH
  Funding recipient: FJUkBw3Xr9owQj9qxsbQWs8WB7BjFYV4WgLwPbmiAuAH (0.00203928 SOL)

Signature: 4txcVBpbc9S9R6ku58XgwPyk2vGmjwfiVW3QZsRWoLKxuydrSR2M6wxa8xsu3vAF1Ei1nCzHTqE1k1x1owV97urf

Transfer 1 tokens
  Sender: 3Jtszg1hdji8CbFpuDikbu5u6sg1AXyEw7HnNWeDCSi6
  Recipient: 2mSEEsrV1sQ82J1PztWQJ66GJzy5NeSDuFBozNeBqAqp
  Recipient associated token account: 51vm5aF9QBdvmALetWsmpXoo8GMeTuvpN4CgvPkx7Csh
  Funding recipient: 51vm5aF9QBdvmALetWsmpXoo8GMeTuvpN4CgvPkx7Csh (0.00203928 SOL)

Signature: 3pvWHdhUnTU1NySLgyhmHe8CP2Tw49TdDxyQn15KNpLAJ8vY6bytgoeQnByi9KbkKuV6vT7fd8yXKxUYuQnAnwqV

Transfer 1 tokens
  Sender: 6XLqQ9tmMcJY8YLaoxLjiiqXyYE75hjuC2y43uYDNBke
  Recipient: 32jrfQ6h9XrfAjUseyBaRfFfLDUvPWYdm3BunPPkDak9
  Recipient associated token account: F8k9WVrU772bKcoCL7Fo1pFQrYZefPL6zG7WWArR1WnL
  Funding recipient: F8k9WVrU772bKcoCL7Fo1pFQrYZefPL6zG7WWArR1WnL (0.00203928 SOL)

Signature: B1L5v42S8Q7bkjhxEghVwLG5HJkmhrXo5S5Qs7kXVgmgeokApUM7nTuNdtE7U51pP5yG3bApA4Bm6jhw16xiSM3

Transfer 1 tokens
  Sender: Bu3VaXmrG31FjD7YDLVoe2mtdeA1beVB1UsA5AeXwWme
  Recipient: GbLWikrXWby3PnzVneRzpFTBJ29N8QtRdRZ8axfTjjrs
  Recipient associated token account: FvAC56aD2rLfyAupWeXwvh5CYUJ83h3xbBPUtCuzT9eE
  Funding recipient: FvAC56aD2rLfyAupWeXwvh5CYUJ83h3xbBPUtCuzT9eE (0.00203928 SOL)

Signature: 5Bi7Nnr1JM249ozGc8QjQjTFFktH18YfNCz7MoQkkDyAaNU4YZaztddt4ztDSNcJFaoH8LNFs7pnqaMPDLRqadTm

Transfer 1 tokens
  Sender: Fh1CLkse7UVR1sz9NDm3cjjsawgDyV33oouBbmUM8JGU
  Recipient: 7S8Gg58LnFubLLwmRKet6iTHvJBC1gLy7jt7diKY1UBz
  Recipient associated token account: 6QL8zhaSW6xa7DSxJ9v1WtGLZKzBWzNRj2vWx3MsN5JT
  Funding recipient: 6QL8zhaSW6xa7DSxJ9v1WtGLZKzBWzNRj2vWx3MsN5JT (0.00203928 SOL)

Signature: LMJT1Ar1g5eAXzQoUiDHr8CkG28b89ZJEEy9E5khZazfAZQ1gGG96Kx8B3aP7sSW71mftKV11UVN37BTJM2VLU7

Transfer 1 tokens
  Sender: 7A5hnu9NgUmNgboU2eAkPKThAy2qeFd6TuwJnurhEc43
  Recipient: 8fqtDjTBTT4uTdvivSe76vw7b2sHkegVsbVtS3LJsG5E
  Recipient associated token account: 3mWhR9oGoVSDRzWQCkvsGfR7BSVi6AFdgG3giSMwUxnU
  Funding recipient: 3mWhR9oGoVSDRzWQCkvsGfR7BSVi6AFdgG3giSMwUxnU (0.00203928 SOL)

Signature: 3A29AFUWWvtQL376SxvpHSCXyHTKEEJmNCyuboCLZdXTnd4E1hanW4xuBeLAK36DLY1SjkeMDk8QnyNcFLHeMqPP

Transfer 1 tokens
  Sender: nQA1C1WHu6C8T2p6xQ8ANTRwTvWnuL51F9cpX9WBpi9
  Recipient: GRFdkxZf5raq2T5kVzcbDTprDKie6oF2QNuH5ck1Ehot
  Recipient associated token account: DhwW5g7YnphQM2xoBayy1vjfSNibdpgam9MUEQXpvSUN
  Funding recipient: DhwW5g7YnphQM2xoBayy1vjfSNibdpgam9MUEQXpvSUN (0.00203928 SOL)

Signature: mzVe6qMnf7VQdK7V3qxTrpK8S1fhyxRAAiGhdoBFCYYRU3CdF4KZ74CJCDAxBy2HyAD7tahEceZXvYnGzkoLDq2

Transfer 1 tokens
  Sender: DjBRtRj9ikjvqpT5Pm1FBNeb9cBAW5bkbb4CPKFTpqUT
  Recipient: 4JM6ZjvVJSC8Mc3akk8595Efd2jB7yvJPmDSqNyrSv3p
  Recipient associated token account: B7sQzYHvV5VJvLuWMimvwefPYEHsSkWnXpto3Y3jj1kT
  Funding recipient: B7sQzYHvV5VJvLuWMimvwefPYEHsSkWnXpto3Y3jj1kT (0.00203928 SOL)

Signature: 64rUyLLL78MGGT2ygLBY6qFHNy1wBPt3ZoruWn27KRTEMfCBC5xGmozEmUo67P5WDA5Z6H6KYi6XaMzm7e3U2XsZ

Transfer 1 tokens
  Sender: 26Xen2vMKevxE6rnCoSNFwJk94Knu5EwofwpPQwFKuLp
  Recipient: JCKeAejKgMdSKCVdYHpyN9vN7r4hyATzyF21FJpJFNgQ
  Recipient associated token account: BDXdYRimeLQ9aiLDc84wcPnwCRYdkw4mxG9zmBWR9WG1
  Funding recipient: BDXdYRimeLQ9aiLDc84wcPnwCRYdkw4mxG9zmBWR9WG1 (0.00203928 SOL)

Signature: 2PYiFwt1RFGPomwm1nQeveru17ryoCbgY9PjHB54XWS9u6ystdPQ7b5CawkFxngN6BoPvJK3qno2zdpv4hhAcvPH

Transfer 1 tokens
  Sender: 6JHZuETvF3VxpgmVm1aJLSXYNSL3uw6RhACp1FTxKW97
  Recipient: CKMDD7Xp4pBztCG5G2utc3kXvFqPJ17HMDPUwhLiHzhM
Transfer 1 tokens
  Sender: 3YSdyd1mLQnVRpo1gebj4G3FomEwfRbAamCKhej1QhBE
  Recipient: H7E4JB8ebHaoKQe2Z3NAwXniKcuy7VVuAoycx7PYAbE9
  Recipient associated token account: AL4hEpXeajBocujhxQjRawd3DfzsXqjxckUib6bf1ay
  Funding recipient: AL4hEpXeajBocujhxQjRawd3DfzsXqjxckUib6bf1ay (0.00203928 SOL)

Signature: 3meoNHvDvJodfY4kQCeii7Pz18SwrDjkG7bwLpeesHyZMAbTmJcahDRefcrhBDZusWGfHzh7uvr44zRt3jLraQUM

Transfer 1 tokens
  Sender: 2YksDxQk7i6SweSfg9zKVVMhMUoy36z1XsTPVQAHaUYa
  Recipient: 2n5PbADyQXeCMztD5wnZjF3Nn2w8PmCmqSQ68TT6Q6KX
  Recipient associated token account: En8vbjpwaoT3kYVs9AaVT4fQxxCrwZPFfvEKSUR9pdPc
  Funding recipient: En8vbjpwaoT3kYVs9AaVT4fQxxCrwZPFfvEKSUR9pdPc (0.00203928 SOL)

Signature: tkcZV5cBDr6VcUrtoFCfnaJkZnCEh4aQRheLsBrQWRnFABhPQMn3JescgtRsp39yeEoHS8kfeFFrbzN3N2LgRsf

