Transfer 1 tokens
  Sender: 9fqueUT4MmsK88criPSR4MBB41hucX1NncqHmUKjUf4X
  Recipient: 3Zwm21VB7SYtYmVn2PnVj8qzzXzfAeoAifSoWNL7XZor
  Recipient associated token account: 3rVkhukHpz4r7n5DZLBPFyADo1CY3xwgNDtT997QSSBr
  Funding recipient: 3rVkhukHpz4r7n5DZLBPFyADo1CY3xwgNDtT997QSSBr (0.00203928 SOL)

Signature: 4TdsBUM5opuTB49dCVMyJFPyQj4JqK3Hw37gGTbBV9Gn7rbJrgbpGxWiDhGzW38VTytHB5QNCZd4myMTChL5jvZk

Transfer 1 tokens
  Sender: 8gtaZccN9mr4142bY2b5go1TLgzpPoVy7WWTLMbgDmYJ
  Recipient: 6dWYKwXPMgr9dbsWsE8FgsTHgHudFaF8vvaQTvYcHnn7
  Recipient associated token account: 9fonuSgvMfcFYemuvfMwniHS2NbSzaza4a9rayoxfhHP
  Funding recipient: 9fonuSgvMfcFYemuvfMwniHS2NbSzaza4a9rayoxfhHP (0.00203928 SOL)

Signature: 2mVSbTrAzdWXKsWT17vCU78bRRnZLLzj6n2mEqDU57SDfN7c7CzXW8N6ijjs378DpGs356pyN41oZ6jzJRGFCKP8

Transfer 1 tokens
  Sender: 7jTE5DiTWPX12rANE6bq3mRLqVrxTixf2hoPTBhGJbyJ
  Recipient: AgPhAsvcwPfT8bcAQxfyvymHdS9enkCzHDZP67ihS5YM
  Recipient associated token account: 9US7VRaN1eRANit2NgQeNB7uqg1ZzdPLGb1BDGSbirDU
  Funding recipient: 9US7VRaN1eRANit2NgQeNB7uqg1ZzdPLGb1BDGSbirDU (0.00203928 SOL)

Signature: 5y2CPog3rBUDrkX6yQ2eVvBismT8H5oe5PqmysAuhBwTNs1rwbGD4aDEmuuqLKFXcoV8eyKoFowanhcrARyQti2T

Transfer 1 tokens
  Sender: 4ZfJmQ2c9YoPLjFfaFb4uozb3RLsiMjdZEmWbv2tQLTf
  Recipient: EczHAfEajWAwvFQ6t8ns9rqxCr5XQMqqfbZxBBJBZByh
  Recipient associated token account: G6RxoKhgyyb59XUp2aBrdBvQEobsvbPiKbGTe56iJ41D
  Funding recipient: G6RxoKhgyyb59XUp2aBrdBvQEobsvbPiKbGTe56iJ41D (0.00203928 SOL)

Signature: 3kkfDVs4xDgG7CQJ5p2jzHaRxhwWXNdy6smHSoahRbUpH21AztFTbNgoZ7c7FwbtDGUkHPg38xqWDeiM3ASReQWC

Transfer 1 tokens
  Sender: Gaktm6bbiGqqUVxJmUChQgTBYvf5nW8ujTH8WVxkY88f
  Recipient: 3eucHmLaRJzL3d3rzYx94KvxcVhR4ESLo9R9hhb5Snbo
  Recipient associated token account: 74LFqXqAiitu15i8wpGpeSR8Y8UMCFYZne2jFsj81iMP
  Funding recipient: 74LFqXqAiitu15i8wpGpeSR8Y8UMCFYZne2jFsj81iMP (0.00203928 SOL)

Signature: 532myX5tEgGsS2nXoSyiJkqTcMhvbihYoacGCWkb6D22ubGSC8PMohBZrdCCmKfBgkkgZvyoSdMZ6zi9PMvWjvvL

Transfer 1 tokens
  Sender: 9fqueUT4MmsK88criPSR4MBB41hucX1NncqHmUKjUf4X
  Recipient: GDfpHNgFZB23Ax8MFXaQ8BAFBEfrf6MaHXLCM67UErhJ
Transfer 1 tokens
  Sender: 8gtaZccN9mr4142bY2b5go1TLgzpPoVy7WWTLMbgDmYJ
  Recipient: FEFpCkrg3gGRU4dFDdeqvfT3Xtvt1h8Evksmi6F7kaNf
Transfer 1 tokens
  Sender: 7jTE5DiTWPX12rANE6bq3mRLqVrxTixf2hoPTBhGJbyJ
  Recipient: DKB99TnrHDoNPa2fqfbmrek8MyZdstpk61dae7SxgzxW
Transfer 1 tokens
  Sender: 4ZfJmQ2c9YoPLjFfaFb4uozb3RLsiMjdZEmWbv2tQLTf
  Recipient: HHkbYGkcS9Dz9g1SvxrRSUb5ibiM2mCircigQqYqPkqj
Transfer 1 tokens
  Sender: Gaktm6bbiGqqUVxJmUChQgTBYvf5nW8ujTH8WVxkY88f
  Recipient: B4rgw12B8zqseHTtDMSDR9Ad8Qsk1Qj35xx63wAkMYV
Transfer 1 tokens
  Sender: EStpZFfv7WAPHBY2NUbWDrAMwb7btGbmtaHRNM4LUoYw
  Recipient: J8gN62oYWN5JYY33iKQmx5LXGqX5wZZJ8CReNkQMCXSQ
  Recipient associated token account: FLSUAd97DijqcJ5LSWftXHg887TMtGEZDw5jXKBGB54
  Funding recipient: FLSUAd97DijqcJ5LSWftXHg887TMtGEZDw5jXKBGB54 (0.00203928 SOL)

Signature: 2wK1dnN14FjREDbwiBD9nAiWJaaYAs1snJ1GpdZ7MqoPjbUhVcH2WyHyo386YUo8YkrMb8MWTuGbua2zifMt9tkm

Transfer 1 tokens
  Sender: 3nCqeVFFmH1pzuQ8StwpVahXo9YuGfM3oiT81W41xsd8
  Recipient: o2Aug6JB1RDFk7yYsf8QCjpWo2WzgwFkM115gtSJU8r
  Recipient associated token account: 2nND4QHTZEqRe9LQEqqjSta3iprJFb8EDoyVZ46oZ4d7
  Funding recipient: 2nND4QHTZEqRe9LQEqqjSta3iprJFb8EDoyVZ46oZ4d7 (0.00203928 SOL)

Signature: 27gQsaswkSKGa242xshK11kFTgSyx887g3uvLg8HxH5zbJ82betGvDiGbbeQZGRr9HTw2Lq3vXKJXxz7rEMY7zkY

Transfer 1 tokens
  Sender: FhoWSEWNNXTRqiKP5e8cX9sFGkDrRqqJQpSXSRUHqsFv
  Recipient: Poc3F21LL6fiHG1Eg9StxqHcLQ9BYreAhzXfRjY2Am7
  Recipient associated token account: HdjnFPBQXJ9qdHHDMySTAVADcG2GjwWqCCR48Z5XRTzZ
  Funding recipient: HdjnFPBQXJ9qdHHDMySTAVADcG2GjwWqCCR48Z5XRTzZ (0.00203928 SOL)

Signature: 5u4E4c4WAWK2rsxukpcquE1Qv1gbYRkah3s9oY9BHoJTocFj5jBivp6SbnHjho9km2PtJALXC53PUdS3FMxZ1LcE

Transfer 1 tokens
  Sender: 6Mv4MVRyb5X5xdYjL6R9SjQnrrjwUkQNJ6QfvCVaiRUr
  Recipient: GMsWMkNjBTmehwKsSkk9hqaRWmTi682DwrADihyPcjcb
  Recipient associated token account: 3pW67VNgshbmaxwRSynrXJngCogBfkbsJouWttDZnJ7q
  Funding recipient: 3pW67VNgshbmaxwRSynrXJngCogBfkbsJouWttDZnJ7q (0.00203928 SOL)

Signature: 3zVuJWr1MzFEfi4c43C29Bq9eybc1n93xJbvMzUhLMhWMZJ4VtY3REnbdWz81Jn2diH4ATdFK6bE1qccfSDvjTbG

Transfer 1 tokens
  Sender: 4mKgjsPzaovhuTk79u9nRZ8oPs3fxta4Rak8x4HqVUdJ
  Recipient: Ab4ZrZjVR55EWrTjzeCwEJSVuUrmotM55wciF9HyFkdd
  Recipient associated token account: 13mxfM5NuLV6hS2tfbYZZa5qYSh93jhNQPLG4iA71afT
  Funding recipient: 13mxfM5NuLV6hS2tfbYZZa5qYSh93jhNQPLG4iA71afT (0.00203928 SOL)

Signature: Q43FvcZ88HUsPkZPfP5uV35Bbc6jsz26QEAndVNsaVY21s4WfkwABc7rZfaKmwi6WM5MGk7zAakRZgPpDLWN4hQ

Transfer 1 tokens
  Sender: B8kctmTwZCUp2YTyXoSY5F3hVXG9pwXZ4fHciXvd6sur
  Recipient: CDa3JDeXyL968gd9uaBU4szJZVR3cHSArZ42kZn4khUb
  Recipient associated token account: CP8gLpqGTntTFCNTp6HSLyXSM1GD8idcCvSi9jWvNHE3
  Funding recipient: CP8gLpqGTntTFCNTp6HSLyXSM1GD8idcCvSi9jWvNHE3 (0.00203928 SOL)

Signature: 4Kqj3JLKNVNhE1M5xMBkPBtcyA34W5FYwhGGAoE5XQ792vSp1jwA3qZE8oMGEqHzMwgvAmzWT39bMGa1iLvWUR26

Transfer 1 tokens
  Sender: 7TYPrjvDjWgGqMRCxcpMqnvRbgphKxapwXp7fiLRL272
  Recipient: 7srUnsGigLyApFwxw3MgNawzDrEkDYpjZtoQvBi6ayeU
  Recipient associated token account: ERtAbQZquhHJ6DubUa7FgXS9rYM14VEA3iHPEfdenCQZ
  Funding recipient: ERtAbQZquhHJ6DubUa7FgXS9rYM14VEA3iHPEfdenCQZ (0.00203928 SOL)

Signature: 4oumqvZBwZrLFyv5PPBWE7DmYniWJ1WBachBgHN2MnYiq4AsDeDmL39TkGE8RWKisUGrvQGpNvi6y3CnfH7Jpzpw

Transfer 1 tokens
  Sender: 7kiLRxYDGLvpnXUqgAyTrqzckt5YKgXzR3V8nqa9y9PA
  Recipient: E4Ao1rUU6nmLVLniY8EJMXkLzxSE2qncuoNb3cAuNUAe
  Recipient associated token account: ChXrbCkFhTQnzEKcXyCKMkNiRTx3BjuYxjng4YczHfEv
  Funding recipient: ChXrbCkFhTQnzEKcXyCKMkNiRTx3BjuYxjng4YczHfEv (0.00203928 SOL)

Signature: ejAL9fhymPfNyMTN25BB6wtqRPW1Zf8FrWEnyFkfEtx2ir4UKavozsRpRv5AkAvF7Hboizp9GtJNvf6xhK8mDdR

Transfer 1 tokens
  Sender: 9gZ9HXdgBKdtLYoWDqNNDzvgACSQH2XypYH8jeCi549t
  Recipient: 33apeLJZtc7FvMqWoLU3yWupJCN6ijGkKUD2gUmjhxe9
  Recipient associated token account: 64w8126dhoEmLHEaDWeSJRgc2goNHXxhFQ25g3XAkDYn
  Funding recipient: 64w8126dhoEmLHEaDWeSJRgc2goNHXxhFQ25g3XAkDYn (0.00203928 SOL)

Signature: 4eXPdKnWVqKyKdfLYpmWgQmndCKqMyGQb776b3gJeKet8tiqLm64cFYXvnELqwTrnpjR4rzR78sMSTKYk87w5LBR

Transfer 1 tokens
  Sender: GmnkSU4mWnLa2LzAQshFqKTDWAdxDF3nLrAuCvmYmYeo
  Recipient: 51oET2dy4vCmZ1JMGYR9hbsvsLng1vcLD6z2AZp1uq1j
  Recipient associated token account: 5LrRbfdPj8vJ4S26vpXm65QLR3P8ywVRWn2NC7XXKFEt
  Funding recipient: 5LrRbfdPj8vJ4S26vpXm65QLR3P8ywVRWn2NC7XXKFEt (0.00203928 SOL)

Signature: Vo3iVduXmWqVpHrs9bBG4kM2CPJ1mCGZmX9iMaGKH8z1ysthopY3FB6c5ajUG5NesUFT6eXmwcfDgYKJuJYdd6c

Transfer 1 tokens
  Sender: EFrM4zaDZbRtwRSH9tfjPagmT3iiMJMVFf1ZYR8d242h
  Recipient: 6DNn4M9Sm4Tt6qTXCjmmeMJ2QBqeQAwSXwKBEHDVYhAm
  Recipient associated token account: 8wEYBCwAogRZXEGaSGdc9MEwBHVEaQDhDWb8CH2voQru
  Funding recipient: 8wEYBCwAogRZXEGaSGdc9MEwBHVEaQDhDWb8CH2voQru (0.00203928 SOL)

Signature: 4756WBqK5qdoBkwGDzy74MzBHHWqMyQ5ndxBYAzjcDyH8JK8qSzHabEK12PHL6FWNaqpDp1G3hcJHtoUZrGezeE9

Transfer 1 tokens
  Sender: DUyMX3j4iTfKBVY33ZJTQA3F4SsmCnwQqC3B8w6pzzHB
  Recipient: crpQUfqtr42Y1W5LgZjvjVnEo2nsmXhSuZ1EyomFCDj
  Recipient associated token account: 75UnRxfgr34CUdXvTX9z9XbV9jzGQWaBy7JQ5AfMy8FQ
  Funding recipient: 75UnRxfgr34CUdXvTX9z9XbV9jzGQWaBy7JQ5AfMy8FQ (0.00203928 SOL)

Signature: 1YWitoEWHm3YBUCL9fZSrrNShKCT2SkJTuNkxHroAxP7NBpBguiuqumgAXuY5tifbr33hw351D2c3StEp9B474g

Transfer 1 tokens
  Sender: 8hRqLCMXPnE7yFzL9iaJgDRghNhk8KhNpyXmycX44Uax
  Recipient: AcqArvqhr9i92Gp5URBcosmzYtoMHMrYz3yiQYEP36Hp
  Recipient associated token account: FRds3iM942b9Xc2jP5Vm1XgHqUGeQg4yRbsiFjaCSwNR
  Funding recipient: FRds3iM942b9Xc2jP5Vm1XgHqUGeQg4yRbsiFjaCSwNR (0.00203928 SOL)

Signature: 4f2M99R3WYCaSjxdYyZJEyQZyuF5jk2qE55JuZe83gLDqwkvBYeqZePrLqsj34vZFcTy2fqri3JsyP9MeoHWkT9A

Transfer 1 tokens
  Sender: 47tuW9XBP4XJebGCGNV9NUXX7KYCejjFa6NBUDR1QFjG
  Recipient: 4cKqqwoADnQVUAapaq1CrCwpBwbvCSohZPzB8aHooJjk
  Recipient associated token account: 2WfdiND2LRfao7p35uQmUoY6SaY7QTVKr6z2KSvSEx5C
  Funding recipient: 2WfdiND2LRfao7p35uQmUoY6SaY7QTVKr6z2KSvSEx5C (0.00203928 SOL)

Signature: 5Aa25k3TXYrCyjFnyBKKuerqgvdWrbbEFXT7YgUyJhqzKzKRK4kyADpp7BUoxVkXTu2duhPc3t4LUbxtPK11tWJ

Transfer 1 tokens
  Sender: EiwCDPAAMYRfJgCwz6DswShqKYw8gBQjpQjYaVfX6Crf
  Recipient: 5MC5gpRxnoZi5MMmqjvTTuWsyqQG5nq3w1ghwqUszpg3
  Recipient associated token account: FR8Fo2bmbXyrG2afPShHhRC62zBXYnBhYUhwQEgnUhgo
  Funding recipient: FR8Fo2bmbXyrG2afPShHhRC62zBXYnBhYUhwQEgnUhgo (0.00203928 SOL)

Signature: 4UcWQaV2MphTkq15jrKN6nLjQartNTRa2nQveabbiBFSreV1GLKQsdGksuSH8knTRBfzoMMWCrByA7dW1LHRgCEj

Transfer 1 tokens
  Sender: JRwLEgMeLZ6iuHXfXx6YZRWtVUaaVkfnmjoBqjRkkLa
  Recipient: 4eg3MW2HpGPaNk6dHj8RZ2dZhzYC4NxpRRaetFsePHa4
  Recipient associated token account: 8GsQMCa5BKFukTpzotAyDU2bnfKbaLRb7ebNpRHqm4BP
  Funding recipient: 8GsQMCa5BKFukTpzotAyDU2bnfKbaLRb7ebNpRHqm4BP (0.00203928 SOL)

Signature: 4fgi6qUKq5tDKJASzBFzDzfH2q6tY4kvvLwf9sTDiXMYc9f2adzMauVbATHPn4rfkfa5PWowVhhP5JqmsxGTkHUz

Transfer 1 tokens
  Sender: DHeuqQFAzDXw1c7wC8AsSpuksd3g7MyymEQsVPGQbAME
  Recipient: 8kX16Yj2WBCz1sPXcimafGrutQkw3s3Swe9sR3gt3cC2
  Recipient associated token account: AA7yYAa9NNV9PkqfFrkurAMNNwLcjeVDVBGfjhod7gGV
  Funding recipient: AA7yYAa9NNV9PkqfFrkurAMNNwLcjeVDVBGfjhod7gGV (0.00203928 SOL)

Signature: 5aXiFsppxfjUuoLmN36ZXenS7xUZBZjqy3jbUCa3G5rwaw25fKEFYeVGiK1VN6J4aPQ8Lg61FwCWfZ6SQbMZWwBb

Transfer 1 tokens
  Sender: 4QLc3qNDmVo48gkMVxxiujdb89xAT6ANYRXYvTwxu2Te
  Recipient: H3MJk3oadxydCecsMWhgSeU2TjB7mbMUDTnVbEjuQBzZ
  Recipient associated token account: Lu7pPBE7TQ9WQvKz3CshxxiTWn49EThyqcddZFL8aFM
  Funding recipient: Lu7pPBE7TQ9WQvKz3CshxxiTWn49EThyqcddZFL8aFM (0.00203928 SOL)

Signature: R7QusSY4X1jhMit2vQjTjV2zTtAXkMjtVjnDiAhuFq7HW6ZPz1iUTRZiUwtwwkmUZzxf3apvbUZJrqj52hHw1ZM

Transfer 1 tokens
  Sender: GR4Txq5A3nJQfRZHgmSMtFfKJa56Zq6b5Yrda5TwYNVp
  Recipient: 5U6tEw4aDK1djxxgNV3URWm8aE2PTsMDh3EpZNHxh9AU
  Recipient associated token account: BWSj8didDGXdo6YuDKVG8P2f3MavUjcUJw8jFKprxir4
  Funding recipient: BWSj8didDGXdo6YuDKVG8P2f3MavUjcUJw8jFKprxir4 (0.00203928 SOL)

Signature: G1g51tfccwxePHCmvhR4cNCULgbzpQkdodPWfV5BZmFUGZgYKp9do3cJi2KPktcojw2H99TDupXQGevrv5ij2GZ

Transfer 1 tokens
  Sender: 6Mv4MVRyb5X5xdYjL6R9SjQnrrjwUkQNJ6QfvCVaiRUr
  Recipient: GMsWMkNjBTmehwKsSkk9hqaRWmTi682DwrADihyPcjcb
Transfer 1 tokens
  Sender: 7kiLRxYDGLvpnXUqgAyTrqzckt5YKgXzR3V8nqa9y9PA
  Recipient: E4Ao1rUU6nmLVLniY8EJMXkLzxSE2qncuoNb3cAuNUAe
Transfer 1 tokens
  Sender: 34mHfnuRqKjPB78EuCDLqc9i7vo93E64CmXgHKp9a2wy
  Recipient: E6cf5us72RkxYu8hSUX1GNb1smNVAJhtDd1Gyafzb6Bc
  Recipient associated token account: 2HJBqyLe4RhqcGzu2VcuP3stxunViauGhhBPcZwaSSgy
  Funding recipient: 2HJBqyLe4RhqcGzu2VcuP3stxunViauGhhBPcZwaSSgy (0.00203928 SOL)

Signature: 2XSbvTnJGrK2M5wB6VjdtwFTPJ3k8fXsmHQ9bMqyCSsn8T24L4K5JSgUztCtArC9p8cfMYBHzpYzfdgSCxZZLnRA

Transfer 1 tokens
  Sender: 9gZ9HXdgBKdtLYoWDqNNDzvgACSQH2XypYH8jeCi549t
  Recipient: 33apeLJZtc7FvMqWoLU3yWupJCN6ijGkKUD2gUmjhxe9
Transfer 1 tokens
  Sender: GmnkSU4mWnLa2LzAQshFqKTDWAdxDF3nLrAuCvmYmYeo
  Recipient: 51oET2dy4vCmZ1JMGYR9hbsvsLng1vcLD6z2AZp1uq1j
Transfer 1 tokens
  Sender: EFrM4zaDZbRtwRSH9tfjPagmT3iiMJMVFf1ZYR8d242h
  Recipient: 6DNn4M9Sm4Tt6qTXCjmmeMJ2QBqeQAwSXwKBEHDVYhAm
Transfer 1 tokens
  Sender: DUyMX3j4iTfKBVY33ZJTQA3F4SsmCnwQqC3B8w6pzzHB
  Recipient: crpQUfqtr42Y1W5LgZjvjVnEo2nsmXhSuZ1EyomFCDj
Transfer 1 tokens
  Sender: 8hRqLCMXPnE7yFzL9iaJgDRghNhk8KhNpyXmycX44Uax
  Recipient: AcqArvqhr9i92Gp5URBcosmzYtoMHMrYz3yiQYEP36Hp
