4CVLbLUcNUdoXkb7GhEJmoPgiiv7G6fistNWu4Rx6T9L
5oHDfw9japqthSBf7mVAzH89yXgKjDH4FW3EhYynMm3a
MvogSQTXToXV7MS8hDbvfWGoELDtR5Z75SGMUNiUddN
AsxYivuyVu6znDgnwenpLSLvkZDua4mGKxTvM2JgoeDU
961La22VGQ67stUvUMWpRhp3dRma8vPvTkySkSspVYiD
9CeQYRt1eK15SUAv8AE6XPhh1ijhBF1dyPdGQGAiCfMx
9ZqsuK1kGGQrvnFFWeQgiZGUNy25RUeZkmsGWQnziSCg
CwyAnBZRGAaDVCBiMm3m4zrXNe4e6E8eUVgMrt4pHx2x
ADc7mUWD1evVghTWFA2ZiXab2mcHcV6UNPBGQL1UqMWE
C15qS4Q9tySt4jMN6K86Mbm29SjqpiHxgkx5ZF957Uid
FpQjZzsgNvo5P8y9qtsSeMXERVjL8YUdp6otxhQfH7DU
2HmdWRAuG3rLm6RmzCZ73HP6avBgPhJ5VNvNNQzUVjxX
AEUto3eFWHLAmmVRq3Vo2fmHXwte525jQGG6D7pN4RRd
664JR3KZ3WSPeufnsypjNnHGJZ765HuwvHXzAwVqBRzE
6DNn4M9Sm4Tt6qTXCjmmeMJ2QBqeQAwSXwKBEHDVYhAm
Hp1MvurGGDd7xA8zEdntreKcM2opJX5qD1WAApagZDfH
Pww1ohVqQrmaHKPeYwaVT5pxhQxJex3vhM4M5ocsLUu
3aHpBd6r7evsc4Zcd6XpYawBqLPTxaVReke9YfFQ54w3
GwzmFfkvxAQ24v8rDULMi6Hkr3HRoYXMUw5hwfUpaZCp
8xvJDj6Lw4NFux5mSsrEgNyiQzKYS7YYb7n3yof3BBiw
HCHbmzniCWVBFMNA6sZJrdb9BN52oaWT9JQhvND274Bh
9K4XUuN1rm5ErTzCH5kUg6L3KjC6SvMKMmtspar5HQGi
GyGgjGQXKDUZ2BWRFGdergYgewnh1aTXsZmKTW2fMyuk
7Zu1JJEUzQzQKww6MaPGYFa5xvxs1iA8oLkRh8SKQE1g
DWaAVXvNg9NcNUPLCwRbAhc8NVmFzSLPQCFuwkxgp9Tk
5d95ZghUcfxxnom9WJL6yJMQ43EZ3BWTts4WsQmZssJF
Bv4HytuReCvPRMofF9FoE2XRLB7SG1XsEsQqSU42SbuZ
nePgPRzKgbp99JRHtNPTudp8baVoT9rPE3S1w7gxDSa
6eej2KW9qSgcCtwgihVYScMpVo33DjXghJ5Q6RB4Woxr
E4nDoRPHAJki7vcpExGKqMA925L1WBZD7Ap6rQkvNKFL
9LAogbfHVtgX2McBuVERrgyiYUijWzhCrRfMybxU39qN
51oET2dy4vCmZ1JMGYR9hbsvsLng1vcLD6z2AZp1uq1j
89obRtCkiqcTkPhfrhxWzrBCdVzWiz9kgAHpPfEA6sma
GsmrTBoALiurqDsxcMurQK9EN7pDbi2JewoDhJYH6Wxh
3eucHmLaRJzL3d3rzYx94KvxcVhR4ESLo9R9hhb5Snbo
AEUto3eFWHLAmmVRq3Vo2fmHXwte525jQGG6D7pN4RRd
RTY7RjhPpDabh6ky8mQudWxWH9XLZLCRPAj2CqRN21r
2n5PbADyQXeCMztD5wnZjF3Nn2w8PmCmqSQ68TT6Q6KX
CgeQQY2g3ZKXSPBdTVa2sZ6Eet3456WfG7KmrTLRh6MF
AEqngpdTaH3T78AnTh25McWeoXXnQ2Fbfvi5aL5MBFPx
9vff2J53NvedyFvVrAcMwqRaxcQoAYnGPMFBboMRyS7b
92DixzBQGg5kQFtf3qJu9azgqkCxfFraAKHrUcyzSXdr
CvTZWe3SSDMks5rmG1wPA91mxba8FLw4pfm2H2YQAkgm
9AVnCDkM7qUaBChghtZACBcyDXYcKtMmBcWxcPz8uLHh
5C9tu7uVVvPj7ji9K8hDSNsYSpc5cLgbP3W1QxfW9n6U
7fMfhKhditDthwe2cZ4TUvG5NYxBm1woqkv9AjxgbDgx
CeXyRqzXX8vEcBYY2pXfWtiiQAPj9rFVJWdV3ZWemkb2
7mDVz3VijEuD9FiGBVbbyDjnifxkyV6WmPb8QsreYz39
48z8kbnt1GK1cxD97YtMLUGj4UtKD9fYSvmWKbv5q4NC
3MsmkPefAd1zbtJtsrrR61pFLmXYGxr3d2BK8wt6QYzK
7P4Bb1pCMuYNveYhg2j445cmTRCEGp2eAAtBQUv7Jz89
AgPhAsvcwPfT8bcAQxfyvymHdS9enkCzHDZP67ihS5YM
AEUto3eFWHLAmmVRq3Vo2fmHXwte525jQGG6D7pN4RRd
6TF9sHcqtUr2DXveu37VjtZakrdVf8Rd5E62rbS6Kph8
45kyqFLPivyisDntfumXwFiEqtFSmHZbAhsy5u4qx4Xq
3ooTnU4quRNztapYE5vVojHZSFqPeH2xnWC6mbbtAUSE
8nwBL8Mbyd8EeUUSwX2MzmmyBL63bDnjncZWAmddXh28
AMnL53CPuiU2GeuGXE6kVj4s7zahgodv2p11tnT57jCC
AzmgakTxLAutgbcNkxi3S4M6MvuZvwcrzMc43ErMFk4h
GSMjXjGwD2R3vSeDG8KUdo2e8zppxfagKVnheLqSJPtN
4zSAQEjPtC9FKdgr3ZYGso1sJoCjBsMWHW6trMkohELf
FaJyyFuhWWngjU31Px8z1h1hnowj3hXCDnvFXuLfVtGU
CEeZNPtLriaQZFiLbRWYgCfFoMeS6MXheVkLB2Grdkgc
JARU2boyHrhSV1X3sUK1SDCuL17t4zLk3HS6zdbZR8H1
SqSri3CM7V1GLSoKJJbePSt7UqGpEpiwmhnsJjsf763
2zTjUxhreNVSnRwbNeLie7bjP1s39SLHcMJE3AkXu8xd
Etks8yWemmNsnS3r1s8CmGDqkiW55iepDvHkB59QrgNq
9ej7a4re5ZsayUKYpU91q5UEakEjCwK9mFb93zDAKwUM
8mfSvKNsNfV1XFkZVJV7YV3igWdCJuJefV8GimBKvZsn
DbYP1EvF6Lk1KZa8t6MzFsoew41wMyXm2DSiJG12x5SZ
GBL32YNQnVNNcH2C6rZtT7zVX8ip7dgbry5VVJr76hgY
FMpyNybU9kdX17qsiprVSDJYPM4XmZMgVDx5dhhJeMio
FykdvhrLX6uoPGrb3oB2NtTpDbL36mTiW9aNEzm6bfxJ
Auj1LeMAfMLY3qtNPkS6e6uWNfY8uRK2A8DeJ6c8oyAY
8kX16Yj2WBCz1sPXcimafGrutQkw3s3Swe9sR3gt3cC2
5RXZJoR8nzG3QVJxmjgE6UsA4Qm89srjFqzEAjxbt61v
5V28cSsngWmq1n36JQPpVPK5oM24se581ck3obbjjSyy
7RvtX4WGag5Ggy4oMtj2ni3oc9amEPmscdHLGvGQdZsh
DcxwCGCyJWbiD5y43pdo8Tr9f3Uj15NoVdNH3RMmy9wL
9ZqsuK1kGGQrvnFFWeQgiZGUNy25RUeZkmsGWQnziSCg
GnwV7xhSksoZ1Ve3Zx5PqoxVEr4mKCBpBf5zRRcv4TvV
51oET2dy4vCmZ1JMGYR9hbsvsLng1vcLD6z2AZp1uq1j
3hXsHKQBfG7XNDa3J9jzzaG4j3J67HfSYC6qHuzhNX3y
6hK4TePe6J2MAMeb9AWcFwi3XCMwpp67BXaxuxFmNKR9
97xAKp8FjyXkiYqTtYWN9ArD7KxTevzaCAo7VCcwLAsK
3H1wvZqJgy2v5XxaMLFVtRnMeN6H1t7JrenehfQcn4qk
FpSrQMhnYa8YRnEQqKstyi8DYsMvET71CPfnmJkBSSP5
5EcLUki9LDfMnTP63BMyxizRbyjVQQgj6HhEAPQceMHn
C9u28tV9EcKf6iqCxcQvh8M4fnxtWU27vmS3gVwwVKSm
FA23y29A6AoqNmeFf4Kx6wj8aSd9A1aRZCxXNUb7fU3g
5g9P9YJNPxRMTZtWTPyRkUmdvaVae4MVjhr1ZHmHYbRH
8jcQfheCyfyr9x9GiinbS868b4Mfzd9s1zxpaoypgcpq
FmamYrSgGr1LWKyKcyZbaRG1b2jmUkrUC5pHSbLCRVkL
AkdfJa5NmE1pQt3Ai7DpgDg8kryN5qTZirp6LQcpen6R
33apeLJZtc7FvMqWoLU3yWupJCN6ijGkKUD2gUmjhxe9
FryJS4Ynb1kAMfZ3U2xBiajSkkWiaxo9fWULZxzgQ5P6
AzmKB7i1dJucc5Ec1mxpoJor662CDFKAAWRstWDtrmaq
5d5XjcPRCTjGmkXPnHx1hrdhXZK3exLX8mbEniqhYpo1
JUskoxS2PTiaBpxfGaAPgf3cUNhdeYFGMKdL6mZKKfR
H6P4ugLw69GjnuDen4mGaspXov3yvASjatnjdgDhJs8V
7tMyU22ViPrhY14fy31bSmTsQK6rwc9q3Zbq2u5RkZis
HAzL8AWL8EPEBNyVojJt4t3hsAz3qgyaRZ4Rm2tEaqf
D7qcUa3S9WTsgpqmJAfnUfFFYqbsoPKZgUWmwvYmNvez
6hyFrYJasjf848gT132t9nQMMFBtyKas2DP6Ca7uXvmb
51oET2dy4vCmZ1JMGYR9hbsvsLng1vcLD6z2AZp1uq1j
G3JtbENRthDPr5JH6xENWmfdnw3P7so1MRfxkejTcsth
Dr3wk5k5hfhrLvb6JvZMFCBEixAb2mMCmBm8JmY7tuJM
8bsTf4MYykcdrKRv4xQVBBE7LwVvexFobhiRs38fwSgi
FeJeijPRPQZdsdUYSLZkXNUKy4LDmdGbxvtfQoAHqvnK
ErAwqzKVB9tWuZoMy7mK9csjB6pCqQaeHmxWy3SLicB9
6dgZRxs4HCRy5m2ccQCsCUAWnRQq343ujJvufpNVYT6Z
HNKUuiFSMiCYBY3JVhfHCiZkLRAtiFkCTraso3WFZKMy
j8oLFiDm5Eiy873RNtY2Z56b1DVZrW8i67mTR1BLsLn
6CfjjT5Cyy2RNgn3wiGSuU1Q2VhrvHo9DxbMPwotzeUo
7N8fCtjYVKbvEfe1rSAaeCMSFHKaBHvcBkWKthBNEDcp
3U5eXxcnp5iXBKHkaBd83SMhBtMTggsPEUxWCNgitjAV
2QPRHQi7xXttgFsveAoC41CCjgqbPb2a5bKkYetjiNKn
DWaAVXvNg9NcNUPLCwRbAhc8NVmFzSLPQCFuwkxgp9Tk
3H1wvZqJgy2v5XxaMLFVtRnMeN6H1t7JrenehfQcn4qk
8iFRxf3KinD85BWb5JJEXAJdVSrFQqo8xoxbA93LtG26
3RugTeqtgNvgESsVCohkrGKEsz5KagjecuPg3qgpEWaF
EEUHeJFM6mUeN44v3kpepHXXBcGY8xV38TjTNxHEt76U
3bSvTse4nx9Y5zTazhr4BY3RTFUjcnUrechQ2whhsBFC
CWiXLx6juMmaq33BPXGJ1k2DPqzfDyCQWoAsUUe83CqP
Dm5ctBY8BwXzYqkjnob7FGF9sbxMmtTMtePJ2cJnb4Zg
4JoVozR7f4iJ4eK8QxLdZhV9Mi34NEWeVUVL9DGSKXtU
38NjtU8xxBDT2YaRtNqQTsa4jTXQjv41HrgkVCUfvRD6
7P4Bb1pCMuYNveYhg2j445cmTRCEGp2eAAtBQUv7Jz89
EkHsWj67nEwZKZk8RQsVqn4t9vv5VgLyArLnSo4cvVCG
GX1Vmx4AecReyK1QxMMkWhqzgGmNs9HUVPQkaDBTDvkK
88BZsUYzV1sg1KFsEH4vEyMTNifgo6MGGbUxiS7ci9Q8
AE3SPA3rjyzxQF7nZTdnev1Uy7rqJxZLqXQLzCkti3qE
Ai8W7hPXbEqSFRARx5svHbpGUNnK3kgqDsjoHXRZtynY
S3MsrJCCyXA8syCsDCgVGZUdWAJ4wGrzJ467ooaVDmj
CYVikdfqKK1SmPasR93k1p6CntrmqGW4YcoSYQQ2TeVp
CWiXLx6juMmaq33BPXGJ1k2DPqzfDyCQWoAsUUe83CqP
wCeVca7Ry9B4eKJb2JeA3Q1KkyFUCdhvdWmEC8mBcEd
9AEwm9w9QbeLiZmy5qDCVZXvatKLokHhLPRsrHogcyap
3irh8T6rYc8yrwn5YVd3vKYTLaXHsLFJah9zp8GJT7gB
5K1s9Xi92qd4ZbvR6GPPv22MQYMVX7TABLLyZA74MnSC
ELto4VRupMKSQoySe4PmnRBPvd5eiHqpfoQqEge4cGGH
7vAg7NxpWJjA9eTFneNemmB1ddsUowy7bbaDECFu4AH2
66oqNbfDhAAzaw8iYc69z8ZtMUHCnixUgrpo9599GtB3
BzHu964qt7p6KW5Fx93E4VR2xYuTit3NMxAncrLc7gj4
AkdfJa5NmE1pQt3Ai7DpgDg8kryN5qTZirp6LQcpen6R
5tgZmrCGPTFsQcsb8zswLfrGuYiLp1LTuNPBvfrQb2Yy
HXFXWxrQhrwFt8RPa79CcM5R8TsjzChsrrZQBX5ivZEK
DJjXBs9yMzEYGmCNwarkqV7EHu2SSsLGFG12kVzqqHT9
AP7H1xbTDGwvctqZj5xHeCZGy8i1jGuBQBWq2KdN4U6Z
6ofXwU1s3Ma4ZcvLG29UD6mm1auDV5jumMzRnY1FdFVE
92DixzBQGg5kQFtf3qJu9azgqkCxfFraAKHrUcyzSXdr
CB9es7tjVyKmCZ3B9jngkh8aqkKwLUjKNFwn88uKB2vw
2PGKikVMDX4GxRK6raFpi3u7hPUFDcxxHP14DdiNyXCQ
3K4QeLVrbnd9Jc8hsZANQEnx48QpPZpLkXjhvYYioZE3
GgZbQhys91T7bwVrnRSpzK1DCnzAjcM42ZtSs8PC1B28
5nTmScN9g2peTCRoffagCzrzpiCHzDZped3Lo1W4zb6n
EZsxgTx6JXqZS34sDynrFkKD1Q64Eve7AW8FjawFfovV
FryJS4Ynb1kAMfZ3U2xBiajSkkWiaxo9fWULZxzgQ5P6
7gZnusx9yjnAcDeXCnMrvCHHcKnnfR2jmHWvpNBMZA6r
6LPPpRg17Pmsy39efw3hEgfXQsjATUA8MfTih521iHdL
51oET2dy4vCmZ1JMGYR9hbsvsLng1vcLD6z2AZp1uq1j
J3mZu4RgKUaoVefj2dJPH5sVwvySH6aEna2fgbvSWFM2
3kdGQe8hqWFtaMfgf3yBdKYB1vLjwheftDsXKj4BNrsP
24iifBd4cBp6tEhYNZvPvdUsCuhmrSXXauQxrumEz4y4
KRUViqacuZLUAioiUpT4AdTjUZcuBsj2Lzajn723Fwr
ELmDvFy1PgTx9Eah8L18ounoP8n5TroKA3batwgwPGC2
8A5GB1e2iSdfpypjtvAyL19jGTYquVWXwMBBV6VDK7Zw
H6ewEQKqUYhPFNBUBjKugH6MNgBzWFoJ1U5fiVvyHDnv
HXpU8biVEztWsKPV1TDKPVwJvzrTSstbfx4pyGWRZDhD
AEUto3eFWHLAmmVRq3Vo2fmHXwte525jQGG6D7pN4RRd
AwgVoyFwAwB8vH4KnsRCGdfuaCoVHmmrT7okuLJv38dT
2HybyiFMCJes6XPP2sU81KqDV7w6xuNx1d6r9sB4kwan
AEUto3eFWHLAmmVRq3Vo2fmHXwte525jQGG6D7pN4RRd
FxbGsj3osX4AzJxhANAvGrgwSdRxJruGKxybRnH1rVDX
3uExCZNA4XcoLzfvjPPK53VpgXqKuWUBR3dmjR2c51TR
7P4Bb1pCMuYNveYhg2j445cmTRCEGp2eAAtBQUv7Jz89
6E1m1jQfPY1bk48NyN1GMwJSmxUbS9Sqr57DyitziLWn
41fxit1aqZrpYzdcCbSFW5T4Y5Y6VZaTihQ7RqA4EuZV
AgPhAsvcwPfT8bcAQxfyvymHdS9enkCzHDZP67ihS5YM
DMr8JXybdbK6aUWum7zbRdZ2ECB4u6di1xH8UtzkyF4n
8A3KSxmVE1rx82odQDeLqg7S3HN9asrAT7c1uBWW5Jbz
2jQTV4dbMWUwfWqvhebjcLx3wGUqWqaNtipVyR2wP87P
FdvMXoYeqtGkGHhQyztVFQMTRAP3oiQkLjVSFe17RWa
2pVuK3Aq3tThhXDsW548t5miF9AsR8DCFmpCHjEx6mVH
5awsmonFXxL4xCNQTYVgw8zGWXEzAcoTbirxYEYqxwh3
GRKqLdY4K4VhQC79Sa6EeNpSKchuXGKkZELPAUtg5UiU
CakCB2mYApvhtzJWgmejHjuTAVDGbBk5zjzrDctgkxjM
7xP8eumueg2K7cw6RYEVEoLHHxBkjRZ4qLaAYRQTEwTp
6LqrsZx8J88yXDf1mcZKn1qnFCAZo6YdDgU98cPKx6cN
42aV5YbqVnHvAyARkHpU5s7CwCbJt3qBv2BzbUvcuuVb
HpcYvvyNRzva7uCvN1HRBUBrou4TW1i42oXYPkkXN6tU
9ej7a4re5ZsayUKYpU91q5UEakEjCwK9mFb93zDAKwUM
Cm8cYtgtfyULCzisqUnMg68aqqi12PGZScouQfJRfrG3
Gs2FSWdKKjHKF77z9Rit8B7Txef4hvWF94yLhdxteDGK
AuyReLxkUPqLADt5BWTSw5MaraNbiCpc3T52EF76AWc9
9F9Ku9zQ8Vegtwr1afvqHNKKkjPYmWGsYtRoFFWYtRdi
C9yn3WJMmDUVoDaR4phhTc7ewUc4kwhZN31XZJi6Q5vG
C91QVSPebG5w5SP8Wg97bqfnnNfG6j9QDuTFC5EM25jz
GNbUYvpg6mEuxvoZHRW7PfQgiAVn6t1k8dF8PBKdMweB
GFjRSmvqZ9FUo4Etqw1pV1Cd5z21LoKfboveU8u69JMu
5dNGzQh9sonyFUcTHrH6wiCczokUMSc79miMEysyVYjK
GsmrTBoALiurqDsxcMurQK9EN7pDbi2JewoDhJYH6Wxh
4JMQ1gj7vEr7j7dVW3YKdxohCmdDayX4BJMnRf6eWa3L
rxuqLTYAC5quzjBUcUftK8mzhwGGFNByRvDf3A9oQSH
HiUjBgoomN7PgCZFPdM4KC8aKAFfsraRpTjNKnf8jxww
ERrznCBcv946zdfxu1p2krYizeWfpAxrx6mkwbVQZJK7
H76qeN6Kk4PkMrT9NHB4AGBnVZ5X2cfjnqFjVQYtjS66
ANku3SWp9vX8bHfQEKnjnw29t5HGkxA4fMXxzcERQDgu
6AEp7dTA5bEdKP3449iYEA3WyMJJHUByoPUKFvJQMo1u
D19N9udTVk5VujnBcmki6DTQMnRJCcZYs6yB5w3zk9HS
Hj8r2JfHZTJPqQuz3GWCiu8sgAnYEj24f3eaJQhRerUf
FMpyNybU9kdX17qsiprVSDJYPM4XmZMgVDx5dhhJeMio
Fp97htUt2k5JTcPvD7hy1MdggQZHr1oHtmHZ4jUqTZh2
H5NLAGsTUtH9tDntb59UCuMtACcDSSfoFUtZLZQd2VpQ
3udsmnZ84a5qbh4RdnfGcNfQ41U5ZXZvv1cAStHNYLAy
5avjGMa6NdSNujcwgnRDKXdAsffdRgM7T32T85VV1jah
9JTAFXf4FXHJ1gNP3VKT8HPLSGsnoRyF2Tj6yZPWnbbx
7za12ggaog2SjLpmnqsynvH4bMqgx3SaV78Mw6gYDNs5
97xAKp8FjyXkiYqTtYWN9ArD7KxTevzaCAo7VCcwLAsK
4WMY5TfBAwg6oubTVh4WiaEPPiitbxMCJknUbewcd8ae
6QmKFsYUfd8nxLufRojQxWQj4TGhM6ueJudmPd3NxbHY
2aagAd92bWkEJfpsoVKjwsgzzq6m7axvew6PD9XMGvmU
JA8yXQ5ZuRfATTrCatJoehaMZjR6f6QnPgtY415Vs2vt
9ej7a4re5ZsayUKYpU91q5UEakEjCwK9mFb93zDAKwUM
98hCouUM97hPPExNDMzJo4ij2hZ3ouCyRjrLeeXFqCok
4cUyDakNPeMEZtJPDJGNujWLGF1XNH7WbQnheUEfD2xX
CmKbwqVuv5C67PZYgsyW9W6bTUzBybsJm5kNqHp8M9fR
Hj8r2JfHZTJPqQuz3GWCiu8sgAnYEj24f3eaJQhRerUf
hK282Ds7VdsEQftYAwwEQcwMjktevd3Xe6tYGoUinqS
BjvjuS13q1R26N91RNxTg9vmUbAM7huCwg6V5rU7qev4
8gK8TtK2r2wp6JMokcvf6gwpDXFg6ipdfkunc9ebyUMK
FjD9nUmzPPktL25Eax5CKrxyknMyFxaC8oTRgb7RvJbb
FPGd7zePHejSeR69bDQHnCeHeaYrRgmA7UeU3epTjKUX
8mfSvKNsNfV1XFkZVJV7YV3igWdCJuJefV8GimBKvZsn
6RQ64dcHCYaEDEEQ3mFAkD7FJKky2mKh59fT7neYvVnP
BZfrVXv2chucEAJ5UjAGDnwWbjjqtCjbQQ4BWSvecRcX
Az3Sz9nzTP4oumMWFSi1nhyN2Hbrj9JcLrWKii7Zw9WQ
5NVmQU5Ph3zDaW11hJ9gQzaeSnCtxgNWoJtwGhVrSZuU
HDLKGPRVqamrEiHNn2Scdqbi9XtQ3GcMevfnbd66mFPK
96cLzjzHm74NfgybTci9tC5r3KWnpj7ZzZXiUCT1xfr4
73tF8uN3BwVzUzwETv59WNAafuEBct2zTgYbYXLggQiU
51oET2dy4vCmZ1JMGYR9hbsvsLng1vcLD6z2AZp1uq1j
8XrzqReDYVn7dBxhxZ7KFyigtye5z6F2tRGRXKMzRdLK
4PQMcbeL1FVLQEptoQHkihDryAw8r35PDBSvxeGpqDz5
E9T5NiubdouJLAXTG3YE6AWHBgC9XhiXvoARR3RwyUMe
2n5PbADyQXeCMztD5wnZjF3Nn2w8PmCmqSQ68TT6Q6KX
CE9JmWhtn2tP5mCQv2MkxhTgtUTVYmusSRpdd51RfyKi
51oET2dy4vCmZ1JMGYR9hbsvsLng1vcLD6z2AZp1uq1j
8jM2e7C64cuhLd9Jc2UAQKUiCfgB6nP5LiugTzwoeb7A
72GAVS85vyaRypoQavWSZ18sjoNWyQscnXx7J9BMupQS
BNR9v15ey3uWaeZsNYGX5rDvRus9S8UL16hSgduEArFN
2DzYEHSAdipFTSnajxxE1ihLaQdbAF4hcBSk5a263W8s
4FWtRuEfJG3DdkH4LjJDB5X4sWpbueyervENPpM8QuFk
AzmKB7i1dJucc5Ec1mxpoJor662CDFKAAWRstWDtrmaq
9V4i8VdxEHgjQFEKdXT3N4nFKRtNtkKCzd17SjxVWLSo
AEUto3eFWHLAmmVRq3Vo2fmHXwte525jQGG6D7pN4RRd
G4yn6VjDQoRRgqKVt1fp2uei3rFHWWKA5JwWPMM4eCgT
A4jR8ZNLjEZfMV3jWcL6y271Vty8ywQSCPSsjPoqrHUx
51oET2dy4vCmZ1JMGYR9hbsvsLng1vcLD6z2AZp1uq1j
664JR3KZ3WSPeufnsypjNnHGJZ765HuwvHXzAwVqBRzE
GwzmFfkvxAQ24v8rDULMi6Hkr3HRoYXMUw5hwfUpaZCp
E8pAWPsMpvuvxU6pqJqrq7yip7n6VgzpAcpdqbzcV8Nw
fcmiKjziCpUbKhndmeVU6GWoBpTZiNMMoG3EXC1xFxV
69MJQ6ZZYtunfwKYt9si7dg5UgL2KYQ3AXbcRSDjybB
5nH4SNp9Hhigqmjd8spT6UyLKN8okssmWJ48uCGfWf3J
Cm8cYtgtfyULCzisqUnMg68aqqi12PGZScouQfJRfrG3
4pusNCEThDajgBSa1RefNdFPYgj5epqCT7pmF2ymHFk6
4cKqqwoADnQVUAapaq1CrCwpBwbvCSohZPzB8aHooJjk
72GAVS85vyaRypoQavWSZ18sjoNWyQscnXx7J9BMupQS
GYNT1qUj9Ew45WpHaVZqGSz7R97ve2EjJEEfTcNVrJvQ
GZ7dL3aqcVwynsidEqLTUnsHf3iK5wvNFsCEJZvoVXFe
BcwzmAJunqVo7M9PHuUn3srQJX73bd9xr5fJseCDGAZm
5avjGMa6NdSNujcwgnRDKXdAsffdRgM7T32T85VV1jah
AgPhAsvcwPfT8bcAQxfyvymHdS9enkCzHDZP67ihS5YM
9s27sJtV8q2XnJRpN6nQ9vMF3AWG2MWSZDjBciHuSSaR
AgPhAsvcwPfT8bcAQxfyvymHdS9enkCzHDZP67ihS5YM
27KPJgnWEshxJAbXsKzRxvp31dYCzvXGmLGZmJGyg3eF
2PhHTtsY3Lc8bnmfq6QcnezpqcwdKYyvkvXVzjJ75Aw4
Bq8Xu7sTEHVY2TSGpQxmafaHVcRNUbBju92AucgKXmR
GBvdzrFqehuHNLc4NvRUQhgVnKjfF5Q2fi2LrBDYivpe
31MnUxA5f5rvvejAs84Q8gakrb7SDMfP6oxFGHPXbfeQ
46Eatxgjy3xK8osMjVWmeWerNWVoeN4hoCB273oS4Ubt
AbqQPHMbkXWvGP37u32CZh94dynqmuUcy6DJYLjM5bak
CyTPxTyxcYK1VJ7NvZKGL95mkkjkxedkPZSjW7r7LeHC
79Qw7oEgXiGPTJ2k7hGF5SfYuAqfxQhivmZYmHPWFehV
BQB1KrcdAiRu6BThUb8EzwX2YDSMCwqcd7DZPTLRyP2R
AsxYivuyVu6znDgnwenpLSLvkZDua4mGKxTvM2JgoeDU
441MaEum7JdeQWio1RkDMybaXEVvbjXePB8AL6A8NyfP
2Na8rpQE5255GmmcRBmX2PyGNzyiic7n8nN7stqqrU2Z
3HjJoQND4bDHzLELH159pNpBPoSnKRx4ZGwzxoSv3BYg
BJSXGMEpffDq9sVJm7Kj2qEw7aTJy2mQB31DfkKvAnpP
9CeQYRt1eK15SUAv8AE6XPhh1ijhBF1dyPdGQGAiCfMx
8jM2e7C64cuhLd9Jc2UAQKUiCfgB6nP5LiugTzwoeb7A
2Ygyhe4NN3wPYV1G8Rp7VLpLjHDnC4cbFp9Dsk6kLqVN
EHGUuNEQcvQy3Y9MppzrCBHo6fqhZBfexrbd1kui5tR4
EczHAfEajWAwvFQ6t8ns9rqxCr5XQMqqfbZxBBJBZByh
GxuSFHonL3fBzBy9WiLrQERFTs3PdQxQCz7St3zpJvVQ
HyJGn2q8vgYCH6urPsQXwxu6W5DqecVvBNTMU5RnnWrW
AEUto3eFWHLAmmVRq3Vo2fmHXwte525jQGG6D7pN4RRd
2pQvQF2WAZ7ZVx78yJpHyw3nVHM2kKAoZzve29yFrqRi
