EczHAfEajWAwvFQ6t8ns9rqxCr5XQMqqfbZxBBJBZByh
GxuSFHonL3fBzBy9WiLrQERFTs3PdQxQCz7St3zpJvVQ
HyJGn2q8vgYCH6urPsQXwxu6W5DqecVvBNTMU5RnnWrW
AEUto3eFWHLAmmVRq3Vo2fmHXwte525jQGG6D7pN4RRd
2pQvQF2WAZ7ZVx78yJpHyw3nVHM2kKAoZzve29yFrqRi
D1YysSgs1ZyqPogHGo6MyBt4iCDRzPwTd9g8ywFU8kbk
BVFTQzEas8kMPkcugksaTTuLnQJ8ESxtLryk4ngdyvjU
CkMFDbNEwaNiaQKaq6uUH3hmXp8oQKcGy9cT12F3xNLn
E6cf5us72RkxYu8hSUX1GNb1smNVAJhtDd1Gyafzb6Bc
4ja2N12Zczh9K25zGFTfao6yPdTZSfA5Bw4QueSmQCYJ
J63PQ61AFhZXeupw9j5GYY1aEuR3R6BnAbtfqqAX6DQw
AqYdhTnwzkWtcNvAeGmWwtEmyALUx3gXaRheykSL4Nd6
HhYxTWwLmou9hwixE2j7WApusyYtZ64i5HPmYk9cTbHj
4mjHt3pmKZkY8tr7ayT5kBwcmMpK9W4rVwfU2CjBUz86
4k9aBR4iEG4VnZqZ8kuuPoh7NhAymsnAyr8UvyLuwwFG
ACvPUFsShe2hb4ydNhvfKwcWMPBaE9G1XfNXNZGkScAr
8xnDiEEaExducDAizz1ZFg1cDL6F3rEiG5r3V4g1AxGQ
7KbmFStnBVAUB1NRKuNFdhzXtj3mfAT4jHLXoFvFFSaS
GsmrTBoALiurqDsxcMurQK9EN7pDbi2JewoDhJYH6Wxh
9mDT5a5L4kufHPDavPnSN8y8iuRZQW4nSAAoZzGAVEtG
DnnorzRjfuUDJrqoxdBDzVUBdTNakUdMCaYWDJDLgNSs
bae93fAqQRbzRBwLnC5ZeDt3j5uX23nD62B3pwvpgXB
8WYRXiQXQSoAMw8A25HuTiTmkg2Ax5YTaBxmHZk6s5LY
2F3pCR6Ju413NwpsC1knkXUu5WEZCYCJfN21yGcWwUZU
BEivYChNwzFedVVfPqYk5me8gYX8ae3m4HKrM1zaYYPs
CvVWriGBmTsq91AJCDfuBWfNrvCtjbD1otqXJrAtgksG
H7E4JB8ebHaoKQe2Z3NAwXniKcuy7VVuAoycx7PYAbE9
HRi6dumHbvfhQ8wwZNxzXcdLxbQDuetTS38fVBgkgdyU
DWYyT5r5bSjfB2bFc8sXYtFwRJ97iU6Qdn1sLkoh6JnG
6ve3jPaGtDofMjest2QckvY3kRynYTobADEmeoZgvaEJ
2pVuK3Aq3tThhXDsW548t5miF9AsR8DCFmpCHjEx6mVH
DJqBpEZrZBnbTwSCxuRwsb91fpG534WmFeDJZyag4d53
4LBUPX7zfGzqdho666K4ueu9kipXkQFoCpNCYmQwdVmi
6rgBSkpRoUEckzfev7i4yqfdeLkwXPziQEbakZcyX3jZ
Dqw9ywsAz6yvvFFXh3qjAzM2M3hGxGUnh2Tyx55pf9ZK
4oDdKa3Y3HzXLiZyJAb4rymeqCCkNaPwbUj9Rg49eQnQ
HFwBQzvVe8qz1M7CxvxQPRtUxJ7zxwLg24TpABcWYTUb
5ZoYmZNRHF5v1AxQeincut2dQJo67ceLhK9oSB3AWZWQ
7DTsm196Dn9rky1LqEiQawaavSEC8cKJiey8fo64BhB4
AyCkeo4nPGqVmEagSspU7oN5Dmq2Lnj4kGBa9Q9nKVpX
CzBuPFMJQbPLw6k3B7z7KNBwMWfJZZKTFBYZLhYB27N1
2mNq3AhQahJ3HiJVp7w3jVkog9Q7aSaXwYZXUhTxaNs8
GJ26FrxxtTwyAAXk3mVyiQmcKzrF1AmYo6xLhhLqcNwY
FxC6gixguqfSM9bY32aGkoXxBW9Z3bfbH19T8Ydykmj9
51oET2dy4vCmZ1JMGYR9hbsvsLng1vcLD6z2AZp1uq1j
CLLcegefmgHQiPyVwuCpLM5TuxRirxYgCYCG94q81RXM
4gCRoE4M4yKGAV2KwkvuxeeMkv3PRkjrphNvbPNv1mhp
Cg62iH9s5gSmBdmtxTTADsVjZkpikdfUqZMtYVYwJa5M
EB4JmYU2Gd6ErMfZQJ6mC6nYTTcqahAB2kjLNEyRuLEt
AgPhAsvcwPfT8bcAQxfyvymHdS9enkCzHDZP67ihS5YM
F1uo5tS4JzGLKDQBhz1DdoyQf4oRjYcynHiCa31dRCrD
BEybAouvF3e3wxAMf2ivWAB3LeWY8HbMBv66NtocSV1A
DZzNJpg1efrF2DPuv5AZnLZLq744pGm7PeFEEEvRPaUx
5zMjWMkASUmAH3wio7DRLgzQXfmmhvxzo7WAbwkLoRwf
6fwix3pay5zNtHt5YowadZEPuK4Y1wGbYFNBpU1CoUhH
CUjPQDJn7kK4Wtgg1L43Y6eRxJWrfLsxojhXub5UKWoW
7ZpuSrxBsMVQ8z4GPdTvzsVvaT1qEw5yhRgh8fHKdDqP
EEUHeJFM6mUeN44v3kpepHXXBcGY8xV38TjTNxHEt76U
PNUazbVrdxgkHu9s864orN2nPAD7P6LbdMbCbgLUBki
7UZkyxwnCVVz1P4rQDujdKDVdUCVNEyPiHJiNr2zTLDD
8XGaSpNJD2cq7dCZ3sUC5swg5TrHQ6LMEoGixkCN47rG
8P17pd29uZSPzUn6QQ1328QWXqpG95xy8djdj679qPDj
EwXuQ4tuMSJLirF1J4DqZ242ChbQT939Tk5ZSKZ81jcs
6dgB7mmyxzcobztUBo6vGzcYK9yp2e1p5giqrYRHKaS6
BVFTQzEas8kMPkcugksaTTuLnQJ8ESxtLryk4ngdyvjU
AEUto3eFWHLAmmVRq3Vo2fmHXwte525jQGG6D7pN4RRd
51oET2dy4vCmZ1JMGYR9hbsvsLng1vcLD6z2AZp1uq1j
5cShNqx2E54RJK49myPhE757RJAEgnGKcbRqPVW4nwjC
33HAVVmo6MWGatz1c8xBdJ5ousatqAMWL53EDJnEWJAx
3A12BaejhfnW6q2uAHa1pcADTGyiAytJVFyY7Me86ZTR
CWiXLx6juMmaq33BPXGJ1k2DPqzfDyCQWoAsUUe83CqP
DPXX4QHgQtdcb5ggiWjiuwGB2YyNwDjq3pBdAXXCJ9RB
EY7pJfQMfQKL6zQ2EPZnyafR1ksniPzNB6WqB6Hjk28K
GP5wZ1hEfpD9TxhZzPGQVWSS6VVBaGY7J6dt8KeQuPxv
EppxE2vDF8cBrRmJ2BSYiJ1JtHcPFV48YR4NkRD36gHZ
FgBDPuCn2vA9Gim6rLiL3bR5HP5xNgSEQ8JPK3MGXNMG
CmKbwqVuv5C67PZYgsyW9W6bTUzBybsJm5kNqHp8M9fR
5g9P9YJNPxRMTZtWTPyRkUmdvaVae4MVjhr1ZHmHYbRH
EWC6ESChdBqExhp96XPMLXR65pXP6Ftuh1pPAVws4pmk
ANa8iWHMUpAsoR2V1EgWD7qvxCJ4oJJQL2jz7vimWT45
EBLyVjie81BHWm59qyoRwEdRRXrCaCHrf8An5Hq8spQJ
5xjULdC4pgzNNdoyxrZnaMPUzEKLcKCJjDmVYfaJiYcF
L7vksHGNsmuNi2yuAz6MVyczJhDBLX1VhmGcZ4EQtiP
G2sFCvJptXC8gUBmk366fgEr1rXVLViGTjWaJD3Q1i6a
9V4i8VdxEHgjQFEKdXT3N4nFKRtNtkKCzd17SjxVWLSo
HuDbdzER81y7ceNS4JrTWJMVZmD3mkAK7PjGRDj9oC4V
3m1JE6nMWGDzCQLMxiVNVa2H8F3CmDVgHJW13FQSUkfZ
84tYj5QuBQNDVsFXiEPMZddVTtAspbAJ8oRbXsLwoS8x
F3hzbLTD75Shbpyu8tdztMhSrh9vZ1qMwTCopx57A5wU
BYcufhYPyrKqVVsJD1Gzf8UQL7q2wuGeLjPARXQH2vo5
3A12BaejhfnW6q2uAHa1pcADTGyiAytJVFyY7Me86ZTR
4cKqqwoADnQVUAapaq1CrCwpBwbvCSohZPzB8aHooJjk
Cf9R9j8jTbEL2hxoSPpvHqT9okhaQxbgNEQKtUG6tj75
CkZs4ZwvSbcCC8NViM5AyVRPPatDMC1BDe6vfa9e22yp
ES3fhMnYAAqqmunz3JaoXmV6KmZ5K572dmD4CkpWfSaX
6JP6yRoBPYWzhUwvDAq4yND6Aq2kUhPvn5ciLxkUiRzz
B93j9KnNLoLMBSQf4S3BMdyseRdGoZJZq8Ysoz8Bpwqw
FykdvhrLX6uoPGrb3oB2NtTpDbL36mTiW9aNEzm6bfxJ
CTukU5WkHZAAwxpicJw9zMaKmUpYBPttWeZKsdhdgint
2ZGvgkmtvTzd5Zqb9pLMoMsFPwmf6mG7ZU8MuyPGARMr
DWaAVXvNg9NcNUPLCwRbAhc8NVmFzSLPQCFuwkxgp9Tk
3W6k67LN3uWouayqJ2va2tH93WDDsCnEydnzcjd41xPK
CNgwgXRXh6bkXkeErtJytGCx3esf5jtFvfEkR7USvDjs
6Aw9wHA1AN6WEdP7pC2tuXiQbPQTJEWgvR3knDT634ka
7CAA523SWi28Ld9HEdgWaGMHaqbPeSMpUduzNpcTUDSd
F4hN7ecndZ8Gr5KQNSFaSrMGawMasz7jfWTLTMpk7gaB
C91QVSPebG5w5SP8Wg97bqfnnNfG6j9QDuTFC5EM25jz
8zfdGUKpemtzs2Ypb8reoN3A43o1ZkbwFCBNzpUeFeUo
5eBNi2JRMNzuusF3w1ELi5GWWUxRPZBnp1ZQs7hRqkbB
88XHNYEHYmmoz1b7Vg7WapXLpfFxawJBqi8cs5XaFmgi
3wUyqwgaVsMEZ56QEpnRhFAhzhE1icTXbU9XbXPUHBF3
JCKeAejKgMdSKCVdYHpyN9vN7r4hyATzyF21FJpJFNgQ
CKMDD7Xp4pBztCG5G2utc3kXvFqPJ17HMDPUwhLiHzhM
2n5PbADyQXeCMztD5wnZjF3Nn2w8PmCmqSQ68TT6Q6KX
8gCfJGyaXLbAbBmEK63ADQthxJpf9fMi7NHGhmLCn4tV
B2xHAEupwfcGLvmrJZmrsAFdC4qoQRpoExjn9uZbDZyH
G8RtxPyG2pdrAhrNRMgg7Hia8imCofdCYxvyWiNG14hx
5FPA3sGHYUsefuZSBL4BongkeuGfVKQEYZzXWEx6XAuN
EUoZL1uEnwsU7R6KDH7ngUQyrzNhriPFJqPxJmQR23it
BQLvskDDRbEJwKA1JLWWq1aYAP4R9nzCTt1ir5oGJnpw
FSxgHwEJCiuULzsdhNevSR1n7SFunCvFqjHeNLDRHxKG
9j6ffmXuUBmAZcaNS8qdh2YV4umLamWJaSiocFsGCaBw
3eucHmLaRJzL3d3rzYx94KvxcVhR4ESLo9R9hhb5Snbo
HZodz3HJrhXymfQAXvm8H8KenmT7rwGogrA6X8jag2oy
51oET2dy4vCmZ1JMGYR9hbsvsLng1vcLD6z2AZp1uq1j
CGqyDdLVve1Ws8xLQbxB5spzBhsCVkLw7PzcMrwATiwW
4iyrFcX4gZq2qph8DAvkPp5NEFdfEV124uHivUJgiwKx
g2q4tWwSoLzY2PYmYM6YB8167AFP9L5J1Mf4xJ5cJhB
4mH75fm4SZyy8Wn8tjMg1XTBLDrn8is7iiESGzVqqS2H
7m7DxtsMcuaQGHv78gGd4C8jJhnx6PMy5oEibQV7dtxQ
87kEqjQQ7S97WAzbbtkDxF5DM7JakX8GqJ3grPkmPnGG
5BLyNW5zDfahBpoPp9JYqXTRWxJEm9j4FVFWLKxAXEDg
5AwbrzztsJT3wbgYFNLhyFXvncrMP48z3qBY7QxC3gqb
2eBBNzw7DeWuYfWhPVGanm7VyYogiWKjSRcAHhcDFSMd
9inkKRwsNbqQeLMhkJ6V5TFHJ8yfzYifKnngCdqSagF3
D8wt5SKsLQCL7YPFFRNup3CNhSvJGyE8Khmsr5aZpPr6
4FVaeboZ2S3MGgKSfwGTJQV5CbrhbD6aBV9m7MXZTAk1
3eucHmLaRJzL3d3rzYx94KvxcVhR4ESLo9R9hhb5Snbo
6BBBmfz2gh5ScbAYfGcAdgQkuWj41NiSESonNJBkGU6P
9ALakWbp4ododvgodMSPQRzVtYPXH1M8LjxHXFDkPds3
58njdpgncuNs9nhzpVdxDAinBFHXZuMwuJS6hap4tVVN
2tn4ToRyMT8Mnh29AHcrixZr8GmDBUjBcSqpYdEuWoAU
4MJ84srbSCz3eZJhqG93iRnf4rosLcC4R5Bpy7ZQmJco
2mSEEsrV1sQ82J1PztWQJ66GJzy5NeSDuFBozNeBqAqp
32jrfQ6h9XrfAjUseyBaRfFfLDUvPWYdm3BunPPkDak9
GbLWikrXWby3PnzVneRzpFTBJ29N8QtRdRZ8axfTjjrs
7S8Gg58LnFubLLwmRKet6iTHvJBC1gLy7jt7diKY1UBz
8fqtDjTBTT4uTdvivSe76vw7b2sHkegVsbVtS3LJsG5E
GRFdkxZf5raq2T5kVzcbDTprDKie6oF2QNuH5ck1Ehot
4JM6ZjvVJSC8Mc3akk8595Efd2jB7yvJPmDSqNyrSv3p
