GUJ6gSGJ24TJhB1ijPSgsVJ1U7fjVfpke9F2jSGbE2V5
G8hXUKe1revdbunkBFYGzG51bSPHb6ZMNvoQ6xc1a3Xv
CGH6qHsnZBASStMQcNBgTX2CR2XdcEoc2mf3f6Vo6Ke
4rasi2ZoVpGkpJ5Maf1UnjsrXDSJaBAxVWEb392ytvMt
Dwr794hPbi6Lz3RXr3py23fiTCJxgys3NjCVe7TJrquH
GUJ6gSGJ24TJhB1ijPSgsVJ1U7fjVfpke9F2jSGbE2V5
G8hXUKe1revdbunkBFYGzG51bSPHb6ZMNvoQ6xc1a3Xv
CGH6qHsnZBASStMQcNBgTX2CR2XdcEoc2mf3f6Vo6Ke
4rasi2ZoVpGkpJ5Maf1UnjsrXDSJaBAxVWEb392ytvMt
Dwr794hPbi6Lz3RXr3py23fiTCJxgys3NjCVe7TJrquH
5FcpXey9L14Krqt6N2hDnfeTznpTg9eeaUbyPanreRSe
9RyiPzsJ3fUPNiRkZ2GTf9QZWs8jUVPFALNiYfMhwAGq
2JmWpj5RZggvA7wR6AysWsrH8jbQDWG27cBE8ZrmH8ov
3EzJv77AoV9eS8Pt3YoQvUsb5j9qqcK5sGxxLkRcZ4xs
EMUZg9dGJPQ9bZB9mkZkrXFCFci1HqKQ4irLsMk2GAtt
8S3ivP5zwMuB5RGoAYKdEgAKzB2KYryFeGtUgtReL6kR
7pEQi3YPfQUuUv6NmNQF2pWA7fNESCWcjycQQAhBXt7P
DsVs3TStKCtRkJC7D8o63BQqsvfoTBop9wxVWChc2hoD
7SPEew1czhKaqsrduDtYaWv4xtmvGVSVou3aWL7Q293u
HqjUUGkBTpoRf5c9qxyBwv2mAz1w1RXCt7v8AzxYM3Sy
A23z33AcZy1QxQ7HK8cLeS92xhDc6iw2u4dRzAWamStP
Aso8JiTCy3GXWdeFL5ijpmJ9jH6WFr2KAHTSGrQvcc91
HFeJYVffLaC6KDTUfhQui7ua7bLqH8BzZTqfFvn5NEZ4
HXN6VsBWbJqDqh23EFmdunPz1kE4VKYwXByCUEVLL5ao
AKaNHFW2XZ7Rd9MTHyaTsxJrKQcFz7TiEgf9QTNCRPiq
S7CHjgaJP5t2VKzZbFRC7ZxEr2Chr9XvHxfgicLSvgL
7Hg7SioZPSN2mSqKQ2uT1uguxuRirFtxmgRMeSWXzk66
EYonKWDL9gyCmq5e88ciKCiN4E9rgNjvc1qG6ggWit4Q
7mAQcTUy1xAzhZqmDAhGo9xsHtqxKCZki1MT68mYf1W5
4vpggnAr1D5kUQeHHt98mGLkZmkysmYbnWvMUGWKUKBW
