B7rCRwowhLe7XLA9FHbuv68kMzAEwtPENrSAsgWdZaTT
4VT2Dq5fefc1HtLLTr1zuNVTJghbn2dmfP1VN7YWmJFP
5FghSA7Cg4yCiGa8YzXczziBBUX27disBY7WhKVaZnZR
3or7N2K1DguxpkiXQZ3PVgqJhx54ybqzoH2KJT9tkmE7
HC5625AFLuhoNusVZ3D7bgxc6hjuYXTgY22TqnhnKAAE
3m82VUNqGEic2YRh7rkSBBAWr9RTayRDgfw66zNd9ULZ
J8H3uruXzt8FsM6RfvC7rdV5HbhwexywsdNqF9YgG1wq
5TtCp9sC6Km1wGGxt8zP1sxQLMdku5iTkQpYQaYThuad
E6VkatdFozYyarmGaKeXQpZZHXJY4gRb441wKDvMLNmL
DLboxANnVdWiFnpniJggQEireNJchvHUioNDduEtWnmA
5PKbQmAwLn3qpzBZUMxA864YhHeALG2bCCo2pT3ufQ5S
JAqb7fLrdpkxbc9k7SXeoUP5SrLcTsfd9Zk1uH9WhvY9
3nDxZJoUdEWq2iDXkNYJAofn4ZmjnerzX6Dtcknxc4J2
6HP7KDjqJVu8N1RVRRXk1Wu6giEgP9oWjdbvcz9d159h
g3KcEWNj4QdFiPvGNcH4YMtXYUaGitG9EYo4UQTtcLo
EoHrTpEwBucr7JTwAxZTQj3ysYhedLQKrNdjrd9w5P97
3KJFbYkYzJYs7TD61DNMZaNiFc1rrBhALaeruU3HgoKm
d6n5FPghW968YJthxVHgqxMX7N7Z2V41GD6y4432rp8
FVRZJF84HQKeP1UmRLRBnyszdZ6mGSAJMvHhPiF2DVsq
CPpAr4h5faE7Sn3UUmUrT18vQGDQuQCt1dfGiEk3bj5H
7jFsKgC16uVYp31AaMcSixBpWcaWZ8xQgo41qrTJC8zQ
8y6MR8U3WJ7WefX4uZrQBYTN3u6Svwi5BZWrqeUfHXmi
8r8ioc1L4eYCjRBQ2uKGd8UMMjvCnKZJNF5ZFwcRAYPD
9GQEzYBzougXDv2AknifEaiqHN7baHrh4jwUnqvDELxn
FQZjpNjHsUANBCP2S7fBKXv3KDdB7A2p7wiDorzjQH9r
ATMZW6AvfQr1c73cNgjGgo5xSdKuoQ3ftYFNLA1T1Zdv
HmoeMhei5wKiyME2meS1P6qokFcbV4DV29DfHxTJRxq4
36bUfCEE55ozG7s6en2S79zg45a1z1tyWJEtiso8HBtX
FVVVEKiiyxeLpxMAAQyMQzoFx86dtnMfjJg9Xz1heDYA
8Rz4ocBfbRPRYNwSkegUneYkH8Lk33sr6dpaPcsbWKDe
HZPoM9rK7y8MCgT8v7ytMFTBKWi4AnjxXruMHE7GNFFj
9HNwSFJEA9oH3XW1nX4Tm1tsH7tFRG4oYsDmVCWNCujk
CiNfoWNhUGXNex3V8fBmhaFZTw9K6ZRHTUyzW3HLdXWf
AHzm7Jfh1oB6ivFMxmYWitRLYgjAywWc42WHSmN6ndnc
4MSuAGrtYkR9JsMmcfxJbUAJYtUQ5xqaQpP5BKxAYdvZ
EZBGb8LY4tarL5dPcpMepg9ZXxML2Lkh719j6QHLueaM
3ShLjkaK4uCsepxoVQyMUB3NxobXoBTSVE6GAT2Mty3v
ANeebSxaFM4deqgwFRijsQaydWAGugvyWVRyJ3zY5MeW
3XvY4qqdpSEt8KuLW5g4c5JhoKEFjcQJ4iwv6tPD6hTg
67LP3TbaHhH5RDdmxYMryB1J4p51njhnmbPkRQrqiKR5
395Cjo7zBwZjnQYZtUU636TNpdXZWYLrhnBec1unNqZx
37q7dKrPmiwFWRQz2z3QmmnA9RVkHiGe1afzPXzCcJGE
9bMaoktVqEs2ABgQ9ryo4be5njMHPmyGNCngn3nbDopa
D7qB9zi6kh8eVPzXepBXuXRPajSztovx6BqzLhRrojzc
EkhsFd5VX3tGRJCvRJvZmYQe3QZREyQmKmwfQdjacZwr
FL5xSPYGpJroMiTWUubQWzF7ZA1u3wkJ7fxYjJnhwYC8
8STZ9aFKUf9hsGsWzEWEgU8oqxyRDL1aswDLaUyRcgAP
Ahd84xudn8bR3E4z7up6uLRBweb84Y3edQnyi5nRWLAv
J5ADEowTgAEvShVFYZJxPnLZNNdozaa3LwjPPkZP4MNK
A6cwXTfezysKjjf3FDd18ZxsvWprDTqTjo1UfQu7LzUA
3gRLLcApyrWWLmhrqWms8wJZ5TvSMDtmximSCGyuEboc
AqwQYqEbRg4NY6GQW2u6v1FehXCtSAikbPBa8aWeBsR8
Gdf5TstBuBGvUAR6nruPmevVr5QuZP6ughed7reHKt1K
D6xQsrzngiWtrZReVLM6WWe2S1d65A7FVmswgCYWvTSW
EQdyzojjnsTBikZHEda1mLS8d72NB93n5sx98rP9oWfu
724XEuPaTHZiZqwAGjWznTYztgHX198VMtgjUL1oDpej
pumjhpveRhgiBu9RzyTHXdxJaTMZMQgCnmkEafwCoaU
Gdg7wyoeDmPqdgfiwfuDqCBuRmj5dKLhHRB7RqtSEMbm
3bgD8B8miJyD2znWWkignCCn2z9aAc4DFsbViFn9VJbi
H5kvWz9vrfFQJXUkYwfisfJJbwKyXXuGxsQV7kUPvhQu
Dopv2oifbxKMjwXaNRvvR6PkwaNLtXEQqAVxvYwL5gTX
AS12VFyQeb2t1cmjL8ftRF3AJP2MuGQJZt8TnRwiQGVg
5vzK1rTkPdSEfxBGMAfdpGYHY6NUWvALDebBj85nGrmb
HrXgANRGEaUcot7rKBmxiEu7bcLk4n56zYj9rjuU9hvQ
HBFDVrLfPBJUEurwR6gBiE5RsgrQTFKidMEjALnC7Ust
44qWS5in8tdkcjhjR6RBjk4BC9zfNEVZmSyKs4gFSmdE
577DXaYdqQYVyeF4hqo51u9ebAPp9UH8fEjK4QWBfxaw
5QoDuq4Vpukzou3o8VLcS2zFf7CA9zSKDadx9TNxgPoa
A4Xf5GdTKpSGtATjvjrXkjZ8azLexMMePtYCXWNUMVLg
HoVyusvBUm7JXQu1r83yRQHG2tXduYMrzXpKgaYKxyW1
AYXyaFVHjcCeLJhnaiwV1gFXDbGYAyqtcZQvKX1YjGHN
CwGCnJheTZjUSQQmpcTzMEFp7RezjnrnDjJ8ZwuPFAUJ
H3NdXHmTQhbsspjwi7rJnFpW7yA2THtDV7dgW3JPVe5o
3yTUdaHcb5shAAzt4TiHWZeaPrNezaKMuZtg64sP7Fpv
GxDs3JqrpvD3pahZBkLfyjJhBcTJRPNewZwhSp2MkBtw
HeZeCWo1r3fCjRf5tgiiRrLKkxz8wVB8Pw2qZLKghGUH
4Kd1HGRZ7hSM5JDWuzkqvGa1LYXWdpjCeDmUPHByukdG
9esJeoBmaUa32bLQPEyqDQ5pzGd4FmHWLy75Rs9QUCRb
Ggs2Nf4xterW289C6dqXNe41NbdWb79G8rJxPSaGu85W
3HACmbcXYmPRSToLcBzex3byFxCkwL1E1hzL7BxtyWLN
CJwRaBGc6WM568UyVbseRdZZDpuLSkP12wKrdiSooyXR
AjWBhYELytREQKk3SqWw9BfnAhU7ecAk5ybD1UDVMSif
6YYgQFKLVvwRFKt7o8JZHTC4Uy5FZwNYdfVR7EwRsLGm
6TWLVNBvCBeT5u5XTSRCYbayfST45pfRTiwymVDeRaBo
2dUa2CdzbpqZiAy86t6AxMM8Gb276nAdJPTmETW2fDFd
CYCRyiCkjNPxUkCGS2MpNtT2E3be2jFrdyoDmFmEcfAB
6Ht4peByMpeF3YEjpSEyqJRXuCgh8zP2qf1Rmf8kbJtt
He1cJb4rz2RixKzCVttzggUHkvzhtFHJBss76z41v9T6
Fz7X1rVW1hdGYNsHkLwpeUcr1zFemXRvigyaHzfryS83
2bMXz3VxahNdC1Dukr7etbGHhB6LsbockuEZcDMNXHdz
GeSrSYd3xUeBpWmhjo4hPGo9ExAXwoRo4BYvNCtqEPdz
FxqFu6ZMAaLPsfQAqCNkohtK5h4MGrTv2k3vpxxXmZR8
Dwam9Rd8b2Qr4Sw8uKpChsZY1k94Yv9arKopYadkMCZP
AUiXcyGkqe6cpLS8xyCdr6YeaZufxSutvkb29szCeh7t
BxNFTKSRMUdjeXZdf43qhtTV2Q4VeahpvVt5GowgqK7G
H5Lc3VMeKowqyC8iw8tjYmMXQ4bW5FsdBzG6ycgrbvEs
JCuzv6yZj5dsSsGMiQnaARG2cyw8u74rMfxqZpjr4Xp
A12GSUtgMyGiKc6DRqzezUV5zCeFNGA4SoDHccEe3V9a
5KgtAdwdfCVZoSzYhsvRqbYcUnAE8h93mdAAee3KqNdc
8Ftu2CJBhNg3tMzgEkkHhyUtsScpzCh5UtkeHNcgSnVu
9g91Q8FsEj5HGPnJg8EMJdt6GPUbiLLx6WXuxJzQLjj1
6eeRtfo1aLDwehBeZsSL5iMGGWRLzSiNm4VhRrGYh5TY
BfDngVEmY1F8iECtjjBHZYnpWtsLYjmtDnHc5mSk4iUb
7djczS4jxTxkoTmrYSYcftF5Sk64A1UdDZYWA5sBi9K5
FsCz6kxwWdkpNAY1DCGJdiih3Smzp7MyA8aTMDhE2pvw
8HsYR31xEUpvRmPg5ggR5eyKWb68TkswSnYaiaQmk5tT
MUUkbfs6GusiqLvHTGrLA6iRBuH4rKof6YpAhkmSijt
89aYsgaMnb6jcv61HB4Nk4h55RUPSqyHD8wNb6yBwft8
9WD5wj62owGsrcgrjwvwnVxX9zeqnP75LmdnAG15j3xU
CazLJKAnXmAgGwVzRuqWaUX151wLsPQEaTZc58nGB8ks
4zMyJALrHh3kFiopi9SmChNEigTHKeGWLi6NAJzst1n1
8RfRLbrrHG6FPdCSXFQFUA88Xv6dunR9PBP52Uy5nA1z
x3v9HRbjFoaAqZbSbeF9meQVQoUtkjGsCwGHixSWM6K
CaergM7yiaayX736UwZRACSziWUXFjUzb1VkaLaY88mf
BeDdTZhTvtQWFzZzDC3dxkPdecXLAoAFSRnuzjRmbBZg
Fx8c6WJDyyiE6MACYXXDZr4PGytyLzrtXVvHvd4vJTwq
5GLgo2X51ZdQPnrxxuhvaMtJi48ZX9rbkd9FEYwBck1f
BpqLzC6rVqvUzagjVwzboL8RBMEBTyQdatoYayBRJ4Lj
35ZHim8tZ36TycV9nx9zsJQXjKLBcNUve3FnaGTpQ4FY
67fqdQYCY7hwXy89uMpoEjsWTmUvzB1kQa8c1hLCYGkC
5Ba6dsQBxtosbJ3wVZ4HMCHT4GpjMnXozG8MvKGx5TNz
CDzo6z5oEFEw8BpGb7Qm5F9sB5qELQQ8RwQpjaBVgB6D
FnwaF84FT8c4fb1TeuyRiTHq8gEuYF9EqdWfQCFsyotM
ABMxp4WSwriPHCGwRBiMwJH1DbrMNvkVDhTEKuXDFoZL
5ERcp3H9URyiLFG8gcjHxRA5UNUPuMqCYBZJcp5FLfhJ
DyEBCu4BsqkvYRFDFb1j6xzEG4C9FtzaHrY7hB1jYFEa
8JN964VCr5abZWiyviM8pyAatocfaUPpknaaEzFrF2ZV
4HQnvsYPXgZj1sdoyfB3zKs8taCg27uzKABbpuTEFEa2
AVBRP5117pS32BijmGA99W7D2PAaWa86Eu1ohFZ9Bnje
4Moh4dWz9qUEM7HX9JDa6gQ9isjj8W843ge8XexEmhrF
DyVKpr5cFZfHiDsth2cAEgg52V8KHtxp6eQgXiAwoVso
Bf9PVumFZ3bhWMbVRpYxTho9F6ubBfv9PVZYRQ2ErcyL
5K62UU4jWWN1kuTGu2PvVdVVxXzBcneYKDNEL91dA6is
BcWaSKqKjD1YHK4ow4avW6CDgUPuaS8vHeTmntw2UrNs
G2UkQ8JUj8KzVhS1Pj2J2HUkMZ4eMfUr7reS1cL7sxyN
DvMREdTHMJmazTFUqUVPS9G8ugVwhtrXNJ2ZXaKwoTNh
FHWFo8ZPPRqn97CNLTkpR7rkYcFXQMsXpYUkhsR1qMNx
65bDqa38z7DfmU8r3e7uRssP7TsVXa4r9kummHhJmyTR
G2rHVwdridNVi1bZ5UPNndxUKpcCEAUGXJwssKePiKRW
9gNWvuzPh492ZAyaKcuhSizxPJWFNuANfHktQXUijvDQ
ARGxnUx6ki7yXr55vHxnMsAyAzmh9LY7p16j1WBzsj3k
B79kTgbuigpVK3PePQy9tM4eJftWx6Qj3KuuakAwaYYb
9i9UXEVCffFEN6udHJp3vBw4aKczyNaR3diXfwnV621H
7fiyuvWaGp3e97GGoHS396z2PKX65WamAHBamGCJ6WL8
2aHyuve5MN3ajVtTtm9njf1Z9idiHi6K7kmWXMsDcoMv
BKUWrWAsjAaJ73PTjVVKSa4ZC4RxeoCxq22GAYdJX4tK
3diLonz8zhAdkcDmfRkjoHKLrLKNx2sqVzXj3taNB5yE
3BMogELxdFMXrXsnJRgx4iCcfYB3DG4kGAiRAGaccFFT
D6tccbRo8cDoHhyLF3Lq6eRKZVPn7gDBaUejy3HEnkUo
ARzCke69ZNgqACYQFNdXWTr1Qsk6bwvomeSP5DfLRpP4
