FDPeN9W7K5bGHX44qTp5gKiwcPLrZA9u7143gSfdzpaH
AsxYivuyVu6znDgnwenpLSLvkZDua4mGKxTvM2JgoeDU
7QTJt2wCPPgKguZkL91hMETJ5cWF5BMudBrVYyoq3pWN
FJ5hcKnacavLz9geNZDRyDXdUvZHJBVnn5RLLy3sRtra
CWiXLx6juMmaq33BPXGJ1k2DPqzfDyCQWoAsUUe83CqP
4SwDAKnt1ntsUKHaaM19jaajo9jV9xcHjB6ehwTtjkEt
5Cz7GSRKnuFDaXRHeNJpHC77aqU9BY97eXNBBCVhckLZ
AgPhAsvcwPfT8bcAQxfyvymHdS9enkCzHDZP67ihS5YM
F3hzbLTD75Shbpyu8tdztMhSrh9vZ1qMwTCopx57A5wU
DgA4aNakbWwjENL45gpa76Mt6dVaA3HYtphjy1B8eVw3
73tF8uN3BwVzUzwETv59WNAafuEBct2zTgYbYXLggQiU
CA2YSCaxW4spUDYBtTZ5F8HGmFq5wwS8enW92bDM9qDy
74nQsQFEVm7N5u8xnxCNpmYNrmcBKMS41LzB9bCXJZo3
AbgicEN3npoAGUvZCJWpkLkniVxnEdcsFnTHCcmhfUKF
9Y3byqMWKYXCyX72BqZinF6vCrJ7Pq76s3VNs7bZrLuj
8WYRXiQXQSoAMw8A25HuTiTmkg2Ax5YTaBxmHZk6s5LY
CkMFDbNEwaNiaQKaq6uUH3hmXp8oQKcGy9cT12F3xNLn
51oET2dy4vCmZ1JMGYR9hbsvsLng1vcLD6z2AZp1uq1j
4LBUPX7zfGzqdho666K4ueu9kipXkQFoCpNCYmQwdVmi
GT4iUrPsKApyMsXsu6CPk1AN7CKfMnzji9doas1B1xLk
6dgB7mmyxzcobztUBo6vGzcYK9yp2e1p5giqrYRHKaS6
GZ7dL3aqcVwynsidEqLTUnsHf3iK5wvNFsCEJZvoVXFe
D33AVStLgB922CBBtPnfdzvrZSRFzoghJvSL1ckPnPzw
5updUQS1RxJZyPFRyJMmVq7vYZnNZTnPUUftoorgyrZc
51oET2dy4vCmZ1JMGYR9hbsvsLng1vcLD6z2AZp1uq1j
ASCDQtyMzifctQeyZq5EnoZf2FSmw1DCXJGM5bRsnNuK
AGL2LQTYLsCZC3w6TLipMXkMDqpG2ZYtmKGFZRodT3m3
AsxYivuyVu6znDgnwenpLSLvkZDua4mGKxTvM2JgoeDU
5nH4SNp9Hhigqmjd8spT6UyLKN8okssmWJ48uCGfWf3J
J8vxiR8o4NvY8wcR46iuSpSAjXhBwGCgrbo5LWA3corc
AEUto3eFWHLAmmVRq3Vo2fmHXwte525jQGG6D7pN4RRd
Cm8cYtgtfyULCzisqUnMg68aqqi12PGZScouQfJRfrG3
GSfDaL6w8DGZQEhTLmhKtjwJYJiKdLT9JsYTdi2W4WMZ
CbXZKQJqYpMQCY6ZWexEhsaUphfRPGsE5GKfTi9VDCQw
yXYzVF3WnzkUVwwmejoNZkzJiQcn87Ms9avDqFQEuoU
BVFTQzEas8kMPkcugksaTTuLnQJ8ESxtLryk4ngdyvjU
743n5tXasjmFuuMbMGwe5hRvx6jsuGMdf57PMhB3WMzA
E3Efp1kgBksFddsLJBJCCqcxfZGh5vyn4Ux8hyQxZxWB
EZsxgTx6JXqZS34sDynrFkKD1Q64Eve7AW8FjawFfovV
GzjpZ3LMWMMcvuAHUWT6tPnaHBVNpYQL6AufGqHmGndW
CbNhz35Sme3acS28qbjo3mWGfnrLNYpansGukcC1cCT1
FvkBucvV48Fegjr69Pwcra3YipeL6hfhSfX4nWMcS58C
3eucHmLaRJzL3d3rzYx94KvxcVhR4ESLo9R9hhb5Snbo
HFwBQzvVe8qz1M7CxvxQPRtUxJ7zxwLg24TpABcWYTUb
H4XnfU3Sr1J1sFUTcdE9jfWxvbLAomjC8UNZkNpzScDA
DjDHfwShdrvgVJHoPeGX3a96aWrArhYPpgJvg39QmHJ7
BnELXXs56gSYm31HjBm9z3U1iqv7B3DkFTcLDCWxtbwL
3EWKREEC4eQmBAcZfcuHdCFV849koasdq8V2222y4kTX
9ej7a4re5ZsayUKYpU91q5UEakEjCwK9mFb93zDAKwUM
72GAVS85vyaRypoQavWSZ18sjoNWyQscnXx7J9BMupQS
