Transfer 1 tokens
  Sender: BF41sqS779GnUQVG9QpkR6sjvE1jdH5adqDeZ7tqEFvX
  Recipient: FDPeN9W7K5bGHX44qTp5gKiwcPLrZA9u7143gSfdzpaH
  Recipient associated token account: AQTmgS2eK95KinUwNgYAP6YwzwBuHzjgv5jLj42SLCeM
  Funding recipient: AQTmgS2eK95KinUwNgYAP6YwzwBuHzjgv5jLj42SLCeM (0.00203928 SOL)

Signature: Z9uWixG9Ni7M7iBwoKa5FUPhaQMdZDhmrpnypUEqgRvPhuV9RN7yLcmoeDngd3aEpCf36JoJ75iHcFNbfraVdBd

Transfer 1 tokens
  Sender: CeAPtsPg9sGQj3G72aFJm1RAwS4omLTA8MjX2r7KaADF
  Recipient: AsxYivuyVu6znDgnwenpLSLvkZDua4mGKxTvM2JgoeDU
  Recipient associated token account: FL1hSd6jgxtajPqBafQhiCSUuLLtoAKReQMwiLXD8mVD
  Funding recipient: FL1hSd6jgxtajPqBafQhiCSUuLLtoAKReQMwiLXD8mVD (0.00203928 SOL)

Signature: 63TWgaYMDPz64JapHDM6CeNHLBkxW9RGYftatWKnnJKX4Puxej9vBxjyvCroX8kjrX5nYdtP7VFZ1SHiaD1VLUgk

Transfer 1 tokens
  Sender: 9joRtVktFC5qWekhf9J9coWpJKpCTaT4JtHAgZ1RJRir
  Recipient: 7QTJt2wCPPgKguZkL91hMETJ5cWF5BMudBrVYyoq3pWN
  Recipient associated token account: 4TjB37MVYqzdJUPXX5u4cfLYjfWHZZh65PW7f4tn2DNY
  Funding recipient: 4TjB37MVYqzdJUPXX5u4cfLYjfWHZZh65PW7f4tn2DNY (0.00203928 SOL)

Signature: 38k2UCAiTrsPCLte5cq8DsBqZeX2E9wuJN2RJccui2TK9GrGgQphi8qS9PHeEdTRLfMJHvaGp94L9tN2fXuiKAnn

Transfer 1 tokens
  Sender: HYYPLXhWZx4PPLLAHCu11TXmCNKrnLrsAouXp9sEBYDh
  Recipient: FJ5hcKnacavLz9geNZDRyDXdUvZHJBVnn5RLLy3sRtra
  Recipient associated token account: 4yDBTjsoSZ5HD8Aed1zYyagc3e5ahLEAMkgNduUCTT2U
  Funding recipient: 4yDBTjsoSZ5HD8Aed1zYyagc3e5ahLEAMkgNduUCTT2U (0.00203928 SOL)

Signature: 5XbcLkjbFezcCAg4URxxJpJWsrnLgQ38UcRwLxshqvzRwwNhX9ahmuN1j5vzVTqWDXVBRAe63MV5ZSGXVBct11R1

Transfer 1 tokens
  Sender: E96MEyNZjk8i2RoCCQKipancvfQWjjvztdkuG1BxALmW
  Recipient: CWiXLx6juMmaq33BPXGJ1k2DPqzfDyCQWoAsUUe83CqP
  Recipient associated token account: Av8UwR6drDRFz3pvmzMEv54BYun7wnpGtTajjmihB8UJ
  Funding recipient: Av8UwR6drDRFz3pvmzMEv54BYun7wnpGtTajjmihB8UJ (0.00203928 SOL)

Signature: 2Gq3d6JHvU73dGMTVzPYR6mnddgNsHfD7oo6bSjeWHDXG6c4eLDq4eSsFxLZp16ZGHYUiG9YGnCup3MeLc3qzTkv

Transfer 1 tokens
  Sender: BnsKU8PUX1vYJjGpwevs2bqRUjquGVgq7uQAH9e3tQso
  Recipient: 4SwDAKnt1ntsUKHaaM19jaajo9jV9xcHjB6ehwTtjkEt
  Recipient associated token account: 7H9LtF6GFNw6RjeZhLu3Rafg4DqAAVDpDoEBRByVFVDn
  Funding recipient: 7H9LtF6GFNw6RjeZhLu3Rafg4DqAAVDpDoEBRByVFVDn (0.00203928 SOL)

Signature: 228v2mWGeTsLJABtJpf9KPbpMSnav3SoghjqihDAZ5s3oxhs55oMr88y4uJXxtBNWsERNiDPkq3jhQmCu1X7KrKT

Transfer 1 tokens
  Sender: A8YzpAmLY58AErhD41inefkyTm9P3SyJQqi2misi4rjs
  Recipient: 5Cz7GSRKnuFDaXRHeNJpHC77aqU9BY97eXNBBCVhckLZ
  Recipient associated token account: Gv8m9LAERAFagfk58B8KcDHUNw6uuai4AN5SVcEP7eqU
  Funding recipient: Gv8m9LAERAFagfk58B8KcDHUNw6uuai4AN5SVcEP7eqU (0.00203928 SOL)

Signature: 5esYrsivjR6PQWeKS3nRd5V9XCPgCpsiuFrimJG3Hp2ssEZPcEkaPb5xYmAMd2QbFxE3AHaiFwH4pRt1hFyoYdfW

Transfer 1 tokens
  Sender: HFtTHHPmvfNMVMLq13osnHYfeQRBH1cVTX6ypV1S5HFz
  Recipient: AgPhAsvcwPfT8bcAQxfyvymHdS9enkCzHDZP67ihS5YM
  Recipient associated token account: 5Nj4BbreChJBWnef7e3hewegBJsCRMgGgyCzmRraJnUu
  Funding recipient: 5Nj4BbreChJBWnef7e3hewegBJsCRMgGgyCzmRraJnUu (0.00203928 SOL)

Signature: 2bv5zHgCzDNmv2XLz92mufkWWGPu3qEVCMx81vsxppnnwaMgJZokLpYy41mNqtpwibycCwg17ptsAyBa9gqjeh6U

Transfer 1 tokens
  Sender: CkDSZUWFgwz7LHMGUTKB9wCsTkP4nH1gnuHrC1bseMaT
  Recipient: F3hzbLTD75Shbpyu8tdztMhSrh9vZ1qMwTCopx57A5wU
  Recipient associated token account: E8m98pihLSsu3jFY3U8FbGtWA3FkecxUNrSiumfpgPkV
  Funding recipient: E8m98pihLSsu3jFY3U8FbGtWA3FkecxUNrSiumfpgPkV (0.00203928 SOL)

Signature: 58Nc66dvYLFxT8NKBtXjkpGo2CNfADTXLDFg1ao6DHXHb2H1an3T8XFeLu4jJsid2K8zvh52cmHsSRUNB5GT5APb

Transfer 1 tokens
  Sender: DsJrr7Q1JmHhzp165SoQyuhFPNbgUmTCtCvNGcCCUQCk
  Recipient: DgA4aNakbWwjENL45gpa76Mt6dVaA3HYtphjy1B8eVw3
  Recipient associated token account: GNqJdLqkda5DEB7A3fHzQWpP6MSVcscp6GDDbaRSoJVu
  Funding recipient: GNqJdLqkda5DEB7A3fHzQWpP6MSVcscp6GDDbaRSoJVu (0.00203928 SOL)

Signature: 2r26pRaLhDFvh5H6Fn86iVcuF9RYSfiSbSw7arpu9VRX66W73xWE3sZaq3ihpEVgEmf8ZXigfvG4iw2TT4tiGSur

Transfer 1 tokens
  Sender: Ha9FYimoWpfLcDpTV6LZYya14eveu7vgPkWWWMJWU5rA
  Recipient: 73tF8uN3BwVzUzwETv59WNAafuEBct2zTgYbYXLggQiU
  Recipient associated token account: AGjW8J7brz6ZPgyj2MDgSi9FG5aQKu1avyLkLedGXhkU
  Funding recipient: AGjW8J7brz6ZPgyj2MDgSi9FG5aQKu1avyLkLedGXhkU (0.00203928 SOL)

Signature: 4PLe7Pxdp4fZ8tnNWgRcD4mrbwCDc5jkFr4HjpLkvhopMaHTSEm9Yd4ztgY6wpLDZxZWwtPtNWs5PnzusPnXw7FJ

Transfer 1 tokens
  Sender: FkRLRGSoNqcbrR3opo1Szyht4inHywM2JmXZT46uCbVB
  Recipient: CA2YSCaxW4spUDYBtTZ5F8HGmFq5wwS8enW92bDM9qDy
  Recipient associated token account: FBggaamPq4LGvqZM6dfpe4oEaVvkkCxCYDixADtDBD2f
  Funding recipient: FBggaamPq4LGvqZM6dfpe4oEaVvkkCxCYDixADtDBD2f (0.00203928 SOL)

Signature: 5SreRkU2SCnyyudr5FCnWCXKAaDd1jF1jhuCNNPku84qYZ8LatdJv98x4zLSUfdF33FM1uxB8JiDCpjdpMGNji7o

Transfer 1 tokens
  Sender: EhVP4tKG2m9Q4wEq3A44YRvmyjpS39sFiMJUSsPRiZrF
  Recipient: 74nQsQFEVm7N5u8xnxCNpmYNrmcBKMS41LzB9bCXJZo3
  Recipient associated token account: Gz13A3Ao9nGRjap9n2itFq9UKXgzyEqVxLhjZm7qEsFV
  Funding recipient: Gz13A3Ao9nGRjap9n2itFq9UKXgzyEqVxLhjZm7qEsFV (0.00203928 SOL)

Signature: 4cbMZPrwF4c4trohaZskSdRuGCqX3U3N7bUNaG7yyhjdCHCJjyX3chbXTpAWhDcZbTsME6q7TxU4Sim7RTwVWfAW

Transfer 1 tokens
  Sender: 69xXbEXMGbFQGDo7RW2QhRT51Ueo8NYdENCwLSie3krG
  Recipient: AbgicEN3npoAGUvZCJWpkLkniVxnEdcsFnTHCcmhfUKF
  Recipient associated token account: CNQkhRGkTzpNVRe8YLzCKvFW6nBiLTbdtCvic8YiE288
  Funding recipient: CNQkhRGkTzpNVRe8YLzCKvFW6nBiLTbdtCvic8YiE288 (0.00203928 SOL)

Signature: 2aXS3sTawijxH6obbRGKvUR3ELKnHNYnbjnM7czi5ZNVARHWjSgg1wv5p3xHsTPArBs7M5PT86r3sh2m8moVUnoK

Transfer 1 tokens
  Sender: Ag5gChiM5EmY3a9iaxiTEdtZFvVTVH9TKp2w6LCnzMv
  Recipient: 9Y3byqMWKYXCyX72BqZinF6vCrJ7Pq76s3VNs7bZrLuj
  Recipient associated token account: AjhHsZhAFodANMoeRWEiunx1osjKasBwgC9FErVNbG6n
  Funding recipient: AjhHsZhAFodANMoeRWEiunx1osjKasBwgC9FErVNbG6n (0.00203928 SOL)

Signature: 53FKuscS3G4kByQpq3ZLut4rMcUYjFmFLfya21WsVf1dGzFaVHSVcTh5XQYLrdzYgWTwu4QgBMMdFkFBBEE5yEHo

Transfer 1 tokens
  Sender: 6CqFUs86FKm2SD1TXRfmUeJG8xVHmGQTAfKPoceewA5b
  Recipient: 8WYRXiQXQSoAMw8A25HuTiTmkg2Ax5YTaBxmHZk6s5LY
  Recipient associated token account: 7dBxkKesdz5dadZic3PZZX87rqH6Rgfx8YoocfwZtyfN
  Funding recipient: 7dBxkKesdz5dadZic3PZZX87rqH6Rgfx8YoocfwZtyfN (0.00203928 SOL)

Signature: TJX6DqwmWspS6uvZZ1psSk1M2Lginv6hPVVKPSc3grCe7tWpV6cw8gKSWbjU8UtKkPt1wwrVxAuCmxuaR25WW1D

Transfer 1 tokens
  Sender: 9jWNVx1cPD8zmspqFfyuq9C2qhkcm9sZAK8eqJPAw9MS
  Recipient: CkMFDbNEwaNiaQKaq6uUH3hmXp8oQKcGy9cT12F3xNLn
  Recipient associated token account: 65d3QrQGw2VzaciJ76jWK3t5wQgnkrPX62v3QayX1ZKJ
  Funding recipient: 65d3QrQGw2VzaciJ76jWK3t5wQgnkrPX62v3QayX1ZKJ (0.00203928 SOL)

Signature: 4HQ4vo4Eo5WhzP6DG3pdNFRstVuntrSNe1YKLtTyvKRqhyxz98C2bCH6NtRkc2fqLcJduJEj72fvs7Sro6du4HFd

Transfer 1 tokens
  Sender: J9FeiGwTYYfwvssf7tabXjNJwCtVVAedmoBoBwbYhhC
  Recipient: 51oET2dy4vCmZ1JMGYR9hbsvsLng1vcLD6z2AZp1uq1j
  Recipient associated token account: 3KPvs7VVnLFk4YwsMohGe7L9Z7f6Wbbt9y4xZxmPqT3w
  Funding recipient: 3KPvs7VVnLFk4YwsMohGe7L9Z7f6Wbbt9y4xZxmPqT3w (0.00203928 SOL)

Signature: 2F5UuWYdtXYpJWpVLrR2uu7mhbNpA5ecT9Ar9rXDXQtnmdQcXLBe1TujLrE2aYDpgt5Nr2KMLsTRcWtfNpRXBX5s

Transfer 1 tokens
  Sender: DSs8KaLxRp5Dds6Uohe1zS51N3MFkahz9X4WhHULHYos
  Recipient: 4LBUPX7zfGzqdho666K4ueu9kipXkQFoCpNCYmQwdVmi
  Recipient associated token account: HF2hvGLxLTr4y2kt3FYdvF9xeuPjvhhnq9ebfLJBQyi2
  Funding recipient: HF2hvGLxLTr4y2kt3FYdvF9xeuPjvhhnq9ebfLJBQyi2 (0.00203928 SOL)

Signature: 5tKhLV7zMbpnfsLfQXthHgyWRfV7Y9SnjVSjexCDVxwrKr3LQSWQ149KEntJ4DUYqYu6QkxpkREZYQkjbXf95Fte

Transfer 1 tokens
  Sender: 8KDU1LjYjivw7a4a5X5pY6XmA7b8pa537hJZwraVjdBz
  Recipient: GT4iUrPsKApyMsXsu6CPk1AN7CKfMnzji9doas1B1xLk
  Recipient associated token account: CSZTM9jeFYVjcb3nkFK9vDC7auqJKCsMkdK3T4AB2uVQ
  Funding recipient: CSZTM9jeFYVjcb3nkFK9vDC7auqJKCsMkdK3T4AB2uVQ (0.00203928 SOL)

Signature: 47LEskvkYV882dxDb967NcwDGSaHXdmt57hazBv5QjFzDbqkVVN4crr5EGSF8fcLmQCqGFgVnvXPg8syc14KMbou

Transfer 1 tokens
  Sender: AnDqg4PCHCuDe6aPBE6r9P9ANV7quV5vwqwUNp1rCp8y
  Recipient: 6dgB7mmyxzcobztUBo6vGzcYK9yp2e1p5giqrYRHKaS6
  Recipient associated token account: HDryq8RFo4a9CwCbSZkufVvnmrfAYEPgidHk4gAZBh8y
  Funding recipient: HDryq8RFo4a9CwCbSZkufVvnmrfAYEPgidHk4gAZBh8y (0.00203928 SOL)

Signature: 2Yj9ut4gPvH5AaF4N8BozYXyzBsH9uoKZGYnCbFSiDCjGduSyhEmYAq1KBUtuVc2RtKB4bGoNriuLKQEcdBvYdPH

Transfer 1 tokens
  Sender: CYsVbxP6ydjDPnUXUB8UKqU1cZmmmQ7RKsY2Xrzvaats
  Recipient: GZ7dL3aqcVwynsidEqLTUnsHf3iK5wvNFsCEJZvoVXFe
  Recipient associated token account: BCTRLsYLn5p2cnxLp7HPiWLqCogNtiiqywT5WxMoHmUC
  Funding recipient: BCTRLsYLn5p2cnxLp7HPiWLqCogNtiiqywT5WxMoHmUC (0.00203928 SOL)

Signature: B8DPZULYpcPvnWneHdPHmhQ26R9wrjKC1m2AgXMtmLMYCwKBML9vse7kKf7MswaeVtp5YfxJuhR5VEaxb38vLsK

Transfer 1 tokens
  Sender: 8gTGBNGtAnqUgWGHA8De2UTqGZBCrPy6nsty9FPcagFy
  Recipient: D33AVStLgB922CBBtPnfdzvrZSRFzoghJvSL1ckPnPzw
  Recipient associated token account: 7FPRtVYA5R32FqmCRWabBmYvcEwmnG63HkqseJKzgsTC
  Funding recipient: 7FPRtVYA5R32FqmCRWabBmYvcEwmnG63HkqseJKzgsTC (0.00203928 SOL)

Signature: 5dzknoPtRaMee5Sg3zMFbDzPTLmGYxAKvTYv4YekgkXrsgj241GeQqXJ4vwcEBitwkDNByLUdJdtwpGvg8Zu79a3

Transfer 1 tokens
  Sender: DoemhLnX2A9Nzt6Gnj7rYxhJ3h4yN4HdvTPDgT4uWwe9
  Recipient: 5updUQS1RxJZyPFRyJMmVq7vYZnNZTnPUUftoorgyrZc
  Recipient associated token account: CyYNVQTSmRG9KrEH75J4w2dbBi4NB7PWjEVwotX5htcD
  Funding recipient: CyYNVQTSmRG9KrEH75J4w2dbBi4NB7PWjEVwotX5htcD (0.00203928 SOL)

Signature: 374FMGHCBJHRPJG7wXERu3cBGmoarMvsMbk7dQxrZ3srp4q3aEP8YSwgt2sQ2Nx7TsPMNnJvcopTk96TxHAr1m3y

Transfer 1 tokens
  Sender: 9AYzCXXUNQhfNzKwJV8G8ewyanYw946vqd4uBxu2FKaY
  Recipient: 51oET2dy4vCmZ1JMGYR9hbsvsLng1vcLD6z2AZp1uq1j
  Recipient associated token account: 3Y3mNHyjLH8uG3kP9yLFrNV8ZxjnFipagmAzFLuXsSJM
  Funding recipient: 3Y3mNHyjLH8uG3kP9yLFrNV8ZxjnFipagmAzFLuXsSJM (0.00203928 SOL)

Signature: 2bM97RwhLhESVQwufSkMeP4jWyFqB7Y5TmuKoVR6ZhZyiXtHk7eMTEjjVW6zts5SFmPf6DErVsc8J3hTioGcxSsG

Transfer 1 tokens
  Sender: 12BfTtwNct3HzjA8K3qwHhWQjp6Kk4UTe9EPThSy5GLz
  Recipient: ASCDQtyMzifctQeyZq5EnoZf2FSmw1DCXJGM5bRsnNuK
  Recipient associated token account: 7jbn2KUGuUnFxCsB2YT8EmJC6aNnUhHDVcDzV1c7Cu4A
  Funding recipient: 7jbn2KUGuUnFxCsB2YT8EmJC6aNnUhHDVcDzV1c7Cu4A (0.00203928 SOL)

Signature: k2SkP8ztKieLMhDEQJZEtnKheFTs43g63dyP7kz5SLCDvhsyUoUny4KL9L43nmHVDHCY27a2vSK5NoULojKWkze

Transfer 1 tokens
  Sender: 2PZLH6x1jBR1eJKBSsYu7mgcPtrMhvY4r44EnUBfSLiJ
  Recipient: AGL2LQTYLsCZC3w6TLipMXkMDqpG2ZYtmKGFZRodT3m3
  Recipient associated token account: 8QDASxiTqKC9E4enBimTy2y5jKCoQctzHUHXayq2B2Rm
  Funding recipient: 8QDASxiTqKC9E4enBimTy2y5jKCoQctzHUHXayq2B2Rm (0.00203928 SOL)

Signature: MKM62eG6CcgFzahnDrFYRV5Fk72GdXdd45iEHFgGRNQgdKYc16cHyoKHkTeyKrAgaAytojJVW84H99eQJJKJGpX

Transfer 1 tokens
  Sender: u2b6eKYSs8BMs3psWtf1teJBqiN87EoHwPCjD1FaxP6
  Recipient: AsxYivuyVu6znDgnwenpLSLvkZDua4mGKxTvM2JgoeDU
  Recipient associated token account: 2V6EutDpWRpFdPDhM8FJqFvRebhxa9nodnH4Tcdxcrf1
  Funding recipient: 2V6EutDpWRpFdPDhM8FJqFvRebhxa9nodnH4Tcdxcrf1 (0.00203928 SOL)

Signature: 9n8tQtUcCmx1WecmneA7td6TjMkWfv8qk4X1ioKw1dDYKwmuL1g4jeVJSzNbpbdC6BMwn9AaHDHw7qhd41CTS5a

Transfer 1 tokens
  Sender: D9DbBKZ7x5adTNfa6E5VHiUqzFRmT95hqUmY4uHgMHv7
  Recipient: 5nH4SNp9Hhigqmjd8spT6UyLKN8okssmWJ48uCGfWf3J
  Recipient associated token account: HsnaNQ8pp9EgV7CD1pENduYdhBveb1vR4pt4zqd3VSka
  Funding recipient: HsnaNQ8pp9EgV7CD1pENduYdhBveb1vR4pt4zqd3VSka (0.00203928 SOL)

Signature: 5FLe4ety5Nkjin35Et3UXkYHht9KnwcciDZ66YFU3xm448GHi4TVny4k22Av8N7fqkWeokJHRSJysov8rUhACZqa

Transfer 1 tokens
  Sender: Hu7U9SLEDVdwDNQg3M38aC2WmRHJ9A9e55742bCs2L34
  Recipient: J8vxiR8o4NvY8wcR46iuSpSAjXhBwGCgrbo5LWA3corc
  Recipient associated token account: ArRDLHZJYrQsXZ3FcJa9q4cr9KvGbbTqs2DiY2biu3jy
  Funding recipient: ArRDLHZJYrQsXZ3FcJa9q4cr9KvGbbTqs2DiY2biu3jy (0.00203928 SOL)

Signature: anWZgkK1xA8tzXBeKc3PmFE9oSk524u6sT5KPd8JPDJjXS9ZeBEXvEFj6eckaTKA7dnV4WDQTQjLYwpunnBH1C6

Transfer 1 tokens
  Sender: 14dU9ACqTH8H9WBukmZ7xiAE6nvXnffzxwG3XqkQXKni
  Recipient: AEUto3eFWHLAmmVRq3Vo2fmHXwte525jQGG6D7pN4RRd
  Recipient associated token account: BsCwnbTkdZXBkSsjsDimwPYnY7XDrA17NfifQrf7yRSg
  Funding recipient: BsCwnbTkdZXBkSsjsDimwPYnY7XDrA17NfifQrf7yRSg (0.00203928 SOL)

Signature: 4rX2ns1MXPXYN7e8AwXN182ykR3Haiz55KrqGTG67swxYydyMyuCVpvy6VkNN5qpayCZhhUT8vvQu7eo7qz4f6ex

Transfer 1 tokens
  Sender: 2CENKJKeCeSvA4TJuMBFuqvCFqg2ZMk1YNeR2o3A6vAG
  Recipient: Cm8cYtgtfyULCzisqUnMg68aqqi12PGZScouQfJRfrG3
  Recipient associated token account: 2aRwYYsvqRDvUDx33jbDVughzShZYtYSSEp1aRC31CuA
  Funding recipient: 2aRwYYsvqRDvUDx33jbDVughzShZYtYSSEp1aRC31CuA (0.00203928 SOL)

Signature: F6eVdtXBbHwVz66x7gt2Xq7oyKg1mfQsKc8zpuibvBzSNci5sx94iSr2jb7oE1m6iiJbB5DBEUUGWqXwKynaL9T

Transfer 1 tokens
  Sender: 6zMrgEkqbX5DHMQ3uNvcxePiZXZwua9oqoYNWETaAECJ
  Recipient: GSfDaL6w8DGZQEhTLmhKtjwJYJiKdLT9JsYTdi2W4WMZ
  Recipient associated token account: 5yHnEHYVavXD6vjEfNLcYC3LK7kRJKjLxa4EUJZXmyKw
  Funding recipient: 5yHnEHYVavXD6vjEfNLcYC3LK7kRJKjLxa4EUJZXmyKw (0.00203928 SOL)

Signature: 3Zv5VADWGVntR7keuaNKFPQphE2bVRrbMxsZpNXSy6YDvKVJuHau31quFNqX5aspjmjeZRGAB8EcpYVM4tgudSgj

Transfer 1 tokens
  Sender: DGeRh7ww2wpUuUNv28MbhJoqqLMrAf2SxcrsNDnytGmA
  Recipient: CbXZKQJqYpMQCY6ZWexEhsaUphfRPGsE5GKfTi9VDCQw
  Recipient associated token account: DQtxH5yTQDvW51agCpdb2kKUvA6yFs5SCnWV7Ncq9ZgB
  Funding recipient: DQtxH5yTQDvW51agCpdb2kKUvA6yFs5SCnWV7Ncq9ZgB (0.00203928 SOL)

Signature: 4nKttdnwTZE8BqKrh3zha9sxdwQPJWPio2ZyrhXmMdT7YC7Ec9BhWhr5brcXsZf88SbHNDJTqfzb4i4tUSxD8xiE

Transfer 1 tokens
  Sender: DmCqCFtBgz3i4j8FrNhZQsHPSc1bTBWVw8DUDxKxosUh
  Recipient: yXYzVF3WnzkUVwwmejoNZkzJiQcn87Ms9avDqFQEuoU
  Recipient associated token account: 4VJF6wNnRAB3K2iazAnpSWSsfiGrX2rj2HER4yjv78yj
  Funding recipient: 4VJF6wNnRAB3K2iazAnpSWSsfiGrX2rj2HER4yjv78yj (0.00203928 SOL)

Signature: 4AnorvKix39MPHCq3pWGCX1ZL5hbQ4xD8vNqMAoogLU2WqHn8dvaqoha9zBetMu5pUkghLYkpdRjrWerJfECbSQj

Transfer 1 tokens
  Sender: 3LkxUAa6RNDPsDowWJftjTQTCWitJH1vfSZxPfZAE1nZ
  Recipient: BVFTQzEas8kMPkcugksaTTuLnQJ8ESxtLryk4ngdyvjU
  Recipient associated token account: GKpyWhMyM55138osF1v2WjfmX37ZNpFCmJoDznoW7mJA
  Funding recipient: GKpyWhMyM55138osF1v2WjfmX37ZNpFCmJoDznoW7mJA (0.00203928 SOL)

Signature: 2ZSxw5FDLUDRMEmV5H72krNgeSZmAUDp9LzyoC7v3pRtsgA5zsY81mD6M92JLRwKTUmMm4Mh36B6sMC418Kn6ggZ

Transfer 1 tokens
  Sender: 2LpMjAYQKfdkZycEPh2hKpUho8jJDrJyiM9ZyHE49Mi4
  Recipient: 743n5tXasjmFuuMbMGwe5hRvx6jsuGMdf57PMhB3WMzA
  Recipient associated token account: 26Pd7uQSHHFMnXkinkbgd5xb7bNT6vxxEaJFKW798xBm
  Funding recipient: 26Pd7uQSHHFMnXkinkbgd5xb7bNT6vxxEaJFKW798xBm (0.00203928 SOL)

Signature: 2v6HbwGawHFK7SCGTK6yskAAv9wuexDMxjmPJg7DVZmSegXwfg6fwaVk787uKdty8vKWRcM8goWGyh2CCGEJ6bTX

Transfer 1 tokens
  Sender: rgFi6d6DaHbB2HjhmZhkcPPtdv7XwfsM2LbVRRfFQm7
  Recipient: E3Efp1kgBksFddsLJBJCCqcxfZGh5vyn4Ux8hyQxZxWB
  Recipient associated token account: J8Ybf7KCrXpQA9Lo6NQMo5aMPLMMJXSTAYKjcsy2PQfC
  Funding recipient: J8Ybf7KCrXpQA9Lo6NQMo5aMPLMMJXSTAYKjcsy2PQfC (0.00203928 SOL)

Signature: d4emwE24ENFMk5GwMDizm3Q6bgXH7t5yWYuXYud7vLu1sCqCYiN5SPBj7SVPeG8gqiHDD9jhfKPWBrdJR6XpHgX

Transfer 1 tokens
  Sender: CTACcM9GEw9QMYs4MN7xtZra5yHyTgQivR89DHbHtLjp
  Recipient: EZsxgTx6JXqZS34sDynrFkKD1Q64Eve7AW8FjawFfovV
  Recipient associated token account: 8nK79CyBDPcYxiHpGBcqZCYDgg4Au2mTUKdqo3B9P5X8
  Funding recipient: 8nK79CyBDPcYxiHpGBcqZCYDgg4Au2mTUKdqo3B9P5X8 (0.00203928 SOL)

Signature: rfhiojx4toz5JwLzApQPXJqAZmh2QEEn4n1wNBoXfucBcZZDc31ECRCJ7Q6FD9EsNKfX7gNWe7cPZoeJHjxvUpX

Transfer 1 tokens
  Sender: BcywqDqYiYhFsbDTiXVV1saZaMvYmMy8iPjWhvSMPBqj
  Recipient: GzjpZ3LMWMMcvuAHUWT6tPnaHBVNpYQL6AufGqHmGndW
  Recipient associated token account: 2CP2q3JCFKWxRauz7FoKPkFXsN8jy6VZJFCru9UguJ3Y
  Funding recipient: 2CP2q3JCFKWxRauz7FoKPkFXsN8jy6VZJFCru9UguJ3Y (0.00203928 SOL)

Signature: 5KMdfEBSkjN4TR1WqM3aKKaaveQF9qec611dH9ioyzZUopxd43LKek7iwqvTcnQJPoPSuCEw3EzFayExfQjJGPoR

Transfer 1 tokens
  Sender: 7BHksFDQ53Tb1GNAyZia37RVuoZoSG1vpnGXSSGLLtbx
  Recipient: CbNhz35Sme3acS28qbjo3mWGfnrLNYpansGukcC1cCT1
  Recipient associated token account: H4AX77RG9jbTP1fZFLW6B5kst2uvgVoGwcfnhMArPjcM
  Funding recipient: H4AX77RG9jbTP1fZFLW6B5kst2uvgVoGwcfnhMArPjcM (0.00203928 SOL)

Signature: 4SW294ia1JYWdUev8F2gFTvf3EmG7T7BToJjCuGJ8dgMnugZLk4U3BG9kLBCwHBUBxgHSgEbVZkYfsWoBBVeLEf

Transfer 1 tokens
  Sender: 4JA8UrVNR5Po3F2t3tWaPTowEPFV2nzLP5SAGEohQWJ8
  Recipient: FvkBucvV48Fegjr69Pwcra3YipeL6hfhSfX4nWMcS58C
  Recipient associated token account: FQNwVDw9utBUD8nT5wrciZUGmHBHZfSvTwrjuKZwN4NJ
  Funding recipient: FQNwVDw9utBUD8nT5wrciZUGmHBHZfSvTwrjuKZwN4NJ (0.00203928 SOL)

Signature: 2d9rE1FXRX4AAeuiogrsSMuCaJL75Kiktf4ri7hGdmcNdYFdpnvpHknHxD4pB3ZzMwiPykHYsBhbsUpT1d42Cdrv

Transfer 1 tokens
  Sender: 4WCPEjZJPsrhXYLa7Y3QV9qoCvPQN6DiYgL9Cp7HaD1w
  Recipient: 3eucHmLaRJzL3d3rzYx94KvxcVhR4ESLo9R9hhb5Snbo
  Recipient associated token account: 4CPoU52UiCrTwsv5NDKiuoz2si9cWaT4WvyyYjXj2DJa
  Funding recipient: 4CPoU52UiCrTwsv5NDKiuoz2si9cWaT4WvyyYjXj2DJa (0.00203928 SOL)

Signature: 9tjAhCEuXEFYYth5o4iaavjADtktcU6XGSRCUgJQrfBeXzVeA1n79bJS2RPeRuEkfdRg8mTYGyTp4ZUdUz9ecBo

Transfer 1 tokens
  Sender: Ema7XoS8uk44vCzsKKHZ1zFjhFwjzevfV8fw2xZnNdPa
  Recipient: HFwBQzvVe8qz1M7CxvxQPRtUxJ7zxwLg24TpABcWYTUb
  Recipient associated token account: 14ADSNqDBZ4P2949PMEHa8p9y46pqX1HyMo6zpb1EfRu
  Funding recipient: 14ADSNqDBZ4P2949PMEHa8p9y46pqX1HyMo6zpb1EfRu (0.00203928 SOL)

Signature: 2sneNgMHFeE1xP2HcGf59vQ3wnDpb4DSVTKnQhLoaGcW95ks5N2Xq8Wti2YRe7Zmz9QagKkWh6vAmiADfoCFEChd

Transfer 1 tokens
  Sender: J6LUofGG8KyKh2V45HUd6rhZ96TBXP1svQT2XE8VqZug
  Recipient: H4XnfU3Sr1J1sFUTcdE9jfWxvbLAomjC8UNZkNpzScDA
  Recipient associated token account: 5ywQiPGG3CbXLqseP7ShU4er2NGHy3Cp2XYVjcCJ4dfp
  Funding recipient: 5ywQiPGG3CbXLqseP7ShU4er2NGHy3Cp2XYVjcCJ4dfp (0.00203928 SOL)

Signature: nujkjZffAHPcnXwbimE5P3WCZww2rgbw77HMXUhNTuYzFCqEBsD7RtLdpF4NWpwJbvPh1Wu5vZ2cMt4vrhVfKch

Transfer 1 tokens
  Sender: FXdE8f1FVDf9EC4q3JnANHzxKqDYEnLHdC7ezAQiNuRA
  Recipient: DjDHfwShdrvgVJHoPeGX3a96aWrArhYPpgJvg39QmHJ7
  Recipient associated token account: 7BPzojhyM6a3Qko7xNwMHqNTgi6NkJy88hzrd8iuSyYN
  Funding recipient: 7BPzojhyM6a3Qko7xNwMHqNTgi6NkJy88hzrd8iuSyYN (0.00203928 SOL)

Signature: 4dv9c4dRdUdDVYWLxMLsFG4T6F1GGaG7YNCCkDcSSU1qjJkKdRgwki5Sm9mVf9WLyFwEBh7h1UtbnMGNjEy7DR6A

Transfer 1 tokens
  Sender: FWGRJApY3T5Hi9iy8HtPY9No7Tj8dkw9MNLKAD9ZWu9E
  Recipient: BnELXXs56gSYm31HjBm9z3U1iqv7B3DkFTcLDCWxtbwL
  Recipient associated token account: 7hhc3VDyPHSRxdJbWcJcQYm8UAjSbodeqnc14epkNQQe
  Funding recipient: 7hhc3VDyPHSRxdJbWcJcQYm8UAjSbodeqnc14epkNQQe (0.00203928 SOL)

Signature: 5cox41NSU4GtwUzewASSAxVVUNYKQDiYQHCSHqiWUr9smiJGKKhRchafy9K2o5gB9uJPw6CUdVeEdg2Dn2hR3BAB

Transfer 1 tokens
  Sender: D9E1vZXMmwRYaNZiTuHriNtnJ36H7hGe7pyexDB1ER7f
  Recipient: 3EWKREEC4eQmBAcZfcuHdCFV849koasdq8V2222y4kTX
  Recipient associated token account: 5KPVNatzBnFxevC8YetgbzfimAmiNYuTnqX4oqkVKLUc
  Funding recipient: 5KPVNatzBnFxevC8YetgbzfimAmiNYuTnqX4oqkVKLUc (0.00203928 SOL)

Signature: 3BfKvabLDmrEuMRP6TEV4DKqru5x8zrUsQHfbHLeC96zn7WaTtv5Hh9e9Ujdyv5kzVPRXWkCRJF9zRvXwqrHiVJo

Transfer 1 tokens
  Sender: bSdYqdUoZUWztUkUStcj14rnSDxcdrSkhoR8ndymjXc
  Recipient: 9ej7a4re5ZsayUKYpU91q5UEakEjCwK9mFb93zDAKwUM
  Recipient associated token account: 2pXqowKt89K48yorknA8ZXBrJ3FJF3KvWjDYpFuquVu2
  Funding recipient: 2pXqowKt89K48yorknA8ZXBrJ3FJF3KvWjDYpFuquVu2 (0.00203928 SOL)

Signature: 3V6grZgPbUDRDo1yDxtBnW5ccs6ga8Awnv4ZKnFk2WYyG4usB4q6rBmaWqBxUNxW9ie48zGmuhmhfNMhCi9n5avj

Transfer 1 tokens
  Sender: 6RFyzYkEncgMyGhvWbbSqZCtvLUp3uLLFzRqQFUs6NVG
  Recipient: 72GAVS85vyaRypoQavWSZ18sjoNWyQscnXx7J9BMupQS
  Recipient associated token account: DXJPKcZJsNYaK6pY3SxNZ2FeuQu9NZb7PJZGpbCRavJ1
  Funding recipient: DXJPKcZJsNYaK6pY3SxNZ2FeuQu9NZb7PJZGpbCRavJ1 (0.00203928 SOL)

Signature: 4oiaN4iNDuMn7ni2xL6GSJ6SQXRkCW1CgQC1Qmif9x4ZFsER9r4KT2hh7N4wXkZX3c45VgDqVLM9PMw5nQF2zwW

Transfer 1 tokens
  Sender: 6RFyzYkEncgMyGhvWbbSqZCtvLUp3uLLFzRqQFUs6NVG
  Recipient: 72GAVS85vyaRypoQavWSZ18sjoNWyQscnXx7J9BMupQS
