FHAATKx6Gs5Qwpsppbk6V2v8Hgtkhwy2xjpDZWUSzbMw
B4vp4avTsM4cXacd2X7xHjinReEmy2DqXbrAc5u7myAr
HSicm95zwEC47B6qcLwu8wpXxq8SJ4KfEuThBFikc3Ug
HZ6six6fhWKcXqyQvBQagntu7exbWwT3q2oprDQWMGCw
fXCApaK3SEpkyD3VZD5mLLvMo1oN3oWv2jKu13Y7f2a
4STiTKRKLyhtYJs1jYwoccSG26ZqqkNSx3zunKimXvH6
EcLN2dy1HtRTMofu5qwrkqEodrkj9khfx1ZVGnjFuB6g
k5MecLXAgx5iPP7G87Umw1ZrU9pYCzkZ6KCSH5NWwQe
HXy1JzgqR8oQZ7fBcDTQwZ2nrJccJazyBDmqfY24wHfw
7LW8C9zePhqyLZiiNG7gfLMG88s8xHYk4y5VAhZoi2mt
gbb3QXF9TdLR1hERVo9ij15LiXDXdtfDDW6zQGaVapg
9P8V2xgoivWhBoSKtiZy2cmecp1enxYiqRKRFLn7MKFH
6h5wKnrrkuBGAnDghVwF26aScDkNofuk6bmmnFJmFn6H
7F4QUDaCuVxtsG19Wj23LaxD3gMp4tvFYyzMS4hR8fqV
6qfRWFsjdxoQCXJfX8sYG4tVric9VqDKb3ipqGowgM24
ALD4LMuRKAoeUKv79rWTfXbBUMYY45QzAGGRTG6Ltfw4
H9Xd2NC2vqh1w1nfwHWmfzVUJ3fmb6C6tS38tig76x1m
Ha29D8FqqLChS4a8Z7BcS7xWqKKLx64QurKad6cPb2NX
3kgbq4CbNcYR1DcSWtXrVRKh43TAQZoYNWGfE47jYmHC
54HQLUNigFYKyURL52q3XGwxubotPGqEXvf2kybPaPbc
E2Ut4rJQdBadJKE6CtCbYUivvVURYky1XMTVL2aWu8JV
H5B6UnUWEyC2fy25EgrLRiSuPcrkcuEkUqJGhkPMWbYp
6YvVBySsHp11UGdms8hv646RdpqjFNAnqmwp4QKZsL6q
5AAUQc6obfz7YrDK5GDP7dia1wswrAVdX7aiEnB6qfuh
48NgPVAWquEZFdUpGZrZ8Kkb42XtXxDiszZzuwxgpgwq
BTfeZUfTbGEuU71CfGZ55SuJ81R99yMoo1AgG9bncJM
AtLrAe7AdUkcUrH8z6fSuAqKs7Hg9Sn2YAGYEqLDoj6t
H6Vv2EHFh95kpVLiQ5EG5Bg8TGszreSidsKeKS4ornVK
2cofkz6xhXTD3j7Zu72DEznnS1XCmajpo9onzyLdWnZP
5xWK1tztkKVEuofwyZ8M2R1jKsvDf9xNud49aMMbjpGP
GSkoW4pKCw9PLYs32zgJtGUeLnt4ozKVMdKGVimMwUBq
33hU2CimWoGi29uMoGr4QL8562jiGgGG9mMFmuo8fp48
BtRRFUVoVcvd7L6mbtR9ZzA9xjhSVAshTe6oiGjyX5L5
Efub514d9xEX5QnCnUH8Etd5Xi1JGhr9DBiffXgb71MB
Bo9PCeaaH88L8t82eEaf1YKv1tDh2zw4zzzs3PrSytPr
EUXCjSEuEUeR65Czf7n18AxrWAiz6hgCLLuZrt8G1zo3
5ifg3HsAxUMNvrHkt66SSR1U3WWwSGbkCeMXCnYVC8eE
A28AbBkPdaL9cdXQ5Nu8DD3dWSsJpdZG6LLe9USaTbwS
6srhihgHBgtahy7Rp63KbwFbYFQrSwAP4S7UwqhnfMPR
34wrwDXifam5TSmN6VP5SxrpEGiAUArRvhRjP5sDYG3c
F5CTiv3VsQKgKeg4AZCzRGZsEH9KW4ef3SXttuP6TJk
A8H4SVYfq7MSY1AsRw4Qdo8wWBmAYd8W1bHDsYYX7iK2
GoytR49scZuh9uEHgg5QkYpR8noUq3bAkhCKRzn2DbWJ
3Gj7vMSH73gzDzXzSM1ebxobqdkim2JQsDjXKmKvo7b8
26ssRfdnfYaXepkFfX3YQNPEEniNLHXh5iEHcJJfEU82
8M4Rfnax8SYMHKyeCj7Qea4ov85XDznqmG6Srcq2oJ7F
7bSnyWo3482aJQDmjKvmgm1NUZc9gZEk6pdL2A4DmG5C
Gj8eseKMCBNw2zdkcxgJmhMsiRj1Km5n5Yx3mg3ucox4
HTJP26GgwdEUs26DTrFVKMEV5YVdMuXd3rF8Xjg5GJSR
HGq868Rb6MyE537EdoATdGTKwFwwxKQEMrkoWR8L7RBe
