Transfer 1 tokens
  Sender: 6kYQ5hoYvunNFFjyXAbLMh2iEr27RxwTj5CBL6u5PV6i
  Recipient: 14TJ82sAjiw2A8rTqGiBeseHp23RZqf3yZ5PovWSb2jS
  Recipient associated token account: E3h1nSxQa3MHCaL9odhWfVP6Jd3WB1oQ6T18njsWvLzg
  Funding recipient: E3h1nSxQa3MHCaL9odhWfVP6Jd3WB1oQ6T18njsWvLzg (0.00203928 SOL)

Signature: 4JmcD1ZGP6sMxZ7ySqpMqmN2AdsqPSnR2wrz7KQZeXstJvLo1MYsogcog2r7xjub8XH9eFaSKCBWENNvDYeRuAhn

Transfer 1 tokens
  Sender: 9gPEAcRgCUWzk12YB6cARuVc6rGezvTaKR3etHv9w7K1
  Recipient: 7qYHTT396PoLrPToEtbQZSdwzqVPpDgYJcTAtbeozmh4
  Recipient associated token account: 3ddkqrBfw4TJzZJwBH2ScaYUaxJxhzQqUUtRV1FgSp3M
  Funding recipient: 3ddkqrBfw4TJzZJwBH2ScaYUaxJxhzQqUUtRV1FgSp3M (0.00203928 SOL)

Signature: 3b1i7eDJ5HZjYLwLuvanB9q9ydLSYvcUyNPgLcR3oJL93bhZdJwt98mfWdatXdsmnVGnBr5xeuq7RHeWanVNr5At

Transfer 1 tokens
  Sender: B1QU9W6vFXpn9YyzoKtUr6EooU8ABzV3QfMQLnCu82KU
  Recipient: C226r5YFkP9hMVRwftfGcBKgC2s6JMPt6g59AM8HitEu
  Recipient associated token account: 8yAhYk9AX5wZ2rHJFSs1SvkGRWYSYB3YhqePMj5pgvr6
  Funding recipient: 8yAhYk9AX5wZ2rHJFSs1SvkGRWYSYB3YhqePMj5pgvr6 (0.00203928 SOL)

Signature: 5GS8kaHgisP87SDhjK4eATeFDRGSxJKq9Fh7K1VaZfSGg9gdwvdnFYmaB3WwjeK6qLjj15FkG1KZs2oio2nPxon8

Transfer 1 tokens
  Sender: H79GjzitaeSuSGUT7yRDsuji9L2uVWd5nZpf6juz6Agi
  Recipient: H6bpxmHvbfdQ4WWt6htgcwrSp6rgBa49uhB4abyuajD8
  Recipient associated token account: AnnGkuuVx2AKdmWyJfD23EVieg3baewu1FKHXFJvePU8
  Funding recipient: AnnGkuuVx2AKdmWyJfD23EVieg3baewu1FKHXFJvePU8 (0.00203928 SOL)

Signature: 62YRfk88cgDa5CcbJcanY63KgDZPVHh6t8XyUzwWoG4go5eXTRbnmvL94LJkYpMHpLJErHZePq4xRGNvDMUSq2TJ

Transfer 1 tokens
  Sender: DqNtYCCtPCd92gLRSpzjnZp884Wv6g8NRypEYdRtba4e
  Recipient: 3ooTnU4quRNztapYE5vVojHZSFqPeH2xnWC6mbbtAUSE
  Recipient associated token account: A3AQG3bW1WzLL9jhyNeGXZaxYqBAD3sESwf1Dh6QqCUr
  Funding recipient: A3AQG3bW1WzLL9jhyNeGXZaxYqBAD3sESwf1Dh6QqCUr (0.00203928 SOL)

Signature: 2TBHLUSkvgaxK8cyysVvmiVkYHXm1PP1kPazQqXvhwVBtTczpg1ugXsvrbP4fkSmyzzLb13y4yEkeQnaTrQminDs

Transfer 1 tokens
  Sender: E8hhRvKenUYpr8baQjpo3pmCC9fifLa2ZUVQjfS17jwW
  Recipient: 6ofxhXeyL4S8etchABg4FJUrhTzEuVnWXGopz4rCi8oY
  Recipient associated token account: 5q8Hdz1mqMitFmAQt48WiQWNJ3fS86ApyxZ2DAyNQ4VC
  Funding recipient: 5q8Hdz1mqMitFmAQt48WiQWNJ3fS86ApyxZ2DAyNQ4VC (0.00203928 SOL)

Signature: 27DVrj3Mha4PHa2vT2yRCuxq9HSWizuGj4v9nGxxJYH5fdrmC9zDf7yiw62QGqoMELFR6Mnv5b2BYKhuo54j2TSF

Transfer 1 tokens
  Sender: AWpbTQSCB8uhmMLavkwCaj1zqXMS7ZyTUGBMewpYAuEz
  Recipient: 6uGbcWXz6Qdbe7HRRBjw2KaA8WRRv28vteb37ryYDBdz
  Recipient associated token account: Ak152zk42pigiLAbh2BCf5ctwx8jfCKK37JHHCwCcmJU
  Funding recipient: Ak152zk42pigiLAbh2BCf5ctwx8jfCKK37JHHCwCcmJU (0.00203928 SOL)

Signature: 5235a2F2dAdXiCxSCw14svmtNuPNqNWsC4c56Yaw6tmFHHDfdeKMHhkQH7KJHjcggHM247kRtCJ8EgWhDo8wG3Eu

Transfer 1 tokens
  Sender: FS1TgTiPTViyyUQUw5sn9ZwjNrpRTnuTARGZEeY5gPEG
  Recipient: 2eBBNzw7DeWuYfWhPVGanm7VyYogiWKjSRcAHhcDFSMd
  Recipient associated token account: 62Z7aM1fLBoXF9JaQoQvcngAquCtSQPdBqVDHL1Y81nU
  Funding recipient: 62Z7aM1fLBoXF9JaQoQvcngAquCtSQPdBqVDHL1Y81nU (0.00203928 SOL)

Signature: 4e9utT6LswqAf7Qk81kfuy5L53YYCYZ2MVYcoc6v53VLrJttyNHxoTUz1FxubzE71mmKi9iRYA56gEYhwUjWQomn

Transfer 1 tokens
  Sender: D5jj8TQ8aRA3pbkGutzVC7MrS8X2JAXWoHzrSKqEzRBs
  Recipient: 65MQALg3QkvbgPHaABpeQws1ySoqGwcSJaDNPYLcpvpe
  Recipient associated token account: 3Dt8rqV8yqbE19W7KDyUv2eprN75ruZ8hCH2eY2mwCoS
  Funding recipient: 3Dt8rqV8yqbE19W7KDyUv2eprN75ruZ8hCH2eY2mwCoS (0.00203928 SOL)

Signature: 7QDo7pTZDzgpWRG2WskoLaSHEYNZWKhHxKinpfT3BUgDQvLVCUK5Hh2vRgfQdVMvyNoLfaEBi2asypvR3WkF1ob

Transfer 1 tokens
  Sender: 9tYCEGQ4T9kxJVCbayK4XG1rScusNFqhmNvuBXEJaWwF
  Recipient: 5joCx1NXJb5hkJEqTRPuSiuHYJ5wa5gko55syyVgGRjt
  Recipient associated token account: 661bhhZkoNTWfWspoAmLbhz5JXMP6uqok4LYmu4DQ5hD
  Funding recipient: 661bhhZkoNTWfWspoAmLbhz5JXMP6uqok4LYmu4DQ5hD (0.00203928 SOL)

Signature: ugZkDEhMvGQNXFEFNqmUC3RvMDxf8TWGzM4JR29BMvUcPdt5udk383AARCs9bMxHNg2exbv4JjeLpmdyQJTXGYv

Transfer 1 tokens
  Sender: Fd2F9VPW6TL3CUSdJpWwbkz2rVZD2SXM1YtTo9iKdNCv
  Recipient: 6QmKFsYUfd8nxLufRojQxWQj4TGhM6ueJudmPd3NxbHY
  Recipient associated token account: 4di5qZoXeg2boAmQ62dWvPo2gmd9xLhXFGxLfVHVnJce
  Funding recipient: 4di5qZoXeg2boAmQ62dWvPo2gmd9xLhXFGxLfVHVnJce (0.00203928 SOL)

Signature: 4s5XLV2Gt2Q3LpoxyJuvPTviSuZ6JPrzym8g1FntuGWAgjWKaW4Mqu3qZTsyhUuDeaUU7e7qRzMbCnJxQDQnHym1

Transfer 1 tokens
  Sender: EojwWGf98SvqqZHTG63TXGbT8BpeQuCzBQ8d6CsWtUCj
  Recipient: 7M1x73HJaoGPdc26VSewoTpTQDZXj4YA3i3ANqnAqyAP
  Recipient associated token account: CyBxQkvM46f5yDmTD5x3dh7FNBsP8aeW8WLwwNdec57r
  Funding recipient: CyBxQkvM46f5yDmTD5x3dh7FNBsP8aeW8WLwwNdec57r (0.00203928 SOL)

Signature: 5c8zzAw9G83L9neMDw1y61PBdqaKce6r9uXv9hCcJZTJVQW3i7Rk1LXFT4ZiDK2JtWzFBr58K9JoyiLQECNcheJf

Transfer 1 tokens
  Sender: 2wohQo6nJ2WRxQ6cZUVuBDMYDTLyfqWnddrtA3nsN2rV
  Recipient: 51oET2dy4vCmZ1JMGYR9hbsvsLng1vcLD6z2AZp1uq1j
  Recipient associated token account: 7fqAP7sgzhiKKs2FZUuTwsffmvubnofD3h7ZzeF8pe2K
  Funding recipient: 7fqAP7sgzhiKKs2FZUuTwsffmvubnofD3h7ZzeF8pe2K (0.00203928 SOL)

Signature: 2DbNR5W2fcCPDKuqAsUBMzsuo56uPMbQAqeyuXR3uxwgiNs9QTBZGkBR1sHfad9kWEjW3Y5fwNGjQ8YAT4DWcZ9n

Transfer 1 tokens
  Sender: 3bu51p939fec6nkDKVoatWhkw8UnhRANQS3AKR9LhR9f
  Recipient: 6ek8bR5RUsFJus1HeX4j3QLDdn8i8EozCH1DNyMo2siE
  Recipient associated token account: Gku45CHMyUyJqCzHuBfvAXot81hfzjq4ogVQhXcG5hXx
  Funding recipient: Gku45CHMyUyJqCzHuBfvAXot81hfzjq4ogVQhXcG5hXx (0.00203928 SOL)

Signature: 2RbyvoWC5oHVtMCppmLaMyd7DVG25cVYYfD3E1NUj1EzgU9KNmjhdNCZSaxmfF9ZCWDNm61g5qKrLBWi35teFeLi

Transfer 1 tokens
  Sender: CZ5NTW44q1D9yy5bKadLrNnMhxuY1LjndiVmMJTey9Vm
  Recipient: XFGVjd4PJp8km9qQgtmLQV7N5dCSum9KxRrPhdRQzZ2
  Recipient associated token account: Bpiv77rqmoVz6UwHqMaeBM2HYMnu9y3sVhRXPwVgUVzv
  Funding recipient: Bpiv77rqmoVz6UwHqMaeBM2HYMnu9y3sVhRXPwVgUVzv (0.00203928 SOL)

Signature: 2Z9euGSKVFUDRG1KmxogjqguAn88rnbqDwM9nzZnFyLEJQfiFMAfjgPCtZSkDD5Y6SoYguaU9J8Ut67ct4DzAKN5

Transfer 1 tokens
  Sender: n6QUVnYyraXprEyCcqMZjJQQpM5m9gk44nLgzeUPvyp
  Recipient: CWiXLx6juMmaq33BPXGJ1k2DPqzfDyCQWoAsUUe83CqP
  Recipient associated token account: EGkPxAAFFRGjrf7Kvi6LrMUtLxKPUMuMkQXogQexRBMG
  Funding recipient: EGkPxAAFFRGjrf7Kvi6LrMUtLxKPUMuMkQXogQexRBMG (0.00203928 SOL)

Signature: 5g446ZKSC2ciXSLLHrDki8QKVLKqiNmPk7Te8Qxp3C5Q8m91jo3vH4UtUXga4X7zcxb1dyBhdmDiy8i1qwceGh79

Transfer 1 tokens
  Sender: At9zJsUDvQLMfQsm8nMSHSYmvkdMucx72hWvTkrXsh4c
  Recipient: AMnL53CPuiU2GeuGXE6kVj4s7zahgodv2p11tnT57jCC
  Recipient associated token account: 7uN8HGUnMGdSLD7iSp54osn57hKWZLJmrdWL7a3bgEQe
  Funding recipient: 7uN8HGUnMGdSLD7iSp54osn57hKWZLJmrdWL7a3bgEQe (0.00203928 SOL)

Signature: 33wYidud8faNeFwdvgCGyKLxwoKUHaD3ixbg1uDwWk4wMpqSRV6oXUfp7eKwdXvSkcxVmHKhgHSwxyzfaY12rDsA

Transfer 1 tokens
  Sender: 9KGcdY6pkyEpvXCsTpUvGiXT3uwGYJGDimnHrcn57dm3
  Recipient: FcwHgU7TgMuZqk8vd7DHbgbZQZ4gDLWLoLrvYiboRqWw
  Recipient associated token account: A4BqG3BHhvvW4c7dgmFtZpYmA62MTxAyHjSyaAMGqZZQ
  Funding recipient: A4BqG3BHhvvW4c7dgmFtZpYmA62MTxAyHjSyaAMGqZZQ (0.00203928 SOL)

Signature: 56J6jdbS7tjxy6RQ8bVH9EbAZsKEFsycR4ug2jjTvX1BmwjuNnRQf33CeBHVSjP3gmTZLpNZbT3EB4Bdi61Z66Wv

Transfer 1 tokens
  Sender: D4yU7zpFKFRrGnywsDysbrmgAs7NZDQeW1yKvgWUyV9N
  Recipient: 9ej7a4re5ZsayUKYpU91q5UEakEjCwK9mFb93zDAKwUM
  Recipient associated token account: 2EctXfHRXbX8t7zmBxUHpS8tBh66tuEKAmcTgUUW92en
  Funding recipient: 2EctXfHRXbX8t7zmBxUHpS8tBh66tuEKAmcTgUUW92en (0.00203928 SOL)

Signature: DFq6u7i7sTeCpnHVHEFU3HEm9MkLbcmDdXggJacehQhbFmTp6G1nb42dhbwxH8pvR34SbruznZ631qZoKtN5PRp

Transfer 1 tokens
  Sender: BpXsWwUTqUEJB9WD9h1UXCGdNZdosvQVxLss1fH4KxWz
  Recipient: EZsxgTx6JXqZS34sDynrFkKD1Q64Eve7AW8FjawFfovV
  Recipient associated token account: 7J49RVJWxrzf9e9FFRPyPFKUNfsDLV4LbKEhTccQ25SG
  Funding recipient: 7J49RVJWxrzf9e9FFRPyPFKUNfsDLV4LbKEhTccQ25SG (0.00203928 SOL)

Signature: 5CHCFWYyLBMeXKaw8szHjh7SnX5rX7G3QzEdDTdvrXkWTe1LwgkBEan6CWmiENGKJsDm6yEZeXcGbjuM4Bv7QhB9

Transfer 1 tokens
  Sender: D4ich5DPEanPsXZYASADTkez58J1syMnyhbBZz9fNjhi
  Recipient: skynetDj29GH6o6bAqoixCpDuYtWqi1rm8ZNx1hB3vq
  Recipient associated token account: Ae1gfxVnWptdZqekoEFyTAURwaGi81bPtBLLNZABtigj
  Funding recipient: Ae1gfxVnWptdZqekoEFyTAURwaGi81bPtBLLNZABtigj (0.00203928 SOL)

Signature: 3keq6SVTDt2CpganhXXLzPRyeksFWL1SgHYBRxsbN58XqfndrziLZDiBVSjtNmV5wBKGqAbTBv5GQVMETtA9Q8W2

Transfer 1 tokens
  Sender: H8LuHqMuUx8KoibG4iNZnJ7XgY4QD4dnrYKUPsUcVfMP
  Recipient: EjjFNE78f8R6Cc5Y6CTTMtiahXTxFoF9iKb6deJpWKeS
  Recipient associated token account: G1kScWAFimNZk8HrDa6ff3bwakMAvZr1bXksJvnBbs9X
  Funding recipient: G1kScWAFimNZk8HrDa6ff3bwakMAvZr1bXksJvnBbs9X (0.00203928 SOL)

Signature: 5iaotywt4AT8kDaC4E9m6aVmqN724o7WUKUUzw6LuD4e4ixWQ9YXHaBw6uutLDUbutrRD4VCyoA995zJ9huuchr

Transfer 1 tokens
  Sender: GuxQyhrArsy2wQXt5E2Na32nQhULP4DRMWqV3CyQiaUM
  Recipient: 4TSj7T3Rp5fWFTEhY5uvBM8v1uizWD5VUGnxswzeDSx5
  Recipient associated token account: GJ5JjTS7jCxe3eaSaMdP8BfBWh1PPDmBh7Hi7K1HpuJq
  Funding recipient: GJ5JjTS7jCxe3eaSaMdP8BfBWh1PPDmBh7Hi7K1HpuJq (0.00203928 SOL)

Signature: 4FkMR3tLhLEkQrhxzBZPjhmnruTH7DyhV9egY4Nqmbyp1JtxQST18MEmFpjNBP2os3nDCPZ5pcxQL3urJm3mBR3c

Transfer 1 tokens
  Sender: AVsfXSNg58zdBrUsNX5cvyoYQHAp7qiX2dzScevNhPgW
  Recipient: 67zp1qus14QpuwxQJu1NU2qpCb4sir6FqX65DFbc9N6n
  Recipient associated token account: FiKTJhvnG9jLHS21zpMFYUiSUkTi1shcu4F41cLyrWNG
  Funding recipient: FiKTJhvnG9jLHS21zpMFYUiSUkTi1shcu4F41cLyrWNG (0.00203928 SOL)

Signature: 475q7CSpAXg74mMCbZ7Vi9gPJtiTHfWbYjvhRDko96pjJw3X7W3gt8k98yuhyPzBZW1qY3KBUok98P8oc5qgYywb

Transfer 1 tokens
  Sender: FebTvKqgktK2pzewdcaxxYQT51XkbsNt1v7cSSjirojr
  Recipient: 8cdTBwm1xLVgpswgfSnPvtuhWedbqYZQKzu93FyjpvmP
  Recipient associated token account: 5M1NfbS4FXyoHPhJHyMsjC9qahZLxZG7eP9wek9q83Hi
  Funding recipient: 5M1NfbS4FXyoHPhJHyMsjC9qahZLxZG7eP9wek9q83Hi (0.00203928 SOL)

Signature: 2TdATXcvLLmXjo6nTEgUQMe9xo8UcDqXCpEWopjRMnVuKC5BMYKsaYWTDXq5FqqQgsHZDENBkV7y4bLPTm6LkFPB

Transfer 1 tokens
  Sender: 2KD3Pm8oNYtW7TEvWj53FyM3tg74MMkL7b6rLSt1A9SB
  Recipient: Fh25PAuTWAtc357yJeW4EcUdTqMNifGUSzobJZX8hHd6
  Recipient associated token account: A3nQcPNhyZwfoAGRKUWdYKCtXvmBfGo5833EUcpaWCyL
  Funding recipient: A3nQcPNhyZwfoAGRKUWdYKCtXvmBfGo5833EUcpaWCyL (0.00203928 SOL)

Signature: 2FJ4XvthMz1GeTA2b7s6hX7MoCncUn2SydiVMKLkFQyJMvKqviQNfPdjVvoTxiAkKcQTncbPURxCczYj1mt4Dkgp

Transfer 1 tokens
  Sender: 8jXSFgY4JyAjLB95MMBawGEsFbs4yU71CYDjF9Ljfqdo
  Recipient: 6DtPgUwXQcuvZcWrKk6x6RHwdUBZbsdiTqc8xRbfFkBN
  Recipient associated token account: ADFjhdfGNWizJ4BuqCWRfYFmL4EYFpyyxZfn5RKLVL9S
  Funding recipient: ADFjhdfGNWizJ4BuqCWRfYFmL4EYFpyyxZfn5RKLVL9S (0.00203928 SOL)

Signature: 38NKQjd9GoKpPA3FD3nU4hbzB4ZGfRTmDiN1Mdsfcx4UxFzjLXKVeS4FxNDtJLLPXY26BHkKY8dkj7v3eXJ9iuAg

Transfer 1 tokens
  Sender: 8Qy7eqUvUmy1hWWDAoLtHp45qVbvrtCYaNHtemkaa6mx
  Recipient: 5kygrAGDmUAwzQr9YnegCwRyEgXbzxAHy5jKhLEW7Sus
  Recipient associated token account: 48YbP9C6viKGLJoN2jhwwieKBrpzfUPp14isGwbDt1Ur
  Funding recipient: 48YbP9C6viKGLJoN2jhwwieKBrpzfUPp14isGwbDt1Ur (0.00203928 SOL)

Signature: 6pfJYmbozebQi7JgzEdkNJvUWLWfLKs7o6efpuv86toCrP6RjQdUX2zTiBYVg5MWEpS5qhsaWbvxSoYj2WtrwPy

Transfer 1 tokens
  Sender: AMa1DGJW5cfR8LqsSoPNGRAkheKDDrhfcXjtyX61KyjJ
  Recipient: AMhZ3f2xFzUkqYtQJBYCFE339L3wshny4mUx77NAYqsX
  Recipient associated token account: 5QNroTwuhUqS2ir6QPdPfNBYn1h7ndcLLNXD6E4iDKQ6
  Funding recipient: 5QNroTwuhUqS2ir6QPdPfNBYn1h7ndcLLNXD6E4iDKQ6 (0.00203928 SOL)

Signature: n4m3sZvR3cFqd7KD7hkkYSybq6QYWYKWsKwXPYoeTqYnjqRDJ3gpyhLeRig4x993tyhfEV6Wbcp51MDFBVKLK7F

Transfer 1 tokens
  Sender: 7RdLhDMRL1Gz64A2HJzAuxPp7j92G7XWWeFzEznWYiy3
  Recipient: 83RDmNdgxyhepfUARbrVGsyg2fENJ8muWCaYkG5mwoyD
  Recipient associated token account: FmqATTFEUuZ2QxZAjfQrDvVDFitfGyPTmAm5FbDkHrNc
  Funding recipient: FmqATTFEUuZ2QxZAjfQrDvVDFitfGyPTmAm5FbDkHrNc (0.00203928 SOL)

Signature: 2dM5P4vUgJfy4sdud9BKEedeDBCtLt8FzUJCXhroX8EjUsizAp3kmCo2gjfjM7Wui9RZPz9RqmrQMK6Wkp9gHnGV

Transfer 1 tokens
  Sender: XL1sx2Qoj5WfUxEH7rVsompkNC5Mkz2i62bE9hgHPcA
  Recipient: Ac76rQM7K58gk7zwVpd2NWREkNCat5eZuNeTuMMwtYj6
  Recipient associated token account: 9A5TNF73gkbVHbxJJbrEyooioLgTwK3ejTQNZutwSfBo
  Funding recipient: 9A5TNF73gkbVHbxJJbrEyooioLgTwK3ejTQNZutwSfBo (0.00203928 SOL)

Signature: 5rh6tmDjyX8QYSPTMjpStn41CfHVYXt6TxUhtWBKodBaUKTQfsh87n4p3EugGtXYcCoPuqgLedfhRBPsJJmJurWa

Transfer 1 tokens
  Sender: 9vAULkPAhXzMZmZhayyyvRUe7A5Ak2EcFfVeivFskRFV
  Recipient: DpcyLbVEHYzLQYTKwK2uUHqYSUFA38e1R5hH6Ujoo3c9
  Recipient associated token account: FaScWXyDnUQ7aQ4yR3oGJuriwSgycJEiuFTPPLgQUtdJ
  Funding recipient: FaScWXyDnUQ7aQ4yR3oGJuriwSgycJEiuFTPPLgQUtdJ (0.00203928 SOL)

Signature: 32E1eyr4hYnXQAtxYtXXVJSU4wsV7yvG7AMxWNRpHe5W4DyvhPx5JYCDFZJYd8zEX1NGcwNCQUkkHmuQos1cCoEt

Transfer 1 tokens
  Sender: DwNvgEQoUFcT6HHf63wijMPppsvMsDBreGLnfD4Lwz89
  Recipient: 3o6coaQjHYV76GMK9isEsRwBNjPk9iajACnTAjtrJwjN
  Recipient associated token account: 89LGCRW82uiS3PoQFT8kZL7QoAgGwq2rahmnJC8Reuzh
  Funding recipient: 89LGCRW82uiS3PoQFT8kZL7QoAgGwq2rahmnJC8Reuzh (0.00203928 SOL)

Signature: 5B8xdEWuXjh3QFGrsPmdG4sJbkGrbkbKyFkwHr9tPUJYTTTgWV58fcANK19uKc5iVuRq8xW1QUa3io2Pb5s4QKBz

Transfer 1 tokens
  Sender: Fd4rpcDCpR9JajWQZd3nDVUqtVjTt2jrvAciZLLBqdkE
  Recipient: 5ePdMp6d42Vqq3YHFeen3Q1GEA3zCCdgTDULKcVFQefs
  Recipient associated token account: F7haQzebp945aRx5Riu1CAPupMrFRHWpXFManJ7TCrrU
  Funding recipient: F7haQzebp945aRx5Riu1CAPupMrFRHWpXFManJ7TCrrU (0.00203928 SOL)

Signature: rkSH1EubVfEZ8KRZj58d4XSTqVfHojVzVuL6Nz5GrvqEW7YbLdkGyY3PiiGVK1FTTSNx1r2jjBE482dL62t9cUu

Transfer 1 tokens
  Sender: DnpQ7wrQV5i8dnxEouGDcQQXXHhoP8roM2MLRbn6RpCA
  Recipient: AM5mu6p1LhL2VdHx55NK7HKycahcvL5nYWMWsSQCbxkQ
  Recipient associated token account: rPWH5RFTf3qdbxqu2okhTGAiyTCsUR45twFsZpe5FZv
  Funding recipient: rPWH5RFTf3qdbxqu2okhTGAiyTCsUR45twFsZpe5FZv (0.00203928 SOL)

Signature: 34kNSoGwZUN4cLK65UnMyNkH57ap5SfoBRFb4tXTzKbS2527wyY7TkRN3CnxmXPJvBnjrKzBxoGctByHa4sduzr3

Transfer 1 tokens
  Sender: 6xkkfcVuBuVNwcZDKvjJoSFGBLbHk3hCtieaNxggBaA8
  Recipient: 4LBUPX7zfGzqdho666K4ueu9kipXkQFoCpNCYmQwdVmi
  Recipient associated token account: 91aw6EA1wvnhsrNSH4G2z3N4hd2A5X35JdZGC53ywpBr
  Funding recipient: 91aw6EA1wvnhsrNSH4G2z3N4hd2A5X35JdZGC53ywpBr (0.00203928 SOL)

Signature: 37iwjBB6PNN6xvzPbNWBdG3DMSMZX4UX4KWjkNrJxRZXztEQCKMW6BmCjwPNJHz8qZgi1MHohXobbKNekd2ZFaqy

Transfer 1 tokens
  Sender: E4pHXMaB9wJLPBAHwRxZWEpgRemnHZwc4j5usesCwUKL
  Recipient: GjGqmcQBp8LKUH15QvWTxLnBW6cDqysUBvkn9VEvGoBN
  Recipient associated token account: 5i2FGDdwL7hH432fvmfWDQj37vdmztzwe1AUXcKcBvhd
  Funding recipient: 5i2FGDdwL7hH432fvmfWDQj37vdmztzwe1AUXcKcBvhd (0.00203928 SOL)

Signature: 5BrobvJmQL2DyaK5BmdkHttx4tDxhnAQAYnxVRxp2Zqd1SRwUM3KCiq4gDoMHipfievfHSJVGtQMLgfqWU6hKCkB

Transfer 1 tokens
  Sender: DmoGCQ7GirRrk3Bs3sVUkoBtSagU7PFyqSdXYoeMtKG8
  Recipient: 5LYXHjnRLtMriJXxSixEz1pn1e4gYAQNK3kZNtqgpHna
  Recipient associated token account: 3WGra2bqm4gwdkJejNyEgUmKsVAPashNKihZEB9oMf7Y
  Funding recipient: 3WGra2bqm4gwdkJejNyEgUmKsVAPashNKihZEB9oMf7Y (0.00203928 SOL)

Signature: GYTdP8bDqdPgrYwXPE1vCwhgrNNaL4sTXwg8E8ddBUET8LomzQEdFgWd8K2msLKQSDntCUogHPDAqCXMPetTkcn

Transfer 1 tokens
  Sender: 8ZcGuShD47S6tNDhmkhdghaTXsf8PRHfJg3iFY8ZMxvX
  Recipient: 9nF2vqusHupTTNgw3quL4f3jorvPdJ8VBPv3Uw1xt3Mv
  Recipient associated token account: BZ5NXgqeNvRfS5QP4xPrhy8ST8V6Hjr4o3WxhrZKmpFm
  Funding recipient: BZ5NXgqeNvRfS5QP4xPrhy8ST8V6Hjr4o3WxhrZKmpFm (0.00203928 SOL)

Signature: 3iB5kwe4gt9uopMh7oenACKyFCoH9yLoL6746MdcaXxusx2q2HN6WzCdsQjkchC8vPpyeQDiUjH3nmQtoXnR86vS

Transfer 1 tokens
  Sender: ESRHdYRuXNZK1TcNVLGv1L5QuNXsJHTZHn8mXF5k2Bmx
  Recipient: GiLkreuRj6JsRinbAoaao5bYpXFm89yepNx8TW2NKWmy
  Recipient associated token account: GXqFKQAmVyJDNUeTuJAHxKVEoV8DXT4WQh7oL5eWZRZ2
  Funding recipient: GXqFKQAmVyJDNUeTuJAHxKVEoV8DXT4WQh7oL5eWZRZ2 (0.00203928 SOL)

Signature: 2trmgQWKNRMVmFBezsLPstgVhZqR4gh81XGYJ6s8nMdJwo8cWYsKhFRNMRsAF6sETB3eWF4eePYiQ2KeoX9y9zbG

Transfer 1 tokens
  Sender: 6kYiYesF2nD75q1H2wbGjNdp8JTxcfQNovQrNBEBZJdW
  Recipient: B8unY3f1mc2T8CoSFsdmo13Stj4sXZYTxLtQwH2DwyvZ
  Recipient associated token account: FbYwWU2QbCEnUH78wEnXtWFxLUfAeNxrhPWGiGNX1hce
  Funding recipient: FbYwWU2QbCEnUH78wEnXtWFxLUfAeNxrhPWGiGNX1hce (0.00203928 SOL)

Signature: 3NScDzvpiPJACF5tpzqhGqAGypxZMPpBDdwbwHRTEq8LeofiQ7Tp191BZSJa8iR7Ze8Be5Uz79zdKysn95Jijou9

Transfer 1 tokens
  Sender: 378mBGdEnPjn8H5eMCy8VhqL2HQ4mYDC89EGo8hQgVbJ
  Recipient: J3mZu4RgKUaoVefj2dJPH5sVwvySH6aEna2fgbvSWFM2
  Recipient associated token account: 3E6Vk8nX2L9C8iTpgG2xrUi44ejgAPPGPtrdnef8HYEE
  Funding recipient: 3E6Vk8nX2L9C8iTpgG2xrUi44ejgAPPGPtrdnef8HYEE (0.00203928 SOL)

Signature: 3YJia9oMVXudG58S4PjBe8Urq6GUC5S6j31NFGSWfJsvV2FaGcu8ddTWSCbQtb1By8CAK6Z4qe5V2bJQA9pUBkNP

Transfer 1 tokens
  Sender: Hef1fASnzpMjBbnHAtVcFTD9ZjMUFXbXnezurbBhDCJf
  Recipient: GRKqLdY4K4VhQC79Sa6EeNpSKchuXGKkZELPAUtg5UiU
  Recipient associated token account: FF6ADCzsCFhgtDhwAoBu8h3AWAVam5JU66srKC7nUy5J
  Funding recipient: FF6ADCzsCFhgtDhwAoBu8h3AWAVam5JU66srKC7nUy5J (0.00203928 SOL)

Signature: 5ZpWyJBsaaSyFF8bqmmM1YXL7MQTfvFLBmQ2byenae1sW7MawgC9FWhMTHzyFQfHcM12JZmqBGVXSFAmMs4QveDC

Transfer 1 tokens
  Sender: yRUE1jMWfic9gB9n2D3xsC58MbDXTFzFdmvi928r2gQ
  Recipient: EczHAfEajWAwvFQ6t8ns9rqxCr5XQMqqfbZxBBJBZByh
  Recipient associated token account: 44Z2KVLGDRwvNg23dL1eZR6GFQgc6bcarXt96wbk5cQ3
  Funding recipient: 44Z2KVLGDRwvNg23dL1eZR6GFQgc6bcarXt96wbk5cQ3 (0.00203928 SOL)

Signature: 3J2uGtrrtLHr9pzq6vg1zRS6H8e4hHVjZi33cvmY85RrEMkaRMiAdDFXrtiP5EpvfLJUw3qmyJTYsWympn2BrYqY

Transfer 1 tokens
  Sender: 2frZogGwbftBmxuRx3hWDLh6qi2yyUGdcGk9zSuBe2F8
  Recipient: CPCi8GtA5mxcs7Pjv2rxXihs8chVoSLiPRFGFv4ik3EE
  Recipient associated token account: 39YoBESHG87hpssD3z4Pcs3n5ofmubzF56fDHsrjzHS6
  Funding recipient: 39YoBESHG87hpssD3z4Pcs3n5ofmubzF56fDHsrjzHS6 (0.00203928 SOL)

Signature: 33PVDfNZwBjQTWdWxCEBrQmiimx413qdUicNtiMPi84S8MQ1VjwBaz5WpY4i1SAMQcp9unWiF12SD8F4dE2WBZQK

Transfer 1 tokens
  Sender: 6xdeANFqEwQYQD5vDEtpGtQpE6ZYzjJDmQnrYQ8uYaKd
  Recipient: 7KZaSfHNX5GvLxV2pzH3pgNxTyMYnmeTYeKc4pvTzNWV
  Recipient associated token account: GfhJbUABeG5f2aQwXv4MmdBsk213sedU4tpxxpsiNmBR
  Funding recipient: GfhJbUABeG5f2aQwXv4MmdBsk213sedU4tpxxpsiNmBR (0.00203928 SOL)

Signature: 4SfZ92R4Y8MNn2nLioqHTEpb2vEPo6ijx1xoL3H2bng1cGG8B5gvQrAyNQmgUq9gUnXFcENNPE2Laf9M8ynRoR2Y

Transfer 1 tokens
  Sender: 7UrzKV1cKiJKV9dFxuU237nCEhrghdtATUyArKJx4swL
  Recipient: AgPhAsvcwPfT8bcAQxfyvymHdS9enkCzHDZP67ihS5YM
  Recipient associated token account: V3jXQB2Kjf3pSVN8npWSe7U3t7Lj5nzsSt9VGLFEM8H
  Funding recipient: V3jXQB2Kjf3pSVN8npWSe7U3t7Lj5nzsSt9VGLFEM8H (0.00203928 SOL)

Signature: 3uc4ENukKTWQrUWxRmLhDPp9nwJ4HpLPYdqeTovArSLy4oWGWcbZNBN5ubBkTa4mgBiJKMqXDdmUiBqN6app9Uz1

Transfer 1 tokens
  Sender: 7MJCFqDex4o1Eq221o3JPViFi2a1wP22mZxrj7RJdHVy
  Recipient: RTY7RjhPpDabh6ky8mQudWxWH9XLZLCRPAj2CqRN21r
  Recipient associated token account: B4NBFP5i5v6LJBLwU242V8qW1T9nHMJq1yzG9CJQJujG
  Funding recipient: B4NBFP5i5v6LJBLwU242V8qW1T9nHMJq1yzG9CJQJujG (0.00203928 SOL)

Signature: 3zrs7PAshZakRxB2tLhbjLoFHQJDzNSRXAVkfQv3Y8yfft8CZdwwBxA6Ejrxmz1QxfJnEBSLHE1Xznm2aLHnLo7s

Transfer 1 tokens
  Sender: FwxiyWETgWLUpo8Gm7tDoSwsPt6kk6EdH89zswqDpo76
  Recipient: 8zwvpgWHyeMwwF7VwvFpZMq2TLJSvXcJrcBJPbwCjpiw
  Recipient associated token account: H1MXF3twg8nPDw4ukWyCsopFwCtVfHphnQk23RV2jcLL
  Funding recipient: H1MXF3twg8nPDw4ukWyCsopFwCtVfHphnQk23RV2jcLL (0.00203928 SOL)

Signature: 2UXWVW5HcmwgteMYmP4f1grZK7vtMhXxonBiLnvo8KUDWZv1e26kVTbnthZMVckiLSUyHWFabBSgZnYZH3gG3kXC

Transfer 1 tokens
  Sender: HzQnmNuHP9AtzgNzdPDinZ1M33iLEXYx3bvsgzg63uHC
  Recipient: 4ABNpXh9wqVXMScvoaZpUaMku5hV33PwGq3QutAu9eXv
  Recipient associated token account: 36kigiNB3ugJuFpFHsMmriAP7mRWVrTY9jj91SzvXX98
  Funding recipient: 36kigiNB3ugJuFpFHsMmriAP7mRWVrTY9jj91SzvXX98 (0.00203928 SOL)

Signature: 5nskP4ftapGeUEgLY29rbrAV5gLEfBgWJHngpC667ro99jkpsEpCrQY7sJqb4RTRZLTdUmJf9DmKiCqX96QBsSo

