14TJ82sAjiw2A8rTqGiBeseHp23RZqf3yZ5PovWSb2jS
7qYHTT396PoLrPToEtbQZSdwzqVPpDgYJcTAtbeozmh4
C226r5YFkP9hMVRwftfGcBKgC2s6JMPt6g59AM8HitEu
H6bpxmHvbfdQ4WWt6htgcwrSp6rgBa49uhB4abyuajD8
3ooTnU4quRNztapYE5vVojHZSFqPeH2xnWC6mbbtAUSE
6ofxhXeyL4S8etchABg4FJUrhTzEuVnWXGopz4rCi8oY
6uGbcWXz6Qdbe7HRRBjw2KaA8WRRv28vteb37ryYDBdz
2eBBNzw7DeWuYfWhPVGanm7VyYogiWKjSRcAHhcDFSMd
65MQALg3QkvbgPHaABpeQws1ySoqGwcSJaDNPYLcpvpe
5joCx1NXJb5hkJEqTRPuSiuHYJ5wa5gko55syyVgGRjt
6QmKFsYUfd8nxLufRojQxWQj4TGhM6ueJudmPd3NxbHY
7M1x73HJaoGPdc26VSewoTpTQDZXj4YA3i3ANqnAqyAP
51oET2dy4vCmZ1JMGYR9hbsvsLng1vcLD6z2AZp1uq1j
6ek8bR5RUsFJus1HeX4j3QLDdn8i8EozCH1DNyMo2siE
XFGVjd4PJp8km9qQgtmLQV7N5dCSum9KxRrPhdRQzZ2
CWiXLx6juMmaq33BPXGJ1k2DPqzfDyCQWoAsUUe83CqP
AMnL53CPuiU2GeuGXE6kVj4s7zahgodv2p11tnT57jCC
FcwHgU7TgMuZqk8vd7DHbgbZQZ4gDLWLoLrvYiboRqWw
9ej7a4re5ZsayUKYpU91q5UEakEjCwK9mFb93zDAKwUM
EZsxgTx6JXqZS34sDynrFkKD1Q64Eve7AW8FjawFfovV
skynetDj29GH6o6bAqoixCpDuYtWqi1rm8ZNx1hB3vq
EjjFNE78f8R6Cc5Y6CTTMtiahXTxFoF9iKb6deJpWKeS
4TSj7T3Rp5fWFTEhY5uvBM8v1uizWD5VUGnxswzeDSx5
67zp1qus14QpuwxQJu1NU2qpCb4sir6FqX65DFbc9N6n
8cdTBwm1xLVgpswgfSnPvtuhWedbqYZQKzu93FyjpvmP
Fh25PAuTWAtc357yJeW4EcUdTqMNifGUSzobJZX8hHd6
6DtPgUwXQcuvZcWrKk6x6RHwdUBZbsdiTqc8xRbfFkBN
5kygrAGDmUAwzQr9YnegCwRyEgXbzxAHy5jKhLEW7Sus
AMhZ3f2xFzUkqYtQJBYCFE339L3wshny4mUx77NAYqsX
83RDmNdgxyhepfUARbrVGsyg2fENJ8muWCaYkG5mwoyD
Ac76rQM7K58gk7zwVpd2NWREkNCat5eZuNeTuMMwtYj6
DpcyLbVEHYzLQYTKwK2uUHqYSUFA38e1R5hH6Ujoo3c9
3o6coaQjHYV76GMK9isEsRwBNjPk9iajACnTAjtrJwjN
5ePdMp6d42Vqq3YHFeen3Q1GEA3zCCdgTDULKcVFQefs
AM5mu6p1LhL2VdHx55NK7HKycahcvL5nYWMWsSQCbxkQ
4LBUPX7zfGzqdho666K4ueu9kipXkQFoCpNCYmQwdVmi
GjGqmcQBp8LKUH15QvWTxLnBW6cDqysUBvkn9VEvGoBN
5LYXHjnRLtMriJXxSixEz1pn1e4gYAQNK3kZNtqgpHna
9nF2vqusHupTTNgw3quL4f3jorvPdJ8VBPv3Uw1xt3Mv
GiLkreuRj6JsRinbAoaao5bYpXFm89yepNx8TW2NKWmy
B8unY3f1mc2T8CoSFsdmo13Stj4sXZYTxLtQwH2DwyvZ
J3mZu4RgKUaoVefj2dJPH5sVwvySH6aEna2fgbvSWFM2
GRKqLdY4K4VhQC79Sa6EeNpSKchuXGKkZELPAUtg5UiU
EczHAfEajWAwvFQ6t8ns9rqxCr5XQMqqfbZxBBJBZByh
CPCi8GtA5mxcs7Pjv2rxXihs8chVoSLiPRFGFv4ik3EE
7KZaSfHNX5GvLxV2pzH3pgNxTyMYnmeTYeKc4pvTzNWV
AgPhAsvcwPfT8bcAQxfyvymHdS9enkCzHDZP67ihS5YM
RTY7RjhPpDabh6ky8mQudWxWH9XLZLCRPAj2CqRN21r
8zwvpgWHyeMwwF7VwvFpZMq2TLJSvXcJrcBJPbwCjpiw
4ABNpXh9wqVXMScvoaZpUaMku5hV33PwGq3QutAu9eXv
