YeCzytWZHgRcuu7iqED4gvK8bFZTLQKhrcTUdpTrU4Y
DRUoMPMVnh4JLiuWDhJXgMPRvpWF5T9yjY4wPY9sxrej
D46WdsQJHPbYxdMQJhkFf2AnqHSj9c3rQo2nKRQ2G1gE
4GgGxuSTjiWiyKozK7qJ19C7a6cg6Sk8KLGHy8dFBkV7
8ber8SR1de7Ai4R7399qsCoinK5kBYk5jWQpP4LqAxMi
ABnyqcA1nFPtNVbUd7XcUcJ7YgcyqpMk9rAJtmWhkAvr
9cQepRHEXLZC2F2ncuK9HY6b228dQ7HNCuxZatWZXsNe
6YhXPoei7KNqoBdHL4y1d3jHxxLn6PvLZ7DVXDFkvfCX
AXXNiowC7nbLViN4wJ9Z3HcXifsEkWZHzY1UJ2Bei6Mi
EaX1Dsd9daZ73UXCx8HpZFwX1ZRNP9QcAMgP3QEQXcrz
51oET2dy4vCmZ1JMGYR9hbsvsLng1vcLD6z2AZp1uq1j
GsmrTBoALiurqDsxcMurQK9EN7pDbi2JewoDhJYH6Wxh
96cLzjzHm74NfgybTci9tC5r3KWnpj7ZzZXiUCT1xfr4
9ej7a4re5ZsayUKYpU91q5UEakEjCwK9mFb93zDAKwUM
Hp1MvurGGDd7xA8zEdntreKcM2opJX5qD1WAApagZDfH
5teVpxsERcfTDt7bSshLo21N4p5tRYfhNhL2b3PePCfy
uV9mkFJUV7YfzxgRseibb877D3YhrVQsg5FL5EqDzsj
4CVLbLUcNUdoXkb7GhEJmoPgiiv7G6fistNWu4Rx6T9L
46t1nPLVBAWumcyPLePF2Wt7VoNbBdnJyLovVvpEgsap
2zybLu6MtHzCKU4gNDgk2VdTZUeZkpe7xRKhqhPqE971
9KJbbRm5qjnWBNZNv3Mhk2hEFqqDAYcCHuUPxnG7W64g
51oET2dy4vCmZ1JMGYR9hbsvsLng1vcLD6z2AZp1uq1j
ANkN53STbZffchbxzhnNJZgTsJDbcvq1pPNxX27A1Nzm
AEUto3eFWHLAmmVRq3Vo2fmHXwte525jQGG6D7pN4RRd
3vPa8W5NTb7TZB68LFvpBWvASJt5sT2WGbeE1UBLyWTg
8XrzqReDYVn7dBxhxZ7KFyigtye5z6F2tRGRXKMzRdLK
CJf8xXpjjrADii5HaMcrmHpB9dENMLXJWUtxxfZCNM3M
HHkUmGtCWDSy9juDafQx6KoYeAqUqpZetJrLDnvDCZMX
FXCyZTAdo1yJgkLiARwWT7GSDVAaduR8cK4TRN2Zg7wb
72dYC2rcdPh4XDNi6HBbdMQDBJxHMnBPs86e9TKNv5mh
Dg5gU6sFvZ59u37T4UhaxQBYeACu5uNz4UfdM1LJFGrg
6FeDsmcDe16XRGzDeFHasDxYiTPtGJbbwLmpAqLzux1f
9nF2vqusHupTTNgw3quL4f3jorvPdJ8VBPv3Uw1xt3Mv
7bemZABP66hB74Tyw2tLiUeaHLWSprdoS34EknhXaX7w
Ci6AUJN9w8VY6z3RoJqeJyKpRPdx9uvm7n8nRTPYGnQS
Gs7hJncVtbUZ6i8V6t51tCvvTSjaaLdeSTs3WR7ADdHg
FxbGsj3osX4AzJxhANAvGrgwSdRxJruGKxybRnH1rVDX
7o4NoA1g1asZzi8D4fRPjVuDR6YkKGhLRwVbEFfmRWX7
781GzKc6aZPcheyEhmeziGWNgJBhePtVnsRsSCvrvWTC
C5XYM4RDtEdKm5NhDLhYJ7gH4vNRocna5qYb1pCThNa
DajLww9JAzbHx6VNacZZWYKQfUukB9bibGRcwwHs7e3P
4s42uqae5XgrfFWYWttrVFRaFYPQMKchg7chdBgzz51D
3Q7BfxTo3h4AFnMqvFFrdtfcBJ6nCX5AUN7ihUhpPXbY
58njdpgncuNs9nhzpVdxDAinBFHXZuMwuJS6hap4tVVN
6DNn4M9Sm4Tt6qTXCjmmeMJ2QBqeQAwSXwKBEHDVYhAm
9a2DjYVkrmWXsCNzaUsL78giGdt6JbK7TBSuRktZYCut
bae93fAqQRbzRBwLnC5ZeDt3j5uX23nD62B3pwvpgXB
Cm8cYtgtfyULCzisqUnMg68aqqi12PGZScouQfJRfrG3
4d94qQ8YnpRZcYZnc64yPDW1Ney7WstbW2PUXLWpKcjV
87kEqjQQ7S97WAzbbtkDxF5DM7JakX8GqJ3grPkmPnGG
7RvtX4WGag5Ggy4oMtj2ni3oc9amEPmscdHLGvGQdZsh
24iifBd4cBp6tEhYNZvPvdUsCuhmrSXXauQxrumEz4y4
FJ5hcKnacavLz9geNZDRyDXdUvZHJBVnn5RLLy3sRtra
BGCgw3TEQBD1dT6sUeXSkiqPq81jL1skvTu6sGo6LDNH
BjSaYdgdWtBNXGJmy6cuTzxYzLcxvn4Anw6yrWsgKdNm
BLSgER6K9hZyNfpnUnnPUYbm2beomi9a94d8rSkQtWaT
CFTNXCMR1VxPm6J2h9NouLpVoD5SnKm9WHBostBDRRTr
AEUto3eFWHLAmmVRq3Vo2fmHXwte525jQGG6D7pN4RRd
6hFFooosu2pnYDLUAspZqkBmoktRoZTeqG3seTAJck5q
CHZseYfpPmH866VVRfouLGoJYKwQF2CjX9a9gURL5Cjv
HSMpu91pytUdBFtKqUkeBcbzZNKCseyZP9xoV3fLJuZh
jCbhBwr5qf1gv13bWdbDCxU1LWcV64zR6kSUi1SQrQe
Cg62iH9s5gSmBdmtxTTADsVjZkpikdfUqZMtYVYwJa5M
7gZnusx9yjnAcDeXCnMrvCHHcKnnfR2jmHWvpNBMZA6r
5mhQjmdTLbizd4tBdsTMAXtpLx4DLxCCkZ6aRLLJ2TZT
6BCYUsacFYEd5VeD4hEW2oqXP1pM2g5RGoffXGBDe7RV
64KWumt2uW67h7gyLfiKpSCDaZz2NvezFUmt3ccHipwP
Fn149efR6ecunpwmxWsh2ByK66w9tbVtwQmuS3tvL91W
wcL3Zb7ATfhUBv91LfXRtYHEVgUBFq7tYyZXJuS4JMv
GpC9NZpcjA2qqqbbW1SVpuzkFfq5TNWwxVUTztRQ3WYA
7NEGWwti7Kee9VEWivf9yebSLBwn3Mux6M2xVx6sfVEE
DdpAaorJnTmfCWcrNwwHVJcB8wcWw5i7QUBGr7ESCvWv
5ssu1FQCAxLQZUbSnFXAuPn2eDaZBTWkc5QBChh2yxAa
FUbP8zY7nQj1bN26x2RMr7eLyarhNRofEqtc4JKcfhKh
4feGgguZ8pfDacgzWMk2rpp4odg53QvY86TjoPtycFbF
7wSeLUd4gTZtjBfHVNTjicp2vj6dDUc8QgphpGXxBEE6
AgPhAsvcwPfT8bcAQxfyvymHdS9enkCzHDZP67ihS5YM
AzjB7d1b85syjMDsjo66EY7WSe2M7UBYb45pRFyzMPDS
C32gfnay4Uw5a2w3kUs6WrrxMoe1tAPt924fmRxoVmMz
F72ZZGfTciszpW3HX1H4FNfGJPvpygkU15KtFGH2bFVh
51oET2dy4vCmZ1JMGYR9hbsvsLng1vcLD6z2AZp1uq1j
2ADsscaDfJhU2bXo4CW8PWZVhybpZtoWey8QhH3oN7Am
BUBhMdcup5mnbweZgbKb6GDFkyM1r4zov19i771KfrH8
8MSWUbuqRayDcqiuPeba3MA5z7nkuaAgCocr35AzivsS
ACfHp6yqTJ7Ef5uSnrCF5sdNFY17arBnURvaahbRYeR2
8MkP7izHAshF2PDzVHJnMiXCAqVxERhSaHMZpfezGFzH
7RvtX4WGag5Ggy4oMtj2ni3oc9amEPmscdHLGvGQdZsh
4SZV5kT7rp2XUGhUMNaK53bKV6PpADaBrpmYLoBwy6r5
CGA6H2M3FEjemWohUyYwh5VdvSteMTFxxjZJ1oAgAh6k
EwwjLURAfEyY89BaEf5CCAp2FnGvmnRrnAmAuoicvT2Y
GZ7dL3aqcVwynsidEqLTUnsHf3iK5wvNFsCEJZvoVXFe
3rWzXRLg5VYwWNtHpnUid6aTNXcRodN73u8JFRByL5PA
51oET2dy4vCmZ1JMGYR9hbsvsLng1vcLD6z2AZp1uq1j
FSVxZGe2J6Kr92xdQYpP74dxd4uT5Yhbq6s7SPxJF31d
GsmrTBoALiurqDsxcMurQK9EN7pDbi2JewoDhJYH6Wxh
2SvVrukVtQdzU34MHTXtboWoFGafSMW7Pyho88R1vYcw
DWaAVXvNg9NcNUPLCwRbAhc8NVmFzSLPQCFuwkxgp9Tk
o2Aug6JB1RDFk7yYsf8QCjpWo2WzgwFkM115gtSJU8r
FDE5mgtoDZLAxbaZbDwvkrt9QKNRCt17pzscLdKAPCvR
9MSygCP2RKyYEK4xdCtASEGgnfuJYgcg48khe7oQuxfW
FgGQYiDHFGvt3HoQjfXhXBtE5SrtVLQCsTqUQnCufeRk
CWadVUgoMJKB1RGXK1aF4JrePrjp5veBm4VQLvArW8UL
8csRVd4c6KK144uQy67EkM88meN3ArBsC8mJzyAEQeYD
5tgZmrCGPTFsQcsb8zswLfrGuYiLp1LTuNPBvfrQb2Yy
4oDdKa3Y3HzXLiZyJAb4rymeqCCkNaPwbUj9Rg49eQnQ
JA8yXQ5ZuRfATTrCatJoehaMZjR6f6QnPgtY415Vs2vt
EX3AUEpMNtRg4SCzYisNSjSsxTaugHA1dGAXcCd7ywHt
4LuHo4iuzLwSPMBhAjvWUdmDwg7tz5Ghcm6GRCBrukBh
AEqngpdTaH3T78AnTh25McWeoXXnQ2Fbfvi5aL5MBFPx
BzHu964qt7p6KW5Fx93E4VR2xYuTit3NMxAncrLc7gj4
7s9uXAyZ8cmpnc4ukL1WEz6DFEnGy3vdiHzFtcxeXhb5
L7vksHGNsmuNi2yuAz6MVyczJhDBLX1VhmGcZ4EQtiP
AAeJJKJM68QBybzppV3nVdNrR4B8H8Vrfah5uZTs6HGM
5vEyraHzZCP5yM5SMv4r1n8MGsSQeP5Mh1o6TXoWAvfk
7zcXm2yzcM198iPPGjk5xGBjG1dhxvwScHpbDskhZixB
7P4Bb1pCMuYNveYhg2j445cmTRCEGp2eAAtBQUv7Jz89
EWC6ESChdBqExhp96XPMLXR65pXP6Ftuh1pPAVws4pmk
39YD5rZrsz8mSdtyVCfwaG2cAh5Amq4wDAgqZEtgXLRj
F1ecxeNmDsfELzN8hPB4aBAyS84gHrMAR1fgrm3YTFHQ
BQtfvSMYQ5gCGgGGNeh5d7AMQFELeVQpcFjGTMWESo7p
GwAn7deEKHk7KoMjDB8EYARt4Q7T94cEehFVeUMXFG5A
6vGvGQDXPjfVExLZa8g9xfxJgFhMZtjkJ9nKrTLTrwBx
7kGDPeSAQdpoUq1gDEVdxjZjUACRVNEu3eqpFXDekpq3
2RZhRL2reYeDdPs7JDBaJdeQ7EyMtrXvrNhio9icEpQv
3Zwm21VB7SYtYmVn2PnVj8qzzXzfAeoAifSoWNL7XZor
H6pPKHK9dNkvhofYHVa4QJxxcus625SpkzQuxLuDmgwM
4cKqqwoADnQVUAapaq1CrCwpBwbvCSohZPzB8aHooJjk
FgitU8ifEGWMo9xuerEpaFNAA2TfcKyTnoS4C4Y3ePsa
FpSrQMhnYa8YRnEQqKstyi8DYsMvET71CPfnmJkBSSP5
HXwpfdqNYevtCBkugYUpkMCD23z8Jd3A5oEknGpMHV5z
AdFtVFGzJ6nc8FyUhP33o3BrMcyYJEPVMjx2TYQdAM5B
34UpwY8hyNZQ5N8tiC3AYwNK9nhsf6PLRncUFoUqQHRP
CZbmLXFpJGzNabQQdsHQ3KWMkA44BFGrdVvvSxWA5RwQ
BgzrMG1JjLGKH6aVgjqeK9myAEjDstMEPBE6MKHoy5hA
FMpyNybU9kdX17qsiprVSDJYPM4XmZMgVDx5dhhJeMio
97xAKp8FjyXkiYqTtYWN9ArD7KxTevzaCAo7VCcwLAsK
F1uo5tS4JzGLKDQBhz1DdoyQf4oRjYcynHiCa31dRCrD
FujNCr5NkCmFmZ6yLSgTaUM7UsdoqqSqvhN51Ka2MXpF
4hWSqCADSGsqSwtsrEYJzzVsf8PwW63cEZ9f8BavBLCt
6Wom6PrWDBmqTo6ySRYfjaTptVixTJLwML7sJxAUjcFw
EYJeXjaJUxKt61epyz57UgQJXcrQoPRxsuxL637sDX2o
8Z3oSqyKArgUtjj2ZwDNr2sPXrUFBzyNjXW6ymLEsgdp
8XzkwRGhiebBx7bwN5aYRwe6TMMDzqYytjYB4DWxdHRW
2mW3h1pgf9FRyZ24tHjR8xGAa46UCmz9CXg1U4cjFNC1
5Zdfv5j66g1v2evmpddoTVvXn7d3zPYcMamMFMXyqS8Y
BEtdCa3yus41qyVT9kDh4UfgWo2xtbaxpgYh49s7J5w7
FMpyNybU9kdX17qsiprVSDJYPM4XmZMgVDx5dhhJeMio
DZj7bfDvdZAoKnLixf5c9KeuAhvv4uWFGHcfMDZGuHXc
Bx2riEpJbnxnGnFLrChmJMmHbcNfpmc8M3mDC9nqe83x
Dg5gU6sFvZ59u37T4UhaxQBYeACu5uNz4UfdM1LJFGrg
EThAKdSL2kUi6P2BuogAV2VZE1Ky9d3KZfs8r1S687qB
GNdUFY64kg8pWWNLDMGCPCPLfs3hSXwwtRNVot98nTje
HeozRuyJ9rLGFKeRmU99R9MDASZ66ucSphyep5UxVqvr
2Kt2edjA6oMUNsC8kLPH31XJP2vqQZmMPNu2qo6BzuCa
GfAbyhU4qKso2J1PaQMHX98CXJ5PHyQ3tLtfU3mFrM5P
2z8VP1bwx9ZnqBSoPm7vWsTELEabhfFamLDZTnEDfju6
4oDdKa3Y3HzXLiZyJAb4rymeqCCkNaPwbUj9Rg49eQnQ
AsNFo64v8Tg7oJooMvusy2ZLsPSGWb1isqWDrRDTxQez
AEUto3eFWHLAmmVRq3Vo2fmHXwte525jQGG6D7pN4RRd
9JceWqW3ZKzZnzkcz6JfBp2bWwbf7UWwjNnRKPf5DPj8
HqRyiRDbdiX4VY2Re8rqAwEt136V3Y5aFXfgBp7Kx6kd
GK9vJhS9Za4G8x8PKwj2WCXKnXsnzUa9TKEZw93KJEig
EecWhqyBx72WQd7eC3fxJxtBgAGBDfozRswZNjPFNZYJ
8SRzoLTMAc6kQSC4XBYFpi2u8qQfVicyjhMrWUbpfV3B
EppxE2vDF8cBrRmJ2BSYiJ1JtHcPFV48YR4NkRD36gHZ
Fk8NdkYZJRKemY4fecFYxbCXmWHMiQMLNwtLPH79qf4X
5MsjUXsLZssXKgCS11uMRWB98kYJnp3261tV9iNg3i47
4imvcSxxHN6hyWy1XrxJ6Em67XZDVmMVCETBu9Z15Wvr
2n5PbADyQXeCMztD5wnZjF3Nn2w8PmCmqSQ68TT6Q6KX
51oET2dy4vCmZ1JMGYR9hbsvsLng1vcLD6z2AZp1uq1j
EAzuPsCQuDDm5EyUeSS9bDbrsDrKejiRNJgLJkRvqAWz
Cm8cYtgtfyULCzisqUnMg68aqqi12PGZScouQfJRfrG3
6JP6yRoBPYWzhUwvDAq4yND6Aq2kUhPvn5ciLxkUiRzz
6y4b8kKXNSD4dqGX7Y8HTBXHaqV59n5tHZyX5xacez5H
94kER1yv7SJmTWP4D2PbWv7VaKcAgGDSef7AEUYh4fq1
GdAwgwBuEYL4gaaxT6pue4iBGXs1PbRXyyT4aF5GFEJE
6R8bG92SnwutLfWfWp7ebL3EExtFDFNgLbkggS9TVtzb
7o4NoA1g1asZzi8D4fRPjVuDR6YkKGhLRwVbEFfmRWX7
6QmKFsYUfd8nxLufRojQxWQj4TGhM6ueJudmPd3NxbHY
CBuxRb1zie1iX7YEpjUa4B2Sp9EBFAFsbRSxPyGGfFyC
8hZ92t2MkZ3pRG4BvwdxFWTmJ7ZbU7wma4kGuwwb4Kjy
FDJT2n4m69HcXXcFZ8ZVa1AMNpsQCq5QjUJDw49Bx4Ch
9UFMEJBUzjZBNzqc4FgrcbT2GibMMfpSsMRyFHCMKLE5
AEUto3eFWHLAmmVRq3Vo2fmHXwte525jQGG6D7pN4RRd
2eBBNzw7DeWuYfWhPVGanm7VyYogiWKjSRcAHhcDFSMd
Cc4gwifBAzxtQp9eoMW521iMe7iuvqLY4Rxzgc7BWdh2
3MsmkPefAd1zbtJtsrrR61pFLmXYGxr3d2BK8wt6QYzK
FxDsKXCVStxQZt7e9VikzLA3XGhxxPAhC5aGS3oermpB
Ed2bsX93a6sRpz6hgXFvFbGC9gCbEPWFfwdgXmRgMfxx
HQxn6Z8gJXS7EL2zsmnf9eSH6BZyBAfHdb9HeR5fE3FU
5avjGMa6NdSNujcwgnRDKXdAsffdRgM7T32T85VV1jah
AgPhAsvcwPfT8bcAQxfyvymHdS9enkCzHDZP67ihS5YM
4LG4gXirBtDL39QVamGwKRMkUXLGYCetfX5Lp2v3JuHE
DWGdQmpc48cajoMyxtR1DMbNn9X8L5tS3bqWACLMxF53
LCNyzyqQWVxmWFLX1ke7Yt8Ho4QokRSQtunfqFwTELF
7uCsLRhWmRw3AHyb4hnifXxiwqNXi4UB8Ac4ynnrZ5hq
45nb485LKf1pEhsTab34JnbBb3wXnAAP3xh98xdzP8Zc
27KPJgnWEshxJAbXsKzRxvp31dYCzvXGmLGZmJGyg3eF
5wcyw2KsaCSSXaDocVzV8Yz9yHNG1E8TajEoeoBqiENL
23XNgo4x5FwiQbN4TV7MZ4ssDgQ398vrpkfD8F3S8KTj
7KbmFStnBVAUB1NRKuNFdhzXtj3mfAT4jHLXoFvFFSaS
BJSXGMEpffDq9sVJm7Kj2qEw7aTJy2mQB31DfkKvAnpP
4MJ84srbSCz3eZJhqG93iRnf4rosLcC4R5Bpy7ZQmJco
BBSxmVWHf5VV8M1HLd6LGxnftPuiu44HVeqUSzSdrejX
HJM2Wg9cVyukVRXFVWZu1rMYSYM3cgmha42DtJSmDV1K
22PcCdkYNqVVtLwCQ3BSi3YmZaghBCgYNeAvBcee29Tt
5oHDfw9japqthSBf7mVAzH89yXgKjDH4FW3EhYynMm3a
GD9Dx84Rzr6qLJKoZqQFZn2Yzf1NyPFbQeSRZqU56f8z
5g9P9YJNPxRMTZtWTPyRkUmdvaVae4MVjhr1ZHmHYbRH
7BniTzrcyLnUKtAqjzSJjMuQkh2QWx3CAEUapuuk362w
8BStRWeqCPJPS2hERr7V4mEgdodaJZDTNXVM2Q2AYHr2
FYkVscw4QXHvkmRiJY3SgDZQ4XJ4AXYZHwtEVvkwamA1
AgPhAsvcwPfT8bcAQxfyvymHdS9enkCzHDZP67ihS5YM
H7E4JB8ebHaoKQe2Z3NAwXniKcuy7VVuAoycx7PYAbE9
EEUHeJFM6mUeN44v3kpepHXXBcGY8xV38TjTNxHEt76U
6uPKr1K48dwfwckaQUN9B2BkGzsioxquUiMdREfRu8fM
7mQjmjScpjDP4pFrMLU1CS4H87oUaYrSMb2tkto8RXUX
CdGwadKrCQHr8oziZFVfHh15jaEdB5UoZx9LhsRdQJJ6
6rXGLWZhdAsoYs2mGEYCfm4nMQ3rxqbWx6c8syVo7hpm
D4vK9y5NAhpfZZWCmuMLSYJXttVSD9qfW6rva4tfvFo3
GP5wZ1hEfpD9TxhZzPGQVWSS6VVBaGY7J6dt8KeQuPxv
6w4sP312fQDgCX6kjZZEegmv86Xtyux1kKhnKNsaeHJj
Cg62iH9s5gSmBdmtxTTADsVjZkpikdfUqZMtYVYwJa5M
CGqyDdLVve1Ws8xLQbxB5spzBhsCVkLw7PzcMrwATiwW
55nHxwMUWJfsGCWEnjQdEcyA9Sfcx2tH8z3xi9r8G6Ke
FpSrQMhnYa8YRnEQqKstyi8DYsMvET71CPfnmJkBSSP5
H7E4JB8ebHaoKQe2Z3NAwXniKcuy7VVuAoycx7PYAbE9
F1j2YBwfgooh7E87q84CZXMWXFM7CrgNZajss9PitP9M
ETD71WYbev1wr8SugadCZKdiLoVxma1soXhHxj2atNqu
9F9Ku9zQ8Vegtwr1afvqHNKKkjPYmWGsYtRoFFWYtRdi
8P17pd29uZSPzUn6QQ1328QWXqpG95xy8djdj679qPDj
Cn8YKv1guRu8wRC3VavVsKQVy5TzcyrbUG4om8SkR2Vp
DgA4aNakbWwjENL45gpa76Mt6dVaA3HYtphjy1B8eVw3
51oET2dy4vCmZ1JMGYR9hbsvsLng1vcLD6z2AZp1uq1j
6x3YeSgZ3W6d3CbCXjihYuTdVhFAfoU7A74sjjw8VcR9
3qFXw89gzFzNjieacSxmws2VwmCZf2yFxHAiQvFWXqcY
FpSrQMhnYa8YRnEQqKstyi8DYsMvET71CPfnmJkBSSP5
kbtxDFxdfY4NxQ9kNAuXFJ2GuAZE95dCXQw7yeb9q11
AKNWcLwASgj645B8wNLcKuTsbZ6vZTDLxzQcpjGHpUca
CgeQQY2g3ZKXSPBdTVa2sZ6Eet3456WfG7KmrTLRh6MF
7gZnusx9yjnAcDeXCnMrvCHHcKnnfR2jmHWvpNBMZA6r
Crn12seqWf8o731BpcYyz4wdRANVT6bhfH6WN2zLRApN
8YxFLe5NoaTNzUHQDkyabtHwSnYuVPi7pKcsNXd9D5SU
3udsmnZ84a5qbh4RdnfGcNfQ41U5ZXZvv1cAStHNYLAy
D4K5yZR1kcvaX7ZDTUWpGoZM8gHVjC1pxB1m1vSmC5NZ
32jrfQ6h9XrfAjUseyBaRfFfLDUvPWYdm3BunPPkDak9
8WYRXiQXQSoAMw8A25HuTiTmkg2Ax5YTaBxmHZk6s5LY
4Hsiz7q8vfBizJWsE9RViFpbAPmiH4pBHcA7ksq5JTaF
EwNi8DxAxWFyx7A8SCCYsY2CxWDPw4QHsbS4jgkyXwYH
CBs38GrLkRKrf6ciZkBbD14BmW43nLB5Hj4BX7UkNhLF
