5niNM31eLGssxhHwdAnhjTDEuURnUi8zfAWyGL3psLHr
9HBdJzsgVVyP9uhCiA3zc6ztrx171CF6C1cCH2uMTLon
G3iBrEy2BoncPY9uGfttaH95fQBUMJXv8xoLpPn3dNpT
2vfNuVfatQ6upBdLWY3J7dK4nLqiHuDuVy8MUTm7cmXU
E9JiwbgwSddQJHdxDgNS5byTqaNdVixWotZbWrN8fWLs
6RiSjAgvhsjBTJDR3cM3AXh4Cg9yeN3Rr3NAKDG2T2o1
5VHQdbdEF7BYjjQ1p9bBhmmW11EyAFTTiqKMfuUXABsD
EA5M6bN3qoZGw3Dcr61UJkgUngq8FJ7D2F3vQnpsRx5Z
7R4LhHHcADSxSMg7s4XrvkWJu3mVs5rAmjeAxQYRTiDT
BVAybF32U6bAAtsmuNyRsaMuEFNrVR7RmT1JWwPsreVq
5GdegxG9L6wJifLh4fnwJeVUrBapignsR5kLvpby9dsX
5APgiRdS5ayYYSJ1o3RE8wgrzPWfPkYTpVKbbnK4aGWb
32D9PCWtRrY6AEqFuBWevF4p3SWs61UmFjF3H5KNsj3g
FiuVVUCSpadFwenZVygtEKeVSoUCDpWRaEAqrp2xUwFo
3Zqzo65BMKExFakUK41Wv6zHrPk3rzfCK1NzeeyoLxob
4W5M2PTjqogzK2Db17C4fKj9K8o359XnSVCD5bFhFygK
kqarJjreCkwm4bnzqCR5vsqiqfP5xMTwpWasPt2BPXj
9gM3YefwdiYsU6HZY5NL9ax8Z6GKTbu4sz6ugANzsszc
HhZDC3a6PBPuRr2BDmia4uH314goJDfp5JdcsArQDntj
CREKFg6WdFKS1mpiMcXLEakPA5CuhjhegpcXHQsn52br
AhpR6mwXHReYVabE3Ykzh1VDWodU1nZKkncBodjYsGtc
AL3DfWhkWwi4acUvy6iKXFqwGewSjRTgbud7XMBgFPSq
AgNQri6ULzVvDBzyMTZxnNbr89daQYfcjCdJPcvsAiUA
54ibvrYugvqPr2vSd53EjFyWuecfXP2NX2MEhyMP9cGG
HJfZAANz2nBRGk7TzuWDjwAGppmygQ9sXeRDV9Y965ft
8YHK46wXCsTbBeHK5QvrZenbWn8UQKzwNaM3cExJupVN
7juxEC6dZLAxUyjedNafJ2E9MtuhZ9fAwKn3fWc5UJMG
DGLPjeP3A3RqPLTF52RVM9WjwChjnZdMfbtMY75RMoj2
DmAueRtazmT4UQuoiNAJPJymCy5Evy8MjByzyvf3V5xk
9zTpUFXzRUpYBNCdXXYjKUotuu2eoBVCZp1N2WkrX4iv
8tKz4bZqD22Btzscbf9sK5TF74DXETXz46dKtFCYCB5k
DNjuykGshNgJ3SNe3kNpHgtxU5r3rova5Uh7wPNevLwk
GAPSqGfwxSnfnPXb64WhoBKx36m5ZADvQQF99MYRSAnn
BtrNc6tcMkJ2ciTsnSUXnLY3BoTDxRVRqM3s83xWAKY9
774zeCHuuC9yFRpYWLRY12X6smKskikidpwcGZsbzCUf
GvndvSbgynhgtmEgoUCBFri8VFmBCaX3dWDsGff7pKs9
DzK4ruGZ4BasV65Bzy8SooDwaFqgMvSef7LMfaBVKq9F
9QW7vvJz6JQLaLmDtxHCLqhdGxHTgJbEU5PKxZvWN3u8
42BUn235DPSjCpAMZgXkopQ8qEE5u4BnFcFzpkqGEXRM
9ah3NBthJGU1zX7WcJyfX3vE1pgMWUH3zaDVqCZniFjb
ECnhtHqjuyTwFbFusoaMWonx2CxY5BcopF3SaqtChxoz
7H1M3h5k8gZJGBVzN4edKurMmvVc8EZ1RoRKnuAymuCR
DQwkXHSZTsGMdnNqPe8kS7mnbVfNBfzf8zKWidBx9q7v
J5op2thWFzyxotZL5VMWSVqikFY89MvYUfQk5BzKRCh
7XMKsqMbxj2MhbscbWmpARZyV1YPYYxK7HJVxBHsQkuc
7i8Qi9KE2GJoA3cbRrEumfr5JmPXoNXAub8dBTsgqbJg
GxRgpTpJTinmF4uBGABVvqrkiBJJmDKZbKbmcfTxZ3zJ
CPNSRoLjf6NNdPkC4rZDsXAiEkjvvpCLkqj5WZD8wn8s
HVz9VJ36x7tJSJvqcSvbHB6u3V2YYEYgboUK6NEgqAjw
7z6WPMwwZYVjBLAj41Y4S3Vou2zMEPKXC8br3JRJhmSh
EY4PXf87GtzmoyggS4WDhbEVBNqmey2cutv1qxT4GXHE
9WDkvfxC1WYEA4Si3TRgdJq6HBsRx9X4yZ5AhVs7zC4B
uzztk3YYsB11b3ZCHYy1oMtV7KUuvH8rHTvM3DVoQiN
3d6iMQgZavaqETausg1PYoKZG99Yvhixn1mFe7fSMFaL
4JLTbJoqCF4LffpKtRRiZwpnBDZxmd37EKkfV7kwJJSY
2rtXdDv9zBHG4D6U7L5wkpwKpHH98aHercarwnrxTLdv
ETrZoi7H5vb2Daiv8iLmZ22Fh3AVSZYYTxiMQMc3ysY5
Bd5sG2XaUcgooBo6VyBwjJNLQD63oZXX3fB7yZocvDYp
BNC7EawR6LGcWBti6CY2yEFrgd9t6GsjktVTfN1Gx3XU
DEp5KB2RpCKKEfFwwUbc2zXP7Gg1RchgKq6XRdiA2Fny
5h5EooVcPm4nfR3wCSVTVKAVTkoxrNbPpDLUs3VJWN9y
58ogS3RK4fgQyQwZy7pPSeF1Z34d5e7qfuMrqyBK1T3k
2GGa6yp8MbKxjSP2KF6xa5uepd3UVuUjpg92y4T1knVS
9wTgAfbGHCxzs22w2YPwiMPkeAw4EYM1LbMxGqemy9qP
6HANgD5fVHtVGm5gvcuL3XP3RmcTp52Dt25QC9zf1oKd
7PhycavoiFFT62MQvETeXfKSVCeZsb6jh8ZA7egxv7re
9tdVgkCMtC2WFKkYp3qPZsrj8yhzSe7Rdc4WuqgFxAKM
6XGCoid9WDdjA3BAfrz7veLP8Ctsg39wn3Wqko9WHBVL
CKv7Ds2ETUorWn3oD1YYZcZPGykKitwgPMPAntu9PA35
ANG8m9BuT2S5QxoLm1KJteRTAf7pFrRMSxmU5F5T2Wdb
4mQXNg4pzkz8LaG1KFq9H61hn1K2NEVKii8vVjtuafpG
mhWpH8nFaKz7LFKr7PVQy8HL6Gv87Ce6tDUZd23zAxK
4VeYVr65NJS4zhagKVEJPbdiMSDkvDkdTEZFefogmTzr
DCxN5anhJZhiZadv16y5rprr3K4VTcCvQGCEHNwKE26L
BRNAGdscvMquyCem416psQnBDyKNmeLn92cZQiSzQfxG
ABGsrKpAkFXRn3gWc1MUmT1CnTUT9brNPnANqvVaAN1r
ABQaohd315iMovPnbsqBRnDNYXQF3gbCQ3VM6RnDZtzN
DCq7oio5sHNrp1sP5h3M6Gqc4E6N8FfafspBNFvKvuSD
Acmj1SMQm2KJzJQcjyNBgP3fzViMLmfSQ56DQqvnF5oY
36TzLXzEofpG84xoPJE3eAUbFxfgaKJkP6S7m7Eky84f
3ixgSXBd6pyCs1XoVcwYWkrGtWLfkuaoKsBFL2zyPB8L
7KUMkoWot7T4vXPd8wBLtBqTWybs5DwdnqWTddFqXGD5
3pyJQFWtomgEv7PwWqm3ekFfz9jsQxFrj7MjtauVSGcj
CYRgM54jnyhrj7nuegJzGrrcVWJDP7sxP7GeUiHsywYL
3gbhi9or9uhiKetkdUHBaeT3jLrP8TArDtva64xxiPYW
2L4bGLauLRiUaxKJZ4VE8mHiYvSysVnJVNW3Ba5PXjwm
EUtGGAqabSM9feNimTcoKzxsJxrh1ir1yfS944Ku6k2J
QjdLpJhmvgek5ewpfYER5FVQA1gDSpFzDBFasL98ztp
3o9nXQAAfYsjbmHc1VgD5e4brk59rEfiHz4av4BJw7di
14EVotAS7Sdqww6F59RLbrGTSP91yLPfW9HPT4ziePwy
BC9KzKDSDxhCC5SNxMuEKMYfKPkYEsKrJn9XyFMCxqg3
4Ta6tEzRYuaVJFsUB5SeUEX8gByRpm2JQAoPEQnzn6wg
8675syCpTbtM6bBd8TkcLPW4d6nCiCkTp8qPQJtGyXBC
D8A9MmdKWfddf48LKGx4r8N6zHaDFLpYeCaey8sg3vxA
3DM8W2BGcTQ9s3ewFpnAauTJgTwih3c4w9jaKdbGnjB5
HCWGvBehe9E3Q5XF8Twjnxr56Xtc3jRv1SjsAtVGK37T
GBB3Sfjh1KJE88AF51majjfiBWaM6KaRJRoYdpZmixqm
J3cakhZtv2hUvcthc5mwyDUbBxmWPmvrigdcGUWLTBmj
9uqNBb49ZEMi5tjBZnbkU11Fv6B22vnYomcrzf2yoSii
27RcrNCU4Qbexn8nW63pGcMpeEtjYv8ruJyHhkpccvAC
