Transfer 1 tokens
  Sender: GyC9aQhEmPwUg5dHByZADLvsTxB5WXo4tUjnmZmVKtLH
  Recipient: 7SpzTfGwg46zkuU1TguLjKaM76tpttGZiPEPvJMgGbdi
  Recipient associated token account: C2nGF4jaiLXHiCWPhGg5ALiEgBCYBMpsA22FMoxwC7rh
  Funding recipient: C2nGF4jaiLXHiCWPhGg5ALiEgBCYBMpsA22FMoxwC7rh (0.00203928 SOL)

Signature: 52KugYVyMeW4bSTVbKTfY13BZHWTLvyschUAB7Uf25qKH4fatQJsWnQSKg5gbt5JoymYGAb3Mw1eivLFvVVmfQYV

Transfer 1 tokens
  Sender: FXn3MqMjSB4W7U4dT8e26FijNTE9opisJFqeTEe4Nhu9
  Recipient: 3hh9av2XEn6BoTKCLE9B7J2MHmm3RPRfVn17R8ZUb2hw
  Recipient associated token account: CqHjtkqQDGguXMaescpv7Hx5Wzf4vPk52jWcQTW94pWz
  Funding recipient: CqHjtkqQDGguXMaescpv7Hx5Wzf4vPk52jWcQTW94pWz (0.00203928 SOL)

Signature: 24AA2v983B52HkaH3emgWbt3LrEd98rTmHQb53wFsMRzixD3tZswZAfxfmo1gTTXe5nbFNULgrpdqkgjWcaxNS9S

Transfer 1 tokens
  Sender: 4RobpXyDQiVPt3z2MrXimzwFzH1tChVgShTeJ9QHYcYM
  Recipient: EZsxgTx6JXqZS34sDynrFkKD1Q64Eve7AW8FjawFfovV
  Recipient associated token account: AS2SwRgaSyc5guSfGvTNiw56pKsv7wLCGv3CMQMEtFMg
  Funding recipient: AS2SwRgaSyc5guSfGvTNiw56pKsv7wLCGv3CMQMEtFMg (0.00203928 SOL)

Signature: 4QN3Gxz9Ued21ZkMx7Hd8bkpjHfrJEPDjmnLvahd8kKZVA9YbZa91fE2i1S1RS4ts1dAUsKX24HmEe7phWmrghx6

Transfer 1 tokens
  Sender: 7ebctqaC8FbdyJsyoi5gn9AQLSjsrurYmeeBSzf3FtBk
  Recipient: 2F3pCR6Ju413NwpsC1knkXUu5WEZCYCJfN21yGcWwUZU
  Recipient associated token account: 3A9dYpUAAQN1Jo4Z76aAzdrXtC1Q79EToHcNudWbtCu7
  Funding recipient: 3A9dYpUAAQN1Jo4Z76aAzdrXtC1Q79EToHcNudWbtCu7 (0.00203928 SOL)

Signature: 4bKWAHYAhM7ecZvPAqbdzUXXuaSkbaAz87vcGv7JpoSvwrNKQJXiTgdUxa4usK6z5vhZVdneLfrLnsJcSUBmJ1Eg

Transfer 1 tokens
  Sender: 7PZUvNs3Uy7Z91Ycq3bXB19xkP4wQ5sPRqj1WDaFD6E3
  Recipient: 9t6qvAz3Q1ZEXCi5LrUJn9xMzsx9Dvs3ga5vPMPEVGER
  Recipient associated token account: 7azArDeUrZopnhPfxr9v6oEFpM8JzWGXPtZCQqPwf6gE
  Funding recipient: 7azArDeUrZopnhPfxr9v6oEFpM8JzWGXPtZCQqPwf6gE (0.00203928 SOL)

Signature: 4uRbgnwzcTmxNTayJqwYq3yvuxpu5Z9NSvfL9L9rLLMkfApCZynkWr7jUwAKjh1Z9mcG8TmcDhy9iubPhau5KkYh

Transfer 1 tokens
  Sender: C1X6WxHRFH6o1rswxXv4f9Tj5HUqFSdv5ANJt72wimUR
  Recipient: 4ZSovm9eppfPrsiXbnApe51uQP34rSJMnMUz3cMBswAJ
  Recipient associated token account: 8zqXxhhTHrqDpvbknj1TaUDuWuRP3D5nC7cx4CozsEEQ
  Funding recipient: 8zqXxhhTHrqDpvbknj1TaUDuWuRP3D5nC7cx4CozsEEQ (0.00203928 SOL)

Signature: XDKRvpDxWqGjLF1SLNqZRYWtYunMJsteoYu8s4pY3ajwT9S7hy9v7EniMfkzRbzH9zzbEiDkZ1gg5VSbpYv7Xo8

Transfer 1 tokens
  Sender: 2jqsawKKM83kDnZFi2XnzTuqUpZ3ThdbJV1MHQDu7ZT4
  Recipient: 7gZnusx9yjnAcDeXCnMrvCHHcKnnfR2jmHWvpNBMZA6r
  Recipient associated token account: AGs7CMM9UDbwPRyrVwKJkEdRquyVJFCb4KyUH66XsgcY
  Funding recipient: AGs7CMM9UDbwPRyrVwKJkEdRquyVJFCb4KyUH66XsgcY (0.00203928 SOL)

Signature: 57JJLb8DhnpBx12UT1HTCLYA347qz79EUw28MSipfJmdHSboYLikw7Nb5KcBVkMAiRzCrSnANYDHnjeVGXSLwztx

Transfer 1 tokens
  Sender: 2whiTKNwgDhvGHVKvEkzKvYATtsaU1pRb3GmkG4axbgh
  Recipient: 4ZVeukRaXYXis14wHTLB7Yy6fMXbRAPErwhoBYxeMMeq
  Recipient associated token account: HZGQehcCkHQwNdf9pKwpnggFods2MCCoJYCpVdTJTQFq
  Funding recipient: HZGQehcCkHQwNdf9pKwpnggFods2MCCoJYCpVdTJTQFq (0.00203928 SOL)

Signature: 5JM125k8rDMWKhX8m8kBshAABi3a5VZiySXTd2QPHMnSjjUF1eiXxgNh6sYuz1LtBmwZkcEafWR32Luk1K9sxuaE

Transfer 1 tokens
  Sender: 7zEk4UHexx1nRqvjmMyynr6Pz8tHiHAL2szubWiKvDqt
  Recipient: 8kX16Yj2WBCz1sPXcimafGrutQkw3s3Swe9sR3gt3cC2
  Recipient associated token account: 6Vi72aGXYySQYTL9Mb3T3JCj3WZez9HiykgRFaBa8STc
  Funding recipient: 6Vi72aGXYySQYTL9Mb3T3JCj3WZez9HiykgRFaBa8STc (0.00203928 SOL)

Signature: 2Hpq3Q23irGnWsJRqUchfjbQYHLZtwUNtNM3njRiA2NPtbRyErwR9K5PKH7HxmWyq2Gc2rnWC9EPV9LfxWXqBqrR

Transfer 1 tokens
  Sender: FgDSdHbmrRTLy1wCAZKWdpFN44sRJ3zd5mzx7XWcGPsZ
  Recipient: FhUn3tXFN5JrPvkULt2xB6KR45ar4ok86RScN18C8PeU
  Recipient associated token account: E9pQTCnHCjsA85qNajeYUSnjr5okrx7mA5iWmnfvCpZ9
  Funding recipient: E9pQTCnHCjsA85qNajeYUSnjr5okrx7mA5iWmnfvCpZ9 (0.00203928 SOL)

Signature: 4fmvuNqWemvu2Utuy3X4xNeeP7gQnjf6TeobCX5VsJrWDosdfWxYowpMiYu2g1jAbFgZbXWiHXwFykzoLXfqTEG6

