Transfer 1 tokens
  Sender: 3dEVb1fCgD75SNPhBWmwZEbCmu6zcnmwBiW3S31C2E4t
  Recipient: YeCzytWZHgRcuu7iqED4gvK8bFZTLQKhrcTUdpTrU4Y
  Recipient associated token account: GZoC4idco94WhvuRBKmySqkdkEev2HQcup4HZ3xnM9K5
  Funding recipient: GZoC4idco94WhvuRBKmySqkdkEev2HQcup4HZ3xnM9K5 (0.00203928 SOL)

Signature: 44474C6bN8vPThNUnsxaSdT3j95MW2DBd8aXwuxWP1AhuWiSvvWj3AxQskA1nZyq9BqYkUT6oH9ejdPFnmrQVo83

Transfer 1 tokens
  Sender: 3chGCFheLMP5FXu7VRbx5RibvtRQ8PCpQDaM227wqaGc
  Recipient: DRUoMPMVnh4JLiuWDhJXgMPRvpWF5T9yjY4wPY9sxrej
  Recipient associated token account: 3REawr5ZmNiw8zspzUKnVhfPK1CMqQ1CwLM8u8c5vzXx
  Funding recipient: 3REawr5ZmNiw8zspzUKnVhfPK1CMqQ1CwLM8u8c5vzXx (0.00203928 SOL)

Signature: 29s4KF6RwYbsQht422xCaygiKQrZGKHfYqoLq3J2HBrySRGfntCS4SPVFE7B3kge5V51BKgreGaALczfZ2KrFq3D

Transfer 1 tokens
  Sender: 8KKYYMjmrGzoa7yhnyf9fNEdzaqooC2ZQkaj8CzqVEob
  Recipient: D46WdsQJHPbYxdMQJhkFf2AnqHSj9c3rQo2nKRQ2G1gE
  Recipient associated token account: HwXMYD7Low83n8NtP9TcSJzFzbLm6BtBcbQTtdmuC5gg
  Funding recipient: HwXMYD7Low83n8NtP9TcSJzFzbLm6BtBcbQTtdmuC5gg (0.00203928 SOL)

Signature: 2HxAzowQob7h3ZMkdKjxn7rVKX24hqUFrzRoWtbGMmZmgPrKsFsuoiDZgfqsnttwXAaSkY2Sr7jbHG4FSDBr3Vgb

Transfer 1 tokens
  Sender: EKvQgj5u4FunAZkTszxkkRpDvZwRyfpYVNV1s4W7nWgn
  Recipient: 4GgGxuSTjiWiyKozK7qJ19C7a6cg6Sk8KLGHy8dFBkV7
  Recipient associated token account: v4adqcASeUcefW7BpH2NR2eUuAMU81Nj3jcWaBAfPRA
  Funding recipient: v4adqcASeUcefW7BpH2NR2eUuAMU81Nj3jcWaBAfPRA (0.00203928 SOL)

Signature: 5PDbfwTV9ZqoxJFy8NRGZYytUBTN2HhX8UrNxbFCvxFcH4PY8thCs7BdgwnjgCGMz2oUw5sroPjX5DvA7s6kA8rx

Transfer 1 tokens
  Sender: 2zdamgG7WTtzzyEU9UjV1Gk7EjBgtrPhiLYWccNjJ5CD
  Recipient: 8ber8SR1de7Ai4R7399qsCoinK5kBYk5jWQpP4LqAxMi
  Recipient associated token account: 97p7jwwVa27TShS3esseWoK66zZyUTv1Q2gGCW4huD3K
  Funding recipient: 97p7jwwVa27TShS3esseWoK66zZyUTv1Q2gGCW4huD3K (0.00203928 SOL)

Signature: 5X66gYnxt4daVdG7tEEhN4fZP3qwnXYQ2avUzQXAyQdpL4EyRsMbbQnPhFbpp4R4UTsTyHguC9bNXUiMCJFka1jn

Transfer 1 tokens
  Sender: G7W7jg92G78hnoGkmd1yja3Awg5KF2zmosuojvbUvJNf
  Recipient: ABnyqcA1nFPtNVbUd7XcUcJ7YgcyqpMk9rAJtmWhkAvr
  Recipient associated token account: BdqBinr56CAC9DdBQ9LXjFMGTyx2fNSdkWqHf4JAJrBa
  Funding recipient: BdqBinr56CAC9DdBQ9LXjFMGTyx2fNSdkWqHf4JAJrBa (0.00203928 SOL)

Signature: 3RFpwrQy7atKv6yVJTNERJ3qGuFiQmhGFCrvZRh5g6fxd7Le2jPh5HeW2gQ9HnmsiWDm5i559V9yMZsd3gXbM7e9

Transfer 1 tokens
  Sender: EXj2N1BmrejYNAZAKu1pd9zkoRAjZpbrBLhQjSvZfPxT
  Recipient: 9cQepRHEXLZC2F2ncuK9HY6b228dQ7HNCuxZatWZXsNe
  Recipient associated token account: 8TK4NXWVoPJr17rHLh1Pba5xC8sGj8RiWLzW1tNLaJ1W
  Funding recipient: 8TK4NXWVoPJr17rHLh1Pba5xC8sGj8RiWLzW1tNLaJ1W (0.00203928 SOL)

Signature: Rn6wXsDN5Ar25Uf6SutNWLZuePFiFxdPn7SxSmzobc5Qqh5o4W7tbgyJX5mseraFQqYTnvye6NsvUMR5SWXfiA3

Transfer 1 tokens
  Sender: 3JiA5ZWgJrkiabKyFJHi9BqWk8N58UmwaVuoVgziqAaw
  Recipient: 6YhXPoei7KNqoBdHL4y1d3jHxxLn6PvLZ7DVXDFkvfCX
  Recipient associated token account: 7x75i5pXo6Y2x7pmXrThawUyJMs923sJQA3Uh8rrHgks
  Funding recipient: 7x75i5pXo6Y2x7pmXrThawUyJMs923sJQA3Uh8rrHgks (0.00203928 SOL)

Signature: fP3xirrCfs8vMUBp8fsiXYz3tUTnDkoTeqf4rbAVXJ9dGyGRd2VCirG18YR5QuuPGHetwueszQL2tSrpM5sgaAV

Transfer 1 tokens
  Sender: 9dd9mUjieo7h56PUuvGcY2bZW75dFv5Zu1dU1ZHETZ6g
  Recipient: AXXNiowC7nbLViN4wJ9Z3HcXifsEkWZHzY1UJ2Bei6Mi
  Recipient associated token account: HY8xsg8RdYGXqVbmZPjWoGrg2NfWCrPZmMwDGWRZkfuQ
  Funding recipient: HY8xsg8RdYGXqVbmZPjWoGrg2NfWCrPZmMwDGWRZkfuQ (0.00203928 SOL)

Signature: 4BCBxicywB8XuJ953CHYLvv9GNGip2W75AiUxNALFv4Yv9MX7mPzjtRRWrFAWzp1mh5tq2qsHiTEhbKCtQ6ybGtu

Transfer 1 tokens
  Sender: EuhYBtw7xqYJemVKFFGHZ8Luw2sHTRVGDgH46Usikwde
  Recipient: EaX1Dsd9daZ73UXCx8HpZFwX1ZRNP9QcAMgP3QEQXcrz
  Recipient associated token account: 7KydRTFw9qWUpWxvoKWTRsAj1tFjGyn4u9JosUriVbVn
  Funding recipient: 7KydRTFw9qWUpWxvoKWTRsAj1tFjGyn4u9JosUriVbVn (0.00203928 SOL)

Signature: 4xLUXB3Rgm2FSXnBmZnzhEsqcoHGHNNfySwwGhJRJrP4dMVz2pveMeHip1cpL55jikbDqb4SGbik9RzbW6cMejBr

Transfer 1 tokens
  Sender: 2eWVzJZ5CY1BM4q5zF2bAPrYrgEYwcKE68onNbwdxhyR
  Recipient: 51oET2dy4vCmZ1JMGYR9hbsvsLng1vcLD6z2AZp1uq1j
  Recipient associated token account: E4YDJDxzCV3sdqAfLS3BPMYE1vxrgQi3NNHVsJgUysWg
  Funding recipient: E4YDJDxzCV3sdqAfLS3BPMYE1vxrgQi3NNHVsJgUysWg (0.00203928 SOL)

Signature: g2gqkxqqSxFFnREMGwM6VoChbA7xFn1dJuMtb8WEaL6GPhCh39c3vB94aHQBmdSjGHsy9PmPteQ3dwe6hbrkNaB

Transfer 1 tokens
  Sender: Dz8Vw7bbFQqC367zPD1emSYr1apSfToGLyuhoyZhaznk
  Recipient: GsmrTBoALiurqDsxcMurQK9EN7pDbi2JewoDhJYH6Wxh
  Recipient associated token account: HN5uBfMjmqAEt6rZ2ALtSK13Fg2FUdHDiZqJaw9zUeKJ
  Funding recipient: HN5uBfMjmqAEt6rZ2ALtSK13Fg2FUdHDiZqJaw9zUeKJ (0.00203928 SOL)

Signature: 2vqRwWwx2sPZospMU94N73D5AWpToGUT2qPTC1UYZaFRZ2JeZKqVGEJ4ctJj4VzR49Vh271gjDyQ4iyS71sx5Qiv

Transfer 1 tokens
  Sender: FBZHep82reHnPNeB59cd8RbKgCYSZNExpsqntuShmguH
  Recipient: 96cLzjzHm74NfgybTci9tC5r3KWnpj7ZzZXiUCT1xfr4
  Recipient associated token account: BMjhuGx65V5StJD8J3QmSUzLhgDe8o1ZDhDXCQWZAV5T
  Funding recipient: BMjhuGx65V5StJD8J3QmSUzLhgDe8o1ZDhDXCQWZAV5T (0.00203928 SOL)

Signature: 5qQt2miC6d4QkSwmfUPDLB2xCxU3meDZfqg3Wh1tgG6DB1XCtwTApJYoVFzDj8m5jxe5XjxdKX5E3vjWuFTZSbCN

Transfer 1 tokens
  Sender: HgKkVr9iydexvdTzbcg2ENPFDnuYT1W4pEuvxp3JkQPq
  Recipient: 9ej7a4re5ZsayUKYpU91q5UEakEjCwK9mFb93zDAKwUM
  Recipient associated token account: 4o2sGAXcL3UCbeSVwq86gBnjuiEvqSbLHqTAqRMwnGrY
  Funding recipient: 4o2sGAXcL3UCbeSVwq86gBnjuiEvqSbLHqTAqRMwnGrY (0.00203928 SOL)

Signature: 5TdhRWEWBtN1vV8jFxac9XXipw3GTUzBnF3vDXLxrFVkNU2bzor3Touq6B2U9RDW2DTZF87PTUVT3QZ6AXXCVAJQ

Transfer 1 tokens
  Sender: 18mSW6apkjXttY7qg2qpzWMosAPh6LiN3m1yFYSgQ8Q
  Recipient: Hp1MvurGGDd7xA8zEdntreKcM2opJX5qD1WAApagZDfH
  Recipient associated token account: HEBXM4BxRKp5FVPip2gypBuQB1AbaUaUyREmLoKooCsS
  Funding recipient: HEBXM4BxRKp5FVPip2gypBuQB1AbaUaUyREmLoKooCsS (0.00203928 SOL)

Signature: 2e5JSbCBdRLAzGECRPkn4jTeYUBdiDmB4oicT1jfnbFDgeriyEaUKqTRTEPcwJ2a6G125VyGijK6ANa4EGttvr7q

Transfer 1 tokens
  Sender: HXBBLqFj2XKtLrGJ6kkygr1Rzt3iaCR3ercLXNyxcW79
  Recipient: 5teVpxsERcfTDt7bSshLo21N4p5tRYfhNhL2b3PePCfy
  Recipient associated token account: 6oVRCKkTwebRtqPKuHWMHsAPC28RXVdJLzMgHQb9BZUt
  Funding recipient: 6oVRCKkTwebRtqPKuHWMHsAPC28RXVdJLzMgHQb9BZUt (0.00203928 SOL)

Signature: 4c8SSubupJVa6JcihzXeBHSJ8Pa85yWiSZF4su1fXgMz1wdeoBByeoT8JYZqwHb3f62beW3f5sjVKWTUneHyCWzC

Transfer 1 tokens
  Sender: ENYduUuFtKELRrBDsSYzgAT9MjqT4qgKAciY44JxnFU9
  Recipient: uV9mkFJUV7YfzxgRseibb877D3YhrVQsg5FL5EqDzsj
  Recipient associated token account: Cb7F7Et6gMyffYXbdNRBnJvV4X5e5S7jnEXQ5kgYJ84U
  Funding recipient: Cb7F7Et6gMyffYXbdNRBnJvV4X5e5S7jnEXQ5kgYJ84U (0.00203928 SOL)

Signature: 5zZvWjsd9xQbjPLyrmgmw3tCrLu6JPVhSZxKe4p5TGhpvk4woXCsgaPJJtnvs97fTdK5kouVEb2ih1wZP81NACzR

Transfer 1 tokens
  Sender: 6kyj6NtB5xxZXsv9H51oY6NzUtFSjXdt9XjXCDgFaFjw
  Recipient: 4CVLbLUcNUdoXkb7GhEJmoPgiiv7G6fistNWu4Rx6T9L
  Recipient associated token account: CuaP6vco5HwtounNKmd36GYLJNTnoSpog9rPGcLTaW6C
  Funding recipient: CuaP6vco5HwtounNKmd36GYLJNTnoSpog9rPGcLTaW6C (0.00203928 SOL)

Signature: 2o1Mf614vLkWm1aAb5zNMiq4oQz6t1v2FdNByS9h2CgrJcupU35LmdT1NnHWs3b1WrKoeM47pSmFcTsSywtEbbyB

Transfer 1 tokens
  Sender: EkZTFFJWUp993yaoX6DyNYMgQgp83eizKMLCZZKUZoHS
  Recipient: 46t1nPLVBAWumcyPLePF2Wt7VoNbBdnJyLovVvpEgsap
  Recipient associated token account: 2RnzdnJ3GkxaXAo2ELUZGJ7cvymh8N8ep4EvpEwLuFdT
  Funding recipient: 2RnzdnJ3GkxaXAo2ELUZGJ7cvymh8N8ep4EvpEwLuFdT (0.00203928 SOL)

Signature: 41ujWXVDBg5NhTdu4jX3HaJBekHEYbzExGr7wyDnSwtRQcbTfF21J6V5wYyiFRHVPhs6TWuGfJWidMWNQ2wBXYDg

Transfer 1 tokens
  Sender: FMECDgyf4dqCh7hKJPzSE4x1RjAVUxtbRf9Q4sJkFz6X
  Recipient: 2zybLu6MtHzCKU4gNDgk2VdTZUeZkpe7xRKhqhPqE971
  Recipient associated token account: A4Nx1mDWeaCFCRvpDv3wj3YNE4fi8hoj2vZxmK1zY7gg
  Funding recipient: A4Nx1mDWeaCFCRvpDv3wj3YNE4fi8hoj2vZxmK1zY7gg (0.00203928 SOL)

Signature: 29CcGsPXY4YLN1tt5Hoam2ppiK8TyQZfXEZdRhmzUnQzXRJ7gfrrbYLavH8ZNe6h1swLg7ua7gVYaZ8YP9MFGbRK

Transfer 1 tokens
  Sender: H7zU853iPg9arRmSXVve5iyLNo8PNhXidLiA3SfDcz2N
  Recipient: 9KJbbRm5qjnWBNZNv3Mhk2hEFqqDAYcCHuUPxnG7W64g
  Recipient associated token account: BWZqZQrQcrqdVdA7RMWFEdZmUEbQxfFzrZMpSHc1ucoC
  Funding recipient: BWZqZQrQcrqdVdA7RMWFEdZmUEbQxfFzrZMpSHc1ucoC (0.00203928 SOL)

Signature: 51VB6iamCtMKtKEme2BdUiJSMWxXMF6NMQ588Zn58TXqdEdLKxfEefEV2upWRZnjev9hFyqZSbrxpXGg3Ec2tgZZ

Transfer 1 tokens
  Sender: 9ApfgEhXvCiWaUqjJsqDv3Lg7TWyujtTp7BWnd9wQk6r
  Recipient: 51oET2dy4vCmZ1JMGYR9hbsvsLng1vcLD6z2AZp1uq1j
  Recipient associated token account: 4NtgFFPV4E2eDEFxLG7KT6byyLREetgHgzUdBLdQHrXv
  Funding recipient: 4NtgFFPV4E2eDEFxLG7KT6byyLREetgHgzUdBLdQHrXv (0.00203928 SOL)

Signature: 3cBxoXfUpdhKM67WTVGXTcS1ufZfPkZw6sd5F95vddtw4jWw9dKz1KosZH4gf29XW5LYpN5Jznb7BEwK4aGNxLUq

Transfer 1 tokens
  Sender: 2yB514QEpqyGinNFA7tcJVdFn8xEJKyNQ6zWB7xqU9ct
  Recipient: ANkN53STbZffchbxzhnNJZgTsJDbcvq1pPNxX27A1Nzm
  Recipient associated token account: 3oW9XrRC71iPWyBwFqLj74ogvwBnFvK7WYLgUPX6dPwM
  Funding recipient: 3oW9XrRC71iPWyBwFqLj74ogvwBnFvK7WYLgUPX6dPwM (0.00203928 SOL)

Signature: AZTADQ44QqKbMkq3fxSBYRmiMZoP9Uxzbjen4xbWdENgdtNtxZBkPHQ7cWzUkJrryHy3NL97MJxHUfpkFwLMjzj

Transfer 1 tokens
  Sender: A88BMh1ncD5NfJeaWnGQrDgYp1oVv6aRTzUiNuHy7vTD
  Recipient: AEUto3eFWHLAmmVRq3Vo2fmHXwte525jQGG6D7pN4RRd
  Recipient associated token account: 2sjv41HUQwjvcNN1gLLrvpN5VhcDCqctBLQZpnJqeoT7
  Funding recipient: 2sjv41HUQwjvcNN1gLLrvpN5VhcDCqctBLQZpnJqeoT7 (0.00203928 SOL)

Signature: 2MGi4fSKmCjaiPF3dKCw4GAW7EYBxCc9w9vkWPay5DtT3cEmMsJhiDHnAobFgh2KnfxfcuyAVMPt9oQgpLgn3Ndk

Transfer 1 tokens
  Sender: 3VQmZh3rXpvg3BpUcgt35EdfapLArfjMPDDBj1audf83
  Recipient: 3vPa8W5NTb7TZB68LFvpBWvASJt5sT2WGbeE1UBLyWTg
  Recipient associated token account: EbsSdrmrkmSmkH3qGfen37M4Q9As5Cih3vrGrhbSpdPz
  Funding recipient: EbsSdrmrkmSmkH3qGfen37M4Q9As5Cih3vrGrhbSpdPz (0.00203928 SOL)

Signature: a3PFVfcCoz318oNbG3th3qCFrf8Hku9HSuAyXWfBM1Y1TbYHgTGbwXmAsGEneYip6Yq1CGZZt2No4xWycRednPG

Transfer 1 tokens
  Sender: EgzybhsxpsL84hb7XyB3a47Eq2x6EH6c2KCoWwMo2pjQ
  Recipient: 8XrzqReDYVn7dBxhxZ7KFyigtye5z6F2tRGRXKMzRdLK
  Recipient associated token account: 2TwLjqtHiaY6WyEeh3M8JtS3t1pc1ruFU3G18gdeWhrH
  Funding recipient: 2TwLjqtHiaY6WyEeh3M8JtS3t1pc1ruFU3G18gdeWhrH (0.00203928 SOL)

Signature: 5f3iAcKj6Gzd5ZmjYmZxb58FAm3SoTyYPo7Yqy6J5GLf4aYdM6RwVcWdztZfUAYtLgBEC2FMLpMupVwGaosovikQ

Transfer 1 tokens
  Sender: 8oJckKpWpxFkZmgZBnbPcTyDwYNPDVadCRVN4vXvH7qV
  Recipient: CJf8xXpjjrADii5HaMcrmHpB9dENMLXJWUtxxfZCNM3M
  Recipient associated token account: DwiJKidgn4ftWTFD9vLjjciyWbrcf3A1dedzwt6rV3Xw
  Funding recipient: DwiJKidgn4ftWTFD9vLjjciyWbrcf3A1dedzwt6rV3Xw (0.00203928 SOL)

Signature: 55aZ9HjuzjmPTxwcg7s4Zw8THGSWcdpsno9Qq4JUfRYwcLT6CYksz4nNZFMwu8K8XsRSmH4XFR1i1K78jQ4XyT3

Transfer 1 tokens
  Sender: 9YA22bBgo8uuwdSsChZdPH6KmXN865qGtL9EaWkR93zu
  Recipient: HHkUmGtCWDSy9juDafQx6KoYeAqUqpZetJrLDnvDCZMX
  Recipient associated token account: GqtCjLN1TgFFN5Y7g7tASFXAauFXZinZaTiPBMRKp1wZ
  Funding recipient: GqtCjLN1TgFFN5Y7g7tASFXAauFXZinZaTiPBMRKp1wZ (0.00203928 SOL)

Signature: 3JjZtdWXp1AVPZxhTf9d1j1Xbtc5oiZ438qutdE9rfUPAQ1RFNFvi26yGaUdeYXjHa6bZCw8q7Dh6PQsPdq4aDqc

Transfer 1 tokens
  Sender: HwQ1AfkwNQxuf4qZhZx63sQrFow53SzBDXernGgT3maB
  Recipient: FXCyZTAdo1yJgkLiARwWT7GSDVAaduR8cK4TRN2Zg7wb
  Recipient associated token account: EvzTDxbH48JupRhhPY9sU3LLQDvhX4yEKKYhG6H5XHi3
  Funding recipient: EvzTDxbH48JupRhhPY9sU3LLQDvhX4yEKKYhG6H5XHi3 (0.00203928 SOL)

Signature: 5v7LpgTKBYacDFY72HA7yyE1YBBDdefJYgHcrF8JKGZB7AUngdi8JXCVfnBRF9dMpkFE7Z6JJBDdBAkt3Z9hC2pE

Transfer 1 tokens
  Sender: 6NmKXmJdAvSeDHy8iDVQAAou4jPGz7eCY6RrExwpKNsP
  Recipient: 72dYC2rcdPh4XDNi6HBbdMQDBJxHMnBPs86e9TKNv5mh
  Recipient associated token account: 7ePVEGRuLxEkVGgi7JDt9nF4wgYYUnZvWdE926vZjEPX
  Funding recipient: 7ePVEGRuLxEkVGgi7JDt9nF4wgYYUnZvWdE926vZjEPX (0.00203928 SOL)

Signature: 38Xx2U6WYwXBZRqZnVXvD9jc3pbSWP4nmpr6rGoQeW8gB4DcXKB934SXC7D96TxayJY9mqpoLy5GbZjvPAhZ94mi

Transfer 1 tokens
  Sender: 8ZKoBBaYZsaCm75apDNT2cK2uH8rVjjucix3G3QPmNpw
  Recipient: Dg5gU6sFvZ59u37T4UhaxQBYeACu5uNz4UfdM1LJFGrg
  Recipient associated token account: EzzJRXrQho24ec9cnJoneTyMVTnTjFbre7gJrvTt64d7
  Funding recipient: EzzJRXrQho24ec9cnJoneTyMVTnTjFbre7gJrvTt64d7 (0.00203928 SOL)

Signature: TmmZc6WTx8qXxuonYGhfSJF5DuvYphvSBq4Lvc3Wp5FpsaDmQYxwWgyWJQ1hq3oRFYstBjUWe4PbyTpDM196jkN

Transfer 1 tokens
  Sender: BqDLJrLBiJ3bzNgbZRnTT8ijMx7CnNMZ6T8bPF6u7Kod
  Recipient: 6FeDsmcDe16XRGzDeFHasDxYiTPtGJbbwLmpAqLzux1f
  Recipient associated token account: 7NqunLq8u3yFWv14Vbo1foc1fUyS1jNut73Qes4qN3et
  Funding recipient: 7NqunLq8u3yFWv14Vbo1foc1fUyS1jNut73Qes4qN3et (0.00203928 SOL)

Signature: HtbmiYn3hkB2nzTMaHVbwxTPeLRStH2ZFXCiLnmVPtdaPNvqDQrDyQcC8PnevLmaHhNM4aj5efDHMugDyQ91U2f

Transfer 1 tokens
  Sender: 2vVib7CtbcXsVM1CHXTRDk1Q7kLYzR7hrUUEnnvz5CnM
  Recipient: 9nF2vqusHupTTNgw3quL4f3jorvPdJ8VBPv3Uw1xt3Mv
  Recipient associated token account: 6E31WKBRnLgMU651ba7G21zqAERyos6Awz2hoNgp6mGw
  Funding recipient: 6E31WKBRnLgMU651ba7G21zqAERyos6Awz2hoNgp6mGw (0.00203928 SOL)

Signature: 3dyMALPTqXURFT4yY37qZZxBX4iNvktvtegxxEM1KiSdzQBu5FiowbHh76Q7cGTSQ6brKF4kBvX6fhBjFU8iWVHz

Transfer 1 tokens
  Sender: 9JQK1a9fS1zTvAwvAwZggLAhRPsmfNUQJq3G7yrGrD5C
  Recipient: 7bemZABP66hB74Tyw2tLiUeaHLWSprdoS34EknhXaX7w
  Recipient associated token account: Ac6Hurx8gy1bE4RfZdSQQsP5gqX65ceoYThNmcxZH4vz
  Funding recipient: Ac6Hurx8gy1bE4RfZdSQQsP5gqX65ceoYThNmcxZH4vz (0.00203928 SOL)

Signature: 3sQr77xPczzQvsSsWibGAMYSyuE3wjG94hAYavQSETViYHSDCv7iNrBaTzdojRzz9t7iU55EfSudk7wXbHJ99fZC

Transfer 1 tokens
  Sender: 91hv6BANsxZJAJJZhrxjoUCvWNkQKr7JEvCSGnn5nkue
  Recipient: Ci6AUJN9w8VY6z3RoJqeJyKpRPdx9uvm7n8nRTPYGnQS
  Recipient associated token account: BSwEFzzmaaTsPzwDvckn13TpX8Nb4SW7wa8eaNsWE1yf
  Funding recipient: BSwEFzzmaaTsPzwDvckn13TpX8Nb4SW7wa8eaNsWE1yf (0.00203928 SOL)

Signature: hyWnik3tZ366Ez8tfvBkSrKCt3f1HuWNmo6D7VZB9nPDdFFx46LfSdNUXKMPxb6Nyvj8N5sRgVnfiLokQapSc73

Transfer 1 tokens
  Sender: BSrbFZiU2BXKkEmLgvvBUbVraPa6G41LENm1e2q7AyB6
  Recipient: Gs7hJncVtbUZ6i8V6t51tCvvTSjaaLdeSTs3WR7ADdHg
  Recipient associated token account: 8gjAg54pCaBXwMZoVKuKAYGkxfgNmkwsSPtF6QjdHLEd
  Funding recipient: 8gjAg54pCaBXwMZoVKuKAYGkxfgNmkwsSPtF6QjdHLEd (0.00203928 SOL)

Signature: MgJhxcTcQ9w7RJFHpYL22Dg6rJitAtBKHv6GsUi7c1RDMaETqSnPKbLAKWJCs1oNN3CfkMaCDKrBvbkR2vxUDUm

Transfer 1 tokens
  Sender: 8y39NbMLg6yTF1jD41ZSWZ3iYg5NgR2pceiw3E7FzDPf
  Recipient: FxbGsj3osX4AzJxhANAvGrgwSdRxJruGKxybRnH1rVDX
  Recipient associated token account: FggjCHwzXpdJiTRV7NGbB3DYZGaipcfvXMSoA4MgT6Vn
  Funding recipient: FggjCHwzXpdJiTRV7NGbB3DYZGaipcfvXMSoA4MgT6Vn (0.00203928 SOL)

Signature: 4ct17RxHpvetNVX7by5kUT6c3TpKJ8XFtYwmgCRGrM5ZtMeHFNS48Ky7qwknRS8DDxty2JfbgPeHrACCFVgqpAJy

Transfer 1 tokens
  Sender: EiiCk8atsmZr2BTHxej4wVRxBkxwknrKdTiBgd9mA4CJ
  Recipient: 7o4NoA1g1asZzi8D4fRPjVuDR6YkKGhLRwVbEFfmRWX7
  Recipient associated token account: DHxCbWkbfkytHrys19kAeuB2uZ2FCUQpkgykAj71WjQ3
  Funding recipient: DHxCbWkbfkytHrys19kAeuB2uZ2FCUQpkgykAj71WjQ3 (0.00203928 SOL)

Signature: 3zrfsReB2PJQPJjRwbU1A4JLqcErkVeB65ZMBezQF9FtPzrjDpVz6uSe6jCXP72WS2Z4s7pf9HVrhVDZuM8N1ehL

Transfer 1 tokens
  Sender: ATHu4ZkGWJ1RS5JqpxhXnwt2wCnovUWn1fXME979XWWR
  Recipient: 781GzKc6aZPcheyEhmeziGWNgJBhePtVnsRsSCvrvWTC
  Recipient associated token account: 5meMhE3qt7Ycp5q2bs6JeQ8rbyaerrch7R3gATnemzjR
  Funding recipient: 5meMhE3qt7Ycp5q2bs6JeQ8rbyaerrch7R3gATnemzjR (0.00203928 SOL)

Signature: 5NuNVoYYduVUY6oMfPGFM9cfHUyEWPKoG4mn7cmAL8JUhhPcAGjUYMyNGEtrncQBSZZWPpXwLGGjncPJq2xSWbeh

Transfer 1 tokens
  Sender: BiXT2ZqTcD5y3hnZBQTYU16bqxZKpRXiV181uPihQZKz
  Recipient: C5XYM4RDtEdKm5NhDLhYJ7gH4vNRocna5qYb1pCThNa
  Recipient associated token account: 6AU8LQDRo3PMXUpFHpwHc1vjma1w7ycN4jSMcL8BYq6P
  Funding recipient: 6AU8LQDRo3PMXUpFHpwHc1vjma1w7ycN4jSMcL8BYq6P (0.00203928 SOL)

Signature: qF7SuqrP2ujZ65MCoiaWsNxYjsmn3ZwAcgK4DUcWonS7gvghKsbDgUY5YADSWmbckDukfgc6N9aWBkFT3ajFXg8

Transfer 1 tokens
  Sender: 6BPq6ZhGyXzQTfwAnVZXu7CDUkwj6FQz5sBxa6UMWVDd
  Recipient: DajLww9JAzbHx6VNacZZWYKQfUukB9bibGRcwwHs7e3P
  Recipient associated token account: GMA1Ehr9jSsx5176dKScbQg9QJJa3MX3yQjdLegR6aYL
  Funding recipient: GMA1Ehr9jSsx5176dKScbQg9QJJa3MX3yQjdLegR6aYL (0.00203928 SOL)

Signature: 35c4zZT7mMMfjc83GyDq6kUzCtEFKS7sCG27qhn8dVbEHGu69PaTksTD8R4NAzG3evYYbhGk5aakBCbDpuac41rj

Transfer 1 tokens
  Sender: BEnhSw9GF8w9XxkSCf2NxdRguf4XDM8MqYwUJ9zjcCXn
  Recipient: 4s42uqae5XgrfFWYWttrVFRaFYPQMKchg7chdBgzz51D
  Recipient associated token account: 2u2PHgg9YDss53sxHw6GZ25akZdEvinDLXCdh81nnY21
  Funding recipient: 2u2PHgg9YDss53sxHw6GZ25akZdEvinDLXCdh81nnY21 (0.00203928 SOL)

Signature: 2vrzuy6gfY8Q7fZYa492TuzaaQkDMhm2gBekj4k7AwMXJvWwXnJGkqeRK6WXzNG67P6uufb337rLTv5AWKGfwuoV

Transfer 1 tokens
  Sender: 7xeXjBmXbUxV7JFAAW7vg9ZT3WRyxeTpEXZMTBPMJoir
  Recipient: 3Q7BfxTo3h4AFnMqvFFrdtfcBJ6nCX5AUN7ihUhpPXbY
  Recipient associated token account: 3dtqALQxwk67PKSsC4t3tQnzXMab2L2XsN3M2mXrXRjG
  Funding recipient: 3dtqALQxwk67PKSsC4t3tQnzXMab2L2XsN3M2mXrXRjG (0.00203928 SOL)

Signature: 5X75qsBS86YDQoxSbSoExfTjHpLX22j4WErnD1zNFXDooSXoa6WEpHNkHfWuzLHNoARC3RTAxKFD9M6FT6VUusBg

Transfer 1 tokens
  Sender: DjSb7L29fN7wj5MFczpdnDmaM6WyT6q6wtYQed6Bj8Xi
  Recipient: 58njdpgncuNs9nhzpVdxDAinBFHXZuMwuJS6hap4tVVN
  Recipient associated token account: HKvkKU436Trs9GPgUBSH9JPPeajPRVw6nrb8JTP2pStz
  Funding recipient: HKvkKU436Trs9GPgUBSH9JPPeajPRVw6nrb8JTP2pStz (0.00203928 SOL)

Signature: SAaK7zQcutWFqwc31avEbxQrKFzUyi1S3j68e3piQ6wyTWohpjcijLG66iwrkjQXK7rwQ6ZWhtwjLCnK3Y6JcdS

Transfer 1 tokens
  Sender: Ck4sVxKJ7ZHowjnK6yfQXR2ZMUvkr26t9rA4C7zUn7jS
  Recipient: 6DNn4M9Sm4Tt6qTXCjmmeMJ2QBqeQAwSXwKBEHDVYhAm
  Recipient associated token account: F9CgUk18KRdfAeoFzR4WAkAVUiaWF4kB3Ja7zFRfuYy9
  Funding recipient: F9CgUk18KRdfAeoFzR4WAkAVUiaWF4kB3Ja7zFRfuYy9 (0.00203928 SOL)

Signature: 2EbNsBHeotrF9UQmeHiuo6pAvucfRk2KSHeGsw1qo5XJqQM9cXKBeQ5NeiRfYash7vq6FFcwF4NiVUvbFqCpf5fa

Transfer 1 tokens
  Sender: 9X4zTvL7s5e2UE5Fy6zkj8PrMoFf785M31BJBPf8nAe1
  Recipient: 9a2DjYVkrmWXsCNzaUsL78giGdt6JbK7TBSuRktZYCut
  Recipient associated token account: FkjyR48P81CXGjJLadqKdr8a8LJcfZcm7qzXWxtCPot3
  Funding recipient: FkjyR48P81CXGjJLadqKdr8a8LJcfZcm7qzXWxtCPot3 (0.00203928 SOL)

Signature: 2ev7oPDvvCDnzBEWBuPU5A3vRpsbHBeXi6DQgEHDSL5LSek2xKLkgc3B8XvMrfrphGQcLXh1USxFjHhst6BQkkDZ

Transfer 1 tokens
  Sender: 454oEX1d6vSoEkkWDxnyK24pcXJaFRHvX29Yfx8Dpgz3
  Recipient: bae93fAqQRbzRBwLnC5ZeDt3j5uX23nD62B3pwvpgXB
  Recipient associated token account: 5F8gx9b4n2una4aeLWEe9ahPYuKUGT1PvbgJuXbAq1u7
  Funding recipient: 5F8gx9b4n2una4aeLWEe9ahPYuKUGT1PvbgJuXbAq1u7 (0.00203928 SOL)

Signature: 2B3wcxzShfPdZzUF9TJboUvSrZGxf12Z3L9ucUYk3ezvqem799gpZ8Bcrd79y9nCkQ2kux5LowncnwQKtJBsgP4E

Transfer 1 tokens
  Sender: 6zBcQ21nkm8yXbvejxiq2t1RZSUP8kK7fkJLFURJNsyb
  Recipient: Cm8cYtgtfyULCzisqUnMg68aqqi12PGZScouQfJRfrG3
  Recipient associated token account: 3Pq4LGsasxLqFhViWMrkVUuMgsRAqRs6dxTpA2byT2zV
  Funding recipient: 3Pq4LGsasxLqFhViWMrkVUuMgsRAqRs6dxTpA2byT2zV (0.00203928 SOL)

Signature: 4kYVGr8bzz3urEm32eW4zzcw3SsXGewBsrfBYtu1EwJJViHXbKCnk4EzP5SNs36B2j44Ksy78Rky2viAxTjxKY6E

Transfer 1 tokens
  Sender: Ca3deBtSx4BU9mRmxCmwsSemacFLeAuZAea5uj3zcimG
  Recipient: 4d94qQ8YnpRZcYZnc64yPDW1Ney7WstbW2PUXLWpKcjV
  Recipient associated token account: 6EN7YMBbHR51j7BZ1AjZ65xpQSBNG3pa9ARkzjSW5iAB
  Funding recipient: 6EN7YMBbHR51j7BZ1AjZ65xpQSBNG3pa9ARkzjSW5iAB (0.00203928 SOL)

Signature: wkdE2CM58Fme9H8TYYeRMtn9j7y6e646igWA9tyGX2bc7PeEAFbTGqmtUz3PAydqF1mrcjhRkLuZyaEUCMay1RB

Transfer 1 tokens
  Sender: CFN6x1QKFp4KeZFWyzjPMTwLqE5X9Hs1fCDrvos6sXb2
  Recipient: 87kEqjQQ7S97WAzbbtkDxF5DM7JakX8GqJ3grPkmPnGG
  Recipient associated token account: gtwJn5dbFSZNghHWFpTtjUnaRQfiYqsqnUtat6P7jY7
  Funding recipient: gtwJn5dbFSZNghHWFpTtjUnaRQfiYqsqnUtat6P7jY7 (0.00203928 SOL)

Signature: 2gsWSAURskoGke6iRjDgV9SaHEYFGr1vSeqRzd8DyxY294MRiPzkC9xvTXiE2yhDJR5eMS4VPoHJcMkWWz1bXSm1

Transfer 1 tokens
  Sender: 9p2odU4U2c88hPcUnVFrKhx6Q9txybhSb49oYENGQy4B
  Recipient: 7RvtX4WGag5Ggy4oMtj2ni3oc9amEPmscdHLGvGQdZsh
  Recipient associated token account: 4Hjy5Tq8E8te7dVGKwKEdk3P42xHy5EcAdg1vK3XJKjp
  Funding recipient: 4Hjy5Tq8E8te7dVGKwKEdk3P42xHy5EcAdg1vK3XJKjp (0.00203928 SOL)

Signature: jznEHTDcLwBbMJMchAEPbV6ckj675R1SZqngcQbpzutYgE4NcCE3yA9Mw6yXEUhArWJH2tkEFgngJsi2fEBbDB4

Transfer 1 tokens
  Sender: C6bv8Zb67kDWrJcGwR6Lfx6guuNs53YeG1JWEbrhGTse
  Recipient: 24iifBd4cBp6tEhYNZvPvdUsCuhmrSXXauQxrumEz4y4
  Recipient associated token account: 7NP4RvW4wf9LYdRT2u1PSJgRVaoemmjQbGz3CzhrEjCD
  Funding recipient: 7NP4RvW4wf9LYdRT2u1PSJgRVaoemmjQbGz3CzhrEjCD (0.00203928 SOL)

Signature: ZeC8WJ4QbeyGwN4TaRWtpkgxKXicxWv2cBF7zs3KMP9diZWV3e9f1vvyUP39Bht3d6B58D9fHU7QUVSMVuLmd7G

Transfer 1 tokens
  Sender: hVLq324DTb4xcraAHdjTrzw53DurViSwjzAvaZaNcKb
  Recipient: FJ5hcKnacavLz9geNZDRyDXdUvZHJBVnn5RLLy3sRtra
  Recipient associated token account: HCfNAj7z8i2xnYVtv7faD8QMeh3XyGxxjd4pZ2NJWaQS
  Funding recipient: HCfNAj7z8i2xnYVtv7faD8QMeh3XyGxxjd4pZ2NJWaQS (0.00203928 SOL)

Signature: 3j9pbUgMBQYFKPqb353k4hDoow5rMxpPyd3BXonVjvZxBSP4NeP85QThkpcFGYPus8qgsoGhP3Jc7mDSnN37rUFG

Transfer 1 tokens
  Sender: CFCcxr4qJ16TR7abefg4UuWwzDUSkAj8N4eYgNr5DKs5
  Recipient: BGCgw3TEQBD1dT6sUeXSkiqPq81jL1skvTu6sGo6LDNH
  Recipient associated token account: 2MJ7bnzQP9j55yykX6spYZ9HLxfU3BkzZ57CXp4SoEV2
  Funding recipient: 2MJ7bnzQP9j55yykX6spYZ9HLxfU3BkzZ57CXp4SoEV2 (0.00203928 SOL)

Signature: 2W4JymYFbnBPqJ6yfTGLkBWLRrCvHFS4hBsuTFgmXQUZRmgeKM3tFxM6f2KfYRTxZyG3xW1VRrC3VXCZ4QbW5sA6

Transfer 1 tokens
  Sender: CWZ8N5QDT7aZwNXbNRec1Ytw8rbwSGPinqLGxUAq8WqN
  Recipient: BjSaYdgdWtBNXGJmy6cuTzxYzLcxvn4Anw6yrWsgKdNm
  Recipient associated token account: 5ddPZCoQoJ6Ufj1wZS8vH4KehFZzt9cwSGR4XBfuMhB3
  Funding recipient: 5ddPZCoQoJ6Ufj1wZS8vH4KehFZzt9cwSGR4XBfuMhB3 (0.00203928 SOL)

Signature: 42EKtvXoHbFsYRTegLsG53ifZafvmv5AhnQjNPqshK6ArGxbFs6G8nzT1vFzbinfAwKDAA6Zf8yhwY7MCwNSjY2v

Transfer 1 tokens
  Sender: 5qRno6wEYVJSYirokSyXpPRxyvAWChUvqnWSQ7oErosQ
  Recipient: BLSgER6K9hZyNfpnUnnPUYbm2beomi9a94d8rSkQtWaT
  Recipient associated token account: AcjgLdetPFsogZRZGKoVT8zSLvHBDaDEDd9Sz3vHRmuG
  Funding recipient: AcjgLdetPFsogZRZGKoVT8zSLvHBDaDEDd9Sz3vHRmuG (0.00203928 SOL)

Signature: 4n9EAWbVtEU8tgnS8X4aieznDQLQWtfRcKCMst7EfdbLAgedk32kEdmbEUoCgTvsACgGXB8CY5uWJmZQ89PQncsH

Transfer 1 tokens
  Sender: GgNQ2cxGtakotpJyHbrFcJAXFjSyjy5NfWB8KnA9mTNs
  Recipient: CFTNXCMR1VxPm6J2h9NouLpVoD5SnKm9WHBostBDRRTr
  Recipient associated token account: 5vPKyfBs2G6qF8p2AxgPgZ3V8mJErXhhrWk5Ea1wyNQX
  Funding recipient: 5vPKyfBs2G6qF8p2AxgPgZ3V8mJErXhhrWk5Ea1wyNQX (0.00203928 SOL)

Signature: 37tF7c61tMKF3LH3xonkbmVcCfMJ3kqN17j9YLL8mftx2Whh3MQ3TNb7R75LbxU1hou8YTaVPn8rpEp8QcMZKMap

Transfer 1 tokens
  Sender: VkB1ARHFcfaLNfQY5d3P4kmZ2Ptz6xWdVrRK28mRWbM
  Recipient: AEUto3eFWHLAmmVRq3Vo2fmHXwte525jQGG6D7pN4RRd
  Recipient associated token account: 7hw1K1QbFV1KP3zQAKSAFr1TsoEiEGAawTuoh1Da4sQF
  Funding recipient: 7hw1K1QbFV1KP3zQAKSAFr1TsoEiEGAawTuoh1Da4sQF (0.00203928 SOL)

Signature: 5WD3M2eX2SVgucF8iXCMpz9Vt9k7wkTVvqV3XDxr3MSNTjZyE5ryWxWyKvKh5XEXVaSs79h9xs7HeAeMaxL37dkE

Transfer 1 tokens
  Sender: 3y4thnmg8y1xKic2hBX9ZsW73tTddh54UD2SDQNiVNa4
  Recipient: 6hFFooosu2pnYDLUAspZqkBmoktRoZTeqG3seTAJck5q
  Recipient associated token account: 6FRxP9QdTo12DvcoCoFqWZqsmnJoMcJxS3tEngxP439
  Funding recipient: 6FRxP9QdTo12DvcoCoFqWZqsmnJoMcJxS3tEngxP439 (0.00203928 SOL)

Signature: 5X9KYWo2phY7bpF9QKUqCeXW5o6uaBP2bb1CgksNUARMqi2rfvp2U4Vsa8N31YRYCNDuUHFpDCzycSQu2snbuBho

Transfer 1 tokens
  Sender: 3nGqJps4S8yHA8oZa8oYhZW7Xk7Lff6B53TV5rxomaLP
  Recipient: CHZseYfpPmH866VVRfouLGoJYKwQF2CjX9a9gURL5Cjv
  Recipient associated token account: EpfM1Y1smiuP9dVaXAv6rbp9f2v7P9y5SAX5n5Jw1DDc
  Funding recipient: EpfM1Y1smiuP9dVaXAv6rbp9f2v7P9y5SAX5n5Jw1DDc (0.00203928 SOL)

Signature: 4axwTowstVmBMZced1tihujSHaQaRFNXdX9guwjdyo3eQNRoBfAQ2nCWRJRahUyJZXtGcLeP2z2MYeomxcA7qmh

Transfer 1 tokens
  Sender: BnzZW1zAei7AsUBuoCXnjhTByB8KtuT4vqSizkYCi1po
  Recipient: HSMpu91pytUdBFtKqUkeBcbzZNKCseyZP9xoV3fLJuZh
  Recipient associated token account: BhEVSQxixrAHP8Gwb3x6CUr3TEQuDvWCEnBC3JCVd7yD
  Funding recipient: BhEVSQxixrAHP8Gwb3x6CUr3TEQuDvWCEnBC3JCVd7yD (0.00203928 SOL)

Signature: zrierLrhMZokVvMiS9ViRje4jaQZcnsHx1ZpiRkWnXkjWAGjGxx89DWqxqfM3GWfqmsUW8RGNDfvbvYGXcgvZ9Z

Transfer 1 tokens
  Sender: Hunookp2uvSUXCu6GxLSY7BxZmr1641CBKKFyKiVif2
  Recipient: jCbhBwr5qf1gv13bWdbDCxU1LWcV64zR6kSUi1SQrQe
  Recipient associated token account: 6sLFXdbriCpAvqQRQrwGgL9tufT5PrPi2pFK3ze9Qmjv
  Funding recipient: 6sLFXdbriCpAvqQRQrwGgL9tufT5PrPi2pFK3ze9Qmjv (0.00203928 SOL)

Signature: 4cbwMu1EBDHgN9L8KxxRsBo6SicoAQo2vMGE8xsxYapmroWkLHTQfuYeRQ5d2pisoC7BYX5izyurUcodPvfcMsy7

Transfer 1 tokens
  Sender: 3yRfUiHBiWQUTXiFtFVTb9LUa1u28tMs43WiD1Mu2cGz
  Recipient: Cg62iH9s5gSmBdmtxTTADsVjZkpikdfUqZMtYVYwJa5M
  Recipient associated token account: W2jWxyKLthJPmYyBykr7ciz1scDGzQvr17TiJtY1q1w
  Funding recipient: W2jWxyKLthJPmYyBykr7ciz1scDGzQvr17TiJtY1q1w (0.00203928 SOL)

Signature: 5jesoN7wDMPkNPZ7HDHyAGEGT2i95Xh4FfibGPgeMg8grvcKfo6iZHF6vTAeRgKagM3a6xkKG7LwaGfhZqosJSP5

Transfer 1 tokens
  Sender: F7ExNWesXgoaUcayVAT6AieCa7HcpXm8JRGiKtAap5h3
  Recipient: 7gZnusx9yjnAcDeXCnMrvCHHcKnnfR2jmHWvpNBMZA6r
  Recipient associated token account: 6aFy7Xr4fqzdLwgvNfgRhByze9nCwnxEwc4ffhGrj2Bg
  Funding recipient: 6aFy7Xr4fqzdLwgvNfgRhByze9nCwnxEwc4ffhGrj2Bg (0.00203928 SOL)

Signature: 65Muuczj97czsDBxvrFLaGqnp4DtRPJfzU2DqWzVEUb8YBVFVrYrcJ3QMoEq7XtggDvGogpBuAehaXoSw6h1tnLq

Transfer 1 tokens
  Sender: 7RCB6c7csLbhpX4nhewtrhyiwjtYhpkrJFj37wY7rZ4q
  Recipient: 5mhQjmdTLbizd4tBdsTMAXtpLx4DLxCCkZ6aRLLJ2TZT
  Recipient associated token account: GZQxztS5hsLEnynqBcWLY6GRpWYd3EYowtNZNETZbXDZ
  Funding recipient: GZQxztS5hsLEnynqBcWLY6GRpWYd3EYowtNZNETZbXDZ (0.00203928 SOL)

Signature: 57iyXuFBu9LzgnQAyYkgDAqRb3vEU5xLp6982FkxTZErufEQ1iXGvEa11N6zLJpzay87v1USpwvHQWQTFynmu9JH

Transfer 1 tokens
  Sender: CWfU7JK5sRRgXFPG5emy6E36qTKa99NER2Gs1o5q8r1o
  Recipient: 6BCYUsacFYEd5VeD4hEW2oqXP1pM2g5RGoffXGBDe7RV
  Recipient associated token account: 4DjNbgJYfR7zs7ksLfSvywqv1EjVyvJ31UQ4KRKh2SxV
  Funding recipient: 4DjNbgJYfR7zs7ksLfSvywqv1EjVyvJ31UQ4KRKh2SxV (0.00203928 SOL)

Signature: 5oRVSGRtMU9ttpoaaLUUwXfnVAWsDpLgPiiPKeFBL68BBwht5kSgEDecehvYisShpn6z3JXXFJUz9UW9QiFLj8SW

Transfer 1 tokens
  Sender: DuzFjjBGGLTbXAitk4EKuggYzANWTmFn7eG8Gdx5Mety
  Recipient: 64KWumt2uW67h7gyLfiKpSCDaZz2NvezFUmt3ccHipwP
  Recipient associated token account: GEQC8jMnXw6WVYVCdGM1bDDr3EuYPk4J1wrdLRFvo7xQ
  Funding recipient: GEQC8jMnXw6WVYVCdGM1bDDr3EuYPk4J1wrdLRFvo7xQ (0.00203928 SOL)

Signature: 59EuShTKPrg6eEv6zDbHgdVSzApNY6sMZAdnkXjDhHyqw3zN8SymUGnKofzN7DWqwBx4Wq7Pbg7s4uHh5upME26Y

Transfer 1 tokens
  Sender: 4DKomyHggCko3SJss5MXx4PGj64e8pAtqsWKvq93nr46
  Recipient: Fn149efR6ecunpwmxWsh2ByK66w9tbVtwQmuS3tvL91W
  Recipient associated token account: 7XFsDnXumg2R2JnYWGWM19Nj38orEH1huNNCobhDBX4T
  Funding recipient: 7XFsDnXumg2R2JnYWGWM19Nj38orEH1huNNCobhDBX4T (0.00203928 SOL)

Signature: 64sjJDphdECF5GLyNtX7Zibb34ka3pZPUmXLV8Rq8HRrRBV8kL8zUPCqGfGPSvCnu5tycowbJGcBzKh7g1mPCLUi

Transfer 1 tokens
  Sender: DAcP9Wd767VmLXRRaLShaDfdQR6yXj49hMEHpWzPGbAm
  Recipient: wcL3Zb7ATfhUBv91LfXRtYHEVgUBFq7tYyZXJuS4JMv
  Recipient associated token account: 2jUPqddXQyRAX1SiJ6M3AqJorwTySY8BftbTZ1KESxBg
  Funding recipient: 2jUPqddXQyRAX1SiJ6M3AqJorwTySY8BftbTZ1KESxBg (0.00203928 SOL)

Signature: 3FJtk5HjRaLhXXo8s2q7yq3yjVg4yuEUkaT1syJJdqCFBLtCpngqBGYYjSqh93yPCpoumHUY611zT6Upw7zBFZ85

Transfer 1 tokens
  Sender: AEyuxy5WZGNrqHnxY32HtySmzgGgHznBH1fbcnreqgCf
  Recipient: GpC9NZpcjA2qqqbbW1SVpuzkFfq5TNWwxVUTztRQ3WYA
  Recipient associated token account: DH4mwsoMPLECVVAPCQhZnJzkpwnzAp1Aj6j2vF2MrV1B
  Funding recipient: DH4mwsoMPLECVVAPCQhZnJzkpwnzAp1Aj6j2vF2MrV1B (0.00203928 SOL)

Signature: 2i6waf6FWWSbgphDEqUETyc9cFXVkeNWuFtZz9XA58nXNwgHAyooWYxE35VXxvtwd21eTfknhAahu9DaebLMPE3i

Transfer 1 tokens
  Sender: Csgxn5998kAzk6vAWHWJuryYJdn7Z8tULK2R69HmViXU
  Recipient: 7NEGWwti7Kee9VEWivf9yebSLBwn3Mux6M2xVx6sfVEE
  Recipient associated token account: H1dNHquur8SGTSxrb6U4Te8eb3iwCM22HpFmAeoWV8y8
  Funding recipient: H1dNHquur8SGTSxrb6U4Te8eb3iwCM22HpFmAeoWV8y8 (0.00203928 SOL)

Signature: 2dxqqaWs3dJYzBAJMdqURfU6RddrKeJEm9TKqcRnxay9A7JGzMvoiRv11bVgpATSGznSJ5i3FSZ9gMQuK3ykxZyK

Transfer 1 tokens
  Sender: 4XTBfTm7Fkc6ni74yZsDEb5TdvYE7tcsvxCGriSrPKxL
  Recipient: DdpAaorJnTmfCWcrNwwHVJcB8wcWw5i7QUBGr7ESCvWv
  Recipient associated token account: CkneN2CkcvXXnZbXAuZMc45CZmoP4fcNu2Kn2Lyt8QQk
  Funding recipient: CkneN2CkcvXXnZbXAuZMc45CZmoP4fcNu2Kn2Lyt8QQk (0.00203928 SOL)

Signature: RFv1VzkXqVYbRoFigBwyzMKgqrF2niqJJ2AedPvzCDtZ3rLUur6KvfvxwJ9qUAKP2P1qmkvLXMGWxnTjyoSUxHb

Transfer 1 tokens
  Sender: CpLohQ6xak5HFxPT9JDeR51tADuK5z2V9Cf5enPmVm9y
  Recipient: 5ssu1FQCAxLQZUbSnFXAuPn2eDaZBTWkc5QBChh2yxAa
  Recipient associated token account: 6U2P8Gkq6zuEVyfyxXSq65r7DhHHdVHE3g2hiFKbATMJ
  Funding recipient: 6U2P8Gkq6zuEVyfyxXSq65r7DhHHdVHE3g2hiFKbATMJ (0.00203928 SOL)

Signature: 3WuFnCEf4z3JT6FiPCS8TumbpxZh4tNqKxhs6DZJyaTBZHHdZyRNCr6gauzAQ5r6EG91eum6YvGrhiTmu2c1rEVP

Transfer 1 tokens
  Sender: EGVjVbaCRztRGiyH917y7NsBWsrYk5A5Mz3wzKevmhDD
  Recipient: FUbP8zY7nQj1bN26x2RMr7eLyarhNRofEqtc4JKcfhKh
  Recipient associated token account: 9EnbvNWgWV3qx12St8otNYvvZRFrJmDG1R8djTyPVZj9
  Funding recipient: 9EnbvNWgWV3qx12St8otNYvvZRFrJmDG1R8djTyPVZj9 (0.00203928 SOL)

Signature: 7KyqYmxey7AmzsMGhCEWWiBAXcHV3ATa91AUA9s9f9zFXQWaodFAsMPFnpQyWQ5Enwqj5HSzrbAaHeDGMd9XtWM

Transfer 1 tokens
  Sender: EcskJFPHmivav4VJS8cLtfSVdVoheW7re4tqVr8SweMD
  Recipient: 4feGgguZ8pfDacgzWMk2rpp4odg53QvY86TjoPtycFbF
  Recipient associated token account: AFBS7EUWDbQzGqtvyDSwUzKrB5y6NVSexmbbVA6K1E8o
  Funding recipient: AFBS7EUWDbQzGqtvyDSwUzKrB5y6NVSexmbbVA6K1E8o (0.00203928 SOL)

Signature: e7gH6EfTTnmrUYKTiszz9jEsPKk86Wzu4LhYe5yuk6PEpKHoaz4kkTjX3BLmq7URPZgEfH7MkzDsXPHvuz5YZUj

Transfer 1 tokens
  Sender: FuJQ8WB4A3oiYanDVtKXAgbKEEif4omFa7arAYzUURj9
  Recipient: 7wSeLUd4gTZtjBfHVNTjicp2vj6dDUc8QgphpGXxBEE6
  Recipient associated token account: H4CQTUTmvz2hqrgdEieBhbD7ZHR1x1WKgQoiuxjSNcDn
  Funding recipient: H4CQTUTmvz2hqrgdEieBhbD7ZHR1x1WKgQoiuxjSNcDn (0.00203928 SOL)

Signature: 5Jc2h3eRxLhadRheDiJYKDnaa5oRgBAPPxcCypXMy2Xj8wk8x6Q1TBtgfbq2cBgznFgJPyxYBLnktWXXTuJCVw8r

Transfer 1 tokens
  Sender: 8eFKdp7LujgVh4tVhtUMixibiWAEDX9QCvy8CT3AV9gd
  Recipient: AgPhAsvcwPfT8bcAQxfyvymHdS9enkCzHDZP67ihS5YM
  Recipient associated token account: 8eyCdmMPxqy13KxXHtCtHgXEhTsfjBrFwBjcmx76ckXH
  Funding recipient: 8eyCdmMPxqy13KxXHtCtHgXEhTsfjBrFwBjcmx76ckXH (0.00203928 SOL)

Signature: 3yZSGTx94yenHgvx1fq8MNfAAsxWPepsuLzt4M6Uo9YbaQNicyt2yN6C8LBf4CrPFoaPvARPHXg9RGSmz1uBr4ZP

Transfer 1 tokens
  Sender: 5Uf8znzvDtY5T5P2ShJBZcgbCm2H9dai4NeQUkzUhsRw
  Recipient: AzjB7d1b85syjMDsjo66EY7WSe2M7UBYb45pRFyzMPDS
  Recipient associated token account: 2NyuqR4yodZVWk9hKD9RvoJfDLuDgsbRr8L3mzzsfzz9
  Funding recipient: 2NyuqR4yodZVWk9hKD9RvoJfDLuDgsbRr8L3mzzsfzz9 (0.00203928 SOL)

Signature: ykMiiUtgXYKVA5E1c7qJ3kX5Pg8K9amt4dLfjmvWV2P9ybPJcqTEgW5oPbFMQPM3npYn7amq7SZb28Adfq9naV6

Transfer 1 tokens
  Sender: H5qbity4ytt2pB6bysecBQXCqaoPsCVixUDK2EgeGCu
  Recipient: C32gfnay4Uw5a2w3kUs6WrrxMoe1tAPt924fmRxoVmMz
  Recipient associated token account: BbLsSTnG4NoCs5pnWz3jyNAQA19sJ14LWdDMVQD98dyo
  Funding recipient: BbLsSTnG4NoCs5pnWz3jyNAQA19sJ14LWdDMVQD98dyo (0.00203928 SOL)

Signature: 2UzAZ1pDLzG8HmoZnDUZSsxdwrrgic3BH234v2aeSUNfEdB3iUKvqvHNVsooQki6d2zQAN7D1cVEfxMVaR8aETeB

Transfer 1 tokens
  Sender: 2UkJJWu1gqVyg7xbt6bDw22vjQMG4L8n9NbpAkFxgriS
  Recipient: F72ZZGfTciszpW3HX1H4FNfGJPvpygkU15KtFGH2bFVh
  Recipient associated token account: 3TzCFKTpXxX6y9spgTJ6hvfKRV51e4cae6ZZ3gCVQ337
  Funding recipient: 3TzCFKTpXxX6y9spgTJ6hvfKRV51e4cae6ZZ3gCVQ337 (0.00203928 SOL)

Signature: 3mkdRx4K2RodNRjYGxZLr9WDtKj8BqBAFFB88M7bTm2jL81JwTDB2vm76RTcqbib4eV18tMbBRRgy7QGh6FGtqs6

Transfer 1 tokens
  Sender: ASFfoBnmnQu7WAfJ3iY95hRi6vKTJRyJDzjrNwUusNCa
  Recipient: 51oET2dy4vCmZ1JMGYR9hbsvsLng1vcLD6z2AZp1uq1j
  Recipient associated token account: 3FuX4moEY9dxqayqgH3enjrajtjjKBBNYEeq7DW2rLNX
  Funding recipient: 3FuX4moEY9dxqayqgH3enjrajtjjKBBNYEeq7DW2rLNX (0.00203928 SOL)

Signature: 27YWTcWs9GbNd35hm6MktpfCAmSM34TeLfShTeLAUoZiSXfzhV3VYZhx2tc7yMtTUKr1x6DkMpSc9VNHt97FXDVp

Transfer 1 tokens
  Sender: 6sVP7Ln29yHwKQmn5KdXAYVrRGbBHdySLrtR7Ec1fWjo
  Recipient: 2ADsscaDfJhU2bXo4CW8PWZVhybpZtoWey8QhH3oN7Am
  Recipient associated token account: Bn9vPihmJJpEeo3upCLworwRNRD9zr2iR57gXJdCot4j
  Funding recipient: Bn9vPihmJJpEeo3upCLworwRNRD9zr2iR57gXJdCot4j (0.00203928 SOL)

Signature: 5DmcyZ3ZHESpWL9ZhUvPc7DsqaxD17FSLzco68cGDjTSfWqu6aEkLTKppUxA85BiRdrv2iW44fgfAuA54rGTcpN

Transfer 1 tokens
  Sender: 399K77xKEEZTm5uyyQSJ8jrPZ9XHD1W1qJx134jvFxks
  Recipient: BUBhMdcup5mnbweZgbKb6GDFkyM1r4zov19i771KfrH8
  Recipient associated token account: QenK3GZfpsbPv1uN6EVcPTxGJrDCYBMzvGofvA5R3Q1
  Funding recipient: QenK3GZfpsbPv1uN6EVcPTxGJrDCYBMzvGofvA5R3Q1 (0.00203928 SOL)

Signature: 5p6Fsbx6XdHpGFwVBkDcj7ut4cVKmFFiKjxYskGYCfL4xF8wo68xYpyT6oqja7c6Uf5VXm5aYK5H1RgqybFmqScH

Transfer 1 tokens
  Sender: 7jtx5AZ5JaMVrPCiyBNNjqcg3PMfEU9ux7tk439RSddp
  Recipient: 8MSWUbuqRayDcqiuPeba3MA5z7nkuaAgCocr35AzivsS
  Recipient associated token account: 8uUL9hvfYQr8Ypb4gabfogqMsN1hMkuSZUGz3dS2kaC6
  Funding recipient: 8uUL9hvfYQr8Ypb4gabfogqMsN1hMkuSZUGz3dS2kaC6 (0.00203928 SOL)

Signature: vnVysvkoaFDkMM6GvTJXa3AQUNEuDMoPwMNjJ66FjX61m72aNnBnujKEjPmuNaqPy2HxXmkq2LvH4JLvt5fquzs

Transfer 1 tokens
  Sender: J67FecvNHWiPeyuSZT1f9Ub5Cto9NkbZ42ij9utFrww9
  Recipient: ACfHp6yqTJ7Ef5uSnrCF5sdNFY17arBnURvaahbRYeR2
  Recipient associated token account: AkzZehgGSC17CZnZ3zGamZqxvnWmSBYwgAzLiNJUk9BA
  Funding recipient: AkzZehgGSC17CZnZ3zGamZqxvnWmSBYwgAzLiNJUk9BA (0.00203928 SOL)

Signature: pw1X35UASjL1Lt5bXZTBuxaLy2XgymBrbXP6MxPwnepthymVpvHKWCwMCmNhMkZYa4F31Y1FFniuPiPAvs4vZEe

Transfer 1 tokens
  Sender: 3DKLLda5FrFhhBRsAwZ5TepkSU4oYAxRKstyNqMV1eTr
  Recipient: 8MkP7izHAshF2PDzVHJnMiXCAqVxERhSaHMZpfezGFzH
  Recipient associated token account: Nm1TMBn85ACJ4eYBaBmA7vZFfH4mcvVYp8NBbUNwjXo
  Funding recipient: Nm1TMBn85ACJ4eYBaBmA7vZFfH4mcvVYp8NBbUNwjXo (0.00203928 SOL)

Signature: 5dcpRRRQnNaaosQJMonDciXZ5HwUHidisgAsb4eNHeDptGmkAQXQiqRtAUMKB6H3daGEggmun7rJjGMpNbGtsY6q

Transfer 1 tokens
  Sender: 7Fe9gLzSwU56mEmP1dsEKkqRvR57Yk8osWEvnAWbU9Uf
  Recipient: 7RvtX4WGag5Ggy4oMtj2ni3oc9amEPmscdHLGvGQdZsh
  Recipient associated token account: 8iTQczqxYrzuuUSdJFXV75vqb5BdzgFg7fFV1n5RiHbb
  Funding recipient: 8iTQczqxYrzuuUSdJFXV75vqb5BdzgFg7fFV1n5RiHbb (0.00203928 SOL)

Signature: 5Bf9iRaHmQbdMVz2ThbaGvHFjBRw7Rb77iDeNLd5yBpcoZx5pN6Z5YB75yswA8BVyvnRXxkhwowbXTe2CaKbbZEm

Transfer 1 tokens
  Sender: GsgfYv7epAKLhZjsYFj6kMk7jfFhf8zEm254ezM7E372
  Recipient: 4SZV5kT7rp2XUGhUMNaK53bKV6PpADaBrpmYLoBwy6r5
  Recipient associated token account: 2kDZQFegMkNwwGrnNbHFHF9nsFohyHYLPdGu84epBbgP
  Funding recipient: 2kDZQFegMkNwwGrnNbHFHF9nsFohyHYLPdGu84epBbgP (0.00203928 SOL)

Signature: 36uQCPGxhKpgsK5o4hcy5YfF2YKyir1uLuj3gV4VGeTsVtLtTapTJUF2C8XHmXSep1EW6y2W9zokUT74LzVFV3rf

Transfer 1 tokens
  Sender: EaaLhauPKNgTjXea1FrSeYkTHwXUknfAXsMNResktkVz
  Recipient: CGA6H2M3FEjemWohUyYwh5VdvSteMTFxxjZJ1oAgAh6k
  Recipient associated token account: 4GZpgabrXip3roEgmwvpxGcFL6pL24tqpRu3dfJZ3Jsc
  Funding recipient: 4GZpgabrXip3roEgmwvpxGcFL6pL24tqpRu3dfJZ3Jsc (0.00203928 SOL)

Signature: 672o2fXxuCK4Fe7ooBvCRdcH9mj3bmoWdUopjaa8onrNvL1h4ZBW9Joj891onXWDnCWp32sGFRv46rDUWQzGct84

Transfer 1 tokens
  Sender: EMaPtjChyuDE1A77y57g3S9d5Es9xsh6yaoaHR4VTAvY
  Recipient: EwwjLURAfEyY89BaEf5CCAp2FnGvmnRrnAmAuoicvT2Y
  Recipient associated token account: 74YMBj9s6KYQXnr7h1epYszjx5fjmU4PkhZXSvgYi7v2
  Funding recipient: 74YMBj9s6KYQXnr7h1epYszjx5fjmU4PkhZXSvgYi7v2 (0.00203928 SOL)

Signature: 5NTdSi6b8VBGFLtRH1xKSdzB9ksRZgtUa62UZ65r6LiAPM1Uhmy3gQDPPVoz2sLErpnnVHBoGWwn1tyE8rd68vg

Transfer 1 tokens
  Sender: 8xqGc3sHrkV9smVZShDx3Vqdi7s3hJ2Be63mkZBHzx3P
  Recipient: GZ7dL3aqcVwynsidEqLTUnsHf3iK5wvNFsCEJZvoVXFe
  Recipient associated token account: 51x1B6A5FWiaC3qBzoBZEV62ax7iZ9JULA9GSU3saRvS
  Funding recipient: 51x1B6A5FWiaC3qBzoBZEV62ax7iZ9JULA9GSU3saRvS (0.00203928 SOL)

Signature: 2GU1dzYDswSn8P7GyBQngUj5EQ2jvuvjg9wKqtyqXiURsf54UyocvXbkyHZTLE9vK7HsJ11eT3bxt8qu7RAdy1VE

Transfer 1 tokens
  Sender: DtsiqsZDa4xfdFSJ5VgtG3JCHNJzeGzoof9XneD11HHv
  Recipient: 3rWzXRLg5VYwWNtHpnUid6aTNXcRodN73u8JFRByL5PA
  Recipient associated token account: 6NYiyY2MVmaNKHmC6K9QdqmCfj1KFLehNhu9gtpirdty
  Funding recipient: 6NYiyY2MVmaNKHmC6K9QdqmCfj1KFLehNhu9gtpirdty (0.00203928 SOL)

Signature: 53wEH9mEq3Yt9daye1VbYYfM5nMWKhfuntbRBtWBDRhnxZuGEVSCvFSE3q4wTVsyS17DtUQ5gYjKozEeEtmxu4iA

Transfer 1 tokens
  Sender: 6onn6VXqTudKedx9J2msBTaAUJiYAmZ9933J7oSAfham
  Recipient: 51oET2dy4vCmZ1JMGYR9hbsvsLng1vcLD6z2AZp1uq1j
  Recipient associated token account: 6e4QwY5MWFqFuUy1YTWxqtqjEY2hKiVQhvX7seXv8CHv
  Funding recipient: 6e4QwY5MWFqFuUy1YTWxqtqjEY2hKiVQhvX7seXv8CHv (0.00203928 SOL)

Signature: 2MQz7AUeSHWAD9Ac8WEtjkY9RipZ4bz4Wdei19gyeeVSvjDgMHFadTEvv8CC5Gu6Nz6czE3WkkGrXDr6NwRyPVmq

Transfer 1 tokens
  Sender: DiykwCQTN9s8wJ7oX7eLaLPv2FNYvScvcuD329oEnNKa
  Recipient: FSVxZGe2J6Kr92xdQYpP74dxd4uT5Yhbq6s7SPxJF31d
  Recipient associated token account: FPXC1N9PZmyD3GADS1z4sog8cpRn7Kym28Rsp9xrMsti
  Funding recipient: FPXC1N9PZmyD3GADS1z4sog8cpRn7Kym28Rsp9xrMsti (0.00203928 SOL)

Signature: 5mUQdreCgUBxi6ut3GGJ4BgjUcasBaHvGndEzNEVjyZrsAM2Yx1bXYmxjgPfx7qr7csYC11asgy66ra4m7KNTf3b

Transfer 1 tokens
  Sender: 51czqMmVCSJbQ18FVr26cLQo2wcSP3yN9KGnsHxPxPZT
  Recipient: GsmrTBoALiurqDsxcMurQK9EN7pDbi2JewoDhJYH6Wxh
  Recipient associated token account: 6RingjiJNfzHiSBMxwWN5aCsMyog8Hxc2d8jBMpRYU4n
  Funding recipient: 6RingjiJNfzHiSBMxwWN5aCsMyog8Hxc2d8jBMpRYU4n (0.00203928 SOL)

Signature: 3bABQGKjEWAWe3tQdPTgTfGTpX3x6u41PmX7aZgVsDpAuaut72UHVYnqSixsuaEeZrbPo8oWAMZjGqFkzwY1zxP9

Transfer 1 tokens
  Sender: 7BF4CLmbjdok3Le6mTk8hepWrAtrwRfQykzGNY58o15
  Recipient: 2SvVrukVtQdzU34MHTXtboWoFGafSMW7Pyho88R1vYcw
  Recipient associated token account: DZzR5atRNhBnCgeafvh1afzDLRZMKmEovYiNiPsyAaQN
  Funding recipient: DZzR5atRNhBnCgeafvh1afzDLRZMKmEovYiNiPsyAaQN (0.00203928 SOL)

Signature: 2tEbh2NVRU3EXMx3Hn4hrBh998WecnioBg3CcWGkLveK5aFAzzihXCvm52hTpDFHizgPHj3Ugr68JbMsga4WURXu

Transfer 1 tokens
  Sender: BvAtz4jZBN6FixQQZKDCWYbV918NmrTUsaFm97nvdwTa
  Recipient: DWaAVXvNg9NcNUPLCwRbAhc8NVmFzSLPQCFuwkxgp9Tk
  Recipient associated token account: EZuocF6FQnj3Asm879XTi7GWywR3FhogwGq4x8UrxPig
  Funding recipient: EZuocF6FQnj3Asm879XTi7GWywR3FhogwGq4x8UrxPig (0.00203928 SOL)

Signature: 2VsLDXb8a5RTPihsvwHiDnyG3Nqod4ucyVMYo45rgLJ6mBen5fUL8uist753Y7K6kyxcaa73waaugeko9GHDcZeq

Transfer 1 tokens
  Sender: 2bzVsbQZJGWPayniDoLJFN1AJ8VYxanfAWp7nCQhjaMS
  Recipient: o2Aug6JB1RDFk7yYsf8QCjpWo2WzgwFkM115gtSJU8r
  Recipient associated token account: 9KcHH9cjbyQJdzLS8z6khNmJ8mkH3iRaB5WfGki1CLrY
  Funding recipient: 9KcHH9cjbyQJdzLS8z6khNmJ8mkH3iRaB5WfGki1CLrY (0.00203928 SOL)

Signature: nUB1LM4Vo7sFq7fbPqaS4QL1zNsRp9XVxTeoTBJaPvVkWuWnuqkQGg72vMm6xkShjqc1zeuU5JFUFMyZM7xd8rg

Transfer 1 tokens
  Sender: 3fG6P5fxGZATRAhDzrh6tsxEnLj9dCD2ajSY58RnZNE5
  Recipient: FDE5mgtoDZLAxbaZbDwvkrt9QKNRCt17pzscLdKAPCvR
  Recipient associated token account: yZkGi9QVhSVkeerTJ2Y5VcqrTVKJEm9dgj4uKVBQA1c
  Funding recipient: yZkGi9QVhSVkeerTJ2Y5VcqrTVKJEm9dgj4uKVBQA1c (0.00203928 SOL)

Signature: 4831F1UZFCr34bKvJwgTJDgGpd41Tg1JwP8DXW3EriV1xCvicreq1GchzGS9WNgg1Uap9EbSnMEoCz27AM1aydCn

Transfer 1 tokens
  Sender: 3xh48mCVnMvFCqMvAVU5JHbckUGBaGDugpSDRVyD9S6f
  Recipient: 9MSygCP2RKyYEK4xdCtASEGgnfuJYgcg48khe7oQuxfW
  Recipient associated token account: 6XgCjmY3ZGMN6ZtFmwiW95qYuAcwnnpev7xfA9MVnkzQ
  Funding recipient: 6XgCjmY3ZGMN6ZtFmwiW95qYuAcwnnpev7xfA9MVnkzQ (0.00203928 SOL)

Signature: 3mTg3qf6TiWTyohJ89XE7C3g7jJazeeqVADNsye5SyusaaksgWg7dcG7Lkf476DtmvKgimkt5tBHQFHKpv2ipSYv

Transfer 1 tokens
  Sender: GmhXqpaAa2BLLxFx5qkJtR7an6W7pXi4kwZhrDe2yQfc
  Recipient: FgGQYiDHFGvt3HoQjfXhXBtE5SrtVLQCsTqUQnCufeRk
  Recipient associated token account: 6dNzXhgLSvuHEMu7upBDzkTRMqNhHZga7KpCURAr6Fkg
  Funding recipient: 6dNzXhgLSvuHEMu7upBDzkTRMqNhHZga7KpCURAr6Fkg (0.00203928 SOL)

Signature: 5HsovQ3UAUBS4BKGU46w1ZFtPHp3xmBgE8bWVm8mr2ckyJLGiCbEX1du9kt6u6EYocopTf3gvfzhuxV2ZwnMR12s

Transfer 1 tokens
  Sender: BmKCXJyRRxjBpQPoA5Xjzjr6ipnCP4bg6Cy1RCDnRcdp
  Recipient: CWadVUgoMJKB1RGXK1aF4JrePrjp5veBm4VQLvArW8UL
  Recipient associated token account: Evx6QuJjcuunsx7jJCnTjH4neGdUgzxg9iUUhdHBrxo4
  Funding recipient: Evx6QuJjcuunsx7jJCnTjH4neGdUgzxg9iUUhdHBrxo4 (0.00203928 SOL)

Signature: 3DBfSwks9VKLnANsbCqapxyzXeFaPonQoM8Ft3vwRwPNy2fhEgUU8nCWEW5NcohsYBTDR8DVZbS1VEtLTBDi8okb

Transfer 1 tokens
  Sender: y6AyrSUvRZP1M1abvUeTHQ7wjh3egTxxZajs3mhHxwk
  Recipient: 8csRVd4c6KK144uQy67EkM88meN3ArBsC8mJzyAEQeYD
  Recipient associated token account: htpxX7jCDUAKXw637m735npjBuQpBiAuRiRQtMPZajx
  Funding recipient: htpxX7jCDUAKXw637m735npjBuQpBiAuRiRQtMPZajx (0.00203928 SOL)

Signature: TZvRQdM9TY6qrmkk23TDqTzZtdnuYH4DxyiUrmkCSm2R5tw3HRuKY3mnWS89jFV9x8WANWF9GqSWwfaN1THwu3L

Transfer 1 tokens
  Sender: 44yDy9fMbL752rH4qaBoAsgi616poHJEqqV8HLTPgKgv
  Recipient: 5tgZmrCGPTFsQcsb8zswLfrGuYiLp1LTuNPBvfrQb2Yy
  Recipient associated token account: AR6Hjbr8gyvV1SJ9hsDquCFoCEgWoWvFQcxpgn2kStBz
  Funding recipient: AR6Hjbr8gyvV1SJ9hsDquCFoCEgWoWvFQcxpgn2kStBz (0.00203928 SOL)

Signature: 4KuWFeXq4UyU111DRFGtmxLfYKyJ536DwsN5iCeoGyjcmsjKgCKcdVf5L4Q7bjYnPg42EUq6CZ9g7HJ5UYeZqbsA

Transfer 1 tokens
  Sender: DuB1Qqpuz7gFqMP7f2SJUVCFbeLRNX2tsGhn4b9f3hCg
  Recipient: 4oDdKa3Y3HzXLiZyJAb4rymeqCCkNaPwbUj9Rg49eQnQ
  Recipient associated token account: 5WVFBxYLKcFpu5rUDUkhWLZMLFmRxQ3SNbwZaNrPxTVr
  Funding recipient: 5WVFBxYLKcFpu5rUDUkhWLZMLFmRxQ3SNbwZaNrPxTVr (0.00203928 SOL)

Signature: 24TLSCGAzSXvkffRUQoLudsVUkh9KGo7dmt7P4JYHMypkKGNqANhR6jeAQ7w9YHUe5qWJ6BT8oieQFmfnZaW8TQi

Transfer 1 tokens
  Sender: 2L3WRizaa3ra6cfQSGJ1uizDv2Poq89FwijEHfWEpsmV
  Recipient: JA8yXQ5ZuRfATTrCatJoehaMZjR6f6QnPgtY415Vs2vt
  Recipient associated token account: CQctzbuatNAxRkHKxo4xdif4rwgyf4mFdsC9uSGCidR3
  Funding recipient: CQctzbuatNAxRkHKxo4xdif4rwgyf4mFdsC9uSGCidR3 (0.00203928 SOL)

Signature: 5J34XDkhQmnTn9DvNT8z129rASBmv2nNnGeW3nxjb1d1WmWScUpazbjVkMHnigF9K1271Kr8jvAGZaz8rCT3SbHT

Transfer 1 tokens
  Sender: 4aQFaDdJXVXXuPCRd7Xp7g6wBomqhZk1UPZDeancGUg8
  Recipient: EX3AUEpMNtRg4SCzYisNSjSsxTaugHA1dGAXcCd7ywHt
  Recipient associated token account: GvMoejXmkZNxsz33rVEtHnYeUaHavTv5TfNsNzmpNgrd
  Funding recipient: GvMoejXmkZNxsz33rVEtHnYeUaHavTv5TfNsNzmpNgrd (0.00203928 SOL)

Signature: 4QUKRhdfQRrvQ9YS9cWeeDRqj5wsQvmHwHpZyRUXXtXCasUa5Rk1pVcqGYHJBV66UBCzfKmYWjeAwvStaDcj2JVi

Transfer 1 tokens
  Sender: 7LJefuSmg8Pfze71rU35gFM7LJpZ9QZpWtU3J2H541eu
  Recipient: 4LuHo4iuzLwSPMBhAjvWUdmDwg7tz5Ghcm6GRCBrukBh
  Recipient associated token account: 3vg7SwFy6LoPZc83dxbNcqpdbwba1t18irZSuwc2hjng
  Funding recipient: 3vg7SwFy6LoPZc83dxbNcqpdbwba1t18irZSuwc2hjng (0.00203928 SOL)

Signature: 2RdWeKhR4nQHUdQXpXfHzMHEPUaQWt5bt8u54Q6SHW5yWHawBNQi87WCNBEBtemNcwns1zYuEXH1d22Ptskfz8uN

Transfer 1 tokens
  Sender: 2GdeWvtjHjptLSXYZEMbdTixK4PuPcBy9Vxfi75UbuBJ
  Recipient: AEqngpdTaH3T78AnTh25McWeoXXnQ2Fbfvi5aL5MBFPx
  Recipient associated token account: BUHTnQiN9n84ZDHKYLDqsqMr452UdGKHRvMWRsVVn6XZ
  Funding recipient: BUHTnQiN9n84ZDHKYLDqsqMr452UdGKHRvMWRsVVn6XZ (0.00203928 SOL)

Signature: 63urieDibXo77LLoJC54N1q4sxQdHwABHcNXmbu94m9jHeGET3q3FPCfx8UozmXRhoGS4YkPc5nDi3bzZKx5wXw7

Transfer 1 tokens
  Sender: 65vG1Kb9r9PNTAVANLdCwzAJzsq8wVzA2rmcYhR9KZrG
  Recipient: BzHu964qt7p6KW5Fx93E4VR2xYuTit3NMxAncrLc7gj4
  Recipient associated token account: GqXx754Sj96ZWe9X1vmRm3Md7DjDRqTQTahhavLNi9fw
  Funding recipient: GqXx754Sj96ZWe9X1vmRm3Md7DjDRqTQTahhavLNi9fw (0.00203928 SOL)

Signature: 4ZbHPDLHPtEy8gYJZfXJEtUAgzAs59x2vTN7FsebYPdpzWiU866q1gMdfyvKeuDKeQuxgAVntfgypr46LPLW6SzU

Transfer 1 tokens
  Sender: GWy8riuf6Atb4oTiYYgysPU88j5T98inxFsbxLzpBATF
  Recipient: 7s9uXAyZ8cmpnc4ukL1WEz6DFEnGy3vdiHzFtcxeXhb5
  Recipient associated token account: 9RTzu4becxUEGn7G2cbQh3DZRRLxHquk4cXJaJAWRVCh
  Funding recipient: 9RTzu4becxUEGn7G2cbQh3DZRRLxHquk4cXJaJAWRVCh (0.00203928 SOL)

Signature: 5iiChyjnP9ZLpjuvAd6vW78WPUFtRnTBQxwpzBTMpjRvx9MQHXovnLPK8NhMZ6Agtz4PLkaVhZ7WwgDRkacMnqBa

Transfer 1 tokens
  Sender: 4hPGbhJTS1wkDpsNL7LqYfbErA8ZKz8Xj3jRBCr43s17
  Recipient: L7vksHGNsmuNi2yuAz6MVyczJhDBLX1VhmGcZ4EQtiP
  Recipient associated token account: 6W8HV9fdpYZRxUue5CnyRuyfvxViMm2t4LhZJCvNxZ42
  Funding recipient: 6W8HV9fdpYZRxUue5CnyRuyfvxViMm2t4LhZJCvNxZ42 (0.00203928 SOL)

Signature: xdwegewgiZhyRRNvRQ9QyHehya9HHj2KMpN4K3siBGeUxHSqy4gYwFhH4dT9kdefmcXhh6gAB3YaeCubH1Xawwg

Transfer 1 tokens
  Sender: 2NwdKex8AQebUrwtY4mTgHVN7HrL8k9bEimDo3Sy2c48
  Recipient: AAeJJKJM68QBybzppV3nVdNrR4B8H8Vrfah5uZTs6HGM
  Recipient associated token account: 5S5ef5nmovtCLfjDeUEYVvdCoZuiVT67eEWX34chAME5
  Funding recipient: 5S5ef5nmovtCLfjDeUEYVvdCoZuiVT67eEWX34chAME5 (0.00203928 SOL)

Signature: UtxFFfnZC18wL95vET7kYKjJFJVNZ6TbvfM8JWtXobbHLj3QACzesf4scBPUoDzd49ttGQdribkshfiLhwaoWws

Transfer 1 tokens
  Sender: FLZKB34UMc6vNMox2rLRJefYEsBBBeDNAf28HFC1vyU2
  Recipient: 5vEyraHzZCP5yM5SMv4r1n8MGsSQeP5Mh1o6TXoWAvfk
  Recipient associated token account: AvrpPK2J1pG2roE8UybbGZqm7q2CMNf4NcnrR9Usrb9b
  Funding recipient: AvrpPK2J1pG2roE8UybbGZqm7q2CMNf4NcnrR9Usrb9b (0.00203928 SOL)

Signature: 5rnDerR6C6xjuKWpNKLdNnbktBXUQFhYxeKUDWt8GvBFyFKzCPJzSsg2pHD2U1JjDfyQvyXSh399esdUSX5RyLxf

Transfer 1 tokens
  Sender: 84zmy3BLZMd91dAGU4f6bB1opfRjhYvY5TxtqTaKeC59
  Recipient: 7zcXm2yzcM198iPPGjk5xGBjG1dhxvwScHpbDskhZixB
  Recipient associated token account: 9iHFyNciwKkPoRCojd9qYzxh8MNXQUPKLotoLGVUS4QL
  Funding recipient: 9iHFyNciwKkPoRCojd9qYzxh8MNXQUPKLotoLGVUS4QL (0.00203928 SOL)

Signature: 3EyWvmPyCcZNhpSes6QonXMzL93D9JPZfAJAFPvn3QkezitKBgvqKagmVAgdFZ3rUmwf5P5Va44UYrELkgjLz9ZN

Transfer 1 tokens
  Sender: 7FQXnr3Rwh7Jj8tibePYEVeurB4uFngfno3YMLdeDUmj
  Recipient: 7P4Bb1pCMuYNveYhg2j445cmTRCEGp2eAAtBQUv7Jz89
  Recipient associated token account: FMBD6WLvW6vewtdGdqhCXKGJ9v5cE5fU5eYPyk4JHh6A
  Funding recipient: FMBD6WLvW6vewtdGdqhCXKGJ9v5cE5fU5eYPyk4JHh6A (0.00203928 SOL)

Signature: 5vX8GDNQNTsJctC3r8ZpZqWygWGWTorhnt5yhUwoMf6YxdqgNHWGYjjNQ9ggXF56g8AaHNaZqK9HWvYSgUV3Dxoe

Transfer 1 tokens
  Sender: 23rTcsyjkDUqL4BPbZCwLzd83oTEN61eToPuqMPEZ3HZ
  Recipient: EWC6ESChdBqExhp96XPMLXR65pXP6Ftuh1pPAVws4pmk
  Recipient associated token account: Fageg2uGNNn2aNYjJsQ7WExzo57gfE1RTSqWNDvffHfc
  Funding recipient: Fageg2uGNNn2aNYjJsQ7WExzo57gfE1RTSqWNDvffHfc (0.00203928 SOL)

Signature: 2o8gbWUE6opy2namYYZVpWMhoPsAzo82yqhpQ4h5j8wZEd1KqeBmhC4R2iCfk7ZSt6HMVtCsYzP3CjK1xd85WcLk

Transfer 1 tokens
  Sender: 9vmik7V9hGess7L2SM9Mk9BDZE6jpWA8rf4iAgbWSrrM
  Recipient: 39YD5rZrsz8mSdtyVCfwaG2cAh5Amq4wDAgqZEtgXLRj
  Recipient associated token account: 4hhLvzUbHE7iXFXqh47tS5t6FNEjamWd84Gzeqm3mY3J
  Funding recipient: 4hhLvzUbHE7iXFXqh47tS5t6FNEjamWd84Gzeqm3mY3J (0.00203928 SOL)

Signature: 2qEPLzKnXLmLWMEDENvPUGcyg8uYyAyXbGXUmbEcoXwqgMoU3We2UDR4s9P5gWE1dpVfR2ZWZf5XjpLPLS5Ktnnn

Transfer 1 tokens
  Sender: EZAnQeM3NHeJkAjmdnAehTfjGuB6inj9AoadCbYwL16S
  Recipient: F1ecxeNmDsfELzN8hPB4aBAyS84gHrMAR1fgrm3YTFHQ
  Recipient associated token account: HeXC8PkyooxZWsYTigLj8EZeUow1FGAPNHJqGvbHfxfT
  Funding recipient: HeXC8PkyooxZWsYTigLj8EZeUow1FGAPNHJqGvbHfxfT (0.00203928 SOL)

Signature: 3nTKKKBQB2quWT17nSEYQ69QFTd7HsxmSWSAqxW93ub1JRF6urKwpcEHi8nyvAyA6zRVbE94wXr2P3R2KTtAJbMR

Transfer 1 tokens
  Sender: HFid5rQQb3b3oEnmRMQeBZ6SrXcefkJEDAG5ZbZZka7e
  Recipient: BQtfvSMYQ5gCGgGGNeh5d7AMQFELeVQpcFjGTMWESo7p
  Recipient associated token account: FGVCbFSoGh3bCbHNnetgjLrGNBUPXoVqKobLXZf9xSd4
  Funding recipient: FGVCbFSoGh3bCbHNnetgjLrGNBUPXoVqKobLXZf9xSd4 (0.00203928 SOL)

Signature: 643hVczi3gTvX1ee1L8AN79CjTR3SdX7P77Ta39uLX8BisgcbwmHo5zMChdSd3Qy97277tzaZNksnfMHKHd2J3st

Transfer 1 tokens
  Sender: BFzLBPdrUD27LDsGtdqv78vuiuLizuA4PfVXw7NiYFd6
  Recipient: GwAn7deEKHk7KoMjDB8EYARt4Q7T94cEehFVeUMXFG5A
  Recipient associated token account: DWPCj47J573GwVo62BKY2HDyv1X1jmudLSmKvLbHBPYR
  Funding recipient: DWPCj47J573GwVo62BKY2HDyv1X1jmudLSmKvLbHBPYR (0.00203928 SOL)

Signature: 255ZEN6tB6JD34PgZA1BwykHAastpHJYzUYZuK6ABSLRaM4kBV8speZZWEvst58EYP1HkM9SkMqoRvReHNdHXdLs

Transfer 1 tokens
  Sender: 5jBcvaJzfxx6rTP8UjdNMD4Y4AatnBBz9fsKGDVMcadG
  Recipient: 6vGvGQDXPjfVExLZa8g9xfxJgFhMZtjkJ9nKrTLTrwBx
  Recipient associated token account: ViGk9haug1p4w39j778XjfAf6qmeMQQmfB3ZKq4itNP
  Funding recipient: ViGk9haug1p4w39j778XjfAf6qmeMQQmfB3ZKq4itNP (0.00203928 SOL)

Signature: 5xKXf8cdLH1uG3wnzSKzmfthXRPrym6QPodxgbcV4g8eabuj7S7W3pi3xXHEYnCnsRbNRPZWdCEafFzGUeatwGTA

Transfer 1 tokens
  Sender: FNgrHEyAkN1N8mVRJjLiitQe3W9cGwcZCwtEJabEjexD
  Recipient: 7kGDPeSAQdpoUq1gDEVdxjZjUACRVNEu3eqpFXDekpq3
  Recipient associated token account: 7a3uYHNZ79nmDUCYeyDmJLEXwm6RXN31U3NTA52WZNZC
  Funding recipient: 7a3uYHNZ79nmDUCYeyDmJLEXwm6RXN31U3NTA52WZNZC (0.00203928 SOL)

Signature: 2vsCgU6ZRgRtbii2K5LssYhay7PEPoMjf9twAibXsVjj3ZDMLmJJHrGkWTdQ9HBUHHrrAY1nBnAobnKtuB5hV1d1

Transfer 1 tokens
  Sender: GcPjRdSV4TZmTPqaPQMpy3RhMNo2r2JBQ1xxLBpSmet2
  Recipient: 2RZhRL2reYeDdPs7JDBaJdeQ7EyMtrXvrNhio9icEpQv
  Recipient associated token account: FfSmm16QDDAgucAnXKvRmuxYu9UJnT1BsZfsxSJYZVg6
  Funding recipient: FfSmm16QDDAgucAnXKvRmuxYu9UJnT1BsZfsxSJYZVg6 (0.00203928 SOL)

Signature: 2vP2CgH8VBzEwREoNiKRfmTHbVQtaCeFR4UQLJJyU3eUn9mNe9E9ELNd7hpFFgnuZvCazgi4zZ3gNBjr8pTVF6JD

Transfer 1 tokens
  Sender: FGJ3V58mFaxCaf8ftbiDhpTSEjMix3dMQUonJvGBqQNB
  Recipient: 3Zwm21VB7SYtYmVn2PnVj8qzzXzfAeoAifSoWNL7XZor
  Recipient associated token account: 9qLrEgqh41oo7pYqkX87YqDSWkGT5aY8h3PVQ3VoYGAg
  Funding recipient: 9qLrEgqh41oo7pYqkX87YqDSWkGT5aY8h3PVQ3VoYGAg (0.00203928 SOL)

Signature: 2JqMaoG9CW4nJUbij9f1CZCpGnPTaxRXKso1QKnvxZCk8LmhYxhyFJQ6ZJw3zGEF8ztk5rq984LsLvZHh9Z9uhu7

Transfer 1 tokens
  Sender: HbWQHYSaNWfvs5CSaor7YX5abGmdTeqxiaXApVUL55TQ
  Recipient: H6pPKHK9dNkvhofYHVa4QJxxcus625SpkzQuxLuDmgwM
  Recipient associated token account: 6BSePQ2KM8ryLwraW3p3te6mdcsPhkqnGH4Uebsymqdh
  Funding recipient: 6BSePQ2KM8ryLwraW3p3te6mdcsPhkqnGH4Uebsymqdh (0.00203928 SOL)

Signature: 2DpNdCyfeiveS21amCum2VpV4GjSQszQyoKwU55PPx3y6icCSHT4s68tGrsvt5bHhQN4kDtYmXDMCCMTFTmcxWhQ

Transfer 1 tokens
  Sender: DmsGyJHXvbdpadXvfZbQUikNTT9Tt4Y2EjzL86w8qua4
  Recipient: 4cKqqwoADnQVUAapaq1CrCwpBwbvCSohZPzB8aHooJjk
  Recipient associated token account: 5At39sFpZNAZWDWBYFK9yTJrghm9Ez8bauHzBNa7n3NW
  Funding recipient: 5At39sFpZNAZWDWBYFK9yTJrghm9Ez8bauHzBNa7n3NW (0.00203928 SOL)

Signature: 2xB6RuY9ENkSXXcNw9GhaTrjLFqgssZUMakKH5QRGeiQU6sNnERNGSaSHuQ1eQJMg6DiScqrbqNsPq1GGKoKymYs

Transfer 1 tokens
  Sender: DyRKom4JLtmHnagSE7zhaameJfxVb31Vhkk5CchbtzhS
  Recipient: FgitU8ifEGWMo9xuerEpaFNAA2TfcKyTnoS4C4Y3ePsa
  Recipient associated token account: 9XCFQEPRyJAvVJ6dg8qwieCKmXGLXukt6ABjHaiFDW8U
  Funding recipient: 9XCFQEPRyJAvVJ6dg8qwieCKmXGLXukt6ABjHaiFDW8U (0.00203928 SOL)

Signature: 5shZmGhqPTA9sYQVnLSj9bWq6mw5bHs6GHhdB7GrLEnZ2r3MMFAtXde46qMV2VuTir6kMuvzhDVSyDSgEaDSxam6

Transfer 1 tokens
  Sender: GFahYJ8ubMyXgqq7peS9qLNdKPJRx1jCnAMLDWUF2JDY
  Recipient: FpSrQMhnYa8YRnEQqKstyi8DYsMvET71CPfnmJkBSSP5
  Recipient associated token account: 2xcKchvD6XaC5ksfCo4mNgRxBKACxjREWWxDqhRQRR1J
  Funding recipient: 2xcKchvD6XaC5ksfCo4mNgRxBKACxjREWWxDqhRQRR1J (0.00203928 SOL)

Signature: 4dYZ6mRBJUB6mhQica7iwYnYSzxXG45L5UhaMXUGtZ36jY7ktL29bvp9paW8MGV7Kfwdq2sSjPkRLeJshRVuc9S7

Transfer 1 tokens
  Sender: CL9hnmoueDLdnBZKYT1qmpkaEmQybMW1hRfZhS9Fe4Zu
  Recipient: HXwpfdqNYevtCBkugYUpkMCD23z8Jd3A5oEknGpMHV5z
  Recipient associated token account: 9NXvjqAuXixxh3XJsk4hG8daKGUyb6LDe1tBtvka9WK2
  Funding recipient: 9NXvjqAuXixxh3XJsk4hG8daKGUyb6LDe1tBtvka9WK2 (0.00203928 SOL)

Signature: 2MHkBYSW2WUDFwytQi1WqPPQYyoZkM8CNfj47mqQXPHdr8uMyb6Egq76gYwJ39zhg6h6ha1sm3WmQRWQUQLr7BeU

Transfer 1 tokens
  Sender: bzt2s9XC6LbnPGgmZMRhNLHoABUMGzqT6cP4kZFMerT
  Recipient: AdFtVFGzJ6nc8FyUhP33o3BrMcyYJEPVMjx2TYQdAM5B
  Recipient associated token account: CSRgQZQvFePZSc18Y5RsopHqn55Rzt29NwVem5rLmavW
  Funding recipient: CSRgQZQvFePZSc18Y5RsopHqn55Rzt29NwVem5rLmavW (0.00203928 SOL)

Signature: 63rpvyehpBuQrJ8q55AJZGXwE2XmZ8vEvLJNZVNW32LyUC2RDFqmiuKyr5JfbeqkQU8qXfN3Pr8xPftfei9xyhVU

Transfer 1 tokens
  Sender: H8QTFVr4tcrZUiR1q6c95DL1vKPpFQs4LwDQmR9TEQqX
  Recipient: 34UpwY8hyNZQ5N8tiC3AYwNK9nhsf6PLRncUFoUqQHRP
  Recipient associated token account: EnVnL5QW48o84R8dwjzXfutUGpqUAbUzaDSDRUrUvqF4
  Funding recipient: EnVnL5QW48o84R8dwjzXfutUGpqUAbUzaDSDRUrUvqF4 (0.00203928 SOL)

Signature: 3GgoJYqQsorj3rtHCYcMLeJGqrKN7QTmgvS63ReiM6atVYWJxvD1LsLba2QFUsnKbi8xuuXQg5titGPhPeChXdxw

Transfer 1 tokens
  Sender: B77x1BXrH2oEqF3MZu4qKKxPpYMXkezAE8ksgFftVxcK
  Recipient: CZbmLXFpJGzNabQQdsHQ3KWMkA44BFGrdVvvSxWA5RwQ
  Recipient associated token account: NJ9jvDo3CQXL1gRqKoAWnXS9gp5ne1woajKjY7xyWhF
  Funding recipient: NJ9jvDo3CQXL1gRqKoAWnXS9gp5ne1woajKjY7xyWhF (0.00203928 SOL)

Signature: CrQHUcLwYeA8XXweM1QKhk7WsLb1dNCUASyESDhaig3AcQ6EkbouxJRJPScnvpw41pduKq7K2bL6puKcG43GxWb

Transfer 1 tokens
  Sender: Ci7q2ye6JBqTgX3obUZaDSjcokWbLki1HKTjfbDVEsNw
  Recipient: BgzrMG1JjLGKH6aVgjqeK9myAEjDstMEPBE6MKHoy5hA
  Recipient associated token account: 3mUa1d3vpB2r5XzUQpFchayRLYyFPAZRU2ZwrJsKZfdi
  Funding recipient: 3mUa1d3vpB2r5XzUQpFchayRLYyFPAZRU2ZwrJsKZfdi (0.00203928 SOL)

Signature: 3BCUh9iySVX43YtUUquSRuBKVFvHGw35YYW7Rbmj7Ckc4JAkrxXbdiqHe5mWqzGxG4fkKj5RT45nxGdBpF1uaVxs

Transfer 1 tokens
  Sender: Gq5i3VqeEuSRJz97KctkfbtbUG3TRw1Xdq2d4Lcnhd8m
  Recipient: FMpyNybU9kdX17qsiprVSDJYPM4XmZMgVDx5dhhJeMio
  Recipient associated token account: DcrpGgxSLUArwNYeRg5UTVh1PS84Zigf9jmMxfQYvBSt
  Funding recipient: DcrpGgxSLUArwNYeRg5UTVh1PS84Zigf9jmMxfQYvBSt (0.00203928 SOL)

Signature: 5hnYAR3ptUAeWE4PBhUuB6VnYqGkGU8AqY56xGZqkTydz297DXmbN4BA8zDx7iGbnGUmgeRGFgr7XmTPCNnfqELX

Transfer 1 tokens
  Sender: 3gnF2k7tTEuyztKc5JbJ5prAs6b7f23ZSiBnRkcFy6eX
  Recipient: 97xAKp8FjyXkiYqTtYWN9ArD7KxTevzaCAo7VCcwLAsK
  Recipient associated token account: GtGjdm6EcRjfswGFCqnsqm1cGsMmqPJeVSTEAU64THZS
  Funding recipient: GtGjdm6EcRjfswGFCqnsqm1cGsMmqPJeVSTEAU64THZS (0.00203928 SOL)

Signature: 5bRvVdddy3TsnK9KbC21TmXgfUT3E5AVidgMRRWDPrWb3CSJ5sB45tdpShDdKFbsPstXFa9jBMRXiv493UuTPDqo

Transfer 1 tokens
  Sender: 6aVT97eVAbWHZFjGhU9AfHTJcavGKpEmWUCbbGvvrAVA
  Recipient: F1uo5tS4JzGLKDQBhz1DdoyQf4oRjYcynHiCa31dRCrD
  Recipient associated token account: 6zCYgLeWETo3B3FDYa1wqcMK8rDD2D9SyxFUenpxsN5h
  Funding recipient: 6zCYgLeWETo3B3FDYa1wqcMK8rDD2D9SyxFUenpxsN5h (0.00203928 SOL)

Signature: 4yKp1mbhAsymt6n7pT2dcG6nhSkm5tFA3Wombp8L9NWzteChrWjUxkur65qQRRQqMc5LLSnurZgTnardGcmTtuV8

Transfer 1 tokens
  Sender: TqSrgJdp73c24YLaigQqYHKyghxMhthqGWXxmwZqrLA
  Recipient: FujNCr5NkCmFmZ6yLSgTaUM7UsdoqqSqvhN51Ka2MXpF
  Recipient associated token account: 2NoNCHn9pUGPV5ePB2wKUD7x5WJoDC7AauVsEP2Dzh4Q
  Funding recipient: 2NoNCHn9pUGPV5ePB2wKUD7x5WJoDC7AauVsEP2Dzh4Q (0.00203928 SOL)

Signature: 2erXXF7rJDz8KZYF6dngqpZmxkRCQfY37rJf94R9nnNra7f5d7jfjiZFfGCoQHEwP9MucHR6r5sLdQ2dQPa64gmr

Transfer 1 tokens
  Sender: 51bQ9xfjN79SqzhpxeYyop65CxQrTdKJbtY5NKkbeQGP
  Recipient: 4hWSqCADSGsqSwtsrEYJzzVsf8PwW63cEZ9f8BavBLCt
  Recipient associated token account: DouzeRjWxR5ymAWdcn3QRDQMnTdv6aneHfbtRpYmwVKv
  Funding recipient: DouzeRjWxR5ymAWdcn3QRDQMnTdv6aneHfbtRpYmwVKv (0.00203928 SOL)

Signature: 3dzGGQpArgTgfzK8sJPTn4VhiXs42SfmfesoyEryJNFLjPnPBvZYcMVjydFzBBQYzGNy1zAAok6aopD9iinxrS7p

Transfer 1 tokens
  Sender: 8j5K9dTe1xr8m2ZJ4XbjhvncW68C7F6WtM8J67FLQ3eA
  Recipient: 6Wom6PrWDBmqTo6ySRYfjaTptVixTJLwML7sJxAUjcFw
  Recipient associated token account: EfbyaQHtQ7qXrphxGp3AzJ67zGfZn4j4kZELtNLYjuAU
  Funding recipient: EfbyaQHtQ7qXrphxGp3AzJ67zGfZn4j4kZELtNLYjuAU (0.00203928 SOL)

Signature: gnezirXsaxfSTBWacn7dV61xUHfiyMZ5R1X93K8PPwDFjf2uE9UkkyfXcV4RvKEaPh5rR5NV7sPUdVSDimgK7d8

Transfer 1 tokens
  Sender: 9hsX7qysB3w8njaBbHUcDnfJFWhqU7F1e4DM6YfL9w6p
  Recipient: EYJeXjaJUxKt61epyz57UgQJXcrQoPRxsuxL637sDX2o
  Recipient associated token account: 4KX4Pm1WbPDCum1Ba6oqwtV2nhYGaiMVSLHDwtChe56k
  Funding recipient: 4KX4Pm1WbPDCum1Ba6oqwtV2nhYGaiMVSLHDwtChe56k (0.00203928 SOL)

Signature: 4iDCjwV6GCyJkmvn4Up1aMED1nYUA8LqMRzCuku2wNYhZeB88PeEFR1mw2amShysp8mFF3ddYYBACy8qyiUSyBAe

Transfer 1 tokens
  Sender: HSwBMfufkcveZmeYJTxKxNvJJHs1xFTSGwmxmuJNs3fk
  Recipient: 8Z3oSqyKArgUtjj2ZwDNr2sPXrUFBzyNjXW6ymLEsgdp
  Recipient associated token account: HVXCbPjoATyqtJe5vUmSYF3kH7qAqeAkFwXviLqJWPBS
  Funding recipient: HVXCbPjoATyqtJe5vUmSYF3kH7qAqeAkFwXviLqJWPBS (0.00203928 SOL)

Signature: 45ijRo46iUXxW1s5aRGw8MMVi9fXM4PbU4tULsBKjoogT4KsF7PZYeCyLSxofsgiM2Ma2D2F2HVzfNFUenZHmTSJ

Transfer 1 tokens
  Sender: 465bfRCd7UkEmKUqCg6uejkn6MM4EvroHb9SMBoSfw23
  Recipient: 8XzkwRGhiebBx7bwN5aYRwe6TMMDzqYytjYB4DWxdHRW
  Recipient associated token account: 7TVNcTQAat622Y8Ew3Ua8VKkB2W8Ug1U9ea4vttabauz
  Funding recipient: 7TVNcTQAat622Y8Ew3Ua8VKkB2W8Ug1U9ea4vttabauz (0.00203928 SOL)

Signature: 2wweh8sGevDV9tjatRzbxCeAruPUJzEEp1d2UY3RJSh7M4n4BDpfeGUd6TrrmCNqpCd2sqQDbETSVcoYS3j4KprQ

Transfer 1 tokens
  Sender: BJdAauXDDDPxELKoCCNN51ZMjoAzD3LQudMgDqFRzkhD
  Recipient: 2mW3h1pgf9FRyZ24tHjR8xGAa46UCmz9CXg1U4cjFNC1
  Recipient associated token account: GE2VNrFrnauogV3RMiP2N8oFGkGaU4gvW5UVXPYonGUy
  Funding recipient: GE2VNrFrnauogV3RMiP2N8oFGkGaU4gvW5UVXPYonGUy (0.00203928 SOL)

Signature: 4f8sdRE24p8gmxYxqCR2hvum6j6Ec1xrRn46onSRcPRd6UTpPZKQXcEAZCS3zVaw2pSa73dK4hYK9iPaLFe4DEJc

Transfer 1 tokens
  Sender: 14ZxnsQjn1Gdx6PeqSvjXAGoMFDPuKcDi2uiz8hanfB7
  Recipient: 5Zdfv5j66g1v2evmpddoTVvXn7d3zPYcMamMFMXyqS8Y
  Recipient associated token account: APXSB1sBNByABBpYDYVu1JNyq25jdQSEvTM4QiDM4Ga8
  Funding recipient: APXSB1sBNByABBpYDYVu1JNyq25jdQSEvTM4QiDM4Ga8 (0.00203928 SOL)

Signature: 2QKCTfQVpaYuodsMMQ5XYxDwm9er36pDsETFfHQS6xpgckqUXffEnnqECq37eGykSkyadtGcydzo7QNBc81Kb2H

Transfer 1 tokens
  Sender: 3vmKEd6iHqQJYR9dcmy2nvpGMNYnrJT9KL27ekaorSDv
  Recipient: BEtdCa3yus41qyVT9kDh4UfgWo2xtbaxpgYh49s7J5w7
  Recipient associated token account: 9vJ19zcn5FNBADLN4DkiBkqiT7RgpgxLNDDvX7R2M9zv
  Funding recipient: 9vJ19zcn5FNBADLN4DkiBkqiT7RgpgxLNDDvX7R2M9zv (0.00203928 SOL)

Signature: 4eP5QWEN954ZQvmx1FQRoXAdo2d59JYjQHRMEkqrvtPH9JWonTgxhuxM2hSoW78ikMj8rBKWPwkEVGuyBLRZfzBK

Transfer 1 tokens
  Sender: ByuZ7RCbtTiN5dBwsS7Vr7xrtRBUrpgYwLipmi4EYewH
  Recipient: FMpyNybU9kdX17qsiprVSDJYPM4XmZMgVDx5dhhJeMio
  Recipient associated token account: Dwxao73opoJVB54EEYbj9vogrFJcW8rcSovw1qrLNmFo
  Funding recipient: Dwxao73opoJVB54EEYbj9vogrFJcW8rcSovw1qrLNmFo (0.00203928 SOL)

Signature: 4ZJqLuLwSw8ijrm6TCArNNaPZ9aY5zwdxLaHF7x76Jb4bnCDqX8Jmq4cgKTohx55Qi1D3q7FHYUkujSRDiiH7Gr7

Transfer 1 tokens
  Sender: 4rbAWfv8VX6AvUkVdPkC9hfkFx3MfHfAenzzQW6PNLAa
  Recipient: DZj7bfDvdZAoKnLixf5c9KeuAhvv4uWFGHcfMDZGuHXc
  Recipient associated token account: 8uHtgA15Xwrrvj34mRAzE6aYNofa6RLTbSAUjX953Mzt
  Funding recipient: 8uHtgA15Xwrrvj34mRAzE6aYNofa6RLTbSAUjX953Mzt (0.00203928 SOL)

Signature: cFkWM468QMAYCghV32ko9x2srnLRyVpSDLYe5UDgrCCpvWwvwuQf4HDB36KMFkBNuAhopjkoQ9jHefWNYQA3Gwo

Transfer 1 tokens
  Sender: 2UyRsCksq3XJ7QnXNBEbWP8JpiYqFj7bpV2oVRvSgw1n
  Recipient: Bx2riEpJbnxnGnFLrChmJMmHbcNfpmc8M3mDC9nqe83x
  Recipient associated token account: HNHi2dXadyvo68WTLmgryRx7BwHzNLPhoivcRszkhcdQ
  Funding recipient: HNHi2dXadyvo68WTLmgryRx7BwHzNLPhoivcRszkhcdQ (0.00203928 SOL)

Signature: 2HSA84phHkjonQ7JvKz7NjQcZhhPuFmDLYNvt4zPM7Yt8bEx4ftCnEUQN8AiyoyANwyqcbsUmwCFTBen3MdSPHAw

Transfer 1 tokens
  Sender: Ct2uEB4PoAHWANmtiJD3arNdUrEEaJbhMMmEoCTeNmpe
  Recipient: Dg5gU6sFvZ59u37T4UhaxQBYeACu5uNz4UfdM1LJFGrg
  Recipient associated token account: 9DmsxGs4GNRj3gYm6ap88iGJDypaBab2qFqCZdqUZ6PT
  Funding recipient: 9DmsxGs4GNRj3gYm6ap88iGJDypaBab2qFqCZdqUZ6PT (0.00203928 SOL)

Signature: 31djtyFEtRUdDyPAoLzX3wA892MSBWwqmefRg8u78e2P3Mk9wTtV2jxw5tgvYtP8dbZMxjrq4MAPq41ah5Shw9di

Transfer 1 tokens
  Sender: 6s7xh7tz5cVou3k2z3AVzADntA3eK2PqykHLf3CUSed2
  Recipient: EThAKdSL2kUi6P2BuogAV2VZE1Ky9d3KZfs8r1S687qB
  Recipient associated token account: 5GwBNZxtcjAGjxWosd28Psmn9jrCB2kFdLkhtZwTZQo
  Funding recipient: 5GwBNZxtcjAGjxWosd28Psmn9jrCB2kFdLkhtZwTZQo (0.00203928 SOL)

Signature: 4AoUg5ZW17EMHgGT7FBZLcnyTAKAHRj7xDfmLhfKiwZVY2uL6EU8B3faRM8d5uXsyAydf3vsUNbjyq8FUZU1XczU

Transfer 1 tokens
  Sender: 4e5AZP1ZqiGHq6bQ9uTfQoqyjE9D2EA98NjGgTdAh7Aa
  Recipient: GNdUFY64kg8pWWNLDMGCPCPLfs3hSXwwtRNVot98nTje
  Recipient associated token account: 5USoY1HEasfZdWXtWsUorSNYb7vSHGjTEGB2Xa7eRahG
  Funding recipient: 5USoY1HEasfZdWXtWsUorSNYb7vSHGjTEGB2Xa7eRahG (0.00203928 SOL)

Signature: 23TRwS7Ev5KfVXHfuk8FDxpJAYR3eHj8LzYKeCbnJszQzgJmPtZecnhEexzaeJkCLtsK8D3QS4cpiTkhYmpXeHQB

Transfer 1 tokens
  Sender: 7z3qPG2UhEJSvccATwoaGabatnVrQgqSuJjCgUH4hvPJ
  Recipient: HeozRuyJ9rLGFKeRmU99R9MDASZ66ucSphyep5UxVqvr
  Recipient associated token account: C3YdXD8S24qsP77doR3tdfJNhsgEmgAYpFETgznSsCv3
  Funding recipient: C3YdXD8S24qsP77doR3tdfJNhsgEmgAYpFETgznSsCv3 (0.00203928 SOL)

Signature: 4iMeeusW45DNwvGDWpBLYVw2XBMmsNAsu9mABn1n956JRuNHTSqNrmPWc37vxZSD7b69PUtYUx2YazBJznE9F7WG

Transfer 1 tokens
  Sender: HYQmqK9og3f59kCdvo4otgGpo6rMPwWgJXBy1HjBYf2s
  Recipient: 2Kt2edjA6oMUNsC8kLPH31XJP2vqQZmMPNu2qo6BzuCa
  Recipient associated token account: 5PbgEBS5zHa6wbJgDzfmAMgCv7dZ2xkXALsFc8i3Kf6P
  Funding recipient: 5PbgEBS5zHa6wbJgDzfmAMgCv7dZ2xkXALsFc8i3Kf6P (0.00203928 SOL)

Signature: 4dHRQbofqySx5C86CqqLSdvJfTmGxBiTnez7QrudSgGGQPd5cXqiJjHy4nXqwuWvNsVnxgyGDEumJ8ngAk2vnpKZ

Transfer 1 tokens
  Sender: 7NNPqbKgEyfYvTAQThVxzbWKToiX3t7hDUfBw3RPgiSY
  Recipient: GfAbyhU4qKso2J1PaQMHX98CXJ5PHyQ3tLtfU3mFrM5P
  Recipient associated token account: 38RPCMFpfYCjen1fRqdzEHx7Cc7XEQkjTseVgvzHZTqd
  Funding recipient: 38RPCMFpfYCjen1fRqdzEHx7Cc7XEQkjTseVgvzHZTqd (0.00203928 SOL)

Signature: 27uARShu9UTgYTFh72EdbysUd5NF3KvALqZKQb61wwebbDCBSh73t4tTVJtGf3LthHujraQ4NFnkwJ2CXSNupQuH

Transfer 1 tokens
  Sender: FtqQTdUPRmn3QujsN4rjy8Km4ycxKx2fBez9TWC1N9wG
  Recipient: 2z8VP1bwx9ZnqBSoPm7vWsTELEabhfFamLDZTnEDfju6
  Recipient associated token account: 4NmFKTzATNG9MKNq1gu3APDb74GKRuLxJMzinvWeyaKS
  Funding recipient: 4NmFKTzATNG9MKNq1gu3APDb74GKRuLxJMzinvWeyaKS (0.00203928 SOL)

Signature: 3TdUNfAq2k471PLRbWR4RzMPAog1RjHAVEegjTzwFw4Rhf6vQKmEHdYKXNBaNqwVjvyse5Z9cAT8ssYqXnDcPzCZ

Transfer 1 tokens
  Sender: 5pucy4QVNooppwYrNZEpTDU3PA1STu6y32Vk54JJwbey
  Recipient: 4oDdKa3Y3HzXLiZyJAb4rymeqCCkNaPwbUj9Rg49eQnQ
  Recipient associated token account: 7EWrhYRowcwEuzEmrLKiGE6xmRLZKD8cqXSJJEFNTSf4
  Funding recipient: 7EWrhYRowcwEuzEmrLKiGE6xmRLZKD8cqXSJJEFNTSf4 (0.00203928 SOL)

Signature: 45fyvgvEkNNPQrcpFpWU6CznJZgQv9bCagezbeXCrDQJb7euBAH3M5FFnUFpie6yDnqMJmuxqixZKywPYBNNYo6i

Transfer 1 tokens
  Sender: 8EkcwYrhCgfXBc5a3xopz1CYvGGeV9BpyjVLj9RaqLBn
  Recipient: AsNFo64v8Tg7oJooMvusy2ZLsPSGWb1isqWDrRDTxQez
  Recipient associated token account: HiNFnBx1qLVrkMK8fzT89MthWWtmJjT73qxKy3Vcrq9R
  Funding recipient: HiNFnBx1qLVrkMK8fzT89MthWWtmJjT73qxKy3Vcrq9R (0.00203928 SOL)

Signature: nb5g3TDTueUu3MA49vaFQnu9udtmnG6qrBJBBZCCsh2GETWJfxJeg4eX9Y9J4zgxkqTofCQEFtdMEsRvWynrUgf

Transfer 1 tokens
  Sender: 8JxopoVhABJ6yj2FA3rNL1V6AWTi1bjFyEWGTd8LWt89
  Recipient: AEUto3eFWHLAmmVRq3Vo2fmHXwte525jQGG6D7pN4RRd
  Recipient associated token account: EgHp1dSMogyhXKfWfs4z7JmTsoEwBFLxZgQn7VM8SeB5
  Funding recipient: EgHp1dSMogyhXKfWfs4z7JmTsoEwBFLxZgQn7VM8SeB5 (0.00203928 SOL)

Signature: 46n9dxTcRM38oh2aiVqZCkUkRJVryCPz5ffv6xttuXwinG29J6hGXs7xLxepoLDXXZqCw3K7JKyPqxmsCUp4bSwZ

Transfer 1 tokens
  Sender: 4MjPnkenPxWR4uKGnMJSSg1J48f8U6ix4BcDiCGmtRTA
  Recipient: 9JceWqW3ZKzZnzkcz6JfBp2bWwbf7UWwjNnRKPf5DPj8
  Recipient associated token account: 4qLN4Mhq2h4CjCKFAiy6WCUk4EK778kdfeZUrAS2wiYd
  Funding recipient: 4qLN4Mhq2h4CjCKFAiy6WCUk4EK778kdfeZUrAS2wiYd (0.00203928 SOL)

Signature: 56CZG1cytdM9bFYBkKQnj51tzU6fdSXZA3nhRo9aRsaVQCfTj5rRqFqcNTVJiqaMcPxZqWojDFxr1Ktiqgp9GRH9

Transfer 1 tokens
  Sender: EUAckaPCAXkQ6HBcp9ZiTATCwFqdKZpCBQzV9xBFPFiL
  Recipient: HqRyiRDbdiX4VY2Re8rqAwEt136V3Y5aFXfgBp7Kx6kd
  Recipient associated token account: 5nFzW36aCbJ1H28cHhLn4fRLnEeiTikpSLRN6zpr48nj
  Funding recipient: 5nFzW36aCbJ1H28cHhLn4fRLnEeiTikpSLRN6zpr48nj (0.00203928 SOL)

Signature: 3tJVW4EHrykPEzX8pHcG37bNrTHUyqRmo9cjqEAs4nP88PMXHVd2WWhwpV9RJ3fMAJPgtEMxrukMnXgzwPj5apda

Transfer 1 tokens
  Sender: 5bfRDujio74jvhgaXKkuuqhL6EoDwCU2F63k4byTfUxy
  Recipient: GK9vJhS9Za4G8x8PKwj2WCXKnXsnzUa9TKEZw93KJEig
  Recipient associated token account: 96DttFsazhjRMnaXUk7fpqkA2SbDV7Y72KhF4PUiuYup
  Funding recipient: 96DttFsazhjRMnaXUk7fpqkA2SbDV7Y72KhF4PUiuYup (0.00203928 SOL)

Signature: 5PL1vKKEoqZm8p6U8xj8i2WQfV1sZBXV6vmQSmgQerNaG8enRXr6ipGNRTV7y2xQyi7nVvodaQ3amJEagsHs7dkq

Transfer 1 tokens
  Sender: GZuqCq98SadydmNQGJrGzHvjqjS49QSE9h8N1pZBR2AN
  Recipient: EecWhqyBx72WQd7eC3fxJxtBgAGBDfozRswZNjPFNZYJ
  Recipient associated token account: 9WxEqRzkWX3XRdbGWFuVGLtCMsLPjanBqWEhxqGGNt5t
  Funding recipient: 9WxEqRzkWX3XRdbGWFuVGLtCMsLPjanBqWEhxqGGNt5t (0.00203928 SOL)

Signature: Koep5Cxktwoy61FUQfdJCfdmE6GiVhZ34H6jXi7DT9syUjJSbRq2xXL59Z2jWSGPmNjdLKRo6LMr9gJSEAEu5rE

Transfer 1 tokens
  Sender: 9KmNMiFjWQX5XMk3EdnUkGSRFy6mM9Pdg1TxY1sKLWMk
  Recipient: 8SRzoLTMAc6kQSC4XBYFpi2u8qQfVicyjhMrWUbpfV3B
  Recipient associated token account: 2ybwSbsw2RHdR14jFXsUkr84ciEe6Sgnfi3MiDph6hda
  Funding recipient: 2ybwSbsw2RHdR14jFXsUkr84ciEe6Sgnfi3MiDph6hda (0.00203928 SOL)

Signature: B7SGWvNdRPcYexc3pX2Ajsow6jo1EWPH2qJ54FiKxzXc4hMR95yBxP1r247oKGj9hMG96fWVHQzyP3bdMocLhaC

Transfer 1 tokens
  Sender: D1v7kmmCeBbChB2dR6z5Yi1dVkBdT6RZe9f1hNFaypQX
  Recipient: EppxE2vDF8cBrRmJ2BSYiJ1JtHcPFV48YR4NkRD36gHZ
  Recipient associated token account: 5rNsEKDp7sSKdRPHQD6aKddAxJjFwVpfBdR7nxyMJebe
  Funding recipient: 5rNsEKDp7sSKdRPHQD6aKddAxJjFwVpfBdR7nxyMJebe (0.00203928 SOL)

Signature: 2urKHfJX8TnNmPdbnfRNgPU5crhZvdxRi1yWbp9ZsauVhK48rhHnMiSQaWwDpGvw8xzaJMikFPMnwmUSY2kwUdSQ

Transfer 1 tokens
  Sender: CPHhR18u9ryUADQi5fVG7JSYywfrsURDtEQ4GkmqnFKN
  Recipient: Fk8NdkYZJRKemY4fecFYxbCXmWHMiQMLNwtLPH79qf4X
  Recipient associated token account: HHnQUrK9vxqvPpCwE6waEEa6JQoJDfpCr33T3toBBXd5
  Funding recipient: HHnQUrK9vxqvPpCwE6waEEa6JQoJDfpCr33T3toBBXd5 (0.00203928 SOL)

Signature: 4HSKoaFmBShQAo9jiGzo16hSjHrFse1SSaRa4pUEMs3uW4yZkfuDaRsgh1ZYyoeFpPZp2gg1V4ohgEgfwL6NZtWZ

Transfer 1 tokens
  Sender: 9sNhqVKfVb9Ak1VWp6WCoCwM12YucDJfUfckSL8xetF6
  Recipient: 5MsjUXsLZssXKgCS11uMRWB98kYJnp3261tV9iNg3i47
  Recipient associated token account: 3VWkFaQ6CjiuX7LJMbCuAws8w2qsgSxDuJzNeyASmLAn
  Funding recipient: 3VWkFaQ6CjiuX7LJMbCuAws8w2qsgSxDuJzNeyASmLAn (0.00203928 SOL)

Signature: 4GN7eap1MrZjPZZ2MuXWeTnuG1pnB7zzfZeDDprCn4CghiEPwRfByfofee4Knch3Rb2o8ofDp3WNq1yg8LLfYiyz

Transfer 1 tokens
  Sender: HLj4HtZujKXQQ7Y6rpQmHmdWwnRn3ENKMzvdo2YewSJq
  Recipient: 4imvcSxxHN6hyWy1XrxJ6Em67XZDVmMVCETBu9Z15Wvr
  Recipient associated token account: JpCXDRz8jn6TdinvPmJTDh2hRNfRs5mK25XQdoWJ6gZ
  Funding recipient: JpCXDRz8jn6TdinvPmJTDh2hRNfRs5mK25XQdoWJ6gZ (0.00203928 SOL)

Signature: khgm2sqKgRALyHgkaBnqPMUxK4R7dwHY4F4F7KCQDYxJgSGKZjYCMDssdR8z3xamBhH63jNQKzznSrVUBdn3wDP

Transfer 1 tokens
  Sender: E1Xn7nUYwAYq6ZcHzPxzYQ8FvAsr7QaSCdEAwKB49FAt
  Recipient: 2n5PbADyQXeCMztD5wnZjF3Nn2w8PmCmqSQ68TT6Q6KX
  Recipient associated token account: 3TJ14rT9MhyUXdncNWtPZjz9nWT4RYcwhaZA2rdV3FhF
  Funding recipient: 3TJ14rT9MhyUXdncNWtPZjz9nWT4RYcwhaZA2rdV3FhF (0.00203928 SOL)

Signature: 4uWttKa4cY6SzCz7jJ4sxXiQRNdCRD1Xtoky9kybSoDgLDJaiRSHQSFgH7TEL6jBPoPzFrukDR3fsvHSJAQ1MmRp

Transfer 1 tokens
  Sender: 7VBA4NMjdHZTpkJCCAyJ5nLYGYV5wRUjqDJUnNW5aGjL
  Recipient: 51oET2dy4vCmZ1JMGYR9hbsvsLng1vcLD6z2AZp1uq1j
  Recipient associated token account: A1X9cbiXHds8CSJC7QFJpjHU8xAjcgGg4N2qKn2Yecfh
  Funding recipient: A1X9cbiXHds8CSJC7QFJpjHU8xAjcgGg4N2qKn2Yecfh (0.00203928 SOL)

Signature: xJCLHfXJX6a5nmg6Dk6tSAMiCUfhN1un6JzmardfUHW7wegiEBqACiidYvVku1duxVLykzNkPzzyq54J3PPtyqj

Transfer 1 tokens
  Sender: EDsbUJfRpUk2zmniySJjXC6rW55NS6o6VwNDxxjRZUBm
  Recipient: EAzuPsCQuDDm5EyUeSS9bDbrsDrKejiRNJgLJkRvqAWz
  Recipient associated token account: 7j24PJ2hxGX2bgWntmW355mP6NN4Kcf9U6EfgA99a4L8
  Funding recipient: 7j24PJ2hxGX2bgWntmW355mP6NN4Kcf9U6EfgA99a4L8 (0.00203928 SOL)

Signature: 3Naaav7PACpoiV9RjZfsNcftRgsPPAwPJNjtCBG8vfUAY8VCE9qQ8eptjyXt8cekUAtUryQtWYDWRzeSeZ7zShtZ

Transfer 1 tokens
  Sender: c8BXBmd2PHm1ihs3JQ9jsdnw7MLpraRJQvEc9V2PCub
  Recipient: Cm8cYtgtfyULCzisqUnMg68aqqi12PGZScouQfJRfrG3
  Recipient associated token account: 4ZxD528TkE3QMcdCeRwuCL6RgBYzWEEtSdTant9R57hs
  Funding recipient: 4ZxD528TkE3QMcdCeRwuCL6RgBYzWEEtSdTant9R57hs (0.00203928 SOL)

Signature: 3tEHgQQ6k7RSXbFAXbidoFaBZU6mQQLgFGQwkD2W9XBUNDjutxbbKUR8m17YW6XNmRfQwafBXrXM9nBsPyds5iEB

Transfer 1 tokens
  Sender: Eov3wntAAMdVcNTyQQwGDXp8dKJpmg7LT14fcVs26zvV
  Recipient: 6JP6yRoBPYWzhUwvDAq4yND6Aq2kUhPvn5ciLxkUiRzz
  Recipient associated token account: 5nBJ722QsNygTN4yPzmRPbfsjFFPv54sayupjDdkL98d
  Funding recipient: 5nBJ722QsNygTN4yPzmRPbfsjFFPv54sayupjDdkL98d (0.00203928 SOL)

Signature: 5k4d8e1K29Cf5eBigmUeMLHuWCVAc1Gk4pGJBFPfUn55xNuwj67ptWfT7arJsnJMSYyWcthmPJAgXBFpBUC56ed5

Transfer 1 tokens
  Sender: ARQbb9Y8xBfipryeMD6vGKECsvvQEohLo7CjRTWbR3GV
  Recipient: 6y4b8kKXNSD4dqGX7Y8HTBXHaqV59n5tHZyX5xacez5H
  Recipient associated token account: AdpzyCGMsdCBPWFwdfWLFedH2BhZfHSy2nZAvndidoPV
  Funding recipient: AdpzyCGMsdCBPWFwdfWLFedH2BhZfHSy2nZAvndidoPV (0.00203928 SOL)

Signature: 4DaJZQcHSyWm73pCfGwPmyC5RJuNWD3adsVk5wK4aQrnrPtyGQmebWkZtFiEiwAkBZC2N8j9JLRW1qLpLorKGVus

Transfer 1 tokens
  Sender: DukFPeeyPvFUKFehAkWmBoXohoQwocxi5mAyyKnbjwwn
  Recipient: 94kER1yv7SJmTWP4D2PbWv7VaKcAgGDSef7AEUYh4fq1
  Recipient associated token account: 3paNF7GtAD6Y7iscjEgCzuxVgDyKgSo8ywaTAn4HrhwN
  Funding recipient: 3paNF7GtAD6Y7iscjEgCzuxVgDyKgSo8ywaTAn4HrhwN (0.00203928 SOL)

Signature: 4gWNVcFqQ4rK9ECYVVJjh3CjbWnXMw9gtW7a4n31ocgusHp64Ne4z1sC2i11MpVUr4ztEjJApEibH49qNjCAFKg9

Transfer 1 tokens
  Sender: jWU4uNcqK6Bb8gj1qrHmE4ENyAjNdnzGHUGkLwoidPg
  Recipient: GdAwgwBuEYL4gaaxT6pue4iBGXs1PbRXyyT4aF5GFEJE
  Recipient associated token account: Cm1N4RZpfsCLfLPEod11rc3jGZnmnNkmPCXHmK5d3sq4
  Funding recipient: Cm1N4RZpfsCLfLPEod11rc3jGZnmnNkmPCXHmK5d3sq4 (0.00203928 SOL)

Signature: 3P1GZJXXoHu9MRLPaVt1B7fhRGfGsdSYg8F1vvJggDE8s7imSorNx332JgNrXfWwSTWGYzKQe1Ydpy2eeFmMPh6J

Transfer 1 tokens
  Sender: 5onfFHQRspWiGFLhgv2ZP8MDLA7SjVKx3qKzDxm8We4T
  Recipient: 6R8bG92SnwutLfWfWp7ebL3EExtFDFNgLbkggS9TVtzb
  Recipient associated token account: 6ybKPtVDccUbFXfZbTq7NAJiJpcZBcfJzFDk1dMLcBaC
  Funding recipient: 6ybKPtVDccUbFXfZbTq7NAJiJpcZBcfJzFDk1dMLcBaC (0.00203928 SOL)

Signature: 5cBE1Dj7vFH9m7tkhA3TurMPBpsx1ZM9Yj32yQoH8f4WNT6JKu2JCx1b47pJHuXFNtP7495Z8uYWDzL5quBHVG6h

Transfer 1 tokens
  Sender: Bw8K6ZFn9m6Bcm71sQiLJbojk3jEh6PjzoHFnrNTuPvt
  Recipient: 7o4NoA1g1asZzi8D4fRPjVuDR6YkKGhLRwVbEFfmRWX7
  Recipient associated token account: 8kcDoAQMzCpbVSFkrhRRZXX1wyYxiSuZ6LJTF7tC7uBU
  Funding recipient: 8kcDoAQMzCpbVSFkrhRRZXX1wyYxiSuZ6LJTF7tC7uBU (0.00203928 SOL)

Signature: 5AqFK8WsdfWwh37PYaByEU52yWLR9TD2eztAqbPpGdX8HtYuAL4JAY3YvGbFPyrVybG5XVCm9BFdUSt4VqEKNYhF

Transfer 1 tokens
  Sender: 9dTX5YpAgYcCMLB7XUZQAbD8L5vFV9u9yWfY6NWcYJSP
  Recipient: 6QmKFsYUfd8nxLufRojQxWQj4TGhM6ueJudmPd3NxbHY
  Recipient associated token account: 42MqHDQjcEz8DgfxhKFbz7ELrs6KSWZFiPsLSxRbLFLT
  Funding recipient: 42MqHDQjcEz8DgfxhKFbz7ELrs6KSWZFiPsLSxRbLFLT (0.00203928 SOL)

Signature: 4uknwWgMWMYzokbczrZTfgXrjMRucgExAi6cMMzu1hLwMzo5drJtB1TuVP33TBpBnBvGGu2G2TV2GWsCeTJhiseL

Transfer 1 tokens
  Sender: 2c69NHz2HmgdxvP228T6KYacuzPcFt8gWE4Qkvtk36pg
  Recipient: CBuxRb1zie1iX7YEpjUa4B2Sp9EBFAFsbRSxPyGGfFyC
  Recipient associated token account: HmmoLMMnkyXKBD9hF5eD6P99ggmjGJ2Gd9Wsmr3PAYWL
  Funding recipient: HmmoLMMnkyXKBD9hF5eD6P99ggmjGJ2Gd9Wsmr3PAYWL (0.00203928 SOL)

Signature: TNasmdFiQHjgF8P67zgEnBYJskbK8FTJabUpWTzLjEH5jeJ4xGBfkcFqxki9dZDesiJPZ56zH2sBH4dcFaLTZf8

Transfer 1 tokens
  Sender: 3paBgzxFKQjdJZisos6BnvKwQMeA69CUvxfqFVN1FP2j
  Recipient: 8hZ92t2MkZ3pRG4BvwdxFWTmJ7ZbU7wma4kGuwwb4Kjy
  Recipient associated token account: 7dJXN8VL6x1pmxH5s4qVLCitVxeiD7DsorMMUWKxYus5
  Funding recipient: 7dJXN8VL6x1pmxH5s4qVLCitVxeiD7DsorMMUWKxYus5 (0.00203928 SOL)

Signature: 46aX9QuRGmKRrqm2utgdkJr5rCL41J4e3nsFQYZUaPxDbLoh3jsbR4qRNRWfduRe8ETWjSUaV2CbRLo9f87AP8t2

Transfer 1 tokens
  Sender: 5n9h3phHpHdBMmeNboo63wccKcb7iSWbJPxnDrFRqmEW
  Recipient: FDJT2n4m69HcXXcFZ8ZVa1AMNpsQCq5QjUJDw49Bx4Ch
  Recipient associated token account: 4A7UoWWzgwUbyyifHr2tUXyPQKnxJU5P8RK7S3cKsJxM
  Funding recipient: 4A7UoWWzgwUbyyifHr2tUXyPQKnxJU5P8RK7S3cKsJxM (0.00203928 SOL)

Signature: 23JHp3iAG5tATAhixBitodDFQYySR7taMoKxZAhvYvzMQ3wpdHp7UEjk8nREWraegFQGppKV1gwdv6iyEcv6hwLo

Transfer 1 tokens
  Sender: DvU2XPp5W7r5KJWNbrYkM3TRrpXJK9JBPb7FSAAq5nqK
  Recipient: 9UFMEJBUzjZBNzqc4FgrcbT2GibMMfpSsMRyFHCMKLE5
  Recipient associated token account: ET7spChT2AaJZTgs8WRUz3DxdvhFkrS9SgETvh52ymys
  Funding recipient: ET7spChT2AaJZTgs8WRUz3DxdvhFkrS9SgETvh52ymys (0.00203928 SOL)

Signature: 22Y1wc9F9UcXrkzK72zSZLSReAeeUTgHfzMTgJvScnXeQEUvb35H5cdhh4wYREQCDZ3EqqhVAJmRcVrLVwAo7N1V

Transfer 1 tokens
  Sender: 66xkUmUFoMisQW4cQ9a4HAd4wYz8dWpvZaRJGJUofme5
  Recipient: AEUto3eFWHLAmmVRq3Vo2fmHXwte525jQGG6D7pN4RRd
  Recipient associated token account: 5VEQxwZxqt16e7ws3zJCCAqQJHcCHNj1fbhWPRKSxax4
  Funding recipient: 5VEQxwZxqt16e7ws3zJCCAqQJHcCHNj1fbhWPRKSxax4 (0.00203928 SOL)

Signature: RszQxEHGucC1XYazQ2K2GqZg2rtK59pVbyaQNQidyGaMPusqoxyaHcemen7PrYmmvNfoQFE9mFYYpgsfog8DrNw

Transfer 1 tokens
  Sender: 3dgVrGcpYuEBQYqJcaFQR8HwQX4H5HZnnhUAzEq599NM
  Recipient: 2eBBNzw7DeWuYfWhPVGanm7VyYogiWKjSRcAHhcDFSMd
  Recipient associated token account: GrnzWUF1CYKtFhxoqGmWu9YLwtWCAxSR48jDCG818KAe
  Funding recipient: GrnzWUF1CYKtFhxoqGmWu9YLwtWCAxSR48jDCG818KAe (0.00203928 SOL)

Signature: 4TMewM6MvQWjhsBhjdEFtg6k1kkqk6edpzRKsduZC8mm94g7enSw3patYSDXhwVNoZoHYYReGzDfVxYW2vFyXSyi

Transfer 1 tokens
  Sender: Dz97XAyPY8iAJQtcijydQLL999V2PvWTpTfRdpStPxBE
  Recipient: Cc4gwifBAzxtQp9eoMW521iMe7iuvqLY4Rxzgc7BWdh2
  Recipient associated token account: 5fMBzBJsuuRKrVU9bn3Hn9R5yWG3QkPyt13wPfMgMmmL
  Funding recipient: 5fMBzBJsuuRKrVU9bn3Hn9R5yWG3QkPyt13wPfMgMmmL (0.00203928 SOL)

Signature: 21QwsA7nXe56mdbLpTn7eH4Gatrman49zXE4HJpxQfxDmV7aZC6opjvDMDpPpCeaG4AZRUJnqZ5WCwwFQgWqfzHG

Transfer 1 tokens
  Sender: 2tX1RDFEiu5DxFz8eURcWDrQbLWvBLUCpBrnKLYjbE6i
  Recipient: 3MsmkPefAd1zbtJtsrrR61pFLmXYGxr3d2BK8wt6QYzK
  Recipient associated token account: AiLEXCdrSfJxAa1gV76PhQzJ4Fm31nDWU25YChKSx7E6
  Funding recipient: AiLEXCdrSfJxAa1gV76PhQzJ4Fm31nDWU25YChKSx7E6 (0.00203928 SOL)

Signature: 2wpo6rX7RREzmarCMPtVC3u5kfdex2PXSZHX6eGHCaBcyWoFdRGEF6aYVJhP7VkuU9eNNbXsJ6ZUbEPweQcuzaPd

Transfer 1 tokens
  Sender: 4nasJW3cETVMbhwJXoRD6zqzmDcuP3XfQePCbPoKyXx5
  Recipient: FxDsKXCVStxQZt7e9VikzLA3XGhxxPAhC5aGS3oermpB
  Recipient associated token account: DdBjQNvSZa8bpSiwL3ZgqWuy9CUMDYBt5Wm4svb2c6cU
  Funding recipient: DdBjQNvSZa8bpSiwL3ZgqWuy9CUMDYBt5Wm4svb2c6cU (0.00203928 SOL)

Signature: vmHGBUWzwKZYbzdcjN2EeB8qgGkm3QiSP1XdicbUGht9iRuU4JxwoDUMBKcoooevtRjzvj1TRaiVY3oSxtzs9BY

Transfer 1 tokens
  Sender: ALuePuGULaB1db1KHGoqSR45gNeYrMSmjHpF5FtfH7Hv
  Recipient: Ed2bsX93a6sRpz6hgXFvFbGC9gCbEPWFfwdgXmRgMfxx
  Recipient associated token account: JY13ejgLT45ucw6a8DW4WYPgMhGyU2fsb9Q8mKLdFo8
  Funding recipient: JY13ejgLT45ucw6a8DW4WYPgMhGyU2fsb9Q8mKLdFo8 (0.00203928 SOL)

Signature: 3kczaB1ym3u92eKu6tRvKArgERyZMdKXNowHD9EKm3d1Eh4fg36agmFKuEQnouKHit3PGupZekNcE3ejwu8gVHCQ

Transfer 1 tokens
  Sender: 5eXKENVxn5Mptc9UtsrLCPjZh2xPm5KKiqmqRsnkqL6Y
  Recipient: HQxn6Z8gJXS7EL2zsmnf9eSH6BZyBAfHdb9HeR5fE3FU
  Recipient associated token account: Ej44G8or31Sj8iB7JmcTRQM2KBAYTTt1t5uWuYw7RvYE
  Funding recipient: Ej44G8or31Sj8iB7JmcTRQM2KBAYTTt1t5uWuYw7RvYE (0.00203928 SOL)

Signature: 4dSi1mgcqrwx6kAgeQ7jaQB38vfmV9R3P4htTdZePhoNnsFqpS2WW67uYSyd4ZWv7dmtpHkFPUaHtbHmRCzr79aG

Transfer 1 tokens
  Sender: E6ctPYfLRTBia39sSHAVVVrSdB7rnJtQEFBLJpAWNQiH
  Recipient: 5avjGMa6NdSNujcwgnRDKXdAsffdRgM7T32T85VV1jah
  Recipient associated token account: 1SKBkg1JNcMr9v8rrRTQ2YAvHLUmBDL7yprBrmWnyEp
  Funding recipient: 1SKBkg1JNcMr9v8rrRTQ2YAvHLUmBDL7yprBrmWnyEp (0.00203928 SOL)

Signature: 2aNkUK8FL8UXTqjUzMrTBned92L8xKN8vzsnEdy7EoKAJimzoGjmKmoNLUv9YNungZqmEomtAK5cmAuggvWZNY7h

Transfer 1 tokens
  Sender: 5tG2ZuYsJovUnLpH7HqT7TroggrR3dNQkYFGQWd75b2m
  Recipient: AgPhAsvcwPfT8bcAQxfyvymHdS9enkCzHDZP67ihS5YM
  Recipient associated token account: GT6DBQpFSn8TR4YPvjkT3nCZKhWUd25JvMVGngQjXH4s
  Funding recipient: GT6DBQpFSn8TR4YPvjkT3nCZKhWUd25JvMVGngQjXH4s (0.00203928 SOL)

Signature: 233d3TRpLKM8kLtm3XLv3tFhvDU3L6VvLMwgMzQYwxw3MWrNFcN6LKX5baM5u6FypFGun8eaVLaAKk1RrVF7iCGJ

Transfer 1 tokens
  Sender: 3mRrXjR5YaQ2jtd7m7hfNm7NVFMizSHyovipEZjvQ2az
  Recipient: 4LG4gXirBtDL39QVamGwKRMkUXLGYCetfX5Lp2v3JuHE
  Recipient associated token account: 7aJoMATopaPTxFp1fBBV7JVSqCoC1gF5kBu9v2dnfPox
  Funding recipient: 7aJoMATopaPTxFp1fBBV7JVSqCoC1gF5kBu9v2dnfPox (0.00203928 SOL)

Signature: 3LQwS6B6crMJzkXXskJzbwjhH1ddixEyHpC9UmNV6bPau8kUsSE1Ux4eL9N96NcZoF2DL4hhEsRPcQfp3PegiZzh

Transfer 1 tokens
  Sender: dCy2YjULt6BjXGrGH4XFzDzffcXEcoLos22PhmF8rKG
  Recipient: DWGdQmpc48cajoMyxtR1DMbNn9X8L5tS3bqWACLMxF53
  Recipient associated token account: 6wSB6Q6Ntp6ZYqW7eGxrRgCxjxhPTHwsWVATazKMpRKC
  Funding recipient: 6wSB6Q6Ntp6ZYqW7eGxrRgCxjxhPTHwsWVATazKMpRKC (0.00203928 SOL)

Signature: 2MKo1rsPz4nXgFuWc5nwxkuf5hudeMJ1VTdoi3B68MRKmebYAT9oMPxB7yJqFyopzRPa53ujSUfwtXTCboXtDESt

Transfer 1 tokens
  Sender: 64Titc1Mnx8fWYPuDB8RGnm7dBt9VzPgYMMuvhZdRDdo
  Recipient: LCNyzyqQWVxmWFLX1ke7Yt8Ho4QokRSQtunfqFwTELF
  Recipient associated token account: 8yHUvTEQ3w8vRH2z5iMGiwmPoavmciEBjKYUAovh8woH
  Funding recipient: 8yHUvTEQ3w8vRH2z5iMGiwmPoavmciEBjKYUAovh8woH (0.00203928 SOL)

Signature: 4mLkVRgaVM6AfFoH8M9UnoX1c4WkTpdFrkRo9nn7xDhuN83h5eFnWqBi9Y3ggjLcuAKcK7jNdLgMsom5EmEz5PPX

Transfer 1 tokens
  Sender: D6xdUzGeKNo8FWv2Sb5G31WhLJbTDGu6uFTHp9DFa6ik
  Recipient: 7uCsLRhWmRw3AHyb4hnifXxiwqNXi4UB8Ac4ynnrZ5hq
  Recipient associated token account: 6oBkv5ZSmqDkd5NngiT9eKvVfPKJiFwLyZxSfkAz5d9r
  Funding recipient: 6oBkv5ZSmqDkd5NngiT9eKvVfPKJiFwLyZxSfkAz5d9r (0.00203928 SOL)

Signature: 51Q3g8U7fPqe2NwoLUH7DUeLxpB93AAoovp4CZeSE8tUT1Lvu3tMomVHfoQMmsKun3FePS1nCUYBtUNvtKhXYmPe

Transfer 1 tokens
  Sender: 9xxMqurakwT4Q73yemjzLnDM4TQdvGFsYZPVB7Fxrv3c
  Recipient: 45nb485LKf1pEhsTab34JnbBb3wXnAAP3xh98xdzP8Zc
  Recipient associated token account: 75iMP1ph55kvGqAs1AM26nFuTU4uz4gjkzJ7AxCwLWwt
  Funding recipient: 75iMP1ph55kvGqAs1AM26nFuTU4uz4gjkzJ7AxCwLWwt (0.00203928 SOL)

Signature: 2EWcXuY5KvrivhAXaFfjC1Kpa81DJoPCwA8DbYizxDxE7Eq5qYuc7GUGuxi2HHomCLu6rbeaQpi6Q8cQXCncmpeW

Transfer 1 tokens
  Sender: 934emXvLaDGZwLY3TkWhtw9hsUY9S9KGTXK85qcey5Fs
  Recipient: 27KPJgnWEshxJAbXsKzRxvp31dYCzvXGmLGZmJGyg3eF
  Recipient associated token account: CdqYmFXx275B9ANdq323zjncHHZZXdrxa5L8eTSP8NK3
  Funding recipient: CdqYmFXx275B9ANdq323zjncHHZZXdrxa5L8eTSP8NK3 (0.00203928 SOL)

Signature: 631wVWKtezW75N4n8a1gqHA82F4zngZK5mq8gsv1Z2pFoskt7MsNF48wtFa6AMjeJyYQsEPpmWvFRwxmD8zFjTVy

Transfer 1 tokens
  Sender: FKyK7ZEh9hojY9nHXL4SpfRp1zLmLHcURfyoSDpoJBqM
  Recipient: 5wcyw2KsaCSSXaDocVzV8Yz9yHNG1E8TajEoeoBqiENL
  Recipient associated token account: 6GzAV8x7j2r8HCcruu7rHzi8qMGDLfMfChUc9ExXNRcX
  Funding recipient: 6GzAV8x7j2r8HCcruu7rHzi8qMGDLfMfChUc9ExXNRcX (0.00203928 SOL)

Signature: 3Sr1eBzAiRR5PGqdYJZtYaipWiPYM4GifTVnVtCJK4xjiZh5rVcVMyqkHf4hwiKWn8SBivxtG6Re6ytWkcdkgcjF

Transfer 1 tokens
  Sender: 8FAUd7UxboGUQtHxq738MRLfyfVSbhk996k7d4Wj5Eie
  Recipient: 23XNgo4x5FwiQbN4TV7MZ4ssDgQ398vrpkfD8F3S8KTj
  Recipient associated token account: 9iQNh8WrKgeWQHxGvRdNbr5JTbL678YmZAAEX2c2hiuj
  Funding recipient: 9iQNh8WrKgeWQHxGvRdNbr5JTbL678YmZAAEX2c2hiuj (0.00203928 SOL)

Signature: 5iEM21P38gYdMYtGZ8zZmEHd6Qzjj9rxndrzz9nwFocT5ypisH99DvoEF73BjQHYawHKSYo6JjfEv1sFwBCGLxJk

Transfer 1 tokens
  Sender: WJPrriMEFU5ZkCxoBTQJ5xDd8Ds2Tki9RiaKgurDsxG
  Recipient: 7KbmFStnBVAUB1NRKuNFdhzXtj3mfAT4jHLXoFvFFSaS
  Recipient associated token account: 4Z1wvSqGtYio8ejMUHX8ixah8UXvTTS9XwnyqPk8zNcF
  Funding recipient: 4Z1wvSqGtYio8ejMUHX8ixah8UXvTTS9XwnyqPk8zNcF (0.00203928 SOL)

Signature: 58JmLwsRUkeZowmkB1teufjFMSdJ57kSB76uTtr3joaf4RERKEAwbu4ZC8np9qwS5tBbtmZ7YFPEgNY6C2tb7Z4f

Transfer 1 tokens
  Sender: BhETQ6uuqmAfmtb7vexSMfvujQLXX1iRSt6bswoZiUBw
  Recipient: BJSXGMEpffDq9sVJm7Kj2qEw7aTJy2mQB31DfkKvAnpP
  Recipient associated token account: 2WXoRkGcXYs1P8tpSsurojUdtvdHqyDdv7swgnfKm7ro
  Funding recipient: 2WXoRkGcXYs1P8tpSsurojUdtvdHqyDdv7swgnfKm7ro (0.00203928 SOL)

Signature: 2fg13NbSUAR4mnr3yNZKo4RWRxCmrw2towUW73h4nycrcKYREKGc3aMqycnTDURhGXSv4coQ8ruXinqdVaKh3Vpg

Transfer 1 tokens
  Sender: 6SaGPiKHihhVgqUf9Ns9181wD2rKYF7bXXg5xHtnKkAe
  Recipient: 4MJ84srbSCz3eZJhqG93iRnf4rosLcC4R5Bpy7ZQmJco
  Recipient associated token account: J7qCFfJUk2oucVRhtZbDhnw7bdEPEdwfg9b1qwr1t6pV
  Funding recipient: J7qCFfJUk2oucVRhtZbDhnw7bdEPEdwfg9b1qwr1t6pV (0.00203928 SOL)

Signature: 2Gnp1giX9YSjABTxXmZZnguRhDkuxFcruh9GEcc2b1GN9QUcU8sjnmroYzJhR8u8MKHETSb3s4LkD5rXKMmu915R

Transfer 1 tokens
  Sender: 3QUxZWaqmRXDZh27s9bzs5sjrzNo7ALTo6KiycwmMLni
  Recipient: BBSxmVWHf5VV8M1HLd6LGxnftPuiu44HVeqUSzSdrejX
  Recipient associated token account: G68WbTWAgiBKDB2zvkKqxWvmwYD5FjV1qVrPmJNHGW5V
  Funding recipient: G68WbTWAgiBKDB2zvkKqxWvmwYD5FjV1qVrPmJNHGW5V (0.00203928 SOL)

Signature: 41U7PiqKBjA7uhmD8yn4mGV933YC6bqznWYGPUDHHU8N7Wc8KpmgsRaumYFypdKGEwbgMwiEdYRxTPnCUH823j9J

Transfer 1 tokens
  Sender: CsfFFmoYf2ZU1qMDirctoMU1YxKuHi2enDt6Ri9B2k9D
  Recipient: HJM2Wg9cVyukVRXFVWZu1rMYSYM3cgmha42DtJSmDV1K
  Recipient associated token account: Cp6ip4KbCYvmaBB6BCqoapt4haTeZoQFN1YhcBUV2rr4
  Funding recipient: Cp6ip4KbCYvmaBB6BCqoapt4haTeZoQFN1YhcBUV2rr4 (0.00203928 SOL)

Signature: 4GqbEeb2uMjSDzLb5CABdJ3J6QkWPYppsKNS8RG4JC9HCNERZMVHQFd5pdA5sicmWGFSiGVP9eT7RRevZRP1dazU

Transfer 1 tokens
  Sender: 3cwhbCEyuvxR5fyGa8uuYhvwPxe4fXLo9hm4VSWz3VLq
  Recipient: 22PcCdkYNqVVtLwCQ3BSi3YmZaghBCgYNeAvBcee29Tt
  Recipient associated token account: C3iMiMjrzb6ztWNitJoA5XxG2To9PvCCWrmhbek6ECmT
  Funding recipient: C3iMiMjrzb6ztWNitJoA5XxG2To9PvCCWrmhbek6ECmT (0.00203928 SOL)

Signature: 5J3xpvhVJcziTcUWWpegfrF937n3CuesvHcKiJ46zhDhuPFB4hmN2zQP5hv7YTzUE2JgRqbcg4bLzeS9kRMZaoeE

Transfer 1 tokens
  Sender: 5xo6ru8Gy6VNrMcCovabk6FCxiuz2anZS176TNQSeWpF
  Recipient: 5oHDfw9japqthSBf7mVAzH89yXgKjDH4FW3EhYynMm3a
  Recipient associated token account: 6HikZA7byWC1wSce28DZNw7dqo528du7RTZXGDHpyUbm
  Funding recipient: 6HikZA7byWC1wSce28DZNw7dqo528du7RTZXGDHpyUbm (0.00203928 SOL)

Signature: arkRyQ1To1dvpHQnn1czPh1m8M6t28zhNf7oEpfkWjnoWJsUQKP8eQHpk9t9d1faqZkGsXaC1L6T6skK2R5rVky

Transfer 1 tokens
  Sender: PUs2epKoHCoNC4jZc6qhtd7YAJysTCHhUhsGxs7tGDX
  Recipient: GD9Dx84Rzr6qLJKoZqQFZn2Yzf1NyPFbQeSRZqU56f8z
  Recipient associated token account: HEsJuMPwAjhxmQgPiyHX3Eb8etHp5spMY9rpZg3nMXgu
  Funding recipient: HEsJuMPwAjhxmQgPiyHX3Eb8etHp5spMY9rpZg3nMXgu (0.00203928 SOL)

Signature: 4tJCKbLYQYRaLYQxQishQqzQKrKHgXpWcM5TFXZZquVracuz3k2WeczXCMj6qFDpRMhrHQ7ZUnA9gaUCWtg6XCuE

Transfer 1 tokens
  Sender: 94f2cqNugSW8xu3NXauMPuJTziD4h6hBsqyx3oG2QfYH
  Recipient: 5g9P9YJNPxRMTZtWTPyRkUmdvaVae4MVjhr1ZHmHYbRH
  Recipient associated token account: B3qTtqFZfz9Jmx4kQZZCxTeuVtFM5xXGUxtSXTBkY1ug
  Funding recipient: B3qTtqFZfz9Jmx4kQZZCxTeuVtFM5xXGUxtSXTBkY1ug (0.00203928 SOL)

Signature: 5WhbiuPTFu5WzpTd58DrRRFZAE2Q5skiE5jfuQHawDb2Unkca7ZocVziagsZ4gtHWi2ADpeyh4UUYLqHU93cmtA9

Transfer 1 tokens
  Sender: 9fX1RqXF2XwxSMe8AtEGhuKwNovPUZMFisyrCv5xh467
  Recipient: 7BniTzrcyLnUKtAqjzSJjMuQkh2QWx3CAEUapuuk362w
  Recipient associated token account: 5ZMDVVbVARyib9qjJLK7TcxotZagkQbXTeqbzwqaweKm
  Funding recipient: 5ZMDVVbVARyib9qjJLK7TcxotZagkQbXTeqbzwqaweKm (0.00203928 SOL)

Signature: 5MVVoPetVDRF3USHq59x6yfxv97oLmg316B35souQBTPtt2FbaPbZB4Em7THSKJVjXKGydR6s56jExMCdnjwadJS

Transfer 1 tokens
  Sender: 2yD58h8tkB3a22hx8Ty9LfPWtzVx9x3H4MTJYkk5Dj1a
  Recipient: 8BStRWeqCPJPS2hERr7V4mEgdodaJZDTNXVM2Q2AYHr2
  Recipient associated token account: A1QyjAQs1vkQYqnXjkGAuprWguKrv1NNaGaBF1Thd3m1
  Funding recipient: A1QyjAQs1vkQYqnXjkGAuprWguKrv1NNaGaBF1Thd3m1 (0.00203928 SOL)

Signature: 4VVRNnViJ7a7WVdYrxnKFk7WL5jqcwbKvNhPL4LeXrnSfZiyFGXf7TPiRVSLGuGtn16J8jxgFAVqQi14js9z3zMZ

Transfer 1 tokens
  Sender: DXZpNhdMsurkpoeeULNRqUdiQ4TvbasLqP9sRMQAP5hQ
  Recipient: FYkVscw4QXHvkmRiJY3SgDZQ4XJ4AXYZHwtEVvkwamA1
  Recipient associated token account: 4NeGhARAY4cRaqrbynQWtUaBihHNiRbqmt6hy6sKGD62
  Funding recipient: 4NeGhARAY4cRaqrbynQWtUaBihHNiRbqmt6hy6sKGD62 (0.00203928 SOL)

Signature: LBVPuNuScYaTwwuB3sE3yJ98xjYHHn8AvbHLmj9ngdzj96nRReZE85ch7nsvq4aPD5TmN3YjCmXigX7TFQNhsW3

Transfer 1 tokens
  Sender: CZ1aJM6YnyNJX4yY13jtec2tgnUqA4q5TKHpu6uJ9HrV
  Recipient: AgPhAsvcwPfT8bcAQxfyvymHdS9enkCzHDZP67ihS5YM
  Recipient associated token account: 9jukw9d2HAxnB2JWBHk7B3AaryCwrWWhdLQVofVJfyfg
  Funding recipient: 9jukw9d2HAxnB2JWBHk7B3AaryCwrWWhdLQVofVJfyfg (0.00203928 SOL)

Signature: 2B9W4NDN5MzNWsmXkN4aXuqvLzNvEfSRU9hwPAe7PkpPPaYuoQYv2rC1Pmm6iqK7uoapFKsWojYBUgpE5hhZzupk

Transfer 1 tokens
  Sender: nTbRvWipstWf7RPy19Tc2z6soWmzYBwseFR5v5yiXbt
  Recipient: H7E4JB8ebHaoKQe2Z3NAwXniKcuy7VVuAoycx7PYAbE9
  Recipient associated token account: BTePfaEXVXMVfw5ie6AVJAghJeeoZgpUxbWya9CD7gnu
  Funding recipient: BTePfaEXVXMVfw5ie6AVJAghJeeoZgpUxbWya9CD7gnu (0.00203928 SOL)

Signature: 2776nmyt5zQTjxbACU37GR4Y9HrSA6VFSKqfwbykwWugLM3VSh1V32GN1Ne2PxuHoJKA7uv3Pkdcx5KoaUsWRg7b

Transfer 1 tokens
  Sender: QZimWyhdm1dfWFHT5GCReYKBXfEouRaTu7QdZpRWxdN
  Recipient: EEUHeJFM6mUeN44v3kpepHXXBcGY8xV38TjTNxHEt76U
  Recipient associated token account: 7SswW22VoJjxkKWo8YaCcNSSbB4ygGg8foYuTETQk7gP
  Funding recipient: 7SswW22VoJjxkKWo8YaCcNSSbB4ygGg8foYuTETQk7gP (0.00203928 SOL)

Signature: 2QqpuY23eNhnXVAurK8CfAkJ9RRonz3VAiNfCTmWhLSKsYKcUgdQEMPMGDdLLWSh3zcihCr85NcexqHcFGj2pDJN

Transfer 1 tokens
  Sender: GeBGrAbZtqUTXnnNEWDTYpmxonvBD5R4tYzFdGP8geM1
  Recipient: 6uPKr1K48dwfwckaQUN9B2BkGzsioxquUiMdREfRu8fM
  Recipient associated token account: D2nDX1QrBWG31YraCC1ctCN9wi9zp7NcGRwLedsGbu6y
  Funding recipient: D2nDX1QrBWG31YraCC1ctCN9wi9zp7NcGRwLedsGbu6y (0.00203928 SOL)

Signature: 4EeQwXjFChnektnF1KGzQ8U4hmkEcTbFCwuy5MyxnKwtsssFAfXtLvVQuJieqDJDQhtwSF3yHpAZ7vBVGto3VJYd

Transfer 1 tokens
  Sender: 8ptypVqWaTWHkWx1ME3tPaxNeWcqo3BqrrWn6AxDw9mY
  Recipient: 7mQjmjScpjDP4pFrMLU1CS4H87oUaYrSMb2tkto8RXUX
  Recipient associated token account: 2AMRbM54so5FE1cXS3B5XwxPSYPxtPNPgkkgZ3tN3biW
  Funding recipient: 2AMRbM54so5FE1cXS3B5XwxPSYPxtPNPgkkgZ3tN3biW (0.00203928 SOL)

Signature: 56YDaHLbPv5zixGzRbVDqmBffs4pN4zagcYcug4XBrLzUaSAoKZaKkT36yo2xNnXPQKwP5T6rmxGu5bgDk9rUDiC

Transfer 1 tokens
  Sender: JEEHxgeGqEMNq7ZRA1iHmimwD5YrvSELtpKrncHUVPDX
  Recipient: CdGwadKrCQHr8oziZFVfHh15jaEdB5UoZx9LhsRdQJJ6
  Recipient associated token account: 5C64hzSwFGgWfXMs2buoYyu6SQJUvkNUzjuRakejrftn
  Funding recipient: 5C64hzSwFGgWfXMs2buoYyu6SQJUvkNUzjuRakejrftn (0.00203928 SOL)

Signature: 4d31F9xEb4rhw2HPC9YeXQjaNex2KH97VY8fGWfz7pZsEXhzSDW8Hi3bFM3k4x52dbxRJUawkdH7hJRzhNXurm9e

Transfer 1 tokens
  Sender: 8YV3SQGf1hi3KGCYnq3qo36NUxyqtM92ystNdpUZoByr
  Recipient: 6rXGLWZhdAsoYs2mGEYCfm4nMQ3rxqbWx6c8syVo7hpm
  Recipient associated token account: HxB2PE4ZuyeySkqTWbmPi9PUdUyfMoSAyfj92nAKp6xm
  Funding recipient: HxB2PE4ZuyeySkqTWbmPi9PUdUyfMoSAyfj92nAKp6xm (0.00203928 SOL)

Signature: 3KacVfGUDZtVHZ8iPaWCg7ksw3XxHhmC8jpFwitCazDZpED8v37ops4y29xGs47XULczk1NPtkiiGzTJKKEDb31Q

Transfer 1 tokens
  Sender: CnDzvCTMRTDQoi9QKh6w1ZiR9EtMBUfJfZHMXCoYZ3Nt
  Recipient: D4vK9y5NAhpfZZWCmuMLSYJXttVSD9qfW6rva4tfvFo3
  Recipient associated token account: AFQP2XS6vHZ7nzX82m4E5sUhBnFsXXtSduSmsVme2eSX
  Funding recipient: AFQP2XS6vHZ7nzX82m4E5sUhBnFsXXtSduSmsVme2eSX (0.00203928 SOL)

Signature: 3uSuzYCYWcNxgqQnvhJD5T6xpfMNGRiSm3SuPwgwT85uj5xErbUPXtuSTqb6FQFWtdLweU3cfqxp6SfM4EhVoNFr

Transfer 1 tokens
  Sender: 8ZxkNTxjWHXgahbme2UKRg2hV1w2qYingUsVr2ugX1RE
  Recipient: GP5wZ1hEfpD9TxhZzPGQVWSS6VVBaGY7J6dt8KeQuPxv
  Recipient associated token account: FDC2Nnsd1M3UJEx2JPpwqGRpZDzbsfEikCcremtSeWKZ
  Funding recipient: FDC2Nnsd1M3UJEx2JPpwqGRpZDzbsfEikCcremtSeWKZ (0.00203928 SOL)

Signature: 4M3mhjAA63wTUgPrvCnmK8NnGxcK5mk5Cs5ni9v76Z4VaebDZ3hcTbpneynrYF4hCMDMGtWzFM484vrG45nV2q8p

Transfer 1 tokens
  Sender: BxR36RAAuXz76V3GFAmKmB57hG1QWv5RF1FZGqh4WD7X
  Recipient: 6w4sP312fQDgCX6kjZZEegmv86Xtyux1kKhnKNsaeHJj
  Recipient associated token account: FZAkKMey6y2LCipvq9g99b3dpzZ3wHpptsnhWgayNasP
  Funding recipient: FZAkKMey6y2LCipvq9g99b3dpzZ3wHpptsnhWgayNasP (0.00203928 SOL)

Signature: yXJ5yWntTux14pbpiF47qDkH6HFXETLivbUMV425qEuAwpyBFfw5FSWJ6BJQ3h8tK8GinGUz6hfCxLKDKuxqWuz

Transfer 1 tokens
  Sender: 8616QU6JLhJMUPVYpXSCYqMWNaAk5XmTwQF88bxHsm3s
  Recipient: Cg62iH9s5gSmBdmtxTTADsVjZkpikdfUqZMtYVYwJa5M
  Recipient associated token account: GpxWs7NTyDPpJTSCuiH1GLhaUpuRp4WVYec6RJudJ3Zb
  Funding recipient: GpxWs7NTyDPpJTSCuiH1GLhaUpuRp4WVYec6RJudJ3Zb (0.00203928 SOL)

Signature: ZgRgzHGoG7TwTLRRjBgbUhFifw4A546oqzFLarp9gLUvomZTshKwuKH159G2idXyMBwccFqosXFWc8LwiXxVSpH

Transfer 1 tokens
  Sender: 9D9DydDjAxXDZnL2Lo6KAwPPg9eqHh5h7dHXp2vMDoLj
  Recipient: CGqyDdLVve1Ws8xLQbxB5spzBhsCVkLw7PzcMrwATiwW
  Recipient associated token account: E78qC2wg9ZxQ5tYwzwNCrUVpEfeCfkhHpbKMAwERk52N
  Funding recipient: E78qC2wg9ZxQ5tYwzwNCrUVpEfeCfkhHpbKMAwERk52N (0.00203928 SOL)

Signature: 5anqiDHFGhvzcoe73Q9FWSPUWwpjbLiSzV189pV6eB8pAYfMm86q7Qmn1SadbPZc4YjDQWaQwGiAACaumf5AnJ5k

Transfer 1 tokens
  Sender: JAzUo1A9tzjZFPo2d22wEutKjg5kQw1ytmFBkrAsiL4J
  Recipient: 55nHxwMUWJfsGCWEnjQdEcyA9Sfcx2tH8z3xi9r8G6Ke
  Recipient associated token account: B9172NNkJZ2MgdDt2qaQvxTrknYrja25fUBi4enFo6XG
  Funding recipient: B9172NNkJZ2MgdDt2qaQvxTrknYrja25fUBi4enFo6XG (0.00203928 SOL)

Signature: 64wRFXei5xh1pLAarh7Ljtmm8sJGMCtLVwh4sQ8kgkX1Nyo71hjdUuFxmEMTrTbLyGgvwrDy9XM5jZhcymVAicou

Transfer 1 tokens
  Sender: Cds2vWv4JBME6ziiai6w9uJFPt6gZ5kntdEWdeQpXuCw
  Recipient: FpSrQMhnYa8YRnEQqKstyi8DYsMvET71CPfnmJkBSSP5
  Recipient associated token account: 7qVp4RnguNmB43eNz5Z8sqWeNXJMGaGb3aoUYxtpwwhe
  Funding recipient: 7qVp4RnguNmB43eNz5Z8sqWeNXJMGaGb3aoUYxtpwwhe (0.00203928 SOL)

Signature: 4XC4V2oL4HANyg11ieY6deURBEMzCN7s167EqqiTtwpWjPunWZqsr68hrZx8JipSkSTBxiqr8d9joKjkwJsVZ7uj

Transfer 1 tokens
  Sender: 2SZ1XL5zkqGYoxeQ7qQmPeHyPZH8GhCpDnPgShEzHMGW
  Recipient: H7E4JB8ebHaoKQe2Z3NAwXniKcuy7VVuAoycx7PYAbE9
  Recipient associated token account: 8hWzypvbQYME1xcoN8y9WVgBEFKZzQmZ6wgLTmKaapNB
  Funding recipient: 8hWzypvbQYME1xcoN8y9WVgBEFKZzQmZ6wgLTmKaapNB (0.00203928 SOL)

Signature: 1RzDqYJxbGFCLfqBUy315W5WBaPQTX5DDynvXVTKLJTNSZH8uJQKULrRYSwNTN9zQUmwQqPG57owW7oNHG3mZ8M

Transfer 1 tokens
  Sender: J66xqEHrcRjYHb611oCkJTuGUAmJskQCdAg3AmYJX5Cx
  Recipient: F1j2YBwfgooh7E87q84CZXMWXFM7CrgNZajss9PitP9M
  Recipient associated token account: Dei9fn8vdoPqqCGYbvALZbAfqDnQ29DUmrGMXMiDRysL
  Funding recipient: Dei9fn8vdoPqqCGYbvALZbAfqDnQ29DUmrGMXMiDRysL (0.00203928 SOL)

Signature: 3ZN6GBP6qgJ8sNrRirJiQ5PnsihKrCh3KAMnCB1f32Z58Az5uGFX7WJd6t74VeHADnSGoJdtverPGbaZMA3FEzae

Transfer 1 tokens
  Sender: LW3x77me1oiUsXHLx6JkQjK6eyAsCF5U1akQ4EagPUF
  Recipient: ETD71WYbev1wr8SugadCZKdiLoVxma1soXhHxj2atNqu
  Recipient associated token account: 3HxbvmFGNtYjzox5yZCcA4Ag55jtqUJwvtsPwUACtRaL
  Funding recipient: 3HxbvmFGNtYjzox5yZCcA4Ag55jtqUJwvtsPwUACtRaL (0.00203928 SOL)

Signature: v4KcWhELeShoqksUVXAPZH4qdcWqci9385Nm7aSBQB5xihXK1iaZALLH2QNjnG59GTFU9zTTWfQD333FYXRf4p7

Transfer 1 tokens
  Sender: 32VTk6JMYabh3Lhd5RTpxdwLmC8vN6xCZcDb7nrwQKxV
  Recipient: 9F9Ku9zQ8Vegtwr1afvqHNKKkjPYmWGsYtRoFFWYtRdi
  Recipient associated token account: Ee36GhiUMhxBLYvFvY8Pjiisziv9fM7HjyNdss1mj1xy
  Funding recipient: Ee36GhiUMhxBLYvFvY8Pjiisziv9fM7HjyNdss1mj1xy (0.00203928 SOL)

Signature: 3KdqvySo5sN4EmXFLcrPGEiCRhYropnEViSR1jBAqvgcZhRM7bKhb15FHckGAC3TgNfT1iZEvbpDigryokR7ZnCK

Transfer 1 tokens
  Sender: 4AE6oySB5bt2Q1VtcyUSmmiQyP4HQ21a43YmcnJ75FL8
  Recipient: 8P17pd29uZSPzUn6QQ1328QWXqpG95xy8djdj679qPDj
  Recipient associated token account: 5UqkTZjsfRb57uJwuU2xXencWsDq5xp9A9Vvv6oLvt6W
  Funding recipient: 5UqkTZjsfRb57uJwuU2xXencWsDq5xp9A9Vvv6oLvt6W (0.00203928 SOL)

Signature: 2nNNwzbR27g3qUokwLPb5LPUgRYA9t3pYLEvArniBUTzzDZPhYWoGauX1oTaC91Zc1tQo2XLgNB25s53BkLX7Njb

Transfer 1 tokens
  Sender: FnDd1zLnm1MZh7x3WfwtcL2vCo9LHkRmZXs7XrXJT5iv
  Recipient: Cn8YKv1guRu8wRC3VavVsKQVy5TzcyrbUG4om8SkR2Vp
  Recipient associated token account: 4bZ1ZGSMi8Q11gM9gLHhSm4BFcMr2HkVjadhS2AxRwTY
  Funding recipient: 4bZ1ZGSMi8Q11gM9gLHhSm4BFcMr2HkVjadhS2AxRwTY (0.00203928 SOL)

Signature: 5WX4zdjdXG3UKtjjmutbENKTtGmTS1rSZF76RLtxXYWJFth52B46w5bH9apVodN1rA15ixK3PaiFg4dWHFhm5m9d

Transfer 1 tokens
  Sender: C2WBUfVRefEacXRFLfSjAyTWGTgAW1ZbwhsLpSmLbhTi
  Recipient: DgA4aNakbWwjENL45gpa76Mt6dVaA3HYtphjy1B8eVw3
  Recipient associated token account: B6fEAfMi344nvmnawVhhN165oJQ3BbKnbp5KMSa7bjX2
  Funding recipient: B6fEAfMi344nvmnawVhhN165oJQ3BbKnbp5KMSa7bjX2 (0.00203928 SOL)

Signature: Mvu64gKKDCF7kgybojYxVQMFVDBfVJVsrVb7P9YuKQPdMy6eiXkrXC1nH3NeHNnHXnrJ2MRMRDtqv8BZP5wxUKu

Transfer 1 tokens
  Sender: EyDNwzH45VuD7pLw5jt2HfcKABT6EYFcGbuHKpzUAT4s
  Recipient: 51oET2dy4vCmZ1JMGYR9hbsvsLng1vcLD6z2AZp1uq1j
  Recipient associated token account: 3eFH2hyNfjeSyuutYFgYdpbWnS6v7LBupyQAiSHYiCKd
  Funding recipient: 3eFH2hyNfjeSyuutYFgYdpbWnS6v7LBupyQAiSHYiCKd (0.00203928 SOL)

Signature: 3QZntfnQYAD5JQnbyNntz97JeWzpQrCDpFmYaHPTwYjVzhhvS5dgPC3SshoNnLkEmm1Us5HAdEvAsuL14Q1d6VN8

Transfer 1 tokens
  Sender: Em7tkRgr41ZPYnNbS8FXsc7FBobmLPpnGEZwbPyUtnEo
  Recipient: 6x3YeSgZ3W6d3CbCXjihYuTdVhFAfoU7A74sjjw8VcR9
  Recipient associated token account: 8A6KupqJZpaZmkAvqS2wUaW3ToaGGBG7fYrUAaDsjQPU
  Funding recipient: 8A6KupqJZpaZmkAvqS2wUaW3ToaGGBG7fYrUAaDsjQPU (0.00203928 SOL)

Signature: BHZzKpxrNU1SXtreq44devYip4kVspwfLjHwKPF4ZaX4LX5DyzkuJxAyRg4i9JmzT517YfgqaYZcxAKjooaD8yr

Transfer 1 tokens
  Sender: 8NdomnuUEMhFZkUMF9sDJTqYwSnFZMUNnKYijhyBdgMq
  Recipient: 3qFXw89gzFzNjieacSxmws2VwmCZf2yFxHAiQvFWXqcY
  Recipient associated token account: ARMi5NA2qpLJVVk4XZWteQPnGikTegMWVuZPRF7Z2SFk
  Funding recipient: ARMi5NA2qpLJVVk4XZWteQPnGikTegMWVuZPRF7Z2SFk (0.00203928 SOL)

Signature: 3g9wcaYR6tCGChzZ9hyVWp7T4vwA5EL85uu5Q8qVZs5rvNg82rbgKXx4mMHQD76z7UBKs2sFYEusA5thumDst4cQ

Transfer 1 tokens
  Sender: HDe8XgHU3QaKzTXc71wVhBmiow4wa7PB768S8M5FQEuw
  Recipient: FpSrQMhnYa8YRnEQqKstyi8DYsMvET71CPfnmJkBSSP5
  Recipient associated token account: 9fB7umBotb5kgfHC31JzX3iVJzSGWCyFJEGWxoKizxkn
  Funding recipient: 9fB7umBotb5kgfHC31JzX3iVJzSGWCyFJEGWxoKizxkn (0.00203928 SOL)

Signature: yMegHL1n7cAzvxF5VZwvvA1EXaYDU86WPPzfYJVy9zNa3ZvKUSWDHtc1agg9ZAhXS7msjbhgTVvcjTATLo9a2SJ

Transfer 1 tokens
  Sender: 7nb5qz9EthaHwJ5u6UML45pkVNdQcbMHq41NWoLZVt3
  Recipient: kbtxDFxdfY4NxQ9kNAuXFJ2GuAZE95dCXQw7yeb9q11
  Recipient associated token account: 87uVR5L2XEHmafJSNUo33ZNWrPM5vzvkurBYgqCXRnDK
  Funding recipient: 87uVR5L2XEHmafJSNUo33ZNWrPM5vzvkurBYgqCXRnDK (0.00203928 SOL)

Signature: 4MkB3JoepTAGtNGMaZ4UWx87WPkd2UXNoYMy7Jh2BE4V312HF58yojxrt7C6pMu5NoxxZMq8JRKEk77ftYP4EUP7

Transfer 1 tokens
  Sender: 25nzcNVdtCtA7WquGYtG3rLdLhuJGHZRLHPpPFse5HpP
  Recipient: AKNWcLwASgj645B8wNLcKuTsbZ6vZTDLxzQcpjGHpUca
  Recipient associated token account: 6F1Rzz6yt8my8rT6GzAFF4eYLo2SEwyPG5EAKeb3gWb4
  Funding recipient: 6F1Rzz6yt8my8rT6GzAFF4eYLo2SEwyPG5EAKeb3gWb4 (0.00203928 SOL)

Signature: 33cwZ3dQ8uh9UteztTXDNRkq6F5xoLz6Ub2hyUu2RjqjgvVsWq6j818KiQsP2wEJ4koq5zyfVUya5nBExtc2NBrK

Transfer 1 tokens
  Sender: AQMSgwHtcwGsqeoMmRK9SHdC3vBCEupxX9DQ458PTsUj
  Recipient: CgeQQY2g3ZKXSPBdTVa2sZ6Eet3456WfG7KmrTLRh6MF
  Recipient associated token account: B5BWRN6kL4VXr7xuEi7RJHysCxJPSvBa8aHneNocQZaH
  Funding recipient: B5BWRN6kL4VXr7xuEi7RJHysCxJPSvBa8aHneNocQZaH (0.00203928 SOL)

Signature: 3reCzjitQc58qDczw6Fp7MiHU5nYS8fSRdwpDUM3Hihp6fRPfTnyrx65bJv4HDfTbAeMEHudWfUC7XJv7K7HEPWV

Transfer 1 tokens
  Sender: GyRKXeSo9H8Kti4Z2wsUUQQ5HZavHH6d918tD1ZM6FSH
  Recipient: 7gZnusx9yjnAcDeXCnMrvCHHcKnnfR2jmHWvpNBMZA6r
  Recipient associated token account: DTMbmASjzkBDgWXDVqsFLnexGJnWaoVyAnUWxCC7v1Lt
  Funding recipient: DTMbmASjzkBDgWXDVqsFLnexGJnWaoVyAnUWxCC7v1Lt (0.00203928 SOL)

Signature: 5iBXfDP2Z59WTAUpgCnYXLWbr4ShCoymqfNmJdau66Kcc5vWWDvGYxg34gMnD8zJgAqRPRt6i1fxMUqFbpRkcN1j

Transfer 1 tokens
  Sender: GtSP7HHGefrSTwnkxadxzwuABj6Yi8aBEj3G84EiCN5Y
  Recipient: Crn12seqWf8o731BpcYyz4wdRANVT6bhfH6WN2zLRApN
  Recipient associated token account: 8NyEHb9ssELaoBSNGMBLZn36nR7LmPqMBP2R4nKdbGgi
  Funding recipient: 8NyEHb9ssELaoBSNGMBLZn36nR7LmPqMBP2R4nKdbGgi (0.00203928 SOL)

Signature: 3X4FFPo73RTKqwpPQbrk7k7eNKP6aCPVUcFyh5oeBLTaN7L57EWLfnpSXjxtxM6dXfhSUYx4dAbTJec8SZAgwzR

Transfer 1 tokens
  Sender: Eyr1uHbF6rzLnA56X4wSosCDwaxwSEijtcdfpayg6hv5
  Recipient: 8YxFLe5NoaTNzUHQDkyabtHwSnYuVPi7pKcsNXd9D5SU
  Recipient associated token account: EkJbhZNYvPFWM9ZjM3up4XWbKZr4keLZjs77TYWqT3eS
  Funding recipient: EkJbhZNYvPFWM9ZjM3up4XWbKZr4keLZjs77TYWqT3eS (0.00203928 SOL)

Signature: 2ur13AhnR8kQZhZqpNkPQZ69aLnJ8UC1a342ffehGpYtMxFaMRbSyU8DQ3EM1C5ayJKgpFPXBZhkW3CQ1cJe4Qxq

Transfer 1 tokens
  Sender: BoDjzwVYASmzzL1CgFewQBGUcPUDEFMg2uCM28WGGsJU
  Recipient: 3udsmnZ84a5qbh4RdnfGcNfQ41U5ZXZvv1cAStHNYLAy
  Recipient associated token account: ESBfsih57aD99AnjesfCQRVgt58KGzs7G9vaJYpUNv89
  Funding recipient: ESBfsih57aD99AnjesfCQRVgt58KGzs7G9vaJYpUNv89 (0.00203928 SOL)

Signature: 3GxoWXbiquqyFBB5mLdFuhv3hfAqXS9n43NQYh5wUAa6zmCzkQG1pH2Lirs7M8rFGPegFhLz51x1wBYu8Yp5mr8

Transfer 1 tokens
  Sender: 4jN27i1zGqAa4ukfKBopKtKCMKa5CSL8d4AQkMrkWRtF
  Recipient: D4K5yZR1kcvaX7ZDTUWpGoZM8gHVjC1pxB1m1vSmC5NZ
  Recipient associated token account: 2amHuCjqWUZNaGDnMeL8bS6M1BuExX5EgotJEDHoHPjm
  Funding recipient: 2amHuCjqWUZNaGDnMeL8bS6M1BuExX5EgotJEDHoHPjm (0.00203928 SOL)

Signature: 3pVHptxjPHBeypDv9c91R8Y7Zcj4Rc3oAvvWFCVtLpHoVPPBPS7BM6F7B9n88TRQLVxTBFviUe2pqoyEfserNpVN

Transfer 1 tokens
  Sender: Bemx7Xegcv579L5Dng5HnpVE47WJ5Kq6ZYoTr8SWTGvC
  Recipient: 32jrfQ6h9XrfAjUseyBaRfFfLDUvPWYdm3BunPPkDak9
  Recipient associated token account: DJt84BoAw7pagbtQV2YYAEoftwRhb4RibsATm3jukYmg
  Funding recipient: DJt84BoAw7pagbtQV2YYAEoftwRhb4RibsATm3jukYmg (0.00203928 SOL)

Signature: 2oq3aDkgicaPoH35HQUzDco5KPPvZ1sXLuwYwUTV32vniB3UARkmEUvrVp8fphEtnqX2CZGUaK8DkxrWgAVRBKd3

Transfer 1 tokens
  Sender: DXXaJyvXyJVRZEVhv2BuDhR8j6XyVbEtpMTC18u7AjME
  Recipient: 8WYRXiQXQSoAMw8A25HuTiTmkg2Ax5YTaBxmHZk6s5LY
  Recipient associated token account: hXs16R9RxWFJrkvpEFwRpy4UZNbwquqPuhtUEn8Vcxk
  Funding recipient: hXs16R9RxWFJrkvpEFwRpy4UZNbwquqPuhtUEn8Vcxk (0.00203928 SOL)

Signature: 2CRQbvrSVmfch5o3DHmkh44vg6a8fnUnknXzpfdXj1FNRaQYq3tyafTfkZmS1Ck3WgpEXFQWErKAbxU1GRKG5Gom

Transfer 1 tokens
  Sender: EKw88h8zPpToWsXkhNNWbDW4SiHEyMKUE3Ugnijgp6pN
  Recipient: 4Hsiz7q8vfBizJWsE9RViFpbAPmiH4pBHcA7ksq5JTaF
  Recipient associated token account: EkHcpPL28N6zJSzpXJpqUUn49kPgcGrfNMis6FWQ29VF
  Funding recipient: EkHcpPL28N6zJSzpXJpqUUn49kPgcGrfNMis6FWQ29VF (0.00203928 SOL)

Signature: 4p8tnNAJNxLcswwidFqQULRYfhHRhRfxb8j98YkJ9LSgqy2Bs6VECxCdarJQKGToBc9nezywMXDUxLcCdCaZS5dC

Transfer 1 tokens
  Sender: CzyxesymVADgUMxiDPh3Lr9Mb4Cj2yvPbnwTAayCQmV2
  Recipient: EwNi8DxAxWFyx7A8SCCYsY2CxWDPw4QHsbS4jgkyXwYH
  Recipient associated token account: DZN69km9tDTsWfzbDxjMo5EKPSXcLPyCqPWUe42YKZje
  Funding recipient: DZN69km9tDTsWfzbDxjMo5EKPSXcLPyCqPWUe42YKZje (0.00203928 SOL)

Signature: wLcvkDGzZmSAak3KyCLyzydTVZ6ycYD1MAy82Vz7N8RBVfp5Mry7o3dE7ARqcnMLPiY2UpuaH3rsU5autBw1cWn

Transfer 1 tokens
  Sender: 6bUiQu9m32GiHMCmpjwbkbgqyUU2BAjUeNi1DESXiZPD
  Recipient: CBs38GrLkRKrf6ciZkBbD14BmW43nLB5Hj4BX7UkNhLF
  Recipient associated token account: Bg3pS4RBb7mRZNxwjivvDWDyzcriqNNMegHjWGNxjE4z
  Funding recipient: Bg3pS4RBb7mRZNxwjivvDWDyzcriqNNMegHjWGNxjE4z (0.00203928 SOL)

Signature: 5hVL4LUZKfcYfn3tkh93yYtgMLEkZTxaL1t4vYmBBPNUprJ3BFWJUvkDHgT5pCPiioZyF2AaT7LfMy5KEyvayLq9

