GNisgcTZZ2WS5PFAEkVUbFso3wNe22cjhmZiEjGcqeHD
4eYMboemLtNmqw5PuG8TxFVZUxN8crFJZVjrRJCz89GX
DnmFPnE5awaed1HimvKNBCJkvz6zi9WCaqnrvzM7d8PR
BU9GQbSnXQcF59sm5VW5vM4QP138cM6s2vV4p4HhrDjY
AEUto3eFWHLAmmVRq3Vo2fmHXwte525jQGG6D7pN4RRd
2vhNMJt9fhQs7f9YQubaS1MpCuUdx9o8zTwqxzkfcLof
6zbHJGNdqq7PawynSgxW6csjVHAN9nm51uLNMZqpxZts
EYYBDtvVVcmGnANqMrjkv3cTx1h7pNoGKQEDJViS8EmN
AnUvEuvzDaueXZCaEMqWUsXa2aSmn2uR3bpqzWQE3XB5
7engHFGfqWM3GTvWbnmEy5a4crSD3Hvu8S828cTkRLA2
8M9oUbemRx8ssQNtwH52Hbu2H4eJ8D2fm63kGfJ1KnbG
CWiXLx6juMmaq33BPXGJ1k2DPqzfDyCQWoAsUUe83CqP
FcJXp7qfgdiiBP3JySHjB8KaBgv48VgUNesdv8j2wgFm
7zfyHQYPJEcQhBywdXqSMfzpCsDZSBZjNzcp4LQ2PcwL
AM5mu6p1LhL2VdHx55NK7HKycahcvL5nYWMWsSQCbxkQ
GA4RNAq8txnAwkCDNMJEKpRMAooMPRfDt2rModXmCMDX
H1eKWeHPaWDzvxFNJoPVzrWpsBG6dxahdLALq5sAjTw5
APbnaMh5jXT91pevLBenckSwNjEdnXCxvnpyUt3W8iZx
7P4Bb1pCMuYNveYhg2j445cmTRCEGp2eAAtBQUv7Jz89
3A12BaejhfnW6q2uAHa1pcADTGyiAytJVFyY7Me86ZTR
AkdfJa5NmE1pQt3Ai7DpgDg8kryN5qTZirp6LQcpen6R
HBBkVN9gc8jwsLWkyhW37UQbN3JCeBAK5mCqzdrWPTha
6uWDr6tgKgb2VKRVFrfJDAL3ivaTnSeAN2pt7aLoKbEG
6SFHoh88qeS2VV6gLaTSNjcP7AnF2ZouWxGd2vmVcLhU
AEUto3eFWHLAmmVRq3Vo2fmHXwte525jQGG6D7pN4RRd
E8pAWPsMpvuvxU6pqJqrq7yip7n6VgzpAcpdqbzcV8Nw
4Hsiz7q8vfBizJWsE9RViFpbAPmiH4pBHcA7ksq5JTaF
7P4Bb1pCMuYNveYhg2j445cmTRCEGp2eAAtBQUv7Jz89
6E1m1jQfPY1bk48NyN1GMwJSmxUbS9Sqr57DyitziLWn
FDPeN9W7K5bGHX44qTp5gKiwcPLrZA9u7143gSfdzpaH
FjD9nUmzPPktL25Eax5CKrxyknMyFxaC8oTRgb7RvJbb
9ej7a4re5ZsayUKYpU91q5UEakEjCwK9mFb93zDAKwUM
5KPUyaQpZnNaEeZBKwcVzyNXrFM5gR4wLjUzjyBD3jVi
9AygFkr6B6ULfKYVAou5ZC3AkoW9U75fX31NQF4VDHqr
8X2bbfKpevV9Bs3PYTmkfCn1FRsCcb4BDnSDKShRouZW
35f65TNSasL9GcmRmoPh3XqEsiyFnDknKGBr1qSSeTXR
6gfi6GSjrhqc5xDLtDkVrTR61Hi7GMNPmJknxvbqzb1x
DhJ9d4rBJ4VF3ZFGkk19JieZB9Gzn4jnYL1EqLHc7FVL
Dr3wk5k5hfhrLvb6JvZMFCBEixAb2mMCmBm8JmY7tuJM
9iHyBs1jAEmDLwPW7gKxjwjGhaeN4yYJ3NSBm1W6fMCL
Ein9gP8qzWnLjCtBWpauSw9Yo6XQoqmrm1rDfT38EvFK
5nH4SNp9Hhigqmjd8spT6UyLKN8okssmWJ48uCGfWf3J
7tMyU22ViPrhY14fy31bSmTsQK6rwc9q3Zbq2u5RkZis
Hhm3PhZDJ9wmhPWxgBctm5A4ogMyGumwzxbnWPTXG2N3
AP7H1xbTDGwvctqZj5xHeCZGy8i1jGuBQBWq2KdN4U6Z
781GzKc6aZPcheyEhmeziGWNgJBhePtVnsRsSCvrvWTC
AEUto3eFWHLAmmVRq3Vo2fmHXwte525jQGG6D7pN4RRd
HETwNvvgsoVSUrJ2nYdBbHuZ98PXESq7qujhg6Zz8VGH
51oET2dy4vCmZ1JMGYR9hbsvsLng1vcLD6z2AZp1uq1j
4j9S8vxhMvkhwmH3HrrxGsXNB64ZzDMTGXdKrnNLtdbS
FryJS4Ynb1kAMfZ3U2xBiajSkkWiaxo9fWULZxzgQ5P6
J63PQ61AFhZXeupw9j5GYY1aEuR3R6BnAbtfqqAX6DQw
6QmKFsYUfd8nxLufRojQxWQj4TGhM6ueJudmPd3NxbHY
5ffREb952Gi9apxr62XDNhKUAUy2nTEExaPYyTnz9YFm
5iDcmVaSaskGaYt28dAhTw5zWUC9UPSqsf9M384ofg55
FryJS4Ynb1kAMfZ3U2xBiajSkkWiaxo9fWULZxzgQ5P6
AbgicEN3npoAGUvZCJWpkLkniVxnEdcsFnTHCcmhfUKF
HixKvMRNaapShj3v1J96jLMtZuo7wNwtGAi4c1Q5rJV3
3vipZF5ThSaE55jGnHE1PZhCoHvRfBHvihP3pQ8Ph7cF
wCeVca7Ry9B4eKJb2JeA3Q1KkyFUCdhvdWmEC8mBcEd
B5wGRziAmbZ6NMGwatX7s3rp9tWzDL3fEJojQwh1JREe
BAo4gHTphwj8FKEioGQwSgbaTKHZqDe8L6vcBpj1xb2F
7QycDRDkkHxLXjr7fvu2YnyAfbNc9MfaqA3NGQLWZ4s2
2YCagYpRQAbRcPXHzV9Begu4w6VnWz4amVPwhcgMfC2u
4bxveyHV7b25ZCh5cJvUajTyDh1VjnPVqv49r3Dq6niM
2n5PbADyQXeCMztD5wnZjF3Nn2w8PmCmqSQ68TT6Q6KX
GQotqmCgfzgRhQEG2LDtThjnkgwEToqZmik7Za8HAtj6
CSen5Dy9AgY7tawJ8gtA1hyaarAoeHAEYqcsBLxpZ6bp
AkdfJa5NmE1pQt3Ai7DpgDg8kryN5qTZirp6LQcpen6R
54RmPDLfKsZQ8AfYxkrbsqd2pEPmaoRih76iW9pGAAM9
8bh4SCMC7vs9UDN5uPGTo5NPHLLFeeKaLVvXJt5FUSXh
HFqbempFrTudgpE7mZ2U7jsxfuJcgH9DMprLKLNdPs7B
F4hN7ecndZ8Gr5KQNSFaSrMGawMasz7jfWTLTMpk7gaB
BgmFrfqTXf9huqzbn6ESBkgdQCYFFGePNYr84ZStRTKg
H32kV8q4EUDAzVCyVxKVGrQauhmiaS354pKakTqQC6ne
37QtWgJbyzz2G53ZBuq7MN7QQSZFnEsE5w4R58TM1Ai5
5XqgwWmdAbyJkuhpyVpRLakA5neakoptGbtP9rBJJtJu
KRUViqacuZLUAioiUpT4AdTjUZcuBsj2Lzajn723Fwr
DZzNJpg1efrF2DPuv5AZnLZLq744pGm7PeFEEEvRPaUx
EFpipurDmX4Lgv7V5TobgR6TMnBSZv734pgcZjWNkmfr
GeXNmDTftBYt54hJjxYUA1xg92otyZE7t38sgSb87gZp
B2Q9TY7tL2RD6ZZRkFjA8tZRdxzf5fyZNZrtXPrXv5j5
GSfDaL6w8DGZQEhTLmhKtjwJYJiKdLT9JsYTdi2W4WMZ
7xP8eumueg2K7cw6RYEVEoLHHxBkjRZ4qLaAYRQTEwTp
72b8zJdCuZBv1WyRAhhSjC1rLC95bG42dRGzwfPqsyVr
GNgpNezjwKst92rSp6DndiAH8sCgvN8eVk8rpz4WFr9i
ANku3SWp9vX8bHfQEKnjnw29t5HGkxA4fMXxzcERQDgu
6gfi6GSjrhqc5xDLtDkVrTR61Hi7GMNPmJknxvbqzb1x
DcUQr27FMmr9UCmdMGY4Y42ghwuvE9tXaXzsQ1L8hCcG
Ahm38C7y2TfsoqnTAmRhFHgZnsgNjUBmtMAWw6V537i9
3H1wvZqJgy2v5XxaMLFVtRnMeN6H1t7JrenehfQcn4qk
AGcXEZuuN4cRnUB7Qc9kyzr5L4h71xGAYksreUubbDRp
AgPhAsvcwPfT8bcAQxfyvymHdS9enkCzHDZP67ihS5YM
FScVh3sUhmXXwLsyWvhiCFwNs9YMYk7J6xHXXHZN9fWf
EEUHeJFM6mUeN44v3kpepHXXBcGY8xV38TjTNxHEt76U
DndGvbmoB4NrHeqa9VEgk9nTmZL8XogLMsqq8Guv15qJ
4z8DfUJGJ9bWjPwk1ohpF9j2QBGgc25NPzX2zRUCmvoo
3eucHmLaRJzL3d3rzYx94KvxcVhR4ESLo9R9hhb5Snbo
9rZVBdUG6d4N7CQCPp7XoDoDJx84BgQF9JHHqTPNmXvL
DVSaF44DrAeoXoQTCwQxFF5rFuZ7atWN2puYybj9HSrd
