GyLN7xg7wZdydjJBKpt38EvU4xpi8FuCKhhRw5Ygcee4
AbFVadDKAFfTb4K5YSLpesQaG87N1zaU3rFhP5nfwP8v
9n262cA1FrXyNXB2E7Vcbx1t8o5ZreD37BUvDDdEwqh3
Hfr6PbLiNNTuan6zJEb9jZTgqfW3nrEA94uQDTLL5BMY
7Uw3gyfRHvgR5Yza5HktABsjSULMtwrwTTxx6gyg9LUM
7g2tS5iiYiFGmUhUcDgCM8t6MCjUrXPYbXC9NWxUXkCA
EcNBwaKGFKfzGeRppVpqLZAnsFFyZvBUrZvHTKKnDVro
4Kdbv9XG2nbvY7JHnfKjLvE3QsWLVUsXffQmPfpjSQq7
3PreFu6q8ereG1jvSQChu4PYJKCocH8nKoQp8nGhQmC2
8jicJGaCSTHZCw2xbxKC6uN7rBcNBm2TxJ8xkoajHsft
4eQ6au4A2ahji2DJynsv4ZiFWWx8Pnxq7VMA69G3EBRk
4DiH1H99k3uRGUahpMEYgDr4v6p5xtNYsxkt5umZZ2BB
B4GgrYBxYTw7P7Vh4KdtQv38Li6JPjHvDJ1QorE1nB5f
D8tpQVFYNeys3tNNvcpQ3M6yAJ4CU9jsVbB2KdgUWmFL
D7bMvnJQZ7UyACvpRGMLKYgnStUshaDrrTT4NDE1As3J
6JvP87jBkGKseoToUNd14vkqD3wZWfYDqDPDPd7S7Wf3
2Ex4eApuPAd7dKm21JhBPHPgLPBzm8R6wxUUHXgZSLUd
334mK65CAWsuDexPHJUSFt6oJNgwHphivTKSxQQFRt7e
9rjQBbqMLjzjch21rYW7NWWieQfTa5S4et4PCrjT2yY5
CrsLeouK7AHgYqtkZCjsjHt6oZiCKzTCUYyY2JZMVwH2
GRaw81njGob6S78dzD2N8gvn4bjwqvTW4B9kCPDpGeSR
4iMf6ZbFnXYjxTcs5tYKgXPMBPcPhD4AJJ6DRR3fi35x
21um7iRQ4roZWwrFDMV3tUXyEDwMkzYKtH764dmgmhip
EeXiddNubDs7CAC7DFS2yCyBzYFnxiayzVEVGAXZcrGM
DDEP8x4Mutbmn85mAjqaZ13eeXjV1A3HEqoN6hJ2mSf8
2Tm739iexPX8J4fEjTRQ53V7MH3v9wMSBuryK2V3QgCr
2XdRZV8hTgeiLWS4c9uejpxS1JRaFa1zkn67Ejtfbm5Z
8Lx2eYxo6QwSxsvdH7KzMzmj5LaGdXphvVT6MsE3eMws
36hcNynQU9tM7r9bfetk3U2Gz6oEAuN54zRNioybz8uk
AR83gJUbdStpf9S553WV45KatMdbBiwqqdUbXXVz3fC5
9kMZUPsj4Nvb8J3YG7vcCSyz2DT9VJ7cDWiZRAShD4A8
CoBZafXpXruphn93HYJpCK4i7gLAkq6J7hfayEQ89NJY
zSAvTwDkigL9smwvcikTLLiexsRG1sgeJ6B7DYi7oHJ
7Mf3QTRfvAN1Wpsu65S1wCxhz2BLFYEN5Zv8HGmAvQjE
GGWKhxxB2nYswBJ24T6nQX5gbHvnzTz78UVgBM5iPdCF
3BVXpErD9d379oQVFF3g1UZpgesHoJaxnRrS5ejsrofY
fSSeWdmZb6GgiqCPRgX9W4iZ3ctMiEedyRv1bwr4rFj
CTLCYEiwTAV5gueeMgM4fPuvDEapKktxAWu4zMomwz2F
DVoh8AEjVWf6Wc5w96ZaZUvNeagbRLAyRgTv46YY6qmv
2juaPQLc4U42ZES1s3CKGZAXyakdxSqsA6cqztRHsrGx
279jLT5gq5rcnxjKy1cXY1ty2KNgUGAzfi5EZawfU9gc
3un2pjnbvHVXwabceWKrXKNjrAeknY2DH3TwsC6bXa7B
7Ap5e2ELv3aQtSbNeRizooPApfEBpqNTKGN8WoWeCgdj
AaeXjZeP5aKJ3zqu21cTwpU2As9SY3eEks5w9E6hP345
3VNWKANSiedarzDhaQoiQcZ8A61x9rHoh9qoWcbFWb6H
3u4ADd6iwtQuu3ys1C3bKvPR1hpUtBgMzn4WmcBAxBvG
9hM8CDkuPhGWioqddy7Cm7B6rt6V8cXZJsHJbPm4M1wP
6EqBH4SEnBdP8vy1VCCm4LFPxF8XiarKZ2whQ8aDLnSu
C9PyZXEiuBNi7PbBAeM9z5FKDdpz1C1YNvRAZ39BQf7A
EgZKgjLFguj1YVjTutPhbHce3ft5Wm3n5x7SvzYiU9Rz
