71kJQoo1swa624WVu8EQftS4aHBszq7omiVBry96Diti
GNefxFfhheaSdVbjgNCewWAUe1si5hKrZsevVomtwnvs
3W9dcgFEjVKuHGpP9Xi9zdbBqU563cH32CW8DAaNxCeh
CUkTRJjZMizLD3JPNRwTFUeft578tqU1CrUQnKmw19eC
5HvG96jiuqUd5fc36yYoPQVVqSs8NaeHUZqb8Chb6fmB
3hFRfEwzSMSkom7yjbgz1QJr6L89osVyRktFP8hGejV2
HVgfr4QWEh6HXHt3Kq6oyWTRhNFEjzERr7uGBAuL3iPq
AUZcrTCWk7Y8ogNztDFRJoicsyKbqSSxw9y8CNTA66A1
6nToFr2KbbrH8hEhBfaozES9bhRxaw4XXRjYbiGVmfbg
JDbgXgL49wzrZyhYATFsngoB17kWgSw6Jk7134DzDCVM
E2Y7VZiHYNHSqvqJ9MRZZGT1ZRWmYoHnuSWuib7SeKu2
HF5DG5kCeYoJbek2SWovoWRzFoNq5vxyHadKJrjyM2Nh
8ghReLbE9WB6UvixFzr4KYb6ugH9UzCiT6ruRYoGLCWX
ECW9ZDpPdAY2duTafvE9mZ99dFe9y9iREC6di6TcneWV
6ZhjVtdx4aMc39Us5FVaANwEw98CBUtJ5KgVEr7xjcia
A1xBmP8eWfC3yFqUK1PtnkizdcwiMLgCLK47zLkAFL4o
HiZCxb41q4zD6PED8Ae1jYDxbcFW6X3k3sYvbpd2xnBR
HSMFaK8f5SYkHg6EoRNg5KRvJEdhcycwtd2tkcKoznhu
4DnATGTvfAde3yzGAH1eYXqxED4TCJidvgLSgWosbgSQ
4YcrwgXuuz6om9fcUPJKjNZw8s7S84hCeoqSWfocwXnP
8S8BbaSf6sNnv7MMfRMz1qpyAezHPZXWMCRXy2eG2pLT
Et9f7ukzHu3gvmAVXGQPfqdGqe8DgupW1AnuZ3qeHfs7
AY6r7bmgCfSAMesjnb6F3cXgb8BU2E7Zu4jUNi5wskPb
2Su1MZJFS8qXyba6CwH4hpwdmFTTeHqzn3Hzt6D8Xw94
DCHm6A4ihpz4Y1j2SxPDbyz8zuvXJwLuZ1ALtqFRoQ4x
Dq3oYYZgZEwptYeZsdKAQb4Yv7t19UBiVvNw2sbmzE8b
AuvJxq2Z1HwQhRbxSXL3owfVmo5wvBCcGVgXv7Das7QA
7V1h3hXjToGLjLMoYd98ersAzynEqiXvsSZ98qkiLcFr
7HHPnSJoFdjba3UGviXCP7rqqTd1GTiHi9viQFLSicSc
8iJYFhHWtr9dPw8A43Gzj8yurv1gtGoYtaSx4DFDrWuA
USHKX2t1C4UtSVVVHmF7vgc6Zod4B32vBMN161EZu4M
EQawzq3387nwShsyxPJXBQ5E4fGz3syC2LKVQ6yFkEgW
5vqMySiaqA7bvqMhpSfJCcpN6HgMNmRABxk9KTM3yxp1
D1yrtCVHV1pBaEsPE6atx8hssgkyzeoNJZFhzcZnrJxh
7249gcNh7AAps7DByoQkKMeZ1532x4vVSecA8jupoYXN
6sK1KgNoz7trKLs6FuAsXdBtK4PjqzecnirxdS8rqHiE
CBgtgG6bTftcA5NioZLdhcYdkcizriSWZQMK9KPev4pw
CbvBGpv6wpD8GWmGTCFeL8kwQQdqcbMzHMfeWNAJK7ps
3QTnozVZ4BpXoDVyvgJTLtR7EgZhCY1NaEWrwDD7uH3X
HH8HTPyC83X5Sc7oMyhKpMGeDSFUhhgg1VQWHJQYnyu7
4sbyErPPLbWAPChc5Bp5qVr6jJWD1Ef2cmmNyGCuRQW7
HLS6HtYdFAMmDxhnpUXZpJEiKSyJxNWc5Uc6wHvpHMdN
BZ5uoutWin8CYBk3UtDsg9o855dFuuvxchZYvAGZZesf
87zz6nKNNP6MPreHcJfycxgouV9tfamFAEXX9B2TBxr
EHGEEg32bw3QvN2hDmaRf2JxRBNszFTQKe2AHL9PRVnh
GLiyVLde2t4cxrUydKm2BSCH6RxiJcxndqowahbRGJkQ
4SXo2w1Tt943DAs9xwtHjEDNMXmGCrXeVhWP49rQ6Diz
9GM6Mef5w5AmE7UWrG5PXRWubpNcKFDy1MzhsV6vitJb
9iaxmNM1jgJAGWzNNVJMzgcQN8zNwFT4GZzCzr4pef4o
3c2jm9j731RhsDUvnw7Fx7gqaqeatkuicoCvfs512NFY
4f1B6jf9pHY5ihwRxDvVp4GjUdEF4UyNCt67xZ4KkCtm
EqmjE1LW664wKRaQicA49xEm7iwUACBtx41y9Bo7hMCj
BhVMtChSxWarfYmNxn1GJQefziQufkjiJrENcVADU7t9
ADFjZmoap8YwU34x17hdXfMYEHvFJHdmvE3hg1GUhqqh
FC7KzyeZyfP5eHFUSenBVH957MvEs285JD36M1bpgWgM
D2HzXhC3M122WsvQRk343YA6pGc4eXs59sDHsXhEUXzG
89USLdzhKHfdBcUs2AZ22FSSxz53B7eBFcLjBQGaCQuJ
56VZygabJXgmN4bWyYcuiWtRot47dZ4AMvvF2WmtAVqh
EDR78ve8ag3aGmhm7X93NYHJfGvSiXP9XiN7UmtPeG8f
FX2WggRpXpPVhLgvfNdmcFKee8aHzXy1H86zdTP5v95U
3nXwPv9nHuA9Ce71hgykuXbrMzhmAiLat6PTFHWkZSik
A1LCTNh5jaLWMpUSeD2YwXNeAoFh1KDTafh6n8c96BG2
CdRjcycTeFGmJiEawwFQyLFdCNq4EfynecriN4TnQhcm
B3E6Jp7y8XRwSZCHRzkHL93ub9XRc1jiB8oY5cfoJyPZ
2GHfaXJxNbawjrmnLeSQFeJA7or9D8rDk1uvncfDzhnj
GgETet7dpRKhdfVExMkVEXXmXcxZXqjeEhgPFHCmZFUx
CuFrs9JaBaRnbJr7qFiwr1cunDwkrCj9b8c8ZZpxBt4j
5MxZDEHJyXQ2P6eMYzuFJaKkWd94AMrVS8NrdUnXdFRp
8K7qphbqoY3M5fqXJXHro2MhsiAnemtPvC33BpBP5Hwh
F8Ufba5injdFVxqcQ4m2qC9dg7urs6jNVmKgwGyX22Q4
9hsqNKHdF3mF3mg4u5eCJsXFYJJwTZjEcEZaynuWtx8v
938nuGZkSDh5iGQNqQyBwZHBUvPS9dStVRiM1SqNvXMS
3MQgDB6XUe5qpuTVjJsiYe9zeUrWpjwaETNaravESA2r
3ApTvWpfVP32Lsx12RVrKnQye9eukQA6ZAv6gkJpWcku
Cooi8JbreC7KRrqMDLZiVQw376xA2YU6fVY4BQ44vbzU
F2GjnJrRRwcPuRCf7SPbSfZmtegmFynmJNyqEp4H22E1
G2qfrSjz5P5nVrnATc7YXxBFPjxi2jJF6toccAeceTyR
EXMcvRqDYp6bnzotmu46jtiQWbsJSryWCueh8UkeZZMH
Fs4wCiWex4sDZfqLiAxpVwDa3crHNTrcQjAyxxLZA11E
AYWnVubsp3hbjwaS5iHd6kypHV8hjYjoBXN6SsyE6Ugg
EuxDq3ePR9ipSRTjhUt2sUaREeCZD3a5wyAd42unRVAs
r64VcCsPCGpjnddiaatPjUYUyJppJ1f4zxQc9YK8a7D
5aXu3PA6Wea2gpZ218v6Ng3vF5zXmchgEqCFrrYXs18y
SkyLN2jTH37pnS3X1q71V57XHgPq1kkk7re8N4CMP9q
GZPc1m1xcyooSHbXs551u3gebha9BU4n3akjdEZRMXSu
6qKnaL8uiEnb7aGJ1CWrpogVxE3cn6Ar2qLRNKbG92SE
3XsZqxy6BY7LLS7fWSXgaZFXa87QdZAHacWPn4857Fpb
GXgpReE6BeMS18f9s7bYAizrQF1tKDY6wip6sv8cCv3n
E4HvsBW48uRm7Uj9VJN3Rta9zXt7zaCVfv8V9xfbYDgh
BcXLmTgSxXaQ2RdMxghheKH5SJnBpHfEbQ9hPTAUgqsa
Fg4v6y9tLJvy3vouSE6jo531ZoBua7G2SfcoCHMdMztW
96oFFABEQQn8UFK3USvaVPzEzT5yd4tDNJYBuZHtay8Q
HPivCDsnM7s8eB2nR9r7fFZfWp1BoeUVpoumUGm3TVu
AQduQwfCHu4B8M5A5GSZYgaPm99yJLgf9f6wMR71ZGSU
8oZpN6n2WN7oagj2wpi4jR4dTqdcMHzQPf6eJjkmEn61
DvrDzNgmYCKWpo1a48QbKYvQJ63W1niRfBizifKRqAzv
6j5D5rYQ8b6AmVug5XwQbFUPHn5qyVZB8MeE9mxZZRxw
65n46jnUhDc8ywNLVqouaprop5JtbKqLb1yVxH6ja3ya
6ubWm9EvFj6pRwFHVyZbEKi8NigGDNB4sGqi1VXH2rQV
DQ2MzS6XAS6s6AYJxeoreuhvEg6GKq74cxqKiZjrzs2Y
Ega7nVj2uhfcrCdveG2m4PCoq1kHRCtAoBQBR6yQqw7K
Gi1Zw5t9oht1oWeYcEWjS3JNWwTdDECCqQFuVEn59G6L
2KnX5v9jhHAhMSESfHkU4RaWAyMcRuCSCkDANWznRhM8
4jEx9V9WYNC3z9yxurwULVeTy6FWZZcW9bWuXfrDTJtD
BPWk5YhbvHx31MbsGtCDsYKjtqHNLhFbTHqp4UKo5tBM
4UC8KS58wBjp7LTMkFWstjgpmEKXYTvYbHTxPqkQ3nzr
8LY9sJyhn38MPcxPF9vqiFt4Ax4e3dJNN2Vk2KUwTHXk
7tvFoaG9fgy4de511DzNomU2LtSd89ShS6gyL6nd58W3
4RtBekgnJYYXdzL5px2Jx2C2E1JcPHEk7rgFwr4KfW4f
3w2hzbr8ULyBYvwmCfxeeVnofpjME1WkQbmug9WXcNxt
ADfLpHbY1AHsXYLGEmyftyXnz3G9ww2kHFe4dxmvopmo
Ehu1BDhcCezUCCHYhhgAtYJv4tHNWX3Bn5ytDKsFikzo
825bp6T2gWYf1xdu4CyAai9qfsUr9wsut4QUP4oK1Aho
CUu14RyqUQwCWdpj2oDSNymeTAmaSy3LbJG3MrXgaA4i
56xCj8g5G2P1eaR9cCksGppzxeDYZrcUvuh3HDo8GmNY
Du7JH9dR9ZKuSc3Rs87xuZzk26KVs86Mi1NZZZiMgC5d
FGxtwyLXMQZqnJBax6nMERDyPJct72nwTrkCWo89rnP
42oGgGF24ngQ7bKk5uCeVGkfMKwYbcdz2beLjwfvPKup
5wZK5WGxfdE53oaq4Um7NW1rmaRQ22RYxH9XRFqM4wna
E9wwgq8CPJBrDeeabpYLY9Lx4KEFJSSc5Boi2HgUBUpo
DZ5T85WLyqnAUmS2R9BtM6cjCmJTDH8btiawuef2CCsv
EAr2XTS6GoKsDVW3kttJsyBtTw7tmBroiZdnGvQ6NQQV
2oFXHPka3cCJaRvZcZyYk3zJe9feWJFqQvySVCkpWLoR
6EcB2Wokutz8F3kSUJWzegkYcwrWGG3a9RY4AHsjteaD
HS2Xqta1ooW7kgZ6ipDBusmgZXNSvZGX6XytofAod6bJ
DbuResmo3PH3gKM7arD36AqoJp8BbH1WfpeD6JrnD8MS
4tmrL433kr8C5bJxXftB88BngRuA7nxaHGbRfnNbYsGb
EHpGisGSJqyQbMt7QVTYeEDFbxco2YawFhZpV7PevgDW
B2E1ZYK8bAf2E49eeasYZpXHMbzXsjKmm7AbEVBQxfTw
Fh4c59GtGuM4rHWaWR3GfG6tZDVNyoQ2djUuM3xaBFb7
788QRJniCWApJAVy4MDSaV4T2571RMyH2s5NbGqEgHi8
ABc5WmuYB6wzWv8vRyGkb1JRzjyJGS5hKavwDXsiASEo
BaeonQXiYgZLCDndhX3UvswBFb6GBDGFgGwe8KEPxr2R
5pdPKnBpqU4SSFzCaMvLHXT1wpNnoNT6ByLps6bknCyu
FJ1rJ2zVRfdFxziVqcMzncfz9FSLDDL6kF8W1y9P3zPF
AiUVNVoPYAiGs9Ur65NAHg9ugb8mmd1TqjFHmYBGuHQf
2eqagVrdKBG1LGLo43dmDp113kp6expMuFbzP56rUear
EB1mQbuWSM1ZYqr5V5NuP2vBXG1fUp3w3XCf9B9DJnuQ
31ZfoBYDuoBM9mNgbekcKyaZBDmLB6mwLQnPMKDJgd3D
FU37QsiKGrXt3U4AEJyH9aGCgBHkESfnZXQF5LSgxjeK
5qDTddUKM33eMHCKhsgNXhbp9DyNPgsPm1xHvZsTp7q9
5mw4QRVkfqVxaMLoa1STkyccd1L3TKuyJFzPSMKwkTbC
8od5KWdkQrfuXFjp1SHo6XdUeC9TFyRZXnJroFogoRUf
4w5FaGdBSnFTZm1forrJhdvTBrK26Rs6ZEYrnw3M4DB6
2yYZqChxGPjQttemS5ZvGSwGv3MKvgTucpMPz38MWnSW
4NSmDbDcuT3fqXZcueGMUyC43HTGNtPV7muVhKsJRr2G
4Ej9knooGGDnL88ScvDRuf9gy8uivFrL1t73BBL4fZ7x
2wtZtycQYAtnTRLoGsDiGDJp52Xfbs3jkLP7dyvLyWvC
LzK3Sfro3GS9KrP77inENpqXXQ3KNDpsZT2r721mCyi
GPzHDURSwC9k6gb8kr2CUTjnGax1Jqbc1okVurYjt3eX
92WYwvz2JB6TZLWX93BCj6jFb1WfsYCGiHnRZ1C3YjeW
GCtA9VGBAJ1QVPGd2BSQMaSqM1Gb7pMx3axDHVCdcCgW
89pniC8gcUvFfLD1kGATSjobESKdCdPXGMdrAkyCrdTZ
9fXGYVidPwGViSh3uqLckp1AcPGsvRvedHbPcNPTmryb
EsWqixHXFgvm3naDxNg5jqDFTE1FP45XYPabHhW9DR7x
Cs5FeRbmcJSMyNttjVzauDMBz8xAiPy3YC4M9iUV6vV1
6hBi78XaHNHHmVP2qUg2qREMnAeEcFkup6NrDYw7J7mh
4hhJsVvyN5RQqVRxcggUu8KBDPZQekH5gambF2KTdB6H
3DqkVwGH67FmQbgFa5F1mCbzYoEau7JAVPJcyFNxZtUp
4eexNSLiFyZ2RrkavfnJeg6cSvbSqRrCF1qQaPCbKwTU
67EyjY4gKgm3jSqF9E8vUWE9HM41Y32qZdxBNYvvvACj
512crH6e1PGw6Xf1mGcEUND26EenTaVo9oK3w3aNpkzA
CAopZPpFhpGbDkfPiT9rofSAiDpo4AsQs9LYm5ZJGcNr
6jLs3xCrqHtS8UJp5pUUXkNX5NVQBGcJPwEjkz7e21vB
6t6usVyrruFXEfEGHw6PbT7MGvurUBRaXuvAcaKQH9A3
8TQQzCUCPBjJPhjmVa7JgX2e1KQUyaLBEoDsqZB8qqdP
6N9bivY6NHKKYhkzNjxv8fPnC6BGMPnoB33BT69zTV5V
FGvCwFyP6dUE1DjtgafEPSge1hJToYaf956L9UYrRJue
7gqM3rLLi4v87acWZoJ6QmyX5waNQTbosdfTrQGEAeMM
5pRdVcysVzcSxZjjv5SNcoUwWLKKgQFZm5V2wcAbdnZw
4vhXChh2aZuJrt2WKENnbJQaxQJCp6CwF1B4aNvqpkGq
RR4ypziMETKtRv8ivEbuVjCMdM4qa2t53yjCQDk93F6
ByarsW5WMWbhFX7t7m9E1z9ZQ5TWjCqm2SCdDcRYfFZW
2mbqjEBmdbAt5CY35PbcSUutn5CskPXiMQ7R7DY9TL89
H41o5BAoPg2u7h8ZdYAQEXd9jtoeMye4FiDbNuuGhcqd
A1rZP9brnUHTZZcWqwWK3NZ55xriD92JhbauhJksnCqD
CyrZuQvxtWXreD2qXUtFPETRtkwZqc5uLeBW2tJ8DjWr
9mQ4MH7RDPd6sSXShyeh3qWbMig2yEpYwpG2w8bN4bUY
GwJwMCqrDLhEDuvuYau4ahDhvJRALCZ5P23cUgFLby59
FePESjqKdoFRXUFkCQhSDGWPAVZccfwdHgjcg9RJXM5r
E16HBhAbzwhsN6hcT2XEEd5bfhaB6pz5ED5JxneNa8v7
8GtpuyorMybbNXp25DU618gm7iUUpCE6aaiSNmNkFg6Z
CYE9pJDq6a6EgNCWcRXHeqH45Hh1EjAKeM7835LbgcJW
EwAWjd9aCyVqAppmbRqY5nwy3cf7c89benorj4xuS6LE
J4YiBufxB48dC44QXRNWhwAERHKXMU6JVJrkmYnJ54cU
HEAyq7Uddjcn7cjhDkMeBuUme5NpgxLkohW49WfzDjNc
85PZQAnyTy6WxUvFuttqQTtqct3yPKG6cZ1fv2MtGHUu
DvbndLKVSSaPoXfNeE8kpGZ5zzUW6g92JZS5Xvmd9k7u
2LAgM3eg3pbcD1xZVrsXgSMymtYsazEYKrfxPw5CzEvX
4DWYF4uGpVNNg1kpE33eAV1dnAwy7sqTv9TZeJ29mHK8
gyjEaVACMQmeWLVQHqxf9iNvSzeU8xiNyyk366vGvBz
H4vj49HobiTraENhLQkBRFUjriyXFjGgh3UvS85iZ9MC
7BEiJuT585nKG5og9netW3jx1LkhvkJRNHU6mFepVGgq
6XXPUMxNoweTWmeHVbpMdW673stmRt56nm5pNYJ7tR9m
E3yhNj2bqZz9CF4xbJQZ4GBNfW1weQkv6dWavvWj7aEm
4CTuHZLVeTLyDtL4ofLy9NPBwcutNQ22LeU9KwP2PoKn
D3hFsXLa2KbC43S3LCTjCFzUsih7c3NQUU26AhbPzqXU
3FkhKyRddG2cRFnQX6D98ehdaiDVJCm6G3w9dgFN5Q7f
CzXCAMUJmYoXRu8gHcWK1QR4irxvzqpzBAvNc3cLGkzn
4LfEqPRGv66PzZqFdGXpXjZjArhgh8xnFaHzFBHUnMQR
CpHuxYRyKYqyUAiDS9Zy5teciCG4gZQJNSGFY1rEmriY
EQCuTo4GQR3VJH8WNdKLv4rCUzGfmW2SJ3UNE7c659a5
BKdW6iz4RoiJCzkjfoC74tzq4P3c6kz71mg3bqiZYAKh
89b7FtqChdA6Uu2cv4kp44f9YEjw5DKAFYXv94XErgjW
FtjCokHrEuHCzk9qndLfzXDn26ofTzmtZpVfS3rivawX
5TyXjEXyH7ZpCCkLM9iyGwHRseppYh6QshJGoWc2BXYD
DnydxH5ESYYSccNSqUVXyF7ojMsSymi26NQ8QQvpLmC8
C2zNqpYT1UNh5pXveHrjQca4yBdfkDfyYnVmGQYUaW9s
8PBtk6WUmMhBnpqz9Do8UW9bDHe5w2g1D4BV7q3zA75o
HNY2Q5Q6r176DDJtBhF3o6p71uUtHFWFXaea2aH7KBUx
8uVXBuTVgeLn42WPP5WWw5DQpxMyghzbmJBNf5yLkR1Y
CBNT1KRSFmWAkLwwAsgJvBy4pNyUG1Gtzt1T7Xs4dLsA
6VyjLKVJ2vkU5bMSyAHkQ7gUxrTCeYNUME5s543EjGgh
FxbsNwKbUPMtvyd6TcYVqjjroqC5kCL12KUcpMfsQCae
Be1w8LxGT1RPMa4YnPhbX2E9jYao4vzxZJ7pLW45TxMo
GU6Y4iJwcrjQSMVkw2FiLQDMSwyyEXeSZ54dSfhuLjaw
BdWCqTkfsiimmLC9YXft5kcGuQa5N9AEaNWFdoaNnoF4
Zc2yjhVdDRsTiAN4Q2Cx2YjKTxDSMy9eSs2HbTushy7
AVYxC2pmQkHpq2EEfJsiwRYfkPev7VSFnMtjT2kmrd1P
4wVyfKPGpj6HtTNDg4wLo1ovJ5KMS41Z8SisqGL2ZmsX
AARGi5UARYjyLDCeumX8qj45xa5AzPJTDTvyqyi8WSHV
B1f6FX5R4qhHtE7GLybWmdeRTZkampw8FvxtM14uNWZZ
86JSdBwmkQvUeAvuQ6Pf7M8Dv1RJvU18y9ir6NknLpBg
EdtubazDB72yy8ZWSciDZeGBqF2GERiuovY3QPBVTGAG
2yWwGv3KFvv8fayn8PErNQkpxQTgPWgFj8redfR4Xhv5
3ziBVeuAqU254GBANV2ahZbvdXDdSHjUn1VUpJrTUgPM
7BzQ2wY4AejCKByjs43A19uvfWWBwiAB3B7B2MWotZgd
FtGpqRqcnr2AxrP1MFGcLJpKpZJnT2wjUbRE6oRLP4Tu
zqCayvdXqRU18Dt6TUXfmCEavPT2hufNbsY41AXuLER
EFnhYivyiBWSfhYtG4CCK6ZWEVHXDgzShp9EEeQwd7M4
3DemZgP91WFHmweYoiHdwoHS5Cx8qKqnMkynU23F8ci3
BdYFt8HQTyEur4CbeHGmcwUPPVJiDPJHcXqFzEpNkx7p
31tbaDHCmed83rZZnh4m2qHezNURziQdue2RZ8RnSkzs
AsDc5P9c3yNEycUapPL4PhHQmSZAvUCE7GNq5c61Uat8
2eKESq9y6maoFtYmDwz5nxD6qUkr6y3UTGEA8sXNfpfc
GCS1M7F5xoDfZy33iqwkpYxyEWKFsHsfJPKQWzzvCUGt
Dwth4RXmaUjcQU5qDdXoeaG646cb9q5JQwQ8VzSBWL4m
HwYSbMQVeVompnNYfThrNikFCencLYH4DiYnT9VMzvUZ
2LsTtaUBzrYku9zynbrG1wLBc2ANB3FYVV7mM6FsRrFX
Coud1N2qNtasRd2HfnpjtXWnXvvdZLKEZuSpoFi7GmeS
7aDHP1WdYTTHodMvKhY96Q7hDSKffLCnYbaaqYK4EMTu
FB1z3fVBTtQzs1Mq5QAYxzE3UdiPQMK6gr87shjFq8MD
8YNapDu3GuXhFB1n4R1uv2sbVyzunYZPmDfYgLUCQS4
4Df8T6a4p8nEs51TjExiQ5c5LqSd91dKm1G1zL2wyhJ6
FWJcFPWe5Ns5fUrfmFuSZ5uYXLUhPKJvgCHCCzRtQZXj
2qxGQtaZeka3js3L9HroQe2vg7jRMtAijPvFfMG1A79x
7RaLT85NVxpWfiSHWY4i4L4oMwuV9UxhFjDaWDceD8vU
GLgcAY6PMB7e4yCE6A5bzjADj2uuHHiG3QBUiTpJsFar
BfKyQRmTeBSAJNd2LVyf9BzoiwuZ563vbhTVwC2oueQY
BYEbWx1FBPioCZ9CtRHBVexvAfxfk5K7G8xxCAjrBLaf
