13ZTYJEtD8tsWBwPktxTFYx5bvUHGfS24AewV7e4rf6k
3G7gEuJqbjtDKtHhrC8FVkDodSrN4umHpU4RNNjkzUS1
Fgg1rWtUqgF1usRCoQJrMKfw1tbB1gwepTTm7qpFe9cS
61bpe7MXEL76wd7BjUhKEpSTMJH9J3J2wBhxR3KUk6kE
7gK4k4Ki2nYLbnVxbCGich7uGZ5EpaWvBYBJeCNbcR7y
6opXjPBDEo2A68EY7b3Ts4P2or2ZJAmdYYmZwnSDLhM6
35T1RYE9DJV25StUgLzWNfZkY4M26bFU6KYidJy1jNex
Dbj93rLUCPjhA221eYmc8BdexP3wLPd5qnLAou9r9m5q
8ytFzLqu8YnqkyMf5Vkh4buNUVVr98LDZqw8KsnBburu
6rY8AwPQitStDYQotzRXkM1xBUCkEEQbxrsvM9CUCGwY
6Gj27BRsQeKThWif27XGXJGBw9QF85tFr9g4LL5VYAk6
6LU2nyCyMD6E3E9vqSmMSj4bWFPjrDUxMNBGXNYJ2tdu
Gro69Q9aQ5nKjTAU1WycdAmEChbxV5f7RDfgE7nCgAru
Edq9BLsKCQpHKWDPhNVY18BcSemd8EzgQVafGA9B5f2r
E2bRbfdaHL3eJdthsf5eT57TY33itretv6QKD7JxUEA8
7ifxEBL9PPFqQN5wTcMiyyCL4s2sKXRkWPGSdPGUx5f9
Hi3MdPX2N4nam73Y9T8ir1UN1taguveziz2WjKusNgt2
6jMmo9k6HiJrKC1ck7LbJ1QP4xsn8QRwGNpYoTj7G2D1
8dqSwEmwr41gLMsN4ncWwHaeGydZFX6Qkh4zxmggWNC3
EwKgWnJeCeqde2NchnAk9H6dotafMyY58yX7LZy262Rh
CvQU6xVfPXtfeBtQpr3UuFm2KHfcaGStqhSJnrLEGnd
3Vdr3b5YKdmwHEDf76in1z8qmG5LeiU2ecjczXd4XNab
D6vMRQtn5yGVdu4Maj48JrHKsx39uEAjkxPVHHbESeJJ
AALCA7MGbih6Tmhzh7hXV4uxxUnGuf1AmfZEkUFo6v7e
5L6YSetkKcPwYFsTTXJ2fv9uLGUnWyFduNxi8ujg9Poi
EJVPWv2nBKnyoeuGXjwnyC5JsWT6Xx58ytSFEa57anBj
J1HFZfUARDgcoQCr4TpkpoCJonoTwJEmXPzP57xKrgdh
A5QvMAkyEG3NNshGzzHMLuGN3dEdfNDbbj1SLwrbYAe8
ApqGsCPVP2gYZNumAF2KAK9R4hC42N6KPkMpeZZWt977
5dy1ZyLrJCtE9PagDoKwtxTHhKbHvykBaxiGtrtLQrAa
5w9RDLxGn2WgyPuA5AivEaoMq1eGBwGnqZUpd2ULkFH3
2nHbBM8qyFxPooidJNqjMfYDQX5be5mXiXGfL2u2Ksd3
HJs49v4WbdjUXAbMWJL85AVF9bXH7bNXkyw128e6zX2R
G7oLicXkY2Vp2umaa6xfmERnonZEeoCWGyknswcMDppk
CmMmc4wcGMXqhHCH6WfBbV4BAgpGeKVYUhGeAVnzBWJg
G184zk4h2Zxma5XVWZkrUBwqa1UGHKJWWEvdruWhqt8E
244zZ7qJHp5thkckvbT5mNW9ms7VLtBnj57SCyKxm6Kz
5JoAE3haU21DHZqsLjfqdkrRext4ZCqxSwdDcCsb22eN
FpRBmzkMoLnCKCdL4TqqXet1PkZCBpWKRWfWsvZKmuc9
FBrvuejzA7W6rpAgSWfBEUsYXqdquwXhAQVHeydJPpcy
HKyyFgdKjYxmiRnveq4748nb1z7C1TpXVp9S5DtkygL5
C5iewnxY3J8vHfGPChczunAbqP81d5R5F58CPBsbhx2n
2ZhmLzKt4JrDQ32tjFWE44uQZps76eVajjAnoCfP4VQS
BsGcZDBDf2gLgtFB8L9JRsSAVtY3tcMvP7AgyUK35w4u
D6qsNFYbRaFNnDb9HKg4sZtkyv191JdKHP2TxTHopmdJ
AJGZFP2tAXQ26LjxodWnDFJoZw4pAabo2uGJdPNR7MD2
CSvBmWxp9tyX1vKuJTQ1mDFM5jRQhScvSxSGwLRLuPMf
D9fCXuxEmVYU8Csqr5hqbxXDDqvp4FMDu5aDyBEEWEyp
4vaSiKterqmhc1X55PbD1UsEqnrD6vkqZMwLzAjfRoh6
DXDsy3HtSLTc6GpmaTxbveQaQG2MMJoPLs28tPxYHDTQ
CbbvJoX3q8sYkisg654mTczoyReYcdPHEmL4L5mMxivq
ENW7S7jgLfjx65xENUYrz8emdL8Mb31cXRLAh5Y9vJj2
9V1D4K4XTsLKJrDv4GvoxVynEUAcBPEEuPQMpK71tt6R
8gEKTZ7wqggrwUFH8HPEXYXPqSSghnH61hcNUU3Hi1Gf
GzvGZkdH5CWq9phGgstD89QjeMHRuyqGe6bradt99wMo
YJm58gCct2Vi8FTSTv2vuNidM7Xg6VK6wqgWBx6BLqB
GHynBapdgsQEPGgfcAQdqXdQVsEtD4pC7qT3LLgVE6tb
BHahKkeLxpHSuFikteUcU3bnUV7HerNEtYfMPKmnRT1M
FZQUEG82xjsQxXVwP1YEWQrQSQjroaim1tCQdJHJmQCV
GnD741eGXL14oWv3NzN9hdbjoHTma5XBg7hHKzfM3GZ1
F1yWQ8ekrVGa9FViExF8YRbLaXB54hAPpq2J98PGoiCt
CJ9kDHPkeYnDFAsDFRa2cvrkjFbwFoXaXPYeUkpqtRMz
F6Wa9XRYGm61jtnKFDqD4JQ4XULCh3TpD6YVKJdsg8H2
HYMorXkabKsDabFgWCAok3V1EM1EtL9QL2xmXsJnvQX3
5zwPQKcMVM7ocXrUZHecGHu5eK1QEQnoZNggthB1KSAX
FtrXQKJXxy9GiDZs8oesVXt7MNMnGKL6WntfVjwqSdEE
4XNyYLHxm4jJJTSm83GMHHj9UUVyMJWC7XiKbamNDD5u
AB6JJ5jUp9CVLj21EtTrgm9szWW7Yt5axw9fMuaGSfka
CkysbdftrP5k6Da2BzQ7oFDZ3JGVwMZsLCUobHLLKG5z
3jXpkSBugqcAQPdR72V2rm9b2FX5GbVcmDM7S3hiQtug
Eu1kz7vDUEFcq7LXER4V7am8tDVnW3YkxAHbTRTiUAq5
G8sSyr2mFRoa1si8RcT8sz37aZn6zwDMmg6zG85r1Gtz
tQ3ZbXgFZzai1sLNMeUDFwrzFS7VQnLDT81MHzUi2sX
HSzKZ5TAUextmm6p8FLkp3dsgKsrojNzm7g4cPKTz72L
9KGzE5VmMRQQZpH8GpFxDfYa8XwpxBeBvcKTetZLpWy
5WFNGFvAEVvk88vqv2Tn11XtsUyQ8q9atDnaTp5UoLA4
2uJiWhufYW9v5CN7xFa1gXxUjHNBTcXVXKeXCkTJpkd3
FRc21zBYQdsRPU9hN2z7VpvCCMBRM4WHa4kQ5dVWuJuv
7u8ovsjYVroZuZqyP63sHjCWjBhX8s2i5M86MEgfyR4u
FXz6hHd2y3XUCphuiF76xr3Aff6YBerXtfZ8fr3L1Vyv
F1gGVtESG9s6eshhX9Gdpvg3YxUuQBP1ArmT52pd2djn
2EbkGxBLbTsNUmP6MfU91LWnzsziWJPqhxGgCSHQjRpf
BUkBMgGy2e2SyxQWj1x7Br7Tsn4PUhyNHzhFbJTdwwdj
JAZonwHE9b2ouXZ7WoaKeRcDvNL7BRRdoz4bV2au4zUx
3QsSzitJUBaAgSSrRsW8FhwGMNfmAK7maDhovxCP4GKn
BnuiGnrJy9xCuepxvFpf3GXGjrZoEp87f7a9omdfeAve
BNY8vNBQht7B68yLuo87pkZ8JmMpkb7JRL4prSL8asK1
4V6W4kofypbRQ3Jjyw5emuG4smWGaNZmWPcDipYLP8nH
AGWSNAU4gkNfGJYZiUQySn7AcD7pg3HSEHgL18aDUytN
5RnY83sNnP6XSAoNLUwewPZ1aDq3iGFEydw4jkxETG5o
EN3z1AfhUfXLo6eTfy6tUUvnpPMTuT37JPdHtxhGhX3n
5LkZQWCVWkZvBJGzGKZoB4bQiLpvUD9gm2NtZz9v7R48
92NzCQpoxtwQhzdzXm9qWFfXNmbCjTeCKM2vYHHZnrTu
2w5epG5SgJUth7VauYY27zNTZAAMUYeYh5TGQY9K6kdm
JHXaZHvBLd6wJ5YeYmAJcdNHZ1eWpggJNrYaioaTwxj
8JJ6hMhedBGfrdDND22GLFCJgtVgKPyXUYFdkcvbZT7h
5ohftut4gAtFjhXHoHjbs8HnngUeWAF5kb1vJeskdh4K
BVZdxxSDL4Dih3c2GiLcSZLR9jfonYGpA1cnNW1ohBaz
5e4o64YBjfHRsLEXG2Gf1DmoPcYTkLBuvEND6kqmyKPm
D1tFBKdQNqbchBtzhKdoaVSFCqchvk452izPmjMu6vhe
3Q7iyzjTEDVozotMnhHwXvGFHMGguZYA4mTLJ6t2mzQv
GeLp2dDn9ZNrzYSXLRse2VWyYHMGDBcMjxyQzj5pgmAb
kvpL27zPSvwM2mT253cSk9UHyN6J9NQQX9HTYp7fQYs
DvDj57ybPSYq1SysacU9AiZfgp2Z3WRmNKLsDyJVuJ77
FxjComs3i2p25NrcauoCpBuZmEHAPXopWY8LzXkBztaW
8JkUTM3x6dkbpBMKpcKiJ8XAcE2ZXiaf7mqLuPCCV3qm
D9pybvHmM1jdxS1c3goi2ALCfHFTmwjCjopCR3jrNrTk
HEvZAhFnXkZXg5sjZsb3u3iEawrmq8qoWPnzyGsZrXuj
DZrMnyqPKycWDLfhKjD9PZAUjgYWELHwqXvhFdgccJ9Q
5bhzdG74Qke4tuTv1LnwSUxRvF2A3oxBqzJMoBPE5esB
H7ofwCnfeaNLD3qMn2DBieHBRcAv812nm3jyk5nNzpQb
BPYwY5cvq66qq3NaKSVwKZqDMBvu4bY2PNhcDA85nb5D
2aCj4MVv8bxv8ZL6vH5Rp9eecYQ1rrpsYnpyYzyhKgoW
8HEtnUsmHt1vvyrn9UyiXfvUaM1L1SBEWD7tDDVgz8ck
CXseQBUnPCy1fRmz2BTQNt3DzFGQvSjur3CEmckbHXd6
4khW5G8zHNPnX1spsTtgzTfQZtkKMzhHDZGbsitFCj8N
7yPq6bdFHApqV9Xnen1qEVYwscGQN71MWHVGdhkGstfm
EEaP7faTLNZYEz65dWRtuYTTc7WskxuL51yMh3rEYPrg
AKtCEeoS6iiPHLiHstSi39rvB3UmZ7ftRvk95XnfBW9A
Gc154hyzDHmV2hpd6qU9Kmy8ddnRMNo9qF1ZoyrX2RHW
XjwLKws886PsauQHgxjKa5TbZBK1wGtSjrzDxza4Bm6
6A8ds7WBybopKWsAQmHNoMMP1AR4nf5jhQbVmC6PxkrH
8ULiDp7FdgqendTLgSV6zpn8Qt6MxJ9Y3dmB8Tr9d3K8
EYKfP6pBrVpyBo8dAgkEZ1S7dbe3BwDwcu6KLtS3cYgE
yEmDYhABDcD6VSnmbggwScrKWH65fZGD8RHLNMXUVXJ
5K9FJDkQ9fJESv8CVxzkybr6ebfKTZMLcLgVCkrdNUxQ
BMAnD9BBWvShJGPxHy5sGszKgboGCtLgjDfXzHChP52W
8w31i6zhLy8XKiHrHkrS7TKMYYFV2JdrRFvRQrDETgSq
9mf4SjJkBkAN2UFD5a7kJrfM1JQrN2TQRZyJAL8UVwDh
AWC113aky4u6kL6i5dowtvnndGqEGL5agbGwUe5ii8pd
DhcWdecXby91DvahnfvAyDLbeih28y5fdbJZ9Pgm777c
CE9dijSCj4CQZUbWQ3wuZiiRFbiZ6q6zsRGfzgGk2A7R
CtP6qjzmy8bzBn7wCfEK3Ccf5Da8MR4u99j2RhWEv6Cp
JGbGF9cF9m3zc2t4kGYXMugRGHmNx75GKGjAvYu1SdG
EAcKuWwP4u18Sis85W8SBm56VvrvwEDeQUTFqy24Dfmx
5vWsq3dchKwt6iMCnDN1ARu7nZhxwVkhEeYVRVChsyBY
66Z4wrVE11zaLX7DBmuY72eL5xta9rSYr7kRSm1ctB5b
7EEFuSxhq9sHyRM5Ercy3se1yLqbPw8mXKZNf9oTu65J
AmPhkFUFgvUK7RpBquLTk83KmrcRssKGCDUD2Q7RVE7Y
Ga4aZZPkEtoNaKwJHKeNTio7Yrh7xpXRvZB2SuoN7ZhQ
6icq1K9fYKgqbMH9AyNx2hVTydyPhEHpWGZtu4UBhpRF
7M1UzhLiwg7RuGZ9gpgtKNNyzQd6HtRk4brgDuBqKNTb
CCALutDfmmBYwWqVRrf8JvbwznpATWBxzcVLunm3gTAa
AJ5TD6qpQHw5HY7kBzBzTPk5cE1ceGBX4DriCJDzH5vv
7doud6AicRkcbiDPCN9T2iNV9CWp4mqsDnZwjdGBD3xo
8EUvA8risntvU8w3XK4tqZMcTpkNu6K163PQCSezuFLX
EAk2wLg9dWyGFRjsmwPeNYR3EWFcw1rvgZsME9bzcV2R
4TBCao9aqSj5vms8winEuBRNH8PK2qQAsQjeUTTmq4dR
3PtumXwJjZrbseQUy7Ah69z2mif1BCaJ8D1GrP1pWSLM
HLrJu9XXvvE14DqgBweHsAvnkKshYaYvg9m6z9pG9Jf2
BUKdrB7oh9CcGYtErNRbKkka5vodqSuJPX6wDLq7UVrc
ARW6z1uanhvd61GKNFiKk3KmooMuAK3pXM2bTYpWnExV
CBEXbdaB7LizRgdjon6m8WG6aGP7ncmVcSTx2g8RWTJM
3EhF23PWtNdsjT7x6Te2U5hkEZqCTeRpNUEPAAcwhnB4
5qMUGjSCE7sxo9exj5YEG6HaW2vqAGzHvVe8nrHfyMUt
5VtnXa6WnyYz1WCzXqrhd8vMiy2H63WAU5ZTGu5Av6hJ
Dgp9Er8uTgXmqw3k7FUJqtRHsTtbPGyFZdEQj63TCE2D
jaM1LhsMWBaZBc868WySSqgX6oLFKuoY7mmgmcuvHCr
5GhgRQ8Bd7jEPus3eKvRZrH4ULpMV1ucMDG3LxFGe4hb
8gp6ufyiGK9vsYwCRq7PevY6RxWjhy6eS6YYkLuQ4tVL
ijnbcDpQmng2vBssG79tWSBe3sXssg2nM6SHfD5ucVa
5cnHPCj9MqfE7WHQiWE28RRjs4FTL6KT4kaNzzzkrp15
6psK9hdAuVFRek22XJHJ34J4Vc69G5qN6XCvYbT31rri
4ssszxivYEb87xWPy7nMPWGsrUdXAahMvsAxSMtizypo
24BYCBfDtPbrFtRvfugCrRRKVghNeWdSZtzim8a1bdqH
4s7swF2VtsYRjHk4rBP8zrWWDj8JAyU5B8mgAvbjTBF4
67DE3Y4TYxCnPhoAqR8WGHQsC8StXba2oU88umpGQgLR
8KCyJdvb5fVaECmGwmA5E7iihf21ufVuZgszDukbr4jH
9dVWPzjSCsT9p2ytcCqnRNWR2VcUpyWbS4e2EC1hWpTb
FVtdotiLz4C9EEH6SscB6Hc16crtxL3kamoHzY7Ykziw
Gn4wsAjE9jR2wmBpecGp6Jbmap9jX7BMQWfiCY7Njg9i
EWACgnwXbyEN4QRS1y7UP2TyfCV2WhX74biZnQTudMRW
6crV9Vwe7jmw72ySQi5n6w5hjtJhvvh2JQCw8Dz2KWQ7
5xreo23oAeCiLNEA9iCfjAEhgA1bpEgghXV4JtrhUpGN
7mnztxh18qBnqT1uHazztnr1khFS5NcRmS829zmyeucQ
FkXzvNbtmaW5ZGxLQcucSQHZxQ8cYyboamx6fmrcDHJ6
JEDUuoKhkJMySfGhdm56s1ew5se6k49KsXhC7xP1jSVL
252wvz5BFN5n9nmzw2fpxjEGmF6X8uMjJNHx3XaEN2f9
7zmVJ2Jzw4RK8cDZMsV6cFMDvLywf5Wec276czWGKKqQ
EEoxtbypbnQ3wo51jBcfPJfNUaSW8bsG32FWYBE391Tj
HpJM7vT2Uy3Qp46eLFJHsRTmZo4QL1hKRSUMNwe8UtBt
9xqm6dpzLEGXDeGupTdcdfGEPrL5q83wweERNJfjhZBh
vZpttW4XAEesxsuGVuNFzRM64T7akZHF8xRkgjvVXW4
9tzzV2Q1jitB4DPmqqPPAnqkJabSZ6ZbgjEsHf6X9NvN
3D2noP8WmbwDXpB5sUEkkwDB6uLoNnSMF31zG9CAefGW
3zA98f371op6vRbLfUavcWG5NfdR69MMxYQ28ChYbah8
BnT5UoDzMnsu6s2vP52aHzvoPLVDg7pYesa7ZUeorLrv
5932U6hkBgwSK74guvmu8hSa9Qwh5Ng3MKpFe6CMVDrj
HvPRY9nbu7YdUzoMHvWdaCFjtJBmY1QJMFohsvLJAW76
8rPDMxRc95GDttFXihNZ8uXMzCzXAC2b4RWt2p9jZou3
JAjMLmRZFG2CyQKSMg7Je8TneoSuSsyEqfS1Tqr3cELn
99gohhXbbGRjFK2vnwFVqzEDYWGpVUZEZ7No51SiSM2m
GHsyv6RGuTJVCQitkTBwhRX8dYnDRjqnxYkSJyXGMKhn
4DkVkiVpJTJvvyeF6YwiAzZeCxiSE6CpLHQxxsnjdZRu
HNPqAgUVySNAFACkWYVH7AKW2N7nCVZXPggHcuvh6ySD
HgfaUemMKPyntuinVgQauHmgVfttSVwbxMxUJ7kRZGjU
8qTZBRFbAi86yqsr3cYi8NBK8rT9cr9sxaVrMrL9j5JK
8r3hzV26FxV5qpEEWdgnTeSwkn9mSpcBvsrikBRYucXB
4G35dfYaFJp7FeA9DN1oUwXFEhE5v9tnVWkvDgdPvjhk
D3nBWaYqbJ9bfq3mayS9yuWA4pugyfoUuY2divrXdQTE
8xgaZ6xDWFYbvhQLHq7CJeT8WmM8HoxkmQobEiKaP2Nb
3pp4pWtQouPbhjYFscQRQ1Ff2eoSA9RyM2QbVfhtntQP
GyVT5m91t1RAQdeo16JVU7Lxm51bAtpdSrd7916i5PtE
5dzmq5tTuhnkfeWYr6CzZQJHVzbFmwocJMBtqoEUf62y
Eph5rzjHTaYE8DdizmXfha5LemX8tuGEFEvNxPCaAD3x
6uG851dX1JbFc4bXqt1Mi3c2nchuhEgvqgqF5xftecuX
3XV6M6BRcdugXmLyn9ZoxVkmdG1NSkSc1JKbKFc6XsGj
6E1QJTjWUdevtVvbHTw72LBpJHEjZcNA9biXCJ7gZGse
8Z4QoszYeBicjNfYKGNoqSz2nGysdLYdQyNpiauTUmXt
FnRo1MdmqwSUxGVRrdopbLd2Q6P6KYtQt3zBUP62zmQv
2KgLL3HnRj9dVaneHxRNu1VwVsPdxyGtXt9eBECP5gDS
3FSms9uRCY587ckgs65AtsEvLT6LBxNvo8jCREVR1C2f
8KqMzJ5EQpgavUpCeM8YjmX1XSyEmfNJeNQigkijMgt1
ABf36GYUZ43jrkZ9FrWwXtU3dctr8GwKMDiYXfUEDn8n
CiisMvdVmZz6MFbWkoZVBMegzvenB4SiMdkHyrQfBwfy
FiFWcBX4nQ9gT7VQp77Ph5fJ5fpTAVaPLLQkokDmqrPa
2eTnkhGKhtXTeoeCi2jjBJXesYTLg29pfsfJFLxCuzWw
5VeZx8MjuQ21eD4xqcSxQjczhd4Mw8bWZ4o1Zh7WffiR
7pBVgHUupqSRypRR1JpJT9kj1GkymH48J7XQZtKPcbyC
3kk5Y7AUnGDb2dNaPesjvAVZyZnvPVZNMtxTtiEb84wx
EH9GpnMoTP24K2FMSPNQd4cs5LBUJ9JhyAj6ESmt2CZs
3fV94VswfBPLnjR89HMcaQg22tVKxCXoxtTwkYxroSES
93u2cKCsWR2Azkr5PTa3zoyDdWdtAn77bnzeQSG2JrDd
BuGGm3dphefC415wEj5rs5osPWrJiZV6wc4HZnVsBgaP
5Yo9JLN7Va3CMTdCEVN3zKMJBVBdvUvfVSMf12Cxn6Xa
FEsMz1Pnn8qKDYzVjSddrW6kntiygBco4SzbNiaCtq2T
Hqo9ABxJMSFCYLyVmqVpq4Lg8vtTDaiWXoVySzStHHmT
GUueEiV75Lm32f2GcL58n2oPHtGqEZQhUxXq4fmPNE1j
BmTXMw8bG3GPr3E9g3pNpY6NAHqRQYeKyTehTk6o89hj
Fpf2jSy4DoaRLSS6smubLXCYFTEy5m5Xg1Y348yBjGux
DJcPayC3dPjcaAWU5EYgiYuXJqgNcDN9UYfwZ3BofiTD
4tLqGvyDEpxsukruKiwJNQVcuSSVSjKppvSX8P9JVtts
htd76jkzVwKtuqgpc3zon4zojXh5WgyEw47ZVvuGh2v
GV5hquu8NyNdrkRFHRAX828mHVHhUPe9wDeMVJVS7xj1
GJthhkzxZu93PLjv22DWi8459ep81zsSRKDsMqKCTVpp
Db4Sq5WwUTKXEckhP3JyCtqmxEeMFqwKgHVeR6FUnYLY
D3tk7witHPZ3YVzf3KADDDQBeLAh7MtmVvVRqEuFPdU8
5Uawngc85XCVoEEA8vk89VBqzVXMFQJKhFS22pjApGfs
J3AtHjck37RwEekqdRxESQk57PRu4JtkbMpNxPhMT18r
FsJYuMzTQsbom2EMuYJJgRYNkZAbZRp2gLCkQczhuu8e
7nGT7c8RBWToh8b9aNQhmxvXuuENrRMft3FqaKhe92Ag
GHCv8jmPySxo6YbmESNSFP9uefNTxiLAtgBopg53w7Ks
9TUgGBd4MkEy1xQMB7QF9PhGttfNTMi2RmTxonLFA7vx
3afFcTK5LPmBGTKKEUmG1S8LBf2U9yh2vm2gyBZ8wJi2
DBcovbZyBUYpuTyS6Vm2CEcdmBF78mZLtie5vhs1e5Rj
APWG3K7XxWL1Ds8yeWnj5Di2rPdvQbpSZwvZDwtUDVbi
6dsg66BSpbbvi2Jqp1XCEPEqa9wBe5RwoWctB9m4FsYC
EgtJe5RE51u74FS15T1KPXEZP5MgiWDTZkgmccBvsz7x
8iaMTHojwa19GmA5YhVGQJfdLodqMuBgUAygKxkps51D
GSb2avg1o4xwBC6THjAnPZ4pNB6VWBLB1QHUmwn6Xzkn
923bJgyZcuZtKhrCLbGNdUeCNWqFQWfZ4r6LpRQhm87o
CqedSpqQzofgAKPLkHda9vrXoFEA8CjGkMCwm33n3xdU
71H55X5DsgDiau8QvNaSXL8uDkSoKA5ms9FQqnqT1s6P
6923ecvFUXxmxMeUrmAjTmrSjrY23aBF9Lzzsctc1yCk
HgzD5BoRJmebV8KjK12j3E9h2nUrumdHe1R31YHFMz2M
5xyu4WcGaad9PtaKb2ENfNBRAtEcCaYhUVR7GVgidmn8
2a93pyo4VcqTKDoreyEi32qZTRqAmti9pSnVgym8CGcT
5xAwgTjRnELpc7tmWqjzGz3HS6ghC3PfgeWc2YmUnJf8
Au7gDENw32VqRVGh5v28h7KufgV6GKmUqCgypZp1ttLD
GqXZpZMYPaqZzDiGBdQxRZnZr1daHfY65eHPwgVo2Nzq
7JyPzqDA5FbGp5X7uhhwCKfCBDSWLysLmekpspwQUdae
V7t8AGiRtsdytST1Mk3GDkx43fLCRQ689yxpDYjruZU
Ak7PmNhVeLykYqMpnJV5pHxtJGCJ61CYzdqed2qm2Zs9
3XYXnowUyih7XYCbG4UhECYDsNEVACPdfZmqZFweU4gF
6y1fRaNykU25vuLhmkwqT4vteBKAki3o6v29UcebGCEp
AcXiRikgTgSGPGr4FuuhVyyr9cghfVnZRGwQ2mmrydyH
CicBYK5muo5WNDhrKfrBV1eiS8VxeUcTVYF5VRBsoamU
6A7Cwxe5g9EJBFSTE7fEcs5dt1ZyGowBACH1tphFtNZJ
8C3QnzKGZMn2EEZq34qYEfhsX4bLrEQGcuuhEfYvFczL
C9FtA7P43vku9w6Lke5kYCRzUhcrS1g7GYJqrAXvvXpK
CqvTadxHkTCzWWe3qtQmzAz3fSBTwMTLALAdtPKWNqLX
3AozwAEcH91CioaqGcsCDXwVX4TtukKsymWTsAhnYVoT
6jpoBrMeRTLDB4aDoqYwJrDQNXBqGTe6nvbAEjRcPpNa
F9qNAxAQmc1XrHCUDqPS7VQP5CsocqTTWm2zz8LBtD8y
APR8aZQmh3X2vpk7d8A2GJyfc6q1A8ivCSQgXK3EnRsj
3KDXsJg7QVuL6NZDxqayAEMFCmTN9FNn6Ygkyj8ucpud
4cUBpAV14j6Tqy7d9wLqkznH5PaXeApo7XEQ6E36nCcN
CVjKf8mhEBKtLTvGE9SV4Rmx1Mbty7oM9fccwwoWVeDF
9krYaD3FS5ioJnukrVwBR8Cd7ojBR9cJc9NacUEtwLjG
DZz2hFGxHMA5jr4Ph4gCRnfvCDbEaWFvubP4mbiiEXJJ
EzybUcGAPu4bs1obCrErsVJ67oSeMV8FDin1nLtuU5cY
BXzGFkSD2YGtQVXt4DNA3WDUfTjYtWXTeYA8wgAjPduo
FCdC4QAfoFcUpq6Cqup2b5XsC36wpuewMc1ACtecqdcy
5YCC8GHcsHCBGmigBoAofNUxc9XrWEvH35kt8e18AJFY
88eboZrNtjv3pJBePi75Bge1LNYY3VV163mxpFQBZsjC
EwKkVVSNSYqPdVznVwDBSUYmtQKCXP23jMgya5iAFm3i
HURMx7pv9L845EcvmNvDcCpjPvn39xGTMWdA82CSE5Bp
Bc367zSMWPxJJrvXpipNWLGZy7WBAEUR9NEvAgiTHPW
AALQ9rNfRMDcHqqcG5fkv1DRkerMNGFiQ6CAGaZd6FLX
86m98Xnra3Hj79DDzF2fpnBapBxAa1gn9H7YAoruH1Xy
1TCHChEsLLPqBZvxsyE9kriUGEzKjJVPYyuaMsduhhe
BE7JruF6AB1oagsJuJWqgtpnPHuQGdkxmxMRadRLXRHC
3mXFhHVSbyvK78KKEcxgRACu5biqeycg47PDwQVgV7kz
AcFM9Ln72oQT1qA7m528jht4bKuYPUsFxwkXigzQATK
4p2m8DJHAoKoCG7qeSwR33Tsw8MEaARBCx94V2mXTHVN
3gXfENoRQznPrdDj3UaudGwnnP6Q8HJYmRJi4THsyCzL
E57HrCUVgK4ZyWzd1WH7WK9M7BfCZzb2WV7xUqdBA783
29uaX5YeUfWRX5TgWcHs6kuwdZ65VvMxcwXGzCcPHkVz
4cxgcFDxXcVdBcK8mEjZ8kjtS1knSRZy5gVkaYMx47e9
BP5PYQE6krNMh5xBmjMUwojaHRKPhvTH4GHQQGt4WWsF
