Transfer 1 tokens
  Sender: 2JKgoayPQAwL8rtAuKaQ7hpjXv3DsDuwEmAxheS9uMmc
  Recipient: 8ber8SR1de7Ai4R7399qsCoinK5kBYk5jWQpP4LqAxMi
  Recipient associated token account: 811f659CHWiigYuQzBYQoz6WiZG2UotADZCwpAeMRQBe
  Funding recipient: 811f659CHWiigYuQzBYQoz6WiZG2UotADZCwpAeMRQBe (0.00203928 SOL)

Signature: 469NjUsmGASTR3iUvoNwrvDjzq6aQ7dU4CbJ68LMzyndrrmQ9GFf67u9FSjKjMrznbjEAsofGxYgfH8f1f3poS3s

Transfer 1 tokens
  Sender: 4RQhbq1mpSrpgMx7mrhnBXA9yzsQuBB2LFbvWGN2kUt9
  Recipient: 4MJ84srbSCz3eZJhqG93iRnf4rosLcC4R5Bpy7ZQmJco
  Recipient associated token account: aZnc1W6MQST3biiHz6QPu7SgTC52kpPrqDK9dwJQfRi
  Funding recipient: aZnc1W6MQST3biiHz6QPu7SgTC52kpPrqDK9dwJQfRi (0.00203928 SOL)

Signature: 3H5gQRpMS1WVGar2vRo7mCRigHYjqi54zCVGqaq7rnGCaY2SUjUj7Kxf1FRzVx5Hg6XtUFtuJkZHdyiGULxu1FYi

Transfer 1 tokens
  Sender: AQuv2jmQ62pNekqgpLrdsUqZ2dUpjM7jegwZsatgPhn
  Recipient: cCjPvZ8gTboUKr4ox2HHECbZwuoqVaEXGXfT1noLWmu
  Recipient associated token account: 7wQK2xXVhBiN93GS1PeUhAYHGBFVYx5DNBMtUsk1tvF3
  Funding recipient: 7wQK2xXVhBiN93GS1PeUhAYHGBFVYx5DNBMtUsk1tvF3 (0.00203928 SOL)

Signature: 5vnq6tycikHwirtuhs6Ui6ghcwvCjpzcBjsyZugTrB43tN2p43QNvjPTvV3NghZPqpwdfS1y9HtLipMD5D7VvdEw

Transfer 1 tokens
  Sender: 7NSkkq5mg7KEKSDjqFcM9pBFMekSbZpZjefSWL1jFez1
  Recipient: 7aoCPhU5m6SeTdokjLk9kCmBQuYyhnHAUDb9RTQoEvee
  Recipient associated token account: EeugCkMTdjYwjPCoeQKWt6fW6E6NRibA3S91heQMWpMc
  Funding recipient: EeugCkMTdjYwjPCoeQKWt6fW6E6NRibA3S91heQMWpMc (0.00203928 SOL)

Signature: 2p3ucf82aTqHG2PYHaeyWwq4TYMYrjFEXruGXK6Mn8js6d9FfkG7v2bnF3oXdiRL2Np2ox6SkqQr2xqPAwyF1RSQ

Transfer 1 tokens
  Sender: CHnRtrFDqKd1iQjywFmw7ZhZUFALSVRpjkX1NssgaThh
  Recipient: GNisgcTZZ2WS5PFAEkVUbFso3wNe22cjhmZiEjGcqeHD
  Recipient associated token account: 2M77USu5eDw3GgxqWhYDgwLNvxLeFk9NPCWYSroN2ypd
  Funding recipient: 2M77USu5eDw3GgxqWhYDgwLNvxLeFk9NPCWYSroN2ypd (0.00203928 SOL)

Signature: 3Q68niwP4854553o6k41LQf4iD9yh7Z3M3PUJWiSpahmxoZYh6QMx64N1dEqtFvDqJCwmTgNkomMWxmt1kxLtvZL

Transfer 1 tokens
  Sender: 5ZiX5tEUSAwLQM3MoWNud6H6Er4kNHCfSfVrpq1PRJRG
  Recipient: 7iGCFYLUJczcHwpUnCCK5QFBCvYwznnj82RoYQQnWu6d
  Recipient associated token account: 6CAtGTTUx4ZPRjhtPAzQYw3bjJULhEXVC7steggExor1
  Funding recipient: 6CAtGTTUx4ZPRjhtPAzQYw3bjJULhEXVC7steggExor1 (0.00203928 SOL)

Signature: 2hvKCDxJtpA6A3pAELhD6DUa31zXJwkDtun25aqBjS39SwD94JfEN1SW1JjttVuSYSh6o84VsrzW5rTxyAhKSprC

Transfer 1 tokens
  Sender: 7Es1Gu8gnr4WQigRvuzdm5KGhkcyDCwqvsL4wkoGL7Y5
  Recipient: EWC6ESChdBqExhp96XPMLXR65pXP6Ftuh1pPAVws4pmk
  Recipient associated token account: EcViet8t33pX15Y5pPAuyqJsbeZw5vEoBBx9J5nJwweH
  Funding recipient: EcViet8t33pX15Y5pPAuyqJsbeZw5vEoBBx9J5nJwweH (0.00203928 SOL)

Signature: 3m3YfMAHn2aAy15PKNs3rEqNR2y89NrYS2PbQZsK1xWJA28aqD8hAZv69Yx5DxNYBPuofcwUTXD7WBKbBZ4ukjnL

Transfer 1 tokens
  Sender: DSLJwbBGuf3yTqGBFXU6iBgzu1aL5JXGdNpAgdfUbi2i
  Recipient: 51oET2dy4vCmZ1JMGYR9hbsvsLng1vcLD6z2AZp1uq1j
  Recipient associated token account: EpygNB9Ehu2otRzm7pTnTF5wnoSTtGBeQEpsPX7hKtpr
  Funding recipient: EpygNB9Ehu2otRzm7pTnTF5wnoSTtGBeQEpsPX7hKtpr (0.00203928 SOL)

Signature: 3DVRtHct5qQFXof7CUk7VKH1adxLUN3zKJT9uV1ZWXzJibi4BDDSEdbg2W2wv3V1idadFANzG94Fp6xKfNhUAeC5

Transfer 1 tokens
  Sender: 8M7vs7nHe4QhEAYhZZJn94N6YjJmQEWRw77JBa2EAitf
  Recipient: crpQUfqtr42Y1W5LgZjvjVnEo2nsmXhSuZ1EyomFCDj
  Recipient associated token account: 8M5QbAe5yrpwGGdGW1iftPsppR7YLwxaMLMCJYomgExD
  Funding recipient: 8M5QbAe5yrpwGGdGW1iftPsppR7YLwxaMLMCJYomgExD (0.00203928 SOL)

Signature: 4Hv6nL2To3diWzWq1NifeKSPMRERQGYhRjQfzaTRyEjiK7fQbLoEwPJ5aNrmpskCpVtj6qFteHK8p5X6PKGvw4m6

Transfer 1 tokens
  Sender: 6vpgvuXtAoYthocMD3cRDFvq2gfXBWc3x1ZXJGzsxT7k
  Recipient: CP5xJzHVKRe87vLcvTS8oozATSFwoDB15VtX4uaRdFfS
  Recipient associated token account: 58CdH3TKnGt6b3cYmhfXoHJXRR7LaEJw4Gn4bM9oZZRr
  Funding recipient: 58CdH3TKnGt6b3cYmhfXoHJXRR7LaEJw4Gn4bM9oZZRr (0.00203928 SOL)

Signature: 5Wrh7f7GJGYuQJqFFfufNwnidXHmHHh8qrfwQxm5zr3jiJEQ8Y4VNAxhsgq1WLW8jJoCW2QvmkPy8KX6berd5Txc

Transfer 1 tokens
  Sender: HVSw9ey5ZVG8sLagWhs3MhMLgHGJX7iA1h3YGW3Qs4x2
  Recipient: AVK7u6hGJog1YchsKxJNUWcXGSxxijHnYaj2J3vdM55f
  Recipient associated token account: 3Z6U7FG69PW6NS8EgjZQs88k6Gsc2onXhbLg3mHEPhKJ
  Funding recipient: 3Z6U7FG69PW6NS8EgjZQs88k6Gsc2onXhbLg3mHEPhKJ (0.00203928 SOL)

Signature: 66gcZr7PqzuyD2x3qbnX6EH5DfKPv84XCSg3FxY9ZYT26wSMfn5jzbGnCAfbp35UApP7nGsrnUqoWbc4NWuUfG1K

Transfer 1 tokens
  Sender: 2fbXZTzwkyVws8rJZTgoVzuTDJC6zmbDJQdN5L6ETmwL
  Recipient: 4z8DfUJGJ9bWjPwk1ohpF9j2QBGgc25NPzX2zRUCmvoo
  Recipient associated token account: 9zCcDdyLmQwxn1uxF7GkzmbfBVP8eCENoZU6Arqh1Run
  Funding recipient: 9zCcDdyLmQwxn1uxF7GkzmbfBVP8eCENoZU6Arqh1Run (0.00203928 SOL)

Signature: 3LGVqqAbPcMWygZLwe84YUJUYJuFBYNGQYxiDvQeNVBTABhbEHKLWLpru9SGqmHjCbnm6L4wWhxZcX6QZZ7MWWe4

Transfer 1 tokens
  Sender: 5CVCGVu8zHsP1wAQ61Y4WS7nBg64xHX5LKjtoYa88Tzp
  Recipient: DbqiZ6wRAA7vU6k1dPFN5P6RWymSu6FRpaiyxEYUMPtw
  Recipient associated token account: HoV3V2E15LUhZWbvVN2KVVL56oy66HjfAegEL12Ngz4z
  Funding recipient: HoV3V2E15LUhZWbvVN2KVVL56oy66HjfAegEL12Ngz4z (0.00203928 SOL)

Signature: 26xLpAA1sRTvMMCNwC4QWkYr2wq3pw5tz5aaixGjgbwXF78DBkmtrcLtPw9PtfeS8GTMVYcQphkDCcDmp4GVMa9J

Transfer 1 tokens
  Sender: 5E8nbiBNptBvsTzJaNBqWi8gBsvHDrQ5YJTbhjRu3QXm
  Recipient: 3H1wvZqJgy2v5XxaMLFVtRnMeN6H1t7JrenehfQcn4qk
  Recipient associated token account: AMsJX4wNgcA3pnQTkV8uS1sX5nvipRruiSqUKjkqd6R3
  Funding recipient: AMsJX4wNgcA3pnQTkV8uS1sX5nvipRruiSqUKjkqd6R3 (0.00203928 SOL)

Signature: 3ZTwPFNDCR3RHvPqTvea47WABEwR5XgwzwvF4i44mEkv3Jhv1giPUzozUMkhYcWVSSaNEzddLF7kUUxzE1BjfCAV

Transfer 1 tokens
  Sender: GToqkK4wQ58M3fPwSCcrZr7QoBGKBK6MfsHcAWBZYwMk
  Recipient: CUaSvR8G2LbutxGJMnW2vT74Yo568S1oUcjSDP57SajP
  Recipient associated token account: 9eimzCye3tLVhXsSqqLb7LoAnnnYTbYM1RwVuZtjp5Ma
  Funding recipient: 9eimzCye3tLVhXsSqqLb7LoAnnnYTbYM1RwVuZtjp5Ma (0.00203928 SOL)

Signature: 5P1oTzDqpw7FyeK7piVanMWKKF981TJqd2ZTn24e7b5cotcVaGkPMo6zSJNYGJtZANv8DDmwAAy7PyDFB6TUbRAd

Transfer 1 tokens
  Sender: 7Baa1jGUKqbQhFbfFW1f8PDs5ezB1JcLrFMnEb9Vu15z
  Recipient: 2Knz5oKP4VsjF9PkA7WCyZWZsBig6zZMcp9FH6aRLwjP
  Recipient associated token account: 4JZ1nSkZRs8a5E7TzwYqQhS5yoGvR3hy5DtHpVWV22b9
  Funding recipient: 4JZ1nSkZRs8a5E7TzwYqQhS5yoGvR3hy5DtHpVWV22b9 (0.00203928 SOL)

Signature: SnHe7MJjm326JZ2Sgs6WEfsEaqxTquSVEwdsJRSq78Z39qyXnUfiDmQtcQY1Jq9tpou4VDvzRYr9d5ufEVFGvGp

Transfer 1 tokens
  Sender: 8VEwvLwQgdyHQYW3icPag8PmwgvoNVt8vyYpPSegF7Fp
  Recipient: 7GZcBPDM9yhCVwF69SJWETKDcTeWxafgYKPeWKTECs4b
  Recipient associated token account: 93amZqhD8AG3mX2URGDYqDjVMSvyWm62qCWGXc1Qd4Ko
  Funding recipient: 93amZqhD8AG3mX2URGDYqDjVMSvyWm62qCWGXc1Qd4Ko (0.00203928 SOL)

Signature: 4MHTAhMMhdr65cuiR3FQiarEYAqbbHmpTCZpeApm3hSKQMQziEFmkzw4hPEi3Sx8nQr5ZJ4g7n4ePSqM4NiHJ1cD

Transfer 1 tokens
  Sender: 75JiQS8ZRv3jBLPxwFqMzKMYkrdPYiDfxVYx1sUz46U8
  Recipient: 97xAKp8FjyXkiYqTtYWN9ArD7KxTevzaCAo7VCcwLAsK
  Recipient associated token account: 2bLXYFkLvrUPAPVg2XKiYcMKVjQENz36d14jusnsnxyd
  Funding recipient: 2bLXYFkLvrUPAPVg2XKiYcMKVjQENz36d14jusnsnxyd (0.00203928 SOL)

Signature: 3tpqqxbMRdKXmZxKsZ3NawM6MWQekL77dFf7cu1Y1uPen6U1UqEU4b8dx4NzKKpKPfbSxhPH7FKW3k4JYnnuwNj6

Transfer 1 tokens
  Sender: BDcSG49yYp5UMuE4DajFd5vBgeNTexgNzNzQmv4ftMWq
  Recipient: DxuiZs18ep3t6MNEXg8rR9kNFqyfGZ4RfJrvkr6zHYUy
  Recipient associated token account: GWLx3U4UE51FWCv7Vuh4rzT7bN5Agnu5zeF55d5RQZ2U
  Funding recipient: GWLx3U4UE51FWCv7Vuh4rzT7bN5Agnu5zeF55d5RQZ2U (0.00203928 SOL)

Signature: 2Lypsj5GDB1fAgMN8MmQeCVXH85qyvGFBV5oPLXRkhP6QTTJBhqx1hoQ1gAHhmatm6cAWamxwDij2kM9f4chFkfL

Transfer 1 tokens
  Sender: DZs6D8GWBQxsaKKJexCSS8EDyA93YSpxs4Q5io7LBcFm
  Recipient: Bdn9HrKu7kubPAfuNZm4QBxTxwXF1r1y8NfGQ9TxEC9u
  Recipient associated token account: A7AG7a1krCG2d3aSQ7SH2AvNiT156Q1xcgKDYi634py3
  Funding recipient: A7AG7a1krCG2d3aSQ7SH2AvNiT156Q1xcgKDYi634py3 (0.00203928 SOL)

Signature: 63fKXMsFw7ipeeF6t9Ci7cdDHYBVodayLhrPntQULKsruLcxtoFc5ccn14bDMesb3MNcSzhhHXFbNiRKidPCMJsz

Transfer 1 tokens
  Sender: ik6YtRAXEpEQDq8mBKZxuikoJVziHZoHumxFuVFhhdi
  Recipient: AkdfJa5NmE1pQt3Ai7DpgDg8kryN5qTZirp6LQcpen6R
  Recipient associated token account: 2u9JNL93juDLEwctf6aFAGzHtr9SyECRc7qgYAwTmGRK
  Funding recipient: 2u9JNL93juDLEwctf6aFAGzHtr9SyECRc7qgYAwTmGRK (0.00203928 SOL)

Signature: Wh8gYYR1wHmsJfyrS6wsBhfzLMmCHeRAAEJHhmXnZboSGmrt3UUfwKNS7npHZbDGHopQATYCFTuwTiDXdwqBSmx

Transfer 1 tokens
  Sender: FG8cxWr3pduowWrdiw5A8pZc3xW5Fep8fT1YdnrbvFBH
  Recipient: 51oET2dy4vCmZ1JMGYR9hbsvsLng1vcLD6z2AZp1uq1j
  Recipient associated token account: EtXMk3PPxuqR1LtwFrVHEpW992vnYdKbRaAXw9ELW31o
  Funding recipient: EtXMk3PPxuqR1LtwFrVHEpW992vnYdKbRaAXw9ELW31o (0.00203928 SOL)

Signature: 5uKiNC6HDxVVRRNnpKAA5w6fovVnjhQsTNY6eKzfo7wGvV5GbRvNb2ya2N5fuHK86mmA83Kb2LAFFr4XX6GwroDi

Transfer 1 tokens
  Sender: 8UspL3jX62XhWXqhPpzxpfoykQyGnzeXa7pgfLe4sUct
  Recipient: 9AtF9wqV9G44V4cw9bVDcdsRzQUvmP7xqazp8Vd46y8T
  Recipient associated token account: 2CPpXmK6Tty2JbgiHapbEHrYPSWybidMKotnAmJ8eZFe
  Funding recipient: 2CPpXmK6Tty2JbgiHapbEHrYPSWybidMKotnAmJ8eZFe (0.00203928 SOL)

Signature: f4eyVaoJ7725JFm39aqtaUMe3XULPkVbMi26sBRwKuKoN38csfp9moYpnFdhzk9tCUau9rwpEMzfwZnqvpmq3bn

Transfer 1 tokens
  Sender: CjmBXns5JBtGPJbtqawLRQa5BzoYkE4rEsY8CFscpnKx
  Recipient: 6ykYU3fWNQnoNunJKDLSVSZWCMPoajoE8EVNzKCYs9qT
  Recipient associated token account: 6EnJ7XFBZnEbVMQfncJn6ARMGVbJoiXAm6sjZbL5UY8s
  Funding recipient: 6EnJ7XFBZnEbVMQfncJn6ARMGVbJoiXAm6sjZbL5UY8s (0.00203928 SOL)

Signature: 5UyBRM8r58QH7STs5BEssCuPmREK1bXH4oo2XieNhsaJM9Hq74ZNXmehm6AEgy2UFoeWTXqJY3ex8mgNSG888GWq

Transfer 1 tokens
  Sender: H5sLz7fCyHGVcQxFPAAESZiGqgPP9hhvNY7J5x4Gu17
  Recipient: vqk4rNkuaHbPHqCEf58R1na7QR7VFsZeYVqwxATJpRx
  Recipient associated token account: AWEmisZgSSwHSWBQCELXBWPNuEqLgperB2zokM1nPU5y
  Funding recipient: AWEmisZgSSwHSWBQCELXBWPNuEqLgperB2zokM1nPU5y (0.00203928 SOL)

Signature: a79yKbvorEExPbPZQrKVyvBKmRo4d5u89v8cyoS6EgYEJjwPSFenDuJGWJHY1P2ReeqKNYfXXeSqVqBMSrZXHPw

Transfer 1 tokens
  Sender: eUB9BaTBnFuPmadbZHgMw34FJ96kV9BCev6XYc4ZDf5
  Recipient: 6SHRL5r8BBeJFVcg8Y5u2VRvEaYYweSnYtNLjb1N48qw
  Recipient associated token account: DiVahB46g29WAVECQSWXXgfHxYNh7EhgpdizUGa8KYy1
  Funding recipient: DiVahB46g29WAVECQSWXXgfHxYNh7EhgpdizUGa8KYy1 (0.00203928 SOL)

Signature: 49ih5rB8MqpkkJJyLdZ3JFTJiUn8Ndk27z4NSfDBE4WwTkjFSFENLcXEW1DJtFREP2XH1rMyQpBH2dKjgHUGAXvK

Transfer 1 tokens
  Sender: EGgHpWQondzZQ3d6diiJK4uZZ1D7HtKjzeY1yUFwgDJ9
  Recipient: 3cN4Krph1b9ehhYiMm9uWN5WEGTttoEWSyKQaPGbsa8S
  Recipient associated token account: 6tKjoFtDhw3WQ8Nc7cHZnUXcpgjw7cHAGeXUke4gArBM
  Funding recipient: 6tKjoFtDhw3WQ8Nc7cHZnUXcpgjw7cHAGeXUke4gArBM (0.00203928 SOL)

Signature: 2J7zVjRXR5vVSFEWuuPjM3QSuk4BFz5NfJvvzK5fi8aTbR6Hh8irV8j22HKitg2rFHxuUAsXA4KorBsmzp1xHVXb

Transfer 1 tokens
  Sender: BsxZ55FkfQUEwEmMcc6yWzy5ACZ7DiViBr6iWch5NwHW
  Recipient: 7NEGWwti7Kee9VEWivf9yebSLBwn3Mux6M2xVx6sfVEE
  Recipient associated token account: BnKCfjtfejgYUDpQYi8c2cuRSnnBYEm8SGKeP7wazri1
  Funding recipient: BnKCfjtfejgYUDpQYi8c2cuRSnnBYEm8SGKeP7wazri1 (0.00203928 SOL)

Signature: 5NfP1CmDBEDTpJT1bJ87XUBDrv6jdybR6a76sD2Wvr2ZmuZ2JrY9EwMoHZLxJJfSLtNPnhJe7acV3UYeGociQmSZ

Transfer 1 tokens
  Sender: CxLBBXQvUu9KBBKBtH4BrgMkNjfUcGaQKc9SStdWUhoV
  Recipient: 7mYcQ5L2kfEhztoUWtUuJvn4sUiwFVsbJBHuDxvztZrv
  Recipient associated token account: HaaVDv2iEKZpwjJ9SSfM8or9fx1mYgk7Rcd9KKkTCcZr
  Funding recipient: HaaVDv2iEKZpwjJ9SSfM8or9fx1mYgk7Rcd9KKkTCcZr (0.00203928 SOL)

Signature: 5NDPJjoM1GcdAAM7NvLB12aJoZFsBKLaYabyeAs8w9qmLdrngt7cSVFnZtquSeoooc4XvbUT5Mbnv6eUJc1vaCpe

Transfer 1 tokens
  Sender: 9bG7Kv13uBymdxp9GmtN5NXzQWVUWCMGqitqwYDKvPSm
  Recipient: 2n5PbADyQXeCMztD5wnZjF3Nn2w8PmCmqSQ68TT6Q6KX
  Recipient associated token account: HkL1aggcUKThy1hfyHxkdusf2H6CeSPD7cQWnFKPGGe7
  Funding recipient: HkL1aggcUKThy1hfyHxkdusf2H6CeSPD7cQWnFKPGGe7 (0.00203928 SOL)

Signature: 6ZXAtBFWGwDvQygwps4ns2JLagmgsjHgYMm2dyFgbyi1k1KxQGyAk8XGpo71Rw9Wo1PeqXHjMbDCWLF6BaCiGrU

Transfer 1 tokens
  Sender: 2it87PEycbi6MZFbdAmuyz8Su5n2dAt7Bepomxrmwkfj
  Recipient: J7HArayAh7C2jtmoE7nUyfNZ5qLEPijwnN9hWSVyYdJB
  Recipient associated token account: DrkHw5Yw8piReYzD4a4J6joUZSVhzXZKaXWHyKSvffp
  Funding recipient: DrkHw5Yw8piReYzD4a4J6joUZSVhzXZKaXWHyKSvffp (0.00203928 SOL)

Signature: Yz1zhcMdZ7AC2zFpoedk13Uvr5TariNszsgSenVcs5xc6Wo28HXb4kzMx4sjjdy7ncisfdACLeo8Txrbp3cJc24

Transfer 1 tokens
  Sender: FCcBMufcoRTUiHggzm7akYu8MeBN5m3z5ZPFor7DVQAS
  Recipient: 3gBzKtuLAyPJAq2K54URFpg8i4hhX7JdZzQEFqKCw9m7
  Recipient associated token account: 6arumxx5HnCihapVSNLGQ1iYLcbZGUjcYST3yd4y5PR9
  Funding recipient: 6arumxx5HnCihapVSNLGQ1iYLcbZGUjcYST3yd4y5PR9 (0.00203928 SOL)

Signature: 3o2u3oqXXqi7c2uzo4nNoYLdU7QCzMrcDZQrT9Q2SYejsyaCwnT6qqmYHdz3eJZCS6WTdKXAQLquVimmbP2yX5vX

Transfer 1 tokens
  Sender: C6Kyuj4zuYvAb9MBL3VKVxfMCXRnKvwrGhrEskg8JceH
  Recipient: 51oET2dy4vCmZ1JMGYR9hbsvsLng1vcLD6z2AZp1uq1j
  Recipient associated token account: 6a71kpFNbmn3AYCAeeRvDy8Ys5vV9Ma3JeP4VcticuZH
  Funding recipient: 6a71kpFNbmn3AYCAeeRvDy8Ys5vV9Ma3JeP4VcticuZH (0.00203928 SOL)

Signature: 5qu6fBnxcQ9DbrLF5EMstKXJAvJ7wUvMeGoDgsgw9nJC9H412Pz3rdzEY2ZboVxAW4ApkWuEkr3LmfygA9HqiJtt

Transfer 1 tokens
  Sender: ETaQzBJCcFKUZLZV3utuxaYmLhqBsBE7rA4kBEeqgnyU
  Recipient: 5mgVoKP2bdcU92LHvXs7b37i2pJqA82ah5YVNsvCaD2s
  Recipient associated token account: A6ddpDKWwjtwfMR5kvwAHQBz9bPZ1Di1pLEenr6eZox1
  Funding recipient: A6ddpDKWwjtwfMR5kvwAHQBz9bPZ1Di1pLEenr6eZox1 (0.00203928 SOL)

Signature: 4ehnpiRA6nvSfg2C6LWSWaXiTh6geLrmzBNcJ7t2byLd8XtHqTfkRZMezk7ZAmTNRt7hBhKdumGuHkFGXb2fH116

Transfer 1 tokens
  Sender: 4We3Z9z9nCyXYbeSQQDVKxEZFzY1mLLPeAUxirHarxar
  Recipient: 6dgB7mmyxzcobztUBo6vGzcYK9yp2e1p5giqrYRHKaS6
  Recipient associated token account: AVNJZ18vWmuXJEapw8e8yD5o6hZYMmSp7FuCQFEpbs4X
  Funding recipient: AVNJZ18vWmuXJEapw8e8yD5o6hZYMmSp7FuCQFEpbs4X (0.00203928 SOL)

Signature: 5qLLVpiFfnbssevHgXvBnhtpY7SY24DpUWJfhDYhRRDxXF3ecrqVgH2xxhmsLPEkexP4mFpm8G3zr8iYUSVyjRUv

Transfer 1 tokens
  Sender: HzQ46TpreNqvE51MhfL6Kk7Am5tB7WqTcPe8AW1aHG6K
  Recipient: Gekww4jN1GygRxJnPkedH4ytQ6fwJC2oV9HUDVAaSMYA
  Recipient associated token account: 9L4q4DFuvLsDpgAachz5v67hrPrSGjRJ5xjTW26gCKVs
  Funding recipient: 9L4q4DFuvLsDpgAachz5v67hrPrSGjRJ5xjTW26gCKVs (0.00203928 SOL)

Signature: 5rbbE6TZfDhJvJLk6jDddtmWa5dHPe9CTbd39WKvKghDxT65pLFzLSeqkMrjRTfPSXfJLbR8R2gkVCYoQhQ47KVp

Transfer 1 tokens
  Sender: 71FrUsp2A1k73pTS1B7pHx8xRqRZ299eLdEBupz838EL
  Recipient: AgPhAsvcwPfT8bcAQxfyvymHdS9enkCzHDZP67ihS5YM
  Recipient associated token account: 4dT4GX2CKpP1EENCf5xA3hWQLdEFKs1WR7zUcbxaC7vW
  Funding recipient: 4dT4GX2CKpP1EENCf5xA3hWQLdEFKs1WR7zUcbxaC7vW (0.00203928 SOL)

Signature: 3ZfVkV1zxWhkDMeoGAXxbZH3Uo22MMnZGU7h4BWQiDfbccCVuXWpBSSzPzqdUYPAVdwNbjTbGCPkLxWKYx4arRbP

Transfer 1 tokens
  Sender: H8bgizQtXDzFJKLrDdnH2SP221nm9Qe74cB58DBRgPY8
  Recipient: DJNqLSq1G5CiY5w4kWoj9pVVUXXgHoa2Uw7Ja2jBMXFg
  Recipient associated token account: 3kybUt8XYxfu2Bjc8ovGNbKG2grWsqaPzx7yR7JnE8QU
  Funding recipient: 3kybUt8XYxfu2Bjc8ovGNbKG2grWsqaPzx7yR7JnE8QU (0.00203928 SOL)

Signature: 3P4qT7btnv9rRxq3Ngd99GFQ8EekBNXFPFfE1E87QeUyduDtAm6ckDoN8Vc1eqw2Q3d3Md7FHMH9C2H5Ugoj3vtL

Transfer 1 tokens
  Sender: XQ5mTQUL1nUpR2jZJi5vvr4DawiKYpP491ecB9YGc4E
  Recipient: 4pUQS4Jo2dsfWzt3VgHXy3H6RYnEDd11oWPiaM2rdAPw
  Recipient associated token account: AQZPqRuqgdmK6RyhTNkGjXGNwRLGMZVJuepo4T6gnFZq
  Funding recipient: AQZPqRuqgdmK6RyhTNkGjXGNwRLGMZVJuepo4T6gnFZq (0.00203928 SOL)

Signature: 4dwSBkREE9Duy85FQr3KC2phohCDUHqcBF5gv19EtZvtLjuGzFfuixtBfXH8aAni6RNFQGK8ZhE8ZptN6mSiWBZj

Transfer 1 tokens
  Sender: G61Uvh8oPrxqUmiF8u24GAnP81qQi2LrgsWK7beXbqhY
  Recipient: 8UjkZsZStnh4mHmBD1fjDUW1M482P3SyUnvroAVn7bvP
  Recipient associated token account: 2JARoTxtpwkvhYZq6QfSRQD3RCnNdsv7kpwj3eLWQaU1
  Funding recipient: 2JARoTxtpwkvhYZq6QfSRQD3RCnNdsv7kpwj3eLWQaU1 (0.00203928 SOL)

Signature: 5PFzY28dwmafNpNpc2PadJ7h7UgZ3dVh5x12B2ym99TBr29Y8STQa6vaTcHaL5a5LHdW4rw19HLzcJVKdDSjXWv3

Transfer 1 tokens
  Sender: FwC4xJX7HqKPCfNFgGZqwBPrnNwu9GHvyAgQgqmaKcQT
  Recipient: 73tF8uN3BwVzUzwETv59WNAafuEBct2zTgYbYXLggQiU
  Recipient associated token account: 5Pg33yjNd6ZU969CzxrMkKrsS9cWxJMx25CG5u28Fsfa
  Funding recipient: 5Pg33yjNd6ZU969CzxrMkKrsS9cWxJMx25CG5u28Fsfa (0.00203928 SOL)

Signature: 2HbKtkisAAfpY52gjd9i1zH54ZWP2TZumHGaF7u61CYupwAZES2q1kfaCxv2EwDrfnmuBKL8xu1SXvgUPuGfDtUd

Transfer 1 tokens
  Sender: EQcgNg9g3kfvs4H78boSoaohGjKa1gxVScKCkYB2c1Qx
  Recipient: 6aVxAU2nNjSUmDkSy5zgavKcZNKGov3xhi6tUPLnULLp
  Recipient associated token account: 5ZRR6SPoNtL6Wkpjjx1Bps3cw4ZM7acFuwVmJm72d5ez
  Funding recipient: 5ZRR6SPoNtL6Wkpjjx1Bps3cw4ZM7acFuwVmJm72d5ez (0.00203928 SOL)

Signature: 2Znw72EEEQz98upJoGgzmQDdJjFbL4KGn4DULGPPigEeLgayTXv5yC4onxdKk2ugosTScHbXFi1S1FRDZb2XpB2J

Transfer 1 tokens
  Sender: ELwaoweZTndFMt8rfdzaNkZT6EkxpdZbh2gNkenB6Mdg
  Recipient: 9K4XUuN1rm5ErTzCH5kUg6L3KjC6SvMKMmtspar5HQGi
  Recipient associated token account: GktDPZ86HsPqm8aVXM1PffwVobWiV4asGXJqPBdvoSJc
  Funding recipient: GktDPZ86HsPqm8aVXM1PffwVobWiV4asGXJqPBdvoSJc (0.00203928 SOL)

Signature: 5EPz3BdPqgNQ7FSe4Wi1Dt2zkMtFGR1uBvpnuxCRHkmvZceZuoEbSQuYtb3kSWYBejBNyQeHxJatY1fqf9HjK4hT

Transfer 1 tokens
  Sender: y5J4DucNAzJznGZSET4w7ZAm9EkPjtHWXdxQRdyBCYD
  Recipient: CUEkEnnM3aSYrPa7bC9MZueRbhMWRrbQFsdosHs8G969
  Recipient associated token account: 456d3AnKhbTzQdCFNJ14sYdepJrGmozRKKw98yzhM9PR
  Funding recipient: 456d3AnKhbTzQdCFNJ14sYdepJrGmozRKKw98yzhM9PR (0.00203928 SOL)

Signature: 2tsHE57m3Zf1PJ5Kx7sehCwtzpbKnZfy318uULP7Hqm1g4oRoeP4Zzuuv56VHhRnX7qD2rHm2yhogHpaYMKgsaVB

Transfer 1 tokens
  Sender: FRQkChctUHXwS6yVrDn7GLKXxw2HR5WAu9VMiftDzPUj
  Recipient: EBAn1DsJKwurYoNZuezibmYa3siDCQqUzSM1MNzr7MWx
  Recipient associated token account: 8d66RWpzYm43iiSJcodDoXpmWXmCwygjRMbx5NK6rEsu
  Funding recipient: 8d66RWpzYm43iiSJcodDoXpmWXmCwygjRMbx5NK6rEsu (0.00203928 SOL)

Signature: 5RhFnsPDyR7wu25Z9Sj3Ds8o7FXoB5gZtpLpbSiQzBeXgsj73QX2kna9fXcfAKfhKQWA4GpdAQ1oFPvEqRi8FPti

Transfer 1 tokens
  Sender: HknZ6StcnvHatGiehJhcoswNnjJvH8LrTMVvkQHjnSRa
  Recipient: 9puVDyQtc1dqWUxGQ4j169AZBvrr17hzF3zhp3ZkhZbw
  Recipient associated token account: 5B1JFX154PmAup4Am9EHtwUdLLzaxBVn2z1nVfpEK4WX
  Funding recipient: 5B1JFX154PmAup4Am9EHtwUdLLzaxBVn2z1nVfpEK4WX (0.00203928 SOL)

Signature: 5MK3QftxNUoR51WdMvBRNNmcFhKFHYqe8h2tkv6VrHdzvcF645k1rGV3GmiKdpogVXUfvrqKnHiCLxUX2pgJ23q7

Transfer 1 tokens
  Sender: 97wqkY54gsmC6XkTkfxFyJNX9hbL6yvWEsUnJHfqEUQg
  Recipient: CzBuPFMJQbPLw6k3B7z7KNBwMWfJZZKTFBYZLhYB27N1
  Recipient associated token account: BNGHoaNKq2uLZEyNJxuAybq1pE6E7NhYfaV7EL4ro1Ke
  Funding recipient: BNGHoaNKq2uLZEyNJxuAybq1pE6E7NhYfaV7EL4ro1Ke (0.00203928 SOL)

Signature: 3UZ1aEFuk2FW6MkeN7JQAzws6XDaRd9rR1M3pSSVgVMZCaRS9G5DsCZ1WwFPSZZEYGbRZQHV22m5CwoDnj7cmtcb

Transfer 1 tokens
  Sender: 3bSP2AFGDMBN8RV3KmX6H9Uz2t2V3VtqVg1MBUaRAKwi
  Recipient: uV9mkFJUV7YfzxgRseibb877D3YhrVQsg5FL5EqDzsj
  Recipient associated token account: CiVx6avVwYD1kSqwBGKeR9cz3cg1iRgZq4qCQvNwHEdm
  Funding recipient: CiVx6avVwYD1kSqwBGKeR9cz3cg1iRgZq4qCQvNwHEdm (0.00203928 SOL)

Signature: 4j4SyshYg8uJg7ogjjPEJPHPqN2etLZKGdTTeMEL1FHjNtaSKAh7MTNheSN8jFVaduDvZGSpn8xTSi634FRRhTRk

Transfer 1 tokens
  Sender: CpRkPPuQr9TDnioFTVtP8GLCwr4a9QN6oZeToLZvMimp
  Recipient: 62dKmy6VhcrkCRCU9fMnxMmwn8cVmwqXzRW7tA4Zx6Ee
  Recipient associated token account: EwVpWUFE7tQwvCrqQ3vdVyz5WLr9wLvKWiva1qjjxjzW
  Funding recipient: EwVpWUFE7tQwvCrqQ3vdVyz5WLr9wLvKWiva1qjjxjzW (0.00203928 SOL)

Signature: 3L2ntfvHqZs7k5hJvm5AvdHJ5Drza4Ag6HdgGqefWZG5J3XXPdkfjzdPaPHi6WjX5SS8j3uESqCa6k8qap8nhdQK

Transfer 1 tokens
  Sender: 3gEjDTunKithYw5BC8p1qsCtsi1oET88sCWTFhNeaawJ
  Recipient: EzVmKJmpiiUNJJEK7nGZCy7BzAZzY8dY7Am2zNiPmmQG
  Recipient associated token account: G4WuAN2VvmvWt6UYgWy6kvKsY16YticdcYYhejWwDSg1
  Funding recipient: G4WuAN2VvmvWt6UYgWy6kvKsY16YticdcYYhejWwDSg1 (0.00203928 SOL)

Signature: 5wmPxptRonTjEBvGmyMhRAJ2z7XDJrYPzvsjJA5XiY8YaABdjbLUpbMhf1BfZEy93o2hwKNPDVFKmHEEFdphT9gb

