8ber8SR1de7Ai4R7399qsCoinK5kBYk5jWQpP4LqAxMi
4MJ84srbSCz3eZJhqG93iRnf4rosLcC4R5Bpy7ZQmJco
cCjPvZ8gTboUKr4ox2HHECbZwuoqVaEXGXfT1noLWmu
7aoCPhU5m6SeTdokjLk9kCmBQuYyhnHAUDb9RTQoEvee
GNisgcTZZ2WS5PFAEkVUbFso3wNe22cjhmZiEjGcqeHD
7iGCFYLUJczcHwpUnCCK5QFBCvYwznnj82RoYQQnWu6d
EWC6ESChdBqExhp96XPMLXR65pXP6Ftuh1pPAVws4pmk
51oET2dy4vCmZ1JMGYR9hbsvsLng1vcLD6z2AZp1uq1j
crpQUfqtr42Y1W5LgZjvjVnEo2nsmXhSuZ1EyomFCDj
CP5xJzHVKRe87vLcvTS8oozATSFwoDB15VtX4uaRdFfS
AVK7u6hGJog1YchsKxJNUWcXGSxxijHnYaj2J3vdM55f
4z8DfUJGJ9bWjPwk1ohpF9j2QBGgc25NPzX2zRUCmvoo
DbqiZ6wRAA7vU6k1dPFN5P6RWymSu6FRpaiyxEYUMPtw
3H1wvZqJgy2v5XxaMLFVtRnMeN6H1t7JrenehfQcn4qk
CUaSvR8G2LbutxGJMnW2vT74Yo568S1oUcjSDP57SajP
2Knz5oKP4VsjF9PkA7WCyZWZsBig6zZMcp9FH6aRLwjP
7GZcBPDM9yhCVwF69SJWETKDcTeWxafgYKPeWKTECs4b
97xAKp8FjyXkiYqTtYWN9ArD7KxTevzaCAo7VCcwLAsK
DxuiZs18ep3t6MNEXg8rR9kNFqyfGZ4RfJrvkr6zHYUy
Bdn9HrKu7kubPAfuNZm4QBxTxwXF1r1y8NfGQ9TxEC9u
AkdfJa5NmE1pQt3Ai7DpgDg8kryN5qTZirp6LQcpen6R
51oET2dy4vCmZ1JMGYR9hbsvsLng1vcLD6z2AZp1uq1j
9AtF9wqV9G44V4cw9bVDcdsRzQUvmP7xqazp8Vd46y8T
6ykYU3fWNQnoNunJKDLSVSZWCMPoajoE8EVNzKCYs9qT
vqk4rNkuaHbPHqCEf58R1na7QR7VFsZeYVqwxATJpRx
6SHRL5r8BBeJFVcg8Y5u2VRvEaYYweSnYtNLjb1N48qw
3cN4Krph1b9ehhYiMm9uWN5WEGTttoEWSyKQaPGbsa8S
7NEGWwti7Kee9VEWivf9yebSLBwn3Mux6M2xVx6sfVEE
7mYcQ5L2kfEhztoUWtUuJvn4sUiwFVsbJBHuDxvztZrv
2n5PbADyQXeCMztD5wnZjF3Nn2w8PmCmqSQ68TT6Q6KX
J7HArayAh7C2jtmoE7nUyfNZ5qLEPijwnN9hWSVyYdJB
3gBzKtuLAyPJAq2K54URFpg8i4hhX7JdZzQEFqKCw9m7
51oET2dy4vCmZ1JMGYR9hbsvsLng1vcLD6z2AZp1uq1j
5mgVoKP2bdcU92LHvXs7b37i2pJqA82ah5YVNsvCaD2s
6dgB7mmyxzcobztUBo6vGzcYK9yp2e1p5giqrYRHKaS6
Gekww4jN1GygRxJnPkedH4ytQ6fwJC2oV9HUDVAaSMYA
AgPhAsvcwPfT8bcAQxfyvymHdS9enkCzHDZP67ihS5YM
DJNqLSq1G5CiY5w4kWoj9pVVUXXgHoa2Uw7Ja2jBMXFg
4pUQS4Jo2dsfWzt3VgHXy3H6RYnEDd11oWPiaM2rdAPw
8UjkZsZStnh4mHmBD1fjDUW1M482P3SyUnvroAVn7bvP
73tF8uN3BwVzUzwETv59WNAafuEBct2zTgYbYXLggQiU
6aVxAU2nNjSUmDkSy5zgavKcZNKGov3xhi6tUPLnULLp
9K4XUuN1rm5ErTzCH5kUg6L3KjC6SvMKMmtspar5HQGi
CUEkEnnM3aSYrPa7bC9MZueRbhMWRrbQFsdosHs8G969
EBAn1DsJKwurYoNZuezibmYa3siDCQqUzSM1MNzr7MWx
9puVDyQtc1dqWUxGQ4j169AZBvrr17hzF3zhp3ZkhZbw
CzBuPFMJQbPLw6k3B7z7KNBwMWfJZZKTFBYZLhYB27N1
uV9mkFJUV7YfzxgRseibb877D3YhrVQsg5FL5EqDzsj
62dKmy6VhcrkCRCU9fMnxMmwn8cVmwqXzRW7tA4Zx6Ee
EzVmKJmpiiUNJJEK7nGZCy7BzAZzY8dY7Am2zNiPmmQG
