Transfer 1 tokens
  Sender: HRnzGa7ddRZY5wWKgMxtAzcRqdc3aZfZvtQXPsrpLdrD
  Recipient: FSVxZGe2J6Kr92xdQYpP74dxd4uT5Yhbq6s7SPxJF31d
  Recipient associated token account: 4FCohmoadLCJCBrhKsCZSdrqDW2muVzgdahjss261bFY
  Funding recipient: 4FCohmoadLCJCBrhKsCZSdrqDW2muVzgdahjss261bFY (0.00203928 SOL)

Signature: 3BMS1QhkDRPsJmwfG7tTqH3SiSdDG4Y4NJjr79TvzpNWTp5L9K6oBAzKmwPEdLCWktYf1C3PiVeLSHFoq6RciYSq

Transfer 1 tokens
  Sender: 3ogaUXbgza5k3xjN8yrqTikPwY2rYznM7qeybbEUkNDj
  Recipient: DWPpeotxT2Q1m1BDzuycQktDe6VnVejLiPWsjfwG6Nb7
  Recipient associated token account: 5j4oymBpQz79okDZVTWwYHhAxd89xCNqg4zxoeciWaQ1
  Funding recipient: 5j4oymBpQz79okDZVTWwYHhAxd89xCNqg4zxoeciWaQ1 (0.00203928 SOL)

Signature: 3cDfaCTf4xje3dD5nUvjPyYpCuEQRaAB3ioEpGJpdvr9W9zuj28mJdoWaFCFLwU2Qkuztc4bQJN6ifSAYYqwfNoH

Transfer 1 tokens
  Sender: Wm3hbAgAQjcK1zLs9tdNdoEvhqx8QHQbxPC8qxUqC8d
  Recipient: fcmiKjziCpUbKhndmeVU6GWoBpTZiNMMoG3EXC1xFxV
  Recipient associated token account: 4e8GpVgVACTDYU2zP3rpLqvGqWEJgcJ47uDiCsydZ7zp
  Funding recipient: 4e8GpVgVACTDYU2zP3rpLqvGqWEJgcJ47uDiCsydZ7zp (0.00203928 SOL)

Signature: 2h89mBgLcxDRm6DCEpAU7YDnG1sdLvwSWWPtha1f3RKPhtRAL7L36QhRj3fj3P9AsLQY5sZ6pLDoeidwP153Rz3j

Transfer 1 tokens
  Sender: Fd8egQ7tg9Q7pYpmk1DZyRRdQbrsYgL5SA9SMwNPjqnW
  Recipient: B9R7WngdCXFn6FV4pvQcNwwDsndRDu93TgcAK7TQTNNf
  Recipient associated token account: BpdpN66jDwgkJmgjxvApSFKp5WvH3FnqYabXKe7PyP8U
  Funding recipient: BpdpN66jDwgkJmgjxvApSFKp5WvH3FnqYabXKe7PyP8U (0.00203928 SOL)

Signature: 3hnaEvRomNWxjbiEMMNbyyk2yKeNM18RVqVrPmgtsjJYJJwREBY3U62NNa7rjLLs7Wcmdj7CPDXVcJxg9S1wXKhV

Transfer 1 tokens
  Sender: 4hiX8Hs2oRtF8cvHt1q7kkfuBRgZmUDfuu97aLjjAMJb
  Recipient: MvogSQTXToXV7MS8hDbvfWGoELDtR5Z75SGMUNiUddN
  Recipient associated token account: 48qvMoizocn9uKBpmoUnAVjxfPcfQ3D3UMEQCJi4SUGG
  Funding recipient: 48qvMoizocn9uKBpmoUnAVjxfPcfQ3D3UMEQCJi4SUGG (0.00203928 SOL)

Signature: 56PCS4J4SpXizxgGbFouZJn8GWXxAQP8AjvFHJ72jKQ6hGFvFiRbC7JPHp12YKsWkLzoiAhasDWhBr5CLG7piQeB

Transfer 1 tokens
  Sender: 5JgM1U8NvpdTLSnsybSUVhFve3kWs7bhhV2eqZ3u9EFf
  Recipient: 74MCLCGZ6HKYja3Uca8UQN5C3bw6NeyNXF6xRqaWkaFz
  Recipient associated token account: 3DRHkzm2HCMnCgyRPSzuXijAgyvrVtkkWM843RGzP3eK
  Funding recipient: 3DRHkzm2HCMnCgyRPSzuXijAgyvrVtkkWM843RGzP3eK (0.00203928 SOL)

Signature: 3DcccYNXvTaEt5VNaQyubp3bvaUs85uP6aaehBsbRYFhpRN9BicSbw3TTgnFjvMwoMN8eYi2CJt1qnrDDaC2TgKu

Transfer 1 tokens
  Sender: 8r6C3z2cgrDgXzvE1Z7UH2LsNUMFYBgTUVM627xKasjr
  Recipient: 4pUQS4Jo2dsfWzt3VgHXy3H6RYnEDd11oWPiaM2rdAPw
  Recipient associated token account: EpGQZw1V7Z6g4oCrBYoorUybJ4hv3NwpV3pdRd44SQho
  Funding recipient: EpGQZw1V7Z6g4oCrBYoorUybJ4hv3NwpV3pdRd44SQho (0.00203928 SOL)

Signature: 4XurHE2uJ8YQnhta9n42c8imxn3e91Mpg9rFEKoBcZZuqyEXbrTvwebXDcbhFVDVJUdFDiTZ45oN4rBdcg4UZhtJ

Transfer 1 tokens
  Sender: 8wCfpYcdKh9cJbHT9qmAaNEtNBSE67WBL3LuhiytFCyc
  Recipient: BBcnpuGSbDbMhZHugVRhURmfdFWkieXskLyHvqcFMsbT
  Recipient associated token account: 6uaaXXx3DmRiaHvSeKo8dfndXf7bHRKtypXjixdYX3bg
  Funding recipient: 6uaaXXx3DmRiaHvSeKo8dfndXf7bHRKtypXjixdYX3bg (0.00203928 SOL)

Signature: wB8SRx6D2M35ckkQQRVrR3cH6CG5NUohUMQyHAuVytYHMXmf5Tz1xT8EJ71oUXgFUcAxmMA5VbNYUkdg43gkb84

Transfer 1 tokens
  Sender: g2y1h4TsiTiq87YcBy3MLW4pYjdAQy9QPz6gwjTy7ig
  Recipient: 4ks8jvtHN8JoWJME2KrPRi54XzDbKeiKXmb3Qy19naip
  Recipient associated token account: 6hzKBCgss2YRWT7AznXkyZBsuk1N49fG6tcFY2kzqXm2
  Funding recipient: 6hzKBCgss2YRWT7AznXkyZBsuk1N49fG6tcFY2kzqXm2 (0.00203928 SOL)

Signature: 5fMtuCoi46Mcv7p8qHCMPgHQXptJzfnZVesqW4ep2XKGo2kUpshypL2kfRLjMf3vqGD6sX4TbySgEptw2Aa1WYSM

Transfer 1 tokens
  Sender: 4i8oyYMgvEfWHpx22kWC4vNQjusUxEr1oqf5wsh6oN9y
  Recipient: 2n5PbADyQXeCMztD5wnZjF3Nn2w8PmCmqSQ68TT6Q6KX
  Recipient associated token account: J1iiyXWJXvB8R8ALQ4425aQssA7xmX5B7mrCYQUcvLo1
  Funding recipient: J1iiyXWJXvB8R8ALQ4425aQssA7xmX5B7mrCYQUcvLo1 (0.00203928 SOL)

Signature: 266SWvRQzPgMDhPfrywE44rkvtWDGf8sNLbZtx3rGcPTtiHtMC96m62bBojuY5xCrBP3tC4Y9oEPpcHr1nUhmpDp

Transfer 1 tokens
  Sender: EiPNUu19Zq5kgqWMUvGfjnQGDe4eUEds8f7hF9AFsqZH
  Recipient: 5BH2V4PfFJeGL55zHipBpi7ZCqTieu2STs9paceNsZBa
  Recipient associated token account: HH1p6dGvXbEdXh2YTR5PcMncqcZaujwh5crtcKuuPhDV
  Funding recipient: HH1p6dGvXbEdXh2YTR5PcMncqcZaujwh5crtcKuuPhDV (0.00203928 SOL)

Signature: 33m9FhY7pCefVRSTPGKA4RHhNnbhD3g5SQjypxiShRMPhrLmeB44wYPHJzgwVXrbqi3gywzJr9aHBA2GaNwDHNnU

Transfer 1 tokens
  Sender: E3xCs5bcBroe5Fx7jSmLAksvpw6vteXYpoWWYFqbJ9i2
  Recipient: GvZzyqEgg8UCmv7Ea2SikWCiYoj4iBPBzLja4Yn9zNSr
  Recipient associated token account: 3i9qi3L6Yu17n79WA7enSfh4ra1XfHwqTxVRZtRrgnML
  Funding recipient: 3i9qi3L6Yu17n79WA7enSfh4ra1XfHwqTxVRZtRrgnML (0.00203928 SOL)

Signature: PdyLzkLFLtcQi3rR7KqPd3R1YudaR4iLhfjwGEhBkr2zhcKtay6X6jQeorubrYsFTnL4L6GvUTTDGBfUFUPbW2n

Transfer 1 tokens
  Sender: F7sYJQVYhmX36JZeTcsL7eUNCf76r9toGQTc9n2MyYFy
  Recipient: HjezSazHZ9FxjtcKkfBTDFETEGMkiTMmoP8ysK4N2z3V
  Recipient associated token account: 9D8EC9HQvtQSC2noLbRgoqMm9Lu6C3SSd5UhZgrtMY82
  Funding recipient: 9D8EC9HQvtQSC2noLbRgoqMm9Lu6C3SSd5UhZgrtMY82 (0.00203928 SOL)

Signature: 85DprmRH3c7LiajnevQNefhvi4yHwixxmswd6DZepae9z6KnZNBea4PGiQXgdaWqLGQgSgQTTrfzcWHnnsSERJx

Transfer 1 tokens
  Sender: FwbktuFzAbxKqp8gAmmyC8hjgMBNv79meuQpH7w5FBYz
  Recipient: 5qLUQwffcHESZuVwjDYfzj7YHbZfhGeeTSiwF2aqEETf
  Recipient associated token account: KLogy1fnWcQf3vubATQnBnCDYfmLfpPqsVi6pNoDM2n
  Funding recipient: KLogy1fnWcQf3vubATQnBnCDYfmLfpPqsVi6pNoDM2n (0.00203928 SOL)

Signature: XgWfNdknieKeVNkDrVHRhx3yKqq1MjZbP4xirqDL3oNUgFL8jPDtfpRmuVcE3JcCiKh8rze7q8bf5ttrzRMR4ps

Transfer 1 tokens
  Sender: 8f7NpDf5QjZCTE753N7dNNCiUxpALvTFvjMLFqTMJg3G
  Recipient: 7M1x73HJaoGPdc26VSewoTpTQDZXj4YA3i3ANqnAqyAP
  Recipient associated token account: 5N9zyyDdbfd9pZH3zMqiQJsd7YLzqo3QdyMbHT7xm5xN
  Funding recipient: 5N9zyyDdbfd9pZH3zMqiQJsd7YLzqo3QdyMbHT7xm5xN (0.00203928 SOL)

Signature: 22tFP4Kug1VSxYuqMYRjAbJc1v7U65631REmgSwB29kGBf35x84Vun8ymuuZx62jNSv9jVizFWnuvLFpnF1oV1fg

Transfer 1 tokens
  Sender: Bt8HiXiyu1sTZn7NkzJc7v4s6vV1Gs6h6ikY44N5rn26
  Recipient: 8mPwx95nG9WJf9KnoiGqWhGCnksHxyv2ReqKzDZx9eSP
  Recipient associated token account: 6N9ZMaVWmAj8e5nH6yhxe6howdLyLqddxKnEYxLxB7gn
  Funding recipient: 6N9ZMaVWmAj8e5nH6yhxe6howdLyLqddxKnEYxLxB7gn (0.00203928 SOL)

Signature: r8LpQaE44PunN3jivyVWDFRtBy2oGH8QzEvCwKJicdKFdroWoyGUfBdzZ8Ds2h3xCCiqFwgpFeEixjeqauhmBiw

Transfer 1 tokens
  Sender: 8oTP2zHJSkYoFuFxqYtixX4Ls2z5NjRhApgq5BoiDAFp
  Recipient: Ab4ZrZjVR55EWrTjzeCwEJSVuUrmotM55wciF9HyFkdd
  Recipient associated token account: AvGCnJvby44seYCTYkRemuQnGSRDVx65Dnww6299VANE
  Funding recipient: AvGCnJvby44seYCTYkRemuQnGSRDVx65Dnww6299VANE (0.00203928 SOL)

Signature: 5x6UxBN88jnZuqDZRHDieobkEttJiLbGvo4Nk11dbPWxBDcnXMewHRJU7bBtQkXHeeukShDkYMC56KMF7udBa1fh

Transfer 1 tokens
  Sender: 3UTMnLFGTSB6ztBHRkhUchXqLcTZqSYWrdWuWuRQnB5L
  Recipient: 6vajj8TEomHLFUibKvTcEfmFiE9ZFmhFmLGtkCzqXgCR
  Recipient associated token account: E5yu7fYgxngp45PZ2LNNq6sQUdggQtkLBNXhoUH4vnct
  Funding recipient: E5yu7fYgxngp45PZ2LNNq6sQUdggQtkLBNXhoUH4vnct (0.00203928 SOL)

Signature: 2YoFc9xDQJYkLsBAfPUR2GXj9REhDRaTWjBmy2kAmrcBJbAPLjVhikZwDY16Un2HYCESbUPHGNfsUBemKacenqfm

Transfer 1 tokens
  Sender: 95S1JJ9DYpcTEiXPdjoDLB2BRtuRKZdsgQYyvWuyGJRf
  Recipient: 4NtDfNisGfAYqzXJih2hv4vqKwAd1jhmRZNceLFUzstR
  Recipient associated token account: Bxp7MiJgBqNeSPokLTjNHmdtHm6WboFKGcgrGajqsSv4
  Funding recipient: Bxp7MiJgBqNeSPokLTjNHmdtHm6WboFKGcgrGajqsSv4 (0.00203928 SOL)

Signature: 4ot3S6xZrABvBpAoN26FJ3ocfXPQKBDjzJPkxhuwFdWbF4Mhmu6FtruLqg5db87q5kDgdYaTn4LC6HkqG8SAwBpS

Transfer 1 tokens
  Sender: 7SQEB2bXzrp27D7q3zk5B65MfPCqMSARvdszt3ySpD9U
  Recipient: 8zfdGUKpemtzs2Ypb8reoN3A43o1ZkbwFCBNzpUeFeUo
  Recipient associated token account: 6fHTcr9GmqtbDQMdEkT1tykWeXsCArVcYpXZwYGPXy7p
  Funding recipient: 6fHTcr9GmqtbDQMdEkT1tykWeXsCArVcYpXZwYGPXy7p (0.00203928 SOL)

Signature: 5uKBVGFa6qvPczV6BWNEpqyYP4j5sV1ayzeBXv5T3ZzGWrFfKZKJRrAsx6GC3nVGai5y7agE2BrtECh8KFW3Wg6W

Transfer 1 tokens
  Sender: AQjoCBxNzKMwxMpuet68r6rpxLhRsE4yhhYc25ZPE25V
  Recipient: 2zybLu6MtHzCKU4gNDgk2VdTZUeZkpe7xRKhqhPqE971
  Recipient associated token account: G32Xu3LtM2AVMQYY4BkVs23JtXTdWLniErWuTTBQgELY
  Funding recipient: G32Xu3LtM2AVMQYY4BkVs23JtXTdWLniErWuTTBQgELY (0.00203928 SOL)

Signature: 2vyJiedgQuB687Bpr2Ktihhc9uHgB6s5d9YoUhM5x6zAwKCokQAnnH3K7CBL7wjvY51gM9NvK3nFJDPRyWDNj1wn

Transfer 1 tokens
  Sender: 7cNSF3XSNwDrzubaXcfbKzGxoWQmp7SfvMtdGLiNAdQd
  Recipient: GSMjXjGwD2R3vSeDG8KUdo2e8zppxfagKVnheLqSJPtN
  Recipient associated token account: 8rN329VmwBzjgsWH37w1Q8VmaoTTws2WQMdfvLRqECxy
  Funding recipient: 8rN329VmwBzjgsWH37w1Q8VmaoTTws2WQMdfvLRqECxy (0.00203928 SOL)

Signature: 4TZuRE2c5Grh2Lc8AuZDRgzuGsEugEfntkhwh5CQtKXfvwYmXe1AZhtTxCiT7ohFYhMCqdoXnS39F68pBVFASnBz

Transfer 1 tokens
  Sender: 8ppXVfbdcBEA4PrkGK1TTGzbY1BYV1e3KBECJCwL1fkA
  Recipient: aHPFjuRpnfoLFsPJPyem6fPpivas5tZwB6thrC6eTNX
  Recipient associated token account: 3ouj6ybVvbi9M91XkZGVUxTwQMzmSvpTXi1KXrJw1K8M
  Funding recipient: 3ouj6ybVvbi9M91XkZGVUxTwQMzmSvpTXi1KXrJw1K8M (0.00203928 SOL)

Signature: 2t5py7xGEZ3EY3QzSTVttszdxcvKZkMs7qMxahp46iNCLG1gEZizhMef3c8rnhRn5Ghfzopw82aiFovBwk2p3LHQ

Transfer 1 tokens
  Sender: 4rV7JePdmrQridGiGUNijbm8KF5j6kEiLGmpmU85sgVB
  Recipient: 45nb485LKf1pEhsTab34JnbBb3wXnAAP3xh98xdzP8Zc
  Recipient associated token account: AJ1uHXAo484NoUpzAirNPgLDdECRnAMEaFQvCnz9QhRh
  Funding recipient: AJ1uHXAo484NoUpzAirNPgLDdECRnAMEaFQvCnz9QhRh (0.00203928 SOL)

Signature: 4HXCep1TsnTyFdBgxM9NS2zWmYUP4VAGwDCTRfdqiZZHv3sR7W2xk7bdGZDV73ERh29PdQTCDgrczx4if7GHnU2U

Transfer 1 tokens
  Sender: 4mNdGGQWanAdUuEHzu4RaeieewrmyAktnRNFAiLhL3fo
  Recipient: 4bxveyHV7b25ZCh5cJvUajTyDh1VjnPVqv49r3Dq6niM
  Recipient associated token account: JBJwAonFeHRvmGXn3bN5vUpCfEbsG5gsLSajHHtYGaM9
  Funding recipient: JBJwAonFeHRvmGXn3bN5vUpCfEbsG5gsLSajHHtYGaM9 (0.00203928 SOL)

Signature: 2rBhUFYEPq9zfdaybSvPqsk3uMWXhrjd75pX62BY5Eyzp5bm97C8rumUmCqDU4jS3sUtHG9LBUbG2bruZ1ezhxLJ

Transfer 1 tokens
  Sender: FGKH85xZqE5ik99euoxxbHnKMQMjLEoPynngnxchvkKR
  Recipient: 4cKqqwoADnQVUAapaq1CrCwpBwbvCSohZPzB8aHooJjk
  Recipient associated token account: A1bnLuDj84iXir4aoi3ytzJ4srfZBfqQSu5KpBtSbGa
  Funding recipient: A1bnLuDj84iXir4aoi3ytzJ4srfZBfqQSu5KpBtSbGa (0.00203928 SOL)

Signature: 47JHndMvrEprJftWGtNcWypt6ERKZJjgw1h5AD1qauUrBHJko5o13ZUkoJaS8V8afoVW48Q9ZrFjipwffcN5DnMn

Transfer 1 tokens
  Sender: GmwABqgq94QMVjq12SeD8Mf1fi9KMwz4rtdAVPxgSnPp
  Recipient: AbgicEN3npoAGUvZCJWpkLkniVxnEdcsFnTHCcmhfUKF
  Recipient associated token account: 65j7X9p6ChZFACAhFq7bncDuojQbfeXMJqxrSb5SKh1h
  Funding recipient: 65j7X9p6ChZFACAhFq7bncDuojQbfeXMJqxrSb5SKh1h (0.00203928 SOL)

Signature: 5CXssSjjbXydG1XLNFhwLNs9oUwgULRmp2K4s4ACABwU2CRMAJLn2BrKLTeK2RWBw6xLYtwFgJtt8HJYNvREFZpX

Transfer 1 tokens
  Sender: G1hoxuXy7hGMKXxR7cNQRcEnGd5VE3hee3sZDyFYYeRg
  Recipient: 9CeQYRt1eK15SUAv8AE6XPhh1ijhBF1dyPdGQGAiCfMx
  Recipient associated token account: 5CPQr1sARG2ZeEUrrD5D4GoFi6q5XmHWqHQzMDPtXq4C
  Funding recipient: 5CPQr1sARG2ZeEUrrD5D4GoFi6q5XmHWqHQzMDPtXq4C (0.00203928 SOL)

Signature: 4R6W9LUmZcAa4XgEXipEVX4RighNc9VzZVeVwuVDaayKcdQpXNuKRN5GXsNq1Wp6dtoFkYVrmxYNZH17XE2nq42n

Transfer 1 tokens
  Sender: 2oKW5NHR8ae9Ar4UPuqkBN5bDQuuGrJMmZW7wGWxmHTK
  Recipient: 7HVLeXsaSPF9dRUDKWaSRs11zmdiGqAkM2Mf5duXCxs2
  Recipient associated token account: AgHavp8YTkjCkityZzCkyiS2rztetPi1qRG6m6ivUXmb
  Funding recipient: AgHavp8YTkjCkityZzCkyiS2rztetPi1qRG6m6ivUXmb (0.00203928 SOL)

Signature: 2EMn3EfZgy7cMT5bpbHxjUK38THoq7teuQN8jCJXMZqiNJUPhbSYnkeo7s4cTCVADbwSxrgVCasXdYuFkjYx7s6Y

Transfer 1 tokens
  Sender: GDNPd41pznUUhMEUevLvWPihTWhzdCBhs2pdJKTM8QW8
  Recipient: 6bDjJpMQBfQn7tBJCEc8M2J5BKXtDcJHFp1sBPe3CS6o
  Recipient associated token account: 7oYtJmHyAzZsjLnNFHhQtacaRQNDsWGetGjJG3eUSCXe
  Funding recipient: 7oYtJmHyAzZsjLnNFHhQtacaRQNDsWGetGjJG3eUSCXe (0.00203928 SOL)

Signature: 2nPAGcVqP7VAtxSLBTDJzzJuG54N7Pq8Y9zZBcodN1hjFBGaMJoqT3zFC9jiVCE9NDJ4fAerpoeNjxckiWwtYuPx

Transfer 1 tokens
  Sender: 3kCWSW9N8QFMba2CxUb5L5jY3PJJKroaNX2zG8YgwT98
  Recipient: BnzZgzLSLhnjm2yydueqEuMft8LJYYQKyxyoywqHBMfA
  Recipient associated token account: 8uSsq7on5MXLMeg44SExXwob24rEP7aPVQPGLua8ijuP
  Funding recipient: 8uSsq7on5MXLMeg44SExXwob24rEP7aPVQPGLua8ijuP (0.00203928 SOL)

Signature: hTydB3goezFcm3dCgqJPcgo2DBY58SJw92zJxJFRnUMNQgiEcN3JSpkijpEbJDYQ6Cyz2guUrRnqCbPa8BvCmwS

Transfer 1 tokens
  Sender: FmEbnRgChyFgLGnMESfrn5X2iAXJab8Vg4fmGPEvKrwg
  Recipient: 4aXTrC9cSEkJek6yBjhjFT2EDBhLApczNom4R5sznfaF
  Recipient associated token account: DGbh4L7TygAhJnGCeThZKiXzaXrHuHii3XtPEGYNeBzy
  Funding recipient: DGbh4L7TygAhJnGCeThZKiXzaXrHuHii3XtPEGYNeBzy (0.00203928 SOL)

Signature: 3LjGwFCX26wgnjGpCfybNmKRUoUDCH2PmyEUnsFcu7bbJHnfDC4Xh4zLPpaFxv6uGuSm411hFkHMcxmXaG1GxCju

Transfer 1 tokens
  Sender: Gkspo8KSXGHynM4mcxMQK94kMi79qHmVu1h8FJ6LzWcp
  Recipient: crpQUfqtr42Y1W5LgZjvjVnEo2nsmXhSuZ1EyomFCDj
  Recipient associated token account: 7KcgvBj8bGMgK4b8aJDu1cuABUQK4EM6ADuvchxqp2Rw
  Funding recipient: 7KcgvBj8bGMgK4b8aJDu1cuABUQK4EM6ADuvchxqp2Rw (0.00203928 SOL)

Signature: 3GqD5ERqZbqCywJwYyGPtq6HEN45mSAyr4Kd3SKR4pftL4pzqAk8PTFRATD1oxNYmMxYXpC1XvXu8JPFnyyNM5M8

Transfer 1 tokens
  Sender: 8aU74svxJKFiuDnbrUHLPC4VktmY9R9QmPfr2TgXpzyA
  Recipient: 2Qo2Xgoareg9pEbExusEs3PyEVDPaejTexoAVc6TyAUj
  Recipient associated token account: 8RGCZgSfDidZsK68BafJ5JYwToJrYBQd8hgc6xMMXsY3
  Funding recipient: 8RGCZgSfDidZsK68BafJ5JYwToJrYBQd8hgc6xMMXsY3 (0.00203928 SOL)

Signature: 2GDWdkMyMzdXW6zxup1SaTMkRH3ksZiyF7MTkLPdoMmLPLa36ZpRkD1boGpJ3PuLMmyGUZ61SqP1EMgePqjh262y

Transfer 1 tokens
  Sender: 259C9i4K6sTD7uc68wWtqKBpCNKJNt79t1Se9CZXjfSo
  Recipient: ET6Fq786KEM3xjMZFqNgL27SqcooZm7eJufo7u3qdMRv
  Recipient associated token account: BGpx1VCjiN6dH43sGtkbn3pzj71895QUUofDDLzJBrtm
  Funding recipient: BGpx1VCjiN6dH43sGtkbn3pzj71895QUUofDDLzJBrtm (0.00203928 SOL)

Signature: AcxTSddYhQGBZaakEbvCuZULUd35Rmw7H2yMfbaaGmZaCj4Ao3teneQUmt98tRSoh7L3k4wfv47T4NRjWT1vgyG

Transfer 1 tokens
  Sender: 2J5zUfAaXypwJsGii1JhSPmVcV6wGMtZKCqvPcgjuttk
  Recipient: FpSrQMhnYa8YRnEQqKstyi8DYsMvET71CPfnmJkBSSP5
  Recipient associated token account: HLvEF4SqibUe7fAwvruFtDHaYrnTk1At5GjbSKGpE35H
  Funding recipient: HLvEF4SqibUe7fAwvruFtDHaYrnTk1At5GjbSKGpE35H (0.00203928 SOL)

Signature: 5jGEfofXarj4e3gX4xswfekmotww5xK18WnTR6wacKySsSiVN6PUVKZM5PtPiAfaGVwMGNYVKFtBtxeyQZTNWUh

Transfer 1 tokens
  Sender: 4GJjhF1seFEiCSpbKUEMTJ2HhQ6D94CGbZvybaJ73aKY
  Recipient: AhAWeSC2k3a4Peh8qPu42Ujh98Uh22zMy8vkst1dVRXM
  Recipient associated token account: GZTJV6X39TukiWLfBMJ3gJhmgjcjvDrUGHD4GQ5thNqk
  Funding recipient: GZTJV6X39TukiWLfBMJ3gJhmgjcjvDrUGHD4GQ5thNqk (0.00203928 SOL)

Signature: 5R1KGqJLn2shkYSWRTcTJcfVC47iw3WVduanN1Mbu9Tweqk79Bti78n7dECNkNBpHws3Fc6V1qMosXcadN12qrLC

Transfer 1 tokens
  Sender: 2hZwCi1fguMChvDAu17gmZ9p8ehFdEfzh19tTZ3oP6uC
  Recipient: 7tMyU22ViPrhY14fy31bSmTsQK6rwc9q3Zbq2u5RkZis
  Recipient associated token account: HwZdNAb4K2DtgKhUY76zCDnZiYPPPF7XocpgjExkiypS
  Funding recipient: HwZdNAb4K2DtgKhUY76zCDnZiYPPPF7XocpgjExkiypS (0.00203928 SOL)

Signature: 3xx1Ldzy86Bk1Gc4HjPMJrAAYemU8wTHgDLsyVAn3e28aEVwrY6LvYughJqYcV91SgbN1jgmkmEsFjQuNznVGd9p

Transfer 1 tokens
  Sender: DV5Zdw1bb4XAp2UTXcsnSqJJFTzLtkteMn8k7Qp9o9B7
  Recipient: 2PhHTtsY3Lc8bnmfq6QcnezpqcwdKYyvkvXVzjJ75Aw4
  Recipient associated token account: FLqAmVcWkMEx4YNPaY9Pzuh6p5oMKjXJQndoQjEjD8Lo
  Funding recipient: FLqAmVcWkMEx4YNPaY9Pzuh6p5oMKjXJQndoQjEjD8Lo (0.00203928 SOL)

Signature: 2KmFAbyqVzCpmdcQBYMPxF8MXVmMwAFct5n2kTxgKF2kDx3rGCuw9oKuCuFFUEjv8wCmPcPa5skM9hP19K8teZCq

Transfer 1 tokens
  Sender: A3GD8uFKQAgK98RcJEpfHgEmRhTuAARLHBmnkLyNhEjn
  Recipient: 5BJiM83DNAJ3XBdRT2APqqy26HS7Q12EUXHjA5De2Ftw
  Recipient associated token account: 3hdGwJFvXsXx2nTkqgdzRwvwFwrUL4EqKMpMeFVgCPPy
  Funding recipient: 3hdGwJFvXsXx2nTkqgdzRwvwFwrUL4EqKMpMeFVgCPPy (0.00203928 SOL)

Signature: FCk62hoi3aHqFYc1zs1Auy8e6SWdmCsHGEjyty279jDvaSGjMKywC2W2biAcvGppLHDXEUvXxtutXwKh47HJUqz

Transfer 1 tokens
  Sender: 8ZrMnSP5ApTgCqX8t6ozqJeJoo85fRD2FNvn9fG8dMBE
  Recipient: 2n5PbADyQXeCMztD5wnZjF3Nn2w8PmCmqSQ68TT6Q6KX
  Recipient associated token account: 2DZF8vw9sJjuJwpuRiBvC6JSphBs3ahM5LbiJwreMo7i
  Funding recipient: 2DZF8vw9sJjuJwpuRiBvC6JSphBs3ahM5LbiJwreMo7i (0.00203928 SOL)

Signature: 619pK4vw4A6gb6S3bKNiiAqhgZ6TEAN2q96CRHpsYHytB9cb4eRcDxZQYnd87Ft6gcCXLN36Vd7ES3RAUUW3aCDR

Transfer 1 tokens
  Sender: 8nPGSJFqQUfJLMpvVysTqHwJEz5Fi66vQ5RhzVi7bw6W
  Recipient: 97xAKp8FjyXkiYqTtYWN9ArD7KxTevzaCAo7VCcwLAsK
  Recipient associated token account: TrPv6qoGURcR3KTEe1JN9naw4DsKAWAPLzkdK3EdMSs
  Funding recipient: TrPv6qoGURcR3KTEe1JN9naw4DsKAWAPLzkdK3EdMSs (0.00203928 SOL)

Signature: 23oxJkP1AbuatZ3DfDjgqFfX89poMBQJZBWkRhyzSoqfdcZf41cJBeR8HrT2KMTrjwYPfVr6oTeqpVVzfv6QUyhA

Transfer 1 tokens
  Sender: FfQSio2UMhNKDBzVGeHLx9uA53YffLyigUBmj45eT9mp
  Recipient: 7KbmFStnBVAUB1NRKuNFdhzXtj3mfAT4jHLXoFvFFSaS
  Recipient associated token account: 9PPRWjggbFBXAo9aEcde6cYfPZv3ryYjRvFbd3dHaddP
  Funding recipient: 9PPRWjggbFBXAo9aEcde6cYfPZv3ryYjRvFbd3dHaddP (0.00203928 SOL)

Signature: 5k4LdxhgCRwMBusKqWK7Dxo3YTHrL8bcB4EokZHT9SP2ycqtNMCYWaaRdxhy8ckiBt24E5S5jMbpMDdDGMLG8Fow

Transfer 1 tokens
  Sender: H1L29zY6qpFvjXt3yUCGzEBdGTQsd7cRm8Boav8LSntn
  Recipient: GPzFMtZMQNhjTsEXNDuWyWj8yKhMXp4RbPwwUBBXncyX
  Recipient associated token account: Fya7DqBQS1mD8ajHU7hMvKgSC8cxKPp9YyEhvK4mULjh
  Funding recipient: Fya7DqBQS1mD8ajHU7hMvKgSC8cxKPp9YyEhvK4mULjh (0.00203928 SOL)

Signature: 4gxqbyA6vFUuEeYMyPiPvgBGTMQUqdC1UUZ1kLDx78H2qUWD6mvMkE44nRkDwdqFGiBdxqDQqNZ9N2TJ5gSKhXmL

Transfer 1 tokens
  Sender: 7C4K4dxszjyi2ge7MbwTFD9p3xPABryueCxJo8ESr6mi
  Recipient: rxuqLTYAC5quzjBUcUftK8mzhwGGFNByRvDf3A9oQSH
  Recipient associated token account: 8rzcCY3SvvY9RpJ3pSFM63dc3uwDvgGEb6fkZokUaqSV
  Funding recipient: 8rzcCY3SvvY9RpJ3pSFM63dc3uwDvgGEb6fkZokUaqSV (0.00203928 SOL)

Signature: 2bgv6fZhwcs4p2m6gR5Lqe38rHeB19migwmNc1CneETBKvvpqUavoHHBbiuTZxpzw9QoaGuX6t5toQLyJgDrjT5W

Transfer 1 tokens
  Sender: 7vg65mrxYhszUzhKpFt6eo3yb4gk1TpbhY13N2uDqw39
  Recipient: 5sfWqXkNq4nmSxo44hKTKE2FCaEkPqcf446jpeyMoWoL
  Recipient associated token account: 8fz9nYJATHjuZDFGk1sByuf5XWJXU232NAoNrTTk2Pf5
  Funding recipient: 8fz9nYJATHjuZDFGk1sByuf5XWJXU232NAoNrTTk2Pf5 (0.00203928 SOL)

Signature: 2mVai83unuXMFJNqBJZsgmpCsJ5snu12UkuKX6eoM8s8PLZsFPAqUZw2VbE2DR6oaFW469Aspd4SR5TmWDhD8ns2

Transfer 1 tokens
  Sender: Aww6oQ1eaevhEYDJnBgG6rRyvLWzss4cAqirp7yn27ay
  Recipient: 3LdbrFBY7sZ71MtuZhrMzK4YLgxNcTrQ5wLNZHs7r85T
  Recipient associated token account: EqCQsQshkc5KzevY8GkoxfUys9bMYeES6faCo8UZC9UN
  Funding recipient: EqCQsQshkc5KzevY8GkoxfUys9bMYeES6faCo8UZC9UN (0.00203928 SOL)

Signature: FxEBTGXMCcXwk3Ri6px49U2V6KWEtP3JuBrbsbndAzYbiE4wUc18ZbE5KT1TxtGKE9MhK9JNB1uDzbiX8mRzU3b

Transfer 1 tokens
  Sender: 7rhnUcQWmwzozsVVPLJSff5kSThzJ9AiYt63V91NJyqr
  Recipient: HKmC9VR2rRdGMcNcdGVPqAYWnnLBgmFFDur2qYUaeRXR
  Recipient associated token account: 4EYJEm96wVbosN1RGtyiNgiQitxKWu4kurK4znqh1EAn
  Funding recipient: 4EYJEm96wVbosN1RGtyiNgiQitxKWu4kurK4znqh1EAn (0.00203928 SOL)

Signature: QqHUnyWSwBMTS5vH1KoJJr2RNCn74GgDNgxv9a3BpafuY4npuKNSSNMRVRqafMhYYdGE3FJMjApvkvaV8KuiREJ

Transfer 1 tokens
  Sender: BWdea1vxNKJc8gtYXfVg9fqP6UrhZycihhbTskK6Khpy
  Recipient: 4iAiTV3YEZeJFt6Mno67ZWSDZmMSb3yRyScccySmhs18
  Recipient associated token account: 36VcynN2uFosiqmJPP8EX6e5UM2KDeLAeKy87MmNgFi5
  Funding recipient: 36VcynN2uFosiqmJPP8EX6e5UM2KDeLAeKy87MmNgFi5 (0.00203928 SOL)

Signature: 3eZWSPVHsgBGr7N3AU4LDTP6yUBuBgEMe1V8rCGy2YatCL5yA7QZt9sffyA8He667Q4dYApJZWUbz6e6RMp5qbKC

Transfer 1 tokens
  Sender: HioYU5xPSw5DeYPJJgeNVCtQvFBeaLRob9sLrK8eHcPh
  Recipient: 3HjJoQND4bDHzLELH159pNpBPoSnKRx4ZGwzxoSv3BYg
  Recipient associated token account: Fr6sw597YpZnHuSvbARujmi2AptMv2tvDpCPK2WCZqqa
  Funding recipient: Fr6sw597YpZnHuSvbARujmi2AptMv2tvDpCPK2WCZqqa (0.00203928 SOL)

Signature: 47u25snHVoVRw5a3Kw9UF3Qr89CAEy5v54onPMGSrXwgQdkaSUZa8B8u3M7xQsWyG6EoCV12jn2aLPzrvQVmxZLg

Transfer 1 tokens
  Sender: AkshvbbZyT2hMHYNRLQpgkg79eDNkhmETF7UZMYLJaUQ
  Recipient: 7srUnsGigLyApFwxw3MgNawzDrEkDYpjZtoQvBi6ayeU
  Recipient associated token account: Fj5BNoyziXEyyWKA2jxHdZtfe5H7GoPRQeiGYFB68TCf
  Funding recipient: Fj5BNoyziXEyyWKA2jxHdZtfe5H7GoPRQeiGYFB68TCf (0.00203928 SOL)

Signature: 2ZH3nwyBLXBmKHJNwz5hmxjeG6r1TqcDYTzy7Jnx5Nx1dNAa2yCFqefqpdiNpJ91G1gxYAkQaVMey2SZa8NN5LYE

Transfer 1 tokens
  Sender: 6AbHxon7ccYrwJmiDenY3FMaBssc5QJy3qdtZX1ZUqLV
  Recipient: CWiXLx6juMmaq33BPXGJ1k2DPqzfDyCQWoAsUUe83CqP
  Recipient associated token account: F6xQu7bKBTrKym4vZSzzCtyvdxwv4DyMbr8c3gaRKgpp
  Funding recipient: F6xQu7bKBTrKym4vZSzzCtyvdxwv4DyMbr8c3gaRKgpp (0.00203928 SOL)

Signature: 2J1sebAfw5Aox55fXrTFwbtMFdNVTzN3TrpZ1qauJ1NGx8sgCCM4muXeZFkobU5QfcGgC5b57QzZooUzH6EnaR6o

Transfer 1 tokens
  Sender: 4minDjGaduXNMa2iSwjTxxPXSapYNaTaiVVE5Z5fA6Jq
  Recipient: GD9Dx84Rzr6qLJKoZqQFZn2Yzf1NyPFbQeSRZqU56f8z
  Recipient associated token account: 9Ugho4pDE4BFQwJGbJY3rtduZGDNZuuG6v45m9Re8c7x
  Funding recipient: 9Ugho4pDE4BFQwJGbJY3rtduZGDNZuuG6v45m9Re8c7x (0.00203928 SOL)

Signature: 45AaU4schRh4UbVXooWjmy1VisM88cUgNryEF7NyyeDrVn6ZwMPZngjnUAYgaz9qfbv8Xn2SPuZBzQefhZwJNBeb

Transfer 1 tokens
  Sender: CMWw3njkbYGjs38LPnXiYiN8QZAfReXfdNPhTXnqew9J
  Recipient: 9o1ExiHt1XPsV5LEMKJtzBMKmpv189yLp27865vEL7Ux
  Recipient associated token account: CfVWgXvvWhxSttQnusZ7Vqmuw5TAKdCdJKkDcauBYPPG
  Funding recipient: CfVWgXvvWhxSttQnusZ7Vqmuw5TAKdCdJKkDcauBYPPG (0.00203928 SOL)

Signature: 3kSoXL4y4dfNyukTryic28RFgLsGcqJrgXtsQ6uL5n9YFJ6PGriqjzi3oEV5rAheYCGNvXn5LuF79MBekJ5FZKiW

Transfer 1 tokens
  Sender: G56inrNVz4mrF6xw4qDVQfQf9mrGjTpqngTQs7SFenPs
  Recipient: 4pUQS4Jo2dsfWzt3VgHXy3H6RYnEDd11oWPiaM2rdAPw
  Recipient associated token account: 9NC6Cv8boSUHgjZNdKohmykuha8SUHz9bLaoBhw21x9i
  Funding recipient: 9NC6Cv8boSUHgjZNdKohmykuha8SUHz9bLaoBhw21x9i (0.00203928 SOL)

Signature: 5wynZTb8AtC3CXdtEwBbrDJ8FAAbvPcaVt1E6P3QjRKdrWWUjGFGMMBeizE5aeBeXi5k9juxqy6gFM2eSNuH3diV

Transfer 1 tokens
  Sender: E9Fw6F69PDWPi76QYkRBKH724SXsRYugExMWDRVvZNsk
  Recipient: EEUHeJFM6mUeN44v3kpepHXXBcGY8xV38TjTNxHEt76U
  Recipient associated token account: HFcZuY1B1mKhYWGEUp8NhodUUgU7pMGKcL55DedZxfHg
  Funding recipient: HFcZuY1B1mKhYWGEUp8NhodUUgU7pMGKcL55DedZxfHg (0.00203928 SOL)

Signature: 3JrTGC6y9Q3dbc7Q6eSUGh2R8GYCEyZcGfC2EbdShLYRV2KKxQLRd1i4rxfBtyeLtVpvayGjHA89FHWPnz7MgTM7

Transfer 1 tokens
  Sender: EovrB6wg94LN3xmnHjD5HAqYCmuNRVjBWc5gMAW3Racv
  Recipient: GD9Dx84Rzr6qLJKoZqQFZn2Yzf1NyPFbQeSRZqU56f8z
  Recipient associated token account: 7wEJAogzDqUxdXzjscCjvfWjt8Ckt9Gr7vPb1k58u9ef
  Funding recipient: 7wEJAogzDqUxdXzjscCjvfWjt8Ckt9Gr7vPb1k58u9ef (0.00203928 SOL)

Signature: uMXrSUJE42R1KTXDrC4QvFQuvxKczb2G8nwLahXAbX5zCpuoCXFFYd5z55NULjjxLQspEjBq9nSifuELu6cr9Zj

Transfer 1 tokens
  Sender: 7uVeqZKonFjVGMPd7JPW8gGZBLyvbsrgnGQ2o4AvTUAa
  Recipient: 6a3HzqTWYGmVHBFaXGeEZptLPVq2jvnn86aGKobGFbka
  Recipient associated token account: B4Ye9wBESfdVHe7tdZG5jcgA6qe5KDHzZb95UiYoFe57
  Funding recipient: B4Ye9wBESfdVHe7tdZG5jcgA6qe5KDHzZb95UiYoFe57 (0.00203928 SOL)

Signature: 5u4MZZ744KFBikEnZvsTQxJounTwuwZpZceG1oFAJGZJh2BcXPjmBup41W7Pqx5pMqZF8K2VtnY8bDQbCzFCHe69

Transfer 1 tokens
  Sender: 7HR8xXTB9UDDeAiKDanUkSKbvwuuHScx2PigWH3VD1YT
  Recipient: FpSrQMhnYa8YRnEQqKstyi8DYsMvET71CPfnmJkBSSP5
  Recipient associated token account: GFKbaPz8ymm7FawevDFR3TzEs5DP6a2ExFrhdMQKmBeV
  Funding recipient: GFKbaPz8ymm7FawevDFR3TzEs5DP6a2ExFrhdMQKmBeV (0.00203928 SOL)

Signature: 37tGYdwBpqJLFzjaFHCLziYaTcoNJc2W3SwaRRPnWyYcwvYu4hWGYWWcM8HbFx25QEtwgxD2vFjiWpa1tJeT6Lze

Transfer 1 tokens
  Sender: 9F5ytiG14a478HV7iNohwRcEaG8hUyB61kH4mYenVxtB
  Recipient: BQ6W2opUUbyd3mVpTX1NRgFWgqBxyt3FSLfSR6TXQRug
  Recipient associated token account: 4mnJ9y7aanaecAFyZ722QVtVzfz6gfm4zXq3xe8h9Rdu
  Funding recipient: 4mnJ9y7aanaecAFyZ722QVtVzfz6gfm4zXq3xe8h9Rdu (0.00203928 SOL)

Signature: 5695TahdKnDNwvpZLEHesEuaenRkH7Yvz6cSFFkwPujLLiJqExvcP1X1XQNxL6g4qaPhsRSebz5a2LEtGAYkuVcs

Transfer 1 tokens
  Sender: Ewe2VQydTxqQkVWVM7Aq66udZ9f86EKzMVpTM1E1wAtD
  Recipient: 4FWtRuEfJG3DdkH4LjJDB5X4sWpbueyervENPpM8QuFk
  Recipient associated token account: G4y4BukGAW2rYJtiX527HsfiWoxGvSnAMzvRd78zUYwo
  Funding recipient: G4y4BukGAW2rYJtiX527HsfiWoxGvSnAMzvRd78zUYwo (0.00203928 SOL)

Signature: 5G6crxMKFM9bNVKwFqAoTCtTS6UUp9U8d6Q9Sx8x6kcpqx2YRu1qMSXxCvq7vQbXNnKeY6zvF8RUVyP6km9uizXD

Transfer 1 tokens
  Sender: 3MxK7Jc8Tux2E4uCrefVMrwKBNbUF7FwM3qocJRAJbss
  Recipient: CWiXLx6juMmaq33BPXGJ1k2DPqzfDyCQWoAsUUe83CqP
  Recipient associated token account: DJpzXiPBFNsV2LB7JCKtFmVJmVkmmQEVJVKxAKuQdWzr
  Funding recipient: DJpzXiPBFNsV2LB7JCKtFmVJmVkmmQEVJVKxAKuQdWzr (0.00203928 SOL)

Signature: zAitEb3vrzobiYzxNzZ5YwicGKhy9wVehabdxPTxQTGaYiKbbrF8xMgYAzzQjLpnVaMyLNymD1JRRQjGYX5iDpF

Transfer 1 tokens
  Sender: HkyekTrXLUJwCMHLuFYYwubMwx2QrHdrAjAMXoGYN4b4
  Recipient: CzBuPFMJQbPLw6k3B7z7KNBwMWfJZZKTFBYZLhYB27N1
  Recipient associated token account: 7pQTvLMFEGsfsUq5kq7kidyrDdCwwPRCv4gHEZLX5LdL
  Funding recipient: 7pQTvLMFEGsfsUq5kq7kidyrDdCwwPRCv4gHEZLX5LdL (0.00203928 SOL)

Signature: 3yzujA2gmsRikvkwkemKQ8CwfAeyfMNe8M4g7fY3qES2QawUq11X9tyk5wNGYQ2j2GhgKWWRuDGBdwsDQQrJZWgf

Transfer 1 tokens
  Sender: 2ZE53Sh5chuDjU4FJHaGDEby4STuY64a4ZXQqjabuhzw
  Recipient: CWiXLx6juMmaq33BPXGJ1k2DPqzfDyCQWoAsUUe83CqP
  Recipient associated token account: JCbhewVn8dhx58ma6DNuwgHzzScouDkSUXM76FoThM6p
  Funding recipient: JCbhewVn8dhx58ma6DNuwgHzzScouDkSUXM76FoThM6p (0.00203928 SOL)

Signature: GMmegW52gHaanRqkRSsaEQVyoPrBmjrD7wqFrRDr2Fpkdq3wJFqty1TfjdWDbekgGyCxJ2vrPAaiJ5fu6cAdgrV

Transfer 1 tokens
  Sender: ADTnrHR5au873MpEn6biNo8cALxyLumUz3SPwmzUrxwK
  Recipient: B1wHqg2kwb16bbRgitKMfyt5Y8Ciog4TiF5bQQ9XVms
  Recipient associated token account: 9Sp92oecqwr4FM7AoRogcZcneGYU3AUf1P3XHVUvsDUu
  Funding recipient: 9Sp92oecqwr4FM7AoRogcZcneGYU3AUf1P3XHVUvsDUu (0.00203928 SOL)

Signature: 2BVsf85zbFdPVyGx7gzxSDm5rh8sGkweQSzQH5oNSTwRLEDPsYmwt4CsjtDxrK5TVZ8Ff9tdkrjdre8eabdzxGhv

Transfer 1 tokens
  Sender: 9SvFpujzHJrnGJ9gJBuJntbttf7XD5WujcbT6Jxuw1wX
  Recipient: 7gXRnhYYPAiUbYCehz44qhtP5cEsC7X5kj7xCW5o8zQu
  Recipient associated token account: BnApVfmqovHDXEX9Y52tunFuwy4Pb4hTyaLcic8dmk9v
  Funding recipient: BnApVfmqovHDXEX9Y52tunFuwy4Pb4hTyaLcic8dmk9v (0.00203928 SOL)

Signature: 4qyodygF9xE8nswrSMbnB9MUZuyPbdvxDWgZBPjsqLuAJz6Jz9sYK9DtmAuTgHnYRuc1hdBNgkJzZ9TsZpfcNSxR

Transfer 1 tokens
  Sender: Csm1KxmqSVeDcJeL1b5gFW68AcUtSdLNAUXi1bowntZ
  Recipient: DtRzomChS1Nk1i4jMK8jXitfVfKMG2zJ4ShQnUTZXcwx
  Recipient associated token account: 59HBXRAFWfKhWXM7dmYHy4egSAB1PsDTjdca6pMvTudQ
  Funding recipient: 59HBXRAFWfKhWXM7dmYHy4egSAB1PsDTjdca6pMvTudQ (0.00203928 SOL)

Signature: 37GP6xVUTXnrhyzcUEJdg6pGQ1Lm2NdXXQJzaGBWCag3c4KQ3kzfJ8B2XjD6qMcZwNy7NtjsYQA1q1FbGSJxw4L9

Transfer 1 tokens
  Sender: E5HN4wht2GRnF92oXLBPN6LRRVBJ8NastLdZiCpxVav2
  Recipient: BZFFoKXR4DXzDHfEDMaiXrEDWHBgLxDZVdYBtd4b3E7f
  Recipient associated token account: 6FVNpVtxdKtLPk6eXRbNrVyLeZZPo99XMevC91eQyToo
  Funding recipient: 6FVNpVtxdKtLPk6eXRbNrVyLeZZPo99XMevC91eQyToo (0.00203928 SOL)

Signature: 4ZEFMzSBWYv4YePjGHRx3ebsgYf9mvZ6HHGx2xn1mVikrc8H68AkvjvhjjRfZ2nvp6kodEjwHdxtNUgbdxkT2mGD

Transfer 1 tokens
  Sender: HS3JPsUkcBmj8PN3YYRyPVrueT4wD6sZ1NZyenGah5Kk
  Recipient: 3a63hZqU32jX1AYuDkWpiZRvRsABMFW8rYWjeNasvPoJ
  Recipient associated token account: Bazawq6BpYNLHUNnEvP1mejMGLm4vykqLh7tyuXwrzst
  Funding recipient: Bazawq6BpYNLHUNnEvP1mejMGLm4vykqLh7tyuXwrzst (0.00203928 SOL)

Signature: 2JYLgPVPVjhs5U7qHrNTXWwSQhwiN25X4DTUGAU4RDR7EvYBpv28SJk6JFqZr9pNam1yqEfZ9Gep9RY1xWtjxkYV

Transfer 1 tokens
  Sender: CW4akYHQLzLBdj1g3AjBypmF9rAdgvJshFtQcz6pZxYg
  Recipient: 2qXqig6b7BWU6F6ZERt6AnsTWQHT8Lmc3nocGoMZHZH1
  Recipient associated token account: 4GmbGRgMA1yr1c41pckNmSkEYpR2HazQnThkUZtWZQSn
  Funding recipient: 4GmbGRgMA1yr1c41pckNmSkEYpR2HazQnThkUZtWZQSn (0.00203928 SOL)

Signature: Dun4KXpg4YWh3sqfDwGsKT3v76ZE3kGoEKCv7vd9j1rrK11nZpeLNsHhVLZqdN9RQcYxcXRq5a7cnrHEP4YRMao

Transfer 1 tokens
  Sender: 9UBa8mYspDzSd24xm6kjjMb2VLHYvnFHhwKu9h1k9FSD
  Recipient: DbqiZ6wRAA7vU6k1dPFN5P6RWymSu6FRpaiyxEYUMPtw
  Recipient associated token account: 5U7f7bbkFZ7Y2L8kWiN9hZ5EZBzPyUg4SHJcFBahQz9g
  Funding recipient: 5U7f7bbkFZ7Y2L8kWiN9hZ5EZBzPyUg4SHJcFBahQz9g (0.00203928 SOL)

Signature: 5ZmSJDkSwLjXSZFijxVBjct57WhaKJe3463Xkh19Jtn7msERBTq2TSmg4DxRUtFJt8aK2hS2M6YyhCiFmvFgA8Ad

Transfer 1 tokens
  Sender: HiEX1g4ZCpZoup4ZJJPmydEkk9ZT5r5SRKe9KWf8RoYZ
  Recipient: EWC6ESChdBqExhp96XPMLXR65pXP6Ftuh1pPAVws4pmk
  Recipient associated token account: EATSjLsVSbXgk6pPf2inrZh2h1k3huw32yy3xjBeHium
  Funding recipient: EATSjLsVSbXgk6pPf2inrZh2h1k3huw32yy3xjBeHium (0.00203928 SOL)

Signature: VRqsCAVjFCXdsLNtUYYup8aUku1q8TkX48wJR9KcjAZt8yCagJ7A88gcdC3rjhyix4pPRLmFt5ECxdqJbfc9XtH

Transfer 1 tokens
  Sender: CvJdd4twnF6mdncQKrjg2jfs7sZEg8qG4psVfmapRPzY
  Recipient: 8iFRxf3KinD85BWb5JJEXAJdVSrFQqo8xoxbA93LtG26
  Recipient associated token account: 3moLKjo9fBEbhuxnVaAc9qfrqmQBhJWBuQnW4Wwq4bv7
  Funding recipient: 3moLKjo9fBEbhuxnVaAc9qfrqmQBhJWBuQnW4Wwq4bv7 (0.00203928 SOL)

Signature: 3EySrQgmb4py6P4QSgMgwXCCbvQsfdtFfgkCiLaY85UFAKBXciHK4uWTuSE7XaNHoutiMhbhegQtjwtP9Achf1Lg

Transfer 1 tokens
  Sender: AKLhi8jcox4vWpmHRJPw3MwDAb46CLY2bVKLZcmDgNen
  Recipient: CY7u6f6TG8qPFxnng7LWAFHDF7zJX4jCBXiQLzgr3omR
  Recipient associated token account: 6Ef7v1jNMNwWwZv4SghpffgpMAaqmEQLz7kE1SCEyUvr
  Funding recipient: 6Ef7v1jNMNwWwZv4SghpffgpMAaqmEQLz7kE1SCEyUvr (0.00203928 SOL)

Signature: 2RkkhcdShRKJiCcHtg4W4ArwNwCA9CesMnVzboMEqVauNGGmLpcKbbxyrAPLUQdQKviV4kQLG4PovC6Ep9amrnn2

Transfer 1 tokens
  Sender: 3s35kw7DbbcnzFX13Xt4T9p5guKseffQcazG6AFVRDZm
  Recipient: HXFXWxrQhrwFt8RPa79CcM5R8TsjzChsrrZQBX5ivZEK
  Recipient associated token account: 3GCqp2HffpA4erkTzMHgtsjRmV9zp8QPPMYwr1cfdTvM
  Funding recipient: 3GCqp2HffpA4erkTzMHgtsjRmV9zp8QPPMYwr1cfdTvM (0.00203928 SOL)

Signature: 4kSV758q8gkSUaEybzAvuCGxsysGwPGeVR7EssTnuPmoUsq7omME1GaTx6MEYS5Em5i2Fehb3cRkwvRKus1wH9C8

Transfer 1 tokens
  Sender: B3rUkpZ5b1i86Mdcp93pYa5LuixxYDERgnqmn2iN9ae4
  Recipient: 8eeWesjTSLG6Hdy6GV8bwjrBCEnwY15LWTkyHtGtsUB3
  Recipient associated token account: EWEkjFdFSqoc1NcwycMjRFpAhoGcWhuqQcQaeR8RabVr
  Funding recipient: EWEkjFdFSqoc1NcwycMjRFpAhoGcWhuqQcQaeR8RabVr (0.00203928 SOL)

Signature: 4BUK1aVwfh3VWXKMjFmAnurSfN5Ftv91RcZe5KXVynVK38FfQkjqN5WeuPTN8jWJPBE96eSZMekiUMajLueDc8UR

Transfer 1 tokens
  Sender: 7BNPQz7TkoMZnMCYHVpt4PBi6qh1gqukXnkWLnds3sCN
  Recipient: J2B9WCMCmexvhiRjbhHVwXY6fVRyiRPo76TSAhsKppGm
  Recipient associated token account: 2cB6uNX6ZNMTUACf5ei8uw8sGwkVxSVZsXqYw4CAhr2z
  Funding recipient: 2cB6uNX6ZNMTUACf5ei8uw8sGwkVxSVZsXqYw4CAhr2z (0.00203928 SOL)

Signature: SVS6bsGb62SKAsPPmuv63dUF2qxyk1z9PehaGtPD8KpTdGJftRDVV3zQCihG5QYSVUo1UMn9ZriXQgpwMTehGh6

Transfer 1 tokens
  Sender: Gk426LDidsmhwz7Sr1M12VjY4hokToJwScPUieqJXkRJ
  Recipient: AEUto3eFWHLAmmVRq3Vo2fmHXwte525jQGG6D7pN4RRd
  Recipient associated token account: 8yBS83fWFd9pJUGTosqBr5JQcc3izutLCg1dsjJXweCp
  Funding recipient: 8yBS83fWFd9pJUGTosqBr5JQcc3izutLCg1dsjJXweCp (0.00203928 SOL)

Signature: 3zEsAvKg1TP6ZktAz4SM4LTPBeLVB9dtWTv8bfMezXrVRg7KnUChyZKaZo9Ax6sYqFcjFDg72Ciyn8sPZ8ujUgLX

Transfer 1 tokens
  Sender: FmGr5D74fPrwar2RsMhnvW5b6oD3QmwyhUXkeFAFy7W3
  Recipient: 57hFYScJ82SoZnBU69Y53PoTg9793MAMfcfVno5Zxymj
  Recipient associated token account: J6Zy8Bp6aTmytFwFmerBJUAGa7YqAuZ14xadBGYu83j7
  Funding recipient: J6Zy8Bp6aTmytFwFmerBJUAGa7YqAuZ14xadBGYu83j7 (0.00203928 SOL)

Signature: 3SgGMyp8UmYKJPD5ge7WPwLz7WZu9jvyX64N3gP1wR9eSGzEABcvz2GyhXaH93TL3nSobRuPyMJnarVmSDvtGtWd

Transfer 1 tokens
  Sender: Co8tVqkwFcpugAGaL67VmoFRnTmr8XsEihFfWzJDE8XS
  Recipient: 4eg3MW2HpGPaNk6dHj8RZ2dZhzYC4NxpRRaetFsePHa4
  Recipient associated token account: Af73DPRjQ2Xb6ZkEjJid1ZUkrgJ7yaG6BoYpa3Z5Y4gH
  Funding recipient: Af73DPRjQ2Xb6ZkEjJid1ZUkrgJ7yaG6BoYpa3Z5Y4gH (0.00203928 SOL)

Signature: w6myqZrVFriSV2idT499ugDrHxyaSU5jUwkLagxtrQRWmrtjnmoprVKQsFEzFA6YCNQedrRHy6wqXKgw9ffpzRP

Transfer 1 tokens
  Sender: B4rxCdXkLiPNasDxyCbzsdrVqu9eqwe2G527uUwmd3zQ
  Recipient: 6Ah3R4nf6C1i2LifmTTs8mX2oNdAyLiXPGGJ7wJ4oZXK
  Recipient associated token account: Doo4ZT8JvdnGERznFHuRgXhsBtnVeAuDynGP6ZrGa8sC
  Funding recipient: Doo4ZT8JvdnGERznFHuRgXhsBtnVeAuDynGP6ZrGa8sC (0.00203928 SOL)

Signature: 5CwtVioDcMmFPDdUwszzjPPMpYvtXKt7ShFQ8kd4FUe6trytR1GoPUcnxK81BQfoxRS3Xt7S3HAG5eQUZcyX64rW

Transfer 1 tokens
  Sender: 2xuprqn2MaB4eausGvkj8GFukyzz9a9sPnHadLpDhJgp
  Recipient: AZBYaUFwLJTEDv9raUX4ZiQwxoVE3cvQxnkq6u1g8g32
  Recipient associated token account: 7g2uJoxDmgv5KntwdVuGP7e3Lx3mU48tPARyqBY9DZNV
  Funding recipient: 7g2uJoxDmgv5KntwdVuGP7e3Lx3mU48tPARyqBY9DZNV (0.00203928 SOL)

Signature: 2TnCuqL6DCuzD5Vu1oAnywEe7FNDynNSrnHYvyi11FbhsGNAmWZ6snDuGuvhcMN5BCVZPJvznUSd3sEGEigXEKZv

Transfer 1 tokens
  Sender: eNfBeRJaFi6VDc3ghtxNFpMjPuj5ZpvS1oFCkWd8VYD
  Recipient: 2HmdWRAuG3rLm6RmzCZ73HP6avBgPhJ5VNvNNQzUVjxX
  Recipient associated token account: 2fBuG35hJb8jB2RbixzRUXke72wZvdHy5HieVTMqrNfV
  Funding recipient: 2fBuG35hJb8jB2RbixzRUXke72wZvdHy5HieVTMqrNfV (0.00203928 SOL)

Signature: 5tDARiBqtdbbF2dibtW6MN7cqJ1yAX28F9GWEHzxMLATKo6uyfifrJUTosUV9mJWzAxYywsRD4hkbew76NFv744s

Transfer 1 tokens
  Sender: 5etoTZgF2eJCWWBvjSxQwB6Y7y5qJR6zcKb6oBvtVpvK
  Recipient: AsxYivuyVu6znDgnwenpLSLvkZDua4mGKxTvM2JgoeDU
  Recipient associated token account: HwmW9V74V9oTz35d5EDtd3ECgQY2RMmXtf15pCDxNy9c
  Funding recipient: HwmW9V74V9oTz35d5EDtd3ECgQY2RMmXtf15pCDxNy9c (0.00203928 SOL)

Signature: 34QzQFHuA5FCxdB6XQfGUWdRcKNgHeRv8s39e2wgXk9TcxBSK33A4sMCQHNxx17R14d7d85FMkDyErrxZ9REmdhq

Transfer 1 tokens
  Sender: ALxVY55cH6BnXa7dgm72P2ahLweDFPizhvs88XhcUjy5
  Recipient: 5nH4SNp9Hhigqmjd8spT6UyLKN8okssmWJ48uCGfWf3J
  Recipient associated token account: HqTiJDsFr5ePBfhFR8h582CpWVgz1e8Hsbw6A7fLAx7Y
  Funding recipient: HqTiJDsFr5ePBfhFR8h582CpWVgz1e8Hsbw6A7fLAx7Y (0.00203928 SOL)

Signature: 2uDVaQinJRQD2nEQ8VtGZpRvbjSQqnLJsmMirjtDrXDNs25zMLF5Ao31xaKCned5ahnmycbgtcReuTiwzBxR8J3x

Transfer 1 tokens
  Sender: 5op1Ptx13FmZdwFToFfbanvM82AcgsQhXcB2UZWPzynd
  Recipient: Ds71T9MhUu4DB3DPM2YigYtiTqTPD75DnevgoBfgQQUY
  Recipient associated token account: B4zZZDjbrpsaVQTJBRVnYhuDMWe53hph6fna4brgZksr
  Funding recipient: B4zZZDjbrpsaVQTJBRVnYhuDMWe53hph6fna4brgZksr (0.00203928 SOL)

Signature: 2F2aX4tj8p1fZzbudiKvdKxGkNfVGVizecdHeeNXHaXSxcYwQenZuRLkn8ozmP32LTWHixwHuSRn1JLbT6QybWxN

Transfer 1 tokens
  Sender: FLjFwwfYLf7MwAA3wo4JrchiAMhcQowLMBFBdXq44b9H
  Recipient: GkgRjJ8cCkMzEu6XhL9koTa86sPuTh7neqeoEK1e7VKC
  Recipient associated token account: FQ6EV4zK4UXRDL7CfDr7KkdeK56Tyqo8P6J3Cy233GyN
  Funding recipient: FQ6EV4zK4UXRDL7CfDr7KkdeK56Tyqo8P6J3Cy233GyN (0.00203928 SOL)

Signature: 44hR4ShqXJuzwvgErJ5iT5LY5enZDwjT8yp3MLcC7eB5jG5BqXhadZ2NvfcUnk7smkTqn8GALwXVF7ggHzzfe3pB

Transfer 1 tokens
  Sender: 2eM1XSvaSGyrkEqK7waCziz4K3oWyDZ8ba3HQyJxBcBV
  Recipient: C6ziqrxZLkEpkA7hyrQ5fQAnLqfD9MnhT6P8nXafVW8i
  Recipient associated token account: 4QdEp1CFHcFwdiowR7apa4F2BCLWNyiVSUcqvjdq5jCP
  Funding recipient: 4QdEp1CFHcFwdiowR7apa4F2BCLWNyiVSUcqvjdq5jCP (0.00203928 SOL)

Signature: GTPsxXaReZvqFUDaWLmkhg5snPUSKk8yzqStxaYbiR7rCmjo2nxeWh3GYSRJYCn6jbKM7r6QLa31LgZPD6gcfMb

Transfer 1 tokens
  Sender: 52VzqeQtZotrntxLqUv1PLFH6o2FYZ5MicXD9UrHLPZz
  Recipient: DbqiZ6wRAA7vU6k1dPFN5P6RWymSu6FRpaiyxEYUMPtw
  Recipient associated token account: 82hYKvEB99T8Gm55vFVtoBi9waAabGy15ZbnC3Nz3mFK
  Funding recipient: 82hYKvEB99T8Gm55vFVtoBi9waAabGy15ZbnC3Nz3mFK (0.00203928 SOL)

Signature: 5woMT4deGBVkEn8V9bA3wZgWXp34KnGrGA5eAYhjHdxqFkArDtaewhtcSu6dnW8ay27MrGyYFAawP8s9bC7KPXpL

Transfer 1 tokens
  Sender: FCLQqSUrZ5b7xhHQabN4xXHnQgTomj7PQnzx5qtyrrjw
  Recipient: 4pUQS4Jo2dsfWzt3VgHXy3H6RYnEDd11oWPiaM2rdAPw
  Recipient associated token account: 7M4vsctiR5LzyBA2VBKB9hXMr6QF5nTyqw5cKDNRsAN
  Funding recipient: 7M4vsctiR5LzyBA2VBKB9hXMr6QF5nTyqw5cKDNRsAN (0.00203928 SOL)

Signature: 5z4UoTpDRDDD54P3zfsJLBV71nFG4qwS5zRjgEVueH8XXDLQVnpYZLXE9pt1swdEbVfmHQkewhNdQ5RhXoBWXjg6

Transfer 1 tokens
  Sender: HRnzGa7ddRZY5wWKgMxtAzcRqdc3aZfZvtQXPsrpLdrD
  Recipient: FSVxZGe2J6Kr92xdQYpP74dxd4uT5Yhbq6s7SPxJF31d
Transfer 1 tokens
  Sender: 3ogaUXbgza5k3xjN8yrqTikPwY2rYznM7qeybbEUkNDj
  Recipient: DWPpeotxT2Q1m1BDzuycQktDe6VnVejLiPWsjfwG6Nb7
Transfer 1 tokens
  Sender: Wm3hbAgAQjcK1zLs9tdNdoEvhqx8QHQbxPC8qxUqC8d
  Recipient: fcmiKjziCpUbKhndmeVU6GWoBpTZiNMMoG3EXC1xFxV
