AJvN7JSopQwirCQj3pqPAMf2ku7vPK6nFyBkgZzMELLY
9F3hBQx97ofsAQBV9zN9LuJ1m3euFzNB5krQnpj9vgU7
G8GK8JXKkFsrCvrqAiZuusAWRuaen8MfZUfLmLAduQ9d
D8DaqR7BiSjuqbKNXbUD33SpaLn2RuUqEe8FyxnZtE5L
4qwMMMB9FsjcNijuUpJ8FQTh2279TqKZyU2HuM7C21cW
3EfeQmYCfiuvyxwuvBt5BsGG844oGdn56Fhsw87GwX6X
45gYxbwB2NCeDL2QfNmDpeuMPbVu37StLeYBP1pRWXLT
HsYWBjTNyGSwdhVgUwtjqr43Uq2tDCBt41UN2GkXPWSi
6shB1d8CZTDjeM6yUKvUVVR3v657SZNafz598wm6pEMz
CbiDwiweT4LcvhvCTQbyahZdgjqZPvRHW9kUriCeqTRE
4QaKmU8eFy1Huw8JuorjrmcL48VKrDygSwxMR3MHetes
9vPQh594ZxJB73QV4CGaHn5tnBhLxMckaqjQdCYyTq7v
9CDE61jCzE4KCG9ZUmUNxbHDP43xEWuMB35RVuGxihRF
6F4Xu5g7rCF3BeZ9rFGtyYUMk1HFpQTo9Tsgd2y5Qmzm
GZ1Fy65Ug9Gi6iCBKs6csFYf4BHrj58i3PtTFzB9pJc9
HNNk2uuiqU1h6f4iRX8X1nMVEgNxvWNijwjxw9eLCheN
Exyd7PJKtLzPfPZvopdfQc3CPedd8QPTo7kykRxjvwns
5YwVL6JQmiabpd5g8cGgrYeetgDLgwdgGvHr5zJ1SD2P
BBCf6USahJonWStZaXoPQGvBxgda7hkq2rVKjRffxJVZ
2VaHvEbvy59jKW6PZR23LDNZUL9Hyw7owgfWmtcMtWeS
62DjknQdQi7Efp8rMTwnEBqz89H3VQ25FYRg5bRA2CXA
5kn1KycAhquQRei38LXj1ASXWSe7w3bRaUBw4v5rkMuT
8YffVt7MHSunBbzSj1pBj5ToBFdZdEgNy1wxZ72mZ5Nt
6McEHdacasvx1h4377K1dqnRznJQ9uh892nWFLyFCXrU
gBmjYhw9vWbJ5dj12mJJA5TEG3qaoyGwttaUJTGUXWH
8A7KTznB5nzPh9Hwyru1SsLyhrG8XdKd2TsidvtCEWLv
MGti798tEHB8LksZAoG393BJFbqPBicuYZhXBVwQTKr
8vPdu9gw9RogupSWxgR8ScNXuckQVR3PmgWwTNkTRjUT
AKuHvhtUNGxBWFssqaUcQiTbvuF376ymncDhHpPAXFXS
3eGD6UnHWmmbEq9VD7UBaLrWZBSq46MC14enSLDMykvK
AUJxQHChFNt9aVTEzSYY2PYCNfA68SWG89cV2YhvzjY3
9cFRC6TLLq3a2c9xPp2RUcF3kymqtuQcagWy3vaYd6Fn
Gu1acm954EfSYuVbwKMog9Har3CrhWMnmd1iq1oTECv6
8z5G7g4SDCNzjaLEcyskAymSF2cqT76Jw3Sz1JA84obV
9ukZPZY2xc4vZmSrkdUNS65R6J3bY31tnMBAdWfLTxiC
FEpbRV1u7DmiP35vWT8bEYwcgnbdEixfn1Rzm3rTkMVu
HWydskLBYByEmcYnS4jrTo3pRpGjHJ9PqhjTPhByYhUm
CQboxaYMbE6c8FX8zAWC9WexYvBywYFwrCnWkZGB4txn
FSc5hCuM1muEpTo1Aj72tu4ypZWwgUVGZbqtw1t3aV6i
8M78cCCt4f1b1P7QMX8xE74UMJXu7oHDuZv4RryYi8fv
DofDKvPzpYS8SJpz58GrKRreEMqBcgPN8VgxbawuopYF
DH8K32Hydqkk9c5jdPQf3wuBNayxdcvs5XZV3QNfFD3J
6ihwDpXztqiin9J6R1hWoXPNot3anBZiUDp5yvJcBcxH
9GdZgcHfNsELgqLtcpVhtEcp1xXp4djwJtUYkZHKVKqf
34VTMh9Gpz26EQDfgFjz8gHR7NkDmj363vschCAsFdyY
2VMHfAMZwiUqq6Va4AgCE6fj3mUJFmAJXuWZXuX1vvRP
6VLbLwynmZ1P6x6SKie6L31PvuzEGuGMsdcvRCub3Jpb
EZWdX1A9NNigg5cdeoAWxssQaHa3uv77ysJjYUMM6Urn
CCQ2mYFVLPoNr5EbVAGgV3ovMNvkwLt7wesNSJ89P5j6
7WGBKkgrd1ohdK7Zz7r7Np9QRfD7qqjLVCJ9LEVAzH55
