Transfer 1 tokens
  Sender: FWNfpownhDgEmdAxmuEEGEAHv2SPq7wmWikEJUaoCEvS
  Recipient: CZbmLXFpJGzNabQQdsHQ3KWMkA44BFGrdVvvSxWA5RwQ
  Recipient associated token account: 557UcgECq1pyFPKoyqgpdpeiaazbQnVKJHhCYzxghM2F
  Funding recipient: 557UcgECq1pyFPKoyqgpdpeiaazbQnVKJHhCYzxghM2F (0.00203928 SOL)

Signature: 8jVjLEFUoweyPZAgsrk464Y5MtrCxfr4dDMMkdp2nemzwpdDRADMPgPhViXj5VhkYFCfNn25HBfEdYJ7e9ZWJXK

Transfer 1 tokens
  Sender: DbqGJvb9bHavmgjt6vXd8P3SoXDgmeXb9jCZ7uhkhguX
  Recipient: 9ej7a4re5ZsayUKYpU91q5UEakEjCwK9mFb93zDAKwUM
  Recipient associated token account: J3cDcmSjBxyG9gZkzZDc1EhdwGn1SQDn3Rgf7kJaLJH4
  Funding recipient: J3cDcmSjBxyG9gZkzZDc1EhdwGn1SQDn3Rgf7kJaLJH4 (0.00203928 SOL)

Signature: 5EvURKX3bwYzzUjrGYXeyGcT9pf8giwEWqzU9J7h9Kf7Dk5nkVNUH1PXdARhvBCYT3oPjq8jtJTHCW7Ft21eMGSR

Transfer 1 tokens
  Sender: EaiYk5rgHEYMpFxWsEv4owBvwTDErFCPg265mgpV6vsL
  Recipient: EppxE2vDF8cBrRmJ2BSYiJ1JtHcPFV48YR4NkRD36gHZ
  Recipient associated token account: ZmqovwivDK5Ht2xCLstU1WrZKEW4pM1MESbMjgWR2Fq
  Funding recipient: ZmqovwivDK5Ht2xCLstU1WrZKEW4pM1MESbMjgWR2Fq (0.00203928 SOL)

Signature: 3EfB1HY1CRaWvry9b2oJb5npKS2QcTusDnH8K8RpfjETNjTEjzZeUQEvcsTowBVS1k2zJoNhT5bWEiFa1VBz3NTK

Transfer 1 tokens
  Sender: E2jTJgcxecQDKLMA8kbR6MMyZJR6HAzwXXjjMYQSYbCK
  Recipient: EGdzraLTk2pzfQtqAEVBkAD8vikmQzui5xMprFqHnG99
  Recipient associated token account: Uawk6AZ7fAp7mHMq2CmR698PKssCVrRss4aUrR67Zsk
  Funding recipient: Uawk6AZ7fAp7mHMq2CmR698PKssCVrRss4aUrR67Zsk (0.00203928 SOL)

Signature: 63t3qzWeN7W4kCVfSLZzwEQtmUvnoXJyLUvGVHEQuNvT3zR5K8Jy2jHzY4i4SaEJ6bnH9Zm1woJ9rVaYznpYiohE

Transfer 1 tokens
  Sender: 4uyF7eTAQDcT6jSYxs8VEt5RpypPNNxpo549y5M4fhNC
  Recipient: 4pUQS4Jo2dsfWzt3VgHXy3H6RYnEDd11oWPiaM2rdAPw
  Recipient associated token account: G7Ac7M2Bfnpw936HCVQaDLmxXesxYdxzT7ygi2MP4w5b
  Funding recipient: G7Ac7M2Bfnpw936HCVQaDLmxXesxYdxzT7ygi2MP4w5b (0.00203928 SOL)

Signature: 4sYq7HqdkBYuhyVjfyyb79oZDy3AtB5bXnCNWk8r5T2ba34kkXUpcs6T1hyrLFWesd2mmXDndcJNCEqTrtqe7e2P

Transfer 1 tokens
  Sender: ARs8Kzt9W5cTkzHtqrPCnuKHDWM5bXc4eSuQRMjSbHwM
  Recipient: Hj8r2JfHZTJPqQuz3GWCiu8sgAnYEj24f3eaJQhRerUf
  Recipient associated token account: Cua7U3WYdgAr7R5ofFMdEBMeMdoQxFX7wJ7ZLq5YFGUy
  Funding recipient: Cua7U3WYdgAr7R5ofFMdEBMeMdoQxFX7wJ7ZLq5YFGUy (0.00203928 SOL)

Signature: 3v8irBUn8bJtwjcUXokEzUoiyEnbvYqdB4aPNWSq5aDDQgKdq9cZZEKZ2tnwasyFpMco2gGhhEmbrbqcqATkAxSA

Transfer 1 tokens
  Sender: 6KVgUKJoRV2NrUa4EA72C1e3gmDb2Tejd9tF3CqyPc7F
  Recipient: Bs2NRpK5zPhbhchTM2XGqys5uLw4bjZjiWQJW912XwWi
  Recipient associated token account: DWPqmb7sYLV6aBg2LtR91VV1t8HasvHX2fJSzz8TBHLo
  Funding recipient: DWPqmb7sYLV6aBg2LtR91VV1t8HasvHX2fJSzz8TBHLo (0.00203928 SOL)

Signature: 5KLSBfFcH45n5dbRL4JMCtT3ysmFJoHg1PHnj8cmPNVveztKFL3u2K5yYEWsEwpyFHaD4dxVFpccBqDq5Hks5z2d

Transfer 1 tokens
  Sender: AKGiCYFzceRZiG9XTSREi3SB84EprrZFYwNfYjfZazsQ
  Recipient: ACTdfBcRqkHYELbEExZEqd2jD69Yg4CMMyBYDvqm9Qqg
  Recipient associated token account: Ev9J9FM66XKaHdkhT1dpDyMVyj23CksQjuGAUpzwebZS
  Funding recipient: Ev9J9FM66XKaHdkhT1dpDyMVyj23CksQjuGAUpzwebZS (0.00203928 SOL)

Signature: 4qXCHNszdJzv56RELu7mLzAzfRA1CquWKEWdqFUSyWDV5go4EhACbqweH7QwNPZfAU894s6XJGdRCrWUa1ZUPhfg

Transfer 1 tokens
  Sender: CVcCqRohNv2SwXew1WodGKs7jivtMBtJnp7sefQFQYvp
  Recipient: wcZ2YR7AiV8pAYX5SodantLCAy1MjP7hKHZzzAqMiZC
  Recipient associated token account: DG2dCDa5KeDRSrrbkoVfesumivP7vzkR62syUC1wZbCS
  Funding recipient: DG2dCDa5KeDRSrrbkoVfesumivP7vzkR62syUC1wZbCS (0.00203928 SOL)

Signature: 4s45kU56P4euezEW3qsurWp2ZUFXoCFYK1ahq5WctmVr27ECAqHJAnHpKQoSG4E81irKH7tMipSEriiQFQZn9rL4

