Transfer 1 tokens
  Sender: 2otMUuQ4TFtkLqYAPY9XVhyNtmxk9zTsxJLbq2QXGG1R
  Recipient: VbYkvpozAUngofL2zjKowimvU9QAcAsmLk1UqntuHBk
  Recipient associated token account: CNH7hvDs91bW3tqjdj6CPTZUJUn66kHMk27DFmgcSeSE
  Funding recipient: CNH7hvDs91bW3tqjdj6CPTZUJUn66kHMk27DFmgcSeSE (0.00203928 SOL)

Signature: 4sWKYhKzgZEuxrpMY8VkrtJNUXgeQAiv2Po3dbYbrZGY6rfhrkUqtMfTw2xMdGk6Pu3s11Y5KjxG7szK3u5rXVSj

Transfer 1 tokens
  Sender: 915B1NjNBrS9rTDiuQGC7JroLE9snemueKQYfjFBqDET
  Recipient: AEUto3eFWHLAmmVRq3Vo2fmHXwte525jQGG6D7pN4RRd
  Recipient associated token account: YYTGGnMWhb88mepSJtbgc8fz3hmz4XKwoWrbELLDKTA
  Funding recipient: YYTGGnMWhb88mepSJtbgc8fz3hmz4XKwoWrbELLDKTA (0.00203928 SOL)

Signature: 3ASt3NDBp68u9tCYmc4dscMpkvTyNgPA5nVtmyVb3fd61zVqZTKrAzBkWyTc3GcRR1JjBNsxzafLxfr1oCLX6gYz

Transfer 1 tokens
  Sender: 6FB8HCbkhwwJmLhcxnFMitxpLaSeaS3sDrLrRvBfNqNc
  Recipient: 6YJnbJjte2RxBgDs2RKqMghFCy7f1RFbGvTeZDqoYrL6
  Recipient associated token account: 8RDXGRSZKF2e7AkUMFEUE2tzoDApezH34v2QQpeFFzLk
  Funding recipient: 8RDXGRSZKF2e7AkUMFEUE2tzoDApezH34v2QQpeFFzLk (0.00203928 SOL)

Signature: 2sMTRmCtVxRsfopJ2Ph5rNXnRXMsh69KszSRBWAipTdEBr4G5QVbnUcmKibR73oy9HWuzir6Mibwm2tYdLinUu2W

Transfer 1 tokens
  Sender: JB29FaUTJ3EcXz3dRnTSUzncZCXrTiTSKkG6u4ayBhCb
  Recipient: 5ZoYmZNRHF5v1AxQeincut2dQJo67ceLhK9oSB3AWZWQ
  Recipient associated token account: DWpcfrGZKdDJL7iQWaqCwhZPLAMdJmJhaxVrUAX9qnYN
  Funding recipient: DWpcfrGZKdDJL7iQWaqCwhZPLAMdJmJhaxVrUAX9qnYN (0.00203928 SOL)

Signature: 5CyvvhbwHFauavfspqKuHnGxPUnSA2kbiLo1yUqHBEDdFdn5ejnFga68YYxMRWicsAqHYtA3tLRQEYuVnwdLAuxh

Transfer 1 tokens
  Sender: HHLRuDh5MLq6FGpByfYbtf8nJ7eDjEq9VpbaScq1twiD
  Recipient: Cm8cYtgtfyULCzisqUnMg68aqqi12PGZScouQfJRfrG3
  Recipient associated token account: ASbX3y4i25iysqVuhqnvMY3SJ2z1j8QUxSJHM2Uak1Pi
  Funding recipient: ASbX3y4i25iysqVuhqnvMY3SJ2z1j8QUxSJHM2Uak1Pi (0.00203928 SOL)

Signature: 4iY77sFYibyA9LT41kCg6LSoZuDdKQMoKk7yi6WGQz2UnTqsoQXWvTF58dZLKD9NJGL6iQAVss9DVZbWZxMw5fLU

Transfer 1 tokens
  Sender: 9ZhJFvUrQsRvqEsd7xSALWAFDwZrxTqwLw569Vmg63Zw
  Recipient: Bv4HytuReCvPRMofF9FoE2XRLB7SG1XsEsQqSU42SbuZ
  Recipient associated token account: BoZB4Tk35E5qLWQyXeyX2V9CFbxPXaH3A5toPqWP3LuK
  Funding recipient: BoZB4Tk35E5qLWQyXeyX2V9CFbxPXaH3A5toPqWP3LuK (0.00203928 SOL)

Signature: NG4owrwTavePsq2C7835CsAe7HF5nYVuFArU6Dzxcg7fDWR4JmWd8piruWLBLFpdJtpUfeZrtaTxzHbdazK53AW

Transfer 1 tokens
  Sender: GdrZeBXBypKd89pr4RqtsQGh2Jr54FnJKfqkmpYgAtvn
  Recipient: H32kV8q4EUDAzVCyVxKVGrQauhmiaS354pKakTqQC6ne
  Recipient associated token account: FeVYwxaCXNp2zQD2qhAiiCcMQPypPTMBeEgbtX4tjy76
  Funding recipient: FeVYwxaCXNp2zQD2qhAiiCcMQPypPTMBeEgbtX4tjy76 (0.00203928 SOL)

Signature: 4hRTfkruV1UksPd2iyRzJiDCcCZTfBCPpxDdRUpxQbYkLTTsh3R9LpazhtnR6WkRhRRr4txp5R7SGygzsokqbCND

Transfer 1 tokens
  Sender: A3iUFJ2B8GcrzxKubA4HF1F7pUPMjrM72z9i6CWoeDWF
  Recipient: 964TmKyFMVaYGeMnEuPuauSc6475AYd7M1VjCuUZm8w
  Recipient associated token account: 5XG74SJNm7kcytssS2enM5jptuyhqUgac6HZLLsHgHmA
  Funding recipient: 5XG74SJNm7kcytssS2enM5jptuyhqUgac6HZLLsHgHmA (0.00203928 SOL)

Signature: 4EyGrVYmQFuM8Lw2N5FT2JMkqSq4JEWMk3DA4garENGBJnyS36maZNGkYfAXu6Z5vW5RgWUhKBfuVPRhspAmj49Q

Transfer 1 tokens
  Sender: BHa8EefNiM5CCbmK3qRu1NxZNQrRbiGUnMB9uF6XVjbg
  Recipient: 51oET2dy4vCmZ1JMGYR9hbsvsLng1vcLD6z2AZp1uq1j
  Recipient associated token account: 9Euc5ywwXG6xcZXbeoVELKUQ75otLdtmqmaaJ76VM8e2
  Funding recipient: 9Euc5ywwXG6xcZXbeoVELKUQ75otLdtmqmaaJ76VM8e2 (0.00203928 SOL)

Signature: 4FuFD15kdSPxaoES121Exc8kssUcoS41iCJqNBmJA8ZwrNb5SCzFpqxd5eSzLYQNJaZKNnDTvgnzHgibhJKxSGci

Transfer 1 tokens
  Sender: HojEovdNukusXEkfZDoW3Vi5rxCG2VAaFB4pD4aRYU6
  Recipient: ACvPUFsShe2hb4ydNhvfKwcWMPBaE9G1XfNXNZGkScAr
  Recipient associated token account: 5CiLM3KHxc9xQiRXzd9hm7R6DUDzMRfN3ipXrj6pmXTL
  Funding recipient: 5CiLM3KHxc9xQiRXzd9hm7R6DUDzMRfN3ipXrj6pmXTL (0.00203928 SOL)

Signature: 4u5TBUCREQ3BUoXrFFrJeeySGUZZJWvHJXLYA1j4KpVosmxZUfQ636KYL71f7YbiKUyyoLF5fPjc2JR7d5wuLkcU

Transfer 1 tokens
  Sender: 3kQwGpzwNK6LyKMcmJss2PTe6RoKgkWSrPoKWsZb3enM
  Recipient: krpCv4zDR6ofhcCS1yiFrubsu5gwiqi9D5En9c9vt9u
  Recipient associated token account: AD4WWPL9qJ8juxjRDxtvYUeBCeAwgjdKPvMh5PJVg9xT
  Funding recipient: AD4WWPL9qJ8juxjRDxtvYUeBCeAwgjdKPvMh5PJVg9xT (0.00203928 SOL)

Signature: 54wsCeMybJuYcTkzjYYYjUSJV2Gs6KFd5bpPfpxwH93ujhsJbHe6d8pKWtxr72Z6EfYVMtVzzYtpjAT2oT2spVGY

Transfer 1 tokens
  Sender: D31h9AgCAH6m7WvCydMgikXhqP5FHW5trwwQ4i6aFU1X
  Recipient: G4yn6VjDQoRRgqKVt1fp2uei3rFHWWKA5JwWPMM4eCgT
  Recipient associated token account: DQ4eM6VA8zqsryuuG8hYFjoVWrAEaYbaYmpbcEW9JVwA
  Funding recipient: DQ4eM6VA8zqsryuuG8hYFjoVWrAEaYbaYmpbcEW9JVwA (0.00203928 SOL)

Signature: 32HeWYZip7Sfb3CwNV8Rb332tcB63KXqSvxZhaBBtwDajNtpreePRvYVerXdWDGkdJTsmsg9pq1fckAid8SgEzhS

Transfer 1 tokens
  Sender: HjfBANTsMQdWWZnsMadU3TXqkwq6u67BsfCr4getBU1b
  Recipient: 6tAbuy5FEAUAyZPdKymeMDExjnoFQQazfrxKqkY6SqNn
  Recipient associated token account: BjUbpF7x81tXfcnRqh7DRwY5kpTSRv8uwB8RxREHcBVs
  Funding recipient: BjUbpF7x81tXfcnRqh7DRwY5kpTSRv8uwB8RxREHcBVs (0.00203928 SOL)

Signature: 5KV87sYV5z2vAqoJdrxHkJuN9ALzV6FVwFwX9Hr5v3rtdpjikaYMVEAPceQVC2iEVKWnjhBrih1qaPQYNT1LJZtc

Transfer 1 tokens
  Sender: BEmExTUjR53dTNNFpG8c14s2WNQv8Fsc528VihRCzkHq
  Recipient: jBzCxxUsJn7NGz3DiUWckVrksw58vkDjTUEu2hQboZ8
  Recipient associated token account: GY4mzuJ4847wmw6wEGiqyWmGgjSCHSrU1pS55PNidqjy
  Funding recipient: GY4mzuJ4847wmw6wEGiqyWmGgjSCHSrU1pS55PNidqjy (0.00203928 SOL)

Signature: 5TDm2B3f8LwaFLmKE9yXgdYTsHBWVD16ZQzRsw2qwcZZ81DTgKkCn3VPLvRPKcy2wj2DSa4FDzVYJPd2kREtknmn

Transfer 1 tokens
  Sender: 6KLziZG6nhsMXPGfMkJiiWm3xHmyx8hFmFQ6w7QRAC4x
  Recipient: Gs2FSWdKKjHKF77z9Rit8B7Txef4hvWF94yLhdxteDGK
  Recipient associated token account: Hayo2SpvQTAcxKAUg5nf2EkvQQtX4Gv9sTmzwCEQ17Ed
  Funding recipient: Hayo2SpvQTAcxKAUg5nf2EkvQQtX4Gv9sTmzwCEQ17Ed (0.00203928 SOL)

Signature: isZWCZbS3c51sNkKhSymTDgBs37sr7QtzDHwJVqGWaDgRfWDS7vCMgaHaGvkwJgKu7sKnTSyz5uMBFZR6iShtAf

Transfer 1 tokens
  Sender: 9Q4RmcSfYH6sZpotSKqqeXkAsC2EAV1udonKto6rfVuy
  Recipient: HQbpXKAqSQLxdEPiV74t3bJ1ad7ta52RR3zFeDWZWZem
  Recipient associated token account: 7JMTX5NDnBK5ofLJ9Y9hYSasoy9bBqrr3k2jBL1gsqKD
  Funding recipient: 7JMTX5NDnBK5ofLJ9Y9hYSasoy9bBqrr3k2jBL1gsqKD (0.00203928 SOL)

Signature: 4A43KsdhRPRJLSwKAwTskETqVr6DV47Cqs7Dkoqxf8NKWap7ULjoxJGMeByA9mmgyQmFcHvjt3m4TFJQWWDTvtWU

Transfer 1 tokens
  Sender: 8reaTxL2vK13NpBQi5mosSkeu5QuzmvmKsqg7HEYyJH5
  Recipient: 4Godan2Sq78jyqw1Nd5uaiywo4kbGydy8LUedMnsCBrN
  Recipient associated token account: D2xLcESeyFCK7TpdPjv97hhXeZATeTR8okWRpC4Js26e
  Funding recipient: D2xLcESeyFCK7TpdPjv97hhXeZATeTR8okWRpC4Js26e (0.00203928 SOL)

Signature: 3o3qZ3amgbVEyLfvTZN5dFCJc2xNGa67imqaP4hMWuDAQ6iMW8649ZJP1kyDu3uCSNPAdXZBhkjHUQBxD2MFyeR2

Transfer 1 tokens
  Sender: EKpjq56wWUsEDAEh1gpseEhLTzRQP7eFGXdhxRnMnTHJ
  Recipient: CA2YSCaxW4spUDYBtTZ5F8HGmFq5wwS8enW92bDM9qDy
  Recipient associated token account: cVgh5mLCZyFRPUQp4wHqmGoBfm7fLkZGoJDrSruQ789
  Funding recipient: cVgh5mLCZyFRPUQp4wHqmGoBfm7fLkZGoJDrSruQ789 (0.00203928 SOL)

Signature: JYS2wfkAciUQWiLcuo5JHJ9m4wANtEUym1YxfKmr12RNqGRbS3wWtX6bEZ1WFbUq12uEaq144MUKGj12hTQwQYb

Transfer 1 tokens
  Sender: 4MFW62xeTpuxBanRhuHTTqaKhb2w2YwQYrm7VydPLyqU
  Recipient: 4ZVeukRaXYXis14wHTLB7Yy6fMXbRAPErwhoBYxeMMeq
  Recipient associated token account: 6Zg66AEbirhnjRdF1tks1QPVEd9vp2VkJD9udwFKrZnv
  Funding recipient: 6Zg66AEbirhnjRdF1tks1QPVEd9vp2VkJD9udwFKrZnv (0.00203928 SOL)

Signature: syGWYEowzsicKTk27Qb9XrHhU2aV1E6AXHnR38ci8LfGVw68N12h6RtqGGrrpA3r9RtKDyTsBg44PvqVMNTDQrF

Transfer 1 tokens
  Sender: BeXKgt3WG5Ae5p1okBjU8dd6bypJBQJhifrZhRmPysGh
  Recipient: BBcnpuGSbDbMhZHugVRhURmfdFWkieXskLyHvqcFMsbT
  Recipient associated token account: 7HaGjnvUhZbQGNyJ924vPouA4Uy9DVJ6pJvPp2qWHoY5
  Funding recipient: 7HaGjnvUhZbQGNyJ924vPouA4Uy9DVJ6pJvPp2qWHoY5 (0.00203928 SOL)

Signature: 28bh4GkKKEiKe1fEHD6pikifowxAdQiJvqZVXFmpHhQtWSj2NSFEVXtziA9NHW6DnDA1eqaxrHSsfFiisdsq6zqW

Transfer 1 tokens
  Sender: C4nkvWQuSx3shzbu2MbfePySK5GnWKMnbWgMNm4pSTr9
  Recipient: 2WkPKh2HqudssFdhTJRdj5q44oTwZrdPJQ2hGbgwMXrN
  Recipient associated token account: 9kxDYWTtugSQkNPzGNckAZg6QdrdCe66PoznSyuJduLk
  Funding recipient: 9kxDYWTtugSQkNPzGNckAZg6QdrdCe66PoznSyuJduLk (0.00203928 SOL)

Signature: 5PB28gL2DZpqCLhB2EoE6yX6YZvv7ndADhPUf9W9BffXvGb2753pBEkfWp57ZmKgbiVtMxNBGjwNGCprLWNetnoc

Transfer 1 tokens
  Sender: 8j2TeyF2VknWEdkv4RVsqtQp89WR3i3Y69LopbtZgbsm
  Recipient: 97xAKp8FjyXkiYqTtYWN9ArD7KxTevzaCAo7VCcwLAsK
  Recipient associated token account: J7xL2CdggBGfPK5QTKfeh3565V5Vu63MMxE5KkEwH9N3
  Funding recipient: J7xL2CdggBGfPK5QTKfeh3565V5Vu63MMxE5KkEwH9N3 (0.00203928 SOL)

Signature: 67f1D9BPsSDsXDkhSLJifeMYUTK9c2UJ2ENoRBAB2kMEq8EwdeQXrKhcBBXt476iyeuMn2xM37FkrcahvqdH965r

Transfer 1 tokens
  Sender: 3PoQpFhqZ4Dg541yTU2HURziUDdH8QgVVGch8otVzDz5
  Recipient: 51oET2dy4vCmZ1JMGYR9hbsvsLng1vcLD6z2AZp1uq1j
  Recipient associated token account: Hc5FHgLrd1ZVCDePFCAiFoeECAyaKuhwd6Ty8kUraKr7
  Funding recipient: Hc5FHgLrd1ZVCDePFCAiFoeECAyaKuhwd6Ty8kUraKr7 (0.00203928 SOL)

Signature: 46WBy2dtbh2DAkZDSWLmJNivndrU87ggkRRMFPsHFydWbR3bsHTpJ4UyjchKBs2Zzv2ETFRoQKHLM4gJynYzkYpd

Transfer 1 tokens
  Sender: HoqehP9qTh1yTmy2kLqznBryxQMkEYsJx2q9zYVJbBwL
  Recipient: 9u1Rjp8T4HpsN7CjPy4FbAcj9FdsM6fJWirVQAbrV7md
  Recipient associated token account: 8fFj5WGXKeqSz7bvEYQ11cyQX9bjnZjtfV455KJWt3Km
  Funding recipient: 8fFj5WGXKeqSz7bvEYQ11cyQX9bjnZjtfV455KJWt3Km (0.00203928 SOL)

Signature: 4SfwcZuXZwysQV8z8YrkG4E6prSjb2R6YPh6QJsnwnPvVwaSEqpB38iA7PLJwue4hqRTv8qR2JTZt761J7F3PQeW

Transfer 1 tokens
  Sender: 2qq7cZeAq276E674mgW81yGRPXRcLkjdjxdJJSBngmfV
  Recipient: BcwzmAJunqVo7M9PHuUn3srQJX73bd9xr5fJseCDGAZm
  Recipient associated token account: 32JvKzXXeau76fr6tBM655Kk2auwaxjHqZM44TJgpkR1
  Funding recipient: 32JvKzXXeau76fr6tBM655Kk2auwaxjHqZM44TJgpkR1 (0.00203928 SOL)

Signature: 2uVpP2LULqZkZujWPZuVmSc4M148RS4wLGq6ybMjhHNvnFSaHwp3FMJujvzBnwBGSr8ZBtuntKVyhEseBcMFR6io

Transfer 1 tokens
  Sender: DqwbmipuA2QUGvSFZ2KVM5WKKLxHyfgPYTfWX8yNRDZk
  Recipient: BZh3ogYMZeqfHLjDQckgdSgyY9rWQeXbNuvH8pqD4LJD
  Recipient associated token account: HS7j3xfyLcRR1KEjs3Kv6A5C6UoPmg9RFbFbWQZjxakM
  Funding recipient: HS7j3xfyLcRR1KEjs3Kv6A5C6UoPmg9RFbFbWQZjxakM (0.00203928 SOL)

Signature: 3kdBfb68DLgYyV1KdrtVRijhWYqgax9bXuay2azMERAQSiMcejt5mxkHEwPa8i322SYNp8Xn4TYyEF8Ro9eQxSiK

Transfer 1 tokens
  Sender: 8BsqM5g7HhujF5oQaDahfWcWQA3yyKf67rPHZ1a5CTpg
  Recipient: 7ZpuSrxBsMVQ8z4GPdTvzsVvaT1qEw5yhRgh8fHKdDqP
  Recipient associated token account: 4k1UF5TknV1HAcUexfEuhYtmQSEyuRafetCsSw3vxuad
  Funding recipient: 4k1UF5TknV1HAcUexfEuhYtmQSEyuRafetCsSw3vxuad (0.00203928 SOL)

Signature: 3zmnPLCNi8hT5cakFjiwewrXMzTPwU82WRX45synHpmWnTNRQsGoTLPH5pGxoBhdseKft73v4fMGwWAdabKJwRbn

Transfer 1 tokens
  Sender: 6tp8ppKxyMJsrAyyfkQTfupHWuHri6DNRMkYfHPbn4gf
  Recipient: 5g9P9YJNPxRMTZtWTPyRkUmdvaVae4MVjhr1ZHmHYbRH
  Recipient associated token account: 4S4XEtTnHYCSx2p6uWqf36YF2gSkbxs5L31bypFzqPsq
  Funding recipient: 4S4XEtTnHYCSx2p6uWqf36YF2gSkbxs5L31bypFzqPsq (0.00203928 SOL)

Signature: 2gLYHSe5iH2FHpixYEbHaL3FkucL33shAqRNLe27Ks3zScmvXQ2EFXqv2zbywVonv2BnpsP1i5R5wPmE5LFJNWvZ

Transfer 1 tokens
  Sender: HukcWxe3DfEecV6VANQJqT8nhjpVSchYcbWEso8guMTZ
  Recipient: 8P17pd29uZSPzUn6QQ1328QWXqpG95xy8djdj679qPDj
  Recipient associated token account: GdTtJ9udXKourd3nAno73P7iN4R8Y35JUUntG93djf53
  Funding recipient: GdTtJ9udXKourd3nAno73P7iN4R8Y35JUUntG93djf53 (0.00203928 SOL)

Signature: 643PPbMdNs5vGDWZ4atPeCvoCpTm8oYE9b3PGM7ZcDZwXF5iLLt8XSYshqNntKzQoxWwbML68LLN3wS3cFJTjTRR

Transfer 1 tokens
  Sender: Exw99TfjigRqhWAuB28F1UbfEyxkByAZqLTjdMip467D
  Recipient: 5HAta8Cf8B4Qumwquue9zZQJUj2znMQFaetR4Qn2ZFrY
  Recipient associated token account: DkMSkqDN4FpXD3jHkUefK6CZEA6n3Xuz4GKWVMpHTqHs
  Funding recipient: DkMSkqDN4FpXD3jHkUefK6CZEA6n3Xuz4GKWVMpHTqHs (0.00203928 SOL)

Signature: 5xuWXXkKBbqjr5qhQ5icHKtUNvuSLFCJjWADzqgnXf8zq34RTGBTbsBFgWtcAZCUHC9WtDVZZsUbCAgNbcLvdb45

Transfer 1 tokens
  Sender: 9EWfzRJiD2X1RdULD8gLJCLebnJAMqKtNc3AZQB9rPNL
  Recipient: 6niQWU7nuW33ktYiiXjicAouaYYiwTZcgge3u5mZUtsc
  Recipient associated token account: 4LzZmuZ4xJTyYLWJnL2VVdKwVB3REt6fzRFa4uwxfTRX
  Funding recipient: 4LzZmuZ4xJTyYLWJnL2VVdKwVB3REt6fzRFa4uwxfTRX (0.00203928 SOL)

Signature: 2UmQrLSb4CnASCHLGYmP34vDCRiMo6M9C9fBszD4TcF46573xVqg4jvj4eMtmVzWpPefNrNXC5QXfvvJPKXFJ16Z

Transfer 1 tokens
  Sender: 5xT1BYxFQUe75ANmGVjnyKyjsjL9ZTxCVL9JBhZLRN1U
  Recipient: 4Jgc5M9mycHzuC7Wbsqr5dHqWW8zW1xygR1VqRjojQHi
  Recipient associated token account: 7DeKTJ4DcF3t9ZfeQ2q5J2ZEaUmE23emF7pvbeLgEyhZ
  Funding recipient: 7DeKTJ4DcF3t9ZfeQ2q5J2ZEaUmE23emF7pvbeLgEyhZ (0.00203928 SOL)

Signature: 2AFSN9c7ykwMgZiE1QfdoKkAaga1VvT1ZX3uhAcTySYgAYebugomMSTPXaZ1m6ZemdMsEk3d71EPLW7tc2DRvTLF

Transfer 1 tokens
  Sender: e6cxUfUTT7y8GEwzDBgW4RnsHA29fgk6mezbuTBnEBe
  Recipient: GWuAeuRDpAwKDxnVEDRW3hYn87dw8K91ZLrhhZUCftnM
  Recipient associated token account: JBjBWC4J6NLad4dP4GHjputUyGq8H5vNuESdDX2HcKtS
  Funding recipient: JBjBWC4J6NLad4dP4GHjputUyGq8H5vNuESdDX2HcKtS (0.00203928 SOL)

Signature: 3v71c68tH9ReGrGMPcUo8yG1EoArMVQoRe2S1e2KfPaAFb37tPcZ8aSm1vW24Ah1eABw1qBLEgypSgdUngfawhT4

Transfer 1 tokens
  Sender: AFyxuFEmrZYkdGgGpS45KJvQwHqfEFgeRoSCnjg2Y5ZU
  Recipient: 5nXy4jRP5HZKaUiYRTAycvqz7KKaGNSbZP6sFZSfkBbk
  Recipient associated token account: A8XZXEg32zoCeWfzVzSLGMAHfuqLvQ6sVAjUEotGKdG7
  Funding recipient: A8XZXEg32zoCeWfzVzSLGMAHfuqLvQ6sVAjUEotGKdG7 (0.00203928 SOL)

Signature: ADpPWWUW2uGPQsjS3u1jEcbHj6HM5gz2Ep3xQYTrkkorMAFWCPa6kf3ZwxeTxy2Nb3r8faFbdd7iKoSdYCv7nHv

Transfer 1 tokens
  Sender: 3niuv3vspgYGwdHFYJyAWimPb7pw8uM5LbgwG3NGC93Z
  Recipient: BepkyYLmGjCpQC1KYdV3XzkSmTsfx4qrnrzyQrY62zfq
  Recipient associated token account: 8dJNMhWeZFcX2yE9rDKPJs9db2S6D6uaU3yTcivSTnw7
  Funding recipient: 8dJNMhWeZFcX2yE9rDKPJs9db2S6D6uaU3yTcivSTnw7 (0.00203928 SOL)

Signature: 4bHAvGduPUuYNQBrTPSbmTno9NsZgQaT2keHJmhpAx7gLuhbWhnFMBEKW4FZecFEWnNxP5ygRUBKuzKbSMDf2MpA

Transfer 1 tokens
  Sender: 8k9Wj1PtvhHdkRih1pgirvMAZaGq8Mt8jzHPZ5r4MxRN
  Recipient: G4yn6VjDQoRRgqKVt1fp2uei3rFHWWKA5JwWPMM4eCgT
  Recipient associated token account: BRw4CsXk6uC3m7W3YNuxG7755xmdnaBBfLnGqMspDLD2
  Funding recipient: BRw4CsXk6uC3m7W3YNuxG7755xmdnaBBfLnGqMspDLD2 (0.00203928 SOL)

Signature: 37jkksG677BxPY4AM2hUZpH5L24BFmN6KW1G7R9XYkjmzQbz84yAhBJDbE83bbXAZyTqV6kfct56JdxzbgH3wKn1

Transfer 1 tokens
  Sender: 4rQmeYXXXhzbd9ekvAZZ2m1hWnHVV5VVWX9A9Jovmon4
  Recipient: 8cBEQ1v5QUoCFPuL7ZJG6U25SdveKFcdK8UkAvVM3Pub
  Recipient associated token account: 6GEJBv318FdGPzBF3DPksjX3tp2NokkWJTgbx67VmFVg
  Funding recipient: 6GEJBv318FdGPzBF3DPksjX3tp2NokkWJTgbx67VmFVg (0.00203928 SOL)

Signature: 1YmC6Gy1WJ3wuF9wj3oV8HtQL5xHdA4nh9ib15xA6WXvANPZKrGkL2bzv4cNc7NBKg3SQjehax4Qc3yXieZbCX2

Transfer 1 tokens
  Sender: 6nVaVfFe6kSZEp99AToh4zE8zn74c3AxdKXVVUMVbZZN
  Recipient: 5DR6UU38j5Sg8DjS9WXe8P86j356c59Esp1LijT9z23
  Recipient associated token account: 8EjwRXZDyzX4dtzh3yzL6NMSwKvPcSVXn9N8ERxnc9G6
  Funding recipient: 8EjwRXZDyzX4dtzh3yzL6NMSwKvPcSVXn9N8ERxnc9G6 (0.00203928 SOL)

Signature: dh7SPpj2RZWij4V5mmKg2xmk57YzvkXWm2jPd1qj93YScbEURbsU6x5FLb6jLNiQDmjSxcmCENy5sfr71BJEqz2

Transfer 1 tokens
  Sender: FyWU9cgNvuEJWuDB8bRXFzhwYfKBegCPUwjY7CUBNYY1
  Recipient: B2xHAEupwfcGLvmrJZmrsAFdC4qoQRpoExjn9uZbDZyH
  Recipient associated token account: 8GYsjKT8p4hsRCUwhBT16iNK2TEdjbPgAd8wMbZaXX8G
  Funding recipient: 8GYsjKT8p4hsRCUwhBT16iNK2TEdjbPgAd8wMbZaXX8G (0.00203928 SOL)

Signature: 4vXrcMKX7ZsYzrVbj5GTM3EdfxBMFebBXT3PeGwrQxfiBuQa2iiAApq8Y1JV8BYGgMNxGxxr2cdsU3E7Cw5isbiL

Transfer 1 tokens
  Sender: 2AFsuEpXzxj351AN3LK9u1Um6ER4c4x7h2nzC57sYgmw
  Recipient: 3VoQ7dgtYym7wBf27PxRHpYZNgkg4YrSEXVCEFvqFFFx
  Recipient associated token account: BPMD36HTw1ufUbSE2XtwnNzcGEHPPd4JSFGpmshEYBs9
  Funding recipient: BPMD36HTw1ufUbSE2XtwnNzcGEHPPd4JSFGpmshEYBs9 (0.00203928 SOL)

Signature: 9KPoJvSCFWkcprVvYkRCpxy1LqEz89WFy32KqhdwfeLMrjrK6nxR3v6CxRGt9vju9zAoyVcAtYZkJ2iwtyWUvu2

Transfer 1 tokens
  Sender: 57Re2xUDpBa5tjpTDJXX9MVAz3CcMhfDygc54tbWEQt1
  Recipient: 49DKCjNB9iMDrgMoTfkVWFACwXmj5SUiyTvgGmQfpE5p
  Recipient associated token account: 4S6dvW3G3DPq9ofVfCYtjLgMFP6erUovfLxn4b1HRJeX
  Funding recipient: 4S6dvW3G3DPq9ofVfCYtjLgMFP6erUovfLxn4b1HRJeX (0.00203928 SOL)

Signature: 2MS3EHYAkkv3jX33dQELzfVUm53cR4w3cEdAbrDCEcyL7QmWSLHnmP4pxN3uKFHt1jQXYhq18Jfex4NTHf5qzg8F

Transfer 1 tokens
  Sender: HHNAn9s2fzuvUNGDaQMbWkYbM3RhBrYGUqamoHqCdSqv
  Recipient: 6SHRL5r8BBeJFVcg8Y5u2VRvEaYYweSnYtNLjb1N48qw
  Recipient associated token account: 5XXotHBAYu9hitfXPg8A2YiWBmjyGkxR1xJfqcCEXcxr
  Funding recipient: 5XXotHBAYu9hitfXPg8A2YiWBmjyGkxR1xJfqcCEXcxr (0.00203928 SOL)

Signature: 216ZN9q9XdA8u5Ycbhh38NMLwPKyRXrxHoKK9cftjgBrkQsmHPW7QzRNZ69YJ1vtvhsRgsgyf2wsfor28GzsXq3V

Transfer 1 tokens
  Sender: 8tKELX8vKUjBkCXyGATBiSVe1tHGBUAeEhBiQEhdq6Q2
  Recipient: 6TF9sHcqtUr2DXveu37VjtZakrdVf8Rd5E62rbS6Kph8
  Recipient associated token account: CjcdYa3CKY4yhmzHESE8GPiRdpcX9werhqJBS7qh3Qkp
  Funding recipient: CjcdYa3CKY4yhmzHESE8GPiRdpcX9werhqJBS7qh3Qkp (0.00203928 SOL)

Signature: 4jCroV1HSjM8ftnnQtD98dQ24RBKWPt137dpW9YcMQGxWVLA7PzwVbpoopRRNDkTP2c7WeGCzX8nCRutu4kR9A7G

Transfer 1 tokens
  Sender: FuWBhFwqLKUwcq1q3pDWJWZYhCjX2r8gdpqYXEA9i7is
  Recipient: 6JwD4HWwNhq9joSvyr8ic9tPJGc6FP1Ffv6EyrvzdXsD
  Recipient associated token account: 8NuNdGtRWG6wGCMATLYmPy7fd773FAqEPQ8oRSEFne2w
  Funding recipient: 8NuNdGtRWG6wGCMATLYmPy7fd773FAqEPQ8oRSEFne2w (0.00203928 SOL)
Transfer 1 tokens
  Sender: BWq3DTBv61HaADVmqaWDk4FgfvkGRQ8KfDhxAevzYxT5
  Recipient: 8PdqmeKdn3999sT3jkkx3JRquGqZAfr3m7F4G5NoWkuG
  Recipient associated token account: 4LDgdGnG5qdbedz4FQjdYPvBMZ2V27G254SD1vVLBW8t
  Funding recipient: 4LDgdGnG5qdbedz4FQjdYPvBMZ2V27G254SD1vVLBW8t (0.00203928 SOL)

Signature: 3EZTrDTx1GDv4pmhf3j8BqCNj7BGbfk97fkbuo1n4EZAGWWzJC6KQgYNbR9XjwaAgCu32mD3CGFMw4iARB9peJeD

Transfer 1 tokens
  Sender: oKePLgtHvho1QxvdBvnuqhbKr6MiN8dUgBu2vrG6DBn
  Recipient: AgPhAsvcwPfT8bcAQxfyvymHdS9enkCzHDZP67ihS5YM
  Recipient associated token account: 78dvLjwdawcHJ4LUh65Z1UL8AsdjAzmLm9TP1cggz3vM
  Funding recipient: 78dvLjwdawcHJ4LUh65Z1UL8AsdjAzmLm9TP1cggz3vM (0.00203928 SOL)

Signature: 9J7YnA5Y45kHCa1zQ1cr1P1LzfPXPy1aPT9omAtBBGYGuuyHivDXXWhz6Kus3KZmPNPryVJ8XeF7vbiKerCWTZ1

Transfer 1 tokens
  Sender: 7YLwHnzkBQWaum2XskQ3EQFuRP3p9FPgMfngmps3RzNL
  Recipient: 5AwbrzztsJT3wbgYFNLhyFXvncrMP48z3qBY7QxC3gqb
  Recipient associated token account: 6NScaojWgusfAYJ4Zr5Y9LLWnMdai5V63v3KCzhvhPM7
  Funding recipient: 6NScaojWgusfAYJ4Zr5Y9LLWnMdai5V63v3KCzhvhPM7 (0.00203928 SOL)

Signature: 33uX9yS4j3ChVMdS8kfbHaGfL2Rtq6HjQWz6frDaaXqTFgDscboi5j7P9wTSCHgnidnp7NAL35as2tVwPkhseVnw

Transfer 1 tokens
  Sender: BHLwwNbRLaAWPkXFA7BShnvJmU8zNMVSppp6R1HbGqsw
  Recipient: 5sz2X6BytP7gbo7Xka2tByYQbXqutC1XcWufQvMcjwWY
  Recipient associated token account: HWRxTtD3Uo4Q7qHzqMbsr3YZfe9QSJWAsZ8mEbq4U2Aw
  Funding recipient: HWRxTtD3Uo4Q7qHzqMbsr3YZfe9QSJWAsZ8mEbq4U2Aw (0.00203928 SOL)

Signature: 4Wmp8mHCRWA7ZZA9g8B9EQc3JQozxtm5pn5jcpuaBPAbZrey7kZK2JRPrYtuVCnBP7YufpSgGoxYadCd7Nyv8PKp

Transfer 1 tokens
  Sender: J5jquTuutfNuEzVFZsufKwaDGnq8jrg7nnSbgYdPdB8j
  Recipient: 3yLtkiKU1zGpPaZ9AtzRR4vYrEaSNxQDMhW6TzbSnhQb
  Recipient associated token account: 79fQdbLCQVUEdMnJcyvGLNxTxdoxii9QqBKWEWYA2wAP
  Funding recipient: 79fQdbLCQVUEdMnJcyvGLNxTxdoxii9QqBKWEWYA2wAP (0.00203928 SOL)

Signature: 2XoXZrRuE7a5UH3RsqtRhU3T8WRSQTjHQRhsxQF1aZVTwZGCUKMQR58wfZsACmLZYujX6wBWghTNAZiXiDuAusZ9

Transfer 1 tokens
  Sender: B2P9uS3SwLzHgX9BBDwpgqXUPSMJzvLC1yNvknWLEdF9
  Recipient: AGcXEZuuN4cRnUB7Qc9kyzr5L4h71xGAYksreUubbDRp
  Recipient associated token account: DjeBEDSeHMjeMSM8XsSWc93HLePXozyqUg7VsgoarsNK
  Funding recipient: DjeBEDSeHMjeMSM8XsSWc93HLePXozyqUg7VsgoarsNK (0.00203928 SOL)

Signature: 5efiwriBYrsNEFvy1x1kJwKh1KGNTonH3rJJmJrhpDAH3pj2aLEVxhw6agRJje1kp8kVqNvtjzd3DXhrm77QNyn3

Transfer 1 tokens
  Sender: BN6ZJQ51g3pTyABCnfmvC6cYUAdDfVFBkcVY8s3rKYKe
  Recipient: 6CynYkThMB9r1b7aWoJeP1UGhq9CyFTxt78gQgtgZCU1
  Recipient associated token account: Byhtiyq6gUZYis8wNKoJMbScP3wuKgGKPrrm28oFgDiu
  Funding recipient: Byhtiyq6gUZYis8wNKoJMbScP3wuKgGKPrrm28oFgDiu (0.00203928 SOL)

Signature: 2Jv14kcurW56bh6Z1GgJSRKe6UWxfRgcwRXiMaPkXg6qNonzAYPVsZjeKdQyxCXnhrZpfDor4Q8MLKR5kTpxUiFF

Transfer 1 tokens
  Sender: 89gJ6fkN73FTBee3icYrAjbSAP6KkzTbLiX9DnaryQvb
  Recipient: 51oET2dy4vCmZ1JMGYR9hbsvsLng1vcLD6z2AZp1uq1j
  Recipient associated token account: EMBqpS1WZQVMTY8E6zwaUNuVriwjTSLJ2FeFW2NthG4N
  Funding recipient: EMBqpS1WZQVMTY8E6zwaUNuVriwjTSLJ2FeFW2NthG4N (0.00203928 SOL)

Signature: 4qF2pDmb4wDBgwnYwzg6KzuMN1W9jVdd4zyGbop2y1W4i6eH3dDGFirWdfXUrUfMcdsGWuxUkRiv9RAB4dg19Vga

Transfer 1 tokens
  Sender: HCuMzDCPoVfLyiF65pwPBH9ALvrQb3yysDtWcPpECDA1
  Recipient: AEUto3eFWHLAmmVRq3Vo2fmHXwte525jQGG6D7pN4RRd
  Recipient associated token account: BbhwL1gYdBSKFR7Ljg66mBWHczVoyscx5wsd8T46MQif
  Funding recipient: BbhwL1gYdBSKFR7Ljg66mBWHczVoyscx5wsd8T46MQif (0.00203928 SOL)

Signature: 4iXtHMDs4fCC7tujQZtJa9dwfkcArqFTcC5qJPUk3gUMKxboEyeeaDfY8FX8AuBsBvfuDPePZ3LtgGwtrsQG51EY

Transfer 1 tokens
  Sender: EQwbWanLTtkGfxbaVXq7L56YFCeoU9LkuLPP97QCfXsW
  Recipient: AhZJpBRjpzP5NA998UdJ1aJpuXvgNzFhrTfgSGkFwMMb
  Recipient associated token account: 7aZJbyjTck3fzH3TraKY85pbiQrfysm18xdG2gGKUW9X
  Funding recipient: 7aZJbyjTck3fzH3TraKY85pbiQrfysm18xdG2gGKUW9X (0.00203928 SOL)

Signature: E3JKC2Xgxzuxs6KoR8XA8V1fTwKbcaCyaBYmrCjTzW5JY6S3cEaCzZ5A3V6sYfFZQAqVCoHWkXMQYZA1Bd3PqWc

Transfer 1 tokens
  Sender: 7QTWj64vxfmrnuasuR4EQpivJpbLWMNWK3roMuppRAPF
  Recipient: GBEFY8zJk36aE5TNHQHpCmcMnSmY7VzcEt2upUsxRWB2
  Recipient associated token account: GXPj5j8qftpXtkJCj6kq9n6efAYywWhymY1DCBgiRN3d
  Funding recipient: GXPj5j8qftpXtkJCj6kq9n6efAYywWhymY1DCBgiRN3d (0.00203928 SOL)

Signature: 5kgyXJTfXYxi9GzCFVvTGtaSac9mP5BBCKJRLDjsxzJeaVsxkopiHNQksrRNhfqP8srCjqBPYewF7Fa7Jw9xkwwD

Transfer 1 tokens
  Sender: DdnDzJasbJ8CNv2o9VbtxpR5yvt7riJuE5GQjpcPK1me
  Recipient: 4ks8jvtHN8JoWJME2KrPRi54XzDbKeiKXmb3Qy19naip
  Recipient associated token account: XEB9QUhFx6uXq1sxNVG3myV5VxdjBLA36SA9YueGVjZ
  Funding recipient: XEB9QUhFx6uXq1sxNVG3myV5VxdjBLA36SA9YueGVjZ (0.00203928 SOL)

Signature: 4c1pwmXLLJzW7qnwNNC2Wo3yi26dAXTHzijjmppU9NM5ci9qYt4zJaDFMPNbM7W92PneJ5oiZ1ezenD9N598FVqQ

Transfer 1 tokens
  Sender: B3DzSer9Hhc43AySLZiUZ7sL7RzNj1ekJ8uYh99LL3n9
  Recipient: DSrczqV5wvoBewQjYJ1cf7WTMxGjnnfyEpx3dvXogi7g
  Recipient associated token account: GYo2ahewvRCniZeW1rgmeJVeXkZfpAvkHbmrm2PgRKK2
  Funding recipient: GYo2ahewvRCniZeW1rgmeJVeXkZfpAvkHbmrm2PgRKK2 (0.00203928 SOL)

Signature: 4Ss4VH4itFvG3tZHsi2xMD18Bn7pn8ydXArwMfi9GcqsDF46wX7MUdoWmiW8ME66VrQbje27LTM4tVVX8kqDM4xA

Transfer 1 tokens
  Sender: HPf4CNsWzmooL5sqe7RdVB7n7dUU2WZ1diM8E5GX89s4
  Recipient: Y1iUozoALJ7qc3kmJCCCdoNBHnp345TnPyBRfVHBeme
  Recipient associated token account: HJktNEkyukW6p3HQX42WwHi4kMWTeAtUFiMQLXHiz8h2
  Funding recipient: HJktNEkyukW6p3HQX42WwHi4kMWTeAtUFiMQLXHiz8h2 (0.00203928 SOL)

Signature: aD5VCbGGLfaddsRTAPhTiZpphnsDi4WhyJMN3jjoSCPzpetYpCUHbziQQmo2JdFpzsPBnfu9NAsLRY4VXAc55Ge

Transfer 1 tokens
  Sender: 2MKVH5isv5dJyjgqijQ2yDzKS5Q6bemrcwjaawgXuGxd
  Recipient: ECqhQeDXFKdAvuvhpnZCLg11TQxaRAjjHMnt9JZQBRaF
  Recipient associated token account: 9R8AFUn2tpYKcjgbDaBY1bV9n8zAAcuhMUGox1nE7aSc
  Funding recipient: 9R8AFUn2tpYKcjgbDaBY1bV9n8zAAcuhMUGox1nE7aSc (0.00203928 SOL)

Signature: 2NA1p9FtB6ttfUy5SLZGQqQFCf1c9tMVbYw5yEr4p76yTtdmhjLf38qBFttYXdJ1jrKeHzjz7CEj8dqp4BVEnENX

Transfer 1 tokens
  Sender: 5yTasLzqqT98Uh2aN6R7vMjWpyDnhCx94hDL4vACqUDH
  Recipient: Bhexjg8vWtuH77iMsQstr8DPsuk85JnU944ivVA1MmxF
  Recipient associated token account: HuzqXM8EjsMiyaxtqGdtn3xTZXsCrYu8hMTmQEQkPubX
  Funding recipient: HuzqXM8EjsMiyaxtqGdtn3xTZXsCrYu8hMTmQEQkPubX (0.00203928 SOL)

Signature: 3YbD9q81Gb3Z4FcTWSsqbz6XftEnpJCCneBFa2fwGYW9hxosUtrmiQeXBwEpitb2YJXR812i9NzNiC6aUfVNxQQs

Transfer 1 tokens
  Sender: GHBdG6Eb6LJfht83vGTGtb2dYvpKjXx9QPS1fJKGj8J4
  Recipient: 7iSwracYgCbijrsgHZFArEp2NZcxUL7rPWTAaE3gdEEY
  Recipient associated token account: 6vSxq78GcJeLYheuA6RVnxPUviWUgUzAh6P5DaAZKHR4
  Funding recipient: 6vSxq78GcJeLYheuA6RVnxPUviWUgUzAh6P5DaAZKHR4 (0.00203928 SOL)

Signature: KMSjorMp5ysKCUSKDDyK6b8oR1KhpjnaA5iD7cL6mA8S4gFBJvL2pPMN9uSo8tSrF37q2fQG3Men2FjyceuzMAe

Transfer 1 tokens
  Sender: F6CX37JWq5LPVZjhJCW2WrSoXvPLdMMiVbkxCdRHXkDG
  Recipient: DdDZiAosTCWnmrxgxA5Wbq1uBhYkG4rmGcV915ZsvDLv
  Recipient associated token account: FkFRsffa1P9GQndZzUU7BZksXPzu4MrQ8iTrzLkEvsUS
  Funding recipient: FkFRsffa1P9GQndZzUU7BZksXPzu4MrQ8iTrzLkEvsUS (0.00203928 SOL)

Signature: 5uEsW4hUnSs8cisVhDSQzhotaUdyCVG7hxxSWBZ23bVBDNNVf8b9mAjhDDGBWozV4r93DTnQxdGMxwbL8wxoa8Rp

Transfer 1 tokens
  Sender: HTVd5ws9Ny189T7z5SiGiMjdqiwVqNNFQMG2M7Fnh3QM
  Recipient: GBc21R5emFJZx9TsNhNm9r8hYGhSodknuEh4F32xub7Y
  Recipient associated token account: 8CGDD4q3E5uaNEmCN1CEnF17AhEbtPTyPWjiyf6ZvbL9
  Funding recipient: 8CGDD4q3E5uaNEmCN1CEnF17AhEbtPTyPWjiyf6ZvbL9 (0.00203928 SOL)

Signature: 2cTyCyh54GPmRw1eJ7NDyiLufvqhpGX4pTFQVoVtUxrdt1nmuhJKK9ccJ3qBQjyEdaw5neVmSVkJLSERPmQJ8PQr

Transfer 1 tokens
  Sender: 6umMGbhg4Ry5X1RGnJWasCUybNM4dgNEfPVreKmFDArT
  Recipient: 4dKbzteBxRPnJLaVDyj4t8v6i6G4PX2ASr4iqyrcaZZF
  Recipient associated token account: 75LchkeqqYkKaPPBTDX5XJsPA2A97ePmj7cRE938FQLM
  Funding recipient: 75LchkeqqYkKaPPBTDX5XJsPA2A97ePmj7cRE938FQLM (0.00203928 SOL)

Signature: 413guzmdmQ7MUoitPj85UPyML6wycTNfLN8vMZ79yS3m4s6Kjt74PgbJHdaNU1pv3HViC8jVKLYG94pCF6hhM7ry

Transfer 1 tokens
  Sender: EpVs5AekMotyKLXaySGayTqYBz5MRzdBdKqzSCMNw5vz
  Recipient: DnCqNdc2vHLAq8abiRz51DDLty2hy89v2CS9DHdMdSWu
  Recipient associated token account: 6Ga7f9fzwdymSveBoCq3RzrGm8y1CDctmwkEVktvQbr9
  Funding recipient: 6Ga7f9fzwdymSveBoCq3RzrGm8y1CDctmwkEVktvQbr9 (0.00203928 SOL)

Signature: Af9ZQPuzSxDLc8XeZhAJD4st3ttiq1cc5Q1qA4j6YZzYfxbGUErRmsLQcivqQJgLAMzBmuBmEsSwGFa42yVDFMd

Transfer 1 tokens
  Sender: Gr7HmnHzBU3TLpkrs7tQwTNGyCVmMJYkMBq59omQhLfM
  Recipient: 2Knz5oKP4VsjF9PkA7WCyZWZsBig6zZMcp9FH6aRLwjP
  Recipient associated token account: 6FrBuCataLEZ1nj2BkLFmTxXiQ3jAiaK7tpLazotDSZz
  Funding recipient: 6FrBuCataLEZ1nj2BkLFmTxXiQ3jAiaK7tpLazotDSZz (0.00203928 SOL)

Signature: 5eJK4t2Zm1kNkoGJTmHcvn3m9xgTjb162dE66Esph5VcKrq8DeuYiYuuurgFWUAJSD737zbvv8CpS3cEwE5qmogR

Transfer 1 tokens
  Sender: 6yfJG9QAWWLCrwBD8LVqTUmBnr1DXWDauvrPtyHJENTi
  Recipient: 5tzSHxTWZkpKA1i3LoPre4ZvR6dsjmvnYcExS1pdsKv2
  Recipient associated token account: 2uzqQhWdmW99pGHFqhQTfBXWwgbdWVCgo2dqXCdCPbVw
  Funding recipient: 2uzqQhWdmW99pGHFqhQTfBXWwgbdWVCgo2dqXCdCPbVw (0.00203928 SOL)

Signature: 2nqmSraNRdcEmEC1by9ZMycAGyPYe8JXoW5uQeqrn9Qptntdd5hyJkZv1zyrWRJCGMjRnBz67g1EFRJa74iti1cX

Transfer 1 tokens
  Sender: HuDR1BXw7GGBCAxpdCoT2qWHFiva9sHZv8udhA3WWcKM
  Recipient: 8JqwqS6TfmeVJGks1uMRkHPi4MDJjjoHSmi6nS5kzZPE
  Recipient associated token account: 5cbQ2vh4ywTbHn7SctpPT9KwiHDYsvNJs5jWzrKyRAYJ
  Funding recipient: 5cbQ2vh4ywTbHn7SctpPT9KwiHDYsvNJs5jWzrKyRAYJ (0.00203928 SOL)

Signature: 5FJ3y3tfPyXjPZqFgnrmp57fbmJYnCtsi8yY1UrvZKs7NSFbRbDTPnesfg9PB889ksb3ZfSa8VVeVjwXtTMfqiNh

Transfer 1 tokens
  Sender: D41y1qN5dpmHvEcNWYsdLm9x28xWtzW3TB4mNCEEuCBW
  Recipient: 664JR3KZ3WSPeufnsypjNnHGJZ765HuwvHXzAwVqBRzE
  Recipient associated token account: BDcXjd6PNFJVxTyWx1Uy2qVNY3rGcUSqdjtr9V1Cge34
  Funding recipient: BDcXjd6PNFJVxTyWx1Uy2qVNY3rGcUSqdjtr9V1Cge34 (0.00203928 SOL)

Signature: 3WUs6uWWRHw2vYMbFiTafEoBgeSqHqWvfLiR3SxacQixDnbxt1whcNqpH7TSoDv5fCALeTAcXtpDBw8y8Y1WjQmz

Transfer 1 tokens
  Sender: 2JZgQsyUmhfsF7w6u57rNzmQmzdd6qKWUaGzXKWwzY8u
  Recipient: 48z8kbnt1GK1cxD97YtMLUGj4UtKD9fYSvmWKbv5q4NC
  Recipient associated token account: DPeUysjJTj5ZVWVMZN4YVoPDHs15ZqQc57NyJQeGAvqj
  Funding recipient: DPeUysjJTj5ZVWVMZN4YVoPDHs15ZqQc57NyJQeGAvqj (0.00203928 SOL)

Signature: jjN2LSCajhqozwJKUcr8Ewh4d3ZgWZoi3PgRtgYgJM5sHg4Q2qgnhwSmSWMRHrab2xC4hSwnDc7CKTac6CHzWid

Transfer 1 tokens
  Sender: 4APDCPV6XLCCWw7Nd5nLTZBCAMMJcpdXEL7YZrKDjG81
  Recipient: BYQZZhrrYLK7eftgHtwet9iDVyCPV8n8j21kZ1Rg3Jzv
  Recipient associated token account: 7xXWzKJSFqmHeJoogDCPCMT9KnmjE852ndRUVRomNvis
  Funding recipient: 7xXWzKJSFqmHeJoogDCPCMT9KnmjE852ndRUVRomNvis (0.00203928 SOL)

Signature: 3JihbNouyEpZRuBkXSXtxP41oEm3pNcQNA9NUkdoh7ktHcif4wq2nGLLE1rwc1c31eB54GVSSK1Cb3UuWNmDgefT

Transfer 1 tokens
  Sender: GmXSbCjG39VV7Bu8TWJsVazReVDrTkwv6mArd7W7Tw5o
  Recipient: 82UrZrAYbRdHbGXSutsWrBSL6sNSXVS3DtgHfnTGs1bu
  Recipient associated token account: Bp1bumMcEssJ9onB2gSZigY7w7Q4rkekeuWAcRzSphQd
  Funding recipient: Bp1bumMcEssJ9onB2gSZigY7w7Q4rkekeuWAcRzSphQd (0.00203928 SOL)

Signature: CHx3kFCdncQ6W6H4TBgg71Teav8WArUiubWmpBbgZp86mwasyr2VjWdRPsqRpBJGiCDqAc37XuvAP75yHNPyej9

Transfer 1 tokens
  Sender: FLoa7KWC1v5JtkW4ftrjXXZTY8wPEVtTbnwHgDVXXBsq
  Recipient: tG8zdcKN1TQhbpTXbDa4pwTxgsx6cgEKbz1PrsmdN7h
  Recipient associated token account: 2PNL4CsXVwucCfTZLqXZUdVdCeXYiWFHjPeVsBLa63yz
  Funding recipient: 2PNL4CsXVwucCfTZLqXZUdVdCeXYiWFHjPeVsBLa63yz (0.00203928 SOL)

Signature: sbrvAqnQMwwBwLz9CdMLMXXwCv9SASu2w5knzMgfaMgGhhPnzWtfTBX3GpVG52avZoAnNxAuM9KF474idkta6CP

Transfer 1 tokens
  Sender: AERa7m48XV33wKzuquHpkVBkb7qAz9yrJrKtDhGBq89W
  Recipient: 7tMyU22ViPrhY14fy31bSmTsQK6rwc9q3Zbq2u5RkZis
  Recipient associated token account: 6ziTCFF4yFvQELBtfhqe91mfQpm1PnnbTU39WmwC1rCs
  Funding recipient: 6ziTCFF4yFvQELBtfhqe91mfQpm1PnnbTU39WmwC1rCs (0.00203928 SOL)

Signature: 3Fuxxo6Ja3aemyazU2FpbE1a3hrF2QTnzhoLqsmcr96H8Ztj6bFMu2jDoqctkpVg8LBDX25UhURXGF7VCUppzrtR

Transfer 1 tokens
  Sender: BFspiR8Pb2YQGJs5xq747ReUnJycR77C4ZnTsEh1Lg5c
  Recipient: DbwyR5jDkZXgAhJ3vyg6psg3N872qwfufWcZYmwNzDt7
  Recipient associated token account: FULua37ohkb3P3PnG5EJu8uUtJWVfhKJcdhM1j3B5DKZ
  Funding recipient: FULua37ohkb3P3PnG5EJu8uUtJWVfhKJcdhM1j3B5DKZ (0.00203928 SOL)

Signature: Bdo29SWShav5YyMRd6bTG4czwkFYLAt7nZq4xdBGdBzqMoMtkgMkxH6J8ug3e33WMhzoooHp8V7UcqbhYhHN8Jb

Transfer 1 tokens
  Sender: E3o9oxwqkGkm9zkUNSXoYt8SCx7w2Prx3LknovT4HfxX
  Recipient: BBcnpuGSbDbMhZHugVRhURmfdFWkieXskLyHvqcFMsbT
  Recipient associated token account: 3L3rD5SemJo7ED7iQ1egTteXLhP5ng9JEDPU3J5uqNtt
  Funding recipient: 3L3rD5SemJo7ED7iQ1egTteXLhP5ng9JEDPU3J5uqNtt (0.00203928 SOL)

Signature: 4p9zZDLsF8vLPXX5EBeTAvMQyGcH66tRtv1HtRz1oeHKSjnM5yTRFDfJ2zkLeEGf92gqnMQ7XiAfRY7df34hCrGe

Transfer 1 tokens
  Sender: 5RS3khyjfY2jwwE9y58PkTBKwVweJb6fuAr6gJR5znDe
  Recipient: 6TMaNDjid9dnwhwue3yFyP16zhBJy2uTm4nJr2sQBiRX
  Recipient associated token account: 7wxwRjKZ222kmWNF62ThLZce3TX7iSSMnUwHr7VBL1J5
  Funding recipient: 7wxwRjKZ222kmWNF62ThLZce3TX7iSSMnUwHr7VBL1J5 (0.00203928 SOL)

Signature: 5cAeFtHBpe2qVTLw3qjEonM2EyfjQZztaXwhbrqm3NZjmN1zS6Wd2aeRt38Rfs9xEULhZ1gopo9op1XSh1h5QX9h

Transfer 1 tokens
  Sender: F7HL2QRixTKgCG6KaM2rwV8xGtjvXbFqFPKTwjh8eyRg
  Recipient: HExH1uQGJ9z6gH61JhXeZyFwS2vcUyByPK1ttVFDD87P
  Recipient associated token account: HxDjJWL5eLEA6oJWqaebrtdTZncmBAnW4dnw5Trbdwp9
  Funding recipient: HxDjJWL5eLEA6oJWqaebrtdTZncmBAnW4dnw5Trbdwp9 (0.00203928 SOL)

Signature: 5WE6V41ThvoQXTZq83bgVxQWpLnf4ovjBw3z7sweK5rau4PjeYgjaPqefMsTiXSEJHZcZwbGxqgU8WkDsiaTUfcD

Transfer 1 tokens
  Sender: 9xxcpZeiw17MFEnYVoSpf9jb2jEwTB7JRdB9TQnF4HpM
  Recipient: yXYzVF3WnzkUVwwmejoNZkzJiQcn87Ms9avDqFQEuoU
  Recipient associated token account: DGRHtxakwQ5zGNZBQF6Nj6BJneK9z5VGZw5iVanzUSej
  Funding recipient: DGRHtxakwQ5zGNZBQF6Nj6BJneK9z5VGZw5iVanzUSej (0.00203928 SOL)

Signature: 2i5ZVs7xRdEWnM1mDKYVWRu7i7XGJ22gbbcbTWUrjn4yAQB7SKXA4QuiWgvBTiJR4bdM2CPKFTHEqg1LDcMYf61z

Transfer 1 tokens
  Sender: 5iQqHykFrAvzGvm5MEPE5rm5iM8MZMLFUvsb5LnySh9C
  Recipient: 51oET2dy4vCmZ1JMGYR9hbsvsLng1vcLD6z2AZp1uq1j
  Recipient associated token account: 4FqZkBG6yaCUwWYEZVMq9sNHMDf5v4AzirbbwkcR7d1r
  Funding recipient: 4FqZkBG6yaCUwWYEZVMq9sNHMDf5v4AzirbbwkcR7d1r (0.00203928 SOL)

Signature: 4MRXMhyaJLX6RfmQqvGFJ4sKrqXMP6rZedtWtXRi7goRY28t5hVbjjwNmrLdiVWfhvAbQx4Sk7edgqsdUbKu3yQV

Transfer 1 tokens
  Sender: GL2Be513adPL65sh7whiZsrmkV2VDNkcgA33i1HEkZaw
  Recipient: DndGvbmoB4NrHeqa9VEgk9nTmZL8XogLMsqq8Guv15qJ
  Recipient associated token account: 5dwk4CJR9SJjicvFbW1qPpPpDCPL6AMJqvGmPYkb9uvQ
  Funding recipient: 5dwk4CJR9SJjicvFbW1qPpPpDCPL6AMJqvGmPYkb9uvQ (0.00203928 SOL)

Signature: 3nV2gfdX9cCyuWDkdg8vQopb8iYaFRbDM1XQxorYNtQeh8ZYZGV8G9cJmZEMqUsN5QUaU4c8pXjJK7xowZJX4KCG

Transfer 1 tokens
  Sender: B3bsDXXKbM6RpiDe7xgdPuP4NpSb1ufir73DvkPsRFBq
  Recipient: 3miP12x11Acd3AHgLyQCXTxFLM5f6yfPPSj4Hma922MN
  Recipient associated token account: 4LNT9uyUcM51Xe53cTJXfCb1dtXxfKrJpZ4XhcuNbPhK
  Funding recipient: 4LNT9uyUcM51Xe53cTJXfCb1dtXxfKrJpZ4XhcuNbPhK (0.00203928 SOL)

Signature: wXnEbfSiCjEWo51VQYZtECg9dKVnvqj4eMtb9ivuZoBjeRsFuo5GA9s82na52PxRboepDp54PLQt7ZQkyC7f7GK

Transfer 1 tokens
  Sender: B17k7zrCZ7kHo1LhdE6pbZSZNC7DGMjZsxcYzRhnAa3J
  Recipient: DyXLBVDrS8cAvChxrHa21Z7AF7Fi8UUcZ1aBKEegBdB6
  Recipient associated token account: P9qzyxYDcSVX8Mahv5UWUXjtx4kjcg2ow84FKApakEv
  Funding recipient: P9qzyxYDcSVX8Mahv5UWUXjtx4kjcg2ow84FKApakEv (0.00203928 SOL)

Signature: HXFmMweStghxYVuiFcnDkh8icePoBfzouN2X4rbTVZqV3GsTUcqcHCwT8Tsmk8tvzaT9wrLPPtCj8LQntjeZp8C

Transfer 1 tokens
  Sender: 2s3a9zXoufKtsyjtz7esad6avPrzJ4rZnD4xjTuadMnf
  Recipient: 4H389fKsqzX1vHGDrtWDLUKLkcmMi4aJsA7srHwZto5r
  Recipient associated token account: 9ntNqRVo9CSrRHQSVrYJL1vDLzeBRPnEHGs7jPyeQH5A
  Funding recipient: 9ntNqRVo9CSrRHQSVrYJL1vDLzeBRPnEHGs7jPyeQH5A (0.00203928 SOL)

Signature: 4T7uUksxhu8T5NGw1FxvpQNLsVwc4rSMxwiKHjD9qqisxKkitQPh2ZY5QhA6EVL8dNrPrBTFRgQzwN1AH68oBNP9

Transfer 1 tokens
  Sender: H4jQVird3ZGVnj7VyW9WTtTqgLtqB3mgKWnJiEuT5r7B
  Recipient: 7P4Bb1pCMuYNveYhg2j445cmTRCEGp2eAAtBQUv7Jz89
  Recipient associated token account: 5WWiii7kdQmzaAsJ1yCQHeM1pw7GzRLyAWNBSp3GDvyi
  Funding recipient: 5WWiii7kdQmzaAsJ1yCQHeM1pw7GzRLyAWNBSp3GDvyi (0.00203928 SOL)

Signature: 2sHifzVKfLRusgmVWXMNeUrvk95R8pUrHSyFMXZYK7DLR8mnREe4FfADiKERpBHPRtMaNLNXieX36xWhw3UjJEGd

Transfer 1 tokens
  Sender: nq7oqynL3AtXdH8j9fQL3pcCwoGz3Ngzo3LnonuvK6q
  Recipient: HipBdjVQ2nV7Be9vgsFf8AjTdi1oEWa79JhiwpDuaJf8
  Recipient associated token account: BpT4hwHtssqNvJESksBhyhNeodN41o4Wb469tx1EQpbW
  Funding recipient: BpT4hwHtssqNvJESksBhyhNeodN41o4Wb469tx1EQpbW (0.00203928 SOL)

Signature: 5BQ6VCYKmmNBdm3XwuEW4RMs8ZxhdiAtqvY2qT1cAgXMS24HSMad23s1APANKkuTjkrFiuMNZNZB47dF4HdE2cPj

Transfer 1 tokens
  Sender: 8oBgfFZrpyELNHzbPNvqYg4ayueGPJBBUjwGTpGVmZ1P
  Recipient: APywYwgg6HouuCiqxb4FFSh1yhGTg37QExD8BUHt9MPY
  Recipient associated token account: EB2AZJ5WCAMrvhmSqz8crY8iWxgT87t9MLSEwmCRqkE5
  Funding recipient: EB2AZJ5WCAMrvhmSqz8crY8iWxgT87t9MLSEwmCRqkE5 (0.00203928 SOL)

Signature: JjZyxH6dQv3xgHLj38MrPgDm8KbgogHCxieV7GzVpsEB6BtiC3QjufcGpWe73spV8tUcsNKPDrtdSamgfEty94p

Transfer 1 tokens
  Sender: F34F5jhERPHtpQMcB8SW8JreacGwDGDZbvtt2jDwMFW6
  Recipient: 8qcfpqeGGiTd5rW4hV2WoXR9abBqdHDGDscANgcT65zr
  Recipient associated token account: Fjmv23HGbHjFXzEbbhjHH8QRdPhZ9rfrCzazhKoAdoru
  Funding recipient: Fjmv23HGbHjFXzEbbhjHH8QRdPhZ9rfrCzazhKoAdoru (0.00203928 SOL)

Signature: 5zrBiaQ4ZQc2sDhA315XYhrpFdze2qQorsShKZetHEBDiLpp8fJupc2KTJog7jBNeUXTg4UrdsKRz5rUJAhEd1NK

Transfer 1 tokens
  Sender: 2V2cQPZCThuzREpKkdpfmhtQRtXsA5XmSqcxeFhACVDF
  Recipient: 6iUPQN4JpLAHeofG74zXnNUmJeFFcDArmDUSu4TQ4qhX
  Recipient associated token account: 3XcFwSSabnu3wnC9RpYVVcD4NLc7F8mqRNrCdexpkoBo
  Funding recipient: 3XcFwSSabnu3wnC9RpYVVcD4NLc7F8mqRNrCdexpkoBo (0.00203928 SOL)

Signature: 5nfQ3witQsPMdLmrUMHc2LXoJYFUwMRPVMamWsqyvSj93vhQTr5DksBDdG1mdMNnNP9bcMxhk5Y8NXKSfF7cAtPC

Transfer 1 tokens
  Sender: 7ZFY8BLWwiXWLPvSetJpc7y9PZdBJvChNcL5bsEg7uaj
  Recipient: 9Y9cFuNrxtyZnSGP884Niw56Z9uLQRLLzMb3GfsXPZsh
  Recipient associated token account: HeUz1CZbcqgjAchHhg76ANkrvFM75Dkq8rvN2YoRtAeP
  Funding recipient: HeUz1CZbcqgjAchHhg76ANkrvFM75Dkq8rvN2YoRtAeP (0.00203928 SOL)

Signature: 27LFS1TaGX9eJDRGWUv84QC8DR6oypPWMzKvA69NSFWW9uTf2s4kAofGoCTyG6A7H75ZJbaKK7Y3ZAEbenLara5Y

Transfer 1 tokens
  Sender: 9qzpyxBPQiyW2Q77Y9NSAHqmbeJTn2WhgJjXJA7C4zCQ
  Recipient: AG88dVyfRoytjBW5G4sfCCsnTa95bJCsvVtv44PhPz2G
  Recipient associated token account: 5bX4fbDLAfPx8px1vE7XF2Wz2Ym8G3KkcmSZACYYnYiX
  Funding recipient: 5bX4fbDLAfPx8px1vE7XF2Wz2Ym8G3KkcmSZACYYnYiX (0.00203928 SOL)

Signature: 5WiKiBC4wHYwYRXqZmArMSR7anTndUs5o9ygSCCFGzwEVUHat4N43bUZwb8NMN14xprXTui4AxrT6iuULQ6JaRzi

Transfer 1 tokens
  Sender: FWzCUuCD9WVsdgxbLKV6EW1XiR9gFvMfC4VA1Yi6AzRc
  Recipient: G5XvBTuiMnQ5RWzKmiRWjrdNwddGmSBszAcNws4TLgjJ
  Recipient associated token account: E7g2GakYPh2677xqVBbTfE7XC3Wo1g9G28PtUvAYY9tD
  Funding recipient: E7g2GakYPh2677xqVBbTfE7XC3Wo1g9G28PtUvAYY9tD (0.00203928 SOL)

Signature: PxasyRahyUSsQcvZ9EzvHLayfWwoA4hsUs8xM6dTRxyHMoxiLp4LY6Z9XU5KVupE1UEMxU3AcvHJchJbSfrrNQk

Transfer 1 tokens
  Sender: DA3fv4ShJULbULLjcAUnwxDmeDWqJMsCqWtPnuMFGRwS
  Recipient: H1hW7CgqDL8bgRgBRbubKJgoqDn3hQLXpSsUtXtMdxoH
  Recipient associated token account: 8KwRGmHcveZHvNxPNPe6bhvQyr8ofHiNgvywPTrgMk3C
  Funding recipient: 8KwRGmHcveZHvNxPNPe6bhvQyr8ofHiNgvywPTrgMk3C (0.00203928 SOL)

Signature: 5VBF9Wcn5KCCNGx76cSK49fABTcyUT5ey6tZPjUuK7D9rE2Ei3riTscKwBQwy3EhLS3M1Eec1zoYN7UE54qhZ6Tx

Transfer 1 tokens
  Sender: 6Fhh2wd57mNJb1P2qUHrHgTgRSRPQVsRuLWKJnXkYBaF
  Recipient: 5sQ7hzMpqscY1JYkzHdf9kPwY1xGPoJ88kLoVqb6V9ss
  Recipient associated token account: BEvrvKbeBQ7HBTYuNsDvfHJ7dUM9J2vyRAcGUPBLEdBj
  Funding recipient: BEvrvKbeBQ7HBTYuNsDvfHJ7dUM9J2vyRAcGUPBLEdBj (0.00203928 SOL)

Signature: 4hNgwnT92jMKwYyK3JLkGSRwB1V3SLRrqzwg3GtgZWHxvLgpWzP5psCzB3jL6q87xmJb35eS3BAj2DddmjgppJeL

Transfer 1 tokens
  Sender: zA6PT93Z5xRYhdVqW4Gssd3tdPuoynW7bjojUFzgXZY
  Recipient: BVFTQzEas8kMPkcugksaTTuLnQJ8ESxtLryk4ngdyvjU
  Recipient associated token account: FoCiysutDz99PBStrzax2bAWaoqxcBcAjLDX7g37Mc5o
  Funding recipient: FoCiysutDz99PBStrzax2bAWaoqxcBcAjLDX7g37Mc5o (0.00203928 SOL)

Signature: 5NPkNjgJQNTE7497vcCpGAWUseGY5mn57KCfY719S9EUZmRV1CBJTBmXYQEe5r7MJRH383AnT2heLB3EArrZ7a5e

Transfer 1 tokens
  Sender: 5XA1KDcWeUbKm3GjzVgaesrTjeZZf5EFKZ5VjnstLTbe
  Recipient: 4FWtRuEfJG3DdkH4LjJDB5X4sWpbueyervENPpM8QuFk
  Recipient associated token account: 4DbXHHsX53AgfcdisTUPkiiHCyrC8zZnjx6P3oyoKBQr
  Funding recipient: 4DbXHHsX53AgfcdisTUPkiiHCyrC8zZnjx6P3oyoKBQr (0.00203928 SOL)

Signature: 36nFgf33FoZUG5JkuhYV823KP71YHTZBpbPs7yVAL1DX33N5jccaGtkYhJuncG8BYnF7qcr16nS3BafUuzzfKTnc

Transfer 1 tokens
  Sender: JCkGPvmYUBBeqgZBqKyj9syXv4za9S6qDdBBkfCwqdx6
  Recipient: Cyc13EoozWsKWeF9xbTwZWkYTeNcrB6VeyhYEpbe4dS4
  Recipient associated token account: E7CBY7HYmYd7qiuahS8vHwMWLmMUVCcFE1WhmACAgN2q
  Funding recipient: E7CBY7HYmYd7qiuahS8vHwMWLmMUVCcFE1WhmACAgN2q (0.00203928 SOL)

Signature: 5BEatkzXaDHwTnssgx3wzXMd5q5hQBNiLeqcXH1RGoxNZzVrvGaT4UPENCwY9TUZBmJsTRmkWhsoxG8Ezu2vJApC

Transfer 1 tokens
  Sender: 4bCGemaDNAqytDaqktXjdivjvJYtywPL9BuadT3dbXrp
  Recipient: 7P4Bb1pCMuYNveYhg2j445cmTRCEGp2eAAtBQUv7Jz89
  Recipient associated token account: 8cQnh85yQe8qW95W73NojrVXAzSthqdUCdLD8d4TshZY
  Funding recipient: 8cQnh85yQe8qW95W73NojrVXAzSthqdUCdLD8d4TshZY (0.00203928 SOL)

Signature: mb7Z5oqwTpX5dayYgPGKHpoW2GdZx6RiafNjjGjN6siNtFMsjmtwVswVPiX3LARVBssaL9va4eJZvZeWvMCEqrr

