VbYkvpozAUngofL2zjKowimvU9QAcAsmLk1UqntuHBk
AEUto3eFWHLAmmVRq3Vo2fmHXwte525jQGG6D7pN4RRd
6YJnbJjte2RxBgDs2RKqMghFCy7f1RFbGvTeZDqoYrL6
5ZoYmZNRHF5v1AxQeincut2dQJo67ceLhK9oSB3AWZWQ
Cm8cYtgtfyULCzisqUnMg68aqqi12PGZScouQfJRfrG3
Bv4HytuReCvPRMofF9FoE2XRLB7SG1XsEsQqSU42SbuZ
H32kV8q4EUDAzVCyVxKVGrQauhmiaS354pKakTqQC6ne
964TmKyFMVaYGeMnEuPuauSc6475AYd7M1VjCuUZm8w
51oET2dy4vCmZ1JMGYR9hbsvsLng1vcLD6z2AZp1uq1j
ACvPUFsShe2hb4ydNhvfKwcWMPBaE9G1XfNXNZGkScAr
krpCv4zDR6ofhcCS1yiFrubsu5gwiqi9D5En9c9vt9u
G4yn6VjDQoRRgqKVt1fp2uei3rFHWWKA5JwWPMM4eCgT
6tAbuy5FEAUAyZPdKymeMDExjnoFQQazfrxKqkY6SqNn
jBzCxxUsJn7NGz3DiUWckVrksw58vkDjTUEu2hQboZ8
Gs2FSWdKKjHKF77z9Rit8B7Txef4hvWF94yLhdxteDGK
HQbpXKAqSQLxdEPiV74t3bJ1ad7ta52RR3zFeDWZWZem
4Godan2Sq78jyqw1Nd5uaiywo4kbGydy8LUedMnsCBrN
CA2YSCaxW4spUDYBtTZ5F8HGmFq5wwS8enW92bDM9qDy
4ZVeukRaXYXis14wHTLB7Yy6fMXbRAPErwhoBYxeMMeq
BBcnpuGSbDbMhZHugVRhURmfdFWkieXskLyHvqcFMsbT
2WkPKh2HqudssFdhTJRdj5q44oTwZrdPJQ2hGbgwMXrN
97xAKp8FjyXkiYqTtYWN9ArD7KxTevzaCAo7VCcwLAsK
51oET2dy4vCmZ1JMGYR9hbsvsLng1vcLD6z2AZp1uq1j
9u1Rjp8T4HpsN7CjPy4FbAcj9FdsM6fJWirVQAbrV7md
BcwzmAJunqVo7M9PHuUn3srQJX73bd9xr5fJseCDGAZm
BZh3ogYMZeqfHLjDQckgdSgyY9rWQeXbNuvH8pqD4LJD
7ZpuSrxBsMVQ8z4GPdTvzsVvaT1qEw5yhRgh8fHKdDqP
5g9P9YJNPxRMTZtWTPyRkUmdvaVae4MVjhr1ZHmHYbRH
8P17pd29uZSPzUn6QQ1328QWXqpG95xy8djdj679qPDj
5HAta8Cf8B4Qumwquue9zZQJUj2znMQFaetR4Qn2ZFrY
6niQWU7nuW33ktYiiXjicAouaYYiwTZcgge3u5mZUtsc
4Jgc5M9mycHzuC7Wbsqr5dHqWW8zW1xygR1VqRjojQHi
GWuAeuRDpAwKDxnVEDRW3hYn87dw8K91ZLrhhZUCftnM
5nXy4jRP5HZKaUiYRTAycvqz7KKaGNSbZP6sFZSfkBbk
BepkyYLmGjCpQC1KYdV3XzkSmTsfx4qrnrzyQrY62zfq
G4yn6VjDQoRRgqKVt1fp2uei3rFHWWKA5JwWPMM4eCgT
8cBEQ1v5QUoCFPuL7ZJG6U25SdveKFcdK8UkAvVM3Pub
5DR6UU38j5Sg8DjS9WXe8P86j356c59Esp1LijT9z23
B2xHAEupwfcGLvmrJZmrsAFdC4qoQRpoExjn9uZbDZyH
3VoQ7dgtYym7wBf27PxRHpYZNgkg4YrSEXVCEFvqFFFx
49DKCjNB9iMDrgMoTfkVWFACwXmj5SUiyTvgGmQfpE5p
6SHRL5r8BBeJFVcg8Y5u2VRvEaYYweSnYtNLjb1N48qw
6TF9sHcqtUr2DXveu37VjtZakrdVf8Rd5E62rbS6Kph8
6JwD4HWwNhq9joSvyr8ic9tPJGc6FP1Ffv6EyrvzdXsD
8PdqmeKdn3999sT3jkkx3JRquGqZAfr3m7F4G5NoWkuG
AgPhAsvcwPfT8bcAQxfyvymHdS9enkCzHDZP67ihS5YM
5AwbrzztsJT3wbgYFNLhyFXvncrMP48z3qBY7QxC3gqb
5sz2X6BytP7gbo7Xka2tByYQbXqutC1XcWufQvMcjwWY
3yLtkiKU1zGpPaZ9AtzRR4vYrEaSNxQDMhW6TzbSnhQb
AGcXEZuuN4cRnUB7Qc9kyzr5L4h71xGAYksreUubbDRp
6CynYkThMB9r1b7aWoJeP1UGhq9CyFTxt78gQgtgZCU1
51oET2dy4vCmZ1JMGYR9hbsvsLng1vcLD6z2AZp1uq1j
AEUto3eFWHLAmmVRq3Vo2fmHXwte525jQGG6D7pN4RRd
AhZJpBRjpzP5NA998UdJ1aJpuXvgNzFhrTfgSGkFwMMb
GBEFY8zJk36aE5TNHQHpCmcMnSmY7VzcEt2upUsxRWB2
4ks8jvtHN8JoWJME2KrPRi54XzDbKeiKXmb3Qy19naip
DSrczqV5wvoBewQjYJ1cf7WTMxGjnnfyEpx3dvXogi7g
Y1iUozoALJ7qc3kmJCCCdoNBHnp345TnPyBRfVHBeme
ECqhQeDXFKdAvuvhpnZCLg11TQxaRAjjHMnt9JZQBRaF
Bhexjg8vWtuH77iMsQstr8DPsuk85JnU944ivVA1MmxF
7iSwracYgCbijrsgHZFArEp2NZcxUL7rPWTAaE3gdEEY
DdDZiAosTCWnmrxgxA5Wbq1uBhYkG4rmGcV915ZsvDLv
GBc21R5emFJZx9TsNhNm9r8hYGhSodknuEh4F32xub7Y
4dKbzteBxRPnJLaVDyj4t8v6i6G4PX2ASr4iqyrcaZZF
DnCqNdc2vHLAq8abiRz51DDLty2hy89v2CS9DHdMdSWu
2Knz5oKP4VsjF9PkA7WCyZWZsBig6zZMcp9FH6aRLwjP
5tzSHxTWZkpKA1i3LoPre4ZvR6dsjmvnYcExS1pdsKv2
8JqwqS6TfmeVJGks1uMRkHPi4MDJjjoHSmi6nS5kzZPE
664JR3KZ3WSPeufnsypjNnHGJZ765HuwvHXzAwVqBRzE
48z8kbnt1GK1cxD97YtMLUGj4UtKD9fYSvmWKbv5q4NC
BYQZZhrrYLK7eftgHtwet9iDVyCPV8n8j21kZ1Rg3Jzv
82UrZrAYbRdHbGXSutsWrBSL6sNSXVS3DtgHfnTGs1bu
tG8zdcKN1TQhbpTXbDa4pwTxgsx6cgEKbz1PrsmdN7h
7tMyU22ViPrhY14fy31bSmTsQK6rwc9q3Zbq2u5RkZis
DbwyR5jDkZXgAhJ3vyg6psg3N872qwfufWcZYmwNzDt7
BBcnpuGSbDbMhZHugVRhURmfdFWkieXskLyHvqcFMsbT
6TMaNDjid9dnwhwue3yFyP16zhBJy2uTm4nJr2sQBiRX
HExH1uQGJ9z6gH61JhXeZyFwS2vcUyByPK1ttVFDD87P
yXYzVF3WnzkUVwwmejoNZkzJiQcn87Ms9avDqFQEuoU
51oET2dy4vCmZ1JMGYR9hbsvsLng1vcLD6z2AZp1uq1j
DndGvbmoB4NrHeqa9VEgk9nTmZL8XogLMsqq8Guv15qJ
3miP12x11Acd3AHgLyQCXTxFLM5f6yfPPSj4Hma922MN
DyXLBVDrS8cAvChxrHa21Z7AF7Fi8UUcZ1aBKEegBdB6
4H389fKsqzX1vHGDrtWDLUKLkcmMi4aJsA7srHwZto5r
7P4Bb1pCMuYNveYhg2j445cmTRCEGp2eAAtBQUv7Jz89
HipBdjVQ2nV7Be9vgsFf8AjTdi1oEWa79JhiwpDuaJf8
APywYwgg6HouuCiqxb4FFSh1yhGTg37QExD8BUHt9MPY
8qcfpqeGGiTd5rW4hV2WoXR9abBqdHDGDscANgcT65zr
6iUPQN4JpLAHeofG74zXnNUmJeFFcDArmDUSu4TQ4qhX
9Y9cFuNrxtyZnSGP884Niw56Z9uLQRLLzMb3GfsXPZsh
AG88dVyfRoytjBW5G4sfCCsnTa95bJCsvVtv44PhPz2G
G5XvBTuiMnQ5RWzKmiRWjrdNwddGmSBszAcNws4TLgjJ
H1hW7CgqDL8bgRgBRbubKJgoqDn3hQLXpSsUtXtMdxoH
5sQ7hzMpqscY1JYkzHdf9kPwY1xGPoJ88kLoVqb6V9ss
BVFTQzEas8kMPkcugksaTTuLnQJ8ESxtLryk4ngdyvjU
4FWtRuEfJG3DdkH4LjJDB5X4sWpbueyervENPpM8QuFk
Cyc13EoozWsKWeF9xbTwZWkYTeNcrB6VeyhYEpbe4dS4
7P4Bb1pCMuYNveYhg2j445cmTRCEGp2eAAtBQUv7Jz89
5UCnPwLsDrSVntJyWi3EhRUFPf7RvZgrJjZtQbRLwVyn
92te5L7auEkufyjTFnFNEe5pdWGoGM4FSdjkzMBoH8ZV
