Dz8tvfUTSLHMLbq6cucas9ChtFAnEZrJ78MUSPsc48w2
HRYCWb6S7sPjjMKHpL2e13FWdrUz5DSSKzf3go4t9nWD
6Pgr8Qu2xSEhTDDcoyxcVj4jWWDjFooHr7MnVmTMBR7S
6ZjkSTtbW1NjDuSNDWx3xXJiM1h6UowxuaYbTDjk2p7J
9jgAPuQPWmrSwt26J5Zo3mUgmbaCb4UdrsW2XHkus5ip
8LtKwmaCi92ZM6bAQ3eM6yZf6cL7rKca2qr6mDNDvBoG
HrWhdtUu2wxayAXS8Qc6UKxYfGAL2H6Cpm3u9mPGUE9w
7g1kTRccdtzy3mXTGUTjJSrmki631hxcynZFZwKodVwD
6eQKnxW5usDkKLv2z9CuqHnWh61QykuhjjCJgB7LuALS
3jGt2iwaRVgeQTPdvB3r15fQDZxxBjT2x5YSqufRGMJC
3QMiULKGtGpN8L6W9TgD6bcLJ66DhxvGBS2Pembo9R3U
21a39tnAv4WNPJxR5Db2u2AGgBYVjqS1SsUJYG4drJeR
DPwcyY17FpcoEZJSaqrP2VHP32jvTTWEpDzQvsTmnZ4U
7NjCCLybcACkPkMSoB7qgpzhgi5PrE2FFguJRYiiow8D
E5F7UWPSXLnX2iWE3p4FyAjvgcuBsYLT8b7AsZ4JWb68
9PwX2ShWAHkBkTBVtXjkovma9Q7CwrY5uLVShbKr42t4
GWrrQh9EV41BK8TyVCXdUkdjdqnUUYqdfq2ZqoArtCit
6iF8Tg5NbJRG1t2Dno11TQqYJaxpi1hce5HgUUdkdo2
A4bvgLH4VCb61wVarYVXfJdpBxQCu4ueGFW9ts6jaq9m
3dNfGfh2F52M4jwWQLR9aysHDBWk3qKgKFH63zoPDECK
FCUeDtWbwJ5mj7By4E2BvcxWm2NfHfUECexJjLLniU9X
SDyh4VnaJgs64XPnMg1KHEWosD9ybwUAbnwHKF7dq9N
SccfvASPbkPrsjzifnr2nbnbxbFd9aEd3eP9Rk9vq4a
7KqNDzuWP9wET9So3muRiz2ysDFs3bLpCQXboBt7N1qv
2v4APUJ4eDwiuU1M7PESQY6ZCMex2BWE6WA5fGb7gDF6
FHoToeSaPsxS65DMq9zL8vh7Dd2ZX8rAN53KDxNG9VKp
FzsjrQbeR5Ffy7mdXcnJqQQ8XB7iof9XpsbShPDyM3p3
76pqwe3m71BuberkhXg7yinZCczafAcmkprMT1f1K58Y
73qvdJM7Y7rRwb7y87wkYFMvBczGgEc68wZeEzXMpT6R
BCu7ucCj8tvyH5dAckNUBx1MRgxZRtnbXMgqGoTQPrky
HeR3fvEcTYUFgawTo9CaqiDmPgMWEi84eFAxa1gtA197
7MgBFCyH6nUyPo8JCxjw3f7PmLwdZnduA9SKrRg8GXad
EvnYZraAqVseD9V1qyy1MsEbJcJjFqCvaTnu4ZJeWMNF
BBDmsbaFU5dSkAtequZHAoHgtsJB56a7thkRrtDb9DyC
5LAgFHgc9w13WhUVwXNyQbXmyUV64PL7Y1nPDB9fJKCw
GBn114zP5hVdaw8tsxofPP9Z26zCNSx22NcXRdTyeJCM
5bABVBi95sjxQZHyjiiG1f8YGvkBvv8mLhvaXYRFdTUP
CFvjyZEbAzBnioy7k1tyGgS1gyYtSeUtPZZp3eLnvoRW
FVqswxH1XuRbh9uTqP1rvRUduow8bKjZz4MUySMf944X
6jVLxxTeH7c5wJnfGapiePdE2cxQhtBnUJia72dmFEMh
E9RFY11QKnhZ8LPEaimFGoaCCQBJ3xQEYCBU1C8tXn2U
3L24tQTBt2sNF3XqpF7Fxntx844WbDpYx8XzduKFS7fb
H6Xm7G427DJGex8iBhGVrf2b8xR6mXRyzuMcD7RBn1br
J75Aw3uG38pCGwCDos9d3f13Y5BkJ8C5x2Dsf2yvtR4X
HRUXqomBoNZQbaEAz4jPdjo3iGsFybMdJdBZavhhe8VS
Y7r2iHyGES9YF7Topynnkvf9YseEc8RWY1QUfaW68nv
DRBZSX6cp27Ht3obbJHu3W2xkSyHa7GtKsDAu2GkxSpK
A1s52jBBdMjop7XK3hdfxkCTzjYLYGVCaMgdNsSjmNJm
4hZRusuJdwWzp4o1pBRaSzr9fbvJU24FDGEPnBjyGjeH
FYFx1a76fvFPGWLKR2pKo1wqRGYGNjNmCoCtfzKMzezS
53y4tYqVU3bLEVimShBxgs8dHkJ4YYfNcwzesdfk2hd7
29aKG2Z8PrfDtkRGzitPe4D7WuQESKtQcduuQBgG4VXq
ECpmYV3iEfNqstDLxyEtsT3UjXoZ3uKcgfUTXvTyZv6L
EpduxNepZQDAiWZ2YgmAuoDLuBhYa1s2EyNZupP6AAP9
CgVDwFUVHxNsXgqYmtZ3eBH4ppxMxr279dPY7nGFiNNi
9xhKTaLQ5DjiAykHrNSt8yUUTdQGDzdYEu57XAPyAvPC
562zcuTf6LZ1vDGsJaB1A1cTv6YSCpV2hDWos3RBsJXD
E3jSAqy5iueLRtPzWgeNVc7g7wZDSg6FERiKgeR2DbYt
HrBZh2m53XXwxB9dSpY3HrvywqGC6Wu3wANaTaW4e2kT
A7SjGbEygu3kZ98TSuQkSku3KmW3M35cTn3MSm4z5rGt
Bqq3ToBLrbJy61HuYWVKkVd6YJwCeSZh2XSbtw8uzaBL
DxEsymxNw7Q3v2ExejCfLzPuxDbJfenWLZqeDT59JaaK
8Rdh9dRm9wdZ7QCcV261D21vfgKBNv2vRg8wC1VvCD3p
GVcmTST8zKe5ZfqLTdwRqAY4LXXDt3Gxf8wfywpe7kVy
BvStpQzR2xTBxsYMmAndNrPUb4CFwmYqk2h4ARqTdqzN
EjfkDXgfyv7GwevvdP9UVALWMposfDCg4QmgdvPXdxo3
3mmoTTf3rtrrm91rFgJqm2kZoisxhE9GjRQ4HiXCkBYx
47rUQFQp6UnkY9M4bL2a97CzgKxswRDuB6J9J1v4qhuF
Cy2ZoeHAhqcFACuezg9vuTLCjv8oxGfdN6uaehuav4yy
Csngd91aEEaWUTtwLiuvLy7VgQAHKrDG8EwfX4TSE18o
GhSGD8VvXHENJYzwmUiWe3h9h74ySpXQg48jCcezugF5
GJwHYjQCxD5db3pBg4HLbJyhujgUibK8voxAhsNUmcEu
13qCmKgRKPzYPvagi6adDJP7CdfFhdDcxSHQoPa1SSnh
xPo3bYu58JAjHRmw5fhbLgSsZ7X7MWPe9G9jwhUW3XA
CH3wbZna7J9FASWKL7swfdqkUXNfPfqGAwKuCwziABcU
2Y5GhFM4b7aUsYSQWUyv2ymycK8fKxyoECZwgiuQpavU
B3siLJFE2cnj39uR3kEk7Vqvxsjh14Kj5XBcEdh15wvR
9cd5jGnxA5vAJm1qTM7akYEbmTrGjiXJfK6pdkrZmDXt
7eXfcmbjqbBUVmfA2n13FkEEb1hUNiLXUytYkpJrkV8K
HrfSPsXZcVsNcLk5cjN2MnHRCPYxRFxjwMTNUzwuw89T
8knBf8E1JujosHQaYVdr6EcCfzDmvfKb9dsSP1Krnpm4
DAqS8B2WpahPAUyzipTUp2vAgBX4a6LKWitgJ5fYadPq
4ZbF69CamFSnxLLSm7xqmZftnnreDh8Uvc4FVUMJwDsS
EFkDiVDSypBw4wx7w3Pzjwk1LbXkGwWEDK7h98YQQYKe
435cZoCagbf5aheVM1bnAv2qjSLmv81yALnLycsZ1T3X
BDomRJcueGVpUw7cxzmgupYnQYJFcHw1jbNedFW8XHpQ
6V1pTwnmV7PSzRYXx3qbQ38vn61WQpoJYywKDvxbqoek
J4vpaGZESwz89yioYbc9LSyE1V4sPUfdHyR4T73uohGv
32pp1oSUrXqhsdHWoiyktURmRWVY5h5eZ6QkfhX77eaR
4uZ9JEBucYQVEoEdAc1B1HfpVDM9BhDYfLt8Dvjs6wiM
5K9ThjPCTBZuUL3BcdwfyVBVuKcLooVW2cWfvZsE6BPQ
DNei8YsDbvKuZo9wJvMWG7eb4ib1yaZHi5b8wwhS7yvo
2SvxKbp84aXwHjPpRHjWz8MKk5U632nugUPcii3rCoUA
GxBqb2Z2d9ahANK2ZbX18ujguXynN3SdgrS8y1hSHNoX
GewjRCTyNNV17uGt5XShudFjtDhVNx51nP8j47zEQwdX
6YV3tthtaGwJvmPMh3YZ3MT3pWZanuyeqcq2ppEekGnQ
BpNy8jkFwb7q4E9Xd4GgstV5RZgVR1merjW6n3GYjN73
5P7EQACnDvmLzvrxqtSSUhWSjgooa21YW1fFvcPkZwqi
