Transfer 1 tokens
  Sender: AJCBMkit43ANYWT7qUj1r6yG1JeNT3j8KJhPMzP2TnW9
  Recipient: 6zbHJGNdqq7PawynSgxW6csjVHAN9nm51uLNMZqpxZts
  Recipient associated token account: 9sksDFww8hGFKq32duXBKkDpVzB7VscX3MT7jtPjwn7n
  Funding recipient: 9sksDFww8hGFKq32duXBKkDpVzB7VscX3MT7jtPjwn7n (0.00203928 SOL)

Signature: 2oDvAYxKftwQ2ijGe5BPsF9ZNspTx3cXpbqyWC6gw1GCaJ6gFB9CUcLiQ8TGgqR7arT9Td4vouabartf8Jf5PeWR

Transfer 1 tokens
  Sender: CPTY1UiDq89fJVTQttKQ2CqqdfhzPwptYBSxEy1eAAgA
  Recipient: FeJeijPRPQZdsdUYSLZkXNUKy4LDmdGbxvtfQoAHqvnK
  Recipient associated token account: 3QnZ5AiAhuwvdatncKRTo74U8RfVDjHtoey3sMY8BSQp
  Funding recipient: 3QnZ5AiAhuwvdatncKRTo74U8RfVDjHtoey3sMY8BSQp (0.00203928 SOL)

Signature: pgvdX6tByFERV26mivtYBg1UHjv2KYsMKgtdCmBq3Xh7moeWxxa2kjFXGSR3ridyzKfjf3rPKwAD1G4KKdbgdWt

Transfer 1 tokens
  Sender: Bd5qUpVyBUhQg2MAiVuJMAHU1Juv1pyaFnmEBuLM7DYZ
  Recipient: DxD9z3hScGA9d15vc9oPfk6iDHcvwtTV7Pj11KdL5QLG
  Recipient associated token account: J7LCRgzw1bXSX7f9LptSxWQxy33bhkWVENReoyo1LYSZ
  Funding recipient: J7LCRgzw1bXSX7f9LptSxWQxy33bhkWVENReoyo1LYSZ (0.00203928 SOL)

Signature: 4jodGeEA9i4ue9CTT4LSEL7sTPQyg94tCtf7iGNuWdLFz8AV1j8xfL8V7SCyeorFLHtLmWGocfdz9sogs1cHwt7n

Transfer 1 tokens
  Sender: AbvpDDLvVjUFUTKrKAh1K2T1876Wpt7wNS3eUakmGpQA
  Recipient: Hp393mTFafcA154LEq7dqwN3oGCt8eXez6inegx8wRh9
  Recipient associated token account: EB5iBVuaynNbTgzEmh6wXysj69a8DZQQMWe3yavn5uHG
  Funding recipient: EB5iBVuaynNbTgzEmh6wXysj69a8DZQQMWe3yavn5uHG (0.00203928 SOL)

Signature: 126T1gv5DKxRqqTC3xLvvxZ6SZ4NUw9mimETYKgptp4tQDSiFgk4XQ6EHupmtRcoTG7RQjeMxY5U7qTQJmGzgtwY

Transfer 1 tokens
  Sender: 3eiJ9ZafC9zNwWZWBzVGPG5B661m1jpLkpgh7BetFdDk
  Recipient: CgeQQY2g3ZKXSPBdTVa2sZ6Eet3456WfG7KmrTLRh6MF
  Recipient associated token account: 9hYffPVkUuZH7hAWnDyNZPA44r4vTXfrjzLphEhn5rqL
  Funding recipient: 9hYffPVkUuZH7hAWnDyNZPA44r4vTXfrjzLphEhn5rqL (0.00203928 SOL)

Signature: 4A56Dsgbc8pyv3dyryPXgaAgFratfVa9DFQQ5asqawefUmB1hRbJ1eZkACniZ5CkuCao8hnbyy145mdQpxKd5MDe

Transfer 1 tokens
  Sender: dspx4AUEauSAQWp7BWCzyvqBBVv2uJGsK9wkWeukY9q
  Recipient: 7H5FHSDMF9YJFP59kr1LnXzPNJkxLWUuM7QVdUwSyv8m
  Recipient associated token account: 6kX8j559kDBd2V4q7CJ5wFgg9PudxfmuUgLjKEuiXV1c
  Funding recipient: 6kX8j559kDBd2V4q7CJ5wFgg9PudxfmuUgLjKEuiXV1c (0.00203928 SOL)

Signature: 35zhWfnEif3A8NmnBogAtFaz4TbYb2hSc3nbknPHbT6tkKi7nAmGCN4cene9jdTw2tNMJfUC95oq4QdHPjCHaDHm

Transfer 1 tokens
  Sender: 77AsZgmXqLvX1BA2G78ifSwTV4GsfQWsuv5h7V4Sz18A
  Recipient: EAzuPsCQuDDm5EyUeSS9bDbrsDrKejiRNJgLJkRvqAWz
  Recipient associated token account: 7kiFp2kNAbG1jP3nyK8eNcWHx4uoQpyD5dfKz7YF5GTS
  Funding recipient: 7kiFp2kNAbG1jP3nyK8eNcWHx4uoQpyD5dfKz7YF5GTS (0.00203928 SOL)

Signature: 2ra7NDyShwcFBrBXE7PmmqkNVoiKw5ZAmvUe66bhUmT3GrjikvYt6btGKGJE6FfnLvhidyP3V6qPVmApyzQVVDxT

Transfer 1 tokens
  Sender: 9cqcN6S1CccZtNkstdPqqD1HaGzJ7XCUmVYJQ45ecDQE
  Recipient: Eeor4e9xpnQ99PxUV8QgvvhBJaym2JGsiAazv3BBBMtx
  Recipient associated token account: BHrP2hf9TCrrZ8GLXb8kdwU3eaK8Hos6PRbgN5KqgnVJ
  Funding recipient: BHrP2hf9TCrrZ8GLXb8kdwU3eaK8Hos6PRbgN5KqgnVJ (0.00203928 SOL)

Signature: 3bPrEN2XzhgmjpDAuoPx6Dvf66cxoS8UXKToRDT2PFGwjtgVzBVWyXdpYt595FZoPrmbrKFVEK5ommSamxA8dohP

Transfer 1 tokens
  Sender: 4woTDRtsSmk5NrkHqEb3r4bFw8djLhxucng8sz9ADFwT
  Recipient: GNSJ9xpHiLcTNEhFWvSqS9JXiQ9mRKNfGvr7QKmRCoAF
  Recipient associated token account: FrPvCs5EUFtj2KPLQwCe8QwujRLc4R3ZW3926JiEDrDX
  Funding recipient: FrPvCs5EUFtj2KPLQwCe8QwujRLc4R3ZW3926JiEDrDX (0.00203928 SOL)

Signature: 54kdKYQhFAyUBjrRNiTp7gNbqJKv9Cn6gDvVPXZm6FocLFNb3tVHjfyYyTz2KfX2pnAKZQ2YK94ij51haXiPVPaH

Transfer 1 tokens
  Sender: UC7u1twcMPMwc9vsRfuEj38aia7GDbm4W946SipW5hg
  Recipient: HMxq4EcCrGsXjVD7LzrQBzDMv2nskAfZAjuPqhveVV1e
  Recipient associated token account: TTjyoxeAMXLDvWoQ8nYZ8XsH1qHjMNPWmMHgmjyBc95
  Funding recipient: TTjyoxeAMXLDvWoQ8nYZ8XsH1qHjMNPWmMHgmjyBc95 (0.00203928 SOL)

Signature: 3eBBCPtuXVJBUyuXfTdL5cvf45qWDqqtbGtdgSjt2mPkvSvVhS2eLGPHxAbSB6gZsEPANnkHu39ngB4hvrpSxjg7

