HT5ZpqvFN41su52DeA8nhJJkU3sQnYvnzEethLkwjr7N
Cm8cYtgtfyULCzisqUnMg68aqqi12PGZScouQfJRfrG3
9cQepRHEXLZC2F2ncuK9HY6b228dQ7HNCuxZatWZXsNe
Gg1dcDi3gUqt1DhwLKgUWRRdpjgwqVAzKDXiKkCpd2H
961La22VGQ67stUvUMWpRhp3dRma8vPvTkySkSspVYiD
EyNr6gxugnKwsNhfcYKyShBnGvq9776B6rwpjJuYztZK
5AwbrzztsJT3wbgYFNLhyFXvncrMP48z3qBY7QxC3gqb
FgVYBs7Qag74oSNgFozGH2zCXeWZKyff6KNyQBGVZsF2
HGd4DCuR5mrrWvZaFZGNUvEdJixKF8D84WKSKWnydMc6
HQxn6Z8gJXS7EL2zsmnf9eSH6BZyBAfHdb9HeR5fE3FU
2PhHTtsY3Lc8bnmfq6QcnezpqcwdKYyvkvXVzjJ75Aw4
GUD2WPQ64wBbYGcGAXjsSD53S66HoKHjKmgz5kM6V17f
C91QVSPebG5w5SP8Wg97bqfnnNfG6j9QDuTFC5EM25jz
9hPuosgBdi6RRYx9Y5ffjrPjJEST4aQdJZfMxyuL5Krs
CYVikdfqKK1SmPasR93k1p6CntrmqGW4YcoSYQQ2TeVp
AEUto3eFWHLAmmVRq3Vo2fmHXwte525jQGG6D7pN4RRd
GCbxWPW9Vvk5AjpM1rMGtxHs7mPoUD4rVLmUnSK4A9CA
5iDcmVaSaskGaYt28dAhTw5zWUC9UPSqsf9M384ofg55
45nb485LKf1pEhsTab34JnbBb3wXnAAP3xh98xdzP8Zc
3Zwm21VB7SYtYmVn2PnVj8qzzXzfAeoAifSoWNL7XZor
AzjB7d1b85syjMDsjo66EY7WSe2M7UBYb45pRFyzMPDS
7PYmMqF6oEzFP4g6avSxUQBkjCVp4FQYjiAso5MNsuz6
23XNgo4x5FwiQbN4TV7MZ4ssDgQ398vrpkfD8F3S8KTj
CnjNZ8LHDtwyCz7SBWPHCSBPikJ5u7E8TouZD4jtZ6KS
DLbcDo43ey4NxJu8Q5T3jxdBaU8yjU8y57KJt3PVk5Za
EQFh6gCBG5E8RfDaUKnVerJYmMDzpYq8rGm62UiX5XkH
31MnUxA5f5rvvejAs84Q8gakrb7SDMfP6oxFGHPXbfeQ
2R8xyrEYq1sfgkp3A3jQ7nmW5D1z6Mea7KgHQekHgX97
14BZE7NViTS7AwNpCT5QZuB3CYPePe2oZzetq4q99gXX
FRgYM8AUf2nMLa1prSwUiX6SmzWQdXywNYERu2cx1y1p
HFqbempFrTudgpE7mZ2U7jsxfuJcgH9DMprLKLNdPs7B
9nF2vqusHupTTNgw3quL4f3jorvPdJ8VBPv3Uw1xt3Mv
71qKd4xeTTWqrHMMupugtQmsoRskw7xKfGRxEEg4Qeaq
6tAbuy5FEAUAyZPdKymeMDExjnoFQQazfrxKqkY6SqNn
DWaAVXvNg9NcNUPLCwRbAhc8NVmFzSLPQCFuwkxgp9Tk
EczHAfEajWAwvFQ6t8ns9rqxCr5XQMqqfbZxBBJBZByh
AkdfJa5NmE1pQt3Ai7DpgDg8kryN5qTZirp6LQcpen6R
F8iRrHU37EEdvTucGJ5pHTo8V1nGLL8AAxo9duThJFaM
5Cz7GSRKnuFDaXRHeNJpHC77aqU9BY97eXNBBCVhckLZ
2WxjzxKrWe7RsEjdGSjoUxYB57SAKFj2h8dTEBBi9CGX
46VjLhoNqGdKSieBVbvsiWn6T6YpoV6Jcpgp2esZ9WDB
66oqNbfDhAAzaw8iYc69z8ZtMUHCnixUgrpo9599GtB3
CWiXLx6juMmaq33BPXGJ1k2DPqzfDyCQWoAsUUe83CqP
GFRR2vC8z2sHDgq3ZtDtRpQt89QrSya7x2Mkr3BPepeX
CcD1xV91Y1hfLqH11nGQXD4SarXgwxwRVT6EdziJK3e6
D7bTbVJR3i65R71CRW6XCgrqrYYC74ejVQoyddSEP4fF
7ztcgMJVKQ3PYUcend2CRP9sKA6jcDT39rcUPdETuFNp
ABvxM6di6Bmm4jMsfPNbPzg9pdS8j7sfRada2Fjdr3mP
CVAHRzXua8aLUW4VKScJWKCJJuQsc3anfBAwyWgm7JTq
7xrXaKknSCvjnKYk94wKgvGvrWSxK5whAJsxYUuEJ1pu
