Transfer 1 tokens
  Sender: BLPNzv7UwdQmgkd84azHjdBEZuo5f9u8i5451d25EvmV
  Recipient: 4yLMN5BJYWSHiMGe71xKbSTRS7YNTjiNa2rRRic5jKM3
  Recipient associated token account: 7HymJij2CUMXneCBQCpcEkLxMsiGTPfN26LqD6pdePdP
  Funding recipient: 7HymJij2CUMXneCBQCpcEkLxMsiGTPfN26LqD6pdePdP (0.00203928 SOL)

Signature: Q6AsayX4LtunosLR9PhDWZScDJt5cf15ys4GdJGGLmXYZriSXr8NJyzExnAKog8y1PGZ8VD8EcRbAZVDDT5Yfdp

Transfer 1 tokens
  Sender: GfqffrmAf9BWsVkp5bPxkp5x2YrwPxRFvuz9hmz5JLQQ
  Recipient: 9o1ExiHt1XPsV5LEMKJtzBMKmpv189yLp27865vEL7Ux
  Recipient associated token account: 779QDriPAEdGywABVr93JoqxapnJBUvM69bxkTfxEQ7i
  Funding recipient: 779QDriPAEdGywABVr93JoqxapnJBUvM69bxkTfxEQ7i (0.00203928 SOL)

Signature: 5muLRpkVqL769z5Ph67GdcRtZMTtj7Q1ABmWodVurA46WNakDYNnvGa4c8giPSAf2CjpYPo5XU2s9S8AJUKXb7oJ

Transfer 1 tokens
  Sender: Ezf9mSnzYQEbMXURpcqhEhbZQDUNcehnniFaHC4o9NwH
  Recipient: rxuqLTYAC5quzjBUcUftK8mzhwGGFNByRvDf3A9oQSH
  Recipient associated token account: 4Rfg8vES4jWvjR7AhhE9WLjS1rdbC6A3r6ercCdeHarq
  Funding recipient: 4Rfg8vES4jWvjR7AhhE9WLjS1rdbC6A3r6ercCdeHarq (0.00203928 SOL)

Signature: dg33aX8a3Mt5jy4JVNAWuBD1dpjvyXEgCR8bwTqMzD92my2ybwMPaz1uJJus6rS7nrbejvBuZp8ZuWWK4GY6BDE

Transfer 1 tokens
  Sender: GTHKgLso9axCzVHETKMw9gndptWMNoXk9MGqARme8sHY
  Recipient: 2n5PbADyQXeCMztD5wnZjF3Nn2w8PmCmqSQ68TT6Q6KX
  Recipient associated token account: BDduE9uyJL6UWNbsbSv16o2gMZv42WuLGFYUamaBDmkb
  Funding recipient: BDduE9uyJL6UWNbsbSv16o2gMZv42WuLGFYUamaBDmkb (0.00203928 SOL)

Signature: 3qY1nXqtnVPjfyyAsMhXjwvYeJYS74BciyJuNFMiu5qfhjfVNXi298CY9R68wZUBun9X1XbP5LH5tQDiJ72VvQEt

Transfer 1 tokens
  Sender: AzTP4z7EXJ3jDJNEC5B2kesZEZWybTVmukkyQGwhDfUR
  Recipient: EVeBxRGiSGdWvz5SgJtgXHn6uddqvuB2qfJQziS9t5n1
  Recipient associated token account: pwmGCTd1c3boSFFzyxTfVg3a3hsAd94iqmoCmshTbd5
  Funding recipient: pwmGCTd1c3boSFFzyxTfVg3a3hsAd94iqmoCmshTbd5 (0.00203928 SOL)

Signature: 3qNPeugT4X1ts7CaFncaZtv1s6tmsWVa6kE1bd8VYPfiGmsmd5zTnPZjb7MxqEV1BAJnBZ5zC3cBF2p5oLzoKhiL

Transfer 1 tokens
  Sender: 6f4AdVEKXeSpc4wXQ9RX1bfRAo1czPpsUcNK87GpWXFx
  Recipient: SKULLV13rVNhZadHCZA2SMRafy6fYRvB6weKEQj3JYY
  Recipient associated token account: 8JpDPqGGHhGKKsqYiiShgp4oDbpp1aAcQYZ72ECRunZB
  Funding recipient: 8JpDPqGGHhGKKsqYiiShgp4oDbpp1aAcQYZ72ECRunZB (0.00203928 SOL)

Signature: 4LcRPKtXv2ph4TtpBeYPUF97tEWYTwz2cqeFc6eqXvqUc6RzU9QBFWZYv1QEYVy8ja9yYBUjESSkj6UTyG2HWTwy

Transfer 1 tokens
  Sender: HXf4D1FMkATReRTVcMNbwXBGKRq4EH2UgXEivnv4zKHE
  Recipient: anTJYMfh4dStRWtDZLwBdyEJFJpKi3gRY6YykxTVCox
  Recipient associated token account: 2pF93CycJbgQS21BNDjnXoVLtTGyB7VZ1kg6QiR6hc35
  Funding recipient: 2pF93CycJbgQS21BNDjnXoVLtTGyB7VZ1kg6QiR6hc35 (0.00203928 SOL)

Signature: 4nXZkG4gTw1fZQXoZJyYZH9V8aMVTbKRyjaYxMGZfevVraFkbtNdrS1TXFna4v7zNSiDYKJBEJ3KRT3YuhsbMN82

Transfer 1 tokens
  Sender: 8AS8prKXU8WUfHtUc7mT8Bty8YTUzuHECrfGXSvJARor
  Recipient: FGeQoJHQuKTAx3h8PkZFsBjWUcG2yZ7DcArpFuKkejbg
  Recipient associated token account: 3bwTVY3xqoFTRVPdtEe128DtVMctWNP5hfDBX8cv3Ptz
  Funding recipient: 3bwTVY3xqoFTRVPdtEe128DtVMctWNP5hfDBX8cv3Ptz (0.00203928 SOL)

Signature: 5UkMUEx3AVfFmZyQcyZPhBKbswJvsPVo9b2EwYyFG5ezSreqtG5r2nfPrq3CZvUvE7RvBbNgHRhzZuevMwB4En8d

Transfer 1 tokens
  Sender: 7afu9ZMuVYdQZJaApoiAK9AUxmnGcnZ2hC8phwpUJ3Mq
  Recipient: ywKMstXHEo2e6Deczs5mxYq2xk3uY4bkhJQkR65fAmG
  Recipient associated token account: 4cqXxc15rRAnxczqoAV1RX4ziYQFUSA7pYuYWCioptF3
  Funding recipient: 4cqXxc15rRAnxczqoAV1RX4ziYQFUSA7pYuYWCioptF3 (0.00203928 SOL)

Signature: 5FnjmpPoMfYFE5WwDnTLgn77CSvnvPaX1Zh4n9T1kMXcv83uJuNA86Sp4pPH9wrDbAYJRuscmreqEgntPcrqn3s6

Transfer 1 tokens
  Sender: 7P375in5bE4M9rB6YhVTK944abJ4p4QYqvYR9v1QPmym
  Recipient: AAP8XjE6PmACA5nhA1BgxgyzJqyD1LQtjbbHAX6NiatZ
  Recipient associated token account: 8Ykj4mjH8RxsDU4tDCnqE2pLBdotzA8t3JxBsksL8X4Z
  Funding recipient: 8Ykj4mjH8RxsDU4tDCnqE2pLBdotzA8t3JxBsksL8X4Z (0.00203928 SOL)

Signature: 5dHr1aaYVgtNvKVdgKet7nt5VbvzboaffizERy3JS5hdyhwSS1TSLDtyMBdhJkzoveT8YfBxUg59Uks6mBtC1AHQ

Transfer 1 tokens
  Sender: BLPNzv7UwdQmgkd84azHjdBEZuo5f9u8i5451d25EvmV
  Recipient: 4yLMN5BJYWSHiMGe71xKbSTRS7YNTjiNa2rRRic5jKM3
Transfer 1 tokens
  Sender: GfqffrmAf9BWsVkp5bPxkp5x2YrwPxRFvuz9hmz5JLQQ
  Recipient: 9o1ExiHt1XPsV5LEMKJtzBMKmpv189yLp27865vEL7Ux
Transfer 1 tokens
  Sender: Ezf9mSnzYQEbMXURpcqhEhbZQDUNcehnniFaHC4o9NwH
  Recipient: rxuqLTYAC5quzjBUcUftK8mzhwGGFNByRvDf3A9oQSH
Transfer 1 tokens
  Sender: GTHKgLso9axCzVHETKMw9gndptWMNoXk9MGqARme8sHY
  Recipient: 2n5PbADyQXeCMztD5wnZjF3Nn2w8PmCmqSQ68TT6Q6KX
Transfer 1 tokens
  Sender: AzTP4z7EXJ3jDJNEC5B2kesZEZWybTVmukkyQGwhDfUR
  Recipient: EVeBxRGiSGdWvz5SgJtgXHn6uddqvuB2qfJQziS9t5n1
Transfer 1 tokens
  Sender: 6f4AdVEKXeSpc4wXQ9RX1bfRAo1czPpsUcNK87GpWXFx
  Recipient: SKULLV13rVNhZadHCZA2SMRafy6fYRvB6weKEQj3JYY
Transfer 1 tokens
  Sender: HXf4D1FMkATReRTVcMNbwXBGKRq4EH2UgXEivnv4zKHE
  Recipient: anTJYMfh4dStRWtDZLwBdyEJFJpKi3gRY6YykxTVCox
Transfer 1 tokens
  Sender: 8AS8prKXU8WUfHtUc7mT8Bty8YTUzuHECrfGXSvJARor
  Recipient: FGeQoJHQuKTAx3h8PkZFsBjWUcG2yZ7DcArpFuKkejbg
Transfer 1 tokens
  Sender: 7afu9ZMuVYdQZJaApoiAK9AUxmnGcnZ2hC8phwpUJ3Mq
  Recipient: ywKMstXHEo2e6Deczs5mxYq2xk3uY4bkhJQkR65fAmG
Transfer 1 tokens
  Sender: 7P375in5bE4M9rB6YhVTK944abJ4p4QYqvYR9v1QPmym
  Recipient: AAP8XjE6PmACA5nhA1BgxgyzJqyD1LQtjbbHAX6NiatZ
