Transfer 1 tokens
  Sender: 5MkVcuBNM5nFTLUR5WKfnkTQnpKPZhKPvpv7TaYHSS3h
  Recipient: HT5ZpqvFN41su52DeA8nhJJkU3sQnYvnzEethLkwjr7N
  Recipient associated token account: D7arq31uAMbE57rgRX7xgmwqbVe9fVEoceskLnzZkikL
  Funding recipient: D7arq31uAMbE57rgRX7xgmwqbVe9fVEoceskLnzZkikL (0.00203928 SOL)

Signature: 5H9h11AX5ob2hWqy1yRV9rbhYJ2R4Rh9kAYQTR3CArF7uXZ2ufJiodnP8pprjpz7uxNuuqXW9JKsko9Un89QCDyz

Transfer 1 tokens
  Sender: 6wDZdt2CAqC6jzXjqb6MDx5Cfvj9d9JvF2MmJt71zFz7
  Recipient: Cm8cYtgtfyULCzisqUnMg68aqqi12PGZScouQfJRfrG3
  Recipient associated token account: gw2FMF3AFyaArtDJkmuvCxrisnwuDpPz2TuJrMVfsvh
  Funding recipient: gw2FMF3AFyaArtDJkmuvCxrisnwuDpPz2TuJrMVfsvh (0.00203928 SOL)

Signature: 2aqVnsELbzb33Lq3G79qVRnrrZy4WQr9tQBDXYQQ33kZLhWo1T8CnMZp3KNjJpqp25yxnbA1jKUbGwtjn22BMD6M

Transfer 1 tokens
  Sender: 6xLkBuJnjpY7NMJwmPztVhPc8LnUZpZvStKV6dAXxtke
  Recipient: 9cQepRHEXLZC2F2ncuK9HY6b228dQ7HNCuxZatWZXsNe
  Recipient associated token account: ARfCxcZADvNUqf7sPL5pq15digCn7v9gq2TmKbwLDAUR
  Funding recipient: ARfCxcZADvNUqf7sPL5pq15digCn7v9gq2TmKbwLDAUR (0.00203928 SOL)

Signature: 4av72d75dGiCKhwZAekLavvKSGY44y9VtQgnKoJmNvBg8oyTP3KopHRxR5jx39CSLNBgvPrDmhnAmAa55jkk13Md

Transfer 1 tokens
  Sender: 9TK8kng7qHdWd2HwSHAM1NuPa2QFyjKcLfHWodnEmRh7
  Recipient: Gg1dcDi3gUqt1DhwLKgUWRRdpjgwqVAzKDXiKkCpd2H
  Recipient associated token account: D2EeVXMGP21XgC2znFNsJnuYrjzsKzJq8B7hrycDhxh6
  Funding recipient: D2EeVXMGP21XgC2znFNsJnuYrjzsKzJq8B7hrycDhxh6 (0.00203928 SOL)

Signature: 4zYKW4CWYPt2JTwLprKqMmVLoe3cU51KD8Yts8f7nkr2jEtP2wtHkY5WM9g7f3HQBPKgsKooYtSdDuebBRh6Bnft

Transfer 1 tokens
  Sender: FoakTG6LH6sGAb6ZJCeJo2qUxWpYHLA8fgjv97PkxtGJ
  Recipient: 961La22VGQ67stUvUMWpRhp3dRma8vPvTkySkSspVYiD
  Recipient associated token account: HKxiqARXrCweS5Gv1MpLkpWvUnJSJwYoUVziYc2Mb3gK
  Funding recipient: HKxiqARXrCweS5Gv1MpLkpWvUnJSJwYoUVziYc2Mb3gK (0.00203928 SOL)

Signature: 2niM11SKYbM9qa1br7DPVANpYHqodtbg1EDEjsZwU2CDg9D4qg7SB3NwWxTx2Jc7iL1M8XBWiYmgGYmJgzSGMfKp

Transfer 1 tokens
  Sender: FDdXM45yoGfKb2pxzN1cS7f6Lh1P1LVVnjZnm6MUVbM4
  Recipient: EyNr6gxugnKwsNhfcYKyShBnGvq9776B6rwpjJuYztZK
  Recipient associated token account: 2RdU2y4dFumfSHheyeHjwGwANVDQqmrjQ6LZq1fc7SxB
  Funding recipient: 2RdU2y4dFumfSHheyeHjwGwANVDQqmrjQ6LZq1fc7SxB (0.00203928 SOL)

Signature: 4x7iCBfMkTgEuZjDwsu6SJ73wFoVq7mjPLzHzHiS3F4STdFGcqtHUNqCLGTBUhWvCQSoCZaqXQ4j3bXfDKR5Zrnx

Transfer 1 tokens
  Sender: EYwQEYHj33Nkerccu4Aw6syfksbWg6knQm9sRjE22nwF
  Recipient: 5AwbrzztsJT3wbgYFNLhyFXvncrMP48z3qBY7QxC3gqb
  Recipient associated token account: FWPANC84dp9KjZ8hn6WjwZ9hEC4etZxTaRfncgJxUfhQ
  Funding recipient: FWPANC84dp9KjZ8hn6WjwZ9hEC4etZxTaRfncgJxUfhQ (0.00203928 SOL)

Signature: 2WgwvN9upPEqugXdsDk16Q1bbPJKAeqTWHweCci6EiBZRuvwurexDEbcJcPDkRrPGHbA8HwF6Mgfp2dm1RfrJoYP

Transfer 1 tokens
  Sender: 3xBjPAHXwK6L2iA5EAxTXnJovxr8XyyJ71LoHHxaQPcy
  Recipient: FgVYBs7Qag74oSNgFozGH2zCXeWZKyff6KNyQBGVZsF2
  Recipient associated token account: 4GZWSJ457w4VfKR9cx3vtz9rTEE4yFpK9jj1HCpgFXPh
  Funding recipient: 4GZWSJ457w4VfKR9cx3vtz9rTEE4yFpK9jj1HCpgFXPh (0.00203928 SOL)

Signature: 61ZmknbR39Hc7qX2n34tRkdCEBYN8e8BvV85jUy2eDTjoYVWyPe3oQS1i6sgvFndDxJD65rPCEEsbSS5JXqQc4HH

Transfer 1 tokens
  Sender: FH49sYRvg1asrzqcgy3m73zbvkuumJh71hm45o9vcw1t
  Recipient: HGd4DCuR5mrrWvZaFZGNUvEdJixKF8D84WKSKWnydMc6
  Recipient associated token account: CdYjUETYumpufGky5JdZU9GTyrnrGq4A1wruyBMwrDRk
  Funding recipient: CdYjUETYumpufGky5JdZU9GTyrnrGq4A1wruyBMwrDRk (0.00203928 SOL)

Signature: 3TtYmdgwFvGvZVE8khjErSfsGMncPeAnFyYJJkmdJrEyeBUXB7T4pUC7fyvYy16UwZzi4xPSSpFnjvNJuQQUgDLe

Transfer 1 tokens
  Sender: FtzgaPC5xrpT2pce8yAjwTbYDRxEKH31NaonAcVZHYRa
  Recipient: HQxn6Z8gJXS7EL2zsmnf9eSH6BZyBAfHdb9HeR5fE3FU
  Recipient associated token account: 3GhNvPvy66zw1U9XoVfSwVFoZcQpspZnAtkR4ZtzSG6X
  Funding recipient: 3GhNvPvy66zw1U9XoVfSwVFoZcQpspZnAtkR4ZtzSG6X (0.00203928 SOL)

Signature: LEJXT6JZSXDKpDmTDWMsgCqpMd7GtzxbhDDf57kGReHwEdf3zYkBnPxTpWnXQFi5pQWqrvJBFA8dx6MKjCCadtt

Transfer 1 tokens
  Sender: BaPE5agN3LSh39sEDrfKcNtJgi3ezM2qpEU4DpiVttyP
  Recipient: 2PhHTtsY3Lc8bnmfq6QcnezpqcwdKYyvkvXVzjJ75Aw4
  Recipient associated token account: G1waW64Wbdq8FHYn8f9tdvKXrdAEpajnukcpqBqwvLqD
  Funding recipient: G1waW64Wbdq8FHYn8f9tdvKXrdAEpajnukcpqBqwvLqD (0.00203928 SOL)

Signature: 3jKezsDqepjj4TsjBLEFFTU3knfAd97zV5YgzwLPhexJvU4asAkio69RLLvTwmGvphRPdDsKw7dRySK8WSXaSzW1

Transfer 1 tokens
  Sender: FjeyjAxN5q29x27AC7hJ14YxwKsvLNpS1d723Kq5WKDP
  Recipient: GUD2WPQ64wBbYGcGAXjsSD53S66HoKHjKmgz5kM6V17f
  Recipient associated token account: 5Mndbc1oKzitmbuAHeysBUseDtWr8RfPXBxoCdLmxTJy
  Funding recipient: 5Mndbc1oKzitmbuAHeysBUseDtWr8RfPXBxoCdLmxTJy (0.00203928 SOL)

Signature: 5XJKJsvkTUjrUb31odVxEjcsJ6rKfD1iKGc2ctApRaerehUUeb2JJgkQBnGQojDxN28TDhGp8MV92pb6LdCymkdN

Transfer 1 tokens
  Sender: 8y6aHkh5gAzfgHabrycdBJ9munGzsLHZpfiQVzE6DcQ8
  Recipient: C91QVSPebG5w5SP8Wg97bqfnnNfG6j9QDuTFC5EM25jz
  Recipient associated token account: 9pPbbJUg7fmeKBfB9NK2s4qmbWsLB8Uwa8GPdd9sz9RZ
  Funding recipient: 9pPbbJUg7fmeKBfB9NK2s4qmbWsLB8Uwa8GPdd9sz9RZ (0.00203928 SOL)

Signature: 2NMkjMSRJnLNZpdsTURz56zJvdAQrVzxzaVPb1k5NQeaCJqTPdXTBE4E1yoyYRxjbWxhr2J9jmDpSQ5MWXjd2GwE

Transfer 1 tokens
  Sender: 3pb9bFYetJuMTs6Hfc7swaF4FPQE7jv5CwiERCHf8VKz
  Recipient: 9hPuosgBdi6RRYx9Y5ffjrPjJEST4aQdJZfMxyuL5Krs
  Recipient associated token account: 4pgtF2FkvUTqDkMVMVE1eWkvNKbtX8Sdo8GLJ8aH2acq
  Funding recipient: 4pgtF2FkvUTqDkMVMVE1eWkvNKbtX8Sdo8GLJ8aH2acq (0.00203928 SOL)

Signature: 65ecLsF92D7KJDbcWX3d9WmNA4239tJafPt82H9XRUL54TcxZbSSdcBtpgyf6EwMBp982WDANrjzo7BgV1RwSqXo

Transfer 1 tokens
  Sender: CRXnmv6ctRaCdS68cZH4pFQnh2yDrRHDtAsSWr4vtu4N
  Recipient: CYVikdfqKK1SmPasR93k1p6CntrmqGW4YcoSYQQ2TeVp
  Recipient associated token account: 9yWGpBNp4k7v9BqZXqgDNvZdJ58JF1gzCpxaR6MGWPp5
  Funding recipient: 9yWGpBNp4k7v9BqZXqgDNvZdJ58JF1gzCpxaR6MGWPp5 (0.00203928 SOL)

Signature: 2ij1K2SGe1TScC2MvoSs2UQ1BMRzUka1xzGkNxz6ggT4nSCqCKqTisFNckDzssey9WDLap2JpTdPqbYRoQThPha6

Transfer 1 tokens
  Sender: YjYJrmJgjF2LrV2JSgn7NGAkoqbMbsjZ355dqMpswnS
  Recipient: AEUto3eFWHLAmmVRq3Vo2fmHXwte525jQGG6D7pN4RRd
  Recipient associated token account: 7Fs5tmLFdgeWs1TpA61sx8EcFxMJsogWobqukpWr7RMy
  Funding recipient: 7Fs5tmLFdgeWs1TpA61sx8EcFxMJsogWobqukpWr7RMy (0.00203928 SOL)

Signature: 4YjmoVJuRFMJNPPLiBPoZLzz2i3Cfy53CGBWh8hWYmDkRSZ23qfanohoBiEo7ayM5g8qsWACdjppmmMKGxPis69j

Transfer 1 tokens
  Sender: AWYiomxHaQQ3AYfKczEE3b3GHupws2EShBdvutyvyc4W
  Recipient: GCbxWPW9Vvk5AjpM1rMGtxHs7mPoUD4rVLmUnSK4A9CA
  Recipient associated token account: 9X71XCymuqKrS5ENEeNui2ZCq8wpDnznQqkPzuk2tnwY
  Funding recipient: 9X71XCymuqKrS5ENEeNui2ZCq8wpDnznQqkPzuk2tnwY (0.00203928 SOL)

Signature: 9o2CCVZZQwSF4ST7CqJXfGzh64TbBQBu567JSGmMfMP6pD9J7C4WYrTm8GyLANbXFmZ1VXS4CgxhR6K25cxAvZP

Transfer 1 tokens
  Sender: 2YHW9hQ7GzYLECEQJh4BgNuB2fxUR57Xy2JSqqnoErAe
  Recipient: 5iDcmVaSaskGaYt28dAhTw5zWUC9UPSqsf9M384ofg55
  Recipient associated token account: BD4kuFDf1mnNvrBmfuguQavwwXj6gBoyPLgG14eUqcDi
  Funding recipient: BD4kuFDf1mnNvrBmfuguQavwwXj6gBoyPLgG14eUqcDi (0.00203928 SOL)

Signature: 5XH9nDJQCm6cmSWY3GbqoV2JuQ9bjQdSyG2S3BxtixqzqTPYghDAJ1fok2pz3pw6xdPaDpNFwsiqJeb9gC8G8Ve7

Transfer 1 tokens
  Sender: BktrqW3YyRaYf2FhMkKK8oMUgwGrfkJ8hj1hdcJeeb7A
  Recipient: 45nb485LKf1pEhsTab34JnbBb3wXnAAP3xh98xdzP8Zc
  Recipient associated token account: HL9XkCfLbdwYAa7o27V2wP1HKHZzph2nyK7jFBsuWsWe
  Funding recipient: HL9XkCfLbdwYAa7o27V2wP1HKHZzph2nyK7jFBsuWsWe (0.00203928 SOL)

Signature: 5wVcuP3HH9f4ZKfceSMWpSjTS7mP6QsSU2JDLtiavmriHiGobZN9c5Gksq8uuVXPPw2W6SwXfVsUm5h8mamfh7pj

Transfer 1 tokens
  Sender: 7DGJ82JJfU1xKccgbcShZzyzeAbYnKggmmXPibj7biWG
  Recipient: 3Zwm21VB7SYtYmVn2PnVj8qzzXzfAeoAifSoWNL7XZor
  Recipient associated token account: 5yH8srubJtzRhTiRD6kim3aUdAzSEhKYK1zfr7Hm4smN
  Funding recipient: 5yH8srubJtzRhTiRD6kim3aUdAzSEhKYK1zfr7Hm4smN (0.00203928 SOL)

Signature: B9VY6s4B97peqRd5H4Tr7JfGECENMj4TdsPMJS3QaexbhvuAsNoxyBABrgJSMrxUnjPHiCbyWNNspnVXEPCyxg5

Transfer 1 tokens
  Sender: 2GHmifh6G49YbwnK1iYMTxnQ5tgg9hMPvfoyeHoUUQZ4
  Recipient: AzjB7d1b85syjMDsjo66EY7WSe2M7UBYb45pRFyzMPDS
  Recipient associated token account: J6EnzP8bEJrT7J4CS49ADZdBeZpwmocQyoey1nmW2k2U
  Funding recipient: J6EnzP8bEJrT7J4CS49ADZdBeZpwmocQyoey1nmW2k2U (0.00203928 SOL)

Signature: 3qUPp5jxnozAzVGA11xjiBqjPwCfqUao4YGj78kRY2uStu1MuX3G1Z6QTnf6hscXjT8JA9VDyjKwgW1Zt6nYq3LW

Transfer 1 tokens
  Sender: 3B2ioUE4xsX13mACUicajdJ1UFJBiYmZyCaS2jz9RLF9
  Recipient: 7PYmMqF6oEzFP4g6avSxUQBkjCVp4FQYjiAso5MNsuz6
  Recipient associated token account: ChszUDff5AD6Mpy5vywrTbpPZuRFER3wywmaaQZ2RBVm
  Funding recipient: ChszUDff5AD6Mpy5vywrTbpPZuRFER3wywmaaQZ2RBVm (0.00203928 SOL)

Signature: 7DRrr4RGu96mAfcdVffXdcwgg3oLBChKLzQ6DgjKCtQxJYyJmpucouWzgAVsrUx4GAHpXUXCLHLVGbyE6fsqq1n

Transfer 1 tokens
  Sender: 7P37Kk4z8xJSAygb3HMs8aEQc2jGqRAmmWpUwS3iPhiK
  Recipient: 23XNgo4x5FwiQbN4TV7MZ4ssDgQ398vrpkfD8F3S8KTj
  Recipient associated token account: 8Kexqdfacy5MLLXXSbRwDRCFDP4s4NtZdgnJA9W7HYLr
  Funding recipient: 8Kexqdfacy5MLLXXSbRwDRCFDP4s4NtZdgnJA9W7HYLr (0.00203928 SOL)

Signature: 41sk7RwPmViheszg3ymvQxXQkT6F6KXp8Mwv7xG8ETHEuMpkEhbvd6ukMGjSCVk7vanDAbkuRpHubR13PcQWbiv6

Transfer 1 tokens
  Sender: 5VMCK1M4StM55EGeWEAoAfx7BoC4yWNimg6EM2wz2KVM
  Recipient: CnjNZ8LHDtwyCz7SBWPHCSBPikJ5u7E8TouZD4jtZ6KS
  Recipient associated token account: 6NPXMXk6qdEiSeveGnxSoBrVVMGAZT8Au5sqg7fPefkn
  Funding recipient: 6NPXMXk6qdEiSeveGnxSoBrVVMGAZT8Au5sqg7fPefkn (0.00203928 SOL)

Signature: 3RTNrCSaQRFsN7nPhbG6fXw2tUyCGJ1fqAfiehCMVdsnFymDA9L7CeTnSbgoxAWHTzuzSs8XSnhBs6WfVPDud6Bq

Transfer 1 tokens
  Sender: 7qwcwSy7QjRPJksDVAFnLgKUsR3cFWYQLnSErxnVJFwc
  Recipient: DLbcDo43ey4NxJu8Q5T3jxdBaU8yjU8y57KJt3PVk5Za
  Recipient associated token account: EzEmGaK5eWA2n8ty1qwCRufx6BCFjN98tRaKS9ZvR44W
  Funding recipient: EzEmGaK5eWA2n8ty1qwCRufx6BCFjN98tRaKS9ZvR44W (0.00203928 SOL)

Signature: 3tHjc28j6SwmbqW4pSferDEsNowJLJ5Dq5Lncn3bArQKCywumzghbehs4UFxXfBMg96ditxg7n2pUunoxwaMTJWg

Transfer 1 tokens
  Sender: 4vHtMiuwcboLFPKhUboUJhcDfKgB8i91NzHMShxNN9DN
  Recipient: EQFh6gCBG5E8RfDaUKnVerJYmMDzpYq8rGm62UiX5XkH
  Recipient associated token account: A4z2W2oEsGviwbXiAJ8FgwHBGPAbyHgqgzBayqzBTnTt
  Funding recipient: A4z2W2oEsGviwbXiAJ8FgwHBGPAbyHgqgzBayqzBTnTt (0.00203928 SOL)

Signature: 5SCQ1JcMpFWMr6AKWy7Bd3mdPZrdxhzrHei5tr8hWqQhFCJV5ZoAFiPggo3D5QNeo45ziiQ2nzG7XiEkhaFc5heq

Transfer 1 tokens
  Sender: 6ouGTuEh7uTDmDBhBAavSR9ZbntSRgZ8JEdDRXJaPEMd
  Recipient: 31MnUxA5f5rvvejAs84Q8gakrb7SDMfP6oxFGHPXbfeQ
  Recipient associated token account: 2Lid4RPGYHEE3t1WxzPf61jf9sp5FSmJvWtByaa5pUAR
  Funding recipient: 2Lid4RPGYHEE3t1WxzPf61jf9sp5FSmJvWtByaa5pUAR (0.00203928 SOL)

Signature: 5nkG8bdyHeMxYcp1pFhiWRwwF257v3LFmYUkbxECz9ZyNg5Q3gkNuG59gMFTRp35WFgJc6tvKhSsi7q7rV5tawcg

Transfer 1 tokens
  Sender: 5E3MPhXVvMCrjLEzJXjSiQCDcWEmUL4umuZpoRHPS97u
  Recipient: HFqbempFrTudgpE7mZ2U7jsxfuJcgH9DMprLKLNdPs7B
  Recipient associated token account: EL7hSwHGb6Tnmdr1z5bz9s9BJnTeSoV9zYBUS9Khn1bY
  Funding recipient: EL7hSwHGb6Tnmdr1z5bz9s9BJnTeSoV9zYBUS9Khn1bY (0.00203928 SOL)

Signature: 4GEUMHYR9RrEea5AZVvGnsQN25FqYWrjmJfEiGR81LuZa4gBzVuSkgwtPJ8p87kx7pviDiFY9Fajp78ANaLY7EWX

Transfer 1 tokens
  Sender: 7mobKMK2sTywvFAs1vR2rT93feP82rMychqHAKjrNBr4
  Recipient: 9nF2vqusHupTTNgw3quL4f3jorvPdJ8VBPv3Uw1xt3Mv
  Recipient associated token account: CiakzzCxmGGNHWL1HJ2Sa6645GvfhrrtGXREYRYxWkBY
  Funding recipient: CiakzzCxmGGNHWL1HJ2Sa6645GvfhrrtGXREYRYxWkBY (0.00203928 SOL)

Signature: 4Zkf4CLeZtM1sUDK7sUhxdQ7qeYnWzvHDzZnrUw4Wa696oWhjemqsYCmbsjcWbYjAXk5z8UcMfXHN27zWJaKqTBY

Transfer 1 tokens
  Sender: HjwZ7H9WhURWeKih36zQCMPUNhiigEFVGAFXUaKufAnk
  Recipient: 71qKd4xeTTWqrHMMupugtQmsoRskw7xKfGRxEEg4Qeaq
  Recipient associated token account: 41M56HG24PJ6fFL9Qnf1Rt3thMESTGYyKrev8GJfDAQi
  Funding recipient: 41M56HG24PJ6fFL9Qnf1Rt3thMESTGYyKrev8GJfDAQi (0.00203928 SOL)

Signature: y9ZHfNAUCtXQzrhH9eyx4xTvPz3xvuP7WfW6kySCfqkgU5bUabBRHKs9yX7Bt4PePoMQU1tWYSb3kePLsYQEMBU

Transfer 1 tokens
  Sender: EARFjbwKgeXNxfeFyRY2jVyfsv8FACVmXxnVDnQC5QzX
  Recipient: 6tAbuy5FEAUAyZPdKymeMDExjnoFQQazfrxKqkY6SqNn
  Recipient associated token account: HbqUiuvsiuTRVjiL6RtJuSwrthxtQY44h3xCiQjDcqVW
  Funding recipient: HbqUiuvsiuTRVjiL6RtJuSwrthxtQY44h3xCiQjDcqVW (0.00203928 SOL)

Signature: 3GDgBnpfDFmv8tiogpSdASwPMLWT47a1zhRhwVtv2hvf6BSpBqvPxUMxk2Xvw81Zgd19QitU2LP4nUpJSi8V3A7r

Transfer 1 tokens
  Sender: 9h2PVWWoZ9SjQp1gcb8BKhkpc7bmTZFiR6ChdVCMpa7Y
  Recipient: DWaAVXvNg9NcNUPLCwRbAhc8NVmFzSLPQCFuwkxgp9Tk
  Recipient associated token account: 4n2ruGXj1hRWEjHNggUS69QH3mNU8SQ5Zor34fmCBbhU
  Funding recipient: 4n2ruGXj1hRWEjHNggUS69QH3mNU8SQ5Zor34fmCBbhU (0.00203928 SOL)

Signature: 3e5fkWwPornoZ6VnJuWiNGFwXpbVESpNoeeDRdPFsYywQMtpWSixmddx4rLycGhaeE6eVV8aoyV4PbQWbikYXF2H

Transfer 1 tokens
  Sender: 7brJ2S5UP6t2JxHD7r1MWP2q1yjs7JVQgu7YpiPY7XrJ
  Recipient: EczHAfEajWAwvFQ6t8ns9rqxCr5XQMqqfbZxBBJBZByh
  Recipient associated token account: GeMfD5KwwEP11Gug7U5iAucTXRAPkutwv135h2Bjib9d
  Funding recipient: GeMfD5KwwEP11Gug7U5iAucTXRAPkutwv135h2Bjib9d (0.00203928 SOL)

Signature: 3VmBCNX7jxBbBu1HyChy4X38HDLSpHRGhT8v9ynqq6WHkr3kHScWZML5EsPGt9JhiMmkqTLw6pLeo8uULZatCwBk

Transfer 1 tokens
  Sender: 3N6WCiEXZRH6SKoLGREu8HKCSubRAh1f27dKaYx2uAsm
  Recipient: AkdfJa5NmE1pQt3Ai7DpgDg8kryN5qTZirp6LQcpen6R
  Recipient associated token account: 8QinqRNLx1nSyhsWGXs4HvuwxW6Nakc3x4c7vbuLes72
  Funding recipient: 8QinqRNLx1nSyhsWGXs4HvuwxW6Nakc3x4c7vbuLes72 (0.00203928 SOL)

Signature: 5595tarCeUuU9SrjTd1qdatnZhRvKSMWdLqLmtCEZtdtNEU1zSsk6Y675XgG1ePPT3oRfK2WPVGgCvxKLjKxBXsu

Transfer 1 tokens
  Sender: 5ZekQFFJv5tRhbtnHdN5sZSnE9wJhD1r7ARx3Jf3bX3w
  Recipient: F8iRrHU37EEdvTucGJ5pHTo8V1nGLL8AAxo9duThJFaM
  Recipient associated token account: 6hhtdbaNLv1tM6M8ofXQ68Q9jKSwdB92GoUeuNhG3rZM
  Funding recipient: 6hhtdbaNLv1tM6M8ofXQ68Q9jKSwdB92GoUeuNhG3rZM (0.00203928 SOL)

Signature: 4E6chKgAdETcAuSK8TxGfUjwB91k242HXccAQ1oeSMxcWLhGfynoRRB4x8bHMnzVpZFkZs8aDYKyicHx96mCLBPz

Transfer 1 tokens
  Sender: DmA91mVMUG5AuLVTc7pzsjHKqj3WVmwWFuho7QTrA6Jp
  Recipient: 2WxjzxKrWe7RsEjdGSjoUxYB57SAKFj2h8dTEBBi9CGX
  Recipient associated token account: 28ka3iAeMqyBoNNu94wLp8Qj3a13ctNGrrtD345JvkTT
  Funding recipient: 28ka3iAeMqyBoNNu94wLp8Qj3a13ctNGrrtD345JvkTT (0.00203928 SOL)

Signature: 5wsooRFspcQMqy5w5cH6DZb8vx8gUjeTj5QyKbsDcCUHRGBWCatETuUfJRhr1mEAuQLBR2cHy6DX8QmWSJsjWmS1

Transfer 1 tokens
  Sender: FbJ13yGQi9B6GH8Mtpm14xm87ZSTrpN5Wt2u47QibZgi
  Recipient: 46VjLhoNqGdKSieBVbvsiWn6T6YpoV6Jcpgp2esZ9WDB
  Recipient associated token account: CAjiC45ZL55hYUpmdsEDSWbvCC5dYu5WxCTB7J2LnpY9
  Funding recipient: CAjiC45ZL55hYUpmdsEDSWbvCC5dYu5WxCTB7J2LnpY9 (0.00203928 SOL)

Signature: 1KghF76KWaHkNADz7BTj216w2ZfvCMpyCLkAg2TTxJFN1ZfL1NDQ6emJbwPBVKvA1KXC6XsXCihhrD26kXMdBHe

Transfer 1 tokens
  Sender: HjCGFU9pMrJt6SMEDATkkFCbq3TH4WwUesiU3rcKLEqK
  Recipient: 66oqNbfDhAAzaw8iYc69z8ZtMUHCnixUgrpo9599GtB3
  Recipient associated token account: DetnHogHrqCeHXkh8AgDdZBjUAa3EsYnkfqFfKj9deH3
  Funding recipient: DetnHogHrqCeHXkh8AgDdZBjUAa3EsYnkfqFfKj9deH3 (0.00203928 SOL)

Signature: 4fRpVdEYMtH7DckHa51FvjryMfHYNccBoqwDxQ41uPaF7WCdHy446fwHCrtHJ5JVNoqTzFprT7kRdub1WGvNNfto

Transfer 1 tokens
  Sender: FENVjdWZLBx76gsCkd1QfrBiUyb4w89jv2qzPJcEfvFe
  Recipient: CWiXLx6juMmaq33BPXGJ1k2DPqzfDyCQWoAsUUe83CqP
  Recipient associated token account: UqEurVysb5irWh9Bq35kvew5jzmYTJURwF2kSivgAWB
  Funding recipient: UqEurVysb5irWh9Bq35kvew5jzmYTJURwF2kSivgAWB (0.00203928 SOL)

Signature: 3G412hU4HYTLyAkTZKRyY33mxmFBTYN92mjzWyqq3MUJzf4ZrRK6jrJpAcTuVjWtCSuBuyP3HxyViwmt7F25uNev

Transfer 1 tokens
  Sender: DDKRz1sp3LDvAWdiK7LLq8xR3Jwh4vp4CTjP8vzm9vLP
  Recipient: GFRR2vC8z2sHDgq3ZtDtRpQt89QrSya7x2Mkr3BPepeX
  Recipient associated token account: DA9cnKTvWqENnrio9Z6w5ufAAWn2wKhLPTWHWq8SBWfe
  Funding recipient: DA9cnKTvWqENnrio9Z6w5ufAAWn2wKhLPTWHWq8SBWfe (0.00203928 SOL)

Signature: 5FjF2eBKgyBhsbpvKgpjrYF1kKDGW5CduSGmN6pgf4VEtpYGs4N4hRF247aSdmgH9LrxyB4CDVqSFBXU6HfUTcK5

Transfer 1 tokens
  Sender: F4fAx2XBQggtSx64o9XkRVnCz369aXo7eZnxJfEU1R4R
  Recipient: CcD1xV91Y1hfLqH11nGQXD4SarXgwxwRVT6EdziJK3e6
  Recipient associated token account: G8BXyc3U5V8f3bgyZVSsYjtuLstVse1VYGWEGKYeWmy7
  Funding recipient: G8BXyc3U5V8f3bgyZVSsYjtuLstVse1VYGWEGKYeWmy7 (0.00203928 SOL)

Signature: 3hJVQhGcQ5xYa4ej1EECMK9gh7JGGDgU59ZmgRpA86nuBkT1D77E1Pv6sUELHwkRVnNdvhRU8T8kHNbkX477FX8b

Transfer 1 tokens
  Sender: DCEks3KT1fuMejUEBnFcCBRevZcsT65KXp9mjDmT9FMj
  Recipient: D7bTbVJR3i65R71CRW6XCgrqrYYC74ejVQoyddSEP4fF
  Recipient associated token account: DiRtEUGa4iNiGVW1tB36E1HiHSTg3xkXiL9nq2cN15dw
  Funding recipient: DiRtEUGa4iNiGVW1tB36E1HiHSTg3xkXiL9nq2cN15dw (0.00203928 SOL)

Signature: 5UYD6dQ8NCvmvPRiwDLKXcj3o5ioeHqmde7HcKPA6xwaqo1ZK4GtoR6Eam7nHw1jmqjpMFZf71auUAh7ttXKoZAp

Transfer 1 tokens
  Sender: 6TVH6yWg3tS3vR52AreUyVm72tD2xcobnxTYqZYN1g4K
  Recipient: 7ztcgMJVKQ3PYUcend2CRP9sKA6jcDT39rcUPdETuFNp
  Recipient associated token account: 3Xki3HhnadCnHZWLwi8RoLL4w5jxQP4fHpSZMQztYyw3
  Funding recipient: 3Xki3HhnadCnHZWLwi8RoLL4w5jxQP4fHpSZMQztYyw3 (0.00203928 SOL)

Signature: 4V9pNNjPKXAZBPevyaKZo46EHqRGD5KoRa3HN5yQJZRU4KwtCq9FDa8Loyjf5KKRqBadZLaY7PyLJU2CxrpRi9XD

Transfer 1 tokens
  Sender: Dw7T5WkoNzJM1iKLcKiMan7xGbsrLUw3ckzqk6zw8WKg
  Recipient: ABvxM6di6Bmm4jMsfPNbPzg9pdS8j7sfRada2Fjdr3mP
  Recipient associated token account: 2scVj6E3DpxsyF2E1hEpKSfraGJ4Vd6tW1LF44Wis14V
  Funding recipient: 2scVj6E3DpxsyF2E1hEpKSfraGJ4Vd6tW1LF44Wis14V (0.00203928 SOL)

Signature: rDWvHpHqKH69EznCiHcXQ1csnXNdB46xbLWTDYVw7BUMUsnouwdX4S6kceAF6kb4SWHyY4tAWM17CqyubNXqv86

Transfer 1 tokens
  Sender: 9HDegu9m1pynJZm2kvBjeLuTzocC5Ke1byc1cNkQLDfv
  Recipient: CVAHRzXua8aLUW4VKScJWKCJJuQsc3anfBAwyWgm7JTq
  Recipient associated token account: 923ooPRZLKQL574jBmday5ss5Pk4sbdQJ6iRMRmjFMN1
  Funding recipient: 923ooPRZLKQL574jBmday5ss5Pk4sbdQJ6iRMRmjFMN1 (0.00203928 SOL)

Signature: 5Lp8QTERtYoYvWrpHaxEgdMX7sQ5jPy6z6UNAuQskHqwuQHj4D4U5MZ1oSrbLmqB2F5xKswDzcL6ksask8AhPRfz

Transfer 1 tokens
  Sender: 7dLu9ZWXo4TDSJcmF6GhHAEUUVcuQAU1mrn23qm5SmKJ
  Recipient: 7xrXaKknSCvjnKYk94wKgvGvrWSxK5whAJsxYUuEJ1pu
  Recipient associated token account: 4Yw7egXeTFdH136S6wtrsrXVJzUSgeVx6LzkFboKUeSh
  Funding recipient: 4Yw7egXeTFdH136S6wtrsrXVJzUSgeVx6LzkFboKUeSh (0.00203928 SOL)

Signature: ywEbcS4KtxhyEyZwvKuE7aQjVY5p5qmKWxfCS5ue4tfyeivb5Xfc1o6HDUMyutbSJWpry32uvR2T6EVqbKRwmcz

Transfer 1 tokens
  Sender: 5MkVcuBNM5nFTLUR5WKfnkTQnpKPZhKPvpv7TaYHSS3h
  Recipient: HT5ZpqvFN41su52DeA8nhJJkU3sQnYvnzEethLkwjr7N
Transfer 1 tokens
  Sender: 6wDZdt2CAqC6jzXjqb6MDx5Cfvj9d9JvF2MmJt71zFz7
  Recipient: Cm8cYtgtfyULCzisqUnMg68aqqi12PGZScouQfJRfrG3
Transfer 1 tokens
  Sender: 6xLkBuJnjpY7NMJwmPztVhPc8LnUZpZvStKV6dAXxtke
  Recipient: 9cQepRHEXLZC2F2ncuK9HY6b228dQ7HNCuxZatWZXsNe
Transfer 1 tokens
  Sender: 9TK8kng7qHdWd2HwSHAM1NuPa2QFyjKcLfHWodnEmRh7
  Recipient: Gg1dcDi3gUqt1DhwLKgUWRRdpjgwqVAzKDXiKkCpd2H
Transfer 1 tokens
  Sender: FoakTG6LH6sGAb6ZJCeJo2qUxWpYHLA8fgjv97PkxtGJ
  Recipient: 961La22VGQ67stUvUMWpRhp3dRma8vPvTkySkSspVYiD
Transfer 1 tokens
  Sender: FDdXM45yoGfKb2pxzN1cS7f6Lh1P1LVVnjZnm6MUVbM4
  Recipient: EyNr6gxugnKwsNhfcYKyShBnGvq9776B6rwpjJuYztZK
Transfer 1 tokens
  Sender: EYwQEYHj33Nkerccu4Aw6syfksbWg6knQm9sRjE22nwF
  Recipient: 5AwbrzztsJT3wbgYFNLhyFXvncrMP48z3qBY7QxC3gqb
Transfer 1 tokens
  Sender: 3xBjPAHXwK6L2iA5EAxTXnJovxr8XyyJ71LoHHxaQPcy
  Recipient: FgVYBs7Qag74oSNgFozGH2zCXeWZKyff6KNyQBGVZsF2
Transfer 1 tokens
  Sender: FH49sYRvg1asrzqcgy3m73zbvkuumJh71hm45o9vcw1t
  Recipient: HGd4DCuR5mrrWvZaFZGNUvEdJixKF8D84WKSKWnydMc6
Transfer 1 tokens
  Sender: FtzgaPC5xrpT2pce8yAjwTbYDRxEKH31NaonAcVZHYRa
  Recipient: HQxn6Z8gJXS7EL2zsmnf9eSH6BZyBAfHdb9HeR5fE3FU
Transfer 1 tokens
  Sender: BaPE5agN3LSh39sEDrfKcNtJgi3ezM2qpEU4DpiVttyP
  Recipient: 2PhHTtsY3Lc8bnmfq6QcnezpqcwdKYyvkvXVzjJ75Aw4
Transfer 1 tokens
  Sender: FjeyjAxN5q29x27AC7hJ14YxwKsvLNpS1d723Kq5WKDP
  Recipient: GUD2WPQ64wBbYGcGAXjsSD53S66HoKHjKmgz5kM6V17f
Transfer 1 tokens
  Sender: 8y6aHkh5gAzfgHabrycdBJ9munGzsLHZpfiQVzE6DcQ8
  Recipient: C91QVSPebG5w5SP8Wg97bqfnnNfG6j9QDuTFC5EM25jz
Transfer 1 tokens
  Sender: 3pb9bFYetJuMTs6Hfc7swaF4FPQE7jv5CwiERCHf8VKz
  Recipient: 9hPuosgBdi6RRYx9Y5ffjrPjJEST4aQdJZfMxyuL5Krs
Transfer 1 tokens
  Sender: CRXnmv6ctRaCdS68cZH4pFQnh2yDrRHDtAsSWr4vtu4N
  Recipient: CYVikdfqKK1SmPasR93k1p6CntrmqGW4YcoSYQQ2TeVp
Transfer 1 tokens
  Sender: YjYJrmJgjF2LrV2JSgn7NGAkoqbMbsjZ355dqMpswnS
  Recipient: AEUto3eFWHLAmmVRq3Vo2fmHXwte525jQGG6D7pN4RRd
Transfer 1 tokens
  Sender: AWYiomxHaQQ3AYfKczEE3b3GHupws2EShBdvutyvyc4W
  Recipient: GCbxWPW9Vvk5AjpM1rMGtxHs7mPoUD4rVLmUnSK4A9CA
Transfer 1 tokens
  Sender: 2YHW9hQ7GzYLECEQJh4BgNuB2fxUR57Xy2JSqqnoErAe
  Recipient: 5iDcmVaSaskGaYt28dAhTw5zWUC9UPSqsf9M384ofg55
Transfer 1 tokens
  Sender: BktrqW3YyRaYf2FhMkKK8oMUgwGrfkJ8hj1hdcJeeb7A
  Recipient: 45nb485LKf1pEhsTab34JnbBb3wXnAAP3xh98xdzP8Zc
Transfer 1 tokens
  Sender: 7DGJ82JJfU1xKccgbcShZzyzeAbYnKggmmXPibj7biWG
  Recipient: 3Zwm21VB7SYtYmVn2PnVj8qzzXzfAeoAifSoWNL7XZor
Transfer 1 tokens
  Sender: 2GHmifh6G49YbwnK1iYMTxnQ5tgg9hMPvfoyeHoUUQZ4
  Recipient: AzjB7d1b85syjMDsjo66EY7WSe2M7UBYb45pRFyzMPDS
Transfer 1 tokens
  Sender: 3B2ioUE4xsX13mACUicajdJ1UFJBiYmZyCaS2jz9RLF9
  Recipient: 7PYmMqF6oEzFP4g6avSxUQBkjCVp4FQYjiAso5MNsuz6
Transfer 1 tokens
  Sender: 7P37Kk4z8xJSAygb3HMs8aEQc2jGqRAmmWpUwS3iPhiK
  Recipient: 23XNgo4x5FwiQbN4TV7MZ4ssDgQ398vrpkfD8F3S8KTj
Transfer 1 tokens
  Sender: 5VMCK1M4StM55EGeWEAoAfx7BoC4yWNimg6EM2wz2KVM
  Recipient: CnjNZ8LHDtwyCz7SBWPHCSBPikJ5u7E8TouZD4jtZ6KS
Transfer 1 tokens
  Sender: 7qwcwSy7QjRPJksDVAFnLgKUsR3cFWYQLnSErxnVJFwc
  Recipient: DLbcDo43ey4NxJu8Q5T3jxdBaU8yjU8y57KJt3PVk5Za
Transfer 1 tokens
  Sender: 4vHtMiuwcboLFPKhUboUJhcDfKgB8i91NzHMShxNN9DN
  Recipient: EQFh6gCBG5E8RfDaUKnVerJYmMDzpYq8rGm62UiX5XkH
Transfer 1 tokens
  Sender: 6ouGTuEh7uTDmDBhBAavSR9ZbntSRgZ8JEdDRXJaPEMd
  Recipient: 31MnUxA5f5rvvejAs84Q8gakrb7SDMfP6oxFGHPXbfeQ
Transfer 1 tokens
  Sender: CBTkyyMcKTiKVArHGRa4TQtSHB3WARGsLiS2FWUz1D6h
  Recipient: 2R8xyrEYq1sfgkp3A3jQ7nmW5D1z6Mea7KgHQekHgX97
  Recipient associated token account: VCDzxsJdWyFiyPzL9azqSEWJMKpZaC3Y8o9k2Pi5g8P
  Funding recipient: VCDzxsJdWyFiyPzL9azqSEWJMKpZaC3Y8o9k2Pi5g8P (0.00203928 SOL)

Signature: 3v52zSef5V1oPPWVqiZyXBRUedd5e92gLT3HdgX46wE9LZ12ueY66eYoWokHjD48YfdEjw4kNhBmjD1bQevnCQQi

Transfer 1 tokens
  Sender: 3sSnga5gfF9q6PxmgMY8qR8U48u2oG3Jat2dTAFkkSRV
  Recipient: 14BZE7NViTS7AwNpCT5QZuB3CYPePe2oZzetq4q99gXX
Transfer 1 tokens
  Sender: 5gsWPBzhynud561J1QHydi3yr8JEEM7BD5WAUNNou6Zo
  Recipient: FRgYM8AUf2nMLa1prSwUiX6SmzWQdXywNYERu2cx1y1p
  Recipient associated token account: 9Y2jdNsKfSv6Nj6K4PLMnwuwLheXXxGiaLTmmZfEEqyC
  Funding recipient: 9Y2jdNsKfSv6Nj6K4PLMnwuwLheXXxGiaLTmmZfEEqyC (0.00203928 SOL)

Signature: 5w2BP7SFPLu8tUDVNY6Dcysi6nbaJJgMKaiSinydLhUskvogJ9vm954PnjodgiRzTvjUZPHKS8ZxWA4o6eEtQwX4

Transfer 1 tokens
  Sender: 5E3MPhXVvMCrjLEzJXjSiQCDcWEmUL4umuZpoRHPS97u
  Recipient: HFqbempFrTudgpE7mZ2U7jsxfuJcgH9DMprLKLNdPs7B
Transfer 1 tokens
  Sender: 7mobKMK2sTywvFAs1vR2rT93feP82rMychqHAKjrNBr4
  Recipient: 9nF2vqusHupTTNgw3quL4f3jorvPdJ8VBPv3Uw1xt3Mv
Transfer 1 tokens
  Sender: HjwZ7H9WhURWeKih36zQCMPUNhiigEFVGAFXUaKufAnk
  Recipient: 71qKd4xeTTWqrHMMupugtQmsoRskw7xKfGRxEEg4Qeaq
Transfer 1 tokens
  Sender: EARFjbwKgeXNxfeFyRY2jVyfsv8FACVmXxnVDnQC5QzX
  Recipient: 6tAbuy5FEAUAyZPdKymeMDExjnoFQQazfrxKqkY6SqNn
Transfer 1 tokens
  Sender: 9h2PVWWoZ9SjQp1gcb8BKhkpc7bmTZFiR6ChdVCMpa7Y
  Recipient: DWaAVXvNg9NcNUPLCwRbAhc8NVmFzSLPQCFuwkxgp9Tk
Transfer 1 tokens
  Sender: 7brJ2S5UP6t2JxHD7r1MWP2q1yjs7JVQgu7YpiPY7XrJ
  Recipient: EczHAfEajWAwvFQ6t8ns9rqxCr5XQMqqfbZxBBJBZByh
Transfer 1 tokens
  Sender: 3N6WCiEXZRH6SKoLGREu8HKCSubRAh1f27dKaYx2uAsm
  Recipient: AkdfJa5NmE1pQt3Ai7DpgDg8kryN5qTZirp6LQcpen6R
Transfer 1 tokens
  Sender: 5ZekQFFJv5tRhbtnHdN5sZSnE9wJhD1r7ARx3Jf3bX3w
  Recipient: F8iRrHU37EEdvTucGJ5pHTo8V1nGLL8AAxo9duThJFaM
Transfer 1 tokens
  Sender: 5cpDr5xtPAcSW2fhZaTJbDgbW3i322Ko1bzxNmBh7ooM
  Recipient: 5Cz7GSRKnuFDaXRHeNJpHC77aqU9BY97eXNBBCVhckLZ
  Recipient associated token account: 2vL5sZLLsVVoQRu9SiTALNUqQVbYzdsM84ZGrAUFbXkU
  Funding recipient: 2vL5sZLLsVVoQRu9SiTALNUqQVbYzdsM84ZGrAUFbXkU (0.00203928 SOL)

Signature: 5zm3qYMM89CeR1CxktGdoWLUoBFKnUj33WGiYLgJ2XnDoojstSE6G2xugvAfDhgxQ3pnzycTdvmgBYyhJsJkYzXA

Transfer 1 tokens
  Sender: DmA91mVMUG5AuLVTc7pzsjHKqj3WVmwWFuho7QTrA6Jp
  Recipient: 2WxjzxKrWe7RsEjdGSjoUxYB57SAKFj2h8dTEBBi9CGX
Transfer 1 tokens
  Sender: FbJ13yGQi9B6GH8Mtpm14xm87ZSTrpN5Wt2u47QibZgi
  Recipient: 46VjLhoNqGdKSieBVbvsiWn6T6YpoV6Jcpgp2esZ9WDB
Transfer 1 tokens
  Sender: HjCGFU9pMrJt6SMEDATkkFCbq3TH4WwUesiU3rcKLEqK
  Recipient: 66oqNbfDhAAzaw8iYc69z8ZtMUHCnixUgrpo9599GtB3
Transfer 1 tokens
  Sender: FENVjdWZLBx76gsCkd1QfrBiUyb4w89jv2qzPJcEfvFe
  Recipient: CWiXLx6juMmaq33BPXGJ1k2DPqzfDyCQWoAsUUe83CqP
Transfer 1 tokens
  Sender: DDKRz1sp3LDvAWdiK7LLq8xR3Jwh4vp4CTjP8vzm9vLP
  Recipient: GFRR2vC8z2sHDgq3ZtDtRpQt89QrSya7x2Mkr3BPepeX
Transfer 1 tokens
  Sender: F4fAx2XBQggtSx64o9XkRVnCz369aXo7eZnxJfEU1R4R
  Recipient: CcD1xV91Y1hfLqH11nGQXD4SarXgwxwRVT6EdziJK3e6
Transfer 1 tokens
  Sender: DCEks3KT1fuMejUEBnFcCBRevZcsT65KXp9mjDmT9FMj
  Recipient: D7bTbVJR3i65R71CRW6XCgrqrYYC74ejVQoyddSEP4fF
Transfer 1 tokens
  Sender: 6TVH6yWg3tS3vR52AreUyVm72tD2xcobnxTYqZYN1g4K
  Recipient: 7ztcgMJVKQ3PYUcend2CRP9sKA6jcDT39rcUPdETuFNp
Transfer 1 tokens
  Sender: Dw7T5WkoNzJM1iKLcKiMan7xGbsrLUw3ckzqk6zw8WKg
  Recipient: ABvxM6di6Bmm4jMsfPNbPzg9pdS8j7sfRada2Fjdr3mP
Transfer 1 tokens
  Sender: 9HDegu9m1pynJZm2kvBjeLuTzocC5Ke1byc1cNkQLDfv
  Recipient: CVAHRzXua8aLUW4VKScJWKCJJuQsc3anfBAwyWgm7JTq
Transfer 1 tokens
  Sender: 7dLu9ZWXo4TDSJcmF6GhHAEUUVcuQAU1mrn23qm5SmKJ
  Recipient: 7xrXaKknSCvjnKYk94wKgvGvrWSxK5whAJsxYUuEJ1pu
