DszF1XiRup2Ns62Dx8qAa6fT1MsBzS9CDEUpsJBAriFj
DN1Ka6ibCWkjFcVyc3mWjt8UboAcMuHwdJaAUew86xfY
GyXrhR2YkLsVC97JGxtCSUjWhsoXtavJXar12xjkP54
Fneo7ryxqm5Yj8CxZwr5Nqm26o5y6wyYCB6uekNrsX1Q
9HR4awPNixh68gbaATrv5NU8bxBHhr31bBspZNLhEwX9
BoHn8HFXFdmYuoRuZdELE94RVobTQzK21fBaC2kefVRb
2fUq7XqpGikkJdaknaRk1HaAai5Qoi2Xbr1ZpKLSSyeD
FnSvmSBmgcYzdgEyYHYVppgeXX6tKd8WNuFf8rKJNZhf
B5bUFit6gicYShGHM1JEtrxFyxJoiMswK1wHiT7rbt7u
2rv42LjYn1pPXe4r2A5zSjYU6oS3TVyJBWwPsYdsFhnX
t8EWfmnyqGJpKoBt6fL8WvdyZS23Kbha3N4XorkPUUw
C3xQRjk63fLunJBJCxAmVtrfjMRXxyZVg3UM7CPNAY4G
Bq6munqp8gLEbJp178GfM2u29Es4ohUdoXiCKinL5npj
i1U1WLjZazLkrRBUZ1YnyAxhTDwJggJc9nWsPHdw3Tm
4Vn5B7AtA7J8UiYTymtpsgasuysSvwehzY1iL1xdYsBm
3TeeHkDBvhpT6AmktbD5d6LruND78wnwgs9R3gFrViD9
41eFCM1xn8HguRmeB2JPHmdwCYDGjmN3mNwZWWYPFg5r
JC3Vg1WG8QVtYB4xLk3x4mHy4vadzS2jdst4JfDmifgT
E2XxbtBPb6cUgwP8kusX4QL52x2Jz4kJ9MLwQXwfeKSp
7eBgVnHFTkigh5eq4BSunEEQNYa3YGVtmeQYrpHTBHgY
AVZ6NGuZ1LyrcJ7oQNhH7DdwgAEFzxexGdiXy24teQEU
2yp14QqrwSSZZT5vVdhd9efyE4NnQkawakeXqRHnuCX9
4NyjopCgScEpsJrwGT5ZSRsecsa4QFfPA47uAjK5AvL2
7V48Z746CkgUxuGEizavx9ABwzLUr2bbY4mXUEKctq5Q
5dzBTGvsn43YEp8Wup2QK1SESkknqWdnkJsJocYSDmE8
33pxK9g9aoERPb6AHG3uNQekVmCUxeH6E4W8swwnBNXA
Caecz7cWZXzFhjDtopxR429zKDY35cytJBSU7LyWpMPW
4RK6Rs5CRrkHbRe9VvwG3R6dEHeZxXYr3DvgHeP5U2gD
FwToe7XUm9KnCTNLQ4BaZnijc7uVrnkA1mmi3JTUQp3x
9NQo6vKvmZdwMPmnDJgtyJ3DiwmVg47JUmGBx9oV93bY
2jZSkuy2CE1noKtu4tcBDdJsQNWTNbGw9zSbN8PTKbWy
DciR12kLD7inAdgsvZ7XJ9ZEftCVvbtuu9fsDxMVDjJ6
BrKgAzDpzeczm6EycMySRdCvemAiPvFZUzErm6rF1H6Q
2sEvtQ8moheVedFGbbnTdmHwbDW1cAzqdXhXdt5JZC8L
8W39yz5Pc49rKF96SRx1xcGtfZicVp7onjLQgPQVgRGp
5tvL72HGcMe1xU9GkHKgtGnrSrTAiamg97pPeL5DVoCE
3JHPEsM323owMKzSCDzNxkEvg254Y6ouT4PTi9iggRZn
AzDcZ7VM33rPNiK62uCCxSUgPqCrFn6nTCgqdHFrwodv
9wG6oeFsZn1jkmHFbGEU1GrHQkDkaafCZ8awpgyyDEYn
49yUs2AXeod6RaSMTHoBzFfUSEJNUDDhr9VJ8k7AgP8m
Ad4FEVJNMipebNYcF9VjmKT4SW6amVD2gS7ZSbqa6nzN
6phqvKeQBNUjpQUjP9ZqLRX1rJ5cL8w4Zj5WBDYwyaTM
BLjczNFQ6RUMAJnAfcRvJWreecfLmU9C6jSJWdwvTGe
FwpvyBgJo5ZVfSZsLf5PgjraXovDP5Ym4njzzuG638Cx
5ayAtNbQqTA65x241b8SjjybiZvCNLkTd19iZmVgAMG9
9ra5umrakCo5gK1tK212yLAmyq4B3uUitd6sgMofgcUW
5Cn3NuM22abwsFGz4BwHKL9Phzpm625mBAiwo5L5H97V
Am4juTn7ndBcgX6H7tWSFeyiu7TTrNomMkEMaiu2wKQm
3xje8iTd4YHfXReV2Sw9t3xpfq2HpKVLwRRHvVe2E5Hi
756k8HReajPZFC9cSW3T4J2uNZJu1VgGrAuX3Y8Lo94m
