ANa8iWHMUpAsoR2V1EgWD7qvxCJ4oJJQL2jz7vimWT45
F54ZGuxyb2gA7vRjzWKLWEMQqCfJxDY1whtqtjdq4CJ
BEivYChNwzFedVVfPqYk5me8gYX8ae3m4HKrM1zaYYPs
38YhZS5jzkEBNZVEnPUHi2hr6YFaotZJZSUQf1emFUY6
51oET2dy4vCmZ1JMGYR9hbsvsLng1vcLD6z2AZp1uq1j
2xAviNTmLU42Ni8B5Ae2vhs4Yy9X2nJ35AnEDzZgL9cB
51oET2dy4vCmZ1JMGYR9hbsvsLng1vcLD6z2AZp1uq1j
B1ZV1ac6QYX6AAbKBnezBH4CaHzX5g4XwkzofNS4kXvv
6Aa81K2N1ioXFSXcGrQ4WvogXNZtrkiqokwzoB3Pu1on
GsmrTBoALiurqDsxcMurQK9EN7pDbi2JewoDhJYH6Wxh
GyxrUNS4mSG2fwQ1rbCVRs88yuPW7jbANN2CGujxXpJ8
AgPhAsvcwPfT8bcAQxfyvymHdS9enkCzHDZP67ihS5YM
74ecjMfRg6EUV2t973oU1VeueQ2JTXLhXhZcPXFVtYM4
7P4Bb1pCMuYNveYhg2j445cmTRCEGp2eAAtBQUv7Jz89
BU9GQbSnXQcF59sm5VW5vM4QP138cM6s2vV4p4HhrDjY
CDLQdm5Y6N9z75vEBv9Tyhguic9gFhJUV7nB3jnJNxAm
97xAKp8FjyXkiYqTtYWN9ArD7KxTevzaCAo7VCcwLAsK
3eucHmLaRJzL3d3rzYx94KvxcVhR4ESLo9R9hhb5Snbo
47ZJRamq2rvTVxcFQFs2499ixJcmSXCKgb5FRnifYNsK
4NtDfNisGfAYqzXJih2hv4vqKwAd1jhmRZNceLFUzstR
5wpT5MyF9jTHYWWtXrhot1XcCr3RAAQbwLeKnDTBZHYL
3ozNeQ4Sq976Fnvsu5rcNZ998QPgutXByw4NhSQPmWXE
BypNYeq4PeqC3SDfb2xLei5ah4UzztL6JTvesC2DywKm
AEUto3eFWHLAmmVRq3Vo2fmHXwte525jQGG6D7pN4RRd
8kX16Yj2WBCz1sPXcimafGrutQkw3s3Swe9sR3gt3cC2
BQ6W2opUUbyd3mVpTX1NRgFWgqBxyt3FSLfSR6TXQRug
AEUto3eFWHLAmmVRq3Vo2fmHXwte525jQGG6D7pN4RRd
9G55UgNaaw7CQvnYQ2UTXLWxvQr7xsZh9AV3sUW2c2XQ
9Vt6ZsW7PCQW4LPkf1YoJ88oVbZYBnT1KjWS4WhX8yQJ
4vXf5y9XD7KZiGaQCwGV4DWTTMKeoUU5PbdMNECv6RAw
GzA6YFoHTSQZEfmRkjQHTHLgxDZMdsrjyaZq8BbSP6XT
B93j9KnNLoLMBSQf4S3BMdyseRdGoZJZq8Ysoz8Bpwqw
8zfdGUKpemtzs2Ypb8reoN3A43o1ZkbwFCBNzpUeFeUo
B5wGRziAmbZ6NMGwatX7s3rp9tWzDL3fEJojQwh1JREe
DJjXBs9yMzEYGmCNwarkqV7EHu2SSsLGFG12kVzqqHT9
AkdfJa5NmE1pQt3Ai7DpgDg8kryN5qTZirp6LQcpen6R
DLbcDo43ey4NxJu8Q5T3jxdBaU8yjU8y57KJt3PVk5Za
7GetnmM4kAtyjT2aumAcPsHcJs2hfNmMQWoAW9NqpAZt
ANku3SWp9vX8bHfQEKnjnw29t5HGkxA4fMXxzcERQDgu
FjD9nUmzPPktL25Eax5CKrxyknMyFxaC8oTRgb7RvJbb
7P4Bb1pCMuYNveYhg2j445cmTRCEGp2eAAtBQUv7Jz89
46Eatxgjy3xK8osMjVWmeWerNWVoeN4hoCB273oS4Ubt
Cm8cYtgtfyULCzisqUnMg68aqqi12PGZScouQfJRfrG3
CLLcegefmgHQiPyVwuCpLM5TuxRirxYgCYCG94q81RXM
H4SuYk1s9DcnvNdkvdNYuezVRUAWDaYg2HJUoPwMSos1
AgPhAsvcwPfT8bcAQxfyvymHdS9enkCzHDZP67ihS5YM
5d95ZghUcfxxnom9WJL6yJMQ43EZ3BWTts4WsQmZssJF
FgGQYiDHFGvt3HoQjfXhXBtE5SrtVLQCsTqUQnCufeRk
7Utjn9SDMwnHV56hqvi9TwoEPTvPG839oBLQxuMwVZdX
FxC6gixguqfSM9bY32aGkoXxBW9Z3bfbH19T8Ydykmj9
4iuz6Sieqaf2snAUqt7UUAGzc7FwYZSxV5PUzsKVuCt4
Evt92DJQS2a7UNRJp75J6dFB2WkiZ2nPHHsLMXrDs8jr
BVFTQzEas8kMPkcugksaTTuLnQJ8ESxtLryk4ngdyvjU
BR9LRFZtgF5q3aodQBsXxY6QeQPyCQJQ4fYuz58fa9A6
BTgvyWkuRABn2LY34YAt31JLnnBCRv8WyUAtcr7zLmD
4WZB4ngHRK7taJmroiKRFTBAwhGj1HZeb8ywiVaUsHpP
8ZCLGsEVrqReMp2TZMd48aYxGTGkbKZXfJC2EK8HyiF3
HUCKGLrHmXngZeqY41s2WKnM3DSgJeE3woRd59iMZg7x
8zfdGUKpemtzs2Ypb8reoN3A43o1ZkbwFCBNzpUeFeUo
GwAn7deEKHk7KoMjDB8EYARt4Q7T94cEehFVeUMXFG5A
2mSEEsrV1sQ82J1PztWQJ66GJzy5NeSDuFBozNeBqAqp
DThVgcuc2FeyETgBnqXHPcfmKJ22SV1FmCU8uGW2QfUL
ENWYHiDjQHtyGXtGKRE2xRL7xCot6HoAFRiZsYghLRHJ
51oET2dy4vCmZ1JMGYR9hbsvsLng1vcLD6z2AZp1uq1j
8A3KSxmVE1rx82odQDeLqg7S3HN9asrAT7c1uBWW5Jbz
7ZpuSrxBsMVQ8z4GPdTvzsVvaT1qEw5yhRgh8fHKdDqP
EZsxgTx6JXqZS34sDynrFkKD1Q64Eve7AW8FjawFfovV
32ZJNMMve28xknkYjZUvUJ4s6P7YMvE3FdwGzJFLS3CC
GDPiX2yUZxepuvDVKfxYrN4mngqvE1zr4NG4CFj8YakH
51oET2dy4vCmZ1JMGYR9hbsvsLng1vcLD6z2AZp1uq1j
FrLB8AfjaWgjqgkhDxkgLkso2jkXBAXToBgCWhfc3Aeo
AgPhAsvcwPfT8bcAQxfyvymHdS9enkCzHDZP67ihS5YM
73tF8uN3BwVzUzwETv59WNAafuEBct2zTgYbYXLggQiU
Bw1hYhphtLhxBbAaWt1MKZGdQi8EczD8xL9M2PDsDSY6
9CeQYRt1eK15SUAv8AE6XPhh1ijhBF1dyPdGQGAiCfMx
32QmPoB6BoGHCAKLMyLv9hHJLiGqfi13oDPw1szudMBo
7za12ggaog2SjLpmnqsynvH4bMqgx3SaV78Mw6gYDNs5
51oET2dy4vCmZ1JMGYR9hbsvsLng1vcLD6z2AZp1uq1j
EPhWVVFfyu2UbmowFUqqg7Htq2dt8rRjvDhq7mSLmKq1
9wZREKu6Rriq8zjo3Tr3Vdx7Kq6YHvw3rcJAPPFSw3xC
EJoF2v7Kph54WBqAoGH6j68DbFcYvoU2qEmJGJS3Twfr
3XedJQbHQtRjYenK41xK72BWpmn622Mpka9EzEVCmKmA
8LzZbttr2vr2sD9P3ResFfzcdzr6AtWySLQUBatcTTFh
5JJXuC1YzZ1BA3Sn45whVh3b28LTnXuUM1RfuLnj53sW
96cLzjzHm74NfgybTci9tC5r3KWnpj7ZzZXiUCT1xfr4
8pgG3rx8FoQrk3wYdpL7vDzZR6iEF8WqmPAwP8xS1TNu
45nb485LKf1pEhsTab34JnbBb3wXnAAP3xh98xdzP8Zc
2KcCvxiKiWTu9XXLMSRnNqCgvZaLfYLx4aiecPJHqjrb
C8aLbQZv86ZyBePF945Ei3aRD2biTo1W8HjAAgc9Nyqq
Cf4pZaok9wdfp8qTT3RiQZvJE5t638oeQPVekwEJyYrX
6niQWU7nuW33ktYiiXjicAouaYYiwTZcgge3u5mZUtsc
39YD5rZrsz8mSdtyVCfwaG2cAh5Amq4wDAgqZEtgXLRj
8gK8TtK2r2wp6JMokcvf6gwpDXFg6ipdfkunc9ebyUMK
EADTDauS15A4wdoH74pLMmBT7rbfCUDpjRt2MiKL69RG
2tn4ToRyMT8Mnh29AHcrixZr8GmDBUjBcSqpYdEuWoAU
CE5u7QiCyiUAPk3dgT7YwySCGEcTbqx1t8iZwj3CaVEd
Pw2SKosuxxarpr2JxPXcjgdnLs6aUDg2UpJwbbSvzRD
51oET2dy4vCmZ1JMGYR9hbsvsLng1vcLD6z2AZp1uq1j
68qZUb4UviBobRWxaMJQPjGzEpVkb6xuY5k3YMfU5zCN
E6cf5us72RkxYu8hSUX1GNb1smNVAJhtDd1Gyafzb6Bc
79hVK4VNqaLiEeC7WQfVPZ9ni9y8aCvV9dgtsx6g3bsf
CgcU64egDxkkoYvVZYeEGQvt2Qgdkucd8MRSiTcXnHyR
51oET2dy4vCmZ1JMGYR9hbsvsLng1vcLD6z2AZp1uq1j
EkrPmifHXbGk7PLeReSgGieStGYrU1KJQudkdvVkFgFD
9dMHa6iyemuhUTJ2EaDA9jF1xbk9iJMGx8caWAZVkMDk
4cKqqwoADnQVUAapaq1CrCwpBwbvCSohZPzB8aHooJjk
6ofXwU1s3Ma4ZcvLG29UD6mm1auDV5jumMzRnY1FdFVE
FiXhaZfHmG67iT6CJYmsFT418JrfVKbe72LwhE1siV6M
79yiyZvaXkXbhoqbPGYgKx9eYik8RhTnKYmLMbG9QSLb
ENsWpC7ro1iWg7hUSuzDWovZiicVAoURX3fstsmPQpjQ
BZyXTaB18G1PGgrAsjLzdKMbm5PFPmYAKiJhNErxGpWz
Hew6XJcEjQAx2Pi4GWogr68dmbST24g9xtumKBqvhkdL
AgPhAsvcwPfT8bcAQxfyvymHdS9enkCzHDZP67ihS5YM
FryJS4Ynb1kAMfZ3U2xBiajSkkWiaxo9fWULZxzgQ5P6
7qAnBYVvN7ZPfG6nFAd3voz2BfqbFfEHUtwKg4NmDFzb
FaJyyFuhWWngjU31Px8z1h1hnowj3hXCDnvFXuLfVtGU
CYVikdfqKK1SmPasR93k1p6CntrmqGW4YcoSYQQ2TeVp
DdpAaorJnTmfCWcrNwwHVJcB8wcWw5i7QUBGr7ESCvWv
3eucHmLaRJzL3d3rzYx94KvxcVhR4ESLo9R9hhb5Snbo
SKULLV13rVNhZadHCZA2SMRafy6fYRvB6weKEQj3JYY
jBzCxxUsJn7NGz3DiUWckVrksw58vkDjTUEu2hQboZ8
BtHKvqrVTqWb9MYvZ4GsMsg4mc5PhgaYFVdZnCwQDh8X
J63PQ61AFhZXeupw9j5GYY1aEuR3R6BnAbtfqqAX6DQw
HnRNUz9WQNXhUKre9D88TySoMbwvbGtSsqGsmqgh55ri
GzjpZ3LMWMMcvuAHUWT6tPnaHBVNpYQL6AufGqHmGndW
FvGhGwPURLfFzBDVX18Y3Ua49DgYkBYSk6QviotVAsNZ
51oET2dy4vCmZ1JMGYR9hbsvsLng1vcLD6z2AZp1uq1j
EfcXioTTCSHTxhgib2e7qLg2bFJ8E61JhaSjDjMcij59
AaDY1h9B6FqL4J1PsAGCpBZhxoSKeHnUi44Xgg882Rte
Cj3hddF9BiUu3nKRkSqgtLK4HNPF1wELU4UqhiLtgLL2
8BcsHDYn8ZzC6cm5yeZYup4psDpvpZp36attjgY5oheP
Fzo37iUDzeZES24cL1rRuCyP7V9xxseYbgFSqk4FotPX
DZzNJpg1efrF2DPuv5AZnLZLq744pGm7PeFEEEvRPaUx
51oET2dy4vCmZ1JMGYR9hbsvsLng1vcLD6z2AZp1uq1j
5xuCrqwAh1Tu5MsXLXtpnX6QAYuZ2J5raPJamudv4Nxe
vqk4rNkuaHbPHqCEf58R1na7QR7VFsZeYVqwxATJpRx
EZsxgTx6JXqZS34sDynrFkKD1Q64Eve7AW8FjawFfovV
8Ruyea8jg1fR9oDZbeThhiHH8q2Wuz7vqeMbcoAyWZ9J
EZsxgTx6JXqZS34sDynrFkKD1Q64Eve7AW8FjawFfovV
6DDDdpRbYX4PnsHfc3jeepMib3K5bKTG3FMGBmKJnZDn
Hew6XJcEjQAx2Pi4GWogr68dmbST24g9xtumKBqvhkdL
G4yn6VjDQoRRgqKVt1fp2uei3rFHWWKA5JwWPMM4eCgT
Fqc8dHCpquSXrNq5HvAej4fgerR4reAPqtdeVQpgcgSm
781GzKc6aZPcheyEhmeziGWNgJBhePtVnsRsSCvrvWTC
b3EeBpVifZ4Lxb1qKe4c4ptBTc4yt8KPo2AQwhyDLjw
7RZeCmRg2a2EVF6o8EZq9p5FSD4ZJQaziJQNw22GxD1Y
EiThKFhpnUSwA8uBpHePQNH9acpXny2Vv7eJmDEMqXoZ
Ds71T9MhUu4DB3DPM2YigYtiTqTPD75DnevgoBfgQQUY
BVFTQzEas8kMPkcugksaTTuLnQJ8ESxtLryk4ngdyvjU
B8unY3f1mc2T8CoSFsdmo13Stj4sXZYTxLtQwH2DwyvZ
55jkhMXpXqjnWu2vuVS4YPPEnCiKcQdEKZKso8TDNS8s
gRhSLgTB5VJdqishdd6xxvZmxqJXmTxG4UPeTG3PsB4
2n5PbADyQXeCMztD5wnZjF3Nn2w8PmCmqSQ68TT6Q6KX
2vDzpACjSmfT2mCY8MN4CcWzTjokvpDsZghSVVLLBKko
AVK7u6hGJog1YchsKxJNUWcXGSxxijHnYaj2J3vdM55f
6dm86x4LHSBLR9WLUkjUHP27A5uJRwgp5Z5bVVCWeM9K
EkrPmifHXbGk7PLeReSgGieStGYrU1KJQudkdvVkFgFD
6yF6NdzDRZ7ZoULP65Y5Grhefo1qpD447ZeQfMbbpEia
4cKqqwoADnQVUAapaq1CrCwpBwbvCSohZPzB8aHooJjk
DhJ9d4rBJ4VF3ZFGkk19JieZB9Gzn4jnYL1EqLHc7FVL
D19N9udTVk5VujnBcmki6DTQMnRJCcZYs6yB5w3zk9HS
7P4Bb1pCMuYNveYhg2j445cmTRCEGp2eAAtBQUv7Jz89
aXTnmXW3mCccu7SSPjK7XE8kqh9Tjnpp9F1iEuvG6nx
skU11A6Br8HjAWgwFScGgsqzSyG7qQir4AinHa94pRf
Cf4pZaok9wdfp8qTT3RiQZvJE5t638oeQPVekwEJyYrX
DWaAVXvNg9NcNUPLCwRbAhc8NVmFzSLPQCFuwkxgp9Tk
2QpWokgNmq9UdseJEenS7WQ4bdZhnrQiLpYkoktqLdmP
8M97uP2WxHgg7q8EWYcYPF7xCNtPD9R6sYHfERzWaPBD
7QycDRDkkHxLXjr7fvu2YnyAfbNc9MfaqA3NGQLWZ4s2
6v8xQJ15Qr7jxbKGadYkejKC4QQ4ngaKLiyJreb6FLiC
CeXyRqzXX8vEcBYY2pXfWtiiQAPj9rFVJWdV3ZWemkb2
51oET2dy4vCmZ1JMGYR9hbsvsLng1vcLD6z2AZp1uq1j
HJM2Wg9cVyukVRXFVWZu1rMYSYM3cgmha42DtJSmDV1K
5APYGu68KeoBrCV9kAvH19Pt4YmjJTjdehd29YPgZ83u
ET5ZMgpvAojs47caKgUY33k3KfSvV4VrgHmB1ZsTjond
GzjpZ3LMWMMcvuAHUWT6tPnaHBVNpYQL6AufGqHmGndW
qSbfqvHkYyxKmhNit2DFT1pveKQAhZDPeAud2KDFRVK
GsmrTBoALiurqDsxcMurQK9EN7pDbi2JewoDhJYH6Wxh
Gqd6bnEu3XJGtKfj4HX6SoXsyU1GP7HqgxMWyVDP36cn
o2Aug6JB1RDFk7yYsf8QCjpWo2WzgwFkM115gtSJU8r
88BZsUYzV1sg1KFsEH4vEyMTNifgo6MGGbUxiS7ci9Q8
33HAVVmo6MWGatz1c8xBdJ5ousatqAMWL53EDJnEWJAx
9dFNNcoMyzAJwFBz9mX7MHSbiSqSX69XZ4wNPP8FdUQJ
51oET2dy4vCmZ1JMGYR9hbsvsLng1vcLD6z2AZp1uq1j
Cm8cYtgtfyULCzisqUnMg68aqqi12PGZScouQfJRfrG3
FSVxZGe2J6Kr92xdQYpP74dxd4uT5Yhbq6s7SPxJF31d
DWaAVXvNg9NcNUPLCwRbAhc8NVmFzSLPQCFuwkxgp9Tk
EZsxgTx6JXqZS34sDynrFkKD1Q64Eve7AW8FjawFfovV
BSJrzadoQ2gqLwwHbGjDrU9WcKCxFVvbmnPcTHn8TNLQ
EE6ferhX2jvdHpVRnCMhidFnsjaf8SzaiY5sRW3CT7D7
4DdRYAD84KyT7tMhfXxTWqKW1Mou75BuNFBj2i4oHvDi
8DUt4hCibfHYGx51R3AJiKevfay7iZCsSemU4NQo86en
skynetDj29GH6o6bAqoixCpDuYtWqi1rm8ZNx1hB3vq
94hRJF6hswGrARm5pBqgvHskondACmfWHEdMPuafoL8M
4ef6znVLL9m8QKrzQXhEUc5cY6KKHxNVjugHFFHdhBR6
HzrMJkkN5jvD98focyivbjasDmPwPY3AkuB9aG1uAzbH
33apeLJZtc7FvMqWoLU3yWupJCN6ijGkKUD2gUmjhxe9
BF8twL1MmqiVRytBcgvYoYbiaMrHMpyKjsHfUvCZRYUX
3QTRD2FfM2niZmZH1SxS6iJCRFY84DTq599gzengTtxQ
kH6pLY89S87HmX48h8wdu5WR1uQXY2GBzgA2r751F1G
4eYMboemLtNmqw5PuG8TxFVZUxN8crFJZVjrRJCz89GX
6bTZp4F7Fx4ggbNQqMpXiCYL5usFNkLqRHkkD8ZFmrr2
WvPUKMveJ5ED5VxzEq5N32hnP2XoUAbrCGCLYzsLYqP
BTqTymCi5fqFhRrpyKXxxXibJ9CKPMuRqkoGn5myQDMy
BNifNMJ7j9WuCvwZVTW1vLvAtg7NWm2FGtjw6J1C3wSJ
HqFVRHyUnEMyhcBjY44TzkPc9uPzc4gZDt9GNhwLkELW
3z1HoBSLBeWt5eTUVFx3bFdoFmzgmUmhiwCBE22Pmten
7o4NoA1g1asZzi8D4fRPjVuDR6YkKGhLRwVbEFfmRWX7
51oET2dy4vCmZ1JMGYR9hbsvsLng1vcLD6z2AZp1uq1j
8AP3sZ8uF1vbzvhXNf5T17uc39Ni6icAgzvrHgvcRKNA
8nwBL8Mbyd8EeUUSwX2MzmmyBL63bDnjncZWAmddXh28
EzHg1R6DHyd4Sge7Vw38w752GX7JFRtAwzLrwZyYWAMY
H5WxquTYLw5hEVcGZs16oFaT69ShkFCKe7TXpbn9kADm
FPGd7zePHejSeR69bDQHnCeHeaYrRgmA7UeU3epTjKUX
E8pAWPsMpvuvxU6pqJqrq7yip7n6VgzpAcpdqbzcV8Nw
5Y8CCGy8hJHyqVqmH45HvRhprmvr32SWt38h9MfpRpso
ECrKYoEUCm9WDQHGWbdRgGPeRWVCZcNWEjMu64LT3CSe
tG8zdcKN1TQhbpTXbDa4pwTxgsx6cgEKbz1PrsmdN7h
9MSygCP2RKyYEK4xdCtASEGgnfuJYgcg48khe7oQuxfW
S3MsrJCCyXA8syCsDCgVGZUdWAJ4wGrzJ467ooaVDmj
4pusNCEThDajgBSa1RefNdFPYgj5epqCT7pmF2ymHFk6
7rQNp7Gs3634YqHmtxoWkYkNWuMeYf9W9cqkJ8nwmUM7
2PhHTtsY3Lc8bnmfq6QcnezpqcwdKYyvkvXVzjJ75Aw4
5ssu1FQCAxLQZUbSnFXAuPn2eDaZBTWkc5QBChh2yxAa
BaxKBFaSDvv2xRsWQdbuUrwJXP1S7dgHE9BBu4HjDTc6
ZxxZVFjpJbXgcavsPprNDoFS7UvV3qCh3UmZdovLYMF
9qeMme97AiZqzwiJ8tEVC3FkuM1dVNNEmxCpNWG512dE
B2xHAEupwfcGLvmrJZmrsAFdC4qoQRpoExjn9uZbDZyH
8fYbjVT745fkPJStJvpReCLzmKnwP4J7sVsad8cs3h3Z
DrKyjHhsfqJGhqWCkyt4jajoUv9cpWWZmepJN2z4u3Pi
7gXRnhYYPAiUbYCehz44qhtP5cEsC7X5kj7xCW5o8zQu
2n5PbADyQXeCMztD5wnZjF3Nn2w8PmCmqSQ68TT6Q6KX
3eucHmLaRJzL3d3rzYx94KvxcVhR4ESLo9R9hhb5Snbo
EG64BPWCM9rgbqoB4Sn8KZh3jnKmjA3CfpxBDmduUeCt
AgPhAsvcwPfT8bcAQxfyvymHdS9enkCzHDZP67ihS5YM
C6WmdDdWMA2LK6Xw47QKufq6ze5pEsEc35vSpU6wWcyv
A6nUKymwbvEprYzpQeVhBmjCnxC8dzXyStZUk7SoFX5S
rMjHEPkW7J1PF6Vu1ztdvRofKNWaP3yoSAXbkNdY6ML
JA8yXQ5ZuRfATTrCatJoehaMZjR6f6QnPgtY415Vs2vt
FengiWQSYF13nh4SCEb4A6tkNDYALF5zwkvh1zAYWXet
VbYkvpozAUngofL2zjKowimvU9QAcAsmLk1UqntuHBk
bae93fAqQRbzRBwLnC5ZeDt3j5uX23nD62B3pwvpgXB
AgPhAsvcwPfT8bcAQxfyvymHdS9enkCzHDZP67ihS5YM
GP5wZ1hEfpD9TxhZzPGQVWSS6VVBaGY7J6dt8KeQuPxv
BVFTQzEas8kMPkcugksaTTuLnQJ8ESxtLryk4ngdyvjU
E6BdoEi3My25cnxbW39kHPq1Wo1pnqU3GX6QQP57XajV
hvabitdQRrBVoukkDJbEob9JNBQeGb5UViJyH3xhgYS
EWC6ESChdBqExhp96XPMLXR65pXP6Ftuh1pPAVws4pmk
DcxwCGCyJWbiD5y43pdo8Tr9f3Uj15NoVdNH3RMmy9wL
SqSri3CM7V1GLSoKJJbePSt7UqGpEpiwmhnsJjsf763
8dUiSpSbdd72cXm4bmAL2we4jUHdkqTaDwoFX5Ajr8XM
2n5PbADyQXeCMztD5wnZjF3Nn2w8PmCmqSQ68TT6Q6KX
4LBUPX7zfGzqdho666K4ueu9kipXkQFoCpNCYmQwdVmi
33a7Bi29PzkbPUZQShovLHSAReBrahkEc6h8TmN5WGpU
AEUto3eFWHLAmmVRq3Vo2fmHXwte525jQGG6D7pN4RRd
2wQEXQXydHRveBk1rJEZm7fTTKcrPsTKC3S6XV69gK4y
9V4i8VdxEHgjQFEKdXT3N4nFKRtNtkKCzd17SjxVWLSo
4oFHxNkGWVvboQhZwniJkQxBNCWjEghg4Numty1PipB1
51oET2dy4vCmZ1JMGYR9hbsvsLng1vcLD6z2AZp1uq1j
wcZ2YR7AiV8pAYX5SodantLCAy1MjP7hKHZzzAqMiZC
3A12BaejhfnW6q2uAHa1pcADTGyiAytJVFyY7Me86ZTR
CevKaLgeHotRcmnpdZxkJviHc3pYhkJ8tcKF7UuYsCfY
DwNW81RNPW7FCSC9HjiFt9XnXPRVDdvE6BLSV6nZwwtV
E6cf5us72RkxYu8hSUX1GNb1smNVAJhtDd1Gyafzb6Bc
BYx8m9X2Nxi4iUaT56hiiq7xz4H2aSn4x34rQpRW2QCx
CbNhz35Sme3acS28qbjo3mWGfnrLNYpansGukcC1cCT1
HBVkmvQ7DHtzxxVMgF8v6aW1kV3o2A4jmL6YLMNPfJSk
Pv6ThfQh56pNUUL9xZZW2NNv7Gq1QR6SxFLdoUWg75U
GX1Vmx4AecReyK1QxMMkWhqzgGmNs9HUVPQkaDBTDvkK
o2Aug6JB1RDFk7yYsf8QCjpWo2WzgwFkM115gtSJU8r
CBs38GrLkRKrf6ciZkBbD14BmW43nLB5Hj4BX7UkNhLF
75YdTkYu6qvwcJBijJdydkdZBzseHnAvQhjkXsUad2zH
5PWiwuJicwtDf6VMAW3DwMykjHhbEi2wBkHy5pS3UAfD
EqPQKm57nesqbcWakEzQ275EmMPYtPr9WdgabV61qQ5X
9EYbhLeJgQpzrskTWEMCKykmqpjzBM6vRC7VQNzTDjGS
Pww1ohVqQrmaHKPeYwaVT5pxhQxJex3vhM4M5ocsLUu
6MS5NwY2eaAQ6XNbnrpUJXQEWTNC1Co42VJmT2GA41mp
31bftLUrGQfZZ8AcXbGiiE3LGjKJVrLDzmu36Rb6DbDg
5pJSXHsjr3eTg7GTyf6fJ2cmWZQX16Njgu2L7ETXJokP
5C9tu7uVVvPj7ji9K8hDSNsYSpc5cLgbP3W1QxfW9n6U
51oET2dy4vCmZ1JMGYR9hbsvsLng1vcLD6z2AZp1uq1j
4k9aBR4iEG4VnZqZ8kuuPoh7NhAymsnAyr8UvyLuwwFG
3L6ffS5Pnn8saDvq2CfzXcr4iVWD6ggGjx7RQMG3GAJf
7wwbMfcPe8nwaNY74TaisveoBsukSKMaFHxLqhjfqxTX
Cm8cYtgtfyULCzisqUnMg68aqqi12PGZScouQfJRfrG3
EkHsWj67nEwZKZk8RQsVqn4t9vv5VgLyArLnSo4cvVCG
51oET2dy4vCmZ1JMGYR9hbsvsLng1vcLD6z2AZp1uq1j
toakSWxfPivAwiPoBfjpGg8T6h7957iiDaLgUYFHUtB
EkrPmifHXbGk7PLeReSgGieStGYrU1KJQudkdvVkFgFD
434vVjt4xyyb4RqcHwqsTRdFRXDxhWnzHzHbMqcXPYyE
DnCqNdc2vHLAq8abiRz51DDLty2hy89v2CS9DHdMdSWu
Hj8r2JfHZTJPqQuz3GWCiu8sgAnYEj24f3eaJQhRerUf
32QmPoB6BoGHCAKLMyLv9hHJLiGqfi13oDPw1szudMBo
HFwBQzvVe8qz1M7CxvxQPRtUxJ7zxwLg24TpABcWYTUb
HxGr2AZnLhyDxfL6vGCgsVpgHzXtgtWjZyNmPFvQNsBH
rxuqLTYAC5quzjBUcUftK8mzhwGGFNByRvDf3A9oQSH
G4yn6VjDQoRRgqKVt1fp2uei3rFHWWKA5JwWPMM4eCgT
5mgVoKP2bdcU92LHvXs7b37i2pJqA82ah5YVNsvCaD2s
4cUyDakNPeMEZtJPDJGNujWLGF1XNH7WbQnheUEfD2xX
3eYDsuhXYeXrH5gUPR4W6aLpgCAW5rUvRcSWJJwtXUho
87kEqjQQ7S97WAzbbtkDxF5DM7JakX8GqJ3grPkmPnGG
GsmrTBoALiurqDsxcMurQK9EN7pDbi2JewoDhJYH6Wxh
4LuHo4iuzLwSPMBhAjvWUdmDwg7tz5Ghcm6GRCBrukBh
G65GARCdbm1MvdNAqM8vuLshbj4wBcJWh4KDbZQge9nB
EAdQAdc25Cbyyo6pEjPc3v8tJyTnBNsF9VJJd49RvzoS
AsxYivuyVu6znDgnwenpLSLvkZDua4mGKxTvM2JgoeDU
G21X6EEsigc5ZYJSjFHabA531ssEc5vgXuCZKUAYZCPE
Fn149efR6ecunpwmxWsh2ByK66w9tbVtwQmuS3tvL91W
5dr39esCxsaHoHedAR9mhTtbF2mwR874vU3Vemr8EBbj
HDLKGPRVqamrEiHNn2Scdqbi9XtQ3GcMevfnbd66mFPK
7xP8eumueg2K7cw6RYEVEoLHHxBkjRZ4qLaAYRQTEwTp
76So7mZfZLdLym869Ki11zcS5J2BkRM9HZExN9wtEDnJ
51oET2dy4vCmZ1JMGYR9hbsvsLng1vcLD6z2AZp1uq1j
2qbJuGQTwqMkLTaYfWEHjuA9CiWSfoD4J9EFji4iYzeH
D93kp8jmVDxZwo2RgQqumo4hwwwcsHJyKyrv3vow5RWe
7P4Bb1pCMuYNveYhg2j445cmTRCEGp2eAAtBQUv7Jz89
HiUjBgoomN7PgCZFPdM4KC8aKAFfsraRpTjNKnf8jxww
9xD9zvgaypCTQMLCN6F5659x1vyBfD78G8E956YNpNPR
Hu1XBtQcU71JgheKSFDQXL3QhuL1tdHoH9mgWyEUJ7Qx
3uExCZNA4XcoLzfvjPPK53VpgXqKuWUBR3dmjR2c51TR
8GXX8mY6N2Eovr2hgh35KUu8nhL9AZTgmWxNK4rvyaDL
C3t6JxPsthkon5pWkg5zhAToPAkWNE3wTccmpQqEN5YZ
39YD5rZrsz8mSdtyVCfwaG2cAh5Amq4wDAgqZEtgXLRj
ADAYa5CPnjcxL2kp43VcSusahnfnTa9FTp7Gux2NQZY2
6FeDsmcDe16XRGzDeFHasDxYiTPtGJbbwLmpAqLzux1f
4A7sJJigdRktD3aoEmUuuPbSgJK3J17646B33mShwZHZ
9qQVj5MfMGaUyi4XgxrHtP4Zgwds4T6bfPw97ebo4wKW
4Godan2Sq78jyqw1Nd5uaiywo4kbGydy8LUedMnsCBrN
8pvjuHGYakaPWkpvMkjDGtWQW36u3z3N5dtxXacoW32c
4C6sbbZdJoEZuk1uQpAJmTNqVccQWLuVCsfttigTajpw
51oET2dy4vCmZ1JMGYR9hbsvsLng1vcLD6z2AZp1uq1j
D46WdsQJHPbYxdMQJhkFf2AnqHSj9c3rQo2nKRQ2G1gE
BEv2CyGCrqdViM17WKqTmnseHoPuAyspHGbTYN7AwxY1
C9SfY9PgzRurLVUj2qgoBhiCmDGN2ZkdShHH6RmAZXqJ
AsxYivuyVu6znDgnwenpLSLvkZDua4mGKxTvM2JgoeDU
AM5mu6p1LhL2VdHx55NK7HKycahcvL5nYWMWsSQCbxkQ
CZmLLCGoHeTonjV92P59U75AYumCx2EfVtKAtTjb1qCB
69Bc2Ddvhud6dLVq8EQSnsAYoQWd6xcz2uv5dXGZsRoW
8gK8TtK2r2wp6JMokcvf6gwpDXFg6ipdfkunc9ebyUMK
73tF8uN3BwVzUzwETv59WNAafuEBct2zTgYbYXLggQiU
7P4Bb1pCMuYNveYhg2j445cmTRCEGp2eAAtBQUv7Jz89
3VWia87hNkxgg51heFc9z1GtZdmSuC63RGtFe98Nnsbb
AbgicEN3npoAGUvZCJWpkLkniVxnEdcsFnTHCcmhfUKF
9nF2vqusHupTTNgw3quL4f3jorvPdJ8VBPv3Uw1xt3Mv
2iG781tfP9H77hcFimqp5X9KB9QsbVkQVS9q7emJAJXX
DD14d6GeuU7FBN5c9WmgYkFzPsgRxBhtkQpYEPbLzTUF
G49DobN5j8MCpNPFtoEAP6zA4xQN6fPhW5mmDPJNDhps
6SHRL5r8BBeJFVcg8Y5u2VRvEaYYweSnYtNLjb1N48qw
7sRAajpNsMhvzyhBut8vX3XgmeQMRcKKX4LqhAvFpg4w
9v9D9kvePLBANY4Zx2PUzn75dHuQMMMcs7mZLYy3gMaF
GryqvMoqZFnmTxVMduzUQt4RtCZZCTKRZwLNuL4KyKsa
EzFmEHFgkNa38kcnWSaVy6FDP24xvWHTisRUjLD5aMLH
9cQepRHEXLZC2F2ncuK9HY6b228dQ7HNCuxZatWZXsNe
9vff2J53NvedyFvVrAcMwqRaxcQoAYnGPMFBboMRyS7b
9CeQYRt1eK15SUAv8AE6XPhh1ijhBF1dyPdGQGAiCfMx
FxDsKXCVStxQZt7e9VikzLA3XGhxxPAhC5aGS3oermpB
5UhQ6akLVBhnggCdJQJf9eaid7QGPK63UGW3ft7FFLiN
EWC6ESChdBqExhp96XPMLXR65pXP6Ftuh1pPAVws4pmk
C6KSW6CUE9NMNTuRL6V4ipnk9EAYDhC37Q2Lp3HgBdbM
9nF2vqusHupTTNgw3quL4f3jorvPdJ8VBPv3Uw1xt3Mv
CT2k4eB3xQ4t9k9M5pNrqWmhjco5FdcnYVfYtzdoo3yS
4ks8jvtHN8JoWJME2KrPRi54XzDbKeiKXmb3Qy19naip
6VGcEyf7x5PFBpUMKTH8cEnCmQ97FBuxjAh37GjXefPN
7tMyU22ViPrhY14fy31bSmTsQK6rwc9q3Zbq2u5RkZis
9mkZeqZ5hKA5FhbAhs6We4ptQuwauRM45u34uzRLhcZd
59gMFGgo8vfgDGnevkpPchjteThHXce4o56qENi68MMc
7UXPNuExpLc3g4GiGJv5NmTqAbJVsBX8dtyiJAaYMQ8q
7P4Bb1pCMuYNveYhg2j445cmTRCEGp2eAAtBQUv7Jz89
6rXGLWZhdAsoYs2mGEYCfm4nMQ3rxqbWx6c8syVo7hpm
BVFTQzEas8kMPkcugksaTTuLnQJ8ESxtLryk4ngdyvjU
FpSrQMhnYa8YRnEQqKstyi8DYsMvET71CPfnmJkBSSP5
6WSGcP7XMavdokAXj73xhUUaUrwvAgM2tTfQDEYCxpUW
ATXM89GYmkfp1uPVfx9wh1Sh1sZbPLpQqFqtXCUWrzPu
47ZJRamq2rvTVxcFQFs2499ixJcmSXCKgb5FRnifYNsK
6mesuhcDT3HnDdd18KWSLf2xapZnk8tmT8EePj6k16Qa
6nkB3eiykLd3PPxV7WUTETQxwms67vCDgDWKDQX2dPYN
2tn4ToRyMT8Mnh29AHcrixZr8GmDBUjBcSqpYdEuWoAU
EVeBxRGiSGdWvz5SgJtgXHn6uddqvuB2qfJQziS9t5n1
C32gfnay4Uw5a2w3kUs6WrrxMoe1tAPt924fmRxoVmMz
AuzBWmHGN7e3pQ6Kyc8H8bpXkBC9CHLkEzTqHGQixQGH
45nb485LKf1pEhsTab34JnbBb3wXnAAP3xh98xdzP8Zc
DAFP2ohWJieGFuPjq1Vcrk1Sb2Mawqo5Jg8A8o2xX6NC
9Y3byqMWKYXCyX72BqZinF6vCrJ7Pq76s3VNs7bZrLuj
AsxYivuyVu6znDgnwenpLSLvkZDua4mGKxTvM2JgoeDU
BQ6W2opUUbyd3mVpTX1NRgFWgqBxyt3FSLfSR6TXQRug
22Un1xmw3RJvQ1go4zL8LtvwXmGbCf9f2cGU2EDoPjGL
9v9D9kvePLBANY4Zx2PUzn75dHuQMMMcs7mZLYy3gMaF
7GetnmM4kAtyjT2aumAcPsHcJs2hfNmMQWoAW9NqpAZt
GwAn7deEKHk7KoMjDB8EYARt4Q7T94cEehFVeUMXFG5A
BMSTukA9vm2ohgiX58SPutotkNs8C7Kmcztk2zNvSRJ8
C33fqSF6Ks1VieHexoRB3bYbxyeuCAuGnowqxckkad5a
3irh8T6rYc8yrwn5YVd3vKYTLaXHsLFJah9zp8GJT7gB
CxVTTpS8CCmcmp7v7E3VCSq5sX8MbRC7AJFmaD2WAbFb
UDgkXzdnpRqT1adpbeRy1LULVjxY6NTWeVRTG5ZFWzR
9VWFrWgiWkUT7vk5nULpYpTzQ24P29iSte7hxB2KiWNu
7KbmFStnBVAUB1NRKuNFdhzXtj3mfAT4jHLXoFvFFSaS
FPJd75QXUqtp8kAoqLcoPaWM5UvvezjZmEtW4FefjdbL
97xAKp8FjyXkiYqTtYWN9ArD7KxTevzaCAo7VCcwLAsK
8GXX8mY6N2Eovr2hgh35KUu8nhL9AZTgmWxNK4rvyaDL
28tLPjFZf4K4WCjiQPnveiWAapcB7xXrbySnmgWCNtST
7VD6TVNCwj7BsfG4mcy3xVSCBNRVhBBQn4NtxC9mKp7z
Cm8cYtgtfyULCzisqUnMg68aqqi12PGZScouQfJRfrG3
51oET2dy4vCmZ1JMGYR9hbsvsLng1vcLD6z2AZp1uq1j
Fs5JHY3ustMM11PMjrmiEHa628BETwebBo92gnYzeHRr
GRKqLdY4K4VhQC79Sa6EeNpSKchuXGKkZELPAUtg5UiU
5LsYixox5LC5iw1axsSMey1g9wyM9d3BK3MYTXu8pdsk
6BCYUsacFYEd5VeD4hEW2oqXP1pM2g5RGoffXGBDe7RV
BzHu964qt7p6KW5Fx93E4VR2xYuTit3NMxAncrLc7gj4
98hCouUM97hPPExNDMzJo4ij2hZ3ouCyRjrLeeXFqCok
51oET2dy4vCmZ1JMGYR9hbsvsLng1vcLD6z2AZp1uq1j
HSPnUTmBL1KzqYiX1cQHVU6DkiAWkiQ3q7KHBcEfkJUu
EfJ6QZPqLmrYgAtfMhv7Q8m9H3hG6uJfoaieMWSrh8ZU
EWC6ESChdBqExhp96XPMLXR65pXP6Ftuh1pPAVws4pmk
C91QVSPebG5w5SP8Wg97bqfnnNfG6j9QDuTFC5EM25jz
51oET2dy4vCmZ1JMGYR9hbsvsLng1vcLD6z2AZp1uq1j
6dm86x4LHSBLR9WLUkjUHP27A5uJRwgp5Z5bVVCWeM9K
CmkBNXWVWjdUTiHScpwbAjSPu7XhYurssggXD3urigz1
E4YnbxEMtg9988ogZrG2Bgmb5FhZk3eW7irwz29TpK8g
Hew6XJcEjQAx2Pi4GWogr68dmbST24g9xtumKBqvhkdL
4ZGAMVayrbjBP92MqW8iK1EiS8MSFA5FL82gATVzfkzt
Dg5gU6sFvZ59u37T4UhaxQBYeACu5uNz4UfdM1LJFGrg
8thnBK5nMHcn8TZQDDxPc8z64NGfW2cMLJersUUYi1eH
EEUHeJFM6mUeN44v3kpepHXXBcGY8xV38TjTNxHEt76U
BNR9v15ey3uWaeZsNYGX5rDvRus9S8UL16hSgduEArFN
4ZVeukRaXYXis14wHTLB7Yy6fMXbRAPErwhoBYxeMMeq
F1ofdthZdMk8ZPT7N9qQ3CAux1MMbkcAuJ492wyjvbxT
Gy3kEJ5jeyFPMPpCuuJivAR3gbPLmsBHU8bE1XVQMc6T
24iifBd4cBp6tEhYNZvPvdUsCuhmrSXXauQxrumEz4y4
DnfJgT1KrboU1Y8ScCxPHsayxndo4qpxZKUMgtaNuJ1G
ELNus8jcmWsUAcjDeHGCRGayqy9d7ScR1Eh5e6AUYKRm
6asMmzbUNCKP23xQNBuVwH1kmCN57Jip1pBRvToo19dK
6ek8bR5RUsFJus1HeX4j3QLDdn8i8EozCH1DNyMo2siE
H4QTXkNfqXJ9CqKhqxzJa8Gqu1Lx8XcX6q8iHxN3antT
9KJbbRm5qjnWBNZNv3Mhk2hEFqqDAYcCHuUPxnG7W64g
7VD6TVNCwj7BsfG4mcy3xVSCBNRVhBBQn4NtxC9mKp7z
4yTXqmm9m8WNJLzVu9mRxBPXXMY6wkAbzBYvwjAU3ZDt
J3mZu4RgKUaoVefj2dJPH5sVwvySH6aEna2fgbvSWFM2
6sSV6RqtPJQNLMWnPrXdAehshU3xJ4eW27wN31RWfjoB
EczHAfEajWAwvFQ6t8ns9rqxCr5XQMqqfbZxBBJBZByh
EEUHeJFM6mUeN44v3kpepHXXBcGY8xV38TjTNxHEt76U
4cKqqwoADnQVUAapaq1CrCwpBwbvCSohZPzB8aHooJjk
Bf2US2KqE6y4EaSTm9SXj7aS5m3MwsSvzGP9AZZEsA1p
F8YX8RsHLPmetWQNTZP37tD7fYDQd21WbVWXDzgvkXtH
Ak5NG9VGzPg6BAmcN9tzhdjhMNqpinPhDbeFFTEn3pfD
