8QD3CunqrUPeC3u4LPE92egf9XXDuktrHsbt4TS3HCzp
2mr9Z3wTDiXRQGWEJdVhYBFVncJTKkyNmnn8DJ138cGR
7YLuH3iQGcRUAN595Hq6GsDWjMFuokMyrEkMuMgRP1R6
FFqRHHVKQMjLSfJRL8aJNRmUdJ8nY6Wk2APz2MKhVEgt
AYioX12hTVfNrHYuzGXqsmugVkGftg5qhXjyxVFTLjuu
49KhxgUATjBZtXsqTsYz5B5qseDbHVmtoYsKDhCRizmK
5YfRP3mV1MmbD1gCL4yUEwiqX7ykfsEMW3sZNEVheh1W
HXyfpa6envQ5scXXJ8VNbMRhfbsf9q6FqUPuxwZEbcdL
BmtuUa8VZ6uRt84uThYKi5rp5eLcM65qQnA473DowWEX
6eUPr1X9xSf6tV9cNvSXpvzNoDy8p2NKW961PV2nC2Bb
5FVXCyRi2SayKNm7Y7Cb85P42XB85EeEeB4v8UKwWD1Y
Ctr24jUvPxy6nFtB3qvvnKUbC6tNX1JcXZZ1FUJ43t9Y
Hv4exQA7QM3fPWqvZGSvZuzFyRTX6WZ8UWRYyLrjXhiV
CYDV1icMfLEAM4YAPgqzMoVTx3Z3TouougM4DsRjE9Ma
6MSxMVuJK7uttxCLFxtj7DZpC83ea4TyiJHt5x2LSrbW
YBVcJP6fnWV8VDcDtLufGDhLCSYNhZqcivi3BZFaNsN
2oaGhpLgy1Qk4cZ3UNCUKYDqHUmdWnAsfv1LhwtwnDSL
6Jkb2QUZ2SB2eXySbLApV4NpPUZk6MbWkAKEQYT8aKVi
BdVBtHZPiu6Cmj28vhSRMDpEu3RrENU74CVWDDADebaa
5ZJFbAo7jT9WwwKo5RvF2e2kvjNEHMAvdwmuc11A2EuG
DuuFpVgrEqhLDx6kLMwevYJmdnk7Ujt8TcFuLBLfwSxb
1maPH7otio4WiLXgxPXevmyARZc9TUf1GAb3T1C3DcA
6qoTDKHxoNwm5UJSsQLVDmTKgyWbKB8CN29mZxN4L1EF
8h8YKsaA1i34xrKyFDVHFywWzA2sVfiQaa6b7fideTMm
5AiHyTVX7ezE5hzYB7WidJgJjNfUG1RVpd1YBZN95vfM
gDoUG4fUDhvYEkGNFURYE79it6kUddrGPvyZKNBGzku
5an5x9hRApQrWqyfRCgcdP9xLU3rUm9dNhwheipDtiWB
1f8GLowRtyKLsaKDgP25T5wX54TYNi8WDV6YanQbMMn
4bFUuYkFWYrS21LCYdVmdLjBQxLModGrrXnXVz79gg8S
9jdRFqjjxo2FKTBqREktGDDu8bFHcHRnB9areDq1ZbHL
ENCbXnt3nJRTRwABR24K8JHXWo53n5pN2LtJrQp5VXaZ
5229XGg8WckaHSne6D94NDt98AEhxoyvVwt2cRkr1r4W
EaxEG4Hf4xdrjnFBnAyf7ZKty4AZnnffUGbBEAMaZhUj
77CQrCxvXqZ82BkKX7JFaGVAQ3ew8q1hSRTKRGhV9TsH
7oqSsnwAFSKT7hcxkGFXET2tvqnxnrwGd6MSMuJ7oXev
EgH8HcsoxmxLX359NNeAb6S89pWhumBKaF9RzAhztb97
3roAcMgohAoumvZXptm29cpyppEjM1LLKDzbNrmz5RKs
3XDSsabdDuJozMdGf4T5Eo2NYyxVrtnXkShYskBmuvBj
Bs6oTzerhtDJfEFN3wQ8zNzjty3LBX8RbLSe3q34R8cG
2NXm2VUSx1chD1DztCQGcpqSe3VfjnSpaTyEX2qyBDpc
951Gdp9rZZM22XXqu7nbYzmUY7W9UdJbPe7MeZPG4BQJ
zychtRvd8uGhn9JZEjCUiQhMjzajpeWnu4bBGzdgo1j
4YebyFsuxSb7YtqBg8rGBUqnd1UdGgtud9DWDiGbV2gf
dcnX6f5wh6nfPJzVBY7vutfUkZqvCjCy7C5tTGF5FsH
9LKHupGJJU7frFBAytNGYoaFwavyovkiXNtGjLvmTgDm
B754AVVq85vRaBFskigWTafaonzX2DMEzSxvugLtA27w
7hvF86gxngrAwpPnHptCW2iGQXkPsMEz73ahzo3LoDNF
DLuL8hTbHpkBt7uMWPDmo5mCUM6dWXDN458LsmNDHCUt
BiHo6qCFqJWNYbVBk9TdFYTppvCbaiTZu3ZJz8nHRACk
EhmWMjx1RoVA5tmNnhv1Da8dMHejJR3creGreN3M5pNe
EUikTxyXvDVgkKcAzSnh7ZWUfg2EKiq2Zvw8A8jUuX8U
72ZBsraN6xm7EmENVwgddQnMQgh7X1rVtXqWb7yrGjMC
GzKq3cNCSBbpJzxSwQJJmFAU65VitaZ3HRDtNUoguKcM
5r9VtpqzMxADYd89A8PzZhSa1iXYSLmXpa4rS82Mv5ug
BfM3TxepVpwMCSyb44hjqDAZiyVS26CuNJp5QvfbkzEU
76ji5ofiFkdGahsJuBrPuMcqWxxEWY1ucuWJuaEck6M
DcpusDUdDFJynZskcctsL5AaGxwAMs3LkEEX16n3kpvw
MZv7rPVLHzJYeXFk8hSMoDoVVzkgFLcvoftgbMs3cVu
A1ugHoGprgFop6jpAhqhypnHUoKYUZpNQSgcCzvrrWtc
smB8WBtWcG6pGzHHXNR4h12ZMk1Nycat2U2hjRnYjRQ
AT3KowVmdQY5vK2AbjReZmUzani5kruGxP8b7ySN6Ts3
6ufxd3rHYCUyKYQhgnSxHQjN2HzKaB636uoqK88icnyJ
BfysG6jAwRskTeBY2K9FgN83qcH9chmzDgka1BhHzH27
CWZ6yDAUAhEcAMLFSkQVTSZHJVi1teZCG2neoJEytQfH
BZEVWU6RAUx9LS1VNy2YM6NVsGyT1kf2A9SbkKrs3S9h
6RSacvX76Psg7iR27Z9FYnS3NyiMecjw8ARUgFohR98t
5Hik8mvyyKQYJ3NA4ZWWu2Eais2Jyp9ZvoU27ibCAFeR
GipF5mCUFKaCUHTT2gNS8hKpykvA5EP2F5uxkX89W7Le
5eAVMTRFNusNGGj2drqjC9KFVrqrK6AkbDjBYgQHLSF5
GPVRvJKpmaYPf19ww9gHCdR3v1pgRJpBqEXyo2enH6V8
Ajm5pSD5nSHjZtaxWiet5dYxAs75e4pwhpzcfFrtyPtj
GHLjgq9vQcHHiafp5cHuFUY6xbv9Rx72rf7bvzC4ddYz
3yeadKcnLVUwAzDRLo4uGzbcDreg7S2yhGsVZuzRD1y9
HDz4aUPiahx6i7uNNp8KGzWNpNy54yp7Q2SoXxeNj4iQ
6BresquY1sbqc4hG6LwLfw6ZSoAAMgG3KRZAp3Ve6my8
BiotuJtoF1qJHqEAKy2uQnukvP5HTp9M3jawGfqAgZMt
46ZuPgZQbt6ZVwBcTG4c7DDDo9N3JQrG1nYXuGHi1Pze
9xjWjFmwMeJKypqpBVr3g4KP35PjM5T7stoZboKaCJLr
5iVHDZNeHVovKsnGHdPfVTUZyQxKSEeA68PwhDEiExG5
6WnFD3y7DSvXrJUdXbawu6D1bFoduYsreFQeTCxvDNCG
51PQ24MTR9rvU2vsFYE5hiZ71GKHKhZ8kstrNHs96faW
bvUix5GkaZFMFBC64jXuShJspfFwZpcYm5rJT9DWQnQ
8ZpeE4NGPxvSJErwvxaCBAdT8Griz5AvXNWwsyumvPSB
4BhaynSHKPJc8SonoMPjkRVfWDH2mcjSrGcJPxKwRAh4
GtkotWyUfn6Em7Ff4z6UTWt3BMPm1SpD1da8u8dmNZgH
GQGPrD2HgW2PjbWag2GuGwmLu7B8121FiSRikTYmntid
5J3TNYQUCvSx9K5XyyWC2Y44NKvCKbA6cdYcYEwcGvMw
HVNR52NkM34imuqnZkCBa6HvvGYG2yPzsgU8nLEHya4P
CPKzsHcXsXY17xPmJms2m4REKVc6K4z1gXRBVVCJUk3H
3YAGQtub4EjgoYERpccyjYPvyTZt4DqCEPeWCu4EAhRX
A8FY9fYiMgW5dh7U9rFJtxDw9n1DjS7fZxpiiZLwmLF5
6xMxs24uz55rf5g4Za6tr9SBEt4x3XEPMFK1R4hkpgt2
vHj8oRcsRPQrforxdYXPsz8aJB8LBh8ZwNPWR8SfdVM
54rMCUMuSfhDGFNArjuhbY39CDi6xbcxaurxWyhvsLkq
GXGvmYTRQQFJ9AV5VV1YyykVvnKSw8PaP74YiDCmx4AN
9bAdZYFY6GW7fpEqYZ2o1fVisLWmCNQFfyhpRVP8BBGZ
3MrRv8W6sWVnPtQcK1MHKwjyZRAa6kbCq2z4EuhVpmYk
9yXgbqt8ixc5X8Sma9L4qZc2zQBQSBjYdSq8exvqkV8G
E4p9MMxjd193TRN4LbYvSXXUL7165SpM37t49dAYA1E4
5dUXQVP2RqKVCgRhpohMZSePYs5DBHBvVVnZ36deKmL4
24cP49Y8QLDeXunoo98X98RLN5VeChz19YspL2cjN4uN
Bp88LD1kHzsSonDhhTJpdeF3qytZaauEgipdE1rwxx6e
C2Hwkxxr61KWpnxoAkBp9XmdCMqpYmWHkfnnb1ajW1qE
AzMeNdvXvrZwPGxuWW2YyoWjHuVJ4ZvoVL48XN7BWaCt
HvkVg7VQoUuCaYDuCbPccdJkhWP2T3UxTvyX8SzPZmpS
2nvHjDXAf4k52A9jQTxSYdAzB6dVKzJgU2xUeyo77QRH
6ycsZ24x4PGa2QR5dWmKhcKiNJQ65eetQnbVkqxB4rW9
EGdhHC7pjdUJJyGKj748WvBRKHDvqLTV2DwuDf725f86
F1Pt8M5Mo4p4AL2f2hibUdmKV3wWLzHncaJdfgind5Tv
BcT2fN3KfMJLy3QMrD2yFALjaDBiLkSWmyymWLaL4qFj
GKHF79hdxDZQURTGqtSGEQhhGuX4ffxWBzT3F4fA3wfz
p7L7PKHfV5SeyRvJV6KhY28srLBcaQom3ZHXJt6rVaz
bcBDyyDEkqE8UewxftcKn6ejhLd7tHA8M1WtxEHH7qX
7kyeDXCa8fu7LTS1znoot2ftNqEETUrddMc5SvSvR88B
H7B8waDsUuf2GSCcrrhscFXut6HAiMSrjcYr2yvcHHY
nvowpfUJrKfT74StE76prg4H8G5e3ZBgsCYBpXzUtr5
GU1AghvV51rGKZscZTRrh6GdmPS2VArqc6Rgjs1H96Kj
7P8uZH2xc4kAVxkkSoXYTxbjRPrRcyWLnXPfWgcinNfa
C3eU3tw5qCYHHC6FU7hoKgbkCa57rRUr5DVtFzBdfVG6
C95fiugtpf2rTkYxgUyhJT4yduzrY5BTiAxUAV41iZoL
5XDXu1LvvZ3FSd5JdWAiGD8djpUBy2bbwoAxnNtxoCAy
GRQtTYdjuqDaQ6A3AzvrNu1tYLeQdzCne5S5D62dXq1b
9KNZDjySz893puJUXtt99bWK2EE5XhSDXprJxzJqobZQ
2A8Am1AtDKLCqy5TaFh7PibgZGiVUdnosNiGMKBsNecb
4rdHSv1e7Hw6VF7b9ndGhjSjKb3VPrr2XEiZqeRmd6zs
8qy6bz7kqsHLFquMfQDhHpUsvQ2ba1XSh4MeVHdeLe41
6D1PiaZSSb5Up7WUXVZu2VWWmRVenN7erzkDZsjsG3rR
2mhTD4sEDJD5c46eH6SyMFjTTjhPZ3eG8qX3G56HFzNn
FEmicbUHXyS5jGxndLruJA2KAQ5vKEdYoYj9D5A7Vc3M
Khdyn9GyYUmdwMepG7ZkxrW3wxvTdTYiysHFAb7T87T
7WxFz7hLE7jovy1WsPrKevsMUNVYQxvu9AEeTzVv82fw
4gYABc1fGDuMjH6pL2o1GmERLck53emqmxML5p3vegX5
HkYuMQVVCmM2c5tcottcUZDDRFdg6LNKn253BwaGVmAz
EVtTTiU2US7PMaNnkG1m6Qmti6XMbJLJF5z5e8mSxokN
BVYPSfHZcUj1U3Xd4LKy2fDXKZqMb1RSCgvVMqx635ys
FCSW6eNwAbBidghqCQ92B1hA3fCnPj8D11RiKNXVzaTy
9NZCvngnqfj2QUFQRCYgF24upNKSrUE3CAaSJdnJbZsC
3own3ddQC6f3uogFN5GjkpSZ2vqEUWjB4d3S3pbbVTgh
F6sKNMCNursStsscyGyUqnJTXtC5NRX1WJUT6VfDMKzF
9WFRyLNMtJhzNJwmpy8EnHx2K8nT48uRx3jRK4GTG1WQ
Ex3Ve3RcZB3MBDCVpqv5Xis6afTxvWVGyUnh9UT6oykD
5V9oxSTAWvwZYDw88t3Ff1Meq163rTfs7toVTbgjvxt9
DDbCWZTBHd3YaNZNkj5Zm8V9s5RLBvcojSV9SxGuQRk4
DmevN2Pk2acW2UhhC5SgrfmF9adFX36soohPyjYNyg4o
3vDRzSnpDXMVm6UogYPQb9Q7ALNNRWZVGDfzVhiTACoG
F6p4gcGfiWMJ2srQZGofkHugR6qCKeNwnEXqysv3mRSt
4GjgSSEQUc3CjyofJpWQYRm9tmZSyGzUZ2WQzbHg7596
5mmXzcexDw6Snp6LYqNM1hJ6ASUucrwXEKAtx6m1KGZE
EcKaUbhsn5Wdn9Dh4ajQhFTLphWyByPVPNwEFMieqezN
Fgq5821RWoaF3ib6NAgkbKAGrrPH3FE5dPXW5oLTep4b
Ff4V22BkVNS9ABQc6B6gp1fzjtZ5BKADrk4JBh4ew9Tw
4E8TMx4nTwkj9yzu7Hq7kspgWYTiJNxhPakuL8a9kn7j
3JUUgwUK1bhi5aonXczRQqd2zt5VWFQgz8kgtXE96Vui
C6ukYm4xrg4j3Chn5ah2ERNAcqr3WzLCpMxXamRAcpSU
GrY319adaFYJz3yqE6MjsKt9wZdPCjfBymitPpYGXcaT
7rsMZBcrF63myr8qHpNkJDqbRyun4NHvrwhk1FXFoRcr
6yqXeRgB2rzJFQ9wZa3Nd8ABpkGPc6nm6FXYu6dHD6Vf
6Z9U6VoGtXX9Z45Bg8RkFaMmpbRXRx5G1CoCLmL1bNov
8NssWumr3vcA1S7dDunWZbR8HLKtEdiG29cgEAro8L5W
HqAk9QkCyTnZd9ReLdQfj1ZX3EBLQMdiu57JAqtAvfb8
FNoGKvNNfzQQxD7cfik9YtLurHYoaU6LRnYjZhigibpK
DnDbuLqaLcMv3XDtBbAef9j3iH8n2Rqa628ztMhoNaV5
HYNgVf5r9JNDrKdMqthn4tqRHzRnewTbT7J1j57hAizz
BXzExvjHmm1pRLPr3GyuCTWNrELu2A8BWAbzxWuWMMWF
HuR8SQ3SS6q5BERdEfqbBQMhrAiv1o1rpgS2SPo7jy5A
LdExVCvz6gfe2VqwswYTVV3qi6Gtefmv1rNTCgiM2tP
Dt2WGymM7fnE3K8xkj6WFUx2TirYpDvmjY48KVRcmSeZ
2LNDrc1B6mwvGhQrdH1G7iNU4c3xPx3uuktMRG1ngZNR
FsUyh5VWuJDQR52uDtyXon1xAKCRgDoscHLcELnd3BpP
E3aE4tEXphkrrX3XDFrEFTR91cPyCVwBySTRQsspDjpC
2Lwh4o2A599HVg8rRDj2AsNRrLYLUKbMft7ftXrcoe6i
8z8ppvhfydbP2Psm6rkNaA5PTSHYMeSBoahsnkKQ7Uqs
6zWbeitbzSTCAe8zV9KWdUNyXBiMyGAjT5ZCq8b9Kpjw
567kuX89U1kVPu4M2ZQDcWup2cBq6opRrLjSESfCWpWU
B7BbFqX6pvvU8s6jrzoeqkchJteLibvsXDJWZfHqRkN5
GCg8XdV37gkC8FUcEFWY8oGneKqwug2j7FaTzzdamJVY
Z3w2Uk2UsXRnqQuUk1mN1vFxj3r7bgFG7BF6rGuEPeU
6UWwDhkANsnkic1vjWCbB5Gd2QKRwaPF9TX8H1FZKw5Q
D5qWCYyfYRZ1U2HpYqUrG92tjyk7MRNwTPvCb1EEAz2E
HLcU21kmF1dMxo2taZugz937iR1AmwhHX5PyDnvQFg65
Hy5ps1pvJcaLqYmYDetQzys1G9YWCJfSav6GS7x9PKGb
8RF3NxUj7rgB6PmL7YAMx76uJatXN2RhjNo1gAYjQokn
3HKFeBuA8Qe8E7u8KcAUcZLs7gckdqd1gJySzfiVa2dC
HcAffSn8GXqKTZpL9RdBmGPhetM3ne31LBi5PKH88BHS
8apDXbxBmFa9ZhZs7GYJBVAdUADG2ktsxbnvfZVpGhTA
B4mCTxDZrAP19PYe2ULC9VVVNUCn9GaDgZGJMij58417
8wi1SLwXKwJCf5iCR22xiDTUYR3JY8w56EyzSiMTv5em
CouwmwB26BDq8rc9LQPFyd7qTXhDoG8KvmNMamvNcn1R
AqYRz21tprX8FGukeuXbPBBdGYw8vENoCoM7YdS2EPGa
7xsvVEydsoAe9u5E1i2hsB2vyVdnu64VwbhKnprV33Xk
3ruoVdhKNdKFfHyMw8v8J8PCh3dtR7fBkk88bsxEMYXF
HH82GzEM7Euee2pnmaPJK4PXp7a6oRbHy92yWD3ng1YD
8fmYHADdyo3i7m5BKB3TLBFb2U9YdjdZHNtCba7n5Xzb
85zRxKiLBizprBesnuKcWvxqf8GsdwkjBpnVhuiMSQbU
23gcLSqkYqdsmUPzrzoJU8csziABzNnFvdAKXJ8gZN7w
8hnsCsgU4kHM79RrDZV51RTXiVakFNgu66HwoCsfJrrx
832N3XazfTwmca9zYSvyoxbvY6NDrLASEKmm3oJupy1X
DKqVJt8mqcU3avivqiu42PxYLZ2AFqNeyjNtYN2YQB4o
72rshaUPDXS2YVitrtP9Rv6s6UYpTTeLBbRB1HGR8rSJ
8EsFeHnTnAHaEFK2V4VVtQiHiwp2Qqsm3QoqN17t2AmL
5YGHRyP7F8oNYbuNgrrtXEcM2HLGknQANphgXjRZz4Z9
CcAt4LZgbL1xjty7XBggEkDBDqDSUj9YBm51bBmRgfNk
2sKEvxvq6ggKAVSjgiTuxDgettjRUtwt6BvKcqKqCr44
BjbfY5Xdfit4kmZhc4yDkBTSC9acWJtLQB7QSEe1gzdw
7GvoRx22qUzgWntsWbgKBEEGhHPZ4r74m9Roez6jeCeN
HkDERtvd7vGksgswmpPvBPMbJa6UfMfJcNzm3ejAzpdQ
G8gjWRe1qiYXLwx3y6Hi4QAxnGjTH1VcLo8XqpoSrAoR
A5HWtniJiCDskYW86drxgd4nf1QjFqdSLyTYA2j2nt2L
8Y9zoxvaQ9F2BHaZiWqhtsbY8keX5f1BESZoRBjhi2h6
CHvo7WhChUMH6uW37k3yt5TGs4x3SVUbUms8rLMDHV5t
BRsdtabedMoD7Y867mxAFENiAdSqXQ3z35qXqD6swU3G
CbregRnNMji2h7nf9KXwdHTVkZM9ZSurz1fX4e41zYgH
BGAXumv2uFGzqD4ms1UkjzzSDBuMstBpWajVvqfbVXsC
82VJGGx8vUzs3C5USdKJgXUSLqnSaKMi9N72RsVM1jQZ
3XzXDBH2NRhiZKMXPPU6DXMXXPHUKHwgmSWQrnh3YJyW
2VQj5U4aDcmShTAQ9hpbu2J5jd5HoT8onWe2o92NMZLQ
8CBVoGwyXSdQz2rWaSUxeQk2U3ZvoNbDcmXoJ1xePDAY
ANqxfgjZW6Hcey8dr3uKg528pneyHSx8ioEWLTH2j9T7
CYva4V1CTiQRHNvYehVbADqsJSmoeiNi29GLWfL4DmWV
GHazFUp9jPeRvggcGhgdaUXJwYFpAdiToVd1aqn17v7i
CqpKJYiSyeBH2dGz4FZPccZFHY5pNPnpogvs7d1YGYPV
Dr8sMkJDsFh6XVwtQyuYrqkN1fbSe7WVwuY9vQqxea8u
E5327h7HKFC58Zi6wRqN42pHW24TFuC4Q7B51X8qiEwX
EhKqr15YjeCUJi2tBwiHb2DSC5Rb9v1zb4jbnNS1Teq1
HkbwL4oytyb7tNDe6HJJMsVN7Be7XuWunnDt4cwwURnR
2eKCTNMsRN65krL2cyKjmtYAaHZ6GSEN4WbDn9TtQ3YS
GijqaMz9Q3T6Hh4aaCrvp3wbay9RhvZuSP1CeU1qphqY
9WwUpicdWnQvWX1oFrVw7pMKfL9JZMgxT6iAKvWNntnZ
9vqKB7AL57hjcDn26zJxLBJwoPTdR6PPUKCbKARZA1og
7XG3qBVeMSHj87NLD6nuUF6wdkPM2XBCfCAu4qWydB7U
B74HaqG9nqEdP4a4C85eAaTD8sdhDckZYA3gXjYyhZVx
HHwBsyv36tYCdy5UY2evM8qrZurcfyJLWZ3f6xzCjy9m
2gDjyNHYd3Y4NjkkeEaHb5dcmeKD3C52HCr7FSpa9Nm8
CkC5DMihcugHxSyW6pySE8ZFkLExbv6YCmMxkHxj1C8Q
7P16ZM7GzcVTRSmKZCSV3w8ERFXKJmcVjV7fUwiAEqK1
62MiDpeYmKWZMQsfqCicXEgZMh8kopoU8piFxEGHi6UM
FSbxzdAEJLXV3psYMYk4ftMY4v2bArT9zJ8Kysh9Kv8u
BewR9mXxXf1cE12tYdXHaWVHfFJPeQZUQKBbc9a4C6nX
BU2abrruTJH25ypTLVsEcckwxMk1KtUHs1zkZKhLcsZu
3TPeRuUpx1vgiv79QZ7P4gAqYGry1x6p4oyy4jBfUiRv
J8PS9vDJMevRHzRAWbXDTv56PEh3mFL9kZ2ez1NB36vV
AmuRB7GpM2HfuxDjqhfAj5o7nvqdRaJg7ysbTj1dENXw
6XNBhHN7oMFxso3oi6c6dXTbxhXBPR4vYmugxFQ4V4nT
AyQNyBb62jCykRQ3kzoMqzpfTFAu2bwQxttvd6jnuB3g
9ABfVfrq8txrQLT3pciREvWQ1wiXj4EeKJBCREXbxYiW
FABex6LL5h1tgESCC2vRs45zjxCmVCAzxR9x6ihVJj2K
Fdbap4AkLar6udw8ggtQ7CPkeM8FMn6CZ3ww3MDQzrqv
7QVX9CvE3BhqzqhxXjbYKxtj38T5mPMSzZfQLv1n7HNp
BqjVJz1boVsRjM1ZHqacq47Ur86W4rs2etJDrz4jjnBa
391s5mkoFp646ULtJsaPMkcbvoyuo8FhfuYrLdTFmK6h
89ise1qNkVQwReShE3R1Q7MLgv6S5j7bniNNXBuVFWa
J7R6qteNwLtggMe6kiKt2A1FzLr2jp3bgeXtPoetPxEd
cKBzs5HMMDhkpu84W2huxhuKETKmag8BgNeDFzSMRRG
7KdDYQmF36RyLFuZRQyz5zKMTRZQeLmP46Nh1xsdVyhM
4W9QUy7MUsMr4un8x4WxLzd659bsJQS7r1tCU8XZDQ8P
G5F4jM8ydSh8KtTKCK2jBM6te13quLntRkvpKQqjp3FD
CJafrKLU5pS4JHvEQ5izge57xh288L4UngM3fZmn9gTc
7BNwskRoreMhxBVx6fWNfHcBkHMHFStuekUfV99AummU
JAdmcUiPm28ViqX6ATuuz8UiLDxbFt272Xr7gQuzBsDT
8QR9echrvSqXR2asCHp46AT324Agnk7fkyvVECPsvXam
2R8o33j6RX8QmiCQ4qLCxmfdgStgCULKpTbjDL5neqQg
9QDnkhYrmMjQqMMzhmLPuz5e7AHDzX9wRD4rJip58XLD
8ywEa37YQ2pnNZzYZ2ByJrBoCBzYB5MMCXv9Ehbt8HSH
BQt6L9hcdeSQadJcW3TwxDe9UN78a3EjioorvLDPyGgJ
5o8TAgGHF9thXdewqL3j6btgmg1QjfxviSZ1qSHGRVaN
7MctC4oyUPDATRoCJevpZtkZQCmrLVwByi7cZBG3DEEk
4kr2bHa1Tzf92D4X2U7wb2793CgojzPd7ZxkMkc3QMHJ
6B9PqPKYcUJ2vKZ2C3f3kczB7TEJLv92A7QT2exsJrve
6RWmWvieQeYoFG33TE6yJxCeZoTjdDNhcHrPmqseciPy
nvqhWzVVR7pgR2ALeabC9tmiSqmvVvKuskScAptmXaW
7wmG4b7mmernNDqdTgg4FsWw61iU8pdZpsVyzARFcsMf
Aky7Dr9jy4YZjsgsmVuSUXoEZP2oDN3qXiMokQL8EwFP
Ar1WYbU8PFDz3qr3zaN7Hi2XmeYJrLHgyr4LuydNi6EF
mgndmyzL1LyVkRdaVsQnqdqosb1u8GxJ3QPeKNfxN7k
7wWJ6TppD15kynhzNwGsFsNFs4MAXTdbTzhWRC2jjyyg
GmEv3DF1Qwz47aJusVNzKWaMzAeK4EjY76iTET2FfAwc
DYB3xJHWG9uAiAdC71ewKkQVh1QMVcCg6tZCvnj4CGfD
3ptzWQsscZFbLz2DXk1JmaxxJstLQfVDuRCvZSVejsBC
DaDL6Nb8R3hGriFdfKsPANaTHtxHHcF9esZiCpLc1Xe7
BUUmqi5gKwgVo9xUUMQBpFnseo9UZ7RD4YGuD855aHYJ
DnLovtTcFq8x39dgS1zHyA4SEu4cxXCmUpV3hQMDnb17
AYjMLaag5X2EYwhYWAUcsWySXzGm4VquB5eSxbf93RhZ
9ikMrThoaRJ9SLkvLpR4Exgpk5BSna7fmoY2A1C5gTSA
6EdFFgHx1ZmxjXQHeSF8i4ajRqzgXtF3uiZqDNvjBgfr
3ZdXZ16ycPC9i3GREKRsyX5cc5dLLmBSTqrDQakBb7m5
Gcd1iHdiZfY5M2rFXbabgd9WchgiNQ3gkE7pzkkwg8Hn
Hi4ATmF7ioZmSQQtzAmq4yVqq8y6v7mWKMuvpE8fpYq7
DvJ5zvH2rJG9uYACBwFxnkCX8f6FFKXTtpbWsAgn1nb1
FrLn8ZhjfXwgVC2SGGHn8fDpCaWyHDNywhMW7rMUqE2U
4RKw1KtdEEytm8GBsmZgvhRACwSH3R6o8bU4YQq7wk9f
2937XRP9HiwJYEMa4kWGcdCG6qVb4LH82bsoKZdoTKGp
Atq9vLCxiYa6qh6jEWq9BhJKjN6nx57gGwj6oMAHCUgp
4q5YGzjfdXcXA1koaaoLHKn4QQPUoqS9CNtyvBvtbj9J
3Nz5zg25ZB22m1tW1wfFdVXgc3dFmGUuY6cWmTCXa6BQ
29xsCefpxVzbe9xCxZTJ8iLFxgNK4697v2DAcTb6Wk5A
DadutuLbUQLB54zzGwYJeDhbRq4ZDUvvUWgyXzJKMf9U
27JBA8vBTccYpe8EhmDL2Mx8BNJzzdzWQvMjPFoQeqg7
4Nzz3ZkqLNtXPzbgquCxEex4hyfGMxteRWyFVHPpCRjf
AjT1vcYxhqiPcwPXwpMscaTtTKWuvmLP2U4E3jmiC1zy
7ihHid4grcyk5GJ9pAVSodZwjyqo6tquTUWdFKMiLSrP
6QxUo8ftWHXh1g7LeZdkKqPcW63m1wvJ4b3RWVLggUaG
6oF5YJRmZjEfs9saQfVVMhgsejQdqDJ9caDMRwcj7vWm
FiUnsr7Jj92dcNWCveDGAqqZbRcFU2jf89bVvMBjt7cU
A5nFwbMSLuMca9zuNonSomuMw8u22tYeVNHeUxrm51BP
vaCfyRYoBBH52SePbs14f1vjfyY55ZK4df99SSFyisp
Ao336mjUmKHHxR6Uq986MaadfACY3MZbuQ2ZACxQw8w7
EDV4CRFWxaWtzWXeSYDzBhezJwpUduXMJV9wjCQUqGBu
7EfKKTC9Pmufuwp4zdpAu8p9jVH5P2jeFPxzVKjJqSKe
FpmD17FxJ7BTRdM3SBGSr4VUcNWAYVAETUXQHGC2omJn
FTqxgzrELokDe8VTgdZbAkeepQK6g3qBU8kvnejRrxyw
AN5C9RYrcUc2CUjALGRBLQUG8DQasuw59LVP6dvqC3zt
6Q1guLnUYFunLLHiHM9YoLoTYarW7peXwpPMsGJTQsum
454wV1vEWijEXrL5gtwtfnsdZCTsuamY5XB5qLrdwb5S
EFVAjQMpNp29FsUmiWLmEUGroK1yQiv2AZsGh4eRB9Go
5VidJe2fQUfNGjGgiDsFsnZ3BRVRL7F5N2AmHW4gxrss
8CM7NkzpcAnZMqC468qmsmQL7CiZxheABqa7QaBVou8o
GJmc7xLSURW2CVKnXCrxkSVKeAcHu3HetNjw19cmpEgF
AojdAxkxxRoDvDnP4SCndRs9K2hf7Nk6yuDKyvB9qfeJ
92Wf633rdwnv6ke6xqrkGDdhEGPkHyi2W3UGoRHfgdnf
DAXZ4wDuvoXNGJhAaKGpBkSBVCZTCeaQf5sRWcBWzHGn
GhsHuUefpmuJEZt67NoYLHxuZq2ReRe8Cqn37hwDLSem
2bFzbwCLdJ1uBGcSnf9CPvMV7p6ZSCiWEwkuXhqj71Uw
4mf85Ln5pt8F5XJic6NdxnnCewNaCuXNKaUX49fvebhs
3Qm7LrhYZbQJ2cjUzyxZLfPk4MJUTQj4Lujdhtk675B3
GZaoig8ARwrXTXk6Zg1i7TXUHmB4AHG25uG6AiaTicqh
HvhULLDd9WnVHAetaZmnDBNfh932hiPciZLsT9NPLrjL
8MEkeyNbwjSpoTaAYVrUdkb1f7Efo3nKAfHBwdHLXfAC
CavKou3bFQfjtbV4ybvMZKCtp4MQXtAqXuSPkRoHmspf
FDzF1ucdkc1cqowpvf12hyVdurU4ykcH5ibHhvyNGVCK
6RVB4zBVhXGFccNtmqjQnqSeVDq2EANe9kBEsCJZw9xP
6Zsn7CmRBV6UqiPHTwMwndfVTg3wEL8WeXXi2oZqm5Ve
31iGvoY4KHJxHryqrivo5uY77MGVRie8hVcHJrdVE6uF
EHhmTU3pQmT2ExCqXqAsDdVcf6VdiukzxD56jDcPoc62
72at6sMgfK7XusZu9PF2sD7JHLfutbGqTsXggRBrhAjG
47B6owo9xT3bMbMjP7yTHmxx6MA1gPUF5Ab7oeuMXAqx
CCVzUv6GyNu2EMSVmFTQrgacKSbBZZ2YgEKR7NQkKPuS
5Uc5pk9K1GzgHy22qJsXeagHyjaFC5gc5kxZz56k9Gkd
GhePrQzufXcjVSk5NntDmtAh9iRURCVgi3hrHKrpurvB
3CUdwbVU5UTBeMJZUDSoFQkdTEV7jmK1Wzo6YcgsLNaJ
BawYSd3xBFHsNpTYfGb2b6KbdsvTLcQJLtwakVDLFeXu
2ZXmJLnxJ9PEcG5n34Mu4rmGRLRWXC4jP9fVNAVxzKEw
5DsiqfPtzh9g3YKenWWn1vgo6SAbQ9exjrSG75wLi1TR
9JxsYhVu39hVmEpgyrVPkAnzTRFZQa6KcLdSy8vGkUws
9CH3PsNyw2iSmgsT4iqxH7SxqsgAo9AZF4vtERGqekgn
4dbdwkfw5YGBdLjzwhwpURBQmb8rZ5oRExtEJo6ARMKZ
EAjHDCbLbWe7heS7ccznVw2TJnTHY6rugnUcQhAqFQw3
FKU6z8eDgV13RWQbV1Yhx1Kovbr38s2TSdypeFJa3DqE
5LPj3ZPo2UMPt1os9XGk9z9y3UV7LV8gVuHRFSMiEpBy
AwWSCDEGj2ZBWC85xftj1wMc8TEwXJ5WFxketMEh4n6q
2SRAvKsBtUgyJfxhDBnwSndsxDfsQej2QY5h4r8dBa7i
3cK8CvTU1daeZg5rjGLuSxEYpn3kDKuzCqBgyAE79rF8
9kFFNbCcRQL7DNBcPwNJwq7fL4kU2WWDGyXV2aQhiXo7
HrbyV9VcGndswEcT7SDP1khcwT6yrhc5c1gSsrVoBdr1
7c4SsqsoLt4d421Ru5SPJESerHK484itZ7GncecA78hQ
4PfkRE7BxSiA3fzKeoFhwPsgNXjFvxyZwVm7SF6pySVw
EA97Rhqeg8Mx7r6fdkLwRvj3zzg6mjEHutrCqtyNhvLd
FGCpRzkgaDxvD76XeccRdtzSov5yX1TBqFVKPa3BHkXe
3CMt6eh1Dk8DBVUweizN7qEnfBBSCqj6gnD9DZ2HF1t9
46V7cEpfPyGmLBRPYPvNrx3sYTDQAu2xhmm88dYFSzih
39zpgaGtqSikoxNkm2aPSvrbLsLHNYiu2kj881QQ9dCm
C2w3GbCBkZRqwZZhihDKTiYRtPK5NWX4ZGawPsc2rm1F
99z6F7j8Zjh2Wd1eQRu2gScQJ7eD2jCg5CftiRnabLNv
9kK9beiN6x697C99W8KT6pCPJeUDChK6mj976mG28SUE
wrhdSZVQRFtiUsj7Noi7PyChjcfa3RFLwyB59bEfJW3
Ag1uHW3jdEvxn6HxtA9stXKabpr2GT5CbK9jXwKFZjr
EwAXfAU2yjSTkRd59x8DXe7txigCPq5EVm1AxHwtaBb6
FRhHySL6PG5WQTWKxN5cEc2hND3Any1x9fad7hBUSVHD
6U7JVUtocbLjtEbXbtLVdgJGcg87fburMPP5xewfFFbn
75XKXj5vvP8sJfkcDF6GJFodjUnyaKVh46qCkH2Pe271
X8KHiExDr8zoSqgY6KNkj8AjM6zS6VJYjrKwQUtYXp3
FeyAUHyoqjJeLBKZp325bgcBExVRDhVrqnYEp56S3uJq
GYoUwLSeUmhNVJm1AiYbS2pTWYb1FV4PWzTASynUViWp
CTDwYY5VdTNTk26AZnHKVAxNbgEcrezGE3NHrfBqpGUg
3ZKcrp8fuDMP58mHmKFU4hSrEGdkXm7741ap2BAh6wMC
AZbvUQ8PLqyELmH8LvxYkYEnjBUzRsD9Hmb8NHKEGYU8
Dnav2qpNbf13BLDsu1B5yaKYNA3r5WB87Z6R3H1SbDTB
HnbbaUBTVmMjpx4FHNyNBshZY8FwaspA1ZU2gPzGEQMY
ErrA9drz4hYvDMQ6TTthjeh2RQFvx4zgFqd55dkCoHMn
HvkTFhJGtDN4JGJ4RpfrLZc5hNb5WLy656NH5a822NaY
BEyuiE9a3cPKsnZQSvoutbr9WHrw9NLo8yToqJaURjPT
NeoVQoK6VGGg2GW2YHZp3tUmyjRxYUGSVUY99iBbztb
7Zuz7ZYkAebh6Fcvuw6Xr8FbtPtgLn3JKojNqgWKvXdY
A7m1U331j1w6oJaNgzCETMSfS7f65Cyj7evEbXcBMFa5
BozPC9TKwse2Yjzdeo8JqGfYZRVaBU5f9qvj8GpCx51d
BQorFfZs8pgnwM3hyNwxfQEB9ym9HehTheKoAJ2sX7H8
8BCi5rGWWAbykCnkSBDoAr1qn3tixTFCnjABWaWMXqTJ
7FZZMdBuGRtRvNy8BcFafi3vixhz9HRe6DvtQSoMpt7Q
J1M152cdtRF8cnyDQyCNAs6uCna3RN68dkKnn5bGJ8cQ
DFdX4pmADt7yuMxgKWZaaugfctMFrMYhGjGUnXnwnP3c
7AZ4ysWj4ccj8dqDZLHCJbBEdskrFaj9ouJyc2deFr9v
8hU2gsS2H8D4bvD91DEpcTpcZ8HwWwrVcGFzJLvGgx8F
57YYnPL7MAKGxuUqPWWdum9wfVoJx8CMzTzVXb4hdTVW
7QSPb1kbNBR7LSk3W2LA63EhDq9SVryJaJbiPYfaYSiV
CXKxgcqnbAiNW2RcLUHFkPNxcpyW3Konb6CRpFmZsicb
69jXYRjc4HNNHDq5Lda8pAxCqF93kCWgNuyJTRdeYDNt
H2pReTNu1AUohKSxCpWJmXRKLe7Bp9CmNk4tskR4e7eX
2iMZamJBAaALpQEf1ZPA4o3jWJwJJ2vTUj9RDLEQaGn8
CvsYu4AQGnSs2rJvMr93mvHvz4cYkq5AzS8Vvt9Esva1
XSAiyYxijLG4W4axUoRY2NDfQ6yp5N6koJ7Uuz4nfRH
Dx6fCgKJ6RGs4beSbb6TNR1a5227ddCvhtDApzfTaRZg
B1BAgYtpg6dcGRnUSQFHENmBesUBDib6e8z4hHoqri33
Gn6EZsr55wBi4odfUAbQ7H3sGLLVLbH3GzrPep9PuuWh
BCY8uPUkBKuDbvq7CvvuUEx8eCjWZV3Uq9qX4W1CyX7
4FQoWgzwJdv8PJH84yjn8YBiHxqWpWj2NeCXiNRFwunQ
DCvsJxGD3bUyxRYf1AU3WeiMLyaPxUXcZTFsQz3c4tpB
GQbQShKHT4WD9vpjZ5WfSsfPyhTknySyEDob9jsUF3tN
344kPXsPBfSarSasJj9iu7sGDFHPadgKWdJ2rBq9Wcgg
FQAHheiro4g5GtADYQZa9RuxHRGLe4usUWtNWnYhMW58
5YcsUjm3bu6NaCxfZpqcJg1NTQzR3bor8y4mUH5iFeav
4bgZRUhi3rJfxF6a1d1vHTkEC6qP3mQ8RB7FTiCB4fLk
A2dDJd4pWPUFGCAYj62JGE6uvnZPP861d3MDwkMwfSWp
5W25mMSAuyjnA9gGWoyeC3WLbjCj4jXBqWeb5YqqXFR8
6nn4YF2r2t3rBJXUHrK7MCwCj6oidd4k6wUtyzy2Bsje
1qagGfJwETK5QJybJGfqzDCbzJYE873TifT7iVUdUVW
EiNrHvuZyJyHDDPgzo6e5fkjUUcAc6BAvuN83NrVsJ7p
CdkhJEa5QdZNeknmcveMtpasn2fMiYkvgE6AdwKSjekd
5s1TVcYm4h25bEPRVqJ6LBYk5Yt1rfSG323ijwvrt8Sd
3e67amgJkUu6zjB2yXKvZDdEKj5izSp7q6AZR61KmLqM
Dj6aqY8u8autaF1uxHUzrCwWbacwjPjqAKJozAHZUzdz
4BZjtrckRKzSZTJnKMfBURjQAwyjfUSYaFozvezLpZus
A7C1jknGbWENBi7VhGvwiNqXv8cSQvYqUdCBRKAqas88
FpAh75d2YYmntwBbtiLfCzZoDEeUGaKkyewbgAjMWz3M
9q4dNN95pEgcZqeMn9d94qFe4XT7pu4exWvG24DzSkNQ
Bnvo34crbyUtdssDtQ1WoRXiwrE2nUnFe6reMdUdQ7BH
5h4oXRCtXhZixNq1XsR2vhgpt4kMmj2U7eQdwD4wyerE
59y6yfgyoUxCGathm9c6oCx7Y44eD6zRWpNJJUYkmjsA
CcivQX2SnRQMgLVau4Paa7tpZNsnjz94Jsc3UZosoKUc
9M9xcrtMSPXsXZKpYWKCBR1ZbQaDghWvwCmdtqifsMXV
EAdPJEbQYvhA6MP6CZhmLxojp2s5BvEZLXxbxj9iDAbV
Cdn5a87Xa61cqC3cAqfWcCc6eF5YTFusBuiGxngJukKK
Bsaur46UUyX6xdT2w26HsT4e4Mr3bABu7G57pD8p2vLQ
783BDkFJ35b3pcAcx6W1DDzL3ZNBKZhHooAMVF6wiewE
FNv7F14VNMn7hPc5RsUu6euq21HyJWqqyS6cq1QFE3ma
56V82KW2bPEm3tYS9dAweeRZSJa3oKUZDuA1gHtCWowP
4jtLLHQUVZzShKEmyQ8GAKXCEphoMfuy4kwTKyiwZKBt
HUAoDdNJstf5Tu6mT7VkpMZGBn6XsDWSNCm94M6JSy1T
9KJedFZuDZKop6JGctM3XFqTRv1mYrDQfUBqr2a5VTTp
AsEmuLczuo6iNnP7FMXskbyYWwt3iSxzVVwP94Ht9wR7
FpRz3oorzhprc5eu6JumPu1Vsc7WwV3gB9pxX5jdCAc3
9ph8Jg7iMjtdoiQiFiawiYKrC7WKRi3pLXvgapbrWaZ5
GekKMGnp97WeHLAm3VoDGnopu3T6aieh3HfCTPmYkGHJ
BmiTmboctJN7XdV1dJhHbGuxFCiT7njcrAUE4BuQaHfg
drqHRdtfeCtwC6jBhmvbz6PtUKPjnUsjmjqsN4LaBG1
6CLPbTHLnAbgkkSVtiPziyxxaPMrkGSb6ybDEYUHZy67
