CWiXLx6juMmaq33BPXGJ1k2DPqzfDyCQWoAsUUe83CqP
9AEwm9w9QbeLiZmy5qDCVZXvatKLokHhLPRsrHogcyap
Gm4FvmDqQxNCqRdmynNknqdYcMwitLMfqY8aLFaxDwSq
2e8q1U9bHJ7nWNCjE15y6xarFwccTkrJDGzdbjcPJUBz
AyRbGy2jnBbhynM5HrW6v1WTnnirqzWTvDrDgMfgyFbv
CWiXLx6juMmaq33BPXGJ1k2DPqzfDyCQWoAsUUe83CqP
FXYWMBqVQPq9Rg3v1sg2WZbuANS58JfBCaxAkS8EBCUe
BA7N78zwguVEsumBr2DBvCY3B28xj6RY7NkTwRVWvcun
HyJGn2q8vgYCH6urPsQXwxu6W5DqecVvBNTMU5RnnWrW
74ecjMfRg6EUV2t973oU1VeueQ2JTXLhXhZcPXFVtYM4
2DuYZx1Z26Y3ZMq5cdL8KYZra4VXMjEQSYApfVYRuUua
7tMyU22ViPrhY14fy31bSmTsQK6rwc9q3Zbq2u5RkZis
HxGr2AZnLhyDxfL6vGCgsVpgHzXtgtWjZyNmPFvQNsBH
H3cPyRGXwmReAMB78A8guetqPJLekVXM5DXK92ueCLfE
B8hFqwrfoYKSMemjvE51SaguLuu21NzbxsFS8pPJmAdp
EZsxgTx6JXqZS34sDynrFkKD1Q64Eve7AW8FjawFfovV
CWiXLx6juMmaq33BPXGJ1k2DPqzfDyCQWoAsUUe83CqP
crpQUfqtr42Y1W5LgZjvjVnEo2nsmXhSuZ1EyomFCDj
4cZU7PwbwX6wuoLJfoGGoQ6Tq87eR5noKZBH2Dk49XpN
6E1m1jQfPY1bk48NyN1GMwJSmxUbS9Sqr57DyitziLWn
9KJbbRm5qjnWBNZNv3Mhk2hEFqqDAYcCHuUPxnG7W64g
GRKqLdY4K4VhQC79Sa6EeNpSKchuXGKkZELPAUtg5UiU
32ZJNMMve28xknkYjZUvUJ4s6P7YMvE3FdwGzJFLS3CC
CJf8xXpjjrADii5HaMcrmHpB9dENMLXJWUtxxfZCNM3M
6cSQY64U87KG9FSSr3TzphK3oBcqUi5NrKaxYZVWxHhd
A4BfVx5YcSTa5N3X2enQZdKaBMjHA9M4ANfFvHWaaseD
FRpBi5GZazQQGPni9TCb25GhfK47hWZqk2JFT8Zb2CAp
3PhaCgeZ2QPySoRhCkVcxY7joms6etYQMtDxsA9VZ7Wi
6hK4TePe6J2MAMeb9AWcFwi3XCMwpp67BXaxuxFmNKR9
ANUkikZTPfEoBrqtveRAeNkvVqZv335H5Nvspm6u9Ghh
9V4i8VdxEHgjQFEKdXT3N4nFKRtNtkKCzd17SjxVWLSo
G65GARCdbm1MvdNAqM8vuLshbj4wBcJWh4KDbZQge9nB
2Ncn3aJy1VPGvW5cnS7VfPDbSWfyRSb4SW7dw3Sv2eCe
8jcQfheCyfyr9x9GiinbS868b4Mfzd9s1zxpaoypgcpq
2n5PbADyQXeCMztD5wnZjF3Nn2w8PmCmqSQ68TT6Q6KX
2DuYZx1Z26Y3ZMq5cdL8KYZra4VXMjEQSYApfVYRuUua
CmKbwqVuv5C67PZYgsyW9W6bTUzBybsJm5kNqHp8M9fR
96WX37vQhNmrYmE5UhWG1xFmYX6QM9X9vxUiNu3MtwYD
CWiXLx6juMmaq33BPXGJ1k2DPqzfDyCQWoAsUUe83CqP
9URT8VkV59Qak27PybWvZD7gX2EcAGMAYgMBvdqvHKT7
9WMmaAXatCsMpagkxEyar75XZguUUWWPGnBpqZDXvUxz
EZsxgTx6JXqZS34sDynrFkKD1Q64Eve7AW8FjawFfovV
Dqw9ywsAz6yvvFFXh3qjAzM2M3hGxGUnh2Tyx55pf9ZK
9v9D9kvePLBANY4Zx2PUzn75dHuQMMMcs7mZLYy3gMaF
BT4T3TfMv6dyhL8rHxFLhdjdPZokyixbC7Q52ywCq9bd
EqmcqPL3gqgRPdHGS8VmfcPNfWfs1WUvKcNxkvrLxsC5
3soRBGBjj4aJnQGvbma22y4dEiaKssiFMygcx6j2h6ap
CUEkEnnM3aSYrPa7bC9MZueRbhMWRrbQFsdosHs8G969
Cq4wKeNxdoPT6HaXpcrKd4PEvnNYQiSRkZaMELf4Up7Q
GAz612DpHGypCwkTJgRqdAPZ3jR7QXrzMdAaj3Uxy6v6
89obRtCkiqcTkPhfrhxWzrBCdVzWiz9kgAHpPfEA6sma
4ab9njcEAnRSv9ERFuPLAXzs7JEB6Yambov2PxvaP2Z6
CWiXLx6juMmaq33BPXGJ1k2DPqzfDyCQWoAsUUe83CqP
8NdSuCfXAXn55VYNshHfhzPvQn9BCiqTdpQUjNMRaJwo
EG64BPWCM9rgbqoB4Sn8KZh3jnKmjA3CfpxBDmduUeCt
7s9uXAyZ8cmpnc4ukL1WEz6DFEnGy3vdiHzFtcxeXhb5
EWC6ESChdBqExhp96XPMLXR65pXP6Ftuh1pPAVws4pmk
6m8f76xn7rLQaf5fyuFH7f2jSamyMHxBX7L3agYn2Mq8
six9qRG8Rve5CSGkc4StmyaXJt3FPknyQLhbQRMpDF2
AEUto3eFWHLAmmVRq3Vo2fmHXwte525jQGG6D7pN4RRd
9CeQYRt1eK15SUAv8AE6XPhh1ijhBF1dyPdGQGAiCfMx
7WgiQS5nx4kjBAL2jk4tpaBBg9v3eigwD1Hr9t8QSB84
B1HcQD9fugxYPPXahV1krS58F2ePQup1VCsfZvJCY3Gs
APbnaMh5jXT91pevLBenckSwNjEdnXCxvnpyUt3W8iZx
CWiXLx6juMmaq33BPXGJ1k2DPqzfDyCQWoAsUUe83CqP
EHNqwEN5MY8CdTCkR5bJcgxwaTrG9ZCVn3twaTxYMHzK
25b8w8wTRa7REcwkxZu1fpcd6a17AkdATWPuCP8YkQHw
ANUkikZTPfEoBrqtveRAeNkvVqZv335H5Nvspm6u9Ghh
BKSHSTKLPCF8yyaRLryTe4xXsXjZQcCyZ5LjyRSbTudQ
CWiXLx6juMmaq33BPXGJ1k2DPqzfDyCQWoAsUUe83CqP
GwQhAkL9zze4chadncgTtEkzcba1fZtHhP3fa5H3ToFT
3UzdWiavQL1R1yAzZfFL7644ZFLx3BgSQBjzMxoLJy9Q
CyeixoYJqchPT7ZA3a6dbshUTSQxwhDLUwKjQPZWfLQe
2n5PbADyQXeCMztD5wnZjF3Nn2w8PmCmqSQ68TT6Q6KX
4SwDAKnt1ntsUKHaaM19jaajo9jV9xcHjB6ehwTtjkEt
CWiXLx6juMmaq33BPXGJ1k2DPqzfDyCQWoAsUUe83CqP
AMnL53CPuiU2GeuGXE6kVj4s7zahgodv2p11tnT57jCC
6E1m1jQfPY1bk48NyN1GMwJSmxUbS9Sqr57DyitziLWn
8DmRR216akpGM4i748vQxbHVL3mqAYBWLGs7G49CJoFC
9kLsUfVj4fLDLAkYLtStxk6g1XcNB9AJDPn7xktaXFHF
3tt19kVnDtkeLL3kSzGGbkRzs7kMQbLyQKEtAwZH4jDZ
FFCKeRWsUoCFbMhScjZbAdtgr1qqirx6j8KRsmaU8RxG
6bDjJpMQBfQn7tBJCEc8M2J5BKXtDcJHFp1sBPe3CS6o
CTiZBRNLESeLJJ3aw7PcuARpnnBPiUDw1pfjiRo2TqGH
3eucHmLaRJzL3d3rzYx94KvxcVhR4ESLo9R9hhb5Snbo
YgFtXbkcoPiof3eYu7WDVynKk9LkTJsp1uzFK5XhzyX
CWiXLx6juMmaq33BPXGJ1k2DPqzfDyCQWoAsUUe83CqP
H8oMhzkrpA63MH548xQd1MLHLUBAJJXPJPZoAhr1j8ny
CvTZWe3SSDMks5rmG1wPA91mxba8FLw4pfm2H2YQAkgm
7P4Bb1pCMuYNveYhg2j445cmTRCEGp2eAAtBQUv7Jz89
CWiXLx6juMmaq33BPXGJ1k2DPqzfDyCQWoAsUUe83CqP
GP5wZ1hEfpD9TxhZzPGQVWSS6VVBaGY7J6dt8KeQuPxv
8brgWjumuh93LUQ3RD64gWYY6DD5ZH8cjX72JzBwSzwA
Cpg4r5owVcE5DQBDcGDHrfguhTJksJ7y4chYP2GbfKi1
CdXU3s7AFPSoqAdSq4fTXsDeTvgeiVv61kgSYDLDL2DF
EZsxgTx6JXqZS34sDynrFkKD1Q64Eve7AW8FjawFfovV
HDADTyGCNnbmYa5MVpmUwhDbiyAy8CcQ6k5ZDZzQGuuM
EkrPmifHXbGk7PLeReSgGieStGYrU1KJQudkdvVkFgFD
A149BPr7qHKtPpwvhLWDmQVYuGa3rbxE6KPUjzq6THzV
5updUQS1RxJZyPFRyJMmVq7vYZnNZTnPUUftoorgyrZc
9JceWqW3ZKzZnzkcz6JfBp2bWwbf7UWwjNnRKPf5DPj8
CWiXLx6juMmaq33BPXGJ1k2DPqzfDyCQWoAsUUe83CqP
J8vxiR8o4NvY8wcR46iuSpSAjXhBwGCgrbo5LWA3corc
AEUto3eFWHLAmmVRq3Vo2fmHXwte525jQGG6D7pN4RRd
CGA6H2M3FEjemWohUyYwh5VdvSteMTFxxjZJ1oAgAh6k
H6ewEQKqUYhPFNBUBjKugH6MNgBzWFoJ1U5fiVvyHDnv
CWiXLx6juMmaq33BPXGJ1k2DPqzfDyCQWoAsUUe83CqP
9K4XUuN1rm5ErTzCH5kUg6L3KjC6SvMKMmtspar5HQGi
AhXCUKu3Ni8sLTRzMkwqp8t46mGFGcbQeC6FyPSjErXL
CWiXLx6juMmaq33BPXGJ1k2DPqzfDyCQWoAsUUe83CqP
