Bfeoj88MA12nmKD6PNSVgWzmkpJxaogG1F7VpmWi71jZ
9de4MYjYjHkJy1PSZKu5S9yeyMGg5nJaDk4dHxJjQhA9
B47vdVCarisFhntFvXQALXVUzTrxAMbNEgYv6x6S7WPr
FNgveajw7hrxAS5MchGkuhd2LVDkcZZniRegyCw5dQ6m
VndEkjfD8qtcCbVfXsPWyu3dtRyeCxbeKYLiT3D1NWD
DBd2ge4NZ4gurhTMenYcsv9XxkmW3JtHX9ZQCcTPmfcj
4Hb6kDpTToMYotdLPKERkB4ocGxdJgY92MJgb3GJ8DeW
E6Y3PQMgavQCoDrVxdA5WEqiZGd8QcgJB1dR6oMYGbX7
DZi5bqU924rpnHJ3EBgfUG7QG5iBDWzR2fy7MuUbEMrz
phyTvvbfehd61q92A5MLEurLKcCATmsNjdc1k9MGF9b
De1t9UcRioMLaLfJrv3g4H2xc3CoJ6yC1noV9fctzKc2
FbjGydoj67q7tBFQUchk3Ygf4HDwESy3KAD9RiZLvsK2
GnYPnR9cpdKG9pxDRAkx1wrSAga3DFeCBqmfAR5HHAcg
5oyh7EKqEHgdZGsG6gfxPYEWdFGa4Fv4gRtsRzA6qjZp
FqXBFxsKVYCQtbFayZQB57tW1okRtaT6TU1WTDyJcseb
ESP5ubJ2PKBMJi4azn3fDsHPM6fPZ5jVY94dzk63fykB
2nTTFTrBdAPWudHC6dgnTnvSPBgvKmwVYGCTqfss9bqU
FTgS9y96uFEcrE9gN7D4HoZdsYTg4ivB1Nf6ADYF3YHr
GRb1vumN1nGos67EG4Sxy4rijbR6M8y3a1cJtZy8NbsZ
Cry4qRZQDEYYaws2GW3BzDQuXEPq5qSHUbHjPoNWW26r
FyGZUDUDgiqbg1S7YzzEjeeTdbaAVfdxnztqGqixXeSv
7MpdVyTdEeK9V6D3nbrNsGLqgEv6Tgxf3XsfX25hu6ds
5fxpSn1SyB6yemdkvmuta6DHeDDXkTAgTjZcL5gVdzYK
4HAM7sSjDeLMuRbSAwTNvCDcusD9MTkkduQWCoKYDSjY
4JDC8MGQLDkeXc9VBqnYmCGMjdUSjenG9wx5w2J2LspK
2gXXtncEQvLGQic7i8iDxi4LQNK6J8dfGsVmdYQP5Zas
2gf3bqvvk5e8BHtdzrHdcr3G9vWEXBdXN9Swc5xT4Jig
45BcYeNqrgPN47mX45DxRwgS16R2fHgu4CjDyDQj74NJ
J8k139BJ4JTkrjhLWhftrCg1T8FipNULqxrAZpZedJfD
HqWci1gme3sbMizzsDrvMtMppEEaf3Uc3CzJtrXdWZSc
A7aCR1bRmwhtgWi8Ay5CP46pMmSE5pGg31HAX9fVtZik
tcr8aeDP2P2LdiqgH9kLTVFFUhqg3VwVFsKiiN2yETi
4FukYHhMsa6ms3pXRM5qDtZQ1px1XhpWDfPbPEMLCzXW
B7z4nnE6LqjdTJSsaFCcpu8jfXPQNPiuDKnmnht6qN68
HxyxxacHd4QvPYXXPEikX5ETVq2a6NjDHRfDAyP3BaUY
WfXh6BeddX4M8wqmisGux4H6eY9qrLnds1zBgejVATP
81cnxX6jicdP1x7Nib2vzcF6uF3AAKqKNx7CF6VfPUhv
5f1yFKmfi96Uj5bM4fZwatgPxSYG8zs1s4hhTEjizZ6Z
CAhpMQkcnQaHELLwdrKUH2TajT9sz3PAbPChAmJd4MZV
57dKeppRAXqafSLNfViWZRv4r4DB2aB8tueSHW9m2d5H
8dP9zdhTfFGMBdsFTsRmfmx2TZYciD1yMum6zma7MCB4
5hmJxvYQqzBTAyMjrKEtu2gMZ9ysnZiqc71Tbp4JUuKd
3dJh6Hg3FvsFWfPnZ35rx89AN3SjHWjcubgQHoQLBynK
GD9r9TBCSnmPSX32GaSU592J4GQRZ6AhkXBJQExwY7gL
2i1PJhSNsT919FZ1xuh5yRvUDfjbQJmf1fFHuRh3EqAz
pP7ApRiEy6zVBTNpcgdXqaBupnx3VLSkRx5EWpftjkt
3wfhY8ScwDqSdEgU1d2c1EKi4DWTTWxvCHB3Gc8wtEmD
5XXRLhCkTNPqrNNns68S3M4E2FWf9JUS2A4kihykp5JV
CXEUn9BkADGTjMofu2STm8MR9e9JDiYbVCKB64SSiLsQ
9MheHvfNK1xfER7maWVZEgmby5FNVYr2zMMjSqy6fbB6
9B8bxzVujRXXz4UCAy3qKRonzvd5m3K9vQ8FHUTgzpkC
EcDcKUM9qTWVJB3EB2j3sFd3VFYcgtLHY3fZnoU9s5y6
GfttdN2D1d8i7SSWoNRnByx8r8JT88oN2kHHK8aHfqrZ
CXGFYQwNTFF2BpNNnae5pV6w9uUSDNH2NbXyTQJ6CqWT
8fTwqpXsNj6qz9rbBmFBkFiAe2XEa8iaEAe41eHK3zgj
8ELmjo3aE51Z5EjuzwvFqpaRPC3Fea1rAnYsUt7DCzt7
8WKo6rPE9gA67hfYQqnCGRrDanKm9V1JjFZsZpvJ2K9d
9nTVkmLppCNHp28h6gJyzefXiafLhE65zYyEpEe74boH
BM4FZLQAtWrJuDPQEkdxPoXz8vyCj5jqVhQLGS3NPvGe
9aqd3QZVyBqgBVVDtnCNTpZ7pP6PbnDeaPXHZmytNmeG
HSQoKHw2VWRihocDr82tD8EGJvbnbp1z5vxfn3qHPUJt
8VGsDQebEaduHVxM5J7ceBihrwxrCKjkdhWPf4QRTiBD
BZP8ZvW93gFJ7UnEnWPLf1HngEWNKW3v6PphMhDTgb3H
Dv58bDv5VisXLDpnRUBuzWdgvrPqumS5NDo4TNZSxPvA
34MEf5TVkQcMPrH63sf1PAjeLNZwZZXYX6w9DUwhioaa
BpK969kAwTQyK2b8eqGpwaUnrpNtDtM3vtCZVmcpRfGk
uzw3P2LUzcWrDtLrZL8JwLycyZf626EzYPVSX61kWCa
8qDra2qcZCwXBwYruMfqF5nk8X2yp5KGXzrJwjTEHMwm
FSrebBVn3g4DdARecxQBnYXVuKuEJcSCe2TUWMKRTGos
66aetbpLBE8CK4zXQV4NyC21Tied1147uUHb7ubGikXY
6P2KyuSMw7HRH249iQD4S4QwygRBfw1WZnsXk4sTsBFP
5mqaGhS5uukbo7Q8fJ8HRj5aFKgEegT2VVhzUCa3zLKZ
EVZjDsU7nc5eEKdx3B1sVkTGuUejALqgH6eMRQX7ES6u
BMxt9tirbHUumT2zrMTmSV64PWUF3nqw5H8JGCJC9xob
BTdWwZxZFpA85ARhcifCJQ2ST2nA83yirADYG1wY5snM
oixzSfCR48ApLDUSmSfrjABvTEZPn5yTvjZ3huRo14d
6TixaoXrE4Qv4WxXxS8GQJ8ANLv2Ti2THNXmYUtHJW5n
ENrdfjuLvb3ijnYYUseFnfs4njdssof4VSeuiHPazrjf
FFnyWiLYt5f5GseMqf8ShgY5Gj9CMuGeGGya4L6wmbHp
96rvqUA6ksmpbcsWc3JfD27KTLHRmv2F8GAbVTYnwVZn
De1MZoxKeUygTjo3JoscpxSpQF47BE5ZkvqRGMeG9Qdi
4wZSLR7nbb59egXuzqXa71h7EmqtmTYchF4eN8G7LNam
7KDEsyHvx9T6QLJBuZYYRRCgpHhGKaVjqUtdSwhzs4nb
9EUGYjn3fbCKM9ka66YUiztk8DrdUyxKz1wWHWSmSGMM
GFStxSAN25A1puw3jcTeBZFKJwBbsQuXeKGwy2j7Cfhv
8rx2rmaqNJVtw1KGRkpnwADCpwiLFs6ii7P7V9HRayya
7Rv3czqkybbWYffT7Ts6QhMcwFp4DH9vu4wyXvBGyjhN
4pgabksmydVPCGFoH2fMRe9pamZotZ8ggJuhwWRLmpEj
FW73SBFXG3WoU2ffCjnm7qPKsx9i7MFfTBMeWr2F1qr7
HREdv77LhZVScxe6qGgz3epHUuFa9JjVRp9ryywB7myw
Eao78Jf5VwFmpTt3QNRaqWMDvDbTgYUppTr2qxjkSFxf
9YxJA5AT54kR7wFQSh9FdW5dpNe133wjDoZXCy3Nx55o
Bq23h2KyNS4Pf3CRTKJA7jiTxwnxQ599GxAAk9ZkpXDh
BZF3JRNU3ySwFmvEjBfbGVEE4JSj2fLM8CQKyMcVqwa9
APj4BxpgRYFFh7TU4UE1KkBtr9ocEDJDUcRTBLhb2yto
5LT9fBPypC2T2xZa6TMg9pBqNyn9kMEaWpFqmdfAtUyD
EchMShA2bgoNt58bGRFEzha2Yktjb2NdwC3r2wDqUhX4
Aj4bi7LcQJeprbdu7apyr8NWto8jU57svyeKZUXvquj7
F2d6supF4sTBNMPrtv7waBAHUjxVqawoADcdFRXoLcHu
HZfRBBNUocUWCFAzaQ4wrwNF1pKn4cicjZ2jDsLvQ3NE
AyRn7grSYMeDc8tAMrJUpmSvjLC3ek54ZXvLXnWiobPh
CuBkVVwjrAXPsDPNbZcaWPEEde5iGuPwJn2fP2cXaH2R
9TZMcVzyjPmLKwWb3PPi7FSYQVWbyWD5XdXgU5p8Fkpn
DhJeMdoBPk4H7dHwFDDUZjH7c4NE27gpGjPHLa3n24VZ
BBDHdK73f1hXVUvqXwAvJvDEybTVJTxPk9casJaEy8bQ
FG6c9EYj1yYS8dKVNfbkNjKmGEN5rF7n2nLfk6qwsyTc
3XSpUBVbHSUCu4ZMW1Be8pqHNJhwsoHyv1U6hpkJi5a2
Ghy94XD7ntDpz5vrAbM1JcuS3V1dwt7f9f8mNPDCWaAV
8DnCisirkgCPjE48GzPM59qvYoxuYTx4DG7SCvbQVn2j
Ge6SGq9oiKCHo7o54CiCjKAqFDG4Ane2pYUqRQEToLwM
EsVhfZ7qg1nK7n1xhwCwPQG8k6QG1h3C9qpJrw3dExcR
X1BHuMvc1zsRCy1zM1iM633MbMPdw5mJwzk5dZectB3
4bPqYRcNXFjpT3HCgpHnJwUzjiuh3DWRe6DzQ2uhLn4a
9FyMBHGxWiXArxBu2WNQDo8WkVYLWoPoYxJLozsywVko
Hxukfjq4EWTV8GYu61JpVeQcweiFyfL54kx8qZMxnV1d
4HJAKMRAXq3JWfihEZA1q1XDVhG4rDgFng4Uk2myp9Ct
CqyRZ7f7HGnVF5AffUtxscgchsYwfFBGfrkuTWhabHPN
6oiPRHnBmxTdnwacn36mk5fUkS89hnGhtiFpGmAuUcSt