Transfer 1 tokens
  Sender: 29bWkS7o5jv1E65vKJHrcSoWxVLQsGhANk6MLJr4Nm65
  Recipient: CWiXLx6juMmaq33BPXGJ1k2DPqzfDyCQWoAsUUe83CqP
  Recipient associated token account: nUZw6P74GSqWZgkQqEPqqZdMej2aUJZy5FZFDdNy8f8
  Funding recipient: nUZw6P74GSqWZgkQqEPqqZdMej2aUJZy5FZFDdNy8f8 (0.00203928 SOL)

Signature: 5X1fCzWjHtjw6EEi7xWQogeGcU619okytGVizJuXJhiXasVnpeLiLtzwM4iUibwsKf9MHLeSNnrtvB2TDmUmp2ki

Transfer 1 tokens
  Sender: 4k2epERS5jyqn7xmPN3ywX4vziRPqTkVaRNcWHBoe7mW
  Recipient: 9AEwm9w9QbeLiZmy5qDCVZXvatKLokHhLPRsrHogcyap
  Recipient associated token account: Gc6M7umj3veagarXbNn9Uy3TnYHc29tCdKhu5SDdPsHN
  Funding recipient: Gc6M7umj3veagarXbNn9Uy3TnYHc29tCdKhu5SDdPsHN (0.00203928 SOL)

Signature: 4ur2FypSM94Mi1CADt2xqLgCKwHKk2VAbqAiioxqkJeEy8RiQhNkgGp36fv16cUrBqNKi3xdVQ4Z1yQN9YcCmaYs

Transfer 1 tokens
  Sender: 7ZBF5oLSeHKGVxX1S9hw4XCzrkVNwcUtoVbxCeYzwuFN
  Recipient: Gm4FvmDqQxNCqRdmynNknqdYcMwitLMfqY8aLFaxDwSq
  Recipient associated token account: 2sgx4w55dYUBmtmMAaeA6fzeEJ59TY3YWsQUZx5Uie1b
  Funding recipient: 2sgx4w55dYUBmtmMAaeA6fzeEJ59TY3YWsQUZx5Uie1b (0.00203928 SOL)

Signature: 48nUeeyU6WGeBqWC7B17eTq3gowANFtBDwx8ud3fvYXNTdaURB4Gqq7WpdAG1WRmzjSHtF1UTF8g6QSyo3JrNVRo

Transfer 1 tokens
  Sender: 7sFznDesfaYkKZY4orDkXJ67f9Q4Tneh7Ui6KzgdBosS
  Recipient: 2e8q1U9bHJ7nWNCjE15y6xarFwccTkrJDGzdbjcPJUBz
  Recipient associated token account: Dq9sBpdGp9oidi6Gjj5gLJbFLg5nvphWZfeWoTXt2yPN
  Funding recipient: Dq9sBpdGp9oidi6Gjj5gLJbFLg5nvphWZfeWoTXt2yPN (0.00203928 SOL)

Signature: 3kXPm4YA6Bfsrukoy2PxM1mrqP9xhgbSSDEyZEsmVHx6tJ8uHhjUjbkXiSh87bWTbchnsKMLjpFS6kWjoQzmmDZY

Transfer 1 tokens
  Sender: 3BG9JhmBskzWVA8esng6L58HqLgYU9i7h5PJKuoCDVjP
  Recipient: AyRbGy2jnBbhynM5HrW6v1WTnnirqzWTvDrDgMfgyFbv
  Recipient associated token account: 2hPYCuYftYd8mpEsD84ZJLuU5v1AHU7x1Wr2TYzAgtXX
  Funding recipient: 2hPYCuYftYd8mpEsD84ZJLuU5v1AHU7x1Wr2TYzAgtXX (0.00203928 SOL)

Signature: 4pCLRW8n18LFL8mqbkFW9A6roDpe7BSA1iwPQdrrTbYs6aof8wbXjUAkTxR3KBWnmLb7eubAGCHdWBYjxAXJeRZC

Transfer 1 tokens
  Sender: ASAKCC7hkUStzD51vU857CidwiMbHCxrsCdqCgvuwMz5
  Recipient: CWiXLx6juMmaq33BPXGJ1k2DPqzfDyCQWoAsUUe83CqP
  Recipient associated token account: AMyZwS14egHy5ivHsNKUV8EYhYrU3cuuHogCnSxa5GL5
  Funding recipient: AMyZwS14egHy5ivHsNKUV8EYhYrU3cuuHogCnSxa5GL5 (0.00203928 SOL)

Signature: XvMidqkFAAEYaMj8UdkuhkZmA9tPnYFyis7rVPBY8adr18J5cAKuuj3YpFrFJimmnDG4M8JMJXoQQGR4BDUfYj6

Transfer 1 tokens
  Sender: E3DHNQKSDg9uRQqQWmKrqzZyDv8TwuBJruzCAaMWHDdr
  Recipient: FXYWMBqVQPq9Rg3v1sg2WZbuANS58JfBCaxAkS8EBCUe
  Recipient associated token account: LthGPeFyrhb8xhAZ3sr6L596JuFduMQtvPMfD4Pk7Up
  Funding recipient: LthGPeFyrhb8xhAZ3sr6L596JuFduMQtvPMfD4Pk7Up (0.00203928 SOL)

Signature: CUj2QME4w11Hm1tmdCWhWHds8VwHxoMa2CAqxw5d97fiUDXRs5ZbQYtBZtx45qxRY2NT8o6oqF9oyyxF4cLxstA

Transfer 1 tokens
  Sender: BJud4PhXz179yeMbsh3XDhcZBRfDUX8WBR8Qo9QxkDUC
  Recipient: BA7N78zwguVEsumBr2DBvCY3B28xj6RY7NkTwRVWvcun
  Recipient associated token account: 5hukVZskRW3RHxecL8VBxxLyKB8jST8p5GuBhgr6GtTL
  Funding recipient: 5hukVZskRW3RHxecL8VBxxLyKB8jST8p5GuBhgr6GtTL (0.00203928 SOL)

Signature: 5vHcDpARpnszRnKFBoYt7daH9UubyEVDDqkMWDV8sz8WAhTgc8JvGahW4ebhNfGvG1zYty6S5wiT1FvuqkL6PmeM

Transfer 1 tokens
  Sender: BK5KwMKvV9EayhdR55soebUxuiBaBcKYtkwT3ZLBQNDk
  Recipient: HyJGn2q8vgYCH6urPsQXwxu6W5DqecVvBNTMU5RnnWrW
  Recipient associated token account: 94vY6CgNN26rmyQKwTHa65pZDhqctTnjeCpSSLZePsq9
  Funding recipient: 94vY6CgNN26rmyQKwTHa65pZDhqctTnjeCpSSLZePsq9 (0.00203928 SOL)

Signature: 2afnWYf4HiUG6AY3a4b3suUgZ7vTXV9qwqswz2vWsWfYi5678Lgg829eP3RjJYrPLArQX5AZFoTCDSgQn1FmLdzG

Transfer 1 tokens
  Sender: G5MHht4VPo2ticTLToQd1579HP5xQBmH14q4M2PwSzhN
  Recipient: 74ecjMfRg6EUV2t973oU1VeueQ2JTXLhXhZcPXFVtYM4
  Recipient associated token account: 8nej79oxixe2nMQTDpP7AJKFt5wGCVPFBL3ANw6igvyv
  Funding recipient: 8nej79oxixe2nMQTDpP7AJKFt5wGCVPFBL3ANw6igvyv (0.00203928 SOL)

Signature: BSrCcHM5GkE2ZZiPka3z4L3sjP63zRgDkBBtuV7d9VMar5XJzTfTo9vVz5HceF2Yq4qUTCvT3VpooTfR7yZbRuK

Transfer 1 tokens
  Sender: GxctoSPBf21beh2nUd7tGE9Hj5t4hpLwcCfquqjSSkoR
  Recipient: 2DuYZx1Z26Y3ZMq5cdL8KYZra4VXMjEQSYApfVYRuUua
  Recipient associated token account: 8UycXpU5eBgEyAUs7vzhyLMTSW1ZEUwd2Kco1RXHnrEb
  Funding recipient: 8UycXpU5eBgEyAUs7vzhyLMTSW1ZEUwd2Kco1RXHnrEb (0.00203928 SOL)

Signature: 2axPFeqEAvN6pr19BzaaTfJiRk5aKDXXYVEc45es59v9Zo2M6hiVUNwz1HXjSYBP6uxHxYUUdVXuBErDPpZjdhnt

Transfer 1 tokens
  Sender: 9o1gqxqJ88YmNzZVpvr5YJ2AhbqeP4Ph6Uxr8XLDFofQ
  Recipient: 7tMyU22ViPrhY14fy31bSmTsQK6rwc9q3Zbq2u5RkZis
  Recipient associated token account: Gk5RuWN2MQFvbpUW9qdfqwupFFZqjnxha35HGfoub2Fp
  Funding recipient: Gk5RuWN2MQFvbpUW9qdfqwupFFZqjnxha35HGfoub2Fp (0.00203928 SOL)

Signature: 38DfZyJ78QY8zC8RSTTZ1b4f1RMU4Cx1bHZY4uZzGUUQnSwXWsbSW66MfTk5YY5s8jMJe9zhMtnYXEP9qGsYn4ah

Transfer 1 tokens
  Sender: t6dpK8RjSwZBaAKSecwCMJssCxvgwfwe7q4zoW6TiaV
  Recipient: HxGr2AZnLhyDxfL6vGCgsVpgHzXtgtWjZyNmPFvQNsBH
  Recipient associated token account: J9NeiqRTVi7rwdDL5B2brWfxqKmPHJFxnJfRbWFgLJRA
  Funding recipient: J9NeiqRTVi7rwdDL5B2brWfxqKmPHJFxnJfRbWFgLJRA (0.00203928 SOL)

Signature: 2KCTzwDR2qVvkJ1z1nFTK7ziadvHZEj3ER8cbncNz2NxNhsPW2QZNnz1XGEAanTnjbHcRjNu15uXPNqEj6Pt1JeM

Transfer 1 tokens
  Sender: AuGPXxR9XpKiY8adf4pMzKR7dGH4uQPPKyUZwLVNDbqV
  Recipient: H3cPyRGXwmReAMB78A8guetqPJLekVXM5DXK92ueCLfE
  Recipient associated token account: 7n4BNmr4vLvmTLpQ6MzD8QjQ6AA1wCFbqLZ6q7AvVMwW
  Funding recipient: 7n4BNmr4vLvmTLpQ6MzD8QjQ6AA1wCFbqLZ6q7AvVMwW (0.00203928 SOL)

Signature: 65KuMVsMgAn3hyoR9cdnkMBuDbZ17VpCxgpZtb99Lq7ysauYDv34DQvEQzvichhMyB6APzkRqMfhWuTRKQCfVd86

Transfer 1 tokens
  Sender: 6kKFF4ryy9nmYnZ3AThKyugApNG6QcrtyjnhSsqqG8dN
  Recipient: B8hFqwrfoYKSMemjvE51SaguLuu21NzbxsFS8pPJmAdp
  Recipient associated token account: 2g6RvncJytohkPKKSvxSsYqHtt6xhkkuwU6LvMx96A1J
  Funding recipient: 2g6RvncJytohkPKKSvxSsYqHtt6xhkkuwU6LvMx96A1J (0.00203928 SOL)

Signature: Y3n2XQj6cqwUF99KiRic1M2EoVMtSsc6hRGJYCQBMiRi3U2dBut85cywPXtGdKchWv5vL1eGS1dh9eECbR7LwYK

Transfer 1 tokens
  Sender: 3mu3VVTbrmCf2T3UX5bK4Sus6EvLSY8BprWz5LHc6kvV
  Recipient: EZsxgTx6JXqZS34sDynrFkKD1Q64Eve7AW8FjawFfovV
  Recipient associated token account: 43L9UKX7EPKtgAsRUS5J7BFsFjyzmjEPLLBZ3RTQHMx5
  Funding recipient: 43L9UKX7EPKtgAsRUS5J7BFsFjyzmjEPLLBZ3RTQHMx5 (0.00203928 SOL)

Signature: 5J6ZmwGNjWZwbor8ACVjoWs7zFpKtfZqUPdCvaGKp4V51GpJeHQXbsEVDPJsgacJTmeQibrTnMkjT4Xp2hxdW2Yu

Transfer 1 tokens
  Sender: Uy51NFTAKLByQtv5oEiFTYmDyamrfTN8rYFJS3V3xaa
  Recipient: CWiXLx6juMmaq33BPXGJ1k2DPqzfDyCQWoAsUUe83CqP
  Recipient associated token account: 75qMbojDBsmjnE3qXWzHmxtW53q7eAYHZuwTE2rmR9Uu
  Funding recipient: 75qMbojDBsmjnE3qXWzHmxtW53q7eAYHZuwTE2rmR9Uu (0.00203928 SOL)

Signature: 5ktmPPTeQknD3ZNKo3ynt2kwfsASj9KfdEQqqqc4VzKFfTPTYDXbRwrbR1HEAWQWi6r9mTwSU6TCGPYGLVQtcei8

Transfer 1 tokens
  Sender: 6iyvKiAYwDYiqoithRy5Y4G2qo6RD8rXNw5QcWsEA1qg
  Recipient: crpQUfqtr42Y1W5LgZjvjVnEo2nsmXhSuZ1EyomFCDj
  Recipient associated token account: DN3DsmdZZA2w2t9xaRUgjtcLh3eM6C9MM2SKBZjJEtnK
  Funding recipient: DN3DsmdZZA2w2t9xaRUgjtcLh3eM6C9MM2SKBZjJEtnK (0.00203928 SOL)

Signature: 1npihGy8VjjxAwshJxfnKPNop2Q8hFR8iU9pQUTsau53x1W6ZcudXKpxdSZsJSNinMaefvrUvvQof4gsyYzQYYT

Transfer 1 tokens
  Sender: F1bkHET2ToFxxLSHc1czugKjKeapRfiwNj3o3suVUH8e
  Recipient: 4cZU7PwbwX6wuoLJfoGGoQ6Tq87eR5noKZBH2Dk49XpN
  Recipient associated token account: GmXUwopnR2xmUayELqAjhsfgYMziy64CExngciPsgUTk
  Funding recipient: GmXUwopnR2xmUayELqAjhsfgYMziy64CExngciPsgUTk (0.00203928 SOL)

Signature: 3WAW42nvheYtaoCyVCLoKq8KkmH6wB23CTVb3y2mxWYz3kgzzhNtScrZ8zWSYFvGhqLjE7owGwZH35SCUPyFLt5M

Transfer 1 tokens
  Sender: EmGPk1YWV42kG2twerP2ia2gEnFML4XzWnJfAkF21JRU
  Recipient: 6E1m1jQfPY1bk48NyN1GMwJSmxUbS9Sqr57DyitziLWn
  Recipient associated token account: 9fubHwaDocVGViqHteMdb4T5USQNi3ZPmV1NpsAfQhqo
  Funding recipient: 9fubHwaDocVGViqHteMdb4T5USQNi3ZPmV1NpsAfQhqo (0.00203928 SOL)

Signature: 36Szd8E1rpcS2Ki8mxTKNvmdigr4rhiYd1xnVUYjpYBmvgU2EipHpCafcUz6LovAbXfrSdCrUdFRSPM64daVCGnc

Transfer 1 tokens
  Sender: 6t7nyai5LyXvZJbVG9fUkFVqCqKdrdpyiMiYFrDfEvLK
  Recipient: 9KJbbRm5qjnWBNZNv3Mhk2hEFqqDAYcCHuUPxnG7W64g
  Recipient associated token account: CsNgMNGDjF1bYbaKdjDnJWnC9MdWsdfSJnAopMXHEYoi
  Funding recipient: CsNgMNGDjF1bYbaKdjDnJWnC9MdWsdfSJnAopMXHEYoi (0.00203928 SOL)

Signature: JRvqiuCr8dLZsusGX1UGDR94bW9qiHWj54yxnZJ8HXLt5hDWksL1U3HNeAJZaY6FLJPkRBafinyZfqzJGvcL9LJ

Transfer 1 tokens
  Sender: FmdjQnSCeXvo6PWSxbP5zUzWhs3fxQQwdmbUSr8XWiKH
  Recipient: GRKqLdY4K4VhQC79Sa6EeNpSKchuXGKkZELPAUtg5UiU
  Recipient associated token account: FfqAF7Sfij5R2vSaPJCAcpArHSTGhqenRBMnSEiTD9bL
  Funding recipient: FfqAF7Sfij5R2vSaPJCAcpArHSTGhqenRBMnSEiTD9bL (0.00203928 SOL)

Signature: NkQeevVUbvAG9GUJDKkCTyESuaBkcC4QWUgpG9o4YjNkBqxNXaEmpyMRSERz3WjpzKZeauqpw47JqUKTYhv6pop

Transfer 1 tokens
  Sender: 4apBkvoD6FC4a5SG6rf8Zvxm3CeLtj5rk4mptNbPCD9g
  Recipient: 32ZJNMMve28xknkYjZUvUJ4s6P7YMvE3FdwGzJFLS3CC
  Recipient associated token account: 7Bt8WzWkKJEMKZsNZLAueNXLJS3HL8NTkEXUp1Ki8Usq
  Funding recipient: 7Bt8WzWkKJEMKZsNZLAueNXLJS3HL8NTkEXUp1Ki8Usq (0.00203928 SOL)

Signature: 8K5PLCPL7Aoqifcomf4GzwAAQnqrcbTC2T5XpcuvbqekaqdG4rx33kf3LHKFTCZPBEWwbgnMh116QaEQX52xxmg

Transfer 1 tokens
  Sender: TRaPkrgoTgnoSXnJbFzcUL58pLi8UxcSTTowPEziufq
  Recipient: CJf8xXpjjrADii5HaMcrmHpB9dENMLXJWUtxxfZCNM3M
  Recipient associated token account: WoMBuMUkcDpkQrbC4wvHNriBtnE2uEqPhUWJKvPKmte
  Funding recipient: WoMBuMUkcDpkQrbC4wvHNriBtnE2uEqPhUWJKvPKmte (0.00203928 SOL)

Signature: 4LwqddN5v1XQXdX7cwbLDrNbNus65nqjMaAqrHXS5tEyN1oxznJdTUaBr3EipHvk2EVfBKTapnrDYh4kbxAXNM42

Transfer 1 tokens
  Sender: Ah6b6XtbryuXToi9rgL33dcztgn3XY7MgGoD1tGxmqck
  Recipient: 6cSQY64U87KG9FSSr3TzphK3oBcqUi5NrKaxYZVWxHhd
  Recipient associated token account: BRjrNV2A5uwJvwSU19HXMiXUCgT6TPvPSitREaqnQ2LG
  Funding recipient: BRjrNV2A5uwJvwSU19HXMiXUCgT6TPvPSitREaqnQ2LG (0.00203928 SOL)

Signature: 5PjucjeLwfjRE2UABBgskqSHU87i5AuazF1GvwbL5qzqvBjfKkY5FFafHxjJtYuTUgwYHKZjNmwe17NE7f9nrRCq

Transfer 1 tokens
  Sender: FUHTJmeSc3pFqEAdrwYJAtR6NMkj5LGr17vuFrJJTj4q
  Recipient: A4BfVx5YcSTa5N3X2enQZdKaBMjHA9M4ANfFvHWaaseD
  Recipient associated token account: 5bpcotfuMsVxwLMfmmPH2VrT81bsCny6TESW9JE4hUDG
  Funding recipient: 5bpcotfuMsVxwLMfmmPH2VrT81bsCny6TESW9JE4hUDG (0.00203928 SOL)

Signature: 4X1Kag9fGUyK3qxSACY3Qreqm4DffoyAcBKNfBEPxxSG8aKvmEP8hF8st4c1GTsbAuiGMSiynaRUPzYPSwdntMJU

Transfer 1 tokens
  Sender: E8dhkfPhj69Z5XFeWEXLNmwwpHecZYRnFnZvYPR3sUDM
  Recipient: FRpBi5GZazQQGPni9TCb25GhfK47hWZqk2JFT8Zb2CAp
  Recipient associated token account: 8tSNYxpkg4LEnL9FTkGEHX8uXzD6hjBUhjDfdpDcRepz
  Funding recipient: 8tSNYxpkg4LEnL9FTkGEHX8uXzD6hjBUhjDfdpDcRepz (0.00203928 SOL)

Signature: 4KvLoxKD3CEeGTwiDAaGbJ5hiz2z99oCH8E5rV6XvNanyb7vgD2LnwJYf6aveAUeaKJP91XaEzPeD5c43gPioCFG

Transfer 1 tokens
  Sender: EWcbdWCxUX11Eo1RWwTC9aARP57Ahu6kWPzXA1euoaDs
  Recipient: 3PhaCgeZ2QPySoRhCkVcxY7joms6etYQMtDxsA9VZ7Wi
  Recipient associated token account: D4g6RbtANUkNtPHhhQpquNjDnbManJY72BUzT87hPDc8
  Funding recipient: D4g6RbtANUkNtPHhhQpquNjDnbManJY72BUzT87hPDc8 (0.00203928 SOL)

Signature: kXWK2JxzpcNZbuodpa344w629LbVEvRMD4XS2U5Fzk6Dfatkiuy9WEPGf8Zmt9VKoVkRgA1e3TkrW8Xb53GM1yC

Transfer 1 tokens
  Sender: 2t1sAXfc15azFoaNqg75kBwhvQPkh8VVNTrmhLrnHs5k
  Recipient: 6hK4TePe6J2MAMeb9AWcFwi3XCMwpp67BXaxuxFmNKR9
  Recipient associated token account: FYFg5GTVgvqqj1mYmro6JAsNKhq5gSnvwBaqunH8igx
  Funding recipient: FYFg5GTVgvqqj1mYmro6JAsNKhq5gSnvwBaqunH8igx (0.00203928 SOL)

Signature: 5tYPHiQo2YQjdnd8DRuJvyPtYfD7n2wNyDDXgaGwBC66T1JF1d63jSt4nsEBvuadjC9kP1VcXrwUaApVByz3fkQN

Transfer 1 tokens
  Sender: Ecc2AZS9EqSN63Z5uhjYSwBegpPnGNsBjuZtzZKXv9yK
  Recipient: ANUkikZTPfEoBrqtveRAeNkvVqZv335H5Nvspm6u9Ghh
  Recipient associated token account: 2cYqq2Kt8BgtXTea5Ykz2WLxWYb5dgDbDYqq9pUA8yBM
  Funding recipient: 2cYqq2Kt8BgtXTea5Ykz2WLxWYb5dgDbDYqq9pUA8yBM (0.00203928 SOL)

Signature: 5z6HCyP1WQ7ZmWdyMKAh9pZwpYCag1T7aX4WbqJ9oUuMpFdgq4U2khkmJCtRVTguvaGi7GQYpsQa2bJDeFoysUrE

Transfer 1 tokens
  Sender: 82a6iSgEWrLCNcszEETZSDPzYGfsKT2D3rDEL9qJBHE6
  Recipient: 9V4i8VdxEHgjQFEKdXT3N4nFKRtNtkKCzd17SjxVWLSo
  Recipient associated token account: 1D3RByEpHmctEpzUaNkRnv4gq6bxD9pnWBPz9muWf4Q
  Funding recipient: 1D3RByEpHmctEpzUaNkRnv4gq6bxD9pnWBPz9muWf4Q (0.00203928 SOL)

Signature: 3WkGoTZXtfdURUn2F1rKEio4SoeADPv9zJou1QkQS1Y2XwK4KDoURXCjaZZyuPWXVHXG6qQc23xK9FGYo3wiCcGn

Transfer 1 tokens
  Sender: 7kBkkVNAnnDPSZmgppkQ1WuND8gVtDc4JvrbyfJwKqjP
  Recipient: G65GARCdbm1MvdNAqM8vuLshbj4wBcJWh4KDbZQge9nB
  Recipient associated token account: 67pzytU1x4L6ZVC8Te2nvKHyUnacPzvAiVNCJga2oVH
  Funding recipient: 67pzytU1x4L6ZVC8Te2nvKHyUnacPzvAiVNCJga2oVH (0.00203928 SOL)

Signature: 4Zsobkxw5SLbyoGyLFQSToei3WsnywPEH5DsmRExhvLB4DQyWimVgchGxdg9JhLrWa5h2xEKT1TW55Cq73kdkgK

Transfer 1 tokens
  Sender: 9uonm6rp6XdEcHbYjohrCs9Wha4RWhXkULADU5apipnD
  Recipient: 2Ncn3aJy1VPGvW5cnS7VfPDbSWfyRSb4SW7dw3Sv2eCe
  Recipient associated token account: 9edrRbZiZPZHCcti6k4TXbGYShmNF3TGuHB9xGGMVpht
  Funding recipient: 9edrRbZiZPZHCcti6k4TXbGYShmNF3TGuHB9xGGMVpht (0.00203928 SOL)

Signature: 53w8GeDE2i3Qn2rkNrBMztN7cDbPUjnFzEkiSsVjed3rS29LLESyffJvWCxhoYEQMxeUkq9mg7KkMox3bo4RLuym

Transfer 1 tokens
  Sender: 7mCvrQnpJ86JR8iaxirgc2w7cJTtdRwbw2skS3LpKveL
  Recipient: 8jcQfheCyfyr9x9GiinbS868b4Mfzd9s1zxpaoypgcpq
  Recipient associated token account: EhjH4HNB4BWbTQRMMYPXxBey8HcMkqr96PseddNh9Akv
  Funding recipient: EhjH4HNB4BWbTQRMMYPXxBey8HcMkqr96PseddNh9Akv (0.00203928 SOL)

Signature: 5V9gUN2GjibxrcRmwR7VSDoc8Jdy6WZ9N2xQjjo9xxQT3nLv98Ac1uwAFHzQREScu8FbvyQce3kqic6gCRcMt7xc

Transfer 1 tokens
  Sender: CxtGzXbtCUUdi2THBeiK2wbBVJqbcF5UPcBqg6EZQRgR
  Recipient: 2n5PbADyQXeCMztD5wnZjF3Nn2w8PmCmqSQ68TT6Q6KX
  Recipient associated token account: 4V8MbGjsrrXZqtE9o1wdEiKApnj4SiNYEvQ8s81psqbB
  Funding recipient: 4V8MbGjsrrXZqtE9o1wdEiKApnj4SiNYEvQ8s81psqbB (0.00203928 SOL)

Signature: 591UoXSAk1ZothDB7nUhZEYpTV8NfayQ9rRBje7TFQSPxZskPSSyZu69xMFUTpr98d95MAdbVDYiTVBDvpE3Sjtc

Transfer 1 tokens
  Sender: 43yqpn7DHDwPgWx9UKo2W83DQdMfgTTwt2s4RTHybPcX
  Recipient: 2DuYZx1Z26Y3ZMq5cdL8KYZra4VXMjEQSYApfVYRuUua
  Recipient associated token account: 6gZ5aB2tJrswGBpjVjgpb54QkogxE5MTGar6GACx9U5N
  Funding recipient: 6gZ5aB2tJrswGBpjVjgpb54QkogxE5MTGar6GACx9U5N (0.00203928 SOL)

Signature: 3U1giN7Wvj4LiLXRhq9e3GnxksBrsuDqxsEftBt8Xs9hNHGrU4aZ1fFhhQCpW2JfiD4X5x7ra3gzBWHswReCHHRC

Transfer 1 tokens
  Sender: EinKS8z8ZVLNq343yppQKeEMq9B4Ta3VcgjGWytD4c1
  Recipient: CmKbwqVuv5C67PZYgsyW9W6bTUzBybsJm5kNqHp8M9fR
  Recipient associated token account: FeJJx8FJVuR9biNGAxCCkiFdrMEC5UUTMSfeXQqwtsvZ
  Funding recipient: FeJJx8FJVuR9biNGAxCCkiFdrMEC5UUTMSfeXQqwtsvZ (0.00203928 SOL)

Signature: 2XBnAWZHU69fSy98TehPuXou3q3424pFxHY49W3jNUEEkjPvcAphBDDPEpHT4rWA7PMjqy5FQ8TkWxgxWDaes9p9

Transfer 1 tokens
  Sender: 4orC7XD61eKCLgtbMxjk5czFV5jJPFzyEAPAGedYMBHH
  Recipient: 96WX37vQhNmrYmE5UhWG1xFmYX6QM9X9vxUiNu3MtwYD
  Recipient associated token account: 4KRLXY4cFdFWQDVCzHNVKux2u8tyT26f9b2WGz7suWpg
  Funding recipient: 4KRLXY4cFdFWQDVCzHNVKux2u8tyT26f9b2WGz7suWpg (0.00203928 SOL)

Signature: 2iBxbWdKvf9R1wrdK2ugnye6QAw6cHA9RgsoPPsckCsmjHUDYbGqn4oV36ZkmY353UScoSYAcCZ7S3RywxucSma1

Transfer 1 tokens
  Sender: 6tv1tQAMMcxheU3aUviZKvfDFnpfPgz5kqSruY5PLpcs
  Recipient: CWiXLx6juMmaq33BPXGJ1k2DPqzfDyCQWoAsUUe83CqP
  Recipient associated token account: GN1s4Uuf3vrmDnEKiCCQSqdDu6s7dkWxEFozdRboXfC
  Funding recipient: GN1s4Uuf3vrmDnEKiCCQSqdDu6s7dkWxEFozdRboXfC (0.00203928 SOL)

Signature: 54WBbMxMRpfFkXUKz1BZBWwGz6SS3g22FEzwUDEqLpkVWAtTnvCzZ1WtzzYuezZTUrWnvFwCRnu26ruPufa3DVJZ

Transfer 1 tokens
  Sender: DPBfSZnJZbmyno6ci1ZsLoqqCD9VFq7gF9rx4oGKaFR
  Recipient: 9URT8VkV59Qak27PybWvZD7gX2EcAGMAYgMBvdqvHKT7
  Recipient associated token account: 9DZMEWarHPGh5VEreAeGn7XF6HyarRJr496qyGA2qZyQ
  Funding recipient: 9DZMEWarHPGh5VEreAeGn7XF6HyarRJr496qyGA2qZyQ (0.00203928 SOL)

Signature: 421SeniAVsKsdvGRtUsi4WzUo18inzWKEEMHdVLW8Xvz8SeDLX6YpYKVCMSvZVchhNhbhkAPsGtmmg9BMW2qhuaT

Transfer 1 tokens
  Sender: BYDJGLJ73Fqw9jBAWn7FDYCJqJN62Ft1r9BottM5mcrF
  Recipient: 9WMmaAXatCsMpagkxEyar75XZguUUWWPGnBpqZDXvUxz
  Recipient associated token account: 87kTq6tCh1Yc4vTGE8F5H6DMbqEoZooTzQN2kWYNw2wG
  Funding recipient: 87kTq6tCh1Yc4vTGE8F5H6DMbqEoZooTzQN2kWYNw2wG (0.00203928 SOL)

Signature: zv27AgZsHtdwrRk1Q1BEAEgmfEG6wVfPryhSWjwVhG87iDJzWG1BKMGyWN3pmGwm5HzaicztJeKsoub9wkjxgz8

Transfer 1 tokens
  Sender: C1M2BEi8jdz1hsxZZbxBc6w2awWGGTkW8bgUcHCvruhm
  Recipient: EZsxgTx6JXqZS34sDynrFkKD1Q64Eve7AW8FjawFfovV
  Recipient associated token account: 7wtzxXeUzsywWCs2Pfyr67DneWqJ5KYSGybAcnjXF2BB
  Funding recipient: 7wtzxXeUzsywWCs2Pfyr67DneWqJ5KYSGybAcnjXF2BB (0.00203928 SOL)

Signature: 5WgUwV9oXqdei6a6n6do5cf2D9q2YLmY9nifz4FgZoPnRiv3a86kbDrwHY3BcLXMDt8XkDpRq6W5xwbNgZp6FYFb

Transfer 1 tokens
  Sender: keENSSD4AtjmUycSmjyyUU1y6VHQj7X2N8kTGkSFYsV
  Recipient: Dqw9ywsAz6yvvFFXh3qjAzM2M3hGxGUnh2Tyx55pf9ZK
  Recipient associated token account: FBrgwxyYLu4omwxH3BaH7cxNShgDvx4SxdDbmxrNwmWu
  Funding recipient: FBrgwxyYLu4omwxH3BaH7cxNShgDvx4SxdDbmxrNwmWu (0.00203928 SOL)

Signature: 3FFPTyYdabjzNDCJkeZ2YFh1Tzqa5Ko8TvWPReYD7cWx6p2S6EPpdcEnkYwaLoDGqTsZdbytiUCXLZy1iND8htkg

Transfer 1 tokens
  Sender: 6FMCdELFvCFFaF2uBn9CzaZ42CLwxRvQdb2t4ZeKRJo7
  Recipient: 9v9D9kvePLBANY4Zx2PUzn75dHuQMMMcs7mZLYy3gMaF
  Recipient associated token account: Fb3naNb9uoQvZWD8H7Ern2gocPFsggU1CrrT5XSjBZN7
  Funding recipient: Fb3naNb9uoQvZWD8H7Ern2gocPFsggU1CrrT5XSjBZN7 (0.00203928 SOL)

Signature: 51YbXAxAHtsRaunrCK8sdTerDkmndbvE9M1kmtCe1Vz68d6EePJ91vcUkt867MzWvQg4Ju5qNr45yzxvemComu7x

Transfer 1 tokens
  Sender: 6rzX6avyZ6hjzRFAMojuxYrfDQHtMPm5HieQ31qh45NF
  Recipient: BT4T3TfMv6dyhL8rHxFLhdjdPZokyixbC7Q52ywCq9bd
  Recipient associated token account: BuhKyWLKeuDiH85Wm6Fx9C2xPvbvKZdWKVDS9uzUPZDU
  Funding recipient: BuhKyWLKeuDiH85Wm6Fx9C2xPvbvKZdWKVDS9uzUPZDU (0.00203928 SOL)

Signature: 3fgyVxzwyoyDkw1X4RykFQbycmx8PiwSevwhnFGVcxLK2VqooEXcpg3B6SNS5eULAoRvM1XsF5PQruygZ7JcTHQj

Transfer 1 tokens
  Sender: 4jLKVPPbP8t3W1mh3kJqsPRyq7G62dZJ48bKRVo7zbGU
  Recipient: EqmcqPL3gqgRPdHGS8VmfcPNfWfs1WUvKcNxkvrLxsC5
  Recipient associated token account: 6idmzrYf4qtJxX7NQpqh3U99GM143TFDRcWwviNggC1N
  Funding recipient: 6idmzrYf4qtJxX7NQpqh3U99GM143TFDRcWwviNggC1N (0.00203928 SOL)

Signature: 5GZxTMiMeStw5r4gyLVN3jEur6hG3e1MJQxAd4QguumHXgFp3NyVTjhdUtREGu2VH4DjpUCVjHzDBdKKqqUmHzJA

Transfer 1 tokens
  Sender: H3zmWNpCcUKkBFoXPPkoo5HyWFXfwqYTFuz8hQsw67d4
  Recipient: 3soRBGBjj4aJnQGvbma22y4dEiaKssiFMygcx6j2h6ap
  Recipient associated token account: 25tWxuSSNJRbms9vxbJntgDkhJtKv18SG1KD6eRHKGHA
  Funding recipient: 25tWxuSSNJRbms9vxbJntgDkhJtKv18SG1KD6eRHKGHA (0.00203928 SOL)

Signature: qS9TJ2bxPqzB92iDxTYhyJHx8ZR3tBHCsVv6cJCaMvi3ekqaysZZaZWWnNw3PKqu3JjZRCSmxBwWteFpRv96FPh

Transfer 1 tokens
  Sender: 9go2JaiMnQri8Ewv6gnVhGcHgjqern4HZvE5khiEWjAB
  Recipient: CUEkEnnM3aSYrPa7bC9MZueRbhMWRrbQFsdosHs8G969
  Recipient associated token account: 9fW4RpZQg1uTx3L7CgoxcnokkGQ21Ss5LeM8HnScUUbx
  Funding recipient: 9fW4RpZQg1uTx3L7CgoxcnokkGQ21Ss5LeM8HnScUUbx (0.00203928 SOL)

Signature: e2f7Vauyku831e6euL5MsxRrqothvuf5sbNp1vkwnZ68hFKUWaRGaoshbZnfu2HzjhpfGN32e1eEuPPGYNuQjyu

Transfer 1 tokens
  Sender: FXXjDAPmSMxE5QnrNNLrNGgpnv4TUWB3TgHHbPHS2dRe
  Recipient: Cq4wKeNxdoPT6HaXpcrKd4PEvnNYQiSRkZaMELf4Up7Q
  Recipient associated token account: H8ZsaX4t5re6fM5Tr1Tic3FirWVk3AJNpJfGGoT9b6PN
  Funding recipient: H8ZsaX4t5re6fM5Tr1Tic3FirWVk3AJNpJfGGoT9b6PN (0.00203928 SOL)

Signature: 65ht5g5Rhn63vC7FMRLwGUcKWgqAsXcJtvyFjdcyKuRKZMhbiAwQqAZaWFLrkC8Z1hMX9jkmSrBzaW4sQkcfUAY6

Transfer 1 tokens
  Sender: tH2QPCn6Cpxi4LUrz18nTYuEB1MxeuMgtrXpGg6XjME
  Recipient: GAz612DpHGypCwkTJgRqdAPZ3jR7QXrzMdAaj3Uxy6v6
  Recipient associated token account: 4TJLywMnjsCehDEH4DbQtVzYBYgxy7xuQTLGoj2o5fZ8
  Funding recipient: 4TJLywMnjsCehDEH4DbQtVzYBYgxy7xuQTLGoj2o5fZ8 (0.00203928 SOL)

Signature: 5omubC9hgN9QBAZ1Nn6zoACJYE9Skco4E3NuTcJBnSgXMXjBb6zjFT4FE2428UzkaR9EHqzTYFmhohrCz3LYZp3h

Transfer 1 tokens
  Sender: Gy6GLqnXSuNdH6NPiLEAaVHCuumocxhdFeGfkbytiHbk
  Recipient: 89obRtCkiqcTkPhfrhxWzrBCdVzWiz9kgAHpPfEA6sma
  Recipient associated token account: 8TYVYyigiQ2SYcZyjdpj5zwH74UMYejpZJGLsWaVwbAq
  Funding recipient: 8TYVYyigiQ2SYcZyjdpj5zwH74UMYejpZJGLsWaVwbAq (0.00203928 SOL)

Signature: 21vbFJyHqWqHTETjmKq56v8aQg3caMyZiA9k9rD1mk7zF5qFg3Z9BYLy5XfVEbBhgUvh6sEGxXybNDyUjzFj5igg

Transfer 1 tokens
  Sender: 5NBSdDFawyohsAiYXGC8dGbEThLreevVeKQ6pfySjpZ5
  Recipient: 4ab9njcEAnRSv9ERFuPLAXzs7JEB6Yambov2PxvaP2Z6
  Recipient associated token account: 4KvhRYVR2HQn3NQQgacyUtkc1U4v1kHfMKLFXDELybm3
  Funding recipient: 4KvhRYVR2HQn3NQQgacyUtkc1U4v1kHfMKLFXDELybm3 (0.00203928 SOL)

Signature: 5WzMhFp7NTbC7uSQQRxtcZHEPcaz45rHbEi7s7Y4fhXQSHr9yAQkuBykY9Z1KRDordy9ajD5ihHQhwKmbqTXdRbq

Transfer 1 tokens
  Sender: 8NWvEE3SDZ5yjDWczzYQNMhHY8YLqTprN6grnYNx7zSK
  Recipient: CWiXLx6juMmaq33BPXGJ1k2DPqzfDyCQWoAsUUe83CqP
  Recipient associated token account: ue25mfgkhQwtyLDSNxSPbN4WiMRbb7Y2NUHsWmxy43V
  Funding recipient: ue25mfgkhQwtyLDSNxSPbN4WiMRbb7Y2NUHsWmxy43V (0.00203928 SOL)

Signature: 2F2iKNS6mb4Hi4cVuV4A1b2AGoGEG1SMQq4vYYYRPBMh4D2tyfL2tDb5nz91kL85TAXzwW6qwZHyQ7Ah7FwN8Qcs

Transfer 1 tokens
  Sender: EPJeuGAkKhgkazHM2Vk1VC6tF1gCewZ2ZFipULALKtqn
  Recipient: 8NdSuCfXAXn55VYNshHfhzPvQn9BCiqTdpQUjNMRaJwo
  Recipient associated token account: 6Kb5ecEHeVS8fHWzmC6XiX23rgZu2pak1bZBLchWrSwk
  Funding recipient: 6Kb5ecEHeVS8fHWzmC6XiX23rgZu2pak1bZBLchWrSwk (0.00203928 SOL)

Signature: 5VuizCsms4vVPYKaPkrUUwwuvGyvmegmSfWuYN7HTnKxtWz2hxeJJjDpDutQtkTjBJ3K9LiW4Rw6cDZs3NZAhxvu

Transfer 1 tokens
  Sender: CRj9CyMuTWyBmkTM2DVBYHSEiEYJvcZ1B7iFpqY2jKcH
  Recipient: EG64BPWCM9rgbqoB4Sn8KZh3jnKmjA3CfpxBDmduUeCt
  Recipient associated token account: BGNZkE9ca86Y4i5xxj6k57DnxYgBGh2wRY52Yco9n9cm
  Funding recipient: BGNZkE9ca86Y4i5xxj6k57DnxYgBGh2wRY52Yco9n9cm (0.00203928 SOL)

Signature: o4j4Xj2cmbxjoU1CybDgGU4NdtVv4fi9g4mNfq6fuGuHXEnhjZxJaaDSsL2S1WaACx71xJnQLpeY7XufwaVxdxJ

Transfer 1 tokens
  Sender: 5sx5ifwRhNxXjqfQtQffXzXk8iJ9QsH8pGKzoVSw7HKH
  Recipient: 7s9uXAyZ8cmpnc4ukL1WEz6DFEnGy3vdiHzFtcxeXhb5
  Recipient associated token account: 6mGZiMHCDs85Yg7XkhcFhbLHHFWY2AkqF835cZ1643sE
  Funding recipient: 6mGZiMHCDs85Yg7XkhcFhbLHHFWY2AkqF835cZ1643sE (0.00203928 SOL)

Signature: U7d7oU4XGHqH3cSfxEcaZnFerkRhtGz1AgkNMmDuDBjML5yRVHcHzhcRGzoUyrQdpP9i19eCtRw5haQSX31juJ8

Transfer 1 tokens
  Sender: DrEuCD6NXeqk8eij67uQZPTD1rHhvXGz82u9ARNr5C2W
  Recipient: EWC6ESChdBqExhp96XPMLXR65pXP6Ftuh1pPAVws4pmk
  Recipient associated token account: Cgi7jsq7JX1w8wsyCpWZemS1ZYnRwCgUxPsUz57YvND3
  Funding recipient: Cgi7jsq7JX1w8wsyCpWZemS1ZYnRwCgUxPsUz57YvND3 (0.00203928 SOL)

Signature: 4B6wWYHy4yqbekHWZDBpt9QPnDYD7YcxVuGRWFSGN6zspvKvPwcivsbXuSr8i1QBFHMsEyjPcFkEtQbLn1fcMv5Z

Transfer 1 tokens
  Sender: G2hS4qf8aSJLKZU5fVToEBCjwGx6tBu3TY6EKhJmENYJ
  Recipient: 6m8f76xn7rLQaf5fyuFH7f2jSamyMHxBX7L3agYn2Mq8
  Recipient associated token account: D6yLkdzBiYJsCUwmKdYJXQFKLLXVGjy43eP3GaDirio8
  Funding recipient: D6yLkdzBiYJsCUwmKdYJXQFKLLXVGjy43eP3GaDirio8 (0.00203928 SOL)

Signature: 5qETMr5hUgj1suzxUTpH8kpYdiPfL56UZkRDe5MwzCqJhsj5k7bx2YhwYFqvrSmDmyRnUh8jQF6Nq5chpUs2vBpW

Transfer 1 tokens
  Sender: 3C4hfSjvMAC6ZtL8HHG7QNbhAtckRQR5sswfj8UuZZTW
  Recipient: six9qRG8Rve5CSGkc4StmyaXJt3FPknyQLhbQRMpDF2
  Recipient associated token account: 8VF4GS5QeQnT4Rvb8v4DQeqTP2HmLEVFzucqxxzGYz9B
  Funding recipient: 8VF4GS5QeQnT4Rvb8v4DQeqTP2HmLEVFzucqxxzGYz9B (0.00203928 SOL)

Signature: 4kxMwXcyxhiherTTYYugdy1qcKxwYCmDek2EawNBvoe31q6ZM3X2CFnFVh8GjJPwmgxvbdAfcpYRtkKLefTgEQK3

Transfer 1 tokens
  Sender: EE4cnc7EhGk2rGPu2V7XL5NvZNg7xDWx1AQQ5TxKPhVV
  Recipient: AEUto3eFWHLAmmVRq3Vo2fmHXwte525jQGG6D7pN4RRd
  Recipient associated token account: 6v3k3eXafYzc1QG3Ft5odTx7c5hab6XPGqHAc6TkPzVu
  Funding recipient: 6v3k3eXafYzc1QG3Ft5odTx7c5hab6XPGqHAc6TkPzVu (0.00203928 SOL)

Signature: 4PYec8CJNH4NWMHsqaJua3YY9yJawdJhCTeiyQMP4zinC9RDttXh7K93ySvx9PvxSUneZETtQdH5rvypVo2adn9K

Transfer 1 tokens
  Sender: nsFvYrs5MKHcViyUsJ6RNva9iXQihSZ5PF1pBgzcCrE
  Recipient: 9CeQYRt1eK15SUAv8AE6XPhh1ijhBF1dyPdGQGAiCfMx
  Recipient associated token account: G7qH9iXB1jJCj2HrZZ7doQWTZ4KvFBAaZvEnKKnY7nnb
  Funding recipient: G7qH9iXB1jJCj2HrZZ7doQWTZ4KvFBAaZvEnKKnY7nnb (0.00203928 SOL)

Signature: 4egeRQF38G54ABSnfqsHoHjGs9i4nD7bAUKncaD7K5Br4oxzMvqJJ2kYS9izHaxqfS5N3h7UPdCA5mqZKuC1jseo

Transfer 1 tokens
  Sender: 6hfpQTDJYietQRRLRN8CBiuTFqZNCNyG17cne9BJWtzC
  Recipient: 7WgiQS5nx4kjBAL2jk4tpaBBg9v3eigwD1Hr9t8QSB84
  Recipient associated token account: EDibrsuASWuRDH2x8jjfNUak3KZPuB43pYiFvTRhXfjW
  Funding recipient: EDibrsuASWuRDH2x8jjfNUak3KZPuB43pYiFvTRhXfjW (0.00203928 SOL)

Signature: 4qYUD3LqJ9LoWnvsjpjuBu8E4GfYyVENhV4TfagRzqNHvHLkUZp6R17cwkhQVyUBaX52Mcq6mzJLJQzaKHP6jfzb

Transfer 1 tokens
  Sender: EYiYxHJ4irDxQCCLH6SZZb9zN64Pmeemyhs546P4aAif
  Recipient: B1HcQD9fugxYPPXahV1krS58F2ePQup1VCsfZvJCY3Gs
  Recipient associated token account: HGMqRch7VwP3ysD3BC5ZSxrx49rMc6nQ679AnN787TTN
  Funding recipient: HGMqRch7VwP3ysD3BC5ZSxrx49rMc6nQ679AnN787TTN (0.00203928 SOL)

Signature: L73x2joaPk6vEee1kbGcSocGSGbfcApD89UDEznHG3htkyU93B4HPK7PPYG4nwGLzi1ELyj8wQiph4LMmCwrRpP

Transfer 1 tokens
  Sender: zSELot7oJahAJFjFvps3nMMz3gXbd5P5nxMbBt79rp1
  Recipient: APbnaMh5jXT91pevLBenckSwNjEdnXCxvnpyUt3W8iZx
  Recipient associated token account: 3acijVtTQFG5ThxTu5ajNMK5AMtPTeF5KvuUDW8DHmKs
  Funding recipient: 3acijVtTQFG5ThxTu5ajNMK5AMtPTeF5KvuUDW8DHmKs (0.00203928 SOL)

Signature: 5PmiXzgWQ1ndr22naH7cnUpeMD13WCRKjubGYEPQKFgcM98WdpLkyh2zoZZ2RCViuyp5tCBt21Nm9SCVpvkvyuza

Transfer 1 tokens
  Sender: 7RtBoGFXsL6cfBb25fhexS4yvtfycua1UU7EFZAor3TL
  Recipient: CWiXLx6juMmaq33BPXGJ1k2DPqzfDyCQWoAsUUe83CqP
  Recipient associated token account: BW5eao4dJjUK4R5CHsJ481qa3eN8ppp5Z4SekCwDA3n
  Funding recipient: BW5eao4dJjUK4R5CHsJ481qa3eN8ppp5Z4SekCwDA3n (0.00203928 SOL)

Signature: ZPCLLv5WdBknttxQsE84BvhmhbZXGAaqki1VnCDvRqraMHoyXV5TemRWYFfB5qNQusJmxjfR5XUcD67EMWV3hy6

Transfer 1 tokens
  Sender: 8nXUkyLZ2Z5SXERPver6rm9RU8L2N8KfkKk1ZGC6s7hN
  Recipient: EHNqwEN5MY8CdTCkR5bJcgxwaTrG9ZCVn3twaTxYMHzK
  Recipient associated token account: HnidN3SMMjAyC5eL3JSDKVeScwmcHMaecQb1L4TtSj4Q
  Funding recipient: HnidN3SMMjAyC5eL3JSDKVeScwmcHMaecQb1L4TtSj4Q (0.00203928 SOL)

Signature: 5eCnhtjyfEtRsbWLGTJoL8ppqar2d21XkeF7ZNjnfgybjpFFCrkHDXuUPkj7KCdypABo7JxkEiQ4TxviAyEcfSpY

Transfer 1 tokens
  Sender: Apkhb3RNmNhZB232sobULPkjCt92DL35bJKNHXbrg3KQ
  Recipient: 25b8w8wTRa7REcwkxZu1fpcd6a17AkdATWPuCP8YkQHw
  Recipient associated token account: AhYzfUramhh6y9x6bSmmWk8XuBQHxjdohYStzqeiePsi
  Funding recipient: AhYzfUramhh6y9x6bSmmWk8XuBQHxjdohYStzqeiePsi (0.00203928 SOL)

Signature: 3r7Qsx9GwuWSCAaVtg54NW8qn6YhLsn2DVdC4MMD57dhsd7YVxKZ8rQT76ovGEWSxV85o9Y2sAwHwKoLqqgQnSHJ

Transfer 1 tokens
  Sender: GXkzpEyM4GS5GsSJSytKzSN1WKq4P47sC51xN5Woqkxf
  Recipient: ANUkikZTPfEoBrqtveRAeNkvVqZv335H5Nvspm6u9Ghh
  Recipient associated token account: 27mXLLQSNJ47cPGh11U3wUpjUiFM4SZbLmjgHxhCGebs
  Funding recipient: 27mXLLQSNJ47cPGh11U3wUpjUiFM4SZbLmjgHxhCGebs (0.00203928 SOL)

Signature: 4XZsoKmfDFTtL1eSeSbAKxfqKA2Bvv63bYqoSMFpytApKwTNRtVwjJ4SXRJsPxoS9XBpEoJ7tmaQKc2JCuqip4Kg

Transfer 1 tokens
  Sender: 8cyU4KiZpaK1B5xNAWKwD3BfM4z4FNvsBaeREbzPCzm9
  Recipient: BKSHSTKLPCF8yyaRLryTe4xXsXjZQcCyZ5LjyRSbTudQ
  Recipient associated token account: 9Ewtijnz2A7t2AjjnbRMkNMQr4skwHVP2jCbJaVb3L28
  Funding recipient: 9Ewtijnz2A7t2AjjnbRMkNMQr4skwHVP2jCbJaVb3L28 (0.00203928 SOL)

Signature: 3DKztsFw5FmbrVKgbHME1gvDUoTUyZF9mJKJfYHvb2qHmEhyJ8Ki8VkUMtKjaNQf2VyuVTtvSzhszmwsFWMEDvKN

Transfer 1 tokens
  Sender: FgJ5bqoqom9ZcUsBfG1r93DUbL85JXU2VE23EAHiCwgr
  Recipient: CWiXLx6juMmaq33BPXGJ1k2DPqzfDyCQWoAsUUe83CqP
  Recipient associated token account: 3gaY3hyJT1rLwtWharGhTcFaKGRohn68xh7ZYaBd2CE2
  Funding recipient: 3gaY3hyJT1rLwtWharGhTcFaKGRohn68xh7ZYaBd2CE2 (0.00203928 SOL)

Signature: HtPShiLpYPYPwZrqsE9XgK2YqBf6wb53DoyCX9Ddeoy3vwdr4E7eHXpwTG7gzAXC6BpFEdWLnRz4BwEpVns2FrH

Transfer 1 tokens
  Sender: CEtieAcWR1WawVrExnUZQBkaXrpe7DzJruEBpeDR4kbm
  Recipient: GwQhAkL9zze4chadncgTtEkzcba1fZtHhP3fa5H3ToFT
  Recipient associated token account: Ax3VmgWs5v8umBAXtqfodUwU2EXVDzU7Nn1ZLpxy2sCT
  Funding recipient: Ax3VmgWs5v8umBAXtqfodUwU2EXVDzU7Nn1ZLpxy2sCT (0.00203928 SOL)

Signature: 5iU8mmssVFmtiZyjE8Mt9HUhh77CQj7zG56utsdKyHji5uowtpHJDQggxpiJi8nN8P4GnhrnAR6phAV1m1jemhXt

Transfer 1 tokens
  Sender: FqJK39oKjecZCATm686tdEHp2H7Xrmgc4xLzRskfFws9
  Recipient: 3UzdWiavQL1R1yAzZfFL7644ZFLx3BgSQBjzMxoLJy9Q
  Recipient associated token account: 9XLYrd1q8pqwLfvEzrJWPS9hioVbWkJePAPAvdNxUHSb
  Funding recipient: 9XLYrd1q8pqwLfvEzrJWPS9hioVbWkJePAPAvdNxUHSb (0.00203928 SOL)

Signature: 31NvYBSMbc8sJ9MX7ghU1f5dXCMVnkciCs5oDWznLaqbXkNNVwxSL9vgZz4jSXajYEpriJNEyojvHJnEoeo6e7h4

Transfer 1 tokens
  Sender: 8zxjsT15dyfrbpBcVA5fqYToMyNm4FbjXsFW7RsP8d3Y
  Recipient: CyeixoYJqchPT7ZA3a6dbshUTSQxwhDLUwKjQPZWfLQe
  Recipient associated token account: 9A6zyvPa15c7wLLWxbQHdtQFo3qBkDWGCHoU1VGGPnYC
  Funding recipient: 9A6zyvPa15c7wLLWxbQHdtQFo3qBkDWGCHoU1VGGPnYC (0.00203928 SOL)

Signature: 5RoHFLAoh67wKLnnjfoTp1zhZ1tqDhLW1Koatkmv3oJSXJd9APkdgPicza8JmuU2s8yrDEB1AEtLQLfF8KyMi5yb

Transfer 1 tokens
  Sender: 7bekaJvdrhWzdtX4GGpweFe2jwHZXLJb8EW58oxTPJGe
  Recipient: 2n5PbADyQXeCMztD5wnZjF3Nn2w8PmCmqSQ68TT6Q6KX
  Recipient associated token account: 9ToehMYjQ67k6FecWHExyLVCamFpyfFiCit38iC7PXsF
  Funding recipient: 9ToehMYjQ67k6FecWHExyLVCamFpyfFiCit38iC7PXsF (0.00203928 SOL)

Signature: 5ngGAe8e2GYDWT8st4jh22mWbTn4SqXbBYPQk9rjzgqh5T3v2ZTa14LBr4FsiqJob82jrepN7GxBdrPbdZbwY5m9

Transfer 1 tokens
  Sender: GXgZ7ned1oKCH7ornW5ze7TArx6n91ZH8HneGk7yBJTc
  Recipient: 4SwDAKnt1ntsUKHaaM19jaajo9jV9xcHjB6ehwTtjkEt
  Recipient associated token account: CrqtmRK2AYCqb3oK21RhMYknJZH1pASBJXEZz4BnRi2X
  Funding recipient: CrqtmRK2AYCqb3oK21RhMYknJZH1pASBJXEZz4BnRi2X (0.00203928 SOL)

Signature: 2uNCb3umVVjRLg57szNok4zFQ5cxe5ohr3PDVwHBPiB4583VRgAxBBs1UeGcs5ok4qNbgWXHqKU2BspCH2CaAp95

Transfer 1 tokens
  Sender: EKm9ZqeVr9qs9aArtr4em3Ffn4tqBTVNzhgpivsaWWE9
  Recipient: CWiXLx6juMmaq33BPXGJ1k2DPqzfDyCQWoAsUUe83CqP
  Recipient associated token account: 3GWggwHpanJutHWofukoC6eU9LUhHL4m1EPuKmpJmTft
  Funding recipient: 3GWggwHpanJutHWofukoC6eU9LUhHL4m1EPuKmpJmTft (0.00203928 SOL)

Signature: 5ahYk1xFkyX7Y2GGFxFrEuNn9S66gf228j5ZYJSrBoKctYSmLn9eFntsphiHKUJbiz54fgSmJ6rRxJ5YY3gKYtVt

Transfer 1 tokens
  Sender: 4b6M2vLr4gQmeDndN4VF6mQ1yXSXfeVpic1rUKgYt2f3
  Recipient: AMnL53CPuiU2GeuGXE6kVj4s7zahgodv2p11tnT57jCC
  Recipient associated token account: E5M1wKbkLBcySRAcn9p1vN395bx1arcb95fS4FzHUShg
  Funding recipient: E5M1wKbkLBcySRAcn9p1vN395bx1arcb95fS4FzHUShg (0.00203928 SOL)

Signature: 2KT6bUHg3StoNUjEpjCp4AfMdjgnv5eMweKoBPxzUUn7kvmTwnB6qEzraEq18arp7brRnaQExuj8btCoVHNZ1UU3

Transfer 1 tokens
  Sender: 2jnT5sc767q7oL1iDqv3oSVE9xGuXh3vTVwRvvzhAea8
  Recipient: 6E1m1jQfPY1bk48NyN1GMwJSmxUbS9Sqr57DyitziLWn
  Recipient associated token account: D3dF1BYYfw1m3K6Rn3hR1GB4VYdMto5Wk9BADVWytvWq
  Funding recipient: D3dF1BYYfw1m3K6Rn3hR1GB4VYdMto5Wk9BADVWytvWq (0.00203928 SOL)

Signature: 3Gj8Wcp4ZfEm9RuE6R9fULhtGUfgXZespHtWdz18ZTihYCScxGS2iyyJEpSWwTxBbZdx9suqLDU5nL2tDgTRgjRM

Transfer 1 tokens
  Sender: DawqN2AJ7BwVk1NiSixnWvrXvhpWamX19cAQUEiFQpCR
  Recipient: 8DmRR216akpGM4i748vQxbHVL3mqAYBWLGs7G49CJoFC
  Recipient associated token account: fAPTLBLikAvLvQbqnxvX5QveCK2qWs6wZJJ1NiaALbu
  Funding recipient: fAPTLBLikAvLvQbqnxvX5QveCK2qWs6wZJJ1NiaALbu (0.00203928 SOL)

Signature: 2yV9AMgdqXwE9aCD7pgPzHQ4vpptHC33wy8GJbn7AYuKpVKyEgtSMpKAwgqWuMnWeF5FyYyS4Mrj9Nn1Ba5kKV9E

Transfer 1 tokens
  Sender: 5Ms5WybzX4gU8yEu5JEdZSaV3omifUtkXv9vpPbt161s
  Recipient: 9kLsUfVj4fLDLAkYLtStxk6g1XcNB9AJDPn7xktaXFHF
  Recipient associated token account: 3EByqK5K1nMJHUTT67syCSDXFmXSeZyPd4BMv79akCWw
  Funding recipient: 3EByqK5K1nMJHUTT67syCSDXFmXSeZyPd4BMv79akCWw (0.00203928 SOL)

Signature: 4HPMDGmJfMWKQrzk6LNC1WPzxR8ACbEECVbioqj6cz2MxMSHLTJFkPGAD2wSZfYgFbo1DjkQs396376sE88cQWVm

Transfer 1 tokens
  Sender: 6ZzmYCnjhqgveg9y9dkPZ7x6PSftaaV8XLu3YhnuepiA
  Recipient: 3tt19kVnDtkeLL3kSzGGbkRzs7kMQbLyQKEtAwZH4jDZ
  Recipient associated token account: 4qp4gbbFdQzzhhWNfv54eVawpJdd68VzDg5zRXg4LKRk
  Funding recipient: 4qp4gbbFdQzzhhWNfv54eVawpJdd68VzDg5zRXg4LKRk (0.00203928 SOL)

Signature: 3odTnibZMnJo3V7cjf5zLaeQc3aa64B75sJMKeSZk4xcqT5YeskgKMXqZdu4HwYCRwGNYkGpXovCkb43CwAK2zch

Transfer 1 tokens
  Sender: 67JyppcvKU5YHtR39F2zChUFuoZDNwDzbX6DJPTc9fUj
  Recipient: FFCKeRWsUoCFbMhScjZbAdtgr1qqirx6j8KRsmaU8RxG
  Recipient associated token account: 9Bx8Aw1QrhFKdEiAHEzfFFrJX2LkDHtE2BPbG97x3eXx
  Funding recipient: 9Bx8Aw1QrhFKdEiAHEzfFFrJX2LkDHtE2BPbG97x3eXx (0.00203928 SOL)

Signature: 4u61RU6kZ57jZ5LbieQKxFBHiesr1TLBchKoDohzaftuaQ2X2surw5ipWBnBwPMUQD1bCbERka1yEwe1ZqyWGNyx

Transfer 1 tokens
  Sender: ALe8RR8qf5qxQhSTkmoYJ342DMLxiwLtnXxbh1rJnAha
  Recipient: 6bDjJpMQBfQn7tBJCEc8M2J5BKXtDcJHFp1sBPe3CS6o
  Recipient associated token account: DLjtg7PzQpkaSKZ2RoGbj3mS4mQyFr1y6R6mNy3xKWvG
  Funding recipient: DLjtg7PzQpkaSKZ2RoGbj3mS4mQyFr1y6R6mNy3xKWvG (0.00203928 SOL)

Signature: 3ZpWZ6UCLxJ8LJUnUBdCNTp7knMAN5FFsHauaKh6SR2bWgNVC6jpinQvMePuN8sShrXeANN33MqVZ9cB7AjGeBeB

Transfer 1 tokens
  Sender: 7CSYcSQ8rZgTuUK2bhSYauLbKmPFPcTS9P1zvpo1Cu9x
  Recipient: CTiZBRNLESeLJJ3aw7PcuARpnnBPiUDw1pfjiRo2TqGH
  Recipient associated token account: HVw9r1m83e7gWQxUR2xhwfVbVWnXdkSPknHQw9LSMjfy
  Funding recipient: HVw9r1m83e7gWQxUR2xhwfVbVWnXdkSPknHQw9LSMjfy (0.00203928 SOL)

Signature: 9TSMvHX1U8JuY4porNRm8AJocFxZ8myFhTSPtq1VEHAccVnNa8RCXyTeRZsWPcSSfrXe8P7ALoyvwy3dokY7vs5

Transfer 1 tokens
  Sender: Ef39RwBgrpQnbH63P5coDHSqVUr96Z5vCB7Lbv9XS6Bs
  Recipient: 3eucHmLaRJzL3d3rzYx94KvxcVhR4ESLo9R9hhb5Snbo
  Recipient associated token account: 9CKqK6bHPiSAWDeXEqdHb6P8CJsuwv4eNBBtsJKkRrTo
  Funding recipient: 9CKqK6bHPiSAWDeXEqdHb6P8CJsuwv4eNBBtsJKkRrTo (0.00203928 SOL)

Signature: 4UL1mp1vfDtGUvvfiUeSzr8ZSdWZcnRevYat3WXYNqxVCEXBak21QnTrjaDuasyEErokVFAk3Wc8b73Htta1Bjxt

Transfer 1 tokens
  Sender: EZuARmF1LWeDvyYkMjzzD2puEFGWUR4AA9k6vdhE3dYX
  Recipient: YgFtXbkcoPiof3eYu7WDVynKk9LkTJsp1uzFK5XhzyX
  Recipient associated token account: 8kEcBzUmKd6G9WcR2taaZyNbu4qHPbxz5ghmJtF4X9mL
  Funding recipient: 8kEcBzUmKd6G9WcR2taaZyNbu4qHPbxz5ghmJtF4X9mL (0.00203928 SOL)

Signature: 26UUcqW6M7dCCgbikSGgWXGkssMog4UA1MmcjUyGGsAiuzvm48FJDvs4qsmzEKwTHvUkC1NRut46KCsEdNxEaBm9

Transfer 1 tokens
  Sender: GMDS6C3Z3DYgnJsvr1Wm8S6xND7hd8MgEuknnSq3k8XP
  Recipient: CWiXLx6juMmaq33BPXGJ1k2DPqzfDyCQWoAsUUe83CqP
  Recipient associated token account: 5xhw8G2fxJmR8HU2Xcjtjq7Dwnb1HLc9EUxg1cZJkzLU
  Funding recipient: 5xhw8G2fxJmR8HU2Xcjtjq7Dwnb1HLc9EUxg1cZJkzLU (0.00203928 SOL)

Signature: 3sXNvzhyDK2T8Wmk7pwboPGqcrZkDCPYHYCkt1UokUvZ5tSeyL717sbzMxnumEN4FHYFjhSfE8n3MAJfY2rKY7ps

Transfer 1 tokens
  Sender: GCXaLZ3vnUaLPaGTkdZ7zHztss5mFNCv3g4SyNiPdXqa
  Recipient: H8oMhzkrpA63MH548xQd1MLHLUBAJJXPJPZoAhr1j8ny
  Recipient associated token account: EkMUXVmuh4NCMcZQrEFkyRCrXs5Fs5WweJv9aJ4kxJTt
  Funding recipient: EkMUXVmuh4NCMcZQrEFkyRCrXs5Fs5WweJv9aJ4kxJTt (0.00203928 SOL)

Signature: h93fStAyoT3WjDo5Jt885RUMQMHVULmLupv881tJr82Lu2wXLtd7x77UhXhyCdLa7Hq8fyMGXvem2GV42xdB9Nz

Transfer 1 tokens
  Sender: 25KYMg3c42TJdz4hUkEFingA6TDnAQGAS6HnLdp6Y4Q1
  Recipient: CvTZWe3SSDMks5rmG1wPA91mxba8FLw4pfm2H2YQAkgm
  Recipient associated token account: AGgnBCYC9cmUETFkUZL9cS2d15QRY9oWtQRz8UScDQNE
  Funding recipient: AGgnBCYC9cmUETFkUZL9cS2d15QRY9oWtQRz8UScDQNE (0.00203928 SOL)

Signature: 2nzdD7gqNjGhXnMqJfu5Fh1hXSzBoV2yYuBoGLt9P2DmzfJ9hfYHvB46HrhDczuCyeN4EEzNZtWotEVuQCqjbYx6

Transfer 1 tokens
  Sender: CegMToVBwiK7yjX2r1ZMRyzzro9HnY5UQNYYe5T3VmKW
  Recipient: 7P4Bb1pCMuYNveYhg2j445cmTRCEGp2eAAtBQUv7Jz89
  Recipient associated token account: 92Bd4jMJQmgUWGLHhcsKqA3nQNm8w4sXcvqc39ZYBvuZ
  Funding recipient: 92Bd4jMJQmgUWGLHhcsKqA3nQNm8w4sXcvqc39ZYBvuZ (0.00203928 SOL)

Signature: 3KdPSM1HR4BDdWVyeP13PqZLnPZuGtzB4FHEvXNnAbbY4gxymops4VQfskzWYCHt5RxWjyB8T1hkNgaWMw1fVbTZ

Transfer 1 tokens
  Sender: 5UNu71jdAWqRxMvaad5x27ogJ7iQMnFUrzqXpQaC1Cjf
  Recipient: CWiXLx6juMmaq33BPXGJ1k2DPqzfDyCQWoAsUUe83CqP
  Recipient associated token account: 37u3sEeHmbZRkRVZP5g9j9AN27wh8u8VTxrsY7Y7KChA
  Funding recipient: 37u3sEeHmbZRkRVZP5g9j9AN27wh8u8VTxrsY7Y7KChA (0.00203928 SOL)

Signature: 3mSWSkpqaMHy5NV4wgPtajHSJTsm6j82Rfi6S6LiDbtCFL5LnhJDhySpTQVMnarS2bimsYt2GzstnQP6bokfEptL

Transfer 1 tokens
  Sender: 7SMRCDoTxPH8oRXfajEsUdG7xnUKDqe35yqiSRndJYi9
  Recipient: GP5wZ1hEfpD9TxhZzPGQVWSS6VVBaGY7J6dt8KeQuPxv
  Recipient associated token account: 5TryZkE2wUPm8R5NyZvCrzosE2dbuEYuezSJQKmUZomP
  Funding recipient: 5TryZkE2wUPm8R5NyZvCrzosE2dbuEYuezSJQKmUZomP (0.00203928 SOL)

Signature: 5WwYQjKFyGf71jt2oZH8dKQdLTSca68cnykpgR36vFXpptJjbB8krLH1bdoeWGigLWJtJ2Z6kunjHXyYhHaLza8F

Transfer 1 tokens
  Sender: 591joWYaBvPpx2QSBc3Ka86uJrBQt3HKBSAp8UN3Bdq1
  Recipient: 8brgWjumuh93LUQ3RD64gWYY6DD5ZH8cjX72JzBwSzwA
  Recipient associated token account: 86Y8P1UTvBTAVB11YdyCrzDfCqSFpKf2YcD6H1JGXnxt
  Funding recipient: 86Y8P1UTvBTAVB11YdyCrzDfCqSFpKf2YcD6H1JGXnxt (0.00203928 SOL)

Signature: 3dRRhXGMPH1zUPdfWfr2jBXXm1NgwkDgwMKtxQpCi5mFNuUoxmv9Z4whSTbvAK5RnnYZpgWLsciYUUQqMZFrw7Xd

Transfer 1 tokens
  Sender: B19BjnVRnHA4FMEBxvWBH3eb649CRfNPW4NZJTod4cQG
  Recipient: Cpg4r5owVcE5DQBDcGDHrfguhTJksJ7y4chYP2GbfKi1
  Recipient associated token account: 8qrwm8CZW9zBQa8w4gmuq8edgg69aoCS9t2aTVLScwsi
  Funding recipient: 8qrwm8CZW9zBQa8w4gmuq8edgg69aoCS9t2aTVLScwsi (0.00203928 SOL)

Signature: 4xQTyT5EXVgqEShW1vYo5o7TQR7sN4MEcfzRwFpSCgeotyPCePXaJ6pWcfWqf3onpCjqPfRPwCQjAFoW1W3M2sh5

Transfer 1 tokens
  Sender: 5PkRW37nwgw42QcMjN2or7UQyDnS3xtP7dyRCM6uhPMx
  Recipient: CdXU3s7AFPSoqAdSq4fTXsDeTvgeiVv61kgSYDLDL2DF
  Recipient associated token account: 7FiHpMHHD2cxeKE4FmU5SfhvXiQKVUY5LxidbEbZp4aC
  Funding recipient: 7FiHpMHHD2cxeKE4FmU5SfhvXiQKVUY5LxidbEbZp4aC (0.00203928 SOL)

Signature: 42KctRU7fa2K6DqpVgdVTzRwMFFrWboyEBH1nPRWkKWXproFuYyrGwRhCjuGB7YhNcJmU6v3uTsh8dYpiwvMB4p6

Transfer 1 tokens
  Sender: AUYohtgEbz1mFWJPhDN2ExzAjkwwnhUJPNzZMWcJDUP3
  Recipient: EZsxgTx6JXqZS34sDynrFkKD1Q64Eve7AW8FjawFfovV
  Recipient associated token account: 8WtKKL9kcpBKZaM4ooMhiGd1n4okBd2CuvtvQGvFDvT7
  Funding recipient: 8WtKKL9kcpBKZaM4ooMhiGd1n4okBd2CuvtvQGvFDvT7 (0.00203928 SOL)

Signature: 5uikw73AZ4j1JQGjXHNCaYHiRQvdP1bpqg9LynDFPQjggmbwUGgLyqZkzS5VPFptqCfpGT1cJvTAXpEuVriQGViY

Transfer 1 tokens
  Sender: XnZ1YerBCnbpwxYBJXEgotdgygQmuNQ3jHu7bQcZg3J
  Recipient: HDADTyGCNnbmYa5MVpmUwhDbiyAy8CcQ6k5ZDZzQGuuM
  Recipient associated token account: FKSj1p1iU8UpRW9d64j9wVHjGds5qTQpRxpAeCXyUwUK
  Funding recipient: FKSj1p1iU8UpRW9d64j9wVHjGds5qTQpRxpAeCXyUwUK (0.00203928 SOL)

Signature: 33SQy4UCCaXGezvo5Ke9ZzTptyjEnbX46ZoutQVw1eoMr8jcAMtWedZY3rcbuxVvKDfqWQEuLzppYdUVL3ewVaaH

Transfer 1 tokens
  Sender: 5vT6P6sDWBApPy9LxzEY4WAeLtsrgHVcRfPsMRjNCZNH
  Recipient: EkrPmifHXbGk7PLeReSgGieStGYrU1KJQudkdvVkFgFD
  Recipient associated token account: 9wFeU6C2H7okc7VyASK1R2fJT84n3dHqwG8n6rpKTEpV
  Funding recipient: 9wFeU6C2H7okc7VyASK1R2fJT84n3dHqwG8n6rpKTEpV (0.00203928 SOL)

Signature: 4sALUZ8XVxctkXEzuUvyRicRzFfrqiqBjdDgbsA9Tjs9wbhPJd7fjXbHpXqPhNo3sHR6y7rhcdLS6CX68NoxV3sN

Transfer 1 tokens
  Sender: 792s7Ki5n9zCNjrJYcGTiwDanbqn5fqNdVu1XHyu8ErN
  Recipient: A149BPr7qHKtPpwvhLWDmQVYuGa3rbxE6KPUjzq6THzV
  Recipient associated token account: CyBzntUyHKMaJadgjJUWrSGsMGgchXyYGTiQob9ouGKU
  Funding recipient: CyBzntUyHKMaJadgjJUWrSGsMGgchXyYGTiQob9ouGKU (0.00203928 SOL)

Signature: 3L8zZvdgxEDhiqk9x2P4n7demAaWwjnvQgzWHW1fh7jv1n4jwJxLaCk9mgah4sMSSxJvjF9njf8JaLFUsk4LsYY2

Transfer 1 tokens
  Sender: 53XggGpjDawDzZrN64ZXHQ8zfCeqUGAN64DNmTxJ5K4H
  Recipient: 5updUQS1RxJZyPFRyJMmVq7vYZnNZTnPUUftoorgyrZc
  Recipient associated token account: mLieCA6LFA4pa7g6jQLN5ati9nByDfSjLSTvdHMsaRg
  Funding recipient: mLieCA6LFA4pa7g6jQLN5ati9nByDfSjLSTvdHMsaRg (0.00203928 SOL)

Signature: 2VeDiTogNYVgudD8c1F8essp472t6cJ7zLBQjB89SCL6GabkS79Y9UD7Kj2Xdviwsm89K2q7qy9XyVCgsSdBufn2

Transfer 1 tokens
  Sender: 71Q2WqYbzQX3qsFa2uX7QFTFYH2AfeuTnS5WgPDNABDk
  Recipient: 9JceWqW3ZKzZnzkcz6JfBp2bWwbf7UWwjNnRKPf5DPj8
  Recipient associated token account: 2LQ3oGqc7gd9LJyT1Gjh7LbYqEqA61uD3BD5LMKjYUoW
  Funding recipient: 2LQ3oGqc7gd9LJyT1Gjh7LbYqEqA61uD3BD5LMKjYUoW (0.00203928 SOL)

Signature: 6653PHEKamNghhxaTn8bwu8Z2nqhHZwG6nYXT7eGFoFMegmaPDakF9tRBm9aSRD4a5jmfByiWg2ecyp5fUkFEmQL

Transfer 1 tokens
  Sender: 9XXgbwubY7Gq34WbGugfNU8htCP2YMbKGs9d9qmqtnoE
  Recipient: CWiXLx6juMmaq33BPXGJ1k2DPqzfDyCQWoAsUUe83CqP
  Recipient associated token account: 4LZN35sF7aQnB56NmK26ASYotxrdy8vgLCysAEQ4kPas
  Funding recipient: 4LZN35sF7aQnB56NmK26ASYotxrdy8vgLCysAEQ4kPas (0.00203928 SOL)

Signature: za8j9V1HYsGZy9HAuob3S1ryHCombJuaDfKYxWR9GDFR85QQLcboSrLL1onUPFErQDg2fjeVFyswwcS1DX4rwHq

Transfer 1 tokens
  Sender: 9BeKHhpBwAdqhUDejUWsBpUd3mkYtgggwN5j5hEiH9ex
  Recipient: J8vxiR8o4NvY8wcR46iuSpSAjXhBwGCgrbo5LWA3corc
  Recipient associated token account: 7sGuL92zE9Ve1L4AEDFtsHiYhmeWTeuaY7N8wahJJFRY
  Funding recipient: 7sGuL92zE9Ve1L4AEDFtsHiYhmeWTeuaY7N8wahJJFRY (0.00203928 SOL)

Signature: 4c2UYa31AREASWcK8UUxUbVPcxQz6UmyuxYGByK96GXyAGuFqJhNj53hw6q6BSWoWAMY5spHc23hkuwGyUN8BwME

Transfer 1 tokens
  Sender: use1z9yuomS4QXfUWSizRdoyb2ihHVQ2VUJNSPNGXgE
  Recipient: AEUto3eFWHLAmmVRq3Vo2fmHXwte525jQGG6D7pN4RRd
  Recipient associated token account: 2VozbuYW9eF4ZbHMsMkY87DdFSCEAMARKduuKnFc4dsX
  Funding recipient: 2VozbuYW9eF4ZbHMsMkY87DdFSCEAMARKduuKnFc4dsX (0.00203928 SOL)

Signature: 356voGiAu9yK4kgK7WSoYfsHGa67ceXdP7TiHeC2Qhp13g2EXAN1UoZ7M7eAki2dAU1Nv6DfbXVeFu3fMxW39bqT

Transfer 1 tokens
  Sender: Es2ZtCdKidGgqYfMszd7oq5g5JnSxUPsyAMugRHptMMW
  Recipient: CGA6H2M3FEjemWohUyYwh5VdvSteMTFxxjZJ1oAgAh6k
  Recipient associated token account: vd3g54NSCBwgn7fzRZ17YPi4ad5b4dReKFrQ1RoLcAA
  Funding recipient: vd3g54NSCBwgn7fzRZ17YPi4ad5b4dReKFrQ1RoLcAA (0.00203928 SOL)

Signature: 62iRRAksoUETwdtcHrko5ZwdRzSxf98rGyiHSPZKQUQWsW31pTDZ1t8tNiEdUshx2TZVcyUsU3d8KqvsundUMkVE

Transfer 1 tokens
  Sender: 3KZRm7WfX5Ek3pDa8spn6mzM8RfkipQZAP14eQB1gVyr
  Recipient: H6ewEQKqUYhPFNBUBjKugH6MNgBzWFoJ1U5fiVvyHDnv
  Recipient associated token account: CZAQaBkfhS5hVAaCzDShBU19msWCPXLEdC7DadoLH4iG
  Funding recipient: CZAQaBkfhS5hVAaCzDShBU19msWCPXLEdC7DadoLH4iG (0.00203928 SOL)

Signature: 5tqo5bCnGYaXihXPzhYKgUwYtuJSNnnB1gRCgErCXJb1fFGiMphbDFeUnsn5WxVRuXoanBFkTdVAFRAB4Uo4p5gW

Transfer 1 tokens
  Sender: BrfK2bxPBd1FajzbENJY4FNQaUGyFRm6miJTBcGbRsKC
  Recipient: CWiXLx6juMmaq33BPXGJ1k2DPqzfDyCQWoAsUUe83CqP
  Recipient associated token account: 3zJ3s5918zr4M8ctKv1vs2MEiZ1j6PhNKHw7u271Lqpa
  Funding recipient: 3zJ3s5918zr4M8ctKv1vs2MEiZ1j6PhNKHw7u271Lqpa (0.00203928 SOL)

Signature: 2ztrHjpDjnfJ7GgC6AXAkMk68bcGX3WXFemc67pfxsJBHx1yyPPab5fpurBdvqjUeE37CMKD6t5sX7WvXoVdqkvv

Transfer 1 tokens
  Sender: 2fAkbpnRkv34WvxyvnGmfCo4vkTNqefeZmpRqQxq7VB1
  Recipient: 9K4XUuN1rm5ErTzCH5kUg6L3KjC6SvMKMmtspar5HQGi
  Recipient associated token account: C3i8ro6g6cotfaTXGQKd96uXGTG3C2y7epMheTnMN4ju
  Funding recipient: C3i8ro6g6cotfaTXGQKd96uXGTG3C2y7epMheTnMN4ju (0.00203928 SOL)

Signature: zkfzrvruGDbWnd2fsnWX4qGhp7eyfQZTb6dxhNwUZ5gtBieq1DpBRLjDXA32Nt6YfgDMTESSzNqkDeKrvp4Ta5c

Transfer 1 tokens
  Sender: 5QnXPGGp7pf2voED8S2rBU5mb2LCMPz6QaXUsiM7oVKm
  Recipient: AhXCUKu3Ni8sLTRzMkwqp8t46mGFGcbQeC6FyPSjErXL
  Recipient associated token account: 7JaAgEvwt7ck39VhoJfU9HWt5bSkB8xwrGvsi95Ame8Z
  Funding recipient: 7JaAgEvwt7ck39VhoJfU9HWt5bSkB8xwrGvsi95Ame8Z (0.00203928 SOL)

Signature: 3Fjmpu44HtJQR6xcspRf97VSafPtPhqt1XPcstQ9dtKXxTa78Gt367K312TfpsSbv9Nj5i6rHAtAY3xUqyZ8HVrK

Transfer 1 tokens
  Sender: 6WeZAYMEd8yakL9tX8tVxLiZpNGZnoek3cKRH6MM7d57
  Recipient: CWiXLx6juMmaq33BPXGJ1k2DPqzfDyCQWoAsUUe83CqP
  Recipient associated token account: DeoSwf6vKBEYJDhVYzLV1pg3YUoFaNipU8epBppSqG2g
  Funding recipient: DeoSwf6vKBEYJDhVYzLV1pg3YUoFaNipU8epBppSqG2g (0.00203928 SOL)

Signature: 3acrM72rKJWZfAQ1ShNpeSa3DgSrSmkhRhXnLupmsDX8GvzKNk7ANMDehKk8Wjnp6ZcYH6URF5BsXgcR6D2f5qhW

