DXe9GQg9ksRFa3yH5yYr6dtvQk4PQUWtDFdWDxKtKoRq
9Vt6ZsW7PCQW4LPkf1YoJ88oVbZYBnT1KjWS4WhX8yQJ
8BStRWeqCPJPS2hERr7V4mEgdodaJZDTNXVM2Q2AYHr2
6UbzRF27enSyg4Fdg1YjpDB7T9JokwWn21yorQdVekgd
4vADBd5n31Ccaoe9A1gRRefzCU3qz5UHinSwqvA4UUHQ
H6ewEQKqUYhPFNBUBjKugH6MNgBzWFoJ1U5fiVvyHDnv
2DuYZx1Z26Y3ZMq5cdL8KYZra4VXMjEQSYApfVYRuUua
HMxq4EcCrGsXjVD7LzrQBzDMv2nskAfZAjuPqhveVV1e
EY5JVNvF1x8RGExdM6StZvdG5H5ph8bDZf1mbVPVBTo8
AXo7GshnzRDUZeV4GdhoMZR6PGvCL5PFv7mdve36ifZS
2rxpCAUSExTxN1nqCJo6bAgPDzbtPyHVYveiDHqMHCTZ
CVv8iAZGsd2sHVsX1vo2iT72uBDNLsuGNjxSAxFNNSCX
E4nDoRPHAJki7vcpExGKqMA925L1WBZD7Ap6rQkvNKFL
CVv8iAZGsd2sHVsX1vo2iT72uBDNLsuGNjxSAxFNNSCX
Gps3Cj9nsku3sWKaa2pvkEMXaMkp1WTby6WUyxWwVbm4
6K6Ua3rXvhoSxyjh9EFKSSUfC7NkwVWreZoRbgxjL2fS
8vqQ6Q5EEabPNkqqckwdnkAxqGAdqtVtyFCYDEZ9Mu2j
7iGCFYLUJczcHwpUnCCK5QFBCvYwznnj82RoYQQnWu6d
CiTk71nLvZajs3NKA3HMgym5nrtZ96XXNGCCv8eVX3HM
7xZSuLS96Pa5RKkai47ksVq6RUxY8YJFnPfGmxLEPLdj
2NBLcuffrhC2oNUnQYguQKS2xcTGffj6fWVQbRon6Cuf
EtF3L8p4mVbWRnwUj8aeA3ZwsKykn6DLWbwZHTZEfxKm
AkdfJa5NmE1pQt3Ai7DpgDg8kryN5qTZirp6LQcpen6R
624JLJZvjsrR7VV3sVmUtkanvFvU1CHvHPez66bHi8kj
2iG781tfP9H77hcFimqp5X9KB9QsbVkQVS9q7emJAJXX
3D6N1NNCYuZfyXNGYYjn7VVuLe8DrGfP87UdBrkb2uLk
HENypccepnygXmwYLhaJwdGmjX8GwxgqMuLvT9P7hFT9
F4hN7ecndZ8Gr5KQNSFaSrMGawMasz7jfWTLTMpk7gaB
3Ny8wq7z2xVYWdswBg11U1DZqw5ZVDx1kKHSD3tapahy
GjGqmcQBp8LKUH15QvWTxLnBW6cDqysUBvkn9VEvGoBN
4cUyDakNPeMEZtJPDJGNujWLGF1XNH7WbQnheUEfD2xX
66oqNbfDhAAzaw8iYc69z8ZtMUHCnixUgrpo9599GtB3
NoKqf6yhqTE4jtYGL8Pw7W7xP6TV6k6ywgeqPRBnwhD
7RvtX4WGag5Ggy4oMtj2ni3oc9amEPmscdHLGvGQdZsh
EG64BPWCM9rgbqoB4Sn8KZh3jnKmjA3CfpxBDmduUeCt
5YFunw9HgdUXH1QkaQtUpwXsiJT2UNNEkWNMt3Fn92FQ
Hp1MvurGGDd7xA8zEdntreKcM2opJX5qD1WAApagZDfH
Ga5QAuv7jhLbQobMwHUzZ855Vo1A5oaJUPxsotvDTtfB
Hp1MvurGGDd7xA8zEdntreKcM2opJX5qD1WAApagZDfH
5cShNqx2E54RJK49myPhE757RJAEgnGKcbRqPVW4nwjC
7gDYdUkfyC381JS7cTUssJtKKP9LC5YJFgmexCAJmyGU
3gcqMuRD13WkkpzKtgs9uvUnXfyjMt9n9f8mLeEKHhxh
2Qmjc9meiBc5K4vzPd2Qp5BoXQF76LhsXwqd2NmmXTBF
BZfrVXv2chucEAJ5UjAGDnwWbjjqtCjbQQ4BWSvecRcX
64VjEgsBMFxzrRG2HmkhJP8daWVJkNNwGeydPhYHWf4H
5oJPbZuRqF7zX2wSwdJiqxrFE5srevUK9HyBqCAyNtwk
Gzya8VZQaeKVGSguZ2CCfhSV9hrbG1mt7YmcADUJRsGB
3p7nMpxbXjKDLmWAB617MdCxxdZF3P1Dd4Lm4zHtECBX
DfgEdaTxFkmr1akHoyYDwYqc3yDCUKR1b8fmHM6fgBed
7zCpbNTM48YFDCokRBkahF6uZg5LU6MzgKfv8mvGviX6
3o6coaQjHYV76GMK9isEsRwBNjPk9iajACnTAjtrJwjN
8rpTMHsGfRALWxX2m97xiT8yhfYRDhVn8SHRe7Fc6yt9
13zYqAmzH7fSvQ4mnhnZdin4STQHx2RMxDpXA3TfL24w
3QTRD2FfM2niZmZH1SxS6iJCRFY84DTq599gzengTtxQ
Evt92DJQS2a7UNRJp75J6dFB2WkiZ2nPHHsLMXrDs8jr
HQ37sWkCcCcRzevepJw3j7QVZEyd9YnEJqYuvCZYMQ3x
E67tCsW6qLxuVuzb6fGQc3VPAt2wwHA6VSwtUDHz95GR
APbnaMh5jXT91pevLBenckSwNjEdnXCxvnpyUt3W8iZx
rxuqLTYAC5quzjBUcUftK8mzhwGGFNByRvDf3A9oQSH
4MJ84srbSCz3eZJhqG93iRnf4rosLcC4R5Bpy7ZQmJco
GoxGkexK6LyC3DZrqDuyuDRm8tvkmAiWtLUffeJ3xCHf
2diX1Sor7SBwQy683e78b2PrAQZxaKBYHwfVXH7D5f1v
28tLPjFZf4K4WCjiQPnveiWAapcB7xXrbySnmgWCNtST
6zbHJGNdqq7PawynSgxW6csjVHAN9nm51uLNMZqpxZts
ERrznCBcv946zdfxu1p2krYizeWfpAxrx6mkwbVQZJK7
EYYBDtvVVcmGnANqMrjkv3cTx1h7pNoGKQEDJViS8EmN
Gpe5fe5Rzrh4kTQn7g28S7f3xctjs9DzseXi33FTMYAh
5t5pfR6Rz1f6XeLX7ribnVFZcY7pXLRbcdpEqyoFUnA1
Fqc8dHCpquSXrNq5HvAej4fgerR4reAPqtdeVQpgcgSm
Gzm4hNipWzdPYpLTomzw8wvXcUVYo4CGVdeGCWWhw9Hy
7duxYnz1tX69fCb1vinry1euxsiqx9tt2qJSg3kFATVF
8DmRR216akpGM4i748vQxbHVL3mqAYBWLGs7G49CJoFC
46t1nPLVBAWumcyPLePF2Wt7VoNbBdnJyLovVvpEgsap
DiS7bfj8zbcrNzS7XgTiqjh6L5hdWm5QL3x69EUbtwzk
ENaitWuQShMrtnPhATzdnZSEKDo44o3RQm7EyScDAKaz
EEUHeJFM6mUeN44v3kpepHXXBcGY8xV38TjTNxHEt76U
2KUYLauz7XfKFwAU3aRR5ubhHQJUwXd7Njo3qCbRzo1M
8gtMsBcGJVxGbtP9kzB89jvULfrTLbkyv43c2mBmiCsZ
3gBzKtuLAyPJAq2K54URFpg8i4hhX7JdZzQEFqKCw9m7
AenjjuEUwhuHR2YrnDqSu7DPggK5jnhgMZUEW88snHX2
2dD5qq1y23Fq1qLj5zJkZ2425Pr1dvtKQPMa6AGF6wmz
56bvKVvmuysKqrS5w8ge7xhZNuSfKZ3PWYN3wMJHGhj9
7hHLQYAMpJfWJuucWN5Z7JYAAkbVwmzir9bSMQmekGta
8BStRWeqCPJPS2hERr7V4mEgdodaJZDTNXVM2Q2AYHr2
GC1rVsYqHxTC8Y5FzDsdXaj1FMGhP19kwZJwy7mMRmVu
6x3YeSgZ3W6d3CbCXjihYuTdVhFAfoU7A74sjjw8VcR9
7sQSCgwBsA2gpjfgxbLwqH9V9684bYXz5zbpCJvEqczB
ADAYa5CPnjcxL2kp43VcSusahnfnTa9FTp7Gux2NQZY2
cACEdxQF6BnG3iBYJwWRgCPpdKCdsR8VhuNmcaTZdDP
6E1m1jQfPY1bk48NyN1GMwJSmxUbS9Sqr57DyitziLWn
63v9R24nrAM95WYcYhZjJpYchudhANCDUUwgrqnrzGF7
BFJCkFoTCwrPXTmNLLX7x43qfJY77YjCyavyRkYnFTzr
2gHhY8FgVvdMmwcAZDoWfFndvdCc5sKdg8AfgZaU2PQE
ANa8iWHMUpAsoR2V1EgWD7qvxCJ4oJJQL2jz7vimWT45
EkQAvYa4Ek97Zb3LdtLBTcNeMEwf9yZbTGzjPjQnrVJ4
CLXWwr8ekQVCb9Eyw3yfUXafwXQkn5ZUe9ZdUgSCyBrx
8XW5X7k4bU1fZzCVGPVnyVRv6iqwXqG284DnBpszAiuM
7v4q8gUztkXvXnKF9XhmteikD7zQAzfR5pT1bfEteDKy
88Mj848mVjgtUK5pYCqxh61aBPKY2oWk9MDKVun91JPx
GD9Dx84Rzr6qLJKoZqQFZn2Yzf1NyPFbQeSRZqU56f8z
GFRR2vC8z2sHDgq3ZtDtRpQt89QrSya7x2Mkr3BPepeX
7gRnTdsyyu9Z2HKqa7492JkTJtRfAEssyYfXKcjDzYwm
EZsxgTx6JXqZS34sDynrFkKD1Q64Eve7AW8FjawFfovV
GRKqLdY4K4VhQC79Sa6EeNpSKchuXGKkZELPAUtg5UiU
Gm4FvmDqQxNCqRdmynNknqdYcMwitLMfqY8aLFaxDwSq
Go9KCKvZF3Hi4xFNRxPHnuL8apqUzo6A8w48uiRCCcL9
CJhMcGdz9uqUSRPQ3ZXV8wrwUy1XeAC35Wh5trAuGBDB
Ab4aR4seU6t7n74GmiTvpsCGCXX99G1j6h616NouE7c2
CmKbwqVuv5C67PZYgsyW9W6bTUzBybsJm5kNqHp8M9fR
5AwbrzztsJT3wbgYFNLhyFXvncrMP48z3qBY7QxC3gqb
8DUMdt9zbYpCFLXGZnciF61bRdwVgcYPdgvCTVrKoEpr
HQxn6Z8gJXS7EL2zsmnf9eSH6BZyBAfHdb9HeR5fE3FU
AcpKUoSDNJYwFRqy9U4NDaUpwGUz7UzhT7vWuwgf2z9a
6DNn4M9Sm4Tt6qTXCjmmeMJ2QBqeQAwSXwKBEHDVYhAm
LoAgMhHgvcu7z1EAatzdhtxo25CojxmdEBEo3rbCQsQ
FLSMDoo81AeV7XBzLpMXXhRkbJ1RXmskDoQdhJfwass7
FxDAU35BWThqnf7Zc1vHYUhoyNnT4mTbipiAc7f6ohu8
DH1uBkBWyXPtbeHji1f9vr2S8F5i7xsUF3tTzvhsT2dT
HQdfvZQtRTmyQKftw89qdGkN7qq33JJPdMDK4eiyr57a
GkgRjJ8cCkMzEu6XhL9koTa86sPuTh7neqeoEK1e7VKC
Dyh3mtoYGFqDhcz429WYn7CYcF15qTJpAiDrK2WA96tL
6ykYU3fWNQnoNunJKDLSVSZWCMPoajoE8EVNzKCYs9qT
J93Difd8Nya2C8ii3kjnbPyZEVKPTGu1KXaxe5wRghHd
9EA2P2FerQqzUV7s167v9fxRaegRHrFna18PmpJZQ8GS
HixKvMRNaapShj3v1J96jLMtZuo7wNwtGAi4c1Q5rJV3
EWC6ESChdBqExhp96XPMLXR65pXP6Ftuh1pPAVws4pmk
7Hbia1JMqiMKgbu24foguYCYXycaVTc3vkaSTsPUnUzV
AzmKB7i1dJucc5Ec1mxpoJor662CDFKAAWRstWDtrmaq
GSfDaL6w8DGZQEhTLmhKtjwJYJiKdLT9JsYTdi2W4WMZ
CdmQ1wjzjzbSEsEymazTPG7rqLtSYakGUNLj9CvnS6Hs
Fcm69nYtPvgJQHKDyfVARR4w97ZZGoy8AsaGu6d5RB6d
3Rx7mjqk8MXhtjSX6k4kE4iwFvmi1zvW9rvhhigoYtPG
BPuTD3ET9NDSyCvwudi66xsH3Q2UWwx9NL4SyHgA5vB
DbqiZ6wRAA7vU6k1dPFN5P6RWymSu6FRpaiyxEYUMPtw
jAGt2an9Dnti7s41SoVmHZVW2dQL1gZnrDkdZBhtsPD
7Cs1Lj4h4XRGfPFmYXkbqEZPBv5mhmqehiLLm71yfuZ4
7N4j24qzrA5DfDq5ua4RhYN8J3yCyAJhpEMitD6zJajZ
99wEnD5StmRNah5zNBXFwfDd7e1sBcLFPNbYqwc1Rmwy
ADMpUSLKaPrdNxMrgJB3ZndRRKGPVAPo8T4afbrPLgj6
DpZwX6Grzt7Y4uQeEErbjrLs3QCjbJNKL1ruvtAbRGa8
CMREgyw5cLKtSXEoo4jLc9so2Xf4NbZwyyLu5ejAd9tH
AnhGinUuGbYNFzSsJpwDMToDhGWHTyEwLS2ms1M1VkbM
CJf8xXpjjrADii5HaMcrmHpB9dENMLXJWUtxxfZCNM3M
BR18SN18RG9s1u4skhAd73xRqkqtZYXqcBmgGVXss3H9
9V4i8VdxEHgjQFEKdXT3N4nFKRtNtkKCzd17SjxVWLSo
r1QHFARyygf2xA8mTDekHmugyL9MiLfAYGwwuATRJuj
83HykjNDMyReTheRWXLsmPaH3YDQgcTfkivTXah8U455
6DNn4M9Sm4Tt6qTXCjmmeMJ2QBqeQAwSXwKBEHDVYhAm
AKNWcLwASgj645B8wNLcKuTsbZ6vZTDLxzQcpjGHpUca
AfYExBciqT9EnkgRRWtEaGmV5gTbGdu1cFg4WLL5XSco
CYVikdfqKK1SmPasR93k1p6CntrmqGW4YcoSYQQ2TeVp
BVNzp2B7b5uuV6u2MPAQrqZ9ThPn5pVyZrQeNbh42Pos
DWaAVXvNg9NcNUPLCwRbAhc8NVmFzSLPQCFuwkxgp9Tk
HxRq4gm6JPL7w2pzRfiyam8RPPKi9FGvVPNhr8CmJwXh
3FSzgiKRz7gvVR1CWx5d6vco4gnPKvY1RefkWGEJvUPq
4gNA57UsKLtbeCkufbLVMnNfw1GFfAh1xvXSpbfU5CYw
6yoTFaYXwLTF82bTnrJmxw68jb5qdMs6aNG6esoNoZFa
AtuNc9HBnJ8iYKsXZApoEG9PW8D2MUJoBNBizSkzsuuk
7iGCFYLUJczcHwpUnCCK5QFBCvYwznnj82RoYQQnWu6d
5pJ9bgiNCkvxZ2ekKYGXfGyybxwYwCkJrDqrK21F6o3p
7zCpbNTM48YFDCokRBkahF6uZg5LU6MzgKfv8mvGviX6
97xAKp8FjyXkiYqTtYWN9ArD7KxTevzaCAo7VCcwLAsK
FZ8rsujEXNR4Ni8zSJBfUNmkvZNm6LtYyGYy6p9oovgi
BSrFxdH6iyDzEC9QTkoagB1S3DLA4CoYHRRk8FNmH2Qa
2uFa33oAC1s5FJb1oLMDUtFE4F1bZpJiHir6Ujv7RJxM
39YD5rZrsz8mSdtyVCfwaG2cAh5Amq4wDAgqZEtgXLRj
9U8SH4EnkKXFRwtpndWDk9M36UrtYcBfU7pyeQfU9DCK
9Vt6ZsW7PCQW4LPkf1YoJ88oVbZYBnT1KjWS4WhX8yQJ
HdDSJakczqfxKgZJL4fGsBVEeGaKMJkWFCkxUimwnzFg
7xZSuLS96Pa5RKkai47ksVq6RUxY8YJFnPfGmxLEPLdj
5j7xBjHcry31UQwsHK79JkU75sJhGpoFhKydxCBqR4m2
2MnQ7MQfjxeq3wiFTYnXiEnVA49k6caqrysAgxZHZdqA
2YhsLqq78FeRkqSoXsjJbzH6SfvHPv9wrM1RQPnL22Gq
APS8S79uB5w5fsQXwFNNZqKz6LNjPpELV5iK6gvrHbXD
4zg6ubEuzDNpE4dENF9AUH7u9vTbuJbhbHvXDvAb7JtP
BuiYZAUYbendSm1nquteMbZhzQxPpwUeTgtuisRcVYyK
6ek8bR5RUsFJus1HeX4j3QLDdn8i8EozCH1DNyMo2siE
Gtv7eokmEs2M7Wu5yAikncMtHieTfKpNQjuvoejJqJuc
Bf3koic969aQ78WTem3E5xcsuGSuckne18mrQ3p8E4ch
CukDLHKGdaDKkVkU8SJbjcCpiP5oWR9UDzPpAt4B3r12
3VnwiZWuht2c8LYcXtYBqqMogWVYojQhHCsdQMcFQKbU
BgmFrfqTXf9huqzbn6ESBkgdQCYFFGePNYr84ZStRTKg
5oJPbZuRqF7zX2wSwdJiqxrFE5srevUK9HyBqCAyNtwk
5tuvvanPuEQN6nfw8JbHC7eA8p2SPaiy43Mt9ydRzpBL
DJqBpEZrZBnbTwSCxuRwsb91fpG534WmFeDJZyag4d53
DDzTbHgTMihk86YjTpHiCdq3oUZW671TMV7bQbuo8BWq
EZ14BbEVd3GnBaxA66zkdVouTcSrVEGTX6AjL5urMVpr
BHzkj3zEaS5i97XtbEqzQvgbeRXgEL5iFSrWNWW8sPMP
LCNyzyqQWVxmWFLX1ke7Yt8Ho4QokRSQtunfqFwTELF
CD878a1aCM2UQ34sMo6Ub6hakpxSeiRCsFksMcDrh5NP
DQDQHLw4UxgX6FXnCaSQtYd6dSvxzMazMkLcaDHXd6Eg
GcVLNea2WDdfSLSD5pgjwLhhY4faQafZbNaZ6b49yxd7
HtK7LKZgueEZGnHDAcpNU9wF7FwxHQXXz1PrfeQPtg4q
3RqevLsnSf6VxHC8vCC1BTzW2QjXDrBrjySUDQCYQc6r
Ef8GfhWVMZzEzrqFkW9L8Haw6PmhGrcrokapfegDA9e2
GuBcKmpzCErdkQsyxBfSuLbRWKkyqvyQBo4jzdUwBcjW
EZsxgTx6JXqZS34sDynrFkKD1Q64Eve7AW8FjawFfovV
3Yd8QDG3ELkgrEo1a7Rn6CGMQJPHsDzHPPSMEXeo5XWk
9iVHqjy82DBjDk9JwfP9hn2tBiwtNwmNNEk7abTUFS85
BU9GQbSnXQcF59sm5VW5vM4QP138cM6s2vV4p4HhrDjY
DJ7Xh6mR3n22xphxwcypRwWXMZDKMoVkozpw4yYVmNgw
2FpCgpxqitrybpy4gUnZX7LAsR7Qp4NBndz3XCLsbdMN
2KcCvxiKiWTu9XXLMSRnNqCgvZaLfYLx4aiecPJHqjrb
6Ah3R4nf6C1i2LifmTTs8mX2oNdAyLiXPGGJ7wJ4oZXK
9ZSG782ComhZPHe8AxXDP9VGLAuAJ8cwjoyf8iJXTL5a
6V64Cb3cB3YVds4zobDG2iLXuhqt5J8GSvHHY9RN2o3L
DiuEhQVQu4MYexgF1SpaZpU812qtPhRJY8qeJDbXNJt4
EbfwUQoMi8vJ1HZNCnotLH59xYpbPSqjAufDyZWqaTsF
97xAKp8FjyXkiYqTtYWN9ArD7KxTevzaCAo7VCcwLAsK
6cMSYoFqQ88mG1eiCcX4FzhPXT4dLYzTRczdswKWiWqa
DxAdMqQKefeHcak5C91PqhtEVrZqt5z6v9BnzkcwabbE
4eYMboemLtNmqw5PuG8TxFVZUxN8crFJZVjrRJCz89GX
GNisgcTZZ2WS5PFAEkVUbFso3wNe22cjhmZiEjGcqeHD
six9qRG8Rve5CSGkc4StmyaXJt3FPknyQLhbQRMpDF2
B2BBBHRthcSzTZPcuJrNcXvSA5Z2wXUi9ZoU1a7aVtcj
HNEETb52GDPHbT3aLL8fk47KPL5Mq62S8rzfKKoasrHZ
HpvJssnfUR3tEwvSmWKYrcBFKuae4hpQ5JqjtLnju6M1
E8pAWPsMpvuvxU6pqJqrq7yip7n6VgzpAcpdqbzcV8Nw
Do9aYuuHEhseefD2385Taob8MVA5HaqhJ8kr9K7YaWgZ
GryqvMoqZFnmTxVMduzUQt4RtCZZCTKRZwLNuL4KyKsa
97xAKp8FjyXkiYqTtYWN9ArD7KxTevzaCAo7VCcwLAsK
BkNAnPVmQV2cWKPtXYhYeP7uE8jenTHXhtRu8hEAoLko
EY1GPZJ664psDcr4zi3T2JZFMjrxZtsa5uwXobyarxTg
HeohjHu8jiJ4gpEYnGakdfv4CxaFcCAS6iEfjLM9p1Ha
7V3P5Q7sb3cAe8Co6dutS8ZnjDTbrZDVvx5KEc173P7v
633psGo7a98EEf5W7uRms1SoZKsEDbkfkQmpywgc66dB
DrzrZh9SaJJBn4qsX8UwrqhUT6rg7tj23zabRkhd8BSi
EG64BPWCM9rgbqoB4Sn8KZh3jnKmjA3CfpxBDmduUeCt
6ek8bR5RUsFJus1HeX4j3QLDdn8i8EozCH1DNyMo2siE
EMb4AuTJjWPfQ5RJgfGuGh2TgfAR64xtuqU8JX9yXeEX
BcwkZ7rCmFQth4MPs9SZpZV1pSGE8VwYHs7aKAZSuMuj
6mesuhcDT3HnDdd18KWSLf2xapZnk8tmT8EePj6k16Qa
BtqNPsHVE7ScTuufKgkC5MV5ytZc6hahG8ngDBE4mSAZ
A8wVZjY1uR9TMfzF9Kc6B2zPCBNJ5VpNa2HWC7ERykFs
5ekLVRV96sgWtaNfPuePwPYtzpHdbjUaGbzDqdCtJw2H
AMAxZzHhaNqs5LE9VdEoc5WEWUM6y8gtbpKeQVWS4jnM
13EAH1JraWamdKyfhfFRwVCsjXsCHnPH9XVLxFmJmkkv
FqpC4nnEZ2SRWvoDyBEzjrzicCekKV2wZWC5uGhfuhYk
CwKVHhXh2F5CRBsGyut8KfCYXX2DJ3wNvoDBAbmgTK7o
GdDTpKzhBhceEox3FctHxAc7cpCMTwfTJbPDGnao5oG3
FK245BRgQHM1UHLiwsvwqUkF1dZtQUgSgXnYmLsVPR8k
4Y8B1WqLWHHEX2dNTqptZPvikLCdoXP3zBdxQefwvBjz
CLXWwr8ekQVCb9Eyw3yfUXafwXQkn5ZUe9ZdUgSCyBrx
6E1m1jQfPY1bk48NyN1GMwJSmxUbS9Sqr57DyitziLWn
7jHLfYH29sq1JbUVHpeFQrhWSxec1yYvoAjDueDHaMfj
8i53pNnjdAKyWzh9T9QKvxDz8Ekq6fK7UfDN85sxiokP
J8vxiR8o4NvY8wcR46iuSpSAjXhBwGCgrbo5LWA3corc
AkdfJa5NmE1pQt3Ai7DpgDg8kryN5qTZirp6LQcpen6R
7iNxffZAqQPSD57GXrFui7VzgxiZd2RKTb942rkaMY4k
HixKvMRNaapShj3v1J96jLMtZuo7wNwtGAi4c1Q5rJV3
EXP4u9nrkF47uGs1ryEzNs6SbNsyriwcQ9a8dKNzzmBi
EKjWiFtfRhyguYKahovGivMPuPbAFS51Mvkowf4HvRjL
E9KknLtz1fzjhoRbokLhQZfkxz18FTquMpnFbX4AyiaD
DKahFmS8QKj4hhMpcXnZkTcydFJBTJncaSjVtAhYqAj5
4FVaeboZ2S3MGgKSfwGTJQV5CbrhbD6aBV9m7MXZTAk1
D63HPSeXa2kGoqD251qsJBxX7e7ThXfBcipg4Gtt4HNC
54ZUQsgXKSHBRdWLXu2GfXgLPQtrcD1vn9ku8aFw38pK
AjYnxQfkr5WCMJpULQ5eqYdDK5Nq5by3bMZv8223WQjj
26nPiraH7XsHdrAUjXnd7xFtLbwMg8WJicFtmedaVvSh
ACTdfBcRqkHYELbEExZEqd2jD69Yg4CMMyBYDvqm9Qqg
4aMSCsDVCE5mhGsBKdyj5tic4B3owYfBimLzvxP6VQ3i
DmhaYmoxSotBeXThgd1kiaUfQJYprErVQrpBdhNopxi1
5XnDvcc1TWKDAFs7juQobdXxMWkJ9inRgX2wh4Pa8AEL
CmKbwqVuv5C67PZYgsyW9W6bTUzBybsJm5kNqHp8M9fR
5pnRqg6VeMWgDPMHZiHg1BcBr8sfHqPR2zWPjAqu7RcH
ECjsP6KUewrUCqNcNeDnT4KFT3MxR1rJutLWgKCJZSj6
DAK5W37U8SQQYZDB4cppzMLPeYfR6qL7Q8np3qrLTeGT
FQRKasKi6iEqgaD7D3waDErYcAFt6p2tt5BR8EDPQrtT
EwXuQ4tuMSJLirF1J4DqZ242ChbQT939Tk5ZSKZ81jcs
2ik6AhcVZRGS9MUkFdceVxLwkajchCVFL137PraXkfgS
gbBScFicJZQoG6cmNK4T454nd7tZvebZsPZzrmgHRCz
6DNn4M9Sm4Tt6qTXCjmmeMJ2QBqeQAwSXwKBEHDVYhAm
7YYZPyjjUtJrqi65DcgSXQ7Y1qjYfkCR2G2Q5dqDfv5Z
HxcHUPJeGP1YyUyggNUAqDLUfpye9YEBpMJBYt3QGgef
F4UATvdm9o87v5euWtJrQVnD5Wevd66QHmroW2DTxvi8
2Ncn3aJy1VPGvW5cnS7VfPDbSWfyRSb4SW7dw3Sv2eCe
CeXyRqzXX8vEcBYY2pXfWtiiQAPj9rFVJWdV3ZWemkb2
AKHkfNyVwi6muUYgkaXGFnWhBx41V7UN7bCsL1ujoVfA
AsRzkcSsQCum6Z6AA6onHkXYMKXZa7Ccb8AVSUdSYHv2
3V46Bp5Xd8CMgCUVJjCrte1rYAuJWwFo6CYCXfuPnmnN
BtHKvqrVTqWb9MYvZ4GsMsg4mc5PhgaYFVdZnCwQDh8X
786GyQWgAWgdNiLvDcN7iUpYwS4EWBotuF8uGePR28y8
4LuHo4iuzLwSPMBhAjvWUdmDwg7tz5Ghcm6GRCBrukBh
B5bgM9uPu8UxgY2a4WQjrytspSWXoQXq5fijWfCRh5CR
361oQ1Rz5ybJe5E4XRmksABSSRgNUX2JDsrWGSymC4Bo
5DF9ibux2JKwJtPMio46KtRBmbC8UozW7tdunwRpgTCm
4N7n8jF2d4evRRkoR4qxKK4mDTGLVbyjo6wcQoQaG6GW
rMjHEPkW7J1PF6Vu1ztdvRofKNWaP3yoSAXbkNdY6ML
HJyeYLSkus6WDKacT1yZkjENHXcaSQNaGpCtXYbq77L9
GWuAeuRDpAwKDxnVEDRW3hYn87dw8K91ZLrhhZUCftnM
4xU8ZzUhENk9W8RA5ZcfNyoqwrRyg6Htjeb1tXQ9XfwL
CZMV8hy7DMtBgJHFATEfDm9MCfwEmZHGVhMEDPEtC5Fk
B15XLZANDxwnsBJmnieUnkrDNQ2SRHgdVbnCUxUrkbBN
A11ZfsWQyYhLSueQnb2CcT6qbNgxeX1JDcGZBUvoQ9ck
9v9D9kvePLBANY4Zx2PUzn75dHuQMMMcs7mZLYy3gMaF
8Q4LCYjz3G3yP7qK9ZyeysbaU6tjV518pwjBmeEKcuwC
FaCqQ5GRgC8vtiGwAvYLdCeaAQxiXLhxe8hMzKqwFKMv
5HUD9Y1bZp4VwXzKPKwUHBGinfEjGkpxFRZiJscjUUR3
BpebsJE75hWA1HhvKppSTGS8DkuwkEvnt1kucbR9FDwS
5BJiM83DNAJ3XBdRT2APqqy26HS7Q12EUXHjA5De2Ftw
DyhrFr8zofithTDnz2iyWGMagDrXUa9yb7YZFDvSqMKY
GLdK1p9B41GRcR2gMHdoMqfcAPVh3igDu1ztimjrJScj
CAuNR2Jzo4pqvL9g67QYwhcfYwCiCHmZShchKRViqvAi
8JryyELBLWiJP7xoW81q2Cff22aKh5AbGhnEttQxRrEq
CFQrwdKhJUsRb9ysErvAeJAy4FUqtAXjrxBY5HjHwRnj
DsXPaZiTDNzY2ePCCj3J4iRhaEPncQ3WAuBNLYJVi7B9
B2BBBHRthcSzTZPcuJrNcXvSA5Z2wXUi9ZoU1a7aVtcj
71qKd4xeTTWqrHMMupugtQmsoRskw7xKfGRxEEg4Qeaq
Vf84y2oue4KT1HzGosbpJ2978VDVx6XeuiPGjMExvvp
GebmoHLs9mt5E6ntUvCS1PKm7oe9wM1TUkxARMD7r7XH
8xnDiEEaExducDAizz1ZFg1cDL6F3rEiG5r3V4g1AxGQ
6nWgftg2kPMG3KL8bPy8apEtN7K6NqxfrhTX48wEn9GQ
97xAKp8FjyXkiYqTtYWN9ArD7KxTevzaCAo7VCcwLAsK
14TJ82sAjiw2A8rTqGiBeseHp23RZqf3yZ5PovWSb2jS
4H389fKsqzX1vHGDrtWDLUKLkcmMi4aJsA7srHwZto5r
F8i9DbfmNv5kg55awgR76rDuKt2wARKAhbHDvvdeCBx
4dKbzteBxRPnJLaVDyj4t8v6i6G4PX2ASr4iqyrcaZZF
5MhdpMJfzkgqp6xuLoFsQ6MnHn7yhoqCV31xw5Ca38Lt
59y3eHsMH4he2gKyJSDEiWdSDpCe4cVFGF8tgpNJM7PY
Hp1MvurGGDd7xA8zEdntreKcM2opJX5qD1WAApagZDfH
DCTeYphaDsdFWZ61JXusR3dwLqKWkYgCjkxZSQvPzRuK
NR6XgjzTC5xSFVc5xeEyrjSxNrpxnrqgwh11GZaMmbe
HFqbempFrTudgpE7mZ2U7jsxfuJcgH9DMprLKLNdPs7B
9BdwxA2LsuphfvQctFi2CHpZsSv9z19tc5VYjy3hpZiM
HFqbempFrTudgpE7mZ2U7jsxfuJcgH9DMprLKLNdPs7B
4v18nk6GpZGE94B7eDaedqLtV4UKVnNfGQra12UfsCEG
HewocoFZpYLKGYC7rHWBTz2djmYvesmQyyurYApQTBY1
6ykYU3fWNQnoNunJKDLSVSZWCMPoajoE8EVNzKCYs9qT
7srUnsGigLyApFwxw3MgNawzDrEkDYpjZtoQvBi6ayeU
EFpipurDmX4Lgv7V5TobgR6TMnBSZv734pgcZjWNkmfr
3bSvTse4nx9Y5zTazhr4BY3RTFUjcnUrechQ2whhsBFC
97xAKp8FjyXkiYqTtYWN9ArD7KxTevzaCAo7VCcwLAsK
FqgVpk234crAinMoY6M2PH5b2MLcshZQLb96JTiKZv88
4ZfbvQdAGwtqCTHnWwjKRVih4jaLcaSKXbJAnjHNymgd
UWRWYjqULC8X3ZjNFRqrQ6o8X4X9suPJc5vs1sMJJsv
ECsrR9iXZPWKzNtGvm3b5z7aZ3hqPHn5c16VrFhDDvXd
3Zwm21VB7SYtYmVn2PnVj8qzzXzfAeoAifSoWNL7XZor
Hofab1sc8BVC5LwPZeRqbdniBm5ypX3kWjeRUQKTXd9h
EavbFXnY6W7xWoTtBjitEFD8cptRGrdjiMrxrmQNNEFq
EkrPmifHXbGk7PLeReSgGieStGYrU1KJQudkdvVkFgFD
H4i1cV7YkdQ8DBxfpwVyYxQckqFufy718KugyLE7owLq
2rKpMcSbhsNxaeJgMXeGprZuYz6RUBiKUWy9s857etg6
six9qRG8Rve5CSGkc4StmyaXJt3FPknyQLhbQRMpDF2
9KJbbRm5qjnWBNZNv3Mhk2hEFqqDAYcCHuUPxnG7W64g
HzyCT6W57Ldhwo9hvux62AgYdZKbBdAbfhQNWJKuhKVq
A7QEhKyS2fpmafFC5gvhfogPJTRZsEQk9JDMfdHiZqnn
FWtbSUVSFWRipvFJ9R1pfbzfvVKRcwMBudRvoncXg9BH
57KQUnfeRQVhpjuJ1mnVt2QrX86zw3yzBebgigGzafbQ
89obRtCkiqcTkPhfrhxWzrBCdVzWiz9kgAHpPfEA6sma
7tMyU22ViPrhY14fy31bSmTsQK6rwc9q3Zbq2u5RkZis
2x7EyHVrEUuAF1qrVL1aNSChwAvVDB6NSW9Gp2svKwxX
EZsxgTx6JXqZS34sDynrFkKD1Q64Eve7AW8FjawFfovV
7N8fCtjYVKbvEfe1rSAaeCMSFHKaBHvcBkWKthBNEDcp
CjCWsjffGJbMZirnDPLHiF5m3Q1nKzLaHjxKJ98C5Tgy
b3EeBpVifZ4Lxb1qKe4c4ptBTc4yt8KPo2AQwhyDLjw
AuYMADVCqqFz8gyu1N2DvhbKeBRUcADTrcJaJ8Q2MSR
CGA6H2M3FEjemWohUyYwh5VdvSteMTFxxjZJ1oAgAh6k
5xjULdC4pgzNNdoyxrZnaMPUzEKLcKCJjDmVYfaJiYcF
6dWYKwXPMgr9dbsWsE8FgsTHgHudFaF8vvaQTvYcHnn7
3vMfsioZG4XLKwjF65Md85NvWURc634CpEWmnWUUbnkH
9c3f8Xws5at4X2u53HCn2JNDbkKSSbyvW3rPvZYcxzbs
HMNrpDgQX7c4Vf18nZ1H5NTx6fGd9AwwTJxsy8qPeHPK
8i53pNnjdAKyWzh9T9QKvxDz8Ekq6fK7UfDN85sxiokP
8fbVYW9fA58usgWshirF1PA8oMKejokwGncvd6qmvuxB
GJaQQ3i63Mbc85pebD6aEE1zhasTUVNnh4hPcrhxfuTH
FsHHSembVyZbkctqnpyeDYo7JPLgwvpWj5ZPGa5CPmxZ
GNweeVmB7D3f3h3jMsA4myGNPgqUqqVCP5WsAqhhhEFF
4eYMboemLtNmqw5PuG8TxFVZUxN8crFJZVjrRJCz89GX
7NSBAKhMFtgqwubR4mHXQ4GWiRGM8XkTVd7w18tVwk5N
7RvtX4WGag5Ggy4oMtj2ni3oc9amEPmscdHLGvGQdZsh
cXqFkCF4gaT9vAcZYMgwLXmmuD5w4hwgxT8YXE8JuBw
8hfMaB6ndxFFkrTnT1eETvTTEAfAxPY7UQeMV7ghR2a9
DajLww9JAzbHx6VNacZZWYKQfUukB9bibGRcwwHs7e3P
9j6ffmXuUBmAZcaNS8qdh2YV4umLamWJaSiocFsGCaBw
74VCKh8gbgq3g9MduzSLSAfPUhFfq2LHECSt8KnqZ7Yz
B7esNdSUa3cnLzHR5mPP6tvtBz2E3KkpoeDrRw6wjRGm
MvogSQTXToXV7MS8hDbvfWGoELDtR5Z75SGMUNiUddN
CnjNZ8LHDtwyCz7SBWPHCSBPikJ5u7E8TouZD4jtZ6KS
47gLPvVLGjgJsPRHF1ggWgYCuUqrwhYjZKqMYTQMRBoX
XGFZk186maEp6FtE2YMHNXiY2c9kTkUu88ofnnBm94j
32QmPoB6BoGHCAKLMyLv9hHJLiGqfi13oDPw1szudMBo
3qmmhHiTAnaeVAdNACRyLVgoERWxP3UuJ1aHYHdo49XN
BJSXGMEpffDq9sVJm7Kj2qEw7aTJy2mQB31DfkKvAnpP
9wLLpHHjiJWyMre9BxcxxqMjomTzy4aCJvsAiXH62AZP
CukDLHKGdaDKkVkU8SJbjcCpiP5oWR9UDzPpAt4B3r12
AEqngpdTaH3T78AnTh25McWeoXXnQ2Fbfvi5aL5MBFPx
4LBUPX7zfGzqdho666K4ueu9kipXkQFoCpNCYmQwdVmi
Bkhcixphpnwm6cco9NhJtDFChiyXZ4TbnuoiEgmdHrPh
37d6BP4Jde4jpVQFzre2Bao9Gxf2j1iSN14z5Lb98nUi
FqpC4nnEZ2SRWvoDyBEzjrzicCekKV2wZWC5uGhfuhYk
4NtDfNisGfAYqzXJih2hv4vqKwAd1jhmRZNceLFUzstR
72GAVS85vyaRypoQavWSZ18sjoNWyQscnXx7J9BMupQS
BS1rodv6MUUzzjfDiTme1YNbB5UvJ141G6gH5obfvS2K
FYWNC3URfZVB4q2n51FCV5WuR6xGuzxdhj8q31MqKH9h
BjDp9YQM7GVsT5p2zeMd9abFysmovuJT4CbJnD6Hh19p
7FpX2K3bMWdgU5gatXwY7LPK9fe1SJmp9GXD4eHCGc5s
ACTdfBcRqkHYELbEExZEqd2jD69Yg4CMMyBYDvqm9Qqg
58TdCSWU2ayZToosr289kJbcgQUvUWqoKD1YHitqofxE
AcTz4LZcyNYapAKzSE7tuhU8PcvcaRSeMskQYNQzEagW
CJf8xXpjjrADii5HaMcrmHpB9dENMLXJWUtxxfZCNM3M
Dqw9ywsAz6yvvFFXh3qjAzM2M3hGxGUnh2Tyx55pf9ZK
3ooTnU4quRNztapYE5vVojHZSFqPeH2xnWC6mbbtAUSE
EhMWretx6SNBKXMX5ZnKY7YMueR2v8WfLUgMaDNe3TQ2
6LqrsZx8J88yXDf1mcZKn1qnFCAZo6YdDgU98cPKx6cN
9v9D9kvePLBANY4Zx2PUzn75dHuQMMMcs7mZLYy3gMaF
8cFYfEWgXPmbNr6EginTt3MdvBJZBh7aQ8MyMHRMoD9x
9c8ij65r8MMtdUQ7SukfWSLVPXqQHMVAj2mt6XihHonE
H6ewEQKqUYhPFNBUBjKugH6MNgBzWFoJ1U5fiVvyHDnv
96WX37vQhNmrYmE5UhWG1xFmYX6QM9X9vxUiNu3MtwYD
E2Vov1RpUa9MtwN7unwtDAEWReni5XNVhAEzw8JV5Xgq
7KB6wpphfS78kvopH3JtkSmPSpsVS6BYtp5KNMo61MQr
GnNCNSNwysgrJZp73XZzeMACNXhev4p3nvRjEeaAca5F
BKZS9ci2HFDA72Wp3rPr9Tc8kTcKwLrBboNn1XdGpMFh
HSMpu91pytUdBFtKqUkeBcbzZNKCseyZP9xoV3fLJuZh
97xAKp8FjyXkiYqTtYWN9ArD7KxTevzaCAo7VCcwLAsK
6EECMSyyjq57uc6CiXCk91eFEYRtsvjWRGLZ6idDko1B
D49w2jkXmWsgJXjidGbDdDJxcPhZKeoKYdcH3zD2aim1
3p7nMpxbXjKDLmWAB617MdCxxdZF3P1Dd4Lm4zHtECBX
5LYXHjnRLtMriJXxSixEz1pn1e4gYAQNK3kZNtqgpHna
FryJS4Ynb1kAMfZ3U2xBiajSkkWiaxo9fWULZxzgQ5P6
CBbU1ZSC5snipmvWqemGaLKbg9bXVCxLZEs188GGEDW6
Czx8RMTnKH34xgsPNLMPEGpP97LMBfa9iRvYyiun9jwS
2xRHpaJWgABmteYwtJZG9bbFfxgGg8MVsXnFDmivNq5V
8rDsSyseCgK4L2fBmiPPiibMNxreQRp53o3etCJMDPAR
3cWeLWUZQaq1UHSuvgmBLR57DT6bQm7A7R44uwbcUbRL
3Tn9DueUsGKxSVwmHT8Y3uiPX3WXWnNJzbUyBy9GUBhN
CqdQFPWATQUND8eMi2Gow5nCQJ63eB55SsixmN83Y3rc
H27t414cQ9FjKtZAsmTqTZSLHaDEj9XAXzpZyZXTAck6
CmKbwqVuv5C67PZYgsyW9W6bTUzBybsJm5kNqHp8M9fR
GChoRaGhcY1EPPaqoZ57TcpmBD1ECoGPxqkPE8zg9DSX
6Uz21kYRJkMYayehzi1VB3Ub5zojwVyGhcdMA6Stmp5r
9V4i8VdxEHgjQFEKdXT3N4nFKRtNtkKCzd17SjxVWLSo
J1z2Wi6BLaT86rzkSCw8TxkTmrLWBAwzXXcU7xZBuBcV
5HaSTLxZstbFDnWpTmCFcMxnJdFwivm6ykcNxYa4yjtS
E6j5MbJxpMWrWWh7NQxircbG4dB98SXdoXtpfRbnqwvB
8WBN3QCjwUXbRum7MLXEYaDZdSB9PSWV91kVzbQPFjZC
CkMFDbNEwaNiaQKaq6uUH3hmXp8oQKcGy9cT12F3xNLn
GXeGYoFthUpUZqVjpCnEyGe8e9yPiPTRftEw9KLPz5Kd
HAzL8AWL8EPEBNyVojJt4t3hsAz3qgyaRZ4Rm2tEaqf
91Wuqdn5v3RW6E78XiZs1zdkYg8Xdop9LDcsp7Yefkt7
6hK4TePe6J2MAMeb9AWcFwi3XCMwpp67BXaxuxFmNKR9
A8wVZjY1uR9TMfzF9Kc6B2zPCBNJ5VpNa2HWC7ERykFs
GRKqLdY4K4VhQC79Sa6EeNpSKchuXGKkZELPAUtg5UiU
ADYETM6XAHLDGVLfZdgYUPiLsfFbeMirXf6xoYipjMAs
7zfyHQYPJEcQhBywdXqSMfzpCsDZSBZjNzcp4LQ2PcwL
4jqgZr6JVGiJFMX7XRZSoShe12zfRuU2G1UEDaYiNbJZ
FxH75gveqRNXJnsa2fN1GtTMiGjP1JxCRnUPU1d84Fvs
EwwjLURAfEyY89BaEf5CCAp2FnGvmnRrnAmAuoicvT2Y
DZPumZfKXUP2ucnKNox9yZXVvQ4uzRUaFoqF5XvLhPXh
FEFpCkrg3gGRU4dFDdeqvfT3Xtvt1h8Evksmi6F7kaNf
EHaefxu6PgMXRw8VrraTFaCA8jnG4uKzPtRrCCzPBz4o
3z6u9KG9vmnKG4WKS8uZEdtpbmMQkJQAFwkBcGT5M16P
5XhU2GRQdmg3HxDN3HDETs9MxBGoHtgn2orscDM6G5bN
AYwzVB1ac1TdzEu2bPSdUdYyZdMQsZ1YWsTfjpdUJPgp
62dKmy6VhcrkCRCU9fMnxMmwn8cVmwqXzRW7tA4Zx6Ee
8WYRXiQXQSoAMw8A25HuTiTmkg2Ax5YTaBxmHZk6s5LY
9rGhWRT6WYmLUJ3mGrM8ASaa2fyyWwXoiqJivhXywc4C
EppxE2vDF8cBrRmJ2BSYiJ1JtHcPFV48YR4NkRD36gHZ
Hp1MvurGGDd7xA8zEdntreKcM2opJX5qD1WAApagZDfH
8W2RB1Px9gingSBCsdXJgrNNQwDkRVVaagVcWx7zoSvd
3iMNngRUK8W1Pfrsj3gAxbPuQXmcb3QJtHzDtdH811Qj
96cLzjzHm74NfgybTci9tC5r3KWnpj7ZzZXiUCT1xfr4
AouXEBqiEvLW8qV4Ri2rARVmYYDo5ehJ13XsaqKV5XL8
E4YnbxEMtg9988ogZrG2Bgmb5FhZk3eW7irwz29TpK8g
5BLyNW5zDfahBpoPp9JYqXTRWxJEm9j4FVFWLKxAXEDg
GuWFA8osgPb1pDgfCVDdPw89JyDNAv5jQVAshSXRJmqv
FK2JSm8HV46i9wevsLUFN1fufWo6MrYzunXQ8HwhLM89
6zVwbXYmzpxgqTcY6kWo65HqQdoymqZdrK6mQF9BUQed
7N8fCtjYVKbvEfe1rSAaeCMSFHKaBHvcBkWKthBNEDcp
2kNupzyFH6fWBge38GPjMHzdwpniMrPxu9csEwdqYyPC
7iSwracYgCbijrsgHZFArEp2NZcxUL7rPWTAaE3gdEEY
FengiWQSYF13nh4SCEb4A6tkNDYALF5zwkvh1zAYWXet
9NwexLP7iBc66dsHdnny95cMkcZTtTWgpLRqFvKMYZwQ
7tMyU22ViPrhY14fy31bSmTsQK6rwc9q3Zbq2u5RkZis
BF8twL1MmqiVRytBcgvYoYbiaMrHMpyKjsHfUvCZRYUX
EWC6ESChdBqExhp96XPMLXR65pXP6Ftuh1pPAVws4pmk
Cfh8zzLqs9o8naPDQttdR43Wp4n1v1dRdN6L6KJSaqxe
7KbmFStnBVAUB1NRKuNFdhzXtj3mfAT4jHLXoFvFFSaS
6DNn4M9Sm4Tt6qTXCjmmeMJ2QBqeQAwSXwKBEHDVYhAm
5oJPbZuRqF7zX2wSwdJiqxrFE5srevUK9HyBqCAyNtwk
Gm4FvmDqQxNCqRdmynNknqdYcMwitLMfqY8aLFaxDwSq
7zkQNf8BZiscYvshcUXr75VVFJ1UKS72p896mEVvGZAH
rwEBTDd3PhC4ecPwapJLcaDqgY48eCuCWotfNNw4Lny
g2q4tWwSoLzY2PYmYM6YB8167AFP9L5J1Mf4xJ5cJhB
423nTrGwBhrFkLRFz3kTVTVTWjccrzR1GD6HfF5noeZw
E4YnbxEMtg9988ogZrG2Bgmb5FhZk3eW7irwz29TpK8g
7BXvdkZxQ8Qjvhb97NodXvCWHRAcT5uTgjx3ASCbMThT
Fixtrt4hMYZ5EQhmhy378m3oifcordytKpafBJSeuLfs
vqk4rNkuaHbPHqCEf58R1na7QR7VFsZeYVqwxATJpRx
4LBUPX7zfGzqdho666K4ueu9kipXkQFoCpNCYmQwdVmi
GXYvmiaBH6jSpDWC1Tv1yTnLvK25pNgiQ6RywXSp5pjJ
5updUQS1RxJZyPFRyJMmVq7vYZnNZTnPUUftoorgyrZc
37J3YBtSBrb1nRwHXabxZCspf8V7wZJjMVMZLpyvUh35
3fFRY2qnnYSFP4gJtC2qGfBmeTSiGHB1AfhAbUF7FH99
51oET2dy4vCmZ1JMGYR9hbsvsLng1vcLD6z2AZp1uq1j
3m1JE6nMWGDzCQLMxiVNVa2H8F3CmDVgHJW13FQSUkfZ
DndGvbmoB4NrHeqa9VEgk9nTmZL8XogLMsqq8Guv15qJ
5Ln29BYYEjQNySrPTWPPSgN1tYmjV66jKjb3ohVnuqRE
5ssu1FQCAxLQZUbSnFXAuPn2eDaZBTWkc5QBChh2yxAa
4z8DfUJGJ9bWjPwk1ohpF9j2QBGgc25NPzX2zRUCmvoo
