6faXztVsM2bUY4529nBjKZqSKcHACNhZiiaTbAoaRJuL
9CrB8JFDXZX96m2T8ZpdkT7wYC8PKQGfdkuBMLv1L2Sa
HCguehwSYNQnthQBReyZGm8eq7TbVJBdKMKbWpHYnL4U
HtxavFGmVWXU94Rtd42A2Qok6onBnMBmjwFteoEfeSRr
2Xxmt9eJTWrEzkQCcQCwd7m1CZFEjrUm9Hd1DHf7p7Yz
4LqaSjKhHEP9gLuyz3Evwb2Z9jsVJZrTybNsCpEvRLLE
Dcj8yvVoBSrYyQa1LdJ8v3pE8iwZdGUuhiSPQMw8uSsJ
gpZprrNSiMRCrvEKpWoZLKVjMHPncSAbwyAWpkz91VH
6rgtkGDSav9JkVKNrFpfN87JiWNWa5MHE3x23eorV8hV
GBorofUXdfcnPApKfYEcvX5cqQwfhy4Xmeff8Y7FNi1S
FdYfLK75QjbwBFfcoTu4VoRhV5XpLfUST31vZZcz8h1w
FGa7qwFmLDj3mtxMspZjeQdDVEeRAjBsk3z2DqjxrwFg
HZzdFA6rEKTHnKa9UMQCuVhV6c267oz87vJJ8ANpdzxg
BcFk9CXULZwKtUpdJ9iaHmEunkqWqi3vwVS77gC5TtUr
BYGcoGn9Q4Kxer5bK9wkeVN7x7Fror3UaVg4h3ExWZCU
74AAnFwDY4gBToE3MLD53PrgHPESLieCXDRKGNgbtbhN
3ptYVxMmjWiwnPKDmhehVqfrD2WSDwUQJZoiL616QVK7
4dhChaE3GYzn11vP44K9LwVNnNFMVDHws5fpXaiBP6KS
6FWKpwbz9VG5SFxE8GeuHTGTgwRU3e4PDW77MWb7A1q4
HSQ6Zdr12MveZcB9h6W56SEX3G2akmqu64537iFvRGGg
EL6hBg3g4PDHUGb6M5JeqhTy2KGat8cb6kqePPA7WmLd
98kpAWn7TTULG6TeBgVuxoduU2dc5VMXLfYr3nKxgYEV
3Wj6uVSVuYsMrrQ5wgXQ2S7TYe2yQbYh6RYz6XKsyNZE
6T7JD1cdUxMymhpfKUNEVbJmJkGQDJr7kygfhG1rX8AY
6nmRAPMcXPtkQetqGHpt9jLqrmsLpxARJzrLgr1gwLs4
Dhw3Hp1UmT1HzdoW1BtqGgoqDcWsnasrPd7aeLeDxjCA
F8rU1YNXWjqFXi7cdPpti6xgUQYyjHqBoT91N93p8hck
Aink5vbLfAbjnmyH6ACaQHiSXGPHymdTYeWoks21v6YQ
3KpjSqLybnJ2LYkcyRct9fdUe7S4XthixpzQ1ST3dZ7U
B1M2XiUxvpW8ghcP2L2aXzN1cdfxDqYBbp9vgPkQDuJ7
4ENvCpwPeBT9wWNmUoGcTZBXypmMEeLiw1ZAnR35Ssqb
HQufrNuqcNaeCeyMN9hXM27NjHRFDo5mJc6yehMRUCtP
HBqYyRiXB9MfyXHcjJZ8234H5siSgyRxJdQZEjQrhJ7E
3dBc26F4hrTAmVdKRLkMwPyUMuzj3HsRcFHsFDpFLrCX
EayqEyVs4U7FmxqBCoqyP4JisFrrhME6wsbgzib8NvAQ
BW6MqMjHNNyJz5rVtcjKidEnKb2vYquRGwvbnNRRyYX7
AUetbS11kbhk8X1UEugfpBmgdfzcLDnEpb85vurwmZ5W
6eqzKH95osd4KkpscmRrExjeEMcE2RRJnDgfPR2MccjR
HgrUPYbvSwrpS8Gf7RCtQ6X2iJgdjVxwcbPpodPQV5HU
8eAVxktUGnAMwXWi8YyP9wpxuawqGpcGLJBdmGJppMTy
EXPpwcMtHDLdJT6278x6iDtD99HGirYMPuSi1N4EP5La
An27fjmSTax6PwNYDo1eMqqc3JYnkDmhjmogRmPXHGPK
Ety7pRbWz2UX3B6DHhyKFTPF2GNnbrwZdijoYS7vdHeH
2PeXY2Keujftor2vBYom6DjDJ9oro4dGRmqci7u6kRNT
FartZVterAz8339YxootNNUwDNvXXmCDw1bURWL5PmJz
Cjvjnxt4tt7tfL5w6pHbcTKM7eFEchqFQxE64YQDK9kM
3hJ1m2yhxnFSW3ofeKS6fGJQAQJjuDKNArXDgjDnyaW8
4JMwDU8UjDoooxmTeLLHj5diTXT4rDKrvXgAfWSnVAax
87TiimPnuRauuKEYThAMyr6C2QAdn4mLGiS7gi1onB8q
BEgTcwx4D3LA5sWTVfHDDwP5Qauk9JAqZiX1xBXiGL18
5Tuoc6aNutUuEJr4dtQAQtf4qxUfka2sDckDFPaZX8ST
Fua49cyZW5JPYryRX6yV2kY8NrV4nRrw6z5KuVXodX9f
3n9Dtg3fpRCXPKS2HCAyg26c98bYYiCgXSFLnEPpCjUP
F5xAtRmeYWERHog5GC1bJ1HG6x4isHEd45xVdksfk6k
CEacY5AZtKzN3nWMES4N26u8cuZBY6Y6iPdnB9bs7aGi
CzGi4mRouJtYN5Hgu1WL7QYDzG9tDbNPnr3peUrQd8bg
CXY6nvwTihiXfr9cVAEiqX4s9JqhUx24RbmfVkF7weY5
AxU8gAVL3nzywjx6MZWc88rBUQYrSrrWFN1ydCjckGyp
HyiD9eqn3dMgdg5XSRotmX73M4SSgw1yNJkGGb6yP9r7
5VP6qnwR5SUYhMXzCnM1bFeFtpo1pG1TVtPWz5sYapJT
DJGuwFww15z9Q1aoybYvboMERMdMAyg3MfEE3UHt6Dqh
BZvAwzwH121XYrkdLPNSpBKe9jELeaxexSo73ztg5DUg
CYGNYYYT8ydRBrfFwTDqQwPR2BxQBiX1LQ2GZugrX1dJ
DtAEHDaDHb3FYA3QzBBgQaz7LtXboXEJ9g4auhvaHmn9
HqiWy9Y2Pz9N2gi1rmS4NSvr43wGDMC77idD2DZBo5UV
285egaLVM1qZmR3aN4FFb4DqgHtux3Q63F9qvR7fQbSm
HFWz8TvNmZuvWj8Pvw6dy3Uv1zXZKeoisxVonJKszWPS
7EKkoSYucWdrfuX82EcWKhkVHVtRJ4dHJjWg74T1Sjix
2hZC9614xYRescQ5aN4sEsdWV86BeejeCKXdfdtLZFMi
E52MdYT7RaAqVm5MpFe4DDgJ3qg7r5Zx4cjts4LXBCPE
D2AhPXgmiEgE7TvznCPNtPXKcZ9qbTX5CSyq1UttJBnB
6FtHFyeKKzNV8RpKgwcqKS2neXdkzHajSw5kDtGNejgs
GKaz494eCHEk1Q4fYt3dqY3E4SpcX1ZKYmuewUkK38oU
5F5oN4AdEZq3u1dMsAaJQJwMzeSBocNzmkLLdCQ95Z57
D2My32mQM6FDBYnbXaUQ4tq3ZXukcdynYgpaQhpvnGW
4hGd1GPtsBbFm9RbEBDdUydxhPrsJr1cnMpynuavW5HB
E62cwMGWdjbwibhoLUJF4g3ZepDthhMpXXH3w8izob24
7M7iRh8wFuBKP1bgnp3aLUoAtN3VCViVbf5XkTB1rqyc
4xEma3ptsPGWt8NKgAtRoK1jWzaw4ejpx153tdaYcL26
HmJgXYLgoNHtBfxMcJCu8WBLmmQDicEYhzCF9wYgtZfR
3HRZvadv161aPTTQjWaVJUa5uhGKY18tYptDtfdLK1g7
Drb6wqask4tdvEiAyvfiC1kMQGmADeGmpXXkbrQMGm4j
8SfmcZsCoHDt878Jg6nRLWG5ZsJsie2jGrGy3zV5UWkP
64eEYHzcycZ7qBipABM9ZF45yyLov2bs4W29iL42vmZi
2wgBoe6dwFqpDs2GfNKihsyw7J9xb2ZurzGdVbQd8his
FuhgWDTUwyeY9c1dmMEtxusiKEj2CChp7SyrxM7yyNkB
8hZ2QKU8endHczYcisLwgATnYzb65iRuqiRwFMkQY4ix
EzA5vVF2vBtu9TQDgarVYMoBi2Tyu5mqQf31sGo1AZRA
Ga4Qm2z6oqhm1EyP1Yt49S3yWs5PYfTYCvFWNvhvbx4L
DpLDxhLSwRcMxayBVFac77He3vnqgRCCYDyVoF5Zk5Js
46JfwsGySMTCqxgdDXz6CxNuhmDwZ3uSNwTPywA9KMng
GAQwZUg4XNdeifqK76qgoWqUhs25obAHZPBkWqtDF1Vb
7Fdf3ZwkFt5uA1zms1exQ6TfX2MBEbEtcg7HZAtuUNkE
5vqijydcxWiBsQwp5DWrvsb5nqwRxKZt8UayB9h7sGJD
CsYdHLbeE3g8coe9i4yn2dAyazP3SZextGYDcZC2jnoz
F6PwDhE9mPiND64Dw6oJYDEh8nqXWReJdg6JzMejfcLx
23sv1CMNhreXrSwcAE4tSsYtc1szCSPJBRP4aZUzngjR
7rWxx74FL5LGWBpx8NRjwgRNRMjRnx6jZbETQRdKKwjC
CM879zTn2RXcs4dmw1FpZvGg9QXuqvD2xERcbyWfnwpq
AVEE1B7JrEDaBeN32icWSjJg1oDGCR6pPPC9gL9SjR1L
8u75mtXtX3hdSwuuN2k4rozAMayQRBVbXqce6Ncq45tR
A26BoF6rreaRxho7t78Kkgj8r4kBScTy9SghJzLGr8vV
6aRCDUxCAL744b8wP5rYznQ8pfgrP42dFh4CiciyTn55
H8K32SnGcoZozoGoP3RmP6DNB5weWU4aUqUBBWxgeiov
G3qyLp8Dpb5fWrrEHoZwnTuK2HjLi8bqwUfSHMg3VLQz
Ei6PkeJebipWXhLHLNBoZJmbL1WrMWevsYaFiAH5Zqn1
4bRySTMwMZCVffp2QUxBc7obgiHm2Q6a9R1ZuFsQFJt4
22ffa9nFyhAmx6PQ6NPMHkFjwfSS9bj8inSL7kJKowr5
5Rf2XY5ixrUiU7hDkGJ8jqZsKwrHEuhoXy1njRGfC8rE
149Ao48mdXxnAnzBpEaF96LVAuiKFAGvGT2ES8wd4ya6
HE8rUTSwY9M6wbsHN2KXGp88TSyVqTexiZS581k9vwgU
9DSFqayyCguv3XpH4oo4PhjdeNAQtSE1qaG1S9CfnzPZ
F86sBBMDRvQ8CMpsNyiJUFqAYiEtqFyU5Mpuqdxbv6C6
DLRfXsTkvns6sh9pZAqx3dnSXzm7Ct4jPmsoXpcoxqwi
1RBusmEdzC7oFwcLcXLXrBh9eiAiz2vL6677pTqsu7H
7ckw51XnonhgrDg2tz1SKe6MZnChfBeo2v355195A6nB
B3R3D55LdaPHt5XMr7CpLq7F75kXtPFony26q7MZbKG7
2DqpdozbvW4ZMdS9shPuRUSxjMWi9YcQj6jg2fwvc7nN
EK4x1ne1uF8Tx19ZVBCs32X86PymQmejRpTxybeER2Bd
7rNeG9uEeJFdsNcgxknVKmdQ94ZnA2nqmqox3NygrkPE
3kBTZGJjxohPLNwVsXpzYSPok5vA3nb8WZHWc1nz2r7j
C4brGPoYKGDEbfkQvsPXq2phB97TLNc61y3vhSpQfnLC
ErxKKnu7r1QmUBXBcPUa9et4oyQavtvVzhFKzVXg81gT
9NygkZ6pA5D7vo1cX9UhFDEc9V6YLQoukjWbRJ2DS2aC
4KxngNQUwLaHmY8ounG6mBT8WSFMKoYMfb1DhuF7baKm
BAH5LYFgtCp76XUhGYRQgXUs1s3jcLPhNm8YvBHn2xUQ
QySwbi3DPEsyM7u572khBNdQji43jjKJH9At68j5KxA
2UXgryj5b7hfzJJWYtto6kespZmH3M6c7KCPmnWMXgSb
GcnYUGEWo4P4gbEE68nzRgFs2aRzZr6cYgQC4x5vThF7
4zdfDunV1R1pqAaKsc4mo8yP5r33dqLExks5fHcdjG5j
6fzuYBjGyBhviLUH5u8LYPCPErwtCEEdi3f2WaHk9c9e
7vUMzcwgSJ55WSP8aqw8fh1gMA2aRV6MS9Sq16TBvVK9
9h4gXsCbwzHDdbFtyZsPmDFYWra2J5ULEJjByxPPafHV
GD5MEiqS8S143LeBaC4KRFPtva76sxexpejotfR32u1G
HteTNayhGjXHKZFfMYLENyGkzyRkFvtkbdYpax1bXnrp
EmhyzS62cxbLeXrVELi28MH8GnAccv3G494gHKbo2kzp
Q8kdot1DSGrBKcrfVeXzFVUkxZgv9VUzB9jS2wygvKK
5mB4LsQhXynPxjmxp6RruyyA1nz1kUAMGJ1SobJU73Xg
ATSSbTbqnVPBiwbz1A1FgkSZtRBKQjDzr86za2kxTTDA
75fH17z4CV8HF5aASEa5b319FVPqope4Ho7XKeDGdHVh
Ec9iySmv2SagaoEH4YeSfgtDfshaJm97fqGKJHW9fqU6
DhRMUXtuAeRPxP1KHowMBbTvBBjo6iXcNbEBP5MSxpCB
BHvwVE2yWpL6kJABNzNWJY8R4LU3VTLuctggjZvjmtWy
DHQzHjGWRo7ZDPTxdyHt1bGiRj63wyAhkAL39y8QSpAa
ARgYv1yxAnqYaEZL1h7jqwsK11dFtMd3sjw417RE1bcZ
HEmn56N8KyWKAVyJCbWYBR4AGa35FprwriJNCiSYqttZ
5ArLn9VSFM3KQm1BaDjrz7wUW3ajQW9H9S4Jx8vJGMNF
5VCgs2s4J8cNrfhcwoojm7RM9B1Voa47exjTAzGtD75g
Dsa6XtgGRKBdEo5u7dHdoSdEvsg326R2vRcQedkgPTKZ
ETxnPBvsN5YrVmMLqyVQWrCiTak8PVDv9SjNi63Uq12D
988km1rWZ8CBmPxp88kaJpxx2HWd2WiJEYs8fBGeptoa
6TYwcxmvT2Ygj5fRFSrUtgZkScSk9TE2g9SthJ3eW8f2
FtywqPXyn43Lk2P1uVR28kxHDuJosnLuMmc8A3ftjFGx
BSbLsrWbAiy3FDd2ZwBdPMvicq2CHjQpXP63a2wvuk8q
91uxPQJZJRPsQiARmVxVg5SqBkr2pGLV158Umy42TBS7
8wSqwoNpRE2GhtjmWds9Y2QSsfnyAmxVBDqwd4fxd95S
GeCmfXWMfM5cjtEoosdqkj1bXQWNGq6sqszrgjXNSiHz
4vDLKjRUo4ec4XELxZf3UCdWCZcdTcPXY4vKwTbx5Fz
7qtZHkU1hYfPdkZUeLAuFH84cEbBhW7ZeQi1NzsXzMxL
5Lmo22VT1hfUvdMvPgddj94s66fg6ygya36kQe9nrsUU
BdbQ5HpW2agfV5WvngLg8PNsM4zvixFktWjBJrKJgar
9yAneLZLreFGA8jiGp9DnB47xCKpgjFbCFqZighRmLri
Ahm26Tky53hPJjhhCfcpzjaQkhgbX5bzixMXbFezjMat
CVQQBBY5LHSv2fQyC3AK4nXt1B2qsqFmGpoSAmrkgPui
AHBQtqKtbd99j3H4g7sSHKd4WVmaVVNgxEsb6xwapfQu
GW6zPB5kmeMmvEwud8i7yEN1o8QtN862aPpcmCL7fW8w
Fp25tYFrvXsGgeZps6vRFSWNaY2ncrENaW5C6uf7HobG
GB9t575mutC5G2ACLhS3BJHEMoA9jCVafxH1HNWaYFLf
AxtLvH6Dpz3d5Z7LHcJCgGZ5QwdzRfzQg8uPUSfAXoWp
84qEoP5b7QoNmVBRBMVgoNjsnPy7qBFueXG4gxorz6P9
6TbeHM8MDwYNG6KjvQgCVUnBGfLMKUnJPF6fEC45PrqH
2PHwXJjSY2RvDbG1dpUkMSqT9nYBizVg7i4LhUkqL1zm
GLWYigjmQuNvV28KDoE8JsCBFGTMJ6AoptYtnRvzDwAF
Aki1DAcno93UikVKEuxcBNNg8tiiHsnj7uWZ4re7j4GA
Frgk3khPZcCy4VNE2sQLjthGAPwDx3SpuuUdsDbPSNPc
E7heh6LcRDiWTGkbAkZxY9QViFjAipwVqsuR7nmeb3Dk
zKCNW4s2CStdFcL3oQLBMB8iQF9MteXwPXRmvY66fK7
CSZQzpLZmm7Q3sqct6Hf4wpVbibcBt1Cg7nCUFpzrDJF
94VkFvey6NwbFhAbLqNALazterNvhSwMwNoMZQeNyXZw
9xQetni2RoVx7vVcM64UTvA5CiAycaAgDHj8VwbYhfXL
2EhGUDVKDkdG45LAAKZZ2Ms6qZ4jjMZ6ScKvBBSbyKWM
F39v3JfKxe4wstQxEpz2dJ756kVC5uM6xQnaimSLnq8r
7rQrEq42P2E4a8vYHxNZfAABnDPLDSEJMHCHLDReWU7J
5wfPHDZ1t36dQeThr5fNdYdU1KnQZhRCGSkWiHGC4tQt
phqtVrn6B87wdvDHTo1uiG43cSk3NPJpuieVppdKdpm
BBLPUDBz2tSZeobf4KyF5chhPzvWHHYw7e6oUq2HhfgJ
9yTsuhBaLDyoAUDUPwpd5ehKrx711L559tQShSFGUu1j
DSAa4WsQnypWszPMiETkh3ztLwHg9e71TAdmcTHWr6CR
6Y5LUhBuh5HPE9CdXfqCguLXUNYkpCo4MtFZBQcXEmye
7yed91KsBbFNY18LbB1KBoBpBzTLNnePZD8SKsA9zuGP
Ex5aSeLGzzEY2LRkbLEaVqxTXNqzWThk1BPzsSin6dTa
2HF3d3zATqhbtA5SPvsGkC49sNKfxdFVBpSFSAYtRd1N
4zisDAxFqSYre3ke4dHpnwSegmhAUJQECXtzD7JAgViS
CeQT4AFTAbX1L3m4LQha2K44zT2zGwgoLn8JNQeuPQGJ
2zmqKAHiXLrD8EqFQAZfh8oKpYCTmByJxQXzTAgz1nCk
25QW9Ad1kHkazU4WbDdQBBEDAiM4a6Kz9mfXvnJLQBgh
EVaMfX8fQ25uoPnskrzLhDpx2b5J4Hak87oXsJo4XCao
EqjpmmVJcPq21nKWsiDQMGiCoBwh7hULj3BoDp8yZRAc
7VrfPgRQTqPyc6rjNu4upsdN86RipcvoD2peEehi24PJ
46qTiT1QsFNuy3Z5xUvEvRCeUuU4typws69HxkQ6gNxj
4TaRDdsm1fqR3EDugYNBHL9kbfhfXtRWH3jqCCpPPwXK
7BJoPR8W15eo7U8mzjSMv6ZPZLzxZQwBACtXAijtNysM
E9kjNaWFQXwYYpiBUkiEvZh4FxmcMVqYQwagveW1mPxt
ERHtBmd1rUXuZdTVToZUgf1suC9iLoif2LeXdkTpGHsU
5XQ1TKRE2EkrnqQbtsPEdgZXZUA39rcGpvtTE1AQCn5R
2VfRYA8389aCCtBLVWQ6vj8b1w1vEz2EHsUZPPLrNXn3
5kdGmHiUeo8DjiMHN1fo2R1UNcyat3Ggom9tHT3Up8u2
HmkjrVTwQ2hqvRNSVqvHrK3vABvrMywspoHhyFBQHKqK
4K6ME9Zf5d5ru6PQCTLdzavBGpWyeLqeHZtxGSn1Mt1p
A3fyvUjvYwhGymwY7mkDY95Skhr7QeUX9wMmMnEqJGBb
H4CsLkETDWdx9GA6CVEWTdsuMTxh7LmWLtjTvditQvX2
2EE7kiF6zwRXC4Pcv7JgTSq7KjGzH3VqT5nFkKR4Ckog
2XYdEQN7bssgdhURN48QMZvGFFKqnM4ifR7dKgDYv1WN
FeQ8HLku3sfWDNF3tvJrYbkn8xYWE2Anaiqoz8jyMiCR
5iVKFXWGnicokGxS55mvPF2pD1D5edt1TzJTR148ACEv
GwnpSyxfJ9jVQvyTPabA9Cwsy3555rKRBdnx5VMdsKa3
GEtMzbqgcySrchPMrYPUXh6UjXV3tms7oiWdoF5ZGws9
ET35xLYWyR2Mt9BoDMQheHkqaUzyVVNbaotZood47Z49
2UwmmwSaqnweVmJ26v9NBmTG6QTDb4SqLUoDsNtcueFs
FfMm8W6WArMWUh82dfjKj45ZpeVYAr6yhtxhFq3YkVPU
9eQ1WwUaTQpcnpcwxRTuN6QW462GfBS9n96kWA1Cx1Mb
EMdiuAXhRfbUW5uDWHuJdrrARnJFpz9zegp3fNb3CB5W
H4xZv7PdMAsArBtr447QTHX5Dx3iYq757e3CJPBUMpS3
632BbMrrWpLep3g18g3jCeWySyt31SHtBhc3Z8Wt9SYx
3fths5fZqKUgote6v2HrLAgKJBwa7c9K146Gdm8P21aP
3xccj4ayWaESaRMN1aYNVH3vnEbXHaijp6HzuWvZFdQ6
FUSjHivi7wk7QMfDV9cncN7aDQ1zkTcarMTwjCimU6SL
FfiAC1eAUi83L7YgcTPtKRBMaLA5LTxRif5aWttiBTsg
7UXs6u1xNvr1JvVGUnMv6kDynJbiMZzke37ts1xw9CCt
F9wAc76LCuA3K6w9wBvnnZg8iBja45d8McyXG8AiLU8x
FKpb7oYVgA9VfviB8h4w81aVtmY7Pp4rFHd7eNrZ9UVH
6Z7RzoeAU6D18Fx2pEsUSKRuhy8EsxQcTmQGWAHhwV6M
HzxXJJGQ2CKKsPkUGUvyBN5H23Fs6RZeLn82mrS1UvrX
CN82mJ7iybYgNYH6rQAuWEwxJ1aT53ASxtw8PfX3bAU3
4BH4UHz9T5ey263qD4FuFEeE19vfVc9U9PU5ModZx9pJ
5UZR6uiVAi8Gxuz3MRvWXMTQjpjnUjfsdX2V761pLqE
ByTXdXqjg6J4Y6o26zCqBob1Qf9FBW9Jb338MdmP8C9o
Gb8eDNLTFPpxJJUdmuvsKQaJQcrt7441RBBP6BYxHBSQ
EL2HovaCViLjbVfKX4pKDPbM2VUsviREFsSzAcBGyKLD
83GuzztmiZLx5iFfm6LMiBMkTs77eZXFj4U2LFBKNmbq
Fzwuv7EC1f5JDNLioPs13ptX4wzMJ2fUqTYpRAd1M7Yi
5UmXApBEGLeNk2Lbcx91TtWDq3ShPNwASGP3GByLfMgs
5MaDe91wuTTcQFtMRreM9u6qG6fRe2jk4jRedgv8Uwow
78UvenTBuSdyduuyqEjGLRXuC75ENUQEjmStormzghKQ
HP82W6VTSgpTCYKztQm8iVHK28ypW66dfxqPftakUb36
HPoxGjkNtm98XKQjqkQmwDURzhip1HPAnsxcL71HBoZg
BsKWXK56B12S9pjaHE2UsBfKhdANq7sS1g9nmZWprWJw
3iV1dBVsCi6y157bhywdFjA4uF9BHS9b2f1ASSwUttAj
Gm4Ym2dm9K6pbC5sWZM12xzknBiNZwS5ET1T6bAUonQG
3o7MEgDbzgcSABw97JYA7WJUExgMiEPB2bHmJcX1TnHk
EDgwjgsrz8LftGb1WAYR3k9yfZ8xu5iF2mHTrSWKFfrT
GGe3fYM9Ef3kfAbcKayKweqLkz5P3kVQ4HpenVtDPekN
9zkE7cMX882fDGBYSbmZskp4ARSYEn9eNBSWX4sHggrJ
7XgNkParSTFTsGMnRVaS4ovWa4nE4iy2UBkzEXpJ4vob
ExW6LW7FPME6q3wVtRCnVFuJgo9xy19Q7s5VKd3BVpTn
H1ErRPJBkahHwV3GSacqWuavwyWJHbdetB9Dd2uh8JkE
BGoh3o4znhbEHm1DgEE9hXzB2VHwSVQLTi5yohtZNA56
UUa3jesnToqLeAW1DdQjpMhAuNNaKvnwTmwGZRAm5My
9U15taCKQkLjtU7g6jnc1sDYDA9bo7wLMedgjXaWa9sV
AjVRwBeJsVbK2xFeJYKUku79pWHkeYobsjDth4iatiBZ
5akxiBgcg86RkNqG4raxLsL9Sx92a7gvU5T39zvzw9va
FuCThVHonMrNd85PTFC7oBxHsNy6dzpU7DS9TBwEVyQq
CYu4khe7jiAWbD49gUMadPZK9srUCGW3TBP2VK6fCkV7
DrJrHoSZFEzB9SbchqpGD68cFFME7o62cKkU5SdNmF2V
2viDGsap7S1dz5ECTUkCNudmb2qB8hfjQpQGeG4a7kqb
6vAXMa84zSSJTgtF3mDVp3sFDtqmoSkRMx4yNhJcFXK3
GCp4iCAz3aY7Q2Wjpt6HBi5GnWSVkpD9cxR6qeWPK9hc
4aFfQJsHmpZmdEMPqaz131EYvUYtKuRxk3oZJ7Lf28B8
EN1sSKvipsQRXLZUgD2CU9eTMKCK4ej5pKASGqViL95e
6Uj1AnGpkodcdy6X6CrgG8P35TsNDF5e3eb6R9JzrA7t
Bb6sbSgmK4MSyCvUZXk4rky8CiBPhgxxjfSWGj4MmSxD
Bt6JXNNQVm2y5mJoycLrM9JAvD9NXJyLZYGdK3knWsP1
CrqzQW1vftpBxBwNXV4vde6juZPiotZFu8wV9neTDm2t
VWoSgfYDpAGT5QabBM5F6wTdngNeyRSxoRqDyRHokN2
GCiJynf9TYJge6epf6K3PbY4sKZSnWfHsFugC3zMv35z
AoMW61Mrgdq96WCCBHkBNzKWNofaugvdMZK6dg1Tx7eB
FuiUQQ17BtAC1ZRQ8PquHDeMqKyskzQS3h1ZMKv7qYrJ
J4N98nLujbfb9mDMk8LMefSCxZNF5j1y8UkzHGPouQbg
Dk4yeihfr8mK7aokU2E7DnuWqij2oycwbkxtCcCnsT3H
BMJHmpZpXpmrLeJbJ19LW91iWWUc26iW9TnkYJqe2uHR
3VZ4aei3QgXGJKtQSoab3KQqNVeWBqVp4GKzp7Hx4HeT
UjCMDyqKgfMo4Aib8NffwDPGCtsMqE18JfuUTtAR3M7
DUt9YLdgN93LGiZkCHVvoDghCFMPW6ZwYSjsxqWybAu1
ENNmBt1uFE9JKecgbg7rUJndodDLFgH2PBrUMqYLJnZ6
BXvz3rhMNVJYFuuttcSwLCcMUDxwk7DZjLyhqJX87RKq
DF4kJvm7gG4FtAKKaUknT9equDmbdGyKv3TSen2TuVqz
294JxpwWLq71sqT6vpzQ9u7te4tpADbKybNkmJUryGmb
5DYC7H6aoDXZtYvmZ3m9Fu5G1doiggVAjvBMNFrpLJrX
Rdx3R72ZuVxYXi9XcULxc3i73ptJ2RjQTAxz79ZBAE4
5W9uS12Ja1RoWSpAVKFE5XvcmqkeGLo8EcRcZN9aTdYa
JAHdpgEDMsz6kpHU8SzZ8ZuL43HXFPCHfj235h2jKMkD
8UNrCgDho3HWXVrmNkXwsGb1XMNrazwNHFsLxXCk28Tv
Cu4zFmtFxGPNAsMvMP8XvqtCCsb9mP2k534qCjViYWqR
E63nuWz4p9uLUyH3TvTg1mUb8kCuVMd1fgNXVCTbNzTh
Cj5NoPA9PRUYBfMsy35NP3CLtHBL6SVuy9jkci4XzPud
3DK1U5xxMfcm53rznWy5KBUfSRq1HiqXVxQoDGPSmZ3E
NS2LKqg3nhJun5s6JUmAyxajWxCQywxD8CNW1SktrEm
Hm478mY7qxoiVrkXNfky1WfZGtYB78R54reqwYHZksWK
6nF6PDqjG2qsTQv1mrcWGzNhV8Nz1vPGVB92uDTyRTxH
JAm1MEBEXkf2b9vvStUM1YMCsbE4K6kKYYrSFF9GJhmT
C9p8pHUQfpnQKpBYiB4booj7dZRW54dwdgLoSsRd8Sjo
4RDMtC1EefcsZf6rwKizc4JafPupuCF66sVSjqpzGo2n
CDZVtDo4S6BXzR8F2PgoX13cwbrqov3Zgw42ww2DqanK
9NCNTN6hAip3UyLU3ypPicXKpudweJ643WwLySxionhB
D3VwFKZqev3b8Wc3dV6toYWrgHtBC7zHHFQm9wsVQj9W
GNqXsRGinseq5Js2jF17hSb5ByvhQozsb9K7nB9aCRpd
EBcGg7TpZ9WqsvL6DumTeMJbwxcNwgAU6oUUHTf63dSX
6BYWxPK3o9DtSn1SVZnBwmbqorqaHDqNyHFsipaZ7Wgn
HkY2jW31YGdn9KeQbVvZUR6xoHiSbribE3aTwHsV5uhB
8CvrA5q7Sm7MGXEkxK19gmDHXC84Cb5Tby5fMoKUz5Dj
2hJmqwbBFX9fmEEFrKs6LFPm8HMcYXA4Ta8b3b7P7sVZ
FJznztYcR67NpvNMbfnkFjEzJEqkcDXV9LFehqXAmRPH
AsbcnFCKzir1Bz6qnkERyFPA1vJ1XoDMWgqZND9f7v2z
ANGnyKiGMcRzYYMxBVhFuhtH33ZFtFyikJLcWGScnEDa
5Pha3ehKpYD6jqxhY4dg6UNMf5cmetAxP5bP8pHmrvdz
CuHj3RoYEdQ4hy57Em99NbsnxeupDJQtppm5ATBoyDPe
2xA62Cre5w1mJDerxja6sB7mpR87DdXZ1c1bdHvoC52q
RCoEHhc9BiPgZc43VPKDZxxW2L7f9iripMy89nxr6Rs
93Df7TCUXS4b4jpD2m7oQR2rYcvBj2S1Jt1mwzZcNDEN
CzNV9jw8BhLufjwbGGcHQtXA296yEmgUQSsLzCp2nJJA
HJiXpT3SG4r41T2AjYCVmYjT4PYui4YHbK2YCviWRMot
3J1jA7jGtUR6f1sY7Trtf3zhAenyMhwHHJMRbiJZWanF
DecaSDkA3geeKkrTWkSHJKT8o6oo9yP46CpLPDaE1C26
42ikt2sy1n1fADW8APgGppZJkPaHtdGLmTvDaActkHct
4iNjgafWMUUkkBVULYxrYosQLPwdeYe1G8593DaXpZaM
2HKTYdc8JAbYCQfbwvw3FMCfSHY4BrJKR9VqunndPkiE
8n9w6axLtMEgktDHnwKKivXwMHhRFcyDV36vRYKTfCcA
CXyYWWjrryQ8cfRrdvf3vqrmWRHNd9fY9fAYoZVFs75R
CwfjnaYWxiKKX6soeVaWWmQHsJvqNwx6MdqGYmhoLdqR
GP5L2t4vceP2WpK3KCS7M3FLLRoPzJoAaMKKZ3o223TJ
EmV9bEpsyQioJH4GkBA9yEBNk8pHVKFwb3aYfgKiAxFP
H8S8BqA2RQrN696R1p6NZtgoYnnpVS2ot9TcDmb79pj1
7EXFdMT6dE8dZoMebhFoRXtm1LcXxyZNtqkvrDYGVvrz
9HyD8eDPt6pumADm4Y2GPiJFrv4847zcJ5xSxZg2bkTh
Foko9iDmsHe8PqUyiARUFBa6fcBvwZvMYaR2LGArsB1s
3392zEHaD69s5pfNCtDUhaYfh8vt8NV1AcghkhZdaVVH
99RkwFjWM4janY4AjLZbwA9TdWhBvZkcCY2qEPySEnMg
HZCrzRZaGrtpjc56g2NX6bwiqeY69tK8tUHPegVHBcGh
2DMqe5AAuFbCjSJec6xgRiX8BDFPXdFTtToSAudQyGNz
HE4RD5UWnQ9peRKZHL5SPspBzNNiH65s58p6fgQ8madb
GdyEJuodj4VvuBiupLHam8whs7qagAnojDZkujSgosXF
5HQLMzyPXWkoxgCezD7g4kgdVEiXhD14aA4HXzYvfDUc
Hey2BheDGNwg34ACurx3epUsgmAQqeztxNQXj2cicPnN
4zRyGqQw8uuyDAQ6fS6QXWhZeDhepJhP3SMqcipNnzLw
qm8fpxDcRBhUR7qMRao2DCjeE2F2hQwY3NZRLBDegJp
CSZV71z3pgr8jvMJFEVxeHzMuTcDij67Ln8T7EsP5vaT
2ZnMPXwL96E62VGqkwQn6wJXP37hCv8XtaegizhbHDZu
5hHNnwbX8zq1aLwDyjFXLd7WHUPAiiyzciqfz6f6ya9t
5PX7pKiqbb7YVpq4boA8QwYqLhCAdZ3wYhm87qxxM9X1
FJr1LV4aed9np83cCsgHRrixTq3Luo2j3vW5UDa2Re6C
J8SBV9b9UwnoNvbDNT4hBo3x9FZuCa39BqgoRR9zfjRk
DNXirBsMStmXTFuUuMEPQZ52cJuc2ZQp1mQMF58yYDUh
9jutZRYpbM2u2stawYm5hJ8X7XYgU2dFCx72b5GWgX3R
AbR6tAX2VbhSJ1gazDF3s2ZE4G3CvhVdQ53M1KYn3i78
7pyEdveKCucs4epNAhEeUfJqpqQCDe9a3AaWP9toJon9
5JukEvr14FtAaMgHEKQhb9Xk87ShpGmMi3kjaTf6hpfi
92S6ETemY99fpi7BpdiqX72YwEdDwD69Hhbr3SMvtbBA
AwhRnGSoVbRHrR1enEmHvBVAo27Yo8iu2cj5Hd88mSaR
3EqbF2huFpmpu28N4a4D343KTWmdGohecjLNJ4wRryWZ
4gb9yEUgvq1SWCVhpGmwDta3g5jfzt2AaqxRZW4C4X9C
2qFFzCAvhCTy5nwgZCsVRjyM2sgzHBcDKL7HGqJbTdWT
FBU8VwJv1qYcqTRxVhorGVmcny4hBYArQ6z1MVYLKxCp
GXQfFTSzQeZb4vDA63HGeA43XyCu8bYwnb81W9mYSRy1
D36mRtzemDv2BrSppSpUN2PK72zPn6u4oiCcSiDtZ1TT
2jANdSxBusQGSLSixWr6nbKd6LSGDe78GdSywjk4R2UF
5dp3fnnAVEyLZ8PjNPMd2Kw9rGtNk5NNzEe7Gqyw6u1X
24MJn8EZ3VMi5MiTcatATMfs8JB8oN9yXRKNCAwUB31o
2CSa8Xtzoyeh2VXjgd1zj52Z4QFpjZWAtZ9zyyt4xGg8
EqSEwPGsLDgpA5WUj3SG6WH7oqK2FAojZXK5vPbxNrNF
2qk9c9V6QA12BSyw1o8P1DgtVVzmR3nrWSAfiPooumD2
HE4PmFUh2vkak82Sfjw8qLgjAD2qaELEUhmmkZxiJ4Tz
2wXWDexuRjJySJKSFShozoxW8xYXnZWKG2u2h7SuXtHY
5cBxidts7HxxXDLGvhvCKTJYhi9midP2qHuUwNcmRdod
8ysn3fQ1ApvK5vMdRbFM6n9YvmJSEQnXV44Wz9qkLkwj
3jbbyigrqrizYX4y8tQEb27HsB8kwweMEg3WT3h5n4Ev
5SaeKzQFDEs2XzGVcv1CUkpC3mpZiF2jQoDS6yysyTep
5sHbmYhvRgdMUeReo3B76Mxa8Vqt8wEfHP7diifpKy3Y
AEp7vGhC4otSp9RpqxFBKxBzLBrXDLk413Wp3fAHwD5d
VtVrLgPph6TZuWzHDJoVd4P18NjJjPybAkpicSRarNe
BvH5bz9aCeagPoRi9Qvd9pR3UVoekqp1cnW59UgyAtRg
C9thrqbcd6VNaHTTit65zwpUSbQEvv1WmU89iXRdxZQ8
2rsj6Pp7Ls2KFwj2C2soe7etU8nxqzW5aGnMy6RecPFe
83Y129MrxXoVHg7VYxfBSRGk24Q3tkwtmRpbn6bMfq25
FGxZgpso38pR7gWAF6QLZSaBszhoZv4xDB1EfpYX3EL7
29yr3MuXUiC1q9KDmENrF4FfHSqbr4wQw2FfStWLmJRp
D3cbXiJLt25DTJAengxDX85m52KiwdZeaVvK72LT5z8S
9wxgp1TfoMyHwCqEqXYps4ybQ6xiN2LHkaB2ggPHYQDG
3np2ewYVPfJFVRXdB5YBuMZTo8LiQnAzHoL8cCD5pLRr
Hn8WJeCnZJaAUUq5Ju9NeCcHhPRyGDeD6zr6xtqj9b7k
JDS9htXVnS1HEtGSG9cWcTnYNkzRRCoeHSkC2v1Pf1nB
CJMFVx7udNEvYaXXu6Vca4m3F7jNujhyrQZGCscD4Qc3
5zvLLqenYcLFYGKt9CNPEvGuZq92FXwuZGT5wvnJyQwj
9SqTWAoYtKc65Enw1U6nrDxzh3CFWo3V3kFF3zSGNPfh
2uZq7wp2FZec59TpRUPX8mtiQ7VqudxpM6VnGn1NqCo9
GVKJKiP1TEWJ6KjYHgcRf6rKuZXqfNVPQjBRHpba8XeM
HkxTyWgMZBNG1GQMDfQrJgPp2bN1Fxw6g6ahutvjPjzs
4691DaWsB6zTbKoJpaxbKTipz6Ymjq72ewSse2sWdSSM
7FMDGF9hJhxNpAgd2z4rTejkLHVXBicScVCmhFL7Cnzb
AkXG5dTDg5z9aE1uni8aj39ppmrvfiE4MnUMyBsgQKNL
2P4wauBWMbYeZsH5pBhT7s3fdnSei5Zf4D1S3iJJ1V3d
HZrenLjQbNF5r1EXU7SSa5rrKU34fYfudskmBkkmmEir
9LRLTkFqER5B25rL66K1vFXMGikpabkvK2pzyHY1Zov9
5UdiRirpegSN9rSuRnY5mjCFCQP8q2QJ8C2gpzkJNYKD
GvPS4oRgrVGX2Lk75xMoyAJaAU5Yuyboh3VJqCNWHE1Z
7DoBjmq596rH6kn7hgPEytGMtfmNinDbrjnNcUmUmcdn
7aBwA22q83gV1TcfXSDZZTSas4ZU8jSonM2fgn2PneCX
BF6RN43GBTLGJR1n8AeinLzwMqjnrJntjaCP2MMqWin9
DHU1Rf4KPHRyorvUF3TFzcZ9cTx3FDmjaeY8yhZHWsA5
3UtnFgh3kHDDzexYBFUyLjRasHHdVgZgG8wBY3qBAV6K
4xScnf2jFcb7VWQFV7cbomSu9VjM744TWsNVSkR9hdu7
HtiF4ncTrBFTP8crJg9BxA8t9RVuVmsiz8QGJ2oc5XrB
EvGcp7U9eq1GoKhuP8jwoHAZUjxqt6EQqAK2MM4VVgrk
5ADAWLjgPW7EhGQHJVWxernerf22H2j8paNhqYctwKfY
oz34EgdDptRNt4yH6BWyesD2gqGc79xZtD9evpFm1mH
GLKWot1E8FsTYYNVn8LAb8kaBrW4VPYV4tGC6iwxhRFB
2pYSt2tNuAdsQsA7nDJLFgbLUA5tGD1mbQPfVVBZddGw
Br8MWMi9zapHwUcpfceDmyo8h2WKhZDic9TTYEzpsbu6
GLDPayfw4p1b8BArLtZpnPC3AVcJUwsZTENuY3fpNoj8
HryetLRez26W7cXMHgqagqPbtXgwszguh5PwJUF2zRME
2SFk94H37fhtxvJkvsPRmuFs5RNecDFCsN9vpHWvf7HN
29ocAPansB8ofjcnuVRWcqTqkX9iydxaeHwgbYaea6cX
HNptu9XGoEHQZHe6h2QnwUvr7hsjNUHKxgZwpbq5xFbp
GoCrvQqWzZPR2q3HvZRdUrabDmN8SPSjbkbeaUf1j139
9Lm23NT2BMCMDSzTu38E7tgQEfPYmNT2k1dTfd8LLNZQ
68A1szATw5fXdgHCUEh4avcEiUSWciu8RsrTD82szxPy
CnSPJeAETnzQEXWLeDr7LFUFtDuQ4jHHkEEkrMEVzmWm
AzAqDeA2sU7rLiEW6uLuAX6HffEqBTDZqGAW7sJWXvfF
EDWMyQodeZf7MEHqB8gPTvGETqrKGhmGnPethQGYa9Bb
FifscFmKqJ6t45VoMeVEwb72GSya3JS17Y1NPL47ntHU
Gp58Mggcgr29wjrwHx5jDPLboeU34yqScnrPYFMoDCGm
HWKvBeMCYrvrajsdh1S8mUq23Ph2USx8bmDXWRG3gkWt
FFhToSLDhptGSphGyUEfK61AXyWuoenGK4J64KdtYFMK
Ai6WCySW1orqMNLVQMrKrrgB3vgxn5PfBFGvoLKUhBD5
GSx4GWoZh1b7RYyt63ZqxYLTt8xubYrFk3gZi9cg1eM3
BuDCoydyEMtmhmgqpAEDCFVyaiA4bcs1WoywJyP33dLu
EBZqgwPVPQymiRxa3GgCGLZzhrfiHiDgpyWPWhcRG64z
8cut7VSWKEMHsH4vWnooUHHVADQLW7gW97efkc5ey1q5
J7AQDD7GAPrzz5hdUBYVfMMCvWebaiCbNVwVa38U6J4R
DcuquoGpPBXxGGJv12MDtoXPLaixdrtcydKxcEvdwGw1
F6XuLYbqTA2K8vnAqaMkmUpoRe6Kaz2cnqAyG4DssoxE
Bv6W9FtvN5fn2zHD5nn4njieNWt72iRGWN5KiC7rQEgt
FbNkg7qPKndBHyPvqCWsHxQ2DmbiWLPZ4VxaDnjgqyWg
ErgohnfyDSCHGSxrXEXCtpx8Z4FgF2vUqv9KsvjW1BQL
FYunRVcSgM8oy21TQcCPukSMXsoqpnU4tufpobdZemSX
AmbjXDQcG5B8aumuDEYtEMogZbXnsjCPEKHMPJkd9bAn
9bh7aJgzTaULZ6DKE4j6DUeoKqe7gH21ihuscFbj2Q89
GUxHZ1Ed8u6Rc7d1kPxX7Dq5ybNvpb7CHuAhYCeihXDT
6cPmpG1m1dQBXqxCzXCYxNDWboXSsav8DdzB5W5UkH8k
HMG7CsZ81fpKce1gPyC2ThA1ud6esyjRQ2NteEfkmevZ
944SCorqK9MqJADC6ed2gs1SF9CSzt1MWNLgyHKAoSUu
9XryMxc81hauZYFywtwDWQJJxzvWziUrBqjDwGNdXCaP
8R7Nhe7h3mKMGZx3Dz8vUuaBJzcF6Ms3gLADh8FfKMPT
7XE3utVEnXnK4tYYzkCNKgqdN8RjX2xGDykQzQLJapYW
6jtagZmfnaRu9L1UbUR3UQLz3hpEH57ee5Fr2g2weYqG
9tSU8VrtczHHorwdrpR7oSDTgYj52PRwDRezdgUk9GR2
5dxFjtkHCHTz19xG9FHYayNW8cHugKGqJk3B9Ft69JfC
FMFBmo4CVifWJzQeKCcoPDFijn3KUgskZu446XRRsTnv
7YTHncSdiMn7qPDhGSe1BzguCPnoV76FnSCC5afPVWdM
6cseAkCUKBQf2BL6Uo4c5MKBzxasmcfUERRDtQ4yPHCp
7Abx6YY8pd5cdU9rm356qiedSyfHGpzo2cKbG3MHJraf
2UWxmdCTWyzC9KtyUg7MeWYASbNnB9Fr9gShDSVQh5Hv
4QRLcsyWYJ379NCoFmytNTHEFohUkGpVMN1yeuf8p9Z1
FXHwxqd59ZiVRbidf8KCN4XyDXK7WaR14PE6YoCeD8C7
62Ec2nv76yUWGrk1KDTC44VFiXq2kMjerese1k1pAnLP
7iHvvsWPRxxJiBdgaRHsDWGHFhgWkjbrJoK1hMBM7uzd
sGCo8acEEGr9ftTtwD9iQzZ3qhuUxBuP3CbLjshAA2M
GTka6kWdghTS9G9GE38DrMCp8hGxYZSghk8MPJj62RUS
HBJfajm3D8nYUZk5oJSLw88T3nBKob7DcSyQTWcr8knG
3BpHoynfEXUocoL9MXhqWtajQiy25AeSUe39tHoZ3keS
gG6mqaJrsJHhZYPdDM12Kjn1wX35d2xtkz2K5BfSSu9
Dzbt7ohqCmpQNhMqiLGjhRo4yjsWc86rkp6Nw5GJLUPE
EFSCrbVpMtHz7bHVdcHcdEo8vYYL1c2r98ivg4qaE2Uk
24L7Uhz65bcnDaw624HXMjxSYQakZJM6wc1ucphyqyGG
A4PYB5QAse1f1R1pmTSngdWToahbZWDBZND8eM4pEiMZ
3TgmnPFUAX1d1RJ6QAE6gx68TDsbwjsbuvrqdkeCUybe
8p93a3iMkcSmAQrooKwzHJWrxdk6Mxc4dv15otcN6qQx
Byu3MHPB9pyjsWdmm8oXcFGcBk11GEN6zho3RKrxwLPu
3dAaXt6prkieyzxqW5mQP2MJECQXMzg7rpZk5LLU7LZT
94NGnqkAi2tZbDzJq5m3gabwQwsVKrMt4KRgJazsurRC
CmV11sp2Bi8wVU5ktkwKVT2bvXkT42RZhWepqXM9hndp
96QzgW2y2WmbDGqChfREn4ttJLT5CNZxxEqypnB1KWCX
73xMbCiA6MQ74hBmACd5TtUr1xDKvfNiTKev6Qk4ZjZn
Awk2TcghB84JpNfdcjD4Wj4UV6xzdDVFsTQi7cUsRhzM
5tYB1Uc5qVqNU7k16wuH5TNLCGVYyi1koxihPu97WoGa
E7u1E91LtJdmqXZvsiavv8HKGtbvrwRw5GtnhEPPMhaY
7gJ2SujJEZTLaKMwSCkBQyc61nnWGfnKw3Ku2D6ovf7s
Hrs6Yh7GQHh4s8Q4KU9BJuSqrgtMz2vx5v81My7RSQc1
DVnFLxtHyZuCap2YSCqmD5Np2RUFAb7HA9pRLwPoNqm8
5NLh1fGrULfKrj2ZppjXTArCT5yL5M4BEJaAj9UXfEM
37upv2RzRKqb4fjxmzB59eW8UBs7sFUdBScP2TbXVBgt
A13FsYKJ6BqbQK8R11EH1cP8uzbMHUHWpVe1J2jhqkvQ
8djtD8fGciZM5TG4UzTdrH4dPR5ijgYKaUynvCTFHRnt
Eaogak3dM2admSd6LytHzpayMTBaBfHtuHKensgCQUox
8deKvqkSFMiKuFVZaNLnqmdww8JDBn8EeA39QcsjcjPV
959ywoDy153yVB4k39YMmzhEVC15GGVDFjGHB4ntNvMU
9pqTu4ZSrwkqHGu9hgXfTJLvqkDwj79Krf6UA4Bd1pup
GHjFLBT8RqQ2T7pw7purZrEgSQb4zGhycTGSrgtrbvFF
GqWd3ufABf1oBiVfMHu98JbN3JraRkVctpQnk7Xh37k2
37tnNR3TAqYcej4bHuYDdJFRJhgyW4dpaYVBCk5h3Bfq
BapL47gLmEzaqwv1t1ZDEGzPK9WvHX9QHJzegABdP1i7
