GyHXJgsTyrk2V89YPMg4sdmTUT7gsCU4m1HsCpkm5uH
7HxyAZnt3Nfy47YZNdxK9cpY7AxmG89Lc7TeA3KJ4FoA
8iRGXdg4NbaiAnjXUic3u9dWWy16YbhJt52SFtZ8i5bZ
AcSRia2jDsFCtAbU2YZRDrPbzUCb7topgcijF1jaAiwU
78jcAkfrraYmCdAxKLzj2uEZ4KqUNv4BdYbHpoecAthS
HGjKEnCxK4Vh41d7kyaGvfxydCdfzyBvZHDZRjvoozFG
3EpB7bZPxpNoiWuKKMRefPcFztv4S1rsMMX5SV2WxZ3H
B9mgxJXKgxqQi3LARmNrEk6eiH9zRWoyhxKLa2TCnCQZ
FK4y2HfXXXj3T44iU9UvGrP3U7Fcd4PVut7oVoYfMKfx
jfrqAaAdRNNDf9h1YxpHpxV9UmHGb6J9PJGW9M6q9Zu
2s5QiLRFYbBJmPRZWcEzAzhKv6fSAUF7bxBSX2dBC43Z
CUAybGJvKsbKwgqN7WCzvws1VLkCqX4ejJEABN1A9eu3
4vR8yXiQdFJUHTAtCFM2EFYkmszDPFGy9bVEVMQ14AL1
4MLJPqScKT7tcuLW3MMFKJ9k7zQ2m1CnNWoA915T8jvY
5Duohbqsx3poYE7rQ1QqSRcxZvjtUeQ2Y8tBGXffuvv1
EobGp3RmohNm7PfeAn4tD3CheH2SFaFbN3dLFFKsM7CH
Ewvi6kKpb69uU94SyFpairwxT7nZYY32MECzq5okMzGr
AbQjJJQcFymuC21NDjpKjdYY4yBxoKXYgj4XXAUNK7X5
9no7oSivvN6sNai3c7YeRPuJDmxw14zfJ6NfAh3m5dAG
AWMnopCepyAjKXporo2fiwtQGAmEJqqENM2nRXjZ59Z9
