DXe9GQg9ksRFa3yH5yYr6dtvQk4PQUWtDFdWDxKtKoRq
9Vt6ZsW7PCQW4LPkf1YoJ88oVbZYBnT1KjWS4WhX8yQJ
8BStRWeqCPJPS2hERr7V4mEgdodaJZDTNXVM2Q2AYHr2
6UbzRF27enSyg4Fdg1YjpDB7T9JokwWn21yorQdVekgd
4vADBd5n31Ccaoe9A1gRRefzCU3qz5UHinSwqvA4UUHQ
H6ewEQKqUYhPFNBUBjKugH6MNgBzWFoJ1U5fiVvyHDnv
2DuYZx1Z26Y3ZMq5cdL8KYZra4VXMjEQSYApfVYRuUua
HMxq4EcCrGsXjVD7LzrQBzDMv2nskAfZAjuPqhveVV1e
EY5JVNvF1x8RGExdM6StZvdG5H5ph8bDZf1mbVPVBTo8
AXo7GshnzRDUZeV4GdhoMZR6PGvCL5PFv7mdve36ifZS
2rxpCAUSExTxN1nqCJo6bAgPDzbtPyHVYveiDHqMHCTZ
CVv8iAZGsd2sHVsX1vo2iT72uBDNLsuGNjxSAxFNNSCX
E4nDoRPHAJki7vcpExGKqMA925L1WBZD7Ap6rQkvNKFL
CVv8iAZGsd2sHVsX1vo2iT72uBDNLsuGNjxSAxFNNSCX
Gps3Cj9nsku3sWKaa2pvkEMXaMkp1WTby6WUyxWwVbm4
6K6Ua3rXvhoSxyjh9EFKSSUfC7NkwVWreZoRbgxjL2fS
8vqQ6Q5EEabPNkqqckwdnkAxqGAdqtVtyFCYDEZ9Mu2j
7iGCFYLUJczcHwpUnCCK5QFBCvYwznnj82RoYQQnWu6d
CiTk71nLvZajs3NKA3HMgym5nrtZ96XXNGCCv8eVX3HM
7xZSuLS96Pa5RKkai47ksVq6RUxY8YJFnPfGmxLEPLdj
