2NBLcuffrhC2oNUnQYguQKS2xcTGffj6fWVQbRon6Cuf
EtF3L8p4mVbWRnwUj8aeA3ZwsKykn6DLWbwZHTZEfxKm
AkdfJa5NmE1pQt3Ai7DpgDg8kryN5qTZirp6LQcpen6R
624JLJZvjsrR7VV3sVmUtkanvFvU1CHvHPez66bHi8kj
2iG781tfP9H77hcFimqp5X9KB9QsbVkQVS9q7emJAJXX
3D6N1NNCYuZfyXNGYYjn7VVuLe8DrGfP87UdBrkb2uLk
HENypccepnygXmwYLhaJwdGmjX8GwxgqMuLvT9P7hFT9
F4hN7ecndZ8Gr5KQNSFaSrMGawMasz7jfWTLTMpk7gaB
3Ny8wq7z2xVYWdswBg11U1DZqw5ZVDx1kKHSD3tapahy
GjGqmcQBp8LKUH15QvWTxLnBW6cDqysUBvkn9VEvGoBN
4cUyDakNPeMEZtJPDJGNujWLGF1XNH7WbQnheUEfD2xX
66oqNbfDhAAzaw8iYc69z8ZtMUHCnixUgrpo9599GtB3
NoKqf6yhqTE4jtYGL8Pw7W7xP6TV6k6ywgeqPRBnwhD
7RvtX4WGag5Ggy4oMtj2ni3oc9amEPmscdHLGvGQdZsh
EG64BPWCM9rgbqoB4Sn8KZh3jnKmjA3CfpxBDmduUeCt
5YFunw9HgdUXH1QkaQtUpwXsiJT2UNNEkWNMt3Fn92FQ
Hp1MvurGGDd7xA8zEdntreKcM2opJX5qD1WAApagZDfH
Ga5QAuv7jhLbQobMwHUzZ855Vo1A5oaJUPxsotvDTtfB
Hp1MvurGGDd7xA8zEdntreKcM2opJX5qD1WAApagZDfH
5cShNqx2E54RJK49myPhE757RJAEgnGKcbRqPVW4nwjC
