GNkJjyTyTLuM5dhH5TWvDwQbo2D6LUQyuTbqY1qPR5yq
FzC7Fyuif2bk7ZAqjZ23AfyjPrRZALYTg2zinusBGgEi
BBa35xoarfTNdRToygG1GyoGupcL9a6NC46zsiGz5S4t
EubE3gNJmkXrjGi9hNmYDa4hLXYkQ4RCxG3ccmSUmU8c
6Wbna4FpyM4JfZnYZyLpAjRg7xwCE4Q7mpqUTqWVn14w
H7Ey5gceXH82bDcDrHr57YXhzfh7ENZtuoxh1hCQzNye
kq1nvVBvDRSaHiHs1Q7hufy2Viyjs6SgM6AfbSCaGeU
JBqmKMUH4nn3o68VXpxj47mcnsFSvzN58A8Un5WbTseY
2Ms4EBFxW65EHYPFWcme7HyCeKHWp4EJP2vDkkAAPRew
FwE25yBZZnntV1pLtL49a47GSjH9Gqr3VR96cigcDsgy
9rsnuSzGwaGrSztmpsoDShJ2DudcavkahNELrm2y67hD
58vDVpwXwUnaU2YGUpf761N5ozZcvorgTSxActvdAiUC
5WC7fZAofUpbNchukGtrtjcVJqs6M8uHn258ouuvzLxc
2hxqbsHjnt4W8HrbJ5KgsnzhkHdu2J14Yp6W5hcYTdE7
3dAiJ9A22x23vGgC3S8BNjxJp6eGV125TpgKDdsDJN7x
GkuQMiEeLE8zVKvQjwf6LLEXHxterL1WvFqatgzY8Ynn
FQRdXzUU2kyi1BbSgPUj3SWBtYE4bxoZoSLezowKYgxg
5D2kc7J4RNcMzfoAQz1E4NWjLS7GzTnJKvTV3HiospCZ
CXiozBxH1wMitWHAPWcDKmS7Vw92HouBNtjp74zh5RfQ
4CF78SpWwi5abpPu4NGNA8TjSNc5JPwfVwt7kidjLUoN
