4SZV5kT7rp2XUGhUMNaK53bKV6PpADaBrpmYLoBwy6r5
CWiXLx6juMmaq33BPXGJ1k2DPqzfDyCQWoAsUUe83CqP
4SwDAKnt1ntsUKHaaM19jaajo9jV9xcHjB6ehwTtjkEt
Gaw5HBXFe2W9uepHQ8ehGpHQ6eqEvAswdt9BHzPnet69
AgPhAsvcwPfT8bcAQxfyvymHdS9enkCzHDZP67ihS5YM
67zp1qus14QpuwxQJu1NU2qpCb4sir6FqX65DFbc9N6n
4ZSovm9eppfPrsiXbnApe51uQP34rSJMnMUz3cMBswAJ
HixKvMRNaapShj3v1J96jLMtZuo7wNwtGAi4c1Q5rJV3
G5XvBTuiMnQ5RWzKmiRWjrdNwddGmSBszAcNws4TLgjJ
7P4Bb1pCMuYNveYhg2j445cmTRCEGp2eAAtBQUv7Jz89
BcwzmAJunqVo7M9PHuUn3srQJX73bd9xr5fJseCDGAZm
H7E4JB8ebHaoKQe2Z3NAwXniKcuy7VVuAoycx7PYAbE9
7SkBURKvyVJ1yvAeiPQKz8CdSpxAMVHnvzBy5Robzh2X
4NT53hq9udaY7repyBfyWjSLs4DzjpdNc2sRNjBbQzxT
FcfF9nySDutN8H5Mw9hXV1P5UzUWL6F3zH9Q3c67nMaa
C9u28tV9EcKf6iqCxcQvh8M4fnxtWU27vmS3gVwwVKSm
5mepnqKwP1uu7BF3FXne6xMb8nefMrWUJDSUkfz7N6MN
7NSBAKhMFtgqwubR4mHXQ4GWiRGM8XkTVd7w18tVwk5N
Dr7Mk6SxdtAh1AUfjCyfN2cVPpqMcd8ZsqwC22zDYuqX
HxcHUPJeGP1YyUyggNUAqDLUfpye9YEBpMJBYt3QGgef
7RvtX4WGag5Ggy4oMtj2ni3oc9amEPmscdHLGvGQdZsh
7EfeFuoGvjjE3Nr5NjSpWMz5j4W7SS3ze8GwNWLhiCip
fDrSwAtfvcGpvNqhMtFdz5p87yaXuS4wFSzHBEnSB1S
AQcxTKDdGoc5LZr7HyJj86tbz7Vqe2kwvPVT4SPH3i8b
CvTZWe3SSDMks5rmG1wPA91mxba8FLw4pfm2H2YQAkgm
J3R4o2pCK2UFk2zKMC78wHZLvyd5gxsbKZdVvUHYRLKS
BZyXTaB18G1PGgrAsjLzdKMbm5PFPmYAKiJhNErxGpWz
BgzrMG1JjLGKH6aVgjqeK9myAEjDstMEPBE6MKHoy5hA
JBfZHEQDki4swmCiH4ZcgfntBF429hKKA85bnX2UDnRo
9X7kSbT9Wuu32C9nzyGbsvYt7EqGbRMgwWhBCBAMwfYF
Mxe7R36xxFThVHvPGvgYPSpsiEnCByQQ2dUfvaq67di
73tF8uN3BwVzUzwETv59WNAafuEBct2zTgYbYXLggQiU
7ohp7H3HP7pfFQ4XPjicvZ2y7E9WvsGRHGvZxnWKuyF3
EkrPmifHXbGk7PLeReSgGieStGYrU1KJQudkdvVkFgFD
rDNXM3FBaNpgzXZ49VDrqN1vg2P5jpd9wYYSQqiYHxm
826JEBT7a8nr2VbQK4W4P7dmNfL2BmPydiUZBXEHBywi
97xAKp8FjyXkiYqTtYWN9ArD7KxTevzaCAo7VCcwLAsK
4pUQS4Jo2dsfWzt3VgHXy3H6RYnEDd11oWPiaM2rdAPw
8WYRXiQXQSoAMw8A25HuTiTmkg2Ax5YTaBxmHZk6s5LY
DWGdQmpc48cajoMyxtR1DMbNn9X8L5tS3bqWACLMxF53
AsxYivuyVu6znDgnwenpLSLvkZDua4mGKxTvM2JgoeDU
C15qS4Q9tySt4jMN6K86Mbm29SjqpiHxgkx5ZF957Uid
D7qcUa3S9WTsgpqmJAfnUfFFYqbsoPKZgUWmwvYmNvez
Cm8cYtgtfyULCzisqUnMg68aqqi12PGZScouQfJRfrG3
7KbmFStnBVAUB1NRKuNFdhzXtj3mfAT4jHLXoFvFFSaS
AUCZf2bCy92cf3JsRXf3LGu8D83bFoNWkULRX4KsePi6
J7EmdNW1pPQrcmTUqHpWJDRmDw59tY6uwy8JksTqF1xE
Ds71T9MhUu4DB3DPM2YigYtiTqTPD75DnevgoBfgQQUY
B6vnUveAL1t6uVSuHMXYfnJ2jksTVk5dMmQe4UQ5bop1
B1wHqg2kwb16bbRgitKMfyt5Y8Ciog4TiF5bQQ9XVms
6JP6yRoBPYWzhUwvDAq4yND6Aq2kUhPvn5ciLxkUiRzz
HXwpfdqNYevtCBkugYUpkMCD23z8Jd3A5oEknGpMHV5z
CWiXLx6juMmaq33BPXGJ1k2DPqzfDyCQWoAsUUe83CqP
D9pdfvKsxFm8oB3Aryu4tBSKctj8c5oU1hLEdEhKKynH
8xnDiEEaExducDAizz1ZFg1cDL6F3rEiG5r3V4g1AxGQ
GfMjKXvGs7jz4XSQziXngwW2WAcEQ734wwffvy1GQjM
HUqXsBas2zF8D31GQ6AbtgfmxP3s4uuETG5uE6M1Bg7W
4pUQS4Jo2dsfWzt3VgHXy3H6RYnEDd11oWPiaM2rdAPw
9FtbBv31kJUvZJDFrzkQuMMrhNk1RfD29sgvgifAMkea
DRguEYWdWcZcvoAGuskpCXM54dsxT7XmKToF3b1eYsZM
51oET2dy4vCmZ1JMGYR9hbsvsLng1vcLD6z2AZp1uq1j
4CVLbLUcNUdoXkb7GhEJmoPgiiv7G6fistNWu4Rx6T9L
EpXzWLpXrhaKcbcv2v8MLu6pCdgAzZ5JD5aot4oPaKcJ
GQvVxDnibSXUbeE6gvK33WFhtXB1tue8MXkxM7WmTAK5
51oET2dy4vCmZ1JMGYR9hbsvsLng1vcLD6z2AZp1uq1j
Gy3kEJ5jeyFPMPpCuuJivAR3gbPLmsBHU8bE1XVQMc6T
3eucHmLaRJzL3d3rzYx94KvxcVhR4ESLo9R9hhb5Snbo
GWoFiTkmgkdUxvRNZ8kMGVxUctDabMNYZ4ztFnQokBrH
G2sFCvJptXC8gUBmk366fgEr1rXVLViGTjWaJD3Q1i6a
BtB9qnim5zvvcAQCMnVeWWZiSX9a5tLPo5hKLi9ta4UU
96WX37vQhNmrYmE5UhWG1xFmYX6QM9X9vxUiNu3MtwYD
g2q4tWwSoLzY2PYmYM6YB8167AFP9L5J1Mf4xJ5cJhB
6UbzRF27enSyg4Fdg1YjpDB7T9JokwWn21yorQdVekgd
AEUto3eFWHLAmmVRq3Vo2fmHXwte525jQGG6D7pN4RRd
2ATUXJQBBPrxiUkrpo9avX3kjV2PnFBAD6AYD9jc7gVw
7uCsLRhWmRw3AHyb4hnifXxiwqNXi4UB8Ac4ynnrZ5hq
BQB1KrcdAiRu6BThUb8EzwX2YDSMCwqcd7DZPTLRyP2R
4pUQS4Jo2dsfWzt3VgHXy3H6RYnEDd11oWPiaM2rdAPw
7KbmFStnBVAUB1NRKuNFdhzXtj3mfAT4jHLXoFvFFSaS
HXpU8biVEztWsKPV1TDKPVwJvzrTSstbfx4pyGWRZDhD
EWC6ESChdBqExhp96XPMLXR65pXP6Ftuh1pPAVws4pmk
6asMmzbUNCKP23xQNBuVwH1kmCN57Jip1pBRvToo19dK
AyRbGy2jnBbhynM5HrW6v1WTnnirqzWTvDrDgMfgyFbv
F2UnaewjBBoYsp7NerpTZEWnJizNKUcrsJXzSnqyw2iy
664JR3KZ3WSPeufnsypjNnHGJZ765HuwvHXzAwVqBRzE
4ReyBodSJygchFFm6tHfvGQdBvhrCr3UqWTCvUoNyvfZ
B8nAE6KWi95mo2HMAR7MzgSyMjwYzCM8N96m4NrQ9wWY
HzrMJkkN5jvD98focyivbjasDmPwPY3AkuB9aG1uAzbH
74nQsQFEVm7N5u8xnxCNpmYNrmcBKMS41LzB9bCXJZo3
3eucHmLaRJzL3d3rzYx94KvxcVhR4ESLo9R9hhb5Snbo
HuKHH58Y6ZoRnJMmvcoFKuH9iWpDGHXMQoNAc27oSR8k
51oET2dy4vCmZ1JMGYR9hbsvsLng1vcLD6z2AZp1uq1j
AEUto3eFWHLAmmVRq3Vo2fmHXwte525jQGG6D7pN4RRd
FRpBi5GZazQQGPni9TCb25GhfK47hWZqk2JFT8Zb2CAp
Mxe7R36xxFThVHvPGvgYPSpsiEnCByQQ2dUfvaq67di
2fesvz95r896EUAhQ4yfUGAbR6X1WDsLLe52zaQoYiaK
ADc7mUWD1evVghTWFA2ZiXab2mcHcV6UNPBGQL1UqMWE
38NjtU8xxBDT2YaRtNqQTsa4jTXQjv41HrgkVCUfvRD6
2ySnCKDw87CLGeXzpcd3GXQjn9YfEWraBMBR7iq7b7UX
GzjpZ3LMWMMcvuAHUWT6tPnaHBVNpYQL6AufGqHmGndW
