1cFpUBQHtqxAYk3NY34GWt3zVUmmTqLN2jBm4BXWgE6
2dK4eVhPEh62U27NFQEft1nUqntEN9eLpibWa1EYGNpC
G4yn6VjDQoRRgqKVt1fp2uei3rFHWWKA5JwWPMM4eCgT
8zfdGUKpemtzs2Ypb8reoN3A43o1ZkbwFCBNzpUeFeUo
7P4Bb1pCMuYNveYhg2j445cmTRCEGp2eAAtBQUv7Jz89
6E1m1jQfPY1bk48NyN1GMwJSmxUbS9Sqr57DyitziLWn
7ztcgMJVKQ3PYUcend2CRP9sKA6jcDT39rcUPdETuFNp
GcXoVa37eAB9Ng7pEiYavouFG829qUdATAW3NAN2RBH4
ANUkikZTPfEoBrqtveRAeNkvVqZv335H5Nvspm6u9Ghh
4bSP9hBtaFBWtzyftRy4UNJwwqcAd2QWNXC61sVf7p5y
3ooTnU4quRNztapYE5vVojHZSFqPeH2xnWC6mbbtAUSE
E4nDoRPHAJki7vcpExGKqMA925L1WBZD7Ap6rQkvNKFL
BQB1KrcdAiRu6BThUb8EzwX2YDSMCwqcd7DZPTLRyP2R
6aVxAU2nNjSUmDkSy5zgavKcZNKGov3xhi6tUPLnULLp
6HdUpWzf1NAN7oGo4SreYWoXAL8gLiquXyzDh28NnqZU
AhZJpBRjpzP5NA998UdJ1aJpuXvgNzFhrTfgSGkFwMMb
Atp6uadUeFADQYrnWBMoBpVkMFhziBLNvQrjFsXadAMo
H6zWfaikJVEqkydM2k3qu9fzvo5HvHrC5PCsMh195V49
DJqBpEZrZBnbTwSCxuRwsb91fpG534WmFeDJZyag4d53
BpHihdpxBwqPG7xiPqGZk3Nh7fTMAFo8vWjU9MS9hpc1
AsxYivuyVu6znDgnwenpLSLvkZDua4mGKxTvM2JgoeDU
FC4LJ1JNAb74z3mLGfNesda7cyuzyfDfFagLdCRYPhUJ
9iQPg1TEZbBMquLEzFeGp5KCwVx3GPxMDvKBwX3nHRhs
HVa2E86rppP4EE8CEeQ9uoQLLZbPUMAyYaZdE1xpgFNS
DAFP2ohWJieGFuPjq1Vcrk1Sb2Mawqo5Jg8A8o2xX6NC
ErAwqzKVB9tWuZoMy7mK9csjB6pCqQaeHmxWy3SLicB9
AHFYN2pv4iPG4wGMTjfFXdXQjPTXMxBdLHvEDCBKqaBk
73tF8uN3BwVzUzwETv59WNAafuEBct2zTgYbYXLggQiU
7zCpbNTM48YFDCokRBkahF6uZg5LU6MzgKfv8mvGviX6
6eej2KW9qSgcCtwgihVYScMpVo33DjXghJ5Q6RB4Woxr
EMJ9WcNWL3edaz2zv6aJkf5V9A114PfoyVSNc6jDwTR6
2CuutDofXRFes5z5r9iDrLhG5qRas9SgYjmhsoRcrYcA
HZLexbjCQdvbshbM6ckVeqLzzA4JDmbv8sdwB3Cf4nCb
six9qRG8Rve5CSGkc4StmyaXJt3FPknyQLhbQRMpDF2
65jX83FctUbhp4z7qf2kVmck3PTsVZHBjz4EaWyJ5Ff1
9nF2vqusHupTTNgw3quL4f3jorvPdJ8VBPv3Uw1xt3Mv
DJqBpEZrZBnbTwSCxuRwsb91fpG534WmFeDJZyag4d53
CscfVynGt6z23oaULLsRfukiJWRkSKKZzMvk5JFX5wgo
88XHNYEHYmmoz1b7Vg7WapXLpfFxawJBqi8cs5XaFmgi
6tAbuy5FEAUAyZPdKymeMDExjnoFQQazfrxKqkY6SqNn
EiThKFhpnUSwA8uBpHePQNH9acpXny2Vv7eJmDEMqXoZ
AjdQkJ9wkEg7Y6bbmwMRPVSanHv4mzhzsgurmfd6EaGT
EyJgdzad47ZKM7fVWe5UhKdszkUeDaEXmXypNXYixggw
BjvjuS13q1R26N91RNxTg9vmUbAM7huCwg6V5rU7qev4
3EtRwc7takUSxcc7RdKSz9YE6KdiwfXW7hasj3yN5gos
97xAKp8FjyXkiYqTtYWN9ArD7KxTevzaCAo7VCcwLAsK
BgDvK87FXkH8mS1j1YQNaBcpJpph2asbw9EFcbLD6cS2
FLiGbsPCmjyjQXNJnY9SxQ8n9ZY7LLiero6YpuDB4CUf
CyTPxTyxcYK1VJ7NvZKGL95mkkjkxedkPZSjW7r7LeHC
7uPi6DYjLyBRAMtuyk442gnq6pXMppuxSkj4AiP25MW1
BGCgw3TEQBD1dT6sUeXSkiqPq81jL1skvTu6sGo6LDNH
5UBiv17A3vDiU5LuyvZznC6votZSCU5wL3vdneAKc4RY
C3e1XpzZy8TnGxYqeoQcgJQxR5f32n8bL3YqrfgWFCzX
4pUQS4Jo2dsfWzt3VgHXy3H6RYnEDd11oWPiaM2rdAPw
9x5kW2UTuJ5jNQW31WxbVAaWn5jRfNUJUq7SKCR9pQam
HNyvVfCcNtogL4Gq93zwZ3oFdRo7vrUqdFEwo3RqpDxS
EkrPmifHXbGk7PLeReSgGieStGYrU1KJQudkdvVkFgFD
CzBuPFMJQbPLw6k3B7z7KNBwMWfJZZKTFBYZLhYB27N1
4pUQS4Jo2dsfWzt3VgHXy3H6RYnEDd11oWPiaM2rdAPw
CTtJFNvW19R6AooPD7A8i27gCUc5J3RrzbPd8rZ65Yo8
FGeQoJHQuKTAx3h8PkZFsBjWUcG2yZ7DcArpFuKkejbg
8LzZbttr2vr2sD9P3ResFfzcdzr6AtWySLQUBatcTTFh
63X9KHuZ7oZjV5CvcJ1qgMP83EckJ9Nyz1VESTfBx3My
CyJeFnjtSnVL7E8ATZYYoedHeDWhT3J4odR8fM1hWr5M
6nkB3eiykLd3PPxV7WUTETQxwms67vCDgDWKDQX2dPYN
9t5Tp3AM2JEEcLBRAg7CoRu57u8i6AmogjES1YQ9e1eh
4pUQS4Jo2dsfWzt3VgHXy3H6RYnEDd11oWPiaM2rdAPw
28tLPjFZf4K4WCjiQPnveiWAapcB7xXrbySnmgWCNtST
4pUQS4Jo2dsfWzt3VgHXy3H6RYnEDd11oWPiaM2rdAPw
GBvdzrFqehuHNLc4NvRUQhgVnKjfF5Q2fi2LrBDYivpe
9EEeXJSGySHbCGYvwE9xn6fZ37iav6SHaAKorkS8qmX1
XFGVjd4PJp8km9qQgtmLQV7N5dCSum9KxRrPhdRQzZ2
AsxYivuyVu6znDgnwenpLSLvkZDua4mGKxTvM2JgoeDU
8dP7pF3UR7aRGrkgshVUjodLrjg1MQ4LrnKFqytrdan1
G4yn6VjDQoRRgqKVt1fp2uei3rFHWWKA5JwWPMM4eCgT
92JnT9ktvUSqU18U4NC5TAcNA2ASc3bwaCmaf2FXHUR8
HCtzVd9MmEeZ49xQ7m5TEwjXboJJzyfn1X7Efjc2m1jq
6kgckbd91UZKk15SNxvE3ineG9BQMu7RTCPitS5rigAF
4pUQS4Jo2dsfWzt3VgHXy3H6RYnEDd11oWPiaM2rdAPw
CNgwgXRXh6bkXkeErtJytGCx3esf5jtFvfEkR7USvDjs
B1ZV1ac6QYX6AAbKBnezBH4CaHzX5g4XwkzofNS4kXvv
51oET2dy4vCmZ1JMGYR9hbsvsLng1vcLD6z2AZp1uq1j
4aMSBRaCsa64CPQiruDrmESqTNXJzs7PLeaF7XWNVvL8
51oET2dy4vCmZ1JMGYR9hbsvsLng1vcLD6z2AZp1uq1j
8X2bbfKpevV9Bs3PYTmkfCn1FRsCcb4BDnSDKShRouZW
8XoA4fSJWndhft79TCXFUUe6fKLZULK2CGFfBedhd5X1
6CfjjT5Cyy2RNgn3wiGSuU1Q2VhrvHo9DxbMPwotzeUo
6ajSxtGmW8fw2Eok5tgZBJ2zdB8FTmffTb1gzYuB8tDp
5tCqPe7XNWSNy8aNLbBcqaf5i28RuEH8onsCHsUsvYmn
CDLQdm5Y6N9z75vEBv9Tyhguic9gFhJUV7nB3jnJNxAm
CpaCG9J4BQWVcXwDsm73pQUtbCUAR15aSG3HxuxxVYqh
Pww1ohVqQrmaHKPeYwaVT5pxhQxJex3vhM4M5ocsLUu
crpQUfqtr42Y1W5LgZjvjVnEo2nsmXhSuZ1EyomFCDj
7srUnsGigLyApFwxw3MgNawzDrEkDYpjZtoQvBi6ayeU
FpSrQMhnYa8YRnEQqKstyi8DYsMvET71CPfnmJkBSSP5
CZbmLXFpJGzNabQQdsHQ3KWMkA44BFGrdVvvSxWA5RwQ
HxRq4gm6JPL7w2pzRfiyam8RPPKi9FGvVPNhr8CmJwXh
32CM5Rzf7TxcvByMTsb1E9UvDPXUrimLwkGaPu1sqRbF
4dYe8NDUKCJir7hYoFSC2FCJwVa6uycEfyQZ7aYrCqih
Fzo37iUDzeZES24cL1rRuCyP7V9xxseYbgFSqk4FotPX
