Transfer 1 tokens
  Sender: 53H5d2kZAAtzFVrNCkdBKD4JAxBSQh2wRctnmmvQdffP
  Recipient: 1cFpUBQHtqxAYk3NY34GWt3zVUmmTqLN2jBm4BXWgE6
  Recipient associated token account: 37a1gytPqT63F9hk1eSmMz9QXJwoeiMntcZQNv2Sg5CS
  Funding recipient: 37a1gytPqT63F9hk1eSmMz9QXJwoeiMntcZQNv2Sg5CS (0.00203928 SOL)

Signature: 2XtqV2AWcpNwJHjMLKraz7npuMZr3pKpiNAJFPcTmEpdKbLquMa3YpoDHFJ4fRNEqXoTE1GTGGaZ9rwQ7WFvoFxT

Transfer 1 tokens
  Sender: 4azwjrgPVK97mibPgdFkWK3ehxPYKbE5HSxBx7pY7C2U
  Recipient: 2dK4eVhPEh62U27NFQEft1nUqntEN9eLpibWa1EYGNpC
  Recipient associated token account: 7WgfpiX5UFtVN5uoHSsXN6NxyMB5VDYF4gZiUssjsm2e
  Funding recipient: 7WgfpiX5UFtVN5uoHSsXN6NxyMB5VDYF4gZiUssjsm2e (0.00203928 SOL)

Signature: 2YzYksyhBZXMgUrXVnj95QQh9KiFJWJM9M8hMrSxaHGGawZTCHZiwjWrstYFoC4i5uNZ2m71PbTpYNGgXDyp8KBw

Transfer 1 tokens
  Sender: 5WQertfuUEtdtRReauV6y97gJGjvordWnbKzUyR9RPht
  Recipient: G4yn6VjDQoRRgqKVt1fp2uei3rFHWWKA5JwWPMM4eCgT
  Recipient associated token account: 6gPesC3gWx2f9USmLScLo2teZe1i6KUn534AGyE13c7Z
  Funding recipient: 6gPesC3gWx2f9USmLScLo2teZe1i6KUn534AGyE13c7Z (0.00203928 SOL)

Signature: 2aHNCkAsZfzycNwj9MXsip6L9HdJwyN1z8MmugDGL8mmZV5wg95m9K1DeoN3Ck7bqk7VdQWhcuPUH1tZZxriBu26

Transfer 1 tokens
  Sender: GYmj9drzrBCRGiWbswS7M8NGFriHdYnYZypqHWu45pEq
  Recipient: 8zfdGUKpemtzs2Ypb8reoN3A43o1ZkbwFCBNzpUeFeUo
  Recipient associated token account: HaoN4hzXisxz6HkPyqzXmhPWeNtLAGUP8pEc8MjN6Zy4
  Funding recipient: HaoN4hzXisxz6HkPyqzXmhPWeNtLAGUP8pEc8MjN6Zy4 (0.00203928 SOL)

Signature: 3CeZ2Q5dpsSsaoFTtqDRYfmCgtq7BsJ5biJ5gHjCYrLEPG2pAAQMuDKXPHeGdZGWwopSYS2PK6WeH16TiwkUviGA

Transfer 1 tokens
  Sender: 3fPVGUseVmkFY4RQFwgUPcT7R1rXZgjAyBR8LD3hoK7g
  Recipient: 7P4Bb1pCMuYNveYhg2j445cmTRCEGp2eAAtBQUv7Jz89
  Recipient associated token account: Exm6bTw2J3TwAUHsfTKNeeBcrtKx86RgeHyG6kFHAAfr
  Funding recipient: Exm6bTw2J3TwAUHsfTKNeeBcrtKx86RgeHyG6kFHAAfr (0.00203928 SOL)

Signature: 2wXoKWZZt9QiPtq3N5vEUPw7uCVaVd5jpv28LKaikBRV6T1UsbVgF8XpQHHYvX9hyGhJBvhXofV3z9tNfyJs8DVo

Transfer 1 tokens
  Sender: 8EkaQDc1yfXaxJthmSA8XieGMch2g5avo2wrZuUtT4eE
  Recipient: 6E1m1jQfPY1bk48NyN1GMwJSmxUbS9Sqr57DyitziLWn
  Recipient associated token account: 2s9brSffMreKoSC9rzrLeAj2E2m5hrJQLNEgy9FfjyW6
  Funding recipient: 2s9brSffMreKoSC9rzrLeAj2E2m5hrJQLNEgy9FfjyW6 (0.00203928 SOL)

Signature: 3gG8vsgYxTXePzuCfzWS8MKKcFkD89QjmEo2M4p41jfrKxxUByiAn2ykn4YLh3DXkgLZJUbZ9wWhZs6eXCJ4YF3o

Transfer 1 tokens
  Sender: 3aJpTJmA6yY4hmfkmhu3yaqCqSMXFD8k2A2tGD7D2tEi
  Recipient: 7ztcgMJVKQ3PYUcend2CRP9sKA6jcDT39rcUPdETuFNp
  Recipient associated token account: Dr27WX3fk7z97ow1fgUQCRwziaNSmTdkDZw232swvHfm
  Funding recipient: Dr27WX3fk7z97ow1fgUQCRwziaNSmTdkDZw232swvHfm (0.00203928 SOL)

Signature: 4XboHVVc8nCoAYydLVudFFfh58JCJYwjcy4SHXFzLEJuZjRNFnHfftiGyCSeu8GCcCTVHscgg1smUBgLwEXMvs33

Transfer 1 tokens
  Sender: 5ayducKMg6ubG9MZo5XUYSFy1U1oy2yeqJg2PWPZSe3w
  Recipient: GcXoVa37eAB9Ng7pEiYavouFG829qUdATAW3NAN2RBH4
  Recipient associated token account: YfMrfEfas5aqf2eVgsjouecmaqm9YQgob5Z2jtTaTcx
  Funding recipient: YfMrfEfas5aqf2eVgsjouecmaqm9YQgob5Z2jtTaTcx (0.00203928 SOL)

Signature: 2SiwJwop3PNcy14h7mwpoovNTQU1WvwxYL2gaLaahMLcqr5PZWuNPtMoPt8z9UcqqagLwG1YGKkiTLFfNa9LRGKn

Transfer 1 tokens
  Sender: FxfiFrXrKhpomUk7SkR3DaUrRr6WtyDJQABYytSQsAqi
  Recipient: ANUkikZTPfEoBrqtveRAeNkvVqZv335H5Nvspm6u9Ghh
  Recipient associated token account: 2t46sTW1iEa8UcWAY9njSmuQJsjXZf1jhXoQ5Qy1F9Wv
  Funding recipient: 2t46sTW1iEa8UcWAY9njSmuQJsjXZf1jhXoQ5Qy1F9Wv (0.00203928 SOL)

Signature: 3VFNnRsZ8aWGV2Dh5vmtEzcAHRgArQf1X2nibkhoCNUdtRMuoDbQb9CouvJY5cypdWf1RzGCiAy5vnUbucQ2FzH3

Transfer 1 tokens
  Sender: 8BLN6wfnUPNPQyouYhmstRgboTyg24pohxemj2jJRxLQ
  Recipient: 4bSP9hBtaFBWtzyftRy4UNJwwqcAd2QWNXC61sVf7p5y
  Recipient associated token account: G6FXpi55kVUmiPz78A41voiJQNbaFXNGxEQqiA5ZP1WP
  Funding recipient: G6FXpi55kVUmiPz78A41voiJQNbaFXNGxEQqiA5ZP1WP (0.00203928 SOL)

Signature: 3h35hAeQ5eL8cQp7TX7xSJHrwZBYWJcws5rYgimxgvTGScbBj6yDZeahTHz6w2GZ9r7QtE3UgYTZdDq8zLzgRKQy

Transfer 1 tokens
  Sender: 4LNc416P2noRRNnPf62nLphBPiGgmrRw8JeF6Djpr8jT
  Recipient: 3ooTnU4quRNztapYE5vVojHZSFqPeH2xnWC6mbbtAUSE
  Recipient associated token account: ofZt5DAz9X1zUDfL7hxUD2cx2VKVYdjGmSKMoLhwrig
  Funding recipient: ofZt5DAz9X1zUDfL7hxUD2cx2VKVYdjGmSKMoLhwrig (0.00203928 SOL)

Signature: 357pqaQTGsyLTLDt875PnHGf5VNFnMmH8CnBMSisKLUvbnDZknKbEF51JdHe8hdirHvyGcRVx6PKnAh4S9nTU9R7

Transfer 1 tokens
  Sender: AepQ69P8p1VS4dXxTAaBMJmivycGW354AoFnECHbXns7
  Recipient: E4nDoRPHAJki7vcpExGKqMA925L1WBZD7Ap6rQkvNKFL
  Recipient associated token account: 4jZSsBEddM2LFuaMbKWexzFDAcyFD2AkHosjxXNKyshW
  Funding recipient: 4jZSsBEddM2LFuaMbKWexzFDAcyFD2AkHosjxXNKyshW (0.00203928 SOL)

Signature: 3SYyD9iMdx6pTmgrCSWWmXswDDpErzmn7pCKFJopWJYS9aMe5JtrzTJa71Z8yfLzCLWeQsaQxsUSC4PtmRgXEjg9

Transfer 1 tokens
  Sender: GTATBYNoktedezLtHv2fuRC4gmtqsNXc49hX7pqKWhDC
  Recipient: BQB1KrcdAiRu6BThUb8EzwX2YDSMCwqcd7DZPTLRyP2R
  Recipient associated token account: 2JgfWPZXzcapp7E6KQ3YCgyoWjFh2BayKNpuzJE7xKqU
  Funding recipient: 2JgfWPZXzcapp7E6KQ3YCgyoWjFh2BayKNpuzJE7xKqU (0.00203928 SOL)

Signature: 63nuYnuU4Yoyxo4LhXptqif6wHoFFMQkpzvLUH6RTaEz8rzXQ2Qoq3R4r4oJ5UByvzwqvCWpn3Gv44iYqscyosqF

Transfer 1 tokens
  Sender: 2kG6aZtoEtjVwjPXpbkwFhpLiExaCzpYGQsX6VjEiFMG
  Recipient: 6aVxAU2nNjSUmDkSy5zgavKcZNKGov3xhi6tUPLnULLp
  Recipient associated token account: CHF1YkrGBEw3jbhxJfXHqsFdekd2mzL2f82mXjj3ZSpJ
  Funding recipient: CHF1YkrGBEw3jbhxJfXHqsFdekd2mzL2f82mXjj3ZSpJ (0.00203928 SOL)

Signature: U4CHMCYZVvCaUCXATo9QwhxFU6M9b2gXpMRxJCqrGXkehXEnApLfr6tGEhtqs4d8uMLiMKgTJUCLDLcrdGLsBMz

Transfer 1 tokens
  Sender: 9WdB7XGpoE3dEMSPbmBbJJYjp521HxQJLGCAGhvXkW7R
  Recipient: 6HdUpWzf1NAN7oGo4SreYWoXAL8gLiquXyzDh28NnqZU
  Recipient associated token account: GMZ4erkkMUqjEhgxbcCKSt2RPCghkg8L3tcgRutNDHGB
  Funding recipient: GMZ4erkkMUqjEhgxbcCKSt2RPCghkg8L3tcgRutNDHGB (0.00203928 SOL)

Signature: 2K5Cit2bouGdXnbt5H3HAGpAmkAE7y7B8tSvPQygo1f7e83qdfz3JFnB9eGHPes9bsUZ8PWnJXm65AxmtbqSzpui

Transfer 1 tokens
  Sender: 4BQ8YCM2YpbMR3pBuMU4emNTCBZ1YSqHVbqXjS58MYM4
  Recipient: AhZJpBRjpzP5NA998UdJ1aJpuXvgNzFhrTfgSGkFwMMb
  Recipient associated token account: 4yxHfwEKd7DrR9WmXe8TUdPhYnsJ9tMoAcgWt3HAh1Qy
  Funding recipient: 4yxHfwEKd7DrR9WmXe8TUdPhYnsJ9tMoAcgWt3HAh1Qy (0.00203928 SOL)

Signature: 2tJo28Kpc7qxLmSYLzREVrXawd3PZQEjNB8eoERoxxmRtzEAo3gMfbkLqv6RbsVfKW53iNQ5jrqjcW1C1Xv7P3iB

Transfer 1 tokens
  Sender: BPeFtF8v1hpSufyrwSz1ZcewsDNFupyJamV2C2qmYmoL
  Recipient: Atp6uadUeFADQYrnWBMoBpVkMFhziBLNvQrjFsXadAMo
  Recipient associated token account: 76fSMENexZwpz47byne2mr4djjFe5PpKrQLFErqobjjK
  Funding recipient: 76fSMENexZwpz47byne2mr4djjFe5PpKrQLFErqobjjK (0.00203928 SOL)

Signature: 5ur2dth827WnNyDNWxPFTsfwP67sozi6JL3Mm6J5ztH57LDK6pC9w5AUBFBpAXHajY9XS3auPmv7DV5qBg8NXo7Q

Transfer 1 tokens
  Sender: GS3wS532xkARYLdke4w55Zfzg3s6uxhFS8haQQbzSPJe
  Recipient: H6zWfaikJVEqkydM2k3qu9fzvo5HvHrC5PCsMh195V49
  Recipient associated token account: EJSotmJdadNAjzvdi7jkh1dSuHKv79cPFfTG4o9gZe9H
  Funding recipient: EJSotmJdadNAjzvdi7jkh1dSuHKv79cPFfTG4o9gZe9H (0.00203928 SOL)

Signature: 3wucGcjXhCEAoLNnDV6k62pGwpm4bQeVSr8jXMWz8HHzHaConvb3qAHFym2cRAsQ39rnj12ck1e2uQF418WSwnfw

Transfer 1 tokens
  Sender: GHAqw9zk1yYSbBbES2b7XeojcEtazZ6G1YqKjKEfuJP1
  Recipient: DJqBpEZrZBnbTwSCxuRwsb91fpG534WmFeDJZyag4d53
  Recipient associated token account: 9jW63FcqX1JTescSp57XsxHsCY5DhAWCEfmVpfrRQ3Tu
  Funding recipient: 9jW63FcqX1JTescSp57XsxHsCY5DhAWCEfmVpfrRQ3Tu (0.00203928 SOL)

Signature: KWrrKasffsYG8TCdK11RSN41uw224yqR5etMJLf6Vk39CxoNP2eFaYpEiyeJqzTdnV4EJz51b8TxR2vaPVcP8TF

Transfer 1 tokens
  Sender: GN5ikMPe2tgK6dcGDyNnyqMGj5aAdhtHFxFQVuJkxBSV
  Recipient: BpHihdpxBwqPG7xiPqGZk3Nh7fTMAFo8vWjU9MS9hpc1
  Recipient associated token account: 8ua9c218HVgbCVdGM8pjRQZYzVTLy8VjJW3cgJuqXTCj
  Funding recipient: 8ua9c218HVgbCVdGM8pjRQZYzVTLy8VjJW3cgJuqXTCj (0.00203928 SOL)

Signature: 2yp2yn6Kdv7Mm8wZLKjzf2MPER6ex3c5b4aBpXucNjpGZ1oFHQjMuy7TU9vKBfdpbn6kgLESdv7PM8r7WV36Ri7R

Transfer 1 tokens
  Sender: 4ajWctuRxwe3RtQyLh55Tx5C7YYmRrHvVF5jSjrxWwKz
  Recipient: AsxYivuyVu6znDgnwenpLSLvkZDua4mGKxTvM2JgoeDU
  Recipient associated token account: 12vXeKzsZb6yBoCP9SCHyGh45VNpkoyu5hshzWHCcmd6
  Funding recipient: 12vXeKzsZb6yBoCP9SCHyGh45VNpkoyu5hshzWHCcmd6 (0.00203928 SOL)

Signature: 2pWKKecHEGCsZ4LrvfdweKT8HPErgEB2U1onFc3FuoEWn2x6U1mmyTFnzKdyZH7Cz51Mr1CGABWUubFqwRGAdkid

Transfer 1 tokens
  Sender: 3GzWUgyqAjGqUgnAHDcVqMrsZsR76c5xF3xqtWUKSxCe
  Recipient: FC4LJ1JNAb74z3mLGfNesda7cyuzyfDfFagLdCRYPhUJ
  Recipient associated token account: 6zXmELXb5xNgx7Jcx8bEp3SW4nFd79Uy9FkfkVQUNZ7b
  Funding recipient: 6zXmELXb5xNgx7Jcx8bEp3SW4nFd79Uy9FkfkVQUNZ7b (0.00203928 SOL)

Signature: 4cBgeSaaay8D4Q6dCsiUTvPezweMiNR7BTzoEjTiXVxMGcF8HxqxUPtyrKSmUzbbbLagSo3UvUoxcMxfTWPJj9Up

Transfer 1 tokens
  Sender: 6VGUXWD6nuD52XGd1Y1VQhjuxyVMRtMWkaQFuKmiX6fE
  Recipient: 9iQPg1TEZbBMquLEzFeGp5KCwVx3GPxMDvKBwX3nHRhs
  Recipient associated token account: AUSZU61ekqi1qr8z8wkf1ei1AT87Hg1MEPBsP2Aicwnb
  Funding recipient: AUSZU61ekqi1qr8z8wkf1ei1AT87Hg1MEPBsP2Aicwnb (0.00203928 SOL)

Signature: 41Yy2m1QcL8Rw5UJ2zbeC4Nr2BrRQdxaNPwa3H3hQqSBPrE2kpvaobQGxoDaKmQ2bqNfQWUACNmoAQ5KifqS2DRx

Transfer 1 tokens
  Sender: BeK1cc9uh4nXFk5wZTM1LifoPQnaiigNjdKrNwgTBBNH
  Recipient: HVa2E86rppP4EE8CEeQ9uoQLLZbPUMAyYaZdE1xpgFNS
  Recipient associated token account: 7Kq5CP6sCghnF2v9b5ZqRCQbEtZWJrNXBbXNHi7nWAns
  Funding recipient: 7Kq5CP6sCghnF2v9b5ZqRCQbEtZWJrNXBbXNHi7nWAns (0.00203928 SOL)

Signature: s7k7sy6MDeH4Uajd6SRN2FMMH4qd5D5hd3Tp91hbRorE6of9mC9AsDHKdFE8dmrJQqmA5KzF4ZmWsbrda9z7emc

Transfer 1 tokens
  Sender: 9iadapswT4i7CR4g67yAcxc4HV1dZbsGsXuZgzJArwNz
  Recipient: DAFP2ohWJieGFuPjq1Vcrk1Sb2Mawqo5Jg8A8o2xX6NC
  Recipient associated token account: 5yMRJ5ToZ4Yd8WRTz3qjaGn5vxmfJDkYZHn9KR9VR9DV
  Funding recipient: 5yMRJ5ToZ4Yd8WRTz3qjaGn5vxmfJDkYZHn9KR9VR9DV (0.00203928 SOL)

Signature: 59htdmZpV9Z3WE6tNHWLAwH9nfLsEzCVDofRW6ZusQYBsykaAVYJyvjH7hoW5cmhxNxTMbKC1B6Hii4TZsPh9i6a

Transfer 1 tokens
  Sender: 88zuqPEVYyhBqndbxEABVKkmYjq9vSkQt1k6V2NNue6X
  Recipient: ErAwqzKVB9tWuZoMy7mK9csjB6pCqQaeHmxWy3SLicB9
  Recipient associated token account: CAJBPMU63QcXsst25AgmQAEsZgvVGxgFPitC3xNyFaZB
  Funding recipient: CAJBPMU63QcXsst25AgmQAEsZgvVGxgFPitC3xNyFaZB (0.00203928 SOL)

Signature: 228JuzcmGfJ3PitFiCUvS5cnyoE3A3yijjqus6DSDjRUVhTEMUhU9c2yWE48wULRcDZMvE8Y6YrxFqA9PxJaByUA

Transfer 1 tokens
  Sender: 4zkDCT898UV8NfjZt2a18eFg7NiJxNsP98Y5rjRge4jV
  Recipient: AHFYN2pv4iPG4wGMTjfFXdXQjPTXMxBdLHvEDCBKqaBk
  Recipient associated token account: FMNsayMJikFr4PGVEvjcn6tjLNXwJiNFhQdYFcPxq3US
  Funding recipient: FMNsayMJikFr4PGVEvjcn6tjLNXwJiNFhQdYFcPxq3US (0.00203928 SOL)

Signature: 4PMA6J9RfM7HWx6zy7UbCZreYmhEpxziUDWWg2JkUCjQSgSbvPRSvRdDoemTVG7bWKk8GteXkiugsdPfmVfKjd7o

Transfer 1 tokens
  Sender: 345oL3hP1dQweRWu1vM93PD3ugMxcnp5QCyJZkjNeShX
  Recipient: 73tF8uN3BwVzUzwETv59WNAafuEBct2zTgYbYXLggQiU
  Recipient associated token account: CcCXroCpmxD2f97vc18k14ACzVUU2qBQxg5Fq273o2EN
  Funding recipient: CcCXroCpmxD2f97vc18k14ACzVUU2qBQxg5Fq273o2EN (0.00203928 SOL)

Signature: 5mbTFUSd241PK7T1gsY7QFmNw7Fxd6ATck15wQjsE3XWCHdCLbNHJsuBMNHc8oDwmXwjpauRxKaFYE6fcZfvPSaH

Transfer 1 tokens
  Sender: g1KbVihEp729nntjfNSFq8SC6MGwtN13ce9TiBjR6S9
  Recipient: 7zCpbNTM48YFDCokRBkahF6uZg5LU6MzgKfv8mvGviX6
  Recipient associated token account: DR4EeQLZrj7VYjkETvM6JRR2RdtBj2KvvLMtHXztrAX3
  Funding recipient: DR4EeQLZrj7VYjkETvM6JRR2RdtBj2KvvLMtHXztrAX3 (0.00203928 SOL)

Signature: 2JgJEyx2CHGWEGrcoBT3PDr7sVefvy3rfC3DZB68fEPmgPB2T7vUnC2f4HTqMaiJUYm5CnvBeT7a3FsP67RXQ746

Transfer 1 tokens
  Sender: 8yjqGLsrVvo7fDL3Mdv9pLA4AATttGhuZZ78cbvHNLMc
  Recipient: 6eej2KW9qSgcCtwgihVYScMpVo33DjXghJ5Q6RB4Woxr
  Recipient associated token account: 3uxk2fvHh4S48USAFFWKC4PBhzzZNByE1874zSRYFsKS
  Funding recipient: 3uxk2fvHh4S48USAFFWKC4PBhzzZNByE1874zSRYFsKS (0.00203928 SOL)

Signature: 3ocZ9EPeKLAr5UAjy6Q8w88MwnhoWqTUZukkf1jaXEeGay4ArwgRsTRUfPnyQRT8FbPUerdnxT1gHgZycdbZrcpD

Transfer 1 tokens
  Sender: AijR9UnUZAD8MQhveR3LRZKMGqb2CoZJxRCb1uY6XFzX
  Recipient: EMJ9WcNWL3edaz2zv6aJkf5V9A114PfoyVSNc6jDwTR6
  Recipient associated token account: 5QyHYfSZLP3SKpTzcnS7NwEBot7vL99f2JNAb8Ykp5PW
  Funding recipient: 5QyHYfSZLP3SKpTzcnS7NwEBot7vL99f2JNAb8Ykp5PW (0.00203928 SOL)

Signature: 55eRWvKfLzoEPNS177rcBnQmXCj5CyUffVBWvunctsuJfvWXH858PEftyPCNVwKCmJvQ8k2QDqsntcBSNFmBGGsR

Transfer 1 tokens
  Sender: 3sH4BJnMzVTDmoR1Fx23rrCYfrguFFBxR5E7sftKHLFu
  Recipient: 2CuutDofXRFes5z5r9iDrLhG5qRas9SgYjmhsoRcrYcA
  Recipient associated token account: 9zknoVRA2zZDcqrwBF8xGqoxogz7DJHLpug2X1q5hNJp
  Funding recipient: 9zknoVRA2zZDcqrwBF8xGqoxogz7DJHLpug2X1q5hNJp (0.00203928 SOL)

Signature: kuXv1jdYdTusJrhEHAvZPCGR9oVsS2AsrVxT8K1ttFSirqP8qQgKPTqvab8FqGWU7TBZJBujaZPauzp9ETs87Lb

Transfer 1 tokens
  Sender: 4y3p3EEJkyn23D8Dccw7kc8STx17CfjD55nWbASWDpM2
  Recipient: HZLexbjCQdvbshbM6ckVeqLzzA4JDmbv8sdwB3Cf4nCb
  Recipient associated token account: 8q7CHgdEpaJutnNAdZMdPErmZocJB2CeTu7659gnq9WL
  Funding recipient: 8q7CHgdEpaJutnNAdZMdPErmZocJB2CeTu7659gnq9WL (0.00203928 SOL)

Signature: 8Q2LxEBpLLFR8oiAmfyygB5iKb97c8aZZB7BeYqZDxwvQU3UMXgHTh7jRP1b8iWtJfa3aLqjptHGRG1P4TMwCkA

Transfer 1 tokens
  Sender: HBHcGPGudMzEDwD5fvaYVd8yeefJKHVQEB9N4hFkt5EJ
  Recipient: six9qRG8Rve5CSGkc4StmyaXJt3FPknyQLhbQRMpDF2
  Recipient associated token account: foQ5nvgNEbbweJDZKF6aoKN7xcR7GoHmmiLrecHMtwY
  Funding recipient: foQ5nvgNEbbweJDZKF6aoKN7xcR7GoHmmiLrecHMtwY (0.00203928 SOL)

Signature: 4UYNdGew7NiaUwMMdTF5Se4Qp9U8vU3XRo9uxA7C6Dgktn64jrA3CNMepPzK7HaNRzrZfoEgTAJtYc4YCj4QUHrd

Transfer 1 tokens
  Sender: 3MskD6a6xVjFdAry4eEkrQGA55vCEwWYaz4QwCy2zMhf
  Recipient: 65jX83FctUbhp4z7qf2kVmck3PTsVZHBjz4EaWyJ5Ff1
  Recipient associated token account: BpE8kNkVfn8mmzGF9Xp4nRsxWpgsMSMZC6yuXPLTvF2q
  Funding recipient: BpE8kNkVfn8mmzGF9Xp4nRsxWpgsMSMZC6yuXPLTvF2q (0.00203928 SOL)

Signature: DzG23KahxKCHFVsmJ59EcGxosJZep9bjS6s8zdJfvwGiYHf58nmKDKRypKKntWm7cy8Mv6LtiHafGqjQFwZ52Bz

Transfer 1 tokens
  Sender: 14ToAPVkMdfeKWKoHXonQXiT3QYSce3oTc8pj4DzRFjv
  Recipient: 9nF2vqusHupTTNgw3quL4f3jorvPdJ8VBPv3Uw1xt3Mv
  Recipient associated token account: AnLbUrG6BC5oJ4MufzBReCsyfridAwkoyxdUjD3PKSCZ
  Funding recipient: AnLbUrG6BC5oJ4MufzBReCsyfridAwkoyxdUjD3PKSCZ (0.00203928 SOL)

Signature: 3Nvk8qkYic2iitLS39AAAkFQ37zndh2LPBSBU3ZaSZv9gDqcSrNsVKcEe9LYuL2b7Y2XsF4y8fCHAyGskp29ZtRC

Transfer 1 tokens
  Sender: EAEmCaUHAiQaLhmgGmpD1oEKfc8exfML8enWF8xZab5L
  Recipient: DJqBpEZrZBnbTwSCxuRwsb91fpG534WmFeDJZyag4d53
  Recipient associated token account: CGyJYvdp2aNT5K3iSLyZArUe8d2bawdv1EowBp8fr7XE
  Funding recipient: CGyJYvdp2aNT5K3iSLyZArUe8d2bawdv1EowBp8fr7XE (0.00203928 SOL)

Signature: 67k7NM1VCaTfrkiGgDoyVstC5sB5vHpg2zUXTR2o6wQbLCUKVBHVYQJt6jxcR6YL1vbFM2qShTcrmnPCtCiSPPTk

Transfer 1 tokens
  Sender: J3g2mWFzgFTRGhBB8TY9yb8LRPkJfkhkM1qBPWWLU7MM
  Recipient: CscfVynGt6z23oaULLsRfukiJWRkSKKZzMvk5JFX5wgo
  Recipient associated token account: 2GRAECAL5vwuwpGJEeWD39X2RJLRKrQFQ6wyhxDRKzpM
  Funding recipient: 2GRAECAL5vwuwpGJEeWD39X2RJLRKrQFQ6wyhxDRKzpM (0.00203928 SOL)

Signature: 2LeLZqgh2hEvo1jc6MUrPXrPEiB661cBFWJ5pvwbiJ9eyfL9ptPRnAWrCQ7fJuYBX8UqW6fHdXp838hLPyvSBi5V

Transfer 1 tokens
  Sender: 7iZwRehQpurPmHGhKf452HsVziCXMNeg9ngn7nrYU8yb
  Recipient: 88XHNYEHYmmoz1b7Vg7WapXLpfFxawJBqi8cs5XaFmgi
  Recipient associated token account: 2Ldodm6rNzr4BrEy2vC3nTGVFHg6s6nQbANBg9eLGWR9
  Funding recipient: 2Ldodm6rNzr4BrEy2vC3nTGVFHg6s6nQbANBg9eLGWR9 (0.00203928 SOL)

Signature: 3xdcwewPLBFE4BGTgjQZcrupuYMDfaDYP3Sq8UZVq2PNmYojUcCRpavM85xQkyocX3tABAzExhyYxwdpRxshMhpU

Transfer 1 tokens
  Sender: 4FSwhGs9xNzE7v97Cc9pnCmaABKYLDmijJKnc1tEwWNd
  Recipient: 6tAbuy5FEAUAyZPdKymeMDExjnoFQQazfrxKqkY6SqNn
  Recipient associated token account: 7TQUnXyqZmYbV1T15mgFitcgF3WHPbZymmurLMRr1GR4
  Funding recipient: 7TQUnXyqZmYbV1T15mgFitcgF3WHPbZymmurLMRr1GR4 (0.00203928 SOL)

Signature: 24Pj8teFTLuwgpKZST7fyTxmiqpgnrp8WXB4hyC8AJP9iKptNbvP8U8Rm3FzFWYfvuuySQydKvDJhev6EEaynkcn

Transfer 1 tokens
  Sender: 99ZCrqQkTfEgQsCyY7mPdug1xurpnwxyQTNAkHjcxkoY
  Recipient: EiThKFhpnUSwA8uBpHePQNH9acpXny2Vv7eJmDEMqXoZ
  Recipient associated token account: HPwfUp4z3fUEDWchk1o7AD2MM96rLg1BZfD2fat6rxiU
  Funding recipient: HPwfUp4z3fUEDWchk1o7AD2MM96rLg1BZfD2fat6rxiU (0.00203928 SOL)

Signature: 4fUKmG3VcwyN6v54VwUXeKtCe3wxdYwSvXkZa6dNdEQQuTVeUy7aed593nn1oYuVCK762VuhguJashFXgD8nxzSS

Transfer 1 tokens
  Sender: 4TJK4ik3iWfpiho5TR5LVwmBaiJaRZWxdotQEPyzNZYt
  Recipient: AjdQkJ9wkEg7Y6bbmwMRPVSanHv4mzhzsgurmfd6EaGT
  Recipient associated token account: F6mq6bpEdUBnqMdyzgdc5AfhEssWXM2KnyKxMWqKERJ
  Funding recipient: F6mq6bpEdUBnqMdyzgdc5AfhEssWXM2KnyKxMWqKERJ (0.00203928 SOL)

Signature: 5qSuDMVTSinDhwEWpEScfBSiM6yoZhMYgR6Y3hDS7PdoRp65bCLh2Jmno4MABPf59Q5tDaZSCYHUknq5zgPpsGKX

Transfer 1 tokens
  Sender: 7NTJgs9wE8dbiZ43hk2qVR5G7e4t57jR6utSXhhfJ3JA
  Recipient: EyJgdzad47ZKM7fVWe5UhKdszkUeDaEXmXypNXYixggw
  Recipient associated token account: 8ZrpxMMyU7o2SWoD17Zgdg9qGSb1eHpZgZBxU3Dq3TQy
  Funding recipient: 8ZrpxMMyU7o2SWoD17Zgdg9qGSb1eHpZgZBxU3Dq3TQy (0.00203928 SOL)

Signature: 2qmgaguk5VtM5mdecdNDS8DiFdmvk8Ag7oaeeRdjWjd9BFRD92pV4B9e6WyaSdpayXTKd3YPm3UW48GPwHuuDqtS

Transfer 1 tokens
  Sender: EcHotPGRx3ajG4SomEr2A8KbcgPki8PbhEUWYqiMFtb3
  Recipient: BjvjuS13q1R26N91RNxTg9vmUbAM7huCwg6V5rU7qev4
  Recipient associated token account: CWFSTiMdGipiV9keQZDEYtK6F4SV8t5kWTwddngnvBSh
  Funding recipient: CWFSTiMdGipiV9keQZDEYtK6F4SV8t5kWTwddngnvBSh (0.00203928 SOL)

Signature: 2SgDdMV9vPGUeY5cjqfBGfnrNGTv5tNzfvSjh3Ap5p15b9xeJFbNcSFapnS9fybwvsLhnMEBDmGkYdeJk4Z7NPza

Transfer 1 tokens
  Sender: H5EZhJcQvLCgijaXiLtpJpAXt9egHmWz3b8mJs5Fgxw2
  Recipient: 3EtRwc7takUSxcc7RdKSz9YE6KdiwfXW7hasj3yN5gos
  Recipient associated token account: 7xmMViPJTk477a1yfk5t5ns1BL8NcPHuLDrM3gxP44KQ
  Funding recipient: 7xmMViPJTk477a1yfk5t5ns1BL8NcPHuLDrM3gxP44KQ (0.00203928 SOL)

Signature: 2w8VoCgabALzMpCZwmMa1GWRNgWktuB7S1CYxwkPQZRg2bzYHYGEDDxdtqxm5j2pW49jQXeVwuDw3EyAhTDSS32L

Transfer 1 tokens
  Sender: HsjYzZzy7b83gCzjbyEKWJ9wvpR1bj6NGjCRoeCe53vn
  Recipient: 97xAKp8FjyXkiYqTtYWN9ArD7KxTevzaCAo7VCcwLAsK
  Recipient associated token account: 6bXHYdRTMFEDKGv18ZunL2Dcz8wff4sEJWoNF7PP6xs8
  Funding recipient: 6bXHYdRTMFEDKGv18ZunL2Dcz8wff4sEJWoNF7PP6xs8 (0.00203928 SOL)

Signature: 4AoT5ZT4iBLy4Tv42GQPR95GrTyrY3EZ37mADxtqzrqgx4iJ1g2eiKSsT41WQAfqb4NNPH3bJj3gQMUwfB1aV9Ja

Transfer 1 tokens
  Sender: 42M4JGXnzTtKYHHBqrs5kZTwFisskct5vTrdPonY4UiZ
  Recipient: BgDvK87FXkH8mS1j1YQNaBcpJpph2asbw9EFcbLD6cS2
  Recipient associated token account: ATE94iP6F3EZEaUCEEiJhXJUwcVgZ5nXJrkQofBKjPGF
  Funding recipient: ATE94iP6F3EZEaUCEEiJhXJUwcVgZ5nXJrkQofBKjPGF (0.00203928 SOL)

Signature: 4vFpC6oe5P2yomvMxYmfdUNzpaXeWyNjDQb6mbuYdcSusKcMopGLznvRfCVoumfmB78tubo9JoCtAUwjYmawdLAp

Transfer 1 tokens
  Sender: 6grKQUE5Aq2eaJY4vF8fAkwuSJ12KDzU9u1B7rZNRRQ6
  Recipient: FLiGbsPCmjyjQXNJnY9SxQ8n9ZY7LLiero6YpuDB4CUf
  Recipient associated token account: 3Ri6Lf7UdBM9jue8auCzaTmzJ7WxnPXtU7GTacPjSPx5
  Funding recipient: 3Ri6Lf7UdBM9jue8auCzaTmzJ7WxnPXtU7GTacPjSPx5 (0.00203928 SOL)

Signature: 5TWwNjhrP86WWVcg3jcG7Vb2mmHjywP2gC5ubGPsjG88KsFDvgYC1yThXeiECJ99UVPbuXrSsXNkWAmMjWjSyQJZ

Transfer 1 tokens
  Sender: 398hscriS1WS6aaoUQc6H7Fqv8qKihH4Yd2Wm1FNFCkw
  Recipient: CyTPxTyxcYK1VJ7NvZKGL95mkkjkxedkPZSjW7r7LeHC
  Recipient associated token account: 56BzQikA6YWFgGgu6FCDDhEG5jzB39A1icPz8XQxy6CW
  Funding recipient: 56BzQikA6YWFgGgu6FCDDhEG5jzB39A1icPz8XQxy6CW (0.00203928 SOL)

Signature: 22JuZSgE5kF9P3865mTinMsFxfrTY2KZTAREkhwt368TYQ3ksApb61a2VX6MzZGkwCj9z2L6ZDmxawZNgyTsBX2h

Transfer 1 tokens
  Sender: EfAC7oeZATnifny9T5Y275D38cAXSfFTGR5v1PafD58u
  Recipient: 7uPi6DYjLyBRAMtuyk442gnq6pXMppuxSkj4AiP25MW1
  Recipient associated token account: Gy83rtwzJePXJxVgaDnhGPdJpkaaPVC9nyG5REGS1yg2
  Funding recipient: Gy83rtwzJePXJxVgaDnhGPdJpkaaPVC9nyG5REGS1yg2 (0.00203928 SOL)

Signature: 3yVrQeeJL8iEJUw4Gksq8MwZvubgByWfbj1sP884zdoCn966mTcjXgGdhk2k7GY3WUtSW99heJcA5eU1SdGFPrNk

Transfer 1 tokens
  Sender: 3Z3Wm9vpVtvYKN9ip3eaT5EUYs6sjsdx5YKUjbaLtNdY
  Recipient: BGCgw3TEQBD1dT6sUeXSkiqPq81jL1skvTu6sGo6LDNH
  Recipient associated token account: 4eE2v5d9iE21s77X9fN3XQcrugdz1f4gMJPJHUFEXq6v
  Funding recipient: 4eE2v5d9iE21s77X9fN3XQcrugdz1f4gMJPJHUFEXq6v (0.00203928 SOL)

Signature: 2GuPHCmNPdAwVUhNtEfCbbi8dtoKdHbMTuzaMKKgkgYXQQ97yTriJU9AtnTaZMyWVZ6upD8h5EsfDbUqL2yXemLW

Transfer 1 tokens
  Sender: 7Q56jmKYpo9wMN2uHWnWaDSaCFLM5tk13KF25dtjBcMq
  Recipient: 5UBiv17A3vDiU5LuyvZznC6votZSCU5wL3vdneAKc4RY
  Recipient associated token account: 793K475rHAcyy1Rgb69ryDqfXdVASPhVkEvYfJRwfjei
  Funding recipient: 793K475rHAcyy1Rgb69ryDqfXdVASPhVkEvYfJRwfjei (0.00203928 SOL)

Signature: 3Ft9FjjDocZoGMYmLpu2d34DfEqBfxem5ZdjcfMkiSrs21otCcGsvGyKxTADLBFyC9MqrMxmcADP6mq6HUqUKykb

Transfer 1 tokens
  Sender: H6ZBJMGME5udQ7i8cGkd1GcX8r6fJCGYVsXqj1vkMCVr
  Recipient: C3e1XpzZy8TnGxYqeoQcgJQxR5f32n8bL3YqrfgWFCzX
  Recipient associated token account: 2EbQnJFZhmCUQNK9d3DszU9dJtwc1yrs36udonjDiDar
  Funding recipient: 2EbQnJFZhmCUQNK9d3DszU9dJtwc1yrs36udonjDiDar (0.00203928 SOL)

Signature: 3Mm4h54pczY2jeRN7MdT2kSqbqhiMfgxDEXFs9fnZQayccKC28PsZ53NxWjzziVE7F8PXLys7yFkTb583jHHNBg1

Transfer 1 tokens
  Sender: AhPpCcYY5LpGeZpLnXWocABwDC7XpFojLvy92kjU4Vz9
  Recipient: 4pUQS4Jo2dsfWzt3VgHXy3H6RYnEDd11oWPiaM2rdAPw
  Recipient associated token account: 9QJbGx7Ln3fzyyEW4rcJD3HZDpkFFoLicjryQocbjkLp
  Funding recipient: 9QJbGx7Ln3fzyyEW4rcJD3HZDpkFFoLicjryQocbjkLp (0.00203928 SOL)

Signature: 5kdi6A4xTG2ZVDTn5tjADRWRXWoYQaSwRwXx8gqA2C3CtmfXBM8mqskMGa5zNiFMVNTNAuqs6vm1MHManM335EfJ

Transfer 1 tokens
  Sender: 6QzX6n98jvgmcG8Yk6xf33yqFopDa5LhnBxToqE2pGrc
  Recipient: 9x5kW2UTuJ5jNQW31WxbVAaWn5jRfNUJUq7SKCR9pQam
  Recipient associated token account: CtwX9jHULpY79i6dDYurykeahVd3U6rh4cFRhBsoBX3o
  Funding recipient: CtwX9jHULpY79i6dDYurykeahVd3U6rh4cFRhBsoBX3o (0.00203928 SOL)

Signature: 63xLdZGWujadFf2NWE8wEBuDAKMG8KgQVaEygwMqpjvFR5An3j6UZdYEnoFnxEkx2GGeCDyKQQJ18L1rkCYExfjb

Transfer 1 tokens
  Sender: 4izHSP7W4SMUPML6DkvDFdxnVzK7USZ7HT1vRNGg2f4n
  Recipient: HNyvVfCcNtogL4Gq93zwZ3oFdRo7vrUqdFEwo3RqpDxS
  Recipient associated token account: 3vHTs3LiH49t8eeyNpYbbVvTYvRdMLs9ZaKv66LVH3RV
  Funding recipient: 3vHTs3LiH49t8eeyNpYbbVvTYvRdMLs9ZaKv66LVH3RV (0.00203928 SOL)

Signature: 3C6uSfT6dA6rRs9SpZCe3GrbzzThm82rsvRjAJtiwV55og19taPUr3d3nKhYAapo6EZUazb7fs3sJRAFeGB5prh1

Transfer 1 tokens
  Sender: 3UqHxZhzdutTtnXjqoYv4j8zv5BEtQFLxehYN1ytK39X
  Recipient: EkrPmifHXbGk7PLeReSgGieStGYrU1KJQudkdvVkFgFD
  Recipient associated token account: J6saH3DF7EZcZzwFACTCVvscKVRYNfaVL3DCNJv5s9Ej
  Funding recipient: J6saH3DF7EZcZzwFACTCVvscKVRYNfaVL3DCNJv5s9Ej (0.00203928 SOL)

Signature: 2dA47LWFjbsStE3zcg7MndEpUnwFz67VzmMXQN2P3ehkWzp5tA9BimdWDmNMTVwaLXeo4LNtCp2LLDKCWhTRoz7t

Transfer 1 tokens
  Sender: F9VuPNjYHPUTBGo834y19EypYbCVhZenAjG5vb9gWzBj
  Recipient: CzBuPFMJQbPLw6k3B7z7KNBwMWfJZZKTFBYZLhYB27N1
  Recipient associated token account: H2kLmTsazH4au3DdEFcwxF12zDKggMhenVS7Mz5dnNVF
  Funding recipient: H2kLmTsazH4au3DdEFcwxF12zDKggMhenVS7Mz5dnNVF (0.00203928 SOL)

Signature: 4cw6KqzTPCd5FApbpCSpcJdG9tZJPGwN85wmXTgJKEP4FjYwdUiBP1LCCGdceRGGxYBqqUNtktrJWp5HUn68srzK

Transfer 1 tokens
  Sender: 9RJn4CjQcLEQCpL8ZfcmidHirs2MdmhoFK2k5vHB5pK9
  Recipient: 4pUQS4Jo2dsfWzt3VgHXy3H6RYnEDd11oWPiaM2rdAPw
  Recipient associated token account: HEBrVxC5u8zcwH66XvDkdgtZfiqPbGQBPiLth7P4VYzK
  Funding recipient: HEBrVxC5u8zcwH66XvDkdgtZfiqPbGQBPiLth7P4VYzK (0.00203928 SOL)

Signature: 3kuKda7jtH5gcWv1mh16Q1VxE4xyg6drki19kmfv8N33Wde3JnL4V3xSseq21mq7Dhn7BshcZzGBpwpscCw38E5D

Transfer 1 tokens
  Sender: D95i1r9LDAYnyx94G9nH8smXARnF521K8UkvRo17WDyP
  Recipient: CTtJFNvW19R6AooPD7A8i27gCUc5J3RrzbPd8rZ65Yo8
  Recipient associated token account: 6rZqtNxKrCxv21Y1KjEf6CMPkZwGRpG1DTK7fhGgxpeD
  Funding recipient: 6rZqtNxKrCxv21Y1KjEf6CMPkZwGRpG1DTK7fhGgxpeD (0.00203928 SOL)
Transfer 1 tokens
  Sender: G1jpvNdyTx2yTAG2dNE494CNS8BWnvYVnBf7L5Ru7QPa
  Recipient: FGeQoJHQuKTAx3h8PkZFsBjWUcG2yZ7DcArpFuKkejbg
  Recipient associated token account: 3hM1STUcvE1o9p6EVGoTGGxk7A7WDZJFTTsegB9DWkyH
  Funding recipient: 3hM1STUcvE1o9p6EVGoTGGxk7A7WDZJFTTsegB9DWkyH (0.00203928 SOL)

Signature: 3VmGkq1ZurjLSyjnH7ykZxuefiaHrMmxrjfu6EJHYrmiMcdeEk6YfQJoZxUeToKRNYXhK1fL6M3fetVcAKKZwjZm

Transfer 1 tokens
  Sender: ED94CjL6LS9TAWykn7Z7uVD2e7yANwGqhvDVFT8xdHR2
  Recipient: 8LzZbttr2vr2sD9P3ResFfzcdzr6AtWySLQUBatcTTFh
  Recipient associated token account: DxUKU8Z6m18V8d9cyVKRocWFumQvCNYti8VCEbXyDYYR
  Funding recipient: DxUKU8Z6m18V8d9cyVKRocWFumQvCNYti8VCEbXyDYYR (0.00203928 SOL)

Signature: 2SMzk7bkG8RMzz94YVGkqpci4YTLowi5t8kBTJBNc7jS457zETLfQsuAUqbicPUGyvRUT2KsYji9gGfZ2z3676qy

Transfer 1 tokens
  Sender: 5S3UzP2kD3NjDpZN86W3kaHiopxhCED4pmxJKRAnoYnb
  Recipient: 63X9KHuZ7oZjV5CvcJ1qgMP83EckJ9Nyz1VESTfBx3My
  Recipient associated token account: FN6GzkfRzQKuqCehw9R9oU5vkQothk7zcs1vVYp4nahE
  Funding recipient: FN6GzkfRzQKuqCehw9R9oU5vkQothk7zcs1vVYp4nahE (0.00203928 SOL)

Signature: 2h7jHtbc9MprMFTsmc4shT82P8GZ6va7kmbVwkQJ3LZVG4igyqERpXmMkdMTpE2nJR2eHGJAhRd6AWNpS8mAsjt

Transfer 1 tokens
  Sender: 73Xu9J9WLWnJkT2hH9cpt7b5mbqUDcYcWA5y79DUWv4h
  Recipient: CyJeFnjtSnVL7E8ATZYYoedHeDWhT3J4odR8fM1hWr5M
  Recipient associated token account: D1Fsm2Dxj2oMB8KX69dH4LFR2ZUf6Yn8nMUXRecNCvzV
  Funding recipient: D1Fsm2Dxj2oMB8KX69dH4LFR2ZUf6Yn8nMUXRecNCvzV (0.00203928 SOL)

Signature: 2YndkCcxmvyENp7oJfJ4ukjPPN7bkRCpNBPgbDKDoczevw5dEeHkUuMtWQeVMaEEPCB79TJTGjSXfTRbMogH2KoG

Transfer 1 tokens
  Sender: 54xTgdJALLmvamQnW5jEzxqxAShjK6gbfVrKwU7eNKG1
  Recipient: 6nkB3eiykLd3PPxV7WUTETQxwms67vCDgDWKDQX2dPYN
  Recipient associated token account: 5ch8TzYAhLYij6V3tbo5w8kmX2wy29fyoU955h25zqfm
  Funding recipient: 5ch8TzYAhLYij6V3tbo5w8kmX2wy29fyoU955h25zqfm (0.00203928 SOL)

Signature: 3NtaKsWDBrArbh4oVcV8JTHFo53uk93AaCDd8xRhosxU1UpGTZevkPMoaRXRBv9FgTjTEkhdwZKX78uN4gfYpkCt

Transfer 1 tokens
  Sender: 3Hmf1JwLAw1X5deGsxtVFGqqvgGjNVnSNP5rwGk12XEf
  Recipient: 9t5Tp3AM2JEEcLBRAg7CoRu57u8i6AmogjES1YQ9e1eh
  Recipient associated token account: 8t2AAp9fRmgxYMSb7UAfu4hjKh8tZYwLKt8RViMc98Ku
  Funding recipient: 8t2AAp9fRmgxYMSb7UAfu4hjKh8tZYwLKt8RViMc98Ku (0.00203928 SOL)

Signature: 2tKfdpZq4ykfUan7HMoSM4T1pwcG99YzcGKmS4vbXZDC9VFmCnALhdjXbVKVPrzKaC6icmnzfQFM6SRwFEG3p5VD

Transfer 1 tokens
  Sender: CotJRxfoYuMtQEMGpjMekRLw5S3Hd618eTRPjPvwUxHV
  Recipient: 4pUQS4Jo2dsfWzt3VgHXy3H6RYnEDd11oWPiaM2rdAPw
  Recipient associated token account: 68Gmz2XXzByPXqz8oA8ntMKGaXdDvJfpsgFkgt844Wq2
  Funding recipient: 68Gmz2XXzByPXqz8oA8ntMKGaXdDvJfpsgFkgt844Wq2 (0.00203928 SOL)

Signature: 4c2r8jaU1AfvjqFJPaMsAb8rQrS5bKZwkpMHsJuk6nC431zovx7mP3Rq5zSJ2LSvhvMXEQuYC3jyHyi7WX3hnTjG

Transfer 1 tokens
  Sender: AZR7rsMt81j8PcrbzPwBSFaw8fgYvwWkBiMz77mHEgct
  Recipient: 28tLPjFZf4K4WCjiQPnveiWAapcB7xXrbySnmgWCNtST
  Recipient associated token account: 45pL5Ka8UNLuMgiKSiNzwd2FfWYLB6neYvsBuBzd595R
  Funding recipient: 45pL5Ka8UNLuMgiKSiNzwd2FfWYLB6neYvsBuBzd595R (0.00203928 SOL)

Signature: MxXhVZWXrqxgMda5JxsCc1kFjKWYb9a9PxVtsMTvqR919Lfb8suuSAPV3fk8MMuMpYksobjM4vhkBpWf2VumDa1

Transfer 1 tokens
  Sender: 8dyYyF2xNA4QL838kba7SkBafTj9FqbXRRb6LY2X3zKa
  Recipient: 4pUQS4Jo2dsfWzt3VgHXy3H6RYnEDd11oWPiaM2rdAPw
  Recipient associated token account: D9XjwLC3C7jNY61ByL1MjTK1vEh5US8Pv6Uh1es4ddye
  Funding recipient: D9XjwLC3C7jNY61ByL1MjTK1vEh5US8Pv6Uh1es4ddye (0.00203928 SOL)

Signature: 2a6rnmU5Qj2r4JjUo5YPFwfUzc88bvPHZFY8VjqdQ3spR9ScnGB3oRwo9N1gAt7npE8PfHuJQoDHBy8dZMfFQdtt

Transfer 1 tokens
  Sender: 9NNzRPxFjRnSBAMjPCL5cbKHQpeJa4a6bzk43cymp5DW
  Recipient: GBvdzrFqehuHNLc4NvRUQhgVnKjfF5Q2fi2LrBDYivpe
  Recipient associated token account: HTbyQ9vwxE9ZQuXnrJ6xW9uwb4hr5GBNEWqXCk111qS6
  Funding recipient: HTbyQ9vwxE9ZQuXnrJ6xW9uwb4hr5GBNEWqXCk111qS6 (0.00203928 SOL)

Signature: 4LkayGppbmbp8w5iYrSW1zGEMM7mVJ2x8kPVMCqUZPZFi37tVnJWxUb6JEnitmLWvQ3WPDHEHxBUiryWZE1ZaGss

Transfer 1 tokens
  Sender: DNVD4SQcAvSCjgdvfWFzH3VFPgFRkLhbJSNbVfJubTR3
  Recipient: 9EEeXJSGySHbCGYvwE9xn6fZ37iav6SHaAKorkS8qmX1
  Recipient associated token account: HcQki8KRAzjGS8sG9H2zAtnwqbtdD1bZ6FZ3hgy78nhM
  Funding recipient: HcQki8KRAzjGS8sG9H2zAtnwqbtdD1bZ6FZ3hgy78nhM (0.00203928 SOL)

Signature: 3N4PWzenTB5xcxuBwf6zJwZb4TwCLovgv12dAvahS4qx7XqQgA2SXt5c9TArCdVC6CYxnfkrbMx5YVxx7cEmVGJE

Transfer 1 tokens
  Sender: HUVjQnnusAuaVbyRGZGNJFQBWErgFs7bd3WL8LTpnYJ
  Recipient: XFGVjd4PJp8km9qQgtmLQV7N5dCSum9KxRrPhdRQzZ2
  Recipient associated token account: 6toh8VPfijxRGXf7HQMvtqDiGvGCLbVQ2UEh9rzDvHHa
  Funding recipient: 6toh8VPfijxRGXf7HQMvtqDiGvGCLbVQ2UEh9rzDvHHa (0.00203928 SOL)

Signature: 5MvGHmk87Az3AVdmXPLhcHn7W89AJ5YGm4HDmWj6y7EimdtuLE8UMhXPpFDQGUj6cmVuo3FnzpgKNZ31Xk7sCRFW

Transfer 1 tokens
  Sender: FaqRRcxm5zGyeWse59uRQei7NUjvuv412aXQWTu6LVCV
  Recipient: AsxYivuyVu6znDgnwenpLSLvkZDua4mGKxTvM2JgoeDU
  Recipient associated token account: HWxRawVHR9AMsQuVpFUk1Ueibm36nJa566rRHhmZ2v6Z
  Funding recipient: HWxRawVHR9AMsQuVpFUk1Ueibm36nJa566rRHhmZ2v6Z (0.00203928 SOL)

Signature: 5fGGT8xRYc1p9UvbTJgiTeWaSAbW2nTQMiTycDWy5pYSQkgWBcximhTmKeK2vMNo9bg2tdEXuSRswXc7rMVby4fa

Transfer 1 tokens
  Sender: Ce8Q895zhzjnEDV3aqGibmL9NTiNDNYZMexc84gCCfUz
  Recipient: 8dP7pF3UR7aRGrkgshVUjodLrjg1MQ4LrnKFqytrdan1
  Recipient associated token account: FRYoEDJiPKX7BhByYCBk2VcRzTfGNevRjEjSN6f8oSKp
  Funding recipient: FRYoEDJiPKX7BhByYCBk2VcRzTfGNevRjEjSN6f8oSKp (0.00203928 SOL)

Signature: 2UdD6uycHbVpLkPTHQu2PV6Pc25bqPynKkDuCK8pBukzdr289wMA2dZzNHcDaDJjPHSJDQvLCyyGiDJdJT9TymBu

Transfer 1 tokens
  Sender: D5VekFZ3wYH8BvWF8hQqMN1JR2F3qAL1msWfRogC1dBG
  Recipient: G4yn6VjDQoRRgqKVt1fp2uei3rFHWWKA5JwWPMM4eCgT
  Recipient associated token account: 5ZzCswfNoRZN8AAzEjFazKMRWMq7KsUHH3zxZJ8F1ps5
  Funding recipient: 5ZzCswfNoRZN8AAzEjFazKMRWMq7KsUHH3zxZJ8F1ps5 (0.00203928 SOL)

Signature: 3cwEycPR9E7YU5W6pFZ19fvKJLL7gCmGto7hGtw4b8erFbvpY1q6Gck91UbJzQM9j4Rv7BqEeC9kJmDXkSttVn3G

Transfer 1 tokens
  Sender: 8VJhqhAFyBMUuTs1ErxUHErjW7ArHuT2ejiTsNkZ5Vuc
  Recipient: 92JnT9ktvUSqU18U4NC5TAcNA2ASc3bwaCmaf2FXHUR8
  Recipient associated token account: BhDn3UMGjZ9yomhq6JomP3x8VqUfe5MZhW9qQmSuq1Tk
  Funding recipient: BhDn3UMGjZ9yomhq6JomP3x8VqUfe5MZhW9qQmSuq1Tk (0.00203928 SOL)

Signature: 5ZL2FYxE1GrpkqGNzNbtoBLm94pcUt2YmsTNnS1oQ9dxvMiuxnm358DioLiE5zeHkKVdtsqxj6kDYqq7Xvsw17BC

Transfer 1 tokens
  Sender: 4U1D5TMQxxXmNni9EShbjhdmSSYdU6RkxaQG95MkrApb
  Recipient: HCtzVd9MmEeZ49xQ7m5TEwjXboJJzyfn1X7Efjc2m1jq
  Recipient associated token account: 3NB9BnFe93i2hcLvS3n2SjcjNH7h1s8Soec1NNvHdf1r
  Funding recipient: 3NB9BnFe93i2hcLvS3n2SjcjNH7h1s8Soec1NNvHdf1r (0.00203928 SOL)

Signature: 3yQCFFgdh4f1EwUtHU8qqSMJkeBQ64o4ixsBZ4zJCNQp5421M44UqWSUaNypqCwpjzwYneygHUK7eHabKzcmjhXr

Transfer 1 tokens
  Sender: 54xTViumTnnMCnhjRMej6hZfjsnBbL9LZTPjsSL9ryu6
  Recipient: 6kgckbd91UZKk15SNxvE3ineG9BQMu7RTCPitS5rigAF
  Recipient associated token account: CakHaeFXw9m4YixG8pLMDF1u96EfABi6M1LsEWzc4PiB
  Funding recipient: CakHaeFXw9m4YixG8pLMDF1u96EfABi6M1LsEWzc4PiB (0.00203928 SOL)

Signature: 4xMd9Nt3wXnC61GxwdfiCj6ruirLJFtG5BbCdqd2ay26HUFxFZnEu8XSYgfRXyENf9uN4QWU6KcYs1JQpdZn1WRy

Transfer 1 tokens
  Sender: 91V1GjpM14d5YXhLRNsW74ZUQRtRCUtKuT9qTMdnEBaw
  Recipient: 4pUQS4Jo2dsfWzt3VgHXy3H6RYnEDd11oWPiaM2rdAPw
  Recipient associated token account: 7Fb3SPjSLovL8y1AchBJASiTn3pSN8gTXkBHyS1i9cut
  Funding recipient: 7Fb3SPjSLovL8y1AchBJASiTn3pSN8gTXkBHyS1i9cut (0.00203928 SOL)

Signature: 4LvZ3WKtJE5wFdt4drSuiM5Ao4C21t2SsoQUkfPak1qnNzFTTJGLAMvBspCMknVHnJoVNEGoBD8t1raomct9GKPE

Transfer 1 tokens
  Sender: 3QDspKvZ9qzMXvQQ14jvFsbgJYkDqBkqt9TneLCaW3Ny
  Recipient: CNgwgXRXh6bkXkeErtJytGCx3esf5jtFvfEkR7USvDjs
  Recipient associated token account: GajYyXjSvrctBkTqx4rowYBaTy858uJ2oA9WtbCA6WgV
  Funding recipient: GajYyXjSvrctBkTqx4rowYBaTy858uJ2oA9WtbCA6WgV (0.00203928 SOL)

Signature: 2VbbbjPGJ2DMBJocJsU3HkZzP6D9AiD1mcMxXi9hppSQ5NcZvC82Q6xNm9tD2uiFiWDLXmh5TcRuaZck57MV7Bz7

Transfer 1 tokens
  Sender: DrcG7HqdjFwG9HjHG3rvfuQ31KQ5A5gGyyrZzkcTwFn1
  Recipient: B1ZV1ac6QYX6AAbKBnezBH4CaHzX5g4XwkzofNS4kXvv
  Recipient associated token account: GF89Lw5JagFBkjqTR5pWajM3CHyDkTUNALQ5wKA3y6ea
  Funding recipient: GF89Lw5JagFBkjqTR5pWajM3CHyDkTUNALQ5wKA3y6ea (0.00203928 SOL)

Signature: 3Hm6w8GZDFqiKtYZHHv8SL5fMVVTsreiTNLqZaToHJLLr2pWyBcvHPANeXcxkAmHkL3PeiNeHt5zYKx6atjULcNx

Transfer 1 tokens
  Sender: 3mqJz8T77b6gqT1wBJbS5sorky5wPFsZ1E39c7ZeZF5t
  Recipient: 51oET2dy4vCmZ1JMGYR9hbsvsLng1vcLD6z2AZp1uq1j
  Recipient associated token account: 649mJh2k9NLwW3jynT6HCH9evBeEgsjw4pEySJ3pzbW8
  Funding recipient: 649mJh2k9NLwW3jynT6HCH9evBeEgsjw4pEySJ3pzbW8 (0.00203928 SOL)

Signature: 3iNMmSDtYsV6qA1tRrDYByWdZzF7iiCi2KUuD9T9nAPHyzkDC2cr9TvT9CMaJkSWtCWVZKDJmLLbnbuEWErPF9qY

Transfer 1 tokens
  Sender: DS3vbKhDjxBesgpTdNTJiZnFsRpkCWpsrnuQzAosTc2w
  Recipient: 4aMSBRaCsa64CPQiruDrmESqTNXJzs7PLeaF7XWNVvL8
  Recipient associated token account: 3w98RqydgmQAUyGKY28ZYuTgNmKRDeR6ogRf8HHAia28
  Funding recipient: 3w98RqydgmQAUyGKY28ZYuTgNmKRDeR6ogRf8HHAia28 (0.00203928 SOL)

Signature: 5L4pVGvQiu1GTNTbXV7YuyKcX3uX2TauehEzEEGj5kE6fJu3cARmyCio9fSwmcfRi68XaKNbQKTGnvG152T2uBNj

Transfer 1 tokens
  Sender: 54FSw55SGV24Q27znfM9HoxeHQXMNYB15qLdTQaYtAeW
  Recipient: 51oET2dy4vCmZ1JMGYR9hbsvsLng1vcLD6z2AZp1uq1j
  Recipient associated token account: Cm3wLKsrEdDE679PPvJFommmopyK64cu1uzEkZKPnuqw
  Funding recipient: Cm3wLKsrEdDE679PPvJFommmopyK64cu1uzEkZKPnuqw (0.00203928 SOL)

Signature: 3VvjpDS2sRuxpMrdpYbwTY2eXxNFX2r2YX4QZL6id4je1PkBZEBFUwWpAfzd4fVCUcJRMLNtshmq6BFYDBPk6r2m

Transfer 1 tokens
  Sender: 6J1utbKoSj9e84Yj79aEU2yVucmU1Aiwg6HHMHd6Kg89
  Recipient: 8X2bbfKpevV9Bs3PYTmkfCn1FRsCcb4BDnSDKShRouZW
  Recipient associated token account: 7CQiycgdYshrQdg2wyg4DFoFW5RSQsP19wjAUJhiAWfj
  Funding recipient: 7CQiycgdYshrQdg2wyg4DFoFW5RSQsP19wjAUJhiAWfj (0.00203928 SOL)

Signature: 5667HjtBxEpB5zJ1ecq41jnQC48TioQD281jn4A9i8wszHhu7KjxVsgRVqigho96BKTcGbtH3EtL7phzXFyYbWrM

Transfer 1 tokens
  Sender: 7pNX7fHRZAqC5zgxgYFqNJTz9yrH5KcPSdSBp1xdKaSM
  Recipient: 8XoA4fSJWndhft79TCXFUUe6fKLZULK2CGFfBedhd5X1
  Recipient associated token account: 4VnpgRm1eXs9zqs4UA19ME4FgziacrbQLD2JcN78ppYY
  Funding recipient: 4VnpgRm1eXs9zqs4UA19ME4FgziacrbQLD2JcN78ppYY (0.00203928 SOL)

Signature: NNSZJCFgpikMDPsfZY8FywB3sMo7CdwaFEw6Zrf3qiiboNH2V9mJ6y4J4xA8dxhX8mJpgbaCEDB6dXe1GFL1P6Q

Transfer 1 tokens
  Sender: 4tQnvzuRDc4AHcGyPD4PsqpPJ762GLd5g7TL2EWzeQxF
  Recipient: 6CfjjT5Cyy2RNgn3wiGSuU1Q2VhrvHo9DxbMPwotzeUo
  Recipient associated token account: Hsf9nFK2MLQCP3wFP3bPEVbiGg8bC6JfnmpWPPAfVoQV
  Funding recipient: Hsf9nFK2MLQCP3wFP3bPEVbiGg8bC6JfnmpWPPAfVoQV (0.00203928 SOL)

Signature: 2PPiszBcw9P2iPS4F2jW4SxPrkPe7SEHfoZu9Lz7HcdrzTdZHcpUno3yxjyv9UxsTLvMj7Q4vgPggzPX1LzgD4gG

Transfer 1 tokens
  Sender: 3DSCNmjkZCUsuv9a2GcQX9dS5bP9m6w9hY1f4bBeuPhm
  Recipient: 6ajSxtGmW8fw2Eok5tgZBJ2zdB8FTmffTb1gzYuB8tDp
  Recipient associated token account: 24riGv1s2ugXb4FbanK7iQwAguU3U4Pagg8TCd7qxydD
  Funding recipient: 24riGv1s2ugXb4FbanK7iQwAguU3U4Pagg8TCd7qxydD (0.00203928 SOL)

Signature: 2SJKpv9YtukjcTa1nN9UVdaFoN9GW62ZU6zbvfrxCwm1FoyQELZTHjSMuDrzV6aQzy7xNLN2DZhjj3Nzaicyhdt6

Transfer 1 tokens
  Sender: 57HaqoFMsDzaT8WJr97732hVtCkBtWozbQk4xJvN6JBx
  Recipient: 5tCqPe7XNWSNy8aNLbBcqaf5i28RuEH8onsCHsUsvYmn
  Recipient associated token account: H7TM35FNM9SV6gHEGbWkrARtLYwSPa12Mcw8o2C7SwFU
  Funding recipient: H7TM35FNM9SV6gHEGbWkrARtLYwSPa12Mcw8o2C7SwFU (0.00203928 SOL)

Signature: 3qZb7cQM7o6Q161nWttmUpZR578QCw8SFvjqS4tGUkCnZF8L84bns62uTg1DLaLqziyu1g755usgggJkXEkAwHWG

Transfer 1 tokens
  Sender: 3AhEUa5uxoPqtPaLfRPGg3CLeK3RDmAKQTBubAezTFfF
  Recipient: CDLQdm5Y6N9z75vEBv9Tyhguic9gFhJUV7nB3jnJNxAm
  Recipient associated token account: C5CQtSLqQbzGTGx15Fuo2W2eZDXZ2rMwd3Y6KQSPjDz1
  Funding recipient: C5CQtSLqQbzGTGx15Fuo2W2eZDXZ2rMwd3Y6KQSPjDz1 (0.00203928 SOL)

Signature: 2TYF6LUNULK6puJbbh5k1bnhLt5NDbUshcLBb4yit2tWYFk1XxGpvUSkGmJsYr85iAFS5metBoAX5xEisHJu3c56

Transfer 1 tokens
  Sender: 6kNVW2Cn3jUUoFCkNekop8ehyC9NaNbVoB8pPybuwCMm
  Recipient: CpaCG9J4BQWVcXwDsm73pQUtbCUAR15aSG3HxuxxVYqh
  Recipient associated token account: 4uNH7csbXBKuFW2p6sf9ABxQTvmgtxd5YBm74kEDx5bZ
  Funding recipient: 4uNH7csbXBKuFW2p6sf9ABxQTvmgtxd5YBm74kEDx5bZ (0.00203928 SOL)

Signature: 3XJiec2cJ4jV86LWj58qVWSURX2iQPgzFXRmuXRKEAQidjy8rKeP8dibjGna4kYhAjXFdaqMZhmgpYpRo3ep1coW

Transfer 1 tokens
  Sender: A9uLUxeTtJxXMmLcK7QBP44bdutMbAbPcuHxhZoa7Xqy
  Recipient: Pww1ohVqQrmaHKPeYwaVT5pxhQxJex3vhM4M5ocsLUu
  Recipient associated token account: HkP1XP1dnRZuvsDeLW1zhcin6noFE6iNTwkCj3neCsK7
  Funding recipient: HkP1XP1dnRZuvsDeLW1zhcin6noFE6iNTwkCj3neCsK7 (0.00203928 SOL)

Signature: Nbw1qExEvT4Le9k62W3EEkRS7rfGd4oEewj2GArDBKWS2g5xsJDTsGeSE4UjLcxCNmVZN1hGMUhetUU7pcvsNFg

Transfer 1 tokens
  Sender: 9qdgDPWuJBRsQnziXZBMgv95HWQASM3hLXqEgHHNsvw2
  Recipient: crpQUfqtr42Y1W5LgZjvjVnEo2nsmXhSuZ1EyomFCDj
  Recipient associated token account: Ces9aX69UiynS4Gjzd67newDXvR7oae1PH9LkNv8zdoP
  Funding recipient: Ces9aX69UiynS4Gjzd67newDXvR7oae1PH9LkNv8zdoP (0.00203928 SOL)

Signature: 33Q9NC5Nzmxuy1P6EJ5oGzQopoZeR1LnaVZ64qxpZzGcwGkg9Jm45L8PQ8gefKjFKbrAVnhox43LJcaJfAm57Edc

Transfer 1 tokens
  Sender: 6B8zrYgf2zpJv3YzaPaUVekTdTudNcwQrZyV4h6gcPGm
  Recipient: 7srUnsGigLyApFwxw3MgNawzDrEkDYpjZtoQvBi6ayeU
  Recipient associated token account: B8joAzrCy6UPNeDaSodJnEeQ49XbKDsXZsLovauKeR6x
  Funding recipient: B8joAzrCy6UPNeDaSodJnEeQ49XbKDsXZsLovauKeR6x (0.00203928 SOL)

Signature: 2mmaUoDsbyTBHu4fVoiMVPZYMUJkBBZDVpRR3qJPHSArnGYFtK9BxNdH3rtobHmqRYnmNoRTSwZvUjoyfRbHTwK7

Transfer 1 tokens
  Sender: GzAEdtWsVkFKJv28Zz7EwaZU6yjibKSZ9fPLBdwo7Gcn
  Recipient: FpSrQMhnYa8YRnEQqKstyi8DYsMvET71CPfnmJkBSSP5
  Recipient associated token account: C5GokaW25AnSkqpVmP64UdRWbbxNxiRDgvoaYvFfYXHw
  Funding recipient: C5GokaW25AnSkqpVmP64UdRWbbxNxiRDgvoaYvFfYXHw (0.00203928 SOL)

Signature: 5yGbfg8XZEAYQFsChB9hRuGVSV2GMeyotiBAkWHJcz3uZLVL9bSzSVUWLL3X9VFk2jaGLMQLC1ZC9a9UJ9YxsRec

Transfer 1 tokens
  Sender: AiH5WKPCRD3ooK5pMxPGwbfRo3Ya8hfiWhykdykWy1rH
  Recipient: CZbmLXFpJGzNabQQdsHQ3KWMkA44BFGrdVvvSxWA5RwQ
  Recipient associated token account: AWBAe4ZU2wWMLWpETqYYyc8VvkjWVdQRpdJqe5HURUqY
  Funding recipient: AWBAe4ZU2wWMLWpETqYYyc8VvkjWVdQRpdJqe5HURUqY (0.00203928 SOL)

Signature: 3zj1TYcKugZP6jwtF5wVYvnZAHMNj2ZZixszKVSCyP6hEjM55Zh7GM8kEy3KexuXEupsE5JFMbN9o6pQhyfDLvU6

Transfer 1 tokens
  Sender: BoQED5386g1SPhnmmbZ54qp1M4d9fj1dK2MTuMuK61hC
  Recipient: HxRq4gm6JPL7w2pzRfiyam8RPPKi9FGvVPNhr8CmJwXh
  Recipient associated token account: 5s8Aj5KovLJfQTwYg71UPacgnGUgS1aeFdTNmiwgjfPg
  Funding recipient: 5s8Aj5KovLJfQTwYg71UPacgnGUgS1aeFdTNmiwgjfPg (0.00203928 SOL)

Signature: 2yAyf4VKSL8X7FzDRLTEogeAcpMLRpESqJNvU6Wa3FVdXTtKzkEaU7oYQA26S7BMM6MZPH9ysTJhEMBzTkbu7yNz

Transfer 1 tokens
  Sender: qr5nLPsECsusAkrUj1H81aX5WbY7tA8PPqQXDffEzZa
  Recipient: 32CM5Rzf7TxcvByMTsb1E9UvDPXUrimLwkGaPu1sqRbF
  Recipient associated token account: C7A1f9tmRhWNyELLcsQVZGavHMmz57bSmnTfRXczb82M
  Funding recipient: C7A1f9tmRhWNyELLcsQVZGavHMmz57bSmnTfRXczb82M (0.00203928 SOL)

Signature: YvUxaDtcEuzVH3e2G3k64LpbjkD7pqTXRJHArcsp2T6MVquKj69E4BZZ6Kk59BUHS236RsgFVsKQjWMnnG7vUa2

Transfer 1 tokens
  Sender: AF3shuShEJpu2WTKktkB9uyhZaJNTFV9ETB6CqsrEozD
  Recipient: 4dYe8NDUKCJir7hYoFSC2FCJwVa6uycEfyQZ7aYrCqih
  Recipient associated token account: Fz16i3WXhKrMLoVpahCDLtvn2chi5NfrG11AjhRAjA9N
  Funding recipient: Fz16i3WXhKrMLoVpahCDLtvn2chi5NfrG11AjhRAjA9N (0.00203928 SOL)

Signature: 3TWSwHhxgKWaqqnGCMDY1P1EN3QUkWmRoSHN1t44Y5fZ9CF8j4skZ9QAFRF4aXcq9skw6LfxviboUuDWyaBpHDG9

Transfer 1 tokens
  Sender: 2bpMgWVgD4QPa4exNkA7JjBvw4asLX31EX55aLk1mjA1
  Recipient: Fzo37iUDzeZES24cL1rRuCyP7V9xxseYbgFSqk4FotPX
  Recipient associated token account: 6Ycgv8Df7TpvYQT3kuuDw5iX3z2Xy2JQQ4PHvy2svMd7
  Funding recipient: 6Ycgv8Df7TpvYQT3kuuDw5iX3z2Xy2JQQ4PHvy2svMd7 (0.00203928 SOL)

Signature: 3MSTwRWzCit7CdJb2dop9sQU6JvLXJLksz3mni58AF2dkfJqCDPnt9dhZPRe9VKbwjcBysQ6wDcNfdXLg5yktjcD

