Transfer 1 tokens
  Sender: 7kRNYHHLU6eiHkDGWYYkJFtBmQXNcappFjVTb7TkPR1m
  Recipient: EiThKFhpnUSwA8uBpHePQNH9acpXny2Vv7eJmDEMqXoZ
  Recipient associated token account: DCBgeMW52tRyqJ538ad5LjKsXLjnVMwPMjvuYGoNAd95
  Funding recipient: DCBgeMW52tRyqJ538ad5LjKsXLjnVMwPMjvuYGoNAd95 (0.00203928 SOL)

Signature: 5bPtrBtNGWGsSjt3kQ75hCMSR2dV7UghJwrU694S79Z5vPz3UuE6pnXJqMPs24FgT8RiVAniFWhV5VkcRYC3RNE

Transfer 1 tokens
  Sender: GfTitT89uNzN726YoZVRhfTCkp1C5EKopr3dj6Xq1Ajw
  Recipient: AjdQkJ9wkEg7Y6bbmwMRPVSanHv4mzhzsgurmfd6EaGT
  Recipient associated token account: 9hrVoaHj4gnXaykwreHZorTC9TFUex1FhVHBYLMQo9os
  Funding recipient: 9hrVoaHj4gnXaykwreHZorTC9TFUex1FhVHBYLMQo9os (0.00203928 SOL)

Signature: 5k7y5REe2xjqTm95bgmeh4vqz2ccS1ifDhncLPSrzxoVVinGkx3dvzmfywLz9YXVbd9ZSRmwpAKSAbJkR968qs5E

Transfer 1 tokens
  Sender: 7wo9kY4VjcrXSSt7b78kUHv8TGKoQ4nx2sY3ZucaXiV4
  Recipient: EyJgdzad47ZKM7fVWe5UhKdszkUeDaEXmXypNXYixggw
  Recipient associated token account: BdukRGoZphR8upkGypgGmj1KYG6qib2daY2zp7f6zhF
  Funding recipient: BdukRGoZphR8upkGypgGmj1KYG6qib2daY2zp7f6zhF (0.00203928 SOL)

Signature: 4bxxUi4fZVLEV3tQrfYs7iXswjCg4FKnPUnUeGjt4AUmKqxUzyPvSJJKswBhjK3TCpjajT8uyEdMoQKbuGhJVWtq

Transfer 1 tokens
  Sender: 9qvKVUCfxb23M4JpMyUrp4aQ3rFYhrwRAAop5RG8SHvH
  Recipient: BjvjuS13q1R26N91RNxTg9vmUbAM7huCwg6V5rU7qev4
  Recipient associated token account: GM33jqMSJrQPboar2kRWvsKghqqcg2FsVtDMxYe1bEhs
  Funding recipient: GM33jqMSJrQPboar2kRWvsKghqqcg2FsVtDMxYe1bEhs (0.00203928 SOL)

Signature: 3zh6BvaZhGc6n6bz4NC55CDytN3FJHuVUKDD83d8BhUwK2AzMJY447axGyTntT88KoDbLxvaRnmFvKJhDbcLjxAW

Transfer 1 tokens
  Sender: 78Ah54MyG9GahhNAFR5Kdrx1KqqK8reffoCHfD1oSpfR
  Recipient: 3EtRwc7takUSxcc7RdKSz9YE6KdiwfXW7hasj3yN5gos
  Recipient associated token account: 8HG2hKLhukBtU5BAra4sQH3kWRkE7tfFKWABQjV4mv8Y
  Funding recipient: 8HG2hKLhukBtU5BAra4sQH3kWRkE7tfFKWABQjV4mv8Y (0.00203928 SOL)

Signature: 4Lrh9GKSuNqA1x31FpHuLTfag5KkEow6s3YjMBdVCRZrV1LhU4HNAarB7Vj3GHUBWKsgA39jihkf1SVM2yf1utVV

Transfer 1 tokens
  Sender: 5eTS7qRb6Vcp9YVFBS5DHYFHEZEJmE6TQBn3mT2Z4c3N
  Recipient: 97xAKp8FjyXkiYqTtYWN9ArD7KxTevzaCAo7VCcwLAsK
  Recipient associated token account: VX9bjTeXX9WruJfLiXt1TB32PW9oLmXrC9YyRQ2QY9C
  Funding recipient: VX9bjTeXX9WruJfLiXt1TB32PW9oLmXrC9YyRQ2QY9C (0.00203928 SOL)

Signature: NGMs8qjEGFTFxZVY2DAA2qWPXTumMypmbKtsJXSeNpSPSCVtSNmna7M3jw6uNAWbz4eTCL9vyXHgaoyWuaSCMXA

Transfer 1 tokens
  Sender: E8o4R2NpWKRJ7CeQT2UxZYG9TBSaRSQsvJ4gm2qY8bzd
  Recipient: BgDvK87FXkH8mS1j1YQNaBcpJpph2asbw9EFcbLD6cS2
  Recipient associated token account: 5znow27D53RYXi4qjANt5NRUUEw2YsBTtrqFH7xJbp6f
  Funding recipient: 5znow27D53RYXi4qjANt5NRUUEw2YsBTtrqFH7xJbp6f (0.00203928 SOL)

Signature: gnHoVC6kBGEi9yydMGEeJczePSc9MnppbPXy5SjfJG2TaqRqWK6XPXQznvrxUvutFxr6NJfkNpbEz8CSdp7M9Vn

Transfer 1 tokens
  Sender: 77rKJk4hmjk14D3pzzFqEqPkZBHTNzp3a294w8Qq1or9
  Recipient: FLiGbsPCmjyjQXNJnY9SxQ8n9ZY7LLiero6YpuDB4CUf
  Recipient associated token account: HmP7mFQkxtVWcoz7AG5QZaGuN9bcDV4gueosgHyQFgzX
  Funding recipient: HmP7mFQkxtVWcoz7AG5QZaGuN9bcDV4gueosgHyQFgzX (0.00203928 SOL)

Signature: 3tbomPSVRSviazKt3uBbaYsftagtnuRMmt1qTd7PmsrsEzq67zgfBmPfikRaxJAkaE4gtWFaVxRqg51yd4z3HgGg

Transfer 1 tokens
  Sender: 6ZaJbKmZ9zaLJWLeAZ6xFqfxwyGuUA3V3btGBPQmat2t
  Recipient: CyTPxTyxcYK1VJ7NvZKGL95mkkjkxedkPZSjW7r7LeHC
  Recipient associated token account: 7F4G3Qznu3A4otLGyAHp7BMZkAHEsYa5qAkpseN75hUg
  Funding recipient: 7F4G3Qznu3A4otLGyAHp7BMZkAHEsYa5qAkpseN75hUg (0.00203928 SOL)

Signature: 5P3NTpvNbPMGXR1QuJaeLf4zJwu5sMhUCmtQ3QtrhQBCC6Ka5onTh5ijT8rgZpzjpEtKRBnXqqVM47sCQzXrpgi

Transfer 1 tokens
  Sender: 6d4ipStQTibmUGTh6emUuKmvPYcBuavDxBuhgpQbY6Qr
  Recipient: 7uPi6DYjLyBRAMtuyk442gnq6pXMppuxSkj4AiP25MW1
  Recipient associated token account: CuxFJ6TMpD9t7S9efgYf5bi7P2pFkpjmRuHWM4zHC5XJ
  Funding recipient: CuxFJ6TMpD9t7S9efgYf5bi7P2pFkpjmRuHWM4zHC5XJ (0.00203928 SOL)

Signature: 2GD2TH19F1zYFhThpAAbEZ6quxyC2oUjBAWGznqyEQzmYUFUMpv3vfHknpnAmfUuSHeygRr7sMtCbuCLAx6Tte99

Transfer 1 tokens
  Sender: CETXknVfRqnaKQBJ1Y1kGJS9mMY87bVfBjyYSwoNzKiT
  Recipient: BGCgw3TEQBD1dT6sUeXSkiqPq81jL1skvTu6sGo6LDNH
  Recipient associated token account: Hx4ygNMQh2GK75cJ3tinpLJTsHvKJVestT7vtYqcuKso
  Funding recipient: Hx4ygNMQh2GK75cJ3tinpLJTsHvKJVestT7vtYqcuKso (0.00203928 SOL)

Signature: 4zVa4ZWKokdA4Qay2sPCcMGsqhfGpPpEX3r7q1GRAeyfTjdwcMCYW3grufMaBkyisp41BctjFyLTF35ZvQVj7yX7

Transfer 1 tokens
  Sender: ApnJL9erEN4g23h35y1NKkYNU9usjEQvFhURLKKeyh57
  Recipient: 5UBiv17A3vDiU5LuyvZznC6votZSCU5wL3vdneAKc4RY
  Recipient associated token account: 5CQTKoWmZooffN47wUDYSVGosWNJ11TftBHTfGKczipZ
  Funding recipient: 5CQTKoWmZooffN47wUDYSVGosWNJ11TftBHTfGKczipZ (0.00203928 SOL)

Signature: 5e5zSd3Ewrb6u1m2SEjF7hkUzwFULtAw2rSCgvCUy6AWE6pz9JLGpmFmuKHfrWxCgXubggKaQkXGmYgJ94TZQVxB

Transfer 1 tokens
  Sender: 85MhhauyN8HDEZZYWLR5V2KTmdC6Y7t82xteWtur4xMp
  Recipient: C3e1XpzZy8TnGxYqeoQcgJQxR5f32n8bL3YqrfgWFCzX
  Recipient associated token account: 33USSF9kS3jgqMnePgE6KemYoww5rG9LFN3dvQ9jRmLr
  Funding recipient: 33USSF9kS3jgqMnePgE6KemYoww5rG9LFN3dvQ9jRmLr (0.00203928 SOL)

Signature: 3AU3CqbKz8AESRDTvFCNRnLrwSpHWQeZNEPtzYDjtSLZf8mA9ajuDk1UcBiFmfU6EEY9bxhTigtCWaq8RpyTR6Px

Transfer 1 tokens
  Sender: Bm8ZSwEsDLRN936WuU9pSHfNbUWm3PdP1o1XytkjGcKy
  Recipient: 4pUQS4Jo2dsfWzt3VgHXy3H6RYnEDd11oWPiaM2rdAPw
  Recipient associated token account: Bf3JtuRzcUwLaobcr9pxguH9A38M2i6bPYk2k6k8Ah1n
  Funding recipient: Bf3JtuRzcUwLaobcr9pxguH9A38M2i6bPYk2k6k8Ah1n (0.00203928 SOL)

Signature: 62B5NWZJEwNmh9yWQLnpbsB9pWUZo3ABK2oFMV2viCTZi3HMnzGdTUVuzGTa8Vpt2eau4BuGF8Kzg22fWGXiDWVr

Transfer 1 tokens
  Sender: E3Qpp62sdzJUjbmms3TweLpRHQfspD81eyTxyQnKPMZB
  Recipient: 9x5kW2UTuJ5jNQW31WxbVAaWn5jRfNUJUq7SKCR9pQam
  Recipient associated token account: Cd8kuZSLsafNtV4kcj8bhxBpc4V4MmLhoncEJSKiWo5a
  Funding recipient: Cd8kuZSLsafNtV4kcj8bhxBpc4V4MmLhoncEJSKiWo5a (0.00203928 SOL)

Signature: 3AZ5c2Qqg8UjqvJ8Y6Rp5x9Luj8XC7cM6X2sgU1Jhm9Wt8jASsFt4zLGGXtG9mvoivtppis3APWmXvcy4Q4tA2hY

Transfer 1 tokens
  Sender: 31TYwX9digumr1jmYgbHdS817mBdDEtQt5mqxW4Swohg
  Recipient: HNyvVfCcNtogL4Gq93zwZ3oFdRo7vrUqdFEwo3RqpDxS
  Recipient associated token account: 5GRzdqqedFB2EaAeUgmGBaB3WzCmExgA8jJSwb58cxg8
  Funding recipient: 5GRzdqqedFB2EaAeUgmGBaB3WzCmExgA8jJSwb58cxg8 (0.00203928 SOL)

Signature: 8xFcbtMUP9iQmZQQHsmbEW5imDi35KgSN5QDy9GngyZGWPooMRAQaNqDD5RgDQtEogaQqeLajvwtvPMg8chX7XD

Transfer 1 tokens
  Sender: HQWX6CKWL4Ae7xKZYXZPt7E4abcLBsLmT8iX4S7JY2AF
  Recipient: EkrPmifHXbGk7PLeReSgGieStGYrU1KJQudkdvVkFgFD
  Recipient associated token account: 14u3UoKhvU4EGf6aydQaomMMtQubaNEMwb3Mq8VNVA21
  Funding recipient: 14u3UoKhvU4EGf6aydQaomMMtQubaNEMwb3Mq8VNVA21 (0.00203928 SOL)

Signature: 4enU6EPnweLM7uJo3NYNbM2izkTiLXAd6GY9L3inFFs1AZjhQd6z1D4eRxFsU5nvgGutZRKKvpwfSvz8DPKgNMHc

Transfer 1 tokens
  Sender: C594M7fbMxxr6wJCYTuE6QurqJeKeu3yoxhWshV677oC
  Recipient: CzBuPFMJQbPLw6k3B7z7KNBwMWfJZZKTFBYZLhYB27N1
  Recipient associated token account: 9FACuhnEviCjoyZGNQBF6n4NEhpWmNZket3m1LWbBMQU
  Funding recipient: 9FACuhnEviCjoyZGNQBF6n4NEhpWmNZket3m1LWbBMQU (0.00203928 SOL)

Signature: 2gBjarXrQGC6xwhsdj1oGN6Ep26A6s5RaCy7zeJJ6GCxcMa3EMGng2LYyw23rquAnQwGGVuo9GJJE3FPxEqhiWQS

Transfer 1 tokens
  Sender: EBsq2zhEFJistsfDddm1CE8LaNXCWPcmudFwbRoXXr4C
  Recipient: 4pUQS4Jo2dsfWzt3VgHXy3H6RYnEDd11oWPiaM2rdAPw
  Recipient associated token account: BeV7p36df4AGFvr5GZFgFaqiZMBwu4o7BZLfxBbyd8ux
  Funding recipient: BeV7p36df4AGFvr5GZFgFaqiZMBwu4o7BZLfxBbyd8ux (0.00203928 SOL)

Signature: 3D2zrMfvCuPzMRH8xH7nfc22qhiNmW9Vn14WquGKnLbPQaGdiEE1m9sPJKi447duTZDzWYNmCBDCSHfa3WwrrAJs

Transfer 1 tokens
  Sender: BbPCA26uz14QQgeRjzCwb61aYPoCvowAqu2EyZKT2xok
  Recipient: CTtJFNvW19R6AooPD7A8i27gCUc5J3RrzbPd8rZ65Yo8
  Recipient associated token account: DnLAXzR8UjvExdaKgKE8d6s24sNTRBJDrQX2t5FqQLbE
  Funding recipient: DnLAXzR8UjvExdaKgKE8d6s24sNTRBJDrQX2t5FqQLbE (0.00203928 SOL)

Signature: 2ZvZ9qutGuR763kvvL6rRcxxcXtJJq8N7KGPPkrz1Xfnvjcv5zqHUMrcoCrnwvEaFqAdpoUbWJyuMFdmx6xzxuVJ

Transfer 1 tokens
  Sender: CR4Km5LMRpektDzGXDbbtKcM7MQxrZY6AmbBGuRcesc7
  Recipient: FGeQoJHQuKTAx3h8PkZFsBjWUcG2yZ7DcArpFuKkejbg
  Recipient associated token account: C5kJwjLyQwfB6Ufi8zyRsj84vxQE3Qm4wNoTb5TQuENU
  Funding recipient: C5kJwjLyQwfB6Ufi8zyRsj84vxQE3Qm4wNoTb5TQuENU (0.00203928 SOL)

Signature: 1tDQH2AQYWsonmwdhjNDMHrVgTHeDsz6ji9rsHD2Py26kJXruFoH9C7WLTLxcWtbZjZEc6AwdH76T9KYQUBpgVY

Transfer 1 tokens
  Sender: 7GurjitSHeoFSWPnVVHc8xttzNaTmKcaoFF5FcSJuqKY
  Recipient: 8LzZbttr2vr2sD9P3ResFfzcdzr6AtWySLQUBatcTTFh
  Recipient associated token account: 2DdEaabFGgfgeM4eehrh9ozDYXqNkyvRcKMibBJnus8Q
  Funding recipient: 2DdEaabFGgfgeM4eehrh9ozDYXqNkyvRcKMibBJnus8Q (0.00203928 SOL)

Signature: 2Kgxq9jQN17BYNLFqyjBqjVw1r3naFB9MZx7X9XDS9Ud9wjMqKmdvUwaQDndtzEYgkFXgNPjEbzraEBj4M4wHicH

Transfer 1 tokens
  Sender: HdNrRp1rb9EUat9SC46MPzWXwVN4GGmjQgE9T3VJovLP
  Recipient: 63X9KHuZ7oZjV5CvcJ1qgMP83EckJ9Nyz1VESTfBx3My
  Recipient associated token account: CjrQEPDEUo56HEKp3hXEmsZ6Zq5CWxZcpLzrsdsHAXbh
  Funding recipient: CjrQEPDEUo56HEKp3hXEmsZ6Zq5CWxZcpLzrsdsHAXbh (0.00203928 SOL)

Signature: 3zBodcyXrFjnNZDYrbgxCPUp5qPMbxXQM6Zr4Rynu63W7sT6RawcjpPb9cyXPSYWbUEQbAHinWj7Cv1VqeSWwSFw

Transfer 1 tokens
  Sender: icih1eL9FmVxgsCcTREDxXgWN3XnUuKmdqQJdZMBpTc
  Recipient: CyJeFnjtSnVL7E8ATZYYoedHeDWhT3J4odR8fM1hWr5M
  Recipient associated token account: 6hkZ5SrWJYbMGCJUFw7h9Dg1knQo34djAuhZUPXtiSMp
  Funding recipient: 6hkZ5SrWJYbMGCJUFw7h9Dg1knQo34djAuhZUPXtiSMp (0.00203928 SOL)

Signature: t1UJzfhsricY9JYeuvUjtdUrLskAFZ5pjQH37CkivcwFBEYfBLnLGSet7kbPNZ2Q9crrGdEpvrwzSijzQeH7Pjb

Transfer 1 tokens
  Sender: HyNvGriLXCvEMdJX3t1fJucumHTEjwgZrRSZapV2shCF
  Recipient: 6nkB3eiykLd3PPxV7WUTETQxwms67vCDgDWKDQX2dPYN
  Recipient associated token account: 5KH5KWuJVUmntMvimgosha8SubYbJMSsNpmGyaQrgj4A
  Funding recipient: 5KH5KWuJVUmntMvimgosha8SubYbJMSsNpmGyaQrgj4A (0.00203928 SOL)

Signature: 2jUgvwgEZm9pEfdjuMrXU3jBgce3x6pkRQG6PZ9LJV5qKajCCGJvV7V1aNV43gR5xqqKA8HTgXCqthQpWrQptR3f

Transfer 1 tokens
  Sender: CQ2G2J6MQsxzXKS5CDVZABevtdb3XcSJADJoSGFHrbQ7
  Recipient: 9t5Tp3AM2JEEcLBRAg7CoRu57u8i6AmogjES1YQ9e1eh
  Recipient associated token account: AnLfvgaJWZmRdo4gVo9Fp3VRzViZTHUQWc1REgbFD1pN
  Funding recipient: AnLfvgaJWZmRdo4gVo9Fp3VRzViZTHUQWc1REgbFD1pN (0.00203928 SOL)

Signature: 2AnkTbAWDMkZdGsqBcxb6xfBsZoKK42Q7xv7qjF3sPLGWjuQSfRCGZyHbCpgndYAm9Fje3yyFYKgWmN5fvmakhJ8

Transfer 1 tokens
  Sender: sxSJH772bTcTQiKKVuDBUbZ57WrWDfhrfvR9287tEqU
  Recipient: 4pUQS4Jo2dsfWzt3VgHXy3H6RYnEDd11oWPiaM2rdAPw
  Recipient associated token account: 71VTjGPwJt6M9XuBEJzBeasP4ZvMbB2zxbQNK6BCs5cQ
  Funding recipient: 71VTjGPwJt6M9XuBEJzBeasP4ZvMbB2zxbQNK6BCs5cQ (0.00203928 SOL)

Signature: 4q8FnoRdRvikgaX8RBybBueHFfNvPZ1eA69aFDRacBTacEaYaNavykubASbYFXYQsUHMpE2yEsKh5QB2QJKWUz5N

Transfer 1 tokens
  Sender: ASbPNLnNucb8av35KGXZz4VqGDjUQsy9nZWJNFGPoJwh
  Recipient: 28tLPjFZf4K4WCjiQPnveiWAapcB7xXrbySnmgWCNtST
  Recipient associated token account: AM2FY8yBa2hMiSKquUJaS39Zxcu6eZdraoL2mPo7FgKY
  Funding recipient: AM2FY8yBa2hMiSKquUJaS39Zxcu6eZdraoL2mPo7FgKY (0.00203928 SOL)

Signature: 5gJ2724BQXMg66paXvwwUipaN9iDqFw2df7hnkYgzXfuz5iNR936JHiVegGvi9BZEp2UwAVZsT4Pu5zxMzRjijfy

Transfer 1 tokens
  Sender: Ec82BZM7QQyn38euFw4nsYrpEguQziZH6Eszdzm1hGJx
  Recipient: 4pUQS4Jo2dsfWzt3VgHXy3H6RYnEDd11oWPiaM2rdAPw
  Recipient associated token account: 3okA38sUBYVn6JS8V4oYBwcQmLjFa6zNeEdYSnBZ5UCE
  Funding recipient: 3okA38sUBYVn6JS8V4oYBwcQmLjFa6zNeEdYSnBZ5UCE (0.00203928 SOL)

Signature: 3wj3i2Zhhc3hLTLXB48ecCgX3MUb69NeC1u7DEx1fzxG8WazYXWjufWV6E8RxoB3FwytPpQhddc4NhG3uBjs6Yv4

Transfer 1 tokens
  Sender: 6PKo1ERv5ecUvNX7xkxqrEJZqiS2cWxiD9QzqvZHdVb8
  Recipient: GBvdzrFqehuHNLc4NvRUQhgVnKjfF5Q2fi2LrBDYivpe
  Recipient associated token account: UPxJgp7734wsrkx4MMnBP9vNo8VS62pMy6g9czpH2hy
  Funding recipient: UPxJgp7734wsrkx4MMnBP9vNo8VS62pMy6g9czpH2hy (0.00203928 SOL)

Signature: 5zPcfuoWM1cCtzPunG2fxZpGitLGrchzNqtPEPxMVgT8ZegXxt51hKtoDDPZNAckZAUiYg3DChBC4prosVnS1rr

Transfer 1 tokens
  Sender: 8XinWKoNUf41mT2PxjQmxq4FM4aLARLTNFTVffmFmMHT
  Recipient: 9EEeXJSGySHbCGYvwE9xn6fZ37iav6SHaAKorkS8qmX1
  Recipient associated token account: 6h1g27X7yGfBwkLqXtFeJxQcg66aZ5ZoBqv7WjkPjFdZ
  Funding recipient: 6h1g27X7yGfBwkLqXtFeJxQcg66aZ5ZoBqv7WjkPjFdZ (0.00203928 SOL)

Signature: 2HLbgdof7PDxrVkmLJvwWN47yaAnmMAdtjjFe8fTf5KRWwHmo283NBt6QP7S8GPo6yfZNh6tbru9jxBRUbTT8QHq

Transfer 1 tokens
  Sender: EqFZzD7KQeGQGYvdMtvezi88wP5iNd9BUEZ4fnSnbBL1
  Recipient: XFGVjd4PJp8km9qQgtmLQV7N5dCSum9KxRrPhdRQzZ2
  Recipient associated token account: 3X6WkudG35rTSUUxUWG7FbYYcLMNVNwxqxCCtRqxABpq
  Funding recipient: 3X6WkudG35rTSUUxUWG7FbYYcLMNVNwxqxCCtRqxABpq (0.00203928 SOL)

Signature: X1NKL65LmECPyKFQrpcU6Ktiozhb7Hzd1RyAKdNaRM7KsN8ynjxPHXP9XLDLadPwm6yhH1NxGnNwEBxmChsLaep

Transfer 1 tokens
  Sender: 7EojGzYt9mm6fhCAoBYNqZc6M6uM9qiK328769dBuZov
  Recipient: AsxYivuyVu6znDgnwenpLSLvkZDua4mGKxTvM2JgoeDU
  Recipient associated token account: H3mYSKCPcU5CM7xJtVtoaymxn9WkNEP3Rr9vGwYtFVCG
  Funding recipient: H3mYSKCPcU5CM7xJtVtoaymxn9WkNEP3Rr9vGwYtFVCG (0.00203928 SOL)

Signature: 5BU6AgtCtDnQpo4upN8KYNXhDLEFiKSqMnxgutxt9iJrV6QEzZFajNQ7jpDCQPKMKo22aU5zDmnwQjAUBpMAwrXX

Transfer 1 tokens
  Sender: EB5BXfUudkrRrydkvjJzbzZdSae717D4zBHuE7WfuYWa
  Recipient: 8dP7pF3UR7aRGrkgshVUjodLrjg1MQ4LrnKFqytrdan1
  Recipient associated token account: 8nLPamKqvVPLzz6fDTN5uoVcN98matwkFPc9E6mtMgo4
  Funding recipient: 8nLPamKqvVPLzz6fDTN5uoVcN98matwkFPc9E6mtMgo4 (0.00203928 SOL)

Signature: 2XFS2VfqoeiZudjp4UFKdKyHwRgWopZgLM3VmooZpeBAQjMfpQYi9PK38DqY6MYfpUvSrNPJAmu7ENs25Sd6KKH4

Transfer 1 tokens
  Sender: D7AQVruMKg3YwdWdxwvc17iZZ9EzkS3198MHGHHyWZWm
  Recipient: G4yn6VjDQoRRgqKVt1fp2uei3rFHWWKA5JwWPMM4eCgT
  Recipient associated token account: 4BCd2G1VFd44MVKgBvW9ppto8nZikddT6mxE8L2YK6rz
  Funding recipient: 4BCd2G1VFd44MVKgBvW9ppto8nZikddT6mxE8L2YK6rz (0.00203928 SOL)

Signature: 3xHmMwULSUV46uf3LE4bqRcdp8yVG4WES7imbAMKspfYtdq6UjvFixBxc48yAFJson29MsfLhT1gQnJRT5fDb8Kf

Transfer 1 tokens
  Sender: 5TidtBR9fYMTKg9q1hCjcwhn7RFAp4H8ju1ZziQDn3i7
  Recipient: 92JnT9ktvUSqU18U4NC5TAcNA2ASc3bwaCmaf2FXHUR8
  Recipient associated token account: Gecfg3ZE8TdYAX9NtfxjLXsTeVApyLhmupq28EMsC8DZ
  Funding recipient: Gecfg3ZE8TdYAX9NtfxjLXsTeVApyLhmupq28EMsC8DZ (0.00203928 SOL)

Signature: 57cVTrsm5zM3URZQenxUv96bEM84E55uJxRg4mLnJgrixZzdpLBvrqMPLDNnPr7D77QA7K9RsmCv2qdpp6vuVg5b

Transfer 1 tokens
  Sender: WYnQLKVuUhNeLsA1Ka9WXjWsSJzdUnAN7UfujFqYFpr
  Recipient: HCtzVd9MmEeZ49xQ7m5TEwjXboJJzyfn1X7Efjc2m1jq
  Recipient associated token account: 4bnVx18B4oq4eh16e81P3pD3ErxQg4HEKWs4QCiVKVCw
  Funding recipient: 4bnVx18B4oq4eh16e81P3pD3ErxQg4HEKWs4QCiVKVCw (0.00203928 SOL)

Signature: 2TVv7F84na5kavYmv1qZaMdGCyEzLxU3PsfEKHnqixQ8n9ioT3ixpntagZga7mxjjYYxY9iBHJr2t7wKVZry4Lk3

Transfer 1 tokens
  Sender: Ey5N5AWduPsPFG9CwiXwT95J1UAjsKyC9aujaEx6o5q2
  Recipient: 6kgckbd91UZKk15SNxvE3ineG9BQMu7RTCPitS5rigAF
  Recipient associated token account: CNiXuyX1FNMzx5TxeN1vgddTcisePhm1pEeJbHw6i2ed
  Funding recipient: CNiXuyX1FNMzx5TxeN1vgddTcisePhm1pEeJbHw6i2ed (0.00203928 SOL)

Signature: a9KvV1ScTNr9Rp1CLio9NkBim5vTmCTby4qpiF6XYNvtj2mXG429HqKsH964eBfLpxL1AyZnVJtRRJAVZf4E8mU

Transfer 1 tokens
  Sender: 5EAFdLHVSpqfd2byiPTtgRFCB3aqMLXsty14uvZhgmBY
  Recipient: 4pUQS4Jo2dsfWzt3VgHXy3H6RYnEDd11oWPiaM2rdAPw
  Recipient associated token account: 97b84G2nDJKAGUbXRBr7qXxssVRsmEiW4VPy7EdKPdwc
  Funding recipient: 97b84G2nDJKAGUbXRBr7qXxssVRsmEiW4VPy7EdKPdwc (0.00203928 SOL)

Signature: zKu62UJqux4M6ib1dKE6FDg11sh4YC58qepmALLvBBdLW8jTwpjgyYbuwv6hMLKzXyVeGM7cytgU5XkNqYyHpGi

Transfer 1 tokens
  Sender: 6JEpuiwcr69wNkXVpERNiT8BpXHLntLv7tFRjyVr5GzZ
  Recipient: CNgwgXRXh6bkXkeErtJytGCx3esf5jtFvfEkR7USvDjs
  Recipient associated token account: 3QENKq52Lr9evCsw1KjeeAU2AtEy49jEmB1uaeQTd1RV
  Funding recipient: 3QENKq52Lr9evCsw1KjeeAU2AtEy49jEmB1uaeQTd1RV (0.00203928 SOL)

Signature: Ww2MgrMVKcwFq6jJ8eNsDCVxnEJyZc6ggLnf2N7pPAJSyA6k4AfhjaKzmpmPPMaF5mhHXgN9SLN3fFv314DWCde

Transfer 1 tokens
  Sender: 2dnX8PdCUDcHXCoKDbk7ayNko78MaFHW9imsHLnRewFw
  Recipient: B1ZV1ac6QYX6AAbKBnezBH4CaHzX5g4XwkzofNS4kXvv
  Recipient associated token account: ALgK2VLNarEWVBkgWUmxN8Ca4bWmWpyVMD3QP7QyhzLt
  Funding recipient: ALgK2VLNarEWVBkgWUmxN8Ca4bWmWpyVMD3QP7QyhzLt (0.00203928 SOL)

Signature: 4KTspewgbKW25hnCV9g64HvnuqNUU5EU1VMeeqdKDVYgoBdqGhtuhay7S6dBH7KKggGTe711Z31yN5iqSdX1ivDv

Transfer 1 tokens
  Sender: ASbdpYd3oi8TcgijASgNCQxAaJwpEyewL71WWwFuRMUH
  Recipient: 51oET2dy4vCmZ1JMGYR9hbsvsLng1vcLD6z2AZp1uq1j
  Recipient associated token account: Hk7rspeHF17Vnc21FVCKR6rnGLceEj9H6vh7dmyPXA2F
  Funding recipient: Hk7rspeHF17Vnc21FVCKR6rnGLceEj9H6vh7dmyPXA2F (0.00203928 SOL)

Signature: 2Qo42XdqRVp9FmpMzVbonyn8vFG7pMuoikRMzE1mFVkh32teCFh1pDS8p4wiGY5z8tnvmmSKf7Q4jmmPKNcx6GaQ

Transfer 1 tokens
  Sender: 5w7HnXpjTmfxhsY7W7YTuWfdHuCFHoXGvcX4jjDNZg7S
  Recipient: 4aMSBRaCsa64CPQiruDrmESqTNXJzs7PLeaF7XWNVvL8
  Recipient associated token account: 2o6CxAUhUuFqFgBgRcXEyBvpDELWR6GYoDcjUY2yeKMT
  Funding recipient: 2o6CxAUhUuFqFgBgRcXEyBvpDELWR6GYoDcjUY2yeKMT (0.00203928 SOL)

Signature: 3prAJxwUoMME686t95nnHu3gkPm9saBDovjWSut71FPGCvCHbWzEiyS4gT3vUv5d2rnZUNmKK2KYeWZeYGtjoqBS

Transfer 1 tokens
  Sender: CLimyGDmjtG4ES8rvZEheMVe6wHSpdPKpg3FTZFnsoB1
  Recipient: 51oET2dy4vCmZ1JMGYR9hbsvsLng1vcLD6z2AZp1uq1j
  Recipient associated token account: Ac6iKjR2vbMn1yyNL3WmY1umrvvEcQE3WkfJcWKDoNhx
  Funding recipient: Ac6iKjR2vbMn1yyNL3WmY1umrvvEcQE3WkfJcWKDoNhx (0.00203928 SOL)

Signature: zt2sykYNFHtsHhxnCGGMRtEux3mXVbLkqARCvua3Afhk1Xm6Z42c4iSph3dfMspJY38TQtveaXe5icWuaJ2VKUM

Transfer 1 tokens
  Sender: 5BnEBC3HiNiX6sfoYmspPYS8Z6sKAWMPttK8p1ggsyur
  Recipient: 8X2bbfKpevV9Bs3PYTmkfCn1FRsCcb4BDnSDKShRouZW
  Recipient associated token account: CdzDpLig1dzzBs4LjVQXATtGjCVhDPcZZHTjLHdsjR1
  Funding recipient: CdzDpLig1dzzBs4LjVQXATtGjCVhDPcZZHTjLHdsjR1 (0.00203928 SOL)

Signature: 26SJi83Yj1xe434B9ne3zA4F7VeH8EKEEGxCZZr9wnM6hggCJ6neYHFiU5vbF7XMw27LfKqsNMFjBHeHHfYP8vrY

Transfer 1 tokens
  Sender: 4j7dJqpLhchgdppeto5aQLbEKUYEiPtx2uuB7Hktsxjg
  Recipient: 8XoA4fSJWndhft79TCXFUUe6fKLZULK2CGFfBedhd5X1
  Recipient associated token account: HbwJTENMae1Ln3k8C2BuWy2tr9HMgaU6NXQX11B9HbzV
  Funding recipient: HbwJTENMae1Ln3k8C2BuWy2tr9HMgaU6NXQX11B9HbzV (0.00203928 SOL)

Signature: 3us1qHWCXKFKiB3Yps8A7DpoNLnhpPqNEfSrUULGP9XYCu71tmMoYcQdjSSRJm737LTL3mBGXVfSVCPTwVYou6um

Transfer 1 tokens
  Sender: 7TKUESnEKie3Foowi5wTg882tqWykio5cDSZYx9ZVLAb
  Recipient: 6CfjjT5Cyy2RNgn3wiGSuU1Q2VhrvHo9DxbMPwotzeUo
  Recipient associated token account: 3wjfGcbfCDCoPQdsSyJkejXDGXB4RnkwqtCSLx41jZAJ
  Funding recipient: 3wjfGcbfCDCoPQdsSyJkejXDGXB4RnkwqtCSLx41jZAJ (0.00203928 SOL)

Signature: 4vD9uWdSd6o9E1q9axpaXSNzR71nJJmtpqsPqPi4WpwUSuVwbTqATtgem9PmWnW4qfsA52da3oVxKpGhzAQ3ivgF

Transfer 1 tokens
  Sender: D8i6z6qp1LX8RxzY45L1oLx7QxfXM4LMjbCPE9Reekzg
  Recipient: 6ajSxtGmW8fw2Eok5tgZBJ2zdB8FTmffTb1gzYuB8tDp
  Recipient associated token account: 4PzLMjadVMFVjVYTVSETZAmsoiV17SCmn2fbaKdWPcpx
  Funding recipient: 4PzLMjadVMFVjVYTVSETZAmsoiV17SCmn2fbaKdWPcpx (0.00203928 SOL)

Signature: 3vJJ8D9S4jncTUWiFxDZgx1mE8pXUjxrcF1YxS7hLqCkEFRSZJNuxWoDSkUwvoo51H4vyFHQicxxzVUdteBMJgWN

Transfer 1 tokens
  Sender: AbDnYh1HMikdgk3cjtWEB5td4XvsWYGriC9nKNtfGJ4y
  Recipient: 5tCqPe7XNWSNy8aNLbBcqaf5i28RuEH8onsCHsUsvYmn
  Recipient associated token account: H38FEN1zzQ2hetnFLUg3QnuLRcSMa9mF2ivbRS6EpEdY
  Funding recipient: H38FEN1zzQ2hetnFLUg3QnuLRcSMa9mF2ivbRS6EpEdY (0.00203928 SOL)

Signature: ZfrMWycEub1WTjwNEzqaRe3yFBf85SpBCv7qW1oAipyfZtnGAwSc3CFQhuXSH6P4xkBJVsW2knUtiE8amZBRhjA

Transfer 1 tokens
  Sender: AHYv6ZAoJu4hNsVju8fJt9mK5kkQied2rbsFUxCkoySQ
  Recipient: CDLQdm5Y6N9z75vEBv9Tyhguic9gFhJUV7nB3jnJNxAm
  Recipient associated token account: FJjJstz9ZN8y9YgULkJwLE9LFpGXutgaZ6CnX64MSceC
  Funding recipient: FJjJstz9ZN8y9YgULkJwLE9LFpGXutgaZ6CnX64MSceC (0.00203928 SOL)

Signature: 5ejRDvPChfSNNzjKiTPAnKMA4SHF4p1TvHhAkdJmJn2ew6iZGHdReycj8TyoGguZZRERB37Xcqn8a4eyD8a3iM6t

