H8n4XAKvycLCZp2TtDuJcmedDNwczGDAJT5u86Ho8rUq
82e9y7fW4fQ9YSPpFE9vdXwY6GzK7VyRSgfZ4ff6d92s
E8VbrHV4gdjpYVSyvFYgCrADUnntpVNzfELrLkt6M7vk
7mqaPdYouLyRuyzx4kFvK3nHQNBmEWSzKz2G8wHFcVRg
FqcGX4zxqoaARBXcqfDqzqWRzxtXJeGjzaykmArWgRWU
GiQiV5uRDPjggttK5PsKfYMPRr1UG2kXYgAnzjwJcDuh
6FRRLb8EU2n6puXypBmq7wRbqrDcn56eC9WKj9e6K4km
EJHTy43meXBkpYodq9xuAkgp2isQAYvFRgnsrjTH57Yt
DMUUxuY4gHyhwNKrvDgSn84YDR2CvDUsxv7ZNug5R2bv
65Nz6ds85QVbYr2ULidb2GGNeRDm8j3cwVrV1wzFrfso
9HkS4Yta3tMRU8YjKBG6rtTDonv7unL64s936Ggfe42X
C48cPJXx9UPGC1SbEmUZV2kZex8oLdFwuSuhEoBTvUNd
7STppknF3DV9t2EBdCe5nfqr9LxnGhCBTrrr1rJMes9s
AaRMxwX8ESoh7hc5SmYq2DPRr6bKFJoS2AZY6zBuRaB5
A8QPWNk7jTTrVpZfBBfWqbk9Bxi7Bc4Dm1WDwy5H4CuC
6BPTcsrJ6ofVDvq4fhXXRVyfcGpDBckhhu6swLsb3Fgs
Bu1brBQwyHa6DPQfm7YMReA4fzS5pfBPHSxzZnbiMT4
58ebkdwg5T3sgQsVz4rPnBiqsYQp3ygvnGTVJpxgbNMc
HKbPLQKN8aEYyLiSvY1i6s3XJ6U5mrVcL67VW1dfnxCU
DArxWeciMVmfD4SXycCEZAEFRENmNQFMgW1SHGgDjRb9
2yaV1TW8LnzUCcpM4XJfTRpuPPEPKtHc7hJrpe7EzcaC
J9ubksdFGA2YqrhkjyyXSBn7ATw7ycfL2pFC6guuE1UV
GkJVmTHkkGjKPe1bb36v3DXgadBiZLvgtqmFi79NsAqw
8yXpghHYk5mLqtxoV6iP5ARPJ1nFz9P2Q5Mz6sXJ4oWd
3S9x8D1Hx1yygD5Ud5jA1nwqXeuYLrc3iR8yk7G1EkSy
6QApjcgNA8orw4TcEp9bKuLw2C2xAnXDWRo28kMGYsX
5JzDPi5ARXkjQr79E6KLgk3ASb7utZUMjTGuTAoJTnav
Ck9RnNYbT17H3MRH1qhBvCT8pzE73XUAz4sygxAH7wnA
7YZ542tHirMysH6kqYWuYtnzvFkW92Fd6mBmTGbCTpnv
2SCVxBHd1nGxVUZ4f9cnoWr4ZHYixxJoDPHqMJ1dzJ87
54QEFTP2SDVbGo79wgdiosBdbw55oFAtiRE4Rjsf1ZoG
2oDknSsMZfXN7hY7EvaSngGNBBjiBxWTcgq4S85ErStH
4dcrNowig321F5H7Ektbt6FPdFgFV12GQ5NeUdkCi213
CBC4ot1gyJaJqEbfh4GJtLqH323i37UqKh7bqTfMMSQC
6pVJLin6QCFx9s2PSRRWFwPhCm5cWQHj776FeY52y9zp
C2tBTs2n1gPwrtu9xFdMc9Ta1KpaMU2LxgDxn2JTgbhx
AbS8yubvCwdTQcRW6RTdVovibjB9niZS7XggePMiTZto
2Yy61YM6ot3qaRDruicW4KoCYxYZiUkvu2wBepCPWVKs
8URJJ8SwV1VURHYRduQYDF6WLtKDEhMCzASxNSWSDiX3
3FnjnEfSg5UDwWXxyjCXnvdrd1r67euvtLvMDHWgpTyz
9UokC2F3gvgkvD6NAfBNgGWXhiifhAg8L9a4XYVnfRdS
ABbusNze7fuQJTGtnxyKAXygH4ynvB2ayKducaZ77rFw
4kAZM7Pk8jLxKTdrgJpucKHCazUEMT5xsWTdJ6NPeUhQ
FLxCCr86Mj9T6HHD94rprgv6215DMRDfR9YdRx7JDtVc
E2jQKB3GD7hWmiQV7cd8X5y4e79eAK7MbXUrgsyGwmQZ
Ag3wa7XTFHA3c2W1XR6Hj9R9obUWnRpiwUKJueYe5UFd
XmUtcsSXJoeHXByuKBorUS5ZiCdXoQJPDgAn1rkqCCu
Bcpj6iLcbJxbvQ75QMcpTvfFV3rV84vpqoMPfsSAM8gY
9h4qj7fDLguYkBD2RzkdRcYvAgckMJ6uNQfDrZE4usqT
HtJFzfcwW45GTkxuknbmco8Akuo74tZ96swuVnKHpDrU
