Transfer 1 tokens
  Sender: EQRrT1h28CTETbA3B6fsys6YPr3FUQGnxZgY9otKNAXQ
  Recipient: ASBVi2EqdAPCDCYfSa4nTTFzduWnBN5aukzv6QJ5ZQDP
  Recipient associated token account: 4W9zs2p9cLG2zriLVacLVEDLiXvFVzHjnVpazQShUAwp
  Funding recipient: 4W9zs2p9cLG2zriLVacLVEDLiXvFVzHjnVpazQShUAwp (0.00203928 SOL)

Signature: 5bBwKLYejhi9bApBnADqPRU2rB96t4AVmqA6WySUq8iTyXRGopuuV21BqZJYbwojiC5WmfCgVHc54hWw3Frsebmz

Transfer 1 tokens
  Sender: 5ZrBbcfV4TKw14JVoUshkLFkdZ9zjEWbScFhJf9ZYHF1
  Recipient: 4TSj7T3Rp5fWFTEhY5uvBM8v1uizWD5VUGnxswzeDSx5
  Recipient associated token account: FKQKtESpPKqYFEXHwv6NZw2rEhUponVuAqEiZKWo1Ato
  Funding recipient: FKQKtESpPKqYFEXHwv6NZw2rEhUponVuAqEiZKWo1Ato (0.00203928 SOL)

Signature: 4w2qacKB4uHiuh5JkXUibj4BVeikdNkEvfxZG6uH4f3puPtaCDHMrZyBedmWUWYVejq8oMD8TWL1ooz9b7mVS2Av

Transfer 1 tokens
  Sender: 4yJ74zRjyViJ3rYWrQgV5G54nRbZR2s4s168S9ytnnY9
  Recipient: 7gRnTdsyyu9Z2HKqa7492JkTJtRfAEssyYfXKcjDzYwm
  Recipient associated token account: 4Y8meAsuG8aEZh2W7XXQMZGCoujqRmemRLxsSnmt3PTE
  Funding recipient: 4Y8meAsuG8aEZh2W7XXQMZGCoujqRmemRLxsSnmt3PTE (0.00203928 SOL)

Signature: 39PUsri8dDNTMr2D7sxqCEunzADnooD4w64qPNkK62bQ9x85AAWtNkqMyKQbuyUp9md67Q1Z4YnyMgkFdGJwg3uc

Transfer 1 tokens
  Sender: GniLNSiX1RMpX2AZYuojEh2N99vMRknVKpbN2EawNF4J
  Recipient: 8zfdGUKpemtzs2Ypb8reoN3A43o1ZkbwFCBNzpUeFeUo
  Recipient associated token account: 5zbuj9ADww6Ji832YAbkEeqrULaZ52Q2aSDsDJ8Q726E
  Funding recipient: 5zbuj9ADww6Ji832YAbkEeqrULaZ52Q2aSDsDJ8Q726E (0.00203928 SOL)

Signature: 4vtzmXQpbGK6M6MZMj5ye9z6HiXzXTUGmm1qufexQAtfbtAbDc6jhiFTMfXkJ43HTUq3iBaE5SeZZrds7PdkVJtA

Transfer 1 tokens
  Sender: G6713qrCti7vuZXNYXri3LS4Hac7gurBzaPnUBcZdB4A
  Recipient: 3eucHmLaRJzL3d3rzYx94KvxcVhR4ESLo9R9hhb5Snbo
  Recipient associated token account: 9x1upjh4ETVvqPrYwp9x71v1SEitroqfNVSB9r7pC1NN
  Funding recipient: 9x1upjh4ETVvqPrYwp9x71v1SEitroqfNVSB9r7pC1NN (0.00203928 SOL)

Signature: NjCngei3ujEjLtmXAXUKXYuX7uQEu8RxTjB2HGRBEAcWp9KPNQ9qBkEKnw6YXDoZsNdxwSdf6UTa5oC8jxDZRsm

Transfer 1 tokens
  Sender: 4NTnekiAnMWt3r52a3KpAbbEZX3KrVdwns5cmMuZ2jMc
  Recipient: 24KTbB8scEzVes7XjqeXc3mQa2QTDXRxjgQRpCVm7RjT
  Recipient associated token account: CMYS93MKs7D5DyZvG1tsa5gdqv9RnCdP3TQNim5kaNuP
  Funding recipient: CMYS93MKs7D5DyZvG1tsa5gdqv9RnCdP3TQNim5kaNuP (0.00203928 SOL)

Signature: 3uUp921kfbiYTpFK4Ehg2778tipAmMBHc7ni648LCc89wJgawtGLtH7w3K9cM4iB68qBDxbApJYUsaBzvnMUXpyQ

Transfer 1 tokens
  Sender: 8z1JwPypGuujFdTUsr5LQHWSRrXQcoFhmrLoT8crRPji
  Recipient: FgBDPuCn2vA9Gim6rLiL3bR5HP5xNgSEQ8JPK3MGXNMG
  Recipient associated token account: 6X49NJZXVLrUrbxpVzEwwFYUUXMmSwe4sbr37ZjPdTiU
  Funding recipient: 6X49NJZXVLrUrbxpVzEwwFYUUXMmSwe4sbr37ZjPdTiU (0.00203928 SOL)

Signature: 4zkJd12oULp1FMU3GemN7VkZVCW1fj1dtLRDDucgyhFzhzCERLNUeVAdLyxVQMWgm7ydSLC8dVbNBhEaYGDMdnPL

Transfer 1 tokens
  Sender: 3wFNx89RA543kXVvYJ9xBXJsRUmsj5a3THWNKmtqpMof
  Recipient: 51oET2dy4vCmZ1JMGYR9hbsvsLng1vcLD6z2AZp1uq1j
  Recipient associated token account: FDc3bfiKx82ocJFu8rasWy8pEHq55k5RzyQ28P9uBqdx
  Funding recipient: FDc3bfiKx82ocJFu8rasWy8pEHq55k5RzyQ28P9uBqdx (0.00203928 SOL)

Signature: 4UA7tTgG1Rx6PMAvr3K4zyhQbdfoELpYiazfLzvxoUzGEYEHPTUw8E437PwiHge82Cg5RiTUMVJiWNcP9HphZMs2

Transfer 1 tokens
  Sender: GhrC2xC6aSxDPPVK9DJFifUXuaFuBk8ZeKaYBexHciRn
  Recipient: 66oqNbfDhAAzaw8iYc69z8ZtMUHCnixUgrpo9599GtB3
  Recipient associated token account: EQJgLDHP7LS8mySmsC7ZgpDWwyQDSAnRHrZKxNfD1uny
  Funding recipient: EQJgLDHP7LS8mySmsC7ZgpDWwyQDSAnRHrZKxNfD1uny (0.00203928 SOL)

Signature: 3bUPNiiGVLJnarLDxSG4hbqLpjn5BzL8Xf1erYv9bqm9bVTvf734VvjT7uAt7yhkEuTN3ishd2Hs4tfFLXB7UZCk

Transfer 1 tokens
  Sender: HTPhVYdHHVtzjKpTQBtkEcRF6krapW9zo5XvznGCm8qo
  Recipient: 7iNxffZAqQPSD57GXrFui7VzgxiZd2RKTb942rkaMY4k
  Recipient associated token account: 4DGW8Ym5qM5zBmeprntGUWTLQ14wpkuNLD3SnLAjfQRc
  Funding recipient: 4DGW8Ym5qM5zBmeprntGUWTLQ14wpkuNLD3SnLAjfQRc (0.00203928 SOL)

Signature: 53UmTkn6wqDSxqeit2mCBQsBywPKUvPbjpEYGCYrq9VyWN5UrxTfUcDaFp9Yo2cyU64mLb8c7mw7rVuFJt2tQVid

Transfer 1 tokens
  Sender: 4ToBkVs51XwQJ55KJEdiHVUQqXdDVHVBMxAB6F8UEPko
  Recipient: EZsxgTx6JXqZS34sDynrFkKD1Q64Eve7AW8FjawFfovV
  Recipient associated token account: 2XMU9WGnRqqeUnaQj7ymh7UYBQFLgHdrniyMA9dzGQQY
  Funding recipient: 2XMU9WGnRqqeUnaQj7ymh7UYBQFLgHdrniyMA9dzGQQY (0.00203928 SOL)

Signature: 2uQxBMMKRTY27FqaxuJqLu5LH2txGjeGsd6citLumFLReignAZmCYb2M6kDRibGLVGuSQaasbj384E4Ackueeekw

Transfer 1 tokens
  Sender: 2C7S7m23BzoGDGd19GAktnkfHXzCxozTiaNsciXe1G2c
  Recipient: GokibNA872LWxNjSTpNQRGoRib3i9sXNW9N4ebwFS3wn
  Recipient associated token account: BeuGdybeJqNfSBkWdJ6j4qzAgq1sMGXXB3mQYSJHCQNG
  Funding recipient: BeuGdybeJqNfSBkWdJ6j4qzAgq1sMGXXB3mQYSJHCQNG (0.00203928 SOL)

Signature: 8xWntn8YZbyj1fYc5itNwVx56Z5G5xu8UciXEks4FqvD3P349UcCXPXkjPiGwk6asVFa3nXQD4jKfiC3DDyZn8d

Transfer 1 tokens
  Sender: ETses5FhgAtYXBRtvGtihcLodz2QNtWb4M1gxV2j5ihj
  Recipient: BKZS9ci2HFDA72Wp3rPr9Tc8kTcKwLrBboNn1XdGpMFh
  Recipient associated token account: FLVxJb8gHGiXaMA2ZZa4ea8RnNFBVh4WFyq6RxDyYN9a
  Funding recipient: FLVxJb8gHGiXaMA2ZZa4ea8RnNFBVh4WFyq6RxDyYN9a (0.00203928 SOL)

Signature: JmepRWh3SCD3r7AF6Tq8TVpNtjVjsNYma6N8Cj75gzCEVqwnQt7CQs7vXo2eCFiZUr1MJqMek5V4xsKLFkRkRVu

Transfer 1 tokens
  Sender: EfrADkpdJbA772uyesnKtm8wMmEmNVXbJYKiD332DVEx
  Recipient: 3Rx7mjqk8MXhtjSX6k4kE4iwFvmi1zvW9rvhhigoYtPG
  Recipient associated token account: GpMd1p6cMT7CXSC3SXyytWCFLzwTvuxKqb2mX9DaXyPj
  Funding recipient: GpMd1p6cMT7CXSC3SXyytWCFLzwTvuxKqb2mX9DaXyPj (0.00203928 SOL)

Signature: 1i19ydptZ7Z6nKAZicNDBUkEcbNDM7xFoJt5pT6Tcxi45KJevevwfbdA29JBm3PExUD4Z3pU5MtcQiFzeTMA9Ub

Transfer 1 tokens
  Sender: EwP3cTMFYFxhDK2y2Pq5x9JoGXaZpi4F4Xe5tFSNyx68
  Recipient: AcTz4LZcyNYapAKzSE7tuhU8PcvcaRSeMskQYNQzEagW
  Recipient associated token account: E22do11NALNatbbNonkDKtVYVQvNC3r5za7EmJLxLh1
  Funding recipient: E22do11NALNatbbNonkDKtVYVQvNC3r5za7EmJLxLh1 (0.00203928 SOL)

Signature: 27voY6hrqYVX43P4MWL86T9wk6RiizcTUiyBBLeEBiKT9rYAuQAtaeyfg1b1JpK3tPXYv4J4kULdDhYjwtkicjVT

Transfer 1 tokens
  Sender: Ei9FVVZ8BynChrnT2r47boz8AJ2BpbgbGUPpoX8uvrGC
  Recipient: CMtLwGNUnfN98t8WT5q4RaZxj8342CGVkwVmgzmaimec
  Recipient associated token account: 3nscUUgTbeDtwMpNxPg7qumz89XwWBXVnVYosrQx45eP
  Funding recipient: 3nscUUgTbeDtwMpNxPg7qumz89XwWBXVnVYosrQx45eP (0.00203928 SOL)

Signature: 4MtRjr1d5MDLNAQAQFgBpzLDXRfMpBo3XR7ZF9DdXC9RyLY25zUWSruwJC1DZxPdcYbazTSi3gFELPZypDeMsFBU

Transfer 1 tokens
  Sender: 21MbDKVeHYTcWRwHryVpnW6Z8ALju5G3Aw9bRavHVMG3
  Recipient: 2Knz5oKP4VsjF9PkA7WCyZWZsBig6zZMcp9FH6aRLwjP
  Recipient associated token account: 6LzhwMB4KqSECVrPoZ6d4Zf9jPpWg66x21q1Q8X59LCZ
  Funding recipient: 6LzhwMB4KqSECVrPoZ6d4Zf9jPpWg66x21q1Q8X59LCZ (0.00203928 SOL)

Signature: 27pSCmS19QkYt7pzGu6GHYXagezFwKmk14A1TVGVxKSeD2gyxyEzb3d9qL7EvYeVfFPGtf2PgqMWTMYcFiDEcPDr

Transfer 1 tokens
  Sender: AU2dRa2RZAnrgV7J9KDNkhRqHLxfv4MmmLgiiNS8Uyts
  Recipient: 4pUQS4Jo2dsfWzt3VgHXy3H6RYnEDd11oWPiaM2rdAPw
  Recipient associated token account: oW1DoJSGJcj4ZhSDD43q6oh3eZH7bAh2a1ScxvFhXeJ
  Funding recipient: oW1DoJSGJcj4ZhSDD43q6oh3eZH7bAh2a1ScxvFhXeJ (0.00203928 SOL)

Signature: 5cAcdDXRipJsjQFEBecz4yXeUaRwD4FLuFPSyDtibYxqR9Pp9AjBSCe6eivGS7ohuYiM5rQnCSiCxVsffTxZLeJY

Transfer 1 tokens
  Sender: GaJi9qkT3shoTCt5QrBMnWuWrjhLCa4J5F2sVgxhgNax
  Recipient: 5cShNqx2E54RJK49myPhE757RJAEgnGKcbRqPVW4nwjC
  Recipient associated token account: 6HhUvMqbZjnxuC3UjgBpCaLnyjtAGZHdDGSRvCm66C7q
  Funding recipient: 6HhUvMqbZjnxuC3UjgBpCaLnyjtAGZHdDGSRvCm66C7q (0.00203928 SOL)

Signature: 4SCK7KGgdSRwfbxggoEjNcSxrd7GBT6ZqwYwM69KBVUno1LgPpL3MQC5UY3HXyeXukyzcDaYBVqva9z45kSJrEPb

Transfer 1 tokens
  Sender: 27eeSRoP8M88Pdi9WU8TMyrow5XmgxrMVCPgeEWqFqsW
  Recipient: 8zfdGUKpemtzs2Ypb8reoN3A43o1ZkbwFCBNzpUeFeUo
  Recipient associated token account: Gr3pqDjxWPYEZ2wLPfVEHNTfNoj25N92emsoe51xRMY4
  Funding recipient: Gr3pqDjxWPYEZ2wLPfVEHNTfNoj25N92emsoe51xRMY4 (0.00203928 SOL)

Signature: 5AWznMDHGfmYdndBrWCL6JASh4cGvJ8rwcLNwhfR6oNVG86NVpQvFV2eR825W6qEdHjk9j9gctiCZrR8Q6SPyJYc

Transfer 1 tokens
  Sender: 4RVVgYJCWtcS5aCgVAMchop68B7AWHjCHPXbwmBNdLMY
  Recipient: 67mvcnEecy8SPtqBq6xyDEEmENGdKub1NHXAL5zgCnxz
  Recipient associated token account: 5hr9PZJKJMtA6JdUEqNGAHMdzBbKKB2tqb1zxGQKnPqh
  Funding recipient: 5hr9PZJKJMtA6JdUEqNGAHMdzBbKKB2tqb1zxGQKnPqh (0.00203928 SOL)

Signature: 5NmBFpTiNkWm2C5Zj5dFfqzqWcTvHYMG4S6hRX4W4cCxagtF1n7GJXB5T9En29ieejpftskdiHceyvJpMeGMiXj8

Transfer 1 tokens
  Sender: 4nsCaSv2R2EL3U2fiKk3mVYecUD6LaxMaU6o9frFF3ry
  Recipient: 4eg3MW2HpGPaNk6dHj8RZ2dZhzYC4NxpRRaetFsePHa4
  Recipient associated token account: 8YaZoq1iySJ91kCg7FPmo82sksP9ib5nwcutA1cL4xmG
  Funding recipient: 8YaZoq1iySJ91kCg7FPmo82sksP9ib5nwcutA1cL4xmG (0.00203928 SOL)

Signature: 2dVK78vAppM3iE9w9w1CTeHywaExRxzECWFtThLKrTMSPqkPdA2DBcXdaRiWUVHmEyaa9dQTqeqhY4EUy5uFPZHY

Transfer 1 tokens
  Sender: EtjhJcZD26381FBYD5tCZ2HyJ7wr2GSAFH9HmL2vcJQJ
  Recipient: ENsWpC7ro1iWg7hUSuzDWovZiicVAoURX3fstsmPQpjQ
  Recipient associated token account: 3DN2vNjvmsarosBKEj8sZSJtrgd4MaNjkwunacajvyA3
  Funding recipient: 3DN2vNjvmsarosBKEj8sZSJtrgd4MaNjkwunacajvyA3 (0.00203928 SOL)

Signature: p2LhutqrFy5pCX7jbeYkWjpujwfQSwAD82cP9cCRaUs7YL1ZqdycJdC4Zi7vSPWBDtfcpVaRb9QzRWCCUGpUQgs

Transfer 1 tokens
  Sender: 4chWCMSH2oDzVGrdGZ3oMy5yCVMnwEyjQbAMyfYdRi4A
  Recipient: HGr9BqZEbjfGs4vZMaJhHt4LAtRJ3UrNm6B44bRaTZhP
  Recipient associated token account: B8tqJQ5eActLdDPgdZZnuRu2aAXXednPcUbnyUqhP3E1
  Funding recipient: B8tqJQ5eActLdDPgdZZnuRu2aAXXednPcUbnyUqhP3E1 (0.00203928 SOL)

Signature: 2wfb2Z6yJGy9nU1Jd8zz81FAW7EptR9iE9SoSQfDzk9WTTgrm6Du2gqTargUTkp8sd1jDTzHE2fmy4oozycECKes

Transfer 1 tokens
  Sender: 4MchLDiPv2remdyrhiBsoNdEpNi1d3MHMzy3dMyXJL9t
  Recipient: 5UhQ6akLVBhnggCdJQJf9eaid7QGPK63UGW3ft7FFLiN
  Recipient associated token account: 3gvYBhtrG7KGYMVLUVobKTUxGJjrtiVrMKpcbwE5SZv4
  Funding recipient: 3gvYBhtrG7KGYMVLUVobKTUxGJjrtiVrMKpcbwE5SZv4 (0.00203928 SOL)

Signature: 2DMArjvPYXyxgDf4ZzBG9mK5cAVEPgdPfBUqnv6uE8UCWDYXR7ynXr96YhrPtnMpkSfvFKCc1yRzva4JTvwWVEzQ

Transfer 1 tokens
  Sender: FvWANKFVrPcuBjHamGeDtM9gzv47g1NA11hRxy2Pn82r
  Recipient: 2tZWeJtF5VhCCr4SEb1Y2dJUy4xkKtNxs85JJzz3BESK
  Recipient associated token account: 7KU5gWxh73vvEa1vJNjGnxAWDijfuWMeakEuJCfT6Brc
  Funding recipient: 7KU5gWxh73vvEa1vJNjGnxAWDijfuWMeakEuJCfT6Brc (0.00203928 SOL)

Signature: pCvvHdqzZh8JBcmmBCmM8C6szwy9LFbL5ZnSR5dnuDmeqBkGUJu5K8qF3MQomFVJ5ZyJucgKQggC8HbPh3UeH1C

Transfer 1 tokens
  Sender: FMchJMkRD7LxLEtLLokuUkAfC2weQGGvCFijA3Vc9M5v
  Recipient: CDKD1jHxaxqmGE2jHBJ4tcnMZBNSomQhgPX2NHycxpEp
  Recipient associated token account: 8PJCgjMDewzJPjjT8pfrw12MbDJBRwSQ9LvX4heCtkiK
  Funding recipient: 8PJCgjMDewzJPjjT8pfrw12MbDJBRwSQ9LvX4heCtkiK (0.00203928 SOL)

Signature: 4YXcCMSUioQ1aarhHAtfNJhcxAgiiDqesDvm8LURc4BZ25Kuh6j2isgXPeFVZJX2CaxfUWc3M6ZMWK6QurLsL241

Transfer 1 tokens
  Sender: jHj37CBcqMkCzkmasaoqhDUezCsVAvhaBPqrebShwg8
  Recipient: 2Wn46RWzoGkad7juU1JgX7qf5c1ndqpX76eX3rb4Vbcz
  Recipient associated token account: Cpo9aJXftt5r1EkaUgss8ymXvYYtuAgraErpU3KP52iX
  Funding recipient: Cpo9aJXftt5r1EkaUgss8ymXvYYtuAgraErpU3KP52iX (0.00203928 SOL)

Signature: 456wXLkXQxrFSqM1BXgn8Eoytj2Bb6XdWmJdUmHpwuzcqGPE2drbjKFw4nybMChsqUdPL3YyS1Modc7PwEZzjUq2

Transfer 1 tokens
  Sender: 6UQbnx4q5LL81R4TpBaHX1wEDiR5yiWmyVC7EGQC2bzf
  Recipient: CYVikdfqKK1SmPasR93k1p6CntrmqGW4YcoSYQQ2TeVp
  Recipient associated token account: BDw2R8ydZSP2zCW1YJQt8xN41fK5zypKuhRASfiAJuaY
  Funding recipient: BDw2R8ydZSP2zCW1YJQt8xN41fK5zypKuhRASfiAJuaY (0.00203928 SOL)

Signature: 4u6ScBjdSDtQtq7kqs65XmUDNpzVwfGSPpkxznpWrrhFUzNuDRsudpttFNd1DJGf86wcpTQEKncqmehKRukrbSwC

Transfer 1 tokens
  Sender: Atv5QH9bkbUijBjdDNvJSnApLppiKRFmMaE8PYiALD7U
  Recipient: 5xjULdC4pgzNNdoyxrZnaMPUzEKLcKCJjDmVYfaJiYcF
  Recipient associated token account: 2eABmACirgXVbv687Z1kwxESdvkE6FSNfmHDyhAtzkmC
  Funding recipient: 2eABmACirgXVbv687Z1kwxESdvkE6FSNfmHDyhAtzkmC (0.00203928 SOL)

Signature: 3XGWCSSnm4wbwNSddDJVvVe65tkHPfiFjCCS5hstx9u8yNWBDkMjr1icEHmHtisw92SrKJgYejE9jnF6BfeybPeX

Transfer 1 tokens
  Sender: 6QqarQBWhvn175ayojkf213ZHQU5metJVyUzT41du7kh
  Recipient: G49DobN5j8MCpNPFtoEAP6zA4xQN6fPhW5mmDPJNDhps
  Recipient associated token account: FRinpTJkC5Wt8Ynd5fV9ruTV929YYST1BbGnumGbsDJ1
  Funding recipient: FRinpTJkC5Wt8Ynd5fV9ruTV929YYST1BbGnumGbsDJ1 (0.00203928 SOL)

Signature: zpPx9dJWKn2FDKTELLikyipnVTGKrjKnRfWsVaqB3yRhoAtP6871vwZ9WaCTLZcCmetijTWzHcgV8cYtftjtkj1

Transfer 1 tokens
  Sender: 67o9FJ2NCjnurEo72iFi8A7viRZzyXtr3KybwPPywfjF
  Recipient: AYKf4RXGzxyguvyqroxk1rtQgEJe5H7yVxQK5kekBeCr
  Recipient associated token account: BBEscdFi4AU2NJWAKy1q2SyPSE7ypnf3kExHYiFiWemD
  Funding recipient: BBEscdFi4AU2NJWAKy1q2SyPSE7ypnf3kExHYiFiWemD (0.00203928 SOL)

Signature: 4e9KAwUsxVL6Q5YrZxnRzQuvrHJJrw5A2NuaUMwvhepVEUtHPXD6ZcEGzuGNpYxb61cfTk2n4PSPm5cpNwJQ1CFy

Transfer 1 tokens
  Sender: FvSrDTRRjK9svvEkukuJ9ri8XgnV5gQ8NR3t3xtGK4EU
  Recipient: A9utMXAujEHFonXZnL7HQvm2qaYJJFAuZ9EzEW3pGgMv
  Recipient associated token account: 4bXhKatRQsZXAuz7HgAQU7aRDKq9hJSnPRHBehSG2hko
  Funding recipient: 4bXhKatRQsZXAuz7HgAQU7aRDKq9hJSnPRHBehSG2hko (0.00203928 SOL)

Signature: 3zBnMV45R5omBQkUidj1yaKjWrBfC1aSPPPtDAtq4miAxTmywm9e9vuQNW2e7zNpD53QWtyGVvP3knhpZ8s8i5xk

Transfer 1 tokens
  Sender: Dkno3Ed7Hpg6oerC2HAaY2fZuokWQoPfvtjXcDnw64aR
  Recipient: G7qUhXT7hSHrTibDcnVc5Vz28gVvGFZVJxm1Fc9dMBmX
  Recipient associated token account: 4htPcUpsLWAVxg2jWgofD8QnqrnDhwGMoQaGCwUf5DE8
  Funding recipient: 4htPcUpsLWAVxg2jWgofD8QnqrnDhwGMoQaGCwUf5DE8 (0.00203928 SOL)

Signature: WgY8N7HMepMpjBsDhWgkn5kziWZVCgtSgzKiVPoF1KYkhRN8gNXcvmXsrdXMA3PrwRCeMrUrXwRWjjDd3Vehbxz

Transfer 1 tokens
  Sender: 8de1FV3S1MijhMGeeySMgmHzcjkb3uMDZwJVYuQ4RZ51
  Recipient: FScVh3sUhmXXwLsyWvhiCFwNs9YMYk7J6xHXXHZN9fWf
  Recipient associated token account: 97ovRcFjStBHCR4o9qv5NpiVbPeff9gksjTfkHvgFjMu
  Funding recipient: 97ovRcFjStBHCR4o9qv5NpiVbPeff9gksjTfkHvgFjMu (0.00203928 SOL)

Signature: 3acoHRyHPGzrUYoWnAypsmexwBar7dpkAYAJoyH9nPrxo7Mh3uZWy2vxJSKTSrLbV7eHV4igCME24fkA7yrXkChw

Transfer 1 tokens
  Sender: 2m4yQyS9249ArbCtzcPZyzjY2Z2vEWsPWNkXb2N8DfZ1
  Recipient: CkMFDbNEwaNiaQKaq6uUH3hmXp8oQKcGy9cT12F3xNLn
  Recipient associated token account: 8YRuU5orvNRqDh4kRgqYzQnAFHTxaVSMij5nfRvWS3xi
  Funding recipient: 8YRuU5orvNRqDh4kRgqYzQnAFHTxaVSMij5nfRvWS3xi (0.00203928 SOL)

Signature: 3dAsLiEg7XF8oy7YDx7RhNcWfjki5amRyRobNs62sqoqnEACfxotbhayRNpjFdzMkR7ui8PNSVjYQVfEcJQSdCEy

Transfer 1 tokens
  Sender: BZZ8xNtuPxEktR7dceTaYezYBCdMLMq5GXXoifczXJjJ
  Recipient: 4Twh97WSqnCv8A5XezYJeFPcgmbfJSSDAH81dRzzRVaV
  Recipient associated token account: Hh83DGGJdkwjwyywx2bFVn55qGHoY576bGApFqkLKfJu
  Funding recipient: Hh83DGGJdkwjwyywx2bFVn55qGHoY576bGApFqkLKfJu (0.00203928 SOL)

Signature: 2tzHPTZQjDzk6hq1dgj3ToTxXsMFtrymw9DU3cvZqkmWzxSmCG6uVsUF6vXBZiSmYvmZxhV9HwH23LbTExTYUoyu

Transfer 1 tokens
  Sender: 9F5NiJ1JE98g9CT3rDqS9vp7Re37T1gwLx9bTr1d27SF
  Recipient: AgmQQruXPrYMbRWRKX5LoiyitgwdDBdijBbsk1WzVimU
  Recipient associated token account: J38hmKJ4gPwMNWT4XW8DxqBJXqtUpsF8vaH8TtyK9xJn
  Funding recipient: J38hmKJ4gPwMNWT4XW8DxqBJXqtUpsF8vaH8TtyK9xJn (0.00203928 SOL)

Signature: 5u338csyebkRyzg998HBFnHeKL84PHo2Tv27GxS1KupwMB8hFrLW5Q3mRyYSRa8t1dn8Qbov1MYSNxYqWDe2csDf

Transfer 1 tokens
  Sender: Fu8XhtXSTyNy1oVXcNB51NoY5qArggp7bpNMpc45D6rG
  Recipient: 4CVLbLUcNUdoXkb7GhEJmoPgiiv7G6fistNWu4Rx6T9L
  Recipient associated token account: 5DRWYCfwJFJZvNLJLzgnWpTuVabW4Rn9JYYNuu9o1XGo
  Funding recipient: 5DRWYCfwJFJZvNLJLzgnWpTuVabW4Rn9JYYNuu9o1XGo (0.00203928 SOL)

Signature: TzorN8FShDwrFmmb7DazMDZASDj1SueJr9xFVtVhu6y5iEieLib6eFab6g1nnM6w1We2xtbNwxXdTBK5us7DB1d

Transfer 1 tokens
  Sender: BeBr8iczYkTWtyEdsuNE6cTKQ5QyxHorX6FQ77XMtNmr
  Recipient: 52dU9FTEdfmz9TL6k83PXnMsq2Dp7e4MYac86misgKvJ
  Recipient associated token account: H3zPtLC1J1S4U5DHKrhZzhyRFTYeoBzzmbkZnoNpzYjT
  Funding recipient: H3zPtLC1J1S4U5DHKrhZzhyRFTYeoBzzmbkZnoNpzYjT (0.00203928 SOL)

Signature: 3LhyASR7gPJCmVnkZrLFjhzKfL86x6FUbTCHb572Th4c3P1ZutkjbSfdCVCYoJVmpjN2hiGydw7GHseFhqA4hx1w

Transfer 1 tokens
  Sender: GS6BKyw26D5K4NUkbc74vsPCCzZLynAanbMhLybndAfx
  Recipient: 5NVmQU5Ph3zDaW11hJ9gQzaeSnCtxgNWoJtwGhVrSZuU
  Recipient associated token account: FrxM6P5aVyTi5GbozVJjzb3JFmgaQwn2xyV1YFdpUCSv
  Funding recipient: FrxM6P5aVyTi5GbozVJjzb3JFmgaQwn2xyV1YFdpUCSv (0.00203928 SOL)

Signature: 5ZAXeEvbmH6oTkbCKgVumgPZePT7NhZrh7CdnyzB7DX4xmvNKumnGmzpAswF4zVq1AF6TSMxstM1tu613Majv1eP

Transfer 1 tokens
  Sender: 5NRa4YG8ummWJimPy9vURe9JfdixuM8vhBaEr1gVmQXp
  Recipient: DGafXXd6xHAfnYTGpazQkgiG7uFZ3yFisZUUgeiYzA2G
  Recipient associated token account: 286oS7fPKF5CRM83QqsudtjspnZewFcHtAA1k61mpqKx
  Funding recipient: 286oS7fPKF5CRM83QqsudtjspnZewFcHtAA1k61mpqKx (0.00203928 SOL)

Signature: 41RZmxG228DcUnNQmSuCLVe6sU89VeD5r3ic27pMw95wpPVyxPc4s8Xi9KxidkMTGcJwrt2z3Ti8Gm22i1udWbLq

Transfer 1 tokens
  Sender: GJCKbzybg4pinVTZY99y5oYhtVXcVSeoNPFkBrbzVoPc
  Recipient: BzHu964qt7p6KW5Fx93E4VR2xYuTit3NMxAncrLc7gj4
  Recipient associated token account: 7YDgifBRtwL1ua2LqinyCMERaVhN983NhuFm2geZ7eSW
  Funding recipient: 7YDgifBRtwL1ua2LqinyCMERaVhN983NhuFm2geZ7eSW (0.00203928 SOL)

Signature: 4jP4c6NnzkLtVdsyEnQ8yknvoAhos9on5f4Lx9EpCdGNyggQdewT8c2qVHdyvuGyQRuTedJhm4vfZq2NfX2goemM

Transfer 1 tokens
  Sender: 7A4Fd7AmA5iaqGSExm3o7okqc4fZp2JGiTiaWwp79aP2
  Recipient: 5d95ZghUcfxxnom9WJL6yJMQ43EZ3BWTts4WsQmZssJF
  Recipient associated token account: CpSDvEPnT7vFaUmaX5LgQY9f9c49rxJhmKSFKfogNk1Z
  Funding recipient: CpSDvEPnT7vFaUmaX5LgQY9f9c49rxJhmKSFKfogNk1Z (0.00203928 SOL)

Signature: 4YTCs7zZF7gMfBkbTCEn4FPidFSqhdttV2fRDJm53xB4P6j467kYSNrzbqA6D6WYAWenAuBRnxdSDM6A7GaUnymX

Transfer 1 tokens
  Sender: pwpUrtVhiEMs6tFt1uyYY4tn2UQN8d3FzDBeVQ52tL3
  Recipient: 4Jgc5M9mycHzuC7Wbsqr5dHqWW8zW1xygR1VqRjojQHi
  Recipient associated token account: CqFFNGfHPHDLPXCwZ5yFdmEqniKamnYTfWipczWvfice
  Funding recipient: CqFFNGfHPHDLPXCwZ5yFdmEqniKamnYTfWipczWvfice (0.00203928 SOL)

Signature: 5zJnxJqp4BJ44Ptku8iXgzwsP6Qv1D49o5M5Z6chnoB6NogTwuSS7EWcZPrBPSnns2knA77zTwSBg5eMSkZvodKi

Transfer 1 tokens
  Sender: 5dczf3QikicxEj3Zu5Jf5FbVuoDiZVCsTgQPqL7ifmrv
  Recipient: 6hK4TePe6J2MAMeb9AWcFwi3XCMwpp67BXaxuxFmNKR9
  Recipient associated token account: BqTNKbB1m4x1nYoZEuot21c2V1n2LrebjwdBnFnNJ79Y
  Funding recipient: BqTNKbB1m4x1nYoZEuot21c2V1n2LrebjwdBnFnNJ79Y (0.00203928 SOL)

Signature: 54TNTJ7a5xVKHeH2mPuxBfJm6QGvxsfzYSJ6YznUscD94HFLx9Y9QWSJkdayofPQyruDVwJMLqPLbqhCmyrtSPdA

Transfer 1 tokens
  Sender: B1DQb73RfqyUGgVtowrjMD8u92t9orMyteZynbZpHgn3
  Recipient: APuxQgMLdP8pZk2VzsppV9eUD4aQMmsCieWVyU75LSgn
  Recipient associated token account: E5JFfSs9BqeKecPAj1gqSaH7xtnPzip8e4WjqkHkMSTK
  Funding recipient: E5JFfSs9BqeKecPAj1gqSaH7xtnPzip8e4WjqkHkMSTK (0.00203928 SOL)

Signature: Y6s8xyZRppVEDwFzUpd2qjVtfuJLEAEPVnQ3cX9jSZo19wVkgTPwxrN7fnHvY7rmefmPzDEvUfBzQYmfA95cawi

Transfer 1 tokens
  Sender: 8Lj4H7NM6qCctUs3qFVgczKhE7hXhcz1LziTCdnxsX3V
  Recipient: 8Nj7AC1oPcx2oC7Njihwp9Ee3Aez787kvww3sX3Bdox2
  Recipient associated token account: HY3baxykXtLAKzTkpKAeaHKeTJ7Jh3gVDqg8cL2nmqpv
  Funding recipient: HY3baxykXtLAKzTkpKAeaHKeTJ7Jh3gVDqg8cL2nmqpv (0.00203928 SOL)

Signature: 5zVSKs3rJKW3fCeXYozaZypQaFRPVVFPiVxEfLAunJ9CrubXhSNQQJs3G3tTrQjzSfsRXM6rffoCQZeaA8jqw1K3

Transfer 1 tokens
  Sender: 65YJoJPyKYMLY4YCCmJkNfBAnK9YtxGSQ48haV8KnQJb
  Recipient: 7zcXm2yzcM198iPPGjk5xGBjG1dhxvwScHpbDskhZixB
  Recipient associated token account: 8GtugBpZ4g6JHiMXuLuokqS4cbNrkjfJuMfQmc1gaaJ3
  Funding recipient: 8GtugBpZ4g6JHiMXuLuokqS4cbNrkjfJuMfQmc1gaaJ3 (0.00203928 SOL)

Signature: 3LxWHPkzvN6a7gb6H4qKff6jobgQ2dDRNCTjzoWjQ3KjxLtuWyh7Z9BMbMtPLyzdaA8vL6Ldf36s6kVFa2a19T4B

Transfer 1 tokens
  Sender: EQz9eWpEeqJrWHqZS3Xtekxa3hU49ivkH69bH3ajYUgP
  Recipient: ABnyqcA1nFPtNVbUd7XcUcJ7YgcyqpMk9rAJtmWhkAvr
  Recipient associated token account: 3woucSUDmACKVL55TydXXRvwTx4mmkwdpnNVWw4gn3Hr
  Funding recipient: 3woucSUDmACKVL55TydXXRvwTx4mmkwdpnNVWw4gn3Hr (0.00203928 SOL)

Signature: 4XyyFfsB3nC5xzZc2oZYohd5TBE4KprbQJBRPVZxTEC9GqdiY4zp4okFJMyAiJegx8aF63qn6xBPJh4i7U3SakZ8

Transfer 1 tokens
  Sender: DLZc4dpYQqY3N5yNCKnEJS2HP48MexNj2JQdTFikuNkM
  Recipient: 97xAKp8FjyXkiYqTtYWN9ArD7KxTevzaCAo7VCcwLAsK
  Recipient associated token account: 7DAQmtNZcSwW3g4sJiQVkLcAhAkjRXf2ywmvYS1gVerP
  Funding recipient: 7DAQmtNZcSwW3g4sJiQVkLcAhAkjRXf2ywmvYS1gVerP (0.00203928 SOL)

Signature: 2x3MoR4NEqb8p5jEi6Aurd85UjtQqqLszFQDrsrPU2YRx7NQxboWt32twMDnXrVbkwXxeVeT6YLxx8pTnHCMTh8i

Transfer 1 tokens
  Sender: 9HPP3xoGK9rSUq7Hp6s7Tu7PhJ5kMeVYTGJMKDHjk85A
  Recipient: B2Q9TY7tL2RD6ZZRkFjA8tZRdxzf5fyZNZrtXPrXv5j5
  Recipient associated token account: Axj85dBi5iRsmBNRJFqQanDFtwB9KMRRdf2PVKDYAHoE
  Funding recipient: Axj85dBi5iRsmBNRJFqQanDFtwB9KMRRdf2PVKDYAHoE (0.00203928 SOL)

Signature: 5dqWrLT99mpwNGZD6atjibzbSKzEuHCosNoSGJBP6y7qhCp2NEWxXCfp5ob2bXhc8ErLYwfkfCH1aAufpwSQEmHg

Transfer 1 tokens
  Sender: 3YseFZ2RV5ZeScHwhCG1WVAcxeEB288YUvMNbiwddi6c
  Recipient: Ef8GfhWVMZzEzrqFkW9L8Haw6PmhGrcrokapfegDA9e2
  Recipient associated token account: AJvbBVL8NjcneH3b3uQUY9xRwCaBX23YskKPvyLgwQxd
  Funding recipient: AJvbBVL8NjcneH3b3uQUY9xRwCaBX23YskKPvyLgwQxd (0.00203928 SOL)

Signature: 4x9bCxnEAe3s4dLWEr3S2QBVm44H6n1xGG5AhvAgVkKP1dAhLsS7BZ1QempyKqKwVLb1zZEj3nN7NR3wEBBy6yxk

Transfer 1 tokens
  Sender: 648vHjonE67k7fBhKUg9gMuWS6XkAego1iHswpRuHsiu
  Recipient: FxC6gixguqfSM9bY32aGkoXxBW9Z3bfbH19T8Ydykmj9
  Recipient associated token account: GuBdUqybEC8p254757XPKfZ9yCZQfrGH3DRiiaRCNhWo
  Funding recipient: GuBdUqybEC8p254757XPKfZ9yCZQfrGH3DRiiaRCNhWo (0.00203928 SOL)

Signature: 39AGHHKFHq7kzUvKyHAmrGfTHMEjvMyH9P3xJgdQSQ8AuZBmerNy2Gb6k8C1TGwePHG5eB8h7GnaPQQFhUP4Yk2u

Transfer 1 tokens
  Sender: BS3EzCmMRGYozPHqFexmVdCB4cs5tsj3P1YngW1W2Ddg
  Recipient: 632mjEeCVFVYFNJSdxuXSA3K6qCjr4EwFr6Qf1VT9LxB
  Recipient associated token account: F6bHtf5vr6xHogA8qy51joMoArYoeZEPpTgRqJaZHJAp
  Funding recipient: F6bHtf5vr6xHogA8qy51joMoArYoeZEPpTgRqJaZHJAp (0.00203928 SOL)

Signature: 56Qr44H1KmePwSTvbTUVasAwsvFpTYrCZUdYCbzpVteNqusP2MtsBaFr7o31npUr62VPNBXFUMymZ3u8wPZ7GK6e

Transfer 1 tokens
  Sender: AsPm3DSsqs7G6WP3E6f1XasUGnwV4PcjcqfgvHphJMcQ
  Recipient: 5UCnPwLsDrSVntJyWi3EhRUFPf7RvZgrJjZtQbRLwVyn
  Recipient associated token account: 2TSkagFQ5wkoRo42DHXN92dSW8CiiPF6MHzPzwf93VK6
  Funding recipient: 2TSkagFQ5wkoRo42DHXN92dSW8CiiPF6MHzPzwf93VK6 (0.00203928 SOL)

Signature: 32J65hSWfM849LEMEDgi3xcofbhcjpDGQHmQHbQCdh5HRYwza1ohShgYN9pzp4gxpbknj7bv4TKjtkio6a4xjgq7

Transfer 1 tokens
  Sender: EFZyTPGGFzLyNy2cTND62WFrUhbxTKH9HRdKFNt4PvTK
  Recipient: CgbJxcA4DS5Lr3SvsAntXDWh32CMYHDRcMqcjCeUV1im
  Recipient associated token account: HLaGmVBNUjYmUWmyAU57tqajcuex1TxjxK1N6mJ4NMtZ
  Funding recipient: HLaGmVBNUjYmUWmyAU57tqajcuex1TxjxK1N6mJ4NMtZ (0.00203928 SOL)

Signature: RtJtQDT7UAe52YTB9wdKkrccs9Rs3oRQ8zGnH9hK87o3ZMRe8fXAhWe78YU6FTPyokohv8XCwDMKSqDAwLu4tKx

Transfer 1 tokens
  Sender: 3jA4QoS9mi33vx8yFME2JYDCmDy5BZ7iAKEtVUyh4oHi
  Recipient: 4pUQS4Jo2dsfWzt3VgHXy3H6RYnEDd11oWPiaM2rdAPw
  Recipient associated token account: 26p4PZf3JRGKhgeMvipz9mzdu5JP9WemcZagbvLR6jCo
  Funding recipient: 26p4PZf3JRGKhgeMvipz9mzdu5JP9WemcZagbvLR6jCo (0.00203928 SOL)

Signature: FaUKYoytmnpCR4kCWHYLC8AJdpKMtftSbprevTq15wTeAFAVPfNqStC24PhCHJQEB614nPr2hH6GFKGs8Me2ATZ

Transfer 1 tokens
  Sender: CjHh63RoZx6QZcbuHeejU3mFC6pnvHwFC1JP979vNKKo
  Recipient: FA23y29A6AoqNmeFf4Kx6wj8aSd9A1aRZCxXNUb7fU3g
  Recipient associated token account: GcLCKM11DVvK7X1dbqnghbKsK2n7oKYf1qudZRmXFpw6
  Funding recipient: GcLCKM11DVvK7X1dbqnghbKsK2n7oKYf1qudZRmXFpw6 (0.00203928 SOL)

Signature: 63m54VKEiMBSGcEAMF4qti5j2yL7vdWGWsqyW3Gjnrq31m9JxKANVrWL2BqmsVZmHAcGHCxev16qR5LxqVsFMy53

Transfer 1 tokens
  Sender: 3sCZpz61MDfC6WjbHgpoDwV3ZD1DTsnoHZvAdQ9Kjwiy
  Recipient: 84tYj5QuBQNDVsFXiEPMZddVTtAspbAJ8oRbXsLwoS8x
  Recipient associated token account: BudTA1m4hbY4v1WDvmPPkPRXbCF6oFsFogZpUfaBbfPx
  Funding recipient: BudTA1m4hbY4v1WDvmPPkPRXbCF6oFsFogZpUfaBbfPx (0.00203928 SOL)

Signature: WgXBJq4qtvhzqYfq7nBvkcxTz7vjt5yGk6G1KjYoSUmq4PeTbVcYAGJPUYq2MPpqHwgRLJAmLwWzsaJrHatyPJ7

Transfer 1 tokens
  Sender: D9P4qMP1kv5MQvhSB9oxPdBgkYtmzJekmhbHrzoXdBaE
  Recipient: F8VMNGZSfWNqkNbTK1kyytUf1wpJto3ceCsWhg2iSRr7
  Recipient associated token account: B2UyzRK8iU3xoxstbYBLJUnpHvTU3eNfmst9dsEDh2MW
  Funding recipient: B2UyzRK8iU3xoxstbYBLJUnpHvTU3eNfmst9dsEDh2MW (0.00203928 SOL)

Signature: 5v8QmQHx1DQa2ycsu2dJ8xfn6BwgfaUwwzCZnQ59rVP47R2DAeiBURo1YvCmHhTFF8ZNXRDqxfWXGFUsYq899G2Q

Transfer 1 tokens
  Sender: 8MbJpc1oTgsm1Mx8iEWrtWXmjnEr9shiLYWJC74rd6gs
  Recipient: FGhqPQPRVyhyKUZx31b8F5HAhxYoY4ZUSizyurLUFxVd
  Recipient associated token account: DCD2MLwWHMkaQoPQvY8z7eMqknjGeS1Uq7wNwjiB6jgH
  Funding recipient: DCD2MLwWHMkaQoPQvY8z7eMqknjGeS1Uq7wNwjiB6jgH (0.00203928 SOL)

Signature: 4eA4d3Z26yzHaXDXPW7kJ47nUMSBgJo7UDcjRJZq11n1JYHv1PjYnBBf5EWLqroidfDQ7ARK5s91evnN1Dymsx4A

Transfer 1 tokens
  Sender: 7RSyvEyQSrTPqJfa7UWDYnDV2wAuniACtJfdRFF15Cvr
  Recipient: 2pQvQF2WAZ7ZVx78yJpHyw3nVHM2kKAoZzve29yFrqRi
  Recipient associated token account: 7s7KtATzxzz4kvedkrzD3qoTwbvmayTtfRBiuPonTkDs
  Funding recipient: 7s7KtATzxzz4kvedkrzD3qoTwbvmayTtfRBiuPonTkDs (0.00203928 SOL)

Signature: caVegFd3XoHcnVL7JWVCzQa2wRNwCyiW4nyyhRv4dVTbHVsuVK28DrfG8hRQCr9jFGhh1WXspGaRQ7QgY9ZUD4s

Transfer 1 tokens
  Sender: F1ho9pPwJBF9AdzXzdihyeJVjXKLSzgvBrTQT5BTCxD9
  Recipient: 4NtDfNisGfAYqzXJih2hv4vqKwAd1jhmRZNceLFUzstR
  Recipient associated token account: 23jqo26AhkZWCMYvhwXiF3FL91uTz672tcKXhXtp4Vj1
  Funding recipient: 23jqo26AhkZWCMYvhwXiF3FL91uTz672tcKXhXtp4Vj1 (0.00203928 SOL)

Signature: 45LVKwmYaw5rPhP9qPHSGcWxzFvCWvbjUa9P3kJC4bmWhr1gyuSAYtN22r65JPC8NatuYavE4dbyw6gix2Rpd1SJ

Transfer 1 tokens
  Sender: AtwuZ8n9wcfmwrSbp1L6afMXbfdDGk2i3q9oiRCXRhjB
  Recipient: 8eeWesjTSLG6Hdy6GV8bwjrBCEnwY15LWTkyHtGtsUB3
  Recipient associated token account: GZNW2LWCFz7v2NfnrmfN7aVUe3YoRNXUBbyfRmm5ZAgM
  Funding recipient: GZNW2LWCFz7v2NfnrmfN7aVUe3YoRNXUBbyfRmm5ZAgM (0.00203928 SOL)

Signature: 396tC4TWzDk5cfm5VaShAF7seWYZfjQnjjCfGZw2W5zKLMfyhk6z2Fk78dLrmu76PFgoVyHX2h1LTWYsm2Fbg6AF

Transfer 1 tokens
  Sender: FKfxQPD9MsjcVrcPEJWkjkcefYYMqHE37xNSPtQ8PeJM
  Recipient: 3gBzKtuLAyPJAq2K54URFpg8i4hhX7JdZzQEFqKCw9m7
  Recipient associated token account: FN4bSSR5UKgVFTZK2jmxoRYKSZuLk1pnfkgEucgzbbKU
  Funding recipient: FN4bSSR5UKgVFTZK2jmxoRYKSZuLk1pnfkgEucgzbbKU (0.00203928 SOL)

Signature: 3X1yhk2qYja3VMao9HGQJ54h7fknSJWN74gMbKSHxEYN1KK6Bf3GXqX6JHXDeFp1pkwx2wS7ehPrjEm4CxMvXHEL

Transfer 1 tokens
  Sender: GaxeRLEKME5WZq1jz6ABQPqnd1W2dZXxZV1DZ9oTVvxg
  Recipient: 8fYbjVT745fkPJStJvpReCLzmKnwP4J7sVsad8cs3h3Z
  Recipient associated token account: DzdS5dCV61ygYSySayNZQjL6zTqgyiZQ6qCJmrEE2QXQ
  Funding recipient: DzdS5dCV61ygYSySayNZQjL6zTqgyiZQ6qCJmrEE2QXQ (0.00203928 SOL)

Signature: 5XLeyP5HYf2n44jdpXzX8WWQ1DVH8cVEEfgTz7ADyE5NUBmXTh1CeWfncprqpkW5dQ55aG1oRGT7ApcJFpqdgrcP

Transfer 1 tokens
  Sender: AeqXhRp4heyVQrwoLqh2vpSHtTiZ54sq16rSQsCZshkR
  Recipient: SqSri3CM7V1GLSoKJJbePSt7UqGpEpiwmhnsJjsf763
  Recipient associated token account: E57zRw9xG6FqvRZ9bTTVCrFuyh7BfrPbMCgmPsHQYmPo
  Funding recipient: E57zRw9xG6FqvRZ9bTTVCrFuyh7BfrPbMCgmPsHQYmPo (0.00203928 SOL)

Signature: 3brfozeeGuzyjUAokygz4xkNa4cgZcHAizNom9evBHqyfRKcYrusSf8yugDbm3BigAkm8YqK2L4afTx5RrZBZQyu

Transfer 1 tokens
  Sender: 7SF8oomZzz6nVE7od3voMQMT3noJBv9CViFkfdDzEBCX
  Recipient: 96AKYCB8KZLEKkA3uHw1GpfjZsmwyFT1CXfH9sKz5LrW
  Recipient associated token account: BfU71uGbUbqNWnrAVPLhdVuNf8QZeDhh7BQcpa2xbKWS
  Funding recipient: BfU71uGbUbqNWnrAVPLhdVuNf8QZeDhh7BQcpa2xbKWS (0.00203928 SOL)

Signature: 5m5EeLVVLYg9vfJmxPZk6bsPAS3xPwLUumsMtL6SMMW3esEpRqAXDHxGWfq8jCRQKrkFxC4p3XSYSP4kg5RvtUZq

Transfer 1 tokens
  Sender: EBbaiMZZwWsS9FCuLrDfk5oEbyKe8g2kzArpn6PsZGT2
  Recipient: 7H5FHSDMF9YJFP59kr1LnXzPNJkxLWUuM7QVdUwSyv8m
  Recipient associated token account: BD3Y1ZaK949Y3Vs4UqPUpqfX2qx3LRJKjnuSEW6gwQy5
  Funding recipient: BD3Y1ZaK949Y3Vs4UqPUpqfX2qx3LRJKjnuSEW6gwQy5 (0.00203928 SOL)

Signature: 57dnzPUy8MahKMQUJwLiF2S7S2qzkjMZAdhnL5HKuoVK2dgNAvm2JpCvCtVNWDJciSf3kV5Bt8bcuo9apUJJ1QNS

Transfer 1 tokens
  Sender: 82Mf8a6NqMLjLirxPPWFfHTVfgShSNHYhHT4nC357cTH
  Recipient: Bhexjg8vWtuH77iMsQstr8DPsuk85JnU944ivVA1MmxF
  Recipient associated token account: 7rgji1V8n7PuZmKSMMCeay2xWytpGMGkcmBCaF4MxKSR
  Funding recipient: 7rgji1V8n7PuZmKSMMCeay2xWytpGMGkcmBCaF4MxKSR (0.00203928 SOL)

Signature: 3NC4nsPQDs9m13MJGxXDNZALdLQvkj7q3gzPZ7Md3r5FE2LyBaFeCkLetQSmYt9c8r3Sx7u7xP7qmjvnCqunkXdg

Transfer 1 tokens
  Sender: 9psQXNPBWgy1t2AS7d5xHYgXcEg69RmUJXkAvMccyikw
  Recipient: CdXU3s7AFPSoqAdSq4fTXsDeTvgeiVv61kgSYDLDL2DF
  Recipient associated token account: 7BmsCGKXtYjUbDXrcWibfjQrnhpYVSGfcVMo9rDPHMHs
  Funding recipient: 7BmsCGKXtYjUbDXrcWibfjQrnhpYVSGfcVMo9rDPHMHs (0.00203928 SOL)

Signature: 2YvSgDoxc4FqWpEa2URXP53ptZoLpQkgCKYnpPwFh45Y7f4zh2avQbsHacKzhNdFFei6Bo7wGXBuxJqEnmZdLxop

Transfer 1 tokens
  Sender: 7bmx6gMz8xyK9JQKwAYbJi642FLVQwno8VYQkaSvxJWv
  Recipient: 51oET2dy4vCmZ1JMGYR9hbsvsLng1vcLD6z2AZp1uq1j
  Recipient associated token account: 2gWfJ2tiR58gsT41AoxcQCw22g1reanGRArNao55AUdw
  Funding recipient: 2gWfJ2tiR58gsT41AoxcQCw22g1reanGRArNao55AUdw (0.00203928 SOL)

Signature: 24vz5Joghcjax6LfTmMbMjWAW9k1s2ii2yzPaAKqWVdBK4pg1cmzEyXF1CDigRunYboY8Uk1qne3LHnDxjfnPdNt

Transfer 1 tokens
  Sender: GoDfRaXcd87jWGYhU55r8v22UP5tk6mqJ58WHsCmDoAe
  Recipient: 7iGCFYLUJczcHwpUnCCK5QFBCvYwznnj82RoYQQnWu6d
  Recipient associated token account: 65DnkqtefYhPvrAgDSvuLf1LVdXdGk5ivEdxsoJZ97Ah
  Funding recipient: 65DnkqtefYhPvrAgDSvuLf1LVdXdGk5ivEdxsoJZ97Ah (0.00203928 SOL)

Signature: 45Zve4EiZiBZeR4oJgvz5DYrjMWdFJ99fwq7fRQ33EFtSkGbwNimcPvFCHDUhJoQBrgHmEfibP3PZiqbow9Ddiia

Transfer 1 tokens
  Sender: 52gi5A7RPr1eHgp61mbLjL2aFi9BaFh16ZsThKsB6eR3
  Recipient: EZsxgTx6JXqZS34sDynrFkKD1Q64Eve7AW8FjawFfovV
  Recipient associated token account: ERhGVtaRA71NqQP3LzMUWbMcWmExSgzjAeDekCw53F1A
  Funding recipient: ERhGVtaRA71NqQP3LzMUWbMcWmExSgzjAeDekCw53F1A (0.00203928 SOL)

Signature: 5z3MXYvQnEB7tPDpzXUnFbGhpDGXbKudhkDCB1hjR3hBUKjwscREMp6HvjyxBQN3yZZQjx6bEUod8FcY1ndPbQdu

Transfer 1 tokens
  Sender: 6DZoivEffxnoxte5LXCsjy5CLqsaXexRG6dH89SnU42E
  Recipient: 27mvGJL4Rbvyi1MC5NjDZTBw7A8tfNYhE17n7AefPSXF
  Recipient associated token account: 9Eqst4oBqbsXvwWWBCovvNKR6EJpchg54VznLWHftZTK
  Funding recipient: 9Eqst4oBqbsXvwWWBCovvNKR6EJpchg54VznLWHftZTK (0.00203928 SOL)

Signature: 2cfjjGFGbLxCHFACHSz9tidUbRLsb6gjSbbfmw53DykoJTBvygQv3segsgN3UdmS6b41T4CbgxKNUyuXXeBvppho

Transfer 1 tokens
  Sender: GTd7a5XcTtEgZn7HZhq2YeBVfFKXs5uptN4rpyaMwmGY
  Recipient: DjnwdU2Hj1knTjbpf2R2SMVs8f2VaABUgMHgNnRzjVME
  Recipient associated token account: AUQNrJ3jKERDAncVBUmdn8fSvxniZ1GLGXZjPahq8sBs
  Funding recipient: AUQNrJ3jKERDAncVBUmdn8fSvxniZ1GLGXZjPahq8sBs (0.00203928 SOL)

Signature: 4xyCQQmVMFaBhftNKyh2xZYwBuY61Wrti6mVm6qyvuu7AW2GHz4mMqomryXob2pGgz6wHfCsWs3s6Uv6nXyQqXSx

Transfer 1 tokens
  Sender: Di53ka7W6RpbFaALTSVj64F9uBmuU6MpeWHm1BkgeUB
  Recipient: EfJ6QZPqLmrYgAtfMhv7Q8m9H3hG6uJfoaieMWSrh8ZU
  Recipient associated token account: BXQuMN7N9uGw2ncZf2PQuepwyAHCPciVCNCxsH4AtFBr
  Funding recipient: BXQuMN7N9uGw2ncZf2PQuepwyAHCPciVCNCxsH4AtFBr (0.00203928 SOL)

Signature: 2PTZYfamzUHfVPxQNwSEDss5dkWs4dXKDsH7UVyX3NiXLHwKoZMmeamCxkPqfwXGHBSKzTwuGkQj59YfuUGX3hmY

Transfer 1 tokens
  Sender: 7cgsnPjXjWvmmoWLFeanX6f2TGZZBJ6QL9qxaKyoh6dU
  Recipient: 3UzdWiavQL1R1yAzZfFL7644ZFLx3BgSQBjzMxoLJy9Q
  Recipient associated token account: 3uywqcyAwQ6JV3PUM6vPWKdd4q4Q793y9KTsDkL97gin
  Funding recipient: 3uywqcyAwQ6JV3PUM6vPWKdd4q4Q793y9KTsDkL97gin (0.00203928 SOL)

Signature: QvhugaDfECsw1qujSpZvfqhpyG9msAXe1z7DfrxoLQbhX61htZvv6v73BF1NecVEPYD3w5pikigGDFwni934ZrF

Transfer 1 tokens
  Sender: 5wLK1CTiytwjgxpANZre86aNPUceUS3EN9uu2ubRTHBd
  Recipient: 2WkPKh2HqudssFdhTJRdj5q44oTwZrdPJQ2hGbgwMXrN
  Recipient associated token account: BKqeJBihS6tsw8j96oLEeqJaVwD6uSKu8impRpuQsjqj
  Funding recipient: BKqeJBihS6tsw8j96oLEeqJaVwD6uSKu8impRpuQsjqj (0.00203928 SOL)

Signature: 5PcRAgAW4himKtJiF6Arpj9arTcYFv9KZQUEeGjW8CThtyYGeLinC7vdbRBBwysddMWeGyYACAoXviLQjT6Bod7h

Transfer 1 tokens
  Sender: 2wNcT4uk3rkKn2N5EpGEwueDUozxiU9E5cV6WJyAiXTD
  Recipient: 51oET2dy4vCmZ1JMGYR9hbsvsLng1vcLD6z2AZp1uq1j
  Recipient associated token account: 4u1pYfjSjWq1JYDB1bnYCvefeDnUteP5ZPvysTQHTMnG
  Funding recipient: 4u1pYfjSjWq1JYDB1bnYCvefeDnUteP5ZPvysTQHTMnG (0.00203928 SOL)

Signature: 665Gcb1QaiQmLNNJGFXfYL5EZvpp2bV7JpGutqi3zfb5qqxq9NtDJ8M23wgvND8josi8ozMDd1dTrP2fhdgJ3A15

Transfer 1 tokens
  Sender: CjWYk9Hz6gEQBJkNugmE4XRGxwHyxxH3X5CRZSsGBxTM
  Recipient: 7KbmFStnBVAUB1NRKuNFdhzXtj3mfAT4jHLXoFvFFSaS
  Recipient associated token account: iKPM7Vyp6zZ7s9pW65YH3U8DvwBG7qRfdMwEWv7u5JB
  Funding recipient: iKPM7Vyp6zZ7s9pW65YH3U8DvwBG7qRfdMwEWv7u5JB (0.00203928 SOL)

Signature: 4Rs1JwtSat49tG7cghb86PmfBprPLUso86mrNDcoJGT318HUhSGaSR7cgYAq7g1Cmp3EwsT25jVRwx7peosLQ8gk

Transfer 1 tokens
  Sender: BE9DDxugsBPyn3caTBUGMTEe8RUUDGLKEQTF4cHZXEaQ
  Recipient: En3kUmaYh1BWHpFhzoR7rgM66ZpUe8EcvauX1P6qaAka
  Recipient associated token account: 4XF25DJyXJWwXGataNPdUCNCfNaqFT8mK8vRjMdkZGYz
  Funding recipient: 4XF25DJyXJWwXGataNPdUCNCfNaqFT8mK8vRjMdkZGYz (0.00203928 SOL)

Signature: 2FLFaRDXFZx6wFR12Pn5UhLLAedBZg24bn1jrTvbsafVA9dwdRSmNjHr6E5QgfC5YA7YJYnPspei1ZqfponSuxeY

Transfer 1 tokens
  Sender: HKgxQW7ujGmdkKXdkSUTZzw9pAzuQUwqLBpKpUcgFKhh
  Recipient: 633psGo7a98EEf5W7uRms1SoZKsEDbkfkQmpywgc66dB
  Recipient associated token account: FWW3trBhvmcxSBpFVD1bL9kQ9Q5gp2w9LxNaEu83BFW7
  Funding recipient: FWW3trBhvmcxSBpFVD1bL9kQ9Q5gp2w9LxNaEu83BFW7 (0.00203928 SOL)

Signature: 2FJmWwJQayNrvhZDM8rkWsCaGuVHXe3vmHS4VKpSe2QneG1tyWiwVuVgcWsww2Ten3gd8Ybn4Uqk8Uz2rLdJsCps

Transfer 1 tokens
  Sender: E8Kk1zYy61egFXfcSFh6PURCoUmUhLdKpfZmoU6fdq72
  Recipient: EoEv8EebiUmXAC64TkiWG68F5cjKY74M7Pq5zYFdC7c7
  Recipient associated token account: HJZSPPu3jnkP3HgSvDpfd1npn4DorHnGBcBFuKS466ZM
  Funding recipient: HJZSPPu3jnkP3HgSvDpfd1npn4DorHnGBcBFuKS466ZM (0.00203928 SOL)

Signature: 53HqoW9mgkD6x6pzsRJBnJSHarf7nvgyS1Hwxf2jGeMCJnZjXCviCsEKedvQVGp6irb2aYekavYDCyJfTTDfTESU

Transfer 1 tokens
  Sender: CkXoNpXRV417uPab5vV7RUBNnkRB6BpKxavSGCzkqu6Y
  Recipient: GoAAErjdcmu4aP5bzVZ9Nx5QsgfbZLnMwgTQcJkyaHBP
  Recipient associated token account: DzGRi1gtDDEUdjUfdMxJQudKo393eLtqf4fxpgfuSLJX
  Funding recipient: DzGRi1gtDDEUdjUfdMxJQudKo393eLtqf4fxpgfuSLJX (0.00203928 SOL)

Signature: 2LnhkoQmQQVJTw46obrr8sM6EDiueKeCNn4fzo6mTaiX8pTA3j5abykGLsf6BKM6zawoFjnD17JXHEVRRqz23hBX

Transfer 1 tokens
  Sender: A1RHbKcpQDGnEwRfjursZhNF183GADhYZqmk8qNqJQPY
  Recipient: GvZzyqEgg8UCmv7Ea2SikWCiYoj4iBPBzLja4Yn9zNSr
  Recipient associated token account: 2DqphJy3jLA1E3UipaxRms4Uc1f7QSS41mDQ47TxTpFU
  Funding recipient: 2DqphJy3jLA1E3UipaxRms4Uc1f7QSS41mDQ47TxTpFU (0.00203928 SOL)

Signature: 47JnM89jNybiBrq2bTQPUr3JJSpmJqkJATsX5LCck1EDpMo6Gcixtce5VwpFzFqPuwgFtmmGD2eTzMm5mvMpj8u8

Transfer 1 tokens
  Sender: D7uaPNAkRrp2VfpVBDjtiF49o2689hAG9tmJbGiAbiiy
  Recipient: EkHsWj67nEwZKZk8RQsVqn4t9vv5VgLyArLnSo4cvVCG
  Recipient associated token account: De2aCPBmNg1cJS7tvRK6nERwLzsQJjFLgkT9ppj1yfYS
  Funding recipient: De2aCPBmNg1cJS7tvRK6nERwLzsQJjFLgkT9ppj1yfYS (0.00203928 SOL)

Signature: 3bw4ewwcqJccpdg3LhR5JUqzyuu8c3FCfaTQY73HPZk2feyAP3k7NvoouEF64jD4MrvEGwvJdPEJ5n8in4xQrrwh

Transfer 1 tokens
  Sender: 8x4cNg3WePHYfu6DEHQsveWVGsZdYsJYNHSk2kwpAVFt
  Recipient: C95WjH7qmY2sdr5fC1PjY6vRy1WpF9ynY6kLHALZmVHe
  Recipient associated token account: DQfJ2S6XxAtVHmFozD7dXKkB2W2eVsHKJWwh1KmayTzA
  Funding recipient: DQfJ2S6XxAtVHmFozD7dXKkB2W2eVsHKJWwh1KmayTzA (0.00203928 SOL)

Signature: 5DCy2SoggiFWnGkTMnoDzeKg3Hgd5ajRxQAFJrbp6SWfoC3SUfbdFkDdtkppCpFWuVDJnYX4XPaeMcmvv1KAgZYQ

Transfer 1 tokens
  Sender: ENSqaD9an4dqc3y1qgkFzxaF1dEzc9oABQZzwyW8181
  Recipient: DTWsWRCUx2znHtuE5ac1j4p2BsQmKsGmbGTb7JMqSnHD
  Recipient associated token account: 8TiGNt4DCcxFUVC9C54t9XT5Yp9W3pWyTg3ZAK3fVddh
  Funding recipient: 8TiGNt4DCcxFUVC9C54t9XT5Yp9W3pWyTg3ZAK3fVddh (0.00203928 SOL)

Signature: 48ssDP3XvXLEq1rJ25scFcFkPat8Pi8fq6AjtccHmiisRfbphg9dbs622nEiG9CZZtPpybNM3ynVMgjAqeLWCjVX

Transfer 1 tokens
  Sender: 297xBkpbhXhMx4nzC6kw9gJp9ZSkSwKyhS7jreHu3Fye
  Recipient: Hbvnwkhof7tPGPpJ461QTt5ZLejyK2aC3LRsMTi4vvdZ
  Recipient associated token account: 27oE2fHeDeNC6UsDLpjEuEcugwdNEekKuJuk2gbQVtSm
  Funding recipient: 27oE2fHeDeNC6UsDLpjEuEcugwdNEekKuJuk2gbQVtSm (0.00203928 SOL)

Signature: 2LtwhCf6sMSRhZUQsuu2oqteowKuxbdH3QoDx8g5BK4KLWqMTw8wTeSGaYHR7mvCPXnBYguUtfpuPf6g5AgCyKZj

Transfer 1 tokens
  Sender: CtuPgqnPUsSmSbbZceFGweuzCBokgp7eqeHCCXzgajvz
  Recipient: 8XGaSpNJD2cq7dCZ3sUC5swg5TrHQ6LMEoGixkCN47rG
  Recipient associated token account: 72yaoJhiT5WWhKZNEx4LqQRcYa6wTjN5oc6BmFPeNFLq
  Funding recipient: 72yaoJhiT5WWhKZNEx4LqQRcYa6wTjN5oc6BmFPeNFLq (0.00203928 SOL)

Signature: 4GnScNk2WTvbuBzux2KiEvwEwR9Ny2iqR7eep9xS5iZ9s7LaX8SEUFWr4fP9ESJjoo17njuKMfZxZZH44CkAtapP

Transfer 1 tokens
  Sender: 6r9whsDxkw4AnWQN5VjYZNKzBQcHPYswMaHWmQZj7jf5
  Recipient: 6dWYKwXPMgr9dbsWsE8FgsTHgHudFaF8vvaQTvYcHnn7
  Recipient associated token account: 9F9fFpRDAyHkkimVn6zVr9dLdXZHhk3eonQ7FCWk6NZA
  Funding recipient: 9F9fFpRDAyHkkimVn6zVr9dLdXZHhk3eonQ7FCWk6NZA (0.00203928 SOL)

Signature: 25p6hYQ2xsv4ADSGy9SpPn2kaZtrtzK2AE6wL1hxg2qkWPj4KQrNozPBhA3njxrydWKQaGC9PtpuENoyKJWb9c2W

Transfer 1 tokens
  Sender: ABxt3D5xPGkumYnezcqgifrGjf1yqea6coHbHPzJayhf
  Recipient: 8kX16Yj2WBCz1sPXcimafGrutQkw3s3Swe9sR3gt3cC2
  Recipient associated token account: 4Wrb77o62KvvvZ9PQQryaP8m8bd3aZYvHR4jPHfaKN6w
  Funding recipient: 4Wrb77o62KvvvZ9PQQryaP8m8bd3aZYvHR4jPHfaKN6w (0.00203928 SOL)

Signature: 42YrgeWpgKznBThZX8p7E9xbdepoAafEzwfWHeFwToVuQ7sKVXUVtEYYknmeT9z4Qcia8UhkNPs5NKAU2SbSWMKE

Transfer 1 tokens
  Sender: FAUPoZwrmvQfF2y6AqzZ8Diibt8YKEaBcHe1QkmGFz6T
  Recipient: Cm8cYtgtfyULCzisqUnMg68aqqi12PGZScouQfJRfrG3
  Recipient associated token account: 87RJvHCXbGoohY8YZADkkWHYs2dnbjo3HuzxosMy89SQ
  Funding recipient: 87RJvHCXbGoohY8YZADkkWHYs2dnbjo3HuzxosMy89SQ (0.00203928 SOL)

Signature: 2z4YsVPqfBekPDiqNR1fRwsM9UoFj4rYnVnMSvLGUUU3qfHpzG8TofgeAnnumTjTHHbctoYzaBMxp8CLVAjqYmVh

Transfer 1 tokens
  Sender: 5hEaTbdTCtvc5j6KgkXTCLPvFi9z3YjqnJkWKHi9G16p
  Recipient: 5C4r5NE6VPqaPNTbEj79cDe5MQiF4DoYkKJFwwSmrFNo
  Recipient associated token account: BoJnVn8cVs1HdbbHfDCqtSUHuCgJWhKFtgFzz7aUZWcb
  Funding recipient: BoJnVn8cVs1HdbbHfDCqtSUHuCgJWhKFtgFzz7aUZWcb (0.00203928 SOL)

Signature: 4p8zWocjtg3gpdfbnwP7ReQZvo5aYCFNbRAA1Bbv2xEJeo4jNFyAZgGYMoJFPeJnrUBMTmJt6h2v5ibiNoiQjKDa

Transfer 1 tokens
  Sender: EcTzLMQyAvXfQr2EAND4NZwJRABJaQJpNjoUk2a5vTw1
  Recipient: 996Kb1a7W4mqbR6qxzEDBHJtaJv8bnpWmegLJxMtpg3R
  Recipient associated token account: 51SEq88wPtFbJY1mxw3njQNSamKR7a92eoqY5UMUCcBs
  Funding recipient: 51SEq88wPtFbJY1mxw3njQNSamKR7a92eoqY5UMUCcBs (0.00203928 SOL)

Signature: qiEaWWscjyVBof9tDxt5jWsrF1jfKBtN7T48fLRLEU4KXMJrgZBSprJRgTMCgTseeRoyDbrcUdApSiw3JY53dfp

Transfer 1 tokens
  Sender: CkGccn5hWAocEEkfhAgPhtLZt8J1m3hLMXyZth42FvRc
  Recipient: 8WYRXiQXQSoAMw8A25HuTiTmkg2Ax5YTaBxmHZk6s5LY
  Recipient associated token account: J9a4ygEzTnEwYERyCpjGH2JGxsSMWsF6bwXEAZWfvZ4z
  Funding recipient: J9a4ygEzTnEwYERyCpjGH2JGxsSMWsF6bwXEAZWfvZ4z (0.00203928 SOL)

Signature: 5HBkxndjUJ5yuAgy6TnCVe5hqvTPgcbwkwnsfBovG1J9oyfx4btcU7t6MHUwiY2WdZzpMC27wgXLVs6BTf2UNJCD

Transfer 1 tokens
  Sender: 4NYxUUVPwmgF9X5im5aFhpQjoPRXkqWvGSopRFDuuwCP
  Recipient: BVFTQzEas8kMPkcugksaTTuLnQJ8ESxtLryk4ngdyvjU
  Recipient associated token account: 61SVN9qf4xv2TmzVi1PyqnbjX5sjGsAUrmYzkHuWAD51
  Funding recipient: 61SVN9qf4xv2TmzVi1PyqnbjX5sjGsAUrmYzkHuWAD51 (0.00203928 SOL)

Signature: 65jyDDaGubyBVQEMD1t2pKFFZ8w61XXcjCDWaACHewMPMQsK3ayXX3EhSTXVDhrKYFMM78QBARQaKCH9LGP5RUhf

Transfer 1 tokens
  Sender: GiYYQQrtJhfMFK2Rj2y5jFDjjdGqG3Bf9qvwSPrNEXPE
  Recipient: 7RE3epAWNBBAHfcQ6X55V97HdnzWyqoPux8RMajBzTL2
  Recipient associated token account: 9WEczziTHDcngKNx5j18PZ8MRLTTvWtz4bzcsnrcrJGX
  Funding recipient: 9WEczziTHDcngKNx5j18PZ8MRLTTvWtz4bzcsnrcrJGX (0.00203928 SOL)

Signature: 2k4A9ziWWFv7YFAe64vXUHJgN6VwSisNqUU3pNrEWoA9N8PXznzZG9LcHVp9KR91C3WGsPppmeZcwQbNCfYg1i2u

Transfer 1 tokens
  Sender: 5yubHGSMY7kULn6vjqzdXk29F6hg18kFDL23WFAUj8Cg
  Recipient: 7PYmMqF6oEzFP4g6avSxUQBkjCVp4FQYjiAso5MNsuz6
  Recipient associated token account: H6PFqt3SDJfs91roJrWhDSs94QAn3vNE2EUgVP6KksjA
  Funding recipient: H6PFqt3SDJfs91roJrWhDSs94QAn3vNE2EUgVP6KksjA (0.00203928 SOL)

Signature: 4unLf1h61qiZ1ZK3NzPdoazUn9131hGEpyttk1U4YA53xXWcEkpttGU2KqzeJd7YN9S1JcNfLVgtPVDqbQSYUbWf

Transfer 1 tokens
  Sender: 4gHmsSxdTLFymC4Nh9tJ8xM4UZDd6WJJcJghEQwM4XWT
  Recipient: CWiXLx6juMmaq33BPXGJ1k2DPqzfDyCQWoAsUUe83CqP
  Recipient associated token account: FS4je3G1FUxfp5mSFGTFhYiKrW86BuDRJKH8Pj47AJX3
  Funding recipient: FS4je3G1FUxfp5mSFGTFhYiKrW86BuDRJKH8Pj47AJX3 (0.00203928 SOL)

Signature: 2DdFjvpf3uADUsHuudxx7YjFtzBe2c9qVRdX4YmkdhutnQbXrnfKCz33KbcvBpgZfMjdUaEm2MhbQYnBDn5SKxhN

Transfer 1 tokens
  Sender: 5TqzDScrVmgJUFdPABapiVqVhaA25jc2h1W4ptP5bUvB
  Recipient: 2KcCvxiKiWTu9XXLMSRnNqCgvZaLfYLx4aiecPJHqjrb
  Recipient associated token account: 4EPcen6sUvvSRuF8tippQA66TEKu3dELHoKF33eycCLC
  Funding recipient: 4EPcen6sUvvSRuF8tippQA66TEKu3dELHoKF33eycCLC (0.00203928 SOL)

Signature: 2nRtvLHz1wMn3oGqsQ8jnawmX9hh6Rkax4QWry5FxravHtTUVrAwn9n2VUcpf5pmaVG2Anu5Xu5D4RvNQdEs48g1

Transfer 1 tokens
  Sender: DpjbGWq89pweU4hwFCm5WENcPLDuVjSfNUjumDJtw59p
  Recipient: DWaAVXvNg9NcNUPLCwRbAhc8NVmFzSLPQCFuwkxgp9Tk
  Recipient associated token account: 86vx5xixAusK5aG4V9dxcPfPBD54MpJP7qAhcYKujeSq
  Funding recipient: 86vx5xixAusK5aG4V9dxcPfPBD54MpJP7qAhcYKujeSq (0.00203928 SOL)

Signature: 2Xqnzhx6DuV9cYUYLorQcMQFQ4TggFunJUCHQpBVMCvSBhvNmGrQSaT8xisKrFTANfKWrCtrMDiPeH7gmxz2LPVt

Transfer 1 tokens
  Sender: 4mzzWZE26BLkBH31pKxjV5Wg5wWL67AYuP5jF1YL32J8
  Recipient: AfYExBciqT9EnkgRRWtEaGmV5gTbGdu1cFg4WLL5XSco
  Recipient associated token account: 7VUNHehpeUqPnZCZ3VXo8HqPAewGrqyT5vsPRrPshBG8
  Funding recipient: 7VUNHehpeUqPnZCZ3VXo8HqPAewGrqyT5vsPRrPshBG8 (0.00203928 SOL)

Signature: i2UkrXQKSrHsxAVDMEoWP6kf3WWs7DT4NAKbEMrTNetYTF7Qm8ZNPMaQKoebkjT5RRZ5AmukscKTsKsNL3agMjE

Transfer 1 tokens
  Sender: 3TwYLX3u9fQ9xqFxnwbaADzR79TbUq4ohixuWHkEaTWN
  Recipient: DFxyADFobQLkNNYo6QgdJSyHhyYyQp1u8TVKc2t2otJz
  Recipient associated token account: 71CzLr1p7RtdGP9XBnFt4LUmAU4e9h49Ug4fseHC8xqx
  Funding recipient: 71CzLr1p7RtdGP9XBnFt4LUmAU4e9h49Ug4fseHC8xqx (0.00203928 SOL)

Signature: TvxHCKMd2p6DWXiDAccg3LGuuVys5dXgGQw14Dqb98QnrZn58VxAnPR5K1ks6Xq88bjuSpED4CPwZg7WyoBaYRw

Transfer 1 tokens
  Sender: 8auT3pwfhZKdJambaQcQQaNvD2kUSFbR41miBhWeiZU3
  Recipient: GpC9NZpcjA2qqqbbW1SVpuzkFfq5TNWwxVUTztRQ3WYA
  Recipient associated token account: 9DKW1AGyCqHZWaZHvt6CQhiNKYNYBFYfD2GrRYpXrHnW
  Funding recipient: 9DKW1AGyCqHZWaZHvt6CQhiNKYNYBFYfD2GrRYpXrHnW (0.00203928 SOL)

Signature: tZjbEkU7VRkMdRLQ5T2jfv4cSUccGG6497jEG48b6N7fjm7noh1wa6RiwEk3ASZEdXDTqzfbWXnCtQVjSNEMPGz

Transfer 1 tokens
  Sender: 7ZqvVT1aC8WZiXx5ouzEtZZGbUHCRqut84F29XrUA8vb
  Recipient: 619orKwaqxzLbhGEfRzSErV4XFZ8wisw9LtczU42jy21
  Recipient associated token account: C32hHZwnYCpKduXZCTEe9D3sKGPa8wTnETBnsSAam25Q
  Funding recipient: C32hHZwnYCpKduXZCTEe9D3sKGPa8wTnETBnsSAam25Q (0.00203928 SOL)

Signature: 66Qe9cactDx6o1kVHjjBt1NgXmm4gH4PpZRnPVAAxUgzwBBKQB3ZkEi3hT7Q85L2HkD9MA2NFJ7RirvLbbC8VACS

Transfer 1 tokens
  Sender: 4ZJwXAchujGar7VdtAy1JJhP25vXRgPanTRbuSQdxJPW
  Recipient: FRpBi5GZazQQGPni9TCb25GhfK47hWZqk2JFT8Zb2CAp
  Recipient associated token account: 78QBEBZ2iZmH9bamvoZeHb3u8DkK3VnaNw7uiJ1v5ruk
  Funding recipient: 78QBEBZ2iZmH9bamvoZeHb3u8DkK3VnaNw7uiJ1v5ruk (0.00203928 SOL)

Signature: 3mgh5qAzvBcotg4UuCPu7YE8PfDVzawKfBv3f1ATznFAY3Zo6W6jdCFYfNzLrPwkxMvAJdoREWpuFuhCwvLE7Kf9

Transfer 1 tokens
  Sender: Dp1MQLBc5asH7fK2cGAW2Ef3EUMfn1ionucT9oo54U1k
  Recipient: F3j8ERCWdMVf4NcxtXuStdp5RNCB4gvysnyFKEQMg71b
  Recipient associated token account: 9ERdR7vfSMyUPDbLQzMyrDZwZfj5XX12kGqDp99eva3N
  Funding recipient: 9ERdR7vfSMyUPDbLQzMyrDZwZfj5XX12kGqDp99eva3N (0.00203928 SOL)

Signature: 4fXb9RrRw6URdrajtgbPpfC4bC5eHd7uwFotQpNGiKq4SEdo48oCA3AcWj8d1Lb8nbsp1az65MJL34d8RkJ16E9v

Transfer 1 tokens
  Sender: 8QWEBsVNSiFjHqE4CgtEjrASMyKKhC16Qh33QGyJLr1g
  Recipient: 6iNFKxsD7dNjoxykP48BZSb27DJm7piHuQquxDrrv67x
  Recipient associated token account: 7ditPKbo3KNDH9qY82sPuedaRt9xkFvUhTkjo9td8oHj
  Funding recipient: 7ditPKbo3KNDH9qY82sPuedaRt9xkFvUhTkjo9td8oHj (0.00203928 SOL)

Signature: 4vrUF3suxwFrkFzxXRSnSDJfv7GU2CgY5FbFEpKBbptxgW4JnHsPaQtv4ugjd5N2X5xTpCivhHwktGMi2czuxNFq

Transfer 1 tokens
  Sender: A93Dp1vULwZLZaBvqUTwZ8ZWTEK4JvY4BWUu7spB6EFs
  Recipient: Cr2uPAtEmKCMBU1UMtSxG3gWdm3votJ7vPYX4ZjH19dr
  Recipient associated token account: 58qnj4BiVHJ84zqZ5p7fRZksZJsnowSeWusCNcWtUQkd
  Funding recipient: 58qnj4BiVHJ84zqZ5p7fRZksZJsnowSeWusCNcWtUQkd (0.00203928 SOL)

Signature: 3cZXEwnJXQsL83hyeobehu49PsK6PC8kcKMnJkyrZgBt5sjqyzmZFrEHTcyjBkghKwzkxFfEnXnJxjA9UyPX3Jvx

Transfer 1 tokens
  Sender: 7QYUjdA2t8qT91CcXpRdhTMMdjPTsUwMRuLpPCRhWzva
  Recipient: 4TmDvfv5XDiPaVMX7RkquWkhSvyP1onjfdLAydP7WpZy
  Recipient associated token account: CFUByM6JnoirZBiPCUnDSFroXykHujfNThWsDhzSiyHU
  Funding recipient: CFUByM6JnoirZBiPCUnDSFroXykHujfNThWsDhzSiyHU (0.00203928 SOL)

Signature: 3aFhqkf6fJ8DqL6r9bJy1eF7fyLbg4gKp238Wm32KyyFcSVNm6HjPoH53WpfJFV5ELMm8D4Er8ZeS1SRhcULnHz7

Transfer 1 tokens
  Sender: A7f5yjSb9BBGJ8yLPqpM534rQk1snJBsJzvUaayAyyRg
  Recipient: FSVxZGe2J6Kr92xdQYpP74dxd4uT5Yhbq6s7SPxJF31d
  Recipient associated token account: xtGtzYda8haeiVHro57EUFrtwbiVm2pHLpkRAvu81nh
  Funding recipient: xtGtzYda8haeiVHro57EUFrtwbiVm2pHLpkRAvu81nh (0.00203928 SOL)

Signature: 42KzbF2n75dzkrWMeyJtYJHG6xAiVb6ZGrhpAXK2d6XVMC9EQYsT232NrsiGP3JSDmLsFoA7E8KJgjUrTpVdYcpX

Transfer 1 tokens
  Sender: C4SaaxpxyDcLRyUsrt2ufiYRGuLJ9i6VbpJkPNipSHn
  Recipient: BU9GQbSnXQcF59sm5VW5vM4QP138cM6s2vV4p4HhrDjY
  Recipient associated token account: 3EJtcEcST5d8GttmdZwhJAUy4NXHm55JTT9eAojKsUKL
  Funding recipient: 3EJtcEcST5d8GttmdZwhJAUy4NXHm55JTT9eAojKsUKL (0.00203928 SOL)

Signature: 3LH9fG8V1D6AfTCf681F18X4YK8xr8u3U77MN6U2MwsmoJvKNXe2mWjEWfUi8QBbP3yvx3TXSdF1CDz7S4Fkb29P

Transfer 1 tokens
  Sender: GMtSG2QkXGA9gqtRFHr9JVVfpXjfpi9wfJugFj1C7Wb6
  Recipient: 5nH4SNp9Hhigqmjd8spT6UyLKN8okssmWJ48uCGfWf3J
  Recipient associated token account: BbqqDnacSQNpQNor3oxB582D4UnEjFvesFtvQfYNSNtB
  Funding recipient: BbqqDnacSQNpQNor3oxB582D4UnEjFvesFtvQfYNSNtB (0.00203928 SOL)

Signature: 2Zp54oASmCudSz3MZDQYT3EnshxoHk2Wp3QDAoBmZTQS9HFKAxETcRpvn9d8SpAQJL1BZDcATPyz64nWjdT3PDjB

Transfer 1 tokens
  Sender: DEBQSEkxyRhxjye4CqC4efvi6mL4x1wtBJSHcwsb7ox4
  Recipient: 33apeLJZtc7FvMqWoLU3yWupJCN6ijGkKUD2gUmjhxe9
  Recipient associated token account: 2czJE8NQhQJuxFko34Bzpg7fxYeghU414CKofj2aLWxh
  Funding recipient: 2czJE8NQhQJuxFko34Bzpg7fxYeghU414CKofj2aLWxh (0.00203928 SOL)

Signature: LL519RnZTHGjNJyMU9HExDMLJgoZH1AC5SM2MYnUtnWB2BhdxMa3xouVvscGevViUXFCfd9xHjk3vmpFtT376dR

Transfer 1 tokens
  Sender: ENac6zAbJmGyMutiwKQiJ8GH5Kf2fkwTxeceLKvyZQMZ
  Recipient: CP5xJzHVKRe87vLcvTS8oozATSFwoDB15VtX4uaRdFfS
  Recipient associated token account: HL1TCUisrisr6Z3ZziVfmg6Dq85rYSCojv2QcaL1eu1p
  Funding recipient: HL1TCUisrisr6Z3ZziVfmg6Dq85rYSCojv2QcaL1eu1p (0.00203928 SOL)

Signature: 4usxkpVByvz7gqzB5MZr5gJ5cNMmjAdL1kMYwxYutjaw5wgUR7LAGdZ5dNcqPGwKCAz2ePk6MFn3Z61Kqp7Nd1xd

Transfer 1 tokens
  Sender: C2ip8YW2BDigBgCA1Xm5EXq3nhgQVeVCvhPDQdHC3vZ9
  Recipient: 7engHFGfqWM3GTvWbnmEy5a4crSD3Hvu8S828cTkRLA2
  Recipient associated token account: 2395JYA2enkhJ4d4ZczDhT6apa6mPNmwszszpjeK9hkb
  Funding recipient: 2395JYA2enkhJ4d4ZczDhT6apa6mPNmwszszpjeK9hkb (0.00203928 SOL)

Signature: 5C7UQkqqKXycZL4taapTnTNqCEP1BqoViRx3kqV12cnEZhUKJbMYZYC8tgG2LKhvyNLu7Drodv4NU8Uhite3kReM

Transfer 1 tokens
  Sender: 67mgiyLawBS6WDaaCRRzUMczgPnBaoD1eYiGqGcSoNtc
  Recipient: AkdfJa5NmE1pQt3Ai7DpgDg8kryN5qTZirp6LQcpen6R
  Recipient associated token account: FA5kckx4cU2AyNhY81UPxVrNo1HfbRHks2yGcX5d6SN
  Funding recipient: FA5kckx4cU2AyNhY81UPxVrNo1HfbRHks2yGcX5d6SN (0.00203928 SOL)

Signature: 43pmcqW3uxzLGULJMvBcEveetoTKakKCtfNViM6VTf6phxYUvwyvbMZC5bbpN856YH9xsEbreMwv5xixNd631obM

Transfer 1 tokens
  Sender: AbuVK1Ga9dRbC2EeQHe37T9Pd9eq2F6wvYgNaLEexUxF
  Recipient: 7Pu7nd4zT4tytFNBRucKANZZEiLHfCNjyFLLLHa3qnKD
  Recipient associated token account: 199rUwvridLCwrTkRBuQt41Wq3pbopg1Cmw1Jo64fvw
  Funding recipient: 199rUwvridLCwrTkRBuQt41Wq3pbopg1Cmw1Jo64fvw (0.00203928 SOL)

Signature: W9emsEsXefHSzRM73w7J8bSHr5LmCTykn9rZsVwax3tFEvKJZyjB8m4YjYsjLhAk3tK9WfF2DRaiG5NTvYGkPH5

Transfer 1 tokens
  Sender: 16qAhVQLzrQ9SEChn5UZffjjoCqno8g2N5NJMSUi7JD
  Recipient: 4R8BKiQax7Qy53MbVamkU2MQudNeVLpGUAzrann3yp1S
  Recipient associated token account: FH9ntEGBpuycpQjAWvxyoCzbVvxhD7FxBpQVTtxobVzB
  Funding recipient: FH9ntEGBpuycpQjAWvxyoCzbVvxhD7FxBpQVTtxobVzB (0.00203928 SOL)

Signature: 44wpZn7WJxcR4BWjFD3E9MnLVndgmsskaT38N3q13ssXf4ey5YQrPNPuL6yAqef2oDcmxRjRxFvKywgG8DzDWyWq

Transfer 1 tokens
  Sender: HX4WQJjGSSosBQVsUW4nvEC472zbjvxHfJEMMNKBeWzK
  Recipient: 56aHiN1RoxUVbiLsAWFQtRQqa7Y1qrpGpY8zb7ovCMQX
  Recipient associated token account: 9A51TExrC4NsTYgjKhtirqVUuQBnwPaBpPcEruEDa4n8
  Funding recipient: 9A51TExrC4NsTYgjKhtirqVUuQBnwPaBpPcEruEDa4n8 (0.00203928 SOL)

Signature: 2gKBmj5bcQgjA6LkBCXRSbdceovLPDWvsSm1Z62RadCSSvkbswr4HL6Lz266Gd96oGfP3bJQsMSHVh5PFKuu5ng1

Transfer 1 tokens
  Sender: 5JWQ8RD9QpDdLAvd9AwShGJMcDLB26XbxGVM55dgSRRZ
  Recipient: EUeFX4BL3uth2GVG8R1kj43ZA9cZS2mtgXeB3nbSGuHY
  Recipient associated token account: H41zCddimphKCdDGXgjhXa7CYShigD8tkZ65knyexRtG
  Funding recipient: H41zCddimphKCdDGXgjhXa7CYShigD8tkZ65knyexRtG (0.00203928 SOL)

Signature: zACixh6Hag68JthF4caJW51XtGKjdrCEw65QDQHoFhwwk5Lq2k8wFTDbt9frteh7B2p1SxK9mGX1aEbbcwdFfb7

Transfer 1 tokens
  Sender: fdqXoUtLLSkaBYADNdLVYnEGb7QQKPNgkqcs6o4j3hH
  Recipient: BumB3NaNkK9E6FLsCALqP71HgMZDF1EBigmt9p7Dckw9
  Recipient associated token account: Df4Z7UcuuvejRBnzcrq3Sm1PZsggdWhr7oTfo8YeQB5v
  Funding recipient: Df4Z7UcuuvejRBnzcrq3Sm1PZsggdWhr7oTfo8YeQB5v (0.00203928 SOL)

Signature: 23divNULH1HwgcdEWT6eWH1d25zA8eFtq4ntxtpp6qd5dCmVESD9cAvBjHJwu6dADL8ekkaLRxhC3XQaTroV3rzf

Transfer 1 tokens
  Sender: 9Sbc16Y3yxXJoos8rCpexaZMVLUG98pCvi6bLTRXx3g7
  Recipient: EppxE2vDF8cBrRmJ2BSYiJ1JtHcPFV48YR4NkRD36gHZ
  Recipient associated token account: 3caeB11yvqrzhh9n77AhzBaCJbWwmN7myLJwAGFEHq3s
  Funding recipient: 3caeB11yvqrzhh9n77AhzBaCJbWwmN7myLJwAGFEHq3s (0.00203928 SOL)

Signature: 5ogPNpexBxM8nqX5ojcigbdwATZ9QeuBr2rMcbzXdEF4hiyK5eGbnKs1zGG3y2dHZknDNtsWrGt4mQR3RosrZ5Rv

Transfer 1 tokens
  Sender: GST2hbbVbjD8MWcgBm1RkmJf7B1338i1ddnVpTNU2k2Y
  Recipient: 2v3WPU4g26Uor34kTbXtshNqu8WR9WBDhAzM5t8pYRYV
  Recipient associated token account: 6d5F9xvc7HwZZyw99jiqykTCCFAzJnfrVmRcKFiHhoxF
  Funding recipient: 6d5F9xvc7HwZZyw99jiqykTCCFAzJnfrVmRcKFiHhoxF (0.00203928 SOL)

Signature: 5VpmQ82j9Kf71z1pu4Zg92aLnm4JW66B2CydCecHDVKnud1cHqumafLwUoyyS67Bf21iNBg7oUZmNsnAcqX9ymnb

Transfer 1 tokens
  Sender: 6jsBmwV4c4bsEbemSZibv6W9QNH7PKQrbKHtPgsV1z9d
  Recipient: GJmChboD1FUPXGZAHsyj4wN5pi6rv6qRpigwM8LR5StX
  Recipient associated token account: AbFPpZcydWMYkqWSN5Z8uG23yK9KtWL5r65d9pjszCQ7
  Funding recipient: AbFPpZcydWMYkqWSN5Z8uG23yK9KtWL5r65d9pjszCQ7 (0.00203928 SOL)

Signature: 648uVwk4YbVej1C3dMFHTzoGGuangvRwh4DnHUagCLwWgrDVd7PhiZ93HB4kY6PCuizhTFCpdggs6od8BECDoAMh

Transfer 1 tokens
  Sender: BJ8PeyM3z9DipAnEXgwMcdQZzuGdKrva8EQ3QbVVdAvn
  Recipient: 6Xk8d5MFs3n2QcjUxmSPvq82pTtzTdmDkNpwHJQGHqJT
  Recipient associated token account: EPxZxyzEKcMBWYrvynH81BBuiBzYyEFSVkqnzyFiLtEg
  Funding recipient: EPxZxyzEKcMBWYrvynH81BBuiBzYyEFSVkqnzyFiLtEg (0.00203928 SOL)

Signature: 3f87gxyQkrFpgpobYLwJ5VDC9vSNn565Qd2NyUQeqwkuBAqR21i9GmLoKBTX8WMtVotNAVt57STeKzRH5KfUH5Xu

Transfer 1 tokens
  Sender: 9CF78a7GsNSD3y31JHu8As2HPeEDwfkSFseg3fcQCmFC
  Recipient: 4cKqqwoADnQVUAapaq1CrCwpBwbvCSohZPzB8aHooJjk
  Recipient associated token account: qK7EhQPUaQmgXB9HSRVQq5xP9Fb4Qu8ynYEE2Q78Rta
  Funding recipient: qK7EhQPUaQmgXB9HSRVQq5xP9Fb4Qu8ynYEE2Q78Rta (0.00203928 SOL)

Signature: 3j9sNDt7UZJH2DMtzNM1zv8KYurfp2qunJW9AgRJ28pjLADiRbtdC23zFp1zfJsBWwjcepvxzNZCCL6uQPqYfrw2

Transfer 1 tokens
  Sender: B3p9yZSHh9mg9Kw97Nrynjbqw2QDqm3jVJe2ApXHwueu
  Recipient: 4ZSovm9eppfPrsiXbnApe51uQP34rSJMnMUz3cMBswAJ
  Recipient associated token account: 8t6dbBnU3kZEdkrRAojTA53pSDqCQ3dFS49NP6RGr7YU
  Funding recipient: 8t6dbBnU3kZEdkrRAojTA53pSDqCQ3dFS49NP6RGr7YU (0.00203928 SOL)

Signature: 3irVFCMU6DdQXQ1gzZaTxiuQfiG22yrMCFAZKztqoJ4WvamLRaC4KFDTQAtsp3cDpxAnSi59Wiggi3YdQm9vgDeM

Transfer 1 tokens
  Sender: CuRvvdC91XH9Gvgu6uzrxgUiANSMPndZf7m2htr2tUxX
  Recipient: ABnyqcA1nFPtNVbUd7XcUcJ7YgcyqpMk9rAJtmWhkAvr
  Recipient associated token account: 8tFyNJePwP6J7q67giXYD3K7JAYLxte7d76sE6qXi9pv
  Funding recipient: 8tFyNJePwP6J7q67giXYD3K7JAYLxte7d76sE6qXi9pv (0.00203928 SOL)

Signature: 5eUB9S6bVpb2HHF26wE9r1EJGTKT3FJn2xHMWX8kHaXttpZ42YDQLM4zkXypC3gccQpB4HNW6wo6mQYoLjqYooGG

Transfer 1 tokens
  Sender: BWTa6iHr5mvaw8spnjNPNDE6k18SNfeZyKGWTVeqxfA8
  Recipient: kEfdMW1cwHq274Cq39VzPdmDJGpGegnFEYJcZgSgdMb
  Recipient associated token account: 3R6Mp8KtmGZCX7CxS5EnGLqoiyTGeMkZ9hfA558DamrQ
  Funding recipient: 3R6Mp8KtmGZCX7CxS5EnGLqoiyTGeMkZ9hfA558DamrQ (0.00203928 SOL)

Signature: TVvLputfjugcW6GpCHgsGukjydHWbWg6UHzkiKvgbxa9cYBp7QPCk5rdGnavHms1qHkaYLbBhiK2ebVBjQwAPrh

Transfer 1 tokens
  Sender: B1f1cCBSd7xEw3PCvsuQESr9DrHgN81etWCmhSamTfJp
  Recipient: DdT3rv3GuyqSK9kWX5f8HkU2BuCe27V2E1FeAx2jCFeZ
  Recipient associated token account: zbRwXbrHXjRoc2qim8CxSETT4FVhuZRyGuyQz5EyvDE
  Funding recipient: zbRwXbrHXjRoc2qim8CxSETT4FVhuZRyGuyQz5EyvDE (0.00203928 SOL)

Signature: 4qXPY7ejDnrSLJ7BMUBkHnXLKUSR28XBvdXYyk9KiTJXPKg9pExM4Md893k4DDsDZBykfhvrhP5HaFmgaszDF6yN

Transfer 1 tokens
  Sender: 8KmC2YmcsG1NjfobzRRSRairbzEKbqYgjC17BbFckhBQ
  Recipient: 7ciBnPdADY8TKTsGHJaapei7AQctcWZ5VBRZ3BEuokhR
  Recipient associated token account: Ai5D2SMsLB3DHkDvK7ztzgpMS4GqwzKdSZ15gGcHSfvn
  Funding recipient: Ai5D2SMsLB3DHkDvK7ztzgpMS4GqwzKdSZ15gGcHSfvn (0.00203928 SOL)

Signature: 38TxuZ6KBZMWLtd2LcHNDdWCWeoFGcPwicZPgVtcLZdTiEDGXqkd31i74Uo6fY1DYNrrdF36UMYVHCdfxV1vxQwa

Transfer 1 tokens
  Sender: 6yBpg6CLUXNbCvBzSaevrbKQ5G55i6KNUaLZVAVDLVbv
  Recipient: HXFXWxrQhrwFt8RPa79CcM5R8TsjzChsrrZQBX5ivZEK
  Recipient associated token account: EqFiU5JUo846v8jRFRm7ykimjgcYnRTC1gEMMGpqXkwV
  Funding recipient: EqFiU5JUo846v8jRFRm7ykimjgcYnRTC1gEMMGpqXkwV (0.00203928 SOL)

Signature: 3v5sJz9Tr7he5vLb6H6QXBZmquSRNXzn3UGLvJxV6hZFgX7Ei2N7bkWwYzFj9jkadqVW9mbTF9FdnL1YSM9HrMvC

Transfer 1 tokens
  Sender: 6DYW3f82DM4zGMzcqjTBoNs8HjY5sU2w32dEvyMYjygz
  Recipient: EvufwkwZqmMzueTyde8SVLAzmAqsLhq1k2wr8drtmvyG
  Recipient associated token account: Ao3a1yPG3xZoh3DGToF94MsBvv7kbtPKWenXW9VN2Zw3
  Funding recipient: Ao3a1yPG3xZoh3DGToF94MsBvv7kbtPKWenXW9VN2Zw3 (0.00203928 SOL)

Signature: 5PjXfYss4aHq1oqg2hnat6suvK1dEcdtQrEY4m7n1LEEyx7Teee1iPCxxacRvTFVZP3dwH2dEcWyYDefiNecEPNV

Transfer 1 tokens
  Sender: 6KraQKuQeUTCALJUeHKxxpmj6ajEADBmBZFeXE8L8a5Y
  Recipient: FjLV8aGW2uKPqu48RsRJsArHNA5qJZda489eYzxgqj9t
  Recipient associated token account: J9Qar3qbf1PkPB1B8CsFtmqX74i5JaH3VYnJx1kmT46m
  Funding recipient: J9Qar3qbf1PkPB1B8CsFtmqX74i5JaH3VYnJx1kmT46m (0.00203928 SOL)

Signature: 2kRWvAfwpQ4PsNELzQvvpveenVFq7jrKxWEVZjaeFxXHgJb2SXp18QXdbjF6mbMdYzvZFCPNL7ezUo7ag2v4ZccU

Transfer 1 tokens
  Sender: 4J9JAsK6rMdEyPkLtE9YerHNBzDTNEKpUf2c1T3vXPcm
  Recipient: 7UXPNuExpLc3g4GiGJv5NmTqAbJVsBX8dtyiJAaYMQ8q
  Recipient associated token account: GVduUymQcTfNw6fALFi812ULjikCTQzPJLWa1L3x4XNR
  Funding recipient: GVduUymQcTfNw6fALFi812ULjikCTQzPJLWa1L3x4XNR (0.00203928 SOL)

Signature: 3hGxBZ652HdyrT1pbBufqkgJhAFRMkrH9YzbXrBjWCWfgV1doUMLWQfAJJZb4sgU52bXiGwEecRpCRqUwbUDHYcP

Transfer 1 tokens
  Sender: ECnQC1n7hyByVarFDfsMnEDAbqCiaSegAeg6xDTGgH7g
  Recipient: EEUHeJFM6mUeN44v3kpepHXXBcGY8xV38TjTNxHEt76U
  Recipient associated token account: BRF6jzsjYc3YebNFrHDXupuPe2PbaxpgfapaW94ouy1s
  Funding recipient: BRF6jzsjYc3YebNFrHDXupuPe2PbaxpgfapaW94ouy1s (0.00203928 SOL)

Signature: 3K7os5wztWWtouZVeb5jhj6sejHQ6Fx6ExL1FZb97VQ14SzhxM8peTaRuqAkwfRfwHtXgLroHab6gjEB51Ns2bNK

Transfer 1 tokens
  Sender: AsUDxeoYzqBnki5Lvr8fdUHUcBmYdp9EUGs86QRjhgSZ
  Recipient: BU9GQbSnXQcF59sm5VW5vM4QP138cM6s2vV4p4HhrDjY
  Recipient associated token account: DCN2RH78DJ7abdqdKP1aMUJTdJAZBxGaKKtJcsw9aLw9
  Funding recipient: DCN2RH78DJ7abdqdKP1aMUJTdJAZBxGaKKtJcsw9aLw9 (0.00203928 SOL)

Signature: 48Sdq2n7dw4e2TP2rQrvxbRXpGRrTbJuKLi8ZegoqihM2XFVp9CiZSxodXSyok12yXAgTgsG4eVuoyntvuhmSZ73

Transfer 1 tokens
  Sender: G5KUUV69jhVqBE5VxKCbbVUath1Wus4yTCpJ43LfD5hZ
  Recipient: 6hK4TePe6J2MAMeb9AWcFwi3XCMwpp67BXaxuxFmNKR9
  Recipient associated token account: EBNtd69anLBYvA4K6wUbKwuNRi2UyNRHWoevdYvk3RHM
  Funding recipient: EBNtd69anLBYvA4K6wUbKwuNRi2UyNRHWoevdYvk3RHM (0.00203928 SOL)

Signature: 5KMpA7rXaVpSVjNyfmw4BGNixgFKmza834oh5Y1dmYqLDnfyw49x1qoyU9BVs8RUxj8S6tJheLD5JHcffjzs7wUW

Transfer 1 tokens
  Sender: H6rMoaDLVjbBeEFTT9DENpTXwrc2AHnvpBDnG7UNP2CB
  Recipient: 51oET2dy4vCmZ1JMGYR9hbsvsLng1vcLD6z2AZp1uq1j
  Recipient associated token account: 91DSqG413RNbjw1BsK9nJcFGE6T2AbuZnhnbmN935P5f
  Funding recipient: 91DSqG413RNbjw1BsK9nJcFGE6T2AbuZnhnbmN935P5f (0.00203928 SOL)

Signature: jBpTaTcfWkvZTxjSfML1vTzY4bjtpRifofyTggdHtnuLT2etc4y3zhCqU9MArfuZoeT1wWVxXKRGuTp6BfP6r6S

Transfer 1 tokens
  Sender: Gz5V8PHZcdEekT2qsigybcPEJcZRnhwheQ2dAK9235JS
  Recipient: J5A3v9dXbrMiSBSFSTKfFC55jPwpn6MaavuDK5Q9UAn8
  Recipient associated token account: F3nRh4WH7Q2phyojprh5uqHQj1Sh6RQnXo2BfmwxPUyJ
  Funding recipient: F3nRh4WH7Q2phyojprh5uqHQj1Sh6RQnXo2BfmwxPUyJ (0.00203928 SOL)

Signature: 7mrDDNhtUNAC7x7TvSextKnGhdCcMwWLLuYKMsjjf7eAYBcXooY9aZvaFKxhTgFBGxfwzjJk7zmHuNj57c1oNC8

Transfer 1 tokens
  Sender: HLUok7YMh7cZPwNjhvU7dBtT49SqVuAR3y3JcCeV4gAk
  Recipient: 8FtqS861655sZyo1jnjorkNCE9Zh6joPNVopLy5X3Wdd
  Recipient associated token account: 45xxeCydh9Z78sp5WyZBWmPwmzdmS7CggWQEoh3FjaZN
  Funding recipient: 45xxeCydh9Z78sp5WyZBWmPwmzdmS7CggWQEoh3FjaZN (0.00203928 SOL)

Signature: 4AeJoHMKAeUEMwWF9L4jtz9oUgVLB6SpjynZkybtZQEXqAcB9s6gSVVtoaj3aNg47pRywbgW51HVBNyVNm2kkseU

Transfer 1 tokens
  Sender: 385m9DNRiUHGDtFeq7EFFHgmfAVxeH3TizA7NaoXKLUm
  Recipient: 8nWnXehVLWEDb3nT1k6WxVQ1f96a5Wy3zsNN8GdKm5Vi
  Recipient associated token account: 4S6L4EzGZ3PFqpj9xxoZKpAWQXacaENsE61zFqH9Pv12
  Funding recipient: 4S6L4EzGZ3PFqpj9xxoZKpAWQXacaENsE61zFqH9Pv12 (0.00203928 SOL)

Signature: 4QRsnVjtawhqZWE4hthRQ6PaybWEy99U2pEttk5boTJVjHhpM5V3iwnn8FRuYPEX5Y8RW7cVDAZw7pDZnbSSr1rH

Transfer 1 tokens
  Sender: D6c4mn3gwaSCKKTpdcAEGoLpSDzg4vm7VL8KthusFbUf
  Recipient: 2n5PbADyQXeCMztD5wnZjF3Nn2w8PmCmqSQ68TT6Q6KX
  Recipient associated token account: DmtVftoyj5NbJCG52f4uX2aepAbcAroQhPTdRtJU9JZS
  Funding recipient: DmtVftoyj5NbJCG52f4uX2aepAbcAroQhPTdRtJU9JZS (0.00203928 SOL)

Signature: 3pb3Wq3A4tBnX4tLn7iWxtNHToDfpF3GbCyTSGPcamvzP3kXCrHXsM8FVN6P5SrtRgky1E8VkMZ1WNVyjNWB4ocn

Transfer 1 tokens
  Sender: ECzY68GTYn3YQcpToJmNcqE217MAVGaUe2f3MQ1c1LG3
  Recipient: 91Wuqdn5v3RW6E78XiZs1zdkYg8Xdop9LDcsp7Yefkt7
  Recipient associated token account: ErATwffxDR3J9zNZqYtERUspA5pMfX6ajwTxebo9f9LW
  Funding recipient: ErATwffxDR3J9zNZqYtERUspA5pMfX6ajwTxebo9f9LW (0.00203928 SOL)

Signature: PfLsVMbmzkvt2eciCp95wrWUsfcXbsUAFQ9oZ8RrvtC6XRdeE7CSMu7EzypptNa5Sn9UamjcgPEShGfXzjPU3Cj

Transfer 1 tokens
  Sender: 5wTNkyoU7ULT6TJALqQ3Mw4sA9JxjfynqGL1rtm8UqbQ
  Recipient: D19N9udTVk5VujnBcmki6DTQMnRJCcZYs6yB5w3zk9HS
  Recipient associated token account: 7Hf7Bat5tJ7Mt5WrY1QzinWMBS1xpKJdD7iCTDwh1fE9
  Funding recipient: 7Hf7Bat5tJ7Mt5WrY1QzinWMBS1xpKJdD7iCTDwh1fE9 (0.00203928 SOL)

Signature: dEQ8fZWmYUQXa834DCHAXvPYspAoAwdSQKw9BrqCp7aVAkxhEYNjDiHxJePzzofjzngk8zYed1mZD2LxVRBuu32

Transfer 1 tokens
  Sender: 3o6yLBqKaZkCSnMcY2USWxEktg5oyXGjbseC1PCvXR3W
  Recipient: CWiXLx6juMmaq33BPXGJ1k2DPqzfDyCQWoAsUUe83CqP
  Recipient associated token account: 8NQqxBkfxLC8u6j2P2SUo79zWzxmqe8qAyZ24XJwM9aL
  Funding recipient: 8NQqxBkfxLC8u6j2P2SUo79zWzxmqe8qAyZ24XJwM9aL (0.00203928 SOL)

Signature: 3oZT2ot8vuBLbrgapE3Ysgw1VTBChSNy7nLxpjtaSER7ApMgfWyjK3pPaM964AUqm2xCdkZyAGphpy1h4mrnDhxf

