Transfer 1 tokens
  Sender: JB1EkPijfzkx5LkCDr1tBQkCFTnrbxF4GDTXT3nBotnh
  Recipient: 2x4bYCr864KM576uoXnoVVRGviA3SxgX9oA3QwcnXPVS
  Recipient associated token account: B3HFSajn4JRhcdrD6PBMZSaRwo5mw53EfbmWQ1wxmvm
  Funding recipient: B3HFSajn4JRhcdrD6PBMZSaRwo5mw53EfbmWQ1wxmvm (0.00203928 SOL)

Signature: 3s9xMeRRPYuxy3DbmFcDLVik3ZXoHfyYkwG3jVUJX9FGFZEWkhwusmM3zhMzznnfcpSEzwxhHg6nF8yf6qrmSq3J

Transfer 1 tokens
  Sender: 23ra5udcSPSBaP8CVQi9tngCmhH5kM583pRt1trhu3dt
  Recipient: 6DNn4M9Sm4Tt6qTXCjmmeMJ2QBqeQAwSXwKBEHDVYhAm
  Recipient associated token account: 56cF4CdoKFq6ujrDS8U8RxeetrGdFFkrupRNH9N2EH3t
  Funding recipient: 56cF4CdoKFq6ujrDS8U8RxeetrGdFFkrupRNH9N2EH3t (0.00203928 SOL)

Signature: 4foV967omWWarrFNiEGEA7L6QGgXC2su58PXLDh1ioDMETrcBAQKi2q1veNAa558QFN3Dpn3P3tZuSYpbkC7XCbP

Transfer 1 tokens
  Sender: F8DYVuVfn8E27HFMDz8C4D1zXYDCMWqUZZpqHoGeP7XH
  Recipient: BU9GQbSnXQcF59sm5VW5vM4QP138cM6s2vV4p4HhrDjY
  Recipient associated token account: FQb3R3nD9SdprkC3AWCQxdGWEeJf1bS9oYhrWf1KDHFX
  Funding recipient: FQb3R3nD9SdprkC3AWCQxdGWEeJf1bS9oYhrWf1KDHFX (0.00203928 SOL)

Signature: 5YSrc9HNpVh1Fspq1jgz3kkx5bgNm4ULm7yHKKFQhPPnNMuoNWGvD4tUsCcincQy9pjr7aWFyPhau5JvppZC2BRX

Transfer 1 tokens
  Sender: D8SVwzrqnmi5EKDtEeb6LF9NyMs4HchBYEBcjZrj845q
  Recipient: CAcuSaWp8VLJAkvpVrYu9TFmGyvyZ7qLLzqTRL73oyi5
  Recipient associated token account: 9yh2JZaLRR1Gzo7GZwMN1yfaj88dZPjatgGTe3Ae2WWi
  Funding recipient: 9yh2JZaLRR1Gzo7GZwMN1yfaj88dZPjatgGTe3Ae2WWi (0.00203928 SOL)

Signature: 3WaTdomnYm7gwgBGNqueFj6WgjZCyBsUS7Fk6NYdmDpgXTL5EJTB1HMvD18hDRr48hHvPz3pVtt5MPwgqHVeykBh

Transfer 1 tokens
  Sender: 5CnRtQCZ9yM1pCWyKQwExCpvr2kSyXeYsXFAjErGFLZ7
  Recipient: 4hWSqCADSGsqSwtsrEYJzzVsf8PwW63cEZ9f8BavBLCt
  Recipient associated token account: Aw7iN4bh8WAyfiEdMh8JhJGFg9qUwRupa33BJyStcsFF
  Funding recipient: Aw7iN4bh8WAyfiEdMh8JhJGFg9qUwRupa33BJyStcsFF (0.00203928 SOL)

Signature: 3NNpLH8SxjwKoxqVDXwiJgNMp4TjCKPQdzrK1wLR5bDqbJoCjMwgZQUZHfDxsaBdXA7VZ41ekx9z5W8EoN7ion5F

Transfer 1 tokens
  Sender: HN5nLo9Jqyyk1mEiJmiws9TvBzr8mUn6Hn54359sdeLG
  Recipient: FmYhwj8TeXSLxEG8KT5JmGy7Zq6Z1PwLd4wToBpiDdG9
  Recipient associated token account: 8RjQMLWZ16BcmMNMcPPqrRE8qwgp4XPVQwNZiebzfw19
  Funding recipient: 8RjQMLWZ16BcmMNMcPPqrRE8qwgp4XPVQwNZiebzfw19 (0.00203928 SOL)

Signature: 2xMdAwgiCQWDNbjbgc7SUCjet5bGbXViMexoLeChsrMbsAPin22nNod2AR8LQGvfRW5dvCnBsHr7Yv5LptkEmwRq

Transfer 1 tokens
  Sender: 4UnkRuXn7rzVmkMEkDzFNdrsi3ibW4edFJbJNoYsq7jV
  Recipient: EAzuPsCQuDDm5EyUeSS9bDbrsDrKejiRNJgLJkRvqAWz
  Recipient associated token account: FEUQ3agUBZk3yrf7WPeBjkftbFVSiSj77tk1Ud2rX6GY
  Funding recipient: FEUQ3agUBZk3yrf7WPeBjkftbFVSiSj77tk1Ud2rX6GY (0.00203928 SOL)

Signature: 4cqFcrQK3oTFDDLUR3bzQAZ6Zh7MRm1QyX4LgpYVBko4eHR6VQGmLZSEuXwugXJ5ejVTpAAhmXZyqTnrLrPt8QJe

Transfer 1 tokens
  Sender: 4uwQWBqt6UXVBzVF8QEnHVPrPEZ91YDNuSUB8qZdQjF2
  Recipient: 8eqvPBG3bHFpRfHCxKi7UBPcxUopXyhDMEH9r3Fg9QcX
  Recipient associated token account: 38uP11JKqJ3iRpZm93MDs7KYiznfKrTqaYfw5vdezStN
  Funding recipient: 38uP11JKqJ3iRpZm93MDs7KYiznfKrTqaYfw5vdezStN (0.00203928 SOL)

Signature: 2YfDk2Xh5U7RiQqQvuS2hMY8x3dXd69Pjibe5JkCehhYgc6qrNL23ev6B7tF3t2hqDpzo5fbRFsU2SKa4rUZkmx7

Transfer 1 tokens
  Sender: 2tTiojTzHQV5hv7PaacqMoEtWRY1T2BPWCqf7DpBhHMX
  Recipient: jCbhBwr5qf1gv13bWdbDCxU1LWcV64zR6kSUi1SQrQe
  Recipient associated token account: BB7ngmEszep71rMhxUCNsyoPRUJWCYogvff1sUmKHwH
  Funding recipient: BB7ngmEszep71rMhxUCNsyoPRUJWCYogvff1sUmKHwH (0.00203928 SOL)

Signature: 5RW5SYPXYLy9KTs3EvL5erwZurK9vHid8dmB4HvDgDnQYFwcaUbN1YRFLds4tbQqFt4JWN7ijkX6KAAfeezS3M5K

Transfer 1 tokens
  Sender: CCsRfpMNvXfw3Lam6N77RWTuLarQoZnGLf3MCcJP7jjv
  Recipient: GdJN3D6hc48vzsoU1wTYaxFpTG1nimyV477z7RQ7SgTB
  Recipient associated token account: BzQi7SpP3DxZhexX3k38WAQQ7MHKXudruH1skP5EEiHA
  Funding recipient: BzQi7SpP3DxZhexX3k38WAQQ7MHKXudruH1skP5EEiHA (0.00203928 SOL)

Signature: 3y7aJwzRk29ccYYjSGwtpU7UnB9kmN5AEcaJHvXd32LDkswTpGhd9uDLD6gqqj3g3w8qC89EELgdnsjiCKuPBBQ1

Transfer 1 tokens
  Sender: 3FFKGagGJXYuYx4ka97ZPK8FrbeRqD173jMi5ZEEbmXQ
  Recipient: AzmgakTxLAutgbcNkxi3S4M6MvuZvwcrzMc43ErMFk4h
  Recipient associated token account: EbLmiN4fR9GEzsXPdeAZAjYK2LWDTKRdMeKhw6dXEWey
  Funding recipient: EbLmiN4fR9GEzsXPdeAZAjYK2LWDTKRdMeKhw6dXEWey (0.00203928 SOL)

Signature: 4gx48Sv4owYh8fpF6iyNmnF3iHMSnMMxB8LUhkLZAKBQTPaPqfnGqvuy23oM1V8Nabkquf5XqhFEusYAk2u9w98Z

Transfer 1 tokens
  Sender: 6p231pSVJJCpQLFVKFwH78JDRCPBmETLrqayX3WCTjnj
  Recipient: EZsxgTx6JXqZS34sDynrFkKD1Q64Eve7AW8FjawFfovV
  Recipient associated token account: 5yHynpD7HCeN1BXAES6Swwk8tnRfeEXmiV3yD1aAxdTx
  Funding recipient: 5yHynpD7HCeN1BXAES6Swwk8tnRfeEXmiV3yD1aAxdTx (0.00203928 SOL)

Signature: 61R2EGh3oUDsWtKP5v9cN8dE12RNpkRyHujGMfCLhkXeeBo9bC3UDPMn4xVh5YphoW7jV7AaJLdQrEF4jx13Fefb

Transfer 1 tokens
  Sender: 9DEVcLtD4dJFMgRj4LQhLu9cVGrcqLGVUKp6FEnuuNXq
  Recipient: 8eqvPBG3bHFpRfHCxKi7UBPcxUopXyhDMEH9r3Fg9QcX
  Recipient associated token account: 5ne3bYnuqJ4zKVUT3NtxdvGoKYF31Kj3CECJGTFm5mLp
  Funding recipient: 5ne3bYnuqJ4zKVUT3NtxdvGoKYF31Kj3CECJGTFm5mLp (0.00203928 SOL)

Signature: vTAmEbiHpGc4rP9dXAtBwu3UvufhwXQBsCyL4h6KZKwdcF5Q9qckVDN77C28hAzrtTaPq15SKuFQKdKu9XnNLeZ

Transfer 1 tokens
  Sender: 8XG9p4776B2BsTC93WVhzshXRGY5TZwjYZkQJm2cbrxQ
  Recipient: Dwj4zWKVznRgnm9BDSgQhbqShQbCP3ifr9gao8ZjHTjd
  Recipient associated token account: BbXjzakMPPXXZ7XJNyMRBJd9WeJB7Fe3QQCRKiiTxGfc
  Funding recipient: BbXjzakMPPXXZ7XJNyMRBJd9WeJB7Fe3QQCRKiiTxGfc (0.00203928 SOL)

Signature: 24Gs8oHkAuDE97Wqv25FY3MCicU7uKJHoTcdyJczCNnGzFfbMPZLuAF6NtMYjtJKJtHkvV88igW7ZLdZP4Vv5SLB

Transfer 1 tokens
  Sender: 9rdCAEHCdV1sozrFowJsZiCsgfggtrcXsMJooR3PtySk
  Recipient: BjxXkzyq1dYwZXvofJavvCyHgemjCf9mxsH3pfzppvK3
  Recipient associated token account: BG2aDqQXu9fUcugbtratEzrJAUQh6J7denmZXeotG7ey
  Funding recipient: BG2aDqQXu9fUcugbtratEzrJAUQh6J7denmZXeotG7ey (0.00203928 SOL)

Signature: 3ZCzkDeEt2j84oCLUamvjU5oGDiRmk4g1vyXrJ5sR6fo8SMF4rg9vqS3JvYMJiKT2KPee1DjeJ6aGJLQDYxiWC6f

Transfer 1 tokens
  Sender: 3gbUXGRJbQcVTrfDfwjqLezySSC3Nr5rvUtHVPg9yj7W
  Recipient: fcmiKjziCpUbKhndmeVU6GWoBpTZiNMMoG3EXC1xFxV
  Recipient associated token account: 4c4Wkmz9k2bfwPp54j4mq69KixNGsi75MRysSvS6Fruz
  Funding recipient: 4c4Wkmz9k2bfwPp54j4mq69KixNGsi75MRysSvS6Fruz (0.00203928 SOL)

Signature: 3Jx8P2WRbTFvTT6yt5uuNGrm3bTXK32rxFp6iMGdFThaiTQgyk4ZxGCCoRAQkAYUzCtDpkHNjxE9iDArW48pjvGC

Transfer 1 tokens
  Sender: CY64rajHbmuk4yuVGorj2KpGDDpaD8FvRN58xjf7mdfB
  Recipient: E5aGCgnhBDQ9aoPZkAMxgMR1FkruzxtBFeEyM4EJwKD4
  Recipient associated token account: 2MW89ZdBYaCLSmtoMPSbpbREaY4EPGCbi67PZqcYos5L
  Funding recipient: 2MW89ZdBYaCLSmtoMPSbpbREaY4EPGCbi67PZqcYos5L (0.00203928 SOL)

Signature: 35TcGAaNWnb24uDmSvvjA1fJ6n8c55WFsqYbSaX2x8qJMXSikjAZk4dRb7JSoa1ZBWyLmL4u6qHBU4dBhjBpuQqb

Transfer 1 tokens
  Sender: 2rU8ZSfC7oWaxr5Bp8t2BjbC3KtaegJX5itvVBtrxdBK
  Recipient: 22LorqdZVZSr6kWJrLJ2GMgL5oxxW5pzJ1YEvfbnBESv
  Recipient associated token account: J3X22Gk73US2APpugMDqSKRx3rex8ALzfKt7nTExP1YN
  Funding recipient: J3X22Gk73US2APpugMDqSKRx3rex8ALzfKt7nTExP1YN (0.00203928 SOL)

Signature: JV5h1ZJ4y5TiWu9AEZ9tH6kLpdcZtnApMYMRFiFMfeV61XZT4Gtwnrh8w2jU2rot5Y5oEVNaGz3nrNZvyVw6TnC

Transfer 1 tokens
  Sender: EAJaztTn2strKvbWvG9VkBTfRViWaZQ22k7Dx17tjtMY
  Recipient: 98mDSvLyDDBFamLUZr4vXLa1MxV1WRn7aci1N7iWNjQK
  Recipient associated token account: 95vzVcFyo9U6V6dVngheBZTrFuDkwHW5TshYfo6zT1pj
  Funding recipient: 95vzVcFyo9U6V6dVngheBZTrFuDkwHW5TshYfo6zT1pj (0.00203928 SOL)

Signature: 4VGJKBE67zB8X5wQQymo7ssVNCiYqjCFDS8rcRG8vB3gaedExvHkTn8NpJLnpuUw5rcv1deDyo919iejTzEMAwe1

Transfer 1 tokens
  Sender: FoFgsSBLfQvpGUyUgdDS3V5o9MsbGqP2vCMLRitwkQ3M
  Recipient: 45nb485LKf1pEhsTab34JnbBb3wXnAAP3xh98xdzP8Zc
  Recipient associated token account: 6GSeXva1mVcA5szvyLY4xE7ya76C91F12xjRdM3rhmPt
  Funding recipient: 6GSeXva1mVcA5szvyLY4xE7ya76C91F12xjRdM3rhmPt (0.00203928 SOL)

Signature: 4YxCwoswRCGasyP4KixxsKb8K1JeJfoLHfDViqQsuMRvPwMg56mSDtBXDicFvWWGpnMaTZvad6Q4wMPSjVzCGcZm

Transfer 1 tokens
  Sender: tFfE9t9wy4cj29WvEARw2pu8cYwCCq9WoeaEgk6c1TM
  Recipient: HuQ123HYTBcHHiwpiPh8qf2aVz7a2iusS6DHckZgCJGV
  Recipient associated token account: Fq7aAV6ussabMdimvsXXbWGk8HNGGTm7oTbpo37frK9F
  Funding recipient: Fq7aAV6ussabMdimvsXXbWGk8HNGGTm7oTbpo37frK9F (0.00203928 SOL)

Signature: 2Wxi6QtknCt2t2Xt5pVzrbwa9pk3joK7nd8BZChXiyvQvcuhS5KByKjo1go4nQE8Ui1WNAmnS4yh9T2fPDZQ3EsV

Transfer 1 tokens
  Sender: 8TFK83GS9d9MDNArz9XiKWGS5cASCFU8jQadymZsi5C3
  Recipient: 2n5PbADyQXeCMztD5wnZjF3Nn2w8PmCmqSQ68TT6Q6KX
  Recipient associated token account: Ey5hmTpHtw2rDhjhQ5Np7L2rtGk7Mxvpo3tiXy1xUAau
  Funding recipient: Ey5hmTpHtw2rDhjhQ5Np7L2rtGk7Mxvpo3tiXy1xUAau (0.00203928 SOL)

Signature: 2pKQd5XDAogH9vr929PiyHuPdxenS62k9xsbokT8Bs8Kubmt813WoZLBDN8YqEScvp1otf3JwqJx3aKqugtMreZE

Transfer 1 tokens
  Sender: 9AiNiPoGfid2v2KTn4Lkt6372XhLpTqQRtNsDtDM3V4N
  Recipient: 76JAgZ5yjy4UenVePyg5dfNHiE9q28Lt7ucxQ31CC766
  Recipient associated token account: Avc4h2pAnKwruq3cBafb1tWBeATJsTLNxQcTKnruJKgz
  Funding recipient: Avc4h2pAnKwruq3cBafb1tWBeATJsTLNxQcTKnruJKgz (0.00203928 SOL)

Signature: 2hyn1HqeGkqkyNtgBzvqVRLqhg3WsYK7zHEBUuykuDLmh4hxrJQpuM15rq8mnEiCsUoH5CLAAMfbR7Mer1CqWTZu

Transfer 1 tokens
  Sender: Chy8A5MQCaFjJAHy7FeM2SH5QzsNgQ8ahcpgkysETqUk
  Recipient: 97xAKp8FjyXkiYqTtYWN9ArD7KxTevzaCAo7VCcwLAsK
  Recipient associated token account: HUSnGK1YoGuJETZJoU3W1xJhfwn6M2UmJoQy4Sxm2uaf
  Funding recipient: HUSnGK1YoGuJETZJoU3W1xJhfwn6M2UmJoQy4Sxm2uaf (0.00203928 SOL)

Signature: 3zhx8t6ug5F56pbrQYS4iU9MCWPqNp2jWUTfiug3zVy9JAaPBLVgcnRwwSUuSpeQYXHkepBN9kMeMBxgGJhTNmKY

Transfer 1 tokens
  Sender: 5mMEMhARYXBLADnjNTr1RPJ4ss3LeXzEg1fLghnjxpHV
  Recipient: CBs38GrLkRKrf6ciZkBbD14BmW43nLB5Hj4BX7UkNhLF
  Recipient associated token account: 6sBQDZVhWHgbK1m1nPvnKwyzhoNLG46Y19t7FvBkWnVt
  Funding recipient: 6sBQDZVhWHgbK1m1nPvnKwyzhoNLG46Y19t7FvBkWnVt (0.00203928 SOL)

Signature: 5oajerXyXQiGWsSbCZsv12ZUx5LtcaYSzruE5KfCWbvF8FHE71xqBakSvwU9KeerVE7SrAFwNCykPw2mkyiYCB4n

Transfer 1 tokens
  Sender: GY2QVh1MZrEu8aLHAkBs6WQiZV8FQxPWmK6mxR7DrwAn
  Recipient: CNgwgXRXh6bkXkeErtJytGCx3esf5jtFvfEkR7USvDjs
  Recipient associated token account: 6EazzBMpfzJJLH9AE2VBbnMACKDEQgobe9BbQhQadufn
  Funding recipient: 6EazzBMpfzJJLH9AE2VBbnMACKDEQgobe9BbQhQadufn (0.00203928 SOL)

Signature: 2cvXGinbP1xc4VdbgJqSum6wGT94rn291MUmTHCBAak8Jw1SMJHA4dGMX1ebtqD6DAF1WZmB5XFErqL3DbEeZG9d

Transfer 1 tokens
  Sender: CGt5fpDdrmf8VQP9vju7rqhY6496LjawwHFhNetKJP77
  Recipient: 3QTRD2FfM2niZmZH1SxS6iJCRFY84DTq599gzengTtxQ
  Recipient associated token account: CCc1ADoyNPeWn3oab8hxctzv8GJc4qzUqATHHyZVBEMy
  Funding recipient: CCc1ADoyNPeWn3oab8hxctzv8GJc4qzUqATHHyZVBEMy (0.00203928 SOL)

Signature: dv7DzwNw9qQsuA6A3z4gwuobxSUJUYwuHXWiLtAt68t6rtJdcLMqwQr2f8vFdFCoHGfrvH7ywnAzzrpkTDD7r9e

Transfer 1 tokens
  Sender: 6V35ksNu1A9HRbx6fmrpgoQjWNzgiqnRdK78Ln2e6tmJ
  Recipient: AoqVXFo98XT3efiaM69KkGbWaEhuPY6brNd41XGxTSDN
  Recipient associated token account: J963HGGvp197A4VfmCnwX2qQnvSHSXz1EaywW35AYRLM
  Funding recipient: J963HGGvp197A4VfmCnwX2qQnvSHSXz1EaywW35AYRLM (0.00203928 SOL)

Signature: 2dKjeUuBiXAtZzh8PJYXzcQZ9z4bN2dnUKE5Ae6rYUYNimSvQ7m6aBjCB8jh9fUdnxtGh8RuFciaR38yvpHiLR4x

Transfer 1 tokens
  Sender: GKF77LRH7feEFAWezmA5TkkfU1rLqhm4vugg2LV2qnoa
  Recipient: AG88dVyfRoytjBW5G4sfCCsnTa95bJCsvVtv44PhPz2G
  Recipient associated token account: m2pFcm5mAVPZszTMLfCrqBfhwUciLCmRBNy22xf4kKh
  Funding recipient: m2pFcm5mAVPZszTMLfCrqBfhwUciLCmRBNy22xf4kKh (0.00203928 SOL)

Signature: 54yowpc5WZxk54C9PFFqivGDwHpn7bFmQv9RM3F1xGm4B7Y4PZVBPCrm6sDYmQnySqCobodnBNxyk4DtZhGfBy4j

Transfer 1 tokens
  Sender: CZNc49JqPuUrLuReRsoN7ewkADSP88xXpRo6oTXgcypd
  Recipient: 8BfdJ4sUNthTpoWbKhaCvZidRwEqurZXCLM1BPyJfkA2
  Recipient associated token account: H2bYQVDS5Wn8L3vKWHLr28ykP8zW5fbdjehRD9yxupYB
  Funding recipient: H2bYQVDS5Wn8L3vKWHLr28ykP8zW5fbdjehRD9yxupYB (0.00203928 SOL)

Signature: 5tY1L2KjcQXDMHnVm1txrMb6gL9nX7AuKpioUQYcjhewtfY6WegGh59noqatU3r72pUWbGgsVsomrw7ES7rUghcJ

Transfer 1 tokens
  Sender: 26BNvVG5EQ2Uz5ydBV7baL4oGvXvcEd7gdUtkNoVEc2b
  Recipient: 996Kb1a7W4mqbR6qxzEDBHJtaJv8bnpWmegLJxMtpg3R
  Recipient associated token account: EChNR4egfg6BDKtAFxDV8H1iqKfThWTP8q2FTSCnrnKp
  Funding recipient: EChNR4egfg6BDKtAFxDV8H1iqKfThWTP8q2FTSCnrnKp (0.00203928 SOL)

Signature: 3rcGE2iydyzhFbgbSgPEgfsppRu2kyxq6QmnWK77WaL7fDjZqu5PXUHycTdRNrpPKgi4A2X8ahg2LQCo1eSbbz44

Transfer 1 tokens
  Sender: J7Hzuygfd7ncbwzfY17QavHz9Zyzka2Ycsx5m4TUZkQa
  Recipient: 9v9D9kvePLBANY4Zx2PUzn75dHuQMMMcs7mZLYy3gMaF
  Recipient associated token account: 8nRZqTUuJPR98v37aPwev3wGcCJbJypxy62R5x4q9nVP
  Funding recipient: 8nRZqTUuJPR98v37aPwev3wGcCJbJypxy62R5x4q9nVP (0.00203928 SOL)

Signature: 52zTzbPFRKsLDARCvLh4uzUYN1719MuW7GkX1UHk4TaXkXk8aqn7x96BbwJR5J9U8YJ8jpCRuAkQBUfp4KH51b5P

Transfer 1 tokens
  Sender: 2wFRCbd3NyTknUwZkdRMaAY3NYKeyonWu1tb7T13hkKs
  Recipient: JUskoxS2PTiaBpxfGaAPgf3cUNhdeYFGMKdL6mZKKfR
  Recipient associated token account: F3rkMoTzDVQasDjEhjbUTM7uzy7Dq5uNCYEAix6cNy5U
  Funding recipient: F3rkMoTzDVQasDjEhjbUTM7uzy7Dq5uNCYEAix6cNy5U (0.00203928 SOL)

Signature: 2oGv4a7NkJvXpNZupuvM2PfqC2Qs1RNVJwoh7vLxPYmrzk7KvoRCgBo7LeEuNoUSmtz87QUQTqRiRGN9LQv5Wm46

Transfer 1 tokens
  Sender: EEzKC6ajZf24LsG6Md4wy1Scqn3uQQ53oee2zDznn1NZ
  Recipient: 3VWia87hNkxgg51heFc9z1GtZdmSuC63RGtFe98Nnsbb
  Recipient associated token account: Bi6rmzADtih5zSXnZ3mPLL9BPZbWF5HhLeoKfjpw1rAU
  Funding recipient: Bi6rmzADtih5zSXnZ3mPLL9BPZbWF5HhLeoKfjpw1rAU (0.00203928 SOL)

Signature: 2oX5axSC5Q7uhSUfCKqz2LWGv3LuFVwxp5zBTeCjCZVuuJW21eUDvVwYoAFwSMv2Gxr3YeKE5StYdqLZGm69RSfC

Transfer 1 tokens
  Sender: 6iFVp4yNmb3NvszGg7Yo4yccGwg9mr4HogKswHGj5bJj
  Recipient: HoYSJxi6u2hWzd36yWasSE6B33g4XJVLtkGTLj6a7g3r
  Recipient associated token account: Esdi9yvxSrj2fd1EcPXj7Tq6Zec8w6qkBpGhkJBhZFfb
  Funding recipient: Esdi9yvxSrj2fd1EcPXj7Tq6Zec8w6qkBpGhkJBhZFfb (0.00203928 SOL)

Signature: 3BiydDt7XpacDjMAhg4cqukWRhc8QMBZRZgzbgewUV2mYkeMiftPYXtx17WQYpXEtevKzGhXwLqjfMNRpyzq3pNx

Transfer 1 tokens
  Sender: HxskHjadEYod2Q9XAByXNy6EsEEtFZz1Jd8WWUJWgZoT
  Recipient: CY7u6f6TG8qPFxnng7LWAFHDF7zJX4jCBXiQLzgr3omR
  Recipient associated token account: AygztzaSfkELkyRcVjXWxXYvWBcdjVJg2tsbxab5zC3u
  Funding recipient: AygztzaSfkELkyRcVjXWxXYvWBcdjVJg2tsbxab5zC3u (0.00203928 SOL)

Signature: 5SH28F2DkiqSkXDbLaE2yVQQ6uZ9GfEWziM4fEjKi9otZ41YF3QUvqgnrWpsig5g9xSeA8Q55E4v4ELUAJeMCukV

Transfer 1 tokens
  Sender: CdSUufkGhxGAWE4dmuPnPoN1G7KwqsN1cerBkL7W773a
  Recipient: EtF3L8p4mVbWRnwUj8aeA3ZwsKykn6DLWbwZHTZEfxKm
  Recipient associated token account: ANrxmKFY1qG8V1jeHYZs5BLBwRous4LPnPR9h9ayr31A
  Funding recipient: ANrxmKFY1qG8V1jeHYZs5BLBwRous4LPnPR9h9ayr31A (0.00203928 SOL)

Signature: 3e5Xf5xJnzRzxAFBG5c79HSML8CZmjVP2eo3iA9mfexS2qb3kpSrtAX4pz7QL7P26ZF3wEzQViDpQZtGGy4yoZZs

Transfer 1 tokens
  Sender: B926E5bgS6Rq9kEguekDDUYUiGvFNdVKgRpYfa8xxdHX
  Recipient: 2n5PbADyQXeCMztD5wnZjF3Nn2w8PmCmqSQ68TT6Q6KX
  Recipient associated token account: CF7v3xZWqPt3DWLUbHJ71iQukzTdqSW193UJmbk4hWiB
  Funding recipient: CF7v3xZWqPt3DWLUbHJ71iQukzTdqSW193UJmbk4hWiB (0.00203928 SOL)

Signature: 3Kb9jqgtaUJ7YW8H5oR1auGCmwY8JXgFxU1xh4e9RuPqKZXHGKvYSG933YYqpa8kU4x27rkcLxdDDitY9yZsY487

Transfer 1 tokens
  Sender: 7XPqWHeLPmJFe2Nx8fP1GF8u8qiAFfVLR9PepvrvnUG9
  Recipient: 9nF2vqusHupTTNgw3quL4f3jorvPdJ8VBPv3Uw1xt3Mv
  Recipient associated token account: 5YHW5YvH3fDRJZnUGEnbFzVaZdwo69bQd47gJVF3vy71
  Funding recipient: 5YHW5YvH3fDRJZnUGEnbFzVaZdwo69bQd47gJVF3vy71 (0.00203928 SOL)

Signature: 5UUfotk915bYv72tT4PFnR166kxEW31GFBKcQeaSRLF7ZcC9Xntbi8gaQNBWQEUyDafoLmYHj6VUiXSzuci4rfLo

Transfer 1 tokens
  Sender: 5DACs5UzMw8ckjNXxz47i1TCUuym2Kp8oiE9wD9K4PDT
  Recipient: 6AUWNNYxDxKk5RhqUqBKJ8WEqqphvEmaBrzLtNFtUAF5
  Recipient associated token account: AQhdfa3rxvGXgE9aCzuQV3bWyu6Wezun7CQw7oHrjUsd
  Funding recipient: AQhdfa3rxvGXgE9aCzuQV3bWyu6Wezun7CQw7oHrjUsd (0.00203928 SOL)

Signature: CnKEZTZhhCSFWQ9ZLALNaHNdeSjv6HyaTB3giYaJ1Ka1yfk5wAkm615TSrbq3tSZNsiwVD4A6zZxnWGqzrZ4xgS

Transfer 1 tokens
  Sender: Gwpq9PesYwP2GeqUgWyKZLMWiuDy4ZefkAQWCAKH78NG
  Recipient: 2fiHCXfQCsaToCXMCJMyiTtXyrgBhk8Kcx7vMwBFAD56
  Recipient associated token account: AwtgbJVdd9V5GirFzN36EPq8PCYAh8P8cfCUiHs6Mbi5
  Funding recipient: AwtgbJVdd9V5GirFzN36EPq8PCYAh8P8cfCUiHs6Mbi5 (0.00203928 SOL)

Signature: 5Yvj81XAngVW6srZHnhKVjqNYAfPZSWCmvV2ca8jsD1pdAAPBriVUvBjtShjSQVD8ZU8dkTJx775yJxXaVYqCuYU

Transfer 1 tokens
  Sender: DBYahoEfE9byNpXxenwS7sTFbpjxDGEaBikUWUkrgQAy
  Recipient: 4eg3MW2HpGPaNk6dHj8RZ2dZhzYC4NxpRRaetFsePHa4
  Recipient associated token account: ETEp75D9XXZB3h5xhpMdFCqmXppSJGdreRoiDJ847rJL
  Funding recipient: ETEp75D9XXZB3h5xhpMdFCqmXppSJGdreRoiDJ847rJL (0.00203928 SOL)

Signature: 2XT6j8aS3zQTpeK8NXQV4U6HAMCo7VnT2N8E7tWnfQhAXMmbzrjp215zz6B5P27yRfugRXb6y2hE9m27y9WvzCAX

Transfer 1 tokens
  Sender: Cxe7Fz8W1FuAWax8r7oAL5zKi9DS4zy4gw2vYAYQwEC9
  Recipient: C9yn3WJMmDUVoDaR4phhTc7ewUc4kwhZN31XZJi6Q5vG
  Recipient associated token account: 21agDoqnwrpUrU1Rpgj5orTJiyJowiG79KhrzP2DQoUS
  Funding recipient: 21agDoqnwrpUrU1Rpgj5orTJiyJowiG79KhrzP2DQoUS (0.00203928 SOL)

Signature: 4hLE9CyVnb59Ft7k9yFnNUgSkDZHMuzL4nyS3JQ4C5R8HzRo1bdma3KVXMaZKa2FScBpfELLDzHAUqB3nddomo4e

Transfer 1 tokens
  Sender: 6GQS7mFjCCHJmQ6eivXAawRHo2FCpn2Gbaz8joWRHNwq
  Recipient: 5zMjWMkASUmAH3wio7DRLgzQXfmmhvxzo7WAbwkLoRwf
  Recipient associated token account: 73DNUxpkt82RmvKyMVgynfZA3MjXFSTFsRKd6fSBaueE
  Funding recipient: 73DNUxpkt82RmvKyMVgynfZA3MjXFSTFsRKd6fSBaueE (0.00203928 SOL)

Signature: 257xWkFidb862VSZoLzU8fPGtcVoWvY9V1ATzfBYAJQ2jdAUbFqJggy1MNwuetAUhvjSETrd4n4PB1YitFUJCnTd

Transfer 1 tokens
  Sender: GvTtfv5WSoUkLjQ8u1DJgMSxZ3UxjSYoUsdb6inNY5oi
  Recipient: 7rX7EXpyA5osnJ8ye7dpY71eNUJZ9JCQiEC4ME3qo3Ue
  Recipient associated token account: Ggj8ibMb7sAneE9TPszj8QMq3i842JCwsJjKF7xijkkj
  Funding recipient: Ggj8ibMb7sAneE9TPszj8QMq3i842JCwsJjKF7xijkkj (0.00203928 SOL)

Signature: TrYu4KagBSsTU8Fj6yfhys5JSUjs7vi5gbHtptFk7WQw4d3ftCpGhcTU2Zo9CrdBiPJgEf8zwBwBi5KaAgZwKqC

Transfer 1 tokens
  Sender: BwqHYHvW2aFZxGNyEGgohxpcsmyzbPhFocAZPZncYMh9
  Recipient: G8GH9y1UqyoFZd9Xtzg7YdbpxrHByfW27cmqhgnGnCNo
  Recipient associated token account: Erb7W32hMVqFeCfzygsGXDJ5Y9VtSowVaGmPGN1A8c1L
  Funding recipient: Erb7W32hMVqFeCfzygsGXDJ5Y9VtSowVaGmPGN1A8c1L (0.00203928 SOL)

Signature: 5d3ZSSGQDcKyQ4n6LvcPQ8vqCUnS1U6bmRK9H9oG4WXWcFif2GBEpt4FC9MaatEg4LrXnHiandKRiABitFyAqUPt

Transfer 1 tokens
  Sender: DsaJCY6FKCJ7xwmcUPUCCq2Li2PqSAzEbwE5GnDx6ce2
  Recipient: EbRHtTVqttSN3qXyGTXVqGFTxPd5qNGiTQXuDw6tFQEc
  Recipient associated token account: DQVfA3VC4Gqi57TEJihTgnW7w1KN4m8jwcLyyy56oiue
  Funding recipient: DQVfA3VC4Gqi57TEJihTgnW7w1KN4m8jwcLyyy56oiue (0.00203928 SOL)

Signature: ofbCg5TvYamCERQMwUkujGJW5JrZCauBCDe3LEKLtHjKZMNms5ZpB1AiE5XAHLCgQDTifgyMSkD6mMMHHPDpXNq

Transfer 1 tokens
  Sender: HQ5XR7Juwu56xScxa9GkYCCrMKf5U4PgN8UhWm48oaGB
  Recipient: Ci1Yh26YpzkLQvnbgh6H3fDmuwyj5GaxcJBLNNMocmy4
  Recipient associated token account: BapfffcinHgwNdQnhgqTkofKU45pC1aNxKYZ8pyZxbm4
  Funding recipient: BapfffcinHgwNdQnhgqTkofKU45pC1aNxKYZ8pyZxbm4 (0.00203928 SOL)

Signature: 5YWs7MvP6SDj8GbYAWeq88S223nk1RyyPycdUEfVVMoakJkyg3iGg7iFysyWQrGHKvB3XFzVcPxHmLtKDkRkW2T2

Transfer 1 tokens
  Sender: D9qU5icij2woHnvF4P3EqbTvWGacc8TspHahkzF3DcRf
  Recipient: 51oET2dy4vCmZ1JMGYR9hbsvsLng1vcLD6z2AZp1uq1j
  Recipient associated token account: 4wrPRSmGS5a7MKnNHrVn7nqntnfvGUoQkqxH4LtzwtMx
  Funding recipient: 4wrPRSmGS5a7MKnNHrVn7nqntnfvGUoQkqxH4LtzwtMx (0.00203928 SOL)

Signature: 4z2LyNShyAxKJjjMqKFJFcSU2tnJF4MjVEpLn9a2nNEd58JnZwR5FhB5dhb12siCh8YkyAsZfHLJcNBMQGsDFw9j

Transfer 1 tokens
  Sender: ADjUULGZEigpysvRHwhFq2qTdPcMGSpK18re6BJzrThx
  Recipient: 4QiSnMKqH8weDJfrGCawZhPg74UwLnBoPAH8r1oXP2vZ
  Recipient associated token account: 3RobppEPcqMrDYKXokX5MDH2Ke9Q6DEdaqYVHcyNntUT
  Funding recipient: 3RobppEPcqMrDYKXokX5MDH2Ke9Q6DEdaqYVHcyNntUT (0.00203928 SOL)

Signature: 4twt6bYdCLigfVmgeJtuhLe4jy8NnELJjMU5CHagu1dPswQDuGFRaRQkrSjr8PwxJyo73viAn9BBKuUQUTk9t792

Transfer 1 tokens
  Sender: 5Pw8epXV86opN26tazQGUTmAAg38kPakCgsVwRJtt2gd
  Recipient: DWaAVXvNg9NcNUPLCwRbAhc8NVmFzSLPQCFuwkxgp9Tk
  Recipient associated token account: EfezbqoVAesga4RU87wWT6DQ9Ln56WdaHj55wcD9oYR6
  Funding recipient: EfezbqoVAesga4RU87wWT6DQ9Ln56WdaHj55wcD9oYR6 (0.00203928 SOL)

Signature: 5S3xbQMJuVgpqNdBH6Kbbm732uUPQ9wBHjPTE3qy2H768vfv228Dh8XK7BaKqMkBmHAimWr3jLL39PqyqyNHMUqQ

Transfer 1 tokens
  Sender: CcpXp8YikTdgqmAmvfUsAnSBkWMd3RS9x5JtedEG2TYR
  Recipient: AEUto3eFWHLAmmVRq3Vo2fmHXwte525jQGG6D7pN4RRd
  Recipient associated token account: C5wuAPq9cRDeomB53qgnmqXXGfCHMBzazyavVLF89bsU
  Funding recipient: C5wuAPq9cRDeomB53qgnmqXXGfCHMBzazyavVLF89bsU (0.00203928 SOL)

Signature: 5DLZXunrD1o9Q9reFLbApnBkR3QJXryJFGApJ1DHsiiKWJztitxMrvT6yaXYELEgkFeM9nKue5aKJdMiktPTUw7x

Transfer 1 tokens
  Sender: DLQheHNGdB2c8jnn2dBMK2Zn283ZRfCqpg77qGZcif42
  Recipient: HeohjHu8jiJ4gpEYnGakdfv4CxaFcCAS6iEfjLM9p1Ha
  Recipient associated token account: 9P8BUtkBaumRs6s326rxnucjqQsCaGmYy3wP5tbhP18V
  Funding recipient: 9P8BUtkBaumRs6s326rxnucjqQsCaGmYy3wP5tbhP18V (0.00203928 SOL)

Signature: 3e6Kysdo33nEdLWKth2SjhCdE6HJ95cMUVP5CEvTSqM6WVaskiXYNTwG2URfd6VwpUCxXs3uhYNBCdWDzouA8bcn

Transfer 1 tokens
  Sender: DMjDrHTbgGRofJoXBAdd2MtYV3JkvyqNTLPW3kb1q54
  Recipient: FrRzD9jte1rEFUsmJG7gYCgxxJRSKtm3txtXtkiUxRji
  Recipient associated token account: 4SDNZpzppsdeM4s92PkhQYxSJctaMYftKCVX2fsUGFDU
  Funding recipient: 4SDNZpzppsdeM4s92PkhQYxSJctaMYftKCVX2fsUGFDU (0.00203928 SOL)

Signature: 3EMNvVGrVGk3SErtp9pPkZURorHiz4c8JhsyPSo6H84neN7qheCNLfs8hyX5uMXPzJL7ykFnseKCBaGtk2HH7G6U

Transfer 1 tokens
  Sender: 4q1ssWqnJfJYCyfkkyLBzKZVueshqsFY6CMreCefPgyE
  Recipient: 4imvcSxxHN6hyWy1XrxJ6Em67XZDVmMVCETBu9Z15Wvr
  Recipient associated token account: Dwjit45n3w9TdpH8CfptDpHW3J8hDFreGoHsyoovymFH
  Funding recipient: Dwjit45n3w9TdpH8CfptDpHW3J8hDFreGoHsyoovymFH (0.00203928 SOL)

Signature: 4RTnyhreVaFVMS3mGx5otMR1wm3zGXWiWWqdamFcfLSkEz5YNP2YcCbCBVQKnhA6qxgXag1Bm1NAQGN9FTdFgt4v

Transfer 1 tokens
  Sender: 57Scnqp1NWMbaCQwC5Lm3KiLbw2zz9GSm5PATe96A96S
  Recipient: 4pUQS4Jo2dsfWzt3VgHXy3H6RYnEDd11oWPiaM2rdAPw
  Recipient associated token account: EA6pYprZk9gWEZ5uER1q2HvBy5cG96K9RMDFjSksumpU
  Funding recipient: EA6pYprZk9gWEZ5uER1q2HvBy5cG96K9RMDFjSksumpU (0.00203928 SOL)

Signature: 43zCSxGoNK6urFPXZDCW3nVdtj6uvFNSrxfEwEJuFq1tpNrg3wU6yxDPyRpmijPGbscX9HsXmPuzwCHc43NjPYVZ

Transfer 1 tokens
  Sender: 5EWcxNraCs2i8TNUDA8DtbmJmdxUXdgA2cZdZur4GQ4E
  Recipient: C6ziqrxZLkEpkA7hyrQ5fQAnLqfD9MnhT6P8nXafVW8i
  Recipient associated token account: 8eJ5XQPb1b9R6pq8c3euvBSaQ3ATQbP6FCnJ4KYQ9uz5
  Funding recipient: 8eJ5XQPb1b9R6pq8c3euvBSaQ3ATQbP6FCnJ4KYQ9uz5 (0.00203928 SOL)

Signature: yGA4SUmWNhwhNSysiFKZX7MTy9tsiJQX6wMUdpvyRsYFVfE4dNLuncjyCaUrAXSAzD8GmNM7tAYaBrYWLCn7tJd

Transfer 1 tokens
  Sender: KFmMyrc9KKgf2UFwrP4yrLsy9276549CHWJdQXJk4yD
  Recipient: GnwV7xhSksoZ1Ve3Zx5PqoxVEr4mKCBpBf5zRRcv4TvV
  Recipient associated token account: HsBGnK3WoYR8xZYxGZvAhU2DG3JBqxmRE2TFkxH69ei7
  Funding recipient: HsBGnK3WoYR8xZYxGZvAhU2DG3JBqxmRE2TFkxH69ei7 (0.00203928 SOL)

Signature: 3XEVT9hfQqCZtc5rZLmGUyQpTS2NcNQgnHvP5aoPfr29VKCaTqCGHyEJVXo2DUUD6vYopVmM7pdE6rP96RSZS43R

Transfer 1 tokens
  Sender: AGTAUbZ2bd4dpAhqTgJuRNw7F24Rd9yYFDSXnuEwWV8s
  Recipient: DKQJEuq7QNkAhB9nHqU3SJCLMavu2B46jSBfLqEKLFVD
  Recipient associated token account: 9LQp5Wm23f8cTHiHjRsjg1eWovwVQ29rjmiL3Stjkezm
  Funding recipient: 9LQp5Wm23f8cTHiHjRsjg1eWovwVQ29rjmiL3Stjkezm (0.00203928 SOL)

Signature: 3VZsq5VgugwKgvvYhnc7AEeoDnvuhn17oPPYGhHXsYpmLXbHW8nax2TjtpkW56dM8UvG79AyyoqqtoT4DLGicZLB

Transfer 1 tokens
  Sender: FMeD1bk2Ee2w9hSWV3Z4mHJo2wXcZdXP3WRrNy1nCrMh
  Recipient: ANUkikZTPfEoBrqtveRAeNkvVqZv335H5Nvspm6u9Ghh
  Recipient associated token account: ESr6cLYjRR9dfwSRekfPtvhzbUrgmDGrddhwqFYWBheH
  Funding recipient: ESr6cLYjRR9dfwSRekfPtvhzbUrgmDGrddhwqFYWBheH (0.00203928 SOL)

Signature: 4smkZnMyVMFz9JVpA6SJKREWED2MbdSxUsmMCgCBNoEEYDA6GKWnbJ9hjEZ7jUzo7FbSYLvFgABYCmw6qEpSpede

Transfer 1 tokens
  Sender: gNBqzPTEyxsAPKQF2P7PUwNu1erFEf8WGzWD7U4joxU
  Recipient: DJNqLSq1G5CiY5w4kWoj9pVVUXXgHoa2Uw7Ja2jBMXFg
  Recipient associated token account: BgLfgohujW3S6q9NcV3HnfGc9o2V68N38GjvsvUew5Ai
  Funding recipient: BgLfgohujW3S6q9NcV3HnfGc9o2V68N38GjvsvUew5Ai (0.00203928 SOL)

Signature: 2ABBnh7FSQBznr4LxwF1MFjVXz5C5jkjLc4itseEag54AgmLfXZtkbDGn6bC21UWhUZtPCZCCr8wNHSpYk4CP3sp

Transfer 1 tokens
  Sender: BJzYquuDKgu9DFkbCEc4Z3Bg9HB6FzyoqTYD9dGAnyDq
  Recipient: 3Ni81WBb3i3ini2VyjZFXgCyb7wDtsgNHeCMXDwiZpah
  Recipient associated token account: AhW14FirEGTfDsBbHnMYjc8uephBAdPZgvZvHi4sJLhK
  Funding recipient: AhW14FirEGTfDsBbHnMYjc8uephBAdPZgvZvHi4sJLhK (0.00203928 SOL)

Signature: 4uRsB95dRsQ22rYwz6ZH7pn7HWMGKYNxLx6JLhfUKAHYYaefqMr84XhtUz8dhY2qU6CcPtQFGSk2dvsmvSixVeGw

Transfer 1 tokens
  Sender: 5omicX24ubphP2fx1bnJQ5amYfSc1PxnbFkisRWeAGXn
  Recipient: 5txs9YNDiEfSvm2eFrGzFreW5YVQANr3c846MxrqEEq4
  Recipient associated token account: CojEy4pKXtmebRLUq4N8FwKn7R2vxHgMytMdk6L9rTwN
  Funding recipient: CojEy4pKXtmebRLUq4N8FwKn7R2vxHgMytMdk6L9rTwN (0.00203928 SOL)

Signature: ZaGbxgUwKAqcmHrBLTXSG3ku7vHcYvuzFyxzY9z3u5CiZ86u4Yu6RhhFEzSEA9BajSy5r3p7Wez93BrNRfveohh

Transfer 1 tokens
  Sender: 4UYtN3f7qbbxV4EWXWsx95kVShmucVjWoQeeKhjJZ1yq
  Recipient: 2F3pCR6Ju413NwpsC1knkXUu5WEZCYCJfN21yGcWwUZU
  Recipient associated token account: EcP6ifZMhrSa5vcNBwrFbzKTTwww6bfQGsBuaueT21q6
  Funding recipient: EcP6ifZMhrSa5vcNBwrFbzKTTwww6bfQGsBuaueT21q6 (0.00203928 SOL)

Signature: 3t4eNWx4DUzGcxrzARUFRCrx1nMrFFZUv28okzu8MtstuvmQf9Zt55hDid79vMEbPm6KbGdgpMJoipb8k4h2vNVe

Transfer 1 tokens
  Sender: BQPepAQzKtRP1KSAmY1sBa16TRYvqdCDFSnH5S8v36Sp
  Recipient: AZqsrpz7mfgGYCjX3dxscfah5ULgzjjzreuM3X5wShTx
  Recipient associated token account: DH94n3q6KDK7qmiAibCUfKz6Hb15akjMNgccHe1hsUQK
  Funding recipient: DH94n3q6KDK7qmiAibCUfKz6Hb15akjMNgccHe1hsUQK (0.00203928 SOL)

Signature: 22fpQSiTESLoq3YfLA6TQLD3tsVXDpVza37Bvbfg74J9DMsUmpLzcskKXgaopRQpiyFCg6t4Q4Njr7adqB2KoYKh

Transfer 1 tokens
  Sender: FsQ15mnhrrA4p3B9SqYeWtFoYpD2ci6ftnzUMxUVsk2d
  Recipient: 67zp1qus14QpuwxQJu1NU2qpCb4sir6FqX65DFbc9N6n
  Recipient associated token account: D4K91oDEk51ooHwyX9KiwfdtshoSSCa5Lez5u9FNKcq6
  Funding recipient: D4K91oDEk51ooHwyX9KiwfdtshoSSCa5Lez5u9FNKcq6 (0.00203928 SOL)

Signature: 3QTeoN5pVUkeVnyFGD7emb4CcfVhQaQfDQkVNW3bvLBfFfFXfYr5AQzPZ6Rx2ckYuo4iJcS96xawx2gZcm598oXm

Transfer 1 tokens
  Sender: 6ipBNJszAsmLePVd9sUb851oVZnRGJ9H8sfNW8kMPFVz
  Recipient: 58njdpgncuNs9nhzpVdxDAinBFHXZuMwuJS6hap4tVVN
  Recipient associated token account: 5KgqnfcfbcxCz3m5Kxtcbivz6sj8bJRtuqw5iviUjXjE
  Funding recipient: 5KgqnfcfbcxCz3m5Kxtcbivz6sj8bJRtuqw5iviUjXjE (0.00203928 SOL)

Signature: 4CckHa89p3os8WWFX8fD7vLPUoPpR2EvWDhRaJsQETCXWbQ48kYQx3R5LA4voE2TXhBrCd4EzqrviKNGnRZknoZM

Transfer 1 tokens
  Sender: 2bUgBMRZxDWtZh5tS1uRxXyHGxsHREmJhoQXt7nq48yn
  Recipient: 79yiyZvaXkXbhoqbPGYgKx9eYik8RhTnKYmLMbG9QSLb
  Recipient associated token account: A7zX4yy7s29xJ7ug77bviaCMkQs63t1iK3nHYrVEqBuf
  Funding recipient: A7zX4yy7s29xJ7ug77bviaCMkQs63t1iK3nHYrVEqBuf (0.00203928 SOL)

Signature: 2LPAbRWyDCdCBo3HA18vvz8wfBFa685gLwiHcvNV1gqf9v3NHWfJ8G8anXs1HuyMpZZkY5rQeaHGPrgCfxxsbyjQ

Transfer 1 tokens
  Sender: 5xveB82BvG7KMPSruLv2vXj1p7NqCayJ8GGPeqYHBeRG
  Recipient: 7YYZPyjjUtJrqi65DcgSXQ7Y1qjYfkCR2G2Q5dqDfv5Z
  Recipient associated token account: A4n4J8KH92gUn6aifaLNZNS3NPKt6Kqi8uFk5LNVR8bP
  Funding recipient: A4n4J8KH92gUn6aifaLNZNS3NPKt6Kqi8uFk5LNVR8bP (0.00203928 SOL)

Signature: 5a9CrqKP9pofoCB5EZug6zkg7Y6mtswYi1jxwkaGy9FNbMfHMCLhPjNPvqSyyxBqomgFDHbVYzeRjV1zrvmnRk65

Transfer 1 tokens
  Sender: DffFYrfvo9we4HA8pdFAZkGMXjPESsiBgnurdPgxo1to
  Recipient: AhVVsrccdujsaPqMYeZ4ugZPUz7D4PXSadREQDXX9XkK
  Recipient associated token account: HBpFoijgQPmsywkPCyFRjVFWrTqZH4Pmv4gaxqvGtk4u
  Funding recipient: HBpFoijgQPmsywkPCyFRjVFWrTqZH4Pmv4gaxqvGtk4u (0.00203928 SOL)

Signature: 3KJkDXyvZgGpCzbL6rsCFDtft5K2wfRfzi55c1VDBCavED58CXwpvRxcDWvNsBTDDugBk12c5WmLuocvwzYF8a4Y

Transfer 1 tokens
  Sender: j6NhTBqEc9J6r5VCo8o7jAXxbmyfaWcwFLwDaXCgfua
  Recipient: J63PQ61AFhZXeupw9j5GYY1aEuR3R6BnAbtfqqAX6DQw
  Recipient associated token account: 4xGSSnAHpDLsAAN3ShiCvHJHuJNYL54HCXfwRiXzyZ6Z
  Funding recipient: 4xGSSnAHpDLsAAN3ShiCvHJHuJNYL54HCXfwRiXzyZ6Z (0.00203928 SOL)

Signature: 5GM5QuPrF5eui8s5ywmpHPmTF3XSwdz8W9hwbFh2pAyBvnEzv5U5fnpZfPNVToSSJv26Cwdqt3duqi2muRPzFKuz

Transfer 1 tokens
  Sender: FP7HBffrpWHcbDrHixXwVNddBNRWMvmV55ddNU4dmYDU
  Recipient: CwyAnBZRGAaDVCBiMm3m4zrXNe4e6E8eUVgMrt4pHx2x
  Recipient associated token account: Dq2bXunaifSU7b2N8UPuqAxZV3EcNEvXzwGM1SQzeZrM
  Funding recipient: Dq2bXunaifSU7b2N8UPuqAxZV3EcNEvXzwGM1SQzeZrM (0.00203928 SOL)

Signature: 4ej55H3SAJce94GM9r6Ke7zyVzJC1He38MEam3fmtebBxXXGuNnAb8fTN2TSw9CeZZigB6UVNdhDEzubzX2S6wR7

Transfer 1 tokens
  Sender: Xi3nMBCGfE572R8LxP8cde8EphvSbka5Epo24ZPnUWW
  Recipient: BBcnpuGSbDbMhZHugVRhURmfdFWkieXskLyHvqcFMsbT
  Recipient associated token account: 7zAJ2hsMfJzPshdmwkfUHpYJ6n4x5c3aYGrhkhWNgr5t
  Funding recipient: 7zAJ2hsMfJzPshdmwkfUHpYJ6n4x5c3aYGrhkhWNgr5t (0.00203928 SOL)

Signature: e8tJLVT21uT3v1L6hYDar4ubey8zLBLi9fsAw3kxB3aoZy4728vuWTfk2wTUDqheAV9mFSrKDJ3PEHnxaB1qiMx

Transfer 1 tokens
  Sender: GawyTzB25aaLq8xtfHeSFhiJzxtXyiSYTiednEWHDPfQ
  Recipient: C4KtJu4hyGbtzvQUtWGqhTysrg4Jn594vMjm2bPwyTtM
  Recipient associated token account: CbbAJHiQdgeKeNX7yeYEdnDYKpELqHFcd9QMvZuzcqRM
  Funding recipient: CbbAJHiQdgeKeNX7yeYEdnDYKpELqHFcd9QMvZuzcqRM (0.00203928 SOL)

Signature: 5f8237EJ6em2hnCmS4dS1msWEByr8snYnwwnQdJs7kz2UcxCCnrRuhs5MGtvSLDdVW2KmnCPawJZnKXBT2mzwCpM

Transfer 1 tokens
  Sender: 7BAWzHj5esuzHrPudPeueUjTcu2KefTXvr8AusyieuBy
  Recipient: 51oET2dy4vCmZ1JMGYR9hbsvsLng1vcLD6z2AZp1uq1j
  Recipient associated token account: 6Da85QSExbJYJ6Z3Yutmx9CWtgqWDKnxp9jxUTcQTcDr
  Funding recipient: 6Da85QSExbJYJ6Z3Yutmx9CWtgqWDKnxp9jxUTcQTcDr (0.00203928 SOL)

Signature: 59wFD9tv7heYV5edfzuT8yKyp4J9eNMs11iwiwPhHzC9kjpHNYcUFrwudv3EiLrV4f1mtrmyrFVLdCYpkK5WMomi

Transfer 1 tokens
  Sender: EVzRBfDrnsiqqQPh6xA5fLjLftgFd7MnhniaRJNbi2n4
  Recipient: 78EX5HmkxqSgNY9Yw15mXVFUxptoJbM2tg2zq27g8Npy
  Recipient associated token account: 8M8g9praGPSZ11kMZvLCrJ4NazpTo7ouwmnTb9WZBp94
  Funding recipient: 8M8g9praGPSZ11kMZvLCrJ4NazpTo7ouwmnTb9WZBp94 (0.00203928 SOL)

Signature: 5Z9beSDiyaa7JDx4QhfARzPjD8rLo4mqnMGeZ92wR4cAdERAKegwfAPuDRutZo9wByCt19gPiubqPzqqvgLYpHBb

Transfer 1 tokens
  Sender: Dxi8U5NNdefvGLGcPQ23EkVXmFzrZkH6eda1NnXY9eGk
  Recipient: Ab4ZrZjVR55EWrTjzeCwEJSVuUrmotM55wciF9HyFkdd
  Recipient associated token account: 9ZNhwT7vrqxarU2B8FHXcUYaLcpvfKNDh9qDCFZVUSz7
  Funding recipient: 9ZNhwT7vrqxarU2B8FHXcUYaLcpvfKNDh9qDCFZVUSz7 (0.00203928 SOL)

Signature: qHrP8phJaQScq2iZCBZ7nB7EuTmt73Q31S5bXdJk1G76ctL64nASfqeND9mcGnUPcUXySLnB846eFvaL8vtuiek

Transfer 1 tokens
  Sender: DpjEr45QqpjRB9kH3SZi4uFa5UMHn7u8LKpXnviDzX8E
  Recipient: EoEv8EebiUmXAC64TkiWG68F5cjKY74M7Pq5zYFdC7c7
  Recipient associated token account: A1n4cNMXH3ZFzkj8x9pDDPx8ytgxfg3Zqhzh8rSHrkYZ
  Funding recipient: A1n4cNMXH3ZFzkj8x9pDDPx8ytgxfg3Zqhzh8rSHrkYZ (0.00203928 SOL)

Signature: 5ArBC8TSuXq9Av3FdLCbMtaxTxJQdY7hD7HTxkdYv4s5jG2ieggBagmRGUTnFEbCJTgstpLbEPSQm4jp5FZ8T1qm

Transfer 1 tokens
  Sender: EpTMjP4f21NcNNypGdT1mLWNULUoFB9j79KTRp5i8ScH
  Recipient: BEtdCa3yus41qyVT9kDh4UfgWo2xtbaxpgYh49s7J5w7
  Recipient associated token account: JE2HcUkS4u4kKYcgTApFYPGnDL98pYFdtfUUd6fQnBpG
  Funding recipient: JE2HcUkS4u4kKYcgTApFYPGnDL98pYFdtfUUd6fQnBpG (0.00203928 SOL)

Signature: 4oLepcafNXmXHZDs9bx5t2WAh9zQFeoeNkQ9twAxPVebABTN6UmzA8ZW1fbsFd3v7Wz1KiAdTktLNnxZ9noXUxdK

Transfer 1 tokens
  Sender: 7xo6LotK5CbxyBscUMBpe5xraYBZ9zqtdTvByByN1gXc
  Recipient: A4wZ51JijJaf1deL5sXmEWe5hgU4TUWdupiFPuGkLxJy
  Recipient associated token account: 2Rc8oqKQ985FWrFTfw7ED2H6zAtKPEUTTGYfjTj7Aaq7
  Funding recipient: 2Rc8oqKQ985FWrFTfw7ED2H6zAtKPEUTTGYfjTj7Aaq7 (0.00203928 SOL)

Signature: 58oLsQ2grsz4y4XonANc3nxPDDZq62nXLVWq4icdG5UZUvRPNqR4MBBHkgjQB7AgS5srrDyeE4PjhcLDMmNWfHT7

Transfer 1 tokens
  Sender: 72aqmWwWSjcN2beThdTbhHH5uxRCJRz17CEv5JfzL5Nj
  Recipient: DWaAVXvNg9NcNUPLCwRbAhc8NVmFzSLPQCFuwkxgp9Tk
  Recipient associated token account: 32QpwL9yAw57cnLVV8a2JQn3NT9gMcChYvbvygd5CX9g
  Funding recipient: 32QpwL9yAw57cnLVV8a2JQn3NT9gMcChYvbvygd5CX9g (0.00203928 SOL)

Signature: 5Rs99HYvMEN54NJzgzwN2RWZwwvcmSFutLCSwAkkScoHKLihvKzr2ZqEeJV2wWc2SwpcWcXeawMmryAmhtTRbXv3

Transfer 1 tokens
  Sender: 5rVP2oS3swvrHEpqVZ2zoNLYw5N6wRJpZ5N2T3raAt8i
  Recipient: FDE5mgtoDZLAxbaZbDwvkrt9QKNRCt17pzscLdKAPCvR
  Recipient associated token account: FEFsJbrd3ZB3oAJi3fLbhx41vVappeju3dFQYey9hkai
  Funding recipient: FEFsJbrd3ZB3oAJi3fLbhx41vVappeju3dFQYey9hkai (0.00203928 SOL)

Signature: 2n4jyFKM6pxfZguZcBEQcQi1PpVbmaBpiVEMAjXcZcW5fP7CKa1pUd6TurDusNT6yL5vhFJZpSaS7ekmRiiMCzKW

Transfer 1 tokens
  Sender: 9dyDb7ZCL8N9XUUgqke85XVK7DaMsrNXk5ek8TyNWdMG
  Recipient: 54xrf4N6fvDUvoMZGP3z7yL6bY4c2ZB2pd64g892iSuJ
  Recipient associated token account: 94MFKPcEHMD1ZK2LrWn6UnG1aUGza1xJwMkBFvWTfG8M
  Funding recipient: 94MFKPcEHMD1ZK2LrWn6UnG1aUGza1xJwMkBFvWTfG8M (0.00203928 SOL)

Signature: 3yUNM47ToxMn6UVZDJhM4ZJvU7dvmT6xkwrvCw4cRggtvCiy4WR9b5jyiP86TeSYXnsySCYkvhd3QbS4d9VQ8JjM

Transfer 1 tokens
  Sender: 8KpKfSgT96s8Poifh68ez9REHsdWPN13NAxq69SvuQ6W
  Recipient: 6dm86x4LHSBLR9WLUkjUHP27A5uJRwgp5Z5bVVCWeM9K
  Recipient associated token account: 5WWZpBWhmsjhwGiRmRXRfmZcmAhJAaSZUtn6vpoyQex
  Funding recipient: 5WWZpBWhmsjhwGiRmRXRfmZcmAhJAaSZUtn6vpoyQex (0.00203928 SOL)

Signature: wRMRJGzc1sDqP5FULmAC5TMVyJHkkch5TCoENGFF9Z6n3M1ZYKqwevte3mHywY5Yr7HfqpxoDcDJJFUi3WT5Jw7

Transfer 1 tokens
  Sender: AsknEaTdGkgdPuneTTnRhaU73hfB5SdTWteN8xf7S79R
  Recipient: GD9Dx84Rzr6qLJKoZqQFZn2Yzf1NyPFbQeSRZqU56f8z
  Recipient associated token account: 4ejEBPeVJhYjSmiHqd5TKPB5v5QJw5HUXGkyUBi845BK
  Funding recipient: 4ejEBPeVJhYjSmiHqd5TKPB5v5QJw5HUXGkyUBi845BK (0.00203928 SOL)

Signature: 3S3Pa2XCd4ys2KsJUywSD2RPn7jj3tTjGGQj6Zs9nxiKv3N3nnxHaLs7ZabAj9t2FfKhXxbd3rCozz3UaeuMm9ix

Transfer 1 tokens
  Sender: tVD9TjcTnvCN5Mh2dJmXn8u4E72WpXFeva8SfoXSC4w
  Recipient: EWC6ESChdBqExhp96XPMLXR65pXP6Ftuh1pPAVws4pmk
  Recipient associated token account: 5KuaC7TfiyHxaEfdBHMPMGJW36MZ84EB4S3UxHQwdeox
  Funding recipient: 5KuaC7TfiyHxaEfdBHMPMGJW36MZ84EB4S3UxHQwdeox (0.00203928 SOL)

Signature: WbQzPLnBdSVvbShhPxRDHs7SPpyug82Z7Xvbi1LBGV5xSWTpn4QLXteuNSXc5bHhaBZtDhM5w4EhfTuG9VStpq2

Transfer 1 tokens
  Sender: 8Pt6bWCquWKKxUJ2Jkv5FgR4bd8MZTCeph51zcLFuhZ5
  Recipient: GBL32YNQnVNNcH2C6rZtT7zVX8ip7dgbry5VVJr76hgY
  Recipient associated token account: 9Zo75rBuVYR2uHB5QiiNuPmRpB2TzHvUnq2hjcPMVg6v
  Funding recipient: 9Zo75rBuVYR2uHB5QiiNuPmRpB2TzHvUnq2hjcPMVg6v (0.00203928 SOL)

Signature: 4bVn9DNLKzqR5S4pi3HnRzEHy7afw9zV5Q6Fonj4QyTCUeM8hA4L9PVmT1nJQCbNgHf71aeu12kB7vGhbyRGPHFx

Transfer 1 tokens
  Sender: EmFwPaF4eFoVeWDpeFvQFAoMYz8QtwvUN4pXoHTMyjLT
  Recipient: HMCuUsfswf8ngtNg1E8RgpcthsnjakGfSptKNqyzBuYb
  Recipient associated token account: 7oBHAtzkCMsEJ8mC6FKhf8QeLrkmJiiVnE4fbuufbFsX
  Funding recipient: 7oBHAtzkCMsEJ8mC6FKhf8QeLrkmJiiVnE4fbuufbFsX (0.00203928 SOL)

Signature: 48HBMMXymL4fPhkbAs6LetNKhjHPGSyRncSZEp6QpRkHnzfW1Tq9N2GzndeUsYX8FLQFtejG26XHenXYVRXjzyuS

Transfer 1 tokens
  Sender: 9nHyYU3DTSboAe2A3mtQNArhZro3yqeNsLDNGe3txaz3
  Recipient: 3vipZF5ThSaE55jGnHE1PZhCoHvRfBHvihP3pQ8Ph7cF
  Recipient associated token account: A7Ys2FyH1gGproiAaCMzw4qyfrisjR4qef4JLLvocuXq
  Funding recipient: A7Ys2FyH1gGproiAaCMzw4qyfrisjR4qef4JLLvocuXq (0.00203928 SOL)

Signature: 5WMPDVtcWA4aQoyrmaAsKK8ntqi91ARwHQfWbpnbGQxMTQNNtBG2JgseHcUobheJ3ddbCk7gC6TwvStotr8dnxJH

Transfer 1 tokens
  Sender: 2vifxGVGmMCyKXadwrA7imb5KVELEc3qFzUK8gHFdry8
  Recipient: 9LAogbfHVtgX2McBuVERrgyiYUijWzhCrRfMybxU39qN
  Recipient associated token account: 2uWnsCh4TM4zRTVfvXqniGJ5nWmxANKtdpW3Q6rfe8gy
  Funding recipient: 2uWnsCh4TM4zRTVfvXqniGJ5nWmxANKtdpW3Q6rfe8gy (0.00203928 SOL)

Signature: 2xPECXooVL99RidkA1hs788yrNgKKnXQa5AHSxY9GR9wnojTrUh7s6fe8XiKoop4gXf5cpbeJn39LuFp5Xnw2iU6

Transfer 1 tokens
  Sender: 3834cYGppaQCDo21f4TT4RbLCBbS8PzgeyDoBtJtBDuh
  Recipient: 7P4Bb1pCMuYNveYhg2j445cmTRCEGp2eAAtBQUv7Jz89
  Recipient associated token account: Ep688LzRN93Uiv1zBqSoN5UdM3gVk3xy4ZGKnUYoHJyi
  Funding recipient: Ep688LzRN93Uiv1zBqSoN5UdM3gVk3xy4ZGKnUYoHJyi (0.00203928 SOL)

Signature: 4aGWMsCzW4oh7xAxduvnaEMMjKGw8sjWHwKyNUwWwbwEMLTqjc8dfspMRSNXKamwbsiZdzEtwDKsRTD3SfXNWAKW

Transfer 1 tokens
  Sender: ESXDofkcxYBpaejYMazWppoDQRYqrEafPvKU6CYAVjsx
  Recipient: JBfZHEQDki4swmCiH4ZcgfntBF429hKKA85bnX2UDnRo
  Recipient associated token account: 3XMkZkV9QNH8KRCdgQRBG4s4Z8abkBLATezebgtMcdJ4
  Funding recipient: 3XMkZkV9QNH8KRCdgQRBG4s4Z8abkBLATezebgtMcdJ4 (0.00203928 SOL)

Signature: vp7QwAS2Z15aUQaygC7zyVF6CnysBHttL9grPLJqkkGeCPRAAWPZPW8Lb59mjNHu3J8uEQMJt2EEpmacZqJg4zG

Transfer 1 tokens
  Sender: BL2MnqbMCrYbkmLhtF3mxgaCYhYB88kihdsNTcrigbGT
  Recipient: 8utkbdcWfrR2ZePv3n2y6Lzw9yEeJamZk1rVhrAHCZNp
  Recipient associated token account: G5TH2B2qEwL4XVAxcatdaYZdAJ2M4uUM2PyCpJtH2pyE
  Funding recipient: G5TH2B2qEwL4XVAxcatdaYZdAJ2M4uUM2PyCpJtH2pyE (0.00203928 SOL)

Signature: 4kzQ6BbRap4Qga6zVhaqzFsA34sZb1BNgoJt2fjrSoQSEKdNzFkTySiSCosWsXwgb819edJRfSb5tz592UawcB53

Transfer 1 tokens
  Sender: G5eFTLE8wbmuxEY5htQFTm1QJbiqwxy3q5KLFdWphPGd
  Recipient: 51oET2dy4vCmZ1JMGYR9hbsvsLng1vcLD6z2AZp1uq1j
  Recipient associated token account: EsKsBJW39rLpHg5tuSC6hhL4xCQed4G2YQhE3E5TpQwT
  Funding recipient: EsKsBJW39rLpHg5tuSC6hhL4xCQed4G2YQhE3E5TpQwT (0.00203928 SOL)

Signature: 4feAaUyM9PD8VpBFEH8nADArLrKRvufUM2HZVPDEGgr2PqGRKoLwsLxTYxM9dcm6RY6usTmdFbBJCoceD95Msau7

Transfer 1 tokens
  Sender: HeUHrGsf9A5eKu1Y557wciVC6z4WbbPCjs6Z1yBB6kAL
  Recipient: HyJGn2q8vgYCH6urPsQXwxu6W5DqecVvBNTMU5RnnWrW
  Recipient associated token account: EHQHAe6kp8yKoWoKSCWBJcarkddKtyVCVB1923Mr2wjv
  Funding recipient: EHQHAe6kp8yKoWoKSCWBJcarkddKtyVCVB1923Mr2wjv (0.00203928 SOL)

Signature: LR8StPuGoZDFnEzuskYuXnk78ZkL4YgMFZyquhTmr8XwozbzrfX4s1SqcREGd3JKPezhmwUPJZSy7gZsuMRhh6A

Transfer 1 tokens
  Sender: 6djhJXUTLQjMvQBhiQdsr1mDAWDdLNghzrJwYELzmNm5
  Recipient: 8eqvPBG3bHFpRfHCxKi7UBPcxUopXyhDMEH9r3Fg9QcX
  Recipient associated token account: E7xeyKSHd6cLx5TcQRP8323RjURUDNYpQf3gNLWM8naV
  Funding recipient: E7xeyKSHd6cLx5TcQRP8323RjURUDNYpQf3gNLWM8naV (0.00203928 SOL)

Signature: 55mzRfpFUHBTPumqGsQ78mZw74XG524ZwxSktPhQq5X2Lbwsr6WJmGC39D8M3tduj3EWt9fAcDXqFDxDTYehE6bz

Transfer 1 tokens
  Sender: FFbU6XRwWpYxf167kfM4rRGKMLmgZTgM4LE3hSsR8DwX
  Recipient: GRKqLdY4K4VhQC79Sa6EeNpSKchuXGKkZELPAUtg5UiU
  Recipient associated token account: FAzgHZPkpoZrRYTsdJHCyWA4zXyCg6TU4fDvedmfN7zL
  Funding recipient: FAzgHZPkpoZrRYTsdJHCyWA4zXyCg6TU4fDvedmfN7zL (0.00203928 SOL)

Signature: 5NofDzTHMrTLBTEJvLChhaBWiuhjpo1T6BN5gbJbDq1zT9gXBHwCZVbB1BxybUMpzGCLZRxowD8iTtGte5pHy3hH

Transfer 1 tokens
  Sender: GbBSRhmHxm7kVxLuJM8E8nr5Hg2xAegg7aK86VNHUxy
  Recipient: 4pUQS4Jo2dsfWzt3VgHXy3H6RYnEDd11oWPiaM2rdAPw
  Recipient associated token account: 5VNqrBJkfs14kXQmHwDbN1abxamsZAgtyadDBvtpZFSM
  Funding recipient: 5VNqrBJkfs14kXQmHwDbN1abxamsZAgtyadDBvtpZFSM (0.00203928 SOL)

Signature: uesiK5Jxs4pMo4gCjvv3mQorfXepBHTRNzxjGeD96XBY1duTRnQ2VQWo6fFzeY62HEnj3hqSGt6kHv5cBAFahD5

Transfer 1 tokens
  Sender: 8KZDvHvxbTsAdZJWfBa8ajJsjuDF7h7NUdFSgQoifkAT
  Recipient: 97CaZv5Ra9pdzVcrtNF9PSZSr9bSB922n7GVC7evRAwa
  Recipient associated token account: 3nb8MaeJeWB92zMeQjHU1vSwjsgNuk5Hurpx2JEqEvsZ
  Funding recipient: 3nb8MaeJeWB92zMeQjHU1vSwjsgNuk5Hurpx2JEqEvsZ (0.00203928 SOL)

Signature: 5YbsqRsP6dyfGUeQ9P9pnBQ5LazPufjZ9k5nYFSNKHuu8huqLNMPtXHpSo8sQuRG6WBbTAEcro4DKVJj1syHPL2o

Transfer 1 tokens
  Sender: 95isPVyhnNE1fZVaeLRr9eN9DbKDg5a5mbkT9gJkc4UZ
  Recipient: Xd7QR72dCcnxQ8e6M98Cko6aMdebTVuEAQqtFDzuAKo
  Recipient associated token account: 2mvTUPVrMEukJMN5X6BujNrjJL8DnrB2Hmv7RBCyLfQ7
  Funding recipient: 2mvTUPVrMEukJMN5X6BujNrjJL8DnrB2Hmv7RBCyLfQ7 (0.00203928 SOL)

Signature: 2Ec9mhzkwFEc9CBrtuUMZpQrxbkfnJC7tbboeVgZHYiNxe3LbNnDn4Ebk3Q1hdKnoZRJrSQBcHKUPbzYAhckv6EE

Transfer 1 tokens
  Sender: GwjUpAAFog3Z2YotSfJAVjWyMvL8HQX39vTmg87nDuek
  Recipient: DMwHn74WRoFuFyzcKijfEohU8c373q8YfZquzXwAuXAL
  Recipient associated token account: BFf3ENQqmx3kXH8KUjKgvtnyxjULX1nYQ21Mxrf5pb79
  Funding recipient: BFf3ENQqmx3kXH8KUjKgvtnyxjULX1nYQ21Mxrf5pb79 (0.00203928 SOL)

Signature: 4KXAGhcpTm8FU3Nu9e2QYcsofmnkgJYXHikwXJpLpH3FnbdQP2txKGPDVf5z5SLPVDBXKsonfbdchzpYEMwocvTY

Transfer 1 tokens
  Sender: 35svWpM97UnoCpyidUK9kVVELJU3zY3QK3xrB6FSbEnZ
  Recipient: Cwu4J6JpYqbyqhZQubxdo7bnL7i9g4fH5qydgfB44CeV
  Recipient associated token account: FwtKLgVobPVCQKHS4fRRRrt4w6bxjHADevJ5f2rX2Bnq
  Funding recipient: FwtKLgVobPVCQKHS4fRRRrt4w6bxjHADevJ5f2rX2Bnq (0.00203928 SOL)

Signature: 23vZFjdUj22XpAFrBrtogXBAwYvUmoQFHwvdUeZqmmsRiq6q3j4tuLjz5Te78fJT9kzWrcSN7MvT8guMPXJ5XMAV

Transfer 1 tokens
  Sender: EMBk2vuxR6BPSWKobtxEbUu4EDK4iHWW3FKHm1CB4uj8
  Recipient: 6zVwbXYmzpxgqTcY6kWo65HqQdoymqZdrK6mQF9BUQed
  Recipient associated token account: CbmaBPqApfcomt9xGSG6y6rw8N2fqc7gb2rn74uhjGiS
  Funding recipient: CbmaBPqApfcomt9xGSG6y6rw8N2fqc7gb2rn74uhjGiS (0.00203928 SOL)

Signature: ZRfurkW6mR6hMKPiVqGRYfVd7YStkGhAPidg5P6qGbuCKbtT82Fwhj7EyotLbL9hk1GbEPsJSw7cFkLFvanDGnf

Transfer 1 tokens
  Sender: 2z1dwsqXdfHM1EZMgHoKTvgzqTkGcf2aQhQL62drUE38
  Recipient: EWC6ESChdBqExhp96XPMLXR65pXP6Ftuh1pPAVws4pmk
  Recipient associated token account: 7RUh6zk3mitu2WAxDUZ4odWX64iz4PNMM94n2enSm82j
  Funding recipient: 7RUh6zk3mitu2WAxDUZ4odWX64iz4PNMM94n2enSm82j (0.00203928 SOL)

Signature: 2KFdxUtPWQSuFLtfDpcZVHVo4N7btzZtnhHCdXL72WSu8HBnrrxmf6yYt3biBREjMPLRuiH6upjLDgdSjumo33qk

Transfer 1 tokens
  Sender: EbKcHfsDFK32UEfWnPmHNdSHqdadQDsBNFMDsnXjpj4E
  Recipient: 8jM2e7C64cuhLd9Jc2UAQKUiCfgB6nP5LiugTzwoeb7A
  Recipient associated token account: F27jnemVHqcVUqcWnCXLfNkMqV6KhpXFTo7aBSXpskTq
  Funding recipient: F27jnemVHqcVUqcWnCXLfNkMqV6KhpXFTo7aBSXpskTq (0.00203928 SOL)

Signature: 2BmSYoWp5HgSUfustR4YVpwpKXLjzEgjjNe383aVhLYBbDZyCcJ7SXjbTH6RePRtTnpAoKirPCU9reP5PKAhZw8v

Transfer 1 tokens
  Sender: HDtdQoU6p2CMjNwdPUW7MqqsW1US7TaZM4FtdrtV4f4f
  Recipient: AEUto3eFWHLAmmVRq3Vo2fmHXwte525jQGG6D7pN4RRd
  Recipient associated token account: Gkm6yFJcnr6kaziNFqcof4QsnchCwTDms2o9FjLCPQ44
  Funding recipient: Gkm6yFJcnr6kaziNFqcof4QsnchCwTDms2o9FjLCPQ44 (0.00203928 SOL)

Signature: 4G5tATSogjqJj38GksFXcjYvQkJhU6E2BUTkDodsqSFdBDMmbPi5pm7b6SbNWgifczDDFpvdXVhRFtrG6XPY1RNx

Transfer 1 tokens
  Sender: GWNMGrMS3678uGJa4x9yH4mWmC6y3XK9veusYrFvMLsm
  Recipient: EAzuPsCQuDDm5EyUeSS9bDbrsDrKejiRNJgLJkRvqAWz
  Recipient associated token account: 4wedXkSxvDxHtv2zjY8DZgkzPEVSiwcgJnWdYLzBGFwT
  Funding recipient: 4wedXkSxvDxHtv2zjY8DZgkzPEVSiwcgJnWdYLzBGFwT (0.00203928 SOL)

Signature: 5FVu3VaNQmAmzLqj6h44LqcLvDCha5EMrQy8xfrvNbP6F3nJAHXSMetMA4PaZv6jcp6P7YrXkHMBWgjbjYA9DjBT

Transfer 1 tokens
  Sender: GAqFesyeqmQ3X711JKFyjFFLBoD4MgmcnZ1kLUcCjtKg
  Recipient: k2Hjt7epVuf53zovvsytMxVBLRLVAkkYv9cLuw5aLFd
  Recipient associated token account: 9qC28BorJ4ELGkQGPkifLrYyZEgDAuygxwyaz692x7tV
  Funding recipient: 9qC28BorJ4ELGkQGPkifLrYyZEgDAuygxwyaz692x7tV (0.00203928 SOL)

Signature: 4vPDSeBkVTpZG7fUaA9CXXmEHZeaCTSFQyFshwXVbAjy3HEkjucvu6B1pJiXVyefrfXEoNguBFCXFRbhBrXNT3ns

Transfer 1 tokens
  Sender: ApEpVNBzLrWXxTeffsvQjK5t2VsxHAAYw5JM3gL5Q4op
  Recipient: CmKbwqVuv5C67PZYgsyW9W6bTUzBybsJm5kNqHp8M9fR
  Recipient associated token account: 32whpghwmmzkrU9ZKbypMCA3K32agEi32cLGJGtCECcu
  Funding recipient: 32whpghwmmzkrU9ZKbypMCA3K32agEi32cLGJGtCECcu (0.00203928 SOL)

Signature: 4s77Uj2AUi7j6Ux7nzj192CT6UvqQN1iVTLhWpXenWLtJTvHq689gxFRBPoNgcabCrNjhyyv3iMfKEGA46cDYvBU

Transfer 1 tokens
  Sender: BQuStPts7iK2gvAXhwzELQHytxroHFvs65QabieJvU13
  Recipient: AbgicEN3npoAGUvZCJWpkLkniVxnEdcsFnTHCcmhfUKF
  Recipient associated token account: BR38rtbCf2odFv1oUsCRLhqxWb9Fq6i6gE2eKpWJLvHu
  Funding recipient: BR38rtbCf2odFv1oUsCRLhqxWb9Fq6i6gE2eKpWJLvHu (0.00203928 SOL)

Signature: 3kutX9fbLRzgWRruaKDEjqy2238LCYEN43TaRyjrrjNpkvwbarhCZkgB5yLMTj3dXWrtpSj2Bur65gEQhYfsMB4k

Transfer 1 tokens
  Sender: 6bWDDXKCvb9a4FCzgdHLyikG7Wda7j24ZCQZnSLTYzrV
  Recipient: DcUQr27FMmr9UCmdMGY4Y42ghwuvE9tXaXzsQ1L8hCcG
  Recipient associated token account: jNQusJWyas2knpsKATtLqodz6EB1GR7HaJ5sDycvfy2
  Funding recipient: jNQusJWyas2knpsKATtLqodz6EB1GR7HaJ5sDycvfy2 (0.00203928 SOL)

Signature: 2NG29qdQ2es7qGHf3nKUAozJobbTkjjpwS8CftrvFABhSqLAmpvdJ31e23kNUyt72RbTJUHSVNA57sao6bPdHsaE

Transfer 1 tokens
  Sender: D2XFezDEnGww3wrhvUErV9UyH3ZrixrBXgrvVasDUNwm
  Recipient: KwQ27yEuXPR1mhN8tTexSDQ2VDXJsZTqpf7J4k5ireo
  Recipient associated token account: 7H7kG752CbZ3qHDqBFW7hG2WsVy5fQH8eH7PRvX6tffU
  Funding recipient: 7H7kG752CbZ3qHDqBFW7hG2WsVy5fQH8eH7PRvX6tffU (0.00203928 SOL)

Signature: 3QdrKiQVGKGj4yXDqFpGeRkt8F8Q6vTFg4rZjRn4hiVUXtJRgkKf3xb1ddefD8vWbx8AGu8RJ5bokYWnB2cH4tQH

Transfer 1 tokens
  Sender: B4WCGwsXhmsba3cDJiNxazidkGE5VcwspqGDD5SYFvyD
  Recipient: 4pUQS4Jo2dsfWzt3VgHXy3H6RYnEDd11oWPiaM2rdAPw
  Recipient associated token account: 7UnTtGuez6TKYksngGS1LWpzjP3MD8vkudjkvDRNYRot
  Funding recipient: 7UnTtGuez6TKYksngGS1LWpzjP3MD8vkudjkvDRNYRot (0.00203928 SOL)

Signature: 49E2GnF79EnsZ8GZPo5YmMgp4XHwJn8xMeBFFnQ3w2uAQpKWiChhu6caWAqDRmKJrAkcfn5HRxBzhyReTEKhi4hf

Transfer 1 tokens
  Sender: 3zbvRYKPC8XSsied75aa2ZWfzFQxPZuoxzmM4DFtDUyh
  Recipient: EczHAfEajWAwvFQ6t8ns9rqxCr5XQMqqfbZxBBJBZByh
  Recipient associated token account: 9E7gLUA8zWT7oCPsa7d95gqpHVNHuUREo26A4MB2ooy8
  Funding recipient: 9E7gLUA8zWT7oCPsa7d95gqpHVNHuUREo26A4MB2ooy8 (0.00203928 SOL)

Signature: kJgPRMqtNtatepnLDfQEcvXXoD7bZryTLuZ3WYYFkFPGAVpAYKXKT8NusrNsqZy6FMF2pfcWnTwfAtAPzQ7MgVN

Transfer 1 tokens
  Sender: ESfcAXUuVP3Fbj55UkQ54BikKGt3VRecwKoA4ywwGegi
  Recipient: 5HgCS3rFUHptayfWZvSuiiKDYxpqBoetksDoiqMaSFY6
  Recipient associated token account: 7hqDSYpiK4oWfH8MbTb8wDexyMvEmEJrWi3BnfpLacsL
  Funding recipient: 7hqDSYpiK4oWfH8MbTb8wDexyMvEmEJrWi3BnfpLacsL (0.00203928 SOL)

Signature: 3MooJdHm4m7JFP78RM9sT75vsuBi1taaaxZDru7G4qTNZfSe14jQGmkfNARhtGDxkiN6Rbg7D7FYUPqc5cixcSFP

Transfer 1 tokens
  Sender: 4hERUcyUGSDyFGA7YNBXGKGMfW19vAa9HPkkkqr3enbD
  Recipient: 7tMyU22ViPrhY14fy31bSmTsQK6rwc9q3Zbq2u5RkZis
  Recipient associated token account: Espd7bthCVgeGLyuJdGKZS5wnvSUaEaEqaznvZCaq3YZ
  Funding recipient: Espd7bthCVgeGLyuJdGKZS5wnvSUaEaEqaznvZCaq3YZ (0.00203928 SOL)

Signature: 3xhKuYs448WTLms3Vob9Gom1EoZ1vfRoy6ZXqTfNkrNCFJ44CAVJHKcxaxcR7b96VySRVSY2sw64dyVS8KDE7LPR

Transfer 1 tokens
  Sender: DoF5uK228Q2F5tKoXxg3tbkyzzBuwJgvr6PLQ5gnvTBe
  Recipient: 5g9P9YJNPxRMTZtWTPyRkUmdvaVae4MVjhr1ZHmHYbRH
  Recipient associated token account: Hieibe8jhUJzXBrcugJefpRzfrWUt2HGzVgbQ2MWUuek
  Funding recipient: Hieibe8jhUJzXBrcugJefpRzfrWUt2HGzVgbQ2MWUuek (0.00203928 SOL)

Signature: 5KiCNz7zxUZVxjHaB9FBWdyVCGop3xZFKpPq73WVUMcMashBK2j2GuH2Nk3yF68jxeS9icAxv5HQCyKJRS3mxGgw

Transfer 1 tokens
  Sender: A2dbzotuiNV7Yi5oXayK3b9W2fZNaX885amDtSn7iMQb
  Recipient: 6BvM7UMn7kFWVnSAfyv7j4FsySQMzHTDvyLA3emSJKYJ
  Recipient associated token account: 2spPoQZ3hXhJ6qcyY5JxRN33jMGdvxrzDADwAj39aAxH
  Funding recipient: 2spPoQZ3hXhJ6qcyY5JxRN33jMGdvxrzDADwAj39aAxH (0.00203928 SOL)

Signature: 4swkPF7bXAnaJLUfvVt9ZvyeWMno1cFKyR4fEeRVT7jWN8iZ4Mcw74Qs62nQwnHtDRcVPkFpB6JHwfoc1udQpdjg

Transfer 1 tokens
  Sender: 8TVXLXWzsnGs1RSgNiNQiMcdUpQZXLxoJrUaXamo5ydY
  Recipient: 7tMyU22ViPrhY14fy31bSmTsQK6rwc9q3Zbq2u5RkZis
  Recipient associated token account: 9gfz3Sk5iG7p2aRrm2owQkkYHbWSLXaw4VaQzgBxyD2B
  Funding recipient: 9gfz3Sk5iG7p2aRrm2owQkkYHbWSLXaw4VaQzgBxyD2B (0.00203928 SOL)

Signature: 2puuijkJPWFmDZXQ6K8HfEMVDHj45fXwtmMpWteikbqiTygkQdDixC6se4YHFij9wQ6NXqnP2Kfao5iCHShjEtTN

Transfer 1 tokens
  Sender: 2133jdCehD3UvfsQc92SgKT8Am5aDN33dxr1yMRmApWD
  Recipient: CYVikdfqKK1SmPasR93k1p6CntrmqGW4YcoSYQQ2TeVp
  Recipient associated token account: 9LQ3XujwXtQ15dodRNo9sTXcPnzmD6wnMukw7PUjUAz
  Funding recipient: 9LQ3XujwXtQ15dodRNo9sTXcPnzmD6wnMukw7PUjUAz (0.00203928 SOL)

Signature: 5xk1BRjj9XRbPiBW3sLr6VpmEh2oGxF8ytt8Z78Dgo7BgpoCbAeAR3MsEY3GFywTYm8kTAYMLsyVuZf6xcE2s4Ft

Transfer 1 tokens
  Sender: 6bTEzAEy4L776uGiaARoXRS6TSYvKtJ5Px77xqpCLz5i
  Recipient: 5Fo77wCpxSDjwv8nDGMHvRVQ6PtiBdWkuSozgquPX5sS
  Recipient associated token account: FpMze5QXcczcYGKTNdwwKc5fE3hgQY2g9mVb6tSsnQBe
  Funding recipient: FpMze5QXcczcYGKTNdwwKc5fE3hgQY2g9mVb6tSsnQBe (0.00203928 SOL)

Signature: 5ZHqG7ybwer548nYMiwFzuue3sZs2hUuuq8aru45WD5FLjXBScY7JH5GiHA5kfnujQPbs2fM8hYEnZXgCf8kw4zx

Transfer 1 tokens
  Sender: GBJmufNxuhP8TqtgNqFzePVSRtbXscjNWQkwirARLHUB
  Recipient: 14TJ82sAjiw2A8rTqGiBeseHp23RZqf3yZ5PovWSb2jS
  Recipient associated token account: E1bBdEtYs3XXdivQLvFHXT9h1oT8ZoFFqtDNFqZJYr89
  Funding recipient: E1bBdEtYs3XXdivQLvFHXT9h1oT8ZoFFqtDNFqZJYr89 (0.00203928 SOL)

Signature: 4DHmMtWHqfSjRVoSRQKgeRAuqsSZaLyEizba9yGKmeixMSQ7qxBQKWbi6vYi7NBMY22vtsg2Jv4fbVPe3wALowkm

Transfer 1 tokens
  Sender: 37hF4NEu2Xxc9n5WMZF2EFQwVPFJrnK6p6mmBRx3z4KA
  Recipient: CNgwgXRXh6bkXkeErtJytGCx3esf5jtFvfEkR7USvDjs
  Recipient associated token account: 9MmZn54H2xJSpcbm12kbxytskJupyJUkKgnP3xBvpJZ2
  Funding recipient: 9MmZn54H2xJSpcbm12kbxytskJupyJUkKgnP3xBvpJZ2 (0.00203928 SOL)

Signature: 63iHh6TWq8DcsE7QYKVpERccbN3HBdPAj8rEQ2KmQLabiL5qVpvcrkGyVaPp2tkmcmhn1xGGzJprXcwCgriw8zUM

Transfer 1 tokens
  Sender: GrYqHbVrisdyKwfojXT7617BWzCE2eA8kZrhHNZywnE6
  Recipient: HTfLTVdc8BbMQdahjkpPJJUiDdpZZVbhFX7mwW4diZo5
  Recipient associated token account: 793xTQg9DRcaJzKw4GVs9K4BRWrcsQHgfaEZCoxdX8iU
  Funding recipient: 793xTQg9DRcaJzKw4GVs9K4BRWrcsQHgfaEZCoxdX8iU (0.00203928 SOL)

Signature: ieFJwwEpDDsuTwVe9Bxd1v7NdDwJiSZdv6KJoYCs6gABq8UvoZsExvbHwrpbZCchHDNbE7aKY5bM12J753nre62

Transfer 1 tokens
  Sender: 12rssSNdzFe1LVHkLiuStHmFk78CrfbCRdeA1hVGM23p
  Recipient: FPJd75QXUqtp8kAoqLcoPaWM5UvvezjZmEtW4FefjdbL
  Recipient associated token account: DCz5yR2cafHTaxCWBRAViYffCNnndrd8eyzsjG1aFk5P
  Funding recipient: DCz5yR2cafHTaxCWBRAViYffCNnndrd8eyzsjG1aFk5P (0.00203928 SOL)

Signature: 4xB6DFwtoJuifpSE46yBTkf59egUoT1xS5VYKMkQ6LmjFed8wt9pN8GjZT64sduu8uf61JGRUgAbGGuyquMfvC2S

Transfer 1 tokens
  Sender: DxBtHArPapctQqXoWcyq3aXuXH6yqXinHLkMxrwGjmGX
  Recipient: Av7JF9vV1YRiVDUqKUk1eGKrC3Ab5acn3fWs3kFwhyyG
  Recipient associated token account: CzkWbRhrjNqHEDVxY5Aa9rrnsVBBPu9wHpDVRXpUt6cF
  Funding recipient: CzkWbRhrjNqHEDVxY5Aa9rrnsVBBPu9wHpDVRXpUt6cF (0.00203928 SOL)

Signature: 3pRQ3D6McFL1qvGsHdvVXhCf5dwZSp2Pav3sGfczjBetjVcj2P55V94RGfdnRDpPTvG7h7q7krRwRk7byM3dSiNT

Transfer 1 tokens
  Sender: HUHJNgVmxu4NeEkfi4Lii1ibnCFzQ3WvwaifX5B8ZQ42
  Recipient: 6dWYKwXPMgr9dbsWsE8FgsTHgHudFaF8vvaQTvYcHnn7
  Recipient associated token account: BJUWXAdfyynYQhGjzz1HTqMeZ7SmBD2XzaNmFyxrADRZ
  Funding recipient: BJUWXAdfyynYQhGjzz1HTqMeZ7SmBD2XzaNmFyxrADRZ (0.00203928 SOL)

Signature: 2BHEkmc3rfyP786E2Ungk3hZhzTxKop58R5kgMdhRS2e4beaDoZcWiT4ergFKucJJny8igp8xRd2u3uEoM6HJhxp

Transfer 1 tokens
  Sender: 9z2fug5ARB7ceCpPvQAh8ATJJLZowXaDQeaLhrpPz8Sc
  Recipient: EpuwepKibc5ceyDXsGaiJGD3hUKgHQi6xmmdM42MnBCa
  Recipient associated token account: 8Rs2bjPuEjczXD564wPa5LeE3vMDbzx3Coe3pkwK9GUU
  Funding recipient: 8Rs2bjPuEjczXD564wPa5LeE3vMDbzx3Coe3pkwK9GUU (0.00203928 SOL)

Signature: 5Z7v42TL54WD5MRXApmq6eZnRUGjjppuuoQe7NUg3hu5hxPnN69cCrGyASnqBStQc6SBRCyMc9qucYbi6GXV78iD

Transfer 1 tokens
  Sender: APSWxdLx13RTXso64sBuVeEP4NnrAGM4gtTPgFLnPDDt
  Recipient: AsxYivuyVu6znDgnwenpLSLvkZDua4mGKxTvM2JgoeDU
  Recipient associated token account: 9dhFyqrVUE7SNYRLKRoc8h4xMpR1wABbzzQuJjPmDx7s
  Funding recipient: 9dhFyqrVUE7SNYRLKRoc8h4xMpR1wABbzzQuJjPmDx7s (0.00203928 SOL)

Signature: 3JEbSnyuH3hdaxE5bjwG7cgvkdec2cfsSdAxXzUJ2dZ8rC9N923ac8wBeCS1jM95rLNMR6kK9A5yBazUxmbeVZTv

Transfer 1 tokens
  Sender: 41FLruEBx24WzmwyijJg49GpWsgBF7xFYVa7EQNgAaaw
  Recipient: 3ZKbSv5JL8eYCbw4uZs5cC45LDDYbgA1gdkQLB56VPVm
  Recipient associated token account: ra9zEaaNmNaG37wzQaspuN1BBT8FAqbCybFciXDYrER
  Funding recipient: ra9zEaaNmNaG37wzQaspuN1BBT8FAqbCybFciXDYrER (0.00203928 SOL)

Signature: 5j1cvw6Pq7GNxxgUaxz8uKB6ikfaYcqwawRczfwt5hAmaMWtpZkdU8Yp5CJuqvXBfLh9A8XpvPGXg51fZR72bYjF

Transfer 1 tokens
  Sender: FpppbsJACr4gdY9Qqw6TWrA4YR66MoMxh4Ykw26X3B2c
  Recipient: 5ffREb952Gi9apxr62XDNhKUAUy2nTEExaPYyTnz9YFm
  Recipient associated token account: DEnSL1iiyEB1dfUqJE6WiLyhef7Nqf34CW184ggqRZY
  Funding recipient: DEnSL1iiyEB1dfUqJE6WiLyhef7Nqf34CW184ggqRZY (0.00203928 SOL)

Signature: jbNTsgwVLkLVPoLCFmSXNXFFT65tH6koYUz5hHXyXTRxZqqNYUD3y6pvB1QPQsPMdapyrLd2zeajumC7NMJfxoY

Transfer 1 tokens
  Sender: AATzMg4bGqccjXEcqYVo4qPRUksfar5SjKwnUPJhNRLH
  Recipient: GsmrTBoALiurqDsxcMurQK9EN7pDbi2JewoDhJYH6Wxh
  Recipient associated token account: AtMiPgZsKRkTE83cvmyrSVSjNqVKAAKen144G9Yj3nKA
  Funding recipient: AtMiPgZsKRkTE83cvmyrSVSjNqVKAAKen144G9Yj3nKA (0.00203928 SOL)

Signature: 4Wh1mzpU1uvV2gBoPbjmpjM9hMxPRPDesHPhTxTxVNw1Y5PdDbieUB9dizb2UJS7Q5na6htCsRZajibcW4EPZmTq

Transfer 1 tokens
  Sender: 9aW8xtTtSgR83EVZpCe5gZTF5ZZAX6DXe8pPJUm2KqtX
  Recipient: 4pUQS4Jo2dsfWzt3VgHXy3H6RYnEDd11oWPiaM2rdAPw
  Recipient associated token account: 59me5ipgxFv1uiLNSJ5W1AkCW6owdJS4PvfvuRPsiWXR
  Funding recipient: 59me5ipgxFv1uiLNSJ5W1AkCW6owdJS4PvfvuRPsiWXR (0.00203928 SOL)

Signature: 4MstBS2z6CQZkZdt7oSztcEvagSfSSJUdkrfrjCgTM8rLiVHvNngjm26NET7vv1DiRFXpXXKzoy7CUacteizGXj5

Transfer 1 tokens
  Sender: 4xRiX2RUDYZs4eEXzpJ6DPECasZnescCfoQpdxm2us8k
  Recipient: Bg5J6ogzzRzUpJDd3KwEfHEnFwzUQTVciGMxrWWFfuAq
  Recipient associated token account: 2f6vADb2qQAaF7D3zuzYezBCKW9ZBkFu4aKNxmH8ZekA
  Funding recipient: 2f6vADb2qQAaF7D3zuzYezBCKW9ZBkFu4aKNxmH8ZekA (0.00203928 SOL)

Signature: 5kp4RPj2pzECgszUqH6qx5FdyikYrsTMG7TpnHDt6houUDgwFB234H1Crbi63PirqED9zbwbckkYU3wka7K7KJAn

Transfer 1 tokens
  Sender: AG4pmYQqGHipawiSnf2p4gEEAsKH5MX11hhirn3bRhEW
  Recipient: uaLAXJ2jZqZPs5dbjt5HDHRV5TEepEKSmX3u7em3ymi
  Recipient associated token account: CUjBkaPRRt2jyy4Gfx3aqw65CJ2HPaPetY92o25hhBUy
  Funding recipient: CUjBkaPRRt2jyy4Gfx3aqw65CJ2HPaPetY92o25hhBUy (0.00203928 SOL)

Signature: 2QAw21gDB59716kp33uUX9F9hVwNZWtcSDSYBHWg4ckmqp97E1PckuwManLSzAtPUfpXryEafsF4g4e78suxVSPv

Transfer 1 tokens
  Sender: Cs92x5mcKqzN6a3GeknTfqoRMGtfsa5GWUd3LYcdCPrP
  Recipient: L7vksHGNsmuNi2yuAz6MVyczJhDBLX1VhmGcZ4EQtiP
  Recipient associated token account: FZ261Wy6Juc8VEj4HKDgsWMvVCfC3ARoPFgdvXo8VS8d
  Funding recipient: FZ261Wy6Juc8VEj4HKDgsWMvVCfC3ARoPFgdvXo8VS8d (0.00203928 SOL)

Signature: 5x8szoMmaCyuhLuRzcBzbgjRFrrhyMyQFodDxwDp3UYiGRYDVA7psYZ1ButLPmtnwGXPHXovbwRsrcHf3xATXg9L

Transfer 1 tokens
  Sender: 72QfAxenu9wuRFc8Dq5A8ibKPAYgB9fpKSjHBYZeAXPf
  Recipient: 2cN3AKrLjNUvAzcdePsomZEnYieuDF2bAL3i37jTWnuA
  Recipient associated token account: 3dmEdbjrfrwxomSbwtJmY8CPe6iUxDAm4GH5fi1Vjk1X
  Funding recipient: 3dmEdbjrfrwxomSbwtJmY8CPe6iUxDAm4GH5fi1Vjk1X (0.00203928 SOL)

Signature: 1L25fA1kpvnfsLST785m7VtTKXz5CLAuTyskTLei8fUT6yZW5fHe8HvikDu5LHkFb7cpL7ubokAxL8tsp8Y7pVS

Transfer 1 tokens
  Sender: DAiV2ZPpUUx3R6vNAFU9kazUq2Ey1XxAYkArAga17S2w
  Recipient: 4u5xuP7vCbT44uogw6zKfe1YTycwCBvww3Uo3oZaNEvQ
  Recipient associated token account: DYEHiVE39cHFa551NoKfPvppeHLRSicpYQyC2WdqYrfQ
  Funding recipient: DYEHiVE39cHFa551NoKfPvppeHLRSicpYQyC2WdqYrfQ (0.00203928 SOL)

Signature: He9nUwBJQa3hUN1cTuLstFHLanvRPNjLWELGuRaK7hhMjF4NxEidC7h7y45aRYhP9b4sC53w9K1XiCnaCJuPZgW

Transfer 1 tokens
  Sender: HbR5XGGcXnQdUiSq1X65CpYqP961u2eKkWxaADhnunQc
  Recipient: Cm8cYtgtfyULCzisqUnMg68aqqi12PGZScouQfJRfrG3
  Recipient associated token account: 555nXf7NH5DLFwrJ99oHur7mDFGSeHdHdCJifQsMBMRu
  Funding recipient: 555nXf7NH5DLFwrJ99oHur7mDFGSeHdHdCJifQsMBMRu (0.00203928 SOL)

Signature: 543VF2S8eKExZqUWziXeLjkv31a2S8xRdkUYYRaCkirVpTSKTjP3nXsFxtHWUwssuQ25iCi9iVnKfQeTAaSRVq9v

Transfer 1 tokens
  Sender: 9XdQwmzv7HJ2RorLCuEFsup9Lkhjmd1BDn88Ctyp6tcq
  Recipient: 6tAbuy5FEAUAyZPdKymeMDExjnoFQQazfrxKqkY6SqNn
  Recipient associated token account: 3pRoVfft6L5Dem3g3c8ug7Sb7NjrVTb2gAhmqzd69An1
  Funding recipient: 3pRoVfft6L5Dem3g3c8ug7Sb7NjrVTb2gAhmqzd69An1 (0.00203928 SOL)

Signature: 4JoCuERXp5enyMoAPbtnneMM3AB47DjZmrj6PXrpmGx1FnRJ7ooDR9K3Vf2v8WNDzYNs3oB55JbdXLHmCDfidurm

Transfer 1 tokens
  Sender: ATiE1aBKST6Gd5hH6btkPoQtgzuzq6e3wpy9Vwvtp1D3
  Recipient: 8frf4PWJyddMwhTH4P2QHixGauKsixUH1ma5xnkgciuf
  Recipient associated token account: 61mAdLdrrAh1o5LREEhu4gGndhbWqMUGGkK4NznrfveV
  Funding recipient: 61mAdLdrrAh1o5LREEhu4gGndhbWqMUGGkK4NznrfveV (0.00203928 SOL)

Signature: 3sViRf621rsTaGNKx2avmnehdSxbVGNoVXbGhcckgoaCriSeefyMqGvzmqN9YcXozBzXQnG3yW2SAUvQ6UEs4DQg

Transfer 1 tokens
  Sender: G7vxhyjkJqg65R2MqznGPo5UvZt4K6NZsWXK7A2ibcg7
  Recipient: cACEdxQF6BnG3iBYJwWRgCPpdKCdsR8VhuNmcaTZdDP
  Recipient associated token account: Axvqi5b5gap3AX7zCQZx8K3ef7KzZ7FvAiLyTFmo2Qxz
  Funding recipient: Axvqi5b5gap3AX7zCQZx8K3ef7KzZ7FvAiLyTFmo2Qxz (0.00203928 SOL)

Signature: 2E7JGbMue2NaZCnw4vF8Zhq8HUEjBD1M2FcqnkJ4sq8Z1juXYDGgxx5Kx1RUSM79Q71d1JaXbnaYXJYfdC56mQQg

Transfer 1 tokens
  Sender: 3Vn6EwTJxJNmXhZDbdpvRfoJywATG7k2NPzjwN3S6vcP
  Recipient: 4bxveyHV7b25ZCh5cJvUajTyDh1VjnPVqv49r3Dq6niM
  Recipient associated token account: BtpZ6hE3H92gHmBGg4ZY3f9BK3De8ywzsKhkTwVeqHzY
  Funding recipient: BtpZ6hE3H92gHmBGg4ZY3f9BK3De8ywzsKhkTwVeqHzY (0.00203928 SOL)

Signature: 5TVZ47GRsBW9kMyXQnYTMhqD2Z7PS8t13673mWYDvBwrYmx3n6VgHH9FoovnCEXHtpcuvEFWVbzi4f4Ydn9utFep

Transfer 1 tokens
  Sender: FpvjMoiykGP4wbsNmtLokJfo3ouxtGwCKhiC5Wn11QTG
  Recipient: HzrMJkkN5jvD98focyivbjasDmPwPY3AkuB9aG1uAzbH
  Recipient associated token account: AzQRznK7RXUzpQuNbfTKYLTtPCFfCTearLpgTnMLFS5A
  Funding recipient: AzQRznK7RXUzpQuNbfTKYLTtPCFfCTearLpgTnMLFS5A (0.00203928 SOL)

Signature: 2ZsT42iADJCE4si8HqKpYXcRHYi6oA9NbtHxTRn9gESFF1u3K4Rq9H38pkAvfycNkXtLEwayvHyF52ksMGTeUVW5

Transfer 1 tokens
  Sender: 13fu8bLidvFc14yLs46qzeZePWUUm4b81KLV6uXvmo5a
  Recipient: 8djD77wbxqJCCesESU7EgPJsk4tq7KGDi5EQgXon6H49
  Recipient associated token account: 6CtsHd333ZUEApNgb8sRH37Y641LcGpgNBX9EVT2C9R6
  Funding recipient: 6CtsHd333ZUEApNgb8sRH37Y641LcGpgNBX9EVT2C9R6 (0.00203928 SOL)

Signature: 4PqY3ojHzXxkvNSHZ5TexrDz9a3RFK5kSBWwmoPDc8c3nCWDZhm4YmVstepUy5p2T4MZKZb6VkM6xqemDvwChtug

Transfer 1 tokens
  Sender: BN8E5EdxAQjctjCvggFhozz9gjZhiki8Vj67muvo8xiC
  Recipient: EecWhqyBx72WQd7eC3fxJxtBgAGBDfozRswZNjPFNZYJ
  Recipient associated token account: 93f4jAAEj7Q2PMH9PkBHjfeW6Bh2n4UKvWQyGqzaWz8s
  Funding recipient: 93f4jAAEj7Q2PMH9PkBHjfeW6Bh2n4UKvWQyGqzaWz8s (0.00203928 SOL)

Signature: 5y4S3p1uyRB64nFBQ4sNk4sQehp2gYJiHos3H4xCnkAYNAXo1VxjRVkVw9rtLE4xd9aqVXmyZKxiwYr2RUEUTAcr

Transfer 1 tokens
  Sender: 4kTxrfEKHkaVkiFp8iRVv8DAqLSGQqRu7WiSYKUgFjqe
  Recipient: E4YnbxEMtg9988ogZrG2Bgmb5FhZk3eW7irwz29TpK8g
  Recipient associated token account: 2iEFTZPFjPrqu55JPQMfehiVSKB6SRxNDxc7cgEgyrDY
  Funding recipient: 2iEFTZPFjPrqu55JPQMfehiVSKB6SRxNDxc7cgEgyrDY (0.00203928 SOL)

Signature: 225mL2RVGscedzpoUMimPZjQEarUkbUf9vuJybx4P7tz314NF9g99zQAMR37GxK9HANC2TS7noPKMELLcKwMcfUR

Transfer 1 tokens
  Sender: 4WFo3A1kk35qWyFLZ2SLoh9ufQroZXZ1JVaVGs9fXXTH
  Recipient: 8BStRWeqCPJPS2hERr7V4mEgdodaJZDTNXVM2Q2AYHr2
  Recipient associated token account: 9qtQsEgm2SQmtVJz4o5s9yzoQ65QBLVsFH4mJtZZNZtH
  Funding recipient: 9qtQsEgm2SQmtVJz4o5s9yzoQ65QBLVsFH4mJtZZNZtH (0.00203928 SOL)

Signature: 2GKnJ5HLsTY3MvbMSXdrGKFcZPxpnE7vRw5nqcRfCTFpVNMrCgeP42ZxbBkJUzCipaztHNP1Mm6WuutZwJiwYJef

Transfer 1 tokens
  Sender: GddkoXKMG9CYUSZChmWrZYd4aa9BKXVFxgrS38Gi2NLD
  Recipient: 4fMHv5Dobkjf6NoDvPWSQE8UhZGs2Jhjgu8iuwp5ynPD
  Recipient associated token account: 7iQUxoH51AkN4u3w7ffafkHuZzKf7m8YrCugLkCsYwM
  Funding recipient: 7iQUxoH51AkN4u3w7ffafkHuZzKf7m8YrCugLkCsYwM (0.00203928 SOL)

Signature: 4YvYgYemimowvCKhtpDfZmpKF4p8w12jWYE4cbTSq3eQVkjvTRydCfFknTYZAZsCzTiuUn5meiSfPzew1Jxj5svd

Transfer 1 tokens
  Sender: 3p9TBp6wtGLZVrnDRHugdrDqi74oytyAC5yutgjQSHXz
  Recipient: CN6DaNfWGev45AHuP5qEVr422hjgNLgj96uaqiDeRRvx
  Recipient associated token account: WQgcCL1ust3v7bgtsD4NNECCHHquXFyGw2m96wu17p3
  Funding recipient: WQgcCL1ust3v7bgtsD4NNECCHHquXFyGw2m96wu17p3 (0.00203928 SOL)

Signature: 3Lf6vYphnC9V1mKi8sJ2EB5MTitWspHNraxSMD8Ew5twn1NQzCpzmSCrZSzRRHEywSQmsc7cHSFJstEVt2CYCS25

Transfer 1 tokens
  Sender: EoSRrGSEedeQjVm1PWDDX8gTtfvvpSurWbxAXhW5cMDo
  Recipient: DdDZiAosTCWnmrxgxA5Wbq1uBhYkG4rmGcV915ZsvDLv
  Recipient associated token account: 9mo6QpvnHz2tQQ1wQ22m8SkHirtG36XfcYynNevwdXHX
  Funding recipient: 9mo6QpvnHz2tQQ1wQ22m8SkHirtG36XfcYynNevwdXHX (0.00203928 SOL)

Signature: 5zVPTzXW3dGXN3hdFdpx5BhTzQ6Yo5sScbWJMyy2XxhZ8RXY5bGnwsWUrT8vqFsY9nrhj2Daoy4udcJjzH4XQDLr

Transfer 1 tokens
  Sender: BvpRkeSXeZZkTvNhnJN5sE8fnek1mikArRRna9utUMKr
  Recipient: AEUto3eFWHLAmmVRq3Vo2fmHXwte525jQGG6D7pN4RRd
  Recipient associated token account: 4K9djSEcQbnnJ2Y8d1iQbVdzJ9Fw5QWhwkG1X4aC6ime
  Funding recipient: 4K9djSEcQbnnJ2Y8d1iQbVdzJ9Fw5QWhwkG1X4aC6ime (0.00203928 SOL)

Signature: 4uQMXQ3DnAi7tSYjvhXFbFraVVWmpG6Jf5AheQqS5YRk2wixhgnPvyi8Xz1JogUHFUmZMYVMyCirdxc4CGMw59AQ

Transfer 1 tokens
  Sender: CU1su2CQUMkatETKuNB8p7U69obPPGK5xrzNimDjvZCx
  Recipient: 4MJ84srbSCz3eZJhqG93iRnf4rosLcC4R5Bpy7ZQmJco
  Recipient associated token account: 9duPgv8u7owUaTr1YPRhCagRdhW2syWzfw9GNX6wsifz
  Funding recipient: 9duPgv8u7owUaTr1YPRhCagRdhW2syWzfw9GNX6wsifz (0.00203928 SOL)

Signature: cHysBtrFKH6oTkALnYFLPdUJPkmQKLCj9iTDTN8qPGcrSAwJ6yCRCJQFZNRioGXdPKzp3uoAn65p1rVL8mnfpJC

Transfer 1 tokens
  Sender: BpmVbAbs9pbJwSiTDBWZmvEqqD4SjAU6qeZEU7PPQxUv
  Recipient: J3vJQwvJjASPrEXEmpyoeshxRCRHVjUGesZadLqPo89k
  Recipient associated token account: ZdH5qDCbB742AYLWTSSjgWAz8WoDAECJoadjkaVboBp
  Funding recipient: ZdH5qDCbB742AYLWTSSjgWAz8WoDAECJoadjkaVboBp (0.00203928 SOL)

Signature: 2aD1vrYtLHw56vLGZwQVBGm36XLAkPEizHSQJoQT4gKyHvdXggepDYw6hU2XmnKkuf93sc4J2KeBaN7XQB11L2Nr

Transfer 1 tokens
  Sender: 5fErrXB7WzGgMCL8xhpQN1dQptKUfCAouGtWTRxDZvmL
  Recipient: 6iUPQN4JpLAHeofG74zXnNUmJeFFcDArmDUSu4TQ4qhX
  Recipient associated token account: BXGECqWC4Amt45mT5CZxHbShHynmC9dz3asTtk6ZtnRK
  Funding recipient: BXGECqWC4Amt45mT5CZxHbShHynmC9dz3asTtk6ZtnRK (0.00203928 SOL)

Signature: ap6R3BVUKQ84J28q8Tf8zxAUtsA19SACb4Z3Pg55ApGF7814cjDdUXC4r9fLmrrZDB1jYQ2GnPZCqzJnEDUUkkH

Transfer 1 tokens
  Sender: zLJ4G6wMCQGioHa7j1jqa7D7g1ZmvHGfQxc8NxtXiFR
  Recipient: J93Difd8Nya2C8ii3kjnbPyZEVKPTGu1KXaxe5wRghHd
  Recipient associated token account: 45qUhEALvRnxDkJT5EyrtSn1a8FginKtUs5MWN6ijg3V
  Funding recipient: 45qUhEALvRnxDkJT5EyrtSn1a8FginKtUs5MWN6ijg3V (0.00203928 SOL)

Signature: 4yTK9LpsrNC2gHZHjrfuL8w6mpuBzQht9tVAkjGLx2THst5yjB8Yb36S43iuaQkeZv1EkBShztVjb4vr2MKWvaGY

Transfer 1 tokens
  Sender: 6x5p8LSqWJctPXp7ZuFnDQuksZN3kV3f1CSoXfpJG2ud
  Recipient: 2n5PbADyQXeCMztD5wnZjF3Nn2w8PmCmqSQ68TT6Q6KX
  Recipient associated token account: 26TLybHZzKDWBpwhEaEv9yQCHK2bfCpTSb6k45G62E32
  Funding recipient: 26TLybHZzKDWBpwhEaEv9yQCHK2bfCpTSb6k45G62E32 (0.00203928 SOL)

Signature: 2xhrfxgpDETNKBPdMhuHB9GUoAi3yTXCdBh9zxUp9YLsFzSPaUxzErjm5pNQdgbyL5672pQS9WJ3UAJLne6S2tYw

Transfer 1 tokens
  Sender: 2mm2C9GUSUTFz8H2QPPnpCpt2gqoErmwFkGWUDdDLeYZ
  Recipient: FYXgAYM5vUqySY81cSzUV8GY1YmvKSSxU4LxX4XnEfmi
  Recipient associated token account: 5o5Haivj1apLCJUx5PBXRqSgMLURQ6AVp4JhrhJ6Q2Sh
  Funding recipient: 5o5Haivj1apLCJUx5PBXRqSgMLURQ6AVp4JhrhJ6Q2Sh (0.00203928 SOL)

Signature: 52aXEZ5dkd9aJYHgqmBcLRU2DE1DodLQ9m13AqLFgduxVHa2LXzcbwDsqSFUvQxXcoUHLaTREEmw9jcEFLGcW5aX

Transfer 1 tokens
  Sender: DWe9TsXbqXpAr7bLwk9HPjufhr9no74XKebSMb325pV6
  Recipient: 961Wz2gAzstN9CQjgoe22Htq41zJsYbn8T2pAJqUVo4G
  Recipient associated token account: 88pEPzbhPHiJQsdiUNnnp1GHCzt8MRKTfGFAnqxRsV3P
  Funding recipient: 88pEPzbhPHiJQsdiUNnnp1GHCzt8MRKTfGFAnqxRsV3P (0.00203928 SOL)

Signature: 5wbLUF5MyG9sLbZyJF54RzFezJvV1ntg9JvtzYKQWt5xr3MhkmqTe5cr75JeYnAxEGMRRJvYyha8emE2DKwGecmp

Transfer 1 tokens
  Sender: Aqcj5idvRiAG35uHPpvf4L87PEc5jvCcyYgMqCkZ8fNN
  Recipient: AsxYivuyVu6znDgnwenpLSLvkZDua4mGKxTvM2JgoeDU
  Recipient associated token account: 5eqUaCBzYs7SVF1iBGj8HsYQ3ZkPKQ71xugRT9JdMtC8
  Funding recipient: 5eqUaCBzYs7SVF1iBGj8HsYQ3ZkPKQ71xugRT9JdMtC8 (0.00203928 SOL)

Signature: 33xtERorXitvgFWfJpTJjhbdQtgRsjdapmSjK911YY5ysAKNnLiPVmdZ91yhKA19Bq8somqcby4v1E9Cqvf6irLW

Transfer 1 tokens
  Sender: 9kpGVzk6a1xin5cPGSYLrf6oppa7HUuj8cf9T699eKvc
  Recipient: 5XpPW7Q9V5XJNEfzewJ3zAnHqjhwHkiTn3Ee4AskmnXJ
  Recipient associated token account: CkSNyzjnySosLwPy72RmaWSczoaLLSqEniikEXmEik7d
  Funding recipient: CkSNyzjnySosLwPy72RmaWSczoaLLSqEniikEXmEik7d (0.00203928 SOL)

Signature: kfs2Vz493BYvtfWyvbSJCsQrusB1iHFecqRdJ5MqPafHZG3BjXgeS9Ac6digDLFhMReEqZWCZ6EeHBmL4v7D7oc

Transfer 1 tokens
  Sender: 8AYWCG3ZGUn6xazkziDFsQFgo2i17b4io5cfVAsLu28z
  Recipient: 4pUQS4Jo2dsfWzt3VgHXy3H6RYnEDd11oWPiaM2rdAPw
  Recipient associated token account: 3SKfnuJz7weCzUAYbWMW3dxxkWg8jcuy9Crg54v7ExxF
  Funding recipient: 3SKfnuJz7weCzUAYbWMW3dxxkWg8jcuy9Crg54v7ExxF (0.00203928 SOL)

Signature: UMHTyGa4D5aKqyS72nMb6N6sWrkjbKjK6YwhXnnS3gi3p3oUJoHQWZUeZBdeX2tTvaeebYijr9L19iqWzTpFrTW

Transfer 1 tokens
  Sender: 2vtcipgfGHgjDEuktYyhqpa88m3Qqv9MeWnxfR4EqzMk
  Recipient: 6Uz21kYRJkMYayehzi1VB3Ub5zojwVyGhcdMA6Stmp5r
  Recipient associated token account: BbeEWDnSCovsCvRQZLWxQxGXvof5bjxEJEPoTF2abZBB
  Funding recipient: BbeEWDnSCovsCvRQZLWxQxGXvof5bjxEJEPoTF2abZBB (0.00203928 SOL)

Signature: 3u6y4NR1XMv9wFy8DFRVX3Gm5ACHjiynF9Wtr96CU6ioHYuBkFJodBFWMwjHAMjTokfNLSww5X9Z8i8hH2Lkg2qQ

Transfer 1 tokens
  Sender: 2A21xFf3tw68WEFJeFKYsoYuj7VD6RhgSxEYnpVLLLED
  Recipient: GK9vJhS9Za4G8x8PKwj2WCXKnXsnzUa9TKEZw93KJEig
  Recipient associated token account: 6cHMXs9h8VPEgkE11SiCH6q7qgQjsL1LFH8PJR4uub2q
  Funding recipient: 6cHMXs9h8VPEgkE11SiCH6q7qgQjsL1LFH8PJR4uub2q (0.00203928 SOL)

Signature: 3dtCwCPKcviHBigYC6Zsn7cbPvANDKrH2aoq98KKFF1gEccEUp2BGbLpBYJ4a4tj6TtaevNRRZRfXmN9EWgpfa2p

Transfer 1 tokens
  Sender: FgRFLevBKs8q9HRzCKzHYVReXcumdDyCc9MmrSMHjbNa
  Recipient: 5CNGisW6JCYKC22fjCxc7CHkdk4ekKt6KfJqo8ZxDTfi
  Recipient associated token account: 2bPJ9K4rpUe1wwvq1qFcAk9ns6WT2C1zYckUi62viyhQ
  Funding recipient: 2bPJ9K4rpUe1wwvq1qFcAk9ns6WT2C1zYckUi62viyhQ (0.00203928 SOL)

Signature: 5x5dD5DLhHTVdgQC5NiFwdsZ1tpY6F2jTjx3VgEH6CfX9QnNs7JrgAzxjzDphe31p6CwMdQh38vfA7j73JHdQXb2

Transfer 1 tokens
  Sender: CixZ5qc52o4cJsTaTG8mr79w9qkug92p9cfe7VbvFBp7
  Recipient: AgPhAsvcwPfT8bcAQxfyvymHdS9enkCzHDZP67ihS5YM
  Recipient associated token account: 6BJarJyx4FJXSUJhF9nXq7e4nmoCZMv17NXtMQqZ4dXx
  Funding recipient: 6BJarJyx4FJXSUJhF9nXq7e4nmoCZMv17NXtMQqZ4dXx (0.00203928 SOL)

Signature: 3AX1t291RWo3YwPt9v4i1iYdnyYyHi18fJG8AtsbnvnPJa8q4ohK1cN63qBKLxNfJjavh1VnCF4PPoqWBqdbtXKh

Transfer 1 tokens
  Sender: FB39Fe6e4Vbqg9ogELGxKj3CaQK3RXjbvbVMw6HfrVom
  Recipient: AL3pLkYPvvMU2gpFMt6BxkfRQGuvArWggwZ2pAcus1B1
  Recipient associated token account: A4r9aWkbzFoDuYgGTQAx4frUSwcaAoWgcEPBgowZyMzn
  Funding recipient: A4r9aWkbzFoDuYgGTQAx4frUSwcaAoWgcEPBgowZyMzn (0.00203928 SOL)

Signature: 4K93rLMFv8ZTdCcWXAg9cBAWiNHcRsxP2ng3qXYbaXLVYGHgRDNJ68HZsAJ6m1ZqYWMNPXvjjamVLYqkQCqiVTF2

Transfer 1 tokens
  Sender: 9kqYEiAKsgCvVExg5t1yWbbhktvHLMuuAoQeax1Me4d3
  Recipient: 9v9D9kvePLBANY4Zx2PUzn75dHuQMMMcs7mZLYy3gMaF
  Recipient associated token account: 8nmg35Ey6oBaECGkXAWocfVjLzHT6BEE4bRtBCD8MrcW
  Funding recipient: 8nmg35Ey6oBaECGkXAWocfVjLzHT6BEE4bRtBCD8MrcW (0.00203928 SOL)

Signature: 4ugJ1UZ5Yjnohf1jMeVpSXY4TKjGDkRS1CoYCn3qsLU5bmN7s5YZU5oiEmmLzgbyH8vJeZyJns87GpV9R3yGwKCT

Transfer 1 tokens
  Sender: HwbS8s1FNBtFZ7DLLZt2jpczjfMV1F1EB45EQ9764G2k
  Recipient: Gdg1EVbGMQ5gH6nkhy3WQVcJZoRzXae5EsSQnYHD6X7M
  Recipient associated token account: AsjGCPrMAdm9eqmJPHhfQKYC6pdwzNAX325ZcZc4VS9V
  Funding recipient: AsjGCPrMAdm9eqmJPHhfQKYC6pdwzNAX325ZcZc4VS9V (0.00203928 SOL)

Signature: 4CMgje8xoTBcSHBRwmtsHxHUMqbfz79WVyuVVo6KfvHEG1LW1r94Nka1HscBsbE8vDJRnZcNCCYxvYaqvFCGRLkL

Transfer 1 tokens
  Sender: snjiSYo3Tjnr6txZ4WZc53FDhCFZqRYzWHZDLF84mMs
  Recipient: 37d6BP4Jde4jpVQFzre2Bao9Gxf2j1iSN14z5Lb98nUi
  Recipient associated token account: FpMrcQh4LHgGb58j8mRAvb274RToQDXPYtsPffjkgvwc
  Funding recipient: FpMrcQh4LHgGb58j8mRAvb274RToQDXPYtsPffjkgvwc (0.00203928 SOL)

Signature: 5JzM2hSSXgeKaVktZKpKdirsTBu67x5oL9UNPnjGQy7RXu8bJ9NdeTtF1HXQxbSyhB9BVqbi2uMLrtCGpbGRGL1c

Transfer 1 tokens
  Sender: F8qTkXeFGCSn6Ysdm13JbDkSJ4VdXGD9y1AFQWQ5RBmw
  Recipient: AfYExBciqT9EnkgRRWtEaGmV5gTbGdu1cFg4WLL5XSco
  Recipient associated token account: RVqJpYDBcJRmhcscHot29fk9SD91Ed5ZRd741AmPG8T
  Funding recipient: RVqJpYDBcJRmhcscHot29fk9SD91Ed5ZRd741AmPG8T (0.00203928 SOL)

Signature: 41N7vyBJPwQrSGqsZMzm4bKZy8ZGQ4oCySr3vvcAojMSxwCg7tqgY6hiJ4xpTE8dMnzeCkY24XfUrHaCNLDrq6PC

Transfer 1 tokens
  Sender: 6phWzKVEvEJPw5s1kcxfHyqjmJkfFLydAYpp2c17JysD
  Recipient: 4dqkGoq4VtjmSvoE9m7wEQWMv5qJnCLoCdEUG1ziiQ4G
  Recipient associated token account: 3Q8yXsSx6gnqCpdK9dc63a9j2jBiYRxHESAHULNd42qv
  Funding recipient: 3Q8yXsSx6gnqCpdK9dc63a9j2jBiYRxHESAHULNd42qv (0.00203928 SOL)

Signature: GdS7cmcXnuDvpjRFEtnqN3ayUPb8MspyX1HDqLgosCNdM16fpGYrQAgaEbSzLFx5FZdXVhqAsUjuB1p3zXg1vvf

Transfer 1 tokens
  Sender: 2oh1jm9rHqNDJgFdWcc2KQW4v3wzfwdLcRnveDx4ncAF
  Recipient: 71j1etN9ACqaSFPkRLFXBaL8tj1NQboZrBzBnYetj6i
  Recipient associated token account: YYrqiCQ7RBbDhcpDckjZF5NvhLh2q4UiQATnuYvGNGy
  Funding recipient: YYrqiCQ7RBbDhcpDckjZF5NvhLh2q4UiQATnuYvGNGy (0.00203928 SOL)

Signature: 56pqvPW3Gaz3sZqE8xcs4YbPu7SwpRGUgVE7qyQ4H8QdLfxWX1jibJ8fzc3VvBfCUSeqYtNDsGLY9NUSYQXebdL7

Transfer 1 tokens
  Sender: CySXm4B34tcMU7nVXycqpAzrXBTXgjMmBghuuknYYwKw
  Recipient: 51oET2dy4vCmZ1JMGYR9hbsvsLng1vcLD6z2AZp1uq1j
  Recipient associated token account: VrMgtrDf9FFTVDYMivGTPYuPaur4ogucJQ7VuWrvJmc
  Funding recipient: VrMgtrDf9FFTVDYMivGTPYuPaur4ogucJQ7VuWrvJmc (0.00203928 SOL)

Signature: 3jRcReRiZPSeVn3BzXA3FjWycQ8R7TKVS8j9pFNA5xZRNTZCBxP4jMiD1LfybQXEqmNEFCCaDg99EgSKENPHWPNh

Transfer 1 tokens
  Sender: XFCqkjnUanS4CvwpdePzVXudAfva1dGdKsVKhSVSptx
  Recipient: EBLyVjie81BHWm59qyoRwEdRRXrCaCHrf8An5Hq8spQJ
  Recipient associated token account: AQRLVbAncyRKADrWjLEZtNqQUTWrJkJe1u9293pLzBYa
  Funding recipient: AQRLVbAncyRKADrWjLEZtNqQUTWrJkJe1u9293pLzBYa (0.00203928 SOL)

Signature: HghdoqEzca459t82GWkjhmuiirRhPgUBpwY2eQrT4feAJevPAJSz4yKZqkhWFjhn4J5MfQR9SeDPVrEs8zRjjar

Transfer 1 tokens
  Sender: 3HNC24QHSwGbS6oteVtYF8ftfDhQ2SX55UkzSn5hDd6y
  Recipient: 6ykYU3fWNQnoNunJKDLSVSZWCMPoajoE8EVNzKCYs9qT
  Recipient associated token account: EWuUfvoErinJEaAfUYny2qsywyUbbUX5CKGxWKn5Y2Wj
  Funding recipient: EWuUfvoErinJEaAfUYny2qsywyUbbUX5CKGxWKn5Y2Wj (0.00203928 SOL)

Signature: 4YMr7MnxUm8Z6cGAGxFStfeLMV3o97WUq5N3DxbMEUNRiZaLRY8YUdrNnLkCUdbD3H8F2qZ2XYu2CgM7FBDVWmRT

Transfer 1 tokens
  Sender: EXHRv8utXLWxvNxigYbcHkfr8GpNX5dmddmacwR2MM33
  Recipient: GP5wZ1hEfpD9TxhZzPGQVWSS6VVBaGY7J6dt8KeQuPxv
  Recipient associated token account: FMq31JZpWTmp3F2kUGeeT9tsjnDCUKu9YiPM3qh7TPnh
  Funding recipient: FMq31JZpWTmp3F2kUGeeT9tsjnDCUKu9YiPM3qh7TPnh (0.00203928 SOL)

Signature: 25NwVuP712oGtAmyoAkM59qqAVNP7FugrZWmJz1GsJsBE9bW9gHJ6X1bPUBHGbzwxR4tXoyAUL9B329uPF7fhLeZ

Transfer 1 tokens
  Sender: J2vFekA5L9jcy9tyMfWcEoMyvnYZCY2QCtWJTQATHtW7
  Recipient: CWhmsKsqd8rNLussMP33gG5Fc2KHCSCx81CWeYYXHCBg
  Recipient associated token account: wE3P83JUM3Pqomari6dP44ZPbkREB3NRaeuC5vnK5j3
  Funding recipient: wE3P83JUM3Pqomari6dP44ZPbkREB3NRaeuC5vnK5j3 (0.00203928 SOL)

Signature: 5nMY5u158sLsAZckL5MSXUcCK2WTf48beu6nsoqL3zMhF7HyGQf3mgKCjaGx1NNRiBLbN6qq84c93FdmWgeeDfTz

Transfer 1 tokens
  Sender: 6ZuYETeooZWU2LKzmVKVNVwRbkiJyheccKhvtQ9xgxB
  Recipient: 9v9D9kvePLBANY4Zx2PUzn75dHuQMMMcs7mZLYy3gMaF
  Recipient associated token account: 6iXN4Ji1ydxgPSjSVmmRWz5442fQxUe3FTPyB2PsP3md
  Funding recipient: 6iXN4Ji1ydxgPSjSVmmRWz5442fQxUe3FTPyB2PsP3md (0.00203928 SOL)

Signature: 33Q1tFN9nC6qkYB3ysrXsgVwWffFyNLCtzzhxGa3icBGtR6hxtQmGUXsu652XzHw5jx65oJnjMeSGq9GnzDyFgCe

Transfer 1 tokens
  Sender: GK39CPD7NXUpkVwo126jHCHgCTWuzTyrdnjv6zugNZvA
  Recipient: B2xHAEupwfcGLvmrJZmrsAFdC4qoQRpoExjn9uZbDZyH
  Recipient associated token account: 9Pxk1K7MPx1WbgNkjxW35gzUMzLVek5Mr25y9Cn9u2b2
  Funding recipient: 9Pxk1K7MPx1WbgNkjxW35gzUMzLVek5Mr25y9Cn9u2b2 (0.00203928 SOL)

Signature: 5Fw1XkdkLAKaoN2BSqM1YtFdK5ZzQfniQLB2Yk2WFC2g6dcGMCZ8e6dXZ1TJgrTpYTMoPwXGUxPGHwKtav1wNvhX

Transfer 1 tokens
  Sender: HVCpGxy5LgZZVACiPGvGRkKUrjZ7EXXPMLQXc4WzgzvT
  Recipient: 9a9MbNApKGJa14zyrVawWuKRELUjyHjyMALuXEJt1LVP
  Recipient associated token account: Cn9NuXd3ex1Mdz31geeTVGQvjbhn9qLi6DfrQYg2uitX
  Funding recipient: Cn9NuXd3ex1Mdz31geeTVGQvjbhn9qLi6DfrQYg2uitX (0.00203928 SOL)

Signature: 4KUvarjpnXensDLfrhjNzBrazhfsLuF1qfCKqBC6NWh8PEt871iXWv22yaxFDBfovD89KwWAYTfimieSsoMZaJsj

Transfer 1 tokens
  Sender: 5b2Ymuu5n9n3vZtqTSnyK3M5TUpNZeKNnfJPSxrRrWY6
  Recipient: ANku3SWp9vX8bHfQEKnjnw29t5HGkxA4fMXxzcERQDgu
  Recipient associated token account: 29E8cDQ3vA4Tu889mK3E6Mqrf9rFtSgNiw1MSudxtssr
  Funding recipient: 29E8cDQ3vA4Tu889mK3E6Mqrf9rFtSgNiw1MSudxtssr (0.00203928 SOL)

Signature: 3KNSxsVPaGbjMuvnjiWcGwuNsWENLF8nMFJFkPeai6FLDwBjDTxC3HHSMiJcQ5cqXdD2wEU9Tw1WD2RRGr91XJKW

Transfer 1 tokens
  Sender: 4wLn2SKJ3kv37FBwqQEwznwFCm1wmUbgoLA24HekrnzP
  Recipient: 4VyuaTugVff2EhcSPYADRQEcPNBGc5yW3BMqJt7AvpEr
  Recipient associated token account: 31CELVicoAmGYz9kic8QgHshW7ejhckK6X8VQnjT9a4k
  Funding recipient: 31CELVicoAmGYz9kic8QgHshW7ejhckK6X8VQnjT9a4k (0.00203928 SOL)

Signature: ywj8FRnNqTJ1rH3PvQYenAAqxBMETVdwPf4xkt5UNhWRGJpqV3hu1rPN25L2gBiP4ia7Dr2GZnVD8Bgk6Y2PsLC

Transfer 1 tokens
  Sender: 9FLrdS1WjvWFApdaPo734p6U8DJrT9HzbXbgKgtaABHi
  Recipient: GRKqLdY4K4VhQC79Sa6EeNpSKchuXGKkZELPAUtg5UiU
  Recipient associated token account: C1b21Y9Y1zFKUKvTbSMcGSNKM1RswiLnmxAbGQsk47PY
  Funding recipient: C1b21Y9Y1zFKUKvTbSMcGSNKM1RswiLnmxAbGQsk47PY (0.00203928 SOL)

Signature: CtwpoQSPginJAPM1koP3xKkTHpiUAp6vMuRH9FELpFhC8EHofEYV9jMhL3DSbSHp9h5UB9N2Kv1YyxqL2cNr4cT

Transfer 1 tokens
  Sender: 63sQtLMvRh5ou3yeXTKw1PHEgf9aDWUpQa11si91xkXZ
  Recipient: E8pAWPsMpvuvxU6pqJqrq7yip7n6VgzpAcpdqbzcV8Nw
  Recipient associated token account: 86gqXZ3kTihG8Rc2GtKNFzNFhDysHYiUcH1KpvrU1k4f
  Funding recipient: 86gqXZ3kTihG8Rc2GtKNFzNFhDysHYiUcH1KpvrU1k4f (0.00203928 SOL)

Signature: 4nu4Jy8CP6dGf3kfQRsnxGRoUmmMdrVsT85SgN5jX6uheDjrfRxcSm5PiqagN6KfDAUZN8nrgTaQwzG3FiaUNw7v

Transfer 1 tokens
  Sender: 9XNiunuLeCieaLkQafidhfGRLY2SB9S3Qqpx41VF8bF1
  Recipient: 51oET2dy4vCmZ1JMGYR9hbsvsLng1vcLD6z2AZp1uq1j
  Recipient associated token account: 5vNFDYsWxe5jwhLsD6u7KP1sDghcgL5rFs9swnJnSoVD
  Funding recipient: 5vNFDYsWxe5jwhLsD6u7KP1sDghcgL5rFs9swnJnSoVD (0.00203928 SOL)

Signature: 58moLi7DbQmEA5wXmRCQiiC58NNGvZfujTAwqutwMxH3QTJuQs1nN4jqsRLZ8RHR9jRZgxDYvuVJAAGjBoTrY3To

Transfer 1 tokens
  Sender: 7XL9i1BT4CQjF5GBN8BbCKrnSzWLvHGyQxXo14xkKmgg
  Recipient: CUjPQDJn7kK4Wtgg1L43Y6eRxJWrfLsxojhXub5UKWoW
  Recipient associated token account: CBEnMpHgcPCaxDLLXzd9SniRtXyjhtKKxnEeHvh4GSu9
  Funding recipient: CBEnMpHgcPCaxDLLXzd9SniRtXyjhtKKxnEeHvh4GSu9 (0.00203928 SOL)

Signature: Fs8yM3zhecgCa9kZ5aTXQvd9LJpoq3BYqzkYi3Ga9FV9xbagUbvX769YZinx4SgTXQRPo9ZDAS71T4vPMRGuT6s

Transfer 1 tokens
  Sender: 58rZqR66MkLttjfpXw12pHd42VF4xDAgsEFPnC1kHsM4
  Recipient: DxuiZs18ep3t6MNEXg8rR9kNFqyfGZ4RfJrvkr6zHYUy
  Recipient associated token account: 3U8RTxd4BXQoTYzh4nhJre4T4iXCxBAhZMCeBZ1juzoR
  Funding recipient: 3U8RTxd4BXQoTYzh4nhJre4T4iXCxBAhZMCeBZ1juzoR (0.00203928 SOL)

Signature: 4ZoqZqNBa8esnwETPpVu4keoov5xvA8mk5EUEvkbwedKkmCqHQt9YEuHt5wHkNUjfErJ59B1jmKmoryF2Mfjpcq2

Transfer 1 tokens
  Sender: 8AfGEfKbao7b7vffhtbsxtuU5YyYEKQuaWWHgoEjY1FV
  Recipient: EwwjLURAfEyY89BaEf5CCAp2FnGvmnRrnAmAuoicvT2Y
  Recipient associated token account: 5HsnNU1iRs9FxPvr5mChVkMs3DGGMjm9tNnffz6DRNqo
  Funding recipient: 5HsnNU1iRs9FxPvr5mChVkMs3DGGMjm9tNnffz6DRNqo (0.00203928 SOL)

Signature: 22cpbEjn3p8mpKo1otR8hhaeDeC7GSDA9PqVoB9vVFbHN6CRwdKtnCbyASYbz15ST3h2UE26ynXZVJi9bkFozjyk

Transfer 1 tokens
  Sender: 3yDs2v6dKJoWHPRnnSMgsBbnza5YWcN4cf21hBbzbeL4
  Recipient: Eaac7rAfhWsSH9vgbyC8UR7tMn1jT8KTAD1vXBPWUS5S
  Recipient associated token account: 3KY78AQXdJc7BPKMpcNy4fcNhbA4SYR2yPnSFQXiRYC2
  Funding recipient: 3KY78AQXdJc7BPKMpcNy4fcNhbA4SYR2yPnSFQXiRYC2 (0.00203928 SOL)

Signature: 2P2KfmEGH5HjYGRbiphCTnZL2ZxZRHW8P6xS8eDgWegwCjGohjkVgSjgSafzNtWBUFLjd38B9ZHmk6s63VE3f8DX

Transfer 1 tokens
  Sender: J62BLoSsdCYrr2CwJPtWQ4jVjqpicBWDyrR6mvXE1Tnk
  Recipient: DtRzomChS1Nk1i4jMK8jXitfVfKMG2zJ4ShQnUTZXcwx
  Recipient associated token account: CGpVpamkSpdcb5HVkAxyNzyXnXVkxXGLjdnPyBGmnWE8
  Funding recipient: CGpVpamkSpdcb5HVkAxyNzyXnXVkxXGLjdnPyBGmnWE8 (0.00203928 SOL)

Signature: 452iHtZVMah4iuWT4i5MxfNKBw4a69H6wxaVU4UMin9QUHBTzReQ81MY2XK3xGRWk8qYyA8TiwjHTghVwrZuQepF

Transfer 1 tokens
  Sender: 82yK9scZM6wYN5KP4WMyZ1fbiH7imEyrhD537Ki3kNa8
  Recipient: EZsxgTx6JXqZS34sDynrFkKD1Q64Eve7AW8FjawFfovV
  Recipient associated token account: 52vuhHMAj3fFjypu15EzJPWJWw95fWrf8MAFbufUWZ49
  Funding recipient: 52vuhHMAj3fFjypu15EzJPWJWw95fWrf8MAFbufUWZ49 (0.00203928 SOL)

Signature: 5T56xrAfYg3tKDqwhjcQsXgbKdYxx5PUAyEZriA3iMB897meaKQP4wJxf9wTaKT4dA4XLTNT91ZK5kS8p4v47v1R

Transfer 1 tokens
  Sender: Abd2e9wVrKE1pHBgAmB3MaGP2HQ3db3GBKsNCC2dBzcq
  Recipient: DCTeYphaDsdFWZ61JXusR3dwLqKWkYgCjkxZSQvPzRuK
  Recipient associated token account: 5zxcx3zSm5nm42JKgVpQGFLy2jsyKskJemsKQ2Y3RpuK
  Funding recipient: 5zxcx3zSm5nm42JKgVpQGFLy2jsyKskJemsKQ2Y3RpuK (0.00203928 SOL)

Signature: bsWUYfJc41cj2RQxBV6NGvroYPQM7mnM2oRKwoAmCrKd8dYEdTBTnwRTb4WHs28XL2FcHh5qvBKD759QnWX3ary

Transfer 1 tokens
  Sender: 6hEgLC9vcSdUNusgE8pj7yaUJ5vAi9xRrpu87yVmmgzu
  Recipient: 5dr39esCxsaHoHedAR9mhTtbF2mwR874vU3Vemr8EBbj
  Recipient associated token account: 61sRYEjBWcaoAVBCsn8YmyUE1c4wdyJ99AMD561btoi3
  Funding recipient: 61sRYEjBWcaoAVBCsn8YmyUE1c4wdyJ99AMD561btoi3 (0.00203928 SOL)

Signature: 5oTWGmYXXxCdYwDbeUJTzc5vqWbTg62dnNP2eNespaYneaVfhyBebBxbppnrtZthva1TSUsCNCuKsahiiJiZvAU2

Transfer 1 tokens
  Sender: 96AE31aZxgatDC2uxuxGxZXtfx3aaFWyBiJ7sYmMqKBj
  Recipient: 6Xk8d5MFs3n2QcjUxmSPvq82pTtzTdmDkNpwHJQGHqJT
  Recipient associated token account: 5rdnRXFGJi8LCSWwskV1o8KheRQ9oNwj3hbMiWxFh6J5
  Funding recipient: 5rdnRXFGJi8LCSWwskV1o8KheRQ9oNwj3hbMiWxFh6J5 (0.00203928 SOL)

Signature: 3trvsnduMAqdEndBgiy1LvcFTRNUN8KmtFj1B9LfYHvRR25jK2NchXEhRjndG59o715YyyQjcy5dJE7RUwB26EPf

Transfer 1 tokens
  Sender: 2YJiLJvCkMFZrAvk5rCkyMe84TFnHsjSQPyUKRdWFyEP
  Recipient: 9ej7a4re5ZsayUKYpU91q5UEakEjCwK9mFb93zDAKwUM
  Recipient associated token account: DrHHR89zRBNavvhp366DQWvmK6dQiHUoYjTF9YC7H5tN
  Funding recipient: DrHHR89zRBNavvhp366DQWvmK6dQiHUoYjTF9YC7H5tN (0.00203928 SOL)

Signature: 2LkjuUL8f3XAdhwAjFpYnDTEUMALjr9iQ4X5dRbnXTfjMB4u9wFdf8GX3BsGfTX2piryML5VaUuU8CDnFJpxbjHX

Transfer 1 tokens
  Sender: 9bC6di9c8GGg6BGoAWJ363RcKMUSbtYHiK3drwSyQsxW
  Recipient: AXYki5nFuD9uoaQpGT6LaAAeBwaszU3rNFPmTNZNvUcf
  Recipient associated token account: 389wzo2ghHfmTMKyasLzJjJhdKtKEyNA12f6eRBv4v5s
  Funding recipient: 389wzo2ghHfmTMKyasLzJjJhdKtKEyNA12f6eRBv4v5s (0.00203928 SOL)

Signature: 3EnRpPPx1B7cypoxmsh7gGtJHRFJX4PTSUWjL2TEzwrpstE2MHsVuEn3wQj2d6FU4bJx1EaKEAuNEqzehesiTosZ

Transfer 1 tokens
  Sender: DVVM4TnSjLoqhzeSPMgsHyLz7C8kyCsuM94bNVoQjmMD
  Recipient: B5wGRziAmbZ6NMGwatX7s3rp9tWzDL3fEJojQwh1JREe
  Recipient associated token account: 9f9X47s2svGNMSUBXELTcNuqsW3M4z7LcWEYHgDpr7mQ
  Funding recipient: 9f9X47s2svGNMSUBXELTcNuqsW3M4z7LcWEYHgDpr7mQ (0.00203928 SOL)

Signature: 2XMFYpq4k9gUik5vWyNSVL8CywdqqxyJynzzd4cD3gF7C5UqGnk5d8XbLHgxrLx4MMiWTYEq83GC1LAv8S5oDa7E

Transfer 1 tokens
  Sender: CwphcSuTffC3fu7J82foR2R2kMYucvBhqEypCuSnKr7w
  Recipient: 3LoqWSBGfUzPwPzUvyz1gKTS4FnQbqh71S6MzgC1NrAN
  Recipient associated token account: 8YUCHKTLyS7gVsmsmhYwNWLtszHfffjuQJSjNHJgZC1C
  Funding recipient: 8YUCHKTLyS7gVsmsmhYwNWLtszHfffjuQJSjNHJgZC1C (0.00203928 SOL)

Signature: 5Buu7f6yzcftKd31H5WM96GkcqXXkRMbfL1csjo1D4JP5bB95mKUyXVemwdFm2khKVh3rmuqWMChTCTh28pJ5cyS

Transfer 1 tokens
  Sender: HE3BqULKNxBLfJJXB4iZahyy3mDFFLCfe7qRSRBeVgai
  Recipient: 4MYxCzrMbXFaRAJSUHS4TBcVpEcCshbdvjFnR87oZCre
  Recipient associated token account: Fg7GXWnxRKpatiXHZVj2jntLLDzBzp4skuqAoWPC8zFW
  Funding recipient: Fg7GXWnxRKpatiXHZVj2jntLLDzBzp4skuqAoWPC8zFW (0.00203928 SOL)

Signature: 3ekLo1FDvxa7x1DVGza3cjjyTXMMHddhEreMStXPXCvaxyewDzDmBYia2QpD1xLfHBaeGRnnPihCgEHn1Q8n1rF5

Transfer 1 tokens
  Sender: 3cP1fc2qwoQV5mVpVbirabetBb4Dt8pWbnDytantyXBk
  Recipient: AsxYivuyVu6znDgnwenpLSLvkZDua4mGKxTvM2JgoeDU
  Recipient associated token account: 68Db1fmsXuHxomurJX4Rg3ogncebTSnnkUpR9tkTd4yH
  Funding recipient: 68Db1fmsXuHxomurJX4Rg3ogncebTSnnkUpR9tkTd4yH (0.00203928 SOL)

Signature: 3Gh5E44X4SwA7c97YDo1wpTWQsV8zscPcVQV4AejKZHbuJkJM9DyJPBmPZQmUS86RqZArbLyFMuFJn1UerHFJo2N

Transfer 1 tokens
  Sender: Cwmi1zjyWC3HcTLNQyzjt4He2TYJzEMZHhf1XTdbvMvf
  Recipient: 45nb485LKf1pEhsTab34JnbBb3wXnAAP3xh98xdzP8Zc
  Recipient associated token account: BpStmqJC4wuRprbqQjDc4PRbEmUtBuvrqRyaYzK2dckb
  Funding recipient: BpStmqJC4wuRprbqQjDc4PRbEmUtBuvrqRyaYzK2dckb (0.00203928 SOL)

Signature: 5XNzkZdtzJ3HpkLMk6FyYBKMqxHvCFuAQBLuaVeH6kjjArjd4bWxqYFUi1TzwHRikkUa3HigCfKVShc8FwjYE58m

Transfer 1 tokens
  Sender: 8paLRqjR3sxLnWeGMRZmSM5wNmLQNcEBpCH2Yihr3Ppq
  Recipient: B75GPd6LgwBFSZ7KFuvCkMv1Wp7cLXXYzfWSKHM64snm
  Recipient associated token account: HtJBeBZ3f9ZugGXCVmnQvFop7dRXuVxGs2AKwe2Epi8s
  Funding recipient: HtJBeBZ3f9ZugGXCVmnQvFop7dRXuVxGs2AKwe2Epi8s (0.00203928 SOL)

Signature: tpiBkosTaGhLHCc6ArHKBxLNEmh3GLRU5wbDnuGJnxqgZuhEMVLD9W4hoJNhobd6QKXZgMhuEij67SEnxvE874y

Transfer 1 tokens
  Sender: 4UqcrrsXtpHvnomUL9FY9vbrps8hJ1FMUbimVQ8cbNWT
  Recipient: Cm8cYtgtfyULCzisqUnMg68aqqi12PGZScouQfJRfrG3
  Recipient associated token account: 5JqSnJ5N9opkV57LwGhT8bn7aR4hno2RKqGdWA5CJDKi
  Funding recipient: 5JqSnJ5N9opkV57LwGhT8bn7aR4hno2RKqGdWA5CJDKi (0.00203928 SOL)

Signature: 4fGiv15DdtNEFqh22SBaXjfKokzBe6NEY6cENnt6TRGscfPheToPduLezw5zHRa7Tkfndb3VZUMHH4YZf4iqHNYm

Transfer 1 tokens
  Sender: EHx1AizHXXDy6Q5R5aiZ2hxxPKmDKim7ufPjJ9cw5du7
  Recipient: E3v3UYxcXAG1uEFXPkUVvE6tvzeT1dqWhwbPzefexLSu
  Recipient associated token account: A5AQgeSDZDjqqApR1HxiXMpVC6Q12Ph69od8FBJAcZ2v
  Funding recipient: A5AQgeSDZDjqqApR1HxiXMpVC6Q12Ph69od8FBJAcZ2v (0.00203928 SOL)

Signature: 3xzUfaMgjnAu2h6TUbXCvnqNqDQycrM3xziowR61eAygpS5hWAyyRQQLin54LAeS6fih4L6TH3F41KKJms5uaTuh

Transfer 1 tokens
  Sender: 6fhfDZLTiu7KwT2pdMUuAR5vZjf4wTuUsLyF1xcAHz9Z
  Recipient: B2Q9TY7tL2RD6ZZRkFjA8tZRdxzf5fyZNZrtXPrXv5j5
  Recipient associated token account: GqYErEz6s7aahXyJ16FBEVaNiZcYx7J8QKMmBnjhFXf6
  Funding recipient: GqYErEz6s7aahXyJ16FBEVaNiZcYx7J8QKMmBnjhFXf6 (0.00203928 SOL)

Signature: TgjAWQDqNhnkK3rxy6YocKpazoDBfgqXEpBDb5fkqJQDpmu9BnEvtRn7BEL65UCCtL1k4y3bN3LXTtK6g47qrzy

Transfer 1 tokens
  Sender: 2WSHXtRkqATqyjGKaeuYvtgS8fGm5qPgzKDceRxJDU7s
  Recipient: Bt2JzU38jdEfQJB5DGx5JgamK5rg88F2DGDiFjZJEN3z
  Recipient associated token account: 2jkUbUbcw4MS9gBwgDgcsFxAD1GnT1WW9MxitQBqDpab
  Funding recipient: 2jkUbUbcw4MS9gBwgDgcsFxAD1GnT1WW9MxitQBqDpab (0.00203928 SOL)

Signature: 2TyCHFPrUWGp2ufzhxZadzonvSZRsHnS9mn1hobHwbEBBiSjdM4MtM1HA61dZ9v296pCE9Ek9WaeCbeb87NErYYE

Transfer 1 tokens
  Sender: AP1tYdnvR3AMehjn2pKtmYzaAqEYUWTzDukz4eVC4jEG
  Recipient: 9MvMUhQjQH1yE23i8n3PjKpvsmZEcNr92hL9W3ZxXPt6
  Recipient associated token account: GPRfnoWHxsnERCjmFzExpwR2BkjdNST5cYEHUSqsbywK
  Funding recipient: GPRfnoWHxsnERCjmFzExpwR2BkjdNST5cYEHUSqsbywK (0.00203928 SOL)

Signature: 5UQpMSkgwcf6tiuCitQC11VXDmL2zTdTzpkGUGsEiDwreT7Krcqq6YqNKcq2NjJbkXfoB6VQxfgXtw4fXjbnGR8k

Transfer 1 tokens
  Sender: 4UaSRfjh4fxPpRo9LoL8eHKs74pb6s4Bo7Pgi7JYKX8X
  Recipient: FmamYrSgGr1LWKyKcyZbaRG1b2jmUkrUC5pHSbLCRVkL
  Recipient associated token account: 26bjc69q8oFQaZSPE5e5L6KexySAyz872bKkG1tq3tPc
  Funding recipient: 26bjc69q8oFQaZSPE5e5L6KexySAyz872bKkG1tq3tPc (0.00203928 SOL)

Signature: 2PW5Ff5MPgzUuuKS78CTTuGnrhmRNLXFvXXR4rphobq934UDCaUKyGDRxnN2Sf1kro13poPpaqJZQz9cLLWWtPkF

Transfer 1 tokens
  Sender: 342BxyQTpHScit77pgytYhtvTZH13VAdQxY4Pgs9EQJP
  Recipient: 9GgHQuQmwWmiha11pUgm6ywqQHjqMYiN6FbHkhUUy69p
  Recipient associated token account: FFaZY6toyR3S4yxMZj3Sa5ckXSq6jxzVPjyQtCdHe7ax
  Funding recipient: FFaZY6toyR3S4yxMZj3Sa5ckXSq6jxzVPjyQtCdHe7ax (0.00203928 SOL)

Signature: MBktzPYtj55YSWQXeZFSaRufsjzjRgzzvFomqmuRcUrZmtwyN47PADFFNbQsYqaAUgp2jefgwfZKc6WRpGdA49C

Transfer 1 tokens
  Sender: 2ojxqkrskJQeUshPmFyVmo8PeRBDi9dp6rRzBcX7skta
  Recipient: 6FeDsmcDe16XRGzDeFHasDxYiTPtGJbbwLmpAqLzux1f
  Recipient associated token account: J4wCb93HNKE1ikqcbNmb1GkLwUvmXC6A4nCji7mXYjUW
  Funding recipient: J4wCb93HNKE1ikqcbNmb1GkLwUvmXC6A4nCji7mXYjUW (0.00203928 SOL)

Signature: 2ZGMvAQLcJ5wJjwqBDfXWPEhaEp3VM7ECnRekqt1UjYS31BcPrazYUfBw8SRqU5QjzSwQcKV4vh4gDkz6tPvAg8w

Transfer 1 tokens
  Sender: F7cQUiWwAsFpsw8QDUKVY4NrS5ezeCBTLJn4H5Qt6TX5
  Recipient: 4pUQS4Jo2dsfWzt3VgHXy3H6RYnEDd11oWPiaM2rdAPw
  Recipient associated token account: AcfwjCx3Thjc9QsoxKLy5YunAmZRFQxU1J7PTG8Y9icV
  Funding recipient: AcfwjCx3Thjc9QsoxKLy5YunAmZRFQxU1J7PTG8Y9icV (0.00203928 SOL)

Signature: 5eapkGywT2Byoj55qsQAiWsWzmX3McrQqdjHx8tzi6vGoJhk31vQamtDfZuLrkZcc4FHzs3SEJqvYXYc3uAovuqB

Transfer 1 tokens
  Sender: BWeeqSiFzfN2bt4yJg83gu6vT3Ct6yC7tHRuEQq3RsSn
  Recipient: 7za12ggaog2SjLpmnqsynvH4bMqgx3SaV78Mw6gYDNs5
  Recipient associated token account: AGmjrVp9bBuKzZgpmi1qQAMCmwM8S12Tp9mZavUav5qP
  Funding recipient: AGmjrVp9bBuKzZgpmi1qQAMCmwM8S12Tp9mZavUav5qP (0.00203928 SOL)

Signature: 4YSjAozgUq2pDXX3GaechvxefXGqhxtpSj2aitrFRgdo8TZmGdP25tHjRM99YwDEebcWUCeDRMD3THrdDcfCeBjc

Transfer 1 tokens
  Sender: BDEMW87KWD6y2YD52nwtatwWV35f5odKAzX4MXpxVKAM
  Recipient: 9nF2vqusHupTTNgw3quL4f3jorvPdJ8VBPv3Uw1xt3Mv
  Recipient associated token account: 8fyziz71tdX5bpaxRpKKomHu4eBoyHCkPxhrfWnEocsA
  Funding recipient: 8fyziz71tdX5bpaxRpKKomHu4eBoyHCkPxhrfWnEocsA (0.00203928 SOL)

Signature: 4wUsgusevDwia9yUEyH8YAS7ZERYuWcGWMXh27j8D7xK6bSvrDwWRLdpAgE1NNdXQ8UsboqDpCjXYScqVsHBJTMD

Transfer 1 tokens
  Sender: 7GFxcRBJCJPtoZz8n6KUURhuAn9vEZDaDouBXhDvWrXK
  Recipient: HMCuUsfswf8ngtNg1E8RgpcthsnjakGfSptKNqyzBuYb
  Recipient associated token account: 5F9oPW9i2D5aQoBQMv5rpdrZSr1YBxxN68GfADNRzJZU
  Funding recipient: 5F9oPW9i2D5aQoBQMv5rpdrZSr1YBxxN68GfADNRzJZU (0.00203928 SOL)

Signature: 67UqLdhcN18Yz4XkJFpQAiXBmF7EgnJjgNkR4qsyRRy581e8nmGRzRyZGeAJgsZePURjTm1JvXz9J7sZ8QAxBRWt

Transfer 1 tokens
  Sender: 2umg69eDvyDNJRy3GAuLbLcuNyPyydaEazQ355HKApYj
  Recipient: 4cUyDakNPeMEZtJPDJGNujWLGF1XNH7WbQnheUEfD2xX
  Recipient associated token account: 4mMTRHqkKrtMbeMw55XdmALmEWNMhLgipwNSHENfko1a
  Funding recipient: 4mMTRHqkKrtMbeMw55XdmALmEWNMhLgipwNSHENfko1a (0.00203928 SOL)

Signature: 24rioaDc5oiYvXMwy9b1BuugSXQsAKJwXGwTEF7baZ13v1iub6QEaNcFPSKBVSC1WWyN25dKtPCXASpjrLhWriej

Transfer 1 tokens
  Sender: TRDVt7fGUdX7VgtifTewtmyx4Gzf56cMffEYcBK63i8
  Recipient: 8mfSvKNsNfV1XFkZVJV7YV3igWdCJuJefV8GimBKvZsn
  Recipient associated token account: 9EUKZG12no8BZfzEPRFvVZEiUCS2K75DJvW8wc24XRZe
  Funding recipient: 9EUKZG12no8BZfzEPRFvVZEiUCS2K75DJvW8wc24XRZe (0.00203928 SOL)

Signature: RHhiU5QbESVhvBDK8oEBxCdMrcrTucQeA2ZNGUTaLDdyP2rVKMhM3aQgHbAaoFdMc9UXAwRGNUHuj8JkyECAdAz

Transfer 1 tokens
  Sender: F4RJ1TZXP2hg9tafTi1JdmyVZ4D2BYgpRrt42t5DUg5U
  Recipient: GSfDaL6w8DGZQEhTLmhKtjwJYJiKdLT9JsYTdi2W4WMZ
  Recipient associated token account: AaqMAS1mUqQG7AcHA7NZ8wuCQ4p3ozhVVx5QqC3J1E6Q
  Funding recipient: AaqMAS1mUqQG7AcHA7NZ8wuCQ4p3ozhVVx5QqC3J1E6Q (0.00203928 SOL)

Signature: Bbc6pQvgcpQ4u2GBtVx18AKuQf6MtjJnbYCVg1CsDMvUR6mU49cbZzCmsb3CbM6B9M2RTVQ9V2FDCB6nyfHL4V8

Transfer 1 tokens
  Sender: CyFGqSTxoNQbUnvtBJx1f1UrsT3vvF8SPubDiRjXGY8x
  Recipient: 24FmjG8Luc1cTcyDpC4uT5NahaKH8N5nr8M4AroYMPyo
  Recipient associated token account: 9iQgVm7K3StuiZ8XMeQK9CGZNYNb23dTUx9vX7d8YL7E
  Funding recipient: 9iQgVm7K3StuiZ8XMeQK9CGZNYNb23dTUx9vX7d8YL7E (0.00203928 SOL)

Signature: 2K1Pb44Ah4rfTtzRFuaDiua9G8ihzahnVQ9RYi4n33rS6qM8FxdHAx2tsv26SkEMaeg3wzP4JjpkTcgUcTAsRPZu

Transfer 1 tokens
  Sender: 3WF61TupMYj1kJUn1w3HqXfrAQb7Pu9dCh7dc1SoowGb
  Recipient: 6ek8bR5RUsFJus1HeX4j3QLDdn8i8EozCH1DNyMo2siE
  Recipient associated token account: CN9agZPVbwXicdoneCjHBry9ZgbYB7LLyEQHNwfCAWMt
  Funding recipient: CN9agZPVbwXicdoneCjHBry9ZgbYB7LLyEQHNwfCAWMt (0.00203928 SOL)

Signature: 4tbg3F3e36gjbqhtmfxDEuysAUH1fVyzQTVdHh1AeTEh6V6BHiej954kipxSnkq6iEYadvnjEFZymQ2VkKrzJHB

Transfer 1 tokens
  Sender: BoVmVDP77kxAoVZY899qUP4Y5t1bVQD7ucTUNcGfz7uU
  Recipient: Fdvnw3Eq8nyTnUP7SFpgp6idKxaNPZsSnCKYakgTzGTm
  Recipient associated token account: BaM9ZGEoN3B7AsVkVCq6CutcqHMb2FsJWwhW2zkzXNat
  Funding recipient: BaM9ZGEoN3B7AsVkVCq6CutcqHMb2FsJWwhW2zkzXNat (0.00203928 SOL)

Signature: 4wCvYRnfP7EvoMb9GQrWVnjLhUroeXFSxQ6uPUGPpJj3vZREhHQXmZVVRtsT1dZudk2GaHYFheohek4TY5EgoK25

Transfer 1 tokens
  Sender: 9BL5sFZUfnHPBYFBGGn7WggdtRnG3hotyHgb651VvJYW
  Recipient: 9jdLQ1QyC43uHFhZVB7cYLyH8EdKyF9dbXurbmXGUXJU
  Recipient associated token account: 23R8ioe8WtbAi6dRabanai8Xb7uPuCy9wr71EDqBe7fZ
  Funding recipient: 23R8ioe8WtbAi6dRabanai8Xb7uPuCy9wr71EDqBe7fZ (0.00203928 SOL)

Signature: 59apiADzqrRGPnPvz4QcAvVVfHfy3nEeH9g5mSDe9WgMcFJrMzNAQgFyCYZdArAP31CK4TGonMK5JLSZVbW989HE

Transfer 1 tokens
  Sender: BemJQRRiyB1zY1HhzdHTpwv3TLiNx4c6V3LD2h7Le3qw
  Recipient: CdXU3s7AFPSoqAdSq4fTXsDeTvgeiVv61kgSYDLDL2DF
  Recipient associated token account: 9RwgU5uN6VUBNxH1zWR5Hf7JN8RTy8HddCRR7DUhpHNo
  Funding recipient: 9RwgU5uN6VUBNxH1zWR5Hf7JN8RTy8HddCRR7DUhpHNo (0.00203928 SOL)

Signature: 2yBcRgfwwr7XFhxBEHq7yymRXTMSb9SUQsjY7wSeszS9zd24ews2YsTHbuXSRWaiTdwUTC9sTyr2uKGTthQjak2K

Transfer 1 tokens
  Sender: 2FC1YoxJwbgXXUBRJyAHG7MMX2XXyhyJ9RarGfrZxKJ1
  Recipient: FpSrQMhnYa8YRnEQqKstyi8DYsMvET71CPfnmJkBSSP5
  Recipient associated token account: C9UTDuGPw2UsMU9SqV769tNAWy5PcXD6Ru9YUdwP9NHm
  Funding recipient: C9UTDuGPw2UsMU9SqV769tNAWy5PcXD6Ru9YUdwP9NHm (0.00203928 SOL)

Signature: 64MkGG5tCKb3ef8Cr3BY1jA6nqJWcdifQfUAND6NeAQd1bLDL2zeA4sQjSG4vHPya93xEg6tGQEXZv6Wkt179tzR

Transfer 1 tokens
  Sender: 9dYNAN5NKaqepUV87WAYGNPxAH9zNXrEQgsPYNrc53Qm
  Recipient: FK2JSm8HV46i9wevsLUFN1fufWo6MrYzunXQ8HwhLM89
  Recipient associated token account: 5Q1owSx6HeUmciETU8tEZuNZFTzzMa54c7oAJujUmzKm
  Funding recipient: 5Q1owSx6HeUmciETU8tEZuNZFTzzMa54c7oAJujUmzKm (0.00203928 SOL)

Signature: 4KFsDF8wnuHy4qc4GH2vXuPxmayxAXqARSDThvTxwqueXZ7RsdxaD7vUhNJFU7Bk53ZvQGixdHD2RmFHS2EH6THS

Transfer 1 tokens
  Sender: 8iqCX6K1RQ2i1nnoqk5bHgzLqKdtCPmHY7r7Xy5bPckT
  Recipient: J5GywijGUUQuK7U6sdXEsh44TYbk4TkV7nQixc4T35b7
  Recipient associated token account: 7Vw4eQDZ8Sx85RivbSkhZXLfLzyS4wewMWat4PCnHcCE
  Funding recipient: 7Vw4eQDZ8Sx85RivbSkhZXLfLzyS4wewMWat4PCnHcCE (0.00203928 SOL)

Signature: 67qPznQPhaqVdXCxNa3Xs9jWJwLci2iAGhCQkY53uckcMi7iKkTwccV9X6N4MgHU5ZFupdwAEUJaGm5tyAVce7R1

Transfer 1 tokens
  Sender: 9EtXTM3MiWjT4svKMMgT1d5zrGa67jfEFtyukDUPWwzv
  Recipient: 5sQ7hzMpqscY1JYkzHdf9kPwY1xGPoJ88kLoVqb6V9ss
  Recipient associated token account: 9QArSpBXTpcrquK63yeEUrxvKu1McL6BpdVovzMt34Jz
  Funding recipient: 9QArSpBXTpcrquK63yeEUrxvKu1McL6BpdVovzMt34Jz (0.00203928 SOL)

Signature: 4Z3bzAkDjS3YaGzKxLzwU4jrU9tkxmbUurFviCSYdCRLbWWwNTDrFhGNfUJ5jWtQXgGT6bqRPcGRwnvyipvUPE44

Transfer 1 tokens
  Sender: 9ghnQDMNfDbHs8FexeuzX5Ru1hMRniQsVRr3H7X6L8bG
  Recipient: Hn6DxuGA5STFG9q1ztsqKHk5YS5YwaLQNSHasn8ExcY5
  Recipient associated token account: 2DrHwxboRP6BH4hTyq6YLnMUPvbfEYYC9jiRUjGYzTuN
  Funding recipient: 2DrHwxboRP6BH4hTyq6YLnMUPvbfEYYC9jiRUjGYzTuN (0.00203928 SOL)

Signature: 4YqJ1X96zYWWse6VaM9hjiNDv5ndgsS1pCM4yVzQibSzJABLt5aJR4cA1Qoug8iJ9vGfDTVFnaDHMTZgAhCQwGRu

Transfer 1 tokens
  Sender: FksBQt9fo8yDWcdrThf4j8thT6y5jSPUKzjGDvBWVA57
  Recipient: 3REoRftYSz4PwYrK8Xm47Ft7wsSmAysCNUs75ztr5vUF
  Recipient associated token account: C2BNRqvhQYT4M4ygYKKcpW9qcHYD6dS35EXJTCtvJNVS
  Funding recipient: C2BNRqvhQYT4M4ygYKKcpW9qcHYD6dS35EXJTCtvJNVS (0.00203928 SOL)

Signature: 5Gp9FMz5DtLGYRdH4rTFfUCR42EVWsUbHGF3p7Q8MFE67vcMtZ9ySqpFiVRSfiQNDQ5WJzvbBJLi1LuTn2kLVFJ4

Transfer 1 tokens
  Sender: AGCrfK5jW7TvZK4icFhktuycyeksy3t8Z95ktLSjLyx1
  Recipient: 2vDzpACjSmfT2mCY8MN4CcWzTjokvpDsZghSVVLLBKko
  Recipient associated token account: 7irNZmEHmNunsGa6pkb88B834EdgcAwDgfRnQFH1vBhu
  Funding recipient: 7irNZmEHmNunsGa6pkb88B834EdgcAwDgfRnQFH1vBhu (0.00203928 SOL)

Signature: 3AJbFWB9k49fofs1VUuGfzMaU3pZwvkgbvhvMBhCZzgZwEEqHmkHn8RXUyYe4W6M6ZB3xazUUukTA4TaqkTh3qx3

Transfer 1 tokens
  Sender: 4LYBN8qRJgU7SXhFxJeE7bnX9We93nLUBwCqNDsNZgpQ
  Recipient: 4eFnesqWFWAHtXbXMSJgYkCv6VX2xfDfXSHn8QrMfZv7
  Recipient associated token account: 5YPFNKscZQdxCgrUeFjxfPLyfHxW6gnhbA5trzbnK1eJ
  Funding recipient: 5YPFNKscZQdxCgrUeFjxfPLyfHxW6gnhbA5trzbnK1eJ (0.00203928 SOL)

Signature: 2M94RTBpzgFMzmc53xrqSqeXyrEaSBF67dhVHDQHNSac4wEpUfA6Udy3rLdaPVyyGHL3kfNBFay7mcSmyUJtJ9HP

Transfer 1 tokens
  Sender: 7Gf1bs641xYnDaBQEfgofhGDrziEYhhWheM4xJ4Vy9FZ
  Recipient: FjD9nUmzPPktL25Eax5CKrxyknMyFxaC8oTRgb7RvJbb
  Recipient associated token account: H6V8s58d2qY1njY3Jmno8AAqC7YqxVJXpLHHwc8pw3Xh
  Funding recipient: H6V8s58d2qY1njY3Jmno8AAqC7YqxVJXpLHHwc8pw3Xh (0.00203928 SOL)

Signature: 4fXL3gsxqWoLC4cph1BzD4UaTpb9fzJ1VxkbuoJGu3pVDpQWXUVrjwK2eFDpBmodteF5LAjw32YgNG7CtHuR6SZ3

Transfer 1 tokens
  Sender: CiLUiKxk7LeHitkcgwXdJhnenNgExFTHRXzaNVvBwEwb
  Recipient: 9nF2vqusHupTTNgw3quL4f3jorvPdJ8VBPv3Uw1xt3Mv
  Recipient associated token account: H9fwA9V5LRx845Pe9z2Pzx7T2mf1vZpEsUa9CvmSStvp
  Funding recipient: H9fwA9V5LRx845Pe9z2Pzx7T2mf1vZpEsUa9CvmSStvp (0.00203928 SOL)

Signature: 4r81um88HHrfQTo75sMgRriK9ffnp11xeBUZrSKyN1S9wsrnmF4XSThy2329rz652QKvz7jDBvRqxMtc2gSQnwPW

Transfer 1 tokens
  Sender: j887C9vqzTbDn2GDpEMYfnca33naKmDKYrtDBdY9Jk5
  Recipient: GsmrTBoALiurqDsxcMurQK9EN7pDbi2JewoDhJYH6Wxh
  Recipient associated token account: 2qUMGk6zUwyBiWcvmbyLZ8o6T4iJm2Vv9tuusjMUixy3
  Funding recipient: 2qUMGk6zUwyBiWcvmbyLZ8o6T4iJm2Vv9tuusjMUixy3 (0.00203928 SOL)

Signature: 2AcGZx59qQQo2WyG93t8TYJ55gctMnX4tU2atm32wFwGcfLmhxVQVokpySipqNt4UEqdRRW8Bnj9XF2te7sTmQJq

Transfer 1 tokens
  Sender: in8Ye9PuqkszaB7ZGM2s9uf99GgX4pLkqSAQKDaPqD7
  Recipient: DWaAVXvNg9NcNUPLCwRbAhc8NVmFzSLPQCFuwkxgp9Tk
  Recipient associated token account: Gp15e4uWF3QPFJ3vqVZnPaMcy6JNuZy9qzQ1ubPyvSfh
  Funding recipient: Gp15e4uWF3QPFJ3vqVZnPaMcy6JNuZy9qzQ1ubPyvSfh (0.00203928 SOL)

Signature: 3vkqndAxjhMeJTH7nUuKbpFcmJyr8DWqnzFZxM6XBMf8yRyWKdYQsYFu52se6KWYhxcf6mPW4iyuyxVo3kdRe1eV

Transfer 1 tokens
  Sender: B3pVzLzBphCStqL7zbfxv7VoWAmMQwbDnvKiMAx82Zbf
  Recipient: 6ygk428uaLYS75LxoTbikJSx8yXJ9BQzjeWQUu8ehymR
  Recipient associated token account: J8QNGuEFgYvtsARJchj8XFSzJr3vNrNF69kcFHPFcWyH
  Funding recipient: J8QNGuEFgYvtsARJchj8XFSzJr3vNrNF69kcFHPFcWyH (0.00203928 SOL)

Signature: 4rtSxvqx8BSrEtZRwtByLMT4G7gTdXseyyaF8Cd6qjy2e5Lhx5xU1PPNshktDm1iMSf3vgAPGrCGoYrQ3UUvvR7Q

Transfer 1 tokens
  Sender: D1rKA8osMdWKncafCAFYEtAv1YseMb11QypC3uRgxHaL
  Recipient: bae93fAqQRbzRBwLnC5ZeDt3j5uX23nD62B3pwvpgXB
  Recipient associated token account: 3b4Ci5PFno828z75gEEYrA9eT7D9uB5owKJgG5fQBbpq
  Funding recipient: 3b4Ci5PFno828z75gEEYrA9eT7D9uB5owKJgG5fQBbpq (0.00203928 SOL)

Signature: Zq7pqeHH5e9S3oVHg3TsGwB8KWZjNoyp45SBKKgFRzXZUsZEigBujad1PpJgiuoLJFBnpns2SM5yiugGCNq3oJ4

Transfer 1 tokens
  Sender: EJfThp4MDPUEwz879kkTUy1sXmU9xHXhrSZVb9rf4icJ
  Recipient: Djt8jj26RL3GsTRkrifq9ntxYJyUQsqRY8Sgkxns3dUw
  Recipient associated token account: 9LqAFaMUQjcDF17vzZF2j76XFo16PQ5S6opGMiUYJreN
  Funding recipient: 9LqAFaMUQjcDF17vzZF2j76XFo16PQ5S6opGMiUYJreN (0.00203928 SOL)

Signature: 2x2XgMQ6fVA3EDN9sWMTe5EsSYBrkEvEqgeZFv3YpHKuDt32GtGzjK9RosA5BoomPZWwtJ6DDvfKm4GQz87q24Bh

Transfer 1 tokens
  Sender: 2fSc9bhLCPf2uv3sFZq3mp6uXzqwEVe3BN1H1DyuNFpL
  Recipient: 51oET2dy4vCmZ1JMGYR9hbsvsLng1vcLD6z2AZp1uq1j
  Recipient associated token account: B4gdvc78HSajm2ub4ahE3MkbPtJdNh2k5B3ArAY5R2EL
  Funding recipient: B4gdvc78HSajm2ub4ahE3MkbPtJdNh2k5B3ArAY5R2EL (0.00203928 SOL)

Signature: gemckL5oa4w1c7qZie1A6fqgbTvqkEjtVpqADk5Jj5vGhACfLN71aaE8o7nBFd9HQpN9iEfy5Rb1sHBBf4ijurP

Transfer 1 tokens
  Sender: A2M7wmsRmZG7reE7QqBguNR6rXoPTGcoUMfsB9k8Tgc2
  Recipient: 8iYJCCXF83iJc4sso2CWSWCNJ3kEmGAYAK2cuGEyc55k
  Recipient associated token account: 3XRzhinYpXZhpGuec2KBPx1r497aFza4t48SKQhqz7Dr
  Funding recipient: 3XRzhinYpXZhpGuec2KBPx1r497aFza4t48SKQhqz7Dr (0.00203928 SOL)

Signature: 4ze3RMMyHkydcBeUQ6Cb8mti2wNy6cQQQKo8t19vhJ1ZPgLAoVcRaod8ws3ngNdD2VnWmoXrNrrfReZxqzdQgXCC

Transfer 1 tokens
  Sender: 8PtLFHkn6usPcUijYfNuEQMd9KrU6BLGSN7q1jZUWzhj
  Recipient: 96WX37vQhNmrYmE5UhWG1xFmYX6QM9X9vxUiNu3MtwYD
  Recipient associated token account: 5oPcSkXtXtsrACY5gRHkhTWchbxjkWJEadK55tsEAqDr
  Funding recipient: 5oPcSkXtXtsrACY5gRHkhTWchbxjkWJEadK55tsEAqDr (0.00203928 SOL)

Signature: 3AmZJ7qSds7UhHwRMMWGrqHEjkWboe9oVzwSWH8cbpB94Ge2gU2Q61GzoEjXdCwisuuNA59GriHQQLkRhJm5QvzE

Transfer 1 tokens
  Sender: 8cjsP5pewdQY65csRWxq2ckSjzbXa2G5g1sEJAECPyNm
  Recipient: B22cgQ4fpdcAfbNSwQ3q7kNuKSDpGArVXi9Vgf6zEog9
  Recipient associated token account: H3wnVezgbzL39uJ7NYPSHY9TA39Wd5P9t7qUM5r2tn2z
  Funding recipient: H3wnVezgbzL39uJ7NYPSHY9TA39Wd5P9t7qUM5r2tn2z (0.00203928 SOL)

Signature: 2EsQcB3uHMKmjr3ECtQKLJP47BCG5hTTTY5Ay9S6txw2Z73xBPzEoPrVQ5UaBuHyaCGt3N4U1DM2a8r4iAit5Sdo

Transfer 1 tokens
  Sender: FHv9zbVE79xPoHVemqYpojzWRLJjETEJxoogR9wcxtrJ
  Recipient: GNisgcTZZ2WS5PFAEkVUbFso3wNe22cjhmZiEjGcqeHD
  Recipient associated token account: EQV4D58Rd41JeC1YX1mpGDkkS594gdC6C8jek9ccQ8v2
  Funding recipient: EQV4D58Rd41JeC1YX1mpGDkkS594gdC6C8jek9ccQ8v2 (0.00203928 SOL)

Signature: sjqZvDpng35thasDkvpGDZSEwF8CdFsC1nR9JMes1WYDwqXmK8j3Qqqg1A9rYPSGzBWYNg3bPJWpqKWMhHptGm7

Transfer 1 tokens
  Sender: 3L3u8SCQwuBDjyeDFr9ip47n4ZNpzS4deEQj8mkKif9X
  Recipient: 6zbHJGNdqq7PawynSgxW6csjVHAN9nm51uLNMZqpxZts
  Recipient associated token account: DwrHTTFung3PALWdUePaRbFAaLHWLQQSpKQ3wPppg7xY
  Funding recipient: DwrHTTFung3PALWdUePaRbFAaLHWLQQSpKQ3wPppg7xY (0.00203928 SOL)

Signature: 4G9zP6eGpQxEjx4xMD512rFDXZjBNpuN8tnfmWqdRFQx21mPH7bbnohSHpeCtKnGn6hEA6DbnLeHm8aqMjjqBicB

Transfer 1 tokens
  Sender: 8pSUNQuxwsy5q1Myyb8jq517kgrQBjLy5591JkUdpJEX
  Recipient: C4aV75Q7DxQERp7tc9Lkkifv3ripDP3eDwpEFXLrPeqe
  Recipient associated token account: 7VSiWx6oauqqeznX5KDXsTu7fXvBWMAoFpVvT7YQHbh6
  Funding recipient: 7VSiWx6oauqqeznX5KDXsTu7fXvBWMAoFpVvT7YQHbh6 (0.00203928 SOL)

Signature: H9biTurcKsaDub3D16CcpDRANpbdVtyDtrHeoeEwSVNgtwMJDPYFMY8tkcMB8eWf4w3V5F1A5UgZnj85fJPE59U

Transfer 1 tokens
  Sender: GAPiqT8uB62D1Eofxco9qrBDguQdMJbLE3H1mKbaq3rE
  Recipient: Dg5gU6sFvZ59u37T4UhaxQBYeACu5uNz4UfdM1LJFGrg
  Recipient associated token account: 7k9QFkdH1GfrAG8HjfKwLN67kB3FFg427nFyS1n1Deuh
  Funding recipient: 7k9QFkdH1GfrAG8HjfKwLN67kB3FFg427nFyS1n1Deuh (0.00203928 SOL)

Signature: 5y1MK5VrBTNv8Xo2Zqq9UzngAMevbHTpKAubW8pRaPkuqi4neJTMT7C5teTM9bKJ8jhYxvdjH9z2g4zxgJ5wLvJh

Transfer 1 tokens
  Sender: E1cCFQtPL4Di127bbcaDYF5Hryc8Tf8iMhj8Yt1Qnyu1
  Recipient: 74MCLCGZ6HKYja3Uca8UQN5C3bw6NeyNXF6xRqaWkaFz
  Recipient associated token account: HGsiv4536Pmzkqe9LV4Dh3YiKn4YCcTNQBGu76SPed1Q
  Funding recipient: HGsiv4536Pmzkqe9LV4Dh3YiKn4YCcTNQBGu76SPed1Q (0.00203928 SOL)

Signature: 25j6Xw5VY927dmUGj3zcpb4o9H84S3CTSJ63Lp2GZijacuhxVqmExyAZefDkLnXcH967WEtJnx594Mg8bnGQNsxs

Transfer 1 tokens
  Sender: 8cioQXcUsMvNPu4CfnQwnkiTMuwQMRARDi72CWZiJWxw
  Recipient: 54ZUQsgXKSHBRdWLXu2GfXgLPQtrcD1vn9ku8aFw38pK
  Recipient associated token account: 4CpbBvvgX5SQ4qQURdgR34QEEhzuZqfpTZ4G342h48FV
  Funding recipient: 4CpbBvvgX5SQ4qQURdgR34QEEhzuZqfpTZ4G342h48FV (0.00203928 SOL)

Signature: 5NBtnSG8sjBGbVN3b2o67mZUFoDhVViRoWMKthgYGmPk4S9uccYURzYCnoN2q99ze74rgNFF8YM9wp8qQjk4seNk

Transfer 1 tokens
  Sender: 8dwqfxkAM5FwV2EPYNsLaH8QJKh16vXvC6isge7QVMHe
  Recipient: 4pUQS4Jo2dsfWzt3VgHXy3H6RYnEDd11oWPiaM2rdAPw
  Recipient associated token account: GYeytS6c5Gu29xXvUUK2FBrt5WFYfvG7y7o5x2d2jA6q
  Funding recipient: GYeytS6c5Gu29xXvUUK2FBrt5WFYfvG7y7o5x2d2jA6q (0.00203928 SOL)

Signature: 5mrheRLHBvfLTpE1KPhNfiCMn2UKhQShn8N1NwYSkeu1QMUT1JBdiiXbvf1xZu1sBGk2mj2ZemdXzSFkNJ55mEDZ

Transfer 1 tokens
  Sender: C3HbZAfobjiwucjo4Tjha6hdEpsmsHgVWmkXy7E5xNQb
  Recipient: H3AmErw6iT2yDZSTbvfwNBLSgSADFchY71gqhfTYmPMN
  Recipient associated token account: BynMTHnx2GkuyiZmxoN85wBs23aJxfHDwXumRKHgEp4c
  Funding recipient: BynMTHnx2GkuyiZmxoN85wBs23aJxfHDwXumRKHgEp4c (0.00203928 SOL)

Signature: 2kZnC6HuDztLt3ABgFbSCMMChaY5gLQP4GfeimRwEw1DBoTYmxWqxSrZ1GEXdHun21v3QFMJ6ShoqtUh784ZchFW

