Transfer 1 tokens
  Sender: cBC2d8rwBQBnHsCEnaGTKrZBdWBCHkPogts9PACDZ7A
  Recipient: CpaCG9J4BQWVcXwDsm73pQUtbCUAR15aSG3HxuxxVYqh
  Recipient associated token account: 3VaJK2TNuemSj3YeVZFHR2pgTHsSDHxaBdcPmEyh8wvm
  Funding recipient: 3VaJK2TNuemSj3YeVZFHR2pgTHsSDHxaBdcPmEyh8wvm (0.00203928 SOL)

Signature: 5bdsv53EhUpboDhDrX1nQxHLjGibfwU9ib1sYokZW9UX56nj6YbJrcSG6K7DUXr1zFQzXmJVy4vr9aSBPa81Bym3

Transfer 1 tokens
  Sender: Fmm8KFpS68ySnzWRyTwUXbqXDzCHiEoXYDUnKvj6ZxDz
  Recipient: Pww1ohVqQrmaHKPeYwaVT5pxhQxJex3vhM4M5ocsLUu
  Recipient associated token account: FmgF4pCPhnVHvv4urk1RFEVGyk4ynik7Byt61HfWSyy2
  Funding recipient: FmgF4pCPhnVHvv4urk1RFEVGyk4ynik7Byt61HfWSyy2 (0.00203928 SOL)

Signature: 2oQEUUrraL8R2jsRTfJFrVg94c8qwWr7BKUkDyMDLfpaqFfHRpADLb1KvzihFouBzn1QPbfzfPAXJWxkXyoRLPy3

Transfer 1 tokens
  Sender: FZbGK7NF5ibnpRVsk352hVhjRXMhhozpjPjHR74rTWE1
  Recipient: crpQUfqtr42Y1W5LgZjvjVnEo2nsmXhSuZ1EyomFCDj
  Recipient associated token account: 9467qaYMePQUk92HxcB7jAFYZip7avV1rokM1B4UKwnu
  Funding recipient: 9467qaYMePQUk92HxcB7jAFYZip7avV1rokM1B4UKwnu (0.00203928 SOL)

Signature: 65DRFNQJgLvdzzndA6aqTHuBNUkT6ydz5ueqGdEGzoKqJzREdauQioshMDtqVsrExX7xwL5PYF82NEBJ5RxFfmRu

Transfer 1 tokens
  Sender: 6vi3w1hoyTpBrYcQwkh5jX1tTZhmcZgJSjreeuBAnUsK
  Recipient: 7srUnsGigLyApFwxw3MgNawzDrEkDYpjZtoQvBi6ayeU
  Recipient associated token account: CjGryvZD6iydrMMYhse7k7yZzgBKqh63TStjnBfwcmwE
  Funding recipient: CjGryvZD6iydrMMYhse7k7yZzgBKqh63TStjnBfwcmwE (0.00203928 SOL)

Signature: 52tMbmPQupcbZ3EjpEFUBWQRCJ5mHyv7v1Zj387rNNMMcopjinz8BT5oFctmq7JCTYiBxLMmC9EJzEyUpyQXccpx

Transfer 1 tokens
  Sender: 21GJQoKeJSeGSWxyR7wQjE2sWzXXKCBH59WY23CvXt5B
  Recipient: FpSrQMhnYa8YRnEQqKstyi8DYsMvET71CPfnmJkBSSP5
  Recipient associated token account: AjenzdtjbdQ8Gvs6ibqpMm24uuxTK37jrkyMP2ZKDzHM
  Funding recipient: AjenzdtjbdQ8Gvs6ibqpMm24uuxTK37jrkyMP2ZKDzHM (0.00203928 SOL)

Signature: 2MSXyBL54EZSp5UbxvicVR9CFRXhxtQQ9tz8JPSqnVBUEW3WoWq6n3gjTTX3vTbz3vBak4EBYB622yf4y6t1qG6r

Transfer 1 tokens
  Sender: EUXk1FA2Q5E5B5e6aME6eMPDKRc39crpLMqXXLRC9tx8
  Recipient: CZbmLXFpJGzNabQQdsHQ3KWMkA44BFGrdVvvSxWA5RwQ
  Recipient associated token account: TX1Q2rEHHD7d21HztvEbXjvLJrZv5DTC8tVQ5Bqnaex
  Funding recipient: TX1Q2rEHHD7d21HztvEbXjvLJrZv5DTC8tVQ5Bqnaex (0.00203928 SOL)

Signature: 2B5frw2LyC2rnT3iye9UN55AsriYmHxLui97n61nkoMrEJjqFUtdBrdUXaeTNQJhew8cz4Zd4VzpHb2k3sY8iap1

Transfer 1 tokens
  Sender: CDKiQd55gdM1V4kFmxLqVPQ7qXncFJWuHGyYHCeg9oLR
  Recipient: HxRq4gm6JPL7w2pzRfiyam8RPPKi9FGvVPNhr8CmJwXh
  Recipient associated token account: 4vKV8wKZTAmC6p8kyonLcq2rSb1cjzSUSAAkg1uY6RCo
  Funding recipient: 4vKV8wKZTAmC6p8kyonLcq2rSb1cjzSUSAAkg1uY6RCo (0.00203928 SOL)

Signature: 2Pkz3aHomzdsL9nNwEL38K3myEqqA832h4LTsJKKebcgay4ZQ2NrVmjV8xveZvtmp6JrmexBb5fx3HCwEas1J1BT

Transfer 1 tokens
  Sender: FDhqWQm1YwrfykwUjnHAh3ywLR36Hd3kmFtWrjiHpxiS
  Recipient: 32CM5Rzf7TxcvByMTsb1E9UvDPXUrimLwkGaPu1sqRbF
  Recipient associated token account: DrrvSXJZs4YKQaf3hLU1GwUuvudH2PUuNz2gz3hkr4M3
  Funding recipient: DrrvSXJZs4YKQaf3hLU1GwUuvudH2PUuNz2gz3hkr4M3 (0.00203928 SOL)

Signature: 3kzr2GvmbUP8DQ2yvUw8vnnNnWtfCSS3nw9reN1nC8xEgB2jygaJfpEd1o5r82oZs5uSSZQjXNCUidejM22Se56e

Transfer 1 tokens
  Sender: 8K1kRJrZCdTVFJwqtrm1x7WKtbfhrMpVufSB7jJkkn3S
  Recipient: 4dYe8NDUKCJir7hYoFSC2FCJwVa6uycEfyQZ7aYrCqih
  Recipient associated token account: 5RRYZWxAQXkd9bJoUCMUTWAZRMcRGq4kFw2UjMrLXFWq
  Funding recipient: 5RRYZWxAQXkd9bJoUCMUTWAZRMcRGq4kFw2UjMrLXFWq (0.00203928 SOL)

Signature: 4WVLfGN3KLD2RFYMimGLPPBzvFXM62JwArL6YHRJS2n19JVtQhomU8XuAtY86E5hutJ9XUsomeLbJTFPupHVX3Vx

Transfer 1 tokens
  Sender: 8FA97nvJBabEdt3SAG7M3K3WL3dqrYMu4jdwxTvGFAM4
  Recipient: Fzo37iUDzeZES24cL1rRuCyP7V9xxseYbgFSqk4FotPX
  Recipient associated token account: B5E1nJUr6BowiA1kpYKGcm2Ba1wWUNhuT6eHXaV5BwgB
  Funding recipient: B5E1nJUr6BowiA1kpYKGcm2Ba1wWUNhuT6eHXaV5BwgB (0.00203928 SOL)

Signature: 2GSVpbJvqqdq8Z6Pt5VibdQ63rbuVv6E4hTs8xeqHR8JjECG9HJayhgwYZfd2BX9SuDsWrzMdmX6bQo677Gt2HVz

