CH5d9FPjfermAFaMN3PdMZiZBJFkqCvXzJTZAsgvyCYJ
p6c1x4Cnkq6EYPY4bY2V2rLKj8hBua2xaswjwruvvXk
7bBX3XDZcyHGnyDdJW1Uz4e5GS5mwuND8XW79t2jWP2X
9sb8kL8xPMN9dcDiCKj4LPpcbNRVKSqgB74a3hdUNpb1
CQpaR1yWvuL6XXNhTZ4PhCJPsGWQTfRsX5vJ5jttrjKG
HmiQ1hJnp2gXxSjrwNFQz4R6PbUqYm2bo5QDGwQWSqay
zLKpvtXTej4gHixAswbxjzpau8tyk7JUSt29A7zcKCn
2yZfzkjgwfRpu9iTgMTZDpq5v972M9hzKEegBG4f4keM
AJhEisHdbaHGHeiRGj3D6B1APorDw6AHRwYR7GLRtNB2
4zvTnKMxwbncKpgH2DM26CinQr7BXEjqfUeqP4Ns6y3n
3aistsxuKquG6AX7ioHLqoMxMrQu2fU9H1HTWvLv3dne
DD3kmAKXLBQBuZWaVjkP7jfgexXCsaP4ozQ5yE1tH2Co
2HSqXyQsp9CrvtimEFtF6QDtf6FLBKzfjpFYGchp5inz
9iGKXicMEHzpm35ZSMNLtRzfv6p7doYBueYnWbQJMhAo
Ft4nqhuJ7XQbpctZCdZB3cR23Y7wadpQ9X8JD6T5b46s
Eh2s5itPHq82JW8s9i6C49TMXU1tvpNTgEvAbAQNHKTk
u7HNifw31kjrJbatW4GX9LVYHP1atMUU4VHwzfYEx5j
5TMjBN13N4eTE93gU7zuJgr924pUuARMKxxb9dApka6H
7KqLehsR4ZwG7wRTKzLXY8uPKbDuL1DpHpfhsXFHoCP8
FpyNKppw5JPu2Y4YwbwfTXTDFUv3pqG2hGRNXgkQhRcv
DGE728FYsjpVtNpF1JeVtd6YsNjmprkSkCJso26mRecD
6PdXkSBC3Yc2DdgkeYdsXWy4euaahScfwiby92kAhmoV
GRFPUSEuyYQiEsjPUT7J8FVnAXCkj4hUPtSFbQnvrhEi
9ELuq79N5bXwYoFCiboJs7LE1kgPTEQz4s6ExX8Kku2C
B6LQQTWGgFFeMTcMujkcRSnZskpDY9DnScuJAcrdYFNR
CxCzaA8JYHxsEDdAfwDVQzrhNB2VGKeJRXwYGMvMj5MM
6G1qapVTptkhLGnjdRyCuBsV4y4WyAb63mgLHZ3XV8bT
Dupf7piCfjrbkmeuiF9JvKHi5qtyFDEJKViSBc3zpF92
Fpuu3nxwPLbx7jhDCsPGWXY1P6aoE7XU7biSuhNKVHkZ
9zLwMx31X2Pp9bN2hpaMXLr6bKHYVgnXN89TSa5AaadD
GoZMFQ2wUEzBtEwA72ci46tVKA9jRRaQXMHtgUW9zj5u
8rbVQoWVuWcYXgYeb1tSJEnYsPHZy2LsxGWQDgk5VAoX
9zb4wMU8mwkEiXjpyVNmzGqkj1KYoHD4E7E4VAkeb344
2zcEkxz2SmUrFFbovLC71x5tA4BJ36eGsJS2WyTsjopG
Gq1jwJPydYciY3mBEqqFnCfQf3Npef9DHcxauCSPCM7n
8AE478Fha37aX8VQV21hyTS19RkFzYQwKBbVGyK2gVxr
4Y29VeWsVUcmZayGx8kZuwLksbLQdngnP7g88uJNTHxZ
SWp1nNyWaR3Nzv6jhjGqREuUxkEaLd4fF9hwnKDSTxz
2tKnP1Yg57TZ4ViYoqnmMVjqqubkzQFTNmVKZnGUSRUN
k2iLvNpJLMch2Dec4NPTPqPSV3eVMjFzzDQT9egHyxg
AJaFjSac1ovVNrPU99VbUJ8hEaVLPWuMGRmk5iciow4F
hsYRMbGFtzhWyPK7Czdv5MScKz7KDzVA4pQZLgqdVw7
2N2gh2yeYf11Tbw6cALPT79yvuKfW2q3DYQgYhd9cHGs
J2iejFxNePFdwcF5HDqi1oYGHTouLfr7Wz1XiizZTgDw
3ZAyAYVWPSA3JDwHNmJvuCbateYpEGC57T8GFVPPJX4s
5a4SB32ALrJFEgbmuth4d1tAkrTtP7ihQgZ8jQvBThAm
EStfbDTKmvnGJNt3FkwaqTPAQNGqkfDV4EnDaDevhg5N
DAgRWCDCJDY2wAnKicD2AX4M8xWEiEisUjZU5PHFh68Z
H7XQdcQDU1hyvPsgfEzLbUfCpCQgjds7mfG8gxdJNvyh
Aq1yZsq3qUSC4JmxCibngJZmtcBUGPnP7MPoiFX4MoGi
HbDgrkXimtUrGgcj67LpEHnBSFD8fDaLZWgGiAZeazZ
DWPdb1CtW1a3CL9wAURuahADLmmw9CzoWzkC821wsx4F
HZACnSGF7iDeooLQ7TwmutTkTQSjEUC8ZNe8foxGsHb4
CRKZdtoY2qFpAn5CH7oYQK7xvGZpamBokc7U1WN7KyAB
3Ssoy868NNTrnD9QagQSXWq59h7UrA5B912KADgeVAi3
5tyfQhCsfWc2S8uzudG8GbgBBrvtVZCTA4rWo2PFKE8L
242h4cXCwRYoFgrBWjKYQj2qwfNBpGNxoBdeCmAaRjze
EPmapKQSvRPJ6EWQMpYcrKPdvd4Uex9sC3ccKZ4cv6Ee
Aosn39AzEn3XUVfQnujKeJ8eMsM6DSVKXxSZG4iL7pVB
8g5pzECU8XKcyoURkdt7mVH2DLKCzWghpxQkxJX5vLYp
g8cBhNJwkUiw18kfvnnf5RwbUMsQPcCLdXEKX6hu59K
6fVGn9knCLf6GNSBG949m4bM1NFJ8WoBJp5t9C3kUnBe
D1feVTiVRKU5zWggt5SgFCQuiNRdW6sqwpSrpBVpnMKo
EKaqRqxrvNes1NLT8GZg9MTtyRm9BZC195mb7FzgSRAK
3qfFuaYQ8xcQMtSLwAj5c8krZ1uJwFEsMS8mvUAMXKCt
E1f6scjpvrFZuttuoTjH2tLRzRH9xHcx1yj1iPBNUVFF
FdJUnarRLzom3neVqFMJvvBySbPiFU5tr4cYWX9pTCKo
5MsYamfNerYZoCEwfTXU7NyqD1sHweGrey6pj4pAMHo7
GsXHZat78QsQrtCvHXSkyZWYLr1KnmXsGAFL3iXc8JoH
3UFpt5WcYMEG4GHA7EsjzqfrncReqvxj8je3Mfi8Yftp
GxfwHb7Lb2LwRqFXSQU1u47vV7rXjwPw73qmetw3QEYq
CuJftpeBQ9jtj9wLoPCpowvSJkBQqVb7bcdcLoYwYqJr
57MTthZdV3JswyUZmDy1KKKNSZ88TYvdtiEQH5ge1k1b
BNc3v3NAsEySZdtDPv6Dta688K3PeQf5wY6BgRN2Q3JQ
67yLDCahr8WMgHkzLLXSopcKgg8WibvwEdKFRX4iyx8N
GgvKXbeHfiWpDagRvS1PqnLLYzELuuqMj9QutQjL7E55
AWYLUHqpxGjHKH6hSca1iY3Rm6FPHB6CUysEYXzEs8bC
77XmJHq2QJ48nsET3cy4mK2bNNpWjBLZrbxwcoy3Fjmn
BaVy1pBmbb3hhRSRUVxpBp8QoqkjuBDLmpHnxo4Y79rp
51JW8TqNGLE3radGz8wXbaM5JoMRPjBNk43A4CJaTRXA
C9z4MU9WvY3NPX67MqouHTS6BS3SwmLys2r2RZwnzt3R
EKCPmYNVK3iNUGo9LjcZLDc6uEG1XnDEpGYc7wdzSSeT
DtZunJ6yLAXPGHhnL2B9FpCed4ncKSXB6Jcvi1n91BJJ
3y4Avc7h6rWYrVSzi77ihPq7nZtzg5D8SPh1na9TTWtN
FV2v8333H1CRtemSz6c4oo1SJJCQGDU2DEkNQ1AmTgax
H8PDCyVDVXLJsNhyMkNNfJCZb92o5Q7PiLPB9GeG2CGa
EVBFCjoWTQR2m1M6ucJD7NCBtnAZ9s8kWiX8jz6ztMCP
GzSYhfZSZ6HCFj7Rkx4GJrjcx2PhbSVMfT13qNuA9NPe
EXrTQbeqEwazJ3JGnpf1FK8G2UcZvwXM3rs3EkFaaPJ6
4vApSBKeM1JZ9rknMn6PtNKBpBvv6we3tRKgJVgiF22E
EgHmMHytYGWMXZ3k6SsZ4rAQYFe9rqXgqcGVuAHaEiL6
BPgPKngaUQELWVKNXjwAKxurvC5WbHe7XvPZqnWD7thC
3bawJLBz8gve6GhF57JMPN1GqyZdvumXSByUr4Fj6EqP
9FyRpETYUWAYVR94d1ZqyRHBuRbgVZJt9v7FpMjvEajj
BqNwmgexfrreRsdizMG7KqygGp9heaTVmQe3L2yBdybQ
HqHCRrwXa25cymFMcYbXMNeUdcEHScDwr6draxdCv6MU
2HnBMb2Hcb7SroUz1SBpAiFjSxwLjAcCoQtuUYa6yAAg
EtLoygC3DYNsVhPfJrhi9a4Rknn89xrWhBdvDfbR3xCF
6hon523rv9kqm9iZvpFhiyyG5uub4ZNSmgojqo2mRhES
5eWkkc6h7SzmNRg2qkpJzorZzZembujh7JU6kboGViBR
CDC8Wub6LTc3iSnEQBfAk3Jx598PcZtW23Vshmvq8zU8
6joWTqQHCptREAp5tkoh9dJxuTxdFiwuBSYeuteyf2sy
2JGShCNbXXaLeHp8vV3nDHBsM6nEHz9KJMTBK7drNurW
Dyr1eTUkybiCoq78GR2yDF5x7bzaENFVnP3FwT1LS6do
E3mfQWUXjZ3SMGsbToqSsmiomCs74aqbTwCXucyfXYPy
E4hG4KEgV3qu1QWJmTfsr22Xqk3fdr7wG31f7ePL8Zt6
8J1V54peYKbGdQuFSNTmDegcLMT5ZKD3w63xSJEXsbbo
GSu7TqL3wi59nzf5tp8KPvb6kQkZUwdzoTpCxoCoyZrs
BZSFGy1Dwu2EVQhSX9xuP9eLuzdTQ5hvtYQRFtRoQy35
9HJwS1JLV8p1yRMCCNGyjTpxr9WyEvCCUEbydpY2C37L
HTLbrsEp1we3sFx5hkNYNFAwrhL2mJomvBBSzPmovFto
3YotM3GTSQXT6DY4x4utDZNjNdyq1MJshqkujM22ZdHg
9mXzwe3tRAbJ8DXMt4vx2YHVeBV3ge3bMr41GqJuNWrP
5Uzr6nfLzt6A1ikoj4VAkPgQC9nXfUwHshKYbxoTNVk5
BVpaJbrVDNtuwooN38RXeYVZvvvBtqcV3URU1F4kQQ6q
HSc6E6TWY5Db5yWV3KPccoeM9h9yboEoqWhKn4N3VSxr
HrfKgBoQh6GoZAtUS41VFBRNXHS9bR8ScdY6S2wVnAT3
HjhNkqd6wfEGFGyzyNE5WyY8F4KvWgbXpins8FR7uxpb
J9sFumAdF6x38LJGwnBaUt3i9HME7EGUCjFDz8wqUhRC
5g7jKReXVi6LhuqX9BdEVYCUXoqXqdRbWnkozRchdduc
CEP5F3vL42wrDKZ6jyksGCrPwU3gfLNc4zF7PpSga27W
2a2ce7nTVs9xKRdhjwva2CgEQmCS7JJH5HNasLyzdMNz
FsDY1kAtrSCaLPeBw42eiWQAvkJvxrj71Z1Lfzo5tLJH
2G7PMaHnt7SrPxNGUStQHBTofjkuYNrQJyUnAWke1UzL
3JUrhUfdek8bcwa5PZroqyhzRvsGZe4ZUnAePMoF6xf9
E8wcSkNdjFDdpgH2X5vSXow8RE4WW1oBQt7GE1f7o4LK
H2at5GjYH2X2b9voFKrnFirQ4MvMrmPdDmTwkAQ2L5Di
5yMFdwSaMgsPy9AxpusZSVuDuNLx7VMHaJ9kqYLDDpy7
A8fjPAFqapyVaaiQDdVqs1ETnEon1ynk17R2d6DxSktk
2C8geBnmmyHn5TW1T5ytoN5fAoq4oyqR84JKHVoDBWpD
8zzRF1ex9FFTAnJUWKFDA3zd9nmypuf6fDWNoNtgY1pu
4X33VRonqLWW7szxjJ34sTBWfUmsRQNR3fPAzgizaTg5
8jHZ4hYqtii1KosiYmrAH5c3CTq9PYBaGYbuU9K28655
Cm6RKh3aeZhCbvidxpo7m7Qqk6mGuizTREAqqoLrTdJW
AbiszfAgdQjS7TB4gZHgEmfuYHsfKXb4r1J3fDpSNniP
DxFsuQbjGwzkbwduKaPh9hmd9wZbLBz7Ux9hDobUCczc
GsHkJrfNaaacW3FygdpunZygCSx3bnBewndDdEwZ6Y1T
DbiBYdiJeri3mNjUXJkdb7aeUG2yZWwZ1GpbD7H2JXNv
7Uthghz5tX32VdxGT44Q7yFysf1gC3GHJGkuoj33P6FS
3PjPWRtUyR2SuN1mi7NmDXVf3AoVQbjJCGoou6vvu9Ad
GdCZWDK9wLNwVMmnCTW214E7tcg6heAwUj3JNZsqdWsn
J8qnpASrUr2KsYbNDNjg5jw9Ty7DyiWppnwRkX5AmL9G
BwwUV16NDAQU3wat8ywkyNfkQHkPPxAE76mMMAao3F3J
G3uiw42QH4wmkA4E1vxn11ysYbvW7JEQz3TmmjjKKxpb
EnQMGgjJrHE5TQtcG4jsd6sWiDWVLTmDXMM1ftCMTHQm
9PzHFaiDgsQXZQW6HCpE9RRERvwcpMsMGL1Bh6AUKqcX
6AE6fZMtZHxvnecx5GxeyUvR7MMgB8KTt6BibCTxow3K
5CBrcXEPscHveHm6bEF31fNPJ9ZCwzNc9M2fpJsBTBG1
BMJfYKZtsmxhGNPnGNSi6xAvSELiXcVkmomGJHCJr4go
D7yydZCEmvjxTMMPDepDeoWA5r1XoecGNZE6fzDpEuHh
