ASBVi2EqdAPCDCYfSa4nTTFzduWnBN5aukzv6QJ5ZQDP
4TSj7T3Rp5fWFTEhY5uvBM8v1uizWD5VUGnxswzeDSx5
7gRnTdsyyu9Z2HKqa7492JkTJtRfAEssyYfXKcjDzYwm
8zfdGUKpemtzs2Ypb8reoN3A43o1ZkbwFCBNzpUeFeUo
3eucHmLaRJzL3d3rzYx94KvxcVhR4ESLo9R9hhb5Snbo
24KTbB8scEzVes7XjqeXc3mQa2QTDXRxjgQRpCVm7RjT
FgBDPuCn2vA9Gim6rLiL3bR5HP5xNgSEQ8JPK3MGXNMG
51oET2dy4vCmZ1JMGYR9hbsvsLng1vcLD6z2AZp1uq1j
66oqNbfDhAAzaw8iYc69z8ZtMUHCnixUgrpo9599GtB3
7iNxffZAqQPSD57GXrFui7VzgxiZd2RKTb942rkaMY4k
EZsxgTx6JXqZS34sDynrFkKD1Q64Eve7AW8FjawFfovV
GokibNA872LWxNjSTpNQRGoRib3i9sXNW9N4ebwFS3wn
BKZS9ci2HFDA72Wp3rPr9Tc8kTcKwLrBboNn1XdGpMFh
3Rx7mjqk8MXhtjSX6k4kE4iwFvmi1zvW9rvhhigoYtPG
AcTz4LZcyNYapAKzSE7tuhU8PcvcaRSeMskQYNQzEagW
CMtLwGNUnfN98t8WT5q4RaZxj8342CGVkwVmgzmaimec
2Knz5oKP4VsjF9PkA7WCyZWZsBig6zZMcp9FH6aRLwjP
4pUQS4Jo2dsfWzt3VgHXy3H6RYnEDd11oWPiaM2rdAPw
5cShNqx2E54RJK49myPhE757RJAEgnGKcbRqPVW4nwjC
8zfdGUKpemtzs2Ypb8reoN3A43o1ZkbwFCBNzpUeFeUo
67mvcnEecy8SPtqBq6xyDEEmENGdKub1NHXAL5zgCnxz
4eg3MW2HpGPaNk6dHj8RZ2dZhzYC4NxpRRaetFsePHa4
ENsWpC7ro1iWg7hUSuzDWovZiicVAoURX3fstsmPQpjQ
HGr9BqZEbjfGs4vZMaJhHt4LAtRJ3UrNm6B44bRaTZhP
5UhQ6akLVBhnggCdJQJf9eaid7QGPK63UGW3ft7FFLiN
2tZWeJtF5VhCCr4SEb1Y2dJUy4xkKtNxs85JJzz3BESK
CDKD1jHxaxqmGE2jHBJ4tcnMZBNSomQhgPX2NHycxpEp
2Wn46RWzoGkad7juU1JgX7qf5c1ndqpX76eX3rb4Vbcz
CYVikdfqKK1SmPasR93k1p6CntrmqGW4YcoSYQQ2TeVp
5xjULdC4pgzNNdoyxrZnaMPUzEKLcKCJjDmVYfaJiYcF
G49DobN5j8MCpNPFtoEAP6zA4xQN6fPhW5mmDPJNDhps
AYKf4RXGzxyguvyqroxk1rtQgEJe5H7yVxQK5kekBeCr
A9utMXAujEHFonXZnL7HQvm2qaYJJFAuZ9EzEW3pGgMv
G7qUhXT7hSHrTibDcnVc5Vz28gVvGFZVJxm1Fc9dMBmX
FScVh3sUhmXXwLsyWvhiCFwNs9YMYk7J6xHXXHZN9fWf
CkMFDbNEwaNiaQKaq6uUH3hmXp8oQKcGy9cT12F3xNLn
4Twh97WSqnCv8A5XezYJeFPcgmbfJSSDAH81dRzzRVaV
AgmQQruXPrYMbRWRKX5LoiyitgwdDBdijBbsk1WzVimU
4CVLbLUcNUdoXkb7GhEJmoPgiiv7G6fistNWu4Rx6T9L
52dU9FTEdfmz9TL6k83PXnMsq2Dp7e4MYac86misgKvJ
5NVmQU5Ph3zDaW11hJ9gQzaeSnCtxgNWoJtwGhVrSZuU
DGafXXd6xHAfnYTGpazQkgiG7uFZ3yFisZUUgeiYzA2G
BzHu964qt7p6KW5Fx93E4VR2xYuTit3NMxAncrLc7gj4
5d95ZghUcfxxnom9WJL6yJMQ43EZ3BWTts4WsQmZssJF
4Jgc5M9mycHzuC7Wbsqr5dHqWW8zW1xygR1VqRjojQHi
6hK4TePe6J2MAMeb9AWcFwi3XCMwpp67BXaxuxFmNKR9
APuxQgMLdP8pZk2VzsppV9eUD4aQMmsCieWVyU75LSgn
8Nj7AC1oPcx2oC7Njihwp9Ee3Aez787kvww3sX3Bdox2
7zcXm2yzcM198iPPGjk5xGBjG1dhxvwScHpbDskhZixB
ABnyqcA1nFPtNVbUd7XcUcJ7YgcyqpMk9rAJtmWhkAvr
97xAKp8FjyXkiYqTtYWN9ArD7KxTevzaCAo7VCcwLAsK
B2Q9TY7tL2RD6ZZRkFjA8tZRdxzf5fyZNZrtXPrXv5j5
Ef8GfhWVMZzEzrqFkW9L8Haw6PmhGrcrokapfegDA9e2
FxC6gixguqfSM9bY32aGkoXxBW9Z3bfbH19T8Ydykmj9
632mjEeCVFVYFNJSdxuXSA3K6qCjr4EwFr6Qf1VT9LxB
5UCnPwLsDrSVntJyWi3EhRUFPf7RvZgrJjZtQbRLwVyn
CgbJxcA4DS5Lr3SvsAntXDWh32CMYHDRcMqcjCeUV1im
4pUQS4Jo2dsfWzt3VgHXy3H6RYnEDd11oWPiaM2rdAPw
FA23y29A6AoqNmeFf4Kx6wj8aSd9A1aRZCxXNUb7fU3g
84tYj5QuBQNDVsFXiEPMZddVTtAspbAJ8oRbXsLwoS8x
F8VMNGZSfWNqkNbTK1kyytUf1wpJto3ceCsWhg2iSRr7
FGhqPQPRVyhyKUZx31b8F5HAhxYoY4ZUSizyurLUFxVd
2pQvQF2WAZ7ZVx78yJpHyw3nVHM2kKAoZzve29yFrqRi
4NtDfNisGfAYqzXJih2hv4vqKwAd1jhmRZNceLFUzstR
8eeWesjTSLG6Hdy6GV8bwjrBCEnwY15LWTkyHtGtsUB3
3gBzKtuLAyPJAq2K54URFpg8i4hhX7JdZzQEFqKCw9m7
8fYbjVT745fkPJStJvpReCLzmKnwP4J7sVsad8cs3h3Z
SqSri3CM7V1GLSoKJJbePSt7UqGpEpiwmhnsJjsf763
96AKYCB8KZLEKkA3uHw1GpfjZsmwyFT1CXfH9sKz5LrW
7H5FHSDMF9YJFP59kr1LnXzPNJkxLWUuM7QVdUwSyv8m
Bhexjg8vWtuH77iMsQstr8DPsuk85JnU944ivVA1MmxF
CdXU3s7AFPSoqAdSq4fTXsDeTvgeiVv61kgSYDLDL2DF
51oET2dy4vCmZ1JMGYR9hbsvsLng1vcLD6z2AZp1uq1j
7iGCFYLUJczcHwpUnCCK5QFBCvYwznnj82RoYQQnWu6d
EZsxgTx6JXqZS34sDynrFkKD1Q64Eve7AW8FjawFfovV
27mvGJL4Rbvyi1MC5NjDZTBw7A8tfNYhE17n7AefPSXF
DjnwdU2Hj1knTjbpf2R2SMVs8f2VaABUgMHgNnRzjVME
EfJ6QZPqLmrYgAtfMhv7Q8m9H3hG6uJfoaieMWSrh8ZU
3UzdWiavQL1R1yAzZfFL7644ZFLx3BgSQBjzMxoLJy9Q
2WkPKh2HqudssFdhTJRdj5q44oTwZrdPJQ2hGbgwMXrN
51oET2dy4vCmZ1JMGYR9hbsvsLng1vcLD6z2AZp1uq1j
7KbmFStnBVAUB1NRKuNFdhzXtj3mfAT4jHLXoFvFFSaS
En3kUmaYh1BWHpFhzoR7rgM66ZpUe8EcvauX1P6qaAka
633psGo7a98EEf5W7uRms1SoZKsEDbkfkQmpywgc66dB
EoEv8EebiUmXAC64TkiWG68F5cjKY74M7Pq5zYFdC7c7
GoAAErjdcmu4aP5bzVZ9Nx5QsgfbZLnMwgTQcJkyaHBP
GvZzyqEgg8UCmv7Ea2SikWCiYoj4iBPBzLja4Yn9zNSr
EkHsWj67nEwZKZk8RQsVqn4t9vv5VgLyArLnSo4cvVCG
C95WjH7qmY2sdr5fC1PjY6vRy1WpF9ynY6kLHALZmVHe
DTWsWRCUx2znHtuE5ac1j4p2BsQmKsGmbGTb7JMqSnHD
Hbvnwkhof7tPGPpJ461QTt5ZLejyK2aC3LRsMTi4vvdZ
8XGaSpNJD2cq7dCZ3sUC5swg5TrHQ6LMEoGixkCN47rG
6dWYKwXPMgr9dbsWsE8FgsTHgHudFaF8vvaQTvYcHnn7
8kX16Yj2WBCz1sPXcimafGrutQkw3s3Swe9sR3gt3cC2
Cm8cYtgtfyULCzisqUnMg68aqqi12PGZScouQfJRfrG3
5C4r5NE6VPqaPNTbEj79cDe5MQiF4DoYkKJFwwSmrFNo
996Kb1a7W4mqbR6qxzEDBHJtaJv8bnpWmegLJxMtpg3R
8WYRXiQXQSoAMw8A25HuTiTmkg2Ax5YTaBxmHZk6s5LY
BVFTQzEas8kMPkcugksaTTuLnQJ8ESxtLryk4ngdyvjU
7RE3epAWNBBAHfcQ6X55V97HdnzWyqoPux8RMajBzTL2
7PYmMqF6oEzFP4g6avSxUQBkjCVp4FQYjiAso5MNsuz6
CWiXLx6juMmaq33BPXGJ1k2DPqzfDyCQWoAsUUe83CqP
2KcCvxiKiWTu9XXLMSRnNqCgvZaLfYLx4aiecPJHqjrb
DWaAVXvNg9NcNUPLCwRbAhc8NVmFzSLPQCFuwkxgp9Tk
AfYExBciqT9EnkgRRWtEaGmV5gTbGdu1cFg4WLL5XSco
DFxyADFobQLkNNYo6QgdJSyHhyYyQp1u8TVKc2t2otJz
GpC9NZpcjA2qqqbbW1SVpuzkFfq5TNWwxVUTztRQ3WYA
619orKwaqxzLbhGEfRzSErV4XFZ8wisw9LtczU42jy21
FRpBi5GZazQQGPni9TCb25GhfK47hWZqk2JFT8Zb2CAp
F3j8ERCWdMVf4NcxtXuStdp5RNCB4gvysnyFKEQMg71b
6iNFKxsD7dNjoxykP48BZSb27DJm7piHuQquxDrrv67x
Cr2uPAtEmKCMBU1UMtSxG3gWdm3votJ7vPYX4ZjH19dr
4TmDvfv5XDiPaVMX7RkquWkhSvyP1onjfdLAydP7WpZy
FSVxZGe2J6Kr92xdQYpP74dxd4uT5Yhbq6s7SPxJF31d
BU9GQbSnXQcF59sm5VW5vM4QP138cM6s2vV4p4HhrDjY
5nH4SNp9Hhigqmjd8spT6UyLKN8okssmWJ48uCGfWf3J
33apeLJZtc7FvMqWoLU3yWupJCN6ijGkKUD2gUmjhxe9
CP5xJzHVKRe87vLcvTS8oozATSFwoDB15VtX4uaRdFfS
7engHFGfqWM3GTvWbnmEy5a4crSD3Hvu8S828cTkRLA2
AkdfJa5NmE1pQt3Ai7DpgDg8kryN5qTZirp6LQcpen6R
7Pu7nd4zT4tytFNBRucKANZZEiLHfCNjyFLLLHa3qnKD
4R8BKiQax7Qy53MbVamkU2MQudNeVLpGUAzrann3yp1S
56aHiN1RoxUVbiLsAWFQtRQqa7Y1qrpGpY8zb7ovCMQX
EUeFX4BL3uth2GVG8R1kj43ZA9cZS2mtgXeB3nbSGuHY
BumB3NaNkK9E6FLsCALqP71HgMZDF1EBigmt9p7Dckw9
EppxE2vDF8cBrRmJ2BSYiJ1JtHcPFV48YR4NkRD36gHZ
2v3WPU4g26Uor34kTbXtshNqu8WR9WBDhAzM5t8pYRYV
GJmChboD1FUPXGZAHsyj4wN5pi6rv6qRpigwM8LR5StX
6Xk8d5MFs3n2QcjUxmSPvq82pTtzTdmDkNpwHJQGHqJT
4cKqqwoADnQVUAapaq1CrCwpBwbvCSohZPzB8aHooJjk
4ZSovm9eppfPrsiXbnApe51uQP34rSJMnMUz3cMBswAJ
ABnyqcA1nFPtNVbUd7XcUcJ7YgcyqpMk9rAJtmWhkAvr
kEfdMW1cwHq274Cq39VzPdmDJGpGegnFEYJcZgSgdMb
DdT3rv3GuyqSK9kWX5f8HkU2BuCe27V2E1FeAx2jCFeZ
7ciBnPdADY8TKTsGHJaapei7AQctcWZ5VBRZ3BEuokhR
HXFXWxrQhrwFt8RPa79CcM5R8TsjzChsrrZQBX5ivZEK
EvufwkwZqmMzueTyde8SVLAzmAqsLhq1k2wr8drtmvyG
FjLV8aGW2uKPqu48RsRJsArHNA5qJZda489eYzxgqj9t
7UXPNuExpLc3g4GiGJv5NmTqAbJVsBX8dtyiJAaYMQ8q
EEUHeJFM6mUeN44v3kpepHXXBcGY8xV38TjTNxHEt76U
BU9GQbSnXQcF59sm5VW5vM4QP138cM6s2vV4p4HhrDjY
6hK4TePe6J2MAMeb9AWcFwi3XCMwpp67BXaxuxFmNKR9
51oET2dy4vCmZ1JMGYR9hbsvsLng1vcLD6z2AZp1uq1j
J5A3v9dXbrMiSBSFSTKfFC55jPwpn6MaavuDK5Q9UAn8
8FtqS861655sZyo1jnjorkNCE9Zh6joPNVopLy5X3Wdd
8nWnXehVLWEDb3nT1k6WxVQ1f96a5Wy3zsNN8GdKm5Vi
2n5PbADyQXeCMztD5wnZjF3Nn2w8PmCmqSQ68TT6Q6KX
91Wuqdn5v3RW6E78XiZs1zdkYg8Xdop9LDcsp7Yefkt7
D19N9udTVk5VujnBcmki6DTQMnRJCcZYs6yB5w3zk9HS
CWiXLx6juMmaq33BPXGJ1k2DPqzfDyCQWoAsUUe83CqP
