2x4bYCr864KM576uoXnoVVRGviA3SxgX9oA3QwcnXPVS
6DNn4M9Sm4Tt6qTXCjmmeMJ2QBqeQAwSXwKBEHDVYhAm
BU9GQbSnXQcF59sm5VW5vM4QP138cM6s2vV4p4HhrDjY
CAcuSaWp8VLJAkvpVrYu9TFmGyvyZ7qLLzqTRL73oyi5
4hWSqCADSGsqSwtsrEYJzzVsf8PwW63cEZ9f8BavBLCt
FmYhwj8TeXSLxEG8KT5JmGy7Zq6Z1PwLd4wToBpiDdG9
EAzuPsCQuDDm5EyUeSS9bDbrsDrKejiRNJgLJkRvqAWz
8eqvPBG3bHFpRfHCxKi7UBPcxUopXyhDMEH9r3Fg9QcX
jCbhBwr5qf1gv13bWdbDCxU1LWcV64zR6kSUi1SQrQe
GdJN3D6hc48vzsoU1wTYaxFpTG1nimyV477z7RQ7SgTB
AzmgakTxLAutgbcNkxi3S4M6MvuZvwcrzMc43ErMFk4h
EZsxgTx6JXqZS34sDynrFkKD1Q64Eve7AW8FjawFfovV
8eqvPBG3bHFpRfHCxKi7UBPcxUopXyhDMEH9r3Fg9QcX
Dwj4zWKVznRgnm9BDSgQhbqShQbCP3ifr9gao8ZjHTjd
BjxXkzyq1dYwZXvofJavvCyHgemjCf9mxsH3pfzppvK3
fcmiKjziCpUbKhndmeVU6GWoBpTZiNMMoG3EXC1xFxV
E5aGCgnhBDQ9aoPZkAMxgMR1FkruzxtBFeEyM4EJwKD4
22LorqdZVZSr6kWJrLJ2GMgL5oxxW5pzJ1YEvfbnBESv
98mDSvLyDDBFamLUZr4vXLa1MxV1WRn7aci1N7iWNjQK
45nb485LKf1pEhsTab34JnbBb3wXnAAP3xh98xdzP8Zc
HuQ123HYTBcHHiwpiPh8qf2aVz7a2iusS6DHckZgCJGV
2n5PbADyQXeCMztD5wnZjF3Nn2w8PmCmqSQ68TT6Q6KX
76JAgZ5yjy4UenVePyg5dfNHiE9q28Lt7ucxQ31CC766
97xAKp8FjyXkiYqTtYWN9ArD7KxTevzaCAo7VCcwLAsK
CBs38GrLkRKrf6ciZkBbD14BmW43nLB5Hj4BX7UkNhLF
CNgwgXRXh6bkXkeErtJytGCx3esf5jtFvfEkR7USvDjs
3QTRD2FfM2niZmZH1SxS6iJCRFY84DTq599gzengTtxQ
AoqVXFo98XT3efiaM69KkGbWaEhuPY6brNd41XGxTSDN
AG88dVyfRoytjBW5G4sfCCsnTa95bJCsvVtv44PhPz2G
8BfdJ4sUNthTpoWbKhaCvZidRwEqurZXCLM1BPyJfkA2
996Kb1a7W4mqbR6qxzEDBHJtaJv8bnpWmegLJxMtpg3R
9v9D9kvePLBANY4Zx2PUzn75dHuQMMMcs7mZLYy3gMaF
JUskoxS2PTiaBpxfGaAPgf3cUNhdeYFGMKdL6mZKKfR
3VWia87hNkxgg51heFc9z1GtZdmSuC63RGtFe98Nnsbb
HoYSJxi6u2hWzd36yWasSE6B33g4XJVLtkGTLj6a7g3r
CY7u6f6TG8qPFxnng7LWAFHDF7zJX4jCBXiQLzgr3omR
EtF3L8p4mVbWRnwUj8aeA3ZwsKykn6DLWbwZHTZEfxKm
2n5PbADyQXeCMztD5wnZjF3Nn2w8PmCmqSQ68TT6Q6KX
9nF2vqusHupTTNgw3quL4f3jorvPdJ8VBPv3Uw1xt3Mv
6AUWNNYxDxKk5RhqUqBKJ8WEqqphvEmaBrzLtNFtUAF5
2fiHCXfQCsaToCXMCJMyiTtXyrgBhk8Kcx7vMwBFAD56
4eg3MW2HpGPaNk6dHj8RZ2dZhzYC4NxpRRaetFsePHa4
C9yn3WJMmDUVoDaR4phhTc7ewUc4kwhZN31XZJi6Q5vG
5zMjWMkASUmAH3wio7DRLgzQXfmmhvxzo7WAbwkLoRwf
7rX7EXpyA5osnJ8ye7dpY71eNUJZ9JCQiEC4ME3qo3Ue
G8GH9y1UqyoFZd9Xtzg7YdbpxrHByfW27cmqhgnGnCNo
EbRHtTVqttSN3qXyGTXVqGFTxPd5qNGiTQXuDw6tFQEc
Ci1Yh26YpzkLQvnbgh6H3fDmuwyj5GaxcJBLNNMocmy4
51oET2dy4vCmZ1JMGYR9hbsvsLng1vcLD6z2AZp1uq1j
4QiSnMKqH8weDJfrGCawZhPg74UwLnBoPAH8r1oXP2vZ
DWaAVXvNg9NcNUPLCwRbAhc8NVmFzSLPQCFuwkxgp9Tk
AEUto3eFWHLAmmVRq3Vo2fmHXwte525jQGG6D7pN4RRd
HeohjHu8jiJ4gpEYnGakdfv4CxaFcCAS6iEfjLM9p1Ha
FrRzD9jte1rEFUsmJG7gYCgxxJRSKtm3txtXtkiUxRji
4imvcSxxHN6hyWy1XrxJ6Em67XZDVmMVCETBu9Z15Wvr
4pUQS4Jo2dsfWzt3VgHXy3H6RYnEDd11oWPiaM2rdAPw
C6ziqrxZLkEpkA7hyrQ5fQAnLqfD9MnhT6P8nXafVW8i
GnwV7xhSksoZ1Ve3Zx5PqoxVEr4mKCBpBf5zRRcv4TvV
DKQJEuq7QNkAhB9nHqU3SJCLMavu2B46jSBfLqEKLFVD
ANUkikZTPfEoBrqtveRAeNkvVqZv335H5Nvspm6u9Ghh
DJNqLSq1G5CiY5w4kWoj9pVVUXXgHoa2Uw7Ja2jBMXFg
3Ni81WBb3i3ini2VyjZFXgCyb7wDtsgNHeCMXDwiZpah
5txs9YNDiEfSvm2eFrGzFreW5YVQANr3c846MxrqEEq4
2F3pCR6Ju413NwpsC1knkXUu5WEZCYCJfN21yGcWwUZU
AZqsrpz7mfgGYCjX3dxscfah5ULgzjjzreuM3X5wShTx
67zp1qus14QpuwxQJu1NU2qpCb4sir6FqX65DFbc9N6n
58njdpgncuNs9nhzpVdxDAinBFHXZuMwuJS6hap4tVVN
79yiyZvaXkXbhoqbPGYgKx9eYik8RhTnKYmLMbG9QSLb
7YYZPyjjUtJrqi65DcgSXQ7Y1qjYfkCR2G2Q5dqDfv5Z
AhVVsrccdujsaPqMYeZ4ugZPUz7D4PXSadREQDXX9XkK
J63PQ61AFhZXeupw9j5GYY1aEuR3R6BnAbtfqqAX6DQw
CwyAnBZRGAaDVCBiMm3m4zrXNe4e6E8eUVgMrt4pHx2x
BBcnpuGSbDbMhZHugVRhURmfdFWkieXskLyHvqcFMsbT
C4KtJu4hyGbtzvQUtWGqhTysrg4Jn594vMjm2bPwyTtM
51oET2dy4vCmZ1JMGYR9hbsvsLng1vcLD6z2AZp1uq1j
78EX5HmkxqSgNY9Yw15mXVFUxptoJbM2tg2zq27g8Npy
Ab4ZrZjVR55EWrTjzeCwEJSVuUrmotM55wciF9HyFkdd
EoEv8EebiUmXAC64TkiWG68F5cjKY74M7Pq5zYFdC7c7
BEtdCa3yus41qyVT9kDh4UfgWo2xtbaxpgYh49s7J5w7
A4wZ51JijJaf1deL5sXmEWe5hgU4TUWdupiFPuGkLxJy
DWaAVXvNg9NcNUPLCwRbAhc8NVmFzSLPQCFuwkxgp9Tk
FDE5mgtoDZLAxbaZbDwvkrt9QKNRCt17pzscLdKAPCvR
54xrf4N6fvDUvoMZGP3z7yL6bY4c2ZB2pd64g892iSuJ
6dm86x4LHSBLR9WLUkjUHP27A5uJRwgp5Z5bVVCWeM9K
GD9Dx84Rzr6qLJKoZqQFZn2Yzf1NyPFbQeSRZqU56f8z
EWC6ESChdBqExhp96XPMLXR65pXP6Ftuh1pPAVws4pmk
GBL32YNQnVNNcH2C6rZtT7zVX8ip7dgbry5VVJr76hgY
HMCuUsfswf8ngtNg1E8RgpcthsnjakGfSptKNqyzBuYb
3vipZF5ThSaE55jGnHE1PZhCoHvRfBHvihP3pQ8Ph7cF
9LAogbfHVtgX2McBuVERrgyiYUijWzhCrRfMybxU39qN
7P4Bb1pCMuYNveYhg2j445cmTRCEGp2eAAtBQUv7Jz89
JBfZHEQDki4swmCiH4ZcgfntBF429hKKA85bnX2UDnRo
8utkbdcWfrR2ZePv3n2y6Lzw9yEeJamZk1rVhrAHCZNp
51oET2dy4vCmZ1JMGYR9hbsvsLng1vcLD6z2AZp1uq1j
HyJGn2q8vgYCH6urPsQXwxu6W5DqecVvBNTMU5RnnWrW
8eqvPBG3bHFpRfHCxKi7UBPcxUopXyhDMEH9r3Fg9QcX
GRKqLdY4K4VhQC79Sa6EeNpSKchuXGKkZELPAUtg5UiU
4pUQS4Jo2dsfWzt3VgHXy3H6RYnEDd11oWPiaM2rdAPw
97CaZv5Ra9pdzVcrtNF9PSZSr9bSB922n7GVC7evRAwa
Xd7QR72dCcnxQ8e6M98Cko6aMdebTVuEAQqtFDzuAKo
DMwHn74WRoFuFyzcKijfEohU8c373q8YfZquzXwAuXAL
Cwu4J6JpYqbyqhZQubxdo7bnL7i9g4fH5qydgfB44CeV
6zVwbXYmzpxgqTcY6kWo65HqQdoymqZdrK6mQF9BUQed
EWC6ESChdBqExhp96XPMLXR65pXP6Ftuh1pPAVws4pmk
8jM2e7C64cuhLd9Jc2UAQKUiCfgB6nP5LiugTzwoeb7A
AEUto3eFWHLAmmVRq3Vo2fmHXwte525jQGG6D7pN4RRd
EAzuPsCQuDDm5EyUeSS9bDbrsDrKejiRNJgLJkRvqAWz
k2Hjt7epVuf53zovvsytMxVBLRLVAkkYv9cLuw5aLFd
CmKbwqVuv5C67PZYgsyW9W6bTUzBybsJm5kNqHp8M9fR
AbgicEN3npoAGUvZCJWpkLkniVxnEdcsFnTHCcmhfUKF
DcUQr27FMmr9UCmdMGY4Y42ghwuvE9tXaXzsQ1L8hCcG
KwQ27yEuXPR1mhN8tTexSDQ2VDXJsZTqpf7J4k5ireo
4pUQS4Jo2dsfWzt3VgHXy3H6RYnEDd11oWPiaM2rdAPw
EczHAfEajWAwvFQ6t8ns9rqxCr5XQMqqfbZxBBJBZByh
5HgCS3rFUHptayfWZvSuiiKDYxpqBoetksDoiqMaSFY6
7tMyU22ViPrhY14fy31bSmTsQK6rwc9q3Zbq2u5RkZis
5g9P9YJNPxRMTZtWTPyRkUmdvaVae4MVjhr1ZHmHYbRH
6BvM7UMn7kFWVnSAfyv7j4FsySQMzHTDvyLA3emSJKYJ
7tMyU22ViPrhY14fy31bSmTsQK6rwc9q3Zbq2u5RkZis
CYVikdfqKK1SmPasR93k1p6CntrmqGW4YcoSYQQ2TeVp
5Fo77wCpxSDjwv8nDGMHvRVQ6PtiBdWkuSozgquPX5sS
14TJ82sAjiw2A8rTqGiBeseHp23RZqf3yZ5PovWSb2jS
CNgwgXRXh6bkXkeErtJytGCx3esf5jtFvfEkR7USvDjs
HTfLTVdc8BbMQdahjkpPJJUiDdpZZVbhFX7mwW4diZo5
FPJd75QXUqtp8kAoqLcoPaWM5UvvezjZmEtW4FefjdbL
Av7JF9vV1YRiVDUqKUk1eGKrC3Ab5acn3fWs3kFwhyyG
6dWYKwXPMgr9dbsWsE8FgsTHgHudFaF8vvaQTvYcHnn7
EpuwepKibc5ceyDXsGaiJGD3hUKgHQi6xmmdM42MnBCa
AsxYivuyVu6znDgnwenpLSLvkZDua4mGKxTvM2JgoeDU
3ZKbSv5JL8eYCbw4uZs5cC45LDDYbgA1gdkQLB56VPVm
5ffREb952Gi9apxr62XDNhKUAUy2nTEExaPYyTnz9YFm
GsmrTBoALiurqDsxcMurQK9EN7pDbi2JewoDhJYH6Wxh
4pUQS4Jo2dsfWzt3VgHXy3H6RYnEDd11oWPiaM2rdAPw
Bg5J6ogzzRzUpJDd3KwEfHEnFwzUQTVciGMxrWWFfuAq
uaLAXJ2jZqZPs5dbjt5HDHRV5TEepEKSmX3u7em3ymi
L7vksHGNsmuNi2yuAz6MVyczJhDBLX1VhmGcZ4EQtiP
2cN3AKrLjNUvAzcdePsomZEnYieuDF2bAL3i37jTWnuA
4u5xuP7vCbT44uogw6zKfe1YTycwCBvww3Uo3oZaNEvQ
Cm8cYtgtfyULCzisqUnMg68aqqi12PGZScouQfJRfrG3
6tAbuy5FEAUAyZPdKymeMDExjnoFQQazfrxKqkY6SqNn
8frf4PWJyddMwhTH4P2QHixGauKsixUH1ma5xnkgciuf
cACEdxQF6BnG3iBYJwWRgCPpdKCdsR8VhuNmcaTZdDP
4bxveyHV7b25ZCh5cJvUajTyDh1VjnPVqv49r3Dq6niM
HzrMJkkN5jvD98focyivbjasDmPwPY3AkuB9aG1uAzbH
8djD77wbxqJCCesESU7EgPJsk4tq7KGDi5EQgXon6H49
EecWhqyBx72WQd7eC3fxJxtBgAGBDfozRswZNjPFNZYJ
E4YnbxEMtg9988ogZrG2Bgmb5FhZk3eW7irwz29TpK8g
8BStRWeqCPJPS2hERr7V4mEgdodaJZDTNXVM2Q2AYHr2
4fMHv5Dobkjf6NoDvPWSQE8UhZGs2Jhjgu8iuwp5ynPD
CN6DaNfWGev45AHuP5qEVr422hjgNLgj96uaqiDeRRvx
DdDZiAosTCWnmrxgxA5Wbq1uBhYkG4rmGcV915ZsvDLv
AEUto3eFWHLAmmVRq3Vo2fmHXwte525jQGG6D7pN4RRd
4MJ84srbSCz3eZJhqG93iRnf4rosLcC4R5Bpy7ZQmJco
J3vJQwvJjASPrEXEmpyoeshxRCRHVjUGesZadLqPo89k
6iUPQN4JpLAHeofG74zXnNUmJeFFcDArmDUSu4TQ4qhX
J93Difd8Nya2C8ii3kjnbPyZEVKPTGu1KXaxe5wRghHd
2n5PbADyQXeCMztD5wnZjF3Nn2w8PmCmqSQ68TT6Q6KX
FYXgAYM5vUqySY81cSzUV8GY1YmvKSSxU4LxX4XnEfmi
961Wz2gAzstN9CQjgoe22Htq41zJsYbn8T2pAJqUVo4G
AsxYivuyVu6znDgnwenpLSLvkZDua4mGKxTvM2JgoeDU
5XpPW7Q9V5XJNEfzewJ3zAnHqjhwHkiTn3Ee4AskmnXJ
4pUQS4Jo2dsfWzt3VgHXy3H6RYnEDd11oWPiaM2rdAPw
6Uz21kYRJkMYayehzi1VB3Ub5zojwVyGhcdMA6Stmp5r
GK9vJhS9Za4G8x8PKwj2WCXKnXsnzUa9TKEZw93KJEig
5CNGisW6JCYKC22fjCxc7CHkdk4ekKt6KfJqo8ZxDTfi
AgPhAsvcwPfT8bcAQxfyvymHdS9enkCzHDZP67ihS5YM
AL3pLkYPvvMU2gpFMt6BxkfRQGuvArWggwZ2pAcus1B1
9v9D9kvePLBANY4Zx2PUzn75dHuQMMMcs7mZLYy3gMaF
Gdg1EVbGMQ5gH6nkhy3WQVcJZoRzXae5EsSQnYHD6X7M
37d6BP4Jde4jpVQFzre2Bao9Gxf2j1iSN14z5Lb98nUi
AfYExBciqT9EnkgRRWtEaGmV5gTbGdu1cFg4WLL5XSco
4dqkGoq4VtjmSvoE9m7wEQWMv5qJnCLoCdEUG1ziiQ4G
71j1etN9ACqaSFPkRLFXBaL8tj1NQboZrBzBnYetj6i
51oET2dy4vCmZ1JMGYR9hbsvsLng1vcLD6z2AZp1uq1j
EBLyVjie81BHWm59qyoRwEdRRXrCaCHrf8An5Hq8spQJ
6ykYU3fWNQnoNunJKDLSVSZWCMPoajoE8EVNzKCYs9qT
GP5wZ1hEfpD9TxhZzPGQVWSS6VVBaGY7J6dt8KeQuPxv
CWhmsKsqd8rNLussMP33gG5Fc2KHCSCx81CWeYYXHCBg
9v9D9kvePLBANY4Zx2PUzn75dHuQMMMcs7mZLYy3gMaF
B2xHAEupwfcGLvmrJZmrsAFdC4qoQRpoExjn9uZbDZyH
9a9MbNApKGJa14zyrVawWuKRELUjyHjyMALuXEJt1LVP
ANku3SWp9vX8bHfQEKnjnw29t5HGkxA4fMXxzcERQDgu
4VyuaTugVff2EhcSPYADRQEcPNBGc5yW3BMqJt7AvpEr
GRKqLdY4K4VhQC79Sa6EeNpSKchuXGKkZELPAUtg5UiU
E8pAWPsMpvuvxU6pqJqrq7yip7n6VgzpAcpdqbzcV8Nw
51oET2dy4vCmZ1JMGYR9hbsvsLng1vcLD6z2AZp1uq1j
CUjPQDJn7kK4Wtgg1L43Y6eRxJWrfLsxojhXub5UKWoW
DxuiZs18ep3t6MNEXg8rR9kNFqyfGZ4RfJrvkr6zHYUy
EwwjLURAfEyY89BaEf5CCAp2FnGvmnRrnAmAuoicvT2Y
Eaac7rAfhWsSH9vgbyC8UR7tMn1jT8KTAD1vXBPWUS5S
DtRzomChS1Nk1i4jMK8jXitfVfKMG2zJ4ShQnUTZXcwx
EZsxgTx6JXqZS34sDynrFkKD1Q64Eve7AW8FjawFfovV
DCTeYphaDsdFWZ61JXusR3dwLqKWkYgCjkxZSQvPzRuK
5dr39esCxsaHoHedAR9mhTtbF2mwR874vU3Vemr8EBbj
6Xk8d5MFs3n2QcjUxmSPvq82pTtzTdmDkNpwHJQGHqJT
9ej7a4re5ZsayUKYpU91q5UEakEjCwK9mFb93zDAKwUM
AXYki5nFuD9uoaQpGT6LaAAeBwaszU3rNFPmTNZNvUcf
B5wGRziAmbZ6NMGwatX7s3rp9tWzDL3fEJojQwh1JREe
3LoqWSBGfUzPwPzUvyz1gKTS4FnQbqh71S6MzgC1NrAN
4MYxCzrMbXFaRAJSUHS4TBcVpEcCshbdvjFnR87oZCre
AsxYivuyVu6znDgnwenpLSLvkZDua4mGKxTvM2JgoeDU
45nb485LKf1pEhsTab34JnbBb3wXnAAP3xh98xdzP8Zc
B75GPd6LgwBFSZ7KFuvCkMv1Wp7cLXXYzfWSKHM64snm
Cm8cYtgtfyULCzisqUnMg68aqqi12PGZScouQfJRfrG3
E3v3UYxcXAG1uEFXPkUVvE6tvzeT1dqWhwbPzefexLSu
B2Q9TY7tL2RD6ZZRkFjA8tZRdxzf5fyZNZrtXPrXv5j5
Bt2JzU38jdEfQJB5DGx5JgamK5rg88F2DGDiFjZJEN3z
9MvMUhQjQH1yE23i8n3PjKpvsmZEcNr92hL9W3ZxXPt6
FmamYrSgGr1LWKyKcyZbaRG1b2jmUkrUC5pHSbLCRVkL
9GgHQuQmwWmiha11pUgm6ywqQHjqMYiN6FbHkhUUy69p
6FeDsmcDe16XRGzDeFHasDxYiTPtGJbbwLmpAqLzux1f
4pUQS4Jo2dsfWzt3VgHXy3H6RYnEDd11oWPiaM2rdAPw
7za12ggaog2SjLpmnqsynvH4bMqgx3SaV78Mw6gYDNs5
9nF2vqusHupTTNgw3quL4f3jorvPdJ8VBPv3Uw1xt3Mv
HMCuUsfswf8ngtNg1E8RgpcthsnjakGfSptKNqyzBuYb
4cUyDakNPeMEZtJPDJGNujWLGF1XNH7WbQnheUEfD2xX
8mfSvKNsNfV1XFkZVJV7YV3igWdCJuJefV8GimBKvZsn
GSfDaL6w8DGZQEhTLmhKtjwJYJiKdLT9JsYTdi2W4WMZ
24FmjG8Luc1cTcyDpC4uT5NahaKH8N5nr8M4AroYMPyo
6ek8bR5RUsFJus1HeX4j3QLDdn8i8EozCH1DNyMo2siE
Fdvnw3Eq8nyTnUP7SFpgp6idKxaNPZsSnCKYakgTzGTm
9jdLQ1QyC43uHFhZVB7cYLyH8EdKyF9dbXurbmXGUXJU
CdXU3s7AFPSoqAdSq4fTXsDeTvgeiVv61kgSYDLDL2DF
FpSrQMhnYa8YRnEQqKstyi8DYsMvET71CPfnmJkBSSP5
FK2JSm8HV46i9wevsLUFN1fufWo6MrYzunXQ8HwhLM89
J5GywijGUUQuK7U6sdXEsh44TYbk4TkV7nQixc4T35b7
5sQ7hzMpqscY1JYkzHdf9kPwY1xGPoJ88kLoVqb6V9ss
Hn6DxuGA5STFG9q1ztsqKHk5YS5YwaLQNSHasn8ExcY5
3REoRftYSz4PwYrK8Xm47Ft7wsSmAysCNUs75ztr5vUF
2vDzpACjSmfT2mCY8MN4CcWzTjokvpDsZghSVVLLBKko
4eFnesqWFWAHtXbXMSJgYkCv6VX2xfDfXSHn8QrMfZv7
FjD9nUmzPPktL25Eax5CKrxyknMyFxaC8oTRgb7RvJbb
9nF2vqusHupTTNgw3quL4f3jorvPdJ8VBPv3Uw1xt3Mv
GsmrTBoALiurqDsxcMurQK9EN7pDbi2JewoDhJYH6Wxh
DWaAVXvNg9NcNUPLCwRbAhc8NVmFzSLPQCFuwkxgp9Tk
6ygk428uaLYS75LxoTbikJSx8yXJ9BQzjeWQUu8ehymR
bae93fAqQRbzRBwLnC5ZeDt3j5uX23nD62B3pwvpgXB
Djt8jj26RL3GsTRkrifq9ntxYJyUQsqRY8Sgkxns3dUw
51oET2dy4vCmZ1JMGYR9hbsvsLng1vcLD6z2AZp1uq1j
8iYJCCXF83iJc4sso2CWSWCNJ3kEmGAYAK2cuGEyc55k
96WX37vQhNmrYmE5UhWG1xFmYX6QM9X9vxUiNu3MtwYD
B22cgQ4fpdcAfbNSwQ3q7kNuKSDpGArVXi9Vgf6zEog9
GNisgcTZZ2WS5PFAEkVUbFso3wNe22cjhmZiEjGcqeHD
6zbHJGNdqq7PawynSgxW6csjVHAN9nm51uLNMZqpxZts
C4aV75Q7DxQERp7tc9Lkkifv3ripDP3eDwpEFXLrPeqe
Dg5gU6sFvZ59u37T4UhaxQBYeACu5uNz4UfdM1LJFGrg
74MCLCGZ6HKYja3Uca8UQN5C3bw6NeyNXF6xRqaWkaFz
54ZUQsgXKSHBRdWLXu2GfXgLPQtrcD1vn9ku8aFw38pK
4pUQS4Jo2dsfWzt3VgHXy3H6RYnEDd11oWPiaM2rdAPw
H3AmErw6iT2yDZSTbvfwNBLSgSADFchY71gqhfTYmPMN
