2Bwa85hWqiJeKgVhxe3wNzJh26RfZDwoth466uFi475o
75KCrnqBjxkGZgC5Rhp7gn4RpbqwGbwLjf55y86fVEpu
EPwedA9537C1Twowew113vmyhxsJSdwxNhHMBEGrJSue
7ZNa2orZhruGsWHe1fHWLsq7QhL515Pff66QZ9tPrCeK
5XyXjvMPstDeWR82iEFBFy6Wmt6ZQrPcXednSCTrvsKp
Bo1PX1WqkqKtWq9GXz7dF18i5F6ZzXfubY34SSGdvzdA
2D3ngyUrPicCEMt7FAwBBTjCjgZKB8EptApu1XESmkhp
HW7Go7ALHkH5Dr9a3uzHM5P8jKkzdzvV6DZ7ws21z2z6
DF2RtQ3MTFFi4WkozVdFbNxsT2rf5Ns9PzwQGCQYCrB4
6uT6QvaqN65HoexBVeyLkmAUbtY9KVukc22n9knmNemT
GRqqudm3H1kwDx45cenz84ytTnUC4zQ5tMgmyX2iXGLU
2CGVC9LmyybT38sQB1vxgK2Ra4Lp8SJtbhSref7S8ZAu
8YyrtkM6w7gRFZqf2LPBWzaktHhxfWnUq7hcMifegoAE
DPLuZnn72Lrv8MebDXeVDvRN5iRhMv7sSnfudbk2ZAZU
C1ni7uZYuZNLYu3iEW6FDLZNtzWQGuG2zb55RreX63wo
4aC5YfBYRCfdm8yPBwaJ5aDRepYDGnmbSJjo9y21Lmp1
6tdz8bG6mD38c2vrYhg8HQCuHk2BcnuXuoYeF1GC4HyU
CCa7WBsJ8moV6gL42srjjF9p84rLvbBM3G6bgx23ZmRP
FjysZjtKZp3ssJhUpedSMJDdBiBMddyKAd3jHf4usYA3
8GmAsJfFdPDDZTCeCvm9PYmEw1Xu6qxSqwNLxcTxKkmC
G4siBHPJvyzhQjfm3S3jFKkeCu8F1Dh9jWCNP7b9Jgjf
8Rg3j24oRgKu2XC5NMGH7j9D1TCjohXe4vUAkY8T8cLx
3fnjZmMWe3cUKuKnUVbHDUxjxJbPNa9DyNLUN3n6bZfZ
mZCMJvr5QjKkpwBhVVmgP5yB5Jp1xbbgkiFXWdkxHwy
CAJwrNbCATz2Fz4WJ8AwfCjyNvLzREFj634djK3gW4UL
ArXGaL3LTf8bf8LTyZeuFEinJdJjhj6ikceFrDDdkFxp
HeG5ttfi3xaKqbRJdMERj1qk5UPzS1WYmih9MjoMFFb4
2iwMT8j9M28ocLf6swopWaD79eoMhX8WXgvRiCPsHqjs
FFMA5T8f1MtUjfjhMuT1QezZALLaSPTwaT4gnRPdtNNR
9m7JCqc31oCqbTfUuhNqqCfjmSek7KTYiz4METbAhWzo
DmvQRBXUqThjpNDFVEbHRE9C2LzyCssxWY2tHbfFvfXc
AAxBw6YeAFo6bJKbjk8oes4r2oL3Ktz3ML9axc3rQiaK
HaTxJzmssK2ETM3ohM7mDyH7XYjwEpiTph4Z9qBQC63L
2k56vcEa7YfHr6N4SFiqgjSQnu9dnb99NiE7vFYNS1xU
2LcSgYuKteWukn9r9d5A6nemdHKzZysqic2HfCX64fbJ
Eqz5y2ReEJvdFjgvabKmFkLz8hy9tkLmtop6vHXSdYF3
AKD6bbV9L5xi4Ei6yrHswPs5PoPTeeECrYAJ346ZWFpE
8miZpj6WZCrNZ8Ch33RZQba4ierRMb2NL4XZH8vENoY9
DMforWfcbZ617rFsLPuJpow5xhnPHpNTpNiC6EtcvCc3
DcAXoDmWfetQ4ryz5eoNJsGcAxMgFZkT4rA1Cb7VyZFB
6gT3eNTqJBBxA9dCdLaQXk8y5edH5fsXGeAknVJDqk2c
EJeKWELKjMrUP9oP6qpHrjH5jcEmVRhwoR5ZXiAaTMi5
DMUThV2GfJAHYsfbu2qLytXBbuhUWLuUZbHRuLf7LFHU
DhibmpH8MCcxK6wBiRU4R5TQ3JnjuDtNWYcLZeVk4X15
6keadME84TmegYtU9hnLnrP37qMdMxvJ1iYtQKRRXiKw
3rDa14YbbdJccErsntKTCCircnpjmFTp3L8iuxN7XLCi
911GGHnYzvjgsMdQe8NkFUAZciKi33amMheHAyp31pnY
DjuDwPBoaeEiPgC6mgZ4HUPkdWyHQ3znFY2EuHpyFcHf
6hdnjEfD3AcXF2cu9z6ZDm1xoxtaqviYMYP6X3TMj8xG
3at32iFeyuik3sGrZK3DLXNtiHnDZEVbcpMyty9BkXBJ
A4zcrSFN2adHmwG856hCMirdAivVLrTrTMXL6jDkK4fG
4f5mmBinp7EqEGCgjCGMSTcq6BkG1wULo613frhUQYWf
G2WmzHrD5ny97CYDFcVpSE97Yao2skCp23UVDHeuZLND
3GnLbVaLLXBG1AGfjcdAMd22iGBzncaooQuZhrzXGPay
CXbEjoimGPqCYGUpjMfMNZdaAkGAybsBXwPLBQ7Qr614
CJbE2WRNti81FrqfpWqaHEZBk1iXCBqUKbQ1NRbYnwCr
Epd5tNx58ZssaDXQ62GgJS8kYvDzYdyAJadNfCoC8hRq
8A3YoQg5yMMEgpaaqtVisKacp4xVV2srp6rgHozNiQAS
2o96Zc1PTARBv1nYYPB8wqMmawBjYqmcYnSrXSGwdJTf
95VxX5AaDauup5THTpGJAYNqyWNzapHWjzJ5yD85PiiN
HuSDDGhrb59zcKaiPJA1GFoJxZX58EkNNP3XsCXDW8Pn
BHiRyycr2NYARjytY3zvreb7W6kopfAeZekUDdPYo23S
EknkyKKkdLdmCFYecZK7ppsMRjcpN7rdh6wxCXiRB8Jn
2xMeQGMbJaYKtCvcWL2hQHz3AGi816v9XShRpq8TVu46
ADN7zw46n8ELUnFq1iWJxY1YaJxmbXGDbuy9f7n7zHwC
3vgVkfGdoq3sjsYcbihwXcBC2ndMkFUg2qd5P7p91Ubv
52zbeEVpzniosHdGFnmTrcgqiVVfw1Svj9A9KAsNiiH8
9eF6bqRfqDXEtvFZcxSKLqw2jT2XDeX1feppKCw5b1S
6svZkkK4V7gQrRUehYMK1esyx3hDqfyhUJAz47Ag1MJg
2WCtJAKChtcjCEhm1jMEQEZTnLgj3nJXQ3TPVLDC4Xv7
Cr8DUT7WKMTUK7K8NHLNcEXx9shFJSbTrVxmDoyu3awQ
FBJmZKiQFLpNsZvs98o1ym1X2WepYnmgtBDf6E5aWqbq
96ppZeGyiNH6Q65ztj8Qy8irEekkKfrs87qhXxxAZ45c
2nVm2rSn9k6XCx4gFcTuDmn6RNWzxianAVtARwWSGVBZ
8Dop4Tr1JKzmVTr6rmmdrtfyVaqr5UnHdtMNKFez96ah
CRMz3FgxaAPf8594AnQmSEWMj46CtKS5m9tX9RgkRBo1
28J9gSjvx2FWVCq4gYbEAnhhyEiYZWLNFvPdP1ZcXxcP
EPx88EvfXi4SUMFTqUZuUPECzJBr6jvKnjsPiXB4jVbN
FX4F9EhJ9SZtKSSVZSzYR1L5Sa7K9LAcgvS2PquWKatK
GHFn9LojMuXttbpg5S3h1XWY8QkxHLr6HrpDqSBuRUtX
CMfANqWr5UGYgbXckwNiCoB6cRiyxJbUZ9NKZMg5kZe9
5UJVpETqN6FGtSGe5Z8Nyh3dS25ULa4q4APMJRM5teCL
142bM7fJzZkH5kypxYGg8YhXZ6oZBE67WAkRA8tUaTMB
8L14fZMc5thLmJPEgr65K8wsy9yrekNxDcSPPZke1fmb
8X9UG7rGSNHqneySCpWhgHoSVBpJsvYT4SMkztF2yPFb
H9VfTMqd2FEofnLUcjFkSm5Yvxq5WbJNEpurEABaz1vH
Fw9oazcLMjs9ito5L4HzeCK1mNjhJhJcqZa8hmYs4k4F
FSGnTiitwvAu9R9zMLqKkUGX1iuTTcybb6mia9ziLb6B
FkkR8m9RPa8acUpmTDH6tfLnY8i8fjvSsZLpDWMHB3vJ
DVMMsDp3ZE3J1R2LRg3LFDGoAYMUkWzFwhmefdKH5LXH
2arUnvW6BFTzVre4567PS5SWwDXNr2hyo6fs13p9DZTf
FZrEtnCkkF3XJ7UndpovmheRpUmZXZtUzXXV6XJUvMg1
DzrJKsysAKv5V63XTJXY71FGbPwNjaCpMyffRZ6cG69Z
BsnNPdnjTne1vRwkCi73GFQUaXpj4h2oAgmK35j7cZW
B2UdLd2nJPmt8zcoG4Mw45mmB9r6c8ojBZTbFZRqzQ7E
85bd7Lk7yPXXUNTFPUp6nAqRMPuyv1EvtjRYL1dXYkik
FoxEM1yXMC4Tf1b7ZqAYecJbzSeER5qkHdnLxAWDH35A
B9cU1wiRsWdcjf7GkSgv782RV2ZniGMrNATLsqozguD8
4SDjGTKfkRcmXSQPxU4qseQD6NqZpuLc4uU4zLT5uWp7
FoZE7znENVMTy8mm6YMt4XATJbnrDwzKVQP7v7eWXXoT
9zzu16HrZ6ewdeB61mfYVeuFRA2FTfd1zBoFmXcz1UG7
4RUVs2gJJog2dceBgvxvBzSp38JWcy9nRnt5jg9ts1TL
HScziohqSfkS5W7sYjd5EEFUKsFDiGV8fYGgXaCmasDR
CcABbB7LGamgY7DJGbVBncJNPFTeRGMjYfoJEyMnvv1S
51SvbXdRnGJ79kVURaFWTw7CgevoeY9c5GzXSzACbCSj
FsKkUSASMmkyP9vQLBAr5xkusTH9cHsWgsATJgkxkJss
8eiwSzk7wTtFg4J188tSuuUZCyqkVcGRypFozvV9uZLo
DZ91XW4uaaKyjp89VV6GwE6ZEjzTvKBRBh12PgT5Ukn7
Emnsq3zk3MSMUxTApcurZVmBRxSVhWkiUpSfqjxVJidS
EQXXsE8bQH4s19DqTU2hmBmbkkN92CseChTELrNZ9cqE
C1RrMxJUipU27uqsTAwhGq33duLYrEoafnPUgbc1bLc9
Bh1FWkp5LyZZU5qqduANomX6cqHFKZ7CsURTHpVcYPav
91Kc9Gkghr94jbNeXiyGfQ9nrFfvgNHUqnu8PVS9zjPC
84s1tSBM6iGQk92ynuvvFLT2hiKLCvcBsyEF1a3yD6hp
ERFLUKPreAHMgNVc7En73fCpMN1Z69B2br9PV8Xs9Peh
3KLZCZGecmrqfygKNVs6vMcwcp4i2VdTPpDzUYLGn3rD
HoDLwN9W7bg5d8bSwCeiEpvW7JHSgDqsS6CJzjqK7ZKp
E3mxX1poazhZv5m17dyMsdjgxYEgscnqqsJAqBEFYMiG
3cMnx468WgVFyLh3UtMjZZy3WwGdFp2F5E6wXyEejf3C
45t7phMdsJr1u8xDvchLPDJWb9QzVA7zm8SKPJSxitT8
GDMMagoi3WUCbf7kRKgWMh35sEXkrujyR1EAjNw2MdKA
BENCECnLzama18YXLwrvELwVajjjFviKgyjoDLXmF3bk
BQ4PWHnEdVhqfGruuAxVQxxzGZjueMZ4GsWf59U8Ckdb
BYd1e92RXHanR8nBkyKGivSQfcY93UbayfkLbf9KpeKZ
EDJDGSSULZLKaSn1ifdR6TkXog6qM2baLT7ngzHmCH4b
DkSz2ZzHGsjEAJhq5K27TBSPytPkERosRWGB4H364Sb7
g5mao58tZJKeve7ggaUtfVZJzZM7t4Pwb9FiwGqsfBz
GTCtPFCgDeG1tL4GAULXWoYToxap6tacNjb2t4wQLRkn
Fz7GsLTtBcieDjp1AmzrUpFrMuHZoXrMXcsCfq7r5WbW
B9pZH9AtqQacH5W7JRbz6uA9BMduMideBTww369rsWT8
CMZ5wyqzN5kbyDWGFQprbsDwJyD34Unxm5npycipkwft
4rPXaan4vwZ8hnQKnG8jzegD2xs5WxDD6ek3RtrwW2V2
5zvyk1A2qV9Mpe9DFxqn4oVcupAQqobJ6HSX72uJGrB3
AZLhDsSQLk3xuFWr6rH9Txn8AAyh6rAXzp7dgEFL3kKs
BSE7QoXUUxH1GY1pve4uavns9R4t5yFsfoCxfoKcr3yQ
8p4wPq52Uvrvn3KPZdYT3aa9K81Ntks5y82R2iS1vGW2
Sxebt2hoQEvFtHKELjM11srudkE6n2RXS3MtZvioTgr
2p4fvzyYmWkXvbZQCdu1rjYHSM96LVW7XGKhaHk3wMwQ
9DpZxsodwcrRtD6ixCQA8Y9sBGK9goywfUGCi381LqgK
5RvFMbM8uze6Nfyk6RNUe1EmUBdmM6QXWndN8Fp3YFpe
F1Hq4WTHj7pevrPPKZ7fqBkUjW3RabsGHtGUhBk79BYK
BUpbS6KkSdt439qvtNReCK9EDmK43EuJo1KQMdZeC5Zx
B9dwZa35fcCVcyMBEepjiXp9Md5U7KV9qEAkP2Gt3ypG
4J7uB7euVxLT4tWEqxW6CY79pfuM6YhVLfCuPznv95R2
ANF3eQfQJh7PATxsED6fk49Q6NydNBcbFHqKqq4jE5GX
EQhPYPjYpqqhUsFWfqqTKcPZWbxLHWWvhKELcVsBc3mt
A9iBXKbipXKEoKKdTXJWgrNq4Knmq5EB74D85SQxGy6H
2H56U7eANjmu8qaq3poD4PfgZZzWF9dVR9z18BcTd1Vw
GzRDD7brME96QFUDC3DDVzLQtrBSEaMFULLtp2zc3hvg
6rdHAKuCxJzSZiMPc7ScBKDxGxoMwZFLVASRAzEcjuNf
Cs3WF1rWTpavNgyffK8x3srvPDgR2Txpgc9VnsTSwz3M
HsiPrDLjeipb3BhQNU9Jj2jwZFNYaqSY7UN2DrnCGedt
9NdWahj4gUFc8PqDzyAyy1Y4anCEqMpJSDrkaYofnzMQ
F5FG8n3LTw6VLBBhbALaQu4esECtcuzAGD9FLk5wKkbJ
65ojtHCuR8bbp75wqLZx7qxhqTbG2PLZEy238ormmwVy
7q7fXY4bgkzFwiu1VYDuNYyxyZNA51nfydv3adZpQ6zj
Gve3qdv3jFPH3xYgG1KtsiKko5kgsU47uwSQTwmJ8dR9
6oCAAdzZTzX4aMjHXhKUm3cgAeuJNXRwLiriqZSvGuEv
7xtPmK2Gn5vAbUZ9C4uscNaSQhMw1XYYyVVsXVutB8ox
3LLNiYCkgh9cwaxzpkmsXUkXEvkMGn7Cb17DTLJiP9a5
UeQfdSk89aiKcNuVju52k6kDe4kkqedqpANeGMxkEGd
9fTQVMJM64jRApSbvatfeoTLyPXEgUneZwQ74jhqf3tg
3VxTVBL6xYb9HYsVtqDDWnjmgmiM9NxJG52W68phW6Jp
2AMeKRAnMUwPRXiFdJKh1v5gCuy7VTvfvMWRHV49e8Bo
5vYC1iya92entK3Jd9xd7x8KJpwCbUQWKodcnBV8A1pG
2q6c6p7CwPF6WEGFoE2qWYtGKYoufFy53MVHeg9G8QcA
4KQusWX94GsQWz3oEcAB2qHLg2XmKsZKbizcqCXtHk39
HHN6P5KcCPH3TEBjboc9J6EgS4tCn4mWDBR5GcLV12S6
3JX2xDJ6VJ5MCVXASZQRnwSnEnS58uVRV7L1emMWMtoU
FrnDe5ye661EWP4jfFnCkrqyuLNNANM8ZJtEkupgS4Wf
DMHyuQD4KK5bXUC86npGHxJfbexfSrS1qFi2AZWyMKfg
7Lr8pouF9RHdDfPAdgbdVXSAUWJfeQCrhkpm1Wo2wwrk
29LtuVGLby5SzTR9qXNoDvJBPTQuBnxwJ2hQFoYH72ED
8AcfxBUjx3S4etzfUiVmUU2LhTmV91uicmLE1zeQttYJ
Fu9dCnmymnodSD1SrGKYGme7baLx3szzFXXDbWMyyUJ2
4Hcy3fd3TN4rBzheToQwTD7h7mAtzHn3HaYpAm9gukpA
B4jMPSuhxKv1NCGAYEgbU9PP9UjWDPQ2QHb84L1oWFgQ
Ac4dKUk8HGEnxLw9iYwkArvfYuPAAxk2d98qiwj4qE7K
EUQsCnV417n4i4KgR52DLxki5cGRc4GukrnHvkXgE38d
Awegfyj9fwx1d4w5Pt1EHksApx68YrFwwPpXkAPWzKwU
GHi4ngXJk4e8XE26a4daJzKkvtmVXdWaMqbHLoGvQfuC
DT5hA42WVEqQCdMsvN1hSUVca5mdpMDcY6pqG575zUFH
9AepmqdpqtMzxHcMDFjVsMjRVnrpMkXjR4E9oN1wDmiw
AcUgjazbXj7TkJambg8jnvRqAqcbFCZ5AV7Hi7pBkxyy
FGRgF1KSAjCihSHSiFqCBNJUUFXF9VACKnQ9YGEipfW1
6D4prgYTgP6Tr8AUQiwWTCp5Bf6WpA6rABswWo9hegLE
DcT3UygGF1QCm57yaakTvDgXHevqMMyme3hyHVULBYbs
En2CoifLmQQok9pgEd8pQvw8eR3YSZ8jjxKPcmng79vp
BKC3VRZeXUYTU7oH8eCWx7Bn3yti3WuGzzt7QWF9svRF
51PVxJ3zFie7otf9Cgy6Pg3oPijAN23Uq8wRT1Vpu7j4
EqSU5Nm9nqzEQuforNeMQhnzxppoo3vyPCpKQETU4Jpw
E42khcGKU92p4e7BijizeGSYuqJR2eks8Ta9CQBoztcx
533ndHUBW23ViBVprGmTYXzSbYVczrRVFk8bvdmgFoRj
8LvmtV9CpzSWZeoPTTnFfA4H6KYeDpU7EFRoY7BAH2Tm
5ud82Jm8znQvNrfrj4Cc2eZ5cve6rbcX6e8FY1w3ZjtC
5YbfJQBicDZVF7CYRWZzZzpRDL2B5ZK4zAxAHz3fSMsV
3JG8FyrqhvMe3o8xJNWGA8jEwdKzHBaL6qLCbcszuDoD
8DvZLj5v3wMPzQFJk768FddA7FmTdy9SRJNGiXD6Hcgv
Hh1PrDvCyVVA2auCd5akJsfAUoJ2XExDVAYSm58giydn
ArprsiymEirrYnSrDKwHfRorsEgocZq49ctDX1qziTx6
22aFCdDdHssdHnS3eUQ58VFd3zHR9Y7GRsmEFpC1dJvN
C49Y5fG5vwYhna4T9EGRy85yqECMUxNFRd3XxpiKq6hP
G2mHCqvKpfRSzSzXMkCCbMuyxLvh1rMRQHxsECp5dYpx
JC1cxHGqTo8MHiW7UjK19pjvfaEAtdT6a9XfnNA3Rhdg
BCQR6dFZiygCJ4ZpWkhhFaDbctrz5o417cCjAopQDGxV
8q4kgXCasCnt3e4QbnrdXpUbfZ2MEBPTHuvpXgzoZUj8
92r3zUUJGF52tbfmj35Sp6xoyoUvZKiNYYKZqEEpEhUS
8Q8zTEtbpAsatBxpo5hmmCSxLRYfyQWHDVFzR6bJBXAS
4pfr5DDPb2gkWiB4tqh82XmbaYQ58A3i89gZuGqYwoBx
52iF7PZAkjrJ1DJpGM4PxRskBLBzwV46vFP3xtB5rePa
GGAFDTPQm1yqmGiH6cYjHQ1kTDREaUjocRHML3Hay4oy
81PtsFsqvggdhiZwAS5Tb5E3ZyE8v4g8zmscq1QzBGrh
BebbHqBzXCQT7xkxgioqGswTqPQGeDxrPU6XoHDcSBq
7H6kmABixBmbQLKKEBR8xbxLee3CdXZd9axKjxtM8Jey
6Ye9qtukvToNBM52Q4sKF6AanK2ukZFwft3neRWo6fUn
246cFKaZufryH4KYNavE1wwcgi41K2o1MH9XicTeeBeJ
7ewjyZhaTYMcGgH7jJWu67fMqiSXkwpkNBDPJfQE2JEA
3kbBB4Pm42w4SD8NozuCc6qGVamknfW7ywFK2pPyM9Sx
68M2KejsCpg1Hxt8dWgA23MzMu5p4YH1CDrT1HAqp96e
8VJAT7HrPLECcYtMhbE2yYn9B5xjib2fhFSqLMLDyHzz
2yiUZHH6BbjAehtbbdZ4LwBaBYEPHWVTVb32dSxeDeGY
FFwmzp2McU9AviHYew7iRXfrMBMkeP4yjsyp7kLZXeCv
6uAmtJyvsXnwKdsjtHande1ZnJtjdjPVt8RF8iRbxzCT
J5uVCtCUMeuPTumyDcNjFaWeZ8rVLA9TNqDMLWja931s
EZjdf5E67BzwyN2RWe7yVRWe1HddrkLWmYoNB2aRv3sY
4tfE8mVj1qESqNgmMSgyXCUFbz5jwq3NUs82hJiWd8uF
78UEKGgx8TdkPFP47vgYX5avjxgSnT527LgisXasjWeh
9zTeqDEoW6ybBNR7zX1AL4hyibej4mmE5mFUChQBPJqW
965PiWkydXKRVLZMkQ1cS9FYB1NjFajeV4GSFRy47YKN
7zm8ryFcc1EsWEZxWvroR6UyyAp5DzqN8F6wXiHpawSx
J6pxR9LRgKrtSzh1XrTN4sqgLceSizCJ8P2rZhdhdvFd
G4NadaWDUeCN89hDmMnD4pPftKQxbh25dXvE5WcmHy3r
4minzYRXT8NqnN9c2ubzMSACN5LZwg9jZm7DoDYV6xAJ
C9u98n1WPiVSS43znxmkDmL8XYECkFAwUijKJqs9mkht
Cd1Jzn6C2xumK7s2q7QWK2xGP19STPzubqtggMA58SJL
CBj6SQBNgMGfUwUQJ9UFHxqs3LZFTdTxBDpv8p6YScsk
6p9kd515NndGzyWqwYESoNbGgioHpXPFfhma6UAsyZiY
7oK3tAfELQw7eQTT5CLc441zqqRBdBhqwe3hPKzeRBJu
G7L7tWQfn3i1VLAYsq36VMrbT3PKCbNk11HsHG6GCAjo
5FfQ3t8ey4zu8TFBNC34JN6geQwFyWAqmjSae8v7oMgD
5bBZWd6rNo8AdbhsjpBe4pEcLZgsY3i4LdSQAFKsharJ
JDGi79zaWkVQRMErMDnQ3xN9ARbAj8XRAbW1qHNSq4tb
5yvXQWsEwzvczMsQ8U9yueqAytDzgyH8BwGNpZAS6yAS
6FFViNYgSps5t8aPNH5yikB3edgmpDfCRmZ974vYRUDZ
3KVCdVDAMy9FCBU1zUJGqEv4uAedMazojzmhYJguV54M
3heUFvL317WVoxExU8sFH9a4N9wPCVSQLrFu4F1Fgfkw
9aagzYBS2jop9KVxoctDyGgdyLxiC9Jy5YgJAEw5ExKN
FWvSsgE4WcS7pYhuCuCJ4EbEHbQ4PTphH5qX7q7E4nXN
J8xZVaVMi4xqwQuik9oGXbTBQsB2dPLqVNBZMZ6N83CV
BfieEHUBdVFzqnNYXBmyDjoyJghrWKekKzSrPCh9zadN
