6y4b8kKXNSD4dqGX7Y8HTBXHaqV59n5tHZyX5xacez5H
9nF2vqusHupTTNgw3quL4f3jorvPdJ8VBPv3Uw1xt3Mv
97xAKp8FjyXkiYqTtYWN9ArD7KxTevzaCAo7VCcwLAsK
FpSrQMhnYa8YRnEQqKstyi8DYsMvET71CPfnmJkBSSP5
JypNmtyb7RkAMgnW3mpLk5MADh9LsiAX4yZhYa229bk
GryqvMoqZFnmTxVMduzUQt4RtCZZCTKRZwLNuL4KyKsa
DWaAVXvNg9NcNUPLCwRbAhc8NVmFzSLPQCFuwkxgp9Tk
Gqx9qjwhda6NqcYvF3EdKMqnMyxsZy6oN7tXZHgMUiVN
9ej7a4re5ZsayUKYpU91q5UEakEjCwK9mFb93zDAKwUM
7vuVQPximUB8afgfnjSfmxkQugzSSJAPfsaVrPgC62PL
AEUto3eFWHLAmmVRq3Vo2fmHXwte525jQGG6D7pN4RRd
CtBRWVTD5iUPgTE7213y31ngk66wFaUzx4M4cngqAHTA
MvogSQTXToXV7MS8hDbvfWGoELDtR5Z75SGMUNiUddN
51oET2dy4vCmZ1JMGYR9hbsvsLng1vcLD6z2AZp1uq1j
H5jbQTiL2FVxPihbsds3H5FBDCdm84sXP5on6p5VWNvU
7dEHcPjm5u3ghorGStN6TirTvNednPhhmEjtfVrhehzv
3z6u9KG9vmnKG4WKS8uZEdtpbmMQkJQAFwkBcGT5M16P
EWC6ESChdBqExhp96XPMLXR65pXP6Ftuh1pPAVws4pmk
DnfJgT1KrboU1Y8ScCxPHsayxndo4qpxZKUMgtaNuJ1G
6BCYUsacFYEd5VeD4hEW2oqXP1pM2g5RGoffXGBDe7RV
ERK8yW8EaPkbo8AtTHuBQE1L4bQfbLqVTPengJ8b8AaF
8WYRXiQXQSoAMw8A25HuTiTmkg2Ax5YTaBxmHZk6s5LY
5C9tu7uVVvPj7ji9K8hDSNsYSpc5cLgbP3W1QxfW9n6U
7KbmFStnBVAUB1NRKuNFdhzXtj3mfAT4jHLXoFvFFSaS
97xAKp8FjyXkiYqTtYWN9ArD7KxTevzaCAo7VCcwLAsK
6naqivpSkKAvd1onvT351UFjxJFqW8RmTNH14K8Eiaff
6ykYU3fWNQnoNunJKDLSVSZWCMPoajoE8EVNzKCYs9qT
AG88dVyfRoytjBW5G4sfCCsnTa95bJCsvVtv44PhPz2G
2qXqig6b7BWU6F6ZERt6AnsTWQHT8Lmc3nocGoMZHZH1
HZodz3HJrhXymfQAXvm8H8KenmT7rwGogrA6X8jag2oy
4FVaeboZ2S3MGgKSfwGTJQV5CbrhbD6aBV9m7MXZTAk1
7VjbfLcWykKP3ymLFD4KsutjYvfPipVi9WBYHtuaLaap
Bg5J6ogzzRzUpJDd3KwEfHEnFwzUQTVciGMxrWWFfuAq
5XpPW7Q9V5XJNEfzewJ3zAnHqjhwHkiTn3Ee4AskmnXJ
A7QEhKyS2fpmafFC5gvhfogPJTRZsEQk9JDMfdHiZqnn
6Uz21kYRJkMYayehzi1VB3Ub5zojwVyGhcdMA6Stmp5r
97xAKp8FjyXkiYqTtYWN9ArD7KxTevzaCAo7VCcwLAsK
F3j8ERCWdMVf4NcxtXuStdp5RNCB4gvysnyFKEQMg71b
6ykYU3fWNQnoNunJKDLSVSZWCMPoajoE8EVNzKCYs9qT
2XQUudVBiAuUszo71JcEy8HN9JECiLmNv5jdACe45rLr
G4yn6VjDQoRRgqKVt1fp2uei3rFHWWKA5JwWPMM4eCgT
9ej7a4re5ZsayUKYpU91q5UEakEjCwK9mFb93zDAKwUM
HTfLTVdc8BbMQdahjkpPJJUiDdpZZVbhFX7mwW4diZo5
HJsUDfxS8FkrgZb8ewyGPBL7QKYdDS2VtXeZLVBCW96U
Cm8cYtgtfyULCzisqUnMg68aqqi12PGZScouQfJRfrG3
8Hj4C4Row7TkhXyG53NaofbaJW6xYmZCpKPzYLdNGJ5P
AcuEg5PvtpxeNEAsiDVjUAjMPdqMSAsyi3qHekqpBagF
daVrL4UCcY8r9H36wsDCSeZDvL8ui8nfZF5fnkFH5Pd
B39xc3PgzU4WNnWZDoqoDLW9w61PpA9zUdrCp8L4RKt3
AGL2LQTYLsCZC3w6TLipMXkMDqpG2ZYtmKGFZRodT3m3
5my1AKF9NNiBYzFdHEFqCNEt3zja59jh7AugpSawC3mU
7tMyU22ViPrhY14fy31bSmTsQK6rwc9q3Zbq2u5RkZis
BuDg39eXVbSVt6QEVfxkKPk25Bap55Gdeif9xh4AFaa7
Emctvfv7Nu151mzDtFAVMYg7somSK8P83B9TWrm7HpgF
BBcnpuGSbDbMhZHugVRhURmfdFWkieXskLyHvqcFMsbT
AgPhAsvcwPfT8bcAQxfyvymHdS9enkCzHDZP67ihS5YM
Bm8rfjGRXi12hJRtZevZmao6tETmvxmbLbrk6d4HFEGK
2pQvQF2WAZ7ZVx78yJpHyw3nVHM2kKAoZzve29yFrqRi
AEUto3eFWHLAmmVRq3Vo2fmHXwte525jQGG6D7pN4RRd
4bSP9hBtaFBWtzyftRy4UNJwwqcAd2QWNXC61sVf7p5y
CNbzW6od6C3YMNLKpVUGUtxDHjTn1QzgwaDqmvEj9C2E
HQdfvZQtRTmyQKftw89qdGkN7qq33JJPdMDK4eiyr57a
EEUHeJFM6mUeN44v3kpepHXXBcGY8xV38TjTNxHEt76U
BcwzmAJunqVo7M9PHuUn3srQJX73bd9xr5fJseCDGAZm
SqSri3CM7V1GLSoKJJbePSt7UqGpEpiwmhnsJjsf763
6R73ZhFAhDgf3PmDJvWNN1QVY5CL2QaB5iFyzLm99FhE
73Z1WZL5JsbU5SVh43DCXhf3Dis1F2fx1FqihSm5zKhQ
7s9uXAyZ8cmpnc4ukL1WEz6DFEnGy3vdiHzFtcxeXhb5
5CjuGr4367okukGj6mUQehRzd62gYBN4yu7KuYDxN9LC
DWaAVXvNg9NcNUPLCwRbAhc8NVmFzSLPQCFuwkxgp9Tk
51oET2dy4vCmZ1JMGYR9hbsvsLng1vcLD6z2AZp1uq1j
9rrTtcPunmFtuz9DfDXRPWYu39hJkNXHxzhHtyTzaTg1
8BfdJ4sUNthTpoWbKhaCvZidRwEqurZXCLM1BPyJfkA2
7fcwxQgEkyqWhCJq4B9ViKCnzdAB4tZohJ8TdMLxuMzH
45cSW7DAVh4SjGVL41nFU7anfi3ab2RjYzSvuy2iHBCF
BjvjuS13q1R26N91RNxTg9vmUbAM7huCwg6V5rU7qev4
DSrczqV5wvoBewQjYJ1cf7WTMxGjnnfyEpx3dvXogi7g
F9zgbUwXiedzPet32ZBR1uCZ2tLNreRX9FJfL2D16yTd
BA7N78zwguVEsumBr2DBvCY3B28xj6RY7NkTwRVWvcun
54Mo68jPMSBhszCC8dUA8hJEpQxfjGFyCcTFGDJcTbvX
51oET2dy4vCmZ1JMGYR9hbsvsLng1vcLD6z2AZp1uq1j
Gg1dcDi3gUqt1DhwLKgUWRRdpjgwqVAzKDXiKkCpd2H
EhLMtwdB3gSM68fesxbiNiXVHdpAvioTCq2f6sgjKNGB
Fni7b9HLdAL1fPNHLYzQxAyZYN1y7MVKmjxhn8QnyMWH
9y2rBRPF8DyjmWaPH28T2RVWLG2yYQaF7n75q1wdRTJf
73tF8uN3BwVzUzwETv59WNAafuEBct2zTgYbYXLggQiU
51oET2dy4vCmZ1JMGYR9hbsvsLng1vcLD6z2AZp1uq1j
9k7MozeW4FD4uH7PNjVugmwUuXAyQAjY3LQqMj8y6WRT
DWYyT5r5bSjfB2bFc8sXYtFwRJ97iU6Qdn1sLkoh6JnG
55YfFvwjg3A86gqMZ2vAie5eJYjbA9Xg2vqprnh4gYwg
3MQyT4Nq9M1XT6NFxmBT7niExnxy8BXKDfX9zC6LmP5c
51oET2dy4vCmZ1JMGYR9hbsvsLng1vcLD6z2AZp1uq1j
nePgPRzKgbp99JRHtNPTudp8baVoT9rPE3S1w7gxDSa
2UXPd2WtjS9FzskPx59gVce2r6G3gfSPP5w4RjbSEfwV
5ycVUpjd4zxEpxWmAhzAt9sZgzWSbrbKDRcan8Zwu1me
937u1h6g8MNS5iqZdEE124t2FdqKeQda1FdoEPTrcYPv
5Cz7GSRKnuFDaXRHeNJpHC77aqU9BY97eXNBBCVhckLZ
BxCviB4hviwgAXuZscTiTQcoXd9pF7CdctqqNw3txKkT
7t2o1NiSMBSbVAPFUdSkzJSaaWLERVnuaLtvNyZDSkj3
CakCB2mYApvhtzJWgmejHjuTAVDGbBk5zjzrDctgkxjM
AKS8v4KWzjNevGAgDEHgytPvVVv8N4dVGz3wK3yxhbFS
39YD5rZrsz8mSdtyVCfwaG2cAh5Amq4wDAgqZEtgXLRj
6zwp2ZDP32Y2SBCDJd5AjdvqfZaWGjPK7jTNhnSSCwB2
8ZuKC3kiZD5XsWV6Rd1nUn5YtEFXK4s8xygSQACk6eWo
5LsYixox5LC5iw1axsSMey1g9wyM9d3BK3MYTXu8pdsk
3LoqWSBGfUzPwPzUvyz1gKTS4FnQbqh71S6MzgC1NrAN
51oET2dy4vCmZ1JMGYR9hbsvsLng1vcLD6z2AZp1uq1j
8JT1upRY895HhVQSXjgHDNoP7EjB17x46ZZUmBxVrBM1
4MYxCzrMbXFaRAJSUHS4TBcVpEcCshbdvjFnR87oZCre
BtHKvqrVTqWb9MYvZ4GsMsg4mc5PhgaYFVdZnCwQDh8X
HMCuUsfswf8ngtNg1E8RgpcthsnjakGfSptKNqyzBuYb
EppxE2vDF8cBrRmJ2BSYiJ1JtHcPFV48YR4NkRD36gHZ
CTEE3BmduNrhdYvbJf2nP3CDyDBiuamL1JaoHP9DrQA5
9nF2vqusHupTTNgw3quL4f3jorvPdJ8VBPv3Uw1xt3Mv
8P17pd29uZSPzUn6QQ1328QWXqpG95xy8djdj679qPDj
6X5XvFWe9NVV8y7xtfvVCXLsjSKi3u9sc5XxHQpwJkxp
MvogSQTXToXV7MS8hDbvfWGoELDtR5Z75SGMUNiUddN
2RP82osoJ8QKLa67eAZELWkqCJbAK6iK42E4SLytpsd8
GX1Vmx4AecReyK1QxMMkWhqzgGmNs9HUVPQkaDBTDvkK
AEUto3eFWHLAmmVRq3Vo2fmHXwte525jQGG6D7pN4RRd
DMr8JXybdbK6aUWum7zbRdZ2ECB4u6di1xH8UtzkyF4n
AyCkeo4nPGqVmEagSspU7oN5Dmq2Lnj4kGBa9Q9nKVpX
7BniTzrcyLnUKtAqjzSJjMuQkh2QWx3CAEUapuuk362w
9T5HG9sttFQ1wfdgSHR81mWuHtMDEc8UN1g1zEPKENDy
D7qcUa3S9WTsgpqmJAfnUfFFYqbsoPKZgUWmwvYmNvez
8eeWesjTSLG6Hdy6GV8bwjrBCEnwY15LWTkyHtGtsUB3
6iUPQN4JpLAHeofG74zXnNUmJeFFcDArmDUSu4TQ4qhX
CKb1wznwqUMF5fXT1eJ9KG8E629s2jfp8ARxcW1CjXft
5ycVUpjd4zxEpxWmAhzAt9sZgzWSbrbKDRcan8Zwu1me
8gChtKNEiUGRjKzmPBiBjeYKzeukEsxY9H8SrBTdRtYH
51oET2dy4vCmZ1JMGYR9hbsvsLng1vcLD6z2AZp1uq1j
68qZUb4UviBobRWxaMJQPjGzEpVkb6xuY5k3YMfU5zCN
23XNgo4x5FwiQbN4TV7MZ4ssDgQ398vrpkfD8F3S8KTj
51oET2dy4vCmZ1JMGYR9hbsvsLng1vcLD6z2AZp1uq1j
Bk4x49qNPR33QrhrCfKoUQm5dsFNi2YmPK5hVTVQT5Lm
CKMDD7Xp4pBztCG5G2utc3kXvFqPJ17HMDPUwhLiHzhM
6RQ64dcHCYaEDEEQ3mFAkD7FJKky2mKh59fT7neYvVnP
DWaAVXvNg9NcNUPLCwRbAhc8NVmFzSLPQCFuwkxgp9Tk
8zfdGUKpemtzs2Ypb8reoN3A43o1ZkbwFCBNzpUeFeUo
rxuqLTYAC5quzjBUcUftK8mzhwGGFNByRvDf3A9oQSH
51oET2dy4vCmZ1JMGYR9hbsvsLng1vcLD6z2AZp1uq1j
5LqNGhihihGxEjhB39uadMXCSsycsrixwdvuhR6C8EKf
52dU9FTEdfmz9TL6k83PXnMsq2Dp7e4MYac86misgKvJ
H7E4JB8ebHaoKQe2Z3NAwXniKcuy7VVuAoycx7PYAbE9
DCaxpYXpNxUxFcaaGVfVY7dYHT2BuBPdLAssdvCqrSsd
HegbXqdSjyAarH8HQ8N8A8WVoQF1BDLRiK7GENaZyUCw
bae93fAqQRbzRBwLnC5ZeDt3j5uX23nD62B3pwvpgXB
4Dt9sfqfUckUbR5vgYiPzDoGUxbGqYp4T5iKZySnesSC
J5A3v9dXbrMiSBSFSTKfFC55jPwpn6MaavuDK5Q9UAn8
6aVxAU2nNjSUmDkSy5zgavKcZNKGov3xhi6tUPLnULLp
4nUC7asPNFbdiB4zQNQjY5H2s8mE1ERobeig2KzFhi2e
DiecGKW3N9yFQgmYo7wC8VyvVtxycwqrNyhKgcCeD9hS
wwrtGcAT69vjkhsaeHPXqjCQ83q2HZaqUagPKs5h1tq
2iqr74o8U1DgMDs8GhSj3kWdC3HTtgdx5TGhk2SswwEN
5NeRMVmKVGEzsKS3MqiVS9iJb54hxGVNs96eAhz3afH3
CjrFwV2WFEbSiXaUm5TRznxSK1WyXtKVSmQ3ChirKMYK
AsRzkcSsQCum6Z6AA6onHkXYMKXZa7Ccb8AVSUdSYHv2
8JqwqS6TfmeVJGks1uMRkHPi4MDJjjoHSmi6nS5kzZPE
4imvcSxxHN6hyWy1XrxJ6Em67XZDVmMVCETBu9Z15Wvr
CYVikdfqKK1SmPasR93k1p6CntrmqGW4YcoSYQQ2TeVp
KwQ27yEuXPR1mhN8tTexSDQ2VDXJsZTqpf7J4k5ireo
6kPujZJwhfmDYewvDfphyrpxDrFYwwPN5ZbZdQ38ZRRB
2Na8rpQE5255GmmcRBmX2PyGNzyiic7n8nN7stqqrU2Z
KWGCXVnaq4KCsHAW79h4RFVbyHQZ4eWht68mJWnmfg5
GBEFY8zJk36aE5TNHQHpCmcMnSmY7VzcEt2upUsxRWB2
6mv93ppVKCfhwZkoMJjjQUuHQECUA6KS4SkLfteSaprP
3eucHmLaRJzL3d3rzYx94KvxcVhR4ESLo9R9hhb5Snbo
FEb2mS5yuehe3rNwf2gMJedZp1utR4cqfykinQQXfNgR
PNUazbVrdxgkHu9s864orN2nPAD7P6LbdMbCbgLUBki
BxCviB4hviwgAXuZscTiTQcoXd9pF7CdctqqNw3txKkT
8dP7pF3UR7aRGrkgshVUjodLrjg1MQ4LrnKFqytrdan1
EBAn1DsJKwurYoNZuezibmYa3siDCQqUzSM1MNzr7MWx
EY7pJfQMfQKL6zQ2EPZnyafR1ksniPzNB6WqB6Hjk28K
5nH4SNp9Hhigqmjd8spT6UyLKN8okssmWJ48uCGfWf3J
krkQ3S2fA3eC9dk35cfE34oNbfyDQo6VQxG7mMS2Voo
FBkdDE9fbQobTccnZr2XDqrpeevmeChEiPLC5ABXUXfE
3HFJjff8iUTvjLuKHjzJYzJZNvG46FgGPz8bgTKYUw5z
6WkubxrGPgffYK4ccs4k8YG7R8oVcjp6C2ceRpS5LZDj
8cBEQ1v5QUoCFPuL7ZJG6U25SdveKFcdK8UkAvVM3Pub
HFwBQzvVe8qz1M7CxvxQPRtUxJ7zxwLg24TpABcWYTUb
E8pAWPsMpvuvxU6pqJqrq7yip7n6VgzpAcpdqbzcV8Nw
F4hN7ecndZ8Gr5KQNSFaSrMGawMasz7jfWTLTMpk7gaB
87bVJ1mvLXK7TByxrVYvhsA7PiaFYVz5YhP8iVxWMj9p
EEUHeJFM6mUeN44v3kpepHXXBcGY8xV38TjTNxHEt76U
AKNWcLwASgj645B8wNLcKuTsbZ6vZTDLxzQcpjGHpUca
FJ5hcKnacavLz9geNZDRyDXdUvZHJBVnn5RLLy3sRtra
FSxgHwEJCiuULzsdhNevSR1n7SFunCvFqjHeNLDRHxKG
Eq4fUs1pN1qsDakAXPsgaVojQECv4nL1zr5weSKLU4Zc
HyJGn2q8vgYCH6urPsQXwxu6W5DqecVvBNTMU5RnnWrW
FxC6gixguqfSM9bY32aGkoXxBW9Z3bfbH19T8Ydykmj9
BVFTQzEas8kMPkcugksaTTuLnQJ8ESxtLryk4ngdyvjU
H6ewEQKqUYhPFNBUBjKugH6MNgBzWFoJ1U5fiVvyHDnv
BU9GQbSnXQcF59sm5VW5vM4QP138cM6s2vV4p4HhrDjY
7P4Bb1pCMuYNveYhg2j445cmTRCEGp2eAAtBQUv7Jz89
6HVEwvZLsexGH1ztFFAcpUC7QozsPYK1gxirdmctjvpb
D7dy5JNrwANxCMgQW69Vrp93yWnDfjgnsSfVTSdZpZnL
2mNq3AhQahJ3HiJVp7w3jVkog9Q7aSaXwYZXUhTxaNs8
AbqQPHMbkXWvGP37u32CZh94dynqmuUcy6DJYLjM5bak
6cxR31FgTSxgnnS2cdsjhpbzyzYhpdJVTrxdHmnM3uBw
6dWYKwXPMgr9dbsWsE8FgsTHgHudFaF8vvaQTvYcHnn7
HHkUmGtCWDSy9juDafQx6KoYeAqUqpZetJrLDnvDCZMX
9nF2vqusHupTTNgw3quL4f3jorvPdJ8VBPv3Uw1xt3Mv
8LzZbttr2vr2sD9P3ResFfzcdzr6AtWySLQUBatcTTFh
7QycDRDkkHxLXjr7fvu2YnyAfbNc9MfaqA3NGQLWZ4s2
BVFTQzEas8kMPkcugksaTTuLnQJ8ESxtLryk4ngdyvjU
2PhHTtsY3Lc8bnmfq6QcnezpqcwdKYyvkvXVzjJ75Aw4
3eucHmLaRJzL3d3rzYx94KvxcVhR4ESLo9R9hhb5Snbo
2kuejuuMgwVFvhL6Y8GS8rgNM2fuuRUypg4497CoXfZA
1cFpUBQHtqxAYk3NY34GWt3zVUmmTqLN2jBm4BXWgE6
8kX16Yj2WBCz1sPXcimafGrutQkw3s3Swe9sR3gt3cC2
BJSXGMEpffDq9sVJm7Kj2qEw7aTJy2mQB31DfkKvAnpP
4feGgguZ8pfDacgzWMk2rpp4odg53QvY86TjoPtycFbF
GcXoVa37eAB9Ng7pEiYavouFG829qUdATAW3NAN2RBH4
EXP4u9nrkF47uGs1ryEzNs6SbNsyriwcQ9a8dKNzzmBi
3m1JE6nMWGDzCQLMxiVNVa2H8F3CmDVgHJW13FQSUkfZ
CakCB2mYApvhtzJWgmejHjuTAVDGbBk5zjzrDctgkxjM
51oET2dy4vCmZ1JMGYR9hbsvsLng1vcLD6z2AZp1uq1j
9nF2vqusHupTTNgw3quL4f3jorvPdJ8VBPv3Uw1xt3Mv
51oET2dy4vCmZ1JMGYR9hbsvsLng1vcLD6z2AZp1uq1j
ENaitWuQShMrtnPhATzdnZSEKDo44o3RQm7EyScDAKaz
4MGLKGy7D2E45Me2AVXf8jYBWDRKFJx41WQWdf7bXpBH
CvTZWe3SSDMks5rmG1wPA91mxba8FLw4pfm2H2YQAkgm
CUaSvR8G2LbutxGJMnW2vT74Yo568S1oUcjSDP57SajP
GzjpZ3LMWMMcvuAHUWT6tPnaHBVNpYQL6AufGqHmGndW
6LqrsZx8J88yXDf1mcZKn1qnFCAZo6YdDgU98cPKx6cN
ALhGkUSu6MsAVJSFXecaiUtyjqRTNTkdJknbzdjLyZcU
9cQepRHEXLZC2F2ncuK9HY6b228dQ7HNCuxZatWZXsNe
GgZbQhys91T7bwVrnRSpzK1DCnzAjcM42ZtSs8PC1B28
BBiKoh5jGsvb1P1L1uN2cHJwagB4yqZ38j475FKvamuo
2RwD5cXVfvtGGoWmhGysLKupxhMZdG1Zfh81GcCnQtWG
GSMjXjGwD2R3vSeDG8KUdo2e8zppxfagKVnheLqSJPtN
EGe4LVyQWKndKa1jgwNeTQztmcHfxwnKfJFEZRXgUG8M
73tF8uN3BwVzUzwETv59WNAafuEBct2zTgYbYXLggQiU
8Hj4C4Row7TkhXyG53NaofbaJW6xYmZCpKPzYLdNGJ5P
CMtfqufcnudgCpfZgWTx8R5BYSerpJeHLse5HeRXx2ew
HjezSazHZ9FxjtcKkfBTDFETEGMkiTMmoP8ysK4N2z3V
BcHtLUUWubUdGgtaszjQQ5zG2fR52JixPc5ksTEkfoeE
GfAbyhU4qKso2J1PaQMHX98CXJ5PHyQ3tLtfU3mFrM5P
3RugTeqtgNvgESsVCohkrGKEsz5KagjecuPg3qgpEWaF
5kvQv2cRxzcgFpNqcAzFAYcMTns8uKXcXZtEpi8ztMxn
3VWia87hNkxgg51heFc9z1GtZdmSuC63RGtFe98Nnsbb
HUqXsBas2zF8D31GQ6AbtgfmxP3s4uuETG5uE6M1Bg7W
7iGCFYLUJczcHwpUnCCK5QFBCvYwznnj82RoYQQnWu6d
EXP4u9nrkF47uGs1ryEzNs6SbNsyriwcQ9a8dKNzzmBi
AXo7GshnzRDUZeV4GdhoMZR6PGvCL5PFv7mdve36ifZS
GChoRaGhcY1EPPaqoZ57TcpmBD1ECoGPxqkPE8zg9DSX
7KbmFStnBVAUB1NRKuNFdhzXtj3mfAT4jHLXoFvFFSaS
ENsWpC7ro1iWg7hUSuzDWovZiicVAoURX3fstsmPQpjQ
3GFSEgAQb4niaJRPjKUFxKpXpyJjZWijgM8pnbk6GYzA
DiecGKW3N9yFQgmYo7wC8VyvVtxycwqrNyhKgcCeD9hS
51oET2dy4vCmZ1JMGYR9hbsvsLng1vcLD6z2AZp1uq1j
E6BdoEi3My25cnxbW39kHPq1Wo1pnqU3GX6QQP57XajV
BNR9v15ey3uWaeZsNYGX5rDvRus9S8UL16hSgduEArFN
CnF8yaRcn2RMYupWJtKue5medfrTgBJaDgiD93QXbydd
GCJxBzQY26nz1TXdrNVESHEvQLdTMWGttr71Fq3LgGvW
21GbK7sgkPGx9Z3kJAtaa3quvgUH6tbqHqacV7jQx76k
FpSrQMhnYa8YRnEQqKstyi8DYsMvET71CPfnmJkBSSP5
6aVxAU2nNjSUmDkSy5zgavKcZNKGov3xhi6tUPLnULLp
DQFKWDdyK13Tx61kmD8B3ZKgtxGbG5S9SruRydyHbAz1
BzHu964qt7p6KW5Fx93E4VR2xYuTit3NMxAncrLc7gj4
96a1AEVTVxCjdgzEW6rg2PpytucvWLwBVJWPdZJCZoYd
3FNmL6TuxYzDx4cgTHrHgoqRi5caLw3QXBwZJn6cC5jo
Cq4wKeNxdoPT6HaXpcrKd4PEvnNYQiSRkZaMELf4Up7Q
J6DFtZD71ibSeRvdWbZ3HWW3epgTZm14rwJAdrpc6MPs
4s42uqae5XgrfFWYWttrVFRaFYPQMKchg7chdBgzz51D
RTY7RjhPpDabh6ky8mQudWxWH9XLZLCRPAj2CqRN21r
9ALakWbp4ododvgodMSPQRzVtYPXH1M8LjxHXFDkPds3
Gpe5fe5Rzrh4kTQn7g28S7f3xctjs9DzseXi33FTMYAh
AaHjb63MyqP24NZGMCg8MNfzAojc15uR8JG2ZmHGYiRb
AM8skwLjuqW3dXxXZngWzz8nabVKvcean29HoZSB7uoU
Hew6XJcEjQAx2Pi4GWogr68dmbST24g9xtumKBqvhkdL
GdJN3D6hc48vzsoU1wTYaxFpTG1nimyV477z7RQ7SgTB
GCuqskvjzqZayiEuc7rqS2vF7cYqSB5G9bfMeFsRvirf
5Cz7GSRKnuFDaXRHeNJpHC77aqU9BY97eXNBBCVhckLZ
5iDcmVaSaskGaYt28dAhTw5zWUC9UPSqsf9M384ofg55
BVFTQzEas8kMPkcugksaTTuLnQJ8ESxtLryk4ngdyvjU
62dKmy6VhcrkCRCU9fMnxMmwn8cVmwqXzRW7tA4Zx6Ee
GZndDa7zqPyeUGMxZb9sKqnhvcqHTSMjP4kFJ4A385FG
7srUnsGigLyApFwxw3MgNawzDrEkDYpjZtoQvBi6ayeU
EWC6ESChdBqExhp96XPMLXR65pXP6Ftuh1pPAVws4pmk
7N4j24qzrA5DfDq5ua4RhYN8J3yCyAJhpEMitD6zJajZ
BNR9v15ey3uWaeZsNYGX5rDvRus9S8UL16hSgduEArFN
9TSTbNVMXMAD3hYdoA7jRnKZCWKuKfkm27MKJsfL3JQn
F4hN7ecndZ8Gr5KQNSFaSrMGawMasz7jfWTLTMpk7gaB
BxCviB4hviwgAXuZscTiTQcoXd9pF7CdctqqNw3txKkT
Cfh8zzLqs9o8naPDQttdR43Wp4n1v1dRdN6L6KJSaqxe
97xAKp8FjyXkiYqTtYWN9ArD7KxTevzaCAo7VCcwLAsK
BzHu964qt7p6KW5Fx93E4VR2xYuTit3NMxAncrLc7gj4
4cUyDakNPeMEZtJPDJGNujWLGF1XNH7WbQnheUEfD2xX
3uExCZNA4XcoLzfvjPPK53VpgXqKuWUBR3dmjR2c51TR
BcwzmAJunqVo7M9PHuUn3srQJX73bd9xr5fJseCDGAZm
3eucHmLaRJzL3d3rzYx94KvxcVhR4ESLo9R9hhb5Snbo
86nH1NqumMS29x6obhV31NwR5mgjUVnch6QymvjuYJEA
9v9D9kvePLBANY4Zx2PUzn75dHuQMMMcs7mZLYy3gMaF
DDFK1TZQtwAfQJ6UypBx3CwnhYT7hwVnMyoxupBU3HfU
D7p1a49fHgBQ1UxfuMCPAYRepN61QL7hBjXZrnSt2P65
DrVCSz8B4kGfzSqi3Sj16ehzLTHzFBQ3KoHHbdrnPFRz
G1ahFCQP6AQeFQ1mM1YHa8C2cVcggJkcvQk9nAQ98gbm
73tF8uN3BwVzUzwETv59WNAafuEBct2zTgYbYXLggQiU
BUdpRNTSxyZZXtecMuBU7eB2x7RrwHZDPzGGUwiZwZUo
Bw1hYhphtLhxBbAaWt1MKZGdQi8EczD8xL9M2PDsDSY6
Fp97htUt2k5JTcPvD7hy1MdggQZHr1oHtmHZ4jUqTZh2
DpwQvzG6pj2mnEgpKH9L4uWvmGZUaEnquAUjUBAoWNx7
CGA6H2M3FEjemWohUyYwh5VdvSteMTFxxjZJ1oAgAh6k
BR9LRFZtgF5q3aodQBsXxY6QeQPyCQJQ4fYuz58fa9A6
4ox8atxyrCPFsF3nfmzyU8o4kZhXkJCSo55PknT6Fint
kSwBNkXhyAevfPXQCiB93TCEESyxWpaFc4vyUtTUyyL
hF57bqov6UrfrLybHm32BmoUiKMFN4Eo3Xi1YAeRZpi
7rQNp7Gs3634YqHmtxoWkYkNWuMeYf9W9cqkJ8nwmUM7
B48b7Ycc7wQEfMmNvPAPr6CBaLkBPsBrAZZ3nAzdeeRN
7fK3a9edWt9jSRa3v9Fu1m4ooAgPHUTH4Qk1MTv3T6s2
JUskoxS2PTiaBpxfGaAPgf3cUNhdeYFGMKdL6mZKKfR
9GgHQuQmwWmiha11pUgm6ywqQHjqMYiN6FbHkhUUy69p
3aHpBd6r7evsc4Zcd6XpYawBqLPTxaVReke9YfFQ54w3
GRFdkxZf5raq2T5kVzcbDTprDKie6oF2QNuH5ck1Ehot
33apeLJZtc7FvMqWoLU3yWupJCN6ijGkKUD2gUmjhxe9
HuDbdzER81y7ceNS4JrTWJMVZmD3mkAK7PjGRDj9oC4V
ADAYa5CPnjcxL2kp43VcSusahnfnTa9FTp7Gux2NQZY2
5Uuw6GMbUrA5p5XgGEVYeFk4jTWuSMt95Xuf5gL45xK7
6Ah3R4nf6C1i2LifmTTs8mX2oNdAyLiXPGGJ7wJ4oZXK
7RE3epAWNBBAHfcQ6X55V97HdnzWyqoPux8RMajBzTL2
HFqbempFrTudgpE7mZ2U7jsxfuJcgH9DMprLKLNdPs7B
5AwbrzztsJT3wbgYFNLhyFXvncrMP48z3qBY7QxC3gqb
2YCagYpRQAbRcPXHzV9Begu4w6VnWz4amVPwhcgMfC2u
FdvMXoYeqtGkGHhQyztVFQMTRAP3oiQkLjVSFe17RWa
9axor341ocvRehGBuiiE5Dq8T5HhuoCgaNXdBhELhiPp
ATXM89GYmkfp1uPVfx9wh1Sh1sZbPLpQqFqtXCUWrzPu
73tF8uN3BwVzUzwETv59WNAafuEBct2zTgYbYXLggQiU
2pVuK3Aq3tThhXDsW548t5miF9AsR8DCFmpCHjEx6mVH
HExH1uQGJ9z6gH61JhXeZyFwS2vcUyByPK1ttVFDD87P
BbM1VHPnC1upTzZCaWfmTw9dYte8iuCGzftc1bGMDFLR
6aVxAU2nNjSUmDkSy5zgavKcZNKGov3xhi6tUPLnULLp
XGFZk186maEp6FtE2YMHNXiY2c9kTkUu88ofnnBm94j
4cKqqwoADnQVUAapaq1CrCwpBwbvCSohZPzB8aHooJjk
4Jgc5M9mycHzuC7Wbsqr5dHqWW8zW1xygR1VqRjojQHi
HoYSJxi6u2hWzd36yWasSE6B33g4XJVLtkGTLj6a7g3r
CgcU64egDxkkoYvVZYeEGQvt2Qgdkucd8MRSiTcXnHyR
CLFa61gH5kunUPq5QPDVWqjr43jAQzEatVud5aijZPcp
HZodz3HJrhXymfQAXvm8H8KenmT7rwGogrA6X8jag2oy
EEUHeJFM6mUeN44v3kpepHXXBcGY8xV38TjTNxHEt76U
7MTFZo3UBzngEPfPwrZ6xuRhXjMUxgbznsWRTH5D1d6J
6YJnbJjte2RxBgDs2RKqMghFCy7f1RFbGvTeZDqoYrL6
EkHsWj67nEwZKZk8RQsVqn4t9vv5VgLyArLnSo4cvVCG
k8APHEghNvUvRED7fvRKKiVsRxpjPrRqpovPPBzwGTB
7P4Bb1pCMuYNveYhg2j445cmTRCEGp2eAAtBQUv7Jz89
BZFFoKXR4DXzDHfEDMaiXrEDWHBgLxDZVdYBtd4b3E7f
AkdfJa5NmE1pQt3Ai7DpgDg8kryN5qTZirp6LQcpen6R
GSfDaL6w8DGZQEhTLmhKtjwJYJiKdLT9JsYTdi2W4WMZ
C33fqSF6Ks1VieHexoRB3bYbxyeuCAuGnowqxckkad5a
HztqUciz9TKPs8jV4R7HHn6kXfpYYmz9VVfLJ3vCV5v
3EtRwc7takUSxcc7RdKSz9YE6KdiwfXW7hasj3yN5gos
8w1daYHzhTCuwHKiY3qSzZgs8xTFnAxCThg9P9HvjEcQ
s8ioBNQP7jb9JCSiBaxrbCzKMVQtVqQMEkssftVjLcu
2X9UKSS1pEdE5Br7zv6wGRLi4f2Tw1jKF6ND7Cn2wJ8z
9qQVj5MfMGaUyi4XgxrHtP4Zgwds4T6bfPw97ebo4wKW
EwwjLURAfEyY89BaEf5CCAp2FnGvmnRrnAmAuoicvT2Y
9wqKB4DzrFF6d1gDXTPcqGQp5xLb1fTWacUyCXWxwmz6
76So7mZfZLdLym869Ki11zcS5J2BkRM9HZExN9wtEDnJ
J8vxiR8o4NvY8wcR46iuSpSAjXhBwGCgrbo5LWA3corc
EZsxgTx6JXqZS34sDynrFkKD1Q64Eve7AW8FjawFfovV
3p7MS9H9jfENRU4QPsixzyhuw8yurWnFfsmoFBYxkNSD
3vipZF5ThSaE55jGnHE1PZhCoHvRfBHvihP3pQ8Ph7cF
7PBW5ffxTpu2BP8PgR4Yf2hfj46fnG72V2bRPAsNapXY
FBkdDE9fbQobTccnZr2XDqrpeevmeChEiPLC5ABXUXfE
AsxYivuyVu6znDgnwenpLSLvkZDua4mGKxTvM2JgoeDU
FMpyNybU9kdX17qsiprVSDJYPM4XmZMgVDx5dhhJeMio
GsmrTBoALiurqDsxcMurQK9EN7pDbi2JewoDhJYH6Wxh
C9yn3WJMmDUVoDaR4phhTc7ewUc4kwhZN31XZJi6Q5vG
9eMEg3Er6JyWpbzicAVbnz3cLdptcEz4KZHgnL1xKNjs
8BYZdyyBqARFd3NvX7aJ7hEFRFQgBCupVJL88gEmcV2J
GJaQQ3i63Mbc85pebD6aEE1zhasTUVNnh4hPcrhxfuTH
CDKD1jHxaxqmGE2jHBJ4tcnMZBNSomQhgPX2NHycxpEp
J6qgJxM4MGfCK2TF6SUPeLpB3w1WesXMooodHzmrPCmd
8zfdGUKpemtzs2Ypb8reoN3A43o1ZkbwFCBNzpUeFeUo
9CeQYRt1eK15SUAv8AE6XPhh1ijhBF1dyPdGQGAiCfMx
BMSTukA9vm2ohgiX58SPutotkNs8C7Kmcztk2zNvSRJ8
Cg62iH9s5gSmBdmtxTTADsVjZkpikdfUqZMtYVYwJa5M
MvogSQTXToXV7MS8hDbvfWGoELDtR5Z75SGMUNiUddN
BA7N78zwguVEsumBr2DBvCY3B28xj6RY7NkTwRVWvcun
9dHu9r6wgmxnWxPhUNSUReGFRxzYNfqdYqGbZRFVTpmm
rMjHEPkW7J1PF6Vu1ztdvRofKNWaP3yoSAXbkNdY6ML
H7tS6xQ6Yv6v7orxezqmf52vu7LjqSTmUXKwX2zVHmjE
39YD5rZrsz8mSdtyVCfwaG2cAh5Amq4wDAgqZEtgXLRj
ysh2B9XKTbX8DdsWM3HrzjuZ5otrFc24Y6H8naAmoYi
CGqyDdLVve1Ws8xLQbxB5spzBhsCVkLw7PzcMrwATiwW
GVdTbyumPzRypxK8Zbc9eaYeLhm2VTYYF32L6Lw35Q1n
7gXRnhYYPAiUbYCehz44qhtP5cEsC7X5kj7xCW5o8zQu
keZFWpVykCSSpt9P69m89JV9Now7MPB1uP84xTVCMVT
J93VpEgm4Qfzv9H71zd3RsWxdTjin2hNZVYDo9r1Wgtc
8Ap1sNFR1j33CNpoLVbokNqCQ4mx4qu2xpRU4kSZHnzN
B5wGRziAmbZ6NMGwatX7s3rp9tWzDL3fEJojQwh1JREe
E4YnbxEMtg9988ogZrG2Bgmb5FhZk3eW7irwz29TpK8g
GNweeVmB7D3f3h3jMsA4myGNPgqUqqVCP5WsAqhhhEFF
7P4Bb1pCMuYNveYhg2j445cmTRCEGp2eAAtBQUv7Jz89
ovVchPXVyN64eAydpNfX1pgoRetCjiP4vAWzXEku9YK
917wwwdLEmCBvyz5fhXmfjL1YBakvkJEiHEVqpTjQf9u
9AEwm9w9QbeLiZmy5qDCVZXvatKLokHhLPRsrHogcyap
kbtxDFxdfY4NxQ9kNAuXFJ2GuAZE95dCXQw7yeb9q11
GQvVxDnibSXUbeE6gvK33WFhtXB1tue8MXkxM7WmTAK5
ELF8eieJAgKHJypyvoWW6PiRFrEHCwZd27K5f5UmNgjZ
AYKf4RXGzxyguvyqroxk1rtQgEJe5H7yVxQK5kekBeCr
CbNhz35Sme3acS28qbjo3mWGfnrLNYpansGukcC1cCT1
7P4Bb1pCMuYNveYhg2j445cmTRCEGp2eAAtBQUv7Jz89
BdkmXzBSkSfgLhv8XZLzmYaBBt9tecyvw9WFJx8wPNyF
2ATUXJQBBPrxiUkrpo9avX3kjV2PnFBAD6AYD9jc7gVw
4cKqqwoADnQVUAapaq1CrCwpBwbvCSohZPzB8aHooJjk
4Hsiz7q8vfBizJWsE9RViFpbAPmiH4pBHcA7ksq5JTaF
J3EGnLwVBrdhY9PejTJYG2241smr9X8v5BjjSw2QWWo7
5tCqPe7XNWSNy8aNLbBcqaf5i28RuEH8onsCHsUsvYmn
DVSaF44DrAeoXoQTCwQxFF5rFuZ7atWN2puYybj9HSrd
AzmgakTxLAutgbcNkxi3S4M6MvuZvwcrzMc43ErMFk4h
D2CmBKKzZMNeG7z6E3MvtpvtrNVjiAB32c1zQXg4cShn
3QTRD2FfM2niZmZH1SxS6iJCRFY84DTq599gzengTtxQ
FGhqPQPRVyhyKUZx31b8F5HAhxYoY4ZUSizyurLUFxVd
AgPhAsvcwPfT8bcAQxfyvymHdS9enkCzHDZP67ihS5YM
7gXRnhYYPAiUbYCehz44qhtP5cEsC7X5kj7xCW5o8zQu
7X25ijDREetTLMiTQ4gEJyDD2W92487uTG5WGbKc7FUv
HBU971cGRFzBzSDknZACdkVBBFkVGbLiLjrG2SsoG3XT
4sa6jkCjNLfpCFa9fTmpHnMRWfQrHvsHiYf2xS5HKyrB
E5aGCgnhBDQ9aoPZkAMxgMR1FkruzxtBFeEyM4EJwKD4
3YGafdL2LzetZi8cpSUPn9zHXGDK2ye5u9vaFBazcyHg
5vEyraHzZCP5yM5SMv4r1n8MGsSQeP5Mh1o6TXoWAvfk
Cj3hddF9BiUu3nKRkSqgtLK4HNPF1wELU4UqhiLtgLL2
BmRqW9GjkdKGREo4WuUrYKRgoEBgV6Zoz9KqxMnE3Z3L
HbzNeo8CQF2Vrdv1tRdCABvtEtXhwWnErtq6ohSxxrhW
4DdRYAD84KyT7tMhfXxTWqKW1Mou75BuNFBj2i4oHvDi
CkDpmZ8ejuasqBckZFmPmNAkMdqCKSLov9eLW4sZcdto
HMjXajEW46a8pFZt22oKFXkuuYUPNM1UGoQznCVaJX7e
7tMyU22ViPrhY14fy31bSmTsQK6rwc9q3Zbq2u5RkZis
Gqx9qjwhda6NqcYvF3EdKMqnMyxsZy6oN7tXZHgMUiVN
DZzNJpg1efrF2DPuv5AZnLZLq744pGm7PeFEEEvRPaUx
6utXaBmMiR3WqXgkuaFU2EX4bHvUA2kC8cwdq5G1YeQG
2Wn46RWzoGkad7juU1JgX7qf5c1ndqpX76eX3rb4Vbcz
B1wHqg2kwb16bbRgitKMfyt5Y8Ciog4TiF5bQQ9XVms
2P7NRYsvjz3VyMGF4bJQ9CjSiH5TRAra8XJzV1W5Ygkg
5ssu1FQCAxLQZUbSnFXAuPn2eDaZBTWkc5QBChh2yxAa
97xAKp8FjyXkiYqTtYWN9ArD7KxTevzaCAo7VCcwLAsK
GLpzNHMpb7vYH98VkGuUKcgPETsDWFcdwNscJypyDbtz
FC4LJ1JNAb74z3mLGfNesda7cyuzyfDfFagLdCRYPhUJ
F2UnaewjBBoYsp7NerpTZEWnJizNKUcrsJXzSnqyw2iy
6JWaG2sxVA7yUW5zTygWbWCLYYkUHT7UJuHZk3XNxnHp
4Qes7Jz3Wa5KYFD8KQ9hsfC9TJ4Wwy91iJo2mqL3JvXZ
EFpipurDmX4Lgv7V5TobgR6TMnBSZv734pgcZjWNkmfr
LCNyzyqQWVxmWFLX1ke7Yt8Ho4QokRSQtunfqFwTELF
8fYbjVT745fkPJStJvpReCLzmKnwP4J7sVsad8cs3h3Z
FjD9nUmzPPktL25Eax5CKrxyknMyFxaC8oTRgb7RvJbb
DxYD1roAjc8Wd5hkJkNGABre5tvLgQkuCsiYASsYtPZX
Ahm38C7y2TfsoqnTAmRhFHgZnsgNjUBmtMAWw6V537i9
4ReyBodSJygchFFm6tHfvGQdBvhrCr3UqWTCvUoNyvfZ
AsxYivuyVu6znDgnwenpLSLvkZDua4mGKxTvM2JgoeDU
