3dotwv8RcK6ZiijGWQt2e3Xbs3cJJK6h5JyohHWrGZK1
ALJnsg9p71YuPSNMgF6GdCXxsfviyXCokLdpVQWXeq6a
DikmCp3A7LSPmS15gWS324V3AcacfjSJK8pBAcs5rkH8
Gia22NQ9nPMmLvtm3cQoHHaw19cf1n7oQqWwQHv1KmhJ
DntcB6Ke9BF53SpVkFDyAKeande2LWqFdDW4SLJ1T2fL
E3RijPTP5bEy8D7nK6w172tQRkFt1si5AjPHzX7j9my5
5MD8BRazdzAniPPnEm9x2aRShnzo5PaTdoMg49x2GRuq
5dpwyftRVQtUisFsqCcRiXVB7ZPcfL4vFj3giuzbK2jJ
HT2uMeD5mC1EgaQXTndZ2iV3C7m6PPdJUX5bkaYyi7Fe
FXeR1kvovVRP3BVLFsEJsVekG2QYAhCEhE2eUwbSeQN9
CLeX6LvvtTE7D2mrB56h8mmdgWGQtmxVRYk7Wpzu3CR1
AiUv4daCbnmC43jXSzV9pQ8vsNB7iv3DGcVSVbTgCno1
B2YHmzvMzs6zU2q8Tte92ZLaQq4dq2RgJxR1Pt1sWDWH
GZxUv9zNn2ezKyv2f7mXFoVsQPm2nmRVRtjiF38wc2rY
6wuPBQwQC5GDy8RdPjESBWDFrN4fPG4uWLn1CDxCkkwZ
21yK4dzEQJ7mWMMw5cVDzFemSZheKDsT15HTpWYedVrU
CdKVhpu6uBDnjBiZQjHqoJHg4mZoNuUXMDCV2s4Surmw
G2tHJfM2sCKdmFYmTFPbDM5S2gpJwiFYo8M2REPgDxNg
F91C6o8LxfDJKMk5uJCbkK2btTH7wC9gXfot7neT9w7v
8nsvnJvgQyVHAwK8R5JuhiY4cFVUkreBybz4EXpk8fSM
GqBBa5FnK3SJSipvMLUYnovdWt2uQS1n7uzFTQt3tEdF
8jTSWJyqBeu99xgcaSWsuiQ2tjiXYvBtqxKH2ersKykr
5vUwJuymJsFeCEg4YUwBL6ZsTHXj9SmbNYGHX5qzmpQ7
6EWLcPoc8qVNGfH6fvwQyUZN7S9N4AEhp2g1vSB6ztJ6
zcjRaCcadJ7duaj3CWHoRBSPyyNhyxLAdvdyUgzMEXB
5Z1kqjqbuFSJSCDDkFiCaHcLD2jMxzyMNepJ59465oTq
35BN5JoMmo3n1svcdQrq8K9YChMNWkXF5kNps3yXfAsq
Gbgcv7vGBuUEEK2sgYDwkFmsSggfmrYErbUT5PsX2Pji
Ch7b5EYcb8XdFozS8WKVrfipamMopbWta5pSmbKVJfzi
7oXRTEEBtmM1e18TasAbccWPvh65iRZWmsfW94wxYm4K
7D4CdfGF7jfKNZSo38NpoahPECc8ase7UfQgCZRw2QP
J14TeX6qUJoRcshFXvPvzRp3EaUNaDCSWwFP44Fxfme9
5Zzs2N8hFqbh3PFvZcHfHZXuDtxfTEEp9m6X3HgyueCk
7Yx7MgEYYgyVaubzQBh24wy8gvQGPs8BcNYEvtJmnWG6
DQa88ESuh9oQRybEhsf3jFwSkZtzVbV1Szq2zZWmus8T
FihBhoAWnGFvzinAxaAsTGRgZQusvcMqocHFK47zPk68
gJtaKi5XEaNSpaXstK9i8vDoQRmwXTQn1iSKLvdJtxQ
CvNQzN4Z4fkCGNX6Ha3r4ZfZS1jucponSVVmfNgLJwE3
3zfDyb3omcLPP5DTxjCCubSSM9nYkoGM4QQrBuJKGQLD
AHWYjRME6yS4ATm6S6U4fPaYjGLAmYVvG6odG8bDNmwj
6ycHLUFCzyqSPQ8Dga9Y3Xh7uzNCPvLxHhVH3nfunhh9
6V786CFXGKcEBnxrpbNjC6ZK5dq2WpZEP7Acwu6M2eN2
Fv4fETP421Za33xyhBguMXtpHQ3x7Uw7H2R3MH1YX71Z
Dv2CBHNhSLgHxyewaTkuUQk4qAtLMieM4o42b4MZznfB
6o2jSh7uKpK1X84w36ioBBcYiRKqUMCZqF2onvGEFazx
5WSBQYB78mg7xYFSPX74dwKrvG79ryCwum5J82vDdHte
CDDNfBuQmo8V1GdHjj4GdkRgv45bUHisjoKwUWafVEAU
5xLksbEmksvzmKmR4p9khDnqerWF4cgyFRGyiAWbUMZ5
6vJ66kUcJfJH9rGgvpgbEGUWpeSpshzXovyg6TWeLdh4
85QDTMjs6f9Q8pDGTA6r6G7BNG173oknDuvKxQej3qvF
