Transfer 1 tokens
  Sender: EZPXP4wLF9WRFuQHknjuAoqPS78rkucwpWsbvPgs7RSX
  Recipient: AYKf4RXGzxyguvyqroxk1rtQgEJe5H7yVxQK5kekBeCr
  Recipient associated token account: 75sd1aWxkJpFiZArqBW3n4ALPWNX8Ej2CiQof7Zm1D9N
  Funding recipient: 75sd1aWxkJpFiZArqBW3n4ALPWNX8Ej2CiQof7Zm1D9N (0.00203928 SOL)

Signature: 2KSXDeTg9aAzrWSaxVpYmsA2LAC2otyjpr5RQmzEGNdnp4kWhQddC69PgXYoNKoq4FDz55JHteZKuzreC3NEZeSt

Transfer 1 tokens
  Sender: 3UcCjoehhU45LSGcWoVaJPnnX3X4u8yq7BJxMX2uzsXY
  Recipient: CbNhz35Sme3acS28qbjo3mWGfnrLNYpansGukcC1cCT1
  Recipient associated token account: 4Kio554qiMAkfJutgjM7bDokbVy3VptviuZM6eYaAz3i
  Funding recipient: 4Kio554qiMAkfJutgjM7bDokbVy3VptviuZM6eYaAz3i (0.00203928 SOL)

Signature: 4fZiputRaTMEpMMbPpLRTEoGvngKUCXFTNK669c15QLx1FCqdRCtgQdG4orQRMtfbVckDWmXGMdPago1PhzoUBDk

Transfer 1 tokens
  Sender: 5exRMgbswPUYEofadTRw4Kaf3Rzi1RadgA3jeFmzoMA7
  Recipient: 7P4Bb1pCMuYNveYhg2j445cmTRCEGp2eAAtBQUv7Jz89
  Recipient associated token account: 7wfsBFcLCK3psWaW5TVJsU4nYQWzApvwJmD9xVkmra1m
  Funding recipient: 7wfsBFcLCK3psWaW5TVJsU4nYQWzApvwJmD9xVkmra1m (0.00203928 SOL)

Signature: 4R5eQkra6bTXfjRhr67Jyd7MyVwDKeowXdmje4XZLx6BpRbenp4N8tqMpMXzDduqXc8i3fVceL6BsjBDSpBJbrdZ

Transfer 1 tokens
  Sender: Fikw3ESRUquetZVC81SqnJdZSxsiCtJSjz8br4PtAZ7U
  Recipient: BdkmXzBSkSfgLhv8XZLzmYaBBt9tecyvw9WFJx8wPNyF
  Recipient associated token account: ERXzTvZPf2wPyQzBnC2Gu6geJ8Vcy8kz2AYxQoTf2S1f
  Funding recipient: ERXzTvZPf2wPyQzBnC2Gu6geJ8Vcy8kz2AYxQoTf2S1f (0.00203928 SOL)

Signature: 5tnbGAiFSPwPiJBxA2msGTaAkGrV15fmwHiMbN64275BBTbJqkWUc4bNgn36oFcJrCjopAHhDwP1P8JGNaeKt4H9

Transfer 1 tokens
  Sender: 5DH47P2EALqHeJ7bHv9QLEyHUnkMd16Hqm6V8nmQphVV
  Recipient: 2ATUXJQBBPrxiUkrpo9avX3kjV2PnFBAD6AYD9jc7gVw
  Recipient associated token account: 6TBjudnuL2wcRRQJ7nTW4WR4G9Qp1tw5uWgB1xAao8MQ
  Funding recipient: 6TBjudnuL2wcRRQJ7nTW4WR4G9Qp1tw5uWgB1xAao8MQ (0.00203928 SOL)

Signature: t6gzwL9vsRqxsY6vJWGvfbt3tTtVLmKvWe2TTPcV6TEWazsvg2jHmY4qNdDMwRp8AVndQ7hoxgrsn6E685fQTjY

Transfer 1 tokens
  Sender: F4Jfusmw9j2RCaRUqnmgcQd32GQGkPnszqnLucVziSsi
  Recipient: 4cKqqwoADnQVUAapaq1CrCwpBwbvCSohZPzB8aHooJjk
  Recipient associated token account: 2ndWn8jh7c842YykdU1SngnWz9xdEgMbSJ1NzoNdfVt3
  Funding recipient: 2ndWn8jh7c842YykdU1SngnWz9xdEgMbSJ1NzoNdfVt3 (0.00203928 SOL)

Signature: 4JShLeLjrBQMjtypW1UVtqPgjcJW5wyYB8ggDRpAAx1vYmNmjbRbevUZTSiSpVzQMCH2vEWgqCHxNhB5pdsMtaLd

Transfer 1 tokens
  Sender: 8WdXZQPQGZfbqG7LjvdhxX16QTmDqJLbCMcjL9jwWUp2
  Recipient: 4Hsiz7q8vfBizJWsE9RViFpbAPmiH4pBHcA7ksq5JTaF
  Recipient associated token account: BhAXj4sDnF4dSmPBxRyr3McSgyzNqC2urJkAutB4oWX8
  Funding recipient: BhAXj4sDnF4dSmPBxRyr3McSgyzNqC2urJkAutB4oWX8 (0.00203928 SOL)

Signature: 4Nwgx746UybpmqyVuWL63hFNT1jTpyuivYNfkGkExoABNaJXPK2XyoFRxEp5iK27yZ9hmvHKhQyG1jyvYNzEFGsq

Transfer 1 tokens
  Sender: 6rvFu4p7FkeFhsdYCvqLADxYkiqvBULNTbmMZVa3uEqo
  Recipient: J3EGnLwVBrdhY9PejTJYG2241smr9X8v5BjjSw2QWWo7
  Recipient associated token account: Cv1TDayCahoQrxiSV3tzKGgNcqN3e8xxsFnEH1p7GSkA
  Funding recipient: Cv1TDayCahoQrxiSV3tzKGgNcqN3e8xxsFnEH1p7GSkA (0.00203928 SOL)

Signature: 3FWEY4wWj1kq3VxwhL4KGnast6ob4VUoudjiXT5Js81fceLHowDJeLCwggm3UpDfqExF1Zqax95VEGzdbanRASnJ

Transfer 1 tokens
  Sender: FMzDP6X6pGHiVb5qpVkhFtmVtnbz9w3prRdoCRdCkEF5
  Recipient: 5tCqPe7XNWSNy8aNLbBcqaf5i28RuEH8onsCHsUsvYmn
  Recipient associated token account: 6DYs3rMHcpLSMv6W1NwaV7krapYZmjKUPDWNomVJ5eGd
  Funding recipient: 6DYs3rMHcpLSMv6W1NwaV7krapYZmjKUPDWNomVJ5eGd (0.00203928 SOL)

Signature: 5BaSs2Ra3qD2te3TZp6x7WxWMgxUs5tr2rUfSg6TR4pVVpn41Fvc7guDaB8224umNxreMMfpUkFyDhu1e4qBPohn

Transfer 1 tokens
  Sender: E8sRzB7snSUbfn47vj9Fj41cTDDYyc1qnkVehZK4Grsg
  Recipient: DVSaF44DrAeoXoQTCwQxFF5rFuZ7atWN2puYybj9HSrd
  Recipient associated token account: 6HRPokh3dGopdxZyyrHovtZXhucmadr1d7oSVMKtybeH
  Funding recipient: 6HRPokh3dGopdxZyyrHovtZXhucmadr1d7oSVMKtybeH (0.00203928 SOL)

Signature: 3hZbCW2rF1kBpbr4ZV2AQq2xRxLqW9o9NHZSEHwYQnxWSZYsYihxidVc8Gf1gS6sRJUB1xMT94iU8QBFtCY35kf6

Transfer 1 tokens
  Sender: BA8EjTfG2Fn7U7vETDXTB7KLmSyfnxVveSt97wuqBEoC
  Recipient: AzmgakTxLAutgbcNkxi3S4M6MvuZvwcrzMc43ErMFk4h
  Recipient associated token account: DNUSCGQcZuwNeyqgrG6Fv5xUvbkuFHyDoeJgMYyBoNRw
  Funding recipient: DNUSCGQcZuwNeyqgrG6Fv5xUvbkuFHyDoeJgMYyBoNRw (0.00203928 SOL)

Signature: 4y5BirJeeGmtTmL89azu7GoC9FPt52UQgC9QGfp1oURji7C3CUyDb9vgVM5nD2FoANptzCeL2cpWmKUpNF9Dycxg

Transfer 1 tokens
  Sender: 7tnMd7tuRaMPPgzS97ygUMYQy9LnJVkXVwGdTvzA1VpM
  Recipient: D2CmBKKzZMNeG7z6E3MvtpvtrNVjiAB32c1zQXg4cShn
  Recipient associated token account: CTX1VqQioQs3spJFrXHmkN4JzGrhtV3YrRS8Nc2Zf21F
  Funding recipient: CTX1VqQioQs3spJFrXHmkN4JzGrhtV3YrRS8Nc2Zf21F (0.00203928 SOL)

Signature: 4cED4D6UANmGpWKKjeuUwqV82Txx2rzyd2nYcosij9SeabkPDYRygsNx6ZYLqoFLHAAHHQmchoZibsu9YChMmYKx

Transfer 1 tokens
  Sender: 52QB46a27JnWaCjXVYAdboKf8HK7uBVToeeoV1qkGeBn
  Recipient: 3QTRD2FfM2niZmZH1SxS6iJCRFY84DTq599gzengTtxQ
  Recipient associated token account: 3LRUYkxyU1gRgFh7pLEfnBtGXy86RhibCMJPmBzqbvBx
  Funding recipient: 3LRUYkxyU1gRgFh7pLEfnBtGXy86RhibCMJPmBzqbvBx (0.00203928 SOL)

Signature: 3FUo4JERTyCR296Ci816E5SuwdxPJooq3ZAecKAMYN6peDNf5jWu6fkYZhTug45EnVWxQ1ddPCHsR8VKNMWR2SKn

Transfer 1 tokens
  Sender: CCBRZWWynBNzbj8NehcAscnfst6vjCcfoNTWFxL7fiux
  Recipient: FGhqPQPRVyhyKUZx31b8F5HAhxYoY4ZUSizyurLUFxVd
  Recipient associated token account: HFKc8S9ncGXXe8ZPDhESvYA4uf8zC7aM6RwAwRgHTPLL
  Funding recipient: HFKc8S9ncGXXe8ZPDhESvYA4uf8zC7aM6RwAwRgHTPLL (0.00203928 SOL)

Signature: 513gKW1R96vRgVmEHszZd3g7dt5EqeQ9a4rx7ARFpAPY8GPp2Jzy5QznTFz3wCoAvMX27zxriD5oP83FxdJ1iYPe

Transfer 1 tokens
  Sender: 9H89HmcpzNDGcUnXvTcveUUfxJMkynzKeKWiFcfZUbRs
  Recipient: AgPhAsvcwPfT8bcAQxfyvymHdS9enkCzHDZP67ihS5YM
  Recipient associated token account: BdZGgu14DaxB4aCEYFoV2tYUT6Z6dyxKBW5mEqPt4tks
  Funding recipient: BdZGgu14DaxB4aCEYFoV2tYUT6Z6dyxKBW5mEqPt4tks (0.00203928 SOL)

Signature: 4y4Ssc1Dt9u1BJjuCi2ehWahHFkEDf7SC3fT8S96XfwtoWqNVAdDu4kkuoYNDEbWgD1HkT9irf7hALfDapY9e9cQ

Transfer 1 tokens
  Sender: yobCjm2bSx7fjFabHizVjZC6WCqEhEEGGSjPJRHG5BS
  Recipient: 7gXRnhYYPAiUbYCehz44qhtP5cEsC7X5kj7xCW5o8zQu
  Recipient associated token account: DjDsCDoxFHM3CXcTcK2eJgVXKAtbWS6zGZ6UMz8RFHpE
  Funding recipient: DjDsCDoxFHM3CXcTcK2eJgVXKAtbWS6zGZ6UMz8RFHpE (0.00203928 SOL)

Signature: 3BRfjiHUpWEPefdSgbzUqTC36FEhPuwHf8X7cYht6v7gbPTsS6batSx8Xa45ZFQzQMRMgAUKu6tHvCv8QCLMYGHE

Transfer 1 tokens
  Sender: EgNHpT1pTgErwnmnheBwQtDh8x2vEaycNMqfE6FcersZ
  Recipient: 7X25ijDREetTLMiTQ4gEJyDD2W92487uTG5WGbKc7FUv
  Recipient associated token account: DaRkUms2nRAaPWihBt1x1H5RipHDubp5TTHQyAEdpSqp
  Funding recipient: DaRkUms2nRAaPWihBt1x1H5RipHDubp5TTHQyAEdpSqp (0.00203928 SOL)

Signature: 5dCc2HA7C5BDNz4jfM17BFXQXF7JaXu2HUUFcJ7DdsbbEuihrGQDXySnByZH1oCdrv982U93ssPFjtW8mSjnUpbt

Transfer 1 tokens
  Sender: AREKA2g8ZT2kiavQWRcAp2fQPA2MLsnvdqZzwHMdwCWh
  Recipient: HBU971cGRFzBzSDknZACdkVBBFkVGbLiLjrG2SsoG3XT
  Recipient associated token account: 9qFjaKnQL4L1gAMrah1Sda3gVqc74ZUbM1JMkgLPV7wC
  Funding recipient: 9qFjaKnQL4L1gAMrah1Sda3gVqc74ZUbM1JMkgLPV7wC (0.00203928 SOL)

Signature: 3KPoSfTMnVvqPmRqMbH9oqMp8F6TQMMtTkGZiRmexzRL3f9pq97ipbP4icfpikgh8V1Qfx3aynAzXbLDcfrVAX19

Transfer 1 tokens
  Sender: Gfmv8D3jLhKnKqGVkX2gjRP4eNfWBuAW35BQf7cmYjQt
  Recipient: 4sa6jkCjNLfpCFa9fTmpHnMRWfQrHvsHiYf2xS5HKyrB
  Recipient associated token account: 6pu1FurHkSgULZwRLPGEBD2z4syGHb3Wp2nJA9Sn79TQ
  Funding recipient: 6pu1FurHkSgULZwRLPGEBD2z4syGHb3Wp2nJA9Sn79TQ (0.00203928 SOL)

Signature: 5YQCuspLCTpuX138Ekf8kSuUocHCo9wrHSLKLnA66Z2qNMdBadKiZ9WBtBe1aqFmywpnFLM14SU5CdzwFzDmbFKq

Transfer 1 tokens
  Sender: AGjQDsFvmjANRKp6F9mPyqiop99Q9jZSqPcMCE9CgKdr
  Recipient: E5aGCgnhBDQ9aoPZkAMxgMR1FkruzxtBFeEyM4EJwKD4
  Recipient associated token account: 3axiwhVUt3LiMMUSB2GMq2jGZ7vcY4JtM2vip85Pji4H
  Funding recipient: 3axiwhVUt3LiMMUSB2GMq2jGZ7vcY4JtM2vip85Pji4H (0.00203928 SOL)

Signature: 2mi6B78FdRTbcFUqBTDqeJnQKt1RfqRhJ6VyxdgGwfTnreeFn7ouNZFZBgohmgB9srm3SHQMHbyud7aTGAm5qHN6

Transfer 1 tokens
  Sender: 86xpCyTZWbhe1ZGaMjfbUu91XRJAFqETSAuprotARHcv
  Recipient: 3YGafdL2LzetZi8cpSUPn9zHXGDK2ye5u9vaFBazcyHg
  Recipient associated token account: Eieqk9gsmcSg7Gq2hvv8P71DyoTPszSQ3WST4fzeo6vT
  Funding recipient: Eieqk9gsmcSg7Gq2hvv8P71DyoTPszSQ3WST4fzeo6vT (0.00203928 SOL)

Signature: 4LGNdDzjZLaYXJFj5MbgERi2SJp16iWTypobUvQUjAqE7N3CKuBqoaVpkBbcQ63BAyRsU8az1zADfiM3YHwWEUUC

Transfer 1 tokens
  Sender: 7puSSReHxckQYFrgF6M7zadq8G2BkJkfpYyGmj2jkdMo
  Recipient: 5vEyraHzZCP5yM5SMv4r1n8MGsSQeP5Mh1o6TXoWAvfk
  Recipient associated token account: HwVuoEJTBuLE4kN8JPXWohZEQ8rikMS63Mq9a9KNX2m1
  Funding recipient: HwVuoEJTBuLE4kN8JPXWohZEQ8rikMS63Mq9a9KNX2m1 (0.00203928 SOL)

Signature: 5evAU7vuHcU5ZJRFm2dAGi2jjCXTRXR39pyzPgNSAL1X8zoZnwpw87nZwSNxEjMBZ9wU5UGuxR3VMopWphDQkF4y

Transfer 1 tokens
  Sender: 3QXbjHBpZ78cMZeDygMMrg81qRoXHMgckbP5xopymZsQ
  Recipient: Cj3hddF9BiUu3nKRkSqgtLK4HNPF1wELU4UqhiLtgLL2
  Recipient associated token account: 2Bi8HK4uSg1vQwucwFj1M3hTmRMVU41Ha6ZFaRoo45pp
  Funding recipient: 2Bi8HK4uSg1vQwucwFj1M3hTmRMVU41Ha6ZFaRoo45pp (0.00203928 SOL)

Signature: 4t1RfCYXjdvKbvii9PDbk3cU7MHuRr2JoSVxA8GtrFgibT8vpJRUSQvRMb7y2PEvXNf8M2RoLs57UPjcsFhKm7Ry

Transfer 1 tokens
  Sender: EEYpcixd66Z3jZ2P5WjkazQDrUF1PVR43pG9XpE4fnCS
  Recipient: BmRqW9GjkdKGREo4WuUrYKRgoEBgV6Zoz9KqxMnE3Z3L
  Recipient associated token account: DGS2r9LSK1ZgWBzSacKh7UDdBhAX4CHnRG4VdCkSeH43
  Funding recipient: DGS2r9LSK1ZgWBzSacKh7UDdBhAX4CHnRG4VdCkSeH43 (0.00203928 SOL)

Signature: 2YruxwB4UE51aeD5ejGEtV5DLdDKnxSwZpDEfyJhqzDMwNsq3WuBspa4yec6Dn7K13jJDoKbT9P6jzx3VjPayF9p

Transfer 1 tokens
  Sender: F765HiN5bwP75ScsWcR1RZVAjDbFu6UaZ5ii6LkCm2ub
  Recipient: HbzNeo8CQF2Vrdv1tRdCABvtEtXhwWnErtq6ohSxxrhW
  Recipient associated token account: 9aETy7NRy4M6DVwsZiZjiFcagP8FoEeHECTMpefKjiAL
  Funding recipient: 9aETy7NRy4M6DVwsZiZjiFcagP8FoEeHECTMpefKjiAL (0.00203928 SOL)

Signature: 5fafca6uDzxh1nTVfjKFqjGWZxkvcS4hrD6VwdhEcebeVCBxB7YsNJFVLdVYEaHJqHg4m3UNXCVZXV63yhfknLpy

Transfer 1 tokens
  Sender: BquWnH7uw6evHWfDMzLPoarYL6xPtJXvigZynNxPY2UQ
  Recipient: 4DdRYAD84KyT7tMhfXxTWqKW1Mou75BuNFBj2i4oHvDi
  Recipient associated token account: 4CXvLTjZoaQDTH3rJEcVWdD5d1A6vN4aEgsNgjykdfXi
  Funding recipient: 4CXvLTjZoaQDTH3rJEcVWdD5d1A6vN4aEgsNgjykdfXi (0.00203928 SOL)

Signature: 3k62mXAyfpYVVQTDr8eCXqCSwmNVf25UcCpReQgfEjzYoQ8vcZARUAMnQFWJafTnXE4rzkkfaC5KUJikHQqxYUKc

Transfer 1 tokens
  Sender: 9vBmHg15194ej1cstaBHgy4MJt3niMmE52s1B6r8U5hc
  Recipient: CkDpmZ8ejuasqBckZFmPmNAkMdqCKSLov9eLW4sZcdto
  Recipient associated token account: CXNVmDpqumSLq3ibUHXwSnqK7sRDUyjDYEAn2fW5BkVj
  Funding recipient: CXNVmDpqumSLq3ibUHXwSnqK7sRDUyjDYEAn2fW5BkVj (0.00203928 SOL)

Signature: 2eXoJ4Auetvm8Ni6FcGt3vPvSN9ACh7pwcxMFNh7swRYCkSRWFv5Zae1xDvJX1TAEsp67XYxqzWEuDoBRJ2H94GK

Transfer 1 tokens
  Sender: BdcDC6yzQc9tChjnU2Tc8JBRc5QoEDXuZ3St2heu8Yrd
  Recipient: HMjXajEW46a8pFZt22oKFXkuuYUPNM1UGoQznCVaJX7e
  Recipient associated token account: Bg55EhDrQ7u7hMKHnxUqwqmWrncC2VcdY7VXD5TJ7eu4
  Funding recipient: Bg55EhDrQ7u7hMKHnxUqwqmWrncC2VcdY7VXD5TJ7eu4 (0.00203928 SOL)

Signature: 44PGELg6Larb3C114PYtvtvn6KwzLdsQbSifenaDY9scjnqNXsFn8sbubnSgG6EmNgw7zdCw7J12rsfdPZy67fBj

Transfer 1 tokens
  Sender: A5UL1GZHVyWBRTLoHrRbuE3Q5DQzVhCuoFB1hQ5KaaUG
  Recipient: 7tMyU22ViPrhY14fy31bSmTsQK6rwc9q3Zbq2u5RkZis
  Recipient associated token account: DYtHcLH1xMdAtuQpPUYg5CJDqTzCcEBxRVWeBqopexVS
  Funding recipient: DYtHcLH1xMdAtuQpPUYg5CJDqTzCcEBxRVWeBqopexVS (0.00203928 SOL)

Signature: 2M88V4SL2XuSnhSN6WD3VGCjKb4sNL3tRnymZ9wtekPD57Ho65uaoZP7fj5Ke4XzCzAQoTzW1oMdviSsVmXNPwXe

Transfer 1 tokens
  Sender: 875nLwP1GzakBhhkzEGJZrAh3GG23NE8X8nMs63Z3Uhu
  Recipient: Gqx9qjwhda6NqcYvF3EdKMqnMyxsZy6oN7tXZHgMUiVN
  Recipient associated token account: 3dfUGEnUPfW2jWousA7pzLeEyycXA1CFx9NyL1Dks6Bb
  Funding recipient: 3dfUGEnUPfW2jWousA7pzLeEyycXA1CFx9NyL1Dks6Bb (0.00203928 SOL)

Signature: 5pTbXMUumPmjsfzMdK914urHL6Bghdq4okRLsoA6MdyKR9SJ9FfFJPngYNhxai5BfwS6PCJZ4LWYMFQgvdvx2dDE

Transfer 1 tokens
  Sender: FeY1jsJSasLXqrop3DW63a5KvAyKLagGFXCiAyKhS1wv
  Recipient: DZzNJpg1efrF2DPuv5AZnLZLq744pGm7PeFEEEvRPaUx
  Recipient associated token account: 7gzQkeRR23c4kAHPhSEHdspDpoBFVP6jiyRUdHsiU6hQ
  Funding recipient: 7gzQkeRR23c4kAHPhSEHdspDpoBFVP6jiyRUdHsiU6hQ (0.00203928 SOL)

Signature: 3VrqH7hRsD1YWA81Q7XtWtkarJWuWpMj6ujNpNHQPmoxs7aRCiLyECHWGvoxc6aSMYrTKc1Q5RYpDJQEofycTyLR

Transfer 1 tokens
  Sender: ED6mBM4pNobhDVnEHgxUzbUru5nGpHQkqtYoAGu4ZvaM
  Recipient: 6utXaBmMiR3WqXgkuaFU2EX4bHvUA2kC8cwdq5G1YeQG
  Recipient associated token account: 9GHeCTf7wJxgA8hfJs6cyUzbnMzKEZ42HanXKiwEKeSh
  Funding recipient: 9GHeCTf7wJxgA8hfJs6cyUzbnMzKEZ42HanXKiwEKeSh (0.00203928 SOL)

Signature: 3D3siNqXKbnJB5qbNqCkaDFxQrUW9embuZnug33Gdgt5pqcT7jRMP5bLKQP8sSYPNGazrYqpTNshtWMcD4VUyw8q

Transfer 1 tokens
  Sender: 826docaEvnqCgAMFyxMmj7vWv5q7q6tCvxjn8DP7ZxUg
  Recipient: 2Wn46RWzoGkad7juU1JgX7qf5c1ndqpX76eX3rb4Vbcz
  Recipient associated token account: CXP5ZokjJsiMmQJr46VHGo3NLBt28aNgJmyJZuBtVExC
  Funding recipient: CXP5ZokjJsiMmQJr46VHGo3NLBt28aNgJmyJZuBtVExC (0.00203928 SOL)

Signature: 2nFHrKEpKjBu91ZdiAqckw87EuzAQcSwUBY52TBDgn3Utgc22HtgwadtqzLh831UT3aoHfGNJxe3qXTGUh6dPZYu

Transfer 1 tokens
  Sender: 5NScuK8Vunr6Y3rR6oi4MAhHeAck8XMPAtYawudrv8rD
  Recipient: B1wHqg2kwb16bbRgitKMfyt5Y8Ciog4TiF5bQQ9XVms
  Recipient associated token account: Nn6x1HT3bjgRtP49fE1aC13MRk9oczZQqect2ug2UeM
  Funding recipient: Nn6x1HT3bjgRtP49fE1aC13MRk9oczZQqect2ug2UeM (0.00203928 SOL)

Signature: 32QJuhmeMkLxKBMkt1UPzZ4fvRUspteU8HfJXPxBkjbkdiLvNg4Pwrqqk2cKLX3DvBRytgQeXFJNAcygUDuXzCb1

Transfer 1 tokens
  Sender: APfwSPNuxCGCUFZLHzJuJSZee9ma9VF2Ehfjc8g2PTSC
  Recipient: 2P7NRYsvjz3VyMGF4bJQ9CjSiH5TRAra8XJzV1W5Ygkg
  Recipient associated token account: P2Nz1wozXXr8FonjGi2Nm9z9KgaHYh92MFgtWZxkyRQ
  Funding recipient: P2Nz1wozXXr8FonjGi2Nm9z9KgaHYh92MFgtWZxkyRQ (0.00203928 SOL)

Signature: 3odLLm7trAgSjkrjzDTdJEvFR2PNuHCph7dk3R6TGrcJbdUaDLGe2L6EtcpEypA62RxzoazYDQj2ENHbpgygwM5i

Transfer 1 tokens
  Sender: E8cK9Sb7Xm59vZjc3qokWnyAJ9i93gZUQLsm66KvSDDM
  Recipient: 5ssu1FQCAxLQZUbSnFXAuPn2eDaZBTWkc5QBChh2yxAa
  Recipient associated token account: B4iqak6ZZ4YrGT29jw3yEyzXzKschBKd3pidQEo8mXbJ
  Funding recipient: B4iqak6ZZ4YrGT29jw3yEyzXzKschBKd3pidQEo8mXbJ (0.00203928 SOL)

Signature: 3VWTL1L6j69Pxs8qraVSzqS2yk62pYhgCjYBKb3p63CNHJRB5d7ovUAZrP7Hxa3Q7fhKHSAcusawjnC63nzgL6Jv

Transfer 1 tokens
  Sender: C9yiL72nZ8msf5ig25pU4T7umrRiMxJvy9gefJ2znMkT
  Recipient: 97xAKp8FjyXkiYqTtYWN9ArD7KxTevzaCAo7VCcwLAsK
  Recipient associated token account: 7pk3ertenbE8tD7JyrBF66f8SUBG4pRRnR9zF6rJyPVG
  Funding recipient: 7pk3ertenbE8tD7JyrBF66f8SUBG4pRRnR9zF6rJyPVG (0.00203928 SOL)

Signature: 3QXR2tv1rPvZyffekQ1dTqUjg2GFzbiiKZ6JZU2YpbsK3UnPnC8DpvLy4ar97bAwQQW3dpxpQYFaNiZnprrQjzCg

Transfer 1 tokens
  Sender: 7qpnxPuVzYfzvFmLSa1XYeq3LuBjLHUzB3z4g1w4Qkt3
  Recipient: GLpzNHMpb7vYH98VkGuUKcgPETsDWFcdwNscJypyDbtz
  Recipient associated token account: JB2e6Z6gSWpHbb133rLaDvUx1eMTTaQdyruQBA8Jb2KD
  Funding recipient: JB2e6Z6gSWpHbb133rLaDvUx1eMTTaQdyruQBA8Jb2KD (0.00203928 SOL)

Signature: 3oYi3CqWFKkEHFDKubMB4KhK3nFyYdPJvCXQAbkznyf9CKayxV1WzTKcUfnNEJPBFNM4MYYVWQWingwXh16L3Bqb

Transfer 1 tokens
  Sender: D8JVqLeFGQJVVWQvo7vLqZAY5yZ3rZefq2YAZMjVEXxU
  Recipient: FC4LJ1JNAb74z3mLGfNesda7cyuzyfDfFagLdCRYPhUJ
  Recipient associated token account: 4zqo829mL84nLZ5sKrhdzj8Up6iLqfuUKYqDNGdMNd3H
  Funding recipient: 4zqo829mL84nLZ5sKrhdzj8Up6iLqfuUKYqDNGdMNd3H (0.00203928 SOL)

Signature: 5MhMrG7fjR7NJW9fNn9QRocamvLnY6hPC8S8SEZHVrP25kPaLCHQrMEm6pv7mog4rPCC1s4Kjxk39vjckhS449vX

Transfer 1 tokens
  Sender: 8FmRqqmQ9NCgBhq3tbP2FhuwhcERLcF3SXCoddZxAF9z
  Recipient: F2UnaewjBBoYsp7NerpTZEWnJizNKUcrsJXzSnqyw2iy
  Recipient associated token account: EPGMUAEMRx3QcwmW66bFAr6NFBzCwdm7CHFLBbYFa5mF
  Funding recipient: EPGMUAEMRx3QcwmW66bFAr6NFBzCwdm7CHFLBbYFa5mF (0.00203928 SOL)

Signature: FxqEAZLbSRj42x8iot3PnvsWt9e5N35akbyWR3GfZLYVs93VVNWR9ZLPN1tpP97RAiCty5cHJBmBRM5zcPXpYeE

Transfer 1 tokens
  Sender: 2kCgZRh9qgWWcLs3cFF6JKX1hMAqWmKtxUj6CKXNLz7h
  Recipient: 6JWaG2sxVA7yUW5zTygWbWCLYYkUHT7UJuHZk3XNxnHp
  Recipient associated token account: JRPrQk4Tx8bLwGHWweasLgA7shKmkR5fcosroE7ZSBs
  Funding recipient: JRPrQk4Tx8bLwGHWweasLgA7shKmkR5fcosroE7ZSBs (0.00203928 SOL)

Signature: 3ZinEAMbWdQPzZKWNSc2XmfWSW4SAoonae9T7rm5EjoTAwGbZnsfPhfo6eJ1cYoudnXGiTXUj477tL9SKHgx9VmE

Transfer 1 tokens
  Sender: 5hryKBHgP5g4HRPy2Jj9VP8gHpuzkjJyaM95kfUrRX1
  Recipient: 4Qes7Jz3Wa5KYFD8KQ9hsfC9TJ4Wwy91iJo2mqL3JvXZ
  Recipient associated token account: AbtTBU1KS3oGjKmU83ugG3Np3i9AEyeQtXGBRXLpeW5o
  Funding recipient: AbtTBU1KS3oGjKmU83ugG3Np3i9AEyeQtXGBRXLpeW5o (0.00203928 SOL)

Signature: 5zm8BBQkgL8tqYsETdFJQEUzjRxdYE1UEA6dp1NHnNnAn2K6dhHArGG5GQvE3nKeGHSM5WVQBp6sHZ7fsZWSVM6A

Transfer 1 tokens
  Sender: E7guTPk6qRQMaw7aHxxoZ1yBvS7A4vkbS3Nzb1usB92L
  Recipient: EFpipurDmX4Lgv7V5TobgR6TMnBSZv734pgcZjWNkmfr
  Recipient associated token account: CxpjSgGYSiZAzDpoaZz3CSRWxJVPVP8BwQLG15iH3jsS
  Funding recipient: CxpjSgGYSiZAzDpoaZz3CSRWxJVPVP8BwQLG15iH3jsS (0.00203928 SOL)

Signature: 5MATgPqUcNZAmRA2NiPtbiW6c3g3PdJ1e42wBnDjnoEVfMh8XDg4L1DMcCrXNEzymUaVLKYZ7X5T7Li49fgAbcZN

Transfer 1 tokens
  Sender: 7rwUw23Q21ZWsTWwgnP43Aoz76BrH1mN8RKUKNYEPH8o
  Recipient: LCNyzyqQWVxmWFLX1ke7Yt8Ho4QokRSQtunfqFwTELF
  Recipient associated token account: BBDa2WdNU4TFVVqGTKUGs9MZFYY6CDTkGDij32dqrNGk
  Funding recipient: BBDa2WdNU4TFVVqGTKUGs9MZFYY6CDTkGDij32dqrNGk (0.00203928 SOL)

Signature: WkppdZ2MB99vnViHJCjVuwUJTEziHJ7a1vubw1t9SbgqjyQ6pSYRaPHdzhs9U75vttGt1R9PaH3b2iX5YkyrX5Z

Transfer 1 tokens
  Sender: 5D5rxBaiVUSwrJYnPh96u1EXNxCnjPbtJgETnkSRGcUT
  Recipient: 8fYbjVT745fkPJStJvpReCLzmKnwP4J7sVsad8cs3h3Z
  Recipient associated token account: HEer4hp6Kg5nMphrgMMVEFHVSj9h9TZaAbhYdxaNY67C
  Funding recipient: HEer4hp6Kg5nMphrgMMVEFHVSj9h9TZaAbhYdxaNY67C (0.00203928 SOL)

Signature: 4X2G7WVSzx7PGagbmcvkJypoDeuBxpTY4W7E4fVrJv97vd5u1BjjQbnQpZ2L89yJmb8vY8MbSw8pD18eoptN9yJR

Transfer 1 tokens
  Sender: 2gyRtWrHq8c2EAPNSibTLRSUBF84eK242kxi2fXGdKTQ
  Recipient: FjD9nUmzPPktL25Eax5CKrxyknMyFxaC8oTRgb7RvJbb
  Recipient associated token account: 7YZFdqHh21SR5VczLPH3xxeMcduWg2NcrUVynFfj65NB
  Funding recipient: 7YZFdqHh21SR5VczLPH3xxeMcduWg2NcrUVynFfj65NB (0.00203928 SOL)

Signature: g7ZV6sy2WefnTxLDKcZ2PbL9JmRxNrNsiky2ycs2R6tW7iedcY71wdNHaqRYPurBK2gmp8iwoaDqzMH4GbYtsaT

Transfer 1 tokens
  Sender: BSMrgr5g5r9uCkD9VyjcQac3to6wrWceVRwea7VF81Fo
  Recipient: DxYD1roAjc8Wd5hkJkNGABre5tvLgQkuCsiYASsYtPZX
  Recipient associated token account: 3Yrnp4bxj4SEz3CphHbQMA3LDHX7Db5HLDSZTSBBqPbp
  Funding recipient: 3Yrnp4bxj4SEz3CphHbQMA3LDHX7Db5HLDSZTSBBqPbp (0.00203928 SOL)

Signature: 5zbvUporqcHcyi69RaEkrToocHfE5VnV7z9oPFpDmxyRd7cU1LCKxMP8oU5iWtKG9nExCh1Ygdzex6KT1Z3EcsRD

Transfer 1 tokens
  Sender: 31zx1mWpstYjsSAGqeZwCAQKn96ZaEGeWCavLGCtzwys
  Recipient: Ahm38C7y2TfsoqnTAmRhFHgZnsgNjUBmtMAWw6V537i9
  Recipient associated token account: 52iXG3w5dtdPqK6WhAARirG523DsUiyxdYYbXLX7gTzx
  Funding recipient: 52iXG3w5dtdPqK6WhAARirG523DsUiyxdYYbXLX7gTzx (0.00203928 SOL)

Signature: 3RJEAw3D3MFK8RTNWFVxtmF8MBNne4LE74qm4g3F6FHFnAeotsM3bGavbD1MtZhsrV4aBaLSFqNb1FEoSAHkSovs

Transfer 1 tokens
  Sender: 3uG213yLTB774z8P7PNjV2QE7gSUjeHBF8gB7w19uyyS
  Recipient: 4ReyBodSJygchFFm6tHfvGQdBvhrCr3UqWTCvUoNyvfZ
  Recipient associated token account: ECRT6vnNdgMQHTqJPgdV8ziRcA1Eo8VsAcrHCDB4drXT
  Funding recipient: ECRT6vnNdgMQHTqJPgdV8ziRcA1Eo8VsAcrHCDB4drXT (0.00203928 SOL)

Signature: 5Q1pSW6LttnGGapcrRQ1PD1fRswmoUdAwWgkYz9ewfp96R23N16ZNMVbgGZZfWEzKdTsSDhFekMRR4Vj7pbdhmBP

Transfer 1 tokens
  Sender: 5c5TXJLRyXddSE5FthSt9vjTjorGPFK3rFmyjYcf7RyN
  Recipient: AsxYivuyVu6znDgnwenpLSLvkZDua4mGKxTvM2JgoeDU
  Recipient associated token account: CdHKqsgWMyDrBvLMNpaYKkCAwX9w6H6iBuDbU9xMierg
  Funding recipient: CdHKqsgWMyDrBvLMNpaYKkCAwX9w6H6iBuDbU9xMierg (0.00203928 SOL)

Signature: 2yu5Q55Qif9qPsfKqNJFUPK9zq5SifaMkPLHUZwykEAvMR88ngjERU4wGgJpiSWPdXXjwiZR9kuqvEKDUnZ6VwP4

