6y4b8kKXNSD4dqGX7Y8HTBXHaqV59n5tHZyX5xacez5H
9nF2vqusHupTTNgw3quL4f3jorvPdJ8VBPv3Uw1xt3Mv
97xAKp8FjyXkiYqTtYWN9ArD7KxTevzaCAo7VCcwLAsK
FpSrQMhnYa8YRnEQqKstyi8DYsMvET71CPfnmJkBSSP5
JypNmtyb7RkAMgnW3mpLk5MADh9LsiAX4yZhYa229bk
GryqvMoqZFnmTxVMduzUQt4RtCZZCTKRZwLNuL4KyKsa
DWaAVXvNg9NcNUPLCwRbAhc8NVmFzSLPQCFuwkxgp9Tk
Gqx9qjwhda6NqcYvF3EdKMqnMyxsZy6oN7tXZHgMUiVN
9ej7a4re5ZsayUKYpU91q5UEakEjCwK9mFb93zDAKwUM
7vuVQPximUB8afgfnjSfmxkQugzSSJAPfsaVrPgC62PL
AEUto3eFWHLAmmVRq3Vo2fmHXwte525jQGG6D7pN4RRd
CtBRWVTD5iUPgTE7213y31ngk66wFaUzx4M4cngqAHTA
MvogSQTXToXV7MS8hDbvfWGoELDtR5Z75SGMUNiUddN
51oET2dy4vCmZ1JMGYR9hbsvsLng1vcLD6z2AZp1uq1j
H5jbQTiL2FVxPihbsds3H5FBDCdm84sXP5on6p5VWNvU
7dEHcPjm5u3ghorGStN6TirTvNednPhhmEjtfVrhehzv
3z6u9KG9vmnKG4WKS8uZEdtpbmMQkJQAFwkBcGT5M16P
EWC6ESChdBqExhp96XPMLXR65pXP6Ftuh1pPAVws4pmk
DnfJgT1KrboU1Y8ScCxPHsayxndo4qpxZKUMgtaNuJ1G
6BCYUsacFYEd5VeD4hEW2oqXP1pM2g5RGoffXGBDe7RV
ERK8yW8EaPkbo8AtTHuBQE1L4bQfbLqVTPengJ8b8AaF
8WYRXiQXQSoAMw8A25HuTiTmkg2Ax5YTaBxmHZk6s5LY
5C9tu7uVVvPj7ji9K8hDSNsYSpc5cLgbP3W1QxfW9n6U
7KbmFStnBVAUB1NRKuNFdhzXtj3mfAT4jHLXoFvFFSaS
97xAKp8FjyXkiYqTtYWN9ArD7KxTevzaCAo7VCcwLAsK
6naqivpSkKAvd1onvT351UFjxJFqW8RmTNH14K8Eiaff
6ykYU3fWNQnoNunJKDLSVSZWCMPoajoE8EVNzKCYs9qT
AG88dVyfRoytjBW5G4sfCCsnTa95bJCsvVtv44PhPz2G
2qXqig6b7BWU6F6ZERt6AnsTWQHT8Lmc3nocGoMZHZH1
HZodz3HJrhXymfQAXvm8H8KenmT7rwGogrA6X8jag2oy
4FVaeboZ2S3MGgKSfwGTJQV5CbrhbD6aBV9m7MXZTAk1
7VjbfLcWykKP3ymLFD4KsutjYvfPipVi9WBYHtuaLaap
Bg5J6ogzzRzUpJDd3KwEfHEnFwzUQTVciGMxrWWFfuAq
5XpPW7Q9V5XJNEfzewJ3zAnHqjhwHkiTn3Ee4AskmnXJ
A7QEhKyS2fpmafFC5gvhfogPJTRZsEQk9JDMfdHiZqnn
6Uz21kYRJkMYayehzi1VB3Ub5zojwVyGhcdMA6Stmp5r
97xAKp8FjyXkiYqTtYWN9ArD7KxTevzaCAo7VCcwLAsK
F3j8ERCWdMVf4NcxtXuStdp5RNCB4gvysnyFKEQMg71b
6ykYU3fWNQnoNunJKDLSVSZWCMPoajoE8EVNzKCYs9qT
2XQUudVBiAuUszo71JcEy8HN9JECiLmNv5jdACe45rLr
G4yn6VjDQoRRgqKVt1fp2uei3rFHWWKA5JwWPMM4eCgT
9ej7a4re5ZsayUKYpU91q5UEakEjCwK9mFb93zDAKwUM
HTfLTVdc8BbMQdahjkpPJJUiDdpZZVbhFX7mwW4diZo5
HJsUDfxS8FkrgZb8ewyGPBL7QKYdDS2VtXeZLVBCW96U
Cm8cYtgtfyULCzisqUnMg68aqqi12PGZScouQfJRfrG3
8Hj4C4Row7TkhXyG53NaofbaJW6xYmZCpKPzYLdNGJ5P
AcuEg5PvtpxeNEAsiDVjUAjMPdqMSAsyi3qHekqpBagF
daVrL4UCcY8r9H36wsDCSeZDvL8ui8nfZF5fnkFH5Pd
B39xc3PgzU4WNnWZDoqoDLW9w61PpA9zUdrCp8L4RKt3
AGL2LQTYLsCZC3w6TLipMXkMDqpG2ZYtmKGFZRodT3m3
5my1AKF9NNiBYzFdHEFqCNEt3zja59jh7AugpSawC3mU
7tMyU22ViPrhY14fy31bSmTsQK6rwc9q3Zbq2u5RkZis
BuDg39eXVbSVt6QEVfxkKPk25Bap55Gdeif9xh4AFaa7
Emctvfv7Nu151mzDtFAVMYg7somSK8P83B9TWrm7HpgF
BBcnpuGSbDbMhZHugVRhURmfdFWkieXskLyHvqcFMsbT
AgPhAsvcwPfT8bcAQxfyvymHdS9enkCzHDZP67ihS5YM
Bm8rfjGRXi12hJRtZevZmao6tETmvxmbLbrk6d4HFEGK
2pQvQF2WAZ7ZVx78yJpHyw3nVHM2kKAoZzve29yFrqRi
AEUto3eFWHLAmmVRq3Vo2fmHXwte525jQGG6D7pN4RRd
4bSP9hBtaFBWtzyftRy4UNJwwqcAd2QWNXC61sVf7p5y
CNbzW6od6C3YMNLKpVUGUtxDHjTn1QzgwaDqmvEj9C2E
HQdfvZQtRTmyQKftw89qdGkN7qq33JJPdMDK4eiyr57a
EEUHeJFM6mUeN44v3kpepHXXBcGY8xV38TjTNxHEt76U
BcwzmAJunqVo7M9PHuUn3srQJX73bd9xr5fJseCDGAZm
SqSri3CM7V1GLSoKJJbePSt7UqGpEpiwmhnsJjsf763
6R73ZhFAhDgf3PmDJvWNN1QVY5CL2QaB5iFyzLm99FhE
73Z1WZL5JsbU5SVh43DCXhf3Dis1F2fx1FqihSm5zKhQ
7s9uXAyZ8cmpnc4ukL1WEz6DFEnGy3vdiHzFtcxeXhb5
5CjuGr4367okukGj6mUQehRzd62gYBN4yu7KuYDxN9LC
DWaAVXvNg9NcNUPLCwRbAhc8NVmFzSLPQCFuwkxgp9Tk
51oET2dy4vCmZ1JMGYR9hbsvsLng1vcLD6z2AZp1uq1j
9rrTtcPunmFtuz9DfDXRPWYu39hJkNXHxzhHtyTzaTg1
8BfdJ4sUNthTpoWbKhaCvZidRwEqurZXCLM1BPyJfkA2
7fcwxQgEkyqWhCJq4B9ViKCnzdAB4tZohJ8TdMLxuMzH
45cSW7DAVh4SjGVL41nFU7anfi3ab2RjYzSvuy2iHBCF
BjvjuS13q1R26N91RNxTg9vmUbAM7huCwg6V5rU7qev4
DSrczqV5wvoBewQjYJ1cf7WTMxGjnnfyEpx3dvXogi7g
F9zgbUwXiedzPet32ZBR1uCZ2tLNreRX9FJfL2D16yTd
BA7N78zwguVEsumBr2DBvCY3B28xj6RY7NkTwRVWvcun
54Mo68jPMSBhszCC8dUA8hJEpQxfjGFyCcTFGDJcTbvX
51oET2dy4vCmZ1JMGYR9hbsvsLng1vcLD6z2AZp1uq1j
Gg1dcDi3gUqt1DhwLKgUWRRdpjgwqVAzKDXiKkCpd2H
EhLMtwdB3gSM68fesxbiNiXVHdpAvioTCq2f6sgjKNGB
Fni7b9HLdAL1fPNHLYzQxAyZYN1y7MVKmjxhn8QnyMWH
9y2rBRPF8DyjmWaPH28T2RVWLG2yYQaF7n75q1wdRTJf
73tF8uN3BwVzUzwETv59WNAafuEBct2zTgYbYXLggQiU
51oET2dy4vCmZ1JMGYR9hbsvsLng1vcLD6z2AZp1uq1j
9k7MozeW4FD4uH7PNjVugmwUuXAyQAjY3LQqMj8y6WRT
DWYyT5r5bSjfB2bFc8sXYtFwRJ97iU6Qdn1sLkoh6JnG
55YfFvwjg3A86gqMZ2vAie5eJYjbA9Xg2vqprnh4gYwg
3MQyT4Nq9M1XT6NFxmBT7niExnxy8BXKDfX9zC6LmP5c
51oET2dy4vCmZ1JMGYR9hbsvsLng1vcLD6z2AZp1uq1j
nePgPRzKgbp99JRHtNPTudp8baVoT9rPE3S1w7gxDSa
2UXPd2WtjS9FzskPx59gVce2r6G3gfSPP5w4RjbSEfwV
5ycVUpjd4zxEpxWmAhzAt9sZgzWSbrbKDRcan8Zwu1me
937u1h6g8MNS5iqZdEE124t2FdqKeQda1FdoEPTrcYPv
5Cz7GSRKnuFDaXRHeNJpHC77aqU9BY97eXNBBCVhckLZ
BxCviB4hviwgAXuZscTiTQcoXd9pF7CdctqqNw3txKkT
7t2o1NiSMBSbVAPFUdSkzJSaaWLERVnuaLtvNyZDSkj3
CakCB2mYApvhtzJWgmejHjuTAVDGbBk5zjzrDctgkxjM
AKS8v4KWzjNevGAgDEHgytPvVVv8N4dVGz3wK3yxhbFS
39YD5rZrsz8mSdtyVCfwaG2cAh5Amq4wDAgqZEtgXLRj
6zwp2ZDP32Y2SBCDJd5AjdvqfZaWGjPK7jTNhnSSCwB2
8ZuKC3kiZD5XsWV6Rd1nUn5YtEFXK4s8xygSQACk6eWo
5LsYixox5LC5iw1axsSMey1g9wyM9d3BK3MYTXu8pdsk
3LoqWSBGfUzPwPzUvyz1gKTS4FnQbqh71S6MzgC1NrAN
51oET2dy4vCmZ1JMGYR9hbsvsLng1vcLD6z2AZp1uq1j
8JT1upRY895HhVQSXjgHDNoP7EjB17x46ZZUmBxVrBM1
4MYxCzrMbXFaRAJSUHS4TBcVpEcCshbdvjFnR87oZCre
BtHKvqrVTqWb9MYvZ4GsMsg4mc5PhgaYFVdZnCwQDh8X
HMCuUsfswf8ngtNg1E8RgpcthsnjakGfSptKNqyzBuYb
EppxE2vDF8cBrRmJ2BSYiJ1JtHcPFV48YR4NkRD36gHZ
CTEE3BmduNrhdYvbJf2nP3CDyDBiuamL1JaoHP9DrQA5
9nF2vqusHupTTNgw3quL4f3jorvPdJ8VBPv3Uw1xt3Mv
8P17pd29uZSPzUn6QQ1328QWXqpG95xy8djdj679qPDj
6X5XvFWe9NVV8y7xtfvVCXLsjSKi3u9sc5XxHQpwJkxp
MvogSQTXToXV7MS8hDbvfWGoELDtR5Z75SGMUNiUddN
2RP82osoJ8QKLa67eAZELWkqCJbAK6iK42E4SLytpsd8
GX1Vmx4AecReyK1QxMMkWhqzgGmNs9HUVPQkaDBTDvkK
AEUto3eFWHLAmmVRq3Vo2fmHXwte525jQGG6D7pN4RRd
DMr8JXybdbK6aUWum7zbRdZ2ECB4u6di1xH8UtzkyF4n
AyCkeo4nPGqVmEagSspU7oN5Dmq2Lnj4kGBa9Q9nKVpX
7BniTzrcyLnUKtAqjzSJjMuQkh2QWx3CAEUapuuk362w
9T5HG9sttFQ1wfdgSHR81mWuHtMDEc8UN1g1zEPKENDy
D7qcUa3S9WTsgpqmJAfnUfFFYqbsoPKZgUWmwvYmNvez
8eeWesjTSLG6Hdy6GV8bwjrBCEnwY15LWTkyHtGtsUB3
6iUPQN4JpLAHeofG74zXnNUmJeFFcDArmDUSu4TQ4qhX
CKb1wznwqUMF5fXT1eJ9KG8E629s2jfp8ARxcW1CjXft
5ycVUpjd4zxEpxWmAhzAt9sZgzWSbrbKDRcan8Zwu1me
8gChtKNEiUGRjKzmPBiBjeYKzeukEsxY9H8SrBTdRtYH
51oET2dy4vCmZ1JMGYR9hbsvsLng1vcLD6z2AZp1uq1j
68qZUb4UviBobRWxaMJQPjGzEpVkb6xuY5k3YMfU5zCN
23XNgo4x5FwiQbN4TV7MZ4ssDgQ398vrpkfD8F3S8KTj
51oET2dy4vCmZ1JMGYR9hbsvsLng1vcLD6z2AZp1uq1j
Bk4x49qNPR33QrhrCfKoUQm5dsFNi2YmPK5hVTVQT5Lm
CKMDD7Xp4pBztCG5G2utc3kXvFqPJ17HMDPUwhLiHzhM
6RQ64dcHCYaEDEEQ3mFAkD7FJKky2mKh59fT7neYvVnP
DWaAVXvNg9NcNUPLCwRbAhc8NVmFzSLPQCFuwkxgp9Tk
8zfdGUKpemtzs2Ypb8reoN3A43o1ZkbwFCBNzpUeFeUo
rxuqLTYAC5quzjBUcUftK8mzhwGGFNByRvDf3A9oQSH
51oET2dy4vCmZ1JMGYR9hbsvsLng1vcLD6z2AZp1uq1j
5LqNGhihihGxEjhB39uadMXCSsycsrixwdvuhR6C8EKf
52dU9FTEdfmz9TL6k83PXnMsq2Dp7e4MYac86misgKvJ
H7E4JB8ebHaoKQe2Z3NAwXniKcuy7VVuAoycx7PYAbE9
DCaxpYXpNxUxFcaaGVfVY7dYHT2BuBPdLAssdvCqrSsd
HegbXqdSjyAarH8HQ8N8A8WVoQF1BDLRiK7GENaZyUCw
bae93fAqQRbzRBwLnC5ZeDt3j5uX23nD62B3pwvpgXB
4Dt9sfqfUckUbR5vgYiPzDoGUxbGqYp4T5iKZySnesSC
J5A3v9dXbrMiSBSFSTKfFC55jPwpn6MaavuDK5Q9UAn8
6aVxAU2nNjSUmDkSy5zgavKcZNKGov3xhi6tUPLnULLp
4nUC7asPNFbdiB4zQNQjY5H2s8mE1ERobeig2KzFhi2e
DiecGKW3N9yFQgmYo7wC8VyvVtxycwqrNyhKgcCeD9hS
wwrtGcAT69vjkhsaeHPXqjCQ83q2HZaqUagPKs5h1tq
2iqr74o8U1DgMDs8GhSj3kWdC3HTtgdx5TGhk2SswwEN
5NeRMVmKVGEzsKS3MqiVS9iJb54hxGVNs96eAhz3afH3
CjrFwV2WFEbSiXaUm5TRznxSK1WyXtKVSmQ3ChirKMYK
AsRzkcSsQCum6Z6AA6onHkXYMKXZa7Ccb8AVSUdSYHv2
8JqwqS6TfmeVJGks1uMRkHPi4MDJjjoHSmi6nS5kzZPE
4imvcSxxHN6hyWy1XrxJ6Em67XZDVmMVCETBu9Z15Wvr
CYVikdfqKK1SmPasR93k1p6CntrmqGW4YcoSYQQ2TeVp
KwQ27yEuXPR1mhN8tTexSDQ2VDXJsZTqpf7J4k5ireo
6kPujZJwhfmDYewvDfphyrpxDrFYwwPN5ZbZdQ38ZRRB
2Na8rpQE5255GmmcRBmX2PyGNzyiic7n8nN7stqqrU2Z
KWGCXVnaq4KCsHAW79h4RFVbyHQZ4eWht68mJWnmfg5
GBEFY8zJk36aE5TNHQHpCmcMnSmY7VzcEt2upUsxRWB2
6mv93ppVKCfhwZkoMJjjQUuHQECUA6KS4SkLfteSaprP
3eucHmLaRJzL3d3rzYx94KvxcVhR4ESLo9R9hhb5Snbo
FEb2mS5yuehe3rNwf2gMJedZp1utR4cqfykinQQXfNgR
PNUazbVrdxgkHu9s864orN2nPAD7P6LbdMbCbgLUBki
BxCviB4hviwgAXuZscTiTQcoXd9pF7CdctqqNw3txKkT
8dP7pF3UR7aRGrkgshVUjodLrjg1MQ4LrnKFqytrdan1
EBAn1DsJKwurYoNZuezibmYa3siDCQqUzSM1MNzr7MWx
EY7pJfQMfQKL6zQ2EPZnyafR1ksniPzNB6WqB6Hjk28K
5nH4SNp9Hhigqmjd8spT6UyLKN8okssmWJ48uCGfWf3J
krkQ3S2fA3eC9dk35cfE34oNbfyDQo6VQxG7mMS2Voo
FBkdDE9fbQobTccnZr2XDqrpeevmeChEiPLC5ABXUXfE
3HFJjff8iUTvjLuKHjzJYzJZNvG46FgGPz8bgTKYUw5z
6WkubxrGPgffYK4ccs4k8YG7R8oVcjp6C2ceRpS5LZDj
8cBEQ1v5QUoCFPuL7ZJG6U25SdveKFcdK8UkAvVM3Pub
HFwBQzvVe8qz1M7CxvxQPRtUxJ7zxwLg24TpABcWYTUb
E8pAWPsMpvuvxU6pqJqrq7yip7n6VgzpAcpdqbzcV8Nw
F4hN7ecndZ8Gr5KQNSFaSrMGawMasz7jfWTLTMpk7gaB
87bVJ1mvLXK7TByxrVYvhsA7PiaFYVz5YhP8iVxWMj9p
EEUHeJFM6mUeN44v3kpepHXXBcGY8xV38TjTNxHEt76U
AKNWcLwASgj645B8wNLcKuTsbZ6vZTDLxzQcpjGHpUca
FJ5hcKnacavLz9geNZDRyDXdUvZHJBVnn5RLLy3sRtra
FSxgHwEJCiuULzsdhNevSR1n7SFunCvFqjHeNLDRHxKG
Eq4fUs1pN1qsDakAXPsgaVojQECv4nL1zr5weSKLU4Zc
HyJGn2q8vgYCH6urPsQXwxu6W5DqecVvBNTMU5RnnWrW
FxC6gixguqfSM9bY32aGkoXxBW9Z3bfbH19T8Ydykmj9
BVFTQzEas8kMPkcugksaTTuLnQJ8ESxtLryk4ngdyvjU
H6ewEQKqUYhPFNBUBjKugH6MNgBzWFoJ1U5fiVvyHDnv
BU9GQbSnXQcF59sm5VW5vM4QP138cM6s2vV4p4HhrDjY
7P4Bb1pCMuYNveYhg2j445cmTRCEGp2eAAtBQUv7Jz89
6HVEwvZLsexGH1ztFFAcpUC7QozsPYK1gxirdmctjvpb
D7dy5JNrwANxCMgQW69Vrp93yWnDfjgnsSfVTSdZpZnL
2mNq3AhQahJ3HiJVp7w3jVkog9Q7aSaXwYZXUhTxaNs8
AbqQPHMbkXWvGP37u32CZh94dynqmuUcy6DJYLjM5bak
6cxR31FgTSxgnnS2cdsjhpbzyzYhpdJVTrxdHmnM3uBw
6dWYKwXPMgr9dbsWsE8FgsTHgHudFaF8vvaQTvYcHnn7
HHkUmGtCWDSy9juDafQx6KoYeAqUqpZetJrLDnvDCZMX
9nF2vqusHupTTNgw3quL4f3jorvPdJ8VBPv3Uw1xt3Mv
8LzZbttr2vr2sD9P3ResFfzcdzr6AtWySLQUBatcTTFh
7QycDRDkkHxLXjr7fvu2YnyAfbNc9MfaqA3NGQLWZ4s2
BVFTQzEas8kMPkcugksaTTuLnQJ8ESxtLryk4ngdyvjU
2PhHTtsY3Lc8bnmfq6QcnezpqcwdKYyvkvXVzjJ75Aw4
3eucHmLaRJzL3d3rzYx94KvxcVhR4ESLo9R9hhb5Snbo
2kuejuuMgwVFvhL6Y8GS8rgNM2fuuRUypg4497CoXfZA
1cFpUBQHtqxAYk3NY34GWt3zVUmmTqLN2jBm4BXWgE6
8kX16Yj2WBCz1sPXcimafGrutQkw3s3Swe9sR3gt3cC2
BJSXGMEpffDq9sVJm7Kj2qEw7aTJy2mQB31DfkKvAnpP
4feGgguZ8pfDacgzWMk2rpp4odg53QvY86TjoPtycFbF
GcXoVa37eAB9Ng7pEiYavouFG829qUdATAW3NAN2RBH4
EXP4u9nrkF47uGs1ryEzNs6SbNsyriwcQ9a8dKNzzmBi
3m1JE6nMWGDzCQLMxiVNVa2H8F3CmDVgHJW13FQSUkfZ
CakCB2mYApvhtzJWgmejHjuTAVDGbBk5zjzrDctgkxjM
51oET2dy4vCmZ1JMGYR9hbsvsLng1vcLD6z2AZp1uq1j
9nF2vqusHupTTNgw3quL4f3jorvPdJ8VBPv3Uw1xt3Mv
51oET2dy4vCmZ1JMGYR9hbsvsLng1vcLD6z2AZp1uq1j
ENaitWuQShMrtnPhATzdnZSEKDo44o3RQm7EyScDAKaz
4MGLKGy7D2E45Me2AVXf8jYBWDRKFJx41WQWdf7bXpBH
CvTZWe3SSDMks5rmG1wPA91mxba8FLw4pfm2H2YQAkgm
CUaSvR8G2LbutxGJMnW2vT74Yo568S1oUcjSDP57SajP
GzjpZ3LMWMMcvuAHUWT6tPnaHBVNpYQL6AufGqHmGndW
6LqrsZx8J88yXDf1mcZKn1qnFCAZo6YdDgU98cPKx6cN
ALhGkUSu6MsAVJSFXecaiUtyjqRTNTkdJknbzdjLyZcU
9cQepRHEXLZC2F2ncuK9HY6b228dQ7HNCuxZatWZXsNe
GgZbQhys91T7bwVrnRSpzK1DCnzAjcM42ZtSs8PC1B28
BBiKoh5jGsvb1P1L1uN2cHJwagB4yqZ38j475FKvamuo
2RwD5cXVfvtGGoWmhGysLKupxhMZdG1Zfh81GcCnQtWG
GSMjXjGwD2R3vSeDG8KUdo2e8zppxfagKVnheLqSJPtN
EGe4LVyQWKndKa1jgwNeTQztmcHfxwnKfJFEZRXgUG8M
73tF8uN3BwVzUzwETv59WNAafuEBct2zTgYbYXLggQiU
8Hj4C4Row7TkhXyG53NaofbaJW6xYmZCpKPzYLdNGJ5P
CMtfqufcnudgCpfZgWTx8R5BYSerpJeHLse5HeRXx2ew
HjezSazHZ9FxjtcKkfBTDFETEGMkiTMmoP8ysK4N2z3V
BcHtLUUWubUdGgtaszjQQ5zG2fR52JixPc5ksTEkfoeE
GfAbyhU4qKso2J1PaQMHX98CXJ5PHyQ3tLtfU3mFrM5P
3RugTeqtgNvgESsVCohkrGKEsz5KagjecuPg3qgpEWaF
5kvQv2cRxzcgFpNqcAzFAYcMTns8uKXcXZtEpi8ztMxn
3VWia87hNkxgg51heFc9z1GtZdmSuC63RGtFe98Nnsbb
HUqXsBas2zF8D31GQ6AbtgfmxP3s4uuETG5uE6M1Bg7W
7iGCFYLUJczcHwpUnCCK5QFBCvYwznnj82RoYQQnWu6d
EXP4u9nrkF47uGs1ryEzNs6SbNsyriwcQ9a8dKNzzmBi
AXo7GshnzRDUZeV4GdhoMZR6PGvCL5PFv7mdve36ifZS
GChoRaGhcY1EPPaqoZ57TcpmBD1ECoGPxqkPE8zg9DSX
7KbmFStnBVAUB1NRKuNFdhzXtj3mfAT4jHLXoFvFFSaS
ENsWpC7ro1iWg7hUSuzDWovZiicVAoURX3fstsmPQpjQ
3GFSEgAQb4niaJRPjKUFxKpXpyJjZWijgM8pnbk6GYzA
DiecGKW3N9yFQgmYo7wC8VyvVtxycwqrNyhKgcCeD9hS
