BTYAkPsXyV9k2aRdrUfbTJo5drot28PRFZ7xwfqSCcMG
6NFVCby8wybkisM9BssKisrcdsj85pHrYPRrZkZx8swd
FYVs5G5TtEwXswKnfg4qTDJbezP5jowbfLZ3aqcnZW49
HsJNJeURbbWybCPy9MSD2ECzWJmnp9W6VDw9u61ZpR9A
91UxAsaMZtTBtgkYE7ecThkBPssYbygwshZVNtCLnzh4
3MjcqUfKVtFbGADs8mQjX7eGPXBR5EW6EmGJuTZBqnMD
7FwKoisk1uzXV1k4t9VrPFS8HZpXV1CyJkUsLWS861Gh
94xjLczFJBDfJiEWa4WWeykuytoJKCJvjR5zL6C2rSv1
AyfxGHMRLPgD1SrCXfi9tEQv6gXhAXUGtQ3LB4sJQKax
2Vjy8y8k1G3Bg6T6BnSxjgUxGqhjvudTNbXjHUTVPCxV
BT3wQNubby2GqWPTBTuxU8mjWrxjeZF4SBSb2sFG7icQ
7KTnwtVYeoU1YkAvLHr8PB3pw4AairEheJ23GRziQatu
J8NKWM3xJvFz47WaPxcQ5LP8TasMSFkQpyNeDus2p72R
GG3dcxQiibpk2EQZjTDh7DJaSeJr2HG2wbfE92Nn1XES
6DYkhZUgbZKX1AAnoscDqY5bYvEUvKQVWh3K2hFnySnR
9sPkr4bfmYR6voXKXTEgC5wna2shB1s32CYeDtxHFGrM
DYttP6f7q48zemRtSrSiwRNsoStQbCdZ7Yn4MQEahzkQ
GhRphg4AsMLqxQLVwQp9mQWVfVzunVoyW4cxSLmHXAQE
DeChiADfRr6GAtTegue4xLXZ6qMmjY1hD554AanGcK5J
GqUPMbazjTb8hsXay7snF4WGNS3sHhqDfD4ypTJ3UVWf
2K8hhDRbunji8AZiF6w1Wy6gN7UEu61yJeQJeVmWhu9w
ETGw88PmF66UkFbL42RiTg9twQRg5ZFcXjWBeZTzZUcS
8cAB9e5AqPQz13y24UvMZY1Zw2aMCZpkF4Ediaj83S9V
9xXgUy9BGzE38ScoeKgMj7FA34UAeZLaSEhXeyXTPE7K
4sJ1ocXP58gNbwRLdQgRy66NzCmi5LQEzWfs9Ebx9rfY
8gJTE8UQXSjhforWPiGbK3ZRBKT7pDtkxu7MaND7y5o7
G6ja5pTpYhCzt3GfeVJU522CAn1S8huvp2dDS6AM3mDn
4D98BRa4xfPaoev1rYWmqT6g6BaGNv3k2SPX6cFkWb7B
9c1a6fx37gbwnxRDPo9rKxmbMufvUhtdzvsWmLYbemWr
HiQbzubvzyEhtmnbXVJFqhkEGd4D9iYF1zThDo4tVZ5o
9HmHFWPjTCuyRfsgrb7taXcyzou19CP3tEh8CdoFG8F6
CKMTJ8yz4Btq9ABfofTaKymsfUvBw2pnYGzf34Sytpse
Hc4Y5sy75pcNLzAs1NK2Yyvv1Ysn6roUbtJ4yLLUGtcY
2aMVk8h3RAuqKuqLU85wFTgzNaJnf3i9zNCth4ZmzDjR
2teLjPjCsj3FYW9o5FZoXoWbcE8xAjWW9732YvjVvMT7
Dg8Cdf7pShUi48vkmd35So67PGSzhHXCUbSBXpkyj8A6
GVhB7i9BG5nAXdPCLLsua9fB9GSEZVjxCX1omxd6DuwL
5XmkRaQJZExNx8BQKQh6ho6iEngrDJJQ5yY2mNqZFDQv
BA4hcjAmjooTVD4H6vxcRPGwWmeJaYxmCPmJ6eYtz4av
B7RKZcjb2cjo4hVh8rceNT4MtTVXfhatG42DaRAxEhcv
9n6SbXqPZ57TJmjrwpPGmmn4WopUVJFjTYxzftbf7bU6
CrSZU9ajN1HPSZZpHC1z59xQsbE1XUqR1rx6EaXop8mD
5Dm6KXMapdb1MeTHuhRPuc8SEDyg9SUtvgMBwmH1EC6K
EPH4UxPFqsaaEmpgYdr3r2pGDTmJBhyBpHmFzrqURL7C
5xZiPDbdREirDCSSV8EVhu3MRXPHY4y8GmuYt4ubkFrR
AsTpn4pTJ2KPfF8NnQjnSWoNeXsgp4w5UEfsXmya4bs4
C1NBjQL9fYbuMHAW7tEUbzezbc2Y7CTJsx7pgJicaA1q
88QLCh2ZKufDzqTanj6hwh8fAZyry6asF72q822DcoZC
DojvQjG8FpHcvFypm3gxkPSZpHUuBKpD7uQupesmMtt6
3PahsshovSEjTfE5gCnpnjWdEhETfH9n9p4YZUSMTXkt
9CVw5diMfc1ADiuacfQXTE9b3QLaRKw4n25DEURAg9fF
8zgs1pgRYq2HqFWgWRJYjuoHq2mf5kFFQeYBMsqHV61C
9Si9yWvonNJyGK3JdbjRoDXiJRG3TsJToQx169pN4tcG
CkTtqwUhQsYFprfq99T4goQP9taGQTLFt6PKUt3EBuAX
2i2TdVqDzTQyb5sNonP92ZzjPisZqZuogJhLiFFXLMeP
94EWp8EEiew78BjHH1juzzWMfbf1Mjf7WXx78L8GZAKE
AoXhzb4PQ9GvEanKLCPVAGeeHbTdo8RCzz9Emb98AvwJ
7aHSyUPiKVimeGBaK2YHyBf3sa97qdELmov3VRCRpnxd
AS31GhGcsPBV6cpUbsk1hQPYNHvecMXuoez4Jf82y9n8
HNaHzoLswfMBNZq4oUyFpmoEHRYA8NCkCc6dsMGbSzEi
274Q48MX6ESDafnesNdKzyagS4nNEwRgBAk15i8LXMHJ
HYWvXBvQuy1pBCS2mrvQuGvJ5epqXKXduMDq2RtMJXGu
DfWzxtzGahTtf7hk5qU2925QLwH7G1MKThUgzcLAKTHs
DfewTUSVfHoXSQWmAqLjCWPtvaFQfhQ1cKYaAy1gcjL
AmEydJDZCYLXX1LD174hK2RLNh2yzj7tdGXxjzH2x9iA
EUTmJ2rcajrbVwFErH5F61M4pfxAU59XkDVmqLFKrC5T
HRE4zkfX72aNuASf5zpaVRhADWQvcd8pXnqLHr5DW96h
5kZ7yNkKLmFVXHsvorhJj9f86uC7XVWGdbJbmBHA9zxT
DdEvndUewvgP5GuurwhdmRTfJjWymnn3mQ4uj1w8NW6y
HWf49tMqKYiDQmfBiZzPgBJQsdUu4HBz8HmF8DofgMNU
6eLwX12srEUKcuh5NHFXrEwdfTxQu9eX2Bcu71hupySD
J3uFDrUZ7yajtiEuBFekicJsHoFRtEa6gtiXVZNiDEyg
DdhwMY5Ra58FYnReG9GGLYdb8uFc9s1xn2ymkHFwS3AE
2Hcv5cPhWaq9m9ZTbKo66y1APhmExYkSPjdeQXTqhFH6
6LjA6Sip38GRaVWqbcCM89uNwBo5bJ4k9HBMWR99ukif
8rXJcQMBU25Q4GyUX8bCaYp2kR3Akbt7PrKV1y2sbwC5
5nn39dA3Q769weTtUMMhRe3vDQ3bPcBGVyMwsxgQ2TEV
HmPzenuKwHo4WQsQjvUbusHHBVAgFBMRwjij6ctgF1L8
67EfeAoKSmDYB4UkPzacwJJthUc73EsQ9eECgRn6Svru
Grtd3wW9qcCyxAwCZJCukzN6ELtizMDexAazjJ41x92d
GnLk2bj9e7ntDGc32DejYN1TbRPQsTSYLo1Vza7nsuQ2
Fhya3HY1sCz93dCJZZvanAtU3eucxWAvj9KpJSMPUkm5
BecTKJsnRyLLsiFCnHC7eK25TL6MX2y9CE4X71Dapthb
5DTKgUNtFD5W5V5KRCFdocP73aNPrSmJ2a9aZVb4Dwc2
E4TyjULipySKAXn4Vb6fMz8a3qkzvTtVEKHPAMNLt5eT
5t4NkJaxZ3d54ffjvky9nfzjnAuDLajQHa6tkqqCPFjQ
5udmFmsyENuJGAegVfGQ81VhNnmEhQrfKXbohvwTrK3o
EEs4uLESfaw99ceREx2osWErbtucaF91gBLSTUENRnzU
2W9dWcmXokRP1SbVFXSgrBcHtSYF2ZrDBsdprqi8Uw8v
8umnfEavWFpueKLWFe44N9XQDdUd27MHR5QmvUec9UBC
2nfbZULPmQSNJJDFhDPu1dEuqUHSMC41KAQVQdN8KHUk
CnQZx6JKoaQENtwDJCPEHYEDZ4b9pWLzrQFpkHmAHM5U
GsipN3qmFc35aUFMXJB8UnSi27tDsTQ4MnnsJEAcRnrM
4vqPNVtbe5HWuxefr44FaVujy25NAmpPJ4XzhC6SrCGh
EohAyzkPWEBL2TDTpfuVj9BzxMgJ6stPbkUawjAA61zG
F7jceKujQJBJZe7TLgnGzTR7ZuFXd7oYHoszesZrkYsL
43YPr3Xwiv6odGp1b6apEJpWnvrdZRLMDwZpMCZpMbaK
FwQyCZpNx8kBncuLa8cQaLWbPHiU9DKgHyj5eNJbnZPc
4u4tjkRXD9Unv5cPSCK9fDWABZCyaYVpeDpxm95dR6Nk
47wwYBadvhoPpkYoyDXi5Zd7ZqeL4TUteZ4xUhFaBgCj
8LdhGSSW67XDLDbTioqbcEGuXwY1rz4BYhB7uG7oEcWf
6UVwF5MXLKgAC7TkP2okcBaJmwK3E7Ro1FwfYqxiCE1n
8pppKzgJL1GYZcGpi68ykTG3TtLUiCZfknobfH2vH3fk
CwPbRE5vwyu3mQR3Wre8ZAfFXnDkcP7AqBf83JfKzZMk
9bAnEreLyhBdnHH9xNP3LcaSPXiXsSsLSv3jBQeHMRA
8Zcix3q8H9FbpC1GVVRJU1dMNhvjGdYKPWssLMzPmJbQ
E9QS1p5qTZQiiRPV14nxQRrd5cEo3hk76svC3VmJN3zy
FVx5BWS2d5y9fWDuWmgP4HgovMtCxgLqiJbBaJHdP8jT
8eiSM2MrWN4Dq4pKYPjfHrHpFyN7h36sK3ictQBsUsZq
EMqq46ELC45rJM9MJ4P35pDVhuF1kgb2DzqXNHBXhSNX
HLUaE9ybWvaYiDMZLccne2eFz6fbQuRscYnJtL2x8L8Y
F4jzPo44mEDdAjLtHa9w1GnnwFNuoYUh5fApzZpo6ydR
9BvRSdfn7dAUwDfagkqUbD7CHUSQ8XtuRCaCBvBi6rGR
75jCNzLduXRGRtiLJgym65GQTvSSLqAbx6M6DEobaZxw
6nVXajpWPQDKYZN7vmW8keS7yeqWvMKWafwcficBy9UC
XsHswijmNscHJnyvSQsV9sX74hezSQLJHdvfZ2AEiRd
FYb3wGX8n48Xk8aRCKex7zF76W7TgdAVeTJv8psduMbH
7k6d5d8NRtTuQaUpndTcZ4yD5EFrvdL1Fdh4jcnuTDrs
9wzv5eynhSPDo3jbecTLKkPPJvvzr2RWhZq4tJgeb7Qw
WTwGFAf13EYFviMRmBeRg9VnhgGLv3TNhBEKqoF4L6p
4gyq9WVh1MJn3DrjAGCjVDc3iqMVkt7j7FZE4ZPSpK3B
CYRXXVqVHA2Ti7JVHp4v8A6PjKqtW8w3NHif1cpSBQTw
2LpWVv7RTRwvZHn8sdiXhCNDQJ6CreJW3tajDKoLhFpn
BXP6dsgtirRj2DVqEA6v7tC5Cy7xVyw5bjpC1i8bGpjd
AibeFMqKERTq3MKHh1FGa7R8zfgSh743HiLwx3PQv98N
BD4QFYByWU2753WqXd8mMYvxEUXPpSzhmNmCbhb5yyVR
5E5RGuvPWZqUtgbzGFgZvMEzPZFt1rSBLBmnjiE4Vv9W
4S8c5ZScJCNf9t4UVz1qaQ1d4xxnwJzz9adaNCxfvefV
CnBwg4X8dkctvo62tG8iNPpYbx7dH1Dc9UAVniHEUBbh
Dw5HZ7GJTKhgDRKuVC3BHzcKEw5PrGLompF7H1Efj2ia
GsVehDtzqWen3FoRmUPKjRt2hTBLWxB6AUqbrSaAD8K3
GqWuPnGMU4oYppyTYHHaENFwgiPPKmM5gzcB4tsKYNa4
ESt7yyukszB1f9YDp3NMWwTct3qoS5Qxuh2Qwp8ePvHy
B6myvrExSHwyviLnp8uCWncFsVhsPU2cXaezg6n5JYjt
46wdaeJgpkYsnqiozYwpVTBeDstr4p5yXZWjWx9hPXmT
2MNZHR7cuJsdmTCHoiWN51Cs6VQEPoULByKhkKQ6fing
ByjSVM3onmapbouhiKnym11YjQHYuyH9E3BeWJCLBt5Q
6i77mAqaD1XAzDPaeSCQLNSKf53p1i8ZnkDA2XgsRWri
1dEreVvEsyDJSo7YfVPpNQjtiSZtaLnqyFWfErwTgTQ
5BTYa33oMMX5aqBGjtXreGMKRyiLrE2A5GuqxRBLuv5Q
6VNcUg9B8Pwyb6cfbbCeGNXNBMfbRjmKoKFSyxKc3FPi
6PVBi73FeBKWU9RqCN7keP9EHmiNVx657xHfM8EqgRzA
C2T8YPeL7xWz8LJ6MTEYKcU684rgxhgY4coyiTRCcUa4
86ZnQ1QD5iuJ7skd4tnBHEg5jms5N5b6kPtdaUdVdvWQ
jJ8xR8tkdFwz8BJ3tRChpqSx6cVvB2xffG6h7YE2eGY
DNxwL7Ee4j1TmQ3CaXRvUMFqDALSRD8c8yfbjybVPjqV
4m8UxwWu7xibuFW34sRrQUxTTkfmHnrLANqeTuWiXxXC
GRpiMx5hBqEbzXJrbTmyy8EF2m9xXfGiXMzSUyHan1Ne
FHmUX9JAHFhss5ehmRdefiL4Ua62oLD2xDsU8njZ8Kvz
22RBGvsD4tA27KicPiic9nxVLr7NuzWtbydNbxQ18p32
4e5jv9e3LLR5tKMdWKMapXc8ktYC3k7FuRnoWpVhHArG
3GWuKD2q65GmNxyDWdBV4JDhaAFr82tNQUe5VCCNFhfb
HoJnrdHW4Vp8Zq26if2c6kfi2v3p1MgnUKhm1ZYn7asM
Ao37eQ11r2ju6gdX1mE6tYdPqbCBsRoxQ5s7T5A8GdPK
H2GSM2H1QzQJH6bj4M5rv3HdG75oLQFM8t6o7CA6kbCs
GNaVb4pN8RizyMe5A6tNoKp9JLNVGRydz6iTyTrr2WHd
DHBLmbcyPfvpxien7SKtUHviTu5CKBq3dno67zj2JWDW
HLViP7PPD4NGHJt4YUyaYPK5RrhDPn21M4zqysaAiAcb
7kyJk9Do4WqpfRHgJpE9sLeHZorbBhfyv1uY9xXYDASv
9P6jrXESXeCFaEDFuMzugq4SV6PaD9VGGrUEKfgG4QjW
2evmjQX4VaGZ6JcEghMTtFBtGxyFuXJf6wysxV9Ta6be
8NDZpa2QBE8swfdZvrToWFVjT9xMjYmXmXNAx12CTBq3
HmEUokdDK6v55cU6gQwyPCiZnKYosWCTarazmmW6T7q1
CdaeZ19WGg7nRGezZfkEAfpU66xKAvpa47qPUGqGfDsc
D51eM6vrvqVbwBuXVje2t4FWyPrkvM1vDRCeKNw7JJCi
4Z4jAiozYPteVduuqvVfRcnMbySSmDEawJBhT7iuy9Qr
BBDmtciAT2DFGx3mtFzMRiAur8hzk5qBdTQXU9RKUqB3
DqNP4uNdbGjTgFk5KuePWDQEdYaqQ7STov1RLAZEMhfs
5aHkXs4MZzpvvmC1Jd538i1P7xEfkLryMhPUZkLQN8gH
CUehcgb2jbRPLXtPVysqNGDGSRGptaktwEuy7fDSYwae
AbYWoZZEoFV3CM7LUP5ezZKPD9XpJ3KzR3p7pMrg3viy
9bMc4YpUQvoHr7JgZsy4GBDkZ1rVrPeUg1TszKKoVdy1
6D1ZdSvF5vPC8VaT9rDpGddtQhahmvdaALCf9xR6nqQb
ChggyxnCum4kLfE1quuJaHPVZ6BpZEtvmQB1EaMSBfpV
5MwiXFtayw2o4tbFuAd7dwG7aqkQUDLyBEAPQ5gYuJFy
HkoMBqQs85brZSAsNCDApb65JNixTqPg6UwEiNLvKtog
8XBp1TwJ2Eir1DoqSd5TpR1EnA38VW13emCtx5n1choc
A57ksAiyzP4Aj6qXWimY2xL8CZTe87KgoRQmXFFwc4q7
FsT1tSEPYJ6HkWd1VQVexPb1p34fby2b1iitKa4GmnqT
Bvd1eZnpaY5q8vA2eRFEVcaGcC2eTWLE4juJCBWUbaw8
DacfJY9SiGBbC5YjxaWBRD7Nci3nuizBkj8a4KjKwwTV
ACUaCX32NvRYCkmBhuHuAwdtp6ogf78jmRreTk5uaH6b
5pE1RwP7Li1hDtQ3Taq4fisQXjd2t1QR6QaqoG5hpSw7
7jHqNiN3iRJT8hn1Xf9GvwkeWSLQ9f2Qffjx1WhdiDgU
9vakLnEnm75eBQMm9QLzZQCH9t6EwRpTQ9UFqpvwEUJL
5wVwGkYTLvzMRe4QhjXufs9qCFo1Ttp6dtgaxA59BRx5
Bmh3GjZMKNzvMMEHmj4aX8XSDEzg2CB3yrQKX7ZMaLK2
G2RHwFkD2FAaLy3ZNWipWxKkunEdGZavrCMCmUz6bB8i
GETxCNHuaLJGKh2YxAkeWcmgeKZ5g7vZUynf5rpbia4B
2ztmLQde8Zup2EkMkPnwXTawhPuWSdWC8GM2bmgxyZuL
Gu6xRAc5bLAucWBgN4r1wHx78otq6fHd5gu5FEr8e7xj
FBd9ycm3FzH98qXdSX3a8uWYuymywdztLwc1yyUsWU5E
2XwkR3vxth7rGPAoFeaw4uuxzqW824qFNenSgVpjcTCy
4ptT8e8GUiKifPcBRdWEXMtYMV5AXXDD3xceKohvgEig
CbZ9ma8Ncc5rnw2zRNL65c5KPzw1yFm5qa7e6XixNiTP
GPsAtD4ofFqaZi76yonhJrDjETybmuBgCeZQ4twFCrLC
2ki3EtiZnVzUeLLPQdCAY8F74GmFfzQGaUo9dpBAUmpT
BX7fozASXM337mYhu8D1YVtmyCpw3mdD6s644z4vb8CJ
ruejyZwaibV8gfNcztQdzFucEH9Epihoh36xipoFf9B
2gymQotyecgmEaMe86AwiXkAx85VskLPqvvdpcHq6sLv
DP2VHUWoKEu4VRazyyP8ATWRskGTo1m4BU1k9yXySEe5
BmPoc3UKvxKEfLTU3F2pdb7FTBpWjQGJCitoubZcVG74
HBQmd2xh2hpbudz93wT6vk7gA1xNZNuJABq4ky3Hhvc4
5bxQGLWDGWGgYPTfjpD44VEeXCoeU6Hp7fQ9AEHkkcbu
56B5wBD55YhUvhkhU7veM9mT6YaD6Hu1b7p2KTwjzhGg
7faGM76NMFkuCScDimagT1MTVtRLzFRG9cFQRCEuJMrr
8a8tvQtsoJ2MgMG6msd6ghvgHpbmrxjMGfW2v78n3mzW
G2X9zswDECUAMbcHy6wyXzB5M1rYdS7vi5aXrYpzCBEY
2u1QFsKLYMinSy6paDFeEaER7G56AdL6FcdeFP45PCV6
2UBupM1mTEExeyKx8zdiBVDcvmrrJdYA6Qmepk3zVxfw
EMRAsKK6xHuZgi5G8qWVTi4dHzonHeJjrBWNSeNqLGvC
EM4TAiZf2dPiHthBjFXQuT9NJGk97C3oQsGkvXwJnesR
4Rj4fMHr6uyedjijGyXsTNoVHLqTQtTTh1DJeS6xYve4
3koaG4UhkJqGqKBcRcAcrH1o2yb1p56FetRGeCZv2McG
FrnYochkRzb95HAKAk7dKpPqZFSJ4d4hySSgd8v8YFGA
6xrftV6kvGbz6qWjgPyf1RobNbHUqqikw2ST26amE8x7
3k6wTExMVtAjHiiyhXdARAwsx1gvrE9gYgyVdmCwNd1R
8LBahygbDTYUs3h24wkzFCmC8s5exVzm4kMXcNxLvQvB
5pp8aq7UPeqFC1qkNav3RkGzRfgQbdkdtVHumQ9c5vvG
5s7LPCWnzexnmKQxfnrrQcvDS77t43YgkitEuNJE4UyJ
34fMZvxJJDANKULRyCZTcrccKKUzKZjawXC5Y2ozwwNz
9Yj3eKVdXKxdHx7FwMxZMGi8ETs7sTFDK23adYfPQa4T
3CVYoS7fFiLwaw4SgXdLYGyqzUtd5ffWDHebvUwUHcBs
6Z7fm3NacbEnabW9qQeQJnH6vC4HAMUxUVEkfCe9GLPj
FRUbrfHa5QVoyugRfzTpDhHUcTNFNroprKLGC3CVZuXm
576fj42uLGySDbh6PSKikbdePENs9zmcyQGxnGNERJ4e
9EfmP2NvT6fzXWhNBTucAGh63Z9TToSExkdz2hmf9dCB
HiFTp6P3JTHR18HpX6jnkKK76KC3vjTKm3gu4TPP4h3c
HGcrS2Ay8ZKxWtWSbqDeyzxudKgW1Y2MgSuXt5yQ4LFX
4SxbyYMdjWsPW5HTMAwvKvP5fDt7qqaAnM6ZjaY4MEkk
Gvx41Rt6b7CGFp47y4VCzL9CZedkjxCBvKWg44y5iviK
Ffrz5toa5kd7R1WAToShPR93Uy1JCkmPKwzdc4iCRi7h
3q6ydbPTny77tTphv98x5Qj3YPYK2oWYDp2WPbnCk62n
FQDEaeSQtBLrir5n4gEmDTVwzG3QkRk1k3fYKaAzYnhH
7mNsHiMXRyfzpHjvsskGFp91xEupMF9HKBQkMVZXfjLi
EPCVo8zSe6Ld1foRv36Hpb9xqkHR67i94a5NEuhV1ifv
FQ6LASFBMSZveRugNz1q1ifV7AhX9cnx7QJMqvNMf5VT
E22BWcnsTCzbud4BfvFaUiDD6AXNgiu9K2v7nmXkouhu
5neKLmh8GWN5zNTcPCQ45k4JoLFbdPSXYLcsewPTQ9CG
46gqaHqfD2awrJ7hqC7Q7DoHEx43SBNHG1NHf5RZv6QU
HJ3RHDGG3bqQY6GRatVwAeDWYDryEjpZDytKh2DHY7en
bC8YpHXgv9m9dQnmoX4WHxfkXA9Eq3sRpMYhYEXp6Va
8FXYLwADxw2dVobR52X7aDRPBFDcmbBKFLRXzknSkXcU
3oVACRcEFjVy5nfnUbPFF1q8KyXEV3x3Nwhv1rNHfcGz
954ovxpG4CApqDJmb27TruswfRzJ8QDUeaP8wXJ1owVX
CAqZ6TRiJHwkbtTDCNTxfsEbdNFo4dD8E6VJMfSkpk4P
65TM3GNg47LfxZ2ULMhZZN184zqKuJszugjnE2YnBo72
6LtBrRw771NyTp4vpC2fjh7mu2EJV9Qh8gHvCwyBABfM
AP3YQgwo2JErKKozHREmeEWyCSrme6sHgdntTQg3TDHB
BTYAkPsXyV9k2aRdrUfbTJo5drot28PRFZ7xwfqSCcMG
6NFVCby8wybkisM9BssKisrcdsj85pHrYPRrZkZx8swd
FYVs5G5TtEwXswKnfg4qTDJbezP5jowbfLZ3aqcnZW49
HsJNJeURbbWybCPy9MSD2ECzWJmnp9W6VDw9u61ZpR9A
91UxAsaMZtTBtgkYE7ecThkBPssYbygwshZVNtCLnzh4
3MjcqUfKVtFbGADs8mQjX7eGPXBR5EW6EmGJuTZBqnMD
7FwKoisk1uzXV1k4t9VrPFS8HZpXV1CyJkUsLWS861Gh
94xjLczFJBDfJiEWa4WWeykuytoJKCJvjR5zL6C2rSv1
AyfxGHMRLPgD1SrCXfi9tEQv6gXhAXUGtQ3LB4sJQKax
2Vjy8y8k1G3Bg6T6BnSxjgUxGqhjvudTNbXjHUTVPCxV
BT3wQNubby2GqWPTBTuxU8mjWrxjeZF4SBSb2sFG7icQ
7KTnwtVYeoU1YkAvLHr8PB3pw4AairEheJ23GRziQatu
J8NKWM3xJvFz47WaPxcQ5LP8TasMSFkQpyNeDus2p72R
GG3dcxQiibpk2EQZjTDh7DJaSeJr2HG2wbfE92Nn1XES
6DYkhZUgbZKX1AAnoscDqY5bYvEUvKQVWh3K2hFnySnR
9sPkr4bfmYR6voXKXTEgC5wna2shB1s32CYeDtxHFGrM
DYttP6f7q48zemRtSrSiwRNsoStQbCdZ7Yn4MQEahzkQ
GhRphg4AsMLqxQLVwQp9mQWVfVzunVoyW4cxSLmHXAQE
DeChiADfRr6GAtTegue4xLXZ6qMmjY1hD554AanGcK5J
GqUPMbazjTb8hsXay7snF4WGNS3sHhqDfD4ypTJ3UVWf
2K8hhDRbunji8AZiF6w1Wy6gN7UEu61yJeQJeVmWhu9w
ETGw88PmF66UkFbL42RiTg9twQRg5ZFcXjWBeZTzZUcS
8cAB9e5AqPQz13y24UvMZY1Zw2aMCZpkF4Ediaj83S9V
9xXgUy9BGzE38ScoeKgMj7FA34UAeZLaSEhXeyXTPE7K
4sJ1ocXP58gNbwRLdQgRy66NzCmi5LQEzWfs9Ebx9rfY
8gJTE8UQXSjhforWPiGbK3ZRBKT7pDtkxu7MaND7y5o7
G6ja5pTpYhCzt3GfeVJU522CAn1S8huvp2dDS6AM3mDn
4D98BRa4xfPaoev1rYWmqT6g6BaGNv3k2SPX6cFkWb7B
9c1a6fx37gbwnxRDPo9rKxmbMufvUhtdzvsWmLYbemWr
HiQbzubvzyEhtmnbXVJFqhkEGd4D9iYF1zThDo4tVZ5o
9HmHFWPjTCuyRfsgrb7taXcyzou19CP3tEh8CdoFG8F6
CKMTJ8yz4Btq9ABfofTaKymsfUvBw2pnYGzf34Sytpse
Hc4Y5sy75pcNLzAs1NK2Yyvv1Ysn6roUbtJ4yLLUGtcY
2aMVk8h3RAuqKuqLU85wFTgzNaJnf3i9zNCth4ZmzDjR
2teLjPjCsj3FYW9o5FZoXoWbcE8xAjWW9732YvjVvMT7
Dg8Cdf7pShUi48vkmd35So67PGSzhHXCUbSBXpkyj8A6
GVhB7i9BG5nAXdPCLLsua9fB9GSEZVjxCX1omxd6DuwL
5XmkRaQJZExNx8BQKQh6ho6iEngrDJJQ5yY2mNqZFDQv
BA4hcjAmjooTVD4H6vxcRPGwWmeJaYxmCPmJ6eYtz4av
B7RKZcjb2cjo4hVh8rceNT4MtTVXfhatG42DaRAxEhcv
9n6SbXqPZ57TJmjrwpPGmmn4WopUVJFjTYxzftbf7bU6
CrSZU9ajN1HPSZZpHC1z59xQsbE1XUqR1rx6EaXop8mD
5Dm6KXMapdb1MeTHuhRPuc8SEDyg9SUtvgMBwmH1EC6K
EPH4UxPFqsaaEmpgYdr3r2pGDTmJBhyBpHmFzrqURL7C
5xZiPDbdREirDCSSV8EVhu3MRXPHY4y8GmuYt4ubkFrR
AsTpn4pTJ2KPfF8NnQjnSWoNeXsgp4w5UEfsXmya4bs4
C1NBjQL9fYbuMHAW7tEUbzezbc2Y7CTJsx7pgJicaA1q
88QLCh2ZKufDzqTanj6hwh8fAZyry6asF72q822DcoZC
DojvQjG8FpHcvFypm3gxkPSZpHUuBKpD7uQupesmMtt6
3PahsshovSEjTfE5gCnpnjWdEhETfH9n9p4YZUSMTXkt
9CVw5diMfc1ADiuacfQXTE9b3QLaRKw4n25DEURAg9fF
8zgs1pgRYq2HqFWgWRJYjuoHq2mf5kFFQeYBMsqHV61C
9Si9yWvonNJyGK3JdbjRoDXiJRG3TsJToQx169pN4tcG
CkTtqwUhQsYFprfq99T4goQP9taGQTLFt6PKUt3EBuAX
2i2TdVqDzTQyb5sNonP92ZzjPisZqZuogJhLiFFXLMeP
94EWp8EEiew78BjHH1juzzWMfbf1Mjf7WXx78L8GZAKE
AoXhzb4PQ9GvEanKLCPVAGeeHbTdo8RCzz9Emb98AvwJ
7aHSyUPiKVimeGBaK2YHyBf3sa97qdELmov3VRCRpnxd
AS31GhGcsPBV6cpUbsk1hQPYNHvecMXuoez4Jf82y9n8
HNaHzoLswfMBNZq4oUyFpmoEHRYA8NCkCc6dsMGbSzEi
274Q48MX6ESDafnesNdKzyagS4nNEwRgBAk15i8LXMHJ
HYWvXBvQuy1pBCS2mrvQuGvJ5epqXKXduMDq2RtMJXGu
DfWzxtzGahTtf7hk5qU2925QLwH7G1MKThUgzcLAKTHs
DfewTUSVfHoXSQWmAqLjCWPtvaFQfhQ1cKYaAy1gcjL
AmEydJDZCYLXX1LD174hK2RLNh2yzj7tdGXxjzH2x9iA
EUTmJ2rcajrbVwFErH5F61M4pfxAU59XkDVmqLFKrC5T
HRE4zkfX72aNuASf5zpaVRhADWQvcd8pXnqLHr5DW96h
5kZ7yNkKLmFVXHsvorhJj9f86uC7XVWGdbJbmBHA9zxT
DdEvndUewvgP5GuurwhdmRTfJjWymnn3mQ4uj1w8NW6y
HWf49tMqKYiDQmfBiZzPgBJQsdUu4HBz8HmF8DofgMNU
6eLwX12srEUKcuh5NHFXrEwdfTxQu9eX2Bcu71hupySD
J3uFDrUZ7yajtiEuBFekicJsHoFRtEa6gtiXVZNiDEyg
DdhwMY5Ra58FYnReG9GGLYdb8uFc9s1xn2ymkHFwS3AE
2Hcv5cPhWaq9m9ZTbKo66y1APhmExYkSPjdeQXTqhFH6
6LjA6Sip38GRaVWqbcCM89uNwBo5bJ4k9HBMWR99ukif
8rXJcQMBU25Q4GyUX8bCaYp2kR3Akbt7PrKV1y2sbwC5
5nn39dA3Q769weTtUMMhRe3vDQ3bPcBGVyMwsxgQ2TEV
HmPzenuKwHo4WQsQjvUbusHHBVAgFBMRwjij6ctgF1L8
67EfeAoKSmDYB4UkPzacwJJthUc73EsQ9eECgRn6Svru
Grtd3wW9qcCyxAwCZJCukzN6ELtizMDexAazjJ41x92d
GnLk2bj9e7ntDGc32DejYN1TbRPQsTSYLo1Vza7nsuQ2
Fhya3HY1sCz93dCJZZvanAtU3eucxWAvj9KpJSMPUkm5
BecTKJsnRyLLsiFCnHC7eK25TL6MX2y9CE4X71Dapthb
5DTKgUNtFD5W5V5KRCFdocP73aNPrSmJ2a9aZVb4Dwc2
E4TyjULipySKAXn4Vb6fMz8a3qkzvTtVEKHPAMNLt5eT
5t4NkJaxZ3d54ffjvky9nfzjnAuDLajQHa6tkqqCPFjQ
5udmFmsyENuJGAegVfGQ81VhNnmEhQrfKXbohvwTrK3o
EEs4uLESfaw99ceREx2osWErbtucaF91gBLSTUENRnzU
2W9dWcmXokRP1SbVFXSgrBcHtSYF2ZrDBsdprqi8Uw8v
8umnfEavWFpueKLWFe44N9XQDdUd27MHR5QmvUec9UBC
2nfbZULPmQSNJJDFhDPu1dEuqUHSMC41KAQVQdN8KHUk
CnQZx6JKoaQENtwDJCPEHYEDZ4b9pWLzrQFpkHmAHM5U
GsipN3qmFc35aUFMXJB8UnSi27tDsTQ4MnnsJEAcRnrM
4vqPNVtbe5HWuxefr44FaVujy25NAmpPJ4XzhC6SrCGh
EohAyzkPWEBL2TDTpfuVj9BzxMgJ6stPbkUawjAA61zG
F7jceKujQJBJZe7TLgnGzTR7ZuFXd7oYHoszesZrkYsL
43YPr3Xwiv6odGp1b6apEJpWnvrdZRLMDwZpMCZpMbaK
FwQyCZpNx8kBncuLa8cQaLWbPHiU9DKgHyj5eNJbnZPc
4u4tjkRXD9Unv5cPSCK9fDWABZCyaYVpeDpxm95dR6Nk
47wwYBadvhoPpkYoyDXi5Zd7ZqeL4TUteZ4xUhFaBgCj
8LdhGSSW67XDLDbTioqbcEGuXwY1rz4BYhB7uG7oEcWf
6UVwF5MXLKgAC7TkP2okcBaJmwK3E7Ro1FwfYqxiCE1n
8pppKzgJL1GYZcGpi68ykTG3TtLUiCZfknobfH2vH3fk
CwPbRE5vwyu3mQR3Wre8ZAfFXnDkcP7AqBf83JfKzZMk
9bAnEreLyhBdnHH9xNP3LcaSPXiXsSsLSv3jBQeHMRA
8Zcix3q8H9FbpC1GVVRJU1dMNhvjGdYKPWssLMzPmJbQ
E9QS1p5qTZQiiRPV14nxQRrd5cEo3hk76svC3VmJN3zy
FVx5BWS2d5y9fWDuWmgP4HgovMtCxgLqiJbBaJHdP8jT
8eiSM2MrWN4Dq4pKYPjfHrHpFyN7h36sK3ictQBsUsZq
EMqq46ELC45rJM9MJ4P35pDVhuF1kgb2DzqXNHBXhSNX
HLUaE9ybWvaYiDMZLccne2eFz6fbQuRscYnJtL2x8L8Y
F4jzPo44mEDdAjLtHa9w1GnnwFNuoYUh5fApzZpo6ydR
9BvRSdfn7dAUwDfagkqUbD7CHUSQ8XtuRCaCBvBi6rGR
75jCNzLduXRGRtiLJgym65GQTvSSLqAbx6M6DEobaZxw
6nVXajpWPQDKYZN7vmW8keS7yeqWvMKWafwcficBy9UC
XsHswijmNscHJnyvSQsV9sX74hezSQLJHdvfZ2AEiRd
FYb3wGX8n48Xk8aRCKex7zF76W7TgdAVeTJv8psduMbH
7k6d5d8NRtTuQaUpndTcZ4yD5EFrvdL1Fdh4jcnuTDrs
9wzv5eynhSPDo3jbecTLKkPPJvvzr2RWhZq4tJgeb7Qw
WTwGFAf13EYFviMRmBeRg9VnhgGLv3TNhBEKqoF4L6p
4gyq9WVh1MJn3DrjAGCjVDc3iqMVkt7j7FZE4ZPSpK3B
CYRXXVqVHA2Ti7JVHp4v8A6PjKqtW8w3NHif1cpSBQTw
2LpWVv7RTRwvZHn8sdiXhCNDQJ6CreJW3tajDKoLhFpn
BXP6dsgtirRj2DVqEA6v7tC5Cy7xVyw5bjpC1i8bGpjd
AibeFMqKERTq3MKHh1FGa7R8zfgSh743HiLwx3PQv98N
BD4QFYByWU2753WqXd8mMYvxEUXPpSzhmNmCbhb5yyVR
5E5RGuvPWZqUtgbzGFgZvMEzPZFt1rSBLBmnjiE4Vv9W
4S8c5ZScJCNf9t4UVz1qaQ1d4xxnwJzz9adaNCxfvefV
CnBwg4X8dkctvo62tG8iNPpYbx7dH1Dc9UAVniHEUBbh
Dw5HZ7GJTKhgDRKuVC3BHzcKEw5PrGLompF7H1Efj2ia
GsVehDtzqWen3FoRmUPKjRt2hTBLWxB6AUqbrSaAD8K3
GqWuPnGMU4oYppyTYHHaENFwgiPPKmM5gzcB4tsKYNa4
ESt7yyukszB1f9YDp3NMWwTct3qoS5Qxuh2Qwp8ePvHy
B6myvrExSHwyviLnp8uCWncFsVhsPU2cXaezg6n5JYjt
46wdaeJgpkYsnqiozYwpVTBeDstr4p5yXZWjWx9hPXmT
2MNZHR7cuJsdmTCHoiWN51Cs6VQEPoULByKhkKQ6fing
ByjSVM3onmapbouhiKnym11YjQHYuyH9E3BeWJCLBt5Q
6i77mAqaD1XAzDPaeSCQLNSKf53p1i8ZnkDA2XgsRWri
1dEreVvEsyDJSo7YfVPpNQjtiSZtaLnqyFWfErwTgTQ
5BTYa33oMMX5aqBGjtXreGMKRyiLrE2A5GuqxRBLuv5Q
6VNcUg9B8Pwyb6cfbbCeGNXNBMfbRjmKoKFSyxKc3FPi
6PVBi73FeBKWU9RqCN7keP9EHmiNVx657xHfM8EqgRzA
C2T8YPeL7xWz8LJ6MTEYKcU684rgxhgY4coyiTRCcUa4
86ZnQ1QD5iuJ7skd4tnBHEg5jms5N5b6kPtdaUdVdvWQ
jJ8xR8tkdFwz8BJ3tRChpqSx6cVvB2xffG6h7YE2eGY
DNxwL7Ee4j1TmQ3CaXRvUMFqDALSRD8c8yfbjybVPjqV
4m8UxwWu7xibuFW34sRrQUxTTkfmHnrLANqeTuWiXxXC
GRpiMx5hBqEbzXJrbTmyy8EF2m9xXfGiXMzSUyHan1Ne
FHmUX9JAHFhss5ehmRdefiL4Ua62oLD2xDsU8njZ8Kvz
22RBGvsD4tA27KicPiic9nxVLr7NuzWtbydNbxQ18p32
4e5jv9e3LLR5tKMdWKMapXc8ktYC3k7FuRnoWpVhHArG
3GWuKD2q65GmNxyDWdBV4JDhaAFr82tNQUe5VCCNFhfb
HoJnrdHW4Vp8Zq26if2c6kfi2v3p1MgnUKhm1ZYn7asM
Ao37eQ11r2ju6gdX1mE6tYdPqbCBsRoxQ5s7T5A8GdPK
H2GSM2H1QzQJH6bj4M5rv3HdG75oLQFM8t6o7CA6kbCs
GNaVb4pN8RizyMe5A6tNoKp9JLNVGRydz6iTyTrr2WHd
DHBLmbcyPfvpxien7SKtUHviTu5CKBq3dno67zj2JWDW
HLViP7PPD4NGHJt4YUyaYPK5RrhDPn21M4zqysaAiAcb
7kyJk9Do4WqpfRHgJpE9sLeHZorbBhfyv1uY9xXYDASv
9P6jrXESXeCFaEDFuMzugq4SV6PaD9VGGrUEKfgG4QjW
2evmjQX4VaGZ6JcEghMTtFBtGxyFuXJf6wysxV9Ta6be
8NDZpa2QBE8swfdZvrToWFVjT9xMjYmXmXNAx12CTBq3
HmEUokdDK6v55cU6gQwyPCiZnKYosWCTarazmmW6T7q1
CdaeZ19WGg7nRGezZfkEAfpU66xKAvpa47qPUGqGfDsc
D51eM6vrvqVbwBuXVje2t4FWyPrkvM1vDRCeKNw7JJCi
4Z4jAiozYPteVduuqvVfRcnMbySSmDEawJBhT7iuy9Qr
BBDmtciAT2DFGx3mtFzMRiAur8hzk5qBdTQXU9RKUqB3
DqNP4uNdbGjTgFk5KuePWDQEdYaqQ7STov1RLAZEMhfs
5aHkXs4MZzpvvmC1Jd538i1P7xEfkLryMhPUZkLQN8gH
CUehcgb2jbRPLXtPVysqNGDGSRGptaktwEuy7fDSYwae
AbYWoZZEoFV3CM7LUP5ezZKPD9XpJ3KzR3p7pMrg3viy
9bMc4YpUQvoHr7JgZsy4GBDkZ1rVrPeUg1TszKKoVdy1
6D1ZdSvF5vPC8VaT9rDpGddtQhahmvdaALCf9xR6nqQb
ChggyxnCum4kLfE1quuJaHPVZ6BpZEtvmQB1EaMSBfpV
5MwiXFtayw2o4tbFuAd7dwG7aqkQUDLyBEAPQ5gYuJFy
HkoMBqQs85brZSAsNCDApb65JNixTqPg6UwEiNLvKtog
8XBp1TwJ2Eir1DoqSd5TpR1EnA38VW13emCtx5n1choc
A57ksAiyzP4Aj6qXWimY2xL8CZTe87KgoRQmXFFwc4q7
FsT1tSEPYJ6HkWd1VQVexPb1p34fby2b1iitKa4GmnqT
Bvd1eZnpaY5q8vA2eRFEVcaGcC2eTWLE4juJCBWUbaw8
DacfJY9SiGBbC5YjxaWBRD7Nci3nuizBkj8a4KjKwwTV
ACUaCX32NvRYCkmBhuHuAwdtp6ogf78jmRreTk5uaH6b
5pE1RwP7Li1hDtQ3Taq4fisQXjd2t1QR6QaqoG5hpSw7
7jHqNiN3iRJT8hn1Xf9GvwkeWSLQ9f2Qffjx1WhdiDgU
9vakLnEnm75eBQMm9QLzZQCH9t6EwRpTQ9UFqpvwEUJL
5wVwGkYTLvzMRe4QhjXufs9qCFo1Ttp6dtgaxA59BRx5
Bmh3GjZMKNzvMMEHmj4aX8XSDEzg2CB3yrQKX7ZMaLK2
G2RHwFkD2FAaLy3ZNWipWxKkunEdGZavrCMCmUz6bB8i
GETxCNHuaLJGKh2YxAkeWcmgeKZ5g7vZUynf5rpbia4B
2ztmLQde8Zup2EkMkPnwXTawhPuWSdWC8GM2bmgxyZuL
Gu6xRAc5bLAucWBgN4r1wHx78otq6fHd5gu5FEr8e7xj
FBd9ycm3FzH98qXdSX3a8uWYuymywdztLwc1yyUsWU5E
2XwkR3vxth7rGPAoFeaw4uuxzqW824qFNenSgVpjcTCy
4ptT8e8GUiKifPcBRdWEXMtYMV5AXXDD3xceKohvgEig
CbZ9ma8Ncc5rnw2zRNL65c5KPzw1yFm5qa7e6XixNiTP
GPsAtD4ofFqaZi76yonhJrDjETybmuBgCeZQ4twFCrLC
2ki3EtiZnVzUeLLPQdCAY8F74GmFfzQGaUo9dpBAUmpT
BX7fozASXM337mYhu8D1YVtmyCpw3mdD6s644z4vb8CJ
ruejyZwaibV8gfNcztQdzFucEH9Epihoh36xipoFf9B
2gymQotyecgmEaMe86AwiXkAx85VskLPqvvdpcHq6sLv
DP2VHUWoKEu4VRazyyP8ATWRskGTo1m4BU1k9yXySEe5
BmPoc3UKvxKEfLTU3F2pdb7FTBpWjQGJCitoubZcVG74
HBQmd2xh2hpbudz93wT6vk7gA1xNZNuJABq4ky3Hhvc4
5bxQGLWDGWGgYPTfjpD44VEeXCoeU6Hp7fQ9AEHkkcbu
56B5wBD55YhUvhkhU7veM9mT6YaD6Hu1b7p2KTwjzhGg
7faGM76NMFkuCScDimagT1MTVtRLzFRG9cFQRCEuJMrr
8a8tvQtsoJ2MgMG6msd6ghvgHpbmrxjMGfW2v78n3mzW
G2X9zswDECUAMbcHy6wyXzB5M1rYdS7vi5aXrYpzCBEY
2u1QFsKLYMinSy6paDFeEaER7G56AdL6FcdeFP45PCV6
2UBupM1mTEExeyKx8zdiBVDcvmrrJdYA6Qmepk3zVxfw
EMRAsKK6xHuZgi5G8qWVTi4dHzonHeJjrBWNSeNqLGvC
EM4TAiZf2dPiHthBjFXQuT9NJGk97C3oQsGkvXwJnesR
4Rj4fMHr6uyedjijGyXsTNoVHLqTQtTTh1DJeS6xYve4
3koaG4UhkJqGqKBcRcAcrH1o2yb1p56FetRGeCZv2McG
FrnYochkRzb95HAKAk7dKpPqZFSJ4d4hySSgd8v8YFGA
6xrftV6kvGbz6qWjgPyf1RobNbHUqqikw2ST26amE8x7
3k6wTExMVtAjHiiyhXdARAwsx1gvrE9gYgyVdmCwNd1R
8LBahygbDTYUs3h24wkzFCmC8s5exVzm4kMXcNxLvQvB
5pp8aq7UPeqFC1qkNav3RkGzRfgQbdkdtVHumQ9c5vvG
5s7LPCWnzexnmKQxfnrrQcvDS77t43YgkitEuNJE4UyJ
34fMZvxJJDANKULRyCZTcrccKKUzKZjawXC5Y2ozwwNz
9Yj3eKVdXKxdHx7FwMxZMGi8ETs7sTFDK23adYfPQa4T
3CVYoS7fFiLwaw4SgXdLYGyqzUtd5ffWDHebvUwUHcBs
6Z7fm3NacbEnabW9qQeQJnH6vC4HAMUxUVEkfCe9GLPj
FRUbrfHa5QVoyugRfzTpDhHUcTNFNroprKLGC3CVZuXm
576fj42uLGySDbh6PSKikbdePENs9zmcyQGxnGNERJ4e
9EfmP2NvT6fzXWhNBTucAGh63Z9TToSExkdz2hmf9dCB
HiFTp6P3JTHR18HpX6jnkKK76KC3vjTKm3gu4TPP4h3c
HGcrS2Ay8ZKxWtWSbqDeyzxudKgW1Y2MgSuXt5yQ4LFX
4SxbyYMdjWsPW5HTMAwvKvP5fDt7qqaAnM6ZjaY4MEkk
Gvx41Rt6b7CGFp47y4VCzL9CZedkjxCBvKWg44y5iviK
Ffrz5toa5kd7R1WAToShPR93Uy1JCkmPKwzdc4iCRi7h
3q6ydbPTny77tTphv98x5Qj3YPYK2oWYDp2WPbnCk62n
FQDEaeSQtBLrir5n4gEmDTVwzG3QkRk1k3fYKaAzYnhH
7mNsHiMXRyfzpHjvsskGFp91xEupMF9HKBQkMVZXfjLi
EPCVo8zSe6Ld1foRv36Hpb9xqkHR67i94a5NEuhV1ifv
FQ6LASFBMSZveRugNz1q1ifV7AhX9cnx7QJMqvNMf5VT
E22BWcnsTCzbud4BfvFaUiDD6AXNgiu9K2v7nmXkouhu
5neKLmh8GWN5zNTcPCQ45k4JoLFbdPSXYLcsewPTQ9CG
46gqaHqfD2awrJ7hqC7Q7DoHEx43SBNHG1NHf5RZv6QU
HJ3RHDGG3bqQY6GRatVwAeDWYDryEjpZDytKh2DHY7en
bC8YpHXgv9m9dQnmoX4WHxfkXA9Eq3sRpMYhYEXp6Va
8FXYLwADxw2dVobR52X7aDRPBFDcmbBKFLRXzknSkXcU
3oVACRcEFjVy5nfnUbPFF1q8KyXEV3x3Nwhv1rNHfcGz
954ovxpG4CApqDJmb27TruswfRzJ8QDUeaP8wXJ1owVX
CAqZ6TRiJHwkbtTDCNTxfsEbdNFo4dD8E6VJMfSkpk4P
65TM3GNg47LfxZ2ULMhZZN184zqKuJszugjnE2YnBo72
6LtBrRw771NyTp4vpC2fjh7mu2EJV9Qh8gHvCwyBABfM
AP3YQgwo2JErKKozHREmeEWyCSrme6sHgdntTQg3TDHB
7bR5zKhSb1r1b8QkncRF4Ee8hw95MMTRndYLssR2fAGD
