AYKf4RXGzxyguvyqroxk1rtQgEJe5H7yVxQK5kekBeCr
CbNhz35Sme3acS28qbjo3mWGfnrLNYpansGukcC1cCT1
7P4Bb1pCMuYNveYhg2j445cmTRCEGp2eAAtBQUv7Jz89
BdkmXzBSkSfgLhv8XZLzmYaBBt9tecyvw9WFJx8wPNyF
2ATUXJQBBPrxiUkrpo9avX3kjV2PnFBAD6AYD9jc7gVw
4cKqqwoADnQVUAapaq1CrCwpBwbvCSohZPzB8aHooJjk
4Hsiz7q8vfBizJWsE9RViFpbAPmiH4pBHcA7ksq5JTaF
J3EGnLwVBrdhY9PejTJYG2241smr9X8v5BjjSw2QWWo7
5tCqPe7XNWSNy8aNLbBcqaf5i28RuEH8onsCHsUsvYmn
DVSaF44DrAeoXoQTCwQxFF5rFuZ7atWN2puYybj9HSrd
AzmgakTxLAutgbcNkxi3S4M6MvuZvwcrzMc43ErMFk4h
D2CmBKKzZMNeG7z6E3MvtpvtrNVjiAB32c1zQXg4cShn
3QTRD2FfM2niZmZH1SxS6iJCRFY84DTq599gzengTtxQ
FGhqPQPRVyhyKUZx31b8F5HAhxYoY4ZUSizyurLUFxVd
AgPhAsvcwPfT8bcAQxfyvymHdS9enkCzHDZP67ihS5YM
7gXRnhYYPAiUbYCehz44qhtP5cEsC7X5kj7xCW5o8zQu
7X25ijDREetTLMiTQ4gEJyDD2W92487uTG5WGbKc7FUv
HBU971cGRFzBzSDknZACdkVBBFkVGbLiLjrG2SsoG3XT
4sa6jkCjNLfpCFa9fTmpHnMRWfQrHvsHiYf2xS5HKyrB
E5aGCgnhBDQ9aoPZkAMxgMR1FkruzxtBFeEyM4EJwKD4
3YGafdL2LzetZi8cpSUPn9zHXGDK2ye5u9vaFBazcyHg
5vEyraHzZCP5yM5SMv4r1n8MGsSQeP5Mh1o6TXoWAvfk
Cj3hddF9BiUu3nKRkSqgtLK4HNPF1wELU4UqhiLtgLL2
BmRqW9GjkdKGREo4WuUrYKRgoEBgV6Zoz9KqxMnE3Z3L
HbzNeo8CQF2Vrdv1tRdCABvtEtXhwWnErtq6ohSxxrhW
4DdRYAD84KyT7tMhfXxTWqKW1Mou75BuNFBj2i4oHvDi
CkDpmZ8ejuasqBckZFmPmNAkMdqCKSLov9eLW4sZcdto
HMjXajEW46a8pFZt22oKFXkuuYUPNM1UGoQznCVaJX7e
7tMyU22ViPrhY14fy31bSmTsQK6rwc9q3Zbq2u5RkZis
Gqx9qjwhda6NqcYvF3EdKMqnMyxsZy6oN7tXZHgMUiVN
DZzNJpg1efrF2DPuv5AZnLZLq744pGm7PeFEEEvRPaUx
6utXaBmMiR3WqXgkuaFU2EX4bHvUA2kC8cwdq5G1YeQG
2Wn46RWzoGkad7juU1JgX7qf5c1ndqpX76eX3rb4Vbcz
B1wHqg2kwb16bbRgitKMfyt5Y8Ciog4TiF5bQQ9XVms
2P7NRYsvjz3VyMGF4bJQ9CjSiH5TRAra8XJzV1W5Ygkg
5ssu1FQCAxLQZUbSnFXAuPn2eDaZBTWkc5QBChh2yxAa
97xAKp8FjyXkiYqTtYWN9ArD7KxTevzaCAo7VCcwLAsK
GLpzNHMpb7vYH98VkGuUKcgPETsDWFcdwNscJypyDbtz
FC4LJ1JNAb74z3mLGfNesda7cyuzyfDfFagLdCRYPhUJ
F2UnaewjBBoYsp7NerpTZEWnJizNKUcrsJXzSnqyw2iy
6JWaG2sxVA7yUW5zTygWbWCLYYkUHT7UJuHZk3XNxnHp
4Qes7Jz3Wa5KYFD8KQ9hsfC9TJ4Wwy91iJo2mqL3JvXZ
EFpipurDmX4Lgv7V5TobgR6TMnBSZv734pgcZjWNkmfr
LCNyzyqQWVxmWFLX1ke7Yt8Ho4QokRSQtunfqFwTELF
8fYbjVT745fkPJStJvpReCLzmKnwP4J7sVsad8cs3h3Z
FjD9nUmzPPktL25Eax5CKrxyknMyFxaC8oTRgb7RvJbb
DxYD1roAjc8Wd5hkJkNGABre5tvLgQkuCsiYASsYtPZX
Ahm38C7y2TfsoqnTAmRhFHgZnsgNjUBmtMAWw6V537i9
4ReyBodSJygchFFm6tHfvGQdBvhrCr3UqWTCvUoNyvfZ
AsxYivuyVu6znDgnwenpLSLvkZDua4mGKxTvM2JgoeDU
