51oET2dy4vCmZ1JMGYR9hbsvsLng1vcLD6z2AZp1uq1j
E6BdoEi3My25cnxbW39kHPq1Wo1pnqU3GX6QQP57XajV
BNR9v15ey3uWaeZsNYGX5rDvRus9S8UL16hSgduEArFN
CnF8yaRcn2RMYupWJtKue5medfrTgBJaDgiD93QXbydd
GCJxBzQY26nz1TXdrNVESHEvQLdTMWGttr71Fq3LgGvW
21GbK7sgkPGx9Z3kJAtaa3quvgUH6tbqHqacV7jQx76k
FpSrQMhnYa8YRnEQqKstyi8DYsMvET71CPfnmJkBSSP5
6aVxAU2nNjSUmDkSy5zgavKcZNKGov3xhi6tUPLnULLp
DQFKWDdyK13Tx61kmD8B3ZKgtxGbG5S9SruRydyHbAz1
BzHu964qt7p6KW5Fx93E4VR2xYuTit3NMxAncrLc7gj4
96a1AEVTVxCjdgzEW6rg2PpytucvWLwBVJWPdZJCZoYd
3FNmL6TuxYzDx4cgTHrHgoqRi5caLw3QXBwZJn6cC5jo
Cq4wKeNxdoPT6HaXpcrKd4PEvnNYQiSRkZaMELf4Up7Q
J6DFtZD71ibSeRvdWbZ3HWW3epgTZm14rwJAdrpc6MPs
4s42uqae5XgrfFWYWttrVFRaFYPQMKchg7chdBgzz51D
RTY7RjhPpDabh6ky8mQudWxWH9XLZLCRPAj2CqRN21r
9ALakWbp4ododvgodMSPQRzVtYPXH1M8LjxHXFDkPds3
Gpe5fe5Rzrh4kTQn7g28S7f3xctjs9DzseXi33FTMYAh
AaHjb63MyqP24NZGMCg8MNfzAojc15uR8JG2ZmHGYiRb
AM8skwLjuqW3dXxXZngWzz8nabVKvcean29HoZSB7uoU
Hew6XJcEjQAx2Pi4GWogr68dmbST24g9xtumKBqvhkdL
GdJN3D6hc48vzsoU1wTYaxFpTG1nimyV477z7RQ7SgTB
GCuqskvjzqZayiEuc7rqS2vF7cYqSB5G9bfMeFsRvirf
5Cz7GSRKnuFDaXRHeNJpHC77aqU9BY97eXNBBCVhckLZ
5iDcmVaSaskGaYt28dAhTw5zWUC9UPSqsf9M384ofg55
BVFTQzEas8kMPkcugksaTTuLnQJ8ESxtLryk4ngdyvjU
62dKmy6VhcrkCRCU9fMnxMmwn8cVmwqXzRW7tA4Zx6Ee
GZndDa7zqPyeUGMxZb9sKqnhvcqHTSMjP4kFJ4A385FG
7srUnsGigLyApFwxw3MgNawzDrEkDYpjZtoQvBi6ayeU
EWC6ESChdBqExhp96XPMLXR65pXP6Ftuh1pPAVws4pmk
7N4j24qzrA5DfDq5ua4RhYN8J3yCyAJhpEMitD6zJajZ
BNR9v15ey3uWaeZsNYGX5rDvRus9S8UL16hSgduEArFN
9TSTbNVMXMAD3hYdoA7jRnKZCWKuKfkm27MKJsfL3JQn
F4hN7ecndZ8Gr5KQNSFaSrMGawMasz7jfWTLTMpk7gaB
BxCviB4hviwgAXuZscTiTQcoXd9pF7CdctqqNw3txKkT
Cfh8zzLqs9o8naPDQttdR43Wp4n1v1dRdN6L6KJSaqxe
97xAKp8FjyXkiYqTtYWN9ArD7KxTevzaCAo7VCcwLAsK
BzHu964qt7p6KW5Fx93E4VR2xYuTit3NMxAncrLc7gj4
4cUyDakNPeMEZtJPDJGNujWLGF1XNH7WbQnheUEfD2xX
3uExCZNA4XcoLzfvjPPK53VpgXqKuWUBR3dmjR2c51TR
BcwzmAJunqVo7M9PHuUn3srQJX73bd9xr5fJseCDGAZm
3eucHmLaRJzL3d3rzYx94KvxcVhR4ESLo9R9hhb5Snbo
86nH1NqumMS29x6obhV31NwR5mgjUVnch6QymvjuYJEA
9v9D9kvePLBANY4Zx2PUzn75dHuQMMMcs7mZLYy3gMaF
DDFK1TZQtwAfQJ6UypBx3CwnhYT7hwVnMyoxupBU3HfU
D7p1a49fHgBQ1UxfuMCPAYRepN61QL7hBjXZrnSt2P65
DrVCSz8B4kGfzSqi3Sj16ehzLTHzFBQ3KoHHbdrnPFRz
G1ahFCQP6AQeFQ1mM1YHa8C2cVcggJkcvQk9nAQ98gbm
73tF8uN3BwVzUzwETv59WNAafuEBct2zTgYbYXLggQiU
BUdpRNTSxyZZXtecMuBU7eB2x7RrwHZDPzGGUwiZwZUo
Bw1hYhphtLhxBbAaWt1MKZGdQi8EczD8xL9M2PDsDSY6
Fp97htUt2k5JTcPvD7hy1MdggQZHr1oHtmHZ4jUqTZh2
DpwQvzG6pj2mnEgpKH9L4uWvmGZUaEnquAUjUBAoWNx7
CGA6H2M3FEjemWohUyYwh5VdvSteMTFxxjZJ1oAgAh6k
BR9LRFZtgF5q3aodQBsXxY6QeQPyCQJQ4fYuz58fa9A6
4ox8atxyrCPFsF3nfmzyU8o4kZhXkJCSo55PknT6Fint
kSwBNkXhyAevfPXQCiB93TCEESyxWpaFc4vyUtTUyyL
hF57bqov6UrfrLybHm32BmoUiKMFN4Eo3Xi1YAeRZpi
7rQNp7Gs3634YqHmtxoWkYkNWuMeYf9W9cqkJ8nwmUM7
B48b7Ycc7wQEfMmNvPAPr6CBaLkBPsBrAZZ3nAzdeeRN
7fK3a9edWt9jSRa3v9Fu1m4ooAgPHUTH4Qk1MTv3T6s2
JUskoxS2PTiaBpxfGaAPgf3cUNhdeYFGMKdL6mZKKfR
9GgHQuQmwWmiha11pUgm6ywqQHjqMYiN6FbHkhUUy69p
3aHpBd6r7evsc4Zcd6XpYawBqLPTxaVReke9YfFQ54w3
GRFdkxZf5raq2T5kVzcbDTprDKie6oF2QNuH5ck1Ehot
33apeLJZtc7FvMqWoLU3yWupJCN6ijGkKUD2gUmjhxe9
HuDbdzER81y7ceNS4JrTWJMVZmD3mkAK7PjGRDj9oC4V
ADAYa5CPnjcxL2kp43VcSusahnfnTa9FTp7Gux2NQZY2
5Uuw6GMbUrA5p5XgGEVYeFk4jTWuSMt95Xuf5gL45xK7
6Ah3R4nf6C1i2LifmTTs8mX2oNdAyLiXPGGJ7wJ4oZXK
7RE3epAWNBBAHfcQ6X55V97HdnzWyqoPux8RMajBzTL2
HFqbempFrTudgpE7mZ2U7jsxfuJcgH9DMprLKLNdPs7B
5AwbrzztsJT3wbgYFNLhyFXvncrMP48z3qBY7QxC3gqb
2YCagYpRQAbRcPXHzV9Begu4w6VnWz4amVPwhcgMfC2u
FdvMXoYeqtGkGHhQyztVFQMTRAP3oiQkLjVSFe17RWa
9axor341ocvRehGBuiiE5Dq8T5HhuoCgaNXdBhELhiPp
ATXM89GYmkfp1uPVfx9wh1Sh1sZbPLpQqFqtXCUWrzPu
73tF8uN3BwVzUzwETv59WNAafuEBct2zTgYbYXLggQiU
2pVuK3Aq3tThhXDsW548t5miF9AsR8DCFmpCHjEx6mVH
HExH1uQGJ9z6gH61JhXeZyFwS2vcUyByPK1ttVFDD87P
BbM1VHPnC1upTzZCaWfmTw9dYte8iuCGzftc1bGMDFLR
6aVxAU2nNjSUmDkSy5zgavKcZNKGov3xhi6tUPLnULLp
XGFZk186maEp6FtE2YMHNXiY2c9kTkUu88ofnnBm94j
4cKqqwoADnQVUAapaq1CrCwpBwbvCSohZPzB8aHooJjk
4Jgc5M9mycHzuC7Wbsqr5dHqWW8zW1xygR1VqRjojQHi
HoYSJxi6u2hWzd36yWasSE6B33g4XJVLtkGTLj6a7g3r
CgcU64egDxkkoYvVZYeEGQvt2Qgdkucd8MRSiTcXnHyR
CLFa61gH5kunUPq5QPDVWqjr43jAQzEatVud5aijZPcp
HZodz3HJrhXymfQAXvm8H8KenmT7rwGogrA6X8jag2oy
EEUHeJFM6mUeN44v3kpepHXXBcGY8xV38TjTNxHEt76U
7MTFZo3UBzngEPfPwrZ6xuRhXjMUxgbznsWRTH5D1d6J
6YJnbJjte2RxBgDs2RKqMghFCy7f1RFbGvTeZDqoYrL6
EkHsWj67nEwZKZk8RQsVqn4t9vv5VgLyArLnSo4cvVCG
k8APHEghNvUvRED7fvRKKiVsRxpjPrRqpovPPBzwGTB
7P4Bb1pCMuYNveYhg2j445cmTRCEGp2eAAtBQUv7Jz89
BZFFoKXR4DXzDHfEDMaiXrEDWHBgLxDZVdYBtd4b3E7f
AkdfJa5NmE1pQt3Ai7DpgDg8kryN5qTZirp6LQcpen6R
GSfDaL6w8DGZQEhTLmhKtjwJYJiKdLT9JsYTdi2W4WMZ
C33fqSF6Ks1VieHexoRB3bYbxyeuCAuGnowqxckkad5a
HztqUciz9TKPs8jV4R7HHn6kXfpYYmz9VVfLJ3vCV5v
3EtRwc7takUSxcc7RdKSz9YE6KdiwfXW7hasj3yN5gos
8w1daYHzhTCuwHKiY3qSzZgs8xTFnAxCThg9P9HvjEcQ
s8ioBNQP7jb9JCSiBaxrbCzKMVQtVqQMEkssftVjLcu
2X9UKSS1pEdE5Br7zv6wGRLi4f2Tw1jKF6ND7Cn2wJ8z
9qQVj5MfMGaUyi4XgxrHtP4Zgwds4T6bfPw97ebo4wKW
EwwjLURAfEyY89BaEf5CCAp2FnGvmnRrnAmAuoicvT2Y
9wqKB4DzrFF6d1gDXTPcqGQp5xLb1fTWacUyCXWxwmz6
76So7mZfZLdLym869Ki11zcS5J2BkRM9HZExN9wtEDnJ
J8vxiR8o4NvY8wcR46iuSpSAjXhBwGCgrbo5LWA3corc
EZsxgTx6JXqZS34sDynrFkKD1Q64Eve7AW8FjawFfovV
3p7MS9H9jfENRU4QPsixzyhuw8yurWnFfsmoFBYxkNSD
3vipZF5ThSaE55jGnHE1PZhCoHvRfBHvihP3pQ8Ph7cF
7PBW5ffxTpu2BP8PgR4Yf2hfj46fnG72V2bRPAsNapXY
FBkdDE9fbQobTccnZr2XDqrpeevmeChEiPLC5ABXUXfE
AsxYivuyVu6znDgnwenpLSLvkZDua4mGKxTvM2JgoeDU
FMpyNybU9kdX17qsiprVSDJYPM4XmZMgVDx5dhhJeMio
GsmrTBoALiurqDsxcMurQK9EN7pDbi2JewoDhJYH6Wxh
C9yn3WJMmDUVoDaR4phhTc7ewUc4kwhZN31XZJi6Q5vG
9eMEg3Er6JyWpbzicAVbnz3cLdptcEz4KZHgnL1xKNjs
8BYZdyyBqARFd3NvX7aJ7hEFRFQgBCupVJL88gEmcV2J
GJaQQ3i63Mbc85pebD6aEE1zhasTUVNnh4hPcrhxfuTH
CDKD1jHxaxqmGE2jHBJ4tcnMZBNSomQhgPX2NHycxpEp
J6qgJxM4MGfCK2TF6SUPeLpB3w1WesXMooodHzmrPCmd
8zfdGUKpemtzs2Ypb8reoN3A43o1ZkbwFCBNzpUeFeUo
9CeQYRt1eK15SUAv8AE6XPhh1ijhBF1dyPdGQGAiCfMx
BMSTukA9vm2ohgiX58SPutotkNs8C7Kmcztk2zNvSRJ8
Cg62iH9s5gSmBdmtxTTADsVjZkpikdfUqZMtYVYwJa5M
MvogSQTXToXV7MS8hDbvfWGoELDtR5Z75SGMUNiUddN
BA7N78zwguVEsumBr2DBvCY3B28xj6RY7NkTwRVWvcun
9dHu9r6wgmxnWxPhUNSUReGFRxzYNfqdYqGbZRFVTpmm
rMjHEPkW7J1PF6Vu1ztdvRofKNWaP3yoSAXbkNdY6ML
H7tS6xQ6Yv6v7orxezqmf52vu7LjqSTmUXKwX2zVHmjE
39YD5rZrsz8mSdtyVCfwaG2cAh5Amq4wDAgqZEtgXLRj
ysh2B9XKTbX8DdsWM3HrzjuZ5otrFc24Y6H8naAmoYi
CGqyDdLVve1Ws8xLQbxB5spzBhsCVkLw7PzcMrwATiwW
GVdTbyumPzRypxK8Zbc9eaYeLhm2VTYYF32L6Lw35Q1n
7gXRnhYYPAiUbYCehz44qhtP5cEsC7X5kj7xCW5o8zQu
keZFWpVykCSSpt9P69m89JV9Now7MPB1uP84xTVCMVT
J93VpEgm4Qfzv9H71zd3RsWxdTjin2hNZVYDo9r1Wgtc
8Ap1sNFR1j33CNpoLVbokNqCQ4mx4qu2xpRU4kSZHnzN
B5wGRziAmbZ6NMGwatX7s3rp9tWzDL3fEJojQwh1JREe
E4YnbxEMtg9988ogZrG2Bgmb5FhZk3eW7irwz29TpK8g
GNweeVmB7D3f3h3jMsA4myGNPgqUqqVCP5WsAqhhhEFF
7P4Bb1pCMuYNveYhg2j445cmTRCEGp2eAAtBQUv7Jz89
ovVchPXVyN64eAydpNfX1pgoRetCjiP4vAWzXEku9YK
917wwwdLEmCBvyz5fhXmfjL1YBakvkJEiHEVqpTjQf9u
9AEwm9w9QbeLiZmy5qDCVZXvatKLokHhLPRsrHogcyap
kbtxDFxdfY4NxQ9kNAuXFJ2GuAZE95dCXQw7yeb9q11
GQvVxDnibSXUbeE6gvK33WFhtXB1tue8MXkxM7WmTAK5
ELF8eieJAgKHJypyvoWW6PiRFrEHCwZd27K5f5UmNgjZ
