Transfer 1 tokens
  Sender: HgdHchr32FNBE8HWLZ98rZRFaorGxvjgjpFRcY6gaAQs
  Recipient: 51oET2dy4vCmZ1JMGYR9hbsvsLng1vcLD6z2AZp1uq1j
  Recipient associated token account: BQU3R1mexVuf47eYuBwCu9AUfv1usc1b1H4PG81U9WJk
  Funding recipient: BQU3R1mexVuf47eYuBwCu9AUfv1usc1b1H4PG81U9WJk (0.00203928 SOL)

Signature: 3UUWfaX3S1efeDKVYA9j4Y4w8NtPjqcBHYBMye2MXRMEghLR8ULmZTgwwNHdYWUrsmHjRHygvG35pLrw9z3Xm9Mc

Transfer 1 tokens
  Sender: AoH47UbHpPtMFAFzXsGr5WqwD27NxkcqiJT5cMkPGehL
  Recipient: E6BdoEi3My25cnxbW39kHPq1Wo1pnqU3GX6QQP57XajV
  Recipient associated token account: 86VaZKTQB3voex3KVRcSqZ9Du7HEKZoHYyUpmEY2R6yt
  Funding recipient: 86VaZKTQB3voex3KVRcSqZ9Du7HEKZoHYyUpmEY2R6yt (0.00203928 SOL)

Signature: 4Y9tkst5EkJci7jQQdMq1RLqQs6ocDbjvBCKQemEz7wzaQ3vGepJDkJQBrZxv9rvLPUA1jC8AsjKKBfLLZvq7JJz

Transfer 1 tokens
  Sender: 5jjuhiBum55tiN7JWmkWLM8td1htghGab7w5ygd31iw6
  Recipient: BNR9v15ey3uWaeZsNYGX5rDvRus9S8UL16hSgduEArFN
  Recipient associated token account: AwVaEe2UZuedifEGJRD5nSqkQUtDjZvr1ZGHK5V7Wubu
  Funding recipient: AwVaEe2UZuedifEGJRD5nSqkQUtDjZvr1ZGHK5V7Wubu (0.00203928 SOL)

Signature: 4FPMftHyJgfn7o7gLCY7kj8sEhgcNxubjeioNBuHNQYENsTSb8To3iwRXehPxzmyo5QeAGkFszXa9uPeYHdPeZ73

Transfer 1 tokens
  Sender: 3gtrHmjZErET2eHaKbpRtpG24pUgU6jQUqo5u2pCZtVW
  Recipient: CnF8yaRcn2RMYupWJtKue5medfrTgBJaDgiD93QXbydd
  Recipient associated token account: 7hSctUXYLm1F5vqk64Rc41wNw28yND5MZwWaEbi5WGj7
  Funding recipient: 7hSctUXYLm1F5vqk64Rc41wNw28yND5MZwWaEbi5WGj7 (0.00203928 SOL)

Signature: 4eY6KVZKn4e9AcoB3pyH4XkSnTujtDVGUn1t1KZjsYpNC22oSdDyEUkmD9cuT7HnvaejfC2TTVKkHi26wJoqpzCf

Transfer 1 tokens
  Sender: 7rWmDD8ybJUfzLycHunmG9MtkKVveANX421RuujdvW4c
  Recipient: GCJxBzQY26nz1TXdrNVESHEvQLdTMWGttr71Fq3LgGvW
  Recipient associated token account: 8ZNANzdeNHQFV7JCgYR2Cf5BUkJMof5axUUnhdmUUdG7
  Funding recipient: 8ZNANzdeNHQFV7JCgYR2Cf5BUkJMof5axUUnhdmUUdG7 (0.00203928 SOL)

Signature: 4Rg5biMJFFZ11K7oCejyoxbtHzaVBtUecFBnPwSuNpYysBqP2sMsFbedBZRnym1Y94ckXkSZ12DYPiBsGjaZxzfk

Transfer 1 tokens
  Sender: 6b4HZ3uSZxZV27a5sNfDZfakiA1sDAVkQWEZXC9jwx9j
  Recipient: 21GbK7sgkPGx9Z3kJAtaa3quvgUH6tbqHqacV7jQx76k
  Recipient associated token account: 9cgc8CSs8sjgXaW6pzisNnrdp6ZB55f9u3fHFSnn7eNW
  Funding recipient: 9cgc8CSs8sjgXaW6pzisNnrdp6ZB55f9u3fHFSnn7eNW (0.00203928 SOL)

Signature: 367EWXd2LXieaRUZ3Hgi5Wkfeq687YnEikHLhbsoMAW6kCSbnnSwMiE73by5zfMgDGA9xoNT7nUFnfnjrrkxZCsM

Transfer 1 tokens
  Sender: FJ1gXcpBQpPd9Qk28TAU3BGYnmWRXVTovfQxBTwhhcWp
  Recipient: FpSrQMhnYa8YRnEQqKstyi8DYsMvET71CPfnmJkBSSP5
  Recipient associated token account: CBsZ4qPxbSV8T77ncyuAJfBMCDJvX8rRrfxA8tfwyz5r
  Funding recipient: CBsZ4qPxbSV8T77ncyuAJfBMCDJvX8rRrfxA8tfwyz5r (0.00203928 SOL)

Signature: 3etGLCEdTVVo9YVZsXvnPjFqhKNKuhsK6NFZqKoTkTCBb6kbC67e2mTJ2mMW6PSqKvNwQmys1XpDHMPn3rkuazoA

Transfer 1 tokens
  Sender: DntAbxFZhgaiZipQVsnZr2jTpEdZjB7BkzcqR4Kj2nvy
  Recipient: 6aVxAU2nNjSUmDkSy5zgavKcZNKGov3xhi6tUPLnULLp
  Recipient associated token account: BbXqBDivgW4diACZuS43po1qy1geqjWRgzm8FcbN1m8P
  Funding recipient: BbXqBDivgW4diACZuS43po1qy1geqjWRgzm8FcbN1m8P (0.00203928 SOL)

Signature: 52ZFJPsPbygqnSCpaxKd7W4nToys5DXrv3fgyev9gPCn38qtJzC1WPrSPv9Dm2Kn39qXXK8LyALKN1KS2Ux1xSZ9

Transfer 1 tokens
  Sender: FG1tnNTCvr4kLUsG4XmvyMSfrreGAY9dgJp8ep7FXUfr
  Recipient: DQFKWDdyK13Tx61kmD8B3ZKgtxGbG5S9SruRydyHbAz1
  Recipient associated token account: GmnbyZBjDi4w7Pd3fbxx1TgHV6tnEwdNQmqqWJQsxcRb
  Funding recipient: GmnbyZBjDi4w7Pd3fbxx1TgHV6tnEwdNQmqqWJQsxcRb (0.00203928 SOL)

Signature: BtAz969xmK8Dt3j7nh3NqgsGeS8EFQXWgjofQohdciCE71B6e48Y5HsENSsakLWJTn8TvpZvo9LacrfVddQjhDp

Transfer 1 tokens
  Sender: 2xaJpdiJ8udrf8TfYwqqD8mUMvnNayichz68kmCdWJRf
  Recipient: BzHu964qt7p6KW5Fx93E4VR2xYuTit3NMxAncrLc7gj4
  Recipient associated token account: 7zYCagp4Dg1AkXpT8NBxkETaC9HCvQe8Gj4v6eUKNZu1
  Funding recipient: 7zYCagp4Dg1AkXpT8NBxkETaC9HCvQe8Gj4v6eUKNZu1 (0.00203928 SOL)

Signature: 29UwpF9Tx61qyBd9zMg5jkoQpDJFbTLzcnTiEouo7nbxtZy61YKVBe5ZZqzHSU8wjjrsY5T5C77rnbtd2b3rQh7d

Transfer 1 tokens
  Sender: LwEZzFmEsxT2hMFBP69fkezv7ipEej8ghHahWSttmbB
  Recipient: 96a1AEVTVxCjdgzEW6rg2PpytucvWLwBVJWPdZJCZoYd
  Recipient associated token account: CLVC7Eaidu9aeajEXHdoGKaRSTnCt7R2Mo9PbVJQ6xVY
  Funding recipient: CLVC7Eaidu9aeajEXHdoGKaRSTnCt7R2Mo9PbVJQ6xVY (0.00203928 SOL)

Signature: 4F99hnQX4ZA4PbMDpGzhwbfCvHzw5jyJBttwxatHpX2foWqoFcU9vhMiGwBVXC9eWHh1ikpB82Nb4pT1s68MHAiX

Transfer 1 tokens
  Sender: 347H8A4Kxyfp7pir6ZKYLHpX8YJnApQyzy9TsJA2r9Y9
  Recipient: 3FNmL6TuxYzDx4cgTHrHgoqRi5caLw3QXBwZJn6cC5jo
  Recipient associated token account: BK8PWsrfeze22eVft1PbCoyFnsTwdHCpx2nPRuhBisAq
  Funding recipient: BK8PWsrfeze22eVft1PbCoyFnsTwdHCpx2nPRuhBisAq (0.00203928 SOL)

Signature: ANANGV8RTSSF1KStFZevZELbnMLb4EUFvV1SyVbMBQcNXCpGQt4RFmj4SKaJWktKXU4oKdBt44tMqQBeecYLCgQ

Transfer 1 tokens
  Sender: NKWM44y6DHXuK1Bn9djPCfwtszbcoLde9BqiPaGZ4wK
  Recipient: Cq4wKeNxdoPT6HaXpcrKd4PEvnNYQiSRkZaMELf4Up7Q
  Recipient associated token account: 3vm53SyoDgdjT7gNcK7YGetqoF1MsD6w4KzUqh89yxgk
  Funding recipient: 3vm53SyoDgdjT7gNcK7YGetqoF1MsD6w4KzUqh89yxgk (0.00203928 SOL)

Signature: 2c12W4732JD1Z2LQC4DCFSBJVE79nMdnyxLTU9NNRJGEAEX8gkyUZNyJEXhSoFTuUdBAY7sRM5fKPyiMCGT3so1X

Transfer 1 tokens
  Sender: 9dBg6Kq4iShFsS5NuVPEuT2KemYdpxYmUtzYiXeMZ1Rh
  Recipient: J6DFtZD71ibSeRvdWbZ3HWW3epgTZm14rwJAdrpc6MPs
  Recipient associated token account: HoDqT9sc42Nx55x4cQNFxKbEAqTPPQVGkVw3AHbM8new
  Funding recipient: HoDqT9sc42Nx55x4cQNFxKbEAqTPPQVGkVw3AHbM8new (0.00203928 SOL)

Signature: jtYKG9diPEaPXkphBMuHSmagNgi3AJsNJD6v1Ww3Nh8iziN7qGy4WRGfRcsQPGJokvLEGvUKYkwxCyP3W6LaDMH

Transfer 1 tokens
  Sender: Fs945BWqAMG6ELTppyAEU6WWkUMFiTsYppN4XoXx4wiQ
  Recipient: 4s42uqae5XgrfFWYWttrVFRaFYPQMKchg7chdBgzz51D
  Recipient associated token account: 7QcLtB1YxN3BoT7jovSqSB4jzTHHFR1bnueYhDcmh9LY
  Funding recipient: 7QcLtB1YxN3BoT7jovSqSB4jzTHHFR1bnueYhDcmh9LY (0.00203928 SOL)

Signature: 2VVSDRgky6GsQ2bTKEV7WA4oELXs3mpqrKuTip5yHij4qNuai4MHUi3QGFUwpjWru2KZDFiaBTF48LwP5PPSJGBx

Transfer 1 tokens
  Sender: 2ncurhaTsxgmjwkJx5hAJUCQ4CSKh3bm6e7vV3Eo5JUh
  Recipient: RTY7RjhPpDabh6ky8mQudWxWH9XLZLCRPAj2CqRN21r
  Recipient associated token account: CeUsuUQ4TPwjUkZKbnL5naNfS9L3wDeVVNqLCYUWXEYh
  Funding recipient: CeUsuUQ4TPwjUkZKbnL5naNfS9L3wDeVVNqLCYUWXEYh (0.00203928 SOL)

Signature: 3wCiw2X4PSsKqi92BqwC1vxZ2YLoNFthxcKDHRygADBNnofgpstdEQsDpJgMRLtrJGZoWwwBRgGjroKzwJAFr2xA

Transfer 1 tokens
  Sender: 8KhLNi2EbPy2PRKFSXVr6LuuYmonorxwpjXH4GgXyuzi
  Recipient: 9ALakWbp4ododvgodMSPQRzVtYPXH1M8LjxHXFDkPds3
  Recipient associated token account: 6u23AcPfrPxQnQypmhrZcaiKn13Ser2615zCviQhMKbD
  Funding recipient: 6u23AcPfrPxQnQypmhrZcaiKn13Ser2615zCviQhMKbD (0.00203928 SOL)

Signature: wZnzch9TyvgCzeWuwwkrFJ8xQBnvYAMv2Qyg4h4Skbmwfwb7BKuRyNqprjWLtUE3r4xBPJ9369DwYaxZRrU57n7

Transfer 1 tokens
  Sender: 3VHhhuxixK6XeezHPJ8Brj4opGmerFwcwZ44qMbQdtzZ
  Recipient: Gpe5fe5Rzrh4kTQn7g28S7f3xctjs9DzseXi33FTMYAh
  Recipient associated token account: 6QdszwzshsQKXNwdhnJgwcFohSh7mmRiDNCQApKg3pQC
  Funding recipient: 6QdszwzshsQKXNwdhnJgwcFohSh7mmRiDNCQApKg3pQC (0.00203928 SOL)

Signature: 5nnN3mGjWs1Y5hxkFa9aeaERaNhoBYKcfFyPCL7u9sqtStJJVvGxX38SJLdGR5sxgHQKqrrNNn8amAhB9PvTEspP

Transfer 1 tokens
  Sender: 3d9p5SUkTm2eN56JkUazq4nFknVWbu28jdr6dukRbS5x
  Recipient: AaHjb63MyqP24NZGMCg8MNfzAojc15uR8JG2ZmHGYiRb
  Recipient associated token account: 7XVnw7onsVZuNKMYAARPGt1MwjvDR9sEpavsoStMDUsj
  Funding recipient: 7XVnw7onsVZuNKMYAARPGt1MwjvDR9sEpavsoStMDUsj (0.00203928 SOL)

Signature: 41rYaPogvBVd6aUw9bihkHHD1WwWR7AiHVGT5Brx1pP8vew5NgCUtJ5DtfQNAQww4ECqVme5Bdar4RiTpzeEMSjq

Transfer 1 tokens
  Sender: 5SxfmGwf5VBuQoEzhkmoeci7AXq4sHTAtLWrWRmauHJJ
  Recipient: AM8skwLjuqW3dXxXZngWzz8nabVKvcean29HoZSB7uoU
  Recipient associated token account: GcU7qCXapX2aEzesyQtdTNLEESxZGGqRyEdWjWiASj51
  Funding recipient: GcU7qCXapX2aEzesyQtdTNLEESxZGGqRyEdWjWiASj51 (0.00203928 SOL)

Signature: 9DGieSC8GhgVrKQqsoAhJbdgqMFutyTeUp7L4uX7pvXofaVANjBLh3jchMLQvbiHzsrWjcsXAdo3HNownpdMbw3

Transfer 1 tokens
  Sender: k12zPYzagQuyebcHPVCSiYXy2hRmLFS7v6xG71voLhw
  Recipient: Hew6XJcEjQAx2Pi4GWogr68dmbST24g9xtumKBqvhkdL
  Recipient associated token account: 7MUsJGaEDtBTCVTxDBa3GLATuFs8JPEasQNBL6aEXxwn
  Funding recipient: 7MUsJGaEDtBTCVTxDBa3GLATuFs8JPEasQNBL6aEXxwn (0.00203928 SOL)

Signature: 3R9TjPtdK5pJWe4xRNmKTSDAAZBbNHLMXrzNhvFjZiAjJsvmEfu5LXgRnJGM7yY8s5JmaYqBRbjHGoa3c1FwFjdd

Transfer 1 tokens
  Sender: 3qGtognqqAEDjf8qyZ3tncmidfVJxL8j8k9SxE3cGWwB
  Recipient: GdJN3D6hc48vzsoU1wTYaxFpTG1nimyV477z7RQ7SgTB
  Recipient associated token account: 2rwZyZZ6fS7gH2d6zpSrMWSdoRndx8PQah8reRD8SLac
  Funding recipient: 2rwZyZZ6fS7gH2d6zpSrMWSdoRndx8PQah8reRD8SLac (0.00203928 SOL)

Signature: 54sk56toNuhoaVbtKafWyxipiVbk1o3WYq1NLaXV2vfwrwVnHHDyG5CE68fV9DFhTFKETnBycizUHsqFDC6Y7GAg

Transfer 1 tokens
  Sender: 8JZ6Y631zCezEYQRAZcRSmwdty4BdkPPP8BV9ReTJJwd
  Recipient: GCuqskvjzqZayiEuc7rqS2vF7cYqSB5G9bfMeFsRvirf
  Recipient associated token account: 7HVab4ykEHaA8QyJ5Tk1siZXRrSYZqkp1kTKoVb5ubam
  Funding recipient: 7HVab4ykEHaA8QyJ5Tk1siZXRrSYZqkp1kTKoVb5ubam (0.00203928 SOL)

Signature: 4EiKxTjHUg842vnpke6AhvGgKfGpyPCxM6WhjTcNtMyremZDWRYv5eQz8WStXgTEMYyJ1tvMcPs3mxArCsjpUDJP

Transfer 1 tokens
  Sender: 9xX4jzKGgLX3VHyPAE9svfq55ZNoiApYEsYch7szrzca
  Recipient: 5Cz7GSRKnuFDaXRHeNJpHC77aqU9BY97eXNBBCVhckLZ
  Recipient associated token account: 4b57L9qthPDn1Dkk56QcrC1C2q8uFt7635LGxjpa2yTz
  Funding recipient: 4b57L9qthPDn1Dkk56QcrC1C2q8uFt7635LGxjpa2yTz (0.00203928 SOL)

Signature: 4ikPKxQda5kr4rKFTZqBJsHh5EbcuLUHrFiyrz3nmAwZLdiw9rUyy3FcsVxYhPWcYNvsvdusPSk1t1LecDtXG31h

Transfer 1 tokens
  Sender: ysP4X3cSYDDmLX6MaVNUY1qnUreron1QEWUYTTPQ6Yf
  Recipient: 5iDcmVaSaskGaYt28dAhTw5zWUC9UPSqsf9M384ofg55
  Recipient associated token account: 2SPLwy8mfvRgEndp8zY3QyvTAgWwBAeEnQVre7RpLUbt
  Funding recipient: 2SPLwy8mfvRgEndp8zY3QyvTAgWwBAeEnQVre7RpLUbt (0.00203928 SOL)

Signature: 5LLpYZwdNX4ZqcQCgz3EFk6tULLi4NdR7sSWCu3mfSJne6UPgvcchPYVVGcJaSMHk8Ew2n5pTs2wbXrfwaUZH9h

Transfer 1 tokens
  Sender: GnUHJcfU2ryUr37ZwciywW7sD46Ah1mfRmqYFTsNBd71
  Recipient: BVFTQzEas8kMPkcugksaTTuLnQJ8ESxtLryk4ngdyvjU
  Recipient associated token account: HvQbG69RqPuCLDUvGC7XAauX3bkkf4TUgYdXwgpryNef
  Funding recipient: HvQbG69RqPuCLDUvGC7XAauX3bkkf4TUgYdXwgpryNef (0.00203928 SOL)

Signature: 2ESo9jPkxx5aGWR5pm7VV4o7mHud6TbWvqoNzXBs8pL6LRrRWTkttuSQW5EuXGqXBvYC9SStKYmUE1RgdU1inbJC

Transfer 1 tokens
  Sender: yk321KhNbAo1X7hK9aRFbyuXKZnMrSYciYnkMhGgZe1
  Recipient: 62dKmy6VhcrkCRCU9fMnxMmwn8cVmwqXzRW7tA4Zx6Ee
  Recipient associated token account: 9oAScwNz1UKbdTaj2DtCcSGv7QpbSi4DfRuwjEsx6b39
  Funding recipient: 9oAScwNz1UKbdTaj2DtCcSGv7QpbSi4DfRuwjEsx6b39 (0.00203928 SOL)

Signature: 5icJdTJuAWvyHNMNvHyYL4SwuCSE18D7dwXy9Sa3Hs7XKzPCKL82tnLEFyWkRMZ9gTsVKbwdfdzWEDJtGTdhditK

Transfer 1 tokens
  Sender: 5RTfurU9wqvvBeULNEXGAcNM71S1xVAayZ8GiDEpEgeV
  Recipient: GZndDa7zqPyeUGMxZb9sKqnhvcqHTSMjP4kFJ4A385FG
  Recipient associated token account: EdZMeD12JfXCJ7XTr2LmXb2sK5P722saM1tLMja2cXrj
  Funding recipient: EdZMeD12JfXCJ7XTr2LmXb2sK5P722saM1tLMja2cXrj (0.00203928 SOL)

Signature: ac11Cm2hqRKjAi9uWS6X93SbQX2GaywL8eAUQAJTR5Soxy1n4DxrHknakpfaumbvVDkGaZG5wWCALKuGzSEwgqC

Transfer 1 tokens
  Sender: 5Lr1Hv1rcTz2ciqXufMiLePb6F5cPULWAtNwYz6JwYSN
  Recipient: 7srUnsGigLyApFwxw3MgNawzDrEkDYpjZtoQvBi6ayeU
  Recipient associated token account: AAZ9B8y4KQ8d1H3RB5GQBuG7hGGNk4n2BqjMRXYcEKDc
  Funding recipient: AAZ9B8y4KQ8d1H3RB5GQBuG7hGGNk4n2BqjMRXYcEKDc (0.00203928 SOL)

Signature: 3n5hnwGCREakt5emVBsKPM8a1BiBf6kTCY9wLeDDGFZUvYXm75VZM3s3CVvoX6jQHmfKmGdRpXV3oSZPUBYhtszw

Transfer 1 tokens
  Sender: H9fF1RiPPDG9UByFUUFbaivVBgsTuhfWCyyHmsQV5HrH
  Recipient: EWC6ESChdBqExhp96XPMLXR65pXP6Ftuh1pPAVws4pmk
  Recipient associated token account: 9A1zEzCDrsWnAj1pjiyt2hTkXHDF3fg2Ayr9cxoifEEp
  Funding recipient: 9A1zEzCDrsWnAj1pjiyt2hTkXHDF3fg2Ayr9cxoifEEp (0.00203928 SOL)

Signature: 2Y6fpTPo3uY3sE3tztiQrgAwWny3tTB629dfPA42m7ph1dfQVYMKJSL7YQbNAeykNQdjjDUcWN6NGXKYx4JXC5EJ

Transfer 1 tokens
  Sender: 7fgiLqZXceirVyMdCicERHuEkzTSSYBQyNZJ3Sc4khmj
  Recipient: 7N4j24qzrA5DfDq5ua4RhYN8J3yCyAJhpEMitD6zJajZ
  Recipient associated token account: 8dTi15PqaxcUbcjm8ET9HdFvdnnF8p4tiqbmVU3nz4B2
  Funding recipient: 8dTi15PqaxcUbcjm8ET9HdFvdnnF8p4tiqbmVU3nz4B2 (0.00203928 SOL)

Signature: 2TpJ89TYFHWwkkSzoWCMBRJbA8uSbzNp49y4kdNKSZm6L61pNEHn7hLz3LUbr7nXJEJSBJYAeCpc2zETTmHB9iQj

Transfer 1 tokens
  Sender: 95NBaAYiaPB3jT9eGBF9CHN3CktkfLPCmkVuBfsuEgiq
  Recipient: BNR9v15ey3uWaeZsNYGX5rDvRus9S8UL16hSgduEArFN
  Recipient associated token account: 9kjRXKiCQYwFKJ9686vzJPMdGWakNNEhHecHJvGFmHXC
  Funding recipient: 9kjRXKiCQYwFKJ9686vzJPMdGWakNNEhHecHJvGFmHXC (0.00203928 SOL)

Signature: 3Rb6KUhvvAui8rAfYpjDKTv6jUfQYWs8RVxW7ErnjWmYKandemCEFPhah9gDjQt8Wt9vFJbNJTVCFbPZr4mP3wE8

Transfer 1 tokens
  Sender: 5M4k9McomvLBQpB41ypXfkxEQxJTz4AUJrAX6itPs5bs
  Recipient: 9TSTbNVMXMAD3hYdoA7jRnKZCWKuKfkm27MKJsfL3JQn
  Recipient associated token account: 7b8A2BjBwJSh7KZPxdV57Wim37yV7sx4yXGRysVVvdXL
  Funding recipient: 7b8A2BjBwJSh7KZPxdV57Wim37yV7sx4yXGRysVVvdXL (0.00203928 SOL)

Signature: 4Z61FKThJmfRBc6Rd24aQXwACJ8qitRxNEKsdegs18bRi5qUC7bS7WNVPVuLcYeqjD3yvQkEjv3SihqdDm6FJrRA

Transfer 1 tokens
  Sender: 3TiXT4eSZauGZn7oG3qzxJC64g6jB5YexhxsdtbWUMsm
  Recipient: F4hN7ecndZ8Gr5KQNSFaSrMGawMasz7jfWTLTMpk7gaB
  Recipient associated token account: 2EnNhevHujmUD7JLrw72NWq4qqVbVBpp68JDgQGVZqvb
  Funding recipient: 2EnNhevHujmUD7JLrw72NWq4qqVbVBpp68JDgQGVZqvb (0.00203928 SOL)

Signature: Wc7GhwNbyhiohQtdBj2paLd4uhPwAD1coWuvxtnbPBGxaMb5ErBGcQmy86DCPVzZxhdk6srhy8WgNQeTkTLiCT6

Transfer 1 tokens
  Sender: Faq6AjHTKdSyPcDHgaemN8gnk3nHgHY49Hcs16VYn52B
  Recipient: BxCviB4hviwgAXuZscTiTQcoXd9pF7CdctqqNw3txKkT
  Recipient associated token account: GHGRaC3dG29XiQaMqnxk65bxhoeFKxxaNtYcpepVj37U
  Funding recipient: GHGRaC3dG29XiQaMqnxk65bxhoeFKxxaNtYcpepVj37U (0.00203928 SOL)

Signature: 5ErnRtzdP7gDxyRFZoE88JmhrtSo9KLDoF6WW4rxzHcX5fHuZbwUT85Bvph1FebkBCxQzhb4cMyEqRfjvzdUJous

Transfer 1 tokens
  Sender: 4Lx4XV5oFw6CQjZXhcmW8RFnm6SA5FhGTP5Z5i5iYQSj
  Recipient: Cfh8zzLqs9o8naPDQttdR43Wp4n1v1dRdN6L6KJSaqxe
  Recipient associated token account: FG4t88fMfBpSWq6M69BKjGZmGq5hTicwPge9k7BTyELJ
  Funding recipient: FG4t88fMfBpSWq6M69BKjGZmGq5hTicwPge9k7BTyELJ (0.00203928 SOL)

Signature: 5LUyQsRCoau781szRmvZhbQGxEVXXNwMmP1nUYHHdeR33NzijHZwJMU2u2ThkuHXGxqvPyJmy6z8EFnJbLUzRPP5

Transfer 1 tokens
  Sender: Z5gjUkWN4NHw7XSvwwjef6vC4BJGVeGG46gGKJw2rqz
  Recipient: 97xAKp8FjyXkiYqTtYWN9ArD7KxTevzaCAo7VCcwLAsK
  Recipient associated token account: FaoXVthNH6AyrnETXhCa7VSog813nzHuV7C2ZnUN4Qfe
  Funding recipient: FaoXVthNH6AyrnETXhCa7VSog813nzHuV7C2ZnUN4Qfe (0.00203928 SOL)

Signature: kozcifpmHK55ChasfgH7zMjWVcbdv26cLnMk7mfprT2knejZz3hoMsAAhwV3L9rb4NF5uquKViYo4SiFxPJvUBg

Transfer 1 tokens
  Sender: 3jPULW7D6hhPXpeosy8foMmVXRcZ5oGTRZd7EDVwWu4e
  Recipient: BzHu964qt7p6KW5Fx93E4VR2xYuTit3NMxAncrLc7gj4
  Recipient associated token account: BPsLkBWwfrFp9j66tKcjeaEmxRipGV4Q5MMKfSsEngoT
  Funding recipient: BPsLkBWwfrFp9j66tKcjeaEmxRipGV4Q5MMKfSsEngoT (0.00203928 SOL)

Signature: 4uxjXLD2DHUPXSoFqPhNeNE183BFzYm28ke3gbMMKh3J52F7hs6przCBEE5QpUEMdipn3ZnBoZWrDWaKst5K8Qdr

Transfer 1 tokens
  Sender: CxhRnLDvaS4zb9RPkaLH5voZsZd1nBsCANChPwWAqyhv
  Recipient: 4cUyDakNPeMEZtJPDJGNujWLGF1XNH7WbQnheUEfD2xX
  Recipient associated token account: 2yHU6s4s3ne2QVQB29WeLRybnWQmgorcsnXHsFpDsJd3
  Funding recipient: 2yHU6s4s3ne2QVQB29WeLRybnWQmgorcsnXHsFpDsJd3 (0.00203928 SOL)

Signature: 5R3uTqF5g55fCfQak5bxP9NK9n2tRjfqBxMdNwzJDrguttwTgZctbTaV72UsmUDccQDW2FbVrPU1U5aCQsHhiKxd

Transfer 1 tokens
  Sender: 4VFst6kBvZcDvPGF9CDU4mAJC3m73uXFVztngdKbetWF
  Recipient: 3uExCZNA4XcoLzfvjPPK53VpgXqKuWUBR3dmjR2c51TR
  Recipient associated token account: ENNvLX9KpBz8tXQexiahj1ig9HDYTnZXtBpmNhMZk7Jz
  Funding recipient: ENNvLX9KpBz8tXQexiahj1ig9HDYTnZXtBpmNhMZk7Jz (0.00203928 SOL)

Signature: 3cxDroizkuMTbriY7Q1LS8TQJMQA3LkGuUm5LpXGJvHMsheBnbyw9tCvMp7za4dLBGB2VP5JyV4n8GJeLT4V7rM9

Transfer 1 tokens
  Sender: 6qR1YRhUt3GxGVAS2mvicWivQtJobPMbE3btTo6UDgyH
  Recipient: BcwzmAJunqVo7M9PHuUn3srQJX73bd9xr5fJseCDGAZm
  Recipient associated token account: Esoe2JHc8XEcmf4ZgvdW7FK8vjrtVXrPkoyTzYidjmJx
  Funding recipient: Esoe2JHc8XEcmf4ZgvdW7FK8vjrtVXrPkoyTzYidjmJx (0.00203928 SOL)

Signature: 2iHLbhxbPTdFjWtSybzLPV3CzMobbLMDr4Ng9jvEe1gitR2NQVo7vx1teXDWGmkrk2CwgwoJXyZBuYo681mQhAzd

Transfer 1 tokens
  Sender: 8w9WT2kxT4MMTxm6wRcGAUdD4tntVwE6HEi46CjCPmaK
  Recipient: 3eucHmLaRJzL3d3rzYx94KvxcVhR4ESLo9R9hhb5Snbo
  Recipient associated token account: BXZDeaDr7Cpp2rKTqEmqz6o6qxa7joyP6CSdt4HT9T78
  Funding recipient: BXZDeaDr7Cpp2rKTqEmqz6o6qxa7joyP6CSdt4HT9T78 (0.00203928 SOL)

Signature: 66YviSWC8XiPxzvivxtfnUQiTRwqby67RjrnCqbxn2n3veqm9GnJCN7LRiw4inuBcSuG41XHCZnSdj6mnxrZr8Vi

Transfer 1 tokens
  Sender: 6D6hnFiz7kq1xKSvrMnacJS5F2KkDa7x11sYZ15D6ExV
  Recipient: 86nH1NqumMS29x6obhV31NwR5mgjUVnch6QymvjuYJEA
  Recipient associated token account: 49DjrkruB1siTZDNdoB3igqroQwf1h31nXeJVLsJyWZ1
  Funding recipient: 49DjrkruB1siTZDNdoB3igqroQwf1h31nXeJVLsJyWZ1 (0.00203928 SOL)

Signature: 3tnv21Q5EEEjHD7w72stsunCJDG1n88dzK1uXeaxG79yufZcDgN56Zvc9zcPY5GoydCfBRS1deBZm3J4aJCiqEsr

Transfer 1 tokens
  Sender: D1TJjwXy3GfBEPbKAyBm5QUWckzvQ2eYE6M6cXrENLCW
  Recipient: 9v9D9kvePLBANY4Zx2PUzn75dHuQMMMcs7mZLYy3gMaF
  Recipient associated token account: 3E42uqzDHvLGYhKSo5xJnSF9ozkbFvDAYYBu7n3FYzH2
  Funding recipient: 3E42uqzDHvLGYhKSo5xJnSF9ozkbFvDAYYBu7n3FYzH2 (0.00203928 SOL)

Signature: 4vaXQpX8PGZkfx5XWD1tUMMb1VyEfY8CxiF6Zccsdrav2nxNY4kdhPar6wRHdHHE8AHKJSTGqMpHHVZDTXGnS96v

Transfer 1 tokens
  Sender: bQ9eQbMii3K4mLndXWNPy1KAE4xjBDU51KH3xbXT9ma
  Recipient: DDFK1TZQtwAfQJ6UypBx3CwnhYT7hwVnMyoxupBU3HfU
  Recipient associated token account: AMdVtjMK9aTTtFt9B9isjZDuGvY29PZKKW8GDaUuRM2f
  Funding recipient: AMdVtjMK9aTTtFt9B9isjZDuGvY29PZKKW8GDaUuRM2f (0.00203928 SOL)

Signature: tqfkMNXjrsEZKBWaxxKb4oyxuD2WfKnHc949KXdAJ6HtvUDgx8PkSvU25NL4mz7usbVyagYhMYTMDAUqEHa9Ltw

Transfer 1 tokens
  Sender: 4DdNyuXhT4rUEf19GYEpfiatm9sqqHXeHAgUxvv3RYqs
  Recipient: D7p1a49fHgBQ1UxfuMCPAYRepN61QL7hBjXZrnSt2P65
  Recipient associated token account: 4umCbpwzgN5ccEP2TVhh8WesxR9eHrMreSpvR6TpjxSo
  Funding recipient: 4umCbpwzgN5ccEP2TVhh8WesxR9eHrMreSpvR6TpjxSo (0.00203928 SOL)

Signature: 2D3kEXeopk62tueApCq9wyjc8qEU8r65yBJg8JxFNbtpo7thpqfnmHitMGYZwgrjaMMWV2Ek4qLQvN2LzttmLaLx

Transfer 1 tokens
  Sender: EWXoMCZwSueNknjVpmMmVbv7TciQosGMnrDXuQfZqPzV
  Recipient: DrVCSz8B4kGfzSqi3Sj16ehzLTHzFBQ3KoHHbdrnPFRz
  Recipient associated token account: Eeqb5iGr79qKCXAFuRM4HgDGRYzHD7h7u2RKLFSdLK51
  Funding recipient: Eeqb5iGr79qKCXAFuRM4HgDGRYzHD7h7u2RKLFSdLK51 (0.00203928 SOL)

Signature: 2vq9dHZikFDpeXrockPyzY7zqeMoUi1fJ6ecFvDEj3Fn5qVaqvuYrHrAqn3QTyjiAtQsZKaSqRQCstvNznfGTtUz

Transfer 1 tokens
  Sender: 5zbNwUreAUTXEmKdBKvqkZnAUTMcUqBi8bhMQNn3ibJK
  Recipient: G1ahFCQP6AQeFQ1mM1YHa8C2cVcggJkcvQk9nAQ98gbm
  Recipient associated token account: HZFs2fMmn5UYYPqwMCFqMH3cxdkadtamKnAAsf4PcQrR
  Funding recipient: HZFs2fMmn5UYYPqwMCFqMH3cxdkadtamKnAAsf4PcQrR (0.00203928 SOL)

Signature: 4htkZ2F1No2cAr5cxvTX3UcFrkvRjrESwmMRkHmgMiuvKfsbWCbTWVNUQbVxJZ5TtznzD2GbAfuhVfG64tG25Qsp

Transfer 1 tokens
  Sender: D9KiRWBVtP7gKZmGrBYGzmkoDsFJZZLRjoWPMEiJjpNt
  Recipient: 73tF8uN3BwVzUzwETv59WNAafuEBct2zTgYbYXLggQiU
  Recipient associated token account: F2BvxYsFhJZ1s6ms2LYsPRFZxZzeJ7MNhX5xP9H4YAZp
  Funding recipient: F2BvxYsFhJZ1s6ms2LYsPRFZxZzeJ7MNhX5xP9H4YAZp (0.00203928 SOL)

Signature: NohShzTAW7U8PEQ8cnC4kwXwQWMVZZoZXi1kugtpYQzorXXNiRvCdBZo4KBvAoGy1Z8rwMfy7e53zXwprtftFr2

Transfer 1 tokens
  Sender: iA5qSJkq98WjNevxLtQKhn3Aaj3o7xjJMCoF7QdK25X
  Recipient: BUdpRNTSxyZZXtecMuBU7eB2x7RrwHZDPzGGUwiZwZUo
  Recipient associated token account: 7aqm4Z99iFd4SyRd3Qfs7nRkWBQ3VCwL688Hf8QA2CJH
  Funding recipient: 7aqm4Z99iFd4SyRd3Qfs7nRkWBQ3VCwL688Hf8QA2CJH (0.00203928 SOL)

Signature: 2RVg4N7QicV2kWTC16C6DKg323ZdbLBR9tzhtXCDmpt5LZwihbZCaz8SopwtBX9iV576f5yNRmuMPrW1r27JsHG6

Transfer 1 tokens
  Sender: 676cGJxjME15m9axTQFC3FjyMGGiMHZ4GSTkJFVo5Lmb
  Recipient: Bw1hYhphtLhxBbAaWt1MKZGdQi8EczD8xL9M2PDsDSY6
  Recipient associated token account: 5ZvJvUUc24gHe4nXhkbW8P7LYVgJE6oUXLjwUMV3haEY
  Funding recipient: 5ZvJvUUc24gHe4nXhkbW8P7LYVgJE6oUXLjwUMV3haEY (0.00203928 SOL)

Signature: GDycTnFQERKx7qhJjsxNF1jA3ue4JYZpSssLpp7qURETF7BY5rydE5o8xGU5bEDG8SAohzGiKfHUhBqH1wd2gZe

Transfer 1 tokens
  Sender: 9oH5VhUkKfHxeupAPfefi826cCbVeQtdowjdV9ZoJKtw
  Recipient: Fp97htUt2k5JTcPvD7hy1MdggQZHr1oHtmHZ4jUqTZh2
  Recipient associated token account: 4XuM3mpDf5944KCcaNrBP9dWbG3VnLXWqvH73rq2Wh4c
  Funding recipient: 4XuM3mpDf5944KCcaNrBP9dWbG3VnLXWqvH73rq2Wh4c (0.00203928 SOL)

Signature: JJBRjECUFXL2BRfdrxZpy323Z9q8sEVTmSbT6SdeVMbgtDbWai56X2G9E9gk2qkxjQcCfRoxo1f8X63cyzT3HfW

Transfer 1 tokens
  Sender: 5oPFnxxPMDLeh25UfiEhtHQMoEDKaZe2MoLGzke9Ub49
  Recipient: DpwQvzG6pj2mnEgpKH9L4uWvmGZUaEnquAUjUBAoWNx7
  Recipient associated token account: FFySpQhTvtH5pWv7HTo3vmM7vBFfNQCSQSYjVpk5za2y
  Funding recipient: FFySpQhTvtH5pWv7HTo3vmM7vBFfNQCSQSYjVpk5za2y (0.00203928 SOL)

Signature: 3JmqQ25jTEgoewtBCngYywCMk4g5eZk1YGQVviQ24vLEZ4ir44bG973yjE9thtQAPYYNWM4a9MbB5ygpQhy6wzMu

Transfer 1 tokens
  Sender: DgvNyqbHWkqugKqigxkmbriPn2xnWz92N12oTNZC3XMA
  Recipient: CGA6H2M3FEjemWohUyYwh5VdvSteMTFxxjZJ1oAgAh6k
  Recipient associated token account: HNX2tMju3nf6hdN7pxDXb3AxJZ39XsbVhFUZEaouEDJm
  Funding recipient: HNX2tMju3nf6hdN7pxDXb3AxJZ39XsbVhFUZEaouEDJm (0.00203928 SOL)

Signature: 4wWHgPd2AsjgHxcEoAJYNNwp8pqNBQnRt4EzJAsZQkz34NCs7hgv9oGZLEnPD6Rs54bpxTXgE9Qk29LXChP5Txr

Transfer 1 tokens
  Sender: 9ZDprkoaG5GiBDNGkeu5ZoRzQtGuzr1QyC3rLxmHYCCr
  Recipient: BR9LRFZtgF5q3aodQBsXxY6QeQPyCQJQ4fYuz58fa9A6
  Recipient associated token account: AFnJ3mKE1hM8U6Jat6GZUQjADoTu8p4inUR8SYvBixwi
  Funding recipient: AFnJ3mKE1hM8U6Jat6GZUQjADoTu8p4inUR8SYvBixwi (0.00203928 SOL)

Signature: 3cry59BeiYzE3NeWxaZfYStEhMFL78NLcC8m6JbixFAVjQdk194GtUgUU4z7yPuWCZXeTckB7jzZa66Wyu32wwHC

Transfer 1 tokens
  Sender: 6JExim2kg59bLhV3Fr1DeNXD7CPsqqxHF1dmGwbiDQeE
  Recipient: 4ox8atxyrCPFsF3nfmzyU8o4kZhXkJCSo55PknT6Fint
  Recipient associated token account: 5HmQQrEZzmq4vh17YzxXV9fbACbxQoftfRcpryVoa4Ye
  Funding recipient: 5HmQQrEZzmq4vh17YzxXV9fbACbxQoftfRcpryVoa4Ye (0.00203928 SOL)

Signature: 3mMBRmqbBu2kkpubvUBCBNyRFys8DdwXxPgN9B9F736Rccb3pbug5jAxUWpbSi2FUVoJLqpUN3K82usqLoLEAvsg

Transfer 1 tokens
  Sender: DE5AYhC3qdHCL6cgy7i8bqEGgsydGJFpez2iEWAb3auu
  Recipient: kSwBNkXhyAevfPXQCiB93TCEESyxWpaFc4vyUtTUyyL
  Recipient associated token account: C8BuVCNm7HuuvA5gA4eXfu35NzrBG7ZHS36f3uHJUNKg
  Funding recipient: C8BuVCNm7HuuvA5gA4eXfu35NzrBG7ZHS36f3uHJUNKg (0.00203928 SOL)

Signature: 2m44zpaJiBUDSmv3mZb8yUmzyLMT2R8EeMmRtKBZxwA15ctjHuqCfEUKjxUTqHQ8gSZUd2Bn32DUSis163hdNWwh

Transfer 1 tokens
  Sender: 7wk4RsMWcrfxnZzTsUjn3ZdXJckWGqJBf9yh6L9RHcCR
  Recipient: hF57bqov6UrfrLybHm32BmoUiKMFN4Eo3Xi1YAeRZpi
  Recipient associated token account: FuNYaMLu6sATP5jxTJBS8qfEoxj1ZWLiBvWGGKohwQH3
  Funding recipient: FuNYaMLu6sATP5jxTJBS8qfEoxj1ZWLiBvWGGKohwQH3 (0.00203928 SOL)

Signature: 2Pk2gtPuMUQmZHrWaVw1dy3Us6RQWdskrkFik3ygK19A89RcUqygQpm3Hu86VzJeBGAq8MquSNn5z76kRZ5jwwkd

Transfer 1 tokens
  Sender: 5sxfe3mufHgGiQMb2ZugDuPPNPpL5x58DrADTSaZTm99
  Recipient: 7rQNp7Gs3634YqHmtxoWkYkNWuMeYf9W9cqkJ8nwmUM7
  Recipient associated token account: Foshnk1QBKd4wnt8sDs5EPgGJ1j6i8WWd3sDmRqGbH5T
  Funding recipient: Foshnk1QBKd4wnt8sDs5EPgGJ1j6i8WWd3sDmRqGbH5T (0.00203928 SOL)

Signature: 5658HrnLw9Vu3CQd2N9qzKMb8DF6pDSdxNgUSWAf8XKi1mDF2xmvv9zjeWgLjGvvDTemttnED1tHZ8RaYiK1Nh66

Transfer 1 tokens
  Sender: ELyK1g4Qm8c7zpyFuKWPXY36dKRT2RPUuZUFM3KFqrQN
  Recipient: B48b7Ycc7wQEfMmNvPAPr6CBaLkBPsBrAZZ3nAzdeeRN
  Recipient associated token account: 6Fw1pe3VPdcXjBeEkLnWFAEztQnTBvtqvdTRPFy1RLyE
  Funding recipient: 6Fw1pe3VPdcXjBeEkLnWFAEztQnTBvtqvdTRPFy1RLyE (0.00203928 SOL)

Signature: 2NETGr4f7q1Afrh55UAGGf8HX5XeKtXYDHMk5Uddsmv9qV7sKQCozspQnYybak48mMM3nHg2PSFCB2GRag7AytGh

Transfer 1 tokens
  Sender: 6GQA7KFyYNqLyusWwoFcoW7MrA9bLvLzPq2EFpg9gnd6
  Recipient: 7fK3a9edWt9jSRa3v9Fu1m4ooAgPHUTH4Qk1MTv3T6s2
  Recipient associated token account: 5EcErrxdveKnN1i1cuyHZHFH4BTVDBmPSMos3Nu8fCS1
  Funding recipient: 5EcErrxdveKnN1i1cuyHZHFH4BTVDBmPSMos3Nu8fCS1 (0.00203928 SOL)

Signature: 5GiUeRND53yBKEkEytosFfYzMWpj65zpdqnJyaRMiaQ8XBQMtTacx7pJMfGroVPGomSf44W94C9frtNxKDuhhgUf

Transfer 1 tokens
  Sender: GaHJYB5CpU6EspotGhUcxJWKgi1ZQB8LNiv6UQSuA72g
  Recipient: JUskoxS2PTiaBpxfGaAPgf3cUNhdeYFGMKdL6mZKKfR
  Recipient associated token account: Bgbumeimbu5Hy5xpUhAJsfoFchFTUXQDLPjbmxFTjjCy
  Funding recipient: Bgbumeimbu5Hy5xpUhAJsfoFchFTUXQDLPjbmxFTjjCy (0.00203928 SOL)

Signature: 5DXyhwePF6NEEyQQx7mzirebSr8Z5VAK6d2fh1Bb6WMdwHktaFzwsLFX9S1TzBpDtyqNWQNKcECxp3MnwkmmzbQe

Transfer 1 tokens
  Sender: 6RohWSXDb7EoMcM9T8W5eX8Zg3qZvBwjuXsUz7RYrKmr
  Recipient: 9GgHQuQmwWmiha11pUgm6ywqQHjqMYiN6FbHkhUUy69p
  Recipient associated token account: 5QiRg63JRGRmXpY2GVx1dXr1g8czSBV35aap9i9irqQh
  Funding recipient: 5QiRg63JRGRmXpY2GVx1dXr1g8czSBV35aap9i9irqQh (0.00203928 SOL)

Signature: 53V9FW38N9VXfyfKBfUU6NotKEm6Ws4mLuvhDCf4sPLxb3TL7UuFPdJoDGGFxtye1tssxCjAYTvwFffE6e1VsLJz

Transfer 1 tokens
  Sender: vhHgurHDzZyCqVEWWPTkVpr85UHHGjdc7UReT1smzDS
  Recipient: 3aHpBd6r7evsc4Zcd6XpYawBqLPTxaVReke9YfFQ54w3
  Recipient associated token account: 8QxkysghoCLhbVWfmMA35A2qTR1U31h51Q7tv6vR4cUW
  Funding recipient: 8QxkysghoCLhbVWfmMA35A2qTR1U31h51Q7tv6vR4cUW (0.00203928 SOL)

Signature: 59P7UHYUcRWRPnrF95f4ZMeFFrftDG3crc9bwV7PqYuL9PDFnvigEUYqPeRRMRLDTvoKC1HNX1BxZSGDCUxWB5R9

Transfer 1 tokens
  Sender: GCxiRwwiWTY9UyfbdqPJtZX9gB7SzrtwXG2tGki42RrN
  Recipient: GRFdkxZf5raq2T5kVzcbDTprDKie6oF2QNuH5ck1Ehot
  Recipient associated token account: 57oYBSuJqAiu468ozWjgHoRuzN9Mt1GtmNNNg4pAFc4n
  Funding recipient: 57oYBSuJqAiu468ozWjgHoRuzN9Mt1GtmNNNg4pAFc4n (0.00203928 SOL)

Signature: 2fyg4AEkmnUerBfEEHGRMPQFEJUx4D5AMp7PXMUGLoaERvd2reX95RdzGvKsTJdRAGQGcBmCYtav9WDsW5nSLgiN

Transfer 1 tokens
  Sender: 5i4B9pDYvTc5DZaxKSCs2BkqLkYPf3U9adTu57YwpZpS
  Recipient: 33apeLJZtc7FvMqWoLU3yWupJCN6ijGkKUD2gUmjhxe9
  Recipient associated token account: AcHeKWcwkSdC7CrU93664kzUhLB3ZprhqSn1tTwyt8AN
  Funding recipient: AcHeKWcwkSdC7CrU93664kzUhLB3ZprhqSn1tTwyt8AN (0.00203928 SOL)

Signature: n3xwzLK3T3hw5zyy3TZ54ZwpYUzcwj93YzPj9tZu85dUP3WWxSwLV45CZ4NyVNuzENT18EkCnXpx91hQPFm22An

Transfer 1 tokens
  Sender: 3vtG2bhx5Erx2AyDg9LFqnWEin6hWvco1VvN6R93nzvK
  Recipient: HuDbdzER81y7ceNS4JrTWJMVZmD3mkAK7PjGRDj9oC4V
  Recipient associated token account: A66NgvX6mFxeEvLjuFBjRD31VatX9LjZHgkUvBPwZfFP
  Funding recipient: A66NgvX6mFxeEvLjuFBjRD31VatX9LjZHgkUvBPwZfFP (0.00203928 SOL)

Signature: 3UnuQx9PWA7hsdvgU7zjLDLRdtPFQ7STNK3WSjMHZTMJw1d9y5VMb3DLML7SGgZSEAVmrKu32pPMY5drAWKKAQ23

Transfer 1 tokens
  Sender: DJcJ2FbZJNVA8Ts7Ec1n1DrCBwMUqgmdXqp4bMjDfkuK
  Recipient: ADAYa5CPnjcxL2kp43VcSusahnfnTa9FTp7Gux2NQZY2
  Recipient associated token account: E8eMW8YnPWiPo5giwvzaoh1eBbs5SxfCmnTtDBrUbsQc
  Funding recipient: E8eMW8YnPWiPo5giwvzaoh1eBbs5SxfCmnTtDBrUbsQc (0.00203928 SOL)

Signature: 3fgAkkwv86LtvxM7Tpuox9fCgJD8rGjNQEHrtyYaUcP8KqGAAh39mwjGL7HvdSmp1wjFfSJ9zHmwBpJaaMoRsrMF

Transfer 1 tokens
  Sender: EUgCMyEwA4hPXso1bk5wRFcMGQb4KL1v4PpgZ1vWpntJ
  Recipient: 5Uuw6GMbUrA5p5XgGEVYeFk4jTWuSMt95Xuf5gL45xK7
  Recipient associated token account: DeV8KiJhcKENjSKvRhwEWqjAtJoQAP7XABB8fvWUn49T
  Funding recipient: DeV8KiJhcKENjSKvRhwEWqjAtJoQAP7XABB8fvWUn49T (0.00203928 SOL)

Signature: 5kGY2U9SjKScsv3D6ZVKc5ix6G6ubknGujSc2rtdHPKKzGUnzWCoDTsyT8wVrcM2rvRrrrBkQAT6dpaYUsBbKARh

Transfer 1 tokens
  Sender: 8oyrnNfopM7MbFeqBnUmYXVaVgdqkkKqxLXSDkWm3Lo7
  Recipient: 6Ah3R4nf6C1i2LifmTTs8mX2oNdAyLiXPGGJ7wJ4oZXK
  Recipient associated token account: 6ftJ53eDVKwXr5Q1GqP2ZSEw6vCzckX9suCJE83zpZbw
  Funding recipient: 6ftJ53eDVKwXr5Q1GqP2ZSEw6vCzckX9suCJE83zpZbw (0.00203928 SOL)

Signature: 5u4AyyNN97v8jesnPbJrZP1k4Z3YXQVtciXf7yGgPxL3wTdWWvDoG2uqXoPENtKqLcHmGJzPWKoWww9QYbCHha29

Transfer 1 tokens
  Sender: caph32ingQwSRuJjwE7mQrr8PHb583ySG8gq7KfdTqG
  Recipient: 7RE3epAWNBBAHfcQ6X55V97HdnzWyqoPux8RMajBzTL2
  Recipient associated token account: CrL59m8isBgEUEM371B6623oakEPa36trqm6KhNit259
  Funding recipient: CrL59m8isBgEUEM371B6623oakEPa36trqm6KhNit259 (0.00203928 SOL)

Signature: 4ba1i5fBuHzjGzK727cAAgiDHuwDU6iQT8jPuQzdRC3s15VQQzqcwNxtvUotxQmANM6ja2tziLVs9vwGgRTmoW2A

Transfer 1 tokens
  Sender: GatWAWGz6yjEhESVxijGGvtM3XVihJxTiRxgEYFB4kva
  Recipient: HFqbempFrTudgpE7mZ2U7jsxfuJcgH9DMprLKLNdPs7B
  Recipient associated token account: GA1mALfqUsTKtwXXacwdMP4DVCehvNyeRBRq55eGXEFU
  Funding recipient: GA1mALfqUsTKtwXXacwdMP4DVCehvNyeRBRq55eGXEFU (0.00203928 SOL)

Signature: 3Bmz4wks5VRZ4cD6cjVRkrPVEce8W2ZgMhQitqKUiUWR6HVWzYGZmCtM1dx8X853e21bRK2z2dy7aiX6r7P9nZKm

Transfer 1 tokens
  Sender: 6rAewqh8U4qPZrYGrmRnpVaQuZDaqKqwCYn6AEq8MP8
  Recipient: 5AwbrzztsJT3wbgYFNLhyFXvncrMP48z3qBY7QxC3gqb
  Recipient associated token account: DsstLVMBJjRaudCRxmFNQktNWbuSJ8k95d23BowFbYe4
  Funding recipient: DsstLVMBJjRaudCRxmFNQktNWbuSJ8k95d23BowFbYe4 (0.00203928 SOL)

Signature: 3C53gQLwrDfd6KSEi5T47nFRKCLJ4hZedAAcGXkvJu6qbUQ5EemJeVCjvDNKHmvnjyWRKbEMkW3gwxaMjQ2U7E6M

Transfer 1 tokens
  Sender: DMQg8RyWiEEzHBkZbHWD7HbPfroimadKzENig2UG6Ryi
  Recipient: 2YCagYpRQAbRcPXHzV9Begu4w6VnWz4amVPwhcgMfC2u
  Recipient associated token account: 7TNqJMeSWyEsoyh9gTTRrWrKtkUERbXTxZ9VPThkwkpe
  Funding recipient: 7TNqJMeSWyEsoyh9gTTRrWrKtkUERbXTxZ9VPThkwkpe (0.00203928 SOL)

Signature: 2J4LNutPtLA4edBNnBh8Y4YwWy5FmM8ncUouzeY3w3YNCbbWPyspKaoo5s62P2NnPghgq8ao2BfES9jK6pZ4bjiR

Transfer 1 tokens
  Sender: 3AcT9DvNBVJAuBuppuk8wsPNNfTqzPFeksP1N8KG2u2A
  Recipient: FdvMXoYeqtGkGHhQyztVFQMTRAP3oiQkLjVSFe17RWa
  Recipient associated token account: G6d4CYXXqCgFA9zfv4gDyD2bRKS9Wgt6jq9UfzLYEPSN
  Funding recipient: G6d4CYXXqCgFA9zfv4gDyD2bRKS9Wgt6jq9UfzLYEPSN (0.00203928 SOL)

Signature: 5hyfcNizge4vipjoGmzmfcydaGHvu2ShivHeZEW9xGRp7TUzkN1a1H4yHteSqRVoPx52zXsDzNTyj4BcGRq18hWw

Transfer 1 tokens
  Sender: 2dS7nBfokZJEESu7PzNQgD6JWQxWBTjB72s5aVuWhaQM
  Recipient: 9axor341ocvRehGBuiiE5Dq8T5HhuoCgaNXdBhELhiPp
  Recipient associated token account: 2FA6vnM55igK3Vr8vqr36AQgNbPGkUXPo6rG3uCpz44F
  Funding recipient: 2FA6vnM55igK3Vr8vqr36AQgNbPGkUXPo6rG3uCpz44F (0.00203928 SOL)

Signature: 4M7ZiLX5KKtXuE7UTBozjcHS6GfaEzYhrJqbVBuQUJTVZuKvCZHR6LJY5ojscduDQdRVdV9N8Q5xAwj2Fw5AKYZG

Transfer 1 tokens
  Sender: HAyWEJMwFGY5HUxFBrrV72naYLCGjnFXCmApPJVySBuK
  Recipient: ATXM89GYmkfp1uPVfx9wh1Sh1sZbPLpQqFqtXCUWrzPu
  Recipient associated token account: FqesMUKGzYTttTFQLUVX5cfRwuVskWtTN6b8Zdw1y3Hy
  Funding recipient: FqesMUKGzYTttTFQLUVX5cfRwuVskWtTN6b8Zdw1y3Hy (0.00203928 SOL)

Signature: TnYdwhV9sHibxK8XDAyadp6FUPD4eg3kR1MKb8w4jn6HqTey2tXB6FMJDTMvnd7umr5fWwFmcvTZ9ChouZBbBWc

Transfer 1 tokens
  Sender: 3c1GPZDopv1UBJ9qFmAeExdnwVpTVda3mmxLGTw17c1M
  Recipient: 73tF8uN3BwVzUzwETv59WNAafuEBct2zTgYbYXLggQiU
  Recipient associated token account: 7SHbtxUzR9giSn6w78y7AYoetgT1h7xS5ZoXH7pp44UT
  Funding recipient: 7SHbtxUzR9giSn6w78y7AYoetgT1h7xS5ZoXH7pp44UT (0.00203928 SOL)

Signature: 5QaENFyVbhptFrjVadFTDTLFF8FHkXCv5zb87NAzRJciz68r8VY9UmAxPDa6JT8TL1V9YeAp36iYV8G7LERWCvdc

Transfer 1 tokens
  Sender: DUZV3QZfGUr6Sx1mCdV8BTPqDDfaLJtt9GnspVvzDzsF
  Recipient: 2pVuK3Aq3tThhXDsW548t5miF9AsR8DCFmpCHjEx6mVH
  Recipient associated token account: A6TbrVm9PxYwmMbhj43H7VwdhwuDX79smiEUtesNdTyf
  Funding recipient: A6TbrVm9PxYwmMbhj43H7VwdhwuDX79smiEUtesNdTyf (0.00203928 SOL)

Signature: YxVH5vCJ4b6cBSTx8fegtk1Np4BZ2nWWtWQGSKCUFnqKL9W3nsNDrTpQ6H1awLaiMvxjYnUXsSVTER6USZ7e34q

Transfer 1 tokens
  Sender: EnYWf65K9yaPmANNMNAwfHWmtNU1Amfy3DgJMJsHsszs
  Recipient: HExH1uQGJ9z6gH61JhXeZyFwS2vcUyByPK1ttVFDD87P
  Recipient associated token account: GGfzhtkvwJ3Eqh7q7E88zSkbcNRo4kAUvjUi4uv3tts
  Funding recipient: GGfzhtkvwJ3Eqh7q7E88zSkbcNRo4kAUvjUi4uv3tts (0.00203928 SOL)

Signature: 5dSoWv9Ki58nnnmEgMR2upbx1jmuAjxcnRsvpFAm1wpm2sDrcVH6VVozWDNg59fDgyAqKxSQXYM5SuJ1CVdvuq99

Transfer 1 tokens
  Sender: 6pU4SnQZHij5Xjf4yLwck1ECkBuvuTdMDktqs94MotbY
  Recipient: BbM1VHPnC1upTzZCaWfmTw9dYte8iuCGzftc1bGMDFLR
  Recipient associated token account: 67dJmHhxdRKkVMWCXNEUqPuJjLNwX1c5LJB85GNQ7HmB
  Funding recipient: 67dJmHhxdRKkVMWCXNEUqPuJjLNwX1c5LJB85GNQ7HmB (0.00203928 SOL)

Signature: 5hU4arJcpps3ZQ8nwwXx15J3ekkUc6DCM9wvvijZCRgxfA374cuiwRc53mKPbfJgj8kxVinWQuVHJbudE8mjVDRe

Transfer 1 tokens
  Sender: HNer6qSbFkMX4jsSaupsW7YiWFhpmHbuQ9rTx9sxifd1
  Recipient: 6aVxAU2nNjSUmDkSy5zgavKcZNKGov3xhi6tUPLnULLp
  Recipient associated token account: Hc29ARNTrcAStwqr45k8Jn3CxP6f348RfTiHfigbgwdf
  Funding recipient: Hc29ARNTrcAStwqr45k8Jn3CxP6f348RfTiHfigbgwdf (0.00203928 SOL)

Signature: 3tJSSCgfVAJCuz5bq9oZev8PKr8RQh6wqAqvD9swLV996uzn2tqNtML7R2BV55LfTTEw6ERebYH8dVeyAeGzAi6H

Transfer 1 tokens
  Sender: Fp4dBNN8Stt5NgMRwmzscqv2YSpzpwUSxMQSpx5w4QUo
  Recipient: XGFZk186maEp6FtE2YMHNXiY2c9kTkUu88ofnnBm94j
  Recipient associated token account: 5hna5ChnFQai3fdADgGRbacJkaP56V1RZyDGgckvtyhj
  Funding recipient: 5hna5ChnFQai3fdADgGRbacJkaP56V1RZyDGgckvtyhj (0.00203928 SOL)

Signature: 4P9btasPXw2xzyyUvEzTGPdd99mw85VyuJWFnFC8XozFAuuAnWJUrAqSNzEcxP9hLks7R5T9ic3Jyg8uhpyoLWiJ

Transfer 1 tokens
  Sender: EoTVeWi4th2rNDE5fEbnuTsFHcxBLsiWV47MCYEngMm9
  Recipient: 4cKqqwoADnQVUAapaq1CrCwpBwbvCSohZPzB8aHooJjk
  Recipient associated token account: 61JycAAcpnU9f7MuZCzPtchQQjJA3WdidgobwUweWs1t
  Funding recipient: 61JycAAcpnU9f7MuZCzPtchQQjJA3WdidgobwUweWs1t (0.00203928 SOL)

Signature: 5NoABCnXrppiDEVew1tD6AJBTQWSoQr6Rqmcpandi2P3JWycopK9ZwJwhAjJqnKCqd9GLqiD8UazFoG46NdV6vDU

Transfer 1 tokens
  Sender: CRjzpNzmXnKpknCfWw7EcECmEJnaDj96Vqzgn6QepcSs
  Recipient: 4Jgc5M9mycHzuC7Wbsqr5dHqWW8zW1xygR1VqRjojQHi
  Recipient associated token account: SY2EzaMcaFGnT661MDWe7QpsGvuTK7q95izLSyXvxwJ
  Funding recipient: SY2EzaMcaFGnT661MDWe7QpsGvuTK7q95izLSyXvxwJ (0.00203928 SOL)

Signature: 3pK1byWRDxDDiUXyuQPWvhaTdCAw4xi2VEfjH9RFbNw2TNarmVfLB3XkuLwhzrK67LwAYyv3Ywcym5rXoVjQ8KHU

Transfer 1 tokens
  Sender: 8xsGxoyN993DEbyCBB9TZarp9CS8zaQRZMqmcBJUKqs5
  Recipient: HoYSJxi6u2hWzd36yWasSE6B33g4XJVLtkGTLj6a7g3r
  Recipient associated token account: 6yKhNfurzAUvMRguDj96GzujfPcunPKApun6PVrjavQh
  Funding recipient: 6yKhNfurzAUvMRguDj96GzujfPcunPKApun6PVrjavQh (0.00203928 SOL)

Signature: 5vn8jrWy9giJsyFhwgYTeieCSy9Y26pQMBioKfF8aHWRrkaXW47uGqTt5oVwAcVTpAjwqbQiMsJyFiTBAgP7TSTj

Transfer 1 tokens
  Sender: AVM8QbqgPq8ktiRHcj2ZWgeQquZxVDUBMH5X4qC5Fekw
  Recipient: CgcU64egDxkkoYvVZYeEGQvt2Qgdkucd8MRSiTcXnHyR
  Recipient associated token account: 9TdGfhdc9Kz3dFz5nnoR7uoM15zfMZfhZ6ZAoJyvZKzo
  Funding recipient: 9TdGfhdc9Kz3dFz5nnoR7uoM15zfMZfhZ6ZAoJyvZKzo (0.00203928 SOL)

Signature: 2TfJBm7jHQVqVsETSnaVFkZ56K7qMR9qtNT5JhSGqo8WxvMGnUTEAYhW6UQngEJyGnXjouWcCgGkJwTazQdbHav1

Transfer 1 tokens
  Sender: 681PuFsBmVU1uuMcoXoXo23WRr1WnvX9GKwhTirhqjN4
  Recipient: CLFa61gH5kunUPq5QPDVWqjr43jAQzEatVud5aijZPcp
  Recipient associated token account: 5FJDUURv9TahDZ1geJAsEFmLKrgmGrn69SxRtFHFhiKd
  Funding recipient: 5FJDUURv9TahDZ1geJAsEFmLKrgmGrn69SxRtFHFhiKd (0.00203928 SOL)

Signature: f4idxU3Rssfa9cedoshzCJ7wMctMLqW7jtRLtoZBsWqwhgMHxzuxwVKG5b1XxvctXD4wT4P3xsC21kCi8jvk8iy

Transfer 1 tokens
  Sender: B3ABfaFFsZtDcJYGMi5uc3wVJPfbKs7TNgp1mveg8gMS
  Recipient: HZodz3HJrhXymfQAXvm8H8KenmT7rwGogrA6X8jag2oy
  Recipient associated token account: 72pjcrc7ZkdVrYVxPxaRS2qwA4kYnDAskn28StbpMq7h
  Funding recipient: 72pjcrc7ZkdVrYVxPxaRS2qwA4kYnDAskn28StbpMq7h (0.00203928 SOL)

Signature: U9hvFEuMJ4vRFvyC7fNKrAc53Z4jkBDcuTEk3EPokX6ofxoQDTukqvZzu8mcdLpaCC3D4z93dJTSdSa41w4pajY

Transfer 1 tokens
  Sender: 5J3wA6iYoBv3sXbNeE3gTruqrVEQ4A86JBUjytQSmakK
  Recipient: EEUHeJFM6mUeN44v3kpepHXXBcGY8xV38TjTNxHEt76U
  Recipient associated token account: BGCuHaabJWXia4avgKmqzJhagoBQc9vegwKand5NneT1
  Funding recipient: BGCuHaabJWXia4avgKmqzJhagoBQc9vegwKand5NneT1 (0.00203928 SOL)

Signature: 8S5kcJkGYqXwfQ9YSwAZGpwf4S9PAfYF3y8VTG1M4xXimAcF9wJ85xG5cjNsnBQEVCyqRSM1aZdzsfgApQEn3Ks

Transfer 1 tokens
  Sender: ALo6ym5uPLA2xrqYwXZcW9BMUQphEkg6Rr5N6yD8SNCN
  Recipient: 7MTFZo3UBzngEPfPwrZ6xuRhXjMUxgbznsWRTH5D1d6J
  Recipient associated token account: EA3J8miAu33byM1b8VrE6pxqJTGYqQ4evytsrTpKw97x
  Funding recipient: EA3J8miAu33byM1b8VrE6pxqJTGYqQ4evytsrTpKw97x (0.00203928 SOL)

Signature: 5Bh8gRTUXEbQRk12C4dvD5PUKBMa2a1u8AoSpiFe5jXPxNpHWGpxHRKAN7LdVbeGzW4LQgKrTLkcHEyrcpTsStL7

Transfer 1 tokens
  Sender: DjFp8VHDtbAKorvdWqXpV9232GHgrf4qnqx6VkEuqC3c
  Recipient: 6YJnbJjte2RxBgDs2RKqMghFCy7f1RFbGvTeZDqoYrL6
  Recipient associated token account: 3oNvceeu3LtUUfpo5NFT6DuyhyELydubcAxgeQp3pnrW
  Funding recipient: 3oNvceeu3LtUUfpo5NFT6DuyhyELydubcAxgeQp3pnrW (0.00203928 SOL)

Signature: 5Yzqo1okNuSBYeUEmXf5shwHe6L531iVnBXEdEb9CnuauxC8RQfMZeMzQmy2gsJRfhedREo9EUw2m29PjMfykTwt

Transfer 1 tokens
  Sender: 27766fVAMpz7QSvCZbj9BwTCESyqCTUiaEX5iEYkmRCb
  Recipient: EkHsWj67nEwZKZk8RQsVqn4t9vv5VgLyArLnSo4cvVCG
  Recipient associated token account: 2essnRpv8pWNG9x3TG33DgKHwrc9xfnSN4CSYtpUt3mR
  Funding recipient: 2essnRpv8pWNG9x3TG33DgKHwrc9xfnSN4CSYtpUt3mR (0.00203928 SOL)

Signature: 3a2svDBjdacwciBtCtLXDD9noyQNgCEGFLGXv49g3W57uYktUgAVQgshsu6HKa7LpcrGuC4ZJz5j2YbpcjaY2qCG

Transfer 1 tokens
  Sender: 7sunytPWNkoLccmZyFsChz7Fzp4YJeHNfb3MbucRvvRz
  Recipient: k8APHEghNvUvRED7fvRKKiVsRxpjPrRqpovPPBzwGTB
  Recipient associated token account: Exa6dvT2e7CqktwtjdUeexsnohY97xSc8HA2qYVs1vgh
  Funding recipient: Exa6dvT2e7CqktwtjdUeexsnohY97xSc8HA2qYVs1vgh (0.00203928 SOL)

Signature: 4XQy1RfQvxLs4W6ZHuBrCKJmxXcHLmexfqVw9oG9QnFraaH5UDUduKmHQmt2WDiwgAveQxcj9gQUXfuPiAmvPvGu

Transfer 1 tokens
  Sender: 5nNF8VKHZnV5Pqbo2A9WfALRLse9dErCFD9hHNRGXiEn
  Recipient: 7P4Bb1pCMuYNveYhg2j445cmTRCEGp2eAAtBQUv7Jz89
  Recipient associated token account: 3BsnbiGpomzhCBwDqRuBjhh16SFGezkz8juh1DuMWD6Y
  Funding recipient: 3BsnbiGpomzhCBwDqRuBjhh16SFGezkz8juh1DuMWD6Y (0.00203928 SOL)

Signature: 2ToLwURvxGrqHn8JFoEroYDrnaLgdNFw2zPuDX11qtJ7wodNsakkPUL3McVLd5UNu2N2i6jSKkj4qAin9ocbK8Hc

Transfer 1 tokens
  Sender: 8i9TGXZtaXnWyjCmCoecs4nJSb9RTYVyY1SiJCASqKNK
  Recipient: BZFFoKXR4DXzDHfEDMaiXrEDWHBgLxDZVdYBtd4b3E7f
  Recipient associated token account: 8wM3e5qW6mWRjbJEJXZNTph56jDXALXJDbArEjeBtQTo
  Funding recipient: 8wM3e5qW6mWRjbJEJXZNTph56jDXALXJDbArEjeBtQTo (0.00203928 SOL)

Signature: Gj7ZhDpf91ywWRdsjyHhXYg8m8vPRFGkUkyhsFe7qt3v9Z7etXrLvFZmY3nKCQKTJngMGpExiqBj8P4t28bPtd7

Transfer 1 tokens
  Sender: odmSzwNJ8ToNhkmnmLAHqGa2evu7m2vDCkNzsiUNbsz
  Recipient: AkdfJa5NmE1pQt3Ai7DpgDg8kryN5qTZirp6LQcpen6R
  Recipient associated token account: AH5r2418zfhXRA9fVb51N8LpAhFNMpXSJt64H9YcMW9J
  Funding recipient: AH5r2418zfhXRA9fVb51N8LpAhFNMpXSJt64H9YcMW9J (0.00203928 SOL)

Signature: 5tBCAqrH4GBDmiGFxW7pjZbcqYheQDXW9eCDNSBpCPoWerVXzhnKzehVFxtBkhTe1oZuJ1RuDSDm9ywRNUg7aS2W

Transfer 1 tokens
  Sender: 6K4fjtLKbYceyyCKULcWFbtPHPsgrTjTe2ibzust8eBe
  Recipient: GSfDaL6w8DGZQEhTLmhKtjwJYJiKdLT9JsYTdi2W4WMZ
  Recipient associated token account: BkJ4Tib9GyQ2wsBah9ZkqQTikzVNTRewbwtjL43rPLCS
  Funding recipient: BkJ4Tib9GyQ2wsBah9ZkqQTikzVNTRewbwtjL43rPLCS (0.00203928 SOL)

Signature: 386U4FtpsTKH4frca117yGdARdNWoDna9rjVSJ9G1waGYhCHewmzmeEtHUGkZfCV9JXvJ5BXbqdYLtxxMAnvPXaq

Transfer 1 tokens
  Sender: 3qRTgmqvWrXytYEAmjSdKEn9CGY8Y4AA9dwKWRYCtsRe
  Recipient: C33fqSF6Ks1VieHexoRB3bYbxyeuCAuGnowqxckkad5a
  Recipient associated token account: 4haUhybzZwrDFyq6R2M1ThJ6xhHKiPUbRKjw9uEThhfo
  Funding recipient: 4haUhybzZwrDFyq6R2M1ThJ6xhHKiPUbRKjw9uEThhfo (0.00203928 SOL)

Signature: 2HQUEPZJk6og6rxv5Dmz37ijxvPfJBhHq21JZfkF26nHe8w5yycFo5XmPFVVyg5gf7nApHRvnvJoTYNBVE9dmWaP

Transfer 1 tokens
  Sender: Gy9FH4iuMirtpmMfakSjX32q5vXWD5zzV5E2tS8B9me
  Recipient: HztqUciz9TKPs8jV4R7HHn6kXfpYYmz9VVfLJ3vCV5v
  Recipient associated token account: Dq6oMcNW7aFupmMcf1R3erZEho57oV7RmyPUjfi5Lvzy
  Funding recipient: Dq6oMcNW7aFupmMcf1R3erZEho57oV7RmyPUjfi5Lvzy (0.00203928 SOL)

Signature: 3LVVby2NpUKdPEs7U4Zh1qhpFPeJm85hq32vcgEq7GkASXvrs8nUGprc9Hcyj3R2paX46a1Lp5RvsHFS55CECdRV

Transfer 1 tokens
  Sender: ESnAQV9JsGq616JNBPTahRi8umhUWQEymJYfEZZ354Ap
  Recipient: 3EtRwc7takUSxcc7RdKSz9YE6KdiwfXW7hasj3yN5gos
  Recipient associated token account: 2PLx1hmT884qovwmaSSLpFtBUDTw5Vvj18gxPduRtweV
  Funding recipient: 2PLx1hmT884qovwmaSSLpFtBUDTw5Vvj18gxPduRtweV (0.00203928 SOL)

Signature: 5Ht46Kf5sxUErc68Jc6C9j7Khzzff9pdxVtPi2HoEfr8AXg6Nxcraoza3ZSdXDjSH56vaBJi2P8u8pgzGWmXLjmQ

Transfer 1 tokens
  Sender: 9gEDSSZyoQFQqQTEZ9M3rZahCsV9A1DQv2NQGjTVCHEB
  Recipient: 8w1daYHzhTCuwHKiY3qSzZgs8xTFnAxCThg9P9HvjEcQ
  Recipient associated token account: 99ciVWAJbGV7xwPf44i1sfjiMsifXYQXP14jXMwma5np
  Funding recipient: 99ciVWAJbGV7xwPf44i1sfjiMsifXYQXP14jXMwma5np (0.00203928 SOL)

Signature: 2xUBLuMh9Dr3UfnGBf1gS5AtoiAh3tNETLg8phvMzkEmnQHZuHHRLQLtTYS8AD2X7XGv93VxE7Cz9dkFz5cnFDzN

Transfer 1 tokens
  Sender: 5EpeAjQ1thvPLfEZ5czXDhvwFEaqV5FkfiYbVehRZCKi
  Recipient: s8ioBNQP7jb9JCSiBaxrbCzKMVQtVqQMEkssftVjLcu
  Recipient associated token account: 2QJ7CUcwaWvkjGhbahia5hASHf4eoVdV8qzg4Z4wx7Jw
  Funding recipient: 2QJ7CUcwaWvkjGhbahia5hASHf4eoVdV8qzg4Z4wx7Jw (0.00203928 SOL)

Signature: 5YnVYcjNejJETL7aDBoJnmApqR58oZtUxKvMw48xvVKqbaZ1mSeFvzZaZtJKbqid5RbE92DmhrtVsyAvFLLisvjE

Transfer 1 tokens
  Sender: 36StoWi1sB8ms5a9CKNvM7zypqAyaZwFedp28cq1jiu2
  Recipient: 2X9UKSS1pEdE5Br7zv6wGRLi4f2Tw1jKF6ND7Cn2wJ8z
  Recipient associated token account: Ao7RpMd4qMpv8g6eaoZBN9DSLrH2cD2ETMuQioyTa4zL
  Funding recipient: Ao7RpMd4qMpv8g6eaoZBN9DSLrH2cD2ETMuQioyTa4zL (0.00203928 SOL)

Signature: 2eUpEJ2pvXxBwDhcmkHYnfE75RwGXjZCZS3YJr7aAfXuJsLyijfadBj2QjGsRyeJs8DrcYepMpmWpXzkTSygUxZV

Transfer 1 tokens
  Sender: 5TC35r4EMgSmprfAfau4rcQtmrD6yLW7LgMnvUadQesx
  Recipient: 9qQVj5MfMGaUyi4XgxrHtP4Zgwds4T6bfPw97ebo4wKW
  Recipient associated token account: A5MeBxw39kLgDshLgWVdNT1ZySYPMozeepFRV27FUwTL
  Funding recipient: A5MeBxw39kLgDshLgWVdNT1ZySYPMozeepFRV27FUwTL (0.00203928 SOL)

Signature: 4KLvJmuxsKCxpaLBWZzXyHDYuxxCujtagUnPmMWegQgZUhzwiFRoUv8mXCiuzSWZY3yKE6rxNe3axEg28dMSZyCX

Transfer 1 tokens
  Sender: RGxR1bvoq8ugKW2fT8vZdVmA7vDqAUvWWa6HYyTWudV
  Recipient: EwwjLURAfEyY89BaEf5CCAp2FnGvmnRrnAmAuoicvT2Y
  Recipient associated token account: 91eofh5yzY4aDY6wXeAznUgxepRKpyWbHw4eqBSuEdqA
  Funding recipient: 91eofh5yzY4aDY6wXeAznUgxepRKpyWbHw4eqBSuEdqA (0.00203928 SOL)

Signature: 66yZwp7KfcaqVMUHZjR3YR2JnMLUXvNqzUckz5X7heYie6eVvsupS3VptFSDs4HmdQhMAfjDBbRQKw4yDFfNEakJ

Transfer 1 tokens
  Sender: FyxJYxqc4RiSemMhLBSN4AsESdb56eU2fDTMXozZP7hm
  Recipient: 9wqKB4DzrFF6d1gDXTPcqGQp5xLb1fTWacUyCXWxwmz6
  Recipient associated token account: 3ZDkn5dx1nSeY3J3VNqS5CtA23PiQP8ya16BX7nMTUCa
  Funding recipient: 3ZDkn5dx1nSeY3J3VNqS5CtA23PiQP8ya16BX7nMTUCa (0.00203928 SOL)

Signature: UyLoowuWkzDNyLL9C74VMGLbzuNif37G66cc8EbFZWKEg5Jew829Gge4VCuaUfBvvq1c68Fte73Ckyz93zH161t

Transfer 1 tokens
  Sender: 4gPrh3Xti3CHoLJJT6241oH1jMhYpdCpRdGRpwExmjuF
  Recipient: 76So7mZfZLdLym869Ki11zcS5J2BkRM9HZExN9wtEDnJ
  Recipient associated token account: RHEvsRu3dQHJDCxRJB64exPiAqUqgFcbD6rinT5bdna
  Funding recipient: RHEvsRu3dQHJDCxRJB64exPiAqUqgFcbD6rinT5bdna (0.00203928 SOL)

Signature: 79RMidHfLg9CYYTtQxkxFdcVtVg4xGsNHAUUENLe7NAeZsTKjy7LkfBztZf56gCtvDjX8AP1BK6LcivEFP1ChNn

Transfer 1 tokens
  Sender: ET864mgaGoJadof9BNGuxP1oKPh1FizvAK8fz2BHewVc
  Recipient: J8vxiR8o4NvY8wcR46iuSpSAjXhBwGCgrbo5LWA3corc
  Recipient associated token account: 7zc3ysYUqNos4Qkht2cVv832hst4ZgZwMxTB61XZ3VmW
  Funding recipient: 7zc3ysYUqNos4Qkht2cVv832hst4ZgZwMxTB61XZ3VmW (0.00203928 SOL)

Signature: 58aju2yqUBVpXCRSQEbiDmccMQZpiRerzjTHaRNPaeKuD97xDdMRRYbBTXFtQUJqm9nFHbuypRJs96haa2jWRuUD

Transfer 1 tokens
  Sender: DWoo8Ve8Dk9R3857BxfHtGRkmWsVgQUGtAjM6T868nxT
  Recipient: EZsxgTx6JXqZS34sDynrFkKD1Q64Eve7AW8FjawFfovV
  Recipient associated token account: ETk8FFiZiyeKEhpiiLbcnUAKkzSgrAqN1w4rmMpDzJAg
  Funding recipient: ETk8FFiZiyeKEhpiiLbcnUAKkzSgrAqN1w4rmMpDzJAg (0.00203928 SOL)

Signature: 4jTCz9j6YHubHKLQTeWJJ4VkjEf4v629dVaBwGadJd5ZXKiXXErjZ8Savxpd9hpynZ13kfGdxQethnLnkrRaTW5e

Transfer 1 tokens
  Sender: HRdEDXiSieQDh7FTwtP8v1Jne5ga7PWfamcWDBjWvWG3
  Recipient: 3p7MS9H9jfENRU4QPsixzyhuw8yurWnFfsmoFBYxkNSD
  Recipient associated token account: 3ZR7zvfhYwHkye1srA6s9fUt9YxfUd8eiSYnX82N7GRe
  Funding recipient: 3ZR7zvfhYwHkye1srA6s9fUt9YxfUd8eiSYnX82N7GRe (0.00203928 SOL)

Signature: qFZiXGrnSky2Lh8GCdQVD4Cz4GhyhD2bBKeXHD5h75vrdjarmYVS1KDykd4nfVPzVsqNVkKb44f4FSX2xFrJNFk

Transfer 1 tokens
  Sender: B6feoRQh8VBbEKV9eDvQGBcWMzGeEDNWqBomCDcFfM8Z
  Recipient: 3vipZF5ThSaE55jGnHE1PZhCoHvRfBHvihP3pQ8Ph7cF
  Recipient associated token account: 8suHHz87tH7sPWeEXqaNh6sF8iFTSvVrzK2Y8c9BaymF
  Funding recipient: 8suHHz87tH7sPWeEXqaNh6sF8iFTSvVrzK2Y8c9BaymF (0.00203928 SOL)

Signature: 4aR9x9BQtFfu97NQs7EN6Yr3xoicJzHRMZKifUYihZHXJo5iEbxbMcmG4UQbjhnN6QCZSFbURG51y8xLDevpo7ti

Transfer 1 tokens
  Sender: BsV3LgWufMeZ5YkXZPRfzbzoz4NZN9i1AZCNNuMGsSpx
  Recipient: 7PBW5ffxTpu2BP8PgR4Yf2hfj46fnG72V2bRPAsNapXY
  Recipient associated token account: CgkLxuSUpTM8KM2QbX4atLLFACofziWm3crdrQXBmodN
  Funding recipient: CgkLxuSUpTM8KM2QbX4atLLFACofziWm3crdrQXBmodN (0.00203928 SOL)

Signature: 4mnPc7LmaQZwgpbJC3beDaAgrXWtTY2HR61CK6auD7Y5aVgN9gAhjUPSm6fmb7p2gUSdwyniWrEQciXdgQUxxRRF

Transfer 1 tokens
  Sender: 99uVgCtr1guEaLGRFVFGW4pB4hHuuYX5rFpDx9Ja6gms
  Recipient: FBkdDE9fbQobTccnZr2XDqrpeevmeChEiPLC5ABXUXfE
  Recipient associated token account: AahwrpwXqf1jX6AFPCT6RhBnMJmTAzFDJvgyJJ5z2Kd7
  Funding recipient: AahwrpwXqf1jX6AFPCT6RhBnMJmTAzFDJvgyJJ5z2Kd7 (0.00203928 SOL)

Signature: 3oc9dCchaPkCKBjhCQddmLio9JpkyKTjEiTNLXHAmd3yEvpHDMAZivE1iRH7knaL3SCnksQbjvBJZLmpwYjcYzgk

Transfer 1 tokens
  Sender: 7HEZgcQ2xoKg45vpy49Bc6oPYCPcWasVcZYep29btmyg
  Recipient: AsxYivuyVu6znDgnwenpLSLvkZDua4mGKxTvM2JgoeDU
  Recipient associated token account: 2vSaC9w8pEs51EqXrkmUKaqjRAZgpzf2pwFwmWakUMX8
  Funding recipient: 2vSaC9w8pEs51EqXrkmUKaqjRAZgpzf2pwFwmWakUMX8 (0.00203928 SOL)

Signature: 5DLQrSA4Za9UF86eUNK8BGDhcSYf6m9LvUK1YTCCiB15SSHDyi6raVWpTC17gq2VEDQxtJ6qimbFHnxHomz1bjPw

Transfer 1 tokens
  Sender: HsZS4AQWSexjTPae6bmxupaRaDUgpuAsSUH6scm17okK
  Recipient: FMpyNybU9kdX17qsiprVSDJYPM4XmZMgVDx5dhhJeMio
  Recipient associated token account: BEn5XwRtqktnvJTTNK1E7jpeLX4qdajJyPS5yWekpX6s
  Funding recipient: BEn5XwRtqktnvJTTNK1E7jpeLX4qdajJyPS5yWekpX6s (0.00203928 SOL)

Signature: 4MAxHzVNx1K2nKDWzBe8VQJrxnUdxFfgBAirwMWZiha8UbdSTUU5fcKczLoarUaPQjR8CKFcvBzjYYQUyLUU3LMx

Transfer 1 tokens
  Sender: Bcf3ZqrtnX9u9GYsKMQLvPcb17DoCdyTgKGegHJ2aN61
  Recipient: GsmrTBoALiurqDsxcMurQK9EN7pDbi2JewoDhJYH6Wxh
  Recipient associated token account: HDwWaPNHiSbgJUwKm2U1QpYQLrs9LDtEAzRRr86dYdn5
  Funding recipient: HDwWaPNHiSbgJUwKm2U1QpYQLrs9LDtEAzRRr86dYdn5 (0.00203928 SOL)

Signature: 2mbpUPutr3yfYR232ZRQV85KnjjhjpJKTRnh4P8MVGu1bRun8iNK15JhbpA4LigxSh6a18LrvV4eLJNu3CWLTr5a

Transfer 1 tokens
  Sender: DL2EfkRoKxXPgfHxKN1fsVdYEhvng95qzMrAVPDnypoA
  Recipient: C9yn3WJMmDUVoDaR4phhTc7ewUc4kwhZN31XZJi6Q5vG
  Recipient associated token account: DDb4rygFGg7D3vDXaix4YTSkfUNusjHWhbTXwZ3a6mo9
  Funding recipient: DDb4rygFGg7D3vDXaix4YTSkfUNusjHWhbTXwZ3a6mo9 (0.00203928 SOL)

Signature: 2SAdjYM74MVNwcfyFWZag7iZSQXoXPMmDEtih97ockibam97wAhGaN9JNZTY1bwv7tLxEH1pM3xJDxALpWQE11vF

Transfer 1 tokens
  Sender: G3USskQ9UuVYaVir5J4shhY4yhcArR8oCXn7cEUUcpDP
  Recipient: 9eMEg3Er6JyWpbzicAVbnz3cLdptcEz4KZHgnL1xKNjs
  Recipient associated token account: 7vXkJr4hycSDr7mgEeSvnLpUdFxud2591PyJAqdMjEhk
  Funding recipient: 7vXkJr4hycSDr7mgEeSvnLpUdFxud2591PyJAqdMjEhk (0.00203928 SOL)

Signature: 6JTxJdfSZtPn3pz6BR9aj3YHfyHpq4ZTh9G5h999VvFHvnHfB6igZUeHqek1zDVwTtWFj1gc93CF2DiEpeVhFCu

Transfer 1 tokens
  Sender: 78EStxtZ5FebHVCQz9SQ2GeEakVHmWXmaYxNRM2NHTDe
  Recipient: 8BYZdyyBqARFd3NvX7aJ7hEFRFQgBCupVJL88gEmcV2J
  Recipient associated token account: HJErFjphtYMECfngrP9XztcNfzDtqa7qsp5Kx9gcpGYZ
  Funding recipient: HJErFjphtYMECfngrP9XztcNfzDtqa7qsp5Kx9gcpGYZ (0.00203928 SOL)

Signature: 4gKDvLpBdtHEU5sW8QSpfq9AUv31U2bdyEbDAWtLeT9CBAWHxtNyYAvZQoFKUYNpy2pKfkv2xjHpWzWnUS6Dp5GY

Transfer 1 tokens
  Sender: 2e1DzWaMYFB2njC2kdayQSyTGtvyU4MrmytMr4dpFmig
  Recipient: GJaQQ3i63Mbc85pebD6aEE1zhasTUVNnh4hPcrhxfuTH
  Recipient associated token account: APrVvvZvNqZZwZvJXg9R1Ea7t3zKhvDsobUzjjviwDxv
  Funding recipient: APrVvvZvNqZZwZvJXg9R1Ea7t3zKhvDsobUzjjviwDxv (0.00203928 SOL)

Signature: 2fqKWMUahNiTgvF4xLD3kTvRjk1eKH3y3y4dJfPyos6Eo9MvaSQCF6EUKJUkjxr5kasDrF7n2FFJRtmuyLR1zkwQ

Transfer 1 tokens
  Sender: 4X7jFSfjhhTTZ4zT1chvhrHwfNiuaJuHiEpscNeJTMrf
  Recipient: CDKD1jHxaxqmGE2jHBJ4tcnMZBNSomQhgPX2NHycxpEp
  Recipient associated token account: 3FPhz3fAN47rRBrdy4fHEgkmHwAYarxkYMGLQ7rr9F7r
  Funding recipient: 3FPhz3fAN47rRBrdy4fHEgkmHwAYarxkYMGLQ7rr9F7r (0.00203928 SOL)

Signature: 63YiCRzvkGXywkbCF7SEWw71B4MUBno7HD7aKUM2XdPZYPeKmFuDrnjb9vgFG3xdXZoWwwNCAxiT2t6J5tkpNQkr

Transfer 1 tokens
  Sender: APnXYCbRzqjJHVM6ru5t7mvKE4QUWvNzxECnZKNAyQa2
  Recipient: J6qgJxM4MGfCK2TF6SUPeLpB3w1WesXMooodHzmrPCmd
  Recipient associated token account: BjGgYNzFyVrr8jrXuhBtVkKto6x3ZwL3iK5dfLqdEfAN
  Funding recipient: BjGgYNzFyVrr8jrXuhBtVkKto6x3ZwL3iK5dfLqdEfAN (0.00203928 SOL)

Signature: 3MUqoYbSciynNHZJQnXNdpMKs4Hf2FRuPxiyvgjfWQ6AVU7xRn17n6QLPGAZBTqAypFyn2AURDsMdNG83DdRUG8U

Transfer 1 tokens
  Sender: Bkf7XbjeazVVrwZjTQRpxAgTU5p9WxXcU3xCj534XoGr
  Recipient: 8zfdGUKpemtzs2Ypb8reoN3A43o1ZkbwFCBNzpUeFeUo
  Recipient associated token account: H3574YT9AK8s5BHzX63WtsKSyNkJ4csQwWEPLUwoReG8
  Funding recipient: H3574YT9AK8s5BHzX63WtsKSyNkJ4csQwWEPLUwoReG8 (0.00203928 SOL)

Signature: 3KaFWikErLJiWA3reMz3GTBtRRhAM3Fx9anWaGjN344pimyM91cyQBdchMu4pQyTHwwJWqPoRkbp5GDS4W1pk69Z

Transfer 1 tokens
  Sender: DiR3AfifDusWdzw4tTmWPJ9CWEzpoThA556QVRsHJSjg
  Recipient: 9CeQYRt1eK15SUAv8AE6XPhh1ijhBF1dyPdGQGAiCfMx
  Recipient associated token account: 9xY88WWsApi8Z9tz9iBrekrsn31tnTsNMTqxwMoEWggH
  Funding recipient: 9xY88WWsApi8Z9tz9iBrekrsn31tnTsNMTqxwMoEWggH (0.00203928 SOL)

Signature: 4cPpASsRvWJVonmmDppY2Efdw9pk2YZ3CwtREsq3gDA37sX9jh2Ne1RTkWWzea5cMvBSjoxqvxbKEM7xxqZ1YKPs

Transfer 1 tokens
  Sender: 7X9ZJd8MmYYAYz2MF8X2ZFchdkc8MzoRMbrekaor5Nzi
  Recipient: BMSTukA9vm2ohgiX58SPutotkNs8C7Kmcztk2zNvSRJ8
  Recipient associated token account: 3SbZk2beBo4pmBtDcu52esRyLhGBo92ySiQLxsRixquv
  Funding recipient: 3SbZk2beBo4pmBtDcu52esRyLhGBo92ySiQLxsRixquv (0.00203928 SOL)

Signature: LAkRz71LxUhEC8AKgXA8uCqbyGBCUqhkFyCdjbN1LbAGnBMyPvRWGP5fHxB345fY4E4mWUv4Zt1yN6shbwK8VRw

Transfer 1 tokens
  Sender: ChEXatYgeDoFLpiuUorDw8RBhgxsCfur4uJsX1qDwv9j
  Recipient: Cg62iH9s5gSmBdmtxTTADsVjZkpikdfUqZMtYVYwJa5M
  Recipient associated token account: 7ZBv71T4xm2RgpGL8QetUWKrMHty1Cow9USHZVZrvG86
  Funding recipient: 7ZBv71T4xm2RgpGL8QetUWKrMHty1Cow9USHZVZrvG86 (0.00203928 SOL)

Signature: 4XcfqkUhuzbEza3s35d1Pq49bkeMwjoECubbYPQYWtFKHjtmUpxJ3ymzVy6TYuaPhHFz7FVGK3EhpBm8UfaMRFe9

Transfer 1 tokens
  Sender: 7tMmvNW6wVDDzESNbpMLmW6hHyxgQsgmLuMvja7buexL
  Recipient: MvogSQTXToXV7MS8hDbvfWGoELDtR5Z75SGMUNiUddN
  Recipient associated token account: FvuQ8Qdbjis81gh3Fik1ERoKMA3SjGzuEC9WbrqSRMds
  Funding recipient: FvuQ8Qdbjis81gh3Fik1ERoKMA3SjGzuEC9WbrqSRMds (0.00203928 SOL)

Signature: 495vXAxZ39E1AKGMsX8rN18gqrx54jan5tryHZypvyDQ235mRKGeEPiWjhCNR4BvUGKcwNouMFZFmbwtntcqJHm6

Transfer 1 tokens
  Sender: 5riyuBuXHFRUDuZVWwM1TYPDFJQFou3eXGJUqAVgRVXG
  Recipient: BA7N78zwguVEsumBr2DBvCY3B28xj6RY7NkTwRVWvcun
  Recipient associated token account: 3CdmHehT1tMYUQQE1pkZaXytb7ajCCzqHFn68pPAGWey
  Funding recipient: 3CdmHehT1tMYUQQE1pkZaXytb7ajCCzqHFn68pPAGWey (0.00203928 SOL)

Signature: 4RgQQNEwb6RFuY1JnqZFyK91gU34s91yJoNvb97HqRNAAKz3Zn6rJkgH3iBRNcq9xekw7KuXU2fbN1c22ojdk5Yt

Transfer 1 tokens
  Sender: GHMJEoEnMnmSByQVRU125isUk43rVQvBccWnt9n7KCGN
  Recipient: 9dHu9r6wgmxnWxPhUNSUReGFRxzYNfqdYqGbZRFVTpmm
  Recipient associated token account: Bp6MLsyEtadG6HMrbi2vJbGP8kEZGJb3hJgLudEST4RR
  Funding recipient: Bp6MLsyEtadG6HMrbi2vJbGP8kEZGJb3hJgLudEST4RR (0.00203928 SOL)

Signature: 5HgfnDV8Bram1nrFdDABdg2xY1BRA8UaK5swU2eciots54mPBB6SryZ34NRahgZiLTBW8roc62fpaJfN9XwiCiCx

Transfer 1 tokens
  Sender: EFaW898ReFUuceMZoN7n26PgfmePGtmh8RjxYWzvPrBh
  Recipient: rMjHEPkW7J1PF6Vu1ztdvRofKNWaP3yoSAXbkNdY6ML
  Recipient associated token account: 5Ri2ECo5R52SXBuDrohPJSKNndUQjYKzHqivHnu54mTq
  Funding recipient: 5Ri2ECo5R52SXBuDrohPJSKNndUQjYKzHqivHnu54mTq (0.00203928 SOL)

Signature: 1pjq1iHk2Lyai7Z17Wo59x3fwUquuKyxqTewL7XyjMMqpmbTteTqRBVXThZgDLqaoUHfMyJZiFg52YavRcsT9LB

Transfer 1 tokens
  Sender: 97kc5oUbsf8HEu1vK15nbTLM7bwLoNqgqKqBY2LFJYdF
  Recipient: H7tS6xQ6Yv6v7orxezqmf52vu7LjqSTmUXKwX2zVHmjE
  Recipient associated token account: 9GfHfaasGcYRCsfMREByH9CknYahSUvEq9vLhK4FbwEk
  Funding recipient: 9GfHfaasGcYRCsfMREByH9CknYahSUvEq9vLhK4FbwEk (0.00203928 SOL)

Signature: uZFE49CDSvit61WXNzC45rZFR6RDwZJDsiHv1yfwoe76XFjGyzJK43nJXpz1ZV7PX6rZZwQZVxergXkGmuKrbZz

Transfer 1 tokens
  Sender: 5qS9v86uYZB7sXhrZW9y1DDYysT4rnhZvVtH7iZDt1bJ
  Recipient: 39YD5rZrsz8mSdtyVCfwaG2cAh5Amq4wDAgqZEtgXLRj
  Recipient associated token account: 4Bew4xnQKj2xcjDMXRT7xQEqTDYtWWSNnDCpLXXmmKRf
  Funding recipient: 4Bew4xnQKj2xcjDMXRT7xQEqTDYtWWSNnDCpLXXmmKRf (0.00203928 SOL)

Signature: 3m5GqGHqCZEm3aK7MS3F2HrPhrkg1LNGzaeQFbYdMrqxpuskryS9Sk6uYXzze639NaiVL2y73TCt1TtWHMH97Y6U

Transfer 1 tokens
  Sender: 99kaPVKUZxWyyfEJHkmv6WRfqLMkPksb2v7G4w59hQ3D
  Recipient: ysh2B9XKTbX8DdsWM3HrzjuZ5otrFc24Y6H8naAmoYi
  Recipient associated token account: 74rSpRnLFW6LoVaXcCyxMgS4FKdjdSLWvMPnhRhSZK6U
  Funding recipient: 74rSpRnLFW6LoVaXcCyxMgS4FKdjdSLWvMPnhRhSZK6U (0.00203928 SOL)

Signature: 2UzEfuDdugK3Sh4X2fLCHmW5TXoPFhjZ3uCh9vbwUZsVNb2z7pYBayBktm4aABGxLj8a8nyYdFbanVkgRRaMu8YD

Transfer 1 tokens
  Sender: 9vhiMhUpnSxMZdJPzbgUGcgZ1sRXxMzYSXaAybwp6XSc
  Recipient: CGqyDdLVve1Ws8xLQbxB5spzBhsCVkLw7PzcMrwATiwW
  Recipient associated token account: DRSCVcTXicG22aCt7qBwp56meEYMGrgU5AMTjF7on69v
  Funding recipient: DRSCVcTXicG22aCt7qBwp56meEYMGrgU5AMTjF7on69v (0.00203928 SOL)

Signature: 5hFg2MbApkvBJkoQLzH6nvWKQpePqF6aYcpnhtKGEhx68xfkFnSczR2c7pXgwqkFR1u9t4nEKrrg4WTva6XrdhFJ

Transfer 1 tokens
  Sender: AkrUtKmM4HyheVoBxWMy4GGeMFG7DT8D2L3RUwvwFk74
  Recipient: GVdTbyumPzRypxK8Zbc9eaYeLhm2VTYYF32L6Lw35Q1n
  Recipient associated token account: CVJzpYBDXxMa96txhGjmB5F6FDo7kC8aGxShp4BxjAiK
  Funding recipient: CVJzpYBDXxMa96txhGjmB5F6FDo7kC8aGxShp4BxjAiK (0.00203928 SOL)

Signature: 22qFF682htmroPNfLxHJisuf8FS4LW3UiDSYo6QTYNxjCe2Sk2fvgNdqqxgUVj8ih3aKQT4Jg4ubqMXd75dEmXRw

Transfer 1 tokens
  Sender: Ccwoy6CuqB3tWbHMwrnQ8T2NdymvrRGDsfruVfAF3wTb
  Recipient: 7gXRnhYYPAiUbYCehz44qhtP5cEsC7X5kj7xCW5o8zQu
  Recipient associated token account: 9GhSCdSYpPxykqtrLZH9aRXuN6fGzH7NF4YT3YDHbs5c
  Funding recipient: 9GhSCdSYpPxykqtrLZH9aRXuN6fGzH7NF4YT3YDHbs5c (0.00203928 SOL)

Signature: 5D2JGSkTsqWB3PnDvmY4mF52UDggm9u3beNVNtRejNPSCk3Txd1r5cX8oA4XcZYdvuCSvtXVqJqjfAQLFxSPkBvm

Transfer 1 tokens
  Sender: Eoj2SPy8V36x5sNuu6HynT9b4o6njvQs6Aw9vPd4SPkU
  Recipient: keZFWpVykCSSpt9P69m89JV9Now7MPB1uP84xTVCMVT
  Recipient associated token account: GVWhHzSruoMXPLevZeuff1rLR2Wp77DMp3zUDpXsqun7
  Funding recipient: GVWhHzSruoMXPLevZeuff1rLR2Wp77DMp3zUDpXsqun7 (0.00203928 SOL)

Signature: 2SZwAhwZfdnYn7vz5ycxxJ9KxSEH71nwiL4SyyfnmBEX6vFm1fSuerK1HYrhUSDoZCxsf1p7Kkyhf1QHwbARijPY

Transfer 1 tokens
  Sender: 9hYhxm6DZWAyhQwzViYKbxAjDMpTHx9QQ74akT28eCDr
  Recipient: J93VpEgm4Qfzv9H71zd3RsWxdTjin2hNZVYDo9r1Wgtc
  Recipient associated token account: CPgggD64tR7PQF1bN1TroD9nf8pSJH6iK1aWme2RAKXz
  Funding recipient: CPgggD64tR7PQF1bN1TroD9nf8pSJH6iK1aWme2RAKXz (0.00203928 SOL)

Signature: QEViuaL2CFC4xwV62kxwvYcvCuUjycqSNgWJPL8uUcXospbSZpbL96uAXeYmqbV5B91PTkVQ4XppLStx1dAk6To

Transfer 1 tokens
  Sender: 23fUfM5hNwmRyfADryFH2pvEFV4HQWJYvez6QcAiDDjU
  Recipient: 8Ap1sNFR1j33CNpoLVbokNqCQ4mx4qu2xpRU4kSZHnzN
  Recipient associated token account: 4NqTs9y9Cb2UuioDicVL2H4ukdkDmK1ph8ukB5j8Dfpv
  Funding recipient: 4NqTs9y9Cb2UuioDicVL2H4ukdkDmK1ph8ukB5j8Dfpv (0.00203928 SOL)

Signature: 2d38PcJWZzfB1KiX4w7He8aB12ESkWXxr4YBthAbjPD3wYvUXbg13qX4emDuaT317oRNCTWMD7miV3dTxNfLqzn

Transfer 1 tokens
  Sender: 6jk7x3Qi6nRmuDZaJCYi6euSVtAF92Mj2sfiUnKy4Mkz
  Recipient: B5wGRziAmbZ6NMGwatX7s3rp9tWzDL3fEJojQwh1JREe
  Recipient associated token account: BpUB6xTeZZHUAtY1aqv1TCobFMrEG8QSThCoLG3BBC8g
  Funding recipient: BpUB6xTeZZHUAtY1aqv1TCobFMrEG8QSThCoLG3BBC8g (0.00203928 SOL)

Signature: FvZUCaa7zuTf7H8CHMP78e6FXaVPhLnzAinScyF2TcNqVvgD6Xs1jxpdaeMH5CvkqpmNbtSaX7WETAGZwVMdcUW

Transfer 1 tokens
  Sender: CV5EhQMzq8NE7C6hSWuwKedc3CX2ZiSvBacWhjLmnGWr
  Recipient: E4YnbxEMtg9988ogZrG2Bgmb5FhZk3eW7irwz29TpK8g
  Recipient associated token account: AFF88fKweGsCGfVHtpC8Jt9YhmGPkQawgs8Q6udsJvrX
  Funding recipient: AFF88fKweGsCGfVHtpC8Jt9YhmGPkQawgs8Q6udsJvrX (0.00203928 SOL)

Signature: 4T33a5mHbrChy3XriLBEGVccyYVkG2YnpFB2dSCaJhhWXS8R39yL2NT1ki4m9LfJ1FJR3J68RNw6w1eELwAFXara

Transfer 1 tokens
  Sender: CLVoJYiKUiKkPbvQ3BAyQSRDJHnBWquxvFeYfcDw9K2P
  Recipient: GNweeVmB7D3f3h3jMsA4myGNPgqUqqVCP5WsAqhhhEFF
  Recipient associated token account: C2C44T4zuVHYLpZjXrxjJLAFVB3Cr7BbAv2MJSsz6yHb
  Funding recipient: C2C44T4zuVHYLpZjXrxjJLAFVB3Cr7BbAv2MJSsz6yHb (0.00203928 SOL)

Signature: 2YRKjPPLByLqaYNo9LPV4ZCzU6YajzV2E3MmkXjBawyimkP64CYt2swkJJkWt4YDmGqtqHBBgEKVRVaoEXeoHMfP

Transfer 1 tokens
  Sender: C7aP7zUAE9SG7MzYQjbxKRuBVKDwEkMDnKT7tpFF5Qkg
  Recipient: 7P4Bb1pCMuYNveYhg2j445cmTRCEGp2eAAtBQUv7Jz89
  Recipient associated token account: 9g3q2BATg9Jt6DNNnG5HCoDaauWRcv4UzG1PvsQ3rv24
  Funding recipient: 9g3q2BATg9Jt6DNNnG5HCoDaauWRcv4UzG1PvsQ3rv24 (0.00203928 SOL)

Signature: 5sp8Jz3mX9fybq5J9CqHZYLATYK1zCGXHYtRjxhqC3M6C6bHYYFC28TL5a499Pg5U1GXBzRPncvEHzNh826FBLJp

Transfer 1 tokens
  Sender: AtyRqM28FMoSKGBRT9LM5soFW5FP32zfLWX4dTYfNND8
  Recipient: ovVchPXVyN64eAydpNfX1pgoRetCjiP4vAWzXEku9YK
  Recipient associated token account: CLWdede7WHBWCtwUZHCLZpMQGALUSv63JEVpfpyS6ovn
  Funding recipient: CLWdede7WHBWCtwUZHCLZpMQGALUSv63JEVpfpyS6ovn (0.00203928 SOL)

Signature: 4XYJGC9Ae42LPwYe8s9JwTrpMGqDyEeJux31xg9HQkS5wDoKBbHt2YtEy8tvssMvDQ9eAWu71GzrCsSNQCdGt9Uh

Transfer 1 tokens
  Sender: 21GHz5pGq2UtfxTTMfe4JmC879Yf7DQEoP8wuy5hQgYh
  Recipient: 917wwwdLEmCBvyz5fhXmfjL1YBakvkJEiHEVqpTjQf9u
  Recipient associated token account: 2PKUHNjdYdUWQ81L76ohU2RpVB2DfsvK1V7UaeMWkcrD
  Funding recipient: 2PKUHNjdYdUWQ81L76ohU2RpVB2DfsvK1V7UaeMWkcrD (0.00203928 SOL)

Signature: vjq6UvhzVmUC1vQfwUbWgwV29TWsN9MC3oYjdPLApaujbEsVJeAdhijhQyRxpk3sYmFrgsC1nirZX4wtLtjtT8F

Transfer 1 tokens
  Sender: CrdEkmyd4a7tZX4rUPxgAKZnSL8SFoRd7E9RnPv9QzfH
  Recipient: 9AEwm9w9QbeLiZmy5qDCVZXvatKLokHhLPRsrHogcyap
  Recipient associated token account: 99UaHVxAXjsSScyAkHXtAh8SDzZtDvpvpdhenjTy35WH
  Funding recipient: 99UaHVxAXjsSScyAkHXtAh8SDzZtDvpvpdhenjTy35WH (0.00203928 SOL)

Signature: 2LXZN1oMTWtEXfi9NkdgbAkdJhwgTgWsGsRV68kfC4UjCmT3MuHi65CtB2gsVtJgMNLeDwypbwKDvgVxrN6upEtr

Transfer 1 tokens
  Sender: DvJVtrCoB3wZemi6R71y3YxLFuKpRhTgpm4FmPhpCryc
  Recipient: kbtxDFxdfY4NxQ9kNAuXFJ2GuAZE95dCXQw7yeb9q11
  Recipient associated token account: 2SXw36v74nHjWnDYNTUuKGi6WYebrd2P2hVucPZCuhvD
  Funding recipient: 2SXw36v74nHjWnDYNTUuKGi6WYebrd2P2hVucPZCuhvD (0.00203928 SOL)

Signature: 3HXGisLTWe2AwGivGrfy6Z1nr76WTg5ZDRGC5EBAtgtEggr73RBbL2ihpCw7bzv76KvVXh23H8y6vfhqCo8bLdZy

Transfer 1 tokens
  Sender: 2KKwKrsDcZ1JZiqh8dxBzF1Lp4HTwCih8HUiaxjvUt5S
  Recipient: GQvVxDnibSXUbeE6gvK33WFhtXB1tue8MXkxM7WmTAK5
  Recipient associated token account: 9ETu8qzgJas59cyBus3WX8bTTz9gyFoxxAmy3WKRgZvP
  Funding recipient: 9ETu8qzgJas59cyBus3WX8bTTz9gyFoxxAmy3WKRgZvP (0.00203928 SOL)

Signature: 4jzMKwV22mu3FT1MhJt88TXqYcsJFtCD3X58n3XgfaeX635qo3bqfvqRuUcm79L9JFbS2quTDekRrFn2f13cZDDm

Transfer 1 tokens
  Sender: EWnyNwCGDuEmAtKMTEQTif81b3pkuMdgJDFTeosvdEuB
  Recipient: ELF8eieJAgKHJypyvoWW6PiRFrEHCwZd27K5f5UmNgjZ
  Recipient associated token account: 2g6iwQaQBaSLpiZBZ3UdhqRMwkgjEAFMW3zkrXxzaaDh
  Funding recipient: 2g6iwQaQBaSLpiZBZ3UdhqRMwkgjEAFMW3zkrXxzaaDh (0.00203928 SOL)

Signature: 2juXTHwDvzawsNF1DcLtq1UqbqhJTM4E8bxek76ajRP6gQHCfMLAX97MYyzksAVCPXaxAzJEQFUhrHVYzPo3Wzxb

