HYyBEkZjnRbjkHWeapHbZ1LB2Buv2i5PyTNNj3T1pNmx
E4PZ9FniHeE7FhUVXEADopKzYiCqmydqNjjhr3JrykaY
7dnvu9R3JbQanDgkuqN31M4W1DzqyGG3eZxTsYvYnCFn
56TqXjyVvWPYyjfuoKymCK24X5cskD3f9dsMhyG9ik4B
5EG4YXLGYdWuV54TUuwujxwtswArhhT9r7RGUmHqpK9e
9NJKhaeSJqWHGJgQTvRYcsM8xSNVUVvbP9XvYq3bpZky
9ndDYZ4GhcLg7Lwin8zw1NiyGnuByyaQnMpCQvTreoA6
6nAHRmLWRV4iCz5dxVPfA1ZeBqTrFtfUCHH3pDYYHfGW
FA8avQ5cJWEwBrAKjWTs8uymDoMuC7GL1Y5uuYBtvgw9
GeVoB34Hqj4nHv1ioPeXedy1xqvNHNyDZoUReW8K3FSQ
GvsASZjFBVYa2Xw5ncHZ3GuR7G6gFcorcC8Z4i469oTD
7ZGFsCaJKuAKYcLpdwEVtKrtFykegDzpzPQ7fHaspiY7
ANvoM7gvsypTcBtrsR9x2j8P7vKiyfbFhXVhbFV8vUqj
Fo23bSpAnvaqZWfXGtngkFq5PgjvvrkyhD6i6QgWrbx8
3oaq5eRWSeQ7uecMMTnC4zaWaoCNt3SezQ182h9PXhSe
76qgb3tPa4sUUkLiRBpL4cvKgFGM2ZnqsN5Bgmm6RYEK
E2TERcgiCe419NiVnc6aEowpSMwbEg1EAxWUa1TDatqs
4bZpPVqaTkoquu8oAwUnyTVpozZAcfK6Pfy8pR3hgasb
61Lkor2m1ycu9NUvdJXLPvP2ys3Lw3q79wqXGbtW7XLE
9NSSSMzxQovLgch8Szk8H75ZALRAmG9Ujj7P5RjvN9dh
5ao8SJKvmFCowyyaoBbHmeV2oM2mJWNLWr1xtq3yHeup
9BGSvCRNwF6Wxe9rPjsxQvFrqNP3nwJgGD89L3rhkCZQ
6iytLDnWS7oLJ2vppBifj4fkaRdD5VYheAqfJYH7JLvo
FNEzhWX4YRk9VJe8VpB8CXVa1D7j7WGafNrmkzFrmDGr
B3Q47BXUHPzVAzCyK4SZPHTL43rQVLwsFJUF2Ka9rnUb
B3uwyxKmrpEXnLA8VYGRXzgGTxahn5RUcgU8QmJ6J6P4
4zDVtnwpm8WqspRUTeoCUfsJMBBeuEX9qd6uL77LWjJT
7vLt216tdB6B3siGQVuraT8hMbWBuaBacmJrjdHa2bYN
7mBeYfyHDHuT4wykm8tRWRffX7s2ZNVjBNqgsaG7aV8e
CRbsmKJ3rnCDJAHdD1ZEa2FHqCEZG1YLGU34HFJKa8LA
6ZtVL646B385btcCRN7ytSQkhY7sKNiJWZH3BaQZk2ES
CrW3PzdknabdCcXVrT3MPSpCtYfgZx5FToN58GUFyE4C
EL31RNx9wg9tkKYP8YUVZfVX1VeBSFi6uXrxuSAA6ejM
FEf3mfi9Je1N3viUsg1yZxqXWigbwdu81dVibxAqenP2
rVhUVjH5j955aZ47ecM1YThDmrL622XR4xH3eFsBm4i
8j85DyhwY61UQ2VoPCgqCpgEkj1zjF1oTMzunNcKU1o5
25aT3gEoeGjD9QHpzzdGdpVgHK8t8W5c7MahTuDFR3TP
2girQbAneuxYdJm8zJPqKsynf3dexoJ3Lj5PG6WPpH8H
Hj8SmVMtbXoyLXD6mhUoJFVaDqVw4KGSLK5vxf6B8mgB
487544S4sHTP4sgXnZ6YHLJouaJVhAk3NS8dXYzk3wTE
EvzkqhxW7zN65gkQT61RVNhgnKmKaA6Je5dwSRnfphbV
5Pev9V65yvP9TpKgy7NtZFQzvYx4DA6dcDLRzDncM2sh
9SxfpYy5DtABVgJVURZ9omn7Z91siaLqsCzvJ1ncqRjt
5NUESq5PTWo4EviywwRGpXgDTCDeCypg7GW1gxGWffXq
2rUB4ugYnEsvZF86Ra1HnngCrkejNHYq3hNQAecAsp3S
dWKFmSifRP3VNrW8zyW7xDKnd7aTHwCTQeMURtzdFsb
9uLXzadEj4edqevfGuQKVBHhFdx1ui8b5p8V2Nj1p2oy
z1tuvTPeWgrWRZJm6fpAZ2eKHTTVzJHADWVXszk5KHe
9DvdCbw6jmtZFNwkAoNL3zpFjprnsUkTnsATUFSn5iXq
GkASbKh5pBq9ppYqwtHhP8cEh4pAKVVRuKUVss9NbpCU
9SreT3ktiDz9oRNbReAKF2posJpiFFnY6ynL5rQStTFZ
5SD8jh6j6RWNjbsbb2YgQXWQdiMCbc6XGp5MKQtLSEUH
9mBW7zzgcXMbKZshgYpzuPQMjUWw3CjKRhsJ4GfPUrba
65dLitqTCp6ACQNdJE8qoqQU6rn1mfJHPvMgGzmuBuzD
BRFCKYP2Zm18AkhBLfEEuUbStATGFdzys34vRdn2i12J
69dpYKVrsQK5eKeGKge4H182FemgKSk8wrNsxkLZQNGu
BovuBtTVFctHXN3ThXFyo7RV64w6vBxNSYxbdsJsNng1
ELRikFYiTsN5Eh7N8FpGSnpWs9tTQ69qmA6HD56ajgCz
DsDvyVbp6uNDx7RcSzPWS8ke8SS7G2pSczoxu9HeKQnd
2rFBwpQtKX1irAFaXXpjbQyhDeQpR7v35kPigfqZoVL3
uDyt3RddrXk99NM3Z4SJWYRmYH2zCjX2Ef9Av56R9rR
9phPF8bP5CZDeALweFbUogD32KEiDjU7LjnkVv8Fm4w
42smwhn8jWGpxAFLcd1CaEYiHy43ZQhYotvHJunVUuHe
6oFFXdWTxnGLum1h1t4dURSbVk3hCBMVWLk5AiCMAWMG
9Uxr93hLLYkRibfWiTa4wTQRX8nH6azoGyhH4AmiXxN5
Ca6nYfqErbLgxagDQb5iLyMNWLRLqmTPd7EwbTjgfmYm
48sfK9a36RWoLX3GUZpAhVjHZaStG3TPzrj3R8xGQWGS
FNRnc6dYpmJrKfcadkc8ZxNUq8bv84FxptNQcFKWwSve
4b3E8F7viuS4RNi3bUybf3XdJqX8jqdWNw89CW8UncUE
33yRLq7Rp57wnWr4rYU1P2RxwD8NXU9XywNHX9xUj3jX
A8E3YuHx5DGLQwBmN6CWzVqrL69XLhfkxiFgpAv9zccz
CUTCiafdzxr67SanmtC5oHqgxAZtdBNmhFwW4Uq3FN9S
38gV7oxK15houAYF21vepdNXyaFfoZKr83gNznFCAqyD
Bz3Dfka8GnnLbez3DfhS91QM5jyz8DQLA6oLMSk9CGg4
BNFqWe5yGsxBFeQZRUqFwAxexbn8ZLCB2hcSv1NJ2WXc
DjY3BYSNRYicaoabkaZDXWVgcbaoYhQ7WeeDEJVmq7rh
Q4HgmrxKMc9uqSW43KYkTHpDgsEBreLaoS6EQk2ChGg
8FXaqbRaAZjjQY9wBTMN72fXKFhZGPao4VtbYM2ncLCB
Cs97BJA33Cvf7gDHxUwYJ6xpB1U8jNLcwp7JFEsxQHtx
AokSuAPp5Wxuj62tNmv2UhoGQHfEgTcQRcKZYsELmPW8
7HeavM31fXnAujoZ7XtSbTKPEmXF8phJgpnTHxrEU81q
Dbjk5ZSmZ8JuVPMGJEnrq5bXpvENGX42wQhD96YGXkXE
6cf2aZh3bKiyHP1uLtPyTZX9c44QRaRMEAgi23RwuoPQ
9335gtpF2MvMgDKWM2BVWNgX6wwDrtVoTBSBHEK7NeXU
51K9QCtbQXyG7PBqcfBPWJ6nLbLE5p5ufPV9iCx4sWsU
D81UQvGGzjSs91tnnXKNdMcaF6FCsYqg3pGwAocU5pLf
H6uWzTiskBQ4uqU2kAP7TypYrXo5Fa47RihYGQN5VaFV
8mnLjTchfo1aWgfnM97bmqgc6VBfPjPMxPsz2tcQWvq6
33xmqxEdcb53tqQmUfuCbSWTrvQ3gNUuMtx19J6iCDa5
G7KwQU8FBVkbv3tPgr3ziikD6X3iknY257MmzzjAP4ey
HDwbLTFF88P8wxGrg7A8ukD4nDydTUX5838sFvD75q9G
BaARP3BGt7thEVyzncV33HGUjDhBqDS8B5eFF2axEMLV
GLof36p13L5wPXqXYxAh7fjF4XmWcrw9MUYxLj26Zqge
E8geWtGqhHCaamhyo5y7jNMnVTd4GfnHTWpkeqN6iiH6
8sNuad3F7bb71ithNMZb2qmJgSiAv7FBTby32CVH6ATR
DE1UK4k5sxWx5T4JeeRHc8XiGDmiG75TD32nVpGWp5qw
5D1ye2eQ84Zzg2MXZGngNa14UeDCfe6wj8t2pqZwTNgc
39Z2XUBB13hKH6iADpocaACWbnN1wcEXRrTfpey76mnm
djAfD11co2Z425MQHvD9PG61Mm7WFSLSyFVwiMSnxa1
2ub8kPiSiQh3Gneed3hwJqYzUmAaBhq3yrqwwaUyf9wf
2qsPFrDJG84h4YskXkpa29xjDzgk6fMaPnvwEQRy9hCc
GeEnhVoUtetJrtVCW6cJ2amgQVeA3nPHUs73MHNzpJHT
AiKwgC5Wz7cjrQEVkekN2SPsvFgS2GXxjs9MQNgfAe4F
ASu3GVMFqA5eZCUE93U1TWR1qeKtfFeBJNJbAqpcK297
5wPQ66YVFMK5TLZmuGaUSajWNWa8UorN9cwZdmE9QNKN
AYbkTVNup95n5tpni8xYcdvyD4vB7LGJs2hqq4dXoEuu
J8XkNR9ScsGFbWo5qt6KP7Y9AWETjx6wbSC2rM1CdHMx
8Wq6jx5AUAftHJofN9eJsPfrkiidZDXbGq5YsuJzN1u2
8LcCQR6GCTz4Wb5NJJ6tb1ywmpeQdne5sz91JKyudUCE
9wkCP5Nstow3hy6fjRFwwRt78y211iK1C725hudacLSd
DNDsm7qGbHdit798bKEJuBK8TH5wegeBdpGYN4r3hJoz
22cYrp4N7KAeKrpZQLhktHaCS8q5zRaee24scmMoNLxN
422H6DBCZApTWRYJkhQQ6KG4AvuQCtgB6wk38wh2zhaB
99CcxXrv1YZcwEEDnUjSF3eFgfafRBCUtima6mnq9Fwd
EH78Ztiu7fHpesM8pGhFVWhSE17YG9TXdwa6FsGEppyz
HHiz1tEeNAfmVGShaZrunfPVA5wDj2KXGLsvdLk2E1RU
Dp849xHQ3y5QTCmkkPmX3oaN3wnCqT35EVKRRpW5y9Xm
2zym8b1EXpkpWAML1PWqq6Ue1Tizn7JGA2gW6iMJRP7i
HXwKNdyGi8AYxMRhQ6E8pS3cjrLmA6enJcpf9Afxgzk4
DKQbCwg6YPb2NboHRnG9E6bQiRgrjhfdrzndCDZzZ7wG
6ty8gPEjFfJE291aZPf3z3K6XWxWspn9uzyvyPbwEiKd
5Uv9SS6xkDpyoqwEmcJowf2H1yNBjMukzJKN7UWwBk99
7fMVhgjYj6h7QrNGPncjFao2YcnjqPq3FY8CEBqJjaVu
4vUXiB2YnczB9JE8XLtNX2FqZQ3rsD3arwHaFL4oGYPk
Bm7SjfzRqjMVV28yAzGZ5Utpq1zUiqzrjf3A3Dao1gPk
9XDaJQ88eAHErBctRkyfHhKSx7q1f4pEvNKRnGMmzhTS
344FCGKStHfRj2PqZozj62VXZHWS5e716GDW5vegtAwT
BqnrX3io1dHRLQY5Y2Bfwc8Rnh83x5N4UqXNBY9MZDWe
CMXPZuChgZseZeEKBMiu7XKTYpkhSgffV6pbEDGWZ988
Bcb6bGR76zL26vmnEaeq4shS5NgoddLXL8aLvKz6EbuE
2DXVbGmmrAhhfZ7M4vex1gRCzw61RXHp3PWRFziKdQ6Y
Fhn25n9gezKwAoLFnCBJVE8b7LKQ2AvET6SsnkA8N2uM
MWoSnyvqEK34UUMMu69k7qSuthBRXMTMA6D3g9d6trH
Fm46Kv7UGEvd5UhnaeUKeJ5DRDSC8uAbkMxnxgsAAxnL
HnNqLedb4g2FneSQuriTjeEciqhqYCkGjoTWXFJX8cSU
FAFpXq6TP5Z3Z4K9Tfa7UqY25BviksXJdTLhdP5WEwHr
5gPcNwoVc97KgR5RjJKnf3kmfwLowzWhM4CAppRrivDT
7wBT3UYuRGE9AJdzprnhVsTUX5R7Bbft2Dxxn6zfXPw7
24pESRgLJkPeYfHuJsn5E1XJcnK7zi7Pid2E3SEqAXkE
3BT4Z8FCxQk82zPD2cwrwQhfagEUG35j1Qn8Fkv98Tsq
CV9WUcMdPAzi7m6TxFgYZogjXiA933ex24pmfS346MFU
7383NmJr59DHJpAhJxNBofWpqbxLnAKvrpKyuNoHH5oC
7Nd5CyqGRrX5Ev2F1PHqoSvwAtxGQEi2fPcJPPCMawWi
6peujQSbboWH46upK2Nm34CNDrHr1FZDP32seuG2isoF
AKwpMKBeFhC6yjGeGBMvfqiuHSsNeSc1vMWPmUEFB8Mw
38EzSvJUDK3wnhNz3T8QGVtZirq2ApkrAgjMDm8PNU83
C3SE1evWZLAojcA2SwyBeRapbbzy7TNwqe6mBb4bo3gT
Gw2HbGicoP4kk8yb1RG42LT8SsAEfMryfBbabST57K1A
DS2Zc94ueZccq17vCRiL3n4Rr3u8puK5B8WAeTjcZqgC
BYT3brrkMAdZjSkHC2pFUj2spY9WAcUCwxCjifLeGsSa
