Cu8TyQnguBnyUim1hZEm9V2tx4vnwmk2UC2Wy3XjvgNe
Gj1go9ac5rzcfjXVmWLBWXLFf5Qx7nPigiySGinXbkY7
9dyAxTQUmAqAGkZWNyw9n6ZEbBd6bKEyqgXZ7zSHHzrG
E753ARzyYGTtpi6193N1xNitZtMiF9Ebuc1MKsefzy9b
2VvxcJJfh4QyQ74VDyAbGZ8MtajPFfGvFDPVP9MYidm2
3Z77vC194fi6ffVnEYL2yBL3UpBt6hqshY9Bu1q555gU
26LLVf5XcisA7aUiMb1oL5NzRbb35SqvPwoAuv4bmq2o
2PSeGKK7M9u3SgNq3HgobBszYTNRVk1h2hy8FitMAyJD
DNgLLzyvSYS2FhWCF9BGPAGG5ZDNSBae3dyzpncHNLBL
7NAJWWQupqDjFVfNE67FB8LdkQoS27Zorv3x3hKj3Kbe
2uJwpKZhhdREoNCgLw32W87nmEiXhu2ybnAE6sUt811X
5CERpQB9DNuep7nXgzsm3LM958eLGetFBcLSHkA2PE1d
H3t1TENueqoTTUvBe485VXRdfq3f9LCo5PsFyTYygXck
jNLyFvngyxjzCGofwZBJJ1dhYcHka9RTKnC8uUKT8n4
8m1BFiYszP4zq2cZNEEQe1oyQNH9b34oRvbSwLM2VSmb
HXoekEnnFHM7ZHS7NwBBVNoQ9SynPZKEGFsxRgj2YdaT
EVRo8M9BKS8mFBvJuNw6aMDg8B26id3aQoc9qEftBAaC
J1wTfeeaie3oREhkk6LRh8Z29YAXbU55R8fCn5ib2zG
6mmgDpRUTuYaiZsXJAQp3sJLBFsW1NcdFBT5v3LXet29
zDpty2hgWm2AVFm9LK8hY6EhSFEgUSEJVTpLF2ae1As
Ft3fLZEV6a53f9c9kyZqFxQE5G52z3soybawxGE592XR
B86m6XxiJJg2EVToSiLGvfy7TZ5bVsQDyPiiCzvSiJ9A
EsBQ9yYCxzjTo8evQKDNdgLkGK5chsHyQMvwv3SDimnF
5ivkyqT9EhEtTQJ1tYjBUkxFwwbVupEAY34NV11i3nY7
5cri2KLRUP8eETBuAouSEH4V1u7Vp2HfzKC1rYVLcU8L
6nFn1vFarwj6xo7QJxrJPYQ7qSJwQqcxFiaG9AjhMz4d
HKCVUEWLRo5uLSoDNHD2pkR7anSpC1GiciJ5utUtrUw6
CtJzUXJh6xHZ2es5SW8G668PdDNwKxt5ZvxDsB2aiikY
8yRDxuVsF8UKGMN2mogcWQDfEzx2LxECFxq2YVi9isjc
GnhD9PF8QpmPi5dChXkAjqrRN69UbYPvKHWWZahapz8c
2xdXozF2qAdWBQG879A8P2qWxC3WPZADukPD345YPPtG
3xMLwC6KGVpyz9MyGuEaYzptnBUUtVZfSYeKGXY2brdq
6wZSYw2rG5jbTwKtjvuBaB88fVoCMQJ4GCFNBJDqgkA
4uqyQoiJqECdNPcCkTjgD3dJxVdvaxTWAkCix4xU2BDN
Ex7nZzWzfknoaNx5d41v5Y3SZ7Qeuiy7h4tXvuLryoRH
49rKxjKggsahKc728Gv8CgCNcRbcfWDw4nLZL9U2FN3Y
96tncZPs4mvfzvoAkKJ7q48zDQy8BsQZTEwmnQqYdpsN
5r3LUHs54zYtUEHwAUPzUu9dop5Am7MaYdksSeUrWDdu
DrGsLRH3qMfKWDWhcvR2WXgh4KVTKcJDMKZZREq4DpXe
4TVEgPTjf6SXYmQtmXC2MQD7xRXZ9p28YxS7nFHa8o28
6FAESSgyXSuKWfDDQ4W9hzifqvjhpq66R64WusFSW9GF
6KEjPfjxFYn9Z2p4GRMHKJEFq8UvCBNZ6N63KuCmKhHa
5hNXTBgcSocUDHMREMdn8qWNCtwNnoVBPkHkPm8hLwfo
H5FYtwWqCBESTXjJ2PyNdQrF3G3fxo99MhFANDuzi2AX
51wTj4uj1UxsWTWBcomtJR1sQ6GeUveAiJaAavHqU3rh
2QgTygm17aD8stiTDz3eMsrGUrrqAwy55zjo6WUXKLSC
B6vgvVSdRREJcvKaVKGuBZ64FpCJcWWYDDEA8LMZRSM1
DVahXBX4TeqwgVi1HzxR2jEZLgnaJXpwKaDeT5V2aJiF
7cCKr1VpPz6UwW6Ggbt3mDhPdb57fEvAFarEtgtuqUv6
7YCAWPYUEhYRSCrzzWmK9Nfa5iKszaFFULKpKXQU6B9A
76ViNnGDMLjqCQALZgKPUxC5CA6GuQqdeRe6TCKDpdvn
A8JDqXk8UmCQbAY1NBJ78scaSKvt1nVpAaa6bYgr5Xwi
DrzmrsitLEUWxhqvTTBbK7hgWMZcLBXB71H65fkmYtzU
FWLKcqnSD2fUB4SsG6j6EzcobJKHiSFwVqUgjui4pvVX
C6imEuCY4ZbQ41taXWui5n3wQEZUt1jqEM83stuH8zGj
D5GpuiPuiLgHUMRJSW8GNtPU2qV7didTrPKBghY4ExEd
DuDKhP2ibyWro8E9a17LyE5PKd5h9CGPp5PmkV5w6UTp
HqgZmZj7Ab674UZKpbDcvkJJBQGbktNCsuvVc5HmzX5K
8ZNYaemhFEs87vEXoa8z9132QjJXkw1fbi3BKPAkyTnf
B8hNr3Mj4AKHYNfc7gNWyr4zip7UTJ6Kx3Hq7uozNP4X
45yM4fhrGP3z1LNGoo13jdLPKwfKBGcTG8Cs8PraM2bc
D1NtqpbaPPoRYViCxixbPTvMRfXCW7Uy4PVS5aqZ4ZkP
ArtTJ6HSQFfYEUQESxT6kmuiVv4czEQUXLkjtBrUSFjV
E4AYqTyucGWTYSLLkGzbkk4ZZ38G4hJMhpHhpUEGYVQZ
8rnykNX62pwAskSYu7CujsbL9rsLY3w7g6jRsERsyGBS
CNWNZesEVRVBvjwQmdzAFgJCfi8bb2qecrN1sYuCEggG
3tSSyX1rqyZFWHXgiYPbCpcd5eZEnr2grEPXqpDZqrmE
AsYJj9NKv6CTrmsgq6ZnGQmCSbw31h6LoM82EybUwTx9
HEUubTLHUBnwMVGumfFeyCQfkLHz4butf17yY9pPdJgj
2U9WzYS8tS5fsBmbwEa4g15FXCryQtgcvxgUvLCpfG6W
3xM3vfX6NbvLMxE2ugbh9aknpvuKykt28QXcGAKSxiEd
ArqpfX9n1uWn7pwkMKTCNBw67ApbNoecNEBFQDQahNxB
CxCS5ipqNWgkAdtCcVyXxCYGhStBvCEMu2H28Sh3eQct
DCjaQYk6WHzYnbR7zxyp2tRzSTTuTSHxFYiuqpW7vA4h
CAdqP5D2nBXij22VNo7AJr8o87qEj5Cm1rkZvVH1XzNw
6VgibkJTiQB2zNNFSHPhjqp6HD1DSZckcUDfQUMwifUJ
E6QEPgFCZVWBe3GMKW7UizwMtdSYCMuC75Qkf8U76v2K
9ocpfsnGP231CRmxCox5nV181pqi1DZC1aWBqsfoREEH
4UaqedUnpCTExm9rp3AdoYXd3cX9EJpjB81idd9FBe3g
HfuPc4LumWeaXzfAWmMGKmhSLR2u8LzcyeC18YLMJDFb
29i8t2tvuP1obmYmHkESQX81jDsqpP3QcvgtCCrebSNN
9bVK9UNiFW9Z9pjr1UrbamjqNcneaHg9M27VzXeDzy4y
HqA8ArJoxSuZCsGJJAXEuTNVpxkW5DWaviXWzUhJF1zu
2NGzrz7UbZPDetn4WysyfTVnFc9zqAM7xtwoz84dqwnt
2bSTcaAh3pV3GJnmyzixswEbaJQ2NtTDEw55uhV1pedu
9uhw2vp4tPw2tXLqR32ASQwyqNksLjJKkBPNzifsS9BM
7wowTDXAif8b3hrzbyEPMvwF6iERXk2cHxSpoq314QYp
FhDWGaPAwpSUfdZK4ZAqBHRLA4Y85sSxQXRaRbqjWfpt
3EMaP64H38K7fxgyDQkp3m3c2dLnudAJMx3aLRW9TYEr
Hv5WGeVdjAyLrBdtCvM99njaCQWouvDrmgUowKCxrbw4
2wdhgLzXKPcKQ94bhiUMQ5pNiABiaR7MNac5pRXLt91Z
BLXCgSPec7w2P9uqr9keXHEkq3CMQxhh3ReuvdRvhaLw
BbNnvthotnKcz4gpVEGjHM85qrtq2DEJnAqVKpk7XK2o
Dndjz9SEg8GcgafJiVfQdEYQZmwJpZtwM7GomnPsGQxx
3XfbhoTxESuZXwAobPYLyawdbnVW7f6hjXVdEm3rVWdC
JAThnB7S1kG57MuERURdJJiwPy6VBgjYGxnDdexExht6
BYBLoMkxUiyUGH4uDbzaHrsj8htR4h4u6Cut29MVAqas
8jU2LaqHewJMfSmWHG6Www2EnUEksCCFaAcVuJEv1vo1
6MTypnHstHbR9EuayKqjCKSHhEYRj8QNQfUdM62Hd2q1
62FQ2Xd27HqzoHeD5nMQzaKuHve68LFn7MBUybgr6qbF
4Mmr4tCrXFqcxJqoK3YBj51y55kL81vKFwYxHjTjAXiK
496mwUc6Nz2cRiadFGf7n4TyECeSPPDX2Wqg1EKgtKEn
Zh2iXRNE9Z9vs32JCsuuNjMzEeJxW3anBBapZRA1M6A
2X97JfBWCjKBD9XY1u2NYzSuvKkfpGb5rdG3LEGHPkrG
8Ck4uM6Gou8Ck9JHBGgCuPGYSPannzH3QTrErhk4rj4t
9HMktb49i4SQH3wkx2K1k9ASuGXWt8Ph2xV94j2154cG
J4Wioqn5ik5vWaSE1oaP6isqtn2qQt9KAuHyQRyEcgBt
Fay9GBHSyBpENiPP5vfSTUL7zH4fB6dYFXdonc5EG6X9
Dw7bp8SRcAsJZLytEPdRNiFPQYu7T4iKfbUuFzNr7RJf
7byMYgaWV8DNwcQnnAP31t6mJih3sfgS5GYeKr8x5KL
2ZmSxRzM3wp2u5qHoCgk5Aww64dd89SmLcGWhhzDPT7g
9pdsJbifftZsMgqz8ddHCyuvsoS8fWiyYqhAJu28LAir
FcLHQxo1zvd6fXDoXusA1nkMBp7SCWEvRN3M6svL7kY7
HHh8XrHXPrJxdg2bpuvwgC4A4zyNgzrC8GDgq96AV9Az
86QH8pK2mEr6arACUvHMTSf6e56MZXK1YsMd9xeFPdS1
23ENf1K1QxuqHmVm6GWLvRZ942T12LpERdbDmjs86jPo
DpgtqGTSKhauWJhcjNLodcZxZWan4rb1kWqAPVW3cx5C
7t5S5kCrnsCLdAZotGhSFb14iNgeAfEa5ZMtP4bWsnw9
76jBAUB4ZurTNHmhxqS3iG27MuF296TqiFUiZKwF8MP5
2PovMmLTXZnvCGwg6fYrFcCb8uy15VKvhWY6XTA477X8
C659faSSuZbHSPzLaAmKXd4HfC4pF6LhRFGB16FcdDtg
3zp9vZfweDmMsXshYTnkic68c9HYH4mRmfwM5y2WxP3o
2qc4njQWDqFcw5N8JxZ2TcawuEdLPhhx38Tx4PCAQxv6
9rWKp5BTocCcYK8gTPfTJwJAfyemdeSV3jHJS3j2z9T8
5zUFnPkBZ8CPj3K9tHo5bBBjE711o6saAvUBrVhed6wL
6wZNn1zsVM1vDRDkDKufQND6Z6UctGgZ59rpLccBWquo
BKDSwk4JYJoA5nos6RXUxgMQcCof4S67H4qcD3w7RBMY
AQsTQVWMMwWG9AtepS3Z4j3EJyHqWqz4ZnCcqjueLctH
GfBXu3iRujEPhAz6vRfVJrCVqW3LM4X3BV8tnRbvH3jf
HpHs4dftmd7Kub1JkF8FJSDMsABXZC8FSLoeRdHvbR6b
7mfyUkTpN1mf1G4VKzLshf7r5mqVigSp5q1Cof4b1gAK
DL7KpjicCuoYQydktzShgoFhcToYtVBonKZ3TgaZ6tmF
2BwH1SKXTVjyhvhAm2vMEnAdF4231qGpitX2cAvpo8Lz
FKdxwNi4XFehUD2yLvcpx5vz3bK8WJv89eD5MVFYew6f
45kNoPJf9TuUpomP2ZYW3LGremKTeyzzcN2gpwzdUzjK
6KNgKZUYG521iy9KJBX5vaLevVSB5M8VQ7HRtRSdyHw7
G21sBMtgUv9qBvEq57qNGjp2wcZPLa4wAJ6JrhxX7qif
64f2ZAC8dFUgU3Tntpq788p7h7nsLBnztoBSHARSv6Wh
4wvTBFxZBS2K8HWHyf2ifDxfz9HhLvSGyD2Bk6Wv1opT
6uKERw9qrSzkeTM1sKLsqdKCoYpbU9CjWcsnrAky6XgD
62VYMzPDEs1gVvvqUBgKdFwzoCjSxnxt5mXn2svphLwJ
Eh5cBzV7h9TriaNHiX7QtYBBhVKyqfs7ZsVjFCmbkyAv
9M1KmxT5Qs2cS44ZMAF31g9hwMQfeBpcWkAAXeQzeRBD
9K5WH4z87NXUixxgpgHQFH6PvpnR2et6GSrddSy8cki3
ArWVQz8ZcUvA1h1wZ6FDnhKqNW2s5BbbZhg6j6pb8Jky
Fj5oxyxC5Y37jLvCVQN2eYQFCixrn6RS512ShY1EBTuz
4b4ZMR6v2LiyRywF4XgmyL2WjrzgTSwLjeUjyy9nxruT
B5Y4uRiXUZBcptHGLt1jHpHdrwSo9hbd8WKHxK9KxKiL
ANKxnhxcXfymrsf98ps2ERnkrhfdwXbze7zsmYXNWAtr
129D9pr6hy9xjuPDGe5pnvTeDWsYnzDNJcorTXnNrdpM
HZws4sH2djj76Fy6U1EeqvM6S8LnYBiTpQRZSgujrUfx
7nEbpshwGCLmbqwGWPn5DjTYEgvuiA48Y71ysoJmxknS
H6LRLQQo48unLgUTKJX8GuSE7nFVkhrTCyuQKrsuFsn9
3mHPGipN9WfSUeHwSC7fKR2V9cJTkqHyBobFBq9TE1Ky
5nUrWbMgHHQ4p8bFGMZ8Gs97dRNBTf61puMSDL83vgHh
5ed3mpFHWJXcu3eiHFr34YtQxFDRUmuLy7vVxRAvZhp2
7dvWx8N6LrjB3FLVKHKzSRngBp7bMecKhFQm2j46vtiS
BrSNu7Y4ht6sn9hU9MSNebsgL2thpT6rW391Le1LaL8n
GiD7RLngMSTZzY87hkkXdRbCnnh8LHA9A98pmTwqQhPm
CeDowDjLZ1H3nCose8VQwfoi7cYAQnikyK69KjndLxfT
4tZsX1q9JSnLaySuU4NLxWjoMjYpZb84kH8NXtHUK6Xb
4KwQ2w7f1N53jvRkp6G6pqQZV943RZFCRHdNw1Sv9jNt
4Jg3wDiChT2S4qZPqdowTzAs7L4wr45CmZFW5ynfLr29
Apy7BH5zCCAnbPdywTGUENBgzN32eoazh8WKEmUNrAGm
3Dg52GSBtR73nCfQQTDNfgJQC8mDALUQTuhmGD6DaZpK
3uEa39mhdF56R3btk4MJhTgeSytJczguT9VesN2CfQXZ
EZbh6F89UhHHQdtP2xLSiRYGynP9FBXkWKq4L7vi1dtP
CX1xnrqA52K8fWWGb972GAfLNBQaFVZoAQnwueFANvuM
2CxMEBs4nPsUGCuzYn25e9RCtAbAD8VVvKdjQiXfqwtf
C7fVYiZjbKotSJurhr5eoWuXYPMDaqEPfzGAL2KACrAU
DX9TxPtExFc2CuWhM9VtUseBe4DRAmMC1eiXy418grgW
3Mv5VnXva5jwPursgazDGLnxQ65MWvnWfNVHmTJXWnRg
4aLn85diuST1AGXjgoDXoerFKURn5K9jqzc5FyGBAf6B
G9y79CCCLsug5rtdkoPNnoYeZM4E1sH6fvh7XgvWYJE6
EsKaaZcjKDLfahBKbK5sCNBVGmZMucGEWCkZVyCgx6yv
a1uEbVxAhgcZoBxjmi8DWvfYWREBrZTwgcoYjUTYpWA
6Z76E1iFzdw2cvQDi8CfuMP2uRFBGMAbXx4rNBHpo2iC
5goUSZBSFVYhej9xq5sDRpTAKtJwq4jJSq4cUtmxn5Ns
EAAyS5cq8ZU8Uxa51QhummhSqewJFr3HKhVHHugMVR2M
FVetFo2MFmufDVVcSJoSeSUf2WmYabVWPHNybicpuUpG
HdaCuNfA4XVArBodyJjUnwoHqgZ2V6VEwZujEbc44upq
9dWvgT4ufYnn9WkzNmAstkQB8FqucYtNzVvQ6UGnUG4D
6qYcmNgck2deqaS2VhKnmndcHwuzeb4tWDA5GMUHfCNt
689rrwK16g65kqGDJhwk2Njbpvq4HaR6acdoX2KkUK5g
FpMohnvDxBeLiXYf3vzU26CCxod4xAi1FCyu49vbBGM2
7gi6mMEg9b7N5cqNEt5T2S3nCsdkz749raRBetaZ146j
HHSC7HKEx7Mz3oKuHkiet4oqpycfW4tRRJ8W69twuXzu
GM9iHZAua1VLAd2VEceoSnsWTSa61W9cZGWkGqCB6WLa
5C8L5g1RvSbAu8SkrepkXEm7j6pkUcpvhMTEeYnt4yqd
ahEkvsCne6ZReNz9r5KwQ5oQAup6tLnEs9tkbFx1Q5J
BRqq4TH2zSs4PLMGggG1JrwoSgPwSj8e3uhPHz3du4Um
13a8UWDLL3eGr6eT6wvjYAZpvttJKKwNUuSX6gzRzyQh
GYZQGMvRKWTMmdvQPKmwg7VBndEhCMaZWxwz9vuccyFe
BYfxAUzkWC1AXT1yB2GRfTGJC8VFyVMWhB3mWxm1yQ4p
HTgp8ah5744qb4SbzCQHkVQwynet2JBwVPmRVX6pWCoi
4gcqFTqkKvQhwbYJVCXDHmtc2KM578WokqHWcvpA9HVH
3V2MYs4o4JPAr6TX4RqnyW8GSMWgeHgM8UBAZRCPM2T2
CgtqH1Y6gsAKQb6xz27gfC4kcYBtP1FRitnZfPN3HfvG
DtqYz85ugkxYrHRPBP5Ec8obqoPfcefrb3k61bQDR6Ss
4KfvCGUgaTFVocYZf9tiHUWp5cyMJ6uPXQMFT2b5SgxG
AojpXfyQwBWsEcfdB3PSnpbdvvPLM9YzMLcN9jCnPV4H
5JCiXuk412xq45hmnA1SKJ3WeUh3EQ72zmi67sE6Ktin
Cbursk48ZN52VoPHKV5rMsrXavqUzrT6uskXyt2NxGbs
9YrtZ7jKa4SHuPezCu8qdNcu2a1kGeRZvKFV856D9uKF
55MthePwiBn3GvgyQum5aJs2uVFdbRJPrhmoyzUJd1jH
8zWMQWyFsGM8iSBGEXhsL7aSvXhyfC69zLebKtVjabkL
5oECrvF52jqjb96on4Vfm7YLWzD2gvKhakynX89Rg6Co
FC2gHeJ8WXS3eUkoRnq2Yq9KPvL2eBwVUspLoFFTKoj5
6Z4cJX1EAuPNm3paii7Xq4zYBMt8HHu6z9V7iLdPJkym
DNiFitYMFMWuJHybHMZz5Vu9ftvJ3xobreAgTj5hyZ6N
79LDKKMoxwNbUi5sUwG68BJXrfK94ehRXtQiiw38bbVB
EqC7gQa3nAKskpGYZ2Afetgt9JR9K8GFhGCcLGYmF3GJ
41pP41aUt1JNv932cbWUfoBja6qfzXSM2V9iKbBnRfA8
G8zR2WXgyvUYfZiGCEYrVYvUgMq6Bgxar62Lm4WwD2wq
2hiD4b1VrTGEuzsFEdQWy5ZA72hwceoYxsMFNevsdMKQ
HMKKcVGEatMQXUReCbDLBF3uYYwE1VQuaD5oRPkxnF5F
45kqPuTtcSti4zUbwEymyKCowQiuhYmfKmH9rsXHutXC
8PEixLEo64gX9FDuRaWrvn1pGadw6jfvN1EnHihu2NhV
71bGSD5yWtUftyKbSQPWvAiXuYSxkBUYNxrk8cvCk7ZE
Fq1U2sYmvedKZcDeGaEgSQGdNytzp1CF7Tz2TuHLB5vE
DhrLQ9rwSsdh6jSkrgM7vHugP8G9oFww6RfLv5UvgFBi
4gWWP1JGZ2v1iycU7TGQf2YVudMHyZ38mdXfTibWwBi4
2P9jkgGZKLCgH9fWyMTTjTHZZiXFyW44v6ncRC6ruai8
36RRJWMLRKggPSo6KEomkBbya3pbpr8vsTWhy8cjG3yd
GWHwCmwu8S1JyngNKxXWXWAN7jhkw7gNnHzd3n52yVcs
5xGGdwNLvznaU2pyW6cR2rsV2LkV7s8AtaxBuDQPGC1J
25JyRWbEc3AiRgmQtN2JGqEv1M4p4YS8Kntn4RDrPRYS
2cFfuKyLcs9CnqPKWM88N88KRrX2Q4CKLo8Fwj6oy5ym
42uPAjcw1mzNKV1foXY2rDwvwFZEQsQYbh1Yx2Hd8xMw
7SFmSgBXVLSFQNCaKooRoxY2cJCukEHYo9kUMoWnGLbd
CkvXhYJ5MtnunwHNHS8ZCynWw1UeCbEuijKq2CZwd99c
CVgpYqccHsjSe9EbffU8uuRWCH7nnZ1UjpZyH5acuo2e
37kPcAyQmTeeCSVhugaZPi1JUUfXNGspUHUHkBHqL1GK
5GU1ByVhhMu5dVn1h2VqD2WjdumNVSai6XBoQimzJPdj
DoxtSwVBPErXvXWfuY18CbaK29DYJxTorKt975zA5wwk
GkRFfmTgAbKNtJz1VJcrhBNEKT4vVtHa9J31hFA9Hn3
D1kkiuJ7ma5GVhQ1wfAiuPxjLcBUBfT3YdvkEn9UCMt2
B1PHmsTMCe5be8Vc6ZHAdAqNYJPFN3nUJMUjPDmCuHSw
3vKJf1pupP22ybFGpqU9DgLy18FQh5vU8awzkvq9tgJs
Eq2AZsF2FkazrB1Z8YfL29RhGHsT7sq3YmvcDUbLpWgV
Jt1e9UeWjNHx3juWHkNurkPfQQAC2W4cbX5cnEnk9f4
AskjrvyJNTjyr8zeAAeQ9M9b7991VYW7Y1eC1b3xLZtK
7JQpMBRSRsGk5knVgJFFNR6rHgCqYP1WjEoSVbzjcnFW
C8uMoPGFD6ixHQrQMtLhFUdqKMDB9QjwrF9Qo3yf1TQP
2heDLgM1meDo4hdeeH7hPLUPdEhUwyqP1YYzPLGPv1Q3
F99wRCzA8FdVvAVrkSUYKmAdYrauEGALfqTCZGiTftD2
4qm1X84A53smgWuz9TFBLwLw8Znf8CbdS3uAkxqb44qw
3QEjgM9PsrexyUViLEsTSQjg8af4beuM5oTb6KcP4z8N
GNcp1uJ5oUCXxpE1TQMW7A5zJyaxtLnLseF5yyVcVQyK
GsGhdwUXe6rRYgKMr9VZpUarbbKCU8uuvE7if2MJHQDG
6Pdx7eHKS1x6sSxHh56e5VhXuaegCxKMJ9zShzU8NRfs
BPSHPEWJTdfUBCP4oS9Uxo58FuZfDZ5iuckcf6UX5tWZ
AaKGZaB92Ufy1czU5GUGHumF1uBzLGeDRfc2aK76djRm
TyBsRy14NdXT2Quz5m23saSjmFeuA4u8yZQGPPQLnqC
8NcAeRyMDV5nQZ2mJDaRgPVn8xDvpsWbweM7bPEMp1py
LNC41uJQsAShPLomobgC1zhAsMJuk2iamVXxUmPuD2z
AQwqumM9YwBvLxQfB2QokZybmPVQfDyTuA94M3FrdDmU
BSeEXFPKwgrAV1uMhWvov8kRHYmzMs8o5Fcb3rTzhVAo
24FXmQpLUy9Q6qrRpT7ATR4XZg2YmfJ5cgYjPMyzt4HF
6cQBgruJbPMMCH31fAyEzG6c8BFghHVWAMkQsiEbmdi8
9dNUuc9BmyiNU7qbWQuzZzmwHXdGDcjFdCzpQSF6WnYT
6kkJmdbZzs3j7NLLcqdzvPf7sHk5Y8eKfT9rQmsCSU44
Hbr8KAJfFZT8NvemdJvHiPSXpHzwpDqdtYmWD7SNehLX
3mBq6QKa9SGLRdqRVrD1DzifS5z9W6PGMhJDLE4JJ5dN
4MgwJa5aN7N6q8ZDRmx8k4o7N6WGdND1fH48Zjp5LtHU
FSCFPkr6LvxXZnini3s4RN7DJAvwh6UBKF3Fc9SbRcHa
FMRw6BfDDi77QAYa8XopdodjAVAPd9XcaPLCBQ6zbcb8
5C1YXig1g6pLwSfMVHGqyzb8dD7suhdT5NwzdhTKCirF
6foVbbFBdJ3sgBD31YrtS51EXovLQstxqpV89UK21Ltq
FVB8ZdNJSY29VYVus1836nQumXkigBaJbYaShco1PeCi
FpgU8tCokTCAmmJonoE4BK4uwjEH3fXA1qgqYcuYUFkh
9L5AeRYiFjypBY8C7CqMqUE9aJN8Q77NALyvSE6x7ouM
4oRniZMVEPHv4vFiRdkNr5kZYSxiHrKqBGpsEReTvFjL
HrxGoMqmpMeEUxuF9vGyEzBMCBqRESCFe69oAbUsoRqN
48GvY9p5yfMANgSgzgFP2bE4i3aatvdJF2hJzHmHsimL
DpohbMT6diUtpadLsedoLZ1X4QiqVxJeRr8v1hPTxQwA
3aE8hZF4PxBrC8DAHhpCS5uXZ8k1U3fwZZgW4dk4Hft1
6N815rFFMjQowguydnkyTXgFVtTK4UsaRBoZBiawXXWD
8k5wy8Z2HsjgKERF5NwmKDTdgiocnx5ad2mmG4Npmuk9
Eg6Xf8x8FRPguJdtK4KANR43aq8H4mWnMJnsUWbTQwSp
DmKSdNVKuDmLhNb5BHbeyKnCNZY2NfgfVZfYiCSkYZXN
2S4EDdQ8oiTgUiitTsss7MzbQVtZ2E7KhvBveiehhCms
7qzUPHqrzZWSYNT6B6gZufQeG7iDXYmL3PKmVBUHFpLq
DPeYRJs8K8sgnZnhHLVdUKsx3k2WgJu6qmYW7JLwnoXx
5aFk1ZjtF7eaws3BEYoQ647ZxCWeccRmU5Bj954uMj1q
FifDGpdUnKznBJTLvipJzVAz54P5me4SQUFtD1XfaMhj
H8SFCVTLpQBSwTRLNmKhzWi68nAJSBTuYxBJBgTpjitu
F5PJc7TDBbNMwTDGG2omZRBTF7CSNtcSk7jFoCrYTvtw
6CmVUsPCLtKcWQEtU5mkFmjyAC6MmTMcS8tGWjk31F2J
ABwg83eTt4qJ7twKoGnU5K3RyvuvwDSFueNu8YVimocq
E9WZWFyTUwgZ4ZygAVUyynK7NsdPfi4PPGoMsGgRBqQS
2FFRjAGeC6wrUD9tXv8NgySwESnFueK4DZhtaCgYGNmS
2cKiRPYSZD9ADug1yUNbSjiZ3G3wqYuZ5vSNcV3FMdh3
GXgGZy4SeHNFhnFLXv2SnqvTxLvdxTps1PEn18NgfAvL
ACe8ih8zD8GBUNA1FLhd8zANnJWiUcyw98xd65YYmeeo
7qAAsEEetrjmpE4WoCCSwFGRCTAZxK2LVNFz6Lo6PZw5
CWmxi5GSpAWQKtVMdoh6YXwmrZPdZKodsfcxRucsAbXs
LYLpGiLfJPD2xpJFAmYQwRzzwNkbQxsmCMThnrwJjrk
13vuUHR8HFAvxCkBioJxtfs1AskvWKUYKjhB5LCtArB8
2EMUv3jYSNYkLef6tTcw51fnJvtvkjpwRzy3SQhbTm4w
CDKmQLdL6ypaXtTYE28VoGEQhXfeZTnX2YpuHKRJviMZ
BT5ho9jA9yoDAdaLhYSandxTpnxCNxyjxsDnU3eLW15T
8nHkcMj5F6JXpkbLXGSJxgCdx8pGbkXkJn4NcmGVvauV
BxDvRK6jmktZ9nF8KzCoKHvz8MYsBmPBDKF6yKZinzUo
69t47b8z7Dokx17EFfDAuyw2QjdbiF9zC865NWSG8U8M
9pV8LTUuUihN8PE7soKThFBF1owd69qDbzZm6k8sgMCs
3AbfJ3nvkq8a3ZGTxc7JrDY2eBwZfBAwdYkhz4S42Wao
7JuWSAb6oMBDF2nB1QTG2aEHUhCFpos8Ba87TtxyP9kH
37TMWHLthfBxtDbsTCx56V3aDoy75226JthoYPGGA2Fc
DByyLvpAFWCiRocv6K99W1wf9QwdiHnmVYZKoRQKaYoB
8gU9qGwEHNfHJHDQMh9CapPBC3TJh78q3bX5sX29sQQ2
5HETNhXaTNVkMsJUxfKmvJ8vExXdHASs3R9ZAPDo8roV
FJoSzm5zbqc7pTxo9yx1qgtC1GvWEFBUKK1E2xaq9HZF
v8nF6WRa9hMrWjf8U1DD6B7rsHK6nagCY2pJHtSkyJV
9dEaXWY45MwLq4NxPdtP8WP5Ur5UYsY4m923WjdBJpCi
EPCdgaYFPvHXpoPeX785Fx6UNG7CLZrVFjFfMFVThqwD
HQ9y64kWLhuuhzeB5Z3xKXsyC9eogT59ukWVA9ov3gb4
8BqKp2jy7wtzTvSikedHzYg5B1AyuDwv3VJC1B2w9CwZ
FAtqunVg5aTJf8Gd2hTifaqV7oGDzTwQg6TereZhWuUB
BFueUnXA8Qns5bTJTwF3e5aVd7GsBob2Mz2kvhEpKbSx
Ghia47qCsjgT58aqA5n7XCNYWsfJZHk3MBGgbwLb4GUG
2YmdCfRKJ6mDGyFkdeXeZUv8zfwB8TNeMzdt1zVwosbo
CJvSkrWPCeHv4KdeSrtVkR8nrpfAFAokEXt9JAVTkMy7
FutY4uf44ZaQZij6Euo3VZmaAUbztPiXQNixmbnpyiae
9WGDue477bXmgLd8vF1QF1xRcvxXxHbSpCQDVrLjGyCU
DURBGweeGiGGc3J11huRnwpWLjFWrRAaD2417nyx1YDC
GnGAjEkAaguQBkPBQaeG7uzHr1q58DYMubnewY4B4SJb
42hHQ19zAXiwGNaXqLTxGtaeGC6jYVjRYCd4qBEMwaVS
GXrdEhranYn4GpZ3uhFk9WzyABNPMSQxyieGkwpSU3CX
CkT7DFMTTviXap4D2PurK72cWzMUZaaiATLJz7B6EmrJ
HANvk8QNR3tHinhegN3ZT3maJLSSMK9LssjEo3PFcHKx
E9MdLCtSGn9DVn4Jb72t2Ke1ivSUNQTHKDiJ6aEujXj2
3SUagBgHGUwY1XZni1Fvj1UYooFHKA7GXZEAAvBf4M4G

