J63PQ61AFhZXeupw9j5GYY1aEuR3R6BnAbtfqqAX6DQw
vqk4rNkuaHbPHqCEf58R1na7QR7VFsZeYVqwxATJpRx
25jd52kMzaJRcHYCKxtz92cUSUrPD4tEqqGqw3pnQbji
Cyc13EoozWsKWeF9xbTwZWkYTeNcrB6VeyhYEpbe4dS4
6tEpiaQhfspgztWnko89KbY49oiedfdNaTNVueyTUaEN
kbtxDFxdfY4NxQ9kNAuXFJ2GuAZE95dCXQw7yeb9q11
BNR9v15ey3uWaeZsNYGX5rDvRus9S8UL16hSgduEArFN
51oET2dy4vCmZ1JMGYR9hbsvsLng1vcLD6z2AZp1uq1j
7uPi6DYjLyBRAMtuyk442gnq6pXMppuxSkj4AiP25MW1
9KJbbRm5qjnWBNZNv3Mhk2hEFqqDAYcCHuUPxnG7W64g
D19N9udTVk5VujnBcmki6DTQMnRJCcZYs6yB5w3zk9HS
rMjHEPkW7J1PF6Vu1ztdvRofKNWaP3yoSAXbkNdY6ML
781GzKc6aZPcheyEhmeziGWNgJBhePtVnsRsSCvrvWTC
G1ahFCQP6AQeFQ1mM1YHa8C2cVcggJkcvQk9nAQ98gbm
6vajj8TEomHLFUibKvTcEfmFiE9ZFmhFmLGtkCzqXgCR
Dwj4zWKVznRgnm9BDSgQhbqShQbCP3ifr9gao8ZjHTjd
2n5PbADyQXeCMztD5wnZjF3Nn2w8PmCmqSQ68TT6Q6KX
7zCpbNTM48YFDCokRBkahF6uZg5LU6MzgKfv8mvGviX6
6j2pQTj6ZBa9PVQXf6C7xUEijiok5yn5fyDvHDTsWE2E
4jvJMGgLqwP25CE9NH3HhkQWrCjG3K7Uxr27szxokJJk
HggcQzdpifSq9G83Z9KAYRbgtuT9QqQu2B14pnodrfMd
9s27sJtV8q2XnJRpN6nQ9vMF3AWG2MWSZDjBciHuSSaR
CgbJxcA4DS5Lr3SvsAntXDWh32CMYHDRcMqcjCeUV1im
HEoc8huquXaBz7y3UM3EkMVLzG83f1LhHRFe5UjNEr2N
8jM2e7C64cuhLd9Jc2UAQKUiCfgB6nP5LiugTzwoeb7A
Gg1dcDi3gUqt1DhwLKgUWRRdpjgwqVAzKDXiKkCpd2H
6ykYU3fWNQnoNunJKDLSVSZWCMPoajoE8EVNzKCYs9qT
EWC6ESChdBqExhp96XPMLXR65pXP6Ftuh1pPAVws4pmk
FE3YBXN4BN3acC1c1ZaqGwPfdhxfVHpePzYvWfGG9ot2
7LgReb5k1eUi6zarzMs3VWDJXD7231m4C2EsEstfdXCg
4MGLKGy7D2E45Me2AVXf8jYBWDRKFJx41WQWdf7bXpBH
Ci25WjrikU27LC2DwuAddmaH873GitAWp6dgNPUVax8U
3eucHmLaRJzL3d3rzYx94KvxcVhR4ESLo9R9hhb5Snbo
4aMSCsDVCE5mhGsBKdyj5tic4B3owYfBimLzvxP6VQ3i
4pUQS4Jo2dsfWzt3VgHXy3H6RYnEDd11oWPiaM2rdAPw
Cq4wKeNxdoPT6HaXpcrKd4PEvnNYQiSRkZaMELf4Up7Q
7G6NB4CzECUDH3mEU9J7XXJm7GLoVoDJ3d528ujRGWXW
6mesuhcDT3HnDdd18KWSLf2xapZnk8tmT8EePj6k16Qa
Bv4HytuReCvPRMofF9FoE2XRLB7SG1XsEsQqSU42SbuZ
6cxR31FgTSxgnnS2cdsjhpbzyzYhpdJVTrxdHmnM3uBw
GdJN3D6hc48vzsoU1wTYaxFpTG1nimyV477z7RQ7SgTB
5LsYixox5LC5iw1axsSMey1g9wyM9d3BK3MYTXu8pdsk
HtK7LKZgueEZGnHDAcpNU9wF7FwxHQXXz1PrfeQPtg4q
7KbmFStnBVAUB1NRKuNFdhzXtj3mfAT4jHLXoFvFFSaS
F29hrHPe2F8xsGAEZsN7gAMNAbGmmqe8SMBJvUE7L2T
6uPKr1K48dwfwckaQUN9B2BkGzsioxquUiMdREfRu8fM
HFqbempFrTudgpE7mZ2U7jsxfuJcgH9DMprLKLNdPs7B
72BrcuowjYSbgk2p8zYi6JGea2RcSnzE8nDbsxmo4yjC
CVv8iAZGsd2sHVsX1vo2iT72uBDNLsuGNjxSAxFNNSCX
7RvtX4WGag5Ggy4oMtj2ni3oc9amEPmscdHLGvGQdZsh
GPYFKNr2HEkzLVnGNT8Ym9K1hUVwPUM7uLQeYaz9Vuyg
9TSTbNVMXMAD3hYdoA7jRnKZCWKuKfkm27MKJsfL3JQn
7QycDRDkkHxLXjr7fvu2YnyAfbNc9MfaqA3NGQLWZ4s2
FQWCsy76vg6xnZ6jvSyJmRfqiyDzhUBFmceRR3Z8Be8V
2n5PbADyQXeCMztD5wnZjF3Nn2w8PmCmqSQ68TT6Q6KX
7Q8e5hYvbTFXsKxhYotJkn9bEfAnih7UFjpS5Tcrwve6
Goxdxssq5wh3uVEKgupfLZmzukLQVHn6nynD4dZ6p1uF
632mjEeCVFVYFNJSdxuXSA3K6qCjr4EwFr6Qf1VT9LxB
98Ua49smTudbsk6aJ3nXqbuoWaxzaEVLfgFF27xEYx8c
2n5PbADyQXeCMztD5wnZjF3Nn2w8PmCmqSQ68TT6Q6KX
BuMT8Af7pLWXvw6NjbRBggy28v9k52vntSZdgt28Lk8u
FMpyNybU9kdX17qsiprVSDJYPM4XmZMgVDx5dhhJeMio
AhfbVoZveSagHTo2scPJ8HdvPB3hdgtMTGddDAMq36nL
7Hbia1JMqiMKgbu24foguYCYXycaVTc3vkaSTsPUnUzV
6JP6yRoBPYWzhUwvDAq4yND6Aq2kUhPvn5ciLxkUiRzz
CCs1HvvBgmbtzbkJyeVSqucsj5YfxngFGDdToGaPdCYG
AgPhAsvcwPfT8bcAQxfyvymHdS9enkCzHDZP67ihS5YM
6vywFnn21vNQSxpFiEWgT6GA4M8kokqPXT5N7yoiJkxQ
9FBj4P9G8JQucQDGRgpUbQ3uzJ9PXQkKJQh6cZL5ENXm
22PcCdkYNqVVtLwCQ3BSi3YmZaghBCgYNeAvBcee29Tt
FSVxZGe2J6Kr92xdQYpP74dxd4uT5Yhbq6s7SPxJF31d
4eg3MW2HpGPaNk6dHj8RZ2dZhzYC4NxpRRaetFsePHa4
2HtcCr92gzqZEmnEYKrsC2d2euFz7djLYzqnbDSbhd82
9k7MozeW4FD4uH7PNjVugmwUuXAyQAjY3LQqMj8y6WRT
2PhHTtsY3Lc8bnmfq6QcnezpqcwdKYyvkvXVzjJ75Aw4
2RP82osoJ8QKLa67eAZELWkqCJbAK6iK42E4SLytpsd8
Gpe5fe5Rzrh4kTQn7g28S7f3xctjs9DzseXi33FTMYAh
EYYBDtvVVcmGnANqMrjkv3cTx1h7pNoGKQEDJViS8EmN
AfYExBciqT9EnkgRRWtEaGmV5gTbGdu1cFg4WLL5XSco
4hWSqCADSGsqSwtsrEYJzzVsf8PwW63cEZ9f8BavBLCt
yXYzVF3WnzkUVwwmejoNZkzJiQcn87Ms9avDqFQEuoU
xGTU6tMiDWqVa4mFa5vYKdtX9mRCWiQC3fKPhwVi3tF
4pUQS4Jo2dsfWzt3VgHXy3H6RYnEDd11oWPiaM2rdAPw
9rrTtcPunmFtuz9DfDXRPWYu39hJkNXHxzhHtyTzaTg1
HixKvMRNaapShj3v1J96jLMtZuo7wNwtGAi4c1Q5rJV3
FGaguGKxRSmeunS4HLQBVBo6FafJ4tnK3qJqA5qF8uvB
51oET2dy4vCmZ1JMGYR9hbsvsLng1vcLD6z2AZp1uq1j
64KWumt2uW67h7gyLfiKpSCDaZz2NvezFUmt3ccHipwP
6KwjyM6Yq9gMGHJL8wGirEBH6hCEaudAGZ5KDsXvKENm
CmKbwqVuv5C67PZYgsyW9W6bTUzBybsJm5kNqHp8M9fR
BgmFrfqTXf9huqzbn6ESBkgdQCYFFGePNYr84ZStRTKg
Bkhcixphpnwm6cco9NhJtDFChiyXZ4TbnuoiEgmdHrPh
7QTJt2wCPPgKguZkL91hMETJ5cWF5BMudBrVYyoq3pWN
513MUNeWkESCZJuwmzY9L4zPTu2M9ZWDTGvmCTEfcB3j
Auj1LeMAfMLY3qtNPkS6e6uWNfY8uRK2A8DeJ6c8oyAY
CWiXLx6juMmaq33BPXGJ1k2DPqzfDyCQWoAsUUe83CqP
DThVgcuc2FeyETgBnqXHPcfmKJ22SV1FmCU8uGW2QfUL
85YJrhh96ncuQ1jonqUyomPiTVZjGGJMUYz2ibng3yVD
FhigUHSpoFwV9A1F7esGKqYsjGs7m2dsHgWzhkpxcXh8
C9yn3WJMmDUVoDaR4phhTc7ewUc4kwhZN31XZJi6Q5vG
CmkBNXWVWjdUTiHScpwbAjSPu7XhYurssggXD3urigz1
CsGZDCNuQvCXo3GQw89TsD8nzwfFXBtGTyx6Q8c6KGt4
C6ziqrxZLkEpkA7hyrQ5fQAnLqfD9MnhT6P8nXafVW8i
4pUQS4Jo2dsfWzt3VgHXy3H6RYnEDd11oWPiaM2rdAPw
Cm8cYtgtfyULCzisqUnMg68aqqi12PGZScouQfJRfrG3
DFwfp6gHgRuAUsKeoyPYfkLjxgRLGXUHfFpLT4BjPmgz
HYpWUkEfCAd3RhybkPRhTXcCMu5vNMm8gge8rgrTwpSo
FujNCr5NkCmFmZ6yLSgTaUM7UsdoqqSqvhN51Ka2MXpF
73tF8uN3BwVzUzwETv59WNAafuEBct2zTgYbYXLggQiU
2Kt2edjA6oMUNsC8kLPH31XJP2vqQZmMPNu2qo6BzuCa
h8jdgvNk5vjEy7rKcMHaS84nyBWve7r2G3MZbouZsW3
5BJiM83DNAJ3XBdRT2APqqy26HS7Q12EUXHjA5De2Ftw
BzHu964qt7p6KW5Fx93E4VR2xYuTit3NMxAncrLc7gj4
3K4QeLVrbnd9Jc8hsZANQEnx48QpPZpLkXjhvYYioZE3
51oET2dy4vCmZ1JMGYR9hbsvsLng1vcLD6z2AZp1uq1j
3gpKVodfZ9wVbYnM3xhZKKF5ARVubP4SxWqdSvVVQGrn
9dvBAb9SBMDGm8KSDRckRwhbQGPoFTH2CiH1axy2fyBj
GnpVMfEE8ykKTpmzAy5d4SEbr8zryzqcxSyMttMeQmz7
8T9EzRSj3sXEJSGE7SWjUNzghu7x1KEFhbheDCNirnZZ
CukDLHKGdaDKkVkU8SJbjcCpiP5oWR9UDzPpAt4B3r12
87P1pept1gZd9VJV5UNDgYZQujYdzj3Xyf2GAJiVtSK
EvufwkwZqmMzueTyde8SVLAzmAqsLhq1k2wr8drtmvyG
6mc3wqonsqUq5BsTowNExWNRrE2AForwkzhGT9HYTsKP
9nF2vqusHupTTNgw3quL4f3jorvPdJ8VBPv3Uw1xt3Mv
361wkkKyV95vqiZiVHhkY3AgddBh9xn6gQHzLsp2XdFv
AXYki5nFuD9uoaQpGT6LaAAeBwaszU3rNFPmTNZNvUcf
5C4r5NE6VPqaPNTbEj79cDe5MQiF4DoYkKJFwwSmrFNo
Gu9pd8nXF8kKj4gvvzM7f8ds3pwMbvd2CWF7GiLf8mQi
D19N9udTVk5VujnBcmki6DTQMnRJCcZYs6yB5w3zk9HS
G2DBzgc4kCQYbKfWJjePsFKeDWBkgrPAthj5JRLy1LRm
6Xk8d5MFs3n2QcjUxmSPvq82pTtzTdmDkNpwHJQGHqJT
AB7asjBRmtyFkTYSnesKRLapkeceJTFt1MuSqxAf4gHy
2B5KNHScvQkfsc5RAaSqSxUn6mfJunN5MB9GbWp4tpy9
8XW5X7k4bU1fZzCVGPVnyVRv6iqwXqG284DnBpszAiuM
CKMDD7Xp4pBztCG5G2utc3kXvFqPJ17HMDPUwhLiHzhM
DWaAVXvNg9NcNUPLCwRbAhc8NVmFzSLPQCFuwkxgp9Tk
7KHx2Uc5qsqz652eXbu8Qtabi5KLxWJLgxFzcaBzP32i
7RvtX4WGag5Ggy4oMtj2ni3oc9amEPmscdHLGvGQdZsh
EfJ6QZPqLmrYgAtfMhv7Q8m9H3hG6uJfoaieMWSrh8ZU
4GSGks3QkdGe43mwTdfKHsPydWMwUtukmPuYDYvsmrmZ
6cxR31FgTSxgnnS2cdsjhpbzyzYhpdJVTrxdHmnM3uBw
4CVLbLUcNUdoXkb7GhEJmoPgiiv7G6fistNWu4Rx6T9L
H4QTXkNfqXJ9CqKhqxzJa8Gqu1Lx8XcX6q8iHxN3antT
CZbmLXFpJGzNabQQdsHQ3KWMkA44BFGrdVvvSxWA5RwQ
5cShNqx2E54RJK49myPhE757RJAEgnGKcbRqPVW4nwjC
DfgEdaTxFkmr1akHoyYDwYqc3yDCUKR1b8fmHM6fgBed
6zSrwvBd91CCiazm27b9foWTtjJbunX2rwoacfKPXfjg
AcpKUoSDNJYwFRqy9U4NDaUpwGUz7UzhT7vWuwgf2z9a
5updUQS1RxJZyPFRyJMmVq7vYZnNZTnPUUftoorgyrZc
AgPhAsvcwPfT8bcAQxfyvymHdS9enkCzHDZP67ihS5YM
CKpNMrMmbDgiqN9rvE4ZqBSKmDbCHAcBvUvNvx3uUwjj
EkHsWj67nEwZKZk8RQsVqn4t9vv5VgLyArLnSo4cvVCG
5g9P9YJNPxRMTZtWTPyRkUmdvaVae4MVjhr1ZHmHYbRH
8nqPJw8HELJhME6WVhXFt7oc5GcQGGPqU16QP7WrRUe2
FaJyyFuhWWngjU31Px8z1h1hnowj3hXCDnvFXuLfVtGU
826JEBT7a8nr2VbQK4W4P7dmNfL2BmPydiUZBXEHBywi
JUskoxS2PTiaBpxfGaAPgf3cUNhdeYFGMKdL6mZKKfR
74nQsQFEVm7N5u8xnxCNpmYNrmcBKMS41LzB9bCXJZo3
71D94FvV7Htcx5NAoXxojCbacd3vquGr8eSU4Sqr3sux
9iETka97dyjbwHwyWn2uHcNmHyMQjnD9opQGveCjizgb
BtB9qnim5zvvcAQCMnVeWWZiSX9a5tLPo5hKLi9ta4UU
daVrL4UCcY8r9H36wsDCSeZDvL8ui8nfZF5fnkFH5Pd
3o6coaQjHYV76GMK9isEsRwBNjPk9iajACnTAjtrJwjN
8mPwx95nG9WJf9KnoiGqWhGCnksHxyv2ReqKzDZx9eSP
5Ypgs4Pn8ZM3FVEFAPQBSTyWrX7NVyeJ3jTBcT815qCF
7gZnusx9yjnAcDeXCnMrvCHHcKnnfR2jmHWvpNBMZA6r
4pUQS4Jo2dsfWzt3VgHXy3H6RYnEDd11oWPiaM2rdAPw
8NQSZ5wpdET6dzAao2Vg13BsiF4QLAFKPSntKAaggbLr
JBfZHEQDki4swmCiH4ZcgfntBF429hKKA85bnX2UDnRo
8eeWesjTSLG6Hdy6GV8bwjrBCEnwY15LWTkyHtGtsUB3
2hPMGdNvkULD9n8Zo27vQhwUT8caiN36eU6pu2hGj3zK
4pUQS4Jo2dsfWzt3VgHXy3H6RYnEDd11oWPiaM2rdAPw
2VrxMjyjL3r8ia45foEwAhSbkjNHZLwtaaHwxbELa4nH
8XzkwRGhiebBx7bwN5aYRwe6TMMDzqYytjYB4DWxdHRW
Evt92DJQS2a7UNRJp75J6dFB2WkiZ2nPHHsLMXrDs8jr
C5aCp8fuivRoWHeozP3PNzPbPtKfqLFiCYwawWdi3Qtv
2Kt2edjA6oMUNsC8kLPH31XJP2vqQZmMPNu2qo6BzuCa
C3RbLSA56jJCipiSaA2MPmZX2TVSUcBFG6o29Pis5MNV
5CNGisW6JCYKC22fjCxc7CHkdk4ekKt6KfJqo8ZxDTfi
DJNqLSq1G5CiY5w4kWoj9pVVUXXgHoa2Uw7Ja2jBMXFg
FqpC4nnEZ2SRWvoDyBEzjrzicCekKV2wZWC5uGhfuhYk
3ooTnU4quRNztapYE5vVojHZSFqPeH2xnWC6mbbtAUSE
B6LEtFV9JJUU4iM21kNuHqPxFqw6vboxJEE3sDVRanDb
BxZat45nB7rJZxf4MzARjCYNu2NUUkFDHf51rFhtqYUj
5rb8oUCxHGHq7RiiJdfKF6YuRSMs23cDf6k7veo86n6i
BEtdCa3yus41qyVT9kDh4UfgWo2xtbaxpgYh49s7J5w7
2KcCvxiKiWTu9XXLMSRnNqCgvZaLfYLx4aiecPJHqjrb
GV7GNqxM2YGRmmEp9pjXzc65vGkJhkndbjXj6HVG4mLw
5vEyraHzZCP5yM5SMv4r1n8MGsSQeP5Mh1o6TXoWAvfk
BzHu964qt7p6KW5Fx93E4VR2xYuTit3NMxAncrLc7gj4
DKahFmS8QKj4hhMpcXnZkTcydFJBTJncaSjVtAhYqAj5
CyJeFnjtSnVL7E8ATZYYoedHeDWhT3J4odR8fM1hWr5M
HQdfvZQtRTmyQKftw89qdGkN7qq33JJPdMDK4eiyr57a
3XedJQbHQtRjYenK41xK72BWpmn622Mpka9EzEVCmKmA
7V3P5Q7sb3cAe8Co6dutS8ZnjDTbrZDVvx5KEc173P7v
T9Nbrv9ti3SXWcJvY2G19nTm1a4ebwoKtDDsfcpYMLm
9KJbbRm5qjnWBNZNv3Mhk2hEFqqDAYcCHuUPxnG7W64g
AbgicEN3npoAGUvZCJWpkLkniVxnEdcsFnTHCcmhfUKF
Fzo37iUDzeZES24cL1rRuCyP7V9xxseYbgFSqk4FotPX
6yF6NdzDRZ7ZoULP65Y5Grhefo1qpD447ZeQfMbbpEia
5C9tu7uVVvPj7ji9K8hDSNsYSpc5cLgbP3W1QxfW9n6U
F6byddtQdcnmV1VRUyapG4eVEJc74gi5HNZmgKRVZ3jB
CJf8xXpjjrADii5HaMcrmHpB9dENMLXJWUtxxfZCNM3M
2UXPd2WtjS9FzskPx59gVce2r6G3gfSPP5w4RjbSEfwV
E3v3UYxcXAG1uEFXPkUVvE6tvzeT1dqWhwbPzefexLSu
3cThpUeMfAAA1g7gS9UcHmexgkEEdpEfP1Y4eej3AiYB
EEUHeJFM6mUeN44v3kpepHXXBcGY8xV38TjTNxHEt76U
HyS9M9bTt57CkBMAoLcFBvv2WPUDrPehVu9UsSbDdVAv
3pC2UUu4yGzxUT5SfM8AqmRviFFhVso3Gew24yB5gAUr
9FBj4P9G8JQucQDGRgpUbQ3uzJ9PXQkKJQh6cZL5ENXm
51oET2dy4vCmZ1JMGYR9hbsvsLng1vcLD6z2AZp1uq1j
74ecjMfRg6EUV2t973oU1VeueQ2JTXLhXhZcPXFVtYM4
Durudj1APnh3ZxE34DeiNDJmjyg5PQd48pN1qNxPcrBa
8zfdGUKpemtzs2Ypb8reoN3A43o1ZkbwFCBNzpUeFeUo
FYWNC3URfZVB4q2n51FCV5WuR6xGuzxdhj8q31MqKH9h
AgPhAsvcwPfT8bcAQxfyvymHdS9enkCzHDZP67ihS5YM
qSbfqvHkYyxKmhNit2DFT1pveKQAhZDPeAud2KDFRVK
CqGDBUWhmUZvfq3u3Umhghk6YGVSMvHNvG3bEpy257Hi
AsRzkcSsQCum6Z6AA6onHkXYMKXZa7Ccb8AVSUdSYHv2
EXP4u9nrkF47uGs1ryEzNs6SbNsyriwcQ9a8dKNzzmBi
7P4Bb1pCMuYNveYhg2j445cmTRCEGp2eAAtBQUv7Jz89
MvogSQTXToXV7MS8hDbvfWGoELDtR5Z75SGMUNiUddN
uV9mkFJUV7YfzxgRseibb877D3YhrVQsg5FL5EqDzsj
51oET2dy4vCmZ1JMGYR9hbsvsLng1vcLD6z2AZp1uq1j
8mfSvKNsNfV1XFkZVJV7YV3igWdCJuJefV8GimBKvZsn
74MCLCGZ6HKYja3Uca8UQN5C3bw6NeyNXF6xRqaWkaFz
Dg5gU6sFvZ59u37T4UhaxQBYeACu5uNz4UfdM1LJFGrg
EczHAfEajWAwvFQ6t8ns9rqxCr5XQMqqfbZxBBJBZByh
HPHeCpjjXRNR9VfuU387Sc52oWLbr9v4x913N2Wqm8DF
GkgRjJ8cCkMzEu6XhL9koTa86sPuTh7neqeoEK1e7VKC
5Yo8cBkSqLa2V67cRoQoFC9FCLvqNZMyaGttyopon4e9
six9qRG8Rve5CSGkc4StmyaXJt3FPknyQLhbQRMpDF2
C6ziqrxZLkEpkA7hyrQ5fQAnLqfD9MnhT6P8nXafVW8i
9nF2vqusHupTTNgw3quL4f3jorvPdJ8VBPv3Uw1xt3Mv
GCN2T4QLr86SRkgGsKAAGLh4DPDgQzCMCAJG57guMijX
2n5PbADyQXeCMztD5wnZjF3Nn2w8PmCmqSQ68TT6Q6KX
E9y7NMvKdis41LkG5popFzKrCdxmZt19TXdEot6ZAtbp
781GzKc6aZPcheyEhmeziGWNgJBhePtVnsRsSCvrvWTC
H4i1cV7YkdQ8DBxfpwVyYxQckqFufy718KugyLE7owLq
CfLt5YAXgYjwnbguVZZXFMShycUbPEcQBmkTnfLPYt2j
CmKbwqVuv5C67PZYgsyW9W6bTUzBybsJm5kNqHp8M9fR
FDJT2n4m69HcXXcFZ8ZVa1AMNpsQCq5QjUJDw49Bx4Ch
E5aGCgnhBDQ9aoPZkAMxgMR1FkruzxtBFeEyM4EJwKD4
o2Aug6JB1RDFk7yYsf8QCjpWo2WzgwFkM115gtSJU8r
ThTyeBebJ3xW8JyKvKdutZC3vjBehwxEqRVwb57FbwG
51oET2dy4vCmZ1JMGYR9hbsvsLng1vcLD6z2AZp1uq1j
45nb485LKf1pEhsTab34JnbBb3wXnAAP3xh98xdzP8Zc
8FZXFPydU2KxnzcfMcdYnEmmH7EMJ9nTbwreTeRfAmAh
GPVSAZqnyKtud3pxMLy5XgcFyQhBWomGqJjPHZsDkPXC
9oJ1X5p7MR4kgYpG6vRK67CXXDe5AgVDuBi78aHWhCJk
GWqPacdCUUUEPT9EutHEUauKNizh6tAxqyv7Nx7s2BqD
DWaAVXvNg9NcNUPLCwRbAhc8NVmFzSLPQCFuwkxgp9Tk
AXXRH6NVXjUNxi6GvVWV4Pp6q7k9xkqeqHhRx8sW41TX
4kkegnvTnUUybz8ocN5QBAN8gH6j1JYtyfw5YUFwfEne
4QkDisTGa7vQJe2QGmRU9gw1JmFcHgnXmr9wot9obyXh
8Hj4C4Row7TkhXyG53NaofbaJW6xYmZCpKPzYLdNGJ5P
QRCWEDTw74njYSvX1PszpM77BC5s6RFBgnyG3qYFNu1
EZsxgTx6JXqZS34sDynrFkKD1Q64Eve7AW8FjawFfovV
3Kx42dgP4mnr8Lnw58rdccNfMXCP3au91WTCJt2GX3VX
H1hW7CgqDL8bgRgBRbubKJgoqDn3hQLXpSsUtXtMdxoH
8AP3sZ8uF1vbzvhXNf5T17uc39Ni6icAgzvrHgvcRKNA
BSAeGLg4un54bz7Jswf6tDL9jv8o6HmyFQhdN8qum6VK
8WYRXiQXQSoAMw8A25HuTiTmkg2Ax5YTaBxmHZk6s5LY
7KHx2Uc5qsqz652eXbu8Qtabi5KLxWJLgxFzcaBzP32i
8kX16Yj2WBCz1sPXcimafGrutQkw3s3Swe9sR3gt3cC2
5sQ7hzMpqscY1JYkzHdf9kPwY1xGPoJ88kLoVqb6V9ss
5HDhhbMmHkKNvdzdXk22quvpeChJPBQRedPUcH6Hv1tV
2vhNMJt9fhQs7f9YQubaS1MpCuUdx9o8zTwqxzkfcLof
51oET2dy4vCmZ1JMGYR9hbsvsLng1vcLD6z2AZp1uq1j
bae93fAqQRbzRBwLnC5ZeDt3j5uX23nD62B3pwvpgXB
3TfeWajoRx5QAVPJZewyc4fV7XA5KZWJfg8zgCfATQ31
6ykYU3fWNQnoNunJKDLSVSZWCMPoajoE8EVNzKCYs9qT
GWoFiTkmgkdUxvRNZ8kMGVxUctDabMNYZ4ztFnQokBrH
GmvTC6Y7BxNGRr4hKv7uer2CRgvuKWkSnmXZJNeMJpnh
51oET2dy4vCmZ1JMGYR9hbsvsLng1vcLD6z2AZp1uq1j
Diqr3X6FGBjqk6sSqaEey5XMqzHrxwNBJJXUbuqJd83D
6dQtn8gpR2jxGCMBYpMmMjoKqxw4kuUssxXR33KdEEuh
MoY2HxJdjHgFjtsV7L9qzdyv3P3MeJfLmC2UktD7s1g
7ZpuSrxBsMVQ8z4GPdTvzsVvaT1qEw5yhRgh8fHKdDqP
4LBUPX7zfGzqdho666K4ueu9kipXkQFoCpNCYmQwdVmi
CBs38GrLkRKrf6ciZkBbD14BmW43nLB5Hj4BX7UkNhLF
EAdQAdc25Cbyyo6pEjPc3v8tJyTnBNsF9VJJd49RvzoS
BgzrMG1JjLGKH6aVgjqeK9myAEjDstMEPBE6MKHoy5hA
FgKev1SSzvmVNPwg8QMTPLFqXaKthfejPw9sajPKuA1M
APRd9bPmazChYTJgCUUZtSC8APJYS1wyjpyTK2GTUKK4
CNgwgXRXh6bkXkeErtJytGCx3esf5jtFvfEkR7USvDjs
Ahm38C7y2TfsoqnTAmRhFHgZnsgNjUBmtMAWw6V537i9
6KwjyM6Yq9gMGHJL8wGirEBH6hCEaudAGZ5KDsXvKENm
AuyReLxkUPqLADt5BWTSw5MaraNbiCpc3T52EF76AWc9
DK5Hij3HpKGJsRUNaxspC2u6LdncqoUwHsUSe6TFb9X8
AsxYivuyVu6znDgnwenpLSLvkZDua4mGKxTvM2JgoeDU
51oET2dy4vCmZ1JMGYR9hbsvsLng1vcLD6z2AZp1uq1j
J93Difd8Nya2C8ii3kjnbPyZEVKPTGu1KXaxe5wRghHd
2mSEEsrV1sQ82J1PztWQJ66GJzy5NeSDuFBozNeBqAqp
C9u28tV9EcKf6iqCxcQvh8M4fnxtWU27vmS3gVwwVKSm
Gpe5fe5Rzrh4kTQn7g28S7f3xctjs9DzseXi33FTMYAh
Cm8cYtgtfyULCzisqUnMg68aqqi12PGZScouQfJRfrG3
SDKSoFaazRpPZumPvnKCweaPmJnsf51wwS5956KEJWJ
AM8skwLjuqW3dXxXZngWzz8nabVKvcean29HoZSB7uoU
3uExCZNA4XcoLzfvjPPK53VpgXqKuWUBR3dmjR2c51TR
GNisgcTZZ2WS5PFAEkVUbFso3wNe22cjhmZiEjGcqeHD
Bcpg8YVzqUNPHxeaqrBDdm8Q1euWN2DaQRmU6Y6pWosC
AgPhAsvcwPfT8bcAQxfyvymHdS9enkCzHDZP67ihS5YM
51oET2dy4vCmZ1JMGYR9hbsvsLng1vcLD6z2AZp1uq1j
7VD6TVNCwj7BsfG4mcy3xVSCBNRVhBBQn4NtxC9mKp7z
8zfdGUKpemtzs2Ypb8reoN3A43o1ZkbwFCBNzpUeFeUo
EKjWiFtfRhyguYKahovGivMPuPbAFS51Mvkowf4HvRjL
91briqxf1kWBeVfqGvcytwm2omo6CEDCpeSF6NwFx2w8
DbqiZ6wRAA7vU6k1dPFN5P6RWymSu6FRpaiyxEYUMPtw
XGFZk186maEp6FtE2YMHNXiY2c9kTkUu88ofnnBm94j
5zYWovYn9kdMX9wHovwxMFJCCzwwykBY4pp4eEhCAt6v
Fni7b9HLdAL1fPNHLYzQxAyZYN1y7MVKmjxhn8QnyMWH
5nH4SNp9Hhigqmjd8spT6UyLKN8okssmWJ48uCGfWf3J
8pvjuHGYakaPWkpvMkjDGtWQW36u3z3N5dtxXacoW32c
BmRqW9GjkdKGREo4WuUrYKRgoEBgV6Zoz9KqxMnE3Z3L
5mc5nNjdNYEFzeRDC5GNXfbP7G2qtViUL8hYpF28kRdQ
633psGo7a98EEf5W7uRms1SoZKsEDbkfkQmpywgc66dB
8iFRxf3KinD85BWb5JJEXAJdVSrFQqo8xoxbA93LtG26
iGFRQn6wJMZriui6hJi2cHqQnNaxpo2yNLxVz1TVyD8
8XzkwRGhiebBx7bwN5aYRwe6TMMDzqYytjYB4DWxdHRW
Bz5mSTDS3k93ngSNWCB3g236noMm5p6BqA7JZo6Au1wi
4jKoSunJWtboEnLYTR3CqhqpM6GBBvCJDADtKk9ehVYY
6zbHJGNdqq7PawynSgxW6csjVHAN9nm51uLNMZqpxZts
73tF8uN3BwVzUzwETv59WNAafuEBct2zTgYbYXLggQiU
8kX16Yj2WBCz1sPXcimafGrutQkw3s3Swe9sR3gt3cC2
9AEwm9w9QbeLiZmy5qDCVZXvatKLokHhLPRsrHogcyap
J93VpEgm4Qfzv9H71zd3RsWxdTjin2hNZVYDo9r1Wgtc
89obRtCkiqcTkPhfrhxWzrBCdVzWiz9kgAHpPfEA6sma
7KUkZSx2w7AJumXdGhf9ztsqfmVen5QWb9RJYa6HnzmC
EFfb1YV4cHgChUfVizi8Fi1eDmXpezPE45MqcYTUhta3
4pUQS4Jo2dsfWzt3VgHXy3H6RYnEDd11oWPiaM2rdAPw
8kX16Yj2WBCz1sPXcimafGrutQkw3s3Swe9sR3gt3cC2
MvogSQTXToXV7MS8hDbvfWGoELDtR5Z75SGMUNiUddN
