9v9D9kvePLBANY4Zx2PUzn75dHuQMMMcs7mZLYy3gMaF
8c9pkziXLoSChUt6L9af3shVpeTQa5dMKuZuHAYuQmDN
BUdpRNTSxyZZXtecMuBU7eB2x7RrwHZDPzGGUwiZwZUo
6hK4TePe6J2MAMeb9AWcFwi3XCMwpp67BXaxuxFmNKR9
7TzR9o5VUzuFwbsbRf8QA4SdBVNGnUSzz9ZXEhE6bYFd
FhUn3tXFN5JrPvkULt2xB6KR45ar4ok86RScN18C8PeU
AwUe4aJHHJKWhz8qgBQ538t6Tm5Ay1oRoyzkrT2izA8f
55YfFvwjg3A86gqMZ2vAie5eJYjbA9Xg2vqprnh4gYwg
J7EmdNW1pPQrcmTUqHpWJDRmDw59tY6uwy8JksTqF1xE
AgPhAsvcwPfT8bcAQxfyvymHdS9enkCzHDZP67ihS5YM
EczHAfEajWAwvFQ6t8ns9rqxCr5XQMqqfbZxBBJBZByh
BAFEj2qENtVH2nHDkhy5ZrjfWbuZrM4P1Yyb3He1TRMu
AEUto3eFWHLAmmVRq3Vo2fmHXwte525jQGG6D7pN4RRd
AEUto3eFWHLAmmVRq3Vo2fmHXwte525jQGG6D7pN4RRd
8ber8SR1de7Ai4R7399qsCoinK5kBYk5jWQpP4LqAxMi
7QycDRDkkHxLXjr7fvu2YnyAfbNc9MfaqA3NGQLWZ4s2
9TSTbNVMXMAD3hYdoA7jRnKZCWKuKfkm27MKJsfL3JQn
AfYExBciqT9EnkgRRWtEaGmV5gTbGdu1cFg4WLL5XSco
8MSWUbuqRayDcqiuPeba3MA5z7nkuaAgCocr35AzivsS
2RP82osoJ8QKLa67eAZELWkqCJbAK6iK42E4SLytpsd8
BnsHMiaLQberG48nKUsR5qdV52rWrB9jV8DJ4sQzGcDY
7tMyU22ViPrhY14fy31bSmTsQK6rwc9q3Zbq2u5RkZis
BA7N78zwguVEsumBr2DBvCY3B28xj6RY7NkTwRVWvcun
8A3KSxmVE1rx82odQDeLqg7S3HN9asrAT7c1uBWW5Jbz
8eeWesjTSLG6Hdy6GV8bwjrBCEnwY15LWTkyHtGtsUB3
bae93fAqQRbzRBwLnC5ZeDt3j5uX23nD62B3pwvpgXB
AdFtVFGzJ6nc8FyUhP33o3BrMcyYJEPVMjx2TYQdAM5B
5EhvzizkQZW3ADDc59jyVqHdEKgb3u1AiAuCFJLwvYdj
4tR3CkyDUzQUy1YPvbL8niQEjxwYaDNbh4X62fWXeBfJ
7cAbdGjiZzGeumnoGG4JYq8a4XWbrEi67MYddJ1GpZkp
2n5PbADyQXeCMztD5wnZjF3Nn2w8PmCmqSQ68TT6Q6KX
46vseaqFEhLRDBohE3k8KLV7eUEE8CDc7zv1wCbrfr3W
EzLTcE3HGy5QaXS8vnHFprW5SjpASDk1nkva7qFQS5E5
6fpE5MTyW4Kx1E9pLPPoX4KA29CpuQwsS21vmPvALUvg
47ZJRamq2rvTVxcFQFs2499ixJcmSXCKgb5FRnifYNsK
7KbmFStnBVAUB1NRKuNFdhzXtj3mfAT4jHLXoFvFFSaS
7KjmqP2NDM8Cne2uPrVfhA7grQH86QE68Ux4gfPhj37x
3cThpUeMfAAA1g7gS9UcHmexgkEEdpEfP1Y4eej3AiYB
3FSzgiKRz7gvVR1CWx5d6vco4gnPKvY1RefkWGEJvUPq
EX3AUEpMNtRg4SCzYisNSjSsxTaugHA1dGAXcCd7ywHt
6asMmzbUNCKP23xQNBuVwH1kmCN57Jip1pBRvToo19dK
4yLMN5BJYWSHiMGe71xKbSTRS7YNTjiNa2rRRic5jKM3
FgitU8ifEGWMo9xuerEpaFNAA2TfcKyTnoS4C4Y3ePsa
4C6sbbZdJoEZuk1uQpAJmTNqVccQWLuVCsfttigTajpw
13tCJSG5dv6JrC26eQvKAHBThhfMfTawY4whVuoDNJJX
HkeaBPBkXnodhLGr3A7M8ZSYNV7nfyJs5YBixvL7raHY
9jdLQ1QyC43uHFhZVB7cYLyH8EdKyF9dbXurbmXGUXJU
FxDsKXCVStxQZt7e9VikzLA3XGhxxPAhC5aGS3oermpB
9Pmvq7nXxCiHfosWBK8Hp4R6Un6jXZuaucj26NaC2bcp
DpcyLbVEHYzLQYTKwK2uUHqYSUFA38e1R5hH6Ujoo3c9
8XGaSpNJD2cq7dCZ3sUC5swg5TrHQ6LMEoGixkCN47rG
3HTqqbbBkfbPRVTZmcNkEMDGRivSHEpxa1TeidERgPmQ
B15XLZANDxwnsBJmnieUnkrDNQ2SRHgdVbnCUxUrkbBN
4Y9UfgZiu23XojLHraqqV4a68aSpBrqXFu32DJfboNBA
BequXA9xuDfuVdy8WF9xijXfptFuwnfRhoKc8ndSjDDZ
72kUGHJ25xkiWpEG5ecLvYqop8qN5ZHutjbvD5TqdNFe
DbqiZ6wRAA7vU6k1dPFN5P6RWymSu6FRpaiyxEYUMPtw
7RvtX4WGag5Ggy4oMtj2ni3oc9amEPmscdHLGvGQdZsh
86DPGpA2H9gmwXaRzdcjGK9qBZxeTi6xYQF3u886W7HP
8qcfpqeGGiTd5rW4hV2WoXR9abBqdHDGDscANgcT65zr
7XJxLmcJgwu29Xr1A8LPc9WscCKREXn62cjuPuCLMbrR
ET6Fq786KEM3xjMZFqNgL27SqcooZm7eJufo7u3qdMRv
Hew6XJcEjQAx2Pi4GWogr68dmbST24g9xtumKBqvhkdL
43jGWPVWoCPbdCERUoMJe9EWC36P6ntz2vEyLKn8ZdnS
6vHax1nPo6LWDTb9ZcnbqEM7u2XRcPjDJ9CEYiShJLWU
DwNW81RNPW7FCSC9HjiFt9XnXPRVDdvE6BLSV6nZwwtV
2tZWeJtF5VhCCr4SEb1Y2dJUy4xkKtNxs85JJzz3BESK
GQvVxDnibSXUbeE6gvK33WFhtXB1tue8MXkxM7WmTAK5
9V4i8VdxEHgjQFEKdXT3N4nFKRtNtkKCzd17SjxVWLSo
wcL3Zb7ATfhUBv91LfXRtYHEVgUBFq7tYyZXJuS4JMv
4MYxCzrMbXFaRAJSUHS4TBcVpEcCshbdvjFnR87oZCre
8Hj4C4Row7TkhXyG53NaofbaJW6xYmZCpKPzYLdNGJ5P
2injL5XBEXw5A8ape9hHuqZ1xaWq3Wg1wL3ZKeKaJgcr
HDLKGPRVqamrEiHNn2Scdqbi9XtQ3GcMevfnbd66mFPK
AfYExBciqT9EnkgRRWtEaGmV5gTbGdu1cFg4WLL5XSco
2x4bYCr864KM576uoXnoVVRGviA3SxgX9oA3QwcnXPVS
4ks8jvtHN8JoWJME2KrPRi54XzDbKeiKXmb3Qy19naip
8kX16Yj2WBCz1sPXcimafGrutQkw3s3Swe9sR3gt3cC2
FHoe16tCF1QuyVKJkPeHiDbB5DNZHpgYewb2w1Ha81NY
961Wz2gAzstN9CQjgoe22Htq41zJsYbn8T2pAJqUVo4G
7EtUMtEpedsvMHBAhLgwxxgcPJZB94T2cwHxaemWmy3S
5bLozdt36jRhXhLNTjf9zGy2q816ECWpZg5S1shaLqVK
8kX16Yj2WBCz1sPXcimafGrutQkw3s3Swe9sR3gt3cC2
3xU7PbtKGgXjCTbAuGsaU8zSro15vGQLmDBc4fJ1E19z
BUdpRNTSxyZZXtecMuBU7eB2x7RrwHZDPzGGUwiZwZUo
75MdmQXkMnJgn974AMpyLfdyP2AnkYnVxEsykjKk8mXH
CfLt5YAXgYjwnbguVZZXFMShycUbPEcQBmkTnfLPYt2j
E9z5h7jjzEpDZPEkSg1L8MnU8UXa9AgGfTbE9zAQiz49
2n5PbADyQXeCMztD5wnZjF3Nn2w8PmCmqSQ68TT6Q6KX
FqpC4nnEZ2SRWvoDyBEzjrzicCekKV2wZWC5uGhfuhYk
Cfh8zzLqs9o8naPDQttdR43Wp4n1v1dRdN6L6KJSaqxe
HExH1uQGJ9z6gH61JhXeZyFwS2vcUyByPK1ttVFDD87P
3zn3fqbT7pajfoLp26cNBkbmvQisBcLUYHLV5FssEpLa
3m1JE6nMWGDzCQLMxiVNVa2H8F3CmDVgHJW13FQSUkfZ
APyRC1YdA9HQxXnGkLr59ZERPXxVW1s1fG42UkPHF7Zh
6d5tBL8nxsCBFrUwEkEmUp88njDLFUB7RDQ2u9UugGvU
98Ua49smTudbsk6aJ3nXqbuoWaxzaEVLfgFF27xEYx8c
AyCkeo4nPGqVmEagSspU7oN5Dmq2Lnj4kGBa9Q9nKVpX
7HVLeXsaSPF9dRUDKWaSRs11zmdiGqAkM2Mf5duXCxs2
FaCHBb7R7mEp5oQZcFuAPxtNb17kwMCUrVJ5zLKrktay
AE3SPA3rjyzxQF7nZTdnev1Uy7rqJxZLqXQLzCkti3qE
DWaAVXvNg9NcNUPLCwRbAhc8NVmFzSLPQCFuwkxgp9Tk
4pUQS4Jo2dsfWzt3VgHXy3H6RYnEDd11oWPiaM2rdAPw
7KbmFStnBVAUB1NRKuNFdhzXtj3mfAT4jHLXoFvFFSaS
B6vnUveAL1t6uVSuHMXYfnJ2jksTVk5dMmQe4UQ5bop1
8gChtKNEiUGRjKzmPBiBjeYKzeukEsxY9H8SrBTdRtYH
AgPhAsvcwPfT8bcAQxfyvymHdS9enkCzHDZP67ihS5YM
7QTJt2wCPPgKguZkL91hMETJ5cWF5BMudBrVYyoq3pWN
3MsmkPefAd1zbtJtsrrR61pFLmXYGxr3d2BK8wt6QYzK
AgPhAsvcwPfT8bcAQxfyvymHdS9enkCzHDZP67ihS5YM
8DmRR216akpGM4i748vQxbHVL3mqAYBWLGs7G49CJoFC
FJ5hcKnacavLz9geNZDRyDXdUvZHJBVnn5RLLy3sRtra
C9u28tV9EcKf6iqCxcQvh8M4fnxtWU27vmS3gVwwVKSm
9nF2vqusHupTTNgw3quL4f3jorvPdJ8VBPv3Uw1xt3Mv
57jCPDqnYFYCH6QLK9wxRGCocZTdT8gtDNmurLGPYNTn
7QTJt2wCPPgKguZkL91hMETJ5cWF5BMudBrVYyoq3pWN
CDKD1jHxaxqmGE2jHBJ4tcnMZBNSomQhgPX2NHycxpEp
J89HXU8BEveEE6vz7xfK5scknkXjmvUZDYZmsEZbeEvE
FJ5hcKnacavLz9geNZDRyDXdUvZHJBVnn5RLLy3sRtra
crpQUfqtr42Y1W5LgZjvjVnEo2nsmXhSuZ1EyomFCDj
GyGgjGQXKDUZ2BWRFGdergYgewnh1aTXsZmKTW2fMyuk
26oJPXUNGwx25Y4r8bDwjMT65MHsfviToG7M6zksbDic
Fzo37iUDzeZES24cL1rRuCyP7V9xxseYbgFSqk4FotPX
GkgRjJ8cCkMzEu6XhL9koTa86sPuTh7neqeoEK1e7VKC
7b9dseNu86g5znmNutVewevk33RYJ2FJ9UkmKycSd4qt
BAg5SNJK6qmyzoNCDrqMHFxna7Cj4yXAPMR2AQNvYMY8
FRpBi5GZazQQGPni9TCb25GhfK47hWZqk2JFT8Zb2CAp
CKBRPDZHbepkq2Fd9yuaeA2aCWzhuY8BWLMEc2q8gipi
ECrKYoEUCm9WDQHGWbdRgGPeRWVCZcNWEjMu64LT3CSe
HcaR2tpC16emF6MPzBzYbQRsGutmXRDnJChin2Srnyqg
83AkTirY5sHNhidk3Tofm2r2KjhQ3xckUeF5W94VrdCS
FdvMXoYeqtGkGHhQyztVFQMTRAP3oiQkLjVSFe17RWa
5mBeNTxuzBxKfN9sj9nxm6zoWGU8FPrnWktKWGSn493j
G7qUhXT7hSHrTibDcnVc5Vz28gVvGFZVJxm1Fc9dMBmX
D6muPUw92CPkWwv8PaSp1vSi1Y2ebCPXgkhUNBRXQost
8jM2e7C64cuhLd9Jc2UAQKUiCfgB6nP5LiugTzwoeb7A
h8jdgvNk5vjEy7rKcMHaS84nyBWve7r2G3MZbouZsW3
7GZcBPDM9yhCVwF69SJWETKDcTeWxafgYKPeWKTECs4b
4pUQS4Jo2dsfWzt3VgHXy3H6RYnEDd11oWPiaM2rdAPw
EzHg1R6DHyd4Sge7Vw38w752GX7JFRtAwzLrwZyYWAMY
EczHAfEajWAwvFQ6t8ns9rqxCr5XQMqqfbZxBBJBZByh
6cSQY64U87KG9FSSr3TzphK3oBcqUi5NrKaxYZVWxHhd
rxuqLTYAC5quzjBUcUftK8mzhwGGFNByRvDf3A9oQSH
7P4Bb1pCMuYNveYhg2j445cmTRCEGp2eAAtBQUv7Jz89
63wuimptAy4Q8ypw5w5rbjbm6RqnnB8Gq81cLchairKk
51oET2dy4vCmZ1JMGYR9hbsvsLng1vcLD6z2AZp1uq1j
9V4i8VdxEHgjQFEKdXT3N4nFKRtNtkKCzd17SjxVWLSo
CH3T1cTkevM4DT4PTc9ozSSBxLYLU6romerxjEDdq6Qx
DfzrVBck73vZAXDwerPC5sd4ZTCwZXfewFHjZWz8mjE9
ZxxZVFjpJbXgcavsPprNDoFS7UvV3qCh3UmZdovLYMF
FpSrQMhnYa8YRnEQqKstyi8DYsMvET71CPfnmJkBSSP5
CQ17ThoiA5MA9ZTULyFQYBs8S2y9byxkCi3mpfvXX9rr
4pUQS4Jo2dsfWzt3VgHXy3H6RYnEDd11oWPiaM2rdAPw
9nF2vqusHupTTNgw3quL4f3jorvPdJ8VBPv3Uw1xt3Mv
BNifNMJ7j9WuCvwZVTW1vLvAtg7NWm2FGtjw6J1C3wSJ
4u5xuP7vCbT44uogw6zKfe1YTycwCBvww3Uo3oZaNEvQ
8xnDiEEaExducDAizz1ZFg1cDL6F3rEiG5r3V4g1AxGQ
75YdTkYu6qvwcJBijJdydkdZBzseHnAvQhjkXsUad2zH
EwNi8DxAxWFyx7A8SCCYsY2CxWDPw4QHsbS4jgkyXwYH
BVCHjYtHocuA2h6Cv2WdoRodh25BqwuiCHYkX4d4dRFp
7KbmFStnBVAUB1NRKuNFdhzXtj3mfAT4jHLXoFvFFSaS
9LAogbfHVtgX2McBuVERrgyiYUijWzhCrRfMybxU39qN
Fg3kAhtBZwVhAxrAXH19kn3ssEZhuaDZCRtbU1X5XpWg
7P4Bb1pCMuYNveYhg2j445cmTRCEGp2eAAtBQUv7Jz89
3C6Aa7WumUkMSwpTQMf7oPmviimo1MZY31BNSqo66Uzn
BgWox7nZXRRP5dghNQgia8omsmVVyUJ6QkfveZkYL1dB
DKB99TnrHDoNPa2fqfbmrek8MyZdstpk61dae7SxgzxW
8kX16Yj2WBCz1sPXcimafGrutQkw3s3Swe9sR3gt3cC2
4pUQS4Jo2dsfWzt3VgHXy3H6RYnEDd11oWPiaM2rdAPw
FpSrQMhnYa8YRnEQqKstyi8DYsMvET71CPfnmJkBSSP5
2fesvz95r896EUAhQ4yfUGAbR6X1WDsLLe52zaQoYiaK
GWoFiTkmgkdUxvRNZ8kMGVxUctDabMNYZ4ztFnQokBrH
wwzVWvDB1gwTJeLs1WF9LLv3T27LpRH5cBgtZ8dobEX
HiUjBgoomN7PgCZFPdM4KC8aKAFfsraRpTjNKnf8jxww
BgmFrfqTXf9huqzbn6ESBkgdQCYFFGePNYr84ZStRTKg
71D94FvV7Htcx5NAoXxojCbacd3vquGr8eSU4Sqr3sux
Bp4aCKT29gKRq4zcPQzPh1B22szXba4EJh2tY23KLh1y
Pww1ohVqQrmaHKPeYwaVT5pxhQxJex3vhM4M5ocsLUu
BUT9zHC8NUvx88W6QHhJ5TYLa1L7VwXQ1JtNXCheizHW
4rZGyUPfJfFfeTjmY1v26TQwNWABLGNzumixRpqXuH1h
6sVaWY7qmmNkwtpfoadn6EaHnP6cXsNH5uZisSQ3bENG
9t6qvAz3Q1ZEXCi5LrUJn9xMzsx9Dvs3ga5vPMPEVGER
AfYExBciqT9EnkgRRWtEaGmV5gTbGdu1cFg4WLL5XSco
EBAn1DsJKwurYoNZuezibmYa3siDCQqUzSM1MNzr7MWx
G8ZT7Y7YHt9n2eDAMGXEcTfkFjXR6fgKvzJpMkyqfDun
6asMmzbUNCKP23xQNBuVwH1kmCN57Jip1pBRvToo19dK
5d95ZghUcfxxnom9WJL6yJMQ43EZ3BWTts4WsQmZssJF
7o4NoA1g1asZzi8D4fRPjVuDR6YkKGhLRwVbEFfmRWX7
C5GvQ1DLsMpmvuA4nmGYfBJAKQiwvRvvsUZxPN6VQAex
BjxXkzyq1dYwZXvofJavvCyHgemjCf9mxsH3pfzppvK3
CHZKVvLFfyK5pDe8vcmPwfhStvJzrJrT6EoXXMdkFdCt
72n9K5fzFCc1dF3GnBzCUaH6oea7gRfQoLiwM7sCUusQ
ESoDMPSSLWdp6Fr9R6HhJqr7MngDXp37pRXscqT3MY2X
AE3SPA3rjyzxQF7nZTdnev1Uy7rqJxZLqXQLzCkti3qE
6y4b8kKXNSD4dqGX7Y8HTBXHaqV59n5tHZyX5xacez5H
Evt92DJQS2a7UNRJp75J6dFB2WkiZ2nPHHsLMXrDs8jr
C9u28tV9EcKf6iqCxcQvh8M4fnxtWU27vmS3gVwwVKSm
4MJ84srbSCz3eZJhqG93iRnf4rosLcC4R5Bpy7ZQmJco
bae93fAqQRbzRBwLnC5ZeDt3j5uX23nD62B3pwvpgXB
5APYGu68KeoBrCV9kAvH19Pt4YmjJTjdehd29YPgZ83u
9ej7a4re5ZsayUKYpU91q5UEakEjCwK9mFb93zDAKwUM
Bwe5cu8M7SoLsA7VBKE419Jbnpx9qFcd7ZT9gCbLYBK5
HuQ123HYTBcHHiwpiPh8qf2aVz7a2iusS6DHckZgCJGV
HixKvMRNaapShj3v1J96jLMtZuo7wNwtGAi4c1Q5rJV3
GChoRaGhcY1EPPaqoZ57TcpmBD1ECoGPxqkPE8zg9DSX
D9UqfagwAQjJt8f7pi3UM2tdj7EeyFHtYi7uTzvnnMQM
FpSrQMhnYa8YRnEQqKstyi8DYsMvET71CPfnmJkBSSP5
3QTRD2FfM2niZmZH1SxS6iJCRFY84DTq599gzengTtxQ
91briqxf1kWBeVfqGvcytwm2omo6CEDCpeSF6NwFx2w8
h8jdgvNk5vjEy7rKcMHaS84nyBWve7r2G3MZbouZsW3
DjnwdU2Hj1knTjbpf2R2SMVs8f2VaABUgMHgNnRzjVME
HuQ123HYTBcHHiwpiPh8qf2aVz7a2iusS6DHckZgCJGV
Dwj4zWKVznRgnm9BDSgQhbqShQbCP3ifr9gao8ZjHTjd
64jCYfpbcVRvVUbntgfNVxNMhFXFXWD19NQr1663MB36
4cKqqwoADnQVUAapaq1CrCwpBwbvCSohZPzB8aHooJjk
Dqw9ywsAz6yvvFFXh3qjAzM2M3hGxGUnh2Tyx55pf9ZK
DjDHfwShdrvgVJHoPeGX3a96aWrArhYPpgJvg39QmHJ7
CzndEJuQvrUsixmbaC8hHMKpjnrEENixDQkgzbrh83ZG
HudBYL2giaecUxjnTSx5UpFsKTtcRQYhAzuv5hs2rwz6
D7bTbVJR3i65R71CRW6XCgrqrYYC74ejVQoyddSEP4fF
7ZGTXE8wNJiXyCnkCRnv7gzXxLyZZXu1H7BrmZiviy1d
BzHu964qt7p6KW5Fx93E4VR2xYuTit3NMxAncrLc7gj4
55YfFvwjg3A86gqMZ2vAie5eJYjbA9Xg2vqprnh4gYwg
F1uo5tS4JzGLKDQBhz1DdoyQf4oRjYcynHiCa31dRCrD
B1wHqg2kwb16bbRgitKMfyt5Y8Ciog4TiF5bQQ9XVms
3LUQQErJAKezkLKMhXdmMmd4oYMm2Z12KFgwpRP9sWQk
2aagAd92bWkEJfpsoVKjwsgzzq6m7axvew6PD9XMGvmU
6zbHJGNdqq7PawynSgxW6csjVHAN9nm51uLNMZqpxZts
9x5kW2UTuJ5jNQW31WxbVAaWn5jRfNUJUq7SKCR9pQam
8iFRxf3KinD85BWb5JJEXAJdVSrFQqo8xoxbA93LtG26
8WYRXiQXQSoAMw8A25HuTiTmkg2Ax5YTaBxmHZk6s5LY
CUhCSd7jHvycC89L6EqMoDWcWVTXXHhAeXVyB4362qZg
8XGaSpNJD2cq7dCZ3sUC5swg5TrHQ6LMEoGixkCN47rG
7P4Bb1pCMuYNveYhg2j445cmTRCEGp2eAAtBQUv7Jz89
47ZJRamq2rvTVxcFQFs2499ixJcmSXCKgb5FRnifYNsK
51oET2dy4vCmZ1JMGYR9hbsvsLng1vcLD6z2AZp1uq1j
F1soxhJkD3Rhopsk9pXpkJf3AYJhMAcqQdRdzH8VgKFd
GryqvMoqZFnmTxVMduzUQt4RtCZZCTKRZwLNuL4KyKsa
HpcYvvyNRzva7uCvN1HRBUBrou4TW1i42oXYPkkXN6tU
J8vxiR8o4NvY8wcR46iuSpSAjXhBwGCgrbo5LWA3corc
2KF6StkQq3JLRsnMtjTKew6yaR6uiDX3aD5DWvT19dqa
DCTeYphaDsdFWZ61JXusR3dwLqKWkYgCjkxZSQvPzRuK
HDADTyGCNnbmYa5MVpmUwhDbiyAy8CcQ6k5ZDZzQGuuM
9dFNNcoMyzAJwFBz9mX7MHSbiSqSX69XZ4wNPP8FdUQJ
GSMjXjGwD2R3vSeDG8KUdo2e8zppxfagKVnheLqSJPtN
HwBP26ySdwXM3PZL9zs8sx8a349xrJeSkCFRJWHsXC2X
Dqw9ywsAz6yvvFFXh3qjAzM2M3hGxGUnh2Tyx55pf9ZK
GD9Dx84Rzr6qLJKoZqQFZn2Yzf1NyPFbQeSRZqU56f8z
97xAKp8FjyXkiYqTtYWN9ArD7KxTevzaCAo7VCcwLAsK
7uSiMqexgzwi4HZh6XMVknPuDLEUux2SKGC1Zi9Bfk7r
G4yn6VjDQoRRgqKVt1fp2uei3rFHWWKA5JwWPMM4eCgT
Ao9bq3N6e1W2TAG6R5gzn2bGVwTB8ooK2yaBNKcCRY36
Gs7hJncVtbUZ6i8V6t51tCvvTSjaaLdeSTs3WR7ADdHg
CPCi8GtA5mxcs7Pjv2rxXihs8chVoSLiPRFGFv4ik3EE
6hyFrYJasjf848gT132t9nQMMFBtyKas2DP6Ca7uXvmb
8jrbZfZQjfQ8ZkBjRnx3vcFr6Tu8wUAmbuw8q62VmRyE
HzrMJkkN5jvD98focyivbjasDmPwPY3AkuB9aG1uAzbH
89aFxgg8VHgDAh2MkmjnKvjVkbpavFV96Lau1XNdU7o5
4pUQS4Jo2dsfWzt3VgHXy3H6RYnEDd11oWPiaM2rdAPw
7ULJy8FemAuWo3rSUAtbr38XEmXYz8XH9WDHN6aN2Zu
HT625tsBNn9FLaKDxyqDQaKjQXVQRZKo5o2YkMJBHGa6
BjDCRTKYGbsgojvWD88ASG8wEaa6W5UbVwzFmWWuinZG
3eucHmLaRJzL3d3rzYx94KvxcVhR4ESLo9R9hhb5Snbo
rxuqLTYAC5quzjBUcUftK8mzhwGGFNByRvDf3A9oQSH
8eqvPBG3bHFpRfHCxKi7UBPcxUopXyhDMEH9r3Fg9QcX
7tMyU22ViPrhY14fy31bSmTsQK6rwc9q3Zbq2u5RkZis
jCbhBwr5qf1gv13bWdbDCxU1LWcV64zR6kSUi1SQrQe
7gnutk3FUAXNZw7rCbdHYLk4pL51TVQYH3uettRnDWZL
BPz1neBDtyQ1b8h9vG6Pyv43gxGcVQiHYNqFH7hfqGoU
2n5PbADyQXeCMztD5wnZjF3Nn2w8PmCmqSQ68TT6Q6KX
ATYkdhGruGccJo5PyzJKGhfNbZwv5iTiSwQFchJtEdM5
DqpRzMNQRkLFg3TQy92xkfthStrbqfPzLeGrz5WgeD55
Auz45FSSFjLSeGzecu2j2QwJup4m61WVA5Pu8jK2HL8Z
AUb9BJCwRENCtP5JmWKBxcJpv7nektMfHHi6UXjwngQY
4us47W1bnHCqzjzbzn5ZJwjxnc3RBZqe4Lkid7TfNQBX
69JqPRHKnzZGRgZygtT3p4mTCH8DXBJ6D3SP75PZZQka
HqRyiRDbdiX4VY2Re8rqAwEt136V3Y5aFXfgBp7Kx6kd
G5XvBTuiMnQ5RWzKmiRWjrdNwddGmSBszAcNws4TLgjJ
EriyegNj5UWSpuTq1zicjEExG8WGUVDTJCM8MySHSd8N
AVsyuXLQRWCUGQ9L3QBc7vKQtEQduZQK6uhqfhbxGCwY
HuKHH58Y6ZoRnJMmvcoFKuH9iWpDGHXMQoNAc27oSR8k
Hbvnwkhof7tPGPpJ461QTt5ZLejyK2aC3LRsMTi4vvdZ
9EEeXJSGySHbCGYvwE9xn6fZ37iav6SHaAKorkS8qmX1
ECWyZYdWSWdJj8dkBZhRQDj3gahyCyY9m6JW5kWVqvH
3PJUJ9Jn1dL35cvc8tHq5XWNeeSN3R9HfLRapmdEwNCb
Evt92DJQS2a7UNRJp75J6dFB2WkiZ2nPHHsLMXrDs8jr
7KbmFStnBVAUB1NRKuNFdhzXtj3mfAT4jHLXoFvFFSaS
3UzdWiavQL1R1yAzZfFL7644ZFLx3BgSQBjzMxoLJy9Q
Dyh3mtoYGFqDhcz429WYn7CYcF15qTJpAiDrK2WA96tL
CVv8iAZGsd2sHVsX1vo2iT72uBDNLsuGNjxSAxFNNSCX
E6cf5us72RkxYu8hSUX1GNb1smNVAJhtDd1Gyafzb6Bc
7yF3ZSPNYadfu425TDXR6XVGUGKFS12GRvH1Hbf5rFoK
4pUQS4Jo2dsfWzt3VgHXy3H6RYnEDd11oWPiaM2rdAPw
CYVikdfqKK1SmPasR93k1p6CntrmqGW4YcoSYQQ2TeVp
5pnRqg6VeMWgDPMHZiHg1BcBr8sfHqPR2zWPjAqu7RcH
4M7XECgNotuYef6fXsB659bgvA4LBYq9WrUFZP8jEZ8q
FjD9nUmzPPktL25Eax5CKrxyknMyFxaC8oTRgb7RvJbb
94hRJF6hswGrARm5pBqgvHskondACmfWHEdMPuafoL8M
5AGJTTR28CLMPJSKNC3zkzNF4qEmwgpWLuLEoV73w1hy
51oET2dy4vCmZ1JMGYR9hbsvsLng1vcLD6z2AZp1uq1j
GoAAErjdcmu4aP5bzVZ9Nx5QsgfbZLnMwgTQcJkyaHBP
4UwXJoMgqKDFCkNhie825pP5uvvjJdwLNgGSZdAuBn6t
HBVkmvQ7DHtzxxVMgF8v6aW1kV3o2A4jmL6YLMNPfJSk
9TSTbNVMXMAD3hYdoA7jRnKZCWKuKfkm27MKJsfL3JQn
D1xvFsat6QGghS8QGZtCRkp2iKDfZBwfcVv2e9cH7pHy
BPuTD3ET9NDSyCvwudi66xsH3Q2UWwx9NL4SyHgA5vB
5wpT5MyF9jTHYWWtXrhot1XcCr3RAAQbwLeKnDTBZHYL
4mjHt3pmKZkY8tr7ayT5kBwcmMpK9W4rVwfU2CjBUz86
4cKqqwoADnQVUAapaq1CrCwpBwbvCSohZPzB8aHooJjk
45nb485LKf1pEhsTab34JnbBb3wXnAAP3xh98xdzP8Zc
5EhvzizkQZW3ADDc59jyVqHdEKgb3u1AiAuCFJLwvYdj
CGjEexuki8tYteRxpEEq28ivbcsV8aFmhJS3RTZzM7vh
CGqyDdLVve1Ws8xLQbxB5spzBhsCVkLw7PzcMrwATiwW
AEUto3eFWHLAmmVRq3Vo2fmHXwte525jQGG6D7pN4RRd
EowuvTyG9deFhP3BxAJ2gsadBjJpUtbWgNrFFreMpuwp
AG24wbc97kpF7ZH4eVTp1aRYDf4QTVMH8fLUd6BgWBn9
H7E4JB8ebHaoKQe2Z3NAwXniKcuy7VVuAoycx7PYAbE9
3zn3fqbT7pajfoLp26cNBkbmvQisBcLUYHLV5FssEpLa
BQ6W2opUUbyd3mVpTX1NRgFWgqBxyt3FSLfSR6TXQRug
AMhZ3f2xFzUkqYtQJBYCFE339L3wshny4mUx77NAYqsX
8w8zNnvPHSoUJN2HJibCPvZePAtuPATo891ZzPEA4Yik
ELpYW4Wi7d3naA8KZJmBS5CumoGA7gu6hXhJacSRYasw
Gm6bFLdQ7SY7h8CfLXwtjChxGKj3oFfWiuvGwZ93j8nE
DjnwdU2Hj1knTjbpf2R2SMVs8f2VaABUgMHgNnRzjVME
6X5XvFWe9NVV8y7xtfvVCXLsjSKi3u9sc5XxHQpwJkxp
7F4UGETUEtQrZAvm4dAA2xv2eF798w4XGqrD1VCNzFsB
XLNz6LtoAEfQSVUuPBTbFUwWUJzBxeZKVNiuqMiAd8p
97xAKp8FjyXkiYqTtYWN9ArD7KxTevzaCAo7VCcwLAsK
AEUto3eFWHLAmmVRq3Vo2fmHXwte525jQGG6D7pN4RRd
HExH1uQGJ9z6gH61JhXeZyFwS2vcUyByPK1ttVFDD87P
4Twh97WSqnCv8A5XezYJeFPcgmbfJSSDAH81dRzzRVaV
8a61ddgdEpw6jps2mXEas82q4v3xsRB32JMaFhSd7J3k
3Ni81WBb3i3ini2VyjZFXgCyb7wDtsgNHeCMXDwiZpah
5pJSXHsjr3eTg7GTyf6fJ2cmWZQX16Njgu2L7ETXJokP
MvogSQTXToXV7MS8hDbvfWGoELDtR5Z75SGMUNiUddN
DwqMwkCc1iYgFaRF42dJUqRAuZq1TpzsSMi8R7zM2pE9
96WX37vQhNmrYmE5UhWG1xFmYX6QM9X9vxUiNu3MtwYD
B8nLsYFuWMLkP1ENDSbBTYiB26hBbqPHYqUB9Gv6Kwrz
6dgB7mmyxzcobztUBo6vGzcYK9yp2e1p5giqrYRHKaS6
G4yn6VjDQoRRgqKVt1fp2uei3rFHWWKA5JwWPMM4eCgT
8zfdGUKpemtzs2Ypb8reoN3A43o1ZkbwFCBNzpUeFeUo
4pUQS4Jo2dsfWzt3VgHXy3H6RYnEDd11oWPiaM2rdAPw
HSRk2kFqLUPs1Zz3HCDYT7fMc4CfiNxzncZSgVadmkwS
9EA2P2FerQqzUV7s167v9fxRaegRHrFna18PmpJZQ8GS
2YCagYpRQAbRcPXHzV9Begu4w6VnWz4amVPwhcgMfC2u
8Ycjji7nKiJ8FjyCdCoNdcxHAW9Sn8Zmpu9RpXvg8sgz
9nF2vqusHupTTNgw3quL4f3jorvPdJ8VBPv3Uw1xt3Mv
8BStRWeqCPJPS2hERr7V4mEgdodaJZDTNXVM2Q2AYHr2
CyJeFnjtSnVL7E8ATZYYoedHeDWhT3J4odR8fM1hWr5M
9tcwwRcD5hjm1WfqptPixoNcfUSbRhirBdKUAuVqTqEH
ANUkikZTPfEoBrqtveRAeNkvVqZv335H5Nvspm6u9Ghh
7NqUK7rvn5aKyh8Cm6kaVtmoXnNpSGGHxaHgKABH81pD
Dwj4zWKVznRgnm9BDSgQhbqShQbCP3ifr9gao8ZjHTjd
5RXZJoR8nzG3QVJxmjgE6UsA4Qm89srjFqzEAjxbt61v
EZsxgTx6JXqZS34sDynrFkKD1Q64Eve7AW8FjawFfovV
CTukU5WkHZAAwxpicJw9zMaKmUpYBPttWeZKsdhdgint
GsmrTBoALiurqDsxcMurQK9EN7pDbi2JewoDhJYH6Wxh
7t2o1NiSMBSbVAPFUdSkzJSaaWLERVnuaLtvNyZDSkj3
6NFDAeuLJJAFNj6hu2Hxkqj6qEoBnt3Sm6GtStpfQuwD
FeqZ8qhXvok2gPfc7fK3p1CHcdoNJz6afcb8fcbLYvYD
AfYExBciqT9EnkgRRWtEaGmV5gTbGdu1cFg4WLL5XSco
CnjNZ8LHDtwyCz7SBWPHCSBPikJ5u7E8TouZD4jtZ6KS
GryqvMoqZFnmTxVMduzUQt4RtCZZCTKRZwLNuL4KyKsa
HCtzVd9MmEeZ49xQ7m5TEwjXboJJzyfn1X7Efjc2m1jq
8nWnXehVLWEDb3nT1k6WxVQ1f96a5Wy3zsNN8GdKm5Vi
3VWia87hNkxgg51heFc9z1GtZdmSuC63RGtFe98Nnsbb
3nFUHFyVTDmnyePhLtCkt4cHVSfHCWU6HxsgB65f7c3Y
FUbP8zY7nQj1bN26x2RMr7eLyarhNRofEqtc4JKcfhKh
9GJHiYY3iQZVgpu97qTgH3xcYBx85UD4kJZdfnsmgPYG
GBc21R5emFJZx9TsNhNm9r8hYGhSodknuEh4F32xub7Y
Fn149efR6ecunpwmxWsh2ByK66w9tbVtwQmuS3tvL91W
3eucHmLaRJzL3d3rzYx94KvxcVhR4ESLo9R9hhb5Snbo
8xnDiEEaExducDAizz1ZFg1cDL6F3rEiG5r3V4g1AxGQ
Evt92DJQS2a7UNRJp75J6dFB2WkiZ2nPHHsLMXrDs8jr
Dwj4zWKVznRgnm9BDSgQhbqShQbCP3ifr9gao8ZjHTjd
BKZS9ci2HFDA72Wp3rPr9Tc8kTcKwLrBboNn1XdGpMFh
g2q4tWwSoLzY2PYmYM6YB8167AFP9L5J1Mf4xJ5cJhB
5AwbrzztsJT3wbgYFNLhyFXvncrMP48z3qBY7QxC3gqb
CBuxRb1zie1iX7YEpjUa4B2Sp9EBFAFsbRSxPyGGfFyC
6FkJhcmuGmJMRovuebvEiM17gvhEWtVADYYHPr44n3qW
A8wVZjY1uR9TMfzF9Kc6B2zPCBNJ5VpNa2HWC7ERykFs
9baWnrFhwfiKpC47WNEXLpidj3kYiRy12hRo9n8FfJUZ
73tF8uN3BwVzUzwETv59WNAafuEBct2zTgYbYXLggQiU
J39vQ2iqyVX2aLTriYvHMyY4Kpp8HMaykz7JaoK639zH
4CVLbLUcNUdoXkb7GhEJmoPgiiv7G6fistNWu4Rx6T9L
3dH86HF6HQGUvQHPutn89UbqTTgM2s89F82kAnLpSbZb
Pww1ohVqQrmaHKPeYwaVT5pxhQxJex3vhM4M5ocsLUu
21e7rT9AJmdsSrySjhxYJZwq7FibzFhmu1DQXXqz8X96
AouXEBqiEvLW8qV4Ri2rARVmYYDo5ehJ13XsaqKV5XL8
9sDivuHE42V4QMUdZrwgsjtFyDjdZXgJqR1BdP8qLM8T
AEUto3eFWHLAmmVRq3Vo2fmHXwte525jQGG6D7pN4RRd
4g6X6bYRhFmquGpYDjeoiu44Btyg9YKJdMZnRWPc5ao7
6aVxAU2nNjSUmDkSy5zgavKcZNKGov3xhi6tUPLnULLp
Cm8cYtgtfyULCzisqUnMg68aqqi12PGZScouQfJRfrG3
Cm8cYtgtfyULCzisqUnMg68aqqi12PGZScouQfJRfrG3
6uWDr6tgKgb2VKRVFrfJDAL3ivaTnSeAN2pt7aLoKbEG
97xAKp8FjyXkiYqTtYWN9ArD7KxTevzaCAo7VCcwLAsK
GChoRaGhcY1EPPaqoZ57TcpmBD1ECoGPxqkPE8zg9DSX
8Cv7NreYqiHdBataTfgahN3RfgjZfjJEPaEnHxBawBJk
BQLvskDDRbEJwKA1JLWWq1aYAP4R9nzCTt1ir5oGJnpw
HKHChjB2ZoYWZKQSVjRJGhJqUYGTB8Wq6Bu41q9FYAt5
DnCqNdc2vHLAq8abiRz51DDLty2hy89v2CS9DHdMdSWu
2Knz5oKP4VsjF9PkA7WCyZWZsBig6zZMcp9FH6aRLwjP
DK5Hij3HpKGJsRUNaxspC2u6LdncqoUwHsUSe6TFb9X8
4cKqqwoADnQVUAapaq1CrCwpBwbvCSohZPzB8aHooJjk
FG76su3WQy8KGGWMXpomdj4mfcxmucEdqDxtQvLc3YPS
CnP33htGVwKHF4psPq57QnRpiNTgKW58RyceytoX78n2
74MCLCGZ6HKYja3Uca8UQN5C3bw6NeyNXF6xRqaWkaFz
73Z1WZL5JsbU5SVh43DCXhf3Dis1F2fx1FqihSm5zKhQ
EFpipurDmX4Lgv7V5TobgR6TMnBSZv734pgcZjWNkmfr
H6pPKHK9dNkvhofYHVa4QJxxcus625SpkzQuxLuDmgwM
CvVUKpa6TLfd76q53hSwoMRSzGxA3oqgnMFGxsNmwKXP
DNpoiqt4DiBGrWRkuT2ywg765joYrLDU8CWfPZGQ5AUr
AfYExBciqT9EnkgRRWtEaGmV5gTbGdu1cFg4WLL5XSco
2QpWokgNmq9UdseJEenS7WQ4bdZhnrQiLpYkoktqLdmP
2mNq3AhQahJ3HiJVp7w3jVkog9Q7aSaXwYZXUhTxaNs8
Csj6f7W2jdSJhGN87QSn9mzwfgkrHUcCRijgL471o2sQ
3axWHxEVg5YUD7EfbxQLiEyVLV2fuKPHCy8FEeHcaeEZ
DK5Hij3HpKGJsRUNaxspC2u6LdncqoUwHsUSe6TFb9X8
B8nLsYFuWMLkP1ENDSbBTYiB26hBbqPHYqUB9Gv6Kwrz
G8JjdDgzGbkU5dTURaRm7XVN8W9W1fkYht81hjRVZuCp
4pUQS4Jo2dsfWzt3VgHXy3H6RYnEDd11oWPiaM2rdAPw
J8vxiR8o4NvY8wcR46iuSpSAjXhBwGCgrbo5LWA3corc
4VdkXVVrohXzt1YTNkfJUbHR76Qr5VSmPPsRoBdB8r9T
8bh4SCMC7vs9UDN5uPGTo5NPHLLFeeKaLVvXJt5FUSXh
Csj6f7W2jdSJhGN87QSn9mzwfgkrHUcCRijgL471o2sQ
6hK4TePe6J2MAMeb9AWcFwi3XCMwpp67BXaxuxFmNKR9
XFGVjd4PJp8km9qQgtmLQV7N5dCSum9KxRrPhdRQzZ2
SqSri3CM7V1GLSoKJJbePSt7UqGpEpiwmhnsJjsf763
FE3YBXN4BN3acC1c1ZaqGwPfdhxfVHpePzYvWfGG9ot2
5pnRqg6VeMWgDPMHZiHg1BcBr8sfHqPR2zWPjAqu7RcH
BR18SN18RG9s1u4skhAd73xRqkqtZYXqcBmgGVXss3H9
D6muPUw92CPkWwv8PaSp1vSi1Y2ebCPXgkhUNBRXQost
7n1rcAq6yVGdx84LYvN8Kp1oTxhraRvc5DgbFZMevp3b
BahL5aU7ZbnczGEKgroPeQREadUXvyJV5eQy4zdoEHMo
Emctvfv7Nu151mzDtFAVMYg7somSK8P83B9TWrm7HpgF
AZqsrpz7mfgGYCjX3dxscfah5ULgzjjzreuM3X5wShTx
3wKzZCoN25m7RazPfzbLfrUf9n2wLmYFJgfEnB8S1HyF
FEFpCkrg3gGRU4dFDdeqvfT3Xtvt1h8Evksmi6F7kaNf
3Zwm21VB7SYtYmVn2PnVj8qzzXzfAeoAifSoWNL7XZor
J6qgJxM4MGfCK2TF6SUPeLpB3w1WesXMooodHzmrPCmd
4FWtRuEfJG3DdkH4LjJDB5X4sWpbueyervENPpM8QuFk
FMpyNybU9kdX17qsiprVSDJYPM4XmZMgVDx5dhhJeMio
9AEwm9w9QbeLiZmy5qDCVZXvatKLokHhLPRsrHogcyap
EwwjLURAfEyY89BaEf5CCAp2FnGvmnRrnAmAuoicvT2Y
Bhexjg8vWtuH77iMsQstr8DPsuk85JnU944ivVA1MmxF
H7E4JB8ebHaoKQe2Z3NAwXniKcuy7VVuAoycx7PYAbE9
9t6qvAz3Q1ZEXCi5LrUJn9xMzsx9Dvs3ga5vPMPEVGER
MvogSQTXToXV7MS8hDbvfWGoELDtR5Z75SGMUNiUddN
DskiBpGg3o96hQbRmaBJTnsnLuUMwUVpbmPFWN6WbqA3
DiS7bfj8zbcrNzS7XgTiqjh6L5hdWm5QL3x69EUbtwzk
3eucHmLaRJzL3d3rzYx94KvxcVhR4ESLo9R9hhb5Snbo
FTEaWL8qH8yND3CiEruSAXNnrBKXfkcJG46QzbXNKZ3c
EL5FxobVK8zfyJwMa8jGaQJY3TcpWBZ4mJYyoEFJfpe5
C32gfnay4Uw5a2w3kUs6WrrxMoe1tAPt924fmRxoVmMz
8ntN7Tv2b2WdLveATgTNHEVFyTh8555u5gBpBPvFEKWg
4STrWijMVAamUhbKWALVs1M97Wy4R2CodwGcnbKFY2F4
4Wv8Kn7PPZNLyWFLRaFe5Hqb61WFB94Bhps5P11Xj2fw
EKSiUpNSRZvh6ANAF5FULCT4NxyDnY5LzdkcDEDn8DHa
2F3pCR6Ju413NwpsC1knkXUu5WEZCYCJfN21yGcWwUZU
2dK4eVhPEh62U27NFQEft1nUqntEN9eLpibWa1EYGNpC
AgmQQruXPrYMbRWRKX5LoiyitgwdDBdijBbsk1WzVimU
F4hN7ecndZ8Gr5KQNSFaSrMGawMasz7jfWTLTMpk7gaB
ecUJkw7ZdMNQg2ExnRjAQTXVov61fJ4E8bxVJcsjgpm
FryJS4Ynb1kAMfZ3U2xBiajSkkWiaxo9fWULZxzgQ5P6
4TSj7T3Rp5fWFTEhY5uvBM8v1uizWD5VUGnxswzeDSx5
33apeLJZtc7FvMqWoLU3yWupJCN6ijGkKUD2gUmjhxe9
ECjsP6KUewrUCqNcNeDnT4KFT3MxR1rJutLWgKCJZSj6
7tMyU22ViPrhY14fy31bSmTsQK6rwc9q3Zbq2u5RkZis
Hew6XJcEjQAx2Pi4GWogr68dmbST24g9xtumKBqvhkdL
6yF6NdzDRZ7ZoULP65Y5Grhefo1qpD447ZeQfMbbpEia
EZ14BbEVd3GnBaxA66zkdVouTcSrVEGTX6AjL5urMVpr
D7bTbVJR3i65R71CRW6XCgrqrYYC74ejVQoyddSEP4fF
9QuVAev4NVdRVUrbeP1Y5RdsaAydEzYRsay3H16PWyzs
six9qRG8Rve5CSGkc4StmyaXJt3FPknyQLhbQRMpDF2
24FmjG8Luc1cTcyDpC4uT5NahaKH8N5nr8M4AroYMPyo
2MEj8xtGE4dq47Z423HtwN4YiCBVMTBKELyYXTiypT7Z
2xmdxjo4XDmP2tGb2xQXUv5mRC52QkWdGYVu8S1ixyTr
6g9ELee4ukyGnd1jwfkiS3mpomRHdoTtodFLd4zntJxV
87kEqjQQ7S97WAzbbtkDxF5DM7JakX8GqJ3grPkmPnGG
9ej7a4re5ZsayUKYpU91q5UEakEjCwK9mFb93zDAKwUM
BHzkj3zEaS5i97XtbEqzQvgbeRXgEL5iFSrWNWW8sPMP
DkCnPWGbSozyQfP8Kqv4K5G15m3HcCYzmw4FN33FFXEZ
Cm8cYtgtfyULCzisqUnMg68aqqi12PGZScouQfJRfrG3
6mesuhcDT3HnDdd18KWSLf2xapZnk8tmT8EePj6k16Qa
97xAKp8FjyXkiYqTtYWN9ArD7KxTevzaCAo7VCcwLAsK
EZsxgTx6JXqZS34sDynrFkKD1Q64Eve7AW8FjawFfovV
DbqiZ6wRAA7vU6k1dPFN5P6RWymSu6FRpaiyxEYUMPtw
AqwcN2rVLNx6Qx4tp4rxgtFPsXMrE7QWRbD72BbeApjb
4pUQS4Jo2dsfWzt3VgHXy3H6RYnEDd11oWPiaM2rdAPw
HuQ123HYTBcHHiwpiPh8qf2aVz7a2iusS6DHckZgCJGV
3zVwN6CLwLq5V1LsGbHWWzAJyhKEDb4rvj7rwckob8SH
AWVtkBF18ju6CZuBjr9qmsV4yxXm1ixQPd3bR5e4z85z
Gkb8wxgqhixY3K8NNrM5KZuSY5yFftud8Jp2D5KMXLPQ
A11ZfsWQyYhLSueQnb2CcT6qbNgxeX1JDcGZBUvoQ9ck
G4yn6VjDQoRRgqKVt1fp2uei3rFHWWKA5JwWPMM4eCgT
Btau7MUs5r6m2AjhBNFEZU2ay7Fa6fPCb8tke2ey4Czw
5ktPRX3gZf4ijiJP4zutRgR269xSZja8SPnk5LKWZBex
5qLUQwffcHESZuVwjDYfzj7YHbZfhGeeTSiwF2aqEETf
4LuHo4iuzLwSPMBhAjvWUdmDwg7tz5Ghcm6GRCBrukBh
DZzNJpg1efrF2DPuv5AZnLZLq744pGm7PeFEEEvRPaUx
Hp1MvurGGDd7xA8zEdntreKcM2opJX5qD1WAApagZDfH
8gCfJGyaXLbAbBmEK63ADQthxJpf9fMi7NHGhmLCn4tV
DB7tzQa6t4pc6zJz5FZb8DHZpai78jRpLZy9DrAYJGxC
7tMyU22ViPrhY14fy31bSmTsQK6rwc9q3Zbq2u5RkZis
Fg35Vg6TPBRe4jn96GrKmAGPs9hrX6aewpg5DVjt6gXU
2KcCvxiKiWTu9XXLMSRnNqCgvZaLfYLx4aiecPJHqjrb
8brgWjumuh93LUQ3RD64gWYY6DD5ZH8cjX72JzBwSzwA
CWadVUgoMJKB1RGXK1aF4JrePrjp5veBm4VQLvArW8UL
GfAbyhU4qKso2J1PaQMHX98CXJ5PHyQ3tLtfU3mFrM5P
9CkHC9u7dKSdP9YgWrjDU4pWAdbBG6PH4rbmDR2wn9mJ
EUoZL1uEnwsU7R6KDH7ngUQyrzNhriPFJqPxJmQR23it
CGjEexuki8tYteRxpEEq28ivbcsV8aFmhJS3RTZzM7vh
EVaAgKSQ4QM7f2vqh12ZRmrPt5SVS3X7mpLXcJD4wsPL
9NwexLP7iBc66dsHdnny95cMkcZTtTWgpLRqFvKMYZwQ
J3R4o2pCK2UFk2zKMC78wHZLvyd5gxsbKZdVvUHYRLKS
A9oLF2MuX6MJr93qY3Z9s9Ju2TgFAbEVZccwVk1VVk76
32n3fn2iwA8q5RemUE42YMmkG5xtzbFipdiaLqejUys4
3ZhsdXhzbcpbvbHzoHW2aqAJnnDKcXD8qSm3eTsq2dRp
EEUHeJFM6mUeN44v3kpepHXXBcGY8xV38TjTNxHEt76U
AgPhAsvcwPfT8bcAQxfyvymHdS9enkCzHDZP67ihS5YM
5aaEr8rJ7ooYSQNV2HmoxWkhMYURVd5j4r4XBKyUhcTf
B6LEtFV9JJUU4iM21kNuHqPxFqw6vboxJEE3sDVRanDb
9t6qvAz3Q1ZEXCi5LrUJn9xMzsx9Dvs3ga5vPMPEVGER
F8iRrHU37EEdvTucGJ5pHTo8V1nGLL8AAxo9duThJFaM
97xAKp8FjyXkiYqTtYWN9ArD7KxTevzaCAo7VCcwLAsK
8eqvPBG3bHFpRfHCxKi7UBPcxUopXyhDMEH9r3Fg9QcX
G25xCDc8J51iy18QCKfRbxuwt8Z17JfruFXtrds3QiDQ
Hkb7aTyFTVbuRLbgoX4KWoKCr4L1Krahgsh5NJFAKnRj
CHZKVvLFfyK5pDe8vcmPwfhStvJzrJrT6EoXXMdkFdCt
GwzmFfkvxAQ24v8rDULMi6Hkr3HRoYXMUw5hwfUpaZCp
AyRbGy2jnBbhynM5HrW6v1WTnnirqzWTvDrDgMfgyFbv
75YdTkYu6qvwcJBijJdydkdZBzseHnAvQhjkXsUad2zH
7L2xKq4ZBbz7g9VhqzenCuvYu9upGyAf8RPBXR33ueoG
781GzKc6aZPcheyEhmeziGWNgJBhePtVnsRsSCvrvWTC
8cdTBwm1xLVgpswgfSnPvtuhWedbqYZQKzu93FyjpvmP
BHBpHx2iwKae3pT83ceZQob6UrXckES14wCaNdVzcX1o
33gupuzvuCDtT1GNyMFbTvV7ip3PnaG5d5nU57ptSjXz
9CeQYRt1eK15SUAv8AE6XPhh1ijhBF1dyPdGQGAiCfMx
421sffF2jARi6Y1VjZtPgwcMqgBvQ6sWWMqoRpscPwoN
2BNr8fdyNQLXFyqvrFJeJT6TkMkQmVcfjhL1T9Xrtmih
2cN3AKrLjNUvAzcdePsomZEnYieuDF2bAL3i37jTWnuA
4aMSBRaCsa64CPQiruDrmESqTNXJzs7PLeaF7XWNVvL8
97xAKp8FjyXkiYqTtYWN9ArD7KxTevzaCAo7VCcwLAsK
GTe4DrRTVLm6Rc4wWJrLnxPFxYDNJXfSUTDoyfkef2j6
9KJbbRm5qjnWBNZNv3Mhk2hEFqqDAYcCHuUPxnG7W64g
39cjuP4RihTpTCBL92cTtVfP3EZAQ4hWosYQDB7Q9tiE
GX1Vmx4AecReyK1QxMMkWhqzgGmNs9HUVPQkaDBTDvkK
BvfnxLfTsAKjamFWiMw3pSbHQs2ePghtfLGFGH3YwDMZ
9UznikQC4aA68hcMurcPqZ8EGSrvNcLbLcj2VKG3S2QA
CN4ThjzQZR6DVEpQ7YsvDaqE4Cqd4PPzCdaKb3qgVdBJ
AUCZf2bCy92cf3JsRXf3LGu8D83bFoNWkULRX4KsePi6
4MBHxrhxfG3EpL5w3DE3KrfPpDYDafH1DFF3goEz4dnd
58njdpgncuNs9nhzpVdxDAinBFHXZuMwuJS6hap4tVVN
Mxe7R36xxFThVHvPGvgYPSpsiEnCByQQ2dUfvaq67di
8Ruyea8jg1fR9oDZbeThhiHH8q2Wuz7vqeMbcoAyWZ9J
EWC6ESChdBqExhp96XPMLXR65pXP6Ftuh1pPAVws4pmk
5K1s9Xi92qd4ZbvR6GPPv22MQYMVX7TABLLyZA74MnSC
HQa6qZBGcqqtCwg7pnojFPWbN7XyeVuMYDwHCYW2bN9Y
9nF2vqusHupTTNgw3quL4f3jorvPdJ8VBPv3Uw1xt3Mv
CcD1xV91Y1hfLqH11nGQXD4SarXgwxwRVT6EdziJK3e6
3H1wvZqJgy2v5XxaMLFVtRnMeN6H1t7JrenehfQcn4qk
G5AUir4bK6D4pjo6HdDGK7LcHHooUKYgJJ8uNikhgyVL
51oET2dy4vCmZ1JMGYR9hbsvsLng1vcLD6z2AZp1uq1j
8kX16Yj2WBCz1sPXcimafGrutQkw3s3Swe9sR3gt3cC2
AsxYivuyVu6znDgnwenpLSLvkZDua4mGKxTvM2JgoeDU
CzBuPFMJQbPLw6k3B7z7KNBwMWfJZZKTFBYZLhYB27N1
G3HF6iRqzaztLiGg63JjiqJSrgoFBNQC4M9QfPDy7Bss
3a31pyUJQfWEq9MF8hGcsExvuXCqmPq4zGue9pZpHrd6
5LsYixox5LC5iw1axsSMey1g9wyM9d3BK3MYTXu8pdsk
HFqbempFrTudgpE7mZ2U7jsxfuJcgH9DMprLKLNdPs7B
4bvarhf6ayRXYr4rPB9K3qrHH7fNpc2zNb5wPp4PXj3x
H1eKWeHPaWDzvxFNJoPVzrWpsBG6dxahdLALq5sAjTw5
DpZeeRabj3KpoTkXfpsk9WeGy9m5H8uNxcuXQ24QywJk
CKMDD7Xp4pBztCG5G2utc3kXvFqPJ17HMDPUwhLiHzhM
DdDZiAosTCWnmrxgxA5Wbq1uBhYkG4rmGcV915ZsvDLv
fcmiKjziCpUbKhndmeVU6GWoBpTZiNMMoG3EXC1xFxV
GV274cFet42Cqn2AkMmxg138YT5d5YB14JqsxAGhbkkS
EWC6ESChdBqExhp96XPMLXR65pXP6Ftuh1pPAVws4pmk
51oET2dy4vCmZ1JMGYR9hbsvsLng1vcLD6z2AZp1uq1j
CxVTTpS8CCmcmp7v7E3VCSq5sX8MbRC7AJFmaD2WAbFb
3hh9av2XEn6BoTKCLE9B7J2MHmm3RPRfVn17R8ZUb2hw
HXwpfdqNYevtCBkugYUpkMCD23z8Jd3A5oEknGpMHV5z
7X25ijDREetTLMiTQ4gEJyDD2W92487uTG5WGbKc7FUv
Ci1Yh26YpzkLQvnbgh6H3fDmuwyj5GaxcJBLNNMocmy4
7KbmFStnBVAUB1NRKuNFdhzXtj3mfAT4jHLXoFvFFSaS
EyobyEVUraMTk2vLjqTiCUuazBzBRWQmgW7GUiUAv248
GBEFY8zJk36aE5TNHQHpCmcMnSmY7VzcEt2upUsxRWB2
9ej7a4re5ZsayUKYpU91q5UEakEjCwK9mFb93zDAKwUM
964TmKyFMVaYGeMnEuPuauSc6475AYd7M1VjCuUZm8w
ANku3SWp9vX8bHfQEKnjnw29t5HGkxA4fMXxzcERQDgu
EHGUuNEQcvQy3Y9MppzrCBHo6fqhZBfexrbd1kui5tR4
DdpAaorJnTmfCWcrNwwHVJcB8wcWw5i7QUBGr7ESCvWv
42AB6Vz1WgtaKu2Wnn1qjNLNMjmuPCBPr2B7ChBojmWz
BtHKvqrVTqWb9MYvZ4GsMsg4mc5PhgaYFVdZnCwQDh8X
4aFT2xSdZCTKTQvdwd8xgDaNRhWTD9yjJpHE8iNxWicm
dzDXojNy77xvEtkWnSYPGTB3VCVfGPGJomqVdvuPvHE
EWC6ESChdBqExhp96XPMLXR65pXP6Ftuh1pPAVws4pmk
3eucHmLaRJzL3d3rzYx94KvxcVhR4ESLo9R9hhb5Snbo
6rXGLWZhdAsoYs2mGEYCfm4nMQ3rxqbWx6c8syVo7hpm
6hK4TePe6J2MAMeb9AWcFwi3XCMwpp67BXaxuxFmNKR9
CucFY616nTCZy82ZuEp8WW4ZwZ6nyBDuuN8dY9bC8etT
8ber8SR1de7Ai4R7399qsCoinK5kBYk5jWQpP4LqAxMi
ASBVi2EqdAPCDCYfSa4nTTFzduWnBN5aukzv6QJ5ZQDP
4pUQS4Jo2dsfWzt3VgHXy3H6RYnEDd11oWPiaM2rdAPw
BgzrMG1JjLGKH6aVgjqeK9myAEjDstMEPBE6MKHoy5hA
5EhvzizkQZW3ADDc59jyVqHdEKgb3u1AiAuCFJLwvYdj
88LhrXqovctgosaTgDZcW7trJgrybe2ACQcnERobYQho
2qXqig6b7BWU6F6ZERt6AnsTWQHT8Lmc3nocGoMZHZH1
AUaQdhcN5mVRvA71B3kRWUF9BQTK2h1V4rUqkTw2eLEp
8kZNbSabeG2hsxuC8f9gn71xiRCW2oFpc9tMKgQgoPQS
J8vxiR8o4NvY8wcR46iuSpSAjXhBwGCgrbo5LWA3corc
GQotqmCgfzgRhQEG2LDtThjnkgwEToqZmik7Za8HAtj6
H3CWZnEkGhPAhzXPXna2oxZe7jNLJkJXwuiFo6wxBkET
EfcXioTTCSHTxhgib2e7qLg2bFJ8E61JhaSjDjMcij59
Ai8W7hPXbEqSFRARx5svHbpGUNnK3kgqDsjoHXRZtynY
9EYbhLeJgQpzrskTWEMCKykmqpjzBM6vRC7VQNzTDjGS
3M8scJMMYJ3ngC9dNwgeJ4jYQ3FzUMdQYRNbp79txnS7
C91QVSPebG5w5SP8Wg97bqfnnNfG6j9QDuTFC5EM25jz
Dg5gU6sFvZ59u37T4UhaxQBYeACu5uNz4UfdM1LJFGrg
GBvdzrFqehuHNLc4NvRUQhgVnKjfF5Q2fi2LrBDYivpe
E8pAWPsMpvuvxU6pqJqrq7yip7n6VgzpAcpdqbzcV8Nw
6vajj8TEomHLFUibKvTcEfmFiE9ZFmhFmLGtkCzqXgCR
GpC9NZpcjA2qqqbbW1SVpuzkFfq5TNWwxVUTztRQ3WYA
HJM2Wg9cVyukVRXFVWZu1rMYSYM3cgmha42DtJSmDV1K
25ycRBGgb8psTBBZtaGH9dpuUmD3C84rSjSf8bUSpcgC
73tF8uN3BwVzUzwETv59WNAafuEBct2zTgYbYXLggQiU
4iAiTV3YEZeJFt6Mno67ZWSDZmMSb3yRyScccySmhs18
3od67CDLn9567L28GckH9yU5FCiDhKN7aJzBryeKDKtE
Ds71T9MhUu4DB3DPM2YigYtiTqTPD75DnevgoBfgQQUY
4zFeyGJQLckUkYYKsMiHCZwMeApJ4jHHykNWovKFaq9Z
GLpzNHMpb7vYH98VkGuUKcgPETsDWFcdwNscJypyDbtz
4ne6vC7qdxQYHJCsaeFAKZrKdFt2SwXGHQ3jrMHqt4DL
36NvFFD7C1tK3mB4usBumjy4eb8AgVRVakEZGidbrxD4
SqSri3CM7V1GLSoKJJbePSt7UqGpEpiwmhnsJjsf763
AgPhAsvcwPfT8bcAQxfyvymHdS9enkCzHDZP67ihS5YM
AfYExBciqT9EnkgRRWtEaGmV5gTbGdu1cFg4WLL5XSco
CgbJxcA4DS5Lr3SvsAntXDWh32CMYHDRcMqcjCeUV1im
AsbhqW3u6VVSupqeFNY7qv3j48o46aEugFbovoYPXz4G
7b6eAwz19KGscTnfoSowcpLRiKK8g49LJ2UwUHAnGoNV
4fVZsRdDcUnNrT3wKTkC9CNfKJA25pCGtWxfy6i4ykWv
2YRE1a2QPCNwRJGAWJt1jWfRihm25wRFBQme3QaWcfVq
2Na8rpQE5255GmmcRBmX2PyGNzyiic7n8nN7stqqrU2Z
anTJYMfh4dStRWtDZLwBdyEJFJpKi3gRY6YykxTVCox
7P4Bb1pCMuYNveYhg2j445cmTRCEGp2eAAtBQUv7Jz89
7P4Bb1pCMuYNveYhg2j445cmTRCEGp2eAAtBQUv7Jz89
2n5PbADyQXeCMztD5wnZjF3Nn2w8PmCmqSQ68TT6Q6KX
FengiWQSYF13nh4SCEb4A6tkNDYALF5zwkvh1zAYWXet
J8vxiR8o4NvY8wcR46iuSpSAjXhBwGCgrbo5LWA3corc
7e6YTtoHt2ZmAUcKLYyJqvYgZu68DtZSm4NSj2QcnAix
BVFTQzEas8kMPkcugksaTTuLnQJ8ESxtLryk4ngdyvjU
82UrZrAYbRdHbGXSutsWrBSL6sNSXVS3DtgHfnTGs1bu
AP7H1xbTDGwvctqZj5xHeCZGy8i1jGuBQBWq2KdN4U6Z
2eBBNzw7DeWuYfWhPVGanm7VyYogiWKjSRcAHhcDFSMd
5t5pfR6Rz1f6XeLX7ribnVFZcY7pXLRbcdpEqyoFUnA1
GewJW3eLePbtwrqvy62A1BN5LoB3TZxpwrFUfR4ZH2xZ
361oQ1Rz5ybJe5E4XRmksABSSRgNUX2JDsrWGSymC4Bo
9nF2vqusHupTTNgw3quL4f3jorvPdJ8VBPv3Uw1xt3Mv
92JnT9ktvUSqU18U4NC5TAcNA2ASc3bwaCmaf2FXHUR8
Bq8Xu7sTEHVY2TSGpQxmafaHVcRNUbBju92AucgKXmR
CJf8xXpjjrADii5HaMcrmHpB9dENMLXJWUtxxfZCNM3M
28tLPjFZf4K4WCjiQPnveiWAapcB7xXrbySnmgWCNtST
BuDg39eXVbSVt6QEVfxkKPk25Bap55Gdeif9xh4AFaa7
FBkdDE9fbQobTccnZr2XDqrpeevmeChEiPLC5ABXUXfE
4cKqqwoADnQVUAapaq1CrCwpBwbvCSohZPzB8aHooJjk
5EhvzizkQZW3ADDc59jyVqHdEKgb3u1AiAuCFJLwvYdj
