Aw1RwazT9DrG1j84CMoUiwwoMUgwzLjrCsf9WgBbiv8k
GXns72r4kSMmR9qtpsnpCV2SKNJeMMCEbuUecbTvGrge
FJ2gELo4TUcVBHMn49j2XtiiAjXeLtzsnyuDFGAAU14C
3Mwnm1P1kLAyGY7am6bVmUAeYo2UwT9QT6hEoFx8a9Af
9dzsXLy5Wyq1BaJJZWeHDhUaEXutPTVvpbWT9Sd7zsBa
3EdqJb5s3PYVnf4ZCzg5NSB4A5FPWAWCubWk5KWuQPkr
38VWyBwZZnuYnSjXoYaS4Zcki1iHXwmmQr2BNpALnwUu
29xthDsDN5U9rpE8kQCQYeceE9ETZX7QVV6XHCp75GVx
9xiwHKazRjWQFXFz2Fuc6WfGapKpoG51REYVGiPZLNu1
6qrVLnkbzLcTUx34hh9JcvGnBzjkVvhS6q7Sb6L2SN8U
D2rtWtWMuAb4pdULsHsnrgRndXfkHr6ADwKPdTKDpPQF
3gwDabwZDcj7Cpa1pXiC8bunYFv9R6uj1F2nAiRfehdY
iXPaR1w2qgfHLbwbLxawqSj26V3VZkD1Lc7Be4QZPrt
FDGEKx2DXeDFqq8tgCMML4nTPpKzQaK2GiHk1rd3pnyv
G8QmUvk3vYe1kuy3x9keciZsCV8K8F4LmGHP43yrHb47
95Df1f6BvQb6wJbVt899hJKtKNkwwaWGf6ZbFjt4vcnE
RKS9HfmqWNxVPJSRchtyWncawVBJneY8f9TZXVBhufE
ChUb491ghZwevNsqVG1zNqHsLfjbheAQbANNFtq6XqV1
2o3HRYHGEV9YAXh8FRBJ7JFfdMVz1BJqV7cKj4F6MsYZ
Gg6Wzfi4RMiJCaL7E6faLgaNgBNibuVwsJijXJ9nVVDx
HgAthhfTgAP2MWAeyRtGB3wWF2xbQ8Hpz8GhW7i3wKZ1
A8PH7boh79evyseQNQZLX7iQSr9ZvhyaKECajXvTkhXK
6e6fLxNA3jvGnGeUDhmZTSY8PmzJYrDud441nFUCjxV2
DrdnXfzYZvWQYLMuoudD9SNVWpDy14RE3Jqg5PFnZ8mT
EPYiGiLKzay6xtykjHigbHmm8Gb94VwwUCWJJJeMg2BC
9n39csKXrDB9hCiUSKaRXDo28xWZSZg96KFeJVAnqpjL
AMJ2WiKnfVW87GuQxwD1x6QTFav7ELtqkAm9Coo1mAf6
6WajPfAMpmAsmWPeEGVZAURyzJ9KQJsFtPdGzT7vN6aN
AfDusPHgqt6Dtsk3fFZ15ZaX9ef1e8JuPhjWR67M4r9w
67i3V4pVq8CV2zEgE6JLB7jK3z69j2YYjf2nGxuZvqX3
429SxN7nJtFYfEgxCBkBJRnE7aywcxcoSNDoXTUx3REU
7WN9X7efrJCTe41eKBTD8esoAfhEjhCWAWiJYNB8teYq
ASWTCnX973qSXUj7aCcNhpcnCnVibUd2SKMxxVG6S59S
Fxew6MjgYUvkH8kDPV6cNzv6ycLkzpY3AqyzXP464hTC
F2uxcySiSh8bWgZpokBQ2csNHCLam5PziMWez3cuaVHi
FJRdkNdDKoZ8nSR3gb4FwpyL3ruGfb9HVP4N36yLCL35
7dyD9MjcZdH31r8W9GHX66TauHw2uYipWmXKAvWxLTWD
HDpe4g3utJVVEQZxr4kawy7gdMDzjmNrvU1r4oh9rBfo
GuuomiekavFb8maCGD6aGM1coRxJX6teZzpVJCcYHGUZ
7DWk2cn8AJvwZSq67ZUakczYgLy7iy6yeQ71zBDBdf1H
6eFJ4j72StqDfVKXVi3sUHPeMnqCdZ3A1vB7fY7XpJwh
9j7ij1vjGnbR2pY4qMZ57Qxcugc8aLidaJ3nBVBpPVpq
B424225kq4PYccA7aA1kDL5kDU2czic8kpSFrnLW8uh5
ddrLnW6tnNKWMbmg8nVtcMVtvatzZKHLbLyeoHjdZkD
76miJftSDiByoNae4wRGYu2EU4JyFQQoaLmDAkSShJq2
BHcNf2vww7Q6eJCTyMYozLumPobHiRHQHV1W2NrtTQjE
FCofcbHCAvnqgRP7uh2AMS5ZQHkpu2A3hP5LFyYCKZAr
9pccQncqFMJJLxAX8iZ2mb81NmgELhjDkVfHUaiqsYvK
8LHbQaZDHbgXoNFJAGayJHxuT31GhV44gyqhBKJpqUjj
F7zdeiJP24np1L8jpw3XKieARL8v1RJSVQsuUfrLRH8H
CyPdcM565eaUo85LBUqu62P2PMxbz6goHTHYvJoMJX8i
2sRAAeYMj6qEerfW8jCKfpuFZY2xVZaa7fFEpmZAhGK6
5PpyinpiHigPX1mWY4YsC6PLqjEAHFBtZCfxm9oZTbY3
C298VxzKipRg1HBp7T5dK5dTT3N25vcQGWAdURTRJeLN
FcMpvdz94DEFj1WMYLPCX43rrdmn252tAhahTFq2huKh
Ay375xVYbWvssJfm2tw7Rxty4iZz3xytK1vciHYWQgAT
65A5P4SgVXpHPJmkNLNue1SdjvYmMsgZZo9Rz6X5HtAd
4HRrXhvd8wtKmU7Dv965ayufxiGJpWHFq25ipBkVgKDv
2NjDwwseUTXio4gE7ysPiHAjqiw7W9NfSZyhboCRKRCH
4eSqm32coKjY8cgLfNRUgeRLuG7hCYdrw3QAHzdAZWme
7x9df9E1oB6zUsRsFkkfCb8SEvMuQAmxmMyRRFDLNtJF
8gL24JxBdQcQ7qWxyzxHfDHTsrLYKpW5xcRvxxP92hx9
BKAApLHxvT4SHcVVJtXZFJDH8JujqjcUQfCigmZcggkZ
DgJwqjosWPGrevLmUZ3BL3LY2RecZ8UYrGvYM76D6nFr
AcGAp8jcCsyR3aRVX2pTzKidT1Fs5eh9ukvTT2uGoku9
Gp35YLC7CsCLsNBiGtVkuFda7LD85fmVUn3XBNcZWqcH
FCzPN2a6PrSkY8q6WspwqHvBP7iT6Wr8e5vWPDQM2ow3
HEQEfEuvKqf8aY39eqjNcRBjeacKGj7uFBVggjjKerT4
CCBHSa43bgkeaj37eP9s8e6xrzYKZCHvbodkkrHBMRh2
2rKXuURDFDNEcCLAhG1QVZ8TrA7hxLN9mW1gMYhea4WG
8F4SHrofSHrznhb4qA2M1SgDV894MBQAmWPK5CsddTWV
GEbzjCk5e1CjRA3JoUKXpQ8mtyiiBTfBR7a7cR3jWKEk
Hnj1eXxyXaVVTfQ7hpHyxnEg4tMgsdcrfj8psxtJveED
F2jHyqzKH6rTRMCDEpkM57ADcTyKGnjumNURgLJVvadx
94FAhybDg6BPnQcZLqkSw45CDM46G3WMo4fs5gQiaYp7
2vhPVWLkpWUopKNjD91DAysQECpw8m1C1tBVtzLGZR9F
5mZh8i3nZWoSHnMDDP6xkg2Lwf9EiMpeDPPQ38eJ7c4j
BDNx51yTyWFdg216ywLftmyL1q5fmesrvCq6gQ9X27yM
GzNGiv4nvGBnPhbfa1DoSUR6R8HLz1MxitKgPfWgCPgj
4zJxTbkbKeWSHk4RHTf7rPaTAwnkMuo8RxEbKpWvCjyj
HdMsc59QQzM7b5egSAK3x99dyiVn37PbpW9QdM6iXHx
6c3DgoEhxKD8wpGqoLrseuU1XTHvpzNAcV2V8JubAwmV
Ch5FmWNS6y2uhgDtNPpD16dL7a6b8nfNpYB9dMDMCAgu
B7sTkBbvbKpxXHMPpR6u8yeWjnJAy1XgzFioQMcaJbMm
Ewjk6Wu4T7th4pWhv8Wx5swcY7r115Nv1JAEdnsEDTJA
836SMQJFj9NgS5CTQzvwmHqM5dYXmUHFQti1ViLqqA1c
GkfMWqudKyTe7d74W3dz1pYP8tEt7N4L89LUMeoA92ej
8ttY9omr35smtFjLEu6HnzU8AQPXQEK6zjR1Hv9V7AM6
Ar1SKKEMMeSyVdBZuTMkzPfdRX4keJNBMt6eSHK593J9
HzY6FoH1xN6CsWZUNVZ7tNetZaaJEsKDR4BTWE3cHS1k
Ajd5bhZuUUHv4xamFwqa1eBM9ks1z2yuJkRJAhn7eRRx
5HEqAyoEq5i7cXY1NapwroDz7y4hx6ZV9m4Y7cnxCf27
Db18KC3DkQaQhcsYXSJDP2pxkeJ9okmEYg27KpvxNTC8
9SpVYa2KpHPXr4WBD1jrAY4MWPqxDnrygHPWmL4FvPof
H97VL6Uz3JAi7vb1FjXnUTQJ49VA95BPnd9pBFkyqRSX
4PnEKZw3ggWJJkbzPJcs5UyHqe9vbeLYe3bKwpJztFEZ
3EWhrTRbSU4yXxQS8C85eeTrKVMZx5bcYuDEVJy7wnp4
3xuBhArAKWehn8jjUXE5vKtQHkwViUjfgbAHcSJ1k2tH
Fga2soA4kmoogtkRxxhueEaCsVZxcXAJKCDMj6woJKkw
B3GVeowuWnPpT1gtsuCMyShv5TM9ZKHXPzy2hYt6uDpE
7tsJuCqjBAmnjrwKf3Y4B1e9TCXdv3JrBD3QPLLzugXa
2Qi2s1uxjMawuCLTCGjR22yL9thUZwKsGSwydPELsLXC
7XT8YH5p5wv1CqxNoGfPNwrYkG5t8Q634huW3uyAgb8t
2QEdoL2dPrApQSF7WzG3i6Z3UrGDDiP2DMkhihXt8oQ8
GoZnrSn6YUh8i8fHohiMptymr98WNmfsasSkPRXgecF2
BdYjVu74ncGN9VBNXfykboJtFCF5grfSbj7GCA6NGnns
G6tFf7rxusbvi5eDjhQAJFSfauxKq2Gb71hTux1BW9Sb
JBncXUFBe21GbhHdLSvy12WX4QaUYQtR5eQBrbH8mJ9V
7voZDNc2Rrpxecn9DMAcYCuuJwXEHMpQBWDWWHnW96Zb
FQjwjmtNU1UNnJeXLu3yq1pGhqTQYQGUUtxmwvEYtbz8
4Rh4AodnuRwwUnd8hThRcR4bpmYKz6uBCDhaXJ72BX78
7b76wtqcn6UEVsHT192wsPLt8MKC3b2xcW9Xui7SsWRa
9kbjsEPr8r2xV67pDNuCKu95zBCyofizv84B4P8gRYAN
6Wj6icnpzME5gLUdQAGjJ6T5Zdrj7SEMwZ2zQ4gvdP2G
83dCtHAR961fWA6DU6NA7u4jeTAXYaVggXbVc2kTbqq
3t2tubAwfDBvaVnqqyEtU3jkZ19fqN4NrcBVWA9DmArt
C7d6J45DNKbGSkZqnjnGVt6FhY12AEYsVpfi53gj6Mv8
B7LcA7VSNXiwZPGkY9FiTYHaWn2nsYDLrx6eksjUrHVD
6kQ3jxH8npVemxoo62j5JmZ36mexn5DFrhoKge33A5bB
AcnUMBTqfs4XKPFehPCEBH32CyfF1nUkpws4W6RLeeRo
DTv5TRGU9x2Ggp3d8X4qJFN7Xw1QhntE4H9byHLXeNXJ
9PubqWZhqjEn7jCpqrZ6hUd9ZVxkRQCHFViKdsGMYsbi
3QQcZDCxwKDa8jV8L53QyKsth9ZGak9tHSEwqSib8w1Z
AqwK4c2cpiQWJP1DeFku2yQEfcbboP89nygVpvGh4qn6
2v5gLJaYhhPKrFAMEcjk4HGbvnP4YzPa7D9khytgEWun
Bg5W5EzQFnADR8gkFNrrgSKiNYkxG3aNfFd44jbT2RNa
77D2wonByqLFwjbFbz2uN6Y2tqrJdthK9RAATZD3kb9k
29Xaiiu7gb1PeS2VPrVaspTVqfSjaDvzxmT8MS7yDi8Z
SwjHy8TGXBeTtYc7E71n83mgjXou7GfUyT5dGtdjkgU
13nPeQP5qGnHT8Wk9hxERBfyUxzTinuybQt4DywUQPyx
HCpAk9AJtxEu2M12n7bjU2XSvhZvX4bXJGhrB5GRf7hb
BXxtyTtufp3zB48SYp2ztBUMDnD1XQaS5LdcD1sFbdks
EecGHdb97VD2VrXEnb5EPcaMCeS8AwK2Ey6cxfzBDmg6
7QnzwbqBWs6p8MMDXDESAP2VyUqcE5eEXSMmvzp9umcd
J6KTBtj3XT5qtaW7KrGv1kgthmdhSzNb1Knrv5ho4gSV
5k6wKnF7xk5ScyEyCZeVjk9MjjZf922i5AbKCc1NFPL5
BW5BoLrm6M42skXD5Awc1HZNrUsXrDkTcGQ88QMeuxdK
GPq3ii2DjKhsx6hw3BcLBgexxszfqjNUx2nzyqyckdjq
5zkXzZSJffRq54TamRhvKDvJmdyLkzLU4gB8DvWyneoS
A2ZHgJxp9LpVdNMaX3UNzz5WWahenj9eu4MH16Bj2cDL
DFjizzbT1UpZtXLfpfuKM3ZosyEt1QJkLeHjx4bWwDcS
Cp7nqAhuzsBGv9rB9A1eEMkfsbcZR3UZ8SCNHqds28ry
xZYe62qjneMnGjontk8dtvQPMN8sRFHhHkuJFpw5Q2d
3XD4z6FoBJYsTTeaDJjyqc8Cz7Uin6XjPBvL8koKWpVX
GR2oD7LViV5BUGfJy7W4MJihRVH3mrjXZMT7RJaFrstD
FNjQakomTGE5mx8tzSnw1yYuM1UdKVhgfA6WZWBB3koL
D3QDN2SXCAzVgEdGBCAGjoMH9apkWgxK3cBM48UDYWWL
DUQy4Y6w7E9rRhyhmR5Tkm5tisZB7mZL56GMHGGjEa9d
2rqB1eXgbLEQNf1VVEd6YXuuEAwRpscN8h5riZpdveNQ
DHfDSyHSvLZ5CZGWEAkruL6vJcrGfMt7FKw9iLBjEJ9u
JCFGMK9qTYBWZUbqVGdGbywGYGdnK3MttC8sUn99i59Z
ESRCUPPaR9eHbKSfSkrasxWk66MHuBAWmVyk9Ftf4bwj
HDy1zGarN9oZb4MXK72aJVQpybM4M96cCz22wbvzEFie
6k4wiHyrRxdJoCXrp7CyLXkYznH94ZAYSSSY81oB4zVE
8AZHc31gfx5xcjwDfNtrUAkvYSadLupq2GSiWwM9j9wx
D4a6ynSUudsgMAgCZWfadWH16gQEx5KcP7x87s16m1U9
71kAfdBKTWNKPmk44DhLJQJiArhegNJAMkwxWnaTyWzP
9pTuHN4FhZv3huaKvrY7qumwcKUCN38X11sakTLH4ZoB
DDqnxbHRfHGSUgUY9debjziXhav4p5w6dDg5rfPU6H1Q
EzXKsvnDnDa4ryPQVyU2xgFW3K3fQdBc9yjfdoaVYkP8
38hYPjBjXk91WfUARvznD1hxw3SNF3NGNmj2DEFEETuU
CW1zAPsrPNm2aAPLsmH5Ksaw7jbLn1jMouLNfUNihxNH
GsBTD4SQvCXJXEYEHjDAznw5MpBQQsdCF8E7D852swYS
41GY5yzYMAJs7hGhxZReY12QyPBWcHFr377ASgNJkYpc
5FyWJguqrfo5GhsUkqpyAWqNGt1Wb8P1thTEB9mJ2m4r
EiEs7ij9vBQQY6VGHaZC4c8gPoRpZby51zcSpEZ9148A
ozhbNQh5QFb5AGe2t9uMQsUpbXhcEovj1CQr6E6tg2z
6uUmRqdpbtsUyCWZzFPrYC6YqfvfWKQUhcfwXVqmYnsL
Eu8Vtv149uqVMV7Uf4HGBqUKwxgVooHSe4H5xpxLP1FK
CTRMazGuk55SGdApzc2u9LCG9zyeGZPbdrDpYjWDkgq2
5yasqJTqLh7LQWxpaZiy2pJEGrmuig5fi6K1JV9qo6vN
9LrreW3CrtXj3nBgRWeQ6XEyDK8iTYhs5AznfUbRC9XG
GqVkz2hQDgU6ZsNqzTxjjwZJdRQvUiPrv5CNQrRjPby
7wLhkdFpgBtfziNgM381PBZqaQgq9QfAt17Sd5qLFjpc
B1JaRD7eGEjjEV5jeRXBcp3A9d53XgLNU2PoMz1nMkcW
7ndPtHVbDzdq4G8ZgzkFVdGUupTDxY1rCnPYUK9dq8v1
8Zyfyn7hFgV9umHRgaEcL9o87LKDXSpNcJYWwUx1oWDf
cxtSiTQo3kUdcG4GfVtyrBt162G547aqwZPQg5A5fiR
7i3JgcBsfgjBUdVKWjoE5AM3EcStcv3vLX8PQzX4EKaN
DieuLE7NSSQtBr5yELrFHcx1t4ZhRzTn3s1Vih5ooEar
A316JrcctXtLris2S2QrCqeLUsH6ZRs7e7hnqgZc8ZfB
FYzkfu8BtQHfDCWEpwzP2uFm12qfYgwr5WRhEUwH66m
DDnP3GHutpAnVG5W6sJTn1sh3MGSywKYhGR5uYM2fsqr
8wfqpW3WKHmfZwGGsJWHEtAUNSY6DsFEAQWtMNsqrXd3
2djm9XbDm4JnM8hswXK4gdmQfD6x3KMTDkt69gN8JhTr
2fxznRMfMJacRbKAv2C8GcwjzeR3xHY2LvuTe8TtJwGa
5fG19ptJCzXstngz2HWT8jSod9vctx88YMsMPcK3jtGQ
nLvGcGLgF9L67AwrkVriv1CsJB7w4YpTf7JPEHatu9h
GfztPsQapFCU24qtA58k1zhjiZdYa4eyovpT8Y43VqsQ
CfvjqnqJHfrHcc7UT4UyRmsgsk8w3fkXc8LqWUgNoggB
HPGhvUHkS6iMNY2Tx5S45G9zdgKt7U1e8GFaVgmHEEbq
32wwyAdvmnte2yeVJHzxpE4WPvydKUq87zqmQyhqDMPY
3eyWcEiRp4pXgA4V4hzrgnNSknQFxChFR6mjkhD5PNha
AusB6yctbiTFMq4Ejh9wZqAC6o3ryDD86qDav7A4HM8R
5kQgPj4PpGnsEtR9NFP6SLYSobvyy5oCjWbCSgWGpKiC
GLZ41GUdNLc4UpwkFytRXsEthxqHefJLT6sFTbaX3RLr
5c1bUPQFxJ8GidSRgDJZYEzrrNJSvJtx47q6cQdWFH6r
8wkGvpD1ekzgumUgWxbeTjR1AuhZ4oUtwSp6sCidTaba
8acj1ZGzfwi2KzgAWRkG1u3DXGWLUu3GfjbyXhLFKn3B
5MYzrfZumhpqkVJC9AUC6K45mvxnHB1225rjKPmjuHUV
5ax8ARprG7MdMKfRUk55bxmJshUJKZqm8rAAL2QjbhYA
HEKrhhZrWH89RidjtrrdfUNRDfdTsstGuUm6qanNgzkk
FVqQE4FgAE42wfkH5tmvkS3KuvPYjPkNiqkQXqtbb1kV
Afd3WmV5KXo279Au1mjJUmwS7dSiZHiWqSBXQF57KdjB
EeVedVMHcU9tgoekJ94hjcbiR6T378uvqi5n2vXWkjdc
4u1jd9tmhmvehPKMaFDTHuP97HigxVbdVzjABmcGb5V2
5qS8sAPssnDHbnVDWYdcCEZsZoC7A5b68dh41PgwmFjb
9ZxwNqyNVGX8qNagjoe51jJ6KonXjgx3QoD1uATx5H3o
9Nat4e5x8JijX7jWfSYVoAAype7dz2KLBpYFTkm9Kf6J
ASDZieZP1zMw36zwq2EA1QKx2mhfsQG3oDeUN6LFcrHF
EnPUjzZEhsPCWhW76hGgGxzaePp3So9jiGDmL2mT6is6
AeYT3s1vmCW6N47epbD6JFZdi364hAV775aRV2bUFXDR
CZS5THrYUr5hzVENGUrjQce78UdXQvK3fmntYaf77XJC
4GNPKZZnUfd38Cw6DxEKN5rDD3nCdAqApfU3EZH3DNwR
GMLsa8VHzPJd7xkywm4Ub9EpRH3tiZqnkkEWDHs3Y4Dm
6CARiPyxPgUmHGimG9ecCHHWGA2LFAh8SfTSdckgjFA6
75twu6mykPBnrtCzyufCDx7xcAhyPJHMVkPvJ2WHJqXa
9se8wgTpE4U9HKrnMcFS3LFGLY1Aab8wUCsgxjYELf6Y
HDcWrnS5qct2zFDy8dkdLbgevWoskWtiMqzsxS465n6k
E5fbDALrkZ86VpnFofeZKtxkSZGJgnkbdDEmWg9LveSn
sMBGvnzjNuoRMQhqMh6tvPCzuQNDpubi5VL4qFpLikH
3HjXopq2bNuKR6TA1gfuCKRGTMQjX7vUejBB1N4aETro
6RJrzg91QQNNz6UtdUJWUXFsbkPbmFvk7SnnogsytK57
CJvuB7mRE6nkUKPrc1Wq1gxvHUnChEvn8mMa9xoDeza9
BgDWy1XF7hw1QivsqoTQtVnNQ3fb8pm33qhCGf6m3fpS
HUcfHasVyWtiNryisPgKHuf2vNs3snJQAK1o5myDNEgS
ECZGzjYJY5mw2WvYTduTFgSmDLRrbricEC6rL7peJxLB
9FzH9jw9jHPJNTCngsxTVz7LHU6aAicwTkit9dUEff6n
AhufCscu9LrtHQYoGiZeR98AQtHmAjqacPZrm3HZrPRL
Dquvr3fuVbmrhQPcXNV5XdtqXVNaaGmj5yrhB34r5JGY
4sjUDAxDdqmcaiUsGvnTqZSNc6QX2y8cmYA1oPMEayiV
AnaRXjtB9sGzssHHPg7M4rhuhscWY275UHZVrag9dBuZ
2fpwNZVrv3KPWajFbKno1KGenCd1NxCkG4LPvZisXp32
AgM3s4bMC7Tbd4Rr4tGQaZXV7TtGkGSe6bajEn5nLd5x
Ee8ZDdRYCBdzdQUoiWwDYJjXPEAoRhBGaUMPWKnC1uGb
9gv3qKtDoEHVi6n2o2nJWKXTLWrMU4F7D8b8scnj7svm
9DHD2JH3h969zSj3ajgkZ1ojYjGEUkqEkRVK1mMHPK4k
Ez8JXaTWjKYDKC25JMajFny9LfEUdZg2Q6FmpXfDgR2U
5CTBU4xQ4VXCDs5MPH9PxzHBvGc43FHhPRZXMnMHTzE6
B5jku98D7qhpVdQZuwJ2epAiqumPm4XZQbJRRBkNNQT7
Fhz41XoyYkhtKGNi8FnaABGqY4r2ND5qAnFG32vPwc1R
FyusdVUrPGWiaeQfbzr6vnAtDnqQ91BjdkPktSNmgzNP
FtQdXLxGJn4EYhASY2qiSTugFxEN3zFgbgTzzBDq5iU2
AbFfE2e4aBPz7Caq3CpiGQrUwetJrLYbWESpmFJQRHMK
dyt1sbngh1pkqgtnJ26WBVwD1FDbEkRapKixNhPgjXy
2BZfiazUY4eFjkDMa9eUnPabuecGaV3ZYQz8TKd7Sfqd
8ouLp3Jbh9oci631zkmGXFg9bbHoMWnpGJREKni6uCkg
GZMtT9Lg87GvkbuQCskKVYiRryVsfAroVGHNRZfjRve9
3euoMJErgXUnAzcAELh6A9EpbAHEvssXBF5VHZQqupUU
BdQFdHgPFzgED7hvnuYSPAhcyw75TjxPMt1QchCaBN2J
BHFnhhQziNXRvP28ajnUi8KyCEH6Cf7neHXXkeKC4B9M
D48993tnncGCoEmu5j6f8DZohpLvMCqA9JQYKtqU46aB
EqhkmeA6vPuBRcqYhBF9AVQBgNf2ffBWqbH5qHxFFqwt
8CtemN37rKd4NB6v6dgJg62QQzQvR8UtLbeRX8spDQFL
8wJoufWrSknht19sWhxA8MtsyHv3Cro9W9ZwvNcS7ZNY
5F7isyciPvUraxh1P3rHQZLSg1CUnD7BfFVW55bTtu1j
2iqkiaf3DYuW7J6yDtEY7sV6AMV9XxA74wsikDb5xzLT
9mJz8omHWjt3m16H3HbY2F8Sm5zFnEMVTXibm6hZgAfe
8BonRzR6TbPedX5FX1Dgk1d8oAy4i3oaC5x9zoHLbh8P
5XqugAA3xs9Dr4LbRmmcNxxvmqYoV83G6qrVBTbugCGs
GLAGYNjpEynwFRLkSiCYfcnBVRtuYsXthJk4fgqcJYhz
An4eWuHpSBpvHYXNupMmic6USr4Fk7nwvDaEmGDekLsR
BWMnP3Zu6ErmPEVU3vJgcgYrdzgeHKHV8RRqYh79r6xM
FDosZDmmibeb4DQqWNGeksbrUGP2VYDSF56hMxKMKG9R
HrnBmWfm3CNUKgcJWtfsg6YBogdopFMJ7vCQJk3Q3vep
FKRGMSHwBLagUjZnXvmbZ97MBGwxnaFUHeLsXptWvmHC
71CD1kcXEHdP4Pj9G33p8Tv4Tq6fUbAuamDT3VXg8cwf
5xVaFS3Rf65i7jkwv1JGQrVRprTPuXNEMa48QzgAhSeB
2FCnHrZJakUxxPcMjtoNACb5VUWZXLEbbHoLsa8rYTrw
84FrWgz4baPrMpS6eQCqGfvEhZtJUFYQoebpBaghY1PA
BrECrqeWsQ1bsNuUugKvka4J7XGD8WqCznAougZoD1bj
GLskogxnsgCgsDMDPvz7SiTUeocUdAsE7zQ7NJ7F8eBJ
DWmfth1227rKHGTHv7YTreTu2fSCk7ZxLT4ENTjN38yz
13845pTDiT6UgNgdPaupse3DE44GLc2o4bJ8jPBFWSUT
CXM43LNUrVMiMg3P23wb5os9PMgmJM7W1FH1TbbRb3HH
2oUBrHJGEJSKruAByCdoGWdHBqxQJp4E4GzSb7bPy9EX
E4kkf6J1yFBLjqhF4p9KHxPGuy8aaxSfoPFGUqYtrHJE
6Fwrn2SRxSejKbcw9JfCCi7h9ubgTtMkBiKUxWfUxY9U
BCXRDZjL45hFf3aA9ZCftY3fcPuSSExwMXzRDU4g3wMH
6E2WEfj6pS24YyH5C5Lr6Nc5F8MD6YAZEhmhVVDcvT9m
4JwUwA3zuJ7iJHMagZ6gZHJk9CzLwZ5hJqYCZyBdYfwE
42CSmuKbsGknTR6n44ctq41vP3Z2xDAKc2KkqgoM4ErM
5vhaCEnRXcoS7qt2JJAmMb1TWbf1ydciJSLJsq8oPkZR
aQmPHU7ZgVbHgdRGd9sa2HK9tjb8xN38T6VKaMmGeen
3xFCFgvGvhm6eMSgPr5tR2Zc3AE7aLLfacikKhtxD2br
93KDsgbkmfiwkYgmUy6Kdk29DBY4kp2cDh77EHV8cVHr
EvE5rtzD9UFwftVmqJvFx9z2f1XrbyUmWbFtUWHxZXnp
9TPWVBePufpd7iBt2KMMKfvxv5Ys4QpSQE7VPhfDbacD
ExR1iuqz5nkcEBAKx8pZ6k7Ae6nyDUBS1AS1pdpP4jtG
EaokLKBHJD9ijPSk4P5KgQRSLLNrVxZcfBystfiebhYU
AExEZiDL3kADSS6ye5ep4GFmuVpbLeeWeYcb41rKrrJ2
FfhYcD7ZVoKWRwpy5BoiaoktB3DLgyco2ZxHqnWzdt8Z
D3rr7j2cDZugnX8KcU7tmkrTBE5NhdR2KPkNd4TFhZ24
3qsSebXUhSA1kLsc2b7yUJ3bFBKCS8kyfjsPCxhowuvw
ADouRTSMyDn7tGCoyLTBEcRcwuuvptsHFpj7PGVaeM5L
4yhyo7wpABo4k9YQXxGftXfpNFjpqdDWv96rs6tA6ab9
8yguqHNhXeHtzQRmj4kSXVUuwwrdJWkjM1ZEt6k1EHba
4VwwDwtfszRb4yKLCCFDUffTsJNw9DrvTNuu4JVSatpC
9PbQgZiF7JVr3nNsb1ecApqGJNzgFYYv2YWq1HLURR5B
4Qv1mKF1z4JELBxXYSGg47Q3KMM7x1mbCn4nHR23m9R7
8knTPHGTMe9YvLLVRHMyYw2CU5y8XiTXL63kwLdQqTTe
Gkmm5h2fyxjxTZ1yMz2JpMTcEQLqmrtEDdULZnoxKja6
A3pSX8nKXuuWUuf5LTprgyzTTZKjiFNsgnxATeT6BTSP
C97NNeEcapW5d76FiAH822UZzxz7XpK7ehMMhrbC5KBF
4usm1WLdZPhKcdRqWKvs3mhYX6qvXgbZKx1XWDVkov22
6Ng49oJWZALWEe9GDWYk71FMdhW9gYs7JzbNzDqQn784
3osjmK2cR9h1YaUrs2aBfbA1eMBFvmpG3Qd55kWRVPBX
3K1Zx35H8S6nFurSf4pCeENvXSpRYJnDFtJq6uQ1yBQR
CinNvWcK62S2XYS85Bs9xtva3x8nr7zDnMpNkRX1wL1u
DmxBNtdyEMxLfLyboizUi2vsLAnKLoKcdEGqSMFj495N
35DQ8bWJTCR4z8mVbkmyD1puTDk3UK9356DzV1qPt8F7
38EAs2gGVscZnQJHMyMUvJr9xs4QLUUkGkrSTSQyLjXJ
EAaj7qJuJn82CEdfXki9rhZFQX39jsAxfJC1Hafu2MZP
8z6fB8UXmy2hoyfhTVy58LQYg5JEpWAA4JWdn2kLGn8H
27JbeRzYoUxoSPN4toR2ZaaMBxpCZ4F8NyToNBu8ZTor
CcaP2UxwYJJrmNUqgm6QdF2hRgU2wJs7U4eCPLk1AoGS
GKTYYahtRJNqE8JHkegC8VS8cVQMWoPnQ9a7proj4mMm
HbPAZ1Jz3nXXyYJZspZTxRFTSSQhSLDXz9xiPCETPdh7
HQjSrh35voUHuFoiPVjZNupMhwDZH8RVotQM3Ci4sFJ9
FFn9w3LKkX7jTvHjvEy9AhzfP5bUM1YQ7DrjukyQ7GKs
4PwBJmEk6wUM4Njive5GBPiXzYp4sRdzX8yRXUcFwc8S
CYfVHtdYLorCcBhpmpJsfdwzgatYS2dYSjkauk7dP6BF
DjmB4QzstyJbH6P2qLXSCrDFm6PK3T854XCWxtWipxKx
HhKkVVgf2ezMi8Kq9mN4iXiAWK6B2U1mXX93gvDFxvD6
4jAoBAvuSmqMnSisySSfdykmDHCeRJqHVZEFaKEZmdvd
BKYMtzzxof1aBnuqpRQ4wG5p3kDpgJNZcB2DNFLFRAW1
9vWLSZuqKaRr3vr9KbcYKx5ejYybUr2NzWzivnGgKWQZ
5Uwtgo6QALEHYNHWi6S2DAdXT3LjnsJz68jH3hd6LR5F
12nxuLvriggk5dZ9ZeDi5o9qfdAMur8N8QeweQFURNTF
HKYPUpqT98V6ubMJkgduVwn1EbJQQrX7WJLjHYe8Mtdc
FZqsmpCuHVoJJUhgiDFzSPfkaQS9C66ApNWjHqNT3Z5s
GJsy5pkC67q2H8QohEvCWFPVhaiAPxup98YxHW6a8T59
9LEGZTSn4SVyFzmAsLGx9cZaQ18rxkbFwPwTfXW2ohJL
AyXLzZc1Yj5HsGfcwqJoviuniF23zfUiCviAc9hNpFFS
JA3usamXMfpRZkgoFPGZsXWCjBvSUsR1LVZ8CBpwkipb
A6iU9WNBzTsugbtHCD7T6Q3ywMEwHZXHu2nEZNQvaSgw
BBsLsQ8hj9oa5dz1V1ocQ2yd7Do56bs1xrbjVH4L9zYU
4h4PozzpjhZWFHTZp3db7a13AmisJ57VuMEY5tEyH1aa
2qbJjuSxdvuVnr6HsEoWKBWPqKZYjxq5gnk5DZDSLkAh
8iMaGEf23oxdGQYuSx5NpBbfz9yC7ciHx7XdcBo32zUM
GCDRmYNSQrC7FZgWBtXzQfBzcmwNuTPB31bXdfMG5rTv
J7ftuLxR4PPeu9QcVTre3u7tJ2wEGZoUkHKoXxjS7xQR
9ei7PJSvTftungqZrT9qksTPjga4DZDXnrUnDjem2yKh
GWWAmqJjJj3W9CZBX3czpd5jngv7dtqvqX5J3Y2ii5Xd
ViuzzaZwbwnWfwwCbsJY64DQaHZDF5FuvySUkN53FJZ
B1uE3nbAjs7DDTGJCHLRcQgFFMRz4HkU77uWVpL5qjZk
2ur8eNbyxr2TRBWd8N3q44s8vRq2SURHzQvfRaQxsBEQ
ZgFjp7izTEPtfXZ2aMcstEbkKd5pNsN81fWKR8vq83K
GwP1wTXWSPmnEDD2vDJwtuqxJZhXDqZDhq1FCkt6Di59
7ZTpDfc1cWXYuNH3Qsxm5daF9AJvUhaNBM8newfbN4u2
F5qybb3PdnDH3Rw4a1tMW3sLJhnNgXz6peD1tDi31cU4
8BgAX73zPNhReyTNBpswjdYhXvXdTUUNXTxxG93vxaoA
GYd6RE8AMpFRfiuCUo7DFM111eBAGmnqiNwYiAX4VpFK
7dJh385ShJ3YhdtVENikpC8PycjcaeFiE8oxA7xNUxbp
2u9kQAYhqTooa8vuhZQ8z6AmCj1SLiozMVgyvjQQKyb5
6xavMJxsLas3MfetVUKwzUtAhBwaCQxRxzx5f52otZ2J
3Cg3zJUywXr6pgatKyBHyduoQYdJHJLLE1ZvmrrwXVXv
GZqY95RBubXUd8pBsQXTtwQAqyHL8hkpkG96vLrUgpxj
A2WdQuRHcU59zTrZxSaS5W72CB5NG4LMMwtfnSEo5VeD
3LjbrEnyeTvDQj5VwtGf3h32yxHvJouYLm9DtB65WRj4
A5gXsypskctEsUBDzQNTwCV2HiPius2JJXS8Cch9WUay
7VPjaw3YXU6VUEmQavwmUc874ZbwiqeYXq7f9BV8Fg1j
8vpQzr1XFTzpn9KkKL26p5pNuKH2xVe1mPDnGJsWWbmD
Evt7fJV4uGBmLR2tbXcV82NFQPXPV9gFkchhuMTzVppZ
A47xtkB659RUG1EbFrMG2SB1eZmY2vJS7eC7sMRe6m1h
4ecRuUknYLsj5Wr5ZtGeNsKoVcmaiypPg7FiM5YRRjuV
xbKm768iwdKZZmrtGPeACaSJuRuFjPwSp9b4Qdb4At7
Bf3aCR7YyZbdcn9ekx3m9zVCnP5YJp14vbg2vMjGfKqm
n4S7xsChMZRJCxcGiviTMRAukSai2NxPBPmCtxeH9KS
3d2yf6qRWw7U4FnZGyL5eENycPmLWwpd4P4j87Te38PE
7tseVexKfav2rNc3UG7Vu5ir2nQSw4Hr4oWthojCoevL
7kuFoafMcLfQbb3izHQ3ZFfLED9SqbFpkd4CfRTKHWTh
4oTeNt9chuyDLUVpXppNTSuEvaPqcdjCcMgQWp6himmx
8bidHm6A6Ncs64o8scYmWXnzvxvniKgZVZdeFny9WYkb
GBJdNy2JLoxbv7cLeAvLJrzbXQRj3XZartChtsMXZkvG
HNV91EBAjNikNqn6oMqC2sPMu4CFg5MVbTjutUiYtMJk
EqjKyhbL6DFWPGRrY7wZcTZnnNgVMgrr83KJvoFDLebt
7xZaMXEzgh2oxjRUA2jTLhR6YaWjswRWseL3Msv3YFQK
42WWSGcywmXATb9NmhvokfvktzZr6iKnGUktuv5EFyQ9
AYrPTNg9UsLtRmnv7BeeLYEXuZ6hnnEQgHYky53bntf1
4hh42XhVGvmeAFwBDaG3fpGhdCTzz1VMfTCEvUi6xSFo
3QpNaHN4Luw557xYwxnSih1o13r8QHgJLfcNsBLLZZTi
BKL1CXuZYwGG79yuExjJowKpdHupw4Y2voY9Cn4genpj
D7JHYQ8VJttNEaQg8Wwi3w8r9nB7WZo3RBmjEaCkNQ93
4BjrqoXNn8HqcPsN2Qma8ndWKfPz1yqXLEazi9ZbRt1F
Ah4Whak3YBWVxwEyzoQDY8yWtfPh55dBTbT5oNruLBmN
2jdAhmXt51wCgdxgWVH4ErbN3ausEvsZmGPX3eHva5rN
5472jCrpTPRr71hJR2SEnJtv751Jm69b2jTK2wLuc95i
BshpqvWyKo2n9w5xEWNcRjLb8Boa3eFc7V2JdFEHnM79
FFzobEm66HrRo3BMBaawtSXYGMPTJTP5hpsrBzNVyiFL
8Sw66bNds9pRqY5Xds1cEpNiusqUPASoZq7if3jTyJMv
Gub5ac7jMYm5QRLJZTdUCCa4Mt1r7CAGWmD15srHGKeC
mniFmLZdrgiPrMoUtemt2Beedm93tkjwkSCFBuW5GQQ
4Jb1REZoyxjZtQnpmRRBNn1RASkbHKkzvesyY8NWis9K
E2kZ67LonLEKp8v3bxQtLZ3kjp3VWL7wL8rayMp8yqww
26zuKWZiAnHavq726RZTr5MJV4bHPhK8aAb63o2eFYsi
J6hDU2ankM6foGqGCLEeLKmEXWwSkqHUCacFrVYqF1SH
7n4KCgZ49NgdX8b1QRPhTUUedYQCSWAj4JccNd6SNZ7U
4up4yD5EoMnFTNganzSRi4hHqPB91NTgwsf5QuGT9xUo
9LUGshgiPaCdWnFneRRCFcZVFn5XL8xsHwhVvtkS4YaJ
7EZKpKKXwBDT5buJG3mdUg1LCECFqM2JmmF7UTfiZN64
C6hTqC5QQCyQuVA2234FTPqycoj9t8EhhxiKEZTdKyUt
Gjp4RJDRCbTwNPMgvhYd3oHfkUjaxQywwL4Ax49Jznuf
12FF35XrPPL9zgM4nqxMkaLV3dSoXHAkg2iDsTyFPifA
BH2cuBabEAJ1v451LFiTQqZKA1gdYFKLZQ88mw9YEDYm
57f6V7Su8uUMdaqCdT1XSk91tdt9Hmh234FVXRofdXCs
5mtty9s9unKQzbQN95gTZWgFeDZR8UBqFvAAxQEddfbC
8S6KytvQkhjZgGW3CYEHgb2txWEmhHGAHsDhNEnyoW7y
6swvWSbJE5mTtqUwqHw5m7jUvXoRFzyHH2CbkVU5A7bA
CAMd3ZT7fENNZpaZC4e5Sh6wpawELdmGAYvtwR3Qt1Qu
GqPckJALnJMB12QfSyv2bpGpimLTr6T8ZwjSAJUmEGea
DPowJQ9M6UVbDMupgfQB4jU98yZek9g2pncph1mMyyBa
6iWbuaFTpB9RVhzbr578JgGHqCTugpiArrkKnVjmH8WE
BxBEEdEfPjuhYTGKPZHrrrzzQTJ9QvRkEa7TCaZfAbfk
28mQeq9pJVgP7VDqz5T1ZHa3LQv33z2fzQppA98WS67y
FY5mqXFrgjHdmyqwut1TrTCUNUAYsEuMjMMpe7fkDaWs
7mvESVHn69umsouSJLBwU33NQ3oZb3cAUfvgt166jzbK
Ec2b1qeQCErvakFkvBK69izq79uyiq7K1LvkBpACkP93
G5Pg635PYCQMKrM1m3QBHzZkFkhFwLkpbeZaF29WR5jN
AGNFySNwbjP7wfkgxzwpiBZRaZcs4zcqmzqZUt6Yddvc
31gCmGfPFRoAUqUXJVUDYFYh9GwnpZ31zUNiXeQQYyvk
FcwN7CZJdx2mXnE26H9n5pD6rDa1Dr6bUutx79gok5i2
AhKLnc6WzFykDjyMS8vZKDsvp2ExnRtMJQKcJVCUCyW2
2nvzAAwWnuLuyQWi3PnX89DMxiNozPCs3hrdHLcYKsvS
CjA4kho2L3r9dRXBtFeDcVjhxpngLGcnftCvgAf1pJ67
8bo5W1hWfpUKVHrX8qeYUYnumygXiQ19fm2uzQE4P91S
CceY5JP3UqtXPxJjZrPg4Ka6kYvpKu7nWuRqEDMoRW4W
9a8JNgPnudDRLKMMYiHjtpqJTN2zbP4HSi6Wy78AgvWk
Fp5VP82WWbqcDhWaMMdpKWDz97CQY1oUjyYdNwxqovPr
9c8Ht1FWGGrBS2kUPFVVL3Gf26nfX8HdSgGf3i4apKJq
4q2jYpB4sQYLrE7g21p9km2qzSxmRSPASWBfynuxzYn3
9CCDrQRfD7QhEeJcPviSMvHkaefUCpvy3y5nSPhxFoW2
4EzMpGsXRRahpuWuRSgom14AMxRwrcbDd9vYFxSFVcA9
Fy5NxGnxz7t3sYNjkbqKH6iE4Dktm2gt7oyDYc1iVHH3
A7GBeGNN7qPG7n5SMyS1jzk5RECyQsxGFtsxdyaE7aB2
DV9F9Af35nL5gTPptCjHmbCxM7MkDzV7Ub3fvnku8C4c
3P9DMELisTo84tnVuoQFLjNbU1fyt2mu3dCvt5otJYes
5kDR99Vtfmpjj3YJHugmEcaMecffE71PNEBnxRigo36T
3gmjwCDcwdEmSaNwGmH1i5LJqZJbtyXYMBd536UvkcXe
3pYGdAztxL8qeU38iC9ncGqRCrb54ujbtXBCVwqFEW58
ENMpEdgTxewgg7wEKZcDTfkfcrxEvjtiHjZtsmnEY2jn
adopB2GAwuMtnSNHmhj4JsN6rMoQk4UjccEZKvZggsc
8ia8LfeT3ERMX9xUrA6Gj9ijAMeKqc6NNMXnZb9rMszk
7Ast341HUV5b2XNTF2hXBPRozPhRGVqUHVrmFeVFAYgj
GfRYUSnRCesyMcXnekpM5FLvwVrMYNRyUKcEq3BmXhG8
3314uh7HsLRF6JcXbKamgWJ8S27NLGpqtfmUU9yMAgWv
C4hDq7g9AwfuS6ybHcXpzyGAYjJDm9F4Ux5LV52A7FEb
8YCtjKvF1jpciVn3mcDojAo2iGdmdcmzfakRvkWMkaCV
6QkqH1BWV5qSHEXWqufrzypsczEJ9TyMFynjQu68Xvng
Ep3UsN3sstCQREWA2QT5yBMPyvvBcHGeMzE141ukN66h
BH4tfBfG1CXPeudmbYw3EPEADsxryQfG3sf2B2Y2Lise
AXZbQsMXf7WaVTig9iqaJGHqzkRG1qNb9iQandQMWRaW
8tsPRi6z2K9faCxt8BQvZS6nJFaT2X7QQ4WnQXy6PEDC
Fc21maweQ2VuHbBf12PAsoxUVYZC6KgZHZn6mjKwNXv8
F8uyKLNJZFNxeGHkRAA5ZKzHsKMH2h78tTUdosKWS9yj
9ofWiC5CYhySrCGtXgZYjrYXTDbpzKyTg2FnUnriyXpE
BePUmwVAYedEgZbEuBVsGXHPj52dDLHY3ZPQjf1kdTAs
3yHB51QgeW7L38UmQaeQU6BMQXeo1T1cYA7k9e91oLi5
93GFXHSPe9FUcZkaLYGzhqrjSdp32NmhH6yEazzkiPwd
BU8Cg29UsXHrfFpBvawJbRackpbxs8rrtpD6AauoQK6k
5GEt4k6WjeivJXVhsUiGy7cJrw3degCBn7GKri7EuiQH
HhRTGEUxHvK5GaUsoT1HaajTZZbtxHi4f3STTpryuk5K
AMThJxXmsshyZ2DKcVLTaXk33heUEECcYZ2HBKb4jAvK
3Wzk3diMALncQUoXJXuHvGCEsmnGThiZxSdR9wBdtWbw
CpyBfEyuf3BLT2UKCx6UnpVn9z5HXyNuMrW9XeT5AZuP
FTaRFrVXj6JpDoPiNEb3mdTzHY1pnBbxSRH392svck9k
8vPzMTcG8wxdWeS2cterR7cUcLz8TDgx1injuohRwagQ
AmKUizEaYPukhMMRh4dvGR7ef9hbAsfkTw24o4AbTH5z
C9sTZHhihyzyf2cvuBp1K4sDCRnF1XCs6vefAD75hTud
6BTcK13o2bWM3UsdauvrowXxmi8M84FXPAHEyPgJL7zb
GbhzBrjpCEoyAoqdtvZVBva4eYbCrMGvDjuPD2ovouaX
8xE6HVH8aCGsXEzPCtU4HpArqpGCfhPKth7rHMNzf7rx
HHLxC5Q69WgDoCeegQvL6rii3M6KYBVSDvrCoXFEvNoJ
H4QTZZnDF3Wmw3u1ZyRJ739RLKosjz6WA7Wky5cTSp98
7iFpeWQh42c8FEFHyrvbwUGdaFb1vHZuAy1rHH61REjp
6wg4eoVtcqWFcsUqUZqQ3SiqMG8EBycQJsivYgNEPsYE
9pPELJMvGK2aY8mYDFF9m1g8JiuqGbWvVP34yDENcStx
j1yeBoJpBcfV27hYzraNzx6oPJgkNwZpihFUcpYd5Vn
G7MajiSPKrFXmtCGHXnN2GY5n45MrG7XJDmYfmaanoz3
GJAGf6zQoSF8zeBbLkEmt1VBBV5zs3uvVhJcd2eRjsP9
GvjqVc3kch4gKzYVdsLPE63jmZA7bokNWzssHKtTe5SS
5gUgT7jyhJBL4DUKVqY94J6E1nxFc88hYTWwPWhJLj8t
6BNwrwpppLoforiCNweFxiLpz2rAaYd63C6JByoNwgr5
4bGm6ut91CvDjRdCyUR1acJcwuitkURVZ3q4q5zsJ9jj
9PUoAyzy624kjxokwB8wYFivfsbbimpGXtCKXyjtM7oE
9eF9VL39CH3ekNda7959Kkb49Lnse6DXMkwvrhgDQar3
HcLfW3mYDRYsc1WozjDLU22GPercLKujHGdSsr8AbJ6e
3qio1ceNxXYYJ1xJ74N4bZUB4PJq6hpKF36USXWSvDtA
6K7BnHL94C2s9FWgjNDnNqaK2nbZ9bnfiNcvD3HdAc8i
AnnJdVEoLB2k1DbjS4mSzwUavWwrrFfWpCSztbNqhFtv
xUZGnTuYPwWN8j8xFA3FR8En2T9LzQ8kWmWci3KRJx8
HYPbB9g8K1dBY5hXaRKfYXmBx455G7NyVjaWCyosmwqD
8hnnm1VkQnQ3n8UnMgmiNnp282wnswz8udc3siQCxzY6
GxFzKHs79LVYzuyL4MbRQzFTEN5yrCxYMSZ6sGZZu5GG
ALQomfenFBaLkaMw37XcRG2tmCiYreffB3qBnMSDJViD
HptPiV945cQ28EffmRFSyYq346UpDJFQk3Urg8wMADKN
EXNdiTRG5KmiKBF3hCLUb7N1auJiduvVcSkw89U7xJ2v
CAVHxpCgqdJ5AK1bg2vuFufyxYYiCmTxPUfNQZ99kFtd
NesfBg1fGJiBGS7UQdQKbCi2s8tWSqgRT63Yo7abdG3
EwDnFoCMakJHdAEDZFvEP2RhjNiK2MXMFGKSunNdu5u6
5Z9jUuVXqdNvDuEtNsXrLai6yYBLNWCiCScpPx6ioBRr
7FdugdSDWsbUhQoF92veq9UbaFGdpzdzZ9R1m76bC9Fz
FQEz9irMRuWJsFf5ztDTGVnFZfPdyyoQfsibJjBw9rs8
8QBqm4LnT3GLGCmhShGGg2UkEYiDZimLLe1cHV8vtW2j
4vstujp1cNDA1T7S7zCMfXgZrf9Xyh94A79qbML34Jqq
ASzjdPNoFkq4miL7rLGPjEyqaMH27i62Fq6PqENq7jdY
AKEFeCRecTzfWw5Zuc4Gy61P3m7PTn8Wms1p87SEv5aE
EV3YJZNvum45sFKTcRTBzWtaufK6Ng8YLopZXVUAiSSS
G8TwVq3Qi9Xf42mJ1snY6WiSeoipnqEJKwjEhLjaArVT
4u79aeeBt9rNzVuP9ZPvCiXBgi1885FLL2TY7nqCFzrC
9tygyUidGh6McLwhcgdadBA51CSFfPWiZTot8KkyBi8b
HCQKZADhxhbsS2i8abp7hnZnqHGwBMyykphufWxYSYiz
2QjPiviNybmX4Zun6TtnDkk3eTz6rd18B6JciBkpSvZa
FMjyohHfH5KFF7tLwAwaVGJJHgACrWnMVwh9VeoWAUV5
6sxngNgH3hu6K3ZKosThAkXKKXyV88S3vApFSkDtBYGo
8GLSkW6nR8nugSJjay7amvXR695grq83Qczw5LMqtuEa
57V1qqmeSaZ8xazL8aJ7mnfMLKTKTCg66mwqLhXmaMt4
4Ls98r7SM7V3FvZPVF4KWtbt7XBJodukzQki4tBWUqRc
HH4nZv8yfHGLvQ3srALQjBxMV2N8ZtaZNFsPKjL2qAoG
9zWLVV26etFdPKBp8utSHpkCsczF82mFx4ax2WB9yCGY
56dZzfnwHPvu5BsRFE9irvbSxuo2D189zfTgaA4putoX
8wjBMLnhURBLQNPAZeQzEn3mTkJqaj9ggZbSWiAarpbb
7ZiJPZYCE7kBrxbQenwebWa2Kn7BJrcrGhaus5bn8S2w
C8nfqvQ4DqQTKEUFD7bwBwB6hA4haBfqxGg3NKefHcKD
J77BoJBtVijM9ko94vc48tVf25so8Btd6RuWQv4keaa4
5BNmBQJfXMxykewFHcr2ar2Qgms3bECcuyjVJDiZuagC
jbqxyyQUZf3dTbijpZ5mC3fSVmJynK8jCvXBfKxsweg
7bHpykbYSc9xidEzr8U8xntxW1hHXGPhzeTaaStecP7V
4dL2wLGyh1yxcwLF8CC7ADiYAb9pJUTY993supTt48Rs
J22sTJk4NvJxvWiKKqTVXGkmCJCQQ8RvZbuEHY983hTm
XvJYHfWdxwT4jCkoThC9CuEan6MrxyhKpRyaL5PeFZo
3H19dkxU33SG2pmAC5tF7xSFMXQqzUeDK1pfRG8VYXFr
9s76rrm3qqCdJazc2WBDr3sbowe7gqfw71bDwh5AEXQ4
DSiL3bxYrnRD4CGc6Jaq5EBzEzX4AumENKg5X4qMRVMk
2SsPbKSDEUbYFEAt8X9iRf1GwfTDPKTYhMbHgJTkTJdQ
3tC2d8P6a3Mk7FWx2qgCyPXsDWeTc5hFGwLatDdQJyoG
HXhodFxHDdSKgxnbGhYqWt5Fd4Y9YBM5BWA713aUst3S
8TwwxPp4ABacNTXkVAnTiZK5VGXQ1naMbyzZWKUafAEN
APBaHDwQypLZRr3TAfc32VUMbEfcrYUoNt9f8jkGVhnT
7xLN2dfFEKT882J6LNfvArtQhUzjVrNjLovpv6KnoLMW
J6AvcAx8qpevfYT2ydqpTznWytpberAjTwJeszWnr46H
8LE1m5eLE6PKANYAm8892EPR1fCmbJ7frNKnzX4jNaRG
ByRjPcbE4jqUhky2VCNecjUFjFAHdDd4KG3gLew5nQGJ
3yRmeqL6VjA36Zvmd1LSDE9SbY2qBAbnsK5oAG6cXYri
21m6HBvSRmPUzBqRyayy8mty1uf8d1zvFaEVnQ6iaDDn
2NRoY1CmL4NRaiFTRq687xF85bYByr6zJExCMwVkGgru
FSDhDWgQNK3ir1imRZ4PBiz4Ybh7cmG9SXsLZSuYAPwM
9FzXpHdxKqrSV6Z9PKDnBdkkbmxDAV4Re126N4sjx2Mx
5M734n51aWzmztjQmKwjT3UA5LkTsLju29bkyaYBUzPb
Chjjmsi9LXBVR7Q5KPi8xikPBUmYPn1qr82PXZwhaCvi
7Cr9dCF3aqZfYGms4gtKLUpcXVN8jJKvcr5D51ctYwZ1
GZSPf8a7oWRwXE6gUPeoP7FLFUW2aGv526vgpkX8bYnP
F9Q9wSt1XqbCzk3V89QgjQt7rDkTyCNVGAtCLVo97JCh
5FgJiF9ed8yquAP4nQF8AtKznbmx7C6TiZBKhkShfmWq
BnpJnTtd2BbNRHhni3gE2d9hu82t9zJdCbPyNFEZpdEQ
CzhL1cHvv4nzXU2UUSrxrshbGSX3TEvBJYNV9MvsBKe
8JmseeNiVzmKAD6Mp15w9mX1CJv87niAkxoxJpXy9fXQ
D4eocEgpoDi7CrCpMbKaQYWqrKv3bHQNsty2Tb4P7Khm
3JBSC5rmY1tdJSEuPTGizvnZKaTgMhxWGSY7NLCpkhXb
7vs43umSFpEkejeTdHVYLs6fiY1vBy7tGEeLzoSMX3Lb
FMxjJ1bNGNP1ZsvbNojJvf6jYB9qQ2WX7CQqugPmdWRJ
5oSJRXvD1TTmFkG3MBhEmzDmy59ccAuht8cKPCmvHj9
6D236z39LYEAgj597MAEJZa8KJ2tuC1G65fVng75Pcfx
7UeQupgbLapjnSemQaLpzdFsX86fUdgyBL7qUxBmSm13
BWVcgqs9ejNibMsrYAfuYwVB8vf2VMCYgLKwbf4teL7p
CBUjZV9XJa6TAauduM2kCEXRXPWtWttxo1RY9rH2sQFY
6mEXGXz1kXBrDYr515G2AFC31zT7Hmp8zrwjYFWdmb2A
3d6sBZRwQovS1mqMCaPDvN4aRyQiNPhBUZkByDr2DCX7
9KirdhNXdxvdAMis3Zke4qZSwKDAUbtpB6YErYs6nWv7
4DzYcZ3ypoT9eVewGcAgYoNombPZur4iPnie6wZ9uwKs
3XKed8vhq31EaZDZW6ozGdB8xHis21CVZZveufisZ2m9
29FfdV7XraLws1AdPvyoAH5PJzwT2C2pdgvvd1sYtVzu
J7QCoAn9iGkENCr4CztXrRAeESdVsE2Q6Co8MxzrR7oQ
Ciy9N8EFQNgCf3FQZsnSfKtTyhhZHZYyKtUqVziMFENr
8teG8P1CoWS92nL4xT2GL7KgRqye1bYmyGGPUUCEbzM5
AEr8K7SZzN2oF811Jb6S6XrVVHq8ddktAgFG3vToScTt
8gXqGgrGAHRsotWGu7Jj9X42yobUEHvKTXfHXDS4ZcWy
EHeeTxkFYaRt43WZiAU62yaogRWmkYwsH631SYMhwKtE
DLyRPJPutDtVpNHaJBgmgwF59WKX7pjsmCaGAmhkBsFa
nzwoCERRNGZWG6Xtyo6yJHhqA5CTGYEc9FjgHm9LT86
DhCmfWjFDQS1JqxYMWr46hdAP8AWbH413nSAKwaSj9vs
3ib49X7zc16ZqZE6vvC1pLdFvoWB6s2BH1fTCUQqDYsa
8TMJTU6TLuz4tbSGhxrQT8eE4sfSb1cgQ739PtqUZu3u
47VakDmx5unQjr67RAAuNudfM59yPP7gep7ZgNjeb2Ry
3jmowt5koRvqaCL7ovRV2pSpxmpSvUsBhrkqHBxCEbxD
ERWpe6ZT6jBkE4eUrhKDG2LKx6bbjw6xeFTPou6KvcTU
2rjzTvJMGuZikcdCumxGz1DRiViKJ5htGF76PB41RfGW
4yJtREsxd3NcvLHxgT5BhfvdrbTc1KvZHKiwHVByzGc8
FADX5MYNEeFhDoY2Qt7hjqt1qJE5SZnhvFEo9A6BiZsh
3CU6RrUZB5JXSAN1nwEDXBakhMAzzTWNfs9KwbomrKD8
HsB7cvg1uiYGgJVWWiRum3zteRYJ5EQb2EDHcdffrcA2
EHL8bsECcYxfAJZsDEZQMmyz6tYDCJZ6agBBAvPTeG4
D5fx9HH9ECmEkcVras4oTGs1ozkmKDaoNFNiyY7snUZY
CsJkdQxW4oFVZ7p6Fayt3ge2M41KJGhjHqD1DignDj2s
ATu84GTVb2EFQ4rrpxJJCmQwqLLPCmYvHJPgfuxtqbRB
9iKCsBariqaLfNaADgpwRUcgsiFXAW2Fb2ZRfKAhpxBj
5Fyu5F1BVYrLstNqHywcVPRZ55Mm1DWbGrjcm8SAsqQo
5Syxq8teGe7LWFUAfDvDZ5BYyjVtg6c9DPkkHb4uYP5T
H3wRGTK6J1ggSGAVBtUsT3DhYx3sLouhJhSXk7Dp82p5
7WTAe3F3NJqHDWx5YjdAue5kuv3iZJ9oyDRu2tSJvH3t
8kJzTfiJLbbMKidm1pZgx1Vvpdvfh4czqTpfjuKBi9JR
8PpDh4YbX1kzHUVQqJosHanBmpZx7reeg1UXDZyqraMM
26thC9K7qVbRC6Tt18DcnghrGtmCARk5VUvVbaLuD3Yb
DXcst4fJnM1LRAjeY4jHL7H4pBNfGSdner4Xjc5o53y1
7HLw6Qz4ZvyZyqbV5mgnZt6F6UQnkwYtS4wF2FLWb2Du
HEo1P93wMmnbXLTFw5tVV1ARxDW3YG9pbcfWgCjJEyDh
6Y9Lg9v1jjgoPkNei78hn1yiRkVRrKqE1rEDhMxKr6vH
CBr6aWSd4R6CPHRBytQASv5KF2Hn7AmsjQM6AguqChQ
7NC8QdLN8RCUzWJN8VD8aq6x2cBTGMA6PyCKgxKKLwdr
8fQuKSkKbMCknq8JzKvtUCunG27mCU8MqmUGxFF79SZf
CZWzU3yLkp6jh1MyE7JZX2K5Q1TrAdRWwLaXvMm41sKJ
7wyeNzV3qDzT1U7sQkpSa14vKPPeRMMDPSPzZkUh9zYY
5hMKtqPRK2JSFaaxwdiQarxUqiG8hQsx7cqYqrbm9df3
Epyof9JwtyLj2gEozwRW7nEFmNqGLdg98cz62wYENNXd
3fcgbV6DZcWwu41sQfdmvCfPLU9Vnin2XmxLMZdVNe4b
DMfeNCb3AntyB4bEDAyaCVGVTpkSDmrFYFbXkt5LMNbM
Anf2gy2cjoG2nzdUw6JQpQakYo7r8x7McAy8iFKXFEXi
HyLMa1o5KFjXKqCCB9feCWxCa7sKkwUaQsU78kr2K45j
FykP25BmMnAh19VbVgN3RNWYAwydD9SLwtsKGT9wNr9G
DeC75m3EFzYY1Sup3jagzV5rv9ZurpQt8hCDau6BUvn8
CR63S7z7vtN8ZskdXTCb8ncP8AFf5BhAvB1PMnMn6gDK
HgdyTsV12zP1NVV6ShhRLCzrgub7eaZFeYfu2wA3pDmr
7vUr39EYesRJJ4DG7xW5Rm5JLVS7pAFThsXjMUpj4miV
8cMqTKBqUhxDSnbYbYJPZCeA3KT3ncj26bDKRgd9Get1
7vjMQkwLnAopQWse9kRC743KKHz6JwW79aZZajzEUu4a
56D9wYQbFhuX9u9f6u3VTs2fHUVcfbeNkHmiPPHLC3a8
ArkFyaCpsm2CUZnPkkj35WsRXvZBrDFV5M9d5jJesk1K
3m79ycqRSsS7icufixg2L24hM9bZWTbLWNEMknLrqrCt
BjDB7MJ3fnvowR28zk81BYTqzvVcPuUvDqagPL9VNbgw
6cpYqSnYL1h5i6VRbLKUQ3R6x6eaPhy42zdSjVcrFpaF
61ehCT3Uc7zdnSgo4ZVgqhyUZP5bby7NjZfRwmKNrMhH
Hcw2Fy8HHpEhaYR9mygbzT4hWqWBG3TFX3vpqPM8PjAv
6B5d8KdbpnAdHLhug5qLWfFeKoZQofRKALBbJe1vYSyi
CNtFpmdz8FD9yChdehAdkVfbBRbP5WQrAjQ8WD76ykor
2daZbghdTnAAngTRgYPkNwQT4kZSnJCjAErBeaJzhmLY
6mdTnrViRgdtw6DEbHLpkjoeJiEZSJTSPLJ7chGMkd4B
Gf9bnCEpwmHHegWQJs7Q9KgXv5kKFAFi5J89BhvsRELj
4Qgpx2nzZ8zoN7sx2DNvbZZMshYQ8tUjKDtQaofXjCtL
CUF7jSP3vYurS7weMjg6Qm9jNKWdnoBCMatz15aGpYct
3VwUKa72knmHs2RpfwceE2mnfdKyDBY6bHRS4dn8FCVG
5S1eR1YNpkUnsmv55qrMns6mTwgCkgntSNvmasYfGqzR
HFtxeJTSvMhSeeMFqmr5gEnDatA6oe1cSdfYoZLjADVc
B8rgCQ4DiQLKuGzGb2eXejgpfn67xLzq24wTQN7zALkg
GEozFprUYuxCMwcrvAqK7CpFs3sKgGNCEK5AAurEZG43
4oAFkEKkmhMBcm7gdSh2gm8V3BQDQoiqvgKiE92xegv6
GguNVQs4QABS2BjnjKK2Ys6EM1JKH68MKh8SXA5e5ygT
CkVmVDwtYkiuzQdpVjB6X37EYev6cAufW6XH3qApEr7Q
4tQeQWCcEFFQxiErEaDgK8ayQiiJ5rpwUWhtzSsxZ344
Bfk7yrZcKagQJnbUDRFsEdSvoKq4BiV2fhrP7NvVW7rW
8eFatUpwwupfaH2Vs6WthN4FKVTPafSr4Nayv11veows
Q11LcBGSJanVhwkbovPzQiLDqx1YG4YCUrUizcSAkDY
HMpQAjjB8iNCgG8NLWLuJgREjBNwEtVEQfgm7yxf1aT4
BBsTAvMyW8L1AZc4WkZczhhKC6Bn818yH3UtkADcK36D
5pRUdFJw4Z2tm1fjRB8vzrhogrAt6k5Zt23oHVszLDGe
Gg9NCwJvkbwNRz9cGXsTXtzaZXTwHoNPPPXJsB5c2TA
6WK7t791kV2svJPvcELb919AbYtiE447XRaYQAUWv2Hp
A9gs7MviCV27AbStPKc8pgFCKguXaXRd7DsL77GVLTdB
674afVTDZbZzstqcFfS7eNjc2rgamZjpAdA32FGu8ppy
FXw9dajkyRX3jmWeHeUFptH1UmYefxfDjtiLQffJD7v2
41XtKfjykMELTogNDF9DFdb5MjgVS7VwXUn2zfUyXh7M
7L7HBL6qiprUL5YwJLV5v77HGNMhxc2WhQvmXwE3LHg1
5XcuTdYdnUexym4CqFgbNRv8J1Gwnm3SRDAheLUam6vk
BdjnjsugjGfptEe1gAuVR3feiBRxD95QPVMjwmWN76NB
6fbQVHwSgtfS9xK9XsiV44eyT7ou9VhSeHPPPpGiVcCP
CZJuiht7TPr9suuA2L5hkYcUwYJZodjPeRB1whUcEkcW
