6WonmQLnBLAjQPapmbDfZQZFXra265QLtRE9gSYh7nYD
AyPhhZk3LHEqMKzZHPcSp45Y6m5uBQf6Kb42srDFXw8B
Adbjp2m7PnCnf5XCoWPfg5LstnwQAREjaTQju3jY3H1h
7PABaYcN6j2NiNa4GsHp7aNwa4C5GPSQXapm32hvFcH2
8GAfjFkRQrsRe1bxTnZMhYmqPbxiuJjfxiesX61vXCLd
AHNBUjUAMTdAckMoDaQp7YShUxVH7uLoWL9wTCwdSWab
FhCmPigyBnHp81jGnz81mN9o3Rt5Rn5U8MJBVcr4EKrW
5DeDrcwnJgB47NrHAG1gHayCtm4e6KLGbLCMaDrvtGqk
FDhCNC6kCG4oiAz5iTPXT4a5SJ1LeeCTasx6yq8mBiZs
86LexTixgG5ubzWHNuUAKRU2FeoQnuuqaGf2XK1jCRZu
6f2pfXKT9p13LsbfWrHtZyxu9Z6LS9etWJ57fkHoQfRc
7pVfujJoGS88XkfzLJefGrdGuCESNjh3Xv3UYJyGCkys
5kyWiKmoYPSykV1V4wW6evRYBEeuPPLDCb8aZNtUn7pC
4uswDbr9dKRKna9HfF9M3Lw7pYEfXjNj2MLMPVTLCaUd
jD1VznL1t4WwzgXQDsTouX5CHDubm23B6wT82t49ZXz
HPhodhBTnKraydRF4dEgzJyHA9FZBQrk2rj2QMKaWJaL
ANWKzXFzYczNYTMEz3WUfP4dbX3p7ZioMefXnZyfSr8a
9EtHeox2iSqYcJS6YVQnXWsP5WvQE6u4pvfUtYYNaaEY
ARbXmN1xtnfdChan7PQA4kray3CfNZcf6LJcCdL7iD78
BCScyJYTHMS6cVMFKNuLLGVMZBCN5SBoTnPHTeY4bRRQ
HrbWEJrfbByNV5xLXcT5GdLDtNCC5ian32rz2FimkZdd
7VfXjFTcL1gSNvTJj5tip3cQWqY4umT2PNVadxKiCELn
ERyrbRriyL79y3TTNfMz9z7bRCh8jWGEi3B7wRnsoE2W
BJ1yGHa42chQVkLNaGpzc7kqjHnjPqdgduYJU4ocPv1o
DsE6n1Xx8RhdwssPUaEeF2fR3LVxFo71yd2sABLowzpP
Hy3jR9vFAjCiBLgTiiit67Ckjkh5Rbp7YsW1ByeCYkfX
B2XjLZ5PgcSdj4Agq1bViBEWTwQEedv9YUaFkPkty27x
HgYby4Fo7X7Cr8PV428Qdu5Rf7mpwAX6XRnwLSF9YoNR
C825REBubHAmzoWKd7ZDQra83qd7fTFdCfzv7XmmdkgL
FrViu1SRJTHzPGSBWUSCxtc6sWbbGrwW3oANZH4HH2bh
AdzxeoqcQpfRPHqQFzDUTBtTo7tMho7Bg9ytzwhzKj5M
3uZj2DUPN64rTVgpcf9yRzD2LxQqQTUrk5qTLsw5cMki
4ErHn6AjDW6PfMqjXexYjzqiNbxrHbv65ZKjHTpTcmB1
7kPFf2pwKABsDKQ92qchecR1sEC8hPutLra2pENKGqH2
FtyKbuXqx121gX9SQ66Ynh46NZ5NBHyS5pveorjMWCjk
9Ad2PWU326Yb8GqanCRKVH1jE3MQWc4NCvaVvvGdXUyf
BhYnwN2rLYKAR2U9oDXbzwHzv5TbJZjJPcGmVPbK6ANb
G4Vdt4WVJqkmFpxqJRmwF5QfwXL8b9V3W4Xs5BgC4qeN
DE7czotyGaxwuEN5amMiYgvCaNsuhRM3ZKgMkyq93k9V
7EmKsXXMDLeR2QMLqAUTyJX3PxzZ8Sqos5zN1A1hZmoA
HGhw2sh8UMYF3kJUNX3g4FzwpCinkd2MLgFbTTZGpmZf
DXR8NEkqwnGgNhS9KmCWwCVNF7SPgVRMuCbnTDrYFaCy
CXcDsNqqbuhBgmThaMbY4o1nymLuPRg7Rwcd9DLiDsWc
Bqm7sCB2YBUCg8hyw6U3GBP6BquiH6PPxEavgCXGRi67
1noMwAhepAV3to54wNLbXgjKWUH8czTiTDhvmQv9wb1
D9jfTZQeJa3zD4uZE3uZzCL7w8CiW2WwmwLauCNCk5SR
g5ApTxiRYYHrHTf6aeQ9K2jS2o5axSCch6vG8y8QVMk
65cL2H1BNJebenzm4776KSXM1bi97hdJNUnLBNdqmwEc
5zEoR2mqDobP8UTVY3faFHTdFeo8ox2kJWqvf5AFukp1
7juCmqmZ34Y6hoxpgHQoiywGT29gLtKt6XK6AnGR5qug
34jWeRTKmUfyfXA88GxjXLYVBtrLQbCitq1Xn4PZDQV3
2TU8Y9BBnAk2CaRytAq9iMwANhHpNpLHLfWETuLDCNkt
8FJMaLt74jsZeH67p9P9yXcVTnQxsiVC9kmW9ceLTxYz
JA8xnPhU6gzbyxJKUJoKrH51NCPCt6FsRB99EMWCfqAy
2g3VYGWZevK34QJQk6FZzxafbrTswKFJ4NkKvrCQD49X
83U8w5UExD8KUG6HdkgNjn3h3yBnqeNbpmZzfAw2KFki
CAC2Kmnbp71Li7DDbo7FCSAr4iXQnNzEM6ogjm6FuSoU
6HkrWTQZN652UcBRSsyHoDBLHTEcxtswtKYg2vStxb9d
BdfYFHdsYaxBUw2AZGnzRxmtc8j25u3jQG1LPMVXTfjU
3Y88pi7FCuYboh3LEjy4cs3PRXaNdW3xzRCoP4hEW1kS
6uovzyxpB8GNJhJedX8rGbtL6HxDpQwT6TupvQWzDL2z
37ykGy7ibDrFjVrtJkdbUceffC8rvrgZiyMEcrAykdfg
ESuowy4dc2HFSZbxgfB6LbHtMPmm99mreayMRmiG489D
5s4q7vgg43TyKr3sNgFQBHy5MH6LkYk9T2zx5jd5xx1A
6XBTqwGM3hKqPkVmHaWW3jzLZQxCrCxaYE4B2T36M4g3
AMpGjc5bmNJ8jNhWuXXgPYzEH1URm5FVGepXqkYXo6kX
AaTscWEFkqnS5g2oSwMnDgdakVjtvpobqW2pubR1ev6e
9XcoKzFHXqQzaL2G5MhxvfgsWTwNzTPwoERS6w1Ykgtn
VmmgvmigSqe9mf9NSsnrmJx7VKqsMwFg1LnXT6vkiNE
2C8rXKKCx2X5GhAJuTBUaSQUJf2R7iHUVgw3fYsnDZKS
59QiMk7Y1ecAFYT8e7zDFQAsG17UmtZwGCn5KhQX9bVg
GMnW8HZwP6gW2Tbdq88BeMnybpfq4uB4DXLDPQaRkutz
21L1Yhu2cS6gBLryQgHEgkKwiLbi8qWh3CU1EsNFCNoc
hp1JTyzMj1B9tiigjMnPjYF67KDTwQwoK8Nw2TseP8K
Fb1Ss1HPTqKzMachgT67RqtMmxBEq3H3jfUmqf5wt4ZU
GyqhgUy5dfCRjiVvdNFe7RAZDgTDhJompDZLADGPz3sP
HZYQrhRgH7rzBrZJ4UomMBbUKLeLJij1XywVg8FHMxzD
Hap8a1VRTcb769VagU5KqyfmCMeR4hfbdgB1j2c26CQs
DfnMBKJq7hGSt3196G71sqWBANjwLTvuDcMm3Kr2VUMe
5TE1PRywxqMD6PzcHXX1AHJzdVUtyui7p46vndxmNVnK
9SWkEmsNuRTkp31FoBHYMpvQsDAzd8SJncPWQavuETAr
gn15brtWTJt7LTsw32GVzRBhszBrrXbgMjMTMRF4jZG
2iJ3RhaJZPcVWRnHsyZWmkZW5HyTDypXoWUTrg2ReHL8
DKVsfRNHaKjiq7J14giTGGCPkDEQbZXXY3Di1TFwNphd
3yB6M9B5Wmjqw8owscWrMxJ7U66mcvkEtiHFgKzeKPc1
2fitBJX8JkWRJQjUqr7F8pdXCehts5iVZUXNGmTAh927
6tnb5d6QzaoGveAV6upDyc21yvZyMbxwdStng1k2hLkB
6CqhzHho2dywgZLNDef51HGnXSN9oRmYbfwXBwnMQS8F
ASZN1k9gwHZSEaGpZrCTUMPoQNtycDvuFz4U9yiFgTr8
BHQBiJnujWRUPQE1nk5KMsmxDB5Er1sfbBwyBQacJUD
HFCTVCvceLLAJEGB7A5T172io2YrR4H2hBMuL3M7J5ZD
Eoa8VBZxiWZaqtS5g7FNcmVWb2hqErFo1SiEcVSqMhCQ
6FEuPjnhVWurfnwW9frymVjZiANMahLhffBsM7dwjDSQ
8nnxFmW71mVYeFXUMZTJzJxKuuWnmrquRMaqLofAXGFS
8R42aEEU186VvVBg6ypzcXeGCXJhBSaP6kpBfFxu57CJ
8Wqe4RzPaCYDrUPg66knHB3B6HuBY9P3cFQTUB4JVtL1
9xnRWgPPJdp9NeATaCD6K4cdaNSwKnWDjP5w1noRMkqp
7ywZXB4zFXoQaqUW7WzTpi15mYutbnrGKaUAZTC5JTfY
CSwA2RdfapGxfThbHuG34SSooGTdbHGU9jyDzn1QuvCK
315LS12KZuxxycSixJF8iS3idNhBcAg1Z95bKKa3iDja
FC7vSnEHLcEk11d5vZNyRXVpyGbHuLM8rLiTbj3iDFDN
7WMVZ3wXnXYWVc4RA4UPMis15usmkXWPtk4QakHrcbYZ
3279MZ7BsVTDP8Pr9zDCnZfCsV8fuwyfB3JJfh5Nmhjc
Cz36zyZ9BQPgGVs74PBtEkuoQ6qYDLYMBEMhBsodJT1y
DYE8ovTK39gGebUvhasgA7VfZcTJNtxSEqgdbq1Phpc6
F5bD5H1pQqRWXs6fc4z6FU5H5ditYCPiEUF8wrnKL1du
VZvJeqfUPzuhFPd8jBpH3wHgcsFBD5MqTqGnRXX9P6G
2KdJHuexCEgaGUcoUKVsXQqxNSW92awTLjwWyJrETbEz
5oY9rGTnpnomHSXaDaskS1pYhcvC4AFZxGsNUUJf4jik
9UYK95yfb4Fq92cUuun2hN5XkS3B6rpT7m3rUeBFMfR4
FKyjtWYTt7KhMTXQXdDNUVyBkeunJQSPSprpMUhTfWDC
BaSrb6hN5NrEasHoK2RX5RuU7wBhD4MxFQVTzpTB72aU
7nSP1Usa7uDgBd8nxmhZWF5GGbLd9AVAxj5dX3wYcVuy
FRJKKbw8f2BsUEzi5VLvoc5KAWi5xLdfU9DUiG5nVG3o
DBrry5MKsRR6PQrpYDzXnbxC84QQNGNf4ZruGCTodrDP
8ssZQ1kAUze5sNbM7gJ85fN9XKQTMg6TpyJLKBxyvDqp
6E37626xznSfXCkHJi1BM4Xk8e7g734gQpJPUGWKWkqY
7UhtVsRyig9rdZh6LnyQkmKC6k1EnPGSzpk4fhV6tHpj
EeypoS4wJvoZo1EYhKmX4CmHewetwsdJzBtjqpVFa9hD
DjVSKDE7vUC4yRmjnVxh711EG77NpxyNEjYdaFgB4F5a
AHx9KvbVjkU7MTPRWhwb5vUQBGgWgwwZXcvtmnM5Ufkt
7aHbVw1HRxoEwnAbHBN97GJ2BebsqJsm8x3uikJZj1Wv
BsWwV5EVoGpGe6sqeyRjCvZTp17yKgzdmkek5D7WEakL
79ezJ6QtKa8SrddQVTUr9hDgAvDnNqdCAiFt35vTavHx
6KTkawohw9GH98L2tdh6oWexqwHFW3yqELFRzFBjXjRx
8tc499sEXk2snGZHtVAF6z1zW72UCQGrd531rRQnLquz
9RkRCjXrnrvwRpprgaizhgrEQC3jZ68pSJpLtzrgeScX
8vvkCCnCSkBywkcraztxFbiTKqYEvjiooKHcV2qFmwgz
2b7stGd5JuWuDE4HitPzdP7UYkiTk8rwBQ9XiTf6Ve1Q
7b4PTcmdMucAHvm4FAJkpWfDy5S2serd6EjMJBgHXX8U
HQK96qwNR3hGBGYV9wLqDVPgC4AyYTaFmW24a5atw4Mb
EdF4ewqE17odLc1xsKDfUpuVkdEXEdWGq22hG7Ytp48n
qA77To32gpcqPZhggNBrbU6Zvanyt8pELyjUqyUQzdd
266yf6ifwUSns8y4ssLnVYGUKjjkh811uqAosFob3d53
CzcNeZf2WXSGf3G6JxNEUyQ47tn2kW96LWSEN1Dvdi52
CjwfXWr4NTgdk3tgRQi98SGSgXp3DCTwEFrbYazVJ9rR
GqDUbb7WU4EVee9yqWYSzqiJ9QEwT54tc52FNGYpM4E5
G4msHNLwvJqdiAFLikLpeeTGoCbqf4RZLna6TFkC59sr
4h5YHiFWQsDGus8ev6dTzVAc5JXDPxk369yLqyRG6QeB
AhgiGuGRnyfYTzX4fPVhuUBX4ERLTLMxjQk3mNyn16ro
B4EmVz2syhTavz21eNznMQJkE3rVhNJUFZcYm44R1K1N
yAoQgU4UNFCfjgAXxN3YhsFp3nxcFkez9eNVFWrfbDf
3UEk6iFSZzYwVJBA2bX8J9fYAgog3DSRY7gEC9xS7MvY
6aG4XEwvcLFbywbdAJiiaqVvvoEoRvVgyBaA4XmT9atp
AZcLsod4AUojZvfgSXSY3tmBJG6evh92cP94K54H7yYp
69UUd4xgadoqnzMzTFkPn5CBhcWVNFr4A9qbTRgD1odq
6oR1hjB8PpK7Jh8EqHZSBgr2wvgv7HXDkUgCTkGvMkap
2HmUEb4c4LoxECSoXEZ3aqwstFq4FWtdx62oZFahDP6D
3EUFMmcoVnGLb4yeM3rWbonnr55Asq2qzwyunkfzuZ5D
6oq2n1baJnh9BqrCUZNAByPgMjmRKKtmeAxP6uEPLeqW
7tMjDHHLMgAV6E1Q4U8gkB6MYyt7WPnkR8M2te4nS6cs
Cign6jm1Vc18xM9nJjrVheMg3tH7YqMjAjGKg8tKGNex
28k8hf87UotcQA3mkT6TcSnwHZdoBe2QrqRvCDaCQSbe
4Xj4wTugFKiNowUQeKXBZAMfBnZocdYQafjuN9ktpjt5
71CWYQEKdNRqehPoEt3d41GPY9wBx92yR5mTEa3jz6zV
4kXr1JQexYeM7mHiyPXqgtjCD4QpGwkhTiM8ViN9ubk4
7hMu4EEBr69H2Dm8xnFmESN3CVPEDJyLqH5Fo2xPsEvG
2xwREUpjxJtvX6reLinHzdbZsE35wJmKwxTNM9mdbERb
CyjP3wEKPpbkby4aZJ4v31xw2LnUEsGp9QbXfSAKT98w
Ama6rNKUSXsR4kSUAEeRCHEoDmapu7gnhHgsUhDgUDjJ
4FcgPjGHvrN84k6taDHo4SCyHzQmfPzzr7Eo7j3CGCKh
GRny5jxe2HuhxtiNFWJtcE2iQpTWpMeNaY57cobkS3Qc
Dt9ZzmrduDrcgXDoWazvYTu5xWhXmLMsQSWivgsj6TZV
4JE4XZ2AsPYuQYXnNTa7rbQaaQASb8NfB4ic46Z55e8q
72FLF3xDQ8ZuKiXhcCM521JZjQeZJ3shwYfUiZPoaJHV
Gb4ShBBdwzu2iqDQ1Kcs1mK7wHqsmF6u35v1UMxgvmgk
2trBRZ3vs7YUaWeY6B7skkJg2AeAuWM8Jf69ECZERu32
5b8B2YTsRKHmpPTzWnHX9MZn6zax8MpFGVR8nuLUhg17
14o6Hfj4pzeu9MUpq4DXFJ3h7BWK4H2zaFHj4Y7gzw2c
7isKmGJRwETb67RJrfwKyJTQbQbF9xXnWM3rUDYr5yqy
GdYPfsRk6WHRjCVPKxHne6rqU4Xo1FfaL8y6gCp7QCBv
AHrzAC58jRXkHKmDorsJD5xBAkvBKoqXCTU3nVc8gc1H
8aWZrtXxkZNvFjNnX9t8Fthvg4Y5jkdaDPMQWQqQ7FnM
4JCjxTG6N3Z5nkFTLr2dzFV2iPG1prTbtceiz7bmB1ho
D3jSbKLmmHrHYriynkCBaetWb7w7Sg5yCqECzvM15ZSo
9HviJfab39XT9CqSKr4nLv8S2ZeMDBVSb6TDwP1848sU
BY2PfmhoAb6ELnVVTwtgNEBSPnhDvGwTonR4D38ifd9G
AM7ezbtXpQNuvkMaSFjBZgaXkwmocSw5h7nKUBiQzoWe
4AMHzzyuEZ9reYx1ykYY5JoD3xNn1JFfSnKyjzW6Hsnt
9oV9dfiSjmPLGsK5phJfnads581VGVFs8pkKMgkKZ2E1
3U99XSK3VkUfb93hSFh9eStUSz8iBsQQ7p6MgJymeaEL
2FMHcDJPuyZVprdMTqMaJ4kbgeZ7Jnf5mXC9ySkqcNzK
Cbc44pGSDKnPRpX6zr7ZDqStsY5JGWvT2R2C8norNq4k
DaGyrhiEt7pBSZ73aYkFVpsSazn6j3iADXjgGsGPrCBJ
ArcvXQN77nDQ176DDTVjfux3mXKtP5938VJhbm6RKy5v
Ezd6Tofx4Y8iuWrsYF4RHAmrXHUYmMsLb6Shkr9tHv33
JCojp6JUyNhdpomQXAqwtTKLJwEKe6mLjikEX6jdsbU8
4JUkZjuuBC4MF8vTGxisMEhRo7k5y4QnRpZm9P265uQ6
DB5UKu5h8LgUYdu3ar5hxFAzQSx1WVujdm6Rk6Gj4xxf
J2hsZbYaqJnq15RYhCiDVMEdHR3SrCsv5yXjTXFQePHy
FjMeZXzW1sBZoEWmrhojRJp1ucByiJ4PogeURSR1prGW
2asatDiYeawAzAA31SZXTxg56VbVj7BUbZeg7ZGcagsi
6H8Ky4RvV6QbbiXQ27scb6cu8vYK9TUze9YXc9N7KEU1
2uuiYxTz19qqMKRmMD3irNjpvF3bpcHdP8Heqz7xHjKd
7gP7TGUqjWpimyipGAf8PhgqQqfVVGh3db8z35xiC1qM
ELnwNsA4gWi1KNcFe44rCtYBkFFt3VoMVTPktxEg2haT
H542xh1UGCNXMLefveKvVTdGpasbH6uvb51rFufjRnAV
FD4izBPbbFu4dt2a6VLbJY5pgU4sCMrRrfuZYfD4GEUD
Gn6KJjV8KJpSBV8hZJCnVqupYaHsAhimj4ev4LmQyhgd
4EBV3UiuMSaFEMgAtS2A5V59kogxnF8GmhLTkZZchhyr
CwXci2MczZt5gdAMj7MQV1Aj3DdLKdxNTfiZ2N4sTQfZ
FkVaSzbm8cSeicBvigAXiF2xs69S1FTZa9YB41wgTfjL
7qKk1giarW8VXNLMscyzuSbKjjJaxkrV1zGdp4wg8iuQ
EFFsHN2EQ7fa9WKgyRpmJC9z1HFE16APHiNELZe1b6gL
GTw6VgJ3LmxngHppQ8sJfdV3wpg4UwFDQJzBozULLMgi
63buM5fwAHCT4Nt6UvKzKWsb5FqArbEWsUanMjSo4fP8
6zbTaY9XPRZbc2jbjhZnGGbzbSatKBYUChVwrhmr4uqf
HTnnxSvHfERPx32nEDaGHTqRA9kTXcHubL4rdhwvsbcV
CgRLtPXHzPmaZHUt5TahiMMy1H8j5ASXJtwHj4KMLfc9
C8cWTCQs64Ank9rvaAYCG2rRiqEWTQfPTstWyD32uf3R
2CFvaPR4LMEvFkWkAVvEztgKwTQaq25nsiqE749wpsG1
6G8vQ1e3E5cKQvR3xFUe3HTBZX8Q2SdvyhB1441DSoD
2oaYh5ukPT7TuE4SSbnMs41DxNJPmvcPZEb19pNP9Aue
6W3Bd8omHNZcGzPvJAuZCPMJJEb4JtsLkCG3SFsb6vUh
CSnKo5KAUQfEdLxTkxy8BfSCcZTnaAXpoyyrJLgf41Ps
B8J6j4yDcS7AvUX55PuHmPVHDkvZhwCdng1b9zg7cExo
J1wTAU7fXjFuFapUP81pGh95pALzEoFdaexYidHWkrt7
A9MDikW5n3D5et5ZZGvCLfETRXWGfif38i3aiZME2M2w
5N36gptACQL4xoYmMgWaSSbNTiv1MFqo3SCQekUxw1QJ
6Dfkjv5KsRhL2fyHYP3h372atBd66L8QcPVTXsGHsXwu
FkckZVuy5nG65JW9LWPCAfdoyqCmprjGPT7b7C8nYEMV
6PT2u3bXccqdSCvLnMm2RmsLLodpW97X7Dk84JbowRNr
3yHxQNf9cJALU4L4iM5opoPToYdwinjuqiv15vx6bQ9h
8XdEZDTVS5yHMCwrbYxdJTacYKqkPzqTwkfeNEm7eMHz
F9FJRw7KNhcUk8XzcMmFmypk5NwsZCbTyWb4em9N2acH
B7FmifNpekskZqeiZwZGNEm5kUra8jvkqQzejcPjW3QX
Ht3pALrGMRScUoe8jar22sMEvEUwuyszKdUrSZZr46cK
3MzmmM3bQNBb3rjGvt73uK6ZRoraFKeztfv9YAvh6a1P
9hcmfAcK98SEhqX2TX7MUwh5huyQFnJAAC1muh2LdjGX
FFN7TBj2SmmMBEm2GT2K8aMhWoRXaTp9J5WdTWJJ5UaN
9AA8ope6SF4T6cFV1NP24Pqh8iQoJvisw5SQp2mMa4Af
CBpjPRE7SRppHENhAqcFTDGhJdFJxbLAANLQFFWwJPni
9cinoLw52Xsx1Ra2CD1FuFwPELbdMAXyEKWPUnaAGMNu
7P6J4BJ3iLSFVefJAsoodP3deFx65GcPyuQvXPnCSW27
EjbG6UfepuZaVUMY5NytcaQaLpFCmYVFxeVTioGCvUez
tMaSrwZ4viVZypTfKRFZySvdzrSMhVFmR1amCKd26Lk
Efaam9R3BFmMUPyvKEW86hRVCEXMcUZj9fR6pLPYy9WT
ztMwHLioQkpXqvBLzFrvt2vqMcsHHQEzmiJFYxRU3Mv
z6a4fE55LbxLB6UQjPv6ZVqRRdcu9Z7cWhQeAt6DBJA
3Aneyx95TpWgqyEYkJqYkFscvmMPiUTyuApA4GccSXFE
Eg5v8wTHFbosQWaQzV6wGtLnTQfYHQ624FUg9jKVNUZh
Arj6kci77yCQUTw1cgbKX8r6CdfBPs8iJWwJK6H7cEuL
DdTjMAq7pzUv6khXZj86D2GAX96bFv6tp84n2FrEjk2z
5cfUJycjD4DnbzXjH5KWakmij4sr2ud1mF7X47xYG5Kh
AmiGZkJV7EpXqDjU8yeNoveJqHMu1P6qshYpfFzMipjs
2cgeAu9uBr3ga5QvcSTGXqbyfeSVH8EpigwSzjG4wHdk
8ECvMJuYTSVLm5wF2JGJ3VNjkcAsQAfbBqt5gJKehVyB
23aMo8ksL5UUVmqq7jwiX4B7PrWZXg9hDTkTxpnDoxNj
GtuZ4MPhNVFeuhLsV2XTsKr6nhgvewBBGugya1bE4DBT
2CQreHTkHm1zm9WnG8dkSDfTzp8VJBL44PRCrvRnHPFc
9qnkzpDij2EDwSyGWsqtLSsn15wJjVMxehH3RVwzZ1o5
BVaVE29mzhTm2wijcD9pQb3V3YPq8RfKEmLYV528LEk3
6HS2jCc1NjDz4R2DyfBUgEW52b7Yn44vCsd6nQPYnRRj
GyceFYux6pxRk367mKhGsThjkrTJn2LgR3NYdCRMw3fV
HgKJhbpKeuHu4CrM4NvoyCgEPv1cpqfYcbWTEHowUuKQ
ynXxq7yxDVBNuGeW1vjK1XvNVNsTKS4q8qGukMmpg4s
Zox9EVg4EuKDKrwY2mhZSvKUMUtJAZmRnYwfKseZbEH
5L8YAeSS7xGA6xySr7Qdso8UfPZtWy826uSza5FzHygM
5dkH6MtXuEkQ6rH7Y5MHQ9L5yDJcq1yKwmXNiXeoboGJ
8BHEEbioUWCwFnTgwGeQGdYN6sK8EGodwra7q6dvSa7Y
GEY53WUTMLNvtG7qkkagqHwcYDnBazpnFAVeRmY8E7jS
CYwcLzG6ZfuBp3fH2AKY5ktxGHsPsGLP1dq3JH2h7GBH
84Hm2N8x1wdkvVRxTsqEZtrkctfxLvSuQHitpU4AeD2Z
GyT4fwgzrzdThjFGJKXGTmiJuubeyCYGRmzhSzEKzfkP
34cUTMdUB6dxpxBHGyehZPgu7C5CjuNnpjE1Dq3uhkFY
D9AgUb2uYarpKC9XirD7mNBnoUSxzZSWt8ZqkfXJM8Ci
AaCvSKoxMAFWkLtmdPoQiWwrroPvaoMwc8XoSpfZnNUz
5mcUaonVk6DqoK9FxX2C6pd5pgiPAh86C4qhmBrmZ2ZP
A9wkuzhkiEy3cYEWmq4Ebq9Vke3WHMwiRp3PKSTShSB4
J1DTukY7oPefBNDbD55Kyi1RjDevEJyXnidFHbuBRni4
AvUKwoMfzha3571rpEVpdw9Z9qDdMn1AXnnATQVgWkXq
62oSuE7zjtfN2heXRCUjpXvE4uUisTo7rp9rVE4TyhnU
2X7L4SShsjDZMXJkZ1nPo3xb5PnXSBuomf3o7F4gdzx5
CRhc9ccQVH8jWDFkf5kXHCjZx6Q2LqzQRcVuuHX6NFp7
CaBb1sp8UQ4cbyfvwPGy88DGNRVn3FGYQu4qmgWcE3iK
5sr9ooSpoUGuTCrK8zx4rpoeWzgTop7J62hbCkHyCifh
GpHqJFtQWvfTEkiaFXrdguRfZkYgAfDgNT5CSSLkJUhj
FqThy46miuos5CoXq5V82JEGUChxAKWZC8nnafoE7WrD
4Gv98rBRUTjNm5z4kwSJ83yQuAJCmWwSJQCms4KtqbLC
D5LoSp1vwSZCncAX42gBFmfybHfSyiWA4BcR2dtjSRyq
5o6k2Jamc9XSP5T8ePKAkh5QuqU8dSsHwZXGg1H9zFEU
Gt1CuaTLZ8xj6a2FxSYFYCAwop5UKusCZNt1Nmk7SWGh
4Cbyy7QXbDQ4QCyy7c5kSf8mEdwNcbCi7DdHsryrfxoR
6nHS8XRHKkMvu2mgmSmzmjeGKB2D5St6jSt8Xqwq2kah
6uadSur8XSm9GMJMSJ8Dc9hY6tpRSsBh4sP6m2DDK9XN
BskbBPqW8u79bLL5nwGE6gsg4uDqeznRjL7qzJSHFi3o
9AUzcXJcfdbG6SWJZvQ3z8qme9f9KHSZomeMTsAhv2BS
GahkvVaySR7bvSMbnq61oooyf8GJyvjfM5RTnCwhTpSr
n6UTyimjZpLfZtCymwNsd7zabmx32ZtkXcr8XtMK48T
DCadFNfqwGqdH6FGVj4xuaeUvRXXxXUWkmms1uPEy2SS
FGB4JtpGc2oeZgVmY29z5THUmYz7w7bDGPCkAoLTvX9t
EPnM13Akb8obwjML6nPcdMJJKjidcRcQtpoHtKpqzX58
HdFjiubHxd3AVJFNuYENGi6Ag6cyhFxnbQvnBPwkv7gc
EGqMRgdsxnJrxzsCBJzaQQ5CDf2JymGsHuUQ97DCArfo
6gJ7TSL33UiZpq6zpq4M4Gkdyc3wzfDMFwzYtfTXiNng
5cLbsWvZXENVenD89YqHZELZvRTeKciLKVStpj52R59a
3aRYsAbF4y874rC77W8xUiCsFHkuXqxq8vTwFuCuUBYd
4MofFy5tf1W4BohvweDWzYAy9thoApnrfQYzNBZ9dwDJ
7uL733vBQBNuwWgMCiyH1ykeFBBpNB9yDwT9RRycLafp
CZS6AgTPRfembUn5oXpAeU1Nxzi3sq8jiv9bPgCn5iX3
5vJm9vcG55jYEVnjb2xtjUhpk4hbyR4o49Tez8estinK
8ZsZfqyzjzSGwcSAt2GHPEH1y67EPzat9ZQKaRXPYg5b
7mha2x1ieTNpksetq5ype8A1dNVWQrbK6JGVJtkNBNW2
DwV2evDVBRKGsXD1x9qyZLpNYad474PVub6joLuRXf6H
TkxyNYZhRpD4Hh4cvLRgtGzYEAjvfvWyRNYZUTdpsux
6tmNgPVDgBmkaYFKE5pQgvfbkvxAj8CbstZNKBZ22cKr
GTooL2x7U3neK7LCemYCHv2DipEjiJ7w15rbNnZittFU
9GG5V6b1VPsF1p5k3RGfCSgJ55Pm723xvPZmjwpDtpR6
D4DMaj86h5oP4UXCEeqqSmMrzFdk1zTmYHKsnXpYmnGW
BMbeMub5HEgP8sk9Uyz8xfUi16agEvcnj9jMAEhWvu6Q
GXKQ1raPS8mjD23c6nAmjqWVbcUqLtKPf8Gn8Lry1UAy
HfWa17qEsq4Ns4kAxQJM9EmdBXm7Te5Da4j9V3ZDkCKx
H1Y98ZTKvkeuxHT3uQ1MTeAKR5WseKwLqRxWGD3Fs8pu
8zKj3p2kViMg3De9xz2wFMfmE2LLjs9DBEDpdwVSM2UD
Dm7QxxWmphAPm54kz9rYAxcnkKKau261ECfx5EhiLRGH
BQfbGQVDWGsBWi21C1GAe7DDfqGVagrQ6LCBgg2Y1FgW
Ao4L4z89HQqUNaNaab4tV7jdjGUKLs7BBwYH1i3T9Y9F
EGesysQ1DbDhxG4heEq6NtZqv76WRS1Gahehktzbrw7R
3yoVVZkuGiEJTRwb715eAXz5E4pBNgsKBW2cNHMbEjgF
F4DdvHaCzvy7BwWErBM87MJVV4Gw83uZZZFkAdy3qsZD
FJt5V7rovWMJ8jMS7W5jdYbygKBiuDyceGGMMuPGmTck
6uApqrrDJFWLivsAMEYx7Z61LWHM44q4PE5tBbmxVPsz
67L2t9wjNNiqkUVn6TdM8JEN9Z97oBYsTMqHWXZ1Dw5a
HvKxhqZZb1bgQiC5aCPTP8LTRzAQbV4t3cauMhYMfDa8
E1DtojkbfDSJ79eJhMhuf51yWWiPH573XcL2erd3uHKm
7zbPMUJnxbhjwiNeuUb57xe7XhSAScLxi7GmY73auKke
AwqDNbbsJhHojXmybRxKwc6BSH73jzsTZxT6BnJUCvWY
E3PCTsy1SAwiZr7xgNa3bVV8d1wCYF9j3xg2aHwngnyY
CCB7V5q2ak6SfyiSofv2RdZU2ChLc5DuMHquJWEKtQf3
7iiMXdLu4RZmNe6e4Y8qmb2L2KNn2DyNarHA35UQPgUY
BQii1Av5buBy1i65Xo5QXVTLLgm5jqYRDAtb8Rqi88Ex
7TNSkj6d1vqWaVTwNxpBWV5hGyX81qFzMczwEPzANAeQ
Afjod7iyFgMrHEmrUR5idD8Q1GcPTyXiqsWudJ5oeGeE
3Cg45wbeki3HTAtV6aBC1EuG2fsktuuteaJd9Ty2d7RQ
7wvAtRVQJKDrGWeC7ngQksxSAkiksVDwoxikCTQ1oULN
GT6W2EHeCxe8CTj6vGYjVneZ7c8AF97oXrRFUAtDNujU
AY6jQqRUVRpEkTZ3P2x9mpkFePcawZns4h1CY7nzFUqB
HHTMxttN6AieADF1Bnzo9Hk1iSxWSb4AUucrqvb3sdCv
9ZeuWuiWkdVnargwZgLMSkfMr7dchqkUGD1obbAwDohp
bKpUaJ6UkT2WvgEK5Rzhk73uxEQ8gHvcosxdY3teaHb
8uLrdQsHeWyapweZAj8cR4Ug2kDiaKffMDgWX1Romu4Y
4yf8MxYdjE7ABTZhZfDxer19WbKJb7UdDa4nwWRWX7TT
CTAFGd8E7Li5vA3qoKk6GMjaCoJGSk7NU7tykooUjeLX
GYFtT7UxmZJU2kVJuAo6i7ugRUrHnUpfebZsc8sre1m
HeY67WimMobmimH5iyKcDheNBdw5CVCfrGNkg4Usrape
Fjg5Dm6gsGvfdZtU2sbtmB9nJxSf3xd4rXcfD3XVgFLp
2Mhr1KQ5S6qZx2ghkqvmZKnraNZ1mNGJRZ1s2h4yZ2nJ
8cHcCiG1QkBZErtfSbk3qFEBkb9pbfeKHR51TKDdAfWL
6S1SdUL4K1iPosrdRcXkNS7Gdcp9nvCwy3263jEqPKjF
2uciJrKPRGD3datFut4UuoFmzLgMFKRm8iLUbV2QfGNn
GtX4T1xxyQ3yqv61cPcJZm3grkTg3zvT3yuuE5qf4brd
HQbo41NgjSVeY8pNx6AuSBUYpNo4fRkkHfJEjUhCL78m
ANiFMGcdYJ81UiC74kESFZixzkF8XTLcZ8mWAMxYCsjv
9veUUWf3LP7Bpqk4UoFZPGbbWHVRSJmpoLQAmGN7L46R
iB91v3nPpeK76yTJbqfE2cm5jYAahCBCK7rUyyKHVvf
456cHjaMRw655E4ircuJEEycs1azihQ3KfD3cF5nnxbW
AKdW8LZ5pRX7zjQu8pJtLxhmDdXwas6kGjfF665N29Cc
6PrHoe7fH52uwiUik2XrWKRMtb2H3YPxMqPmkraGvYfG
Er2Wv8VkVDJHmne4RAXKcAtr3ZaHW2vf8mSMQpitFLEw
ArqSppS7q2RXFjzrZh9vRy13tT8CGGZEmMSCFiGCrW6X
21FkVDvJgETvUtcuHXXNLiFbBgd2e3JUChtQh1ZjyK1G
4ji1DKij6oKzgt7X2RUngV6mmPZhdZ2vx5S7vLJzGFnz
5eYG2HHLA2YSeXnKiJG5NF7LHPvwfduhE6TgQEQM15gX
4zFFEeP9LCyTQZb9qVdfAXMGyfu9D2BTZeWcnceRy6RU
6KcDPJhghuWekQso6g4hQUFmSMzybvcA2amNxAcu59ba
AATzNNfpqJ7PpQtC8o9fdgszSXzWHq5UHDBvFLMsjxwt
7GRngDqr6zu8y2yJbYvo8nY3tZopZkFbZw31NrNkv6cF
2NAkGQdCmKgGwzV2jFQVmMDiCbpn819dcN1qTtR75kj7
BfFyDx5vCvRqc8nsRr8kLGtypEE8ykn87qBdsV4im2S9
8sXQRcPxM1abdr9fBXHZxPfhM9YdgxDjU1mHQutCZBpQ
2oKdC3MKQJLppjJzkrEyhDLEcFmL5TYCtmUienJtXTw9
5UBT6kpFJZrqEDf9kbMtd8LG72nEzNH7DCZmPz8eqF8
HFjzpVsxPT7d3YoMH8Sf3fwbMU5ePjqLZccABa7h3N6h
AUuw9MorxwsaZSkdNZdhX4z7vdFnvdbWjS4nz65umTMK
EtYPnVMiKYsPy78op5U7F8GSioaUUDBei6aoziiaLXuD
GKNou7fGCJyQJP1QcKvATBvDDMt1WRuiZeG5gEzr2eYz
qavDrVvtbsZSQogAm6S1xYcnscCX74JLWvZKXsLLcd1
rs41VSmEb9sqP1TbSRWAzX444zivyLoPXXZPdDbDoNu
DSQvAeFWyAEmVpqi4WzMtPvQ35Lje15wxhxU884PnZkc
2zVxP6R4YjheeSZEyUvQAi6ukGSRShgpCWQWhhFBgxV1
3McLTts4ed71tUwaHFVVj8URapuk2Q8enYgY32yZofHY
8n5Qvjijar7UBVpdNHfq6k7Pc7uAYMYDB8nNp6hzyvwg
43aeT65we9VNqmhZn2H3733JV3xHG3NsNAhxMRPNZWU6
Cx6YHbNffQjfhHzVgGNqosABK69ELFtapeRYpLCjYASS
HqXZvbcsbGMG5mEn2Xbcw1pgTEfYXjrsG6RENqURaZ5Z
5k3FKLGDRxzU511YUmdeJNfctzksNquk24u6aj5otXXM
3RkN9PT8uNQvV2kzXEWtykZkbpjWyAw2x6ZsscPuenkc
HRz9xEjXyhhCVDoRobGAbJTuWv5grqXx6PhSxGF1ptHS
8NywiZBFPidieTxAuiUkTZevXperw5fSMEW4PwywUYpj
6rGzTCVyc9XGqXBQRPwnhKVke58CYLujtuDQ1hopCgcp
8SKmGMV6xRkiKwLGNZ1mS2izxgq9BBewFxyaym6VxRuZ
HT3sbFvrrNghfscnueF51zeFYHbGLwSNELD5MjymgJRt
Btff78UcV9AnvyXk33UdQ5H2WTAHrNQ6DCMdNMqRX5gV
8gjV9k91y42vRFV9B8bB9fycppmaEoNAoDBMFsBC1TR2
Dro4ChMf5k5XkbWzPbL4iTN79E9LGt1zdDrvZVesrt1H
HJWzEsfuc8yS9tFPVx4xe3aUzT29KC8ddksL3191ehiv
262evLD1ctgpewnJignmAiX2DEBfnmNW5gh1bdQMD8h4
J8xrhB3eydnUbqwNwd5dfUTvaJGXJk8C9ZpyVWq5vjWU
DQNZ5wypSYEQXgz6VXj5LDEkDG9kC8nz4RoMB5C385UE
H7BymVFMLeHyRkLjr79k4uaNtrgpZ2u8BEW5vkKfpTXx
