E8pAWPsMpvuvxU6pqJqrq7yip7n6VgzpAcpdqbzcV8Nw
2Q8VsmAA49g17wFfFvCP1yZZVeubcYy7ptgfEd29Ag1t
D1B5VVSLpPUhDow1SCSgX4TG2nqytASTtQ9U6KY4NFFs
6eej2KW9qSgcCtwgihVYScMpVo33DjXghJ5Q6RB4Woxr
AhYyVr6C9uDmRLEySjBVZLP945561HK2vhv9B6aLYU5v
CWadVUgoMJKB1RGXK1aF4JrePrjp5veBm4VQLvArW8UL
E8pAWPsMpvuvxU6pqJqrq7yip7n6VgzpAcpdqbzcV8Nw
51oET2dy4vCmZ1JMGYR9hbsvsLng1vcLD6z2AZp1uq1j
3DTEw4wsyEvKBh1u3v2NKtcBmLwz8iJYieuDeSbjyRQP
JUskoxS2PTiaBpxfGaAPgf3cUNhdeYFGMKdL6mZKKfR
7n5DGDVDnLVBw3oT4e4yDjnp7ZETy4cq544UUgpkpso9
585a1RERUJACZQodbSBU6pV6ETVwrrKbesMVq5i5BSMV
8XGaSpNJD2cq7dCZ3sUC5swg5TrHQ6LMEoGixkCN47rG
2cUr1V1n4QvWyT6CchmoSxjAd3HhvsonHK4X4Ai67PBx
51oET2dy4vCmZ1JMGYR9hbsvsLng1vcLD6z2AZp1uq1j
8zfdGUKpemtzs2Ypb8reoN3A43o1ZkbwFCBNzpUeFeUo
AkdfJa5NmE1pQt3Ai7DpgDg8kryN5qTZirp6LQcpen6R
7tMyU22ViPrhY14fy31bSmTsQK6rwc9q3Zbq2u5RkZis
5gXmxxSi353FmhYDiBnWiTp86C6Nu692b7vKX9QNgzSB
DDzcYftmbPekboyoTxNsx3JBso31WRkTBYgMRY9XA9xr
3mxEtn5qWNZZRDaetWqKRcpKQLc8heXtcrwNaFRicdpq
7P4Bb1pCMuYNveYhg2j445cmTRCEGp2eAAtBQUv7Jz89
BHzkj3zEaS5i97XtbEqzQvgbeRXgEL5iFSrWNWW8sPMP
2WkPKh2HqudssFdhTJRdj5q44oTwZrdPJQ2hGbgwMXrN
7Zu1JJEUzQzQKww6MaPGYFa5xvxs1iA8oLkRh8SKQE1g
3ooTnU4quRNztapYE5vVojHZSFqPeH2xnWC6mbbtAUSE
GRFdkxZf5raq2T5kVzcbDTprDKie6oF2QNuH5ck1Ehot
BrfEGRPH1ojup3ESByNv3amAhXhQqTuwmA9BV9DxhjTy
4cUyDakNPeMEZtJPDJGNujWLGF1XNH7WbQnheUEfD2xX
9CeQYRt1eK15SUAv8AE6XPhh1ijhBF1dyPdGQGAiCfMx
4cKqqwoADnQVUAapaq1CrCwpBwbvCSohZPzB8aHooJjk
CDKD1jHxaxqmGE2jHBJ4tcnMZBNSomQhgPX2NHycxpEp
9nF2vqusHupTTNgw3quL4f3jorvPdJ8VBPv3Uw1xt3Mv
4cKqqwoADnQVUAapaq1CrCwpBwbvCSohZPzB8aHooJjk
GLa5oDz9UoBYEmbk3gDqkUXMyg598h8fXtoqTA4aA4QN
ANa8iWHMUpAsoR2V1EgWD7qvxCJ4oJJQL2jz7vimWT45
6mzK3bpprDpGDckgV9taqPnyLrMxMNLuJmMu7nfStPAz
EQFh6gCBG5E8RfDaUKnVerJYmMDzpYq8rGm62UiX5XkH
AgPhAsvcwPfT8bcAQxfyvymHdS9enkCzHDZP67ihS5YM
CN6DaNfWGev45AHuP5qEVr422hjgNLgj96uaqiDeRRvx
3CMVKpZNgWLJJgbwvaUS7dCvhnUvqZjHUB1yoJqD5Bjf
J8gN62oYWN5JYY33iKQmx5LXGqX5wZZJ8CReNkQMCXSQ
B76uAwAahbFu6Ymfg2naf2aZstzTU8kMgFKhFUMubuqT
A4jR8ZNLjEZfMV3jWcL6y271Vty8ywQSCPSsjPoqrHUx
4CVLbLUcNUdoXkb7GhEJmoPgiiv7G6fistNWu4Rx6T9L
BcwzmAJunqVo7M9PHuUn3srQJX73bd9xr5fJseCDGAZm
51oET2dy4vCmZ1JMGYR9hbsvsLng1vcLD6z2AZp1uq1j
8jrbZfZQjfQ8ZkBjRnx3vcFr6Tu8wUAmbuw8q62VmRyE
4mEYrNREBxDWynMnTULsXWjrFCsXeFtaajjhAQkY5Z29
8gRu1nNRCENJT2WcUvdnyxCvAWJadBoihxnFunzDTeUo
AEUto3eFWHLAmmVRq3Vo2fmHXwte525jQGG6D7pN4RRd
8eRtioGxFAm3yYdSYRVrpWFYcWWWDTB8g4J6EUrYs2XC
AsxYivuyVu6znDgnwenpLSLvkZDua4mGKxTvM2JgoeDU
BVFTQzEas8kMPkcugksaTTuLnQJ8ESxtLryk4ngdyvjU
6ofXwU1s3Ma4ZcvLG29UD6mm1auDV5jumMzRnY1FdFVE
E5aGCgnhBDQ9aoPZkAMxgMR1FkruzxtBFeEyM4EJwKD4
8XoA4fSJWndhft79TCXFUUe6fKLZULK2CGFfBedhd5X1
BVFTQzEas8kMPkcugksaTTuLnQJ8ESxtLryk4ngdyvjU
G49DobN5j8MCpNPFtoEAP6zA4xQN6fPhW5mmDPJNDhps
3m1JE6nMWGDzCQLMxiVNVa2H8F3CmDVgHJW13FQSUkfZ
51oET2dy4vCmZ1JMGYR9hbsvsLng1vcLD6z2AZp1uq1j
6YjrKrMyj1nEpCqmej5eD8ExK8P9BbiFvqTLK3Semid5
3MsmkPefAd1zbtJtsrrR61pFLmXYGxr3d2BK8wt6QYzK
51oET2dy4vCmZ1JMGYR9hbsvsLng1vcLD6z2AZp1uq1j
AMpvmtFPN1ujja5MdGpkS5wpatvpMLWkLnPGQjoDQ4WA
CURK6mGfrWqVdrzF91YB6mTVsvLEWvw3VTYtCihDHjwj
34YsPVjERhtDyXnGFWRyqrwxCpGZvVRkG8SQrR4P7QLH
AgPhAsvcwPfT8bcAQxfyvymHdS9enkCzHDZP67ihS5YM
AzmKB7i1dJucc5Ec1mxpoJor662CDFKAAWRstWDtrmaq
EWC6ESChdBqExhp96XPMLXR65pXP6Ftuh1pPAVws4pmk
7P4Bb1pCMuYNveYhg2j445cmTRCEGp2eAAtBQUv7Jz89
Ab4ZrZjVR55EWrTjzeCwEJSVuUrmotM55wciF9HyFkdd
5Yo8cBkSqLa2V67cRoQoFC9FCLvqNZMyaGttyopon4e9
BtHKvqrVTqWb9MYvZ4GsMsg4mc5PhgaYFVdZnCwQDh8X
GwzmFfkvxAQ24v8rDULMi6Hkr3HRoYXMUw5hwfUpaZCp
3eucHmLaRJzL3d3rzYx94KvxcVhR4ESLo9R9hhb5Snbo
CWiXLx6juMmaq33BPXGJ1k2DPqzfDyCQWoAsUUe83CqP
E9T5NiubdouJLAXTG3YE6AWHBgC9XhiXvoARR3RwyUMe
8thnBK5nMHcn8TZQDDxPc8z64NGfW2cMLJersUUYi1eH
CPCi8GtA5mxcs7Pjv2rxXihs8chVoSLiPRFGFv4ik3EE
9iy5aULPMDPoGwP9sUaW7twGRVD92LZSy6Hs1cdCMEk2
EzFmEHFgkNa38kcnWSaVy6FDP24xvWHTisRUjLD5aMLH
7aHJq2SKKCsKSAR2XcTBdQy7N7Ja1d8w2mkbiuhWki48
5AGJTTR28CLMPJSKNC3zkzNF4qEmwgpWLuLEoV73w1hy
9KJbbRm5qjnWBNZNv3Mhk2hEFqqDAYcCHuUPxnG7W64g
rxuqLTYAC5quzjBUcUftK8mzhwGGFNByRvDf3A9oQSH
14BZE7NViTS7AwNpCT5QZuB3CYPePe2oZzetq4q99gXX
AM5mu6p1LhL2VdHx55NK7HKycahcvL5nYWMWsSQCbxkQ
73tF8uN3BwVzUzwETv59WNAafuEBct2zTgYbYXLggQiU
FC4LJ1JNAb74z3mLGfNesda7cyuzyfDfFagLdCRYPhUJ
51oET2dy4vCmZ1JMGYR9hbsvsLng1vcLD6z2AZp1uq1j
FSVxZGe2J6Kr92xdQYpP74dxd4uT5Yhbq6s7SPxJF31d
7EfeFuoGvjjE3Nr5NjSpWMz5j4W7SS3ze8GwNWLhiCip
51oET2dy4vCmZ1JMGYR9hbsvsLng1vcLD6z2AZp1uq1j
D19N9udTVk5VujnBcmki6DTQMnRJCcZYs6yB5w3zk9HS
7RvtX4WGag5Ggy4oMtj2ni3oc9amEPmscdHLGvGQdZsh
AgPhAsvcwPfT8bcAQxfyvymHdS9enkCzHDZP67ihS5YM
AAeJJKJM68QBybzppV3nVdNrR4B8H8Vrfah5uZTs6HGM
24iifBd4cBp6tEhYNZvPvdUsCuhmrSXXauQxrumEz4y4
Dp6QdjX4LyD8mYWEw63SdC7S6DJH7j2vFkBLPo2CbXGe
CZbmLXFpJGzNabQQdsHQ3KWMkA44BFGrdVvvSxWA5RwQ
3eucHmLaRJzL3d3rzYx94KvxcVhR4ESLo9R9hhb5Snbo
6SHRL5r8BBeJFVcg8Y5u2VRvEaYYweSnYtNLjb1N48qw
H5WxquTYLw5hEVcGZs16oFaT69ShkFCKe7TXpbn9kADm
AKHkfNyVwi6muUYgkaXGFnWhBx41V7UN7bCsL1ujoVfA
5dr39esCxsaHoHedAR9mhTtbF2mwR874vU3Vemr8EBbj
AsRzkcSsQCum6Z6AA6onHkXYMKXZa7Ccb8AVSUdSYHv2
9nF2vqusHupTTNgw3quL4f3jorvPdJ8VBPv3Uw1xt3Mv
FgitU8ifEGWMo9xuerEpaFNAA2TfcKyTnoS4C4Y3ePsa
21oUygjRUp5VGNKMJ9SuJpfT6LvnKn7ZDjCEHxxachXt
GDcdkHHAnzkZqftb5J79FWo9N2fJRe1vXUfVCWgE52dQ
EWC6ESChdBqExhp96XPMLXR65pXP6Ftuh1pPAVws4pmk
9s27sJtV8q2XnJRpN6nQ9vMF3AWG2MWSZDjBciHuSSaR
27cqEXSTJMkekieAuUN4CBz5pUUbmTwJw46LzbSnwpvn
4CzrdnaVcjMM3ZgNhbWviat3ptBnYeAj9gBisPtxqnVt
3VLNzjuPyVaYm4KPrNA2aV17fUEdf1c14bqjKwAuSXxM
7srUnsGigLyApFwxw3MgNawzDrEkDYpjZtoQvBi6ayeU
3yLtkiKU1zGpPaZ9AtzRR4vYrEaSNxQDMhW6TzbSnhQb
5vEyraHzZCP5yM5SMv4r1n8MGsSQeP5Mh1o6TXoWAvfk
HuKHH58Y6ZoRnJMmvcoFKuH9iWpDGHXMQoNAc27oSR8k
2mNq3AhQahJ3HiJVp7w3jVkog9Q7aSaXwYZXUhTxaNs8
3QTRD2FfM2niZmZH1SxS6iJCRFY84DTq599gzengTtxQ
zCGcVs41yHV6rXA2btec5sDxATWRVxLrAK4yqgz9jy2
GChoRaGhcY1EPPaqoZ57TcpmBD1ECoGPxqkPE8zg9DSX
J2B9WCMCmexvhiRjbhHVwXY6fVRyiRPo76TSAhsKppGm
6pCs22raxzxVRqTehg46bVP3dopJ38XZQCS2zbKPKC45
92DixzBQGg5kQFtf3qJu9azgqkCxfFraAKHrUcyzSXdr
52dU9FTEdfmz9TL6k83PXnMsq2Dp7e4MYac86misgKvJ
ExmdjwUhkPGrbrvMivVyAPydg8Xhr89e25RRRkfiRTAJ
9cQepRHEXLZC2F2ncuK9HY6b228dQ7HNCuxZatWZXsNe
EZsxgTx6JXqZS34sDynrFkKD1Q64Eve7AW8FjawFfovV
4CTkZB8jGv8B3Co4Rog5DpYkJD2pbdQNnth3S4sbehLD
52fnnETfSPvYKJk4jxaJtgHfun37xbETi4vpahCfs9t9
bae93fAqQRbzRBwLnC5ZeDt3j5uX23nD62B3pwvpgXB
6ozsMcbEkVgbTFEZA8onwtUFVm5sgVG5rJx5VctkdjMM
6pNJvcqwHfZuFpdp8bL6QTkoFWc863f7mdN8GsxDSGJL
FdvMXoYeqtGkGHhQyztVFQMTRAP3oiQkLjVSFe17RWa
B8nAE6KWi95mo2HMAR7MzgSyMjwYzCM8N96m4NrQ9wWY
C9u28tV9EcKf6iqCxcQvh8M4fnxtWU27vmS3gVwwVKSm
Ahm38C7y2TfsoqnTAmRhFHgZnsgNjUBmtMAWw6V537i9
BL3chWidnWNmzqjtjSQcbZbfTxczL4YzuNhBxgcDZ45k
EqWd9aAvUFcBxQtsTXU39BNsp99rpMzHTgJ2qy89fNim
4us47W1bnHCqzjzbzn5ZJwjxnc3RBZqe4Lkid7TfNQBX
EecWhqyBx72WQd7eC3fxJxtBgAGBDfozRswZNjPFNZYJ
EWC6ESChdBqExhp96XPMLXR65pXP6Ftuh1pPAVws4pmk
4iuz6Sieqaf2snAUqt7UUAGzc7FwYZSxV5PUzsKVuCt4
EG64BPWCM9rgbqoB4Sn8KZh3jnKmjA3CfpxBDmduUeCt
AKHkfNyVwi6muUYgkaXGFnWhBx41V7UN7bCsL1ujoVfA
7P4Bb1pCMuYNveYhg2j445cmTRCEGp2eAAtBQUv7Jz89
8pSy8hDWRJPsVfuh5HN1uu283ZAE9D7WnVrzXtyYetTu
3eucHmLaRJzL3d3rzYx94KvxcVhR4ESLo9R9hhb5Snbo
9y2rBRPF8DyjmWaPH28T2RVWLG2yYQaF7n75q1wdRTJf
CYVikdfqKK1SmPasR93k1p6CntrmqGW4YcoSYQQ2TeVp
D2PVQWhA56MdcPwZxJr1du1FGPufoemwgwFB9m3ELquC
C8aLbQZv86ZyBePF945Ei3aRD2biTo1W8HjAAgc9Nyqq
2KcCvxiKiWTu9XXLMSRnNqCgvZaLfYLx4aiecPJHqjrb
3mWmN3bfrDzJBU2UbXUfjQfoXUnRonvBfoz93tCMNKHs
ETpRA2MGr7xAaLNFqWQnG9bgZLwX9VP7GipULtm2j9a5
9mDT5a5L4kufHPDavPnSN8y8iuRZQW4nSAAoZzGAVEtG
7tMyU22ViPrhY14fy31bSmTsQK6rwc9q3Zbq2u5RkZis
34UpwY8hyNZQ5N8tiC3AYwNK9nhsf6PLRncUFoUqQHRP
EZsxgTx6JXqZS34sDynrFkKD1Q64Eve7AW8FjawFfovV
GAsHrFqoCZSMT1kTqQL3Fqcs2Ev4DPevciuCDHrG14gd
EppxE2vDF8cBrRmJ2BSYiJ1JtHcPFV48YR4NkRD36gHZ
Fm76HXTCnt9n7JYfiq4RUz4EFiqQBXoAm2x3UXgkAh28
DjDHfwShdrvgVJHoPeGX3a96aWrArhYPpgJvg39QmHJ7
AchUGZpjS5FrHrqbtm16ewn9SC1Qv38vzDoH2PVpBPrb
CvTZWe3SSDMks5rmG1wPA91mxba8FLw4pfm2H2YQAkgm
8Hj4C4Row7TkhXyG53NaofbaJW6xYmZCpKPzYLdNGJ5P
7HmXM4JeUzHW3oDr6RQBxnokuLo3QyD1opcb2LqV7Tpp
84tYj5QuBQNDVsFXiEPMZddVTtAspbAJ8oRbXsLwoS8x
46cqopUXpzsQMGGghPw5eNT2X3vVP4VvSxXjG42dQLBc
8eeWesjTSLG6Hdy6GV8bwjrBCEnwY15LWTkyHtGtsUB3
GrLJKhgPQvd1fgPeSXS8PmohchzadSrkNotp8WBctQyh
HFqbempFrTudgpE7mZ2U7jsxfuJcgH9DMprLKLNdPs7B
Dt8mEeW3uFiNDVMSrc3fr4hyVgcuafAUptWirNp2V9Aw
8iFRxf3KinD85BWb5JJEXAJdVSrFQqo8xoxbA93LtG26
DCTeYphaDsdFWZ61JXusR3dwLqKWkYgCjkxZSQvPzRuK
3LoqWSBGfUzPwPzUvyz1gKTS4FnQbqh71S6MzgC1NrAN
EWC6ESChdBqExhp96XPMLXR65pXP6Ftuh1pPAVws4pmk
3yskHMQuDvigBsEXka9FzbMXPJagqbn7ZU2UykkVcMhj
7H5FHSDMF9YJFP59kr1LnXzPNJkxLWUuM7QVdUwSyv8m
8zfdGUKpemtzs2Ypb8reoN3A43o1ZkbwFCBNzpUeFeUo
7P4Bb1pCMuYNveYhg2j445cmTRCEGp2eAAtBQUv7Jz89
6dWYKwXPMgr9dbsWsE8FgsTHgHudFaF8vvaQTvYcHnn7
CYVikdfqKK1SmPasR93k1p6CntrmqGW4YcoSYQQ2TeVp
HBBkVN9gc8jwsLWkyhW37UQbN3JCeBAK5mCqzdrWPTha
CVAHRzXua8aLUW4VKScJWKCJJuQsc3anfBAwyWgm7JTq
6cxR31FgTSxgnnS2cdsjhpbzyzYhpdJVTrxdHmnM3uBw
7RY1fYBPSLhk2PJ71jdE2LWXgaEmKeJ1XdtQh2243sos
9CKGWgvpDqG48qEvEztZN1M2d6b6x8P89T3EDCeeKwAN
FxC6gixguqfSM9bY32aGkoXxBW9Z3bfbH19T8Ydykmj9
AXYki5nFuD9uoaQpGT6LaAAeBwaszU3rNFPmTNZNvUcf
7S6UnUAYZUFTbiPTCqdgNUUweSqcfsX7yRbgbtUQkiZe
7P4Bb1pCMuYNveYhg2j445cmTRCEGp2eAAtBQUv7Jz89
7P4Bb1pCMuYNveYhg2j445cmTRCEGp2eAAtBQUv7Jz89
Cj3hddF9BiUu3nKRkSqgtLK4HNPF1wELU4UqhiLtgLL2
GyeFbvsHeLfSFVpWN188QA8wxJ8dUo83wUMMeUwB9aEW
AM5mu6p1LhL2VdHx55NK7HKycahcvL5nYWMWsSQCbxkQ
4QkDisTGa7vQJe2QGmRU9gw1JmFcHgnXmr9wot9obyXh
6fpE5MTyW4Kx1E9pLPPoX4KA29CpuQwsS21vmPvALUvg
6NqrTWh5B1cDprwcU8RXyThc96Cjyy2VpCPpk6wRxdpM
J7SmMCEdXXRW82QDJkdeuuQsd723W3CQub2jKGMJx9pu
7Pu7nd4zT4tytFNBRucKANZZEiLHfCNjyFLLLHa3qnKD
AgPhAsvcwPfT8bcAQxfyvymHdS9enkCzHDZP67ihS5YM
CdyUavSGT89LmjgS8z2gLCUQZYBBqvHWqEHyqpKvZP9S
ArpJmDufregVVoUbySQbkEAXMmBmkP3Cmzye94mj3CxE
51oET2dy4vCmZ1JMGYR9hbsvsLng1vcLD6z2AZp1uq1j
EB4JmYU2Gd6ErMfZQJ6mC6nYTTcqahAB2kjLNEyRuLEt
H8QmDjeK961AHxcpu2gCNLKAoJpDqumzKYYcV8Zg7Ftv
BUdpRNTSxyZZXtecMuBU7eB2x7RrwHZDPzGGUwiZwZUo
51oET2dy4vCmZ1JMGYR9hbsvsLng1vcLD6z2AZp1uq1j
5kvQv2cRxzcgFpNqcAzFAYcMTns8uKXcXZtEpi8ztMxn
Hp1MvurGGDd7xA8zEdntreKcM2opJX5qD1WAApagZDfH
5zctBVVPrXEywMfMpKPBE1ztFyaCuHya868XKArkfen6
EXahQPSmvv32niwtYEKLbg2TC1PKoY4T2dFp321oWPs2
AgPhAsvcwPfT8bcAQxfyvymHdS9enkCzHDZP67ihS5YM
Cq4wKeNxdoPT6HaXpcrKd4PEvnNYQiSRkZaMELf4Up7Q
3CMVKpZNgWLJJgbwvaUS7dCvhnUvqZjHUB1yoJqD5Bjf
Dg5gU6sFvZ59u37T4UhaxQBYeACu5uNz4UfdM1LJFGrg
HdXrqeT57u4rv7KCLG7WfYVL6wQfUwayab7F3D3BYXDh
51oET2dy4vCmZ1JMGYR9hbsvsLng1vcLD6z2AZp1uq1j
5eBNi2JRMNzuusF3w1ELi5GWWUxRPZBnp1ZQs7hRqkbB
2BUKq5HhXR51XFmAn91wsgeQsNeUuoH9zvE3J8XDHaRV
DXYGXSs49n9sBTP9k9jXKWvBVmXSB2VuYZUsC4m1JjHu
aB46Fxk2SNZfw9EcXozb4ZntZNytP7Nwcvua93FrA18
bae93fAqQRbzRBwLnC5ZeDt3j5uX23nD62B3pwvpgXB
9xD9zvgaypCTQMLCN6F5659x1vyBfD78G8E956YNpNPR
EMC8hNbJiWctDAfdz3j5y6rECT2Lid9rgipMyKD8pbqD
75mxF3MJqtjY6FU54ufcEZgRLUNrhHsW86sy8zdWoumR
58UwoH8r8wQzm4C5iSPmSc6fkDcnuYARKQ2mBm4f2c9e
7KHx2Uc5qsqz652eXbu8Qtabi5KLxWJLgxFzcaBzP32i
AgmQQruXPrYMbRWRKX5LoiyitgwdDBdijBbsk1WzVimU
tG8zdcKN1TQhbpTXbDa4pwTxgsx6cgEKbz1PrsmdN7h
96a1AEVTVxCjdgzEW6rg2PpytucvWLwBVJWPdZJCZoYd
HHkUmGtCWDSy9juDafQx6KoYeAqUqpZetJrLDnvDCZMX
LPMedzHLqoqHjfrGQ4gM2btD1iGvBDgnWUNXchKSfp3
63X9KHuZ7oZjV5CvcJ1qgMP83EckJ9Nyz1VESTfBx3My
C91QVSPebG5w5SP8Wg97bqfnnNfG6j9QDuTFC5EM25jz
EQFh6gCBG5E8RfDaUKnVerJYmMDzpYq8rGm62UiX5XkH
AMhZ3f2xFzUkqYtQJBYCFE339L3wshny4mUx77NAYqsX
6y4b8kKXNSD4dqGX7Y8HTBXHaqV59n5tHZyX5xacez5H
AKNQahcHuDaR8f6Nez9QH8cMV26NuJugJJ3daHJZwxrZ
73tF8uN3BwVzUzwETv59WNAafuEBct2zTgYbYXLggQiU
28tLPjFZf4K4WCjiQPnveiWAapcB7xXrbySnmgWCNtST
BVFTQzEas8kMPkcugksaTTuLnQJ8ESxtLryk4ngdyvjU
BYcufhYPyrKqVVsJD1Gzf8UQL7q2wuGeLjPARXQH2vo5
FjLV8aGW2uKPqu48RsRJsArHNA5qJZda489eYzxgqj9t
DjDHfwShdrvgVJHoPeGX3a96aWrArhYPpgJvg39QmHJ7
8JqwqS6TfmeVJGks1uMRkHPi4MDJjjoHSmi6nS5kzZPE
Csj6f7W2jdSJhGN87QSn9mzwfgkrHUcCRijgL471o2sQ
CV13B1r2zmJeqrQH1abHwF3tSVag242fwwdgoWXEa1Qa
GP5wZ1hEfpD9TxhZzPGQVWSS6VVBaGY7J6dt8KeQuPxv
6zbHJGNdqq7PawynSgxW6csjVHAN9nm51uLNMZqpxZts
58WDSzS6ViWSWXGRwnv8UbKrHo18a6HBgHWVYMTc3dp3
73tF8uN3BwVzUzwETv59WNAafuEBct2zTgYbYXLggQiU
9V4i8VdxEHgjQFEKdXT3N4nFKRtNtkKCzd17SjxVWLSo
HCeV4WprXuh8F6HxYAVHSrNaeK17jpQuDnCnKCyTsoiQ
9TSTbNVMXMAD3hYdoA7jRnKZCWKuKfkm27MKJsfL3JQn
7zfyHQYPJEcQhBywdXqSMfzpCsDZSBZjNzcp4LQ2PcwL
97xAKp8FjyXkiYqTtYWN9ArD7KxTevzaCAo7VCcwLAsK
4Qes7Jz3Wa5KYFD8KQ9hsfC9TJ4Wwy91iJo2mqL3JvXZ
H7E4JB8ebHaoKQe2Z3NAwXniKcuy7VVuAoycx7PYAbE9
5CjuGr4367okukGj6mUQehRzd62gYBN4yu7KuYDxN9LC
Gtv7eokmEs2M7Wu5yAikncMtHieTfKpNQjuvoejJqJuc
8Ycjji7nKiJ8FjyCdCoNdcxHAW9Sn8Zmpu9RpXvg8sgz
DLbcDo43ey4NxJu8Q5T3jxdBaU8yjU8y57KJt3PVk5Za
5EhvzizkQZW3ADDc59jyVqHdEKgb3u1AiAuCFJLwvYdj
C9u28tV9EcKf6iqCxcQvh8M4fnxtWU27vmS3gVwwVKSm
BA7N78zwguVEsumBr2DBvCY3B28xj6RY7NkTwRVWvcun
Cn8YKv1guRu8wRC3VavVsKQVy5TzcyrbUG4om8SkR2Vp
AeHLakaWjpNUDk2erpYzDX8pgGVeRbsLaQD4Mxu6RZ6b
4cUyDakNPeMEZtJPDJGNujWLGF1XNH7WbQnheUEfD2xX
8MHU3NwzuwpkcrF8S2nzNXbkCWn3TdE9UVtB3bQWJP7b
9FXubUriQDiRWaxk3ZQg2kTpJf12ShCY2nECHpWRYJEv
BjDp9YQM7GVsT5p2zeMd9abFysmovuJT4CbJnD6Hh19p
BVFTQzEas8kMPkcugksaTTuLnQJ8ESxtLryk4ngdyvjU
51oET2dy4vCmZ1JMGYR9hbsvsLng1vcLD6z2AZp1uq1j
GAz612DpHGypCwkTJgRqdAPZ3jR7QXrzMdAaj3Uxy6v6
Fx22XUQE2NaZ2oMEPCAzyYXwqnMGWrKDFGNdqPi1pdHh
FXkMTk7iNBzUGXamFXEVrM9ara5YSciPHAUZJCt3dmsj
HT625tsBNn9FLaKDxyqDQaKjQXVQRZKo5o2YkMJBHGa6
9ej7a4re5ZsayUKYpU91q5UEakEjCwK9mFb93zDAKwUM
3eucHmLaRJzL3d3rzYx94KvxcVhR4ESLo9R9hhb5Snbo
FA23y29A6AoqNmeFf4Kx6wj8aSd9A1aRZCxXNUb7fU3g
FryJS4Ynb1kAMfZ3U2xBiajSkkWiaxo9fWULZxzgQ5P6
4z8DfUJGJ9bWjPwk1ohpF9j2QBGgc25NPzX2zRUCmvoo
EhLMtwdB3gSM68fesxbiNiXVHdpAvioTCq2f6sgjKNGB
7ZGTXE8wNJiXyCnkCRnv7gzXxLyZZXu1H7BrmZiviy1d
3oGV8ZtekVMm1hDSvCGfPx2dRVdLiNX6X8knF5gS7Z5d
FjLV8aGW2uKPqu48RsRJsArHNA5qJZda489eYzxgqj9t
KwQ27yEuXPR1mhN8tTexSDQ2VDXJsZTqpf7J4k5ireo
65MQALg3QkvbgPHaABpeQws1ySoqGwcSJaDNPYLcpvpe
4ks8jvtHN8JoWJME2KrPRi54XzDbKeiKXmb3Qy19naip
D1YysSgs1ZyqPogHGo6MyBt4iCDRzPwTd9g8ywFU8kbk
4LBUPX7zfGzqdho666K4ueu9kipXkQFoCpNCYmQwdVmi
7LgReb5k1eUi6zarzMs3VWDJXD7231m4C2EsEstfdXCg
51oET2dy4vCmZ1JMGYR9hbsvsLng1vcLD6z2AZp1uq1j
Mxe7R36xxFThVHvPGvgYPSpsiEnCByQQ2dUfvaq67di
Cm8cYtgtfyULCzisqUnMg68aqqi12PGZScouQfJRfrG3
73tF8uN3BwVzUzwETv59WNAafuEBct2zTgYbYXLggQiU
r1QHFARyygf2xA8mTDekHmugyL9MiLfAYGwwuATRJuj
HixKvMRNaapShj3v1J96jLMtZuo7wNwtGAi4c1Q5rJV3
8sXrWe21kjtb5M1rh1hfSM2FvRnnnmz7LrU6VqhRr7bD
7P4Bb1pCMuYNveYhg2j445cmTRCEGp2eAAtBQUv7Jz89
DcxwCGCyJWbiD5y43pdo8Tr9f3Uj15NoVdNH3RMmy9wL
2ATUXJQBBPrxiUkrpo9avX3kjV2PnFBAD6AYD9jc7gVw
G8GH9y1UqyoFZd9Xtzg7YdbpxrHByfW27cmqhgnGnCNo
5wpT5MyF9jTHYWWtXrhot1XcCr3RAAQbwLeKnDTBZHYL
EZsxgTx6JXqZS34sDynrFkKD1Q64Eve7AW8FjawFfovV
toakSWxfPivAwiPoBfjpGg8T6h7957iiDaLgUYFHUtB
7xP8eumueg2K7cw6RYEVEoLHHxBkjRZ4qLaAYRQTEwTp
Cm8cYtgtfyULCzisqUnMg68aqqi12PGZScouQfJRfrG3
9MFgzw8HZdXrE7uRzoY4LSAbXvtCXUARpQLrH4HnVCXq
88LhrXqovctgosaTgDZcW7trJgrybe2ACQcnERobYQho
AXXNiowC7nbLViN4wJ9Z3HcXifsEkWZHzY1UJ2Bei6Mi
51oET2dy4vCmZ1JMGYR9hbsvsLng1vcLD6z2AZp1uq1j
5awsmonFXxL4xCNQTYVgw8zGWXEzAcoTbirxYEYqxwh3
7M1x73HJaoGPdc26VSewoTpTQDZXj4YA3i3ANqnAqyAP
ELpYW4Wi7d3naA8KZJmBS5CumoGA7gu6hXhJacSRYasw
6vGvGQDXPjfVExLZa8g9xfxJgFhMZtjkJ9nKrTLTrwBx
9KJbbRm5qjnWBNZNv3Mhk2hEFqqDAYcCHuUPxnG7W64g
FH9fysysHZBS1E4AL7VhMGstWvMAyXedcqXo4MaM6eGs
5ffREb952Gi9apxr62XDNhKUAUy2nTEExaPYyTnz9YFm
AZqsrpz7mfgGYCjX3dxscfah5ULgzjjzreuM3X5wShTx
DjnwdU2Hj1knTjbpf2R2SMVs8f2VaABUgMHgNnRzjVME
EaX1Dsd9daZ73UXCx8HpZFwX1ZRNP9QcAMgP3QEQXcrz
Go6UmuX2on6HgCDmam8Uoc65M9UJBjY1EkuedCMiB7wD
7YYZPyjjUtJrqi65DcgSXQ7Y1qjYfkCR2G2Q5dqDfv5Z
8bsTf4MYykcdrKRv4xQVBBE7LwVvexFobhiRs38fwSgi
2HybyiFMCJes6XPP2sU81KqDV7w6xuNx1d6r9sB4kwan
E8pAWPsMpvuvxU6pqJqrq7yip7n6VgzpAcpdqbzcV8Nw
51oET2dy4vCmZ1JMGYR9hbsvsLng1vcLD6z2AZp1uq1j
2Knz5oKP4VsjF9PkA7WCyZWZsBig6zZMcp9FH6aRLwjP
37J3YBtSBrb1nRwHXabxZCspf8V7wZJjMVMZLpyvUh35
8w1daYHzhTCuwHKiY3qSzZgs8xTFnAxCThg9P9HvjEcQ
Ef8GfhWVMZzEzrqFkW9L8Haw6PmhGrcrokapfegDA9e2
Cm8cYtgtfyULCzisqUnMg68aqqi12PGZScouQfJRfrG3
DskiBpGg3o96hQbRmaBJTnsnLuUMwUVpbmPFWN6WbqA3
CakCB2mYApvhtzJWgmejHjuTAVDGbBk5zjzrDctgkxjM
2MEj8xtGE4dq47Z423HtwN4YiCBVMTBKELyYXTiypT7Z
9eoipVxy48npF4twDmJMnykWyo8ouwcHGFuZ9b8vqhqW
3WcJUt8jQ1ngL3ZCGo6dFrc3GmTMTYtzeDva7mri2Tqx
Cm8cYtgtfyULCzisqUnMg68aqqi12PGZScouQfJRfrG3
4oYapsoJtLhhdtdbB81fxqQNQ7YwLqHiu3DNJYyFgRKw
Cm8cYtgtfyULCzisqUnMg68aqqi12PGZScouQfJRfrG3
6ykYU3fWNQnoNunJKDLSVSZWCMPoajoE8EVNzKCYs9qT
AEUto3eFWHLAmmVRq3Vo2fmHXwte525jQGG6D7pN4RRd
4tR3CkyDUzQUy1YPvbL8niQEjxwYaDNbh4X62fWXeBfJ
F1uo5tS4JzGLKDQBhz1DdoyQf4oRjYcynHiCa31dRCrD
F2xCJK7eLUJ173xRcBpwhNHCwGdkc8mv5CpyZ993FDJR
k2Hjt7epVuf53zovvsytMxVBLRLVAkkYv9cLuw5aLFd
4cZU7PwbwX6wuoLJfoGGoQ6Tq87eR5noKZBH2Dk49XpN
6zbHJGNdqq7PawynSgxW6csjVHAN9nm51uLNMZqpxZts
CqdQFPWATQUND8eMi2Gow5nCQJ63eB55SsixmN83Y3rc
6tAbuy5FEAUAyZPdKymeMDExjnoFQQazfrxKqkY6SqNn
4cKqqwoADnQVUAapaq1CrCwpBwbvCSohZPzB8aHooJjk
BttTdsKimBy9kKJAEcDh9G9Kcfk47MjkNtnp1RyENJZT
EBAn1DsJKwurYoNZuezibmYa3siDCQqUzSM1MNzr7MWx
6A6t15H2PPj9g1H4N4M5ELnExba8xt6weMvhtWpFjEiE
2Ygyhe4NN3wPYV1G8Rp7VLpLjHDnC4cbFp9Dsk6kLqVN
6nkB3eiykLd3PPxV7WUTETQxwms67vCDgDWKDQX2dPYN
4Hsiz7q8vfBizJWsE9RViFpbAPmiH4pBHcA7ksq5JTaF
C9yn3WJMmDUVoDaR4phhTc7ewUc4kwhZN31XZJi6Q5vG
8kDDEMacveq1BFWuJZ4SZ1yYLPb3gkQFJYgxyvJAiAjc
51oET2dy4vCmZ1JMGYR9hbsvsLng1vcLD6z2AZp1uq1j
8YR288XmW3GprmJoyqdyVe72QxekYtqZgtgnpgJCDyvA
7BEgnmvPk5kDhc2qeK86GozqqEvmWXcpQH2oDAoJ9fcR
BgzrMG1JjLGKH6aVgjqeK9myAEjDstMEPBE6MKHoy5hA
7jCY8PL1gJFtVWL83CPerTNNZdm9DkrHurxbgyoCP142
CouXWGiJFwD3Tuw5Vj8frECvVYy5kHQDZQJCbmJmJhkj
4mEYrNREBxDWynMnTULsXWjrFCsXeFtaajjhAQkY5Z29
51oET2dy4vCmZ1JMGYR9hbsvsLng1vcLD6z2AZp1uq1j
7yVmQeLD4Qox1GSLZt2p1h9CyXYkaqwGbPQaTubxZJRe
5LsYixox5LC5iw1axsSMey1g9wyM9d3BK3MYTXu8pdsk
4Hsiz7q8vfBizJWsE9RViFpbAPmiH4pBHcA7ksq5JTaF
8w1daYHzhTCuwHKiY3qSzZgs8xTFnAxCThg9P9HvjEcQ
CYVikdfqKK1SmPasR93k1p6CntrmqGW4YcoSYQQ2TeVp
CaYMCmEV5MP5FkoSZ3TkN2919SLtvnE5KbfzRtPN5FLD
3p7MS9H9jfENRU4QPsixzyhuw8yurWnFfsmoFBYxkNSD
39YD5rZrsz8mSdtyVCfwaG2cAh5Amq4wDAgqZEtgXLRj
DWaAVXvNg9NcNUPLCwRbAhc8NVmFzSLPQCFuwkxgp9Tk
Eks7hx6ic5zyya2NqGX2Frhk1StZU3A3fzKg2HPcm1Gf
SkkgG44b6rKYoX9KxkYdvdY9cnFPij6VRoVAeXTkifc
7KbmFStnBVAUB1NRKuNFdhzXtj3mfAT4jHLXoFvFFSaS
7rQNp7Gs3634YqHmtxoWkYkNWuMeYf9W9cqkJ8nwmUM7
6E1m1jQfPY1bk48NyN1GMwJSmxUbS9Sqr57DyitziLWn
fDrSwAtfvcGpvNqhMtFdz5p87yaXuS4wFSzHBEnSB1S
BZFFoKXR4DXzDHfEDMaiXrEDWHBgLxDZVdYBtd4b3E7f
HXFXWxrQhrwFt8RPa79CcM5R8TsjzChsrrZQBX5ivZEK
HiUjBgoomN7PgCZFPdM4KC8aKAFfsraRpTjNKnf8jxww
DHZnzDYatVKxYhL7riFYVAoHpf9RDFoHHTb2a5X9Hn87
6sSV6RqtPJQNLMWnPrXdAehshU3xJ4eW27wN31RWfjoB
EAdQAdc25Cbyyo6pEjPc3v8tJyTnBNsF9VJJd49RvzoS
6y4b8kKXNSD4dqGX7Y8HTBXHaqV59n5tHZyX5xacez5H
Cyc13EoozWsKWeF9xbTwZWkYTeNcrB6VeyhYEpbe4dS4
Poc3F21LL6fiHG1Eg9StxqHcLQ9BYreAhzXfRjY2Am7
hvabitdQRrBVoukkDJbEob9JNBQeGb5UViJyH3xhgYS
8kYeLUjhvvZEPaHfDj2HiEShkEsrC4Uim89VUxyA6qdu
AgPhAsvcwPfT8bcAQxfyvymHdS9enkCzHDZP67ihS5YM
