AUHeFvqL1Eq4ABLsiT9TUSRD7rVeFVtUk7jbXm4tLNtf
8jcSwygNMGVqVMe7PrWcFAyY5JNq9y4rbtjwRTyPGkrN
AMyA4EnP7B7qWk39Yk5HUscD5JyCFoYvxiA2Z8NYLbzR
DMxbTahV7snHG8MP4MWYVT5xG8HX4YdZnncitUHABEHc
798GhJLPMuGNh4f6BR1N3zf23vfAFgJqhpcWoQ6H6fAc
HP1fnCbsL8AZyZEMSHcyPKTuJUEbbHPayhwioohb2NWz
9zjNcknT6Sb2ihiaDMkyeeDHxX8KHxC26yDBK9L4ckg4
A3TE1DnRewkkZZXBjayzRSSstra46Y2hmMawsTgCDFH6
3f6dYjt3zZXN1fupZCndCwNTSw4jN1UMvN69oRzcZ63u
5avDzt5oMHw2PDWQvJYHK52jaSUvrnnQtB25FXJHTQSr
AzH9GmEh9yQvsTe4Nwbdx3p315eWRwGw2muywouW35is
HnYXJJZByGUirY9nnDv92vMUCXTuPzH7N2nvyQ9kGqWA
AmLDKmmAQpnyNGg5BPcehx74VuuZnfoi9gPWV1m49gFm
AdK4gEiyfGPv78VihJHdQKK55hARSKvpDj8C7nBNGqZC
6HaUtNAC1YiWz2Z2UbrvfxbKJ47humCCwYahEWQZJon7
AzfBFZqkWgRWRXDH2um1cY8KMc9suWDmkFamCswnw671
4QeP4N28RT1ycKMEkxRSaFF9NhBbddc1k8Btebjs27TW
5bBLorddxWT1kc8TzJEqR76ED8abHqoXg2uTiuKXiLrN
3eZax841emLHdUYEdANoNLoLWtfxvDiwozDDMGRfCpCK
43g19rugx3m8PAk4JKqTZFLhd2fLyCXfYW2gJuA9o3jx
F6a98L2gKk7aZBu2ncNPg3FZvMGC9r3CByBComDQ9567
HwywXA2XmeUixkiFvaxzKwHpoVRq3FPpB91XUJ45gUjX
FLPpoqK5Y6RsLyAG3MNDAhigvuKPv8UyocNuh7YAC7Bs
Gj37XzHtjACFs5aXHG51K3LwiUfNmiKF9gvCNfZWjmHf
F7Ky4eVNP24HSHZhGLoNtCQCgoLPSqH8nnp3NWtRq9Ho
2CjdeZxAzYKLUpYXHnWgSHKqG1e5NPhJ97dgrKuPLw9d
25Gm8qttQFUdDmF5sbSjUZBMxYnDYgdk97LHwbwdQ6ej
6Nz7Qf554QqqfGWLNxq5MjqCT6r4AwUUfpqFpvGsBWio
3jJGk3xwC8hMWdEYXUoygVqY31fxBpqpevXoLC6L7MY3
5G5HhYBU293wFW9WF5DUaaj2dhxmcoEemMyyWEhVyQsV
GX2cSbZa4yQmigN8Txaes5gMwT78iCeu7383aNy5hEZE
9ttQryajHCLQE5u1eUYiZKNeqNGN2dabogHVQd7wVHgV
5TKyHhX6GcY4DS3V6QJt8EgK7BKhAwmUW2mtMAmPZsQM
3J2qDM5pjma3eRaYgHvxLhinbCJ5rmoExyMzMwJAN9Yw
2dDWwHWX1TfRyd1pE8saJKHXWFxXqWMZ7H6g5pZpyyPi
HCQWtx1FjSgMoqmgqhia8rhKVV55P95PrAwpCrCuJKot
6zVPt53LQHBCEVhp9KaMSqDJaU1gzYUrrh523xDF2JDL
8taxZfLTrNWVCE1ZL9hLNrBA4YeHQ4uLHNjk1Qz9bjJD
FA4BkyTHQmQsGmfavQyD98dj919JpXWpTwV5Q6fyG8mx
3jaMCopKvGCZ9ArcJE59gdCYCV6Z8wZVKrWtyJfTmdwZ
Edm33bjQC55xabV5HXpTxWWXrUxwKGJWAbFgzoyyYxSR
4p9Q1GZWadrAFBQ9bUP7Yg8FBRAtT7D2UoPdxjKGKb18
Ca4Q5stGyXfqmR2FDHbepvY659kK3MnDcEtva1yzYH5o
8W7JNQWFJTyx2ju156oTYpdTM6Bn1RWS5jqFLV13Sf5t
DWahZzjzswzUJkGcFhx4LKsxjhed5WsCeASQ8ocTRVpz
FMxo8N2PFMqY6tHZnfWNCepnTDHkWBsajrGMNjaR2dYv
aGF1BBkiV8RDMLrQJzjQdVioprCjJtXPV8W4Bfy4Nc6
H16pik4Ac7dXJYvbEbvfNSeMiE2SvwmXCbLarMM47KgD
Gsh4fcA8rjEnSxQH8XNqEHwR86MoDpihZ8XNTEAQEcWH
7C9JZHh5rJNhmwcrDFP9cZKb3kdipenfEKcTLcspJCMr
558YvX1EbiViofyy61rwZEbhTz1MAMSgettGZ1Fupiku
734HbGrD7wLU4jB948MMV8vUV99Pk6agASPwJBEHJmBa
BkbJRuxqhy7etp4LHSY24Ttjq4fFM3Uf36Pj4o3JruEn
F6hhLnsVoHavA8uL5iqDYtu4CztuLtMKogfzELhxcsV8
3wmLCJMxYJEFNzKqEQrUJNYZVScPy3hMtBTwPphgZTNB
7YGNshvUxbkAFt6Y71n8sm34yprax1MST9P2q94qAYRo
6XhnxLb4ZJPLGAG3qqFbhNyPFbmnq1j9tFhe1ouPXQw2
9yTNBCaXZe47tC7ufuWxK71stGpq56QogaSeGmi2u3CF
DMPtpeHox4ZaqVrqMRXeEBthC53gRb32eFoYJ3A29jL4
HRctvgTBJWHyGjZ39q86svCinJ5E6xJ8eKW3u69fAir
CfUFAZPTwTUW6p7Lj4yUfLnTfui4mCx7y5SUwPjFfCnT
DtSshUansoCvrJXD2ZpLusvTPwUXdGw57mvHuomnvMU
4bc6bftvehMt9fWYXq3xEZ2BSQkMU3oXdPuJVasAYqcc
651vyoiQsZo1AR6Ydn4unEKZDwF8w5LmGhb6Jo2JrcHy
BxDx8i9uT6t5ZCB3dXa9mc4g9EHmu7FpKH7yDzK3bJ5u
7XpDBevJJPwACeYUryNnzpFb5StL7bAeErP7VR66u4cC
3Ti6KbAMARCQSbPvuTPDvdm7DuGgCGFtyTBe6dup852V
Gh1YZpWQrSFdrYmYgLUeqnjmm1zEdziQC9HPioT3K6vh
7n1TjwLKV4ovBa9ZFAWZkiRXRf7aUkaNUom1fVam169Y
4oEgYT3e926aMVsUXZJfmYFgSLu46oVEbiF9x3YBkq4i
6979UH1h7gZ9uGNWFuxH2yKLvBiy3F2EkZYuz9qAKJo2
3jFYAxXPZ55d1VZsPXQTX5h43JSqj4GRU5RFEXeiJMsv
GvJho3HpTX8rsDckkg29M2SkGJjoefjvf47g13QdWUGu
D933RcKkC6Hq3b8cF3FCNNh9mcreh8aX6M7Kqzj62Hzz
51wZwfudoF3E3MKnfU83STAy5mYiHo1PBfM4fQYvaPfp
AaiPJD7HqNPY8maZu7t72en6dFzCdT3EyX5Pr3DBQyDb
4xnCFDhbEBFqEy4b8JXF2DJfSt3fJX2hEa1gLasj2Y8b
D32NudKq12smEihFMz4YUkRHHbSoodsuB1QwUW7qteyM
AozscgD2CuFWkX3aVYyierT25X6STiD25rBPnymoXBuc
B1EQHxpMTn8KVegFj57t2ULoW3kzgeMu6wVAzy9vkBfe
7qV7bD9Xi22gCcVVWik9DTrKgEDtz1DkyMkDmFUsKDFP
37QVJPNNJdNEytGQUyNqtTa8QteDXizFK7d3WB5jDtxm
6CxYz7Q8w1CPBPU8n8bg9cVMAKBpMGewuUARSD3Vxfin
A3dqZM9omfiqcrNMqVGnWcsYiVyWcDX7t82HsvzcPZec
H4WapXWMFSZqZeQRJEnofam4GSSLPX7TLEduTT5KDxdh
62fyFg65E5fHcEn3m9hyV21BZ2iaZ7gCSNLqKnGjXhBt
8HvkFGHLuMN5942w184Vnyya2CkohJH4oDs5yNGJv7HX
3mLCnxJ7CfUCpjdKUTAkF4hmuv1C84c3SLVKhwZ74zsv
8BdFQuwwjkcfaW7c7kNCN4Cq5k3Wkvzn3ee3Q3uKE81j
kNByXdqPSabuuL8gbJN7vSLjXceNsQRg7CCyPbVpnq7
CaCGpf5rxRM6gNWtw9FNLoZ7GeQjUh3se7Digis2Z49s
6W84Ghxe4m5mAbCdvWqGN8ZEsyGwydiFAm8k93n4WAEH
E59Dx3YufHM8TZQJcZgZwccBAjTAHmSkA4kzhpUfLTni
GFe9HpzcGVKzTZzb3nAmYFkEt5MChyKBBGK3eEtCZjeC
2G5o6ZEQ53yvSsBDBnteBP9M2VCp9yvBVc17TW6ZueGV
H5zdKMi7wGeHDVQcB9wDPKu5pZYK5Hefc1KrWFUu376d
AfmUXkUjHit3fBhbvzuL4Ly7cczTE2Jh2pthnanJLgRt
FXf5AigPcNkZGhDYCEnKsysbFWYaiFuRiinCyaSnj3NK
CXkgRV1rePPhimPPv6iGtdZ3SBAqUpCnfenV9a11jcqC
8odXi1f51A6ZM6rVRr7cs1t4jTqK8RSgh8PHgsB2LuHE
