Transfer 1 tokens
  Sender: 58QWHyNae4WB7p1oUrjAAL5vEggPKyDXg5yzBiMfuVmD
  Recipient: BVFTQzEas8kMPkcugksaTTuLnQJ8ESxtLryk4ngdyvjU
  Recipient associated token account: AaUepEB5v5Cs2MqM2Yo7chEENwFecK97mNZXmKASd7M3
  Funding recipient: AaUepEB5v5Cs2MqM2Yo7chEENwFecK97mNZXmKASd7M3 (0.00203928 SOL)

Signature: 3GTTDtkN72a13UHTowhYPvTiFkFsDZjhdRDW17U5PdMp8zbPjb47JDgP619GXebtonRypCDhwBVgCzCdTxAAFD21

Transfer 1 tokens
  Sender: 3yBkqJvhaJkoLT4ZWF2vdibrYRRmxHdFXkSZqorwbsDE
  Recipient: H7E4JB8ebHaoKQe2Z3NAwXniKcuy7VVuAoycx7PYAbE9
  Recipient associated token account: GpsdsTaf1vuujMh489pAmE6MzSSgqzQ2AcZBURYHnkAw
  Funding recipient: GpsdsTaf1vuujMh489pAmE6MzSSgqzQ2AcZBURYHnkAw (0.00203928 SOL)

Signature: 4VdaczXdW9bA88xAkGzqa8N7KYoR75EcLB3Cm45Bp4j61gjnJLAThpcHRwH193f8C6z5rEwSaDgVrSNHS1ed6tUW

Transfer 1 tokens
  Sender: 2PzV7rkGicezCBhSByh96yR7okyo6gwkdWfXTdxkWkJG
  Recipient: Ds71T9MhUu4DB3DPM2YigYtiTqTPD75DnevgoBfgQQUY
  Recipient associated token account: D7t32hq1rpGg6VoXRttTuRFqyaKGNRmg6j9ZMyZvWUvf
  Funding recipient: D7t32hq1rpGg6VoXRttTuRFqyaKGNRmg6j9ZMyZvWUvf (0.00203928 SOL)

Signature: 4US3rJdNfRbmccQQDud3ATFqPigkyW7xb4fCuN9sdYDJxzx1cEAB3R7kToUhHmcxhcKPVNnRDd4Y3woo4YVpVPuH

Transfer 1 tokens
  Sender: 2WgBeFvvJQFkKArZEc3ch4Z2Qcm8YibFoZ5g8uU27C7L
  Recipient: Ds71T9MhUu4DB3DPM2YigYtiTqTPD75DnevgoBfgQQUY
  Recipient associated token account: E6GvcJirVHKhi8ahqTTYAegH2HtowVmQd9AP6vTd9HP7
  Funding recipient: E6GvcJirVHKhi8ahqTTYAegH2HtowVmQd9AP6vTd9HP7 (0.00203928 SOL)

Signature: 82QiNFgsM1sKssZz75c7xEKPTN3SmdsZ7vy3b28Do3RXCjmhJncGe9XvRhpP9pc633MeM2RJXTFAvo9Ugy3vkdm

Transfer 1 tokens
  Sender: Btib96QJj4qrv6aN4i687XHBmNWcup26LY82v42kg3Xd
  Recipient: 7qhXPKf7ZK1hQ2JuLPyGYiezGcyndSnNfAFXY1veLPxg
  Recipient associated token account: 1CCqtUugLq5SmZstmAhcUdBL6KWkR8XBQrrDgyZE44k
  Funding recipient: 1CCqtUugLq5SmZstmAhcUdBL6KWkR8XBQrrDgyZE44k (0.00203928 SOL)

Signature: 3eTh7pqXCqYiLgnVdZqZsgbp9t3N1gid4EXvnmgbttFVUNZcQGf7GXHNeC5TezBgazbMMa2pJjo7AotEmDGvsDHq

Transfer 1 tokens
  Sender: FXb1iWmNwvnG9VznfDcGDyAQBG6BXZhvozRFMQMv3Yid
  Recipient: Cm8cYtgtfyULCzisqUnMg68aqqi12PGZScouQfJRfrG3
  Recipient associated token account: 2LiTZyA4uC4ptQZy3xr3Bu2ABPXeMhiGSyzZWcHnU8aB
  Funding recipient: 2LiTZyA4uC4ptQZy3xr3Bu2ABPXeMhiGSyzZWcHnU8aB (0.00203928 SOL)

Signature: 3b2XvPxStSstf2jNApWr1AsZafqhnRRWJuUQbcf1ynjAiAXvR2PTbqTR3pBKmmubREFXAGJxCSeyxyhvbTqyQ2QK

Transfer 1 tokens
  Sender: 2EPgBRPt7bemoXViHzyqVHZZ7h7G8jRotC27Fn3MibEm
  Recipient: DfgEdaTxFkmr1akHoyYDwYqc3yDCUKR1b8fmHM6fgBed
  Recipient associated token account: 8etsdUkyBSrHVAUfMdAC7hdHrTMLsnRPFFMNv7npWJUP
  Funding recipient: 8etsdUkyBSrHVAUfMdAC7hdHrTMLsnRPFFMNv7npWJUP (0.00203928 SOL)

Signature: 57maLEzpyp43uAVaGCDFuVaqXGRGaDDrVAsSPsQVgHPiXH7HACo6RTekWe19iN71XmhLgJpmweW2Qc7JyB99BGBN

Transfer 1 tokens
  Sender: D64YVEHaRq2zrpQ8kxVxeJGp9zJ2NMEFt6zTh7rRxG3t
  Recipient: BBcnpuGSbDbMhZHugVRhURmfdFWkieXskLyHvqcFMsbT
  Recipient associated token account: GrT7qmmsJDCzxURL8WuU7yHfZAaSzdDqxjuNMx21GfNo
  Funding recipient: GrT7qmmsJDCzxURL8WuU7yHfZAaSzdDqxjuNMx21GfNo (0.00203928 SOL)

Signature: QeJwesgbiFRwq6P3zMTNCerPC9x3y7XjFNoJkieMriBi2JEfYb6HW7tZAL7i4mxQ3B1gP5jAtkDG7tCcPJ2c89J

Transfer 1 tokens
  Sender: 8CAzJ9bVEexyVUKGTqs5y7h8cuvWg6nxy5cdLc8fBQ6X
  Recipient: BSWrvzk5upP2q8EfcZ31RcKemhqpPH5VTqsoBdHaQLXM
  Recipient associated token account: BeQgQKwZwXPcYXkDKEp2s1u6BRcs5pg2xvVFYTMCgKkC
  Funding recipient: BeQgQKwZwXPcYXkDKEp2s1u6BRcs5pg2xvVFYTMCgKkC (0.00203928 SOL)

Signature: 3NqZEPGmkCAKJyHCyB3NjzkQD1urVGfbFV3yzzUMHJmC2cgXEjsXfn62npbsfHQCt62JVF1SyrywqXofkyHbQrJK

Transfer 1 tokens
  Sender: 3y4y4Q6R3JLDDty1MgiapdTZ8H9L6FWnbJMDKtRjcN72
  Recipient: 69tGoogmumWeubV9rjTYXco5rK2ZPBioCY7DM1mUK6ku
  Recipient associated token account: 38jqfgPALjxVPiXPbvAirsgT6o8iQkXeNxPo3YTYp6xn
  Funding recipient: 38jqfgPALjxVPiXPbvAirsgT6o8iQkXeNxPo3YTYp6xn (0.00203928 SOL)

Signature: 2Lnr45Y741gFC3WxrG86ea9pFH9BzzWywohYwqAoN9xhs4wLJf843EpsyJt1vBeFqWgHd1y29w5jrhXz1Xq6EeqX

Transfer 1 tokens
  Sender: 3LYWeg1otbmHoyJxcZNAYi3bK8qcWzpwGC5fhDzqzdsi
  Recipient: BiNKJraiyxejuhYV422M2iMF24dGQr894qYNttwEtx2Q
  Recipient associated token account: 6BKDsRhbDvWwCV6QCczZBuWrRYvL5TtawucHaoP88zrF
  Funding recipient: 6BKDsRhbDvWwCV6QCczZBuWrRYvL5TtawucHaoP88zrF (0.00203928 SOL)

Signature: 22p6YELG8E26kSf1pSHSRKfxFnx9gA2gy2cBst1Ms4gEHr1KBPMjX7SQgf4rEo4gCU8bs65ehBtL6cWmbSUn8kE6

Transfer 1 tokens
  Sender: FH3iTKQEeyqzzYuMZndJVy4dg8pJETGH6av1FEittv5a
  Recipient: AEUto3eFWHLAmmVRq3Vo2fmHXwte525jQGG6D7pN4RRd
  Recipient associated token account: HDjczgWQZsceewCVVLk48oVpiogquwv9Lf8bdywgkRYz
  Funding recipient: HDjczgWQZsceewCVVLk48oVpiogquwv9Lf8bdywgkRYz (0.00203928 SOL)

Signature: 44tTR8HDK4tJLZprnvBk2FPTf5SBBQirGLpvnmuk5zZxT3b9npBp1eUvnjTKEAXEBbwwBTUzTLcrECytVwuC9nWq

Transfer 1 tokens
  Sender: H7i6pWFuJPy9KwbRiiGttj4GkJeociS4hEmqYt4cHuGz
  Recipient: HuQ123HYTBcHHiwpiPh8qf2aVz7a2iusS6DHckZgCJGV
  Recipient associated token account: BYbFDKJLkNzRa3PB2kf26EWpN62orRBqNEJ3kNn2MvCJ
  Funding recipient: BYbFDKJLkNzRa3PB2kf26EWpN62orRBqNEJ3kNn2MvCJ (0.00203928 SOL)

Signature: 65xYpMPwirrWgLfb93LiEfFuKHycbxWyAXofUwsSjGsf795mzQQXBEyx5WD1K7d82hRXBA6K35WSkpiGY2uaSrbt

Transfer 1 tokens
  Sender: AseRgsCUSANH64FBr2zUKbwuoM5Zqa6Ad5vdMdsakPD2
  Recipient: 6QmKFsYUfd8nxLufRojQxWQj4TGhM6ueJudmPd3NxbHY
  Recipient associated token account: EMfdQBDTuUXTUNRKRS5Bb1XN5p3MxNBXshZCzEWf7LN2
  Funding recipient: EMfdQBDTuUXTUNRKRS5Bb1XN5p3MxNBXshZCzEWf7LN2 (0.00203928 SOL)

Signature: 5TifL3P6hk9g6D9D7KxiJLiC57VbhQzpvXkebycTpwx1rn7Ymn9kN1pQegRDtKufChToQNWXRF4Dx2KcFPVHiNy1

Transfer 1 tokens
  Sender: AsevHVq3uu9kG5m4caEmx6eGsQborChEyU36cDXogv1
  Recipient: 96WX37vQhNmrYmE5UhWG1xFmYX6QM9X9vxUiNu3MtwYD
  Recipient associated token account: HtLpfoPLekFTjdQb72Xa5T8CbEz7V6kpUj9UDbZPdFTQ
  Funding recipient: HtLpfoPLekFTjdQb72Xa5T8CbEz7V6kpUj9UDbZPdFTQ (0.00203928 SOL)

Signature: 4MkgEvxYiUDQW8gsTquGKLFHAHsbKZyHURZ49kTCenTz1thN38vmWWB57QLbLuYZnkcaXiCndXc4jYfagya6KbXt

Transfer 1 tokens
  Sender: 56UDszWgzuwXvS7odZ6NJe8HmZG1D8fZTmtTXSyQdgwD
  Recipient: 32ZJNMMve28xknkYjZUvUJ4s6P7YMvE3FdwGzJFLS3CC
  Recipient associated token account: 54iAPFT4uEz87HMnC8DsmCKatdpfd2cHFKFvDXCPPnMK
  Funding recipient: 54iAPFT4uEz87HMnC8DsmCKatdpfd2cHFKFvDXCPPnMK (0.00203928 SOL)

Signature: 5NUvZdRsjSgeBuE6sFmvNRdu2VuJ4ZhqgXRs8xs835qq5PYghpvQHAvERMEvLkqW8z2aZg9dYQ5WaGX2aRRFuYF7

Transfer 1 tokens
  Sender: 3Z5QbaDpCEwMDwW1u9xfK1NnUP4rU9isc2qK48bPU8Un
  Recipient: FpSrQMhnYa8YRnEQqKstyi8DYsMvET71CPfnmJkBSSP5
  Recipient associated token account: 7yDWHCp72MdbKdezaB2pUhf4T6hgVFSAJ94nqTSFZ8j6
  Funding recipient: 7yDWHCp72MdbKdezaB2pUhf4T6hgVFSAJ94nqTSFZ8j6 (0.00203928 SOL)

Signature: 4PHQetQciAtXfSLvWNU4amc67X4L5i7zCinmUVdA2boiQdBPAuWSD9XQoUQtBPkRQuLDo1v7MNAcf2EoDuxz8rS

Transfer 1 tokens
  Sender: 5dcjViJtJz7B2RD9CSsg9fj4ag49CA4G4F1GGzxE5noG
  Recipient: GZ7dL3aqcVwynsidEqLTUnsHf3iK5wvNFsCEJZvoVXFe
  Recipient associated token account: 7vgYSwv6VjuJqi5bSytf7WGVG7PbKzw91qFdf2T2nVzv
  Funding recipient: 7vgYSwv6VjuJqi5bSytf7WGVG7PbKzw91qFdf2T2nVzv (0.00203928 SOL)

Signature: 4TPx3hsQ87gYB55QiNdWA1G9WhvPc6aA9jX4pyvWoqmxkwzkf3eg7boCT6RQ6hs8tNvqCuATsbQgm8jgANF4yMMy

Transfer 1 tokens
  Sender: Bz3ZTyEdKC8bShNGtxqAoC2LT6CEVe77gaT3ZyWsbig8
  Recipient: 4nB9V4qi5gyiSdrVJ8iC6EBzjjRmdBsGCXd7Qufrzehn
  Recipient associated token account: 8zePiJhz3QF2RH2yqSmyLz9MfVkC5XpPU9cJzC1FMJV5
  Funding recipient: 8zePiJhz3QF2RH2yqSmyLz9MfVkC5XpPU9cJzC1FMJV5 (0.00203928 SOL)

Signature: 5Z73w4oobQEkMu8b2HBCjPy3RgaULgEDhKQQdtzJzWsMWVkp1pSBkinhpR4BuyF3MXkoDHCZWB9vEQpZUDt5ncig

Transfer 1 tokens
  Sender: CPpHLy9c7f9dVsLhd9TwMLR8UNBbHYv5EPK2ePBygZP1
  Recipient: ECrKYoEUCm9WDQHGWbdRgGPeRWVCZcNWEjMu64LT3CSe
  Recipient associated token account: 2vBZ6ghzdFxanbfM4aYcwYyBwqN9XDk1jTBf8nBMRYdn
  Funding recipient: 2vBZ6ghzdFxanbfM4aYcwYyBwqN9XDk1jTBf8nBMRYdn (0.00203928 SOL)

Signature: 37wzmojZrkQUMN5DCo9dM7orxW6v8XBuYrRRqxPWri4ThNuf6UMeUcsLHdTonxENoS33BSnNn6jBbtuFwuup3NFb

Transfer 1 tokens
  Sender: C8BRyJ8RnckJQAHSCtSf6V9UQuP9h8S3iGoRyrMJvCmC
  Recipient: 6BvM7UMn7kFWVnSAfyv7j4FsySQMzHTDvyLA3emSJKYJ
  Recipient associated token account: 7jRx7ZLGQK6JSP4qyDodTG6dNGkHzury1MfhsK76ueSM
  Funding recipient: 7jRx7ZLGQK6JSP4qyDodTG6dNGkHzury1MfhsK76ueSM (0.00203928 SOL)

Signature: 4Cpp5mT339d3ga1tucZUkFHU6s3AnxZ9gPozBieUWJjeDv1THC6nfveBsJDnfmcjLsWi42gx9trsk6fD7wEFP9Xt

Transfer 1 tokens
  Sender: 6qiSM9Ch95LZnegRGNhts1To1W799GAegz4JGK6BC4sE
  Recipient: 6UbzRF27enSyg4Fdg1YjpDB7T9JokwWn21yorQdVekgd
  Recipient associated token account: 21WTfntPEaE7vKWPvicHsbJUiHCECezLZ9Ye3vKD1jqk
  Funding recipient: 21WTfntPEaE7vKWPvicHsbJUiHCECezLZ9Ye3vKD1jqk (0.00203928 SOL)

Signature: 5bSQpX4o4vdbc8mUXSVgfCdkLto378TTyJFz3CWEU5B2TWTvrc2URtWB45x6RQLtEZ1rtWByL3HaTj1jyjPsmH3E

Transfer 1 tokens
  Sender: HeAQNpRmQiyBs2X4Ajrcga6S8DUYxGTaNr6fihAhnnzZ
  Recipient: 9nF2vqusHupTTNgw3quL4f3jorvPdJ8VBPv3Uw1xt3Mv
  Recipient associated token account: 4Nra8u3c3bRixzr9SPpJJaRXHSTfRSsTVxfUW31UzHwt
  Funding recipient: 4Nra8u3c3bRixzr9SPpJJaRXHSTfRSsTVxfUW31UzHwt (0.00203928 SOL)

Signature: 3ofLA81MFeUhXoizaAUWaVAQbLEta4iyMn6aLNJhAUiZAFDRzgF9BLSr4tXyMSZuaXFoi5WN61mMSVEYNKsMCzN3

Transfer 1 tokens
  Sender: HMEereDJGM9gjjrWkZqzDos4MMDzBTBVp5xCM6FUhNVg
  Recipient: 3zn3fqbT7pajfoLp26cNBkbmvQisBcLUYHLV5FssEpLa
  Recipient associated token account: DYWNxEprCR6Wy1fcxJGTauSjVBHLEGuPerxRmujQTgJP
  Funding recipient: DYWNxEprCR6Wy1fcxJGTauSjVBHLEGuPerxRmujQTgJP (0.00203928 SOL)

Signature: 2C1CVj5uGnVW6UfdH9Ed44PS7AzfaRf4Y8XFnN9gjsZxDWj6msgyqDRe8eoy9aAatXVQ1mAq9QYnXCbqqanYG7RJ

Transfer 1 tokens
  Sender: 58QWHyNae4WB7p1oUrjAAL5vEggPKyDXg5yzBiMfuVmD
  Recipient: BVFTQzEas8kMPkcugksaTTuLnQJ8ESxtLryk4ngdyvjU
Transfer 1 tokens
  Sender: 3yBkqJvhaJkoLT4ZWF2vdibrYRRmxHdFXkSZqorwbsDE
  Recipient: H7E4JB8ebHaoKQe2Z3NAwXniKcuy7VVuAoycx7PYAbE9
Transfer 1 tokens
  Sender: 2PzV7rkGicezCBhSByh96yR7okyo6gwkdWfXTdxkWkJG
  Recipient: Ds71T9MhUu4DB3DPM2YigYtiTqTPD75DnevgoBfgQQUY
Transfer 1 tokens
  Sender: 2WgBeFvvJQFkKArZEc3ch4Z2Qcm8YibFoZ5g8uU27C7L
  Recipient: Ds71T9MhUu4DB3DPM2YigYtiTqTPD75DnevgoBfgQQUY
Transfer 1 tokens
  Sender: Btib96QJj4qrv6aN4i687XHBmNWcup26LY82v42kg3Xd
  Recipient: 7qhXPKf7ZK1hQ2JuLPyGYiezGcyndSnNfAFXY1veLPxg
Transfer 1 tokens
  Sender: FXb1iWmNwvnG9VznfDcGDyAQBG6BXZhvozRFMQMv3Yid
  Recipient: Cm8cYtgtfyULCzisqUnMg68aqqi12PGZScouQfJRfrG3
Transfer 1 tokens
  Sender: 2EPgBRPt7bemoXViHzyqVHZZ7h7G8jRotC27Fn3MibEm
  Recipient: DfgEdaTxFkmr1akHoyYDwYqc3yDCUKR1b8fmHM6fgBed
Transfer 1 tokens
  Sender: D64YVEHaRq2zrpQ8kxVxeJGp9zJ2NMEFt6zTh7rRxG3t
  Recipient: BBcnpuGSbDbMhZHugVRhURmfdFWkieXskLyHvqcFMsbT
Transfer 1 tokens
  Sender: 8CAzJ9bVEexyVUKGTqs5y7h8cuvWg6nxy5cdLc8fBQ6X
  Recipient: BSWrvzk5upP2q8EfcZ31RcKemhqpPH5VTqsoBdHaQLXM
Transfer 1 tokens
  Sender: 3y4y4Q6R3JLDDty1MgiapdTZ8H9L6FWnbJMDKtRjcN72
  Recipient: 69tGoogmumWeubV9rjTYXco5rK2ZPBioCY7DM1mUK6ku
Transfer 1 tokens
  Sender: 3LYWeg1otbmHoyJxcZNAYi3bK8qcWzpwGC5fhDzqzdsi
  Recipient: BiNKJraiyxejuhYV422M2iMF24dGQr894qYNttwEtx2Q
Transfer 1 tokens
  Sender: FH3iTKQEeyqzzYuMZndJVy4dg8pJETGH6av1FEittv5a
  Recipient: AEUto3eFWHLAmmVRq3Vo2fmHXwte525jQGG6D7pN4RRd
Transfer 1 tokens
  Sender: H7i6pWFuJPy9KwbRiiGttj4GkJeociS4hEmqYt4cHuGz
  Recipient: HuQ123HYTBcHHiwpiPh8qf2aVz7a2iusS6DHckZgCJGV
Transfer 1 tokens
  Sender: AseRgsCUSANH64FBr2zUKbwuoM5Zqa6Ad5vdMdsakPD2
  Recipient: 6QmKFsYUfd8nxLufRojQxWQj4TGhM6ueJudmPd3NxbHY
Transfer 1 tokens
  Sender: AsevHVq3uu9kG5m4caEmx6eGsQborChEyU36cDXogv1
  Recipient: 96WX37vQhNmrYmE5UhWG1xFmYX6QM9X9vxUiNu3MtwYD
Transfer 1 tokens
  Sender: 56UDszWgzuwXvS7odZ6NJe8HmZG1D8fZTmtTXSyQdgwD
  Recipient: 32ZJNMMve28xknkYjZUvUJ4s6P7YMvE3FdwGzJFLS3CC
Transfer 1 tokens
  Sender: 3Z5QbaDpCEwMDwW1u9xfK1NnUP4rU9isc2qK48bPU8Un
  Recipient: FpSrQMhnYa8YRnEQqKstyi8DYsMvET71CPfnmJkBSSP5
Transfer 1 tokens
  Sender: 5dcjViJtJz7B2RD9CSsg9fj4ag49CA4G4F1GGzxE5noG
  Recipient: GZ7dL3aqcVwynsidEqLTUnsHf3iK5wvNFsCEJZvoVXFe
Transfer 1 tokens
  Sender: Bz3ZTyEdKC8bShNGtxqAoC2LT6CEVe77gaT3ZyWsbig8
  Recipient: 4nB9V4qi5gyiSdrVJ8iC6EBzjjRmdBsGCXd7Qufrzehn
Transfer 1 tokens
  Sender: CPpHLy9c7f9dVsLhd9TwMLR8UNBbHYv5EPK2ePBygZP1
  Recipient: ECrKYoEUCm9WDQHGWbdRgGPeRWVCZcNWEjMu64LT3CSe
Transfer 1 tokens
  Sender: C8BRyJ8RnckJQAHSCtSf6V9UQuP9h8S3iGoRyrMJvCmC
  Recipient: 6BvM7UMn7kFWVnSAfyv7j4FsySQMzHTDvyLA3emSJKYJ
Transfer 1 tokens
  Sender: 6qiSM9Ch95LZnegRGNhts1To1W799GAegz4JGK6BC4sE
  Recipient: 6UbzRF27enSyg4Fdg1YjpDB7T9JokwWn21yorQdVekgd
Transfer 1 tokens
  Sender: HeAQNpRmQiyBs2X4Ajrcga6S8DUYxGTaNr6fihAhnnzZ
  Recipient: 9nF2vqusHupTTNgw3quL4f3jorvPdJ8VBPv3Uw1xt3Mv
Transfer 1 tokens
  Sender: HMEereDJGM9gjjrWkZqzDos4MMDzBTBVp5xCM6FUhNVg
  Recipient: 3zn3fqbT7pajfoLp26cNBkbmvQisBcLUYHLV5FssEpLa
Transfer 1 tokens
  Sender: B5SJBAynqBiQDru7pMxbkbk1zKBmEbhmUxLzWFEK7XMY
  Recipient: AsxYivuyVu6znDgnwenpLSLvkZDua4mGKxTvM2JgoeDU
  Recipient associated token account: 86i3xGjvQMH5yGRCVJ3JQURL92zKBw3YppZWKir822zL
  Funding recipient: 86i3xGjvQMH5yGRCVJ3JQURL92zKBw3YppZWKir822zL (0.00203928 SOL)

Signature: 25xEAV6XWXrPV7xuN6gstjqFA6SMTgB4zMYiAdnjxhbn1zXanHDYSh4Ku26a8js86gdQWg8K9fW9pbUV4rcALRC1

