8XGaSpNJD2cq7dCZ3sUC5swg5TrHQ6LMEoGixkCN47rG
EFpipurDmX4Lgv7V5TobgR6TMnBSZv734pgcZjWNkmfr
EUeFX4BL3uth2GVG8R1kj43ZA9cZS2mtgXeB3nbSGuHY
CU4uGLchdTeKu438YjZ9uunwumRVFzz5wr2UGZsNy2Ck
2tZWeJtF5VhCCr4SEb1Y2dJUy4xkKtNxs85JJzz3BESK
BVFTQzEas8kMPkcugksaTTuLnQJ8ESxtLryk4ngdyvjU
D46WdsQJHPbYxdMQJhkFf2AnqHSj9c3rQo2nKRQ2G1gE
2HvZLtooDPoA3WkP2vQqykTbynL1YMwPmu3X4y6g2C8z
Cf4pZaok9wdfp8qTT3RiQZvJE5t638oeQPVekwEJyYrX
3nFUHFyVTDmnyePhLtCkt4cHVSfHCWU6HxsgB65f7c3Y
5WwGBMUxYefqY1B8M19VMtcaJaZR453PpAP2YDED4U4J
7RWr1Z6dJWat4EA4o4WuBAukPgNUrwMqPDyqPfUEKHe7
7aoCPhU5m6SeTdokjLk9kCmBQuYyhnHAUDb9RTQoEvee
ExHjH7nZufPmsbTZc1n9R1iWMGJPDaJTeDv3PA75iunH
HSo6fpKgLhwrN3L2iLxkMLQi2g2uSLcshMWwMBCh8pD2
2pVuK3Aq3tThhXDsW548t5miF9AsR8DCFmpCHjEx6mVH
2n5PbADyQXeCMztD5wnZjF3Nn2w8PmCmqSQ68TT6Q6KX
3NFjWTZNaWp14Prj3y1o3LrH3JiJjDCU2sfthB5Dj9Rb
7za12ggaog2SjLpmnqsynvH4bMqgx3SaV78Mw6gYDNs5
HPedc5tDF5Gvf8jH5c4R2fJJ3pe7uLkv598GgyheVJ9H
FpSrQMhnYa8YRnEQqKstyi8DYsMvET71CPfnmJkBSSP5
961La22VGQ67stUvUMWpRhp3dRma8vPvTkySkSspVYiD
7zfyHQYPJEcQhBywdXqSMfzpCsDZSBZjNzcp4LQ2PcwL
51oET2dy4vCmZ1JMGYR9hbsvsLng1vcLD6z2AZp1uq1j
FJ5hcKnacavLz9geNZDRyDXdUvZHJBVnn5RLLy3sRtra
2aoSUxrKamegqhLZm4QcWr5BPwUoqxTeAaGLRzq8kcnC
BXMTKKByDZfLSpDhjm7n4V8RXAnAWkT5XupcuU5kNpMP
SqSri3CM7V1GLSoKJJbePSt7UqGpEpiwmhnsJjsf763
Xd7QR72dCcnxQ8e6M98Cko6aMdebTVuEAQqtFDzuAKo
CoA6BbArzsu95PbJixBxNezZhgbJnEQN7JUsKW8matcu
3RqevLsnSf6VxHC8vCC1BTzW2QjXDrBrjySUDQCYQc6r
5sz2X6BytP7gbo7Xka2tByYQbXqutC1XcWufQvMcjwWY
742jMZ4ruzprAwofAZhzWgY3W42cAwJc3aJwFFzMWJhq
71qKd4xeTTWqrHMMupugtQmsoRskw7xKfGRxEEg4Qeaq
Hu1XBtQcU71JgheKSFDQXL3QhuL1tdHoH9mgWyEUJ7Qx
FdvMXoYeqtGkGHhQyztVFQMTRAP3oiQkLjVSFe17RWa
8j3M3KYvBgF9oTDVDqieLo3zRxgQ5vDHsfJPAs2TKbb4
4dKbzteBxRPnJLaVDyj4t8v6i6G4PX2ASr4iqyrcaZZF
6J4dFhzDnpE3Dpnr7rYLJEVKXGibcrZxaNJKeRhZLNnU
b3EeBpVifZ4Lxb1qKe4c4ptBTc4yt8KPo2AQwhyDLjw
7P4Bb1pCMuYNveYhg2j445cmTRCEGp2eAAtBQUv7Jz89
8mfSvKNsNfV1XFkZVJV7YV3igWdCJuJefV8GimBKvZsn
6ykYU3fWNQnoNunJKDLSVSZWCMPoajoE8EVNzKCYs9qT
4MGLKGy7D2E45Me2AVXf8jYBWDRKFJx41WQWdf7bXpBH
5wpT5MyF9jTHYWWtXrhot1XcCr3RAAQbwLeKnDTBZHYL
6CfjjT5Cyy2RNgn3wiGSuU1Q2VhrvHo9DxbMPwotzeUo
Bb1PqVKh1TJL3FfLaxVrpcGopuXrUA3NpfNFv7VQSsn6
3UzdWiavQL1R1yAzZfFL7644ZFLx3BgSQBjzMxoLJy9Q
6WkubxrGPgffYK4ccs4k8YG7R8oVcjp6C2ceRpS5LZDj
GD9Dx84Rzr6qLJKoZqQFZn2Yzf1NyPFbQeSRZqU56f8z

