94PyuzMbHnEMhUobeePMoc1P2D1kvWGWrYrrC6niVQG4
H2LuEtiSCWu6RthbxwzpmUCkn3nGdho6Vm7XWu2sK2fP
supyPREX6ekUjMmCr4y1jWsiVyPpiZAkvqWTfoz7Drf
EAbD9NZXgfVxRHLAXR71Wrmfmfkq8WggTVoTjfkXE6nu
QbkVza2H4s9WUCKhPYNF3jQqmT6ktZMkD6Tjg7KvzF8
HQz3ks9JxzmrE5P3gS5ZCfiw3G9zw2rh5KjKPibwQJ73
aGwChPmjixXAhvC6eHjZJnC3WmtEH53n8RrQrw1nUgV
28wBqscdtXREey7mzoXRe9eeDPoh3u18vgGAgAsfk5Fx
4icQMupCo36QyrmTHvx9k44ZJe5v9cwMVFrmKtnFxuGQ
9EbF7QMB2US472FSseEzHDccFBwnvhyk53B5jBm7KX4X
B8ecZHe8uUmu79YkasWCBtwRpX4zMcnCvSY8eF3auRns
72bHxHjZsWi9x32W7bEHpPwHAotvT5vJrxPC8HkTyMGR
FdNmftL7UX9jtkJTJQQFVM729iByxcbLnxYycTYHG8ZQ
78XVEu6pFcyJ87osjLH1bC6iyqZHfjeZnhZV2kRrYUYC
FDwKxACAYQqJw8P3rgKXVL88mz1P8uMk4pUiirbyrPzX
GMjgtE5tyDA5yNJehVdBexZiqF8uvptst6zQ25o1KxZU
E5AU1Ac2xuqVV9WVbTNiXvngovKN736PxRfh5xSqqKMP
AHcfXcf1MF1WS7pUPSSw5Yqo3uE2uGkvp4ZZdXeqcH9t
CwJvdVhmbAtnEoMNKWis8X822snF2T6v3J91cs1zB4CW
7wviNxADWrvuu1kCMMcFGLvQeofyqzTD9s1LY5r3k1A2
2aDhfxqqZyWpLSBnp7pPeJRv97uGfGEmR6fE63xP381k
BsRDQmn4LtVDtjbYPCEyLchDPTTYyj9o1XpxATV7okdB
6cK4drT9TL8qdKtLHoahVMouvTkgSgwatZmGsaKmWeNB
Ao4CEQ5WdQwfkG63F8MU2c4zBJK3HBgkaP8osBkCuiqR
D4LWvnTqM2LRBBCcRpGf3unxBi7PmYhu35a3DgrVa6w6
