Transfer 1 tokens
  Sender: 3hsNEiTMeSf1en86rJ43waqcLc6LfmrkW1EHB64xSE29
  Recipient: DCaxpYXpNxUxFcaaGVfVY7dYHT2BuBPdLAssdvCqrSsd
  Recipient associated token account: CK6bXt1QJt1G4FyoniXxAf2RTNUbqWZ1AjLaEu7DLTuq
  Funding recipient: CK6bXt1QJt1G4FyoniXxAf2RTNUbqWZ1AjLaEu7DLTuq (0.00203928 SOL)

Signature: 63L7LrxZQhEsL7aYMXwGsDanveMCYxmMLxeWB2oNYsZqfmcSXg1SwxRZCAHCFBNrngpdQ9vi7FFWHuotTN2aFJx8

Transfer 1 tokens
  Sender: EtKjGpVKGTctz7s7zydschHBYvxAHVJgP18yX5ndRqRG
  Recipient: BMXjn9FCipSMau57i8J1vBPrm28zkAhMHtWrPzYLzxMW
  Recipient associated token account: B6VrjZMaHabkn9yPcwaNRDhyrddEN9e86QczSS8D1pAo
  Funding recipient: B6VrjZMaHabkn9yPcwaNRDhyrddEN9e86QczSS8D1pAo (0.00203928 SOL)

Signature: 4Q3VQe3SZ8CibYWFegR6ZHDVdELdvr4hSMTUQcc2p1B91rMcKwYdm8ZhPjowAT23sjiXTqrJQR1dcVd9FatHzgRE

Transfer 1 tokens
  Sender: G4XsujKuK47a45K3VM8G15BymFS83y88jAs1HJZ39kwv
  Recipient: 7ZpuSrxBsMVQ8z4GPdTvzsVvaT1qEw5yhRgh8fHKdDqP
  Recipient associated token account: GEREj2AQSh7goh8UynQTiJP2co37tja8tgi1geGHL9V8
  Funding recipient: GEREj2AQSh7goh8UynQTiJP2co37tja8tgi1geGHL9V8 (0.00203928 SOL)

Signature: 5VnGBK3GVCCtwg7khUWcsqeXyAvxwnQdGyjerDmMHV3gfZHPjT3SUzXjwTBkZ3u6WSuW4KKHHQMbDhxyqCpnFDKV

Transfer 1 tokens
  Sender: EXcberyTsALBUH68MBumZ7ism8zVP14it9NSBPWAJkT4
  Recipient: vqk4rNkuaHbPHqCEf58R1na7QR7VFsZeYVqwxATJpRx
  Recipient associated token account: 8WNNZGcVtXTxzQkAK6PbzdqU7tEf4WUUyhCndxiXX57c
  Funding recipient: 8WNNZGcVtXTxzQkAK6PbzdqU7tEf4WUUyhCndxiXX57c (0.00203928 SOL)

Signature: 3jtr64RMS5M3RxYryswayb8zovqbYERipnA5TqFqGnBrFo7umziQt7zi9Wtz8Sw9j3nv5yFipRJRfwrAxHvhkGYM

Transfer 1 tokens
  Sender: DiAn2JnL5Jfbo7HCGd2WwFVnN4yeQ3sjsgm5qyCPbnMB
  Recipient: 6w4sP312fQDgCX6kjZZEegmv86Xtyux1kKhnKNsaeHJj
  Recipient associated token account: 4cphD7gfYbkF433DpEKZjmsDJyvkCFzxhM8sFAVgVBQa
  Funding recipient: 4cphD7gfYbkF433DpEKZjmsDJyvkCFzxhM8sFAVgVBQa (0.00203928 SOL)

Signature: 3Jx1NsxnV1fbuASTwnaDg5ByVfiMs4JsuAq8wpufeuVKQXYNqgisjxvb948kGYHzbZuEj1Mxvr2XRNMPh25ZoSaS

Transfer 1 tokens
  Sender: 8yyYzs3yACazEU1a4MjX6FAQZByj83zA9Hj5j8VjLdEE
  Recipient: 8c9pkziXLoSChUt6L9af3shVpeTQa5dMKuZuHAYuQmDN
  Recipient associated token account: J5tzPE3RfHuwPwV1JdovdLsMH1MAqc29rkDA8BviM1uu
  Funding recipient: J5tzPE3RfHuwPwV1JdovdLsMH1MAqc29rkDA8BviM1uu (0.00203928 SOL)

Signature: o1KQWKdVC9SeirQxb5zgPBmjQTiAtGkzivH9GPiiMBHqSsouFXCAeRGPSympNkUQc7CDgdtMa42nXS17CAn3tV8

Transfer 1 tokens
  Sender: Fb7B2j1HaFPbG5AZ28h7UXBJWc9oA9N7fH1qU6RxGWJ1
  Recipient: 9dvBAb9SBMDGm8KSDRckRwhbQGPoFTH2CiH1axy2fyBj
  Recipient associated token account: 4qS1wWvKGfsWQBDSbByQjFoLoXSvKr4pLj25yGCjKbVB
  Funding recipient: 4qS1wWvKGfsWQBDSbByQjFoLoXSvKr4pLj25yGCjKbVB (0.00203928 SOL)

Signature: WRkZ8QXzrGvSWWsgCFBBk55esfXfgv5Wj8jC2eNvAbwuACedv8nKzuE6x1ZbPE827r5UcTTo28d7FhBPT3rCBzj

Transfer 1 tokens
  Sender: AWj7x3ZVSByAp5fWqVSUAoVsKLYh8fhuMkUgain1MJ1w
  Recipient: DdrbVn7ZCDRZrmz3ULZGYGqh5wb2yQyzeVFco4mrw21S
  Recipient associated token account: AtBwaRBD8AiMgv69r5GCtQMHNe6XTV2WgNLdNCo5VdkS
  Funding recipient: AtBwaRBD8AiMgv69r5GCtQMHNe6XTV2WgNLdNCo5VdkS (0.00203928 SOL)

Signature: 3up2EYyD2vNKUqPr8PEmJjwumewdwBqKX9AbrNxe3d8fAMoFqnseuWuGjfLy4ZXYoBr3d255akcpiUmPAyD2wWwz

Transfer 1 tokens
  Sender: HngutoAd4px6VnQiDhZ98XXauPCor5kDxVfUqU8uioan
  Recipient: 3M8scJMMYJ3ngC9dNwgeJ4jYQ3FzUMdQYRNbp79txnS7
  Recipient associated token account: GnGMWKTC5wWR5qGsjU2abkU5EwStMibmft7fDMJd5p8p
  Funding recipient: GnGMWKTC5wWR5qGsjU2abkU5EwStMibmft7fDMJd5p8p (0.00203928 SOL)

Signature: 5pQErh5N2CK1KUWosf4aa23YjTYuuYTR3hLXSwHe7qtHxPjLc9TSFJodJb4ci6YUZFw6QAMVqWv6LxwSy6swMz9n

Transfer 1 tokens
  Sender: 9JLbq8nxcV5ZEVkvx78VLpogRWE3AftjzomXwJUT6gem
  Recipient: 7BEgnmvPk5kDhc2qeK86GozqqEvmWXcpQH2oDAoJ9fcR
  Recipient associated token account: 3bejRMMypqRtFzyj3MuzFkTMNNgga5Gvq1VfVZM7gVJy
  Funding recipient: 3bejRMMypqRtFzyj3MuzFkTMNNgga5Gvq1VfVZM7gVJy (0.00203928 SOL)

Signature: 4PbUBhwkHWEd1GwCJ4EbNG8edbCCoXonEWByfYhEstbsXaSUmhcN8yNhG4ui638jf4QinckhJnAAmy1xdeyTkKNY

Transfer 1 tokens
  Sender: 98U7PCiEtdpACoRyZnSCTXP26qgWz4kYJTh4HyCkaRfK
  Recipient: 5URSakmV37mRXJ2rETDRZEyzEVBE2ebySVeLGWhUUk5h
  Recipient associated token account: 46z39CDVk3J4ALybx5AVrSAjod82EjwJz8dh132u49mb
  Funding recipient: 46z39CDVk3J4ALybx5AVrSAjod82EjwJz8dh132u49mb (0.00203928 SOL)

Signature: 5tUVjuwc5NJaRZGjZKts5Z4qBnq3bhDBnFExpntpbBSwN4gkDs5mb84upCSixD6XcU1yikh1bysgtRrHT94UY1WJ

Transfer 1 tokens
  Sender: 4pbxf8F17vSpgJstVWigSDmrt2A6wuYd63jQ6j7Jrvv8
  Recipient: CNbzW6od6C3YMNLKpVUGUtxDHjTn1QzgwaDqmvEj9C2E
  Recipient associated token account: HJuUMUKQ1rt1n6mXYuJUNUfiKtVZobGc3TNDocHG3jq8
  Funding recipient: HJuUMUKQ1rt1n6mXYuJUNUfiKtVZobGc3TNDocHG3jq8 (0.00203928 SOL)

Signature: 56mopvXQszww6FeGudHo8neheYEdPT9TyC99tbkLjsotS4rZyQQZ4zeQv9UG5JorhacaQBNwAUyzMRfYBxjd2hTU

Transfer 1 tokens
  Sender: AjFLWhEuLrcd1Nw8JTqvVHqQp6c91Whe8uXjCTknGemZ
  Recipient: MvogSQTXToXV7MS8hDbvfWGoELDtR5Z75SGMUNiUddN
  Recipient associated token account: 2WsCWJTie8EygTxveakbUv8HUDJvk5T241T1uuHh5hrp
  Funding recipient: 2WsCWJTie8EygTxveakbUv8HUDJvk5T241T1uuHh5hrp (0.00203928 SOL)

Signature: 5W5dFr3MB76prfeCgbKt1ynKLSx48PrH292y2spuUTXDdSWhkZCnmNsWyGY6fv6WitMt7QCef2gDqRkhB4i5pjPg

Transfer 1 tokens
  Sender: AEs9pcNEXyvp31r1SvkgvWi2qoczDQYkeW2QDuj747NL
  Recipient: HSo6fpKgLhwrN3L2iLxkMLQi2g2uSLcshMWwMBCh8pD2
  Recipient associated token account: HSFV5aoCfCcVwEHUAEdJ7sHYrCZunvGNqPMJ4yT1ie5z
  Funding recipient: HSFV5aoCfCcVwEHUAEdJ7sHYrCZunvGNqPMJ4yT1ie5z (0.00203928 SOL)

Signature: 4Mh44c8fHEn1hsQwbFMxex663M4F7ADJi2bjiPSPsfwUPmT5YeHkqHrwoAoVwU3DojyicG8Bg63m8YXEh7gXMG5X

Transfer 1 tokens
  Sender: HQ8UUXTmy9YibQvixNdHySgon2GZM5wKo1poPmxoKebJ
  Recipient: GryqvMoqZFnmTxVMduzUQt4RtCZZCTKRZwLNuL4KyKsa
  Recipient associated token account: CamxDFtFXyZaPikK2DpJXsKnWB2BuGJdMPAoqckftWPM
  Funding recipient: CamxDFtFXyZaPikK2DpJXsKnWB2BuGJdMPAoqckftWPM (0.00203928 SOL)

Signature: Bx5AmVSPaQ9ePxd7ckdHCUo1qZged8AHhGXLAqkPUU7FDVuWT79c65pewbzHjYT4WKsFQAwYTXdi51zAfrLwRiQ

Transfer 1 tokens
  Sender: 3NPgTY5SFGWnCnsts3xrgKZ6WVNjhiAvZTnHo81s3N6i
  Recipient: BSWrvzk5upP2q8EfcZ31RcKemhqpPH5VTqsoBdHaQLXM
  Recipient associated token account: H7GdEryierkPuQQotM4X1kQt3DC4NpeHuZDnwbFEcSxc
  Funding recipient: H7GdEryierkPuQQotM4X1kQt3DC4NpeHuZDnwbFEcSxc (0.00203928 SOL)

Signature: q4onwXgJao9ASJTmf4XzmErKzpfZczd8T8ZeMxWrxYnTEs3x6FUDWUprt85rugJP2qsS7Ve3pKDRDkbyCQ6f6Nv

Transfer 1 tokens
  Sender: HEvZAPiY3SzswH3ywMa2inAVDV2kYbcyKSuKJrFKAdTE
  Recipient: FsBMd5URieGPWAyTsYpogM9URzyXo2oxznGbHZJARUNA
  Recipient associated token account: 9KqNYUfGgfMAxnqRACC1sCgukQPFj8rjWSovQa1oSn7c
  Funding recipient: 9KqNYUfGgfMAxnqRACC1sCgukQPFj8rjWSovQa1oSn7c (0.00203928 SOL)

Signature: 4PWnN2bhDThGHi55kEqXh56CfxwSgVZWSy3eUHmNBCepfvmeUMRVu526DXVCmRK7GB46NBVBGi7Vjf9kgFHC7pk8

Transfer 1 tokens
  Sender: HvKR4Kmc4XmNn1QwAVZUWDquyb8LcT7osNVdMDmC94qV
  Recipient: BQ6W2opUUbyd3mVpTX1NRgFWgqBxyt3FSLfSR6TXQRug
  Recipient associated token account: 2iqYbJ8Xgf4dBEE41U8KZj793tx5ykoX8uDWMNRaxond
  Funding recipient: 2iqYbJ8Xgf4dBEE41U8KZj793tx5ykoX8uDWMNRaxond (0.00203928 SOL)

Signature: 4Kb1dqLB1koeLeJvopU3Ey7o4kS4i9wGDjYThps1TBswPh6N73YCNocfog7UqJr51gBjzzowdsG7GPJRL5VrhLJr

Transfer 1 tokens
  Sender: 9yBMbTPpPnCasmHroiXhd6oSKbLegR4Y86qqgjf25CEt
  Recipient: 2ChMhzvBeg18trwtxDWSjPpjMcbNj4na97jiFBcjYdaw
  Recipient associated token account: 8ZkQg7TYBRTLHpqbJD2njk3mcywmUSobN5jKyaLHUc6Q
  Funding recipient: 8ZkQg7TYBRTLHpqbJD2njk3mcywmUSobN5jKyaLHUc6Q (0.00203928 SOL)

Signature: 2yK6V1inHKqnBc4nAnpQKkrPcjrrDJ85TBbKSs6icogFGPhdpUaYTK9MgNH76XE3mBYWt6xcqYwaUzLU8A6MUmVg

Transfer 1 tokens
  Sender: 5wvHfbcymL2JJkULHnfsPBKmC6xAmRjqg9vRffqEDS66
  Recipient: FpSrQMhnYa8YRnEQqKstyi8DYsMvET71CPfnmJkBSSP5
  Recipient associated token account: 6ERjjnwoz7LamfaUHZtWryDesbZvhBx8CUdS6SG4DGmy
  Funding recipient: 6ERjjnwoz7LamfaUHZtWryDesbZvhBx8CUdS6SG4DGmy (0.00203928 SOL)

Signature: VW8LPx5YPxUkmLsBB5wzM3hcD25Myx3fTBaELUhyReCR46LR4eAFEgCnrnVkCaAurvAjmeEH5FkGZzGn7kKnaLL

Transfer 1 tokens
  Sender: kaY3KDuLAZcKAcJqVnb34U6WJxRjtTYqx8i5URLYsP8
  Recipient: 3Kx42dgP4mnr8Lnw58rdccNfMXCP3au91WTCJt2GX3VX
  Recipient associated token account: DCefP6hvKFB7wb9mWhbY2xsTtCidcER1vCaugCzKz723
  Funding recipient: DCefP6hvKFB7wb9mWhbY2xsTtCidcER1vCaugCzKz723 (0.00203928 SOL)

Signature: 5ZZpAJzncFfiDpysYhzH3zktjhvPdTumBpavXYrk5D1TFxYg5jeyQ3h4y7PyQ6CDV65DrMGqRZrciHegHcp4bBgi

Transfer 1 tokens
  Sender: EWg6s3xckHwP7cjUiaP5g7xF6rrAMdvr5CAUfsNH9zAi
  Recipient: HekXqjAAuwYVKYmTjAt8kq9u3iJT3EjL6qZCCxNKdMet
  Recipient associated token account: CHPqJZNCzYJqTi2E9H7VuhFm9QxVWL8cHcz1Et9C4bZX
  Funding recipient: CHPqJZNCzYJqTi2E9H7VuhFm9QxVWL8cHcz1Et9C4bZX (0.00203928 SOL)

Signature: rnvATuqZd7KuJtMaJE7ko1eWWLSzNfdAJpwy1hBBPkeTLMyye1CkB9nDozTQuTqhdtu5tcbnxJ21c1qPQCqX7Sw

Transfer 1 tokens
  Sender: 5wz4Y3YzmMgza3KjJdQF5C75vQD1NxQ9Nte7jJfyNTHp
  Recipient: ASMejTJR2Fj19tQ5T4HAU1pYmW2fQJn4dqswCGVjWFnh
  Recipient associated token account: FMPo5WDhzdjQw9FWSWCnjveSV9162iskrk56HDNFvprD
  Funding recipient: FMPo5WDhzdjQw9FWSWCnjveSV9162iskrk56HDNFvprD (0.00203928 SOL)

Signature: 48Niq5gwh3DheQTDYixXEXuBq9ZneTBLjiagv3z71ZqwXdE4Qr3Vx89P7rmv5eq7npYZgyzb1EfE35M7N3oUbFhz

Transfer 1 tokens
  Sender: B7q8QWjstXqb4noifgV6zjGAn7XZJemK6i2MP8US22MR
  Recipient: AyCkeo4nPGqVmEagSspU7oN5Dmq2Lnj4kGBa9Q9nKVpX
  Recipient associated token account: 3ELtrTGZjcaSDP3K6U8cyUmtBbQN1vXyE86LpN9V3Wfy
  Funding recipient: 3ELtrTGZjcaSDP3K6U8cyUmtBbQN1vXyE86LpN9V3Wfy (0.00203928 SOL)

Signature: 4Vg1wnV3wjepkjz6VnxCbtS5QikYwhsMYTLVZKgF8yYEoKb7xTjjUrXugiU1ujc42YAYD8Ri757jFLkCJzisuppX

Transfer 1 tokens
  Sender: 6v8FmUdW6hK6pWeeXZ4w3k54xLahxssYZzj7LBiEtjj6
  Recipient: ExHjH7nZufPmsbTZc1n9R1iWMGJPDaJTeDv3PA75iunH
  Recipient associated token account: C972ZkS3kGTqLcrUq1tz3aMGvKuyLpQmPTJnyhLWmUfN
  Funding recipient: C972ZkS3kGTqLcrUq1tz3aMGvKuyLpQmPTJnyhLWmUfN (0.00203928 SOL)

Signature: o8BW5X32XmLBBnBRT6sYr8CcWUqMKfxZQuAcHBQCyn8xpoVYn5XdxTcwFWmEcYPCokRBgSQX6QmiZgH8cZ7HU5o

Transfer 1 tokens
  Sender: 2Vto4xXVtyPgJiuxLJuEUsQktSbwZKWzemof2mMPTwHN
  Recipient: Diqr3X6FGBjqk6sSqaEey5XMqzHrxwNBJJXUbuqJd83D
  Recipient associated token account: 8moUUSiALEMqyChdUSp8ieBayd6V4a4nzuCjYuwDrgSe
  Funding recipient: 8moUUSiALEMqyChdUSp8ieBayd6V4a4nzuCjYuwDrgSe (0.00203928 SOL)

Signature: 4h9YAx37g1SfajiGw1VJzhhcPGinuHbKkXnswVKAgYMaBAnwkaDJPGwDrXGKdTnv7bDz3fsEjpUT5QR8UVfZToYu

Transfer 1 tokens
  Sender: AMJhQYukV7wEB2RpkPwPcRQ61qxuqBqRtnNSH5adjtEp
  Recipient: EHaefxu6PgMXRw8VrraTFaCA8jnG4uKzPtRrCCzPBz4o
  Recipient associated token account: 7AaiVXhFivrbBSXzUTpDcsVVu19NwJVFCEgSwfqsQrHT
  Funding recipient: 7AaiVXhFivrbBSXzUTpDcsVVu19NwJVFCEgSwfqsQrHT (0.00203928 SOL)

Signature: 4EkXDBk1u6hhbHAu9WZU4KZ3RW53oBzr4qMA6ceKtvkTQsbY2MgfpYQBVESnfAqDZq3wYGrtRHW5KNMjoj7bzCn5

Transfer 1 tokens
  Sender: F9bTK3JXG5C3oWTwu7av1yxbmnmMu7U5iSV5CAPJM3jZ
  Recipient: 9bnpn8HvJxrbUc1SnNjaG2Mrognf2wJqM54iPPX1BTgC
  Recipient associated token account: 9eVQ4vrLiSJ4dscvemckYBKs2bSzhJ9Zeu7v469ApNjS
  Funding recipient: 9eVQ4vrLiSJ4dscvemckYBKs2bSzhJ9Zeu7v469ApNjS (0.00203928 SOL)

Signature: 5m6eACBEoiqb3W18YiVZxomr1jvcBJx3dyDZhRPgn1hG5idAm3KrhnRYkcgFnLXcoypfQLf8eVXcxziz3BtBwaNz

Transfer 1 tokens
  Sender: EPVemUXy3VMxzKB8VHwyphYx31LvS5mFY1jT6WooKwxS
  Recipient: J89HXU8BEveEE6vz7xfK5scknkXjmvUZDYZmsEZbeEvE
  Recipient associated token account: HLfuuzF2XaRdrBFzztoAHwTWe8wSVJWCEcbz8T54Gkv3
  Funding recipient: HLfuuzF2XaRdrBFzztoAHwTWe8wSVJWCEcbz8T54Gkv3 (0.00203928 SOL)

Signature: 4pVtPANRiUymv6GZjrbC8E7ESccLoABqVniFgVscu57sTHgmcBtriwxbnWmJAMd3cxdG93t5frCQuxZXHeg4rL4v

Transfer 1 tokens
  Sender: vXHkf6zyUpM68QE5oe5jdYLAKtiaYcQwrbhpGANDwST
  Recipient: 2nU3W1aasRG81etWkmDzRa5PSfHjzzafXdQhHWzTCowE
  Recipient associated token account: BFgNoqNMzzjq8Js5BTkYvDL6zS2LuXWBQ9isjYALp3HE
  Funding recipient: BFgNoqNMzzjq8Js5BTkYvDL6zS2LuXWBQ9isjYALp3HE (0.00203928 SOL)

Signature: 65SvvcxKGUNCUumrtLDH1jcdhKQ2JBobzqYK3D97SuvMTVWUwq4m75rGHDVvQ1aQ5kFDttp4kfi51KoZpQ2LD2un

Transfer 1 tokens
  Sender: 6W45Sfkcu4gVWZhoVtAeM1gwjkU2YuNJpM14ufosiAJb
  Recipient: 98Ua49smTudbsk6aJ3nXqbuoWaxzaEVLfgFF27xEYx8c
  Recipient associated token account: BCQvS88J5thnpMaPTUbup9L2FYYHtsfmYHmju16eXgn8
  Funding recipient: BCQvS88J5thnpMaPTUbup9L2FYYHtsfmYHmju16eXgn8 (0.00203928 SOL)

Signature: 5YNBdd6Gdz76Y2ZoToJDiEWgM8mjpLGesVSkJ49cFBNNXq2xMxQTMV5Dg7mxLgzqqFcpot3cNmxdPzSCqzi97wEo

Transfer 1 tokens
  Sender: G2bpmL4ae4efDR9wcqLa1gUEGnvJwZfcsqcKYDE3BQtR
  Recipient: CKMDD7Xp4pBztCG5G2utc3kXvFqPJ17HMDPUwhLiHzhM
  Recipient associated token account: ASt86bcw5P7K63LnS6abLC79Ho2ARnVyxXpTxVbmrgsY
  Funding recipient: ASt86bcw5P7K63LnS6abLC79Ho2ARnVyxXpTxVbmrgsY (0.00203928 SOL)

Signature: 3ETSSqig2quxcoDEcrDYUuHJg1Gg83FoWELEUQMnoF3VFMQrtfk4FX1sMagXS7WajqBPGSUSVVhw6GA88Hh6jWt8

Transfer 1 tokens
  Sender: GxBo7qKMefXmVibFhGDktya8J69N8fcUizH46dWusdTd
  Recipient: FrLB8AfjaWgjqgkhDxkgLkso2jkXBAXToBgCWhfc3Aeo
  Recipient associated token account: EUt4jjXhua4p2XSvQsEGVTbeytYm67vgkZwWYjPJDd5t
  Funding recipient: EUt4jjXhua4p2XSvQsEGVTbeytYm67vgkZwWYjPJDd5t (0.00203928 SOL)

Signature: GHPvBgEKrzxfu3vg5JyPj2jZjgSqu9H6pvF9Xc1U8NtjRLcktXhhWkLeyuvH3aeavxNrShKV7deFvJFTYn4CQY1

Transfer 1 tokens
  Sender: xJ1SzuS9ha3S7QHTC4mRFwqxUZcVRdAHmzm8Hh2zRDg
  Recipient: 45nb485LKf1pEhsTab34JnbBb3wXnAAP3xh98xdzP8Zc
  Recipient associated token account: 2oiQdMPGVrpVjw2iT3S5xyLSURKkPY6jEtE8nEexhkn2
  Funding recipient: 2oiQdMPGVrpVjw2iT3S5xyLSURKkPY6jEtE8nEexhkn2 (0.00203928 SOL)

Signature: 4D1UvycHsuwCpUngnZ14xbtJWYk4rSqkbgZzDsmudbGasJMtMgqP1qPo7cqMrdEWAtuSq13LbkPgYfAuvczmMgHg

Transfer 1 tokens
  Sender: z4sNYUaktxc5vnBxVnECs6JLxmJnSFTkDbS6mw2NEtE
  Recipient: 51oET2dy4vCmZ1JMGYR9hbsvsLng1vcLD6z2AZp1uq1j
  Recipient associated token account: 8YRoxHQwYCKhoF9kMVFcUAxGEd9aYUyjmbT1QxtxkUqW
  Funding recipient: 8YRoxHQwYCKhoF9kMVFcUAxGEd9aYUyjmbT1QxtxkUqW (0.00203928 SOL)

Signature: 2dPVP9gWxKPHEUuShCkhtnu3UevKsGYXsMVau1weAT4YyaYuqyXiSGVe3hUtHAGZzBSn9mfRVHEtMETYZZNSd7JC

Transfer 1 tokens
  Sender: 9Pcu9o3SURG2yT5hLhnemKNFj35WsFEWfAgUhtBYGThJ
  Recipient: Cm8cYtgtfyULCzisqUnMg68aqqi12PGZScouQfJRfrG3
  Recipient associated token account: DBYQXqQbTFGf1M7UJjj2NHyFh61f47VB9EKjng3WcUf7
  Funding recipient: DBYQXqQbTFGf1M7UJjj2NHyFh61f47VB9EKjng3WcUf7 (0.00203928 SOL)

Signature: 62xu2FFiRKawidm86NpBRxZ8cL5WsH2wUNMfxmwDvtBcahyLA9nhPCbYdoxbHidYvo8CfrUPP5WoCbwoheZjSLWA

Transfer 1 tokens
  Sender: CRx1BFQwXrg3MfvA28LYxVGKeXDDLGyypM3RcNRBVtuo
  Recipient: 7gRnTdsyyu9Z2HKqa7492JkTJtRfAEssyYfXKcjDzYwm
  Recipient associated token account: 7MoRAKd8Zai8wsMAAuhTFEYmZzEcdk2c9YYhPzamBqkm
  Funding recipient: 7MoRAKd8Zai8wsMAAuhTFEYmZzEcdk2c9YYhPzamBqkm (0.00203928 SOL)

Signature: 5FiQgpKMNu1oZrDLCXQnz8ch7MNUywUU8gKaCRBzJHtQ28rvCYy9CVbidnDi4LMSH1Nr6akHeftRVhcsiJu2jwxK

Transfer 1 tokens
  Sender: 99HNT7yxjMTA8hj3Yojqn1nNEckgj4LF31pB98LLJvh8
  Recipient: 4M2oW3tg3nFFHSDZH6fro4n8osjCzKbSTf4Jk7VJas4h
  Recipient associated token account: BqXLPKMKXuBQKbgcRN2d6aeVaof7t81eVCgNYZEfMxB5
  Funding recipient: BqXLPKMKXuBQKbgcRN2d6aeVaof7t81eVCgNYZEfMxB5 (0.00203928 SOL)

Signature: 3ivMgZjUETwCNDRF2VLuXrWknx4zCBn5NWfntkFQCVedH4mTfg3Cb4Jk7oc1mQS6CL7YCpKnkGPg1W3b9wacJj6A

Transfer 1 tokens
  Sender: 5EWvyMGURgRxjD8rUegi525u2ALAHZXunPSDCQuHbheW
  Recipient: FE3YBXN4BN3acC1c1ZaqGwPfdhxfVHpePzYvWfGG9ot2
  Recipient associated token account: Bi1UmycMwRFkpXMdhTJzdHEdDTkadvz8z9wwd8y6Tvgp
  Funding recipient: Bi1UmycMwRFkpXMdhTJzdHEdDTkadvz8z9wwd8y6Tvgp (0.00203928 SOL)

Signature: 59UAvudnRd2tkUV1T4AJj1AxVf8D5aczPj1M9hKtXztCF951kmPpe658AMsHzCPbhe5iCPWoWokwRfYyD3knLXMX

Transfer 1 tokens
  Sender: GQJDvaQ6sVpsP5TzAHoTkSdKMHzB7wVDthKw4HF1Y47d
  Recipient: 7srUnsGigLyApFwxw3MgNawzDrEkDYpjZtoQvBi6ayeU
  Recipient associated token account: 9WM3tkWxXtDRpB7p731Pw9H9JzWUzE41W2FHMeHECQTg
  Funding recipient: 9WM3tkWxXtDRpB7p731Pw9H9JzWUzE41W2FHMeHECQTg (0.00203928 SOL)

Signature: ozEFwt4DirGoPhan6tA4d6DGsS4ZsfwHgHujfdi4ZHq2gYpfqEHGd9jykqWgFQM2r2nc8F6GzCedx1gFzJcugnp

Transfer 1 tokens
  Sender: Et6xg44JuJDmYa3YQspoPPLsTGSU9UUZiauz6p3BVETN
  Recipient: 8YxFLe5NoaTNzUHQDkyabtHwSnYuVPi7pKcsNXd9D5SU
  Recipient associated token account: CxXEZwrmf1PoyyHhf6Y3SZ3X9ojAKtmSHgJ8YK2G9Sma
  Funding recipient: CxXEZwrmf1PoyyHhf6Y3SZ3X9ojAKtmSHgJ8YK2G9Sma (0.00203928 SOL)

Signature: 2vgcoK5dMSSNSejThEg4P5tAhXYDKVVyesVK9TQdMczMympbun7UjeJCo1wqkdLZvLfiZ65QBRvaS9PMwSLzocnG

Transfer 1 tokens
  Sender: CLY64Fh8RX4bepwFcfFXrFtPMbbNzwD4ih6NxwBnWAh2
  Recipient: 92DixzBQGg5kQFtf3qJu9azgqkCxfFraAKHrUcyzSXdr
  Recipient associated token account: 7VaCJHg8118WY8YsTb7DgrC98qzNB4Q9H6Zf8hbKn1Ke
  Funding recipient: 7VaCJHg8118WY8YsTb7DgrC98qzNB4Q9H6Zf8hbKn1Ke (0.00203928 SOL)

Signature: wPg5YEU9XmA9SvQgGGSXUATtKXBooPdTUB3Fq9VNhcMDK7dAXHMvMFN1xccfFmDWCk54o5YVFJxXkQU81jf4S9S

Transfer 1 tokens
  Sender: DD9h8CVcAYRbzRAKp722MzA1XQADBzfYccJqSecsw7zC
  Recipient: EppxE2vDF8cBrRmJ2BSYiJ1JtHcPFV48YR4NkRD36gHZ
  Recipient associated token account: Eoc2ET8Bqek1n4kqMTEdBpYPwzy3jZ3m6W8DTchzPsst
  Funding recipient: Eoc2ET8Bqek1n4kqMTEdBpYPwzy3jZ3m6W8DTchzPsst (0.00203928 SOL)

Signature: 5doddLvADzunTBHpAfa5pPgxCsz4jjetUHhBvHbTMkeUnMZF1BoRogd9K87iy58o9EZSSaxNwpCG8nFkinf1FRTF

Transfer 1 tokens
  Sender: 6rQscJxQSWgKnqHwZBPQVMX6wuQfGDXPzsryihrqWSyc
  Recipient: XLNz6LtoAEfQSVUuPBTbFUwWUJzBxeZKVNiuqMiAd8p
  Recipient associated token account: 71uoLbguEur57hUbRZcst3aemoZs7xGzcz52nag8pXcv
  Funding recipient: 71uoLbguEur57hUbRZcst3aemoZs7xGzcz52nag8pXcv (0.00203928 SOL)

Signature: 3g2pEoFtfM1XP7P2jP7PBV7JAcoU4Vu7QNhkdXVt5RWoy7RsKXdwRxqinDMTNsQpRRJUXHpopCLGapzyMTQMNo1o

Transfer 1 tokens
  Sender: BKVYNYzBFZq3A4xwXntQezPZtdh9QESHavvQdCrkvfB4
  Recipient: DajLww9JAzbHx6VNacZZWYKQfUukB9bibGRcwwHs7e3P
  Recipient associated token account: 4PEyUGCaGvgR4Hd2PJCeukimZLMR6Vafn8Fey9iU8J36
  Funding recipient: 4PEyUGCaGvgR4Hd2PJCeukimZLMR6Vafn8Fey9iU8J36 (0.00203928 SOL)

Signature: 7vNwv19HxZEN38x2oHHwHFCVFbThUSV5cKTkfJGPpfHPzH23HVNGTCFhPX6ADtm7PBTRXegqn8bQhCYV3LtJUqi

Transfer 1 tokens
  Sender: 2xvd4WDC37SYrdZoKNfz37McgEvcG3pKTT64S5nxo8LV
  Recipient: H6P4ugLw69GjnuDen4mGaspXov3yvASjatnjdgDhJs8V
  Recipient associated token account: 8c3ev2oUJQYaCWUF1NGfScpLAquDz5mJwF2cCZyUYWU5
  Funding recipient: 8c3ev2oUJQYaCWUF1NGfScpLAquDz5mJwF2cCZyUYWU5 (0.00203928 SOL)

Signature: 2J3uEvvTZdgtFXk9EHrdWV7abLZjN5YRQgvETzsD46skjrkazJgNYeAxU13rX9Euu3bNVcXjmsQ61pTwXZK1LpQ

Transfer 1 tokens
  Sender: 7myHioJy1ST4KkWdPfkTQAvzjChvzEiJqeuvcEUHwh29
  Recipient: 51oET2dy4vCmZ1JMGYR9hbsvsLng1vcLD6z2AZp1uq1j
  Recipient associated token account: BzbEz1gPS287XvRGi1vRS8C8gq25ZXkq2U9J7Q3tKBNR
  Funding recipient: BzbEz1gPS287XvRGi1vRS8C8gq25ZXkq2U9J7Q3tKBNR (0.00203928 SOL)

Signature: 4gmt1PN7CB8oEhrDJ5cXi3p4vTF7iQQRidXC6THaS8jVCBPAFJ6wW1VRG57Jy7tCQciJ5HqHHBGGppJWdP2xuk2L

Transfer 1 tokens
  Sender: HsVPau3y9a2kryioGiHXpB9DDJ4aq7TYapsk4JWErCaz
  Recipient: 8eeWesjTSLG6Hdy6GV8bwjrBCEnwY15LWTkyHtGtsUB3
  Recipient associated token account: FB8ZVxodj69jhqkuSBeTKiUvhrN7iaYVUMf2dtchdNp7
  Funding recipient: FB8ZVxodj69jhqkuSBeTKiUvhrN7iaYVUMf2dtchdNp7 (0.00203928 SOL)

Signature: 3N46WDp88kiQHKnSnGsRgBJSDC1pyiX59Sg53wKWKR8fz7uuYH3LnGzmdszUr9YCX17Ew2ujKUqtgfSCRt4bxcfb

Transfer 1 tokens
  Sender: BcCU2nGPvMwmQ719Rf6N7QEnf3CXhkwEcf6eDtDShjp1
  Recipient: 4xU8ZzUhENk9W8RA5ZcfNyoqwrRyg6Htjeb1tXQ9XfwL
  Recipient associated token account: J4RmCfX1qDCZyTa7WX8menRCn4QzGUuJQoso9GtGiSoM
  Funding recipient: J4RmCfX1qDCZyTa7WX8menRCn4QzGUuJQoso9GtGiSoM (0.00203928 SOL)

Signature: kD6QP5Fkpyy86LccqSgRTcEWsQSVweC6UrEKPGbCZhXUVc2y5x5dHTsjBMyHf3ZwA6Wp4FdrNF3KFiUE9w1kL7D

Transfer 1 tokens
  Sender: 3hsNEiTMeSf1en86rJ43waqcLc6LfmrkW1EHB64xSE29
  Recipient: DCaxpYXpNxUxFcaaGVfVY7dYHT2BuBPdLAssdvCqrSsd
Transfer 1 tokens
  Sender: EtKjGpVKGTctz7s7zydschHBYvxAHVJgP18yX5ndRqRG
  Recipient: BMXjn9FCipSMau57i8J1vBPrm28zkAhMHtWrPzYLzxMW
Transfer 1 tokens
  Sender: G4XsujKuK47a45K3VM8G15BymFS83y88jAs1HJZ39kwv
  Recipient: 7ZpuSrxBsMVQ8z4GPdTvzsVvaT1qEw5yhRgh8fHKdDqP
Transfer 1 tokens
  Sender: EXcberyTsALBUH68MBumZ7ism8zVP14it9NSBPWAJkT4
  Recipient: vqk4rNkuaHbPHqCEf58R1na7QR7VFsZeYVqwxATJpRx
Transfer 1 tokens
  Sender: DiAn2JnL5Jfbo7HCGd2WwFVnN4yeQ3sjsgm5qyCPbnMB
  Recipient: 6w4sP312fQDgCX6kjZZEegmv86Xtyux1kKhnKNsaeHJj
Transfer 1 tokens
  Sender: 8yyYzs3yACazEU1a4MjX6FAQZByj83zA9Hj5j8VjLdEE
  Recipient: 8c9pkziXLoSChUt6L9af3shVpeTQa5dMKuZuHAYuQmDN
Transfer 1 tokens
  Sender: Fb7B2j1HaFPbG5AZ28h7UXBJWc9oA9N7fH1qU6RxGWJ1
  Recipient: 9dvBAb9SBMDGm8KSDRckRwhbQGPoFTH2CiH1axy2fyBj
Transfer 1 tokens
  Sender: AWj7x3ZVSByAp5fWqVSUAoVsKLYh8fhuMkUgain1MJ1w
  Recipient: DdrbVn7ZCDRZrmz3ULZGYGqh5wb2yQyzeVFco4mrw21S
Transfer 1 tokens
  Sender: HngutoAd4px6VnQiDhZ98XXauPCor5kDxVfUqU8uioan
  Recipient: 3M8scJMMYJ3ngC9dNwgeJ4jYQ3FzUMdQYRNbp79txnS7
Transfer 1 tokens
  Sender: 9JLbq8nxcV5ZEVkvx78VLpogRWE3AftjzomXwJUT6gem
  Recipient: 7BEgnmvPk5kDhc2qeK86GozqqEvmWXcpQH2oDAoJ9fcR
Transfer 1 tokens
  Sender: 98U7PCiEtdpACoRyZnSCTXP26qgWz4kYJTh4HyCkaRfK
  Recipient: 5URSakmV37mRXJ2rETDRZEyzEVBE2ebySVeLGWhUUk5h
Transfer 1 tokens
  Sender: 4pbxf8F17vSpgJstVWigSDmrt2A6wuYd63jQ6j7Jrvv8
  Recipient: CNbzW6od6C3YMNLKpVUGUtxDHjTn1QzgwaDqmvEj9C2E
Transfer 1 tokens
  Sender: AjFLWhEuLrcd1Nw8JTqvVHqQp6c91Whe8uXjCTknGemZ
  Recipient: MvogSQTXToXV7MS8hDbvfWGoELDtR5Z75SGMUNiUddN
Transfer 1 tokens
  Sender: AEs9pcNEXyvp31r1SvkgvWi2qoczDQYkeW2QDuj747NL
  Recipient: HSo6fpKgLhwrN3L2iLxkMLQi2g2uSLcshMWwMBCh8pD2
Transfer 1 tokens
  Sender: HQ8UUXTmy9YibQvixNdHySgon2GZM5wKo1poPmxoKebJ
  Recipient: GryqvMoqZFnmTxVMduzUQt4RtCZZCTKRZwLNuL4KyKsa
Transfer 1 tokens
  Sender: 3NPgTY5SFGWnCnsts3xrgKZ6WVNjhiAvZTnHo81s3N6i
  Recipient: BSWrvzk5upP2q8EfcZ31RcKemhqpPH5VTqsoBdHaQLXM
Transfer 1 tokens
  Sender: HEvZAPiY3SzswH3ywMa2inAVDV2kYbcyKSuKJrFKAdTE
  Recipient: FsBMd5URieGPWAyTsYpogM9URzyXo2oxznGbHZJARUNA
Transfer 1 tokens
  Sender: HvKR4Kmc4XmNn1QwAVZUWDquyb8LcT7osNVdMDmC94qV
  Recipient: BQ6W2opUUbyd3mVpTX1NRgFWgqBxyt3FSLfSR6TXQRug
Transfer 1 tokens
  Sender: 9yBMbTPpPnCasmHroiXhd6oSKbLegR4Y86qqgjf25CEt
  Recipient: 2ChMhzvBeg18trwtxDWSjPpjMcbNj4na97jiFBcjYdaw
Transfer 1 tokens
  Sender: 5wvHfbcymL2JJkULHnfsPBKmC6xAmRjqg9vRffqEDS66
  Recipient: FpSrQMhnYa8YRnEQqKstyi8DYsMvET71CPfnmJkBSSP5
Transfer 1 tokens
  Sender: kaY3KDuLAZcKAcJqVnb34U6WJxRjtTYqx8i5URLYsP8
  Recipient: 3Kx42dgP4mnr8Lnw58rdccNfMXCP3au91WTCJt2GX3VX
Transfer 1 tokens
  Sender: EWg6s3xckHwP7cjUiaP5g7xF6rrAMdvr5CAUfsNH9zAi
  Recipient: HekXqjAAuwYVKYmTjAt8kq9u3iJT3EjL6qZCCxNKdMet
Transfer 1 tokens
  Sender: 5wz4Y3YzmMgza3KjJdQF5C75vQD1NxQ9Nte7jJfyNTHp
  Recipient: ASMejTJR2Fj19tQ5T4HAU1pYmW2fQJn4dqswCGVjWFnh
Transfer 1 tokens
  Sender: B7q8QWjstXqb4noifgV6zjGAn7XZJemK6i2MP8US22MR
  Recipient: AyCkeo4nPGqVmEagSspU7oN5Dmq2Lnj4kGBa9Q9nKVpX
Transfer 1 tokens
  Sender: 6v8FmUdW6hK6pWeeXZ4w3k54xLahxssYZzj7LBiEtjj6
  Recipient: ExHjH7nZufPmsbTZc1n9R1iWMGJPDaJTeDv3PA75iunH
Transfer 1 tokens
  Sender: 2Vto4xXVtyPgJiuxLJuEUsQktSbwZKWzemof2mMPTwHN
  Recipient: Diqr3X6FGBjqk6sSqaEey5XMqzHrxwNBJJXUbuqJd83D
Transfer 1 tokens
  Sender: AMJhQYukV7wEB2RpkPwPcRQ61qxuqBqRtnNSH5adjtEp
  Recipient: EHaefxu6PgMXRw8VrraTFaCA8jnG4uKzPtRrCCzPBz4o
Transfer 1 tokens
  Sender: F9bTK3JXG5C3oWTwu7av1yxbmnmMu7U5iSV5CAPJM3jZ
  Recipient: 9bnpn8HvJxrbUc1SnNjaG2Mrognf2wJqM54iPPX1BTgC
Transfer 1 tokens
  Sender: EPVemUXy3VMxzKB8VHwyphYx31LvS5mFY1jT6WooKwxS
  Recipient: J89HXU8BEveEE6vz7xfK5scknkXjmvUZDYZmsEZbeEvE
Transfer 1 tokens
  Sender: vXHkf6zyUpM68QE5oe5jdYLAKtiaYcQwrbhpGANDwST
  Recipient: 2nU3W1aasRG81etWkmDzRa5PSfHjzzafXdQhHWzTCowE
Transfer 1 tokens
  Sender: 6W45Sfkcu4gVWZhoVtAeM1gwjkU2YuNJpM14ufosiAJb
  Recipient: 98Ua49smTudbsk6aJ3nXqbuoWaxzaEVLfgFF27xEYx8c
Transfer 1 tokens
  Sender: G2bpmL4ae4efDR9wcqLa1gUEGnvJwZfcsqcKYDE3BQtR
  Recipient: CKMDD7Xp4pBztCG5G2utc3kXvFqPJ17HMDPUwhLiHzhM
Transfer 1 tokens
  Sender: GxBo7qKMefXmVibFhGDktya8J69N8fcUizH46dWusdTd
  Recipient: FrLB8AfjaWgjqgkhDxkgLkso2jkXBAXToBgCWhfc3Aeo
Transfer 1 tokens
  Sender: xJ1SzuS9ha3S7QHTC4mRFwqxUZcVRdAHmzm8Hh2zRDg
  Recipient: 45nb485LKf1pEhsTab34JnbBb3wXnAAP3xh98xdzP8Zc
Transfer 1 tokens
  Sender: z4sNYUaktxc5vnBxVnECs6JLxmJnSFTkDbS6mw2NEtE
  Recipient: 51oET2dy4vCmZ1JMGYR9hbsvsLng1vcLD6z2AZp1uq1j
Transfer 1 tokens
  Sender: 9Pcu9o3SURG2yT5hLhnemKNFj35WsFEWfAgUhtBYGThJ
  Recipient: Cm8cYtgtfyULCzisqUnMg68aqqi12PGZScouQfJRfrG3
Transfer 1 tokens
  Sender: CRx1BFQwXrg3MfvA28LYxVGKeXDDLGyypM3RcNRBVtuo
  Recipient: 7gRnTdsyyu9Z2HKqa7492JkTJtRfAEssyYfXKcjDzYwm
Transfer 1 tokens
  Sender: 99HNT7yxjMTA8hj3Yojqn1nNEckgj4LF31pB98LLJvh8
  Recipient: 4M2oW3tg3nFFHSDZH6fro4n8osjCzKbSTf4Jk7VJas4h
Transfer 1 tokens
  Sender: 5EWvyMGURgRxjD8rUegi525u2ALAHZXunPSDCQuHbheW
  Recipient: FE3YBXN4BN3acC1c1ZaqGwPfdhxfVHpePzYvWfGG9ot2
Transfer 1 tokens
  Sender: GQJDvaQ6sVpsP5TzAHoTkSdKMHzB7wVDthKw4HF1Y47d
  Recipient: 7srUnsGigLyApFwxw3MgNawzDrEkDYpjZtoQvBi6ayeU
Transfer 1 tokens
  Sender: Et6xg44JuJDmYa3YQspoPPLsTGSU9UUZiauz6p3BVETN
  Recipient: 8YxFLe5NoaTNzUHQDkyabtHwSnYuVPi7pKcsNXd9D5SU
Transfer 1 tokens
  Sender: CLY64Fh8RX4bepwFcfFXrFtPMbbNzwD4ih6NxwBnWAh2
  Recipient: 92DixzBQGg5kQFtf3qJu9azgqkCxfFraAKHrUcyzSXdr
Transfer 1 tokens
  Sender: DD9h8CVcAYRbzRAKp722MzA1XQADBzfYccJqSecsw7zC
  Recipient: EppxE2vDF8cBrRmJ2BSYiJ1JtHcPFV48YR4NkRD36gHZ
Transfer 1 tokens
  Sender: 6rQscJxQSWgKnqHwZBPQVMX6wuQfGDXPzsryihrqWSyc
  Recipient: XLNz6LtoAEfQSVUuPBTbFUwWUJzBxeZKVNiuqMiAd8p
Transfer 1 tokens
  Sender: BKVYNYzBFZq3A4xwXntQezPZtdh9QESHavvQdCrkvfB4
  Recipient: DajLww9JAzbHx6VNacZZWYKQfUukB9bibGRcwwHs7e3P
Transfer 1 tokens
  Sender: 2xvd4WDC37SYrdZoKNfz37McgEvcG3pKTT64S5nxo8LV
  Recipient: H6P4ugLw69GjnuDen4mGaspXov3yvASjatnjdgDhJs8V
Transfer 1 tokens
  Sender: 7myHioJy1ST4KkWdPfkTQAvzjChvzEiJqeuvcEUHwh29
  Recipient: 51oET2dy4vCmZ1JMGYR9hbsvsLng1vcLD6z2AZp1uq1j
Transfer 1 tokens
  Sender: HsVPau3y9a2kryioGiHXpB9DDJ4aq7TYapsk4JWErCaz
  Recipient: 8eeWesjTSLG6Hdy6GV8bwjrBCEnwY15LWTkyHtGtsUB3
Transfer 1 tokens
  Sender: BcCU2nGPvMwmQ719Rf6N7QEnf3CXhkwEcf6eDtDShjp1
  Recipient: 4xU8ZzUhENk9W8RA5ZcfNyoqwrRyg6Htjeb1tXQ9XfwL
Transfer 1 tokens
  Sender: 5hy7LQtjUX5outdyEnsQVd4Q7DuUEjxi1ms2xfFkji5v
  Recipient: 33apeLJZtc7FvMqWoLU3yWupJCN6ijGkKUD2gUmjhxe9
  Recipient associated token account: DsrkjgCjcaKdRT4kQ16qaT3YPJfNCaTNDXuaVe4JuRtK
  Funding recipient: DsrkjgCjcaKdRT4kQ16qaT3YPJfNCaTNDXuaVe4JuRtK (0.00203928 SOL)

Signature: kBGqei9UQkWKHeqTvgk39dWRgAxvPZGW4gzrw5pv44qeRESji1PQziCy5UU39b1ZndYeDyjXng19mjLAx9qhdRG

