51oET2dy4vCmZ1JMGYR9hbsvsLng1vcLD6z2AZp1uq1j
GP5wZ1hEfpD9TxhZzPGQVWSS6VVBaGY7J6dt8KeQuPxv
2xAviNTmLU42Ni8B5Ae2vhs4Yy9X2nJ35AnEDzZgL9cB
4P1TpNg524esR7eNhc4auQUFxazSa5CTYukM6FmHBFec
51oET2dy4vCmZ1JMGYR9hbsvsLng1vcLD6z2AZp1uq1j
C9u28tV9EcKf6iqCxcQvh8M4fnxtWU27vmS3gVwwVKSm
Z5jseT2WjXMQvUU85a3usfEEqLeSnmpGXiNTH6k97v4
6ykYU3fWNQnoNunJKDLSVSZWCMPoajoE8EVNzKCYs9qT
GryqvMoqZFnmTxVMduzUQt4RtCZZCTKRZwLNuL4KyKsa
GBvdzrFqehuHNLc4NvRUQhgVnKjfF5Q2fi2LrBDYivpe
BxASWxha82Gq87axcFsuwaUM6WUhbK59WG6iHBHPmtmM
9v9D9kvePLBANY4Zx2PUzn75dHuQMMMcs7mZLYy3gMaF
AsNFo64v8Tg7oJooMvusy2ZLsPSGWb1isqWDrRDTxQez
51oET2dy4vCmZ1JMGYR9hbsvsLng1vcLD6z2AZp1uq1j
4dqkGoq4VtjmSvoE9m7wEQWMv5qJnCLoCdEUG1ziiQ4G
HBBkVN9gc8jwsLWkyhW37UQbN3JCeBAK5mCqzdrWPTha
69ryYKnU4mC4MbaozQ29KmuToNjNDdtRspQZD4Fp1aYx
9t5Tp3AM2JEEcLBRAg7CoRu57u8i6AmogjES1YQ9e1eh
2XQUudVBiAuUszo71JcEy8HN9JECiLmNv5jdACe45rLr
UDgkXzdnpRqT1adpbeRy1LULVjxY6NTWeVRTG5ZFWzR
8bXJ9UEQ8RUFw2mpy8eQYb66oBu9gM2z49XXfsHB37Pu
51oET2dy4vCmZ1JMGYR9hbsvsLng1vcLD6z2AZp1uq1j
GyrzWsvsPYmnJ2ZSpxu6tJvFZR3q2jixuCgBJsdtm9kA
8zfdGUKpemtzs2Ypb8reoN3A43o1ZkbwFCBNzpUeFeUo
CxVTTpS8CCmcmp7v7E3VCSq5sX8MbRC7AJFmaD2WAbFb

