DNfZsD4oQ7Z3nThLs94Pthr5USBw99oNdjcx9Cy8ZeBi
3BC7fq4TjGT3PAUhaAbKmKHP9nV5ZTCPVNvpF1cvdk2y
BhH4PQffzo6Lp3NJ2niVQHopBTY2Cefx6CC99fCKCx7U
35KXzSNdkEYYKQff7BeQnP1PAcJGw2LtsSSuabV2PBRh
8k3TUCZvzVRwLNeTKN6GnViRgzHn2WRE6nT7jA28AK6c
2YncCFCgvfMNQCpwVq2DHkMkGrgJX5ydXcgFEQNEaTxT
7vkUUTN1j6HPuzjGzx7hRScCugXCSjA92yQtYtGcHNmF
HVgZkAS38xU46N3GVGFANX6d4oHmhLG4yzXZHZ2s7PSo
6QjfWVoEwrayV2es3FXt2sfNkAXLLqfzEeAkq5GUMx21
CgXyLg8Vbq74SkhFHAr3rw2pq8WDxxaXDSGiiTtuLPTW
AKCDuAvEXHdmsYQZywYe16LLf1hNWCksUrp9cAZFij8J
GUG6NqpF4XUHm3wA66RezcKKSN4UpHVrxoakwR8XGwab
G7qeQaPyAZCxGjBzij9oo9688fsdqEF26xJhx577CRUL
4VvRsxBNayJKL5JDqYkAuADxvrC9sMDcdr3eaVLmvF4T
BPtU6iGb9k7LhLcTJgTR8US25E2N859qDuepsHtDmrbV
2MExSBiuQSBBJkQkHXrvD1mZF7GBstNCM48h3EtQKQTH
HnCVS1HWgHsQf8obfJAWbjSnKBexSZP2vDC2WhDgWjcf
5gHMkEz3MLzNum41NBZ7MTBEaZXt3RqREFE5GPpG9wxB
482AXz66pqwdrHjJ8uLZkpdxxZumda3f1XMMfFsMA63j
FhiEdmRfvKwAVSKHhqxfTHbaJrh17se3BSg9LA5dhHdN
CbPEB2DdiUY78tix7LQpmNKgdAQYZYMSabagNNZV3WeE
AhYS6UyUpSBYKHwnDcKy3d7NwBUt8DtKG2fomUexMvAX
4ReJgq7Sfr8dSekGtYVSNhrSEiFgeDd2jCc837GZJ8JL
EyL1KbbkyGKZo27ewGprm7WN3Tt6HKeRaAu87vU7ouRy
HPpDbd4KGSnuKisD8h4MwieQfQZBjfRzB9uy15TfgN7R
3REx5kPdTXTAbrEfefkpGMryEjzXkKGiky1ArNZMBCff
BRMYYnfn5xJPUomAqeY8bztsRtTdL7p3q2JJyz9dfHtG
9qJUCenaa3AHsQhNmFjHxycf1wcyByDRXXKPoYZw9Lhw
9Bc7WJLuscioNiW65Ta94fUE4uT2anWVifdczR96mvu5
D8iqMSk1V7TV3yHWeMy6dvf3Ew8fjc9aupFFBmnZGUx3
EKhsU8LGpHzcinp199gu2ARoMma4mbGwiq7ajXAkCdnz
CiurdH7DJKQ6DyEuy2UK4WZRcDNX7FGXi9TsPcXzzoV2
HroGFkNBkdJMKd8G77wLWZQG8LWocQnGiiB75DMdPQhp
jV9jKSEFtDT6a999gWja7de3AJi23dMVTJScVDfCeFs
FFToP43MrJuAE7yyiZdDCC8uRDnxA9rUyxVzj2MUheHD
F8fvXaHBPCPMR25U8vm8tYsBXxJcLm7hqQrVuRL3eDYi
Gn6bEc8M6hWSzQFgHd9iSXTLgj1YgE42uNug6DQz92ks
JC7oex6hG5Zzg49WY6QjwcwYUmtPzeCV5bR1wuWUa8Yv
2GaEvG5xdMYiqESCYRhk2MVLcZY86cwdbRt6ute8EhdR
637D8HnUtD7AcwAkjcCYkW2PZTMj5tRSM45xFjZavQtW
BNqyDRzJDGBFHGwPUuruRj3u7TNdftq2ohC16ogM8ZgA
3FfxmTU4kAGKm3ao5BCK1mde1hfvf4WcyfRCam4CxTYG
xhnRvjKQ4qecqLrNPWp4PBD4LYmYzoyzGgav5KjxcWt
HZQUrSihHjEDRwjHCP7mTGc5BvNsNkYpKNVeKXkZ5ffs
44YpK6fQ78UuMwxQrLa6WdMHrgYwDnZBemmXeqizn1YQ
6r7m8Fsvde1gLuTXWDpHZQ25trrucvRewW5fgAnERECb
5YfwNRNHSxWnvFdLKFfJACPfcbMZaomainNPkQPe79wr
Ag74qAbtrc2MYAMw5CJP6JWCWQQAAp8ePjxuZGbs51v2
6Cigb7m7E17PLvHSkW21DBWXeTEXiNAPvnDtBThmcvzi
9boMrAXct1c8ggAFBxuTxCiBYR3iHsnUh157jNJTuxbs
