9buKorWsKJ5xXtUAgnttgfkhkKmG6yhuwAgDyo9xtgyb
7ZtWZJQu8L6HXEW8xjwgDup8yREfdB5s6kRdzYCzE8Cg
H6s8GLDFLCE8KajCj6frhVRPaP3iHrwFwj7yCxRJbfaV
k2ur8QWub6vtENiVofLfCuyAZhEpNYayAogkiKsr4F7
CChnnMLJaUUyFYyXkm7EUjn4mcoihTHKbQc4CDe8zFXR
85LayE7PTQbi8KHT9AM6JPFi6pz1UMZvRy31kATPpfuY
3iSASruvBVVjgCKbyS1H9M2e3c57U6ehCReDZxgpBb7Y
7ReX6fLV8DV8YvxgpFxuYyCS4DKkJFk3arLvKPzxXpXX
26uQi49gs5dR7RRFMj7J6u8KFBMthLwusvtbD3PsQgAd
2JykFDnnwwGJjBB4FABWhu4Gp1RRGAfuZdudR4AYUVP7
AiTJusNm9FCeV5yPDEo1HHUHUU1Gd351h4zWXYbQCn1C
2k9Z8ZXBD6t1wjBeMX41RFnYvWbedTmvG2uknqz5vh2H
88XPPun2xLaJ5hPLrL6qvDr7zHyYGShdXFnFsDH38tzY
5AK2Zfsb9ipDVTyyvXgDxhyByUt9HmURLZdxiKpMp45Y
BMFsc2kap2zDS6Gxv2sKLZM7JBoJk4ctirmNEmyAGM3H
AGcCCwnGsiFPgya6gEW91xCBbghZhMyMdnCYsDQ7VNUS
BjqUBxpWXu3TDRPRC34Ed48K6w5Gh5ppaHbAJ3auYpxS
6CueXBT6G6pmU5vHj6rJ3BfpG1nqjf1kK6eLE1WrdheS
LSthVDER2knonHm8EJWXgZfGsCSM2U6ncRfa2rUPXYn
76TrEKM7CpT3zRwxrZGhJ3ZR1DVuPezJh5HirfhYw3ZZ
6FLffTid52vSK5pQy41UzidASAD5BG9L5vwjjVVrkoqk
7SZXkibLUBJ9imMVzem3dwS3Si4jfr8fCxiFxbMVuWua
FvXiMTrdVMdw2TtdNaupxdcgPQrhgrnFWH63NYxGrwtk
AkMP81SuJL5PWie9c8sVPnAe6i81ohcPqyPbSQh3TF9a
8SFmbd2bEkgXBSAzTAjxEv4UKSZDNxmxUSDgGk5SNYp8
5uq7AYdAm3j2hBAEVyMQUuUne4reyeGvj8wMgdY2N459
SECt6jMgBFJn8hHubZiCbzQphX2pr5czQj7eQtaNU52
9sqhQHyENgg8p9ZAWHMmoceYF7pfpPAGJ1RihiJZeD1K
8uJYyYGpeAVgpqioFkN5a1Q1amTeSSYQsh49hyoQctTo
GwRVzQ4vPWdEdsGWJoQ9e1TLSpJhDKYQG962USeFMYKD
9j6yNTPeU9Ka8iTSxqBCTWe2jcW8Qb7Bx1oR1VyvfR92
qWwpqLQNrtaLdGbhABtv85SquDS8qgVXYK9rb21nBgH
6hjxArvKHotmEqXNmfUBD3HsvnJfX4W9fNdCbf2Qf5S8
6At72hfox2HXSK5hAuo5JRKoXwEjfMUmcbnpgSGDs3Xa
6bPFeuptY8GgDE666AVUBaCcAdB58mhPLvzNn3jMAD3d
4pFcLASW7xHmH1xxdU684xDFDWQKGsuYsgnQMBL5mAPL
inc6s5EVbVU3zbRAZPH5uyCRG2rBu2A3CsrE2FNSXL3
CXHmUNRjrN8eyfwSe9L85Lfiny8tkvNaXv4Fp2jtNjhF
9kW1nHaL6vqXLarPBjUtiMS3deUjvDxDD6JKuV4Vi7ug
AsqTxk5urrREToJj7kHq1iSaATgNobuco6hRA1qn8nXp
6EEFEDYDP371GQbp1edNf4GBYMFiukZ4H3vBypTn5K98
3hVswy57z8bsyD1LWpgnNfq4N2KRFwgcWAMrM53kPzbC
4YQ3AKk6MnMssqUZ2z2TwhbXu1v47QjuwS9wDg949R3o
CdziehWZ2G2ympWDEQR6NWojMpvz3cjwX1r9HGVVwDac
aUBqNd9kaLrTY3EoKZcHSTjWYvxdxji2tiTmBAXiXFV
C5Hu23Bj7DRr9SnuRswrqvBNQ5xuHYLt2se1guKiQL74
139fuuiHKBF7zzd3CpoFjErjqtD5s3Pvux9iBLj5znwc
7vKVSUe9N1amzWbTk5CeRzEoqEwDX86VrBQ5XnabQN5r
73r3PuBjoBqeFi71ayySKZtFUEytwU8eAXoqc9eERUZL
4nn3HqSz2Uy5sWcbSmaGYd7TtZZAghqAveyabRc9NDPX
