Transfer 1 tokens
  Sender: Ds2RTcZRpGcfc5nfgLpzYvELcXkcb5j94FpZgCNYRLBV
  Recipient: 3ZKbSv5JL8eYCbw4uZs5cC45LDDYbgA1gdkQLB56VPVm
  Recipient associated token account: 4zFXqxvPk6U6dsh2Y5foQ3Bcrwxfn9YQHsb2a5rqDtYa
  Funding recipient: 4zFXqxvPk6U6dsh2Y5foQ3Bcrwxfn9YQHsb2a5rqDtYa (0.00203928 SOL)

Signature: 5tkEChhSpbQKHJBeyHQJvUoXvB9BxVnUybPfvf5ktXniANvVD9ex8ASS7FnmtZHPHVNov9E327WVrri5e7ywzRLQ

Transfer 1 tokens
  Sender: CuSQAHiUZ1p97rSx6Weqp5SdtvVNVM87DTKYEXpKoDKS
  Recipient: BenBVGSYGPfPqy4JD8zr1J3FYMC3dTMu8DMxUxGmPvx2
  Recipient associated token account: 8jBYedcNKRJuFFJGznZTyDvGR7oNpreVtxGU46qe7Gun
  Funding recipient: 8jBYedcNKRJuFFJGznZTyDvGR7oNpreVtxGU46qe7Gun (0.00203928 SOL)

Signature: 4kcvzMgaRTekrzTF86bqpdgX338ByZgEe2am7abycMgJpy8e54N5VAWbYykrNLX49KnoPeMAWXpiYuW27paiiNtk

Transfer 1 tokens
  Sender: 8VypuLW7ixMVjMNGmAj31EHn6BxGMotZXZN25kuh6HcQ
  Recipient: DPW2UAVih6KavYPzUebvxrvQECDFD4nmaDy8x7ppcDHD
  Recipient associated token account: 95ofgNMym6p8MK9KHmN6SzcMr88brm4Nnev7HxmUYySV
  Funding recipient: 95ofgNMym6p8MK9KHmN6SzcMr88brm4Nnev7HxmUYySV (0.00203928 SOL)

Signature: 3j8jtJpY6Fyj4xcNZzmLA117doPXBuHKzAPoU6cgveZyt67dB7cJcf6zVKDd3sCLYK2mokKL6uFLSQEFu5qgk33g

Transfer 1 tokens
  Sender: D2DpVr8EgaYDPoX3aHFHRQYP2aPh7pk9DTEZAAEo4KHi
  Recipient: AgPhAsvcwPfT8bcAQxfyvymHdS9enkCzHDZP67ihS5YM
  Recipient associated token account: 6w5Jc1KY7bnNHatNfsQZAXTx5bqG3KEZKZktr8NKwCCA
  Funding recipient: 6w5Jc1KY7bnNHatNfsQZAXTx5bqG3KEZKZktr8NKwCCA (0.00203928 SOL)

Signature: 4n4XPpvsKkbW3AfPZnoG52h27EHMeQANHA8Ei2sfeqvzT5DRSzPzWZ9x5wcr1Ju36DtUCz8HPo73MLwyUWLJkRAz

Transfer 1 tokens
  Sender: BWgA11yada5qKoATbANYKYa9Scxa3sggtnotzFimHvXZ
  Recipient: 8kX16Yj2WBCz1sPXcimafGrutQkw3s3Swe9sR3gt3cC2
  Recipient associated token account: CqDCe14itQocAfMztYVxahqgYmnf4Gjgo6nXL7ZBGaCy
  Funding recipient: CqDCe14itQocAfMztYVxahqgYmnf4Gjgo6nXL7ZBGaCy (0.00203928 SOL)

Signature: 3Ry4txXAEadbkUafuR6b2AUQwm82n3gCqWJKdX3UgssShY1ngeGtf3MYVzP18owaUiSPjFR5Ub7Nz5eYAGzvXWPQ

Transfer 1 tokens
  Sender: Akuk31haSM88PRZV8hiyqVPR5UH52SbUhDiRtwLZce44
  Recipient: SqSri3CM7V1GLSoKJJbePSt7UqGpEpiwmhnsJjsf763
  Recipient associated token account: 4YYQoZmDBGHPL3GnbCPvBeXLhMq2ia7D6tUn8QkuPinB
  Funding recipient: 4YYQoZmDBGHPL3GnbCPvBeXLhMq2ia7D6tUn8QkuPinB (0.00203928 SOL)

Signature: 29TProNRFKULmCnizL9XBqBDNiFWm6WCtmf6b1nGuJ5rS24wPA2BQqsuoECRenMKZT5J1ia7nyHfmM6TVty4aMqz

Transfer 1 tokens
  Sender: 4yZvUWkrfpZueNZVF2aQ4akkgL1h34LgeD7NLsq2GG4A
  Recipient: 7P4Bb1pCMuYNveYhg2j445cmTRCEGp2eAAtBQUv7Jz89
  Recipient associated token account: 5jPm57nkDbcLMcoWadeF5r433XjYEVyJjS4imTRp97PY
  Funding recipient: 5jPm57nkDbcLMcoWadeF5r433XjYEVyJjS4imTRp97PY (0.00203928 SOL)

Signature: 59n7Gk85g4HHRemz5XFgpDjv3F77YVFH3pKgqBh1Q9d5UfhMFfQGHJQsq9CFNuxAdNqV84qKBugEEX6RpBvJnJQo

Transfer 1 tokens
  Sender: 3hps8TJrbwAMgzyTY2qqq8QwuYUsiLottzmxwMTCFair
  Recipient: Hew6XJcEjQAx2Pi4GWogr68dmbST24g9xtumKBqvhkdL
  Recipient associated token account: Hww79iADpeDS7nD5a5wNRjURu25NJF52P1rTj4tfSUFH
  Funding recipient: Hww79iADpeDS7nD5a5wNRjURu25NJF52P1rTj4tfSUFH (0.00203928 SOL)

Signature: 2KHY6c7KVEhtUAzNLrs66UmPE4hCtBFQc4NhaxQnVGG77PPKYTSZAWGJpnfE8YsmRUtdFkLDDFx8ZPeugEfwYnqM

Transfer 1 tokens
  Sender: 7qvHyi4qAVc1XH1N5BpKaGXKJBUxKLEURwPYcHYZe1CZ
  Recipient: C9u28tV9EcKf6iqCxcQvh8M4fnxtWU27vmS3gVwwVKSm
  Recipient associated token account: 7dZDm5dH5L4DY4wH5JYv5AEmA32TCqa3wmXLk1mSqDQP
  Funding recipient: 7dZDm5dH5L4DY4wH5JYv5AEmA32TCqa3wmXLk1mSqDQP (0.00203928 SOL)

Signature: dZSGMXbUymRHJdBTgCfgLVaGkkFdjKMZdS9D7dSzo9sfqt6vovBPDnCrMvhDSYW1no3MbtQbs1VEPPhusm7CmDG

Transfer 1 tokens
  Sender: 7zEjYz2fvaxPjLHoZva3jQjomEwUKaRnn66cjk4ctpQo
  Recipient: 7yRmnAy2KN6bvvr1nKqVsiatrGv1vHG81TsjqPWsBb2M
  Recipient associated token account: 3Nkypfs5XmrsDXsUprfgESBx349R7YDUyfM5EqnCHBvc
  Funding recipient: 3Nkypfs5XmrsDXsUprfgESBx349R7YDUyfM5EqnCHBvc (0.00203928 SOL)

Signature: 2i2k4SCVg3ikSZ3Ziqsho7v6ws8qBsWeUbRHY7vrzgBUwjJVRa8nj9St2fm9z3RarnsVixFmJ8V73MZjCm8h9sLE

Transfer 1 tokens
  Sender: 3NTnUUqGUwNjijziJHnMJtd4URbTYgcKoJ7DRgAp1WF1
  Recipient: RTY7RjhPpDabh6ky8mQudWxWH9XLZLCRPAj2CqRN21r
  Recipient associated token account: ArG7aYQd7KH7o1UjryigeqXpQ6kkLodGCBSymrN8oiWB
  Funding recipient: ArG7aYQd7KH7o1UjryigeqXpQ6kkLodGCBSymrN8oiWB (0.00203928 SOL)

Signature: 3jUGTcKi7zV1e66WPMoRVET1yy4yjCBZefzzht16L3H1krouSrLPr9v4RFE6qjzXNwmyGAGfeUYq1N79A3gqL9ej

Transfer 1 tokens
  Sender: GemXVqQkqzk1o8thsCBT87czyap5iHgh6DY1vxBauQNE
  Recipient: EqPQKm57nesqbcWakEzQ275EmMPYtPr9WdgabV61qQ5X
  Recipient associated token account: 7cPLaUR9atX6k1s394oa8H55VYi3gptneoyQDdYyKzsd
  Funding recipient: 7cPLaUR9atX6k1s394oa8H55VYi3gptneoyQDdYyKzsd (0.00203928 SOL)

Signature: 4PcQ9AsvAn8YntXjfPRoDcFsvkAwaymWVJVqqAgWprY4Z5myrcaNgKMk92vsZJgVbRrXJwwc9KEs5HZrk5b3CyMF

Transfer 1 tokens
  Sender: DjmBzFszGFfcVEJGFfJJHrKHHuXUygjZ3P4pubriyJYZ
  Recipient: CTukU5WkHZAAwxpicJw9zMaKmUpYBPttWeZKsdhdgint
  Recipient associated token account: 5wKXXF51oodqEk8hQyo15Gb5pDtB2UPjHiznQ6ga8u7X
  Funding recipient: 5wKXXF51oodqEk8hQyo15Gb5pDtB2UPjHiznQ6ga8u7X (0.00203928 SOL)

Signature: 3nvHHz8DhMAmuHZ875FV3CJdJm1Hcw9djG9nnK3z6rgVUx92kba2jEdEMKDNbBFa2mCVYMnWrctAPqC9ueFScccZ

Transfer 1 tokens
  Sender: 2PY4jC6VPqV7dmjzgkR5hRFh3s6sGRDtb4RKkE6uvtCt
  Recipient: 8kX16Yj2WBCz1sPXcimafGrutQkw3s3Swe9sR3gt3cC2
  Recipient associated token account: HuiW1AUMamKEPayFHHZBdB1PFA2uw43oFHAQrRKiUWn8
  Funding recipient: HuiW1AUMamKEPayFHHZBdB1PFA2uw43oFHAQrRKiUWn8 (0.00203928 SOL)

Signature: aPWZ5BhhhDnGZh2UwmvfGBgVKP2TAy25L53VgUmwXjpnD7Djr4fG9dgkkkURTifHdLEWuUCSQctPffLVCBozFB5

Transfer 1 tokens
  Sender: CisYBX4zcz3RTwYi4KGb32oXJEiz1JP5uUSGxoc8BuTA
  Recipient: crpQUfqtr42Y1W5LgZjvjVnEo2nsmXhSuZ1EyomFCDj
  Recipient associated token account: 4jF8J5iAoD8MkWTJsD21QEpbvZhit6cGT5hcNonrP91P
  Funding recipient: 4jF8J5iAoD8MkWTJsD21QEpbvZhit6cGT5hcNonrP91P (0.00203928 SOL)

Signature: 5UYHkaLxxf8VfFceRqQzBsuZ5htMyKevian6V4Wz7VtmuNquaihYbyzLtqo2B2F8VUtjbjohqBZXiCaT4VuUKNxd

Transfer 1 tokens
  Sender: DUZVALXUXBT1sa5koAU7sBqZjXgfiTzxb1EhAimeEmXq
  Recipient: B2HWFUruRZggNzsBRJHWMTn3zC9W3gYivhYr3WVqjaav
  Recipient associated token account: 3cf19jZwyWgYUcNSRPBQt3zu6czSTneNvjYyqQYb38nX
  Funding recipient: 3cf19jZwyWgYUcNSRPBQt3zu6czSTneNvjYyqQYb38nX (0.00203928 SOL)

Signature: 3mXYQhxK3mbpLtehqtYrLUiSGxwDdqFy133C56c1y5bYhwQTj3xsByT1BGd1mTg8Ah2wyd6DgqDLFEAHG9KbaJMD

Transfer 1 tokens
  Sender: 49dHF5CionxMuQ7XYFTSC5G5mstgSjegv39Vvnu9Xc2N
  Recipient: EkrPmifHXbGk7PLeReSgGieStGYrU1KJQudkdvVkFgFD
  Recipient associated token account: 9pqUE2bk9qsEr4YhxQhJcWVLF32uyAXBRhfntBhNbSow
  Funding recipient: 9pqUE2bk9qsEr4YhxQhJcWVLF32uyAXBRhfntBhNbSow (0.00203928 SOL)

Signature: 5vjKfF2pA1ooasnzA16J6Buy2Yu3mT5oB9WjWLjKnuDWF1UprUXQ6F54CvKSTtUWSgLLprqtWJyCX7RzuBSqMuZr

Transfer 1 tokens
  Sender: BFWrgq1cNnKCBhgTTr4Cbs3Hy29ghfWRHnX168Vd7apd
  Recipient: 6uWDr6tgKgb2VKRVFrfJDAL3ivaTnSeAN2pt7aLoKbEG
  Recipient associated token account: 7EdwvH2859HYhJrSXbathmmmLhvXrEn8GVvZoA9ywBet
  Funding recipient: 7EdwvH2859HYhJrSXbathmmmLhvXrEn8GVvZoA9ywBet (0.00203928 SOL)

Signature: 2Qedjygu2fZg4GyLHrSU7MSBUBRvLqTHUdowGZr1muWk7Aow95wTFuJgu53swkFuMwV6gZwugU8x9SyyCXRNapga

Transfer 1 tokens
  Sender: 4ToZAp3KKyqhP7tyVEAQHSdn2Ey6Tumaej4PKq4XoWRQ
  Recipient: 3tA3yGZJH7PxjyskY7uqyoeFd31sWiF43KX9sMzbhd3n
  Recipient associated token account: B8C8YCG4zssUpxSGFEMYcfMjm3mnu5NiyghtBmZUVo4X
  Funding recipient: B8C8YCG4zssUpxSGFEMYcfMjm3mnu5NiyghtBmZUVo4X (0.00203928 SOL)

Signature: 5uCBp21LL3A96gASRauhxnPiUW6Lymyta4NnfnamSZy4zeW7oxPiES1nynBUF8nXbUMGAbs3nYMfQDDVRnhMDamF

Transfer 1 tokens
  Sender: 2PvcUXrgoAmuB4iFZs6T4tE86BsPfSLWmnmziWsouQe8
  Recipient: 25jd52kMzaJRcHYCKxtz92cUSUrPD4tEqqGqw3pnQbji
  Recipient associated token account: Cmi5ghZ1Wst2bAAWsbhi1msVQXfKsWsbDfsPejG4KHtT
  Funding recipient: Cmi5ghZ1Wst2bAAWsbhi1msVQXfKsWsbDfsPejG4KHtT (0.00203928 SOL)

Signature: 3JwPrjpupmKXCH6D97TMaDaESQaPuV5iEefk44Lkpqki5ymNPUZw8bCLqAX7c3DYLa1GD8a5y3ZiXCvEnn4S9zjQ

Transfer 1 tokens
  Sender: 7UbPzCYrMBwXYzWEPcEcdyQu3sj4h55StFgftPNghZGT
  Recipient: 6vGvGQDXPjfVExLZa8g9xfxJgFhMZtjkJ9nKrTLTrwBx
  Recipient associated token account: 5KWZF2uhBqrxtP2Gg92Kb6eWjHMdAJD8tSmq6Hsfg6mR
  Funding recipient: 5KWZF2uhBqrxtP2Gg92Kb6eWjHMdAJD8tSmq6Hsfg6mR (0.00203928 SOL)

Signature: 3efLbcrdWzYbKbaVesJowBHaEzwVZp4SK54X3BzXoYXv6cH6tmEgySfQtDBKfNnMTtFA6hXVEJtFhLzxvSqBW2Ji

Transfer 1 tokens
  Sender: By62ysDFkyVXpNoqjVhbxodPcMWUE8UrXqpd3dPeQUfb
  Recipient: 5dNGzQh9sonyFUcTHrH6wiCczokUMSc79miMEysyVYjK
  Recipient associated token account: BZmbieJ1QHvvQQ6x9nbNzqfqNZhJGY9yBnGcxYSTMMLx
  Funding recipient: BZmbieJ1QHvvQQ6x9nbNzqfqNZhJGY9yBnGcxYSTMMLx (0.00203928 SOL)

Signature: 2jJmxCYTvcP2jRpqhyBLLjxPpEAnCpRJDhFYvGyvYGN8pRDwfegU1UHogfUtVRGiycxXw81EJL77YHFsibzGfrWD

Transfer 1 tokens
  Sender: GeqgUtt2X2VMDXzcFiPrgS7tjPuVjCRx29ZQULWFejEr
  Recipient: 27TNAPE86WKjPw7wyEp39NSZpmDBR9peuUw2eNFqPvi7
  Recipient associated token account: FU6caeE5J5BhHxcicxzSVWe1wZ2nqmag1bKzt6XFFvvQ
  Funding recipient: FU6caeE5J5BhHxcicxzSVWe1wZ2nqmag1bKzt6XFFvvQ (0.00203928 SOL)

Signature: 38StKS1jXB2az2E2Z1zChSSWPBd6WTTTELmAYBf2NZP7rqH7XyrAgoTLGoUeAFCrjW8URHwUB7SCwnxx4HPc4dgs

Transfer 1 tokens
  Sender: 9bbuQhLeZHuG8d3j6ssmLBKizBmujcfe8M91SgHYEera
  Recipient: E6BdoEi3My25cnxbW39kHPq1Wo1pnqU3GX6QQP57XajV
  Recipient associated token account: HgsRFTEW7jvJSmugz9FXdnX5sMVUeg3TV5zn2yBCAQDV
  Funding recipient: HgsRFTEW7jvJSmugz9FXdnX5sMVUeg3TV5zn2yBCAQDV (0.00203928 SOL)

Signature: 3UBjyoLCeZr5QFs41kvX6c1R1Me9wERRwaRs8HpT92RvC2bbP5xzwUVWbC53ndSxmZxjxDJvN9Xm24AsN85K1FUD

Transfer 1 tokens
  Sender: CmytVZvZDSBkDpR4keQDAtbp7qcKYc2fEbPyhPDRbEtY
  Recipient: DLv4HftLESxZ7B78F6mBJW6S8HoYmJ4gLKJUs98CXQuT
  Recipient associated token account: AqDdMwq9f9HKf5nsQJQhCmQX94kWDnTcJzWC3pNrW7Cp
  Funding recipient: AqDdMwq9f9HKf5nsQJQhCmQX94kWDnTcJzWC3pNrW7Cp (0.00203928 SOL)

Signature: 4PekK4jAUsK2ovAdeBV3cmhPfbmj772ctnFBu14nBnAF3b9gUDB5Dwed1UE4zYMqKjvV9Pav8diUj9iSwtJwiZV8

Transfer 1 tokens
  Sender: FwbMGapnYwSMSsCbHq2kymAYYVR8kxcKGunweK177vJD
  Recipient: EXP4u9nrkF47uGs1ryEzNs6SbNsyriwcQ9a8dKNzzmBi
  Recipient associated token account: 5tmRdSqK5uCdP9gVNhpgcpniQrdckcTD231aRzQSarbw
  Funding recipient: 5tmRdSqK5uCdP9gVNhpgcpniQrdckcTD231aRzQSarbw (0.00203928 SOL)

Signature: 5gR8FJpNeFhM2ZM9dUmfC9XPtDsPXuMQo4wer3CkhxPiv1MhXVF5PqiAYeuWMUzPPpE9wX8QjoKpgtHsQAmzU534

Transfer 1 tokens
  Sender: DAsHKu9wUSrMNU3qwTjEeVDVm2acPibPfhuyoQVNusuH
  Recipient: 97CaZv5Ra9pdzVcrtNF9PSZSr9bSB922n7GVC7evRAwa
  Recipient associated token account: 4i1shhEMzsQQMZXUxottVademfpiwhEzcg62AghKfXfR
  Funding recipient: 4i1shhEMzsQQMZXUxottVademfpiwhEzcg62AghKfXfR (0.00203928 SOL)

Signature: ZBpW1yYoTYZMRaiXtgNEpJXWbji4o2BMNBqdYncnmLLoXWYoa8zDsHvAkgR1EGX7NuQA7TjQ5EmoQmozx6HXhV6

Transfer 1 tokens
  Sender: 9tUmc5M9aKQA8xBYyG6eo5TucJGEPqeR1cZZ3k79NB7
  Recipient: F51Fz469okWs2REtK4L6USHHt63Ls6BeUAY49fQKrPAW
  Recipient associated token account: BeFiaKPpNGbhHQF29pG2apGqMvrfEKr1bVBHhdpXfLSy
  Funding recipient: BeFiaKPpNGbhHQF29pG2apGqMvrfEKr1bVBHhdpXfLSy (0.00203928 SOL)

Signature: 5GjQ6bCExNwbneP91DXcMvaLqCR7TPRsWvDyov8SCEtY9ym7c8EA3y4ZBX1gj7iEKJB18A8nx3TXERDPZtTjow85

Transfer 1 tokens
  Sender: GF7ubLMwvJvN8UY4P7ko7G2DsbD5dWUBB3vCZNMmHsKe
  Recipient: CSen5Dy9AgY7tawJ8gtA1hyaarAoeHAEYqcsBLxpZ6bp
  Recipient associated token account: Hqr1Exg7qfuzj2AebHTTGUrbnLMFPNKKHc6ZkqRxARcW
  Funding recipient: Hqr1Exg7qfuzj2AebHTTGUrbnLMFPNKKHc6ZkqRxARcW (0.00203928 SOL)

Signature: 5VQptLg3FNStAvPWy6CSJcbomxjK8crCfwmDj81Epi9LLmmtzt7wHfoU19HkBp6s3caFGrfMgcmAxSrrUEfs1U3o

Transfer 1 tokens
  Sender: 9qviwn21sqEwefjXzuUqy3RrthJ1mZwe4jsqVnQ4SN42
  Recipient: BVFTQzEas8kMPkcugksaTTuLnQJ8ESxtLryk4ngdyvjU
  Recipient associated token account: 2PVSepVaZswfgxfm371RQWRz1b3DtN7kMnBcngD3HpDQ
  Funding recipient: 2PVSepVaZswfgxfm371RQWRz1b3DtN7kMnBcngD3HpDQ (0.00203928 SOL)

Signature: 31JwEU1oXMh8u4hbuif2AHoUPmrVWCcSxVprtMHPQaDGeznH3H3wJtbUM8cybmxb31Micr8CFX7ncLaaGLHNL5qM

Transfer 1 tokens
  Sender: GZqZQTLfCWy3S9QvTb4wG2mtes5gkygjTkWVkbbjVA1C
  Recipient: DJNqLSq1G5CiY5w4kWoj9pVVUXXgHoa2Uw7Ja2jBMXFg
  Recipient associated token account: EgDtrLoqo2nr7bmn3aDmMRhPYXRjDUEfHEypq9xUQxuQ
  Funding recipient: EgDtrLoqo2nr7bmn3aDmMRhPYXRjDUEfHEypq9xUQxuQ (0.00203928 SOL)

Signature: 3grk2YFMZR2yFmPUoFMGEUJaQn1q4d8JkDHQNQMsiqWNBSw5SCDJ5r1r1bQxPux6rck91WmjU4ZdJTX8rEu6asrk

Transfer 1 tokens
  Sender: Eon2kTrwhx2MmwPZMETuTSQ8unUpYRBWXWze8L5itKEf
  Recipient: AHFYN2pv4iPG4wGMTjfFXdXQjPTXMxBdLHvEDCBKqaBk
  Recipient associated token account: 2pfVfioXqVGBFuTjTMtds6sWGVBB9UWaZCAxd65JkMkT
  Funding recipient: 2pfVfioXqVGBFuTjTMtds6sWGVBB9UWaZCAxd65JkMkT (0.00203928 SOL)

Signature: XV89vGVCmRMsS2FGLKek3QTQxf1FpnaFfY1VggjJM8CqYMwGLKgZf1rXvPm6Gvyq239MZy7rVju3o9AzUaBU5SU

Transfer 1 tokens
  Sender: E3efE2btKPykjbvb84NS46eyMYhTk7ZqT7KoeSDZMYn8
  Recipient: EAdQAdc25Cbyyo6pEjPc3v8tJyTnBNsF9VJJd49RvzoS
  Recipient associated token account: CJPqenCjN85QBr2X49uB4diwMhYqpSXXU3KjQRshdYcw
  Funding recipient: CJPqenCjN85QBr2X49uB4diwMhYqpSXXU3KjQRshdYcw (0.00203928 SOL)

Signature: 373egLkYPjwmiio3RYWecCkMFzpX98vgAPudnARE2Re9BSdS9a86DqmbsQuTpVp8At758pWtXP4aYveFSLxLQ4Pr

Transfer 1 tokens
  Sender: AaoPzyQMw3dVrhtBRFkdbHBzkGcr2Ra9gvDpA68DULr
  Recipient: Y1iUozoALJ7qc3kmJCCCdoNBHnp345TnPyBRfVHBeme
  Recipient associated token account: 7GzdShP57ASWLdgx2BEghXnQDNawMtxD7T5P8E47Z4JL
  Funding recipient: 7GzdShP57ASWLdgx2BEghXnQDNawMtxD7T5P8E47Z4JL (0.00203928 SOL)

Signature: 5wQ1vg3cxaSBBtYM3W8gCGFrDR1839p7CduPDERBaa3hbcy9he7DpLz1nUpHDZpLY38QEN4xevVmaC4M1JzFkB1d

Transfer 1 tokens
  Sender: 4uFwq9X2D4HfDetz8mbq2jVUjbrzvQX8iw4dLheP5vzx
  Recipient: EWC6ESChdBqExhp96XPMLXR65pXP6Ftuh1pPAVws4pmk
  Recipient associated token account: H56EQ7h7ZEeQbFi4XBXxCfFCrz1TpNP1Ss8qACvQnYSx
  Funding recipient: H56EQ7h7ZEeQbFi4XBXxCfFCrz1TpNP1Ss8qACvQnYSx (0.00203928 SOL)

Signature: 2yabX2Yk4HPgLuXERbgVMkGStSitFB4b6yKTSsKwzYtxe7AbtN5jf1mMDK1eQRDgRkUqqyqpetHugkf4dkoGtrD2

Transfer 1 tokens
  Sender: 8RJJKNepL4F1pxNfPkPPNwrghpXCbfzKLCLn3DtF9AVb
  Recipient: CqGDBUWhmUZvfq3u3Umhghk6YGVSMvHNvG3bEpy257Hi
  Recipient associated token account: AyfgYFJqpQB5Cs5vQs8T2uJv7YVyJ4fJUYxPAPAKLB8k
  Funding recipient: AyfgYFJqpQB5Cs5vQs8T2uJv7YVyJ4fJUYxPAPAKLB8k (0.00203928 SOL)

Signature: 2icvoWrdSbsM5nBq6qL4KgdBUB6ydwbsxfmjh87vXLZaw1uhcVpxcBRyCL1nEwutKhUgLdsED48xdmdsNypyAfJM

Transfer 1 tokens
  Sender: 5wPyYyrjCTWBrLf3nDBtEmyKhFHJEsHuWhFD3R4TQWZo
  Recipient: 4MYxCzrMbXFaRAJSUHS4TBcVpEcCshbdvjFnR87oZCre
  Recipient associated token account: 7RV5yRN5NyN3NQK3hLveQ54FbzmUGdQdfqXJyu2ibefq
  Funding recipient: 7RV5yRN5NyN3NQK3hLveQ54FbzmUGdQdfqXJyu2ibefq (0.00203928 SOL)

Signature: 2NMoehPogb8AmU2yU1Vp2uBGj1jkrY9CWDtYkW2D7W8AbThpNJDzQ7fYedRa9Qz2hS4bs76zNe1K7c5kLRKiS6vP

Transfer 1 tokens
  Sender: Azwb6Ysi2yXMkAb7diKBajHhT6JBaCrXuAotEwtXNuV4
  Recipient: AgPhAsvcwPfT8bcAQxfyvymHdS9enkCzHDZP67ihS5YM
  Recipient associated token account: GA9Z5NpVprU9eKKv5DteXNJ67LMC99tEW7bnTNMFEpdn
  Funding recipient: GA9Z5NpVprU9eKKv5DteXNJ67LMC99tEW7bnTNMFEpdn (0.00203928 SOL)

Signature: VW2hu2hBzJQom4aJUk27ToH59Lf8kR6iS1WFFWxGuaq8bDy5xHagyDXkzEm3EdRnb6fM5qPxb53f58y8kPGHkss

Transfer 1 tokens
  Sender: 4yhTTf6fbMyEUATEZBg1ZjsCpTjEwnBB141R1Y5zgUG3
  Recipient: uMLELXXVahTQrXTMmiHNP1jxA8J5rK997kkHrjxXDfj
  Recipient associated token account: GhNfXdRkETzneTid6opMEHquvpJEjXwh3raSLKWvNYYm
  Funding recipient: GhNfXdRkETzneTid6opMEHquvpJEjXwh3raSLKWvNYYm (0.00203928 SOL)

Signature: 4EtnMemg2vRdY4JqcMUaS3hnNekPP1NCN5CobA2RrAHpGLk6Uqe7MMHkQGRwJ1K5npcpeYxxRwpM2XjZpNR7zuWY

Transfer 1 tokens
  Sender: 5c7paTCoJ79Y7BVNFxDasgd6sYRExo4wfY8fwZVAyT2V
  Recipient: HFPaT6WKk9SkwtYVZ5m5Sqw7ZbyehGu9GHjsctigm49S
  Recipient associated token account: 6i3M58FVcZr9CvQbPipubUyXUoQzszrQzHtMiVK87hYC
  Funding recipient: 6i3M58FVcZr9CvQbPipubUyXUoQzszrQzHtMiVK87hYC (0.00203928 SOL)

Signature: 2kK8vJ4J4zr78jSesbitcVVdhTB5Gigd5UvajmMhkaXdxjF9ha9fGasMTdGAXkcW813ViQ7hLyRZ3GvKMPU6y1xe

Transfer 1 tokens
  Sender: 27MymkyMGAoXDvfgZUDbENvLJQAphPo5gwZYKcKTnUhN
  Recipient: 5t5pfR6Rz1f6XeLX7ribnVFZcY7pXLRbcdpEqyoFUnA1
  Recipient associated token account: 2mmTqg62wFLJv5N7dgmbu2wFoRN6biZ65JrzNwi4mUuG
  Funding recipient: 2mmTqg62wFLJv5N7dgmbu2wFoRN6biZ65JrzNwi4mUuG (0.00203928 SOL)

Signature: 3gpx81EBqbDrceyHdmVfthHHnze7kMmUgHkXCvxGGngtrp5umi9fZBgZ29MxiGtj2iCfAfqrvoPtT5h3hArUUuz3

Transfer 1 tokens
  Sender: BUE2QPdYc1fLHgP6x7VzXsxhoDgWYncRVntx56NgDhNQ
  Recipient: E9T5NiubdouJLAXTG3YE6AWHBgC9XhiXvoARR3RwyUMe
  Recipient associated token account: LdzdqF5TctK7kmeNBJTXs8FraQJRTcHSfQMuTwd8mKs
  Funding recipient: LdzdqF5TctK7kmeNBJTXs8FraQJRTcHSfQMuTwd8mKs (0.00203928 SOL)

Signature: 2UnSkdsQCictfQNycNVesgkDf63HAcTq1CjyR7D1VF5mHVMpqvwi9CQKJjNT8m8eUjnwcF4KECUH5gSU6R3BAHus

Transfer 1 tokens
  Sender: E9YWM6jb6NqTZQd2qiVxdjHouhbeWQaNtKp2Xk7h23Jp
  Recipient: HHkbYGkcS9Dz9g1SvxrRSUb5ibiM2mCircigQqYqPkqj
  Recipient associated token account: BJaCxkqyKnAPLMM3vCRTqZExfdEJu2WzVbTYyiHNJxWq
  Funding recipient: BJaCxkqyKnAPLMM3vCRTqZExfdEJu2WzVbTYyiHNJxWq (0.00203928 SOL)

Signature: 4LaPRWGrNfB98kdFMpbMD2Y692nEzjSWNp59GwXQnWTWHZ4bWMdUvnomt8cJsTVwoj9VuKpGzqnfXYkJfkkpjR3S

Transfer 1 tokens
  Sender: 2AF1mcnB2nnir7e32hYiYu9VyFmxoxyFaR8QUR8GHbFc
  Recipient: HeohjHu8jiJ4gpEYnGakdfv4CxaFcCAS6iEfjLM9p1Ha
  Recipient associated token account: 3xCvGGe96BUy7u5VCuAC86Wad24sn8s27T58j5P9YsBA
  Funding recipient: 3xCvGGe96BUy7u5VCuAC86Wad24sn8s27T58j5P9YsBA (0.00203928 SOL)

Signature: 3gkC2Nz7XqCnpcQNcLUbsvAEaKAtcCxAgbTe9iCVVoJgD9H5BkYxs9M225RvxX9zMgURCf52db58Nwzxoho5P1WB

Transfer 1 tokens
  Sender: 2KRdvzWuQavvtXhUb5Q5k1MjEBkGvqVu75gwNg1QnYVX
  Recipient: FUfFsJeSvKzBbSLDeHQhjNQZPFeVo7KxsPf4VLExoCxj
  Recipient associated token account: 3Yvjs2KtqwpUXFZmAGQNdRdAdNPQ9St88aQLUae28CpW
  Funding recipient: 3Yvjs2KtqwpUXFZmAGQNdRdAdNPQ9St88aQLUae28CpW (0.00203928 SOL)

Signature: 5wTUnJXHZkdRmb9dCo6KgKboweDHjPhNQhYfsEBPAuno8rUtqoCUzPGEQUCmYtLWz1xckSXuuqZy72tFDaG66dnF

Transfer 1 tokens
  Sender: 5hPKLkuMpCx9DghqnrxGrnobGJABRFCk1QQGSdqhv8df
  Recipient: H3CWZnEkGhPAhzXPXna2oxZe7jNLJkJXwuiFo6wxBkET
  Recipient associated token account: FFtmuggTCeknnfvd8Gs6ymVqJ8or33gHN8YEQM5pNGUV
  Funding recipient: FFtmuggTCeknnfvd8Gs6ymVqJ8or33gHN8YEQM5pNGUV (0.00203928 SOL)

Signature: DPQzao8LXfAfWbQeczhDKt5TJvAQfE1KPKdayncMzK6Cg7dvd5xXmLVdZ9cyFuYZqqjCjRBmybHqC3NfhXh458i

Transfer 1 tokens
  Sender: 2qsP4r9WJ4syEox4EX5EY9sQ29sKi9hv2zguXKAvJVX6
  Recipient: CgeQQY2g3ZKXSPBdTVa2sZ6Eet3456WfG7KmrTLRh6MF
  Recipient associated token account: HMYzoTRxgeEvDcqdUSq3KjpT5quPD4KVjpa37RaiGXbZ
  Funding recipient: HMYzoTRxgeEvDcqdUSq3KjpT5quPD4KVjpa37RaiGXbZ (0.00203928 SOL)

Signature: 5cAzrrWjyti6zBdkD3CwaFnnhW6RggTZ8Gi3B8WGG42hNA7VqHQDL3ihqJy1rLNPqT2JVJrerUZViDJiYt85Fcza

Transfer 1 tokens
  Sender: 24dg9mE4JwS8xxYUP7fw6ejjBkhDGBKPPdgrsuqChzKg
  Recipient: HSo6fpKgLhwrN3L2iLxkMLQi2g2uSLcshMWwMBCh8pD2
  Recipient associated token account: QjuerCs1rAkYJQZV8enJQZvMfZjRUXzwWuCqj96nfev
  Funding recipient: QjuerCs1rAkYJQZV8enJQZvMfZjRUXzwWuCqj96nfev (0.00203928 SOL)

Signature: AoWACeHoJHAJDnCZRC5sZKvnyQiTKBjSxPvDZVcWEbMLc1x5E1Q7yi94Cs6b9YrPkZeniRN5PJeE3RFndMbXfSx

Transfer 1 tokens
  Sender: EgAALQYQkFiYp4UFxb8EkYh8ThKnsd4CtwYYH2MDQYdK
  Recipient: GryqvMoqZFnmTxVMduzUQt4RtCZZCTKRZwLNuL4KyKsa
  Recipient associated token account: ERTyYFWNy7dp8oVwA91eAgtJYGPPpdHsGkkQ5ATYR8TH
  Funding recipient: ERTyYFWNy7dp8oVwA91eAgtJYGPPpdHsGkkQ5ATYR8TH (0.00203928 SOL)

Signature: 5T7UNKZGTuMRpovCGvoKnykvkJhpCGMXU3qsBNihJVa64m5vvh8aNdJXTak3zzuZiSHCveAgN66WqZjA1mv4SkWv

Transfer 1 tokens
  Sender: B3TKkFqXEc63Hdq4Lu96gdEFrGm7hrwACqrW51Rbbutm
  Recipient: BSWrvzk5upP2q8EfcZ31RcKemhqpPH5VTqsoBdHaQLXM
  Recipient associated token account: 7UMxt8PrEDBu1fNJWqRjGaXmeujxJmg294EtHwZYmBcv
  Funding recipient: 7UMxt8PrEDBu1fNJWqRjGaXmeujxJmg294EtHwZYmBcv (0.00203928 SOL)

Signature: QAT3snmpUueGzXbDgGpag2ExgjweM14zpGFhWsN2kSjit6JmdwAqnngUU342bct9TdPKx9wx7nJ42zBXxWSTgTm

Transfer 1 tokens
  Sender: 5T7jKu9mZ16XEaWwkr22GVnAPbGvbiB5kz767dSWgC4J
  Recipient: FsBMd5URieGPWAyTsYpogM9URzyXo2oxznGbHZJARUNA
  Recipient associated token account: 4k95zkuEfSWZY8gA4wFqEE4cGw3NzW3vRGAdBPq9hxzU
  Funding recipient: 4k95zkuEfSWZY8gA4wFqEE4cGw3NzW3vRGAdBPq9hxzU (0.00203928 SOL)

Signature: op42wBkAmHqV3qtEaLhmaGPpt4tgsqYES7mCbFkwm5d4mVHZq4u1nQC6RyEdrEz4VpU8RNRqR6Yw4zPxcTeGGkD

Transfer 1 tokens
  Sender: EHkjJe4EctpQasn396b3jGsZuFgLvLK3XPESiQdp62EA
  Recipient: AEUto3eFWHLAmmVRq3Vo2fmHXwte525jQGG6D7pN4RRd
  Recipient associated token account: 4a5x9ymHYT345TUmiZmywCqnLt1DmgN8UnB52FJFSx9L
  Funding recipient: 4a5x9ymHYT345TUmiZmywCqnLt1DmgN8UnB52FJFSx9L (0.00203928 SOL)

Signature: 5a2nUe9NM6k9QTeVP15nNibCHLEmE1AVv5W4ZsA9mjahSvFq6P7BHBEt72ib3gDWbjHPPs8TrpEBcAyPr82JAAG2

Transfer 1 tokens
  Sender: 9DucxZRyknPiDVFgAfV7Aa3oF7FQpMnxxZEgg84s12Pp
  Recipient: 4CVLbLUcNUdoXkb7GhEJmoPgiiv7G6fistNWu4Rx6T9L
  Recipient associated token account: F4mXUKqahhHvDQHaNeQWEE3ZhwdgNDyyU3cF7ypKev1G
  Funding recipient: F4mXUKqahhHvDQHaNeQWEE3ZhwdgNDyyU3cF7ypKev1G (0.00203928 SOL)

Signature: 5bUzwtcMhDZ1Z8VpR2f69ks6C8DiLPP2KvhXpHx64brFbFNGzQfadTMrL2HisJBCmN9QJMcGS93GBDZcnbPAaewf

Transfer 1 tokens
  Sender: CnEaVf4e961zG9fWHyi428sLZCmFNu95mzsttMPQWzXX
  Recipient: Ai8W7hPXbEqSFRARx5svHbpGUNnK3kgqDsjoHXRZtynY
  Recipient associated token account: 2AyQAAZRUhbNyDP7WBSDf7kukUgq2b48FnhaTPqdb3d3
  Funding recipient: 2AyQAAZRUhbNyDP7WBSDf7kukUgq2b48FnhaTPqdb3d3 (0.00203928 SOL)

Signature: 471YRkpvWriLx2jfeL1fa1V3gu6Ec7xbQnbwK3oJsbKXACsnQ2ULXJeFgxmLZzNRDTAQqEEk3Q7zHgytvBz63bmD

Transfer 1 tokens
  Sender: DfuPUNEH4Dwmxf6JsBcSLDvxdcvGaLScHx9oGhDMCfnc
  Recipient: 3H1wvZqJgy2v5XxaMLFVtRnMeN6H1t7JrenehfQcn4qk
  Recipient associated token account: HzU1nBigMp7PC16rpMwgg9KMzNi97gXBkvKtMET4Ug4C
  Funding recipient: HzU1nBigMp7PC16rpMwgg9KMzNi97gXBkvKtMET4Ug4C (0.00203928 SOL)

Signature: 4dApo6KKYAj8V5nvwMGeBGwbxkR2xQzicfnvJiKw4jRqPpH3Su4ZdwtwD22TVGzT5E5vNs8cGM5rNL7Rz9nFkXRo

Transfer 1 tokens
  Sender: CMmVkMBCtqGnAs7scoRsgePJcfzfXG386RbBFqCCfLov
  Recipient: 3adymN6SW5iJUw3PJmn47noPrBVg3QimnPFQnSJhA3VC
  Recipient associated token account: E4FiDvSQ5pJBP8afnN4xju2f1fEtnrXWL2o4QDGhbgAQ
  Funding recipient: E4FiDvSQ5pJBP8afnN4xju2f1fEtnrXWL2o4QDGhbgAQ (0.00203928 SOL)

Signature: uJnomMttxJpevdTatjLMgheNftcL6pv7BfKZeiorMsYKruDGVWaAsDTtqpGkqUVrX4iJcgT4V6jht46qoQyivfi

Transfer 1 tokens
  Sender: Apteu5kLzSP19XhsYQWYDBkx9xr3UV97cBK9g279Uha7
  Recipient: D33AVStLgB922CBBtPnfdzvrZSRFzoghJvSL1ckPnPzw
  Recipient associated token account: Hu3eoeyDKCHEnrkv1WWyWiu5YE55UZ5UAaCUFa9c334
  Funding recipient: Hu3eoeyDKCHEnrkv1WWyWiu5YE55UZ5UAaCUFa9c334 (0.00203928 SOL)

Signature: XKCyfWrWLNffULUGuX5vQ52h2fkU8K4ZUawfX177rrUb2joAiz3ME9vo4ELoWNndDhPzpEwDDXgSWp1gRcdVXyR

Transfer 1 tokens
  Sender: GUjXovcqQH4THqEp8VvvgvBcL2LceueYpd7wkz8iC6xk
  Recipient: 9EA2P2FerQqzUV7s167v9fxRaegRHrFna18PmpJZQ8GS
  Recipient associated token account: J5fcRnpgsGwvQXXKQSq1HEdaNyQi5AuCQm5TqZW1SVLc
  Funding recipient: J5fcRnpgsGwvQXXKQSq1HEdaNyQi5AuCQm5TqZW1SVLc (0.00203928 SOL)

Signature: 45nE3yg4kkiTDbcrs1tKMfS9pgeDooU9vNXXeyUbyEz5KmHsuytFDkbjy16LCFojHhBHNXCGzNGZ24jZMMVGApsy

Transfer 1 tokens
  Sender: 4Qtx4pG7bYW59Zsem7gS572hP2w53bMcLrg2CYoV35vp
  Recipient: Cm8cYtgtfyULCzisqUnMg68aqqi12PGZScouQfJRfrG3
  Recipient associated token account: 2aC2gTqT3ScbjDVVLSHjCCHtpeaavwf7LMnajMLiUHZG
  Funding recipient: 2aC2gTqT3ScbjDVVLSHjCCHtpeaavwf7LMnajMLiUHZG (0.00203928 SOL)

Signature: 4BF6mT9bsPwhJJL7Pwbc7pxNLKJJC1fHCGemPcHESXKjeLLRWfbu7Fo6chK3C2TqjxDt5GbUoMVPQqTz7csZsNdQ

Transfer 1 tokens
  Sender: 3efEGyy5AHoSWezzcEV1gHz5PNsZuCKCrjxpXpaGdfsA
  Recipient: 9oQtrYdYAhfrwgmZGShvot1sKac3d96rm5iDhs6oyucL
  Recipient associated token account: CyEYSvnYBwU2rjJKro1h6G1QUeU53iLMbTuYfbWJAPxt
  Funding recipient: CyEYSvnYBwU2rjJKro1h6G1QUeU53iLMbTuYfbWJAPxt (0.00203928 SOL)

Signature: 2dd4rGaXHLJTW9BMhQuweFD3GCbWoFTobuNd8h7w4mNxnYfvNBHm8MNaLDkpfKGD7gVCDrSor2hqd2PxSP21JWWN

Transfer 1 tokens
  Sender: JDKyBpK7vSQsQuFvpjx3w9st52kafU3BhVPXc4sSbdiN
  Recipient: 6so6mycpRfQPHDf38uMDw43hhGxzZHU6cXfUhF5CUVhx
  Recipient associated token account: 44U5vhastVA4xGV33PpN86H44vkgK8j9ZZ6GuoocxcTB
  Funding recipient: 44U5vhastVA4xGV33PpN86H44vkgK8j9ZZ6GuoocxcTB (0.00203928 SOL)

Signature: 3ujH7igCWQ9uTqe7hQ6RLRAnFvXk9bjD7mfzAyUaBXA82t96SWwCQptUta24TE7rRAHX5iTDLapjpvGEMR8e2Sjn

Transfer 1 tokens
  Sender: FX7EYg9gShxXfpRRy5WL8P36gha4RXWrgRHeJNprqHpu
  Recipient: CWiXLx6juMmaq33BPXGJ1k2DPqzfDyCQWoAsUUe83CqP
  Recipient associated token account: 5N3rhRT624QR7xMGv4e2cs8j8tzNGZTwj14mF4dgYBud
  Funding recipient: 5N3rhRT624QR7xMGv4e2cs8j8tzNGZTwj14mF4dgYBud (0.00203928 SOL)

Signature: 64d6g9Ydr4iNuh9n9jZ84SAB2QZxJxp1QYXBxGscBUuJzaS235XMFbmBLCXaVnrfuEJDvDfwRD9sN6rT8isVEysE

Transfer 1 tokens
  Sender: FnWrWiNoeEe8aHM6a2fvRVLMZTrvTBcMRLeEYq48EZhq
  Recipient: 2pxTva6zNPVrvHKz44NH4GPYiuVzzUJqeiNosqHGYdVH
  Recipient associated token account: 2a8fPaSoDecHZruKdRseUQCt98ejFm5wAozLNLMAXf5A
  Funding recipient: 2a8fPaSoDecHZruKdRseUQCt98ejFm5wAozLNLMAXf5A (0.00203928 SOL)

Signature: 4u6bKfwM2XLnLxFZnjne6YCLqnhv91wcj4q2UD7LAB2zfvcCG42kxdV3x5LNtztsvqHzdKBXu9H23ZMgbUKjath5

Transfer 1 tokens
  Sender: 2gUoTeRN55DxeTPxpG4nWZQJNMmC4QL4AQq2dvHyfPbT
  Recipient: 8zfdGUKpemtzs2Ypb8reoN3A43o1ZkbwFCBNzpUeFeUo
  Recipient associated token account: 23KRwbowtuBfM6huU5NFNj2acz4vqBnfuo4SudNopPZe
  Funding recipient: 23KRwbowtuBfM6huU5NFNj2acz4vqBnfuo4SudNopPZe (0.00203928 SOL)

Signature: 2KvSdK2ddzRd4bWAmM9dGzdpwLqWeQhvQVFuKVrjhiCMWes1Qd6YZW5XdfeXNosPCo3CZrZwqwRS6gqPdHkvwr3D

Transfer 1 tokens
  Sender: u7V2wvJXJKpQAx8N3nxAEHqDBEF5uRaVq1C37GMn2r9
  Recipient: 8dP7pF3UR7aRGrkgshVUjodLrjg1MQ4LrnKFqytrdan1
  Recipient associated token account: EPSJApBkCUZF7SKESYaX9sgTJzXrpcTLgW9frzgEXB19
  Funding recipient: EPSJApBkCUZF7SKESYaX9sgTJzXrpcTLgW9frzgEXB19 (0.00203928 SOL)

Signature: 2CwZQ3s6vTXrJugzzszAqLdfZgscsT1JpW6fH53D53Fxac4VVWpdVg6ntoURgYdpP37z2KnNvJUPGN9sgeKFkGwM

Transfer 1 tokens
  Sender: 5i8AxqyAwajmmFV2V74WjPuVdwkkUvgUgKBKGaqePeBa
  Recipient: 4GSGks3QkdGe43mwTdfKHsPydWMwUtukmPuYDYvsmrmZ
  Recipient associated token account: B6ai3P3tyiX4dcRxBFVResU2Fri7PDAk7SRr7YDU4Cw1
  Funding recipient: B6ai3P3tyiX4dcRxBFVResU2Fri7PDAk7SRr7YDU4Cw1 (0.00203928 SOL)

Signature: 3EGYXYA8rZgHu7dmj9GbAGj1RC68jSuQd8dgjzzj9WjHv6G94sP6jDM74qQYJzQe6hptEsWw15nFAUWJnC4AHLd6

Transfer 1 tokens
  Sender: 8W2M6BcmMZsJ1yiy2Cb6u5wzkHRbu8Sk3no1iGLhVszg
  Recipient: 34YsPVjERhtDyXnGFWRyqrwxCpGZvVRkG8SQrR4P7QLH
  Recipient associated token account: JDGsFwxc3726e89ru5gWA2ThkPVj695wZY1E9XCXPSs
  Funding recipient: JDGsFwxc3726e89ru5gWA2ThkPVj695wZY1E9XCXPSs (0.00203928 SOL)

Signature: 2qn3wxd3UvyCcFC6mFmoattGZQANABuJ5zp6oD2nmkDGbYrsdyyRZW1vxxbe1qWE3PBdpiuKubzSgzgD6M2q3EbJ

Transfer 1 tokens
  Sender: 4Pri2UP3HjvFwyizEYdV5baok2RezzXJ3V5xJmZ51NaE
  Recipient: 9EA2P2FerQqzUV7s167v9fxRaegRHrFna18PmpJZQ8GS
  Recipient associated token account: 4UbNMw5imHmmD5rsWca1cPMyWoPYCayoxcMFGM6bXdNN
  Funding recipient: 4UbNMw5imHmmD5rsWca1cPMyWoPYCayoxcMFGM6bXdNN (0.00203928 SOL)

Signature: 3wEQfknz7Yysrp8C5ySe4ZS4YjzQeLmM7oP9Ydi3RcHJ9cFPXpHBV9hjZobmGJXet79ewTLLJi5FsEBrKbFtVdvb

Transfer 1 tokens
  Sender: 6DNvzVx3a8HZZ6g4qVRRa9DToYzbATJmh7786R8VJHjN
  Recipient: H3cPyRGXwmReAMB78A8guetqPJLekVXM5DXK92ueCLfE
  Recipient associated token account: EoGSYwHZTKJDpnV53TR5UGUXs2vobCKuykGXuTMHKeqW
  Funding recipient: EoGSYwHZTKJDpnV53TR5UGUXs2vobCKuykGXuTMHKeqW (0.00203928 SOL)

Signature: 2B4fHAJc5Kd9ifCxq6i9mm4btxv3UAwhy5K51x9mU47pWWbshtAZT2UAbaeQDzjYkQHqEr2LrAqJDP1KzWprUXBi

Transfer 1 tokens
  Sender: 3q6saEqPFbu1PNHoyybgzR68xiA9hp4yfV6Ek3tjHESy
  Recipient: 5ssu1FQCAxLQZUbSnFXAuPn2eDaZBTWkc5QBChh2yxAa
  Recipient associated token account: 12hVxeoG2EHRVKb92t3QcbwX1veuUYnZWXTeho6ooN8j
  Funding recipient: 12hVxeoG2EHRVKb92t3QcbwX1veuUYnZWXTeho6ooN8j (0.00203928 SOL)

Signature: 53wnR3iBDw4pWGWY3nThrUMHSEU8UCbx1QxWxVvzhFX5sndAArMYyY8Hq5Tmwmi81XTkMrMrvvo7yGA1nTQdVBxn

Transfer 1 tokens
  Sender: HhiyUrghFAwffVXiqgiUoDqMsNo1wVVAMN1uDRxppMoG
  Recipient: 7HSQCCHvV5iR9EJU8tHh3CL1M6XDNYsU218MSWLzYXHE
  Recipient associated token account: Gdkd5QmKFBTbnwtppc83CoAZzpxCiEM5h6dGq2wvB2ea
  Funding recipient: Gdkd5QmKFBTbnwtppc83CoAZzpxCiEM5h6dGq2wvB2ea (0.00203928 SOL)

Signature: 3f5aqMcAs6mHEqKwzGF6RLoeoS8txECBiTPUKEyAcgJMNs4bPetMUZQYWbUmu6tV6FWtfAS85w5KFrzTab4GcYQt

Transfer 1 tokens
  Sender: HRNFCPWa5Mpvn1dHTHnjqupEuYn2cPrhvD6ZAhpbhPhC
  Recipient: GxuSFHonL3fBzBy9WiLrQERFTs3PdQxQCz7St3zpJvVQ
  Recipient associated token account: 5BtwaSYCDt4qc3KMPTEEa2S697kqFWBiaA595BaKCup5
  Funding recipient: 5BtwaSYCDt4qc3KMPTEEa2S697kqFWBiaA595BaKCup5 (0.00203928 SOL)

Signature: qc58ZnTH1RxNf3mWfPZqs1cASapjLmgLwtEtnhfPi7qGg9X8nRoW3r4bEk2WApaiP7657epoKBT4hftu9ho3qTu

Transfer 1 tokens
  Sender: GoNrdHsFneSWJZBe31jB7n7K6mgwikEeWcSMoW2SCCWn
  Recipient: FhigUHSpoFwV9A1F7esGKqYsjGs7m2dsHgWzhkpxcXh8
  Recipient associated token account: 5GtkKdEzZxKBdEnpeBBWKsM9s1mMdgn4ryk8zMjED4Gm
  Funding recipient: 5GtkKdEzZxKBdEnpeBBWKsM9s1mMdgn4ryk8zMjED4Gm (0.00203928 SOL)

Signature: 38F9Ky85uoS2jLfkNaBEtXWz7Bd27N1q8rr8aGnYNWaebAEuZrnQ82iAzk6w5dN3BZbFHFusfV8LpjiYinb6xRpS

Transfer 1 tokens
  Sender: GbrJ6DjtAPEixqiftQewrVFTg4tbpnR9nQ3Dt2ft7VGi
  Recipient: DDRe6Hnsx223n1t4gU5QLYhS49ymf6JTLBBDiYPr7o1e
  Recipient associated token account: 8TXWdpQaYRSAzpHnRT37wpH9UNFgm72T4JXYNDDDczFJ
  Funding recipient: 8TXWdpQaYRSAzpHnRT37wpH9UNFgm72T4JXYNDDDczFJ (0.00203928 SOL)

Signature: 2sW6NzrS4aZxmRj6FjsrySL8EvLpW8WmLCaT9jF4F1twTEVkTumkseJ76sr4V2BMHsq61attD6jSCk1CcAbB835e

Transfer 1 tokens
  Sender: BTgmEDZgYJTWWEhrcjzBGFyJWBPJnjibA55rmz2FvcQy
  Recipient: 8kX16Yj2WBCz1sPXcimafGrutQkw3s3Swe9sR3gt3cC2
  Recipient associated token account: 2umeyyruPsXaCusqbMCFprchqXSMbfFrXuJUcu2BsVYn
  Funding recipient: 2umeyyruPsXaCusqbMCFprchqXSMbfFrXuJUcu2BsVYn (0.00203928 SOL)

Signature: 3AqWB9KvzGq3QzuBNGQ8RwETSXKE1SmgDyYKaorUEF27pEcuTP4JqxCCsCq3xHAjG7Zu9wS8yQHg9f1ZnKdWo5TK

Transfer 1 tokens
  Sender: 4JRLayqs6krZVcBrdwVJ6dun9rdsnBSWz8ojc2TVf24A
  Recipient: GY9EGS8WhGcmzELvuBW9y88TuKi3GxeqhG3cSsoDkF9u
  Recipient associated token account: FVTippGsjkwhHM9WNk3t6Pui9Vus4XnXwu9Gun1kx8Bp
  Funding recipient: FVTippGsjkwhHM9WNk3t6Pui9Vus4XnXwu9Gun1kx8Bp (0.00203928 SOL)

Signature: Qw8twbyLyqznUn38Wo3F8qKNxmRsw3MVcU64ButHHDVuGDBbeadvjQYuXKBPttn5RHqGBTf4jevF4GM6zpprLjR

Transfer 1 tokens
  Sender: FMyUUez9oRqdCnNKswLtygvekzw3C6TnpzGh73YHqpEt
  Recipient: H7E4JB8ebHaoKQe2Z3NAwXniKcuy7VVuAoycx7PYAbE9
  Recipient associated token account: 6R7iRN1m1ZdWTGXSTcDS6jzbmXqv2VNSQDU53uxxp65y
  Funding recipient: 6R7iRN1m1ZdWTGXSTcDS6jzbmXqv2VNSQDU53uxxp65y (0.00203928 SOL)

Signature: 4Nu9fn6phGmQe9NZBNMRWmGLbsCBeEyQ3yrovveFM4p44wnFpVrzWV2PxYNNXJbxUKPVFBa8Uc61NHTEBs25fxzM

Transfer 1 tokens
  Sender: BdCz35Afd8BRQ8Fui9SpSuQVMgdkigPzg9J1uPsoqUvJ
  Recipient: 8ZCLGsEVrqReMp2TZMd48aYxGTGkbKZXfJC2EK8HyiF3
  Recipient associated token account: FmBsAN574Nk7kRt9kjcGYVAb7rNuGhT3GJgWxNgRgRjA
  Funding recipient: FmBsAN574Nk7kRt9kjcGYVAb7rNuGhT3GJgWxNgRgRjA (0.00203928 SOL)

Signature: 4SYBDyTyJx4ZzipWqQPpjT1XpQ4FxEsXZdMSvdJtj1RzQLw4xc3PDmovomanccmHobXECFuTzqtacjbubyB2jdTq

Transfer 1 tokens
  Sender: 2QzACNkKeCdA2SPjpBPDSvTCHZZ4UykE1NP3VntyFxwo
  Recipient: 7o4NoA1g1asZzi8D4fRPjVuDR6YkKGhLRwVbEFfmRWX7
  Recipient associated token account: 4GaBnELKw4hu7jNrzYQ8ao6xrL8yvNGcrwR6w2PnMBjb
  Funding recipient: 4GaBnELKw4hu7jNrzYQ8ao6xrL8yvNGcrwR6w2PnMBjb (0.00203928 SOL)

Signature: 3zQn1jfcD6nxQ7EksNw6qiKQmwoGG6KQKJepiKHSFyjEKa11qA7aX8S1pTfEdL9d8VHUsh6daxLNe1DQoQgfStVS

Transfer 1 tokens
  Sender: 8J1Zsi9tRVQXw9s6xuBiahUq1DbnfjKnUfWzj9ugvzSH
  Recipient: 3GFSEgAQb4niaJRPjKUFxKpXpyJjZWijgM8pnbk6GYzA
  Recipient associated token account: 7Q4Zvonq7SST9UhhEBaJYWfSr9eEmkfhD51kwDwBwVtF
  Funding recipient: 7Q4Zvonq7SST9UhhEBaJYWfSr9eEmkfhD51kwDwBwVtF (0.00203928 SOL)

Signature: 3gj9KZ6SBd9AefbY2t4R8CYN3xR9cDQPgRPweCZRFTkpnAEQnKSRCcEB9BSxYsoKitAm9NaaPNC6kDivLMaDy782

Transfer 1 tokens
  Sender: 2yxbZqDEApLWsEvPp86ok5waAw83jAZrHMfhGgz6Z15J
  Recipient: CWhmsKsqd8rNLussMP33gG5Fc2KHCSCx81CWeYYXHCBg
  Recipient associated token account: 9zUmAYyBHoF8Xe4rEHnxVfbg2J3Fn1rv8ngDWtu6PzGZ
  Funding recipient: 9zUmAYyBHoF8Xe4rEHnxVfbg2J3Fn1rv8ngDWtu6PzGZ (0.00203928 SOL)

Signature: 5rEjQ8m2PAEGgdanbnfLPS3MLag9KkPdws9CXuR2yCskPoXUbJ9GBcCAdvQt1C6jwfvqfgfHSgDxCpr5ABAR5xek

Transfer 1 tokens
  Sender: BXf55upUUL3wAqwM2ThJCMSdY6S2zeA6fwSzMCTJXPJL
  Recipient: CGjEexuki8tYteRxpEEq28ivbcsV8aFmhJS3RTZzM7vh
  Recipient associated token account: B7bgYiJ8ja5PGMpy8eZVe1NEeeKi1NYu3fboGKAzc1ej
  Funding recipient: B7bgYiJ8ja5PGMpy8eZVe1NEeeKi1NYu3fboGKAzc1ej (0.00203928 SOL)

Signature: 26GP7zXx2KFFpTAus8DEmRFXGdYyezo2aQT333FSX7R7xPFCFeEU4zB8mPheU6eh7cA2Ddo3Q3e15ftKVFoZPiCT

Transfer 1 tokens
  Sender: 41KX7vmBcsGHTiHAKpGbS1PWr4YYf9VL2ii6j336EdUb
  Recipient: 2WkPKh2HqudssFdhTJRdj5q44oTwZrdPJQ2hGbgwMXrN
  Recipient associated token account: CnsgBjEAxfWPQ4U7bzJKyD1H1K4LXaCZLLoW9EscNP9H
  Funding recipient: CnsgBjEAxfWPQ4U7bzJKyD1H1K4LXaCZLLoW9EscNP9H (0.00203928 SOL)

Signature: kVS56d3bysDyo28v8sYXDErBS27gffqJWPuMNiqmC2sCGYtQSZv95oNyRUussnyBjc4P7ZNZdoZ8H8hoPMmBtj4

Transfer 1 tokens
  Sender: F5pdytWhe6hAJJhiufdnPHho9DGgZkSgX8Ud73ZKkRR1
  Recipient: NoKqf6yhqTE4jtYGL8Pw7W7xP6TV6k6ywgeqPRBnwhD
  Recipient associated token account: DebrfsWL1VHHJBPW5k4qBCy2nb6NzPYfaUvnt6MTYhPQ
  Funding recipient: DebrfsWL1VHHJBPW5k4qBCy2nb6NzPYfaUvnt6MTYhPQ (0.00203928 SOL)

Signature: 4gw2asFQSjug7gHafdC9BKTcabapMcHVz9VTC3EPxbbSvR22mgu5PZwb1hT6wK5dY9bQxZ13W9JQvnXkWt4X9UcK

Transfer 1 tokens
  Sender: Ds2RTcZRpGcfc5nfgLpzYvELcXkcb5j94FpZgCNYRLBV
  Recipient: 3ZKbSv5JL8eYCbw4uZs5cC45LDDYbgA1gdkQLB56VPVm
Transfer 1 tokens
  Sender: CuSQAHiUZ1p97rSx6Weqp5SdtvVNVM87DTKYEXpKoDKS
  Recipient: BenBVGSYGPfPqy4JD8zr1J3FYMC3dTMu8DMxUxGmPvx2
Transfer 1 tokens
  Sender: 8VypuLW7ixMVjMNGmAj31EHn6BxGMotZXZN25kuh6HcQ
  Recipient: DPW2UAVih6KavYPzUebvxrvQECDFD4nmaDy8x7ppcDHD
Transfer 1 tokens
  Sender: D2DpVr8EgaYDPoX3aHFHRQYP2aPh7pk9DTEZAAEo4KHi
  Recipient: AgPhAsvcwPfT8bcAQxfyvymHdS9enkCzHDZP67ihS5YM
Transfer 1 tokens
  Sender: BWgA11yada5qKoATbANYKYa9Scxa3sggtnotzFimHvXZ
  Recipient: 8kX16Yj2WBCz1sPXcimafGrutQkw3s3Swe9sR3gt3cC2
Transfer 1 tokens
  Sender: Akuk31haSM88PRZV8hiyqVPR5UH52SbUhDiRtwLZce44
  Recipient: SqSri3CM7V1GLSoKJJbePSt7UqGpEpiwmhnsJjsf763
Transfer 1 tokens
  Sender: 4yZvUWkrfpZueNZVF2aQ4akkgL1h34LgeD7NLsq2GG4A
  Recipient: 7P4Bb1pCMuYNveYhg2j445cmTRCEGp2eAAtBQUv7Jz89
Transfer 1 tokens
  Sender: 3hps8TJrbwAMgzyTY2qqq8QwuYUsiLottzmxwMTCFair
  Recipient: Hew6XJcEjQAx2Pi4GWogr68dmbST24g9xtumKBqvhkdL
Transfer 1 tokens
  Sender: 7qvHyi4qAVc1XH1N5BpKaGXKJBUxKLEURwPYcHYZe1CZ
  Recipient: C9u28tV9EcKf6iqCxcQvh8M4fnxtWU27vmS3gVwwVKSm
Transfer 1 tokens
  Sender: 7zEjYz2fvaxPjLHoZva3jQjomEwUKaRnn66cjk4ctpQo
  Recipient: 7yRmnAy2KN6bvvr1nKqVsiatrGv1vHG81TsjqPWsBb2M
Transfer 1 tokens
  Sender: 3NTnUUqGUwNjijziJHnMJtd4URbTYgcKoJ7DRgAp1WF1
  Recipient: RTY7RjhPpDabh6ky8mQudWxWH9XLZLCRPAj2CqRN21r
Transfer 1 tokens
  Sender: GemXVqQkqzk1o8thsCBT87czyap5iHgh6DY1vxBauQNE
  Recipient: EqPQKm57nesqbcWakEzQ275EmMPYtPr9WdgabV61qQ5X
Transfer 1 tokens
  Sender: DjmBzFszGFfcVEJGFfJJHrKHHuXUygjZ3P4pubriyJYZ
  Recipient: CTukU5WkHZAAwxpicJw9zMaKmUpYBPttWeZKsdhdgint
Transfer 1 tokens
  Sender: 2PY4jC6VPqV7dmjzgkR5hRFh3s6sGRDtb4RKkE6uvtCt
  Recipient: 8kX16Yj2WBCz1sPXcimafGrutQkw3s3Swe9sR3gt3cC2
Transfer 1 tokens
  Sender: CisYBX4zcz3RTwYi4KGb32oXJEiz1JP5uUSGxoc8BuTA
  Recipient: crpQUfqtr42Y1W5LgZjvjVnEo2nsmXhSuZ1EyomFCDj
Transfer 1 tokens
  Sender: DUZVALXUXBT1sa5koAU7sBqZjXgfiTzxb1EhAimeEmXq
  Recipient: B2HWFUruRZggNzsBRJHWMTn3zC9W3gYivhYr3WVqjaav
Transfer 1 tokens
  Sender: 49dHF5CionxMuQ7XYFTSC5G5mstgSjegv39Vvnu9Xc2N
  Recipient: EkrPmifHXbGk7PLeReSgGieStGYrU1KJQudkdvVkFgFD
Transfer 1 tokens
  Sender: BFWrgq1cNnKCBhgTTr4Cbs3Hy29ghfWRHnX168Vd7apd
  Recipient: 6uWDr6tgKgb2VKRVFrfJDAL3ivaTnSeAN2pt7aLoKbEG
Transfer 1 tokens
  Sender: 4ToZAp3KKyqhP7tyVEAQHSdn2Ey6Tumaej4PKq4XoWRQ
  Recipient: 3tA3yGZJH7PxjyskY7uqyoeFd31sWiF43KX9sMzbhd3n
Transfer 1 tokens
  Sender: 2PvcUXrgoAmuB4iFZs6T4tE86BsPfSLWmnmziWsouQe8
  Recipient: 25jd52kMzaJRcHYCKxtz92cUSUrPD4tEqqGqw3pnQbji
Transfer 1 tokens
  Sender: 7UbPzCYrMBwXYzWEPcEcdyQu3sj4h55StFgftPNghZGT
  Recipient: 6vGvGQDXPjfVExLZa8g9xfxJgFhMZtjkJ9nKrTLTrwBx
Transfer 1 tokens
  Sender: By62ysDFkyVXpNoqjVhbxodPcMWUE8UrXqpd3dPeQUfb
  Recipient: 5dNGzQh9sonyFUcTHrH6wiCczokUMSc79miMEysyVYjK
Transfer 1 tokens
  Sender: GeqgUtt2X2VMDXzcFiPrgS7tjPuVjCRx29ZQULWFejEr
  Recipient: 27TNAPE86WKjPw7wyEp39NSZpmDBR9peuUw2eNFqPvi7
Transfer 1 tokens
  Sender: 9bbuQhLeZHuG8d3j6ssmLBKizBmujcfe8M91SgHYEera
  Recipient: E6BdoEi3My25cnxbW39kHPq1Wo1pnqU3GX6QQP57XajV
Transfer 1 tokens
  Sender: CmytVZvZDSBkDpR4keQDAtbp7qcKYc2fEbPyhPDRbEtY
  Recipient: DLv4HftLESxZ7B78F6mBJW6S8HoYmJ4gLKJUs98CXQuT
Transfer 1 tokens
  Sender: FwbMGapnYwSMSsCbHq2kymAYYVR8kxcKGunweK177vJD
  Recipient: EXP4u9nrkF47uGs1ryEzNs6SbNsyriwcQ9a8dKNzzmBi
Transfer 1 tokens
  Sender: DAsHKu9wUSrMNU3qwTjEeVDVm2acPibPfhuyoQVNusuH
  Recipient: 97CaZv5Ra9pdzVcrtNF9PSZSr9bSB922n7GVC7evRAwa
Transfer 1 tokens
  Sender: 9tUmc5M9aKQA8xBYyG6eo5TucJGEPqeR1cZZ3k79NB7
  Recipient: F51Fz469okWs2REtK4L6USHHt63Ls6BeUAY49fQKrPAW
Transfer 1 tokens
  Sender: GF7ubLMwvJvN8UY4P7ko7G2DsbD5dWUBB3vCZNMmHsKe
  Recipient: CSen5Dy9AgY7tawJ8gtA1hyaarAoeHAEYqcsBLxpZ6bp
Transfer 1 tokens
  Sender: 9qviwn21sqEwefjXzuUqy3RrthJ1mZwe4jsqVnQ4SN42
  Recipient: BVFTQzEas8kMPkcugksaTTuLnQJ8ESxtLryk4ngdyvjU
Transfer 1 tokens
  Sender: GZqZQTLfCWy3S9QvTb4wG2mtes5gkygjTkWVkbbjVA1C
  Recipient: DJNqLSq1G5CiY5w4kWoj9pVVUXXgHoa2Uw7Ja2jBMXFg
Transfer 1 tokens
  Sender: Eon2kTrwhx2MmwPZMETuTSQ8unUpYRBWXWze8L5itKEf
  Recipient: AHFYN2pv4iPG4wGMTjfFXdXQjPTXMxBdLHvEDCBKqaBk
Transfer 1 tokens
  Sender: E3efE2btKPykjbvb84NS46eyMYhTk7ZqT7KoeSDZMYn8
  Recipient: EAdQAdc25Cbyyo6pEjPc3v8tJyTnBNsF9VJJd49RvzoS
Transfer 1 tokens
  Sender: AaoPzyQMw3dVrhtBRFkdbHBzkGcr2Ra9gvDpA68DULr
  Recipient: Y1iUozoALJ7qc3kmJCCCdoNBHnp345TnPyBRfVHBeme
Transfer 1 tokens
  Sender: 4uFwq9X2D4HfDetz8mbq2jVUjbrzvQX8iw4dLheP5vzx
  Recipient: EWC6ESChdBqExhp96XPMLXR65pXP6Ftuh1pPAVws4pmk
Transfer 1 tokens
  Sender: 8RJJKNepL4F1pxNfPkPPNwrghpXCbfzKLCLn3DtF9AVb
  Recipient: CqGDBUWhmUZvfq3u3Umhghk6YGVSMvHNvG3bEpy257Hi
Transfer 1 tokens
  Sender: 9Wa5mTRJEVuT5ewJdsiwwoZBjY6teX7fDyUMyCDrsGSq
  Recipient: 97xAKp8FjyXkiYqTtYWN9ArD7KxTevzaCAo7VCcwLAsK
  Recipient associated token account: D8iTZVnmEaK641Y9vXDAm3ZU71EEVt2UkYeiJVyx3s4W
  Funding recipient: D8iTZVnmEaK641Y9vXDAm3ZU71EEVt2UkYeiJVyx3s4W (0.00203928 SOL)

Signature: tjPkMGPphx5DsxzV4BuxMrg6FiWtTCxok5ZtQRzzp8bBaUXsVcUt4SLFJC5D9zLAL6x4m1hi42vjfDBbBpVSby3

Transfer 1 tokens
  Sender: 5TcqruEFWr2HcUEy6mib3WQVnA1Ca5byJMurQwyxbbNu
  Recipient: HHkUmGtCWDSy9juDafQx6KoYeAqUqpZetJrLDnvDCZMX
  Recipient associated token account: GV5cUYQs2eDqtfS3eZfvWiCvCfWZrLuURsLv13USVUqp
  Funding recipient: GV5cUYQs2eDqtfS3eZfvWiCvCfWZrLuURsLv13USVUqp (0.00203928 SOL)

Signature: 5goZMMUVaj6GbYztXVp3aYYwyzVzezdyRj3ys2qism8xVQnjaFc4xJqA5d5sJif9PKSq2qDHqYE9DyxCu5o7fjYH

Transfer 1 tokens
  Sender: CHD9RE8WpzPrx6hsLqRf3cCJfx8ZsFBTcHbhB1mLipVL
  Recipient: ErAwqzKVB9tWuZoMy7mK9csjB6pCqQaeHmxWy3SLicB9
  Recipient associated token account: Ey5YW5CN2oWpcTqo623dsDYMXuYHhrcChDaoH89YTJfX
  Funding recipient: Ey5YW5CN2oWpcTqo623dsDYMXuYHhrcChDaoH89YTJfX (0.00203928 SOL)

Signature: 2vHs6QfsHTT2tG11dkxWX6bFsgKiyMnWiPaUJoTZmBWTnrhEZKKXGa2uBqKFh5gVaNRZSJTopuGnHPvhsfT44djA

Transfer 1 tokens
  Sender: 12ZGj5PvkVMH4jK3khowiaN3apd1Bmp9rfgCymbh7fBj
  Recipient: Djt8jj26RL3GsTRkrifq9ntxYJyUQsqRY8Sgkxns3dUw
  Recipient associated token account: 2df8Lt8Nr29bc2MT7EwJQzyqdSCNdvhfo1CgWiuyyv3F
  Funding recipient: 2df8Lt8Nr29bc2MT7EwJQzyqdSCNdvhfo1CgWiuyyv3F (0.00203928 SOL)

Signature: Nw8keJHwoW8mz1EMSCW869P2Ww4GZbAQbmQMHHSAVBSvzVk9kyQLsBpjP7okqn2VhquMz8cDkCbFJGQFz7Q1U4d

Transfer 1 tokens
  Sender: CgqQnCXMCuKWB7Y8d92LGnuoP1TYaadBwBWvUg8PBqqd
  Recipient: CH3T1cTkevM4DT4PTc9ozSSBxLYLU6romerxjEDdq6Qx
  Recipient associated token account: 54RXh58zMzZuPWAugh5QBiRAbqpi4h7rmt2c5B1hk8v6
  Funding recipient: 54RXh58zMzZuPWAugh5QBiRAbqpi4h7rmt2c5B1hk8v6 (0.00203928 SOL)

Signature: 4rmqMBZoFHk5iRjjNx3kH6i1bwea7FWte1cBP1xyeohwrP1HPMXteXffhGjTtzXYfrjspx3vNq2i95Jt6RXTsbRU

Transfer 1 tokens
  Sender: HZ3SXHWz8QzNJBigDao9jkkTnHaxAaTtPndm78fTaryP
  Recipient: GA4RNAq8txnAwkCDNMJEKpRMAooMPRfDt2rModXmCMDX
  Recipient associated token account: Gs9YoP2kCWCgXYQqsKhzPQoT563SqpVHVKrqTGqRRe5Y
  Funding recipient: Gs9YoP2kCWCgXYQqsKhzPQoT563SqpVHVKrqTGqRRe5Y (0.00203928 SOL)

Signature: 3TTBQziaoXSZBdiz4zh8o6qAXJ3TesB7CZW8HwhqfeogexEsNDgKLNPNMhWVGTu6TP2ip8Qru32d1DLwhwRdyKgm

Transfer 1 tokens
  Sender: 94jji3SAxbZUwDb8jZWww9Kkk391B2DozTQ55d39rkBq
  Recipient: 5zYWovYn9kdMX9wHovwxMFJCCzwwykBY4pp4eEhCAt6v
  Recipient associated token account: AFXRZeB7MwzBYQm8MoqaaMz123WXmPS1vayTWeMVuPW9
  Funding recipient: AFXRZeB7MwzBYQm8MoqaaMz123WXmPS1vayTWeMVuPW9 (0.00203928 SOL)

Signature: 3dmiUfg2UD45CYVipixatfsEaxjLDsXqdHQy7fyfmafgbrAHvJz2jRy8nUC1EbUMtDzPYWMGxkhFw6u3JgVEbFF5

Transfer 1 tokens
  Sender: 8qEuorPFXaso2t255chWBhMK5MFbMpvPn3jFRAAJQE42
  Recipient: FxDsKXCVStxQZt7e9VikzLA3XGhxxPAhC5aGS3oermpB
  Recipient associated token account: 616mYcmnps96F92APkUi5Mcz4qgeAZAA59M8ABva4ERY
  Funding recipient: 616mYcmnps96F92APkUi5Mcz4qgeAZAA59M8ABva4ERY (0.00203928 SOL)

Signature: 4EwMeTnDH69hePiXVZkzLtyF4zHKXex7SZZDgHUMn9H9WbgHZ37UdVK4fy7VS9LhAPrRiHAoSxtBpiUj2WitqhZL

Transfer 1 tokens
  Sender: 8YEWBckJVwbc5J6Cw6tQAwxyy5ZL7Zts1bAczkwQrA82
  Recipient: 2qXqig6b7BWU6F6ZERt6AnsTWQHT8Lmc3nocGoMZHZH1
  Recipient associated token account: DyvNJ1V8oGXVq4qf4T2LQpskmD1xhwt2Zab2NNL2NjUV
  Funding recipient: DyvNJ1V8oGXVq4qf4T2LQpskmD1xhwt2Zab2NNL2NjUV (0.00203928 SOL)

Signature: 4Wew63Q9MHAjMMThfcTDXeSD79qLbgNnbhMHShsfQwPFjSx9nZvTkufwnbcKy1WkjmSe46UaJ9EkJtFNakQzuV8k

Transfer 1 tokens
  Sender: 8M2EbM9gXsid57NNMX9pwUw5BGbrioHSj7mNbDWypCqv
  Recipient: Hew6XJcEjQAx2Pi4GWogr68dmbST24g9xtumKBqvhkdL
  Recipient associated token account: CqdFfABEXSnpNMZzJWEHyV7GQ2Qmfoz99nxk1nR3pduL
  Funding recipient: CqdFfABEXSnpNMZzJWEHyV7GQ2Qmfoz99nxk1nR3pduL (0.00203928 SOL)

Signature: 4SP1tUVyaMp3JQMUxz117tSNuewJ3z5JNZNhUSjdZV4K8PVGtchkbJgm8jdy5krWBuaMsyDdNVojBGQVwqzKTEV5

Transfer 1 tokens
  Sender: 9G6TuxuQunuTnMfgiwRw2YLJzkUVXgxXPYzEoM7dkYki
  Recipient: 7KbmFStnBVAUB1NRKuNFdhzXtj3mfAT4jHLXoFvFFSaS
  Recipient associated token account: 6MB5E1xqpkqJDkhcrKrZYfmYUjYesYAFHnVmC2okoUNE
  Funding recipient: 6MB5E1xqpkqJDkhcrKrZYfmYUjYesYAFHnVmC2okoUNE (0.00203928 SOL)

Signature: 4PCPNqfTtksMhBR1gxQWARKmSAwvqq5BKZnmxuEbtojMXqTAmc1wV6UqjL2z8Wb9GwShNb8TbxWq8A69gddPvVeH

Transfer 1 tokens
  Sender: 9tZEegcyVh6EdEcJYs1PUCmrP45Z7HMyzKFHNSzwNXGT
  Recipient: 54Mo68jPMSBhszCC8dUA8hJEpQxfjGFyCcTFGDJcTbvX
  Recipient associated token account: 4yoHg6Z9cH55Ffm3XpM2Yb2HH1qRFjXFyB7eVjLhxing
  Funding recipient: 4yoHg6Z9cH55Ffm3XpM2Yb2HH1qRFjXFyB7eVjLhxing (0.00203928 SOL)

Signature: 5JzHYtQkNXV2LpQQBguAfb7ZGmBJEhK9NW4oqZ7FoiakX4zsNu11QkgRLQJUktWtjfoBWs4zRuD2QhBB55oWnKT4

Transfer 1 tokens
  Sender: HS4qVnSrQrW7FNBARVxZYFArVCyYT7gyVc5GwCKHGLF6
  Recipient: 2hngJ78u3nj3r9a5bcwNGntGPs6MVMcQrqpQMm929YgK
  Recipient associated token account: 2beJZoWwuu4Ba8Nf8v4Ge4SHYWWQdEAmABxcfCVFcS1a
  Funding recipient: 2beJZoWwuu4Ba8Nf8v4Ge4SHYWWQdEAmABxcfCVFcS1a (0.00203928 SOL)

Signature: 2jJfaCUBmKhrVyeeqPURfG4Kn8RXff7Xq8xWQ8VLwwpt9zKnBpP8wMbCsdmS2WCRADaV69qbmHUFWeLAXPMKpHwQ

Transfer 1 tokens
  Sender: 6ErF53pYcbHnAT9xZsAT6jhuSx7zGf4o6ba9zTH3tEow
  Recipient: 8BZiPqhVHcQRUi9ik4ToqZ83wc5bRovucP44ajwLSiha
  Recipient associated token account: ArJkijqAHtkxEsw3b3uCHn7h4v4ARe1L7G6y1fLnvCch
  Funding recipient: ArJkijqAHtkxEsw3b3uCHn7h4v4ARe1L7G6y1fLnvCch (0.00203928 SOL)

Signature: mSs5sE62P3FMv7fXPeAq148qS5s5Jv9uEUCeJjz4WRri5XpQbriymgGXREETYu4nai5SmYsneoXeZH2ArEtdzZL

Transfer 1 tokens
  Sender: 5wPyYyrjCTWBrLf3nDBtEmyKhFHJEsHuWhFD3R4TQWZo
  Recipient: 4MYxCzrMbXFaRAJSUHS4TBcVpEcCshbdvjFnR87oZCre
Transfer 1 tokens
  Sender: Azwb6Ysi2yXMkAb7diKBajHhT6JBaCrXuAotEwtXNuV4
  Recipient: AgPhAsvcwPfT8bcAQxfyvymHdS9enkCzHDZP67ihS5YM
Transfer 1 tokens
  Sender: 4yhTTf6fbMyEUATEZBg1ZjsCpTjEwnBB141R1Y5zgUG3
  Recipient: uMLELXXVahTQrXTMmiHNP1jxA8J5rK997kkHrjxXDfj
Transfer 1 tokens
  Sender: 5c7paTCoJ79Y7BVNFxDasgd6sYRExo4wfY8fwZVAyT2V
  Recipient: HFPaT6WKk9SkwtYVZ5m5Sqw7ZbyehGu9GHjsctigm49S
Transfer 1 tokens
  Sender: 27MymkyMGAoXDvfgZUDbENvLJQAphPo5gwZYKcKTnUhN
  Recipient: 5t5pfR6Rz1f6XeLX7ribnVFZcY7pXLRbcdpEqyoFUnA1
Transfer 1 tokens
  Sender: BUE2QPdYc1fLHgP6x7VzXsxhoDgWYncRVntx56NgDhNQ
  Recipient: E9T5NiubdouJLAXTG3YE6AWHBgC9XhiXvoARR3RwyUMe
Transfer 1 tokens
  Sender: E9YWM6jb6NqTZQd2qiVxdjHouhbeWQaNtKp2Xk7h23Jp
  Recipient: HHkbYGkcS9Dz9g1SvxrRSUb5ibiM2mCircigQqYqPkqj
Transfer 1 tokens
  Sender: 2AF1mcnB2nnir7e32hYiYu9VyFmxoxyFaR8QUR8GHbFc
  Recipient: HeohjHu8jiJ4gpEYnGakdfv4CxaFcCAS6iEfjLM9p1Ha
Transfer 1 tokens
  Sender: 2KRdvzWuQavvtXhUb5Q5k1MjEBkGvqVu75gwNg1QnYVX
  Recipient: FUfFsJeSvKzBbSLDeHQhjNQZPFeVo7KxsPf4VLExoCxj
Transfer 1 tokens
  Sender: 5hPKLkuMpCx9DghqnrxGrnobGJABRFCk1QQGSdqhv8df
  Recipient: H3CWZnEkGhPAhzXPXna2oxZe7jNLJkJXwuiFo6wxBkET
Transfer 1 tokens
  Sender: 2qsP4r9WJ4syEox4EX5EY9sQ29sKi9hv2zguXKAvJVX6
  Recipient: CgeQQY2g3ZKXSPBdTVa2sZ6Eet3456WfG7KmrTLRh6MF
Transfer 1 tokens
  Sender: 24dg9mE4JwS8xxYUP7fw6ejjBkhDGBKPPdgrsuqChzKg
  Recipient: HSo6fpKgLhwrN3L2iLxkMLQi2g2uSLcshMWwMBCh8pD2
Transfer 1 tokens
  Sender: EgAALQYQkFiYp4UFxb8EkYh8ThKnsd4CtwYYH2MDQYdK
  Recipient: GryqvMoqZFnmTxVMduzUQt4RtCZZCTKRZwLNuL4KyKsa
Transfer 1 tokens
  Sender: B3TKkFqXEc63Hdq4Lu96gdEFrGm7hrwACqrW51Rbbutm
  Recipient: BSWrvzk5upP2q8EfcZ31RcKemhqpPH5VTqsoBdHaQLXM
Transfer 1 tokens
  Sender: 5T7jKu9mZ16XEaWwkr22GVnAPbGvbiB5kz767dSWgC4J
  Recipient: FsBMd5URieGPWAyTsYpogM9URzyXo2oxznGbHZJARUNA
Transfer 1 tokens
  Sender: EHkjJe4EctpQasn396b3jGsZuFgLvLK3XPESiQdp62EA
  Recipient: AEUto3eFWHLAmmVRq3Vo2fmHXwte525jQGG6D7pN4RRd
Transfer 1 tokens
  Sender: 9DucxZRyknPiDVFgAfV7Aa3oF7FQpMnxxZEgg84s12Pp
  Recipient: 4CVLbLUcNUdoXkb7GhEJmoPgiiv7G6fistNWu4Rx6T9L
Transfer 1 tokens
  Sender: CnEaVf4e961zG9fWHyi428sLZCmFNu95mzsttMPQWzXX
  Recipient: Ai8W7hPXbEqSFRARx5svHbpGUNnK3kgqDsjoHXRZtynY
Transfer 1 tokens
  Sender: DfuPUNEH4Dwmxf6JsBcSLDvxdcvGaLScHx9oGhDMCfnc
  Recipient: 3H1wvZqJgy2v5XxaMLFVtRnMeN6H1t7JrenehfQcn4qk
Transfer 1 tokens
  Sender: CMmVkMBCtqGnAs7scoRsgePJcfzfXG386RbBFqCCfLov
  Recipient: 3adymN6SW5iJUw3PJmn47noPrBVg3QimnPFQnSJhA3VC
Transfer 1 tokens
  Sender: Apteu5kLzSP19XhsYQWYDBkx9xr3UV97cBK9g279Uha7
  Recipient: D33AVStLgB922CBBtPnfdzvrZSRFzoghJvSL1ckPnPzw
Transfer 1 tokens
  Sender: GUjXovcqQH4THqEp8VvvgvBcL2LceueYpd7wkz8iC6xk
  Recipient: 9EA2P2FerQqzUV7s167v9fxRaegRHrFna18PmpJZQ8GS
Transfer 1 tokens
  Sender: 4Qtx4pG7bYW59Zsem7gS572hP2w53bMcLrg2CYoV35vp
  Recipient: Cm8cYtgtfyULCzisqUnMg68aqqi12PGZScouQfJRfrG3
Transfer 1 tokens
  Sender: 3efEGyy5AHoSWezzcEV1gHz5PNsZuCKCrjxpXpaGdfsA
  Recipient: 9oQtrYdYAhfrwgmZGShvot1sKac3d96rm5iDhs6oyucL
Transfer 1 tokens
  Sender: JDKyBpK7vSQsQuFvpjx3w9st52kafU3BhVPXc4sSbdiN
  Recipient: 6so6mycpRfQPHDf38uMDw43hhGxzZHU6cXfUhF5CUVhx
Transfer 1 tokens
  Sender: 29aQNzfuG5TypRzit7WP7SZ7oHU9dynx3RTw3zG7nRWJ
  Recipient: EcaptyRFQCXg5YEMMSXBxamqJZrs7vxwntsvFozp78TT
  Recipient associated token account: 3jUvDzyYS1N48QQaK9kKNvsHMYbb6TJHxFXDcJob4NzT
  Funding recipient: 3jUvDzyYS1N48QQaK9kKNvsHMYbb6TJHxFXDcJob4NzT (0.00203928 SOL)

Signature: 2mFR5F1xNUoZmNR1FtDFTZ9DMkY5Gauq3xDUwZRLtt6e5PZ2VmtkoiDJHyson73yxCKYmJijuwJfjwgrVAbmLqA3

Transfer 1 tokens
  Sender: FX7EYg9gShxXfpRRy5WL8P36gha4RXWrgRHeJNprqHpu
  Recipient: CWiXLx6juMmaq33BPXGJ1k2DPqzfDyCQWoAsUUe83CqP
Transfer 1 tokens
  Sender: FnWrWiNoeEe8aHM6a2fvRVLMZTrvTBcMRLeEYq48EZhq
  Recipient: 2pxTva6zNPVrvHKz44NH4GPYiuVzzUJqeiNosqHGYdVH
Transfer 1 tokens
  Sender: 2gUoTeRN55DxeTPxpG4nWZQJNMmC4QL4AQq2dvHyfPbT
  Recipient: 8zfdGUKpemtzs2Ypb8reoN3A43o1ZkbwFCBNzpUeFeUo
Transfer 1 tokens
  Sender: u7V2wvJXJKpQAx8N3nxAEHqDBEF5uRaVq1C37GMn2r9
  Recipient: 8dP7pF3UR7aRGrkgshVUjodLrjg1MQ4LrnKFqytrdan1
Transfer 1 tokens
  Sender: 5i8AxqyAwajmmFV2V74WjPuVdwkkUvgUgKBKGaqePeBa
  Recipient: 4GSGks3QkdGe43mwTdfKHsPydWMwUtukmPuYDYvsmrmZ
Transfer 1 tokens
  Sender: 8W2M6BcmMZsJ1yiy2Cb6u5wzkHRbu8Sk3no1iGLhVszg
  Recipient: 34YsPVjERhtDyXnGFWRyqrwxCpGZvVRkG8SQrR4P7QLH
Transfer 1 tokens
  Sender: 4Pri2UP3HjvFwyizEYdV5baok2RezzXJ3V5xJmZ51NaE
  Recipient: 9EA2P2FerQqzUV7s167v9fxRaegRHrFna18PmpJZQ8GS
Transfer 1 tokens
  Sender: 6DNvzVx3a8HZZ6g4qVRRa9DToYzbATJmh7786R8VJHjN
  Recipient: H3cPyRGXwmReAMB78A8guetqPJLekVXM5DXK92ueCLfE
Transfer 1 tokens
  Sender: 3q6saEqPFbu1PNHoyybgzR68xiA9hp4yfV6Ek3tjHESy
  Recipient: 5ssu1FQCAxLQZUbSnFXAuPn2eDaZBTWkc5QBChh2yxAa
Transfer 1 tokens
  Sender: HhiyUrghFAwffVXiqgiUoDqMsNo1wVVAMN1uDRxppMoG
  Recipient: 7HSQCCHvV5iR9EJU8tHh3CL1M6XDNYsU218MSWLzYXHE
Transfer 1 tokens
  Sender: HRNFCPWa5Mpvn1dHTHnjqupEuYn2cPrhvD6ZAhpbhPhC
  Recipient: GxuSFHonL3fBzBy9WiLrQERFTs3PdQxQCz7St3zpJvVQ
Transfer 1 tokens
  Sender: GoNrdHsFneSWJZBe31jB7n7K6mgwikEeWcSMoW2SCCWn
  Recipient: FhigUHSpoFwV9A1F7esGKqYsjGs7m2dsHgWzhkpxcXh8
Transfer 1 tokens
  Sender: GbrJ6DjtAPEixqiftQewrVFTg4tbpnR9nQ3Dt2ft7VGi
  Recipient: DDRe6Hnsx223n1t4gU5QLYhS49ymf6JTLBBDiYPr7o1e
Transfer 1 tokens
  Sender: BTgmEDZgYJTWWEhrcjzBGFyJWBPJnjibA55rmz2FvcQy
  Recipient: 8kX16Yj2WBCz1sPXcimafGrutQkw3s3Swe9sR3gt3cC2
Transfer 1 tokens
  Sender: 4JRLayqs6krZVcBrdwVJ6dun9rdsnBSWz8ojc2TVf24A
  Recipient: GY9EGS8WhGcmzELvuBW9y88TuKi3GxeqhG3cSsoDkF9u
Transfer 1 tokens
  Sender: FMyUUez9oRqdCnNKswLtygvekzw3C6TnpzGh73YHqpEt
  Recipient: H7E4JB8ebHaoKQe2Z3NAwXniKcuy7VVuAoycx7PYAbE9
Transfer 1 tokens
  Sender: BdCz35Afd8BRQ8Fui9SpSuQVMgdkigPzg9J1uPsoqUvJ
  Recipient: 8ZCLGsEVrqReMp2TZMd48aYxGTGkbKZXfJC2EK8HyiF3
Transfer 1 tokens
  Sender: 2QzACNkKeCdA2SPjpBPDSvTCHZZ4UykE1NP3VntyFxwo
  Recipient: 7o4NoA1g1asZzi8D4fRPjVuDR6YkKGhLRwVbEFfmRWX7
Transfer 1 tokens
  Sender: 8J1Zsi9tRVQXw9s6xuBiahUq1DbnfjKnUfWzj9ugvzSH
  Recipient: 3GFSEgAQb4niaJRPjKUFxKpXpyJjZWijgM8pnbk6GYzA
Transfer 1 tokens
  Sender: 2yxbZqDEApLWsEvPp86ok5waAw83jAZrHMfhGgz6Z15J
  Recipient: CWhmsKsqd8rNLussMP33gG5Fc2KHCSCx81CWeYYXHCBg
Transfer 1 tokens
  Sender: BXf55upUUL3wAqwM2ThJCMSdY6S2zeA6fwSzMCTJXPJL
  Recipient: CGjEexuki8tYteRxpEEq28ivbcsV8aFmhJS3RTZzM7vh
Transfer 1 tokens
  Sender: 41KX7vmBcsGHTiHAKpGbS1PWr4YYf9VL2ii6j336EdUb
  Recipient: 2WkPKh2HqudssFdhTJRdj5q44oTwZrdPJQ2hGbgwMXrN
Transfer 1 tokens
  Sender: F5pdytWhe6hAJJhiufdnPHho9DGgZkSgX8Ud73ZKkRR1
  Recipient: NoKqf6yhqTE4jtYGL8Pw7W7xP6TV6k6ywgeqPRBnwhD
Transfer 1 tokens
  Sender: DPWUAtHhajBLZpafWfs6CooRrjzWhJKxXeuFrBuVqiki
  Recipient: 3Kx42dgP4mnr8Lnw58rdccNfMXCP3au91WTCJt2GX3VX
  Recipient associated token account: EKnWhfnmicJhpYit8SMvby5q6fqW6ADh9bdaBtAEot45
  Funding recipient: EKnWhfnmicJhpYit8SMvby5q6fqW6ADh9bdaBtAEot45 (0.00203928 SOL)

Signature: 4WV9nqymtfdYqhMsUkMUfgyHVazrpP1r7sgmdmhexbK8CU4wZm1Un3u3XhMtdM8ddPLrkKshFXc7CpjDZAWZwLt5

