Transfer 1 tokens
  Sender: 7eFKt1BQAFE7eecWvbwEjEXsqaE2Fz5UwDu4Fw4kaiRg
  Recipient: FpSrQMhnYa8YRnEQqKstyi8DYsMvET71CPfnmJkBSSP5
  Recipient associated token account: CFvF3bpJXsWCLjydZSqwT2wH6d17f6ctmZqHafk7GZWL
  Funding recipient: CFvF3bpJXsWCLjydZSqwT2wH6d17f6ctmZqHafk7GZWL (0.00203928 SOL)

Signature: 1GCe5NAXpWRdK3uQ4yJk8tFeMUu5Stu29aoipvzVzzm7wP3sneYZthW5QJqN3BZCGPLp4YbDHSR9RJqeBZtSS7H

Transfer 1 tokens
  Sender: 6XEiWeTdSPQz14P9Sezw9t4cagyyXaz1ds7gNs5QJEmp
  Recipient: FryJS4Ynb1kAMfZ3U2xBiajSkkWiaxo9fWULZxzgQ5P6
  Recipient associated token account: BtFtHqDjCiHe2i5Sk3Y1CsNDf3caZQWMiW3FuAZ6ShJL
  Funding recipient: BtFtHqDjCiHe2i5Sk3Y1CsNDf3caZQWMiW3FuAZ6ShJL (0.00203928 SOL)

Signature: 2XoyhsaHkWPqKkyR81oXG3GoVM9QRJEHx9uFHr4Q758DvwvNPWFRkTz6Z2Pzx9ZEBeWsq1Y4SSBCGiv1uxUiP1LL

Transfer 1 tokens
  Sender: Cnne8u26TgjLqfRT4AGzH4gjCixgwiE3ix1m4RtCTyh8
  Recipient: 2jQTV4dbMWUwfWqvhebjcLx3wGUqWqaNtipVyR2wP87P
  Recipient associated token account: 2Xgm7JT3NVZfLDNTq66Wqhf6fm5ub21hJoJBYJQtfys8
  Funding recipient: 2Xgm7JT3NVZfLDNTq66Wqhf6fm5ub21hJoJBYJQtfys8 (0.00203928 SOL)

Signature: 2Fc65QAqdNVR2k598K9a9QRjJZPngx9zqyZbRAuH3CxEXGNjvmDxsVGG4cvFrPqJ6nMxXi4nV2WMJ8yJj9T1Q6Vg

Transfer 1 tokens
  Sender: 8rQurrxhEzihGc3sgpi2b3KUDrgh57hGP3zkb9wJoLV2
  Recipient: 3kdGQe8hqWFtaMfgf3yBdKYB1vLjwheftDsXKj4BNrsP
  Recipient associated token account: 7AKbRfPde5X1iR2Cj4oDWLMxbhXwmLwXD2k6qXw7dQCM
  Funding recipient: 7AKbRfPde5X1iR2Cj4oDWLMxbhXwmLwXD2k6qXw7dQCM (0.00203928 SOL)

Signature: 2H7zQvkYwHZusQsJUcrLWm3p2wSZm78WBCNngvZQ4JLtXX5orohiu9uFx4cmoLaCQ19HvQiNSKxupdWJPEy4X5Fq

Transfer 1 tokens
  Sender: BYDVx7i4n532Dpt29FMzrZBp4NkfGAgekuMDp1dMr2SS
  Recipient: 3eucHmLaRJzL3d3rzYx94KvxcVhR4ESLo9R9hhb5Snbo
  Recipient associated token account: B6MGZJRaCQnDSLYvo4x9bK3vCqgesC1Udb8s4Jy42E87
  Funding recipient: B6MGZJRaCQnDSLYvo4x9bK3vCqgesC1Udb8s4Jy42E87 (0.00203928 SOL)

Signature: 5dsYYqGL9jWLk6bkFmjsfe4CMvr4goYfbGPZV9PuJ9bwowsbv2aqeFPX2uQBvU7Y8p4PhuCHqVyBtocMwsZmKfag

Transfer 1 tokens
  Sender: H6X7sK3bT631xTq2oguZ7fWfTuJyLUNeGUmKcdnZkd5U
  Recipient: AAB3c57cNoHvzDWRXoy1qWQLtyv8Re8YBivDdYuLw3jp
  Recipient associated token account: FY1yNYGxbPh2jvH5mVNypX85dytpXwxW4AtTniRZ2hyU
  Funding recipient: FY1yNYGxbPh2jvH5mVNypX85dytpXwxW4AtTniRZ2hyU (0.00203928 SOL)

Signature: NEWDXNf68jwG4F7dWR4mocoBneb3nC8b9hnUoAJCx7hKQ1MuiuWAexnWUzMTzRBnJD8vbmpAHdFfzNNUJgZmtka

Transfer 1 tokens
  Sender: 5T93ewY4qQsJjbeDndku3hGQoznP9rJAGmVcK1oop55R
  Recipient: AsxYivuyVu6znDgnwenpLSLvkZDua4mGKxTvM2JgoeDU
  Recipient associated token account: 7kAkqq6g9ZXYRcH8Ryo2nZbK2WQ6fCozJJrVcvjhYk3B
  Funding recipient: 7kAkqq6g9ZXYRcH8Ryo2nZbK2WQ6fCozJJrVcvjhYk3B (0.00203928 SOL)

Signature: 2W38qjeemwDphrSfaxKJfQ3LnqNnBzLf7AT52jDNKNXunp2emyFBrfZqsdaSNsCz8qkPK9hGFVDnFcwBe4Ge7pGg

Transfer 1 tokens
  Sender: 9UjAKkxhG8mnuPEWrH1kznEacTcHkwdjD5tZqTgGsDAd
  Recipient: 3adymN6SW5iJUw3PJmn47noPrBVg3QimnPFQnSJhA3VC
  Recipient associated token account: 7iGqTQgQwBGKStnw6nBKT9JgvajSDR94aj3473cKYHuW
  Funding recipient: 7iGqTQgQwBGKStnw6nBKT9JgvajSDR94aj3473cKYHuW (0.00203928 SOL)

Signature: 4oGH1MY9MTWqwnAcnCr421ajVCmMASgbGdN1DKkb8AtJeAB4wubgnsw5BLL7pct1nw1XmpGZZQGeC35nVWxgtvGj

Transfer 1 tokens
  Sender: A8qSkVBM7vSSQqZb8fibjLCMQY8jFWjUQaR4fd6NzyR1
  Recipient: 5URSakmV37mRXJ2rETDRZEyzEVBE2ebySVeLGWhUUk5h
  Recipient associated token account: AgyCzNqrfDxUQHRR2M9v1Hyz7CPRbqMD8g1YnafZgkrg
  Funding recipient: AgyCzNqrfDxUQHRR2M9v1Hyz7CPRbqMD8g1YnafZgkrg (0.00203928 SOL)

Signature: 34xY5fg71smppabqk1DXuFUQSgJmpiMpWMmg2xmpRYqVLw8JPsJ9gn5hgJ7LaUngRAaGcs9j67xbS28UVinnjj78

Transfer 1 tokens
  Sender: 2r1Wob3Q48JmgUCndAXGwP6guBWb42Y2sjoahH4oETwN
  Recipient: 98Ua49smTudbsk6aJ3nXqbuoWaxzaEVLfgFF27xEYx8c
  Recipient associated token account: 81ZVHJWeqCvGHPYbsKTCkfD1CKHGzpfd7BMvMFRz2DSU
  Funding recipient: 81ZVHJWeqCvGHPYbsKTCkfD1CKHGzpfd7BMvMFRz2DSU (0.00203928 SOL)

Signature: ebQ1n7wU7DgcVU4dL7ZgmpHLifsKV4kQ1VjxmG9PRVqHqCsY3Dn86x4Qa4bMLxGwRbBs6Vip1cWtzroNEACobPB

Transfer 1 tokens
  Sender: 8n3KMsWWGMK2yprLUY2GngA7Zk2PTohMa1QJDNTLpkUT
  Recipient: EWC6ESChdBqExhp96XPMLXR65pXP6Ftuh1pPAVws4pmk
  Recipient associated token account: ELDydtjZXTGYnTRDxWm9msxT1LWLkuUgwYLKonKY7G3
  Funding recipient: ELDydtjZXTGYnTRDxWm9msxT1LWLkuUgwYLKonKY7G3 (0.00203928 SOL)

Signature: Eq52b5DetoUwyXEr4SuQRqTvugxshDSEQFSyjJTBdvVKWesEEUwAuwAmeP9iNV93uFqjpcmKJsy75cz6xYYBAjX

Transfer 1 tokens
  Sender: HtPDms99YkAPMWF4ANGUZ6zC4YkN35y6Dqy56AsBvrs2
  Recipient: BcwzmAJunqVo7M9PHuUn3srQJX73bd9xr5fJseCDGAZm
  Recipient associated token account: EntJrtK7YVvXPPFKcyUiB1WBpJ6NcJFXW8Ugh9nyD3st
  Funding recipient: EntJrtK7YVvXPPFKcyUiB1WBpJ6NcJFXW8Ugh9nyD3st (0.00203928 SOL)

Signature: 3FZTLb6LHzzePZkzotzWhsSLeDShQmSikTesY23myZFy76iF56fMJfamsVL1HJgoLoDWjTAeiEU2KjM9Xr96a6Gz

Transfer 1 tokens
  Sender: HRuGcWoyaifs5ADS2YLEBbMhzH7GYWEcqrLjDxXVF8gZ
  Recipient: DfzrVBck73vZAXDwerPC5sd4ZTCwZXfewFHjZWz8mjE9
  Recipient associated token account: Dh6oniDvBKpkX2Y73YV5W6s6FALqSP8pCe9zG8QmGQg7
  Funding recipient: Dh6oniDvBKpkX2Y73YV5W6s6FALqSP8pCe9zG8QmGQg7 (0.00203928 SOL)

Signature: 2RzXWMiFieswqDqtsakvJHjcH7V3g1UvzXbmgAZ28AADwo4NmJGxB4z9BJxeT9y8xWNsXQBn2NAiYSP3XGTn4tRa

Transfer 1 tokens
  Sender: FrMpJdyZcixsT4hkCZFuuBb8BzPWRXqrK2L3hSVBJSmE
  Recipient: 8NQSZ5wpdET6dzAao2Vg13BsiF4QLAFKPSntKAaggbLr
  Recipient associated token account: EnTrgPq3CDbxW7jaLbnPfWg6Cp74WnQx4k6NNukPDe4H
  Funding recipient: EnTrgPq3CDbxW7jaLbnPfWg6Cp74WnQx4k6NNukPDe4H (0.00203928 SOL)

Signature: W2NXfCpcZ8aCKYeEs5To4Pf6cQ2unBFoimwkpiXXqYt3nL1c6HzC1dChB8zFVUAbqKY9ydt1xyY4yZjukwXp6CV

Transfer 1 tokens
  Sender: fXMvt6sCjb1bBWxEJNibXoRtborgqR1GnT3Js38Ym73
  Recipient: CzGDc8WksVkKyYWBaWX1CEAaadFjSt43saCdxA8voBPS
  Recipient associated token account: EfofqsTH2q8z5yNLmyngXfYSt4YzxP3XnA3DW6aibFTF
  Funding recipient: EfofqsTH2q8z5yNLmyngXfYSt4YzxP3XnA3DW6aibFTF (0.00203928 SOL)

Signature: 67bsh5BHUqzHMY9cPu68uJYuyj2EWdBHdRQjC6rVuiSn4kMzsvy2W2iciXwop5M5GUyZzS1CpsE6NT6KqPeooGrg

Transfer 1 tokens
  Sender: HfSjaTDRbVbGWF7PuCUHH2jp2QPLTZd9k6rVRnRo8GNA
  Recipient: G4yn6VjDQoRRgqKVt1fp2uei3rFHWWKA5JwWPMM4eCgT
  Recipient associated token account: DTGqscNJA7aWUESQ9uXRzg1ujGfGrr8yrRhR6R3Sck65
  Funding recipient: DTGqscNJA7aWUESQ9uXRzg1ujGfGrr8yrRhR6R3Sck65 (0.00203928 SOL)

Signature: 41STHQB4Yj6PLmurpUtGNbMojz4hSs6efTDErC9tafGChDBRuXieuqfLkQq1zQBVoPMjLKSazwpyUohW8ZvnePfa

Transfer 1 tokens
  Sender: 2SVgBYfwLesExFW7sdfTPtsX2FCrF4LMUWc1GMYrhGNr
  Recipient: 9nF2vqusHupTTNgw3quL4f3jorvPdJ8VBPv3Uw1xt3Mv
  Recipient associated token account: 32owKeEN6siQmChSfEYNsjDuAmher3s6vUxWW3pAeVs2
  Funding recipient: 32owKeEN6siQmChSfEYNsjDuAmher3s6vUxWW3pAeVs2 (0.00203928 SOL)

Signature: 5ZqN9Kb9SGXu1WF5MZEkDYGkjvnBa7PCPabLNbjQfGgdHDJWwhYNEk1SGeCnanmgMoTXprGDJ7g55UxZowP3NrVb

Transfer 1 tokens
  Sender: 4enAz61MVsgXgY4BbHaJv9FzCxBQqqzLhK28CEuSeeyp
  Recipient: vqk4rNkuaHbPHqCEf58R1na7QR7VFsZeYVqwxATJpRx
  Recipient associated token account: 7y6ctJgDdXqEriZsfMkbLVeHqyZQav8Nha82BEEoWsGu
  Funding recipient: 7y6ctJgDdXqEriZsfMkbLVeHqyZQav8Nha82BEEoWsGu (0.00203928 SOL)

Signature: 3yi3TkX41yU2MMVL2sxUfmHNsKQszPs3RENX7yPHBhFqwS1uecU5hxkGc9sLap4uHQSpQJ6qZYLC8hpKZN8AVqSG

Transfer 1 tokens
  Sender: 395C2AEAnhhDuwXVf5Eic3unK9XzJCV3gjheeyMB7K1v
  Recipient: EbiiEeokfGmtcgnFA349JjoZ5EiiqfLXRhbU7zac4v1u
  Recipient associated token account: LJndmnBpMwtyVomtzGJxLq7GCLf11EdcdVN96qWXyiy
  Funding recipient: LJndmnBpMwtyVomtzGJxLq7GCLf11EdcdVN96qWXyiy (0.00203928 SOL)

Signature: 3ZUHUGGGxCjmE2ivJiRZLGHe1zePM8ub1USKPFD4H3MgdmsJhRtUsXYBMqHMdPyd3NChsTwPB5gW3LEtmyBnwJ1b

Transfer 1 tokens
  Sender: Gw5arYqkxrUbWoozz1vuKpJEpmJNYdfC3ooU8FMyHGu9
  Recipient: GNisgcTZZ2WS5PFAEkVUbFso3wNe22cjhmZiEjGcqeHD
  Recipient associated token account: DrScyz7HNCTTohXCbT39JGcQhe8Vi68uDmbqBu3dnzg1
  Funding recipient: DrScyz7HNCTTohXCbT39JGcQhe8Vi68uDmbqBu3dnzg1 (0.00203928 SOL)

Signature: mrdWxJRydXCe6TwYvAnF3Ug2XaCgJmrq7ML8zfsGi388oAZfjtS7vojDHm5Kw1xeZ3VNeejbSarMqFcZTWnUi3i

Transfer 1 tokens
  Sender: Hpdt89i912bfpe7Dh9VJWMDpkFGuYBwhP7qb3X8XtN7j
  Recipient: 8qnoPHWBPGXad17FkrNvtnQXA96Wo1mfhvVuE21YoCkw
  Recipient associated token account: Fm8ExFoguE6FUrZ1TSPDemyhzfRcKfA3HFgwQpME2uRu
  Funding recipient: Fm8ExFoguE6FUrZ1TSPDemyhzfRcKfA3HFgwQpME2uRu (0.00203928 SOL)

Signature: qxrU6dzDuc1u7Lw8Yaj2CD9B76XghT6Cki2JbbeYmDYo6SmUSwy8TBMdU3svMwLNUi37764p91hPVrSFQ1YpKit

Transfer 1 tokens
  Sender: 6YTosZf4kqoNX1ZEzQpGGygyj9RPC7qswYt5zq1w5vDF
  Recipient: GWuAeuRDpAwKDxnVEDRW3hYn87dw8K91ZLrhhZUCftnM
  Recipient associated token account: CDJXHG9Eq1SNGMeGEcBeHocy3jETiJCtT99pSHFmjXJC
  Funding recipient: CDJXHG9Eq1SNGMeGEcBeHocy3jETiJCtT99pSHFmjXJC (0.00203928 SOL)

Signature: 67NAqA8xE9H8ac2GFcyH1ZPD9u9dM2qsgXJf3pUbKAkgquJyw2thbzyTFZXib7bEGLCVkFpMD5dNrnNQd3pdgw25

Transfer 1 tokens
  Sender: 7eFKt1BQAFE7eecWvbwEjEXsqaE2Fz5UwDu4Fw4kaiRg
  Recipient: FpSrQMhnYa8YRnEQqKstyi8DYsMvET71CPfnmJkBSSP5
Transfer 1 tokens
  Sender: 5w875nyuHhAC2FpZt1nCSQiqGyBVoE3AFZy6CD7WFk8q
  Recipient: AbgicEN3npoAGUvZCJWpkLkniVxnEdcsFnTHCcmhfUKF
  Recipient associated token account: 2oSp4mVsPWNHGkY17v2eaBX1nvaU2795djeoJG3YYXzg
  Funding recipient: 2oSp4mVsPWNHGkY17v2eaBX1nvaU2795djeoJG3YYXzg (0.00203928 SOL)

Signature: 2BNQHd2xXJC6zp9oh8irJm63qVoG233xWKHigwZ2mToHLxBHanFU1xAJdezZkohRbi6zYLY8iJfLBtNE1Khuv2Sr

Transfer 1 tokens
  Sender: 6XEiWeTdSPQz14P9Sezw9t4cagyyXaz1ds7gNs5QJEmp
  Recipient: FryJS4Ynb1kAMfZ3U2xBiajSkkWiaxo9fWULZxzgQ5P6
Transfer 1 tokens
  Sender: Cnne8u26TgjLqfRT4AGzH4gjCixgwiE3ix1m4RtCTyh8
  Recipient: 2jQTV4dbMWUwfWqvhebjcLx3wGUqWqaNtipVyR2wP87P
Transfer 1 tokens
  Sender: 8rQurrxhEzihGc3sgpi2b3KUDrgh57hGP3zkb9wJoLV2
  Recipient: 3kdGQe8hqWFtaMfgf3yBdKYB1vLjwheftDsXKj4BNrsP
Transfer 1 tokens
  Sender: BYDVx7i4n532Dpt29FMzrZBp4NkfGAgekuMDp1dMr2SS
  Recipient: 3eucHmLaRJzL3d3rzYx94KvxcVhR4ESLo9R9hhb5Snbo
Transfer 1 tokens
  Sender: H6X7sK3bT631xTq2oguZ7fWfTuJyLUNeGUmKcdnZkd5U
  Recipient: AAB3c57cNoHvzDWRXoy1qWQLtyv8Re8YBivDdYuLw3jp
Transfer 1 tokens
  Sender: 5T93ewY4qQsJjbeDndku3hGQoznP9rJAGmVcK1oop55R
  Recipient: AsxYivuyVu6znDgnwenpLSLvkZDua4mGKxTvM2JgoeDU
Transfer 1 tokens
  Sender: 9UjAKkxhG8mnuPEWrH1kznEacTcHkwdjD5tZqTgGsDAd
  Recipient: 3adymN6SW5iJUw3PJmn47noPrBVg3QimnPFQnSJhA3VC
Transfer 1 tokens
  Sender: BDNRuEfESCFpEGswUEZBZm12PZppp3FGpYnnCJvLKZJp
  Recipient: DLv4HftLESxZ7B78F6mBJW6S8HoYmJ4gLKJUs98CXQuT
  Recipient associated token account: 7GrSN5n9YbrvThj6C9S7BJqicfvmWJCyq5RHZtxS56gq
  Funding recipient: 7GrSN5n9YbrvThj6C9S7BJqicfvmWJCyq5RHZtxS56gq (0.00203928 SOL)

Signature: 4aGV5YCw5ZQPxohHackm6x2vxmPKkPqzKGVUAChomXv2c8BPM9UGMoCKYyJAtmMv1dBb993xgu725unRJwZoohs8

Transfer 1 tokens
  Sender: A8qSkVBM7vSSQqZb8fibjLCMQY8jFWjUQaR4fd6NzyR1
  Recipient: 5URSakmV37mRXJ2rETDRZEyzEVBE2ebySVeLGWhUUk5h
Transfer 1 tokens
  Sender: 2r1Wob3Q48JmgUCndAXGwP6guBWb42Y2sjoahH4oETwN
  Recipient: 98Ua49smTudbsk6aJ3nXqbuoWaxzaEVLfgFF27xEYx8c
Transfer 1 tokens
  Sender: 8n3KMsWWGMK2yprLUY2GngA7Zk2PTohMa1QJDNTLpkUT
  Recipient: EWC6ESChdBqExhp96XPMLXR65pXP6Ftuh1pPAVws4pmk
Transfer 1 tokens
  Sender: HtPDms99YkAPMWF4ANGUZ6zC4YkN35y6Dqy56AsBvrs2
  Recipient: BcwzmAJunqVo7M9PHuUn3srQJX73bd9xr5fJseCDGAZm
Transfer 1 tokens
  Sender: HRuGcWoyaifs5ADS2YLEBbMhzH7GYWEcqrLjDxXVF8gZ
  Recipient: DfzrVBck73vZAXDwerPC5sd4ZTCwZXfewFHjZWz8mjE9
Transfer 1 tokens
  Sender: FrMpJdyZcixsT4hkCZFuuBb8BzPWRXqrK2L3hSVBJSmE
  Recipient: 8NQSZ5wpdET6dzAao2Vg13BsiF4QLAFKPSntKAaggbLr
Transfer 1 tokens
  Sender: fXMvt6sCjb1bBWxEJNibXoRtborgqR1GnT3Js38Ym73
  Recipient: CzGDc8WksVkKyYWBaWX1CEAaadFjSt43saCdxA8voBPS
Transfer 1 tokens
  Sender: HfSjaTDRbVbGWF7PuCUHH2jp2QPLTZd9k6rVRnRo8GNA
  Recipient: G4yn6VjDQoRRgqKVt1fp2uei3rFHWWKA5JwWPMM4eCgT
Transfer 1 tokens
  Sender: 2SVgBYfwLesExFW7sdfTPtsX2FCrF4LMUWc1GMYrhGNr
  Recipient: 9nF2vqusHupTTNgw3quL4f3jorvPdJ8VBPv3Uw1xt3Mv
Transfer 1 tokens
  Sender: 4enAz61MVsgXgY4BbHaJv9FzCxBQqqzLhK28CEuSeeyp
  Recipient: vqk4rNkuaHbPHqCEf58R1na7QR7VFsZeYVqwxATJpRx
Transfer 1 tokens
  Sender: 395C2AEAnhhDuwXVf5Eic3unK9XzJCV3gjheeyMB7K1v
  Recipient: EbiiEeokfGmtcgnFA349JjoZ5EiiqfLXRhbU7zac4v1u
Transfer 1 tokens
  Sender: Gw5arYqkxrUbWoozz1vuKpJEpmJNYdfC3ooU8FMyHGu9
  Recipient: GNisgcTZZ2WS5PFAEkVUbFso3wNe22cjhmZiEjGcqeHD
Transfer 1 tokens
  Sender: Hpdt89i912bfpe7Dh9VJWMDpkFGuYBwhP7qb3X8XtN7j
  Recipient: 8qnoPHWBPGXad17FkrNvtnQXA96Wo1mfhvVuE21YoCkw
Transfer 1 tokens
  Sender: JDQRdhZ9KR9B3r9xEa2hMJjmxaSN9SFbjT77a6TUgTY6
  Recipient: BEivYChNwzFedVVfPqYk5me8gYX8ae3m4HKrM1zaYYPs
  Recipient associated token account: CPoZHdZeYNz2RLVWvjJFRKGZe9eC95tLzNFiU7y8kFJj
  Funding recipient: CPoZHdZeYNz2RLVWvjJFRKGZe9eC95tLzNFiU7y8kFJj (0.00203928 SOL)

Signature: 5WCED6YF8W8Vgi7YyBGarg1mwcYpFYPSSZfgXNkW26tq3mdLeHbSu98WKdWVFyYnuTxwu64emj5cF4rFAQTrP76E

