9f5uJTsb6JK5nfBxDLzw3XJWw8fqu1fWC8bXrM2i5BoM
4kjiVwDHYbftuBCE5ZtkUqSBZbi8ggTUe2K6qP7GFLKz
FE3EMt1pt2th4FAqryrPcB9qKFRHeDMHv1zhiDASRyM5
DkSjGNd3TumMdbBnoduFer4bt11HGsmsGy4B466Uok3x
EYD5obBrVJHPwwUzRK9XjCuEEB39fQhN1UXdZ2LjRfcR
GVm2ciNjG7tumLnDRWq4FhsMRd8TPxZQBzuEa832duyF
GQu68FR53Qgp5Gwf9KoxtXxTYC4RuLqtW6tHnoQPq9kW
G1CkNsmm3EiAYqRvuK2dvSshtAC32CaWMiwcqoyQDgCs
c9ZDqFQKVB8L3tYVcciVfSdTarv45dMBFtRPXYCT1UH
3dqvjzPhimyq1EDYg2YxYeedDjNpCjNVQLdReFvic7u4
5QgjzNGcPUjYEJFRbm85koCqnJEQRHc1f7fcRwjBRh7h
CaBaR7PArKrP8qrvtpZVgfnbwny6H9z4jTG8tzyYHsPx
HdUqmjg8Ldmnos8bT4dBDevbuXDGgAZQa4s4JdKFGiyv
9xMuioH3Fh6c9MQdwF5kw5U3qVQ15BriWJQdHioPr54T
7tT19tC5pGzCguqiQmpPubo5y9Pyrt3HDDdpa7VtkheG
BxzbX4zzR9dA9zMuyZtAQqLiwdq9EwBPK5LhpMEaV3Dg
9nVWaESTVdjpkdpZx6RjEtzKccwjhydbr85fc9cPLsdd
2iR9nowLLuhFqQPpcoqkqx5diKAYeN8VgMkykYPvgyMp
GMdPstUYUYvdMHnfRCL5NJEWGfiDcj94UrQaRjDtFLtW
AS7bJREJPmL28Apqg1HU6hsCmtmEPiLbwWs9LLKMdg3z
FEtxWoU9z2HaxAQX2JY6aHV4hVz1uHz6MiQyNdRmwdMW
Fdk6wLvC3NCBBfAEYPV4FF6fgAageQXypq6ne1tDLPQS
EiXLY7YfZ5jNEiLfRVXP993T3uenyV2uridAHVnN3Qdn
6DMyAtQCDxfy1wHfyKBzh8kWLhF8ZTgcKZYLdjopyk8t
HJt1uioDDDudPCQMyLTLcJfpqprsC9S1LtxWiKwHDEgt
