CCzmRSG47ZGzoJC2gBqL2EfZJ7Z4iGgHidEHHBJsE7pz
4Vt9j7P7ks7CU7pkrfB9m5eTtJBEpdeCVfhVgDwKvms9
5NynJkhvL8Pg5n5vfRYyoDzRj3zh7VYG5KtG8urYjBwG
BEYCoMaeRUHhHuHCcquFx1g7z7HUCRuDFSoSWnEj9EgX
CQCW8G27wFFe5ET7DbQ3jYPiVF9E3EGf8jA6U194tNqN
9CHNNoooR86zroDjc6x8MTjNNxNkmkuMG9tYnb7Z3jfv
7bb1d6pUx7EKWaPVJkX6ywHjL477Q8k1R8XivQm7Rsh7
63zPQrssbFxiLAW2H43aaKKfBaitdyLCs5VNbPhcS8ur
49Pvs77czvqqzmWJAjKhphL5yHax2ZqNcJKMcXvzUKQB
X9CaiLVEHH18RrfmU6cNszQ4AuQk6z2JRCSftD4Rnxi
DbygzCLSn8gMzkHbKV9c2DvneyGUia5udU54xBWNJ2vp
2483gfuJu9pQ8eHhQ79uCwFjDfroqio4qfBSw6eNG7PW
Jqyju1XaBZtpGzfEHsPyy9YsQGRpqH7YXT4n5WppsZk
85CrXJMxHinKhW1o4YDE7FDsShmVobZPy5KoTMpRX4MF
BhLCW7B9TyRmehR77eGoAQRiNW7WqoSef838KFwMog6F
HvC86raxVDG4n6mm8CZ3oXoBxzvRzcDejw56ebbLSpvQ
Chhxg9Kr68YaDDX5grsApNJwqKCnmNHLUNd4VBZVZau8
6C7ZHX5QoC9uSCjePiTkWSXmJy1KsrsBCi9ruUKSuDZQ
7Q65oiGsm9qaE1LBnUidrYgyAD37mgeB1oA43gC5TkEi
9gRNVGP7wu8frSdii3mYfbQ39vNdc145AzR5dCq1X6Zu
AYEftQSqMYqwB6Qq8kfux8pm1RdRHoom1VLPA3ajs23h
6cbmh9KKFRD8uDN2L3q7Cm7YUhRbwoUfsaQRE5ara1Eq
AYD8s25pgm49ssfD3kiEwdPUiKVbfwJmG6q276nCXWA4
F6m3kmLuya9mtrPCdcfMwGgsFneh9Rg9g22sQgM5bayw
BFXh9Rw6zwmPcPmXhXD4qXVghHfY7KYDdKv8dK8Kd8Bd
