Transfer 1 tokens
  Sender: ExHu6snDf2QLC41pcrPk9KfQgvQMQUSbV1iNfzc3avBK
  Recipient: 6Ah3R4nf6C1i2LifmTTs8mX2oNdAyLiXPGGJ7wJ4oZXK
  Recipient associated token account: 7hkqsgEebcYbet37j9DYWjCEhEbfH7urJ1voyj4Wr65Q
  Funding recipient: 7hkqsgEebcYbet37j9DYWjCEhEbfH7urJ1voyj4Wr65Q (0.00203928 SOL)

Signature: 3WkdMRCjBAzJ2CEs2AzvsrA6QHqEWbgRZhWr6jPHAV3Ge2nJ9FEke1Duj1hG7SQSLEm6nC1Drr5mHoSb9UgEaQCu

Transfer 1 tokens
  Sender: ESME2QSzMJrTJTr5crNd2RJPorverMr9ZVPaGw15T8da
  Recipient: 24FmjG8Luc1cTcyDpC4uT5NahaKH8N5nr8M4AroYMPyo
  Recipient associated token account: G8sArhjXPDYRwgapDWtrtCBc9FzVdaGMsoWoonZvFsRX
  Funding recipient: G8sArhjXPDYRwgapDWtrtCBc9FzVdaGMsoWoonZvFsRX (0.00203928 SOL)

Signature: fHnSjgYEhJj4TYits19hgqV7wtopRPVW6J2UWg8NXxSF3dPF47V8pN5FvQFQV626vHRZn1vosjJkPhsSkP3N2sp

Transfer 1 tokens
  Sender: CNcfAHDFxnDCiqMFnngRgwebQ6AF7CV5RzcfDte2Ns3p
  Recipient: 3GFSEgAQb4niaJRPjKUFxKpXpyJjZWijgM8pnbk6GYzA
  Recipient associated token account: 58viyvd9JXjXhKtTNRWW4XMqC73iVhRQXX6fKishwQR
  Funding recipient: 58viyvd9JXjXhKtTNRWW4XMqC73iVhRQXX6fKishwQR (0.00203928 SOL)

Signature: 2aGHPMvMSsUUdEL5EGAX6GqDgdR26dwFG8mBavisFvrbJFzpUP5ApB3W2rz1z51q9rgp4mRKubY9azAhxEM2ksky

Transfer 1 tokens
  Sender: CVnvMPpGNwEEL4cckph9Pgk32A393hPgmctiCtWRFz9r
  Recipient: Cf9R9j8jTbEL2hxoSPpvHqT9okhaQxbgNEQKtUG6tj75
  Recipient associated token account: 39Fz7uYLuBeBtVDT3HppqRE33uVDsyUAekb9VwDWaqiA
  Funding recipient: 39Fz7uYLuBeBtVDT3HppqRE33uVDsyUAekb9VwDWaqiA (0.00203928 SOL)

Signature: 3qbEm2uuYcy1vxL1PE5KxTtV4CNRRfytD529EmGr2afUheeTBWb5fumN2kRT5Xyxg7PAgzoLLEdLBXqaNmJm2AfU

Transfer 1 tokens
  Sender: 7pcpd1iMhWpp1ZoAtFuP9iUbvhkisbFQSJSocJCBdDcA
  Recipient: HSMpu91pytUdBFtKqUkeBcbzZNKCseyZP9xoV3fLJuZh
  Recipient associated token account: CZP6diWiikgFE7iRXtfTWSLKMa6fg2WNnqBY4r4dpCYD
  Funding recipient: CZP6diWiikgFE7iRXtfTWSLKMa6fg2WNnqBY4r4dpCYD (0.00203928 SOL)

Signature: xyhnKpVm4RoLzQAchusWGoJGVo8HbPSmw3TgFwB5iaoNTsGYV7mknjAHLL8U3ZRXk8wGEagsywDPN8gXzZdDvF9

Transfer 1 tokens
  Sender: A689rfmnca33xwwAP6AyTEdbx5Wio2Tu1Akp56KCK7AS
  Recipient: Fv9B3iH37xap5fv4v2AGKSivaZWKNZRC8rorfwtCStAJ
  Recipient associated token account: 9BDA7CMnPgAzKfuRjgnWqsRwehuKkQ3seYczsUTWaCqj
  Funding recipient: 9BDA7CMnPgAzKfuRjgnWqsRwehuKkQ3seYczsUTWaCqj (0.00203928 SOL)

Signature: 3gjK8RCY6dtfpov3FN2bSRMoEaV9CoCucGtmsV81g7ZAcFJqLarEmwHqRGJ2REZXx8z4YckyjXUpqZeM5E25dgWz

Transfer 1 tokens
  Sender: BUF3deCp2fppxu1sKBV1a2Xa39p2XBU9n8yGCbcF9QZC
  Recipient: CGjEexuki8tYteRxpEEq28ivbcsV8aFmhJS3RTZzM7vh
  Recipient associated token account: ALc2Pvx7ymWzwFShNYFwkJ8QVNqWDWMkn6mxirRgf5m3
  Funding recipient: ALc2Pvx7ymWzwFShNYFwkJ8QVNqWDWMkn6mxirRgf5m3 (0.00203928 SOL)

Signature: 5WbBLGrMpgaN6URFWkqpGp6UnnYdJMNHSNSPtMndVe68NUoQLBrtr7gxeoq88hPvmK3bh7nPnTgc1g1tFsxEfxS6

Transfer 1 tokens
  Sender: cmhVsoHF1hcPwDW2rweg5h3vtzkFdFTh8xXHc5483jP
  Recipient: BtHKvqrVTqWb9MYvZ4GsMsg4mc5PhgaYFVdZnCwQDh8X
  Recipient associated token account: E3Yk8diY9nn7yGSRG3HWTBjVqYLN8WVD3tv97sQ6dotd
  Funding recipient: E3Yk8diY9nn7yGSRG3HWTBjVqYLN8WVD3tv97sQ6dotd (0.00203928 SOL)

Signature: 43sY2T1hcuqq2TbSSaA7A8U5UoodwjPRG343EtFqDHLK64Rb5PqYjXAJojipvoJmx4p8EDJmdwKy2Szfam6wVAnz

Transfer 1 tokens
  Sender: 8LLUgA8j6LtfHCjrdV2DtyZVnzz8qK3S5YEeUEeGtzTU
  Recipient: BcwzmAJunqVo7M9PHuUn3srQJX73bd9xr5fJseCDGAZm
  Recipient associated token account: 9wLF5rbgfWMnkTvtiFHiJBCV4RCuxc1uXMxV6qJTNmEh
  Funding recipient: 9wLF5rbgfWMnkTvtiFHiJBCV4RCuxc1uXMxV6qJTNmEh (0.00203928 SOL)

Signature: 3CYDXFQntnpefoHQZjJcPVyqirfLn5zsopGreZcqfbWsrRZ2XxVp1Ssn9gemuAemqUF1dkbtUxmeeuVAuDs764Ap

Transfer 1 tokens
  Sender: ExHu6snDf2QLC41pcrPk9KfQgvQMQUSbV1iNfzc3avBK
  Recipient: 6Ah3R4nf6C1i2LifmTTs8mX2oNdAyLiXPGGJ7wJ4oZXK
Transfer 1 tokens
  Sender: ESME2QSzMJrTJTr5crNd2RJPorverMr9ZVPaGw15T8da
  Recipient: 24FmjG8Luc1cTcyDpC4uT5NahaKH8N5nr8M4AroYMPyo
Transfer 1 tokens
  Sender: CNcfAHDFxnDCiqMFnngRgwebQ6AF7CV5RzcfDte2Ns3p
  Recipient: 3GFSEgAQb4niaJRPjKUFxKpXpyJjZWijgM8pnbk6GYzA
Transfer 1 tokens
  Sender: CVnvMPpGNwEEL4cckph9Pgk32A393hPgmctiCtWRFz9r
  Recipient: Cf9R9j8jTbEL2hxoSPpvHqT9okhaQxbgNEQKtUG6tj75
Transfer 1 tokens
  Sender: 7pcpd1iMhWpp1ZoAtFuP9iUbvhkisbFQSJSocJCBdDcA
  Recipient: HSMpu91pytUdBFtKqUkeBcbzZNKCseyZP9xoV3fLJuZh
Transfer 1 tokens
  Sender: A689rfmnca33xwwAP6AyTEdbx5Wio2Tu1Akp56KCK7AS
  Recipient: Fv9B3iH37xap5fv4v2AGKSivaZWKNZRC8rorfwtCStAJ
Transfer 1 tokens
  Sender: BUF3deCp2fppxu1sKBV1a2Xa39p2XBU9n8yGCbcF9QZC
  Recipient: CGjEexuki8tYteRxpEEq28ivbcsV8aFmhJS3RTZzM7vh
Transfer 1 tokens
  Sender: cmhVsoHF1hcPwDW2rweg5h3vtzkFdFTh8xXHc5483jP
  Recipient: BtHKvqrVTqWb9MYvZ4GsMsg4mc5PhgaYFVdZnCwQDh8X
Transfer 1 tokens
  Sender: 8LLUgA8j6LtfHCjrdV2DtyZVnzz8qK3S5YEeUEeGtzTU
  Recipient: BcwzmAJunqVo7M9PHuUn3srQJX73bd9xr5fJseCDGAZm
Transfer 1 tokens
  Sender: DA8V65RK968ANkDNn8Yx7RFvbuVvU8dCJFQiQaL7zrsG
  Recipient: CvzD2R2BMrnmaJzamdrXL6SWwPp1eiY1F3EHjVp7EkwX
  Recipient associated token account: 6h2UhKJRXEmy8qKNCKyHtWA76CUsRRYxJ8ZEo9oieNhR
  Funding recipient: 6h2UhKJRXEmy8qKNCKyHtWA76CUsRRYxJ8ZEo9oieNhR (0.00203928 SOL)

Signature: 2R928tv3D3y2sBTFhxKhtCkekWHNTTYxpuLJU1dFowV2baDV2v16xL6dy121i7wj2Mfc87yRn3L7XMyEKc94RHh7

Transfer 1 tokens
  Sender: 7pcpd1iMhWpp1ZoAtFuP9iUbvhkisbFQSJSocJCBdDcA
  Recipient: HSMpu91pytUdBFtKqUkeBcbzZNKCseyZP9xoV3fLJuZh
Transfer 1 tokens
  Sender: A689rfmnca33xwwAP6AyTEdbx5Wio2Tu1Akp56KCK7AS
  Recipient: Fv9B3iH37xap5fv4v2AGKSivaZWKNZRC8rorfwtCStAJ
Transfer 1 tokens
  Sender: BUF3deCp2fppxu1sKBV1a2Xa39p2XBU9n8yGCbcF9QZC
  Recipient: CGjEexuki8tYteRxpEEq28ivbcsV8aFmhJS3RTZzM7vh
Transfer 1 tokens
  Sender: ExHu6snDf2QLC41pcrPk9KfQgvQMQUSbV1iNfzc3avBK
  Recipient: 6Ah3R4nf6C1i2LifmTTs8mX2oNdAyLiXPGGJ7wJ4oZXK
Transfer 1 tokens
  Sender: ESME2QSzMJrTJTr5crNd2RJPorverMr9ZVPaGw15T8da
  Recipient: 24FmjG8Luc1cTcyDpC4uT5NahaKH8N5nr8M4AroYMPyo
Transfer 1 tokens
  Sender: CNcfAHDFxnDCiqMFnngRgwebQ6AF7CV5RzcfDte2Ns3p
  Recipient: 3GFSEgAQb4niaJRPjKUFxKpXpyJjZWijgM8pnbk6GYzA
Transfer 1 tokens
  Sender: CVnvMPpGNwEEL4cckph9Pgk32A393hPgmctiCtWRFz9r
  Recipient: Cf9R9j8jTbEL2hxoSPpvHqT9okhaQxbgNEQKtUG6tj75
Transfer 1 tokens
  Sender: 7pcpd1iMhWpp1ZoAtFuP9iUbvhkisbFQSJSocJCBdDcA
  Recipient: HSMpu91pytUdBFtKqUkeBcbzZNKCseyZP9xoV3fLJuZh
Transfer 1 tokens
  Sender: A689rfmnca33xwwAP6AyTEdbx5Wio2Tu1Akp56KCK7AS
  Recipient: Fv9B3iH37xap5fv4v2AGKSivaZWKNZRC8rorfwtCStAJ
Transfer 1 tokens
  Sender: BUF3deCp2fppxu1sKBV1a2Xa39p2XBU9n8yGCbcF9QZC
  Recipient: CGjEexuki8tYteRxpEEq28ivbcsV8aFmhJS3RTZzM7vh
Transfer 1 tokens
  Sender: cmhVsoHF1hcPwDW2rweg5h3vtzkFdFTh8xXHc5483jP
  Recipient: BtHKvqrVTqWb9MYvZ4GsMsg4mc5PhgaYFVdZnCwQDh8X
Transfer 1 tokens
  Sender: 8LLUgA8j6LtfHCjrdV2DtyZVnzz8qK3S5YEeUEeGtzTU
  Recipient: BcwzmAJunqVo7M9PHuUn3srQJX73bd9xr5fJseCDGAZm
Transfer 1 tokens
  Sender: DA8V65RK968ANkDNn8Yx7RFvbuVvU8dCJFQiQaL7zrsG
  Recipient: CvzD2R2BMrnmaJzamdrXL6SWwPp1eiY1F3EHjVp7EkwX
