FWPMGkkFacSvytRBGvud4HuHSMHwBmzyLaWB3FxKM637
Fg3kAhtBZwVhAxrAXH19kn3ssEZhuaDZCRtbU1X5XpWg
2eBBNzw7DeWuYfWhPVGanm7VyYogiWKjSRcAHhcDFSMd
FcwHgU7TgMuZqk8vd7DHbgbZQZ4gDLWLoLrvYiboRqWw
25b8w8wTRa7REcwkxZu1fpcd6a17AkdATWPuCP8YkQHw
CYVikdfqKK1SmPasR93k1p6CntrmqGW4YcoSYQQ2TeVp
HUCKGLrHmXngZeqY41s2WKnM3DSgJeE3woRd59iMZg7x
AEUto3eFWHLAmmVRq3Vo2fmHXwte525jQGG6D7pN4RRd
7FMK2TiccyaCCyqcVAnvWMzgsfSJvxvrpTxSd7M1dJgd
4fVZsRdDcUnNrT3wKTkC9CNfKJA25pCGtWxfy6i4ykWv
HpcYvvyNRzva7uCvN1HRBUBrou4TW1i42oXYPkkXN6tU
9Vt6ZsW7PCQW4LPkf1YoJ88oVbZYBnT1KjWS4WhX8yQJ
6XHt7CrURSomkQrtVXV5JuKSZY4tQRpUyQKfCDaSTYaD
5mgVoKP2bdcU92LHvXs7b37i2pJqA82ah5YVNsvCaD2s
ELNus8jcmWsUAcjDeHGCRGayqy9d7ScR1Eh5e6AUYKRm
AhbavW4N7vvmGnMFfZKzCifnEKnFEJmVBgv8ngW3mDCn
7RZeCmRg2a2EVF6o8EZq9p5FSD4ZJQaziJQNw22GxD1Y
AgPhAsvcwPfT8bcAQxfyvymHdS9enkCzHDZP67ihS5YM
4feGgguZ8pfDacgzWMk2rpp4odg53QvY86TjoPtycFbF
HiekUR1eDhKtR5gpMjTCEe5iA37XcsuH2pWdtuFJ7xNM
FsBMd5URieGPWAyTsYpogM9URzyXo2oxznGbHZJARUNA
EczHAfEajWAwvFQ6t8ns9rqxCr5XQMqqfbZxBBJBZByh
4VdkXVVrohXzt1YTNkfJUbHR76Qr5VSmPPsRoBdB8r9T
BBcnpuGSbDbMhZHugVRhURmfdFWkieXskLyHvqcFMsbT
6ykYU3fWNQnoNunJKDLSVSZWCMPoajoE8EVNzKCYs9qT
FHoe16tCF1QuyVKJkPeHiDbB5DNZHpgYewb2w1Ha81NY
4mjHt3pmKZkY8tr7ayT5kBwcmMpK9W4rVwfU2CjBUz86
AiY57XY5SksuYzSnCmsUYdYbDhJncuiyXR5WQfiq5YiU
8WYRXiQXQSoAMw8A25HuTiTmkg2Ax5YTaBxmHZk6s5LY
51oET2dy4vCmZ1JMGYR9hbsvsLng1vcLD6z2AZp1uq1j
EMJ9WcNWL3edaz2zv6aJkf5V9A114PfoyVSNc6jDwTR6
oERKmWuwnAx7MsqkLfgmLUeahUrfv5j1JrDb5JxyvVk
8DUt4hCibfHYGx51R3AJiKevfay7iZCsSemU4NQo86en
AouXEBqiEvLW8qV4Ri2rARVmYYDo5ehJ13XsaqKV5XL8
HSPnUTmBL1KzqYiX1cQHVU6DkiAWkiQ3q7KHBcEfkJUu
k8APHEghNvUvRED7fvRKKiVsRxpjPrRqpovPPBzwGTB
7nrG7Yne4hepnxN29urXuEv3qG1T4a1uBTBjGg7emZ17
BU9GQbSnXQcF59sm5VW5vM4QP138cM6s2vV4p4HhrDjY
B2HWFUruRZggNzsBRJHWMTn3zC9W3gYivhYr3WVqjaav
2n5PbADyQXeCMztD5wnZjF3Nn2w8PmCmqSQ68TT6Q6KX
Cm8cYtgtfyULCzisqUnMg68aqqi12PGZScouQfJRfrG3
AzmgakTxLAutgbcNkxi3S4M6MvuZvwcrzMc43ErMFk4h
ATXM89GYmkfp1uPVfx9wh1Sh1sZbPLpQqFqtXCUWrzPu
5K1s9Xi92qd4ZbvR6GPPv22MQYMVX7TABLLyZA74MnSC
HQa6qZBGcqqtCwg7pnojFPWbN7XyeVuMYDwHCYW2bN9Y
6CynYkThMB9r1b7aWoJeP1UGhq9CyFTxt78gQgtgZCU1
9ej7a4re5ZsayUKYpU91q5UEakEjCwK9mFb93zDAKwUM
BcwzmAJunqVo7M9PHuUn3srQJX73bd9xr5fJseCDGAZm
7N6Vqen7PvFwZY9WwDPJ7SJNxZbSnjT3nwai32eYPUg4
KwQ27yEuXPR1mhN8tTexSDQ2VDXJsZTqpf7J4k5ireo

