Transfer 1 tokens
  Sender: Cu5pJ1xxKtdggCJBdwqS34LreLxz9APKjnesukbYZWMf
  Recipient: 51oET2dy4vCmZ1JMGYR9hbsvsLng1vcLD6z2AZp1uq1j
  Recipient associated token account: EbeVKXTpipyN8NPxSGJY3m9uu6P38uZCctyBH4MoUaV1
  Funding recipient: EbeVKXTpipyN8NPxSGJY3m9uu6P38uZCctyBH4MoUaV1 (0.00203928 SOL)

Signature: 479ErcT5GaknsmT7APZUCiDuB8A3efCZeLegCmCsnvzPHRBKUh61AHw3nixHW4Wu5NCz7CtQ4xcESWdE2ufUMMva

Transfer 1 tokens
  Sender: GQBTVN5SXzrTVsF2JQUfZpicBAkQKGS1qsJE6FCSJ1nm
  Recipient: GP5wZ1hEfpD9TxhZzPGQVWSS6VVBaGY7J6dt8KeQuPxv
  Recipient associated token account: 3ysFN1fUuoRAzHWeZes1EW39NMYuPhoEtaboPPxoud4c
  Funding recipient: 3ysFN1fUuoRAzHWeZes1EW39NMYuPhoEtaboPPxoud4c (0.00203928 SOL)

Signature: 4xXT17p6SqAZ6rBHfPPSKxvT8JCeMLKt8yokcn4FUmxwwSfNjTGsoHKnzLDs6WUpacwnB7i2vgqu5UjKCdL6b1mK

Transfer 1 tokens
  Sender: 6iDPr2szRWqE2jJRevg44P83uTV4axtNKx6abk22dGU2
  Recipient: 2xAviNTmLU42Ni8B5Ae2vhs4Yy9X2nJ35AnEDzZgL9cB
  Recipient associated token account: ELA3UBLtGxuoHbfvFE9dHRR1pJizHUZQ5eRYDyAAa6Yi
  Funding recipient: ELA3UBLtGxuoHbfvFE9dHRR1pJizHUZQ5eRYDyAAa6Yi (0.00203928 SOL)

Signature: 5uZdNP8uSNruqDt156mBbdNfYauZ2t36Wf7eAENEEZcU2RH4eZm69xMr1ueQXw5xsVbArApJ8w3Pp6Mai9H7a9uQ

Transfer 1 tokens
  Sender: GxtzCsNycB9SNraiL4kKcwZ2X9Z6C3k6M5rXk42T7F5p
  Recipient: 4P1TpNg524esR7eNhc4auQUFxazSa5CTYukM6FmHBFec
  Recipient associated token account: 6T5vJihvVMQUuB7dVr3boGxQGSRNRd1gkhbMZwDjGt8w
  Funding recipient: 6T5vJihvVMQUuB7dVr3boGxQGSRNRd1gkhbMZwDjGt8w (0.00203928 SOL)

Signature: 5KEnKVaf9vTdfzLq5QwN4fwpnk6ny1yfasKJZ9VSUuxwzHvwPm8NDSwKh4bBrWKXEDbdMyAvPUPhfCVAnAwkaFy2

Transfer 1 tokens
  Sender: 8HoTzBMxf3Cw2aeVy74yo4nA29ycNcULBf4dD18YNjpF
  Recipient: 51oET2dy4vCmZ1JMGYR9hbsvsLng1vcLD6z2AZp1uq1j
  Recipient associated token account: 7pmBzEtp7EGjh8a2UkbnZZE1iXJqG7u3QxdVaAUbvSGe
  Funding recipient: 7pmBzEtp7EGjh8a2UkbnZZE1iXJqG7u3QxdVaAUbvSGe (0.00203928 SOL)

Signature: 3eNarzKpnrbPn1uESE2zTm4H11j4qqLoyEsDTA9aiPkkusJTSLYn7wVCFGxoDj84zfJMA2MNboZeuzGoLoobvi5p

Transfer 1 tokens
  Sender: 83jGoiBsgo9sWuLurN4uNmvepR32KUUnhG6b5YxydfU
  Recipient: C9u28tV9EcKf6iqCxcQvh8M4fnxtWU27vmS3gVwwVKSm
  Recipient associated token account: 4dpF2QDT5gSZF7wtzBM7UoKMfpvgtjxFB29PdC7jHMUn
  Funding recipient: 4dpF2QDT5gSZF7wtzBM7UoKMfpvgtjxFB29PdC7jHMUn (0.00203928 SOL)

Signature: QMHiMBN2Efp8qfL9vosAZB81JNeW4HyDdDckd7miDX49PsSNXsZkLWqvxQJZXnjZeCDpsEJ9Cx3GYCViqwns48j

Transfer 1 tokens
  Sender: G6ScvWoqrst9yc7q3L7rBuUNRTT4F7n639XgrL2pFi52
  Recipient: Z5jseT2WjXMQvUU85a3usfEEqLeSnmpGXiNTH6k97v4
  Recipient associated token account: 4jM4dU8jmk9nt9ok4HPiqZss9z6mNGZUDGPCA8no6qkp
  Funding recipient: 4jM4dU8jmk9nt9ok4HPiqZss9z6mNGZUDGPCA8no6qkp (0.00203928 SOL)

Signature: 2ycHycPok2Ek4izAn65g6vGNsFwuZCYjNQfeg29GWL5k5iJFr9wkHjEUkVXMEvREAt6Cas3NBTXmRUceSbN4e2yU

Transfer 1 tokens
  Sender: HfXMtkpsyYYzLw18xjLpyaqngrbKzX4L3xtgUz2og4Cq
  Recipient: 6ykYU3fWNQnoNunJKDLSVSZWCMPoajoE8EVNzKCYs9qT
  Recipient associated token account: PNxudPp8F1UwJvovyw8YDDHtbJ9UuH9HZrWTB2E1zyn
  Funding recipient: PNxudPp8F1UwJvovyw8YDDHtbJ9UuH9HZrWTB2E1zyn (0.00203928 SOL)

Signature: 2meewhGfUd4ACnWt1NF6rvjNzDLho1bQrWGX64LcBh8wgUU3cDSEWJVmgrukARABCSwC9rRJ7zNQ1cdqdEi9QfD3

Transfer 1 tokens
  Sender: EN4nTUyc7VyA4Red2zqh3v9cmGZb41zHPPQf3jPPznow
  Recipient: GryqvMoqZFnmTxVMduzUQt4RtCZZCTKRZwLNuL4KyKsa
  Recipient associated token account: 7mcW2Cndg1SWxMDiJ4CkJpwo3csoo9KsaUws8V17JTyf
  Funding recipient: 7mcW2Cndg1SWxMDiJ4CkJpwo3csoo9KsaUws8V17JTyf (0.00203928 SOL)

Signature: 2yhpnQuEeeKBvCSYHLyXGGFhej9rRn2qj9neoGQWRb9BEhQE8DKbppRphR5E5BDCPNtwfn3drdVQfs7KGY6tSBcv

Transfer 1 tokens
  Sender: EnHg3DJfGYy95EznViPXNZBA1dYvZ3JiDo4RtSY6xd4A
  Recipient: GBvdzrFqehuHNLc4NvRUQhgVnKjfF5Q2fi2LrBDYivpe
  Recipient associated token account: 3PWSZfCY5A6CjrEPQSuhegyoj4AVTqk68ktspyZiGJPP
  Funding recipient: 3PWSZfCY5A6CjrEPQSuhegyoj4AVTqk68ktspyZiGJPP (0.00203928 SOL)

Signature: 2a4rvYnfEqtBmwe11tjPsFHJ8uUkYzQZDGTQPFnc6G82QX9qU7TxyMfg1LL84fQEkmeMQn5yq7XduXhvcdNZyeeB

Transfer 1 tokens
  Sender: 7196rNPwdrpY6a7jwMT52va1z9VXXRhhVq1uJ3DZQUwh
  Recipient: BxASWxha82Gq87axcFsuwaUM6WUhbK59WG6iHBHPmtmM
  Recipient associated token account: 4bFfAfS1FJRmmsGjtwqE1e1JKT8MDKcnxPJuuFg8WcU6
  Funding recipient: 4bFfAfS1FJRmmsGjtwqE1e1JKT8MDKcnxPJuuFg8WcU6 (0.00203928 SOL)

Signature: gTqo6nMTUFTPDwV426Hg21dAHxdC3uQRkLfv4HewAAvChQXahJpYBZouC8dajRZxGGdHi3EVBBUoZuGSRxzrPXK

Transfer 1 tokens
  Sender: J2T9jNsFzbpaXYgWCauFvvZte6PXKFbue4uGKKJonvSt
  Recipient: 9v9D9kvePLBANY4Zx2PUzn75dHuQMMMcs7mZLYy3gMaF
  Recipient associated token account: 3LZYY7WkoLVmfr5y3Rcyxs7UAeLWW9Us7S5nRgfmdwKL
  Funding recipient: 3LZYY7WkoLVmfr5y3Rcyxs7UAeLWW9Us7S5nRgfmdwKL (0.00203928 SOL)

Signature: 4q3bL4KbsAcbkpyGGRpuVmu1M9DCpmx9tHfSiVfBUB9xov2tm5atnsKHsckz9Wke6UtFJqsuLxvGoFyznMkBkWw5

Transfer 1 tokens
  Sender: GYm1qH2EjXiNX5jFu94qm6woR6CET7YYBEcHabRULwhF
  Recipient: AsNFo64v8Tg7oJooMvusy2ZLsPSGWb1isqWDrRDTxQez
  Recipient associated token account: 6oJAtvJqU697uas3iQC3E8NYJ6URTSTJucbsG7UWgaR4
  Funding recipient: 6oJAtvJqU697uas3iQC3E8NYJ6URTSTJucbsG7UWgaR4 (0.00203928 SOL)

Signature: TBsnbCvhmSiZQLeuyLQXWCCnoTaS1oAJ7K3WDhyWbxJBpoFNFPu6JjTcMH4TJeEh9MyXGLBGvrheZVcE7UWGZa4

Transfer 1 tokens
  Sender: 48axzYbJUE9kPmYQCJ6RzQ5fzjM4s5Qd8QFVwGptyBSk
  Recipient: 51oET2dy4vCmZ1JMGYR9hbsvsLng1vcLD6z2AZp1uq1j
  Recipient associated token account: AHXmaRXg2SfUHvy7XZ21h86ux9vKS9Veq6RptnJ5Jwzc
  Funding recipient: AHXmaRXg2SfUHvy7XZ21h86ux9vKS9Veq6RptnJ5Jwzc (0.00203928 SOL)

Signature: 4MmXUqdw94MdcXEANZy5i6NjSw6rajYeJP23vH68kPQKyk6wNiK1rrrzKfEeMHLGPcmoC4qCmqrDwNekBCQvjASV

Transfer 1 tokens
  Sender: EJHH7gzFcYFtTSeJv7byhA3ibc5WGUKDDe2vjdxwczcD
  Recipient: 4dqkGoq4VtjmSvoE9m7wEQWMv5qJnCLoCdEUG1ziiQ4G
  Recipient associated token account: HE79fearHJTgK7MAgx7UrrGATuAY5bxCEfYmfUALgu3Y
  Funding recipient: HE79fearHJTgK7MAgx7UrrGATuAY5bxCEfYmfUALgu3Y (0.00203928 SOL)

Signature: 3QLh8cWQiTWiV7XZsMbaHc3VoyZLr98ogzXnMcaQdvmp8eQLe8AjfN8Ph9rG9T9ApuWut4d5vfX5YjfH4fR2vaqf

Transfer 1 tokens
  Sender: 5bnGh1HYLDsipUnxnSyULdpaWwsFYVd98qxrFdZHVHS1
  Recipient: HBBkVN9gc8jwsLWkyhW37UQbN3JCeBAK5mCqzdrWPTha
  Recipient associated token account: 8nHxwu3KWGNs8d59SwU9MQU7GGhg8Hce5oAP8hVoXr5D
  Funding recipient: 8nHxwu3KWGNs8d59SwU9MQU7GGhg8Hce5oAP8hVoXr5D (0.00203928 SOL)

Signature: aSTAqf1eci8BojPpYRp8rqH5tMgYDU49BQZ6hkKNpkcnSC9PNrt1CvvbQFx7gxRpRnbpAdQ5CVHr8nDxQ4jRZ9x

Transfer 1 tokens
  Sender: 4dVW63gbLBynnpVMoCeysV9Jq6ywhktovtkfowbAkuCy
  Recipient: 69ryYKnU4mC4MbaozQ29KmuToNjNDdtRspQZD4Fp1aYx
  Recipient associated token account: C5QrUtejAfWqFi63oFVG85xDf8cMmE32oT7Tx55SRtxg
  Funding recipient: C5QrUtejAfWqFi63oFVG85xDf8cMmE32oT7Tx55SRtxg (0.00203928 SOL)

Signature: 3ERy2DTSXGGXM3zvBWnstvT9u7oXtNA6xZyofcTjmrx97qn1BMauX36oa588WfihHgwFunwhmDKbtCe534VhkWsi

Transfer 1 tokens
  Sender: FpLzp92AL3WYj4aNFgz1g1okyCEzYiUBbVXv6Qas776i
  Recipient: 9t5Tp3AM2JEEcLBRAg7CoRu57u8i6AmogjES1YQ9e1eh
  Recipient associated token account: D7ybpTNiHsGzy1Z1Y4R7nTQJk3xqC1y78hza2iVzSbQZ
  Funding recipient: D7ybpTNiHsGzy1Z1Y4R7nTQJk3xqC1y78hza2iVzSbQZ (0.00203928 SOL)

Signature: 41dDN6M1C4Rrh85zBfzstPzCjZ6naYFMDqLKDWAv1AExavaCaPFQGhzh41JCqF4LyHEtgbX4j4x2hBdZVd34D5ve

Transfer 1 tokens
  Sender: AcbZg4JoVw7dcu7B4YkNz2DEuBpqVsWMbhCFpmd13Hwa
  Recipient: 2XQUudVBiAuUszo71JcEy8HN9JECiLmNv5jdACe45rLr
  Recipient associated token account: 6BmDc7xmC3b2H1XcveRThZabmjsLuQjtJvUMRKhPpHrv
  Funding recipient: 6BmDc7xmC3b2H1XcveRThZabmjsLuQjtJvUMRKhPpHrv (0.00203928 SOL)

Signature: 51jxhHDqGtu1qovGf1cjoqTgpc8kLge46WNXSoFnncfusdj2ZCtRN6dTw1qcDuJbrfWuZbEGfsQraLgouFRDyJMY

Transfer 1 tokens
  Sender: 7XWGNmcjpu7SU4LgfMmEHrcsemP5sBzVitaY7c6D7j33
  Recipient: UDgkXzdnpRqT1adpbeRy1LULVjxY6NTWeVRTG5ZFWzR
  Recipient associated token account: HanRChDZa3qSjTidB4Kjg6sq14qSVXHGVNACbXm3AARt
  Funding recipient: HanRChDZa3qSjTidB4Kjg6sq14qSVXHGVNACbXm3AARt (0.00203928 SOL)

Signature: 3FyV4pXN4zn9X58CJzcfcNKBywt9S6L77zAcfa7CBMWMQvAFAJZCCs9Zp7FPUKHHNjwW2dMzxDPkpkxqtRnukEaT

Transfer 1 tokens
  Sender: GQ8b8Fw8aVuVnxD5DZh9WEcMnXdheMnBnNvRRCeggtGG
  Recipient: 8bXJ9UEQ8RUFw2mpy8eQYb66oBu9gM2z49XXfsHB37Pu
  Recipient associated token account: F2vredZWtMuyignTs2JhuHSYKbL7geH9WWaGMj968kvw
  Funding recipient: F2vredZWtMuyignTs2JhuHSYKbL7geH9WWaGMj968kvw (0.00203928 SOL)

Signature: oWiB4c86Ybc8RW7NdZN63JpieDM4ARaHkPZWS6HBdmroqLkrtsazap7qivUnMvRXDtajeXzwRiJMiMFJKgUBt6Y

Transfer 1 tokens
  Sender: 7Kiwc6q34DwgDD22YDmm47CuUd277UTsfq75uy4qtrB9
  Recipient: 51oET2dy4vCmZ1JMGYR9hbsvsLng1vcLD6z2AZp1uq1j
  Recipient associated token account: 55JmmFafHfbDhasZ5RTcXrovBtkQtVd7inDxrASLFN7m
  Funding recipient: 55JmmFafHfbDhasZ5RTcXrovBtkQtVd7inDxrASLFN7m (0.00203928 SOL)

Signature: 4ykGT91aXnF5K7PCWQsEDP2X9q1ystLneiW3UC1Kt7RwhPZyWydr1y2Y3MryhS7A6Atyv2ekjXkB5GKbATgGXvCU

Transfer 1 tokens
  Sender: yRtQEk3v9PtfVExbnjWMTYMjRrCKDk45X3N2ScePi4q
  Recipient: GyrzWsvsPYmnJ2ZSpxu6tJvFZR3q2jixuCgBJsdtm9kA
  Recipient associated token account: CHD8JBvBBskPxP5Jw3Q8QWbYsTWnKGPTcMYuEd3J96DM
  Funding recipient: CHD8JBvBBskPxP5Jw3Q8QWbYsTWnKGPTcMYuEd3J96DM (0.00203928 SOL)

Signature: 3ixstV4CvrFdcWx2nyXmnyZQSiaaBJtKjb3LW6q5DbiaNav89kK9h43S4tu7hiiC8K9qrcipT2iG8wHmrYPJxkFg

Transfer 1 tokens
  Sender: 6zC3dGJWt4tzx7Ar9RvPc9hwCfxmDJbATojjoavEDUmK
  Recipient: 8zfdGUKpemtzs2Ypb8reoN3A43o1ZkbwFCBNzpUeFeUo
  Recipient associated token account: GLnFXPQ3PDQyznrAEjb9mS6YQEaoxKwvnEQXx9Y7DWLy
  Funding recipient: GLnFXPQ3PDQyznrAEjb9mS6YQEaoxKwvnEQXx9Y7DWLy (0.00203928 SOL)

Signature: JgpAoUmfnoJBJ8E6kB8qjs1ueJMMer69pR8PQLSLF75DSzu278XW4copwahB86NhcCcUK2LumC3MAWiF5W96RKj

Transfer 1 tokens
  Sender: Cu5pJ1xxKtdggCJBdwqS34LreLxz9APKjnesukbYZWMf
  Recipient: 51oET2dy4vCmZ1JMGYR9hbsvsLng1vcLD6z2AZp1uq1j
Transfer 1 tokens
  Sender: GQBTVN5SXzrTVsF2JQUfZpicBAkQKGS1qsJE6FCSJ1nm
  Recipient: GP5wZ1hEfpD9TxhZzPGQVWSS6VVBaGY7J6dt8KeQuPxv
Transfer 1 tokens
  Sender: 6iDPr2szRWqE2jJRevg44P83uTV4axtNKx6abk22dGU2
  Recipient: 2xAviNTmLU42Ni8B5Ae2vhs4Yy9X2nJ35AnEDzZgL9cB
Transfer 1 tokens
  Sender: GxtzCsNycB9SNraiL4kKcwZ2X9Z6C3k6M5rXk42T7F5p
  Recipient: 4P1TpNg524esR7eNhc4auQUFxazSa5CTYukM6FmHBFec
Transfer 1 tokens
  Sender: 8HoTzBMxf3Cw2aeVy74yo4nA29ycNcULBf4dD18YNjpF
  Recipient: 51oET2dy4vCmZ1JMGYR9hbsvsLng1vcLD6z2AZp1uq1j
Transfer 1 tokens
  Sender: 83jGoiBsgo9sWuLurN4uNmvepR32KUUnhG6b5YxydfU
  Recipient: C9u28tV9EcKf6iqCxcQvh8M4fnxtWU27vmS3gVwwVKSm
Transfer 1 tokens
  Sender: G6ScvWoqrst9yc7q3L7rBuUNRTT4F7n639XgrL2pFi52
  Recipient: Z5jseT2WjXMQvUU85a3usfEEqLeSnmpGXiNTH6k97v4
Transfer 1 tokens
  Sender: HfXMtkpsyYYzLw18xjLpyaqngrbKzX4L3xtgUz2og4Cq
  Recipient: 6ykYU3fWNQnoNunJKDLSVSZWCMPoajoE8EVNzKCYs9qT
Transfer 1 tokens
  Sender: EN4nTUyc7VyA4Red2zqh3v9cmGZb41zHPPQf3jPPznow
  Recipient: GryqvMoqZFnmTxVMduzUQt4RtCZZCTKRZwLNuL4KyKsa
Transfer 1 tokens
  Sender: EnHg3DJfGYy95EznViPXNZBA1dYvZ3JiDo4RtSY6xd4A
  Recipient: GBvdzrFqehuHNLc4NvRUQhgVnKjfF5Q2fi2LrBDYivpe
Transfer 1 tokens
  Sender: 7196rNPwdrpY6a7jwMT52va1z9VXXRhhVq1uJ3DZQUwh
  Recipient: BxASWxha82Gq87axcFsuwaUM6WUhbK59WG6iHBHPmtmM
Transfer 1 tokens
  Sender: J2T9jNsFzbpaXYgWCauFvvZte6PXKFbue4uGKKJonvSt
  Recipient: 9v9D9kvePLBANY4Zx2PUzn75dHuQMMMcs7mZLYy3gMaF
Transfer 1 tokens
  Sender: GYm1qH2EjXiNX5jFu94qm6woR6CET7YYBEcHabRULwhF
  Recipient: AsNFo64v8Tg7oJooMvusy2ZLsPSGWb1isqWDrRDTxQez
Transfer 1 tokens
  Sender: 48axzYbJUE9kPmYQCJ6RzQ5fzjM4s5Qd8QFVwGptyBSk
  Recipient: 51oET2dy4vCmZ1JMGYR9hbsvsLng1vcLD6z2AZp1uq1j
Transfer 1 tokens
  Sender: EJHH7gzFcYFtTSeJv7byhA3ibc5WGUKDDe2vjdxwczcD
  Recipient: 4dqkGoq4VtjmSvoE9m7wEQWMv5qJnCLoCdEUG1ziiQ4G
Transfer 1 tokens
  Sender: 5bnGh1HYLDsipUnxnSyULdpaWwsFYVd98qxrFdZHVHS1
  Recipient: HBBkVN9gc8jwsLWkyhW37UQbN3JCeBAK5mCqzdrWPTha
Transfer 1 tokens
  Sender: 4dVW63gbLBynnpVMoCeysV9Jq6ywhktovtkfowbAkuCy
  Recipient: 69ryYKnU4mC4MbaozQ29KmuToNjNDdtRspQZD4Fp1aYx
Transfer 1 tokens
  Sender: FpLzp92AL3WYj4aNFgz1g1okyCEzYiUBbVXv6Qas776i
  Recipient: 9t5Tp3AM2JEEcLBRAg7CoRu57u8i6AmogjES1YQ9e1eh
Transfer 1 tokens
  Sender: AcbZg4JoVw7dcu7B4YkNz2DEuBpqVsWMbhCFpmd13Hwa
  Recipient: 2XQUudVBiAuUszo71JcEy8HN9JECiLmNv5jdACe45rLr
Transfer 1 tokens
  Sender: 7XWGNmcjpu7SU4LgfMmEHrcsemP5sBzVitaY7c6D7j33
  Recipient: UDgkXzdnpRqT1adpbeRy1LULVjxY6NTWeVRTG5ZFWzR
Transfer 1 tokens
  Sender: GQ8b8Fw8aVuVnxD5DZh9WEcMnXdheMnBnNvRRCeggtGG
  Recipient: 8bXJ9UEQ8RUFw2mpy8eQYb66oBu9gM2z49XXfsHB37Pu
Transfer 1 tokens
  Sender: 7Kiwc6q34DwgDD22YDmm47CuUd277UTsfq75uy4qtrB9
  Recipient: 51oET2dy4vCmZ1JMGYR9hbsvsLng1vcLD6z2AZp1uq1j
Transfer 1 tokens
  Sender: yRtQEk3v9PtfVExbnjWMTYMjRrCKDk45X3N2ScePi4q
  Recipient: GyrzWsvsPYmnJ2ZSpxu6tJvFZR3q2jixuCgBJsdtm9kA
Transfer 1 tokens
  Sender: 6zC3dGJWt4tzx7Ar9RvPc9hwCfxmDJbATojjoavEDUmK
  Recipient: 8zfdGUKpemtzs2Ypb8reoN3A43o1ZkbwFCBNzpUeFeUo
Transfer 1 tokens
  Sender: 4CSRRJy9xLZJ81u5UD1ky32H8XQRZksHHH2ZNdYH17qd
  Recipient: CxVTTpS8CCmcmp7v7E3VCSq5sX8MbRC7AJFmaD2WAbFb
  Recipient associated token account: Fg9wp9aoRNAWnR33if3brNsCPLGWKa2x9KuZBx3JmnMb
  Funding recipient: Fg9wp9aoRNAWnR33if3brNsCPLGWKa2x9KuZBx3JmnMb (0.00203928 SOL)

Signature: 4D8deDJc3cQLMFnc6CcLH4ogZwShYoJ1M5KKiPjrPNnoMXqCuzgN3pSnLAzUWvcuu23dnNtPuBvXWxQcxnstpgqi

