5p28YDvzMuEh8AaJWsPsJ1BQA2tudtoYDL43nWp9x5Td
GDvahEEvdXZHbCAvwD6uqPPufmYGedMXrDA7vJtoiqWM
3Z6vmX9CfUA7oE941LnqKcGWbLmmxdt1y9CVDwVR35Rg
32HvsRBE8zRFVtFTQJabg9br89Xyaj6ud1nEtD675h4s
8FWUsFW7h1Rr4s821ajJhTJEeS13fkx6C8qMgFWbwNEJ
FMGUs63R1Btv8NB8Bf5ACzGW7s9K1ACh2Q3nMu6uMfeR
FggwDydM9ULkVtRSrTMtuBHqAZ2SWubU5eUYfNPn9Bwu
7MjDxubbwdvQzf7LguwNTEAYhPqUfQ2nsGquYBx5w4UY
BQYoEzJ2knQhiYcZwMxsPL9gtW2tBvr7mj9NMvzCnijv
GPq939yrdbPjHvcycphP5P7iQQth8DYmpjmQzzDWPRr5
EDt1gPpwgjXATEm3vpsFy6FVRdYCpeiyRNsmxyydGHLK
9U3BtDtg14a7keg2hNE2ibXiyTQzEQyuvXjrK3k5zh9s
7JtJPZ3YUmzdynfDbKF9wKLW7aEV38ZafyiVnM51zu86
FUgXhcFqbLawfaFdjxCMYnxUz8tx6EePL6GXe1WVrPu1
BLYHEDWZNTDVS3pDoCvTV2kdG9Dbk2QjJuwsgSEoE7eF
DRSaTAZG8Uu7JnZM3uXD1vaGjroRvKHRWr5sDhGRM7An
8s7Hmc4zsE591M2BoKoXq5Zmg8ecCNU1JtQxurstjKnX
CyWVhzvBBjBWuFr9UgZem72g8qVTkyjW8HNFtwNSvBK5
2PYJXoqMyQrqQEaPSNxLSCGFdbhje38Pa2TAzJ3dH7si
CNPf8TsYTYcFwrSu5kYnprL1x4kZDUMR4GMQ3NGu7uoJ
tHaArTPXG9dowxmmVdFxom9FzP9zM51xexnFNeWmUUf
7ReD1ME39WiyrhfTLTjwqfwsqbtXkE2YVV4G6wEZ97pZ
8nT9QYroCfknahbkQtCMohopdwRZ1NVtowsXVu1rE8nw
GcGfjZxHUrzJy5AkqgihXXKwqkSB9WkvZpHTnAK1ckYQ
H31Gq5fspsW4bChdwVtjoBoBYANU43US7m2xJGc4H7Fz
6w8KYFmPgLmwczdAkrCTovjS7VHpzquabnGjfZtdJSMy
BBU4N6os8EmMo3HnDkdZfkwsxe9smh3rbT8nFHDzceY4
7xsd7rc2StyaH9ZdaM5TorRsybKui1v4grzv9hyByfwV
5N195tHjGVevdPfRPFepktbpDH3TBYKnDdxaBUKur7Lz
6wYKy9PBQPzcyfMengnX6KWQw5GoDZhyfD7RoH3cbqgi
GFH71i4hGsojpHCrcm31FJyV8BwKmNnufF8rRHRbVmSH
FUArfqw2zB5qsD8XnQ25pAXiLBWJuaE5VohTJ7Jxm59m
D55Lyokxnd79pCzK2fXur3N38EzudWrWr3Z7Rquc8y9j
F86dpvDrbZsEDBDsZo9UC9PmZpmVvBJnmgHbtYN8679A
HXuZw1qpZhvDZgQK4WJsiAth8VfCtr2KY7byPbSY13LQ
4PedR48YN8NcFVwkDVNZVQqFLaHdmbo6EoWyaTgQX1CN
B6qTM937YNdu9NqRHD4iUXFY6NvTpa3W2Noc6WqTZun5
Hners8TSZrtdT1aynysS3Dn7t8f56tiua89T6BzpbD2x
GLGYTQv3hpRMb5DNHesazF2UpLmvtu3pidTbE9NFGWdb
4aD9BmMQ71AFB4WunPfWRC7fb4uTupai176nEjLBrTha
AgeS9TcEhprwmb2qeNmyM6t9qVgRibjoQJjeHFmPLzom
8STVkLiHWTH4b2XGPgTfqhmtRWXYXk8yAjCuZ8HdiRcG
CTMknoCxGPfsrgNxd8dwNKmAGf1MWePubfjFFvoUgqMq
GtuK8s8eraHVky1SsTvDevz1dAK1zVHvvW5Wyek8qM5r
QWVc9DEcEF8dqZPxRpKqx4K39SVN9tAYA5V6B5YPVMp
9XKDRTxQH8nA25bewcTVXdENmh7dEDw1V5X63i8F4mkJ
GQokSrKjvDJ8LcVaJPzdrn7WSnAPkxqLWP5bUZxweJQT
DfNJuT3fVhJcn7ddVBvRMEtkrJiXr64eY39FF6icJPSo
DPUiqm1VuvhuazcsNw8PLgMhFLhL8U4nuET5d21uCAUQ
2v41e5665gN5cNj1Las8oQgkCyeACzkYyJz18ykyjZMo
