BVFTQzEas8kMPkcugksaTTuLnQJ8ESxtLryk4ngdyvjU
H7E4JB8ebHaoKQe2Z3NAwXniKcuy7VVuAoycx7PYAbE9
Ds71T9MhUu4DB3DPM2YigYtiTqTPD75DnevgoBfgQQUY
Ds71T9MhUu4DB3DPM2YigYtiTqTPD75DnevgoBfgQQUY
7qhXPKf7ZK1hQ2JuLPyGYiezGcyndSnNfAFXY1veLPxg
Cm8cYtgtfyULCzisqUnMg68aqqi12PGZScouQfJRfrG3
DfgEdaTxFkmr1akHoyYDwYqc3yDCUKR1b8fmHM6fgBed
BBcnpuGSbDbMhZHugVRhURmfdFWkieXskLyHvqcFMsbT
BSWrvzk5upP2q8EfcZ31RcKemhqpPH5VTqsoBdHaQLXM
69tGoogmumWeubV9rjTYXco5rK2ZPBioCY7DM1mUK6ku
BiNKJraiyxejuhYV422M2iMF24dGQr894qYNttwEtx2Q
AEUto3eFWHLAmmVRq3Vo2fmHXwte525jQGG6D7pN4RRd
HuQ123HYTBcHHiwpiPh8qf2aVz7a2iusS6DHckZgCJGV
6QmKFsYUfd8nxLufRojQxWQj4TGhM6ueJudmPd3NxbHY
96WX37vQhNmrYmE5UhWG1xFmYX6QM9X9vxUiNu3MtwYD
32ZJNMMve28xknkYjZUvUJ4s6P7YMvE3FdwGzJFLS3CC
FpSrQMhnYa8YRnEQqKstyi8DYsMvET71CPfnmJkBSSP5
GZ7dL3aqcVwynsidEqLTUnsHf3iK5wvNFsCEJZvoVXFe
4nB9V4qi5gyiSdrVJ8iC6EBzjjRmdBsGCXd7Qufrzehn
ECrKYoEUCm9WDQHGWbdRgGPeRWVCZcNWEjMu64LT3CSe
6BvM7UMn7kFWVnSAfyv7j4FsySQMzHTDvyLA3emSJKYJ
6UbzRF27enSyg4Fdg1YjpDB7T9JokwWn21yorQdVekgd
9nF2vqusHupTTNgw3quL4f3jorvPdJ8VBPv3Uw1xt3Mv
3zn3fqbT7pajfoLp26cNBkbmvQisBcLUYHLV5FssEpLa
AsxYivuyVu6znDgnwenpLSLvkZDua4mGKxTvM2JgoeDU

