GWuAeuRDpAwKDxnVEDRW3hYn87dw8K91ZLrhhZUCftnM
FpSrQMhnYa8YRnEQqKstyi8DYsMvET71CPfnmJkBSSP5
AbgicEN3npoAGUvZCJWpkLkniVxnEdcsFnTHCcmhfUKF
FryJS4Ynb1kAMfZ3U2xBiajSkkWiaxo9fWULZxzgQ5P6
2jQTV4dbMWUwfWqvhebjcLx3wGUqWqaNtipVyR2wP87P
3kdGQe8hqWFtaMfgf3yBdKYB1vLjwheftDsXKj4BNrsP
3eucHmLaRJzL3d3rzYx94KvxcVhR4ESLo9R9hhb5Snbo
AAB3c57cNoHvzDWRXoy1qWQLtyv8Re8YBivDdYuLw3jp
AsxYivuyVu6znDgnwenpLSLvkZDua4mGKxTvM2JgoeDU
3adymN6SW5iJUw3PJmn47noPrBVg3QimnPFQnSJhA3VC
DLv4HftLESxZ7B78F6mBJW6S8HoYmJ4gLKJUs98CXQuT
5URSakmV37mRXJ2rETDRZEyzEVBE2ebySVeLGWhUUk5h
98Ua49smTudbsk6aJ3nXqbuoWaxzaEVLfgFF27xEYx8c
EWC6ESChdBqExhp96XPMLXR65pXP6Ftuh1pPAVws4pmk
BcwzmAJunqVo7M9PHuUn3srQJX73bd9xr5fJseCDGAZm
DfzrVBck73vZAXDwerPC5sd4ZTCwZXfewFHjZWz8mjE9
8NQSZ5wpdET6dzAao2Vg13BsiF4QLAFKPSntKAaggbLr
CzGDc8WksVkKyYWBaWX1CEAaadFjSt43saCdxA8voBPS
G4yn6VjDQoRRgqKVt1fp2uei3rFHWWKA5JwWPMM4eCgT
9nF2vqusHupTTNgw3quL4f3jorvPdJ8VBPv3Uw1xt3Mv
vqk4rNkuaHbPHqCEf58R1na7QR7VFsZeYVqwxATJpRx
EbiiEeokfGmtcgnFA349JjoZ5EiiqfLXRhbU7zac4v1u
GNisgcTZZ2WS5PFAEkVUbFso3wNe22cjhmZiEjGcqeHD
8qnoPHWBPGXad17FkrNvtnQXA96Wo1mfhvVuE21YoCkw
BEivYChNwzFedVVfPqYk5me8gYX8ae3m4HKrM1zaYYPs

