Transfer 1 tokens
  Sender: Fi2Sjuyb4d8jmNhDNDZM38XhURznm6RDyaY1e1gqi5JY
  Recipient: 4PQMcbeL1FVLQEptoQHkihDryAw8r35PDBSvxeGpqDz5
  Recipient associated token account: 94hFUuxDD1RmSmQJPdpjSouP17bazzDXCN4uQazKSdnu
  Funding recipient: 94hFUuxDD1RmSmQJPdpjSouP17bazzDXCN4uQazKSdnu (0.00203928 SOL)

Signature: 2sXeVyM5x23ZUUdZuqMdZAe7QqJcwosXCfynJj68c1rwfQsLQos2ZDyLYaX2zjWMGCZVbSz1L7Apq3S5RUoK4s58

Transfer 1 tokens
  Sender: 7LCopfBkZL8GMoJ4j3Mfy2rbnDLp9zbe6YyvvT488FgG
  Recipient: CUaSvR8G2LbutxGJMnW2vT74Yo568S1oUcjSDP57SajP
  Recipient associated token account: CUHJCmr8W8T6V12L4v2EbyTdEtQ8rSZGJZ8qc7MFA8ZM
  Funding recipient: CUHJCmr8W8T6V12L4v2EbyTdEtQ8rSZGJZ8qc7MFA8ZM (0.00203928 SOL)

Signature: 2d4mKnsYKHnvJYZvr77h4GeLAyjexZKuaiZ1jVBtYyBfF8WGKWkGwSSnivXRQnRTCPFJBt9KTxoCyi6AGG8VHrnB

Transfer 1 tokens
  Sender: 3tZUicZQPuLUXdW4hv5JsBCSBpNQvGmtZdQnwSdKJEfP
  Recipient: 72BrcuowjYSbgk2p8zYi6JGea2RcSnzE8nDbsxmo4yjC
  Recipient associated token account: C4EkGPrdrxh7MNJbWavHWHVG9Xgx8gU9tS3swWn8qfax
  Funding recipient: C4EkGPrdrxh7MNJbWavHWHVG9Xgx8gU9tS3swWn8qfax (0.00203928 SOL)

Signature: 25aEnNbKrnQxfFb3NTNtmL2DkGqHFkX3SqwuvEJZCkKGK7K4c16g698dtDnvCX3cW7sHzCM6hrBu44iQ75ePPMB7

Transfer 1 tokens
  Sender: 8H4uF9oNoS9Zpk9cc3B2rHNTkDfT3SUJf2HXFWqAzEGK
  Recipient: 5eBNi2JRMNzuusF3w1ELi5GWWUxRPZBnp1ZQs7hRqkbB
  Recipient associated token account: 78Jn4q6zrc9PYDm3s7ykMxfaG1pYwTdHn9w7wLYAssvg
  Funding recipient: 78Jn4q6zrc9PYDm3s7ykMxfaG1pYwTdHn9w7wLYAssvg (0.00203928 SOL)

Signature: 6AAABxnX1oPuRR2K2A3TDmsxn61NVhceQDeBPAYtaZs4DHskNRyyQyLNiVCHvHyDFCYRNTrDzhb6HCLTeay8q98

Transfer 1 tokens
  Sender: E5tvdc5Q1NEkf4sgCjMet2XrEm5zdfafetjDaaVnWrXK
  Recipient: BQtfvSMYQ5gCGgGGNeh5d7AMQFELeVQpcFjGTMWESo7p
  Recipient associated token account: 8wJRL427prTD3dVYomPpYRfjXMsR2zvmUbNKpUyTzNvU
  Funding recipient: 8wJRL427prTD3dVYomPpYRfjXMsR2zvmUbNKpUyTzNvU (0.00203928 SOL)

Signature: 3XgpsRpG81mX6SBNeeqR6jwZYBw37qEQxawBvuHH9QDCnwYnsKmEPNYVrDzFoeMJJuZiveGgJxCRUvSdwV5zrKyU

Transfer 1 tokens
  Sender: CZandYqRfKQYpRom8n2NBiZV3EZyPBem3CBmnDoRUcVK
  Recipient: 32K7zC7TuE6NizZabfbRrVotEV5ctaeReazH2MJdeARs
  Recipient associated token account: 2V6KMrBp6dojc24WQkWTSGxe8kb6ubRQXy4MUs2ELXzy
  Funding recipient: 2V6KMrBp6dojc24WQkWTSGxe8kb6ubRQXy4MUs2ELXzy (0.00203928 SOL)

Signature: 3ejMD4i81AiACQKVU2mg9UxcrdBRibdhrPMo6k9YPqTnUuvJHsPL899mvi4jqqvPjzYsNA6nwTq1xgUadVvQsXGF

Transfer 1 tokens
  Sender: Gb4Prq8MVV5fLS1frF89DtTMRGKnv9zb3e6d56bbB2P7
  Recipient: 37J3YBtSBrb1nRwHXabxZCspf8V7wZJjMVMZLpyvUh35
  Recipient associated token account: 364P8mbakr25g3eHTpYPj45PXs1Tu9Skk3hBKNq2GJ9H
  Funding recipient: 364P8mbakr25g3eHTpYPj45PXs1Tu9Skk3hBKNq2GJ9H (0.00203928 SOL)

Signature: 5UAHfLMSWj1eY6xBDtZbz9b24U1aF2zFtZzGyWp38oWP9adZdS1nurvkkH2EQYtu2JVzxDBf5AUW4TMvWqgeEjNc

Transfer 1 tokens
  Sender: H1PDJuqn6YFErmN1GPcp8MB3vkhDoUVyi1dNENLyoWoP
  Recipient: Evt92DJQS2a7UNRJp75J6dFB2WkiZ2nPHHsLMXrDs8jr
  Recipient associated token account: JDCuWZUVnnLRiyCMV8iSV4cC8aJgiqaudSs9MFCfP5QJ
  Funding recipient: JDCuWZUVnnLRiyCMV8iSV4cC8aJgiqaudSs9MFCfP5QJ (0.00203928 SOL)

Signature: 2QaTyiWT3Y8mpa5JEq6gMpuH3EF2wC468PmVEerAFECtCMNMR9UaPTTmrYeKKZ3fNJpZ4GGrEmWfkCYENtw6XiFK

Transfer 1 tokens
  Sender: ADqk7hVSLnnQ9umD4Bp2HinPmdTcPyZvtrjFndDwB1Jr
  Recipient: 7srUnsGigLyApFwxw3MgNawzDrEkDYpjZtoQvBi6ayeU
  Recipient associated token account: 7g3PXWVHXT7eVhh9gn1pZVVvfifqAvj75QFK7ifnHphg
  Funding recipient: 7g3PXWVHXT7eVhh9gn1pZVVvfifqAvj75QFK7ifnHphg (0.00203928 SOL)

Signature: 2BekqM4urn6KivoVNiQ7D636XsuqYZoHabTD1CV3RLnsf7ma7UkdwtxMwhcr9HMBi2VGxvBUMpUVjBdJnjsAEHgL

Transfer 1 tokens
  Sender: Fi2Sjuyb4d8jmNhDNDZM38XhURznm6RDyaY1e1gqi5JY
  Recipient: 4PQMcbeL1FVLQEptoQHkihDryAw8r35PDBSvxeGpqDz5
Transfer 1 tokens
  Sender: 7LCopfBkZL8GMoJ4j3Mfy2rbnDLp9zbe6YyvvT488FgG
  Recipient: CUaSvR8G2LbutxGJMnW2vT74Yo568S1oUcjSDP57SajP
Transfer 1 tokens
  Sender: 3tZUicZQPuLUXdW4hv5JsBCSBpNQvGmtZdQnwSdKJEfP
  Recipient: 72BrcuowjYSbgk2p8zYi6JGea2RcSnzE8nDbsxmo4yjC
Transfer 1 tokens
  Sender: 8H4uF9oNoS9Zpk9cc3B2rHNTkDfT3SUJf2HXFWqAzEGK
  Recipient: 5eBNi2JRMNzuusF3w1ELi5GWWUxRPZBnp1ZQs7hRqkbB
Transfer 1 tokens
  Sender: E5tvdc5Q1NEkf4sgCjMet2XrEm5zdfafetjDaaVnWrXK
  Recipient: BQtfvSMYQ5gCGgGGNeh5d7AMQFELeVQpcFjGTMWESo7p
Transfer 1 tokens
  Sender: CZandYqRfKQYpRom8n2NBiZV3EZyPBem3CBmnDoRUcVK
  Recipient: 32K7zC7TuE6NizZabfbRrVotEV5ctaeReazH2MJdeARs
Transfer 1 tokens
  Sender: Gb4Prq8MVV5fLS1frF89DtTMRGKnv9zb3e6d56bbB2P7
  Recipient: 37J3YBtSBrb1nRwHXabxZCspf8V7wZJjMVMZLpyvUh35
Transfer 1 tokens
  Sender: H1PDJuqn6YFErmN1GPcp8MB3vkhDoUVyi1dNENLyoWoP
  Recipient: Evt92DJQS2a7UNRJp75J6dFB2WkiZ2nPHHsLMXrDs8jr
Transfer 1 tokens
  Sender: ADqk7hVSLnnQ9umD4Bp2HinPmdTcPyZvtrjFndDwB1Jr
  Recipient: 7srUnsGigLyApFwxw3MgNawzDrEkDYpjZtoQvBi6ayeU
Transfer 1 tokens
  Sender: E5tvdc5Q1NEkf4sgCjMet2XrEm5zdfafetjDaaVnWrXK
  Recipient: BQtfvSMYQ5gCGgGGNeh5d7AMQFELeVQpcFjGTMWESo7p
Transfer 1 tokens
  Sender: CZandYqRfKQYpRom8n2NBiZV3EZyPBem3CBmnDoRUcVK
  Recipient: 32K7zC7TuE6NizZabfbRrVotEV5ctaeReazH2MJdeARs
Transfer 1 tokens
  Sender: Gb4Prq8MVV5fLS1frF89DtTMRGKnv9zb3e6d56bbB2P7
  Recipient: 37J3YBtSBrb1nRwHXabxZCspf8V7wZJjMVMZLpyvUh35
Transfer 1 tokens
  Sender: H1PDJuqn6YFErmN1GPcp8MB3vkhDoUVyi1dNENLyoWoP
  Recipient: Evt92DJQS2a7UNRJp75J6dFB2WkiZ2nPHHsLMXrDs8jr
Transfer 1 tokens
  Sender: ADqk7hVSLnnQ9umD4Bp2HinPmdTcPyZvtrjFndDwB1Jr
  Recipient: 7srUnsGigLyApFwxw3MgNawzDrEkDYpjZtoQvBi6ayeU
Transfer 1 tokens
  Sender: Fi2Sjuyb4d8jmNhDNDZM38XhURznm6RDyaY1e1gqi5JY
  Recipient: 4PQMcbeL1FVLQEptoQHkihDryAw8r35PDBSvxeGpqDz5
Transfer 1 tokens
  Sender: 7LCopfBkZL8GMoJ4j3Mfy2rbnDLp9zbe6YyvvT488FgG
  Recipient: CUaSvR8G2LbutxGJMnW2vT74Yo568S1oUcjSDP57SajP
Transfer 1 tokens
  Sender: 3tZUicZQPuLUXdW4hv5JsBCSBpNQvGmtZdQnwSdKJEfP
  Recipient: 72BrcuowjYSbgk2p8zYi6JGea2RcSnzE8nDbsxmo4yjC
Transfer 1 tokens
  Sender: 8H4uF9oNoS9Zpk9cc3B2rHNTkDfT3SUJf2HXFWqAzEGK
  Recipient: 5eBNi2JRMNzuusF3w1ELi5GWWUxRPZBnp1ZQs7hRqkbB
Transfer 1 tokens
  Sender: E5tvdc5Q1NEkf4sgCjMet2XrEm5zdfafetjDaaVnWrXK
  Recipient: BQtfvSMYQ5gCGgGGNeh5d7AMQFELeVQpcFjGTMWESo7p
Transfer 1 tokens
  Sender: CZandYqRfKQYpRom8n2NBiZV3EZyPBem3CBmnDoRUcVK
  Recipient: 32K7zC7TuE6NizZabfbRrVotEV5ctaeReazH2MJdeARs
Transfer 1 tokens
  Sender: Gb4Prq8MVV5fLS1frF89DtTMRGKnv9zb3e6d56bbB2P7
  Recipient: 37J3YBtSBrb1nRwHXabxZCspf8V7wZJjMVMZLpyvUh35
Transfer 1 tokens
  Sender: H1PDJuqn6YFErmN1GPcp8MB3vkhDoUVyi1dNENLyoWoP
  Recipient: Evt92DJQS2a7UNRJp75J6dFB2WkiZ2nPHHsLMXrDs8jr
Transfer 1 tokens
  Sender: ADqk7hVSLnnQ9umD4Bp2HinPmdTcPyZvtrjFndDwB1Jr
  Recipient: 7srUnsGigLyApFwxw3MgNawzDrEkDYpjZtoQvBi6ayeU
