Transfer 1 tokens
  Sender: 3iLE9RuLqGEomNhkisVUte3WofFcQj2HhckdHrycfziL
  Recipient: 8XGaSpNJD2cq7dCZ3sUC5swg5TrHQ6LMEoGixkCN47rG
  Recipient associated token account: 3bk2395ViJp2hyJBio2canem7hMijsDncTPuht5csedE
  Funding recipient: 3bk2395ViJp2hyJBio2canem7hMijsDncTPuht5csedE (0.00203928 SOL)

Signature: ehCqyBtwffAFnV2o1ozZcdrAdYtKPo3S6rYzBPbGYUyPUB9d5AiTU84V1CyLYPv1dKkmfntFjAfUzYRBej1TECc

Transfer 1 tokens
  Sender: DAJCoMnhGZsUJqEjgBt4PfNMiw7HtdBgZHcNfKxYgPDA
  Recipient: EFpipurDmX4Lgv7V5TobgR6TMnBSZv734pgcZjWNkmfr
  Recipient associated token account: 6WU1tFvf2zowHN4AFExpUmRGnYDjjhM8EUxFMZjFUMki
  Funding recipient: 6WU1tFvf2zowHN4AFExpUmRGnYDjjhM8EUxFMZjFUMki (0.00203928 SOL)

Signature: 5L2sSA6nfH4C6VB2dS1XNXMzmTtCTxPMCwQEf8ETapNDFckHyNnp4PSnHNcviqtcQzZAKGQhBBM6aicynRidJEdA

Transfer 1 tokens
  Sender: EdW9dAGBZGtMeeQ3cYSVE4ABbsxtVGXF75gdLb7e9TGX
  Recipient: EUeFX4BL3uth2GVG8R1kj43ZA9cZS2mtgXeB3nbSGuHY
  Recipient associated token account: C7KNkoGkWu85XRUnNHbjHdHtbsUb9AcpTWpDq3HyWYu1
  Funding recipient: C7KNkoGkWu85XRUnNHbjHdHtbsUb9AcpTWpDq3HyWYu1 (0.00203928 SOL)

Signature: 5VTqtGdowfnwhQq2qRkxQWwb9Hj44wkcYXwsYwXdBWvn3ee1zbDWqrCuHKc4bk6Bw3fPxHQ3nDwXvr8EzYAsfm54

Transfer 1 tokens
  Sender: 9MA6Z8VDKNgEARQgfGE6e7QrZoSgC4aeiKM6TieVSMHQ
  Recipient: CU4uGLchdTeKu438YjZ9uunwumRVFzz5wr2UGZsNy2Ck
  Recipient associated token account: 7TeehLuCw8JkLZfCiGtGEez4W2UQZ4uCKrqqzAyijSY4
  Funding recipient: 7TeehLuCw8JkLZfCiGtGEez4W2UQZ4uCKrqqzAyijSY4 (0.00203928 SOL)

Signature: 23Y3ueDXCaAVx5J9uBEyuXdp3Z3poA7iY415MaE9L6H24cqNNd5GVnnVBBDLj2Np178cF2JBMQZhcyo69tKzF7VX

Transfer 1 tokens
  Sender: 2R1rhuv8vfoaPwzSe5mTCL8byhNb1ViPdQf6Kzrib2hN
  Recipient: 2tZWeJtF5VhCCr4SEb1Y2dJUy4xkKtNxs85JJzz3BESK
  Recipient associated token account: 5ocbzGUTnYe6KRZ9CYVwuTwyF7V9PUAtAWg5YtTm5bFB
  Funding recipient: 5ocbzGUTnYe6KRZ9CYVwuTwyF7V9PUAtAWg5YtTm5bFB (0.00203928 SOL)

Signature: 3UFpQU5Kr9AkGbzG2rP2JFiK9Sz3Q2BEQ8RQRgfvi3i2yZn7857KWD12yTWzQ682wfsqPrz6r6ZomNTyLrUfYKMZ

Transfer 1 tokens
  Sender: 6z47MstvU9U83QBonpDgbbY65W1Yw4ns13xsXVXR7yM6
  Recipient: BVFTQzEas8kMPkcugksaTTuLnQJ8ESxtLryk4ngdyvjU
  Recipient associated token account: HNuEBXSA6kuuyHWjVDcgawZZTPiZjEpo4HjnZcrHZiNi
  Funding recipient: HNuEBXSA6kuuyHWjVDcgawZZTPiZjEpo4HjnZcrHZiNi (0.00203928 SOL)

Signature: HqH6AvMTXJq223rWcryAxTm1DNKa6Gn5fMuH7yDdnMxNKFRCKY81MTuTn8fMwjHkPiZHeZ6dCGMHfWxJJiXyjTz

Transfer 1 tokens
  Sender: 3riMahEiqYnPfk37E61Hiw4so37fp3iUNNGCXrQfZTen
  Recipient: D46WdsQJHPbYxdMQJhkFf2AnqHSj9c3rQo2nKRQ2G1gE
  Recipient associated token account: G6RPGy5iSrsaSSyKEg7URrpKr6SuDhTnh9uhDWJQ33JA
  Funding recipient: G6RPGy5iSrsaSSyKEg7URrpKr6SuDhTnh9uhDWJQ33JA (0.00203928 SOL)

Signature: 2jkahYojALtsdPCpYHv1g4zbrUFAFaoAmqmbnUfRCzZYyzhgoistTLYWa4iMtx6o8iXdiEnUszT7sLXahQecmBCx

Transfer 1 tokens
  Sender: 7p7RhptCU264DsZZoErxnmaaKQkwLUwc1QMme2ykHU2u
  Recipient: 2HvZLtooDPoA3WkP2vQqykTbynL1YMwPmu3X4y6g2C8z
  Recipient associated token account: 65wNSGM78tzDq79CTtknMH56yFA3TLbPXgNf4FR3iEj1
  Funding recipient: 65wNSGM78tzDq79CTtknMH56yFA3TLbPXgNf4FR3iEj1 (0.00203928 SOL)

Signature: 5vzvJXZhGsLmMCAJMHFTc9NZNbVRs1aH5mnM7FL9PN5cBmjS8FNyUmETr2vdm7zsDSQLKYEVoYMvxV6YHnpX1i8s

Transfer 1 tokens
  Sender: 3E3phXT4YjkZ8CyMUQE9tg7TAaWLirVJpZvtEZmrYP8h
  Recipient: Cf4pZaok9wdfp8qTT3RiQZvJE5t638oeQPVekwEJyYrX
  Recipient associated token account: 6SztmJ1SuJDfW87HuqAPwgjDFBDEym8zDHdv2hWuY9wQ
  Funding recipient: 6SztmJ1SuJDfW87HuqAPwgjDFBDEym8zDHdv2hWuY9wQ (0.00203928 SOL)

Signature: 4Hcuf5nWNPyi2w1GUoDCLYu5nooiPCUbyvVURQ3E5i4MDEcdizzgrewyBxc64Ff4eynqyMiUbmrWLiAe6Hd47bhA

Transfer 1 tokens
  Sender: 8BjbjUvxVEtsvoDtCGovE4tUTdsrxA6TiVQFKn6aWeYT
  Recipient: 3nFUHFyVTDmnyePhLtCkt4cHVSfHCWU6HxsgB65f7c3Y
  Recipient associated token account: 5ErFeiAxpJFTN4QXuPrG7zBcRvNUvdasnTXgWv5yQynC
  Funding recipient: 5ErFeiAxpJFTN4QXuPrG7zBcRvNUvdasnTXgWv5yQynC (0.00203928 SOL)

Signature: 3EEiW7398MqYY8SDCsqovbnhZjNoAxVzNXR42kabqxD6fDYDDDRitG9adRNm2wqASfti3i1pQP3a8hmKsPRcxuGJ

Transfer 1 tokens
  Sender: E7taGu9pCrpjSFdEUpCByhoBjtRmQqUCB9KpBRfupqQi
  Recipient: 5WwGBMUxYefqY1B8M19VMtcaJaZR453PpAP2YDED4U4J
  Recipient associated token account: 2gFb177iMeWcVViqj7wamrmW9YKeq8ZeGc9ZZmqThzfe
  Funding recipient: 2gFb177iMeWcVViqj7wamrmW9YKeq8ZeGc9ZZmqThzfe (0.00203928 SOL)

Signature: 4mMnwMisyUZiMSWYdfohGHNKaFdCZYA7ubQwqqHCzWqGvmNRK3yXDjjVzUgfoacDHKxjCv8mHsy4T7kjtgYDuCgh

Transfer 1 tokens
  Sender: 9obX1h1h14pVbAErCR2Me3DpFaKmsvXwqbcTsXprfFuf
  Recipient: 7RWr1Z6dJWat4EA4o4WuBAukPgNUrwMqPDyqPfUEKHe7
  Recipient associated token account: 6AEfzQbx4wCEkY1o2DzKVMGj9Pc6Eh2HRzj7ac5gSM1w
  Funding recipient: 6AEfzQbx4wCEkY1o2DzKVMGj9Pc6Eh2HRzj7ac5gSM1w (0.00203928 SOL)

Signature: 2ZnHdfJz7TYSr1KxkzewVG2QAcydnL2o2ozoxpt69vTeBiXB7Wy1MUkA25pFiTsJjJWLyjr4ciynxrP19zHgsPBe

Transfer 1 tokens
  Sender: 3eaQVxUnYMYschSNafKfxrjG46eijUM5A578gU52vkVj
  Recipient: 7aoCPhU5m6SeTdokjLk9kCmBQuYyhnHAUDb9RTQoEvee
  Recipient associated token account: 9KddJwjoE6SdPaQgagjnNRNTisQpkir7WYRCVWwtXuyC
  Funding recipient: 9KddJwjoE6SdPaQgagjnNRNTisQpkir7WYRCVWwtXuyC (0.00203928 SOL)

Signature: Np9pZLPfWu9f4jLeK7GxQ62KZnmNdHJVBeVC4LbiR5FBxbLbB6RWH5wtnDgUL2Wq72qsx8zrShSiCqLsVnNFTfi

Transfer 1 tokens
  Sender: 9YPwC431TEzaEjr9qYZFQQGBjT2UbbQAcrEGaqoHcyTu
  Recipient: ExHjH7nZufPmsbTZc1n9R1iWMGJPDaJTeDv3PA75iunH
  Recipient associated token account: 3aRXT5pa2jhVDnnzrdhAVkiLfC6AdewznkSh5ibXsJKz
  Funding recipient: 3aRXT5pa2jhVDnnzrdhAVkiLfC6AdewznkSh5ibXsJKz (0.00203928 SOL)

Signature: cQpHp1AzSXQqi1kCPDYtR3zwf4vtLTXfbFEL7am14YsModKoRfxzTcsDpxFTUW5q6BfEq16f9MtSRHNv93zBtE8

Transfer 1 tokens
  Sender: HY11DKgnrrvfngm8ScFyQYLNCL1mSpcYF1W9hFsu2YEk
  Recipient: HSo6fpKgLhwrN3L2iLxkMLQi2g2uSLcshMWwMBCh8pD2
  Recipient associated token account: 4oty1wDdKj52nV2qMNqiNzdbobsXrrRSzyXV3oM2hyWu
  Funding recipient: 4oty1wDdKj52nV2qMNqiNzdbobsXrrRSzyXV3oM2hyWu (0.00203928 SOL)

Signature: 6gY5vs3PdabpBmEd42PeoJAP4kgTzK5tMGTbBZQRaD8ws2v1JL8w1yiobBsfzryDejCkRuVxUf5tYtQ93JWfiiT

Transfer 1 tokens
  Sender: 7qV1gKm81ep3B25zVviU1rTxKyv8gTG88vV2P4exnXbA
  Recipient: 2pVuK3Aq3tThhXDsW548t5miF9AsR8DCFmpCHjEx6mVH
  Recipient associated token account: Navg2GGvam3pMk7MZYS6vZpmUAa6n3yNthQpE2gGdgP
  Funding recipient: Navg2GGvam3pMk7MZYS6vZpmUAa6n3yNthQpE2gGdgP (0.00203928 SOL)

Signature: 259bqW5yyBD5bFdUsp4ux5rURWm5D9aSspJk58Ks6YMmWdYK9GjMwYtf1NC74bceYWcwBPGHvzp37bfSGZNBP5bG

Transfer 1 tokens
  Sender: HNxT8whbArki7HiqGX6VdBPHwSdNtqtyjJuh8V7USLX9
  Recipient: 2n5PbADyQXeCMztD5wnZjF3Nn2w8PmCmqSQ68TT6Q6KX
  Recipient associated token account: Hv48ZXXhhqTURupYM8ciip2FDD4n4aBYoqkrofXqApAD
  Funding recipient: Hv48ZXXhhqTURupYM8ciip2FDD4n4aBYoqkrofXqApAD (0.00203928 SOL)

Signature: 3jm2L6YJmmxq4hs3f6hS5UFQNZA11GYMfErVBLYEvffcNm6ePCnPgQXKHkgR4UDhuEmFEMsobxUD1Mrsu8BAxhw1

Transfer 1 tokens
  Sender: 3Bq6CUBFjVMtXQZ5fLytB667jTBRg43cunYsMkH4q4mp
  Recipient: 3NFjWTZNaWp14Prj3y1o3LrH3JiJjDCU2sfthB5Dj9Rb
  Recipient associated token account: GwhdWWSmksAtu1XbMYpMHhambTvPVuEgDGnateigGjQu
  Funding recipient: GwhdWWSmksAtu1XbMYpMHhambTvPVuEgDGnateigGjQu (0.00203928 SOL)

Signature: SrMxdFMzyLMQsNhufummjhQGsuZCa1VSTFYMUuYhsusBLERDXGP8W2xtkJWR1Zzr4ewTPbMFbkLeymwFpoPvEmT

Transfer 1 tokens
  Sender: 9AiHpSudiatNtkvUfQCEW6GYfg7NXzdFHdAZWNGD7bWw
  Recipient: 7za12ggaog2SjLpmnqsynvH4bMqgx3SaV78Mw6gYDNs5
  Recipient associated token account: 7Khw1s6v8j8uLqDwJRSJvPUiuNLLCaorW3KZHgJVHu9X
  Funding recipient: 7Khw1s6v8j8uLqDwJRSJvPUiuNLLCaorW3KZHgJVHu9X (0.00203928 SOL)

Signature: 4VkKQLPeQLaXuEeWQocvWn978Trgv6h6GofaCKZLDfEbh8cW1REMqr53Bw8xGEfjNHsHkYVkHpikMAXwUVTV3dhQ

Transfer 1 tokens
  Sender: 444XBuiPShQXhsQk5zxseXwsPC1yMi5TMh8uFKaJK1DS
  Recipient: FpSrQMhnYa8YRnEQqKstyi8DYsMvET71CPfnmJkBSSP5
  Recipient associated token account: FckiXAP4amJ6HtqabkqqXZkrCQ2zAi3AXj6G4aAaqrV
  Funding recipient: FckiXAP4amJ6HtqabkqqXZkrCQ2zAi3AXj6G4aAaqrV (0.00203928 SOL)

Signature: 2b69R9qoN342xr35HLbQPeqXPpWtnAyxgTgvmFe4Hp9eEfeob5AmXNJuew1De388r3sKZ9ZExq8sLnFEm3ndLUsQ

Transfer 1 tokens
  Sender: GNE948dmXpfnPJDgM75GeqFNmpw3qXcmZMnkdHUoyiqE
  Recipient: 961La22VGQ67stUvUMWpRhp3dRma8vPvTkySkSspVYiD
  Recipient associated token account: 9vBrURFCgaM5TxK9faW4M5gdTRDiArKyoMjEG52vd1Kp
  Funding recipient: 9vBrURFCgaM5TxK9faW4M5gdTRDiArKyoMjEG52vd1Kp (0.00203928 SOL)

Signature: 5J4NiX7BZU5jaLqSoiJ1vo5iWyK9rzJgDvWKZQDBWCpi6bZEQ8MA9jiJqJNCG3LoJSMj1WN7CZnGwPbFZZRgwezA

Transfer 1 tokens
  Sender: BoF2gqkVc3pTH9E6xhQZryocoBAH7oirAunuZereasjg
  Recipient: 7zfyHQYPJEcQhBywdXqSMfzpCsDZSBZjNzcp4LQ2PcwL
  Recipient associated token account: FYvtTvpKuHYjii9KCsKb1mtPrwrZ5T7PaEruotwwSN49
  Funding recipient: FYvtTvpKuHYjii9KCsKb1mtPrwrZ5T7PaEruotwwSN49 (0.00203928 SOL)

Signature: 5kc4Pasuqvyr8b3XvbhrsDDshnoR8y82CnKnYzuPYiqaAQvKr7z2uwHc4LaGHro8DPb9fd1eX7AvYdQ5MqLEALho

Transfer 1 tokens
  Sender: EtdDQy41DqA4JSAc1drjgU7vyK8NDMntvaE1DysDvGcA
  Recipient: 51oET2dy4vCmZ1JMGYR9hbsvsLng1vcLD6z2AZp1uq1j
  Recipient associated token account: 5YiaSCznf8qMjC7dYo8haKPiTmjj8qJX8VEXFStFFyAX
  Funding recipient: 5YiaSCznf8qMjC7dYo8haKPiTmjj8qJX8VEXFStFFyAX (0.00203928 SOL)

Signature: FmiJPGerz6Ykz2KTi2Netsq1qafeaC4JiC7crS4wwtuUfRcXs7SjNVJ1Ttf1zM1hvG55cgHR7sCEmnWrhnQaxr1

Transfer 1 tokens
  Sender: BFxTFWyHwGvtXrnxTXD38mJsfLbM7B8n5WsxcmWrkQvC
  Recipient: FJ5hcKnacavLz9geNZDRyDXdUvZHJBVnn5RLLy3sRtra
  Recipient associated token account: r7s2zthj1yWFZr5vSh3EhgipA6QNSqq9zfVxBTmf76o
  Funding recipient: r7s2zthj1yWFZr5vSh3EhgipA6QNSqq9zfVxBTmf76o (0.00203928 SOL)

Signature: bDBtn2W3uujcNKRkjALhBezK9tt4QKKNzZ8bMBZXMNoYGFdNk1WY2b1tQbJJJ475qnLZr9TLG1SngJZ3osMiDuf

Transfer 1 tokens
  Sender: AkpKx68iQmWZamRh2gCXx4eBCC7rCBnX7toKwr2mDDd1
  Recipient: 2aoSUxrKamegqhLZm4QcWr5BPwUoqxTeAaGLRzq8kcnC
  Recipient associated token account: AASE2GD7N5GYWqYGFFcCBLvceyri9fwyoX3FSjJHoYQ5
  Funding recipient: AASE2GD7N5GYWqYGFFcCBLvceyri9fwyoX3FSjJHoYQ5 (0.00203928 SOL)

Signature: 4Na15BY8fwVSKkKkYTvCLPx99mHDS2Cr67qfdmBb8nthq8LqwG1zy11xnFgLRxAzHouffAL4RWLsTmbcjcJbpYpf

Transfer 1 tokens
  Sender: KUWcyNdF6PVXn1UvzKLm986n1wordu2qN8K9AD4dzwN
  Recipient: BXMTKKByDZfLSpDhjm7n4V8RXAnAWkT5XupcuU5kNpMP
  Recipient associated token account: 8yTxVr91oLo2rKccqvVHV8Tr2X4FBbwk9wsfhca69Y3J
  Funding recipient: 8yTxVr91oLo2rKccqvVHV8Tr2X4FBbwk9wsfhca69Y3J (0.00203928 SOL)

Signature: uo4xcky47yMV3iGU5wRt3cuzvC1Bvf6SEAGptgKwaX99dsrN3AoboHKUcnE2z68UExFmCNUvx9LesQ9guLDq6S4

Transfer 1 tokens
  Sender: GshezcEViedy7KwRndCzTLvdzJxS1PDyhmuMpLKGY68F
  Recipient: SqSri3CM7V1GLSoKJJbePSt7UqGpEpiwmhnsJjsf763
  Recipient associated token account: BePwxm31PJ7AkE7VdcV3J6ntvKu9NNRA6sMd4xpVsDf8
  Funding recipient: BePwxm31PJ7AkE7VdcV3J6ntvKu9NNRA6sMd4xpVsDf8 (0.00203928 SOL)

Signature: 2gCU4Feb3eyjgEji7Z3GFLLuYpiJTEAw729uRUCTE9Fc7GoXkZPhs3ragzMLjqUbCkzMNSoMGxdJ3jdaEA9Gb2q3

Transfer 1 tokens
  Sender: 2FxAdFRyDUawx2bmH55DaK2eSWQrrn6Kni1yJyxdgutd
  Recipient: Xd7QR72dCcnxQ8e6M98Cko6aMdebTVuEAQqtFDzuAKo
  Recipient associated token account: VEWRRMhT66t2pMf8TD4cfVKHzY9sT4x6HbCkiAsvV1e
  Funding recipient: VEWRRMhT66t2pMf8TD4cfVKHzY9sT4x6HbCkiAsvV1e (0.00203928 SOL)

Signature: fdqpZXycpX4yjsgnVDDuhmtBZUdSAF7BeKp9MPgmNQcfU1vPnxcB582HEsWnfWn7G5MZnMtYMUTHDTyugEJ2EKD

Transfer 1 tokens
  Sender: 2ufbn9Xud87AkLSVMxkdSc5WqRCjwMhie53t2gigqLhu
  Recipient: CoA6BbArzsu95PbJixBxNezZhgbJnEQN7JUsKW8matcu
  Recipient associated token account: AJWbtZnULf4so7KZgYVYv22hhsFzUDgrp1xSpVESw7AY
  Funding recipient: AJWbtZnULf4so7KZgYVYv22hhsFzUDgrp1xSpVESw7AY (0.00203928 SOL)

Signature: 4NZDEHfuufWj9ERusqNUKNsCQK7wLsxyu3Vmm5FknaCNAtiCAy7eeyPx6QtRPjRFj7Z6ReTwE9aBnUGWBUaJ71WV

Transfer 1 tokens
  Sender: C9WGxZi4M9b73ZfiPZ5aQ2tWg2wMupzpp1GN3QWMv84C
  Recipient: 3RqevLsnSf6VxHC8vCC1BTzW2QjXDrBrjySUDQCYQc6r
  Recipient associated token account: YdNd6SJvCmGiBg4CQJJH9KSCMkT9d82h5Ze1YbBWkK8
  Funding recipient: YdNd6SJvCmGiBg4CQJJH9KSCMkT9d82h5Ze1YbBWkK8 (0.00203928 SOL)

Signature: 344YNQSyjAtHWz1PHRkMGFVdeeJQf2AH3BSmMLMXKLAkB2HKViYqfcYCPQ63iz7yv9oH2LpaXWEQpXX8CYHHdzmo

Transfer 1 tokens
  Sender: FG8xQuDKeXXmHDYTMnzDRudNUUDaZ7cBYnrmcLKFvQ7S
  Recipient: 5sz2X6BytP7gbo7Xka2tByYQbXqutC1XcWufQvMcjwWY
  Recipient associated token account: Cov4ZXqDdTfBaPaamw45Ewpd6CqtjDeU8i2A72hjDQym
  Funding recipient: Cov4ZXqDdTfBaPaamw45Ewpd6CqtjDeU8i2A72hjDQym (0.00203928 SOL)

Signature: 59VGKdbk4dGsP5Mtx8PEnqUmJWcjsUhp1G5yimxS5cHzLxr5UvKVCG2PHHhB6634Zgv9pshuQ7NZsrEjf5DoEoKM

Transfer 1 tokens
  Sender: 8jYJvDCCMG2KUzpTMcAw6NSMo7gZV4Vi6vw2kUw3xH8o
  Recipient: 742jMZ4ruzprAwofAZhzWgY3W42cAwJc3aJwFFzMWJhq
  Recipient associated token account: 474Eoh7UzhS4EL3TVTBwk5sM8cqmLAKrJynWfpDmEu3R
  Funding recipient: 474Eoh7UzhS4EL3TVTBwk5sM8cqmLAKrJynWfpDmEu3R (0.00203928 SOL)

Signature: 2TCZCp1xzBUHMFbWaL42pZWnu5MNAdBVZbC8aGnFao8GceirLFgmmFBthbvE1hpKzrPUfVRDuL3TQTEeqH5gc1ot

Transfer 1 tokens
  Sender: DC4Q7yJWKjiyLWff1o6jr4qX6qrtiQRn7cmmqBL1ENgk
  Recipient: 71qKd4xeTTWqrHMMupugtQmsoRskw7xKfGRxEEg4Qeaq
  Recipient associated token account: 3epke4rrY7V2bbTDMQcCowJECYK4SMNGxwpDyypLBtxX
  Funding recipient: 3epke4rrY7V2bbTDMQcCowJECYK4SMNGxwpDyypLBtxX (0.00203928 SOL)

Signature: XpmB4i4DE4EDTfFyFF3eCqEjzxLTDs39Q1W5sxi9efoJgNePCq1rJxqbcNk6qM6b3gf42oKmos5Q7cFV6oTfQn4

Transfer 1 tokens
  Sender: 3oNYE7JbfQgX9zwuW9v9gSkfjmQX2bUbsgYbRGFm81kt
  Recipient: Hu1XBtQcU71JgheKSFDQXL3QhuL1tdHoH9mgWyEUJ7Qx
  Recipient associated token account: 8azhZNPSpYyZ1qTSFMp6n6718QVGfhSkUs4MbZB4amuY
  Funding recipient: 8azhZNPSpYyZ1qTSFMp6n6718QVGfhSkUs4MbZB4amuY (0.00203928 SOL)

Signature: 2MckHu8zs2jQmMpLdiVFU6z71KDpCUDWHGu6QH7Tuwqy2D4XVGTCx1xsvk7Tq2xPvdXEcWVi5p1CQ5uffjReUGNV

Transfer 1 tokens
  Sender: GYyeQjSPSfpHZugp342d7NLraktvVH1McsshrsU4V68U
  Recipient: FdvMXoYeqtGkGHhQyztVFQMTRAP3oiQkLjVSFe17RWa
  Recipient associated token account: 3jxU7rXDEaqP6mp4mU3P4fMkowpiNZhoapYV5XpbNXX3
  Funding recipient: 3jxU7rXDEaqP6mp4mU3P4fMkowpiNZhoapYV5XpbNXX3 (0.00203928 SOL)

Signature: 3VVHsAJnh957SvS35Qp55LhHk45tAhqtMKsLrgv5JsSQ9FZzsyziFSv84PY4p84kiTYX7XPGZkpqzuNcGKeatskP

Transfer 1 tokens
  Sender: F4qt3MqEF8b15bVNkvBfCZQ2vP91w3ie3FgVhnmvjTaD
  Recipient: 8j3M3KYvBgF9oTDVDqieLo3zRxgQ5vDHsfJPAs2TKbb4
  Recipient associated token account: GqWqXY5v2F3NWoLsi996CX7RM4oxXoyLkEEGwadezJhR
  Funding recipient: GqWqXY5v2F3NWoLsi996CX7RM4oxXoyLkEEGwadezJhR (0.00203928 SOL)

Signature: 3GBD94DCuqva7swZk6QGxjEyn1vTsijVoos4Yq7vhgTJfwAYVEMsy1v6hVR4VAnHxsLPwxQjXGy8bn2DMB5rNGRc

Transfer 1 tokens
  Sender: jNfyKK49v1rw3NLg5XjvNNJ8Mu7HQtQab1GpXsYeXH6
  Recipient: 4dKbzteBxRPnJLaVDyj4t8v6i6G4PX2ASr4iqyrcaZZF
  Recipient associated token account: GEwJwXgwMfML4vCjdYaNEsLgs9VTU5u8v76tweaXqtBA
  Funding recipient: GEwJwXgwMfML4vCjdYaNEsLgs9VTU5u8v76tweaXqtBA (0.00203928 SOL)

Signature: 2wJUfNMRb997uuizyQ4dNth57Gbo83udd25akKs7BeFp4fTfCTTnFTB6g9hr52HsD1zLi1L6CAMsrRnLRhLUAbFb

Transfer 1 tokens
  Sender: D93W7SdcZ9QfNypg7AU56s5JAJCt1FWw3iWjS5jPWP1W
  Recipient: 6J4dFhzDnpE3Dpnr7rYLJEVKXGibcrZxaNJKeRhZLNnU
  Recipient associated token account: Hcdd9EsnPTmJPmA5vnRUGrCDD6dpaYkWZWmtExWg8A2X
  Funding recipient: Hcdd9EsnPTmJPmA5vnRUGrCDD6dpaYkWZWmtExWg8A2X (0.00203928 SOL)

Signature: 62nU8oMcpx42tHSPWuC9UQLCu5iEJfKh4t4vzFgNB8AfpBvynDGuUzjcaLcic32GrjUwhaeYV2eJcK7zzKyRfUST

Transfer 1 tokens
  Sender: 33uayH8p8pnZpKCxpnLbyJ2ptGbQrS1Zo74f2WVFGoA3
  Recipient: b3EeBpVifZ4Lxb1qKe4c4ptBTc4yt8KPo2AQwhyDLjw
  Recipient associated token account: H9ZYLeem55KN81fQhvU2hiaUxCB2NeWMxjSZofrcPr2W
  Funding recipient: H9ZYLeem55KN81fQhvU2hiaUxCB2NeWMxjSZofrcPr2W (0.00203928 SOL)

Signature: 39nucixLSHBAN44xbPsPEKkA5iyGgMDv7iJco38D3hkjeVGYaVkWkBKvnZtoN54yYMQaFGTiZnbFYkAyr5ip3TTb

Transfer 1 tokens
  Sender: 9CSAktAJCTtJW2Yp75KBMjfCaC2ZNz8iHPCatadBViKL
  Recipient: 7P4Bb1pCMuYNveYhg2j445cmTRCEGp2eAAtBQUv7Jz89
  Recipient associated token account: 4nxJSvzJwLYXCMDM9EcXPdg9P2QPm6M8uBRxudCEmTv5
  Funding recipient: 4nxJSvzJwLYXCMDM9EcXPdg9P2QPm6M8uBRxudCEmTv5 (0.00203928 SOL)

Signature: ampzYRxFGBf7i1FcEsmDhDHC1AE7BdtcMk93WaELvV7y2vhZyaqHgfFe1Y1TutJRzo8oeF5hDqkhA5Gx3McNNEo

Transfer 1 tokens
  Sender: 6y5who8hAjzPn8FP7DxfQwustHArWW32yK7e9v5iWAfe
  Recipient: 8mfSvKNsNfV1XFkZVJV7YV3igWdCJuJefV8GimBKvZsn
  Recipient associated token account: ENMT3rQ2DgTogUaDGcWQeaWXEwkWogAdgyphZo9J88g7
  Funding recipient: ENMT3rQ2DgTogUaDGcWQeaWXEwkWogAdgyphZo9J88g7 (0.00203928 SOL)

Signature: RvkNnFXPKUCEPdW1DP6smPJ3pCMP8ajr6xvcj4igWVjyKcA2cktNZczFbTLukKgMP2r5Z5Scz23ejdpwU6A8N7n

Transfer 1 tokens
  Sender: 9QAVPPcR72Zu23jVYnRdqbuz9iX5EGXVebfdsLZc1a1J
  Recipient: 6ykYU3fWNQnoNunJKDLSVSZWCMPoajoE8EVNzKCYs9qT
  Recipient associated token account: A1ZxWEUXGBmnkhDQMWUteC494NssLFVSYtK3PaRaecBa
  Funding recipient: A1ZxWEUXGBmnkhDQMWUteC494NssLFVSYtK3PaRaecBa (0.00203928 SOL)

Signature: L52eia2jhpNLpe3LLXK6Z5WwEayTex68F7Z31iqZVVixn8fVQ62WzNWNzQZARWytNNHLcddyXqoJ8ZruidZRKqe

Transfer 1 tokens
  Sender: GtEXMYYuZYJ5eGhhuVwaisYcUFGJurZp1nWJn77X3ME5
  Recipient: 4MGLKGy7D2E45Me2AVXf8jYBWDRKFJx41WQWdf7bXpBH
  Recipient associated token account: 6A2XtanGh9vmwLGUyVtQwbNLGLqU9VQvvqKPtAB96sRQ
  Funding recipient: 6A2XtanGh9vmwLGUyVtQwbNLGLqU9VQvvqKPtAB96sRQ (0.00203928 SOL)

Signature: H4JFqL5BtQc5iApjr8ZyGD6EafeNmQ7ynJtuNz4x6BqGnAxKiijEKhTYrvbsVN8scMt4uKakyKcE4vQpK3wxuxB

Transfer 1 tokens
  Sender: DyQJtNhwT9YcsbQZmYVUTAwqY6V4MYbmGgQYXu44HAqK
  Recipient: 5wpT5MyF9jTHYWWtXrhot1XcCr3RAAQbwLeKnDTBZHYL
  Recipient associated token account: HUZE9JbY4fpjYuuLepkwpq7N3DC7MiBGFfKvKNQnS3dH
  Funding recipient: HUZE9JbY4fpjYuuLepkwpq7N3DC7MiBGFfKvKNQnS3dH (0.00203928 SOL)

Signature: 5Vsc8WBiHsQ2eWNbTrQ2QDTeeUJbqZ5HqYozKB9MWwkYL9UJo8oLh9Q8vwBqvSPkWxPS36mZbyjHzazWNFQ2kz9H

Transfer 1 tokens
  Sender: 9e87sDB5bN8MjfmntnGKyZ65zkMVvHphLm7sCTf4avrL
  Recipient: 6CfjjT5Cyy2RNgn3wiGSuU1Q2VhrvHo9DxbMPwotzeUo
  Recipient associated token account: BWpWkTzcbxAV1hoR5Pdytm3Kz2y1T8kbc51yr2uJeMaR
  Funding recipient: BWpWkTzcbxAV1hoR5Pdytm3Kz2y1T8kbc51yr2uJeMaR (0.00203928 SOL)

Signature: 3mAMwpVpTQXAFiUHnq3iPsYJb2ewoHQwDpnqwfhgmLb6rXccoEHAPUyBH5BnmQDAMBTwiVP3XwDm1j3NxShSQ3g6

Transfer 1 tokens
  Sender: 6gb56JrSKpBJKqvY1msaRXKJyVTHaxaLezWQ3mBCbQYP
  Recipient: Bb1PqVKh1TJL3FfLaxVrpcGopuXrUA3NpfNFv7VQSsn6
  Recipient associated token account: BW8BbyNv42nAPP5JBRy7kMcXRrCkNzXgFQcbMCupBUWm
  Funding recipient: BW8BbyNv42nAPP5JBRy7kMcXRrCkNzXgFQcbMCupBUWm (0.00203928 SOL)

Signature: kURZM8kpp6H6cpyMvsn2atmiYZA5XcnHAYuHnTwDsnm4ibGSRPnUrvq1BRp6dgr52Uwg6FEcAa246v6TgziJv9k

Transfer 1 tokens
  Sender: DmYB4kupuPZr2jziPegCVa93uNcSanwSMUSQxq89N4B1
  Recipient: 3UzdWiavQL1R1yAzZfFL7644ZFLx3BgSQBjzMxoLJy9Q
  Recipient associated token account: 8J7z191edV9pBRPto688AgGJgSV5pC5X3RrHoEyTrMWW
  Funding recipient: 8J7z191edV9pBRPto688AgGJgSV5pC5X3RrHoEyTrMWW (0.00203928 SOL)

Signature: 5HF5vTZw2iHeck3EcV1PPeWzYDn27RX5XXXxutp88k8yJXGuVsZfuShwwbYEvvJ3kJupBPfMp41Dwk8YHW2xQrF9

Transfer 1 tokens
  Sender: 3iLE9RuLqGEomNhkisVUte3WofFcQj2HhckdHrycfziL
  Recipient: 8XGaSpNJD2cq7dCZ3sUC5swg5TrHQ6LMEoGixkCN47rG
Transfer 1 tokens
  Sender: DAJCoMnhGZsUJqEjgBt4PfNMiw7HtdBgZHcNfKxYgPDA
  Recipient: EFpipurDmX4Lgv7V5TobgR6TMnBSZv734pgcZjWNkmfr
Transfer 1 tokens
  Sender: EdW9dAGBZGtMeeQ3cYSVE4ABbsxtVGXF75gdLb7e9TGX
  Recipient: EUeFX4BL3uth2GVG8R1kj43ZA9cZS2mtgXeB3nbSGuHY
Transfer 1 tokens
  Sender: 9MA6Z8VDKNgEARQgfGE6e7QrZoSgC4aeiKM6TieVSMHQ
  Recipient: CU4uGLchdTeKu438YjZ9uunwumRVFzz5wr2UGZsNy2Ck
Transfer 1 tokens
  Sender: 2R1rhuv8vfoaPwzSe5mTCL8byhNb1ViPdQf6Kzrib2hN
  Recipient: 2tZWeJtF5VhCCr4SEb1Y2dJUy4xkKtNxs85JJzz3BESK
Transfer 1 tokens
  Sender: 6z47MstvU9U83QBonpDgbbY65W1Yw4ns13xsXVXR7yM6
  Recipient: BVFTQzEas8kMPkcugksaTTuLnQJ8ESxtLryk4ngdyvjU
Transfer 1 tokens
  Sender: 3riMahEiqYnPfk37E61Hiw4so37fp3iUNNGCXrQfZTen
  Recipient: D46WdsQJHPbYxdMQJhkFf2AnqHSj9c3rQo2nKRQ2G1gE
Transfer 1 tokens
  Sender: 7p7RhptCU264DsZZoErxnmaaKQkwLUwc1QMme2ykHU2u
  Recipient: 2HvZLtooDPoA3WkP2vQqykTbynL1YMwPmu3X4y6g2C8z
Transfer 1 tokens
  Sender: 3E3phXT4YjkZ8CyMUQE9tg7TAaWLirVJpZvtEZmrYP8h
  Recipient: Cf4pZaok9wdfp8qTT3RiQZvJE5t638oeQPVekwEJyYrX
Transfer 1 tokens
  Sender: 8BjbjUvxVEtsvoDtCGovE4tUTdsrxA6TiVQFKn6aWeYT
  Recipient: 3nFUHFyVTDmnyePhLtCkt4cHVSfHCWU6HxsgB65f7c3Y
Transfer 1 tokens
  Sender: E7taGu9pCrpjSFdEUpCByhoBjtRmQqUCB9KpBRfupqQi
  Recipient: 5WwGBMUxYefqY1B8M19VMtcaJaZR453PpAP2YDED4U4J
Transfer 1 tokens
  Sender: 9obX1h1h14pVbAErCR2Me3DpFaKmsvXwqbcTsXprfFuf
  Recipient: 7RWr1Z6dJWat4EA4o4WuBAukPgNUrwMqPDyqPfUEKHe7
Transfer 1 tokens
  Sender: 3eaQVxUnYMYschSNafKfxrjG46eijUM5A578gU52vkVj
  Recipient: 7aoCPhU5m6SeTdokjLk9kCmBQuYyhnHAUDb9RTQoEvee
Transfer 1 tokens
  Sender: 9YPwC431TEzaEjr9qYZFQQGBjT2UbbQAcrEGaqoHcyTu
  Recipient: ExHjH7nZufPmsbTZc1n9R1iWMGJPDaJTeDv3PA75iunH
Transfer 1 tokens
  Sender: HY11DKgnrrvfngm8ScFyQYLNCL1mSpcYF1W9hFsu2YEk
  Recipient: HSo6fpKgLhwrN3L2iLxkMLQi2g2uSLcshMWwMBCh8pD2
Transfer 1 tokens
  Sender: 7qV1gKm81ep3B25zVviU1rTxKyv8gTG88vV2P4exnXbA
  Recipient: 2pVuK3Aq3tThhXDsW548t5miF9AsR8DCFmpCHjEx6mVH
Transfer 1 tokens
  Sender: HNxT8whbArki7HiqGX6VdBPHwSdNtqtyjJuh8V7USLX9
  Recipient: 2n5PbADyQXeCMztD5wnZjF3Nn2w8PmCmqSQ68TT6Q6KX
Transfer 1 tokens
  Sender: 3Bq6CUBFjVMtXQZ5fLytB667jTBRg43cunYsMkH4q4mp
  Recipient: 3NFjWTZNaWp14Prj3y1o3LrH3JiJjDCU2sfthB5Dj9Rb
Transfer 1 tokens
  Sender: 9AiHpSudiatNtkvUfQCEW6GYfg7NXzdFHdAZWNGD7bWw
  Recipient: 7za12ggaog2SjLpmnqsynvH4bMqgx3SaV78Mw6gYDNs5
Transfer 1 tokens
  Sender: 8qZRXQxywAxnvoHtSoFMFMt1WrCT6gAggnnZYsoCs4ia
  Recipient: HPedc5tDF5Gvf8jH5c4R2fJJ3pe7uLkv598GgyheVJ9H
  Recipient associated token account: 5szyPdqD5ud516i3zLxjG1BKft4CfvrjswXHmhjRDp3i
  Funding recipient: 5szyPdqD5ud516i3zLxjG1BKft4CfvrjswXHmhjRDp3i (0.00203928 SOL)

Signature: dguoCYtZhvTk9kyv4kBmQDrjoMNPC1yM8wRHmT29oELBJpnACX1wWSXTxFaqNYPVFFpbJdAdJB3AcYNzuAxcKeU

Transfer 1 tokens
  Sender: 444XBuiPShQXhsQk5zxseXwsPC1yMi5TMh8uFKaJK1DS
  Recipient: FpSrQMhnYa8YRnEQqKstyi8DYsMvET71CPfnmJkBSSP5
Transfer 1 tokens
  Sender: GNE948dmXpfnPJDgM75GeqFNmpw3qXcmZMnkdHUoyiqE
  Recipient: 961La22VGQ67stUvUMWpRhp3dRma8vPvTkySkSspVYiD
Transfer 1 tokens
  Sender: BoF2gqkVc3pTH9E6xhQZryocoBAH7oirAunuZereasjg
  Recipient: 7zfyHQYPJEcQhBywdXqSMfzpCsDZSBZjNzcp4LQ2PcwL
Transfer 1 tokens
  Sender: EtdDQy41DqA4JSAc1drjgU7vyK8NDMntvaE1DysDvGcA
  Recipient: 51oET2dy4vCmZ1JMGYR9hbsvsLng1vcLD6z2AZp1uq1j
Transfer 1 tokens
  Sender: BFxTFWyHwGvtXrnxTXD38mJsfLbM7B8n5WsxcmWrkQvC
  Recipient: FJ5hcKnacavLz9geNZDRyDXdUvZHJBVnn5RLLy3sRtra
Transfer 1 tokens
  Sender: AkpKx68iQmWZamRh2gCXx4eBCC7rCBnX7toKwr2mDDd1
  Recipient: 2aoSUxrKamegqhLZm4QcWr5BPwUoqxTeAaGLRzq8kcnC
Transfer 1 tokens
  Sender: KUWcyNdF6PVXn1UvzKLm986n1wordu2qN8K9AD4dzwN
  Recipient: BXMTKKByDZfLSpDhjm7n4V8RXAnAWkT5XupcuU5kNpMP
Transfer 1 tokens
  Sender: GshezcEViedy7KwRndCzTLvdzJxS1PDyhmuMpLKGY68F
  Recipient: SqSri3CM7V1GLSoKJJbePSt7UqGpEpiwmhnsJjsf763
Transfer 1 tokens
  Sender: 2FxAdFRyDUawx2bmH55DaK2eSWQrrn6Kni1yJyxdgutd
  Recipient: Xd7QR72dCcnxQ8e6M98Cko6aMdebTVuEAQqtFDzuAKo
Transfer 1 tokens
  Sender: 2ufbn9Xud87AkLSVMxkdSc5WqRCjwMhie53t2gigqLhu
  Recipient: CoA6BbArzsu95PbJixBxNezZhgbJnEQN7JUsKW8matcu
Transfer 1 tokens
  Sender: C9WGxZi4M9b73ZfiPZ5aQ2tWg2wMupzpp1GN3QWMv84C
  Recipient: 3RqevLsnSf6VxHC8vCC1BTzW2QjXDrBrjySUDQCYQc6r
Transfer 1 tokens
  Sender: FG8xQuDKeXXmHDYTMnzDRudNUUDaZ7cBYnrmcLKFvQ7S
  Recipient: 5sz2X6BytP7gbo7Xka2tByYQbXqutC1XcWufQvMcjwWY
Transfer 1 tokens
  Sender: 8jYJvDCCMG2KUzpTMcAw6NSMo7gZV4Vi6vw2kUw3xH8o
  Recipient: 742jMZ4ruzprAwofAZhzWgY3W42cAwJc3aJwFFzMWJhq
Transfer 1 tokens
  Sender: DC4Q7yJWKjiyLWff1o6jr4qX6qrtiQRn7cmmqBL1ENgk
  Recipient: 71qKd4xeTTWqrHMMupugtQmsoRskw7xKfGRxEEg4Qeaq
Transfer 1 tokens
  Sender: 3oNYE7JbfQgX9zwuW9v9gSkfjmQX2bUbsgYbRGFm81kt
  Recipient: Hu1XBtQcU71JgheKSFDQXL3QhuL1tdHoH9mgWyEUJ7Qx
Transfer 1 tokens
  Sender: GYyeQjSPSfpHZugp342d7NLraktvVH1McsshrsU4V68U
  Recipient: FdvMXoYeqtGkGHhQyztVFQMTRAP3oiQkLjVSFe17RWa
Transfer 1 tokens
  Sender: F4qt3MqEF8b15bVNkvBfCZQ2vP91w3ie3FgVhnmvjTaD
  Recipient: 8j3M3KYvBgF9oTDVDqieLo3zRxgQ5vDHsfJPAs2TKbb4
Transfer 1 tokens
  Sender: jNfyKK49v1rw3NLg5XjvNNJ8Mu7HQtQab1GpXsYeXH6
  Recipient: 4dKbzteBxRPnJLaVDyj4t8v6i6G4PX2ASr4iqyrcaZZF
Transfer 1 tokens
  Sender: D93W7SdcZ9QfNypg7AU56s5JAJCt1FWw3iWjS5jPWP1W
  Recipient: 6J4dFhzDnpE3Dpnr7rYLJEVKXGibcrZxaNJKeRhZLNnU
Transfer 1 tokens
  Sender: 33uayH8p8pnZpKCxpnLbyJ2ptGbQrS1Zo74f2WVFGoA3
  Recipient: b3EeBpVifZ4Lxb1qKe4c4ptBTc4yt8KPo2AQwhyDLjw
Transfer 1 tokens
  Sender: 9CSAktAJCTtJW2Yp75KBMjfCaC2ZNz8iHPCatadBViKL
  Recipient: 7P4Bb1pCMuYNveYhg2j445cmTRCEGp2eAAtBQUv7Jz89
Transfer 1 tokens
  Sender: 6y5who8hAjzPn8FP7DxfQwustHArWW32yK7e9v5iWAfe
  Recipient: 8mfSvKNsNfV1XFkZVJV7YV3igWdCJuJefV8GimBKvZsn
Transfer 1 tokens
  Sender: 9QAVPPcR72Zu23jVYnRdqbuz9iX5EGXVebfdsLZc1a1J
  Recipient: 6ykYU3fWNQnoNunJKDLSVSZWCMPoajoE8EVNzKCYs9qT
Transfer 1 tokens
  Sender: GtEXMYYuZYJ5eGhhuVwaisYcUFGJurZp1nWJn77X3ME5
  Recipient: 4MGLKGy7D2E45Me2AVXf8jYBWDRKFJx41WQWdf7bXpBH
Transfer 1 tokens
  Sender: DyQJtNhwT9YcsbQZmYVUTAwqY6V4MYbmGgQYXu44HAqK
  Recipient: 5wpT5MyF9jTHYWWtXrhot1XcCr3RAAQbwLeKnDTBZHYL
Transfer 1 tokens
  Sender: 9e87sDB5bN8MjfmntnGKyZ65zkMVvHphLm7sCTf4avrL
  Recipient: 6CfjjT5Cyy2RNgn3wiGSuU1Q2VhrvHo9DxbMPwotzeUo
Transfer 1 tokens
  Sender: 6gb56JrSKpBJKqvY1msaRXKJyVTHaxaLezWQ3mBCbQYP
  Recipient: Bb1PqVKh1TJL3FfLaxVrpcGopuXrUA3NpfNFv7VQSsn6
Transfer 1 tokens
  Sender: DmYB4kupuPZr2jziPegCVa93uNcSanwSMUSQxq89N4B1
  Recipient: 3UzdWiavQL1R1yAzZfFL7644ZFLx3BgSQBjzMxoLJy9Q
Transfer 1 tokens
  Sender: Csgk17gX7AWHRCKmf5CZdWNiChmVvKFwvfFdC5W7JUZR
  Recipient: 6WkubxrGPgffYK4ccs4k8YG7R8oVcjp6C2ceRpS5LZDj
  Recipient associated token account: HSDPbkKZjBQhDCQB9PTYzz3dQEC1RnACxrDAZZuqmSMp
  Funding recipient: HSDPbkKZjBQhDCQB9PTYzz3dQEC1RnACxrDAZZuqmSMp (0.00203928 SOL)

Signature: 2TDLh6tAkvPkBoQx4fuHCLfn89fj37w6bn4fNXjTTEdkvATaQQ6mrQcffuiiuHMrpgU6HyJCk1y1TVkkAmD4qzi6

Transfer 1 tokens
  Sender: 5uevvrSYezZwtsuErifYX88YvM2ZrNSn48fbN6wWYZdN
  Recipient: GD9Dx84Rzr6qLJKoZqQFZn2Yzf1NyPFbQeSRZqU56f8z
  Recipient associated token account: 71M8CJ8ktYtcYcVzzFMChp43A3dZVmEAKPFH4vY79qty
  Funding recipient: 71M8CJ8ktYtcYcVzzFMChp43A3dZVmEAKPFH4vY79qty (0.00203928 SOL)

Signature: 5NS81tYQjjSDqRA1v9ihQhi616gKd21zB91hwAsRxVFs7Sf2MRnnoLe5d4ycTpqnLM1dmrJYUXJ7HPCwa4BxLUBL

