3ZKbSv5JL8eYCbw4uZs5cC45LDDYbgA1gdkQLB56VPVm
BenBVGSYGPfPqy4JD8zr1J3FYMC3dTMu8DMxUxGmPvx2
DPW2UAVih6KavYPzUebvxrvQECDFD4nmaDy8x7ppcDHD
AgPhAsvcwPfT8bcAQxfyvymHdS9enkCzHDZP67ihS5YM
8kX16Yj2WBCz1sPXcimafGrutQkw3s3Swe9sR3gt3cC2
SqSri3CM7V1GLSoKJJbePSt7UqGpEpiwmhnsJjsf763
7P4Bb1pCMuYNveYhg2j445cmTRCEGp2eAAtBQUv7Jz89
Hew6XJcEjQAx2Pi4GWogr68dmbST24g9xtumKBqvhkdL
C9u28tV9EcKf6iqCxcQvh8M4fnxtWU27vmS3gVwwVKSm
7yRmnAy2KN6bvvr1nKqVsiatrGv1vHG81TsjqPWsBb2M
RTY7RjhPpDabh6ky8mQudWxWH9XLZLCRPAj2CqRN21r
EqPQKm57nesqbcWakEzQ275EmMPYtPr9WdgabV61qQ5X
CTukU5WkHZAAwxpicJw9zMaKmUpYBPttWeZKsdhdgint
8kX16Yj2WBCz1sPXcimafGrutQkw3s3Swe9sR3gt3cC2
crpQUfqtr42Y1W5LgZjvjVnEo2nsmXhSuZ1EyomFCDj
B2HWFUruRZggNzsBRJHWMTn3zC9W3gYivhYr3WVqjaav
EkrPmifHXbGk7PLeReSgGieStGYrU1KJQudkdvVkFgFD
6uWDr6tgKgb2VKRVFrfJDAL3ivaTnSeAN2pt7aLoKbEG
3tA3yGZJH7PxjyskY7uqyoeFd31sWiF43KX9sMzbhd3n
25jd52kMzaJRcHYCKxtz92cUSUrPD4tEqqGqw3pnQbji
6vGvGQDXPjfVExLZa8g9xfxJgFhMZtjkJ9nKrTLTrwBx
5dNGzQh9sonyFUcTHrH6wiCczokUMSc79miMEysyVYjK
27TNAPE86WKjPw7wyEp39NSZpmDBR9peuUw2eNFqPvi7
E6BdoEi3My25cnxbW39kHPq1Wo1pnqU3GX6QQP57XajV
DLv4HftLESxZ7B78F6mBJW6S8HoYmJ4gLKJUs98CXQuT
EXP4u9nrkF47uGs1ryEzNs6SbNsyriwcQ9a8dKNzzmBi
97CaZv5Ra9pdzVcrtNF9PSZSr9bSB922n7GVC7evRAwa
F51Fz469okWs2REtK4L6USHHt63Ls6BeUAY49fQKrPAW
CSen5Dy9AgY7tawJ8gtA1hyaarAoeHAEYqcsBLxpZ6bp
BVFTQzEas8kMPkcugksaTTuLnQJ8ESxtLryk4ngdyvjU
DJNqLSq1G5CiY5w4kWoj9pVVUXXgHoa2Uw7Ja2jBMXFg
AHFYN2pv4iPG4wGMTjfFXdXQjPTXMxBdLHvEDCBKqaBk
EAdQAdc25Cbyyo6pEjPc3v8tJyTnBNsF9VJJd49RvzoS
Y1iUozoALJ7qc3kmJCCCdoNBHnp345TnPyBRfVHBeme
EWC6ESChdBqExhp96XPMLXR65pXP6Ftuh1pPAVws4pmk
CqGDBUWhmUZvfq3u3Umhghk6YGVSMvHNvG3bEpy257Hi
97xAKp8FjyXkiYqTtYWN9ArD7KxTevzaCAo7VCcwLAsK
HHkUmGtCWDSy9juDafQx6KoYeAqUqpZetJrLDnvDCZMX
ErAwqzKVB9tWuZoMy7mK9csjB6pCqQaeHmxWy3SLicB9
Djt8jj26RL3GsTRkrifq9ntxYJyUQsqRY8Sgkxns3dUw
CH3T1cTkevM4DT4PTc9ozSSBxLYLU6romerxjEDdq6Qx
GA4RNAq8txnAwkCDNMJEKpRMAooMPRfDt2rModXmCMDX
5zYWovYn9kdMX9wHovwxMFJCCzwwykBY4pp4eEhCAt6v
FxDsKXCVStxQZt7e9VikzLA3XGhxxPAhC5aGS3oermpB
2qXqig6b7BWU6F6ZERt6AnsTWQHT8Lmc3nocGoMZHZH1
Hew6XJcEjQAx2Pi4GWogr68dmbST24g9xtumKBqvhkdL
7KbmFStnBVAUB1NRKuNFdhzXtj3mfAT4jHLXoFvFFSaS
54Mo68jPMSBhszCC8dUA8hJEpQxfjGFyCcTFGDJcTbvX
2hngJ78u3nj3r9a5bcwNGntGPs6MVMcQrqpQMm929YgK
8BZiPqhVHcQRUi9ik4ToqZ83wc5bRovucP44ajwLSiha
4MYxCzrMbXFaRAJSUHS4TBcVpEcCshbdvjFnR87oZCre
AgPhAsvcwPfT8bcAQxfyvymHdS9enkCzHDZP67ihS5YM
uMLELXXVahTQrXTMmiHNP1jxA8J5rK997kkHrjxXDfj
HFPaT6WKk9SkwtYVZ5m5Sqw7ZbyehGu9GHjsctigm49S
5t5pfR6Rz1f6XeLX7ribnVFZcY7pXLRbcdpEqyoFUnA1
E9T5NiubdouJLAXTG3YE6AWHBgC9XhiXvoARR3RwyUMe
HHkbYGkcS9Dz9g1SvxrRSUb5ibiM2mCircigQqYqPkqj
HeohjHu8jiJ4gpEYnGakdfv4CxaFcCAS6iEfjLM9p1Ha
FUfFsJeSvKzBbSLDeHQhjNQZPFeVo7KxsPf4VLExoCxj
H3CWZnEkGhPAhzXPXna2oxZe7jNLJkJXwuiFo6wxBkET
CgeQQY2g3ZKXSPBdTVa2sZ6Eet3456WfG7KmrTLRh6MF
HSo6fpKgLhwrN3L2iLxkMLQi2g2uSLcshMWwMBCh8pD2
GryqvMoqZFnmTxVMduzUQt4RtCZZCTKRZwLNuL4KyKsa
BSWrvzk5upP2q8EfcZ31RcKemhqpPH5VTqsoBdHaQLXM
FsBMd5URieGPWAyTsYpogM9URzyXo2oxznGbHZJARUNA
AEUto3eFWHLAmmVRq3Vo2fmHXwte525jQGG6D7pN4RRd
4CVLbLUcNUdoXkb7GhEJmoPgiiv7G6fistNWu4Rx6T9L
Ai8W7hPXbEqSFRARx5svHbpGUNnK3kgqDsjoHXRZtynY
3H1wvZqJgy2v5XxaMLFVtRnMeN6H1t7JrenehfQcn4qk
3adymN6SW5iJUw3PJmn47noPrBVg3QimnPFQnSJhA3VC
D33AVStLgB922CBBtPnfdzvrZSRFzoghJvSL1ckPnPzw
9EA2P2FerQqzUV7s167v9fxRaegRHrFna18PmpJZQ8GS
Cm8cYtgtfyULCzisqUnMg68aqqi12PGZScouQfJRfrG3
9oQtrYdYAhfrwgmZGShvot1sKac3d96rm5iDhs6oyucL
6so6mycpRfQPHDf38uMDw43hhGxzZHU6cXfUhF5CUVhx
EcaptyRFQCXg5YEMMSXBxamqJZrs7vxwntsvFozp78TT
CWiXLx6juMmaq33BPXGJ1k2DPqzfDyCQWoAsUUe83CqP
2pxTva6zNPVrvHKz44NH4GPYiuVzzUJqeiNosqHGYdVH
8zfdGUKpemtzs2Ypb8reoN3A43o1ZkbwFCBNzpUeFeUo
8dP7pF3UR7aRGrkgshVUjodLrjg1MQ4LrnKFqytrdan1
4GSGks3QkdGe43mwTdfKHsPydWMwUtukmPuYDYvsmrmZ
34YsPVjERhtDyXnGFWRyqrwxCpGZvVRkG8SQrR4P7QLH
9EA2P2FerQqzUV7s167v9fxRaegRHrFna18PmpJZQ8GS
H3cPyRGXwmReAMB78A8guetqPJLekVXM5DXK92ueCLfE
5ssu1FQCAxLQZUbSnFXAuPn2eDaZBTWkc5QBChh2yxAa
7HSQCCHvV5iR9EJU8tHh3CL1M6XDNYsU218MSWLzYXHE
GxuSFHonL3fBzBy9WiLrQERFTs3PdQxQCz7St3zpJvVQ
FhigUHSpoFwV9A1F7esGKqYsjGs7m2dsHgWzhkpxcXh8
DDRe6Hnsx223n1t4gU5QLYhS49ymf6JTLBBDiYPr7o1e
8kX16Yj2WBCz1sPXcimafGrutQkw3s3Swe9sR3gt3cC2
GY9EGS8WhGcmzELvuBW9y88TuKi3GxeqhG3cSsoDkF9u
H7E4JB8ebHaoKQe2Z3NAwXniKcuy7VVuAoycx7PYAbE9
8ZCLGsEVrqReMp2TZMd48aYxGTGkbKZXfJC2EK8HyiF3
7o4NoA1g1asZzi8D4fRPjVuDR6YkKGhLRwVbEFfmRWX7
3GFSEgAQb4niaJRPjKUFxKpXpyJjZWijgM8pnbk6GYzA
CWhmsKsqd8rNLussMP33gG5Fc2KHCSCx81CWeYYXHCBg
CGjEexuki8tYteRxpEEq28ivbcsV8aFmhJS3RTZzM7vh
2WkPKh2HqudssFdhTJRdj5q44oTwZrdPJQ2hGbgwMXrN
NoKqf6yhqTE4jtYGL8Pw7W7xP6TV6k6ywgeqPRBnwhD
3Kx42dgP4mnr8Lnw58rdccNfMXCP3au91WTCJt2GX3VX
