Dr3wk5k5hfhrLvb6JvZMFCBEixAb2mMCmBm8JmY7tuJM
Gm4FvmDqQxNCqRdmynNknqdYcMwitLMfqY8aLFaxDwSq
5C9tu7uVVvPj7ji9K8hDSNsYSpc5cLgbP3W1QxfW9n6U
2fiHCXfQCsaToCXMCJMyiTtXyrgBhk8Kcx7vMwBFAD56
7LnoZh6ftaXuVodAVLKr7CryPt6431UqMLHSshjGepiW
iDvudo6j4YuZno7a7QmPvDwDKjS7QzNG4Jx8ZoLZ6bJ
CeXyRqzXX8vEcBYY2pXfWtiiQAPj9rFVJWdV3ZWemkb2
3adymN6SW5iJUw3PJmn47noPrBVg3QimnPFQnSJhA3VC
DLv4HftLESxZ7B78F6mBJW6S8HoYmJ4gLKJUs98CXQuT
5URSakmV37mRXJ2rETDRZEyzEVBE2ebySVeLGWhUUk5h
98Ua49smTudbsk6aJ3nXqbuoWaxzaEVLfgFF27xEYx8c
HMCuUsfswf8ngtNg1E8RgpcthsnjakGfSptKNqyzBuYb
BcwzmAJunqVo7M9PHuUn3srQJX73bd9xr5fJseCDGAZm
FpSrQMhnYa8YRnEQqKstyi8DYsMvET71CPfnmJkBSSP5
GCN2T4QLr86SRkgGsKAAGLh4DPDgQzCMCAJG57guMijX
DKxvN7zqMbDPEToH17X9iX5qf3KZ25i1jGuedZRSZQiv
AhPQvgGaw6HDEKcddqARpTjBHYeWCinNQ7J2qo9WgTHy
B6vnUveAL1t6uVSuHMXYfnJ2jksTVk5dMmQe4UQ5bop1
HciMSqGZqquX9NJ81TCyxhoJDBfhwmWYGN7XXMR2kCHt
FpjcR5LnWuP3eqHLaGScwZnKEMNrkik5aWUJgJruz7JU
FgVYBs7Qag74oSNgFozGH2zCXeWZKyff6KNyQBGVZsF2
7zzFhaZdAsNxcE2YiEshZ1Ltvo8ZoWPLX6EDMNAsSei5
C3e1XpzZy8TnGxYqeoQcgJQxR5f32n8bL3YqrfgWFCzX
2RwD5cXVfvtGGoWmhGysLKupxhMZdG1Zfh81GcCnQtWG
5nTmScN9g2peTCRoffagCzrzpiCHzDZped3Lo1W4zb6n

