Transfer 1 tokens
  Sender: AE8zAmsSBD8eXx3Hdwc6qnJh1a3gPdxPhxQ5g7RBXh6Q
  Recipient: Dr3wk5k5hfhrLvb6JvZMFCBEixAb2mMCmBm8JmY7tuJM
  Recipient associated token account: 3FPwqNy6ZqQHaNkYYdyo36vvmv7KXJrNXyQ7XRVdgodE
  Funding recipient: 3FPwqNy6ZqQHaNkYYdyo36vvmv7KXJrNXyQ7XRVdgodE (0.00203928 SOL)

Signature: 2vCBgPxWz884KFyBqATJgj7qToVzx8Dp85fYQUgeJi1yJTZstKqSTYAdDfUSxW4DdSUrewb2tivHcTAtvVbT7mix

Transfer 1 tokens
  Sender: BKDHi7k5oRuS3KEbMqqacHkgW1BmukTFQG8qgJGtWWMr
  Recipient: Gm4FvmDqQxNCqRdmynNknqdYcMwitLMfqY8aLFaxDwSq
  Recipient associated token account: 9PJRrHK9VwDw2N7tK8bT6nBLupJuZ7RrughHZrBq6goZ
  Funding recipient: 9PJRrHK9VwDw2N7tK8bT6nBLupJuZ7RrughHZrBq6goZ (0.00203928 SOL)

Signature: ytqgpvE4R2Txkoaxcie65F8CsJkX5QrX59wYF1C2JfyoPLwG56mSRBh9bx2EAbKsqMaxQmNtmt256igXSWjZweA

Transfer 1 tokens
  Sender: D5Fe8W5RvvPqbckTof9rqNgEMirCqECSaZfZDgEx5LCP
  Recipient: 2fiHCXfQCsaToCXMCJMyiTtXyrgBhk8Kcx7vMwBFAD56
  Recipient associated token account: 9pC4uF1RAALyPgaCvEN1VrHrRN5Xg3jzFswRcpjsrab1
  Funding recipient: 9pC4uF1RAALyPgaCvEN1VrHrRN5Xg3jzFswRcpjsrab1 (0.00203928 SOL)

Signature: WVw4tE4M5NCvo969uamrUR61vn2bks6gXX5fxFJSsJ6zEUivkSVhGkHz9TJoSPMeprUsjquEashMKnLUbbKW4y3

Transfer 1 tokens
  Sender: 3kwXYK6TocbkoP8MrRM7HvBKNQkDJHKm8E2eMFVFKVXp
  Recipient: 7LnoZh6ftaXuVodAVLKr7CryPt6431UqMLHSshjGepiW
  Recipient associated token account: Dn8VGoYL2MizhabVdscWpz2AGUn2mq3owFqD1Vm69kGC
  Funding recipient: Dn8VGoYL2MizhabVdscWpz2AGUn2mq3owFqD1Vm69kGC (0.00203928 SOL)

Signature: 3DUq36fzEuUSA2qTY7JGwUY5ZfnxfRFLceyZCaXiG1WTrg2r3YzMp44DdMxw8Uv9jJXx4gipuixQKVUZ3wxEoMV6

Transfer 1 tokens
  Sender: HP24uime6xK78W8FowLMtDbs5YjTkvsBbNdeWf9b2WTD
  Recipient: iDvudo6j4YuZno7a7QmPvDwDKjS7QzNG4Jx8ZoLZ6bJ
  Recipient associated token account: DScpUhD96sbkyCrZw5c2QHan3PZuB1ErjavZaWaaJRXN
  Funding recipient: DScpUhD96sbkyCrZw5c2QHan3PZuB1ErjavZaWaaJRXN (0.00203928 SOL)

Signature: 5aA3Fi7AQcRCWhSrPS6C1nsCvNFsx8UjFnTKypLvL6Mackk7AApUEAW7rhHfcQsGcJ7AedKodbrxp8hQosrhNop5

Transfer 1 tokens
  Sender: AXWKe1TYU5Zg18HTzmFRXrNVaoSz3DQBt42vniTva9vS
  Recipient: CeXyRqzXX8vEcBYY2pXfWtiiQAPj9rFVJWdV3ZWemkb2
  Recipient associated token account: Ff78aG3WhpMMoymtDy5p3NNV65rri6VduNWLmXL3occu
  Funding recipient: Ff78aG3WhpMMoymtDy5p3NNV65rri6VduNWLmXL3occu (0.00203928 SOL)

Signature: ffjaLL3AhCgZ59tyrTprfRVjGAPeSktvxBALL8xF24DkfdwZt9BwMPT3TdFHC2ArmPj9d5JrjMTpKmD9MxgT2gf

Transfer 1 tokens
  Sender: EsWNCXwhGyWiyJm4AzsdrsZSpMUo31UFhHfuVLgjqb9h
  Recipient: 3adymN6SW5iJUw3PJmn47noPrBVg3QimnPFQnSJhA3VC
  Recipient associated token account: 7us86LMnwZXU7EbSUbFpMNQ5EVFPkdABwJjHoSF6ieeh
  Funding recipient: 7us86LMnwZXU7EbSUbFpMNQ5EVFPkdABwJjHoSF6ieeh (0.00203928 SOL)

Signature: s9LhjoJtBbdgqbpzCcxrgqNHAeF8pQPxc85Z3aAdQ2eiMrCSeMBwv6NtoGLp3hsjHTBpUs3MkgadmfFF433onQs

Transfer 1 tokens
  Sender: 8shyVG2chJFC7jzLJ5VhEP3DrMrSGueLjvVVkXxjvctg
  Recipient: DLv4HftLESxZ7B78F6mBJW6S8HoYmJ4gLKJUs98CXQuT
  Recipient associated token account: 9Qsjk5oma2TKpu1ADZ7sGVJVVRKuE4vZYEJ5AynWw35Q
  Funding recipient: 9Qsjk5oma2TKpu1ADZ7sGVJVVRKuE4vZYEJ5AynWw35Q (0.00203928 SOL)

Signature: 34Nrta36SNVFZapWXiiNZzpV8uFnHmWQJKgGUsmACE8q5CfnUR1hJNbbhsvedNuCu1BK5UhYYLKERmAYtu9guKVH

Transfer 1 tokens
  Sender: HUzcAc2p7wUMaKrmU4uZbC7i8QP2xYYXBBihawAGtnnL
  Recipient: 5URSakmV37mRXJ2rETDRZEyzEVBE2ebySVeLGWhUUk5h
  Recipient associated token account: 2K4rtfitaxRS7S9KNHjx6s1cDJVVpqmyZCXKvyBNspkL
  Funding recipient: 2K4rtfitaxRS7S9KNHjx6s1cDJVVpqmyZCXKvyBNspkL (0.00203928 SOL)

Signature: 4LXf469GoTrYsnJjSZUQmza3VrqPCFsmrQx96hfPQL4jDptAj8kSogUPmb3fs8rXEe6FejgfR85mRjQY5gvU1trp

Transfer 1 tokens
  Sender: BuajieqvSJJikhUqYjZah6Namg1ifdi7F2AGdvrmtc7C
  Recipient: 98Ua49smTudbsk6aJ3nXqbuoWaxzaEVLfgFF27xEYx8c
  Recipient associated token account: 65euKf1Vo2MwRj9xTXJ1zwubVXUCUcKjTPGiAcoYr2Pm
  Funding recipient: 65euKf1Vo2MwRj9xTXJ1zwubVXUCUcKjTPGiAcoYr2Pm (0.00203928 SOL)

Signature: 7yFa6tRp7ThF3RkuS8M14m9dkLebM7SL19sMSfWAwoB1a4Y42i6N78cukbRx1pZPLj3q4LScQhq4jfWzGpTnne5

Transfer 1 tokens
  Sender: 66uV7WyuZbFBGRPDsJGecjGFSeDctjp8W1XpVy7kHM1g
  Recipient: HMCuUsfswf8ngtNg1E8RgpcthsnjakGfSptKNqyzBuYb
  Recipient associated token account: FtpLYFqFxcsScGYvDqEWikDniPsYxZFdTvjj1zqXoqeE
  Funding recipient: FtpLYFqFxcsScGYvDqEWikDniPsYxZFdTvjj1zqXoqeE (0.00203928 SOL)

Signature: 3YgRJz9CNaKkMK7St792gzBWYPuZbkK4CUy6ipX4KweKsU5aFak4sf5FSNShSZtmQ1RrdDQsvjFvYWPDPcwLpqnE

Transfer 1 tokens
  Sender: D4oF1gtGAAqyCTBax7smS8n5Ytk5pdKfdKaD5AJCLeEU
  Recipient: BcwzmAJunqVo7M9PHuUn3srQJX73bd9xr5fJseCDGAZm
  Recipient associated token account: 62Wcnbtp5jDuMzou6FNJroFnUqzYDaF8dTri4d6cQe9E
  Funding recipient: 62Wcnbtp5jDuMzou6FNJroFnUqzYDaF8dTri4d6cQe9E (0.00203928 SOL)

Signature: 5CnWTLGe6u3R1hZ3gyMN4XW7efxgWgjxwnS178UXxJH7aXJjsRyqaffDrmykq6AVWVJxwn5v4xNRtE7fju2ZkKKR

Transfer 1 tokens
  Sender: 61F7EDEvqpoeATExxZzLMCAXNgZPVoN1jXz2EPheT8iB
  Recipient: FpSrQMhnYa8YRnEQqKstyi8DYsMvET71CPfnmJkBSSP5
  Recipient associated token account: 5aR8fU6mEuPxjbt1FTfSjxKXkhamJQXg6qLXGwpo3Zi5
  Funding recipient: 5aR8fU6mEuPxjbt1FTfSjxKXkhamJQXg6qLXGwpo3Zi5 (0.00203928 SOL)

Signature: 46oAPDRTS3wvRpeN6kFUwB7FXNdEfCVcLHQzjWswwKvmBf2zHSD1ZqDJxAJaEh9Nm31jzLimKaCnxuySJVaeQNmU

Transfer 1 tokens
  Sender: 75NQCc9iGgXkFk6MH66w4EPWjFh5iyvVw4codVtEX978
  Recipient: GCN2T4QLr86SRkgGsKAAGLh4DPDgQzCMCAJG57guMijX
  Recipient associated token account: 48SANwbMF8gHcN4Aeah8iz43Wi3tbhngh7f6DMaZZwaK
  Funding recipient: 48SANwbMF8gHcN4Aeah8iz43Wi3tbhngh7f6DMaZZwaK (0.00203928 SOL)

Signature: 61GMpB2BpaHekSYTtq7TH95RKyFRU3x7XArqvCb4udz2iF8A9rhmMb7CuccyeSSTnQXPG7KLE3P1BSRwG9pAxo7n

Transfer 1 tokens
  Sender: 5mrAKGv28M2u8BmR84MGsNUhXeJHt8HUWvZ43K6AhCJH
  Recipient: DKxvN7zqMbDPEToH17X9iX5qf3KZ25i1jGuedZRSZQiv
  Recipient associated token account: FWgz8A3bjb5aXqsLH1SBQeoLJhJRn3XwcYoBfk8ZujZK
  Funding recipient: FWgz8A3bjb5aXqsLH1SBQeoLJhJRn3XwcYoBfk8ZujZK (0.00203928 SOL)

Signature: 3wh4aceXBYphfHHvjEjvro5CjBAp3GHZY46JACsnUT7jx5Gc96rYFuD4oRQYLDUk9RSU4aAYh9j4ScBTMvewG9fx

Transfer 1 tokens
  Sender: Fz8WBEshzmxQEjuYCixdsCbVN7urNMiJTAMfJjYNAdEx
  Recipient: AhPQvgGaw6HDEKcddqARpTjBHYeWCinNQ7J2qo9WgTHy
  Recipient associated token account: 7bUNE9f3aPGu4TcHsijc3LdoZBPMwqgw43WwVeqQ77Eu
  Funding recipient: 7bUNE9f3aPGu4TcHsijc3LdoZBPMwqgw43WwVeqQ77Eu (0.00203928 SOL)

Signature: 4Gv5PKuUWUToJvgwakq2xJSMLKujE2XF5VxYaUAzrNmSG4yEPA8vxYUsA35xCvVq7JPgWdhjCCj7jXSdw6NS7i2p

Transfer 1 tokens
  Sender: 3rXi4wgVrxpUKabrkD6qcYwmPd8yGqh8qb9bQ7tvH1fp
  Recipient: B6vnUveAL1t6uVSuHMXYfnJ2jksTVk5dMmQe4UQ5bop1
  Recipient associated token account: 4gZHX5nenf9Pba7PWnxMYPnUqVtgLDf8onEgMV5JYQss
  Funding recipient: 4gZHX5nenf9Pba7PWnxMYPnUqVtgLDf8onEgMV5JYQss (0.00203928 SOL)

Signature: 5yqZdZf6D31WSVWxUpoJ3oTvoEUh8uah3j1gQY9Qax8Q2BCDaxDpE8RCbQ55rhocoJ3t8JJdSqsaQvaFVih7XWHC

Transfer 1 tokens
  Sender: Cj7EGLZP7RwQtomv9oDDHo7jUEL87N4RvvqVydYRnmVy
  Recipient: HciMSqGZqquX9NJ81TCyxhoJDBfhwmWYGN7XXMR2kCHt
  Recipient associated token account: 2Xt5eMdLTxiNN2Mrvh7iXEKHR1PxVcVq9tv9owEuz5Z2
  Funding recipient: 2Xt5eMdLTxiNN2Mrvh7iXEKHR1PxVcVq9tv9owEuz5Z2 (0.00203928 SOL)

Signature: Nx3vKVU23B1YTqEqAc6FbLiMz3MR5VmtwEjaa9qr4VbBwJMz8yLgoDRxqfYrXSoU4R18NUsXmMTtKMYFEJd7Li5

Transfer 1 tokens
  Sender: EfdHbPjcxF3LpJQ3YkV7Gdu7ZfQjh9eEfe58vAbnGKc5
  Recipient: FpjcR5LnWuP3eqHLaGScwZnKEMNrkik5aWUJgJruz7JU
  Recipient associated token account: 8aKVGH6aununmBP4r5hqiDL2jYG6aeSwxBSrtVdXuHKY
  Funding recipient: 8aKVGH6aununmBP4r5hqiDL2jYG6aeSwxBSrtVdXuHKY (0.00203928 SOL)

Signature: 4PNEjcM1K4qLq9JmekJMgAawoGkvpbGkxzeuhXEmoKSWCUPBtP421pXodX1AcdtLib22Vp8Zq6t2cxQz1pg8mcy2

Transfer 1 tokens
  Sender: 5Fheyx1XrHWLXjizCBK8U3ySL6nMNDmcDPNsfK2BuSPo
  Recipient: FgVYBs7Qag74oSNgFozGH2zCXeWZKyff6KNyQBGVZsF2
  Recipient associated token account: 29ZTmuMrteFpwkHkjafLqErMAmECrf9q2iempQAtqxJw
  Funding recipient: 29ZTmuMrteFpwkHkjafLqErMAmECrf9q2iempQAtqxJw (0.00203928 SOL)

Signature: 2CmjtFBTrZM9JoJZHvUkabpKsYyXRpYYsquGwPesYsBT99VqTKpMCMrkb6w7oJR1711Go4S2FpgpMEd8rYPcxaCY

Transfer 1 tokens
  Sender: EYeN5L6k6S17CF7AoU7iceAwhELt5jJaRbpYqb3A3Hix
  Recipient: 7zzFhaZdAsNxcE2YiEshZ1Ltvo8ZoWPLX6EDMNAsSei5
  Recipient associated token account: 2MJHVrf83SovKBFfQLvRDRYSegfBgCGx3Ga9M8eEKcNT
  Funding recipient: 2MJHVrf83SovKBFfQLvRDRYSegfBgCGx3Ga9M8eEKcNT (0.00203928 SOL)

Signature: 5ucbMGoXd4gg4jEekYaTmJpwKqPqqsnY2p9ynbGPThmFECgiFWJQ12PL9uZeTYysoA36HmKXcq84rmcoSN4bMNrN

Transfer 1 tokens
  Sender: GtNNth6VGJZgfszuW42E9RTtqjKSPQgdgDnCTzmjiS5u
  Recipient: C3e1XpzZy8TnGxYqeoQcgJQxR5f32n8bL3YqrfgWFCzX
  Recipient associated token account: 5XgVyjJ2hnrrexdgUopsQUCxeXnFrwUmxiP6hQXPd4eF
  Funding recipient: 5XgVyjJ2hnrrexdgUopsQUCxeXnFrwUmxiP6hQXPd4eF (0.00203928 SOL)

Signature: 43VyHv6tUnd83mo1HvDLoFm7sMq9NWkSs4nFggEVRuRjDo5ZCys4CXMEWSsEpCG8MtHGNZohSB35PHCKVPCjrjVY

Transfer 1 tokens
  Sender: CBDyHXRdMY4ZeC3u4gWSdNZsZiZw4GzyXSBe7A8ECVyD
  Recipient: 2RwD5cXVfvtGGoWmhGysLKupxhMZdG1Zfh81GcCnQtWG
  Recipient associated token account: 8oCtBuVgveHYfPw41rAT1vhsGbGL1bUvdgNM9LjSR36c
  Funding recipient: 8oCtBuVgveHYfPw41rAT1vhsGbGL1bUvdgNM9LjSR36c (0.00203928 SOL)

Signature: 54TCFdS6zk7K8jkEVFmTdtBaS4om4cJXv2TL4pTRtQUist8b8dRpyuJiPez6ZyLMGaaAfbjjhdckqquLjvzu4V3C

Transfer 1 tokens
  Sender: AE8zAmsSBD8eXx3Hdwc6qnJh1a3gPdxPhxQ5g7RBXh6Q
  Recipient: Dr3wk5k5hfhrLvb6JvZMFCBEixAb2mMCmBm8JmY7tuJM
Transfer 1 tokens
  Sender: BKDHi7k5oRuS3KEbMqqacHkgW1BmukTFQG8qgJGtWWMr
  Recipient: Gm4FvmDqQxNCqRdmynNknqdYcMwitLMfqY8aLFaxDwSq
Transfer 1 tokens
  Sender: DaZYzcvnoCaj15ULVsxBN17GpVVsetLeJ3ZRHCekL5nj
  Recipient: 5C9tu7uVVvPj7ji9K8hDSNsYSpc5cLgbP3W1QxfW9n6U
  Recipient associated token account: 7Mndt2YKWGKBg4UpN9oDASEcivBNzgoUZc6nWnJf9q9x
  Funding recipient: 7Mndt2YKWGKBg4UpN9oDASEcivBNzgoUZc6nWnJf9q9x (0.00203928 SOL)

Signature: 4pdEXeuYHUxjymmkpoaAE6GPorsJoinHg8vcU2yh9H2tgv4u9pjgpPgszYTec9RTzA8Jfge2zHWuZfaBMJSv9eBT

Transfer 1 tokens
  Sender: D5Fe8W5RvvPqbckTof9rqNgEMirCqECSaZfZDgEx5LCP
  Recipient: 2fiHCXfQCsaToCXMCJMyiTtXyrgBhk8Kcx7vMwBFAD56
Transfer 1 tokens
  Sender: 3kwXYK6TocbkoP8MrRM7HvBKNQkDJHKm8E2eMFVFKVXp
  Recipient: 7LnoZh6ftaXuVodAVLKr7CryPt6431UqMLHSshjGepiW
Transfer 1 tokens
  Sender: HP24uime6xK78W8FowLMtDbs5YjTkvsBbNdeWf9b2WTD
  Recipient: iDvudo6j4YuZno7a7QmPvDwDKjS7QzNG4Jx8ZoLZ6bJ
Transfer 1 tokens
  Sender: AXWKe1TYU5Zg18HTzmFRXrNVaoSz3DQBt42vniTva9vS
  Recipient: CeXyRqzXX8vEcBYY2pXfWtiiQAPj9rFVJWdV3ZWemkb2
Transfer 1 tokens
  Sender: EsWNCXwhGyWiyJm4AzsdrsZSpMUo31UFhHfuVLgjqb9h
  Recipient: 3adymN6SW5iJUw3PJmn47noPrBVg3QimnPFQnSJhA3VC
Transfer 1 tokens
  Sender: 8shyVG2chJFC7jzLJ5VhEP3DrMrSGueLjvVVkXxjvctg
  Recipient: DLv4HftLESxZ7B78F6mBJW6S8HoYmJ4gLKJUs98CXQuT
Transfer 1 tokens
  Sender: HUzcAc2p7wUMaKrmU4uZbC7i8QP2xYYXBBihawAGtnnL
  Recipient: 5URSakmV37mRXJ2rETDRZEyzEVBE2ebySVeLGWhUUk5h
Transfer 1 tokens
  Sender: BuajieqvSJJikhUqYjZah6Namg1ifdi7F2AGdvrmtc7C
  Recipient: 98Ua49smTudbsk6aJ3nXqbuoWaxzaEVLfgFF27xEYx8c
Transfer 1 tokens
  Sender: 66uV7WyuZbFBGRPDsJGecjGFSeDctjp8W1XpVy7kHM1g
  Recipient: HMCuUsfswf8ngtNg1E8RgpcthsnjakGfSptKNqyzBuYb
Transfer 1 tokens
  Sender: D4oF1gtGAAqyCTBax7smS8n5Ytk5pdKfdKaD5AJCLeEU
  Recipient: BcwzmAJunqVo7M9PHuUn3srQJX73bd9xr5fJseCDGAZm
Transfer 1 tokens
  Sender: 61F7EDEvqpoeATExxZzLMCAXNgZPVoN1jXz2EPheT8iB
  Recipient: FpSrQMhnYa8YRnEQqKstyi8DYsMvET71CPfnmJkBSSP5
Transfer 1 tokens
  Sender: 75NQCc9iGgXkFk6MH66w4EPWjFh5iyvVw4codVtEX978
  Recipient: GCN2T4QLr86SRkgGsKAAGLh4DPDgQzCMCAJG57guMijX
Transfer 1 tokens
  Sender: 5mrAKGv28M2u8BmR84MGsNUhXeJHt8HUWvZ43K6AhCJH
  Recipient: DKxvN7zqMbDPEToH17X9iX5qf3KZ25i1jGuedZRSZQiv
Transfer 1 tokens
  Sender: Fz8WBEshzmxQEjuYCixdsCbVN7urNMiJTAMfJjYNAdEx
  Recipient: AhPQvgGaw6HDEKcddqARpTjBHYeWCinNQ7J2qo9WgTHy
Transfer 1 tokens
  Sender: 3rXi4wgVrxpUKabrkD6qcYwmPd8yGqh8qb9bQ7tvH1fp
  Recipient: B6vnUveAL1t6uVSuHMXYfnJ2jksTVk5dMmQe4UQ5bop1
Transfer 1 tokens
  Sender: Cj7EGLZP7RwQtomv9oDDHo7jUEL87N4RvvqVydYRnmVy
  Recipient: HciMSqGZqquX9NJ81TCyxhoJDBfhwmWYGN7XXMR2kCHt
Transfer 1 tokens
  Sender: EfdHbPjcxF3LpJQ3YkV7Gdu7ZfQjh9eEfe58vAbnGKc5
  Recipient: FpjcR5LnWuP3eqHLaGScwZnKEMNrkik5aWUJgJruz7JU
Transfer 1 tokens
  Sender: 5Fheyx1XrHWLXjizCBK8U3ySL6nMNDmcDPNsfK2BuSPo
  Recipient: FgVYBs7Qag74oSNgFozGH2zCXeWZKyff6KNyQBGVZsF2
Transfer 1 tokens
  Sender: EYeN5L6k6S17CF7AoU7iceAwhELt5jJaRbpYqb3A3Hix
  Recipient: 7zzFhaZdAsNxcE2YiEshZ1Ltvo8ZoWPLX6EDMNAsSei5
Transfer 1 tokens
  Sender: GtNNth6VGJZgfszuW42E9RTtqjKSPQgdgDnCTzmjiS5u
  Recipient: C3e1XpzZy8TnGxYqeoQcgJQxR5f32n8bL3YqrfgWFCzX
Transfer 1 tokens
  Sender: CBDyHXRdMY4ZeC3u4gWSdNZsZiZw4GzyXSBe7A8ECVyD
  Recipient: 2RwD5cXVfvtGGoWmhGysLKupxhMZdG1Zfh81GcCnQtWG
Transfer 1 tokens
  Sender: CyC2zbLFYkbRGFcoTm296frU2Dw7rNYyCSKNCfecUpPx
  Recipient: 5nTmScN9g2peTCRoffagCzrzpiCHzDZped3Lo1W4zb6n
  Recipient associated token account: 5wdYjREtDYCiXvi1WRtna9SpvurPgWdPpf3ayj63YAf2
  Funding recipient: 5wdYjREtDYCiXvi1WRtna9SpvurPgWdPpf3ayj63YAf2 (0.00203928 SOL)

Signature: 4kbVb93qy3cKX8ztmhkDgLpJ9pKinajbJaaWRBwh8qp6R1EhDDykhABtueTc8HG82r3DWivfQvkPpKHBmKEYPFqp

