New edition: dtJQXyxqhx1AF4Bwt6rhjAAFifNbcuRP3UKexZD6SVJ
Parent edition: 2MSzt4yGWqyf46h9h4s47PTyf1tppJj4VQ5UuXWcPZuu
Edition number: 1
Token mint: CCzmRSG47ZGzoJC2gBqL2EfZJ7Z4iGgHidEHHBJsE7pz
New edition: J65BjVDxyuz14Ha3vYdcxyuJJrhwrrX5fcKMNyCAjhcx
Parent edition: 2MSzt4yGWqyf46h9h4s47PTyf1tppJj4VQ5UuXWcPZuu
Edition number: 2
Token mint: 4Vt9j7P7ks7CU7pkrfB9m5eTtJBEpdeCVfhVgDwKvms9
New edition: FX7gYtZ5onGoEvweUmNXDhNkhaDxFP7bX15ytAgagZUP
Parent edition: 2MSzt4yGWqyf46h9h4s47PTyf1tppJj4VQ5UuXWcPZuu
Edition number: 3
Token mint: 5NynJkhvL8Pg5n5vfRYyoDzRj3zh7VYG5KtG8urYjBwG
New edition: 75uwuo1Fo2Fq6FXRG8BJWoxFoCm9BxerJkbnHG2RqSPB
Parent edition: 2MSzt4yGWqyf46h9h4s47PTyf1tppJj4VQ5UuXWcPZuu
Edition number: 4
Token mint: BEYCoMaeRUHhHuHCcquFx1g7z7HUCRuDFSoSWnEj9EgX
New edition: Cp91PVQbek3Zy6ZAwKCeJEcpoUkTjv8P8SKW9tL44XBz
Parent edition: 2MSzt4yGWqyf46h9h4s47PTyf1tppJj4VQ5UuXWcPZuu
Edition number: 5
Token mint: CQCW8G27wFFe5ET7DbQ3jYPiVF9E3EGf8jA6U194tNqN
New edition: 6PLxdHMgQYiTFYL5u3SrFhBdLJ1bdkG6worD4JjBzUaB
Parent edition: 2MSzt4yGWqyf46h9h4s47PTyf1tppJj4VQ5UuXWcPZuu
Edition number: 6
Token mint: 9CHNNoooR86zroDjc6x8MTjNNxNkmkuMG9tYnb7Z3jfv
New edition: FUxk9p7NyzNPfDUZycQtsdvDryHV92dZgkf1E6WekTwr
Parent edition: 2MSzt4yGWqyf46h9h4s47PTyf1tppJj4VQ5UuXWcPZuu
Edition number: 7
Token mint: 7bb1d6pUx7EKWaPVJkX6ywHjL477Q8k1R8XivQm7Rsh7
New edition: eZqU5eHvfuFfjxnesdt4DnAc8WNRHpgAmuHxcF1Vqhy
Parent edition: 2MSzt4yGWqyf46h9h4s47PTyf1tppJj4VQ5UuXWcPZuu
Edition number: 8
Token mint: 63zPQrssbFxiLAW2H43aaKKfBaitdyLCs5VNbPhcS8ur
New edition: uWc53ntnJrJBddVcr1PJ6M7w5q4TZFDrNwSAwFQ2uLo
Parent edition: 2MSzt4yGWqyf46h9h4s47PTyf1tppJj4VQ5UuXWcPZuu
Edition number: 9
Token mint: 49Pvs77czvqqzmWJAjKhphL5yHax2ZqNcJKMcXvzUKQB
New edition: 9bB5CuHLmborM1C3sNWt5wgNaohGdmArievqadzbNYBJ
Parent edition: 2MSzt4yGWqyf46h9h4s47PTyf1tppJj4VQ5UuXWcPZuu
Edition number: 10
Token mint: X9CaiLVEHH18RrfmU6cNszQ4AuQk6z2JRCSftD4Rnxi
New edition: 5EKHx9VjaQGHP3XqHAYWJmXQ7kEiWjVFMFqQwrBMHcRo
Parent edition: 2MSzt4yGWqyf46h9h4s47PTyf1tppJj4VQ5UuXWcPZuu
Edition number: 11
Token mint: DbygzCLSn8gMzkHbKV9c2DvneyGUia5udU54xBWNJ2vp
New edition: DjfAMYyeHZ85vqu1wf98EWFPdFVeJ638B7rHfcnxN9UX
Parent edition: 2MSzt4yGWqyf46h9h4s47PTyf1tppJj4VQ5UuXWcPZuu
Edition number: 12
Token mint: 2483gfuJu9pQ8eHhQ79uCwFjDfroqio4qfBSw6eNG7PW
New edition: 8icPeuvRFoTh94EdAWUGkkiB4ntBBb4wmcp3h54LgP9u
Parent edition: 2MSzt4yGWqyf46h9h4s47PTyf1tppJj4VQ5UuXWcPZuu
Edition number: 13
Token mint: Jqyju1XaBZtpGzfEHsPyy9YsQGRpqH7YXT4n5WppsZk
New edition: GasbVyxgRhPtU9m4Z5joVp6uiFjqrNYJUjRb22rnoiyN
Parent edition: 2MSzt4yGWqyf46h9h4s47PTyf1tppJj4VQ5UuXWcPZuu
Edition number: 14
Token mint: 85CrXJMxHinKhW1o4YDE7FDsShmVobZPy5KoTMpRX4MF
New edition: E537Ux5d38EyDVcYPT8pTkja1M1WJkQWU4RMfLaonJiY
Parent edition: 2MSzt4yGWqyf46h9h4s47PTyf1tppJj4VQ5UuXWcPZuu
Edition number: 15
Token mint: BhLCW7B9TyRmehR77eGoAQRiNW7WqoSef838KFwMog6F
New edition: HqkafqRjy5BUPTjMYRMHJfSyVPuPnB1zzKHM5uSHkTqK
Parent edition: 2MSzt4yGWqyf46h9h4s47PTyf1tppJj4VQ5UuXWcPZuu
Edition number: 16
Token mint: HvC86raxVDG4n6mm8CZ3oXoBxzvRzcDejw56ebbLSpvQ
New edition: EB9q9LhKM3AA2BgMkS3edUDpdLUjymkXCak3hT5iDQPp
Parent edition: 2MSzt4yGWqyf46h9h4s47PTyf1tppJj4VQ5UuXWcPZuu
Edition number: 17
Token mint: Chhxg9Kr68YaDDX5grsApNJwqKCnmNHLUNd4VBZVZau8
New edition: CYQpqCdEVbDKRosUb5kVCxW9gwgcehr4PCCua4YUmaz2
Parent edition: 2MSzt4yGWqyf46h9h4s47PTyf1tppJj4VQ5UuXWcPZuu
Edition number: 18
Token mint: 6C7ZHX5QoC9uSCjePiTkWSXmJy1KsrsBCi9ruUKSuDZQ
New edition: 9QZ3EXeF8j9XRV2PuT2QwhseyeYXRYtN8qoFuaSzVdza
Parent edition: 2MSzt4yGWqyf46h9h4s47PTyf1tppJj4VQ5UuXWcPZuu
Edition number: 19
Token mint: 7Q65oiGsm9qaE1LBnUidrYgyAD37mgeB1oA43gC5TkEi
New edition: 2GnJmtZnLwXGd9uFVfCQwDFPtv8Tkwi1EBoZ3576Etjv
Parent edition: 2MSzt4yGWqyf46h9h4s47PTyf1tppJj4VQ5UuXWcPZuu
Edition number: 20
Token mint: 9gRNVGP7wu8frSdii3mYfbQ39vNdc145AzR5dCq1X6Zu
New edition: 9p2Lq8ywhCX7BB6Fsp3dvEqW9kB5egCbxxaB7NfXD4gD
Parent edition: 2MSzt4yGWqyf46h9h4s47PTyf1tppJj4VQ5UuXWcPZuu
Edition number: 21
Token mint: AYEftQSqMYqwB6Qq8kfux8pm1RdRHoom1VLPA3ajs23h
New edition: 9uWxc7vkRtBaHJL5CriSoZaqWRyr7zP3dYdzP325GR9S
Parent edition: 2MSzt4yGWqyf46h9h4s47PTyf1tppJj4VQ5UuXWcPZuu
Edition number: 22
Token mint: 6cbmh9KKFRD8uDN2L3q7Cm7YUhRbwoUfsaQRE5ara1Eq
New edition: C3jA37AuTDrLsidQ7x5en2p6BEnY9oApWiUBnzk74X3R
Parent edition: 2MSzt4yGWqyf46h9h4s47PTyf1tppJj4VQ5UuXWcPZuu
Edition number: 23
Token mint: AYD8s25pgm49ssfD3kiEwdPUiKVbfwJmG6q276nCXWA4
New edition: 7TVcqLy4Ebhn6BdTP2hpqbfvJHvfdQmqLtTxsuULKduz
Parent edition: 2MSzt4yGWqyf46h9h4s47PTyf1tppJj4VQ5UuXWcPZuu
Edition number: 24
Token mint: F6m3kmLuya9mtrPCdcfMwGgsFneh9Rg9g22sQgM5bayw
New edition: 2BJNN8NKKuRC4kWXZXLzFoJ6RvHKiLfyeMFXxRPWQU3k
Parent edition: 2MSzt4yGWqyf46h9h4s47PTyf1tppJj4VQ5UuXWcPZuu
Edition number: 25
Token mint: BFXh9Rw6zwmPcPmXhXD4qXVghHfY7KYDdKv8dK8Kd8Bd
