Transfer 1 tokens
  Sender: 7sWuQ8sRUKim4De9PQX9vnD6xCocTtxCdix38F3J55Pm
  Recipient: FWPMGkkFacSvytRBGvud4HuHSMHwBmzyLaWB3FxKM637
  Recipient associated token account: 4Q9bGQvcBcmvvLP41SdatoBU9USYiYntS5Dgj1Bh2F6f
  Funding recipient: 4Q9bGQvcBcmvvLP41SdatoBU9USYiYntS5Dgj1Bh2F6f (0.00203928 SOL)

Signature: 5SVAPVGGE3nA71zABULAJdbpy78yFppfP3YsSczU2c5hCDoa7Avuj69nL4L9msj7ocjtEubEkgVQA9XUuGiXhUpJ

Transfer 1 tokens
  Sender: FFJRqMxQfgqriJLjvbVU6Nm9GRtwHB88c5oYiooReP5i
  Recipient: 2eBBNzw7DeWuYfWhPVGanm7VyYogiWKjSRcAHhcDFSMd
  Recipient associated token account: BUPHo6RUKFjKCuyaNfyvA7n1DJGtUGpXkn8rJJ6pdH5g
  Funding recipient: BUPHo6RUKFjKCuyaNfyvA7n1DJGtUGpXkn8rJJ6pdH5g (0.00203928 SOL)

Signature: 3v6B6nmHwWeiqHtPzQ56XFHNW3uW2x9V1vWL6KNfH3XSjjv2HNYNJQTHuykHpSJQQq4nQdbtpkrJ2aSr3ne4Eau8

Transfer 1 tokens
  Sender: G6WoWtcot9ksmhF73CCFqeL5auFcyBKuw3cc89gzsiLb
  Recipient: FcwHgU7TgMuZqk8vd7DHbgbZQZ4gDLWLoLrvYiboRqWw
  Recipient associated token account: 9tfm7cea8Dg9BYKP9FTqDJs9hAL126zkrMdHPFcsh77P
  Funding recipient: 9tfm7cea8Dg9BYKP9FTqDJs9hAL126zkrMdHPFcsh77P (0.00203928 SOL)

Signature: 3eMiaKNvqeipUVVTiuZBEMfNn4eBaixqfpGe96VS3TN7Uo34jhcRd2A7PjerphoHJfAicXhfisrgcQHNEQDmHyKN

Transfer 1 tokens
  Sender: 3jSJW7eL8gVBrVoJD5D3FrWcmeomiZ5rEFZcn6eT4Uuq
  Recipient: 25b8w8wTRa7REcwkxZu1fpcd6a17AkdATWPuCP8YkQHw
  Recipient associated token account: 7iz71xy2XSvP6EYNs9sU3EPwMGfYspMRsTnxBhSPDf7z
  Funding recipient: 7iz71xy2XSvP6EYNs9sU3EPwMGfYspMRsTnxBhSPDf7z (0.00203928 SOL)

Signature: 4e62Ymr5X4DDYpS6dafvefzeQ7yavWDPULxJDdk2CFNUKJheWfSHXSmind7goEjhmMKysJ9LWpPd7UXmXxiuLdZV

Transfer 1 tokens
  Sender: Ec69zzGuwUJj3Zv5m8XHGvovA7NfsHLmvnR17pmrNWrU
  Recipient: CYVikdfqKK1SmPasR93k1p6CntrmqGW4YcoSYQQ2TeVp
  Recipient associated token account: 4TQV937zjD2C7tueXjcVUpZzqSzSH3E5D8P6kcdsCCtE
  Funding recipient: 4TQV937zjD2C7tueXjcVUpZzqSzSH3E5D8P6kcdsCCtE (0.00203928 SOL)

Signature: 2CaRv6L6CYSkkyfLtzSV4kV96MsTGzi9F9729SHy8MdLUGcZqbKvQ7c515oo8M6rx9M3FHJa9vNvV2cRNbokPfNJ

Transfer 1 tokens
  Sender: GsEoWCeSyc17sDALVz9usdqN72va4ZvueY8bCwuczFHk
  Recipient: HUCKGLrHmXngZeqY41s2WKnM3DSgJeE3woRd59iMZg7x
  Recipient associated token account: 8F9XKZedwEbq3vahr983CnBKjDPCgw4mobdfUCUen5fs
  Funding recipient: 8F9XKZedwEbq3vahr983CnBKjDPCgw4mobdfUCUen5fs (0.00203928 SOL)

Signature: 3XbBZ1VbgS9pGhCZZHzr55GyS4xwymv7qxwqBvyKzU2ZL6WwtYpLXwHXjdzQZQczzwUYfYnDruSv8iLuqdaeLotY

Transfer 1 tokens
  Sender: FZZ54dwa1xcCEscpGjMvruKZPohJaakNaw2w4duDfMz6
  Recipient: AEUto3eFWHLAmmVRq3Vo2fmHXwte525jQGG6D7pN4RRd
  Recipient associated token account: B4AAXpnVbZCQQNbdXLQ1vWXPAqmMmBNBiKk8ghVMdqAE
  Funding recipient: B4AAXpnVbZCQQNbdXLQ1vWXPAqmMmBNBiKk8ghVMdqAE (0.00203928 SOL)

Signature: 3KYHpuqdU1BgZBJQJnD217AeEVU83aSmoDt1wX2to8YRaSPcAUN3EnQJ4zBsamh7Zd9okXhgTHK9BdtJEzT5YxrN

Transfer 1 tokens
  Sender: 2XjNhKZiDYiAyZBzsCWsB6FFFxmfcf2wJuvNFVNbN7Zn
  Recipient: 7FMK2TiccyaCCyqcVAnvWMzgsfSJvxvrpTxSd7M1dJgd
  Recipient associated token account: 7AWXQ2CsYQHFuMCYzs2jL91bybZbbXu2zSScuJrgoqx8
  Funding recipient: 7AWXQ2CsYQHFuMCYzs2jL91bybZbbXu2zSScuJrgoqx8 (0.00203928 SOL)

Signature: rrmaFcGjcK5fNFhtwncBsBmjXTdk8SsMS6B4wUropu68W6wtDnam19poXfhcsWJRHANV918zPi6QWPv3LQQLhbg

Transfer 1 tokens
  Sender: J3Fj229M1ebtUvtW5mtRYTA8ov3jW2x8w7CViDyzcLZT
  Recipient: 4fVZsRdDcUnNrT3wKTkC9CNfKJA25pCGtWxfy6i4ykWv
  Recipient associated token account: 2kp6Ug35LxcdRsFTtU66dbKoGp2P8XsAqj8MMNT9A9ED
  Funding recipient: 2kp6Ug35LxcdRsFTtU66dbKoGp2P8XsAqj8MMNT9A9ED (0.00203928 SOL)

Signature: iYrbwjN4LXe8ALN3r7tXsMqRagK79azu1TbZH8EM8qFv7w822xD21TD3Pvgw8prbbUq9EEB8n599RLeMgaT5RTV

Transfer 1 tokens
  Sender: 72sDY3Zr5SyB4yeY9SBuWGrz6J3F9ujCya3ccmf26Ap
  Recipient: HpcYvvyNRzva7uCvN1HRBUBrou4TW1i42oXYPkkXN6tU
  Recipient associated token account: 3vvHCZKgA3N9wDdNiK1by8DdTxpV9PNfEhkuYb1PtLDG
  Funding recipient: 3vvHCZKgA3N9wDdNiK1by8DdTxpV9PNfEhkuYb1PtLDG (0.00203928 SOL)

Signature: 2ocfhjumafPZoLodZ2HWnFCRFGSigcrndhQVXafEAue6hMgWUBkb6qURPSPSnoNFaR5RukPsGL9RA3t7cD1LW9S8

Transfer 1 tokens
  Sender: HJjejn8ix3CpAkevfhPdNCdBhC3tunfnfpF5yMauVmqC
  Recipient: 9Vt6ZsW7PCQW4LPkf1YoJ88oVbZYBnT1KjWS4WhX8yQJ
  Recipient associated token account: BmhzZNZdJTeEqkRs5DeTiE8j1VEnfxYCkx9B5emLK3du
  Funding recipient: BmhzZNZdJTeEqkRs5DeTiE8j1VEnfxYCkx9B5emLK3du (0.00203928 SOL)

Signature: 3XVp9TGfmwgLt5FXG6Zp8JuE9H53byucTGWFsHn3veg18SUK86EUPshSBfQYpHTjkLdRCdAsuu69QdUAMBpcDVAY

Transfer 1 tokens
  Sender: CEHSCb5efEQEfWU4hNbGK24i5mxKfv95TXFFvHkYAJFx
  Recipient: 6XHt7CrURSomkQrtVXV5JuKSZY4tQRpUyQKfCDaSTYaD
  Recipient associated token account: 9FwAsMF6CzfDLSnZBvRGYQzUdNPnbhyrsU8XRqSF1BsU
  Funding recipient: 9FwAsMF6CzfDLSnZBvRGYQzUdNPnbhyrsU8XRqSF1BsU (0.00203928 SOL)

Signature: 4dcVvWBSDBdTb5oD7JM6ho4E9E9Pj1DfvmAP7XYBpJhtag7DRnMunTxy1sdzbao2jCvKQn5Su2m4pERh1h4BZnrT

Transfer 1 tokens
  Sender: CkE7J5rAwgpbYxByuDPDBXiTSc5aWRtF1xRVcPwsBFfd
  Recipient: 5mgVoKP2bdcU92LHvXs7b37i2pJqA82ah5YVNsvCaD2s
  Recipient associated token account: 9YoiT8ZmMdEP3eS3xc24AwqxpU2EtK4wRJvuzuspMXKL
  Funding recipient: 9YoiT8ZmMdEP3eS3xc24AwqxpU2EtK4wRJvuzuspMXKL (0.00203928 SOL)

Signature: 21tpMwjLf6hiu4vfbiPYwtQf3AP9qmLqWZ4z5ckkbrQDtQkhDK64o6bcHdhJ9VLMBsgo79jd1LGZEYGV7hBnezrC

Transfer 1 tokens
  Sender: 9ZiGzGS4JJvvkn9Xt7DbMi4ze5bKei6k1RV59nZKngKZ
  Recipient: ELNus8jcmWsUAcjDeHGCRGayqy9d7ScR1Eh5e6AUYKRm
  Recipient associated token account: 8R5nNGpkqkzPBJRkXjoNrmTDgJ7ZoCq6Mghb7MHU2cXH
  Funding recipient: 8R5nNGpkqkzPBJRkXjoNrmTDgJ7ZoCq6Mghb7MHU2cXH (0.00203928 SOL)

Signature: hDGC4enkRnk5kumCJVj38Xk4We3UuaoaRV6srnkZmjEYWRUYRWtriaE4sRGqeQVcU5gfx6CFArWVdTFv8XhreHK

Transfer 1 tokens
  Sender: HVHw3Fyu6upcTiH2UFemhFrYvZB99P1JNuENxVb3EAyL
  Recipient: AhbavW4N7vvmGnMFfZKzCifnEKnFEJmVBgv8ngW3mDCn
  Recipient associated token account: FhoT6KRAjnkD77W6rxc2i57FB5kncVhE6YrEUb9nG5pi
  Funding recipient: FhoT6KRAjnkD77W6rxc2i57FB5kncVhE6YrEUb9nG5pi (0.00203928 SOL)

Signature: 3Pm9f2wyyCrShcdintacVpTBcwkTmFxtmZTopUCZMnG1PHj9Z6ShtrBFYcrBhgyCt1NKXgvc6GznL2XreTtmeoEz

Transfer 1 tokens
  Sender: 8o4sevRAgqNX5KZpTw3wgNmDJPgXXg4fJHXE3PzasvQm
  Recipient: 7RZeCmRg2a2EVF6o8EZq9p5FSD4ZJQaziJQNw22GxD1Y
  Recipient associated token account: FXvmj42vB2RPqwMQBuyi8mPN1R5ARUdsjMxiR9SQaouq
  Funding recipient: FXvmj42vB2RPqwMQBuyi8mPN1R5ARUdsjMxiR9SQaouq (0.00203928 SOL)

Signature: XqSvnqBtFKFqpZGCy8jVmyuzenrozMigh9FhWwuavybZwuQYAjqfmmhMmvRzqYA2ugjdZSfPAAFcP8JAr6Xh19w

Transfer 1 tokens
  Sender: BF9h1gA3bwiMDZocGbpRJfoqc3JfAj9iG48qVd5GdNyB
  Recipient: AgPhAsvcwPfT8bcAQxfyvymHdS9enkCzHDZP67ihS5YM
  Recipient associated token account: F6cT5Qyk8AKay64pEUkGZVPEbmZPsByiuAF4UZXkLM2V
  Funding recipient: F6cT5Qyk8AKay64pEUkGZVPEbmZPsByiuAF4UZXkLM2V (0.00203928 SOL)

Signature: 3eTBbCXcu8B1w2vQ46F7i3sZPp1WZpfjzGPuenY45wteYDMnMGVJkNzupYwcL7Z2jcyEJM292VBNK3zNBKdpx6ph

Transfer 1 tokens
  Sender: B3UESiUGdfD7xTZwh9pRHxPkhUcM11TL1vvjTpcbkbEf
  Recipient: 4feGgguZ8pfDacgzWMk2rpp4odg53QvY86TjoPtycFbF
  Recipient associated token account: 6WtdXAP6Qn9HvL185gCmWoDkW3rPWZgLZQiWRTxD5gG2
  Funding recipient: 6WtdXAP6Qn9HvL185gCmWoDkW3rPWZgLZQiWRTxD5gG2 (0.00203928 SOL)

Signature: 3pu8kcoPL8CikMGDgYdC6HD6APaCMHgPqgd1pwXvSdxPZm18EQcKPCZVMQD5rWu5jqn3wun6LpsdwpVEfg1Gpmfm

Transfer 1 tokens
  Sender: BjqbqFeo1q5C82WXmRV4HSzNW7Wpj2Ud4ADpDAF5Cg8
  Recipient: EczHAfEajWAwvFQ6t8ns9rqxCr5XQMqqfbZxBBJBZByh
  Recipient associated token account: 34i5bgdi96KJrGuqoMdVgHCjtdSYLN5PiYZtCxy6mvG6
  Funding recipient: 34i5bgdi96KJrGuqoMdVgHCjtdSYLN5PiYZtCxy6mvG6 (0.00203928 SOL)

Signature: 46cRgWaRJHuAVVBVrbFidX15JQScYX1nAzPp3Riz6Hsii97U6VdEuYHJDsUdAu7bd3EcC3evuWv6ycSJADqqtP7b

Transfer 1 tokens
  Sender: Dho9FJx1wFyZeS8zta1rxtkscv6nb6FtMh4KcdrVcQdS
  Recipient: 4VdkXVVrohXzt1YTNkfJUbHR76Qr5VSmPPsRoBdB8r9T
  Recipient associated token account: 48h3kogU8GHBMuERW6CwM5tJDor3ByJqvMHCCtseFwqp
  Funding recipient: 48h3kogU8GHBMuERW6CwM5tJDor3ByJqvMHCCtseFwqp (0.00203928 SOL)

Signature: 24h3Jw8GwVnEtT4GwavwJ659Scgiy1vTfa6uAKWDXZ5MFrNMG7hY3rfBdiRy9153x44cptKKgs8pUgfN62nKshxa

Transfer 1 tokens
  Sender: CUNzVWcaWodYN8SrwmvjgqsRT1TPXDdCGmwSzyWiaYme
  Recipient: BBcnpuGSbDbMhZHugVRhURmfdFWkieXskLyHvqcFMsbT
  Recipient associated token account: 2sAfXtMY6ETCJu4n5JWrxyzbdXDkwviEfr4fa7ZUqgMH
  Funding recipient: 2sAfXtMY6ETCJu4n5JWrxyzbdXDkwviEfr4fa7ZUqgMH (0.00203928 SOL)

Signature: 4wXLKxJjAP9T1Pft2E6nmNssgyShYtNiYogAZ67t523B9KviT7VE1z2m5AdR5drjnsEDZCqNGjy5PwB5qNDdSAgA

Transfer 1 tokens
  Sender: Fcx8ZgdAtkdKwHgYeNeE845pPgJ5nKbxsTstqGKBzNZe
  Recipient: 6ykYU3fWNQnoNunJKDLSVSZWCMPoajoE8EVNzKCYs9qT
  Recipient associated token account: 3LF1Wf8aE1QGXqSydDVMZqhpkT7Edon4rYNVBjBxKn2W
  Funding recipient: 3LF1Wf8aE1QGXqSydDVMZqhpkT7Edon4rYNVBjBxKn2W (0.00203928 SOL)

Signature: 2dGgBpXD5H8MnWfuLjdo8E1CWB33r6NvELKUjDgfJja3TpiHgYffNHg3KMNWrRbqXkhwkJR31JVpTM85w1W3PMoN

Transfer 1 tokens
  Sender: DTzdYU75eKtxQivZajoJyNsgW17YB76JQwssiwJ6nHYm
  Recipient: FHoe16tCF1QuyVKJkPeHiDbB5DNZHpgYewb2w1Ha81NY
  Recipient associated token account: 7vwv3FKrbWdbYtTuByXePepeXScsETvppPE5PzLTt3A5
  Funding recipient: 7vwv3FKrbWdbYtTuByXePepeXScsETvppPE5PzLTt3A5 (0.00203928 SOL)

Signature: 2a3ths1g6uzKk5n3Trkkmq18geWtG2LWy3b5Pksz4A1cxstDNteQirTppm36pWViRcLdopKZzuJbNTwbHAw5wcww

Transfer 1 tokens
  Sender: 2SBtXLm86q4i5yevPR2UR4N9iimYxgGDLyJnNA8yfsMS
  Recipient: 4mjHt3pmKZkY8tr7ayT5kBwcmMpK9W4rVwfU2CjBUz86
  Recipient associated token account: EDkBDJe59BwZJnrqyP1Th2iW1PsR8Bu53uvkk9gAtCAr
  Funding recipient: EDkBDJe59BwZJnrqyP1Th2iW1PsR8Bu53uvkk9gAtCAr (0.00203928 SOL)

Signature: 5Buby6ajv9qeyAnaMqSaCDkk3BjhphX7FHQjXkkxdpyZLJucMLNkw3hp9DuJ1QuXTAUYKe1y6LkwFZhgmBLbN9YM

Transfer 1 tokens
  Sender: 5h7HjvAdEaysBJVPAVBXGyA9UGFWDWc4Hk9uitcbtjed
  Recipient: AiY57XY5SksuYzSnCmsUYdYbDhJncuiyXR5WQfiq5YiU
  Recipient associated token account: HEfGaHnb2BUVNdgFTp6S7KMkDQ6evXzKma8LPTY7CVZH
  Funding recipient: HEfGaHnb2BUVNdgFTp6S7KMkDQ6evXzKma8LPTY7CVZH (0.00203928 SOL)

Signature: KotE8X5W1Jmk3aNgBCyEZD3jWWsxa1ETGLR4DzUvxWY35uETJH1391FFpPBJz5KHvdcLhcXB3wT43fLEJACNzjd

Transfer 1 tokens
  Sender: EwVdHnxpeeizknQQfP1FohSVNXGdT4LapJ7c9VESAT6L
  Recipient: 8WYRXiQXQSoAMw8A25HuTiTmkg2Ax5YTaBxmHZk6s5LY
  Recipient associated token account: C1mLEizXjLn7hrRpxqCuDiDdq82LmKYyB7qtE23XHju3
  Funding recipient: C1mLEizXjLn7hrRpxqCuDiDdq82LmKYyB7qtE23XHju3 (0.00203928 SOL)

Signature: 5zxCV1GHyBszNRLmSvZE5k4Kx4My79GspXcRBdvb1K3eY5FPg3awSFX4aaCD1AJS6VDCxEYZeb3GnpxHfWryJHb7

Transfer 1 tokens
  Sender: AwcPiPAYyuyrpyp5o8eLkFpP6LamEsxyBR6Rgnu99TYA
  Recipient: 51oET2dy4vCmZ1JMGYR9hbsvsLng1vcLD6z2AZp1uq1j
  Recipient associated token account: 5YcnnCZxU3nyRt8CUSD9UGDRTPA8zTgYUjQzCFbdmxm
  Funding recipient: 5YcnnCZxU3nyRt8CUSD9UGDRTPA8zTgYUjQzCFbdmxm (0.00203928 SOL)

Signature: 2SYDgKxZPDWQC3Y6YcsdTDs8rpvu7kXkQGmdwBa3aQrZPkbt3fv94rgNjcsJFESW55rHoYFuR554qGARAFcDMvNQ

Transfer 1 tokens
  Sender: 8RpgHLiPH6ReYmz6cpn3Tonv1EcWSJEgTToCCm291ZAp
  Recipient: EMJ9WcNWL3edaz2zv6aJkf5V9A114PfoyVSNc6jDwTR6
  Recipient associated token account: 98wSYy4FjvPVqKELxnAgQq46Yy4NmKCmK4AipQawhSoF
  Funding recipient: 98wSYy4FjvPVqKELxnAgQq46Yy4NmKCmK4AipQawhSoF (0.00203928 SOL)

Signature: 2h3JJsJLWdkp6CMug7J9rt4FZtdde2XqsJyb2kK6XqZQ5RXf1Wzka14RFYmphffHPbap7HWFUb6Qd5Y3rbCdeQpw

Transfer 1 tokens
  Sender: 7PGx6yyri83vgTZaY35aaEDpxGZsBuwfwkW1Lv4C6tWe
  Recipient: oERKmWuwnAx7MsqkLfgmLUeahUrfv5j1JrDb5JxyvVk
  Recipient associated token account: 7NE7jjehigxQKRfE5yVRuzgDkbjyzdjwdsKxN3YCBXNH
  Funding recipient: 7NE7jjehigxQKRfE5yVRuzgDkbjyzdjwdsKxN3YCBXNH (0.00203928 SOL)

Signature: L64GQxEZ6AEq8eEx4BmUuMUZRY7FCUb2kf7Hbo2MLcfCcF43amNbrFDpFBURdFnWXCRAD5NBk7rqebtDw2XMtMw

Transfer 1 tokens
  Sender: FweFDYpeqKXgqM3pFfCoxJ69VJ2tGE56SH9pnSYtTyY2
  Recipient: 8DUt4hCibfHYGx51R3AJiKevfay7iZCsSemU4NQo86en
  Recipient associated token account: JBxgNF45cGjBj1n3WNzVJ243RSk7KzYgJkLo9XRd57Ef
  Funding recipient: JBxgNF45cGjBj1n3WNzVJ243RSk7KzYgJkLo9XRd57Ef (0.00203928 SOL)

Signature: 5kWuGrFSgXRnzCpJJJWp1uTA1ABq3EKpzeemDvEnw38xE9RDgAzNT1Xjg8kvXkQKDBvTckpdtCsUAYnTALzKGqqK

Transfer 1 tokens
  Sender: 96bwcztiz3KGuFVLYDAEwVbuE6goBJmuVv4dHYBHdmHR
  Recipient: AouXEBqiEvLW8qV4Ri2rARVmYYDo5ehJ13XsaqKV5XL8
  Recipient associated token account: 8DbPkWsYstZvr6iqSGSY1GRAvHk5Qupp5PS6PfFdJEaa
  Funding recipient: 8DbPkWsYstZvr6iqSGSY1GRAvHk5Qupp5PS6PfFdJEaa (0.00203928 SOL)

Signature: 2EMEi8o1QLEDV8KPWynsz9r9UaoZNUYot1ZqDEwupMBpZQj9ECBnBCmJyZT3JjeoB3PAuvN4Pv7RRrxzVUghueJz

Transfer 1 tokens
  Sender: BDg2gTH1rFgMHJvjk8fnFqazfhnSr7D2BPTJFYLNKPzm
  Recipient: HSPnUTmBL1KzqYiX1cQHVU6DkiAWkiQ3q7KHBcEfkJUu
  Recipient associated token account: 7D8hSMfAr2PpiramerWwPkJhNsXLShrb2nWSHv1ZQMD7
  Funding recipient: 7D8hSMfAr2PpiramerWwPkJhNsXLShrb2nWSHv1ZQMD7 (0.00203928 SOL)

Signature: ev6n8QEAnGex11Y48sqwVHYuDy3PUkmAfK2PYFwwPZuJGKFRMNxRY6wgbaNabeZFnrnk7Xnm8r6MVwd7ZHndVf6

Transfer 1 tokens
  Sender: 7joNu5DarGgB565paHWULaeWhCWiT1zHSi6YzqGYANY7
  Recipient: k8APHEghNvUvRED7fvRKKiVsRxpjPrRqpovPPBzwGTB
  Recipient associated token account: FLm6dW7YorUMugXjhB6PYCWwrZ2bjbMy2b8FuZdPYNpV
  Funding recipient: FLm6dW7YorUMugXjhB6PYCWwrZ2bjbMy2b8FuZdPYNpV (0.00203928 SOL)

Signature: 3EvCF6WEhscrzX7xRMqy3nMTcmcKXnyoxaXBDN9DDzwxfwmGMMHwrYczbvR7ecs72bv549CkNyqndMb1BXnrEmAN

Transfer 1 tokens
  Sender: Z2b3dKKTRptpgxubfY9k63bKbVJB6aUnmNdLAmbttjJ
  Recipient: 7nrG7Yne4hepnxN29urXuEv3qG1T4a1uBTBjGg7emZ17
  Recipient associated token account: CvTBQLqs6yef1jVbmYPYnctfJksY57XGvgjENuyFjDkW
  Funding recipient: CvTBQLqs6yef1jVbmYPYnctfJksY57XGvgjENuyFjDkW (0.00203928 SOL)

Signature: 2xK2MkmRBp2yDR3ZZLngQG7fU3332fe6wEMBEN67NWYAM7wuvqckj49pNC6XkwaFVfsHSBUnZ9wCJWp9RkNHdXFd

Transfer 1 tokens
  Sender: AC5BFn48edo8dAk9eCirVWE7koUrJmCNtsiqtsqVdW5K
  Recipient: BU9GQbSnXQcF59sm5VW5vM4QP138cM6s2vV4p4HhrDjY
  Recipient associated token account: AhECPdk4P1UTm2BpZmWyvXwgqhVrFuQeR21hFn5mLerX
  Funding recipient: AhECPdk4P1UTm2BpZmWyvXwgqhVrFuQeR21hFn5mLerX (0.00203928 SOL)

Signature: 3yxhNPTpvw6DYBkJAidNxv7FsULfGgFQuXR5cgToSye6zZLj2f5KHHVF2FgmYHsdVni5A29kSYXSHheh63k7EizS

Transfer 1 tokens
  Sender: Evz5JDy711aPvGv7afj9UfqYjZY1nfe2h1QYycEErPPv
  Recipient: B2HWFUruRZggNzsBRJHWMTn3zC9W3gYivhYr3WVqjaav
  Recipient associated token account: CjvTUHTgqB6bi2TQDmFCzTriMjJHKKnGLfmNV6J4WJFp
  Funding recipient: CjvTUHTgqB6bi2TQDmFCzTriMjJHKKnGLfmNV6J4WJFp (0.00203928 SOL)

Signature: 4Y5m9JmRsgaNZ2kb9RhJVRL8NYPFHEwYXM4E3z3KBo6DNeYDzzcob63cUbStuAeXSVkcpkXxKsDf9TmtFZX3poL8

Transfer 1 tokens
  Sender: 4TtuPyRk5bUAm12CQkxNSRiGeEr4zh7SCKTkUii13Lhv
  Recipient: 2n5PbADyQXeCMztD5wnZjF3Nn2w8PmCmqSQ68TT6Q6KX
  Recipient associated token account: 4sRTgX6rATANGDX4r5UpMKYcZy8BdgzeYE8j7QT5MNCN
  Funding recipient: 4sRTgX6rATANGDX4r5UpMKYcZy8BdgzeYE8j7QT5MNCN (0.00203928 SOL)

Signature: 5nseck4KAshDVzcbFDUjiF1frrTLotpxw7zVeCBqLx9ym9gKVLpRzmW36nTnhJGeASC8qo4u1EjDThGX2sZx476g

Transfer 1 tokens
  Sender: EWGbLqaFADDEm5iBvWMxinB2Whng6iDZdd6oqfrxDsCz
  Recipient: Cm8cYtgtfyULCzisqUnMg68aqqi12PGZScouQfJRfrG3
  Recipient associated token account: 8P677x9m1xbMDWvffhCEHU37BEmiQbjmHF1wnNQ8RcYo
  Funding recipient: 8P677x9m1xbMDWvffhCEHU37BEmiQbjmHF1wnNQ8RcYo (0.00203928 SOL)

Signature: 4sQZym8vPY2MKQokrhYyy3nLCq4UFxzKpTvqutfcLiLX3axSgG4To1iupygM7trc6woBVriJY4AeWP85tKgqHtgk

Transfer 1 tokens
  Sender: ED5YevC7qC9EsjgkzNWwKd94qvC9zUShcXjW4bb4pts3
  Recipient: AzmgakTxLAutgbcNkxi3S4M6MvuZvwcrzMc43ErMFk4h
  Recipient associated token account: 337JBJYMqGeL1uatpS4cpR5Ykhvz15Zy8RBC3Q29GguE
  Funding recipient: 337JBJYMqGeL1uatpS4cpR5Ykhvz15Zy8RBC3Q29GguE (0.00203928 SOL)

Signature: 55SNdkihnAxZm337NcsuYoKH9JA5higfCKMUhKVwHz9sE4GXkZr37bAWWYsjV7bXBVtSkYmfHXa6CLNMDtRN5Cyc

Transfer 1 tokens
  Sender: G8cahCeWZeRU38QtRhe1Ct1d5TfyivWWU7E88qmXKmMy
  Recipient: ATXM89GYmkfp1uPVfx9wh1Sh1sZbPLpQqFqtXCUWrzPu
  Recipient associated token account: J6YobJcXWcMwwYhhjSKw2RNS1fL8gJRbsvVz6Xcf7H4V
  Funding recipient: J6YobJcXWcMwwYhhjSKw2RNS1fL8gJRbsvVz6Xcf7H4V (0.00203928 SOL)

Signature: 4qL5MVadRt84ivtQzLpjEVKkXf7cnDmGY62aJSSyBmo6ej1LLscqhAYF8Pqw7kUceStVhrmuwFZaFiz9rR8wddh9

Transfer 1 tokens
  Sender: GjqrRfeyAkVxK3nD4VufWDMzwZoaJfLJEdsmLitxeGUY
  Recipient: 5K1s9Xi92qd4ZbvR6GPPv22MQYMVX7TABLLyZA74MnSC
  Recipient associated token account: FHMkLmgzPgvfKyu9AFFVUcTsCKkMvCVJdcseT3s1jjDS
  Funding recipient: FHMkLmgzPgvfKyu9AFFVUcTsCKkMvCVJdcseT3s1jjDS (0.00203928 SOL)

Signature: F8qpP9n1iG8tQksQTt2TmW1pUQqPFPMsLQWSF3dNXLd7HAgYKT5ommFwiA2PJZM8WUhPE4zThhxmHozGoubwfWM

Transfer 1 tokens
  Sender: HB97rJAXSG3aDDisH3ViBe7rXoBvAn8y63LvZT7392Ki
  Recipient: HQa6qZBGcqqtCwg7pnojFPWbN7XyeVuMYDwHCYW2bN9Y
  Recipient associated token account: 3Pv6PJhQNczeiaQjskjLTgDzAAyokhRXGY25tipCUAgN
  Funding recipient: 3Pv6PJhQNczeiaQjskjLTgDzAAyokhRXGY25tipCUAgN (0.00203928 SOL)

Signature: 4bbqTvhYxDu3E8Yb8RGjRFkx4cPYwm9u3uVLRJSHRvANsHSh6pFxVHzd72YnGV7k3JLnYifLRoBy3Re3gWHp5x9m

Transfer 1 tokens
  Sender: Thqe9QHFPp16F26kJSnytpHqBVs5616ropPr2j7VNGr
  Recipient: 6CynYkThMB9r1b7aWoJeP1UGhq9CyFTxt78gQgtgZCU1
  Recipient associated token account: 5P46gXWCSiAZJ4cmQfTRgnpJxQh5aXbsdocnkDi4XmMX
  Funding recipient: 5P46gXWCSiAZJ4cmQfTRgnpJxQh5aXbsdocnkDi4XmMX (0.00203928 SOL)

Signature: qFRuTqTm8i1Dr5TacSUrV5HbnRVmgHXch7rQ1J2gkAF8UpmfRXeqhnptTpze62L6EFa2vJJu92gRoeX4gK8iHLf

Transfer 1 tokens
  Sender: A4jdvTgYoHCkAUdGAJ4UE4jpxRNTvL5PaB49VELtsTiW
  Recipient: 9ej7a4re5ZsayUKYpU91q5UEakEjCwK9mFb93zDAKwUM
  Recipient associated token account: 7VSyZKEPy4fgQVkNe3ksnPFEPXTcLr4KMqmYJLR8krG7
  Funding recipient: 7VSyZKEPy4fgQVkNe3ksnPFEPXTcLr4KMqmYJLR8krG7 (0.00203928 SOL)

Signature: 5qcGFLubQHdLVCQynHkg7xfMzFcKDoAewgz3YJ4U9nnFUGUiYK86aLmLxpTZrbE9vTRPmzYKUNJWyLA4BvQQuZBM

Transfer 1 tokens
  Sender: AGGqCnci7R7HYhh48VABYQWF8Xk3nmFYDFPj9psLnL9o
  Recipient: BcwzmAJunqVo7M9PHuUn3srQJX73bd9xr5fJseCDGAZm
  Recipient associated token account: DFt1hwprdUjc7ZBLABvmZ4wRA7ANyUDmDKNWnciDBfCs
  Funding recipient: DFt1hwprdUjc7ZBLABvmZ4wRA7ANyUDmDKNWnciDBfCs (0.00203928 SOL)

Signature: fi3vQhpWM5LsKTFd7eoSPZuXzJrtx4UijNXmJD1kBaDeMQPViQo2rcDDYDKfCipBkehLuPeAmZesyrRS4Scm48H

Transfer 1 tokens
  Sender: 7sWuQ8sRUKim4De9PQX9vnD6xCocTtxCdix38F3J55Pm
  Recipient: FWPMGkkFacSvytRBGvud4HuHSMHwBmzyLaWB3FxKM637
Transfer 1 tokens
  Sender: HFpdaz8RaZkb6bzn12BEJ4KArasF2pyUNHuKyeHhE7zx
  Recipient: Fg3kAhtBZwVhAxrAXH19kn3ssEZhuaDZCRtbU1X5XpWg
  Recipient associated token account: 5Y9FKxexWXzWNvxrs2WQHYxjANWJ4xXWUdjVqqijwsnD
  Funding recipient: 5Y9FKxexWXzWNvxrs2WQHYxjANWJ4xXWUdjVqqijwsnD (0.00203928 SOL)

Signature: 2QYuWyGdrfUspMCL9qtnCxtpfUENPdDn5Qjb2ntdGm8xHJ2EsGpV6VK9koqe1AHqPWa97FB1LhoV7m44HRh2bG7h

Transfer 1 tokens
  Sender: FFJRqMxQfgqriJLjvbVU6Nm9GRtwHB88c5oYiooReP5i
  Recipient: 2eBBNzw7DeWuYfWhPVGanm7VyYogiWKjSRcAHhcDFSMd
Transfer 1 tokens
  Sender: G6WoWtcot9ksmhF73CCFqeL5auFcyBKuw3cc89gzsiLb
  Recipient: FcwHgU7TgMuZqk8vd7DHbgbZQZ4gDLWLoLrvYiboRqWw
Transfer 1 tokens
  Sender: 3jSJW7eL8gVBrVoJD5D3FrWcmeomiZ5rEFZcn6eT4Uuq
  Recipient: 25b8w8wTRa7REcwkxZu1fpcd6a17AkdATWPuCP8YkQHw
Transfer 1 tokens
  Sender: Ec69zzGuwUJj3Zv5m8XHGvovA7NfsHLmvnR17pmrNWrU
  Recipient: CYVikdfqKK1SmPasR93k1p6CntrmqGW4YcoSYQQ2TeVp
Transfer 1 tokens
  Sender: GsEoWCeSyc17sDALVz9usdqN72va4ZvueY8bCwuczFHk
  Recipient: HUCKGLrHmXngZeqY41s2WKnM3DSgJeE3woRd59iMZg7x
Transfer 1 tokens
  Sender: FZZ54dwa1xcCEscpGjMvruKZPohJaakNaw2w4duDfMz6
  Recipient: AEUto3eFWHLAmmVRq3Vo2fmHXwte525jQGG6D7pN4RRd
Transfer 1 tokens
  Sender: 2XjNhKZiDYiAyZBzsCWsB6FFFxmfcf2wJuvNFVNbN7Zn
  Recipient: 7FMK2TiccyaCCyqcVAnvWMzgsfSJvxvrpTxSd7M1dJgd
Transfer 1 tokens
  Sender: J3Fj229M1ebtUvtW5mtRYTA8ov3jW2x8w7CViDyzcLZT
  Recipient: 4fVZsRdDcUnNrT3wKTkC9CNfKJA25pCGtWxfy6i4ykWv
Transfer 1 tokens
  Sender: 72sDY3Zr5SyB4yeY9SBuWGrz6J3F9ujCya3ccmf26Ap
  Recipient: HpcYvvyNRzva7uCvN1HRBUBrou4TW1i42oXYPkkXN6tU
Transfer 1 tokens
  Sender: HJjejn8ix3CpAkevfhPdNCdBhC3tunfnfpF5yMauVmqC
  Recipient: 9Vt6ZsW7PCQW4LPkf1YoJ88oVbZYBnT1KjWS4WhX8yQJ
Transfer 1 tokens
  Sender: CEHSCb5efEQEfWU4hNbGK24i5mxKfv95TXFFvHkYAJFx
  Recipient: 6XHt7CrURSomkQrtVXV5JuKSZY4tQRpUyQKfCDaSTYaD
Transfer 1 tokens
  Sender: CkE7J5rAwgpbYxByuDPDBXiTSc5aWRtF1xRVcPwsBFfd
  Recipient: 5mgVoKP2bdcU92LHvXs7b37i2pJqA82ah5YVNsvCaD2s
Transfer 1 tokens
  Sender: 9ZiGzGS4JJvvkn9Xt7DbMi4ze5bKei6k1RV59nZKngKZ
  Recipient: ELNus8jcmWsUAcjDeHGCRGayqy9d7ScR1Eh5e6AUYKRm
Transfer 1 tokens
  Sender: HVHw3Fyu6upcTiH2UFemhFrYvZB99P1JNuENxVb3EAyL
  Recipient: AhbavW4N7vvmGnMFfZKzCifnEKnFEJmVBgv8ngW3mDCn
Transfer 1 tokens
  Sender: 8o4sevRAgqNX5KZpTw3wgNmDJPgXXg4fJHXE3PzasvQm
  Recipient: 7RZeCmRg2a2EVF6o8EZq9p5FSD4ZJQaziJQNw22GxD1Y
Transfer 1 tokens
  Sender: BF9h1gA3bwiMDZocGbpRJfoqc3JfAj9iG48qVd5GdNyB
  Recipient: AgPhAsvcwPfT8bcAQxfyvymHdS9enkCzHDZP67ihS5YM
Transfer 1 tokens
  Sender: B3UESiUGdfD7xTZwh9pRHxPkhUcM11TL1vvjTpcbkbEf
  Recipient: 4feGgguZ8pfDacgzWMk2rpp4odg53QvY86TjoPtycFbF
Transfer 1 tokens
  Sender: GpoBwNVJyt5RAHDst831JJ9BpQdWe7cN8JXxFdCFanU7
  Recipient: HiekUR1eDhKtR5gpMjTCEe5iA37XcsuH2pWdtuFJ7xNM
  Recipient associated token account: CGoqy4wopZXboJXCWiSaSamzxzoCuXcovKKk6qcvWGd2
  Funding recipient: CGoqy4wopZXboJXCWiSaSamzxzoCuXcovKKk6qcvWGd2 (0.00203928 SOL)

Signature: 4dCRXLB36h4cpVceKkTPgSvUQ22o5CEGBeZAfjhH9frnqWqudhY2X9DwBVo65PwgLmNPoe5KHUxBEnMng3FPHcoG

Transfer 1 tokens
  Sender: ApL7a3KhUCoiUUNFY8xnz1HTPcDAsEqAhDm5m6EVbZuD
  Recipient: FsBMd5URieGPWAyTsYpogM9URzyXo2oxznGbHZJARUNA
  Recipient associated token account: FMq9kPsdKLv3kqU2fWxvu4hihuU4eQsUhzfmkHPH4miL
  Funding recipient: FMq9kPsdKLv3kqU2fWxvu4hihuU4eQsUhzfmkHPH4miL (0.00203928 SOL)

Signature: 5rFvJQkVpdhj4g1XMNfvdgF2WP2X8HkmQta6Dmc4aY6d8xTUY1UviHFYQgTupv2HL1U1T5c3m61ReTKPxfTZJR4F

Transfer 1 tokens
  Sender: BjqbqFeo1q5C82WXmRV4HSzNW7Wpj2Ud4ADpDAF5Cg8
  Recipient: EczHAfEajWAwvFQ6t8ns9rqxCr5XQMqqfbZxBBJBZByh
Transfer 1 tokens
  Sender: Dho9FJx1wFyZeS8zta1rxtkscv6nb6FtMh4KcdrVcQdS
  Recipient: 4VdkXVVrohXzt1YTNkfJUbHR76Qr5VSmPPsRoBdB8r9T
Transfer 1 tokens
  Sender: CUNzVWcaWodYN8SrwmvjgqsRT1TPXDdCGmwSzyWiaYme
  Recipient: BBcnpuGSbDbMhZHugVRhURmfdFWkieXskLyHvqcFMsbT
Transfer 1 tokens
  Sender: Fcx8ZgdAtkdKwHgYeNeE845pPgJ5nKbxsTstqGKBzNZe
  Recipient: 6ykYU3fWNQnoNunJKDLSVSZWCMPoajoE8EVNzKCYs9qT
Transfer 1 tokens
  Sender: DTzdYU75eKtxQivZajoJyNsgW17YB76JQwssiwJ6nHYm
  Recipient: FHoe16tCF1QuyVKJkPeHiDbB5DNZHpgYewb2w1Ha81NY
Transfer 1 tokens
  Sender: 2SBtXLm86q4i5yevPR2UR4N9iimYxgGDLyJnNA8yfsMS
  Recipient: 4mjHt3pmKZkY8tr7ayT5kBwcmMpK9W4rVwfU2CjBUz86
Transfer 1 tokens
  Sender: 5h7HjvAdEaysBJVPAVBXGyA9UGFWDWc4Hk9uitcbtjed
  Recipient: AiY57XY5SksuYzSnCmsUYdYbDhJncuiyXR5WQfiq5YiU
Transfer 1 tokens
  Sender: EwVdHnxpeeizknQQfP1FohSVNXGdT4LapJ7c9VESAT6L
  Recipient: 8WYRXiQXQSoAMw8A25HuTiTmkg2Ax5YTaBxmHZk6s5LY
Transfer 1 tokens
  Sender: AwcPiPAYyuyrpyp5o8eLkFpP6LamEsxyBR6Rgnu99TYA
  Recipient: 51oET2dy4vCmZ1JMGYR9hbsvsLng1vcLD6z2AZp1uq1j
Transfer 1 tokens
  Sender: 8RpgHLiPH6ReYmz6cpn3Tonv1EcWSJEgTToCCm291ZAp
  Recipient: EMJ9WcNWL3edaz2zv6aJkf5V9A114PfoyVSNc6jDwTR6
Transfer 1 tokens
  Sender: 7PGx6yyri83vgTZaY35aaEDpxGZsBuwfwkW1Lv4C6tWe
  Recipient: oERKmWuwnAx7MsqkLfgmLUeahUrfv5j1JrDb5JxyvVk
Transfer 1 tokens
  Sender: FweFDYpeqKXgqM3pFfCoxJ69VJ2tGE56SH9pnSYtTyY2
  Recipient: 8DUt4hCibfHYGx51R3AJiKevfay7iZCsSemU4NQo86en
Transfer 1 tokens
  Sender: 96bwcztiz3KGuFVLYDAEwVbuE6goBJmuVv4dHYBHdmHR
  Recipient: AouXEBqiEvLW8qV4Ri2rARVmYYDo5ehJ13XsaqKV5XL8
Transfer 1 tokens
  Sender: BDg2gTH1rFgMHJvjk8fnFqazfhnSr7D2BPTJFYLNKPzm
  Recipient: HSPnUTmBL1KzqYiX1cQHVU6DkiAWkiQ3q7KHBcEfkJUu
Transfer 1 tokens
  Sender: 7joNu5DarGgB565paHWULaeWhCWiT1zHSi6YzqGYANY7
  Recipient: k8APHEghNvUvRED7fvRKKiVsRxpjPrRqpovPPBzwGTB
Transfer 1 tokens
  Sender: Z2b3dKKTRptpgxubfY9k63bKbVJB6aUnmNdLAmbttjJ
  Recipient: 7nrG7Yne4hepnxN29urXuEv3qG1T4a1uBTBjGg7emZ17
Transfer 1 tokens
  Sender: AC5BFn48edo8dAk9eCirVWE7koUrJmCNtsiqtsqVdW5K
  Recipient: BU9GQbSnXQcF59sm5VW5vM4QP138cM6s2vV4p4HhrDjY
Transfer 1 tokens
  Sender: Evz5JDy711aPvGv7afj9UfqYjZY1nfe2h1QYycEErPPv
  Recipient: B2HWFUruRZggNzsBRJHWMTn3zC9W3gYivhYr3WVqjaav
Transfer 1 tokens
  Sender: 4TtuPyRk5bUAm12CQkxNSRiGeEr4zh7SCKTkUii13Lhv
  Recipient: 2n5PbADyQXeCMztD5wnZjF3Nn2w8PmCmqSQ68TT6Q6KX
Transfer 1 tokens
  Sender: EWGbLqaFADDEm5iBvWMxinB2Whng6iDZdd6oqfrxDsCz
  Recipient: Cm8cYtgtfyULCzisqUnMg68aqqi12PGZScouQfJRfrG3
Transfer 1 tokens
  Sender: ED5YevC7qC9EsjgkzNWwKd94qvC9zUShcXjW4bb4pts3
  Recipient: AzmgakTxLAutgbcNkxi3S4M6MvuZvwcrzMc43ErMFk4h
Transfer 1 tokens
  Sender: G8cahCeWZeRU38QtRhe1Ct1d5TfyivWWU7E88qmXKmMy
  Recipient: ATXM89GYmkfp1uPVfx9wh1Sh1sZbPLpQqFqtXCUWrzPu
Transfer 1 tokens
  Sender: GjqrRfeyAkVxK3nD4VufWDMzwZoaJfLJEdsmLitxeGUY
  Recipient: 5K1s9Xi92qd4ZbvR6GPPv22MQYMVX7TABLLyZA74MnSC
Transfer 1 tokens
  Sender: HB97rJAXSG3aDDisH3ViBe7rXoBvAn8y63LvZT7392Ki
  Recipient: HQa6qZBGcqqtCwg7pnojFPWbN7XyeVuMYDwHCYW2bN9Y
Transfer 1 tokens
  Sender: Thqe9QHFPp16F26kJSnytpHqBVs5616ropPr2j7VNGr
  Recipient: 6CynYkThMB9r1b7aWoJeP1UGhq9CyFTxt78gQgtgZCU1
Transfer 1 tokens
  Sender: A4jdvTgYoHCkAUdGAJ4UE4jpxRNTvL5PaB49VELtsTiW
  Recipient: 9ej7a4re5ZsayUKYpU91q5UEakEjCwK9mFb93zDAKwUM
Transfer 1 tokens
  Sender: AGGqCnci7R7HYhh48VABYQWF8Xk3nmFYDFPj9psLnL9o
  Recipient: BcwzmAJunqVo7M9PHuUn3srQJX73bd9xr5fJseCDGAZm
Transfer 1 tokens
  Sender: kvX5ybBtXh5nNpXiB1b9eXS2Tq3h1ciP7mEJFUdj9Vu
  Recipient: 7N6Vqen7PvFwZY9WwDPJ7SJNxZbSnjT3nwai32eYPUg4
  Recipient associated token account: 3GeNXrPSNiDgDdMkddqarR8UY3W9am3ZE7Y7JErjyPYZ
  Funding recipient: 3GeNXrPSNiDgDdMkddqarR8UY3W9am3ZE7Y7JErjyPYZ (0.00203928 SOL)

Signature: 5KfPDBJuKW12HfUw4XmANP9F6eiVL8a1FU7k762DyhbS4vZ5wZMTPTYnRkLY8JEu2g8y92efWvS8aCWfoJg3g9Tn

Transfer 1 tokens
  Sender: ELPPXueqQoa2MeeQa6nkb1zUknMN7prVkWTAQdrqrbtU
  Recipient: KwQ27yEuXPR1mhN8tTexSDQ2VDXJsZTqpf7J4k5ireo
  Recipient associated token account: HzpsRfg8te1SZFivWaU8tLSmSTC64aCV1v46QGV72UsC
  Funding recipient: HzpsRfg8te1SZFivWaU8tLSmSTC64aCV1v46QGV72UsC (0.00203928 SOL)

Signature: 4NWnFsMYrCSehA7FKzyabKS41vR6qtdwRiLKqLqdbHsNNh88TMJG4CZxAJ8EuGLzGp39J4UmDPsVkUjk5S9mtPuq

