D1qvduQaWkCKqC5xHFcm9T3o8kLyNp3z2ogCuVNqrMiX
3F74Geu5u1GSygk2vBvGKzDHBPRPaSvssQswtZEhGF3q
8YtKHaoAXWLxsX23DvrXSnvrFFEheKVJBNZw6tM18jRT
BATS3DVn4fPAPYEvco5HYvWWRdGSbp7RTjzYcZUpKzsm
8StnkbYW6hCxhGPaZYU2nwUfRKVQZr3qihJYqeg5K3rw
5Y98pRrLDozexoiNeNFPC5pQ1ikfYJQegwsMTrGgVaX7
5rPEknArk9TMuqRja2bggnVXBuAsrQJkU1JDQEtQK5JK
CRp6UiikuPUkviP2CN2GbtVkrmk3bPXZwkcjSvJ1pyFm
FMSfH2hehY8NJTNS8j6S3ecUDgLSMuRyzv6k4zu8CCB4
FtSkVQsyWFKF2QAuMSiFvW1mUCC6LrpKJgkHAEEcTmFc
4XfYK4QTHjqQF8hL3fHsMBjYDsmkhLv92j5gBGPv7uDr
8YaErRsingqdLuuzHX1Uuo8BSr1hxg9FM4qXvW5kVunM
9BAk6hGzxBNn1m9rAThPAdLHBk6rWiDmZLLAB3Y9nJa2
HyB6UdX8LvtjakukZgeD2JA28sYFTovoTzXXXmvrJgKe
9a9dMa5gqNnLaYQdFkeF3ZcmBX5nwzvWSxdYAfXdWAzv
5iavEPrtDDVUJhTLRqrxoQTpwMoMj9ed3wXFXqhZxLar
2aY8H7CsUNsYDuNTv3Fy7YQspEEautJNJmhf8YPEg8H1
BUzyVELqzqeDDXjk2UHUutSz3i4Cf6FAABmpm7AcjgKY
33nJyonaoX5xbxtZoCgxxgxxWtv6mcP8qHkEFG5HtoUK
3DnXe9pZBfdBBpbiQBhtYVXwCVVAiHjMLvXmxx7gWaQt
9qmdJ5bgCpBJLbNrsXputNjyBdAgiMZMMq5W2sZ1bXhM
HynRucip1byKKFxB8i2R9DMKG7xhqqysZ6Wv5Hn6tPpU
B7AmaSK3tTeUKgpLAerdSdaWFxGJedB3w2Fx8VxFrnUS
2oQbf4ZA2wJ3Aw6FUTrUB5t5APpF5kEJTMzmKG9dzyPt
394szfHWWgtUA6dn7TjnKUmD3jwEoPPaU27tC1aEd5Px
