FxzSkonDntvohAZeb1Yr1uCDLbR1qkkxaH3kQCM3UD6F
3Kmi5UkKx6SXMiYaB48Y6H2BTZ3EzYBLPey2SfriWbQ5
GLVtu6ActQbHpjDVhUZuznRKenWUBgdnGDtw1ciiWwy7
F2ixDRZ2CzoKmEmfuhEPPQ1j3qBZDxVvYQodNou2dwbn
5cGhJgVyqH2Erqrd5PuYgarjVg3v1mpYPRQBStq6fXL3
2itm16YbjSqiuFDQ557s5Bqof5R7HmpDtC4a3rRwEcHu
3ZUC1NG4NkjTiacR3a1xpmuwEDw3uGR9iQZvdeg1AUvW
GTZVSm7FQG4EWhiX42RnXAQGNrn6AY4ovQikwzfxHQyE
4QaJH9jzcDjgUAo6jf7kYSqYwM46d8sMKtxQwBic8BX8
9Gi6tb68877zNN3YQJHKnfxhwhmX4srdvTvdWM8hfwnq
CMyHQcF8fXEucVBsiFncbcpe4Waac7beAmTpJAeBYZy1
4tZDxh4QsxkJ8TdSFx6xc4mUC32L4EZqMWNc7re39Nno
Btayfun9wg2ek1JwbwsAp3wtxV9hQrjZELWBY5botwvi
7XT1UegsKzCgvHLe4nGPvaygaTa4WdCa35ZEDfACekQc
FXh3MRbEQ8X2YM5Fx8qi5W5bsE7gXnUoKwbchzSpEKvP
KYX562t8K7SBEMeqJGfShfVV8aEoaFfY5wC6Nsjg4jG
3vzSLHe9ZkFGi7aCg4awuDZZmGqQJSnzHvRtmUwWHwaz
81MXZiaXQFgHzYv2xJJGNsX1kWVJmZ6h41LYXC1KSPga
CoZ1VUhdd6QHj3arncJZcEHffqa2Ym2ktCmCgwA1gxjd
6329uHyzKmXt2k1MzQFR9QEx5N56cw169MiWLa5fbhxu
EB1QyL81SunFruJhTzJAD9VBceAge3CzUzhHkiHgb61b
9geWxnmtuRf2ASr5wVtvD826RNqe524hZ1n1v5ciEp3j
J83DzGnkuyutaZkF9yAUGdqnsLU2gGxowZfSyYs9W3tT
kizo3q8S1M8kKwVnrRTtkQVk5wQbDkAF8R7ZAjKFFJo
6za8EiuSSUkpDKiZeMzrqC1PAcmWHoDukoyuU9U5UJQD
7oLj2aqaDnTbskBJCDrRXsfRLGKmVEVxTowQVwtVV4Db
AaHD4MDtzYtnyAKCWra5QVVagu63GqrJLTbfzsyPLNso
CQcSzuu444SU4FwAtiKFYVsvkFdr7LBUt5shXg7eHZt4
FZoeBd2E9Z2tkNQQ5CAWXmG9Num26UZmkdao7GVrhRU7
Gvjrkdme49r8GiN58aNKRVdSwfBCoPetXJnGRNiW9t7o
Gbf68B2ZHHDjgbTtVSkY6PK9gjK8v9ZHZCqLhzYeEiaF
DCxPEiJiQU1bWVh9QFb1i55MW3Gn1JtUVAHr53AaipPP
2En49LSRE2jGDc34BhpWyd2xdcsF2fe1bPaDAi7uueFL
BUeFx4CWBC2Ec3d5wivSpVRsEkFybR1hLvAnbzKutX5a
XSmr8kCDmmdUjimzAb72jSwrhJb4rtf6SyGZsFnQk36
GHp4kMmpc8yzDy7Utgjg212s1w7tEgC9BLq9eeDBbCY4
FfU9JZSQ1tSMxgNanVgggnqkjzhgJKoc7LGqpzU47LUd
ARiaYWJQRURaxD8sExLQnLXebztrmYLKCeExJbMTwQhp
5rzaTZpUMQxKGvWqekzw9PMrg2aJREcXY144CAwFxF8Y
HfWsLmQXroHV9K6hhxyFGk577HpfJ8UUJ7Hdctipct3n
cvY2MqAgyAcnShX6s78ixMhHbRXKbNZC4iL5jeNj8nR
8EBEq7tta3hfsnuwg75sysrurszP4ddWjQ3kKFHzRc6M
B46hTRVjbHksggX9ZKGdmfHXNevqaLpVeGGa4iFrkMA
AR4pdSo7iYUvdr9DWP1dhXQ4pNPSWEVrkDFcF1xq57jM
BTkfmLW2QMMe6k1V39PpAFD2ZMk1GRxZFuTH5pv8NzGi
9tQU5Y5BxT4kVhXtFy2ikFUwCYKkYCaoKEbDKucqn24a
FYTyF7mWxFqqv9zWzV4kVLadkT2H5QXYvzxrY5u1xbpg
5F4a4t1eHbk7ZaTXpwesRTPMB4dZvWfYqGNer4ZbUVL8
NhGF6mp27uwW975zrDno8pVjFe4QpnhEZwsjhWuHwag
8ZTjx6UhKw5L9iVziPSXk9QrsV5U93Pjf4HAEMEkunSq
7U3NuJ73KYsFr2qua2QFsftYCLKjvDTCDon5Asi9nnEN
Gxb4zyz3Xqu2bYw9xBaHuvyxincFfVApQRg76Uo2Bgk2
Ca39mGJzjqCKfXzDPKovGSmTeCWTVKpphLi6i71x7vBG
FriTkiJkxUH6LVYErzs7v18NSJeoGktG1wXFpJigYMor
AgLUMniofng62Wtjz8VVkchMBnHKpWU84TALkcGsCLc3
9bKL25iTHfhAN1YYvmW1G795Y6Qy1tnhP8jf5kWEJhJS
BitfbyXy65PKUVa7woBXQxKsXz3Uc53sjohmb1dxY6eL
AsuMXWYd78Qphp5az6bUMyKqywytpxRNG1x8ATbHgdK4
Ao6HzgMdKtnVLowGDv9evdZ4yPFodkXyX53bewU2m5vY
Ffnou8EJ46oDZJgriV8NqGUaoKboKhbxwfWwW5hZ5Kj8
pCcp6XYRKm4d9fwAuxu7k3puQezvFfx9tsoFBYtdKRq
BrMvXqc349KfQ76St6Pg6qYHiakZHNGrHhVY1vJmBsPS
GnxfiFsRT6KWHhht3Mjr3sUrGqx4uiF6ZPa9LwzSdk2H
AvzDWRmaao8tDWBDiu9Wq5UrD9LjNPBkCMBcwdR6uVS5
7gB7Zop77xTSouyqMCBHpEbKR6jyEEm163yNijsqwBos
GZGycq8i8RvCheJDyBbuHdLvHVbtC9aUhQuQ7jYZENNY
EqUfjQa25BtBYrRsy9eLJmqeYK1KbyYkhV3pzzAH15YV
5h4Lr5qBSqJf3vt1rWSNAC5eWWNTkwwHYVh8kuhuh9Y
GnjnVKwrFXJj8dehyqg53AKZsyMYZQDs1wpfC7bAxaBU
68tLqsKWZKzZjADEXJHBam3eTzjgiBb3zAs58eBxJkTK
tEGUG3f8ubxVws5icXFftyMoXvgXwudSLyyQRCrragT
DXux2ujYxg1bDzZKTHnQvcwa4zP79TEqUNUT4wRJzDtP
5DejZvTa1vupXgbpi5pViVNz9sYSvUyuBjs95tBTi1cD
3T1ukAgRrKZpM8kv6ye9zPV8GFj2rfuDRMxs8iVLamzq
7kQPVaG25pCEH2oRrPkYcxNiKBazP7uV8fZn6HFSxRMn
GmJgX7uPJnYiWdcTznNogx1uxiBnjok3HpzFBS4dgphr
3csQy5hTXU2MoCcUNq1rzEyiLTfrgqpgCNz2wgm2yPgS
2t4JoeDwYtq9bK9gVaS4uTZFg727GdAUWBdiJF5KPyZW
CTATFowbwM8LH4qokVugLsDWcVA7ah2n6HZDSURsRjfF
GuMC627Nisrsfhm1q292HkU5DXbBCwJ4PwXeoPi2nsR
CKKhoY5tefuFUKSFj97UdJs8UUgSrFbpksccAVpuv6z4
6TTHfvUrfnKKDCvsWeGkYAVGEWestUvQSxanEVKyXUJ7
EAkVCGzgYQERkL9ggQVeozneizK9FzMtQ1hWeyzyWMm9
3pezhiBiwD6YWfYk1uNPM5E3z88o9XSsqSd79yWAdWR7
FbJbwu1VZe1QZeiDBxJLxjhnWxwaN7FBYEb4GMhucaN9
F7N6XmCB97iMKe1TntuJ2vSNRFScbDvQypmzUqaxXmER
HLAAcromWxuqHZy63tTVDqFj81bRit2zfg1cKzwaYeiA
DVCw97yx9Zvu3P2t6sdRD1U6y2BhUVqUVwNWtNqhyzs5
GzYB3VVgSzumXves4jNF3QAVM51ya9FBhahFuchwxQwo
7GVsvNZXGsyJi2nwA7nG1vf75UxfQ63bEGv3gE7b5q5t
3n2mDisFDhJpRaezQ2xRrLpBVry58vD5fTi4TFi8a3rR
F3Jag7GYXZW1DCZKqkqaTSZM83GASTNPnNF4yVHkRH3H
2sTmuxH39rNuPCcGymRKtgM6wHamJU3czFwCQRJaz1Ni
GtKFP41pDFD1Np161tAze8YB2kmuv2PRVpiF99rAzfW1
HjvJi1L6brnXBv2s7PsuoJd56WdRdVed2iunXcxPuiht
EHYQWEpMbuW6WUqYhhw3VxgtM3ktZ5PXo3nucw7UGaxi
5aYFjKmZzhQWsMc4So7y8sLhBdbdz4FJv5qonv9pU2cX
Hg4Roenxk5gjkRAzpUjpSNRXLLqd4ZkDHDDff78MSmQW
22sW52yBcvscpQhDvRcj5GCvucveuh5XC8tdf6NSCPbP
FYySt9jd6qap36e5RA5kkWEfiwnAuR4SpyQ2NFTSnsi7
DYfrCsTS22Z2HMzUcjuFR3oRNEPieAHtK26P3LD4uTME
FbkqHdT9JijQFnXtaGEhGrYaV3jCpwCqebB1cZMXvMT1
311eVP8oT5yVtmv9Nf87AdAEYZmHdsqEfDv5DRqnWZhB
H6dyMMRav87CEFRb1QJKceXoXGhbby2sN3LYAZxgV5Ye
4eM45jBLJSBWfC92cg7qdPLRei96S9At8dRCLMPuooYh
8ypDztsznMtLDKbaC1vt3RfErXFWq4zaLqgP7pCrDaDA
B9awZGcygPq3vfk4Pb6P5Nmb5jKA6eZQaxX8HJmJfv3F
BuoxdMVutp4hcCfjxtrK9q6E9JxCccWAB4nMXdcWx4wD
GPEpboZ2txwHBMponeUWUoUfy6R3P8jW8Zs46KY7n9We
YD3kGYKWvW9Djzsjz8iBGPyCYHgDjEkNnhxqttsPj2r
7yPkeEEY21xDuurCqKCQuQtF6m5Joc3Cvd4NWSjYMLVS
2aVqp7dn7RXXFVWVSVGuhtqSoMVqjrYAEBJAfgteErfR
8TxaeiYDUhVL6cJVxHeS5Gx6UpE3G4zsQJMaejHttb5x
AYxbvbSYq2hdWzZpmeR5pPu4G3mKWZV2qzFGP7bHV7KW
DhM1PvAfpLmhKF37dk1ES9JvX5QmFKG56t4RuX2kpdHB
6BxTWzWvCC2XvKT3krwFF63wUjaKk6DfKFg4N29u6qdk
EF1Prq1ytsonZsYKcFUnixUEvfuWtdTD5fTMNLew4vBN
5eVtAYJM9pq1m3JBVEvLNVg3NcHBy1R5sy7oB4B33V6w
CycT4cQr9BUYDkcf3GKuqADozvCkuvnTWaFFL7KwhPC1
4Fkm8kNhNF5BzTxaNuBaC4CUqUHy8fuDCspfP4cpVcm5
389cbGgYpxD9rX6B1oo7tXa5rwGFj7QrdL8NbiYuKmXh
CyDXaALW6KQJ5xdVdsVKKLBVUFpXVRgXSMnHT6S5jNuB
HNDvUqM3YVn94uB5d4LRnDyfHASdEZF4MnRLFh65A6R8
7KrtjSr5ZZJ6iPkXXoMhSDKCPXDcxp5UPBx7SfZXRuv1
6L44MxRP9o2ULyN2BYwAHEPX5DGaNXpRM6aF18eBc8eh
HncFG8oS97B7pNsveecNTSS8KRGJ19tgGbC8hCiJaobk
L7aj97Lo8aPzCHTdejh4RHaoHrRniATrZKyMJSP4StU
G6iVtCZApJiBgeYHLnJR4RagEYRhFBDHBWT7SBqvTudc
44nBq9NGxmiBQ72eaAPrxTUS493Rn2dXHHypqJ1m6uWy
DSNaR7pEiLhN9cobbw1GcEY1tMFQFLdmJbwQLT4Bcvyh
bS12Q6hpc54PFi7YcKeXjrABJHTrnRWn5tjR6hDcjbJ
BG3aQHUf3KDr2JWQnqHmEE6XRLWfuEhQhdBXt1Zqja5D
5za1UjdMV7a2uLL67ycaJdRenPE4dFC3u2pUDAuKCy1g
94Vraiek8nLR2EnBt7e5UFqt2AnMWQyw7TftQm1fLF8i
BUgAnZ4FuRWQsnE9FNcHXndsP34sBRYW7CgLeNZe98pd
8EHa5tTUjQShSowbb8W5ie9WZdMTYnBpshjLVZpmU38D
B7KzzPhZ5ugCgBtfFRjrsxmetfea7VqXJV7sfxvxvkGK
31QusbvAai7t33HRwo5H7jaxai7msNG4AL4dRSjZY7Bi
5T8oBDw6XcehGeXJ1QLADNtK5zZF4jGnSjtFULxxcyfo
DXYk9UbGGMTSKDR2r9gfqwdofowa6ciyNJyUxoirBuaV
2nSyb93raGdVwNBoyb57R9Ung65JbebHe2xcqF2QEmEJ
HaPkwQM7o7BMw6mQoNJLHSXzGAvoUHC7GWVd7DHLmmKd
292o7y887VakjnLeWkitZ6AdE6NnT7zZYK8A1qpVdHMe
5RUD5sao5mfs2v6LadBremKEGWK52ej6mCYAJTQA3zsT
6bwrCwFbXEQyYWYYgzEPP1ARfwh9kgS3qpNeUtda65S4
8jR5UdVX4q1gocSGiPDRwGcRhx3goDMFqH2p9mei4HF9
FhdWNib4obvAtQ4Zvs4XdfLNm1FRnx5PJnf38UrJoRNK
7ju8WGDoms2P25AVwiKeq15bAwRYjvq6kh1kGdYc2Tto
BoNNukPWYRYWqQ8Czpt6Sz2whRDDHzyfcCgwLc6F7mDM
GMrsHMy59oATJnwPQbX6yBS6orpd7QnfvJNXKHvgpz2e
B2DjSqJuyQMBK7cg6dQ3qmQp2KsSAc7eooHRCHSk49Es
6e6dwFtMsYcA3GBo9wreu67AotXvv2i4UUvU2Qp9E3du
DpZXaRT2FjrAS2Zz31zvcVkpEfubmwxnfNbvAuvS4s4z
GaWn4Hn8e4uYMxuq7LAcBUm1quxQy1GC7aTtFk2H3xJW
82LzrakLPQEwn14jCcExTwdB5uGUF6TazmSuFExte2Bn
F3Yrjnf6Ddkk71WDchFE9DfbfvQAzLQfPc7MSw2zyfSK
AcUj7cqrFfWy82vntXLzSk7RTdj99MgSH8BHry9sJKr9
4MCWvt2oEwxaD465pFqWoS8r9qfCfdk4rrY6xNU33qxN
9b7jrUdi6mDzmuxypzwdR9eLBHd4EEyrBtVpZbCyCsfd
A9j8nUyXnAwKmpJqhWBJNiuznWABcF8unWKd1X8eekEk
D8oZF6EvrRiXd6VNZTiidSF3RtXUQcE4KGNRkCwUmbKn
28Rs73ik3LKCQUg8PwX9w21uoj7aSTca3VXjpa7iSyrL
BmE4AhqrejEatt2EcT6pYZEBABwLRJiTWxGqPNssfS2S
3z83aVDxWKtNC33jSinVYDETLEUgUKi9LyDvDDQZZx99
GjbrTUQ9wRFU9Zg8pJ7Xghu6PK3Tkqq5sZ4iMo2CPndM
CEYA4EnWcGKBVAhQyRo4LAzQeedVYYmdS3eUCNUmUCCB
7YMZ6WSYWC6Rj5tuJ5VRJvPpTwLtBbjz4Dcs8eMff6yJ
7JjQ7FDcmioYYhddeaJGCzju7XNGahgh9h9P93vkope3
DcPRu8JQR3Way3fHkn8RMcy5kxqFXVkAcHdsTQRYB22h
7trVA5Q9sJTxZXAT2VhLqpPUiyxeJnK6pyfQpECNLb9j
E37tK16UPxSrg9KZfEKuYSJhv7wmopMxnZX5uwbsP16x
2UJKwNHpCHazYTLAX1NZwNDGC375TwYTWrU7TgCCa6Fx
9WCacy4ZRgwz3Hnp9UNrGtzBULwUoNvtsG5tWm3oc3wx
7eq9eSzgZg15Hk3nfKPKVPDLKTcPxwHH2ptrzyoeXTCR
B4Rx1qQnBCPxAzQ2viqrXGarzQc6fhY4TFs29MVKTR5f
CHrG1VZ1SNPrm28fjLGQToYgJ4AJ64Npp98MZUGTXHey
7kZeFK1Nu62wVwAzPT2atW2hEXajH2sCQnr9DdKR4yp5
6L6SqyrxhY93QSvogz8YQPWBrf8UoTuhVTrSexEQeQFo
Beucvro4Td45sDnhSRLPH2BAt4f49gc3rKm6C4EiX99o
CAzUW5eN1c8w8Nn9tjYktMJ3j6UdqEQaw8vFeQDnWAPr
EjzScuC4beKuvRBHJ7gyRnZ5hH26gBWw2N3HDSRL6SrU
4FyBni8M9bfREhYTz5dYMqeDjDccmXFnrCL1xKfDGBdy
DrpcLFpTowRMYMkLJMT9KZPHzMK2pTfjK3Zo7ia6sm4J
4PQdC1uyuSgHh4oCBwdYSh7Aao2MxjVLRngE6ttJRyTC
E93hY6gGFueSCT4mShmKjWuGiNE12rkh4dYb5Vn21nUd
25WjmQo4i7ZLP99wumjyi1ZHEuVaGMRSM64G6Zk68XYB
8cpqcYJqcLQHmsvEGAhPWhUjD8kbMFFTXmPxDanTWDn
EpQ3zbt68btiiQ79Mdw2M4XNNDe1k6WNK2dWGMoUUody
9L4PNMVUuvpq7qFh7GY9E8uSDdQohUTPU72KaPGoqG89
W6YCvXjetUcydrhG5svhdd4fm3SGmkLPVt2XxPjz6xk
CtVnT8vr7T7HYX8qnHVXDM8w4kRNj58nVpsduoAHxN4Z
FseVXzf6xxtVYYy9bwAGkkkr6d6HMjqJLGSefiyGHXky
C3YGn74DZ8VNHUCe9uq5ErvvTnSMZKHJ7QR4ta9Pu4LA
CDmYt8T62ub2scFEMecM9Dh2fwsvVR2aXa2MbLvzNfKa
421W3huBK1iXFz4Tvt2m5RtePFJwQQSLLEGAJobk5onv
3R5F73DkFaf4RcV4Qn1Fh1TCbgDhPgafQ4xJv1Vur9ie
DNao35uae5gXpKTYE15GE1GSkkMxA5JhnzCsikiaQ6QC
3DJ6yMbuXrVmsLbLGmiD1YpnFVLA4YQd5TeBdZHagVr5
4gNprTbdkV6e5tsLruGcCdjJnSvbUqY3Bwuf7nY11Kvs
BusYmFdLLAsZFSRhUTXG5H6NgxEf26dAJkHR8zr11T5Y
GvK4xe33LZQeJ2pRpbCKhahBX5P4QCi2okAH4eGeGkws
Eio3sHZVPjrL2ziRA38HBPAyEmM636JMVxgvPDsk81uN
7x7BZPVic8BeG5rL9YopHH9zCEYAMz2Ciw6tr9KFDmxt
5Vap1CE2iJZcYsHySnZBb5bBzfNmTe3BaNyiFoxcZqng
A8AkuWfTMhmT2cbk3CMMRsrUMdXd1QUkBHFofahrYBU9
3MaXHd2DUSECpe1Ce3JSDagTqHspzgt3D2AHkzSu7vPP
FtWzEZzRae5oZzy6T5cu6fYMmqZNLn2nf1y2x8MxMrpW
4W8zRnTvRYfvf4kdfBLN5TV7JLFSq3Zwj1g4oAc17uBP
5j9kZsFER3pf83q91wr6svdU5EMd5iPzTYgnfZcnkqn8
9vZpqwAibSz3pEDHdsibbnGZHjiTxFN4CcjX1pxoSUnx
FhVMHaRgEQ5MvF7jXgpkq5RhAMW4DZ7fPE7RZFzV5iA3
3V4JX47teEujC7MmRhNjbLbU5XSjbxev1wKhiMn8wSHp
Ca3DQiCdEvujSLYMZVmLbnDTBGDFqbbVad2DGBDR12ME
BxCTKgmEico748LtyuUJgUyRDraesub5SRCRHgdPy9QU
7YbStKinHeRXSdS3T2kU1NgUyZ1MuGFibE6zSq6tcGt1
2y9wk2uW2d9mCHZ7PSUg8DeQzwfaGCvUqtZKhv7e8WeM
JDFcm66EpjdR1Vtj5Cy5dvb5vfJDQPdKNRdum9Dmxnu6
JJHF2cPSqYHKQrCvsEtdaar3pjyhUQQDqEae2NFbEE7
66Pu8gM2ZBatw5ZywqhV8pt2dUweT6yAzT2xoXf8ySwb
AraHhD2MYRrSR5V7fwvpuu37wWyDo7SJVVmAXHjjxbS6
4wCRLeuCA4ENu9ahKw1f9otphAUPM1vhSefquGTtXihs
ESWKPTPHNu8QPK9UaePwWvp5dkXn6Nb7RKCvKmixaPs2
GiLnNZJQbecFAYxHjiZUy5jhHTKYGAohVMM4x33GK8kG
EmDhzaFYLtjxSDahZ3kTHJmhppELhhn6BESjbk2y47QZ
VTBqx3RGwKA5v9MB2XyQbfdgtAGGoAcFm5oL9fC1JHG
Gy89pnnrb97FrCb1WZoKg5EgxXM2PZu88J1yvEnXkpqz
5ome2BjBQ2U7LuikgiLBcXQ1GzeNWQHmi7ghF5pJ6S4X
6HGbqqxE1fs6ti7TbSurfiuM2NVo1HHJADe5sGaYbMAg
Ar6GodD1iksr6FpC3SDh1zfLSM5r6GbeXSw9VNqKhzf9
B11h7ueH9LGm7ApXMAPVynq1vvZUwvQ3jYG7PG1GXMbd
CAcuiUNmsBJ2oe2tghBVXaeodMSPEjBRr6ZWDUrjJpHv
DRRcxnp22VGrvtuLzyjNCjDKTNBg5N6cjEaWMpAK4u14
WfjAS8Qg6g8kpLA3DYjkva33a2nQ16LSaBvmqJUTVLC
CM9NLhFVbvpHkMzpjjvcuMyggnSFXaxziGdXTiCYvBF9
85tKmyoMiHYt1iaC2htQBj9mzuRMifEtYGUVkyoNB52i
CiiKbiP1gG5fWGAJyJFEJT1wtom815tDKcTuhojaV3F7
FwstF6XeeYBZEGDtbKDX6dUfmfRFrNksCSZDLmALV8pS
H1xjHEWoWzRjDds1Nn5cMj55WcRg6S9yNg35TvGfPmjY
D2XagFy4QMEtDPqGXAZiXKWeY41CN72YcwhUKpPWySE2
HEHZGedftSbHDzQ7391ucnGhqdSNnDAn4icZxKJX8HcQ
4dSmSv53yqnLknJZBoyAdy3zqyWcV5fEkza4qFc8rWpw
EAqAeBX6VfQJWkdZLVZY2JkxZbs5xZoBVj6KanBRNv7V
G6TP9fDYMrSq8Di81sEAfFK3AFGVuJ6mxfrBCb5hgUJ4
GdGQLsTp6tqPQDVt7su6JM4AiYef72B24Mbt7UzWEM2u
9ZUhbLgzpphsZCG7AA6q6zbq1Bg6cNmg48Vj864hRS5z
J1fHBQQLBTPvfA4uqCCm9AsZa7R4FG9DsxMfWGyMWzLi
7M6ScdytuWfxdxj6MmxzxWgReQUG3JhRun7syvgW71o3
G2shSJC1XdRRjndeJYbNNKUGmoi98pSZ4FfSUCH7gwuh
3ck3S2U8n9JDNwUDAxQEdc3xZ3UpdsGnr3UykBbLitSv
FH62rrSXALnqWWFhtvmdUa4KXSsj6PzjjbFR2KMvtMTH
68Da3fudcvGKLVgoxCodaLMwNxQjQps9dkwbZzLf3kb3
p5tKeS8iEXprNFp27hiPtFTdoQkJctNcvKvmQ9XZ3P6
DZMwUKhaN6aa424dYH6yE1x2fhtcJpA6CCh5JBiRzwfT
Add8eq7ErMbNVr2WGHygGWdWne3PnxvGHTnszUPM6gcJ
2tYD7goB1EGXR9srjZbGXP3M7xm773wkBBQ92xKUxpp7
AyF9cSKNFk2a6KK6bKwUs8sbhFwC8QfafPRXZbNutqPy
7XkaeLWm5Qs4rgcJKjGTJeQFoxmyHzbe1a1dbcmiXZYD
CPH2AGYG5KYG1b4njbexWrZfYMsCj5bUQCjy5PxfX1E9
2MTko2e8kBWaLHxSvEbxytYUKm81stj3CjRUD9zrgMBY
Ej8HobyVsuyjkJDsxR4nJL9GCBLMDvJYNECm4p9j9k6L
CuRhE7LVgcUf7LKenWyETQfaUw4Lz3vi9NDdhPc96Nu
8fbYsgZZxhNdFP1oZjS3zjJZdBpVxfEgUnvTghCbRL4M
7HnuxYuNLNSk1SsAsxAVNQytfX7ik6t93FMAPsYWR6Co
37mxDH2FZNrzK2wCzpEweuSDuQpg26Aaium3vH3ytK7D
CppzgYnsF1fbmKhesJEohXVm2JAWEx4oA6jtWnNpvz51
D6PVACFi7w6yWTnWAAFCC3Arm9A3GaMRFiJpXJCqXvdo
FJUXZ25Fk4aHPw9ZrAmfjscTwDuvQW2JdtVYMYJFGnre
5XvVRC9nZMi3NCY3P7nbrZNKQ3PWV4EamobBYWw5eQwy
BUdeKV184aiVRyrxVQN7ZQnpkf2v4eqKNUwXYEyKLciz
sef6miVe65NfRtGJo6A7sHq78DjJbabZERXwetS2Tdj
GScvkPBhWfCHVGx4o4YxQ3upXeoaP3a6htmoHT6gzzkn
HvCSZYR7ddBXUtJpYdtP7fMPQy8JcTTBaYHPUxU18eFt
J6hchTXVZR1SH1CLQP2j6VXZbrUwLAHZbU5XEgpdYSus
FQurk5AbAHYTkUsFiK2P4arwzRCTYQ661iCHdWvaADyJ
3PqNamyhry9kuCvMwm1vARrLYCthaCNzBRgehBrgtqzW
9YWMgVJYnij4BytK9onLTq1krzJtD6RnBNr1p5quvXss
CQ3AQiAtnsRpmzG4Voy8omqAP7ZLjXiLGkd1VQotPQbb
B5cC6wKngZTnp4hHRfJjFUD2cJhoJC5VeD1qDXhZrx57
BbcAZb3LA7e7xdCX8ZNjinY42z2XXNEi3eV5T4Y5ZMo7
DWyps5cfeNL7Q7YQMCeovdkorKCTSYR2z2rngpe1KaD8
99tzXtjagvoBHTozbZDCbff8dU9L1RjPKn8Ar1wMcAdU
9xWLLbPhT4ucT2ApbSRU5Hqh6gAghu8udbQ3ZCsMe4m1
6qTMtZiXNMj2Vgo6ZUgY5Gn6bMrgN6cZouynQ55h2U7y
44MMG4GJzTENkboNSkq8TfozN1T3VQFk4ZEiDMqvqAAT
2nGre7sV4R1g3o7GUKkv8xps3T3jJw87BqbRuFxtueoV
99DjCtg1MKG5rN4Nhf2KnLaU8bzCaedPuovSVmsN3Zny
8Mh8xr9yBQmRvoiSe6ULXfCMLMN6jiq4Vn5vraQV56J7
3zPEAXBewMvg9rsAU967U9pwi7dgJ6jjAfZtokkJKrLv
7G6A3cmn6YsSMybz4wwKg7uGCL7vPVkrVNnLpLx5rFvN
4QAzymnsDP3H4tR934LfBext7oqgBumhnayNn4Yu1UkA
9913CEDDdkyRW8ooxV2mcwCUd9QczAH3pR3nWBLrSXzY
EQ19NW1aUfkmckEuqwtAuSFFB49Nv3GpKGkoQwkXvowD
EK7kkANoobo1tU7FqukqaHQLY5Gjq4jepwPW6dfHpFcn
4KyXoThYCf3ugfFNnia8KYptnRo18dWWsZzs3ciYWCiL
FB3JLZSVWwyTnKkSGBSaHUNJvUUXx7gHF4ouWDt5X1z2
BB2rKLAZpTJ49cvxMZ3mfGStcnUmsPza7vkXPfoDSw1m
6rPAdEKoevC5XnvRrTVtBwCMSoZ2N1mFDtLJYkmejLt7
8kPwaSpt7BKkKZbQmpBfQkcc6LEZZg2SdBx8iAof2W8w
4mZACa4G4FBt8Gc78kQa8spv2Qcb7RaVtSc1FZpPRbC1
E7hQfRyD9aAPgrQZ6TMDHUyj6x9izaxNWxDKssCsHxRt
