AGcXEZuuN4cRnUB7Qc9kyzr5L4h71xGAYksreUubbDRp
CsGZDCNuQvCXo3GQw89TsD8nzwfFXBtGTyx6Q8c6KGt4
AUaQdhcN5mVRvA71B3kRWUF9BQTK2h1V4rUqkTw2eLEp
4GSGks3QkdGe43mwTdfKHsPydWMwUtukmPuYDYvsmrmZ
HAtAwndeBCMfZgSJSLcpKfBEXam3HMpCgRZvfmMM4dSy
ANUkikZTPfEoBrqtveRAeNkvVqZv335H5Nvspm6u9Ghh
BZXQiZwQWFkALN6aiianVV1CXKX3xJtLUUYQYgmHHqr
9ej7a4re5ZsayUKYpU91q5UEakEjCwK9mFb93zDAKwUM
5awsmonFXxL4xCNQTYVgw8zGWXEzAcoTbirxYEYqxwh3
53LxdtrijA1YQBSqP1K9pSpPechCGhfLx3GY7jLPr4tH
HztqUciz9TKPs8jV4R7HHn6kXfpYYmz9VVfLJ3vCV5v
GD9Dx84Rzr6qLJKoZqQFZn2Yzf1NyPFbQeSRZqU56f8z
Cpg4r5owVcE5DQBDcGDHrfguhTJksJ7y4chYP2GbfKi1
Ci1Yh26YpzkLQvnbgh6H3fDmuwyj5GaxcJBLNNMocmy4
9mDT5a5L4kufHPDavPnSN8y8iuRZQW4nSAAoZzGAVEtG
EzEaUhktXVYWhvDN1qra4DikNBNgdJF1CzuRrHRh8xZB
FYgH6TXkRYjxTmcyfLSXxu2ydf1ZRrQYiWANAMoMhpmD
6TMaNDjid9dnwhwue3yFyP16zhBJy2uTm4nJr2sQBiRX
7PBW5ffxTpu2BP8PgR4Yf2hfj46fnG72V2bRPAsNapXY
AMnL53CPuiU2GeuGXE6kVj4s7zahgodv2p11tnT57jCC
6ykYU3fWNQnoNunJKDLSVSZWCMPoajoE8EVNzKCYs9qT
619orKwaqxzLbhGEfRzSErV4XFZ8wisw9LtczU42jy21
4mEYrNREBxDWynMnTULsXWjrFCsXeFtaajjhAQkY5Z29
8iFRxf3KinD85BWb5JJEXAJdVSrFQqo8xoxbA93LtG26
BKiqn4ZXY4k79B1aMRcBvxguGxB1RNiWbNza8tAkChSU
7Utjn9SDMwnHV56hqvi9TwoEPTvPG839oBLQxuMwVZdX
DajLww9JAzbHx6VNacZZWYKQfUukB9bibGRcwwHs7e3P
829BKNTgpHCJWvjb6KnJDfkxjPEMtxe78szaFRaojyLu
EmRz91jPDewhvat9viT2tCUM3p8jgUcZEBqJYGasMpmS
AeSqe319BHz6WWDFXvwbjwdHxoVuSbu8Uor2YydjRPPV
Bcpg8YVzqUNPHxeaqrBDdm8Q1euWN2DaQRmU6Y6pWosC
8sXrWe21kjtb5M1rh1hfSM2FvRnnnmz7LrU6VqhRr7bD
5d95ZghUcfxxnom9WJL6yJMQ43EZ3BWTts4WsQmZssJF
4s6Zd5NFrc4WY1NgeV7ezFyAqg3ZTxcif9b3PHACuM1a
8eqvPBG3bHFpRfHCxKi7UBPcxUopXyhDMEH9r3Fg9QcX
J3mZu4RgKUaoVefj2dJPH5sVwvySH6aEna2fgbvSWFM2
64jCYfpbcVRvVUbntgfNVxNMhFXFXWD19NQr1663MB36
97xAKp8FjyXkiYqTtYWN9ArD7KxTevzaCAo7VCcwLAsK
Cm8cYtgtfyULCzisqUnMg68aqqi12PGZScouQfJRfrG3
FmYhwj8TeXSLxEG8KT5JmGy7Zq6Z1PwLd4wToBpiDdG9
DFwfp6gHgRuAUsKeoyPYfkLjxgRLGXUHfFpLT4BjPmgz
2bDivBEd32wyy7u38epih6FsxdBF6Sf9NUBRqsLoXoMU
2Knz5oKP4VsjF9PkA7WCyZWZsBig6zZMcp9FH6aRLwjP
DCaxpYXpNxUxFcaaGVfVY7dYHT2BuBPdLAssdvCqrSsd
Gpe5fe5Rzrh4kTQn7g28S7f3xctjs9DzseXi33FTMYAh
Hu4wnwkntoqsSdQgMwvpGzkAKsrVLhNn9A3ooRoDiJc9
Hbvnwkhof7tPGPpJ461QTt5ZLejyK2aC3LRsMTi4vvdZ
E9H7HKLyFC5Q9rrvkdKorPt9QfF9GVCUfVSVCRN2LTew
8L2EBRmJBEFKmJ3mf5GjTCqkRYXTGcN1rMphhus8Mgyg
Hew6XJcEjQAx2Pi4GWogr68dmbST24g9xtumKBqvhkdL
3VWia87hNkxgg51heFc9z1GtZdmSuC63RGtFe98Nnsbb
51oET2dy4vCmZ1JMGYR9hbsvsLng1vcLD6z2AZp1uq1j
47gLPvVLGjgJsPRHF1ggWgYCuUqrwhYjZKqMYTQMRBoX
5BJk1ofZjidQww1TdY4HfhtnZvQUpcRG9FExy6dtE5BC
4TDr9PnmK1ayxwkxRJjEubvvcrvGdkez6Weq6MUgsrZJ
BzHu964qt7p6KW5Fx93E4VR2xYuTit3NMxAncrLc7gj4
CD878a1aCM2UQ34sMo6Ub6hakpxSeiRCsFksMcDrh5NP
Hbvnwkhof7tPGPpJ461QTt5ZLejyK2aC3LRsMTi4vvdZ
E4nDoRPHAJki7vcpExGKqMA925L1WBZD7Ap6rQkvNKFL
HgsCCxAUvN3BoFQiHTBRLHenSpao5TgvYZKKWBU1Gr8c
8Q4LCYjz3G3yP7qK9ZyeysbaU6tjV518pwjBmeEKcuwC
CdXU3s7AFPSoqAdSq4fTXsDeTvgeiVv61kgSYDLDL2DF
Mxe7R36xxFThVHvPGvgYPSpsiEnCByQQ2dUfvaq67di
GvgiXZVd6daLeWe5mDu9ydVNAXfMGzyindjeUMEGBuqT
AgPhAsvcwPfT8bcAQxfyvymHdS9enkCzHDZP67ihS5YM
FHBmdWMbSEunqmkmoK5wgYeSEAyzFv2jyuTVMG652NN7
4pusNCEThDajgBSa1RefNdFPYgj5epqCT7pmF2ymHFk6
CWiXLx6juMmaq33BPXGJ1k2DPqzfDyCQWoAsUUe83CqP
7BXvdkZxQ8Qjvhb97NodXvCWHRAcT5uTgjx3ASCbMThT
8BStRWeqCPJPS2hERr7V4mEgdodaJZDTNXVM2Q2AYHr2
FpSrQMhnYa8YRnEQqKstyi8DYsMvET71CPfnmJkBSSP5
9nF2vqusHupTTNgw3quL4f3jorvPdJ8VBPv3Uw1xt3Mv
crpQUfqtr42Y1W5LgZjvjVnEo2nsmXhSuZ1EyomFCDj
8zoP2g6ZAQEFqZoeZaz6rapYcn53jCFHGXJALn7pwpya
4TidbLDsddNzJ1bNjKKP5RBujBAwQkb5Ap7j62RMG4it
EczHAfEajWAwvFQ6t8ns9rqxCr5XQMqqfbZxBBJBZByh
781GzKc6aZPcheyEhmeziGWNgJBhePtVnsRsSCvrvWTC
2mSEEsrV1sQ82J1PztWQJ66GJzy5NeSDuFBozNeBqAqp
CJf8xXpjjrADii5HaMcrmHpB9dENMLXJWUtxxfZCNM3M
CWhmsKsqd8rNLussMP33gG5Fc2KHCSCx81CWeYYXHCBg
CWadVUgoMJKB1RGXK1aF4JrePrjp5veBm4VQLvArW8UL
2Kt2edjA6oMUNsC8kLPH31XJP2vqQZmMPNu2qo6BzuCa
H5FyqzC5iveju1AAZsq1ADQKY4xqgjQnJ5Z2T3W9fTGM
2sG87of1s2nwh6DmHwEkXWWMdK3T9ujFqS2v2L6pcnxM
DRUoMPMVnh4JLiuWDhJXgMPRvpWF5T9yjY4wPY9sxrej
EczHAfEajWAwvFQ6t8ns9rqxCr5XQMqqfbZxBBJBZByh
GiLkreuRj6JsRinbAoaao5bYpXFm89yepNx8TW2NKWmy
4cKqqwoADnQVUAapaq1CrCwpBwbvCSohZPzB8aHooJjk
4C6sbbZdJoEZuk1uQpAJmTNqVccQWLuVCsfttigTajpw
6ozsMcbEkVgbTFEZA8onwtUFVm5sgVG5rJx5VctkdjMM
5VScZFwFzWBBgVhbiayhEfTmDi88mVowUtRP6rCFF5vD
HvqpqPVoiu9xZKggK2bMJzqdG88S5WqKmhRgsafmYRj4
HyS9M9bTt57CkBMAoLcFBvv2WPUDrPehVu9UsSbDdVAv
BonYnj9Fkj98gWF9DP5QDL1szGTCFUgCVhqQzHmnkcS4
FG76su3WQy8KGGWMXpomdj4mfcxmucEdqDxtQvLc3YPS
9TSTbNVMXMAD3hYdoA7jRnKZCWKuKfkm27MKJsfL3JQn
DoteXA4vUkjVyASybdFg5zVtXqDD6Xg5EtAvD2VKHa8o
6w4sP312fQDgCX6kjZZEegmv86Xtyux1kKhnKNsaeHJj
9UFMEJBUzjZBNzqc4FgrcbT2GibMMfpSsMRyFHCMKLE5
893wDAv9yJF5LB4ZKbkJszjsR17QzeDXy6EVnYC2iHbv
9CeQYRt1eK15SUAv8AE6XPhh1ijhBF1dyPdGQGAiCfMx
GD9Dx84Rzr6qLJKoZqQFZn2Yzf1NyPFbQeSRZqU56f8z
CoA6BbArzsu95PbJixBxNezZhgbJnEQN7JUsKW8matcu
5331uBDDCf7HYaZMMZb1hb49zncMsmdwxop5iDueKdDt
GyGgjGQXKDUZ2BWRFGdergYgewnh1aTXsZmKTW2fMyuk
8BStRWeqCPJPS2hERr7V4mEgdodaJZDTNXVM2Q2AYHr2
6mesuhcDT3HnDdd18KWSLf2xapZnk8tmT8EePj6k16Qa
CnP33htGVwKHF4psPq57QnRpiNTgKW58RyceytoX78n2
5sMLzTSrQz5bLwQZAPaky9K8WN3BrUVD16kAgT8sXttz
2n5PbADyQXeCMztD5wnZjF3Nn2w8PmCmqSQ68TT6Q6KX
JAzhRe6JQqqzjwJcbYkBJAnnXnUCHh5MpyRXA52RCw8D
yXYzVF3WnzkUVwwmejoNZkzJiQcn87Ms9avDqFQEuoU
6d6Zmr6fFhPbobXHyYqrzufNjjqxU3navYtbD8SkFcVk
EVjAZPVKEYkecsxz6HpCMv9Zd2SXZ3LAw8TKhvvYBPUM
69ryYKnU4mC4MbaozQ29KmuToNjNDdtRspQZD4Fp1aYx
13zYqAmzH7fSvQ4mnhnZdin4STQHx2RMxDpXA3TfL24w
97gX1w966KwzcUdduZ8WkJm9u6kErjLTEq8U6C5GwjSL
DbYP1EvF6Lk1KZa8t6MzFsoew41wMyXm2DSiJG12x5SZ
6HdUpWzf1NAN7oGo4SreYWoXAL8gLiquXyzDh28NnqZU
hvabitdQRrBVoukkDJbEob9JNBQeGb5UViJyH3xhgYS
f5xLoMwrBmHgyegZPf4z7RASZ42gHrL5srijHipWqRF
G8AvuebU4mSLtCkCMn4PRPsfUZrSkiRH7uCMUShnSZPj
6LqrsZx8J88yXDf1mcZKn1qnFCAZo6YdDgU98cPKx6cN
3p34SKwZuMYk2KX68wedR46QXxzcS2Xm6GtxXHEh4bQc
Ej3Qz7NBHfvcjGp7kRMp8F3EPJdYdpBGHPSJkSGVapzi
2n5PbADyQXeCMztD5wnZjF3Nn2w8PmCmqSQ68TT6Q6KX
4ks8jvtHN8JoWJME2KrPRi54XzDbKeiKXmb3Qy19naip
EzLTcE3HGy5QaXS8vnHFprW5SjpASDk1nkva7qFQS5E5
GJ26FrxxtTwyAAXk3mVyiQmcKzrF1AmYo6xLhhLqcNwY
8kX16Yj2WBCz1sPXcimafGrutQkw3s3Swe9sR3gt3cC2
crpQUfqtr42Y1W5LgZjvjVnEo2nsmXhSuZ1EyomFCDj
9EtkUHCrPyYMMwoByGSB8HUSDRA2pX6t5dfUWeQXQ1nx
D19N9udTVk5VujnBcmki6DTQMnRJCcZYs6yB5w3zk9HS
SKULLV13rVNhZadHCZA2SMRafy6fYRvB6weKEQj3JYY
13tCJSG5dv6JrC26eQvKAHBThhfMfTawY4whVuoDNJJX
3eucHmLaRJzL3d3rzYx94KvxcVhR4ESLo9R9hhb5Snbo
6aVxAU2nNjSUmDkSy5zgavKcZNKGov3xhi6tUPLnULLp
BzNBbPBGkEa1qEcgBvgjkq9vHEXtqeQypxep8Vjrfnhx
D93kp8jmVDxZwo2RgQqumo4hwwwcsHJyKyrv3vow5RWe
DAw7L6BNNJQhszjN95NbQPL77AjMVL5df8R4Kx5FHfc9
9TSTbNVMXMAD3hYdoA7jRnKZCWKuKfkm27MKJsfL3JQn
DskiBpGg3o96hQbRmaBJTnsnLuUMwUVpbmPFWN6WbqA3
52s8BaMAZCAbK7HnNcQ7RzeG2G1pN9kHohkV2ujCngim
AhXCUKu3Ni8sLTRzMkwqp8t46mGFGcbQeC6FyPSjErXL
6zVwbXYmzpxgqTcY6kWo65HqQdoymqZdrK6mQF9BUQed
3eucHmLaRJzL3d3rzYx94KvxcVhR4ESLo9R9hhb5Snbo
EYJeXjaJUxKt61epyz57UgQJXcrQoPRxsuxL637sDX2o
91hkaS99AJJvtMJURkGrGy7SM6Rnvyeg2gM4varE5b5g
BDnE6Yp7d9cJYjWUkQGgYhXcfnJq332wMQM9mDkNNNDp
6ykYU3fWNQnoNunJKDLSVSZWCMPoajoE8EVNzKCYs9qT
GPzFMtZMQNhjTsEXNDuWyWj8yKhMXp4RbPwwUBBXncyX
32n3fn2iwA8q5RemUE42YMmkG5xtzbFipdiaLqejUys4
9fahkUnGgcy9fFpp7oQxHY2DWFzpZcrKYs29sk3sGrcv
3eucHmLaRJzL3d3rzYx94KvxcVhR4ESLo9R9hhb5Snbo
25ycRBGgb8psTBBZtaGH9dpuUmD3C84rSjSf8bUSpcgC
AzLdjL7BWUVEGKqLFYspScK3j5XFZGU2kGsmWHhLBSzS
8bh4SCMC7vs9UDN5uPGTo5NPHLLFeeKaLVvXJt5FUSXh
8V1mVxDXpwzUqtAWGTB4y34Lzgx44nowEF1AaAMtY3Da
k2Hjt7epVuf53zovvsytMxVBLRLVAkkYv9cLuw5aLFd
EB4JmYU2Gd6ErMfZQJ6mC6nYTTcqahAB2kjLNEyRuLEt
H3cPyRGXwmReAMB78A8guetqPJLekVXM5DXK92ueCLfE
DGafXXd6xHAfnYTGpazQkgiG7uFZ3yFisZUUgeiYzA2G
3soRBGBjj4aJnQGvbma22y4dEiaKssiFMygcx6j2h6ap
DcpsVN7wSyh6DYmNBxgkzjUX3PQ8gjUngBCbgEBrJzJY
H5jbQTiL2FVxPihbsds3H5FBDCdm84sXP5on6p5VWNvU
3wKzZCoN25m7RazPfzbLfrUf9n2wLmYFJgfEnB8S1HyF
7bemZABP66hB74Tyw2tLiUeaHLWSprdoS34EknhXaX7w
7BEgnmvPk5kDhc2qeK86GozqqEvmWXcpQH2oDAoJ9fcR
8xnDiEEaExducDAizz1ZFg1cDL6F3rEiG5r3V4g1AxGQ
Fni7b9HLdAL1fPNHLYzQxAyZYN1y7MVKmjxhn8QnyMWH
J8vxiR8o4NvY8wcR46iuSpSAjXhBwGCgrbo5LWA3corc
J8vxiR8o4NvY8wcR46iuSpSAjXhBwGCgrbo5LWA3corc
4Godan2Sq78jyqw1Nd5uaiywo4kbGydy8LUedMnsCBrN
DWaAVXvNg9NcNUPLCwRbAhc8NVmFzSLPQCFuwkxgp9Tk
L7vksHGNsmuNi2yuAz6MVyczJhDBLX1VhmGcZ4EQtiP
F6E232DMEARN5mMD9EcDB9ZCvYtnrciHMwMNxeubJndd
Cm8cYtgtfyULCzisqUnMg68aqqi12PGZScouQfJRfrG3
4rn5JzieBFeXfo3zBp4DCBvGXEYVuyo3FaWW38vtT9SJ
HQdfvZQtRTmyQKftw89qdGkN7qq33JJPdMDK4eiyr57a
C5GvQ1DLsMpmvuA4nmGYfBJAKQiwvRvvsUZxPN6VQAex
87kEqjQQ7S97WAzbbtkDxF5DM7JakX8GqJ3grPkmPnGG
EFpipurDmX4Lgv7V5TobgR6TMnBSZv734pgcZjWNkmfr
5updUQS1RxJZyPFRyJMmVq7vYZnNZTnPUUftoorgyrZc
CoA6BbArzsu95PbJixBxNezZhgbJnEQN7JUsKW8matcu
CxVTTpS8CCmcmp7v7E3VCSq5sX8MbRC7AJFmaD2WAbFb
ecUJkw7ZdMNQg2ExnRjAQTXVov61fJ4E8bxVJcsjgpm
9dBaQDTcw9pGzZreDs1vbB7yj3ptc9sqkPfuBvKcuRYm
Atp6uadUeFADQYrnWBMoBpVkMFhziBLNvQrjFsXadAMo
8BStRWeqCPJPS2hERr7V4mEgdodaJZDTNXVM2Q2AYHr2
9DNpAAGjpAhYNoghkBr6A1vfXPNNwULsi2yeMLZNARAi
Ak5NG9VGzPg6BAmcN9tzhdjhMNqpinPhDbeFFTEn3pfD
4PUwtAXacbv5VUdDgTySR268HgYVan5boSRY2BArVNa4
59gMFGgo8vfgDGnevkpPchjteThHXce4o56qENi68MMc
57KQUnfeRQVhpjuJ1mnVt2QrX86zw3yzBebgigGzafbQ
567yVzp15TNPUpYP47uuv6cK7GGFVnpt3kuGzqyrfMCa
EWC6ESChdBqExhp96XPMLXR65pXP6Ftuh1pPAVws4pmk
3Te7WL9T8ZkENp69sX7wNNZ95kbh1NpXnAZmFxV3aJcr
AfYExBciqT9EnkgRRWtEaGmV5gTbGdu1cFg4WLL5XSco
CZDwr46CGbA1eWigHUaqJ5SRDtzmhYnN9UZtuxbibghC
2xAviNTmLU42Ni8B5Ae2vhs4Yy9X2nJ35AnEDzZgL9cB
13irJYrVSGUxSJz8yPRjCZ9EQPW5Kvnyg5Not7MARjwK
HeozRuyJ9rLGFKeRmU99R9MDASZ66ucSphyep5UxVqvr
7kydoC6HsbpLJ1DgJ5x8QPsnPdbo8F7Eb1HpKWaLNi2
98hCouUM97hPPExNDMzJo4ij2hZ3ouCyRjrLeeXFqCok
51oET2dy4vCmZ1JMGYR9hbsvsLng1vcLD6z2AZp1uq1j
CD878a1aCM2UQ34sMo6Ub6hakpxSeiRCsFksMcDrh5NP
En3kUmaYh1BWHpFhzoR7rgM66ZpUe8EcvauX1P6qaAka
CWiXLx6juMmaq33BPXGJ1k2DPqzfDyCQWoAsUUe83CqP
G5eMiVsAfVcXq3wsQa3nECSQfdJztCXjgiBvMcdQTCRj
CGqyDdLVve1Ws8xLQbxB5spzBhsCVkLw7PzcMrwATiwW
ELtDpKb4eSjm7jDTNxiEmCDoQyTktDzRRArCrD55ccXh
8kX16Yj2WBCz1sPXcimafGrutQkw3s3Swe9sR3gt3cC2
8WYRXiQXQSoAMw8A25HuTiTmkg2Ax5YTaBxmHZk6s5LY
BrZbvWW7ZDDgDnYm4DeMGq75LLtn5JhoU8eYWxearkHF
BcJnHyCQE69Q6CpUZCXh65HpwapbtsgBEREpvuzmwDvs
8E2n55oXJJ88N2k7otqFWXnyWaAYB6J4Rpp4uPw1AZJG
6aHUbjgrRXEu6yMrsYEmv3QM5hs92HaYRGV3tNBjawkF
A1uEtUZUMJ2ZeMX4PTePcAmFN4neXhmxA7SpmrV23vu5
9tcwwRcD5hjm1WfqptPixoNcfUSbRhirBdKUAuVqTqEH
BKSHSTKLPCF8yyaRLryTe4xXsXjZQcCyZ5LjyRSbTudQ
69RxWB494DqxNqfJsj4u2UhZnMmmQ5qL7jwKw9FK1s79
HMjXajEW46a8pFZt22oKFXkuuYUPNM1UGoQznCVaJX7e
4mm8sTJ3Kr3hg852oYJUaAG3o3TjsP3iT1Y2LLdJYTnQ
BVFTQzEas8kMPkcugksaTTuLnQJ8ESxtLryk4ngdyvjU
GryqvMoqZFnmTxVMduzUQt4RtCZZCTKRZwLNuL4KyKsa
aB46Fxk2SNZfw9EcXozb4ZntZNytP7Nwcvua93FrA18
ECsrR9iXZPWKzNtGvm3b5z7aZ3hqPHn5c16VrFhDDvXd
CmKbwqVuv5C67PZYgsyW9W6bTUzBybsJm5kNqHp8M9fR
9LAogbfHVtgX2McBuVERrgyiYUijWzhCrRfMybxU39qN
67zp1qus14QpuwxQJu1NU2qpCb4sir6FqX65DFbc9N6n
6dgB7mmyxzcobztUBo6vGzcYK9yp2e1p5giqrYRHKaS6
4oDdKa3Y3HzXLiZyJAb4rymeqCCkNaPwbUj9Rg49eQnQ
ALhGkUSu6MsAVJSFXecaiUtyjqRTNTkdJknbzdjLyZcU
51oET2dy4vCmZ1JMGYR9hbsvsLng1vcLD6z2AZp1uq1j
35f65TNSasL9GcmRmoPh3XqEsiyFnDknKGBr1qSSeTXR
32jrfQ6h9XrfAjUseyBaRfFfLDUvPWYdm3BunPPkDak9
7UZkyxwnCVVz1P4rQDujdKDVdUCVNEyPiHJiNr2zTLDD
8Nh6zfuhe5Ru4b6LybTh1HHmpgyVZrCQcZv58B6ofdi7
HGyxAmkMVfes2DD5op8uusmGewNyX2xV5eK2c2TEscJZ
GC1rVsYqHxTC8Y5FzDsdXaj1FMGhP19kwZJwy7mMRmVu
C6q2rZjpRSzqX6m9bzWTfqTrPMYSiLgWvkroVGDstHXd
5iY8wUFZwBqf3Y1Qd8ekvuzAyLbvM4uGeg5aX92wg5Vq
Cwu4J6JpYqbyqhZQubxdo7bnL7i9g4fH5qydgfB44CeV
5ssu1FQCAxLQZUbSnFXAuPn2eDaZBTWkc5QBChh2yxAa
4tqfsijhz7fafgUEYt6LSKtBBujckBKoD59pnMLKVnQ9
BNR6YFAu6kn2SgxDZXdwLdWMfgs8SbFyxd2V8d8LPRWe
2HQ1DEj4RuWuJ87QwvGaen8SXZLRSoPZUjQBERgA6zcW
CJf8xXpjjrADii5HaMcrmHpB9dENMLXJWUtxxfZCNM3M
72iyLqRBEodZprs9SeCgFDkt79T8FikU5Moh8vdC6BGy
7P4Bb1pCMuYNveYhg2j445cmTRCEGp2eAAtBQUv7Jz89
4PQMcbeL1FVLQEptoQHkihDryAw8r35PDBSvxeGpqDz5
7duxYnz1tX69fCb1vinry1euxsiqx9tt2qJSg3kFATVF
8BYZdyyBqARFd3NvX7aJ7hEFRFQgBCupVJL88gEmcV2J
GwAn7deEKHk7KoMjDB8EYARt4Q7T94cEehFVeUMXFG5A
CiTk71nLvZajs3NKA3HMgym5nrtZ96XXNGCCv8eVX3HM
5EhvzizkQZW3ADDc59jyVqHdEKgb3u1AiAuCFJLwvYdj
8MkP7izHAshF2PDzVHJnMiXCAqVxERhSaHMZpfezGFzH
DPW2UAVih6KavYPzUebvxrvQECDFD4nmaDy8x7ppcDHD
39YD5rZrsz8mSdtyVCfwaG2cAh5Amq4wDAgqZEtgXLRj
AgPhAsvcwPfT8bcAQxfyvymHdS9enkCzHDZP67ihS5YM
B5wGRziAmbZ6NMGwatX7s3rp9tWzDL3fEJojQwh1JREe
72GAVS85vyaRypoQavWSZ18sjoNWyQscnXx7J9BMupQS
FB6zTrDtPCVpRUyeZkxKzBAtfNLDM2zP2x8LxF4JDJ5T
EAzuPsCQuDDm5EyUeSS9bDbrsDrKejiRNJgLJkRvqAWz
FpQjZzsgNvo5P8y9qtsSeMXERVjL8YUdp6otxhQfH7DU
GZ7dL3aqcVwynsidEqLTUnsHf3iK5wvNFsCEJZvoVXFe
DbqiZ6wRAA7vU6k1dPFN5P6RWymSu6FRpaiyxEYUMPtw
C9u28tV9EcKf6iqCxcQvh8M4fnxtWU27vmS3gVwwVKSm
97CaZv5Ra9pdzVcrtNF9PSZSr9bSB922n7GVC7evRAwa
B2BBBHRthcSzTZPcuJrNcXvSA5Z2wXUi9ZoU1a7aVtcj
iDvudo6j4YuZno7a7QmPvDwDKjS7QzNG4Jx8ZoLZ6bJ
DNCajK5Krr75TyupTG4yrYH475NbVtvyz7hgQkMDkAX1
EczHAfEajWAwvFQ6t8ns9rqxCr5XQMqqfbZxBBJBZByh
DajLww9JAzbHx6VNacZZWYKQfUukB9bibGRcwwHs7e3P
9qiBLq6H5tc9TtMdgwkNF3dt3uPyUbZUEHR3gW631cX1
GXeGYoFthUpUZqVjpCnEyGe8e9yPiPTRftEw9KLPz5Kd
9v9D9kvePLBANY4Zx2PUzn75dHuQMMMcs7mZLYy3gMaF
KWGCXVnaq4KCsHAW79h4RFVbyHQZ4eWht68mJWnmfg5
5AZur4Zx6pdpmu157i8ZjrkEtDH3dPiBSUePZ89tEJy5
9TSTbNVMXMAD3hYdoA7jRnKZCWKuKfkm27MKJsfL3JQn
G8RtxPyG2pdrAhrNRMgg7Hia8imCofdCYxvyWiNG14hx
Gy3kEJ5jeyFPMPpCuuJivAR3gbPLmsBHU8bE1XVQMc6T
J1V66CwKX9NcbN5G8NqbUNH2XFm75zm4qA4omxwKvM2q
BepkyYLmGjCpQC1KYdV3XzkSmTsfx4qrnrzyQrY62zfq
9vff2J53NvedyFvVrAcMwqRaxcQoAYnGPMFBboMRyS7b
6R9szrmo9D9xWK7dY4BVPWzt1XqhFeqjSDQmBAiSjsFG
C226r5YFkP9hMVRwftfGcBKgC2s6JMPt6g59AM8HitEu
Ci25WjrikU27LC2DwuAddmaH873GitAWp6dgNPUVax8U
EMb4AuTJjWPfQ5RJgfGuGh2TgfAR64xtuqU8JX9yXeEX
Fhj2iuFuSzMWTBhST7DHYM6W7z4FgNQH2fZCWph7EK2J
5NeRMVmKVGEzsKS3MqiVS9iJb54hxGVNs96eAhz3afH3
4cUyDakNPeMEZtJPDJGNujWLGF1XNH7WbQnheUEfD2xX
ELNus8jcmWsUAcjDeHGCRGayqy9d7ScR1Eh5e6AUYKRm
5eBNi2JRMNzuusF3w1ELi5GWWUxRPZBnp1ZQs7hRqkbB
xYJDw2GvkT7y1vGXWgmXEnqEqsYMRvhBYPw5CcSRX4x
8kX16Yj2WBCz1sPXcimafGrutQkw3s3Swe9sR3gt3cC2
H1pkEBsTNzdja1iYSziLwEUx42oRYziaG22NYSGDZkGn
3cThpUeMfAAA1g7gS9UcHmexgkEEdpEfP1Y4eej3AiYB
HsYqf2nKv1dHHBB4SD9zsDCjPysa5NeGGUKnwJJ73Pjc
4rKXwsNPoYsP1doRNc7HBeoGUFpR12LzNxurm76om7US
