Transfer 1 tokens
  Sender: CXAdy4zCxQCkKFFpY27sh7MDiVJW7VW35Bu7cF9FZYjU
  Recipient: 5nH4SNp9Hhigqmjd8spT6UyLKN8okssmWJ48uCGfWf3J
  Recipient associated token account: 5PTVsH6mRNaLDK62FuFhR6g9yE3RqXSiEtGZQ3Uy9dsa
  Funding recipient: 5PTVsH6mRNaLDK62FuFhR6g9yE3RqXSiEtGZQ3Uy9dsa (0.00203928 SOL)

Signature: 3zU92sbnTZvLN9vUWyHsFAraRHp77c4izg88CVF7KMRXSi6DpxJ9FfQvS8J5WiSv5JTEt5eFyhF58wU5SB72RERq

Transfer 1 tokens
  Sender: BXz5fdqZT52bAX4nL3d6otpeYUPpgcvCFYNV6MYRnZHD
  Recipient: 8BStRWeqCPJPS2hERr7V4mEgdodaJZDTNXVM2Q2AYHr2
  Recipient associated token account: HQq2zqGxKqpFk3XfxurZkz5iFYaoPCkUkcR2MLA5c5zB
  Funding recipient: HQq2zqGxKqpFk3XfxurZkz5iFYaoPCkUkcR2MLA5c5zB (0.00203928 SOL)

Signature: 2D79Vx6TfY8nxGCYs1TEjLm5rtELnh6mk2Gv3oBTj1PuhrvogoLaB387Th8XVMmuAEiXiRe4VembRAMrJfRza2Pp

Transfer 1 tokens
  Sender: Fkq2LXSEymybLpkoU1buga3vapFezfmuBU7rR8fmL62M
  Recipient: 6w4icVNMPA1ZBy6qgajfQdB5akZGooZHdYF22se1k8qe
  Recipient associated token account: 2NjATNwtABDAArBrtbHCmkC6SbJrc3YLp5TQvqDnkUHP
  Funding recipient: 2NjATNwtABDAArBrtbHCmkC6SbJrc3YLp5TQvqDnkUHP (0.00203928 SOL)

Signature: yqtR211hkYZRufVx6iHZGx5rY3wdQWHyEqCgJGXLBAVmfZRDYfavk7FV4XcJ4c1DW8RZJguCX4PU4WTZ3JGKPcX

Transfer 1 tokens
  Sender: 3rdEK7XdCq7dR1WUc1GGbgXVSgbntjbm4QfEHFZR3Le5
  Recipient: A6nUKymwbvEprYzpQeVhBmjCnxC8dzXyStZUk7SoFX5S
  Recipient associated token account: 96Q75Rs83iqtL6vSiaudZpernissKJZnsnDR3k8zCsbW
  Funding recipient: 96Q75Rs83iqtL6vSiaudZpernissKJZnsnDR3k8zCsbW (0.00203928 SOL)

Signature: 5snHdV8vnDE7NCafT7uR2gpWJWC7fDNRrZGbggqLj5Nnam5impUjfRccaDwy4rQme1MZCjhq5yKQXwGKG7mZMLCz

Transfer 1 tokens
  Sender: 35A6aaECeFGL5JtF9pG1BEDkJrJkWPu7Ywccc4XKRdYC
  Recipient: A11ZfsWQyYhLSueQnb2CcT6qbNgxeX1JDcGZBUvoQ9ck
  Recipient associated token account: C26B4iDeGeLwV3BjYskvWwo9sMbsV4cXcqPjjjGF6sEp
  Funding recipient: C26B4iDeGeLwV3BjYskvWwo9sMbsV4cXcqPjjjGF6sEp (0.00203928 SOL)

Signature: 3enyGPb3y9q1McNUsJ5gDWQ3VEaYNNkT2rH5FbkXJEEFSErXgewcj4T1DyPrHCrM3HgtxtSEnoJEQZcua3bdWQHV

Transfer 1 tokens
  Sender: 3wNC8gGXgTHV4SxFsFERd5R8gLd9CtfqdLDwBrYkPFnV
  Recipient: 8kX16Yj2WBCz1sPXcimafGrutQkw3s3Swe9sR3gt3cC2
  Recipient associated token account: J43xkdX1K11YUaga5quNNjhZ1KTH7C3yUdFGVHYaAeBq
  Funding recipient: J43xkdX1K11YUaga5quNNjhZ1KTH7C3yUdFGVHYaAeBq (0.00203928 SOL)

Signature: 5j1BrpxbF4WhrNMXbWdso1BSFeyq5CLoAvyNTuhwUtFkZfdZT97s7wF24q59Js7yxQkqWoxxBZgw8BLnBpM6iJRu

Transfer 1 tokens
  Sender: 9ZfnAohejvf3TLdU724rQbZzsXRf82qnjauwfmsJFLMA
  Recipient: 28tLPjFZf4K4WCjiQPnveiWAapcB7xXrbySnmgWCNtST
  Recipient associated token account: 2zHuBGapAbpodqBeuZF4A8dzhjCDLxuMJ7G1vF6nPNoS
  Funding recipient: 2zHuBGapAbpodqBeuZF4A8dzhjCDLxuMJ7G1vF6nPNoS (0.00203928 SOL)

Signature: 2wxF6ougvzGfQZJVcjMDoD5AZjwas7av6X1PQz4rEv8vjvuf6NHrecJTiTpFk4GzMEpvM8fDFLuo8hNhLcMtqDJL

Transfer 1 tokens
  Sender: 5Q4CjNByb35eoK3CBjnMfT7C4h5HLz7woVC5f94LziPB
  Recipient: 2n5PbADyQXeCMztD5wnZjF3Nn2w8PmCmqSQ68TT6Q6KX
  Recipient associated token account: 6YUqFw8D6gGe6CgfeVNCet5HfCTpF55vHQLdK1apHLyW
  Funding recipient: 6YUqFw8D6gGe6CgfeVNCet5HfCTpF55vHQLdK1apHLyW (0.00203928 SOL)

Signature: 3SjD2RdRGP5Md9gQBeXm4WDBVVRgj4GKmbVvgvK25L3GsXxmmS6pYXJF6bfruhVReFopMjsc4mAaxokY7AuYbp2p

Transfer 1 tokens
  Sender: 9Q11a2fohVPhynqtsvpvBFh8ik5DDNo9CyLV545zSaBA
  Recipient: 8gChtKNEiUGRjKzmPBiBjeYKzeukEsxY9H8SrBTdRtYH
  Recipient associated token account: BKAxcPGemjkzuFmEqmxYHGsacoCKDSrTJsFbTDLKkFvW
  Funding recipient: BKAxcPGemjkzuFmEqmxYHGsacoCKDSrTJsFbTDLKkFvW (0.00203928 SOL)

Signature: 25Nj6Ra8rM4VnzB9ypUooD2RejHBz9UmtJ1FDFKvkRshAK5z6FevoUFksfDwU2EfaHMB3k89JBngr6C7ypWrnBjh

Transfer 1 tokens
  Sender: CMrB59vZBprBdFku2f9Kgxotf1dzzQSDQTjkmEBCmhBE
  Recipient: 7Th67AaApkgwdoxQyeyYAGoMvTojbfrTmL315gBzKyWf
  Recipient associated token account: EAepDc2fFHEjPggfauYrhYMCYcGaaUC1NLMwK3dvvxaf
  Funding recipient: EAepDc2fFHEjPggfauYrhYMCYcGaaUC1NLMwK3dvvxaf (0.00203928 SOL)

Signature: 2T6i7XjRiYxTTKqfoEfKh99JEwmmKpnqumZGec7vCW52s8oAhrqsmCQeyRip3MVLJsbrjyrcJiNubAGvMjPvgEof

