GcsVSzPUE4gyqHNvtfmzT4VJk8vnqm3gBCocZifAbsSb
996Kb1a7W4mqbR6qxzEDBHJtaJv8bnpWmegLJxMtpg3R
GsmrTBoALiurqDsxcMurQK9EN7pDbi2JewoDhJYH6Wxh
Bs2NRpK5zPhbhchTM2XGqys5uLw4bjZjiWQJW912XwWi
72GAVS85vyaRypoQavWSZ18sjoNWyQscnXx7J9BMupQS
FEFpCkrg3gGRU4dFDdeqvfT3Xtvt1h8Evksmi6F7kaNf
7gq3awy9HeAsSZYeeqDDtZ8CVA3H2GHogBEHYR3JrkFe
421sffF2jARi6Y1VjZtPgwcMqgBvQ6sWWMqoRpscPwoN
45nb485LKf1pEhsTab34JnbBb3wXnAAP3xh98xdzP8Zc
5ssu1FQCAxLQZUbSnFXAuPn2eDaZBTWkc5QBChh2yxAa
2ifaM3CccKUciFZ7RVQ5wxmzzLwdFfwzQwxdNcgw7y5a
8PAp7crFktoaNT13QTvxhrQbjC5vdQhPtCGKPuABSJus
vqk4rNkuaHbPHqCEf58R1na7QR7VFsZeYVqwxATJpRx
5LsYixox5LC5iw1axsSMey1g9wyM9d3BK3MYTXu8pdsk
GYFMpYCnMXUUt64K4rgiKn8FGKpJA5JQqxRLsq8ig9jY
Btau7MUs5r6m2AjhBNFEZU2ay7Fa6fPCb8tke2ey4Czw
BVFTQzEas8kMPkcugksaTTuLnQJ8ESxtLryk4ngdyvjU
ELNus8jcmWsUAcjDeHGCRGayqy9d7ScR1Eh5e6AUYKRm
4LBUPX7zfGzqdho666K4ueu9kipXkQFoCpNCYmQwdVmi
gNEt8EeWqdcSpebQXZ8YVnBC9k5yKp2WGvnA9HR8RzQ
4ReyBodSJygchFFm6tHfvGQdBvhrCr3UqWTCvUoNyvfZ
Hp1MvurGGDd7xA8zEdntreKcM2opJX5qD1WAApagZDfH
A1uEtUZUMJ2ZeMX4PTePcAmFN4neXhmxA7SpmrV23vu5
51oET2dy4vCmZ1JMGYR9hbsvsLng1vcLD6z2AZp1uq1j
BVFTQzEas8kMPkcugksaTTuLnQJ8ESxtLryk4ngdyvjU
AqYdhTnwzkWtcNvAeGmWwtEmyALUx3gXaRheykSL4Nd6
4NtDfNisGfAYqzXJih2hv4vqKwAd1jhmRZNceLFUzstR
97xAKp8FjyXkiYqTtYWN9ArD7KxTevzaCAo7VCcwLAsK
DWaAVXvNg9NcNUPLCwRbAhc8NVmFzSLPQCFuwkxgp9Tk
7sRAajpNsMhvzyhBut8vX3XgmeQMRcKKX4LqhAvFpg4w
7zjmGaaiKCmopJQ9UQjGKhLKYL3cveL6kCkXawCvFdJE
AhPQvgGaw6HDEKcddqARpTjBHYeWCinNQ7J2qo9WgTHy
CVv8iAZGsd2sHVsX1vo2iT72uBDNLsuGNjxSAxFNNSCX
5dNGzQh9sonyFUcTHrH6wiCczokUMSc79miMEysyVYjK
FEFpCkrg3gGRU4dFDdeqvfT3Xtvt1h8Evksmi6F7kaNf
6CfjjT5Cyy2RNgn3wiGSuU1Q2VhrvHo9DxbMPwotzeUo
GdAwgwBuEYL4gaaxT6pue4iBGXs1PbRXyyT4aF5GFEJE
FryJS4Ynb1kAMfZ3U2xBiajSkkWiaxo9fWULZxzgQ5P6
97xAKp8FjyXkiYqTtYWN9ArD7KxTevzaCAo7VCcwLAsK
4cKqqwoADnQVUAapaq1CrCwpBwbvCSohZPzB8aHooJjk
BMSTukA9vm2ohgiX58SPutotkNs8C7Kmcztk2zNvSRJ8
CcX8b5nicdDQ9wk7uiAxMy9w5FSoqp5PJ8EYghTrmNSD
F1soxhJkD3Rhopsk9pXpkJf3AYJhMAcqQdRdzH8VgKFd
8W2RB1Px9gingSBCsdXJgrNNQwDkRVVaagVcWx7zoSvd
996Kb1a7W4mqbR6qxzEDBHJtaJv8bnpWmegLJxMtpg3R
CouXWGiJFwD3Tuw5Vj8frECvVYy5kHQDZQJCbmJmJhkj
7iGCFYLUJczcHwpUnCCK5QFBCvYwznnj82RoYQQnWu6d
Cwu4J6JpYqbyqhZQubxdo7bnL7i9g4fH5qydgfB44CeV
5zYWovYn9kdMX9wHovwxMFJCCzwwykBY4pp4eEhCAt6v
24FmjG8Luc1cTcyDpC4uT5NahaKH8N5nr8M4AroYMPyo
J8ZBro2DJN3F1JvDKQN2PYaFoh2TTiZ5G34TMGDtRtPn
HpcYvvyNRzva7uCvN1HRBUBrou4TW1i42oXYPkkXN6tU
5vEyraHzZCP5yM5SMv4r1n8MGsSQeP5Mh1o6TXoWAvfk
AEUto3eFWHLAmmVRq3Vo2fmHXwte525jQGG6D7pN4RRd
5teVpxsERcfTDt7bSshLo21N4p5tRYfhNhL2b3PePCfy
27cqEXSTJMkekieAuUN4CBz5pUUbmTwJw46LzbSnwpvn
84tYj5QuBQNDVsFXiEPMZddVTtAspbAJ8oRbXsLwoS8x
HXFXWxrQhrwFt8RPa79CcM5R8TsjzChsrrZQBX5ivZEK
C91QVSPebG5w5SP8Wg97bqfnnNfG6j9QDuTFC5EM25jz
GChoRaGhcY1EPPaqoZ57TcpmBD1ECoGPxqkPE8zg9DSX
Gpe5fe5Rzrh4kTQn7g28S7f3xctjs9DzseXi33FTMYAh
CTgsPYyBkYwMZDvBNCJVukzHRkM5M2JH7ceVPWrRvFC8
BBcnpuGSbDbMhZHugVRhURmfdFWkieXskLyHvqcFMsbT
BQ6W2opUUbyd3mVpTX1NRgFWgqBxyt3FSLfSR6TXQRug
BEv2CyGCrqdViM17WKqTmnseHoPuAyspHGbTYN7AwxY1
24KTbB8scEzVes7XjqeXc3mQa2QTDXRxjgQRpCVm7RjT
92cQnCMBkPL8DmE4xYQXJVAQ8EXk3moXXVHaM2zQT4uj
H7tS6xQ6Yv6v7orxezqmf52vu7LjqSTmUXKwX2zVHmjE
8zfdGUKpemtzs2Ypb8reoN3A43o1ZkbwFCBNzpUeFeUo
AzmgakTxLAutgbcNkxi3S4M6MvuZvwcrzMc43ErMFk4h
EAdQAdc25Cbyyo6pEjPc3v8tJyTnBNsF9VJJd49RvzoS
7gZnusx9yjnAcDeXCnMrvCHHcKnnfR2jmHWvpNBMZA6r
CBs38GrLkRKrf6ciZkBbD14BmW43nLB5Hj4BX7UkNhLF
FbX2HLXoWtj5iCSUwWVJS7NgrRFa1f635jhUu6TDdqH8
Cm8cYtgtfyULCzisqUnMg68aqqi12PGZScouQfJRfrG3
