Transfer 1 tokens
  Sender: 6gRg9LoU2UHtHBvpuR6L1xiFTxD9mEz4jK6fua3rooem
  Recipient: 7P4Bb1pCMuYNveYhg2j445cmTRCEGp2eAAtBQUv7Jz89
  Recipient associated token account: 7sJxvoBNXsGq3pd7TN5jnYiyR3mbqpvisGHPBuBVaCV5
  Funding recipient: 7sJxvoBNXsGq3pd7TN5jnYiyR3mbqpvisGHPBuBVaCV5 (0.00203928 SOL)

Signature: b2Rp5GxdKEQ2aCWiwoDvoRbpkoQKWmDZHpbMSVCk2iLVMBhVSHnwTQzERM48ffWLMjcXUfs9CaZH3gtK9JgCEZn

Transfer 1 tokens
  Sender: 5YdANWTJg3caCoCcWehsMW7dqK2Whzrf6FHiERPPR3gW
  Recipient: CumYefVSPthoWVkFpTjj2AYgTybrfhHPhzXr5b8dPqaY
  Recipient associated token account: 7P99HaH3ANnMAYttfRo6a643zvotpD6LvDW97H5josL3
  Funding recipient: 7P99HaH3ANnMAYttfRo6a643zvotpD6LvDW97H5josL3 (0.00203928 SOL)

Signature: 5e2dbW93wZLr3R1gyfujKm24J9PnK3snXpSY4CcnCRo8r4J1QTYcN1HGfnE6ebTbNU2Lx1thSXWUTXjV9NaerwW3

Transfer 1 tokens
  Sender: G4EQiHeV45sMrRqpQwyWCHaYdUi1aJtyMqBxMjQdidgM
  Recipient: GpnKen3QMaLc1CzFsoy8UbcbPwEXRXb5k2qTkTcUa3RX
  Recipient associated token account: EgHDRsK63A3J8WSHKycWZJsAi3CCB8pVkQH9jo8copNe
  Funding recipient: EgHDRsK63A3J8WSHKycWZJsAi3CCB8pVkQH9jo8copNe (0.00203928 SOL)

Signature: 5FLEW1bombyGMNx4GWvL1tbzv4e6JCbowwjFNr5mfT9iLPEMYvxmeUohVXhqbX5AsYN8PmpPmyW82CTSyF7KxzzU

Transfer 1 tokens
  Sender: 7d19V1DouZ9St53QnCJ4AojJKhkMuVFX42AYYiR2hDq6
  Recipient: 7ArFwqJEMXimhpPUfdZViXdVNkKdEG9q5hurjAx4fq83
  Recipient associated token account: AqWUeXCY7RFL2xwPrhYHGVnj9wX9a9qeQLZNru3DghiB
  Funding recipient: AqWUeXCY7RFL2xwPrhYHGVnj9wX9a9qeQLZNru3DghiB (0.00203928 SOL)

Signature: Rzw6aUor2WnVfk3z8VavvHypYvU4CRTPFFBwH2ojjkJ4ZGHAZ3X3WbLgkJunPmc4YD4c6BW9QJzpscNRejHnF3L

Transfer 1 tokens
  Sender: 9KhYU3S7U79ku2TT8FLmStFTHfGv8q5nVvZJQMDK9deL
  Recipient: 9GgHQuQmwWmiha11pUgm6ywqQHjqMYiN6FbHkhUUy69p
  Recipient associated token account: HcXDNWuAFyDhpS7PbFm7S7Um16YfCn9eyM9TLExwCEQw
  Funding recipient: HcXDNWuAFyDhpS7PbFm7S7Um16YfCn9eyM9TLExwCEQw (0.00203928 SOL)

Signature: 4c4jgtNSKNT59ciWFLz55cWw5yrNECyiq16X81EVojmcUintURAAuacfw16FryY56pzmxWwsxczTEQ2DhHD6hH46

Transfer 1 tokens
  Sender: 4V51puqyXwEs89EmbXD8Wc9nKfgE4Ezk3PuyWUw1qxti
  Recipient: 4cUyDakNPeMEZtJPDJGNujWLGF1XNH7WbQnheUEfD2xX
  Recipient associated token account: 4bmP2YbgHwusCn4QkBS7U8Zr4XvaeAZ3L77b5rv5ZTJb
  Funding recipient: 4bmP2YbgHwusCn4QkBS7U8Zr4XvaeAZ3L77b5rv5ZTJb (0.00203928 SOL)

Signature: 4iHrhmCAp17RgRXd6yaf2fEwC4BnanA25HrWu9d8zSiM1uhVbKiVpGPwY2FQa66jSi2eABJoSCTn47p5ZJ6aqG9d

Transfer 1 tokens
  Sender: 3JsD5m18PCmpdMJSQHb726vHoxBqABM2TMmC2ta7pwyv
  Recipient: AZrbwsZxCsxQLYxvTyVckzFYCXDzBEYc5JpRw1wXU5Gy
  Recipient associated token account: 4y1fkwxgUipGPMn5bdGv4ZLoJ5hWDs5j5t91dQGucFoK
  Funding recipient: 4y1fkwxgUipGPMn5bdGv4ZLoJ5hWDs5j5t91dQGucFoK (0.00203928 SOL)

Signature: oAEd4bBVDrqeEDVxAFejknsPKw2heYR8FPn2DasgThpbZhgfgs8SvUwjmCgKxz6LLNsFxCuCXngxCuCmanV1EEh

Transfer 1 tokens
  Sender: 6APREDLLTcv4Rzuih5huddqvSnuLPmwQRzeRA3BCWZUg
  Recipient: B1HcQD9fugxYPPXahV1krS58F2ePQup1VCsfZvJCY3Gs
  Recipient associated token account: 6PfHB66MTV2V4kN9c4qRPbxMccFqWLPox1qp7Ge7CyPH
  Funding recipient: 6PfHB66MTV2V4kN9c4qRPbxMccFqWLPox1qp7Ge7CyPH (0.00203928 SOL)

Signature: 5jM4SLgDYEWrTqsG85cTGHieuFaAQxU2EzYXSysLGqB5nchh9y99oGMEdSaZJbE415CoeAnKWaBza5hRVNssucnj

Transfer 1 tokens
  Sender: 9Gz7xCGV7yfpF7RfwZYJ4NLteJ2Vjjn4YFyso3PetYSN
  Recipient: ETARb2pXXdg6aFC4cdaogcEzGeYU2askpokg5WhjPrXF
  Recipient associated token account: 7pxsGHPv3HALcf5omLcp1euPfwMiJHh97PPwSs443Vdb
  Funding recipient: 7pxsGHPv3HALcf5omLcp1euPfwMiJHh97PPwSs443Vdb (0.00203928 SOL)

Signature: 3hDLEDw6qKuL6Au7dYxEJZcx8gwdL3PwerFXEWKQ6Y3MVpvYSUd47dYBu4vMiHPUxf7MnXhh1nJEcrHfdTwAkGnn

Transfer 1 tokens
  Sender: 9EAvRP7BmKmhhEeHRJw7d9FRFs1vMddR4d8q4ihwmBGg
  Recipient: 2YCagYpRQAbRcPXHzV9Begu4w6VnWz4amVPwhcgMfC2u
  Recipient associated token account: 4P26PCSF9GPjzh6DdaRnTSq3Mgu6vbMmbrQMb8uveGuz
  Funding recipient: 4P26PCSF9GPjzh6DdaRnTSq3Mgu6vbMmbrQMb8uveGuz (0.00203928 SOL)

Signature: 3x33afPGR2rQna4AURvdn6Qe4aPBrfkwLLXxe3Ve8NjY3s4ZRFNBwWqSYy3mjiAmfGeZZoMjJej8aJwCtvXrjLKm

Transfer 1 tokens
  Sender: 6gRg9LoU2UHtHBvpuR6L1xiFTxD9mEz4jK6fua3rooem
  Recipient: 7P4Bb1pCMuYNveYhg2j445cmTRCEGp2eAAtBQUv7Jz89
Transfer 1 tokens
  Sender: 5YdANWTJg3caCoCcWehsMW7dqK2Whzrf6FHiERPPR3gW
  Recipient: CumYefVSPthoWVkFpTjj2AYgTybrfhHPhzXr5b8dPqaY
