Transfer 1 tokens
  Sender: 2EP6YS6ehvYU5JqxAqWfjh8itnK2tFH6xF4X7HrpW5Aw
  Recipient: 51oET2dy4vCmZ1JMGYR9hbsvsLng1vcLD6z2AZp1uq1j
  Recipient associated token account: 9CrAehbJhsrKNgEDqgiEudNaPEL758Dh5uVv8QeBEZKF
  Funding recipient: 9CrAehbJhsrKNgEDqgiEudNaPEL758Dh5uVv8QeBEZKF (0.00203928 SOL)

Signature: 4pxoveNN2SQxSbvnK7ogM6FHS7djEn9wj9mUnpS2W3gwHiQRCebdjTNhUoM88EGPrPQ5RhS4vy6VdQo46bWybcn1

Transfer 1 tokens
  Sender: 8XMjNVeLn1Ascg2JPDw8w7ibP5yL6mRj1sApPmUxn6cD
  Recipient: 8BStRWeqCPJPS2hERr7V4mEgdodaJZDTNXVM2Q2AYHr2
  Recipient associated token account: B6NwRcUMCowQGsH9EPeKTrrKJJL1A9wQuMMdWMvVbTxK
  Funding recipient: B6NwRcUMCowQGsH9EPeKTrrKJJL1A9wQuMMdWMvVbTxK (0.00203928 SOL)

Signature: Z8eZT3H8J7xGBE3Ueqw16EeVrkrisV1GNojowrLSmvkYvP1riB1jbvx31YJGaghBcHP2sjzUQVAYGjbzzM1Q7Us

Transfer 1 tokens
  Sender: Cv1khNTDbyu832DKq3xrcXFyicxnXJ6zFiiG6JvpxWTB
  Recipient: HYpWUkEfCAd3RhybkPRhTXcCMu5vNMm8gge8rgrTwpSo
  Recipient associated token account: FDN1yeJt4arzzwEgeUSQvzSFctsehL8THb95wZ1fhY7t
  Funding recipient: FDN1yeJt4arzzwEgeUSQvzSFctsehL8THb95wZ1fhY7t (0.00203928 SOL)

Signature: 22PNbW8fgY1pFFNcECnCuKn7n4z5U9WpFUJkJPMTTwMDMJgZA5NaYbC3WhwpAF7AhhnFooMCZKHVkk1vDcZ113cB

Transfer 1 tokens
  Sender: J3Dq6pp13bGPZF7PGArmqCjCJQ4VVD25xNnvRZzVgaH5
  Recipient: AEUto3eFWHLAmmVRq3Vo2fmHXwte525jQGG6D7pN4RRd
  Recipient associated token account: 3XY2M4qfAeasbpR4r5Xwafg8DoRzhAGjAoYUNfUj8E4Q
  Funding recipient: 3XY2M4qfAeasbpR4r5Xwafg8DoRzhAGjAoYUNfUj8E4Q (0.00203928 SOL)

Signature: 3jZ5yseR2qdRR6coPqJ37t8azpjPpLfuT4tEHjuPPjKbdeyH9jz8AP316sf9Tvi94JD7mToz4pXnWedEag5oei4h

Transfer 1 tokens
  Sender: 2u2aDn6GyuqqeZrXkTKgxWsLrakiQt66EDV3eMssqMz6
  Recipient: FXEN6VVNF4rdxW7vQLPrhTuUR7kfrFKEgbg3ZWkc4GzQ
  Recipient associated token account: 8aS1C2Y74gpBRLn8YKdJffwnrsJKqTEwiki42if3YyrV
  Funding recipient: 8aS1C2Y74gpBRLn8YKdJffwnrsJKqTEwiki42if3YyrV (0.00203928 SOL)

Signature: 2dcBADHsCNJm1gKJQdfffgpCz5TTNieMrEDw7QwLECKX6XJd6vjYctpA2XJmE3Rx36xAKzJYjwxUb9rkxqSmdM4D

Transfer 1 tokens
  Sender: 538vBiGZ5tTxKf37TfEBae8GoLVXe1x97j9fF937LKFb
  Recipient: VbYkvpozAUngofL2zjKowimvU9QAcAsmLk1UqntuHBk
  Recipient associated token account: 8RFv1fsK2QukvMu4xyrbRgktj7QvGvRxQurXiJsbom9Q
  Funding recipient: 8RFv1fsK2QukvMu4xyrbRgktj7QvGvRxQurXiJsbom9Q (0.00203928 SOL)

Signature: 2FwmMmGghep5emWu5vM5EPVEYPUCyMtTRKDjYhqJfRz9MJDUpM71iXTciQuBVMuGEWP9rmdjFSNXRnXJqbyQZmXN

Transfer 1 tokens
  Sender: 5BG7bgGciFDTizVH55QbmviyeLkUFigpHRbjuw7GcTFu
  Recipient: FSVxZGe2J6Kr92xdQYpP74dxd4uT5Yhbq6s7SPxJF31d
  Recipient associated token account: DRZc9JpRGy1oyVLZJ1UhTSgvMGKBLjPLJZuaZ5Tsq5U2
  Funding recipient: DRZc9JpRGy1oyVLZJ1UhTSgvMGKBLjPLJZuaZ5Tsq5U2 (0.00203928 SOL)

Signature: 4hsMjtnV4gwWTHj4HMy1Cvj8TU8tVNVdPsZHZ1RXU67dt66E7kXYETQdAkbeUFVhrXxfW2RekzPoXBANwDdT6Lx2

Transfer 1 tokens
  Sender: 7nRfCtWmifyRa117nJiuDwyMwG5SbMtZyNCLa9rjnKtY
  Recipient: 32QmPoB6BoGHCAKLMyLv9hHJLiGqfi13oDPw1szudMBo
  Recipient associated token account: JDJrrytc2E2NmJpTxHXBHSrZeBXoG7yY88eRkkgmipgD
  Funding recipient: JDJrrytc2E2NmJpTxHXBHSrZeBXoG7yY88eRkkgmipgD (0.00203928 SOL)

Signature: 4iasGNWvdZuJkzGtn4xMF6UCERYMkmTZ2XKvLtyzm7YJ3KjAJFer58EMFiJu6LwGno2rsxEpKZVoWWiTYfPCgEtc

Transfer 1 tokens
  Sender: 2pPngjrPSjsWuENvMzoVrX4GHPFHkowyePAYyPNRQAnQ
  Recipient: 6ykYU3fWNQnoNunJKDLSVSZWCMPoajoE8EVNzKCYs9qT
  Recipient associated token account: 8983qxsjQKk8bK5pyPMLYhBPHmv6HcPFfdt5SD5SFpVH
  Funding recipient: 8983qxsjQKk8bK5pyPMLYhBPHmv6HcPFfdt5SD5SFpVH (0.00203928 SOL)

Signature: 4zgvgrScBUUEFCrGhqQhKXDPMfzEwwCe7HUTuPCPWh1KAK5bAe82xuxHxd7VtcQ8Zxmd51aqprDBjKmtk88gFDEn

Transfer 1 tokens
  Sender: REMjWwRqFE4RoF9CFjJEotZBnLkCC3cMRcKpMGpgBo2
  Recipient: GX5RwoNCqaZY48qhCdYWJP9c2i2jouT24yw1dDtqZFmn
  Recipient associated token account: HpbpSdVzTsWAbMYSQvuPcqesJ5rynYcx8sKkKhP2DhbM
  Funding recipient: HpbpSdVzTsWAbMYSQvuPcqesJ5rynYcx8sKkKhP2DhbM (0.00203928 SOL)

Signature: 2cpDszPUGbB3zz93jCXNMDm5z9NYRiPkBrjjhJmA85Wwyzp7GmWmRMC6md8LFhNjQVq7uDr4ti9cjcNmKQXZdWfr

