Transfer 1 tokens
  Sender: DnF4SrdacT7k7Lif6QCaWe4pvpjBuhwXkUevKpCCouTp
  Recipient: 7ULJy8FemAuWo3rSUAtbr38XEmXYz8XH9WDHN6aN2Zu
  Recipient associated token account: 85Qf57oqWFgypDaYVAvWXNkxoAXKtTT1kq5Wy2VBof6j
  Funding recipient: 85Qf57oqWFgypDaYVAvWXNkxoAXKtTT1kq5Wy2VBof6j (0.00203928 SOL)

Signature: 5TzjYW6DTXZbNV3pdpidAq1MXVrVw7UDoa3EoEjAVWBv9bymF6dArqXRpu5bmBb44ckL9rKP2KiCXPweNf3MbZpL

Transfer 1 tokens
  Sender: Gznt11dP1yw1s1Rd4FqxY7nJHQMTYM75sXzzyfyBFbjb
  Recipient: Cf4pZaok9wdfp8qTT3RiQZvJE5t638oeQPVekwEJyYrX
  Recipient associated token account: 6AXafEEEKH2HDyzvsde1EWFzcH5LwxNpH6APDsYQYV31
  Funding recipient: 6AXafEEEKH2HDyzvsde1EWFzcH5LwxNpH6APDsYQYV31 (0.00203928 SOL)

Signature: 4BJX6jT89pGUoGxn6sGAPz8WMiJWR2iun9qkJzmen1E7M9UHXF9mTLxALTXtLeuJv8qrTmyKkzTxZYvsBM59kxxS

Transfer 1 tokens
  Sender: 6qZg8A7AMs6zYmFEj9GtGXK3AvhpejNVvKtcx5V9Th9S
  Recipient: BU9GQbSnXQcF59sm5VW5vM4QP138cM6s2vV4p4HhrDjY
  Recipient associated token account: wXADNL5iHNEWFgRVBvtqU3hAXBuUgMjwpK4yvg6DEeB
  Funding recipient: wXADNL5iHNEWFgRVBvtqU3hAXBuUgMjwpK4yvg6DEeB (0.00203928 SOL)

Signature: 5PHhTcEqrZYVuQtqecFCzu8zTpBpnYhBoJg4G2p4oMBg2Bte83juhJysX2qizgstBkxaqA7QnnHqSuSGHguDmfDW

Transfer 1 tokens
  Sender: F27PQs7LFfYLmApNsiGL7v95SiY288RYhu26b5N3Hnav
  Recipient: CA2YSCaxW4spUDYBtTZ5F8HGmFq5wwS8enW92bDM9qDy
  Recipient associated token account: 2E3E236QP6Myw7BAypWyCVGKNFCUQuJ2dotyDsfZvMij
  Funding recipient: 2E3E236QP6Myw7BAypWyCVGKNFCUQuJ2dotyDsfZvMij (0.00203928 SOL)

Signature: 7CkUMhQJ3QCZgEbkfZs7uZiDHYgTem6SBQ4CjU9cEXqPFhRH2uYxtufC3nQcAtDDPC7DQgnkh8qL4hn5ioCv7Q5

Transfer 1 tokens
  Sender: DxmxqFhcMAvanv6KntAXT7ipwzqb1uQtUnfMMVq6WxEC
  Recipient: CYVikdfqKK1SmPasR93k1p6CntrmqGW4YcoSYQQ2TeVp
  Recipient associated token account: D53CKXRnBxxpbENiKYomcC7JvjA5jhfxcsLTw2QNPzbH
  Funding recipient: D53CKXRnBxxpbENiKYomcC7JvjA5jhfxcsLTw2QNPzbH (0.00203928 SOL)

Signature: 3jSJRmujQJhr59ktEzioZj6K6VwtBfd6JvJzqut4VV96TouxBmhc2kpnw2DUWe3ekwVoPT4qYugwq7FTVGfb91mx

Transfer 1 tokens
  Sender: 4MU3bEu71WFzKUy4SW5BKjrkz2nRqBQMStJxWEcwXF8t
  Recipient: 5qLUQwffcHESZuVwjDYfzj7YHbZfhGeeTSiwF2aqEETf
  Recipient associated token account: J2qjd2J5scBuv5tdVxZ4yhYFfbQ59u9H7yDDqh8rd6wn
  Funding recipient: J2qjd2J5scBuv5tdVxZ4yhYFfbQ59u9H7yDDqh8rd6wn (0.00203928 SOL)

Signature: amogkSLc1Yi5Ts6SpWCUsf5NLTGu6XzyA6PjUCaETLfQ8ZS7JuPw5mC1UwSzaKv7V1YfWq4fTksufVF5eJ53jtV

Transfer 1 tokens
  Sender: CtecNxc1aV4AG8xi96oXFcrGNnD2WTN3jt2s3ETk99AL
  Recipient: D33AVStLgB922CBBtPnfdzvrZSRFzoghJvSL1ckPnPzw
  Recipient associated token account: 5yLVYkDoY5sx3ibWtKR14JkJEasE7FBLf8x5W6VSJZMk
  Funding recipient: 5yLVYkDoY5sx3ibWtKR14JkJEasE7FBLf8x5W6VSJZMk (0.00203928 SOL)

Signature: 4JYadYq5sxX3gPD3ELVknYWFmZN9BxaXHqJT3cy8SAGmKTnYfjZzG7xRRZXmMr3ay3LgmV6qKBErQDwJJCLtVxot

Transfer 1 tokens
  Sender: BPcsymmF8L7PotJYqqmxyCqWKVPM4jtkpdfrHafM5KgM
  Recipient: 51oET2dy4vCmZ1JMGYR9hbsvsLng1vcLD6z2AZp1uq1j
  Recipient associated token account: FFRufc6mRJ5pwQBw12zz8fTWShJCLMfBkdw4uQtB7UDk
  Funding recipient: FFRufc6mRJ5pwQBw12zz8fTWShJCLMfBkdw4uQtB7UDk (0.00203928 SOL)
Transfer 1 tokens
  Sender: FiFrq6nCVy8789HB9xFyeph8gMJrnbc4XiwjLbJXLo3j
  Recipient: 7zkQNf8BZiscYvshcUXr75VVFJ1UKS72p896mEVvGZAH
  Recipient associated token account: 4NyC1w9waNeWRsWEaDnXuBEYkZsF6frwTDtUWkAXKg6n
  Funding recipient: 4NyC1w9waNeWRsWEaDnXuBEYkZsF6frwTDtUWkAXKg6n (0.00203928 SOL)

Signature: 46vNwGQ194qyXLVSZLRMsddY4rzPZ6CfDBeEr3Zqh96veMR8rH1fByZHBdnD86DzwEV4LHLohNZe5yQddZvvdzqU

Transfer 1 tokens
  Sender: 7a8huHFguVjyxf6wSP9qK8FsHtFjnTA1nXZtGHySxdch
  Recipient: FxfqPzf1dUCAsfkQLpi9AnjhZzwvpF8NvXSgTBiqQyaD
  Recipient associated token account: DtPqh2CgFtp5fbTWRkqjakuvsSJfYEanXQSz3C3c6i2a
  Funding recipient: DtPqh2CgFtp5fbTWRkqjakuvsSJfYEanXQSz3C3c6i2a (0.00203928 SOL)

Signature: VdC6wczjkeqzLFz1PnHyfSSBXcq3nt5wgS5Ci1k54gt6VWoQEGycZ8q8A1QD5t2ab7xNDub5UQMPqMEE88vuLZ9

