Transfer 1 tokens
  Sender: 36SJjHuvM4RHhq6CALVgBfDSKrp5TE8nGAcgjAvkRxw7
  Recipient: DLGJ9BRUeoh2fcCuvuapfGde1nxUCZZKGCd7UJ7khxiq
  Recipient associated token account: Cuh8PwVUZYs5GbkPfABwXRyXnrfM23V4SZoC7n2bE4VK
  Funding recipient: Cuh8PwVUZYs5GbkPfABwXRyXnrfM23V4SZoC7n2bE4VK (0.00203928 SOL)

Signature: 5pTWeoJ1GC8dWPpMjb46gFLTyUa7jPKm9TVTa3hzjXnwMZ4BRz8XRmJ2puP6G5mg83m7f37CaDbjoTWycTs4FFwn

Transfer 1 tokens
  Sender: 9BuAiUp175UGC8JJqpjC386sCCQMTP7trkZ8unxWmUdK
  Recipient: BTgvyWkuRABn2LY34YAt31JLnnBCRv8WyUAtcr7zLmD
  Recipient associated token account: HRocFwCdi24kvjaXGrbhaksQfkeFeeE1foU3u6LtAqo1
  Funding recipient: HRocFwCdi24kvjaXGrbhaksQfkeFeeE1foU3u6LtAqo1 (0.00203928 SOL)

Signature: 3y7QwB8nW1cGWdc4wJbDotHxcjkjySJp3RFyMiTK2JzDovBeE9yXQwETWsfL6yjB6bTHoF47yg6zBqQQKd6Wazz1

Transfer 1 tokens
  Sender: DJJKbjYH1w432dAqXVeFrhy8EUYRmU2SW144RD6ghFFr
  Recipient: EtXCFk47zcX1u9SYJbxYguo4jkhtHRqGGnnBkpes4uDD
  Recipient associated token account: CUvxiBLzqYEcmk4PUPNYHcCB9FPE17h9XDMq6rejveUn
  Funding recipient: CUvxiBLzqYEcmk4PUPNYHcCB9FPE17h9XDMq6rejveUn (0.00203928 SOL)

Signature: 4AQGfByoxk6iELGVyvxpkXiCJRkViMzSSdDtSsE4Ke6R3qRebMTa8pQWd8ApVVTxyVHtqQSrWLEUWxV2dAfuKk9a

Transfer 1 tokens
  Sender: 7TW8i2jNJAWdRBMEGgdLZ35zqGuoom4rLzAdQtpfghUh
  Recipient: 3aBWozQZJLxjtjXYxRsskHBomafKQJWvy1X9efTC4zqX
  Recipient associated token account: 5bfs6dLTWBF9TTgVYYDUcFXL7yjHBfXPCTgG2hcTQEdQ
  Funding recipient: 5bfs6dLTWBF9TTgVYYDUcFXL7yjHBfXPCTgG2hcTQEdQ (0.00203928 SOL)

Signature: 3oKeVa7gtfxu24g8wCBJDi4cmuDBsb9nuL91hYDgfH3kQqXqPc4sb5T5VmQz8ED4ivyUQJbhYfqCHRSJUjVGm8D8

Transfer 1 tokens
  Sender: AgF4Dkw1x6t9vVmKKQ3vZZDQEoBA2PtfM6X1Yh5k9A4D
  Recipient: 7XsQfSPiMMgSTFFWzFrzTbjeoybmN3NroaQdHpdAzd6a
  Recipient associated token account: 753PSoEqcM5pykkHAqpBT3KtbLdR1jLWi3aCAMgCW7GR
  Funding recipient: 753PSoEqcM5pykkHAqpBT3KtbLdR1jLWi3aCAMgCW7GR (0.00203928 SOL)

Signature: 2wMxiM2a9Kgf6a1SfgFni267czgQQ4CpSG7tR44GT1hgk75vdJtJaPimwCM5cKgiCZVMjJCvvy32Cs6RZxu92YSS

Transfer 1 tokens
  Sender: GEBbHj9cKU4j1knuqQVsA3uxDkc1ygwDvmbKW18ajwLx
  Recipient: EWC6ESChdBqExhp96XPMLXR65pXP6Ftuh1pPAVws4pmk
  Recipient associated token account: CfHABgadWKAqoNzLfbnQWnN6zm7SozQ5yizshcn6DSEo
  Funding recipient: CfHABgadWKAqoNzLfbnQWnN6zm7SozQ5yizshcn6DSEo (0.00203928 SOL)

Signature: 4BX3ifZHafjUd9UbC7RWW86qXMKTcayb7ekciWwyFy3m76XUshQRm3WUDzxtzNPbHqHmeHmuf2YNiM8N8oZofopV

Transfer 1 tokens
  Sender: EhK5FFLLetHjoXrV4cEStjn7Zi1XwVZ3s1TtGQmoAcB6
  Recipient: F9zgbUwXiedzPet32ZBR1uCZ2tLNreRX9FJfL2D16yTd
  Recipient associated token account: 82MTHApcMNVeB54odyMvfjtjwV3gUUDjaKSVdNprWJQp
  Funding recipient: 82MTHApcMNVeB54odyMvfjtjwV3gUUDjaKSVdNprWJQp (0.00203928 SOL)

Signature: 5n2gntvL7uvuMkH3MHax4eA7u3EKjTbQjAjigiqGHSvaH6Ab16tVCTptzdNrkY8DDVBRnGArskH6NWeQqdukNSvG

Transfer 1 tokens
  Sender: AFrNJEzR2yVyuiaYvmzJFnXxafkAwL2vUivGpCGhMMJU
  Recipient: Cj3hddF9BiUu3nKRkSqgtLK4HNPF1wELU4UqhiLtgLL2
  Recipient associated token account: BM2THxPWkjkhEf9xUfXD7zyb7LBXtwTBmBXRzDbSVNXX
  Funding recipient: BM2THxPWkjkhEf9xUfXD7zyb7LBXtwTBmBXRzDbSVNXX (0.00203928 SOL)

Signature: Tnh6fbSRW9f32Vqg9ri7bxeEsHboY9KH1wyJnYZSSP9Cngm8gDnaFVUuKosYbvhsRHnd7ksqktYUKsRRfcnAfhC

Transfer 1 tokens
  Sender: 9gjR96mkBi7FYy99gUDri5Q5FoJe1z8k3t9mkutcNes1
  Recipient: 6KwjyM6Yq9gMGHJL8wGirEBH6hCEaudAGZ5KDsXvKENm
  Recipient associated token account: BSzqvSRqqy6KgUmVPxAHaUH5i4xCHQqgh5ujhDY29YBT
  Funding recipient: BSzqvSRqqy6KgUmVPxAHaUH5i4xCHQqgh5ujhDY29YBT (0.00203928 SOL)

Signature: cc9W2Be6ZCqeizmvg5LzRhXmk7cLqjEpUV3wssdF9GgK2khSmCCuPPjEyB45Zh9juxYgVLALxVFDNeFc2PzrpMk

Transfer 1 tokens
  Sender: 85UaWBJU1FViV6sE93SUL1vfZwLtmaAQcoshWWjWe9Zs
  Recipient: GsmrTBoALiurqDsxcMurQK9EN7pDbi2JewoDhJYH6Wxh
  Recipient associated token account: 36Rxu7sbfLLk7XQyPuFqBE7W2aA2K9DSMGfWzMYPuibr
  Funding recipient: 36Rxu7sbfLLk7XQyPuFqBE7W2aA2K9DSMGfWzMYPuibr (0.00203928 SOL)

Signature: 2kHEKNCS9wfdDodm18JzQaFo2uTtmfqsqdyjQ2jqDvogAFeHcnSpR6bk8V4EkcpCVQfdj25hxHWHhFFCDHocTjAQ

