Transfer 1 tokens
  Sender: 8hwq7NGBaXbKGCiEs4pjC8AEhU9UBK8Sp4p2HWCAFjnr
  Recipient: AgPhAsvcwPfT8bcAQxfyvymHdS9enkCzHDZP67ihS5YM
  Recipient associated token account: FNj5JmVV3F2H1dPwPNwMQcL7VSa4pWgdsiHqNTtwgxbH
  Funding recipient: FNj5JmVV3F2H1dPwPNwMQcL7VSa4pWgdsiHqNTtwgxbH (0.00203928 SOL)

Signature: x62PWLvmmsyzfcZb4eit2LC9Bs3uw7cB34492NzQVpB7ieA5ve8LRCTMQxdJtxzGGBcDXqVugwTp5L2Nby2i59s

Transfer 1 tokens
  Sender: 55BgrXdjRra3BfUmeS41w3DfjTfucfPfAa4Xzqb6XYQ2
  Recipient: Cfh8zzLqs9o8naPDQttdR43Wp4n1v1dRdN6L6KJSaqxe
  Recipient associated token account: 4gGiauHHE7r3WhhoZruA2cCMJF8r3Hhvk7KiKYRBpdPS
  Funding recipient: 4gGiauHHE7r3WhhoZruA2cCMJF8r3Hhvk7KiKYRBpdPS (0.00203928 SOL)

Signature: 315bGYyCWLdeVbsTqT9Rw5Avy9AP39VTb4Gkhc45Zj3r18PCZMGoHF8EjK9t5QYDSed1L75yTNZ4BZRUM33Ntgss

Transfer 1 tokens
  Sender: 6hnso7D9xW1rBpiVkdWwHq2tuVqsoBwuXRy92ShUbUJ5
  Recipient: 4pusNCEThDajgBSa1RefNdFPYgj5epqCT7pmF2ymHFk6
  Recipient associated token account: DBGwUtc1oAtysuMcD6zh6kfED1EUcwkKo55YF6P93FfU
  Funding recipient: DBGwUtc1oAtysuMcD6zh6kfED1EUcwkKo55YF6P93FfU (0.00203928 SOL)

Signature: 2nVYVnzmKZXsAZDWy8dM1AdwsGZAwp4X2dsRsxMxLYmzLzyBR6BhgP1DoW72teD9tNkdexoqAHUdggR1e6vCMwD4

Transfer 1 tokens
  Sender: DnRexn7uSQ4fZbJSWSoUgMhd1i2ikL97UZCx9FH6eP47
  Recipient: 2zYQQRkmd7kt5CJnPDMoykW67cLWtoHp11jzQdjbTHd3
  Recipient associated token account: 9iwVwxsSHZvZGk8rdw22vw5esmqvKLNLjE7Khw1K3iy
  Funding recipient: 9iwVwxsSHZvZGk8rdw22vw5esmqvKLNLjE7Khw1K3iy (0.00203928 SOL)

Signature: 2QEJ8A6FJ1qyy9o53VGiLjb6AS7ZeJoApQknhFiBxBMzBbnMTGFyYK2j6jeyCMknPVFh5pPjK57Y3TGFGpptrJEy

Transfer 1 tokens
  Sender: 559HMpfBGGpRnRJEHnXFhsv5PoL97mmMX4yb45CvcHcV
  Recipient: DDFK1TZQtwAfQJ6UypBx3CwnhYT7hwVnMyoxupBU3HfU
  Recipient associated token account: CHuum9h4XDLrom9BaK1ez2RYtSyiFhpqWX7Repp6EGur
  Funding recipient: CHuum9h4XDLrom9BaK1ez2RYtSyiFhpqWX7Repp6EGur (0.00203928 SOL)

Signature: hTcfYbLBTKiHVWVd44ogckhjGc2EHDpbexmMnPEynshaUQKvDcRJnRkwnNbYR928gaoknRuGYq6sFzpq3cZ3FZe

Transfer 1 tokens
  Sender: CML9L3QSwyU4bph7FvxvNzKaWoDEyhY7W6i3rbJjibxY
  Recipient: j8oLFiDm5Eiy873RNtY2Z56b1DVZrW8i67mTR1BLsLn
  Recipient associated token account: 2kAah6R7pQv7D4bBydjHSjjVk2d2MzMVoLdXUZBZSCf5
  Funding recipient: 2kAah6R7pQv7D4bBydjHSjjVk2d2MzMVoLdXUZBZSCf5 (0.00203928 SOL)

Signature: 31d1iTuKTg1VDX7Tzsiu19TjzWiiXhepJdHUEicJuzTKTaxjri7JSBGMCSfYaj9HUjUhk2cJqU3pYFCYB4Msa3vx

Transfer 1 tokens
  Sender: ALkfGH6bv1s7rk2o14p3iyDkYmEUm6NFrBLRpqArhVx
  Recipient: 7vAg7NxpWJjA9eTFneNemmB1ddsUowy7bbaDECFu4AH2
  Recipient associated token account: BWmrYiGAyZwXKJf5omBVgFfV3BYb4AJFVCp5crcjXAWH
  Funding recipient: BWmrYiGAyZwXKJf5omBVgFfV3BYb4AJFVCp5crcjXAWH (0.00203928 SOL)

Signature: 5nMzFnLoAjj8Yin6o7xqohchuDn8YBTr71nVKHmAQ6rfyLTVTLtkNNDS9KwWiJKB9odXN7TYJpSyFpuPbNxFgP6v

Transfer 1 tokens
  Sender: 7oVT75m5dwRRdyUMGyA5DXcMBXGC3GkiP6JfuFjkjZv3
  Recipient: 51oET2dy4vCmZ1JMGYR9hbsvsLng1vcLD6z2AZp1uq1j
  Recipient associated token account: 4amG62K4WwreFemV53vMm4GqtACL47AN1cUgacMRZxhx
  Funding recipient: 4amG62K4WwreFemV53vMm4GqtACL47AN1cUgacMRZxhx (0.00203928 SOL)

Signature: 3ehvyDhgWDSgnBrUXdcq5qryBuA7VjR2nTr9EKzchq4RNaNJwKinu9czxKLNxqSNLAPHvhkpaqyTJLjqXrRBiyNQ

Transfer 1 tokens
  Sender: ESRULdjDTKKhVpkMLjRNe9dvMHTc9KUEBZHNdGCgpYfs
  Recipient: CscfVynGt6z23oaULLsRfukiJWRkSKKZzMvk5JFX5wgo
  Recipient associated token account: 13ULNTnwfo2f3kVrjCyesYMNMhDQY7kGQXyuuyStAmqc
  Funding recipient: 13ULNTnwfo2f3kVrjCyesYMNMhDQY7kGQXyuuyStAmqc (0.00203928 SOL)

Signature: mN3w7VXNiLjtSQUCykZGmfk91myCpuszn3rEfmPbfvuFwbZnXHPRJ5m21ErL4B1YPXydHwoHiCcEMmrYvaHbdZ8

Transfer 1 tokens
  Sender: 4pxK8PqFEiFCBHr5qXcwjm7SsgsVeVdSYLShTUoPWgdS
  Recipient: 6RQ64dcHCYaEDEEQ3mFAkD7FJKky2mKh59fT7neYvVnP
  Recipient associated token account: GRFjXw15Yhgk6RVdPkdAcYnai591kH8xCMKxCFGvut4r
  Funding recipient: GRFjXw15Yhgk6RVdPkdAcYnai591kH8xCMKxCFGvut4r (0.00203928 SOL)

Signature: sgbx8mDtzyLp81FQdEAZfxxZ7iKEMgqerNonXymLQVAGA3THfqaY6hgiBm3MciYsee1x8GdLNXHEc2i6pQSxpRu

