Transfer 1 tokens
  Sender: DdeMQVVdhx6kLwiiV4aTvpA1NFgRpCLJMeu9HRs11hSL
  Recipient: Cj3hddF9BiUu3nKRkSqgtLK4HNPF1wELU4UqhiLtgLL2
  Recipient associated token account: Aj2kK2CNs8aJEWRD98GKtiB5SLCFQmfmLxSj15vkdGec
  Funding recipient: Aj2kK2CNs8aJEWRD98GKtiB5SLCFQmfmLxSj15vkdGec (0.00203928 SOL)

Signature: 3hFrS1LqpVbzR2YdbWQEjWufePj4xLRRAE71F7SKrcbEAK4AVpvsDwXDLwYXBCiJ3CBhMw1LLSVttedHeA4tX4Ec

Transfer 1 tokens
  Sender: 5aVPWb9HnSwyGjfGCNVCKAn6XavR4y8yNzx5iYi4mqBB
  Recipient: ApmLGLPgRVcQ5faNWkjQdCnZsEP8HpzvDfgD2NicGz7M
  Recipient associated token account: 6FB1zzLZwqxVejWPAmR2HcvFctj4jK5cPzLERSo6UseG
  Funding recipient: 6FB1zzLZwqxVejWPAmR2HcvFctj4jK5cPzLERSo6UseG (0.00203928 SOL)

Signature: 3wLizGNK8MuCyVJxTZwnd9KJUYJAkgHWg6ymcBqohYKQPDcy1CqzZPa9dZ4WcYmC8kGL78uwS17gr6HtvtBBiWBp

Transfer 1 tokens
  Sender: D44WS4m7KtEgGip3qNNmC5N4CnseieYztiavgF7igzd7
  Recipient: 45kyqFLPivyisDntfumXwFiEqtFSmHZbAhsy5u4qx4Xq
  Recipient associated token account: FarNsYtYnTJARj3jFs6n8QYmMUz5xXCmUxGSNMqCJZzh
  Funding recipient: FarNsYtYnTJARj3jFs6n8QYmMUz5xXCmUxGSNMqCJZzh (0.00203928 SOL)

Signature: rXkRbvS3wUX72MMCA14caWNABsw6iY3f4GqkYv4ZutiYKug68Soh72H4Xs22JumysK2wjexgtf65R5AjrF38k4N

Transfer 1 tokens
  Sender: HWs97eRJ4YFFgg8NDNPUPL5EGoXK1fv9wS2rTsNngmkK
  Recipient: BVFTQzEas8kMPkcugksaTTuLnQJ8ESxtLryk4ngdyvjU
  Recipient associated token account: 7u2JvyzXuNxZMmTpBLwtbugcPA611TM5cd73ZcdafQCV
  Funding recipient: 7u2JvyzXuNxZMmTpBLwtbugcPA611TM5cd73ZcdafQCV (0.00203928 SOL)

Signature: 4uP96pLgmQeWaJ2aTswZckVgjsgwr7nBQNf6d8ASeW7Weo5ksyw8SMUK9NwVo6U92TZ6XWq4PxkgVWg5bG9ZcxJw

Transfer 1 tokens
  Sender: J94BfrM85kXrEU4ZWCHabVMdH11Hi7fU9Rv7QdDxibx5
  Recipient: kH6pLY89S87HmX48h8wdu5WR1uQXY2GBzgA2r751F1G
  Recipient associated token account: F2Wisx426ipQcuWhTmdyrnVwodkuacHHY4Aw1fdWXMBg
  Funding recipient: F2Wisx426ipQcuWhTmdyrnVwodkuacHHY4Aw1fdWXMBg (0.00203928 SOL)

Signature: 3Arr5g1VhtLasgVPLe4zTbHoV8Cf7wZnN9aPkaVaKJ5TqJSk4VERcUgibSBeGe4BQ4WKnyuWSStV6htd5Yxzz7od

Transfer 1 tokens
  Sender: HAWZCXdxDbAMC9EUkncbwr5PDde6kWKfWd5GpNEFEffA
  Recipient: 9cQepRHEXLZC2F2ncuK9HY6b228dQ7HNCuxZatWZXsNe
  Recipient associated token account: BjzqMX1J7qcgTc5hekjDvtfDTepxeFQxLu5x8yBYLWZd
  Funding recipient: BjzqMX1J7qcgTc5hekjDvtfDTepxeFQxLu5x8yBYLWZd (0.00203928 SOL)

Signature: 3QW7o1X7pFCKSEqHB1hFx7NoGZkqsBDnsHxJEUXsG8XUYzdEHD1mDckcc34FKjffYXcBiBekpMBoxyRoHDepDwRL

Transfer 1 tokens
  Sender: 5aXQxXAbULfSSGQnRvje9dSQcW5NYt7a9YZD1Xu5vibz
  Recipient: AgPhAsvcwPfT8bcAQxfyvymHdS9enkCzHDZP67ihS5YM
  Recipient associated token account: AK7s7JgsLRyHGMc9VhR3naqooHrb1ynrT6ihHEnjKb5q
  Funding recipient: AK7s7JgsLRyHGMc9VhR3naqooHrb1ynrT6ihHEnjKb5q (0.00203928 SOL)

Signature: 3VozaGsg8Y8ijVUhJ6RcAZCk39WkVZ2mrRS934nJ3sSipUgg87Jwtno73ZUXRqPwNGaQcY92JMgHTgmr92MFG3Hd

Transfer 1 tokens
  Sender: 5JEfuiZ1hVoXDUk7vqGEj778GeGQ92ZjjLP8js5sFaud
  Recipient: 6aVxAU2nNjSUmDkSy5zgavKcZNKGov3xhi6tUPLnULLp
  Recipient associated token account: CUtShWYajSaByqXHfvf4sReKSKuPtx73T8NBUXGfEGAm
  Funding recipient: CUtShWYajSaByqXHfvf4sReKSKuPtx73T8NBUXGfEGAm (0.00203928 SOL)

Signature: 5M9fw4ujHqHW4TjQNeuCXibwLMbUby9yr5HzAV4dj8JeBJGTGU9XD7W8bttJB2izB8xHDMrbxez7wkbVeQuzCXSV

Transfer 1 tokens
  Sender: 5rodurhR9ARhNuv9RDGP9bthxJ5qxVh3Pnudv9zV7ja4
  Recipient: FpSrQMhnYa8YRnEQqKstyi8DYsMvET71CPfnmJkBSSP5
  Recipient associated token account: DJ3g9NwmzbuZMvRLtW21HSaGsVZVLxuXkiKWchzK367Y
  Funding recipient: DJ3g9NwmzbuZMvRLtW21HSaGsVZVLxuXkiKWchzK367Y (0.00203928 SOL)

Signature: TsFnsdYZmten8BzXKkKFtdNq9K9PRvMJwiQf6gWJncunvk8MYrJ9EacQhMEBqFuNRLh9TgaKqaypkcmvAypnA1K

Transfer 1 tokens
  Sender: CoMsTyvXNTjiKSmuszQcR3rHEcxXLZVE9YLKxdsNTD7U
  Recipient: CfLt5YAXgYjwnbguVZZXFMShycUbPEcQBmkTnfLPYt2j
  Recipient associated token account: 4dTJFMw8jKsUVCFeHcsQuaPNW4ZzyURRYH9yTtsJMC6K
  Funding recipient: 4dTJFMw8jKsUVCFeHcsQuaPNW4ZzyURRYH9yTtsJMC6K (0.00203928 SOL)

Signature: 5ZJzn1KDT2nYs8oUEAtdsC9wR7r76fpMJ8q2XtizZPcCC4ctRvDTtYrLA4Tvzini9z3VBjpTNtX91mspQXBn9YLE

Transfer 1 tokens
  Sender: HWs97eRJ4YFFgg8NDNPUPL5EGoXK1fv9wS2rTsNngmkK
  Recipient: BVFTQzEas8kMPkcugksaTTuLnQJ8ESxtLryk4ngdyvjU
