Transfer 1 tokens
  Sender: 3ekwajP56wYJYhemp1DY4zDL4WTg4uiLrArf9wXTQGKo
  Recipient: 8mPwx95nG9WJf9KnoiGqWhGCnksHxyv2ReqKzDZx9eSP
  Recipient associated token account: Hstpt6CgmEJ6D19sMDhaXh7wR4zXG9rGPtbnojzkNsUK
  Funding recipient: Hstpt6CgmEJ6D19sMDhaXh7wR4zXG9rGPtbnojzkNsUK (0.00203928 SOL)

Signature: 3apLGL5ftAHr7CRMVXMDab7ht3invpRr6E65chrpTUsXJMZ9HiFHzTu79wWLPF6osiMEEwbwgJAxBQ8ZJ3RnMm53

Transfer 1 tokens
  Sender: HZrYmFdSSXkN8n2CaN84Zb1JigVZ2kSPKXpvGJ9A5RiV
  Recipient: Cq4wKeNxdoPT6HaXpcrKd4PEvnNYQiSRkZaMELf4Up7Q
  Recipient associated token account: 6W9JvuZ1535kTkvgW6tqxwx6ojUVF2EJjB9mF8K9zvNe
  Funding recipient: 6W9JvuZ1535kTkvgW6tqxwx6ojUVF2EJjB9mF8K9zvNe (0.00203928 SOL)

Signature: xjedRq95cRZm2j8mmKeg3eeeELUNHMekkBMKWTzJqfu1r71NKGBQuRHs4jy7qmsZYA51KJEoktMLvTf99tbUrkq

Transfer 1 tokens
  Sender: NUG1vSismB5i9KR7RvkhdLvmJwqmsR34pnFLqz94Uc1
  Recipient: AtHiXaC5JHtQiHrnUwTVKxu6vXaeCBhVU1My2KFFtJTT
  Recipient associated token account: ACvbyMK4rd4ae4CzwYwGFRF2p8Hn6DR42mfg98VFjjtc
  Funding recipient: ACvbyMK4rd4ae4CzwYwGFRF2p8Hn6DR42mfg98VFjjtc (0.00203928 SOL)

Signature: 5o8twpnePmMnWgdxgVMpeCCcoenhyY2AwT2ASoiZipRXHQExF67XqvZm92ZXgKNjWEyrBNH7XzgQBDREU2HdtscW

Transfer 1 tokens
  Sender: Bw6q8obkkAY88PR2MGRkPYBMjGfScbMRh9rC9XdFKzUp
  Recipient: HMCuUsfswf8ngtNg1E8RgpcthsnjakGfSptKNqyzBuYb
  Recipient associated token account: 9h5DWMtY86PZkbtkbGPk1W4S2T4gytop7LUrUmsxn1mW
  Funding recipient: 9h5DWMtY86PZkbtkbGPk1W4S2T4gytop7LUrUmsxn1mW (0.00203928 SOL)

Signature: 2TLNNdJ9ZjXdJmmgxgXJ6wFYWNa34YWN69gKP7PyyiePAPFiCsfGuaC2rqmUpZj9k9DN76mxBv98gTQuUZLsmg6F

Transfer 1 tokens
  Sender: 2mxLbhCz57GJW8iVZDvHy6hrubxBqzacYXuzeEZBDr5P
  Recipient: 88XHNYEHYmmoz1b7Vg7WapXLpfFxawJBqi8cs5XaFmgi
  Recipient associated token account: EmFvtuCdwnuy3eGEWMki3vfXGTioPRRYdpp4PKZqhaBp
  Funding recipient: EmFvtuCdwnuy3eGEWMki3vfXGTioPRRYdpp4PKZqhaBp (0.00203928 SOL)

Signature: 4PQfi6mX7ZvJLzHyZjh9amgVY2emuxcNAuDUJKxbAdGB819T28QNHDAXqnQ4bPso2Qa776fFXnnApY8FBSUmi9tP

Transfer 1 tokens
  Sender: EkD8kHWZPFNSWagVpRgQpVR2hF6jgEfGrSyxCs5TiW48
  Recipient: F1uo5tS4JzGLKDQBhz1DdoyQf4oRjYcynHiCa31dRCrD
  Recipient associated token account: GLhoCJ1bBRv9QYkGBg8a6BanwNhVsNiQCDqMVyETxRwW
  Funding recipient: GLhoCJ1bBRv9QYkGBg8a6BanwNhVsNiQCDqMVyETxRwW (0.00203928 SOL)

Signature: 4tLErGaxcNaWBmB6ax5nCrWDHL9h1FFxeEWPM1RwxxMjEgukdUCXPTJDXFeAjZ55Me6HNcjJg2bzRMANwNHPKqyb

Transfer 1 tokens
  Sender: exsgw83h6FVWYDgVRVu8UirpLf1x87Jvy5ctCkccNrL
  Recipient: 9o1ExiHt1XPsV5LEMKJtzBMKmpv189yLp27865vEL7Ux
  Recipient associated token account: 6Ej4s9cW8zcixb5XEbNUKXeagQ98pqHcFu46dhphe77m
  Funding recipient: 6Ej4s9cW8zcixb5XEbNUKXeagQ98pqHcFu46dhphe77m (0.00203928 SOL)

Signature: 3D3YsxJ1dPJRydHygibsce1jKykzuuQ4f2rsrY8iSB7E8VFJMSJWycf8mJzSEuQbKyVMgdwJazW6vscX9TEtbnaY

Transfer 1 tokens
  Sender: 8xCp686Knnu8ShwL6YrtWagzV17RBxQtcKUV8Z2hpUtA
  Recipient: 6aAAWPd4s7SppGAi4k4eWcooWAy65QfDXKcTJadUnrEP
  Recipient associated token account: DyneYFfCYY9eHmnyk7q3GMxdpzW3jkR8TqSSdesk4qdf
  Funding recipient: DyneYFfCYY9eHmnyk7q3GMxdpzW3jkR8TqSSdesk4qdf (0.00203928 SOL)

Signature: 4gZrHQEMQSKdjKba61jB1oHf1rzBZo2moecR6JhjrMB1jKfYt46xezXjQ3q7T2RqsQAKMCrVupzwHhNCeY2uDzgg

Transfer 1 tokens
  Sender: 9S3m4sxj8anE6WwugkqRASDcsd1F2dViqCVW7ZdYyirY
  Recipient: BYX4PsSsnnuK3tQ2CrTMqPrsA43Savq3AmKBUpPQvksh
  Recipient associated token account: 41TB3LAe3mD9737JJowALM6FkuT4GmQymxRGQNyiTQBF
  Funding recipient: 41TB3LAe3mD9737JJowALM6FkuT4GmQymxRGQNyiTQBF (0.00203928 SOL)

Signature: 3jFooMQDyBMS6Q4C9cqhRFBz2VeHtuQ7GK3AahTQTMgj4fRXyCb7qKiQVtN9jsdPHxu5dt6wCAKGPx4iv4uqvQDK

Transfer 1 tokens
  Sender: 9Fa8jKJnNJACnAdFTKCu4Uks2wGjufr3XJnSadfK6Fhy
  Recipient: 7S8Gg58LnFubLLwmRKet6iTHvJBC1gLy7jt7diKY1UBz
  Recipient associated token account: 4zJfpW8conCeLkeG9kUZepkbtXbySJFKaVJLK4DNZrCr
  Funding recipient: 4zJfpW8conCeLkeG9kUZepkbtXbySJFKaVJLK4DNZrCr (0.00203928 SOL)

Signature: 3HLKpg8bMuZ15u2UfiDiBBrZmc93mk8q343j45CgyBZsehWynmqKsJprbQYFJD9G2w4TDQvxuj1LFCXhPVrFMeAc

