Transfer 1 tokens
  Sender: Di8uzY2U8y7kJqytA6gF8bS96R1zyp3D9ewhcyb5DTN3
  Recipient: EGwTAM2eurEi6YrPgf58EMzFLsKyi67zx7vg7TMkGFZj
  Recipient associated token account: 8XhJH52kEe6BHWWLLvFLVRtPtM9q8exj68e81DQNLVr7
  Funding recipient: 8XhJH52kEe6BHWWLLvFLVRtPtM9q8exj68e81DQNLVr7 (0.00203928 SOL)

Signature: 4XfShQp1TdE2pWTpXTghYZ8JNy4wtzAcVzerqUAsEXvPHkptbu712YoeqKr9KhwHF3tfshZpp82FYCwzk6ZTJC32

Transfer 1 tokens
  Sender: F4K4358vSAPp8eg1b9Y2hY6PiyPL2AANMRgW3r6wR5uz
  Recipient: DdpAaorJnTmfCWcrNwwHVJcB8wcWw5i7QUBGr7ESCvWv
  Recipient associated token account: J6ywrG5qnqv5R1m5L3erYieWNkFJXj3PhHdf2FcLBxSz
  Funding recipient: J6ywrG5qnqv5R1m5L3erYieWNkFJXj3PhHdf2FcLBxSz (0.00203928 SOL)

Signature: 36wck8GmGtsbHBxoiCu1sKcKE6hz4zw2q4wyFMiPzz2YRa3CFmsaRt7pPG8UzQ1SdfemicwjimVrw3eWn9Ecgt9g

Transfer 1 tokens
  Sender: 4bY7MKPfH5AMm2N4W7mfe8bhDX7rsnmf8mC2iCCTgbLT
  Recipient: 63xaYrSjCh1u8B1NTPSV1xh4Szxtz2ktHdnM5ATK4zMS
  Recipient associated token account: Ak7wC2b5BX3HrWE4cZuuohBXRUvibB37pDmQ6hhX8qNh
  Funding recipient: Ak7wC2b5BX3HrWE4cZuuohBXRUvibB37pDmQ6hhX8qNh (0.00203928 SOL)

Signature: 4o3oLE8XTXrcfdfBCc735NaxRNHTpzRnrb85sXy7PN9X9EmJg47bwVnMcCoHURSAjePNvDNkyL5FcwPCBugBXu11

Transfer 1 tokens
  Sender: BsSM8vgMJYY6uZUPNqgA7d9RhJR7MeP7yEYAbWBjTpGD
  Recipient: A8wVZjY1uR9TMfzF9Kc6B2zPCBNJ5VpNa2HWC7ERykFs
  Recipient associated token account: 5PesRZ1nW3rCBAqmPhPAyp2P6obAi2Zb3vn3aDs2wvvE
  Funding recipient: 5PesRZ1nW3rCBAqmPhPAyp2P6obAi2Zb3vn3aDs2wvvE (0.00203928 SOL)

Signature: 5kxdf9i5rqtaS7UDLE7GeQWc8ot1AJXDrPqhhSdRjEPCGTXCRoeEdYunnKKJwrjHyyhfwUDLWhAfy1kcweFE7fkw

Transfer 1 tokens
  Sender: EddfwCHcR1zZykHbCVcAPEu6Uq4FmHLZJPb3f4bmvFAp
  Recipient: 8FtqS861655sZyo1jnjorkNCE9Zh6joPNVopLy5X3Wdd
  Recipient associated token account: A4XMLrpNMDkSQ8jqHBhn7jwqBcECaowxto9pWXWSgjqK
  Funding recipient: A4XMLrpNMDkSQ8jqHBhn7jwqBcECaowxto9pWXWSgjqK (0.00203928 SOL)

Signature: dmytt4gkUn2xmC4rr4gwzwrWbXpnSL5D3gFQQN5XwGRiepsHVdgSBtH3EHB1rYVAPJxJCfuvQFNnEumprrL91F8

Transfer 1 tokens
  Sender: Ef8RLCWoWF4Rty6rTzorFDdXiNujw6wyqJmTBn3hMoXQ
  Recipient: 7B1uW2prKT7jVeixFGVsKLP1r4mAg9DpkJPDjwuPBUSP
  Recipient associated token account: DYW163BEqRbULFyPWC3qLcj1GxbVYhkMpnKmcputQ2Eb
  Funding recipient: DYW163BEqRbULFyPWC3qLcj1GxbVYhkMpnKmcputQ2Eb (0.00203928 SOL)

Signature: MrWRnzL7VEp1HzaorHRFAAuVQYYfqhRBwzmjkm3vFLyVwmCAcohWt45V3zNezmXsFLFFjXtnz1y8M1prxuuDbiJ

Transfer 1 tokens
  Sender: HLoDxQASV9YfEzACp3Qh28Lainmg7ksWqCoBrpJYLnav
  Recipient: AkdfJa5NmE1pQt3Ai7DpgDg8kryN5qTZirp6LQcpen6R
  Recipient associated token account: Dq5pwGsmSXq1ZVf8V7ZhYdmgjzJNnjmyUx9rUU5RC562
  Funding recipient: Dq5pwGsmSXq1ZVf8V7ZhYdmgjzJNnjmyUx9rUU5RC562 (0.00203928 SOL)

Signature: 47pGRzkM43GvFSLJKqiBUKwMmFjw2FoYSTapUzY57k8mY7DW5En6rJPLamCmkV1ijAxpd68WmVBjC5sF1JFFJ7H3

Transfer 1 tokens
  Sender: C8BE6kXvTCFjqSgkqWvDQBwFCjieGzTabu7K3QP9CxDw
  Recipient: GP5wZ1hEfpD9TxhZzPGQVWSS6VVBaGY7J6dt8KeQuPxv
  Recipient associated token account: AMwBYkbbVGQJyfcmrV51MyDHmt3NePkwawsUTgGoJr2R
  Funding recipient: AMwBYkbbVGQJyfcmrV51MyDHmt3NePkwawsUTgGoJr2R (0.00203928 SOL)

Signature: VjAwv3zqoTsNPsat7DZigagX8bqC2aX3eurtJyff6JWFiN6CyzC9MnsWnXJgiNhN1ua13B42iQFCuxyHP9HPCRS

Transfer 1 tokens
  Sender: 7s5RjtnFRNvgZjm3S9VAp6o21rzBRPS5VCkLUmhoN4zY
  Recipient: D1YysSgs1ZyqPogHGo6MyBt4iCDRzPwTd9g8ywFU8kbk
  Recipient associated token account: ESPELvfRepjZm8hahuV7FofWV94adEj3Qs7PCbX9koyX
  Funding recipient: ESPELvfRepjZm8hahuV7FofWV94adEj3Qs7PCbX9koyX (0.00203928 SOL)

Signature: 4gDhZTZgAgjAuo36vwu6P1AnJwY4WH9UV1KyhgnDc62ps2hXDSLmoChafibAhq9AZuCCcQJmY2pKLCHbH9Lj9iaJ

Transfer 1 tokens
  Sender: 96ULLgoHKWd4ASNippJMMx6zmeUf9MDA9QLgH1ennM9K
  Recipient: EVaAgKSQ4QM7f2vqh12ZRmrPt5SVS3X7mpLXcJD4wsPL
  Recipient associated token account: Hw4nprSftGA7WC1Uy3mAN9JeKVhg4K1s7Pj9YptgGRwm
  Funding recipient: Hw4nprSftGA7WC1Uy3mAN9JeKVhg4K1s7Pj9YptgGRwm (0.00203928 SOL)

Signature: 42V1TbZXeRdavuitJNLRzuVDKUCjhZxQ3k5nAsT8LigRaAdZHQDnR9TuTooeM4j2D1HCmnUqtfYVzY5TtTNK1Xoh

