Transfer 1 tokens
  Sender: 4RyAAPKUGJse7EMEoagVzYhsHKP3tRtxMWC5nnfPxGgX
  Recipient: 32jrfQ6h9XrfAjUseyBaRfFfLDUvPWYdm3BunPPkDak9
  Recipient associated token account: 8FUvJnPCwdETdyKzUkzY3H4zzWyGY2M2CCgQ8i9K6PeJ
  Funding recipient: 8FUvJnPCwdETdyKzUkzY3H4zzWyGY2M2CCgQ8i9K6PeJ (0.00203928 SOL)

Signature: 3ynwPgihd1LvhuLpJwpjDFYo8FSEyRhLLDcfoQzmmBybecBVZrhqkdjYhrn5jwtkdeJAhkjY5goAELFzUE7i3L5E

Transfer 1 tokens
  Sender: 9kxBEfrH8jxJV3P5cijua7dpuSdn2LLxm58QkEB9xEmt
  Recipient: 964TmKyFMVaYGeMnEuPuauSc6475AYd7M1VjCuUZm8w
  Recipient associated token account: 8y3kJuKWXFfjoSXpCY668Ri6iRLfVMKQRSmmYpWZr8xV
  Funding recipient: 8y3kJuKWXFfjoSXpCY668Ri6iRLfVMKQRSmmYpWZr8xV (0.00203928 SOL)

Signature: YN8MmFhZD9zUCu99SjBczHb64e84Ff8pSnPygnLsnQ3fZVRPQU1K55jdWqp3CDLpj2c8W8M9ytFmhuvnhjEV7Kp

Transfer 1 tokens
  Sender: JAEorxdbLTKDwy3gZuoaHF5bRSWZTzBTNKhTPrPDCYiM
  Recipient: HXG9tUsmDSWcRD2ddRWcHw9aCmWxibacxqrpSL24vwpD
  Recipient associated token account: ATguHUVLc6DCsc2KxFu3skoSkvNd1pPdEpCeYhEydWRC
  Funding recipient: ATguHUVLc6DCsc2KxFu3skoSkvNd1pPdEpCeYhEydWRC (0.00203928 SOL)

Signature: MMNKCvpw5XPRsXGKbXHXvxFzPBj1QRwdL7ubjjrKBJ9cep2sX77HoPw6VycgYnkyhSLkS9zgXuKha9GBC3oj8xc

Transfer 1 tokens
  Sender: 3QXHxt3BxiuCpvjWSyK77ZfNDTLnBtwDMMoKNAjuCC1k
  Recipient: Fb91U5QEiaicj1Rn56drPrE5xj4LiVE5eu5UoS58wH6d
  Recipient associated token account: 37iySovDBAPQb8oQ2McS3Hczio6Tr35ejhDwXkXhUqKu
  Funding recipient: 37iySovDBAPQb8oQ2McS3Hczio6Tr35ejhDwXkXhUqKu (0.00203928 SOL)

Signature: 5wxkpjPKiKCFzsMsLz2VitES12UaXEoMRbahHvrNq2LHyJnjf2w9TeYuf2gV7aE8gX34LSiaxfyH9PPt7HkEt8dw

Transfer 1 tokens
  Sender: CrfSecEUWQrcChkrAX4aStaPLKF3uUop3tSdoAii9k6
  Recipient: 513MUNeWkESCZJuwmzY9L4zPTu2M9ZWDTGvmCTEfcB3j
  Recipient associated token account: 5fnWbbx1gTL3euZ3sPKJ7U5PWZ1tGLMoMenCLVJYNUF8
  Funding recipient: 5fnWbbx1gTL3euZ3sPKJ7U5PWZ1tGLMoMenCLVJYNUF8 (0.00203928 SOL)

Signature: 5ytELKH625CeRDjM9i2fw9PLW8rUfdBm1WnPXXuzGdat1zNTLNMbfH493CEhiMFLUFNdKG7MQHgBZbXWkq2iGTwS

Transfer 1 tokens
  Sender: GW3WQ5WHbLD9qovBAZrG36Eu9mKA6JZaTigNyzNZEpmh
  Recipient: 9UznikQC4aA68hcMurcPqZ8EGSrvNcLbLcj2VKG3S2QA
  Recipient associated token account: GyeQihqdvqN8Y5eYWCcX5JqwHHr7wqY7d9bGrcUYQuWE
  Funding recipient: GyeQihqdvqN8Y5eYWCcX5JqwHHr7wqY7d9bGrcUYQuWE (0.00203928 SOL)

Signature: 486dTQrXUGgSGCtCZdENJZhGhCyHDgV22Q1yjAHv65S1rfGnEmcadVwxBcyeb1ezwpXr43ZY4onpQRX4NHYkDUya

Transfer 1 tokens
  Sender: Fv39YbSvU5B8jpjUCXSm2bVwzbirMkXk8phUcrgP6m9p
  Recipient: AEUto3eFWHLAmmVRq3Vo2fmHXwte525jQGG6D7pN4RRd
  Recipient associated token account: 7vvXK4ShKgR1LNMpF2PykbyY81ptRBJugtf6yH4GpDu5
  Funding recipient: 7vvXK4ShKgR1LNMpF2PykbyY81ptRBJugtf6yH4GpDu5 (0.00203928 SOL)

Signature: 4PWGz98waE82hRud3AE9vKfu6G1YATu1BNcNw35dJi8cN6TJXNv83n5iygwetcCpaPZavGduqYACcie5rF6RxHaT

Transfer 1 tokens
  Sender: 9TzLNL3TdGGwycz9CAbJko8sqGkxUpYngT7mxM5MhRZP
  Recipient: 664JR3KZ3WSPeufnsypjNnHGJZ765HuwvHXzAwVqBRzE
  Recipient associated token account: 8KfHvRyP6YzLzWzSghQQA87k7D7xWzjPzff1z5wvU6qR
  Funding recipient: 8KfHvRyP6YzLzWzSghQQA87k7D7xWzjPzff1z5wvU6qR (0.00203928 SOL)

Signature: 5BsmmhyR1FvEQwqVB6truHZCeWyD4dxAEZGzCF6CAbb4g44RmsVfSRreSaxb6ZzDGiSFmWjwsxg6dQqvMoQtbCPg

Transfer 1 tokens
  Sender: 3oHjcNdzcPixtYKcMbxRNUr9zKSKbXJKUqDvwyQpXey7
  Recipient: 7yRmnAy2KN6bvvr1nKqVsiatrGv1vHG81TsjqPWsBb2M
  Recipient associated token account: FHTAUQpYMk2uAxK7qkruJ3YrHn5tmKFrbWsNZrBe2JdQ
  Funding recipient: FHTAUQpYMk2uAxK7qkruJ3YrHn5tmKFrbWsNZrBe2JdQ (0.00203928 SOL)

Signature: 2iM4QEW5SicJuj3FHZfmKshePWNHpW8YsKEYwMNWdDHdXopcDzWJDoGbkU8vtjSR9k582g411NJGqJdRx3uV4kdR

Transfer 1 tokens
  Sender: BkpWzhh2EMT1QPxbpmiVEjboStBpzD2r7SZUHLbWN7cs
  Recipient: MrrCRKMhxvBWuoDLFgKyji74dWdKk7uc9qj4fecErhb
  Recipient associated token account: C4EqcbgbeVQJ6WuULxMLeWM1JgXupPMVAgfidrFB1m86
  Funding recipient: C4EqcbgbeVQJ6WuULxMLeWM1JgXupPMVAgfidrFB1m86 (0.00203928 SOL)

Signature: 4aUiumE7ZcKj9ApWqqNQaapaMECa4aLfHPsd6xfGYcJj8hL1ijszK2sEFBKqXhhA3mHyyzgu722GyC2w8MF67q8q

Transfer 1 tokens
  Sender: CrfSecEUWQrcChkrAX4aStaPLKF3uUop3tSdoAii9k6
  Recipient: 513MUNeWkESCZJuwmzY9L4zPTu2M9ZWDTGvmCTEfcB3j
Transfer 1 tokens
  Sender: GW3WQ5WHbLD9qovBAZrG36Eu9mKA6JZaTigNyzNZEpmh
  Recipient: 9UznikQC4aA68hcMurcPqZ8EGSrvNcLbLcj2VKG3S2QA
