Transfer 1 tokens
  Sender: HKywhPfeD38HAyF1aanU7K4bGxmF8nW38pPn8u4gXSDE
  Recipient: 6ygk428uaLYS75LxoTbikJSx8yXJ9BQzjeWQUu8ehymR
  Recipient associated token account: 6VY9UuhAnEe8W4GVAQmkjgXwfXnX2ap48SuMtMwYLn4G
  Funding recipient: 6VY9UuhAnEe8W4GVAQmkjgXwfXnX2ap48SuMtMwYLn4G (0.00203928 SOL)

Signature: Rdj2LEBanL39WcgmKH3Ur8LarFZDP7HQBVQVwtqiRt2qDKAD11dYaTrS4ZmJoYhpsJfDbtSEURVoQybcP1YSgWZ

Transfer 1 tokens
  Sender: C576QrofKhEdcR8b4nh9XVaaZdbsQmiT67E9CXnJhkpJ
  Recipient: CWiXLx6juMmaq33BPXGJ1k2DPqzfDyCQWoAsUUe83CqP
  Recipient associated token account: A8KHQ6AonWFJ48E7mMmv7zo266Ce69T2cAHkE7rtS85t
  Funding recipient: A8KHQ6AonWFJ48E7mMmv7zo266Ce69T2cAHkE7rtS85t (0.00203928 SOL)

Signature: 4zNtK2ZqyHcsXaCM8qm3yHWtq4yNKNcxy1aqo5uvbSYDwQLCwbW9YPEGvBP3GY2954ziDeRaaAguFdSujadK8bi6

Transfer 1 tokens
  Sender: 6R492SU8zTfshPVsoK4C53vEFbEQWQSYuwHSgUh9RKtc
  Recipient: C91QVSPebG5w5SP8Wg97bqfnnNfG6j9QDuTFC5EM25jz
  Recipient associated token account: BaQ1EQ9mZKMbmxPbbdxfTbgbPNpX3aMjPxHX9Js6sXot
  Funding recipient: BaQ1EQ9mZKMbmxPbbdxfTbgbPNpX3aMjPxHX9Js6sXot (0.00203928 SOL)

Signature: 5a7w3HGL4SqvSpJoq1VRQFJ3bnVLQYVWVAKi5WMeiFv7FURnEGvJCdbzCh2ZR2miP1Dg4njXvxagXPibcEnaGoUc

Transfer 1 tokens
  Sender: 2TnZWyYRwkejHrS6ByjyBHFzqEw1YEu9QENhwJdVdhoz
  Recipient: J63PQ61AFhZXeupw9j5GYY1aEuR3R6BnAbtfqqAX6DQw
  Recipient associated token account: 27kEFHCzm6EyQxaTDTLw3iSgg1yzryhRhHnV7frt29AS
  Funding recipient: 27kEFHCzm6EyQxaTDTLw3iSgg1yzryhRhHnV7frt29AS (0.00203928 SOL)

Signature: 3NevLcuWzr44QuoCfezoAFec7ztD3V2tk2LE83sfyyp53EtP7aFB6vLmj3tmPps2jhCFLjEdusZnEap3aS68b228

Transfer 1 tokens
  Sender: Ga3yoTrNvAo6jwSACh7js1mkYzNYFhGvyMRuFsvQS7F1
  Recipient: 3tt19kVnDtkeLL3kSzGGbkRzs7kMQbLyQKEtAwZH4jDZ
  Recipient associated token account: F226nghNYwQKpKBQbREfDSwuvyR91EonrTxSE3FL3JCq
  Funding recipient: F226nghNYwQKpKBQbREfDSwuvyR91EonrTxSE3FL3JCq (0.00203928 SOL)

Signature: 2bW8Jt2BmtGYizLb7mA2Gfk9aAo4azNZVBbCWLLSyzGUDnmHT1Z7uVeJce5QGfPnU9eGKeSXu75gVXtfrVu3ed1M

Transfer 1 tokens
  Sender: 5PMa88iFU75r3NX9W3k62LYktZwa6kiXJ5PDes3QnQCT
  Recipient: 32QmPoB6BoGHCAKLMyLv9hHJLiGqfi13oDPw1szudMBo
  Recipient associated token account: 6QZH1y7XMW7p9pjeY6W5RUq4L5t1yiuseadCU727Asz7
  Funding recipient: 6QZH1y7XMW7p9pjeY6W5RUq4L5t1yiuseadCU727Asz7 (0.00203928 SOL)

Signature: nU64bWQHTLPoCWRsP34TjKLtAPzRPuVKGPLBgshQTzcVJYAYLTzow2rNQ7MMXuArfZQc2Zg4WzGmWUyVUxwxWpp

Transfer 1 tokens
  Sender: 8eWeG1KF2oDvXvSmkYxQG8VRVxvS7Y1zUfFY98kME3yo
  Recipient: 91briqxf1kWBeVfqGvcytwm2omo6CEDCpeSF6NwFx2w8
  Recipient associated token account: CQuw9XkH1RibLFZPMMVxn73squkeffmSMBmLF2ZXgHFw
  Funding recipient: CQuw9XkH1RibLFZPMMVxn73squkeffmSMBmLF2ZXgHFw (0.00203928 SOL)

Signature: 33wmatzfMxbKfg5hudWBsJyrs5TJu64jKiDeZGHYrNqd6PLtQCHH24HcKoBx3MWYx1NVHonrf4EKqpoJWCuNJSbR

Transfer 1 tokens
  Sender: 6L7E41HHiB6zsGEPyzwwozpSEvdybXkB1C42P5kqc4xm
  Recipient: 6aVxAU2nNjSUmDkSy5zgavKcZNKGov3xhi6tUPLnULLp
  Recipient associated token account: 58nDdfoffhJVMxaSagoP65Yx94KQ6eSArEH4Yja9SNqS
  Funding recipient: 58nDdfoffhJVMxaSagoP65Yx94KQ6eSArEH4Yja9SNqS (0.00203928 SOL)

Signature: 3p4xWt6x5cMqxUbJWhfuj2EXRBQmu1JxNR3wFrqDHHiccifbWXAERkixfVScSg7mqN2pANYft3eyuKBcrGzsBf1a

Transfer 1 tokens
  Sender: 6rPjohwgyhwPYKfQUZiVdL2mG74B3f4HUZzWY7kbVktE
  Recipient: 51oET2dy4vCmZ1JMGYR9hbsvsLng1vcLD6z2AZp1uq1j
  Recipient associated token account: Camua6wFiMsY2ydyerKtQ3K4KvAUYawTWXcmFMWwoyZD
  Funding recipient: Camua6wFiMsY2ydyerKtQ3K4KvAUYawTWXcmFMWwoyZD (0.00203928 SOL)

Signature: 44G5YDGEXsj2eEyBnMd94zYy9L28ii96ZdnXdmhoSnJRoFX7iN9n99NEjwqiNg7q9uSjuB4nkSTqBXLA62mfuRw

Transfer 1 tokens
  Sender: A2nwfeNqbh3g8WN2HDhEmEnEjJPQQcdvPtpZjaR2fwDe
  Recipient: GsmrTBoALiurqDsxcMurQK9EN7pDbi2JewoDhJYH6Wxh
  Recipient associated token account: ExM8EXrfy6tG9gg8XtxGstDr2H5185oYJWxoF2RncTaT
  Funding recipient: ExM8EXrfy6tG9gg8XtxGstDr2H5185oYJWxoF2RncTaT (0.00203928 SOL)

Signature: 54oYTMnp3XNQfdaXeeqEQib48GtXtyYjDU7LDw53FVUR3yHs9cTrhBchp966aBZtyJk4YiiNtYBvocesyLhUuPG2

