Transfer 1 tokens
  Sender: 2WtE4JdMK1murPkd8uerud5gjQLpJNzFmwSxWVgcwrFu
  Recipient: BVFTQzEas8kMPkcugksaTTuLnQJ8ESxtLryk4ngdyvjU
  Recipient associated token account: 2xW3we1iMBf6Mm8xY3DhH13HdMCv5Y15QnwLJxCFHnuQ
  Funding recipient: 2xW3we1iMBf6Mm8xY3DhH13HdMCv5Y15QnwLJxCFHnuQ (0.00203928 SOL)

Signature: 4jamBEUN3mrBaTackKsV4MuWarmihmcrUspkSLv8X3nhmWFb1bp9xw9vWnLfBvRQQxQWspsjkokSvjTPdewefgrv

Transfer 1 tokens
  Sender: 9uK2ZKBeGGrCYdnC4DdMFcGLJjDcDL6vNortEDjdcAQj
  Recipient: GNDTN2HQPxpbMxjkDujw8g5ruT4nuvWjVzFZSW9pFyuY
  Recipient associated token account: DMRXiXS9HXzQ19Hp1nki7hTjhCMz8nd771RfRyY9sTCT
  Funding recipient: DMRXiXS9HXzQ19Hp1nki7hTjhCMz8nd771RfRyY9sTCT (0.00203928 SOL)

Signature: 56qaQb5BB6Dw2xqBXzeWgEWcNxgnH67whukw8y5yE9eoMUVb3GvestQB4vZEbGWAPa2x19z8UKat6YmyVpks72Pr

Transfer 1 tokens
  Sender: 5NJkwU1rzdfTf6QrjBWgGD9uCEwyQgAXrTjxvsPec9bb
  Recipient: J63PQ61AFhZXeupw9j5GYY1aEuR3R6BnAbtfqqAX6DQw
  Recipient associated token account: DS4XkHLJBREiN32icC9fEAwi4Uw4MYwQXbJEpGtGRmti
  Funding recipient: DS4XkHLJBREiN32icC9fEAwi4Uw4MYwQXbJEpGtGRmti (0.00203928 SOL)

Signature: ABBXntyoMKKKPgf34Fj7vUpqS9ogjvjjvNtu7KrF3FuHAF6CiWhJkbPh1Yyz56Gh1w2mEXFdBpBJJE24skR1NSC

Transfer 1 tokens
  Sender: Az9XqMYMycsb1CdTfqXJBVuGPqjQ4ztKWNV24qzVh4s2
  Recipient: kAE4Csc3NzY6iMm5e4PaasGbFLd5vbY7m7p6FNZybRL
  Recipient associated token account: Eks5su51A8WBDs8tazhfY9aDXdT7Fh9r4aLLHUqE9Vre
  Funding recipient: Eks5su51A8WBDs8tazhfY9aDXdT7Fh9r4aLLHUqE9Vre (0.00203928 SOL)

Signature: 7pmEqneiD9fRKN4bq8q4aS4kub5LzCGV7ijxCQLNjA2UV8b4ctXQStwhWybyM4cgYv7aug1UF9LSjg5MqP8KVEk

Transfer 1 tokens
  Sender: 9Nggor8YLqnGA64dQtM6KJxqbzWQWfuRGyaaHNY4H4A4
  Recipient: HXHq4dKUwBaU7xuBqBYQbSc3v25tHd1wKbchJqWQhLyx
  Recipient associated token account: 9L85EdGNfvAVan2ifCABV6w3MNUwaTjKv7uQtM5QcfbT
  Funding recipient: 9L85EdGNfvAVan2ifCABV6w3MNUwaTjKv7uQtM5QcfbT (0.00203928 SOL)

Signature: aKgXvrUyHreVmN2GuNg3f1JNs93iPQ7WTKGhkDNBqn3v9qxHa29XMqckrKtG3BLTvAEWPyVARUsMkgZ7Tt4xPpf

Transfer 1 tokens
  Sender: 8uc85gJ5sTuyo9pHmrmXof9tDr5UfA3qoKdk8ezq3Eci
  Recipient: 91hkaS99AJJvtMJURkGrGy7SM6Rnvyeg2gM4varE5b5g
  Recipient associated token account: Ajy8bi4fq9FAgBRCTuJ71gqQnSeNSMcxGovgPDAsKKhY
  Funding recipient: Ajy8bi4fq9FAgBRCTuJ71gqQnSeNSMcxGovgPDAsKKhY (0.00203928 SOL)

Signature: 2feipfWP9scpZmmtnShDtAMAjrmnejtvgYJ4mnSCZZmQJ1Zmz6jLSpYitkopQCGeDHwqDjkpPqrj8JDGTXJACMfm

Transfer 1 tokens
  Sender: GrkRL6emaY42ZiZzssvp83hjsqD6hHpx1vd5YbP5rgkQ
  Recipient: Gpe5fe5Rzrh4kTQn7g28S7f3xctjs9DzseXi33FTMYAh
  Recipient associated token account: 8tGxtY6uXx9X1ytGdB9sJrkijKABS3DWzL153QMH4J4G
  Funding recipient: 8tGxtY6uXx9X1ytGdB9sJrkijKABS3DWzL153QMH4J4G (0.00203928 SOL)

Signature: 5zqaZiViEBd5ffhfkeELvXPPijccxa8pMReeBAE8S8PQVLA5Wa9MHGN9WDZsX86w5tZHcYvjZRwUcHmFxSgimAKR

Transfer 1 tokens
  Sender: 4cxJP1CsUu3TF34zNmCBkp8ZY7Lh3s6WnWdWuXBkgPx6
  Recipient: 51oET2dy4vCmZ1JMGYR9hbsvsLng1vcLD6z2AZp1uq1j
  Recipient associated token account: E99xjDZX7daByyJoAhk4WBUnNVjNsf1Ks1yUzgSs4HSg
  Funding recipient: E99xjDZX7daByyJoAhk4WBUnNVjNsf1Ks1yUzgSs4HSg (0.00203928 SOL)

Signature: 3w19z2XbYEm1EQTnCo7HH8YkhAeWVFb2uMogcDkLTcveq1GMw4D24gWbD3JSbb3NdhypAfqmgAhFyNaFozZ4StVh

Transfer 1 tokens
  Sender: BMHvpNmHUWjGyA31G62tzxjWmN8mQ7om8n47dGrh2WDr
  Recipient: 8kX16Yj2WBCz1sPXcimafGrutQkw3s3Swe9sR3gt3cC2
  Recipient associated token account: 7Qz5kQY1t3s9BsDcsHW4tfxEBiLbBSUgBGVWkXVsayZa
  Funding recipient: 7Qz5kQY1t3s9BsDcsHW4tfxEBiLbBSUgBGVWkXVsayZa (0.00203928 SOL)

Signature: 4h8JmaPbxcYcSvBY2sx8JX7BJZ9pb5X9NGDC6ND41j8xAaJSaMyFypizHKDru3GQ3ceGMLdV7LEefopAgqWrPK6x

Transfer 1 tokens
  Sender: 9Nggor8YLqnGA64dQtM6KJxqbzWQWfuRGyaaHNY4H4A4
  Recipient: HXHq4dKUwBaU7xuBqBYQbSc3v25tHd1wKbchJqWQhLyx
Transfer 1 tokens
  Sender: 8uc85gJ5sTuyo9pHmrmXof9tDr5UfA3qoKdk8ezq3Eci
  Recipient: 91hkaS99AJJvtMJURkGrGy7SM6Rnvyeg2gM4varE5b5g
Transfer 1 tokens
  Sender: Az9XqMYMycsb1CdTfqXJBVuGPqjQ4ztKWNV24qzVh4s2
  Recipient: kAE4Csc3NzY6iMm5e4PaasGbFLd5vbY7m7p6FNZybRL
Transfer 1 tokens
  Sender: 9Nggor8YLqnGA64dQtM6KJxqbzWQWfuRGyaaHNY4H4A4
  Recipient: HXHq4dKUwBaU7xuBqBYQbSc3v25tHd1wKbchJqWQhLyx
Transfer 1 tokens
  Sender: 8uc85gJ5sTuyo9pHmrmXof9tDr5UfA3qoKdk8ezq3Eci
  Recipient: 91hkaS99AJJvtMJURkGrGy7SM6Rnvyeg2gM4varE5b5g
Transfer 1 tokens
  Sender: GrkRL6emaY42ZiZzssvp83hjsqD6hHpx1vd5YbP5rgkQ
  Recipient: Gpe5fe5Rzrh4kTQn7g28S7f3xctjs9DzseXi33FTMYAh
