Transfer 1 tokens
  Sender: 2e9pMVEn1aFWmNqd3fk15sNRiktCfWyduLgsftAryUro
  Recipient: GzA6YFoHTSQZEfmRkjQHTHLgxDZMdsrjyaZq8BbSP6XT
  Recipient associated token account: Cj3MnGsLxdCZirLSc2AzUdJU1hCMAX1bygw6TYrq4zYt
  Funding recipient: Cj3MnGsLxdCZirLSc2AzUdJU1hCMAX1bygw6TYrq4zYt (0.00203928 SOL)

Signature: EbcTjMZ3Nu8NmqCzMAHpCsYHPQT6gjr9t76D5zDzvAtsTkyMkzY1ApKm599Xc7JTNMe66ZzFADr6WZ7rF4tND9s

Transfer 1 tokens
  Sender: 5bUx59GdR1kQ51FypPBakPrbJi4xABs58YrM1preZzvR
  Recipient: F1uo5tS4JzGLKDQBhz1DdoyQf4oRjYcynHiCa31dRCrD
  Recipient associated token account: sLL7TSE4mic6Lo1tniT4CzXT36q6BSg8rFs5PiRSbCA
  Funding recipient: sLL7TSE4mic6Lo1tniT4CzXT36q6BSg8rFs5PiRSbCA (0.00203928 SOL)

Signature: 4R3BBoUQjsYkdnoeUfuQyJWNuACMt6Scn17ARrhhyB73SQ4j7jrhHNp9FcKwjmY3dYmQUzyfYhPNmwAUHE7SAawk

Transfer 1 tokens
  Sender: 4Kt5kUB3MqFkfnBohqrF7n6UA4mrx83q2yL21FT4FsiC
  Recipient: 2wQEXQXydHRveBk1rJEZm7fTTKcrPsTKC3S6XV69gK4y
  Recipient associated token account: 5G3vwqiNA1vw3h18VJQAr2Zs5QS74swntTdGqMMxgbmA
  Funding recipient: 5G3vwqiNA1vw3h18VJQAr2Zs5QS74swntTdGqMMxgbmA (0.00203928 SOL)

Signature: 4gKr6kEC8WWgPWt3tKuxMsjw5tgLANt2ohFgEnpxwFkD7ZS8YAqU23AZS5gjx7rgmfnF9YYgczxAAEEEENBUJkRp

Transfer 1 tokens
  Sender: 8qdRTXos8eyhtR1pFhj9ecdMirbPskA9GT664pRuoSMV
  Recipient: AbgicEN3npoAGUvZCJWpkLkniVxnEdcsFnTHCcmhfUKF
  Recipient associated token account: 9S3ZPp3wSKVXJep73GypcegsnUdK9XXx11EmLTYNKcDw
  Funding recipient: 9S3ZPp3wSKVXJep73GypcegsnUdK9XXx11EmLTYNKcDw (0.00203928 SOL)

Signature: 27Fs4DvUvaua79ELpju1Xt7grL9ShUh8ctbtMSk3VTRuHaFRN6Ts6VNAVZ9TEBnnRhxZGtjjYDVBNnj7FZTfvbZQ

Transfer 1 tokens
  Sender: 8dJ9XNuim5TE6ffWvvsNMTEqfiWUuZ7q25QZPhQ2Pi93
  Recipient: 9VofUSomEe1dc6vVkbL6MAVJQdzY4WqkHZzafQ8t3iCc
  Recipient associated token account: Eu5WRTcL5N6cfRMiTzSWrPki1EbtCiQZc4AgaMzFRzQt
  Funding recipient: Eu5WRTcL5N6cfRMiTzSWrPki1EbtCiQZc4AgaMzFRzQt (0.00203928 SOL)

Signature: 5XcPQC2MkXy4An2phunrrmovLSnBtTEMjVS4LXkg7P8wCiLjQ5Re79wm1xEyuMB995Pqs9ibo3ZYkCTwjDoDGS46

Transfer 1 tokens
  Sender: 4WWKE1qdWpac6RRN5JBJEKda5MY9KGEavwTwkDiQg4i2
  Recipient: 7ciBnPdADY8TKTsGHJaapei7AQctcWZ5VBRZ3BEuokhR
  Recipient associated token account: BnwWTtQU1zL6Z5Gx4BJuTP2V7189kXW68cspsUs4vY9Q
  Funding recipient: BnwWTtQU1zL6Z5Gx4BJuTP2V7189kXW68cspsUs4vY9Q (0.00203928 SOL)

Signature: TnoM8vJbdGzoUoCfPkyPSGF6szaLQPzcnhFDxZKUQGK1o6HRzQ2bZQ3BzRXAgoQDjKbF1Ev2tUn1dMrS5jbtR8t

Transfer 1 tokens
  Sender: FW9TEtuLXopTruHUn5YoZpcAJGo5VTkqikL3semWmTAn
  Recipient: 2KF6StkQq3JLRsnMtjTKew6yaR6uiDX3aD5DWvT19dqa
  Recipient associated token account: GB1dHywgVcjYtD8BtdiawYE5iJPpPSgL4Ryo9DLKv5QT
  Funding recipient: GB1dHywgVcjYtD8BtdiawYE5iJPpPSgL4Ryo9DLKv5QT (0.00203928 SOL)

Signature: 362E5wAuvkg2rWkS5BfrRmFNW1kubrWgKCcxhwdUepVF3TcuPFodHFBrLgkuZMV2jE46hCni5PTyRafTCJQSa11v

Transfer 1 tokens
  Sender: 4i1iM6wQBdTVsV441xo7N3yPAsfxJUjumZd53PuNgFdo
  Recipient: 9KeHLaC2yU7M3SrECLwu5KADGAFaeSpTBqwwMm8cSiX9
  Recipient associated token account: CTYvFVs1VSBVtLuFhvXVKsiqXk2sUNQeqR1SjE6v6DgL
  Funding recipient: CTYvFVs1VSBVtLuFhvXVKsiqXk2sUNQeqR1SjE6v6DgL (0.00203928 SOL)

Signature: 3DJU8uWPkXd1rE7kH5GX469Lp7cdwukxvmnM56Tipd24i2MnH5v8tkWQYAfkgAPtnFwrU1E1h3Vnw4g44qBQ36h

Transfer 1 tokens
  Sender: 5PfDN7GP3B1u32amuqo5igAKBQGztaHCnDApiNSJk16C
  Recipient: D4vK9y5NAhpfZZWCmuMLSYJXttVSD9qfW6rva4tfvFo3
  Recipient associated token account: 4Frx6o6bjE17VZyXcwcvFhXpEC68UvFWYJnqdwGwVNsK
  Funding recipient: 4Frx6o6bjE17VZyXcwcvFhXpEC68UvFWYJnqdwGwVNsK (0.00203928 SOL)

Signature: 5Q7VEr2kPHcjrMCFsEsnW1m7sKWhd1n4RFVRhR7isKkhgBvS9H9WGZQTsftTCzhFxr2JPiBtdYX3Lbu5pmoVNySz

Transfer 1 tokens
  Sender: 5bUx59GdR1kQ51FypPBakPrbJi4xABs58YrM1preZzvR
  Recipient: F1uo5tS4JzGLKDQBhz1DdoyQf4oRjYcynHiCa31dRCrD
Transfer 1 tokens
  Sender: Cy3KNNvBhP4mNzjjXNok1xXT3XPEp3s6bKyVoahfpV51
  Recipient: AgPhAsvcwPfT8bcAQxfyvymHdS9enkCzHDZP67ihS5YM
  Recipient associated token account: CocxFrd4xZLu4qGiEMQUCDhsFp1A2pS1hjHcwiT2x8sN
  Funding recipient: CocxFrd4xZLu4qGiEMQUCDhsFp1A2pS1hjHcwiT2x8sN (0.00203928 SOL)

Signature: 2L4XVXJ2xD67knZuwqiHnd1tvJ14oFUtGJ4rZwZgBpugLcGB5S4EE9ayGuNszqx9kcyFGTt1Es8nWf8H9WPovP4T

Transfer 1 tokens
  Sender: FW9TEtuLXopTruHUn5YoZpcAJGo5VTkqikL3semWmTAn
  Recipient: 2KF6StkQq3JLRsnMtjTKew6yaR6uiDX3aD5DWvT19dqa
