Transfer 1 tokens
  Sender: C9irfCyP9FpfjESX6ALipAdeVpK6ies1NV6wS1prMS2j
  Recipient: BcwzmAJunqVo7M9PHuUn3srQJX73bd9xr5fJseCDGAZm
  Recipient associated token account: EzgUzAaaSxUofRnZ5Tm6w9juqfEaMhLpAiJnu9Yfpw9p
  Funding recipient: EzgUzAaaSxUofRnZ5Tm6w9juqfEaMhLpAiJnu9Yfpw9p (0.00203928 SOL)

Signature: 3rNdd8Zte4JGeaMJ491BpfmZmjpDqRbc3acA8UJTwZ2bVjM8xAKUcxMqcHsLJfwtykakSkozSBeVoziJ7px8UHJj

Transfer 1 tokens
  Sender: CdgYCXsZqREhB8qvfkWvnXBXKzNby3LUUZFdy1fYb47Z
  Recipient: BeAptaoXTcw2dmFfR9JMNs96FZ28SdCzBcfgkc2dEr7s
  Recipient associated token account: B1pKk48V94gQxLq1w3ytkUQQjU1ZKJYk85nQWuThH5vf
  Funding recipient: B1pKk48V94gQxLq1w3ytkUQQjU1ZKJYk85nQWuThH5vf (0.00203928 SOL)

Signature: 5cnEBRCgYJteid5z2KyRKqnPB532JLAkmtgMBL2wiyX2uNZPQop1pwYygy9q87Q2KuyGREU7ejrnrzixkSGD4LTZ

Transfer 1 tokens
  Sender: AwHqRU5jEuriKrQEVbZ5wgaPLoixEq5ez321tHaoswLo
  Recipient: AgPhAsvcwPfT8bcAQxfyvymHdS9enkCzHDZP67ihS5YM
  Recipient associated token account: 9fL22RGkH1BA6aonhiQYB4ogvwWX39ntQFJQKYbeQ1zR
  Funding recipient: 9fL22RGkH1BA6aonhiQYB4ogvwWX39ntQFJQKYbeQ1zR (0.00203928 SOL)

Signature: 59vcZyLJBsnXRXjKVCPNhDWBCvTJiyGeELh8X61FBWqfbr1Z3FQEWxmAQ5f7N6rXoyJQ1CvcuGnEKwexwgy3meqt

Transfer 1 tokens
  Sender: BJJM5TMrCTNMAVE82c9gSZNJCNidbpokf9QiGGqvVDzj
  Recipient: ApEofiFdwSbbxBtxmbDxxXK3qngDorPVUKLU5kQaUsFX
  Recipient associated token account: DKhjF7mjvJrS4VrY8LhqLEMBm36C4SqACT3wnYDrx1bh
  Funding recipient: DKhjF7mjvJrS4VrY8LhqLEMBm36C4SqACT3wnYDrx1bh (0.00203928 SOL)

Signature: 23KPpUq12r65cHJj9McKQvYmYVNKMyi45r7zfDMwAZkhcddbjeEFMa4TQHRNbCgeX6RFyrJJXT2snkfazvr6hwsh

Transfer 1 tokens
  Sender: EWiqAi8f1hpJYzQvFbwvcWTEKxegtqmDWokwpB7GD5Jp
  Recipient: CLLcegefmgHQiPyVwuCpLM5TuxRirxYgCYCG94q81RXM
  Recipient associated token account: HShCN4gZqGiTXwPPb43g7Zd3XV9DZD4sPqdNQBcM6VeD
  Funding recipient: HShCN4gZqGiTXwPPb43g7Zd3XV9DZD4sPqdNQBcM6VeD (0.00203928 SOL)

Signature: 17tKjamzAH85aNcozBHZqAAeWQ7JrbwbCg8hQ7JYUkFsJoL3D6VYdfEhhvr4vQ42nApxFUt9bTmKK4aEGxceGQc

Transfer 1 tokens
  Sender: 8bXzAxpkTpc8w82CJHK7LQcBiezxXnz58wwfMktjGw1t
  Recipient: G2sFCvJptXC8gUBmk366fgEr1rXVLViGTjWaJD3Q1i6a
  Recipient associated token account: EQTFmHmv56nVMMJHzg122cuAXF2HjLmbpwKP4zCEac1g
  Funding recipient: EQTFmHmv56nVMMJHzg122cuAXF2HjLmbpwKP4zCEac1g (0.00203928 SOL)

Signature: 24TzuY7w3fwFQaq5mSBiTjeEuE6bJg5jwQAYApWRFgniS4VJLmQk7M35izBnwScmmkzvhHZoiCok32fULBz92Gxt

Transfer 1 tokens
  Sender: gHXxFYTZRHD9sz8Dnop3VCQmKVSRUJeoB8MjYynQznB
  Recipient: 9PnCyVeH7vFHmZ7LrbKqDUFFnv2dDqE2uHriDQfYBBwz
  Recipient associated token account: 9kiyB1r7TpKBJmQ5eNWxHCVaGHqB4WwC29gj4X1wd2GF
  Funding recipient: 9kiyB1r7TpKBJmQ5eNWxHCVaGHqB4WwC29gj4X1wd2GF (0.00203928 SOL)

Signature: 2hH8mez2wNnaErBd6JsFYi8aHUmVEXhMz5er3d2cPLB4NwzaPoMdUVgm41BCpxUWDa8t5DQaLSUwMz6CjL6i8vPQ

Transfer 1 tokens
  Sender: GivscdqRmYQeacuhC84FNrTvGAw7TJahi3EBvooG9HBj
  Recipient: 8cC6S7KYY82sf5cGjoDjpUogtZ5TB2EPuapEvfiKqCtf
  Recipient associated token account: NxzhDtFSwcbzJEfUkix2JwHXkhQHz3Hta3ytEF2gqdZ
  Funding recipient: NxzhDtFSwcbzJEfUkix2JwHXkhQHz3Hta3ytEF2gqdZ (0.00203928 SOL)

Signature: 2VKsrrTujPfbYEdeZcXrf3P9UikXXYnw9KX7TjhRJ37KnRoff4GKveburaZC28zd4Uv5cQTWbYfHd8yJyeP2hcfk

Transfer 1 tokens
  Sender: 57gydXvfLRuEW7rM2XA4AN49mko4HMDYrZichzbvkypf
  Recipient: 9KJbbRm5qjnWBNZNv3Mhk2hEFqqDAYcCHuUPxnG7W64g
  Recipient associated token account: HG2ChtLPDewfMrxaFzGsbupg13agPBVHJZfF8LgQ38Kf
  Funding recipient: HG2ChtLPDewfMrxaFzGsbupg13agPBVHJZfF8LgQ38Kf (0.00203928 SOL)

Signature: 5ESMxj1p2bsyKwcciQuP5G3D72pq2pABC3mq6cQYAyV9e2ZMc74Er9r8B9umrn7hEx9A12oPhmSgSeeVPX27zgct

Transfer 1 tokens
  Sender: 8L4wpsD6Tdyvyg2aYHACsjugcKJDaDQa27aQRZQuLrQj
  Recipient: 4eg3MW2HpGPaNk6dHj8RZ2dZhzYC4NxpRRaetFsePHa4
  Recipient associated token account: 48zX9E2kgPfY7E9n1vXAdzWbzQrcNKUqest1899CS3RM
  Funding recipient: 48zX9E2kgPfY7E9n1vXAdzWbzQrcNKUqest1899CS3RM (0.00203928 SOL)

Signature: 53QJ18d7riK8e1gevTzyBvvFb8fW97DndLsfsxxPVWoohxWysut6ABENS2S4yJpksQkKUniM8sqDHv6iEeTNNBzV

