Transfer 1 tokens
  Sender: CGJnubkp23LtBgqBtWTdVsH3zykZDgerX4d4WFj1ArVn
  Recipient: EGdzraLTk2pzfQtqAEVBkAD8vikmQzui5xMprFqHnG99
  Recipient associated token account: 8HduTzvS7nVRju7fuAyf17iS4x4GWU73FLqdRG4acfFC
  Funding recipient: 8HduTzvS7nVRju7fuAyf17iS4x4GWU73FLqdRG4acfFC (0.00203928 SOL)

Signature: 66XGwJN1JHyTWrTGGja3wzMgpXbUedjWwvJN5A7iiR6AHZagy6opH8xGaTE5C9xD5vZ5DDRfcEVniq7cnwCBB6Uj

Transfer 1 tokens
  Sender: 9APAXWt3rvqS9Bi2dLHWMEf66RGNWTcGV9bj3Zn4qNQb
  Recipient: AEUto3eFWHLAmmVRq3Vo2fmHXwte525jQGG6D7pN4RRd
  Recipient associated token account: GkWgEifZHrc3Rm69TNqUn6rhtEyJ5wUCBTMw7BpuvKHe
  Funding recipient: GkWgEifZHrc3Rm69TNqUn6rhtEyJ5wUCBTMw7BpuvKHe (0.00203928 SOL)

Signature: Mq68oNNr2kC3zyidpyrsDLjNx3gyrisWRqQYi3WMiu4uphMuMCqmzsoiyG8PATFFv5iKpFVdEMd8CfRnqWZyvKZ

Transfer 1 tokens
  Sender: C9PwebwKqTYzUH2siG6mf3vt1UovGMYihPNiotr75Bnf
  Recipient: 23XNgo4x5FwiQbN4TV7MZ4ssDgQ398vrpkfD8F3S8KTj
  Recipient associated token account: GHqb4SGN665gkemeqg3ZyA8ysgatezN1ck1x6gLJwuAz
  Funding recipient: GHqb4SGN665gkemeqg3ZyA8ysgatezN1ck1x6gLJwuAz (0.00203928 SOL)

Signature: 3ip79eGLEY1LSfMFMrfNRKcdEujZk2DtLjwJfYj63qMi65D7fZG7xg1u8uyt2CHb6pXmjZnYiWbFhue1EYPKvjSE

Transfer 1 tokens
  Sender: Hvt6rQm6aGdHN7zKbxnSaeTFS23zkBrtTdSV2peS6Quh
  Recipient: s8ioBNQP7jb9JCSiBaxrbCzKMVQtVqQMEkssftVjLcu
  Recipient associated token account: 5WydXu3Wh3GjZUdxzuXLjGkHtuGCQQ3bKfzRUamSG7d6
  Funding recipient: 5WydXu3Wh3GjZUdxzuXLjGkHtuGCQQ3bKfzRUamSG7d6 (0.00203928 SOL)

Signature: 2E3Mmn6b5b4BSA47unZDWXCUnZEwF8DAnL4tUxAA5QSGM8KjmaU1e12gzcsNvjv1CdH4nigKeegAv5nt1Qjtvnhm

Transfer 1 tokens
  Sender: 4xHpbsnhpNk7Zux9ZRMAV6XsKko22YP6Zzrp9ahzifHL
  Recipient: 8xnDiEEaExducDAizz1ZFg1cDL6F3rEiG5r3V4g1AxGQ
  Recipient associated token account: GBkEXpVMHtZEDj4mhXrmJtfXKfVKP1uWpmCnubJHnVFY
  Funding recipient: GBkEXpVMHtZEDj4mhXrmJtfXKfVKP1uWpmCnubJHnVFY (0.00203928 SOL)

Signature: 3PrS3YdRGUQ92yKf1qM4wMpViTLR57bR28kD4kRKWfQmdxJg4GGekU2nc8p3xBfe4YoZsisyPXpWJRTSPrAfGLpP

Transfer 1 tokens
  Sender: 4nzVogjMz8ZerJy2rpYo9p5zcRgYdDBYBWM9FSchUt2B
  Recipient: 97xAKp8FjyXkiYqTtYWN9ArD7KxTevzaCAo7VCcwLAsK
  Recipient associated token account: 33aWr4gSmMaprMRY6rYUYV2VjRGUHfFwVXkBjfNApZLh
  Funding recipient: 33aWr4gSmMaprMRY6rYUYV2VjRGUHfFwVXkBjfNApZLh (0.00203928 SOL)

Signature: YB6nvmyundAuGbMX2CLzRVNrNQeUcYEjpMdpZJA4gGhUocgo9ceWPFVAjwUxcdkwmxTjHixC8kwKRNCgF7BFNis

Transfer 1 tokens
  Sender: 7aFZmaeCgdjJDy4wdrGxD7JxSiVZAYMtpNTY41RZzoRm
  Recipient: CDLQdm5Y6N9z75vEBv9Tyhguic9gFhJUV7nB3jnJNxAm
  Recipient associated token account: BXAPVFeXyVVMHhuMUCZ4gAoaXpq7MqZZqbzPKaCKd2sW
  Funding recipient: BXAPVFeXyVVMHhuMUCZ4gAoaXpq7MqZZqbzPKaCKd2sW (0.00203928 SOL)

Signature: caCZEnSiSi5rWxK7NU17LxSJKGL1bEgYuZLqW1bUmnTZY1sufTY7MDErt8rTS7Sgdm9S36h7btBc2oBtipQ1vzM

Transfer 1 tokens
  Sender: FuioQKrYJGy4s8HkbCn3kTpWYp2DWPBDVPSg3V3uuvnV
  Recipient: BSJrzadoQ2gqLwwHbGjDrU9WcKCxFVvbmnPcTHn8TNLQ
  Recipient associated token account: 9R1Xr8ZWZ5FW5688HmwSL7STQokknau7EGXakfNya3XT
  Funding recipient: 9R1Xr8ZWZ5FW5688HmwSL7STQokknau7EGXakfNya3XT (0.00203928 SOL)

Signature: 229ifnor65v2yh91XnwPqj17pSEFnjcfU2bVzKSRGpPvQLfGrECABqucpoNaAH3H5f9AysmatTeheoj5PWzSa3YU

Transfer 1 tokens
  Sender: 6N5ZBtRgMRoBV58tih2S8tqHz5SDHMUoE6ZmQpdyLrGc
  Recipient: Cm8cYtgtfyULCzisqUnMg68aqqi12PGZScouQfJRfrG3
  Recipient associated token account: GGQkiEHjwXWFoLwp73TxJvXdBwccLwo44w8MnNTAq1V4
  Funding recipient: GGQkiEHjwXWFoLwp73TxJvXdBwccLwo44w8MnNTAq1V4 (0.00203928 SOL)

Signature: 2Xz6sHx8fJd5F2V2JfVyzVd8Vo48E4FimVM96Beh627vNtpQS7SWumq9KRRJu68a8G2xecfFoTvAuPHQ7R6cBNYu

Transfer 1 tokens
  Sender: 9APAXWt3rvqS9Bi2dLHWMEf66RGNWTcGV9bj3Zn4qNQb
  Recipient: AEUto3eFWHLAmmVRq3Vo2fmHXwte525jQGG6D7pN4RRd
Transfer 1 tokens
  Sender: CGJnubkp23LtBgqBtWTdVsH3zykZDgerX4d4WFj1ArVn
  Recipient: EGdzraLTk2pzfQtqAEVBkAD8vikmQzui5xMprFqHnG99
Transfer 1 tokens
  Sender: 9APAXWt3rvqS9Bi2dLHWMEf66RGNWTcGV9bj3Zn4qNQb
  Recipient: AEUto3eFWHLAmmVRq3Vo2fmHXwte525jQGG6D7pN4RRd
Transfer 1 tokens
  Sender: 5oBrovpZfea1wvb6JwJUhjgv4vst6SnUw7QtKAFgDDHf
  Recipient: FhigUHSpoFwV9A1F7esGKqYsjGs7m2dsHgWzhkpxcXh8
  Recipient associated token account: CbxnhjdzEyPMwoVpnAwjtrKm2W4Ajk9ubYQJNzBaJTUH
  Funding recipient: CbxnhjdzEyPMwoVpnAwjtrKm2W4Ajk9ubYQJNzBaJTUH (0.00203928 SOL)

Signature: kvfdXTTRP8Ax8H2yLujX9tNUZba3wtgAj1PSxUKm7bVDFgAv14qp8tet9yXkxHSaDs7zvEzHVDTqLy5XMYBwK1C

Transfer 1 tokens
  Sender: 4xHpbsnhpNk7Zux9ZRMAV6XsKko22YP6Zzrp9ahzifHL
  Recipient: 8xnDiEEaExducDAizz1ZFg1cDL6F3rEiG5r3V4g1AxGQ
