Transfer 1 tokens
  Sender: P4sUbV4FacGfUrAjgwKxLA6FiDQhXChyrkJsgNKYqUp
  Recipient: 9ej7a4re5ZsayUKYpU91q5UEakEjCwK9mFb93zDAKwUM
  Recipient associated token account: FWwTPb9gkh31zQk73T8qP54jP5MF8P3Rr9izyTMdADFa
  Funding recipient: FWwTPb9gkh31zQk73T8qP54jP5MF8P3Rr9izyTMdADFa (0.00203928 SOL)

Signature: 12315219TZGXYoa9KdLt2voaSu7roTQKQhHNTFvpKKd16NR1xku4CEoLhae74M5vRwqvW9dUfgcxKo922gNVizGJ

Transfer 1 tokens
  Sender: 4dELmAMBsvHQ7eaBNgm4VPsFkcmiRzkdGKvUcxZRH8z1
  Recipient: EAdQAdc25Cbyyo6pEjPc3v8tJyTnBNsF9VJJd49RvzoS
  Recipient associated token account: 7Gr6G3JddTVVVoyWzgK3iLRbrhFthRkHTWkiem4ex7su
  Funding recipient: 7Gr6G3JddTVVVoyWzgK3iLRbrhFthRkHTWkiem4ex7su (0.00203928 SOL)

Signature: YLTXAK51VgenkfKRoSCaN2zMjXkfLrWJhHn1LMuYhTboMPz59WraL3Bz4wePHAhaLboXgfx5hXrVSb8sBYnqrc9

Transfer 1 tokens
  Sender: 5Uw6FhW3pw2R4uHxjaU23x27Efn5pc4fr7H8yja9kx3A
  Recipient: Evt92DJQS2a7UNRJp75J6dFB2WkiZ2nPHHsLMXrDs8jr
  Recipient associated token account: Gcx2AfEJmZBaEGcJ4hvUDPh116wZyhjNLLt5CSX68Xd5
  Funding recipient: Gcx2AfEJmZBaEGcJ4hvUDPh116wZyhjNLLt5CSX68Xd5 (0.00203928 SOL)

Signature: GaBoy1YeDKcd7nWLRTfXzStuVJ1Gh8afgHadHiQqgDDCVbkWJmiYwja1BKJLhS2zH99ysowRE1VHGvKFudxDC3t

Transfer 1 tokens
  Sender: 7gbwuFnQ8UstVWH39GANoYywNxY4p8CpEAXyD1p5Qhtc
  Recipient: 9X7kSbT9Wuu32C9nzyGbsvYt7EqGbRMgwWhBCBAMwfYF
  Recipient associated token account: Ab8TcvpJaK1D8JkWkNHbAp2GFKo9NyQsim5XQCTADqtK
  Funding recipient: Ab8TcvpJaK1D8JkWkNHbAp2GFKo9NyQsim5XQCTADqtK (0.00203928 SOL)

Signature: 5HGQBdorKJpjsJ6DTkyAbGiAzrsPCSBVboPE1fHZnHDEbzAu8vtgpWVBAuF4FsPQUou7pKt6tcpuSKLVvrsPeTKk

Transfer 1 tokens
  Sender: 5Q1PCXMr3YYwR5UfsMYTWEQF7jUDWEEoFQ8W1s7KtpQD
  Recipient: APuxQgMLdP8pZk2VzsppV9eUD4aQMmsCieWVyU75LSgn
  Recipient associated token account: 66HkhudSBVyYYw3zbpBa7kEBRZZmcqwPg3oUDBMP54sA
  Funding recipient: 66HkhudSBVyYYw3zbpBa7kEBRZZmcqwPg3oUDBMP54sA (0.00203928 SOL)

Signature: 5XWMaGm2s53u3cG3kCwbTB8ph7nHZhsvxMKL5U8MGdwKKzSsoqG9RSPkEy8Ro4FzgocufRkRnzuG48MBUwEUrc3s

Transfer 1 tokens
  Sender: 5B7oe393kZ1gCJ6ndh6ZHoDoKB3Muit6Fe9D17dwtpkV
  Recipient: 4iuz6Sieqaf2snAUqt7UUAGzc7FwYZSxV5PUzsKVuCt4
  Recipient associated token account: 7JRhoeub96tUPUqsui7iRt87ng6KP9ktUrSmyoX3PLbM
  Funding recipient: 7JRhoeub96tUPUqsui7iRt87ng6KP9ktUrSmyoX3PLbM (0.00203928 SOL)

Signature: 4GR2VowbrAXSbmNqnEVy9kaZMEEcMhzobJNbw9Rvtxkna1Y3LyEXjKJVxNtW29Bx7WfvA4Lz9E8cFJjMqV2Cr1qt

Transfer 1 tokens
  Sender: ERsbrwXXKdmEwdEtDkkAaaqy69Q88S6eeTwDPHAcJeCe
  Recipient: Hvc9q1mFBgVhDJwRMnQTtW4FQrLuAWLHq4icShieELu1
  Recipient associated token account: 3kBHQ7FNPuWhHco8xibCQqPADsmqvGy24z1x5qaeoZps
  Funding recipient: 3kBHQ7FNPuWhHco8xibCQqPADsmqvGy24z1x5qaeoZps (0.00203928 SOL)

Signature: 64TEV54v755mjtyFTwpKTvmnLdDfEKim3AqKHy3qrbgTbXxR7rhiQuk1GwparH1ZmmpigC4Efwyeng8cnr7SnqAj

Transfer 1 tokens
  Sender: 9TKLj7XHXvEf9eQnYh4e7oq8YD28UxGyejoay9jTmEDx
  Recipient: ESEQW24TCwcR4hYKCX6fZnDMaC89bAW1SuhsWzgN3E3f
  Recipient associated token account: 9p51hDQa1YqZLJFavoQCz5AXbUDqysfuodiJL6mT1p84
  Funding recipient: 9p51hDQa1YqZLJFavoQCz5AXbUDqysfuodiJL6mT1p84 (0.00203928 SOL)

Signature: U6ncQQYTopXu97PtVmiDZzLckXrP3PMphKW1EhDvcHx4pxpm4QztNVzCcRkWi1o9xz3VjX6Gdzn6eJmFtzGrpsT

Transfer 1 tokens
  Sender: BtJtZdbBB1fzSvASYaoUyZrsykUun4XCrJwe2uqeT28U
  Recipient: C91QVSPebG5w5SP8Wg97bqfnnNfG6j9QDuTFC5EM25jz
  Recipient associated token account: HwXCsYgVUKR8JYDrFVBEHEKgtu8pj4BnAbq5StWj7BuM
  Funding recipient: HwXCsYgVUKR8JYDrFVBEHEKgtu8pj4BnAbq5StWj7BuM (0.00203928 SOL)

Signature: 2mCXziofK7y5n36QFE7NhpNX6Ro5f8UhjgE4FTXAAjEJSyPLW5hm2apUBRccDa4QbjbU6d62f15KRs7oz31tsQbH

Transfer 1 tokens
  Sender: FL6TJhybz1hHcDYGsQmdJJSqTyLwDqJ1C65DSpifwHXj
  Recipient: qE1RDZoS4wJnR5aZfAW3WHEaiMir9mMrmk8XhA536Yj
  Recipient associated token account: FeYtp6Tr5EhZFpNyTW1GFYoeB9sq4xAUJuNhz99mTWeQ
  Funding recipient: FeYtp6Tr5EhZFpNyTW1GFYoeB9sq4xAUJuNhz99mTWeQ (0.00203928 SOL)

Signature: NvnszL5yW3dPmqKWPGhxUWUfMBQu4XH2WHjHUTctrxALX58MuUvLwpe3BKuobM6iGyAdTfnewHNa6Sg1NAFL6Go

