Transfer 1 tokens
  Sender: ArqS2XynWTTJfd3ASqK73s7xhknwSKQdeR5bYDqDJnZ6
  Recipient: 8nqPJw8HELJhME6WVhXFt7oc5GcQGGPqU16QP7WrRUe2
  Recipient associated token account: BdahRo8eBJetobYVpnGqbAwdHSEn2m4XKRecYmzKF9hH
  Funding recipient: BdahRo8eBJetobYVpnGqbAwdHSEn2m4XKRecYmzKF9hH (0.00203928 SOL)

Signature: 24CiYqaEkWxNaarvUczaQ939TEG6Z8P53pegd15T2SnqjLU8MpPXv9rRbrZdU4CbQ66SvXpvcnu4d9MiseFeQG9v

Transfer 1 tokens
  Sender: BLsGBTr4i6fXCVrLCHbc5zeUyNL59o6PSpHzYovt7cS7
  Recipient: 97xAKp8FjyXkiYqTtYWN9ArD7KxTevzaCAo7VCcwLAsK
  Recipient associated token account: BkT3JnFh1ziPd2ykeZsr9pHtu2N7czx5Pq1uLuY9Lhmu
  Funding recipient: BkT3JnFh1ziPd2ykeZsr9pHtu2N7czx5Pq1uLuY9Lhmu (0.00203928 SOL)

Signature: atWhC8AKANzHjcBXh5tZnWGEVTmjZo9p92gBtx6m3pFkHmg5harJ5bgFZM9o4fQgNdpsCoqDaogNkFkAGJe4mrF

Transfer 1 tokens
  Sender: CyFMDpGgNMfpzGcYVLvZ5Q9ancVAo1REaKaWDF6YycoK
  Recipient: DajLww9JAzbHx6VNacZZWYKQfUukB9bibGRcwwHs7e3P
  Recipient associated token account: AvkKsLPdGUy2DbJ15LtX9FjFHVhySvpe3dSRtLppnmvY
  Funding recipient: AvkKsLPdGUy2DbJ15LtX9FjFHVhySvpe3dSRtLppnmvY (0.00203928 SOL)

Signature: 23F2ym3gAPSdQ4ayP2J2aL87Sgju7weuihs2xQMwAdXWjn1F8z5AacJbdpBGWVX3adMvMm3irVh8sxooQwBZT7NQ

Transfer 1 tokens
  Sender: 3k8rNGa71gKcxD15s72DwXAmGjffRHrXHXA3bsdbARfT
  Recipient: HyJGn2q8vgYCH6urPsQXwxu6W5DqecVvBNTMU5RnnWrW
  Recipient associated token account: 8Nb6p7KVAuwxqbATHa4B5FMR4CUYpo7UXzcKgTXeV2a9
  Funding recipient: 8Nb6p7KVAuwxqbATHa4B5FMR4CUYpo7UXzcKgTXeV2a9 (0.00203928 SOL)

Signature: 2LSjQzHnf8xsAeESgPKqawQK12G1nh2rNAmGmZoDKBw1ZcskTemcWiYzSUoaDAsT35L9Lg6qbmx8q3X68NSsPAbg

Transfer 1 tokens
  Sender: EAPf6vQ19pXkDoqm6yp17ZvMrPzFzNfVXwJ5DaEPKJXa
  Recipient: 7RUcGmuvVBZ7u3FGfZUjgcrh17c8w9VLVSyQWYDnCDnq
  Recipient associated token account: G14SxDMNSuJCfuWpvyrhxY3vmAHWidRrmyhDJZLZEeF
  Funding recipient: G14SxDMNSuJCfuWpvyrhxY3vmAHWidRrmyhDJZLZEeF (0.00203928 SOL)

Signature: 4XBjJi2ZeUCTQSh9cDcSVLZ8SGVXTPboALffTBpoBtRhH2VmV8vJLRWqGdhtR6E7tHs75LypberQJ3YjmBFWM89B

Transfer 1 tokens
  Sender: DNhpZqwRJYZWNrStb4w35NmA7JyZhC7ZMN9RJR1C1W35
  Recipient: 9ZqsuK1kGGQrvnFFWeQgiZGUNy25RUeZkmsGWQnziSCg
  Recipient associated token account: EU5u3dad71bLPBTEtkmz4xmTFCHcKECrZb2ZoZyKYivh
  Funding recipient: EU5u3dad71bLPBTEtkmz4xmTFCHcKECrZb2ZoZyKYivh (0.00203928 SOL)

Signature: E1G8rUDmq1U9fRopNwVMaJ6TmDh83jJc3xvhWPwwouPF6fHC9HwAo5LoQ48YzSQQM7DX9FTyoJkyQ2EyPoAwC6T

Transfer 1 tokens
  Sender: DTes16mtSh5zhJ6McFjTiH9qc89dpuwxptufZjYntgm
  Recipient: AB7asjBRmtyFkTYSnesKRLapkeceJTFt1MuSqxAf4gHy
  Recipient associated token account: 7iEuUUkWSeFSicEEDmH3xeh6xy8YqPFn3hXhSc8eeD16
  Funding recipient: 7iEuUUkWSeFSicEEDmH3xeh6xy8YqPFn3hXhSc8eeD16 (0.00203928 SOL)

Signature: 5QyRurjK8M6oNPjxNpqJ4xduLcSFU9BtxiH4Eaa2XTWUeRt42cCaTNwsi7G7FYsvtauSEyHDZ3MSm1fet9HcrnLG

Transfer 1 tokens
  Sender: 2Myh1gJnm5pZTfYnvaCyXkwFgCMEJDDawiXBTsu3R9Ug
  Recipient: GWuAeuRDpAwKDxnVEDRW3hYn87dw8K91ZLrhhZUCftnM
  Recipient associated token account: 6E3rbhycFbhvBjzRYfveUM5bUCWv9TG6aGShRTRemw7M
  Funding recipient: 6E3rbhycFbhvBjzRYfveUM5bUCWv9TG6aGShRTRemw7M (0.00203928 SOL)

Signature: 4PvBsNF7KLJ9nHymKwzcTdLgHkXv3WRTn7WiQHMCdDybLevgchNxRxAFW8fAv8rwvra1D5msgT9EpKAUbDLscsoc

Transfer 1 tokens
  Sender: 74EmWdmkNowK3fYs6GXSEUD89SsaLgGXx5q45fsQBLuf
  Recipient: CkxRMCEtvseDys7v78SKLMnPJsrFPTTCQWezobSQuDU6
  Recipient associated token account: BhHCdPTpciaHYV5En7BCXBJEos4Dm5gN1DwvCidJjVy2
  Funding recipient: BhHCdPTpciaHYV5En7BCXBJEos4Dm5gN1DwvCidJjVy2 (0.00203928 SOL)

Signature: 2VRVuQSy9JNMizHBXEmMquRaFkSJnkrePtGiz2hFmEy5HR8LVTnZHjsr5A48HhwpGkZWopWpsGrYgLD9UcHRVHjY

Transfer 1 tokens
  Sender: E59m2eZnBhAsGBsbJiVYd6ayEyq5jFoEN5qrvhAJmCvk
  Recipient: 4jdeRxur282934sw8aQx9eQaA3tVUHgm4iiSdMTNY4Fd
  Recipient associated token account: CLgRuUBg9wp8dAsgzWT5uVoU2c4gABpc6WPG6kx7p9px
  Funding recipient: CLgRuUBg9wp8dAsgzWT5uVoU2c4gABpc6WPG6kx7p9px (0.00203928 SOL)

Signature: V9BbDF8AF7zGEtJEegG85vmKHJyWZYE96jFAfNUUguZ48dURXayRVfngk8PZ5zLQT9t1qoanM7Tdvf6kttBfXhJ

