Transfer 1 tokens
  Sender: ANAhszPeF6wTUHzoyWGQjxHUD96AynNR73P4g4YCGyrY
  Recipient: 8pFN1nu3ejuJgm2zKmGWnA27e6KpBo4Hsc4gtduhqewe
  Recipient associated token account: AKcYHrw7yfzZKe7kf1U1qnc5CEY4i3ord8mhNffA8oKc
  Funding recipient: AKcYHrw7yfzZKe7kf1U1qnc5CEY4i3ord8mhNffA8oKc (0.00203928 SOL)

Signature: 5crFmFNE37rngAizYNwpVZs1ynfv3hHEfU2PUhXBKevTB9DuC7mdM7RZBKuvxXoYkifkGiVu7JiBA1SBjk6r9qK9

Transfer 1 tokens
  Sender: D5Ppcd9jJuuZTmgzi8aXcEpxSWjZLt6UGxQmxbNoPwVF
  Recipient: D19N9udTVk5VujnBcmki6DTQMnRJCcZYs6yB5w3zk9HS
  Recipient associated token account: 4FbZrbG2XBLBPp4VSSmS9ELUdafuJGjDZV7KkMEdMsLi
  Funding recipient: 4FbZrbG2XBLBPp4VSSmS9ELUdafuJGjDZV7KkMEdMsLi (0.00203928 SOL)

Signature: 3MSD5kRMmUmy2PVk2P5JXFdHgJ5ZZDHY69exCNgoiAMcYiJW2YMqvdV5FreZNHt9fmcftWyAa4U9s7QwhuU3kYgS

Transfer 1 tokens
  Sender: ED4x7ovff8VDHnoEjCVyZBvdKQkx57i469dCbZeD4feX
  Recipient: 97xAKp8FjyXkiYqTtYWN9ArD7KxTevzaCAo7VCcwLAsK
  Recipient associated token account: 5uHz2ghFdg7Sz8bHLsk22az1BnZSkRwCQrorhPzqMTnw
  Funding recipient: 5uHz2ghFdg7Sz8bHLsk22az1BnZSkRwCQrorhPzqMTnw (0.00203928 SOL)

Signature: YCtLvZmMk35ydTty2RrxH3VoFkGee1fUV8WMsasCKL9mF2WtmeXtS173EZD8NyZRa4Mp44FuQxUBaf3ZdJUUHrh

Transfer 1 tokens
  Sender: DZvKcAZySi7V458AQG3Rnh9hPrLcnc6p1mBqU87ZADdB
  Recipient: FrLB8AfjaWgjqgkhDxkgLkso2jkXBAXToBgCWhfc3Aeo
  Recipient associated token account: DdbwcaAPFiUrJtrCSKgQR5okf9nDfqvnLHqTYJ5jQDmm
  Funding recipient: DdbwcaAPFiUrJtrCSKgQR5okf9nDfqvnLHqTYJ5jQDmm (0.00203928 SOL)

Signature: 2jm4yKtoWUJkSjt92VfupTSJg1Hkx71UY4dyj8s2oUtB7DyTMzUNa4hgfcSEwLt9xTQ8ioa7iB6aLSa7paroFWVk

Transfer 1 tokens
  Sender: 57tp8tosEB7tY2BXuG1PfpGFAxBSJjeyzFPaVQZ1NhbF
  Recipient: 2TQW7sBNqZRYZzeXKKF1KDxPmPAssbahk9ps4qUy6bBS
  Recipient associated token account: CMWMUH4AHrLa1vba2S5T2P8wr9PdJByYf3Lg7kryCUzj
  Funding recipient: CMWMUH4AHrLa1vba2S5T2P8wr9PdJByYf3Lg7kryCUzj (0.00203928 SOL)

Signature: 1pERDbqgo1pUnKev7d3S5k73Q4DhSmg4Y1xYUGMoXDY5vLJUEVxHsnHv4WM42jzv1ciBSr6PU56k5cFzx4y1ZNj

Transfer 1 tokens
  Sender: 9RZwc9qLaJi1hk9BDFeBedeXcQizGmEfjGa7Pe9hJFpA
  Recipient: AzmKB7i1dJucc5Ec1mxpoJor662CDFKAAWRstWDtrmaq
  Recipient associated token account: 7bNmA3jfM5atXH4aPquBJUKQdY6QEUANrGDLXgwW6Ec
  Funding recipient: 7bNmA3jfM5atXH4aPquBJUKQdY6QEUANrGDLXgwW6Ec (0.00203928 SOL)

Signature: 3enfoDYjA7qisjpTd1vu34NfHBZPYPfxjEXcAESbAAQqNzPQNTAQphq7EWYkaNR31RB8cWYqix4JKb7iRk6s2TdF

Transfer 1 tokens
  Sender: 5RMiBNYi1N8DZoef2EyPLVVdBJ8pi6NysMjU2pj7XpGu
  Recipient: 2jQTV4dbMWUwfWqvhebjcLx3wGUqWqaNtipVyR2wP87P
  Recipient associated token account: EXvNHAz54H1ohTy43zaMnh8mcFoo7GEbaeBfFB7WXLge
  Funding recipient: EXvNHAz54H1ohTy43zaMnh8mcFoo7GEbaeBfFB7WXLge (0.00203928 SOL)

Signature: NNX4vZ3r1jSeYXyT78KKiHgp2LacUWZVLTaJbBzSc46Gfuak7wSivdwFLvo6FD7reHsg2WTHqECw1QjWYDGM2YE

Transfer 1 tokens
  Sender: 3UWmpo925aScYwY7QobhRUBAMm4vLJaqRvoYerQ2iSvF
  Recipient: 4tR3CkyDUzQUy1YPvbL8niQEjxwYaDNbh4X62fWXeBfJ
  Recipient associated token account: GuzSwP2GGa1gRJLsu3GC8FcK3LCz5nkcDUWhsJ43hkKe
  Funding recipient: GuzSwP2GGa1gRJLsu3GC8FcK3LCz5nkcDUWhsJ43hkKe (0.00203928 SOL)

Signature: 5bDJbJWPb1AbYEGTUKg5bqxWJ1RCptjRS5XNWn2X4MqFSYCKqd5bhnmiPEnQscZfuG8poXPKkrsaSiafsxT9P5Vr

Transfer 1 tokens
  Sender: BpWZma1bv6Nez7QRBU5cbWZPTJdQoGzhwVFmT1jmT6DG
  Recipient: 72n9K5fzFCc1dF3GnBzCUaH6oea7gRfQoLiwM7sCUusQ
  Recipient associated token account: BjLYm544L3C1Fhsk3ReoCCfCXLsonWCxweeoPu19Mbtn
  Funding recipient: BjLYm544L3C1Fhsk3ReoCCfCXLsonWCxweeoPu19Mbtn (0.00203928 SOL)

Signature: 3FHArBWaFki7wtsLdiURN8jVQNRgCTeQmRjNWubF8sKn8xadgzgwnM6D6GGtzTmYU4KF4KZZLo757BSH4N9HLzdk

Transfer 1 tokens
  Sender: H8w29zeiAvBY1RRVX5QaE457hbuuBRHjRryDeQo6pxi8
  Recipient: HEES6g3w17E2W1sbTRcntW27sjwJYQh8oFQBGKpMMLnZ
  Recipient associated token account: FWS2oc5kj5Z27vBNQmHYB8a742sAGdnApYmi6Sb7Lc7L
  Funding recipient: FWS2oc5kj5Z27vBNQmHYB8a742sAGdnApYmi6Sb7Lc7L (0.00203928 SOL)

Signature: 415SkrgLLuh5NtpzCqyv5bPBYVZq8VKZUc3oj6bg8mx76ombMgrpZv6L2pNmrmFbozx3tPpUEKVo4dHj9gR6adHZ

