Transfer 1 tokens
  Sender: Cw3i2NDxFVKGhSUgWZVDvQbeKXTF4noV2XrfYiqF8BrR
  Recipient: CKBRPDZHbepkq2Fd9yuaeA2aCWzhuY8BWLMEc2q8gipi
  Recipient associated token account: 8TRPg1hRABUNSabCkxQNd9fyS9hxyn3nUAkyVso9os4j
  Funding recipient: 8TRPg1hRABUNSabCkxQNd9fyS9hxyn3nUAkyVso9os4j (0.00203928 SOL)

Signature: 4sPeDhHHC8xUzDRMcBD5Ewhx7Dr2b6C6ZcKzHdtn2TZgBoz9nZyy4SivWUeXks7H4Hg3S71PbvsmGTFdpFStZXcL

Transfer 1 tokens
  Sender: 6g8d38dFBAn9HvnQLye7YZD2rxBqEHUKS6bpE7gy2j5Q
  Recipient: 4iFJF21h1DaFSmFGoiza2dpvfZmg1d7gcgM3SHNZFgjy
  Recipient associated token account: 9f377Uvq9227kwWhgqapcpLi9UJZGqYhaVGTossvWscL
  Funding recipient: 9f377Uvq9227kwWhgqapcpLi9UJZGqYhaVGTossvWscL (0.00203928 SOL)

Signature: 31JfwqVj3xwpTnoaBaGxaYLdPxhvt1Dag2pfnPMG7jGuSXh8DZgES7U9gXKa1dKiMQoxAVxhkGHATczJaCjv59in

Transfer 1 tokens
  Sender: FhhZ8pmsgsQv5M5Cm499BuaBFen8E4ihvq7WayGvftf
  Recipient: 8bXJ9UEQ8RUFw2mpy8eQYb66oBu9gM2z49XXfsHB37Pu
  Recipient associated token account: 6apN8weCfBoFfP9kCZTmUc3E7a28vEz3cgJo1PYmVFB1
  Funding recipient: 6apN8weCfBoFfP9kCZTmUc3E7a28vEz3cgJo1PYmVFB1 (0.00203928 SOL)

Signature: 2CBYtBdjFcDvzmWjdcn1NWz55aoaSVudb3R9Fug99frWM3HqHYh4RAGReRK93uxyBZ7ifCnao9sRKzTbX4YSvHHq

Transfer 1 tokens
  Sender: 2sPqcXH5UYEms62HGpRiHQff5qnp6ndQSdM2N2VEmqS2
  Recipient: 7srUnsGigLyApFwxw3MgNawzDrEkDYpjZtoQvBi6ayeU
  Recipient associated token account: H9EsrUzXKKijHTuSVnEnSix2GkebAAHMuCwNGgdQL89q
  Funding recipient: H9EsrUzXKKijHTuSVnEnSix2GkebAAHMuCwNGgdQL89q (0.00203928 SOL)

Signature: 3fiZGzT7WLtT75swms9pZZ3KA65VZHmY3312KQ5pFf8hQ7C9RrGHZX7e5kzfZL2DBw7dRDy7Jbh57hUBQZzUdxkQ

Transfer 1 tokens
  Sender: 95sDvJP3LzMuUhaPtFksyBX9VmjdHcDf8CLEy5gqmkVq
  Recipient: CYYP4j1yrjxCkmC2m1q4ByTQio5szs3a5hKAXjeaMvvd
  Recipient associated token account: 2fsBbX7yRmc2dkWTkjY5RgcpUdW4FpDDHvBVv9ZS6cFV
  Funding recipient: 2fsBbX7yRmc2dkWTkjY5RgcpUdW4FpDDHvBVv9ZS6cFV (0.00203928 SOL)

Signature: n5fXNxovhdoK9k46Z5xTj4oEuTesHyFRB96TNvnhQaxLu23gycnbMmWi9xuNmosEsexvPyvM7xY9pH3aqrr7EPT

Transfer 1 tokens
  Sender: C53nUB9rC5ehGxsn1g9dtkNCj5xVEs3RnWze3bx27nR6
  Recipient: Fdvnw3Eq8nyTnUP7SFpgp6idKxaNPZsSnCKYakgTzGTm
  Recipient associated token account: 238f1JPyces2C3LbKmVtB2A8sSDniqbDkJd5LnVje13v
  Funding recipient: 238f1JPyces2C3LbKmVtB2A8sSDniqbDkJd5LnVje13v (0.00203928 SOL)

Signature: 3FpzKLoVGK6gWECmJBKM1YwvKNL5bietdcB2Di3yQiG7pemgx3gCtG9vSBVVuULkWPYyB779m4EpR69mBdKXXok1

Transfer 1 tokens
  Sender: CEeBgtksridKcVHTN25xKkM8nkUusy8uSKYT1sgLTmcq
  Recipient: BzHu964qt7p6KW5Fx93E4VR2xYuTit3NMxAncrLc7gj4
  Recipient associated token account: FE39nGbdNmxDQYmg8yEDCRbLimM4pA7jc7jsMyVUePbg
  Funding recipient: FE39nGbdNmxDQYmg8yEDCRbLimM4pA7jc7jsMyVUePbg (0.00203928 SOL)

Signature: NLmefsk8eEbkKcx6DeNrdAVvoCyTsmqL3boyEQyBMVGBwoR4PFfAKT9iTZJ1jSB5Kvy3KeHqqYaf2nfsQJyBVam

Transfer 1 tokens
  Sender: 2cXUd85MJzwvm5nrb7WaNTSTaAU39HdXFAuHkDDBaQz8
  Recipient: H5NLAGsTUtH9tDntb59UCuMtACcDSSfoFUtZLZQd2VpQ
  Recipient associated token account: GkFmgmCLafpyDxYeFzuLpyyBtVQvuCavXTc5bGe9yDxp
  Funding recipient: GkFmgmCLafpyDxYeFzuLpyyBtVQvuCavXTc5bGe9yDxp (0.00203928 SOL)

Signature: 4ZhrEqqPdiRUMRyPH4R5DNKnEeSGC26BcxgAugU5NzQA7cdDw32cHFfNrMt8SKho9kzHFzdWg9REFMwwj8nfCUYy

Transfer 1 tokens
  Sender: 2xRSMbQKmF7ujnjuvjN16LXUdyAFmDC6GSyR6ahiSjA1
  Recipient: GTNaEeoDEw5Y3xKDDdpGVnEbVkeqVvd3DuszppWs2edg
  Recipient associated token account: YFQzJNfxEktTuowk31MRq5xS7NJFpcCANc8pJZfziGn
  Funding recipient: YFQzJNfxEktTuowk31MRq5xS7NJFpcCANc8pJZfziGn (0.00203928 SOL)

Signature: HSMEverykW3GLgNU91LBcPPtzrnJZZVVSU3diguEFzZZTozXgupZ1mH5PCJ5b6CDGfqTKGyuoDuxEkGYbAFPsPG

Transfer 1 tokens
  Sender: AuCQWyF9vhimG3FLE9bkshRFncJsMrXh7PZyG7Jq395y
  Recipient: 5NeRMVmKVGEzsKS3MqiVS9iJb54hxGVNs96eAhz3afH3
  Recipient associated token account: GyXPsPMyGB8KvdgwjR73wyaRhQ8Gtu84PNoH7LtKzbnM
  Funding recipient: GyXPsPMyGB8KvdgwjR73wyaRhQ8Gtu84PNoH7LtKzbnM (0.00203928 SOL)

Signature: 5BxRmWQ7TLtVMdoKB4fX4pEZm1AD1r67Ko8LNxNMUJxV4NEjErzcn2mZD7UZrqE1ahQ7TVaD5z6wWQWepMVmmFR3

