Transfer 1 tokens
  Sender: CRGiHfwLvgArTmREwa2JVm6MCfRQ9nueAtF3KvEWDrK4
  Recipient: 34RGNCCxEj3bE5NdoRCevxsFyFtmwAGjctFkr8rqtMof
  Recipient associated token account: DAh4kjHe5R9D3zDpZn296Vd734WER92wVGsR1AkU4exo
  Funding recipient: DAh4kjHe5R9D3zDpZn296Vd734WER92wVGsR1AkU4exo (0.00203928 SOL)

Signature: 3dkRq8dhoCXNrViHFR14Emn5HJeAhrpowAFPbPZqGKd1DWppHEVDET4vQ2wH4wEbGQagLRfw6gGaMV9dmsryx1DN

Transfer 1 tokens
  Sender: 4eGVY2Ls3VCo8TWPZV9i7v1P6y4HLba5j82ANnUu3oAN
  Recipient: 3VWia87hNkxgg51heFc9z1GtZdmSuC63RGtFe98Nnsbb
  Recipient associated token account: Dq8vYBxYa1P58KgnX7KUkS7ZQrPPVrFmwNQbFbE3dQC4
  Funding recipient: Dq8vYBxYa1P58KgnX7KUkS7ZQrPPVrFmwNQbFbE3dQC4 (0.00203928 SOL)

Signature: 2tiVVW5DVwppSAbAwRoER7pWNSSVDvTdkYb1yt7nUQBHosE7YdzFmuoxKsFaTZLkVPc2HZyPq1ULPx2gtxNmADu4

Transfer 1 tokens
  Sender: CqNcnoAFiQHduW54EgbMwuNJo7d1WzhTyeDE727bPhZ3
  Recipient: AzmgakTxLAutgbcNkxi3S4M6MvuZvwcrzMc43ErMFk4h
  Recipient associated token account: DCWYCpbH9HYyDDC9W81qb1w2U6zUM2CTkGUvAd2xxvP6
  Funding recipient: DCWYCpbH9HYyDDC9W81qb1w2U6zUM2CTkGUvAd2xxvP6 (0.00203928 SOL)

Signature: 4cEQG8vmHDiC78n2CJTrQqLpjd3r9UcmgRedh82M9Uz517nAdfrKErQSEQ6kAWiTL85C2gVGJ3aK6X71Qr8gdxmg

Transfer 1 tokens
  Sender: HrV6RgEf5DwgsPH5akp1q4PoPVQ2DK8s5ZjrPHpBC5im
  Recipient: CmkBNXWVWjdUTiHScpwbAjSPu7XhYurssggXD3urigz1
  Recipient associated token account: 2GhbZJWtV13Yvgk62AXvnHzCp2frpUf5akj3eNhYsoCT
  Funding recipient: 2GhbZJWtV13Yvgk62AXvnHzCp2frpUf5akj3eNhYsoCT (0.00203928 SOL)

Signature: 4hjc46ZcQe4UJPo4x5Gs2A65JV7AUWq88W7mCHkaPS6XxbEUqZpaCmwFthk7SJB5XnKjj8bYmDiBQxXbPyj8p6FZ

Transfer 1 tokens
  Sender: 5NzBsiPBLLFzLbQsZiWBe2wnW6y7K2CQLRy6ffLH4DPV
  Recipient: 27TNAPE86WKjPw7wyEp39NSZpmDBR9peuUw2eNFqPvi7
  Recipient associated token account: JAXokE2xzdBWpE3k4AcynmJTY5kwoVy51yKdEfe9GGpf
  Funding recipient: JAXokE2xzdBWpE3k4AcynmJTY5kwoVy51yKdEfe9GGpf (0.00203928 SOL)

Signature: 3u3buYEG1NKJAytiiQAHdoC64P9HS1AFvY4YLWWfMERaSdEVm2YeN9BwfuL8DGiLd2aku5EL8dVd4BsRW8D6QnvE

Transfer 1 tokens
  Sender: HsX7xXMvtVQe6GbyeGyQNa2Y8yzxK1iipSurXoVsvx4e
  Recipient: DNRrDnPWMKfQsSLCZCa9th1SBsd2n5TYAzqcfEGZafpH
  Recipient associated token account: GpXFgzn8EzFKpSFpji8Q5mjuKemb6hYXYV62YjbRwnTv
  Funding recipient: GpXFgzn8EzFKpSFpji8Q5mjuKemb6hYXYV62YjbRwnTv (0.00203928 SOL)

Signature: 4mU955Z5H9kRdGABzyCbnHKdvuJpYbpEcdCZ1DnCXjQkjsNG5AxXk218r2j1PCDYXY1T2yPXU8c3XuGTNhAUarUB

Transfer 1 tokens
  Sender: 4X2kvbhAkp4Wuu3jKYQdHR6JtP8P4KoHjAn4X8KrHsRK
  Recipient: J93Difd8Nya2C8ii3kjnbPyZEVKPTGu1KXaxe5wRghHd
  Recipient associated token account: H5Uo6ZUtYduPSnVTac6sn6FmK7gAKNhF2FzaYEgM3qKX
  Funding recipient: H5Uo6ZUtYduPSnVTac6sn6FmK7gAKNhF2FzaYEgM3qKX (0.00203928 SOL)

Signature: 2DByQNvapGwTpN9AG3UtzCmAxiePEYHxD5SAUhwLDQZPDrx7TQUWc795Vugmk9c9dCqWDqCexh7dGsneuQhedDtM

Transfer 1 tokens
  Sender: C7x56vWtp5nd2gbnKvNkeywQj3YoSKz9LHtPhfiBUrWz
  Recipient: 8w1daYHzhTCuwHKiY3qSzZgs8xTFnAxCThg9P9HvjEcQ
  Recipient associated token account: 5kKyoTNK9Lj7aQXq2xzgLhuBznMxSyWPRDWUJznjy4L7
  Funding recipient: 5kKyoTNK9Lj7aQXq2xzgLhuBznMxSyWPRDWUJznjy4L7 (0.00203928 SOL)

Signature: 39quNFsgLfiTM5bPeWUiHgqTxCXdMRM7ifwgSjRkuEh5jbfzSLW3FYZEzoLW1rgCyENtLmizSYuz26DBXDcTSwmB

Transfer 1 tokens
  Sender: Hiqec4UVku8VUf1uSkpUbnngJ4FsYVt5ov23ENNr4gDf
  Recipient: F3hzbLTD75Shbpyu8tdztMhSrh9vZ1qMwTCopx57A5wU
  Recipient associated token account: 514X7JcivtHTsjis3T54yerJK9ag255RyWX9ShD3kcJs
  Funding recipient: 514X7JcivtHTsjis3T54yerJK9ag255RyWX9ShD3kcJs (0.00203928 SOL)

Signature: 2xYfX2r6SGnsVY5CyxnAEpw88bdy7xR4vD9ig24TcQ7tuiiLGqdLwhR4Eij9GbC7AQo9wjoXpVK6iYvC1KQjvzw2

Transfer 1 tokens
  Sender: BqUDLrAU2Y27rX7id654FC746JEc415fRvyjGKi5fFBD
  Recipient: 5xuCrqwAh1Tu5MsXLXtpnX6QAYuZ2J5raPJamudv4Nxe
  Recipient associated token account: JDB1PtkWfa2x2C3vnoJE9rz3pG1NcsnjEjmctTRN2tKj
  Funding recipient: JDB1PtkWfa2x2C3vnoJE9rz3pG1NcsnjEjmctTRN2tKj (0.00203928 SOL)

Signature: eqYhnaHpGGBveJeWueMbxpAh6QcNZxiFYHg4KCfhTkfDrV5oLH5FwP97QUBDVhH7zN9BnxHqxnm1c67QBi61xnb

