Transfer 1 tokens
  Sender: 4FpwnmpG74GFkVo3PhZj277gD5cu2DKVfGgp8qDWMFQL
  Recipient: 5sQ7hzMpqscY1JYkzHdf9kPwY1xGPoJ88kLoVqb6V9ss
  Recipient associated token account: HZrxbRmT75PLCTQDShrWoFqQwz6r5EDDzoX7EUkTPg7o
  Funding recipient: HZrxbRmT75PLCTQDShrWoFqQwz6r5EDDzoX7EUkTPg7o (0.00203928 SOL)

Signature: 3TfNFhUhTK1TUz2Eg5rYSRYZ6YvDEtvqUeVBAzzmK3RmVjqPJVNyBLZCR7wyrGF5Xz2inFkJnvTZJcUqmfVnkTbV

Transfer 1 tokens
  Sender: HJ9LYQrcMUknWWN8UzPSorqihN2PurJc48eeAoeKZ1ab
  Recipient: LCNyzyqQWVxmWFLX1ke7Yt8Ho4QokRSQtunfqFwTELF
  Recipient associated token account: GXSbar7GSyd135EFkkszfWLmX9gnwU2xgP67ScHM3Z2e
  Funding recipient: GXSbar7GSyd135EFkkszfWLmX9gnwU2xgP67ScHM3Z2e (0.00203928 SOL)

Signature: 2aHtz3SfkXc5ykyVs1xcRWzzSuK7ACPqnPdRpgcNCfjo9EPP9drTiXvUwBrWi83LH1fZYcVaKwksQa7nbQQQ5XRv

Transfer 1 tokens
  Sender: ETZDJgWYHKw5qqHWLMm7Q56vtgxcWjt44dLFvsyKcz4d
  Recipient: 7mC95PfeHRNvgQh9hCByoNi3kzx5oRx3QjbdyrtvjiPV
  Recipient associated token account: DLy6Ro161Wq1cE5QbhN19MLVJFRqpN99DWsvN2NG55W5
  Funding recipient: DLy6Ro161Wq1cE5QbhN19MLVJFRqpN99DWsvN2NG55W5 (0.00203928 SOL)

Signature: 5uZbBTsnca98pj1rRFFjXpaR1H3TbhrNsjvnFFHd3Be5ScMUMJ95Lb1oG9ZnpM6N6kyz3e4g6LkSs6xa2HizsBzr

Transfer 1 tokens
  Sender: FPZRAsX8mNcGtv3wHtKv6ALXsVEWFKtcdFxybvQW8ez9
  Recipient: 8jM2e7C64cuhLd9Jc2UAQKUiCfgB6nP5LiugTzwoeb7A
  Recipient associated token account: 61xxup6SyDDeisKiWD2ueAomjDS3zEDr4F2GjMLTiZfA
  Funding recipient: 61xxup6SyDDeisKiWD2ueAomjDS3zEDr4F2GjMLTiZfA (0.00203928 SOL)

Signature: 521Pn26Bp7H18Mgx8mDYbWuKEkqpXvxmA6aZ2E82MPe65JXZSE9hjeudUtmRzNUpzMSmsuEq7pw3JbJLwRYS1fSF

Transfer 1 tokens
  Sender: 5nSPcXuKHTPbPCtMnr73JDWb91xWgaZiPN5S8XBk5qXd
  Recipient: 9MSygCP2RKyYEK4xdCtASEGgnfuJYgcg48khe7oQuxfW
  Recipient associated token account: 9f5ePk1Zc5eP6WGFtzgL588oa6BKkkEsmNs3Cib17k9A
  Funding recipient: 9f5ePk1Zc5eP6WGFtzgL588oa6BKkkEsmNs3Cib17k9A (0.00203928 SOL)

Signature: 2NtmbtBd5Qegp8eSk35cCUpmVdguLRDMKvnSYz8Cd2gLDDnocVCBppLymtToxnrRJ8JjG9rtCSUra8vb1rWw69VC

Transfer 1 tokens
  Sender: 9dfmrSh3Exu73TwdCsy4nk1fr4CFdLahqDZzChBXuBvM
  Recipient: BVFTQzEas8kMPkcugksaTTuLnQJ8ESxtLryk4ngdyvjU
  Recipient associated token account: G4QLTXJf5ftbRb37Lphdzc4Wq7fS8kgK2BjnwY3P3EHq
  Funding recipient: G4QLTXJf5ftbRb37Lphdzc4Wq7fS8kgK2BjnwY3P3EHq (0.00203928 SOL)

Signature: 2NUUxz41YyGcRChbvrwJfM1r2WRaMJzkTCk7h25hUshLC18B6bKAy8QZEGkzr9kKSsc5YsmxSAncT16ywyeeCvwn

Transfer 1 tokens
  Sender: 36ssWRutVdgvNsPQhXdnRLjFjyJ39HSW2UhLJS5i1hSA
  Recipient: 6dSb5S6UeiXA75An9ZU9wsSphJGjF8KcoaNSAe5CdGAJ
  Recipient associated token account: EEoY5omSuom2LrwbgKfN1Y7R6MmpPcTrMrU2uY2UUNt2
  Funding recipient: EEoY5omSuom2LrwbgKfN1Y7R6MmpPcTrMrU2uY2UUNt2 (0.00203928 SOL)

Signature: 4y6Zgowtt3rKCvMUXq46c1huSPiaW5ZGHVPi7FVDSZ3ktSSDnJ7C8wayEyvBFQsRVErEsMm32JKUBQefFgBS5Bo9

Transfer 1 tokens
  Sender: 7BwDWh5kXNqaKegbdPrGRTqKvCkft83G7mrjeVUMcfr8
  Recipient: AbqQPHMbkXWvGP37u32CZh94dynqmuUcy6DJYLjM5bak
  Recipient associated token account: 9koswMVvwLKdPnUeruy19Zx5sb6emuwvqcenN2c1tWjD
  Funding recipient: 9koswMVvwLKdPnUeruy19Zx5sb6emuwvqcenN2c1tWjD (0.00203928 SOL)

Signature: 61CD2dGntS6q4FYvkQ9NW4HmkqsgxRJ5jSwSyBuPnYeAazRgxeayT9K8jNfD7ocp2nMcXfeuoVw3s6d9UUuXYQLE

Transfer 1 tokens
  Sender: FPZRAsX8mNcGtv3wHtKv6ALXsVEWFKtcdFxybvQW8ez9
  Recipient: 8jM2e7C64cuhLd9Jc2UAQKUiCfgB6nP5LiugTzwoeb7A
Transfer 1 tokens
  Sender: 5nSPcXuKHTPbPCtMnr73JDWb91xWgaZiPN5S8XBk5qXd
  Recipient: 9MSygCP2RKyYEK4xdCtASEGgnfuJYgcg48khe7oQuxfW
Transfer 1 tokens
  Sender: 9dfmrSh3Exu73TwdCsy4nk1fr4CFdLahqDZzChBXuBvM
  Recipient: BVFTQzEas8kMPkcugksaTTuLnQJ8ESxtLryk4ngdyvjU
Transfer 1 tokens
  Sender: GiTegN5Y19Lp7xXCNiUPXekZXQNeWiTcXpwMWeSn5Vkp
  Recipient: CakCB2mYApvhtzJWgmejHjuTAVDGbBk5zjzrDctgkxjM
  Recipient associated token account: GCUP6zgJ92SzN1udJFjvSGBrZkXMDhi9UW6iD2RRrqsc
  Funding recipient: GCUP6zgJ92SzN1udJFjvSGBrZkXMDhi9UW6iD2RRrqsc (0.00203928 SOL)

Signature: 5c69imQBXERb4Mmek2exp2fsotcCxGnKVYbDPuRWqBg4ykYxdQ49WiWcUz5bP1W7XBbX8499UZZfKn9vkNNP8Zvj

Transfer 1 tokens
  Sender: 7BwDWh5kXNqaKegbdPrGRTqKvCkft83G7mrjeVUMcfr8
  Recipient: AbqQPHMbkXWvGP37u32CZh94dynqmuUcy6DJYLjM5bak
Transfer 1 tokens
  Sender: G5pZpzJ3QYKTUbsgmHw6hy8pejoK6noi7GHHuX6oPLBp
  Recipient: 5jYB77i34oXCWHHjHReM6vanEtVUifTmVJwwxdawj7uR
  Recipient associated token account: ENLnUyTv2EBDQX9kHvzrwqv6XDYxPiucjqqh7s3W3FPW
  Funding recipient: ENLnUyTv2EBDQX9kHvzrwqv6XDYxPiucjqqh7s3W3FPW (0.00203928 SOL)

Signature: JmsT6Mq4bQSDuRcW5y51HsussK7mY9T9nDPfUpQ7BZveZLjphqNXEYb1qxDK8VmgQBJNc3rZhAh2ZE1tdTjA3P2

Transfer 1 tokens
  Sender: 4FpwnmpG74GFkVo3PhZj277gD5cu2DKVfGgp8qDWMFQL
  Recipient: 5sQ7hzMpqscY1JYkzHdf9kPwY1xGPoJ88kLoVqb6V9ss
Transfer 1 tokens
  Sender: HJ9LYQrcMUknWWN8UzPSorqihN2PurJc48eeAoeKZ1ab
  Recipient: LCNyzyqQWVxmWFLX1ke7Yt8Ho4QokRSQtunfqFwTELF
Transfer 1 tokens
  Sender: ETZDJgWYHKw5qqHWLMm7Q56vtgxcWjt44dLFvsyKcz4d
  Recipient: 7mC95PfeHRNvgQh9hCByoNi3kzx5oRx3QjbdyrtvjiPV
