Transfer 1 tokens
  Sender: 9AZa8Gvtq8hebqk55qZLswzcQgBhDxus362UUu6p7cYb
  Recipient: 7tMyU22ViPrhY14fy31bSmTsQK6rwc9q3Zbq2u5RkZis
  Recipient associated token account: EHYeAwbPzrC66w56iCSy73axFaNjVh1dxYF1ceEZAAZY
  Funding recipient: EHYeAwbPzrC66w56iCSy73axFaNjVh1dxYF1ceEZAAZY (0.00203928 SOL)

Signature: 3itt3RvkL6DdzBzE4dx7oARBaCjj4dKEWnSXHRYcaYMSZSLT8XvqCT4vBGGV1uwEzThdTtTiSE3hTCs5GcGJQRBQ

Transfer 1 tokens
  Sender: GLuiHMk5GmKhecs13UbB6HZnyQg5xWEjfNEVbYm383Tr
  Recipient: 3QCo4nbaPYJprdm3ShVoushSZKnyFjiVK1Y9u1ornBS5
  Recipient associated token account: HuMnLWwGYLueoMfLWYvHVAVNeRVHJn8PR65M9bgkHRgs
  Funding recipient: HuMnLWwGYLueoMfLWYvHVAVNeRVHJn8PR65M9bgkHRgs (0.00203928 SOL)

Signature: 58Bo6qKUz854v5QNsyawoNvZHsKV9ZzE7ExqaJfsKpcLedKcNM4U9CfDv8xRbMAmFW4LWQXc2LHVuuT6Fx9DYq5F

Transfer 1 tokens
  Sender: 6JgmJuVt2tGYdWN9XirCwRnfr8oFAPXw7fM7ZjQ2NNF5
  Recipient: FWq6JAiMHq438GsMFs6PEtn5yu7kFyFB4k5VLRdRPpw8
  Recipient associated token account: 2BdkD9Y3CMogKNbhgBem6FUcgEtvseTnrsJSvGqRewkL
  Funding recipient: 2BdkD9Y3CMogKNbhgBem6FUcgEtvseTnrsJSvGqRewkL (0.00203928 SOL)

Signature: 43uzCPd5uEicS1He7jiSY32NPV1PxgsLrsUq3jWp3XX5kUemSnCpjm5ehtEhsUQuNbz68cu82f7H1KyKpjr8sfbN

Transfer 1 tokens
  Sender: 6FgXjJKaWG8TDpcoMZpgHxxi42gM5KVkDJucFucJz5Xr
  Recipient: 9KJbbRm5qjnWBNZNv3Mhk2hEFqqDAYcCHuUPxnG7W64g
  Recipient associated token account: 4MZBUdCxFQ9Ho8o2Ng5UoVL9w8LjidPdCvbmisiVg6r6
  Funding recipient: 4MZBUdCxFQ9Ho8o2Ng5UoVL9w8LjidPdCvbmisiVg6r6 (0.00203928 SOL)

Signature: pfSrkuUwrJfYY4WRQQJ7seGcqWpMmCiRuK3zjUpvD11k4FPUENDmVF21mQ5LXYhe7yZzJEVnZfWLdQZW18ETVBT

Transfer 1 tokens
  Sender: D3qsKJHw2xSL3LMhe51xb521zVGw6rbv9dBCojcCjbWK
  Recipient: 51oET2dy4vCmZ1JMGYR9hbsvsLng1vcLD6z2AZp1uq1j
  Recipient associated token account: DDb2W9XGUk6y48hrq2avrht39dzrWNm5fzf4ASZaPAAq
  Funding recipient: DDb2W9XGUk6y48hrq2avrht39dzrWNm5fzf4ASZaPAAq (0.00203928 SOL)

Signature: qjxAZ73GZvXDkSBwNbq6QUqtvsCeGpLGqgiiydvLJhGfNBsq5FM2CuMjGkdESHeACpkeVSGtzJmE4c5dKKnFHET

Transfer 1 tokens
  Sender: 8Ck46gC9tUkADPGjreHavg1LPDXp7P29WvDTeboFmWHc
  Recipient: 8gChtKNEiUGRjKzmPBiBjeYKzeukEsxY9H8SrBTdRtYH
  Recipient associated token account: 2w9oXtyUybL9NV3jemRK3HR6vZS2reBDnLMxoPvP9Xue
  Funding recipient: 2w9oXtyUybL9NV3jemRK3HR6vZS2reBDnLMxoPvP9Xue (0.00203928 SOL)

Signature: 2NsKhbnULAANC6ryCfAwFL2NBLseiLPd3zAp6S7vkfZmFgjA3uK5QLEFn68spFAKSSu8GVUYDrgbXaj7mZvsvYUE

Transfer 1 tokens
  Sender: Cjxtnjnwh9SMAXFrSNdCGWHnq5nkZnZxfLrVAjc2wQA6
  Recipient: 51oET2dy4vCmZ1JMGYR9hbsvsLng1vcLD6z2AZp1uq1j
  Recipient associated token account: CKZ4UdqXKTzwwc2PvHcxBMAwAuid9xombE64gegt2G9o
  Funding recipient: CKZ4UdqXKTzwwc2PvHcxBMAwAuid9xombE64gegt2G9o (0.00203928 SOL)

Signature: 2PSP14M8dDB5uGWUWWsPSj8hdNy3yK8P6YBz9K6Qk3K5eVM1dbSUTT5dRvzX67BmCJP2a2rvkwZyy9rEKraDEogP

Transfer 1 tokens
  Sender: 8WCugFUnB3JYhQgLx6sF9kMVadEs5T1cc2tg2BHM5u2r
  Recipient: BU9GQbSnXQcF59sm5VW5vM4QP138cM6s2vV4p4HhrDjY
  Recipient associated token account: 7ggiyFp8wNZfoGomf241XJuj3hbswtReCjWomc6FT776
  Funding recipient: 7ggiyFp8wNZfoGomf241XJuj3hbswtReCjWomc6FT776 (0.00203928 SOL)

Signature: 3N9CMyUf9PyrUu1JLNWPKrn6yhug2mFybADJEbpsSWvkuNcDMxU9i6siXzDA8r1SW4ZgUDQ1aH65BZjacjKLc1rC

Transfer 1 tokens
  Sender: Diw1YQbmRTgspz114AiepUfrEVxn85sHAuuFjCMZVbvL
  Recipient: jCbhBwr5qf1gv13bWdbDCxU1LWcV64zR6kSUi1SQrQe
  Recipient associated token account: GXDcxGpqg1egWaXYA8G3eUy3GWVpr1V2eEVnWGTP8jeq
  Funding recipient: GXDcxGpqg1egWaXYA8G3eUy3GWVpr1V2eEVnWGTP8jeq (0.00203928 SOL)

Signature: cXwLXgWvnWsBpvVCazyiXUFSdrjaVuGYJHxxDx3EYDTBUwDiMS88kZgwUP7nrZN365TJL4AMcMZC33M11t8F73y

Transfer 1 tokens
  Sender: 93aNTUASe4uyonCmRkCYTJSsjjpx1yWY2T2TZxqv6snt
  Recipient: 4yLMN5BJYWSHiMGe71xKbSTRS7YNTjiNa2rRRic5jKM3
  Recipient associated token account: HUJqoqxQ55dUaT5LKUTg5xwyZmqk4CiXsmhYF7BEW7Cx
  Funding recipient: HUJqoqxQ55dUaT5LKUTg5xwyZmqk4CiXsmhYF7BEW7Cx (0.00203928 SOL)

Signature: 4eEJ2Ca7rMNDbr554hhDRoFDiHfYss3iT6RSuCKRnER6H9br2c65jAX5TUYBbjaDG2p3tdCYh63F6DaQvjih54NN

