Transfer 1 tokens
  Sender: AEZriTjqCHa19JhRb71W8BRyJ2efFmewKutr61zhWeuk
  Recipient: BQB1KrcdAiRu6BThUb8EzwX2YDSMCwqcd7DZPTLRyP2R
  Recipient associated token account: 46wRu6j6bLaQHwYppoCjSWRrch4bZYuTq6K775wPK9sU
  Funding recipient: 46wRu6j6bLaQHwYppoCjSWRrch4bZYuTq6K775wPK9sU (0.00203928 SOL)

Signature: 4APzvuusebmvedP45Xt5CFfp5er7P5HZbH6DzhSzgGG3giTKB3LiuucKdFe7vquFGPjo24ibEU28F7LPqgMZRRCg

Transfer 1 tokens
  Sender: MNdP7ttW845vfjVGtedUcouiPCVUVBwRj6ti4FET5yN
  Recipient: 6Uz21kYRJkMYayehzi1VB3Ub5zojwVyGhcdMA6Stmp5r
  Recipient associated token account: 4sCgEV41NTw6wHvuTXv7Xu5AaZnVvFV4xTvdVHwjyf16
  Funding recipient: 4sCgEV41NTw6wHvuTXv7Xu5AaZnVvFV4xTvdVHwjyf16 (0.00203928 SOL)

Signature: vxbQYVn8W1GVBBYXyvfa8Prk2pCRaUegYfXm4RU4G9EecPzTFnJ2LAaEKDGbDvPNGvrtodRJDHWQWxnKHdMHGWM

Transfer 1 tokens
  Sender: oYhVPYDmULSXQLJpcBR3BwFoSpAecHkwjXySCbiHDsH
  Recipient: CKMDD7Xp4pBztCG5G2utc3kXvFqPJ17HMDPUwhLiHzhM
  Recipient associated token account: Hsc7x65bJKtcEH3sFLSavk9wa8Eoqz3sT8Z6eD8G7mxP
  Funding recipient: Hsc7x65bJKtcEH3sFLSavk9wa8Eoqz3sT8Z6eD8G7mxP (0.00203928 SOL)

Signature: 673mX6HwhqN7HjB7faivAymysmUNG7e92QgsaLeY3tU3NEKNce5KVLBym2G7gC6EgN58cMYXVF8gNH17jDGwrNCu

Transfer 1 tokens
  Sender: 9zJky8WT96XWY9f85QHtFPz6WX9VhjbbtKzwEAqmQrrF
  Recipient: BR9LRFZtgF5q3aodQBsXxY6QeQPyCQJQ4fYuz58fa9A6
  Recipient associated token account: 3YY5ASaTHe52h6YM8HMbYXUpccMqFxpPYXKQRSRiWkmY
  Funding recipient: 3YY5ASaTHe52h6YM8HMbYXUpccMqFxpPYXKQRSRiWkmY (0.00203928 SOL)

Signature: 2aHC2HtEZRcNiBgUk6YSQsegHuLGx1HAAZ7TohrnCYJEPis9yVQEb73VfrXpCdp784Qdm3d9kjfCEJELxnfV5LZx

Transfer 1 tokens
  Sender: DJyFE22soSYvahqWEapXutmp8VDfEk9C3zt3XEsPPtD
  Recipient: HtK7LKZgueEZGnHDAcpNU9wF7FwxHQXXz1PrfeQPtg4q
  Recipient associated token account: BrqukppC5Q2RReAwRpcCQ1UY2ZBRS2QSu1FZFeBjtXmV
  Funding recipient: BrqukppC5Q2RReAwRpcCQ1UY2ZBRS2QSu1FZFeBjtXmV (0.00203928 SOL)

Signature: 3pxTnm2XC4Kwq2tBKq6MCaDma1khAgtpFaRxDNrbzmBBQ4MXKEwJnqWb6HEUKZD1h967MvTDHVjMNrAyJyPLKgFW

Transfer 1 tokens
  Sender: 9wxCsmqth4mnv3RFCj86vWzF2GfXr8WCL7ZomTbbwrqj
  Recipient: J3vJQwvJjASPrEXEmpyoeshxRCRHVjUGesZadLqPo89k
  Recipient associated token account: HzXgMzj22ax1AVdpkxBpKYLUPJi9XrepNWH2FmKGg6jC
  Funding recipient: HzXgMzj22ax1AVdpkxBpKYLUPJi9XrepNWH2FmKGg6jC (0.00203928 SOL)

Signature: 2PPP95fmxwwCZwsn8jXK1Znu7zqyKkNPuHsdcijLcSM3uexFRMnPkyhMfZZnRewKqwuUHAAdbDFkcsWouR1bnWkH

Transfer 1 tokens
  Sender: G6x2b2hoRBLNhCLQ565qZau29jzrbnAycw4aKgp9PFJh
  Recipient: GRKqLdY4K4VhQC79Sa6EeNpSKchuXGKkZELPAUtg5UiU
  Recipient associated token account: BSPaznnX67U4EK8cDtM85gRDn4HDqhGSSCKjEgAaqdRw
  Funding recipient: BSPaznnX67U4EK8cDtM85gRDn4HDqhGSSCKjEgAaqdRw (0.00203928 SOL)

Signature: 31QwAj7rWL8XAKwBKP1L39tvKqoVBcp1JTduNCUiwFD252JRCwCVhBVkAfgza5BMH3nqi3FAhmUSN2NzfbdoDXK1

Transfer 1 tokens
  Sender: FSZxHPTPEVFWcGtDjoNv92vECLzm75znkSaYkP3HfmPf
  Recipient: skU11A6Br8HjAWgwFScGgsqzSyG7qQir4AinHa94pRf
  Recipient associated token account: 4mcTdyQeodrhqDVnCDx289eUc1w1Yx93WN9eMhL2jZEJ
  Funding recipient: 4mcTdyQeodrhqDVnCDx289eUc1w1Yx93WN9eMhL2jZEJ (0.00203928 SOL)

Signature: 24aoYmWe46jHk8ayXnLEYYN2eY5nGcgUnxsiAQuuGoRt63wMz8AAbauLV37e6RYAEMxu6KyWhu9siswwpir73XHU

Transfer 1 tokens
  Sender: XL4yMQHqCnkA7bJY8PYG6bU1WtBSctL6xBzynhpXVhu
  Recipient: 2fhnuLUpAKDiduPTi8216staDKMyp9BUhxmN3sMA65K9
  Recipient associated token account: DawSaaURgCTALQwWihoKFdLtBoE2qy1RcFNuYz2r7N6D
  Funding recipient: DawSaaURgCTALQwWihoKFdLtBoE2qy1RcFNuYz2r7N6D (0.00203928 SOL)

Signature: 4CrdeaMxQsh5ZZRgRbUv4H99JufkEfRQAYKJWRuL3uojFGATYSo5XRAZj7osFeBpxNot3nRN4Qmh2ZSDcoBsvehT

Transfer 1 tokens
  Sender: EKmZfGtXMpvbEhoUD2SaoA7meV1dmKbZh536sFp4Ac8N
  Recipient: 2KcCvxiKiWTu9XXLMSRnNqCgvZaLfYLx4aiecPJHqjrb
  Recipient associated token account: 3ASSWvxbdbLqhsazgCQvhEUUNh8q9A8zBi9VMwUrioZN
  Funding recipient: 3ASSWvxbdbLqhsazgCQvhEUUNh8q9A8zBi9VMwUrioZN (0.00203928 SOL)

Signature: tnNBQYwN6NeiEhH7Z9MQhddcofpGuTFLjTQQhDaeA4dUa1Yz8r38sR9VUoTrFy2gLhpy8JB5MjPfmWU9tL6PND2

Transfer 1 tokens
  Sender: XL4yMQHqCnkA7bJY8PYG6bU1WtBSctL6xBzynhpXVhu
  Recipient: 2fhnuLUpAKDiduPTi8216staDKMyp9BUhxmN3sMA65K9
