Transfer 1 tokens
  Sender: DYs1GiQ1AC9KzMXgBCjUbbNsjtnJ5Jt91KzoiuRKQC3w
  Recipient: 5SCngCQmjCq8btsk1mD3YGngpxNMbzhadozxYneszp9t
  Recipient associated token account: 9gZUPaprWF3EB2y1uGsr3En4cRWRoC8t4GkWozQywTCN
  Funding recipient: 9gZUPaprWF3EB2y1uGsr3En4cRWRoC8t4GkWozQywTCN (0.00203928 SOL)

Signature: 47bzx6nBBrD88iVkmtSB5ZqmuuVJEx4pc5iC4KSnaEujEjR3FsgcG9mVjf3tDZiJukXFAcbfCybFYL1Ku949qUQZ

Transfer 1 tokens
  Sender: Eq2K4rBW9xLcEeTDGFHGrUKbc4hwxpZWyFcBk8waKZTU
  Recipient: EZsxgTx6JXqZS34sDynrFkKD1Q64Eve7AW8FjawFfovV
  Recipient associated token account: HKow1txELCoHm37s3NLJAMPySTok6kawVZhv7C2QBY6E
  Funding recipient: HKow1txELCoHm37s3NLJAMPySTok6kawVZhv7C2QBY6E (0.00203928 SOL)

Signature: 5Wfr52XQ7uCqEWw3UyfKoxuow5TRKvDq5EwmV3uBn6qp7u2wH1DHopSPjRYkrz3i3Fw8enX2n1yTgugJQz6x44h

Transfer 1 tokens
  Sender: ArATMABQdcMgCWqoP5JpDGWn17JUokHcaWM6146CCvfX
  Recipient: CNgwgXRXh6bkXkeErtJytGCx3esf5jtFvfEkR7USvDjs
  Recipient associated token account: EZTWri5ZkPkpMtLYQF4s9J9t88G9Ww852Z9TKSvApjFW
  Funding recipient: EZTWri5ZkPkpMtLYQF4s9J9t88G9Ww852Z9TKSvApjFW (0.00203928 SOL)

Signature: 4bGUoBirZNSefW6yQbPMKQK5yk3hmJsob4oSvRybZRRBAoRcjFtwCwq3GvGgfkKPGm6gtkct6gVDeg37wHESJCYR

Transfer 1 tokens
  Sender: gmsY9CFbNkXQf7NMchdHAhtXmVjuCzt8SVVG9n8hJHs
  Recipient: 3HFJjff8iUTvjLuKHjzJYzJZNvG46FgGPz8bgTKYUw5z
  Recipient associated token account: 7eoJqLUNPWEZDvjDPpbRvnEutWNnSyTKquM1Wgsga9fk
  Funding recipient: 7eoJqLUNPWEZDvjDPpbRvnEutWNnSyTKquM1Wgsga9fk (0.00203928 SOL)

Signature: HY6TA71RNJRcT9RFu75LGAUC7eQsTYb1nNCxQkTkoKYpuv1WktM5kY8BtrSyapkvYuzwmfwS4fTjiFyQ6NkgswZ

Transfer 1 tokens
  Sender: CDEADpgkpvpxypKjWuuMbSKY7ZgHCd2hjhxiuq4UPEgC
  Recipient: 8zfdGUKpemtzs2Ypb8reoN3A43o1ZkbwFCBNzpUeFeUo
  Recipient associated token account: 2r3Jc8HZnoDgECf7hQtHjvqoHrxrSsPBfUkod2cZ5vXR
  Funding recipient: 2r3Jc8HZnoDgECf7hQtHjvqoHrxrSsPBfUkod2cZ5vXR (0.00203928 SOL)

Signature: 2dwtYd3gFeoYxP4NvS7c8pGBUPyuwhrNfHGUx8YiBqVNUCcChomM7SyPd3Up4MoBj7o9of6zjSKPKZszoPddKaBH

Transfer 1 tokens
  Sender: 4Eq2AomUVbEGvYNeMMPC3Hh3mm16tJQ9SaBo5PWgEU7k
  Recipient: 9wqKB4DzrFF6d1gDXTPcqGQp5xLb1fTWacUyCXWxwmz6
  Recipient associated token account: 6tWM1mE4skjR8Eueo3ToY7jYhWm4stR9b5mv41h12Kqp
  Funding recipient: 6tWM1mE4skjR8Eueo3ToY7jYhWm4stR9b5mv41h12Kqp (0.00203928 SOL)

Signature: 2mxuivLNVaYe3taSYqF3xruy8CBV9kSd9tX3zJPP6xYk3PRXDZHmwNUTi3Z1CwRCEd4k61zbb4k4Xq4eDb8ELY5S

Transfer 1 tokens
  Sender: uvpGueZjcaAmg3GPrbXGTfRogAk3bYgJStq7R8pRjxw
  Recipient: 6ykYU3fWNQnoNunJKDLSVSZWCMPoajoE8EVNzKCYs9qT
  Recipient associated token account: 84jBgmKy1r4bTJEtuaJd2ieK4y1JmDkpTHEANyARdety
  Funding recipient: 84jBgmKy1r4bTJEtuaJd2ieK4y1JmDkpTHEANyARdety (0.00203928 SOL)

Signature: EfqSPs4PXggPA6M3ahx3BBFV7xYnE6Ba7eY74FDfG42uyZknCzDDHkxV8LgU69pg453YwfpHYdkFTrXqiyJu41o

Transfer 1 tokens
  Sender: 9TRLCZ7oVQr1epTDpnCU38RbBMqnb82XvhNMBMpuywei
  Recipient: 6hK4TePe6J2MAMeb9AWcFwi3XCMwpp67BXaxuxFmNKR9
  Recipient associated token account: 4xNcx21yhd1ELTGydjzxdNEQ94MdEYPDjSyPvsUR6WoZ
  Funding recipient: 4xNcx21yhd1ELTGydjzxdNEQ94MdEYPDjSyPvsUR6WoZ (0.00203928 SOL)

Signature: 2c7WqF8KydwKUb8hvSmFNTVz5z7BJzg1q4uUCs6KWukqbVDEZwPuGYLBCYypiALgTrLbc2tKsz67XpCRu1aJ1G6Z

Transfer 1 tokens
  Sender: 6yTH2473QX9MyuxRyy2UCKgeLTRwtyZ9GHLG8eS5eXqf
  Recipient: QRCWEDTw74njYSvX1PszpM77BC5s6RFBgnyG3qYFNu1
  Recipient associated token account: C5jvb44F1fr3VaaKGvsbqMjYt82UAys9gikqAt6NncSj
  Funding recipient: C5jvb44F1fr3VaaKGvsbqMjYt82UAys9gikqAt6NncSj (0.00203928 SOL)

Signature: 4E3YhfpoAyWY5n9v5VWkZVTQ39CXW9zmaJpGZzc3KFuZik73c2vQm4qmppMEEr5YLxeejW1qwvwj4Qru2h1ELzD9

Transfer 1 tokens
  Sender: AWc8X9nJLza1Q54kRfsU5YraqNJNirbXgaKzquSk2Y9V
  Recipient: BdkmXzBSkSfgLhv8XZLzmYaBBt9tecyvw9WFJx8wPNyF
  Recipient associated token account: 6cZ8XPFR3X8aa5bDLo9JGEpr1KKpr9HmStJvMdmc9CV5
  Funding recipient: 6cZ8XPFR3X8aa5bDLo9JGEpr1KKpr9HmStJvMdmc9CV5 (0.00203928 SOL)

Signature: 2wiHu5ZtRKh2Vv1pzCuhtT42GEpihUf4KrBA8dYUDWwvD53DHT631dS4cCvW1QeQKuc4678HUnz7V86uunyGh5gx

