Transfer 1 tokens
  Sender: AAEZX63rmqNYV1KDtUxmjKRmJfEhsYPYeGmjTdcK7LFo
  Recipient: FJ5hcKnacavLz9geNZDRyDXdUvZHJBVnn5RLLy3sRtra
  Recipient associated token account: DPGAFWR9kt7GdjBSQiNTfHQXhXggmU4SvBBSMik6qdJR
  Funding recipient: DPGAFWR9kt7GdjBSQiNTfHQXhXggmU4SvBBSMik6qdJR (0.00203928 SOL)

Signature: 3yD2fqUQWQuYZGDVfBa4N9ESHqELZgDuZPKnWDwdVwSVK7CEjc1ovcsDNMqcs63h38EQuV4BzxfmMHrCc17r3DMw

Transfer 1 tokens
  Sender: F4wbeB4n7V2yKS1Unc3ZWRn9SKsobzC8MES2i6pLXs6w
  Recipient: 7M1x73HJaoGPdc26VSewoTpTQDZXj4YA3i3ANqnAqyAP
  Recipient associated token account: F8xa4QTzhyoqWphBAnbdt9PFsFJXDGrHtw1pCpKY1yxk
  Funding recipient: F8xa4QTzhyoqWphBAnbdt9PFsFJXDGrHtw1pCpKY1yxk (0.00203928 SOL)

Signature: 4wfrvtxRDsP62Uvqh8dGCBhzmsKMAvBo3AK4xhkqhpcvL1aiNmkMwaDu71dYCCx9dMkeH62KBjiyxywHvqiuNDp5

Transfer 1 tokens
  Sender: E79RsQ1wioCeighjyQqvbXt83ioTE9WZaKHsf7WirLtS
  Recipient: 2Knz5oKP4VsjF9PkA7WCyZWZsBig6zZMcp9FH6aRLwjP
  Recipient associated token account: 81S6yEJTipRCVnepb3iCpk662hsureq8c1JUwohQsJt7
  Funding recipient: 81S6yEJTipRCVnepb3iCpk662hsureq8c1JUwohQsJt7 (0.00203928 SOL)

Signature: 5HKxyTnN7syHxwtwtDzRao6stgZAYxfrqoFxWPhmy1kTMdwoQbiRSuzF3gSLgFCxs4Bqptq9QG6PHeNroMdAZxQ8

Transfer 1 tokens
  Sender: s4XZFq5jbXd2T7JNe7jZYZRaXvTRcnv7q1cAeS1QJpJ
  Recipient: HMCuUsfswf8ngtNg1E8RgpcthsnjakGfSptKNqyzBuYb
  Recipient associated token account: F1x7iZUUtLJwCiw1KnUSaMZQ8TCbC935xm1YE9tJxQGc
  Funding recipient: F1x7iZUUtLJwCiw1KnUSaMZQ8TCbC935xm1YE9tJxQGc (0.00203928 SOL)

Signature: 2sBsd4U8L2yVvqpv3oKrGTR6nCEYeygSQSP4u9nFqZmSFv1kkVwpCvePphAtti3zR9Hd94ekcjXaFrJ8xTjVULr7

Transfer 1 tokens
  Sender: Cz8PyiiCxdEWsAMS1vBUsK1WjMozqHMaQkfk3J3BmgBp
  Recipient: EGdzraLTk2pzfQtqAEVBkAD8vikmQzui5xMprFqHnG99
  Recipient associated token account: HVYm96vfm7fjV85xQDM2GL7jtuwQbefsYk3tSvPxJfrf
  Funding recipient: HVYm96vfm7fjV85xQDM2GL7jtuwQbefsYk3tSvPxJfrf (0.00203928 SOL)

Signature: 5DUHdYgUeYzoosvdeBUV8JfaQBZ9JmGDPqmMR2b2xaFoBTzL2ejrQrV5i4kEQstWPJ8FRd9NZi9vXUw1SWJSFkyf

Transfer 1 tokens
  Sender: HEXShc59MGwvRyeF2snLfMe4i7vdkE7jmcyvEoEm8fMg
  Recipient: FhWBBYgnhYdPaArK9uU7jmURTek6aG9bn6byou9KfVZo
  Recipient associated token account: D5bcSebsHERGeVErW9VL16AqbFP4NstHu9XorXwe7EmF
  Funding recipient: D5bcSebsHERGeVErW9VL16AqbFP4NstHu9XorXwe7EmF (0.00203928 SOL)

Signature: 5kM2YHcMAkPr5qAmFExK4ZE5a61BdzV3ti9JF1SXEAXSW29FYhdrj54cKvpaoWf6s3ygTNgsApBZ9qHcJnbg4WmP

Transfer 1 tokens
  Sender: C47TfpXsmtVBuc6wjtrCbzuJLLqaoQnumjpVhvkJhfcP
  Recipient: 2fhnuLUpAKDiduPTi8216staDKMyp9BUhxmN3sMA65K9
  Recipient associated token account: DN3qzbVSr4gSQ7m8CHVpfT7jZo3uYzkWegMQmsgviAmL
  Funding recipient: DN3qzbVSr4gSQ7m8CHVpfT7jZo3uYzkWegMQmsgviAmL (0.00203928 SOL)

Signature: 4kZd28aVEEUizmnfDsNCBK4HyYr4U6dwvzom4URW3ZDtJRw3kdsAf4ahSH4cWBsWF6DLyQYeJNK8AZ533Ferxrym

Transfer 1 tokens
  Sender: EdQpnSTw4R8mgMVVNSjtdXMm3P6MyTnBaN4ykM2N7gWb
  Recipient: j8U4gLwvBQPE6ah9E1prYAe8zUYfWUx1pQeQ6Hh1bUY
  Recipient associated token account: A7yyojz1byZUsf3VXo1rZv9xdFpmeTvHg7vJYyFzKB2h
  Funding recipient: A7yyojz1byZUsf3VXo1rZv9xdFpmeTvHg7vJYyFzKB2h (0.00203928 SOL)

Signature: 43Hn5EStWFyXZSjyzgrDMwAGFoigYhiecErPPtkBF7v185fXYZSfceJNG2hH4eJuFFHZwSsiQ8h59QJsCF8H1Sct

Transfer 1 tokens
  Sender: AuWFAsJTD7FJKNyDisFJA65UNvmJhKbMsrekUwRM8NgB
  Recipient: FxvQUxkQAgJPbkJ1daQVPdsjHgMGr8UfcAfJxQ2tebss
  Recipient associated token account: GYswWWXW4hkm6HVAmLKpFFBLQtwx9VFC8Uxv5x38zMHv
  Funding recipient: GYswWWXW4hkm6HVAmLKpFFBLQtwx9VFC8Uxv5x38zMHv (0.00203928 SOL)

Signature: 3EAZZSSmgjkmzCTQCP2VbaNwnPWijnKCiUaHVgwHwdBjDosqUUagHRh9uFYvdmBdUnLsc8FKg62EgyaK4Cdkr2u7

Transfer 1 tokens
  Sender: FgkygnSgZKmoc17ZihS5CnKrk2kSpBcvGg6jZsiu4nPh
  Recipient: 9cQepRHEXLZC2F2ncuK9HY6b228dQ7HNCuxZatWZXsNe
  Recipient associated token account: ANLrizQX8Y4kCu2tcwob3hXwQUmkA8AryCw4uWk5EyjY
  Funding recipient: ANLrizQX8Y4kCu2tcwob3hXwQUmkA8AryCw4uWk5EyjY (0.00203928 SOL)

Signature: 2iHVGJdrnuCzX2UMfLhvPsde2tr6pdFPTryT7g498DKcFjr6uyPVbY3Ray7RFkVMy1eFHzFQbszM1HFDSCSYBhE

