7XR4JDrkzJFpYrSMssrVnxUEsSZXLHJamkXQidQ57RGY
2Dda5qU8sWECU8juGNh1dfgCjhkWmDkHxDTjUNyBa3Pu
9mJZnTNDPQ7wna3HH85jH6rQTGCqchmCej6dH89JdimE
D1m3a77XazM6ZJT2gXAbxoL5bdvvhxMWe5K6eDrcyVdd
4cY2hckcCmmfqUnAEUVSf4rBCv2n5ZFBvxLquuWkqWey
DKw5xC3NpVYf7aFHya111PziLpQ6GKZWVdFeMaDkNLhK
5pY4g1hyUcPYNivVVL3oVVS3ARpWmBhRaZbDwpiiDobi
5qe9CkAt3TP3C5WKPiagumwDQG29UA3tDX6PCnHAJQgt
F9GixdD37ZUeytunYTrNxqkCgZvu2b9qxByg53KUsS49
5FxbHsFuX6RgaSvyNbWaXT3pdYb5VUGVLUDEK9s2mewH
FeYqbB4ncAipsXimVBrrgr25fJZKVAt41WW8JpCVkHyW
FMhXisnxymQvkKszh9yHX9p3m84v8hgkUiggGAaCbyM6
8VYyqERiq559mypQTU9Bk7PTje21ZbPzoZ3qMK625zWx
8LYLmykJT7LAkz8bkVmnjbkKuUkh1igajJjh5DRyUwhT
Eu2nAXBk4pEtGrKgokvRfg3cEgXGvKLYV5funjPy3oBE
BBsW7DTPvaQGa6P8ExpoNqDytSH6wLfo4it33QdQoCo5
3YC7DQ9TNnUjDuCU2su6EHownKP4KoqfHGsR2GSGDgFr
7pd5LRjdQWoeJcgq5zwq9iJxXUjSkTS8sr7ic9T1FMqA
8ySaLcTWj6zCSfGc8oeewGuTNrY8JXtq9qBGsLCDskwm
Cc7V3czsR8BRYb7anMydZtCxgevkYdMy3GtWX8tPtD7h
Gt48Y7fXg2abro2MaKAQVpa3F9pg4iDemc6cnBs6vU4A
2vvCCw9EfocCC7ykKyADXvKsmtekcVn6dGmjdf4yG2NL
6p9duHamzqyRXTX5EWnPcoYstQdBptT4HAfvfzHjEEoe
4qmh35AuhtnPriid5sPeXB252ckC1dYThvoRuRwRYa1K
CkJJ99T2aCSBf2qxTZ7kRJd3qeyxPzsZdQqN5Csroxj5
CnpWguUMJR8BnpKrBh7g8Fw5kDJS9znx6jt7NdTKrDkx
2aeWJZNiZwozFxbcYEDWwV7ZSbDrWQdaG76ZDvmdVTf4
FrPCUp1cqqkDokpTAeEGd8FvcpevBrMiptuadUGS9DLs
2ArtwYXJYH88zLuSShzc4dzagmja2qX8xiTzwXv6uWdf
A7t4zRZfDLSnaNi8EV6sQCVRMPNXzpLiSwseqXd76Pe2
64LGaQcAVBf8k5ndsG8NF7xMsWnWvzkNriPUntxipq75
8ApNMjjAg2cVfAcwCc3QinjgvEDzEA6jxGHmRVwWF4TB
G9hBcfBPjC6kcKu11DAvBgdkTmu7GbBZhcQjHmo2SCFJ
6i3E24QYvNzj92vz9e2a54WbXD1tbSoj7n932wN3f3f8
FKf6EvSq7qTo4V5xZymYxvHb3mdSwVsREdHcHdyaV4Ep
6Y8zmmVrdaiaasDuqbym6ELAXqcefAuAfFetSWS6JiKc
FTNJqJg3qQjchJUvfgRmPVBqqUnZxuHdtWGDvBb7ogXb
2vK2ysVeVnw27aDgVTHh25Te3SUDTEmPV7vRgpTNwNRr
81NUYM9yxU23tmwC1GFmH9aspi37o1YDfQbYAA9Ljff
9oh3ZUqnMn7ks33NXTDXE42uqcXs6LBqqfzVGZfvhGRX
EE89NAfijZhXB8EWAC3L5hwA2JoDZ4vET3fEiEBRosLh
EUDtA4vnHSFnqt1VKzESxZiJhixp21X1ozxtM9cKLcvB
Afy8XzA7pQYeLEznGFovZYmuMhWRyKphhwdSzz3x8zmC
CJp51LuRTCf1khxWSkezVKns1JbfRMNS7ND5xeynjqWA
CvJ7gPN2oSoD3WnWpgydP5y8WCB6PSBiNt8aGaUDzyaz
9LE4DLFePEEcyGzt5UFCm8c441ptPHfkFuR41CFn3iuW
41kQy4fA7VaTZv5q27BqCSEXUBZH3rtYn5V4uK1NkSND
6HjaibNFgBvQh2oBm7zvWqgzRn4HgNHbYqbpfUQSoY3q
7QUCpzYVLEmKe1iEmPZ9yP8Bpbva3YoWGQ5Jhc5uAEAe
471inMTdaWppBwkddECKam3NHQjPpPFbnf8zypr1fAZ5
4n1pznGfFPz3cjU6HxLH58X24B2DM8rnMhUud2VkCZMX
3UL5ydm56XEowkhMwAVyFcznNKg6M4jKEPCwJozHWVs3
FkE5mNWN8nRTSSXvuCXyAPda4U7orMUS6uV6ABeRA6YW
BVs1s1Nc1i82GTx2dn1mGJpFHLVyCLwspAQpZ1CsXpVu
13UF7FgJV6stfDXLAx7gQZ5qNy2WKG4L61YxyssFjDbF
BCKYVcY94rpDrigKfHe4NDuFFeTyVMtySeoK1pSGQs3L
EqizBUm1MdBxQb9FY2dbn1dMVHPJzDgXmb8JFyUcbB6N
F18UfazevSTr3QPnrLkncqDzHsJHPHUiNshze1kqwx8W
DBjoXKCxjH8ajovrkCfGJMEqDPTkGw9FN1DpTcGJzpZ2
C3bBiuE1yZwWD6pgPt513qZbKH74oenmXLxL3ujiTBUd
EjfGNcqKR6CpJ1L58jSc6egUUWkmuyY27yos4yXtZ2WV
8afP5wz6WS1VAaWRceLpKVBkM8mkrCBFdkbHVwYLxknR
5aLHaU67NmL47L4K3xRzL5DqTfQk5z1p1CCR9hR1yeo
8L6jZqQHr6Wttg4GWSyYVpeqS5yFJGECP6bTPeBKLBbS
3jJ6kY53qmmqukGL2faQfVi3H8XHV498aBDWPHqaPm1V
6BF2j5WcB69mo35HptsvDy64AKmwTaZHnUzFMPUjmXxY
CkqjT9WbHCy9WXqsjNsdoa3dbxZ8emRNZ8fKeDctpSh9
bDPmn4A2PpDYKGQ1Nr57c34HvUEn3dsaH85VuwCCZu4
HA845PJBsa3a7EucndC6Qorhu3Ze5YMHd4NZA9FLfAC
G1Zt3Fq6pqReBsdbPNDsJgNJQGFTVobHRKDqC6TCDspx
8R5gzcXFmMocHcZ2fGHzJiXNS1x26efW9AbrUgiMDkdN
Bev2BQXNayXrYchmCTsrgniAo5hQExR4LUPpJvxdVVPU
9EQyjW1UbNGpZM9ZpUnyWk5UgEdddQJyDxViwV7KcjPq
4r3eVTWuJaoZ3bZCE5zkEhVJh7TDL6iH1wWzF8xNudF4
45BcnpjLYEkezJhXG5usdNWqLmQcYejA2o8nNXrziGzH
