Transfer 1 tokens
  Sender: FS5qxc1g3zv3xfHsvK4PSZArsV2GZSJ7YnK75APGVe7K
  Recipient: FvGhGwPURLfFzBDVX18Y3Ua49DgYkBYSk6QviotVAsNZ
  Recipient associated token account: 3aF6NMgx3yeuce69PZNamYjmrgX1TdruUdePsGhj8cQJ
  Funding recipient: 3aF6NMgx3yeuce69PZNamYjmrgX1TdruUdePsGhj8cQJ (0.00203928 SOL)

Signature: 2AYuscZuBkzzbJtwWqzmD5VDT8LLZhXYZtCVZXMae6CyazEQhHBxJepgjn6aNmJXKYtizJnwNDDdhefnhpF6SEC2

Transfer 1 tokens
  Sender: GrEd9v5Dt3GSw1G2C17L1wrGBifM23epARLGSZga8fRZ
  Recipient: 32ZJNMMve28xknkYjZUvUJ4s6P7YMvE3FdwGzJFLS3CC
  Recipient associated token account: 3DTxVU2YjAiT9Faoo6uQpweoKwMih9hGE59S5yHRM9JU
  Funding recipient: 3DTxVU2YjAiT9Faoo6uQpweoKwMih9hGE59S5yHRM9JU (0.00203928 SOL)

Signature: 3zMA938fA8GyRQHScy8u2wqe3hqvzZNVSSiTv3ZYzV1ZVLSZkRmMcqvsW1LN7MovNA2x78ZEif4ghyiEzkShd8v6

Transfer 1 tokens
  Sender: BEjjj7PK4tAwosRRQnvKQRuLkNTCH2rqS57qrix3JuT1
  Recipient: 4ZSovm9eppfPrsiXbnApe51uQP34rSJMnMUz3cMBswAJ
  Recipient associated token account: XVN9W5behUUdi81Ntz2i9KNMnYMZLc2K6TH3Qd2fgzV
  Funding recipient: XVN9W5behUUdi81Ntz2i9KNMnYMZLc2K6TH3Qd2fgzV (0.00203928 SOL)

Signature: 4bZb4gbjAYq5ZcGeqTdWpzkiFNg2uEeEU9at23F2sVYstFVw1KN3DmruJy8jvWfQ1Z3pmteP5cpgZua7FhiqHczP

Transfer 1 tokens
  Sender: 6sF5irSjazWy5m9gx5cVkD1kKiAfdJiuyBHssjZaaSa2
  Recipient: DnmFPnE5awaed1HimvKNBCJkvz6zi9WCaqnrvzM7d8PR
  Recipient associated token account: 5qzs2U65p8BvHxpFM6ZERsedun6fRN6uybBFLb4Knxc5
  Funding recipient: 5qzs2U65p8BvHxpFM6ZERsedun6fRN6uybBFLb4Knxc5 (0.00203928 SOL)

Signature: 4t2XtNGJLt4Mr9Ep7uFf2sGogfAU3rRRmxbTy4FXaNmu6LkUr8UfMqi3FVAa4uq8fmdGU4HfANQKfDy4diyVtYy5

Transfer 1 tokens
  Sender: 4eKz1htiniVADPwskqeMoyuKEHmNY86TTbSytbfyDJuC
  Recipient: D6XdNh8sn3gDisWGPSfeQfC4KFPjvg9eTbmRoDjLRdvQ
  Recipient associated token account: 8jyapjx2uESADy9vjx7r5FPCtWhZDUJw7o65VL7Nsvcs
  Funding recipient: 8jyapjx2uESADy9vjx7r5FPCtWhZDUJw7o65VL7Nsvcs (0.00203928 SOL)

Signature: 5iiPkxUqVyCEj4sSJrwrELLupYo3t4QcW3i6zEkbreH1Kp7r5vbDARB2vYagARrsRip8x1WWU9UoH41PG9tN5FpP

Transfer 1 tokens
  Sender: EawjN4MhhNXkFgRbwxNxnzQUbfv427NxbczJbfuo9LP3
  Recipient: 2cUr1V1n4QvWyT6CchmoSxjAd3HhvsonHK4X4Ai67PBx
  Recipient associated token account: 2g4Kf2gjbkP5RMoqhVkPQyZca8G6f78etfU8HHPT144s
  Funding recipient: 2g4Kf2gjbkP5RMoqhVkPQyZca8G6f78etfU8HHPT144s (0.00203928 SOL)

Signature: 5ovJM962ZPYvqEaJb1iv32ECaGvEhzYunaGXV12NfUDgQtKJ2cyysb6CrzBJCwwWxGMpLy4xJPzUL6vYXYAeAaL3

Transfer 1 tokens
  Sender: 8fKYSzvnSJ7CXw42pf8fQj16QRGJa8cMiWQXETbzLcMt
  Recipient: 7wQQANWYPpnwQk9MgjLJ2bcmptoYpFh521QGQ1dHvhRB
  Recipient associated token account: CDvxTKnEYcKpE4jbLDTzWY1aNrTfZe7WCHvcvfHgMHk3
  Funding recipient: CDvxTKnEYcKpE4jbLDTzWY1aNrTfZe7WCHvcvfHgMHk3 (0.00203928 SOL)

Signature: 4RUJQTFL4PuMUSSttZoJJxGHRLGKg8KGUzjAaVgz6Pz3YstYUzQ9iKhvcfJFgaLZcidceJ9yQNe2kxDqFDWvmwUA

Transfer 1 tokens
  Sender: ELejochJq3oPwboWFFb9gjy2GpCR6GGE3bu6UHG9miR9
  Recipient: BtHKvqrVTqWb9MYvZ4GsMsg4mc5PhgaYFVdZnCwQDh8X
  Recipient associated token account: BezFvVaNQGVmJYYfkWq91TKiQF9dJ3RHSYU5b8SXUAVy
  Funding recipient: BezFvVaNQGVmJYYfkWq91TKiQF9dJ3RHSYU5b8SXUAVy (0.00203928 SOL)

Signature: 5So17K1F3VsicfXNRh5a4kbQ2vZgaEAjYBG1N8jL9nASRj9H9Xh1fQkDjF4UJn5yhYSquNKR2nFJyQiBMBEj3gm1

Transfer 1 tokens
  Sender: CqqAwpQFcAKgBQXFfDjcWN5jUKGQmDpkzSEUUvBqKp7C
  Recipient: Cm8cYtgtfyULCzisqUnMg68aqqi12PGZScouQfJRfrG3
  Recipient associated token account: AC2BSKadq1KtmPJHuEGfdGdS9NCXcR4uNj6BFkvSBJP4
  Funding recipient: AC2BSKadq1KtmPJHuEGfdGdS9NCXcR4uNj6BFkvSBJP4 (0.00203928 SOL)

Signature: 5TuwMTiA6Nkt5FhS6xd29JGNt9su8Q6Evt5mmHpWCxqz2tnAZJNKhfstqeDg1vVdwEqgKkyWWWP2hUSKmmPSn8D2

Transfer 1 tokens
  Sender: GxPvN36eRJVAryQDniT6EVedcXwjR6NmCyVWZwTCBrx4
  Recipient: 5qdNAUpoHzeAgUrasBtDcSSjQHVBSp7BtNFJekSiNydc
  Recipient associated token account: FGdtzGhjXd8bBp2EezdKk112urgaJNrmdhHx1EvGdF1D
  Funding recipient: FGdtzGhjXd8bBp2EezdKk112urgaJNrmdhHx1EvGdF1D (0.00203928 SOL)

Signature: urunpRnnHMdphcacrSqV5LxbUXdJxkptP5tp7KQ8otzKedYMrH4Df2DNg3uxSco9cDaQ5UwC3EZWsCM4DLCu243

