Transfer 1 tokens
  Sender: 7c18jqnEJe2Vey7AFjYVuD6kBf8ASWqqXmWFpb9oa2Ex
  Recipient: 38NjtU8xxBDT2YaRtNqQTsa4jTXQjv41HrgkVCUfvRD6
  Recipient associated token account: 8crVBER1zJmBVedJqMxqzUS84jcraUGgxkHEnKtTwq5W
  Funding recipient: 8crVBER1zJmBVedJqMxqzUS84jcraUGgxkHEnKtTwq5W (0.00203928 SOL)

Signature: 4GS49RnVEAne3b52RyotGk33oAXkT7VvaDpzb7ZwsdepC36zFtTmAe4F9pcdjowasFPG5rgXJRA2ihY8dpGBsbWU

Transfer 1 tokens
  Sender: 96DbNaiEx8VEx3qzmrLmkELMU2CwnoQCd4Y4KhukL4uz
  Recipient: DWaAVXvNg9NcNUPLCwRbAhc8NVmFzSLPQCFuwkxgp9Tk
  Recipient associated token account: 5D19prUr7tWo2eyqTMUnKgiKE2L8mHXGnDgpvHagFytg
  Funding recipient: 5D19prUr7tWo2eyqTMUnKgiKE2L8mHXGnDgpvHagFytg (0.00203928 SOL)

Signature: 2nsKNkxDTa3A1Rh8GwsmwTHZUk8hxrTZAPu6i4rs2ng65Y6e6RpKeFhNuqqGF3v3QeQGfgJmPidK9niHyKwgyZqv

Transfer 1 tokens
  Sender: 7bG325cEAJabmaroCZt5x4zsDRf1rX5VBXHjGcUUDvL
  Recipient: DWaAVXvNg9NcNUPLCwRbAhc8NVmFzSLPQCFuwkxgp9Tk
  Recipient associated token account: BQQFKpadLrKwiQ2co617dvS7nC737ytBtdhzCi7Dt3Gv
  Funding recipient: BQQFKpadLrKwiQ2co617dvS7nC737ytBtdhzCi7Dt3Gv (0.00203928 SOL)

Signature: 2sRSdmYNTQ4FfwB4zB46geMzeo2kboj6TDeM9t8TcD71WppF4Ar5C3tXLj66Tocbc1zFmyGxVLRCaveyBkz6WKFQ

Transfer 1 tokens
  Sender: Bu7TU8jYE8fXK7JYBBPd7x8KaM7T8g9jswooE2En55pg
  Recipient: 73tF8uN3BwVzUzwETv59WNAafuEBct2zTgYbYXLggQiU
  Recipient associated token account: 6JYxKmpcqvh5PCfrkTcRyuo4sryrVXCXEAVGHWAYhRJv
  Funding recipient: 6JYxKmpcqvh5PCfrkTcRyuo4sryrVXCXEAVGHWAYhRJv (0.00203928 SOL)

Signature: 2bkRybddWPSWEZ4ouPpcRQztxsjoUiCPXnwQ8vAKfEaWCE3r4uc5gWuKfqbxd9qdmExA9rCCiGwgRd13TgTeDgiR

Transfer 1 tokens
  Sender: EpHmmPVTgg2JNeYmyT3zMiyPtwJjes7ynGovLUgHKeV1
  Recipient: 4MYxCzrMbXFaRAJSUHS4TBcVpEcCshbdvjFnR87oZCre
  Recipient associated token account: GBpa44QoaMg6A2hH4VBiDzhG4Lnr9eZL9Wv3TWJVbHR
  Funding recipient: GBpa44QoaMg6A2hH4VBiDzhG4Lnr9eZL9Wv3TWJVbHR (0.00203928 SOL)

Signature: 3PTTiPaUAqQ4Ew9nx77EBbYQP2ve5L78UEbFWTFPn1xMGqsYAi1f2a9UG7n2APPirehDVye2rDarh9Cnz1JhkWjL

Transfer 1 tokens
  Sender: 35CXgTiC26hg44Zhdo3kzqjQZjioCAEQrKxqcf5czCD3
  Recipient: GQjJbRM2Z9SuSAqHrmqK39XSLRnuWF9ycMdhSRVexV4d
  Recipient associated token account: 3GEzpWATDeuME5cqf2xMz3o1ZbLLrihR2P3XbrpYCWuL
  Funding recipient: 3GEzpWATDeuME5cqf2xMz3o1ZbLLrihR2P3XbrpYCWuL (0.00203928 SOL)

Signature: 5g9q7JGUyx54DMZ25AJ4maSGQbByNr3bQ9pHm4Xa5Ftf5UjwAENZoKeZaPxYmHsTygzsWec42tAigB7PSRFaHqsX

Transfer 1 tokens
  Sender: 4xsV8v7LWdP9LTnRddKaAnBHvWGH8eEn2MdRAogTm7bq
  Recipient: DWaAVXvNg9NcNUPLCwRbAhc8NVmFzSLPQCFuwkxgp9Tk
  Recipient associated token account: DFpMXPpqq6iwm2D3E1dikXbx2uAP58uHjU3BFu4t52L2
  Funding recipient: DFpMXPpqq6iwm2D3E1dikXbx2uAP58uHjU3BFu4t52L2 (0.00203928 SOL)

Signature: 35U9in8XH3STGwVAcJBNDh8ntKp2cVUaQ32bspuGUgo8BF35BseW6ASJwayNCeqb4r4zLNRo6vBsbu9qhcqjaLDb

Transfer 1 tokens
  Sender: AdMfhergUka3i3XzPvptLxBY4iiVSQQovupX6dbtDCn2
  Recipient: AZBYaUFwLJTEDv9raUX4ZiQwxoVE3cvQxnkq6u1g8g32
  Recipient associated token account: 6nwRtoGDJ6Wc4GRzR4aD1rSGFzc2TaPnoKBiziJzS9Xx
  Funding recipient: 6nwRtoGDJ6Wc4GRzR4aD1rSGFzc2TaPnoKBiziJzS9Xx (0.00203928 SOL)

Signature: 4HSuhYXWB78MYo9n7DuJaPiHT9DUai7VeDNauyQT9HxxYbPRT6Fv32neX59EQrsToJb7WyCANsX7wTGp2NhhAX1h

Transfer 1 tokens
  Sender: 3PMNkMdPccN9qEG5PTm5TvALBPkusYy2JJJkCvjxHHUF
  Recipient: 2mNq3AhQahJ3HiJVp7w3jVkog9Q7aSaXwYZXUhTxaNs8
  Recipient associated token account: EK6tPRKjS3ng1vg3m9zPeJ5dLwz2pMjgp7c3kVwJ4Snu
  Funding recipient: EK6tPRKjS3ng1vg3m9zPeJ5dLwz2pMjgp7c3kVwJ4Snu (0.00203928 SOL)

Signature: 2EeN8Bq7urPbz4qVKxcmnjj4x3ay1Gryv5ZvPTLNf839dqLXLk3nkmxExxwx5UqbP7F6B4Yb77b5FDUWeHxwbTkG

Transfer 1 tokens
  Sender: AvALvjkdAGBb9X7YzyZ9brNXPc634thVVeK4Cbh9Cs4e
  Recipient: Fp7xAEnF9rAyoPeAJi56raDuANcBr3htaaMSDjej6ocD
  Recipient associated token account: 8XxsoTdR5DtDyRdpFJgfqSz9tyc6vNRm1GjNfwCZQy96
  Funding recipient: 8XxsoTdR5DtDyRdpFJgfqSz9tyc6vNRm1GjNfwCZQy96 (0.00203928 SOL)

Signature: 5Ko6yZjhdv3X8wVSK8UfgnCwrNRqNoYukPayC2sfQwChuq5A6q9EZFmndJTCuo4y2DnNG8ZzZaaBhZNtwTWfCJqD

