Transfer 1 tokens
  Sender: L5dhYNr63dfZ6LoLXuJ6aFSRmEnppcvY9X8LDMZkRiA
  Recipient: BEybAouvF3e3wxAMf2ivWAB3LeWY8HbMBv66NtocSV1A
  Recipient associated token account: 7idpquVBkCQQtBzFKnp5JzDdXgfDyXXQUCcC4fLvCQgq
  Funding recipient: 7idpquVBkCQQtBzFKnp5JzDdXgfDyXXQUCcC4fLvCQgq (0.00203928 SOL)

Signature: RZSQycQNSTgAcAL3sEnQZ6uDETU7PGKK3FE5ibX7NvVBgj64qGjHH5uyHzbv4uyjeYq3hXrsFdBKwRUczMytJq5

Transfer 1 tokens
  Sender: GMyJgP7RdeCVrv6ojSSq4VbnFRYbmXGJwjcmpchShtnS
  Recipient: 5Cz7GSRKnuFDaXRHeNJpHC77aqU9BY97eXNBBCVhckLZ
  Recipient associated token account: HZgG4kPtJdj3T5Su8AMnr3fMh8TJY6S2FEuaEAyGpa3z
  Funding recipient: HZgG4kPtJdj3T5Su8AMnr3fMh8TJY6S2FEuaEAyGpa3z (0.00203928 SOL)

Signature: 5LRNwY9zbx1BGPtF816xE84RauGVF6wqf5zmWQMongt2S5F1SXcpAUWMZDduPwwRjsLKfxzCiAhXALkiCuw3exAa

Transfer 1 tokens
  Sender: DqKtRtG5EVqkeodeQi3i9UcXe9QFsKqzP8E87JYuE8jA
  Recipient: 6mc3wqonsqUq5BsTowNExWNRrE2AForwkzhGT9HYTsKP
  Recipient associated token account: FyJqcScesmLiyon4KTZEyVCpFBrtLtWsHoAbcmaijm1w
  Funding recipient: FyJqcScesmLiyon4KTZEyVCpFBrtLtWsHoAbcmaijm1w (0.00203928 SOL)

Signature: 5427Bt2qej9yWPEnxxbxXPKJ9gbqFcbCwDWo1Dz7FEV9x3BpkRE8Z3b3FoHMuctPPMm9H4W9hrEHJJJyKqfZtKu7

Transfer 1 tokens
  Sender: 37UCafGhiy34Z8Mg9HCARy596cshTc7McYt9yiF6iMcK
  Recipient: 51oET2dy4vCmZ1JMGYR9hbsvsLng1vcLD6z2AZp1uq1j
  Recipient associated token account: 4KFJsFLE6mw2mooiu3MbXgnhntmPQp4xxKZckB3rGGGy
  Funding recipient: 4KFJsFLE6mw2mooiu3MbXgnhntmPQp4xxKZckB3rGGGy (0.00203928 SOL)

Signature: 47GLLUSixT2wvRYweK8SbNUu7jtLwHFs3Ub6wSbWoKcByAoP7moq4YgWHwgj8kRbdKQ5aoc8GZVAihefLBXw4CkZ

Transfer 1 tokens
  Sender: 8D9TMTMLwHnRUJ1MfGUZq565UVhfzCwsn9Wv3RmEjq9e
  Recipient: 8mPwx95nG9WJf9KnoiGqWhGCnksHxyv2ReqKzDZx9eSP
  Recipient associated token account: 2iUot3QxT1jgtjG7cu2Bffm7HjeSvFGtRQzFXB3wrsPd
  Funding recipient: 2iUot3QxT1jgtjG7cu2Bffm7HjeSvFGtRQzFXB3wrsPd (0.00203928 SOL)

Signature: 4Sys5iov2zwhnz8pREgBh3w5GV4XsLKb4HDHz4ZvFa9eQwVZTEUC6WuVjFfADzDYqtWALqng4CGbF9uLEuNRpbk7

Transfer 1 tokens
  Sender: 2btQdWv1ds5TVDYQ3FEiYEqBq62b9JQdD1hvVzhneasV
  Recipient: F8YX8RsHLPmetWQNTZP37tD7fYDQd21WbVWXDzgvkXtH
  Recipient associated token account: 4S4Z2jakpT1YNNxL61wsQ1CuvoxeFGUocnpXEyLhGgs7
  Funding recipient: 4S4Z2jakpT1YNNxL61wsQ1CuvoxeFGUocnpXEyLhGgs7 (0.00203928 SOL)

Signature: 4AE4PvTgrRoxkeoxNdUxPKWbKc9jsqbNF1dw1QyedEvCGDe6rEbpm5xHPGBtFzq5Xw6pJZ1WNBPHXX3B7HBqRBMQ

Transfer 1 tokens
  Sender: Bm8TtHXZBDebbTcVEveer7rbp7FnR15RgSxYJMxvTmWp
  Recipient: D4K5yZR1kcvaX7ZDTUWpGoZM8gHVjC1pxB1m1vSmC5NZ
  Recipient associated token account: HJkZSAn7cE7ZoTWCL3mvQmT2P6Nt9DzZyBue8RmAmEH1
  Funding recipient: HJkZSAn7cE7ZoTWCL3mvQmT2P6Nt9DzZyBue8RmAmEH1 (0.00203928 SOL)

Signature: 3Ebdzm7EvJJxturbJQwm7JBnnRt3VbBYEMrFPjD29g5bfM2csV1cQnj4zS9mGx329g447uJGdCfW26FbAbkAMb8V

Transfer 1 tokens
  Sender: EUJSRDEq16x528wqLJvFcN2tuGcWmhaGXrPnaEusw7vu
  Recipient: EPhWVVFfyu2UbmowFUqqg7Htq2dt8rRjvDhq7mSLmKq1
  Recipient associated token account: 8oiHtWh8npwXDDijXjCYd9tfnc9aea8W4e9GTXkFrbW2
  Funding recipient: 8oiHtWh8npwXDDijXjCYd9tfnc9aea8W4e9GTXkFrbW2 (0.00203928 SOL)

Signature: 21cgBsKX3j4R94SDGzcSyDxChiea3WnwKCvdrB3i3KUPCfCfRnNmDndRovf2RUEbFBH91pGbGxFKTzyWs5VtmBYB

Transfer 1 tokens
  Sender: 9EoNaDhE7c6Kp7wH1VGZLyZtpD4DqdJ9SmBk4TUkD8KY
  Recipient: 5HgCS3rFUHptayfWZvSuiiKDYxpqBoetksDoiqMaSFY6
  Recipient associated token account: 3TWNH7S4SzZYw18pwrPwd2cbuMDGa6T1NpP8uMbhyVvJ
  Funding recipient: 3TWNH7S4SzZYw18pwrPwd2cbuMDGa6T1NpP8uMbhyVvJ (0.00203928 SOL)

Signature: 3Hdx3NjsyocTd6C3LTmiitdHWCpQtRLa6sRDqsLZqmM6Hzva1sb18yowFLfjJzkgbX6idkHududsTRGqTNXuXhGJ

Transfer 1 tokens
  Sender: 8D9TMTMLwHnRUJ1MfGUZq565UVhfzCwsn9Wv3RmEjq9e
  Recipient: 8mPwx95nG9WJf9KnoiGqWhGCnksHxyv2ReqKzDZx9eSP
Transfer 1 tokens
  Sender: DtiNNMT9P6GChQ2rHF65g5YmSAgmTQvXKMe6yhptJTqE
  Recipient: HAS97VVQ7HqNXTSbnAcEXGJi6tJJYM81axF11YZE74u1
  Recipient associated token account: DPUShmK1r8tHcJWQyCjEP2j9FvX9CHSq1aj3vsZqgNuZ
  Funding recipient: DPUShmK1r8tHcJWQyCjEP2j9FvX9CHSq1aj3vsZqgNuZ (0.00203928 SOL)

Signature: 33BLH9WbqdKzJiCc9MYMJrvz1P89N6tN8YB62tmJWPMFcfuja1bUmJi6fVxeuAwZpQD7Nnz8w5T443fbLpyEWYmc

Transfer 1 tokens
  Sender: 2btQdWv1ds5TVDYQ3FEiYEqBq62b9JQdD1hvVzhneasV
  Recipient: F8YX8RsHLPmetWQNTZP37tD7fYDQd21WbVWXDzgvkXtH
