Transfer 1 tokens
  Sender: 9XnTrwB91CueFkXbUVRTtLgLzmQzuUw55mgDHCZgtvKx
  Recipient: GwAn7deEKHk7KoMjDB8EYARt4Q7T94cEehFVeUMXFG5A
  Recipient associated token account: 67qEobDFgZSgsG2aBLRvoNbUm4KCPo39NbkmoctUgpM4
  Funding recipient: 67qEobDFgZSgsG2aBLRvoNbUm4KCPo39NbkmoctUgpM4 (0.00203928 SOL)

Signature: mifuv5k7S5DZjqvCvyXfbvjwNHqCuHdhvGGHpL3jhAEErytLw91J6hTggUZdcgjSuNSB86TFBoLsz6jeEaZvehc

Transfer 1 tokens
  Sender: 4Li57RwXn31qpP4aX4TZuaEgLAd38YekMdTjYkGitSWJ
  Recipient: GV274cFet42Cqn2AkMmxg138YT5d5YB14JqsxAGhbkkS
  Recipient associated token account: 2USoxAgPf3w5KtW5epnmQ6vqWcHTUTKBL4zc1c54RAU4
  Funding recipient: 2USoxAgPf3w5KtW5epnmQ6vqWcHTUTKBL4zc1c54RAU4 (0.00203928 SOL)

Signature: 5XxTdTmyBWKSk8oYTCRGj49Drf397SyCf1rWCNFHWhouuESUwRDu78tVjxn4YNGcdHZmCCsYp6HoBRpB6NxTwJR7

Transfer 1 tokens
  Sender: 6PrqCbRptiagThySpojVq9LzWgTtekvgHhhAxUpHVN7Z
  Recipient: 91Wuqdn5v3RW6E78XiZs1zdkYg8Xdop9LDcsp7Yefkt7
  Recipient associated token account: DeLjMPmpL7RdejbqaGzDrWKCyPW23dP34fNanoPHX591
  Funding recipient: DeLjMPmpL7RdejbqaGzDrWKCyPW23dP34fNanoPHX591 (0.00203928 SOL)

Signature: 3mvxpJSkr7awdu5cGENKFBJkcUqE5tu38BTZD5Zk9ygmq8Ckt1WpLqq3J8iWTp5fJ4T6kAAAf27DL4ws8vYcjCtB

Transfer 1 tokens
  Sender: GYsaQhCFcQ3voNkaeZkkbTt6bmn7UEED4FyZRVF5BVqs
  Recipient: 2zGL3ZTzX6NowPcZromJm2Nbs5VTYckNaoxJv5Fhpvm2
  Recipient associated token account: 2BSsByi9XrDF2xXwbN3jAVu4WVLKvmHtByfXavGQn3Ka
  Funding recipient: 2BSsByi9XrDF2xXwbN3jAVu4WVLKvmHtByfXavGQn3Ka (0.00203928 SOL)

Signature: mWWXuZUr4LueTLgYpNum94fhNznwTwKxdqfrpqs24Mw5NKB7XiDZZwwhBwoX6RHbviUymCQp5bLx7FDuyrC2Dg4

Transfer 1 tokens
  Sender: 8VAds31nmcKAzCAfsFGzi6MZAs6DQYtzyZzXgJmPqrKE
  Recipient: EKjWiFtfRhyguYKahovGivMPuPbAFS51Mvkowf4HvRjL
  Recipient associated token account: 4EEe4Rh1t8E9ptSMsVags2VMhHYuaEEmMcVcfro29Ycp
  Funding recipient: 4EEe4Rh1t8E9ptSMsVags2VMhHYuaEEmMcVcfro29Ycp (0.00203928 SOL)

Signature: 3QdfY9wX2HQNRF1TAXLuBumm8YtRCmn1oQyFGNymTfw5QHJ7zD1btjCf8jKL961Hi1v493ngAE8LoXKW9SwvHvWp

Transfer 1 tokens
  Sender: AJbXigpuKp9TmFRH27i2oKQHRSttSJGcgLACh4rUd7Hb
  Recipient: 7Zu1JJEUzQzQKww6MaPGYFa5xvxs1iA8oLkRh8SKQE1g
  Recipient associated token account: 6toJSxNWwJuV64riBNFsR9h1XFjbT5KDFHAMQAhPVbFM
  Funding recipient: 6toJSxNWwJuV64riBNFsR9h1XFjbT5KDFHAMQAhPVbFM (0.00203928 SOL)

Signature: 5WYizCWfTA9LGDvDAVvPXcfVPpk5QvWdr4QkBwg4DSFK3DpDMqeZeKJsYUe6GiPiGPTSZAye1kMzDRdU4SqdfMUn

Transfer 1 tokens
  Sender: 5DnMMU4ycDyWFKgRAU8tHRKFiYXLTgbis2rmBJLitbMX
  Recipient: BgWox7nZXRRP5dghNQgia8omsmVVyUJ6QkfveZkYL1dB
  Recipient associated token account: DFCRowerHDFeoVcHdYe6iV99cRmMcJeYSr47UL3NZ2VX
  Funding recipient: DFCRowerHDFeoVcHdYe6iV99cRmMcJeYSr47UL3NZ2VX (0.00203928 SOL)

Signature: 62uQQrvtyjcsh3ZJRdpusYEMwJSSoHJ4YinLVEgns1NA5DA7Urpb9q6uqjs52R39Kor8QkNQfL21Wrbu5vJaoHRt

Transfer 1 tokens
  Sender: G4Ps165YXMpHzBVmdEAQ3x7dZAgRgZGWEeUreNnwEq2K
  Recipient: 7QTJt2wCPPgKguZkL91hMETJ5cWF5BMudBrVYyoq3pWN
  Recipient associated token account: BgDscoZkgu2ap7vaXodkV7rGHYm5QkNe1npFjmC7oQU2
  Funding recipient: BgDscoZkgu2ap7vaXodkV7rGHYm5QkNe1npFjmC7oQU2 (0.00203928 SOL)

Signature: UT3yoBbBz99CTtCvUTxa4xU7wViVoZPaVhSSUKXF5fqviQp9XGYfeSGK1ca5YTrdtuhQQJoDUfZwEv4XVUyxk9u

Transfer 1 tokens
  Sender: FPGRHinfZy31J5qNNciVB4QmXUWRHPKBojfittt7PXh5
  Recipient: AAeJJKJM68QBybzppV3nVdNrR4B8H8Vrfah5uZTs6HGM
  Recipient associated token account: Fj9VUAdagQSbpip6NfhFd243E5hapRhKU1A9yoxhtyzW
  Funding recipient: Fj9VUAdagQSbpip6NfhFd243E5hapRhKU1A9yoxhtyzW (0.00203928 SOL)

Signature: 2kAXqaXkpAEhWaDA3UEbKqXXCS6e5NEb8AsTW3fa5UXzCHzBZnDMc7NJ8qDyZTsJyCrtinp46KAguBexqwWHLNa1

Transfer 1 tokens
  Sender: H9JiYss2uPDVTQeZpwinCR1JnGh9fJbExLTtNfxBQUB6
  Recipient: 3HFJjff8iUTvjLuKHjzJYzJZNvG46FgGPz8bgTKYUw5z
  Recipient associated token account: 6BLdiff8KieS7x6AuAPRBNh4K3MFnDcoN7VxbhX8D831
  Funding recipient: 6BLdiff8KieS7x6AuAPRBNh4K3MFnDcoN7VxbhX8D831 (0.00203928 SOL)

Signature: 57pTPgEPS42NuGqvF6c4cpATAfd62yXKDzMAPmVdkAVPvqxCnHMd59xk3F78oEeKDkMX32QNgu3G8p3M9R8SiNyJ

