Transfer 1 tokens
  Sender: DchseBYc2wPFz6CEsABJegYqrx6Vym1mV31v8VaE4Lz5
  Recipient: BBSxmVWHf5VV8M1HLd6LGxnftPuiu44HVeqUSzSdrejX
  Recipient associated token account: 27ZDFFybX2VuNUZmjeqq5kqxfo6XYybQqAda8FVzP6yj
  Funding recipient: 27ZDFFybX2VuNUZmjeqq5kqxfo6XYybQqAda8FVzP6yj (0.00203928 SOL)

Signature: 3tiN83tAdd7j27i1SUmFbvumEGFdmVs9WPFSq9kJq8pVJDvzptmDkQV2K8NnAEcq6ntiVQ3UCtuhj4VTxrXaWaB

Transfer 1 tokens
  Sender: HQ1JSkNZDfwmGirCkUWc4kK6rA4Lp7NzgAD66t3ZGVMK
  Recipient: 8bh4SCMC7vs9UDN5uPGTo5NPHLLFeeKaLVvXJt5FUSXh
  Recipient associated token account: 6rJTzbc44pFVwwW9yzb9smSEdPc63kmxXScGQEMEdUkD
  Funding recipient: 6rJTzbc44pFVwwW9yzb9smSEdPc63kmxXScGQEMEdUkD (0.00203928 SOL)

Signature: 3Gjv9BSGnLKZp1YaZbCcuf96udBezpwqQgUjtAPhwyjMVnZFKp8pcq1A986Dy4AV6EEZJrJK3RJbY8Die4zY2FhE

Transfer 1 tokens
  Sender: 82Zdo41CMp51rnHt4oFiLXCXzucV3AgwWV242C5uzkA3
  Recipient: 32n3fn2iwA8q5RemUE42YMmkG5xtzbFipdiaLqejUys4
  Recipient associated token account: Fw6uc9VvnmEuuLBPh78kZ9A1Gp5ojKn5czdnZTaowJ77
  Funding recipient: Fw6uc9VvnmEuuLBPh78kZ9A1Gp5ojKn5czdnZTaowJ77 (0.00203928 SOL)

Signature: 5w7NqM9MV74gusJCHn5uiuAE5ch3pqtNs8Xk5H6WaBe5YGBiHTfKGbCrDLJpecRxUD7Lb1NzffaxU4WBxt515urz

Transfer 1 tokens
  Sender: iPYpmTg5qU1kT3hL1xUK3Xobjqn6bgxhKeuT6ZAM9U1
  Recipient: EkQAvYa4Ek97Zb3LdtLBTcNeMEwf9yZbTGzjPjQnrVJ4
  Recipient associated token account: ZjWB1QXjWeY5NtY2FYSuh1NLB3ovEtrLg9cGudy1upM
  Funding recipient: ZjWB1QXjWeY5NtY2FYSuh1NLB3ovEtrLg9cGudy1upM (0.00203928 SOL)

Signature: 35DdBGuggsRtfzenuG44Z6F3RjfCfyVSx1CU2zLUbskwBfCyHmJb3Au1xxLZvoyvxJzeZGUm28BjTisGPvnAEeg7

Transfer 1 tokens
  Sender: Ftkh5X7jSHuDUcP2yQKeXnp2HhszBFWHFuFrdxhVv9jo
  Recipient: 2xzJ6BNMzU6yBSzTtyfB5W3Q2RkJjvMrRwr5McAKCFgN
  Recipient associated token account: 3T4mh83nx7av42hx7afeNHx11p1WN6AeXQMXc81JF1dc
  Funding recipient: 3T4mh83nx7av42hx7afeNHx11p1WN6AeXQMXc81JF1dc (0.00203928 SOL)

Signature: 52YkugGdd8m1SLj8txbnAq4GQu6m4KfCVviAF3YeQPWVnSWipubJ7jKqAWTE6LGtGbx61eKWGAUfGNN2aqi2CQqC

Transfer 1 tokens
  Sender: DauMQLRXoPwZwgb7XoHCG2HgsDzCVFFux69Y8hAK7ZJL
  Recipient: A4jR8ZNLjEZfMV3jWcL6y271Vty8ywQSCPSsjPoqrHUx
  Recipient associated token account: GU1FRjtCFMtMkPXvrPkSJdysY28thuu1ZPjBkdhgcAjb
  Funding recipient: GU1FRjtCFMtMkPXvrPkSJdysY28thuu1ZPjBkdhgcAjb (0.00203928 SOL)

Signature: Gqfhk52tfsAeqXeejL2eGC9nBsS9pbhGbsLtsJ6QRgWgrKr8pZHVzp2Meug2Ae6uMP7DCCiGd9AABtsR9bFZ8Nf

Transfer 1 tokens
  Sender: 8LtTvSdW4vpZWdw64Wsm9N3YFotivYnrGqSddUQ7wJ1X
  Recipient: DnCqNdc2vHLAq8abiRz51DDLty2hy89v2CS9DHdMdSWu
  Recipient associated token account: D22mdL1aR5gAB997Gm9D3MtBpG85tR1MQfoTn56PpzzC
  Funding recipient: D22mdL1aR5gAB997Gm9D3MtBpG85tR1MQfoTn56PpzzC (0.00203928 SOL)

Signature: 4mfrcJFUTFK1Fx1oh83DmMW47i8YTdhggdSZHW7EMYfUX3H1Cf52KrtK7Fs3McwuwRrLVVoDzvn89ae77AVAhLuB

Transfer 1 tokens
  Sender: 6wKNUvrmrp4kF8FjDiP4pBq8XBhTaMwNjYGWeKetPBeD
  Recipient: 7YYZPyjjUtJrqi65DcgSXQ7Y1qjYfkCR2G2Q5dqDfv5Z
  Recipient associated token account: 3LaxZQbg7dK9QaXsVN56a4kNw6iMGAut4L3DrqnXVddX
  Funding recipient: 3LaxZQbg7dK9QaXsVN56a4kNw6iMGAut4L3DrqnXVddX (0.00203928 SOL)

Signature: 4fzD1Jok2Ga6ZLUmMA92vxSiwsfuZG3ekJrC1N5sFwyvyd7CVgPLoXUJ47dYgoaKZa5SVD4UAE5MHpbd5CvqqNfL

Transfer 1 tokens
  Sender: 3NtB8wmkRYJwAArxurFS87RWuZgTKB4F6QbAaL1B7TMn
  Recipient: x9b3DNvKkLMNuaVkP9Y3w6nfdki3VPTYb9R2v7fWfea
  Recipient associated token account: 8hmX7cWX1sVs8ZxwztAULpRxzCCr6cKUNPGtfa98eQjW
  Funding recipient: 8hmX7cWX1sVs8ZxwztAULpRxzCCr6cKUNPGtfa98eQjW (0.00203928 SOL)

Signature: 2Vh19gL6PUTC1bbipofQ52pV85CU5Jox5UbMzMzzodrdduVSYZPsu2HNyDHRXUpxoyuqueBHqgnC8vV3Z1g3F6MX

Transfer 1 tokens
  Sender: HAVVyW4jugHuWtJdVtu2Qe46sZxmunpDb2Z9MMYrGmwQ
  Recipient: 38YhZS5jzkEBNZVEnPUHi2hr6YFaotZJZSUQf1emFUY6
  Recipient associated token account: 87bawBWDu3TPGVj9qNCyQbAbSmadUU3fVdbadaaXPbVq
  Funding recipient: 87bawBWDu3TPGVj9qNCyQbAbSmadUU3fVdbadaaXPbVq (0.00203928 SOL)

Signature: 4DV78UDXuMK16UdpBNrbjfRwQtBGMPHevjDtcgZLy1nF8KG7RaX56xz8NcMnyuNrBazX5eJQA95qQ6JdySXEKNeJ

