Transfer 1 tokens
  Sender: Aq5PvDXbEH79ic6A8qyJfmLk8rgM743DvQgAzHLs6Yn3
  Recipient: D19N9udTVk5VujnBcmki6DTQMnRJCcZYs6yB5w3zk9HS
  Recipient associated token account: 4eRWsVBwGyJNuM6FEPzEKDUJXUgkPWgwYEQcFjqeGkAL
  Funding recipient: 4eRWsVBwGyJNuM6FEPzEKDUJXUgkPWgwYEQcFjqeGkAL (0.00203928 SOL)

Signature: nQ3fMDYjXFxS97rTZUUG9oJ6P4egcyzo3B3K3DRuxFPDnb1vVaVFbFbffSyq8yqVUV3Cj3jfXhXQqEK3Gmd96of

Transfer 1 tokens
  Sender: 7FJW57sWBN1NoVA1wCifrnbGpJGxTi5uX9zqC4mP2RZp
  Recipient: hF57bqov6UrfrLybHm32BmoUiKMFN4Eo3Xi1YAeRZpi
  Recipient associated token account: Fv46PdCDzpD6CcoJfNyNUzcXKJt8H2uNDrk6EKUAH3mq
  Funding recipient: Fv46PdCDzpD6CcoJfNyNUzcXKJt8H2uNDrk6EKUAH3mq (0.00203928 SOL)

Signature: cvTyqUdQnzMsHP9wRc3gx26yD68zx5ZNxPPNnH3v1RLU2fRkBsxrKFqp8ZaY2n8Se1UkLiejF1VYtXJjhNXCtcp

Transfer 1 tokens
  Sender: 78KxQkXi9Hy1mWgBfY7dcSzuKyFuW1ovemMYrLdHJQum
  Recipient: 8qxtQgdAf2chDakwPntZAGdyEGtFCZnBfJ26Cqvxx9zo
  Recipient associated token account: 2xRBRo6JWxVX3naTdqyTZ8tP4DT2yqdbFP7HiXD9chEs
  Funding recipient: 2xRBRo6JWxVX3naTdqyTZ8tP4DT2yqdbFP7HiXD9chEs (0.00203928 SOL)

Signature: 2qgocuS9XahNog6YgJnbUak6HuSqLCNYa2ao3fPfKiUk3zcMdk3H932oMi3MuuzkmWwZkgKC3mmSZESHux967mDg

Transfer 1 tokens
  Sender: 2f9orABC5mQZrbkhxvX4VFMhyQzwVoGcxPbXhNuX3vJa
  Recipient: Gqx9qjwhda6NqcYvF3EdKMqnMyxsZy6oN7tXZHgMUiVN
  Recipient associated token account: EJJ82xikFw9TdM7uf5o69iywb89vvY6AM4sLVFTHCoyi
  Funding recipient: EJJ82xikFw9TdM7uf5o69iywb89vvY6AM4sLVFTHCoyi (0.00203928 SOL)

Signature: 2UugDmNuw1CdrzreF7WD3pKwBPWUjBH94S2qkUpJpNMBSfGjzgwxr2JZ7t1MnsHe1xHS6yPuikxfrm915uE8tu1i

Transfer 1 tokens
  Sender: 85oSQ2LNZJ7CjQ8szZHn8Y9Mgcdp5pKfhYQ3KcJT6zcA
  Recipient: 9ej7a4re5ZsayUKYpU91q5UEakEjCwK9mFb93zDAKwUM
  Recipient associated token account: b8CQf7vFrrNnyKvRN7XnuJ76p2JtNQsE5gERaGtmKyq
  Funding recipient: b8CQf7vFrrNnyKvRN7XnuJ76p2JtNQsE5gERaGtmKyq (0.00203928 SOL)

Signature: 5MTZ9ER5JPRomM1esgHPUss3QMRn52MpynucBk4aX9WrinVjm8zL1efJVtyV3zP7GWwA9QxKqVNg7nHb4X5snCDW

Transfer 1 tokens
  Sender: 7KTrCimgt34pVLeKrTJUQPeFnYbyHApkVrpFoGTBwk8M
  Recipient: Fx22XUQE2NaZ2oMEPCAzyYXwqnMGWrKDFGNdqPi1pdHh
  Recipient associated token account: E8y5QkW9Gp9npDr2XMMiwgVebz8jXN45JtLwWKdEQuLg
  Funding recipient: E8y5QkW9Gp9npDr2XMMiwgVebz8jXN45JtLwWKdEQuLg (0.00203928 SOL)

Signature: 5E8KugS8ajRXSwXqN8S1Lzq6KGZvHD7DhCTzF2AY36ZS5W4FVKuHN2jqyXWmY9XJxm9QKSNdAYwJB84XYMmiWpFi

Transfer 1 tokens
  Sender: 6TmaCLDfapbZFDYYLbuFVjRaVWjNuSMiHMUe3cvQH5JZ
  Recipient: BGCgw3TEQBD1dT6sUeXSkiqPq81jL1skvTu6sGo6LDNH
  Recipient associated token account: kVp4J8GvH6zNJEsjH2zDdsSgCXieiJvtbbfRjVstmXW
  Funding recipient: kVp4J8GvH6zNJEsjH2zDdsSgCXieiJvtbbfRjVstmXW (0.00203928 SOL)

Signature: 4k4vFCkCvg7zDEizUDc4avmnF5SYYDetCGabT1bw8tn2WKHyQzPrDuvXGyGdDfVcGJGk52bnSVRUXaAk1qhxTMpQ

Transfer 1 tokens
  Sender: 6RpefsVR3yQ5JmctZhbv6StCrjKzpmfyuQUBwTrpAamv
  Recipient: 5uSmDhZZ7dhpdpWUKAzDoiteeQCe3ReoUHbZzKvFEVtz
  Recipient associated token account: Cra7QoXMzgByRKNoTQP9Jw5sZHkrTZMWdNhU1EpKWMV4
  Funding recipient: Cra7QoXMzgByRKNoTQP9Jw5sZHkrTZMWdNhU1EpKWMV4 (0.00203928 SOL)

Signature: 5w666qZv7cWwvZF89fnj7XZu1UVYQCpWWGLqQEA4XiAk2KzR9GcjMEzhjnFhtFBcjdZ2fSSHtSTtx3v2T2Jin9o2

Transfer 1 tokens
  Sender: XxdTKRYU1hF84MfG45K3zqi5LYyhXYsnZkyN7N373FQ
  Recipient: D39VqYd17fcnnTwSBV8i3GVUU1vAzLuqRErkPBdn7BxH
  Recipient associated token account: FkyCFNggq1NTqTnNnanzpG8BMVPE3RcT3vmzxgCmLSvt
  Funding recipient: FkyCFNggq1NTqTnNnanzpG8BMVPE3RcT3vmzxgCmLSvt (0.00203928 SOL)

Signature: 21ZoXbh6o4XMfdGMnrRVDewfFSWw5usVK552fruXVvJziZjzCv1vEzVkdQGMh5NdUA7vw6P3vEBF6LM3FsHKWEET

Transfer 1 tokens
  Sender: 516hCjPmHUkN59p5HgMxvvp41VemPhJ1kvnAJeFzMkcH
  Recipient: BqxPXVjbhH1ttsLsCa8iJeXp4QZbVezNohBb4KSgaVHY
  Recipient associated token account: EG3JTyWRYJPMbMpKoLY2X5PUw35vXUtTS6sRi7HgQjum
  Funding recipient: EG3JTyWRYJPMbMpKoLY2X5PUw35vXUtTS6sRi7HgQjum (0.00203928 SOL)

Signature: 3arvzTJQkfxzr5sC7gNCzFHqSvK416A57MzJZe4Yyy5Gpx4J4L3d7kDgC2pwKfoMtotpQQVANRGDahuMVBaryWJk

