Transfer 1 tokens
  Sender: 2F9qsShuKfz15NAw4Hbz9JH1HTtdK9ecmNtVCcqijZs7
  Recipient: 7tMyU22ViPrhY14fy31bSmTsQK6rwc9q3Zbq2u5RkZis
  Recipient associated token account: 2kzXg5p149eCYvw6j1YcYMXkwT1EWErxmDopDsdU1oph
  Funding recipient: 2kzXg5p149eCYvw6j1YcYMXkwT1EWErxmDopDsdU1oph (0.00203928 SOL)

Signature: 3AHBdXbxGszQypftZTMoDRTkNWPWryGK8ibrvr8NtUFF3wmngxBqk34Ukd7KKYS4yo48rtcL6SmQKzGK8UG1sudS

Transfer 1 tokens
  Sender: 6xUifFnXD76XknDa4Tx7x91HKgrfQC6itNGzkNkPFcry
  Recipient: 45cSW7DAVh4SjGVL41nFU7anfi3ab2RjYzSvuy2iHBCF
  Recipient associated token account: VhZcw7mR5kZHgPp7KZdno64zynxLLsHg8wCU27Aew6p
  Funding recipient: VhZcw7mR5kZHgPp7KZdno64zynxLLsHg8wCU27Aew6p (0.00203928 SOL)

Signature: 5mTE5ffxhL9s5qr9JBTSniFUJk45jAtvgfAUw4hgTzUFrp77pbdzPW2e9PzEqSzxjGzwz7JEHD9FBWtm3LJeVeyQ

Transfer 1 tokens
  Sender: 5vFkpWQ5CsGAo45v4auXby3jpVgCn9auJxFdZbtMFDNk
  Recipient: F72ZZGfTciszpW3HX1H4FNfGJPvpygkU15KtFGH2bFVh
  Recipient associated token account: 3M8nCYUsbThVZJN9aU6R5aSmSpR8DNC3yLrMKbc8b6mn
  Funding recipient: 3M8nCYUsbThVZJN9aU6R5aSmSpR8DNC3yLrMKbc8b6mn (0.00203928 SOL)

Signature: 5ro6wqSMQH3CfPaniRDUqanTbpV5mFrmq2Trhrip41AZzYA52ApUBf5bpvrW71un8RSQh4967Hcn1uSvT7m2SJ44

Transfer 1 tokens
  Sender: 5ySAyuZCvjeZitYSHvYBsKFLveartjFGa7sdaua5mb87
  Recipient: 2RwD5cXVfvtGGoWmhGysLKupxhMZdG1Zfh81GcCnQtWG
  Recipient associated token account: 9egpwus1ai5TvUD9L4DTRHzpbN8gZoMiYwLwU32681xP
  Funding recipient: 9egpwus1ai5TvUD9L4DTRHzpbN8gZoMiYwLwU32681xP (0.00203928 SOL)

Signature: 4SmcRSZaxS4ULE9xpLkEmjJPvNQQTXiC1a1gFHc2kaJ1GxVzzaBvFFADHBLXJB7bhy1pndiK2YX6TWkRHefkpQ8j

Transfer 1 tokens
  Sender: 9Bva4aBKPkYVy6M1xjZyL3eAiEEvSbawTwyV11LmSvd9
  Recipient: 6Ah3R4nf6C1i2LifmTTs8mX2oNdAyLiXPGGJ7wJ4oZXK
  Recipient associated token account: GgckxqaWWdVKLbg1YvBMHtRmWJK3hLATCyQ87D3NVPjS
  Funding recipient: GgckxqaWWdVKLbg1YvBMHtRmWJK3hLATCyQ87D3NVPjS (0.00203928 SOL)

Signature: 5Wehv7pHGhczrurSV2Q3azAutH8YPFhDZfz1CrdYLWavJNDKtB6thcsCuZLVa1pxazFj2r7a9v1YyX4Wjc7Hh4fy

Transfer 1 tokens
  Sender: 9N1MSfawMbt5twLT9cizhbk7hyVvXSA5pp7ahVkD3rwT
  Recipient: ECqhQeDXFKdAvuvhpnZCLg11TQxaRAjjHMnt9JZQBRaF
  Recipient associated token account: 6SrQAcnadqGAyd6BguV3EMPHuUyUAA9RqAtzGdyBvNWL
  Funding recipient: 6SrQAcnadqGAyd6BguV3EMPHuUyUAA9RqAtzGdyBvNWL (0.00203928 SOL)

Signature: 2noFvAy7BKyj9bd35nm8GbTsRUAXmBWaaB3UZBUvAXV7ktoerftgoP7CaVQAB8YPgSxUkE3fBNkJGC3mLgEVCRu3

Transfer 1 tokens
  Sender: DZEhNJbq5gkjVCVxgsKCfCTURP3zoqG5pzoitP1Mb8th
  Recipient: 2eBBNzw7DeWuYfWhPVGanm7VyYogiWKjSRcAHhcDFSMd
  Recipient associated token account: 8C11xCMFgooM7T1kxXSz7wkmVJ3mHaSjyTvB2qZdaRor
  Funding recipient: 8C11xCMFgooM7T1kxXSz7wkmVJ3mHaSjyTvB2qZdaRor (0.00203928 SOL)

Signature: 3VvAK8nnpSGfjWy5TwYypFErK2RgNWyRRSWVuawUbrEvivNpbVV11qvGp9T4jY2S73ngvZHf7m814oZTKHV4oGqh

Transfer 1 tokens
  Sender: 37aJrDsgi8gUstEqc77U6tvVjqHfnEgAbZXEcSuusvKh
  Recipient: AN8YFRq5BWfdhXFCoet4MnoUfWvFJfBL5BjyWwmrtD2Y
  Recipient associated token account: GrzVbJJuySRYKJe5dh8T4trvUzVGDCxPVhYC9L3K5yJq
  Funding recipient: GrzVbJJuySRYKJe5dh8T4trvUzVGDCxPVhYC9L3K5yJq (0.00203928 SOL)

Signature: 5vR7EBGAx1Vgyf8NNrxi1eQt1QGeR7rgqy7qDEV2fVJBfZxA6kkLn5DoYQLaCP6GGXJkhWKaVxG89o95V531wgNR

Transfer 1 tokens
  Sender: 2jKxq5WQvYkqqdLJZEximguKab1KuH1fw9dz9ZGz5C3e
  Recipient: 42aV5YbqVnHvAyARkHpU5s7CwCbJt3qBv2BzbUvcuuVb
  Recipient associated token account: EDdPcLV9ArQ9rwGLQYPsU9dMVnoZCsr8LEtkVLPjkQL2
  Funding recipient: EDdPcLV9ArQ9rwGLQYPsU9dMVnoZCsr8LEtkVLPjkQL2 (0.00203928 SOL)

Signature: 3nftKJrxo6EZY1wGGgAydFzvLVsgNw8FP4h6tk96AZWtWDnLowVTkKjrE6nVQ753T6HPSgzYAyxj4Mn6C6WR3Hzr

Transfer 1 tokens
  Sender: 4kyFiqteskTKpM9y7W2CLPnCjtHJCN9bsiGmzEx9XZLy
  Recipient: 2WxjzxKrWe7RsEjdGSjoUxYB57SAKFj2h8dTEBBi9CGX
  Recipient associated token account: BrQcyrd1NSfaprjZnbnNbKLUQU3MCwttnFNhCJbeK1WJ
  Funding recipient: BrQcyrd1NSfaprjZnbnNbKLUQU3MCwttnFNhCJbeK1WJ (0.00203928 SOL)

Signature: 2gBzbymd1fPVcEMzoomP9tBmxWqR9vBMgW92xB29GPPmRQAtNG8TiYi8M4JnbLwe28Gasgc1WDaAo32Dvths9DfX

