Transfer 1 tokens
  Sender: G614N8We5bVbT3CgyNrcNhGwuT4eqjJQB3B1wLTJNqXm
  Recipient: JA8yXQ5ZuRfATTrCatJoehaMZjR6f6QnPgtY415Vs2vt
  Recipient associated token account: GFv3zRvBVAkqQU6s4wxjvaZD36rkw9mzQCoavQZsk4Gr
  Funding recipient: GFv3zRvBVAkqQU6s4wxjvaZD36rkw9mzQCoavQZsk4Gr (0.00203928 SOL)

Signature: JJ4GahV2CxdcqYfo26ypUB7shAjPJXbwCqLtbLanotPu32UHqnHAMTVY3M4RwZbSTzxzeaTE2DWb7QqPkgbjhxW

Transfer 1 tokens
  Sender: TDHmWJueWigy2sh6xmrwcfXx9agKBAXzFocTzHJFvc8
  Recipient: AsxYivuyVu6znDgnwenpLSLvkZDua4mGKxTvM2JgoeDU
  Recipient associated token account: GNKJaxfgyMkexmktTBzV3aRbodFZFk14FGNXJLzyXU8i
  Funding recipient: GNKJaxfgyMkexmktTBzV3aRbodFZFk14FGNXJLzyXU8i (0.00203928 SOL)

Signature: 38Lnj8R8AmGKy1UaGksyJe7pAqfKYpfJUcbhQQsdGu2F1fnx6B2pftoidp1piWd7rrfRcv1b2AYXw7euE2psxLVg

Transfer 1 tokens
  Sender: 5wSUNY1pkHvCGYqimqkjSaPyFUpTbVxQjvc75vEHjSBZ
  Recipient: 6g9ELee4ukyGnd1jwfkiS3mpomRHdoTtodFLd4zntJxV
  Recipient associated token account: 4i4bUugEGoeM6DqQyvcibLiPdEhja3P5HPxM9V4sMg4h
  Funding recipient: 4i4bUugEGoeM6DqQyvcibLiPdEhja3P5HPxM9V4sMg4h (0.00203928 SOL)

Signature: 47DwZ5Fmj3TYtc5pE1jheDEPiWujdtJh5YwaUERGL4cmBfHxE3kQWtmymKFBCfA5i7uhRCB7SwmpvwpYhRGqydE

Transfer 1 tokens
  Sender: EDs8ymeo977fm6qK5LytkJoi5wDvB2ETahVk3Zvyf7fo
  Recipient: 6uGbcWXz6Qdbe7HRRBjw2KaA8WRRv28vteb37ryYDBdz
  Recipient associated token account: 5DhbqxyJFenmPD5yP8tpQebLpcfp6TBmAaAznVNLTbu1
  Funding recipient: 5DhbqxyJFenmPD5yP8tpQebLpcfp6TBmAaAznVNLTbu1 (0.00203928 SOL)

Signature: 294iLGZ6yY9sMkGd1B3aCYa4ytQpeNMDuekd9KRYycbozeZnCoTkpNdNKPDxMPcv4FQkd2e2NYV6XgXehW9MEnhT

Transfer 1 tokens
  Sender: 3jjuBKiHCZyHrNMxNYN5EzBku8W8oZKzBRBDH68cddnE
  Recipient: o2Aug6JB1RDFk7yYsf8QCjpWo2WzgwFkM115gtSJU8r
  Recipient associated token account: 8kkFYW8oBmrvRtz1Uk2982C5pJBHgcULuJRRbgNEvPyV
  Funding recipient: 8kkFYW8oBmrvRtz1Uk2982C5pJBHgcULuJRRbgNEvPyV (0.00203928 SOL)

Signature: 643T2ZZ4r7CsYZs2jwEbRSzcqVjUDtkufG8j2TjeQArUR5mskkvJz8tbfee9et7bwVi7DAqGiFyJcN2dU7QSQrRf

Transfer 1 tokens
  Sender: 4rJoy9cujsmfiv88u5CgTXx71fyBTqxRH3KNSUe32tdA
  Recipient: 4k5kkXC4J4qq6sjiNSkSJqVEJseC9AcJHsTp6isciCEX
  Recipient associated token account: 9nHJ7JcEsHAznhGDERiDKRMCQ46MGcYbGTeoXSvvu2RW
  Funding recipient: 9nHJ7JcEsHAznhGDERiDKRMCQ46MGcYbGTeoXSvvu2RW (0.00203928 SOL)

Signature: 5gzXRVsckGaNJ4gWP9Q4ppjpCHsvRqVymYxjyHbGTkiso6kBNN9jY9AJFfM2gKkRT7VEX89y1EP3hbg2MMRgR4VR

Transfer 1 tokens
  Sender: wz4GRZYP6gHQHbGJuRvEQmNwGkUWhH8NUoi43PHdcYj
  Recipient: BVFTQzEas8kMPkcugksaTTuLnQJ8ESxtLryk4ngdyvjU
  Recipient associated token account: EfAx7xuT3ghETCD5p8VRnVquAbPcH1gG8bGHDVzd6VHo
  Funding recipient: EfAx7xuT3ghETCD5p8VRnVquAbPcH1gG8bGHDVzd6VHo (0.00203928 SOL)

Signature: 3uVjDjt7rEtiGuxV6CTuNap6TjRw8kgSRXMjFiWhscdgxYBsLtLwoagWFekyF8vowgAuKEMneJPYyZBZ5Lo8cFjk

Transfer 1 tokens
  Sender: 7fC36bUjmpHaU2UsNQtGxzyPJMScmpVtFW14NhJW4Eeh
  Recipient: DWaAVXvNg9NcNUPLCwRbAhc8NVmFzSLPQCFuwkxgp9Tk
  Recipient associated token account: 7EKUJKcCFVLqC1Y9vpxbPJPdz4uoUue15PRdBkdJHfV7
  Funding recipient: 7EKUJKcCFVLqC1Y9vpxbPJPdz4uoUue15PRdBkdJHfV7 (0.00203928 SOL)

Signature: xwuUJkhuo5GBpgyAQcn4wzKGaW5p3QoFtaxVru3YaPFW4f27MPQAQHcD5RUsLWrHmpZW2ZKFVd4VqzH5cZ7KS3U

Transfer 1 tokens
  Sender: w3rD4VzPUekrTTLeUPg5GekU4Z6nCEpk2QHK6EBMaFd
  Recipient: FcYJg3rzgnLztFda9vMG5qsdahNoWpSwBuqGyoa9epAU
  Recipient associated token account: 36yyFSrcrJKiqv922rcbMPLyBB61QwxkBezNHJukEoMw
  Funding recipient: 36yyFSrcrJKiqv922rcbMPLyBB61QwxkBezNHJukEoMw (0.00203928 SOL)

Signature: 33JVx3EymQ5vPM8kXYyP9LfKvbbmY3u4U2WEVWGZ4kQt3NRFKepuiUSnj3ydsy6bV1CMRFo83rW3c8EZLsjXfpiG

Transfer 1 tokens
  Sender: DP6zFeADZLSSdUaqd9tD1GpWyhi1ya3vFCgDXq4WzmKq
  Recipient: FK2JSm8HV46i9wevsLUFN1fufWo6MrYzunXQ8HwhLM89
  Recipient associated token account: 8Ue8v2byiZFiuGtu8A23QuB9fHimTnDrMuu1RgBfJR2B
  Funding recipient: 8Ue8v2byiZFiuGtu8A23QuB9fHimTnDrMuu1RgBfJR2B (0.00203928 SOL)

Signature: 3upxCh9gajYCRwrmBRkwZVN19Mtcv7C4p6WBQyqdLS4CecEJbFimfgzbj5Sui9EE6ChnH5rBcM8LWBkUoD3jk9QK

