Transfer 1 tokens
  Sender: 9PudrEbzsjHkjKh8G1mUteRoGhMUCfjuS2NaXiGtK2Yd
  Recipient: 6aVxAU2nNjSUmDkSy5zgavKcZNKGov3xhi6tUPLnULLp
  Recipient associated token account: GMibiAnMLGRjnG3qaFH3dRp45Td6uTuPpDABP3LfsFgA
  Funding recipient: GMibiAnMLGRjnG3qaFH3dRp45Td6uTuPpDABP3LfsFgA (0.00203928 SOL)

Signature: 35eEcY7PgudmnXWKRxFfTPMAc5nVTmnvegdaCTdAT4QCkS1iemWAyvL9pyS6WBct2Z1EdpSt97FZTLmVq4RvZtyS

Transfer 1 tokens
  Sender: FENxK5gNEMB3HdkdyXQJVbdSAJ4sd1q2xWj97b1W2DHa
  Recipient: DFjhhYkZbaL2L1swqiF3Y4cQgrDUj2wXDWJxQkroLouG
  Recipient associated token account: 3V7AwVaG5HYFj2mr5CaqxE3Jo5wLvnBmtodSkVkhJ5n9
  Funding recipient: 3V7AwVaG5HYFj2mr5CaqxE3Jo5wLvnBmtodSkVkhJ5n9 (0.00203928 SOL)

Signature: 4xjamYdxNMTotSCg5xJcVUApsMaGLntPWjvx7aaxZRm71S8uzANiscMHtgeZ7vsX2YRHV1FoNKUAaKr4K9CDHThv

Transfer 1 tokens
  Sender: CpuvcoyRpqfmMjFE8qBWB5qDbw9edNv3N7r6Qse3McjV
  Recipient: CdXU3s7AFPSoqAdSq4fTXsDeTvgeiVv61kgSYDLDL2DF
  Recipient associated token account: 8eMEsgs6pCV8EFiKbiyUFJniZj7XWrxVcCZhYsC9tceo
  Funding recipient: 8eMEsgs6pCV8EFiKbiyUFJniZj7XWrxVcCZhYsC9tceo (0.00203928 SOL)

Signature: SHeSnYpZaaUGTikdHVDDJbZ7gKkiN3pU6DedzLVMZRYwT2iKmS4aqiaSCuoRDu2WqhpA1UkidouiSEtqRARASqP

Transfer 1 tokens
  Sender: D97FJW5vBS7rxKL4h7yCd3uH8SuEpUf9HeS778pxLet4
  Recipient: CJBDLZx8KBTJiMCx2uMi23xVk3YXqYVgkEy4hc3TybDb
  Recipient associated token account: 5BGtHT922CoT3Wqos2e26AdgBmCeJJq8A2529pKkSV5H
  Funding recipient: 5BGtHT922CoT3Wqos2e26AdgBmCeJJq8A2529pKkSV5H (0.00203928 SOL)

Signature: 3KUT8CR8JY4qau3eirmqKSx7DGuoZYc8XCfJ6ucKW5wkpVNVbbxwWrP2t4EPNhW6TKCveQ2sxt3CtigcHKE12C4B

Transfer 1 tokens
  Sender: 2zCM2C4UmPKawzPZDBMSAM28Zmk5Qv5moJWpFEhLyjR6
  Recipient: Cm8cYtgtfyULCzisqUnMg68aqqi12PGZScouQfJRfrG3
  Recipient associated token account: GLeYu3J3dokirRUEoan39ZtshC1m6gMSJh2NnZcR6efz
  Funding recipient: GLeYu3J3dokirRUEoan39ZtshC1m6gMSJh2NnZcR6efz (0.00203928 SOL)

Signature: 596tZbgU5afJJzMKZFiVehTJXszhKHPcqFVvEa9E2xZusGsAXG6JvoLeUkb77nos3LRFzJ2z5vroMD4rwzkBpDUh

Transfer 1 tokens
  Sender: 46vu4vH1nvY4WVkyMgqmx9fJDSRv3LNpMyQoiD5rPEbT
  Recipient: FGeQoJHQuKTAx3h8PkZFsBjWUcG2yZ7DcArpFuKkejbg
  Recipient associated token account: GpSFMkjPQxxFJVVVvvPmJLFEGZxa3Y4syEsfsai54Jek
  Funding recipient: GpSFMkjPQxxFJVVVvvPmJLFEGZxa3Y4syEsfsai54Jek (0.00203928 SOL)

Signature: ywbDS2fX68tdk18Cude4JkUPfDRVMp3MQfr5V2mWGKdBQf6ee3iD8XNP67cEaLvREyiSR6PywjLEDMQpSFtPsyt

Transfer 1 tokens
  Sender: EnPu88or3bFPnQE1nJo99QhYyUQPtXYf1jzMtwCvPPBi
  Recipient: GPzFMtZMQNhjTsEXNDuWyWj8yKhMXp4RbPwwUBBXncyX
  Recipient associated token account: 9Ch3UwAA9aJYfrzRWc7XNH79GkihpLqpeoFkkDVfkSGG
  Funding recipient: 9Ch3UwAA9aJYfrzRWc7XNH79GkihpLqpeoFkkDVfkSGG (0.00203928 SOL)

Signature: 2vc28FSxeCCEb9Ld9tb3geG47X67JBxToT2xRSZp6ni5fVXGkVaFbHUBUMCKSJjn83UuA1oLTQzMsxboi45FChA4

Transfer 1 tokens
  Sender: 8LbMzMxo3s86DFNMWiU1mi9xZN9KyUc1JRLRabugzh2T
  Recipient: 3VWia87hNkxgg51heFc9z1GtZdmSuC63RGtFe98Nnsbb
  Recipient associated token account: 7PNFSjtfbowMkA8qTpPA9EvUYMP6UhDMVoiP8TVxTVwu
  Funding recipient: 7PNFSjtfbowMkA8qTpPA9EvUYMP6UhDMVoiP8TVxTVwu (0.00203928 SOL)

Signature: 2CypVEdMmE73RMoqEZoWv27rGmeD56oURdtrVpCt9xWvTQBRmTFHsvHGGdtGQrvfYhZ5gW3thpGUSBAZmMdvBiz1

Transfer 1 tokens
  Sender: ECya5fEpNdZ6u5MuHxSZ4skwHSDLqBhQkbqgNstF4yEb
  Recipient: 9ej7a4re5ZsayUKYpU91q5UEakEjCwK9mFb93zDAKwUM
  Recipient associated token account: 8FPoLiapkS4nyB6czxSosLFsTcpuYmbXBouSkUqbPCqh
  Funding recipient: 8FPoLiapkS4nyB6czxSosLFsTcpuYmbXBouSkUqbPCqh (0.00203928 SOL)

Signature: 5KjyjgTkjNRw1xUsRAs3v75v1kJ2XtXT2NRGResgS85G8FK9QmHRi466Ue6bRt9A8HNzSTqskQTyvqbpj2DEVEQL

Transfer 1 tokens
  Sender: E14rhqsXeAxDAxe9ctzcUHLQYL1XosGM4VuTtD6Kzxv3
  Recipient: DcxwCGCyJWbiD5y43pdo8Tr9f3Uj15NoVdNH3RMmy9wL
  Recipient associated token account: 6WEbrT4ZzBjfuo6n499p2t42fbnG2RLnySz2TBX2Zo86
  Funding recipient: 6WEbrT4ZzBjfuo6n499p2t42fbnG2RLnySz2TBX2Zo86 (0.00203928 SOL)

Signature: 3SjDZ5jLFJhG9ZvRsiBky2FDoWPZq3MaXMuJmxZ1YE3dawLrvruYzHgiVL1YFqKB1R5B94bBMbVSvfkubmsgmp4v

