Transfer 1 tokens
  Sender: 4DVQ2xsbtbAuUpK6XxWZWrCozvSR6XFS2quEatFcMdYA
  Recipient: 51oET2dy4vCmZ1JMGYR9hbsvsLng1vcLD6z2AZp1uq1j
  Recipient associated token account: 25NpCLiCJgmC7cJEUHGhJYvhgoyRHZ3uMRoD7dAX82L3
  Funding recipient: 25NpCLiCJgmC7cJEUHGhJYvhgoyRHZ3uMRoD7dAX82L3 (0.00203928 SOL)

Signature: 5DLfwCAodB6hayQmuVMn3SduyhGAtLH3xkpjRFqYFobQHo3B4nwkdbSptNTT57rG4Unn6s54HgkqabQUsFUqjDQs

Transfer 1 tokens
  Sender: 9dqqoqAaN5t2m7yQCQs449oGRrR6vXruZVx6ogaiQTEA
  Recipient: 97xAKp8FjyXkiYqTtYWN9ArD7KxTevzaCAo7VCcwLAsK
  Recipient associated token account: 7kaKK2XagKrSH7N8oDwUMjCFK2cpS31j7WNA8dRzZF4j
  Funding recipient: 7kaKK2XagKrSH7N8oDwUMjCFK2cpS31j7WNA8dRzZF4j (0.00203928 SOL)

Signature: 3bER5aoZszRjesS3N6AGWBZ4rH2YavbbAdLgAitVH4NAViGxBzhkmGJp13XnUCSxpV2FYTYb4QT2GTgfUcRE6Rpq

Transfer 1 tokens
  Sender: 9R9PxbdGHBA99oR2DSjb3rZ1pFK1hh2SNYoFtan4dBEo
  Recipient: J8gN62oYWN5JYY33iKQmx5LXGqX5wZZJ8CReNkQMCXSQ
  Recipient associated token account: 25PuJbUyc8oKXY4SSmD5cSFy1xvrDWrsnKE69v2J5NdG
  Funding recipient: 25PuJbUyc8oKXY4SSmD5cSFy1xvrDWrsnKE69v2J5NdG (0.00203928 SOL)

Signature: 5YdSfKUbp2fDwHoAqoLFGY8x7bt3SY92wSKDw4Wad8PdwHZqxF9ufisz6WhFfLHHTNwaSpq8Rk1F9rKfRfFUMHSL

Transfer 1 tokens
  Sender: GCEVSmZXsa1tNRqKNnHoETgBMkV1ghnLV8bS8wfhe45R
  Recipient: BcwzmAJunqVo7M9PHuUn3srQJX73bd9xr5fJseCDGAZm
  Recipient associated token account: CGn2cGTvHC7jXo9bPJd1199o1n3aWBHrwfEBafBGL6UB
  Funding recipient: CGn2cGTvHC7jXo9bPJd1199o1n3aWBHrwfEBafBGL6UB (0.00203928 SOL)

Signature: 242GGmjbrpiDQby6hFhswLFJTnXc7fJJnHYQnv9oijW6okt1kX1E68Cp2Zv6oqa2e8fiW8LTJqw2LLy9MzWu9BDF

Transfer 1 tokens
  Sender: 878usN131adskzTTzL2XvpGhxLYzrhQF2dM4SmreKiXR
  Recipient: 51oET2dy4vCmZ1JMGYR9hbsvsLng1vcLD6z2AZp1uq1j
  Recipient associated token account: A795wLvJviP8fyMMsvtEXU7qcfs6vhVEzuPQLHw56oGQ
  Funding recipient: A795wLvJviP8fyMMsvtEXU7qcfs6vhVEzuPQLHw56oGQ (0.00203928 SOL)

Signature: 4B4YkG5fgaz8m7jks3mWgnZw7thvUSNoVXBQTmtjYzfbMT8DFC4dCKG4qGztwGpncY93zVUP1ywwwSrqSmXBX9wW

Transfer 1 tokens
  Sender: 4j6mFkjKKH5zMCG2Y18fuQAyoRMQuDxSbEJZ4D3G7WnM
  Recipient: FC4LJ1JNAb74z3mLGfNesda7cyuzyfDfFagLdCRYPhUJ
  Recipient associated token account: t5ZsVya7NdDsKmEuEcEyahCj45gNrRM1ebqkBfZJ5zW
  Funding recipient: t5ZsVya7NdDsKmEuEcEyahCj45gNrRM1ebqkBfZJ5zW (0.00203928 SOL)

Signature: 66oJGMQyZsYQ2UfAQaJAmczSB6Q3TnkyHSXx9fykYXLoKBuH1sE5ex2hmvU2wGp72TfxJ7XrBJQz6UmqB41mpbnw

Transfer 1 tokens
  Sender: 39BASqUbyMmdPuVNQfbBPCpsozaCSE8LDNkF1RU7Ermq
  Recipient: H5jbQTiL2FVxPihbsds3H5FBDCdm84sXP5on6p5VWNvU
  Recipient associated token account: JCPGqX4ka3uEZzk6mT6qnHqVFmmvTGKxL2RWp25JnfS1
  Funding recipient: JCPGqX4ka3uEZzk6mT6qnHqVFmmvTGKxL2RWp25JnfS1 (0.00203928 SOL)

Signature: 3SpwHTbxe35d48xFDdLz9BMGRNzmBME1pwBjWBK8V8eNK4A8LH1aGdMt9YKtpgfUoQSMJvXRwULfkWULiZya61te

Transfer 1 tokens
  Sender: 55WWFdJHDzzc3A3MzGNuV7HMqVZUMm5ToJue1k2hrr6Z
  Recipient: 3QTRD2FfM2niZmZH1SxS6iJCRFY84DTq599gzengTtxQ
  Recipient associated token account: FkMqDyuyquziZeDnJGANh23KXqXtKVntcF4xLGS3ULZM
  Funding recipient: FkMqDyuyquziZeDnJGANh23KXqXtKVntcF4xLGS3ULZM (0.00203928 SOL)

Signature: 61YNmG9g7hCSyr5KYbsuUzRSQHJTah6RjuAap7AKsUCZrKyniSZN1tNdidvLG6kbpzvwC6RLgofhRFxeNtmt5NoW

Transfer 1 tokens
  Sender: DSncVn4phrAFzPgJ5i8jQ7tWM5xL4vaE8y2PGZfFkruT
  Recipient: CvVWriGBmTsq91AJCDfuBWfNrvCtjbD1otqXJrAtgksG
  Recipient associated token account: ACFvPapLJ1fKrcGg1KfkojBDSdFYKYTJG6m5EqC1EGya
  Funding recipient: ACFvPapLJ1fKrcGg1KfkojBDSdFYKYTJG6m5EqC1EGya (0.00203928 SOL)

Signature: DASKxUFTc2RXLLU72epGLBFPJAQMgK4rHNnia6XMgkM3gjKtRSVC4EEfNp4dt1AZA1CfSfJRJUE51HqcEDu5nev

Transfer 1 tokens
  Sender: 6P48j9Qjzc5DELr9PQ7Gmq1cu4ZFCPjFMjD1dn55MGvX
  Recipient: Gdg1EVbGMQ5gH6nkhy3WQVcJZoRzXae5EsSQnYHD6X7M
  Recipient associated token account: 6ABeTpQ8QhBVtXw8DNRDtiWR4Vxyd6z4Z7zu3kMyZnq1
  Funding recipient: 6ABeTpQ8QhBVtXw8DNRDtiWR4Vxyd6z4Z7zu3kMyZnq1 (0.00203928 SOL)

Signature: LivgTyofNo3epCgbVsE72eKNMoPTkfxHdpiahAVs2bCwpiYpeyHu318CJHYFM6ntXxxsjvBCJn1NUkExGDwgxmR

