Transfer 1 tokens
  Sender: GYV8swYSNx4bMmAeUg481ntUmQKu1HXnbBTgCBzNYYr3
  Recipient: BgWox7nZXRRP5dghNQgia8omsmVVyUJ6QkfveZkYL1dB
  Recipient associated token account: 7ncsKYggV4mukWZpkW6CnvEigjqtdtiS8kwFFbDMFEEM
  Funding recipient: 7ncsKYggV4mukWZpkW6CnvEigjqtdtiS8kwFFbDMFEEM (0.00203928 SOL)

Signature: 2TAtVTvYx3HudRLw9F4Gd6pVYxZN2HrA6JyFRUSgWJRS5RcWnapVJFMXdyN2r8AiTsRD3PCf9VbWYm5Mgrm7Tqxa

Transfer 1 tokens
  Sender: FcgbXo9p2xGKLGvqgawkwGFvHYd6aWujtJqqXCvufK3a
  Recipient: CYVikdfqKK1SmPasR93k1p6CntrmqGW4YcoSYQQ2TeVp
  Recipient associated token account: 5aiuR4sV8vAMjaprVE2odjb1SgwjyDnUJaPfXQLVTzED
  Funding recipient: 5aiuR4sV8vAMjaprVE2odjb1SgwjyDnUJaPfXQLVTzED (0.00203928 SOL)

Signature: 5gPn1LdLJrGXezLp5N8xEt176TmUoHrGFzQBLPuLhnCzLLH26VP7e3a4JTUN7SWhujBhgEvyUp3uDtxSjcwvcUm2

Transfer 1 tokens
  Sender: 8g48MKKX3TBfBLzT1JpYYczGzsPMXMvBgeySWYUFUkb1
  Recipient: 4zFeyGJQLckUkYYKsMiHCZwMeApJ4jHHykNWovKFaq9Z
  Recipient associated token account: EQ9PPGULtBJ9DsXSESQZyWr58NQsAZQmBdpdqpfoTFXt
  Funding recipient: EQ9PPGULtBJ9DsXSESQZyWr58NQsAZQmBdpdqpfoTFXt (0.00203928 SOL)

Signature: 3d8kSkXMUiNknwTETZK4VGKGN9MFWsgKT23fVKocgJi5EkfwdikktdmTdiHLdCadsMq5E8TdwLcd1bm83DsZoBYc

Transfer 1 tokens
  Sender: 3hA6S8E7H4AsWb39oEntXK96YZ53zicbSk9wLVjrRGVy
  Recipient: BBcnpuGSbDbMhZHugVRhURmfdFWkieXskLyHvqcFMsbT
  Recipient associated token account: 92vGVVK9zR9Z6Xam5haoJXLGa9hXybM5yM9qwgamuEy1
  Funding recipient: 92vGVVK9zR9Z6Xam5haoJXLGa9hXybM5yM9qwgamuEy1 (0.00203928 SOL)

Signature: 3D8hjRbAKsB4JBhQawX3TSGkSwSLULSx6fpMp1wnR1ZajJmPbwjgmWrb1aTe1t6Z9kT5q2PnWCQXtCWK9NTntfBW

Transfer 1 tokens
  Sender: Ea4u44pD8z3if64tuifuVZp4GzbJzMGVwN85KhaZLdLq
  Recipient: 5p2EZtEuqWn5BnK1kqgM4qNUKPwiAP4d1BbwrjucYypM
  Recipient associated token account: Baz3DsF1p14d6oif81H1gjLYL3Dw2vSwrximqwn1UwFm
  Funding recipient: Baz3DsF1p14d6oif81H1gjLYL3Dw2vSwrximqwn1UwFm (0.00203928 SOL)

Signature: 22RryPc6BXxXQCEd4mwrgiSGe5yPXDzdfBqboTdGob78HrgUkf8t422TRcTR5BLQsE8M6R6r8nbxTdaA3vq9t5ST

Transfer 1 tokens
  Sender: 3DxQ5rdozDKzqDw7XgmZasycsyY5auy2pQ5NGJDha3eD
  Recipient: E1NDRCQJEjYQitM1BZvLAiFeE7vjGSXvvRPY4mBo8gnN
  Recipient associated token account: HnP1tVFTbp7tRvyFG6yDX4fAZHhVMaCq4Nyj8Kc2RWRV
  Funding recipient: HnP1tVFTbp7tRvyFG6yDX4fAZHhVMaCq4Nyj8Kc2RWRV (0.00203928 SOL)

Signature: 4vtN5sTx31kFgP4MmRNeqgb9UCv82y1FyQN2GPZkd1a43w6WxR9eGEd3179hHDaYoo9SguZqnZdEdL6B8FgfK7Gs

Transfer 1 tokens
  Sender: 48pQVurYbRnb2NiNyuep3Xo8aWxZpPWoWvUC9kJmKP3D
  Recipient: BvDgVdVSj3XhJ7ojVTecKJuMMuLrDEquWeTWBN4dxEMY
  Recipient associated token account: 2hmgzR2gFg1ZY7m1JeraEHCPhcwJstwsMSut2ENpNRmn
  Funding recipient: 2hmgzR2gFg1ZY7m1JeraEHCPhcwJstwsMSut2ENpNRmn (0.00203928 SOL)

Signature: 3GyTH8qYtd7pBr1n71sFhABN9hD67VG9128EnwcSLPtaDNSDSpJ8MouuWNFWXYdMaDx2i6P1hBA7GumXnYYZ5uGQ

Transfer 1 tokens
  Sender: Af7zrq9fb61SVYk6Q6rCsBWsJFNiKCXF9cqGkaFTXR7r
  Recipient: 69tGoogmumWeubV9rjTYXco5rK2ZPBioCY7DM1mUK6ku
  Recipient associated token account: 4Yc2WXcN94N4fKv4KpgAx8fme4LaybghG9otfx2AXrP3
  Funding recipient: 4Yc2WXcN94N4fKv4KpgAx8fme4LaybghG9otfx2AXrP3 (0.00203928 SOL)

Signature: 41kM9GQZn27fU9iwiebiu5Yf1DHAMV8KPPFfPrxaXXssWbn4PeHPgv8X7eeGrpQ51WEUdG1Cdaz8xH25eRnXdYGa

Transfer 1 tokens
  Sender: Fz1nrS5SYLsDtUmUsX3Wy77xTFTi1MiHpvgwV1fgF1Ef
  Recipient: AbgicEN3npoAGUvZCJWpkLkniVxnEdcsFnTHCcmhfUKF
  Recipient associated token account: GnA65MvX1kBAxX12Nogq7y9VfVSXirJcgHna1haJCJDr
  Funding recipient: GnA65MvX1kBAxX12Nogq7y9VfVSXirJcgHna1haJCJDr (0.00203928 SOL)

Signature: 5AidctUHKgDpQMoQp5vfFZG4vakuhZbzWupfr2PwAau7QuNwqNW7wbomwjYEjKuGznWmBKGPpqv9fLVkr7z31NwX

Transfer 1 tokens
  Sender: 7Sw3ptrXLQRcMScBV1QhZmZZikg9gTt45pvBVfhwcRMS
  Recipient: 7P4Bb1pCMuYNveYhg2j445cmTRCEGp2eAAtBQUv7Jz89
  Recipient associated token account: 8H9gCeRXj68bEVgWf9yBD1MAJNGCubLwyCB2x3wsAJ4p
  Funding recipient: 8H9gCeRXj68bEVgWf9yBD1MAJNGCubLwyCB2x3wsAJ4p (0.00203928 SOL)

Signature: 4SwnXo6qD93EYyLLnsw71QLJhD54NV5EqKJ6rzi2wsaM1Jvenvx9xMW34357rVurHKYjFpwN4Cv35Hjk9YB81g1T

Transfer 1 tokens
  Sender: Fz1nrS5SYLsDtUmUsX3Wy77xTFTi1MiHpvgwV1fgF1Ef
  Recipient: AbgicEN3npoAGUvZCJWpkLkniVxnEdcsFnTHCcmhfUKF
Transfer 1 tokens
  Sender: 7Sw3ptrXLQRcMScBV1QhZmZZikg9gTt45pvBVfhwcRMS
  Recipient: 7P4Bb1pCMuYNveYhg2j445cmTRCEGp2eAAtBQUv7Jz89
Transfer 1 tokens
  Sender: GYV8swYSNx4bMmAeUg481ntUmQKu1HXnbBTgCBzNYYr3
  Recipient: BgWox7nZXRRP5dghNQgia8omsmVVyUJ6QkfveZkYL1dB
Transfer 1 tokens
  Sender: FcgbXo9p2xGKLGvqgawkwGFvHYd6aWujtJqqXCvufK3a
  Recipient: CYVikdfqKK1SmPasR93k1p6CntrmqGW4YcoSYQQ2TeVp
Transfer 1 tokens
  Sender: 8g48MKKX3TBfBLzT1JpYYczGzsPMXMvBgeySWYUFUkb1
  Recipient: 4zFeyGJQLckUkYYKsMiHCZwMeApJ4jHHykNWovKFaq9Z
Transfer 1 tokens
  Sender: 3hA6S8E7H4AsWb39oEntXK96YZ53zicbSk9wLVjrRGVy
  Recipient: BBcnpuGSbDbMhZHugVRhURmfdFWkieXskLyHvqcFMsbT
Transfer 1 tokens
  Sender: Ea4u44pD8z3if64tuifuVZp4GzbJzMGVwN85KhaZLdLq
  Recipient: 5p2EZtEuqWn5BnK1kqgM4qNUKPwiAP4d1BbwrjucYypM
Transfer 1 tokens
  Sender: 3DxQ5rdozDKzqDw7XgmZasycsyY5auy2pQ5NGJDha3eD
  Recipient: E1NDRCQJEjYQitM1BZvLAiFeE7vjGSXvvRPY4mBo8gnN
Transfer 1 tokens
  Sender: Af7zrq9fb61SVYk6Q6rCsBWsJFNiKCXF9cqGkaFTXR7r
  Recipient: 69tGoogmumWeubV9rjTYXco5rK2ZPBioCY7DM1mUK6ku
Transfer 1 tokens
  Sender: Fz1nrS5SYLsDtUmUsX3Wy77xTFTi1MiHpvgwV1fgF1Ef
  Recipient: AbgicEN3npoAGUvZCJWpkLkniVxnEdcsFnTHCcmhfUKF
Transfer 1 tokens
  Sender: 7Sw3ptrXLQRcMScBV1QhZmZZikg9gTt45pvBVfhwcRMS
  Recipient: 7P4Bb1pCMuYNveYhg2j445cmTRCEGp2eAAtBQUv7Jz89
