AMtfV1jGcB4iaWcm3mKGGHXVf6u2QBrpXVJWfRGwJa4b
Ax3TfBiyAzr6r3ui1h2hKiu4yyH9NDs4zrCPdR1tHX98
J6BeF37NZ6hrA5P2ETLy73A8MijDUWLYdMVXcw1mHNZ1
CHXJrY1qqvkTRuLVbSyjkShMUvkXiQsoguAfXykr5GSG
HJgecRrnxt4FpWoswzPBApWYNZcHVi6mNJrJ8WfUrPXf
DWcKY7xLuidSTZVhY7ayfHYvxgom8CCCnZhqr6Wb6LQe
6NF7pSKxh7Vsh8e6WdnQ12VRyKikMyd8AFaNrJrJfTSj
9eVNdf6NxvwHcEf9WFPnPB993sMPp93NhwXkcLW2FRFn
DzG4Xz11vQojoiQsAmnhzw6Mmw1H9RmsFfSUahDKz7RN
5TZVgyGHhr57FG94CXzEGLNK9qV1D3N9R3ACa47AjhYf
FmF19WbfzMaBEtjFunp1szWzgfjT4ETDixAd2hpXAyV4
QegfVcUxyGU2VYLJZwLendkVsh9K3Hu2UTonrftTWVT
9LddbcEqH1Ni5K85gUcsELmwQMjCCJxhaYYtGKaPLaja
FjQ7LfnxC3ae1KcA7TKc4Qor1igM5Txb55qm217Nj68A
4vHuZyf2yV7kQGe1TTA2uftwCFE1DDr4ugNn3fkxKy3D
FL1g8rXKKZ2Qpgk4WvquG76sMoWfQvzTB4MMwaxacYQ8
5mxAQdysfZ1kECH6tauspEX9qDxD397CzD2Qc6ftJ86y
4eVGThSiRyjC5FtG2RR9qiXVFvfUChL5cSimb2CaNEiN
4kEKwFx6VuoVbk7oe89tsEMVQUQaURbzeaPT858UGeU1
H5nA2vwP6PxTTNTz9zbKHkBiVS4bfdj3UQMQ3zcAU8Rr
4fMvW6JEPQDPtnL88vMXfqxE33zME54hX7baCE2xMzzE
67FkT7gCTrySm4t9hjBoHbRGsukVssyN9LuYKyz1LNUW
Et94K6att1AGLDQXoNeSLo1Z1Pe1Nof6mZL3R59LUTPu
8Vc1q1PD9gnX7EbZZWwR5nwfB8LZ2x1wXuYqMeae2K6o
GpFLotkJcu7RKouk2hj5e9RmHjwiKE3cTfzMd6N8s2YF
8fEwMKmYmbZzrnVx6VwC1Zjq1yVGAVG3QBY1hpi5mi5Y
HEGpbVfrEoUqFmw4rPVhV6vVxEnfL7TQ4zBNuW7KD54q
JtAtUNjp3RNErREzjX3DA6YhV4xBcbLAWkUTFwYwypG
ADERq8cRh1vd5ibH81kkYezxvQVSbV9bFmKqfWZ1KN4G
8QPNXBabFYUpXc4bGd2TcAhjc8M3AitdYeBGT5rCkcY5
3dU2fKrRaqASXuy4uTt7Etkw4HVSp28v5B7RVidZNCBP
DbhRqZ2BtCMrcgW9ob5CZPSSQGCMbyjj2q4padvi9FGn
HreAw6kUztWjyPPWvn833tYBBQJ5yQECKFC1iSQGyZHe
CXwNjoWSXXftcJfmcHor3Z2pDgx3YEJogMXdDWe3Kr5J
Cy3WU6megk6qerU3FLQqZ7915NwUzDdMmNCTvoSpGKgj
EZb6H4BgARW9jix8zK41y1nFg24YLEKKoQ8qqzr1a46W
J4sVhsanM9HzLfwo6h8dinJN9tKd5aWGpcVCuzxGJPuC
HDXRJvuz9uenbnyZ5bYokdjECt9m7t85U6oyUQuEbawB
BT92vAQ4kEGTMY4wgYLWbfu8KQ7tbZTxvqZ5whekyFXX
G53Bx6CAZkso5hrcMXc22dZn3gD7rbDEZXPM9gn7XHLk
6NnUTuEWwY8RuitbhfAaJZCgWYB9oExeRDStyBB3mL3L
B9t2Q3RbeFygTgTdY38YRtWr73BAMyjDc5ssS7wmUtLd
FtDL4MtNqwuAkMgGQQ1pWiBbvDpk4mihVF28wCFTrtms
73R7gQhmmWmhFJLo5RwgmChqjRTQ41sXzkpLMBkjdhtw
pRsgQo43hSKK5RTXK1zewxdijXQtoG9pWbuB4G1AviL
7fVeF2VbycMy11DxnCuvBpz5k7CyFR8WNFn7ysamN18x
C2K2PGKwnQSjDU78usu6FugBv5UzVaWQK7TFWHW7Zj1f
6uEBukN6GggRTsn7zGJXjAM9PdrG2mH3DRw7VdX4Uir1
9iJ43h4C18eqru9oWqoGuFDcxQatQUuJfRgeGf1dechw
AuXe2QhVBpLzdZ477HrzgxgxxnJYmyacDMiC4CJTnNS9
CRUEJw16RZNcKABfHSx2fJcH5zKqz2HqSyWbZj3uFQTw
CuMJ2nzXXWWkyo1eLiRUyAFzrqWzVr1hAmtTChuMQMkV
8SRV8ZpfboPu5776PBo4Z9uaTNdg1Xx15zK786df3Wrq
FQk19m1o24ngsuEeNNmi1sbQqB6STM7bF8JtoHC7V3UZ
AsXJgfu4ntABNjCAos4iU6rukiHQcmkFS64MQ5smBvQ8
3waicG76NxmcNxmU1xh6iVVQbcDJsWavAL4KTbGZgU8r
5EBQ9sfUvg6gjus2zhReQBf5Tud4zvxfVTDsPjzHKpuz
F7kewWmAtEyrFGvpPQru7AgkTfU6osrEDgkEL5Q9bPJJ
HpwQTwErZ2cwosn4y2qwiCVTJfALKui9jpEjiJ9RehKu
YScx1qGa5qSXKwA6rvrwoR4xgJhqhqbE4DjTSe74yh1
FZABe4Puzo9XZ9LGxfXJyAafCnSC4qewsUm7yAEca1uS
vWrFdGXYXb4byzkcxNtY8C6dtcXUzpUPpYnTpUPZvK8
2WvFotkXmVL7AGcPPbDoA9qkGgWV64KPBVFpCHKPvK67
GM9szBLTFnRx51PMYPbsG4vvxEJuDTjuenDERV5AurCZ
7Zcm6dXQmz4rsSYZyBttCHBbVCWNG5hN57rvjQySrzRt
HWtzE4voocRpuDZ6iWWY6XKG4g1sTHzXSz6aw2EmRQqV
D26s6WyTfJPVTe4S5bZ4ZHeFkwDRhAErmmJ6bdPDFUg1
AguAkM421KfkjCFYPrNN9xyuDuVwJWCqnqQ6bqdDEak8
Fh2Zp7WFpkdT7nAuANcjGdEpFHFP8PBjBP5tr3JZ6qrs
BRuDD6GEBEtn9YwqRaaFf6MyAsD1PHeqsXCQ2CxzjqE3
4RLyqbDM2dM53ymLCHdFApJT8D1GuViwgqCRTHMgYuCQ
HzBbJ1gVRG2M1okJTexJ3wwKera3PLx8UgULRqBFxd3a
AfBEmy6tyaFdN9bxmAAaj64dj4JxvHkbq9e9p3D5G4tt
Gco95VhgKju2YVkzhpywgJDdyXFige8Lu29cpaNfwpdX
BkfaNmLeoY7dEUNT3179Rig6dqJMhsAeqaW2hnmUZpNE
BW8EZExyusBe1Q7ww7PqmXRqypwSdfaoEcuvRk4XK4YN
EYb6cAM8xfJUsZdx6Gv445cWePbZyEwpiodhmmodC3wo
BhfEaq5JQQs37nkkBU5yCk7N8ksGXPvbfBawE8ShuGZp
EVQ1T7sDxStNZ66HpTh5qoQNXqZp45WcZsq1Zg1D5ao9
AtX7EESd2SrMVZGcqptKgVotWBZaXfkoG1FjSQPswTX9
71FEViBUZH9tWH5J6eKErC6FXHvpBut8ftTFVVr3RgQV
9w1ZKL3eUcdn2QXU14566jNtRtCL7y6bm34GtVo7oy8E
HeEDfpCafzu4vKggfZp4Q9PTmdBpjGg69VL4ecMeewd5
6G2wLbV8eqfBsz77g1GUSSih2ftn5cchxUTPEtHjwCq9
3yYuuacQz1tv9YXBHEG5VypKXn9xctvcfCvx51L3HBjk
Ar4cVMwoHaRxz8ZCFL2LLGG59e3KXjwu98YnYAqsnWts
9bcDQBL5HdCpjM2Ut6WFz9dnUG5PXRpz2JwxzFWRYm7t
3aKPbER4mpuR39mCUr9z95GLvJRj4W9eYKKboATpE46f
6wvB5K9o5g4DsqQGPgsjtmmcRK9AQVJh4wbxVLYGmHRD
2XLBDQ1JAWBhWzVXU1hFpTEnrvD55JJSmfb7Rf4p9hBh
GJ2DmX1nKYw2Vdr3hAEZaa8PPJaVrATRj6SE5PdBjUjt
G7gXL5pWAkqEW1nTheq6U4geFaNdpqXty2BEcRwrPdvV
EaQgkAFmEBWx5cVSBwZkPuYToq3GmheRTifupxSoA3Zj
8jstmWXRdR2A8FBMHYteuf6Z84JoVso1fW9Foztg1WZy
HMpGYo9U8NQ5X9R6C4oa6D1fCfyMB7TtbBqkJ3XfkN6S
7HdEGpwRBkKoHY1XTxHX6UL1BbGR8cE1eaR4q3KAjudt
C4wrRhrGScRQZb5nEJTxTACN8rTmstPaWnKsNB8QHLaQ
FmfmoBwRyjwNAtFu3uZm1vFq1HghhDTcgUY2pd4VNiC4
9RuQaftJPERqDaPeB3i3Spvy4azR7afQj9eRUCoLmDWj
HtgHXFPJtBaYzkc3AHA3gaGKMAfHF7czF2xC8p36soDM
