Transfer 1 tokens
  Sender: BN5WawdHNemPqGRQXFuME4DKY2wbywGLAcCN8hqygeVA
  Recipient: 59LB7Bsa6mFnwRrtcFpfyRgtFhrqwyJ7PzwtCxvaGVu8
  Recipient associated token account: B9SAbWUyVYWoLKJRPqMdnRrYYRVKkrPAECzAwaNeUey6
  Funding recipient: B9SAbWUyVYWoLKJRPqMdnRrYYRVKkrPAECzAwaNeUey6 (0.00203928 SOL)

Signature: 2hUKbaizASuTNUYbF65ATT9FPeH3iHSW1RiJq1QkZhG6LREDxSXHVcuDZ7Ma6zkMJY66oJFx25J1Q8Foz3sv2FFr

Transfer 1 tokens
  Sender: HAAgydUfNUYciZSiUtwgUa6sUQKY28XDk8dFGGaWHpyp
  Recipient: 6niQWU7nuW33ktYiiXjicAouaYYiwTZcgge3u5mZUtsc
  Recipient associated token account: 59WvE2arXacShFhMZ1mRYU2VTwHuBXGp7DzzJ1GA2MQF
  Funding recipient: 59WvE2arXacShFhMZ1mRYU2VTwHuBXGp7DzzJ1GA2MQF (0.00203928 SOL)

Signature: 5vQKN18Rgbo8gXwgPKYf8KfQpL7pZ3ipEk8wgdemomddA19WEv6ScyJcN1pzC6tvCtAkjAQqUtsqgRyTxJYL3Fwm

Transfer 1 tokens
  Sender: 9H3HFMW3A2ZyAzyRijcomq21pzMA4snKgUjokoNapFDd
  Recipient: AMnL53CPuiU2GeuGXE6kVj4s7zahgodv2p11tnT57jCC
  Recipient associated token account: 9KX4to1kcew5w3tnu3uuGQp3EpCmpobi1BqWATdh2tv6
  Funding recipient: 9KX4to1kcew5w3tnu3uuGQp3EpCmpobi1BqWATdh2tv6 (0.00203928 SOL)

Signature: 4po2bzFJg8i1kNMMHg6ARN49jKAGAbJysE2Q1cvzfqEjEq9Er9RnonkRq6bq31nN9yCQMSnvWwV6LUfWtMiSnRA

Transfer 1 tokens
  Sender: B5J1nSAvmKfi67uhpBRUYcg6r7f7zLS1sLrNLd1R64mB
  Recipient: 28tLPjFZf4K4WCjiQPnveiWAapcB7xXrbySnmgWCNtST
  Recipient associated token account: DKmUKCbDkh9PkSWiiKCrf4k5s69BE26wbLuWAT1ZZBBi
  Funding recipient: DKmUKCbDkh9PkSWiiKCrf4k5s69BE26wbLuWAT1ZZBBi (0.00203928 SOL)

Signature: 5ybcBjdvfm9K9G345QTRAwnj3xDu1Sw54oeemrmAEgfedHaL8KHkfxjB7ZEWNKEYf7wr2QpeLdFQ8cWmyzWF3RTn

Transfer 1 tokens
  Sender: 8VUM2k3EQWUttwHgXfrXYn3jfEc4vuzjTrHuJGuW6JHX
  Recipient: AZBYaUFwLJTEDv9raUX4ZiQwxoVE3cvQxnkq6u1g8g32
  Recipient associated token account: EScX2ALmo1QDM2kLguTFSPwiG5Hnwp6FxJ9dN3kgDPG1
  Funding recipient: EScX2ALmo1QDM2kLguTFSPwiG5Hnwp6FxJ9dN3kgDPG1 (0.00203928 SOL)

Signature: 4RhsHb8SkKys5AXqLjfkcDuSHVhrEgo2DYS3ERRPbeWErxnaFbqckZffdzmSZeto1gzhux3FeMPXvVktm82hgZj6

Transfer 1 tokens
  Sender: 5Shgu6HCmXqpKauBaCM8sfC6i4ejSBe6xLof9wqWdpw6
  Recipient: 2eBBNzw7DeWuYfWhPVGanm7VyYogiWKjSRcAHhcDFSMd
  Recipient associated token account: 3CgbxQ5Fhx1ZLoDYQUQAwrgtQGuyKnw9CuL3oXAJrET5
  Funding recipient: 3CgbxQ5Fhx1ZLoDYQUQAwrgtQGuyKnw9CuL3oXAJrET5 (0.00203928 SOL)

Signature: 64KVUU6bWZiKSXMm6M3EDEvjtSAcCSG6Evo6uNSgDB1MH5aNoswiQks3xkzV7jjxv3LA6Eba2W3J4QtHYiJnLKZN

Transfer 1 tokens
  Sender: oWRFXPMijSPNB15X9E5HmKoN15hsAQzqH743rLb38jq
  Recipient: 45nb485LKf1pEhsTab34JnbBb3wXnAAP3xh98xdzP8Zc
  Recipient associated token account: GSe3zsGmhNPGrJipw7G3xN55Nno4L1U4cQqakkirdAFM
  Funding recipient: GSe3zsGmhNPGrJipw7G3xN55Nno4L1U4cQqakkirdAFM (0.00203928 SOL)

Signature: NkTvkLLVe4W9bP48ABgirXDESfr1mSRJzhgE6FuwCAwwYvEGTZWb1q5ZJse2fhdsA4BRk5sBuvcn7NBrFBjhUPT

Transfer 1 tokens
  Sender: ECEKmAsa2EZTJ5zY5P8q4CuAMq6T2d9HBi8kQadMXAL1
  Recipient: HiUjBgoomN7PgCZFPdM4KC8aKAFfsraRpTjNKnf8jxww
  Recipient associated token account: FVpTZFpLFroWNzJCxbpSDqExxYwyiRHpCo1CzhPqEpp3
  Funding recipient: FVpTZFpLFroWNzJCxbpSDqExxYwyiRHpCo1CzhPqEpp3 (0.00203928 SOL)

Signature: 3RrdD5LVzgMZnLMDRTDStyxVE352h3EG5CDhnyYiuV4NUnVTU379kmrtCq1azyVvd6yHsxUr6XM5d5RyQMhquR11

Transfer 1 tokens
  Sender: CB9paXidtywfewB46sXphUWbLwvUaprm42ooTGKyeVWG
  Recipient: 7tMyU22ViPrhY14fy31bSmTsQK6rwc9q3Zbq2u5RkZis
  Recipient associated token account: 3TxzRaWqUCvdCV5xnMRqn9jqujHRztPX7jJX9BJnMZLS
  Funding recipient: 3TxzRaWqUCvdCV5xnMRqn9jqujHRztPX7jJX9BJnMZLS (0.00203928 SOL)

Signature: 2PXatjENGvySLoaTidA7yfYkUrnx3nnUvTWFPbDQiLGRJN5Wbd8apehZvEW3FEa9HH9dtBFj6KJAXYpqhGGckv3Q

Transfer 1 tokens
  Sender: 2puP42hKghxt4Hr17FDgrjn1GS1eMJBuJfB7ojzWP8R8
  Recipient: EzLTcE3HGy5QaXS8vnHFprW5SjpASDk1nkva7qFQS5E5
  Recipient associated token account: 24iT2s5H45sBnAFNsJRFQTLpkTob34JW13RrJLNJaPmZ
  Funding recipient: 24iT2s5H45sBnAFNsJRFQTLpkTob34JW13RrJLNJaPmZ (0.00203928 SOL)

Signature: 2CjqY2NMeRYGmeU82dEN1NZTikjuZN7jL7HSc8trsxKtGnKo4Xh6r9x7FCSDQvUF7aknmgZp9oSAvp9moRuPXs7D

Transfer 1 tokens
  Sender: BN5WawdHNemPqGRQXFuME4DKY2wbywGLAcCN8hqygeVA
  Recipient: 59LB7Bsa6mFnwRrtcFpfyRgtFhrqwyJ7PzwtCxvaGVu8
Transfer 1 tokens
  Sender: HAAgydUfNUYciZSiUtwgUa6sUQKY28XDk8dFGGaWHpyp
  Recipient: 6niQWU7nuW33ktYiiXjicAouaYYiwTZcgge3u5mZUtsc
Transfer 1 tokens
  Sender: 9H3HFMW3A2ZyAzyRijcomq21pzMA4snKgUjokoNapFDd
  Recipient: AMnL53CPuiU2GeuGXE6kVj4s7zahgodv2p11tnT57jCC
Transfer 1 tokens
  Sender: B5J1nSAvmKfi67uhpBRUYcg6r7f7zLS1sLrNLd1R64mB
  Recipient: 28tLPjFZf4K4WCjiQPnveiWAapcB7xXrbySnmgWCNtST
Transfer 1 tokens
  Sender: 8VUM2k3EQWUttwHgXfrXYn3jfEc4vuzjTrHuJGuW6JHX
  Recipient: AZBYaUFwLJTEDv9raUX4ZiQwxoVE3cvQxnkq6u1g8g32
Transfer 1 tokens
  Sender: 5Shgu6HCmXqpKauBaCM8sfC6i4ejSBe6xLof9wqWdpw6
  Recipient: 2eBBNzw7DeWuYfWhPVGanm7VyYogiWKjSRcAHhcDFSMd
Transfer 1 tokens
  Sender: oWRFXPMijSPNB15X9E5HmKoN15hsAQzqH743rLb38jq
  Recipient: 45nb485LKf1pEhsTab34JnbBb3wXnAAP3xh98xdzP8Zc
Transfer 1 tokens
  Sender: ECEKmAsa2EZTJ5zY5P8q4CuAMq6T2d9HBi8kQadMXAL1
  Recipient: HiUjBgoomN7PgCZFPdM4KC8aKAFfsraRpTjNKnf8jxww
Transfer 1 tokens
  Sender: CB9paXidtywfewB46sXphUWbLwvUaprm42ooTGKyeVWG
  Recipient: 7tMyU22ViPrhY14fy31bSmTsQK6rwc9q3Zbq2u5RkZis
Transfer 1 tokens
  Sender: 2puP42hKghxt4Hr17FDgrjn1GS1eMJBuJfB7ojzWP8R8
  Recipient: EzLTcE3HGy5QaXS8vnHFprW5SjpASDk1nkva7qFQS5E5
