GjeuKbkS4FQ1uAyXJvdpkEVeMrrzZi2HRBmFXtFGmTp1
BkWkZkN7gpRhpT4z69rNuCZQTeANzxuqXovufupupb7j
3tEwtmdtNkn3JcHo7hY1nLRcsht6brQteywyPYpQVLbB
LZret98uhtwK2ZTF8W1GwvwPBRCA2uoZvpwuEq7rH9x
2P6ShT3T3i1W1XQf9gX5GFimgTNQ6AGReZifLq4Pnv3D
ADNeVT1M54Krbn7Zy4C3bWuyKPBgwoE5RPHpb1SeRTX5
A1p6TxbkZ1xb1RSPHG5LZhko9a6u9aGD29er2EsymULM
2jA5nbPYKw76s39dY7kk46cGmDf5tLtAxUaKR5AovRzi
HwJ31ATT3ASs8QigcqkQtKxqwMjVFAHT6Y6KR4eveChb
EPKQVfzVjo5Y8owc8S4J1yS6G3UdhXdjhMZEYg5U7QmP
4LFZGqHdveTC385eGKaHxVJSRYcxb4s1gSB4iMBykauH
AoxNn52Fst3DjQbUFhLgNwveiVXnhb2H5emPpdaTx2zh
AeEH2pVqnFHtVNE8Ya8PK321xUWNy5yEvcMTCUcGnuwC
Cb99CrgYvCh1bJJgefEMMhQF2qZrbePHkJEkWNjt1P1D
6QXARCoWRtNjWZ119jF5uEBGbKRYLv3rdCALaCUCCz4B
6V9GXuNkbhJauSBGYdeqSHiWtkBRiDH1nsPmCqqTuH6s
FFKzGR7K4UY5xaLVpZMc5JnpyEPQ8fTNrNZm92mG24yk
4GwFu9qJYUs6uAi2vdiBPLcW5tKKKG5PpjaLSBwewKMf
GNucR5qr8nkUenYAsKJvbveJBuNumZp4HwKBxzfq8Ywy
JCpS8Yspye936De3Kk5Lti7SCXiTNf4aEQDFX6WZFtYm
6X8wg9NrphmWs5iJEWiEuVAFg245bRGsTevrArixQXYD
8uqCd9oZ2zXGFK8kAcBn4jnFxE5PLTRvubJRK3CyNeMc
8Dt6g84HjaLSBmaWneVeTk8SoKuF2dXJmM9CfvTBa7TL
6o3xA9zCnKTG9nmCvnzpNVLeRBf1GCkcRbENNt1NJVLV
3gvDQR9NzNMYJBZPKZm4H5ENGDjWL7K9jX6BtiJP8UfA
GFVFH7oBh4bM5zfvnzjdgs7LBfPBtR3EmAcXws3r9U2m
BpgbSW9MCzCyKWAYTFx7fyz1mHGNHUbA4LmFmsBJtsbB
9q8Yu7kW8BviKyg2jGLdGBsZGMsEKztTh3BKZmccLXaX
sKLRDTvTod3zzHDh8EwgKGcb9RBUM79ykkHuvDSNTdC
BGFBUenhMFsAGZ1cUKdjE8rLgE48w28rZhfdHE5sg3Ru
Bc9CjhRXu22BcKJLCQ49814FXibbSpwUHpcZp3XdetTt
9Ygnh2zH6qvRnbR4jcsiu1R8zoSSyvAzd1WnkpJM3Azk
6Xsvx4jspCoHi9sNdDufpVxZeif9ZgCKwh1ZmyU4gCwN
4wcuAe7fGg7MDAiKY85GrmofSBZmoGzDh81Lv1UVNgCK
iNH4mZH2tNeNnsjXwRmiHPwvZgMSqC3BxcEigXwnFdL
7Rpgd3fkaik8nSbfGfTxNkJfDjsPBtR4NWmBMvS5g1wn
6Ve4FcbToiiHbT8ZuTvSAsdJC5rskuhwKqhFU56E22ed
AsRdEqwcYboJXefvZM2ZUzj2Q9CaWDxHgG6SkafbF29B
5yPSFAx8vRXGzmsoMCgA2utEK8W3ivwxhj9pzUP3CN6m
HbmVePncbReGx11VLNmNxHxAucgzsaUNQJHp4MRNfUJX
AbyLppNtFCEuWd3mdgnStYGtyecDJGYrGRWTkoXnLBkc
5YbR8zQBvinQ7rXEXoVh6a7C6guon7m7aBJoWoboKstY
61GRB5NgAZqRjLqoDuqG5hVKuunUdxyJpGzQjfrBbW4o
5D5NvDi3kLpSv4Wt51ajZk56TETf6jRZWEdGTQc289JE
BDZfxnxugG64gaB4EWDBkK5keXFj63VzTUHs53KR2Sty
E22RuGRd2BD6yhbShy58keLBEAKoTAazRpHGRzHTCWnE
BnY89ZfDya2S6qiw7btittGg5yazPmQ4Ae4X9fHffCqx
DfCZheuhjKDXc1yfWc4Repe2ABLRgQD881vKQDHeTYdW
6XE8SKrurb1Bhym1GSaQoKPzzKRNKDe2wdN1uRmQqXLW
9AHVbffHk8T48TP2H2aG2vPWjLW5Ec3Ssk2rnZ7AWR89
9nywv9f2WZ49fxAKousHUuhhZjs2THyccDPH9yDcoUG8
5ypjXu6RuEcU5tfuFGuLd6GKEYEPedhwzqAdCfU9tf1
4oA5p6BSUynS9j4qk5j7tHufwWvFfsVNgGCMd6p7B5Bk
9WwEr8euvxsGuMDFQpipzqtqooivnEGHqULHu8YJY385
5Jt8PcYqL6u4omQvMxMKC7QC33RozcTFQAE1MWnF4vJn
9sQ4D5K81TmU5CbbtEofqfoZTU681kB2FJTvHgJjnF84
BAeViRZpxB4NDRqxBR9sAGcWVM2iR5bGPFVnd2kLXZFH
BdARWAST8B5DvxxmfuV3BMCB6kcZ3WfT5tvBfZxWdHkH
A3sKpWrMA1FNvN6abWLnza2vvzEdGKH2TCxSy4G2q3PT
9WYdGwR1LyDxdaSokgCcceZtXBWPbmgfpuXFfM22H4bQ
3X3ykpc1C5mNQYPcgWPdm7vD4YUzdALBvbXvdJxmUZaE
9HDXGMrNzK4JJ91U16KsGkaBCjoMuVd49DHeLp6zqYkU
6Eg8fbhAqfqmLWkZUZW3YiY56xErP8cW7gAB81LEKULE
DCVdJDxpxX5tkq71ybZY45X2xtzVY4ydhDc4Fvhbv9BF
5uvFbSEEgYxA4KMj8U94gSzYRos9aGQbmhjjKkhNyvuY
7UjJYhDbYdgUUgRw7CgWBtcjenc3qWycqfyvRHPEgBtb
mN1HDeTLXsYXp6ND2TCvSizD1uJBNBSS1aFvMAJTWiE
GNWXj95ABVDKhb5PfvAMKnWDyQzBQKU96gnAzCLPAhMZ
3o2ZjkUiVuKYuh5Wq6hjTkauV12NWvNPuBj4E1rezvQJ
AoEFiCbY1A3dAcQ7gdhJKba7878Kub4So7C71vrwmVph
Go1FK9CSazXX3pvyhnoosKfHQVpt7L4v7WhcNAqakVbi
HTpVE4EkwXDnhjFo6nTMZwDmCFDgoSJMzKmYgsJDzf17
CBmaneRYpufmfAPFEAaK2FmezwRDFP3Z3wwRGNJ39TwN
FFoPS98Cd3DF72rus2EhS1jfDoCnKQ2jfvSHnNKGkzc3
F4uvQwEubRs5mnjNnr6AGNCnaRSuPKgsGhWrMeDfxwk
DxVRwVRxhwmk3UmFsnakyrVDXPcZouQeAfSXYc4vZiVv
8uVG4WeWjHJVNLDDnP56x723VzX9gP914XMRdk3iGGry
5eVuAp2G2xxvkbksXDoq3An4ajtUiLeqdqZn2A8Juynk
12uHDjq2bSjooSfxESyJzzLGCUunXYPEM5YKNtC1Vqoh
Aw1RvZ3wzTwzPWERNk7a3YoQV53rhy7vHdPjLR6W3Dgz
Yaivnj4SquvP6svGL4WCoZG9K6Z3tnt5R4NsbCe4TCR
CCV1KU9P9wMYp7QngbDjLNCzq9zWL3ntjQjzwV3gnWp7
3sbPNDRmvNCZAjyiSY2xpuE46Zc9c3NUdYAKFWFduXjx
BZDSEbtYCT5dL6pGaWpNGfadEja8mgxMgkD6Z72QQHwF
8cnAfHZ4oqcGemLZoRX8KfeAzVQQUtckYEckAC4TJErH
3eapbM6djGoXmqThf25P28kXvnuYH5GeHK8SVt3ooJyu
9piiPjTeG4GgbBWksMgKovgxcgX4YcfuYPJxHmiBXdga
FopQDXDTC3SGLqSfWCSKuMUfckotvipqthZf58sqUVWE
E5GvhZDeJKYXaTk6kt9TyVTSWMDoa77TRZLjf6sggTeZ
5v692YXAXqmVbTRxR9B6m3QHofmvrwWvBxQkfY2kLpUX
Rp3KzT4oinCECn5U6f2RCCmqs6fZD19tdTAKqXKcd1X
H6f7sByYbjz2TaBDvijDEKNV7N1i9ciRMK91HxW8xLg
7mXDnbgzdFvDhXUv2SAiFaFxpfqASPeEzCZRxUyAJTHi
4emT5Jd158RwqZBEinEGQUm2ASG9zc2r2CAnhXJWo5Km
FVALLVHg3CTZTccuGPBxrjqLCkx2fjR1xN1JrB2Dyhaz
GdHtgNYifkb2bj5bAxd7qYLEvsrEWsypXY2UZjdNDjxk
6ouMTTcyW9DtWi9CfyKGWZKwj9UyShzsBdF46ftQhRrH
6uiNVYBZQMYoQKuuoHR795p6nNst4qezaSZdTHF44eGj
AuV5SH62UNycgyzStwvdHTKo3jHyHVemPfJ1Rg4rHhbq
618mQLx7uRqHFKjSPJnSGRHeL4skZCshU2ZcpFJgcDq1
2WxErq34P3RGcsh3MRnNtEFhBUwfykgfeVNVLzgTJGye
7ahNWsqum3de2bmptJsRxR6tizehQpa2fTgdCuuUh96b
2w2pUTLV4hagEYaGxHM5zvGJERHrx63nEibugodTohCR
A7ypBKDxPQmtGFZ3STAA2YttrSEBaELExdrNvunLCAX9
95ck9hB8jm9Eh1w2mFTmRZL1VKKvSd3AJHj9doXQgn1k
3NfhWZsNfzQzpKPFZCfpn8vWWBXGGYzp4GaH9otwPEze
FFYQh3VmsNUcVEfzB3j4PtwU6CiX6VUFrLYxvK7Q5NPW
EMPPf4i8dLSUqm6Y5hvmWuCcLqU1cdSPKPr9dt2GhBhz
49hPAgkMpfnNErWb7dKRwEot2RjWxCNcGEkkZ3bf9U2G
3HrqHu4iK5nJixP52quDxKor4Wdmo69m6g3cQEDNfJu2
9rQw4sFBTNMR2xQEQp6nCUf9ZgZkzgaYaTUoGmekpAES
Cdvx6dWVyeQkNYKQn3eL5iCENb3ugnXcCjU3BSYZgs9U
BJ3caDXXjFjWVpnejjxKC31o59egTtjT3vZmsSnKu3RH
8GEaU2SaewCBPVZeSk3kuwWEmbkk6qsEGjogJZue49Z9
CLhAnqLLY3JRzd7zFQ9PAzQj17Xia37tGTnMSswrArGX
9Jc1XpVJgAmYox2Q2MJzHehUkUj2nfEXT4hPq5HmrmuQ
HuREkctoj2q4XS47hG2z7eeNYB94Y41T1rM4kkoWmYtM
E96ChVAo7jJVHwGd5Eh8CKWnvcFY6QwsVX3TX8fMbVYV
73TFvMATg76w4KAm3eh7YudvyHB1fPnsZV3cNnRyKEzx
69sEUK4d5tzse3DHnv8jxb5rVTWVeNBDfVTiFuZHyn9s
G6TDDjT1N6T1AGQtynpPhCXQ9ZbrMqysHgad27PzABa4
E8vJMtsQ42DkvPeVU1iivfstcGUCgRM5mr3wADzt8GZe
HNM39LCLhPifXmzS4zHFBVFN2zg9ugFQchUQ7TVcYDY8
8MfgLAR7H9ys9ufhX7LoqLMamPKkLYcdHyMgog267JCr
CdtEZCnXnwKVhPyHT3vxUdZ6Ck78H4NoVFQQuAeUZ3w6
3hf3bTgmr2GBuSxvdXwgze8ZPBLWqF7RNUbYjkqStZhX
84KswVYh3K2dvz8Uo4FSV4KeqrxMXax9Yhrq3w8hsoDd
3vBJNijuia877goT32SP2AHf1qzEcsgYPNMQCHWhCLNB
DLkDyUec7mCKhwWXunDkHqUzzviactuuMH5nJivg1oNU
FXoKZusC8DJKh1idVLx4GoZPjSNsWGcNAwMCtTRQaToG
BT74ABCFyQv5JQA8ck5VZvzrkZwtwLHKPE3eKA7cLPxn
BVCU6Pbc7s1SxyWRoFYisfy2Lrta5DCuqNW9uR32UzRr
2pNFpKDZy3Kpuekdv6voZoqKGsXpVmjGsYgKAboMHD17
BLFjJte5U8XNk85m88rnZTsr24qVyXH5hWPpkCBqfPZZ
HZLWUVZLa2s5VZmVCv3w59cwZ8uRwBh3kMEFepPmkdUg
EmoTzn5GegWsv8xsr8ZchfE6JGnguexmwTB6xkYUfBk4
21qW3qkbkVQ3WvPzoZJ52KJRWSbPJ3hrVoDdZxR5JELq
ELytfToUoHnKu3e2FV5TmhRTNrdmBiiyQPK7rpHXF2LH
3bxZipJqCe7nc3TRpLJpGnEJyqE45EkKoAK56QUUpbHv
65EE8BEh1ZNz2G3qaRxbxBHndKsWZ8jYQshvCLUoMNTE
6RiFFsd6dfKqzufAQjBr9Q2QhXvLe5a1ZKDHrJmjRw1f
2zcQXokVJGK9GU8nnqUgo2MgcdT4kGcZDMasdgzyALre
5fCoJigfPAqGfy3S1cR6vLcQVFfBuxxejAwmQi3YhJ5p
ApzNYjwTkTaLHgvatnFu5kBbSmNa9uFq29QML5BmbUmC
6JHnavdUfwaCrMnmWdaZxZb2GTP4i7tCAxMpT3EBm5Jq
5yxZuX7EZkrT562n5VQh3GvHGK7hBaYbmqFJALbipcTS
4BUb8h6jc1BEhoFsnW1bzECSAa98jG7v7T2mYWcwVbeU
3f8hxZvwTqvCBxa2drPQUpjpMxsUZUfXgaukE9oAB4Vo
Edvq9vhedX562AJWyEEJ7m9ASUQdmPcosXGE2fieyHi1
6oe2Z5RcRkXaMBj37gUgMbN6uC6wsguN59avP4W1gqHe
Ci4knUhAE5NafUBJJBmSL73UBRGgVCxf3ACndYyfsX49
3z3gD4RrLaDSew76PjuTbNWTBaNHokzBf4oKmzsz8SHn
HTPaLjDJ9mb8oHsir78FH79sWM1vokTggx11Y64MSRw7
FcZhfZN8h6h1UKKue8E5Jqk4Ywf3j1nHnpBAoELzTXDS
7YJFf5YumyK8RwZjr4SVi5YGyA9iDFZiRkedbLxJ2bJS
Ar4hiUu24a34fnzsny58MoP1rmXTWxeiQpKxWtD2oriB
AuWSH7kfJxYJVQxuLuKWqF3jVoHBZbucyfekrkm7tomB
8sSip2efBzheUAxmk8WqpRw9fAbfsdahYQbbHnf69Apj
2bzAYCPHwBA7pMkptEJmtymZxGnVZUdfmhFyGSMLvY23
NpmQkqyg1Jwr3EK5jV5EnyGHL9siAuEsqJMcpy9H9Lj
7EfpuU2HrGGDnvKTqdGMdid2fF7hdXJKsrVzYMn3R96d
H5vhvA4ua6BHzZnXFhDjcEszDTrquSy7kUJdNPpEsHAd
BftNnw1jt3yBUf3yGmwWjkep1i9tP4LVjdMJ1epE1Fzr
65GDRjW2fZCAyuodaArZ4LGySCZcM5hGHgazcNZ95VFv
7bGck1PyHqNxHqnwemAnTrtwTyLM6ubLEjbgY2c4Rp3B
At9dTX7Bovzs5mSCetsJbzEv4JfEWgvWK27mPr7reyMj
8rX3rpnpZxtWQriSg7HATfDPYYLcCMo1nudxhU7xo6rP
9LZr9cZfA27mTgNV6sYjdGNJwgiCPo7bbFt9NqYiwevs
5g77PShB8mDDvgSXrn7Xw93CCL6Di89ud1VjRwp27kNc
Am4z931Zofk4RDdPMmxEdjC1MZrQqkP3YPieq8x1nwaQ
AujF1vrAEPY3rQaNX5bWC65oSbrqDMudho9sAfrVqh9C
6P9qTmQ2VDhTbmNot2eyKqSTJrQSJErQNLyY1vmhaSFz
Feywt5c4DVFBTgj8ErbZtmRj3XmyNCnWY8q4UmPowKWa
DppG1GX1QwQVm59Gr1tSkBPDqpdgwf3TaWthCvYmXs4B
B8daoo1moCYo2fQCSjoqZjSBee1AhMVFoqx7xAwVh5ih
H3zf8YvpVbCAA4FgtuJbudqSTmw19rMtXuhDy45WpDNm
3hWgJ3EAEQUfDvqGh1XMEJhkmjQoCxNS4t6Pg3sassGc
32MpeTwY37DxGodVk6L4DvLaruXv5L2cYXo7mDvxXSNJ
46PdJoBqk3zAPAjGmr5Bri3MXKWPbXBWJit14w42G5Hj
9WSVi52SKeFwK45836JwzjSpd8Tpi2mjFK8TJuEBbfCU
AGVo4sqZqrSquZQQYFk9zDYPWRq5kWqVfiKSohHHQL3w
B4Fm4V6ue5Dt2L14Y9VJBtRDjvVUknMw2oUxjuTTS3ob
BGFZBEDfhn6A2xQEJTjJAg2iuz5Zbv5Q7EMX81pZCdKj
EsH6T4dchHKpFoTNzsWReNmtZT7RtUVtUM8Hgrp2Xx9z
HhRgbhmiMCktiCyMZknCAeup87ZbWgoaMx2mYSuEtaWx
FgSxmWVnjR8TKcLUrAoynxqpLQ1RognB8ivSWq8ygsMy
9eXeJKixyNrqjV5hRpnGjdM4pvdNnexxe4Vta3RihPXB
7gWSMd7tC66fA9VfftzkfY2T5XjyTp1mJBhXQm38Xcxg
9y9UuAFXrSa1PznXBJwtmwCrqYSgkZaHqsRr6r81ci5X
6qm2zyzmmr48HWyw2qWoKtxGQ7HmWjb9qqC7yUEMsRLx
7yeUXHRv66baYGmSAZdsY1MZU35Qv8ZCv21ecSjjmAHQ
9AjPgCDTiDrmmq988AjUrh6hYHKkPLwhiSDkjhowgdz7
Fs3RGg8B1cLaPnwQF344e3tkomDw1E62pZ7GGdFSx9io
4c1kRqpZ27CTbNK8DnWXabXAESftmUS6kivAtU1GuMCW
21PxfUsx3mKxLZmcfkeDPo4muEFF33ZhGghyk4Exzu1N
AwnjVAwDk9FkLbEkHUDtjshhsnSrxUQ3BAdKhmwgXr9J
GmrusgPdG7kgujmGUFpRp7YZuvb6AaaHsnHd9WpycGAx
3Ccu5s2usXv7DqbnA4HZVbTmuUqvFR554YyxzMRs6H3E
Fwyq5ujm8AGJzfUtsXCCzpFa6XLFK2f2LS1CvcfHWsXJ
3vC4S8KDM76ivuFNbv5xiNxyEncfq9S7DYxTEcdRB9q2
AN3Kpz7agni2eY9DrjrKHGsqAYNc5sZbMQfJJXNuycwC
JBTcLB4xs5uYSyvNWn5U9dXFEKvRZKbQpVSpVmHsMWvw
CH2ZQeW5FGUpAKXTy6BYdrXn5c2jQSaiwzNEQRCa7NAU
97YDn5wKZ5gZ6C3TV5GcCkuQj2UuGMKd9s7GbfhwjsSy
7i5b4kYiZDmMWy4GVHUWRQpcsKtAKT3pqj7ukBSEAuNG
2BeQzfTKvj75fzLwqKHNLTVwKBcgKuTiToSfCDQZSKyr
2tHGXPq4SjDDXYxkhvnRLiFJsA5W6karwLaSRX7sGtwR
Ef4XUjfPtSyDaAR9Xy6n4eQbURk12cMHmJuUH4TCFbXb
XRQPdgsM14sAUJBdbhwgkykX9P8kL61wdFuxqtrtZ9y
FwjRZAg2tYMwCTsMtdMxdfoYipsTmxqHqZUg6W4aujec
4Hf8rYeVTjwPG9t9ABdTYuf5zmmABRW3UkdH69nVDf9A
7BdibRYNcYVFfME4zREFRKzzR5EGxJ24EMfXyzLCPrr4
AWqqWdYRqVrfhpbmkgeitgFAFobWv777huwAs1j5Hw2X
9hD7WzeYz2YnLxY5TBtyQ9eP1gM841SCey9r3bcaa3R5
55NVzmDt5uCjAgxKzYPisqrzLaNXQ99VXeS2AgYeWRgr
Ez5Cdy4zaHfpN84JnJvecr1iKqiPYJCnDXxAuoZTGU8U
3qLd9kEKym65XUMcaMwAG4jnHbHcvvvQygRaiUPzqd8r
4EM2EPnQiVq8AE9yx919ALx7Ffnm3LEXxuV8A1n5pJqE
5k9jjNbx6qYY6uFGzsqcytManZdty5B6DyjpyoazTb2k
EDhjmBMMLYa3eNcAPyMKXgqGYpHVXqsjJ7k9cjdUAVQq
6e8Ex19tG62kRhQr3WYgfw68vWC98kZgvkZ1nbhEWFuS
7bRCX5paUBGEAzskW33V3Bs5UEjk27ZXrpwCc33rYPjR
G891SHBFBK94AjEoWWpWj4oTUa9PxHNkV7aNJcRhwzKE
FBgZvzdwoeSK1ntuAg7NJuPYDDmahv9csWeVhfvHkXC7
6Fuhcca6nqQdLyUqrDtQHGuahfZzRTf8MpBwbS18UweS
GqAKVXoF8XW7fukbmWQxijyHbjqJcGx15mVG4gjU8RcM
HwVKKCqM5BP8do7oREHnjYpvbTPNWt3jFCD25NaphVkU
8pJzMLWjd9cnCUnjH4ubHUWjqqADcppvm892j5kaMcua
HzrLfEnZ2gcv6h6L2J3Gh3AfiZtJ2pCctHjjHRujZoWp
Ecy1ncUGwMaKecRw8VnsaDDpY2Rfc1dkR8BdEriRWbrR
51sEUXCunLdUe5iPhsRqFfjrwfoF5AC42vibwkydN2Z5
2NyaCXegM89V2YAbxKeixzubdywRo2yyHZPVvZkZDFKV
33L2eD41oYA2YpnyrVoyMcvT6Hfh5uDUXsCPAsxYZgEn
4p4rvxLyxUiDijBBZLDg3MWdBV1jFDe9genEVsG8rPmt
AzBMmw9dXXWLbpsy9b1upHPWob1k8WEb8VUz7sGwvHTX
8DZKN5gXZjV89EnQ664kBy25BkBBK6QrUz4Ucbm7ozqa
FSmFkZSzDJjcAjgEJF9tDZrsXGUaXSxpbrr9jJvzSrAq
7wKgb1KMVmc6dX11bL4fpjXhgpmxdSfsYRJemFJ2krt3
Kt7a2BBqip5hf7GYWc6yDWw91xmJRKZMVinRTQ2VnnX
8Sgz2bfoibcvAdPEVry5hFbtMfPEBXBhzmAeBQ9def1q
kVqo9miFrfBVdKqiNb4fTdRVziEsWtc2xXByFWoDMw7
77GC6gPZKUzGfVVva6ny5NXngzmE25cc2mE1jqAbmqhF
8zz4aHtK5tkFcAsK3xG3f57SqmZqUrYQif2sRiGBQ4wt
4zLUBomgsnLvcd6bkdgvpBhD3nWvVT3zAMuJaK1JycSv
CQSw2ijCLqdg3HnqLvVKkAfQU4z6o3Q2rcEy8ePC5utQ
2BfErEtAzBkmemPGBpGbQXfYgb83TiwQs1GTg1J1L4R2
CTA1ZKRK1Zj4cB5CpADvNNrxUBhs1JaKJunSEN8vanjF
FL1wu15BPYBWKPSEi1yMaFviSHpzNYVmU66NDxXsqyv1
4FX6z6ZcuMB4Sqc4x1DFUc4LVgBADs9d9vobBqKDsjdg
88kzggDwFeH7GBYT1d6NeeNR7mPSLFEnm62b3HBTXQiM
BstsSuzo6jKKpfRckY8wH3AV9dHsmPdXr2GciATQucVD
CJ7gAzeB4tsBNdghZGioqUyMdpX54iNde6nohqWfhUKE
GN2xtjZWPm4QwK7jANAdgHrkFLBQPViRnYAFSqx9meTm
2qqMUwBUHAAnTccvdU5JYkKzmJiCFZTk6gUu8h6gxrfw
D7oCDjhsTbA4yRtXU4NrPfvb5eMakKSG2xBTyhvXihrx
CrTSWWhqfjhzok47TSeCbZ95iTZrDCPgyhMVo8CDShRb
3Zn6fCmkZbTsiJuDeYKRx24ECUwHWJ4KvyytnvjZKTuX
8RcTBCdqjuc14ixVcW7fkTQygwP4E3ZhNwPpmTwW2dTK
6Ua65LmZwXdLk7M4BXzQA8mDb72Ti2cFbhALra8Nz6Ar
B6FLf28i1tfSse3HFZhhyy9BkU3zKtNU6n9L2kqZ72qU
Sovozof3158zBZjFagNZpfrbqvcVzoDYJZXPLKXhfQp
Dt9vhvQ4Yxhqyv862Qh9hwFYfKSdSXd57MtYuiKR1rn7
6onoRsT99r5XxPJLGEmS4E1Pjk4mr9CooRPPNJS1Vahy
EgDrba6Cg5b4XJT8zkwhrWWdxQLV8iv4FQeVgwXQkpyY
AETWvQxXVS4xVqhkUpGTFeHVuBBvW7dYt3JW2nQbhp62
Co55nuFQKLvTZCyaT8ovC811x8HWJXiyLJKKjrbzypy6
GhVSPrf87MFCnHi5HYra163zpLpBmmZiRkZ345QWSJhL
CBZAB8DrC9WhkJRryxfbjaH57dr8aXoVYE3Wg2gMAJxK
BurqCioE1mk9gNrAHHLeywzeajAJqggPGWCVtzhf7hUZ
GM6bHcgQEhy3sqRcGy7kKfdGtGoHPfTNLnfRu1PjZtUc
4YDteawR3khNDDYXfZxkG8mancHGt9CEN6wtC7tn1jBo
gqPnviDva6TFh1CtYnRFVZQVmnoE5F1ZhJB5D3PS6WW
55zjhLjm6vMatYTLShPXaC3drUNd2thS2rkGEKsC4VH8
EwuKpP4cKECT4n96EhN1nM17gHiFMEUncCxNXLNyJccS
B1uBTjGJemSaiFrmHHX918GpkLjrzF5CVE8McSrbsdr7
GTozWVmWwAoG4u3K9GzdMj9kGnVmeHBQ2MnvBszwFEQ8
BtQ614ARA1BRqSTLU3fiL7omm3twEgYcPM9Z3tfw5UpN
5ECNur7EC7zsGhYfQdLuAGNfevMFbN4NuVFuVgrWnKAd
6JZKm6Do2tpkD9NNCPgPJQ1YHD6GVm34Hu6Dyrs9vdFg
FYukkgkPh386FHYanp2pGUkNirxxcJNj4S9XmsV7RdYV
Gx9X6VL1PGBd6pCsEEKfFcb3LA14b9gaGZxABB7GN4AS
AZhnAGmEPorkSf894DY2vcp3J19JvgTuBLLhbKKU8BQd
C7ZJDSWBqjK92WXtieAnfGpSiuneqMWLHGEvfgoZENkX
Aqtp8FXEsEa1757e3tPESkwpmC7vMzUfeQ6rtn9Q1Hp4
9cNCzvDJh5zsYrt9qehMSivYJgrpSraDZgrmywbgPz6B
8C7YuuYP2tVy9yyZRSTE8aMMDnXA4Z2Bpow6RBGVqBGu
FeF87ENEeKYWVtQtx8DMoRTmjgRMqKhT54ize2e3g5CZ
CdiBGHGMPpbQhef3wGNrqfUFnkz6KAY2hPpETKK6PkkJ
CYukKAqyT3CpHTfoxdtPNug3LxfjXqaYZncgzXxzsZBF
8tmM8zc7Ndf5abadKWbYUJ6mUHX1z9nx8EGYKg9Fq68R
2Xgfvz7WAVh2NGBPEsFawu4mzCjsZo1kngD4dHQuuxM6
3M5kZvHW7AiDHofBQEgbvQjzfmB9wUbZApVRwTCy7JA4
3xjfXAMYZR6BBiDRP4ZHbQCxYeygve8cRB7MLGbrutnQ
8VkJPVmjvGQRiHE6JPXPmjJ5kUn55SdUMoFYZaA8Hqak
AkwRK7S3BaRxF4QF3PahL7qnGDKMtGyUYd6c3Ry1kWu
JoE3cYAggrLpktSUSRepGVpnPmjyAogJYxw2s3g55bg
gs9T662CrYVBBKQ8jC6DL5YDHsuFrfVEnSs3yjTjyZA
FPq81qVwjUedgHB8xGTaHXaSbgEnxPnGEyVQELDXmG5u
6kV4KnbswK8wEZvL24VhEphW1bpzJXMTPo3peiV431cz
