5kvQv2cRxzcgFpNqcAzFAYcMTns8uKXcXZtEpi8ztMxn
8w8zNnvPHSoUJN2HJibCPvZePAtuPATo891ZzPEA4Yik
FirPCEA8hr7KvrnWLT4Poc7gHmfY7QYrBBhmqgN7ndpd
6ykYU3fWNQnoNunJKDLSVSZWCMPoajoE8EVNzKCYs9qT
SKULLV13rVNhZadHCZA2SMRafy6fYRvB6weKEQj3JYY
D19N9udTVk5VujnBcmki6DTQMnRJCcZYs6yB5w3zk9HS
3TfeWajoRx5QAVPJZewyc4fV7XA5KZWJfg8zgCfATQ31
2eBBNzw7DeWuYfWhPVGanm7VyYogiWKjSRcAHhcDFSMd
Fp97htUt2k5JTcPvD7hy1MdggQZHr1oHtmHZ4jUqTZh2
23XNgo4x5FwiQbN4TV7MZ4ssDgQ398vrpkfD8F3S8KTj
PNUazbVrdxgkHu9s864orN2nPAD7P6LbdMbCbgLUBki
FaJyyFuhWWngjU31Px8z1h1hnowj3hXCDnvFXuLfVtGU
kbtxDFxdfY4NxQ9kNAuXFJ2GuAZE95dCXQw7yeb9q11
7sci5xhxoUKaqHUykdwZsyJcsBCrHDEPr688F5oHPQTz
9eoipVxy48npF4twDmJMnykWyo8ouwcHGFuZ9b8vqhqW
6cxR31FgTSxgnnS2cdsjhpbzyzYhpdJVTrxdHmnM3uBw
7ZCbVwoYHuNNxbm3MjRWeuj8a6orNjjnFfLyLvva6Thw
HCHbmzniCWVBFMNA6sZJrdb9BN52oaWT9JQhvND274Bh
3fZ1iKKmHJECq3zhjjQgXP1ckTWrTcjqgXxs7gyvsTWc
HXFgN8vLD3sa9BMSZrisHWMzpf3sxK5wBWANWE6mt9FF
GfHLcxKgYQAgTNAxWqvDHy6NB6BTzyneT9Nkq5krLwAY
51oET2dy4vCmZ1JMGYR9hbsvsLng1vcLD6z2AZp1uq1j
HAzL8AWL8EPEBNyVojJt4t3hsAz3qgyaRZ4Rm2tEaqf
51oET2dy4vCmZ1JMGYR9hbsvsLng1vcLD6z2AZp1uq1j
CWiXLx6juMmaq33BPXGJ1k2DPqzfDyCQWoAsUUe83CqP
FpjcR5LnWuP3eqHLaGScwZnKEMNrkik5aWUJgJruz7JU
7E36DbGMm5eN5Vnt1xZCrGh76XMiD8vgvftQSrXzJz6X
BgzrMG1JjLGKH6aVgjqeK9myAEjDstMEPBE6MKHoy5hA
7tMyU22ViPrhY14fy31bSmTsQK6rwc9q3Zbq2u5RkZis
EuRZctGgW49y8R9CJdBcicdtV2xHrEDcXGkBoQPbazBQ
GWqPacdCUUUEPT9EutHEUauKNizh6tAxqyv7Nx7s2BqD
3ATQ3P9vckgQYAwUZc3hLq7Zg1X7KaWoM57Tb2c2HW13
AcTz4LZcyNYapAKzSE7tuhU8PcvcaRSeMskQYNQzEagW
5tgZmrCGPTFsQcsb8zswLfrGuYiLp1LTuNPBvfrQb2Yy
FpSrQMhnYa8YRnEQqKstyi8DYsMvET71CPfnmJkBSSP5
FmsDj1D5zmCrLdcBkMWL9m2wUoZb1Pf3VqNKa9vNH7bw
EL5azyZZdTQ4AuMzDzarJNnBafm92h85KNvNzEvieTny
H3cPyRGXwmReAMB78A8guetqPJLekVXM5DXK92ueCLfE
3eucHmLaRJzL3d3rzYx94KvxcVhR4ESLo9R9hhb5Snbo
DhW2PE17rACsMcTPvhh5p8hjJFBizTj7hVGfwKWhFQ3o
4Twh97WSqnCv8A5XezYJeFPcgmbfJSSDAH81dRzzRVaV
7K7aU8n15u4GtLfHdcuMQMWyCykwWtGwg9Qbgytop8SU
6fpE5MTyW4Kx1E9pLPPoX4KA29CpuQwsS21vmPvALUvg
58njdpgncuNs9nhzpVdxDAinBFHXZuMwuJS6hap4tVVN
HQdfvZQtRTmyQKftw89qdGkN7qq33JJPdMDK4eiyr57a
7vAg7NxpWJjA9eTFneNemmB1ddsUowy7bbaDECFu4AH2
51oET2dy4vCmZ1JMGYR9hbsvsLng1vcLD6z2AZp1uq1j
51oET2dy4vCmZ1JMGYR9hbsvsLng1vcLD6z2AZp1uq1j
AgPhAsvcwPfT8bcAQxfyvymHdS9enkCzHDZP67ihS5YM
CWiXLx6juMmaq33BPXGJ1k2DPqzfDyCQWoAsUUe83CqP
CPCi8GtA5mxcs7Pjv2rxXihs8chVoSLiPRFGFv4ik3EE
5K1s9Xi92qd4ZbvR6GPPv22MQYMVX7TABLLyZA74MnSC
Fp44UCSopfQSafvFEveuA3zwL1nzb8uUkc326RdY6vnS
8TbTu2cxuxUEWwnssLjAueBG9WpAwjYKurP2Yc2SdWNz
AgPhAsvcwPfT8bcAQxfyvymHdS9enkCzHDZP67ihS5YM
Cm8cYtgtfyULCzisqUnMg68aqqi12PGZScouQfJRfrG3
CdGwadKrCQHr8oziZFVfHh15jaEdB5UoZx9LhsRdQJJ6
Etks8yWemmNsnS3r1s8CmGDqkiW55iepDvHkB59QrgNq
2eBBNzw7DeWuYfWhPVGanm7VyYogiWKjSRcAHhcDFSMd
9VWFrWgiWkUT7vk5nULpYpTzQ24P29iSte7hxB2KiWNu
ERm8djghXKQqQ7ryzNZkyeQdSom2uUYSWr4HT5NEWpvJ
L7vksHGNsmuNi2yuAz6MVyczJhDBLX1VhmGcZ4EQtiP
3uBkPrrU7tGNwMeuqCAbsEVNUTHKqi3aWs4xZ7Cbea8f
BcwzmAJunqVo7M9PHuUn3srQJX73bd9xr5fJseCDGAZm
7LxmtZRVYH36aRwM1jyJLPqr1Lt7DoeGhRU7d2XNu4n9
5eBNi2JRMNzuusF3w1ELi5GWWUxRPZBnp1ZQs7hRqkbB
7uCsLRhWmRw3AHyb4hnifXxiwqNXi4UB8Ac4ynnrZ5hq
7P4Bb1pCMuYNveYhg2j445cmTRCEGp2eAAtBQUv7Jz89
7tMyU22ViPrhY14fy31bSmTsQK6rwc9q3Zbq2u5RkZis
9KJbbRm5qjnWBNZNv3Mhk2hEFqqDAYcCHuUPxnG7W64g
8WYRXiQXQSoAMw8A25HuTiTmkg2Ax5YTaBxmHZk6s5LY
51oET2dy4vCmZ1JMGYR9hbsvsLng1vcLD6z2AZp1uq1j
6cxR31FgTSxgnnS2cdsjhpbzyzYhpdJVTrxdHmnM3uBw
33t9ZS4Moa6VQz2FuiRw88mbiaM1Eb5eW8MkMTCgqLoG
HNyvVfCcNtogL4Gq93zwZ3oFdRo7vrUqdFEwo3RqpDxS
FrZcenxL19CSvFgS1MyfwpFUmQ1KEMk6mRXfWP8DctyX
3zCxPoH5oZ9UtNE3b1UpMv6DLB6BiTApsxAY4VqQGBqy
C5nhp8RwNNh6FZe9DcJnKNAnyMFDcFoBLsmeMnVKFpB2
5Ycqe8jt98Eyz4am5a2zASRKrmkaLRa6mZDJLHWE72o7
4jqUxjcucC5zLXCx7ipMy15ksx2YUBms5C6dN8BLT5HX
G4yn6VjDQoRRgqKVt1fp2uei3rFHWWKA5JwWPMM4eCgT
46Eatxgjy3xK8osMjVWmeWerNWVoeN4hoCB273oS4Ubt
9qQVj5MfMGaUyi4XgxrHtP4Zgwds4T6bfPw97ebo4wKW
EWC6ESChdBqExhp96XPMLXR65pXP6Ftuh1pPAVws4pmk
6aVxAU2nNjSUmDkSy5zgavKcZNKGov3xhi6tUPLnULLp
3eucHmLaRJzL3d3rzYx94KvxcVhR4ESLo9R9hhb5Snbo
BKZS9ci2HFDA72Wp3rPr9Tc8kTcKwLrBboNn1XdGpMFh
AQ7GX3g2Q4QGYredpRUjycfLYNcpNnqLAtBFvoyNrBfj
9v9D9kvePLBANY4Zx2PUzn75dHuQMMMcs7mZLYy3gMaF
8mfSvKNsNfV1XFkZVJV7YV3igWdCJuJefV8GimBKvZsn
Fdvnw3Eq8nyTnUP7SFpgp6idKxaNPZsSnCKYakgTzGTm
BgzrMG1JjLGKH6aVgjqeK9myAEjDstMEPBE6MKHoy5hA
vqk4rNkuaHbPHqCEf58R1na7QR7VFsZeYVqwxATJpRx
7ArFwqJEMXimhpPUfdZViXdVNkKdEG9q5hurjAx4fq83
J3EGnLwVBrdhY9PejTJYG2241smr9X8v5BjjSw2QWWo7
7RWr1Z6dJWat4EA4o4WuBAukPgNUrwMqPDyqPfUEKHe7
H9oN7JgPb9qnPhyFE24Gp1YVvF1PqsnLjcP9agEgqdFp
9ZTfTCRHHRdKNKfDa7hvACv5QiHVeDtazduMghHPudxd
GPzFMtZMQNhjTsEXNDuWyWj8yKhMXp4RbPwwUBBXncyX
H5WxquTYLw5hEVcGZs16oFaT69ShkFCKe7TXpbn9kADm
