Transfer 1 tokens
  Sender: Bteav9m2RTHj6Ee4RDpvekQysCeBNhdtwcqrP6qghDPp
  Recipient: 6DNn4M9Sm4Tt6qTXCjmmeMJ2QBqeQAwSXwKBEHDVYhAm
  Recipient associated token account: 9jK2iSWiwu7cHJKRp5qiCEGMeaVavneQYJGB8AA8trdV
  Funding recipient: 9jK2iSWiwu7cHJKRp5qiCEGMeaVavneQYJGB8AA8trdV (0.00203928 SOL)

Signature: 2iyhp4qGtef6vYjxZHbrCdXcvg2WnWwSSucnL2nnduZbifFgW5i7chHupfVamDQap6P9gY9HajLYs9ubGU8eJpf

Transfer 1 tokens
  Sender: CzSZJA4EqkM1vkmEJL2Htsp3jwfLj9JdueZEsibvAWwL
  Recipient: 23XNgo4x5FwiQbN4TV7MZ4ssDgQ398vrpkfD8F3S8KTj
  Recipient associated token account: GmxZXaV7SYqXJMecFEzigPpDWdXGxx1C162p9pKvXf8R
  Funding recipient: GmxZXaV7SYqXJMecFEzigPpDWdXGxx1C162p9pKvXf8R (0.00203928 SOL)

Signature: 4WpciFDCaRCo3XBELEdRwdGYJhzRbjzNkouJckMPAE2RwtfsfNh1pfvxAdKTqmKvTgvFj8xcCyzZwQ8k5cboSiVY

Transfer 1 tokens
  Sender: 63qr8GkrCu14hf3BKXLz2tFZnkMLhKbwhnaPoyuwmS78
  Recipient: 7zeN8GUuoXDXyrzjkEhrKPYjcMZSMNUXe7Nb3sHMFrxx
  Recipient associated token account: 39SR8vjrFGQbWKBH8gTKB7zuH6CweY9uxqJPAzVUdfRf
  Funding recipient: 39SR8vjrFGQbWKBH8gTKB7zuH6CweY9uxqJPAzVUdfRf (0.00203928 SOL)

Signature: 2NRXXxyqJgdvVp4dSRCdQnbnREi27o5CDdS1i9YPgDzMJ6z1PL5e8w3Ygw9Hz3roQRz9V9ftCfZGnLsF68BCzXMi

Transfer 1 tokens
  Sender: A27HGKeBC3iN94v87yntMhBqwdygvB2BqyfkSt1M7c3E
  Recipient: 51oET2dy4vCmZ1JMGYR9hbsvsLng1vcLD6z2AZp1uq1j
  Recipient associated token account: BvisGhgw68JHjxnU5SBoqErYNXijcaH2SDnf6uyZoJtg
  Funding recipient: BvisGhgw68JHjxnU5SBoqErYNXijcaH2SDnf6uyZoJtg (0.00203928 SOL)

Signature: 2e956gvRU3W8ePNKnUU9PyAW7Kt995zP1B4imJqwMwc58QoN9rjvAQ9dQyzJawQgBtUmtMgoJJFzYPvApreLwcMP

Transfer 1 tokens
  Sender: EGihQPBwUepC3e5UCNvz8UbUXiw1LmLyRxLqtySH1B7t
  Recipient: DdDZiAosTCWnmrxgxA5Wbq1uBhYkG4rmGcV915ZsvDLv
  Recipient associated token account: 2aY49HGbd4nPa5mD6VFH8Sqs3j24T9QfpizLc1o1up3Y
  Funding recipient: 2aY49HGbd4nPa5mD6VFH8Sqs3j24T9QfpizLc1o1up3Y (0.00203928 SOL)

Signature: 5rpMphZysX3M2x88PYRPqiaJ4eWcQPmnbmCk6fg8KpQDrx2pdufLsqwFpMoarLasC9gemvr9Rw4ZKMRRvgkBDc3B

Transfer 1 tokens
  Sender: 88ZSvVfaBfe8GtduYxMNJtuLkrxdikzqZwFheSXDRdci
  Recipient: HKmC9VR2rRdGMcNcdGVPqAYWnnLBgmFFDur2qYUaeRXR
  Recipient associated token account: 5zNz5vEusSjinj1n1F5aU8gWT8ZZejXhT9pj5nBmG2yJ
  Funding recipient: 5zNz5vEusSjinj1n1F5aU8gWT8ZZejXhT9pj5nBmG2yJ (0.00203928 SOL)

Signature: cfdZou84KhwLyUTUauWNxXUJwFtSh4HogyfNoxrQTKi4onQgaFXzfaG2bK3rGp1W4rYmS57oBspsnnPEBVa6vrU

Transfer 1 tokens
  Sender: qHXsgrUTmjCEc6nxp8BXWTjwPEQiYLz3ispKS24BbsF
  Recipient: AkdfJa5NmE1pQt3Ai7DpgDg8kryN5qTZirp6LQcpen6R
  Recipient associated token account: 5pz52FgTo1NH8eDBhNpsUgN2yapeBLebTMrFPMf3VR3p
  Funding recipient: 5pz52FgTo1NH8eDBhNpsUgN2yapeBLebTMrFPMf3VR3p (0.00203928 SOL)

Signature: 39JYVcRidcmtepmVdVzm8Zk7dSdKpY9urer6ZbZvfuvfszv7AD8phFwGVZUeCsbmR3PxYfwQumibNsnabAMyjfDo

Transfer 1 tokens
  Sender: 5XVVz1weRtKG4kzERB3Qu5KzRWbJfKcRSgzkH5sy1ug6
  Recipient: 51oET2dy4vCmZ1JMGYR9hbsvsLng1vcLD6z2AZp1uq1j
  Recipient associated token account: 9u4DXc7ToWBAzZVMNB8DqKN791383zwN4FLEhjggGahM
  Funding recipient: 9u4DXc7ToWBAzZVMNB8DqKN791383zwN4FLEhjggGahM (0.00203928 SOL)

Signature: 2HToek4dteKNsbrbL6FiKjeMkk5rVzokRaLrVHBt2KbqoFp1iNpgSvMDscEocLyC28iKdEiyrMgTs6bPMnMEhE2e

Transfer 1 tokens
  Sender: 9mutc8JywFhgMaaeD72yyV2myTUL4uVGGk617YCBoBBt
  Recipient: 2dD5qq1y23Fq1qLj5zJkZ2425Pr1dvtKQPMa6AGF6wmz
  Recipient associated token account: 26a1MS82aVizsNkrqVAgumz8gEG5sUA6Rnm26ybuvrFM
  Funding recipient: 26a1MS82aVizsNkrqVAgumz8gEG5sUA6Rnm26ybuvrFM (0.00203928 SOL)

Signature: 3ta9eBovhumeDrueWGAJYcaKBEobKptyeGGFCHreXWnkqVT8n2YS9i4mfV9n5xQXVDH3Vae9WcK17egxY496VcEt

Transfer 1 tokens
  Sender: EhFxUV36GFSaftd67eGAAKbMy3Kb93Z4qus88SfM2ryT
  Recipient: DWaAVXvNg9NcNUPLCwRbAhc8NVmFzSLPQCFuwkxgp9Tk
  Recipient associated token account: 2QpBCXtGoLiepidt4HxNyRH8foZVEkBzCyg1KCSJUL7x
  Funding recipient: 2QpBCXtGoLiepidt4HxNyRH8foZVEkBzCyg1KCSJUL7x (0.00203928 SOL)

Signature: 31qm3WmV2XLWMRscDyC5f76ziLytPduBnzFoc3UcrmbXYSkXRSkLGodFXuLwu23ZqJQypAn6rVUNVe9gThRaoxJu

Transfer 1 tokens
  Sender: 5JwGSpfWaEgdfaNjRv95YPnSf5Pm5QsdQtHKKaHW2p7e
  Recipient: MvogSQTXToXV7MS8hDbvfWGoELDtR5Z75SGMUNiUddN
  Recipient associated token account: 9x7kwHMLLoyXz2TXK8Q9BGgmDqjvm3VtatNAnMoy32Th
  Funding recipient: 9x7kwHMLLoyXz2TXK8Q9BGgmDqjvm3VtatNAnMoy32Th (0.00203928 SOL)

Signature: 63vtnwWHfBva1QcpVt4Nh8fMF8NGwzVqj2YGJmEbsfm4FeDc92sDPzfu7MFkL6PtYYdtF11hywPdzrYmo1J2RWGS

Transfer 1 tokens
  Sender: CutuUXetBYrBinog95iTVJV4HHfPZYpnAFjN7htzZPvz
  Recipient: 2xAviNTmLU42Ni8B5Ae2vhs4Yy9X2nJ35AnEDzZgL9cB
  Recipient associated token account: 77Q5afuQfviXMRPBQQtarEmCxiKH77K5aTzL7rkhqZTb
  Funding recipient: 77Q5afuQfviXMRPBQQtarEmCxiKH77K5aTzL7rkhqZTb (0.00203928 SOL)

Signature: 3uj8w6iGUjiFwKCrpDHvCo5x9tcnH5AYtsLGZyzFSoz2jABLtMuzbyMeoX5y5Sjv1DGbtQ3ffmw8qDhNc1XsARuR

Transfer 1 tokens
  Sender: 5eJVPjCBwzGjaNztBanMtaNH6Z6zAiUVdUvuJjsM4mV3
  Recipient: 9EA2P2FerQqzUV7s167v9fxRaegRHrFna18PmpJZQ8GS
  Recipient associated token account: TXQJDyBaAryjbF9o6ahMsvJkEhbkFzRDDteKjZ2E6Sp
  Funding recipient: TXQJDyBaAryjbF9o6ahMsvJkEhbkFzRDDteKjZ2E6Sp (0.00203928 SOL)

Signature: 47dBH3xRUfBvq6HHGMPuU9Dqb4GP8xoSigg3stHLNEj15Sb6EmcrAR4C7A86S7eEaUVMnEp7ZZa5eze6iaXNzmvb

Transfer 1 tokens
  Sender: AapecAuQ6xLm2CXGfs5vaJwDxZwfHE3NsPPwytCwCAQh
  Recipient: ASBVi2EqdAPCDCYfSa4nTTFzduWnBN5aukzv6QJ5ZQDP
  Recipient associated token account: 4WggjWSCbSoAGC96FMvZsSQZY6GZgLqXXGKwypPNp4UC
  Funding recipient: 4WggjWSCbSoAGC96FMvZsSQZY6GZgLqXXGKwypPNp4UC (0.00203928 SOL)

Signature: 3gQcqqJrCmmRrYvsgjtuV9FCVDynaEzRurFWpUZBxJh4kb2qCAqyMZ83LhXPX88yrkuFeeZEMHuGnuUiwodiwv85

Transfer 1 tokens
  Sender: CvVRLpGu9GogSYVweN2ZtTLcTDNSbbAs15TfK94ZGxCB
  Recipient: 3mxEtn5qWNZZRDaetWqKRcpKQLc8heXtcrwNaFRicdpq
  Recipient associated token account: CnjSh3jNjo3KQyp4WR5AtsCbN3ZA1RsEygtU9AF2mwPU
  Funding recipient: CnjSh3jNjo3KQyp4WR5AtsCbN3ZA1RsEygtU9AF2mwPU (0.00203928 SOL)

Signature: 2w66su3y8ExcPWPW2SCvbawTJqDRBLu5dpBQQ2VjFxrSuqhiACnn2CnFuTZTUbV4vesTjL2t99zPv7YTSRvCNLbG

Transfer 1 tokens
  Sender: Byi7LYpLKpqfgPgobuz5d8V6cJmTNA5aQFQrFE8RziGZ
  Recipient: 5g9P9YJNPxRMTZtWTPyRkUmdvaVae4MVjhr1ZHmHYbRH
  Recipient associated token account: FMd6iYcvjHxDxabg2aGv9QjFsJFPDbUhBkp7s1WRAbVw
  Funding recipient: FMd6iYcvjHxDxabg2aGv9QjFsJFPDbUhBkp7s1WRAbVw (0.00203928 SOL)

Signature: 2ZhMNd9yRwZb9beYyFJ5ews3bZ493xsVLfMwCzc8DeHBniMKBYYE81szUGtW5NwhfJdD1s4CxG8a45AqdjJaZoiN

Transfer 1 tokens
  Sender: 9uSxmJ7cKxs3fYHqUjPAe4WPsWi1ickshcN8ceLoUWAi
  Recipient: b3EeBpVifZ4Lxb1qKe4c4ptBTc4yt8KPo2AQwhyDLjw
  Recipient associated token account: nUQHCzaDgNhATNYMCvUfxDyUFNXabXCmqq5aQLY4tKU
  Funding recipient: nUQHCzaDgNhATNYMCvUfxDyUFNXabXCmqq5aQLY4tKU (0.00203928 SOL)

Signature: ZrCm8BHkoMM5jUJQks5NcrCSf58sTdLMxPZjWRFHiKdQ4JMAPEreECzbW3waHKWDV3kPDtxkSdMG7bAViTARsdG

Transfer 1 tokens
  Sender: 4rSNWAoHDahg2xhDKSxYobMgDWUohzSnDSdCeSj3n2zk
  Recipient: 7gZnusx9yjnAcDeXCnMrvCHHcKnnfR2jmHWvpNBMZA6r
  Recipient associated token account: 3Gr6kHkGpcHZQmkq4SyAwM45S6Tt6ZoBRJjcVcypVuhH
  Funding recipient: 3Gr6kHkGpcHZQmkq4SyAwM45S6Tt6ZoBRJjcVcypVuhH (0.00203928 SOL)

Signature: 5FxvGFDKtzV9D6CNabfwNmKGK5Xg8schFaguEJHQNmiTxeZgPKERWU1B9PBZtHxLkmGXnK82MMvWPoUJG5gPH9mj

Transfer 1 tokens
  Sender: 4MFzLv1E5hw8dkZ8krVksPJyTzbw8XNMiqAMoxkvDo91
  Recipient: 8BZiPqhVHcQRUi9ik4ToqZ83wc5bRovucP44ajwLSiha
  Recipient associated token account: 3VchkvEkoKjQyW6EG1Edto5viMtazq3NQevgRLGPjRvX
  Funding recipient: 3VchkvEkoKjQyW6EG1Edto5viMtazq3NQevgRLGPjRvX (0.00203928 SOL)

Signature: 2BZwaequxZPwPfiDpbW2yL3DsFmPxzTbMb8jmuYVhzEVWcnMz2EcQcDNXCdvVRyMfY9PXkWCfMM3eJeFR4S4kTYH

Transfer 1 tokens
  Sender: D1NgXLN2RwQoJAUCbgHSS65SCrzJgUPFdqNzG9buxUSY
  Recipient: D7bTbVJR3i65R71CRW6XCgrqrYYC74ejVQoyddSEP4fF
  Recipient associated token account: ErA8osp1Rrj1oEfYpekPMDSi2ViYarPntpaR1RK9HeRd
  Funding recipient: ErA8osp1Rrj1oEfYpekPMDSi2ViYarPntpaR1RK9HeRd (0.00203928 SOL)

Signature: 2JEQ6m6RpmsrwpmarNsBBndFCGuQvvFZUoN61cb2s5PMNubKCHwJPehRZXxdJ2WqPDLicQyCuFbSb93gVi9PgUsx

Transfer 1 tokens
  Sender: F8MS6Vf81uJJBjjd4BzrGsxBZMzarGACfViw1CLNdcma
  Recipient: HqRyiRDbdiX4VY2Re8rqAwEt136V3Y5aFXfgBp7Kx6kd
  Recipient associated token account: DxNkynpFXJHVACgYCrzL6KN1y7hGYH1h6wvzXkbSEBEa
  Funding recipient: DxNkynpFXJHVACgYCrzL6KN1y7hGYH1h6wvzXkbSEBEa (0.00203928 SOL)

Signature: 2KHX4AhsVAvfhCyjBM8EZ9FNxJWMMYt1YUG1LJKkxQsnRqTL2jPQek4s1tpAEfbXpUaFU8sfnn7tpfRHA1K2YMeu

Transfer 1 tokens
  Sender: D5nszaWrovuh2QjnYMrJgknJhr7RsDtpyG28d6NvcBqS
  Recipient: J4GgZY8CW8gX1qa85KcTXrdn9WKsNCpMJyJDi2NEBeNo
  Recipient associated token account: HRRho6g7q7fgRXD4KDrrgUARhnct1HxLv1xgywETyJkq
  Funding recipient: HRRho6g7q7fgRXD4KDrrgUARhnct1HxLv1xgywETyJkq (0.00203928 SOL)

Signature: 4zZL9Qd18gdmW17oXpP7XPZqK1zWgNBSCZtiAVYjuJpo1yHwyQExWq571MBiGGfWMKQzLVNDH5bXcWEaWgCDvPbR

Transfer 1 tokens
  Sender: F8KJL2NHLvmG1Q9JUJomZeX59nN912kWfiNBxfw8vnSt
  Recipient: CMe4sR24Z3TM866NHei4K28fWVhemFHJeQ3aVwkLCDRa
  Recipient associated token account: CRC8BWhRJenTS3yc2Da6LCh3UrkqTurrqs7ZGoFtGdRT
  Funding recipient: CRC8BWhRJenTS3yc2Da6LCh3UrkqTurrqs7ZGoFtGdRT (0.00203928 SOL)

Signature: BFygi483D4wzggSrJLQoAGUGwnucVa1dQs51jTf34byrrUhRTm1GtW9uEYJ9ZevQLmJugLxA7iyAuvmQUKy8BCG

Transfer 1 tokens
  Sender: AoR6k85F59E7fFzNr1przmTiJiP4YRvRyNQzj5HmSV3C
  Recipient: 8zfdGUKpemtzs2Ypb8reoN3A43o1ZkbwFCBNzpUeFeUo
  Recipient associated token account: AFL57LPUAaM7UsqnXsKXJrFiQeao1KWmuhiPkv6Ybiwi
  Funding recipient: AFL57LPUAaM7UsqnXsKXJrFiQeao1KWmuhiPkv6Ybiwi (0.00203928 SOL)

Signature: 2RwBMkkXTpe7xddTeg3GBLpN88C1HPzVLVdRCTCbWoy3w3H5iqrJvwf89ARwxgViXv41RzaePKYvQUfkWi7Fqt5H

Transfer 1 tokens
  Sender: BRymCEFzDznwd8sH29QyxKsysyTBBSiqwrhLSa5YB6PM
  Recipient: CdXU3s7AFPSoqAdSq4fTXsDeTvgeiVv61kgSYDLDL2DF
  Recipient associated token account: EtPbDkCLGfNwdh3NuJ9zYojGXCixJF3KEs5eiZ3NrPtP
  Funding recipient: EtPbDkCLGfNwdh3NuJ9zYojGXCixJF3KEs5eiZ3NrPtP (0.00203928 SOL)

Signature: 2JJKdvcF7CUxCmTAdZoQpQUuDEusUUeuzX5zarEngkv9rDyG92Z2K56iVXcPPE3d57k6VvPkQLcavW8z3Wi5HoNq

Transfer 1 tokens
  Sender: EZvQzdQcdQeQmDpxXyneeTRNwZGAJb25XQaXp3cvCFW9
  Recipient: 8pgG3rx8FoQrk3wYdpL7vDzZR6iEF8WqmPAwP8xS1TNu
  Recipient associated token account: A2wmi1iwU8sL72Mo4UsX3rv7yBLcTf1xocpq59v7xLg6
  Funding recipient: A2wmi1iwU8sL72Mo4UsX3rv7yBLcTf1xocpq59v7xLg6 (0.00203928 SOL)

Signature: 5HZzrwoYzafUh3grVefeVtsLtGnFW7hSu15YPRsLxPHNnF2skFwXSmEr2j6Ex24ug9o1GY9chzttwN8RC7jMTdeB

Transfer 1 tokens
  Sender: GiGy1DSmsiyQCBSXzKTbz43jWuASurQPGKKH2nJA2a6z
  Recipient: HAU6zuxFMa3qeKevp7hA5tABr6nT5arw2DJ4D3GZsnrC
  Recipient associated token account: EpH6ia41TfxyE6UzVUtoL2SsawSL7F1MiG3ub26UYNir
  Funding recipient: EpH6ia41TfxyE6UzVUtoL2SsawSL7F1MiG3ub26UYNir (0.00203928 SOL)

Signature: 41UPmQgxJXkB2dvDzV6q3kmoDMf3BijogsMHpuPFMBsSjzPbdquehekanjTTe1hQub1t1r7xu5EbCYbZgBhJBM3X

Transfer 1 tokens
  Sender: G65uyKKej6Dc5ChrpRUhPUf7rqq9x4LmFLhbRYsw77iH
  Recipient: Cm8cYtgtfyULCzisqUnMg68aqqi12PGZScouQfJRfrG3
  Recipient associated token account: 2kNP9kJVuMKBv2f5tuPWXHGdPdbYWqtAv2eqt11yv6PW
  Funding recipient: 2kNP9kJVuMKBv2f5tuPWXHGdPdbYWqtAv2eqt11yv6PW (0.00203928 SOL)

Signature: 3zzHbVBoWbTDHSLj3YAYNvHBrfkXzE49oqjB4DdiUD8BE6xNgAaiEV4mxn8LUnWRts9e2sCdy1Nw2LDVj1FRg4nN

Transfer 1 tokens
  Sender: 3QCtCn3DqTaSJ44uouU16eZm4zq2xK6NEEPahtK6dQZT
  Recipient: 3L6ffS5Pnn8saDvq2CfzXcr4iVWD6ggGjx7RQMG3GAJf
  Recipient associated token account: EPMviRkMqYCfNPBWQcJkXN6kZ7e1w692wci3KSosgatc
  Funding recipient: EPMviRkMqYCfNPBWQcJkXN6kZ7e1w692wci3KSosgatc (0.00203928 SOL)

Signature: 2W2ihumGVFnuH1cjNKyBk8Uccv3f7AWftxAbFCYGCLYP84QT5XWNbxnhDu2gJyY27jpzvCBCFVV48x14JGrV3sPK

Transfer 1 tokens
  Sender: 4KyxADX9RsvdbHgdnqgnjTuLLG1EXviDGvpaoEyRbPWb
  Recipient: 7CAA523SWi28Ld9HEdgWaGMHaqbPeSMpUduzNpcTUDSd
  Recipient associated token account: 36AEYFd5JPDFVR5uKuzk9idSaD13bhFmLp2u6vVv5Rk5
  Funding recipient: 36AEYFd5JPDFVR5uKuzk9idSaD13bhFmLp2u6vVv5Rk5 (0.00203928 SOL)

Signature: 5eX6zxtnNGQtRrrP2v2hc6qdTHtSFFc36AasuegruKJboG5Mja3QMb7EovtuiZGYmzFjRmJ1VmCU1YAbfgExP67t

Transfer 1 tokens
  Sender: AxFUVoiJdfbP5gKvdvWPxMciiCaQAXTaf2jyWGYkz2TB
  Recipient: DrVCSz8B4kGfzSqi3Sj16ehzLTHzFBQ3KoHHbdrnPFRz
  Recipient associated token account: 3UFnBuojm4LPeYmnfymRthPeLkkvVuhuLtYdT9gJhvhZ
  Funding recipient: 3UFnBuojm4LPeYmnfymRthPeLkkvVuhuLtYdT9gJhvhZ (0.00203928 SOL)

Signature: 28om4uVm7gV5BgJBhmBmemWmNmFiyikLsgkpesaiaLJxBvKnjtTPqVMytptSPFXxoUZyhjSjXbMFKXszPs6D81xR

Transfer 1 tokens
  Sender: 5oR4UwLueSsGL9Ts7GH8ypJyy95mDJnsyaY6FYSVvoKb
  Recipient: Dt8mEeW3uFiNDVMSrc3fr4hyVgcuafAUptWirNp2V9Aw
  Recipient associated token account: GHyG9yFJoqnmLrAenEuJ3uT4GuLpXnp9SGLJvpTNGxoK
  Funding recipient: GHyG9yFJoqnmLrAenEuJ3uT4GuLpXnp9SGLJvpTNGxoK (0.00203928 SOL)

Signature: fCKaDDnpN2fEpHQA8hSA9FFuNwc7V1bCFXXapUPZA1wqeuY8BywUe2C1DJDsWJG1nxtUkRMxyifPEFvdaYidq7W

Transfer 1 tokens
  Sender: GTMk8uEAEkGanaMAxq5XpAspvc3KbFy6855CDx88Q1e4
  Recipient: AgPhAsvcwPfT8bcAQxfyvymHdS9enkCzHDZP67ihS5YM
  Recipient associated token account: 76MswJ7uUDZUXQ6cWzJS61ez6XD5KTDdv9h46crw7JPX
  Funding recipient: 76MswJ7uUDZUXQ6cWzJS61ez6XD5KTDdv9h46crw7JPX (0.00203928 SOL)

Signature: 5yJxb26GZ5uciPeT1hQzzSVunVw3SjWBAv1APAZCtAm8ZYAStjVh4RtTpPKvdtMvMSqSiu8PwE8drURofizrfGqg

Transfer 1 tokens
  Sender: 9JgYK5BS9sfdLDSXu9wUGqfDCUkkC63pr3uQWZWojKCZ
  Recipient: 7KbmFStnBVAUB1NRKuNFdhzXtj3mfAT4jHLXoFvFFSaS
  Recipient associated token account: H6oRjUyqteTRcViAwHEZ3BG2vcGyg11e5TyPUBJks6Gj
  Funding recipient: H6oRjUyqteTRcViAwHEZ3BG2vcGyg11e5TyPUBJks6Gj (0.00203928 SOL)

Signature: ESdrUU8mhiJrYVfXLF3cSUcEZxGbpd6CMuHHfotY4EhX8KsG6KydPtBTXxQ9er3UPgW38ndH1u22Ssft4fEzhy5

Transfer 1 tokens
  Sender: CsCrdCftrtVgVUDymKzApAS8zP2BKw3xZsqBMbaiN3wP
  Recipient: E54Hi1EwSr95oBCEsP7GZaE2VcbSzLKywz6FfYa3k41c
  Recipient associated token account: HS9q1WJvDdKruqSvnwpxwrDo6LB5MqXfVQ2rprBteUqQ
  Funding recipient: HS9q1WJvDdKruqSvnwpxwrDo6LB5MqXfVQ2rprBteUqQ (0.00203928 SOL)

Signature: 3GcspzF8wxxhhNZU2UW4yfScDNdnBvedD54mGTNs8ReiUQbrQmWUDZ8UZSYe3cGsPs9KAoRXKbpsjuppmD9Tn8e5

Transfer 1 tokens
  Sender: 4iYiof85tc37YWwAEZB8PoNeNuQJYaMkUugc8XkTAVmU
  Recipient: 89obRtCkiqcTkPhfrhxWzrBCdVzWiz9kgAHpPfEA6sma
  Recipient associated token account: CUXXy5zzkXL4vaCqKWmhUvMdgGRi5GeeaHMLRfowHaRL
  Funding recipient: CUXXy5zzkXL4vaCqKWmhUvMdgGRi5GeeaHMLRfowHaRL (0.00203928 SOL)

Signature: 4acofXTbAMo92AZFFLJ8hHnoPuAsjSbJy9ccMkxQuaSZoeSsSHJ76Co9YU135YMiVPsPZzsGJLEm3pwNdvZU7woe

Transfer 1 tokens
  Sender: B1pdcBPMRq6wcUbLm6SPf7JZ7BkNFWK9rqzDGNcD4QEU
  Recipient: 4SwDAKnt1ntsUKHaaM19jaajo9jV9xcHjB6ehwTtjkEt
  Recipient associated token account: 9KmEWxdh6JmA48JpDLAiUV4ANpPehJRjr3hv5FRBpiVS
  Funding recipient: 9KmEWxdh6JmA48JpDLAiUV4ANpPehJRjr3hv5FRBpiVS (0.00203928 SOL)

Signature: 2mmfLdEXDtHaL62avdyHuKjgCLxxBdr9K8MTaUMMNsFm6FMisnGFo5WxzJTgpcJ9kVTHhgeAKfiEdycVnoguFubt

Transfer 1 tokens
  Sender: 5peJR7CmSWg5oazYjTqYKhwMLbQvUiLu53TUpFhuwuem
  Recipient: 8vNmWqVA5n3v1R3bYDFKHMSNMC4CASEPuC2fTn2Db3jp
  Recipient associated token account: BGm8cg4bDKf2poSnN19hyVVyuMF3gUZQoXmhvPCWDT1A
  Funding recipient: BGm8cg4bDKf2poSnN19hyVVyuMF3gUZQoXmhvPCWDT1A (0.00203928 SOL)

Signature: 2ejuqqdnfdJ1i4xfsBYf1gSMMQNroNXcVJazHazLwEU5qSAw8Htcu62HgbNiQUNLf6AYUddiTf69Q8R8Z7Lh3JsS

Transfer 1 tokens
  Sender: 2cXzRFvQYyF9J7kMysS7f3KR3djLqsPCFZDwpUMm4fQF
  Recipient: EatwtM7UCERt43wjsTz28HTYKL5fPo4kzDxQTGZLWisa
  Recipient associated token account: ABK1USyNdMUwxoFtn2zNHpknb2jmBZnx1iue4CRHHj2R
  Funding recipient: ABK1USyNdMUwxoFtn2zNHpknb2jmBZnx1iue4CRHHj2R (0.00203928 SOL)

Signature: 2QrSxumet1LXtqfDXyqxdQsdyRv1PBRJ9XhYh8no818UpX2cPrudKz3MTPar2YtNkBfbGxjYyq72NRhkRCGiHjqD

Transfer 1 tokens
  Sender: 8i45d2TS9JhN6mfCQymdis3Q5d1fmBYYJbhCUVXnyDwm
  Recipient: 6zWDCKJMWTGmpiJB8QTiWbXEhyp9beibaWAvZMdFdv6S
  Recipient associated token account: 7CyQLVfLJmzbfDXapxhQh9Rg1LF5dyWELSALtfhAvw3u
  Funding recipient: 7CyQLVfLJmzbfDXapxhQh9Rg1LF5dyWELSALtfhAvw3u (0.00203928 SOL)

Signature: JWgqLELwtNSzSkGjb1EdzTcoCpAC6ah7xguc5Zk4F9gxoa4nU2bGgd3tkPTypSP77GHJD8zoMZSwvY8gTAMyfYA

Transfer 1 tokens
  Sender: HhrU7fh1Zg1MTAVHJADekNDPhkkud3AZ2TTUR78JjaqW
  Recipient: BkALpGmLrpxpfo9CN22BA5Zq8MzTag5YEzAJGgouEHZm
  Recipient associated token account: 3teSyeEHREQvXhssxUTMmFTWEp1uriAkYFkGwDjwLBhC
  Funding recipient: 3teSyeEHREQvXhssxUTMmFTWEp1uriAkYFkGwDjwLBhC (0.00203928 SOL)

Signature: 5CQgVnshW66HVK6BhK96qKL8CRnbP4fcmkXZLLDJM25s9Baa76HLwf2f7RbPwYVB5GWqpJcnhEt8JPGTMBEcM6wa

Transfer 1 tokens
  Sender: FSBzFFHW1cb56ZVBVeW31B9JSmZfmLgFEdAmFY3n5bf5
  Recipient: CnjNZ8LHDtwyCz7SBWPHCSBPikJ5u7E8TouZD4jtZ6KS
  Recipient associated token account: r4LFjoNDCK3icvzQz63yAapZA1zxhiMa2kGeGzwWig2
  Funding recipient: r4LFjoNDCK3icvzQz63yAapZA1zxhiMa2kGeGzwWig2 (0.00203928 SOL)

Signature: 41FbSB4eLoE5y2YRJwXDJq3Npbz56YpZFS5A4pAwLKovc3jFFiYfPknUJUP8rtskixGADCYC88UtyJ5anquKQSfu

Transfer 1 tokens
  Sender: 2nbWSKSQeQwB6qMYBXnu9WPcXBkaeCcXkLCYSYYnWiXm
  Recipient: HFwBQzvVe8qz1M7CxvxQPRtUxJ7zxwLg24TpABcWYTUb
  Recipient associated token account: 7cxfCr1TUQNzqJmfjsfgr4AhAnVTkT8Nt4c2h2pkEwDi
  Funding recipient: 7cxfCr1TUQNzqJmfjsfgr4AhAnVTkT8Nt4c2h2pkEwDi (0.00203928 SOL)

Signature: 4K9qwbvY7CqtstEU4wtpXq4SvAKVYDgNxkrQXRNwR8pz7xr95cwtvFAA5yuwc5gA7cK3Z5iytsh2YTG6xsHtcXrE

Transfer 1 tokens
  Sender: 9DqptgeJFxLJKhHRRj42S5uU1UnyHRZpYCKJ7fJnMCxL
  Recipient: Eh6cmnsbnqKBjLhdg87aUyu1X9PDAeN5ZKVWZJRFjMAu
  Recipient associated token account: 5mzgEmj8Z1xpzkkiLePt6AoViGcoM9b6zufA7WNdTqCq
  Funding recipient: 5mzgEmj8Z1xpzkkiLePt6AoViGcoM9b6zufA7WNdTqCq (0.00203928 SOL)

Signature: 5eQ4bozWHHXfcimXXmrcETcTQZQJQBKFtaauLDxvXnW36f4HF8nrs8BjcMNSu4LUmt3W1SAJ6ZMR46yXtpyajvWX

Transfer 1 tokens
  Sender: 8aViZAWmeMr8PERKWywyLXUpUN9EhEgQP92QQn3GMhAo
  Recipient: 51oET2dy4vCmZ1JMGYR9hbsvsLng1vcLD6z2AZp1uq1j
  Recipient associated token account: BwVh1oPTnyZK39MGG9ZZotKpkyMtA4mS8eMJ1KPRMEZx
  Funding recipient: BwVh1oPTnyZK39MGG9ZZotKpkyMtA4mS8eMJ1KPRMEZx (0.00203928 SOL)

Signature: 25yhovxqZ48MMWeWZ1ebE4bzSPH1yhUZkKB1HF65Y9YZJm2ohCyEiPYyb5ccr6gDnsEh7VE4x9w94m9U4ykPYLpc

Transfer 1 tokens
  Sender: EaZizX2GYQhy2pVkFEbPER7DJe27HMRbsUFHeoPBuRgc
  Recipient: FXYWMBqVQPq9Rg3v1sg2WZbuANS58JfBCaxAkS8EBCUe
  Recipient associated token account: 9sGuSFrHNSLWwgkysxqVmHtEfx7kFzZiPCqsugEVYsJ6
  Funding recipient: 9sGuSFrHNSLWwgkysxqVmHtEfx7kFzZiPCqsugEVYsJ6 (0.00203928 SOL)

Signature: 2tfcAD1mtEZehu7FVRBNcGrebgodQicqmfwnozDTX3vn5kJRx4Foyk2mB2UCpsjiuzaLQkYv8wdtRp1jZCC4p3CQ

Transfer 1 tokens
  Sender: 8i3CKCBLrQXc7tT5Q7DPoBZ7GQTqk5jk6ogTqoueLPiy
  Recipient: Qc5SZNSRdXfVxbheZgz4FkfRH47UcYrv39adXhYcLb3
  Recipient associated token account: 85G7pwdBbh2nFcu34FCSXUHz73ikiDtCNrxQ7ffpy4rn
  Funding recipient: 85G7pwdBbh2nFcu34FCSXUHz73ikiDtCNrxQ7ffpy4rn (0.00203928 SOL)

Signature: 5zjnyjYpU5dDvxeVKDsuNfSwZbVeWfo7kEgfWBykDKvJeDce7xQrEHXvBqNHGboK5CRSELXFXAiQJzT3oQT6b17F

Transfer 1 tokens
  Sender: 6Lo1vEMyAuzyxUJUQn58jmgJdQQBZWtq3GLY3kErF2Qn
  Recipient: 7Rc2EiHPue8BJasestxqZQT8hf13Z1UELT9Fm8ur9W2o
  Recipient associated token account: 764XHtPE18jDB9DTXsTGjckRCqLhNV3N4gcC1LoF7Lah
  Funding recipient: 764XHtPE18jDB9DTXsTGjckRCqLhNV3N4gcC1LoF7Lah (0.00203928 SOL)

Signature: 58pD8RDRuooyQBmuAshajUoEcnApFgSEzfoX17H8uEuSKmZ7YzyeM65mB6KmeNc7rWt8q72Y4BwmkGL7coCfpo9d

Transfer 1 tokens
  Sender: 79UbNaEooX3zY3no6n3ArrpT5ZUgemhkpRA7pHx2dH4d
  Recipient: Bq8Xu7sTEHVY2TSGpQxmafaHVcRNUbBju92AucgKXmR
  Recipient associated token account: BvEGLEyK2PwcMzAcTmqVpBcZKudH389ZSeQ9FtUZAcq4
  Funding recipient: BvEGLEyK2PwcMzAcTmqVpBcZKudH389ZSeQ9FtUZAcq4 (0.00203928 SOL)

Signature: 51m6snQX5KS2kjdXEdS7cVvwAse67jNnZReL69TPnLvQWrW9B4gU5qmBzyznMLdd13eTpbpTwt2nygRvG3HSQx1W

Transfer 1 tokens
  Sender: 4XhcsV4oq6sT5kkh3jEzSn8ydppbCfUqw6WS2EgnQd9E
  Recipient: 2WkPKh2HqudssFdhTJRdj5q44oTwZrdPJQ2hGbgwMXrN
  Recipient associated token account: 4SXb27gG6NTCygeCMGfD6X34eU7Mc5Ps88TDGP3bDpP2
  Funding recipient: 4SXb27gG6NTCygeCMGfD6X34eU7Mc5Ps88TDGP3bDpP2 (0.00203928 SOL)

Signature: 4MbayThrwJkSuQLWTP9J8zH9XXn9Kf5RAkaZSXrradTRb7czzPcBHdAggtxDe2o8vxS7QW1L2DJntr2aGJ81hYFb

Transfer 1 tokens
  Sender: F4q5qrV3heEMN4W2RB1R2TuXnSAAbbNJer88opgB9Vzp
  Recipient: 5nH4SNp9Hhigqmjd8spT6UyLKN8okssmWJ48uCGfWf3J
  Recipient associated token account: 9YNvnZz6THVc59yq4YbyHmKopQT3ZLUTLhJVaNyJy6Q
  Funding recipient: 9YNvnZz6THVc59yq4YbyHmKopQT3ZLUTLhJVaNyJy6Q (0.00203928 SOL)

Signature: zk71sWY6NT6mBMXG3SwGDachkF2cH2kPRoH7VTcjCTAssfb1bghLC9cE7SgRyyM9PzLXHip8yYYrNG9BA32GWzb

Transfer 1 tokens
  Sender: ndoE5J5d1c9SbikV7UExL4YZtX5SbvoQMqbZT98Pw7Q
  Recipient: AbkwtiYEpLLyUKcs33dokoPyY1A8PWCPKq9W5ACtagkE
  Recipient associated token account: FsYy8vyYQLWeoTj6bF3n6v5VTFdmDixHsYwXErQ7qyaA
  Funding recipient: FsYy8vyYQLWeoTj6bF3n6v5VTFdmDixHsYwXErQ7qyaA (0.00203928 SOL)

Signature: 2Z6ssAsbLNZ9afpJWPpnvU23tKdAwvCEXHTNEAsQ5Dhbx6jLvgq6YFVfVuMegaxBmvsrc7KWG7kVgZRb6XJYEsVF

Transfer 1 tokens
  Sender: 6kTFXSqdujF19bzLqzqJNB2us9DGgb1Pn5oaZqvxQ15w
  Recipient: 7HSQCCHvV5iR9EJU8tHh3CL1M6XDNYsU218MSWLzYXHE
  Recipient associated token account: Xz99za2c1oCtWTN4fbCp6rMnb19cgTohZdfuPfZkVbn
  Funding recipient: Xz99za2c1oCtWTN4fbCp6rMnb19cgTohZdfuPfZkVbn (0.00203928 SOL)

Signature: 2aNQyevLnY2FELQvcwSFpwsbiYvWCp6UxkFwRp2REk2Up8G3PdRGFyaLEEHPGTi87fjhPQNT57BiQwZYGZCWWCSZ

Transfer 1 tokens
  Sender: 635Dwe9XdKcR8DPvZpzG9DBUT45WQNKw1vtcHj1UicPA
  Recipient: J8vxiR8o4NvY8wcR46iuSpSAjXhBwGCgrbo5LWA3corc
  Recipient associated token account: 6UeHpJjMcvYB7SG28YrPLkHZdQmgd3NQckWYesjqHdyM
  Funding recipient: 6UeHpJjMcvYB7SG28YrPLkHZdQmgd3NQckWYesjqHdyM (0.00203928 SOL)

Signature: 4FVYEaLA3zHnqa5WX7bbXshQcnX9Jz6UGDt6zAoGZaBAmFwiGRGfZBQbKkRufkqFoFzAdh858bPZgB1SHir897WB

Transfer 1 tokens
  Sender: 8ZJaAPzKx1JrjSF4c9mcufeNHNbzjW8iDCPbwejhEVui
  Recipient: 2BUKq5HhXR51XFmAn91wsgeQsNeUuoH9zvE3J8XDHaRV
  Recipient associated token account: 62faGGTnjfGts5vZFKXToXapN7kdMTsxjn7x5jvaQSq8
  Funding recipient: 62faGGTnjfGts5vZFKXToXapN7kdMTsxjn7x5jvaQSq8 (0.00203928 SOL)

Signature: bdd61fnYNWPXXaTXAZhQnFpWVnz3iT1vQLUUqTTXyeRzVujdhQske9JcPjAshdPdGk1mpHQMy1p5v2FQ98AG6oe

Transfer 1 tokens
  Sender: 5Cjd6V8Ud7GyTau2ZGAcmCVJzu22FW7r1km7u7J1r9Xw
  Recipient: Ced3tKrdqdJYrXpauiDsBdLa6vtbKdHERtqSYiG7pnx7
  Recipient associated token account: AguNGX22dg1gKTXNGgWKFjnSpCJAGFnfyoLgFr2QULAA
  Funding recipient: AguNGX22dg1gKTXNGgWKFjnSpCJAGFnfyoLgFr2QULAA (0.00203928 SOL)

Signature: tivNbGXR6Ngjzwq7wrN5avF2HetEa6kyKz555AGx2mS9jY63q44Wi5fjPwj6jFHx8gbCAjdkkhUPZf4qqY6xbkv

Transfer 1 tokens
  Sender: 4GpXc7TgMFzXiro9XLnnSzQX99UaaK3MRJqGqAQNu86U
  Recipient: HHbKXTkzWxgg3RUeewaSuX6Y3QtSER9MitTSW8vVW8Z
  Recipient associated token account: 43nSXhteBjBjFJiDxZCa5ndjjbSTkCrvMcr83fCYw5s8
  Funding recipient: 43nSXhteBjBjFJiDxZCa5ndjjbSTkCrvMcr83fCYw5s8 (0.00203928 SOL)

Signature: W1D8PE8vvDD3QrPAz9JA9zS1iR6LAoZ9oHMRrrefiex74E2oFqNiHhP7GTs55zRm6GK2sUvHFY4nBndH9VMu34z

Transfer 1 tokens
  Sender: H9wCLTELBc4QhHy763Y84boGUdvo5sscQVt8c1UmfnZj
  Recipient: 2612jpfeDP8FhkN7LAYsTL49dt7vudYrNFwqCv6cYpsc
  Recipient associated token account: DFnmcWibMyuMCc5x4fSVfNs7Hmn7BCUwinrFYPWrfCyJ
  Funding recipient: DFnmcWibMyuMCc5x4fSVfNs7Hmn7BCUwinrFYPWrfCyJ (0.00203928 SOL)

Signature: 2iPEn1MpH6XtaJn7NpLP17ZZUq4gESkPKytgiabPs8QvUikk6PJDxWTo6vQb6ergQAYpXPitJnc1zMaDAndhgzvp

Transfer 1 tokens
  Sender: HZHyNrq4qpMtfoNkAacud8sdDQXkA9q7u6XZBrD3VxGi
  Recipient: 2WkPKh2HqudssFdhTJRdj5q44oTwZrdPJQ2hGbgwMXrN
  Recipient associated token account: EqTSL39JAMGnT38aD2VsK6GP14k6mXLutvsJrLWBys4T
  Funding recipient: EqTSL39JAMGnT38aD2VsK6GP14k6mXLutvsJrLWBys4T (0.00203928 SOL)

Signature: 4jFhVqNEjkeAWxLhBdkVwzTcXnJe73MZj3iazBBGHEjXyGHLCJZPJhMzBCZGJp82aQ5S5dydmgvKNtaq5JCNZLNp

Transfer 1 tokens
  Sender: 3GX3wwpZtHFAWVAwkXp4aumWVbuHrHgRfsMPjndkBPZu
  Recipient: 3eucHmLaRJzL3d3rzYx94KvxcVhR4ESLo9R9hhb5Snbo
  Recipient associated token account: DMWQ42M4xNY5UveeiE647kXumfsgnpWtTVp5P1zivfGD
  Funding recipient: DMWQ42M4xNY5UveeiE647kXumfsgnpWtTVp5P1zivfGD (0.00203928 SOL)

Signature: 5WjHNMV6z3estTpGHJN4gcRajbNivGQAumxgydmtcco4NgiH1VSVrgfjYVwJr9rFkipigHDoLbPoftnwbzdFERqU

Transfer 1 tokens
  Sender: 4Fz7TzBNq8eoLBTxMXaDrcZXm7sS82amFvB16NTzkBdB
  Recipient: DWXg5uTaU8tuSby732qZutoEDY8iSmkUQHP9ijPWCvL4
  Recipient associated token account: A6DwxkBUAYrbkRCP1oZUH8V8TtPRPKrVfHGpDbgyiVPY
  Funding recipient: A6DwxkBUAYrbkRCP1oZUH8V8TtPRPKrVfHGpDbgyiVPY (0.00203928 SOL)

Signature: 3tjNdiREnuHtv5MryARsPHvvvpuh7f5XVrcujT3hqX9YYm9cBhsnZJeTrKr4ubBBjYCnGTthaAsponPkBaVx2bDp

Transfer 1 tokens
  Sender: 9LkbVK3KTsGk1iywqW8xBfkQBZtCxQCoWUWNtPLBdJ8L
  Recipient: EEUHeJFM6mUeN44v3kpepHXXBcGY8xV38TjTNxHEt76U
  Recipient associated token account: CXA3xfzmUXj6ddrmPv21WxW9bvCgjkrD7dwg7u7SMwED
  Funding recipient: CXA3xfzmUXj6ddrmPv21WxW9bvCgjkrD7dwg7u7SMwED (0.00203928 SOL)

Signature: 2gZX9bMS74RL3NcBmRfycYtH7B99KC7JDDH1eo1MnS1MESgCXzseCN7zt1ufRpomwZT5s9kxjMxnY2Biov7bY4Rs

Transfer 1 tokens
  Sender: CtbTBL1Ztq3iaEMyN1KQxh8rzAEjEzu19KNCsgVYGKSb
  Recipient: Gg1dcDi3gUqt1DhwLKgUWRRdpjgwqVAzKDXiKkCpd2H
  Recipient associated token account: C5VmZvnrpBWrsLLdbQX5xZiQk9uNT3Nhbo2Z1QrFfY1g
  Funding recipient: C5VmZvnrpBWrsLLdbQX5xZiQk9uNT3Nhbo2Z1QrFfY1g (0.00203928 SOL)

Signature: 47TvVeoKyJ7LxMq1PRe8dAiXpYtNZGZJofwZT1qhWZPXE9DVvjsN6Mj5RKpsPbAdc8twfiDjXdse7qUUW2aqMGQy

Transfer 1 tokens
  Sender: 4jeLbk3KoiuGch7J8yxwsMwoZqcsArdH9jHucpGEXTPs
  Recipient: 8fYbjVT745fkPJStJvpReCLzmKnwP4J7sVsad8cs3h3Z
  Recipient associated token account: 5CPGxazUB58B9NgAN8um8r4xnKrLnLFPFcyLTLAgKspX
  Funding recipient: 5CPGxazUB58B9NgAN8um8r4xnKrLnLFPFcyLTLAgKspX (0.00203928 SOL)

Signature: 488w535k46cfzDUtxXQS77QDbXC6WXns1XLqajzfjanCMp8HM8HpX4pu4rHcmwNCtAZThE7zn2EkGpCP45mpFNTC

Transfer 1 tokens
  Sender: CEg3MRHwgnvcP4Bka5Ws3Q2BpZAed2S119S7yziotdx9
  Recipient: 2PhHTtsY3Lc8bnmfq6QcnezpqcwdKYyvkvXVzjJ75Aw4
  Recipient associated token account: 8YmiUnh64gyS4nyeoV4JPWU5QVAcpE5TywUvgxzGw7t5
  Funding recipient: 8YmiUnh64gyS4nyeoV4JPWU5QVAcpE5TywUvgxzGw7t5 (0.00203928 SOL)

Signature: 59ak3p5v8bQ9KucZFqeD8ojZqpN7QBYxkNhrthjTqB8h7skTcGk6XgGy3CGPq8xsxbxNTgw2PzHVVTMbSyQsnjmU

Transfer 1 tokens
  Sender: 2E7b8eZbqYUArcX5dmDV2LtxyQ3jdfmERVqL7TTjzEe4
  Recipient: 5q5asD8bbneAFtsXyQ7pu7d99g4BfVF8Tr5q8F8x5iP3
  Recipient associated token account: AUVbSkkqCwTNpGyPh2WcBUjwUvjBEbuuYHt7qayVF3tx
  Funding recipient: AUVbSkkqCwTNpGyPh2WcBUjwUvjBEbuuYHt7qayVF3tx (0.00203928 SOL)

Signature: 58uthSJNyXrA4uutcHa4rtLyyKvuVrAaq2R6CRQxFRYMsTYrdecngAVoM9jd4MHFtez4QP1b6Zoy6RJ6atzecv9N

Transfer 1 tokens
  Sender: D1ic3X5Xb1zCFa7TpA962PChZcBhappAiPTpaUv6HpB2
  Recipient: 5EhvzizkQZW3ADDc59jyVqHdEKgb3u1AiAuCFJLwvYdj
  Recipient associated token account: 8SbzoZa9STSEMPWNezWFSWVAEaX7R2fmqTUzeEQPPxuX
  Funding recipient: 8SbzoZa9STSEMPWNezWFSWVAEaX7R2fmqTUzeEQPPxuX (0.00203928 SOL)

Signature: 5chYjoBvUWKQrEpRSU8fnFEv3hJ7aHha6kDsHJLp9s3bG4T5DPstLjbDxHV6J3uSMxRJem8cFJMvD15Zk2HSgtVM

Transfer 1 tokens
  Sender: 5B2VASweFPyUmWG7R9eAFpovvAGKo1rciYPZeApDWAor
  Recipient: g2q4tWwSoLzY2PYmYM6YB8167AFP9L5J1Mf4xJ5cJhB
  Recipient associated token account: 8iCuYgQGYSYwUb1oX3NDmSt8USN2ev7rwvVAGfA4pJqx
  Funding recipient: 8iCuYgQGYSYwUb1oX3NDmSt8USN2ev7rwvVAGfA4pJqx (0.00203928 SOL)

Signature: 286qvvZo3YutoHFDgcfpA9Wn5cp97BLpk3WrFYW7E57T4PuaejWC93nZYMwhwSEU5ukmzDVNauK2eKog42rTR1dV

Transfer 1 tokens
  Sender: 5gSeArfgf1HgRgdHqK1KAzTQUdvPYoVFC692cprF1Fek
  Recipient: 78EX5HmkxqSgNY9Yw15mXVFUxptoJbM2tg2zq27g8Npy
  Recipient associated token account: GZt6LyWEgv9PWmkzfVAyGXLUfqSq47vYYVbFTvsLc3Y6
  Funding recipient: GZt6LyWEgv9PWmkzfVAyGXLUfqSq47vYYVbFTvsLc3Y6 (0.00203928 SOL)

Signature: 5h2do5nRqWnrWFJmEGNDYb2gqXSGjsSaaLeHdohXq5nMaE1QA2QaUSmujBoFpH2Y21agBpSkPUtFDo5ae5WPFo6w

Transfer 1 tokens
  Sender: F4FTXDzc4pXYx1wCARiMYyiKjVp6vnRawroDyamDEkAk
  Recipient: D1YysSgs1ZyqPogHGo6MyBt4iCDRzPwTd9g8ywFU8kbk
  Recipient associated token account: 4mkxcueki9Kr76SYkDnjVid9UYiCGuJu7dnUAdSJLho5
  Funding recipient: 4mkxcueki9Kr76SYkDnjVid9UYiCGuJu7dnUAdSJLho5 (0.00203928 SOL)

Signature: 4BxWN7cRYpooaLqSu9XtJJPJUiUM4cTiRTJgMKsXsA4zD6duGLdFz5ED1P4f15ebzMBUHqfpcLSa64eZ8TEmrTg3

Transfer 1 tokens
  Sender: CTByV2wvj84b77W47aCCREU2KfhHFgXH92QXZ1U7rvf3
  Recipient: BjkhMWdDFfyBonFM1vXvdsF6bPJneVskx1MGcWwrK5A5
  Recipient associated token account: JB8YwAj5nKGqNap2zwtkX7zJK9jRKCvNhpAFR8sK2d6p
  Funding recipient: JB8YwAj5nKGqNap2zwtkX7zJK9jRKCvNhpAFR8sK2d6p (0.00203928 SOL)

Signature: 4LZPLAP2LvmXmmTrYxE9dtcSLVw9i89Sk6RxzC5hazCvK7ZuzwS9tcDJiXxSboTVpqcdsWx5UJ2ZPYGT1ZvutFWZ

Transfer 1 tokens
  Sender: ETXW1qHgGrv8by8f7kYU93SYXcEjSd1pviQZA98144fA
  Recipient: 9JTAFXf4FXHJ1gNP3VKT8HPLSGsnoRyF2Tj6yZPWnbbx
  Recipient associated token account: J18J7Ybr15Z1ZqjyNPufaent3oquDx1U7YfQUFPXY42L
  Funding recipient: J18J7Ybr15Z1ZqjyNPufaent3oquDx1U7YfQUFPXY42L (0.00203928 SOL)

Signature: 2Witp4i6qxYnsnNjEaD5VY465AChn9WCxYAvXC5ZfEJLM5D8aLQ2eS5hwAQ2Nx4txFrHg6Vq6pgHY9bMstdxoj1z

Transfer 1 tokens
  Sender: 6m2NW2XXkMBsUayPZqxnqp8tSCJstA1mKUTT6sKpCyAA
  Recipient: DGC8NJsrN2TdeUia796AaRH2LbiMExAjWsnX5oaZ3NkM
  Recipient associated token account: FTEg7Bs39dj5vNKzUT1HccuN5wrJwgqE1fWLbgeZydKv
  Funding recipient: FTEg7Bs39dj5vNKzUT1HccuN5wrJwgqE1fWLbgeZydKv (0.00203928 SOL)

Signature: 2CDexdgU2o3659tNBysTDmsPVsntiogiceA39rkxvCMFTGFNjG89tVTWxHf56ZfSjDWjjJ5sermPBGkFGuLmod3v

Transfer 1 tokens
  Sender: Atyi4jNYY11FzogJ9ogsh8dPyHcGEAiF5nH6PoffrjCW
  Recipient: 4imvcSxxHN6hyWy1XrxJ6Em67XZDVmMVCETBu9Z15Wvr
  Recipient associated token account: FV7xv8M4dLATM7oaUqZm6wnT5oxss2t9Bf54dD2Uaycd
  Funding recipient: FV7xv8M4dLATM7oaUqZm6wnT5oxss2t9Bf54dD2Uaycd (0.00203928 SOL)

Signature: 2xwfXqXkvLrfWiuwWk47kuQdHEv7qPrq1PSHTWGZ1wrEdWKE1WJm5crXSxtB18jsumCBq5fhJnuUvu2Qd95cYwbr

Transfer 1 tokens
  Sender: ASDDXSiTJfsa4WrMeR47oDBk26MY1QgNN8u5xK4oddd7
  Recipient: 3A12BaejhfnW6q2uAHa1pcADTGyiAytJVFyY7Me86ZTR
  Recipient associated token account: 47HRbTt9wJgsrNSLSY5cm3ViyhmgpyNFKJ25ShHXnkso
  Funding recipient: 47HRbTt9wJgsrNSLSY5cm3ViyhmgpyNFKJ25ShHXnkso (0.00203928 SOL)

Signature: 4QFwYPySbXwZjPzgrMLkS5kWWnCLcPUThYUZNFFNgpt8tEk41sMBB8bf5hG9ebeGESBqT6METwXuRYbmZGFqWrYQ

