6DNn4M9Sm4Tt6qTXCjmmeMJ2QBqeQAwSXwKBEHDVYhAm
23XNgo4x5FwiQbN4TV7MZ4ssDgQ398vrpkfD8F3S8KTj
7zeN8GUuoXDXyrzjkEhrKPYjcMZSMNUXe7Nb3sHMFrxx
51oET2dy4vCmZ1JMGYR9hbsvsLng1vcLD6z2AZp1uq1j
DdDZiAosTCWnmrxgxA5Wbq1uBhYkG4rmGcV915ZsvDLv
HKmC9VR2rRdGMcNcdGVPqAYWnnLBgmFFDur2qYUaeRXR
AkdfJa5NmE1pQt3Ai7DpgDg8kryN5qTZirp6LQcpen6R
51oET2dy4vCmZ1JMGYR9hbsvsLng1vcLD6z2AZp1uq1j
2dD5qq1y23Fq1qLj5zJkZ2425Pr1dvtKQPMa6AGF6wmz
DWaAVXvNg9NcNUPLCwRbAhc8NVmFzSLPQCFuwkxgp9Tk
MvogSQTXToXV7MS8hDbvfWGoELDtR5Z75SGMUNiUddN
2xAviNTmLU42Ni8B5Ae2vhs4Yy9X2nJ35AnEDzZgL9cB
9EA2P2FerQqzUV7s167v9fxRaegRHrFna18PmpJZQ8GS
ASBVi2EqdAPCDCYfSa4nTTFzduWnBN5aukzv6QJ5ZQDP
3mxEtn5qWNZZRDaetWqKRcpKQLc8heXtcrwNaFRicdpq
5g9P9YJNPxRMTZtWTPyRkUmdvaVae4MVjhr1ZHmHYbRH
b3EeBpVifZ4Lxb1qKe4c4ptBTc4yt8KPo2AQwhyDLjw
7gZnusx9yjnAcDeXCnMrvCHHcKnnfR2jmHWvpNBMZA6r
8BZiPqhVHcQRUi9ik4ToqZ83wc5bRovucP44ajwLSiha
D7bTbVJR3i65R71CRW6XCgrqrYYC74ejVQoyddSEP4fF
HqRyiRDbdiX4VY2Re8rqAwEt136V3Y5aFXfgBp7Kx6kd
J4GgZY8CW8gX1qa85KcTXrdn9WKsNCpMJyJDi2NEBeNo
CMe4sR24Z3TM866NHei4K28fWVhemFHJeQ3aVwkLCDRa
8zfdGUKpemtzs2Ypb8reoN3A43o1ZkbwFCBNzpUeFeUo
CdXU3s7AFPSoqAdSq4fTXsDeTvgeiVv61kgSYDLDL2DF
8pgG3rx8FoQrk3wYdpL7vDzZR6iEF8WqmPAwP8xS1TNu
HAU6zuxFMa3qeKevp7hA5tABr6nT5arw2DJ4D3GZsnrC
Cm8cYtgtfyULCzisqUnMg68aqqi12PGZScouQfJRfrG3
3L6ffS5Pnn8saDvq2CfzXcr4iVWD6ggGjx7RQMG3GAJf
7CAA523SWi28Ld9HEdgWaGMHaqbPeSMpUduzNpcTUDSd
DrVCSz8B4kGfzSqi3Sj16ehzLTHzFBQ3KoHHbdrnPFRz
Dt8mEeW3uFiNDVMSrc3fr4hyVgcuafAUptWirNp2V9Aw
AgPhAsvcwPfT8bcAQxfyvymHdS9enkCzHDZP67ihS5YM
7KbmFStnBVAUB1NRKuNFdhzXtj3mfAT4jHLXoFvFFSaS
E54Hi1EwSr95oBCEsP7GZaE2VcbSzLKywz6FfYa3k41c
89obRtCkiqcTkPhfrhxWzrBCdVzWiz9kgAHpPfEA6sma
4SwDAKnt1ntsUKHaaM19jaajo9jV9xcHjB6ehwTtjkEt
8vNmWqVA5n3v1R3bYDFKHMSNMC4CASEPuC2fTn2Db3jp
EatwtM7UCERt43wjsTz28HTYKL5fPo4kzDxQTGZLWisa
6zWDCKJMWTGmpiJB8QTiWbXEhyp9beibaWAvZMdFdv6S
BkALpGmLrpxpfo9CN22BA5Zq8MzTag5YEzAJGgouEHZm
CnjNZ8LHDtwyCz7SBWPHCSBPikJ5u7E8TouZD4jtZ6KS
HFwBQzvVe8qz1M7CxvxQPRtUxJ7zxwLg24TpABcWYTUb
Eh6cmnsbnqKBjLhdg87aUyu1X9PDAeN5ZKVWZJRFjMAu
51oET2dy4vCmZ1JMGYR9hbsvsLng1vcLD6z2AZp1uq1j
FXYWMBqVQPq9Rg3v1sg2WZbuANS58JfBCaxAkS8EBCUe
Qc5SZNSRdXfVxbheZgz4FkfRH47UcYrv39adXhYcLb3
7Rc2EiHPue8BJasestxqZQT8hf13Z1UELT9Fm8ur9W2o
Bq8Xu7sTEHVY2TSGpQxmafaHVcRNUbBju92AucgKXmR
2WkPKh2HqudssFdhTJRdj5q44oTwZrdPJQ2hGbgwMXrN
5nH4SNp9Hhigqmjd8spT6UyLKN8okssmWJ48uCGfWf3J
AbkwtiYEpLLyUKcs33dokoPyY1A8PWCPKq9W5ACtagkE
7HSQCCHvV5iR9EJU8tHh3CL1M6XDNYsU218MSWLzYXHE
J8vxiR8o4NvY8wcR46iuSpSAjXhBwGCgrbo5LWA3corc
2BUKq5HhXR51XFmAn91wsgeQsNeUuoH9zvE3J8XDHaRV
Ced3tKrdqdJYrXpauiDsBdLa6vtbKdHERtqSYiG7pnx7
HHbKXTkzWxgg3RUeewaSuX6Y3QtSER9MitTSW8vVW8Z
2612jpfeDP8FhkN7LAYsTL49dt7vudYrNFwqCv6cYpsc
2WkPKh2HqudssFdhTJRdj5q44oTwZrdPJQ2hGbgwMXrN
3eucHmLaRJzL3d3rzYx94KvxcVhR4ESLo9R9hhb5Snbo
DWXg5uTaU8tuSby732qZutoEDY8iSmkUQHP9ijPWCvL4
EEUHeJFM6mUeN44v3kpepHXXBcGY8xV38TjTNxHEt76U
Gg1dcDi3gUqt1DhwLKgUWRRdpjgwqVAzKDXiKkCpd2H
8fYbjVT745fkPJStJvpReCLzmKnwP4J7sVsad8cs3h3Z
2PhHTtsY3Lc8bnmfq6QcnezpqcwdKYyvkvXVzjJ75Aw4
5q5asD8bbneAFtsXyQ7pu7d99g4BfVF8Tr5q8F8x5iP3
5EhvzizkQZW3ADDc59jyVqHdEKgb3u1AiAuCFJLwvYdj
g2q4tWwSoLzY2PYmYM6YB8167AFP9L5J1Mf4xJ5cJhB
78EX5HmkxqSgNY9Yw15mXVFUxptoJbM2tg2zq27g8Npy
D1YysSgs1ZyqPogHGo6MyBt4iCDRzPwTd9g8ywFU8kbk
BjkhMWdDFfyBonFM1vXvdsF6bPJneVskx1MGcWwrK5A5
9JTAFXf4FXHJ1gNP3VKT8HPLSGsnoRyF2Tj6yZPWnbbx
DGC8NJsrN2TdeUia796AaRH2LbiMExAjWsnX5oaZ3NkM
4imvcSxxHN6hyWy1XrxJ6Em67XZDVmMVCETBu9Z15Wvr
3A12BaejhfnW6q2uAHa1pcADTGyiAytJVFyY7Me86ZTR
