BgHaMyvHZeh1mkofRAcnsnzU44xC2fHS1ST2E4WEXgmE
FujuuyoM3miYLUqYhDTUuaVJmJKeKP3VAim2aH3zj5zC
GrMG1tWff4bpzq75MB4jcKLKHxkh5qWyedXn53Mj8YGR
4bFCLKnGESkiPftQfeWDbP3qYWWQJzvbKcmz7sXiMFps
2v8JVFRqCJS3s1v8SoaqRf31oLvDhGy3sW5N6uCjyHLz
Px5yjUDbes2YkFfHYXsvskNFzZrT5QGaYmxosTMRyW6
7wfd1QrzCAha45ukGngMvRGNq78rLPeH4t26Mc4q8Gz4
BEJDN4LHf3mj1ucHj3gMsgMcxghRe56o47aWXtbqbmUJ
CiTNbp6CyqeAvTBcocZeS7uSK2VWhSFgQ73cjn1Cut6G
8bpKbw4M7L7mRzFtqQfpyK7ffpNgGQP9pPXqDi3q6eiN
5cDh4sycKJTx3WuFZ6xsJx1xVwQY2yGRqsjGGsKpvPm1
3x4t19U8BpdNAJgtcruci6qHidHFwC2ZLMq5WAVBTSGo
7W9L6FqvhGKeaZe51nokViG5jkRLyLmnnj1bsVUTvoGC
6T9ppojQQvt4vvq73WmY68ruHFSYxN936akYBDPMbvD5
6PLScpXuhXLQ6v3WywRF4RSVdqpxPtdp95i2XPsNYSgz
79nxNARmLFCMFgD1bW8UdXRrpLdaezUWhXReJGBFqQWb
ctRGUaF7MByk78Qo5aFkKrZ43xpGwpAFnXJXR2aNW9T
K1LET54tWJaFxWBMbTo5YjPMTFqVYTSemtrUkRoumxa
4QUVwNf5e28TfaWuwEzDWhn9K5Lw8RTFfJFuFKfLar2p
3PeG2hb6pyVWJc4idzF9ja2U1yexSB5ZYQWupnbYjEeg
8FLEZNfNLqCKrfJcbR6Ez7N9e7u81X7bZuzFhtNgb1Yi
A5wZDPCK2nwgjrqrd9VWQNRj4oHXyFmLygi86S2jrnE1
5vsV6YVDFGGBRHL3954fvJi4Uhp6pxsnTadHEcJtAqmv
9nWZ9iYiMgYPphxDiDriZiR3rbVtW22ZmMvTx5piD1uG
6WTWqgrK2VUaxLhx8wZjjdgwd5wxxhQnvFEj1MvaXG8D
BZ9ZX1gWuw4aC3tEGnK3tv1dGLmeSTCVSdg7Dkb1SDwu
CB8wxCmKvUKmjbHGbXDRFoVN3ALZd9ZkPnb5QbcbRUeq
9BuDv3UHB51cFdLHmWTuFfdZ5q9qGyss1z7qkk9n7ej5
FGeBprGKD9T8Ns8XKP919736UW8z2eYs2aavyUKMN6dW
EZAdmztxoVJSsptuWA849KJnvrpRWHRhMZfs2yCsvic4
HtZCcHcPmPjo6Dkyq5EyhjXk7D8nqEbFSrNPD1zy5GbW
4c5Ndtp29XBK4dNemioog2cMHUg1PZxJDuBsM2Scts2G
DmQ3GCLa3xs2r55K22T9vavJn5QCK2sYnKAzN72w3nU9
ummvxSq64YtYuw62Ug3GWHXqMUV4PDAc6APwHLnE6MR
4UKMzHZ9rGZWK6svzph5syFiTFE9qCFdKthLxnZuZAiY
PQpQjJpR4YWy9jDwi2kSvXFmZaNqzhuXeY6mqtFgiwY
FGP5WY35ysZQbLzzHvpjhQtqpSSZxwt3eYBg28ZunNWP
DWM9Zx1VLpU5MgjKgoqsioqdehsCQh26Uofka51rCBeA
3JfjsB9KjocwTrScJVDFh1qSgjv8RcKTZmS68UFGdHNp
2mhEpDkgtreusJUn8tjaBMtFh8jmcC1bXe9JnvfxxpFn
2MwfVvbC6ivu2TBUB3CUEmZd2hPnGmh21SxhNvFWaskB
HK6eYMHJMcgvE6uPAPmA4Ej4NrYgCLpVfdw21Q8g5WRA
Feqe5yCV3K3fJBwxNR1vN8XieKbZ36FSFSvrbrvYQsD9
CxJxfrg6DVffGAXvb44MZFnN3i8JZ2v3eXmNq2duFwg5
H9uf5gc9MwFnA7L16ydnuPcBfcFjpyY1w7LtB7zY93R1
791CZTLxbvWeJDNWdm55p9SKzdzrjRMstnAdKDdAaSz
DHUemxZmyJCgjBVeeDryHRLxsMhzWsKqc8m8R4jccLEV
EzyMijvQ4ejBkLvYTRam19DtAiQ2WVm48sb5K6p2NeLY
j6YmWqdHPUthHJyeiLKgBBkrniwF13ajLjS7fLryU7S
Bk8LApvXXsRYtsJ6NwWL8aCUpgvA2AHYyBmvCByvBung
BnZcN7f7YJsDf1PqF4qUr5Xw5RZdhLFodz2MDeKUoF9C
9BPms66sfafYciMd4hiTBDuEG7Q8956pKcnarzTbzmk7
GA4psV1kodnc3dvu7iBsP9cwLkGo8EW9uhuhvUb31PLV
88zjmG647bD3iNQpdRCuBYpcUsDHZ69CdHkR84cjh5Nv
H84nanPdN1wTHWYMzAJeozAtwma4crRYhdGs98FDeNbm
HqRWr8GrtNPvJxbd1U12HMUzLgi9NaYGxyu1ngFms8iA
6Kzm1ohbdXFvJvQ9f1LdLGVTdYkdpZjEjJ87JBYbmExs
BPBQHTkD4KTo9u1K1N4UNvhSsU1ZK3YdgH9aPxvePFw6
29aJp8XatKXGYMtwSJCjJo6o86EY8tADuJDXBsL3cJGE
AvuURQJjAQ1NJUELRwNPtoJYv6LqBtjgXp8xupN41fmP
gj8o86k4kPnz5FJ37LixSV4AQnKRLAfCmticP3wHjQJ
5tau6e5PurNZeXk3Gnjkr4xE8YPejUEostMAxUHdXG7n
2ZixPzVkrGXrYHAUrWBrQNTvufLaZWUUcAVCFjypmy5n
3GXCk2ZsgSszJTdFXpXFkYz421mg5YdTtbUFkwEtNQxX
3RYnnBJvyZoEynj6eeN2Kg1LQtmgkjAuhAJo4UGJ3cif
fCiyPtakf2mSwya6q7DKrYg7CvbY2Zcnpz1kvkQgp1T
3iHCpuKBvT2bj5kfkCvskMkYQB5dbnk5xpHfNU85t5jx
5s21RTPiCf1thGJCP8xm7mF4RVY98BSDeVkU5bqjVMN
DDqKDKwy25KSkumoufA58v1fY968KRHFyxm3eQ7SkdMF
J9U3aDBicuN5YVnyEyJ6Pp6hx9ezVJmqzutf8vk2K7fF
3L8DnFRoYKrXtZmumxvwNQYJqq1dHWSHs783ffRYHyTg
5mPYdRytLHKHXF9ckJbrUm251izgUN71pKWVYZYFcyW4
DqAzmMeZya8RQ54q9GtbxfzfGuE4X2Tf3EcBEbnsjD7V
3qtFx274xDqZYC2hyiQbr8PdoZkKrjgYWFQLQF4yRih9
J9fg7TRuDtvAvJC46c5tKCk9nSdFUREX1XJfcC1nLHPU
