wQFgdtgEfFSY3FHJWHDXyRb96962Vnn6rwPPahiPT8C
DG4WPmTYYe4iX5mG7iJGkWMdv61K4ouP6c6WWftgQGvE
4Su38sLwcNhxzxDJ496eohJ4ARQ2mEvJZqq5MXEBmjyV
Eg65z95TB1b9dKaoB3mNv8ikBgnqNza3XoQgETnNPKaM
tpwkcvZWMW9sDwjfWw1x5NzYtq2mutjJT1Svw1NeSDW
DhLKC7uJavh3kuxySZKZWJvPpwTsRcvYHR8qo3cWEe5p
DdaXDfJDbkZwPjHQfDMCcWQTvUqhWy29T6wKSA9gAfaz
6n4MbheUREzQrbVCFSZ69ZJjq1kmTF1FXqpc2YbBjCqH
6AWvKo6BTnD6NyYKrzq7b52fraXwTvzCVuMGD3kce4MR
HeDNumMrqT1Svdf1tGY2k6NXGX5nFPtPHBF3q7CTW9tV
2mb7XDzW67ZoBxgXtnsiUbVMogk4xPyT3VdT2F4R1GA6
Hsw4PZryUBbKz3WVtvdcMjL8yLKU8HoHzKjrNKEPiFjo
DWdSbqaZYhpX3EuMbp5NY2Y3MmBZ3gyTEVLbEkCV2Ga4
FNhP7NkQexUrz9z19kZ7GcFapqcNtqUhnysWdZKqq7Ad
4Y93qeRTaERZTq7beDpqqe3rkPBmVFzggRj4Ak9j68D4
CQpWqdAKBzeq4vBnWQyQbBSn3VNqcLWpob4pXDxVZ72M
BYcHFLSLnvazGDn4KrN4dTNUjF3gFbsDfVa52VfUDyaU
BpwKxsa1D1DUMamWRA2HDajDDo5ZLnuRc47mx5TnwRdq
FFirAmbQ3WtGMaNz8hFVWJp18E8nyLGPikDLoqQ6qkPe
Bk3WGaZTnhWMDxMHVYKFaM2ZXT3J6XD5hCR4xeuSNeL5
9zUPLVZc7RLF2CX3uwvxamVx11QDQYE6JrpTPFoLHFsE
H1ej9hzztdCRCm3SbhpvmX1uAHwvrxepn5Hy8NHQKBtp
CRFDi1NWRJhnWv3XmGwAjvHaeCMCa3iKC63wLdtQPGrr
2qPoCDLDxpnoKJfCDMFvzQF6Sbv44JvmNrJ3nD2SLpgj
5brXGn25cxbiRqiDoqDQms7b4kYCF2zzXwypNVNZy4PA
