Transfer 1 tokens
  Sender: BnU8Rn5r5UDTLxYfQKxHCeFS7WF28yBAc8tCHK2qW5z3
  Recipient: DJqBpEZrZBnbTwSCxuRwsb91fpG534WmFeDJZyag4d53
  Recipient associated token account: 7uG1pKGf5y3Yt5moCzFPZPb7GSoo4B1DgSepYxhT28Kp
  Funding recipient: 7uG1pKGf5y3Yt5moCzFPZPb7GSoo4B1DgSepYxhT28Kp (0.00203928 SOL)

Signature: 3LpU8e6poeX7W7ddzWqM2LBr1A128LA6F8yG5ioc4gFqk3Uci6q29FDQjVKGZSEgnwnwHQMYayGFHewWvt1JdPcP

Transfer 1 tokens
  Sender: 9qhW3chwtoDKXvXq4AwP7uuSFEizXvQExgXu4e9Lnm35
  Recipient: 7oKREfeWiprPMoBEbuA7P8qC2MrKfbCCoyN7Y4uWeMjg
  Recipient associated token account: Chms8K6PA5cgPNeZt1pHfUfW6aaXJryzo9NBqoCos3e9
  Funding recipient: Chms8K6PA5cgPNeZt1pHfUfW6aaXJryzo9NBqoCos3e9 (0.00203928 SOL)

Signature: 542uFRZqjHZgQiBXrNbig21hz22fhR1FSdRdYgcETteRiDH1nKj6aeuxEhPBW5iE1UGTXihoUkLTX37dP9uiooUz

Transfer 1 tokens
  Sender: Gp7bs9wJzpRNNQegYjdTLtibDd58VZ21vWiKrhV31ruy
  Recipient: 2NC5xSUy2itXJAVMeJv5iteWUtPxFSgNKwDjExVuDXSe
  Recipient associated token account: 7oJVQcSFnDYAdjhE116N8ufzbbiX6V9QyhQufFeoMao2
  Funding recipient: 7oJVQcSFnDYAdjhE116N8ufzbbiX6V9QyhQufFeoMao2 (0.00203928 SOL)

Signature: C6WNKoWD4XwJSTDxHpPELa7X27L5XFEmxPZkfpcsbSf5ca24sWpRgFwidq4SwzKHXhagBvQUt6E2RcHZF56PHzd

Transfer 1 tokens
  Sender: 2CpYT9jpndX3JnBUictmojZisuXXm7D5e5RsfFCQ9MvS
  Recipient: 9nF2vqusHupTTNgw3quL4f3jorvPdJ8VBPv3Uw1xt3Mv
  Recipient associated token account: 7DjS5daaYej73djGqgcfBfWoDdW4njYiQsMzfe5TmUKN
  Funding recipient: 7DjS5daaYej73djGqgcfBfWoDdW4njYiQsMzfe5TmUKN (0.00203928 SOL)

Signature: 3PQ8osbtopKeQnPJjvikkVT9csJrhz4ZHhuoBA7uLiRjpDMkN6kbnzq1FYpemfF6ACQgujuv28PLwQHmXCzZqDRB

Transfer 1 tokens
  Sender: FSqJDzMXV599HAbBpxRfUcDPoNuNbWVotyUgvvq1PLeh
  Recipient: XFGVjd4PJp8km9qQgtmLQV7N5dCSum9KxRrPhdRQzZ2
  Recipient associated token account: FyAVVisctnPtpHijhEiWdTnNVxpFSYkghhjCGBeAbGZw
  Funding recipient: FyAVVisctnPtpHijhEiWdTnNVxpFSYkghhjCGBeAbGZw (0.00203928 SOL)

Signature: z3BBk7hXbngTuesX25i7pqAWmh1Y8eRarScY4RKFobqtps4SScZ8tEiw29yztSH9tdH1qcbH1tCh14SumQDbjav

