Bie2asBVrpij4zXfoH3CgLQVxdeaMXQR37GhkaiuVqyS
FNqtHawhyNWprY6JFSAjHLS4m642SKpCWTPmUJJt8fpP
LtiwwCJmXRMqmW8sRtAqtwrpaHbyeyUbktukNfKtqp9
8bqCrQcZiqFnFnS5c2XJRfGxb9rdjckFS9SPvZzWN7Ku
5Vn9qyHfMTPtJZzBVm2QCCCFfgFmEdYGEsWhLDzJzfVj
AqyEyMBAhabU3DJLofc275gK1srmrSEa2X6rBWaoDUY
6sFN67TgPNGk2y4xKEoPX5x1rVF3Yc9TbPnsk2zXo1sJ
8UBU2SN6YRM4iZu1sUPgmxAMjrYAsWVSSqhTe1KTRt9h
EfoZbtyRVWTEhbPHKf2qqGgSPBLkP84ecQkisNzcu1kJ
JB5irvtCLyBxEK2Fce7iDUbqu6NnnjgGakhjPys4xgYh
4zXB4bZDqxE2dSimVMHXuyHuR4VXttPDj28rHCMtVy5h
FNERnMwEU41j2Fk5SWb8qmcp3SvDgBNYwrMjXqKdnJ94
DBLkzxrXSRRhh7BbzuqSgi6oXgn37kPYWS8XpoqPNqxy
31eQBruUecmUsfX4s2iJmAGmMh3NKbswHbzSDGNW6joG
F8czzhdHT1ENdFGtHZ9xc88NXcTLy3Yt7SRbaGzpStDU
jtw7gkk2LL6LJLbeaeDPJhKRsDMShtM4Wi9FZ91tPVh
5C6eKDw6jRYAaSi27vxCnBya5i7dsvebP5YnmnyKfXtQ
9bp6DP9YmYg2LMoSZegti7VJsjiEvLqKxdSCPtVJKdVg
HWhvXFC9aDATSYGin2AmMRk6F1hfBNMY2NyBCUtcUnh2
AnLNxE7x4UU54MYZWHKox8Qy6tENAfxpyyqeanEAF133
G4XRYu5GkE2fAWdMLsDJPfcwca63m8pAPHd6aLBpXoGH
5MyBM5YgvCSVukfCyDnv1PNfoDfXyQw8ZufPXJueH3C1
7XTj5y4jaZW9YaJEXCDSpagv6LFUSfexGumcxmtaMFbA
AeU8fAJjyVfCpsugADpuuwEgZGeUjqzGmh8RE5bisJ4T
HwMnzFqRZRv8H9RbuHeaq821mphkwM68xoA2eyv1UqMF
GUKLfktZhpFUBhqEviAnWn1Z4gWaevd9pvx613msmyGb
J4uSEFMP9ofDriUEeEUJFdkZM85rpbRfQvHhCvqBZZD4
5yvfEV5DAV7DvF1kwU3crPRLZwjmWa8PQvSA3EHM6WhZ
46ovXz1WzhdTL5TQgiHF8knd1uoS87xTbHJcrt8UahKA
B2tBpPUZ6143hETnvbqJ5zvQ6r1Lw3NuY69mTH8kLeQq
4GBAsmohFSQpGkoRGjKDmuKBoezLuUKctSuxemQBCcUf
7dQph6NdBSof7HYDXc1KgRPQtzcbQhJ7PM54HdVB99Tu
7zSAbHGi3LfK6pHAXgXp9J2fpfZnbftFADsFyeYnd21c
9RNN9pVUpS6aRmB9NZaf9hf826zNnEfoVTHQqgnBUQP8
LR7nHezge7Y6tCLABpKwwx9irfJqiupNKWi38fMygyo
5XToG8CpSUKpSBbEN37Bm5hGJq62tzC7caJr6NjyCC3F
JAdzKuN2BMJ3SRMva4Qp8NQPWESg5UtpPYbBzZia3ikj
CrzUie5RKMsoWyy47sPV2JRLZJv42hmydS5Mp7QYeVnG
Eb7vd5Se4r9Kq6xYPytFUXdGesQLJxP8yDsi1xwUFSFv
9FsfF97iFJNRqpn7Ams13FrReUa8Z3GsVS8PRprPb5JB
G1kZ2VU5kxahg6SRugYzwrXagmRpcmjUy2zp6w5263it
sou3RMK23pn13ewLHpmCF6xwtzGVV74R7dAjZ5c5aA2
ErXYwZ41kNAV1saExaGWp4ttDGk8Uhoap6p1qBwNaSkL
PvEKLkdrtGCgjrBwuALyvMSM9xjHeixEYFzmask1sak
2poBMpJ3czem5CGm2FaMeNqwAMGe6Ab4MMFbGZ5iPCCS
HTofiTo3bpBc4E165eBqWK9xF6SxUjuDykkns9GKL4KK
5V2iyTgW5bvmRZHAG2wXfLSnP3rEU36Ztx9L4ebEX2Hr
3JrA5qoM7eLLRrQcncXQNpG1dehLsPQfkohfgtMyrW2A
FfrWUBufLT2kkrnJBNvHVWCdrTkKFjVdapmZUZUeqi7C
7LM52UCzRAxBkQeXXfSF88PEdJgeMs2mJDABS31KmbKv
DF6xwwwEiXLxtEwK8a3D2HVRH9esNVhGbmwFEx4RrptQ
GiPHtKWTY5jrU7RVZ2jxkRAs1e5UZbhXgxsHnBZpVgP8
HA88aK6HLUJ51N2sK4z1ChvTw4itMGWNGDtViay6X8LV
A86TkheTLAztrmu5i3VHwNmtzfmgv2CpWs2TcV9MgV5Z
4SyVC7QEvaY21DSPcxPc1n6FKEs6ij4c8cFR4DEsr13S
13wfb12sqsFPU7u5h1xZiVxcFJDSfMNBR4uB9UG5nsGr
AwdUvMojSViUuBAKvSxXyPtBM4Qc49HUApXdp4XQBJ4c
4mUJcUAikrwnhPjPvnHWKptz1tYvS2eFJ9TSBcK87e1E
AtM4xZdjvCADp6G3KcNQYS19qufa5vRxXUTkGVya2uoC
8mA9qZRWsFPb3CYfZP9FJHzz2rDZonS1TowNcKqX1YTn
5vchEqgB41K9LkxWriDDBHothgjEob4HKM7A5FPUhxqT
CT7hwjo1EDFMvWVgVjmtmBzDcyxsxDVcf2jdauARRD8P
5eH84mjwqwb6wW1BkarxTwJ81nQc5PfqeXLXVYBcdFve
B1KQpZ7C6SfrDVoJezWLGy8rDHHkNU87j84XozuCo3du
2oEpuV6hGioVjGVjpRXj7PooipdMM5Fb4p4GTVYhh1sf
2dNcxaqHYVXEHC17DCDqZN5XG3iicRtNRSe7w4Yf6Fmx
GHb7BUfegRDgmdTz8STEdR7ro1JGptABZcnHoaz27RS6
JC2a1Y61NHERJhLtJwcyhMZR6tdiDEPbyfwaNiriGEkg
3Kfg8uKfoZNfN8vMnCKGFnWiLW15zvxpZaAGdv623ckS
9sbabsp4Ce8FAFthCidVdW9e9Ndbr7Wx1zojdkZMPneJ
rVBpSHehFfmaLjwrdkQAhBp6GQdJwKpxPCnn87JTBnc
8ppyAncQ1SoYRn6fcSoNjjqyXfdURwTtZfxFSLnQgk8w
4zwVDA4kYj3HvNzxN1cqnr5F7JfaDoFGVS2qcJtGSRVK
7NkaXEpXk4WURbcubpZehx87zVurvzWe6RBnCcTpPQ8x
FBe8xzhTVHvbBbHcZQ6JWWizeaULepmc186ekMNt3r65
aN4RhkphrmkYre9vd5tUCKWjx5HBvZoBh5Uuq68pgZX
2BHZF8CcLp5f1JmsuzSaTcNJLPzW9SAu5bFbZLvQ7Ns6
DFxv9AzNF2LXLLyGUdYiW1TizM5YuoaqPzvpz2bKkNvP
9HGp477WjtqkZFkMw1jeBs5ai4DcdgUGupREEwqWuSPR
8xhyvBfo7bPAy4GtskWjfomWcuZtzj7M6sTQUE8qcADQ
9hLC528GXdt2JjCvwaeNk4NVPpZK7UmyaSALGb8pmmqY
2cjgmBYQRhjtNr8FjrhUkRcYHdY136xVLhZGmmL1i7Xr
DSArhfwSVH5STAescUhUKQn27dTb8H5majK2HDpyUYJE
EChkhdSvsQk7Py9PheiXqa8f2edZhA83ZsEArPUf89VJ
BqMnGc8gs57tMXbdPgLFk9V4qFH5RKvjrAfZzmPJK8J8
8JnZDrzK3KaDvd15T7GL8QNs7VheP9m1Ppd8kbz1Hhpm
6v4UWpP4TLH8UnQjtJKp72R8BNSj9r2LDVufETvUFMD7
4echvztQ2GWRf2ASdHUzx3C7YeZLcoVbushzn4ksG6Fw
EZKUvi6uXcpxFRh4sTvcJzUNC8e5kmL2a4zekA3ZRKZP
ENYLsbX21DRuzvJXDi8HvYkZ8rapCNMRg9AeAatXBgzt
2vR5BquwNVpEdLewWkdRqtdjPeZkpYdE9mdVqEFpxNgY
GTmgsEoN4pmSemeWdVeBQkRnBjbouFjPYR1GRdwu95Ws
ET7RX224x5t9H4pC3YCcv39aeTh8TCsE6Af2p7FYwTSD
7WYjPiizAZTAdo6PcRgAsX1MCYrbiRfXbgdn42DJnYj4
ANCFrqFzpynjH1XpwBBrDBYGZDMfWXxtB6HrQpRy1jLq
9LwW3RGe78bmw2d1PxB9B5KdhWNVo7AUjF6AxtvjbQiv
H3RxgeZr1kXqccpDp26uUhS3mq6mGhzF6cRh68emyocA
6U9wNw6WmHGdiiJ5onqDmky4mbWXRwzG9hRrFmLCsDQW
8FG9grUReY4K1wsnyjf3F9mqGtVHwm7nzAdrfMyyXeTJ
B8rMSbyCgXFudUyhzQHKC8jfP1QW1xisPgFGFiTmR471
