Transfer 1 tokens
  Sender: 2aPCSq9idtbCc54RYd5ghgfDNJzyH8ctwRYx657z45Wy
  Recipient: AEUto3eFWHLAmmVRq3Vo2fmHXwte525jQGG6D7pN4RRd
  Recipient associated token account: 3ibmYUzgqjdCepLw6uN7JwXSQ3D9bAN9AJFUhj4H6aui
  Funding recipient: 3ibmYUzgqjdCepLw6uN7JwXSQ3D9bAN9AJFUhj4H6aui (0.00203928 SOL)

Signature: 3BRWBBdDe38r59R4LhRu5QRSr27bQYhMVQGgLhWDdH6V6HGQb7Q7MZcdMZzRgjd422mcvFtAmfE5uWt4UT4a7dK1

Transfer 1 tokens
  Sender: BYHoAJH3VuRMQ8FWo5kQzFgCAeqQLHQe1kGJ7bXyqVfG
  Recipient: 3ooTnU4quRNztapYE5vVojHZSFqPeH2xnWC6mbbtAUSE
  Recipient associated token account: G757FHGMKA3hAWcPnYcdqWeyWkfR1yaccKHxcQAjSuCp
  Funding recipient: G757FHGMKA3hAWcPnYcdqWeyWkfR1yaccKHxcQAjSuCp (0.00203928 SOL)

Signature: ndFeqS71dd5SnyrRZJwXHWhUBNxtJmN6kh9gf26YR92WPKmu5GWFN8kdB3qDqXoyhPtoYaqRzGhk6Y2aroexrb9

Transfer 1 tokens
  Sender: 6MmCp2awccxRU4tFzwDASHkxNVry4diCXmxtHkASBQet
  Recipient: EWC6ESChdBqExhp96XPMLXR65pXP6Ftuh1pPAVws4pmk
  Recipient associated token account: 3UwSnCLkqeYeSSBAMKLY4oXBi7FsVaYLiV27VJKWFu21
  Funding recipient: 3UwSnCLkqeYeSSBAMKLY4oXBi7FsVaYLiV27VJKWFu21 (0.00203928 SOL)

Signature: TthHUnhegFHnBbrfHuuwrkbEFjYPhbseNV85g1xyt89c2nw1pAuvvvB7dRxxDiWMJMNeNuNssLzAPZevxverazf

Transfer 1 tokens
  Sender: 8E5dHub1HPa4eH7BGpCxpdsF3ifQebTAkhYNqNgx6Qp8
  Recipient: 2B5KNHScvQkfsc5RAaSqSxUn6mfJunN5MB9GbWp4tpy9
  Recipient associated token account: Ha54NNMEGS7yWfJzDwupdBU2h1ps5XPacDcZPw72gKjm
  Funding recipient: Ha54NNMEGS7yWfJzDwupdBU2h1ps5XPacDcZPw72gKjm (0.00203928 SOL)

Signature: 3DbbpB16pBvGW5kMuaAm7cbNrX16vHrfcWLspb5hcYt1DBwWdhWfmsFwYxsyrtmDdbYWL3SNoLi9oSJkn525xJ3v

Transfer 1 tokens
  Sender: DfrGu5mFsumkBhEWLSu74zVbbA8HtXtZfBn89BYuVkKP
  Recipient: 51oET2dy4vCmZ1JMGYR9hbsvsLng1vcLD6z2AZp1uq1j
  Recipient associated token account: 5yj1voUbc5JZYxqhcvz16ztTmxkn1q7vJcVnwWuQCkzh
  Funding recipient: 5yj1voUbc5JZYxqhcvz16ztTmxkn1q7vJcVnwWuQCkzh (0.00203928 SOL)

Signature: 546Bhox7oU6pgg6SZWG5KAcpNcZYERsWqyN2WRyj7rnLPBx2tBTgqviBikvQC57AiZDEavEbRxV4BpgWQYTHcfax

Transfer 1 tokens
  Sender: 66imnyFxdkTXwYwBRHhcft7oCJQXME8tqGaheCGvB5Fy
  Recipient: 3DTEw4wsyEvKBh1u3v2NKtcBmLwz8iJYieuDeSbjyRQP
  Recipient associated token account: EsrZuzwqNKGn22eVwrP2pMLwGKVckRCaEwTFUcog2dXY
  Funding recipient: EsrZuzwqNKGn22eVwrP2pMLwGKVckRCaEwTFUcog2dXY (0.00203928 SOL)

Signature: 4yz62Gd27kQRps3fsnHEU9XVNzzViJPyVEVNGbmbzNqKyfUMuyMpCziDvnYuvZTNoU96gtxJTT9mey7qiQh7RGM7

Transfer 1 tokens
  Sender: HVC1aQuFy6nyubhaJbDugWMuXkj6YZiKMVtfSXg9TZc1
  Recipient: AHFYN2pv4iPG4wGMTjfFXdXQjPTXMxBdLHvEDCBKqaBk
  Recipient associated token account: sKHrTVyMWNMjEddnMG8aLXuGzFK84tqiJmwwU25VZ1s
  Funding recipient: sKHrTVyMWNMjEddnMG8aLXuGzFK84tqiJmwwU25VZ1s (0.00203928 SOL)

Signature: wzNaiKWK9TJoMEPbRa79nBkNt6DcYsPd9BmZDdgRVk1VRLLcGrcS5QAkifnBvgL8LDSTjPCCnRjov6Jwz748wmw

Transfer 1 tokens
  Sender: FeHvjhDTLMDYf235HesrsMTqvVb2bZHpvhkyhhwqSed1
  Recipient: AXXRH6NVXjUNxi6GvVWV4Pp6q7k9xkqeqHhRx8sW41TX
  Recipient associated token account: 5KW9ob6ckM9PfxRsRZzMWap3FNKKtRpg9ePQC2JcHh2s
  Funding recipient: 5KW9ob6ckM9PfxRsRZzMWap3FNKKtRpg9ePQC2JcHh2s (0.00203928 SOL)

Signature: 3XUHc3Bg4vsXBkV4D3ErUBXhvyJ9rAuREBN1CxdVGHbVsQhWZcE7XtEXt3qiyFs1r5cnupTnkYWagVBCfHBUJXYq

Transfer 1 tokens
  Sender: JE8dGVgVn7J4ek53sS333CkuwXXxhRJkr9UW8nP1NsiG
  Recipient: 5DF9ibux2JKwJtPMio46KtRBmbC8UozW7tdunwRpgTCm
  Recipient associated token account: D5wkxCJATGd9henfzVbjbaFzTiYUzrWhD6QgJ4vLDZ4y
  Funding recipient: D5wkxCJATGd9henfzVbjbaFzTiYUzrWhD6QgJ4vLDZ4y (0.00203928 SOL)

Signature: jRZbTgW5rpxNrH9ikyjHYCpc5scQ6cGzh47fKQbjsesAenrYNUSX69nVhsYpZAqhGjcc8xP8aCpCZNzttnC7fp9

Transfer 1 tokens
  Sender: 6S1hsxWaqdqXbdtd3a9qnR3ZkgCeLDn7sqt2dUd2CKxB
  Recipient: Bt2JzU38jdEfQJB5DGx5JgamK5rg88F2DGDiFjZJEN3z
  Recipient associated token account: GoKYvGRzWzM4PgB1a2p8pgEV3B9TyMDuAUAr4ozX5cdb
  Funding recipient: GoKYvGRzWzM4PgB1a2p8pgEV3B9TyMDuAUAr4ozX5cdb (0.00203928 SOL)

Signature: 5QGUX46fqiHGVzicrLuqw8jyxUHAuw5kXccAean8A5mTLjUKHc1mZ462UY49CiPw7bgYP5pTQNKDc5fZ6sf5vjXL

Transfer 1 tokens
  Sender: 3chaidK1r8L5g8aYyzpJevNLWLHHSeTQZ7UDbgpwGgfn
  Recipient: 6dSb5S6UeiXA75An9ZU9wsSphJGjF8KcoaNSAe5CdGAJ
  Recipient associated token account: DjM8b5U3XDRw1fqtXThzxmojN341jqcVKN3iSzEMEoAL
  Funding recipient: DjM8b5U3XDRw1fqtXThzxmojN341jqcVKN3iSzEMEoAL (0.00203928 SOL)

Signature: 2y7Zgr4LWWUGhX1TBBc7QFE6K6DZWMF1EDW5V1opP5TnqvzZ2WX2fJ9oacouUw9LZngHkuRUtq25Aumxh276Vu5S

Transfer 1 tokens
  Sender: 2NeRT1UPBZd5zA1wQx5NxpcWyjSA8P4z2iF5PGcNrbrC
  Recipient: AqwcN2rVLNx6Qx4tp4rxgtFPsXMrE7QWRbD72BbeApjb
  Recipient associated token account: 5vPtVtcgudJ9XmVu7mbN3sucntrrdzSs9uvqTv3CTdrT
  Funding recipient: 5vPtVtcgudJ9XmVu7mbN3sucntrrdzSs9uvqTv3CTdrT (0.00203928 SOL)

Signature: 26R9jcnp9KgKt6UgyaWKYeu9A7XTvdrL8iNznc8q3zxo1Ub9f4XGJVfHx6pebhZJJnBAJBSbQi677R5xxAuL3LW5

Transfer 1 tokens
  Sender: 2EckwHjZy8AyWDqp8yauHXX6vBFUomCUiMzQHQcb2hFg
  Recipient: AEUto3eFWHLAmmVRq3Vo2fmHXwte525jQGG6D7pN4RRd
  Recipient associated token account: GWNNQAWfo6UETkU1Jxuh7esRKjMLYWYu1EnxCEsjtFjb
  Funding recipient: GWNNQAWfo6UETkU1Jxuh7esRKjMLYWYu1EnxCEsjtFjb (0.00203928 SOL)

Signature: 3Y9YKfGdNNKjbftY7tFnpooWHyAE5wAtaRvQghPggPW9AJAGKx7v3QiVPVdP9NARJKuhH2ZrQfrpExBVvuZrDh59

Transfer 1 tokens
  Sender: GPAYCYuYb2PzyLVJNcSicKBagycuPmfXzuLvorXgKYv6
  Recipient: dzDXojNy77xvEtkWnSYPGTB3VCVfGPGJomqVdvuPvHE
  Recipient associated token account: 41bV5Mke1EqSuAN1NV1F2cjmw7Uz1HXd1BNR8vzLtMWj
  Funding recipient: 41bV5Mke1EqSuAN1NV1F2cjmw7Uz1HXd1BNR8vzLtMWj (0.00203928 SOL)

Signature: 2WWSTDVuBXT2nKFFR6zJUgBLWLMWQE69UN8YxF4KSTCv9D8KSey8FGUoqfqcQVVHkKvtujMnDQcktANqMuRKSJah

Transfer 1 tokens
  Sender: 2FjrcyvvPGJgknvkApaZTTnHPx9fmzXsjLC4d3g8xHXa
  Recipient: CkZs4ZwvSbcCC8NViM5AyVRPPatDMC1BDe6vfa9e22yp
  Recipient associated token account: H5LCFW5mf6Ut3qmnFrcYNChttGY7Y4Y2ytRR55waqfwt
  Funding recipient: H5LCFW5mf6Ut3qmnFrcYNChttGY7Y4Y2ytRR55waqfwt (0.00203928 SOL)

Signature: 32dupbFQTARjrZF53SpEEUykkGHz5vDwxWLmgWotYxooXVvZ9g5qTBwieCQA65WtBgPkrtDc665zLAywMNxCk19p

Transfer 1 tokens
  Sender: CYJgWW3hEo3sEp22avkCbQb7Mp1fu52d4yHXvTwSQjfa
  Recipient: GoxGkexK6LyC3DZrqDuyuDRm8tvkmAiWtLUffeJ3xCHf
  Recipient associated token account: ASSnvLtE5sEZAaM5XMN9LFNMYRCNHG3nAxbywsKXZw3p
  Funding recipient: ASSnvLtE5sEZAaM5XMN9LFNMYRCNHG3nAxbywsKXZw3p (0.00203928 SOL)

Signature: 4z5iG2G937EAFAaJ1xQRczKECXL4NJM7gNKY2pSERE2MKg17Loi2P1TmDqDZHpKCjpJRdyfFZJvCDiRU1eocSu3k

Transfer 1 tokens
  Sender: Ff782m16XcdncHzZg8P2wutCEYiHc2PoLVDh4NThEZL6
  Recipient: EyJgdzad47ZKM7fVWe5UhKdszkUeDaEXmXypNXYixggw
  Recipient associated token account: CRkMqHvfRRNUGP85uvjmBXwyfb5CoQTovrnSwVUBBgeT
  Funding recipient: CRkMqHvfRRNUGP85uvjmBXwyfb5CoQTovrnSwVUBBgeT (0.00203928 SOL)

Signature: 3BgHBnph9M5YKossPtJPjyARvDYzjYUtvf4Y9XbnkHQ5ab36es3xb4whtq9aACp6cvsfssTQDyhtA8xbVPfBYc71

Transfer 1 tokens
  Sender: C41hzYBkFYNj8gMMo6fAZVgazV9bR5YrvnU7abBYAYCJ
  Recipient: EhLMtwdB3gSM68fesxbiNiXVHdpAvioTCq2f6sgjKNGB
  Recipient associated token account: 4pXYytTLqu2aTYkxwEJ1fMwz6Pn93JwTFhvNx6kUNnXX
  Funding recipient: 4pXYytTLqu2aTYkxwEJ1fMwz6Pn93JwTFhvNx6kUNnXX (0.00203928 SOL)

Signature: 3eqQ5REWPKVfftWu3WQEHkx1PaFuNDBbkYDDhh9Qki9FsK36FWBGeswbKUzjUqKmoz3iHeia4n69jwbjqezFwDU9

Transfer 1 tokens
  Sender: 5w177AxQvchG2jsXtNXtXsGQXoNGqt39ZezBZXRg5T3Q
  Recipient: 4DdRYAD84KyT7tMhfXxTWqKW1Mou75BuNFBj2i4oHvDi
  Recipient associated token account: 4n46oAQJvbkmhebAwAxjBKeMdvRNo3wi4htwfUhuFCvP
  Funding recipient: 4n46oAQJvbkmhebAwAxjBKeMdvRNo3wi4htwfUhuFCvP (0.00203928 SOL)

Signature: 2cceYR1cLbsAfPLSw8inBYHtDjAMBPBmDPe6ir2qN1q3LMaMcX1W9t8x6jAUFKZtzejqdgEse8n4fZwLm4cfhHLv

Transfer 1 tokens
  Sender: Cd8SjxKox9vgk66mR3K2oYJFQKAhLqZfSm9jydBGtHz
  Recipient: BnzZgzLSLhnjm2yydueqEuMft8LJYYQKyxyoywqHBMfA
  Recipient associated token account: 62QVrB4KKywFFRXUo1aig9Lp4R5N5fHXdu5kpKZQvTzZ
  Funding recipient: 62QVrB4KKywFFRXUo1aig9Lp4R5N5fHXdu5kpKZQvTzZ (0.00203928 SOL)

Signature: 5pV9UF3PDJsXuSagvspGG7DrSx7DuJG3Bu16oaL6V6mtwus5PB5f9qF6sdaKZTD1MaKuS4681HXtcV64knSgZu9H

Transfer 1 tokens
  Sender: DrUAjAdEdobp7NWPxgjchf7Bbgib1fYUGzY4NpAZCJW9
  Recipient: 2Knz5oKP4VsjF9PkA7WCyZWZsBig6zZMcp9FH6aRLwjP
  Recipient associated token account: 3hYJNzMW1E434edSmcX1ZG3CzeKYgqDsbLZ1fubBBnS1
  Funding recipient: 3hYJNzMW1E434edSmcX1ZG3CzeKYgqDsbLZ1fubBBnS1 (0.00203928 SOL)

Signature: 3sno3i5ABeDQA578bjQ9trLbt5Uqjtu4JhsBh7Cf1r2793cdHNHzdnqfnbL6KJNGypY1jnkrYkdGwxL3rLkBS8sF

Transfer 1 tokens
  Sender: EwvirfgiS5gwpLc37RuU5E3RDVmf25kv5GWjbH4cPJfX
  Recipient: BgzrMG1JjLGKH6aVgjqeK9myAEjDstMEPBE6MKHoy5hA
  Recipient associated token account: 7Kkb9CAk4WBTrvKkYswp674EMW2YZu4qXGqAapJCY1bw
  Funding recipient: 7Kkb9CAk4WBTrvKkYswp674EMW2YZu4qXGqAapJCY1bw (0.00203928 SOL)

Signature: 4ijUDGoH5g9xpxy1F1f8h43vmQEyrM65zVNk5HfD2RrvK9gs36QZPWwSsMrnDYGsL6MHRbvwDcJwHnPLM8gHwv1A

Transfer 1 tokens
  Sender: 8mfwRnfBJbxehJbFToFGrnra8yQypL1Tsv2E7XuTAwCT
  Recipient: 6ykYU3fWNQnoNunJKDLSVSZWCMPoajoE8EVNzKCYs9qT
  Recipient associated token account: 7Quw1FBuHrM55Cn6ZDDh1iXotaiHR83yCFvyw6MhWTga
  Funding recipient: 7Quw1FBuHrM55Cn6ZDDh1iXotaiHR83yCFvyw6MhWTga (0.00203928 SOL)

Signature: 5SGQwPJEXSBGAhHEvgg3WWUuBAQDu2HMSU2BQdAGLwpWkUNHd3GS5J6N2Q3HKNyBLTHQYdns4L8v9oX4qmJ2cowr

Transfer 1 tokens
  Sender: 5W38AjRKfep1YMnJiQceK5ns1oCCtKpZQKHsS5WkCMw7
  Recipient: 9ZSG782ComhZPHe8AxXDP9VGLAuAJ8cwjoyf8iJXTL5a
  Recipient associated token account: H1ZefKPs6FrhjQ1uynVQqaHifmiyBqTn7LW3BVuLcGcz
  Funding recipient: H1ZefKPs6FrhjQ1uynVQqaHifmiyBqTn7LW3BVuLcGcz (0.00203928 SOL)

Signature: 2B4pAJVMx6Q6bKZt2gzvqAm1qnA3Jhc42Qk6XZrgkJ98jbPp7LMPNVtTAyQP3vdb9xmhxuuWCv7gPLqWv8GNb4wR

Transfer 1 tokens
  Sender: 64V3aYCGJSCc6z51EDyqyVVk9GvevKnMKWN6B8RxZBck
  Recipient: CKMDD7Xp4pBztCG5G2utc3kXvFqPJ17HMDPUwhLiHzhM
  Recipient associated token account: BG3ZTjewysSaWYpdEH7M7TVdbiJkxzPNUgVwzXdTQ8uW
  Funding recipient: BG3ZTjewysSaWYpdEH7M7TVdbiJkxzPNUgVwzXdTQ8uW (0.00203928 SOL)

Signature: 2Ht2Rg9YpR7gh7LbDseWN3DxxKseKRN4bVAFWtU529A77XCi5qXKG1A3ahP5aNEgcHK744L3QKdHdU7uXZCS5wFr

