Transfer 1 tokens
  Sender: E4ybN2SAgg1yvhUAJxyVWmeVuajJypmNvrmfYHedgAbx
  Recipient: 5kvQv2cRxzcgFpNqcAzFAYcMTns8uKXcXZtEpi8ztMxn
  Recipient associated token account: 3D7R39mb4xcA3wRibXQHDKjnPMnxDFyDQ4UvQY8DZdve
  Funding recipient: 3D7R39mb4xcA3wRibXQHDKjnPMnxDFyDQ4UvQY8DZdve (0.00203928 SOL)

Signature: 2PxLVMUTQuNDuoSnKHLqT6LxaWVD1mzkUUgFcFahQwiaP44zPyyo6moHXjaraRBLdpJurJFeuRLAPykc1xUf5gkk

Transfer 1 tokens
  Sender: 5mzrT5LFCLTNaWaTmuQCZeeKTvJ4GYt9aJ39NscXKfH
  Recipient: 8w8zNnvPHSoUJN2HJibCPvZePAtuPATo891ZzPEA4Yik
  Recipient associated token account: CC8Tw8xpFQ2UNHnG3ezuvY5WsdRU5he6V9PUcEqSyVxH
  Funding recipient: CC8Tw8xpFQ2UNHnG3ezuvY5WsdRU5he6V9PUcEqSyVxH (0.00203928 SOL)

Signature: 1NUrmgJCUL1JatFcvYHw7XZLDwJrU7HQbjSWNLKKM6UamKGMjYbT5bYYciVUJiwDASFJXuqV9F7c2asVq759nVM

Transfer 1 tokens
  Sender: EhrcRHqVHivaadwCnpGmQnZLU3zP5VWy9oGoNLLXBYLr
  Recipient: FirPCEA8hr7KvrnWLT4Poc7gHmfY7QYrBBhmqgN7ndpd
  Recipient associated token account: G4kZbX1CT1j3bU7PKgsuiix2KePrujwbHCda8dPUL67R
  Funding recipient: G4kZbX1CT1j3bU7PKgsuiix2KePrujwbHCda8dPUL67R (0.00203928 SOL)

Signature: 4HwcDYrr4RA7euNgH1YkXwKzsRFSPcXAUXZg1JTLwAQbnCTgAFoG9oxrwvjNRNSPcfsd4pJ3vF6yCzNVk7QqSnif

Transfer 1 tokens
  Sender: 7gD5VZuE1MU3REvuMot4adkvqYTKw9usVjUpjuAdohjm
  Recipient: 6ykYU3fWNQnoNunJKDLSVSZWCMPoajoE8EVNzKCYs9qT
  Recipient associated token account: 2aQBnT2XMd8KjvFpRUmZ9DBspCMUJqWM79TQmXxscSaj
  Funding recipient: 2aQBnT2XMd8KjvFpRUmZ9DBspCMUJqWM79TQmXxscSaj (0.00203928 SOL)

Signature: 59JSREcjDEcNVE3qdMhyWxM5ukuajFM1JxryZCUygwSCkaoB6gh2i7qpfMBStAyqWhNsP1oZgt3AaNsJ3YbsKF5y

Transfer 1 tokens
  Sender: ERMSyZ5U1ErbFeg45kbzWEfk9mScMszXsW4KYZw47yA1
  Recipient: SKULLV13rVNhZadHCZA2SMRafy6fYRvB6weKEQj3JYY
  Recipient associated token account: GB5ubqMaMnSUwkUfNzGJzj6SU3LN2oonNoYFXGnpJfaE
  Funding recipient: GB5ubqMaMnSUwkUfNzGJzj6SU3LN2oonNoYFXGnpJfaE (0.00203928 SOL)

Signature: 2WVfjw3rbqyMxkfUKmazpJMYqqKNQCQi6aXgvVK3dnsiCj9aYeB7B3Twtqa34GvhBBTJxT31iG24TeTmd5Xt3xJv

Transfer 1 tokens
  Sender: Gtyz8TDX1AqG6eyk7wsQvK2CsJVxJfhYtsqb3JHhCA5i
  Recipient: D19N9udTVk5VujnBcmki6DTQMnRJCcZYs6yB5w3zk9HS
  Recipient associated token account: 9HyhjeH7zoXWnjkTWwCpbcfRLRhK4LwtGGdi3nN8sYLu
  Funding recipient: 9HyhjeH7zoXWnjkTWwCpbcfRLRhK4LwtGGdi3nN8sYLu (0.00203928 SOL)

Signature: 5TTKGPYr8CSdpstiHyVP3nKMvNKFUi7VG36LCx1AsEDh5CN1EjktwxaHwVLvBFJ3yW4JNnSZCVJXpncKp5ThLviN

Transfer 1 tokens
  Sender: H4RaWAYtQ1SNR5gNEg4Cxgmt5UWeeGZa1NVZcG26j4cA
  Recipient: 3TfeWajoRx5QAVPJZewyc4fV7XA5KZWJfg8zgCfATQ31
  Recipient associated token account: 7MWEoLqMV1hPrCEwznoh9SNBYQ53HwfEwn3u2DMiApcq
  Funding recipient: 7MWEoLqMV1hPrCEwznoh9SNBYQ53HwfEwn3u2DMiApcq (0.00203928 SOL)

Signature: 5pPVemmxQBqkDebDX15DaALtXLe9iBCqKHhJ327xWhLSdKE4eqBtykszSxhqQFrstn9U5jpJRM7hd5zstwdbANEX

Transfer 1 tokens
  Sender: 8FYnKF87tkzjdmuKbpijpszE1YdGmKvCkb3wANFMfoXu
  Recipient: 2eBBNzw7DeWuYfWhPVGanm7VyYogiWKjSRcAHhcDFSMd
  Recipient associated token account: H6u4qASw5zukbGe7AtJeiDgMYUr4gWmr4dTBTiPqNpvC
  Funding recipient: H6u4qASw5zukbGe7AtJeiDgMYUr4gWmr4dTBTiPqNpvC (0.00203928 SOL)

Signature: 2nWeuk1zpKELiNRriRsZP3Pcxdi8EYnuSUcZXkYqfMb3xuE526FbZ8kWCiP62rJQXCEdajiW5F2UP5V7arBKDa72

Transfer 1 tokens
  Sender: FphrWzW6QqX2u6CpoKPuDcMLnFy7XuBemsVcCWZSPgeJ
  Recipient: Fp97htUt2k5JTcPvD7hy1MdggQZHr1oHtmHZ4jUqTZh2
  Recipient associated token account: CTzMHvrP1X74KsANEvrUndrkuqDYqM849mSNe4ny36SA
  Funding recipient: CTzMHvrP1X74KsANEvrUndrkuqDYqM849mSNe4ny36SA (0.00203928 SOL)

Signature: 4KM1MKrhRowHKyi2KioxQk5JLCjWLY3dLGh1aB5yRkaUGh4288e17GX9D8uU8bwzajBKkLAF5KoPG3MtLa51qGhN

Transfer 1 tokens
  Sender: 8XjCMPDKi5sPYnkvt7hfx2RowKDLfA4VFJY8Dr1fJK9s
  Recipient: 23XNgo4x5FwiQbN4TV7MZ4ssDgQ398vrpkfD8F3S8KTj
  Recipient associated token account: 9pLcmhJzstyqQjUUPT9zpiHFcQV65qf4LGLSsW4bVXHZ
  Funding recipient: 9pLcmhJzstyqQjUUPT9zpiHFcQV65qf4LGLSsW4bVXHZ (0.00203928 SOL)

Signature: fy9W6iBe7LErK4wHfoFcJbpyJZarjs4S7EAwqkUJXGchyPFGzg2qUfS5QbS4cTzcBHYNZ6N2Rfb7uknfCEP4iRM

Transfer 1 tokens
  Sender: A5aG7xdTuLvqBBr5DFBQc82huMMSyTBmYmQx5rndjJpL
  Recipient: PNUazbVrdxgkHu9s864orN2nPAD7P6LbdMbCbgLUBki
  Recipient associated token account: 49RwjJyixPpdjyRXzRfYrngUDocw1wZP7MCeKegsS7vK
  Funding recipient: 49RwjJyixPpdjyRXzRfYrngUDocw1wZP7MCeKegsS7vK (0.00203928 SOL)

Signature: 51o9xzdqATVUPA8ji4BTLWwPEn3LkCBn9txFYUEmeJYuFrBVcJTWJvsniaubiunsJhdJ6ydtSgH9PesZ2PKTeZkh

Transfer 1 tokens
  Sender: 9vEyeRxPr5KTVdPUmtRE9pQN8WavQHX4AUstTxrbRe7V
  Recipient: FaJyyFuhWWngjU31Px8z1h1hnowj3hXCDnvFXuLfVtGU
  Recipient associated token account: 74sEYqTXd12VH8DR1wDoymAUtmfqqs2ZAdak85St8b7e
  Funding recipient: 74sEYqTXd12VH8DR1wDoymAUtmfqqs2ZAdak85St8b7e (0.00203928 SOL)

Signature: 4zFDXv2sUKd4L1uza9wrB1UgSzz27oGPmh6PT31xx3MouMZaGW95sLzJTux6wJS29Rwc4zYF3yDQPsWuf2pfb4nK

Transfer 1 tokens
  Sender: H2PvDBSvToPfqat9e5DBQy6TBaJ889J83USoJkmoSMNV
  Recipient: kbtxDFxdfY4NxQ9kNAuXFJ2GuAZE95dCXQw7yeb9q11
  Recipient associated token account: 8c9LJQbx6ymtvb6Mz1RXXR348Aj4wdi6hCxCCB7NziDz
  Funding recipient: 8c9LJQbx6ymtvb6Mz1RXXR348Aj4wdi6hCxCCB7NziDz (0.00203928 SOL)

Signature: 53uKMsKYUwXUU8ThQ6hsKXEuFkAHkKHkdpY7j5udkLChWCAB9FoJ7QD1A1jnNKyiL6r9PZkFfq7MafiqzzYnaJVo

Transfer 1 tokens
  Sender: G9UkNsftGoynBTeREvfrEqSLXX1wzB6BvXXyp8pRuuJV
  Recipient: 7sci5xhxoUKaqHUykdwZsyJcsBCrHDEPr688F5oHPQTz
  Recipient associated token account: K9D3TYygr6W2ony5PU4mv2R7iusY4W5m91WHTLszYAz
  Funding recipient: K9D3TYygr6W2ony5PU4mv2R7iusY4W5m91WHTLszYAz (0.00203928 SOL)

Signature: 5eRfvTiGwc88oL2Y6RmZ52jmvGUSB4urJbJMPaxqpz41qVYRMQFexmJ7uhLB9GdwJHkbwypX2w8aDS2w6AZ126LQ

Transfer 1 tokens
  Sender: x8zwgKk1Xaby7GPdE1fcBjy57RHC2RdG5afRkUgHFWh
  Recipient: 9eoipVxy48npF4twDmJMnykWyo8ouwcHGFuZ9b8vqhqW
  Recipient associated token account: 3MxAJfg2VJ4pPoKZV1Z1xqgSGDbtQKx2G81VfkDNwdkc
  Funding recipient: 3MxAJfg2VJ4pPoKZV1Z1xqgSGDbtQKx2G81VfkDNwdkc (0.00203928 SOL)

Signature: 5wgNBsbmSaK4ZBZ2ZxJQ1VkyKeDpMAbnu2A5hQ2WCAkmPujwMUWyM349CW9tJwHHNdZYiCwnjoTmbmyp1H323ijg

Transfer 1 tokens
  Sender: 9ER2L4v9TqUsxRKmv2yGLYiLnWkZ19x633jVkCh6uWZ4
  Recipient: 6cxR31FgTSxgnnS2cdsjhpbzyzYhpdJVTrxdHmnM3uBw
  Recipient associated token account: 7vXxnMYR5DpxZ48bdaJo41v14Gjm8V3huaZGSYYSAy8Q
  Funding recipient: 7vXxnMYR5DpxZ48bdaJo41v14Gjm8V3huaZGSYYSAy8Q (0.00203928 SOL)

Signature: 3xU8kKARJU8py3S8q75GCY4oLM9U9FUdrRoximmEeMNkpwsNgyJnGRHpLdEj2gRejLfqhuvtQ3ETrU8LJLZsoeZ4

Transfer 1 tokens
  Sender: 3zpTSDgFHGgtCjJVueWSzJo8XQuWX1ZdrQ2F7g4aBrby
  Recipient: 7ZCbVwoYHuNNxbm3MjRWeuj8a6orNjjnFfLyLvva6Thw
  Recipient associated token account: 7UA2toMAXezF7PqnKiJAu8xWXmjtjVyYvdEW5VBWpCNT
  Funding recipient: 7UA2toMAXezF7PqnKiJAu8xWXmjtjVyYvdEW5VBWpCNT (0.00203928 SOL)

Signature: 5yLMzixJMwXJdDx9nixvVz27YUJwkLtkMfcnaJA2hSu3GTAKW7mEm8BkmNhVyMMpUQ6BLqogbCpXHMPPYLZtVjFW

Transfer 1 tokens
  Sender: Fx7zUTKG4EALHfgQXUQqrRbPAhiVbgjM8nAtfL7DwMno
  Recipient: HCHbmzniCWVBFMNA6sZJrdb9BN52oaWT9JQhvND274Bh
  Recipient associated token account: Ebr3BEpBpEktNLoxCe1CgHPwjmSpx21XQWosxHQCAA9Q
  Funding recipient: Ebr3BEpBpEktNLoxCe1CgHPwjmSpx21XQWosxHQCAA9Q (0.00203928 SOL)

Signature: 2HRbiGAvxMa5cxtBaxXHdVALVYVJs8fyC1LNQgkU2zPcLeDudKFtCvnZ7gFXHHFHRaGgqos7GRceEA6L3LEwmh2L

Transfer 1 tokens
  Sender: 444n4FByhrrNZLLjWKdRq5jm929QseYHmrWSwvkZ6D8h
  Recipient: 3fZ1iKKmHJECq3zhjjQgXP1ckTWrTcjqgXxs7gyvsTWc
  Recipient associated token account: AdGvHQpmPUqxr4WhWuByaa9BNPGeyZzREiDdicQAYjWA
  Funding recipient: AdGvHQpmPUqxr4WhWuByaa9BNPGeyZzREiDdicQAYjWA (0.00203928 SOL)

Signature: 4xq9bTPhvnB67JqChiGVuVY4F4ZNxZi3QX9p32Yyeq6MdnEvQQS7Jre81k7vKonjfmZ6sXoSFBTH8i4w2SEhpZpb

Transfer 1 tokens
  Sender: J1859c2e9F3VoVsd3T1qdfgtwcX9oVMWj3bAwhCmZhQh
  Recipient: HXFgN8vLD3sa9BMSZrisHWMzpf3sxK5wBWANWE6mt9FF
  Recipient associated token account: 8EiW1YStcVNKAPcHLQDNSTQfghCq2q1G1dGN2j52Hsnj
  Funding recipient: 8EiW1YStcVNKAPcHLQDNSTQfghCq2q1G1dGN2j52Hsnj (0.00203928 SOL)

Signature: 2UXpBXjgRZaeDxsGTeS1UqB3WjLUyzi8ekvsdsw16DtctHWKbSVXeRpNA6PRARMRxa12aRBv9hZYXJ4BUQTxqsaU

Transfer 1 tokens
  Sender: EVm3RPeDeibVqCj7uv2ev9eUZVqB8sc1EKXNrWRKqg8x
  Recipient: GfHLcxKgYQAgTNAxWqvDHy6NB6BTzyneT9Nkq5krLwAY
  Recipient associated token account: HJEy3s5bjBkXNQr1LzECuu9WKwXNhATaZdTrAFRZR9tL
  Funding recipient: HJEy3s5bjBkXNQr1LzECuu9WKwXNhATaZdTrAFRZR9tL (0.00203928 SOL)

Signature: 5cxHyPqwdMJd3n4uYVUebTADaztsBRAgXLcNsVFd9pmyRYAx8rTw4JdTwTBb48rtmjwRsXz9sbxh8qPUpUTE76gz

Transfer 1 tokens
  Sender: 8riCYyjWLFKuWCn752yo5WSwQrgPiKVCTySBxftHssU5
  Recipient: 51oET2dy4vCmZ1JMGYR9hbsvsLng1vcLD6z2AZp1uq1j
  Recipient associated token account: 8bdYxmgUK12pdNVmF47576WkGAutDSBYm5GAAem2yyCW
  Funding recipient: 8bdYxmgUK12pdNVmF47576WkGAutDSBYm5GAAem2yyCW (0.00203928 SOL)

Signature: 4coyMc1vipEhf2uMeWph6MJozUPDWYejh5SdHzL6NYzus1Qc5soKgbKwJ57SKGzcRvPaCRPM2WkE6hp4DQqR4UeV

Transfer 1 tokens
  Sender: BxaCTemnsUYCJNQWEL3eDZcWDkirZvfHdoSSTNhG2TmP
  Recipient: HAzL8AWL8EPEBNyVojJt4t3hsAz3qgyaRZ4Rm2tEaqf
  Recipient associated token account: CSasSwyaeT791ZHsbgLsEDgQ4HcbasXo8BNnL92sFNb3
  Funding recipient: CSasSwyaeT791ZHsbgLsEDgQ4HcbasXo8BNnL92sFNb3 (0.00203928 SOL)

Signature: JZG2Qi97LYU3q39zeE7EM8SG8PW6dQWhDrouDib6QJtUU1WKs7NfRAhy51roJvUxYvvKrX5kweuDSbme6o2KiuW

Transfer 1 tokens
  Sender: BwdDuMHR9UFd7GbvzHfxXDtmND4V4yMkmSsjgfuWVvvW
  Recipient: 51oET2dy4vCmZ1JMGYR9hbsvsLng1vcLD6z2AZp1uq1j
  Recipient associated token account: 9EacXuP4FbAdTnhKfxbSNRSXNccGtEm4dHc3bn7mMVmW
  Funding recipient: 9EacXuP4FbAdTnhKfxbSNRSXNccGtEm4dHc3bn7mMVmW (0.00203928 SOL)

Signature: 3mpiVBMQtb1kPRD8UFzJJYMeCBJ2ZYMEaeENbX56Aj7BwU5qsDPuKsTVCxopmK9V2WfSXVo9DvXb4WSQRa3nSk4N

Transfer 1 tokens
  Sender: 5nqA8L5SRfBvdYYTRjMTuGJbCZXjJLuqxumTd68PhJdM
  Recipient: CWiXLx6juMmaq33BPXGJ1k2DPqzfDyCQWoAsUUe83CqP
  Recipient associated token account: 2MA9m34TKDW7w4d73JSXXJuv6KG5X2isTBPSdofSt2u5
  Funding recipient: 2MA9m34TKDW7w4d73JSXXJuv6KG5X2isTBPSdofSt2u5 (0.00203928 SOL)

Signature: 2Gw15XE9mwmzbuNu8rTKFoLUX7FkyPpwDzgfcKxszsFcAEYkwyDEmKXSTBeFLaL4Sg2ZgPYp1DKfpvh46t2wboqX

Transfer 1 tokens
  Sender: 5XuGdMDZbrGE2cgxmWXZCXm9sJ4qtveg1vBrkgUkHuPi
  Recipient: FpjcR5LnWuP3eqHLaGScwZnKEMNrkik5aWUJgJruz7JU
  Recipient associated token account: 8UQofxyEpm7g9BGQ874mTxcJWJ124zMasA5ihvz4aF6Q
  Funding recipient: 8UQofxyEpm7g9BGQ874mTxcJWJ124zMasA5ihvz4aF6Q (0.00203928 SOL)

Signature: 2h3tV2vk4ShRzH8z5dyPCkhrxBAP94B68xBpHYXzgMaxKVKtqhRG5G7bcZ7hbg2aDCxFnW14fR5dDYTuhe6YdmJF

Transfer 1 tokens
  Sender: Aqp4NMQhtfDe5VccaMxq4MaxHg6Lq7W512yTeCwGuQVK
  Recipient: 7E36DbGMm5eN5Vnt1xZCrGh76XMiD8vgvftQSrXzJz6X
  Recipient associated token account: FX2oGh2PjbrW78sxdeFAFftg2WxobfhcDmb7uzZrr8vN
  Funding recipient: FX2oGh2PjbrW78sxdeFAFftg2WxobfhcDmb7uzZrr8vN (0.00203928 SOL)

Signature: 21sJxcdr1bSi8TDNAXoiyhQwk5CEuGT57op1qRGoRzqsBP6KPPQATrWacm1Bt9yXSkQWB2aDxrnMiZ78b19jApG6

Transfer 1 tokens
  Sender: EUoCNzCRG1a7A3643msTpVP4PCc1SYt6GRUcsaQWY8fM
  Recipient: BgzrMG1JjLGKH6aVgjqeK9myAEjDstMEPBE6MKHoy5hA
  Recipient associated token account: FjLNuvFZAwxNRXqMJbcqcSCP8ZZnCdmZwAjQEG6VJurw
  Funding recipient: FjLNuvFZAwxNRXqMJbcqcSCP8ZZnCdmZwAjQEG6VJurw (0.00203928 SOL)

Signature: 4mxHArzxf796HnT7QTcy5WpzbZYpC33HMoSRNUDdYXpd1rq4qYFysyKFs6Gg485QgBFK6RnMZoREG3bQzGdsDDRc

Transfer 1 tokens
  Sender: 9nryAAb6YJCqbNxJMAc5QSt5jgjJ1whvRuaZb88Khhuc
  Recipient: 7tMyU22ViPrhY14fy31bSmTsQK6rwc9q3Zbq2u5RkZis
  Recipient associated token account: 72utBQA7MGPD1n2GBSd5HRr1sb77TPjEtoBNx5dxeUPB
  Funding recipient: 72utBQA7MGPD1n2GBSd5HRr1sb77TPjEtoBNx5dxeUPB (0.00203928 SOL)

Signature: 2pLqDXgsHNY6eiL8VNyave7uwKKMRQbWsbeJ9PqFLCymnXBqFoTZFphoaayuzHNkAyK26p69YwaFfSfw2opGGGrg

Transfer 1 tokens
  Sender: 4ipeL9HkDJ64NoKtu6kmgmApMNPYur867DqD2SmB7J4M
  Recipient: EuRZctGgW49y8R9CJdBcicdtV2xHrEDcXGkBoQPbazBQ
  Recipient associated token account: 2s2ekSz8sfWzxRSVsN2VwMsEuom51fGWKMQoxqoThB4Q
  Funding recipient: 2s2ekSz8sfWzxRSVsN2VwMsEuom51fGWKMQoxqoThB4Q (0.00203928 SOL)

Signature: 4Dy6zcuLMzjzBz6KSiopgavcxL14YRGeiqqCYVP4p8r8b81nU3PR464HFr3mawtm4R4b1gE74LNespmNcboMtyrT

Transfer 1 tokens
  Sender: 9HKnAzvaNRZfshpBaFMFpdH7d5ogmzjjwrwMqp1ouFvf
  Recipient: GWqPacdCUUUEPT9EutHEUauKNizh6tAxqyv7Nx7s2BqD
  Recipient associated token account: 4FkRQxgeavT4eraKFJcj5TJYiei5DBD9E4TM49WLdatW
  Funding recipient: 4FkRQxgeavT4eraKFJcj5TJYiei5DBD9E4TM49WLdatW (0.00203928 SOL)

Signature: 2X3HHMCkzCHWbyJJbokZ2jPfKBdRFD61KVSRBkYirm1gLcaPYT61obSthKA3bzQBCcmYnRyLBmf2AzbgSB8a7hJt

Transfer 1 tokens
  Sender: HNh7embqGWTGsrHt8S56qT7P5MNnXGqWWt6gbwZi1GiB
  Recipient: 3ATQ3P9vckgQYAwUZc3hLq7Zg1X7KaWoM57Tb2c2HW13
  Recipient associated token account: 6Sas9yLTcrUGXDxSkEuzEAzrp7EzUVaGRrX9y4s8F4JP
  Funding recipient: 6Sas9yLTcrUGXDxSkEuzEAzrp7EzUVaGRrX9y4s8F4JP (0.00203928 SOL)

Signature: 38chGenSggSw7BgT1niGqf4FGiAQy8WVpwpK9MYhqoQ3YaK7evercHDer9fussQG89UJQCCHphfun6CTyxLSp9BQ

Transfer 1 tokens
  Sender: EENaV5tZLMrjVR76dM6o8tmDX93x8za8vDcsn82G1Dsm
  Recipient: AcTz4LZcyNYapAKzSE7tuhU8PcvcaRSeMskQYNQzEagW
  Recipient associated token account: 7WAyWjCdwLWLuQSLtQ6taNkTLpDZwfibwrEc5n2cd2Sg
  Funding recipient: 7WAyWjCdwLWLuQSLtQ6taNkTLpDZwfibwrEc5n2cd2Sg (0.00203928 SOL)

Signature: 5rccZUDrrWkyFebNsgp5Zo44hDWgaZmhMwY3FrabfKjF2SSWQ34tMEGwqNNQ7j4NvTiXzwXgLKrWQxi1xbFuiiuL

Transfer 1 tokens
  Sender: 5KmKQwQpmds1Z9FQpXjuJcSzNrbxaQNxK9UtZRtEG8rP
  Recipient: 5tgZmrCGPTFsQcsb8zswLfrGuYiLp1LTuNPBvfrQb2Yy
  Recipient associated token account: 95nKDq1mjju7nuntLnSi2y2SdZykK3Zi5sQW9bA1YUq7
  Funding recipient: 95nKDq1mjju7nuntLnSi2y2SdZykK3Zi5sQW9bA1YUq7 (0.00203928 SOL)

Signature: 36FEGbEpScYpFFNBRxUpZ2QigcmnxspUqBAhALMqLXPfhgXHJX9kqNPzc8HfzxvDpyNAarfU8WeY4qVbHUFRYELH

Transfer 1 tokens
  Sender: 9bUSX52UYBbFaiHwUEneVWxBYYGsA1KzmQeNCjQu386J
  Recipient: FpSrQMhnYa8YRnEQqKstyi8DYsMvET71CPfnmJkBSSP5
  Recipient associated token account: 4EQAXiiTAYUP24jbKNFdPQsNiAPD5KnrVuTpf7UgJ1qr
  Funding recipient: 4EQAXiiTAYUP24jbKNFdPQsNiAPD5KnrVuTpf7UgJ1qr (0.00203928 SOL)

Signature: 3dEtBQnC2g4Y38sTED5CEEMebEoTmYMccdMfKBCNGpgXcPEwHAcfsNN8u5ErCJSmforxSiFFcXcbrNRrJvvWQdxw

Transfer 1 tokens
  Sender: DeB4ykw1dAFhetMM2mskz19m2wmEfKC3aet81AATPoBr
  Recipient: FmsDj1D5zmCrLdcBkMWL9m2wUoZb1Pf3VqNKa9vNH7bw
  Recipient associated token account: BgBwJfYWx6xoLiWSrWx1NcVTkybtAFKZD9q33xsstua3
  Funding recipient: BgBwJfYWx6xoLiWSrWx1NcVTkybtAFKZD9q33xsstua3 (0.00203928 SOL)

Signature: 3Em6qTA4ocQqnmZsP9atWmmsUsdVMpcryGRWqFnxVkiRynTzboVV1zs8NCAEtijaz2DZgqfnGDKGUMQDZAxurt2U

Transfer 1 tokens
  Sender: FqnTtVHmRHnrSnFdjFEXmLVwpGAmkETcZkpPdta7uGM
  Recipient: EL5azyZZdTQ4AuMzDzarJNnBafm92h85KNvNzEvieTny
  Recipient associated token account: HQvvNipTNaNp32zSc2iCvJB5RWbbt3DQSM4zCRJ5pkdb
  Funding recipient: HQvvNipTNaNp32zSc2iCvJB5RWbbt3DQSM4zCRJ5pkdb (0.00203928 SOL)

Signature: 5TSkUyMs3jKkxUero8yv7SRVv6ofm2aeSYstrRzAbNjxZZXMasNPbztHSzw3Q8GhjeXGS4Tn5i2VWEjUPs1p3i7d

Transfer 1 tokens
  Sender: FvMVVMKS3D5oubWyVyyZ4tDXJcsTSzPF6De1kLtCNG8t
  Recipient: H3cPyRGXwmReAMB78A8guetqPJLekVXM5DXK92ueCLfE
  Recipient associated token account: 5MvuhgoXcwYgFNeP8SbghvYDL6UEGaXDf8Bttajv7yW5
  Funding recipient: 5MvuhgoXcwYgFNeP8SbghvYDL6UEGaXDf8Bttajv7yW5 (0.00203928 SOL)

Signature: 2yCHrvYPpybAHp3Ln4Ly7nnspFQB8MmJD4mtWCViSPznw86YnqEdAAV7b7Lic1fT8RoQyJ4tx3Tw5iW2vHDKp2LS

Transfer 1 tokens
  Sender: 2puiEZNuqdDSMUtQeUNSDj64WUACWZWMrmXGCMPmF8AR
  Recipient: 3eucHmLaRJzL3d3rzYx94KvxcVhR4ESLo9R9hhb5Snbo
  Recipient associated token account: m3EkRBxP1GVaLQQ4BrDNfJv4N5TXMQ3vdMJxUS7yoHU
  Funding recipient: m3EkRBxP1GVaLQQ4BrDNfJv4N5TXMQ3vdMJxUS7yoHU (0.00203928 SOL)

Signature: 37GuJMcYVDGus9SnhNjL7aJXAFHZwZwB3NCLahrjDN37JC9UrHqv6H9XSLQgbQGn9efrxUeMoohMjPKZgPsaYYeV

Transfer 1 tokens
  Sender: CjrFxY58BxyDyX1DQak7pbVB4m9J7nsZWmgEbQAVRH1A
  Recipient: DhW2PE17rACsMcTPvhh5p8hjJFBizTj7hVGfwKWhFQ3o
  Recipient associated token account: 8DmNQjn1XMJ66kaMjmWWpxEtaKDM5zeVBowCoJiR2dHf
  Funding recipient: 8DmNQjn1XMJ66kaMjmWWpxEtaKDM5zeVBowCoJiR2dHf (0.00203928 SOL)

Signature: 5k1yD3E5YHCghfmpr25b28yLh8KBeKzDHdKsSt82DkXzu9t6MPUAyVoj1B5EgfQamthzTauz2MX4ErrFTj7gqjz6

Transfer 1 tokens
  Sender: BjYCgnnpZNggaxVMS5w3hTutXn11QnDXnDFwnzuHbRJ8
  Recipient: 4Twh97WSqnCv8A5XezYJeFPcgmbfJSSDAH81dRzzRVaV
  Recipient associated token account: 6rDeNKiaUpAARbe3LB6nELhUpG7Wv8F2GqaWLrubo2WM
  Funding recipient: 6rDeNKiaUpAARbe3LB6nELhUpG7Wv8F2GqaWLrubo2WM (0.00203928 SOL)

Signature: 36AdxYRp57h82U4endrTA7apx4tE6it3a8D3abaE3sXcWYGNUY1xeFRiFPEDMv9jLUMx91AYxsq2C5oR3AoDvzP8

Transfer 1 tokens
  Sender: 8o5RX6NaubFVbkLXEqLxnPViNKMoeXWbyzCdt5LjUgGu
  Recipient: 7K7aU8n15u4GtLfHdcuMQMWyCykwWtGwg9Qbgytop8SU
  Recipient associated token account: FB5HRhsUSXcoRJJg4wKbDhajsMoMY41k2khUH9Loq1T8
  Funding recipient: FB5HRhsUSXcoRJJg4wKbDhajsMoMY41k2khUH9Loq1T8 (0.00203928 SOL)

Signature: 5fXMq3zzZ6uhksDeKFkw2jTNYRBoFr7USKUnLRMMp449eeG48piNYewgJwkVxzXYg1iGmWEk9dTnpgBxqSv4tbWe

Transfer 1 tokens
  Sender: HQmPrxPaXo6cjB5JJhouP7E6dKkCqZAJJwcYa151CUWK
  Recipient: 6fpE5MTyW4Kx1E9pLPPoX4KA29CpuQwsS21vmPvALUvg
  Recipient associated token account: 7RZvcTGULsV8nExkJQj81r6FXyVvLaw6n8iAm8RG4ouA
  Funding recipient: 7RZvcTGULsV8nExkJQj81r6FXyVvLaw6n8iAm8RG4ouA (0.00203928 SOL)

Signature: 3UoSW7Znx5yUTi8VxoVmHWsEXpdbDL1EpPcQ8QWbFgeoF6pofFpLaMPk2greCzcGe1kc2zndHJekcsV1umob2RCa

Transfer 1 tokens
  Sender: 2GLCMmMovH94zR3Wmzdmn9eP5BaDsX7xqaCwrV3AV13x
  Recipient: 58njdpgncuNs9nhzpVdxDAinBFHXZuMwuJS6hap4tVVN
  Recipient associated token account: 53aSVpuTLtTToPsgm6Z1X6DadfV5bdPkmy2K7bVvfdno
  Funding recipient: 53aSVpuTLtTToPsgm6Z1X6DadfV5bdPkmy2K7bVvfdno (0.00203928 SOL)

Signature: 4adM1L3Wqh5UGKzFaa8TzJPagCZMDvS97e3JYFtVL1bjvueUba1UgznixXEpwnhrufyeVrRwTwT1MTB3t9AFX6jV

Transfer 1 tokens
  Sender: 73G665siY3FD3mR4Rgc1h6zUWXKN1CREtxkbmxaqX81F
  Recipient: HQdfvZQtRTmyQKftw89qdGkN7qq33JJPdMDK4eiyr57a
  Recipient associated token account: HxytK6cToS8Fw3uqoBDLzoudKBARKjg2fFEmyhhmzACA
  Funding recipient: HxytK6cToS8Fw3uqoBDLzoudKBARKjg2fFEmyhhmzACA (0.00203928 SOL)

Signature: 4mPjpeoRdvCr3mU13Ezu2i3a51HoZa7JAs2CUhWMY7z79cjuq2nTJKE8tq1xrMjSQNReBfbSLzGJg7d7fGhf2ENk

Transfer 1 tokens
  Sender: 6BmMbuqf2ZeRqJLLbG4EMzJfzPgonfRQwx8xmod9XQa2
  Recipient: 7vAg7NxpWJjA9eTFneNemmB1ddsUowy7bbaDECFu4AH2
  Recipient associated token account: 2HFV3q2Vd1xDfSTpFqcd3R2B5gKKyxWPR2MkbuqSrQPK
  Funding recipient: 2HFV3q2Vd1xDfSTpFqcd3R2B5gKKyxWPR2MkbuqSrQPK (0.00203928 SOL)

Signature: bHVQjPhP2FRDjDGHVuddLacv5nTwjnxhTLLp7fJ4Gc2qTpbrijfAR7gDDkXUgdpm9yW2iUeaZDyTM4U2RoURJEA

Transfer 1 tokens
  Sender: 6Bdfpa8j74eqzXxywKRX7aQXKBPNH1srwmn9CC5UpU6E
  Recipient: 51oET2dy4vCmZ1JMGYR9hbsvsLng1vcLD6z2AZp1uq1j
  Recipient associated token account: ASAhd3L3WuDVH5ZycECbFarftqaStupoDHt3mFYJKWPY
  Funding recipient: ASAhd3L3WuDVH5ZycECbFarftqaStupoDHt3mFYJKWPY (0.00203928 SOL)

Signature: 64SmhvEeLzjrnuodHKisvNMX2NH53eae5YegJG9TWZ9dxrw3Brvt5Ada3kFzEJU5P1WBsfAs1fyiRLPbnhSqLkkb

Transfer 1 tokens
  Sender: B6yu4K6A1Fmr33tStaK9ur8ccfXY5BcnhaD7L6oDmn8J
  Recipient: AgPhAsvcwPfT8bcAQxfyvymHdS9enkCzHDZP67ihS5YM
  Recipient associated token account: 6cSi7jStEJ2dvRY1p54bo91XKTU7mge6nvxG97JuFyB9
  Funding recipient: 6cSi7jStEJ2dvRY1p54bo91XKTU7mge6nvxG97JuFyB9 (0.00203928 SOL)

Signature: 3EaamWChMBpT5Dbytmh6AJp22wcTnoSjTKk8QWbp4Ypb8ji6YE88GP143HV4UByA4jshZ6brNA9bUGxYYXproTWu

Transfer 1 tokens
  Sender: 7pZARt8PvQv85Kie699fcbjdCjZcPfutCWYUDPKkch4F
  Recipient: CWiXLx6juMmaq33BPXGJ1k2DPqzfDyCQWoAsUUe83CqP
  Recipient associated token account: 6JrpUfKXnnin77jUso38jzZqsqkptAzMVK4KaPCdMBMz
  Funding recipient: 6JrpUfKXnnin77jUso38jzZqsqkptAzMVK4KaPCdMBMz (0.00203928 SOL)

Signature: 5BNDaNufCM9SyJEhSMzfrGcmKvrXg9rHRWqiCBm5FF9AjAaNTpGjgxsGq7LKbQqLFrFAApiv8vAFzeLfYweK5EL1

Transfer 1 tokens
  Sender: 6gMWgStAqKr9AGdx9jyic5t4W3msWC1byvWF1SRtq71L
  Recipient: CPCi8GtA5mxcs7Pjv2rxXihs8chVoSLiPRFGFv4ik3EE
  Recipient associated token account: AwYXGPUZmaMJVhV777yJ2mkmXa8zgv9SysrvaE6SsWGt
  Funding recipient: AwYXGPUZmaMJVhV777yJ2mkmXa8zgv9SysrvaE6SsWGt (0.00203928 SOL)

Signature: 5SHe3aJXbrWSUKrP7qgTYBUu4UFCSAFT89DXSqCf6sG3VaKrhiCb6YkKbTxy8R7SFCJmFj2jKXTZMVgEaf6H77hG

Transfer 1 tokens
  Sender: 9nknkJMoUzGc6jcpPfRj7dQ6ePcs2NEpD56Qkn1XN1Rf
  Recipient: 5K1s9Xi92qd4ZbvR6GPPv22MQYMVX7TABLLyZA74MnSC
  Recipient associated token account: GxtxMJdMfGdvx9w58d35eFgy2gx9Erfw8Aa9B5FkBcNa
  Funding recipient: GxtxMJdMfGdvx9w58d35eFgy2gx9Erfw8Aa9B5FkBcNa (0.00203928 SOL)

Signature: 63n9moa4rqJuTsjDnYLdXpRRbV5an3uWBYmTVKkigerxYwXKSmVxFBFNo6TNYc236MjWVgRSrxt9v7vWZXUgZHE2

Transfer 1 tokens
  Sender: GEAp3nDA8nTfMnZ8fmKymkveLRRffDMHCsTswNMkjrzN
  Recipient: Fp44UCSopfQSafvFEveuA3zwL1nzb8uUkc326RdY6vnS
  Recipient associated token account: 5asAyDkmKTH23K6PbLuYMDojJDH9wmKnzKJcdW611TBf
  Funding recipient: 5asAyDkmKTH23K6PbLuYMDojJDH9wmKnzKJcdW611TBf (0.00203928 SOL)

Signature: kKqH1ysEG5ktg9FEcBRFz2XmMSFjJyZqByNEhULufg3izpzoLEHoC5KEvzGJpX19usQxc2JedCh2yp6V7ffxd4M

Transfer 1 tokens
  Sender: DLBhnM5TK1h6nY3iLgPUsV2eKQCFjyJooQFa8q9au2xt
  Recipient: 8TbTu2cxuxUEWwnssLjAueBG9WpAwjYKurP2Yc2SdWNz
  Recipient associated token account: 72ERJENbkJqaNmqosVBdwAB6XiDSVC5NY2s8FUZZdfW5
  Funding recipient: 72ERJENbkJqaNmqosVBdwAB6XiDSVC5NY2s8FUZZdfW5 (0.00203928 SOL)

Signature: 55BF5TdDGsRyJbq5is4uw7Wi2ypmmn81o6fpNo5MhTZbesueVr3whD1W7VkY1TNm7VfMsxPf2vemTcbAHezEsMHT

Transfer 1 tokens
  Sender: GxQHTiHEUECTTYcyXHwLEye3LpnUAqFDx9kLnKJqLHDE
  Recipient: AgPhAsvcwPfT8bcAQxfyvymHdS9enkCzHDZP67ihS5YM
  Recipient associated token account: DzdXm5fCL66pXwLEQ8hwuUTpRCeEaPARsCJ4WnP8qkJj
  Funding recipient: DzdXm5fCL66pXwLEQ8hwuUTpRCeEaPARsCJ4WnP8qkJj (0.00203928 SOL)

Signature: 2JXfLag3rQVyYjZiw4BcqAsnD3DP7w9D55mqUkm6r8vbXBnCrtyCt5TP5j9AyMSDivuJshCEWWNRYsgezWBZATNu

Transfer 1 tokens
  Sender: 26aE5anqP84m4Xz4sS2Ev32eZMHgnv7WvWUreB6SRWxp
  Recipient: Cm8cYtgtfyULCzisqUnMg68aqqi12PGZScouQfJRfrG3
  Recipient associated token account: 86kAbUBuP51nAHJUhaTwt2zHcnBesaAGdSj2UqoNW4Fe
  Funding recipient: 86kAbUBuP51nAHJUhaTwt2zHcnBesaAGdSj2UqoNW4Fe (0.00203928 SOL)

Signature: 5QTYpHtEiUbYQgEZ5FDM4b4W3ZSKYBznQYNPJwMP74nWabc89f1uETcRvDCNH6zCNsjpyME58y1Q2SRGpLzSWD75

Transfer 1 tokens
  Sender: DQjwHdNZqz9gs99LfpMS6KCXaASdmn7KsApWMQDBjoh3
  Recipient: CdGwadKrCQHr8oziZFVfHh15jaEdB5UoZx9LhsRdQJJ6
  Recipient associated token account: EQ8u8WhxCojBFobUBBSt9XbgHZ44KbSiFQVcUA6gLQWN
  Funding recipient: EQ8u8WhxCojBFobUBBSt9XbgHZ44KbSiFQVcUA6gLQWN (0.00203928 SOL)

Signature: 5Xx3QUaJm7S6JW2ZB9CG8cgAxyqTxULLMXWsbKfuKFZkM6YWq32qFmxBLE3txcmJQ3TdEE6dL8PrA8ckuycc9YBT

Transfer 1 tokens
  Sender: 9kbDvpM8g3EVZtsx9P9zNzH8MMXgw5bpwP2vSvWdL68E
  Recipient: Etks8yWemmNsnS3r1s8CmGDqkiW55iepDvHkB59QrgNq
  Recipient associated token account: CCk4xp5eiPHRfZexDhqmREeHsFC6xcm6aWeNCPGBpnoz
  Funding recipient: CCk4xp5eiPHRfZexDhqmREeHsFC6xcm6aWeNCPGBpnoz (0.00203928 SOL)

Signature: 3XanafBNmAdbRXQu4idjvrXkL3HS9YhtYxh9zAyoaXgQ8YdeN8NEU82HYRa7L6kisCX7WBNRBB8imnZCuDaCR7cy

Transfer 1 tokens
  Sender: CrvwY3pvnUFCUiuPL97z72GvKwjeEhAKmmH6MFXp3E8c
  Recipient: 2eBBNzw7DeWuYfWhPVGanm7VyYogiWKjSRcAHhcDFSMd
  Recipient associated token account: 2XArnp3hngya1XtJaW3HXt3Tr6pFNboeL3nhE8DX4S89
  Funding recipient: 2XArnp3hngya1XtJaW3HXt3Tr6pFNboeL3nhE8DX4S89 (0.00203928 SOL)

Signature: 4XgpCKabRM2LE77tTeUz86vh7aprYYVoGLQnD4dxRpw9jZXXbPnCQmcnRr5pyJiQhPvCKF6o5NiGT5cmubSEsgfq

Transfer 1 tokens
  Sender: 3G5tE3nY2Z58PsQ8sx8KS6C94ZZNj94b278HagoepZQT
  Recipient: 9VWFrWgiWkUT7vk5nULpYpTzQ24P29iSte7hxB2KiWNu
  Recipient associated token account: 8f1vUh82WXjg8jDopf2A3fZdBGB8Tez9T251m28PGxr1
  Funding recipient: 8f1vUh82WXjg8jDopf2A3fZdBGB8Tez9T251m28PGxr1 (0.00203928 SOL)

Signature: fiPoYXYEgqdRwpYiuL8kdud3tSgp1HyePNFt7Q8kwkJn4nGni32PSC24acBjDmp1AQbsWmmXj4N2i95CAe2yvT5

Transfer 1 tokens
  Sender: JAgwqKKh2yfmmjisWtWZn2mFqhzT1et9TQzV583i51jv
  Recipient: ERm8djghXKQqQ7ryzNZkyeQdSom2uUYSWr4HT5NEWpvJ
  Recipient associated token account: GxSo2T9x9GNjLymbag8AZDy9xqpj9p9HnfhX3iQWi5PH
  Funding recipient: GxSo2T9x9GNjLymbag8AZDy9xqpj9p9HnfhX3iQWi5PH (0.00203928 SOL)

Signature: 51oPk6rZYvnDGbHBog549NVU2HzH85zYJSyWEC6TRAmQ5W47ccH2oNaDnmgB9ANBzLJrHU6HMycw6Nt52dHD2SmZ

Transfer 1 tokens
  Sender: 2NN8oQEM33o5EnPVj6JVTCBfoUFuMm7BaqVd1zmPyb7P
  Recipient: L7vksHGNsmuNi2yuAz6MVyczJhDBLX1VhmGcZ4EQtiP
  Recipient associated token account: 3ucXSA9R1TQ5NcBnYCDwN6ShakbbS3cFnowqH2gp32XZ
  Funding recipient: 3ucXSA9R1TQ5NcBnYCDwN6ShakbbS3cFnowqH2gp32XZ (0.00203928 SOL)

Signature: 2PMK7vJf7RN6cvHE7Nu8Vac4JMB3hLKdxF7korHDA7V1LYon5HffFigT4pBgC2oJkPg8xN3kC8L6rjTzrtb1m8pC

Transfer 1 tokens
  Sender: 3pN2DmxVm6dw3hjRgjwHSMMpj4hDdsjfmSWaheehqLS3
  Recipient: 3uBkPrrU7tGNwMeuqCAbsEVNUTHKqi3aWs4xZ7Cbea8f
  Recipient associated token account: E3Ug5nU8KvnBXdw5zqp69rLWnFDKwpBt5brB1VJkMB78
  Funding recipient: E3Ug5nU8KvnBXdw5zqp69rLWnFDKwpBt5brB1VJkMB78 (0.00203928 SOL)

Signature: Rf886LkgHUNXoLgEnynsbb1ScMXhwn7LxY51F7E9RsxFEH8Xvauqh2FbY5vd55k7DnD3gogpB6KYPoGMr7NXoRf

Transfer 1 tokens
  Sender: 47BGGU34gk8L4yxXsENVZNL4mQUq2UodgnM7U6RiMheW
  Recipient: BcwzmAJunqVo7M9PHuUn3srQJX73bd9xr5fJseCDGAZm
  Recipient associated token account: AZY6K5KWob3hUbdZ48ArnnYoWFQ8PcyJye1K4szEcZ2g
  Funding recipient: AZY6K5KWob3hUbdZ48ArnnYoWFQ8PcyJye1K4szEcZ2g (0.00203928 SOL)

Signature: HjVQYWjEF6X2mi2qEfVcHHyNECdNMrMwkUczP26DULWx8ihp5stWpjwwS5z9QtLinW7jaf6VTUvAoG41ULFre8J

Transfer 1 tokens
  Sender: A2Zm8UZpr45FbLmnkKxP4kSH5nkVFZmn3cqHym64WApw
  Recipient: 7LxmtZRVYH36aRwM1jyJLPqr1Lt7DoeGhRU7d2XNu4n9
  Recipient associated token account: 7JFMfJjdTM47BgRDn5qpjbKCL3qTDCPvoEmUq29wPeu4
  Funding recipient: 7JFMfJjdTM47BgRDn5qpjbKCL3qTDCPvoEmUq29wPeu4 (0.00203928 SOL)

Signature: 3ct5a5UUBgJKewLDRcV2S9cbQ2fnAfvGuxfXkvCNDgiSCBM8qwFwpKfYF9fzF32maN68bjx4r9swbS1JSbMCpbS8

Transfer 1 tokens
  Sender: D2gXvvbPdoMeQgGBZ4hXN4eA5oJtro6HC6auSCTR8LWb
  Recipient: 5eBNi2JRMNzuusF3w1ELi5GWWUxRPZBnp1ZQs7hRqkbB
  Recipient associated token account: 847RxaCL3ScYPp4jTs9nPieg1nV8TL7BPtSi3gnpL8F
  Funding recipient: 847RxaCL3ScYPp4jTs9nPieg1nV8TL7BPtSi3gnpL8F (0.00203928 SOL)

Signature: 31hBd7dD8FiB7Ltv6q1ZViqvbidk6GLiq1ZTX9KS9TPHnsVyCadTQ5pz7vNyjQ88mn6hHUWvnoNcs9SEpBh46Xfu

Transfer 1 tokens
  Sender: EJZ5B6qqDEd3Rbd8ABC3QvxmUp4YMK3SJYuXTZdK8Pjr
  Recipient: 7uCsLRhWmRw3AHyb4hnifXxiwqNXi4UB8Ac4ynnrZ5hq
  Recipient associated token account: 4vFfrytAjmMhCVo7yu9iuEq5FZpqzTVxJjxhzNtX9enY
  Funding recipient: 4vFfrytAjmMhCVo7yu9iuEq5FZpqzTVxJjxhzNtX9enY (0.00203928 SOL)

Signature: 5htiVsHVyFskGNyNejMggRYGB3JJvQCYRxiR44SK3rSc3YQu4rQuYUr6Xif1kUoaqSzXg6tAmtPGWKcw9zh6rdyC

Transfer 1 tokens
  Sender: EdbVgZPnF6NiQBf2A6bV5sWVKAMq9kmFE9CfzoJRo9Ym
  Recipient: 7P4Bb1pCMuYNveYhg2j445cmTRCEGp2eAAtBQUv7Jz89
  Recipient associated token account: 2fvj8Su2iRJyMEL4roZtY3iiCpcd7v8vqz14SkCjuQDE
  Funding recipient: 2fvj8Su2iRJyMEL4roZtY3iiCpcd7v8vqz14SkCjuQDE (0.00203928 SOL)

Signature: 5geZ23qgSesS9n3nDbcLQLeD4qQRvVR4VSBn1fEsVVszDvmNwdSWWj4rK2jACTZ8hwxkX838Meix5JcbeFpm1MmX

Transfer 1 tokens
  Sender: 6pG1ibmFgtxrcTXLY2E6EgK1RjfPzDbMUKoxDWysoa6a
  Recipient: 7tMyU22ViPrhY14fy31bSmTsQK6rwc9q3Zbq2u5RkZis
  Recipient associated token account: Ab73knXetEcWSt2DxieYejNRqmemJ2U7yC6z8WpfHyXL
  Funding recipient: Ab73knXetEcWSt2DxieYejNRqmemJ2U7yC6z8WpfHyXL (0.00203928 SOL)
Transfer 1 tokens
  Sender: 9o8ft3y5YF31oTWpeGbSaL8aazsXpjwt11KBLjkwagJ9
  Recipient: 9KJbbRm5qjnWBNZNv3Mhk2hEFqqDAYcCHuUPxnG7W64g
  Recipient associated token account: 7HMTj2bxtYMBmSUFBvvG4gzeCXxRhzKzjKjf6PWZ2d94
  Funding recipient: 7HMTj2bxtYMBmSUFBvvG4gzeCXxRhzKzjKjf6PWZ2d94 (0.00203928 SOL)

Signature: 3X8nAMp52nTRH4FwXZ4RwLSmn1hZB42Ne4iPVjR7x1dKeCitNGxQPWpNgtUarS6vnaBQnJt9sMjFWymsAjxahcVD

Transfer 1 tokens
  Sender: PHd9HYaqmrRVTwSBJQn4FfPQj9jV22omETU5LDaKr6h
  Recipient: 8WYRXiQXQSoAMw8A25HuTiTmkg2Ax5YTaBxmHZk6s5LY
  Recipient associated token account: 6tSzD4TndHGqoSvrkvcVU1XyEM9ZouHEUmiYBuN6GbGS
  Funding recipient: 6tSzD4TndHGqoSvrkvcVU1XyEM9ZouHEUmiYBuN6GbGS (0.00203928 SOL)

Signature: 54cz1BTtGeh73qzGPeM1jcPKa1HeZKooCyvzkn1wkeUMKAFTRx6aJCsWmQq6vLfNZptTdiCwSHhWfbVgE7HqEZGK

Transfer 1 tokens
  Sender: Bqis7c9gneh7yFzUgS8ycXHpSFpnD4NMVWnvQJz55K5u
  Recipient: 51oET2dy4vCmZ1JMGYR9hbsvsLng1vcLD6z2AZp1uq1j
  Recipient associated token account: J1BKFQTFixvXeFoNxgfe41nkLxrt3qCiQJVo322SbvCQ
  Funding recipient: J1BKFQTFixvXeFoNxgfe41nkLxrt3qCiQJVo322SbvCQ (0.00203928 SOL)

Signature: 5Sm7AnnXsKCCQKPP58rq37FHN1nV7wrytZjLETnTjxdNYmncEbBcVADUsX1stnRsHyQxhcREzWoFeX8PuJzdx7Bp

Transfer 1 tokens
  Sender: 3XtmvVhmUYV3cfDdaafJV4yyVtSfVxnoMYm2ZXy1jwH3
  Recipient: 6cxR31FgTSxgnnS2cdsjhpbzyzYhpdJVTrxdHmnM3uBw
  Recipient associated token account: xTjyAkNPnwwHwncZSBP5qkvbUKYnyRNGookp6bjV3NH
  Funding recipient: xTjyAkNPnwwHwncZSBP5qkvbUKYnyRNGookp6bjV3NH (0.00203928 SOL)

Signature: 2WQ8SSTinVTCNMerNBpLBcDiFsRDyBm4ePJxoRj7STVh5pfdAucFDKKm45CdDNxfj7dGuyRZu9G8zm1TE6VcGmTj

Transfer 1 tokens
  Sender: F7N8rGFR9WvY5yeRJLZ42wNewF8NxYm2wX6Ybos5RfcB
  Recipient: 33t9ZS4Moa6VQz2FuiRw88mbiaM1Eb5eW8MkMTCgqLoG
  Recipient associated token account: FtMMQbTLRfVe3kfyY7GSV4Qi59rRBzEGcbECVPQ847qM
  Funding recipient: FtMMQbTLRfVe3kfyY7GSV4Qi59rRBzEGcbECVPQ847qM (0.00203928 SOL)

Signature: dhSn4VZb7oJdR1yQvFwz8xjd9ntYQ4aUP1GaTEGEosSqi1csQ5rQ1BA6ZsAA6wMDsibjWdACWASeAp8kunWHcUB

Transfer 1 tokens
  Sender: 4XRptWMLZfguWoAr8W1auZBB1iqNdhyppF5qCG99TeBn
  Recipient: HNyvVfCcNtogL4Gq93zwZ3oFdRo7vrUqdFEwo3RqpDxS
  Recipient associated token account: 7SV4BpK1WXrZpabfxRCAWnnBy1zFZFKWkAc8GR9vycci
  Funding recipient: 7SV4BpK1WXrZpabfxRCAWnnBy1zFZFKWkAc8GR9vycci (0.00203928 SOL)

Signature: 2iRL13tLsygvAedrMqv2uWg1jtnqjjpPQTQ3Lq5LCi7M4Z8gWjkhuxQMVETEngfdZi743pzyPvKJskTPeJPCkkvD

Transfer 1 tokens
  Sender: 9d2kujzKUHJ2WohaAJFuKY243uFejp7hyMpHW1EQwdpd
  Recipient: FrZcenxL19CSvFgS1MyfwpFUmQ1KEMk6mRXfWP8DctyX
  Recipient associated token account: 3TP5UEfTf6A4qf6SGyVj6cYvvoX2ZNXhnBVvdgUWwDuu
  Funding recipient: 3TP5UEfTf6A4qf6SGyVj6cYvvoX2ZNXhnBVvdgUWwDuu (0.00203928 SOL)

Signature: 52wFbKZxn6DRKT7Cq2TfobbZeJkReimG9ZN8QGPgZSsvJbDM4eY8MYfnkrhjoa9iuSbosyquWntMGXzWsiiNA1LZ

Transfer 1 tokens
  Sender: 42EUwWWLqwaako9kZduYuJwAWjomz8K2ozo1evGCjGwr
  Recipient: 3zCxPoH5oZ9UtNE3b1UpMv6DLB6BiTApsxAY4VqQGBqy
  Recipient associated token account: 7HYZ1nmtvAgtUeYggBKVLV99frPREXP1W3UpZ4HVc3ht
  Funding recipient: 7HYZ1nmtvAgtUeYggBKVLV99frPREXP1W3UpZ4HVc3ht (0.00203928 SOL)

Signature: 4UpsxxmHXfT28mjBCtNg5i1rLxpdAtgXD51eBMBD5ffyDawtctX4Z5jH436njFjNUXjcaeq3pqSBYiQ9g3w2AzSa

Transfer 1 tokens
  Sender: 7RUemFFQhytQQ29wg6bYxfyyKH2A3QaURsdnKGETnnuD
  Recipient: C5nhp8RwNNh6FZe9DcJnKNAnyMFDcFoBLsmeMnVKFpB2
  Recipient associated token account: 34BYNDnuEym7QKbnp6jm3eUF7HG8bw9mDVk1pMPicx9F
  Funding recipient: 34BYNDnuEym7QKbnp6jm3eUF7HG8bw9mDVk1pMPicx9F (0.00203928 SOL)

Signature: 2XJP1QLku596Do56AtuzaY7rH9zX1GU3pjNjLbxeUaNeaSH98uV1AUazFbDFFA5HaUtpFcJEEEi8eeNpot94fRMz

Transfer 1 tokens
  Sender: BLCDtwUpFh78NZnQfHQrDAJpy4yDS3xcMnG9Vg8hW8oE
  Recipient: 5Ycqe8jt98Eyz4am5a2zASRKrmkaLRa6mZDJLHWE72o7
  Recipient associated token account: 94czacpxbRML2d65u2svCSMcVbaDzhQ78xGcLyVu65BL
  Funding recipient: 94czacpxbRML2d65u2svCSMcVbaDzhQ78xGcLyVu65BL (0.00203928 SOL)

Signature: Wqd4xwNVEXnWY6J3g9gcJC9BYWLpjKwN7M4kPiKnkcRNA4fpGpczo5iEAETK947giatQqsaRsz7yjttt73LVriA

Transfer 1 tokens
  Sender: 91rN9xMdgj7c31cKooSovSt9AfVf3RQMqJfwAZRMRjhn
  Recipient: 4jqUxjcucC5zLXCx7ipMy15ksx2YUBms5C6dN8BLT5HX
  Recipient associated token account: FJ29DRGoD4zdcdwm5xc3yYw8sFF7ck9CsVNWKAZ595rM
  Funding recipient: FJ29DRGoD4zdcdwm5xc3yYw8sFF7ck9CsVNWKAZ595rM (0.00203928 SOL)

Signature: 3YGQzsyYrzxvPnBBNrxuGbwJ2qY1TbMvSQ9WTzY2PdNTSRRsPCtb7QAP7EhcuaEs1gdiJ14FuTnTmFaJYAVwpSoR

Transfer 1 tokens
  Sender: AjmPUyNeW24uefdheEkEH5CrGFXzG7Vb6t24hQGMVb16
  Recipient: G4yn6VjDQoRRgqKVt1fp2uei3rFHWWKA5JwWPMM4eCgT
  Recipient associated token account: 144qjEGd4whHdjtU8o2MxHFfZM68gYVcTTaDgpc7Nuoe
  Funding recipient: 144qjEGd4whHdjtU8o2MxHFfZM68gYVcTTaDgpc7Nuoe (0.00203928 SOL)

Signature: QqActcX66JhL4APQxVcssxXFWyt8EAXEwhqMQDqyfLsyVCcRu8y8YaFRL2wSW43rbumrE88vCghryCx1cntrVe6

Transfer 1 tokens
  Sender: AC8d77TAP28p2VhLDsJfk7UEkWfgkvBSYQVp3n2TFxLx
  Recipient: 46Eatxgjy3xK8osMjVWmeWerNWVoeN4hoCB273oS4Ubt
  Recipient associated token account: 8tjVJ919CaMsRqBozPu6v9JKKBuphV4BnkgM7AnDfjGd
  Funding recipient: 8tjVJ919CaMsRqBozPu6v9JKKBuphV4BnkgM7AnDfjGd (0.00203928 SOL)

Signature: 2GUz49Vm6Wx2ow6Mq1nZd7cC3AW7uwjxT79ske14kZcvwkvwWoTisVdUwRh9nDsGadLK2SZbp4A4cANkP8PMUXDZ

Transfer 1 tokens
  Sender: 8XxngWb3QeXnoKhje7W4eMXtagzK7xnxrMAi58syqqYo
  Recipient: 9qQVj5MfMGaUyi4XgxrHtP4Zgwds4T6bfPw97ebo4wKW
  Recipient associated token account: 6qJj66Wtq3ooxkHkapahZJdrwVwib9KjDfiighsUyu4T
  Funding recipient: 6qJj66Wtq3ooxkHkapahZJdrwVwib9KjDfiighsUyu4T (0.00203928 SOL)

Signature: 3uvJxdr7ypwzJw2C1md7JYxYs4TFgFtZBNGFv9XPepebQWso8XurGg62AXkr5w6H48tkwGKqWYvUF2gKME4Hxo4g

Transfer 1 tokens
  Sender: DMffCA4GvWkeV4tF54idLgRspLvXcRY77eJC6CLqdwz8
  Recipient: EWC6ESChdBqExhp96XPMLXR65pXP6Ftuh1pPAVws4pmk
  Recipient associated token account: A68avHGvoTeLoK4gA2LqNgLpL1WrMUxuTQEyzQRFErh9
  Funding recipient: A68avHGvoTeLoK4gA2LqNgLpL1WrMUxuTQEyzQRFErh9 (0.00203928 SOL)

Signature: 4ck9t7E2bodsXmF8nYtpVWRWFhHNHPDK6S7sjspFzyLePejZwquumauVfHjSLaUkkBSCfiGnKvX3fhcW1fWeDAuh

Transfer 1 tokens
  Sender: G8giYWFVyn7w7jb8sQj5rQytQimpxutBUQHmgL4Ai8WU
  Recipient: 6aVxAU2nNjSUmDkSy5zgavKcZNKGov3xhi6tUPLnULLp
  Recipient associated token account: 8uqZqWjFQeabdEWiP7EorScLenXxcG2NoZYGGTKndCY
  Funding recipient: 8uqZqWjFQeabdEWiP7EorScLenXxcG2NoZYGGTKndCY (0.00203928 SOL)

Signature: 4SsdtdFXkjaqxQWJwuYzv7At28yi5NqfafiJoL64HYykhjWFGY2Ckxf3dbUnzyKDMdCJLqAnNFPfzygMWYCWVamM

Transfer 1 tokens
  Sender: HWJPaALcZjd9Uot3h9sFu9V8CNHZr3uaRH7S15kmz4AG
  Recipient: 3eucHmLaRJzL3d3rzYx94KvxcVhR4ESLo9R9hhb5Snbo
  Recipient associated token account: A8KBJNBqxPEPjMr3ad1W3EsmWUHzazn4ia31zia5wuGa
  Funding recipient: A8KBJNBqxPEPjMr3ad1W3EsmWUHzazn4ia31zia5wuGa (0.00203928 SOL)

Signature: 1ixCPq521QHM65RoWivGmjfGrimWZ31mebtB3GDJBCR4327NuJop5e7aAobFCX1t5pwcYaZp59DUoEYnVo5DTPA

Transfer 1 tokens
  Sender: 6Y6ck2B9tMqmjDBaWgrPHPkyXV8QNJBqnytuw5JUELP9
  Recipient: BKZS9ci2HFDA72Wp3rPr9Tc8kTcKwLrBboNn1XdGpMFh
  Recipient associated token account: GU7PgcmnAtSKhziefvKaU4EPYWs7bTJXVVb8A9WH6Vgc
  Funding recipient: GU7PgcmnAtSKhziefvKaU4EPYWs7bTJXVVb8A9WH6Vgc (0.00203928 SOL)

Signature: 3iAqZ2x592eaC61HznV22FYzmnU7pzwUHaBSKAi3iLY2oEaaziXMvwtCAtjw9zk1vixAeHWhY57W2A2DCrTeX3k7

Transfer 1 tokens
  Sender: 3Nq4HXuwG25S5QdWaiRHkc9etx3H9J1HicsQPM7B2fgk
  Recipient: AQ7GX3g2Q4QGYredpRUjycfLYNcpNnqLAtBFvoyNrBfj
  Recipient associated token account: DYdtpSDspb1bRWEx59fnRQcwyGW2d883d8246zDDKt7Q
  Funding recipient: DYdtpSDspb1bRWEx59fnRQcwyGW2d883d8246zDDKt7Q (0.00203928 SOL)

Signature: 4YeaFcWiArPeitJWKdauYNgh327aKC14MQRAaE8y8DRA5EW1zAYVMRavAKrrxKKrigDJKzNgg48afapSQXhEgEN

Transfer 1 tokens
  Sender: BUzS3Ev9F9BJmkXviYdS9a6tW2qagEeAkU8N9zLB2qFf
  Recipient: 9v9D9kvePLBANY4Zx2PUzn75dHuQMMMcs7mZLYy3gMaF
  Recipient associated token account: Hu9mP4n2XCM78W57JQ1SBzqK9SUo1KXWKDzxxL8cey6T
  Funding recipient: Hu9mP4n2XCM78W57JQ1SBzqK9SUo1KXWKDzxxL8cey6T (0.00203928 SOL)

Signature: mB3d9qNXCSohsZ8JfVumidwvjt6ZxrYk9JtmyXi1p7B8wWzVs3Mr5dhJ8dHLoNimVf2NboxmzX7Si5bYvHuBVaB

Transfer 1 tokens
  Sender: 2PZ47TwUfvpmkw56g6y98D6QGKpdva6mvkuZ7saH2rvu
  Recipient: 8mfSvKNsNfV1XFkZVJV7YV3igWdCJuJefV8GimBKvZsn
  Recipient associated token account: 43eFgkshuKU5nA9LhwhcUgYf7oa2ZTGx1TuKRoWd8DR3
  Funding recipient: 43eFgkshuKU5nA9LhwhcUgYf7oa2ZTGx1TuKRoWd8DR3 (0.00203928 SOL)

Signature: 49CEtgfB76sjArKh7d6w6RRbFXjC7TFrW9icMiLfuADsKKhjPaZe3WfssMVYz7av6EZosEXYBLNNeMQqVPBmtomg

Transfer 1 tokens
  Sender: FXDbrYzfqEybvETKJ6snDT3UCkHe9FooxvbWXQYSdEqz
  Recipient: Fdvnw3Eq8nyTnUP7SFpgp6idKxaNPZsSnCKYakgTzGTm
  Recipient associated token account: 4c71hSNo41Cm1vV6Pzvz2JLTGzfVoC8RVBtzjZkBLjX7
  Funding recipient: 4c71hSNo41Cm1vV6Pzvz2JLTGzfVoC8RVBtzjZkBLjX7 (0.00203928 SOL)

Signature: dFmB38UnD11PU76Q1pqLVkdn4TFBUWG7uPgKhJS95A5FHX5r1ymBHiv9hrmM5G1GLZFTp9zwg85XN5Lq7kYMWec

Transfer 1 tokens
  Sender: BJY4c2TjyTPRJG436eQ6nYAdm6zLbbMMr2fD2W86jd1J
  Recipient: BgzrMG1JjLGKH6aVgjqeK9myAEjDstMEPBE6MKHoy5hA
  Recipient associated token account: 4sNSUBS4ajQ2mzdrcKU2DNEwPiSc7ceFJXwP3XovTW5m
  Funding recipient: 4sNSUBS4ajQ2mzdrcKU2DNEwPiSc7ceFJXwP3XovTW5m (0.00203928 SOL)

Signature: 4uX5fBFE7FGtmitUASHNQDPtvGAaXbLUYBpZfQSWnMj3Q6AVhyEYTEu3J8N7WMVW7tPFXUL7bcZdycVUmB3nJ2am

Transfer 1 tokens
  Sender: CFAsZEZCKhv1GKQQVxGtMKQ4G6Poz8gPYRxwqSGE6hCb
  Recipient: vqk4rNkuaHbPHqCEf58R1na7QR7VFsZeYVqwxATJpRx
  Recipient associated token account: CxwKV9f3DZe8Fd3bxZsUCBgFiDqro9yjDnV569VQyRxo
  Funding recipient: CxwKV9f3DZe8Fd3bxZsUCBgFiDqro9yjDnV569VQyRxo (0.00203928 SOL)

Signature: 5RdfbytKyEhcyAfpN13GUCBXZRxBw5R9mrWX6kSrnGHKbjgUMNuHkiu52HcivkPut4CvsrhURPSrpw4ZzU68Fh77

Transfer 1 tokens
  Sender: 4nuqBh4Ps5qqmuk6UukNtbrHcg2ibWTjff5NZJqZugGW
  Recipient: 7ArFwqJEMXimhpPUfdZViXdVNkKdEG9q5hurjAx4fq83
  Recipient associated token account: 8vo58JhZC92x668N3b9NH638vmqkw9aZ7UFbJAv7NRej
  Funding recipient: 8vo58JhZC92x668N3b9NH638vmqkw9aZ7UFbJAv7NRej (0.00203928 SOL)

Signature: 4wTQeibQXRdcxrChhiLTHGZxiY9qyb387NT4SjKnknHJHL53Nso5UPmne5ZYYCwnQx7TC8Y86ZQRgyqPeo392yrm

Transfer 1 tokens
  Sender: B6iNEA7bb7SAvpVq1MzhX6BVRKya6vnPEfHNeJwXhqmA
  Recipient: J3EGnLwVBrdhY9PejTJYG2241smr9X8v5BjjSw2QWWo7
  Recipient associated token account: FXM4Bc9q1y4zb9SXtLry5EWd5s6VqPveH9iSd32WFCFi
  Funding recipient: FXM4Bc9q1y4zb9SXtLry5EWd5s6VqPveH9iSd32WFCFi (0.00203928 SOL)

Signature: 4y3dHThxJYhuNK9Bdiy3Rp5DdpVsrP2zkSyeMRQPojd6Bx2AxQ5mMv84xYRQQFpVi4PqhTdhd3rLaTC43xj6wkQ3

Transfer 1 tokens
  Sender: FVtVYJSLpYE2g7hhzdVBdVTs5qLncJrmc7JVaQE7NufY
  Recipient: 7RWr1Z6dJWat4EA4o4WuBAukPgNUrwMqPDyqPfUEKHe7
  Recipient associated token account: 2C58GHTjAyV1miUQX7fF9YE3GvwqouEHsDY8VhZX2iYE
  Funding recipient: 2C58GHTjAyV1miUQX7fF9YE3GvwqouEHsDY8VhZX2iYE (0.00203928 SOL)

Signature: 5nghcAwBSNo9uAtSN4M3g8NqDQNQexw3RicR6FDCrqTCW6xqf6fTHDWPjSDaKAKawDiqk2yWAxuaFiJA6FrBB9EX

Transfer 1 tokens
  Sender: A7yDwocKcchsTGpKwez4dsDqeM64HjX1GxiTfJfBQHWQ
  Recipient: H9oN7JgPb9qnPhyFE24Gp1YVvF1PqsnLjcP9agEgqdFp
  Recipient associated token account: 3RESaype4iZ5KNfGXpa6reukeYVqEHSvTXQCd856EC57
  Funding recipient: 3RESaype4iZ5KNfGXpa6reukeYVqEHSvTXQCd856EC57 (0.00203928 SOL)

Signature: 3deAzQACkb9ST2FKUzTgE7fcfEuyfbLwYFbgqKcsqBzNmjrb8fVhZym6ip7rLpChsVK3vLmUqzEGZ71vXbsoo9Ed

Transfer 1 tokens
  Sender: EA25FhLPtGbA8UrZB5BsTLgdyLDWqAaQP7pQpZAbtu14
  Recipient: 9ZTfTCRHHRdKNKfDa7hvACv5QiHVeDtazduMghHPudxd
  Recipient associated token account: CWkzF2VhdGuZriXoYebVs91iJcHAMZatvmtyCTGc7FGV
  Funding recipient: CWkzF2VhdGuZriXoYebVs91iJcHAMZatvmtyCTGc7FGV (0.00203928 SOL)

Signature: 51UCBH5rpNeKfXgatXv2nw7jcQEbNuQHAzdrfAHSHcpVAUqg7h1wER8emSMeG9nmQMesAhgVcGK5uA6SYf2c3SLL

Transfer 1 tokens
  Sender: B2K7MW3vJRPGTushLxaypTfi9v9KdwG7k7JYYxsreVrd
  Recipient: GPzFMtZMQNhjTsEXNDuWyWj8yKhMXp4RbPwwUBBXncyX
  Recipient associated token account: B1fDx8BSBRhBMAydWxnPhUCgt1ZcLnyBSZH6CbxYoDLP
  Funding recipient: B1fDx8BSBRhBMAydWxnPhUCgt1ZcLnyBSZH6CbxYoDLP (0.00203928 SOL)

Signature: 5eBFLe2q9EEVCty4qNvVEKdcLzm3VQQ6Pbdt7UeS4JNumuaUwxMFRvKctN28NJV6K4PvnyTzBSTz6eg1kJX5Hp1t

Transfer 1 tokens
  Sender: FvR7TSS5LrDettrA5ofEiUg5i7seRwsgJVjmQcB9hGP
  Recipient: H5WxquTYLw5hEVcGZs16oFaT69ShkFCKe7TXpbn9kADm
  Recipient associated token account: B48Xkf9uwiSo3grg5UT21M1me29Fz7vWKHhwZTYzz12v
  Funding recipient: B48Xkf9uwiSo3grg5UT21M1me29Fz7vWKHhwZTYzz12v (0.00203928 SOL)

Signature: 5KmFsUYWhM4VdUSi517dVCuUViWNTLRnU96siVpTN5Yvx24tJjEU4N2urVAHggVCzKFFD7Aa33G4JJJwDTetUUKR

Transfer 1 tokens
  Sender: 7MnrjitcfGC4hGLbbBeNQhkhbLTg6A5t9UnBjRzHsgNw
  Recipient: 51oET2dy4vCmZ1JMGYR9hbsvsLng1vcLD6z2AZp1uq1j
  Recipient associated token account: 3ZLV18qcDbmJBxCfVMGzDqziVKnjbqQbmB8f9psQzZJ7
  Funding recipient: 3ZLV18qcDbmJBxCfVMGzDqziVKnjbqQbmB8f9psQzZJ7 (0.00203928 SOL)

Signature: 5cNwBLXiD6LBLXyq6Rgm7oDHDzFhqGjyPPE8DbHt6P93pjpi6zReFycKGccJvj5TJFdzvmU4usL7aFETRVwvCQXu

Transfer 1 tokens
  Sender: B6yu4K6A1Fmr33tStaK9ur8ccfXY5BcnhaD7L6oDmn8J
  Recipient: AgPhAsvcwPfT8bcAQxfyvymHdS9enkCzHDZP67ihS5YM
Transfer 1 tokens
  Sender: 7pZARt8PvQv85Kie699fcbjdCjZcPfutCWYUDPKkch4F
  Recipient: CWiXLx6juMmaq33BPXGJ1k2DPqzfDyCQWoAsUUe83CqP
Transfer 1 tokens
  Sender: 6gMWgStAqKr9AGdx9jyic5t4W3msWC1byvWF1SRtq71L
  Recipient: CPCi8GtA5mxcs7Pjv2rxXihs8chVoSLiPRFGFv4ik3EE
Transfer 1 tokens
  Sender: 9nknkJMoUzGc6jcpPfRj7dQ6ePcs2NEpD56Qkn1XN1Rf
  Recipient: 5K1s9Xi92qd4ZbvR6GPPv22MQYMVX7TABLLyZA74MnSC
