AEUto3eFWHLAmmVRq3Vo2fmHXwte525jQGG6D7pN4RRd
3ooTnU4quRNztapYE5vVojHZSFqPeH2xnWC6mbbtAUSE
EWC6ESChdBqExhp96XPMLXR65pXP6Ftuh1pPAVws4pmk
2B5KNHScvQkfsc5RAaSqSxUn6mfJunN5MB9GbWp4tpy9
51oET2dy4vCmZ1JMGYR9hbsvsLng1vcLD6z2AZp1uq1j
3DTEw4wsyEvKBh1u3v2NKtcBmLwz8iJYieuDeSbjyRQP
AHFYN2pv4iPG4wGMTjfFXdXQjPTXMxBdLHvEDCBKqaBk
AXXRH6NVXjUNxi6GvVWV4Pp6q7k9xkqeqHhRx8sW41TX
5DF9ibux2JKwJtPMio46KtRBmbC8UozW7tdunwRpgTCm
Bt2JzU38jdEfQJB5DGx5JgamK5rg88F2DGDiFjZJEN3z
6dSb5S6UeiXA75An9ZU9wsSphJGjF8KcoaNSAe5CdGAJ
AqwcN2rVLNx6Qx4tp4rxgtFPsXMrE7QWRbD72BbeApjb
AEUto3eFWHLAmmVRq3Vo2fmHXwte525jQGG6D7pN4RRd
dzDXojNy77xvEtkWnSYPGTB3VCVfGPGJomqVdvuPvHE
CkZs4ZwvSbcCC8NViM5AyVRPPatDMC1BDe6vfa9e22yp
GoxGkexK6LyC3DZrqDuyuDRm8tvkmAiWtLUffeJ3xCHf
EyJgdzad47ZKM7fVWe5UhKdszkUeDaEXmXypNXYixggw
EhLMtwdB3gSM68fesxbiNiXVHdpAvioTCq2f6sgjKNGB
4DdRYAD84KyT7tMhfXxTWqKW1Mou75BuNFBj2i4oHvDi
BnzZgzLSLhnjm2yydueqEuMft8LJYYQKyxyoywqHBMfA
2Knz5oKP4VsjF9PkA7WCyZWZsBig6zZMcp9FH6aRLwjP
BgzrMG1JjLGKH6aVgjqeK9myAEjDstMEPBE6MKHoy5hA
6ykYU3fWNQnoNunJKDLSVSZWCMPoajoE8EVNzKCYs9qT
9ZSG782ComhZPHe8AxXDP9VGLAuAJ8cwjoyf8iJXTL5a
CKMDD7Xp4pBztCG5G2utc3kXvFqPJ17HMDPUwhLiHzhM
