BxASWxha82Gq87axcFsuwaUM6WUhbK59WG6iHBHPmtmM
8Nj7AC1oPcx2oC7Njihwp9Ee3Aez787kvww3sX3Bdox2
DAphBWYHaBQkRJCHpqKXmjHo2xTzhSWUsuDrSexkwrAF
7G6NB4CzECUDH3mEU9J7XXJm7GLoVoDJ3d528ujRGWXW
CYVikdfqKK1SmPasR93k1p6CntrmqGW4YcoSYQQ2TeVp
8nWnXehVLWEDb3nT1k6WxVQ1f96a5Wy3zsNN8GdKm5Vi
5nH4SNp9Hhigqmjd8spT6UyLKN8okssmWJ48uCGfWf3J
EemwWLhud7GQn7ywNS1S5ujuT6UbK9qc1G3EyQzx5peZ
FH9fysysHZBS1E4AL7VhMGstWvMAyXedcqXo4MaM6eGs
CYVikdfqKK1SmPasR93k1p6CntrmqGW4YcoSYQQ2TeVp
AZrbwsZxCsxQLYxvTyVckzFYCXDzBEYc5JpRw1wXU5Gy
GyxrUNS4mSG2fwQ1rbCVRs88yuPW7jbANN2CGujxXpJ8
6DtPgUwXQcuvZcWrKk6x6RHwdUBZbsdiTqc8xRbfFkBN
JA8yXQ5ZuRfATTrCatJoehaMZjR6f6QnPgtY415Vs2vt
7HVqyEcR3XuqoX65hMKQTA6kYssNGBbi1x1fxJ49Ycux
EAzuPsCQuDDm5EyUeSS9bDbrsDrKejiRNJgLJkRvqAWz
GsmrTBoALiurqDsxcMurQK9EN7pDbi2JewoDhJYH6Wxh
BxZat45nB7rJZxf4MzARjCYNu2NUUkFDHf51rFhtqYUj
3uExCZNA4XcoLzfvjPPK53VpgXqKuWUBR3dmjR2c51TR
g2q4tWwSoLzY2PYmYM6YB8167AFP9L5J1Mf4xJ5cJhB
AEUto3eFWHLAmmVRq3Vo2fmHXwte525jQGG6D7pN4RRd
G4yn6VjDQoRRgqKVt1fp2uei3rFHWWKA5JwWPMM4eCgT
AchUGZpjS5FrHrqbtm16ewn9SC1Qv38vzDoH2PVpBPrb
C91QVSPebG5w5SP8Wg97bqfnnNfG6j9QDuTFC5EM25jz
AkdfJa5NmE1pQt3Ai7DpgDg8kryN5qTZirp6LQcpen6R
AcuEg5PvtpxeNEAsiDVjUAjMPdqMSAsyi3qHekqpBagF
GT4iUrPsKApyMsXsu6CPk1AN7CKfMnzji9doas1B1xLk
QermhurVSebxf7aV5PbCJ16EMLtjShpyFtpifUMKeqW
51oET2dy4vCmZ1JMGYR9hbsvsLng1vcLD6z2AZp1uq1j
2cUr1V1n4QvWyT6CchmoSxjAd3HhvsonHK4X4Ai67PBx
BVFTQzEas8kMPkcugksaTTuLnQJ8ESxtLryk4ngdyvjU
Hbvnwkhof7tPGPpJ461QTt5ZLejyK2aC3LRsMTi4vvdZ
XGFZk186maEp6FtE2YMHNXiY2c9kTkUu88ofnnBm94j
GyrzWsvsPYmnJ2ZSpxu6tJvFZR3q2jixuCgBJsdtm9kA
EkHsWj67nEwZKZk8RQsVqn4t9vv5VgLyArLnSo4cvVCG
DajLww9JAzbHx6VNacZZWYKQfUukB9bibGRcwwHs7e3P
FmYhwj8TeXSLxEG8KT5JmGy7Zq6Z1PwLd4wToBpiDdG9
HcaR2tpC16emF6MPzBzYbQRsGutmXRDnJChin2Srnyqg
AUCZf2bCy92cf3JsRXf3LGu8D83bFoNWkULRX4KsePi6
GsmrTBoALiurqDsxcMurQK9EN7pDbi2JewoDhJYH6Wxh
yXYzVF3WnzkUVwwmejoNZkzJiQcn87Ms9avDqFQEuoU
BBSxmVWHf5VV8M1HLd6LGxnftPuiu44HVeqUSzSdrejX
J63PQ61AFhZXeupw9j5GYY1aEuR3R6BnAbtfqqAX6DQw
E6cf5us72RkxYu8hSUX1GNb1smNVAJhtDd1Gyafzb6Bc
BA7N78zwguVEsumBr2DBvCY3B28xj6RY7NkTwRVWvcun
8zfdGUKpemtzs2Ypb8reoN3A43o1ZkbwFCBNzpUeFeUo
HPedc5tDF5Gvf8jH5c4R2fJJ3pe7uLkv598GgyheVJ9H
o2Aug6JB1RDFk7yYsf8QCjpWo2WzgwFkM115gtSJU8r
crpQUfqtr42Y1W5LgZjvjVnEo2nsmXhSuZ1EyomFCDj
8DmRR216akpGM4i748vQxbHVL3mqAYBWLGs7G49CJoFC
