HizBLT7k1KpqRZz6u1oqJ8siK2DMshvyjSK4ZTPczZ4R
3TakYvj1JcRExTg3dqXLiGbTTT85KYSYjYvJdzZkGCbc
6C6oUJcxvcifWYxKztuzfPDLmgeH7TMrnnL8dnd48WcL
Dcrd4JTqqvg6iw3bbWQiuFwhAMNNbZ2rWii8vyYPggZJ
41LDPjH1vBsWR8m4KhdGDJY1LfEih3cyvZZamWSDnCjC
9RiVtyo8bYnYU4SxiuM4pWx9CUFyxfXhRo94LYKh7cdv
F8ttkRuBtZMrkdZRDwM3yRPeYA7cT4QTymVqz71hKBWV
7WtGEdiL8pTkKpA84RrsMJuiHGAyXzTYRaBQnHD39wH8
2AU4bLiBFDiUg7jrWbGfJX2oYAcajZVk9mCiyf9GRG7u
2j1dNiD4con2RrRn3kM3jvwapDzUxYTm1DXkEMLUEWfo
5mdjHHu8STUsjuG1fvWUkNySwbSoMptDffScMzJzXoM7
Ae8ndekmeUKesGtdQJuVZqFSKBDELfXyDt7jzJYHt1JX
5v55risw81LC5KX1tXc68WYYdwxD2NRSggybBqGhVJ1M
8GkqgyBr6PhtkmTm7AGrZxrSpoxyanzKjE84yKmXhquZ
8NyWUrxVvvg4TvQ3DqFGsVb5i4ZzKC4T1c9SN8YyFs3r
2HTru79C8W4mTZDVZd5Nj2hmjhfdzhKWRx4sSkadyVJY
GRpPk9YWL1Ff2mEn2ja9JGZRiiwjAU3PmiSEGG8QY1Ux
Htu63oH1X4c4CjfjVtAboWhfQ4sdwJnuZ8KyoWkV2XnE
BHoFTs4AaNXunL5vWfqt6k2jjYBmkhYDZ3oV45hSZBHz
5Hadye4ADjyKAK8SnTuhCGerLcMTpxud15Jh7947ZUoN
73hxzpJGDPK5XcNskjK1tSEPxqtdaAXoMBTckpMdNotd
BYq9aBrzMSuFc93n3Rqc3pnku4JV1cocJSYzgxsS2tFZ
AeXkNWSBtt7bnoCPPzuBD4Pi9wDE8PBkEVjgExoNpNxH
6YAt9bZ2eNxfxYxA4geZ3uqUUsxEunMzQw3SerfByv1M
AuXD2xV4SwRE4qx3LBm5LQJvVEhv7EqqnLs35D43YMgt
2PNLUmnP7yCxQkQrAekG6mUS5i8vzNH2k3nmodAAbTRr
6SqbuuXxoXJVwCnD86eXftg3HJGjZ1URKEPySu4TXuwF
8UVNumptjYxtNLVZ6rtmqsV51sCJPmAAHEneBeQMYKXk
A1ssNSSiYsTgSRcgYeP33WkajLPZWSAKqYS3FFZrwVCd
awAyEEGyhEgG1nf48X1KnThh5iNJkJw59bDMUtE4a1t
B2f2JSLsjEfZXURyTHZRGqdCVkWn3SHh5DP4U9rNvthW
7nnB1oN7gGMozvpUrm8FYnMGyoiYkjSndTN1Quah12m5
4Q8CnPzY79zes4L71rov6NnBaL66VCzcYCx4kVAKKLLC
8MBRh1VAwbADrVUE4hz2Xg95zzKtFZ6fq88jYAWbN6Bu
GMvmEEu9EWaf8JHV6yMePGMCDKKUB19WPXoHZpw2qY5k
5fS6JzZL175NcjSVDfG36UskqRr6Sx75XBPnfrAwrK6q
CjNE2hmx7AsGP19yBRj1ArsLZFe7KffstoGPEGFgdbRY
B72QRD7TR3JDzdaeEUDqDhw3zussxdeAA29AeN12r2m3
3cBoJXmepZMVYwsGt7Nzk5HZT8sBvU1oxjYRFvHGs9T1
6HHVAYCG7EZ85tqMi8wifDR5WvKRjWJq6YWpicuUEjxC
Eg3Ek5AQYsn5x72chnc681kGKpHoqCfftVCreSREY2a
3oTZNkXSdBb6ZUud5bupii3WFj5uGS4QxjkY5aWrbEeu
5HcdpbnRqvnjHRBPh2bitBDqnnhdc1qGuHF4hx8Rzfv4
8NogXYZU7FWvBLnyHjHjgpnvNyyps2GqQZ2xfKzXT4xa
GL5abME3Pv9GmZVozvRypFe2ZEYhWZLMkuP76RsUNAzK
Fbce3ws1CY23C9QLFVbUbShxtmtdecw6qg9r34uSEEDp
BZznaNCfjvxpccKULBaNKGifjthTJcHrWNtHdS8FsGb8
A2MoWKBm9QqTZ1vLBmFkUKxvceWb2ZZdqR4JcXbKYVoK
8BbRKmkS3sXiWCjDPSqUp8ujGqo7CKh3tFqWtUiwJF4N
7YrwUdepeuKNQTXSUQMy4TYPUpQHgAMZUQfVpLAqiz6o
7Er59DNe2VxtJYVqPTHUs4vpD4XYhHJwS5o5p2cYZPTc
8xpsAQyav4yvpMKhjTj1TNb7Pt9gpjiMm48XrxsB7yuj
8Dp2YsVHtqLe3ps8XoNZj3yScgYL6DACzWT9gybxTM7g
2F2UfRmMH9VYqAfCndocqeKHJUTUSMxUappHkW3ktjUQ
g12MUKTVeh4yaRKb11pqMYA46a1oNBcYpVxb979nuoz
Dvaui8imdF9HyTNQxZ7bG8dWBueJjK6qrkFcps3e8wEL
8NpuazHL7qT4jyNrTJRFKPJV4Jtof1VWBauePGL6T4CH
9bpqMbcnBJpmUBrYpgZUVWXq69H2R4YCtfxgmpEVLq9W
NxxyWMo5qYJEnCDbyowLkjX6ZZ2UDQv3dGxs7sXYN4G
F79Nv4YSSVJRxWDjpMEgUF3Rs42dP9K4PX66HG9axZyV
5eM1CtTg2aTb8DapipXtz8kD1yg1t6hHFiNE26AdfJEx
96wyp3njoYmrN8oH2M4uDBTqJv1twe256GCPvX71QEdq
8gZ9YqvQZCfX99HDntEgT7roQGo9VnjeMwCrumByA79
6afp4DfEy51eQHuDkEjJAdKDycpm455L6WwUMKqG71uz
5m4GnhXpaPTkGLhetLgVhJLrui9itBcHQLDMLae7NYK8
Ah2fpcC5JC9gNCenErBdfH4iAnG3RMeWftHc1Eip33mV
78bs1D3tqsyYRPqW5iXZ5GeptS5KJiqgMnXh3NWoMKf8
AweNfYYNLNhmUMLMvcxftJnc7ev2ZmMtomaUa4imkDw2
6MCu7hWktLWNBEVeLtWJ2g12SfJ2U2BcgYdDEersod9U
BgHJeZ91zZVmZxjvbMamKyarYQiGTZmTnUJK4kdpFTxp
7ia5RnDgvJqd9AN4HfmJZ1uksyL3KAesbWyVqqRPsy1M
5NjqxonRsS98JkZSnW3GT6gJp5SPySrY3NVAHxLqq3QR
AjD6dWxWK7aE5UH5iCmgEN9GKU52PrYFV7sFrwKnGFEo
DJad3kNmhGpGTGxmGK7KbW9hzALh47h9G5Q4fgZf2C5N
Co2vrGVF3q5erC9Tq5zrohgib9xhUANyVRMLD4uSex5p
GA4TJLH8cZ5vdUxcB4BkNuYqpdMK8Dhaech24CMhzSpU
E4iAchufm9odB1KL5L1nWTXXDDqoC3Xe8uQLKBH2VMGP
B6rhqt5bYXcdF9To4mPkd8Ko7BM82EjYVFEwY5H5Ddd8
Afh6HFXcLsLemUFew9FeFsR2guxM9RntL3rWTpShQJQM
4XxFdmsbAwYD9z9LeYABA6NH9N61CVSruosJDNM4MQvb
FxUKn4XvYPiAAphf5TnKaL6T7HDFBpJgzmCKULgtA315
HByQKd7ZVTyYsCPwFui3T5WSYWhPpR98juby9qN359ws
GVqpVSmH34SeE2V1V7M5awJDcA8MzonAtfBZz9AcfnXJ
8AUmcXectniDd5FfCjKSDp1UBv54DKASwpNUQg6XKT9p
5tfygPHgtfFSGHW22crB4D3itvnfBdYziG93GA8YMb8x
EGdvrxBpgfuYdscGjSzk88yZSiZaxBgvfjcw1tn7CS6J
6TLa1L8He7PY6kojmmeWreKBn9bPSeXjaf7J6dq7pko6
EDbsBXniu7jedsDs5xde6uyPqz9p6L8nv4MjMD9VGMEQ
CCZ6NWhJGhtnpuJa6zLBww7tmF9GzLv4pNxYPPqfjkga
E9zPZ1FuRuBtAHQ67Sf7YVXBpv1hJSHuFibTkATLBBSp
9hSHKxgV5pv5aXNeRNyTKzDpMWMXmMq1nAck1YkEFGx9
EM5b8qD5G5NvGxPoAN9yBcyZ3T3hifVsXqFTCithuNHz
FE4uWuJVq9KDizuBcxrmCFKXubhs5PjWYcBTgGB32EGP
AvmDQPPYu5AQjtAcjddDbHh8qAYxNLGfPgC7H9bBnQnT
4jGk5ztsEgoG5No41jhKDrAVv9hJUcXLYZ5b9mC6LFnH
3TBMiteqTvyH6eXv2SY9zdLtQS39V211CVN7j8nMfzTF
ErNd29Pe1egjSU1sNTQJKwkQAeUtYiNi6NFYJTDfDwsD
HizBLT7k1KpqRZz6u1oqJ8siK2DMshvyjSK4ZTPczZ4R
3TakYvj1JcRExTg3dqXLiGbTTT85KYSYjYvJdzZkGCbc
6C6oUJcxvcifWYxKztuzfPDLmgeH7TMrnnL8dnd48WcL
Dcrd4JTqqvg6iw3bbWQiuFwhAMNNbZ2rWii8vyYPggZJ
41LDPjH1vBsWR8m4KhdGDJY1LfEih3cyvZZamWSDnCjC
9RiVtyo8bYnYU4SxiuM4pWx9CUFyxfXhRo94LYKh7cdv
F8ttkRuBtZMrkdZRDwM3yRPeYA7cT4QTymVqz71hKBWV
7WtGEdiL8pTkKpA84RrsMJuiHGAyXzTYRaBQnHD39wH8
2AU4bLiBFDiUg7jrWbGfJX2oYAcajZVk9mCiyf9GRG7u
2j1dNiD4con2RrRn3kM3jvwapDzUxYTm1DXkEMLUEWfo
5mdjHHu8STUsjuG1fvWUkNySwbSoMptDffScMzJzXoM7
Ae8ndekmeUKesGtdQJuVZqFSKBDELfXyDt7jzJYHt1JX
5v55risw81LC5KX1tXc68WYYdwxD2NRSggybBqGhVJ1M
8GkqgyBr6PhtkmTm7AGrZxrSpoxyanzKjE84yKmXhquZ
8NyWUrxVvvg4TvQ3DqFGsVb5i4ZzKC4T1c9SN8YyFs3r
2HTru79C8W4mTZDVZd5Nj2hmjhfdzhKWRx4sSkadyVJY
GRpPk9YWL1Ff2mEn2ja9JGZRiiwjAU3PmiSEGG8QY1Ux
Htu63oH1X4c4CjfjVtAboWhfQ4sdwJnuZ8KyoWkV2XnE
BHoFTs4AaNXunL5vWfqt6k2jjYBmkhYDZ3oV45hSZBHz
5Hadye4ADjyKAK8SnTuhCGerLcMTpxud15Jh7947ZUoN
73hxzpJGDPK5XcNskjK1tSEPxqtdaAXoMBTckpMdNotd
BYq9aBrzMSuFc93n3Rqc3pnku4JV1cocJSYzgxsS2tFZ
AeXkNWSBtt7bnoCPPzuBD4Pi9wDE8PBkEVjgExoNpNxH
6YAt9bZ2eNxfxYxA4geZ3uqUUsxEunMzQw3SerfByv1M
AuXD2xV4SwRE4qx3LBm5LQJvVEhv7EqqnLs35D43YMgt
2PNLUmnP7yCxQkQrAekG6mUS5i8vzNH2k3nmodAAbTRr
6SqbuuXxoXJVwCnD86eXftg3HJGjZ1URKEPySu4TXuwF
8UVNumptjYxtNLVZ6rtmqsV51sCJPmAAHEneBeQMYKXk
A1ssNSSiYsTgSRcgYeP33WkajLPZWSAKqYS3FFZrwVCd
awAyEEGyhEgG1nf48X1KnThh5iNJkJw59bDMUtE4a1t
B2f2JSLsjEfZXURyTHZRGqdCVkWn3SHh5DP4U9rNvthW
7nnB1oN7gGMozvpUrm8FYnMGyoiYkjSndTN1Quah12m5
4Q8CnPzY79zes4L71rov6NnBaL66VCzcYCx4kVAKKLLC
8MBRh1VAwbADrVUE4hz2Xg95zzKtFZ6fq88jYAWbN6Bu
GMvmEEu9EWaf8JHV6yMePGMCDKKUB19WPXoHZpw2qY5k
5fS6JzZL175NcjSVDfG36UskqRr6Sx75XBPnfrAwrK6q
CjNE2hmx7AsGP19yBRj1ArsLZFe7KffstoGPEGFgdbRY
B72QRD7TR3JDzdaeEUDqDhw3zussxdeAA29AeN12r2m3
3cBoJXmepZMVYwsGt7Nzk5HZT8sBvU1oxjYRFvHGs9T1
6HHVAYCG7EZ85tqMi8wifDR5WvKRjWJq6YWpicuUEjxC
Eg3Ek5AQYsn5x72chnc681kGKpHoqCfftVCreSREY2a
3oTZNkXSdBb6ZUud5bupii3WFj5uGS4QxjkY5aWrbEeu
5HcdpbnRqvnjHRBPh2bitBDqnnhdc1qGuHF4hx8Rzfv4
8NogXYZU7FWvBLnyHjHjgpnvNyyps2GqQZ2xfKzXT4xa
GL5abME3Pv9GmZVozvRypFe2ZEYhWZLMkuP76RsUNAzK
Fbce3ws1CY23C9QLFVbUbShxtmtdecw6qg9r34uSEEDp
BZznaNCfjvxpccKULBaNKGifjthTJcHrWNtHdS8FsGb8
A2MoWKBm9QqTZ1vLBmFkUKxvceWb2ZZdqR4JcXbKYVoK
8BbRKmkS3sXiWCjDPSqUp8ujGqo7CKh3tFqWtUiwJF4N
7YrwUdepeuKNQTXSUQMy4TYPUpQHgAMZUQfVpLAqiz6o
7Er59DNe2VxtJYVqPTHUs4vpD4XYhHJwS5o5p2cYZPTc
8xpsAQyav4yvpMKhjTj1TNb7Pt9gpjiMm48XrxsB7yuj
8Dp2YsVHtqLe3ps8XoNZj3yScgYL6DACzWT9gybxTM7g
2F2UfRmMH9VYqAfCndocqeKHJUTUSMxUappHkW3ktjUQ
g12MUKTVeh4yaRKb11pqMYA46a1oNBcYpVxb979nuoz
Dvaui8imdF9HyTNQxZ7bG8dWBueJjK6qrkFcps3e8wEL
8NpuazHL7qT4jyNrTJRFKPJV4Jtof1VWBauePGL6T4CH
9bpqMbcnBJpmUBrYpgZUVWXq69H2R4YCtfxgmpEVLq9W
NxxyWMo5qYJEnCDbyowLkjX6ZZ2UDQv3dGxs7sXYN4G
F79Nv4YSSVJRxWDjpMEgUF3Rs42dP9K4PX66HG9axZyV
5eM1CtTg2aTb8DapipXtz8kD1yg1t6hHFiNE26AdfJEx
96wyp3njoYmrN8oH2M4uDBTqJv1twe256GCPvX71QEdq
8gZ9YqvQZCfX99HDntEgT7roQGo9VnjeMwCrumByA79
6afp4DfEy51eQHuDkEjJAdKDycpm455L6WwUMKqG71uz
5m4GnhXpaPTkGLhetLgVhJLrui9itBcHQLDMLae7NYK8
Ah2fpcC5JC9gNCenErBdfH4iAnG3RMeWftHc1Eip33mV
78bs1D3tqsyYRPqW5iXZ5GeptS5KJiqgMnXh3NWoMKf8
AweNfYYNLNhmUMLMvcxftJnc7ev2ZmMtomaUa4imkDw2
6MCu7hWktLWNBEVeLtWJ2g12SfJ2U2BcgYdDEersod9U
BgHJeZ91zZVmZxjvbMamKyarYQiGTZmTnUJK4kdpFTxp
7ia5RnDgvJqd9AN4HfmJZ1uksyL3KAesbWyVqqRPsy1M
5NjqxonRsS98JkZSnW3GT6gJp5SPySrY3NVAHxLqq3QR
AjD6dWxWK7aE5UH5iCmgEN9GKU52PrYFV7sFrwKnGFEo
DJad3kNmhGpGTGxmGK7KbW9hzALh47h9G5Q4fgZf2C5N
Co2vrGVF3q5erC9Tq5zrohgib9xhUANyVRMLD4uSex5p
GA4TJLH8cZ5vdUxcB4BkNuYqpdMK8Dhaech24CMhzSpU
E4iAchufm9odB1KL5L1nWTXXDDqoC3Xe8uQLKBH2VMGP
B6rhqt5bYXcdF9To4mPkd8Ko7BM82EjYVFEwY5H5Ddd8
Afh6HFXcLsLemUFew9FeFsR2guxM9RntL3rWTpShQJQM
4XxFdmsbAwYD9z9LeYABA6NH9N61CVSruosJDNM4MQvb
FxUKn4XvYPiAAphf5TnKaL6T7HDFBpJgzmCKULgtA315
HByQKd7ZVTyYsCPwFui3T5WSYWhPpR98juby9qN359ws
GVqpVSmH34SeE2V1V7M5awJDcA8MzonAtfBZz9AcfnXJ
8AUmcXectniDd5FfCjKSDp1UBv54DKASwpNUQg6XKT9p
5tfygPHgtfFSGHW22crB4D3itvnfBdYziG93GA8YMb8x
EGdvrxBpgfuYdscGjSzk88yZSiZaxBgvfjcw1tn7CS6J
6TLa1L8He7PY6kojmmeWreKBn9bPSeXjaf7J6dq7pko6
EDbsBXniu7jedsDs5xde6uyPqz9p6L8nv4MjMD9VGMEQ
CCZ6NWhJGhtnpuJa6zLBww7tmF9GzLv4pNxYPPqfjkga
E9zPZ1FuRuBtAHQ67Sf7YVXBpv1hJSHuFibTkATLBBSp
9hSHKxgV5pv5aXNeRNyTKzDpMWMXmMq1nAck1YkEFGx9
EM5b8qD5G5NvGxPoAN9yBcyZ3T3hifVsXqFTCithuNHz
FE4uWuJVq9KDizuBcxrmCFKXubhs5PjWYcBTgGB32EGP
AvmDQPPYu5AQjtAcjddDbHh8qAYxNLGfPgC7H9bBnQnT
4jGk5ztsEgoG5No41jhKDrAVv9hJUcXLYZ5b9mC6LFnH
3TBMiteqTvyH6eXv2SY9zdLtQS39V211CVN7j8nMfzTF
ErNd29Pe1egjSU1sNTQJKwkQAeUtYiNi6NFYJTDfDwsD
5ST4Zh8gDsNyg8nRuBLEm6ca3BYEnRqMNWHFzJUD2ZuX
7Wr7tzJ2W74weMDmmPGoAiwYoSkg16EAazbtBaiiNPF1
GZvDz6XdkFZ75XnWzdJtffviwqWN7G4GfCYd2AiZdjTs
