HtXBAZRrW5Wj63ujL857xL1Q7KCaBSNb7KJWLnafrhU4
5Lhj3PBTwBkcoiwoEukL3eQDcnZvroFKfy4vCf9Qe2PV
3WNCknD52wUkud8xE2ZynxAAf5Jhd86qnvaUXeDYs52t
5rgrcqeMUHaJX6HCy1KWYR71CWKrMXnRJoMnJ4dRzZgQ
9L2xXPmdod8hSNCCHdTMyyGdhyXN3ePgDnyRx4zGiFSw
7Nk9vyv8v5Fy3gFKiehA5keshkuBgHHwoPFonEA2uhEj
AcAXVrde4eYBKdtbVR4A1VmCGDDQRJcKCX24F6Ca99uh
7b8ta4RUtHrDd7s2KmrNkGWikMCdewS2qe2As7FhEkYX
7cHUi9QVQqk8tpEPdJrirAHqNDiTacpkpFqn9Nmm4WXG
GXy4JkUTPDuBGDGx65LbdKVQTb7y7w2qjUmGx9vAkQvU
DrwUrUkKyxXeqHzaaThsJpJ2bncma9bNWYkvhaXFwDXb
4kuSUGSFXnbN2wPdukwq6jG3W2FtK6VTF4vZUbo7Dh7t
DbRFaySYkiG4MLUy9guTTzAkDf6RhRrF4b5kNkWf5ovc
GauPSdBZNETUK5YNtcGuXtiYPsxszzSqCEnN4fGxq2V3
9tqfYPBPi9ajN8bi3Nr697HSw1Uqg8mit9LC8Jy8zG4i
CNATBs8jSBfE7uRJQr3MSTfK8z49a21J3bDc1jUCrHEk
D1GjuzCEsPUgyDw1bB2phTHawGRgYKxmD1tD2WKCQ5UU
7ZUSD2XZxNE1xRMRktDnxcTfD3YBSSbWEQ9jsXXHznFB
Hn1vbh1FTMqTvFdcV7Ww5u4A2odnszCHbXdx7v6U4GES
2usLDjL7vPKFrpSNiMgQhgUCPnimSjjWjwoKTtFb8BNZ
4bhQxDVBHhLY6mQndHVvUsjZWe1RXFh9u9Bdwhs8dG4g
BPjsBwxDEouBMhLHi9ATXpaF1k17zWMsjZM3RjBNzoDu
5Vkt6pcqmsMX9MTevEE4d6dcB8fsKYJYPmAPEKiGqFyH
yqXs2qCq2jqnaEuSabs24VZja8eDdowXfMC22wc78B1
EBJvtTwZVm8D5SiRp6oPy9nvKim8hNGatqDmBKFGATt3
G9XyHwb2ZLyGq6256Krkn6M1LasnQDt5kGxBLmGDEy5j
HKmD2TpCMERhzw9pfheFKdRXXy1sUvEH61opHwTgQc5P
BzpyHmPScWqUvbaEq7zu4prY6arEoULxXt1rwKHv4sQC
7oJJvFursJ1ePsAD5YThbekTfWwZQHMWkbWYVg5eg8C9
55hC8siJiXh5qfXRELsqYYt4eBSA4pJ8CaWoAoMaH6Vo
DCTwEq3wtFkDTwXRvdK1cehuZYmymN1pVt4H1Vuvv49G
6DbRjdUNQ1u2u6NyNWR7m3wXSUJKAGzuCEuzcm76QFvP
Bp8N35VZ46vgNA54aGM3R8wq1BiJXbDCWVvmHixSKH4y
DNWfrWp2bdmgraYKG7vDczegfz4QADkLMh15LTeZqi2x
yeNni5PPdFyV6ENvi6bSvcAE3Z6KHwPjMdgFKxgNM8y
G9KbLgYyFnAkTLmUfgkrPFBsBwMs8Gm5tNkYXMhqYLU3
CRnbvr1MpDqMhT81ugkyWvVUVzpRjDUzFVznP1kHjNs9
D8BMkgisTygeB859snde3d3dkkXKSh9xEKBRjfTFzU8
CK31cBC3NAjQRDYPacs2zib56QYBLJ1G72ePvPkjBJCB
EP2YK41McgVXtcocx1z2cjMTKKqrwjtNdYKuwaWnAQmk
J8wkiCHYsmWQWVzfCq4s1riQCNTxmL5vSMPN7FrLFBaC
6rPSknDoFapMwsMMyjzDcKgENxPbtPLJ2ct4dGqd88p6
DcgUhKsCr2qnP8Nuz8AzedJwBH36b7m723SDhLZy91UT
3GgxvcWhfeDR4e8c3m6yQB7CdMpHuJFDquG1ctpg4xL4
3uMXbBKPfs9ZptArdqWuggoFQyiMfWjYNoJdSrR4tR7C
4W6XAwfa91JRPGr7ZDLBRkxBBMTiVGJjhP5HVdtGYqLD
Bnvfwh2CAPYHG9T6cfVfH96vvy4GmjoZFu9x6WGcC8Te
ieKb1JBSJa7fnWznqVeu3AffEq6p9ezkZjG3VqarEqL
9U7U7TzgeN5ZqBxH7uwzsJTJ8saUjLVcEtRrzAocXLPH
APcfm5wDinxjkU1y58SiA7g42tysk6QjCg8tnrtV6MKp
