Transfer 1 tokens
  Sender: BZUdErBdvwaXYvpgjevpQ9y4VMe3DxQDsr5FBw8JCPye
  Recipient: 73tF8uN3BwVzUzwETv59WNAafuEBct2zTgYbYXLggQiU
  Recipient associated token account: 84kdCqVdAuTfCxqYDLMuP3s9FM6gcPZm8HWiDfW3qgrQ
  Funding recipient: 84kdCqVdAuTfCxqYDLMuP3s9FM6gcPZm8HWiDfW3qgrQ (0.00203928 SOL)

Signature: 53KFnCNyy5wn6nKnarbmXqm6iQDi8otzdUaGbu7KBSkbjF4u74WQiUoXLg3hFwNXY3CsmBBBdyJe7KMMrtmm9oX2

Transfer 1 tokens
  Sender: DWVUaLfwg2JB8AedKhLJNbpW6CupE2KD2Vdozt9fCN1n
  Recipient: Fn149efR6ecunpwmxWsh2ByK66w9tbVtwQmuS3tvL91W
  Recipient associated token account: EXBPLnTeokSSbbqFJixj5q9UWQav63AVEzADRo43HsKY
  Funding recipient: EXBPLnTeokSSbbqFJixj5q9UWQav63AVEzADRo43HsKY (0.00203928 SOL)

Signature: 5MKioUnGnTh9esXk2E7VwdPyURAigjHsuPw6Kzr9soFsdhfH945kSAVSmkPu4eHaYehGZMccQVsUaZvUnsWedjh5

Transfer 1 tokens
  Sender: KdnBAG7ck3Qi3fgoJ9hNdV6TCw8p9QCkvUSKzX3MZya
  Recipient: 5tzSHxTWZkpKA1i3LoPre4ZvR6dsjmvnYcExS1pdsKv2
  Recipient associated token account: 4ytPYXarBLNu3Nf5k2aK1nkJKKf9BJcsJquFEoMxTrbN
  Funding recipient: 4ytPYXarBLNu3Nf5k2aK1nkJKKf9BJcsJquFEoMxTrbN (0.00203928 SOL)

Signature: cpFYqdWZtYzSsPzeupd1hgjzWcNaT3gp6Mb3M2YT4GcyAHFwGCEGyYiASRwad4KKLhdyXN9RTyphEHpMuXnEfzq

Transfer 1 tokens
  Sender: 6XyhW8moCXLzmgd43z6bU3uRqjqc5j29tTg7RYrjBaMe
  Recipient: ATgJVJtMM8Q9Z9GYw9kmKVgzu5pVUYxN2YuHLpi84Cmn
  Recipient associated token account: Fd4a6MZu4YxjPXHynxqoeKLuRW7pPPimEK28W6g4NEPg
  Funding recipient: Fd4a6MZu4YxjPXHynxqoeKLuRW7pPPimEK28W6g4NEPg (0.00203928 SOL)

Signature: 3PFshJUS7DgAjmwmhaEz4QULACj42vbYiU22HH79AXJDVgsVQekTQXnjXv7y3CrJC6pqVgvfrF6GWQ22s57zh22Y

Transfer 1 tokens
  Sender: 8GvhXYyfFdWKEaodCtu78sA4CHAM6QjAisQwpfa8eUTs
  Recipient: 8jb8i3zXet28GVBEZWcRAy1xsJgE5dWL4A8f1c8h2jUA
  Recipient associated token account: 3BWY3TRJWHhW3pKZ571BR6f1YaFrFFFGbdZnuwnjQcnj
  Funding recipient: 3BWY3TRJWHhW3pKZ571BR6f1YaFrFFFGbdZnuwnjQcnj (0.00203928 SOL)

Signature: 2DHK5sENEZ17wuM9QQqL5B5K5wbvo2CtreJvLuwu2tgN17fMkG3CH1K9XWGwJ69PZH8szbpogcy6jcJATXwhZiRM

Transfer 1 tokens
  Sender: HVXXZ4hFSek8iFP6mA3bVqsThxniqaTQ7Vm6dypCcokr
  Recipient: 4eg3MW2HpGPaNk6dHj8RZ2dZhzYC4NxpRRaetFsePHa4
  Recipient associated token account: CsiqRBoGQNgpj375JsnF37J9iaAw8HUXrWKNssxVgL9s
  Funding recipient: CsiqRBoGQNgpj375JsnF37J9iaAw8HUXrWKNssxVgL9s (0.00203928 SOL)

Signature: 2NayWrXwRXqZb4ZW2aJJrpT9CbNcs1gWZnZStcPcQoABDJyvDekCJL9JmQEWf5TELg3ZC1hHaNRjj3JSkNqg9PaC

Transfer 1 tokens
  Sender: 2wxwP5kYt8VGoxh8gT7C9R2BMHPxEn7Vr6fE9vD6H2G4
  Recipient: 2vhNMJt9fhQs7f9YQubaS1MpCuUdx9o8zTwqxzkfcLof
  Recipient associated token account: mtCB9mbMG62gJS3Vpc5cFPyBFYrdtKeQ7GrBLexTzHP
  Funding recipient: mtCB9mbMG62gJS3Vpc5cFPyBFYrdtKeQ7GrBLexTzHP (0.00203928 SOL)

Signature: 3xwwAekJ48bBVXShLrkPBwjz2u6PXGsJtJiXDJpx8GcyM1SiJgRF8Zn6hdoBLBxobZkpnkafcFwKtrmeVDgVb7D

Transfer 1 tokens
  Sender: 9KBfLsp44FGkmuUt1fkpJuJENg8pzVjG88uizuWQy8kV
  Recipient: 74MCLCGZ6HKYja3Uca8UQN5C3bw6NeyNXF6xRqaWkaFz
  Recipient associated token account: 4tCBkEVbCogYYfYF1xuazGc7JGASH2DAmLVqNpeiLbXK
  Funding recipient: 4tCBkEVbCogYYfYF1xuazGc7JGASH2DAmLVqNpeiLbXK (0.00203928 SOL)

Signature: 4GtHeL6cpWYPDeoMkm4bSTjaq9kUezp8xb2PFVzF2e5CtX6hnUsNJBqonXzo6P7B6rUj6EMpqtVJSFZ5voZTSqju

Transfer 1 tokens
  Sender: FycPkUKa4NUpTbi6R9akkJfnAACanHoUegP9qCAe7JKx
  Recipient: 3z6u9KG9vmnKG4WKS8uZEdtpbmMQkJQAFwkBcGT5M16P
  Recipient associated token account: 3j69hFwYp3fYCsijWyyEFPZFeGezU69M9BjaPCPSntQ4
  Funding recipient: 3j69hFwYp3fYCsijWyyEFPZFeGezU69M9BjaPCPSntQ4 (0.00203928 SOL)

Signature: 3nBSvRZ87dW4jKp814jiRUdiYVcrUT5UKzdjPR1Aco8GjysekqexxKg3qoDed2NkXEBerWoFXz7rDAH9iEsHwfZ7

Transfer 1 tokens
  Sender: J54UaCygWbPFmuMGT8vNC9qKcQ2LWaX1Rh1ef6bsXfEN
  Recipient: 27TNAPE86WKjPw7wyEp39NSZpmDBR9peuUw2eNFqPvi7
  Recipient associated token account: 8pa65wDm9TVxYm4Rr7rTUjfNLybxdXkHCcKnZJErjUpV
  Funding recipient: 8pa65wDm9TVxYm4Rr7rTUjfNLybxdXkHCcKnZJErjUpV (0.00203928 SOL)

Signature: R7G1rqXjsk8CAMrtff9C8fSCc28RcjzrKR5Y5H8W9jUsMNVHLZseQtiaAyxxRYuUTYUSkF5XcYJYUw5kmPhk5P4

Transfer 1 tokens
  Sender: Gein6MnbgM1CNdS2GcPYQr88A8izYhU8hmeSX9JpBZzn
  Recipient: 7tMyU22ViPrhY14fy31bSmTsQK6rwc9q3Zbq2u5RkZis
  Recipient associated token account: 6s6mfrqbXU86HjR6EBpHY5yXbMGv6RcYYk7fsuvi6nip
  Funding recipient: 6s6mfrqbXU86HjR6EBpHY5yXbMGv6RcYYk7fsuvi6nip (0.00203928 SOL)

Signature: 4cRKkrdoGvAktEyB8TeFSpTGHbgwSgSAccMRzMiFHzGJMFWiH8F6eADcNVJwzo8NM8nm1GvXhbT41k3j8jpBVjyD

Transfer 1 tokens
  Sender: 7qvgr36cNDk7MXNJwKRh8KcU1v7uDYkHb2eoFgKSKBfP
  Recipient: ThTyeBebJ3xW8JyKvKdutZC3vjBehwxEqRVwb57FbwG
  Recipient associated token account: 6NFGecskv9YuFeNYJKw4Wv81peRbg1tnjjSD1CJMuEAW
  Funding recipient: 6NFGecskv9YuFeNYJKw4Wv81peRbg1tnjjSD1CJMuEAW (0.00203928 SOL)

Signature: 32TdiABWeRySJrpnkewnQ67xxFUDj1XNqguYvd1AbFNuv6fR1oRiQ7DVRCDNoxPaMzifKFNSa3Bxc1Tz3PfQCCYF

Transfer 1 tokens
  Sender: 9Q8CmSuTLtMyKmguJeB8h4PuiT9R9p7PHxiUJUVm3Jq7
  Recipient: JUskoxS2PTiaBpxfGaAPgf3cUNhdeYFGMKdL6mZKKfR
  Recipient associated token account: D5TSAunsnZvfvsrAxZZP5wYAHiwhpzBrjtyRwyNT7afx
  Funding recipient: D5TSAunsnZvfvsrAxZZP5wYAHiwhpzBrjtyRwyNT7afx (0.00203928 SOL)

Signature: QMJjkuij6NjmC5sxBbvqAZpEufNhnjZT63kW9U2R5gSxZwNQstHtvcWRsEAXJsY6mdJL8CWjttYmbsm2z4DyN9a

Transfer 1 tokens
  Sender: 5NcZvz2noU3eVeNz4izyQCkap8jfs99yuJ8mzaRHfRhW
  Recipient: AgPhAsvcwPfT8bcAQxfyvymHdS9enkCzHDZP67ihS5YM
  Recipient associated token account: zjh1tLj6JoCTGb5h9RMyPaQA785h9aTtajKymc5bCtf
  Funding recipient: zjh1tLj6JoCTGb5h9RMyPaQA785h9aTtajKymc5bCtf (0.00203928 SOL)

Signature: 64DJ97rwiJCDkXVigtmpL54sZPC5ker79u5wigwvRFxt3fts7iapfoH2amJhSEsd8PX58KHogHmcFwFD4w6x8NQz

Transfer 1 tokens
  Sender: 2ALPDCwUtL1soJ4u9xGWTFV1MSxgueugc2bFseKVypeb
  Recipient: 51oET2dy4vCmZ1JMGYR9hbsvsLng1vcLD6z2AZp1uq1j
  Recipient associated token account: 9xwLXEZhsmdzwwcXNbYV8oys34UeVxAGEfZ8vo49RKLp
  Funding recipient: 9xwLXEZhsmdzwwcXNbYV8oys34UeVxAGEfZ8vo49RKLp (0.00203928 SOL)

Signature: 4cY9i2ZY5LKkuqNTiBBZTKzbyEWFeSrAfqrT4HRqShvokqNpW4aaKstYK3oe2XGWtRApPa4cPcpPd2hcu7QWUK3j

Transfer 1 tokens
  Sender: GvGudGTvw5P9ukSBHz5ifUVP7VAagcp5tEVUESuPu8Fq
  Recipient: F2E3GcXewJR4WfVmLhJUgNK2aRP46s638CVFu3oFT7ap
  Recipient associated token account: oC79246Lj9yGHEDNgPQuN1MDtNu5tRESwQJ8Mj3erPY
  Funding recipient: oC79246Lj9yGHEDNgPQuN1MDtNu5tRESwQJ8Mj3erPY (0.00203928 SOL)

Signature: 2iqMfeZ89m3f1pQZ6fLCsNfvMEtjp74TVHu6wuZitT4uNqDNnjzVLqD9DkLCcjXdqaTHKFwpHdhRKKUcmu58NWk2

Transfer 1 tokens
  Sender: GmycqAPZzUwdAE4UxoQ38Up7fzVkhpRRbqeSKGg1sLRf
  Recipient: Xd7QR72dCcnxQ8e6M98Cko6aMdebTVuEAQqtFDzuAKo
  Recipient associated token account: C22V6CjtTdGJYdN4FHpJgZ75rQF48qERXwHcRvatnptM
  Funding recipient: C22V6CjtTdGJYdN4FHpJgZ75rQF48qERXwHcRvatnptM (0.00203928 SOL)

Signature: 3tcd3q8hPHLjRYHAnFrkDu7RPVm5LGPQibkm9UMLZpuUMtmwQPBbsoT1H7U4D8sQ58wm5wbAgen8jxb4qbAUz2Ps

Transfer 1 tokens
  Sender: DwnQuNHosomDoe4nAboWUma7XnH7FUbpPwBwvQK1e1Y1
  Recipient: BJSXGMEpffDq9sVJm7Kj2qEw7aTJy2mQB31DfkKvAnpP
  Recipient associated token account: 6ELgpVzSaaZCzsZrCbueDw7Ek8BPo48ffNpNHZ9pLa89
  Funding recipient: 6ELgpVzSaaZCzsZrCbueDw7Ek8BPo48ffNpNHZ9pLa89 (0.00203928 SOL)

Signature: 4kqDeH12DmVofs5bLhxFDWjao7wjSMN2MXUJwTPCLcMxkXqaQDfnJYdMEdssV7K6yU7woECRroYonB9jcCeXU3j

Transfer 1 tokens
  Sender: D59nx1fGkXq9BdWMXQQcxt5Kzp7eoG3FdrnQsTnewjSj
  Recipient: JUskoxS2PTiaBpxfGaAPgf3cUNhdeYFGMKdL6mZKKfR
  Recipient associated token account: 6PK2c12HcWnjVZGzqrUnqELEcpVhm4qRniCRbSZapoQW
  Funding recipient: 6PK2c12HcWnjVZGzqrUnqELEcpVhm4qRniCRbSZapoQW (0.00203928 SOL)

Signature: 4h2DxXXonKbQoPtjZapCMVHiXBJ47u2HejktDnt7NHCJfdx7hr1MUcynhAmoqQQT4kaiCoL2CHPyCd4jgVPA7LRj

Transfer 1 tokens
  Sender: 9mFjWNx9V4LkyqKmuEjxnBBTCSWUk3E3WjYGDZ9PcuT9
  Recipient: AgPhAsvcwPfT8bcAQxfyvymHdS9enkCzHDZP67ihS5YM
  Recipient associated token account: GGS23iA2WhDuBkZiXMUy9YkATuSMPRDfVhfKXjipNtJM
  Funding recipient: GGS23iA2WhDuBkZiXMUy9YkATuSMPRDfVhfKXjipNtJM (0.00203928 SOL)

Signature: 4yUZ5nRgCTyYSuMiFfFczzebicsmjFQJM6b8cSYrvCeKMNvJZtoQEEPe1DpLUxhztNo3UZptmtdbKVqW1ZqkUCjN

Transfer 1 tokens
  Sender: 6dg7EdKy4M2noR44aUCGdk6symJgp2xVavXtkwbQx4Vm
  Recipient: D6muPUw92CPkWwv8PaSp1vSi1Y2ebCPXgkhUNBRXQost
  Recipient associated token account: CinHF3xbPtjfccKQwKWWJXU3ePx2RU4xuDirz3N6iJp9
  Funding recipient: CinHF3xbPtjfccKQwKWWJXU3ePx2RU4xuDirz3N6iJp9 (0.00203928 SOL)

Signature: 25xELh45zofyrdb8vsbKSeMVAMbuJ16CV4jMco8tNsavucrR7Dvvs8Xmy75aUcZHSUhesrFCaRvtLZfRnMxpZXTS

Transfer 1 tokens
  Sender: CX2CoMsQwUQXK8tECgzvvVFRVhChpqnwUhkumEDnkhK5
  Recipient: 9vTVgL5yTaRSj1QThL3jViVdwZTiwvPzqsFs4eHdjZjf
  Recipient associated token account: GZCCDQUKukw8hx199c6i6NmWtAsVgESGKa4NAx6e1Q48
  Funding recipient: GZCCDQUKukw8hx199c6i6NmWtAsVgESGKa4NAx6e1Q48 (0.00203928 SOL)

Signature: 5DAPxdHzDisEcViGkFiByn6n1197oijdxnLPKnByoytz4u1QCpDGeY2ahMMcL6XQBud8Qqx8bPcKxBfhT87P8Uz

Transfer 1 tokens
  Sender: GTgeSq5H7cGPmVagMX32q5Y9ogNeCkpsbGyH9EBXVXaH
  Recipient: DnnorzRjfuUDJrqoxdBDzVUBdTNakUdMCaYWDJDLgNSs
  Recipient associated token account: GtMLbt7mnnFpTri6Jta91dXeynVJq96jUXn6UvJWB1Da
  Funding recipient: GtMLbt7mnnFpTri6Jta91dXeynVJq96jUXn6UvJWB1Da (0.00203928 SOL)

Signature: 4zVg5jLVKcsPVS1TvUUxuQt1d2uHx7BnBurE7eZWNxb4xPwGWAnVVax247hSgLCNt3CHxzbGEuXcz6L5p8VrZtzd

Transfer 1 tokens
  Sender: Fyt9PQ4ZBjBgiTnACzB5yZHADUpxJc2WD46HhfAeDUnm
  Recipient: 5EhvzizkQZW3ADDc59jyVqHdEKgb3u1AiAuCFJLwvYdj
  Recipient associated token account: 12JhmWvDdb8nkQShS2ATJahpHEam46npCoVHEKFgyi8P
  Funding recipient: 12JhmWvDdb8nkQShS2ATJahpHEam46npCoVHEKFgyi8P (0.00203928 SOL)

Signature: 35m897b1P4Uk5pydtVntAVRQqbQ5z36L4juDfmcsRo368CFsP2qN2x28ee84nX9sk6xTzKhCpJQNBNKgf83rB3U8

Transfer 1 tokens
  Sender: 5xwMusJr4rsyTFWNZZ6cyTXypbQQCJBxkiuggkk6pWkP
  Recipient: AXXNiowC7nbLViN4wJ9Z3HcXifsEkWZHzY1UJ2Bei6Mi
  Recipient associated token account: G837GD5nhamJ8GyK2ykTA4tTAyRKsuChanX1y8pyxhHU
  Funding recipient: G837GD5nhamJ8GyK2ykTA4tTAyRKsuChanX1y8pyxhHU (0.00203928 SOL)

Signature: 57VvmdYiQz9wLezE4U98CCpGtDb6uGLUtoxRMYLpsQDGjA5ehgVEJfv3D5WdC5QkSz1Z4g9guKgddtefAuBa5pP6

Transfer 1 tokens
  Sender: 7BQacSFe2ZvewzKWt6cmktDNTQfjLvA5xUA6zinU9oEV
  Recipient: CNgwgXRXh6bkXkeErtJytGCx3esf5jtFvfEkR7USvDjs
  Recipient associated token account: 2rSJsAKdNGar9anUoGdFiXh6HSXkPFmh4yTAaGAaJRba
  Funding recipient: 2rSJsAKdNGar9anUoGdFiXh6HSXkPFmh4yTAaGAaJRba (0.00203928 SOL)

Signature: mQuxEdkU2J6k1feMWnngA79yB4CRvuNVvGpHGn8x6cvv6RBfXXGUtEfgnRpcMk3NyRKNCsBHgLcg1R7gnkgLyPV

Transfer 1 tokens
  Sender: BHTegzSXnrxNsTbXDMHs8pSDBh8bfbFAPbi7Qka53p5F
  Recipient: CWiXLx6juMmaq33BPXGJ1k2DPqzfDyCQWoAsUUe83CqP
  Recipient associated token account: 7o6ACqWcFoCs2sv18sznGgv5S6PvgGVqwq11zsEH2LGL
  Funding recipient: 7o6ACqWcFoCs2sv18sznGgv5S6PvgGVqwq11zsEH2LGL (0.00203928 SOL)

Signature: 5RvPaK2oZE35XG4H7CCKjvtHdK9AXZd9Xs8FQYqx4buFpfJ3WvCE6kyA6uJNoDi8fpsRzaN1YpKUjFKv15uRgMhJ

Transfer 1 tokens
  Sender: 13bx9V2JiU4cT2gnDUuNL6iYvdXNz8s15jFw7sPLaJMw
  Recipient: 5awsmonFXxL4xCNQTYVgw8zGWXEzAcoTbirxYEYqxwh3
  Recipient associated token account: GL9n9apVdqZTEtNqbnDXVgLPaCEqeqBR9WZtmx4HsS32
  Funding recipient: GL9n9apVdqZTEtNqbnDXVgLPaCEqeqBR9WZtmx4HsS32 (0.00203928 SOL)

Signature: 492tiCrhQYAhkoDfSKojKGEiXFX6mdJ35zCHTbLysF4ZiNayNiFSKi9A5H2TxqKLQsKTzjgMceBXRWxKQxe6xM9W

Transfer 1 tokens
  Sender: 3v5RjBn8CKQ3fnne78Y7L3671AcCg7f9pFvbSbZr2DCn
  Recipient: 4MJ84srbSCz3eZJhqG93iRnf4rosLcC4R5Bpy7ZQmJco
  Recipient associated token account: 2jESLa2uQSLzjqpxnY54qLirJxsK3TVwPaaEWNXF9Pxn
  Funding recipient: 2jESLa2uQSLzjqpxnY54qLirJxsK3TVwPaaEWNXF9Pxn (0.00203928 SOL)

Signature: YHk7aXeDGGtk4H5YugE2W2ZYwDwvpKs2ntiUBeUajnkAVhG8aKTcS1KPjDYud8435NzSm21qLF49DfGL3UPnXj9

Transfer 1 tokens
  Sender: 9ZNLBmLDdN1FiLFf5PtEQwvj8f8MFRV4pMCzNxoK6Wob
  Recipient: H5Hxg2rsiJLTgkZpQ2juZD6Hfpwrkg7qg9hib4mUNu2P
  Recipient associated token account: D64NzeUaWdGwGjbaWuPY97q4m8jxxL7FdictUFQoeUvY
  Funding recipient: D64NzeUaWdGwGjbaWuPY97q4m8jxxL7FdictUFQoeUvY (0.00203928 SOL)

Signature: 4QNGDqtMHNckX3EVAf3G3JPmeDRCj6haBUE6CUMM8zmshQDYnwt9iURVnY3t6UbKYnYUvp4jBesv3qTVMWh5YVMz

Transfer 1 tokens
  Sender: BMi9DDoGBW2EwKZVZAVz4JA4tiYHMHH1ndBWsTz4Zeut
  Recipient: Xd7QR72dCcnxQ8e6M98Cko6aMdebTVuEAQqtFDzuAKo
  Recipient associated token account: GXkPPyViRS8daq9NM53w6D95T5JHPKSg7JufVgidRjiz
  Funding recipient: GXkPPyViRS8daq9NM53w6D95T5JHPKSg7JufVgidRjiz (0.00203928 SOL)

Signature: 2Ezed4Sqb9V5LBJ6wv4RJivTvK5sCZGkao7Bc5YHKr9Ky185na9kTcagsBtRSGstUgF5z8uYi4xQk1KGRX1CXgWN

Transfer 1 tokens
  Sender: E8MxvABGQLJLTDbo7sxu2rqxxUbUvtaoewoGgiAAVdhK
  Recipient: 3GDeyyB4e9eeZuQJ7XokogkpebshQTWzH4X2djD9Jshi
  Recipient associated token account: 3bZiFYeAs3wBLdwbXnnbPugUydeXnRatXipnQVGUyv5W
  Funding recipient: 3bZiFYeAs3wBLdwbXnnbPugUydeXnRatXipnQVGUyv5W (0.00203928 SOL)

Signature: ZnZBuQYET1FzuRXsRTZ4dUyVwqR4q1iH79FmjrmntSyyvwx1gdJK7bf8q5SoH6tL9soQp3CFtmqjc1cAiNhnT5N

Transfer 1 tokens
  Sender: D6mSE4x7HUsWu8a3Rxyx6npU7QKBN4A3Q8sDPeUizYpc
  Recipient: AEUto3eFWHLAmmVRq3Vo2fmHXwte525jQGG6D7pN4RRd
  Recipient associated token account: CmJNqPkZy7EcjMUnFees5HoVXYVDAnEwmqqhk6beeXbU
  Funding recipient: CmJNqPkZy7EcjMUnFees5HoVXYVDAnEwmqqhk6beeXbU (0.00203928 SOL)

Signature: 4UBtY6eGjSsxBt2P8khmY5bouXhpcZr2EiHPLmxV5q94pN5ezqyN2bowiT7cgN6P5Vqg7XRPEV9T4gZD197wTnoQ

Transfer 1 tokens
  Sender: 62wCVuvi3feDbGNJUVg61d2cGtxRnDQshaVUvxRZpd4B
  Recipient: 27KPJgnWEshxJAbXsKzRxvp31dYCzvXGmLGZmJGyg3eF
  Recipient associated token account: DCHpZqrfPHuyakvvZve8hhUeSxJC7HEtpMcfKqW2hr9p
  Funding recipient: DCHpZqrfPHuyakvvZve8hhUeSxJC7HEtpMcfKqW2hr9p (0.00203928 SOL)

Signature: 8GUhqmthDFQbbfwed7nRWLpftBW8DpKgwwBq9X8iDRoc7kng7zRGHA6C9sf4LBjeYSwcm3ZxGS21YAKThqfSjXK

Transfer 1 tokens
  Sender: 82ZaH6nrGp1743y9juU1JC1KbN8DZc2PThK5ESgU8yEU
  Recipient: AsxYivuyVu6znDgnwenpLSLvkZDua4mGKxTvM2JgoeDU
  Recipient associated token account: CAuNR3nAHs3AHizF3MYDZNCe6pMDHc9dTWUpoYQQYJi8
  Funding recipient: CAuNR3nAHs3AHizF3MYDZNCe6pMDHc9dTWUpoYQQYJi8 (0.00203928 SOL)

Signature: 3nkYbE414zaZ6q6nyoFNv6a7uWy8dixUCAqCubLUMkTVuzZEvj6hWCk9pyS23oevDKR9Mn7YBaP1S8eJnTV5XXiL

Transfer 1 tokens
  Sender: 8xbp4ESJGYXKH7LYh7wej1KCXopDFPXfpVb1fGUgVBDh
  Recipient: UGSZwTvGf2WDjAEYXZSsvnq5kcgTckktLbViArxzwR7
  Recipient associated token account: 3mrGvhNp71bcwnDaR8m6VSkkSbNuAVxzS92pFNrMLeqz
  Funding recipient: 3mrGvhNp71bcwnDaR8m6VSkkSbNuAVxzS92pFNrMLeqz (0.00203928 SOL)

Signature: 5Zx9qv5Rmzg3sFauFvfBf52MhAAriNmAruupbEfozFT2PknunrkRvBs5Xg3nJKYvqm39FBAtunUdUzp4Xy7ageT5

Transfer 1 tokens
  Sender: 9LpDjmUMNCoXtZKNtzxdA6H9xkYcPvaPGKEPxEhXM3Pr
  Recipient: G4yn6VjDQoRRgqKVt1fp2uei3rFHWWKA5JwWPMM4eCgT
  Recipient associated token account: FdxchLhJvXErxZv2rFVtJFp8bJfLzaYq7F6uL38zWieA
  Funding recipient: FdxchLhJvXErxZv2rFVtJFp8bJfLzaYq7F6uL38zWieA (0.00203928 SOL)

Signature: 34AcqD8evxqoKUVCeQgfteAnD5nEmU3PSfTvmWSTZSnFwGeXXgYKXomVqf8GqsDytm8XMRL2phXRQiCGAKTjagGa

Transfer 1 tokens
  Sender: G4rD5rmdD5AKgHFpjbLTZwUsnUYwhsUwJNyUysupDwwT
  Recipient: EbYGWQ5HyNUEyNzhUEgdnqQLu4TwsmGhrMCBSasT58Qr
  Recipient associated token account: Dho6dmsXJwdHzM6VYo8hwYKSkaGNja2p7iKmtgPALuug
  Funding recipient: Dho6dmsXJwdHzM6VYo8hwYKSkaGNja2p7iKmtgPALuug (0.00203928 SOL)

Signature: 1zkBrWeidoxBFgsnHgVB23MX323UtymqJk1jQ5QmGjA6z53qg3Q4T8EF6ZYMKiUv8iqT5A3KkfCmGk9VPD5fLYb

Transfer 1 tokens
  Sender: 4u2tajC6evDxDb3J4kxvr1RawW8zoEjNKc3i6UkLQw4C
  Recipient: 4bvarhf6ayRXYr4rPB9K3qrHH7fNpc2zNb5wPp4PXj3x
  Recipient associated token account: D5eEq5kXdhH7qUJAqte7NtLPD4dx9eybYLToRrc9JbrT
  Funding recipient: D5eEq5kXdhH7qUJAqte7NtLPD4dx9eybYLToRrc9JbrT (0.00203928 SOL)

Signature: HJKhhaD5tDz6XGfh5adK5h1RzweTnFfgvKuUBcAAPHEpjQ7NKfKuseGhYunF68LtPMQPCGzf9cneim4biiZKeKG

Transfer 1 tokens
  Sender: BCqW9o1kLxBtbzdF1VNYQ1sVqP8EhMbuGc7NHErzp2eC
  Recipient: CvzD2R2BMrnmaJzamdrXL6SWwPp1eiY1F3EHjVp7EkwX
  Recipient associated token account: 7B4k8brAZwswYtYFAS1n1TTy3vCJHvkV1TvN28F2F7Lj
  Funding recipient: 7B4k8brAZwswYtYFAS1n1TTy3vCJHvkV1TvN28F2F7Lj (0.00203928 SOL)

Signature: 5jDkF22Fgi1w4tHtbVFzB6EkCseGgmo1QYNv2n5kU3jYvLef1E9VuLyvV4w2qc6D4eDYRVsbY7pRutLHc7UCGrdR

Transfer 1 tokens
  Sender: 94tyDLKYeCLsnhGYVVdqttF6EZcd8gbi1DusTLS4kC4u
  Recipient: DThVgcuc2FeyETgBnqXHPcfmKJ22SV1FmCU8uGW2QfUL
  Recipient associated token account: 7Yy7A92htkk3QDDiMphjuLyGKaWgDcsNbsXrV1czuLWj
  Funding recipient: 7Yy7A92htkk3QDDiMphjuLyGKaWgDcsNbsXrV1czuLWj (0.00203928 SOL)

Signature: 383xEj2QorRvQieuKgbiUByPjhUxCwHTsifEdxRZPMzm2VzQ17LUoYFAdFYwzG3MsjE1LcF2BLBDbURyYLEexdS6

Transfer 1 tokens
  Sender: 2zRdzdFTghEJVzRquQU62H5sz3jETd33iGuucoAA3S8k
  Recipient: 8XW5X7k4bU1fZzCVGPVnyVRv6iqwXqG284DnBpszAiuM
  Recipient associated token account: 3YCTpWsSLaSD4KhrkTrapTB3dTUHZSnJMSvFY2t29x7h
  Funding recipient: 3YCTpWsSLaSD4KhrkTrapTB3dTUHZSnJMSvFY2t29x7h (0.00203928 SOL)

Signature: 5ragbqMHXVfhJYPwpd9DaKj7gyfuxvF9yRwkhjL5eDkp4B7fjSrQQm6UiMicKrSoPcrCNMbm93Mu2MhYfqw2Enpq

Transfer 1 tokens
  Sender: 3aGPGnC4o5qYu8ZySTkqT9k7ZQUCmfBMZ22YzZszHtp4
  Recipient: HPHeCpjjXRNR9VfuU387Sc52oWLbr9v4x913N2Wqm8DF
  Recipient associated token account: DkGN21yEKadzCgDpMYxqrRUVqchLii4hrd1Y9YXJFeaA
  Funding recipient: DkGN21yEKadzCgDpMYxqrRUVqchLii4hrd1Y9YXJFeaA (0.00203928 SOL)

Signature: 33YUq8eYmTrs8kz3oiSZn4zt8shjvuEXHKXFT8uDerYWYTzQQRwB7EjrsJeJoDjUBG8rPvQcfTuw2YNwpjEJQVQR

Transfer 1 tokens
  Sender: 33r29rzksPhQ5FsaF4pw9tZhP2pSSLUPN5s82gnm1Het
  Recipient: 742jMZ4ruzprAwofAZhzWgY3W42cAwJc3aJwFFzMWJhq
  Recipient associated token account: GYyxZiJEgitejaUP15iCZEAFoxTyuDNV3Tet3KwRE9AC
  Funding recipient: GYyxZiJEgitejaUP15iCZEAFoxTyuDNV3Tet3KwRE9AC (0.00203928 SOL)

Signature: 2Nft25EY2wBx1v548j1kMiN31T5xHrvissKebh4pCVZXsqpQGd4gUhoHZR2AvMnxuzLCqS91dDrNkMnXuw4692zE

Transfer 1 tokens
  Sender: 8Q2pzPa6ASsnhdM7cRZYjF4eBfwUMdTbmtWgMfjXiQ2x
  Recipient: 98hCouUM97hPPExNDMzJo4ij2hZ3ouCyRjrLeeXFqCok
  Recipient associated token account: hpAxBrUjfjcob9C7XxgDfWy7zyAe92AV6ABBTUx6dFi
  Funding recipient: hpAxBrUjfjcob9C7XxgDfWy7zyAe92AV6ABBTUx6dFi (0.00203928 SOL)

Signature: 3R3wTeWzisWBLuJvmnkQ2Ki5Y22wYaypmEfQrLQnpuW5Vvhu2xpxKc9YrLtARCfzCdFLhnCujZByAU5Lp3BFjbef

Transfer 1 tokens
  Sender: 73q8MBuPgRtjWb2fCtJGzWBf9BdV71usid657keEFxoF
  Recipient: 5p2EZtEuqWn5BnK1kqgM4qNUKPwiAP4d1BbwrjucYypM
  Recipient associated token account: 3iCz9sCLhn21nwbwYmKPBKPiBUyfTWNnsaBYMvDWDPfD
  Funding recipient: 3iCz9sCLhn21nwbwYmKPBKPiBUyfTWNnsaBYMvDWDPfD (0.00203928 SOL)

Signature: 32gWuQdvvLZHrvzRKDspPhZzpVZBgDGR5uNosYaaL4bj5m6Vi1drBCYcGomh1NERqbawsU2V1yzEzE7Gj8PDxzU7

Transfer 1 tokens
  Sender: GKxbvgiDFa1HB2Z4vAAznMYkpzD6LXbUpSUCMvTRoydG
  Recipient: L7vksHGNsmuNi2yuAz6MVyczJhDBLX1VhmGcZ4EQtiP
  Recipient associated token account: 9smFXXP8LUbaFwxgTfhTTZdk3dpLTfn8LQDuTCficHwH
  Funding recipient: 9smFXXP8LUbaFwxgTfhTTZdk3dpLTfn8LQDuTCficHwH (0.00203928 SOL)

Signature: 59bvpdrCkVYmYeB2vJ8kzyyhiGWMgQGvomYfJxb5fTSy5a7R7BbhPQCa46PhC5WNC4ofkqmWHbPVTJLWghES7r5V

Transfer 1 tokens
  Sender: 4GWXBdNjN27j5vfV96p3fUmtM1JFCvzTfwnHSt3Mm3QF
  Recipient: 7srUnsGigLyApFwxw3MgNawzDrEkDYpjZtoQvBi6ayeU
  Recipient associated token account: 3pgg755Eywek7d2mNe8SzZChTmfmXhBbpmpAm75tpQjR
  Funding recipient: 3pgg755Eywek7d2mNe8SzZChTmfmXhBbpmpAm75tpQjR (0.00203928 SOL)

Signature: 2MwuYJqfa31NJAB3WaB7AVzt5C3FoT6FFR2AgoZABdRWjApDPrGGh89fZmiRWs9HcMxdNbGtrKXeP2QYQwBg4xEv

Transfer 1 tokens
  Sender: 2ufj9bvXbYSXbkQEdncDYWRuBJgCAf9J3MQDVF2VMW75
  Recipient: 71qKd4xeTTWqrHMMupugtQmsoRskw7xKfGRxEEg4Qeaq
  Recipient associated token account: 5PHG6v2urNP1H32UVa738nYLQVuazUEp5WSMVAsbJ7cH
  Funding recipient: 5PHG6v2urNP1H32UVa738nYLQVuazUEp5WSMVAsbJ7cH (0.00203928 SOL)

Signature: 5xcm7bPEQVfgeXehxtVSdZj6zf8VuH6Roy75wtkEvu6zWBnixeLPeazpu17TMRP7wB1WBp1u5v7uJMBGCcyEcn69

Transfer 1 tokens
  Sender: HJ84YV3GRug4gQWezutxQx1kTFATRsLieDtcBwzDDfai
  Recipient: 8xnDiEEaExducDAizz1ZFg1cDL6F3rEiG5r3V4g1AxGQ
  Recipient associated token account: 2yLgyUiNBgVfg6NKx9Z1kCfYWGTom33uts5qX3mr53Gm
  Funding recipient: 2yLgyUiNBgVfg6NKx9Z1kCfYWGTom33uts5qX3mr53Gm (0.00203928 SOL)

Signature: 5ssP9jM2r8E2PrRvPtr7TYMf54XGz1qvAnVFrfpC2i922Yq5c3LCUezsZmSEa8uidhDVFJEUWjLAWW5ayXtpjd1N

Transfer 1 tokens
  Sender: AJ6NUnzF3ocgsZLF3GBPLVCJGrne3msowcy71eE1n3pQ
  Recipient: 9SeFbAaSgay9WMX6v7AWSQDbE5Dw6T6TNHnsCiEfGRQp
  Recipient associated token account: CTLV5QnupsjFn7eFS78XXfhT7JEXvhbRY6E8LRKw85G8
  Funding recipient: CTLV5QnupsjFn7eFS78XXfhT7JEXvhbRY6E8LRKw85G8 (0.00203928 SOL)

Signature: 3saHeD1eo7mQ1AcdgifrCw2xv5RnV2i2icFR7nEHAq9693TVmuwcEWBnwaVcYFJCzd3x4tuRvZUCgN8VCFjm32xT

Transfer 1 tokens
  Sender: 78zKtPLv5q8Vv5AREptq25PZVcNuwDGQU1TxYDqiF8pE
  Recipient: 6ofxhXeyL4S8etchABg4FJUrhTzEuVnWXGopz4rCi8oY
  Recipient associated token account: Ahopc9ZRffoug7Xqdd8TSc3f8LZa9kpnmcrMj4q69sDX
  Funding recipient: Ahopc9ZRffoug7Xqdd8TSc3f8LZa9kpnmcrMj4q69sDX (0.00203928 SOL)

Signature: 4JqZZpDXvDSPfab79Sw9pRkKUD7vwr2DSFemKgNrn7SL2noTyYUXiwkZeaizwoz6fAeD3jtBS1GwdHWaBeec5tMb

Transfer 1 tokens
  Sender: 6EbSwhUmsdxM2xpL6Rm7fuwgdPXQvBgwK5KhJzeUKkz4
  Recipient: 6aVxAU2nNjSUmDkSy5zgavKcZNKGov3xhi6tUPLnULLp
  Recipient associated token account: Ejgu8EZjnxjvtXr4ihwctak4sXZfsTBnxfH4c1skWq5M
  Funding recipient: Ejgu8EZjnxjvtXr4ihwctak4sXZfsTBnxfH4c1skWq5M (0.00203928 SOL)

Signature: 5nQzeWLETR8hqZJP4Y3hhjQMDayhVtWzsVF63AQky3tSMpc52BgWQ7qMDknHqSoUBodjmpoDUGs72b1AdbaU9rzj

Transfer 1 tokens
  Sender: Ey23nnTZKpoXNpxCKPaUUzCPeK8rn3ZgS43ba442sio2
  Recipient: 51oET2dy4vCmZ1JMGYR9hbsvsLng1vcLD6z2AZp1uq1j
  Recipient associated token account: Bwgc5M9QL5qZNHp11TxgN7Y2nEQmmshDjpAsPQDJghYj
  Funding recipient: Bwgc5M9QL5qZNHp11TxgN7Y2nEQmmshDjpAsPQDJghYj (0.00203928 SOL)

Signature: 43Y9yRXcuaBz7GwwQY8kNvyH3ur7KF1NywV5aortUHeC4U5ibE1uX3ZcGmQH8zLSHjJfZbB4cQfFvdZFcWdBAZFP

Transfer 1 tokens
  Sender: 8CM395UDuZ3ZRCTG1tmHfRNiGksvQUvnqyuDcNo3kaFU
  Recipient: 2n5PbADyQXeCMztD5wnZjF3Nn2w8PmCmqSQ68TT6Q6KX
  Recipient associated token account: Ei7WSMr7FcvQYpsYn88oDcRyNbcjADuL9cReBfjBKUBK
  Funding recipient: Ei7WSMr7FcvQYpsYn88oDcRyNbcjADuL9cReBfjBKUBK (0.00203928 SOL)

Signature: senT6Z4B4BeoJyFuntkNLjDALSMnEuYrAfZEgqp2hXmSkHmKq7mBA6J2wkf93ZwJTWYbjWZRGZmVQWpo2NURByV

Transfer 1 tokens
  Sender: GzwXTzhcDZKBbe2kkx4woA1NPq3gboumk51HQAv2M9UT
  Recipient: CQUTdvx2e9xnsgabMvJ2CEnXFeZ54C5NqZjCtCgpfkKP
  Recipient associated token account: EKtP36AiUXkS8Ze8dnPEp5caoqATZnJSNeqJ8odQwkEi
  Funding recipient: EKtP36AiUXkS8Ze8dnPEp5caoqATZnJSNeqJ8odQwkEi (0.00203928 SOL)

Signature: 4gFDsZP6LoUf1ymg5MiomJQz9oW3q4LSigVPqYV9eMi3DyFh7eBecmBrBokwJn8Xhhu3ceMcC494nqr1QD1BLeHP

Transfer 1 tokens
  Sender: EgZk2PW9F2UTFVTT16TXAdBqoSKX6a1HayzhduxSFj98
  Recipient: DWaAVXvNg9NcNUPLCwRbAhc8NVmFzSLPQCFuwkxgp9Tk
  Recipient associated token account: EeokDmFFnQ11JmsHSjTGjB4ZQ2HqzyqLZMQKqY6M1vbA
  Funding recipient: EeokDmFFnQ11JmsHSjTGjB4ZQ2HqzyqLZMQKqY6M1vbA (0.00203928 SOL)

Signature: 38zaLLDoqqMe3M8QJRHjTHeWWRrpqeTqNyYKxPi6aTUjRFPfqNNWJK6hu3bm9RAWzTH18skfeisajVj4MdNNmDER

Transfer 1 tokens
  Sender: FJEeD4RQPDcTE5KLLq6qxu9FdxaHmYpbPwpnG5zU4fQp
  Recipient: 24iifBd4cBp6tEhYNZvPvdUsCuhmrSXXauQxrumEz4y4
  Recipient associated token account: 4LQTF25jcoZL3AYTtCJ5ppM3NFw1smf6G9egySr7B1ZD
  Funding recipient: 4LQTF25jcoZL3AYTtCJ5ppM3NFw1smf6G9egySr7B1ZD (0.00203928 SOL)

Signature: 3Rqibcpz8ozNSbiBYM8J65PWMNRXFv55YpwN7h19KVSsUpPSv9dE6G7prJAEnoxjMDsb3wbd7JU3YNtysPpQVtUJ

Transfer 1 tokens
  Sender: 6ppjsgbsutix7naTf6bmU8KR3yeEzEy8U2xGxNyF4jAb
  Recipient: 6pCs22raxzxVRqTehg46bVP3dopJ38XZQCS2zbKPKC45
  Recipient associated token account: 5UFEnUvMzS2nQRhxY1LgUTRjrJFhcfcJPFa1LJy6u8DL
  Funding recipient: 5UFEnUvMzS2nQRhxY1LgUTRjrJFhcfcJPFa1LJy6u8DL (0.00203928 SOL)

Signature: 5VY8BDRHVNHbbSEBVwpwCZQmZMxooACUm1c3tuwR89qtyxW5GqGPSJKnFcC5BWRgtAXBoZcsYc85g4zcXMxRf5Cf

Transfer 1 tokens
  Sender: 9mb5be6ao3qSY6W4WUi8Jujadyosroo7WmC2cgrppHVJ
  Recipient: BUT9zHC8NUvx88W6QHhJ5TYLa1L7VwXQ1JtNXCheizHW
  Recipient associated token account: 2exqRtJ7C25i1h5NqnCMT7fxJCrbXiE3hYVjAuC9QUb9
  Funding recipient: 2exqRtJ7C25i1h5NqnCMT7fxJCrbXiE3hYVjAuC9QUb9 (0.00203928 SOL)

Signature: H58in6a97dcWERAXL7sBEzxxV3q9MQBHmX99xVQDgjorJHPSvVu9R9V7NhP4wsJCSgi8JNNS4yKvVF5XguLZdxF

Transfer 1 tokens
  Sender: BmeXuhf7WmYeiJ4gEn5LRqc7CEcYk2gTFwG7t5EDd36r
  Recipient: AcTz4LZcyNYapAKzSE7tuhU8PcvcaRSeMskQYNQzEagW
  Recipient associated token account: 3jhz8mnNhRWduDATsiCAtCJtVSTptZbAUnCDVUwT6pLb
  Funding recipient: 3jhz8mnNhRWduDATsiCAtCJtVSTptZbAUnCDVUwT6pLb (0.00203928 SOL)

Signature: 5kTMVZp1eweADjseKBiHjUstv89dek4PZeVV3pVtepLwT2K3CiQw7N2xEj6SF5cksa3VuBPH4gkKXfEHd2v7V9bG

Transfer 1 tokens
  Sender: 9MHVPLANZ39AcctcnzJQVY67yoSpP5yZqyJw1oGL6r5z
  Recipient: 4LBUPX7zfGzqdho666K4ueu9kipXkQFoCpNCYmQwdVmi
  Recipient associated token account: 8pUMHCWxNjkooDPw73239p2F35DgarexhCAfNG7kMzTN
  Funding recipient: 8pUMHCWxNjkooDPw73239p2F35DgarexhCAfNG7kMzTN (0.00203928 SOL)

Signature: 55Lqqi1UcnuK1nCTwH4sevKxTsPwLxvcp21zGdmSezi15vu9n8SFrt3EnEHaT5WXRTZ2J25bSEDRUFGGiWjS5suE

Transfer 1 tokens
  Sender: Fc7gbUHHrrDGUQD88xgrLjL77x9YxRgY2eXLwZuon9QS
  Recipient: BPuNcEh3NoxAL4UrTWBjKbA123FvsfzV1KJb3JqTuuN6
  Recipient associated token account: 3hvq54a8ffWu5AqK49sVjmvGkXc3eCPmpXAqYc1iv1s1
  Funding recipient: 3hvq54a8ffWu5AqK49sVjmvGkXc3eCPmpXAqYc1iv1s1 (0.00203928 SOL)

Signature: 3gwHXmBvHgVakJ6NNkk1nqZJYEwYMLTBKa6DoVUZywYwEWhXsWG1f9zjzYMQ7SD1TN1uMNtNSK88xHvWjHMKN3St

Transfer 1 tokens
  Sender: 3uchQoDDcXZbhSiZKLWKmGHivN2zK5bCK7rogBxZQmxH
  Recipient: BWU2c1fdoEJ8PzKUkfwzgTVsf1ScZi41kKCXvM7e6dBx
  Recipient associated token account: HQMfpFVig269Zde65GyxQRmucwMv8X8xySdUiazwd2nt
  Funding recipient: HQMfpFVig269Zde65GyxQRmucwMv8X8xySdUiazwd2nt (0.00203928 SOL)

Signature: 3oGrEzvSFaREh16WKGQi9KRr9y8zEMvm9pVenzbprDNDz7DjXfyJVXnCsh8kuXUKHKnMEWPZVrsa7VLzmbwXP1Lq

Transfer 1 tokens
  Sender: 4MsunMepCuqGUPMndpNMZRB7gKwKaVTy7WYTsCHipg1V
  Recipient: BQ6W2opUUbyd3mVpTX1NRgFWgqBxyt3FSLfSR6TXQRug
  Recipient associated token account: CnreSnjJhytk8eyMGqBL5a7bjCyTrA5P5CyibUtTJjCA
  Funding recipient: CnreSnjJhytk8eyMGqBL5a7bjCyTrA5P5CyibUtTJjCA (0.00203928 SOL)

Signature: 4fF7JYoZETpC8rHmpHxQtbEZ5F5Ry5bCS4vNv7NaGtLCrn1hP3u2JReJMBPVEtax1S1HqPzgSD99CrnC87GLyc91

Transfer 1 tokens
  Sender: EPBtKKv6LPZ8uh5uAzMi6rJ54YL27ixxHMGXG6NorPDs
  Recipient: BUT9zHC8NUvx88W6QHhJ5TYLa1L7VwXQ1JtNXCheizHW
  Recipient associated token account: 29DxHU6wZGLgQJJutYbqthgH28zRABiro6QpkC922m1h
  Funding recipient: 29DxHU6wZGLgQJJutYbqthgH28zRABiro6QpkC922m1h (0.00203928 SOL)

Signature: hxojqUPX3NaHpbnaLsAWfAjZzBsyjLSVnVtRwTDePskwJSotokctStLCfKBQAY9mbbmFVqMjT1V4kHA1bzcWGca

Transfer 1 tokens
  Sender: 4KP6ac4y1hHnZEdAE8Lxb49CYVBhmz6gQUjw5yeorQ9E
  Recipient: EkrPmifHXbGk7PLeReSgGieStGYrU1KJQudkdvVkFgFD
  Recipient associated token account: 2WMQphYSiTR7gYxafmZHE43oCfYYFm2hLfuYevGHvocc
  Funding recipient: 2WMQphYSiTR7gYxafmZHE43oCfYYFm2hLfuYevGHvocc (0.00203928 SOL)

Signature: 2nsYDsth5TLxk6Kjq1U74uwxvn2xhaxVurhodDqh9Ysze4JK5mJ2xNb3ySPsjKHp4TWSkhKPYxcs4SXV8LKZf6kX

Transfer 1 tokens
  Sender: DQYyVHshEZJWmAzQepKQwcD3ten5bS7vgNx3WtTATb5E
  Recipient: 3wKzZCoN25m7RazPfzbLfrUf9n2wLmYFJgfEnB8S1HyF
  Recipient associated token account: AoMst5ZFC1HzwHX4DPGThjTV4nkC6x4sqEsUYJU2VHYU
  Funding recipient: AoMst5ZFC1HzwHX4DPGThjTV4nkC6x4sqEsUYJU2VHYU (0.00203928 SOL)

Signature: 2ba22NfVCqDYQSJBTqg2W7mBcMEXtuWg44HM5ehHghWdWKT8cgGiMwcNUb798MFjKtdCZ2WYGCQZigH2ZSvxRDfe

Transfer 1 tokens
  Sender: HeFsj1sny5bXtK5b89bwB57y9Hj6N2LrDB51DLFvjrq6
  Recipient: FsPsTcVPeZYygYT1RZNzAmT2GtCC5P949oprto5iYYeb
  Recipient associated token account: DMnV4JiicGgVMEKAZPw9YhYCMECm3tDL9ynBXQiZ4LgX
  Funding recipient: DMnV4JiicGgVMEKAZPw9YhYCMECm3tDL9ynBXQiZ4LgX (0.00203928 SOL)

Signature: Lk5CcgRQKYtqjhBiJSbokLKethjutJj7wdrSZPCuoJqMRk5ME2Wz127LHW6NTnAFCbugTP41qpubDgg2weAArTd

Transfer 1 tokens
  Sender: DF3yXzPma943wp7uto1S4BKwgFKxCzag68idM4KW35qP
  Recipient: EUeFX4BL3uth2GVG8R1kj43ZA9cZS2mtgXeB3nbSGuHY
  Recipient associated token account: 6c2oZB4bceBUYjFFMjXFewLQ24uc5NecCzxNP1jKnFdD
  Funding recipient: 6c2oZB4bceBUYjFFMjXFewLQ24uc5NecCzxNP1jKnFdD (0.00203928 SOL)

Signature: 3JfaH7dYXVkHtgkdJZ5Fcevw9zHu5Uzc3pUF5zhL9VzciSW7b1AENAnTR5XkcoH9yyVK1RaQT3QWwDQAVgLkML9V

Transfer 1 tokens
  Sender: 3EdkoZ6hqSy5VsUkSkT9H2VgREkJq45ZaMs7m2TktUv2
  Recipient: 39YD5rZrsz8mSdtyVCfwaG2cAh5Amq4wDAgqZEtgXLRj
  Recipient associated token account: 5oAoUrWS1RpgjYFZQu2h7Gpvxpv8EAqmXQVnAmFL5FfV
  Funding recipient: 5oAoUrWS1RpgjYFZQu2h7Gpvxpv8EAqmXQVnAmFL5FfV (0.00203928 SOL)

Signature: 48UqsU3uoWtL8eEVea8cWCEKyuX1aM4Ytrsu294peR2ETsdAG3MtWnz6piisuKQj9ZjEa7wQPdA6hvHnVBsua3W5

Transfer 1 tokens
  Sender: vZCXHa3d2nNThT8mmxA29CN1cdLhD4YP5sd35HCSob3
  Recipient: BVFTQzEas8kMPkcugksaTTuLnQJ8ESxtLryk4ngdyvjU
  Recipient associated token account: Hn6y85TacwpY4V8NsvFEbdZqSyydhsetQQtaUX2cmvM
  Funding recipient: Hn6y85TacwpY4V8NsvFEbdZqSyydhsetQQtaUX2cmvM (0.00203928 SOL)

Signature: 43vTan1YvjBfZFTg2BB5P7fNDtFfmLPtgbSmtZqmPD9bnQ2WAuhj3WnoA97aQhmZ6odTKXbxLeuqZ6NwQWm3UQM

Transfer 1 tokens
  Sender: EcybK3Lc2RRqQumt1Z92YNTWom8rut3JytCBRm5uNiB3
  Recipient: E1NDRCQJEjYQitM1BZvLAiFeE7vjGSXvvRPY4mBo8gnN
  Recipient associated token account: J6jvchcMZWemCjPEFDEDE7mKX9JsNRrR6te6FdaFMRsE
  Funding recipient: J6jvchcMZWemCjPEFDEDE7mKX9JsNRrR6te6FdaFMRsE (0.00203928 SOL)

Signature: 2qreRELhXGXzprDvcaavi5anfTUFP9m7ryXHEtFQFLDd6gpQVsKhRQANjeH4tKrGRruo6fb2HdnjAwZg29dUQBZV

Transfer 1 tokens
  Sender: HhfRRPCirDfD276KdhxHjP1a7F9iUCUQrZ2rbK6soReb
  Recipient: J63PQ61AFhZXeupw9j5GYY1aEuR3R6BnAbtfqqAX6DQw
  Recipient associated token account: 43ohX6Kb1iYfsZg86zP23S4EmdrVewrypmNyzhrDWyxF
  Funding recipient: 43ohX6Kb1iYfsZg86zP23S4EmdrVewrypmNyzhrDWyxF (0.00203928 SOL)

Signature: 2oS82R9qo1e4SrXBkVQouXw99zt7Fim83DL3mDpuUMtepuN7kBXen3SRoQiiKgnX2HgeFPh38n8KvRPezWUrJuFs

Transfer 1 tokens
  Sender: 7RdTGi3JuUJyP19yCMYmtQR4Ls2ajcVU86xqFBsmLB2M
  Recipient: 6FeDsmcDe16XRGzDeFHasDxYiTPtGJbbwLmpAqLzux1f
  Recipient associated token account: Aw8gvE8nPLeZvJ6DWdCULr7hUoYk7TKxTzqVYaPjzbxA
  Funding recipient: Aw8gvE8nPLeZvJ6DWdCULr7hUoYk7TKxTzqVYaPjzbxA (0.00203928 SOL)

Signature: 5pkyH542oMKMMwvgvJdc3yyYszKxDhyU4AavUYxsGtQ5JxT7zfEhz4MHufnFq1EgKzULYpezUqr1Xaw7ETJp2KkH

Transfer 1 tokens
  Sender: 9GqbLnU8oatQPQarjKF8iMkaMc1eMFaX16JEaPdfXKr2
  Recipient: 4SwDAKnt1ntsUKHaaM19jaajo9jV9xcHjB6ehwTtjkEt
  Recipient associated token account: 4VuKvDfHDFoixKSkigfmtsWDqLM6CFFJJtg5jfxdFbNo
  Funding recipient: 4VuKvDfHDFoixKSkigfmtsWDqLM6CFFJJtg5jfxdFbNo (0.00203928 SOL)

Signature: 3NfEPkPB3rW6aM7ruUQDCYsvu1qhT52Z3GoqYSxnkaEG3S4GA6iZYYZqL2Yq3rzMzn3ZsxksBiwNzruT7AajbXEG

Transfer 1 tokens
  Sender: 3BNnsACEH2qHonUtgn795hLGXgkZ8srJR5Fvz4Jrp8xh
  Recipient: G8ZT7Y7YHt9n2eDAMGXEcTfkFjXR6fgKvzJpMkyqfDun
  Recipient associated token account: G7LR2ezttvCr3L2FXe8T4b2KVPgXH4EEiDmcReLJKmy1
  Funding recipient: G7LR2ezttvCr3L2FXe8T4b2KVPgXH4EEiDmcReLJKmy1 (0.00203928 SOL)

Signature: 3JHRmwN5edZSgvsP9oCyfRYsRbgnQ9Vb1XWs1cppVyTvw22aC1uqqDX6dis6GZ1YHBngnT9d9XAiJLf1kbAvBtQd

Transfer 1 tokens
  Sender: J8MS191qjcMEL5orH5bf3TyBk9rMRw7nSFU3ybgmUxZL
  Recipient: 2pQvQF2WAZ7ZVx78yJpHyw3nVHM2kKAoZzve29yFrqRi
  Recipient associated token account: cwCLrUK2XQCadHQFiJzYK1azRYBGGQjaTvG5HfDc5bv
  Funding recipient: cwCLrUK2XQCadHQFiJzYK1azRYBGGQjaTvG5HfDc5bv (0.00203928 SOL)

Signature: mia42hugdEeEZi2WdEpKCpbKyVD1oYsj4pNanUmsatpYTbCjUPbfyBCXfgZSKZZhyfBoEewSuX4b7o9Py783UCz

Transfer 1 tokens
  Sender: AvC3kRRVR4UGm7LJkjDMuWgeX4JmkiZFePPK5hB3BD9r
  Recipient: 3o6coaQjHYV76GMK9isEsRwBNjPk9iajACnTAjtrJwjN
  Recipient associated token account: Dut2MYy1Ps6TwzCELRodyVqviTuBoK5FJUUNpyU4JJCF
  Funding recipient: Dut2MYy1Ps6TwzCELRodyVqviTuBoK5FJUUNpyU4JJCF (0.00203928 SOL)

Signature: 3pQAALsNyJXRUePjwcC93YJk54c13MYtvuQ3A7Z6RPH58fgPbRyaWzErMg5W9TGLMD2FBdZnHqEY4Cqb1YkiZpvt

Transfer 1 tokens
  Sender: CfNcPxMrHEoH5j58tPn2bFmQffGD2nHStxJuor1ZMNmj
  Recipient: DajLww9JAzbHx6VNacZZWYKQfUukB9bibGRcwwHs7e3P
  Recipient associated token account: FZZ9KHpz6Y2mpr5Yk8SRCj4ouQZNn1fC7HY3Fzt6KYW
  Funding recipient: FZZ9KHpz6Y2mpr5Yk8SRCj4ouQZNn1fC7HY3Fzt6KYW (0.00203928 SOL)

Signature: 2EzX4gQgYBXWbD4fcKcLAkUV7uQqoQTccEG8HXmQHgahrvNJeL55pMpEeq2FDSugaEdBKWwdCTEX8uVyUqZ2BtWc

Transfer 1 tokens
  Sender: 8yo1M8BSxAcoPFAPdAjGLVXrwtWNq7Goe9Dmsp5ArA2d
  Recipient: AbgicEN3npoAGUvZCJWpkLkniVxnEdcsFnTHCcmhfUKF
  Recipient associated token account: 9UVwryZ7US7jQMThzFWeUtxuC9LkQcLjZpWZ8LeJxQZN
  Funding recipient: 9UVwryZ7US7jQMThzFWeUtxuC9LkQcLjZpWZ8LeJxQZN (0.00203928 SOL)

Signature: WoroBMY8N8wzAY1uTjQV7jAzdJinMTE7RB1Y4LJ6qZbS9XuBqxmXB3XAqLFQTikgMMjq5fLcP12txTo8JZUWrPj

Transfer 1 tokens
  Sender: 4Wr1isQGE2VhanGJibwgcXk9wwZ85KWeHkEeYhSUSXAD
  Recipient: 7N8fCtjYVKbvEfe1rSAaeCMSFHKaBHvcBkWKthBNEDcp
  Recipient associated token account: ESKw4njENDSb2ShG1WpKqU36VWdUYEAg34vTgqRq8HEW
  Funding recipient: ESKw4njENDSb2ShG1WpKqU36VWdUYEAg34vTgqRq8HEW (0.00203928 SOL)

Signature: ryi7YgTyv2XYfLR2hf64fxDbA2VzmLNcs6bjQUyfAmmTkJdzS4KbAG9DJvpXDN9WyfSaqojV2P1L53ACfLFvFTg

Transfer 1 tokens
  Sender: 9xPr7MnVcm6DrXKhpAsCJUYks6EB8PXX2bz7UZUDwbjD
  Recipient: BFq5hx3ts9A8vTq6d1ZUa2S9zZxnR1Bi48xFB1VWbxAC
  Recipient associated token account: CSavVJWFFPrqwCaYM17cimH9tVwtFMPF4GptJ5R1sHaX
  Funding recipient: CSavVJWFFPrqwCaYM17cimH9tVwtFMPF4GptJ5R1sHaX (0.00203928 SOL)

Signature: 51MhNY5KopRcSUUsqsczZ3uJH9iuLNiyAq6FZicnG7ftXEQzns22PyeS6WSNUQZKKhLGjK2rjAXHBtx5MwJxopxx

Transfer 1 tokens
  Sender: D31VApZBstEh7tTgwAuKPdBtyV5mUEhH9mpSTco8TBNY
  Recipient: 92te5L7auEkufyjTFnFNEe5pdWGoGM4FSdjkzMBoH8ZV
  Recipient associated token account: ATdrJYH4U28fkYfJZuM7XgfKm7MaMrnLVZPBpkgypRaL
  Funding recipient: ATdrJYH4U28fkYfJZuM7XgfKm7MaMrnLVZPBpkgypRaL (0.00203928 SOL)

Signature: LmV8mypPxjbh1zscTSf7k2zrS92wpaB68dCdbDRATp4gATrWU2Y8wv3d2PZJ5XBUZPwHHcFwyU4RjbeBkSoqxM2

Transfer 1 tokens
  Sender: FuVbYTcMbMLRi6LRHLgxb3RDja9rsHFXKS8HxC4BvacB
  Recipient: 7wQQANWYPpnwQk9MgjLJ2bcmptoYpFh521QGQ1dHvhRB
  Recipient associated token account: Cz2Pgn9LFgaTAdXwqmgKuSpEVo7BNWCB4is8GbWjWczf
  Funding recipient: Cz2Pgn9LFgaTAdXwqmgKuSpEVo7BNWCB4is8GbWjWczf (0.00203928 SOL)

Signature: 4gMi7FRQddpXfhfVuQUMBtQY4wyAx3hf4tejCxDCmGgu1VWxXYj3fKgSJLZc4SpbgcmmzM4TnbuWUUoj4aUQqSJN

Transfer 1 tokens
  Sender: 9oCBT3DyCBYkTUGzJU1weBYHyXpc5mUENLLEyNmnrWJb
  Recipient: H7E4JB8ebHaoKQe2Z3NAwXniKcuy7VVuAoycx7PYAbE9
  Recipient associated token account: 5RWaTb6SBj6bRJmBH48DJ63vUnNCXiSGMavnri3eGT9S
  Funding recipient: 5RWaTb6SBj6bRJmBH48DJ63vUnNCXiSGMavnri3eGT9S (0.00203928 SOL)

Signature: Bhg9maccErifdtbzGrVhSsMz8Dz91A47UU78QDorHhWieWCK7jJQV45RnJhvHshCbYgtBaw6qMtJ1dN8Dw3YwKa

Transfer 1 tokens
  Sender: 9CrPy2Joutg4YRyMtFJt21tAgB7fo16YcEoZJsRCPWqR
  Recipient: 6tAbuy5FEAUAyZPdKymeMDExjnoFQQazfrxKqkY6SqNn
  Recipient associated token account: 25WCgBwbKbUdR3v8SP4LJmL9YSYkXKsQkrRRohpNJckU
  Funding recipient: 25WCgBwbKbUdR3v8SP4LJmL9YSYkXKsQkrRRohpNJckU (0.00203928 SOL)

Signature: 4DVtczisJzN9KyYA32srCLbvSzDmNRiBCzUk94SauJXboWiVHD3KqhYXfHEpZXYCNVAMAbi3tjDpjq1QE9cDRHNZ

Transfer 1 tokens
  Sender: BwDMrmwWdFWZfRMdhKgCZhEWEjz2PaY2t568XZi1tnUt
  Recipient: D1YysSgs1ZyqPogHGo6MyBt4iCDRzPwTd9g8ywFU8kbk
  Recipient associated token account: 9Ya8bjHSkknfNcYtQuJPVwTJdJM7LFoWxMxpvGYFNa2G
  Funding recipient: 9Ya8bjHSkknfNcYtQuJPVwTJdJM7LFoWxMxpvGYFNa2G (0.00203928 SOL)

Signature: 2hxeCnYoMVKDtcpJ5ANgugwRuS24KecKJveQ1PCFJvQ1tWRG4LzjjyTrxrZ1uonuHipcc22r9bCzm4Xbvr5pm2Sq

Transfer 1 tokens
  Sender: 9eqA6rgc9Mk18meQf5qEou4ZCL2UhrRvDBwDKcPM12f
  Recipient: 7QTJt2wCPPgKguZkL91hMETJ5cWF5BMudBrVYyoq3pWN
  Recipient associated token account: 6bnmX8DypyJM3QwYDEM1npwxYpPawoY7iaaHG7w5PJmG
  Funding recipient: 6bnmX8DypyJM3QwYDEM1npwxYpPawoY7iaaHG7w5PJmG (0.00203928 SOL)

Signature: 5c2ztdfSqQmHU6fx7ZCQJ6dEwkBuiWD9mWgKmbbhrVfxHC1pFCDiMjgYSuangg1DRgkSL5dZ4SCedP8rYKneKz4L

Transfer 1 tokens
  Sender: 79euPKYW9iTpVid5bRApMzfTsYnaXP8BowZLz4XNZL36
  Recipient: 7RvtX4WGag5Ggy4oMtj2ni3oc9amEPmscdHLGvGQdZsh
  Recipient associated token account: 3cWT7SfTsfPHgigNGzxU4p1fpGJXZvUubH4e464dAeR8
  Funding recipient: 3cWT7SfTsfPHgigNGzxU4p1fpGJXZvUubH4e464dAeR8 (0.00203928 SOL)

Signature: 2eQXRnGUyhriAYp33dLcJxq5ZaKBdVTCi626kv9tJaePWZLSbn6NjZoxs47MLQnWpzMHjEq6SG52L77xhuHsbmwj

Transfer 1 tokens
  Sender: CzQWYTiiBKvci4FFs7Sb5BZsWAubFAi2vcGmTCAJpgmt
  Recipient: 98hCouUM97hPPExNDMzJo4ij2hZ3ouCyRjrLeeXFqCok
  Recipient associated token account: d2AitrqDcpLALZYZK2jmvJVwbUjyYtpo1iYAZKsLged
  Funding recipient: d2AitrqDcpLALZYZK2jmvJVwbUjyYtpo1iYAZKsLged (0.00203928 SOL)

Signature: 55prQn3jyLbK8ubJG9JNucieGgZ1YPJrukSCxu9UZLexPBbZvGVfHCBUW59McW4sAfud8yx7c4BQnbm2M9s5G6a7

Transfer 1 tokens
  Sender: DjrbT67XTZrh9JNXaJE7wBv7TiDsjTeuhgr4iHeBbhtF
  Recipient: 23XNgo4x5FwiQbN4TV7MZ4ssDgQ398vrpkfD8F3S8KTj
  Recipient associated token account: 9fQzt4R7hBRGhHYu2jgXNdGb925VazNgFpN1vsBvwAGL
  Funding recipient: 9fQzt4R7hBRGhHYu2jgXNdGb925VazNgFpN1vsBvwAGL (0.00203928 SOL)

Signature: 3u4SNy5n753tctFi1Y6o6gSX3mXW9R1BcZVS6uAxGyF8CUBvZQDX1zhUCDUfoQPJVhP2E5vvmpssRS3fhHzXtZJp

Transfer 1 tokens
  Sender: BZUdErBdvwaXYvpgjevpQ9y4VMe3DxQDsr5FBw8JCPye
  Recipient: 7P4Bb1pCMuYNveYhg2j445cmTRCEGp2eAAtBQUv7Jz89
Transfer 1 tokens
  Sender: DWVUaLfwg2JB8AedKhLJNbpW6CupE2KD2Vdozt9fCN1n
  Recipient: HUCKGLrHmXngZeqY41s2WKnM3DSgJeE3woRd59iMZg7x
Transfer 1 tokens
  Sender: KdnBAG7ck3Qi3fgoJ9hNdV6TCw8p9QCkvUSKzX3MZya
  Recipient: 94hRJF6hswGrARm5pBqgvHskondACmfWHEdMPuafoL8M
Transfer 1 tokens
  Sender: 7DQmgf8Mbboq6tqf481LKRyj2FVjSUJtTTfA2so2g97R
  Recipient: rDNXM3FBaNpgzXZ49VDrqN1vg2P5jpd9wYYSQqiYHxm
  Recipient associated token account: 7YUdYrueHewbGxcZMgRhCbAHnYDGZyvVmeDuRtzZ4Aai
  Funding recipient: 7YUdYrueHewbGxcZMgRhCbAHnYDGZyvVmeDuRtzZ4Aai (0.00203928 SOL)

Signature: 45XHvLZ6dsgo2Qz23UCDech4GQdnyaXiByix3WndG1SMSU5QkMtZrsQFECL77MUnAAxhtEqjg2uYyvRncswujTft

Transfer 1 tokens
  Sender: D31VApZBstEh7tTgwAuKPdBtyV5mUEhH9mpSTco8TBNY
  Recipient: 92te5L7auEkufyjTFnFNEe5pdWGoGM4FSdjkzMBoH8ZV
Transfer 1 tokens
  Sender: FuVbYTcMbMLRi6LRHLgxb3RDja9rsHFXKS8HxC4BvacB
  Recipient: 7wQQANWYPpnwQk9MgjLJ2bcmptoYpFh521QGQ1dHvhRB
Transfer 1 tokens
  Sender: 9oCBT3DyCBYkTUGzJU1weBYHyXpc5mUENLLEyNmnrWJb
  Recipient: H7E4JB8ebHaoKQe2Z3NAwXniKcuy7VVuAoycx7PYAbE9
Transfer 1 tokens
  Sender: GudLtEzxvEGWzgAXZMQD3FGgBmCfp9Vr9DcDj7BWPXNP
  Recipient: C6KSW6CUE9NMNTuRL6V4ipnk9EAYDhC37Q2Lp3HgBdbM
  Recipient associated token account: 2SWnNcSXiRqWD4gnuhG3BGgyXK9daMY9c1t3e471KKyf
  Funding recipient: 2SWnNcSXiRqWD4gnuhG3BGgyXK9daMY9c1t3e471KKyf (0.00203928 SOL)

Signature: 3iwATgEfj1wAmv9odxBPx1KNGQNaNLoBmmkCZ43QzVwA1Fic6cAHESDQUuMukykECiBHT1Yvc4BDagT9N9ZFYFpt

Transfer 1 tokens
  Sender: 9CrPy2Joutg4YRyMtFJt21tAgB7fo16YcEoZJsRCPWqR
  Recipient: 6tAbuy5FEAUAyZPdKymeMDExjnoFQQazfrxKqkY6SqNn
Transfer 1 tokens
  Sender: 9eqA6rgc9Mk18meQf5qEou4ZCL2UhrRvDBwDKcPM12f
  Recipient: 7QTJt2wCPPgKguZkL91hMETJ5cWF5BMudBrVYyoq3pWN
Transfer 1 tokens
  Sender: 79euPKYW9iTpVid5bRApMzfTsYnaXP8BowZLz4XNZL36
  Recipient: 7RvtX4WGag5Ggy4oMtj2ni3oc9amEPmscdHLGvGQdZsh
Transfer 1 tokens
  Sender: CzQWYTiiBKvci4FFs7Sb5BZsWAubFAi2vcGmTCAJpgmt
  Recipient: 98hCouUM97hPPExNDMzJo4ij2hZ3ouCyRjrLeeXFqCok
Transfer 1 tokens
  Sender: DjrbT67XTZrh9JNXaJE7wBv7TiDsjTeuhgr4iHeBbhtF
  Recipient: 23XNgo4x5FwiQbN4TV7MZ4ssDgQ398vrpkfD8F3S8KTj
Transfer 1 tokens
  Sender: BZUdErBdvwaXYvpgjevpQ9y4VMe3DxQDsr5FBw8JCPye
  Recipient: 7P4Bb1pCMuYNveYhg2j445cmTRCEGp2eAAtBQUv7Jz89
Transfer 1 tokens
  Sender: DWVUaLfwg2JB8AedKhLJNbpW6CupE2KD2Vdozt9fCN1n
  Recipient: HUCKGLrHmXngZeqY41s2WKnM3DSgJeE3woRd59iMZg7x
Transfer 1 tokens
  Sender: KdnBAG7ck3Qi3fgoJ9hNdV6TCw8p9QCkvUSKzX3MZya
  Recipient: 94hRJF6hswGrARm5pBqgvHskondACmfWHEdMPuafoL8M
Transfer 1 tokens
  Sender: BZUdErBdvwaXYvpgjevpQ9y4VMe3DxQDsr5FBw8JCPye
  Recipient: 7P4Bb1pCMuYNveYhg2j445cmTRCEGp2eAAtBQUv7Jz89
Transfer 1 tokens
  Sender: DWVUaLfwg2JB8AedKhLJNbpW6CupE2KD2Vdozt9fCN1n
  Recipient: HUCKGLrHmXngZeqY41s2WKnM3DSgJeE3woRd59iMZg7x
Transfer 1 tokens
  Sender: KdnBAG7ck3Qi3fgoJ9hNdV6TCw8p9QCkvUSKzX3MZya
  Recipient: 94hRJF6hswGrARm5pBqgvHskondACmfWHEdMPuafoL8M
Transfer 1 tokens
  Sender: 46ttbbrMVCDvzseYxjVSSQaCjsXVVy5CTHLHFq9PPqNu
  Recipient: EzEaUhktXVYWhvDN1qra4DikNBNgdJF1CzuRrHRh8xZB
  Recipient associated token account: F4s6nNmsYALJQnombjiB8Y8kRh9zJD1V7i2z3MFp5LJx
  Funding recipient: F4s6nNmsYALJQnombjiB8Y8kRh9zJD1V7i2z3MFp5LJx (0.00203928 SOL)

Signature: 5DEY4dgxTXYBk3Zv1H8AxxHPZ1MEHE3bZ16NLHxNNrPnGHrTA1Z2XUcuHGYsK41bhF7kpKzun3XruAfsxd6daYRm

Transfer 1 tokens
  Sender: AJ6NUnzF3ocgsZLF3GBPLVCJGrne3msowcy71eE1n3pQ
  Recipient: 9SeFbAaSgay9WMX6v7AWSQDbE5Dw6T6TNHnsCiEfGRQp
Transfer 1 tokens
  Sender: 78zKtPLv5q8Vv5AREptq25PZVcNuwDGQU1TxYDqiF8pE
  Recipient: 6ofxhXeyL4S8etchABg4FJUrhTzEuVnWXGopz4rCi8oY
Transfer 1 tokens
  Sender: 6EbSwhUmsdxM2xpL6Rm7fuwgdPXQvBgwK5KhJzeUKkz4
  Recipient: 6aVxAU2nNjSUmDkSy5zgavKcZNKGov3xhi6tUPLnULLp
Transfer 1 tokens
  Sender: HrmjEuxwAtbVZd3SBkf5ggWMD82V3uX9AVxYQfisWgCf
  Recipient: CgeQQY2g3ZKXSPBdTVa2sZ6Eet3456WfG7KmrTLRh6MF
  Recipient associated token account: FoxT5zZwRVtD55Nxy3RLeCwZhx6XfDe56SXgA9d9sw1Y
  Funding recipient: FoxT5zZwRVtD55Nxy3RLeCwZhx6XfDe56SXgA9d9sw1Y (0.00203928 SOL)

Signature: 1kiRmmNLfyUjq4s1SDXrujfpkrSwDpa15MMk17L5b56oQj9Jc31oqEk75s8fsxYbrw8EYkMG6h4PkyJ6wPesBD4

Transfer 1 tokens
  Sender: 9GqbLnU8oatQPQarjKF8iMkaMc1eMFaX16JEaPdfXKr2
  Recipient: 4SwDAKnt1ntsUKHaaM19jaajo9jV9xcHjB6ehwTtjkEt
Transfer 1 tokens
  Sender: 3BNnsACEH2qHonUtgn795hLGXgkZ8srJR5Fvz4Jrp8xh
  Recipient: G8ZT7Y7YHt9n2eDAMGXEcTfkFjXR6fgKvzJpMkyqfDun
Transfer 1 tokens
  Sender: J8MS191qjcMEL5orH5bf3TyBk9rMRw7nSFU3ybgmUxZL
  Recipient: 2pQvQF2WAZ7ZVx78yJpHyw3nVHM2kKAoZzve29yFrqRi
Transfer 1 tokens
  Sender: AvC3kRRVR4UGm7LJkjDMuWgeX4JmkiZFePPK5hB3BD9r
  Recipient: 3o6coaQjHYV76GMK9isEsRwBNjPk9iajACnTAjtrJwjN
Transfer 1 tokens
  Sender: CfNcPxMrHEoH5j58tPn2bFmQffGD2nHStxJuor1ZMNmj
  Recipient: DajLww9JAzbHx6VNacZZWYKQfUukB9bibGRcwwHs7e3P
Transfer 1 tokens
  Sender: BmANSH3ZksUchXv8o2tRjZBFP8aCTpkj2E4UBWRDtMFT
  Recipient: Hew6XJcEjQAx2Pi4GWogr68dmbST24g9xtumKBqvhkdL
  Recipient associated token account: HVHrCVTFBB8rMaKrQ7YnaMjDhFnWkd3UtYjTFZXbcZJX
  Funding recipient: HVHrCVTFBB8rMaKrQ7YnaMjDhFnWkd3UtYjTFZXbcZJX (0.00203928 SOL)

Signature: 5BpqaqSyAkqkJrQZokRF6z4tWS3fE2EEkbpct9ZjVKN96oAS9GtyUXDrNfhzfgyZJrkxQbJNpMSTmgLDU6vCmqg2

Transfer 1 tokens
  Sender: 8yo1M8BSxAcoPFAPdAjGLVXrwtWNq7Goe9Dmsp5ArA2d
  Recipient: AbgicEN3npoAGUvZCJWpkLkniVxnEdcsFnTHCcmhfUKF
Transfer 1 tokens
  Sender: 4Wr1isQGE2VhanGJibwgcXk9wwZ85KWeHkEeYhSUSXAD
  Recipient: 7N8fCtjYVKbvEfe1rSAaeCMSFHKaBHvcBkWKthBNEDcp
