73tF8uN3BwVzUzwETv59WNAafuEBct2zTgYbYXLggQiU
Fn149efR6ecunpwmxWsh2ByK66w9tbVtwQmuS3tvL91W
5tzSHxTWZkpKA1i3LoPre4ZvR6dsjmvnYcExS1pdsKv2
ATgJVJtMM8Q9Z9GYw9kmKVgzu5pVUYxN2YuHLpi84Cmn
8jb8i3zXet28GVBEZWcRAy1xsJgE5dWL4A8f1c8h2jUA
4eg3MW2HpGPaNk6dHj8RZ2dZhzYC4NxpRRaetFsePHa4
2vhNMJt9fhQs7f9YQubaS1MpCuUdx9o8zTwqxzkfcLof
74MCLCGZ6HKYja3Uca8UQN5C3bw6NeyNXF6xRqaWkaFz
3z6u9KG9vmnKG4WKS8uZEdtpbmMQkJQAFwkBcGT5M16P
27TNAPE86WKjPw7wyEp39NSZpmDBR9peuUw2eNFqPvi7
7tMyU22ViPrhY14fy31bSmTsQK6rwc9q3Zbq2u5RkZis
ThTyeBebJ3xW8JyKvKdutZC3vjBehwxEqRVwb57FbwG
JUskoxS2PTiaBpxfGaAPgf3cUNhdeYFGMKdL6mZKKfR
AgPhAsvcwPfT8bcAQxfyvymHdS9enkCzHDZP67ihS5YM
51oET2dy4vCmZ1JMGYR9hbsvsLng1vcLD6z2AZp1uq1j
F2E3GcXewJR4WfVmLhJUgNK2aRP46s638CVFu3oFT7ap
Xd7QR72dCcnxQ8e6M98Cko6aMdebTVuEAQqtFDzuAKo
BJSXGMEpffDq9sVJm7Kj2qEw7aTJy2mQB31DfkKvAnpP
JUskoxS2PTiaBpxfGaAPgf3cUNhdeYFGMKdL6mZKKfR
AgPhAsvcwPfT8bcAQxfyvymHdS9enkCzHDZP67ihS5YM
D6muPUw92CPkWwv8PaSp1vSi1Y2ebCPXgkhUNBRXQost
9vTVgL5yTaRSj1QThL3jViVdwZTiwvPzqsFs4eHdjZjf
DnnorzRjfuUDJrqoxdBDzVUBdTNakUdMCaYWDJDLgNSs
5EhvzizkQZW3ADDc59jyVqHdEKgb3u1AiAuCFJLwvYdj
AXXNiowC7nbLViN4wJ9Z3HcXifsEkWZHzY1UJ2Bei6Mi
CNgwgXRXh6bkXkeErtJytGCx3esf5jtFvfEkR7USvDjs
CWiXLx6juMmaq33BPXGJ1k2DPqzfDyCQWoAsUUe83CqP
5awsmonFXxL4xCNQTYVgw8zGWXEzAcoTbirxYEYqxwh3
4MJ84srbSCz3eZJhqG93iRnf4rosLcC4R5Bpy7ZQmJco
H5Hxg2rsiJLTgkZpQ2juZD6Hfpwrkg7qg9hib4mUNu2P
Xd7QR72dCcnxQ8e6M98Cko6aMdebTVuEAQqtFDzuAKo
3GDeyyB4e9eeZuQJ7XokogkpebshQTWzH4X2djD9Jshi
AEUto3eFWHLAmmVRq3Vo2fmHXwte525jQGG6D7pN4RRd
27KPJgnWEshxJAbXsKzRxvp31dYCzvXGmLGZmJGyg3eF
AsxYivuyVu6znDgnwenpLSLvkZDua4mGKxTvM2JgoeDU
UGSZwTvGf2WDjAEYXZSsvnq5kcgTckktLbViArxzwR7
G4yn6VjDQoRRgqKVt1fp2uei3rFHWWKA5JwWPMM4eCgT
EbYGWQ5HyNUEyNzhUEgdnqQLu4TwsmGhrMCBSasT58Qr
4bvarhf6ayRXYr4rPB9K3qrHH7fNpc2zNb5wPp4PXj3x
CvzD2R2BMrnmaJzamdrXL6SWwPp1eiY1F3EHjVp7EkwX
DThVgcuc2FeyETgBnqXHPcfmKJ22SV1FmCU8uGW2QfUL
8XW5X7k4bU1fZzCVGPVnyVRv6iqwXqG284DnBpszAiuM
HPHeCpjjXRNR9VfuU387Sc52oWLbr9v4x913N2Wqm8DF
742jMZ4ruzprAwofAZhzWgY3W42cAwJc3aJwFFzMWJhq
98hCouUM97hPPExNDMzJo4ij2hZ3ouCyRjrLeeXFqCok
5p2EZtEuqWn5BnK1kqgM4qNUKPwiAP4d1BbwrjucYypM
L7vksHGNsmuNi2yuAz6MVyczJhDBLX1VhmGcZ4EQtiP
7srUnsGigLyApFwxw3MgNawzDrEkDYpjZtoQvBi6ayeU
71qKd4xeTTWqrHMMupugtQmsoRskw7xKfGRxEEg4Qeaq
8xnDiEEaExducDAizz1ZFg1cDL6F3rEiG5r3V4g1AxGQ
EzEaUhktXVYWhvDN1qra4DikNBNgdJF1CzuRrHRh8xZB
9SeFbAaSgay9WMX6v7AWSQDbE5Dw6T6TNHnsCiEfGRQp
6ofxhXeyL4S8etchABg4FJUrhTzEuVnWXGopz4rCi8oY
6aVxAU2nNjSUmDkSy5zgavKcZNKGov3xhi6tUPLnULLp
51oET2dy4vCmZ1JMGYR9hbsvsLng1vcLD6z2AZp1uq1j
2n5PbADyQXeCMztD5wnZjF3Nn2w8PmCmqSQ68TT6Q6KX
CQUTdvx2e9xnsgabMvJ2CEnXFeZ54C5NqZjCtCgpfkKP
DWaAVXvNg9NcNUPLCwRbAhc8NVmFzSLPQCFuwkxgp9Tk
24iifBd4cBp6tEhYNZvPvdUsCuhmrSXXauQxrumEz4y4
6pCs22raxzxVRqTehg46bVP3dopJ38XZQCS2zbKPKC45
BUT9zHC8NUvx88W6QHhJ5TYLa1L7VwXQ1JtNXCheizHW
AcTz4LZcyNYapAKzSE7tuhU8PcvcaRSeMskQYNQzEagW
4LBUPX7zfGzqdho666K4ueu9kipXkQFoCpNCYmQwdVmi
BPuNcEh3NoxAL4UrTWBjKbA123FvsfzV1KJb3JqTuuN6
BWU2c1fdoEJ8PzKUkfwzgTVsf1ScZi41kKCXvM7e6dBx
BQ6W2opUUbyd3mVpTX1NRgFWgqBxyt3FSLfSR6TXQRug
BUT9zHC8NUvx88W6QHhJ5TYLa1L7VwXQ1JtNXCheizHW
EkrPmifHXbGk7PLeReSgGieStGYrU1KJQudkdvVkFgFD
3wKzZCoN25m7RazPfzbLfrUf9n2wLmYFJgfEnB8S1HyF
FsPsTcVPeZYygYT1RZNzAmT2GtCC5P949oprto5iYYeb
EUeFX4BL3uth2GVG8R1kj43ZA9cZS2mtgXeB3nbSGuHY
39YD5rZrsz8mSdtyVCfwaG2cAh5Amq4wDAgqZEtgXLRj
BVFTQzEas8kMPkcugksaTTuLnQJ8ESxtLryk4ngdyvjU
E1NDRCQJEjYQitM1BZvLAiFeE7vjGSXvvRPY4mBo8gnN
J63PQ61AFhZXeupw9j5GYY1aEuR3R6BnAbtfqqAX6DQw
6FeDsmcDe16XRGzDeFHasDxYiTPtGJbbwLmpAqLzux1f
CgeQQY2g3ZKXSPBdTVa2sZ6Eet3456WfG7KmrTLRh6MF
4SwDAKnt1ntsUKHaaM19jaajo9jV9xcHjB6ehwTtjkEt
G8ZT7Y7YHt9n2eDAMGXEcTfkFjXR6fgKvzJpMkyqfDun
2pQvQF2WAZ7ZVx78yJpHyw3nVHM2kKAoZzve29yFrqRi
3o6coaQjHYV76GMK9isEsRwBNjPk9iajACnTAjtrJwjN
DajLww9JAzbHx6VNacZZWYKQfUukB9bibGRcwwHs7e3P
Hew6XJcEjQAx2Pi4GWogr68dmbST24g9xtumKBqvhkdL
AbgicEN3npoAGUvZCJWpkLkniVxnEdcsFnTHCcmhfUKF
7N8fCtjYVKbvEfe1rSAaeCMSFHKaBHvcBkWKthBNEDcp
BFq5hx3ts9A8vTq6d1ZUa2S9zZxnR1Bi48xFB1VWbxAC
rDNXM3FBaNpgzXZ49VDrqN1vg2P5jpd9wYYSQqiYHxm
92te5L7auEkufyjTFnFNEe5pdWGoGM4FSdjkzMBoH8ZV
7wQQANWYPpnwQk9MgjLJ2bcmptoYpFh521QGQ1dHvhRB
H7E4JB8ebHaoKQe2Z3NAwXniKcuy7VVuAoycx7PYAbE9
C6KSW6CUE9NMNTuRL6V4ipnk9EAYDhC37Q2Lp3HgBdbM
6tAbuy5FEAUAyZPdKymeMDExjnoFQQazfrxKqkY6SqNn
D1YysSgs1ZyqPogHGo6MyBt4iCDRzPwTd9g8ywFU8kbk
7QTJt2wCPPgKguZkL91hMETJ5cWF5BMudBrVYyoq3pWN
7RvtX4WGag5Ggy4oMtj2ni3oc9amEPmscdHLGvGQdZsh
98hCouUM97hPPExNDMzJo4ij2hZ3ouCyRjrLeeXFqCok
23XNgo4x5FwiQbN4TV7MZ4ssDgQ398vrpkfD8F3S8KTj
7P4Bb1pCMuYNveYhg2j445cmTRCEGp2eAAtBQUv7Jz89
HUCKGLrHmXngZeqY41s2WKnM3DSgJeE3woRd59iMZg7x
94hRJF6hswGrARm5pBqgvHskondACmfWHEdMPuafoL8M
