Transfer 1 tokens
  Sender: FrKjV4hLA6Lvg457NjA7JJ7RbcUttja7TaGX2sQPtN8L
  Recipient: BxASWxha82Gq87axcFsuwaUM6WUhbK59WG6iHBHPmtmM
  Recipient associated token account: J4t29Hz51qsWgN2riHdzkRS95XZx1seXAqD5698awsVq
  Funding recipient: J4t29Hz51qsWgN2riHdzkRS95XZx1seXAqD5698awsVq (0.00203928 SOL)

Signature: BtuBokZiyezRL8NVTAYtLvY2Wso9tSjiZC3MPAH5c7nDCMDzUYMmHqiFZuJ7PjhCSUfuJz5W7FcP1yYE1gKe3gf

Transfer 1 tokens
  Sender: qadme67v1ZmCjKtMuHVBgd7wcrQhxb2jrCGrHQaPVQy
  Recipient: 8Nj7AC1oPcx2oC7Njihwp9Ee3Aez787kvww3sX3Bdox2
  Recipient associated token account: DwjvYDyQRD83uGA6VeZEmWnp15aeTVX53oo2mtwb3sE4
  Funding recipient: DwjvYDyQRD83uGA6VeZEmWnp15aeTVX53oo2mtwb3sE4 (0.00203928 SOL)

Signature: 2523vF66JsVpo7FNnnrRNsosKXt1oUtpEeL1EiqPGPUH9qFD6dyMPeCwDJGEKgTvk4C6y6jCGsrk8L6Q84HMVy2M

Transfer 1 tokens
  Sender: HBGdvBaCBaD3W1TwJe7tTrdJNJVNZeKxExq6mARNb5fh
  Recipient: DAphBWYHaBQkRJCHpqKXmjHo2xTzhSWUsuDrSexkwrAF
  Recipient associated token account: 9BbyMayVLEFTbYmFb1pLDxvWDeZdHUhWCqSAWw8av8WV
  Funding recipient: 9BbyMayVLEFTbYmFb1pLDxvWDeZdHUhWCqSAWw8av8WV (0.00203928 SOL)

Signature: 2EV66x9e456kcKFaUoDgrAVj6Aex4yi5LqFL88zVQAfTwDPZBz92WVVYnzbtsxyLoNzcJsAE7BGspXvPqEbN8bwR

Transfer 1 tokens
  Sender: Wr6SNMCPpWzm6AeQtLkTkxfGQ1PKA8xobMGAMBWHyQL
  Recipient: 7G6NB4CzECUDH3mEU9J7XXJm7GLoVoDJ3d528ujRGWXW
  Recipient associated token account: HaEKuEPne5aTk3zSDSKm3YqScN7fHjUErmyC4NJ2tRge
  Funding recipient: HaEKuEPne5aTk3zSDSKm3YqScN7fHjUErmyC4NJ2tRge (0.00203928 SOL)

Signature: 3FT2HM26M1V8jdDSKQEPk5Pf8TGZS3sq92vJBsJUW2QvH1NBQgqS9QBQ2ebbarwSiSSMkRNvyyUG87r5KbDvUG2m

Transfer 1 tokens
  Sender: HCL23t3n8E7tydroxNH6Heac1e88zkrzBM4sWEJK5Lc8
  Recipient: CYVikdfqKK1SmPasR93k1p6CntrmqGW4YcoSYQQ2TeVp
  Recipient associated token account: CnSfvGgnUP9Dacr4AksRidtAa63uZZavMJg5eKgDc6QM
  Funding recipient: CnSfvGgnUP9Dacr4AksRidtAa63uZZavMJg5eKgDc6QM (0.00203928 SOL)

Signature: 32J6gTG6CnvWJWN26zp98eG6oXbRx4j4U733XBhxJsRYnyvE8BFhiie8GrDxrYfGAwb97AdohxGxXiHsXyzZDZJq

Transfer 1 tokens
  Sender: HqTKf4f4PQCdvRpaSs87bB2Po2X8htipZBTgsp28Hm3n
  Recipient: 8nWnXehVLWEDb3nT1k6WxVQ1f96a5Wy3zsNN8GdKm5Vi
  Recipient associated token account: BtKZoezMwwcDtofncAHpWARwAgrj3pUBKU3jd7yy9KWv
  Funding recipient: BtKZoezMwwcDtofncAHpWARwAgrj3pUBKU3jd7yy9KWv (0.00203928 SOL)

Signature: 4dSKWKQcLxDVEMPjRiQqW6jLYcUBihrWQT2Z9Ct5RU9XQyR3jECnM9QDLDTJcdLAsKobTsoT9uwGfBstn8JDrn2r

Transfer 1 tokens
  Sender: 2mxEwDSmY6cnF26CU84br3k8Zs6q5pCmijEj57EMB1ru
  Recipient: 5nH4SNp9Hhigqmjd8spT6UyLKN8okssmWJ48uCGfWf3J
  Recipient associated token account: 5nfD6nHWjW5orpXFFJL6QC4bdyQcy9yyzySXr2aBDMRx
  Funding recipient: 5nfD6nHWjW5orpXFFJL6QC4bdyQcy9yyzySXr2aBDMRx (0.00203928 SOL)

Signature: 2BV74yj83Tk3rMonAoEK8rt5ZbGdVMopH36YU19rKKFSTtW55g7YPuEVtvdWiuqkxkYA8PQQCsdAZZ4TAeAP7KWw

Transfer 1 tokens
  Sender: Hq4Jc1iTgNfW86HjWJg3ydBV7EdZH2js1BVPTSC9i42c
  Recipient: EemwWLhud7GQn7ywNS1S5ujuT6UbK9qc1G3EyQzx5peZ
  Recipient associated token account: HoWLucPpVPNzKwSodwgy2UN9kjfaxLr1gEB16bMXtFxZ
  Funding recipient: HoWLucPpVPNzKwSodwgy2UN9kjfaxLr1gEB16bMXtFxZ (0.00203928 SOL)

Signature: 3PcoHobSCD1aYSVFYBFvQZ2pP8XCD9vvq6cUBhxrUm6hh9kiBJveFH9MdQovAPaGu9VMonEnW1Ha3fXDrPYA4ZC

Transfer 1 tokens
  Sender: 6kFBUc3BaSxq64446bgPnvydESvseZBk87CHEKs4qhNY
  Recipient: FH9fysysHZBS1E4AL7VhMGstWvMAyXedcqXo4MaM6eGs
  Recipient associated token account: 5UFXTKhXSoKjkLaYrHumTf56sarF6Bk17tzHiiFKFC82
  Funding recipient: 5UFXTKhXSoKjkLaYrHumTf56sarF6Bk17tzHiiFKFC82 (0.00203928 SOL)

Signature: c68LtqPnxt9JShDzGoJNVDgzUBXzqoUEyGQX7KyQShppkYETcs87XgdTNhe9MLg4g1rmE8xyazs7Mw2yS5mEKEB

Transfer 1 tokens
  Sender: DbSm6A3u6dBiLZaij38juCqB2rdm6KsuTCrq5NzM2BYU
  Recipient: CYVikdfqKK1SmPasR93k1p6CntrmqGW4YcoSYQQ2TeVp
  Recipient associated token account: 4DZGMxkRMVUvNszwTbiQdHWdCoWq1DhcFiTLPbdaz75d
  Funding recipient: 4DZGMxkRMVUvNszwTbiQdHWdCoWq1DhcFiTLPbdaz75d (0.00203928 SOL)

Signature: 2K1ksyEmEfUuZkA5KyMDJPKC4rN8ZPp3zp8DAcLKUVJa4iqfPykD6MCXau3XGW2bENcfxG7PsaDgYdKJ2MuiyJBA

Transfer 1 tokens
  Sender: FhFQyKHXt8Rm2uT7roDqkVKUwcraK7bX3ydrCfzfwra1
  Recipient: AZrbwsZxCsxQLYxvTyVckzFYCXDzBEYc5JpRw1wXU5Gy
  Recipient associated token account: 7gXsopWSUe2LjbzHmY2fUKoohwceGyMLBKLbrbHiP5rC
  Funding recipient: 7gXsopWSUe2LjbzHmY2fUKoohwceGyMLBKLbrbHiP5rC (0.00203928 SOL)

Signature: 49N8RSBVf4opkDVosywzdhU6t3Ns9yRxmFt7A7wuALF6RRpXarC2NBdERhZuT1zqVJ991dPGvzRa8fdpmvLhkFyF

Transfer 1 tokens
  Sender: C32oCu6yTu4dKR2fHo3EAKPaYUSCadLjDSsP7uv6wB3M
  Recipient: GyxrUNS4mSG2fwQ1rbCVRs88yuPW7jbANN2CGujxXpJ8
  Recipient associated token account: B51EXQ8R5SChHiMDKagGrW2iK3BHpmTYNzVpbj4UPNP6
  Funding recipient: B51EXQ8R5SChHiMDKagGrW2iK3BHpmTYNzVpbj4UPNP6 (0.00203928 SOL)

Signature: 4qPfiE5wsP28zqyf8ytCAW1WyMWdeqNrXTA1zcMLR9S1tt5SVWEphrAr2nLxeG3F2Z65eVCPpK2ibEaaoTBEZau9

Transfer 1 tokens
  Sender: GatgUucd8AjPJM4ntkDUL1VqCVQwEpUNSB1cM2wQ77gG
  Recipient: 6DtPgUwXQcuvZcWrKk6x6RHwdUBZbsdiTqc8xRbfFkBN
  Recipient associated token account: GN4mQT4w96C32VZ4WvmMUEqYZ5QSfC2DpanvPcW8qTQe
  Funding recipient: GN4mQT4w96C32VZ4WvmMUEqYZ5QSfC2DpanvPcW8qTQe (0.00203928 SOL)

Signature: 2MeYPuguTkLS7MD9wcwDgESzZvaZ88Hjcs4eCwaRVqNxKvYgADgfouHoDncoBcxcnqV2rVrknntxMqK4fX2HhvKa

Transfer 1 tokens
  Sender: EWrBnV3LqexpghwkwNE24riXcYN9EMPJ5k1bt8GVwpP6
  Recipient: JA8yXQ5ZuRfATTrCatJoehaMZjR6f6QnPgtY415Vs2vt
  Recipient associated token account: 3DroFKTSLZcMPQAgWnTcSrcioLVxJniXr8kv5v2M2aTL
  Funding recipient: 3DroFKTSLZcMPQAgWnTcSrcioLVxJniXr8kv5v2M2aTL (0.00203928 SOL)

Signature: 3XsEHxLWdn4fsWAUwvgbXzeVkDp7cXhFaH3nD8HKyKKDvwLeXEy8xNxqHV8T3qAHCfz7YMz2aAu8xurR9KmoHMNV

Transfer 1 tokens
  Sender: AMr8Gb9MXMHhbAdatBkBz6ATzRshb8nC5r1FbZ48wghX
  Recipient: 7HVqyEcR3XuqoX65hMKQTA6kYssNGBbi1x1fxJ49Ycux
  Recipient associated token account: CuaJmJDcZwidBGHnwpcHocJSggYa1J62wPQDdCT361kW
  Funding recipient: CuaJmJDcZwidBGHnwpcHocJSggYa1J62wPQDdCT361kW (0.00203928 SOL)

Signature: 66NCi1TeVNhUinmkgvFWaS9eJz91677VYLJCLMho5xF3f54pyXkjqsnq97q2PWdiiruLrq3TJkZse33FTFkdQSnL

Transfer 1 tokens
  Sender: 9XLswmUVDsfHGXpscY7ekfngbMSK4R5nUg2r31i1MQYz
  Recipient: EAzuPsCQuDDm5EyUeSS9bDbrsDrKejiRNJgLJkRvqAWz
  Recipient associated token account: E4FkyekQnSXm9q6F5ikr3mgqxFkbQSTBRcVV2WD5sBPH
  Funding recipient: E4FkyekQnSXm9q6F5ikr3mgqxFkbQSTBRcVV2WD5sBPH (0.00203928 SOL)

Signature: 52ZdGnGi5RwkjG9PBe5nhj8gn1dn5ucEriB677QuPkFisEdSzxNqDjLKm5xAUGaky6a6697tFM3FzoPQcFNHoY6t

Transfer 1 tokens
  Sender: 4zEzzYBJBvv4Kmcd21mdVBkQpnSCc2v5AkkSGsNpnUd8
  Recipient: GsmrTBoALiurqDsxcMurQK9EN7pDbi2JewoDhJYH6Wxh
  Recipient associated token account: 4hMnRcHCRLi36cK7aiBkocU9gxc1SwG4LxHFRn9rm789
  Funding recipient: 4hMnRcHCRLi36cK7aiBkocU9gxc1SwG4LxHFRn9rm789 (0.00203928 SOL)

Signature: 4kAzbdJxqi53z2cGobLYBcdS6xL97WvwhPtRGqVE4vFuTh85kr9x6L6P63Q3WWsi6B2UeT6Aj8o5PQH2SRLZcFhd

Transfer 1 tokens
  Sender: EaxP8MYySyjSSRbfnbZzVx5QRbznNqZ4GsAi38rq1cY8
  Recipient: BxZat45nB7rJZxf4MzARjCYNu2NUUkFDHf51rFhtqYUj
  Recipient associated token account: 6KJL8sMtFDn5TWmCtfaie122DWNSU22xLMB35umAhL9s
  Funding recipient: 6KJL8sMtFDn5TWmCtfaie122DWNSU22xLMB35umAhL9s (0.00203928 SOL)

Signature: 3HFLCs1vR5uodEUAps3789umCKDfEnpJpxy8TuJSitjoDV9Ny5boNgDZWaB72Z85rceozQwU7wCm1RaPSpet8CX3

Transfer 1 tokens
  Sender: FdQaN8bMczXcikxAmpBPQuZa8u9bCbs8shRJeoVr6YDf
  Recipient: 3uExCZNA4XcoLzfvjPPK53VpgXqKuWUBR3dmjR2c51TR
  Recipient associated token account: EA65FHuyZMn3nyjHg4VUjNANwvuAWuXjX2aGfSYnbxc8
  Funding recipient: EA65FHuyZMn3nyjHg4VUjNANwvuAWuXjX2aGfSYnbxc8 (0.00203928 SOL)

Signature: 3zHCJcXDennhCu6oQmkE9vjhZPLRXvixnRtCrE2Q9xfn2MsDhFdQkgmJhSp3hpbL2jgecax1ZTPkaLwXaRBmNaok

Transfer 1 tokens
  Sender: J5VuQfBrPc83JrXyYF7Prx2efFTAop728pFMiiNm9r9R
  Recipient: g2q4tWwSoLzY2PYmYM6YB8167AFP9L5J1Mf4xJ5cJhB
  Recipient associated token account: 4f98Hj9q9eGD8EKbkN2zFwJENUyWXu7ijrbLX6RNhSEQ
  Funding recipient: 4f98Hj9q9eGD8EKbkN2zFwJENUyWXu7ijrbLX6RNhSEQ (0.00203928 SOL)

Signature: 5uWZi5KSSAL4rm6dV3bNdriktikhU9EoMbZCt1Y5SorskHxC62aaJ76mjJhssi82Y3HojTi13n9CbsHxGT5kp7Rq

Transfer 1 tokens
  Sender: qf8BaPtCf1SX6RngKEK1SULTWm9Lcu9Ed3Pxj2WkFpn
  Recipient: AEUto3eFWHLAmmVRq3Vo2fmHXwte525jQGG6D7pN4RRd
  Recipient associated token account: 4qGDtL1Pzxj61u8G3JNEAanKwXaNV8EF164SWgSpMpud
  Funding recipient: 4qGDtL1Pzxj61u8G3JNEAanKwXaNV8EF164SWgSpMpud (0.00203928 SOL)

Signature: 3tpbr1QjqKxXFNiMQ6QcHWsDp6hfhS5HRzc7tYTVpGnpZM8arHZBLf3gTCa8aQyq6tRcBTRqWv3av7tZCLTzGjfM

Transfer 1 tokens
  Sender: 7BhuZnGwUNQv8i3hfxUgC839BgAv3L57HYcT6C4uBP4Q
  Recipient: G4yn6VjDQoRRgqKVt1fp2uei3rFHWWKA5JwWPMM4eCgT
  Recipient associated token account: 2JbR7A7GwpmzqeEV2ExzsgUW35qfAwrPaaA91UmtgbW6
  Funding recipient: 2JbR7A7GwpmzqeEV2ExzsgUW35qfAwrPaaA91UmtgbW6 (0.00203928 SOL)

Signature: 5u41Co8ynHcBYJhRnopXGFSKPAtbRbUoqisD4zYCZwEzwsU6QfL3MSPMUzFFVmbv5qxRHfj8BAYWKvbVG99VNpyy

Transfer 1 tokens
  Sender: ENhZVkPNki8ezja1ChM7fHdMpLwd4eUtYfqpdbyjEXBy
  Recipient: AchUGZpjS5FrHrqbtm16ewn9SC1Qv38vzDoH2PVpBPrb
  Recipient associated token account: 5PUhvTmh8kxfBorNtqSYZ6ecLi7r8FQ5zssHr1Jbiioq
  Funding recipient: 5PUhvTmh8kxfBorNtqSYZ6ecLi7r8FQ5zssHr1Jbiioq (0.00203928 SOL)

Signature: 3PLzdnQpunzjsSPZxzrQKpJXTtucdpffvLv8hCWTz4UrSHkwSWBUUURiFitoJ5Ne5Wvd8fU4bZc8AiCvBkpyYhJT

Transfer 1 tokens
  Sender: GZB9Bmungj9yXHwaXrKpzd8fZJ1Zh4zeXNhkYMZi4m8N
  Recipient: C91QVSPebG5w5SP8Wg97bqfnnNfG6j9QDuTFC5EM25jz
  Recipient associated token account: EbMM9H1h2PxbkXSBBwphDCRr7uZDRXeLZcNR5WMiYQSQ
  Funding recipient: EbMM9H1h2PxbkXSBBwphDCRr7uZDRXeLZcNR5WMiYQSQ (0.00203928 SOL)

Signature: WbAfj1dqqMyenhHxd64dEiKARSC4YH73PjVd1sRkZ8SKZxA8fBYAhDtdRRGpvKtGHX5weGb1SyuoPAE3SaEzUMT

Transfer 1 tokens
  Sender: 86eD3vnamMf26TS7rxUEPBMGVGPDsqS3hv3GnQpuK63m
  Recipient: AcuEg5PvtpxeNEAsiDVjUAjMPdqMSAsyi3qHekqpBagF
  Recipient associated token account: 2ncsU25fZvgAuEtnmrKCWKE5kZ8KpdYEhxhZziw8xZ2b
  Funding recipient: 2ncsU25fZvgAuEtnmrKCWKE5kZ8KpdYEhxhZziw8xZ2b (0.00203928 SOL)

Signature: 5p4nu5eRzJm5JYn1QAmYkBhCAPYU1NwX2UNyxakrgoi6qZzLjoRBTFBsVJY9YcuNMXE8AP6i8KB9hoZUemFBJ5TF

Transfer 1 tokens
  Sender: FkzYnNYTUyHxbGhSkWMaHLU95oKXa5av6ztBuXUGxE9G
  Recipient: GT4iUrPsKApyMsXsu6CPk1AN7CKfMnzji9doas1B1xLk
  Recipient associated token account: DYFun3FEZxHFAXC1Wy1h6sJmjvfjHJ9eqgDF3qhH5UiH
  Funding recipient: DYFun3FEZxHFAXC1Wy1h6sJmjvfjHJ9eqgDF3qhH5UiH (0.00203928 SOL)

Signature: 3WdxBUrxCTVJ9NRGpqmbJLzXdfBMzM8VzhFAQqbTz6hchhXctGScu9QFVMUW44SE6kEF9vruyv9bYMrgRMdmLvZR

Transfer 1 tokens
  Sender: 7Gwh6NbATiuZTtnmaWUeLEXVLdjh8urtSTJLu44oSLXc
  Recipient: QermhurVSebxf7aV5PbCJ16EMLtjShpyFtpifUMKeqW
  Recipient associated token account: FhXT5SvVg19rwXURfU9PYeupJHSEU4BzRhufMoxiiBuw
  Funding recipient: FhXT5SvVg19rwXURfU9PYeupJHSEU4BzRhufMoxiiBuw (0.00203928 SOL)

Signature: TGa19LefyK1Ffv7SrLZKPUw6JH2mr5xuBY65tkD9GXKCjr1MHazTRYWPxDkQbAyibYeTxKcCN3A3ZvmxVQnT39n

Transfer 1 tokens
  Sender: EXbTxnEDF1kpBpXGHSp5T4WzMQ2CEGoaod29oYr2iwVd
  Recipient: 51oET2dy4vCmZ1JMGYR9hbsvsLng1vcLD6z2AZp1uq1j
  Recipient associated token account: EYep9iTeZW5ZwUjtDGHU4QCELQeDAPTnypXvb26JT8Rr
  Funding recipient: EYep9iTeZW5ZwUjtDGHU4QCELQeDAPTnypXvb26JT8Rr (0.00203928 SOL)

Signature: E3FFiaHCXuUjpcXb6jKQdZx2vKvNdyWQn3UuyZoSY6G4cnUj4y7VZvAaFqfz9raFUocCRgnadQggfL8bSAnaZ8U

Transfer 1 tokens
  Sender: 3gtLnwsZ8GMza7uicyYeZAJubCCZVzpcypKHwmxh8fzz
  Recipient: 2cUr1V1n4QvWyT6CchmoSxjAd3HhvsonHK4X4Ai67PBx
  Recipient associated token account: 2NqZJfpvYJbFVz1sbDM7Pqr9AzZkXgbADQtpTPJSK3pk
  Funding recipient: 2NqZJfpvYJbFVz1sbDM7Pqr9AzZkXgbADQtpTPJSK3pk (0.00203928 SOL)

Signature: geThBEqgz9yDrdC4aq2WeKkoFujpH51wiew6NZpZDC5urayc988kgEixnbvrTYwfwQmwXfaqnPDGKg9P4jFgJ8W

Transfer 1 tokens
  Sender: 3rm2WmToDUQQ9V7zjGfVujqPe5ESS1Q1QbMYuXhJYxpb
  Recipient: BVFTQzEas8kMPkcugksaTTuLnQJ8ESxtLryk4ngdyvjU
  Recipient associated token account: 7uoyks1TvKPYPo9eanoJ2H6hfdcm6pBr8ko5wXMqBYMc
  Funding recipient: 7uoyks1TvKPYPo9eanoJ2H6hfdcm6pBr8ko5wXMqBYMc (0.00203928 SOL)

Signature: 36CVAuyCm1DKidaRQxYovpNHxHVdxPfLD9948i4Vfzi3JmgjM2T9UtwR5w2xi7NMetNuZJuQfHnvHxJmGgdPSLiD

Transfer 1 tokens
  Sender: EaFiFLBAnVUaX9SsZhZso4xRB8sJSJ3SwbCp4EK9SvWy
  Recipient: Hbvnwkhof7tPGPpJ461QTt5ZLejyK2aC3LRsMTi4vvdZ
  Recipient associated token account: AL5yfSqPvJe64d8qV3dAcWnPcciik4FJ8szBny3qpY9E
  Funding recipient: AL5yfSqPvJe64d8qV3dAcWnPcciik4FJ8szBny3qpY9E (0.00203928 SOL)

Signature: 5dFmBfHoi8VdYBSR4o6wQh5beSjRqtye26ELgF4Wx4CTjhynrRw98T8ocnjw5fCbBxJm9HuvyM8jMpcDqZQiUJoG

Transfer 1 tokens
  Sender: 2B2qavPVXvQtZ5t3x8FGdhFoSrxyRSKYDtFPXg5VHNQt
  Recipient: XGFZk186maEp6FtE2YMHNXiY2c9kTkUu88ofnnBm94j
  Recipient associated token account: 3CzXJsnDkJc3ub9MMWfEHPFyYr1o38spWSDMatBVe16Y
  Funding recipient: 3CzXJsnDkJc3ub9MMWfEHPFyYr1o38spWSDMatBVe16Y (0.00203928 SOL)

Signature: 24HwAwPHcm3nazAhkscEdtKjdro1sV1QqUN1TgUdyQXwRE6CZBY9xkX84ytD9zbvvnj4zKCrMurdkHCu3nuVVoH9

Transfer 1 tokens
  Sender: DXvkpwrwGxA2Y7coBQ7dauH81YmqP7EN7zf7coBXnaMc
  Recipient: GyrzWsvsPYmnJ2ZSpxu6tJvFZR3q2jixuCgBJsdtm9kA
  Recipient associated token account: BDv4vpWY7xKNsHUkPqAHJJikvCSC61omSMUjY3DVPpQY
  Funding recipient: BDv4vpWY7xKNsHUkPqAHJJikvCSC61omSMUjY3DVPpQY (0.00203928 SOL)

Signature: jiDXE9uAkQwf7xnxYqPi9uK3yUpqPahDnqmhAKtDwbhPtSKArQLBLC5Dq1bZUJsxbffQmwEyRFRfB6z6iTJfvVx

Transfer 1 tokens
  Sender: CSPiou89zwXD9U4g2J8itgumJso1Uioa17iHqs3LuJ1H
  Recipient: EkHsWj67nEwZKZk8RQsVqn4t9vv5VgLyArLnSo4cvVCG
  Recipient associated token account: 7X5fAJuGx3amCoGz8gu8vyU2xCRYhbQxcRJ8kK3W9zw
  Funding recipient: 7X5fAJuGx3amCoGz8gu8vyU2xCRYhbQxcRJ8kK3W9zw (0.00203928 SOL)

Signature: X3p8ZPdc38h9VPKDK3tRgbnK8xCD7M4ZeYjkS7knoeS4FRwsCZLJZ1KyPjBL6KCrbK2a6gdwpjhkFK1SLUzqSBD

Transfer 1 tokens
  Sender: BUaYAnEMg1UwyJ8z7D3oaX8VSyRsWxZgch7ejAry8wdq
  Recipient: DajLww9JAzbHx6VNacZZWYKQfUukB9bibGRcwwHs7e3P
  Recipient associated token account: 9vcLQUwhoeALL63mEe99xtMY3FH3C4wyhntZVbzZ7Caq
  Funding recipient: 9vcLQUwhoeALL63mEe99xtMY3FH3C4wyhntZVbzZ7Caq (0.00203928 SOL)

Signature: 5Gbaipaz3vePg4oEy6WhL1hquWu3qbxjqgK57ThWGYaPmyW9UcHNARLNtqxvM42Lfhs61GFQuzVZkWBckWytV2CT

Transfer 1 tokens
  Sender: DR9xtN64D8oP59EY1q4iunayzQYjut6sC9rPrN3vkCej
  Recipient: FmYhwj8TeXSLxEG8KT5JmGy7Zq6Z1PwLd4wToBpiDdG9
  Recipient associated token account: 22hUR7jyifFci4LqwoNPFk6Lc2DxxbxyEhZceEnbssby
  Funding recipient: 22hUR7jyifFci4LqwoNPFk6Lc2DxxbxyEhZceEnbssby (0.00203928 SOL)

Signature: 4gqtE3DBbWurQTeNGSmkoJqYA95YZZ2Zmj3AAUVbCE4SFsrMgBuacHZymSYn7X68nfJeaqZKSeVnnL7RHQN1kKqB

Transfer 1 tokens
  Sender: J3FRQJgAe2CwnbGtv38C2Puvv3itZScEhkfDpzq58MRT
  Recipient: HcaR2tpC16emF6MPzBzYbQRsGutmXRDnJChin2Srnyqg
  Recipient associated token account: 9zZEBFJfssVMuGLH2mndLwReMkYYBSqzxJESGjZCndwQ
  Funding recipient: 9zZEBFJfssVMuGLH2mndLwReMkYYBSqzxJESGjZCndwQ (0.00203928 SOL)

Signature: 2h13h62YGzg8EnLdo8ZZfiuAsHsAPWJnajX1V7X2rxfSkjzrcPiLE3ZDB22oZ6dFzEZqidVCD7KXLHpMGqghbPn8

Transfer 1 tokens
  Sender: 4sRmtnZTspnSeuySQ1UFKYQ1WoasY63bRA7v6cqxMh7r
  Recipient: AUCZf2bCy92cf3JsRXf3LGu8D83bFoNWkULRX4KsePi6
  Recipient associated token account: 7WXMAoAAtMhYs9WtLp4NZ3rgaXTi7YHLjiCUBWXNwWnM
  Funding recipient: 7WXMAoAAtMhYs9WtLp4NZ3rgaXTi7YHLjiCUBWXNwWnM (0.00203928 SOL)

Signature: 3YnSUZ8pSUQEWzHNSixHDnEkKS9bH5HgiwRzgsMajSVVFMDtmm4ZcDGRwWnehTNQCNtQbCS6K5BmGjF77T3gps39

Transfer 1 tokens
  Sender: CucAy2pWbtCXxQXZXzQBapp8ZmG8dAvvgNs7VedCVnn2
  Recipient: GsmrTBoALiurqDsxcMurQK9EN7pDbi2JewoDhJYH6Wxh
  Recipient associated token account: CNiQcUCmeK4qaNWMtzQg4M2u9zTgFenEBS1njNS51CSM
  Funding recipient: CNiQcUCmeK4qaNWMtzQg4M2u9zTgFenEBS1njNS51CSM (0.00203928 SOL)

Signature: 3vvxKXBHeSFZjpEKzpQKRk85krkyMCu52MTzVFftkopMESRPHW6naHnSpMVLrLP5UrqQRjvmiNKQbvZ21a6spmgd

Transfer 1 tokens
  Sender: HXgj8vkYRUzZQwFAsfMk3ywf5LawQQZP9W4sQUhJ7CBV
  Recipient: yXYzVF3WnzkUVwwmejoNZkzJiQcn87Ms9avDqFQEuoU
  Recipient associated token account: FpCAk2pA7CN4Nu8YWtW8zKFWd2BKRNPMwXsJ9wZLsTAp
  Funding recipient: FpCAk2pA7CN4Nu8YWtW8zKFWd2BKRNPMwXsJ9wZLsTAp (0.00203928 SOL)

Signature: vAJa4sYssqsuh5UyQGVhMXRFaHVtttrxyta4pcdUxoobNAHSRN74zcPrPNHoDEXtT85Vo5LfMKB5dSqe8o5pQhg

Transfer 1 tokens
  Sender: H5GmSe9CuhVo3Qe97zHGCk9sownWXPBCQHAdhLuSxgKa
  Recipient: BBSxmVWHf5VV8M1HLd6LGxnftPuiu44HVeqUSzSdrejX
  Recipient associated token account: GZZ6p6yDTHbH9SRzUin2PbbYKqTL4tJW66soWDfZrDvX
  Funding recipient: GZZ6p6yDTHbH9SRzUin2PbbYKqTL4tJW66soWDfZrDvX (0.00203928 SOL)

Signature: 29MTkH88fDUrVCDcgfp1pvqN1iHNpZScqAmZPJxggiYKLHL1zPpVncWXNvnuFEAr8wv8PsShJqmwnKT6BjQdFVWs

Transfer 1 tokens
  Sender: 8V8GHNRh74bQyttmSyCeiD4p1KqsLJB7v2yBXjh6rrgj
  Recipient: J63PQ61AFhZXeupw9j5GYY1aEuR3R6BnAbtfqqAX6DQw
  Recipient associated token account: 38PHRd8a3mCAVbU9FtPJNPpLq7dgBqasPqfuLfUq2vio
  Funding recipient: 38PHRd8a3mCAVbU9FtPJNPpLq7dgBqasPqfuLfUq2vio (0.00203928 SOL)

Signature: gsa6mgVxZwZJWYxUKH39sdcA22jEZ1SHu58Wnzh5VXnXz5TAYvAhKyF6PtrFwo8rZwWpvi6PefeUzAH1iNibBsC

Transfer 1 tokens
  Sender: CesTwsQaZTZvQtn6joNYpa61rEX4zjuDAKQFcmbx6XJR
  Recipient: E6cf5us72RkxYu8hSUX1GNb1smNVAJhtDd1Gyafzb6Bc
  Recipient associated token account: 4GRPDwNjbhV6SD4fcCFcQcoF16d8QVgwi2kU8y6VtDZM
  Funding recipient: 4GRPDwNjbhV6SD4fcCFcQcoF16d8QVgwi2kU8y6VtDZM (0.00203928 SOL)

Signature: 4AkyeTy36bBw8mvn4gPzHauUVrN2HzrBF8GDxLBATMQHHFDYj5SmW78B3qT9UGDnixbwFhwT6Xift1KUanEEFBpS

Transfer 1 tokens
  Sender: GDH9evBo7CkNo613AMXDXddKV1fdqnjiywkKc9ZWXaZG
  Recipient: BA7N78zwguVEsumBr2DBvCY3B28xj6RY7NkTwRVWvcun
  Recipient associated token account: d6QQnafsgBBJHbbT5LnagHsPypMKtSQ4dmf5Zh5Z44F
  Funding recipient: d6QQnafsgBBJHbbT5LnagHsPypMKtSQ4dmf5Zh5Z44F (0.00203928 SOL)

Signature: 2u8JaGxaPGXWJUGG6rf5seM58MqgTdFoWv34dDBhPFyUcTFNwpdsTJmC9RDZsrAk4ujYbhup7K73chrR3dGVRSfE

Transfer 1 tokens
  Sender: GK6qFrmjuKm8iDa93Mfozj9jkeWXzJcSc2TyUufJJZn8
  Recipient: 8zfdGUKpemtzs2Ypb8reoN3A43o1ZkbwFCBNzpUeFeUo
  Recipient associated token account: Em9E7mZ11sjRBXMf6Sy34v5LGnawHHdHK95rNpApgmp7
  Funding recipient: Em9E7mZ11sjRBXMf6Sy34v5LGnawHHdHK95rNpApgmp7 (0.00203928 SOL)

Signature: 2sXicUhtvuSgYeabXY4fCv4SYtri7w1FRniq84r39v4PtZ75Gb1uV5FtwdhVwK2SXmBBdkgszhQ8mQzBG33JomiH

Transfer 1 tokens
  Sender: 8eSsNT2aubWP6KGjHgPJLv2QLiKtTLnXiqpxvTTYNRNH
  Recipient: HPedc5tDF5Gvf8jH5c4R2fJJ3pe7uLkv598GgyheVJ9H
  Recipient associated token account: A4kJaKFpoksmvLF1BNyGueN2JpJHWXc18D4H7sosejy9
  Funding recipient: A4kJaKFpoksmvLF1BNyGueN2JpJHWXc18D4H7sosejy9 (0.00203928 SOL)

Signature: 3aKW4FcmvtTk4AQiFFxxdTnCsJZ5QYYmNzp8WJ3914PUFcrw3HMTFbfvriBL3dwhvytvcYhHoQLBs19Tt8M2yMfK

Transfer 1 tokens
  Sender: 9h1sQ4eFZdC2Wxvhw9zjvcABtUp2shws2GNvATKj1Tw3
  Recipient: crpQUfqtr42Y1W5LgZjvjVnEo2nsmXhSuZ1EyomFCDj
  Recipient associated token account: ApxvdzPb99ZzEdd2iNQLDqpqPD6hgMHsJ2GuG5NH3WsH
  Funding recipient: ApxvdzPb99ZzEdd2iNQLDqpqPD6hgMHsJ2GuG5NH3WsH (0.00203928 SOL)

Signature: 3wLYprBD6k7zmhFbL12zMxFn9bu3GFGvJbuNM6msSzgNQ9jZ4wBdZStNXc7B8XznGHRaEmB1Zo7WjwQAKHWkxDuZ

Transfer 1 tokens
  Sender: 5dvEP39o6S9314hMgPz95jwypLCtQ27jNtjm5MRXG414
  Recipient: 8DmRR216akpGM4i748vQxbHVL3mqAYBWLGs7G49CJoFC
  Recipient associated token account: DuUpXMA49r2RguSBUyPp4WeCdEsMZLhaZnKWgNjpBE33
  Funding recipient: DuUpXMA49r2RguSBUyPp4WeCdEsMZLhaZnKWgNjpBE33 (0.00203928 SOL)

Signature: 3paYX8Q6R5dDFJDUv6b411F3vAQkj59syXQQkUqAXNJCLxGPBBfQs2nTfGzu9ZnpBZoykUU9XxUNnp4dEFMGGwtT

Transfer 1 tokens
  Sender: ACY1PiyEDwd9QhLEJfzGc612hZdF7jw3nguavH9g1FLY
  Recipient: o2Aug6JB1RDFk7yYsf8QCjpWo2WzgwFkM115gtSJU8r
  Recipient associated token account: CvpoLA2APV2MEJkpoPpbeZQB54jhZ7jhwRK5t87oaBc7
  Funding recipient: CvpoLA2APV2MEJkpoPpbeZQB54jhZ7jhwRK5t87oaBc7 (0.00203928 SOL)

Signature: 4ohEuxmBJeJx8y17SBAWAjm1EgUA6j7z2BQGeYq9WVdGKBnNeQfUPSAbGydDDErY2arsYkke6DKtvpF3ynprbPTA

Transfer 1 tokens
  Sender: 9h1sQ4eFZdC2Wxvhw9zjvcABtUp2shws2GNvATKj1Tw3
  Recipient: crpQUfqtr42Y1W5LgZjvjVnEo2nsmXhSuZ1EyomFCDj
Transfer 1 tokens
  Sender: 5dvEP39o6S9314hMgPz95jwypLCtQ27jNtjm5MRXG414
  Recipient: 8DmRR216akpGM4i748vQxbHVL3mqAYBWLGs7G49CJoFC
Transfer 1 tokens
  Sender: V4LrRdu6h9eYxB7iNXLCeVT2K6WdGRw6QxdW3PxjDQo
  Recipient: AkdfJa5NmE1pQt3Ai7DpgDg8kryN5qTZirp6LQcpen6R
  Recipient associated token account: 3Nw19jUU58rQo2bHwd29GSfGyQYEFQKw7kUhprMJSDGj
  Funding recipient: 3Nw19jUU58rQo2bHwd29GSfGyQYEFQKw7kUhprMJSDGj (0.00203928 SOL)

Signature: 3Gss3ZcvJh4RMsUkwXMD98RJhGrsxzDp1bKSDJPS99FiYmAcPLTBYra6HwDRJmfSo4UL7wRfqcP24GU9ky3ofJ5o

Transfer 1 tokens
  Sender: 86eD3vnamMf26TS7rxUEPBMGVGPDsqS3hv3GnQpuK63m
  Recipient: AcuEg5PvtpxeNEAsiDVjUAjMPdqMSAsyi3qHekqpBagF
