6uZSfPKGp8L8P2EEBDidotaSV1V9VrdmgdK4porH8G99
2aR4dLSie7VJ7Hmy6z4t1ftfLJZ3Xeo5mVKQByW3SknR
4qH8xNbaih9d6FeE5qhG6Syrg875G9wA88StKixLQMTF
4hjoy91wcXip7T9HW2SaqVFTxdEDZxYDvCLw6b2ydK3g
ATk9xMnm7xVFf4emJxtxoy21AtvmA4mrqNgW1BR5UQpB
FVktaifWBgvCZxoNbKDH4NKQNWkd1Hb6MtQrdoVmp5xf
3X36NcHMao7FG1cNWa4CeVReGYRX734ZjcgxoP2qZREu
HEFHDjHsAKCRWzZyRMJtwTzSgjycoCud8xEaebHesUdT
AjdQkJ9wkEg7Y6bbmwMRPVSanHv4mzhzsgurmfd6EaGT
AynAJug7Lu5S6L1R5zHytvfRkqVkz5akmZVCWVnCsR41
D3Ssm2rkZAkSdgVydBNTDYrBxN4NLxyFUt27ZCPs68gg
2YRQAHYBdYVuqZYESoZDePi8desiNbkwjxxVUPA9UWU4
GvugKZrUqQ8b2g3DYDJNd4yqnFTTxGLYwhSVvTpgyd5J
J59JnXXMvRjKJZ7y3fDGhdCX8ccLMB9BRAsrPy866eau
7w1hb2sLxsbVxctVgRo2fj8QEBec5rcFZFe9yn34CNW6
79q5MpdmKnSUQHqafg4xt4xJSZR29WafjrNa6FgwNkwj
HpTLqD6vC3hnBMUBQv2U7W173SyQTuLfFJ8Vi6CwGFf
3K3WJ7WjuWHCFw6LyYyBoikoXSwUFc7Y9ymkPx5HpAmE
GvugKZrUqQ8b2g3DYDJNd4yqnFTTxGLYwhSVvTpgyd5J
3vGN37XCF5ARb1KHtxqVyN9ncvHviHAdnY1yFTHdqEPV
Bb5sY5CVYCGVgyBexRxNwdrBtLPBvh3BCPENy3Y7QRQ1
HzzozfEubP1258oaZP6ofWjxkZXxWba2YtvMfhKdKXL6
BWjdWACFhvpBVxPqPgTpBxhHo6jjdN5aUm6F5Gk5UEJ4
C84AXndaeBhVhma3xj35wV2vTaqVjpJWDUMNhaUn2aEq
41AFMwegGhpT6jtWMyc4uHpggfHFoiPcx9aEoP8kGZcY
GxJukaJRcgzz8HJpdQTBaRiRH2yaBKPuMUtR4r82a1p7
3fB955q6xxxZcgnCyguLwkSa7egxgBoksPQVQ3U8HRHL
5A1irdJDjBojrM8NmYXWpSqJpNvjNedMPgP2XAcKvFPP
DojyD3EHo4GcKmDjMcNziSDZ9AwduvwV1zSJuSwZ6PPm
4UaDHeFwrQcgCHTSW4c7XKfXZVrwtsKg2uCzewLpVuNH
h9ufruHGBEviDQzJpQ42Qw4WXKfmKB2A9rMj32qLk5T
DZ619EDjX7MjVijYZ3p6gFZCgVwg7iM3EpHtAYccTHJc
FqpC4nnEZ2SRWvoDyBEzjrzicCekKV2wZWC5uGhfuhYk
GC9NFN4zJ2HAiZceT6YnQh4uTdFzgpdhmtvZXdXpMKwD
Crdq3Wicowd8SwG3Eyo24WsKWUE1zc3tXKPSDZNcNstC
Gyon9cpqRRTz7UDkCJdUdvapp7xG9VbGxyakKkWPjpLh
Vi5MuepY5MK2xJB8ECC2H9z3JmrauWEEQVwSR7jDECR
mRMQAiGscNyrGGF9HgDaGAMZKjSxAy4e6kCZ88kxFQ4
2gKXx4rkd37nXLCPEwCC1oJgbap7oLjwv6HAyefZWVap
A9utMXAujEHFonXZnL7HQvm2qaYJJFAuZ9EzEW3pGgMv
6kjdJfA43yxqrXMRD32bWaRjfzoCZnreQPk6zYeMVbK2
87UiQWR4gKRLhgBsPru2BfWwbDfa62ZxbNQbYd1ksy4W
J1CZQHqzXCtjwhZEtFfpAKCHPiBHaq9p1vUuutb1R8qL
2WTkNFy4HetGwTDzEHLiuz7GXB693XPhxpJDjxsiib6K
8dhZetrm1uMBiMduuRnYhrQ1b9FLp53mQB2wiXfrHWqT
B67jKw2ut15Fu4jsVSGZruCC3oSg7odg2PzsWUa1vbLE
7bJyC2yLcrTq6CTGnpGB87kj2PzggDL6hwy1fccsjHdw
3BPCLNHpqBDZEAX4YhKEu3FzCxHexW6kWMvZUxLsh1gm
9Mu5pdTsZNpr3zAVJVWUqumnsSSrQUbBbxUb1vhL5CFa
AoMi5dEaDdcbXoqtsKnLMKfYUtnQH8VYgwfBw8fCcfC9
HxdqFdD5uk7wL75xBeAgepLubqWj3YGCMq5LLfyYoZqx
7CDBLnVDK2bFBotCUmfeDuB3HT5K4mfKpZobbCcV4sNj
DCCimNGBSvzEBN6fg8HcKRpxPJHhZfQryiDNyGm7v2zT
EMFSprzoDZpHmiZEqDsE92iXydLx9c7nbmjVA1cDze3r
6pCs22raxzxVRqTehg46bVP3dopJ38XZQCS2zbKPKC45
7engHFGfqWM3GTvWbnmEy5a4crSD3Hvu8S828cTkRLA2
icNpxLJx17rjdHA8AVJQEcAnnbZd7J38BEkk7UbbbJu
7KHx2Uc5qsqz652eXbu8Qtabi5KLxWJLgxFzcaBzP32i
F8dL4P8GrTfGsiT1ZaGVSXTexf3JoGopC8PDcZRq1yuL
2Cdt59MDpoDqCRCfo3tphfhXvgnVm4pDGztwC83NXnMt
6AwQ5oYipkKHCcn7JDp7zpTQQUNrbBXfV7AMWwQPbXDi
EfPa3SAS8GQzPsfHnk6pnDNnKaGBoKS4PZiX8YZzmjC3
EKhpunTNtG72CRVXUBzWjjnTyD9Ru9ee7wwtXATxXxDp
4sfym51tCSRzfrSVCiweym7N9hqRDMVMMu5G5jUB2WDn
9XqH8khVtcxr4D6HEbVeUakjD6ips3SB1WuCgbRdXQSB
7iVnwsEW9kRC4WdyKPvpSnKdKDa4ei5shT2zkYhBQPo2
EbpDD1xgQ1sT2MizRauq1x7cR63UULtKNKJ1iXeFXv1y
yoZBLJUPqb4cbQmM8mymgfNYTossFLhmhvb2EaiyvnR
F2jrhDKYWnzsFcBJ1JJg9BveAuSttzdiS4uLR7VcK9qA
4CTxku7r7a3Zxp7Qm9Cksr2zkYQo5iKHRJgoa16KvhZu
7soSeBBmHXpfD4eXQoTZesdTVeX4E9eTu3BenEUEtg3j
4PBAcERUQEEZacEpYjBLmN1wJzGCxmnRW4t3mxW9wex3
AyW6BbCQzLXbp8YZ4Rs5VRPCbnWTwP4vUbTmzGw1nVqh
2juQDzpcARs9ha2QGQGoV4wupntgddM28Nq2pd7pAY34
2DrPkVYAnad6YLw4PiBSssjcGbbXmJGQTTiJevcqM9HL
DMt2Y9b4PZZujyx3MwAL8kDRLhPL5SHZzrSMib71E9gZ
9Mu5pdTsZNpr3zAVJVWUqumnsSSrQUbBbxUb1vhL5CFa
9Mu5pdTsZNpr3zAVJVWUqumnsSSrQUbBbxUb1vhL5CFa
Aw6n9wqnFFQH3Cr58sVkSSxw8GLWoH9h8G6F9iESsKqf
5AJiEcyh21brybf4xNTGUeo744D3aksnVY2YnSu6g97p
EmaK5daQxHrdk7sotNFUJRxuk8TQCVrE6goCLtoAq7PH
9V4i8VdxEHgjQFEKdXT3N4nFKRtNtkKCzd17SjxVWLSo
FbGxcNtrWNdYvvCDJDhjL9SPqSLLM5Y8keTDDB2KGSbR
6naVRE7kMZk3LjyfHYXrZVKHe6mZxofhxwiqSWk2mURW
DP9qbugMkuDRJX3aUdw5C3ByYhmt2pZnwxN32ALEuhL8
8J3xva9bHd1CRdy8TQAKNqf4CtyNDa1dYpiC146CFhMt
4DJ5nBAgFgCFM3kfcJmRpPCkVo5i1KSoXHSkCSP9DEoe
GrZDNGyqXs8xCe73X8wDwAXaEE7Y5MdZq4cPaqxeKuK1
7EBpUi6tX2vg1FUM9hCpQGgHmGz94ADgwtXLJdTfoAqS
J93VpEgm4Qfzv9H71zd3RsWxdTjin2hNZVYDo9r1Wgtc
H56YSaRApHRB7UgqP24VNZ4uUvgYjcgWxmt9bymCUz8n
8zzquW4r1ahkXfQBZbe6QBe48zcju8YszB9rReDbxmf
A1w2KcdL9SG2ZNZFDZJT96Dycpc24awVk9j2Gv2pCQUy
DFjhhYkZbaL2L1swqiF3Y4cQgrDUj2wXDWJxQkroLouG
9Mu5pdTsZNpr3zAVJVWUqumnsSSrQUbBbxUb1vhL5CFa
9Mu5pdTsZNpr3zAVJVWUqumnsSSrQUbBbxUb1vhL5CFa
5ZLDXxQL3RzofEaGZfKYsvUxjQmtEJ3dL8i7fqfrALuR
2pxTva6zNPVrvHKz44NH4GPYiuVzzUJqeiNosqHGYdVH
BCF6fdgHytx7ivrkSVEEngUnbA7s7qkTfLe4b3Rpk95G
7n5DGDVDnLVBw3oT4e4yDjnp7ZETy4cq544UUgpkpso9
HUSAdorHCu5GSQ2oyHKHvmn9g68yq59p3oK5yQKbrk3K
4ReyBodSJygchFFm6tHfvGQdBvhrCr3UqWTCvUoNyvfZ
BoBjSaZPrxo44aXFXrKnrHAGqMaFsHYitqRSnTJukqFk
4dH2eeV1Ji1PVSsHxPr1Cir9qPKF99Z9k5F1tXLW2a1B
52MfsbukwStPXpVirwqw7msJXtFpkZZLgWEecVwMZFmy
BtVUE43z4pL8k3j8sg4diHiArnEbzheAHLo9FcffKdEF
B1ZV1ac6QYX6AAbKBnezBH4CaHzX5g4XwkzofNS4kXvv
8NpGE1BQArTkDM2YNvRXpZbVPwPZmcBLVzNExR61hcT2
2QdLAzfbczrmLJ8RqCZ2GBkEtxMt6xx2KZoVJeMMTnwM
3hm5fRCDPcvaSJKT8rY5L8Kc47g7SPaQrqigjGtgKchR
EMFSprzoDZpHmiZEqDsE92iXydLx9c7nbmjVA1cDze3r
3TUcJepf3fQHuL7RZYkXKm2LDYGQ4SN25Xr9i68XyB8G
8vNmWqVA5n3v1R3bYDFKHMSNMC4CASEPuC2fTn2Db3jp
9pZixeQtWTjiw2rvZJue4BjaY5qy8D7oC8mjfxr87sZ6
EZoXYXVkRZVKuryGLRCXhnhykHgouKYKoxpoQHd9MQT9
JBmJCoCent51tbx85FYtkqoHsNkQbcaiG5i4dQ3P4B5R
A6zjPuiAi2oKw5R4R3kqyfWc7wzciKnTHnhhPjbipnaL
Gi6utatZTdbAiZNaRmV5Mk1dsZbNSYszjB1473hUVp51
FexpZ6Ph1ENzfNTpX8nuXJao8crDThU6U1YfpsRzbwuq
7VjbfLcWykKP3ymLFD4KsutjYvfPipVi9WBYHtuaLaap
2zTjUxhreNVSnRwbNeLie7bjP1s39SLHcMJE3AkXu8xd
BYrC9EVqGHKasREuDKuRh78MzfkRFv5gRRhf8vssMbEt
CHadgP58VjqZKBFH51EvkVduSbvXLLXDi1H7ZvWJKLfm
5ZLDXxQL3RzofEaGZfKYsvUxjQmtEJ3dL8i7fqfrALuR
H8UHPQtWesHYsrRJNJa8FB1nodPfqEgkPtewKgTQekZV
BPe96NvZPUxQqADtbatZFYXtEghXNaYsC7BVpkKPjTV5
3MjaWBvoTAB7uek9N9SVScFqvfqTuJ6Bj9rQvfJgCKtY
6PE5LnuEsrKhrSk7YqFKZ5qRoi55twiZkNv3Hf1KNSiW
248VAaaW9Aojhazp5D9ARtRisoN3gpBhbuvsjmXjJCms
H5UH85sWRLcMVRVDiccDvrRPTwBrx4VhFzNpptk9gy8M
BsAUF9ZC9cgCJTKGb6UfbudyV3c4rDyeswsDU6jbvfWM
3RJE6KRkDeEqbKzqeoouQ8GQX5qFSkTVLADZtHLyQgococ
J1CZQHqzXCtjwhZEtFfpAKCHPiBHaq9p1vUuutb1R8qL
EwkYAjPGzEDvJiSF9LEtXwuZioaCm2P82qA5J5ddMpRn
AB9XZ7G9gdqEXEmuTyq2ZkuJQLrS2RR6B1YHFrxqMAKN
9Mu5pdTsZNpr3zAVJVWUqumnsSSrQUbBbxUb1vhL5CFa
JA8yXQ5ZuRfATTrCatJoehaMZjR6f6QnPgtY415Vs2vt
6597sHyzG64nVQYs9nnpgEJDPZCYtQXRh2CDUHXkGdLL
ChcAagmjdByxCga1YcpmUkVNgYykJD8X9fBjf12koGyR
HXpU8biVEztWsKPV1TDKPVwJvzrTSstbfx4pyGWRZDhD
9UBRsacCnumksymGJJBudAjgvx4PUpq5pQ9MoKdcGzKd
GFMRoyW8isW6sos1cwQ157m9bmtw16tGJv3AeUNgo3tA
DopGYEHDZzezNuUe4xGkP9bdKy3KyNVmrHp7KXLi5XZu
5jczeFvjySrUnRT9Uhi54ubkU3xhUU3USeGmd5yHGp4W
5JdNrQD1fBHJSPkaoh3aWZrJfvGLVhG5aYpTXBP8V3q2
Dm2KwoJiDkLMWcz9ca7SzhUQcgBBFb9GWxu6EDNugy8M
6739fY2Jdzh7dp9w2DPmJ29bg2wPb5jJBDw2Yy1v1XP
CPTkw7A9g35fyS6WVcihEpMFo3NLv6F2kQgWtm73LPBp
HDLKGPRVqamrEiHNn2Scdqbi9XtQ3GcMevfnbd66mFPK
EpQXcrtUEp8evLK3T1NL5MdtdYXKQKGN6fM6EvkaBWo4
EVBTa6zsvsow7vKMrnUYunaLiw29rkQXdqZkcfM3nmtC
DrKyjHhsfqJGhqWCkyt4jajoUv9cpWWZmepJN2z4u3Pi
6Y37muUWS52Sdu9vCRzH3m2tCT4tUcr9sVkUYRJtJ9Vp
8Nh6zfuhe5Ru4b6LybTh1HHmpgyVZrCQcZv58B6ofdi7
2giJncPE3qzhXwy9kWicun78CDECWKNyucZU77TMwqAy
Emo3G5ZQ9eAYhVUyUiw77BRBfEAV6v4ucG1B28sKRg6r
7xzw2C6UMfaxqSk54SBUMDF8p6SpHBDbLB71FwGrVUAk
GTDGZhK11VcGWpLo2JMnjjDDEECncbqDw4J8kxWtMjAn
32jrfQ6h9XrfAjUseyBaRfFfLDUvPWYdm3BunPPkDak9
2CuaTerUrc6MGvZHn1cDGpsPDpzquP5mshjEkjXn4g84
rMjHEPkW7J1PF6Vu1ztdvRofKNWaP3yoSAXbkNdY6ML
7BK2WLNg7rdgUXcWqg1hPQ7XWRT2CLGhB1FM1WtBY2Lz
EMFSprzoDZpHmiZEqDsE92iXydLx9c7nbmjVA1cDze3r
Tj1zpMeUmLVVrKRXSPkwQyJfz9C1TThqQWofnr81g6u
385dJkTnv3j9Ka2g6bVgz1Khte4az1bG951Jq4wbUyC2
5n6Qd1H7QUemq9EjUyMpnoWov693AJog8SvG36wAUC8n
8uTzsAXXEyjF9arYf7k7BXyiNhtDpCDiaWw4BYJ9inzZ
G8ZT7Y7YHt9n2eDAMGXEcTfkFjXR6fgKvzJpMkyqfDun
EzjyPsuYj36iiG4EgJUBwqboq6zrvwtxqQpcn7UhdgMQ
JAc7qdFbPHLjWyUD9WHHTWYWbNsFap59GVg51ZjbDgQ6
21oUygjRUp5VGNKMJ9SuJpfT6LvnKn7ZDjCEHxxachXt
7pV9oz5Fb9FUUEJJNvoCu8iJsDeeQDeukT8Le9BRkSZY
7ZGjJCXnCw5WcDEoswYtSHzJ2K3ACf7guVgqZhDSjbjc
D4cPTG4oUiWckVuLG5XyQcwaUhCST9MfddAv5Kdb8vnT
DKCQkdAiXjs8Fq5aXbZTbnF3Stj3HEMYCVxPGHVNkKdV
9x711MHSSMyM4tBCEHGtrWtU9im6Ke8eFfmWyH3B9s9e
BttTdsKimBy9kKJAEcDh9G9Kcfk47MjkNtnp1RyENJZT
Fj77drUNKy8oG1QGA28dUnYm9uJm8dBjuJc2HgC8wARg
8hwLNv5gpKq9fvQoHozdpPPABLiU6xUjmHsYcVhQuNZ7
FAfdF7fxf8qigysLNEzsps18qbGzUCm8zGiaj3mNUWr3
5LsYixox5LC5iw1axsSMey1g9wyM9d3BK3MYTXu8pdsk
9sDoWhZe6K2nm3UeKsEp4ej2WjNsmCnWi3WWkCXYgjdN
2eZRR2RLQV2gqcMb5U2og8f6SZxg4Sx7z8UXrRKiYRe3
9VMbHxJ19DGfpeZUPtcr1xmtqaWdTVHJMiWo2HWzb83F
E7gCJ3Cn5ggdeNS7RG8xmHiSr1uho2fnTo1ZRHjdaRwt
CZEkUUHsu5exNUJiZcMoBANqsUyyTPze5bLbqmSHccQr
3Rx7mjqk8MXhtjSX6k4kE4iwFvmi1zvW9rvhhigoYtPG
EqQn3ihFDcnZD3Dos1qxNUkUnB47z1fv566Udz3XFvne
JBmJCoCent51tbx85FYtkqoHsNkQbcaiG5i4dQ3P4B5R
4dH2eeV1Ji1PVSsHxPr1Cir9qPKF99Z9k5F1tXLW2a1B
J1CZQHqzXCtjwhZEtFfpAKCHPiBHaq9p1vUuutb1R8qL
9dFNNcoMyzAJwFBz9mX7MHSbiSqSX69XZ4wNPP8FdUQJ
HFxaRJ9TzJjaTvhcr3URAcvD9SRd36cjAKZeuPnM6sLs
xV8fCRNXY9mNKcwBxudUMqYbuHkH5zuZiApbLWosh9y
6ejqSYNMRdt26PFziekGXmidpHsonahviq2EU1cqjRFW
G2syAxfFjPniJ5kvxu5eABiG8BZdzKkTfsUh2uj2Cwoh
6V4Dfa4oVK2JLMbLxXzRYb5JHUQ8s5SyodAqULRNAkqZ
8VvCupkgXkNSXWg5iodPrq3GiaDwyddpb5Cc8a2FzaoZ
5uodRDav9L9YKbaXMwPW6aQSkMtLDN2FR1dN5AfQZSkn
cXqFkCF4gaT9vAcZYMgwLXmmuD5w4hwgxT8YXE8JuBw
2RoEFXs9gppwRpvNLRgKuH49kivy6RRS99bvqeT8D963
D6KqfHrndqDnisMqPhYhkLSii3P5Bc6XUdeu6DQrNDmm
9q45zrZNGnAkyGG9tofgep3igsZ6gk6Xbhf5uP5VNLAQ
4dH2eeV1Ji1PVSsHxPr1Cir9qPKF99Z9k5F1tXLW2a1B
FRxR41iAiw7R5ZebL2Gswj9xMVhvV1RE2a7nougcjUwN
HHbaTvZiTJdCqTUqHAKJafazSbvFo1vB4KuTQor7ZNMh
D749NDk3U2xCkWB68LoyChxZfKgYd3WTLA8hAckzsXur
5YhxvRf9EiPJew4TydwsqB976nWfqzGqtwYzEVzVwp1z
75te3a9pu4YHaYcYgEnbANpBJ4ge9kAStGKV455nTySS
EMFSprzoDZpHmiZEqDsE92iXydLx9c7nbmjVA1cDze3r
AYWKtSiM3crfHrSe4ixq1BNwA3BsnMwgmnPK1PfhrYpH
Dc62e7bBAcVCNPPA1y3YgdXMWkdcMvd3ubYGs7dFRQe4
Bb5sY5CVYCGVgyBexRxNwdrBtLPBvh3BCPENy3Y7QRQ1
q4JfbcyBDLmbX2n74NjT3fMDFSBNhy7mK5UvoAprdpF
Y7VWCycT71k4v7szQ9JSwTaZCEjjbDeVwzZ8QMF9USZ
H89VohyASQ9zBCFNq42qPcgXTXSajZMuDv4ZZjHKgrLH
J4SdYXbn3LPbQDiJ2tsmC4pHKij66wpB9Jv71rKFAtjP
8KEep6SEDGQTeNfkejsyPnwbaHd5JHYnBe1yX9kr1hbh
EV8xmhvMDSXQWqb6kbaCKLXsB29hhkYpvqmSEXD83mUi
B6LQbmyaaBJVXG1148YRXBWYAFbPmKaxDMxGsmYiENf
FRxR41iAiw7R5ZebL2Gswj9xMVhvV1RE2a7nougcjUwN
uvKP9G7NUtCQpy8okMkLJHjXxz2tESkTPAEhu9wdMAb
7DrtcjpsoJmBi5fVmE2s5ukBFW9ge5t8UGz8aJF6ryih
6eGvhuBLj8pkg3evdMSno2MgqRvNWKsfPa41RBGQisY2
5m9TXgqddxnPq91e5D4Lzwk5cFg3m92fcxWnfexdSDfz
8kvb2daKsFE62UmoQq1tSYpBoFb7JZR7mJEDUvJoSp2R
h8wAEca4nAkHf99QvvekELzNtFYCpZfFa3YhBKksnos
J43Rfws726sqSm7f6Y3BAws76r4NJatyUngDmZ4LXpNC
uvKP9G7NUtCQpy8okMkLJHjXxz2tESkTPAEhu9wdMAb
EMFSprzoDZpHmiZEqDsE92iXydLx9c7nbmjVA1cDze3r
ATk9xMnm7xVFf4emJxtxoy21AtvmA4mrqNgW1BR5UQpB
BFmywmmp9NRBA53zM4Knhh8ad71nmgTguxdo52TKTgS
EMFSprzoDZpHmiZEqDsE92iXydLx9c7nbmjVA1cDze3r
4dH2eeV1Ji1PVSsHxPr1Cir9qPKF99Z9k5F1tXLW2a1B
ENwQbq2gR92dRXsf6NCxgJCUKvYuLFHCmq86fuwAG6r8
D52GyoKD23s5XES81kvnkTCUEwo5JaSTYqMo9PoXi7NJ
Hq2S9jRU4ntuFpVY35RHzZfW5BpSE9TT9hZY1WwYDeX1
ES6iWm46w3hRxuVXwgpc3h3DGjaS5xpMCEXTHaaSgPDU
BGM9bBH1GU799s2SG2boCkmDBoJSUXoB9RTWjX7pKPcs
Bew186DCFLQfwRL7tMBAu7LMKtz579FcDruqVa6puP3Y
uvKP9G7NUtCQpy8okMkLJHjXxz2tESkTPAEhu9wdMAb
8Hw18LzZuGu1wgEyUoQP1DmacNDTx1wu7fyQSjWMZ6DM
9MGRNGbrXREQ7wPHveF9RMijtonyPSLbvtjL7YWaMhjx
EMFSprzoDZpHmiZEqDsE92iXydLx9c7nbmjVA1cDze3r
HxtNmdQQW45QPh1J4V3zxNJMsCniUaZH3MUL5C2hu9Ff
CdFR7rtQC2qRj7w9KD8xAEkuBRGSgj41GifNUnmfeBJr
9EErDVeoXXq6fTS2FjLwobT7FCdTyvKwwXEV3q2yuhL1
DoaVXNXqQ7XKHK7LmeoMuunfJkcZ5xeA3d3Vr4hiNj2W
DGC8NJsrN2TdeUia796AaRH2LbiMExAjWsnX5oaZ3NkM
HENypccepnygXmwYLhaJwdGmjX8GwxgqMuLvT9P7hFT9
4Zt8sLCXaHSHARvF22ZpG4ao8H2gYuRrwArNW9daHAGd
6ejqSYNMRdt26PFziekGXmidpHsonahviq2EU1cqjRFW
DD5h69WvjT9kG1dS8qLdWn7cAAgLxBG2ZygNidsPXeyJ
7yjFdwa75JdYmTqQKtCF8nortUZ864XdppLtgzrn91AN
5E7WfxbbYF2BFf9Zud5AGneX1jyHNFHVVdYj2CbXYwPV
3Hh2YWfqFbgreKbsZTog9yaVCpXh1a9siq5BkSf954kz
B6LQbmyaaBJVXG1148YRXBWYAFbPmKaxDMxGsmYiENf
4dH2eeV1Ji1PVSsHxPr1Cir9qPKF99Z9k5F1tXLW2a1B
H2ft5vGDSp9vQWtxVAP8mXZVNsTtrptToCQgEMLxsaoL
5TFdwm7J3y5rKXWPS5yme7sX3CrSVQwpzFPiDeBkf9WB
J1CZQHqzXCtjwhZEtFfpAKCHPiBHaq9p1vUuutb1R8qL
7asJq7KcDk9b39QFXJazEpPydX81uwi6QdheDgWciQf
6HLSApuzE5e6E3Yiy49V3kM17HeZoGBBmUvsy14ANyje
3VvW7nFRQDR6NDJZHkUzXfe6XnZcXGaTcpVFu8VgEthU
HygmtTAHorUbCuC11s8CsL2Jy3Ystz63mpP98vMhARqt
J66nm4GPswvq9T9eJDSdMTgdck7T8BP3zTTK49621uB
DBmmoAqfxTPLmekUqwB97MsdZM159Dd9KCbcgLRTyDio
DojyD3EHo4GcKmDjMcNziSDZ9AwduvwV1zSJuSwZ6PPm
9AVnCDkM7qUaBChghtZACBcyDXYcKtMmBcWxcPz8uLHh
8oTeLxLiqH3cyJgysMugiEsBS1txm2ycD1h9SD5Jnx7P
7qMEbFs1vQoUnvRPdEcdDhrKFGrCNHYk8MoqJDmpFhmu
CNJoPaegvCUpYB3ZT6WzJ3LAzDytUB3JoujnskbNGCgx
63dnApfqjVd6nezKQo7adwZQFemyA8LgCuddj9zVdS24
4ZnBkf3m1j1XB4WKWMkhe4Pge9vzrJ6XLbSo1NxgKTLN
EWZPy7AYvvv9yCTWRAGMCxQauLM84eNRBsdSZpBML7Pv
8VJ7B3QXDcygB6dyX1gfikZ6DeBh3w4zA9Cd7STM2zQw
4eYMboemLtNmqw5PuG8TxFVZUxN8crFJZVjrRJCz89GX
JAMp9ZRbJJj4t89vDqxRqdFgQfgHnQnAujYBYHrE375u
A9D82MkUWXS6Qbhg4Ayxdit3xNLFo9moABDjrVpSwJc2
Gs2FSWdKKjHKF77z9Rit8B7Txef4hvWF94yLhdxteDGK
AeSqe319BHz6WWDFXvwbjwdHxoVuSbu8Uor2YydjRPPV
Cj3hddF9BiUu3nKRkSqgtLK4HNPF1wELU4UqhiLtgLL2
H2ft5vGDSp9vQWtxVAP8mXZVNsTtrptToCQgEMLxsaoL
Fn149efR6ecunpwmxWsh2ByK66w9tbVtwQmuS3tvL91W
EGiJCaMqQazuWAM9Xd9BiHMJvgsNmWRd8QzFFhT4pmUF
H3QPHBTvT9j2DNpjYUorppuxCXbAEboy7NC2zJjKRxvK
4NQAVLFsWu9eSs6EykMxLEu18UNjtwyjcXQ4ei6e22Mc
EwkYAjPGzEDvJiSF9LEtXwuZioaCm2P82qA5J5ddMpRn
BtHKvqrVTqWb9MYvZ4GsMsg4mc5PhgaYFVdZnCwQDh8X
HgsCCxAUvN3BoFQiHTBRLHenSpao5TgvYZKKWBU1Gr8c
CBs38GrLkRKrf6ciZkBbD14BmW43nLB5Hj4BX7UkNhLF
4ox8atxyrCPFsF3nfmzyU8o4kZhXkJCSo55PknT6Fint
2vhNMJt9fhQs7f9YQubaS1MpCuUdx9o8zTwqxzkfcLof
GBc21R5emFJZx9TsNhNm9r8hYGhSodknuEh4F32xub7Y
63dnApfqjVd6nezKQo7adwZQFemyA8LgCuddj9zVdS24
EbYGWQ5HyNUEyNzhUEgdnqQLu4TwsmGhrMCBSasT58Qr
G7dPACrCsRSgbWw2HpKshxK8tmdeVkPUqCv1mfXpvjBB
Auz45FSSFjLSeGzecu2j2QwJup4m61WVA5Pu8jK2HL8Z
6rXGLWZhdAsoYs2mGEYCfm4nMQ3rxqbWx6c8syVo7hpm
HqNJetbmewAidZYGwfMLUcQya1yzKXno856ieWGMVcHE
7BEgnmvPk5kDhc2qeK86GozqqEvmWXcpQH2oDAoJ9fcR
8eeWesjTSLG6Hdy6GV8bwjrBCEnwY15LWTkyHtGtsUB3
D6muPUw92CPkWwv8PaSp1vSi1Y2ebCPXgkhUNBRXQost
AWVtkBF18ju6CZuBjr9qmsV4yxXm1ixQPd3bR5e4z85z
Fb7pzfL6SLDNi79WSWkZm6zKA94LYNsYKDJC7GNvkZaC
5dNGzQh9sonyFUcTHrH6wiCczokUMSc79miMEysyVYjK
ALhGkUSu6MsAVJSFXecaiUtyjqRTNTkdJknbzdjLyZcU
HCtzVd9MmEeZ49xQ7m5TEwjXboJJzyfn1X7Efjc2m1jq
31MnUxA5f5rvvejAs84Q8gakrb7SDMfP6oxFGHPXbfeQ
CnF8yaRcn2RMYupWJtKue5medfrTgBJaDgiD93QXbydd
4egF4FVRfS5WThBLU9irtQuN5usbezUUNa7Q81qNyUAg
Ds3K3EPVc7rL1ekBNF5JwUCDmu2iYdWzV9izvaUzRM1L
7yBdWZcNdLgeb23tLrufgjWwq8MeLE4jTHdGtGRZyRWj
Cf4pZaok9wdfp8qTT3RiQZvJE5t638oeQPVekwEJyYrX
HQdfvZQtRTmyQKftw89qdGkN7qq33JJPdMDK4eiyr57a
CvHxMT8NjPTxJYpAxWeoSzrK4XT47bpoQCi7zQBzZ92E
FyPjvVafLD6TcRgUg1DZMYKaJMmva6kUEUjgdAxtu6qx
C15qS4Q9tySt4jMN6K86Mbm29SjqpiHxgkx5ZF957Uid
HHnZSFR9USDN5LwCqjdrYgHQJQs1HK9iFDUkD2dqK9LD
CakCB2mYApvhtzJWgmejHjuTAVDGbBk5zjzrDctgkxjM
A7rCDajTsxHsXZ1vTZvGnsDnge7YBYDaf7ZAxPMNE8F6
EBLyVjie81BHWm59qyoRwEdRRXrCaCHrf8An5Hq8spQJ
GMuHNy8qnK6BTqKFkgsMMDDe6Z3zdfYzUJPLLeJXvL7v
GT6KgxZuYQ9rr2pUHVX3iAbPjAMGe1nGd98FKjuvcXz5
6dgB7mmyxzcobztUBo6vGzcYK9yp2e1p5giqrYRHKaS6
D4QNvoSqUzCeuxXjUqsk3Azjx5eSTTZa2UGg5CkCK374
H4dfSserFhYBswmPMF3FdYEbu4aj1AQt7RSXRyVqVjaS
2pJCuT2K4zRzkWLkE8THMjsZyKkANB7VEy6Rk3cM68rr
4hg2DYXiVwjAYfnRVAgX6fo5czXkv3jWXiLHPQ6s87Tj
77z6mutuJsUpTa8nsoiUGVv4wan9u1pNbL527zbWJNLF
GjGqmcQBp8LKUH15QvWTxLnBW6cDqysUBvkn9VEvGoBN
GNEq2yZKFap4Xcbd1qzBZgsk31sAZDQHCpX7dZTD23Ge
5bLozdt36jRhXhLNTjf9zGy2q816ECWpZg5S1shaLqVK
GdJN3D6hc48vzsoU1wTYaxFpTG1nimyV477z7RQ7SgTB
D1tMMrAaXFLbi4eugULzX5iHj4CHZWqUN3oJZ9UWZV6r
CbNGRfShbhKUdYAS6wHr3TMHBz3zDypBDcXdxgVZUBze
FGxNHDU8R2fGrCMPTg29HxjjAjfPgyqzBgXCUVtp2RGS
34ZWCdvNBgT5Z6kUpCUm6p8nRaD8VD1SE74G2oWiPcEd
6cxR31FgTSxgnnS2cdsjhpbzyzYhpdJVTrxdHmnM3uBw
CKpNMrMmbDgiqN9rvE4ZqBSKmDbCHAcBvUvNvx3uUwjj
Hvc9q1mFBgVhDJwRMnQTtW4FQrLuAWLHq4icShieELu1
Ed2bsX93a6sRpz6hgXFvFbGC9gCbEPWFfwdgXmRgMfxx
5XAHPtaALDK356sAuSHGAx4eP6nkKSpTZMrEw3jCEtZU
HSPnUTmBL1KzqYiX1cQHVU6DkiAWkiQ3q7KHBcEfkJUu
92te5L7auEkufyjTFnFNEe5pdWGoGM4FSdjkzMBoH8ZV
9qQVj5MfMGaUyi4XgxrHtP4Zgwds4T6bfPw97ebo4wKW
CeXyRqzXX8vEcBYY2pXfWtiiQAPj9rFVJWdV3ZWemkb2
HPQ1aJs5un1gYDif8y9RkaKkEM6t13FDrZpR2QuVe7PU
By1g7JDY2fHdkygkXqspDmL9jTenkYK99SMjZ6cCdTJT
7HmXM4JeUzHW3oDr6RQBxnokuLo3QyD1opcb2LqV7Tpp
Dyh3mtoYGFqDhcz429WYn7CYcF15qTJpAiDrK2WA96tL
7GetnmM4kAtyjT2aumAcPsHcJs2hfNmMQWoAW9NqpAZt
7CAA523SWi28Ld9HEdgWaGMHaqbPeSMpUduzNpcTUDSd
J2B9WCMCmexvhiRjbhHVwXY6fVRyiRPo76TSAhsKppGm
EyX92Sy2pq2UT3ToHcV4y8vwFQADrWhFbNHtuSw4mwBY
FGeQoJHQuKTAx3h8PkZFsBjWUcG2yZ7DcArpFuKkejbg
DjnwdU2Hj1knTjbpf2R2SMVs8f2VaABUgMHgNnRzjVME
8AP3sZ8uF1vbzvhXNf5T17uc39Ni6icAgzvrHgvcRKNA
9qu3SiB45ib9kDrUtRxoksDGHq9YTxtdf2DYodPQiWNV
AcZjTNMrq99S72FPX9oe8AEAqiPx3543MTs1RXNNZx4x
B76uAwAahbFu6Ymfg2naf2aZstzTU8kMgFKhFUMubuqT
4mGznuWu7pwmby4JQ8qThqffyN4TadYttyyTd4MAiqjx
F4hN7ecndZ8Gr5KQNSFaSrMGawMasz7jfWTLTMpk7gaB
28tLPjFZf4K4WCjiQPnveiWAapcB7xXrbySnmgWCNtST
EFfb1YV4cHgChUfVizi8Fi1eDmXpezPE45MqcYTUhta3
8PdqmeKdn3999sT3jkkx3JRquGqZAfr3m7F4G5NoWkuG
ELF8eieJAgKHJypyvoWW6PiRFrEHCwZd27K5f5UmNgjZ
AbkwtiYEpLLyUKcs33dokoPyY1A8PWCPKq9W5ACtagkE
BTqTymCi5fqFhRrpyKXxxXibJ9CKPMuRqkoGn5myQDMy
DfzrVBck73vZAXDwerPC5sd4ZTCwZXfewFHjZWz8mjE9
8JT1upRY895HhVQSXjgHDNoP7EjB17x46ZZUmBxVrBM1
Dt8mEeW3uFiNDVMSrc3fr4hyVgcuafAUptWirNp2V9Aw
BEv2CyGCrqdViM17WKqTmnseHoPuAyspHGbTYN7AwxY1
EYJeXjaJUxKt61epyz57UgQJXcrQoPRxsuxL637sDX2o