EH7dikSjjnoPXLYUPahvsbBVCHeQJJTENtu71Py7zcTd
EuHDoS7HigzyroHoHg1q4QcWLWpWfHB2j5ms6C7AGXyN
8LqgpMsFjmSxuSgRS2qVh5NGha3S1kYof63cvtvLpZcP
GgM31UeW8UyQ3EhXFquMbgAWZcQzzjJzkweq3zUKuovU
5GXLiyUzjK1jYs6Riz4yH3XVpfepvjgd4EwA5wpzriRX
FwFjcsFEZAfMCF3V5KKfDNYWrL2WFadec4Sjmnt2Venb
762sRZdgUT6Ra8DcbcBb1J6wdGKnsptDrPZxT7QnkLJK
DFEnuqFCe4H4UjHS6fN1RYqb7AYPsbiLAY46xDipoPeJ
FYv4V3vvRESyXYQoyV79GuJ9g7mofrDY69jpQAVMXrw7
FsMi4PKiNkctG9DmUCdjjZaXFGjWqzj9AF3H8WMa3JhB
3z7HMXT2s4bKRWgix5JQR8CyGHBFhkfT6tTes6EKQtfp
3gqpzmT12Gw6KnUY6sFkThN32Aw8XqNot7CEeZMFmVZF
EvCYQ3KSg2JWNRHhoxNYh6ebc1B1rRpvXMucFeHJxsdq
HcWokTt9jYp3UBeSKcre7EwRG4TMLc3ZRtWh5wh62pe7
8HSnGf3k2DhSnbcu6S2u9nELQrsWtbYMR7ArMh4gfDeA
D1ndcvfkdJ6qXwquQ7i119ovk1Dx9h6QJ1VXHf3UqdAN
9UBaNQJhsHs3cEEKDWxKX7BXuQMNcUkDZisaxMmaYkZ7
39NXFm2DKMEEyUfVVwRFhDcv7gMwRZdgdjw8WPkzAgsG
FXTVCXruCtKXQL73u3TW4qz1qnAEjqgS45dPzMMw9oqq
DCgydko7kuAW2RBXDC9SyeLkc2YicvkobNZ2xp1fFXmt
G3jX5P7EwDfuQ85WxfC86SgmdQaK6MUXCaFQB8rAEmhC
7yfBJfbNeHm6EmAX4f7wpGHhA32QAP2QLgLCssj1javF
Cenar3hCFXNVzdUpGRuG3P85ZFMdenEuWEiWWEbTnifX
itV6sb8okbUd6134fZinSypwqFP5Fo2aiY8qmnGF9dM
9KrvUEKfMYp932H8JXbwUhgrji2d4kVUPqPsshYyPQrr
eyYc1mMEg3MP5PMaNZ8P2PABkSc1sn1UiggSr5HQGxJ
5LuRKVNdYkeTM2YkD8AV3maybmq1x9SEpBZMLFkygN6j
7VobtBT9kmGCjCXdWzt9h1ZqUAe7dp6n48pZC3Ha1YFx
CT6amtSxp2D19SeD8XnCrgd112crDCei2ciAciGFD5zr
C7hkWiqsgV2YdahahY8QVTi4SKQx7mYX3Wh8e5WRnVY9
AUF4SR4b5CTtTz4poucLFpVLcHa9UnrZTG3ZvZSyUos4
6dRCTQioBDt2hQNPEgBYtnpLdRAz7gqVZWPCEoxeGAkd
2YeNAvj3VBVxxNWib3vThTMfYgpUo2r1qP19RmvVkDwk
BArfDGPfAt56paAa7FccBaNWdLcdQbyyaTisE5ji7Kr5
HZAkkmwxkRhudJxvvAK4rffJH9ZaV1T1nLVXrz54EMt2
6kvwbgYUhPZnyu7J1NiJohQPFBPSKUFXNmaDjRf25FjJ
ALCVbfvLp621pE3F38cZNHSqt9kn1vDVftZpNHoNEcY4
EeFcPnHngY552s9JbDmWNySeJksQodeW28A4BGUjWDJF
9hKbbhbnNPXjkDsWPiRhFbVfHfW5N8CXp1BL2AkYHUBS
4qmG8VRshe3T7h1PUZn4QVUHq3T8DmvpzmVzKS52agH2
BwNdyQxyPTqtnUKLqDRCG5PsqkSzMSEW5LadAFTpEJaL
3zm5YN5ATQvSXrSQeYokVB2bjFsJydz6TZGKnbcu7Foj
Djikb6EnygauKpKYFS4KdnH9dAKnByKwzzf9vRAgNiBZ
34sNdHSUeU1mQgJnVzoJgJgNppqXAc4zMm6B68Tg5F4z
5u59jLfp1uTYt4wftwRGDfj1SVgJESWGTY32SXojpJoV
3mTjRYWgL7VjWd6ryFo1ZwFPqvyNeAv3VAQBMM9gDYDY
2EDHz9zrAvH1m2V2PmfhYoKqjjpUjFqqLVhhNVxk2rkJ
A3F2EqKWTotpQQ5jPAWTi6cUsJvmgHMvoBuNedULWZn8
GFTA7ExLRZwuv2PkAWmTtiKgo2uX1eQX5ovjwDfnWcXf
H78pUNpiU8e12CASV93Gh6qwq1bwTdN8WuxEqCSYncwZ
9V1zWu1ABt2peBcTw1tzwdDNfEBUNxzz9gogGHdx9v6a
CyQc2fXVWoLNa6jQctnudjtC1RRxBpQuErRiUmCRpZrX
B3YXgLfDDyn1Nyefm4vXQWxDi5eSCzMgFapKSVQmTBCu
B8v3gSMccdAa888LBYnh8GzK6LrCBNzfS4B4aMztrEPd
DJUuJFDEUKujwrvuWvhMwSaiiEfyBLVxRuyopnqbDd7P
FeAfuJUHRbEfjqaeMAkVxewwzq4zjjyA5PNw6VyvG9hR
81uoiz4yE1C8PAwmbbCSxuFGj1C5UQoS2U4A4fNQLCg6
FL7pUst9DcNdpQP1tQLRkA2gnDmUt9ZwNkv2arL1cjm7
BitSeEqU4jM7WFaksuLaoopVywSDFogtoCBs7MqoRwV9
A86iZ6fyddeAB74L29xrS9Pr9ufT5GW72nqeBXkm9Peq
A2A46NMEJnsGe8Rfzf3wrvudfn9h7mTtu2ET7RhfLvgR
8W3dT9nvYZhFyWmq6aWHB4thp6CrQAfUgj7xpdWh8Jzc
9Jt55bv52RTbxHNoTC5VDoDKyHqkzGsjRWvdLHxxnHmR
8cZ1m2yqnCRhKka2hGw3SFWk7NfnTbw1GXJ4TC2B2QF8
4LjuA5z6HdPzYHXjV14B8UzBNbhtiyNcgggi7WkzxGqe
EHibfATTPnjGYJHkTHjuPTseJ7MivHy7SzXzK3ZRYzMb
3eeVf13r3Rp78fo6oR3cyk8cCFxpoMzu3NkQwSifJxgg
rxKtsF4gXCjSBmzMyxiibqMUA9YgfHNuP44eKfJWPp2
4LambJ5ZVZhPpDGSjrX6ivUThZcHy9mPFg33sbDXdLzu
5aB6kA2TVzQx1nfczrXNLq3Mv96SifnbHUAvLsGtJydF
FgbVZBHU4u4qMD5NTnRsDmmdKXuDwMtZmXnQ8mzgRkgy
6MxPar5YXRqDEio1Q5RhDroCFTt6CuwzaQB4zmuoaub1
E4Zn3mNXeKBBsNuV6KC71FpqSiW5FwbWNCV8vGFqDL1S
2Eh7qnhFyBPCTSw5M5wD66w4NxG9fE9Maa4yQeF5rMe5
5MhsVD4MivSVLJJ5sU9Agzg8jzg7uwU1JfcsJKGPk8t1
9A6PHPe1rEo3EQVVcHX7Ar95cyNSvYNmrHyWdRYbuZTr
BNEGKQAA5bWpEMdhajZMBbyQfFJrCmCFVKEfQLJLpWQX
54g8LoztHqVKzzK7vBiJ5pq6c1EtSWAdF1S4Nv1DETT5
FVmSVwYWQnCx745mY3h6cYjHUmUTcTdsGHZgm98HWBi1
EsRZUsKfSMzqGJP6WNHDPnB7yFDijmJC4xDfHDYJVrNb
8fid9LZkkidCcJCMqRhRmmdvM9EGPzXKJKWjHXnA6muh
AT1wTuNn2DQ79fQ2P4wkn4adrJQSBC6bPM8uyKjW1LoX
AkSzvCgURtekHVyDAjY9XeoDCgWVnBz3nS6iBV8H5J38
3pvtjJu6fBJpTrMuWWBvobGLJTJUWk8ndFzMggACnvEF
GF4cq6PkMGSpWHwAtFmtS63wTVYDyuMs54v6V6qz3719
ArnamhFyhnJRrugWpVdbvVAaYqTFCHuJER5MVJUvxAWW
8LQzDSoGmdLrf1GVZy4yRuzVKcJMPeRXvu416bJuVx8y
5i1hUXtr5CbePpoMKCUAiQbeufu32QuX9KXt795hbgEz
5Ym25BcGY1UieK8aRjR5yEsop6xYemQCxaSjY6mzdyWe
2WvHbm2ZhNTt7QrkVGXk8SprYAZb2ft1yGX2rH1T3d46
3bPBmVoAbuT8LpUY8Gj8shaWJCYzyoY1GJBaXbBaXQez
FwCLj6nLXMb1nS8oL3xyHCU9k2xUdnZRja7HYnJwpMmR
C55DfGBUs8CBQZ81aVYKib1gXPj8q8nuERfpLCPazWt9
aa6fTefh8Sa7Sow58bzAXKDza7m17y4yfKaDZ9bniuB
2CMPuCCWHJDudYT9YvMSDqSCnGrKHJ4yGCz4CuWWr9RQ
4G9eFU6PQHFXmt3FFm2vWrNMS6ntHgj39NNhn26t2ZPZ
AxjkXvWosCV2tzXZd38qvuApiRDBHsZTPHCvgPPcNy1Z
9YzfivMXC8HPqEz1mDYLZuqShnxCjHwNqKp8QHjpiMLX
EzhZxiZ6QDXiShLybUwm23jF3gAPnENSZofsiZczPX6o
9GCvtchfKhfZ4X9hCJq3FWaWmKtcZzsM5ZAaPHKSh3RG
AQimNJdJTCKDYSwwuYxHeut6bL1pgjR1cpaLaawNotV3
7JZTUrcytn8bVojMN6sY4dr8CGK4gXARjR5GDypAsgfo
6ZPrDgHpQqP2SSvChHRjyh1X9YxN9ZgzEc2B3VXwjR4F
9AAaddVF7TYDKLcESabb3QDQPZmNWbF8bjbqVhUTk47a
uvA5r4PubWUKBPQU96Kmp6iSR8MyuYooYUZuagr12bn
sG8m4KQSf7K6YzJ4P2sb9L5Av69EbCDGyRZW9ZMFpTm
xGqTHEW83VQjmUjjrCUakA6enQZowxiWuYNkyD54SXq
FSKRGkkkhpsR1Ejo83K4nATi1n5XsvuiR4LvS5CDGPPg
BE5uZCvPArFovfeeX67uNmQ1ms539EeV9SdMHnKMDot3
8KXWKq14U4drdttecDewBoh9uPK3BmkiXSCwAFuPK4uP
EAQxVhMcm5JQzHKPqXwLXSavRoTZTHaVx144VdFX8Y1w
Gi4gBoqG5FhLPpRdGnNeNiKg9renRKA5aLQiBCBC7umM
4R4Zjjy1SZ5tEJLsH6p8PKa6MEj48Crs77CD8aHinwGQ
BA7cyivsb1DH6G2ThpHq7w88suL6mYXu5txkZsf7rdRc
Dg5ctKssqgocLVj1aRZo5MJaB1vKkEfveppByfhp6L6a
78hkwC2Fb5eRKdzKwArdPaz8a9up1hrBAhQyHh1ZejJg
DHCqMWeCSJRHf5zEShvshi2Q76e8MCYVuqump3ypdwr4
7jPj1YQ9t3MtEuh2NYzysTsAEJdZwGpKqmcFAccUnvV8
HCrNqQo21GSersHnfSKjNqUvkoVrqxwvBNgFPPMBvkVv
8G2XYKoWoZZ3CSypwrQcNSCgfr42ZBtqQcxLAWv2M14x
gYRGXPrPET7oRREw3UvsaS8Eur7i29UtUzYCxTcckRg
BDWzZnigLkvtCQZ4ToDrqijvkEVt1xCZeRhY26CKEt71
Chyw1F2fnJZ2nAsw7r8578q5zjNeZj1PvFRseu5vS8i9
8qESuCZuwD8DFG3kbZi7RnjDM4vJdyD8eHi4aXTEqKgD
89Vjoo9MKhpSRPACduMRbTUVaqjq2bYDUdPzXf3p9EXH
A348i9R6d5N91g1mUhovLR4uzRfdZ3DavjiSgzrW9y7v
DCCrkBCzQLHvU5iuhhjDJhtwYMRYvR9CkERqyhGefnRq
CKAihZCzxC1iN2oXqdyoFfctP8wpd4MJYu2h6uLc2GQQ
FeCw6egdTiC5gxbgpyuCcTSFwbBTwcetjKYGTpc5NgRx
GFZhs1dUe5CPmiLH9C8eaFE276vP3F2L2MbqnAh6mF9N
87MZCbqXyBFdnsEmeTiEqXkDhLFG7QM9hYE5L3KeWmsC
4ztxEntvuF5EktyeMM6JWMfsMoi7aC5kciyruyjCRifr
8GdrfbjscUMucgudVrgZkehQxzHaxXrryUXb6Xth8Kef
AwEvCvzwQwSMrUSESxc8Q1VB66S3mP9X4RXTSytkmDzV
Ak3nRJGavUra1U2totrFb5UfoJ4uxrZz47553tLV8aaw
A6aacmgfV218AtdHj4dYmGomHh6p66mFPEx9ELtfmKqL
5bDNZP1291tBqQQrtLaL7vWtsCfDnp29CKXs2uB3bZ3v
2Np7iYAEFCHtW1Xq7wQHU1huSVD6TF6FrQzScnvugVBJ
4xNigqjZUynxfdG3ZrxE5JQMdSNUG2CENL3Qzz9q2xRn
9K8pFGBvPebhFFDSUADPXghi17TCCPY8cEGRF89huPmU
Gefy2LyxPjC6C9oTLAkXNjhUZ7bhaj9BQqqMSpcE6ZMS
5dFDd3gfJ3mhQTniCukz3E9CTZKMP5uWPKZfLU6nxBxC
56yuvm116b2EnrvPmi5fbVaoqy2CFiK8uirHy4mk44cg
6AAzDuGaYBYc1t4s9vEDoXUcucTpKWP3R1sPkYJQqhzM
28ncciWoNe1B6kmheacEofkq9tqgP5PwiFrujLz4Caf8
934ky1uSSi3dFd7ZWHfxcVX2RFaXWscjuDsY6dxtnH5K
HK1H1PyngDT4tkSjk7H1mX8HGBjoVsUva9xwxtyRw7iK
23rZw1SKLgkDnVtNW1nueYyiXx2MEGMP2Cm6mnzxSEVy
BEazEPmKA9xwTrDRNkXuhJyRvp5arCaJtywerZx5f3sL
HezTU2b98F8uHQncVXhfYFyJk5wVoygtEm47vU1bskCb
DckiAs9TNJtmnAoF6LAuLGRBtC3HM6VyJycJCDXYgKda
JCYdqAE3csKGM19cqVdZpF4uBsDN22RxvwpV6opwnz7P
CYgwzVgGynWgCM4Gba23TaU7YG1cod5DtkFAZcM1Enp4
8GyeKEbir2ULgwQPbzLBAFVWfpC7Pv2YwFbGenLZwr8B
Cj4YjoG4E1VzChYQUiNcFhz3DXq4zXnV4BQESWeZCcVT
avErtYvF7ndGCFZr23WLcUvgbP5miVJAozn4UTfjtna
9gkMKpH9nMS2CPVzrQXLsmuM2547kwnZe8anDDBdK3qM
6NUjBv6Sm8WY1ey65Eh59BxhzKNF7293fcHLMXV5629F
HB7EUA2MTSZB19qe1KPNTxhKrFQ7UhdrMJntLCbYauHg
9YK2Vou733a1dLB5TPP3G9XTdpDuHi7dXhTiUjRwGxgv
GJv1p5dJeFJkgr38TxLsgB9rNLeiS8CWyTbMa3aXT1rZ
A9roYzqVvtFzHLPVAeuMGhy69WJKqBZxsQjh5ZAJF93A
CSbyr1TodCGWZbim6NSS7vwMQwomRAgSyAJK9AwrhdAN
FvppniSpp5iRE2KjFAP5rqBhE5hncEAaTSztcT9urTiM
7fhw3z7BnWQMsTaxfTQC7WuB5wFueTQxPoaVWu6hiagT
Hrwm4gN8ffJEN7iMpQK2u1aykarwRFN34mQJdnNbZLfu
bFhg8AMB6C8g8taH19F2dALs4kK5AnA8pg7NF2pfxJN
Fdupn3WnyBXtQPjqnd1SwT42czWLunNchhzMoUbGaPE6
9UTvL3fSpawfs5g33A2gtnVGu2DkMgBHMtAAgwNzQLdW
7mht2MBdgS9c1gaH7Dj7L5qUupNb8byAUFUDPFpP6NEH
3PnQVD1zDoFcifX2izeAweNHSMsaKku499esRUrj79Ze
7QxERotzjNdb47eqkegPHtVUneDaqfFkS59YCjgLKA8U
5uKafnnNc2Xn6X5EJELS5R8F8cjm2LXmpHceJJ7Ayhef
8xU9JGiP3ZforYBNAbizcT1uakVuib4XYrnx2vsuPuqX
4XAGtPunMcQs22Ga2TxmrkdumKw8mvpHGKcfYoaYNLqw
Fo7qYm4UwyMGSniHBpffeaKQgAroFkV2AfvSQJeSKdff
8zgYH2dd1jCe8uUL77UYF1t9nvYRBW8dAXNLfN5i5zjK
7cDYQFyPKEwZ5XLC1NxUhksp4sExdcDX2RRuzvZnjSUz
4hDjmkj32tSq1XosnvAkkyaSqsMwjiahAMmEUquF447y
9HS9xwWEuQT3oQSp9cDvjYp6Bmh5Cv9VNFxdv9KEUTkn
D8nQBypNTfkYZJkecWjCydKZm6HN1csQ51P7PmqyuFGM
Ldxy3hp2uofie4pCxbX4eKFdjJXM1hSw69AJmKMhK1m
59X6MDHrQKpkju1ARyvYfKHCP7hiMYVRXA91pSf3HM1N
7p5afM4yzwrv1LPXb72DrtKyVuNrQFS51ukSFthVJ6LW
6p95ZHhuwWnhDA3FETY92cGcKRuWswrqhGfbj9ZVbKSf
8hhWZss2b717Dw6GdNkevnCy7v54f9mGUZ5H68BPweHC
9V2ncT2EszASShja3amwLhQrKw5zGAA6haAA5VwKE4fK
3ZH76kngGScD9pjQ4e9uoiV8LX7Pz13VaqpcZxt2r5o5
7zMm6dauQrRLgDaaVw2q7hQaudWFgh9EKAaD2LymEqea
8Qt9U8U3kTjyyjzdaKV1nrK1khKyPkt2Y2LAUbsZd4XG
EkJRrcUWpiduraEccFx7vdbTpSWxXmbNJQzA7U79LbGN
9NhMdqApQb5E76ZK4RAW23zfPsEQUzxsH6kNj9Ag171n
8p6LViSddiYErMSz5vMZ8ZWG9TcEkW3unaayjGRRAXDR
CqQNtGPTU4Kv6RLEHHLcTDmG88kuwDHcgKo1Asq7c295
HVX2yVgA97gG82KDqoUyYPJMtzsLDGfvduhu2XCzPc16
FdF3Am9tjwPBtNy8a1PfWkeYnaipwF7m7Q11i5ADYGMx
9J1C2yxo4ohS8CTn898bqy1rUwUZsi5t6ZpmxSULrP1w
3SyZmJYng3ax5aS4HU4N2SWe4ufWG52RnGNZ8wc5GzLA
9YV3JMVXEB754HdqCGQcKVyRmXoSdG8PjhC9sC6UhnHD
6XsGe6Zdegcid97uHj2qLKTaHoPtdhSa759C1NJ9fxmK
FKvZ6HqPsFqWYfpDhx1Mds8PCrPZfNSdpzzEMP9ehFDk
HcCKTgAkgGJw5Wpba6tcY1XBdxqgGQcW1dLMfHbqXMbv
J1ixUoThQXTYhz9MsSiNdpQf8niWfbpz4F4qxDXeK4VM
9ZUnzAWwcgDkKaFGnLVU4gtNR6FVMixyeuWSqy3zGZKZ
CQC21hqargstiLbeZCyjrqoFqEhCsbcBM5WF1bMb1jeE
BqcEZFXiLYv4E4tkkekXaf6iA5dkgSyWob2jUdqDaXWo
Aa549KQGLAdR9ehwC9f4J1QaiiFwM9LFhvsqgmqWRy5R
zKkBdhR35kgmoHirYC4ddgycvTusxxNZexmFooVz7vy
cuBzRKepXyEa3aguqTV7e6tqYy8cqMFpdMo432dr8DS
7qFoVqnL1bEjNrABDzuw7Ztx5AJSo9LtKj29np9MLecY
BzavWcxGoDkWqwc1xupBdKKg58VKABLwjYHhTSuJT6Za
n3TSp8Zbx3F4HvKgmGHki7xmiU9yjpqwU9uvmb4qCJN
8GkDx8JmHYexBbi2z3biLJUELbg1n3cFdgskpgcdSiet
4YNUrsQzQEopihgi8sWaowc6XuzE7XTB3fMjzmDEWwtW
8bRK6EiuCtauPFjrjshTNadjhYZCZ1tWrvWGzAaFCFy5
4ybBtydHaMDVh7euLkBvFsT6ca3MAKca796jVYi5XkgL
5cype5Nc4gaLcJzESqvREAAepfm2hC13AV5zCeNAWExy
6huapCc33TqNvanLo5SywKPnFG5WG28kShthzBnZzkX7
5sepS2WUEu5qTzda8rYfTfnLcoetof2rkGfjRSfYKDHr
B8ixYVtGTqG1NxKbB4Akzs7Te7cJVPxhEs5u2RSfsSvz
A9PFo8B2J3oVgGj1yjAM61dtqHCU2L2H2jvqAEYz3LH5
ArcSYrzexY8YvJUJSxx7XuEMsbxw98P5gzRpAH16GVsq
Hk1TEKR1x5dYjTM3fhPBfks2VBG3SJ7YfNYZesuKBoH4
WqWJWjuYwELkNvQ8R8tiEjPsKmmdYTLEBKKwRBZepmk
8n6wEkoEPvtPPK4TEQ5jLB6dCwR1oMY4pfqZZFX5eChv
CsBCPdYDNmApjpCzCWAECFRMB8dCuADm5mttsvtUFiEb
H1Y6UJUGXPbyH4dtQoWetrkpCTVVSG81bPkdHia1Xu56
ErMJ5rE1aczpZYXc1YW9SxHvXSMTQgaEGK63KWUFy95C
9wTJ3oEZiDX4q8Q5wyRAGLgh4xvSoqA9eDZjGd2nCyw2
8rpVAqFaSonTWzUFtGgLcwAEY9trSvxrrBQq51JnxwrE
5FocN7kCMN64UqXKwUBToLczHonb31qpU9tic9CsVd1M
2Qy2Jf5Vhh1NxwfUbkPivLR1ZPqrxpQdoHcSSrnWzZuH
6r4nAhti5KSjbqzYQi7tV5bvus2HnHBP9ZKo6zTeLkwN
64iiE3Z9NnjHhnHMMYUAWihN4RPKV4k6sAPinEHVn5nH
BJfrVHFkXmASc1gGnTWKAvgfRBpxYQvLHof9Rnbxawyv
BjidDK3hqhekJ4akgLJFkgmFMphtQSosWzSYq6UUmJDC
2vQhqRvVVuKbTKZJfkZzUCudNnZkkx8WbG2tHrX7vbyW
GiALhr7jDhov2JzwzG5794tMpkDV5CGCUUBzV13BKxuw
6wavmNvfKbNsTA7JhU7XEh9xADPy1BSv7XFWdznTBgnR
GRkyCSEx1kvu852dNocjWZ6pBZbLCQSwc1BJKP4VzGb7
2Gq1ECjpKRifsrFtdEdfMheTpwSBfBB3TfHPfrsmPmNR
GR7n4ffNpbtc3r5ZYCZtKJPdhzFimybF36zLSquVkHKM
GBTenQPxjnL5RkjCs1DdzTz8ToszSturGpue7iCEK5t6
9KwQd4tGGmH4LC3FJXRdDtE47DbQa9sqk7XCz553rCf2
EB6HsWHAHd6FCrvEc61griHAs1nr51VJHC2ejJxCWWsS
AaY4CGRcyZ7KivuRo8YDEG1PKtrCecMhjhts12SAocmE
dJGLSJbPvmkNzk9HKjoZgR8KFbXn3sBa6SXw5t3aQYz
33m8JErhKwsDDB6jVTJirSTfWGtRvuoqCGLY8odHbYsj
EefUwZmbNCDqMyKbLdyEcm3ByWqZyRagHqkbfnJfcg5g
DAaWmWYqjxrokHcjBc7N8GnxtHUB4rchHWsrRHuEjcoi
CrDnn1SFn6mhGQAHLL6ebZZ2XnVeoT9AjNbk3gWZ62NL
Cf1chWxBskc3LbiedgaDKgaSeaCNVxQaJAy2wbkBgtbb
AdAewD7o651hFJRUpbzjJ6s1yysdaQtaVLeF9h2XVdcD
4vNHozRRAj2v37ujLwDchKrp3E5nhs4NxepBc3vdKjqm
6SMV2jbfrap3iu9WnAqJM1jNaph8AUGJCMkqKsxuZz96
9efESjb7AFFtgYZGCqDpHBLV9nxowHecZ9NkjMfSVuWe
3i1tknx8BzMixfwVKHeSNzhuq7YTq9wRfPcgYMba1zcs
DT46GUUq5B4chpRhU62XoAfdymcH83dSjgQefNRfBrtF
BXMvpMNnszuWQAyzJKLiXh52jfGnySNt8g9CLAM773JG
A8aKY2hLi65JV616pSKapjgjfoJMTYpAzZrKy7npbViv
XkSbS54vGcfT1gBtj3vYBwaCWwPEk8RWjtQcgMnKcgL
8PNdQdU19PqrMhAcMktLquRUjHNVVSTfZABrbt8Bgdaf
76dWXJbRMEjCtGTvALre4qGKxaw6kdhmWRNYzRVy3dJC
HVFZhn55e7mCgLeoPU2JbM8eQpkz92JH87LywronXoHh
8AWEZ1L2NowbmfJYBSnEQnpGgeLwEDkdj655z5YqWcnv
9mUAVWamscLNkfCCNFSywa343azXhXBhF2K3zM2cee4P
23HHcNvphcKjaqG4pqQZAhNQgqqNQvioFtN6LxBJrZEJ
HuDXuDzJaBHMsyXkUQrAP6h8qU1MwMSJVpbKQS7sB9H5
5oJyKGeZg8YeWxwA3uMsfqNxTgtALe91yMasDbEAwVYm
6SSKzfjJR14ecrr14eqjW11iwf7zF9KY4YFAFDuxNQ3B
AiDaxzcd15bxuzZA1tyEmghd8A4bppiz27U98L9p2BZ9
8nbgh8mVPVobqHxQBEFMvUhRgmP9x5mX48dqkZjSPAhi
FskUqRzP4SRgZMW3TaByRW9ZjBsmKoWDKUCHp6BJc3bk
Gftw1SrVi5T6eFVtEU8H28E7fcrNYnfpSqd2UkoEuhZS
HWe2xdb1psxiLDFh33t36TSFnGGvgT9hdCi94CFTEtaK
CudHY6S4YgdaqBnCZLZSg16SoECvW83aJTNQznu32UB7
GbJZqepehd7Vvty6Fwh769ZTHtuSVSeR2W4njaD2ziAs
ERaLKH9do1SBW7P3s5TKQ2xstwuDAS1oL5cVJACf5i14
FX9CTKSYYYvFiVNWN6tzfVVLJcWb3zAMuLyYhXoUqFx4
k3UkXbGXTGg2FcedjU3cmmYpMaH3sRXAN3bmQhSzhJn
fZRJCB6Hr1iDmbELemQRNJWGUnEK5ZZHhGa8wL2w95J
CATJ8kAqadQzx78eQ1yab93HGX96mfLuAK9ARvxECE5i
bHXnAHQV5tDajoP4J69qoKMT83vsR9QiYQ3FXoiq7eu
914NGsxRFpajfa4pKq7HV7QWQcmTsBEKqrZ7uDYAUaRM
Fwtvz9mtLgF81VNAf3CQR3otP22aWSXixgjE9SUa8Hom
HcM67xWfivJ7PrJsZwyX6rpF9VYFZVzUSsE89R9gwX4z
FbxZCbTx1YScjvDgA1CBKcLKtmcpmhyTh1BrrwJVvqBt
9cuzYZERdK1AHu5Y6Xjkxb3UXwmrvX6iUiNrNt44TAar
5Mh1gWbJcdV51FEvVM6qvdqRXMpFnTrGQab8yUSawHeA
8nQLFuHYvrjfKj9FizE1XvSrWcUY2GP1tikDSnpWGRou
BWMqqx9XD9feHQZAMKU5g2ijNncSBV71KfdFdZCBXrJi
6UMBWgxfQ7c77DCDr1c6mi6vqYK22gStdwVQmLoih9am
BRBroubiA224YVNkYpB4uRU4YaesxrbiU4pHePUQtHNt
9MJNJNse8BMntvtSUb6gwVSWxr6gbfPPZBksJ2F1f48c
7jZUqUgf3616ZGa721JgbUPpZWiyZ5iBzTxS1MBuDPFu
AgWKE9SLHud1Qp6JiEqRtsaSNnA19DRZtJVfnVFKBSsm
4VecY4njfaCGPqpSxwrZMcBGzeQQcLBLM8TKDCPjRpkz
AFDknmXTx47jXUQaxPrxsrZeX2Z8EGEXS535sEVsaZE2
BApsn4L35BMme22rfS8JeVpsmDPTw6Lr58FNruC8Yyak
HvjJ8NFkp4Z6Gwtpjvcam8sUGgWLghdB4hfXLoSQaNzg
3XF77x6qPvUfPZKfLUBPm5hkUVBmHGhTCwBinMg5fqGj
HSCgyYsnqhgowD4VeAmqsKf5keWvZPjwh8FYRHrDsuMx
BKCh7X3X55htnvFWdrDs7oEhjQgg7AYbYrm16PAJ31jY
46vEaYLztpY1rXXvHYhEbLGxLXUWbECmSjwEiRkiHbzn
GMFYNU95B99bunw1tybFwUddmVWmwinTSL514k8axqkj
2HYYHQm3p4BgbuJMVeK2fp8kFAz8xWJ7HRdbTxrV5i1Z
NNqcxBgsiP4rBYkw8AYcjZfxK6V9vZDP4nUGMpBZsGt
6sd8CM3rT5vcXFmxjpwyzUAFj2LjTgKwhcDdE9GjyBW6
5kUYAcZ6Ne5aL7i5vdUqQMjrvMtmHGMCuGeT9adEmni7
4rapjSEX5k2H9D7h9VWEV85hTGiQuzhnNq2roKvALdMC
Cup9tNgmnnygusqquGghu7V97DreAMjhGvEDYkKx1752
9beB5wE7JbgxHWvMrUEHETXhKgWHNNQQ76cwCpeRah7Z
4PSWwquXAhUsyQEAGShGwCfxXaWPZQ4BjFVpwDXQkdRW
5UuBvwZhJKiBCGe1VaVG9TpxgZeCrGAVdh48pygtEyvw
Hzc6LwGVpoCVX2uf8YirsPV1CiriDiHDciV3a4yRjB3q
oCNE8LfP5qhqTHpZQZ5gdJBFezWWbBKHvbXYEbngogv
4JutjjVAfUMsGUkSdUwy926Sz4fbb8MxaZPVirGFXcZK
Af1K3uzwYebMu8ErduePsKECZmfrkj1uvcHjSawk4kcv
2igHY5u8DjkegRtz3egYt9MyLqhkCEkMdWpwvNF6kfwR
DF51CxEFzWeNJxNWszQci9jU5N1c9FJc5EvXsDEXaagh
3h7GyU1yDHnfq1UeyuakPsu1A5WwhQCw66aZoCNoRm2R
DftiDiYkMUdeaMDjhd9N5q3RcU59FLq6on4FT9NKYjqq
u8zr3NXpDjSH2VvHE4PkoZh82QV52Uo85SoziVSEin4
2vEVRNgUf7m8B1KiL1yoZhu9Sj5QRkYGn7deeQt8gQs2
4PxxfKATiDkqvERkeGYU615WcuRMmhN7JL2QHEzcs2R8
HWbC26jVmmGc71G4iJYw8KVDxAGpBcWXo5vFx9ad7k4q
5TdJ9cGkaWt8r2akjKL8bXBxauhQEoKJQfJwWCWeFgji
A8KCJTX12a1Djkwj1BZHaPGMjTce4nfHGkeeFTGAFihs
GmCLu9uVWeESGquYWqM3fB6NSLYzFyzepBwWWqgdj7aK
H7Cx9rHj571LsLhBswmSx58x16Do5FNAun7aCQeaTmcw
4b8MaPvtweWeaWgAp1xeEdAc5XLPFpPiF3tBjbqQcEMM
BhUYZx8Cerft3nJVuAFyb3Jm95txesK1RU31kQVbujse
28VV2y6WexHcQae5FA5fFisSLUb3QBc3XWF2hYM21wZy
CEfr1jxv5GtF82tY1rwEtT5yh8GdrSNJy4UdVRrYQTeD
C2FeWWK64H1KJcnnETJPKnhVkS9YJh1PC6TgDSFntpSG
FQp6QjW2cH4mkDQEutcsbznZhQskigL3SsiWv4tN5FTa
63ccrPA4JJT5bBJ4f1dN6kdArAkZKtvMkjKhwFsFUv54
8TXr3izDnbqgExz63SeEKDwa5u5EDHfxPWK4MDSJpAQ9
3SbpwS8h43Q9Acy9SWYB38wH5opCoGiFL88PTNkYxGwC
9BFkWSeqysDhQ4mvWYCyqR5hD2qLpvHLbkFjCdwikagL
EqUjczieCbfdoMFRXfNr3n7wzVqbjAXoKtb8SGWiJP53
7yEkjaiefz3VbqmsRBnQAMJzGZ8ZAYuDxBuiLiXcvskT
311JcVFmp8ZQXkwgVXPZQGEoPVS4WpU67eYtri1kFNaF
2KzP5FjP53BrZA28LWsD9nbqJddZtsmmBzUBizECRV2q
8qf255VbEEhspkiAc3z34uTt1Pr4TSHh5g4APQrq2nGR
89Zb5gwkzNqfqqzQJQrToSULPuhqBebhUVAozgVzDm1A
GRRAHi42WF8oPVAU7sHpY1xcG3bjKyq8K8FjgVjTfV9b
DaLSqpDWSP8TzvAjExppjLm2LTbxzH3Fy7T5c6UphgTH
FdKkmyxkeLgKCziMRHR573xPxKUb8y9WyoDJE1Pjmqxp
AUcsZJ1bH17YPsHH6Pdk7n4hMAPvCMUf4SwTo59FgjcZ
DfivpVKqkxEjMySTWgYxrDcGgTpETrTxzyCNzLjPEdDa
HcDjXpNn2FDadHmTwveSo2dVEHqWFipi7ThZ4wjKBxRo
BUA29ryKNxvokqXkHQGXkzVwNUX9TopVqN6f34jEc3Y7
AAF5u6PxV6AJyVyY7hRTttwBBAy3pZGsq3sdGnXM8Z6a
Cs7aYFyf9LkrgN15k41tDkwskLRa4hVdqi4aemYnqJPg
8QhquVKd6yhhLW5Ggr2PuxgR2q1BBPscoX77vwMsznVH
BuUsQFSDH2Fkw9PqL65oKkmMWTM3XFFo5qw53xUESXQb
FWUw6d6oE63ZMxJjxyv2rjX5Hu16NUX51AxzL88u4VBm
BxQNf3rH7MrRLF8RCu6yAApmVufutbpcXV3ZHF4t2ZK3
79csFyicwZGapdFz75BFpwkhcbnLfX36YzwwFSeCPBSQ
AohjSDJJ7meMc6n3PKnHJwCFhqitE5HBjm2uDzEvvDrk
86tWNEVbLX5EUEZ7TWAFkoBrcdUrdruHZvZVB9s4JTVn
5Sxxr9xZcKCLwtCSBoZ7EtpYQNyZCHcyK3SJT9KidZWb
ExJvVpXiaQX8P5h6xJus6CFNayDRX3184mMSizDbGJ3n
4YSePb7bdcJbMwAUos8vgp5BjEduC3EKGog6egHRhQeh
C7ACkgcfhWwcn57heykjk6pbAroBnRUtmGeh7iDU1h6F
CnYEmPCooUMt52YLgF3EQ7QWZt8q4tbcfC6q31n3yacm
9xrjpdozQWhEPFsAi6yrqh7AgMREKiv3K5H8sUwfJKLR
3CRccchimSEmGautFxnTVTnsLfMWDUaE2ZCRsT35Zs27
CaRJN1aheoYwKkWin1zNqMhcugzc3Znnzqg1MEVczkke
S9UWFwkkyAGsyYnexSj27Z2mAVnQ8aJ6nYuD1vTbkTV
6BfGPtcNS1uaMN6VLLg6A9GUzTQPGZXvJiWrhSxd2f8Y
7tDYimH7RpWdt6Akyq6VN5ej9DjpQLsY3CtuvTzpPgUq
8YQqg1rYZijGaNp98w5gFUweWvQGLVtrjc9h8SKnDPCA
5wS3UAxLXeqGX9pR646FKrZeudjsw33yrxYQQjK3nYeK
5zgQu3u1QMaTFD4dvqa6sMEhp91JJXtcBUK6LvRdza3v
7cgqjWuesyB9GTxMdEHkmhBAXMcEiyQTJtzYR9GQUTsJ
Api2ps9akiqXuo5cTuydhwybn8QL1B91iMLrCBYpgVWt
bc3nyDMHaGNVkrMFUpdas7XMPXqoXk9MKkVJEgU4JtD
89fwCW8DcD9yPbpzXG6hDni2VJZvLUxSrExpZqfMuHqt
