E7FPP1cwWnyxbfgXdZy4SiuQXgmZVit1gVM3fkzkbivi
3sDCyWSym6QMKo9GWseYoeyUXy7yyDNyRiFtKbDBESMs
J8UskhtbZAer5Z34qNiwzveFdYUkRpg9pabkrvaJihPV
2BYHMRhyDZrAbroUrhupRFg8CqRut47MR4ybAF39abB6
6N7YjSDm6Juc4QPDdDiwfLQ4sceLKEuqDFcCVwGmgWn9
856eMmjNuWGGpqA7rDm8XetG436UFpHGrY8pD15s8hCm
2BRzULXydChYjk9N5kVS6QSALVZ4GFTLfVtw1H8K2EaL
HFTWnf3o3iXGYKKgNu3KKTTXR7XYVu1TfgFYFhtRD4BL
GKPYdyU2prQCeQjzbvxUQPziNcQByTsxa3dPHXsZZPEo
9LBpYLjtS6xiVCRTPVpypGv2dpYqovjTTi4BTUiZSEgF
58grj81UETDiVC9gtt1rn9LetuUk7zcAZC8AHZjXXnaq
394oLExiYXA4dHN88Y85DvW8wYnUpDnPVgoAgvvt6pmT
d7pcG1ZApXfntcwTDjbLYAD9Cjw9Ms3ENjP2pEG574j
4QZqG8joXB9Lyh9EHkr783diidt5yRDBifZxRwVSwJn1
CCwkWKzfDwJGXkB5vSuUey7Y9t9gRFeJVeszK2vdpVWn
3EhR7MzRr4vYYnQsLz3ybNZj2jEVMifNSSwJfimVqs5K
5vRuzUq5tpfM17h4tJV87ggQbxWMado8ueCyKzUui9eX
5KY7Jkj6uM3zPTdM1f4ogzzxWrgJVXCLPbgyvaMax4L4
3jfcyx8JCvi4YCYtmanfXKboM4YPhawNNX2uYK4wDGX5
6eXQd7C5wxvdVVvnqwat6ji25uHnQvHijY3429Abww7y
H2X8e4dN2NenGGsBmnBBzhw1F3AXrF7eZpum6MCKeEgy
71cGnFYYHopqYDXSVo6Qvh7r9iTNiwjZfNw6pMenRzsp
BiN2QLqY3u4r1ibnv9a4evLpRkSwp7V87zquo2kU8JHd
AVdFjdxdbBQsP5WJVqYi489EsjqcHUWsSuTJz6oTf4L6
AKos4dBTq7PgCgXdJCkMLMV4vnV1aozJV3X1qwMw63CH
G5TueNLdbYtU7X9Up8JhX3zxxGa1qq1PTzbqa5nJWd9Y
EE1W9suayPAqsYasfqVgMEheCeSAopkgsPgyGhX6Gvw6
3roFmUNxHdUCHYqgri3ekm8B2YNChEydSvff3cBUYf4Q
E8Ye9CQKUYgPs8P2j8uLDwKmUeQzkQLywfKHhFo2R58S
35XaRQahd1kVikJcNEnQsQjJLx2Q185ScYy5TKmmHBAu
HHvZh6J3Mp6mRTW5NBSkBu81Yn389v22UjET8Ypnt8Pj
4qhLBp9Yciz4DNRBxFjChvryZkqXThH4595vx9jcQKMX
4jauET916UP6JssXdPyG6uu6gnwbEAvouc1yqETowvNK
HayFStY6NVSPP715vpp6XfXhGMBT9VC8QiciAaY2ZreB
5Q6s83v1fSi7WvynBwfqc9bKUrf4TgFBP1rzunXRbcUS
BLsVtCwp66bH8f8fFaYtCB88owazTyaLj3PNgXYrv7uu
A8DEzmmAjmBkLG6WxoW9r5RvgiG6NEBY4B3eS9AG4xtp
CqudLh3eoRYDNtEP4UndyA6ZBePHfFF4CVZHvhyK7Asm
FY3TJrgkpfJLcgL5gReUZniEs44QKJX5i8YNjQLE1DfD
2v8sriyHom7rqk5z1djZ7NUZg5dx6dzMq549vjBdnFjE
A2CGjhW4nzoRzQHXYMBZ3LX2GwNv1qpDyKkpfFp5xpyg
3pDu5UUeDhKt8ZTXbMPJcZLdVh8hPnpyx2q1noGjbmpJ
HsMMqSy7vap6QLvFhj3qD2St5x7LkRk8gePjr2Yj2EnX
9ghhUcmrYcsMK3rVMQ525ghibz88fzsV1EvNCrJf7kDS
6cNhvsRbpPBTa6mDpzbhNtGKXPPZuwteRw4BWutchDqP
634fimuJoe11fXejbGkSRDe7dacVqJQvqcABaocQv8o6
7bpYLYZNNnPwdgrYnxRHVG11JiwYMHkinbiwsqCMAVTd
Hxa7VqYa8p2u98svpB5Rdw1cEVxsEcicuxJwikxc4XhF
BtGKTCPVWW3CwSX4ZZZTfaLrJeDMFLjv4pbrTb2RsedN
DQEc2C8CFTsXVCTrp82XzaKdCSd94rxeQokxegquybYj
7WcwmL8A6jMLY3JFMSgTqUiE9kSzLJcSjM9J1T9npJso
8ppxQqy2AMuRgipkcE6mpdgA99Zr8vrtKApRcQNERebS
6rKkZt39Bb56AqJ5uEPjbTattZxZcpWhHqgaBg8gPjPY
AsmjGR7uR9YStzoscDfbGCVn4z9FCe2pAqjSee9o6Wh9
HbnKvbrpnsfxFybu4yRi9QvnxGUn8YoXcPhksTWTfbzq
6nb2Mos7ozv9q3mmvUAjrw5w5hbMA4j9wznmgfAFDaBs
DkcaBr8EDkjqrAfQfs69u98oQz6RxDCmayqJ7mzHv7Ge
D6LeUobDLXdx45x4D27P4eaABVsYouQkdTiWKxYrAKxx
6eFmLEZNrWUUgCFb5BALuXfGZanVF7p9rhNueV9LP7a8
44EHnSdqAb4ficQy419WYiKvUiR434HDNALpxU34Akkk
BtV7AmYpwCqWocgv4jehpzLBuiiDZCb69TXodQpicHCg
CE4PU2c8LB4J2zqVKLEyctn2m6Tm2xeaLG8Q9L35sXq2
4BNQuJwstVVgpX81p2XajKcqqd4rHrkcCAELAZt8FT24
D5b3ZT36qvBKbjfMQo8RMsVcQqTf2RtPR2VBuPXabJgF
B9UPrzBrVPxqakDuAGbzwxFg4k7PHS5vxjDjFTup2VD6
4AYH8i9KAsmBFQ2UQ51zFa3QjDXmKmkHYRiTgLsdwXQ1
8PvEhmiasX3amNxCyAqfM9mKgPrfPg6x816zNv2JBWku
6BvbqN9pT1aVFm9UA6qdgm3mH74d4pUUkrharKsU6ff7
Ga7RNZL1ziNo8FC1ZjR39gj5RD5zBfpGcbbnXdnSZZ9V
EQDwHpGBfo77HSZJu6kRDhB6nS1wQzfUDExTYMHQoea7
2ZcasGymJNAuzRpQX67WtJ9TLAUeEqB7ziNfQzaXTdaU
EAvdxjXBbSqQzK6rYEpGDTNPJfnMGMwm4LixX63rJVJB
DEVYRdWemmo6jNK3MWYoSeh3rhx2bFYoxGnZv8QbmFPc
CGEuMmKrhavy7P9MUgS1AyZXN8n5SzZxVGGVFz59mSgn
AViLbUDpnViZ8XFcaD5s15ZePcwhhTuVC4fCcx31Nm6j
W2EJ6R4AoxbpiWPjWuMnoUWdMmC8n5LAmhLFG4d9qze
7zu93nM4UEhwEHqXjFGwmRG3cFPRawZB1F7qubzSmJfK
9MGqwFauSD3eH79psk4A4nWaTNRV2gxTUXgm5TZLP97Z
ChvFmz9iAC42FgDoNqrybiHMXebCsfu6GyE2VsTp9Q7m
8bFQFMKy89cJvgCzsiFXXViFdDP8YAPMn5Y6Y8FZZ9yd
EdVooYSvADSqSWmXachQPUCGHSoBjs8ziqxGWMiNeqck
35RDLbP284m6r1iv1rXracpoJUZxeeDCgihE62QvAaYY
D8LnmKbiszJVtiE1UySfPoM927pvZrLxTHdyZspVBL1h
bKxLd2j8TWzzh17NaGZ7nkNtL3NX8TaKFc3JS5dhvXt
6Xbbn2Ji7vtKicHkdipEgEcY8SvtcFFPqB5yTiyzLpaz
4zEzysGRjuGRswBidFafVbTSHCxfzZ9hh3fQuWTBW9m6
9K9F8xtz22gpTiDT74xamo8zeeJEDaJKX57o6KsrnupL
B7KD3TpDNeUcb4DRAweLtRqXQicGdmaC6objGd1Xbjrp
E7LtaZ97t1Lx3wPwYTtgNSa4z95Cah35Lshx8oqC48x1
HCg7q5tP3UGsGcwmjCbW4wmZjy2BmPwmrYf32QVDYbo1
DJwr2f8iD5P1BYMbhjR3C41LiA1NQYbu4wNxCpB2qNLH
DjQ2BJPA33WGhrZvi2nYnMu2d1bjWLcso3mD8tK4tBvi
H4gkDnNwQPX2JhaZxibPvXuznLyJkwtafba5rumorcFG
HTo3dBPHeN9Tg14QV7m5VMBJexXePAPkjuMesrQg9KTz
Cg5axbzjHXMEvN4VjrEEscREqN5H5BD1iySnRzQVbTdC
