GP5wZ1hEfpD9TxhZzPGQVWSS6VVBaGY7J6dt8KeQuPxv
CNgwgXRXh6bkXkeErtJytGCx3esf5jtFvfEkR7USvDjs
87nKxPfGkava5J87osJ3nK9SrAVcG8iYsoBD7SNDVNW5
AMpvmtFPN1ujja5MdGpkS5wpatvpMLWkLnPGQjoDQ4WA
ART1BNn7cBai15PjjeMKzbHbGCUNR5ieTBEe8rqmBHoM
58njdpgncuNs9nhzpVdxDAinBFHXZuMwuJS6hap4tVVN
EkHsWj67nEwZKZk8RQsVqn4t9vv5VgLyArLnSo4cvVCG
4oDdKa3Y3HzXLiZyJAb4rymeqCCkNaPwbUj9Rg49eQnQ
BmRqW9GjkdKGREo4WuUrYKRgoEBgV6Zoz9KqxMnE3Z3L
89obRtCkiqcTkPhfrhxWzrBCdVzWiz9kgAHpPfEA6sma
8XGaSpNJD2cq7dCZ3sUC5swg5TrHQ6LMEoGixkCN47rG
9t6qvAz3Q1ZEXCi5LrUJn9xMzsx9Dvs3ga5vPMPEVGER
5oJPbZuRqF7zX2wSwdJiqxrFE5srevUK9HyBqCAyNtwk
A5GXAB7Lmf1VcWgrBxqw1VD3mpG6ZzfTYjrVSVoWjWjR
7Y1rJL5zkszWrbx6gTzbL5m81cfAg1xo5kYVdDQfDr53
72dYC2rcdPh4XDNi6HBbdMQDBJxHMnBPs86e9TKNv5mh
EFpipurDmX4Lgv7V5TobgR6TMnBSZv734pgcZjWNkmfr
AXo7GshnzRDUZeV4GdhoMZR6PGvCL5PFv7mdve36ifZS
8D7hZEnRmRThRY9gcCMkqygtxKC3wz2AJf4fpXu6pWmT
EAdQAdc25Cbyyo6pEjPc3v8tJyTnBNsF9VJJd49RvzoS
FryJS4Ynb1kAMfZ3U2xBiajSkkWiaxo9fWULZxzgQ5P6
2x7EyHVrEUuAF1qrVL1aNSChwAvVDB6NSW9Gp2svKwxX
fcmiKjziCpUbKhndmeVU6GWoBpTZiNMMoG3EXC1xFxV
5go387VZTBMutJnGNDbRpo1ev9MkSVP7YwB5LgLAwegN
ADhvogYaqKMe4aXGuKLGo14mqmUEDycaeAZ18pnB9saT
DbqiZ6wRAA7vU6k1dPFN5P6RWymSu6FRpaiyxEYUMPtw
kEfdMW1cwHq274Cq39VzPdmDJGpGegnFEYJcZgSgdMb
HaFdgKt3wLwXfNKJYqtD3NKSoEixte2f8DbfqX6rBXBn
FvLBqUPK8qeVsfgsm5VXxFGV54VcbC13JeCfhwjpQnq5
8WwwQdMPvr9rXYJ4Ahb5717FLU39vs2JwfzWmqTNMjUJ
CBbU1ZSC5snipmvWqemGaLKbg9bXVCxLZEs188GGEDW6
7uPi6DYjLyBRAMtuyk442gnq6pXMppuxSkj4AiP25MW1
2cJJk4N1LAYd1mKHpL4Tu7UsB77KBM5cbHNVktVi3djn
Gkb8wxgqhixY3K8NNrM5KZuSY5yFftud8Jp2D5KMXLPQ
97LY3zTTkpNVa9zDxLJq5eU3ViEz2KZfCata2nyMA9XG
HCHbmzniCWVBFMNA6sZJrdb9BN52oaWT9JQhvND274Bh
ANUkikZTPfEoBrqtveRAeNkvVqZv335H5Nvspm6u9Ghh
7yFf1UTHjs3y6BHJBDmjB4g6kDnJomF1FeYVu2TLUhMF
LPMedzHLqoqHjfrGQ4gM2btD1iGvBDgnWUNXchKSfp3
Gps3Cj9nsku3sWKaa2pvkEMXaMkp1WTby6WUyxWwVbm4
633psGo7a98EEf5W7uRms1SoZKsEDbkfkQmpywgc66dB
CzndEJuQvrUsixmbaC8hHMKpjnrEENixDQkgzbrh83ZG
C6ziqrxZLkEpkA7hyrQ5fQAnLqfD9MnhT6P8nXafVW8i
7HSQCCHvV5iR9EJU8tHh3CL1M6XDNYsU218MSWLzYXHE
CJf8xXpjjrADii5HaMcrmHpB9dENMLXJWUtxxfZCNM3M
9ymwqm6YBPkvFdHG6roafpS3scTPTrC4GYCot1hMv1ye
EFpipurDmX4Lgv7V5TobgR6TMnBSZv734pgcZjWNkmfr
FaCHBb7R7mEp5oQZcFuAPxtNb17kwMCUrVJ5zLKrktay
BQ6W2opUUbyd3mVpTX1NRgFWgqBxyt3FSLfSR6TXQRug
HAU6zuxFMa3qeKevp7hA5tABr6nT5arw2DJ4D3GZsnrC
4eYMboemLtNmqw5PuG8TxFVZUxN8crFJZVjrRJCz89GX
9wLLpHHjiJWyMre9BxcxxqMjomTzy4aCJvsAiXH62AZP
37BytmUzsgXHZv2jHZ5q1kgyKJYySAQ5JckkwDjjBuQS
7UVf5W5m17HU8qWHNHZw7LL2PjtwJbk28ytay7V8shT1
BuiYZAUYbendSm1nquteMbZhzQxPpwUeTgtuisRcVYyK
42GDY3zViJxR9EPK9xDhak4AKsRm4AbauVP4RgacTxvv
Bv4HytuReCvPRMofF9FoE2XRLB7SG1XsEsQqSU42SbuZ
BL9vQHpMmTpKWh6MY54Pz2MNUPfJv5ebGxwYoBY6kBWs
3gBzKtuLAyPJAq2K54URFpg8i4hhX7JdZzQEFqKCw9m7
9v9D9kvePLBANY4Zx2PUzn75dHuQMMMcs7mZLYy3gMaF
Cm8cYtgtfyULCzisqUnMg68aqqi12PGZScouQfJRfrG3
FVM9uL1DndDUK1xDqmFsHWBkv4Xak4BEdzLDe8WVU5Ve
8w8zNnvPHSoUJN2HJibCPvZePAtuPATo891ZzPEA4Yik
4dyVU2JCUGgSq2V2npWiCUvoeTobtEJT9eWCYMYQQH3W
4aFT2xSdZCTKTQvdwd8xgDaNRhWTD9yjJpHE8iNxWicm
71qKd4xeTTWqrHMMupugtQmsoRskw7xKfGRxEEg4Qeaq
CdmQ1wjzjzbSEsEymazTPG7rqLtSYakGUNLj9CvnS6Hs
GDPiX2yUZxepuvDVKfxYrN4mngqvE1zr4NG4CFj8YakH
EAzuPsCQuDDm5EyUeSS9bDbrsDrKejiRNJgLJkRvqAWz
FUU7TmQDzSE9acwCPLpmhXAGJNKnBPK1WW4ezSpdy6P6
2fiHCXfQCsaToCXMCJMyiTtXyrgBhk8Kcx7vMwBFAD56
996Kb1a7W4mqbR6qxzEDBHJtaJv8bnpWmegLJxMtpg3R
Dzwi8WjuBURyK6rbkvUa67vZuuPfmmfpgYu2rqB594v1
EoEv8EebiUmXAC64TkiWG68F5cjKY74M7Pq5zYFdC7c7
H5WxquTYLw5hEVcGZs16oFaT69ShkFCKe7TXpbn9kADm
6aAAWPd4s7SppGAi4k4eWcooWAy65QfDXKcTJadUnrEP
8i53pNnjdAKyWzh9T9QKvxDz8Ekq6fK7UfDN85sxiokP
8eeWesjTSLG6Hdy6GV8bwjrBCEnwY15LWTkyHtGtsUB3
546F564xegunnC9wC9dfH1Kk9qTuGwgZq7YKvmzL1gd6
D19N9udTVk5VujnBcmki6DTQMnRJCcZYs6yB5w3zk9HS
E8pAWPsMpvuvxU6pqJqrq7yip7n6VgzpAcpdqbzcV8Nw
9KJbbRm5qjnWBNZNv3Mhk2hEFqqDAYcCHuUPxnG7W64g
EmRz91jPDewhvat9viT2tCUM3p8jgUcZEBqJYGasMpmS
CmKbwqVuv5C67PZYgsyW9W6bTUzBybsJm5kNqHp8M9fR
rMjHEPkW7J1PF6Vu1ztdvRofKNWaP3yoSAXbkNdY6ML
DkCnPWGbSozyQfP8Kqv4K5G15m3HcCYzmw4FN33FFXEZ
Bs2NRpK5zPhbhchTM2XGqys5uLw4bjZjiWQJW912XwWi
EL5FxobVK8zfyJwMa8jGaQJY3TcpWBZ4mJYyoEFJfpe5
CSpVpupyocUvuw9VeBbJ9hXPGZUbTKQrDNV9vDZZkVG
HixKvMRNaapShj3v1J96jLMtZuo7wNwtGAi4c1Q5rJV3
8XzkwRGhiebBx7bwN5aYRwe6TMMDzqYytjYB4DWxdHRW
8eqvPBG3bHFpRfHCxKi7UBPcxUopXyhDMEH9r3Fg9QcX
FZ8rsujEXNR4Ni8zSJBfUNmkvZNm6LtYyGYy6p9oovgi
oERKmWuwnAx7MsqkLfgmLUeahUrfv5j1JrDb5JxyvVk
72GAVS85vyaRypoQavWSZ18sjoNWyQscnXx7J9BMupQS
