Transfer 1 tokens
  Sender: GQ9rp9eMdDdBAW9rP6uyHZ1UbmPg2fw1P3Vn78HWQo1M
  Recipient: 8ADa265AApEDJUJaLheEDoqdsJejJgyF57npeFX4XY4A
  Recipient associated token account: 9ka3nPcL8pnuYagFFTHobfA71LXLkSCiUEkPnSFBoPTi
  Funding recipient: 9ka3nPcL8pnuYagFFTHobfA71LXLkSCiUEkPnSFBoPTi (0.00203928 SOL)

Signature: 2f2ZqDhmjUYD2BEapomeFYMz7k4b9r7DdYo2yhGRzPS4L2KcQUeypJX7wY8FgJKTE4giQZ8cf3DnUGWrREEYiw4F

Transfer 1 tokens
  Sender: 6jqhB81vQZj5pon8qNo9UgY3DKneuboCj2v1ih8uCgQQ
  Recipient: 91Wuqdn5v3RW6E78XiZs1zdkYg8Xdop9LDcsp7Yefkt7
  Recipient associated token account: EUdWEvtF26eotmYu1eW2wtEdexFd7MEgTZ89pBzeFETy
  Funding recipient: EUdWEvtF26eotmYu1eW2wtEdexFd7MEgTZ89pBzeFETy (0.00203928 SOL)

Signature: 4CLLd4irX8aocGX3ddcfA7q7SZhBrVs1Tq5dn1ZfPdHfGaUREwhPVkEtrriMhSppdL7M5BiLLcQL97ZcXWZk1psk

Transfer 1 tokens
  Sender: 5f5MCEkDyCFkmWhQDeiegkGjBHJEkCoeGZUNtzvF9sFR
  Recipient: 2Lic9rwreFXc858WFUuV4cuteoDdLhbKBgnJk7MUtko8
  Recipient associated token account: FNM32817CNv3ZiKKyC4tKF4UNsrMpVneBVYzTFuvnUAh
  Funding recipient: FNM32817CNv3ZiKKyC4tKF4UNsrMpVneBVYzTFuvnUAh (0.00203928 SOL)

Signature: 5G3iaxoKDsX2DEEF95PVnkj58cqMnBQcHoGWtACDFfrHTohn1wnTG7RwtGnRjfEZP8zrjmjbHv92nWLU1E17X6gm

Transfer 1 tokens
  Sender: CuJmJPCsy9Q9mBGMDXiPYXZn9mYPJud63FxFqmFVvoWk
  Recipient: 6ykYU3fWNQnoNunJKDLSVSZWCMPoajoE8EVNzKCYs9qT
  Recipient associated token account: C1Fmb1PLUiei6At8Jai5CqyXYY5eJVm7M71HcVtWzDuL
  Funding recipient: C1Fmb1PLUiei6At8Jai5CqyXYY5eJVm7M71HcVtWzDuL (0.00203928 SOL)

Signature: 22t98GCUniTyF7L4FH4a34KcZXMHwzLJRxAcxD5gLXA2BztKdUb6uiw9oZNaAX6ErrzFVbBudDmhb1vgTU26idgB

Transfer 1 tokens
  Sender: 5dBuWxCWNF52hrFCvcc6fRZjMifQwqTCwSNxe1yBYhFz
  Recipient: 2h1jm5yv5x36WMS3WoKEhq5S2B7U1iEg7wXStX4MPEcq
  Recipient associated token account: E9RGvGfULVmHpDzNtvosQHEVFjS3LzM7PPioiEqTZ6BB
  Funding recipient: E9RGvGfULVmHpDzNtvosQHEVFjS3LzM7PPioiEqTZ6BB (0.00203928 SOL)

Signature: 28u5raGYeWgAvP3aiFEAK3RWc5FYjdeZEE4MJarYuM62aJUUdSycGwQCnX1wEJWMubang4M1SMaxxBbzTfZo9N31

