Gvm4xm6ZNepUn1Y3aDGrsaH3tCXmZpek22b3ffCKDTrw
BpFzSQkj56prpwZcf6Ejbt3aqpRJvY3SKRT4S78pdySY
H29iuRiRgRBJBKXRRM5SHMhwMD5Maf9n5twbPwjzZCTx
Ewu9adFVk3ygv1y9cj79TSdC8JbzpmUcgAuhhYH4uhAC
E12ecMY9ZyGjG9jP7AigPxpoeqEU17VxfFGFBLwQZruK
FNvepUYfrbYgFgMNdv8K9ybcEwJjYzhrLbwGJZ9X1fn1
7cJcQTjsSgj3xhAsBraZADSysz1L13XYxnoaVPkE3N1G
3r9d2GfLyqkhShDBA55hq8UyfJFNYDDPBfkeyHVLGDcS
B527VUNbKz7NAaSfsWggAQTREtFmE6XzSZ7JypZCGh7c
8mpqvRXvt4WLMxwrmJ2AkieqPq6Bmau1jCcQjeUTnYcR
7Cr8smiRTuv84BWkF79kzzjaQNTipPiaJaLouV93ZeVv
EDYnPY4VX4JqLXUkq6qnX2R1m5bLdJpmyYy2mSHjyF7u
FZ2mxV6YZYgCdwXF9QiG9RMG9vMbRWzmrCBewbgAhrBS
83dwTmpxqnTBGvm9HcUpDmuVkidw9sKNWaHpwAvkUeup
G6aQa8J9iBkF8zkzGena1j7BNtGW9cUKLKFG4AEGfSNS
mvsArwMG3bituerWZzSd83MYqZmyCmUGdaPFCtHKrS8
3BC2ayVGbeLgQxHFdyN1CNVQrwbXqCP3H5zYKt152KVz
Cy8HfuoDMGjfidmSsWuvMcCwqLvm7dHuXies3FcDQTMF
E4aufjQbwNMFvyyweJLJV1BJj93zQXUV1gpKH279cAgj
CKevQWE9YcJg36kF9mz1ogzj84tjKoaKg1oC2rp6DPfz
F6h5AHF74yx8sNWZLaPYgiTqpR4ExSAbUAYvzuNipXbw
C61nmCLKGiUe9yhjFpzUfYUJ476o2AdodqkwxUZX9mYy
CLtJG6yMfTUdMf4uVJAoFKDrEbvgU1tu958VokvQhsTF
AtJYfk5nyrhFeVfBMhJajC9XGtLh9SU9Gse5gtxouN52
7o92aN6G3fjFTk2GXPqXqmcnTpx4yMnBmjm6SDsEvLvz
GptJqLcrqon7AfyvHXMVuYhAtLFZNaC4u4VnWaKN1fXV
Ezs7TFSkPkYoJxvUoTxsbVqtuugUWd5xthNA53bxSVdZ
AuMoE7UTqF5K5dRqWhez94qhbYZpZEToNJHcdz1EonDp
Fc4RYFgQrtbvehMYJGvGagJt5UFABa169H7hvbJ1PEeF
AFdQ3ZukCpgw3m9LyXMZSecanEGp9nNSQJG25XTWhWf2
9suM79FpmQAxoHKm2QnMuZ3HMsD1QHwLedxfQDcFiT7s
8UQo5C8xwuckXVcgMisfJ6NrPrFWaSXPbxSqaoinvZik
UjXHfoLF1ibBoUXGAKj3KDmreHv411rVSNRYrKjg9Ss
5nWqb1yaRfuNoqzLdgoLqSo2fGuXYxww5VX9Use1LQmi
FVVDD8qb5HnHSYegztkWY71kZiLUdwZ7A1ecRLXkbtJF
BUre7NZr25rgX724WYkfKogACTbuqqJyw8yoDx9ZFQHA
5Fsyo8QQ5ZM5LzbQqSf8vKWSgUfoErtTdbAuJzRxM1wX
2ApUrzv13x5s9jpMuqnA6PdGqnnEc2v96VMjE2LKmUAc
F9zVNda3tUWgwf5vKoKZWKGXjFSuH51Qi1kJ5V2Sd5od
3o5gyg6B4Ki8hxZwRkNFwT3ipWmMvEMB4f6sPod2PGhv
F6t8qgpbkt4rGpbJkDYh343wfMxWYKhb5B58z42RMJCn
2b4F6ygtpzrNsmy7KGJyiWqKY189FZYXLpqydoVZCrAL
HvDRN65tp28RBJ1c2et7uAHeijmatYXJJ1pLSmAFjaZY
HAm1UefpczvT9eoxVwN5naVySZvEoeq5WKwpmH7borHt
9FUgrAqM8BCJjeQ6vPNrnKDqb71aYChdobxeCiu2caT5
8ZVzBg7uBKyPLaPcheGQbjKHvGbU38WVno63mkdGZ3Gv
2agNQLTrAzL4wMYXr3WqUQhdgjDjXji4MkqLSdv72MJV
8HDMLzDYU5EaV3wGWJ1RCEneQWuRbuocdKHWzNWRYN5T
DquN55VMHoN8eUm6dv1ciKFE4keMf5zYzRpY78saoNmW
8usteNCvb6NrLWVEVqzeyQR22crzmYrqjmi8WuMdioEL
A3C7My86FA726jniBuSUMusQQ4PogGBni6CqgoLNCCsK
AXxNoY4rTyimAuAQ7aD3A1WNW4ibQcZzQESiygbAE3X4
5fdg3HgyYSKiR9zVonGj36pG3zgD9Xc1L9tau94FVcdw
25ndkSeLMK14ZZ2DCWBFS2cErKCqB5adxsJa7pqaX2Y8
145cJMASMsJzhSBsqyXxp6YYpnou5CwfBZqJKd5jxosf
Gj2sH88mEH8vw6LqhxC8jVvj2zRvkbsX7DQMC6o8jqZv
DmVGxtZfNa8nqnNMjQj9uX9ZGGiZg9NqeSFK7jMS4wrr
5SmopF7GgFNKrixXPhiTj1SS2LCQuxwYpPDc9Nte4oA
3UPAbSAeoGqoCGir4YPorKQEXWWF9cDaJHc78Jy4DPZi
8GRp3SbS1AEYaYfQd5cBRfPnhEFBKGRJpHturuph5L4B
6tpgTsVTYvqvP1qu1xxW44S9izA1W8hWFcdgRijWeyY9
4HC8AcDuTMzDXJdautMP5ueD2SVvimUoteayCcNRfUzx
imSWH5jx4KMqWGSUR3bPkVUSrZP6cUW8L18H2TP5Mzc
7CioGAM5wMV3XaUAcsmEeXb9dzP3RVMMXogZ3KgtyRt2
J93E8Rf1KQfvjiUqAEW6Z1zNytq3qhjAyw6sUFaJt1Pe
32r3T1WLuqcRgvhm18ifviLRQsAuAXnNQGSYToQMUPRV
783BrTyP1QzPXQjEc5LckaUJtmikYEsRJndwzhsZZGHy
AccsBfQpNb6b6ukRANHKTsrU3RxiGXre68JQjGtryCEf
9mXyf4mns7up4ENonPMZe1SjEvfWPDL3rYbSDPvYx64E
2gHAWL6xfapnnqM7cbz7oUFf5i5yC8cNqhGTV1gpyuDF
23s4HEHMSQRnndCKe2k3Yc3vA1xNt9DW2m3o8BaBLCme
D87HvotqyNGUaDdWE3UvUTggVwo8vXxtyG7hfuU6FCoH
CMmvtvLRpvXQS55EyEkQBKy4YN2yQ8pjYuyJaE1SQkYA
2vQP27hHATRjHCvs2jFK5PVCfZiMdsupdkTFpbb4gTSw
6Z5Pn7tkEoXDV9pfWxU2hxAxdvWZLY5Rxxt6HiTLE5By
iESzWvG2cnVea9DENuztxrsrhdF8xMZn6eGef9V9ARt
BvqXXntrqsYM6QPBQeSbqq5MwNWvtX263R65WNKz6PzJ
32sWeRLd3WDsJhLHNL12D5qAJYHHVArFcs4z475VL6z3
4XNDpvVpGVstJvP7FJSiFv6EgFiKZvtcsGHArkqE7f1k
8eQYFKbgYAUnwckiZmYcZQoGfNtgrp6TZobxP8uN5xnw
6ugxWtHaEotXrVZSQroQYsUWzn1XV3qHHsHLVhAs1UrX
BRXTED2qZA5GBGbUvfJZ7zkBDzyrAK5S8JxwzLvB7umW
2uMt42kCjCphK2goxqLHT4qNf2JShegjPqu9H8gm8bo7
E3ZAV2Cxa5wPWqahPtkFuEhT7Zcf856fWemgXhLwHFEB
B4izeV8YdfGwBz2Thxt1ME5JHctErC35C3TqFQXRhgN3
F7qaDG7jdALZ91jnr1NjWPweX5sYGopCSjYqzXMb9YDC
77uadCJpajSm6REpLkPbTnCxoySNk4RwdcM2zRYaDMVd
6i7S6S5xamGtKAp6KmQT2LjNBch2FHqo1tkkD9cKuXAk
2ZoU9QKmUE6X73S9VwCrSMChhK5njULnRrkwrbKmza8C
4Ta4wAG587wS3Jk8TipimiCLQzwN2ckeQi8gX2uSjVPq
2aKVewbwG2FdQFt1T8YnchotcisWJvYbrA9Mze7WHny3
CfFiqathAyUbUMg2KbL4zbSXEQxJomPedyRvwfbvdewe
2Ch41ZYTxSidz4Y31PxthbdJQi76Ft6nFzgZXSHFcsQC
9CukvfW5kiqeYgj5m5o3VtXEoEbahzxgJmDCDVUhXsU
4LMi6VpKAFqvrjWPxfD7646uEM6b4SXRxHDH8KHFjkuG
GHY9uEekzoJ8m9jrBUdYnHBUyqEtq7GG3T8ADbDSiLMt
BP2tAzG4dTjH18uNTWPwziUs37631Nt1Zgj4ZeKYrVpp
BfpDFs5aSaswAk7eLUCjHdR3qj9U7BpzQQtBtX6RyG21
BrM83C7ADsab49mMvKFJrciQQMKHLy35mgs7SRVvLUNE
7vsfFtkaXd7x8NjB9hXdU614h3dCVdwJuDbBBzTsGgJ5
5SjiHAy6yB97YneJyQ3wMKgSiVm6Wayb99KqSGUQY7cX
HYLXYT1dHPegUCcMEjRb4NgKNQKd5WKzde18D6vcgQqn
43oJYmM1SGkiZaL9AoyKoqs3x53HHwnfAGmaXCBixj6C
3HmLGdGm52DtRLeDpUdgbWZt6YVPMn2JLafVJiGqWpNu
2riBrk8rpy964k2wT2nG4tcZbbaqWcKdTgsHMX5dCkvq
EaYcvUtNER8edT4FrMAQg5XXswRxX4TcaCcTfJ2K6uVR
3NEtCzhRMLJ8iovvL3ASZ9Qh5xMrep8rtjcMakTtPfsi
Fsw33RJntnvNqBKzwWnZhnAVjZgKtaa2GSXWGfEHjjmy
7TX8rJzByuvDt5Rza2vo2aqPgDr7tzrjjkaov6NRdbBm
7Enn5GMGDRq41AqRHvFtQmxtDqNyDvQ4ZypXBUWfzAZo
GbrzkXMuC4Y2U5BQ1JXixjV4jkU8Uv6up9J9uzadreGj
F3Ts5fTmF81yu5ADhFcbDS3w4RDybsAJ8B4jYSZtK6vn
7gw8yNFd4hBjVCQRGjtLdHw4WzMDd3xy7Qc2P3nkL5uD
CyCRTQdksp6Xnt1BDPs2tufx2ixYX95MHL1b3WNE1CXJ
2J3VnvJ1GhSfFdxgffEJo1wFjragf9eZ95fkHQJJEywr
D8h2x9SzW92oBjbVHq7bdxehgprAY5x6weVvMBAHcHMu
AABJ6zgJwV1JJ6kp8V7owDk8D46gr5AVqiL8jmu156UF
8fe3GMpheRvHH5mH6TbNkhytYbAUW5UJFhCHbe5XkUdb
EjZufiKmJog3G9AVhnwv1XUynmSkoBfeT52hcwe1GQot
8cj3o1JXjZFrzNLhmFpNxTBxsEKx4gxFydnbVWatct2S
Ab8zFGwm69nphCGM4NjBtXQLvpdD8RCmNUM4vnnTZT1V
9TN6H6t966m5uAkdNbjspNCwiQRKjUgAkqJk65ynVgd2
5z4SNns2TRE9CGJiei437Ne7yjpz66UARPBQTqGdNhMc
HUVZXuXCC4ut4BijLhvPgEPtT6wsnP62QJgFCMgZFxiq
EkcTVwhyXTPMxfEb4fzyFkgtUn4oGAEFqFVHgBLFfrKe
F62WFWUgf9EyHzFKzZFwYSbwKUo9W5bpoWPbxmcS7J6f
Ha6aJXCAg3ZmyQJWjXWU9A6d8jgkyS9xP8wLzHkWwtNe
6rmCQ2qdcYA1KXghsYjANjGvQSVeZ35x4rKY8n2WApLy
53Nc1ZwkZ87q57a5tYDGV9qsADcUPoNetTepEKTULpkh
AJdi3cs8C1cohabMFvip431iEPErYfYrtPySYfLKzn1U
57kAJcSfpEmHqRjgMfLafN4p5MXEJCVcj7jHUfGm7x8o
XxLg9evrby5drZXJeohaS7uBJ84JrMXLBH1AzP6aNDG
8Gu8gfbKp7MVqTeu1VBFy5Nffe6FRrPkPnw1YSDuZ9BS
GtA85N2tCEbAMpzZLq7ndN6PHjbsVNHAnCUpiLx8RjQu
Lj1Dk72pfgAg826TUXr7ziLB8A2zBYm98UMssqwXyvd
B8dEtB74JxjdG9fEzvKPXc7TNAYtvt59g5Ci9EYoyv9m
7v9JaorZcbLP1R5JQXcLaamcMMq3aprtZmcwh5Ev8Kdp
Cf58YnpyR3EhuJo6CKVknAhiVLtDqwE5fddKutzmhzQe
9kiQvVat9enaqWYa3Km5UXQPLhmA9h9XfX1dn2hnZWqR
2JvGNfiAasgzEYXpXesJzqTwR6Cibw43BYZjy6Xj7Lm6
4PSrJ1xStFboC8ADfBXdJ9N4ZVTWbfuswGqe6udgi53g
4h98FhTxr1MtGigSE8so77S5RKKXjFYY11Jnqw8xkfaE
8nUih4qjwnW6cpG2TMdJ6KsqAxYYERzX2mRGmYD9yPKt
7gPoa3gRBG2R61qmdBRRMVyt9uD24qkAdKyYSzUv1XSR
HoCiYViPzfPHiCZVuGA3kUDX7iEDv6BnG42f9ghW6NES
AGx3pCdYkiMTQ7BCzA7qz7zShSzevu8GKdKqFd5ETf8h
5uXuc2VvjxBucky8JzmfzGCyyxw9ufwuhBc6UEebndG9
Hhg2ZQ3y7AFg9ddidkGW5jDejSQYivdccVN4L2rkd7dh
BABZFZyDxRBxX96aUo4uDyTYHmoggom1oR9qgeZTgc3w
FEw1fPx9dZQGYsZU6xPKDEsiFjrxXsTgJYof2eW8dLc2
GmFNuPUPH14zCoWandymXGWpsDHYQKoqSFsYygBJPHpU
GSktWKB57Pbj92gRku14nGX2mbmPyXKhYDhXyWdzFFNK
CfmVWFopGEz2YJaV5Avih2T9q88zVMhjoVhsuYbgVWyo
EHRDyqZCjNjKjm1EyEZTAdvcFessoZiajHsFiB5SB7Pd
BrBDW97Cgra7RUVY1VVQLgQEj4365zwQPQ8vgbxmk7hi
DMWS2bsAfbhYugjWMpe8sFUcW9Lkm37mGRUPEjQuFyQL
3cRMnDBikhGa7WyUKKM1NPoWXVota3g9qDugKrTte6jx
3vpp2jLmV7SAEajM9YgqCepeXZF1ZYo1F2aQDbTXTg7R
52MNpELFkt5yoi9n69XGbXpmxWaxbhqQJK8Syi87Esdn
2fMUVmSG4bYk2pkKNda7z4Ste2xUtafDDu6NVpHiwjBU
DL4d4K1NrT2ePypWWSDcN3D6pmdoaYs1RTefgn31R3bX
7j5HgPbv7fi4prQ1qNecYnW6Y7LvRh15JUv1mfaEer8U
EAog6RY34SW7wG5C3KaREPL3Tr8gMXQhS6B81joosteK
HsWTbuwUM5Rk499Jy5i3icSEBzpZtBc5BSqSbEDMbjnk
DWbs8YTFHWSDymrJpzxfseVWcxeq1yTXZZ1DVRaFVm3P
EeuEM2cmuotzwgLcEZccCKpp6mTP9HdpPThQqdf5arD1
GTh6f2ceeNpcATZHZFSG37xtNCk76GtM3Wsuf2wrX9D4
7TdJmg2MGtNfc5BPeachyeQ4RAkajokY5x8zfu5ZsgLS
EUVhbTpS3Yf7TZThDpsNmvp8xBSYKD4JQ9VH6UAo6iuB
AWUUqmrfZTuErheoTY1gubyZ8npJQqbYdDnQdpuqYoRx
6MrvBFNuzyd79CKPzdCNe1tvdED21U1N3dcYaD8JkDhC
2Lmj978vJLc6DDU8Zvf9Esha6J27LhYH7FE94ibQxJwH
E3CsEgviQDxY7zeeStV6JptzzpcPLeMUf4jqes3UebeF
8NWw7XcnknhTKoYm8T4f2axQgYnTJHRghvArqPdKr4T8
G9Uq92CXw6HbxcQaW9ujzJQugLEgeuwuPFvG5PAxdumd
BHCZ34PX4jjhU6NUxwNsoWPtqsd5BuSNbxJU2WqFtAPW
FntAgfK73CUVtaoCnEShYniDVofWr3vVFijadtTfTKwB
3W7mkpWVcmmzgK3LV5Fc3sFcXxfmkT891vmi4xtch7nT
2kyAR8W8TnAUDZST3saTvbjftZtMv4XgEj86sdAB37NC
CXHwuja5xQvn331z9Yu2maoM7PnNuPN4UEgyV9z8unnH
64j8YHaui516N5UDprdAgd7EF6duRaSu3bSdyrvw6Ya7
CFHWugLmtXJr2TbVYMkENe1dciFqjmc9V768zrKEUh6F
FhuoWL7iukaMBDpWyWaxYvM9VyYQnzd9CAhQTN4tErms
4rcYAgeeEZebpGK73hMxywnrdZYPf9bnEe8aTmMtpfca
9NNtzaWyGLXLy57EiWvYnAqip2T9EGLqop5SKgiBZMMn
JA7HFYzGucA2RNFsUbT15BPDYaj3rpapzxJtNgNK851
GuqRT3U2XqyCYxR9puY62fCfVKvAajYW3LdBKXbphzGZ
9sba4HDrYXHPEqzGbatbcX855BzjjjcKWvSaGJ4eooFi
HMCREymzVcDbKe73S56wH3G1XdNLMfeAZFEX66deXbF3
BMcEW58K2cfWsrYj53jn9KzWjDtrCbjTnLP9VU1d5uNU
7MJfqdogqJ7JYDsE9vcZyRHbp3JvbU7bGojnAkbcdDU1
GVeFDefHB7cmi9qcVkkX3A1maAPJ6DkaWMQYCgpNrPt3
6qQDvaBeJDW4ZusNBeXsjBQFHuijtmDWsP5oLSHG5AsL
DgJTGRkAZP7THbZ5uSyJgD6hiNXyaF2VwtZjeKKzJUe7
CcTV2xcDvewQfnyz2fzhv6thMsog3nHF7pn72wXBXun3
Eu7M5PpEAGwNUMj4YyJZrn5XoSNkCFTCsScZqGVSsRT8
6fBitn6fN5pjivt2hWuzADy4nRjT63iVz6HS7zcLXKxA
6Sry81hzF853nMUVNiDxACpRuqT9cJtahjSaHnQxVZZb
BkVduCQWj5EF51QxY7GkPUWqmeZexBzYCJn6CUJhCafE
17fxMUYmS8SUnhKtsxUQzBeGxWBASKDyALSKj9GKiLn
EARrRxmTsa8m6kiXFGDS7iuTU7wFQyXQaWF4pz6vREQP
5M8Z6JH5vXZoJThY3PJpnpW5137b1uzHH1jsXVkQ2jWB
GwevGmjFnjhSScr1m1f6Q2akKCQdLEzZG2tN7piozYmq
AH3FJRMSfZTSLp8TQvzu8meBAqwDAaTh4NotNmJuT78x
3RPRY6cPzN9zKLFw1LCQn6biVXv8Nb24ELnLvx3uB9r3
F9PYZThXXbGHE1c1FfovV1DtZ4hULoVJnADjNDttSW4p
9qbteJ3jtX2fWsFJPPkUTjMKCYwx6Kyr9d2eYCBD8oU2
65hpqe6NTaJnHPTQRKQR2trMZp8R1CpRBXXrRmLM6F3r
AuzHgJmEt9TiUfEoj8VTk4pofw4ioMmLj6BHVLErdNyD
Hh7r9Rp2jfCTXgUC79PDjA75w6Qc1AeNi4P3NyUWsrh7
2pU3pmCSnwiDsfUJQRYJP1s26oYfNMpmsMUmc841Lnyy
ECLgZKSiyUufjLXR39RVFQZi8KYrxRYopoR1PPevuxVR
9pu7AF4zixJSgAr4guDUpDmgGJkEr2AruwyeVLR89k7f
B7JJKBFAUWHAQMrp9vLuNabMSoAnx7TMxKrrL2VYjZF
5Yoyz329D3wbvfhhxq4kneYCVi9HEqAGTb8SGDNSaRxv
BdMFvzU8xncQhxjwz7sfwJRzfpXYj8Zica2vwVF3Rxgd
DLoYgXK5XizAuZbPpFDgHMF6WdHrarXYm3RfSJ5oUFbb
FSTakxCd2RxpVtuxLrQvqVRyod3oCGEFrjxtiLT9Wk8K
V1emrYqiLiAkJwgrdgzEeXqNMxz1njzVRHSxTBbUKd9
cxytG79RYSKGGMcbR4iCKhqvgaiytYjeFZHZbTsHqpM
DRxqMT59kxH461Ja5yNQNsL3Rmc12YPXJQXP2ap36Dc5
JB5Zm7WhPMYfCMvmuMtahsAoUasFdGjeD51UzJPah7LJ
FUszy1tXQMwYpPfHkLR7mdCihvFza4dgq6HWECF73BBD
5A51rJ2NEXxjbGvPKRzYyvVBQdu9A9bv1nU217HHruCQ
EHDuP5hFbwBdpa5ExwCF4FpTewPTa94DcSnUfYxnm3z4
6vZYwwpVHDSmuHHrt8HEPS2CiZouVNPgdks1DfridYjB
9jckP9Exs5oGoWuwjkZZH1gb5eyKAtPLStNtU23oJaF8
GLAZJkrM5feJxW1PxyxqGfgGEnz6HMFzn3muRVg9DkmU
BF5CvLyF4S3sdhmymJjJihV6Bgqdc5h4LfbZc54uACmn
38f2scF4SXWaQETxPhmrDpPPCpGHaWaj7Cixokqr3CeW
DugjMpYYkjvu4QQ2yx5yZbKMgRBMu7yuVK6wkCRSLvDr
4aCjx6SFyoRcKy1hYzPrRG4JJi4rDEfNeYUNdxznYjQz
8c7DvDon9jjE7JDYv3br9Xnx2TXhDuMfKpWQ4ZK8wGSs
5PiuTDNZKKamgdsoTLxGv3SKwxCixbcJu71Ai9QsMouJ
FYEHajVfv5bcfQ1ApVauZoXqYpNZ7vmtJLnVZEdS6uvy
GatLgsEB2tWNcb1tjBCxmyAmpCY9Z9thx6xgf4sG4y7W
H9jsNWnuHTp65sxy9TQPziZNgHn7bc8b6txnVMUDtHDZ
B9ozhhedti9NtPvK5a7gjNPg1kCu7A4uUxLrddePU3DP
EKFzEuHDYKDJTPDe1p719LW8qVuWpo8r2XiYmPf1o5gZ
Duy4zdRFpZQjw7aRcHJDEWoMbmJZe4yXRuE7NpFAAHhT
2ooXKZVvp1AyJDPf1ggF6E13fFQ7tecZtQMVMnMf8UG8
Gt7aEtQXN9YvtE7qiqMVMV7R4mEiAWvxLYN9DpXv5GLz
DRYCT5yFk5hss7zYR6HR1ZmfvUYtYJSChPVLNgSYuPYD
82c3uvEB1VPdvaqBa3ndT4SyCnBQgeJCg2cu4exFuuwv
EsUnHzpwRm4WmG1fD2m4wapWjZUkwoAc3wggCUVAymD2
EB7Dde4GWXc8vq2NVLUSnNHoW2K1xgzQgzrLGGWHEXBS
6bmkhkFwf7HDohDt5eXBuhYAYtxh2mmGKs59TReaFJMU
DkiKTT3qL8TsuEWbrMBPqXeh42mhyqkJDX4khKZY1fXr
GdrHgNpuxU14MmCcwU6Y3hGL97TezqB9ZWj6b1zb9cec
GetYqzs3LbA67dx384ttJ5H81N557cieBEALpG9JrkTa
BcVvJs7KuRrQK1m9EKoPQzJ1joiWSkJtD5JvMyUaHUhY
9Y7W2CC1EcJDSkiDDazfTnnLqi9QNybVzLxU2UFYXHSo
CvUmHygBoUGXNPgRt7Z6QpLgfsv4N3vXdKRXM4ughneB
FS1TXNKtVhNY83wL9EZMjEHg8aZZ22NoJhY26uwsTvqY
53vh6VA3GHym4XyTbWWa9XJidhoTABtCQNQiPEySeBQU
Ehw8CztKbyWRTCX6NcuJo13ZMPYeBRqWGUPh4wnBxyR8
3e4MWZQuCzekLmQqzg8A4Zi2v5dZtWUqkypv85NGQP3K
DdzSzPAEGDSf7opkcBHKWzpjkpAZM9646RBDzx2KnUXG
6UbjjcheXiTCPrL5sfFHrATD5U6kd9mUTC4WGdMXvc7W
48Cm4pNPChVmKRGRvhy6nrUF2WWG38ibSXT9t2N7H8NF
h5bmYnWpsZxbJf4zYWxuepjhXdbc3yEijDEhR8R8DyP
9yDzizkWByHTjReG18EYmdtJu6KNZwYzjExq9Q3hNup4
ChjVJEszLFJpAUL4BgGv6QXv3sX37sKN2XhJAcPu5UWD
ipgZ5FBHNUynM5d9aPta8CS6kkDdGZSfBeRPnaEafAu
4XHi1KZ6LgmwKMwDUTqX6iwNuQt6zbtwtDqWyKTS6Tox
HQVn5oo8kBmU7YrfLUSvHD1DgM6rAfv9Mr8Ze8BtVRxj
8gfoVFJ5x67RLPae9kPdH6rU4hixHHeezZAyvw87ARhX
8rF9XwVWKaJRh1yKboCajaUAdcxXbVmvmoAzHAVuw1do
E8oQC9kcAaazfnaLCG3jTNo3m2xPJuJyNihqSkQwv2Po
8iqycyiCYgUcpaXzvhMg8YjA2hWq2KpTd9Ar2MpRGSRs
Db4HC8PTKQZ1mYJLmjxBrWXD9r3UxpTqkSVGSLmyMEG2
AZc7r6KQo8DSTzRemdNR3pAFS6FvvZCD2cG4i3rdnTCb
H2NXusJoFK867JSR4y7DsPenn6eE2Hy9th8HGzfqFMF5
48YWHwNdsVHteQgLs6qHGRx9jy1iTdEBvft2QsGm2LGQ
75Qjt3Vk7iCnMyuLV6UXXoy3kZgXZ712wLR2JgNc66NK
2nsUMYn2YPNwZY9TmzDRmUHbdcEvFx51C8PFP7LBMaHJ
7MMxu4NmD5pqg2rxpUwFofHfBUnE8KmR23v4rsKpDvg1
E6a5b1zTe2ZHHEoYNKGQq95GCKuD9toWaz6axy4pzyM
DA2CSXmwhDHZLzZuZ12zFqtfPbyCMCvRjTyyrJhnRwpx
8Wc2YpfibQ6PqsFZ2aTcoXQwQTkZYV3V8YkqCDBuaHGC
9LUtroscGV4teXck8PaRu4Lja1NjHTNJrQHrgqowbfxP
4kRCUjFVxrTqEAm5ELSH1s3MPgcG8ZDVddtHV9V9Q8do
55CEsjGaD5UkJKkiViCRmuE71TxTEvmNv4se5k4Rs9Ms
46XUb7XWu55fZpSc5rLSrhSetgyrkptJNGD9V8QSpDwr
BrcKWzKcJ1zgZabZd6AdaDmvkeEjsDjAG7EEnq6Rgo7g
AGjoyUy4QgBx5ofNae7K7HiFDED2ppik8k2H4ZbEErt6
7etu2KfKYZAn5KShbRctACo3KM9ANrdcGzcizmu9HdLa
2FGCVN2Sq1dbfhJBcS34mPdFvtbtydK9SC1GkWSDc9TX
DszXW32PymKFqvBKnHnxtipuRKxqWYp7aQqEouSf5rA3
79y8DkehmjoQbuC6dFXi1gocJejHs9QLcE2Qxtvj4iy
E5D5D3vkTXExBvogFxVBHMjdpiDTa82wea3DcH7vhNHA
2vFjoLgPf7vxcEzBvgawb44E1qmyu81LZLwzFNh9NXRH
H25YDGfBVemK2KrjxKWURPbhPfGnVcWrvcQ3baL8irY7
52SoYHrUhTG3HPpuZi2LAiGBztrFThTYwaEim8hZFyTk
B5YsJdsLShTFAyngiM2GV8gZAp9pGLUB57Zyr7ViWbmp
GpDZpd6tjnAirzq8ZTfuJARDk882ViLkbtEF7w5bJXGJ
ERqboMkCXc2BymVME6vrW2zjkY24PGYkpaaZUySckmN
5ebYm69mG7eeQxptgXrCGSLGbwqnqG3k6C7DS96P5gyp
Gzj3vDLsep2PuSCs92XhtFhrqZbPStiTVzMJpo7gqgCK
3cD82YfbomRp2A58ETsj89hzQ6U7g6WRcBasChKw5hBS
DDL2xxte96kHVtiM1L7n52LXvxJKNTyTzf1cANvGprJv
8VVTgnfNNdYxaULZrLFAKriqkAtUYgttvPXa4R1aRALf
7MY8SAfY9ADAJjMwaSJ8TbJhY2MP5TDKqWDGeHcCwwji
DoHep6Enc55Y2vk9opwB9LVC7LdA4c1Ty5Miu1i8BHRG
GqsmGmNZznhFF2dFKQJV2h4BoeAYp7nYoVQo8huGfTfp
9ai4NJttBaTJJeKaYdFNVZnVkzSQwyJNB2A9aLjqGZKp
ED7X2uznw7U9Gwso2pzSqwHnaiA7Q5Z9B5WDEPUiPsMR
21Ho2FhWV6cxw3fJZTcbXWWU74x2vQBfvzmG1CRtqnPc
DW7D32NQeDSsEiEgPk5rY3j8HXtFTBRTkkfSWwjKmkPq
7idEgPjXxy4XcqBP8mDJtxZAMRQ53SyYTZV7LcSXiMnB
BM2mZCeDeATMKvy8E3RVuT5tGJqXywMCfATbkgbFnKwR
CQt5H63G4XhjTSCERAG8jcrdRx4kxzJ5qJU4RutBxvjK
CkbmXditM6m37ERis3N8UAQojbUMmK3dHtUbmYu2UduS
GE4Nk1tvgCvgVzqT3qtQvz9V2FwurEENcofp1qRP16SQ
9JP4wPrTN1V12arNpFNJTZmyvJ6gM1EKFpJLSZVDKCi6
EQZGC9bAuVzzC27dSx7jYH176XZpATYsVVNPaqh6rEti
5qxHAHwtesgqXuGmTn6eNpvKAdML82wJQhTu2TxCN4eY
CWq4Jet2ZqyAfdYR5bwMRQHmenYmbhPmUTb8KFw4MWRF
8ghx32MfPunoYr69C6nVSSp5N7prxtmygyanWd1yjHb5
33wXNhH6NQkT1gVfdFgwcpA35iVhb2p9pjMWk2RXefWo
4aUz1LeA5TDUyDymeNiorr34v6WNddfkFbJmjzocih2h
7i71o4BgqrWjit4E77ZHVALZo913meDD98FVFuwJEDCR
23cPazB94C7xmgcr5oRzNiZdWxjdsierZdjrU8Z3UKii
4qwpvecMvvDmHaXTf1Duc5qV1tqVCZgv1zrgnfab41cW
GFJyfYPNr2P74PsMSCJyxa5DxB2huyFUv89B7swB6V4H
HDN4b2G9vcK4XwZ5SRtD6rhe7wZd8dRGBtDdHDpawVay
65huaoLefDbvbMYZ5mTFH2YYfKCnDfxwx5832uCzpb83
E7dDHaxfVhMCz4WfuJFD7FWYSo5PwzsMrUdckukkBs61
F3hEPJUW2u5guHTrHYHYSaBZnwew1gYPd8g3cjZVPRyQ
8VoKWGxSBRmoBD5GcLf5RkkEPmJArnU9KkEGUzPWyaGK
8bxyiqcDLStAvWJWtpoHHLrTRavznJPzWF6mVoaSKbY3
AMMoLXphLDSZD82E9xVpecL7mN2uJ6cZgkgSkRGwpo3C
A3am3YchsMrxpYyAGze2ZSsFwLGiqptTTjKYppYXr5qz
vndut1g6gP3mi71BuDJCofBzERFG7BaVAoR5DjnhFTH
9Nnsu1MdHyvYyqf4oszocVNH8grEkTpujyBbkbehGvPw
CD9bBLA2jZzuDuHgRY78EEeUx9zo7TcpZBCp529QLWsM
49uzS5PdGCChfEiTJz8dr88ZcXPD5ripKdixuYxhb3fJ
5MXq7bDq2NygFjZmybtnVEhFaZUkT89LigoHwKjhzNuM
4Xkd5CsiJhnGprYP5twrRcK3Q7PKrbsVk2oaXbHhhN8c
7d7wNjNE9TwKziRUmTeESw2ib3H27u8efRYyidzsjMqH
CFLQ5dEF3Y4i6oZx6ACxp1hPGvYjfRRsQ2xQs4PPhLZ3
2WGbf1Kv6gfX8GCPRiwg44nj18nmGffHLP7WnFDw1Kgd
FB3ngqXzy9zFPoitRBBBUNXPT8zkktTD5WDk7Kg7e2yE
DdkszPVt9adfNwoSuq22ZK2sGLgmE76wxETAL3s72Ahp
H3YMEksejGKZZiEzT14ZbNDoi5PWgigCg4MrDJfktBYb
8kZSKA4maLkhcGzDKDUEicAbxMmyMz6WrcNR1Dfnqhx1
VfJTBKLWYV6jxgqxVG1ZkNUeUaZ6nrvWxTEDmMgkocX
583aG3sWitPj4RqvMg3BVg9vXMto9U45R8B1XVCNehT2
2cS47tbWQRDNQ9aQQDND6DYz4uQ5PxrHBxntkTN5sLsC
6moCXvFqAf3xikeSHfXga51fCroV3sCsuK24rzDxkUTQ
5nASRSS6pzRXX4DtgjtT3G2CXbStnj991SyGECFD1qro
BkdQdwSw6Y2fvrC6Jrx5hWn1T77pUuCBbxAW2oQFWHqt
J4qAotBz7t8AkwSe1C1FbnKMxE8GpXnvjbPrzBBinqJv
FsEf5x2wdGmL1tvuMukYEtnxKdf5QM6nbK7QaJXmKueg
ejxWKY5zFwmW8C6LEDodZ1W9BQZPeEs494kS5JymQ5K
DDhH6MaFxesowTA9DamebW2ZH4hWcJtK8FJWDDFJ738j
E81syM4yNHRKf6dXHriuU5aBTGTELut6J1PqZ6HAaqYo
4fa7eTCY8CPssUximKcya249mBAEGxRVt4SwmhPraxiu
DtY7H33eK1AAbdpbHw7KLmyJ4SfAC6hcfLRHwxRZqmiL
Dwjst4vezyqNFR6RQtD2Pkwq9W2USPnQmM5YMGuWsHEL
HW3QciuPN3dDtkm47QbBFYKbiTVn2mQCdEmmHhA5ZrnD
4Do4oztpSkJdFog73mNQVKEr1wG9Mt2JUx4bg7caHXBc
E2GH4w98WVDJHvgtSkrTNnABS5oBFiKvvA7vNVJFdu2P
9sNtYBeMjqN6Bh7VYgZu9GrQCZxNevnuEFjjqeVR88oA
7vwn1knH9b19d3a2PKP4BkpfUDPcqBxaxA96i33U6ddd
7jFsNSX3dB2ps5PADt3yBtyyFUKCC46CqpJqaT8AQ3rT
8mdWjrBiLj2NrYrPRrwsC562q4ZkMh8yFtr3FiK6s9Ne
AN9ZTn2uM7fT9HVE6LkyU3Ybe5NVTFBgLUHaVuzSwxe7
5bjr6UjMDVuju6FEoKXKjTkXCEpkpAjESbnQymaGEpWs
ELwCT2eMzVohNw4YcXSDvGN7Eux7zbQjE6kFLmy7hU9n
Fo3eN1yzN8kzVwFuRkqDKECmy6ZGLbJ2aX8VDfyo7aQq
C92RKo1d6N5TVV4kB4DrJEL2TFc1GUjyrQHjSt53D9Yc
BSX4xrGGkSXR5PjYyokh7qbcM98srXpFbFtjB73i4b7p
2SdBJXj4wAh8yzHTCstMSTDqGp84dLwnUAsLDoJ5SgyL
8g1wpX3B1X8JXwqMWXXDSYuy4bZc4NerukkkBdNEEsmm
9EufWZaW2Dto8iLoLucB3NiHKLBP6kpBgkwuFTF1w28t
Fw7Ln62bqj38R88Ezb8XzmMsUabdtiEmVqeuarheqjUj
J9KkNWkdfuFXLLfyJwVJMyor1A5E9ZxAbBV5SZVjT5jz
Wp9VjnNPtseS7WMTU5jYYKdzxxgKNWv8ujcxqgsKVvk
CKJx29mDd8ZwFQx5JdMSwa7tGzp4QUnm9uGWYSrcHN38
DJZjnJomKW8xgTSwTi4uEYzXMiQwXvbmzAsdZDrGtrGZ
8eXZGe6uxMuzXq1gLRJp4NonAjGh69pnJmo8pXUUxjYW
FRpvtq46XLvNC6KeGhnneDVgWq1FMj3xAsRFLdrGYZ5L
CPBopP4cxiDaUheiTL8i951afTX8yhC6neuJjaugQMnb
73PDoR8gpUywUux69dRMoVdFmQkbiPgiPCowdVfitcg
22ASUFfnWnPuErUQerJUiyghidPQnh8GEejcuyvnS5Vy
7L72sTbzWPmoSGY3MBYNjttYVwDKcNSfksbbAcLRLcYo
DPKyoT5zbefwuptom5tSQQ8y97nELf2Ft1wHkCvNKo99
38pkFC1bTb4pz4wbW6SVnoW1VuCEUjvHqBwVffc8T3cZ
GxyR4TEqL42bC1GDuG4q6hNrU84kfm35xAkkNSxkAMMi
4syq9A9uTRhxCsx4bEKGt1XCZ93pMn9mhNEA6ew9YUyd
2wtoW6SV1p8Y5NwvEtRdWbZ8aLkusUb1rAemnf6bGjdA
DhgtRDqS2rGhYKyiBzLjBF7Jc6qi7A6D1C6rrbKcTEyh
9sy8Kah6r3Rz4efTaxXKMafax7sKcuZjFQ6krGTCpxBo
EE3hCs1QH5tsRxZEDqVkXQ77TRn868sdTof7ttsmz1Km
7LXgaXuNrC85VupWv9M8STvPYzNNt9qLENNcjB68doRT
GdmG2ca1LPH2me6xcSNN1Pd9tAcN1YiSg9pgRXKpC77M
3A5sk3wNZasvepxLSxJ7Zw6V2XohupvNWqqvNZrcBt6V
4frKzRPCNntHtAVsB64DoEJsGDj83hj6jhCrruMUCaw8
GDaTgfjK7NNoRNct6cKmPHRMrk4sqzSh8am4KR9WQMZN
6LpcApsVQkZYQtUUhp1AoQBC1rM8twz3b7zGA99hGRMY
BgKWVFcSDxsqi8bEUzoCh7CdLGnd2uaP5GXex3zQQjex
7gMSieGTriCbkZ7jb4bMyYcPHbq1w6U4BAN6SdBcf6XY
AaGPpsDEfsFqH3a3FVm6EYcV4jFz166GRYdAdxgVDZJf
4T8rMrV4zEWFr9uvuaok6FE17a68oBcFTWg6QvXU1NzZ
fo5nSE8UFcBU3UTgugTAYiyqZF4WY7Tc9tvATQoyQsm
8mHEVRCFS5zTcHwgtVpkGFWt8m8Nm2RFreS8E8ozp6zC
7fUnXzB1oUiRc7xmjYu7eeqbcToXQFxvR5JKMFxgyyRW
BuLJ2ytnKmeP2U7kzHeu2P6C8YHH7qMjvVRKEZBRtSr6
8LNnEgNXZ3mPVSRU86XWJ8gogUoHnj3cX55jMYGtV5ez
EEHdmvKmTUSTzN6KJ6K63es5E6VYzvefJcM3vDxyFB7i
HynLoGDuwwpWdb26VRTSfDYN2o1URb86EeFJcy11zSBK
7Kj1hdEkL2S1RkHUqwur7p4LEaAf1rDCzScLewv2hHPR
GKQ8fnWi9Nj5if8XE84r6qNfqJxcD9jivEE7iwG3kWBZ
8nJTXxRctJfzbkQKuyaQywte2Q85iPNiswxbvfm68Fof
7qt3yJpUsMMFb3kcdz5rCCTKPaCDzXAB735XdiYjZsUQ
24jHWYNHdtH9pVarRVcPLRza7oaz6XFXieNEFK3AdbPG
HTMG1t72zZBFyTghcrkkH2M8X9w2NNANWVDXipwdFwnM
2VQvHePvfGDGNCkCUsUaCcZz9G1bbjHaxcqDeCKPMwZ5
4uDoxBkVX4FMMKdnDTmrx7st1UU6WR1YDAtNSDAxVpfZ
AJdM93W4JLMbwRZgAu7cUNBjJcDdDoZSQGfE8ezufwKx
Ci4AcL9xJBJtHMUjTpGAFiQFzwf2x3ddm7anjXitk3A2
tmhWKpUZob57daTzP383VWri7y9Vm3HsZ2VPmvkzbGr
Dbumnjy4YbYadrkfGBa5P268rU45mYxpz3VvuYKQGhKV
94E8hRgWRrXDrpS56jCq4GrNFMbZgqbdKNeR2DqoBLaB
Aj4Ei9rM6nePHGCLpVEwb9FRsJiXR5ait36Bv5nSPVbT
56928WZn8ECRdYjmHenPLyFStbkiJQpuE2Z62uwE4rLs
681qb7aLaRZ89RbRFmKU74B47tmHqf2dhUM1MRjveFHd
BkW3qehPQvDGyqS2oWauxquTjsBeNmTHciYstoUJuAkx
6sSjcoyG1BmyweakBDBzkUgmuThMBFS1reG8jUq11h77
Db4uABZzGsUHNmHL9ELSmRvd2GaLU5Dx6VomxJTVhJcB
E1hMnA4nBk2bfsdL47NA53aasQb18L8NcnaTmYeLmRfD
ABBTb57Vwzay6HqeSwMFHhck4jNAeEwyVWQoKJRJm9fg
4z22u1zQNraWNPy6CZWw5swSREuaGxQKersVfqXJUG3v
DjtmWhM6nMsUNa36XKsp5bNr29ugCKS1YTHcMAwdVXsw
3UCvP2MqCNnrvNgcSjMrY9w7VVGmxs5JNRXecEr8H17p
4VtEkRLZqyczVSTuJiSLYhda3yVQezmPAyv8cKi26gDm
4YJTJDpG9aLnGNLwjWQLpqDZvFfQ1FMAF62ozGE2T6ZK
C7qkuL1Y5nQrf67QXtwXMbyKht2VDewDmcKrRhYkss7Z
Gnmex2CocrppTRoebpvsai9aTZ8ncsernFuB7vk7iZFs
25tgSpJrgFAzKTUeprsdYEi6qRVicA9CjZ8buv6ohbnF
DCgnQxgyr9i2vm6MfnUPAoTPbRuNeyzzWPozumeQeJGc
26rCxWFLWp2SiaT8iVYgGbUpPPY8yVCAKje8kwGvsG1m
52hUpabtu2Wx8x4FuBHkEYnZYW5iKVEA1FkbDwBAeCft
5S51f1SoiHSMoTA2WfnauhTFiNhf2yhnr3tsJA1wwr32
DnagRZXSLpHrQWmE1U3uTCxXCf6rhURTTmoK5fMHLbif
Hg31ZWp1TsPEoTpsLUDePSMdxi7cujuSEUnbuVJ93uJw
BAaRhHK75EhgUHHGM2o2kCLQ3Jk71Rwrggprxoe5dQBG
EfNScn2ztVxKBmxgDnPDWPbMyTAQdU3SAZ1Ni9VM6zGc
