2pQvQF2WAZ7ZVx78yJpHyw3nVHM2kKAoZzve29yFrqRi
6g9ELee4ukyGnd1jwfkiS3mpomRHdoTtodFLd4zntJxV
ADc7mUWD1evVghTWFA2ZiXab2mcHcV6UNPBGQL1UqMWE
nePgPRzKgbp99JRHtNPTudp8baVoT9rPE3S1w7gxDSa
C3vdJh158fFqkeRaFeDP35Hxd8bbjuiUcEVB21gmyHNi
98hCouUM97hPPExNDMzJo4ij2hZ3ouCyRjrLeeXFqCok
284vseTBGMuyxGGTXXpNPRjaSDxBJomXpNU8R9J6uqDG
55YfFvwjg3A86gqMZ2vAie5eJYjbA9Xg2vqprnh4gYwg
62NF8LjzKyH6vydpJ8EZpdxDxx4Sa8aSh6fAvhRavVRq
BQ6W2opUUbyd3mVpTX1NRgFWgqBxyt3FSLfSR6TXQRug
4krjWnVog9qb8nsZ25cLxHWaSiHSKCM88F6wuS6SjNzc
J6d631vBs9WMzVJcJ3AEBDceJoEHcr7dVj9h5t3DpU8T
EWC6ESChdBqExhp96XPMLXR65pXP6Ftuh1pPAVws4pmk
9bpHT3xhYrFqhKogEqxkqCJJqR585oirqvX9D6uAWzUX
4XQ6uiqnJeYkKwncScbcfCLFn6VgXUBopFWqsreG2ttr
8P17pd29uZSPzUn6QQ1328QWXqpG95xy8djdj679qPDj
HNyvVfCcNtogL4Gq93zwZ3oFdRo7vrUqdFEwo3RqpDxS
2Kt2edjA6oMUNsC8kLPH31XJP2vqQZmMPNu2qo6BzuCa
H1eKWeHPaWDzvxFNJoPVzrWpsBG6dxahdLALq5sAjTw5
3ZhsdXhzbcpbvbHzoHW2aqAJnnDKcXD8qSm3eTsq2dRp
5qLUQwffcHESZuVwjDYfzj7YHbZfhGeeTSiwF2aqEETf
Bq8Xu7sTEHVY2TSGpQxmafaHVcRNUbBju92AucgKXmR
Gs2FSWdKKjHKF77z9Rit8B7Txef4hvWF94yLhdxteDGK
GebmoHLs9mt5E6ntUvCS1PKm7oe9wM1TUkxARMD7r7XH
97xAKp8FjyXkiYqTtYWN9ArD7KxTevzaCAo7VCcwLAsK
HCHbmzniCWVBFMNA6sZJrdb9BN52oaWT9JQhvND274Bh
2VrxMjyjL3r8ia45foEwAhSbkjNHZLwtaaHwxbELa4nH
8MkP7izHAshF2PDzVHJnMiXCAqVxERhSaHMZpfezGFzH
HkWSjzmQLZ2ep8rubrHA2zvrfrfCwDjrhMveeFVKTMmH
74nQsQFEVm7N5u8xnxCNpmYNrmcBKMS41LzB9bCXJZo3
DH1uBkBWyXPtbeHji1f9vr2S8F5i7xsUF3tTzvhsT2dT
E3BWuuX9SBFrWLPjBbTmT7jeE6fhQA9RUMWsNJHP6L5u
3ooTnU4quRNztapYE5vVojHZSFqPeH2xnWC6mbbtAUSE
Euaw6VHdZeiCDLuR1VKrEXf8NGZ6n8GdeakKkR3K94kF
AkdfJa5NmE1pQt3Ai7DpgDg8kryN5qTZirp6LQcpen6R
DCTeYphaDsdFWZ61JXusR3dwLqKWkYgCjkxZSQvPzRuK
5xjULdC4pgzNNdoyxrZnaMPUzEKLcKCJjDmVYfaJiYcF
BzHu964qt7p6KW5Fx93E4VR2xYuTit3NMxAncrLc7gj4
F1ecxeNmDsfELzN8hPB4aBAyS84gHrMAR1fgrm3YTFHQ
8KSgT8gE1MaMTgCHs82BzM1hGr1rXHbexE9fwzNCmotF
FhD2wHgP51orxzCimPRLEtaVw1wTkkFyvV7ePb9rNREC
ALFv8T3wx6e1uCtnsayQRTQ8HLoE67CtjiGnwo38xVN
FgVYBs7Qag74oSNgFozGH2zCXeWZKyff6KNyQBGVZsF2
9pymHL9auQtAQ1keKXifWaoLDeD8ZWtZTKee5cdMq88e
HwBP26ySdwXM3PZL9zs8sx8a349xrJeSkCFRJWHsXC2X
43jGWPVWoCPbdCERUoMJe9EWC36P6ntz2vEyLKn8ZdnS
DK8qEqwSEdLsehTree9GF2xjWNj6izzkPYrVfG1X2Wvh
6HdUpWzf1NAN7oGo4SreYWoXAL8gLiquXyzDh28NnqZU
5E1eautZXdbg5oiuQ6ZgPcGHDajroVPHMzqbA3cmyAb2
7xZSuLS96Pa5RKkai47ksVq6RUxY8YJFnPfGmxLEPLdj
7iPoDrXP8hFAJgCheLV7AFHrgmAHj8Fgh1VTgZyeeJs6
5g9P9YJNPxRMTZtWTPyRkUmdvaVae4MVjhr1ZHmHYbRH
HixKvMRNaapShj3v1J96jLMtZuo7wNwtGAi4c1Q5rJV3
9NwexLP7iBc66dsHdnny95cMkcZTtTWgpLRqFvKMYZwQ
7o4NoA1g1asZzi8D4fRPjVuDR6YkKGhLRwVbEFfmRWX7
AYTozFMYYpMC9FXydAreSBmUb9M9i3PFEJmmhDUEFtrH
GpC9NZpcjA2qqqbbW1SVpuzkFfq5TNWwxVUTztRQ3WYA
6mesuhcDT3HnDdd18KWSLf2xapZnk8tmT8EePj6k16Qa
23CjAYcYYdbUV1aSbqppmhGbgdPET1npSxrRZfmhW8kC
33t9ZS4Moa6VQz2FuiRw88mbiaM1Eb5eW8MkMTCgqLoG
CA2YSCaxW4spUDYBtTZ5F8HGmFq5wwS8enW92bDM9qDy
CGcgCsW9FxYV2mchr5NDuGaxT59rkyEaRs3DyQ2KEQQU
3NPyHLetzDPrFjKBod65nh4Hv2hPaKjzGrSJLKbanqRJ
CmYb4UTTiEaTxE1doTHMAeRmdzkKEbMe58i6XyaWeVHE
BU9GQbSnXQcF59sm5VW5vM4QP138cM6s2vV4p4HhrDjY
6uHDK8Hab9QEy4h6rT7oqTsJrsdibkxBJvouoygxqVM3
6tEpiaQhfspgztWnko89KbY49oiedfdNaTNVueyTUaEN
J7nqiQCRRTULTSSBAUU1wRPMZ6L7KtZyDZ4xsgGHxsUw
DskiBpGg3o96hQbRmaBJTnsnLuUMwUVpbmPFWN6WbqA3
4kkegnvTnUUybz8ocN5QBAN8gH6j1JYtyfw5YUFwfEne
BVFTQzEas8kMPkcugksaTTuLnQJ8ESxtLryk4ngdyvjU
HzrMJkkN5jvD98focyivbjasDmPwPY3AkuB9aG1uAzbH
5tgZsEzJtir5i2KSKRDgx8Lwdd4GCemWf5854NUsZHrz
BKSHSTKLPCF8yyaRLryTe4xXsXjZQcCyZ5LjyRSbTudQ
GLdK1p9B41GRcR2gMHdoMqfcAPVh3igDu1ztimjrJScj
J2B9WCMCmexvhiRjbhHVwXY6fVRyiRPo76TSAhsKppGm
3c77N2oWPrvDo6BdiAtbR9hxGKXmnFvtctV8ssXMPCJd
7fcwxQgEkyqWhCJq4B9ViKCnzdAB4tZohJ8TdMLxuMzH
Csj6f7W2jdSJhGN87QSn9mzwfgkrHUcCRijgL471o2sQ
BvJadZ8g2hopq6eqLHfMYjimVhYmgWk1RC3sqmGgLnHy
J63PQ61AFhZXeupw9j5GYY1aEuR3R6BnAbtfqqAX6DQw
7WxAcmZm7CMgbShQoxKr8HMTDpTntKfiNFca26WBH4mS
Ara5na1a4FCzYi43X2d6QPGe7LfNMwYs2itBNq69GYTa
DxYD1roAjc8Wd5hkJkNGABre5tvLgQkuCsiYASsYtPZX
BtqNPsHVE7ScTuufKgkC5MV5ytZc6hahG8ngDBE4mSAZ
Ab4aR4seU6t7n74GmiTvpsCGCXX99G1j6h616NouE7c2
HebvL7hK8PsZ4HQZwR6RkxdZ4DWWeGaFq9MzEeyWq5E1
GrmTu7SJWZ3m6J3F1seapCFJF5XWpvgPdWoLN6HDkaS6
6HFErPTzWzSWX9Y4ptJb9Y8isu77c3SRy5cnwTqnfDqo
4iyrFcX4gZq2qph8DAvkPp5NEFdfEV124uHivUJgiwKx
5VmnS7bimhX5pkqG6Q79Bu7j5qzzDmVJcvxiyzzLVWEb
AFZJqxNezYw9m7vuBLSkeNyUb5Cs9j1rkPeYPZ6TdtxD
7vuVQPximUB8afgfnjSfmxkQugzSSJAPfsaVrPgC62PL
GdJN3D6hc48vzsoU1wTYaxFpTG1nimyV477z7RQ7SgTB
2aoSUxrKamegqhLZm4QcWr5BPwUoqxTeAaGLRzq8kcnC
9MvMUhQjQH1yE23i8n3PjKpvsmZEcNr92hL9W3ZxXPt6
J6DFtZD71ibSeRvdWbZ3HWW3epgTZm14rwJAdrpc6MPs
4JMQ1gj7vEr7j7dVW3YKdxohCmdDayX4BJMnRf6eWa3L
Fta118K577f1n68hCHGyXTkgCmi5gougmekPv1up5Lj2
3GDeyyB4e9eeZuQJ7XokogkpebshQTWzH4X2djD9Jshi
ACvPUFsShe2hb4ydNhvfKwcWMPBaE9G1XfNXNZGkScAr
C9u28tV9EcKf6iqCxcQvh8M4fnxtWU27vmS3gVwwVKSm
HdxPJw1o9kn3anpd86VcUdo4mdLjj9VMuUqGyANJkP8R
8pCfwUu3diwNjJKo5SpqfPDajoEZo2MzF84hNdaQVMP3
D33AVStLgB922CBBtPnfdzvrZSRFzoghJvSL1ckPnPzw
84Xmx77D6QmbYofdUGQwQisFiaXkd5froiXdpTXMhXCC
7ZpuSrxBsMVQ8z4GPdTvzsVvaT1qEw5yhRgh8fHKdDqP
2S5JDnseFzM3r5ZQ9LyGYZGuduQXQ4SkXXtvRbuD9qyC
Hp1MvurGGDd7xA8zEdntreKcM2opJX5qD1WAApagZDfH
AUCZf2bCy92cf3JsRXf3LGu8D83bFoNWkULRX4KsePi6
GRFdkxZf5raq2T5kVzcbDTprDKie6oF2QNuH5ck1Ehot
F2xCJK7eLUJ173xRcBpwhNHCwGdkc8mv5CpyZ993FDJR
2p4gYR8sagwDhbiDerxxtK9S26YxkigmBwi2EuomunCE
8Q2NVDccSV9qYB9r6YJ5rydMcPxKZV1cArToQaYdE7Y5
HQxn6Z8gJXS7EL2zsmnf9eSH6BZyBAfHdb9HeR5fE3FU
5XnDvcc1TWKDAFs7juQobdXxMWkJ9inRgX2wh4Pa8AEL
EwNi8DxAxWFyx7A8SCCYsY2CxWDPw4QHsbS4jgkyXwYH
7XsQfSPiMMgSTFFWzFrzTbjeoybmN3NroaQdHpdAzd6a
F4UATvdm9o87v5euWtJrQVnD5Wevd66QHmroW2DTxvi8
8WwwQdMPvr9rXYJ4Ahb5717FLU39vs2JwfzWmqTNMjUJ
7RZeCmRg2a2EVF6o8EZq9p5FSD4ZJQaziJQNw22GxD1Y
J63PQ61AFhZXeupw9j5GYY1aEuR3R6BnAbtfqqAX6DQw
FqpC4nnEZ2SRWvoDyBEzjrzicCekKV2wZWC5uGhfuhYk
6aVxAU2nNjSUmDkSy5zgavKcZNKGov3xhi6tUPLnULLp
SqSri3CM7V1GLSoKJJbePSt7UqGpEpiwmhnsJjsf763
HZKdRj9EjbnUBGGdHHf5dLYgmJokJ2MkMkAhpxGyE42e
C95WjH7qmY2sdr5fC1PjY6vRy1WpF9ynY6kLHALZmVHe
96a1AEVTVxCjdgzEW6rg2PpytucvWLwBVJWPdZJCZoYd
EY1GPZJ664psDcr4zi3T2JZFMjrxZtsa5uwXobyarxTg
CJf8xXpjjrADii5HaMcrmHpB9dENMLXJWUtxxfZCNM3M
EFpipurDmX4Lgv7V5TobgR6TMnBSZv734pgcZjWNkmfr
rDNXM3FBaNpgzXZ49VDrqN1vg2P5jpd9wYYSQqiYHxm
EWC6ESChdBqExhp96XPMLXR65pXP6Ftuh1pPAVws4pmk
CYVikdfqKK1SmPasR93k1p6CntrmqGW4YcoSYQQ2TeVp
7RY1fYBPSLhk2PJ71jdE2LWXgaEmKeJ1XdtQh2243sos
3qereB3YFwYiADeruBTKycw1oseRWUgzKifr6DgjsdVe
HyJGn2q8vgYCH6urPsQXwxu6W5DqecVvBNTMU5RnnWrW
55YfFvwjg3A86gqMZ2vAie5eJYjbA9Xg2vqprnh4gYwg
97xAKp8FjyXkiYqTtYWN9ArD7KxTevzaCAo7VCcwLAsK
8rpTMHsGfRALWxX2m97xiT8yhfYRDhVn8SHRe7Fc6yt9
EbiiEeokfGmtcgnFA349JjoZ5EiiqfLXRhbU7zac4v1u
XFGVjd4PJp8km9qQgtmLQV7N5dCSum9KxRrPhdRQzZ2
B4ZHm1cp4BFuab3Wjcbe8S34J3RhXHotww97QzHMevRY
H5FyqzC5iveju1AAZsq1ADQKY4xqgjQnJ5Z2T3W9fTGM
GMVtUTKERYF4x1oxjkGpvRU9yh7nfMrk2U8L8ziby5S1
8DsPehyfh8KE1sTogBVHAMFiuq4kAor5JkNm5ZRHD831
5AaTXf3BFYgq22r8ebTK1Q8zVv4sA7Qpnx2U5ageJQoh
91Wuqdn5v3RW6E78XiZs1zdkYg8Xdop9LDcsp7Yefkt7
3YXchfDQCHAfsasonH6gTDEyZ5ZKJfXjrwBJfdx9qpUS
AE3SPA3rjyzxQF7nZTdnev1Uy7rqJxZLqXQLzCkti3qE
BQB1KrcdAiRu6BThUb8EzwX2YDSMCwqcd7DZPTLRyP2R
H1eKWeHPaWDzvxFNJoPVzrWpsBG6dxahdLALq5sAjTw5
six9qRG8Rve5CSGkc4StmyaXJt3FPknyQLhbQRMpDF2
CYVikdfqKK1SmPasR93k1p6CntrmqGW4YcoSYQQ2TeVp
9DNpAAGjpAhYNoghkBr6A1vfXPNNwULsi2yeMLZNARAi
Ge6JMWtaap3YZbrFVNDqzRg3EbLZXhk88AV4UtCauSa6
6V64Cb3cB3YVds4zobDG2iLXuhqt5J8GSvHHY9RN2o3L
CdXU3s7AFPSoqAdSq4fTXsDeTvgeiVv61kgSYDLDL2DF
CRKcGgxV19vV4xXWM1cPxcmX6R3UUPgQxn7dFpzxhZ6H
3GFSEgAQb4niaJRPjKUFxKpXpyJjZWijgM8pnbk6GYzA
2vN8U9nzR4T6aDgbL5N1XU7CiqKKQ5N9vEwZf7GdRsRh
Ahm38C7y2TfsoqnTAmRhFHgZnsgNjUBmtMAWw6V537i9
J63PQ61AFhZXeupw9j5GYY1aEuR3R6BnAbtfqqAX6DQw
2Kt2edjA6oMUNsC8kLPH31XJP2vqQZmMPNu2qo6BzuCa
9t5Tp3AM2JEEcLBRAg7CoRu57u8i6AmogjES1YQ9e1eh
8rpTMHsGfRALWxX2m97xiT8yhfYRDhVn8SHRe7Fc6yt9
4jqgZr6JVGiJFMX7XRZSoShe12zfRuU2G1UEDaYiNbJZ
FqdzzL49qmcQVXAhZyWHgtesyd6zmn64a6BUekKz5XrX
CE5u7QiCyiUAPk3dgT7YwySCGEcTbqx1t8iZwj3CaVEd
BjxXkzyq1dYwZXvofJavvCyHgemjCf9mxsH3pfzppvK3
BPuTD3ET9NDSyCvwudi66xsH3Q2UWwx9NL4SyHgA5vB
2As1KhHww5YG6HR1WxcYddsfmMgV7MKp8DEJV2kLGZHo
BEybAouvF3e3wxAMf2ivWAB3LeWY8HbMBv66NtocSV1A
HixKvMRNaapShj3v1J96jLMtZuo7wNwtGAi4c1Q5rJV3
HXwpfdqNYevtCBkugYUpkMCD23z8Jd3A5oEknGpMHV5z
AZqsrpz7mfgGYCjX3dxscfah5ULgzjjzreuM3X5wShTx
GMERK987LpgzFcKKsXWecKN87GBepCeuPD69Ps8adcJE
6CfjjT5Cyy2RNgn3wiGSuU1Q2VhrvHo9DxbMPwotzeUo
3mWmN3bfrDzJBU2UbXUfjQfoXUnRonvBfoz93tCMNKHs
FKuiZoxeLopaRLU5yG6eeRFhiK8s7D3i8MQntQRmmxvB
BU9GQbSnXQcF59sm5VW5vM4QP138cM6s2vV4p4HhrDjY
2WkPKh2HqudssFdhTJRdj5q44oTwZrdPJQ2hGbgwMXrN
AAB3c57cNoHvzDWRXoy1qWQLtyv8Re8YBivDdYuLw3jp
BecvL8pKS3jeCG4gnuNa2wW6FCB2Nedy7hfatseW7Lt2
D9UqfagwAQjJt8f7pi3UM2tdj7EeyFHtYi7uTzvnnMQM
5QtqzXJDQbbVZrrWJhWcEFMZpCkcEM4WqBJLbGiPTQy5
C17hhN7L9KWPGCX3cravKVFqVM7ZwQ5F2q9NMZGqawHs
361wkkKyV95vqiZiVHhkY3AgddBh9xn6gQHzLsp2XdFv
9KJbbRm5qjnWBNZNv3Mhk2hEFqqDAYcCHuUPxnG7W64g
94UHpi9NnLjrnhGqzmE5dA7dSvgMewUjxorwzf2wJ6DV
7xZSuLS96Pa5RKkai47ksVq6RUxY8YJFnPfGmxLEPLdj
BVFTQzEas8kMPkcugksaTTuLnQJ8ESxtLryk4ngdyvjU
4R8BKiQax7Qy53MbVamkU2MQudNeVLpGUAzrann3yp1S
4ab9njcEAnRSv9ERFuPLAXzs7JEB6Yambov2PxvaP2Z6
8NQSZ5wpdET6dzAao2Vg13BsiF4QLAFKPSntKAaggbLr
7yKEZFJDhURdfdyH9Y62vUbhviqfFRjyRHfV79Ppb426
DNRrDnPWMKfQsSLCZCa9th1SBsd2n5TYAzqcfEGZafpH
EfcXioTTCSHTxhgib2e7qLg2bFJ8E61JhaSjDjMcij59
2612jpfeDP8FhkN7LAYsTL49dt7vudYrNFwqCv6cYpsc
6w7EJBVbCsMwqVGMwDXuSWa9g3PPKYGZwGn7NYghEFbC
H7E4JB8ebHaoKQe2Z3NAwXniKcuy7VVuAoycx7PYAbE9
GfMjKXvGs7jz4XSQziXngwW2WAcEQ734wwffvy1GQjM
8s5mHXXZRFx6BqFPZxqMKyN3Do6VK8Gv4G9ZwFMeottJ
AVkHWzzS4Re8Ywncwa4oFMsspshbtg3Kzt73C7jUayVi
jTvtkp2XrSg77eop4RcArXeqeby27N2a1qtrUkqLzTc
YzfK4rM8N6y1LSfY5KVNcCCcdq1MxuZitAmsTTqdFGZ
EAzuPsCQuDDm5EyUeSS9bDbrsDrKejiRNJgLJkRvqAWz
E3v3UYxcXAG1uEFXPkUVvE6tvzeT1dqWhwbPzefexLSu
61Zcvi6pbqafPjDke76HPVjrKyS84VzfkZUSchuswo6Z
6WuxbWMVGJ4HNUKnLx7n6vMZvzpokVRR7Ua1AruCmP3F
EQFh6gCBG5E8RfDaUKnVerJYmMDzpYq8rGm62UiX5XkH
BjDCRTKYGbsgojvWD88ASG8wEaa6W5UbVwzFmWWuinZG
5j7xBjHcry31UQwsHK79JkU75sJhGpoFhKydxCBqR4m2
4vADBd5n31Ccaoe9A1gRRefzCU3qz5UHinSwqvA4UUHQ
9V4i8VdxEHgjQFEKdXT3N4nFKRtNtkKCzd17SjxVWLSo
CsGZDCNuQvCXo3GQw89TsD8nzwfFXBtGTyx6Q8c6KGt4
F1uo5tS4JzGLKDQBhz1DdoyQf4oRjYcynHiCa31dRCrD
996Kb1a7W4mqbR6qxzEDBHJtaJv8bnpWmegLJxMtpg3R
D46WdsQJHPbYxdMQJhkFf2AnqHSj9c3rQo2nKRQ2G1gE
8WYRXiQXQSoAMw8A25HuTiTmkg2Ax5YTaBxmHZk6s5LY
BsAP3ycWtPepwK7Huo9WYT5pz3kyTPFfDpFYUCtTYsMa
DjDHfwShdrvgVJHoPeGX3a96aWrArhYPpgJvg39QmHJ7
urKQ3q7qrRytMBhoJ8jv3C3743RVFaV3wE6fwPoxmmC
BQ6W2opUUbyd3mVpTX1NRgFWgqBxyt3FSLfSR6TXQRug
4AmhWak6cSicwYe75rKeb6KhafnZyLvo393KzHWxHcSU
CKyF21hZ8rkgHG8UA2iL2Ujso3jrxYueXsZM8zeA353D
bae93fAqQRbzRBwLnC5ZeDt3j5uX23nD62B3pwvpgXB
BY3t95PgdKNK5ZsL5wJ3Xa5gxABRuJmYz4ziLBXXJZNr
HExH1uQGJ9z6gH61JhXeZyFwS2vcUyByPK1ttVFDD87P
2CuaTerUrc6MGvZHn1cDGpsPDpzquP5mshjEkjXn4g84
5giEfhcksSJwexdawvyJK6mPoGGDehkFn5obAarQeUuK
GnpVMfEE8ykKTpmzAy5d4SEbr8zryzqcxSyMttMeQmz7
HdDSJakczqfxKgZJL4fGsBVEeGaKMJkWFCkxUimwnzFg
DC9r4aJ6HZZ9pwCChxcFxgWExKgMuRM926D344ikVZwT
24sfBvg2iFCtnLsbr3zX9QFCVeHbZwJaxj1eXifZDsgd
DUVcm1KNx2o7ZtAZogqpzKQ4MiiDRvQs5DVbTzVGsymc
5HaSTLxZstbFDnWpTmCFcMxnJdFwivm6ykcNxYa4yjtS
CEeZNPtLriaQZFiLbRWYgCfFoMeS6MXheVkLB2Grdkgc
49XSaaV2BH6SZVVHFvfmqoXuFon7tiss8gXpBJZZ1rn2
4v18nk6GpZGE94B7eDaedqLtV4UKVnNfGQra12UfsCEG
CgbJxcA4DS5Lr3SvsAntXDWh32CMYHDRcMqcjCeUV1im
CH3T1cTkevM4DT4PTc9ozSSBxLYLU6romerxjEDdq6Qx
7v4q8gUztkXvXnKF9XhmteikD7zQAzfR5pT1bfEteDKy
HixKvMRNaapShj3v1J96jLMtZuo7wNwtGAi4c1Q5rJV3
8sXrWe21kjtb5M1rh1hfSM2FvRnnnmz7LrU6VqhRr7bD
EzYtGqfYd2myPYw7wmZ49LqGEi7tVHbRiU8e9MwPri6q
CFQrwdKhJUsRb9ysErvAeJAy4FUqtAXjrxBY5HjHwRnj
6cxR31FgTSxgnnS2cdsjhpbzyzYhpdJVTrxdHmnM3uBw
5Ycqe8jt98Eyz4am5a2zASRKrmkaLRa6mZDJLHWE72o7
bae93fAqQRbzRBwLnC5ZeDt3j5uX23nD62B3pwvpgXB
32n3fn2iwA8q5RemUE42YMmkG5xtzbFipdiaLqejUys4
AkniW38RQkEVKSRS7pYe4qgd82CRbA1JErFmyZgFnHdM
2pxTva6zNPVrvHKz44NH4GPYiuVzzUJqeiNosqHGYdVH
E8pAWPsMpvuvxU6pqJqrq7yip7n6VgzpAcpdqbzcV8Nw
CmKbwqVuv5C67PZYgsyW9W6bTUzBybsJm5kNqHp8M9fR
5TmtDU7rU3aDZBqjcYP6YnRNF69MLRYS3yQT2QckpU7v
CUhCSd7jHvycC89L6EqMoDWcWVTXXHhAeXVyB4362qZg
5oJPbZuRqF7zX2wSwdJiqxrFE5srevUK9HyBqCAyNtwk
DAK5W37U8SQQYZDB4cppzMLPeYfR6qL7Q8np3qrLTeGT
7MbojgCnSe2MwTrzLgRGhFzewERApECsvkK6fBNERdZV
ALhGkUSu6MsAVJSFXecaiUtyjqRTNTkdJknbzdjLyZcU
97xAKp8FjyXkiYqTtYWN9ArD7KxTevzaCAo7VCcwLAsK
EK4CpM8iq8ydfUwtTVfyzxkc724NirnDgpTuLvuL3gey
AsRzkcSsQCum6Z6AA6onHkXYMKXZa7Ccb8AVSUdSYHv2
HHbKXTkzWxgg3RUeewaSuX6Y3QtSER9MitTSW8vVW8Z
CJf8xXpjjrADii5HaMcrmHpB9dENMLXJWUtxxfZCNM3M
BAg5SNJK6qmyzoNCDrqMHFxna7Cj4yXAPMR2AQNvYMY8
GfAbyhU4qKso2J1PaQMHX98CXJ5PHyQ3tLtfU3mFrM5P
Bkhh54LLof1StXqUZDzPKoPdkWGKFhtdydpWxbVt6Fso
HZLexbjCQdvbshbM6ckVeqLzzA4JDmbv8sdwB3Cf4nCb
6aVxAU2nNjSUmDkSy5zgavKcZNKGov3xhi6tUPLnULLp
9wZREKu6Rriq8zjo3Tr3Vdx7Kq6YHvw3rcJAPPFSw3xC
7N6Vqen7PvFwZY9WwDPJ7SJNxZbSnjT3nwai32eYPUg4
6x3YeSgZ3W6d3CbCXjihYuTdVhFAfoU7A74sjjw8VcR9
6dWYKwXPMgr9dbsWsE8FgsTHgHudFaF8vvaQTvYcHnn7
W8SuooTMWug8rpgnK8B6Aa4YgbiggmuZacesEUeE6FW
CBs38GrLkRKrf6ciZkBbD14BmW43nLB5Hj4BX7UkNhLF
DDFK1TZQtwAfQJ6UypBx3CwnhYT7hwVnMyoxupBU3HfU
9puVDyQtc1dqWUxGQ4j169AZBvrr17hzF3zhp3ZkhZbw
6aVxAU2nNjSUmDkSy5zgavKcZNKGov3xhi6tUPLnULLp
GzjpZ3LMWMMcvuAHUWT6tPnaHBVNpYQL6AufGqHmGndW
bae93fAqQRbzRBwLnC5ZeDt3j5uX23nD62B3pwvpgXB
9BzDPpoBCgy6UUqWh7JfqnkPhY9PyycZ9Zx2TqvE3nLz
kMpkKtFx8a3wioDevgadtgdJhndUTfuBotH9vMW1k7c
5CNGisW6JCYKC22fjCxc7CHkdk4ekKt6KfJqo8ZxDTfi
3q2Q8Wx3mfBh7Aej4N9x77d2Noq8aHGHbTzQvmgC9jxK
D93kp8jmVDxZwo2RgQqumo4hwwwcsHJyKyrv3vow5RWe
S3MsrJCCyXA8syCsDCgVGZUdWAJ4wGrzJ467ooaVDmj
HqekrnfxxQLUxnhWCrY3rt5V7wQrwa9G7dvxpWfz7bgb
2iqQzjqgXVhKy27BEWtmA1V3wfN9TtxFnpNFXWZ5o6ih
8cBEQ1v5QUoCFPuL7ZJG6U25SdveKFcdK8UkAvVM3Pub
CH3T1cTkevM4DT4PTc9ozSSBxLYLU6romerxjEDdq6Qx
4JjnU6tT13UAp8fgLwQYR3XqR2CdUT4gbC8ppBFrYyUy
EGdzraLTk2pzfQtqAEVBkAD8vikmQzui5xMprFqHnG99
CgefrEXcD8zJSaDJrVBgVC4hPBFans7fitZ1N5UTZoj4
2RP82osoJ8QKLa67eAZELWkqCJbAK6iK42E4SLytpsd8
5exzFuYTD7okGH8djE82CHvWbm5fQjUztZhmjtRfsQUx
GwzmFfkvxAQ24v8rDULMi6Hkr3HRoYXMUw5hwfUpaZCp
5teh6okQrTY3btU8ygZ9bJmLtboodbReyrzwtp9qNvBt
6SjPdBEbC75nH4iRRQzm3UFhM5s8X3oAunzmvkcTyV5y
3BdFuqGJRj9jJDfz9BcoLRM1HbPZk91BLv6upPnjsi9y
F3hzbLTD75Shbpyu8tdztMhSrh9vZ1qMwTCopx57A5wU
DajLww9JAzbHx6VNacZZWYKQfUukB9bibGRcwwHs7e3P
C4mnH2ZvLyx7XxH8iUeJWwFU1ZGw4E4FTt1oeQkSnAZg
FxqCgkXBXFrcTdL7UiX28Uj6BKtuf6FV5p5EFAy2Vw6K
9mpWxVNp9av6kyYkE7pyizaRhJkVMFHPkX6tnAytDnYb
Ci6AUJN9w8VY6z3RoJqeJyKpRPdx9uvm7n8nRTPYGnQS
7PYmMqF6oEzFP4g6avSxUQBkjCVp4FQYjiAso5MNsuz6
KWGCXVnaq4KCsHAW79h4RFVbyHQZ4eWht68mJWnmfg5
bae93fAqQRbzRBwLnC5ZeDt3j5uX23nD62B3pwvpgXB
7Wi1Zm4GBv6YJxqM6K5T51LgUX2xnqgWJ6VEG767Wbp9
DqpRzMNQRkLFg3TQy92xkfthStrbqfPzLeGrz5WgeD55
ByaEZerF4pLneK1HkMQHZgSEijkioC5eu6TpX9f4Gfot
4xU8ZzUhENk9W8RA5ZcfNyoqwrRyg6Htjeb1tXQ9XfwL
CoVHXZysMuv5ZtqtuEhmUh7YB5tuWhFarZ4xqPNQW55W
ACTdfBcRqkHYELbEExZEqd2jD69Yg4CMMyBYDvqm9Qqg
GYNT1qUj9Ew45WpHaVZqGSz7R97ve2EjJEEfTcNVrJvQ
2gjALqXCJFkELrsisaL5Po1vdMkwzfE5a7hbr3YJvUnN
9KtcWdeMg4Q3Tk1bbG8LBcBXDUYcRHia1ZuKhtRu8PLK
EczHAfEajWAwvFQ6t8ns9rqxCr5XQMqqfbZxBBJBZByh
67mvcnEecy8SPtqBq6xyDEEmENGdKub1NHXAL5zgCnxz
7z8yzrXSzyMkmbcbAo3uy1tLcZDsTdwwF327Ty4PY7PM
CyTPxTyxcYK1VJ7NvZKGL95mkkjkxedkPZSjW7r7LeHC
97xAKp8FjyXkiYqTtYWN9ArD7KxTevzaCAo7VCcwLAsK
6eej2KW9qSgcCtwgihVYScMpVo33DjXghJ5Q6RB4Woxr
7ZffkAy2PZfKo1gupFgvpx1auyrsv1devo24pVtUMtyR
72GAVS85vyaRypoQavWSZ18sjoNWyQscnXx7J9BMupQS
Hn6DxuGA5STFG9q1ztsqKHk5YS5YwaLQNSHasn8ExcY5
9CMwN1jnXy8c6FiYQhgQAaHBpXv3gfxNZ94CnREJM3ZN
74ecjMfRg6EUV2t973oU1VeueQ2JTXLhXhZcPXFVtYM4
DrVCSz8B4kGfzSqi3Sj16ehzLTHzFBQ3KoHHbdrnPFRz
J5uMj8xaXj4Wu7Gg1FPANybS9DowQCEt5KfW3ZhsjmJG
DVSaF44DrAeoXoQTCwQxFF5rFuZ7atWN2puYybj9HSrd
5LsYixox5LC5iw1axsSMey1g9wyM9d3BK3MYTXu8pdsk
FC4LJ1JNAb74z3mLGfNesda7cyuzyfDfFagLdCRYPhUJ
CfZzroU5Zg3EEnmSdnURwu49XAdsUzJLqftAMsB6enQA
hF57bqov6UrfrLybHm32BmoUiKMFN4Eo3Xi1YAeRZpi
HTEC7iAwEqhM9K8U5m7t6wzYJyd2gDZDoQtb5LmMSjjz
FXkMTk7iNBzUGXamFXEVrM9ara5YSciPHAUZJCt3dmsj
J8vxiR8o4NvY8wcR46iuSpSAjXhBwGCgrbo5LWA3corc
ACneqmHM5YAMBaQ3vKeuMrSgXa6crxmsJHgER5TsHCDU
AfYExBciqT9EnkgRRWtEaGmV5gTbGdu1cFg4WLL5XSco
EAvuBWBiTo6CmdVAaLBoNMv4e2cqZLsrwJTnhNBSmj5j
AUb9BJCwRENCtP5JmWKBxcJpv7nektMfHHi6UXjwngQY
J93Difd8Nya2C8ii3kjnbPyZEVKPTGu1KXaxe5wRghHd
CyeixoYJqchPT7ZA3a6dbshUTSQxwhDLUwKjQPZWfLQe
H1eKWeHPaWDzvxFNJoPVzrWpsBG6dxahdLALq5sAjTw5
2PhHTtsY3Lc8bnmfq6QcnezpqcwdKYyvkvXVzjJ75Aw4
4SwDAKnt1ntsUKHaaM19jaajo9jV9xcHjB6ehwTtjkEt
Fb91U5QEiaicj1Rn56drPrE5xj4LiVE5eu5UoS58wH6d
GRKqLdY4K4VhQC79Sa6EeNpSKchuXGKkZELPAUtg5UiU
DrzrZh9SaJJBn4qsX8UwrqhUT6rg7tj23zabRkhd8BSi
JAX8zEzuZyCMes2EpEhHBnEgzRf1zT7zPszVm1G86vut
GZUSayuDPDJdR8H1ar7fVGRXfXUHRCLwB4D8QoDd8HPq
8Hj4C4Row7TkhXyG53NaofbaJW6xYmZCpKPzYLdNGJ5P
AqC1NuM8Mf23se9LwuW2C6tRvE5GUNpKveN8wQmtpfXg
6FkJhcmuGmJMRovuebvEiM17gvhEWtVADYYHPr44n3qW
8w8zNnvPHSoUJN2HJibCPvZePAtuPATo891ZzPEA4Yik
GK9vJhS9Za4G8x8PKwj2WCXKnXsnzUa9TKEZw93KJEig
MvogSQTXToXV7MS8hDbvfWGoELDtR5Z75SGMUNiUddN
6ykYU3fWNQnoNunJKDLSVSZWCMPoajoE8EVNzKCYs9qT
FjLV8aGW2uKPqu48RsRJsArHNA5qJZda489eYzxgqj9t
CBuxRb1zie1iX7YEpjUa4B2Sp9EBFAFsbRSxPyGGfFyC
FK2JSm8HV46i9wevsLUFN1fufWo6MrYzunXQ8HwhLM89
39YD5rZrsz8mSdtyVCfwaG2cAh5Amq4wDAgqZEtgXLRj
FTRT4QtQVzhTLTfU9Da2KMgbQPmD2Rtr52kqPAuEkGBn
7NqUK7rvn5aKyh8Cm6kaVtmoXnNpSGGHxaHgKABH81pD
Czx8RMTnKH34xgsPNLMPEGpP97LMBfa9iRvYyiun9jwS
8brgWjumuh93LUQ3RD64gWYY6DD5ZH8cjX72JzBwSzwA
BhXFjBAL2Z7nPDyXXkhzNDV2Bz4MSB1pV4NvAahrcviM
3m1JE6nMWGDzCQLMxiVNVa2H8F3CmDVgHJW13FQSUkfZ
C9u28tV9EcKf6iqCxcQvh8M4fnxtWU27vmS3gVwwVKSm
A6zjPuiAi2oKw5R4R3kqyfWc7wzciKnTHnhhPjbipnaL
CcD1xV91Y1hfLqH11nGQXD4SarXgwxwRVT6EdziJK3e6
HZffGYjiuNx4zcY8sBYzxsEz752iaubxTuzeEqxQEsmp
4mEYrNREBxDWynMnTULsXWjrFCsXeFtaajjhAQkY5Z29
CYVikdfqKK1SmPasR93k1p6CntrmqGW4YcoSYQQ2TeVp
FyBf17XqhMpif7Rd3pKUSJXGQXNcAjnwaUqtHNybbDt3
GUD2WPQ64wBbYGcGAXjsSD53S66HoKHjKmgz5kM6V17f
4YxCsyisJmmJs6ZzQ2ShE24LtC5xoxcDEqmbZ5vTkEzq
3A12BaejhfnW6q2uAHa1pcADTGyiAytJVFyY7Me86ZTR
8eqvPBG3bHFpRfHCxKi7UBPcxUopXyhDMEH9r3Fg9QcX
786GyQWgAWgdNiLvDcN7iUpYwS4EWBotuF8uGePR28y8
6bDjJpMQBfQn7tBJCEc8M2J5BKXtDcJHFp1sBPe3CS6o
BcSxzXBqEFt4soGy8kBfpywpFiUJNCiHoqMSXDDhRYPu
46U4iAoiZNggC1DNMQtg5SKTnY74HN5G4EKki6wrbjwQ
QsSc2YpU498p3hDvUze8frZbvqn6wa5KuPkLDVs2nya
HZodz3HJrhXymfQAXvm8H8KenmT7rwGogrA6X8jag2oy
HQfnHyBPzdnMYdLmZNnjmdrGD8xZsg4reB9ym1krEN5e
8A5GB1e2iSdfpypjtvAyL19jGTYquVWXwMBBV6VDK7Zw
8XW5X7k4bU1fZzCVGPVnyVRv6iqwXqG284DnBpszAiuM
7Utjn9SDMwnHV56hqvi9TwoEPTvPG839oBLQxuMwVZdX
CbXZKQJqYpMQCY6ZWexEhsaUphfRPGsE5GKfTi9VDCQw
D5dJ64JR2WZhKeLCC1tEkkjiQZ7Uo77NMDCaQAmGqtLi
J93Difd8Nya2C8ii3kjnbPyZEVKPTGu1KXaxe5wRghHd
HdxPJw1o9kn3anpd86VcUdo4mdLjj9VMuUqGyANJkP8R
HiUjBgoomN7PgCZFPdM4KC8aKAFfsraRpTjNKnf8jxww
DVxV1fdt6f5AFHmZ8nUgBBoXrnxGxMGZ6vZgtkT9Zb8U
2WsSxXUgDtVjQf4VGAsAj6DNC9rR7eiDBoynEkxY2uPa
Dyh3mtoYGFqDhcz429WYn7CYcF15qTJpAiDrK2WA96tL
5NeRMVmKVGEzsKS3MqiVS9iJb54hxGVNs96eAhz3afH3
9NJBjUYQn8be8dpKzuQRFVdynnV6dKYgtTpt3tsqPLsR
9dFNNcoMyzAJwFBz9mX7MHSbiSqSX69XZ4wNPP8FdUQJ
2VwQcrNocqztsvrhur3mqDTyDGHZitQM5z6Lb55he8Th
HzrMJkkN5jvD98focyivbjasDmPwPY3AkuB9aG1uAzbH
AwgVoyFwAwB8vH4KnsRCGdfuaCoVHmmrT7okuLJv38dT
GXPCM79vJorpa6eUtQjDtvgb79QDrNqKZVX9HazD4jcR
8j3M3KYvBgF9oTDVDqieLo3zRxgQ5vDHsfJPAs2TKbb4
8ziKqPdreu6f65RiX82f729LWxRzpppWnCoERopYGzmm
7G6NB4CzECUDH3mEU9J7XXJm7GLoVoDJ3d528ujRGWXW
6KwjyM6Yq9gMGHJL8wGirEBH6hCEaudAGZ5KDsXvKENm
E3Efp1kgBksFddsLJBJCCqcxfZGh5vyn4Ux8hyQxZxWB
FpEMrGpRazTPpFwS2THRhuRt69GZni56zAxmgRXDG5mE
2MwesFNFhs7ZP8VZMBg66nbpg6vwmgTnZNnNyQwJJmaH
BKiqn4ZXY4k79B1aMRcBvxguGxB1RNiWbNza8tAkChSU
6DNn4M9Sm4Tt6qTXCjmmeMJ2QBqeQAwSXwKBEHDVYhAm
EbfwUQoMi8vJ1HZNCnotLH59xYpbPSqjAufDyZWqaTsF
7UZkyxwnCVVz1P4rQDujdKDVdUCVNEyPiHJiNr2zTLDD
GGut9DeAcVyoQiMro1fMXm1fKU1uWKZ8HC19YhYvLuht
7gRnTdsyyu9Z2HKqa7492JkTJtRfAEssyYfXKcjDzYwm
FXCyZTAdo1yJgkLiARwWT7GSDVAaduR8cK4TRN2Zg7wb
6x3YeSgZ3W6d3CbCXjihYuTdVhFAfoU7A74sjjw8VcR9
1p9ySCjF1nM8MeX4TjvWj4uu3C6ntUdeWDLyH2dUb2i
GWuAeuRDpAwKDxnVEDRW3hYn87dw8K91ZLrhhZUCftnM
DemfkP3jmw1ZZLMXM1vkwVF62LMyN5AAjFtquBxbRSgw
C9u28tV9EcKf6iqCxcQvh8M4fnxtWU27vmS3gVwwVKSm
Hew6XJcEjQAx2Pi4GWogr68dmbST24g9xtumKBqvhkdL
2a3Mm6kCcHoC5zwCZ5ETm9jzFuFhUYBJ8zsPj32wpPpw
3GFSEgAQb4niaJRPjKUFxKpXpyJjZWijgM8pnbk6GYzA
3A12BaejhfnW6q2uAHa1pcADTGyiAytJVFyY7Me86ZTR
4Qcb1VSCK5TwrXobaAGYjCYmU6zjx3zc1x8GurHA3bhB
8tb47EvpD9QZ6SJQsGHKJCDbEFv3HnyWiXCduXXbKPzR
6dgB7mmyxzcobztUBo6vGzcYK9yp2e1p5giqrYRHKaS6
DskiBpGg3o96hQbRmaBJTnsnLuUMwUVpbmPFWN6WbqA3
97xAKp8FjyXkiYqTtYWN9ArD7KxTevzaCAo7VCcwLAsK
B7U5jfWemHisNYef6rPqQk6bTABU5h6PcDw8dJc3Vjkt
HFqbempFrTudgpE7mZ2U7jsxfuJcgH9DMprLKLNdPs7B
9t6qvAz3Q1ZEXCi5LrUJn9xMzsx9Dvs3ga5vPMPEVGER
7srUnsGigLyApFwxw3MgNawzDrEkDYpjZtoQvBi6ayeU
97xAKp8FjyXkiYqTtYWN9ArD7KxTevzaCAo7VCcwLAsK
Fv9B3iH37xap5fv4v2AGKSivaZWKNZRC8rorfwtCStAJ
AAB3c57cNoHvzDWRXoy1qWQLtyv8Re8YBivDdYuLw3jp
bae93fAqQRbzRBwLnC5ZeDt3j5uX23nD62B3pwvpgXB
2x4bYCr864KM576uoXnoVVRGviA3SxgX9oA3QwcnXPVS
H4kVgJFsbxDv8a365rvmag27wXjHJxoPvp3rxqGVWHaC
CzBuPFMJQbPLw6k3B7z7KNBwMWfJZZKTFBYZLhYB27N1
AEcTQCBiJUJMvGt71t1PMRLsX9cAjxUED4Zns8kFZzQm
AeSqe319BHz6WWDFXvwbjwdHxoVuSbu8Uor2YydjRPPV
7dEHcPjm5u3ghorGStN6TirTvNednPhhmEjtfVrhehzv
BZfrVXv2chucEAJ5UjAGDnwWbjjqtCjbQQ4BWSvecRcX
