ERyvXwAo63pdBhZ64qLUCpSm43EiBu8kMqSXfp4vL3HQ
CSaVERm9hzjAvF6gh7hvRHgLmSpsGwfSAyGkiS8EATZm
ZCb9fuZWGxfjPSfxDMTwz7eY4ZNa5B4d6BsvtPgUz69
UtQQni7PLFfpo14duj2gdArWpuE2uZdWGfikQGijiMs
954SwaeEjWTVK1ge7W8ZJkjH4Yw8hg1ZY4h5pbLFnAmb
84sgXTzxY1c7HmHiu8UrYkMPk9WQmE8sqxpp7oF2ozsx
B1T8ygpuswLn12uuHsSBX7NH7tKRzmG6ZfkL8bqL9wRe
963AoZEMuiK63AYY1mAPLfqwTKpZjz4uEdzS1c7PQ6hM
3uMCcDc2VDWqdiDFLyYL7xKvGnhijErxqoQUrZaPVbz6
A5U2KBRHKzLU6a4rsbYa6wXiiyAbZhBeVWZtk1CtVp7j
BFmKSv1Y3QyBS43KeGDF7BMTRg3Gx6nzgmHb1LPs8d8J
FqVH9L1zc5D7kTGvNSEDYRpuchzwRg12W7DkJrmHmQ63
2pCrvxvNe6JAJHUKXZHVyttUGT6k5riREy8rVBdXXaoP
5ayfgjpRmP58FqtoyBtWCGFYmFXx1cVX3bsCG3pfsNzF
C3zpaJCXGumjbefKMkmRvAnnGX6Rr9c4Rhr7H1SF866q
CVihtVSPkSWetutqKJE7no1wU9a8U3NmR7zam2Wr5cjv
FrQYaKMASacitRN4sPBoWiUXZxwCi3dUECT4kYgYTE2J
4pNFDU61xxCcbGoLXque4vGafoTyPZ7gtMjuHMTvoTRH
4cL5dotU1PQxWuPGbzJ1fvhm2BZ91wKgoK5EMJrNRSbT
B5UWp6eRHWZqWDosXshv4bJhxdA8Jy6BJhE6ZdHBUxSB
3axXybp2BJSdQzwTP5HpAY3Y7a1Z8CUvR3eKQr2g36Z4
7gj523Xr5yzFUsHMUbyAiWm4s1zrQUJWwnkxxko8howm
9Hs29ZuJ3hs2LNNQr3ifsihbmq8MssGRWTGs7oQHvJBN
DCcY4kp3ibe4QbsCEo1wUdhyb5ZgerGe8sa8e2wp9bqE
ACbf9vboskYNjxmDEuEeAg6rNwJ1Eu3vDrqvMABYj56J
9ArAYXCpTtp8suuLUu8nSau7SDqJG39ryCnieEMqPxZu
8LdWhnX2zqCBGt2wk6C32pFCHP3KReJE5cqM866nasRQ
24E5We7CdFJ5TPk49X7XcMZ2e2GhZtsDuEjEmp9SvMFt
QPD82MMkJVx5cEX8y3LFVyqD4Q63ekcg9rXiBPFWxQw
HrGYXPqoTXq8aGbHnkHbvGC4xfAZcb13NMszSg3Q5vQ6
GG9MKsJBai6YHjxNogbFypaSJ9AqZu2MghZYJWZ1vdBs
A7L8UpDbAamt1EsfcFBPdEJZ4t92hLzGmqGJeYZjfFKy
5hC9fhvbgLrrwb97jBxQmShVKtkyRddVpRDHWxjSLqhf
2Gqj25TNsJ2f3EGLizkLMTye7SNn71YghXeHtQZwnd6W
6Li31Hfpafsd5KEoFczyuHKykWVh4aiee5o9zw11amLX
2uvMSGUBU5voAZ28mHPWFtKWKn4jfgUWG66wfK6kn5Gf
6hAwkj6wuu79bDoESJNNhiy1bXiKtpXzU7wRgvYTERTj
A2bhYxceKBisuUZiDzWwS989DfqY3U35exMUEixbLWzj
DpG8ZgpALAxofRgyAbsU2pSy35Rvh1eRukPrFBA8C65k
6FTZoJD7Ko2SJrS5e2krAxGDeXU4NNbtLqViHTsR73aQ
6M2fbqH2ixoFmRD2hQjoHsmNtUajNyi8gexX5wTs5rFM
7Qp2awRztxjAim6ghUtnfMqahKCt6it9qf1F8q4tju6g
GS6Ap14JXu4hiYFgo5Dij47nme63FdQvwv9YjS7gt4Ls
6YyJBY6SbswH6amZjgNw1nkZhd2Y7AnimvSrtLZN8eSr
5diLCFkF2pCrpLkYfvh291N1S8o9DvZZRMdF6xajRjmm
7dEvuFQvrVD9rNUtMtta1pgjaBXSFsDdRa5kfyH2VRRA
BS34d7W4MAgiQacyveMZ7jeVDuqXT6cR1pMBgD4xtBot
4USui8qfuZCMJiVscrt7VBX1t1vKjnWFrfB6H8M2KrxK
62zMpQxhdrmWrtJM4JTAcfYokQGAaLCVwZcRjjXUZocb
6sbPbHmTtULpEdiGuZoUqbwsvc6EmCn1Ty2EjipU3Ar2
FFdNX4Mv1MxX1WNSfbgcUs4Y4jUSPvzrGHdTMWARqbnj
6VYujEe8P8hWeGoTaWNew6CNmfEM49CVAHiLPfaNYmHT
Dqg9QzRaD4y4NFssHZQLmr66sDxodPhrFLFHTNEiTp5K
rgR7nHUS6K1TuU6z5JXJjnUAfTARC5Fj8Fjq5Z8dtvP
CdhpP2iBR9NbVaNsbYioE8HJJzXCRzpT2jXFhb4FX955
329TFtDDEeLu3GX2JjDZbRHh2Ym7mjVoM1bggjUZDBk4
Hg9j5CxwqCw7KZvEq1vRTtRyQw9jWAeHLA1SDE5xLdcH
9bkHuKQpQtJngBs6TV86a6EiPiEBb9iGUhtPmEjGhsvE
FGvsLrDMNviQ7jLaSEJKbmvycNnC5fGvnTysbfhtAwL2
BLHBZxcAfQNPt3WGaYov2CwgrQ7GN4CUdh6SQJYMTFGb
5V4ncPF11qu1JAtTnqzt9xwKRPT2nVkX6QQiUF75pjBr
AQ7RyhejWoidEiXqgQbFaWsnGeBZUZ37s5Fjubw9HJ9N
9ojgXiNqCfHW9jUCHawamCDbXbzNNEJ5Ra5Bv96Rx6bu
9SUMGD2EAyMiXzK8th6Sifjh146SBNfuPSu2ZUHX2wwR
GqU6ywTgvxUv6TvEwuVosuavEvbCTAXZgENd5c544uAz
6ZRWNNJZsKXs5SKzXMNQGix7q7tyy2AD6ESPpZJQbw2y
GSAGL6WnEhLiMh2XZaCrPuR9sh72kWYxSfDn2cfB5kvz
CFerYpwaPdYscBRZF5WJ6DBomDCHobRqYQREWTW7mYCE
2QpRVbSXw51V9seVbFDAFcCt5NBLvpxTAxK2RRoG8Vz5
761aLmQWUxdvwNN6s1D63RWiHDWcTo1358gyWDgcNZ5c
DWuQTxCTsAFuCisfm1egpGqnYAbSyTiJoh9PszWCKiQK
AACHKG4SNDGmFg74zWkbCAiQXH5whozE9cTx7GP44DED
D2yWgx8SJ6YrSbg4W3iNr3DiuXuUunh9m8YVHRqmKvH9
Fie3nYzLsbWsJZdYvhMpz36kRFvXR5xSJAxtKyEq3gUn
8zrgRHjL77XkGqDtKoGFg5xWiFPKHpRzWjVPLfu2zrcG
5uLfcLy1Esrb4HYraj6acvqMUUH7csM2NgodeTxZDbrV
9Zrr9qdoGGf4uQ5fCuxpQdyb875A7xhHjNTiW2sXCFKT
7VH3xm5QsC6vrPdLWbNpQS4ACxHqNmyvi5ZiUJBo2ZH
AmdqS5bb4zLBre55Gjb9AzuWFikVUPL83F6aEw4Fh98g
BeUtsS7UTo64vQhettTRK5DqZ7DjTAd647CnSQhWm1RU
Hi2Bqjb3sAtrKtSEYJLmwLmPQkPoYrnzDaZXTWCjBMbu
3neB4RzQHZsfnEUcBgXFTq5hJMbFugqyjmvZLqup5916
AgREdAyvfe9bCfPtYFSqCJ97fxR56eUCSLMPcKH3r5wx
B9ZcvYj7q2r2aUn6iViQMQRqM8ySr8h3PegUCZpdhokX
BAHqyxmnzkpfPc9BncVQJLm37mMaR8QyCjrx638agFnD
8FiYaFbumzutvfD9DP9RZUGGFfP6MRK4VAGgbx7GV8ZQ
J5t9dK6nfVDodTDDJvGzbVBMo1SRbEcbaxYUgZTEmFnv
Rz1JsQhKKrsz1MmpfaGYFC2HqoqJe9TC8XrgpoACLyx
2Jj6YNRgYEMxP8SyShsKooPS7uHnaJRBx8mutADEVD5o
7aKgmZ3astinB8qBgRwkGCYQzMArPUWFf2mLpQwck8UR
6R55vFkjpSkouHidFwfsFzzUYowGugwZ7u32HtXRAXJx
8gPNNQ3EPhZbCoLDsixcL5iYbZSYtrDkdrpxF6TgaCrP
EW2h1aVynkkodYotGV8A1eW6oYyJpPXTiPYqpgUMrngh
E4MhfAgjCL1aC85xh3JAiseXjL4XzZ8V4rES3vtNKH3U
83dUQG143axoi8WKDnAqGKJoQfkSgNFXb9xZA4o5TSKA
7QjtbUC3o7nZzioFhkyN36Et9p7kajiGpTrtcuRbM5RN
F83QQQrV2NUSZHDSTGVYkFxLXhP6EPRH2y1iGTGJx7V2
4fySc3VzNDoaPhp5AWuCuxRooutYoBtV54G2vUcR4oBY
GDhXok532BNZSdmbbUiDRD9QALQfQu7yUiyVkLkEqZXr
7yQeozAcPvbstxiqWoZPgY6qws8Huoeur1UtmTEY5ian
7E3CfhupDKysUvBkmepLw6xEzK68cbGGv9jsacFXtYyA
Ch7pEJyGZe9ZtsQeQseyTE2Byzf4iSL8bpchDjHpu7Le
JBDkHNbYmtoqsi2jciPom3Afm2mj3C99AioS6nd8wj6d
awyUPdFkenPPSDXMh5zfkopGN8hVQn4j7VbrXKsoWVJ
4EnxkEtYRKe8qbZDPExDhzWWDx1bATagwhpi1bEaGmG4
8HmXWhArXMCSvef1Ttiy6RdGcQWtRs4fFaxYXc54AsQE
BP4H1vzb5DWPHhJCBQCvPrWA1KaiGj1e89HeSyYkauyV
mxE33rfefHxd4KSrQRnkFiXCzynDDNyZ6LSpFWbz7LZ
59rWH3ozck7vbyJ2MY5M9mviLmX9CtmygZyw1EpF6AjL
HeTuDJrdJpByRR2G124KBVKrvv9Pn2AYNo1PwQTxSbho
GAoWZevhVhFQ5gYB6L2UwYVBd2wqeofpSuhAJuxj8TBH
6cSBS26s6ENbkECULpqgYGmnrZiFCnMAgd38j6DXU9HW
BgDhWGsCfQWaCiQYqdwdLXg7uDfSU7BAedT4Kbz32xCt
Dkgj2H6o2obqeqyYKJNHxXk51ve9Txwy8QsC9xja7Qh5
EgFBXeA2MqN2QhcP1U4ZPuvAsWKChwUfLmGHjZAUjoNX
Bf4eRK9ADu3aRHiQvbLaWDFfWiRRdxEEAhqTqLGFPdwJ
HtqoQgAxag1ekZVfeNMn8Ea7YjLAJK2VHB6g6fWD1R4d
8CzrtVSDwMbHCXVw4QgecvFZu6WoEJcZsE3wh5zTUfoy
hmgK72bWwWS9pwSWPVystzZE51ZxZhxd2ARYfTWJaE1
AH1zoQM2L8jxtbK2vRbMzkfNMVYim8djJhRvzKWxXUTT
8bPq4zw4bb2AMApCpQscyw9gEiewDwmfbJ9bdyKSUBv6
3D3RVnxwgsuAfn5thfMirU1Sco8eqU985swGmip9JmAi
9kMyikt5PMGPDkgzExUCTkaKh7Sp7sbZ4kj9gQTZBpsV
3rcbBBgyqER3skJY4FrF2WuFpFEYAKcuLbSNS57u2Z6P
7iKW2XCr8WBcAFypU8UpepkMTVKRV6C48jPdM51vHHms
FAaNPe1RiyYLXR2CPZGduzZnSUCuv8ZG5NAjL7wdSXPn
4GNRzLnNNMeA6814rr4N4vioL6f74LcVPbM2t14uthkR
3LgqDLZk1vYQw39qG5gnDYtjvwqGqNdnXyzqeb2EfRmS
AQVWe1NyLJQbRt9gxDKb1FXEQua9wEESFCqNga96G2Lp
HYqmPD8UBwiPUUJuzfDt3u3s42YUz9N2E12bZYd37iiA
B6XZjRGS92SWLFixxmYMqkDjbKSVS6pRreEFoSjR57WP
BXZd6fcihmMyhukdUibPtNXavU3xA8EuoEqnobwfRCK4
GjvHojczgotLRPNyKsmoiKZny2fttzFnP3d1MskevBBp
42Hj51hUhgkYtxj6G8t12pLwgLSw3BFHTEwqk8uFFk1R
8GZFyJaemCti244nS2MT1vCyC2w5jKQ2MAje4h2g46r9
NRoYMWwwRnWY4FCcPhqCAi8TK8xEj23CfdwvpqUYVop
A88as3NNbuXqfggDjBAZvBXUVnrYPB35c4VBKns4EaAD
EYondbpJqjekUfzKfCNKioXijVXGBURgtc6HfmSJuqfm
8M6TaJqUkEKboirU2j3HxLok8tnVZ6LQwGy3bnKwJEv8
4AtRrxM1XCqCtShED99PLVmEVNh4FGEte38FDfz2FLpv
2jfB51Tgwak3p7WeRC8KKunNobdphc9MWGtvqn21jD6Q
GNgAVAsB72H3hread5znvTMYbYnRqYPcLafeE4gP9XAE
2tUGPLwChwx6YzLpZS6JTrn4i7bezrrBcxKLaB8exFVo
HE7Mxb9PBg8MuNtf4PQJgmpGUB4i73KRuYyqKNVWLNT7
9Fyxsv16b6yWJYKMcXMjSEjXuGdondKdM4hC4bdD8B3K
Fnmh8vaKhBmTcecHGLCUHMJRxL8n9gkupQwD3A2wTvqC
4TVn1VfMJLQbFgKnqZ96hKQkgaSLTqH5SNDSw613Lfk1
AA9owbY29fJvaeHR97SpUyhBBUc77712ziLGfAibwvL9
GfhLHGpnxRXRm59M4V2AbrVN3ruivVmSZVYB17so1fw7
2cwxt48Ap98RrzmjfqqT9FSvNieDq6RnX7tijTb8kSFV
g9KD5appLR36k4e6skodn8cZ6FuWugCyHLatWRWnQDV
4C62rnGDUYbbpsf1g1iDZx5t3tjsSwztNzQdjXdUKnrs
2XC8x5M9k8GMuJKNn1qAuZuebquv1usfDmCjBDBBzHqA
Eh6iff5fuECgtRzJYZAWQSUi7S5XYhJNFrZvCPNFMTs
9tcRsS7gsiJA67mk17s8azqGMGsr6Nopr6Vpq8Dqh1wd
HwYz4xPwRRRBV5PnwpLyHrLGuiWBiCZsJGyyVSq6Eepi
FAuj3HovkDuFsymSUY2mNsmLP1yDTqs51juuYAFmLewC
Ca8W1uhuhPhqoZh7pShGB4SKKrruSV7LNKtvdKh8gn3n
FnCsmeQzN7j5bfm6HSCY6QQhPBxTx4foEkkG3aDebYJo
8PDGq4j4wPr34GJBPYciT5YqzJNqMqCZ6UJwBhJi8qoA
93bfRWhYLe4REb6XGmVxo9hoQ257Y4n1TVUTTuz9eU3n
3bFYYzxWDsErCk8mMXv6RzcHGQGVcd4zJK3pAtRdSwJQ
BMwGRq66RfVbKcZj6wnMVraztMkEtuJwJgdHjaUcQmH9
AuWDZEdMZrsbRkgYijqzUCA2xaQ9FQ9ekSWiyjCYSsVa
GX2Eyq43ZQqWsRZYCQiGxFQX782MgR2qCdwzMTtdMnVT
2LKbTHhU3ZRc5YjomtDu73YpoydAWN4qYFcoM8c9Qhdk
E4XDGaTCd3MdgnJDtH2xSFNMBMrx1aeSuPB9mfdRzPrA
6xjJftpFYtGSE6CqKYpRneXEoCCJZ2RjamA5BJ5YobAv
8vZKcoFLBxtoub7m9kbHGLWyMG2VfqM7rkWbchz2J5CD
AtfDCikVeQiqhrNHHBa7xqdVx9U9zxaGwQqF37Q6ARJm
CCn4FTdbzK8nkoFTe2QtVYFb7Ua79YW17DGWooJMDZCf
4MgKQpAQXvqwoBnbLK7FTvBm3EmY1XtrpxkeYKKkn8VJ
9p9L5RAUAKWTh6YnQzQ4zitiikBVFRenzF6x7Wn9CmN4
3TYFug5HmJufWg96FYHgLMGoa2m1DjnXzP9ncx4L7hTe
Wk2EVbSswvwZfLmRKMjg2emn3bCTn1Urkm1fc6sVrG5
EAeWgnyNGFzEUEzVnbuM9Jh2RoY7hvqnrumDGsLvziQm
Agu5dB5JFhR4ULsLSHo2DdJRmHbKMumiq3NuPKJW2qs8
Cs3LRYQ35HhQVWrLL4uxKPwbqmWz1qsQiZoB8Bsu1cgB
96xHaiC8qBdvRTJrXj14tfjaqRYbPexDTnwdNGjKfgxs
Hadym6ibZrZM1qhTHcrLRvu3ZtxwgBiePpruM8ixYa6R
6LeJcv3uJXJHLD7JcXYXe7auTHF6fV8X7oVk5anSrQ1r
DgSnsBhxw3Q3hJhw22Fkwtke1ksAHkFXt5ZJUyhEyF2G
CuHuDSdDLCNRGABzqs9i1wg7iBtobhfzJknUY2du5nyP
4d9Hs6GmJmog6VskcKBBYixfCrnYW7wG2ojV19myYiji
eHU3UbwmoXrpLzDjR184ZhgFyEHdJRbd7oRWGmFNqxs
AhFUBSqV6Dit4kNH47aS2kBUu17jXakyYHouqWaWUDNS
DY6WaDTBZgBa64pQR5i3FN5uUaVuXZ3DqKSqfhBmdzn9
CdTPhavgXkFgcT19WVix3mXeDUaRYe3mDz4t1i4Aa66r
GthXDnxpmeQEejNmH3TYmWup21aXfXX7hAgmQqA2SvG
2izYEdfvdxD3hujYz9hxnqcZYy7LbF6XSxehWfDf86U1
B63cMrwPBCEre7KGU3FdVWrxVbo5xhLrKjwVYpCSxGe7
DzFiUzbkzrfdtbavuJegUAZs88gYnyP8phHtLaempLm2
22B5mi3yra54pdu2wNJS7v9TYFt2UVx9ZubKJjMTircx
GzrGMCbegtVbSRmYffihB4XgynyHm7CYSjzYNGU8i1qu
J7Cg7jF76saWGzUtjs5tyFnRz5kg4pnPXMnRA1UNRmEN
CEUsbgCgGjuM5kCcNv43YiAoifSoFkx952CEwh871mcZ
C1hnWV4k19NafWt2PnP96x5QCvdfNFFgfckDEMQGBX41
AhFYRdHfDwUpPeQKLCMzqbW8jbMBKofaRGTKKCsLtEnK
JC3KRGPKRx7s78BHkbuMtNJUrMyq71SwVWAxJcAbPJeb
Fy8QmQJxC5wDXE8oj1oFixb78poiDnPxJxRYoTTa3My8
AE2A7eM9ViSebkyL5cw3hNxfKrF6mzgj5fNwfEMKWsr4
4m2VAkGAfEaaitPRR9upsxwk5EPd47LSTVmw7gvmPQXs
2gnUfgFMJ88qzg3SJzzKYECb3QDosdMXXs2XA61BiX9k
EnJuXSD8bdqmfM4FiR297WFupXEps8ZBcoFy6GXmZRLQ
HH9wsBSp7tAoJQy4UnMVHqwpMCUHcN6VJyTFET4zEqkx
7mri1WSVKReu5RpoZ7zweg8KJQrLUPWZKs5nCRrND2t9
4fKFGvPc7JTUDTwj6JtYUdW8QpQzXjUorZeFeot8Mu94
CemcJKoMoBmGAxzUeZXBqJuYe93njT41g95jt8W5QjB
3NhJW4P1YTQmqgCsSG7EqEhhU6uBBJC96rapsVdW2Kcm
3ACg78gSWtLawRx7jBq6sZbSTkMH2oHq6nCbc1mbwRjY
EEHqXyi4w96g6iyYrvBhSLiiH9Y3YdRKjbzfhiwfhdY4
FPoHdLShBqzcVGv7yB9DnFjyMnzf3xT8qb1Xo6xkCncu
6qexApXjscGMrGHpWF45bPJGADQTsNLxpea1KQhHhDzx
DtUtzGaY66FA6NsGHTpY7oJntiyMwbaDWwafhLku3BK4
7JYFYhwVLPmyaKALomwpki9p18mgHRsUceaKixEPSjC6
6GVKbxuZrjAwrm8hXtSk8s7YyDLwSGkB7Qi9LoGc7pf2
BE7bbarRGvQzfCekNVL5oMjsfa7X5X6aoKuqkuAEQ6fQ
7kMccT2ZtcHL7UDAyujemHxtMTESUL7UT5HaDdHdJspE
9v7hKwdNfLidb9RmZHR1WoAeZMWPPYmRNrcdCPjrViE2
4RojEJGkp3uPeqMk96K7m57SqQ6rPYTMMptznrSeaVvm
A3KjUqWaJ1VLRREH5MNkbzt9oHwyRWnBmP9SD8qiFQiY
7hZKvktxv1ykGkomssp2vrUka2z3ayv2wZZquhPkDkDm
DHYAK5NAY5f8nXkZR7o18viS4Q8Si4RFVDFbDJj1PxX2
BPuxGJQTJv7QdrkFHVZD7yrVXA8UcY6beURwrjAmUUsC
b9ohkXqobkC34ChYFaGhy7PpsgeWKfhm7dFjgsvj5SV
7FoLmbhDvo9s76u2d5kHr1xwkxooFZtBgLYHgS5YTRp
Hm7Euciw4sAcosCuSXGyJXTZrUKd4a9D8dgHeu1rmUe5
DZSQ3yn4pZUCbeDBdaf313dPbEP5Bm2FnExduvGbA7t9
BRUFVhXsvSGr7iKaxsyNnSwenxpZneGitnN3CfaKjgfT
A2FNUU7MxZqmDJQ6nmWcUMoGfDibGG9aqJZGnnP9pA3o
BgVvZZrLqSNR8iD4yETDPRnEykEpg5iA7RMbeJ9oP8zS
5dVoLRHkP3yNg76o3FYwnf4uzqmoqALdBGxyaV75HFub
Gowk1qbhDBmRZc2eHVCK2niZ5xFA8RYfqso1cAyMtm7k
6JhHtLGafkcodKWMJizRYVAfnczWV1icL3qnzc8c5G7s
4HJjZHQkt7BhkD453PCED1vFiiTYCbJpx5NuvdWUxq4x
DgqSfR9rjrF2wkD9fGg3WHAjWmHNAinNcEf7qypSBXe
gEx9AEjkMmTo1ww4fG3nuvYrNWSJ5jJeiVWfpvRNXHZ
EWH4s8TmUDPAPSjqMxpwUbXjEksEvpetjY4zjMrSfW1i
AfDHDQFvNwtuErTU6JSbecKEKz5EHh5rrLyVokFoyoLt
2yRNmF5ATZ6oNgTDvq1FKzkzDsYfwr8J6zFHVdfQyEJ4
3i6wvhaEXibs8zH5hwigB1YGR7ihcRMRjT64a85z6DKx
CdHM2ZC144Y1VEjbJywVcogkRNUEZiwM1nwQfwd7eXn1
8NrsHfur7ca7e2qK7a31x9opvEga2ndD57Y12RVyzjZn
4nDFi1fLQoDRueHAfJ4FYDfzoAHuEBsmuc3gZmQDWmjD
7zPtbFymsPdTWvSTWJoxT7NhBzyC14bwF6ypjs1aiGAY
XUKCshyCxz6AXuoamxC8itHCzZiv6AbsgF5ETXZb6ed
8shyPEuJDTLjvb1yxFeHHPGPvyMMKPa6tNMGfqcPMiJm
4FpyjJupUQvXFcqz7PAZ4awNZMCtVxiZpvXAt1apoVkE
6Ksyzz1FVQnhPvW7U7EuGmcwvWzWWUhL7gaBCQiUz6yd
CXDHFMT2dbg5ucJVgSXZ95EXwXdpzTQ3eEppbm23TTkS
3ULqXCAfvPHRXAWcMvNv3w35Sg3PoeYxh4UsxuCxNBQs
77iuwSDgB1R9SGD3dUaDuo68MemrDL98oPUsovHnAsct
BKQtsm6gAnnNhAqZxTssvfNJNNarsXejh8HbL1MMcenP
g155jwiPUeYrDhSKgaR5ibkZXgAhHmSjXhqExxWSBra
Aw2FsWuR3c9dxniamXRMngSXV8GSR3aqAZ6CsMyJbPM6
69VaFooVfHWYcJqYX86rCjeLLuPikYvNKt3VyEuG9zYQ
BEzYRuntuQtASgWT7KkgYDZYjfBRPy7Qh4shsjsNDZzZ
5YNiSdsUfw6TV4ZeH9Z5kXpz1pKSHVwfL2GkZ4yUhRPP
7sARYfs7m1m7GtyVUbTycnLNnzrW41hjeaKZD3mGGgru
oKeckXWqQQCngDtjDCcn3FRBHcAQzyuHmXnMEYBmn4z
AB2o1T1R9ZWJLD6avj1KcsXBzN9ew8wEUK1VRvWzHi5Z
DD8ZtdLnc5tqU5ykezXaQRnLcCEJGejxFKCb4mimXcu5
A7zFvXQBPb2s7d3KphjUod9DxgfsRsVhT5CKuuoMuYQY
ErKavHWpCyjUGPruvPDLiEdRTQmuLWNdwXDZ18sNMLsM
BNoXwRC3B1ytuMFqryKCXUXKFXGuL8Mqyt1tPKXkSJgD
CFXosjjNsijFRdJzcbtDPLxwjKGRaGwdXxxWUKkbAXuF
5iE9yopzuYLhoQh8CDA7Rjpm863wGjXPAUZWp2TSYvUm
7djJeL9ke4ZGLrjasnGuVF4mVRwZ3YiSGj7X4KrSxKzc
D8CYJt56uraeugKH6dTq1Ydz3oThGAvakkVzeSJi3RWM
Wp8TzKChnvhQcDDgybfd4ebo7xgn3hLmkYzLhwjaVcA
6GwNo1WT1z37HoXwqyjTU6wBTFJtnwn6uBJjDt4oAUsH
8XVDYTpeAT5TaqyUPvysfyEgZq6xgo8s63dPJbjxuRxJ
2nzu8GRwmwzEhCGZSbvvXT6eJ7NC1nhUZiE3rHVamWXF
3tHn2oeX11MBkXBR2TFR6f6ivUHveGxGfxxhZWzUGMkf
EB3WLWdGWq44grr2JDV8iwvgELBGfexWRCqknWyNjBNb
LtsUYwrtpQCXTRNm6ozJSxceDXJVkUqXTZpTXoRJj4b
2YZwg7tabMrU5w5prRq3opezYoyovFJrJUbKiHSyKeWq
HipSnDNvFi4jJUvUXwtPVqR4G661tDgcBTXJbY6uHTWU
4FruiiC3x9jctuDgEymkEpJsSx1bSmfH5zBkYTQVt9bX
7Xjooe1i5AuNs26vegRrKMkMu2ezC3PimdQXzuuYJgBq
C7g2aGqJ8Vx5wdwXLV81B2Wj9UHQ48j9h5BNZLzQVekv
3choFuMAV9EfZwHkanrFTa5PrLLDsrbzh7fUpq5i9cZ7
5Cnm9EPLBJ3uBqU2EVgrBTXcv5mEmK4ZupCZUmJkNMxt
5BoGxYAaGuDtJLiSCK83XHe5NTWAbdkfeXmvinG2WLuo
ApwyaPTyxtHr4QT78z8tdCcFiyvnuiCbBzBrKPvEqcHy
DJagjE9w58sdd1Wh5d3Nx3gjhvLjKhV4uvkMej61faUz
CqcAJdkmWxH9BpnayisYmzi7zshho444EwcSbS5BaRch
5xSeYBPajozGobYCJJYmN5QGCK78KJP9vmcZowV9EAEu
BJ3rCfVLNSA5GrA9WezRdegw7cCue3avzqY1Bp96h7eu
G8WsQn9kbZmis26xeB9VmYmUGWk2pfB8Tb9jACU8YVuv
EptD7LgkHSrB7Za2TQTauKkZqsR8DHd8U8D63m4SEgWu
5Du4VU2UXUrjkjDUPaXcN1GC3VHXuEsiEbmE11BTWU7G
2F2qrkp6nGWwN8TUtDAWCEmUiVWtRbc19F8CSwQTeKys
DTWiYckhwZ8YsE4VAdoYmWkkb5uvWRuP5PCbJvpaAjeQ
DQqJ7hYLiAcnxtZ8jvtzzeeRNDK9tjovsgp2LkGcxWr3
EuvX8tW6GksjHgGVnriTmgkWPkCUc4nQqoecGZ6fto6C
kHmo3PKU1ZTsLf3H49CZQxZ4CVxNBhindNth1n6Rn5r
CPoXLdXrYrGgcMrqrwvVSTbesFqUcAC3GFDXUUmzwhus
BVPVSEYPCp9dToUW3b7rZLDHxr3RyyVLhfayaaKNTarm
AKFhtLy7cvS6GJiN8BfzXj36c5yVbRJkHk9YsewqDEVz
8LcC9qpDEXYzJUr8DQQXzsF7fpH1BmaQR1CWHzztkf3v
4CK418KkKFJNRCAUFJKPmNPJ6CN3NKqudYi8ivfrDLfH
7aKsEnzYSvXrptPGU8ZApXtejn6zsGY1Jjb1sSeix3BV
E2MYUxtZToHRiJeA13HhHSH4c7V5vNnZ9tTz55GpRqXw
CAPhrBbzwh99vcF6iVoTqbSfY8Yuh5CoyyW8QWcbJgoa
6orKRuyTkuoTuYQ4iAuuqrhjKxpDUDYC32FtxWT9Fixe
CEAmkvnoD4GZhYTfdSz4htLpzP1UwuKQkW5N4DWRTdYM
484B2g3MQMddiN229YPZg98SCjZCWCFJFPHPrzK5ePWR
3bGjCbF41sN9xK6dbTX4ypZyZEReYXwkEyPCLbc11pkq
4epVwH9T3CcTW92m7GVoHuge4wrcTvKjuZzzpsnWi8cs
CdGsqEQtgeHpXr15pP8LJqAwgaTAEzwz4xb8x2sqiePD
Fi8Uwj3Dk5cvujUd9LnahSoFVHpWx4Xg4u93d2vKbGxP
Hqwtbq1CwBuAgFq3Ar8zHYyG1KBLkjwEDbq6ZQsXnJrA
86LwGAeyuEsD4KnC249FN7zALuVYJS4dkNETCYGk2pF9
BTqMibL3N2yaYVoE3khrKvAWMmkaXjree5FMEYEoNhMZ
6LJwo6hPKJvrj21e1V9FikwFzvqcumTn3J7su2G1Hc3D
EdKnRTMjMCLCbkAQZwxJTY2Htt6NB3Uy1nGLns5ArLtM
DvHdx89WUiGgxqmW22uNnTT1DjnhV1xHmv8yMmiRH84G
6wnV2evAgH4Qrb2nZs6SJQVE6B2SJQZZXFzDTg4KKxor
65HVwNQV38CYjyCQf67aJzqFc2SZdCLqDw6pXMYPZdDi
5eWwB1MFZrKEJMvySMyYbDPXiRgBVeZkSgJ3UbnX9FsN
9NMk2Sur3k7gwgAoWzhjyFszCbmTT4rNxrcQEzb7g7GE
Cw9eXt8PUY83gxRXTFpAtpqv9cMfAnBqFF6YwgobBqGD
7CukMQXBwGKufXapBxt32xbroai4eotYkigu5mNHzfQy
6BPKX7fiNud343WS7M8vXp1sChSsJnBkm71CYXGEHvBN
FUs6qVqVrsSCpHamwrqiCbCrP9GwJwrXfTXALTWtnyge
2QSxhgmVRaaPx4yDenmK9RgSo1UEgoXf4wW2bDJe7w5X
9eFTBKdoEZYK9nJdweoAUgfBk13GKScQk6i56XNEvCzP
Bh5nPgMMYSMjRTpvZfGsRg8EpyZF2q2LNR8eZQ5a2qkw
55zBhG4wJGnkKjMFBgHod2pnv7GnvfbpW6SZYqiHtkVc
9y56JyYXbPgmedaZox2aTmA9YktKc3XvWsqgGQEKTKij
5mGBNFQSXWi8xtpxjkAMv6x75TvvNbkCp5jU9GHdFdz2
DDwbrVZ1wPtEdJTdhn1gBAXedbT2GHG9HJWiTzMGxHB9
5xg19NQJcTMYw8CHUzmcvpGnypPcRsWdZfEcsQSQYszP
6rduvzmuQ6LZCHCHPfCSsmf3z7xQuh1hZyQRgVsPS3SZ
BK9v4uzk3dHF8h8a76bTYrJQzQ7Eg4ZTktNCx84b96oe
FAS1ktZ3TtexeUNhZRrs9eJkWxJVnar5PmNFmCsY4Ny6
Gk8BJE5qNQHtUqjL527MBpBGSw66MeNmqauouMEbKpXw
27gtVg3sk2ogYSfTXHjcWyeicwyMbtChdQYsnW3HJLVG
CFdtrHiVussELUiMvF2L5js5YZ2UPqEXbXyUKuCveTPJ
AnU5K7vhiAPr49nBdTKXaW1zhuih79QX7trAwXGNwv2n
HkizpY9n1nEKvuD6ZLSSrjG1zM7nVRfaoR6agPWtD1tU
GAYwUtfpGCM2bXN89bPfJnDn4PU7diU4zmf6W2cZwfZW
6dQnAqHj721ReQkTCbzFEiod1F6w7tqnBXgff2Le23bd
Ae1YKZaBkTmmeNuJm9NGni7gCUH6cEZ7UdN5aVtqEbNg
Cotaw78Y76ps5fSuwHbVatSesBKXTPWnf8o1WGVAsC58
7fsmU4DoptnKGTusyTUfVBAPMqYuo6eAzXvVVLAZCCCN
9BsGTQ4sM1HYyUBYEU2njE6s1THU5WGkbNysFAiJtoay
5PHkLYR6jAiA2nK9bcPxvRuS2QP6J5jEFgGqA3qnGVmg
AUHpFtUsMHJtR5eZmfq8ivaxBrhprVNvKushdLQAMojw
5YuVxsHF7V9Ux4PaTShc4FDELj36wwb5iUhzUBxffjNX
FduB6HxZ9uddunia6jZqp815KEoizt1uqwhBjCQ6VhjE
GgMRkVSRX6t9wTMEpxcaNP2FNyLFkrPFKRqCRLSaaZXV
4jN1AgD5W1W5ATBRR9y32NGeK1nx8ke4U6yGwfr5DZRL
35M5coUuk3DPfCBVhsmYHYzq79Fw9Xs1wyDGx2XqWP6G
D4TwvfxJj8h31zGyoxD7dL2dkHfe2o8pmdV3xSfZc3XS
F3AWDrwJ5o9esAnUxzkYtemDVdGPfRSHfxheDJoCwADD
AS8yvT3oTcXp1Eoe4ZEEnrcSwU6Q5fLGJcczR8jY3sLe
4FGaCj6AxJeZ6h441Vzjw92KLvDeLbFmg15boWMj4VYy
9876aDzSVwRg9emtN9VdgYuqoHRh96nfXwtptfPXkaUE
EPhBrjiFhSUTsVTPdybHYiznEcGhD5Z2jHJXbp4g7x5o
4V7C2pnubo4nMQvQm6xaaqXdxbDEtZMNPtcDntR1RAEs
DXZvHyFL58re59yF2mD7SKng19RduXU43vEqCAUs8txm
C8RFEH3dgaPBCx5x35XQ39PM2bEVZCgMawfMoy6wa3Az
2B6W8vo594eg4xAGvHXjKmtuDnEwnWZTEwzCwi4miJb3
BPsieVpoe8NZQ4cmMUBheMUoJYFkNo8nMhjP9R3n4KKt
DHouXwLrnuhLhL9hoEYCuAhYJL5NhdBHLzess6eazWiC
HkebjXmgaVRYZbcZ1L3hoUnrgeTYyKvKdFmjZr3i7QQS
4tDZ6YrKMnm3EFYDuN5E7jhRemkkU8cychZ2q6WTvTv9
AwMtMyvbo8czTNvniMMWXVSrZ8c5LyLy8ustpNimymeR
8poU4eE4EjZPSkv9Hv4xGhXLJ1aSqQt9bfzLFQjb71Kb
4ThvWwpNgQrMTtym1UUFEiXKrwXf7225kGSS7bntgBMQ
7pgRSbAeyqqeESckN7qoj43NkHdzMySirxbz6C3LbhNY
93Bh1kUjeNp6D7J2u4FUsbKZ98zDxUqXx2Vx3XtQPSoW
D5UebiUJYpmjQDxYZXTsac7ogj9Gfgq4wwv3dbTmAJXH
Crnoa6Yxaw4hoxpSeYoSDq9RYM4v1UyHEdonwY9VvFdF
8uRzDgtNdiYTiAVrbmyVXjorpVKw9Zgb1bGAPvPJGFkk
FKxEMHhctCxyWRTt98quxx4r14NdKJpSBhT3eAPqeN72
SwkZQQeZE5KbyNdS12R86hMQhCLwUsQHDxqFHbUZqjW
5RrqpxVSZdHeK1atZiJeKAGd3f3W3mRF3T68yC4n1Lt5
FUUrd4HvN1WeyPEoAsXKaNY5PV7Hwe2w6MZTxKxhKvBD
92Xa2P3tPwExzNuk6u3fL2axjBqNHRXXkYDb4BHiEosb
856UyLy6M3pAQfpqkqNnvfKjn9xbSdGFMkVGJYxteUEh
Hs9dyuvyrpzRBkYoVgBedkquchasxXVPG2wtHkTi1sCi
2CQ5tnsHarD1nn8dFAyHMNhDpZLv4hX4NwqPD8bzCdFt
3aNjymgio5CykA2bN3VaZMvaLvywToHXmTd9NXNVJ3tY
39PaV98tb2mWeWpVkAaed3KLJYjNjkGbXuVwd5N2k8Te
2UJ1pbiwprosLPjBoJ1mdGJC2G451ipFnKEoGFtGaZBg
GZ4AsqAZubKwyZsMy2beq7ce3aMsUtgQyAicqRvMfxaa
84NNqM1q9uT9zJZRazb5YfkTk8Lh4GmHQFwbuvi4zv67
3TgfWTznYP9XTdqEigeG6F5GU2gZKuKbguoMJ3YN2FXJ
2VA5vk57tcZy8tjFEWKLQR5Dt2p22azYJuP4TQRCNwNQ
GiW2BfiPZ1dTRDfbJ3qg9WLs37XaJSg8rb6jCkUz4g2E
BM5gHm6KkP7tkpg4WowDw8adzLWuxcw3Fv7EGrmSgVat
12zXJu7oB9burxEkNJHky9mDycwynf7tcpgSFnnrijQN
h12VHLJ1H5nnox8Haa1qpsXWwqbYRxs43cKBqm39w2f
ApWeNJSuAZLh4ygNZ6qHUyi4Qf8goGakVDzz3UYd2ZiB
7zGum6K2y9BGC4hZGWQMM9ggGMZ933Jw3fuA6G5ei7BY
CruXbdt9qc5nRTczxCUrJ3BRhemj4jRJDUThXAyy9MH5
Hgp4xpwGHYpvde9PEUR9wei1cMFMxqdmRx6eWkSPyB36
87xDvhZ6MheTajHbnvp1YKuQXUtY11eRixuzL2QrSEhV
9oeUqa1cEt5ADtnw18NAKC4nAgWkaeyKGFKqWAZCF1Lb
FoZdky5Np8MBhHBVcEJZ6ER5TXdYhgRH8UKEkgUW4Qw9
26BRtLDQeaYittaZ3STz8rSKiR8XpMQsiHH4giPjMRtm
26TpooFXrnRa2DfnLTf3r7i3bh6Rpdd6yHxEHRiEmnvt
7Y6rYkgnQTYZ4HZQfHfkiiYXbmQmMos6Hy1nJ5611LKM
3Yn6xqUHBhmTk1YhrpGbu8nyq1cFwLiJwtFdECDxKpqi
GZJewgkewYYmyxW9zRPM1uQWiVAVqeGWDwNQEZLPe6P3
6B7A7vUTve4q5X8Mz6yXj3ksdLeioN5uHpNTJjaBxVi4
D8Sp7wRCE3FicG14wGnY3WD6gzT19sgob4q3dPqj75k1
6zhEUxv89Qk8y7FicQ5tj19Bm2zQopm6VPf8eub6DVFk
xDFUk534uvvxDA1Vku1D2xMnfKCpkggvZF6tbP4njZu
9uxFyNTSnDunXyNC5hKkyi2ewDxXpFi8FhsYfZahgD1a
B3P9zbphhaQHfZmkPTzvMJiUgjVC5BT1WCCXyLdREM44
Dqjg2Eh2zG3zVe7K5eKdBW297Jao8k7MmyKdTLywEsdr
4MRarBxkdBEPdGhSqwrPpdXXTy12mQqpyY7PgBpMJUuH
6m5eFGvi6NSwRv6BBTHURoWQifWoqBTP13tMvnGNqxsx
3Ma7otvrrLzQZNdVbNdE2xQc9UFZWDtFNdYfQj5AoHvv
HQYkS8aVnqB61TfzpMeikWeuDCVsaHDJCoE5NzfMjrif
B84gEoRNwtfCs83kFATqRfYpt1ikDRH7MuEDQWvBxhwt
32miumqvbHTuEDsMHc6S2d7t9ubpke6uKuwUbtm7xpgm
CNJsr7RNHh1bd81FbNEYZCsVpx6PKCGr7vTmrnskEAWL
AFQ1FYFw29znuZLHFEbhxPoc8BuoyJiYunPSTA1MBGbT
GC4RFBsCkukSejzqxW8uBRs9tnTQLvnPyzwFhLGGaetU
4yYfBUAWvDkiKK3axDDHeiaTAywi9DbVuiXhPPFpXYWh
3D1nnZGvQ6qGQbFQ4qXh5SA3RxoHjC9BEAWJNkizKTij
6UKcEtDCAqq8a7QxDLGGSWmn58vfLH2NA94KFZU52dbw
G1Yg9W64zd66CZsij5ZkbZUGr84a6xN3LPSBvSTbkSiF
Cg8txnAMQmDgojFHJgSDMaisLybRbVwaWjknCeReBuNe
JBcYi12BendWwJt1g64GC8aGzyx1nRfPNB1e46ZDpvPk
vq1uwHxWTgiTDh5HwpFge7RfVQSSVtSNZHg41uA9ex3
5i3DFoQp5s2MgmfXC3WRWMLgnJSB9G3YM273mfTEGm9Y
2FHacw4rKBhsAoH2skjCRawzUuj5T1fE74zkxPoxj6a2
C8VLTNfArGzB79HpQLWVDQrmTortZsLseAemn7ev2NCy
6uFSoJ1rUmi8GtTbYMruN2KQRAxWLVKAzMFQetMmVbT6
2GGPfxfEdktgeUVPXqToeFdgWzzxxkzndZzQEeLdwWLT
5VTRL2smBtxBoLE9eRZ11fs33vbAurxGivHWdxtyaE6k
8d2oXHNec9s8kLuXtCHuwk5sthjV1oi4kzyfLZLDXDk7
8hAXdLozYy8APGzRp5MbrD9VJ9LjK9nnwXqVCzhGjtjN
FhDMZvfuZ91CYaT5x5e6fHPqHWoTqHTAZwif54MiugB7
4u4X9xooUF4WKLvAE1haHkWKE3QJDGUyNBS3Pty7P8Ri
9DXUVTJedqj8PzYLE32eC1hJkR51qx5BCEPLpeTH5mUq
6iQmFbXw1q4NeKGCs21mWckNtV7RY2CefpZGZq3tf4k8
3qunGZL6skpt3c8PSyFr12f1gLKvNLCMeSKPg853jjgE
CCumU1NYmxh2ijLnayfY9E9jiadkmRuPWVrUw62SjaNx
G7bY8G6FU77VT44URg5MmL65fbGYWHESv8phvXrcYMkG
pik4hUZP8cqEy9zxeTszZ4AhuVetEU2NvhKpAWadCK4
8f7ntMjVBHSFJmdH2qxqLTEGGoc7CQ86FxnWYifNPtb5
7Nv7JPDHjDRXZunz6V2vfcxj2RjgsTs8RLBg7ivnwt7w
