DHqVcEpmsq7YaA7u4XSnGxE4bketSRMaqG1ZrtqiSCJz
3Tn9DueUsGKxSVwmHT8Y3uiPX3WXWnNJzbUyBy9GUBhN
8kX16Yj2WBCz1sPXcimafGrutQkw3s3Swe9sR3gt3cC2
5mhQjmdTLbizd4tBdsTMAXtpLx4DLxCCkZ6aRLLJ2TZT
AkniW38RQkEVKSRS7pYe4qgd82CRbA1JErFmyZgFnHdM
4KC4YPwMSJphNbhLti6qmoQvCDTYc4BkEYnrqiYJofR1
7N7EFppr9wmZa2CtzpKb3EmD2aH589VRepuzEhFPPaRP
EG64BPWCM9rgbqoB4Sn8KZh3jnKmjA3CfpxBDmduUeCt
6MAaJqSSddijXTaK1nqcVmnJsNKhAUqunAcPYpgaNjjm
DdrbVn7ZCDRZrmz3ULZGYGqh5wb2yQyzeVFco4mrw21S
FH9fysysHZBS1E4AL7VhMGstWvMAyXedcqXo4MaM6eGs
6KwjyM6Yq9gMGHJL8wGirEBH6hCEaudAGZ5KDsXvKENm
HmPFmW2NjQuLB9Pry9YdAmFEvhoM2L4F1WRFodHPS25W
BKZS9ci2HFDA72Wp3rPr9Tc8kTcKwLrBboNn1XdGpMFh
8vjTjMndNZNujK1xENm4ywW1kkw5io4i4cdMQhy543Uh
8iFRxf3KinD85BWb5JJEXAJdVSrFQqo8xoxbA93LtG26
75mxF3MJqtjY6FU54ufcEZgRLUNrhHsW86sy8zdWoumR
BgWox7nZXRRP5dghNQgia8omsmVVyUJ6QkfveZkYL1dB
ArpJmDufregVVoUbySQbkEAXMmBmkP3Cmzye94mj3CxE
FSVxZGe2J6Kr92xdQYpP74dxd4uT5Yhbq6s7SPxJF31d
HGr9BqZEbjfGs4vZMaJhHt4LAtRJ3UrNm6B44bRaTZhP
F1vtfiaXeDJJDQ8CNK2bFhz1K1mq3mZg5ev9J8uyjwZ5
Dp6QdjX4LyD8mYWEw63SdC7S6DJH7j2vFkBLPo2CbXGe
9a9MbNApKGJa14zyrVawWuKRELUjyHjyMALuXEJt1LVP
ENaitWuQShMrtnPhATzdnZSEKDo44o3RQm7EyScDAKaz
AYfkSs38xBmyTFRnzHpbXJiN4HFe1SzRqxx5Ek4b9a9p
8ziKqPdreu6f65RiX82f729LWxRzpppWnCoERopYGzmm
EicERxxCMQV6Vre4vv2KZi6gRh5ZxE4fC8jE2ZTPJbip
GMVtUTKERYF4x1oxjkGpvRU9yh7nfMrk2U8L8ziby5S1
8Vw7FQ2B2n6btf3hzCDMgQrr8QCFYkqBEG3ZDUyDWmmw
7n5DGDVDnLVBw3oT4e4yDjnp7ZETy4cq544UUgpkpso9
5PwaTp4K18Y7Y4UJo41JS1qN6QBHiNhfwozM1N4aJoM2
H8QmDjeK961AHxcpu2gCNLKAoJpDqumzKYYcV8Zg7Ftv
8zdoEFrStMrYbABtXpTXrc6citrrWnZmvA7CNi1kmSxy
HiekUR1eDhKtR5gpMjTCEe5iA37XcsuH2pWdtuFJ7xNM
4g6QryFXMv55Lu5qwyY59bbeR9zoRA9eZSzQYqptzVE9
6w4sP312fQDgCX6kjZZEegmv86Xtyux1kKhnKNsaeHJj
BgWox7nZXRRP5dghNQgia8omsmVVyUJ6QkfveZkYL1dB
42GDY3zViJxR9EPK9xDhak4AKsRm4AbauVP4RgacTxvv
GcXoVa37eAB9Ng7pEiYavouFG829qUdATAW3NAN2RBH4
CGA6H2M3FEjemWohUyYwh5VdvSteMTFxxjZJ1oAgAh6k
DveLXHF13SwLgjKt9x3b5hNbG6XeWFtcubMiipxcAPHr
DXGapgtgkag6midSCYNhHCNaCqvhUmuSvnVhXxNXBmyt
9jDVfFmpe59DbgxiLZavfNEnmoeFDs6snWg2VZAXfxZz
5xMCuNfVWAP3yrABeyfs9QdgFtKefesUnsUFoPWfU1a8
8Nj7AC1oPcx2oC7Njihwp9Ee3Aez787kvww3sX3Bdox2
7QTJt2wCPPgKguZkL91hMETJ5cWF5BMudBrVYyoq3pWN
4v18nk6GpZGE94B7eDaedqLtV4UKVnNfGQra12UfsCEG
5xuCrqwAh1Tu5MsXLXtpnX6QAYuZ2J5raPJamudv4Nxe
9V4i8VdxEHgjQFEKdXT3N4nFKRtNtkKCzd17SjxVWLSo
CGu77ECCn7Fw1o2WWL8gM3QqdkDcQRUxZGEEvEe7Zhpn
7RvtX4WGag5Ggy4oMtj2ni3oc9amEPmscdHLGvGQdZsh
Gkb8wxgqhixY3K8NNrM5KZuSY5yFftud8Jp2D5KMXLPQ
J9ALeX1iyaiTuANSxgzHQugWCgMTKwR3daDJ2zGqA7EJ
3PhaCgeZ2QPySoRhCkVcxY7joms6etYQMtDxsA9VZ7Wi
8dJWEbGZTtuiJsUrAFKY2gkJfZkmjr6bjQj8GD6k5RHp
3gcqMuRD13WkkpzKtgs9uvUnXfyjMt9n9f8mLeEKHhxh
2Fkgq4zP6bteEVqb4iiNZveC4KdjWWF3P1t7QMHqQWr6
Ej3Qz7NBHfvcjGp7kRMp8F3EPJdYdpBGHPSJkSGVapzi
DK5Hij3HpKGJsRUNaxspC2u6LdncqoUwHsUSe6TFb9X8
3bSvTse4nx9Y5zTazhr4BY3RTFUjcnUrechQ2whhsBFC
EY1GPZJ664psDcr4zi3T2JZFMjrxZtsa5uwXobyarxTg
55MA7UvVM4CuZJaTJANoK749rvrLmiNqUFndJ7m8uxJh
9QuVAev4NVdRVUrbeP1Y5RdsaAydEzYRsay3H16PWyzs
RTY7RjhPpDabh6ky8mQudWxWH9XLZLCRPAj2CqRN21r
4cUyDakNPeMEZtJPDJGNujWLGF1XNH7WbQnheUEfD2xX
6DNn4M9Sm4Tt6qTXCjmmeMJ2QBqeQAwSXwKBEHDVYhAm
6zbHJGNdqq7PawynSgxW6csjVHAN9nm51uLNMZqpxZts
BNR9v15ey3uWaeZsNYGX5rDvRus9S8UL16hSgduEArFN
HT2SuCbePhjNZaar24uVwihYowCNvSjdvhJ8BRSVw9nX
9iQPg1TEZbBMquLEzFeGp5KCwVx3GPxMDvKBwX3nHRhs
GCdrE8vzx3VW6Mbe4hWfPJ7pyjuNZAu6bLLq4b9Pffps
5C9tu7uVVvPj7ji9K8hDSNsYSpc5cLgbP3W1QxfW9n6U
7tMyU22ViPrhY14fy31bSmTsQK6rwc9q3Zbq2u5RkZis
Cf9R9j8jTbEL2hxoSPpvHqT9okhaQxbgNEQKtUG6tj75
EY1GPZJ664psDcr4zi3T2JZFMjrxZtsa5uwXobyarxTg
CqdQFPWATQUND8eMi2Gow5nCQJ63eB55SsixmN83Y3rc
A149BPr7qHKtPpwvhLWDmQVYuGa3rbxE6KPUjzq6THzV
BMJD41X25nKxUxT9KngB6HKsSihZZrGVWqzWG21MMTw5
5YFunw9HgdUXH1QkaQtUpwXsiJT2UNNEkWNMt3Fn92FQ
2KcCvxiKiWTu9XXLMSRnNqCgvZaLfYLx4aiecPJHqjrb
7zCpbNTM48YFDCokRBkahF6uZg5LU6MzgKfv8mvGviX6
EY1GPZJ664psDcr4zi3T2JZFMjrxZtsa5uwXobyarxTg
EaxheQrBLdyj7TaWfrMa9X3ec7UFRhgm5B5t1LcETSrP
EUoZL1uEnwsU7R6KDH7ngUQyrzNhriPFJqPxJmQR23it
7b6eAwz19KGscTnfoSowcpLRiKK8g49LJ2UwUHAnGoNV
KwQ27yEuXPR1mhN8tTexSDQ2VDXJsZTqpf7J4k5ireo
J2RX8qcGrbdKHmhaqX557D9XBL8bEJTDtvEpvq5MfimJ
3hh9av2XEn6BoTKCLE9B7J2MHmm3RPRfVn17R8ZUb2hw
8eaakyMvSmHNY11hs1bALDxmScXYkAUWZWGVRAbAwokv
5eBNi2JRMNzuusF3w1ELi5GWWUxRPZBnp1ZQs7hRqkbB
61Zcvi6pbqafPjDke76HPVjrKyS84VzfkZUSchuswo6Z
6tAbuy5FEAUAyZPdKymeMDExjnoFQQazfrxKqkY6SqNn
EGe4LVyQWKndKa1jgwNeTQztmcHfxwnKfJFEZRXgUG8M
E4nDoRPHAJki7vcpExGKqMA925L1WBZD7Ap6rQkvNKFL
Ho4JN1uiqoQam4y6KUjiBdVViWkMxZ45B9NqbnK9tSh1
BVFTQzEas8kMPkcugksaTTuLnQJ8ESxtLryk4ngdyvjU
2J8hJWEHyFWpKK3JoMjSF2Kda4GNJFjvWU4erF8UJKWp
9g6bfua2tKpLCb4yaWsTWyVsaAYEtkWtpKyeRcgDwUn
DDzTbHgTMihk86YjTpHiCdq3oUZW671TMV7bQbuo8BWq
7NEGWwti7Kee9VEWivf9yebSLBwn3Mux6M2xVx6sfVEE
BU9GQbSnXQcF59sm5VW5vM4QP138cM6s2vV4p4HhrDjY
A11ZfsWQyYhLSueQnb2CcT6qbNgxeX1JDcGZBUvoQ9ck
71D94FvV7Htcx5NAoXxojCbacd3vquGr8eSU4Sqr3sux
H6ewEQKqUYhPFNBUBjKugH6MNgBzWFoJ1U5fiVvyHDnv
97xAKp8FjyXkiYqTtYWN9ArD7KxTevzaCAo7VCcwLAsK
3cLrV9afrsrMMyRvUPbPSftaPVQZgjG9MbPYfXntkj9s
AcTz4LZcyNYapAKzSE7tuhU8PcvcaRSeMskQYNQzEagW
Ezv89CmTQKBLjFvVpmDpGz3bxbxD8TfKsT2svRFn8joV
4TjjVBoKaN5TpyMR9v4x7Jnb59b6kQpAFSdjv9j4248k
6gjFy9Gp3mMN8uTLtfAyMmxdDfUe74YTo8cUTDXJtBUH
9FYUcZmFyF2oCNVWfWkdk2Bt1rvmVjoJZtwdin318w5P
BYcufhYPyrKqVVsJD1Gzf8UQL7q2wuGeLjPARXQH2vo5
ERufTN9bJ2tjJTrwrfMFhogpPDjGc9QUqsaasxbsB2dv
FyoQs8dF9uEBKC4JLzqH6sCRPNW7C2opnmkMCPP6x8Xy
FryJS4Ynb1kAMfZ3U2xBiajSkkWiaxo9fWULZxzgQ5P6
8Ps7gzPTEoLN3ajsUELbKjfMdXt9zFuBmL6mRaVP7Wd
EMJ9WcNWL3edaz2zv6aJkf5V9A114PfoyVSNc6jDwTR6
3i1tNVmQ2LhTRZVJnYkdsT6QDuejy2Gpmx3vmQuRxoS5
E1HzMosXr4mj4HaWCoycnzrb4YYSGaXbmZ5YMVi7C3Vo
6aVxAU2nNjSUmDkSy5zgavKcZNKGov3xhi6tUPLnULLp
BBSxmVWHf5VV8M1HLd6LGxnftPuiu44HVeqUSzSdrejX
ADc7mUWD1evVghTWFA2ZiXab2mcHcV6UNPBGQL1UqMWE
CukDLHKGdaDKkVkU8SJbjcCpiP5oWR9UDzPpAt4B3r12
CmkBNXWVWjdUTiHScpwbAjSPu7XhYurssggXD3urigz1
2RuhF4jvD3pUd6L8G5baHtwRCnyRGfEhrUWq2w1LbKb8
CBs38GrLkRKrf6ciZkBbD14BmW43nLB5Hj4BX7UkNhLF
DajLww9JAzbHx6VNacZZWYKQfUukB9bibGRcwwHs7e3P
DWYyT5r5bSjfB2bFc8sXYtFwRJ97iU6Qdn1sLkoh6JnG
GZ3ziS3pyvhBBBEfjRVD71GYd3Dtqre815E2sBjS6BBU
7VD6TVNCwj7BsfG4mcy3xVSCBNRVhBBQn4NtxC9mKp7z
F3hzbLTD75Shbpyu8tdztMhSrh9vZ1qMwTCopx57A5wU
DJqBpEZrZBnbTwSCxuRwsb91fpG534WmFeDJZyag4d53
GAsHrFqoCZSMT1kTqQL3Fqcs2Ev4DPevciuCDHrG14gd
CXL4qRq36HjqEDdcH7MsnqddHR66V4LD2ohb5dQJvbbJ
4v18nk6GpZGE94B7eDaedqLtV4UKVnNfGQra12UfsCEG
4v18nk6GpZGE94B7eDaedqLtV4UKVnNfGQra12UfsCEG
CVv8iAZGsd2sHVsX1vo2iT72uBDNLsuGNjxSAxFNNSCX
7xZSuLS96Pa5RKkai47ksVq6RUxY8YJFnPfGmxLEPLdj
E4YnbxEMtg9988ogZrG2Bgmb5FhZk3eW7irwz29TpK8g
6LLyCpTcSxStjFMpwXwFySXMdGsNs7od4gvxYbTSv2AL
27javo7PGk6ErQ2XH2zjgUbMWMMPykQPuQW5WwdcSFDd
5LYXHjnRLtMriJXxSixEz1pn1e4gYAQNK3kZNtqgpHna
GryqvMoqZFnmTxVMduzUQt4RtCZZCTKRZwLNuL4KyKsa
9rrTtcPunmFtuz9DfDXRPWYu39hJkNXHxzhHtyTzaTg1
7iGCFYLUJczcHwpUnCCK5QFBCvYwznnj82RoYQQnWu6d
DAzmBtbhTB3ER2LpArJeUk9SqHAQ9YLoCoMhnqyNGsnf
oRoG54km6SGFxJoavNJFH7ec5HDJhq3c6yEVp4fXM7J
4Mmsc3JjFEfvFw1YorFaqeacmor2EV6wjzw1a33yqLtR
5Ve3bthekRQ3GK8Um6nVUqKz4GUzX8uw3EunTfBNGS1K
CHGNpSUP1m3jj4RdteBDt4H7fbw8UGCkVDLH6tFu3Q3H
7wTGmX7g4finjeuMHGB2rDPWLjK9ZuecyCPWeTUB74ZY
GiLkreuRj6JsRinbAoaao5bYpXFm89yepNx8TW2NKWmy
Bg5J6ogzzRzUpJDd3KwEfHEnFwzUQTVciGMxrWWFfuAq
9wqKB4DzrFF6d1gDXTPcqGQp5xLb1fTWacUyCXWxwmz6
D46WdsQJHPbYxdMQJhkFf2AnqHSj9c3rQo2nKRQ2G1gE
E16n8HF2rYfDAtZb4afLLTi6terca2rTanUEucPMTSVW
AhVVsrccdujsaPqMYeZ4ugZPUz7D4PXSadREQDXX9XkK
8dUiSpSbdd72cXm4bmAL2we4jUHdkqTaDwoFX5Ajr8XM
3BHasH4RU6ECpWH8g2ATDfzmKJk7d7GkTXwq5Ztzpp2B
DsNPDzGQM8caGNNYBWJ8YvdUyPi54SemYEsXUZQAJFQQ
s8ioBNQP7jb9JCSiBaxrbCzKMVQtVqQMEkssftVjLcu
8ber8SR1de7Ai4R7399qsCoinK5kBYk5jWQpP4LqAxMi
B6LEtFV9JJUU4iM21kNuHqPxFqw6vboxJEE3sDVRanDb
5g9P9YJNPxRMTZtWTPyRkUmdvaVae4MVjhr1ZHmHYbRH
CReATDsm2UCnhihyAbMNZ6cPBTrsuZNFiBMGbc4GZ2Wc
FqyF1sCG9Zn6HQZUpmkQvxMaLMZFgKmkiCTRx53gaesU
6ofxhXeyL4S8etchABg4FJUrhTzEuVnWXGopz4rCi8oY
69JqPRHKnzZGRgZygtT3p4mTCH8DXBJ6D3SP75PZZQka
4aMSBRaCsa64CPQiruDrmESqTNXJzs7PLeaF7XWNVvL8
7dxAbneFgcvDPSuYr5TJvL3QGWbzsFSWnnB7mzYzQUBx
2A2w4ivTkKC58upbPb6YmEsgnR2m2Hi3RQiERUF6F6g4
98Ua49smTudbsk6aJ3nXqbuoWaxzaEVLfgFF27xEYx8c
EMUjzijd7g5qHA9jYcLU7hHYHaP8RJ6oxsQZvFK8Ra37
BKZS9ci2HFDA72Wp3rPr9Tc8kTcKwLrBboNn1XdGpMFh
5JxyeuQJ2nh5363Uyc3MzWXr8EB24Ln2yCwhEvMAopbR
7uCsLRhWmRw3AHyb4hnifXxiwqNXi4UB8Ac4ynnrZ5hq
C7joUJCjbFgVRzkuEZg6rCu88dRtb9BCqkt2KR77Jh2n
F9sBnSAABNrs77xS7NCSpzowKsZUifWJxKvQk4XQTrnk
FJ5hcKnacavLz9geNZDRyDXdUvZHJBVnn5RLLy3sRtra
FWPMGkkFacSvytRBGvud4HuHSMHwBmzyLaWB3FxKM637
GAz612DpHGypCwkTJgRqdAPZ3jR7QXrzMdAaj3Uxy6v6
HXFXWxrQhrwFt8RPa79CcM5R8TsjzChsrrZQBX5ivZEK
F1uo5tS4JzGLKDQBhz1DdoyQf4oRjYcynHiCa31dRCrD
8rDsSyseCgK4L2fBmiPPiibMNxreQRp53o3etCJMDPAR
8fZcAUCfZomFqPpvEkpUcqUZVohKo1xWV4Rx78uohYdu
BPF7sQi6kAMcJcZZjZs8TL1NdzPfERaCbYTV2GLnTZc
2WsSxXUgDtVjQf4VGAsAj6DNC9rR7eiDBoynEkxY2uPa
Fnm7Nx11yBHDF66LT2RVhqSuYG3k2u15scNGEhNaisve
GPzFMtZMQNhjTsEXNDuWyWj8yKhMXp4RbPwwUBBXncyX
5jNucKW1XVAQYxyUNaYDjpmvBB3LybmPa8kJoXmhxTcr
3hh9av2XEn6BoTKCLE9B7J2MHmm3RPRfVn17R8ZUb2hw
7NEGWwti7Kee9VEWivf9yebSLBwn3Mux6M2xVx6sfVEE
8sppS14h3p6Eu389HZMztX26VUfJbKjJAa9YUtj4XrcU
J63PQ61AFhZXeupw9j5GYY1aEuR3R6BnAbtfqqAX6DQw
EY1GPZJ664psDcr4zi3T2JZFMjrxZtsa5uwXobyarxTg
BPuNcEh3NoxAL4UrTWBjKbA123FvsfzV1KJb3JqTuuN6
EWC6ESChdBqExhp96XPMLXR65pXP6Ftuh1pPAVws4pmk
8eeWesjTSLG6Hdy6GV8bwjrBCEnwY15LWTkyHtGtsUB3
56aHiN1RoxUVbiLsAWFQtRQqa7Y1qrpGpY8zb7ovCMQX
5kygrAGDmUAwzQr9YnegCwRyEgXbzxAHy5jKhLEW7Sus
D33AVStLgB922CBBtPnfdzvrZSRFzoghJvSL1ckPnPzw
MvogSQTXToXV7MS8hDbvfWGoELDtR5Z75SGMUNiUddN
DWaAVXvNg9NcNUPLCwRbAhc8NVmFzSLPQCFuwkxgp9Tk
8X2bbfKpevV9Bs3PYTmkfCn1FRsCcb4BDnSDKShRouZW
F9zgbUwXiedzPet32ZBR1uCZ2tLNreRX9FJfL2D16yTd
5d95ZghUcfxxnom9WJL6yJMQ43EZ3BWTts4WsQmZssJF
5ffREb952Gi9apxr62XDNhKUAUy2nTEExaPYyTnz9YFm
GhqyaoysWobchpCfTRrgedrdBekwmzeRYF2FY2VkDmge
Cm8cYtgtfyULCzisqUnMg68aqqi12PGZScouQfJRfrG3
EFpipurDmX4Lgv7V5TobgR6TMnBSZv734pgcZjWNkmfr
D63HPSeXa2kGoqD251qsJBxX7e7ThXfBcipg4Gtt4HNC
F6byddtQdcnmV1VRUyapG4eVEJc74gi5HNZmgKRVZ3jB
BKSHSTKLPCF8yyaRLryTe4xXsXjZQcCyZ5LjyRSbTudQ
BSAeGLg4un54bz7Jswf6tDL9jv8o6HmyFQhdN8qum6VK
9vff2J53NvedyFvVrAcMwqRaxcQoAYnGPMFBboMRyS7b
FB6zTrDtPCVpRUyeZkxKzBAtfNLDM2zP2x8LxF4JDJ5T
GLjPr915zsKvowjiX1DQTRo5CezFRNhqdPef53JZ4TfY
5AGJTTR28CLMPJSKNC3zkzNF4qEmwgpWLuLEoV73w1hy
FncUvk4oTbizjnWj9uoTAcCLzx4EXWXh562v4xdMVD1i
51oET2dy4vCmZ1JMGYR9hbsvsLng1vcLD6z2AZp1uq1j
2qXqig6b7BWU6F6ZERt6AnsTWQHT8Lmc3nocGoMZHZH1
GNgpNezjwKst92rSp6DndiAH8sCgvN8eVk8rpz4WFr9i
98Ua49smTudbsk6aJ3nXqbuoWaxzaEVLfgFF27xEYx8c
Bs2NRpK5zPhbhchTM2XGqys5uLw4bjZjiWQJW912XwWi
FznCcguLN2qa7AwDwvgurbLTbhs388VXSmbdYebcQTBy
6hK4TePe6J2MAMeb9AWcFwi3XCMwpp67BXaxuxFmNKR9
3QTRD2FfM2niZmZH1SxS6iJCRFY84DTq599gzengTtxQ
7KbmFStnBVAUB1NRKuNFdhzXtj3mfAT4jHLXoFvFFSaS
66FkiioC3gRg3HmZxCKvpK5mP1Waqh5BHwqnoArc42Qv
8W2RB1Px9gingSBCsdXJgrNNQwDkRVVaagVcWx7zoSvd
5cShNqx2E54RJK49myPhE757RJAEgnGKcbRqPVW4nwjC
Fx22XUQE2NaZ2oMEPCAzyYXwqnMGWrKDFGNdqPi1pdHh
QgVviEwMjok9Y9SqeFfxLkNxP9ic3n9RsfT32WF1aLP
Dt1FcwFZAxzGyUyNQoCHzoVnPngEmNG1RUTS4gu7LLby
7LnaxWkqHRLJ1Z5BdHAK4P9xXZN5m7kZxvysy83UJLUT
96cLzjzHm74NfgybTci9tC5r3KWnpj7ZzZXiUCT1xfr4
ANku3SWp9vX8bHfQEKnjnw29t5HGkxA4fMXxzcERQDgu
HeohjHu8jiJ4gpEYnGakdfv4CxaFcCAS6iEfjLM9p1Ha
7sW1bzEJcyVwpSU4RrWeK9qYXs3ivZbjEa9Nh1A5bwU9
G3HF6iRqzaztLiGg63JjiqJSrgoFBNQC4M9QfPDy7Bss
EY1GPZJ664psDcr4zi3T2JZFMjrxZtsa5uwXobyarxTg
5xGiZhSZgSH4K3nxRWB6vD74mxQ8Ty26oMbuGv7tubKP
3PhaCgeZ2QPySoRhCkVcxY7joms6etYQMtDxsA9VZ7Wi
9AiPK5WDKXFMaiA6V8JhssUZNQEYt2KMbekjPgf7LmBo
C9u28tV9EcKf6iqCxcQvh8M4fnxtWU27vmS3gVwwVKSm
4jvJMGgLqwP25CE9NH3HhkQWrCjG3K7Uxr27szxokJJk
EBAn1DsJKwurYoNZuezibmYa3siDCQqUzSM1MNzr7MWx
5MsjUXsLZssXKgCS11uMRWB98kYJnp3261tV9iNg3i47
5HUD9Y1bZp4VwXzKPKwUHBGinfEjGkpxFRZiJscjUUR3
CFQrwdKhJUsRb9ysErvAeJAy4FUqtAXjrxBY5HjHwRnj
FwYY88TbuwD6mwkgJ4Ytkjv3WB1dmG7tgVuw9fM3ULk8
HtpbpiRtAM4sJuHrGLU8z3TPSF5sssU5FW8V4X1kXtmd
CsF45Cg39iwxvwG6ts3XQDqrRYa29vzW9vJKroHQgSvS
8YR288XmW3GprmJoyqdyVe72QxekYtqZgtgnpgJCDyvA
8eqvPBG3bHFpRfHCxKi7UBPcxUopXyhDMEH9r3Fg9QcX
C39sZHS6jGzFRHwEM523UYwcWnMsaj9zqMNsbVJwuYYr
9orNUJN8XZbPztT5bR6V95ZWY7PGNMrQmxqJMph8qXcm
7inBeYpCmFcNH5idjxdb8wCfqRuYxw7SJxaoVjr3YTDG
D89iaxTRdSpzPjhifYaiTiZm3FAz8wH6RJ3gAKetUaUr
GSfDaL6w8DGZQEhTLmhKtjwJYJiKdLT9JsYTdi2W4WMZ
3gpKVodfZ9wVbYnM3xhZKKF5ARVubP4SxWqdSvVVQGrn
9vff2J53NvedyFvVrAcMwqRaxcQoAYnGPMFBboMRyS7b
2vm7vbWq6VUoKCbFmDKou5GSH5kcsCvRfpGeomtHDNxa
5dr39esCxsaHoHedAR9mhTtbF2mwR874vU3Vemr8EBbj
98hCouUM97hPPExNDMzJo4ij2hZ3ouCyRjrLeeXFqCok
DQFKWDdyK13Tx61kmD8B3ZKgtxGbG5S9SruRydyHbAz1
F1j2YBwfgooh7E87q84CZXMWXFM7CrgNZajss9PitP9M
6cxR31FgTSxgnnS2cdsjhpbzyzYhpdJVTrxdHmnM3uBw
52MkSVwzy8hmT6F8jyPvg7eAary2HC6cdz4aTWk6t2xs
J1M7d2NatbYkor3XHFpvc6WmFWzrnoogq4dw3MQdRUCT
97xAKp8FjyXkiYqTtYWN9ArD7KxTevzaCAo7VCcwLAsK
GRKqLdY4K4VhQC79Sa6EeNpSKchuXGKkZELPAUtg5UiU
7RY1fYBPSLhk2PJ71jdE2LWXgaEmKeJ1XdtQh2243sos
7TzR9o5VUzuFwbsbRf8QA4SdBVNGnUSzz9ZXEhE6bYFd
AkdfJa5NmE1pQt3Ai7DpgDg8kryN5qTZirp6LQcpen6R
3VGz1GX4m123ACUWScVRmYpBTHuGKiih78nnaJUPEXUa
8Qxm1ZDVFzEsU5KXAhQrnaA2ZbLiKGGXEKED2QFh2yPs
BLugutLNDhD1x3DZKNy6wB98kbS8shUVY4XVUonGBjFS
Cwm2Y5YBKn2dToVStt5oA4Hexpr4ECsSDwQdc2egwcUb
4veTZwf8jW72KD8brUwGvs6yV32TmCwDQvr5nAaRZk96
7VYhLssqCrL974hrEe8eBDWeKaXKbcdZHZZP7dZYq65z
ENaitWuQShMrtnPhATzdnZSEKDo44o3RQm7EyScDAKaz
7wYy1taUwZfT5cDGVEiqA8qNfUf7vRXKE7VeLygKLb2S
5qLUQwffcHESZuVwjDYfzj7YHbZfhGeeTSiwF2aqEETf
Fp8Tn92AfVqBTR6Vbr1xK7tnDWLeBgNv3cRte3wMvmsQ
9nF2vqusHupTTNgw3quL4f3jorvPdJ8VBPv3Uw1xt3Mv
EajNUm1nSYZK4RUn1KLGRHynPKzpxbPxASHt7uHff2g5
GR3Z7wWyoKECvf2BQNoqGqE7v6heBfKERoMYCyeieNpF
EY1GPZJ664psDcr4zi3T2JZFMjrxZtsa5uwXobyarxTg
kMpkKtFx8a3wioDevgadtgdJhndUTfuBotH9vMW1k7c
HxGr2AZnLhyDxfL6vGCgsVpgHzXtgtWjZyNmPFvQNsBH
5nTmScN9g2peTCRoffagCzrzpiCHzDZped3Lo1W4zb6n
HBBkVN9gc8jwsLWkyhW37UQbN3JCeBAK5mCqzdrWPTha
FDvjzKACmcgfCfWsaCVxbuqCgGnAjKpSLmKvXzCQFyGA
3xGqD5pWvJYB85JnfmTWRRuXGWjpRRSwxy5d14D7t9hD
EmNoikV7kjDZMZDYHLMpG6a8KPqGd6GRXg9MV8LvUqU2
DKahFmS8QKj4hhMpcXnZkTcydFJBTJncaSjVtAhYqAj5
DWaAVXvNg9NcNUPLCwRbAhc8NVmFzSLPQCFuwkxgp9Tk
nePgPRzKgbp99JRHtNPTudp8baVoT9rPE3S1w7gxDSa
C1cnEt9GoCfxk3HDd99TMEYJ2wbVSENgR7zQkSPVxB5J
2gr8uRHisjnsKUmctTP4DDh4KMSzq57xiTPAmfQQ6hZq
8hfMaB6ndxFFkrTnT1eETvTTEAfAxPY7UQeMV7ghR2a9
BBcnpuGSbDbMhZHugVRhURmfdFWkieXskLyHvqcFMsbT
AzLdjL7BWUVEGKqLFYspScK3j5XFZGU2kGsmWHhLBSzS
7gMurgoM7DsC4ar8AZfGfDDs2NrqmctShHkSeHumLvG4
HixKvMRNaapShj3v1J96jLMtZuo7wNwtGAi4c1Q5rJV3
8A3KSxmVE1rx82odQDeLqg7S3HN9asrAT7c1uBWW5Jbz
97xAKp8FjyXkiYqTtYWN9ArD7KxTevzaCAo7VCcwLAsK
6LhwK2FU2pqVJhaJuPuT6cSw2acuZXUVoNymxLWRZHwd
DFaYsRazY5tPKeaCjAFeQjHrrzwxMNBiznd7Xi3YYqY2
4iYwjEx5ioXCrJbjiv9MUpf391CLb1VFkTW3YT1CW8BT
69ryYKnU4mC4MbaozQ29KmuToNjNDdtRspQZD4Fp1aYx
9v9D9kvePLBANY4Zx2PUzn75dHuQMMMcs7mZLYy3gMaF
EhGU9nVahqDLphFKE5reGqxTCfv9FBBsv2mZNS31ZFU3
D6muPUw92CPkWwv8PaSp1vSi1Y2ebCPXgkhUNBRXQost
EEUHeJFM6mUeN44v3kpepHXXBcGY8xV38TjTNxHEt76U
7KWDs7AH9pFYsE75cArxcmtD85J7JKajkRyQk3Xh3Uqq
7BCwomfUqLpAo9DBuveRTMVBmo6sjRixTFhkfCJk53uQ
4JoVozR7f4iJ4eK8QxLdZhV9Mi34NEWeVUVL9DGSKXtU
4cUyDakNPeMEZtJPDJGNujWLGF1XNH7WbQnheUEfD2xX
EjJMomeHYp9LvN4LjRS4rNy76u9JnmExdywS8xbVTvR8
6xKte6bKjd1rkQc8FwJdh2qMuJhoNmnHhU9HZpEzg7Qj
GY9EGS8WhGcmzELvuBW9y88TuKi3GxeqhG3cSsoDkF9u
7tMyU22ViPrhY14fy31bSmTsQK6rwc9q3Zbq2u5RkZis
423nTrGwBhrFkLRFz3kTVTVTWjccrzR1GD6HfF5noeZw
FysYPUn2fKPaM1Np7ijreSckKy9Yy1Ahv5jKNquz3Ugh
5dr39esCxsaHoHedAR9mhTtbF2mwR874vU3Vemr8EBbj
5vRJ1GbNtbDiadKHfnM3iDF8pLJYbPvoMd7q1buqyTDU
AhYyVr6C9uDmRLEySjBVZLP945561HK2vhv9B6aLYU5v
3FSzgiKRz7gvVR1CWx5d6vco4gnPKvY1RefkWGEJvUPq
8fqtDjTBTT4uTdvivSe76vw7b2sHkegVsbVtS3LJsG5E
39cjuP4RihTpTCBL92cTtVfP3EZAQ4hWosYQDB7Q9tiE
CWadVUgoMJKB1RGXK1aF4JrePrjp5veBm4VQLvArW8UL
ET5ZMgpvAojs47caKgUY33k3KfSvV4VrgHmB1ZsTjond
88BZsUYzV1sg1KFsEH4vEyMTNifgo6MGGbUxiS7ci9Q8
4mjHt3pmKZkY8tr7ayT5kBwcmMpK9W4rVwfU2CjBUz86
FC4LJ1JNAb74z3mLGfNesda7cyuzyfDfFagLdCRYPhUJ
28tLPjFZf4K4WCjiQPnveiWAapcB7xXrbySnmgWCNtST
27tSB8zipHyQJT6KpXMVXAk9wrTK4z9wWKjhocVhKSVc
4mEYrNREBxDWynMnTULsXWjrFCsXeFtaajjhAQkY5Z29
FVnQJAE81hKFcJ5SiEJ7mjHLiunuzAdJj3Lq9vyJ9fSp
5UBiv17A3vDiU5LuyvZznC6votZSCU5wL3vdneAKc4RY
9v9D9kvePLBANY4Zx2PUzn75dHuQMMMcs7mZLYy3gMaF
Cn15LN4Z1EEoaSuARWmxa7vZoTMgtu6fDWJ88CpUeM9E
2uFa33oAC1s5FJb1oLMDUtFE4F1bZpJiHir6Ujv7RJxM
7tMyU22ViPrhY14fy31bSmTsQK6rwc9q3Zbq2u5RkZis
7dLxr6ssRkXvzb2x573LNbJjgnvvaYMo2QjNRt56Ypkx
9sM9DUtGzaJXhWuUMiYrdNsWd6gSCADdTQzPw7sux1go
DjnwdU2Hj1knTjbpf2R2SMVs8f2VaABUgMHgNnRzjVME
C4JWRGv7hoSsf6hEnNajMhgCSrsunXa3jtc3NQZ4kGco
8XrzqReDYVn7dBxhxZ7KFyigtye5z6F2tRGRXKMzRdLK
DHSCVnV6QjK6yXXf5SnDWS71rdFqDM9oKdvF8jNBAAFz
BWU2c1fdoEJ8PzKUkfwzgTVsf1ScZi41kKCXvM7e6dBx
kMpkKtFx8a3wioDevgadtgdJhndUTfuBotH9vMW1k7c
8M97uP2WxHgg7q8EWYcYPF7xCNtPD9R6sYHfERzWaPBD
AMrDYQ13AX88WCB7puwTVu6BEbg6rfFd2FYSNP8NhX6m
BxZat45nB7rJZxf4MzARjCYNu2NUUkFDHf51rFhtqYUj
4H389fKsqzX1vHGDrtWDLUKLkcmMi4aJsA7srHwZto5r
EBAn1DsJKwurYoNZuezibmYa3siDCQqUzSM1MNzr7MWx
F29hrHPe2F8xsGAEZsN7gAMNAbGmmqe8SMBJvUE7L2T
Hp1MvurGGDd7xA8zEdntreKcM2opJX5qD1WAApagZDfH
BgN2zjTaABCSVPdnAJUR2TVfZpX7yzccfpJD4iycjmQh
HQxn6Z8gJXS7EL2zsmnf9eSH6BZyBAfHdb9HeR5fE3FU
6NvYLUJk1kXGToHmevaagExkTFsWypW53N8AxoKXrjPR
6Lgi6X4JZMxXkUrXmc1vMwrjp25bG88cyRBVzh3ZMeVt
ANUkikZTPfEoBrqtveRAeNkvVqZv335H5Nvspm6u9Ghh
9ZSG782ComhZPHe8AxXDP9VGLAuAJ8cwjoyf8iJXTL5a
C8aLbQZv86ZyBePF945Ei3aRD2biTo1W8HjAAgc9Nyqq
23XNgo4x5FwiQbN4TV7MZ4ssDgQ398vrpkfD8F3S8KTj
YdVgaAAZdq3TR3xCfQAi3dDzcwVKnffKeZfUDuf3TG1
DCaxpYXpNxUxFcaaGVfVY7dYHT2BuBPdLAssdvCqrSsd
JUskoxS2PTiaBpxfGaAPgf3cUNhdeYFGMKdL6mZKKfR
HQbpXKAqSQLxdEPiV74t3bJ1ad7ta52RR3zFeDWZWZem
DWaAVXvNg9NcNUPLCwRbAhc8NVmFzSLPQCFuwkxgp9Tk
619orKwaqxzLbhGEfRzSErV4XFZ8wisw9LtczU42jy21
CnP33htGVwKHF4psPq57QnRpiNTgKW58RyceytoX78n2
7V3P5Q7sb3cAe8Co6dutS8ZnjDTbrZDVvx5KEc173P7v
5oJPbZuRqF7zX2wSwdJiqxrFE5srevUK9HyBqCAyNtwk
Ez1XE3DCkQKSvA9PtXDWnPfpzMMGVM7BFJ3pkten5SEq
BxCviB4hviwgAXuZscTiTQcoXd9pF7CdctqqNw3txKkT
5AZr4q4u5ymAJL2us2GjXEpaXhC2kZPSxKvPhQkXeodJ
6j2pQTj6ZBa9PVQXf6C7xUEijiok5yn5fyDvHDTsWE2E
CY7u6f6TG8qPFxnng7LWAFHDF7zJX4jCBXiQLzgr3omR
9mjDRTbEyfNjuFomZHo2ZJ5CGgW7XWS3QeNzYFTEMjXD
BVFTQzEas8kMPkcugksaTTuLnQJ8ESxtLryk4ngdyvjU
2FpCgpxqitrybpy4gUnZX7LAsR7Qp4NBndz3XCLsbdMN
yXYzVF3WnzkUVwwmejoNZkzJiQcn87Ms9avDqFQEuoU
7nrG7Yne4hepnxN29urXuEv3qG1T4a1uBTBjGg7emZ17
EFfb1YV4cHgChUfVizi8Fi1eDmXpezPE45MqcYTUhta3
2dD5qq1y23Fq1qLj5zJkZ2425Pr1dvtKQPMa6AGF6wmz
F4hN7ecndZ8Gr5KQNSFaSrMGawMasz7jfWTLTMpk7gaB
BmN2EK5dRu6MNAjeG5VEkso7VWpMrfYMViEfAzdE3tHk
HixKvMRNaapShj3v1J96jLMtZuo7wNwtGAi4c1Q5rJV3
Dg5gU6sFvZ59u37T4UhaxQBYeACu5uNz4UfdM1LJFGrg
GBEFY8zJk36aE5TNHQHpCmcMnSmY7VzcEt2upUsxRWB2
o2Aug6JB1RDFk7yYsf8QCjpWo2WzgwFkM115gtSJU8r
CRKcGgxV19vV4xXWM1cPxcmX6R3UUPgQxn7dFpzxhZ6H
MrrCRKMhxvBWuoDLFgKyji74dWdKk7uc9qj4fecErhb
27cqEXSTJMkekieAuUN4CBz5pUUbmTwJw46LzbSnwpvn
6zVwbXYmzpxgqTcY6kWo65HqQdoymqZdrK6mQF9BUQed
2As1KhHww5YG6HR1WxcYddsfmMgV7MKp8DEJV2kLGZHo
6gm2dbpTUaKKuxTpisqLtzQ7ppGPKJPrRaidbhrBVETZ
4jKoSunJWtboEnLYTR3CqhqpM6GBBvCJDADtKk9ehVYY
5zYWovYn9kdMX9wHovwxMFJCCzwwykBY4pp4eEhCAt6v
FQzZkzZvz9nTfdPNRTTcYKRbB1ziAFFdF2fQDueLuJQV
9AiPK5WDKXFMaiA6V8JhssUZNQEYt2KMbekjPgf7LmBo
9vTVgL5yTaRSj1QThL3jViVdwZTiwvPzqsFs4eHdjZjf
HExH1uQGJ9z6gH61JhXeZyFwS2vcUyByPK1ttVFDD87P
HLgDigySnbEG4sKjoW7Ttx29V2hHAGZyjtpBaUuFxaLh
3axWHxEVg5YUD7EfbxQLiEyVLV2fuKPHCy8FEeHcaeEZ
kSwBNkXhyAevfPXQCiB93TCEESyxWpaFc4vyUtTUyyL
2b9MDayv83BYeuChcrD1CJuQMxzcd1ALSXiRQ6o4YgGF
69tGoogmumWeubV9rjTYXco5rK2ZPBioCY7DM1mUK6ku
AzmKB7i1dJucc5Ec1mxpoJor662CDFKAAWRstWDtrmaq
6niQWU7nuW33ktYiiXjicAouaYYiwTZcgge3u5mZUtsc
YgFtXbkcoPiof3eYu7WDVynKk9LkTJsp1uzFK5XhzyX
87QR6awHr95EEGVGJLup8fMCh28YJ9bn1B3GS3AxpeaD
mMBkKDM9e5yk9wMcQAkFhCy17Zyd7MLUz48ehtqjWPW
996Kb1a7W4mqbR6qxzEDBHJtaJv8bnpWmegLJxMtpg3R
H7xSughJUWq9wnpC86rvtjqRpW79SmbASbzr8JLNz4Vu
GKPoVMxhDTi3SGxK8wRgguwfXjV8EmNkpqCfeQWyhniT
Fni7b9HLdAL1fPNHLYzQxAyZYN1y7MVKmjxhn8QnyMWH
F2E3GcXewJR4WfVmLhJUgNK2aRP46s638CVFu3oFT7ap
8csRVd4c6KK144uQy67EkM88meN3ArBsC8mJzyAEQeYD
B8unY3f1mc2T8CoSFsdmo13Stj4sXZYTxLtQwH2DwyvZ
BJp1sQhLjmLnfkqu56ifgjFS7QtFwDPnndLAhGkbA2cx
FHDHmsEMhtjRkAfqk2zhXZ33fdx6r1waNsTKqQDNiEzo
6x5KZhRpSK7SUNiKY5FtUzo4dnP3eEUfZdNDzcuPqwTW
36hFt6H7GwDt7Ab6HmSh9QWbmmPXwGrEYnUW2DDKmaGY
DiS7bfj8zbcrNzS7XgTiqjh6L5hdWm5QL3x69EUbtwzk
6GhnAGCBwLkgiuUTkui3meBz3HMqqKB5TajsyBD7KmCq
6ykYU3fWNQnoNunJKDLSVSZWCMPoajoE8EVNzKCYs9qT
AP7H1xbTDGwvctqZj5xHeCZGy8i1jGuBQBWq2KdN4U6Z
HoYSJxi6u2hWzd36yWasSE6B33g4XJVLtkGTLj6a7g3r
EQFh6gCBG5E8RfDaUKnVerJYmMDzpYq8rGm62UiX5XkH
Hp1MvurGGDd7xA8zEdntreKcM2opJX5qD1WAApagZDfH
Hhm3PhZDJ9wmhPWxgBctm5A4ogMyGumwzxbnWPTXG2N3
89aFxgg8VHgDAh2MkmjnKvjVkbpavFV96Lau1XNdU7o5
33apeLJZtc7FvMqWoLU3yWupJCN6ijGkKUD2gUmjhxe9
97xAKp8FjyXkiYqTtYWN9ArD7KxTevzaCAo7VCcwLAsK
Ce6Ykg3UXpTHuLuYvgzZcrojpW4KSfyBdP9VuVrbZya8
GVwhePrLB1fJfPgw2JoWiK48qCgYEBHamEfd9dUSR8Xu
GnNCNSNwysgrJZp73XZzeMACNXhev4p3nvRjEeaAca5F
97xAKp8FjyXkiYqTtYWN9ArD7KxTevzaCAo7VCcwLAsK
HDADTyGCNnbmYa5MVpmUwhDbiyAy8CcQ6k5ZDZzQGuuM
5Z2FBTWQrtUEy7WLgMMepAzfMBr3Da5oBYUkbC7fP79c
3i1tNVmQ2LhTRZVJnYkdsT6QDuejy2Gpmx3vmQuRxoS5
CYYP4j1yrjxCkmC2m1q4ByTQio5szs3a5hKAXjeaMvvd
J89HXU8BEveEE6vz7xfK5scknkXjmvUZDYZmsEZbeEvE
