9JceWqW3ZKzZnzkcz6JfBp2bWwbf7UWwjNnRKPf5DPj8
5XhU2GRQdmg3HxDN3HDETs9MxBGoHtgn2orscDM6G5bN
DpwQvzG6pj2mnEgpKH9L4uWvmGZUaEnquAUjUBAoWNx7
Fdvnw3Eq8nyTnUP7SFpgp6idKxaNPZsSnCKYakgTzGTm
8zdoEFrStMrYbABtXpTXrc6citrrWnZmvA7CNi1kmSxy
MvogSQTXToXV7MS8hDbvfWGoELDtR5Z75SGMUNiUddN
BU9GQbSnXQcF59sm5VW5vM4QP138cM6s2vV4p4HhrDjY
G5eMiVsAfVcXq3wsQa3nECSQfdJztCXjgiBvMcdQTCRj
FDvjzKACmcgfCfWsaCVxbuqCgGnAjKpSLmKvXzCQFyGA
HuDbdzER81y7ceNS4JrTWJMVZmD3mkAK7PjGRDj9oC4V
4cUyDakNPeMEZtJPDJGNujWLGF1XNH7WbQnheUEfD2xX
5iDcmVaSaskGaYt28dAhTw5zWUC9UPSqsf9M384ofg55
7HVqyEcR3XuqoX65hMKQTA6kYssNGBbi1x1fxJ49Ycux
9v9D9kvePLBANY4Zx2PUzn75dHuQMMMcs7mZLYy3gMaF
6DNn4M9Sm4Tt6qTXCjmmeMJ2QBqeQAwSXwKBEHDVYhAm
3V46Bp5Xd8CMgCUVJjCrte1rYAuJWwFo6CYCXfuPnmnN
4gCRoE4M4yKGAV2KwkvuxeeMkv3PRkjrphNvbPNv1mhp
4z8DfUJGJ9bWjPwk1ohpF9j2QBGgc25NPzX2zRUCmvoo
AXXNiowC7nbLViN4wJ9Z3HcXifsEkWZHzY1UJ2Bei6Mi
45KFop68FVgH9w2eCtFHhS7bcDq6Xjfwa5zEbEn7Ec8y
C1cnEt9GoCfxk3HDd99TMEYJ2wbVSENgR7zQkSPVxB5J
4gLUNWqpHjpXTnLeyMZLK9cTMxWHBjiNPM5vBWjSARt2
8BStRWeqCPJPS2hERr7V4mEgdodaJZDTNXVM2Q2AYHr2
585a1RERUJACZQodbSBU6pV6ETVwrrKbesMVq5i5BSMV
GMN8WgTuVzCf33CmRh3aCPoK8cQCSjGGiJ7QW5yvLeiL
AnhGinUuGbYNFzSsJpwDMToDhGWHTyEwLS2ms1M1VkbM
C9SfY9PgzRurLVUj2qgoBhiCmDGN2ZkdShHH6RmAZXqJ
7iGCFYLUJczcHwpUnCCK5QFBCvYwznnj82RoYQQnWu6d
daVrL4UCcY8r9H36wsDCSeZDvL8ui8nfZF5fnkFH5Pd
29Q5q1RAAGQCfRbatWfHyrtDwsBTGYVUXhcXvUdBUWjL
DB4cQzATXHocT2GCUo1sJYKUihRaxdEeYnCFdGGAiKig
66FkiioC3gRg3HmZxCKvpK5mP1Waqh5BHwqnoArc42Qv
8KSgT8gE1MaMTgCHs82BzM1hGr1rXHbexE9fwzNCmotF
8Mkvgj8hX48iXnyqLYCNbE6JRX9gqWvaTSAywA5xBYfs
97xAKp8FjyXkiYqTtYWN9ArD7KxTevzaCAo7VCcwLAsK
6GivuddyPRhPo2hWew6BznpudSNFMLsENMEsyZPVAtaV
6hK4TePe6J2MAMeb9AWcFwi3XCMwpp67BXaxuxFmNKR9
9DNpAAGjpAhYNoghkBr6A1vfXPNNwULsi2yeMLZNARAi
GRKqLdY4K4VhQC79Sa6EeNpSKchuXGKkZELPAUtg5UiU
ENaitWuQShMrtnPhATzdnZSEKDo44o3RQm7EyScDAKaz
GebmoHLs9mt5E6ntUvCS1PKm7oe9wM1TUkxARMD7r7XH
AMnL53CPuiU2GeuGXE6kVj4s7zahgodv2p11tnT57jCC
4KmUBoCHrBfQzquAGU39PdwweFNc2bXrSUU4Yq4RqFjR
HFqbempFrTudgpE7mZ2U7jsxfuJcgH9DMprLKLNdPs7B
48z8kbnt1GK1cxD97YtMLUGj4UtKD9fYSvmWKbv5q4NC
FzkkFEvZdvWNEKwGMQCjtP9qfvoe86ZEWAg6bp7PoQsX
BMJD41X25nKxUxT9KngB6HKsSihZZrGVWqzWG21MMTw5
6Jn4qEFk43JYtvVMq9s9HkK8FpvW75dT8pTYeTNxKpTa
6woD9NUGTf8rE59ijQUKGNvHPPDkeD1aMdXekLuCs3T1
Ev441nJGXGjJkprRSixTmJdMjnnGZxGxirWT4udMVQs8
BU9GQbSnXQcF59sm5VW5vM4QP138cM6s2vV4p4HhrDjY
J93Difd8Nya2C8ii3kjnbPyZEVKPTGu1KXaxe5wRghHd
DK5Hij3HpKGJsRUNaxspC2u6LdncqoUwHsUSe6TFb9X8
GV7GNqxM2YGRmmEp9pjXzc65vGkJhkndbjXj6HVG4mLw
EZsxgTx6JXqZS34sDynrFkKD1Q64Eve7AW8FjawFfovV
A5nTrTLqukCBFrgFy2xDXVcehCnMixt2mqx7w966jBBC
A2YjaXezZH7CgT6EQhc3pab744apEWdX9vyUrQBQT1AK
AfYExBciqT9EnkgRRWtEaGmV5gTbGdu1cFg4WLL5XSco
9nhNGaHJ6Nk3v75BtBfcxGtyUaJerPajKQzERmTR3jVu
EgNmqbFYvStKdiu9DqZ121hC9qEZmUi8hnupTU8yHdut
ApR6jumfhVmChomF1v93izB99WsmcDZt3mEzQiEUxy92
HmPFmW2NjQuLB9Pry9YdAmFEvhoM2L4F1WRFodHPS25W
CYVikdfqKK1SmPasR93k1p6CntrmqGW4YcoSYQQ2TeVp
3oMZG29qio4WG2avxmoviVK95h2kEgyFp8ZjU4LDyjsX
3krrnMBEMX9RGT2xRC6o3qZR2bBfZFryqcfCTcXWg3Qg
72GAVS85vyaRypoQavWSZ18sjoNWyQscnXx7J9BMupQS
BZfrVXv2chucEAJ5UjAGDnwWbjjqtCjbQQ4BWSvecRcX
2GqCRyC3hLp9jcwigwt3nTYNxVfZUA8bPfpUVmnTgBq5
Cwu4J6JpYqbyqhZQubxdo7bnL7i9g4fH5qydgfB44CeV
4jvJMGgLqwP25CE9NH3HhkQWrCjG3K7Uxr27szxokJJk
bae93fAqQRbzRBwLnC5ZeDt3j5uX23nD62B3pwvpgXB
GY2LJSNSr2rVTRuMwdUQJCXfzH4p8Fa7neDxkCR2Hypw
anTJYMfh4dStRWtDZLwBdyEJFJpKi3gRY6YykxTVCox
r1QHFARyygf2xA8mTDekHmugyL9MiLfAYGwwuATRJuj
Eh1qhCZgVhyQyT6FFaqZwaz2cBCyCET2a3ZvpoMTyQbL
E3v3UYxcXAG1uEFXPkUVvE6tvzeT1dqWhwbPzefexLSu
DrzrZh9SaJJBn4qsX8UwrqhUT6rg7tj23zabRkhd8BSi
2TvyS5G32a4shYAy2Gj6LTgLoKKcfDQ5SCGD6tYZ7V5Q
FujNCr5NkCmFmZ6yLSgTaUM7UsdoqqSqvhN51Ka2MXpF
7K7aU8n15u4GtLfHdcuMQMWyCykwWtGwg9Qbgytop8SU
47gLPvVLGjgJsPRHF1ggWgYCuUqrwhYjZKqMYTQMRBoX
3Bd7nfc5qXcdu4MuLf7HbuBHmqTt4SR8zi5bKSxb2eg2
FznCcguLN2qa7AwDwvgurbLTbhs388VXSmbdYebcQTBy
42AB6Vz1WgtaKu2Wnn1qjNLNMjmuPCBPr2B7ChBojmWz
GChoRaGhcY1EPPaqoZ57TcpmBD1ECoGPxqkPE8zg9DSX
5Ve3bthekRQ3GK8Um6nVUqKz4GUzX8uw3EunTfBNGS1K
H4XnfU3Sr1J1sFUTcdE9jfWxvbLAomjC8UNZkNpzScDA
DD14d6GeuU7FBN5c9WmgYkFzPsgRxBhtkQpYEPbLzTUF
8XzkwRGhiebBx7bwN5aYRwe6TMMDzqYytjYB4DWxdHRW
2pQvQF2WAZ7ZVx78yJpHyw3nVHM2kKAoZzve29yFrqRi
Xyk1BuGzf5nnHsEpZP9idcuoQe8ft9GeXu44zWPXGtM
14BZE7NViTS7AwNpCT5QZuB3CYPePe2oZzetq4q99gXX
ADsBye4CQcoLLcu4gvJouS8V2EyMk5DN5BdFhzFFKj61
EkHsWj67nEwZKZk8RQsVqn4t9vv5VgLyArLnSo4cvVCG
3AtniTU7yZ6wPzRcZkfwMzK7F8S7XNKdbke2JaoSYD7R
A149BPr7qHKtPpwvhLWDmQVYuGa3rbxE6KPUjzq6THzV
4CVLbLUcNUdoXkb7GhEJmoPgiiv7G6fistNWu4Rx6T9L
4aFT2xSdZCTKTQvdwd8xgDaNRhWTD9yjJpHE8iNxWicm
2eBBNzw7DeWuYfWhPVGanm7VyYogiWKjSRcAHhcDFSMd
AfYExBciqT9EnkgRRWtEaGmV5gTbGdu1cFg4WLL5XSco
