94FA8RowqytBgTQcQs29V8QquHG3Rv1zpwZQaaLp3GA5
8yvF4CJ54ai2Cw1CQBRo67rvPBVxTNHe2GeaAN4yr6kt
J2zCZELu9RkeWNa7Dsi8Xn2AJWA23jrmotnyNuq6K6Xp
6jLV1KSjS8qwzg5jAShgrVreYfRpyVNrvMGs4g5by3i
Gpz1uf1Qhtgp9onDBBaGiQ2zbzxbWbcqYRGdEgHysnrU
CPKK2ZMuqkwkzu6758wctXrXuTrNVN4SdKNceasHtTBP
5AsmB7z7W3L2hfD9KSVng1dbuVKXXwfrQ9k1PSNGHmC9
ZrK1ZmZHQbbDNpakX4cfHhWd1cz4GrBXH3PaaA43ryy
4eyvbcSPeifiHG2nEcjSPWL4ivxZouWzs3oRS5oC6gob
677yNGt8oe2Lfiu6ZCbybCGXEu4oDMS9eK8Kqj655F1
G199GupKYembk2LPvza4q5Fn3UR8MG5uVZyb2rbCyEsv
Gnf3Ukuam66JsK1guYNNjxQzwA57svm1X91dn9J6CmV
ACcgq3cweMMf5EhAFDpXZWnmYVVoniEYyw1Fzt8JLxro
7EKXEp8jpfep98BWgpyqvydpWrjcT8fA67X1QUYRZqJf
9chLRhb7PQSRaCaFQUFYadGpDYnUBKro7SeC7BUCeLTj
6c4KTiBDp1fQqdp7yw2Kz2ShSYCSQfQ4dtNaNZer1ruX
2bkFmK2M9mrHxPYmxkxEXLUFJ8UHkuzo8HFF6HRaBPEd
9AnqPkbcqYWbYdE9HGJpjbwdaPombye7Y6KDnp4nHcyq
6S51VJMYemzw5EvYZf5kssTuepkWe3cSE4ycLv9q7o2f
G75wVLq9R5u7f8BqsF4kirqymxDcHFBWv6K58Hq5yu4z
3QVmtP6Wx5R25HpQQNuVAX7KP5vxTPC2LwMTbChwGAGg
DJs1xmsz94NZCxCxpi6xxKfgvkvAMFBT4mzzz1zrGUAi
2wbsPQiXY3RLgg7vkAx38WXzyKLvdVEjbg9Qv5bnwaLg
GtpvuV9yZCPtePjm3hxGAPd4fSo9Yk7ud3ZEU7KvXoDt
7yT5yUxwf1s3w8hMHTytxb2o2BdHztpxYMqx9G7Cwu3Y
8khWHPkdEnRym2f9cqsoN1cDu6Rj8XRGXef36NEwqpdc
DqUZap2SLrMNUQWTLjYmnaeNuBswhyTvJzxkjzRNbRGS
HmKeQghjEybfP73xj6J4jGKSkEguRGdq7ukWQRewadGy
2x9eTdsHCTTnLyQDxEhGJwoimLiWwvE1mq4ZkjoVn8ry
69StesWRP49BwEac2U1pLc5g13cyVTL7HgqcU3qiZ8SC
H6jmG8ZCLap8B2HTyuVNCV5iD8bZHuqiX1CKn9DHVYBA
FCs5FFb7ujE13LJVDAXMzkHrrvqenNMSGM9bEdSnwBzT
z8KJ8mtDgEJ1k5pTytvEwFfysdiHfYoJpBQ7qKqQdMp
GthiTK9Vcthq5MbiXW4tCFFZVKaB8ARy2xbpEgF5xYPU
FdMUmseU7vBuLHehY3WKM3ZUms9tprknEgD2yqpva1x2
CYefhsiyDDvRqrqPX6mRF8xLcaboJygSMKZiSeCcC2ed
3HsqiBw6HccnKU1YgJcoaudt4yd6nPVWTonmAdXFNfK8
SprkGKs4uFnCW9QJfejKzaurMi26KhxcPCyY4vfvNng
7Q8seemei4GyzwwGyukdCSyQKcsJ7oW6oy8PWVrS2Yo7
7Aq5XWiYWAiiB9WsYdzD5KBrgWLP9vb5BDs6GXDa639p
BZJwymfpYcsiEYuHVYNXirJdWyHwm2MMsavsMydpNZMc
ADs65eE1kkKYHZ8yacRs2n8xQZ7XG5hRhvggiWb1As7m
3fyxeBPn315agTrLvKJkZRmwocKH2TzVAmHWKmNtPzvk
3tf22UEmwy1P6iumYj9NQjnVEJAbrU3RJ9KwtUdAJvTt
4KTCdFamFYsG5L65KTwfxqVzcPP98KKL5yoTzg6pJxKa
G9xhoW6YWzTVhzYmpcXAaBjeqrKz9kFX9dzXBeFGxMRF
6fUWuj29xoQHp722NpxPfbaviZr7iGYV8SvE4FJAfqkH
9hf4ZbTF6gWaxPuFbufJy7EgQejEajx8qxfDehG9Ygvu
GYBGU5XNzRw9tXc2qf9vCrijxku8yMmNBeFAm2kE2NrU
8C6zak5kJk5JEx6ahKej6uBmdtSb7b6QL6DvHRVev37a
6PBvX8X6VVuy33Mb2Byo85mdo1nx47jiJHMuXg7y9YKh
EsoLh1MzL2scoHkpCtqe2yvYE6stvXJUjvcb5yia7b6L
2kieY8LfDhGrob6zEjjrNhGEo6hSpjQvtd3Q9ouM1yy7
euXZaAAe98BL8pWYtQyhDavM6A5gkw5NoqLCBWXPX8q
4agAmDF8LTS1DkJomZPCm3U18xzv2JnNK5BJbqLJwBvL
8PgUytttsRvdSZT2KLkDJ54GtTV7jMna3T294Z3zREKf
HZu7w9GSq4xukQLr3JyVfjYYKsb2AhwsVoSfzwX1QnbT
3tRSzD5G5hkRs4E8DtiyB2fnLKXSt463dtgyXJP9CV2J
HUJ7DrJhtQToxTezEQrBYJiKq1itVChHZBykXUknmtDo
7wSWqNdERt2M7DFGHL528D5AcfqnB8iFnxiBT7nMCgmv
7EsH2hG9mJMpg8w4VHumygd4Hknm2iuoyezRJPvBnysf
A2gN9MdGEoi3a1Ux4Ru9oeQjMAiEtSnAP5E2YveZEZ7K
8o4ic7pRooQ5c2mCadrhXj4WHqPkYWTVtjGYidvB1ND6
EpmNvy5bQ15mnQLMPWX1LTASrPf6GwFS51kpsQMmWvDE
Hkx2t4cLYQV3HWGA4HBTJxRQDvYPLMFWqKCrCqg6oAF2
FKm6pqKn3Xf4Hakj5TNMMFuWH9thd5Ag9T7ehPx7K8b8
66ha526CKVaUQuvQFc1BjA7vticN1cS8kZjgUC7xEmL8
5wbGhpGGKEEAq1872PyibPrRkYvqkcFKNDHqB5jAn6gx
EUWNHMYR5RMVoJbbHoBY6pDt15dekZfjM4qifkL5m4A7
6mUTzMuE9bgdUic5N8nmQh3u6avzBQNWBLtGptEQcy7q
7WNQNfhay4CMiuTFmQCz6vvpCnKkw8G85LH6aN87EBFu
7eidjAopocdyyYDW36rxPyWAWUZtWr7meb3j8NpYcVXR
9tyAmVMt8NDVtYh6cHp6Bp7irPiUYZ9um4NEqbcAVjG2
ESgFKmcRyHDdeNQSdYYLyMs61Us9e5KCUtyPxZLb86Dd
GnhcfzEG7K4PriLGLDccVvQJNPmmBaD7FEZZ6iP5zYC7
GkEZ2JDuR5Une32ASBafswSKicg3K3rvrPoEvY6o25sp
6vG1U3d9QBkknJwav56vPQFW9fLK8CZ3nz1DwbjUmiwt
8wp5SHGdgBUV8haYSiYKKgpXaqWW7MYHfe41rmNfHpvi
B1p1rmJett2rh8Vo2jVgBVci2hStyNCj6rESi7sBqwbf
6JFXd1NLh3ZgDqcrUVujysh4kST7Hp2EMM5AnnEcM9Wg
7cjs71ySL5vfq1RwZHBrcwsqT9QbuhVAsz6tDDsRDYiy
DdyTUoUC1x8Ttrukqt2u7mEv58KtRrfeWvGPU4vsWwtH
Cpw59eqQrnzpNXVkBSqn7rxjtdUQducCL9XvyJhhgmQa
4pMSuZMfgrSfyUvLBuyVFEfbukKfYuKC6ftioxqtw68y
HpqahX72oBWSFD3Xi7EdLQibD1GNiPzFW6kJa6rQM2bn
APNEoTPTB71t4ZKm85Y5UuoSuBq5fRf553a56KEFwpWD
2G9QSGinUdjRFnKwBsogoswodrz5ySsbprjt84c358a7
8ojQzMsexcnskg5EKaaJd9jUG776oTp65WMB45tkmZDn
ChJQMe2wsFstocDEgqFHjPUiMBwN1DX6TAtMTUVLo8os
CcY7oUZiPqdvDn4RdKwTX6E5NBzDDD3fSkVBWoqseCD8
F6pX4YxtGriFkwxwvL9xgwciL2pyzi2QHzJeSH55r18
HDVjwAzEtD6dGNpr6vNkSAqnSA5dVGb7QHrTGBz5RGDc
5s5NnABnb37Ac4A5CruZX7SZ2tFQjBznTKiwNa5LJYKH
AEYhCCRvvzwhcwA7FKmf2QbxXCZRMBGAumn2WzpA6W41
6dqJ9hnY37kMjEjH1E4nFfVd1UcDv6Tw5mqnTBfLieVU
JDQ4KWEqUPPYrG2gUbp17bD4nDZHyjaRmGFBbZHFqVdc
AtiUTnv9qUNBhF6v7GZjBQiS3fg5ZYcxsBST1eMm1VQp
DVgiBrJw8vGg5SUarHU7jSsNrVqpJBSJ4ryKkK6ya11k
J38FMvuy39d9nm1gUWYfhQtKogFtTXcqLHSkZUwk9n5d
Cszqr7rvDcHHgwHd35jJJxwSFBh7Qhp83pPzDQgAkdVd
