HkYVEQWSr28wkhczoLEg4ycEdkbGvD2i5vZmtydHXumG
H5JUuADzqWpRrdKWeQqTBX8EeDw1bUj2A6XTg6wyvaDk
NWz9cWKZESqjZm87b49VdRREJmPD8oxb5BbRhTaX93j
DvRqcmMvAVE2eh4KkuZw5H7vvKnZJer33vXufnVAAXyN
ARqcMyToDk2AtsAf8vWa5KncmHhgk2u3iWkKNknwWZpQ
JBJBNUNBiWo2r8pLqkP9b4b6mSAfMc7zPfNgHitCX6Bj
8objVGTqjCYeMJxeTMqHPPkevkYsKf9c41DRhVZyBCiL
87iLnwMbtC5G27nmkJAWdYYX9uoGZbtZ7mcWnscv6Hnr
6ZjF4iWSGKm2aEhTiHVRr81BJHothhXXyfnYUcSs1TiL
D1ZP31N6sJJ6GRBenMbJAt7hPJMhuyHkQYeogZEau4ZD
EqxzFpo1QqdwMUskwSXX23FqZV4Cppecu92qN1doLtJH
8fjP37H7YNn7YFfdZNgAgViDwfpCTQnLGCnz6XQLj2aE
HGfoDkWtpQBH41qxSqFkq9LMJzuUE8V8UbCTMLoUxphW
6zGF2MRYZGDkfG47CQnS9JbokQ7Ycn8CzhSstXSiE331
58hYvDv6MR5Q6C63meY1uMDUHp4xXVrDHZizbMwvacrT
2VTFZE5b5kfkiABGX6Pyxj13e1sV2oDsBMzk3fGSwTMM
E29Xjz6gmaPbykDdSc1sbjdNmwiCpaomLqQLzq7Hhzqr
Gq5uhRF8LFUiffCpE6KRa2jvtQZ7qttXFiABXBF3z1u3
DVqx4w6XijDk7mXgAaLPpQCf7CXbM7GZKgbXw3b2ukQZ
B7TvSePBJiN3kSAR95NybWgM8cQAMzsfne7itzjWUf26
9iiKz8dJajm7b9Uhfp81uJY9NbWiaWiQw4Ejtzmjr7U9
9Nsgmdz8j4J1XHGRSPuxtNwgWQAFe5dA99oBrSPZhTii
Bee6sdK3LsM1ZAbwN96DvFLeKfoTxiuQWWvSDbKs9cWH
Ck1Dbcm7vZsnoYVH1zvijTKve3KNB3WCzt91EWQXxnwk
H6NWdhQhMYBMEey4RWPjdM7BppFd2cP14WX7C7Lr8BFB
DscksZqjgHoi3qjNn1EEbhDfGsqbUaeTT7deJZgadMdQ
2TwKDvn3xKUMLaZJYybzvoaYHf2tXbSYe5sQ9q3Z6QWj
ArpDYJWUVPM84Zs2jYAvUEeeH9n2ZWcmiWuZbm46FBsX
CoBk8Jrd7GwxkBMddGSsiaaS77dzmajet5nJ6ALPrzt5
G9nCCqTX9Kxi1w6D32ZBw7YoTwefTXx7Dk3k9udDhpms
5mixDHnSuHT8WBAvwB65jUCRb6ixNkEJNWS4vKDf2kmR
Cgmx8qLy6u7a4T5BguwMBDZyzpZdRSgiZgiJT8GnrCYG
3EEhcpmpKKY5DCKoPp576KscDEzkW7jNJcmdX6AYFstR
7ohAZ9MD4HqcYhw87UFCtMBc9vPS6N7Gs24fYgdp56CJ
4fCX2xJv1RDZRRXAUsrKFUw1DFEtXsoAJtNj9Bf85xSQ
26UkR8UwjppH9NhLeZdWzmc4ioqj5LMPf8ctKV2JBHn5
F4EJXqQhFjqHA5DECE9wtnXxR44qVrhbYzw8de5ytovx
KAkRo8bKDnZ49bxxRggqANrzr3yVeRRNkHefJckiKc6
EfSjgorkzKVovKxDLcUhwM8De3epEzU88Q9Ywnes8Hgp
FPba1e9sJ1N6aoiNnMfnGv39BcNPS4JP3whsQ3BninzF
CX47jPShuv66fNpJ63EHG3SQDsGryDxPGSBoTtmt8Hiy
GE88of296maUtp5TugPudpY6GS6Q9LGAdRTJsdRNcFAm
AdScj4sh8RyzkXHn4Bb3nLbA1PtgH5sXZBNBMRcTMyyy
26zj3TbHC92r4fyZEiLFTEdV5GA3qxP6PenLtJuUVP3B
DCuokHLMj7Wah3J4srpGU9F6JQgPu6MF5JBwQMV7yj8r
Ap1SBuV8vHLPPXxvTEgm9ZMQSoEGRRVdv9gKkweRe8hH
4iQ5wLy3Gop5S6obW9HpCye3PZhw4Ur33GSToBkGqMXg
3qy4pMvADpb2yXn4ynVapvzVK2e2JwRBNMToMAhLBvoj
BruYBBNawWdEaPbtrBWqSYZhuJSTtNsMPgac2cRQYojY
97NWhwZX5kVboY1CGb7ZJwyw8sot4wKCa1k4i77iUYpu
CmyHzLxGwutRA4mpTPpS6HJryrgK9TZ3GNskuKpYC9x4
CVu22hJ8oCfuRVUrH4hRyXsNzCNQZeRG6dwkRCHzKZ3
CzQKEpGL4AZTLvZK9Qk43M9fBt2gYfrkM7hptt5Dt9dj
CwFxBRX4ZhK4TZH5qqBmHACRdoYcKnPqeD9Pie53a6EB
8hFu9EV4vR8cmFsHjEFP7sYUbTqpx5K3H5xbvtdhaB7R
BkMZ2r8r2HTBQr1FxrQP9uhWPnqVZEN1LBVmFZ3kmjjM
HcNSVWB3R4N8w9pxG885yyz9B9iy4d692pi5tArscEy8
27kFYwDBUAqMp4LodV9CnkHe1g9d8EtfH5L4S1be2211
4rcNRxVH4fRCoKZ8TZFiDSJjiCpdPEx93zB7eMrQjC8Z
9um63GUXp5yvGaXyc2izDMoYeRSy6pS6uWJ3BXqpVKVa
FrXdhjemyATNgoLVtkvxT4pJLP1RYmsdFH48wsSegbx2
DZSxjXNyNnfRU4U35sZkAvz8dAzek5FYJ7rnkfFKZwF8
7iDBPT53dsP9Db7ScthKHCUXM6uzzw2hWxbp9Aqxi8P
HRacP9vJFrLnQ4wHnXZrSMd9w1XRemXA9cYt3dyFVfg
Ag8oUJ7NYAqbchciYXdx7AqMpRTCVqEGfUHRmRBJWn8T
HX25jsbccrTDSz336ezCTjVA7dJVYxYLgoB1xW3Yd2JF
Ea3VuaL6Qu4oTKcZcSj4MCpQ1PVsmBVB1Gxx7fmKLrdF
Da8pKJucBjAk9DwqyfJ2BAY7Bi51uGQwDPHunrPJwtYy
6cs2sxVF6DaTXzRTdwBDvkxeN8rdb2sNsYwuf4UWmzdy
2nJktMjAThyicoUioiscTgCagiMSBXKea2o9UurF6xbz
91USi3gwiKPFBUdfdA7GRCPrp4V56f7LQ4om4435G9aP
6ejbYNFEqBZTh1yRPjCVS4GzhaRgV1R6qMog7D13aLU8
GiRAiXjjDikwRhWFVb5PcPZdYkEcmHmTyuwjd1ykrEHu
EkrR8ymN5MY6B2dZcWd5WTkYBpmcKHve3Tb91iyuGQdw
47Fq5MJjfb8u2eQKdXYmX5jo8WBqK5xpp6ZSFv9NBkSC
6GPvBn4qjfc7W36xixxHm4H4NBbTGYiuaBUC2dzigqsx
BwEuKhJ1cvmDF169yfQ4LHTJREEQwyppNWspEpcSB9Nc
69Rg8LtmtoL9srZTG5eBGCFDvNdHWpMBwh3abEN2bUUA
28StWhuZuyWL8zzdz9HAMF3A3VuLS7VUmogr1jxkKNPp
7qiqWj8NXYE9sYsc6SbrJEdNakEebg1vyojraEcnSGND
6a43teVPWdCHngTNjWi72pmVMeNdJgTH89YtY5bFxvTL
5Yvd3BpfLhCYwHWqPafU4RUc4m9SMgQnK6ZpjvuRoKga
7WEEFEBA3u6hrqntGRncUndAisDWzfUwLHjjTcU2YvX9
9dw2p6cS2tVZXQ2TQ6HshwuShuBGbznjGtTVr57memX1
22ogbUaNJNSY5pJAqHBTNqvfmNaNwYMxp6Yvuz2YJMc8
46bcp1EgxJ4TbX1mn763RsDa3TAovjZh6t9kMF9xBagZ
4WPJxW2uGWz7vwqpyuTcGgj9R3Ty7gvQYSZoTUQ4yUFW
3vD8Q2YVZm9M4DaQ3gAnGu32RCwb2qr3XXfFqPciFLKs
BWAx5hZjteL7fvVPsuLYSZrJZYbdCYkNoDoDyF7mkns7
EPg8Eax4T1h7m3dst4635BNDdHoWxQJYtV3g2VszkKX
D1xZDeKAzv2g28UMPrhgwdvRRJcmLCsp72jrHTpqbg5K
A5eCFcFZsx2eDdQ7N1FeESRhYRLZWNMao6sbEwwq1ha5
HHXPhojUwXKt3s6rdJSV1Uw4P7d99E1ddjT1AYLeDbj7
F12BgTp3qApfskCE8y3aVpPawSAmW4FA3Y2KX7vkVavN
83kKaASzh2be7QhHggN4PGxH6zQ8qcuJE3bkNk3Rwp98
ED4mevX8TdbFsrsuhYRNCLyg3QmR61pzw2CPx5JAZRw
Fuh5NyXi6bHJUE6kotWva2uadJkZcekoeC43X1CHCQSJ
44Fyekj9sGXnTDfCk43y5EwhktvrK7BBKgjajos8ZEnD
BcUzCnFxAgWLnbxN5BX7VhTrUXXL2SjcR5TsLNAJHXHu
d9YjKnyeuYgeyvKs3XCTTwo4i9SK5FxE9nuAmh4yJu6
