HMjXajEW46a8pFZt22oKFXkuuYUPNM1UGoQznCVaJX7e
7ZpuSrxBsMVQ8z4GPdTvzsVvaT1qEw5yhRgh8fHKdDqP
bae93fAqQRbzRBwLnC5ZeDt3j5uX23nD62B3pwvpgXB
97xAKp8FjyXkiYqTtYWN9ArD7KxTevzaCAo7VCcwLAsK
DfgEdaTxFkmr1akHoyYDwYqc3yDCUKR1b8fmHM6fgBed
7gDYdUkfyC381JS7cTUssJtKKP9LC5YJFgmexCAJmyGU
7VjbfLcWykKP3ymLFD4KsutjYvfPipVi9WBYHtuaLaap
7gZnusx9yjnAcDeXCnMrvCHHcKnnfR2jmHWvpNBMZA6r
7RY1fYBPSLhk2PJ71jdE2LWXgaEmKeJ1XdtQh2243sos
EwNi8DxAxWFyx7A8SCCYsY2CxWDPw4QHsbS4jgkyXwYH
DJzHQCowj7vtU8xwebar6qyq5yDwhPh9NGCYWAMYtfWY
6a9KEoft745d5VvPXBMRrVqRFiaVUopXu2PiNGMv4N8N
6WSGcP7XMavdokAXj73xhUUaUrwvAgM2tTfQDEYCxpUW
CU4uGLchdTeKu438YjZ9uunwumRVFzz5wr2UGZsNy2Ck
9TSTbNVMXMAD3hYdoA7jRnKZCWKuKfkm27MKJsfL3JQn
o2Aug6JB1RDFk7yYsf8QCjpWo2WzgwFkM115gtSJU8r
5EhvzizkQZW3ADDc59jyVqHdEKgb3u1AiAuCFJLwvYdj
HZKdRj9EjbnUBGGdHHf5dLYgmJokJ2MkMkAhpxGyE42e
2B5KNHScvQkfsc5RAaSqSxUn6mfJunN5MB9GbWp4tpy9
7C3UCSJYYZWT1GT7rrLhR57xzjwKuz3AwofgJpAi3GgU
Pv6ThfQh56pNUUL9xZZW2NNv7Gq1QR6SxFLdoUWg75U
2pJiSPZbvxoJA8YiQVq1JtLLusozCWwcDzDoeWBcChwG
2CuaTerUrc6MGvZHn1cDGpsPDpzquP5mshjEkjXn4g84
75mxF3MJqtjY6FU54ufcEZgRLUNrhHsW86sy8zdWoumR
Gaw5HBXFe2W9uepHQ8ehGpHQ6eqEvAswdt9BHzPnet69
9AiPK5WDKXFMaiA6V8JhssUZNQEYt2KMbekjPgf7LmBo
1d4ArF6xNWQYUsdKqucuyAo4Kaw8q1VRHKUqnCjMyoA
HoYSJxi6u2hWzd36yWasSE6B33g4XJVLtkGTLj6a7g3r
HFnNFwyCKxyKqx3YoFDqHgzSUn8gHuMNWQtr6aHookyx
ANa8iWHMUpAsoR2V1EgWD7qvxCJ4oJJQL2jz7vimWT45
7RvtX4WGag5Ggy4oMtj2ni3oc9amEPmscdHLGvGQdZsh
Hj8r2JfHZTJPqQuz3GWCiu8sgAnYEj24f3eaJQhRerUf
EjMcNB8E1xcxGQobE475rLCZsMzJ9o5tEQDPvPULszAG
SqSri3CM7V1GLSoKJJbePSt7UqGpEpiwmhnsJjsf763
4LBUPX7zfGzqdho666K4ueu9kipXkQFoCpNCYmQwdVmi
6t813ApGYvhCcQRN7RX8MkcJaBQXSo5ZJutofmU5jV57
CmYb4UTTiEaTxE1doTHMAeRmdzkKEbMe58i6XyaWeVHE
EHGUuNEQcvQy3Y9MppzrCBHo6fqhZBfexrbd1kui5tR4
AgPhAsvcwPfT8bcAQxfyvymHdS9enkCzHDZP67ihS5YM
B2wubxmHGg1mcjkisyKVQSZoUPnUGmK9Uco7m11s6sEc
7tMyU22ViPrhY14fy31bSmTsQK6rwc9q3Zbq2u5RkZis
Dg5gU6sFvZ59u37T4UhaxQBYeACu5uNz4UfdM1LJFGrg
7PBW5ffxTpu2BP8PgR4Yf2hfj46fnG72V2bRPAsNapXY
7vuVQPximUB8afgfnjSfmxkQugzSSJAPfsaVrPgC62PL
5AwbrzztsJT3wbgYFNLhyFXvncrMP48z3qBY7QxC3gqb
HBBkVN9gc8jwsLWkyhW37UQbN3JCeBAK5mCqzdrWPTha
F5MMwFskNnQXMHh9m5ScS8kmEBPgxZzEhRzzM7YF56ZH
Hq2vbwtD7pmSAngbgrompQZhL1ZJ8p5TsJJZmLmsn14o
8eqvPBG3bHFpRfHCxKi7UBPcxUopXyhDMEH9r3Fg9QcX
9HCTmKdCAy7FAedf4ckhY7zpyPDrPs67FpRjDEzpQxDj
555LvvLRBeZecwr6g5YJ6uHfL8L9m9vTtWjyks7cAu1G
8rDsSyseCgK4L2fBmiPPiibMNxreQRp53o3etCJMDPAR
H6ewEQKqUYhPFNBUBjKugH6MNgBzWFoJ1U5fiVvyHDnv
GQjJbRM2Z9SuSAqHrmqK39XSLRnuWF9ycMdhSRVexV4d
98Ua49smTudbsk6aJ3nXqbuoWaxzaEVLfgFF27xEYx8c
Fp3jLWuFZSFgb7ASWFRwehGwNCjidJusUSgcoDJkrJRZ
26oJPXUNGwx25Y4r8bDwjMT65MHsfviToG7M6zksbDic
6dWYKwXPMgr9dbsWsE8FgsTHgHudFaF8vvaQTvYcHnn7
3Ny8wq7z2xVYWdswBg11U1DZqw5ZVDx1kKHSD3tapahy
PhZsNGCKpnVpDL7wZX6ip1GrDcFsabccXadNKYTAgWc
BZfrVXv2chucEAJ5UjAGDnwWbjjqtCjbQQ4BWSvecRcX
DaSGdWXXVnh74Dfyfy68Mhyttk8CRXXQ4RrR9nyxssha
F4UATvdm9o87v5euWtJrQVnD5Wevd66QHmroW2DTxvi8
3N23uCYg5aRxtgyRZq6qaEPwamiJnmqEgLQcFYXLhboa
7RZeCmRg2a2EVF6o8EZq9p5FSD4ZJQaziJQNw22GxD1Y
2x4bYCr864KM576uoXnoVVRGviA3SxgX9oA3QwcnXPVS
5NSVk4pDf2iqiP1bx5SUa5aeNQB4KFQ7WcXUFambLviy
DYMQPJpoowBoqydA29J96kMSVkh6M182JStoPsQNttm8
GM2nzRECWuYku5KDFFcNiG2RLcZLyXHAADKR9qxnop43
Hj8r2JfHZTJPqQuz3GWCiu8sgAnYEj24f3eaJQhRerUf
7Np7NR8QGomLfszB77Yjo2nmiFnT8PZNBgPE3FUjZNde
GCuqskvjzqZayiEuc7rqS2vF7cYqSB5G9bfMeFsRvirf
AipEGzm97YGJ3ary9DTv5Z2bL7oK5rkV27ANieK7TAnA
5E1eautZXdbg5oiuQ6ZgPcGHDajroVPHMzqbA3cmyAb2
EBAn1DsJKwurYoNZuezibmYa3siDCQqUzSM1MNzr7MWx
GtmsNJUGrCJBpj6JTJSNkQeyVmV5KqogToi3H7C48zhL
MSEFcefAt2Ve8nQJcfGgsgx1zYAazabYBrUBWiUdTT1
Dzwi8WjuBURyK6rbkvUa67vZuuPfmmfpgYu2rqB594v1
7m7DxtsMcuaQGHv78gGd4C8jJhnx6PMy5oEibQV7dtxQ
88Mj848mVjgtUK5pYCqxh61aBPKY2oWk9MDKVun91JPx
7wTGmX7g4finjeuMHGB2rDPWLjK9ZuecyCPWeTUB74ZY
J63PQ61AFhZXeupw9j5GYY1aEuR3R6BnAbtfqqAX6DQw
FxqCgkXBXFrcTdL7UiX28Uj6BKtuf6FV5p5EFAy2Vw6K
4ReyBodSJygchFFm6tHfvGQdBvhrCr3UqWTCvUoNyvfZ
5W5WYdshCzoQVr5zuQrgxqJzcrQvVU8yZ5aVZicjfmFQ
2cJJk4N1LAYd1mKHpL4Tu7UsB77KBM5cbHNVktVi3djn
kMpkKtFx8a3wioDevgadtgdJhndUTfuBotH9vMW1k7c
Cf4pZaok9wdfp8qTT3RiQZvJE5t638oeQPVekwEJyYrX
EmNoikV7kjDZMZDYHLMpG6a8KPqGd6GRXg9MV8LvUqU2
5qggbvV6SomUkA24f5f1auwPtqPhMqzWuJdH9kRZAVus
27KPJgnWEshxJAbXsKzRxvp31dYCzvXGmLGZmJGyg3eF
Q56YEQcJcVqgxAnzyLhvS9sbDF5ZhLy46imB4jAve6V
7essfYaRf2jS2uEtxBsbYYrvjVphsCxp9LKP6SRPRtf9
DskiBpGg3o96hQbRmaBJTnsnLuUMwUVpbmPFWN6WbqA3
Hp1MvurGGDd7xA8zEdntreKcM2opJX5qD1WAApagZDfH
CGA6H2M3FEjemWohUyYwh5VdvSteMTFxxjZJ1oAgAh6k
BPuTD3ET9NDSyCvwudi66xsH3Q2UWwx9NL4SyHgA5vB
EczHAfEajWAwvFQ6t8ns9rqxCr5XQMqqfbZxBBJBZByh
FpQjZzsgNvo5P8y9qtsSeMXERVjL8YUdp6otxhQfH7DU
GUD2WPQ64wBbYGcGAXjsSD53S66HoKHjKmgz5kM6V17f
