4ZSovm9eppfPrsiXbnApe51uQP34rSJMnMUz3cMBswAJ
4oDdKa3Y3HzXLiZyJAb4rymeqCCkNaPwbUj9Rg49eQnQ
Hn5oPGs1ivkzJj3p5ao9RnTCbmat2PLYZy1ZfWejjzoE
7o4NoA1g1asZzi8D4fRPjVuDR6YkKGhLRwVbEFfmRWX7
FUNfpyEWKfJzR443W7TLoy5Kq8PAVLSoXFjeRCWbSLZV
2pxTva6zNPVrvHKz44NH4GPYiuVzzUJqeiNosqHGYdVH
C39sZHS6jGzFRHwEM523UYwcWnMsaj9zqMNsbVJwuYYr
2Kt2edjA6oMUNsC8kLPH31XJP2vqQZmMPNu2qo6BzuCa
5KPUyaQpZnNaEeZBKwcVzyNXrFM5gR4wLjUzjyBD3jVi
EAdQAdc25Cbyyo6pEjPc3v8tJyTnBNsF9VJJd49RvzoS
9ZTBop1jBRvcukj8FMoaVAJdvVsvxzfJBwzgu4iQJZAQ
G3JtbENRthDPr5JH6xENWmfdnw3P7so1MRfxkejTcsth
APwnqPMDQVkD8Zycc32fnmR4wieKdmvm5uD3wyyR9jc8
CzGDc8WksVkKyYWBaWX1CEAaadFjSt43saCdxA8voBPS
DC9r4aJ6HZZ9pwCChxcFxgWExKgMuRM926D344ikVZwT
GyxrUNS4mSG2fwQ1rbCVRs88yuPW7jbANN2CGujxXpJ8
2X9UKSS1pEdE5Br7zv6wGRLi4f2Tw1jKF6ND7Cn2wJ8z
8XrzqReDYVn7dBxhxZ7KFyigtye5z6F2tRGRXKMzRdLK
CeN2G75zcRCsw8eQXkop6WuxfmdPhwV7kaRPTSiFrZy9
54ZUQsgXKSHBRdWLXu2GfXgLPQtrcD1vn9ku8aFw38pK
GMVtUTKERYF4x1oxjkGpvRU9yh7nfMrk2U8L8ziby5S1
E9nCqWBQbQTW8aY75TqnkGLFff8j5XemtGJm4hDLrjmZ
D19N9udTVk5VujnBcmki6DTQMnRJCcZYs6yB5w3zk9HS
5qdNAUpoHzeAgUrasBtDcSSjQHVBSp7BtNFJekSiNydc
8Hj4C4Row7TkhXyG53NaofbaJW6xYmZCpKPzYLdNGJ5P
9k7MozeW4FD4uH7PNjVugmwUuXAyQAjY3LQqMj8y6WRT
HFqbempFrTudgpE7mZ2U7jsxfuJcgH9DMprLKLNdPs7B
GWuAeuRDpAwKDxnVEDRW3hYn87dw8K91ZLrhhZUCftnM
QsSc2YpU498p3hDvUze8frZbvqn6wa5KuPkLDVs2nya
DKahFmS8QKj4hhMpcXnZkTcydFJBTJncaSjVtAhYqAj5
GEVaf9qiMshrb3qJ13QrKUNruydVujtc8nNoTGw1GEW8
jacDV6K6fq8mMtzN7FGc3gbVp1y5ChDzZXhaJ27etau
4u5xuP7vCbT44uogw6zKfe1YTycwCBvww3Uo3oZaNEvQ
B6LEtFV9JJUU4iM21kNuHqPxFqw6vboxJEE3sDVRanDb
QRCWEDTw74njYSvX1PszpM77BC5s6RFBgnyG3qYFNu1
3c77N2oWPrvDo6BdiAtbR9hxGKXmnFvtctV8ssXMPCJd
krkQ3S2fA3eC9dk35cfE34oNbfyDQo6VQxG7mMS2Voo
CfsTBJgxCfPvqHxsP3kCsP7xWcvLJtGrQxMGFLfQFA2V
94e9j8c7od2R1CYd7ZBjkniYuP22QGAEgivTxwzJZfLq
WvPUKMveJ5ED5VxzEq5N32hnP2XoUAbrCGCLYzsLYqP
8xmLPBwCxVzcp1hZzSTGCs3ZjM7WU8NoUj4ipLQbg4pL
GTe4DrRTVLm6Rc4wWJrLnxPFxYDNJXfSUTDoyfkef2j6
CbYP3EwnZAjiUnP2z628joZKan8nFRB7Ar4PGpy3EgX9
Poc3F21LL6fiHG1Eg9StxqHcLQ9BYreAhzXfRjY2Am7
5BLyNW5zDfahBpoPp9JYqXTRWxJEm9j4FVFWLKxAXEDg
8WYRXiQXQSoAMw8A25HuTiTmkg2Ax5YTaBxmHZk6s5LY
ANku3SWp9vX8bHfQEKnjnw29t5HGkxA4fMXxzcERQDgu
2WkPKh2HqudssFdhTJRdj5q44oTwZrdPJQ2hGbgwMXrN
4SwDAKnt1ntsUKHaaM19jaajo9jV9xcHjB6ehwTtjkEt
AgPhAsvcwPfT8bcAQxfyvymHdS9enkCzHDZP67ihS5YM
H5WxquTYLw5hEVcGZs16oFaT69ShkFCKe7TXpbn9kADm
7essfYaRf2jS2uEtxBsbYYrvjVphsCxp9LKP6SRPRtf9
BR18SN18RG9s1u4skhAd73xRqkqtZYXqcBmgGVXss3H9
8ber8SR1de7Ai4R7399qsCoinK5kBYk5jWQpP4LqAxMi
F9zgbUwXiedzPet32ZBR1uCZ2tLNreRX9FJfL2D16yTd
EGwTAM2eurEi6YrPgf58EMzFLsKyi67zx7vg7TMkGFZj
8dP7pF3UR7aRGrkgshVUjodLrjg1MQ4LrnKFqytrdan1
3QTRD2FfM2niZmZH1SxS6iJCRFY84DTq599gzengTtxQ
9veRkCaZsq4hD3ouszybA7mdAivXwL9VsmFjNCHTUXEy
GsmrTBoALiurqDsxcMurQK9EN7pDbi2JewoDhJYH6Wxh
B2tTwuSnYBr6jsYQ3wbLLJ25fa9jnqgkmmCWybojYPSk
CA2YSCaxW4spUDYBtTZ5F8HGmFq5wwS8enW92bDM9qDy
46cqopUXpzsQMGGghPw5eNT2X3vVP4VvSxXjG42dQLBc
8A3KSxmVE1rx82odQDeLqg7S3HN9asrAT7c1uBWW5Jbz
6eaF7oQU6kN8gxhUcWUrzwbigdra5s6DQboeghsks8pW
5giEfhcksSJwexdawvyJK6mPoGGDehkFn5obAarQeUuK
Ds71T9MhUu4DB3DPM2YigYtiTqTPD75DnevgoBfgQQUY
AYwzVB1ac1TdzEu2bPSdUdYyZdMQsZ1YWsTfjpdUJPgp
2pS4q79ZFxJ8banDzePWgqCuiPSEX2Q55669PvjRn8wN
