8MBH7ZoWSxAasWP56WCE9kAikzXQ82kgHavDNZuuRkcr
7s57xmyXQMfH9ypU8pQWDzL5NNHaUaTxKsvjsaKmGnmC
2DAtXfDyeGyu6yNu3BP7sCr9quedxRPCAvw1KEVieN4o
C9UQHVcw2grznhRtBS9Nat7Y8VxURHYkZCeMZriUg6F8
8YXDTR9Jj5Wu7jz2j2hMttLjwxandSABp1UMJwULahoB
AdfYwErHWZaS5EpzErqGony5oDVvFb33vgdreYRReTMj
7HMZhVbTRCUQw6eTtWwu3btT9gmV4nJh4EUiCV3ECraN
22khC6pS5eg9Dvp5MKCuR7Hmu48QSHxqd9yaDpnA4Fn6
GzL5fsLeeTYEgqfhPcWjAgjeTSynm7J9Vgf1Az2F4he5
VeheEueNcxajRRE2JSMBze2Xjt48TjwFChE1C1DPuRv
7Rer57D9SFwpesjskib3szVvsdTkPegh5DAM8Hh9hNTg
AjcUe1JtRaeSGEQBY18StrEm2FUL9LuGGvqKkc3ZN1HF
DkQsmtrGSVz5ZyyvBrMrMZyo5bWB2Y28m8Xj1ZEom5db
6uh4PX6FFcacruetia5r17tjaGKAxV4vptXRxo7uQy4
4TTVTCcrRbkAMX5YsN3ewYXYJFF7RnUPozMNK3oW8T7d
FYKvFeZm9RTq7bR1PfaHUwXF1d225hbjGVvhrEtKj1oY
CV1s83dLhLP4WgwfUgPQ769cxifGxhjXaV4WpuUsGot2
EvvX6KrSpjTTzon6g6YMLZzwh7cVUsMiijd9B6qZN1kc
41xkNG5gw2hhs9WaXrRxpxJGQE9dSGQtaofdek2F6yBa
AmyuHAd7D1oCcDhmmXmyeq5uKjRpUqyut4kXDah22eXA
Gsar55xYFeRgcPt1j9nDSxU68GugHPTSCAaCBdFscE16
4LADQzHKxxp1QHmgpjP6MUtaHNHVK7aEnQ5ka2oaXyVN
BPWGvSTzRTC3pUNijmb29yRKxpx7aF6GNR2XjUDkpg9f
32U29HKB1WioBvv8joZCjm988rJK5WzzXDhQjBziqufw
HH2YnXr93LeLLJzstRV3KjLq2EobyJgT3D9e1XKiNXNH
84STeyqr5DXEgqrj4ucreRZEfeYWG1u31fZstEVDg67D
AmwbHLyHFETsDG5nhLTjxb5aKU4UaeBkkSGjzdXqDXPm
2ckS5G8ib7K743ch1Vv4v7NDxoH9q72prLYiNrt93Nh6
62ouipqWauQHgZb96dM9DmvVrocbYXpnyaHNEqEhMKYM
CYwcDQ5TEd7GXb4T2jEZQZTqkTVSGH5WwN3hiBdaABMt
DiwsLBqdSEQHGmrGDcoAju9VKSMz1VnoNa2VySXLG7Wt
GKsqYyPQWvsEDGpeFBdvGEN2kx9QV2BPxTe3T1ug4GUL
2dz9WyoTX6TqDN9tzBzrJysgxzrZ1aaRXPvJETkBU6Zd
57gHJXqdkpE1isQMWz7Cp3hPBUjZ5Ky73gCwsJhQxpxt
3hwCUBwRZkhrCCoA5Mm8EcwE7pHGo58nJEWc67MjKzCv
2MaHG7sTDz4rd1KNDzAe9yd1kAhD8jMwmW4VY16m1Rx3
EofTXzTvVo3Bb4KzsX54NTG3XaeaHCYHN9VMgKZm2MnC
7Xa6Bsb1rgtwSFkT6uK1xmdtLSQDxSAjiENbjWC7WXkS
A5T8rw3VevFxoUsyn2L33EvizjmCkLD7sefPbYnTJ3Co
E7QD44b4U1KAKuynqQbQQmrTc59CAzqG2J8ZPG7izqM4
3qrPM9r2mPxjYr5eVRV6jQxZmdYw1ZKgwFqTNjyJvDQv
zCTpHDRwSqGSB7GXUbKQq9miYn3TFGUaWAwc9iMMeHP
8a3Xd5KtX8C27RqFAqVuTfsyubRD3AYGtnxkTJ7Km677
HXfjiSKfGPRhHoD3U8c65myDNqui6k4UezuhDhg2bwaT
BcVT9RC4JBhrMbvrc4DHa8tDLJX3LkMwVzjXBe4eMA9R
BHkDHKXxRdCDNPDMk3zLwXmmYc46oqkZnDGdU2e6FrVj
G4rZBqJd2UPewNT2VKhoi5pQwQNsAudCmv2skvuQvrn5
JDs3s8LriPrCN7CoMctQKQtziCCr8UhyWr3GzQ1GNJq3
8Fsg5yciAdPMpmFmJaSRQrFcKBhH5WfjoLCVXvrwXoYB
13UTGvMWgcgmGSZjLdaeNMrpmh2xiyH2NpYpUFiPHwBP
3P9AgNkdu81hdwsETccJLjcpLvtRymGk6381ZnjSizdy
9aSD8BTsNri5SRgp6koUALqrXmFmiN6Scff4zm6UpzRd
Cbd1QULkddN4rAZNn1zCRb4Mgz4WJVEUBkdg2fFeQysL
9UDA4UY5t9j7ZWYE8Hv8kZZKFaeyiT7fm4EWYGwHYGSY
DUubHnGjcrftZLPmSvcdgo7Kn5jHLQyDatbDg3RVrxTm
8r9WLnjqWn3eBAabm883BWnJTiUdCeBcydMp4eNpVWGh
72dL176TDUmwa1uTmSZHXj5rQikxXgioQ4uSVm5Di4HU
3w5tfRwtrEAA5wxqru4j58jNXzdRFbVMg3pN6LDMKrG3
AdyrfB5YE9XgPXd1ZYvbFgNQ82hsm6KRj7UDz5jaCSzF
Beko5CuBJKuqhKdMhGrwxWdf9LXCQkgZiVRy998Pub88
HkBhMjiwH3d5CUxGpkunR9n5fptLs98qUjbkmCVrL1pT
FjzTLA4M5yXLNDSqG62z6sQptmXdJLaBZwGgDxFViAQe
5Z9VPHkRGVigYab3NbtRK9YXbnWacuEt3svtwqhnpZsD
8UvpaMjnbzSiAJP1N5tNajYPfz5nuHQneFZssEgnRf61
3xJfKgCMigq66CWPSEJHL9yTyTuhuYNCo22EWgkSpgdF
E6Pny867v4vzznA2h248BTsppFa2mtD8eHBT4qmaFt7x
9K3QsRUS75fH3hPYVTcRKHSrdDj3uPZpNTfjgQxuUkPs
4MMhBimir2UScqhSABgiTzffsZ69tpm8L5VBRdN17hpB
HabxHqBA5Rzi8rAt9rzd1mKrZTMPKDuNN2CuKTueeHGp
