9bhrHapgP1i4UyeiHMKsUbC2UccKDVGDwobtmumZvx9H
BVBYy7yHFKKs9zqCW6Ruo6aTogyTqnW62Tfu7ptfQmE9
4BA5jL6UfCkTtMwaGW9CPcWpkK1RdGVpZ9MV93zuPZhn
4ExZgvS2U5WLjMCgJh6YVruVB9i3Xktie6PeSCenyy6n
C5kmAst9Y8248GrphDQMqQDAjooPzmVwSWkmVYKgoLhg
DJUkznMefWWZwwSeQVEi3xAMDdcjNvij6YGDP6arQtdb
G8Zgt7voZy6MfoUekD9rRRFQimQaZfqsHkVrKMaCBRUi
FPMRrJq7WMHuDJnVWuC83c8GyvYpcP2FZHPGw6zt71eA
FVL6EBY2hDTnvGFjVGfi9g8nArDB1BMZb484JqskP5rk
7sTcLPxEpNgfpqVFf9guMwsfiShB5zZHeG5ufvJZCRHq
6Kv5bvUAbK4j5cCNhTHmucCWw8ntts7qguvcorAxUtWT
2rH6FcfAcRwBmZnkW7vvsRSxwrrobQXBzZ6D2Yqyqw88
GnhdQrDaBsbj8n5GfxL2r92zz3v3CpN6sdZDSSbHHcbF
19GJikGzgi1cnkNkwhv5n17jCwqRWvC3SBk19cuecX9
3uVa62Vhikv4eKDHMSBqbUwrNn9wpG76zGwMQJuPo4pu
EjmHNwX7PczFLWA6w98ihcrebFHLBbHsMJxtfgyNXLg9
FdsSuQJPAUjkbTtvwvL3CCfXdwRVPngjNNPLGpNknwN2
3y4VxXcoxCJVUYD47eWKC4esX3kymCKVD3mWy7vdp6zC
EpR4zyngMy4E679mPPMHffjBFhxY2QXGMybc38ecKsKv
3tKnvRGEhKcZbizxtkXZzgccaTvEfoUQM8PDtSnmzy4R
5HP6BaU946B3JmwJEo6wcz1GQ9KRgHi56BwDKd4LrsFP
GK6hybncx1zAMgWeSdegm9Ewkn1snbCUeZKtCPejqA5f
2yM1DuekYVdAzZkCbVxSe72boxXrw3y9bT4PhZ4RbK9c
HcwvgYgvyeojLLgmKmb2uYYbrCrGJUaFZ3b97VYmd8dq
8TFVdCN6DC1HuGEYBwg5rdjRZTsJXRV1Xy4fJGrFbfnZ
CbW2rm3EQHityLg42qgYpoC2P2YbD8AFHykbP5TgbNY4
7MnAa2VpncPcMmWipfedJ9ehF4YmmVBMQG65EVoKxRYP
6sFZrEbc7ZNAsP1yJk2zeUHGcb5exsHFF7zKQiHZZhDa
Ae5Q8abSEfr7XNgUHh9X4XUfjLsFPDFs4DmkjZLUh8fX
Bm4wiuoRNuJgmAaVHUjgR9TCm6nK99uPsnN8U472UQRS
EMqRa1bzRdfgcrYRYYdoWKdEThYfYqkEhWS26Sw5GDAL
6DmbbMpWzLYnZbDSCNRBK5r1GwVTBwLU7yc2Q3kbek6y
9uF23ejKaqnDyxTtg7aPpH2duJmaSXxtbsSFzvfGaNo4
7hrYSuAoVG6dcw5vVUNydG6VuPz93qmEkGrpk7zJhJKd
4vkiqbm5BnCzTszqQ6wuh2USa6fw2v4PkXtsaja4SV2X
2bkG3WQ8pm6pb3udoNLJjLZ9H8mnH6xXdYFoucMZmKcw
DnsNLg2tnFxZHEn2T1Mv2kfatuaQW4yxK8NjR7VgBxam
E2CQvvKoRcsqAiKCqkCDAnxKD899HkhYdrdKqmMkH6nL
2cq3kdGn9pzgo48ubEsPeQ2H4T2HrG4wzPGwMdoh9kpi
9FZCWDsLtdaxdExwEJafnQVAZAYSPrMrBiSuVgneY79x
HUfuDnGvhBjFkdn111k7v41rudcMJTEiUE5TCRvrfa6j
AxpFKdw3HsMgeLdZwLCoZdYR6mCmm1aaG1Xjx2iLW596
8kps4LrgGPB54zy76m9CHR2kbgEhK1Gv7qAuC7mXQHjw
4ka8pTVJMDVUJTw2quUeC8HK4QHbVr7ZPzRT3BByFX4z
4rXwBMd8DjFww5V5wA1KEAJzS3Z7MVAKjw64wVcpWyug
CwaHWgVg6XpZr8RtmBToMBmw5QoGxeiD9B5nAhc8W9DF
H6JjHCWgXmqShTvWoMqgDtQAo4JC9kZd1x4gWADChJAL
7HSgwijRNh6S9XBTmjYBNBgxext9A95SF42i1CpvYLqQ
HzqxPYmo1dNhY3rAhmXoDJGWkAw59fghqYXNmqbdNnp9
B2rDHy6D78RZ4ZqeuPSoD5yexFYEtro3FckG2DbkPGf6
51N8SpGn8TJyJ8yDSKqGTWNQ4oAdKYjoRxwiyBzK65Uz
6beympq3iwdHe68fy3NL1RyKWtALTcgk1qPyGNRZtiT5
2EQj8FBCVsie5KUz7dhdrbFjoxn78qDu5aSP9jP2V48V
GVgf24jHezjmJhKAQhVjeMTE5c3eJo5x3nA5dcuNvu7L
HjUDAAvWd1V9ivYi1yLPpKyDbbpeSVYQmFhrCypSMMFD
42PK912ZYfg4YmPd9CTeXM4S2CeQphLNxVwRCcAeYThR
BbBLZ9iggjVJdXSsRpa6ZktKKNwBj9vrHyPHXrMMfj5D
kahAdsS7xWLnjxUfXs9MP6xej8t6fD81rggpWY9c5ZG
FVVE5EVgJW8jfdTVzXaBzpFKJW4EeFAj8VVzHqa7Xtw4
4VESBVfNUReGsfMEwUDX3KMuC753WjcqAmXxPAuRjMpn
4L3uwd2FAWVUqGg6warDjjNijoTcmcSzx4fLRFfWyk1t
5dQnXuWDocuYM7e36bUsVYpTmTUbQtSh4YWPxAxVdWyw
CyQuQvuQkzsCLNBsiqrd7az3XfkuVwo5XH8Y4Zj6UxHe
2GhWXo11jF73jrYDGcXbUWHs7vQktgUSYx4ekxDeWxiS
CDwo5Ht9wUxus2YnH6BiR8eKnHgGiHt3NGmunopG1PvX
9nS3ZYyyEKw5DrwsptXSHMQy4TojR32RZHBmy7zxuXeF
J5Ca5egneVw6RCLbgVTT7xJPzmVpnmTTk6VdYrVYZLLD
b8ZBo7eDsX57nxZ8d4Me87NjvHWt8v6wsRymUncxDcp
SLoJcNpPKaMM2DD7wYo41aaRnjLsYod6WcE6hq895VN
3ukRsmXPQfE2C3cJ91szHeRGN2g7KqEfZWGSzTW7Nr5N
2aFdUVsAsg6BjLnSfk5EyovNBYvkV5MtGjXPcmt8UnUF
2dSWZmaSAZmMb6iQhdYCeHRCHwXUaCKqF2s3ak3qTcUC
6J5o6WWuxYoA1XQ4mt99a2UXsTwozsg1VipJdjDBxnx1
Bb7VTDJLw2cA4xsNZMpvwajAdvu6r6wJYev4o5rqYauL
FRnenFnD8UfwXw44VY4sygBdsGSqUCCKwBNZV7VycjfT
HzX3DLqrRwDCFm6gLuDigXbhueRMf5BtWLPATzN3Ct87
7n7TphNFFw4fFkySRa7q8FGtThujdRH5FvXPRaWSDRS
6BHMCvuPQ8NAe2noQLzwdZqksjTJckzkmMSh5bMBe74
GFrVgNt6s993mwnvvtA9WVFpyGPYyxyxDevVuNuRxKG
HDFDu4V9LoRdxmBqiYHVp2vYwuTACRGs993pFNWoK7y8
GLWzPB9hNbSshMpJPvaDdM5GN5xCGRu7kyZX1ybib4jZ
7XwFLXcsQbCLHrDvwGV2rTtv9cchSBCuDvwNzNbojM5k
9T9GAmzUC34ZH5ngjjo7s7y8XXbGTUus8guekbbvNpJE
ADZcMYDNyVgSMT7BFsbS55vJ7D34u98QDMbPcZm2qLc9
BnNE5zeW4KuCdP9AhaRZhi6uiP78FiMymkamWJnHBzMw
CFRn2jEizHpchEV3fixKM9SjT2ZhwrRcB5ogFuiDxSmR
42xCVifrnR8rkq2SWRPyyJ8sTX2LC7b1P11A9xpfMPgb
BJU4BGGLxG8hn6Q22FE2UfR5XjteZRBmLe8zGvVznswN
8QshNk8mC8vWKCSg1JoxXpddqcfwDbEtJn6DuVMU8KMo
6CCQNMaG8oLHkh4AeoQMz7gNuKTDKVYzGjm2G6e3f1qA
EeWrL2tA8TX5xQwzGx3nDBt9RXVCKMyBx5cYDEddyZqg
H8ofMC7ff9sxnsumFsdRSqQSRBGd6WpvegyjiabXc9aK
FwQEvdqZQyU2HKsvTEHUPY5aDcTkFtC5SUddSojkN5rB
Fbaizfqq9a4Co8NK4Z99viFKMrsjCcKN4Gk7N2hworjK
2jzf9znvr1chFo5d3dJYbvTZS4vKZ7CieBBcjFDCmpkk
7a5eFFveZc8ThzZBd5CdPWTG5NJY7dH83AFg8vr3cJNr
CqPT1qhyuJMPEx46Gs3JeA45BurbcZffuzSa7Xx8jxv
2UkumPqZZcMWJ3xFprhA4mqqVQuNm9BS1QFwvqFgsKb4
92wzqwKYMV1LEB2wp4xQ5TbuR4LPpGUbwo5rmXZtF1e7
9oG38BbCBBEtvwCiUF5wRmmszuif19U25ezmJ8Y1oX5Q
6PkNHuetXTVJ2EdUETrprPLa9hzUqCRzHAev99aCYJRo
AMefiQPejxwuMPRCbHfWPp3aC7kPLs6w7xyFqK77QhiM
8ERHuus9TrUtyEdzyUN3NywKGozVMfwrJf2eWhKjopV5
2QANrKT5Dp7QPAtZPLbMjQmvXm2fyqhL43RK7EekTmHK
AWMT8TZYgUw1y1DFmaHqUkGtExHHV3As7nstLiHKfzDe
J9kXPoeuNtWmPzXkfdTZXw4eXTnzywHqTMxF5PDJmB6R
FJVg6BKJsH918TXWNJRexPfZJ2ZiYXT3T9i7q4LDgmpG
9g3jpEYrV4rTaBqWiTMFJZn8XyJj5BPod1t5L4FNoN1h
EUrcyuNNtAM8SGWN1WVU8i3mixaoM8w2eT4JFcEoUCqe
AimFfarCyzcy65i866wf61vNFXuFDriqam8F8TRfEarN
ESavMHHDXaZc6E4aga3z26SW8uMex7NRwNsnrjcEzrRN
DMLbhMxv8R5yvQeXikcXk13eTcHuXi9Lh834dJV96Pte
8Qq9JrSR9wohikD1ikKp9hLpujbeuGg2ubgt4NQm3ntt
HDMU3qHuPz5p8rDvHqdSNDVUcMJhXdjY84RQM3HeJThD
3ka4ZbPsREhAJR4wkhzqdSGsozR6kDosHd6fjGVFsHCR
3pMYNgo9xS9qjSzMd6hFipuSXXvAnx5cqxfRrjJnPN4d
G7j28vk5LgnAmT7hs7f1AA1cu2Arg4RTnVzYHzDiumWo
46Cc12ufu2g1c7GQ82XCDFz7He1gAjVxbtQAya37CBiB
2VpudQGkhyEkwimJiYdMYnihaYymm4wBcGajGK3AT2BV
AbL5ofzSVPjChqNGpHQ2uM5hJpsMNELsswDAYuG7banH
FNK1NjykWdXy5PPysAn3M1SS415QDevs2X4J4CyAcrRq
3fU91d3LnZA8ytX74z34mVxCubZPkG8UVCasZgypwx5N
Ei8m7pGKmMBSr4BGeELHDshQeTZUz97mz57qWF2aR9ck
QLWJBTXR6jLdzhdrtPbYFDoEPPaHBADK8Hug9guGGqd
EA3jHJjuZE5BHDVXpmYQjg2t7dFP89FB6AuigLdRHN3b
5dMH5pS9p8ZPppoVoZnr4KBmcE78KVuXjtE9qinewJGW
cPp2AeDwY58TvGTTB4nPC2pTWQcizUzM3dsTWk4GbDY
EWzY5daVjUxe1PfW4P2obPEH9fC9qaYrEhBjEd44MC4d
3DPU3DUtTYCsHYgv8pEBdnexasxJgRrTuAKe38KQiXXn
BUXR3AU5Kgf4KWiKFYQw9LAZn1dCtYzrF2HRDgTEga7f
CHaQBj3ftC6cPfPjo84qGR7S458csPQ4rdmFGaUTxUpf
6NepKdZdv75cDtsiSsPLZLZug1PSAcXUef8UqKMAEGct
5ciUuagkYjCewMGDr7Vwud9fyJH3Ne6ENBJt8BsTLRBY
EpeAML3L2qpRyyq6uUTvkVnxCPzrPSuCxzB36BMi9TJj
AZQp39HptAwpuN3aHDPZUmZvvZwtMMBWYA68ngVpYD4L
kZnbXP4vivMoxtuxocozhqyWNhA6Vn7ASCYB9539YVx
BiqT9Mw16JHWgD27PMv11PhsWxFRPnptYbSEGtYYri8q
EYYMr7ii1y85rrgP9tLrJpzeKKEGbiKEoF6YW7FFKn97
4rCZTuDdtbxMpd3LiPSfFfYzoe9dMxBZJssGLUZcQu2Q
AMLu4NPRgTEX9Xhq3V6AbTDZsQXcCsv4ddQ2838MDZG
2rgtqszbzALwvfrTW4HTtsG42rAw7RHh64PLi35Y9ieK
5qWLQmGKDJh8bjtW3gfHRrpck1ZrXGaP2mXr5piHhxN3
Gkz7wnedmghtofaMDX3JD6npoVbGHGhw9nquY9yhpggf
BmQNZYmKGA4Sd9hy95Rckdd5PVNn9R29C9PZ3F5KJMWK
7LYQjhHecajxDY7p3BsWwx2MpuNLJ4LBMZbo6ePjruFq
HTDEFHF3AHJN5saNKSajzLsxGZHk9nDQ3Nq1z5FecqeF
CFP7yXyZeAavDmDfS11DspZBX2Fn3v4NETJHi5schMxq
Bm5YvRoLhNhcXjLYpVim3QAUFggP52tsaVRG1PXxkUA
uZmLkMtDwZRgfgFCehzdHRpV9Pfg7kH5XqffktWMDLU
CzUF3MqpB2ww1VyDE2iTi7EhK34qM7ekabYEs84dXptE
CLXHCLbDo6howfv2N1Kb7JNoBPQaBRBn21V3Xskw98XE
B9WPBxy6ZiqNaeWopK8HHQ4UgFUWpWy1dCLgp4cF4iwv
BJ6apdUxzqAySGbzRDaocAQrkPWA9KgcakMAfJce4kmj
3uduCoxqAdwtJm4UurBUurZEMbGGPBUgzBfzHbk1YyCi
2qbihpsmwUG5kXbZuDYnfFv69V8QRzrchpB4AUZmUMMM
2XJSshPD6fgCYH5yfQVsVoT3fsuTuxX5Y5bCf6fKJ2NW
8vFc3wmppr4mc4hE4coLipcev42B2HGy94TnraBz5wRL
CR7BfZA58hCa39DzvELcXXbHnkXr1AeMQK7MHmzN2G7P
3SVC63D6UexckvAKjmYs85bR1rarvX2Qo6Mg2xDaddCc
Bn7WagYJsSm26hUjha8PMmxomTk6H6uBESL6nk3PFwf7
5kdVWLTZRGaSUJRjtj2EqCHfw7smt7yujVGkFfJ3fBKf
CguL2s6GLfCsa9a61p624GHr32S66Q3rQEXmgappyJua
EzwBwuTUkBMwbVWxFvHJ1Z18Etgn4vcmgJEQTwgNPURy
8wrrpkJ2mMn5WPH441NXWCwwaKAG5HC3i9kAyeKumc6o
BMkjVTJH2odvRHxg7tSwWWLfP4MRRCd5cZageSQGZf42
A8Hi574ZbVpjx9ga5Tr1qxeU7mMvZsGj8Rv3MKB9bNz8
9JjqSZy1M58sjGEucvz11Wmeh1gr1df744eLwmvPf8cn
GHBjYts21Hp1djhZbWZTad5KBgsNzBZivEctJZvDfyRC
3eBKEv6ukWmcwzDELuEUzuMjNB62uBYhXp9diWRsoXe7
C3WTJEGPGJg6L23WZ3CLwdQfZZxVCGbU9ocenoFzgZi4
6NEUAbH2hSAHHgxddVF8gpTWYZGdqrjHW5AqkqSFUL8c
6zLQNC1imLLkpmPjN5sd4Q6rSJUzkncLAsgUfgSx6VNg
86PxkwoUYqU9FEqNT9hwzNsBvM4e4YBHHvmmJanW5R2E
HV8qVaZFSNcBXDNqEtZmDP6Z4N3DeNJewnXLnMWpdPiH
Dx2VJrXUGdkMQvSRSy8cFLKGq12VUvGqVTKrtsiy8JBo
2B5r3tsESYSoYpD3xjXC87XPakJqkLPZe5wFETNMTppE
EJDQ4eGy9vwRHGHn8p34HAvJtaARj6ps3wM6UVqv22qL
vjqLocGyRvxt332hUT1Xmk3ddTbdkPm3T9atbwNzLFJ
BVL7diKzfBYn8YdjFVyHzb6H8ES1z35cWsKqoUH3C24j
HYcG3KATHzfeBSycpKEGv8A2WDBxihHpM9AbguF2hZu2
9Fb5UxGEr6NtXanSy56tpnKkmFzSkd4Fn8nCYSXZHgrM
BWCMjQ2aJJMC4vehouxmYHFu3weNXmUmdpFXAfPgwave
FyofSkQh2y6A3vzPdncVWme3UW5EtTDfZJ3DKPeiDDe
3k7BH5k12fRjzuQezjaCZGU3TTYmrns2TRSmzFxcynif
9smtXoa9CJkorwPQdvpr9hdh9WcEX5bDAVMmzMndheAj
G3NNLuaiZCks112AtF8V7j82gHSGf626XghJCWFL4TA6
A78vMTKpdXwPTNoa3iyhNWZBc146BAcnnofQT2i5msr7
3jGyWDNtkfvtUSJeuxs7f6VLwz9k3zeh4HFTbrEtSi9y
AE5Z6cEkaGqSmjXha3FiwtfYgjYYBQ5qyWXHPjg1D9C7
CHRYAZLq9nGExp33T6McCosAiKdhTY99GHSrDxYFRfLM
5vsvPVLXhx9y3XjGcnPZC7eWD6u6ho8AwphPu8teVobc
4jEeBtKWzCLuxdrfTnXqSfw1PoVAHMwghKb56bTKf3Gn
Dnh2f1yKpfb3zcyqJ4UHgVuTb5FVcNo8CqhmBnRvSF1M
ECH7ft9bmqLzHeZ6zRe5yM6M7s9nYWNDkheDiGLswoaw
8eG7kQ5xuyyh14bLwS2Te6ZgVCE4FEDyh7iZbgDacLJH
5LAUnKAo3bvb9jDY1ZJmkmF5LiBLAAF41ebdkpgKBELe
2WMJkGay83UgYartDUjSpNHkeoyK8ZPMFhEJQGy348nk
A4EJf21wuz2Z3HyhZr6HS7DPwjvniB5XNVJyEyZ1Mimu
amUEcaYQyotREn3giwHF3TgzX1MdgYCzrwVsYVqPc7p
J1yJ3dNLJRqPhtRBMzya8T35nJJULv3H39m525pZC1S
9R6ZQh9qZTKcuxfeUjvjtz6dyTCciddbtoKM6mgFe8XS
B3qYE2M51m55LWd6FUbxM7Wv8fVHJdo6fjJuRL1hBGSi
Gk3oDvdWuYTebQZMGtvQPyM4JR9QZNcim7kTwMsTxwvb
ANzKcNzBYc7XzF3TqGq535HrKD8tmHGFw69gLuTKc7Ep
CdYafrqtKvqjKnkyShqSpDK7XU8MQFDxfhQoYqc2K6rj
7DxdCyttSoqGvKyNPDqmboEZ26keU2KaLLPqHt2rV3FH
HP8fAvG4EZA2GumSEsXc3hcN29qr28WyZjzD5as2SuHY
Sjvw8SP3sYDS5W6rkerLC3usSoPJBgCxv299N3Wkgdk
8rXyvPdrnYYc54Lcsd8TPCSZJ831ztMAYcsMSbVQUKoE
7m5dVF8G5fJDzSCcGVy1PnwA5QEWmFfNypGwnLMzCnzR
8z8fm5uj6dU7nmjyHaK5V1dM5eC2UDmBegdfvzfmoSsK
6PMAmSmazEX4HhxwiBoWWLFfP3ScsDQGHnDy2Yawd7r9
2dZRT3v7VzbyV8XkcxriMyRRKLXSa3GVwZBR57zzzdgG
HdvD9dncmtvVYhV5JaZ9D8JDuq633p6FBntxXMmV28Fj
9QtQTr4aTwkDKqvCQgkCLRSvqL4BKVR72VVtmcPyyw7Q
FKfFNRrZwxhpvxVPbxZRsnFHJK8ip1KNDAkXC7sUZMvz
HGeMNfYFgwd5sHJwTN7XkDD6QmwSDdXfMxBvQRURsdti
9Xjod2TEuziT8cEyKHXYnBXfqQuf8z618gsPyv9Jbxo9
EZjAg75tNek6rBhGwLYcpoavmAeF6e1AiVVxtnnKMTmP
5hRhvwfKn2d4pNsMwVSYpeDACZiN227oXxsvRBkTcghy
AbMLyWC2DC2LBd3mXiTTPyfH61zCzxDMofvGU8cVwwsz
Bc2C7gbYJTtNAnFJdsWtZXTbCHdafXMikd33vKYu3cno
7V8kJUZxuNZVZoWSWCdkeaKbngCdiqSTtjg6JTAFxVu3
kkYefAtXUP1xcEK6pJWUmgr64sVyZ84Xk569Nf1FeCT
bweyJ4qr4sY39GXiVxpNvgFGbLCUC38Ei4DGNCvSNtv
GwYUFgv4KvExMmCWrmwAgRUyHHqPKYVPcEo5yhZ2xVnV
44cvcYGP4kd2ytc2DeC1ZBzU7viC75oy978mTiNGRPTm
2sJ6keEKp9G5zLdJQUjbfZpFVngNf5Z4Fstkida1rbv6
E7EWt1PBYUck3bgech1eCH5Y5grNySwmtDdphgbaUxi9
EUohVdRvvmJCmrQ7QrNdtDfMQ6JRrDMic3W45ferLb6V
HpZmHBUpjFcP9A8bVR44x8JmycKf56pS488JLtfvtxgt
DS4XkUn24wnyheUNGAdiVFsSeGyRJyMzuTf3SNVNpfH7
7wT68c5bYTy88spXHFpypZ89GEQ9Bu8mcD9YqvrZ9hJz
EeGw8TKG8d8y4sYNQhpejZdDdvR4H8EtXo8ASpPMaaVN
3YqCWti6Fo3ubxvEizhohyLrHowq5BmKDoPx73J7dbrm
7iQGDZet6pdzFkv5GYKpfiQJN6pdebGq2Wc6LiG3JCKh
EQS2upS7GTns2XR1RqP821Wi7VegzxACc8bm1SCP6GBU
CZTDXHU1uUWv5DFuSa1JaJb6wzGvVtXAzNPDFFLuoP78
EVdne9g91LS6TaCBMmKY9sR5yUh6fBtCnLFbTVTTnG8m
2jaUYGta9KL63kEgZGer88n11shLKGqufWxQcxMT1pVL
9LZbrFQEX5jmYX9wcWR84uhWz19YHHrsw2bC2HaqDd7K
DtVqgvgUb3YrwvzJ8xoiQHDTJn2ddeYGyEnNe2AWYuuN
6cHGL5aNrx88DcSg92pkkihxs3jou4KCWut3yPfKsSA6
9RxBA7aSxmdCYjd7EvbcYThSxp9JbcrofZf6xd7dHfS
J5z7myi8RYXf5zdLupz7Y1JAVLDrdoxZbp4uFYbYcq6H
Jo1nrzqnjwWLAn4gk3SZeFtZuhJEYybmWAmRWrnam7K
HLhc8F6DYnVUbJoxNJBSDTGaxnhdph3eLbMeMj5z7UUr
ABPYrnR4z3CeqezEN36TDJD2z4UNBUng8fQHEzXWrWXB
48yGHoL34gxTwTXK54PHiq3F87R1f9HoCnGdGm47M1p2
GxDJVvdnTPDJeKuvUT7sStjGhsZViS2RwZYcg7efTMsN
5DVTKjbGfoQFR1NKfroVR9DXqwPkhjwAqnz2Twvm4RUw
53yqkPqHZUqa27BgceT1ZZ28JLGKofX395Kjuio64PqL
Ewg4jzWwAgFgE3tM9N8nEAyZU8PkUwf2xwpQXKA5H1ty
233jXXm8NnWEx1LuzEVSWHsvFkm8y7ncns8xkaUDG6vd
ExQid2MNXs2AQ5uWrfEVSwACp4p2qTwCfn7ZjbKnTcXm
DwRxpDftaoi86Fe9bV4mhGzY8TsWiR5dYzzUpgHfyVJw
ApwJkNxSmofeFTy6ZTrfA1hzLNf563QUTwou6oeGmSDd
A7ESefPJd34f66mFYt361ZZAzhFPNL86ZvQTJVZUk15z
3pwEnFBLfjyJj791LEajyL9EVCg8iaucNpXm6nz8jHU8
2eHAnZKS9Hb7CvM8x6HsdJs3tDo3wf9eQc9B83orHz91
8UrksUjjCbYNvqukckmL93WdWiGCjZncrEiLRKB4JpDc
5FkWMUzhY1U7PLRHJaCR161rJ72sj8aA8MMihq49vWaS
EUqwR6ChHdCQFa7G6FEJgfz5A5hxuJpneHtk53ib6Ufx
6mSNQQiBr475Hk4D4Avu7ZT7KN6Wui1DjyWHxqHnbaW4
AE6CmVRN1HW4PRMWh9aEpnSFdcdUqQ5XoLRxVMFjqK4p
Bh9dtcTU9UyZkd3qyzTVR2oLXtgSL7N6QXxAK9LNMk4w
37WA7pHe8Xeo57qc4j7LsNaY8wtiPExt5TRwzHEdqjrv
4NoG2JfGX3JQ8v8SHA6GzbziQPsQv1ZVL4be75VF7UG7
HpZXqPkHerSSffypg3fnstGbadpxVrJajtyzv2Cwn9vu
9evchfWiBeAFuC6xBYwFywMKpasgkJDBc6B53im8ntTC
71FdorkTWuba7x6H7AN1Tu1V58HUrmp5WAMWqbRGGZuA
4zJH8V8Uapu8aHcki5C7VAXpPyLvBrhXGXcDHAuCbhRF
9ktnZwwedPVCnWppKT6JaqVQx9U7ZhmF587f5jnxxJs2
FqoJuGTyj5jsHpyAbk4J36Nxp1A2upsyRwy2r8bFiLUX
Ghy3Nhu2ocQPQRWTH13hp516TQQRNgRsvzJqqFS8U2or
GvK8cjr1zzZMC8AZGtECv4wVYMw3RvU144j7h334M6AC
ELnCZ8dD753qDVwJ2F6heh4bgR55pULppeoUr6UZTxcB
26h4xtR85U8qjcH2LAyxVgZj9WVSTVbmtR6EEt4eFKXp
7V4MXSuSFMbX6tjQ5oLppaUatLFtC5iNyMMenxyLKtpq
6pWC5VdKzNQygcqw5KqDxhXSpmyHi48Jfmc9ozVL8FYT
MuPMy9QPbGKB29rQVgdrBF4vttaFvULmc3bViVPyAdz
C2KES9Dg7ZooizXMkjMAairVToQYKK5QrgjH6HhQzAZi
571U3uQPkdzMx3M4Zd9bZFp3GYh4xA1VMXPqkmkKrn9k
6TxeoFBXd69Zw3KBVc7PJaXJytGSV3MQBz3uMf2XBAUK
FWLo1aUGQND48SMrERzJNY3TyxJQpX5mFpU4hG1SpnqN
4MQ8zzEmbdevxoehyVKcLaRssxHni6HT1aHMY1cYvM2L
H3yt126mxtk1mD6NQrLhyrDJ9cBZ5V3XSYrtoSynh2J3
8Yt18KsNyV1YiUwf2pySV9sWaH4pEckWXeJ8VyjVbJCY
AK6xzjm3qKh521ffqgNozDQ1eb9qBD2uziFZqTtQPxbv
62GJL7iK8DLRuEQ3Ue7PoUo9rLUZFqEXnfzjtfU5kzHd
9MTkhXm2SJ2fqXoov85ucZsVV1HPki5bSLSsEL6pBdsr
AY3zpbmCassGzjR4dLoJMcviXuMFTwgJWgwi3PWZ8Qaz
EpPPFo3ihnr1njJmAm9L6WTKHhajCh6ckX1xpFDE5ibZ
FYAwuTQAocEbVUQ7FWDKruTfwWsRNbQvKmeTscnbYMYa
BzcTNAGiu8djsxDd8w24iYWmiHxqoBjvMAnGJx9eAv7R
AoUWk9jCFWqhzz1ujinytsfLg1WQaxejpAZaGLL5zYMy
CoPrS23rpWBGhRL68GVXZoCSmFCYf7Ad5MLamGp7QaHT
8cdW7wbd821FFmCALuy11aZVMAvm6PFfPRs5Eve82YHT
H9BCKAw8fMKgNvW7aN6d96fRa6MNu4sKGXDtARp3zAng
9RJ5y6nkkSQTgPQ3cLRbTbKDWWaM4M6Gy89MFkEYR6Tw
5XQEsd6ABi5U7Vek82Xbz56Q6AT3RnV1TKGui5bh8q64
HNwXL1nzncsKT1RJ5z4NF4TP6BwnURkK4xYtp7Zm2bfu
44xYPRnJbf3bQQjbAogLRTt5n6U8oE3UTMh1nE2p8Xpc
67DXGu3EHPVD6hVE4sEXJwzSvPTQnky2UyPZhienrAt2
2PphpE6Nd9gn4Qgu8gNRpzKtEoBKsPTNjWe9L6miPuFr
JC5b3vTLoyLTfdR4bvCu44rrzaz2yVpYoELUgfc8ZTqk
6rzXNufe9Qp4JVSLynKh4fxv7P3aAPW63ymjZqfWVZak
ioPUb1JFCF9Hp2UmAxKvijHJfp2M37MjHf4sqmnFNJX
2crQHKAh2SRCGXR4sJHpaoqq2s22KsAYS9zo2GZZn4tk
GDD9BpqrGq3Qgbjx6eu2iruvFBAD34ubrEDAo5XRWB49
H3pX2C4qd1CshiZWFcZBHr8kivxySp4Gm84cVAPKEngu
AReXMmuQXJKjX6URzMdRu1jHCe5Bcf68SmcgyVYjbAyw
J9BFDHtogNbqF1reaefmFDMnqK7TLmqW66qLcaivZxWJ
AHYMcmtDH5DNoTA3TNAt5rYZab84HC6cLZgvXtAGgTUi
4WZGvHVswhVxWHttMXDXMNN83i8zBVexcaqPeYv4AVKN
FZzkukwVZGbY7v7AV8phRyvyZi31quVCGMWAjTFzEHdG
Hdst9ba6S83rxPJtPu6i9S6W6Ysdoqft4mc7aXT3F7zp
AMCRG1xsSqpScPnG1uwGSQcpnjAX1QBDbVFgaaQc1qmt
AS4TjFCYNUEnRGBH1HxmUtpc3YLJuMdcuuNS9qaH4V32
83SPYNpjhzphMRDv1DMYKAsJBPiBiXWgLV5YjYcS8fKo
7fJJLWygeyG1VtzNgz8GfWcQoVufV4sy1HkzAXFuWQFN
wd1k5Q77pMq5t5gMP2Xi4FRHmUTkD3GY9kKaFTw31dH
4szdhB9cFnr6q3NNypJY9PttVqnzF1GQ5SM94FampQyT
BzUshjvkhVJkNmBjmUpoqe9ae6oqoQKkjP2p6M4xpTq2
4sskbb48nQXq11Wsky2NRbFX4JaS3h6CvyX8b5cuM2s7
8VNb8mKKHBumRntUKJm7HFJYXcuQTrHW5F7EPdxh47U8
EDbTM8L6LaTDQP6x64ZBgGGFv9fUjW7MS3DXmqGbRUY3
9LcQrrAHWLPqoqfNvHbDQY6Tj5J4V2DpaWBx8dj2Hkdz
CXyGxSD45RZAiJgE5hrAeN7tX26p8ohSWvSDNrkRaBnM
ExtcNif3jhw24wVXPKgWopqVs2VQN9yRNfGEBXTdGDg6
AD9ab8LSWK3WmnbMphEtLB4RCxrhkF76gcC5tooqZoWg
3eDfiT9cNTVrooxeipvpUsW5gV9c9qxNog2pfcJcuvXv
AYTDxX9PxjPjWp9MXVDVYBFJ4SnEjioGwktr8JiwNH53
G8s3yhJb5EzmqWQUndvxcfgs3F7VPqYj9NBqtPyF4tQE
BBDFATSWNf3bxcw966nXXCsPjDowc4YNAegpVqo1Se71
5LPj1DCdYGHzhL22QDEx9o7oZwBje4t4j6toNqsTpS6f
DykTDJ4uRjpbqTs743i4FLwnDFpBrSCPZGYzr8LEHPSk
FzVr7Kp6ApV5pJ1ELsqD8pvCzm6FV2bmLGrhxdxrjqQc
EK6pNDBp2M2VH8BP7PtVa5v9UCfoFrF6uLeXHXu1kxzR
G3E9QYj5Pvbd8PTVqjwqzqhget8DHWK8dzbX5m7MKk98
AZc29CVnW9wqNJCpmp5nmGcSY6BCvVuD6ijDuip8YKNd
7wbXiF28x3yYkekwcmnNHWuv6foxsAQ7cpN7hS6w9u8Q
6WELAYLipbzYjG74iEyEPLVxGj9syhZcNzVkMyoS5GgQ
2szYHuaws9ZK4pHPDFnbVKPxkpLJvC81c3L3wp32ptzj
74FnX6XXuGNQDakreNqy8YiRnfJ5z5XFt9tFR2a4724s
Dp41hZkwrcnogjhkqK9Zy7Z9iMZBSZ21vndaik5NSpyu
CWyvXaKk8MQXR5vXfRHRrGTFanuBeoYSuBWNQfqKeDSK
GLGrE1jVVu4BpLgosX3yBHWFi1vYvbz3CEpfFCyDbSNC
DEv1opC3Bhb9NWcXwjfA1vUgAvyfQ7hxdiyU1tQDwBrJ
5WzeCtjs8rtMSdFCXD63hpp5SZGjA4bhpmvEw7fpEbLA
BTvMxwEN4a2PN1G1KtMdAfc6BCWyaJV8LDm7WZLkk726
2mfn6WDHG4gnFwCv88vYuBSsBDzipr2GhTw9g4Qx6CiB
FvCb6DaSrUzKpeZ5iGUpo8L7GL3xWh4D1Tn5XJUhMvJR
44FudcVF1xxvShyK77v12LxLBGb6MirLGTcTTFm3mMvm
B8fyQJaLMxRAVaxEp2Ck9v1uTxnARhpYPZvRJkhL9UUo
FdaFqqNdQAR8N4R5whH7snRSLwU4VqgcLgVLrJ5hsQb4
CwNW2ZENjU1FHybqBmsh55XGf8yToE2sbSnBmRd81w8o
HATDN7QzVNufLMgFXNWgYJgdfHfXmxF1CxQm91EBVHv6
8gsv2JdL7FVPAyrwiZG9GGaAbNKNR7MKknytAD32TohL
BRMbETiL1QznioF9xVSKypza6CeJDQC7QeU1UwFiGsCi
AvAEmhXHa1vhwt4AywvGERAEcDDPeCjjF2BvEH7b3Dyi
2b12EPk9UgvAtHzNLbJcHHMiPBCgTFK257BCWQd2Kbq5
35kDK69bwVs2s9iHwxehnAxGqhi7cfyFTZtrpT9hfwtK
8YFDe6BWCaxYTd7z6dwiUvZxJii6GhgvtTenMkuAJ9Wq
2Dc81nhhAzExGUwsmmB8N8G8Z4TPGAggGmfMXPG8gnxu
9Yzw6z6Q8o5Q8oukuK5R2YGAamPjf9bYCoQMuFFQMufP
Ag6Ynvc6576ns99By5zuAw2odmkvLidJDGB19BEG8bV6
FKv9YsfternB7R5gbRE6S1DfvuDLfz1ztSPNjmbwWV2E
3YaUwoq4ntRTsNLavg1iotCMY2XD4Zfar33Z9aXXRJd7
A6NNKf5d54XswkznpapE5TYhrAbnRwUsgspZviGnfAwF
DHL4nK9kDVjCePj3NHvJXdjeg93hZPctFwe6N61939iF
88GBm3EBAYE2h4aB9r8LrSZESNPaj2k18F2nv4G4aARo
3sfw9t61MovwEyhkYSX2X7EqTpBtdqu5fZdj8Cm4XBc8
4FSa12HiRmaou1mRQZcDkoRXgpVhkSufPZdX7TZHSATu
7KHsUj7uwsNmDq1ZUqtsmP5TBmbzEF3NWmfBUT3kFVdZ
EoUq7hiht1syPCZJ3RsrxKvFb5cRtDrKBEsw6LFFr3Tu
8qNqQpKpKxuQJs8J8JWSE57zETBF7PqF4g5WWY2S4bru
6qFKqYRctBSzUYNQNX28aEFDeazPc9SGA358zG63qZLc
6QKcKJ89iYPcEcrQYiyoLdMVTqx6Mj12xmrya72i1hTJ
62BdSry9WeLYTKgETdGjGTfBgvPbFYaCYLLtBfjVSjV7
4sMzEgqSHkcioEAhsCsWGxYSjagYv6UfEt9Si2o8c2on
BamFLnmJdfySVDSCjd62yDejU8pSttgj9Nh97VT2f6W3
31sL6tEki18g5dKhV3aiawZEfpd17weWadGHtrNQWHDX
BcS7KsYhu8Xm8WVebjJin3KDwdSiTvVQtvq2cZphx5Wc
3csJjyJA9QfGgHRjepHhXKbtosXHkK7uSdUrzZbiEYbY
HRhu7eaEg1tgpVGRKspwuW9MyAcBaPWBgt3sWiyQ9Pnj
A7X7UyA2EVHP8uEtZ8JNyvoPdNFoaxhqxhX7cPAW9qZo
8ix6J155RUjmEekWSjtrHssHHfdPyGkrJJoEwwcNDgBL
Gh6nP4b6cSHukE3SFVhQMbTkyYtBEzgZzjkcSWpxBTvG
7ZBfqYnsUxYejGB1TxELMvJU5qXGaBxMbK47UJTXWNhr
EDLqRFXa7dT9vAYFp3sKthFSKG8h4JnCU4wFAyjQP5Pr
J1NRdYqkgVxt3p9EBkwQ6HMW6CGzhnBPEK56htbu5Wco
GRFuWZqYfxVrGjsKWhJ77EwCfvAVJyA2Wxe8BcuUYXwH
82CSpRwGbhgMEaqSCvukdx3J4CWU3UFQZzXypNoXQmLT
C8otKeeu8G14Yo6RpQ1DxniwZB6Mcu7wX2wFgJXMGQf7
8TrxRvsbhYE97uz3xj516nYTxmuzVypu1nWBnpZLZo58
2ro2pVchrDXVrQbG6MohN3MeGgBYJdknk68yKHayU9RY
EMsJP2Unx2tGrvcWcQS1BPjZoqvVqr677s6d6qdHr66Q
8T17zoDNFyzqZaizmGoyr1cwu3ZaZuj4PXaUx7W8ggoA
H8wwu57XhoSxovny9PAyntQrH1vH3myWMUgJCsnMQzCp
BoB7Pc3pvoUuTREZEcCzR5xCtbeZEY4x9tEMgJJK7X62
4xdcRwgW3aYBJpKPFw3UXrpALohwrquL6Cqm5UUSKEub
5QqXe7nJ9aMH5Fy7k88AYDLb6Q2egsBqmhRFGpo4fvCn
A3eBKw4BaHPMaTwSCS3cxzgqFR3un6NXgLTHjDLe6VVy
HfjnTPJPFjJ2VfKuDMS29Lrt7Nd3HZaeGLmoLF85QbzN
BkhhJohzWpqM3XX3jBfhKQ2r6JShMiwGao8YecnDRjkT
JDmcTGAGgkWt3FdXindBc2U8khd9Nsmf8u5W8MuRi41w
4Zdm61FeHPto5Zrmt5VYFZHcupdCKwHzQGVrP2AqXpiw
HhedgzUTNXomZTtWVCMQtVFpxcgbRgzGGghZ8NS6VWCt
2dUh8fCZpzwgRvxVDbQQ3xvJdWPcyq8eZF6RqCQrWb8b
76dwR549wXT4m4pr3fdDxfmHs31gNCVnEEw4gZmXWP5d
43CPyvbYSCnurBU5aADgGKYBggJeyy1dPcxGxBjG7f5q
Bw7AJDB7NvAH2Xj8kYidk1grtx4TpSogEV5zeC2HNFkD
CSc58JmkFXY7SySArYSid4Qbz16g6pwUrqbpfX6KNoY2
14kVGxoYMQ7NE2PpafUxVGYEHQ8uYsP16bxoXrEUhXsw
E26gfzktLgyFN9iXUB4tdwMPauGuQMpqmDGdKNSTXnr4
HfSDuYPKm7ZJYjdop7mkibKEoSkgNFnMj45SqBtRXNrr
DVVaj93PMJCZ7kCETW91arMV6UUz6PHpQTdicoSdqFzS
36PQxSgJReSGXohhpyCizYQe5n2vR2riVGEZaNMHLpsj
4FVTA11PCWEFXUYZUeWq7iV2QUxEG8CFwABGG8cty2Q6
7ojZjxUEAJV1UkSgntpu5JxSV92FnuzBgmtindyxdX8m
6xWtfrxddg6EqNXCW5XHsreWhjcvfPFtN1YATH4vCEPF
82e27WSjPoxEyKXFdZULaiFQ4DFJw6tLkXrGd1v1dae4
3JX2vNLTkLt6AoLc7kJuRRJyBK8Z4SgKmj2HDYD5TFjm
8mqvJBs99dai5mt9PdTievNLKESHfPLyhtyDrXjE1PEw
4XgrPPBEH8ZneoLdP37PjdvtEcPxQXsN65fMqdkUgWoG
5Qm56NYRQcLp93coa7k9GL7QpukvY37j8grzUtLKsaGX
Gq9hZJCZNGVGK4jGYzfWVfCcF29ng9MuW6toS26hQgVo
GVgxAZK1hsj7oqC2VW6ztGe797ShDqGP3z9r8Fd2irX4
F9sYtwt1MaWK3cdgqF6Nzx6zu4bXW25p5x68SCiJJriD
2CwztsDfKgJ9KUe4nbBGgW4xtcD5V8VPZ336ncVRihEj
G2U5zeqvnfWv9nHGgkna4KNN5y5TF6n6y7RiHCfE7m8S
5giLtfWeHMgtrMnJWFgu82WRdTQUdfyZoyztB3DJtGmt
HxHRhdNz4K1EAaqkpuWrcWJVZqFLpRubnoosyE1tyv6b
BPW5K8r8W4jdDqS8euu4Ln7M4cHTHYz2aJkggqn7oNHS
6tTxfsS8D2ci7qAj9B237qns7rbzbZ2RvWY46PRqusPN
GmNr3fggPEVvnjysWD3sCy9MdYgwvsB1JZzhDTcwvang
BJzFS3P6XhAqkAkedTQc5C7pNqizi98SGxSt2F1BCebR
ARe8LZPRiYshvP7iCnsBQxYij5bstzSedojA8Nw7fjy6
ByFDS7r2RfAnDe1xNsVMEniLHthLwTc74HwC8Ab2mQDr
6cDWjgGrtiscnHCDno4Qrf228Va3ifyGySszTALKsQa8
HBHWknT8iVEVRjcv2A6w96KUNozo6JA2jDq2aBf1qEyB
cUC5rp1pPA5EAH6RnpfFwwXW235nBBwYjm3iFrPxDvh
6br52F3jpd5m9hd1TfQcUYdfF8Pw61dWNpUsv3GHHCFs
A2XTvrrYSP46GByXQVzztSKg4MRqEs5GBXCUDEP8Q3L2
8wfz7PdpwWevj1kdw6KZC5zhWDkPpVQP6pfryT2QrPTN
CGuLxWseuRAmxuAFuKckAQFAUNEVNNbaKMkXzWPioTf
5w2nsMgdku6khFpLHJumKct94crZmiG799JGbGHSikpR
56vKnr4dsVhbKrh4WPxEPKjtkSw9Kcq1h6MwASXAKJs2
14DgmaAjMSjBK2eRXBtgYMpKTMPgSMwRhEikcKJnNp8Z
F3UNqS2UgBSwAPoGVXvz534zCcKdAr3rMjQJ2ZU6h49k
63rMWeurSgzJHrtc1AWMndCXNWKsugadC9rWq9Lx2tPp
936tpAFmPtf9GFnsEBDvgfbrA11v2H9PGqR83H4nmCbK
VpZL8BMNQfXkL5arCHvyvdMhnNQGnELCb9CBTYX9vbe
CiqYZC5dzZ5i4yfm8ztTLveKprJ85r9Bw14MupyK9uRo
Bd4k9u8jpbbAr2qxFof7jzq9i9a8cYbUzeM8BLZyAHSg
2TWGaqMajLYyGD3gVZ3E4it4ghyneqgZvNrLb7a94v9f
8HMpgJJQrkTR8yTapvY31bAHcY46BHUc2HDXUdKxTCiB
QdFJJsKmVBNsszGF3tPrz1WfBGVZikNCaPcXzy2ZMnb
CssdWiqPP5cSyZh52vypay7A5TPBQ9wrKBZKc4nkLwFh
GSJRy94q2F4yMhBzmDnzFzoKVXeqj4vXrvR68jNLo13p
CmbqtXotPfEwuRVvCePy8uJKAQoK7qG5b53MgAte8KVA
C9yTypAgDpgomc82cjnvtL466koN6BFvEjVcq5wQ1P1d
5bRaowVbQTjLgV6NoW1fGPhKu8it3v2mGJxToFPtEMcm
HKWaCB9btKePNjC7V3xYvZXTnSM6ExJLFNUaZDpB4xHD
EtFwHDmKfsKVn84teMx7UGhLCDjPzEXZZf5WFJ2fqJXj
7y1tCmjbr1B6ibSqKHFjg2ZQ3x9W1jvJSXW53pNkA2bN
7E7xqAsNXpkTD1nJW1Y4ZHd9n7dDTDQbrbMov7KTr2JQ
H2DFdBYnV85oEwZJMyEehmSe4Jh3sZHDaGeCCP18yM1n
AEwSAs8qJiVqZwFpuZMvgx9KDZXpqtVVhDvDjgKspdCY
CsbEfGByKtvRFcQkFLZAj4cSFxi8zSYoy4Pogdw6EC6u
2VRZ3e5EMKshvvWXWU1WcGg9XVUbTrjcVVuMsDTwmtvL
GwcsPgWBMKHwbri52x6twA26rX9bYqFGmF8odYYm4rgF
8Eh5V11YRZkALvn4kkY4w3piiXb46wVjYPrAvhpjqBsN
32ids4rDkzZcnMvdhMsr2NVRcD7EUMg4UEtFLJEQJnzT
AoYumKkgjV3fAkZYZbAQKtkpEdLiguUZCvkRvc5aswce
FZiH3xKoQTMca75vvcycF8GWHfY879ZoFmqicTFn4RkW
G92owmHrzCNW32goqHir3RLUSpY7sEHXvr8kUC1atTEh
3Wx7nfyxmgxCqnYeEU7d1iJYFsZAgPgah54JVXkfErd5
7X9SmKHkJjbVDzfPDTx3phFTzjVbku8EsAGbTmiMMrBT
C9ESBsPZgnynmNLr5jorXSmTgV56bsZAR8JJW2V4HDwC
H3e9V78A79TxPGXBKfdtrfeVUmijW7DLhUeaTepLnG3s
6WzTtaEbWP7VSgTNYU3cbRpH9fQAgL4nuMmgNykvCFpt
BnfSC5hA8JfZ8v2bKF3BRhREtpTvW3ouN4zwbpdTWc4o
3MLzxjE1Ah8zeD6h6vvE3R6XYVsWSrMS9xEiMPib29VH
G1vPnxMNXoBuzSAyYCV7CPgQ3hyZK2C2YviziRJfuZLm
G98N8EL5Yvxg45JcJKHZj2bWUWV5Gb6W9mwuE33GQptb
HpCy1TwrfbayurYxkjbqAq3S3jfRPLkipG7DhC6X3hGg
Hi3PDv8Fzb64Cxmw2tKVwKuGhpfkU98pDywyq1KXNDdw
CgfrA722DWhcFpeCmEUZiBAy5NS6pMr7vNYPo5pdZpgE
B4oqu2KTGUhfGmYoKjWtMVHyZqUhnj59zi8KGHZd7hJg
BzSKNkCYPHkcxV5hpeVyYgehDaC1VsvzjTMGhhwVU6Jt
Gn3tGyWtTvfQgD3SZQYea2DMQ23oKpTYKyjXwsUxYfXx
C4JbQ98sU77u3RNKYzKihdsRMn92sUoSmCv8ZdPboMmn
Ckg3ZJWQa4mQ8ASPVSCCEWrfdHpxHRnZwQnMguczjqVs
ApAkPXTRShYWGysmn2YqvnVbiLQMKGo2Pf6a1e5hGr1M
DLVkCGP2RBxb9UqyAUaWit83H6WtmtQsyYxeGR3Poi2c
67iToQemfVieEVV7tzjcq9HBA3jCuvtvGabpx5veiPmb
EGrcerrN6B5qM1kxy58WFuuZXf5y4n5xdLtSr8pL7r1U
8hbNSQscxtaLb6jQDXrxa6NW428mUdmNAjFTDRC4RC2w
8qDNSgGEyHFD7t1yci6aaUSGidv8TpWYMTzNpfhNpYqx
4971banBs2K4EXurRKJvJTk6tKoX7Cy2MeYMUfdCWXEQ
3iGzYZpnQi9NJBWSsz9sAfxR2XyoZ8zmqMQWzpJvyj83
Eag3jtnqqFFo5ecD6WvKJingwaUkwnmtWQV5RhTXymvn
CPKvJ9DhKCgTNSBHs4z1KGzE6M5oe9egWFqC7tanPvif
Gwj82gjw1iSKuNhsAVabmXu7msZdGQsDF1de6YnpcjZi
FYUUP9v7A3inTRhepErFXffLsjhEzfTdzAeF5DhmSBZj
HZtH9UNfNuAjm9RqddBWTEfnSAGyuRMbs3LyzD7pJvw3
5mz1iDqSssPzyH8Ep9E7dz6tpamRacanA1n6k2bZ5DBE
2yB6LHSRFTuYfyhggErpxY77VEySA4YfsvuLY5DEt8PW
98bEsR8CPfjVffj6X3iCKoG3beEToVNxdk8QB6aU7yQB
8Az36wMv9r5GN1HYkFfbQx9TDSpnVomuJhBxBdNBrMQQ
3BW6mfA5ke4BH9n62gYRE92dknGzMyXzZANKpb9AQ2ve
9VWaw9qmqU5AzHA2JJsjNU8upFZLRMUiSvHJtjvFwJzZ
24FTr9Xyw5eaJRpWxfop7deKGcDhPVG4PjRQFT1ufv37
3weekgyd1BnAJtvtUGdfX8XnucbiRN1k2jTRhTNuwg8B
HdTpKXyJN7tmVXX3YFJqQqJ51Lg7hvdUGuPx2Dj1bP29
7bJuxB5S5vzSdLb51NyewwDYRf8nnZE2UB4gghcnjnaH
E5JTkKXgkThKFRJKzhA3y5fQSiEtuK4tM6jvwebGpWPd
6b9N3aoRsTYCi4T3HSsJJzy1qgaW9PiJXM9vv6NBBcU7
3sXQXsf7z5HffruwctMR4nYZMUj7aWJTdKhHhDiU7d25
9E4NgBfiN2gwMVNbEjBbEmdrEFWtV9TYdgXm5v4sKbqu
2PZ9Q7F6kwtjo8Wpbma6ifqCAy6rZattYuSZAabfJjTF
J39oHPBPvsYZpwCdom2VtKp97RaraCqhzqbnC56Q6aTm
7nxrG31zZoT6pFJS2mHro5dpvGavhNaLbrRDQvpuPWbA
H2Q5wBiWoGnR74yqdRiafrKHC9vZw9zNv1Q4JiePUnSU
57TCZKsRytchVkUVq2dLuRPwcyEmqZZPAXjnE8xFsE1D
3uhoVfZKadHpKrxwc45ohs1ZPRynLd8zJzELJ2uFNCHv
B15Z3qCosJBUXkL1vJHqwR4LdZY7LFmb55MLNkcDTWd7
8e8RD61uK2WNcktAwgni6CMxjgKRQLfzt5Cb5XzvTFa3
6aSsb1SjqDCYuu8LBKoQd2kQGDFuMGGr5isaKxNCtmT9
DJDFCTyiQKJHFsDyvcRMCVr1XZGCv8qE5YEXqMhak14
5F2od97APUNHefue9Jw9thSDxYqGjG16JtRHptu7JbHW
E7uMbkpZBC1weAQfrQJJmNJUFDeTPMoDFAX6UbkfB5mw
9SDfEtPUnk5Q1acwwUZyDpn78Nyboaq2TAczYcJnSFxU
5AQoEd8MX1qmRsr9ErMinprSkCdVD8TXAhfn3csCjWqW
2AoRDy8dmo6c9FVcaEb3wjYUX3E7Bu5R565ZmxsGVDS7
8WxZZs8qyreToc8XPyy7JcogKDkwW6uueGt6eKWTwjv6
6DaPEfXbBjHHp7y8bZ5Fi4rg66y7cB21vpT3EJZq37Y9
H3U1pL9ddAbmZUYzLoq1kbuspguKHphYFAkhE7eBoW7Y
Cqr46mzfR5PF9X5co8hj1vnTrmN1j5AbmfjYFs4sq6o8
BDr1ScR2TTAfmJYiUUmKQchk37uu1HkunDExwMx4vMe8
7fumk4oUqfhH3RHLpiXv1owP29bFeCHiupKfgQugT2wc
2wKjPWcu9ckBF1dPWH9cRnuGn8SJZ6JkDGQ8CY9RVbc4
TZGue2ZCWUCBP33iX54mx8kbKWqPBGcm8Xxdg2Fsqzt
EoHCfzdwyN9QQfj9S3MkAf42bfDdQ7Lwxqec2p6Y9g7q
HDmeLH6WVoChs3DDoFUZht7GRvgLbAzWiM1rqsbXPNG8
B1g5MwZQLNSAzHz6xS78EDULPemh9GxjQzVvQqDzmoHk
2xsdn3bettfP6xqVTQjSmBf6apnfuJbxz5Nu3JuaMN7f
LVoFzaMD5P7TpJyaALDdYZMcxGgkZdNMcy3Btb5iGAV
9L9iRsESR4zGtJccBvRRjnxNDjSZ9BKKBXHrJdqepX8F
Gpusn6Zx4QaM5yDVXVNXMqqyLC7QbBgggxwXnuB9H32g
7H9MUkR56iMNn6VQdPp8V8FJhArkrw1RPNxj5GKyJmRc
HqX4mGwGwPxNhc2jp6jRtDbop6WPLAwXqTqd66NyXGAg
6KADeNSrxim87PnvbvYtJEZ3TWE8xxPwVw83HTLwsk2q
4TNXzBk29MUkxRnrDovxaJAoa93MYdMDNZxqgSGdvugg
5suBjdvncjpqJtf4eMcLMQEBwrwGX1PKy7xCq2W2YXZ2
6c6e7HSstr66FeePrw7PFXu64iSAjH1ew7G7BRwqsvqL
CANDB8RLSvQv2nsetduU5A9YwA3dHfdeFQc3LJghYJQP
3gcv11MF379yMF4vauwtPX4q9DGRTwJMphEo22e6mWTM
33pmZSFfV6N1MQtZQ59iDZFHF7DittVcw8fZGb7Z5p9t
4YGpHzvaphGqjhpCSxCSUWJncNFHRLsP3dCgB3aq2ABY
skoP9QkW9mswRvoVFuyawH3Rx3yJzmjAxZZJ7mrW8LY
EdENgnaM7kx1XsQmPmArvgQqTfMJK14xHwo9FUxjYywh
6wtZtJWNeK3DqAPUdL3XDba1coqVs1JYz15iufS1BVtH
23PtPuf4rybhTQPrkBgSJaDyXqgeZVyvDRuTwyaeWsYV
5rivjFUyZk6vYap6ThEsxHfna4qjMffdVy21SRSAMqbW
Ez2SEX96jQVfRSP7AXo2DXQ9amR6UHbsEuvqExLMdiLE
FbfA9UgEErULF3pWhFu7tCkGEKU5Nu1nL4kUdnaW5dXZ
8Z4oD3DeeJgWSVFXsqMwsg2RdsT5dzhKYmSHznBgpt2M
CzkeW2dpryd1An6hJzRqoKkmEPeWqcdwj2Ev5fknWhR3
HTiV2dKiF5rgcQA8k6Xi3B1FmetNaZSXpwksc1kzBaWN
4qQNNGU7E5oEXsfeCsaz2Ndx9rNNzpZA6n82G1gJtNDH
7vc9T6gpxEsfaidS1J8Hn3MjsjoFRDaihZc3oG1JKMiQ
2rpgAxeZD9zWiXnfa7KyMmw4mBtzhraWqMw4Sa47SUwK
BJyDZxAUMKw2pQU7MSPVGDSxcB6pJ9Bix6RwQQ1erTZo
HKtmBGwA7eEuzgJPWXhYeSpxrXdkSEtW2RcfVbupEwz5
5U5EggRk9gfEmZZnJJ87drR7wBeGMaYKDmPRis1146fD
7rbiTh3JhMFBvSqrWLfLVvXSSHt9Twit1AZJL9jFUfWs
7cgzS6XfLTMVfAHTqWz8zfsu6NQ3mHhDf9gdZWrDFavm
6QAWtJyzdfdxo47EWRbJyqgE8WKrCQUvaH4qc2sMLPCf
Gm92hqd3zYJpYV8x8dtPnWuh66Y5mQKSFFyw7DUpNPkY
GJG8rp9Z5pXPHJZm3ndyCyt8AEzXbtbsmSGrRDdBQgaG
8nduvLxXagyYSGWTdmTM2PzQDuJYxiYRxHf7YQ4Q3s9Y
QqdZN93GXpdwHssGZ3rpeBtvdvngnDFBS2zEGHPQDAS
BxTtgvnWeATfJLjuXNhJPjY9VEQVg5MWMrwKwFCuTLuM
3dUHaHtmEzA2uYVGSk96qvNEqCyMD8ZBZTcyVUZEt3ms
4qxmdwfsJmbpWFcguEnAPTT1h7Pa8XomEK9GgmSVjrEe
5QQTmqjHG5DtuiN5kbWmCTzrG2askbiowvd8ZVWfZa81
22dGQPkXneWUj5nkFvh7ZSKyXMhkFBDXgxXfCjKJGE68
GwkNHTj2s87n9UgHj8yXohEVJG89DqC73tbNoMzNuLw9
NGpGMaa4sU3RyQa4GatehGsiNdTuTsH31y7mKTS8fVJ
FEkyuxzrfogJdXQc5i8uPAJJ4rapXqwxZGkyx4bP1cUq
9K3UakDwqFE5n2p9G3wsMJhB3SH5MaywSn47rFn4wHa3
CJvreU84jgnLxm8zizpHMJvfaVdP8hc3KXcZDK9fmVoi
BRj6AE8UZu1bGJmHfrPzf72mJM1zCfpabfmykobtmvdx
DN5a7qPBR9ZTd2p6HDyYAVHGdCnu7rQK6MrK4VTqaagp
GSQzpcVYj6tZZ8MDrSbJCWg5aSxqHjYHGKWqs498LUym
6US928DzdZStzUz7p4YFiDE1PipsoyFT4isn4wnWCPMg
HkoMnraBiQwFhXsRscNW89nnmg39YUGZzF6CS9YMjL4n
7crLuxRNQ5bP1v6LpHUznqUEu9337rnyKYTxQtt5K1Bu
6ai82adUrcaRQKxw9vhyStPcuip224YpQdVjXkxirGnH
ABJsQTuxWGR99y4Ph9ek2VVJrQcVWas7x5wzvksRQf7p
6CjUKi4Dwo1q2Voy7smcdUpcgoRCySkADCaDjo9siyvR
3gVDWNmKAfCA97hKBDR3VUbANhxLV61jffK9xs6FP3AW
CJ4tJj7hJWeQKRRLD2vPvHtHHHLURUpZgFJjipU35cLt
AduA7dnsFvtFrdKotDz7PsxYMaXE8VNzev3hi4vje98H
9WdT77jcdnThMvS4Q7WtQH3B7695YKNyEvLv4Qf1mXnR
FpB4GWNhiivBJGFZg7KToqzTmAzFivLNnYMUuBbrLvJ3
H6sNoZ8nbSjkBzS3C6Cb7kzJTAPyPMq4rboPgRuxoCsP
3jyPqW7q66byo8koHVN1KUk6Aq3e6CT9GGUFaYKeckBy
6uMc74fWPbGAAABAhgeiWi1QfUGSAaF8oGi5ze6nJxY7
BDbGdv6b1erLvSwSs21ZnfncdNF2cDSPNgFnSDXFMQmm
3tomE332X9hiGZTBhoSQFhWFVYUeQNsEpuSJjxGxyVUK
7ZVj1EU7GG73ah4y9zBVfP4Kw18J7aB5GdtgkkPrUc8N
Hcpb2aW4LPmUJt4AeojdFfWec98iz98YCCg8y8UkR6Tt
5fbpxhsio8Ypr2wZ6CLniyXLKNeKfRfpbCk6gY4FT8gr
3AKBcPvBZPXC5WaZjhUniehb4LFyMthC6zeZacyK3Ho6
2uEkV53YFQL2E6p1SbdnUskvbviuaJR99GsHjAaYNkub
5rBjEf5imYWktjZviiuNeUQZF2utTPh8KuRRvyRCaYWd
3RRZ5UxBGYwmshGASj1RHMkc2SXMhoHD86g5TGj34HFW
ECK22gaEsZAi5EHEh2cahHVH3rdWMKw85kBCFD6u31qz
AWEKcDJj4aq9m1ATLkQSfJo9ks5Dt64HvkjRitDt3bbx
Nn3K371L5u524oMHRigThvwjEWcsDE4mEZBMSeRcAFG
4UfpgoNJZjyPsuhypuzbAJmyT76GsJdR4KxCcs4KvRAY
CTrr1re25cPXn1ttUdRMej9pBYeN5kXjD3u8JkmmwYJ9
GMgJRGv693hXYXV6GrDCiwMEVZzgzjuGL9XVNfXsuAgj
Gebf5rgwdJbHC3S3TT59gXdCMPBKuaommXXgK3fpVWr1
9J2mvy1NwLsk3ziXAtrEXdn8mZACTHjadovstNFMi2U
7scrZjkQxZeFkCZHbrWmRpAJk2CBDCwG96nZErY4g1Vq
BVV2TXck7AaTercF8vhGAg3VKesCcXofNqVqsRUgKnSR
8pcjgM6fSXHyjx2FdZ7LzNQKV9xXW7TDgJ5pqJ6G4DKw
TwbYMjaL8Cv9AttxtmyEQ5Kw7LsoZm1sCxE99nNndhG
ENBveaQ6opL8tSJLWAJWXuYiKz9gGeFDYDNFCBp9qSEf
9zBvLqjpi5LwvGsVta44jyDqYaQKYAkXW2kgATzLfyJn
6YDzTwWWbTNTmUA3nwfeawphNdAUus8MMPyRYKR4dvxq
BSG3TCPW2Qmj6H9iCq8HdkWccwDL4hkEGRib8UrHZeSF
6J7ZdjU3PtUq5cyF33eXs4TN7cS67bJkrDW9BZkWGKeA
GchWzuhjUmPXydxBDYtNQF9s8vKXrMYGhQz4pX2UGT5G
7wdnTxtTFh7WLgpnsQwniEtPDCbccCemxChZHhMBvgdB
BVwVkCNpeP9rMLFnUzfFzoQ9H8uuJRXoRSgUPGQ3AQZz
EtPhf19CCkDeKa1sGjyVx8z4sqQtCe9ovuVx2NijUPAw
AEFnpF1SbCLdjpG85nZFAQMc7t8ogRN3LLQ7C5d9joCK
3717qfBzJoktP3SyRpKtUxD8EvVnrPq3Em2zgeA8rcSy
5nUzL5dY3FVfepmhzW7Ja82EKzvqF8rqyp8nsesZLjHz
25zR3yskpPQjKRdTecpPgHFXEwpGdFCyR8G7rsM2MCY3
6q7F7FAXR6rJVb46c4wEWbaTTitchuRhbiNRFzzb9Mng
DHxDAb3i1vK3bKwZuDdnGZhj3rpzxNQVtaZu2ouAY6un
9yR9p3q7FmhaUcSk1ZtTVz8YkvKgsYcmMv2n3WGsRtYs
3ULVM2zR8mXnwpEmoBQ4ENt4zfQavpm5CoyA7Fwryt6N
d7WEewGDhbadwFZuv99v7UxSy3Be2DkiFmZ6KBUa7es
JANnB8oiCMc8odT3LM1RrFpvzM6iGdoHHTNFh5EeB3Pm
3SyD2XJ1AvJA7c16JvSyS9jZGY57tGo88rTAKdqp1Nh1
Cvdh2Xod2MJY3q1qgzCDneWaWALD118rVywz3LgtHBAM
6PiWaKeZBW4MUqMtYEx6sa6FzxmW8zYWq1UHQfy1wng6
EXn8gT8K4jNX5so8bfHaQ6nN4Ycd9T1JNAf89RDxU8bN
DFyT7cWDPkWoPxwziTAjR8JtvsydiQudqB559eSdPo2s
3swqqdNqZK8VDL4P7N8UfJAC23tUrxrFZGLL8yCviErU
EXVC9jcw7nc9k4gt7rnUyCGj4ukmW497SJ8H164iDst2
63zP4QSehjGRyVgab8CPNejtWX2E4A3EjUDLdgESFdbS
FNMrVTRV2kpM2WfunPPrBHNJHbE7xDAgwgUqvEscLvsf
