DuURjppJdMxZA2CrgDhmc67W69NXaTHaaYkAbeYint1g
25b8w8wTRa7REcwkxZu1fpcd6a17AkdATWPuCP8YkQHw
CL1dh4VvYJtW3XeGWnqHh9KdKkeGMcUdUgMBgPndwpW3
6vajj8TEomHLFUibKvTcEfmFiE9ZFmhFmLGtkCzqXgCR
GC1rVsYqHxTC8Y5FzDsdXaj1FMGhP19kwZJwy7mMRmVu
964TmKyFMVaYGeMnEuPuauSc6475AYd7M1VjCuUZm8w
9mjDRTbEyfNjuFomZHo2ZJ5CGgW7XWS3QeNzYFTEMjXD
5ffREb952Gi9apxr62XDNhKUAUy2nTEExaPYyTnz9YFm
HpbmxKGJE2MNuGDvPi6JHKyWeKKX2wfseUrsTTRiueMu
4H389fKsqzX1vHGDrtWDLUKLkcmMi4aJsA7srHwZto5r
GRwjnZnar6xk1yDSchTV6zxQeHwTRsaHdVQctMLoSSNf
4jqUxjcucC5zLXCx7ipMy15ksx2YUBms5C6dN8BLT5HX
D6EDQRF15yCK4qSuwwkHwzSBwi3ybeVDAPCZjkMer4eG
2oJUZQwoKTYWae1r9QPpwVBjLbaAgZd2Qyv6hpkpuQW3
27Tth56n1qwAPdyrtUXkXsaM5GnGW1byTT2hUFFCgz1f
2D7ciRSp7quwY6K6SpKMaVsx28w7Bt5c1R4CBXXi87Ba
7iSwracYgCbijrsgHZFArEp2NZcxUL7rPWTAaE3gdEEY
FDqVEjxF1imzvLHCCwrrs75xB3ReyUFDQjdW7snWCtEb
ADMpUSLKaPrdNxMrgJB3ZndRRKGPVAPo8T4afbrPLgj6
B22cgQ4fpdcAfbNSwQ3q7kNuKSDpGArVXi9Vgf6zEog9
Akrq5oHywP2gCWzD5HBwxWHBuhaiadaU4F8A9TJQELzN
3SGBevNPP7oCTrSkVbeKLecK2Z3SUiFjCBEAq8EmUHrT
CqdQFPWATQUND8eMi2Gow5nCQJ63eB55SsixmN83Y3rc
9hn5Am6GvnohpitdWAEXjdY7ER9GTCvyqvqchV4KANyp
7KWDs7AH9pFYsE75cArxcmtD85J7JKajkRyQk3Xh3Uqq
GZ3ziS3pyvhBBBEfjRVD71GYd3Dtqre815E2sBjS6BBU
5WwGBMUxYefqY1B8M19VMtcaJaZR453PpAP2YDED4U4J
wcL3Zb7ATfhUBv91LfXRtYHEVgUBFq7tYyZXJuS4JMv
5dNGzQh9sonyFUcTHrH6wiCczokUMSc79miMEysyVYjK
CnvSmvqh9fdQBqdnihEJrwDCsrXAAaBTVAbdYspm6ZiT
6YhXPoei7KNqoBdHL4y1d3jHxxLn6PvLZ7DVXDFkvfCX
G65GARCdbm1MvdNAqM8vuLshbj4wBcJWh4KDbZQge9nB
6FdCYUwKMN1gpWPBVrgb4e9m8LNBdfFxfku3W3rbeJR
EWC6ESChdBqExhp96XPMLXR65pXP6Ftuh1pPAVws4pmk
6tEpiaQhfspgztWnko89KbY49oiedfdNaTNVueyTUaEN
vqk4rNkuaHbPHqCEf58R1na7QR7VFsZeYVqwxATJpRx
BTSnsYxfKotwXY2oMKFBeRoDt9FS7UwFnVgUhrtBwBub
QsSc2YpU498p3hDvUze8frZbvqn6wa5KuPkLDVs2nya
4NirpT8BSpfe3tVFTM8Xo9NijqUspFWBE6G2WzdPdx3J
AEcTQCBiJUJMvGt71t1PMRLsX9cAjxUED4Zns8kFZzQm
3Q7BfxTo3h4AFnMqvFFrdtfcBJ6nCX5AUN7ihUhpPXbY
5JJXuC1YzZ1BA3Sn45whVh3b28LTnXuUM1RfuLnj53sW
FN7LNS7DS93WVi6X3YYNXddsQ84zQ54krbKKhDo5kTnE
8kX16Yj2WBCz1sPXcimafGrutQkw3s3Swe9sR3gt3cC2
AcTz4LZcyNYapAKzSE7tuhU8PcvcaRSeMskQYNQzEagW
43jGWPVWoCPbdCERUoMJe9EWC36P6ntz2vEyLKn8ZdnS
GsbF3GxdfTeVvoK35CgQVTH9YAUUmresZfzMcGqxp3Fk
63v9R24nrAM95WYcYhZjJpYchudhANCDUUwgrqnrzGF7
WvPUKMveJ5ED5VxzEq5N32hnP2XoUAbrCGCLYzsLYqP
8zEtHePkVNBcnz6Qs9EwZKNCaTZrac2adCRN73eUieHQ
4cUyDakNPeMEZtJPDJGNujWLGF1XNH7WbQnheUEfD2xX
3ptKCqrfdVNEHA7M8N8z2DqpndCvLXSTFWg9aWzxPGh7
BKk6QPPMAh7rRRq8RS1sgXvcTbMjdBxjKjTiCkoK3uiK
Hew6XJcEjQAx2Pi4GWogr68dmbST24g9xtumKBqvhkdL
4gLUNWqpHjpXTnLeyMZLK9cTMxWHBjiNPM5vBWjSARt2
2Ncn3aJy1VPGvW5cnS7VfPDbSWfyRSb4SW7dw3Sv2eCe
74ecjMfRg6EUV2t973oU1VeueQ2JTXLhXhZcPXFVtYM4
7wSeLUd4gTZtjBfHVNTjicp2vj6dDUc8QgphpGXxBEE6
BzHu964qt7p6KW5Fx93E4VR2xYuTit3NMxAncrLc7gj4
Gy3kEJ5jeyFPMPpCuuJivAR3gbPLmsBHU8bE1XVQMc6T
L7vksHGNsmuNi2yuAz6MVyczJhDBLX1VhmGcZ4EQtiP
3BHasH4RU6ECpWH8g2ATDfzmKJk7d7GkTXwq5Ztzpp2B
9py4mEKERKVtXnHbsM3WnsfEbuM69agAMy8vfkzXVtFf
26oJPXUNGwx25Y4r8bDwjMT65MHsfviToG7M6zksbDic
DXe9GQg9ksRFa3yH5yYr6dtvQk4PQUWtDFdWDxKtKoRq
97LY3zTTkpNVa9zDxLJq5eU3ViEz2KZfCata2nyMA9XG
7ZpuSrxBsMVQ8z4GPdTvzsVvaT1qEw5yhRgh8fHKdDqP
HKH6X49gGTUTkaQZ1gM7JnUacrsjLxG6wgkMbNxwxvjd
6ykYU3fWNQnoNunJKDLSVSZWCMPoajoE8EVNzKCYs9qT
7inBeYpCmFcNH5idjxdb8wCfqRuYxw7SJxaoVjr3YTDG
7gMurgoM7DsC4ar8AZfGfDDs2NrqmctShHkSeHumLvG4
8CRGA6XMCsitY93bEPG7zNyYaB5fZVQfauneadVyCRro
Hoig61RFCPHbxPjDPgXh3KHxnaCCUs39NaK2UsBhXsop
87nKxPfGkava5J87osJ3nK9SrAVcG8iYsoBD7SNDVNW5
2M9jeKr4cXG91QV1jdrfKA5JdonLioL1Sg4QygLWgvuX
3YQ6QayZGeoErA8FWEdVcyAo5xrAENUtdhkpzNJUKp2y
CFQrwdKhJUsRb9ysErvAeJAy4FUqtAXjrxBY5HjHwRnj
8TQX8oJNHM34RqWBqHKY8r9YCNKcBGTKNfKCCScN8FfH
FcyGCSJEAY2AwaDL8GUtDfoBLW8swFAw2DRLToMh4EUH
CLZa2GhcV7RYL9TeanmSCwfYonkyudnMeKqnUCeYFZry
DfgEdaTxFkmr1akHoyYDwYqc3yDCUKR1b8fmHM6fgBed
8gK8TtK2r2wp6JMokcvf6gwpDXFg6ipdfkunc9ebyUMK
DmhaYmoxSotBeXThgd1kiaUfQJYprErVQrpBdhNopxi1
ADAYa5CPnjcxL2kp43VcSusahnfnTa9FTp7Gux2NQZY2
7MbojgCnSe2MwTrzLgRGhFzewERApECsvkK6fBNERdZV
4mjHt3pmKZkY8tr7ayT5kBwcmMpK9W4rVwfU2CjBUz86
Hj8r2JfHZTJPqQuz3GWCiu8sgAnYEj24f3eaJQhRerUf
5awsmonFXxL4xCNQTYVgw8zGWXEzAcoTbirxYEYqxwh3
7wTGmX7g4finjeuMHGB2rDPWLjK9ZuecyCPWeTUB74ZY
BgN2zjTaABCSVPdnAJUR2TVfZpX7yzccfpJD4iycjmQh
ADMpUSLKaPrdNxMrgJB3ZndRRKGPVAPo8T4afbrPLgj6
E39yiDDFQWjQw19PtTrtakRpXbAzszpSJStZmyKCZkYe
6hJRj2AzK5kpziYKQYHTm5bJKoHVdFfWTjtpYbwukTUw
G2sFCvJptXC8gUBmk366fgEr1rXVLViGTjWaJD3Q1i6a
6RFpNdmwJiqxkU8EkDrjVcSvpJhNt6A6gQ26TXnz2Ws6
BVNzp2B7b5uuV6u2MPAQrqZ9ThPn5pVyZrQeNbh42Pos
8XW5X7k4bU1fZzCVGPVnyVRv6iqwXqG284DnBpszAiuM
AETs3cRHtWFrvSQGM9gr697c9zSwWxH9eMsLWxybcvEa
6mv93ppVKCfhwZkoMJjjQUuHQECUA6KS4SkLfteSaprP
EkHsWj67nEwZKZk8RQsVqn4t9vv5VgLyArLnSo4cvVCG
FmoFxcXqyJfZHf9PY4XPDnnLPtqctBEt81k2nzbwvFSy
EkrPmifHXbGk7PLeReSgGieStGYrU1KJQudkdvVkFgFD
8rJhd8Ks7NvKDdgN78zCqoVGaNxLsF76VAFnyGB7rBjq
CfsTBJgxCfPvqHxsP3kCsP7xWcvLJtGrQxMGFLfQFA2V
F3hzbLTD75Shbpyu8tdztMhSrh9vZ1qMwTCopx57A5wU
EEUHeJFM6mUeN44v3kpepHXXBcGY8xV38TjTNxHEt76U
HXFgN8vLD3sa9BMSZrisHWMzpf3sxK5wBWANWE6mt9FF
3N8d8t66gEakVmtm2w8ZNJJL79qi4nPxUDdqQRPuBEJs
J63PQ61AFhZXeupw9j5GYY1aEuR3R6BnAbtfqqAX6DQw
MvogSQTXToXV7MS8hDbvfWGoELDtR5Z75SGMUNiUddN
kTf2MfXH5mwxjLWYDNB9DgqkVBxtRnwAKBYucX7jBcn
4hq7AYN7QmZkTfvth1YaM9nHAWSEyKfGh9yGBnpGeY7Z
97xAKp8FjyXkiYqTtYWN9ArD7KxTevzaCAo7VCcwLAsK
6q4hH1xM9QXF61kyWjduBy1cizSY9wgBYWaNgUgeEbL
4g6QryFXMv55Lu5qwyY59bbeR9zoRA9eZSzQYqptzVE9
3cWeLWUZQaq1UHSuvgmBLR57DT6bQm7A7R44uwbcUbRL
CHZseYfpPmH866VVRfouLGoJYKwQF2CjX9a9gURL5Cjv
6ESSy5fCYg8tfcjsxpXsD2Baqtepy9H9Kt3ozYRG74XU
DyFs3pmfvX5LioUCG6fxhPRbz7U1ZKYxXVQCDgNk2ihB
GwzmFfkvxAQ24v8rDULMi6Hkr3HRoYXMUw5hwfUpaZCp
5skHt1pAMZtud56k4DhuduhGG2EcysAFD7v2X2rbnoFK
DTDt6B4N3pcAJkWqVU1deSPGvBoguQt7befEbhv1MaPw
G2sFCvJptXC8gUBmk366fgEr1rXVLViGTjWaJD3Q1i6a
DrDoGwC95e7N2EHvjMtw1bxsSj6KkP5kunburDNpHMbt
vqk4rNkuaHbPHqCEf58R1na7QR7VFsZeYVqwxATJpRx
SkkgG44b6rKYoX9KxkYdvdY9cnFPij6VRoVAeXTkifc
AEPjGHtFQanXbXQpE24Cgq3h3QCjoxAMmZ7PneFxam8m
CVAHRzXua8aLUW4VKScJWKCJJuQsc3anfBAwyWgm7JTq
7N4nDVbsvQHcQWD2bmBT9LAqjcwbV2GH1kTZ5FiZoWKo
7UVnXG6n3je2bks2sB6xVcQBaoeGioFpxmqHhmYB95s4
HRi6dumHbvfhQ8wwZNxzXcdLxbQDuetTS38fVBgkgdyU
BSrFxdH6iyDzEC9QTkoagB1S3DLA4CoYHRRk8FNmH2Qa
4ks8jvtHN8JoWJME2KrPRi54XzDbKeiKXmb3Qy19naip
7hxCSxEvtMx5crrYX62GxYsLQ3cy3BaGdQK64RFmj2WP
2S5JDnseFzM3r5ZQ9LyGYZGuduQXQ4SkXXtvRbuD9qyC
DigpLTohvVLNWpvzCVWLkXRMryPkBS9kceQ5DwwrP57K
7tMyU22ViPrhY14fy31bSmTsQK6rwc9q3Zbq2u5RkZis
3z6u9KG9vmnKG4WKS8uZEdtpbmMQkJQAFwkBcGT5M16P
2ShEMYA1sEyCnLHCWW3z3TgASBGMDr5jH3ykQiS1qLYJ
8hc2DNFkuSDLoFdDGZw2Pv2P4sJYWz4U7Qvdd12UVQ8H
8sXrWe21kjtb5M1rh1hfSM2FvRnnnmz7LrU6VqhRr7bD
GRKqLdY4K4VhQC79Sa6EeNpSKchuXGKkZELPAUtg5UiU
EG64BPWCM9rgbqoB4Sn8KZh3jnKmjA3CfpxBDmduUeCt
64D7UXr8KpsNNU8TWGYpjvhpFMKPQN5ApJZ7qZBhMkNr
5331uBDDCf7HYaZMMZb1hb49zncMsmdwxop5iDueKdDt
FiKxckCzbQCPFZ3RPaoEEHcofVt9mZ2FtPeYTRiABsNh
BosAkLBMabtomoSoLX5pE9ZhMCkr9y88LUMFKc7rdQBS
B5oCkvAuTiA25bZbLFzGNPNx5Pj6sD6XBRXvucWxdEhp
5AZr4q4u5ymAJL2us2GjXEpaXhC2kZPSxKvPhQkXeodJ
4jqgZr6JVGiJFMX7XRZSoShe12zfRuU2G1UEDaYiNbJZ
GNisgcTZZ2WS5PFAEkVUbFso3wNe22cjhmZiEjGcqeHD
5d95ZghUcfxxnom9WJL6yJMQ43EZ3BWTts4WsQmZssJF
4ox8atxyrCPFsF3nfmzyU8o4kZhXkJCSo55PknT6Fint
7C6n8o3fzMtTkB7oKjpCbj6qaK8pL3XcACUPVCZoaCTX
GGSrMdHhsjJmaFjpvRs2mTRguvyVQxZqQmmPsNVTYsVS
ACTdfBcRqkHYELbEExZEqd2jD69Yg4CMMyBYDvqm9Qqg
8w1v7k5eJ66VatHZT5aJxm1Ho4vy4zdG562qYttecrpc
CN73dyGHvhfN4djn8RQCDYein6xk1HTaAXaiKqHgrq1y
HNGwCxBwFK56Gey23EJgsB3LMHHBJG8CqbQhySVnFJHR
J1M7d2NatbYkor3XHFpvc6WmFWzrnoogq4dw3MQdRUCT
AgWEaZbui7dxNWRxudzsCsqXuBq4GmKvfkNpuHitZ8aL
7xZSuLS96Pa5RKkai47ksVq6RUxY8YJFnPfGmxLEPLdj
DSrrmRbT9iGMg8dLzhykFgycQB67A9JDjyBG5faexDcx
HTEC7iAwEqhM9K8U5m7t6wzYJyd2gDZDoQtb5LmMSjjz
893wDAv9yJF5LB4ZKbkJszjsR17QzeDXy6EVnYC2iHbv
HBBkVN9gc8jwsLWkyhW37UQbN3JCeBAK5mCqzdrWPTha
G21X6EEsigc5ZYJSjFHabA531ssEc5vgXuCZKUAYZCPE
5ARHTYfETN3YRXdmmB1Q6cD84ciZJiJMgxAPUFkUuFYq
Boqak9gtFGUGKsSUAei7L8YKdWbhctRLNcSroSwvbT2M
3w9tXA3KtXYWAHpv4pQUifrYaPXGrXfgkJsJJRUUDEDy
9ZyBFY9bbLSAN8VyPJGf9xpZd7LY7QdpsCT3wTCcMzPP
9iVHqjy82DBjDk9JwfP9hn2tBiwtNwmNNEk7abTUFS85
Gs9f6SMjqgqJTUABmsLUUS16iAnP58LJuFab3qQqiNni
E67tCsW6qLxuVuzb6fGQc3VPAt2wwHA6VSwtUDHz95GR
Fni7b9HLdAL1fPNHLYzQxAyZYN1y7MVKmjxhn8QnyMWH
HN28RiEB231mY4j1pJskrU9oDMw5KRHub7MdaHh5aJy8
82AgtqFZetqh8gcAFx5iy3USnxVBXmSZYEHKb6UJ8MNR
DK5Hij3HpKGJsRUNaxspC2u6LdncqoUwHsUSe6TFb9X8
EZsxgTx6JXqZS34sDynrFkKD1Q64Eve7AW8FjawFfovV
B43oB1Yu1vL2eqAvkjHVbQNa35fhbe5NCEGv5BZMMXgW
EADTDauS15A4wdoH74pLMmBT7rbfCUDpjRt2MiKL69RG
C5Q5TXuWmBBeCLEZK6L3jBqwodAPH5doM9YR1LDrCuuk
9w4mRAaY6sqWQXyUGq8TDASBxUVkqVkeJ4QAfPdKskU8
E8pAWPsMpvuvxU6pqJqrq7yip7n6VgzpAcpdqbzcV8Nw
5t5pfR6Rz1f6XeLX7ribnVFZcY7pXLRbcdpEqyoFUnA1
HxGr2AZnLhyDxfL6vGCgsVpgHzXtgtWjZyNmPFvQNsBH
GZ3ziS3pyvhBBBEfjRVD71GYd3Dtqre815E2sBjS6BBU
4v79HdSPX467HF6FkhrBo9pXbCkfhW5jNfqBTMd1jpZt
DbqiZ6wRAA7vU6k1dPFN5P6RWymSu6FRpaiyxEYUMPtw
FGxNHDU8R2fGrCMPTg29HxjjAjfPgyqzBgXCUVtp2RGS
GMN8WgTuVzCf33CmRh3aCPoK8cQCSjGGiJ7QW5yvLeiL
5Aid9LdnQ39r9TKw3fRUwXhWXZCMo6xnG2Y3Vpw87RZL
5K1s9Xi92qd4ZbvR6GPPv22MQYMVX7TABLLyZA74MnSC
8ZDJhYPJCAdWQpyww4N4FrdBUEArxWwdBpsKYYbAUj1i
6w6PygGVc7ACYPWhgkjhPyxNGDSojpSvCn3QhoxTCykq
FyBf17XqhMpif7Rd3pKUSJXGQXNcAjnwaUqtHNybbDt3
8w8zNnvPHSoUJN2HJibCPvZePAtuPATo891ZzPEA4Yik
ABrUYHyRfTGUVGEJGSagdbM4xUnHJ2uP2Ms7rnBq5Dz3
GZUSayuDPDJdR8H1ar7fVGRXfXUHRCLwB4D8QoDd8HPq
D3w1MD2dfzRjCWs9qaDDCAKLkCwgsNfpS5dydBDQPsBv
98AatykBWAkoJP1PdbeDWmw2UNPAnuz8c6joyw2ZgAKH
H7Tx41PLAX8sNVWCfrWsdtXkTktGptwNd7szB87WL7rg
Fni7b9HLdAL1fPNHLYzQxAyZYN1y7MVKmjxhn8QnyMWH
BecvL8pKS3jeCG4gnuNa2wW6FCB2Nedy7hfatseW7Lt2
DDUDZe2urcYBVD1cWbowb3ppHK4Z6L5X6KhF2x1xiySt
ADYETM6XAHLDGVLfZdgYUPiLsfFbeMirXf6xoYipjMAs
F3Q1FKCuqiamSoAh6eJSS7yMUzvHGwbTq575GJvx9GvT
2qgvMc3CK7TJgkxb54jTpDyhs3fM3oTnPrCDCDP2wktm
BgDvK87FXkH8mS1j1YQNaBcpJpph2asbw9EFcbLD6cS2
EZoXYXVkRZVKuryGLRCXhnhykHgouKYKoxpoQHd9MQT9
HGd4DCuR5mrrWvZaFZGNUvEdJixKF8D84WKSKWnydMc6
D49w2jkXmWsgJXjidGbDdDJxcPhZKeoKYdcH3zD2aim1
DH1uBkBWyXPtbeHji1f9vr2S8F5i7xsUF3tTzvhsT2dT
AUFNS8gx4E7hCEFKM7b2acuAGVYgHzhtEgGDpEKxTXsL
2vhNMJt9fhQs7f9YQubaS1MpCuUdx9o8zTwqxzkfcLof
99wEnD5StmRNah5zNBXFwfDd7e1sBcLFPNbYqwc1Rmwy
Hew6XJcEjQAx2Pi4GWogr68dmbST24g9xtumKBqvhkdL
7ceoCpNjJpZTQzSJR7ytraBkPRBj2SZycSNbh2PJdaYg
A4BfVx5YcSTa5N3X2enQZdKaBMjHA9M4ANfFvHWaaseD
7KHx2Uc5qsqz652eXbu8Qtabi5KLxWJLgxFzcaBzP32i
CzndEJuQvrUsixmbaC8hHMKpjnrEENixDQkgzbrh83ZG
612qFHHNa4XMmQrat21firGGD5ZZ1T7c1u6hdJ6hdFKX
6kFTPf8oHqgvvgcJqLk3YcSupxw79DRnGuDDMs53XcwC
6NFDAeuLJJAFNj6hu2Hxkqj6qEoBnt3Sm6GtStpfQuwD
FujNCr5NkCmFmZ6yLSgTaUM7UsdoqqSqvhN51Ka2MXpF
Hhm3PhZDJ9wmhPWxgBctm5A4ogMyGumwzxbnWPTXG2N3
9gYcBm6opskzkCMnFJUDA26emhd2TpHSCsLHdfFxCHBi
E16n8HF2rYfDAtZb4afLLTi6terca2rTanUEucPMTSVW
8fYbjVT745fkPJStJvpReCLzmKnwP4J7sVsad8cs3h3Z
GG2HvcFHCL7QZmfoovh6bH6VDQrAW6QfwRGemhBZoSNo
2nU3W1aasRG81etWkmDzRa5PSfHjzzafXdQhHWzTCowE
5rb8oUCxHGHq7RiiJdfKF6YuRSMs23cDf6k7veo86n6i
51NtKcsT1DR7kyjSMXUrQgc4gccrGPwFa9hqZyfbDhHy
7gq3awy9HeAsSZYeeqDDtZ8CVA3H2GHogBEHYR3JrkFe
kMpkKtFx8a3wioDevgadtgdJhndUTfuBotH9vMW1k7c
JBR1nhqDwg2HFyE7YykF4L33nM8CDQG2B8pzzEepZ7dH
FryJS4Ynb1kAMfZ3U2xBiajSkkWiaxo9fWULZxzgQ5P6
HDksdw3HijdXBn6hDmVPobhpFJV8LWxTFTBzFK5wuk2B
GSfDaL6w8DGZQEhTLmhKtjwJYJiKdLT9JsYTdi2W4WMZ
3BHasH4RU6ECpWH8g2ATDfzmKJk7d7GkTXwq5Ztzpp2B
DNNUeQwDBnWGho8AwGJnDhVS6PLJdMaq9J717U3UwNJG
deadzxHEGb1cpdXhNwVW3SZccyJAAnShkyG2Awm3uqq
Gps3Cj9nsku3sWKaa2pvkEMXaMkp1WTby6WUyxWwVbm4
4mqT1cprQ2wL8q6UaCSymNdAArDtqfu3EJkQh51BMChm
2xEHUpwbYMCQjvRPebfsAW3NnwW1qiT5SnuDF7SpkHKC
FryJS4Ynb1kAMfZ3U2xBiajSkkWiaxo9fWULZxzgQ5P6
3yHq9S9xd8GePLqi5VmbJfffN7Bo9vRQtDNQN1UD8RSP
CBbU1ZSC5snipmvWqemGaLKbg9bXVCxLZEs188GGEDW6
HqaBjaG2r3UL1vcn8yavSAsqkhHXQjK23Dz3sy1MTywF
7wTGmX7g4finjeuMHGB2rDPWLjK9ZuecyCPWeTUB74ZY
8fmQyfUmyhbtC8npHUxNbFYpe6RXdjpM921iW6zkodsZ
5XAHPtaALDK356sAuSHGAx4eP6nkKSpTZMrEw3jCEtZU
JYizUuULdPHYopvFqFByuSkrZtXYFCzJJTSqj3787nT
AYKf4RXGzxyguvyqroxk1rtQgEJe5H7yVxQK5kekBeCr
BMSTukA9vm2ohgiX58SPutotkNs8C7Kmcztk2zNvSRJ8
5BLyNW5zDfahBpoPp9JYqXTRWxJEm9j4FVFWLKxAXEDg
BuiYZAUYbendSm1nquteMbZhzQxPpwUeTgtuisRcVYyK
8BStRWeqCPJPS2hERr7V4mEgdodaJZDTNXVM2Q2AYHr2
FqgVpk234crAinMoY6M2PH5b2MLcshZQLb96JTiKZv88
9URT8VkV59Qak27PybWvZD7gX2EcAGMAYgMBvdqvHKT7
9N3PHGHfmcsvhB7oHa2pJuyb3vkjQPyBSCv2w4apYZSy
E7zW6jXSsADmZgAnmVkRzA3cMLpUR5RyVGwjDK7GrgxK
4ftj4UVSSm2g42bAd6UMCU5LZWUMK8k9fUEbbN7PDpve
CoZ4dUi7BTBNV8nfgxirXcAQxciiem8chB26BubrEa7R
8xGJWsJuQw7Mzuto74jD7BasatHgLJqq8njmDG4rbVrC
567yVzp15TNPUpYP47uuv6cK7GGFVnpt3kuGzqyrfMCa
79PJj93Fb5uiUS2okSxd8bv5EqHyEjaDSist2WY3HJj7
HixKvMRNaapShj3v1J96jLMtZuo7wNwtGAi4c1Q5rJV3
HixKvMRNaapShj3v1J96jLMtZuo7wNwtGAi4c1Q5rJV3
DWaAVXvNg9NcNUPLCwRbAhc8NVmFzSLPQCFuwkxgp9Tk
EvMPxpcTGeCtQVu5Kwa6bATSV3iDR2nFxdBrr3kzZeyg
ADMpUSLKaPrdNxMrgJB3ZndRRKGPVAPo8T4afbrPLgj6
66oqNbfDhAAzaw8iYc69z8ZtMUHCnixUgrpo9599GtB3
Hp1MvurGGDd7xA8zEdntreKcM2opJX5qD1WAApagZDfH
2pQvQF2WAZ7ZVx78yJpHyw3nVHM2kKAoZzve29yFrqRi
FkpXJGKWbnWNjgnguzcnpqjtRJFK4U1u3QN1XeRufKAT
8ziKqPdreu6f65RiX82f729LWxRzpppWnCoERopYGzmm
2Kt2edjA6oMUNsC8kLPH31XJP2vqQZmMPNu2qo6BzuCa
BAFEj2qENtVH2nHDkhy5ZrjfWbuZrM4P1Yyb3He1TRMu
38hwtqM8sUns977qa5aBJaFWVreocP5xMV4gnjbfVfmv
GwzmFfkvxAQ24v8rDULMi6Hkr3HRoYXMUw5hwfUpaZCp
45nb485LKf1pEhsTab34JnbBb3wXnAAP3xh98xdzP8Zc
34ZWCdvNBgT5Z6kUpCUm6p8nRaD8VD1SE74G2oWiPcEd
14TJ82sAjiw2A8rTqGiBeseHp23RZqf3yZ5PovWSb2jS
Etks8yWemmNsnS3r1s8CmGDqkiW55iepDvHkB59QrgNq
2X9UKSS1pEdE5Br7zv6wGRLi4f2Tw1jKF6ND7Cn2wJ8z
4vgLy9A7j9e8VoYRxuTMBxvY133gJeucSFT31QtR1KzQ
C4KtJu4hyGbtzvQUtWGqhTysrg4Jn594vMjm2bPwyTtM
EGwTAM2eurEi6YrPgf58EMzFLsKyi67zx7vg7TMkGFZj
BH5fyMbamLRovbWUX3SDJqE8yhe1XYso2LhXWFqN272G
6Aa81K2N1ioXFSXcGrQ4WvogXNZtrkiqokwzoB3Pu1on
4v18nk6GpZGE94B7eDaedqLtV4UKVnNfGQra12UfsCEG
HdDSJakczqfxKgZJL4fGsBVEeGaKMJkWFCkxUimwnzFg
DWaAVXvNg9NcNUPLCwRbAhc8NVmFzSLPQCFuwkxgp9Tk
DcpsVN7wSyh6DYmNBxgkzjUX3PQ8gjUngBCbgEBrJzJY
EAzuPsCQuDDm5EyUeSS9bDbrsDrKejiRNJgLJkRvqAWz
BACKeYeSLpYB19cxzHYtsZxcq7iLm5uhQCtnv1qVGWMr
C5XYM4RDtEdKm5NhDLhYJ7gH4vNRocna5qYb1pCThNa
HpcYvvyNRzva7uCvN1HRBUBrou4TW1i42oXYPkkXN6tU
BNifNMJ7j9WuCvwZVTW1vLvAtg7NWm2FGtjw6J1C3wSJ
EY1GPZJ664psDcr4zi3T2JZFMjrxZtsa5uwXobyarxTg
5oJPbZuRqF7zX2wSwdJiqxrFE5srevUK9HyBqCAyNtwk
4v18nk6GpZGE94B7eDaedqLtV4UKVnNfGQra12UfsCEG
BU9GQbSnXQcF59sm5VW5vM4QP138cM6s2vV4p4HhrDjY
5iDcmVaSaskGaYt28dAhTw5zWUC9UPSqsf9M384ofg55
3e5zeKbqKLKN9Gjz7heep7us3MihTFmv5ws2KoarmBg1
9py4mEKERKVtXnHbsM3WnsfEbuM69agAMy8vfkzXVtFf
8pgG3rx8FoQrk3wYdpL7vDzZR6iEF8WqmPAwP8xS1TNu
DDzTbHgTMihk86YjTpHiCdq3oUZW671TMV7bQbuo8BWq
6Lwye9S2WnhTnvHnWrsknWXP4bNRgmersh9HRXADEfdQ
CeXyRqzXX8vEcBYY2pXfWtiiQAPj9rFVJWdV3ZWemkb2
g2q4tWwSoLzY2PYmYM6YB8167AFP9L5J1Mf4xJ5cJhB
42AB6Vz1WgtaKu2Wnn1qjNLNMjmuPCBPr2B7ChBojmWz
3zCxPoH5oZ9UtNE3b1UpMv6DLB6BiTApsxAY4VqQGBqy
DGC8NJsrN2TdeUia796AaRH2LbiMExAjWsnX5oaZ3NkM
C52bd6FxpBq7BJHgks6xpyj2fhUqiNETLmTtoLuKWcQD
AMrDYQ13AX88WCB7puwTVu6BEbg6rfFd2FYSNP8NhX6m
9iy5aULPMDPoGwP9sUaW7twGRVD92LZSy6Hs1cdCMEk2
F51Fz469okWs2REtK4L6USHHt63Ls6BeUAY49fQKrPAW
A3TFwezDZv3dXpasL9erjfeoaK4oekd3nmvLi9gS82AK
EBUcTqh9AYyRokZRzLbPKL9ZmTUx6KcDEbBeuCLGwqYC
FSmvnJkzRf6vwCNzvJGCJEg6i9tACFiueANTiFqsReo1
APS8S79uB5w5fsQXwFNNZqKz6LNjPpELV5iK6gvrHbXD
8i53pNnjdAKyWzh9T9QKvxDz8Ekq6fK7UfDN85sxiokP
7NqUK7rvn5aKyh8Cm6kaVtmoXnNpSGGHxaHgKABH81pD
CoVHXZysMuv5ZtqtuEhmUh7YB5tuWhFarZ4xqPNQW55W
4imvcSxxHN6hyWy1XrxJ6Em67XZDVmMVCETBu9Z15Wvr
FJ5hcKnacavLz9geNZDRyDXdUvZHJBVnn5RLLy3sRtra
8i53pNnjdAKyWzh9T9QKvxDz8Ekq6fK7UfDN85sxiokP
64sqGDDAbMiMfE9brmJpvQfWRi3yYAEdQcbwPu6mmQwc
5oJPbZuRqF7zX2wSwdJiqxrFE5srevUK9HyBqCAyNtwk
3UvbPQZJMK8vtYg28nRMgbdjfZL3YbGaepNikUwn2tQZ
VK4zqFFerPhVQtnoPLsy3wV3EbVVZCkkNpoNr8nGLpK
8Mkvgj8hX48iXnyqLYCNbE6JRX9gqWvaTSAywA5xBYfs
2prDGURkPiXggt4MiimrX19MCD664hZ7UfaUt5RWY5Pe
FkSbhQ786Ky9XdJ1a7no3ReYXwdiKCJeU8kFvDEPZ3yD
wwrtGcAT69vjkhsaeHPXqjCQ83q2HZaqUagPKs5h1tq
46t1nPLVBAWumcyPLePF2Wt7VoNbBdnJyLovVvpEgsap
GWi477TmhDZWmN1p626hqh4dbwoaA2WsuFH9P1d8vCHx
2fhnuLUpAKDiduPTi8216staDKMyp9BUhxmN3sMA65K9
98Ua49smTudbsk6aJ3nXqbuoWaxzaEVLfgFF27xEYx8c
AMnL53CPuiU2GeuGXE6kVj4s7zahgodv2p11tnT57jCC
HDLKGPRVqamrEiHNn2Scdqbi9XtQ3GcMevfnbd66mFPK
mMBkKDM9e5yk9wMcQAkFhCy17Zyd7MLUz48ehtqjWPW
7UVnXG6n3je2bks2sB6xVcQBaoeGioFpxmqHhmYB95s4
J1M7d2NatbYkor3XHFpvc6WmFWzrnoogq4dw3MQdRUCT
BpebsJE75hWA1HhvKppSTGS8DkuwkEvnt1kucbR9FDwS
CZmLLCGoHeTonjV92P59U75AYumCx2EfVtKAtTjb1qCB
2cN3AKrLjNUvAzcdePsomZEnYieuDF2bAL3i37jTWnuA
E5wervtmtUcNv8hJ5fJh7kuAKsDSCr3gT9UcKe6SyWGu
DDUDZe2urcYBVD1cWbowb3ppHK4Z6L5X6KhF2x1xiySt
32kgiNyEPjDYMhBaBDDADwJXTQJjAC1KNn7DeJKvRWtp
5nH4SNp9Hhigqmjd8spT6UyLKN8okssmWJ48uCGfWf3J
9dMHa6iyemuhUTJ2EaDA9jF1xbk9iJMGx8caWAZVkMDk
whbyQzVerEGnpY73GzPYzTPDbsg4N8BPca5XpTu9Qy5
23XNgo4x5FwiQbN4TV7MZ4ssDgQ398vrpkfD8F3S8KTj
FgBDPuCn2vA9Gim6rLiL3bR5HP5xNgSEQ8JPK3MGXNMG
9KZDrAZXdS27ayo15w4KrcdfVSf3NouX2az7x6BEH7BC
FgitU8ifEGWMo9xuerEpaFNAA2TfcKyTnoS4C4Y3ePsa
9s27sJtV8q2XnJRpN6nQ9vMF3AWG2MWSZDjBciHuSSaR
BEivYChNwzFedVVfPqYk5me8gYX8ae3m4HKrM1zaYYPs
8WwwQdMPvr9rXYJ4Ahb5717FLU39vs2JwfzWmqTNMjUJ
7C3UCSJYYZWT1GT7rrLhR57xzjwKuz3AwofgJpAi3GgU
kEfdMW1cwHq274Cq39VzPdmDJGpGegnFEYJcZgSgdMb
DndGvbmoB4NrHeqa9VEgk9nTmZL8XogLMsqq8Guv15qJ
25ycRBGgb8psTBBZtaGH9dpuUmD3C84rSjSf8bUSpcgC
YgFtXbkcoPiof3eYu7WDVynKk9LkTJsp1uzFK5XhzyX
Hett2NmTm3hsAp8nC3SJXZfEYiuzGd2D4QvjKxGJWX74
GD9Dx84Rzr6qLJKoZqQFZn2Yzf1NyPFbQeSRZqU56f8z
HAU6zuxFMa3qeKevp7hA5tABr6nT5arw2DJ4D3GZsnrC
DQDQHLw4UxgX6FXnCaSQtYd6dSvxzMazMkLcaDHXd6Eg
Hp1MvurGGDd7xA8zEdntreKcM2opJX5qD1WAApagZDfH
3tHxEJdwmYXpzKYuYEpjymGg2CFiuzrgivRRzD74JkJJ
8xGJWsJuQw7Mzuto74jD7BasatHgLJqq8njmDG4rbVrC
6Ah3R4nf6C1i2LifmTTs8mX2oNdAyLiXPGGJ7wJ4oZXK
5JJXuC1YzZ1BA3Sn45whVh3b28LTnXuUM1RfuLnj53sW
KwQ27yEuXPR1mhN8tTexSDQ2VDXJsZTqpf7J4k5ireo
ANUkikZTPfEoBrqtveRAeNkvVqZv335H5Nvspm6u9Ghh
GTh9pBTu8dRQeS4yfcY3rWcqdhN2N57itbt93YSz4LZr
AchUGZpjS5FrHrqbtm16ewn9SC1Qv38vzDoH2PVpBPrb
CUsG2iSojKvHTbe7oEeHrxK9uvZq7Gd4qvwZUQDr5wwh
7VjbfLcWykKP3ymLFD4KsutjYvfPipVi9WBYHtuaLaap
FezDvXSTMv9zXw5dzNAJTPbZKKYovJtFDn3XAn8VhXe
6PMboW1fR2eyissxmmknNLAFsuzPN83RXM9L476toBB8
HxZFfCA9n2eMgctr9Y9VTf4dkzSKVFxkN37kQdjw5LXM
CdXU3s7AFPSoqAdSq4fTXsDeTvgeiVv61kgSYDLDL2DF
6AtrWfB1bhdpLYe6ihYCr5oYxQGmwrGcPhdj68VuUZfB
33t9ZS4Moa6VQz2FuiRw88mbiaM1Eb5eW8MkMTCgqLoG
Am5j2VD5rvDZ1s1UJxgXPkuJeJ6mye417PCyXQDGr67A
CnjNZ8LHDtwyCz7SBWPHCSBPikJ5u7E8TouZD4jtZ6KS
AerAh9j6xCweT81jJr7hUa3BQT2Yy396QZDmbpwY6HBp
EowuvTyG9deFhP3BxAJ2gsadBjJpUtbWgNrFFreMpuwp
2w3cNq99ois5kni7o4ZEmfQ4VqqPcB6FRMSxTGR13dGF
6zWDCKJMWTGmpiJB8QTiWbXEhyp9beibaWAvZMdFdv6S
HAtPxaBfh3VmqaaKbsweVTm3d2xMSUebfktr7u5mvspF
FvLBqUPK8qeVsfgsm5VXxFGV54VcbC13JeCfhwjpQnq5
AL3pLkYPvvMU2gpFMt6BxkfRQGuvArWggwZ2pAcus1B1
2Kt2edjA6oMUNsC8kLPH31XJP2vqQZmMPNu2qo6BzuCa
7xZSuLS96Pa5RKkai47ksVq6RUxY8YJFnPfGmxLEPLdj
9v9D9kvePLBANY4Zx2PUzn75dHuQMMMcs7mZLYy3gMaF
J8vxiR8o4NvY8wcR46iuSpSAjXhBwGCgrbo5LWA3corc
9bPqiczmo17LLrMDZhT6ZMTGkQhUvvoPQ9sbTfudPmgf
7jMYzRfyRMp5kp11T6q39RCCPr3yYfvMvuazVmHKudBm
BiYTA9CdcWKbJ1qgLBxeTotkppGfqA6ApbuwG4Ej8jPV
feahRpyF8wYsWSVvcFvz6uwUHAWnvG3rCH1o4PXZbga
AjdQkJ9wkEg7Y6bbmwMRPVSanHv4mzhzsgurmfd6EaGT
6dm86x4LHSBLR9WLUkjUHP27A5uJRwgp5Z5bVVCWeM9K
3oDe3K5gU8pNvuxMLFh37bw5httjdBUoZFPmWsz4ceu5
4nUC7asPNFbdiB4zQNQjY5H2s8mE1ERobeig2KzFhi2e
HFqbempFrTudgpE7mZ2U7jsxfuJcgH9DMprLKLNdPs7B
915chCByPKQbG5G2NC9HGPovDhwXH2bwqB9QekdpJMsH
fcmiKjziCpUbKhndmeVU6GWoBpTZiNMMoG3EXC1xFxV
GKWX4SAXbtHjgCYshBj3p3YF1CZhHuS3WrvqE9JFJ5Tw
GtmsNJUGrCJBpj6JTJSNkQeyVmV5KqogToi3H7C48zhL
FXYWMBqVQPq9Rg3v1sg2WZbuANS58JfBCaxAkS8EBCUe
HT2SuCbePhjNZaar24uVwihYowCNvSjdvhJ8BRSVw9nX
EfcXioTTCSHTxhgib2e7qLg2bFJ8E61JhaSjDjMcij59
8XW5X7k4bU1fZzCVGPVnyVRv6iqwXqG284DnBpszAiuM
58njdpgncuNs9nhzpVdxDAinBFHXZuMwuJS6hap4tVVN
3LUQQErJAKezkLKMhXdmMmd4oYMm2Z12KFgwpRP9sWQk
4f32zrHfAdDnEkTC8NEhusVkEqyA9STZdb4DrcFFR6id
39cjuP4RihTpTCBL92cTtVfP3EZAQ4hWosYQDB7Q9tiE
7fMfhKhditDthwe2cZ4TUvG5NYxBm1woqkv9AjxgbDgx
9wLLpHHjiJWyMre9BxcxxqMjomTzy4aCJvsAiXH62AZP
Cfh8zzLqs9o8naPDQttdR43Wp4n1v1dRdN6L6KJSaqxe
13boftmqrxqPnWYCGsV3iF9HtrWzB6JwaFX1PauMzg5o
9Y9cFuNrxtyZnSGP884Niw56Z9uLQRLLzMb3GfsXPZsh
Xq6EVTy3fV2eLhrcgsvKMhmHiudZKAqFmMErVzNMW7z
C4Dq6XcesPUnH3nyAw9CwNJ6FtkBbATNtfFAS1wvNgGY
8rpTMHsGfRALWxX2m97xiT8yhfYRDhVn8SHRe7Fc6yt9
8XzkwRGhiebBx7bwN5aYRwe6TMMDzqYytjYB4DWxdHRW
CTvK4wcanoi1FWwWdJD4wzvc18NWkzucr2kAzZpa8EHi
SkkgG44b6rKYoX9KxkYdvdY9cnFPij6VRoVAeXTkifc
C9SfY9PgzRurLVUj2qgoBhiCmDGN2ZkdShHH6RmAZXqJ
64KWumt2uW67h7gyLfiKpSCDaZz2NvezFUmt3ccHipwP
4SwDAKnt1ntsUKHaaM19jaajo9jV9xcHjB6ehwTtjkEt
5oJPbZuRqF7zX2wSwdJiqxrFE5srevUK9HyBqCAyNtwk
6dm86x4LHSBLR9WLUkjUHP27A5uJRwgp5Z5bVVCWeM9K
4hq7AYN7QmZkTfvth1YaM9nHAWSEyKfGh9yGBnpGeY7Z
F3j8ERCWdMVf4NcxtXuStdp5RNCB4gvysnyFKEQMg71b
EY1GPZJ664psDcr4zi3T2JZFMjrxZtsa5uwXobyarxTg
EB4JmYU2Gd6ErMfZQJ6mC6nYTTcqahAB2kjLNEyRuLEt
3pRaVMbnhQeTPSWzAQj8qkc4Fr7w3GdQLS6p9vkPaZf9
7HSQCCHvV5iR9EJU8tHh3CL1M6XDNYsU218MSWLzYXHE
4LBUPX7zfGzqdho666K4ueu9kipXkQFoCpNCYmQwdVmi
BuiYZAUYbendSm1nquteMbZhzQxPpwUeTgtuisRcVYyK
DTDt6B4N3pcAJkWqVU1deSPGvBoguQt7befEbhv1MaPw
AZqsrpz7mfgGYCjX3dxscfah5ULgzjjzreuM3X5wShTx
AjdQkJ9wkEg7Y6bbmwMRPVSanHv4mzhzsgurmfd6EaGT
5wpT5MyF9jTHYWWtXrhot1XcCr3RAAQbwLeKnDTBZHYL
8kX16Yj2WBCz1sPXcimafGrutQkw3s3Swe9sR3gt3cC2
g2q4tWwSoLzY2PYmYM6YB8167AFP9L5J1Mf4xJ5cJhB
DskiBpGg3o96hQbRmaBJTnsnLuUMwUVpbmPFWN6WbqA3
62dKmy6VhcrkCRCU9fMnxMmwn8cVmwqXzRW7tA4Zx6Ee
BCXMYFUe7pTt1MEDtZo1XAn2TLTtNkmafMajjbDd6adY
HdxPJw1o9kn3anpd86VcUdo4mdLjj9VMuUqGyANJkP8R
FZTNzdQtitbqTaiprYWEDcpryYZCWthLQ5gaLLwe6PDR
HFqbempFrTudgpE7mZ2U7jsxfuJcgH9DMprLKLNdPs7B
AWx9rDt6fZNsedND9ijS34XGahaGwLrn1a4h6kDTDKqy
9KJbbRm5qjnWBNZNv3Mhk2hEFqqDAYcCHuUPxnG7W64g
E67tCsW6qLxuVuzb6fGQc3VPAt2wwHA6VSwtUDHz95GR
7ZpuSrxBsMVQ8z4GPdTvzsVvaT1qEw5yhRgh8fHKdDqP
23XNgo4x5FwiQbN4TV7MZ4ssDgQ398vrpkfD8F3S8KTj
AaGhxCk3PCghrS7je44gdtWrKZGQiJRHmuJtZAv9xy6P
F3hzbLTD75Shbpyu8tdztMhSrh9vZ1qMwTCopx57A5wU
7kuRo1Vf6UWhKczds8Px3DVFv3FSVq22vWVJKH8hPLx
1TTeN5sDDUseBSgxo7g6BT35i9vnX8ZTKCUdZuu5C8t
J3hahXmfAtWEaF1Sia6zyEph7e6Ugoufv5bATGYP1moz
Bx2riEpJbnxnGnFLrChmJMmHbcNfpmc8M3mDC9nqe83x
D9pvLPFUVywm8x3GUW2Zn5Me6svraVAnyDvoQQURCATW
8eeWesjTSLG6Hdy6GV8bwjrBCEnwY15LWTkyHtGtsUB3
Ds71T9MhUu4DB3DPM2YigYtiTqTPD75DnevgoBfgQQUY
DpcyLbVEHYzLQYTKwK2uUHqYSUFA38e1R5hH6Ujoo3c9
9py4mEKERKVtXnHbsM3WnsfEbuM69agAMy8vfkzXVtFf
3QTRD2FfM2niZmZH1SxS6iJCRFY84DTq599gzengTtxQ
3SGBevNPP7oCTrSkVbeKLecK2Z3SUiFjCBEAq8EmUHrT
EQFh6gCBG5E8RfDaUKnVerJYmMDzpYq8rGm62UiX5XkH
HoYSJxi6u2hWzd36yWasSE6B33g4XJVLtkGTLj6a7g3r
4xAsTWmYTmjHHNtEd4rDdaWuF82au2PnjVHLAYHycsDf
m1vNnNcjL9B3v2L9TR5wDqgZeJGsTsXpzDA3ZYBCwqD
Y7oCJPCEZdcftha9SpsuV2rodGxwRUwngGp2tNBTAYP
7N8fCtjYVKbvEfe1rSAaeCMSFHKaBHvcBkWKthBNEDcp
EQieCM4pvr6BA16jz5ZJLeJru1XvH7Tuqx4kdiAKozQu
Y1iUozoALJ7qc3kmJCCCdoNBHnp345TnPyBRfVHBeme
5Z6p339U9YiAE8RXbaLB3E9XKFEXNTYyeDHpEwEbranh
98hCouUM97hPPExNDMzJo4ij2hZ3ouCyRjrLeeXFqCok
2hCUWCnAcnMN1gbGieXNeMmCmGha9TrqeNJSKrRKLy5V
9amtmC9iBHKZEBbWRmnYBFD2WCmYH1rTKXwzKEBC7toN
DveLXHF13SwLgjKt9x3b5hNbG6XeWFtcubMiipxcAPHr
9fahkUnGgcy9fFpp7oQxHY2DWFzpZcrKYs29sk3sGrcv
Bs2NRpK5zPhbhchTM2XGqys5uLw4bjZjiWQJW912XwWi
8jcQfheCyfyr9x9GiinbS868b4Mfzd9s1zxpaoypgcpq
3Tn9DueUsGKxSVwmHT8Y3uiPX3WXWnNJzbUyBy9GUBhN
9Bwzp5AsWpbh7YB4hTjzY415Z9nDPJg5fssoHJNg6eQD
6dWYKwXPMgr9dbsWsE8FgsTHgHudFaF8vvaQTvYcHnn7
GZ7dL3aqcVwynsidEqLTUnsHf3iK5wvNFsCEJZvoVXFe
8P17pd29uZSPzUn6QQ1328QWXqpG95xy8djdj679qPDj
DC9r4aJ6HZZ9pwCChxcFxgWExKgMuRM926D344ikVZwT
Huzx5v6zA4Kzu3XUvCe3RxSKcYSUSfsCYadA1UiLYUHC
75mxF3MJqtjY6FU54ufcEZgRLUNrhHsW86sy8zdWoumR
9rZVBdUG6d4N7CQCPp7XoDoDJx84BgQF9JHHqTPNmXvL
2z8VP1bwx9ZnqBSoPm7vWsTELEabhfFamLDZTnEDfju6
FnmrUqcFwYxH2R7yuXHzWv8pMLAN7rYCBN4zCQ22DW8B
CEqBiocKnGyGrftdaBnGUAi7SSuH4yFXt2oYBbcQJUDy
4Pnys7HBPbB6NJk39q5JiFEMju6p8J8V2xjceEksjfhY
EG5dL68hndT9wfpcduEem2nmV24H7i3o4M8dFmyJLhtY
CYVikdfqKK1SmPasR93k1p6CntrmqGW4YcoSYQQ2TeVp
BtqNPsHVE7ScTuufKgkC5MV5ytZc6hahG8ngDBE4mSAZ
6niQWU7nuW33ktYiiXjicAouaYYiwTZcgge3u5mZUtsc
GpC9NZpcjA2qqqbbW1SVpuzkFfq5TNWwxVUTztRQ3WYA
FaHQtJeGRbWR4eViFm5sMsXXPcHifmxfU1F3QBc5BG23
8JRDYRwWUbynpWbcGuXg3u8Avyc1XMTYhrWrikrMCZRr
97xAKp8FjyXkiYqTtYWN9ArD7KxTevzaCAo7VCcwLAsK
ARhSfmS1cmLMtz7fEDPsxMFbJnoUQp1ehn2ZGd4T88a2
5t5pfR6Rz1f6XeLX7ribnVFZcY7pXLRbcdpEqyoFUnA1
2HvZLtooDPoA3WkP2vQqykTbynL1YMwPmu3X4y6g2C8z
FQRKasKi6iEqgaD7D3waDErYcAFt6p2tt5BR8EDPQrtT
8WYRXiQXQSoAMw8A25HuTiTmkg2Ax5YTaBxmHZk6s5LY
CFQrwdKhJUsRb9ysErvAeJAy4FUqtAXjrxBY5HjHwRnj
8Hj4C4Row7TkhXyG53NaofbaJW6xYmZCpKPzYLdNGJ5P
F54ZGuxyb2gA7vRjzWKLWEMQqCfJxDY1whtqtjdq4CJ
92mAkhWap2GSMcL7SUaCYb8xvCu7vdipL4Ki9TkmMicQ
BTSnsYxfKotwXY2oMKFBeRoDt9FS7UwFnVgUhrtBwBub
7eh3XAWnyvmyHjh6yW7JGeNSa6KdBqXB7ukx1uNRLswT
BEtdCa3yus41qyVT9kDh4UfgWo2xtbaxpgYh49s7J5w7
HixKvMRNaapShj3v1J96jLMtZuo7wNwtGAi4c1Q5rJV3
GMsWMkNjBTmehwKsSkk9hqaRWmTi682DwrADihyPcjcb
3pC2UUu4yGzxUT5SfM8AqmRviFFhVso3Gew24yB5gAUr
EG64BPWCM9rgbqoB4Sn8KZh3jnKmjA3CfpxBDmduUeCt
7u5eq6enF99mfU3zRfp85HUMhGiH3bg2645mEjJMBo2j
8fYbjVT745fkPJStJvpReCLzmKnwP4J7sVsad8cs3h3Z
G1ahFCQP6AQeFQ1mM1YHa8C2cVcggJkcvQk9nAQ98gbm
CvzD2R2BMrnmaJzamdrXL6SWwPp1eiY1F3EHjVp7EkwX
87Mk9bCZqREiEtARVVw6mun8qVGf5EpafdoNAsDTwjs3
98hCouUM97hPPExNDMzJo4ij2hZ3ouCyRjrLeeXFqCok
6KwsbsMCZwRj54zQEdRCAZPaUWhUn5rL99MrA5au43eG
5EhvzizkQZW3ADDc59jyVqHdEKgb3u1AiAuCFJLwvYdj
EmNoikV7kjDZMZDYHLMpG6a8KPqGd6GRXg9MV8LvUqU2
89obRtCkiqcTkPhfrhxWzrBCdVzWiz9kgAHpPfEA6sma
HyXswB9XXaZ8yvyVCnRRpPvFnLrus6LRMmRJ2oeGkr7G
5j7xBjHcry31UQwsHK79JkU75sJhGpoFhKydxCBqR4m2
2KcCvxiKiWTu9XXLMSRnNqCgvZaLfYLx4aiecPJHqjrb
F2E3GcXewJR4WfVmLhJUgNK2aRP46s638CVFu3oFT7ap
5iUomxQb5gJPaP6kLBg9SqB2PesjrFXhDK3GN4BokSE7
7H5FHSDMF9YJFP59kr1LnXzPNJkxLWUuM7QVdUwSyv8m
HGyxAmkMVfes2DD5op8uusmGewNyX2xV5eK2c2TEscJZ
EWC6ESChdBqExhp96XPMLXR65pXP6Ftuh1pPAVws4pmk
5wrouMwEsjZXd8Ln96rTFXmNq985qduzfZmK2UAGixCE
3GSAFKkj8PXy6uh3EL8pJQCBg55qNCuzUYtJEttt5k4E
CJ6UD3YrhvY2dNCnrBxwMQpoiX18hrx1ooJ331TSmHxG
BPF7sQi6kAMcJcZZjZs8TL1NdzPfERaCbYTV2GLnTZc
4oFHxNkGWVvboQhZwniJkQxBNCWjEghg4Numty1PipB1
G21X6EEsigc5ZYJSjFHabA531ssEc5vgXuCZKUAYZCPE
EwXuQ4tuMSJLirF1J4DqZ242ChbQT939Tk5ZSKZ81jcs
DCTeYphaDsdFWZ61JXusR3dwLqKWkYgCjkxZSQvPzRuK
7K8N1mAzEA4CvKdUuXbbiuQig23sW48vcGyZXQiaGSHw
GZ3ziS3pyvhBBBEfjRVD71GYd3Dtqre815E2sBjS6BBU
5oJPbZuRqF7zX2wSwdJiqxrFE5srevUK9HyBqCAyNtwk
CaYMCmEV5MP5FkoSZ3TkN2919SLtvnE5KbfzRtPN5FLD
3q2Q8Wx3mfBh7Aej4N9x77d2Noq8aHGHbTzQvmgC9jxK
C39sZHS6jGzFRHwEM523UYwcWnMsaj9zqMNsbVJwuYYr
421sffF2jARi6Y1VjZtPgwcMqgBvQ6sWWMqoRpscPwoN
ANUkikZTPfEoBrqtveRAeNkvVqZv335H5Nvspm6u9Ghh
AFpgZzN3K1iQyUrs4ZhVGm1kpuogCiEzLzHXfwJ9XqoB
ADMpUSLKaPrdNxMrgJB3ZndRRKGPVAPo8T4afbrPLgj6
DxD9z3hScGA9d15vc9oPfk6iDHcvwtTV7Pj11KdL5QLG
BXPApba9yUaZpBgd4QCmPEELcLar98THyde9AXfzCxGH
CqGDBUWhmUZvfq3u3Umhghk6YGVSMvHNvG3bEpy257Hi
66oqNbfDhAAzaw8iYc69z8ZtMUHCnixUgrpo9599GtB3
25ycRBGgb8psTBBZtaGH9dpuUmD3C84rSjSf8bUSpcgC
5dr39esCxsaHoHedAR9mhTtbF2mwR874vU3Vemr8EBbj
DR8AbFkMfKLPJbxQcEcU5NEEzLqrE1b6Z9aBej2XGsnr
BUBhMdcup5mnbweZgbKb6GDFkyM1r4zov19i771KfrH8
EDspC57wSENnEVjVZXX5WF3UwceSipSuR1dh2NPwaRCJ
7vuVQPximUB8afgfnjSfmxkQugzSSJAPfsaVrPgC62PL
GyrzWsvsPYmnJ2ZSpxu6tJvFZR3q2jixuCgBJsdtm9kA
H6bpxmHvbfdQ4WWt6htgcwrSp6rgBa49uhB4abyuajD8
AhZJpBRjpzP5NA998UdJ1aJpuXvgNzFhrTfgSGkFwMMb
EhLMtwdB3gSM68fesxbiNiXVHdpAvioTCq2f6sgjKNGB
BonYnj9Fkj98gWF9DP5QDL1szGTCFUgCVhqQzHmnkcS4
DD14d6GeuU7FBN5c9WmgYkFzPsgRxBhtkQpYEPbLzTUF
EGAiZuscpGRjLUq328ZNjA1vV75WvKn2p91vR6PWZGuC
H4Z8QwdUPJgKU2WQsQuGabowTHeReBWhQavCxUWspw5c
88XHNYEHYmmoz1b7Vg7WapXLpfFxawJBqi8cs5XaFmgi
DfWHpCvBHJQWbLL7LKLsyi573BurRjRaqQ7A8FJNMbEK
3zAH8eadJGKMdGzap4tgEGvonS6oZScPdyU1bto2ummk
9Vt6ZsW7PCQW4LPkf1YoJ88oVbZYBnT1KjWS4WhX8yQJ
b3EeBpVifZ4Lxb1qKe4c4ptBTc4yt8KPo2AQwhyDLjw
FXeuZqrCkgeqDeRA5u7AvdgpPA4SUcbMwVY6BQQ7WhZ8
6SHRL5r8BBeJFVcg8Y5u2VRvEaYYweSnYtNLjb1N48qw
F29hrHPe2F8xsGAEZsN7gAMNAbGmmqe8SMBJvUE7L2T
9mDT5a5L4kufHPDavPnSN8y8iuRZQW4nSAAoZzGAVEtG
DbqiZ6wRAA7vU6k1dPFN5P6RWymSu6FRpaiyxEYUMPtw
VptFtAzFbUjFBD4viKhwhUtQc4s5jEacTyjkMZGQs3X
3A12BaejhfnW6q2uAHa1pcADTGyiAytJVFyY7Me86ZTR
2p4gYR8sagwDhbiDerxxtK9S26YxkigmBwi2EuomunCE
3cLrV9afrsrMMyRvUPbPSftaPVQZgjG9MbPYfXntkj9s
8JryyELBLWiJP7xoW81q2Cff22aKh5AbGhnEttQxRrEq
cMLqHxZ2kskXDQifzjAf9AWwAwur2o58FcHhkskR2A1
9v9D9kvePLBANY4Zx2PUzn75dHuQMMMcs7mZLYy3gMaF
GoxGkexK6LyC3DZrqDuyuDRm8tvkmAiWtLUffeJ3xCHf
78rg3HfiYHzauDANaNLDN96hHGSt7MRT8PWBSCzwAhM6
HtK7LKZgueEZGnHDAcpNU9wF7FwxHQXXz1PrfeQPtg4q
BGz1oLM2SL7UPoXWvyB6kW4vUDuugQpLp2bpsiZAz5Jb
HZKdRj9EjbnUBGGdHHf5dLYgmJokJ2MkMkAhpxGyE42e
toakSWxfPivAwiPoBfjpGg8T6h7957iiDaLgUYFHUtB
2HmdWRAuG3rLm6RmzCZ73HP6avBgPhJ5VNvNNQzUVjxX
Cfh8zzLqs9o8naPDQttdR43Wp4n1v1dRdN6L6KJSaqxe
H1KZ64un3w9FKt8MY4g6N1of4GSbTRS6W8UBv4Cx3dnJ
FryJS4Ynb1kAMfZ3U2xBiajSkkWiaxo9fWULZxzgQ5P6
J3vJQwvJjASPrEXEmpyoeshxRCRHVjUGesZadLqPo89k
8XzkwRGhiebBx7bwN5aYRwe6TMMDzqYytjYB4DWxdHRW
6bDjJpMQBfQn7tBJCEc8M2J5BKXtDcJHFp1sBPe3CS6o
7sqhKEcSUz8DYTiYj1LRbe9FUHKvS7GBfAaAmD1ceorW
HXFgN8vLD3sa9BMSZrisHWMzpf3sxK5wBWANWE6mt9FF
5opAE2ByHWdJ9i6sESerjvAVVCvEdKcjrTyPr6dh1nh1
GMVtUTKERYF4x1oxjkGpvRU9yh7nfMrk2U8L8ziby5S1
97xAKp8FjyXkiYqTtYWN9ArD7KxTevzaCAo7VCcwLAsK
G7uMhBM3qrGHf8bkthVYgzBh3xcWks8anKLSzvox6Mji
HBBkVN9gc8jwsLWkyhW37UQbN3JCeBAK5mCqzdrWPTha
4imvcSxxHN6hyWy1XrxJ6Em67XZDVmMVCETBu9Z15Wvr
B1HcQD9fugxYPPXahV1krS58F2ePQup1VCsfZvJCY3Gs
23Q8XXtN7utbgpNPCCEuFamvGKUStyw1ia8Soj3UUYyw
2cRHsCwGzQwFueMU7pf4BhcoVrfGD88qzNnh6etCGFxB
B6LEtFV9JJUU4iM21kNuHqPxFqw6vboxJEE3sDVRanDb
13zYqAmzH7fSvQ4mnhnZdin4STQHx2RMxDpXA3TfL24w
CWkmjZDrNDXd7mNPucqB2QPYzbztdX3k1mnpgELPqgCt
83PZivWWojZbMihJctqD3FhR7BECGpkzJdrZnoXFCxr5
51oET2dy4vCmZ1JMGYR9hbsvsLng1vcLD6z2AZp1uq1j
FUU7TmQDzSE9acwCPLpmhXAGJNKnBPK1WW4ezSpdy6P6
C9vcq9raxkzisVyAbZspGAgUc7UCZ6xy8qdUnZeqfKCs
2ShEMYA1sEyCnLHCWW3z3TgASBGMDr5jH3ykQiS1qLYJ
6mCzsRfyTvKfe1LKxx9KiLsNyvQ5Y4qaA3pxXdAB2c3
8jcQfheCyfyr9x9GiinbS868b4Mfzd9s1zxpaoypgcpq
2wq6jmxxeA13X2oP1zQQwtPjL4TCqMMmuPArqxBE9wyd
3ozNeQ4Sq976Fnvsu5rcNZ998QPgutXByw4NhSQPmWXE
ACfHp6yqTJ7Ef5uSnrCF5sdNFY17arBnURvaahbRYeR2
8rJhd8Ks7NvKDdgN78zCqoVGaNxLsF76VAFnyGB7rBjq
BXHgRcLV5HGW31KHvaCH8kVfKTTgouJLZ8PEkicGyevS
ET5ZMgpvAojs47caKgUY33k3KfSvV4VrgHmB1ZsTjond
2KcCvxiKiWTu9XXLMSRnNqCgvZaLfYLx4aiecPJHqjrb
Pv6ThfQh56pNUUL9xZZW2NNv7Gq1QR6SxFLdoUWg75U
7GKCWLbjaVQG4y7tvhHiM2L6wswYcNszSLGBtLuvBT8c
dafomuUu1EXQ4nzE2EPuWStz6fHxD8nLzFoYMPeVWe5
FG76su3WQy8KGGWMXpomdj4mfcxmucEdqDxtQvLc3YPS
4TmDvfv5XDiPaVMX7RkquWkhSvyP1onjfdLAydP7WpZy
9a9MbNApKGJa14zyrVawWuKRELUjyHjyMALuXEJt1LVP
72gQQK3fMoA59UAYw6Kt8gAe6qhaAiuTnwVRwiNbBuT1
4u5xuP7vCbT44uogw6zKfe1YTycwCBvww3Uo3oZaNEvQ
ABj34FyBnhfYhugVPfP4dRQa3PuXVz3XJKSKoYW6sKUf
BcSxzXBqEFt4soGy8kBfpywpFiUJNCiHoqMSXDDhRYPu
Gg8E18tFMFgjRAhG1hqmHcgysHULDwq41PL7Lk62eMyd
HF8U1wovcWkTsubv4HTCDndFDrcS6rd6ekCBCBUPe6Nu
4qTjSeuRMcTYRgoRrASTjaVRFDEynnn1K3MGwWowZCuQ
EaxheQrBLdyj7TaWfrMa9X3ec7UFRhgm5B5t1LcETSrP
4z8DfUJGJ9bWjPwk1ohpF9j2QBGgc25NPzX2zRUCmvoo
hiCmPgE3PxWsqAYpzZL4X16GR9m7z3Ppv7G8q36d8e6
AgWEaZbui7dxNWRxudzsCsqXuBq4GmKvfkNpuHitZ8aL
BbM1VHPnC1upTzZCaWfmTw9dYte8iuCGzftc1bGMDFLR
6ykYU3fWNQnoNunJKDLSVSZWCMPoajoE8EVNzKCYs9qT
Eitu3YYc74Cpuy9S963H1jV7bKdjFmdRjVCCD4NpUuY3
