J1ijz5f1Pby8SgV8BNLVVdAowtdWmZsb86vZFdoDzvnQ
5XX9bPDiSFGnyS8yd3LJprF1zV6Rtb1s99Ti4iyQnGc7
JcbKQRHsyZXG8ojh2NC2SpqzWTQA4TFiWymJkzGgq62
2Sti2XEzbrB7W3Hkusj57TQuoYoC4cLR6ZmUrU6A2syt
Eq7uNv1rhy1ZahJx3XvGTEX6LkPbiDTyMQpk55z15iVS
89vWfbQbqnAGqAkxRNR71hZnikfUt45fodjEETg9KCwa
HnAnYANTwJhwWSswXqrBEoTqZesP5xqoc4uVCZRb7Ueq
Cb3hXG8nJ6meXAgCNZwCAQEvqpbeMAh8zSMmUaWCzALh
4Un9wucuyhpYM4DpsjAN1f5hZeGUw71wAiHpKiP9vXJ2
EgrwdvLdKJhb6KXrGa4sRBJk9xRHAfa6RpvcYGNqhic8
8Y6JUDhzxPgcwUMQZX9d1eBcvbMeS1qw5XMF4tNpfZxq
8Ts5Y1QxxVeNqVpzPsw4gkmjdi8ABcpgLJf2L4viD2or
4S6YWyWfRokJgAdLRMq2R4PWJbZfCRnz5NPt243GKJD2
4XXkLZQmTBCYfrPGtxLuZu5X3ixjtbp1Eb5TFtAxcYAx
uPi2WWFDHGF7UginWaJ38EGagipuchtGbA9y4RmPWjg
DA8nmeeRitGtoVMJqnv1v22EEnb4v8Mu3n6CNcCCXFdR
9Ggri8Q22tUaHfC9Kv2Wv9wR5w1K3MpAPSYq8K37emRT
Cb5R5RebHs3k7dtCGzMVeJgXSuvRG1BPLxWjnWnZn7pf
3eUArPgzLhTDXf5pLJNbgxafNpWx1nYSSDbBEFf4zPL5
FWXSrZ1fGmrg1rZGF6eSp72c2LdSZeC5VWGqWcRcdBMn
HLkKs4RvQUjr5UkQwMneCANL6kKG8KAubYRALebCsMiz
68qWvLwQuoTC9yRvyNudqZf1yBZTkaKam9y6MA7CDHW6
HvRqCgKqrKXkTm3aJBCVaDQohHzUUvP6HmdhsS4VMgxK
ELdardVqJ9bBmUVn9x3ZoQeEef3FFSs9MgVQutUDeJ1X
HA1Vh3cEVxKT2C8AcDifoAHHhjfiaMf4Np89SUy2bym2
Bmc1dS4oL4eadHuvWDRjYNQzUob6P7PgqRZvZuc6erQi
4yBjYAPAAfYHWp7UUD8nEdXrhJddNWSj6XELUP6pipgp
9wUEKayi2MJPyayGLV22Ds3mhrY6gTewhAwP7Q8YNdBf
3ZjRLALuBLZTXHRtUwzSfABvMWkyWmY2kVrdb9KweUdN
2tPjb4UEehAyQJLfei9PDqHJw3hvts2mWy3obsyfa69Y
GH5eARN51g9pofkKwxA29BoCD6aojS9z6ojeJrznE1GB
7TJqYcshkHS7EaYNrmt4DEGnNRWDvWr3519apTNFT1UC
CUsNsJQ2uUGKnXson6Xg39P84T94CVmGpnM5UrktuHUL
HGwazjpimuQggi338YBkG83i5Wuna5VSZHZBKdQk59AL
BMhfcGBiMr4K8b7vWapSoFXcmpVSB4m6Zq4iRFfK9o5T
J9iFZvb96vnynRDDHZ7f1CUPcQjV8reFBAo2Jxozg4Aa
5a1BuFsUm35cNdaXLAH9gAMFWHuibQxe4Fqh12Xb9Mvi
2X5nDXeF7cYKcjo3GMCqcqzGTBDWiu5M8181CWerH8co
5SxhbisDofdL8XTxaHGbH2f5MkP5j6XnPuPqjv6AR6LQ
6VVqtUfxm5dddCBxW8XygH8KA5Yz2dJGiKCJBhrPs6R9
Dcb1AFpgXcsB1oXamtSPiyfNm3nBLa6Cht3h3xuQ8Qt5
6XdpLraoxrWEeYiPbguFMTsHG9FwFkc2Q8zy8Ws52MvK
CbryTUjsL9jVemES3S4cmZnVicJZrV4HtsNiRphuY3e3
12PAGs98dNk1rvseUEFa9a1mhZRDVmj5BSaBxw3f9nzx
22QaiA2QXj8sknaej4g63fSvJzbwiVs6m5MbFA9SX2L8
62KHzhqZeLNWBxLuBAsuRVVPLvDjSq4NvRvTiQftGjJb
J2WRimFSLZxHSG3jpcVmmHHLuaaC5YASopF473qGNXSw
y7LXNjwm2g75GWYwTozYjHVyZfkVLpJgxbUBJaKZu2E
HavwGXbMRcRi3eADRALTFR8FWpPD9SGWitSMJQXa2F94
YraXCxwTwPXeDewybTmvHfwk8UjdhqkJKfJAPPcCire
CAabBnNhcMdGdz9BUBZcmeDXbe7fR4WWHEgDZ8u9c4S8
GE5WMhSG9ZYG5QVT4HDZTYRkjmTYpHXv8Er8rYso77K8
Cy13XMWharxm4nd2TcHGJBRqTQojy6ztNEqBx4i8qGAn
9KsKrQXnTBgDsjQfyJXnwA8RAfK1jchZHDZRxAeDa3Fr
HMQ2cFt1t9KXyV17vfgLCT1BHNQn6UfV9q7DwEVpPLWz
FMPSZ6pdaozjbcbg46aL6dsjpGAaHs919f4AmDe4i5TQ
8NPLibRpTGyS1KZzx1Z5CrjhPKJEyimCzhejjfwceLvb
CXPpLCpihE2tRPRieySWgNsTzkfJsjqkNQXtBYRC1MtS
DXexkZWXEFAxrdEyhMx3v4qDKf6j2jHpDS42FJrmr9Fw
dRikHAY42B95ApLScrXhBRUReepboVp6YGUUKEkkXQb
Ex3x7mxj5kRCo4iKdQkZp57SdeGBPfpVMbVjmpSH8gkk
G9zkQomsvotFnvebetQK5tc1tc7ad7Bnxztfq4AV2Dx8
BnqPGMp3Xa4XcZC7x6519DAgsr9dDgP3U8HJKHEfPRra
CeJsHLGk8D1cMWZ5hqwxzJsQNbv5De8Z56tAQFzqm17M
4xfWmZ3x219tiFgA9Cs8PUrxm9dPampHZuqip5S2YeBg
N59cA6zvCNxq4CzNMeD2NGzfHDNZivE3TwR14DXmQXL
A9nqxxpkTcYHUgJGHGuUkzJ43a1yohZuqspVX5RLPWXy
EtFx6XXbiW8yWqFvY5sFgGEQYTak9rbZoGmtYMA783st
BeL1md5VeSe8WZjiCqUuJt8qPNgMRLeoyeBert4GZuj9
CYtTXqvtSKnVpSPKVZjbxEZttnoxjUkefjgHui3es6ka
8FaQGVepTWHaAZVM9idvdGgLdyUMCkAeyf7D47dN7Kmn
HkSyb8eRR585puEMcgjLVu6jF3EvftKuW1VYtcZb9QBH
7FPPuqREKZmBq3StyEXzP1gFNf7yiRF5TFj1cWm7ckoc
Eu9VKwmp8iQVyph2i9SaB6Y74vmmYiJq9MrjgHvYqsbA
GiNPtrMJf6wbFSxr7Li9ktTUQk1j4Y8KiBrRm9dxNB2S
AEy4vM8mvQ5AshMs1VxoFZbrCv8Jeregav67isfq34QF
FQJY4oVWukXRL8yuDucehwXnEv3VcjXhDqqX3eCZvZG2
9xdU6c6giKahD1utcCpuTovM9Qkas3GrpHk8nX5X2Mqt
BTLHG7HqsuTvjQX2sCDnTUUSPw8z3qdJXggqQq9jJyLZ
7BXi7RRpbQDKumm4t4e8yCRKJdmowF4bZGzU2r7oQm5X
FwPZ36mfxyJCxx3Pc1ZsgDzJwiMMu2ykUs7yWVTYKcBV
Dxj7asScs2MJqTudSPgv8rATSCZgQRrf25mE5fkjwZTJ
8yesfetTo1UJjMhYNFgQ38eqXiYKySZTeEExeqYQuog9
HWYFdEupLfvFTyQ1mQ9evCUywMqNSFaSkEjhZKvkgPm3
9fYf7Ytw9xe8s1Uu2nj5s1vRt2wHu8a3Ti3Ve1VZd9eK
2YyWTvBZFox2y5NEui7jwDCkuU3ZjwHSMV8MxVMMgNmu
ANK8KGB7zt1AjCJNaBE2CZB438PmTgcT2bPcXhnMpCbq
CJdy2vedGCzdcV8XFjpjBufkpboSbUaq1AfMNw9fLFjr
4Qe3rtCPJq3Q8ScC3u29SGy8W1eGZj5cM1Y73KCNavYg
675oWCVT2ZXc6Jj4jRDFpbTxbNQV7jVduL2TehDh4ZWC
3hbviacctbhASst5JjoeaMncRZpzuEd6Ty7WkVbNnxM7
CrVZU6b8Nev4jEtfEy9XofYisSnqfzAoiuEThtFxfLj8
CiLCF4qFq8oB6pr4SGvfKFT2gVDReRGMC2m5vR3dhoZn
7dDV4V9ja4f8QLeVhU3FdTA8Pb9FacpMY6GSnpJpYut8
Apr3AS4eT6vc1K66YqTm9Ehf4be6j1pZTufEiNDz6T9g
GQZyFVvg6ZDNqs4qtR7oCXTQMd5NmeBPqivUFvWfinSa
HtEH9kLUBnV2G3qULQqWUFuwCEgDVpxhNPo4sVAtbd51
4xnfBNgKWMmAKnxHK6asVc55eD8q7J4y4u1aLQ5jr8Gy
8ToZB52f27xDctf6PTfGJ5Cffu6vvXZW17DNcidZA7ny
CEBFmqAMUmuWHeb8cJ7wWhyMzwZQrLH8eSmZqPUfDRyX
Bysz4gjxYwgLZ1zoVkUsbfw7o9J2PF52hs1bCezTqmZH
7ESKCkUyqi2EgLJfZ279zoRpun7aWR5AP9MReakJy7d7
8CgfR1AeFHn6VXyx22KzdPqB4bXNHnENxcUgRZ44Bu6W
DZQZNR5bTdFbyRcQ1Jc9SazLyCNRTeiZhNWEPghefWWF
APt9UeQAhpCAu32qg47U4bPdrcYUvfFNTVvwj7WGFVwz
EBoc2MhobXwkq8KjUXcT9vmsvhzDAEFYFa1TyiCCq7qa
73jpUcNqn9LGceGSPKuT6GEs5svb5rRKGZ7Fn5RKSSnn
HFtn9rxzJtfZWRbh7jRMMMhbGNpRyJmWbC6Hm3ZDoxpL
2LjBcqt991Hys55GbRYDaRuJdfzroV9HsnjCTsDPEad4
7gJyN5dZmbSL4TdbnTXtTWUBccycdzw6rfGpnmtdQJcy
Grr8zS5LmY3MKEsVUSjdbAVbfqAmTvk4rf9RNrErigdf
4kuyik6XnNvPnNcoCb2RSc2RqGn4FpiE82y4YHJVNcAN
HbRxV3LjmA9kRY9MRFYZVuZ6T2UcgyjxNyYt3Yi9YQxN
4TXz5KgbPbja88vNJcBGtUdmbWcZE57KWfzCdaRbocxb
4Dqc23huCwPJ8Qf6bsTuE3M6Wsm9M5bPdbE5KLLmra1A
DkJcHrAExq7UpeotnaCL9vtYL2SFCi5pZ2CzE23xdzek
81mnGpWJNBbmvFuCRS5D3hL95hnjLe1DV5c36Wr9GUNJ
C51GZ3ySaQyxYkPuEb3NXVohMhDvYk5UQa3vAAiWnkkY
9cA3Yb6SEnnGz6W4VdXxuqYsSctz1NQuybuo3zqUbY6t
9fmGMRWxSsNSxRisff1T3D1nZPq2vXMcuLYrrJgCeizK
2WpnSV5DwXkFkmV7HSAwcZTEoXDgwZ4PnNSE1W653P7d
7Hrjz1pgxK345zC1xpTEDy4msH26CVpNTBH8AM69Xu9p
AsRkjsxrekKuaKaF1tHLpBfimueD5q5MQw82UmR2zwB7
GziQoBzsNh823RbCGbP4BPLLc7GEHWxKrKdR7dQV7QSg
DEKNyHcZUmbstT8MJLyKo5wM4maUoo2skeTLsND2szCE
2MfqKh6nrCQwbunTHhZxqwirnSYPXEFSFY6FBGSkHvVj
8nwAAGG83FwFQtMPgACdrWKkyJGX9cXdWU2z9KVTwZ7P
B5GLf1mAeXscTNEqxUMdu2m5Cy2a6sBt7eRkzk3zhvhe
FpTrg7JpMiMUHswVLn1sDnCGS4j47jEehCKA1oLNsX3w
DBR3iBpdP9S5xgwCKwqYuevUspoxTkCRjqBJ1MH3tpgT
4VUnBhwEzwu95rCK5a7QNQwFRH2UcnGEFexZJuF97985
6CXpXivjrtWpgtapY8e3GQfQw322C7Gpm92jhCw1sXoh
EyN1BFbxdrsmiwwbHj8JeQJrQQienWrVfF7oCn5ZeQZL
Bsfx78yQJarS1bMDQYwJmsKzoMKV8ojkrDMZQTNXDi4R
AxRX1oU2QGH9aQhHuJezx4wv9bnfjSFsDtUzm29njYex
BatBoqCGMUyravRi4PZmPALwqoZDuDHbHaNSKho4pnDv
xBtchVGThrHzjZNiGmF4fjp9PhHb6g4cX36MDdLuqra
ErqRu8tooxrk4JNwDXJbG9S3eBLkLfjUXQqCeXkZy3HP
DAGtJsMQY9VKDqVWJnkAHZRX8oNCoKLuCnV9XMMnMG6r
9uAqhofJWZkqTZJ3JbBWvC2s5UXyzJ81tXShVanu7BMS
Br6JidvVNPzxKKJCbt2Xffg8467EAd6tu2Ren5QGm3vS
7qZKxwdreSM39evES9dNCbhM1efEirfQhfLnqhJWA2n9
69vL6dk1ogFijJrRadzUCnK2tyCAe46zVnAiYKsn6i9e
N2LEuMTknRwSLhpMwg6wdKfoZnCEsff8HVoYsQhLYf2
EqhUNK4QtTWZQwLZsuCdM3Ley5tui1htJwkHLUuUP5cw
54QccUwcHwDuCDtuPLZimeMdE6i6mfEwYfiyomu687VQ
FSRyPPFXRDfJR4jCvRi76SKU13UioNfypysi7GT1syr1
4PL6pANi8dqdF2Vv7PyotVXKgpG2FaHD3pLBkA3Kgyi7
2JJvkKxPbaRjp6C1fJkad3uDs1vUJG3QqfbdCx3hhKgD
HfkLcfeuF27qPN8aDaMhVAnFPB852GCZWxMQS6N8nKdC
GsZxeV55jVfjcwY2xUM4PDYQZNhZPrXLDTKRpH3yhAvL
FoF1XEqTNfKq55WmhusDqX7Da9Gp5H515pdnTqKVTEc2
HWcexxgUTU36U4uDxTAof25HVtE2sBsJdeLVY7PTKNm6
8Rwux5XKdxXPBDAXu6DHKUowmnyTzez5ptFabVQe66n6
AGuCCkdAvJd1qLGNhNA8BUyDd468muwMv2qE9jpgL8eD
8hDqSxkw5J1rS4MSQQXBtMnMPVDdEy7SGLL2QHJj7AS2
2NmoZY6NEuuq6BEmhNWyaddyejsCmhQziKJtegXfXgH3
9sPG4CbYJtXajkC5kN7fPRfP3JTFU5UhRuNx2k8WwvXp
phbPtk5zgYmvvinLBrXzW3eAgpp17E3JZjhGK7wRBS9
GyWskrperqqQhttweg3rddQednheMHzPpDiCqbEaZcah
CHdu99tG2gBmm94XoZxqgkYUn32fR4KCukBFqWCGWU8a
5xexhtZcDib2U4nUbcUoqjv8LHnJGN7Mec1EhCetpJze
7ratPG8YE8j9iiVSevH7tLow3SsJej9frSFJT78jLpkS
4SiXEbRPYmwh3VwtJKZmdaZHECCZVyzNBGsRYSMgrS6M
2t3Cvmmjr4w8YNeX7JcmPzJD8wDQvpLHHfq9zxXBgPKE
8dgbpBPyCp21Zg5MLNRMoZubfCrD7FfJtNuW6NemNeCK
DZ2j5QfkSytHmW8K4Ro3CM5xvfcNvkoKo3PLpg8HLx8H
CfnZWg4iKVTBVaycSuqwPfQKrCvxfigHFsSmzyng1wyn
CWBEcVvT4EXLSvDyJ7bxbu2ddZ9Fkcdtd12661idAVRw
Br4V7PmqHrnqDax9kFF3vSq4Vud7QNyKewudwEiWkNh5
JAWNMvzTv3z3sirD7mVhGavYyvDFYVcEhyZX5FHyZLbP
CU4rvHdrjB9Qg3BB6ZjUtr88FFvJvrs9h2Guw3ePrzym
GywZ3MknDeviEhJwCyYNKGamgrwwpRnTjVor7xYoYKdC
6185ZQnijMcCxniHCt14Mh2Whi8hDuvX8wq2FxEXQJ8g
FrnSH9u5Rb7gUBPNnxxPWwFgQEBj18knuUy243Y3YpDe
ED8pQ9Ghu6FRQicBLUPqT9igJX1Ed8Ns4JmUhKjLqbcc
E1seH5RT37YPNLpxh8WmcUVnsdCa9Ef1gszqMqKUFz6b
EnrvnDpZnRN1vs8YNGkJEQn9kfWjpTwVbzUzmGE6vB1
2C11U4fhzDHceLUXYxdBWRWN8JhE32cK4VhiS2Q1cxvS
9LWCfRECxmgzteE3gcGG71DZtWWC4zLSwoYdy3ALv5CA
CbqnhxiWJQjjv1Q8HEKgBjte1LmT3Bi3ErrYUAPE8U9Z
6E5s2canZ2FEBgSN3mTStwMk1AdbajsuKyx6dqdqieDm
3HhjQbfHxJSkrGN7Xsay9jV1JRWMcAwh7ZyH3RNCkxf1
A3UQaWBKiTDikKNfHtsheSykehLoryyfep6Jx39Mn4sC
H6xxaPvHuZ6WdT5epAtFT9Fk2zVkTCUCLazfbqiq7k4V
7YJYW4T4xZeX9DPz5pVtZrpGjBSXmuDFHFjqFukRZMyd
JBBh4QwtLAa5bwu7brYzcCdK7V8XQddbgw1txSdYRm8L
AW4DqsXF75GtB99UMn5DPmKUCamPERqdvye34RzHknvw
7Dxs4oJ4TtUJNjaWManowU17Ep4CkpBdi8LNb7sQKB4Y
JDPR4V4TxrSqVPr4FvXmT7D2nPnhYwdVa6noDW2sSLJE
8gy8DtmbJptFi7ZK8wxX3xTn2mze32wWvEzsbVUkH1Qv
HYT5iFmnivmwA9F9NU5HQB2uay2xpjBWyGRkQaMYp1d7
BLeejDy4yaHthLenYdTnQJ5c6AJWAQ1nJ5ce7FaW56JN
25fVKFYv1DPwd5YKwiETBy8QeG6khfFomAyqWEcEWPo2
2t1CVJDtLnCGbktSWHRU3Wezpv6arK3v2ntwb4VNgnxG
EQUBWsbjsUB6WbSwH76mXSN3u47zdBST1CR9kysKRcV9
EdrhuUe6QGZxxx3ZE4jHR4eCgbJHDe8WhhjS5VL5Pf7K
EegVhfVZ5fPhqntMYwUc6i8ZRhmALMq3TXy9Tfx6Nqbf
E5fBqo4SW4QZ4vcmcRx9t1iP37BzkaYhs3HSqBkX19pF
4E78XPMjKipByt1zisxRxptZFcu9zByqjFamftaSqGsR
Dpqb2WPJcRqrGtVHBXUnhVsgMADPmDwNLmdjUfVeVr6z
GXwufffuhbcEfjo89Tiv3bktGrL3AyfCirxtZ9FY1pom
CqGWRPshhqSWUTWwJCurrXAoR4EUZxv6oRZSJdp3ef48
AZAC9UcRcsWGUDUvuvSozAvn6gKjNJgXAejaNVEZFxGC
3RfjpDkYf68DfJ3AojgCDhgPv3R1QMXC88eqUJcXYUxL
Fdt3V8HqShVN7vSTZfJ4VPKpVFbvHYaZF7iv7tybVa1W
FMyKJY6S2jKNEMzVJpBoG42jJRWcQpSxEzvvEG451xun
ESyWSqTcT5hgxvqA5wAMUmwXkVqNDTPJ23d7dtBYwd66
FGyWj9t7VEWW8GVpzoCcTxRBc8RpS8YdoAthGEbEfmsR
RNSrBL3DT3ZNzftX6aCQsyUJGGTFiMVYncsdW2ZFxD4
AsQWT3JZgdEZ5Py9cxvswBtTjkLUpjLhdCZhZAcoLKUt
3tp7dpPKBFRSkN56rETENmeBmriXVAedeE6KeNZFfwcY
6rtgbNF3EDcLVWJg4KzLVXnGpTZbC8LHQK4sWzRwAnYx
YUq5KUU2BP8zyjqiPaV8qSYeyroW51MZjeppAYaUYkn
5rU7X1FQjjJbwReZELqd3wnvd55j4zoCcmJcGGPFh11U
E6D3WdoWiLgw161EegFAwww6kxcfFnMyx51aeUqJys6p
GYKmLFWLADjwxy6LgYLGyCvZJnDnKnABnynBEtYtr7ZS
8JvnthdeZY618f9vvVGJzqdBgAmBQrXBsA3hN42Gddtw
2S9u7HLHUxX3k6oQjmXnyrY8sqBwKfqzWbg42HP6S2UT
ExgJyL8j2HnNCrEJ48kNQrHAQ51AAnSe8wuyn2hggZ3n
6EoGBEnREtqrp9ZLWkwSfzoVdDwi74PkZxDUTGrMBbmo
CgVmbmTJKdawKtZJK1kfJMDThaGPN54srgS18aNYP35n
9rCKYfXUzC81UXUHLTmNqbWa8YwGraPbpTuuGnp7YGts
FQmrH1xnYMEFEHX1k5RNV6Hk11LPfX8PDY6bAxFEnhcE
5qv3Z17RyuC28GkT4dWRXgt8h3tJGmxGdGd4k5cCM2FK
HDsFHsrkn5eNr6W4UAFLUKiYTF1PuUY7Prw1Xq18tmB5
FBcDPqTBeW8Mk2Gtby55VHgTCAEbzsPjNv7BgAQbYFt1
2G6KcCNoEt2H9T6ndG4rpZAuW7c4WYnyVC4AmPMGrcXr
GwcWMCe69TbHJfLoc7wM3iCXCjajMh77Rm3S52rZCsPD
8DALaHWNcUfhWVSjViNfwHMW54MVeRpb9RGNy1RPZaxe
DWXFPgTo7Fs6oeCZ1YTy71CKTAKghjSqbLiViXyERmEQ
8fyLtYVtYAYRyiUvJiaNaaeZTD31w3vBVv2CD6K9wRY7
C2M6sN3FMmPKxe3f8ehTYweVG8Nzwh4yX59i4USkmVSe
42uapbWjrUMZwmmZKygXneypGXnbv1QhXZPa2oeY8Juq
3fDY8BF5UFWoJvxrjekb3Wh6yfpnaKcuaiMWz2pfVph1
EHXiZ8JMEosWzSoAJC1Ett2nzZtTa7qktz8xsJY1PsfN
8Xs9hG8BERsuLwYM1KqNA7yqduj95XKu6x3o76PHMqhv
HGoZXAYBfPmXF4LduE9HtB7L8k9QH9SpZuhuoJj92Y6p
55WF69HPz5pWbfsdSgo9yLpFu4xr4RC9HiTXLiMTt7bZ
76QUNePMXL6BXiBNBzVzU8UEZEAJSFDxUuagoGQDMiQR
CYesv5YXWWVKRnKGcgRki2xqVVo1tJAqfkbzgm18T5en
G2USQrX9LWYGi7tNJuvg2RbLYShHXqrvAX2RzSFjMvUW
Er435qVGS33zE1aP65FwzhH32otjX7KjNN3SakTGeBQR
CXgR2KfdvUmtt7mYftTKRobMutpXCGr4wb7c5sBPXZho
FFgZ3AezXsnunx659rXQAYSWzYGtZugPyjhD92jTors3
5wymbyjozr86i2c2mXnv6Y91AVaBMUeEthjDscbB7rSb
8Raz34SeYtatd7xeKuxSR9hmD41tDDnYBhyq8iK5QRwG
BDSvQkUVa34DrWTNj7d3MBpH53J9dQNmX1wwzzmGjniQ
3CVzmuAkcitZWUGATh6qWS8LcfY5uKS6i1R3xjkzdrez
Ec2Nx54S4yQ6SWRfXBrAcszkdtqs1iPHfZLYehsgsAh6
22RrjjSqXmBRAvX3rEiLjeuzsMPvsmKHP5NHtPPw32bY
AU1ha7ZnPAkG1yKaYe31iDe6etuPEoDaUTFu3PSiNRof
9uEY5XNguvAinTDmqqFPQspFLMb5PMd6pYfNsr7nL9sq
6co2XnJTxZNDMwRGvXyFDs4y9SxrCfqrCxdQhaF5oDb4
2G34zeJNTXZh1qXzCgshb9sDj1bQxS9T46GA3WnysMFo
EmbUZ2DcGqh2PQkMRx8EFnvxTUDAUBdDWEv3AC9BoTNz
7EeV3g5t9Gmin1e7mJRxnTbtjgEr2AC1iFjKL475m89S
6VcqULxobmsEqzULQj2iC8YbAhXDkiumMQQ8ZTRyqfaA
HqiDL9PUCJGcuzo5rF9hmAqHKxrXqaqWqnqxfaNxafy1
NJZuTw9kFdgdzVAVTHaxwWsAym7beYJ3D1YcHFw2jE4
DQvpmiYTRLN9HS5X5B1pUc1aGNL6eZGEYjVAZqZqnYbK
ovffPP1FiGuDhaFVEMapF5ynqxXirCPzp2zFMW1BgKq
EsbTXiCy6UG5Ajd6M5ZSB7nqSzrdteyxJdyTNYku2VRm
4x817nuDYkrfutUqEE6n21RcBBpMuXRETkMfvkpKBZa7
8yh1U4dEVVTob6M2DHY849joKFKDbC6re7qP5QjYwsZS
8xyALS3ZF8xoGiVEuBbsjCZUFj8a4bugVGfpmJsatyj7
81xMXHGdxg2CjUqP58TWDvz7oPkrzkHGZuFFC4CkL68V
6osfWwhHkojzabPNBs4KMEntmbNVdSv1oomXHCNtcouM
JxuMinxED4PM8nQHCzvF4nATxRTRNpiLTyjY97wV2F9
6VhL56i9SbU8cmBR1C6oWLXZxdqWdk2VvryXiNNVbTNf
9g7NEYbQ9ZYj1Xt16dtY3Bb1JEY1zrfuTzY8t5bxoEUU
8K6769ZK2xv2DaconJCuL1UJ2B5PhHWGXMaj4vKE8BMG
ERv5bUQzFovKsxEx2pu92EBoqGtLrkS1yFEDU81JqTQH
4BNzkdDBTUj4MyMXAZ9Qy8Me85rczGaSUqn9CbUXxZE2
43LbTydTnQVbgHFEdktCp3J7K5ziLyGApfnRGBhwgaWR
4Bup2b34idp9Jk6xjT2d7DsAyK9AHNafdQeZ5JAVcGX9
B4YrRsgYqPvk2W3Km2HMSQgdgsibjFTVAuyEVFQvpiva
8sQ9kvEjDRGuSoK4v8s7fdgDcr7R4XraDeZ1ABURedzP
F7ftp4nfLGgwTZck8GadYHUHLRKWHZkVCq4Pghdf4mx7
4CLUxX8USsBa1699SMSt75gJJ2KcwFXU1V2KVTgagQf6
A743wQtRSQ2TpvpPGZW3zGqfA991i9bH9SX3B9EGhiA2
HttwSn3k2Xs5rx8kUm3H1Jaq39nKnRmPtsm8Kms3tn2u
8mjXKQnQhEZro18FKyqdsRNYepH38wFAfUGcZBhbraKE
2N9NCUTAmd2Mgu2MX67dtn5H3Ss3vrM2jNpuo7NLZwG4
Av17eCRu4sC4cqmFfb4woqkPX5jNo13ksmHAcRRNHAjb
4Dm1rfrgeCsYCmkhTzhRwgN5JBUJkrPaKSFtydi15qqS
FU3949BffTVqH18wFfdoeEAW9bgNmyrwpesn3ZXRjFfU
3QageyLWW1CmtdHjboDqFAFzqmuzxTF6k2LSvUb8xuNH
FoYqZ4jDeKvTMzsAqQyZJQe2KQBJ4RDaspMfcfXJY2ah
9HjLpREG6agq7njHE3iMK3JkEaS96Nox6hEyMvTc6AdM
DGEhfjK5DXyvhgfPE2kxarX37iQDenh2bi6pZnBudTKX
EtW8bMeZjKMcprc8ruidxJ7qdFvHbGWSWr9Lyb4cVyX3
5KxbrufehdRHnUqSP2uNA7A3232TuJj7f9r6sd4mfbKs
73r5FzpDgdstMYYf3iFuYoxiYPEcWto1RMuhqZvvQhhS
9FbCsVqYeQTKmVss4o3oMYr3nQGEY2DH24geNXdLQSmo
4WaeYSpcCh85qyqRzMdats45N9HuEubMRYm2HBKtgogS
32YoR2QjJLqENpUW2iMxkvZpy8mYEGeffY5taN1552ve
DQm1tWVMbZy8MHP4DVQVJ54UszYN94CmweFkQYK7rSVr
EjXGrE7BvD8wRdA4ApFckRkL5FExiqJZhQsBisS72caD
A6uFNgSDtwj5a13wptSWqUiSTrregowEde1imhSebrRK
9QxQtWB9QTwo5Njt7QTqgyvJYiKAPJm16Y9TdskHuiRZ
Hxukof1WQvawXLcprPycSsfUd56VYd4YYMismLnY2vKC
Fe6NYi1Yx1Rrzc6qBUTABofoWAUy8sAJ67kYDKDPWDo1
4bkuaVeaovA4W2iDp3fDEH5jTXjBqrYcHnVVUZyh6VYA
BnsPKSPrDw5SEqxWD5e21MHPjuVgjTPAF2sNPpu5EZtY
BtrbFVpA57vkWs8tAzz6RQCPaF1ew9Du8feJbuR8WKSu
4zELK6m6dabbkMRTqhdgotfsqvFiYrW8jXB1YLqnrqzb
6hBSof4W3uew7vU2XWLkahKiPKacesekT9iM7d3VxUFD
GcLWHzvTKJeUq6MZX3Mps3s5KfDrQdGySvLz8xf6TBpk
2o3GaMACZnvy4C4Md1RGUKXdSwhYCc3EfyhRH6JquGiM
6XCoS9AALzxZztAxmB5anRcQsqDEngwyYcVFJFoiEQTf
AHKj4vWgd5HQ2NZ6yvgCTveXFGFkcVe9trUq8PSDxrBf
8fG6V8SRUSycTEtYBFJ9T1oTri8C1Vi7YfYmrJEtYKSa
Ek2iERU9Zae52sA369m4TvEaxR9oSpBNMAv8GNcjSY4x
D1WnnTEm6DVYrTEKXbKoNf2CezRp2d14AGD8aQ1mkh6g
4frXiULTSDGHyoXPYsiAqGFYfBmtLetCzHUFszWZJKuq
3ZfqEQN2zcWghLtkDdCMBQonfo9gCDp7W4wQ1RFiGDXm
8hvmmJDycKxjJc82KCwPvLZcKatJEsipquu7GKvDZZWs
2fdUEQ41s5dUyQKM6Pzy2RW36XthsBFjSxLBWwBsuUZ5
4JLmHHKhD6bi9aJNrxxUsngkzjpd1LFsQnHzoLxdZAWt
73BVGEzSydX3Qi5tNXrYnyFrT1Lyy97Bdzd5tRekHVdX
E8zHcQG7Y16gwSom5HN2nGJe61KZpaZ5ioqpJhrQHxdx
6dmhNbCBQRoFyReCraF3j6Rd5pRQ5UzsxoTY4yv3poNe
AHw4UVqDhWRJf4M3rYSH52hcSThmLQBE2LgcdwgntrGf
Fb2j8T9FSJfi2XBd2uBZSQUqAhJccGc2HduDYU8n6DRs
H7Fds6MCddPQpiSj31yxL3TveXD1bGk3Hznia8wZ3WgN
BynRToVbahhCTYVu8vGCYbWuZGJhkjhT64UhgjU3o5hT
2P6bKwwmDKBSo2yrKVVyJVNZ39hzsHFrrPDDyf5T33y6
CGH8MhhLHb5cXLvtNGyLbUSrZ8eWsp3GSZWFdZhs1PNC
F7oyHTciG6T1xiJzNpVXqCN8UxzpRrtzscqT9XWyMwV3
ETW8eNtWCBBfpMMYb72Lv2MhUhcVKoazhGjsPVSrHU9A
5UXfpvmLW8BNBs1k9UBbJJwAb9FTTbvFeMWzugvZP5V3
BCHUZVvsMixEvZFJD6cj2YT9ykDcMxRyeRHQSeuaL3Ei
2nv43m3KpdRY5tSe2WyC2HsJvUGLrycNQ8y4TeWqkMJJ
HwFbnrPNns9ZMKGAHT3Fwq3UxVujL6un8Txw9Cg35fQW
GPAjDsBL8sHY86zm5bB3rE5DnHjS3yPHSR3hNbCHvAqf
99hW4BjJtw9GSp2mUynBWGxQTMG4SKzVgR4qYS2Nbmp9
HU52miAjQAqvj58CBGnt7YGCdC6Jata7tnTPTWT6qHP1
7HnM9Fmpd9BKm5TKKUzi4xUDWdaXQLWtyrJSNNcp7t2V
C3EcdhwCLSfEZNtqtTD7YQtEB7Wvv6m245QG8W5VPyBr
FW4VEWCMt3dFtcBie6aLFoiEDpEfR5Tfkp4SP57ecJYZ
GcvZdnTvJKdSLZvRzJtQzCtZzFAkrwX7sB6LtxBwV9LQ
4zuwhnsijH4jBB7BRT9EFGAHAUJKTkyLtzTUZchaKbYt
3JDKq7VJhtA8ZUvrg41eucsxstB9ZqLXp7DxDkkdSyBr
6NFNRRdtHHv5cUrszuiFriVLqPoBe1nRoSeBQuEjrrPL
FazpHJFrAdSGjJkPK4VHrEt2a5txAfv4p88t6Nz2f24P
CpHEz31qkAG4N1U1USacaRTUygfE6uCyk7gyu8pEuNui
CY8gXNuVP3JSKN3S2nXsHLBj92vqDEU9u3iYvxL35YcM
EQEVhA6WP69umG1wEW3dGY2wrvsXvji8eyaF7u11xtfn
