HZodz3HJrhXymfQAXvm8H8KenmT7rwGogrA6X8jag2oy
E7zW6jXSsADmZgAnmVkRzA3cMLpUR5RyVGwjDK7GrgxK
6vywFnn21vNQSxpFiEWgT6GA4M8kokqPXT5N7yoiJkxQ
FSVxZGe2J6Kr92xdQYpP74dxd4uT5Yhbq6s7SPxJF31d
26oJPXUNGwx25Y4r8bDwjMT65MHsfviToG7M6zksbDic
EavbFXnY6W7xWoTtBjitEFD8cptRGrdjiMrxrmQNNEFq
FhigUHSpoFwV9A1F7esGKqYsjGs7m2dsHgWzhkpxcXh8
7QTYhZQL3nZN7smHnQoowp2VRLxNq5ToaLTrWNK3i7X7
C9u28tV9EcKf6iqCxcQvh8M4fnxtWU27vmS3gVwwVKSm
8DUt4hCibfHYGx51R3AJiKevfay7iZCsSemU4NQo86en
JCKeAejKgMdSKCVdYHpyN9vN7r4hyATzyF21FJpJFNgQ
5eBNi2JRMNzuusF3w1ELi5GWWUxRPZBnp1ZQs7hRqkbB
CzndEJuQvrUsixmbaC8hHMKpjnrEENixDQkgzbrh83ZG
AsxYivuyVu6znDgnwenpLSLvkZDua4mGKxTvM2JgoeDU
32jrfQ6h9XrfAjUseyBaRfFfLDUvPWYdm3BunPPkDak9
51oET2dy4vCmZ1JMGYR9hbsvsLng1vcLD6z2AZp1uq1j
8M97uP2WxHgg7q8EWYcYPF7xCNtPD9R6sYHfERzWaPBD
5EhvzizkQZW3ADDc59jyVqHdEKgb3u1AiAuCFJLwvYdj
AEUto3eFWHLAmmVRq3Vo2fmHXwte525jQGG6D7pN4RRd
BU9GQbSnXQcF59sm5VW5vM4QP138cM6s2vV4p4HhrDjY
H1hW7CgqDL8bgRgBRbubKJgoqDn3hQLXpSsUtXtMdxoH
4TDr9PnmK1ayxwkxRJjEubvvcrvGdkez6Weq6MUgsrZJ
7FMK2TiccyaCCyqcVAnvWMzgsfSJvxvrpTxSd7M1dJgd
9v9D9kvePLBANY4Zx2PUzn75dHuQMMMcs7mZLYy3gMaF
96gtyj9h2SBNNj2BdvXwtLDHwndZLE9etHw8Qaa2GZHv
Biw2rxCE4gPgdE7LKZfBtqq3QX7PbvPqxWWJj1HxHsWE
4pUQS4Jo2dsfWzt3VgHXy3H6RYnEDd11oWPiaM2rdAPw
F9jho7qAumizD48EXCyvYYetV6KofhYhdW9ftgcd9wYg
5g9P9YJNPxRMTZtWTPyRkUmdvaVae4MVjhr1ZHmHYbRH
ENsWpC7ro1iWg7hUSuzDWovZiicVAoURX3fstsmPQpjQ
51oET2dy4vCmZ1JMGYR9hbsvsLng1vcLD6z2AZp1uq1j
DRjmtgkBNDaTvvvnGwY79mDyPSu8QSfRK8xc8GJw5rp8
5MsjUXsLZssXKgCS11uMRWB98kYJnp3261tV9iNg3i47
5awsmonFXxL4xCNQTYVgw8zGWXEzAcoTbirxYEYqxwh3
2E59T5vkgQg8QhWVsRpi6NwffUPjQKJZorJsgqK1u87a
92cQnCMBkPL8DmE4xYQXJVAQ8EXk3moXXVHaM2zQT4uj
BXMTKKByDZfLSpDhjm7n4V8RXAnAWkT5XupcuU5kNpMP
AcqArvqhr9i92Gp5URBcosmzYtoMHMrYz3yiQYEP36Hp
BuDg39eXVbSVt6QEVfxkKPk25Bap55Gdeif9xh4AFaa7
EoEv8EebiUmXAC64TkiWG68F5cjKY74M7Pq5zYFdC7c7
JArcrUpemCauqVPpKqg1NTHHfkgMZvFJ4eEpznaiFPsA
CNbzW6od6C3YMNLKpVUGUtxDHjTn1QzgwaDqmvEj9C2E
7KbmFStnBVAUB1NRKuNFdhzXtj3mfAT4jHLXoFvFFSaS
J63PQ61AFhZXeupw9j5GYY1aEuR3R6BnAbtfqqAX6DQw
crpQUfqtr42Y1W5LgZjvjVnEo2nsmXhSuZ1EyomFCDj
AcTz4LZcyNYapAKzSE7tuhU8PcvcaRSeMskQYNQzEagW
AhPQvgGaw6HDEKcddqARpTjBHYeWCinNQ7J2qo9WgTHy
58njdpgncuNs9nhzpVdxDAinBFHXZuMwuJS6hap4tVVN
B2xHAEupwfcGLvmrJZmrsAFdC4qoQRpoExjn9uZbDZyH
H8Mf1moei3kxtAUq2kx6npQ9z9V2CpkvF9BUFTWMyFuq
8eqvPBG3bHFpRfHCxKi7UBPcxUopXyhDMEH9r3Fg9QcX
4pUQS4Jo2dsfWzt3VgHXy3H6RYnEDd11oWPiaM2rdAPw
Hett2NmTm3hsAp8nC3SJXZfEYiuzGd2D4QvjKxGJWX74
DajLww9JAzbHx6VNacZZWYKQfUukB9bibGRcwwHs7e3P
3S5zeha44HtjqD1b2FqhqQpTcBFe7MNaFBeUbt4jUdY3
5LsYixox5LC5iw1axsSMey1g9wyM9d3BK3MYTXu8pdsk
BecvL8pKS3jeCG4gnuNa2wW6FCB2Nedy7hfatseW7Lt2
Aa4gyqXpNvXJZgc5dbvUB7gRN8t6egGdX3HGnswJfMED
4pUQS4Jo2dsfWzt3VgHXy3H6RYnEDd11oWPiaM2rdAPw
CPCi8GtA5mxcs7Pjv2rxXihs8chVoSLiPRFGFv4ik3EE
SKULLV13rVNhZadHCZA2SMRafy6fYRvB6weKEQj3JYY
CrHi8Fm7dihHTTLRGPiaPBLA4F96dunHsbpoUNN6Y8wU
4SXchPW4aFGGRqko4puKDJJCsyEY1Ctz3GLyqYR6VjL2
4pUQS4Jo2dsfWzt3VgHXy3H6RYnEDd11oWPiaM2rdAPw
ECsrR9iXZPWKzNtGvm3b5z7aZ3hqPHn5c16VrFhDDvXd
75YdTkYu6qvwcJBijJdydkdZBzseHnAvQhjkXsUad2zH
GC1rVsYqHxTC8Y5FzDsdXaj1FMGhP19kwZJwy7mMRmVu
34UpwY8hyNZQ5N8tiC3AYwNK9nhsf6PLRncUFoUqQHRP
7gZnusx9yjnAcDeXCnMrvCHHcKnnfR2jmHWvpNBMZA6r
J93Difd8Nya2C8ii3kjnbPyZEVKPTGu1KXaxe5wRghHd
7o4NoA1g1asZzi8D4fRPjVuDR6YkKGhLRwVbEFfmRWX7
yq9utKpjdZdwkEbEacSaMQpzi178DS5yEyJZbci1ZXy
6kPujZJwhfmDYewvDfphyrpxDrFYwwPN5ZbZdQ38ZRRB
8eeWesjTSLG6Hdy6GV8bwjrBCEnwY15LWTkyHtGtsUB3
CJ6UD3YrhvY2dNCnrBxwMQpoiX18hrx1ooJ331TSmHxG
9vTVgL5yTaRSj1QThL3jViVdwZTiwvPzqsFs4eHdjZjf
CmKbwqVuv5C67PZYgsyW9W6bTUzBybsJm5kNqHp8M9fR
51oET2dy4vCmZ1JMGYR9hbsvsLng1vcLD6z2AZp1uq1j
GGut9DeAcVyoQiMro1fMXm1fKU1uWKZ8HC19YhYvLuht
2A2w4ivTkKC58upbPb6YmEsgnR2m2Hi3RQiERUF6F6g4
BVFTQzEas8kMPkcugksaTTuLnQJ8ESxtLryk4ngdyvjU
EAzuPsCQuDDm5EyUeSS9bDbrsDrKejiRNJgLJkRvqAWz
7XJxLmcJgwu29Xr1A8LPc9WscCKREXn62cjuPuCLMbrR
AwgVoyFwAwB8vH4KnsRCGdfuaCoVHmmrT7okuLJv38dT
96WX37vQhNmrYmE5UhWG1xFmYX6QM9X9vxUiNu3MtwYD
ErAwqzKVB9tWuZoMy7mK9csjB6pCqQaeHmxWy3SLicB9
C91QVSPebG5w5SP8Wg97bqfnnNfG6j9QDuTFC5EM25jz
7ArFwqJEMXimhpPUfdZViXdVNkKdEG9q5hurjAx4fq83
CdGwadKrCQHr8oziZFVfHh15jaEdB5UoZx9LhsRdQJJ6
51oET2dy4vCmZ1JMGYR9hbsvsLng1vcLD6z2AZp1uq1j
EAzuPsCQuDDm5EyUeSS9bDbrsDrKejiRNJgLJkRvqAWz
4YxCsyisJmmJs6ZzQ2ShE24LtC5xoxcDEqmbZ5vTkEzq
DSbmJj8qp2UmJSyfXqSZCNrtV49vFsrGbqHM7VAtCZS9
5zYWovYn9kdMX9wHovwxMFJCCzwwykBY4pp4eEhCAt6v
51oET2dy4vCmZ1JMGYR9hbsvsLng1vcLD6z2AZp1uq1j
8w1daYHzhTCuwHKiY3qSzZgs8xTFnAxCThg9P9HvjEcQ
FVdp4P5rcCH7J5hF2GCFuv1fdzg2VjGkk1CCxWrx23LG
6cxR31FgTSxgnnS2cdsjhpbzyzYhpdJVTrxdHmnM3uBw
7aoCPhU5m6SeTdokjLk9kCmBQuYyhnHAUDb9RTQoEvee
BcwzmAJunqVo7M9PHuUn3srQJX73bd9xr5fJseCDGAZm
E6BdoEi3My25cnxbW39kHPq1Wo1pnqU3GX6QQP57XajV
62dKmy6VhcrkCRCU9fMnxMmwn8cVmwqXzRW7tA4Zx6Ee
6dm86x4LHSBLR9WLUkjUHP27A5uJRwgp5Z5bVVCWeM9K
4pUQS4Jo2dsfWzt3VgHXy3H6RYnEDd11oWPiaM2rdAPw
EZsxgTx6JXqZS34sDynrFkKD1Q64Eve7AW8FjawFfovV
BQ6W2opUUbyd3mVpTX1NRgFWgqBxyt3FSLfSR6TXQRug
9v9D9kvePLBANY4Zx2PUzn75dHuQMMMcs7mZLYy3gMaF
EB4JmYU2Gd6ErMfZQJ6mC6nYTTcqahAB2kjLNEyRuLEt
AMRKKdSwGqffoxNv6JV5PZZzosTvwp4gCfHDbVqULqbv
98Ua49smTudbsk6aJ3nXqbuoWaxzaEVLfgFF27xEYx8c
4TSj7T3Rp5fWFTEhY5uvBM8v1uizWD5VUGnxswzeDSx5
AuzBWmHGN7e3pQ6Kyc8H8bpXkBC9CHLkEzTqHGQixQGH
78nbJnKyatXEApfN5q5sx2STps68db8tSnN6jWjjrVCT
ENaitWuQShMrtnPhATzdnZSEKDo44o3RQm7EyScDAKaz
CY7u6f6TG8qPFxnng7LWAFHDF7zJX4jCBXiQLzgr3omR
Fx22XUQE2NaZ2oMEPCAzyYXwqnMGWrKDFGNdqPi1pdHh
8XW5X7k4bU1fZzCVGPVnyVRv6iqwXqG284DnBpszAiuM
7b9dseNu86g5znmNutVewevk33RYJ2FJ9UkmKycSd4qt
Gdg1EVbGMQ5gH6nkhy3WQVcJZoRzXae5EsSQnYHD6X7M
7ts3WAY9LpFPhDjSXks1QqJaGwWkAmy9raLmaApDyWMJ
CNgwgXRXh6bkXkeErtJytGCx3esf5jtFvfEkR7USvDjs
4QiSnMKqH8weDJfrGCawZhPg74UwLnBoPAH8r1oXP2vZ
5ffREb952Gi9apxr62XDNhKUAUy2nTEExaPYyTnz9YFm
9ej7a4re5ZsayUKYpU91q5UEakEjCwK9mFb93zDAKwUM
CakCB2mYApvhtzJWgmejHjuTAVDGbBk5zjzrDctgkxjM
F1uo5tS4JzGLKDQBhz1DdoyQf4oRjYcynHiCa31dRCrD
3wn7frwsT86T8ovtYaujWMYrgtaRyboR9HQmJ2JQUQWU
FaCHBb7R7mEp5oQZcFuAPxtNb17kwMCUrVJ5zLKrktay
51oET2dy4vCmZ1JMGYR9hbsvsLng1vcLD6z2AZp1uq1j
HNyvVfCcNtogL4Gq93zwZ3oFdRo7vrUqdFEwo3RqpDxS
6aAAWPd4s7SppGAi4k4eWcooWAy65QfDXKcTJadUnrEP
4pUQS4Jo2dsfWzt3VgHXy3H6RYnEDd11oWPiaM2rdAPw
7xP8eumueg2K7cw6RYEVEoLHHxBkjRZ4qLaAYRQTEwTp
AGcXEZuuN4cRnUB7Qc9kyzr5L4h71xGAYksreUubbDRp
EkHsWj67nEwZKZk8RQsVqn4t9vv5VgLyArLnSo4cvVCG
7o4NoA1g1asZzi8D4fRPjVuDR6YkKGhLRwVbEFfmRWX7
EzFmEHFgkNa38kcnWSaVy6FDP24xvWHTisRUjLD5aMLH
DQFKWDdyK13Tx61kmD8B3ZKgtxGbG5S9SruRydyHbAz1
5NVmQU5Ph3zDaW11hJ9gQzaeSnCtxgNWoJtwGhVrSZuU
EqWd9aAvUFcBxQtsTXU39BNsp99rpMzHTgJ2qy89fNim
2pHbyM3CZP4Qoyd6a7b7J8iK9N47CwWjBEsVzoD9dsPJ
51oET2dy4vCmZ1JMGYR9hbsvsLng1vcLD6z2AZp1uq1j
AqwcN2rVLNx6Qx4tp4rxgtFPsXMrE7QWRbD72BbeApjb
BHBpHx2iwKae3pT83ceZQob6UrXckES14wCaNdVzcX1o
4pUQS4Jo2dsfWzt3VgHXy3H6RYnEDd11oWPiaM2rdAPw
13boftmqrxqPnWYCGsV3iF9HtrWzB6JwaFX1PauMzg5o
CKMDD7Xp4pBztCG5G2utc3kXvFqPJ17HMDPUwhLiHzhM
2TNxVXbtKfCae8UYKv3DDpvdooHEpS9q57zciRTAtPKS
AYKf4RXGzxyguvyqroxk1rtQgEJe5H7yVxQK5kekBeCr
2n5PbADyQXeCMztD5wnZjF3Nn2w8PmCmqSQ68TT6Q6KX
7RWr1Z6dJWat4EA4o4WuBAukPgNUrwMqPDyqPfUEKHe7
AACwn2C9DADr2CzAukwmwjdU3rukNYYL6xgoBhMSeXzv
4pUQS4Jo2dsfWzt3VgHXy3H6RYnEDd11oWPiaM2rdAPw
2dD5qq1y23Fq1qLj5zJkZ2425Pr1dvtKQPMa6AGF6wmz
BepkyYLmGjCpQC1KYdV3XzkSmTsfx4qrnrzyQrY62zfq
6ykYU3fWNQnoNunJKDLSVSZWCMPoajoE8EVNzKCYs9qT
CHZKVvLFfyK5pDe8vcmPwfhStvJzrJrT6EoXXMdkFdCt
FpSrQMhnYa8YRnEQqKstyi8DYsMvET71CPfnmJkBSSP5
jvj2JuxSL86sv34HSGfm1FbHwA2ywpf8Zx9vxBu2B4c
Cfh8zzLqs9o8naPDQttdR43Wp4n1v1dRdN6L6KJSaqxe
ABnyqcA1nFPtNVbUd7XcUcJ7YgcyqpMk9rAJtmWhkAvr
AMrDYQ13AX88WCB7puwTVu6BEbg6rfFd2FYSNP8NhX6m
7tMyU22ViPrhY14fy31bSmTsQK6rwc9q3Zbq2u5RkZis
7P4Bb1pCMuYNveYhg2j445cmTRCEGp2eAAtBQUv7Jz89
AM8skwLjuqW3dXxXZngWzz8nabVKvcean29HoZSB7uoU
EyocHG3vukUg8tjserz7EypSavCZrNWwr2TNT4dNcdS6
GV7GNqxM2YGRmmEp9pjXzc65vGkJhkndbjXj6HVG4mLw
Cm8cYtgtfyULCzisqUnMg68aqqi12PGZScouQfJRfrG3
DPXX4QHgQtdcb5ggiWjiuwGB2YyNwDjq3pBdAXXCJ9RB
BjDp9YQM7GVsT5p2zeMd9abFysmovuJT4CbJnD6Hh19p
8xnDiEEaExducDAizz1ZFg1cDL6F3rEiG5r3V4g1AxGQ
4tqfsijhz7fafgUEYt6LSKtBBujckBKoD59pnMLKVnQ9
42aV5YbqVnHvAyARkHpU5s7CwCbJt3qBv2BzbUvcuuVb
BahL5aU7ZbnczGEKgroPeQREadUXvyJV5eQy4zdoEHMo
AzjB7d1b85syjMDsjo66EY7WSe2M7UBYb45pRFyzMPDS
22PcCdkYNqVVtLwCQ3BSi3YmZaghBCgYNeAvBcee29Tt
EkrPmifHXbGk7PLeReSgGieStGYrU1KJQudkdvVkFgFD
7o4NoA1g1asZzi8D4fRPjVuDR6YkKGhLRwVbEFfmRWX7
3GDeyyB4e9eeZuQJ7XokogkpebshQTWzH4X2djD9Jshi
6sVaWY7qmmNkwtpfoadn6EaHnP6cXsNH5uZisSQ3bENG
AsRzkcSsQCum6Z6AA6onHkXYMKXZa7Ccb8AVSUdSYHv2
BNR9v15ey3uWaeZsNYGX5rDvRus9S8UL16hSgduEArFN
3Kx42dgP4mnr8Lnw58rdccNfMXCP3au91WTCJt2GX3VX
996Kb1a7W4mqbR6qxzEDBHJtaJv8bnpWmegLJxMtpg3R
iDvudo6j4YuZno7a7QmPvDwDKjS7QzNG4Jx8ZoLZ6bJ
5g9P9YJNPxRMTZtWTPyRkUmdvaVae4MVjhr1ZHmHYbRH
9cQepRHEXLZC2F2ncuK9HY6b228dQ7HNCuxZatWZXsNe
2tn4ToRyMT8Mnh29AHcrixZr8GmDBUjBcSqpYdEuWoAU
FeqZ8qhXvok2gPfc7fK3p1CHcdoNJz6afcb8fcbLYvYD
NR6XgjzTC5xSFVc5xeEyrjSxNrpxnrqgwh11GZaMmbe
42AB6Vz1WgtaKu2Wnn1qjNLNMjmuPCBPr2B7ChBojmWz
EWoeLWdzzRcGExwU1By6pS3W5EKCuVdtg2JsSdBrHX3g
3UzdWiavQL1R1yAzZfFL7644ZFLx3BgSQBjzMxoLJy9Q
8XW5X7k4bU1fZzCVGPVnyVRv6iqwXqG284DnBpszAiuM
Goxdxssq5wh3uVEKgupfLZmzukLQVHn6nynD4dZ6p1uF
6DNn4M9Sm4Tt6qTXCjmmeMJ2QBqeQAwSXwKBEHDVYhAm
4pUQS4Jo2dsfWzt3VgHXy3H6RYnEDd11oWPiaM2rdAPw
EzFmEHFgkNa38kcnWSaVy6FDP24xvWHTisRUjLD5aMLH
4cKqqwoADnQVUAapaq1CrCwpBwbvCSohZPzB8aHooJjk
EUoZL1uEnwsU7R6KDH7ngUQyrzNhriPFJqPxJmQR23it
H32kV8q4EUDAzVCyVxKVGrQauhmiaS354pKakTqQC6ne
6LPPpRg17Pmsy39efw3hEgfXQsjATUA8MfTih521iHdL
GqB8tG4Xz29QoP7NewX4qsQ8DUhEZ9tMXopLsu42KXi5
Cm8cYtgtfyULCzisqUnMg68aqqi12PGZScouQfJRfrG3
BKZS9ci2HFDA72Wp3rPr9Tc8kTcKwLrBboNn1XdGpMFh
BNR9v15ey3uWaeZsNYGX5rDvRus9S8UL16hSgduEArFN
5MC5gpRxnoZi5MMmqjvTTuWsyqQG5nq3w1ghwqUszpg3
97xAKp8FjyXkiYqTtYWN9ArD7KxTevzaCAo7VCcwLAsK
BU9GQbSnXQcF59sm5VW5vM4QP138cM6s2vV4p4HhrDjY
GBvdzrFqehuHNLc4NvRUQhgVnKjfF5Q2fi2LrBDYivpe
4MGLKGy7D2E45Me2AVXf8jYBWDRKFJx41WQWdf7bXpBH
3LoqWSBGfUzPwPzUvyz1gKTS4FnQbqh71S6MzgC1NrAN
HcaR2tpC16emF6MPzBzYbQRsGutmXRDnJChin2Srnyqg
j8oLFiDm5Eiy873RNtY2Z56b1DVZrW8i67mTR1BLsLn
B5oCkvAuTiA25bZbLFzGNPNx5Pj6sD6XBRXvucWxdEhp
BVBXqH8e6U2PBRoRLGQbqU26KqSgjVGCn27YZm5iVyRH
BVFTQzEas8kMPkcugksaTTuLnQJ8ESxtLryk4ngdyvjU
C95WjH7qmY2sdr5fC1PjY6vRy1WpF9ynY6kLHALZmVHe
4dKbzteBxRPnJLaVDyj4t8v6i6G4PX2ASr4iqyrcaZZF
7oKREfeWiprPMoBEbuA7P8qC2MrKfbCCoyN7Y4uWeMjg
2RP82osoJ8QKLa67eAZELWkqCJbAK6iK42E4SLytpsd8
829BKNTgpHCJWvjb6KnJDfkxjPEMtxe78szaFRaojyLu
FxC6gixguqfSM9bY32aGkoXxBW9Z3bfbH19T8Ydykmj9
BBcnpuGSbDbMhZHugVRhURmfdFWkieXskLyHvqcFMsbT
9KKN1iCiKGNRa8KBqEdEHqP45BxGmHRtfEfYRVn4zEUr
GLpzNHMpb7vYH98VkGuUKcgPETsDWFcdwNscJypyDbtz
Cm8cYtgtfyULCzisqUnMg68aqqi12PGZScouQfJRfrG3
BEivYChNwzFedVVfPqYk5me8gYX8ae3m4HKrM1zaYYPs
BZFFoKXR4DXzDHfEDMaiXrEDWHBgLxDZVdYBtd4b3E7f
CWhmsKsqd8rNLussMP33gG5Fc2KHCSCx81CWeYYXHCBg
3eucHmLaRJzL3d3rzYx94KvxcVhR4ESLo9R9hhb5Snbo
FJAENpXiRzxmcK7LRQG3PqVyjaiAaXvvXyBYVCsDZ2Ro
3RANWkJ1hoaKGDRqTFnpqZYSU4gRUaqzj4eBqc5QFQBh
GXPCM79vJorpa6eUtQjDtvgb79QDrNqKZVX9HazD4jcR
5k4V5ugJktaGYiQi485vTcgJ9uC31DmswkAwgBTuRa7R
EL5azyZZdTQ4AuMzDzarJNnBafm92h85KNvNzEvieTny
HzrMJkkN5jvD98focyivbjasDmPwPY3AkuB9aG1uAzbH
3zCxPoH5oZ9UtNE3b1UpMv6DLB6BiTApsxAY4VqQGBqy
6ykYU3fWNQnoNunJKDLSVSZWCMPoajoE8EVNzKCYs9qT
DKahFmS8QKj4hhMpcXnZkTcydFJBTJncaSjVtAhYqAj5
9KJbbRm5qjnWBNZNv3Mhk2hEFqqDAYcCHuUPxnG7W64g
7PKZ27CqAopTybZtLNdJdMm9c2uFK5S2PxuQLWTGMGX6
J1V66CwKX9NcbN5G8NqbUNH2XFm75zm4qA4omxwKvM2q
92ePjsnZHCoeeGRCLL6NdeQ6xbyQ12yQ9Mu3skxgHrat
7iGCFYLUJczcHwpUnCCK5QFBCvYwznnj82RoYQQnWu6d
CJf8xXpjjrADii5HaMcrmHpB9dENMLXJWUtxxfZCNM3M
9iVHqjy82DBjDk9JwfP9hn2tBiwtNwmNNEk7abTUFS85
GPzFMtZMQNhjTsEXNDuWyWj8yKhMXp4RbPwwUBBXncyX
9ymwqm6YBPkvFdHG6roafpS3scTPTrC4GYCot1hMv1ye
2vhNMJt9fhQs7f9YQubaS1MpCuUdx9o8zTwqxzkfcLof
EemwWLhud7GQn7ywNS1S5ujuT6UbK9qc1G3EyQzx5peZ
6WkubxrGPgffYK4ccs4k8YG7R8oVcjp6C2ceRpS5LZDj
HMaqavzWbeWxWBCqXURYMKbZ82cB2wNtearJvLQGu5ck
ERrznCBcv946zdfxu1p2krYizeWfpAxrx6mkwbVQZJK7
CzGDc8WksVkKyYWBaWX1CEAaadFjSt43saCdxA8voBPS
CzBuPFMJQbPLw6k3B7z7KNBwMWfJZZKTFBYZLhYB27N1
8FtqS861655sZyo1jnjorkNCE9Zh6joPNVopLy5X3Wdd
BzHu964qt7p6KW5Fx93E4VR2xYuTit3NMxAncrLc7gj4
4hg2DYXiVwjAYfnRVAgX6fo5czXkv3jWXiLHPQ6s87Tj
FhUn3tXFN5JrPvkULt2xB6KR45ar4ok86RScN18C8PeU
CKb1wznwqUMF5fXT1eJ9KG8E629s2jfp8ARxcW1CjXft
6dVg1wfKsnoUEyT6b7X97Knq7UqfDZytSyHtq79qWMSg
AEUto3eFWHLAmmVRq3Vo2fmHXwte525jQGG6D7pN4RRd
CcMa1dMNeKZmA1Nno35kQDj8PAFVYsdQad9Ey7MeuHTN
6qWP977HvKLis7hkZdSGgsn35yUGk5FS9SUnAgLJfojn
CHZKVvLFfyK5pDe8vcmPwfhStvJzrJrT6EoXXMdkFdCt
2dD5qq1y23Fq1qLj5zJkZ2425Pr1dvtKQPMa6AGF6wmz
BnzZgzLSLhnjm2yydueqEuMft8LJYYQKyxyoywqHBMfA
FgitU8ifEGWMo9xuerEpaFNAA2TfcKyTnoS4C4Y3ePsa
91hkaS99AJJvtMJURkGrGy7SM6Rnvyeg2gM4varE5b5g
2PhHTtsY3Lc8bnmfq6QcnezpqcwdKYyvkvXVzjJ75Aw4
AqwcN2rVLNx6Qx4tp4rxgtFPsXMrE7QWRbD72BbeApjb
Pww1ohVqQrmaHKPeYwaVT5pxhQxJex3vhM4M5ocsLUu
HDADTyGCNnbmYa5MVpmUwhDbiyAy8CcQ6k5ZDZzQGuuM
AUCZf2bCy92cf3JsRXf3LGu8D83bFoNWkULRX4KsePi6
Fni7b9HLdAL1fPNHLYzQxAyZYN1y7MVKmjxhn8QnyMWH
cMLqHxZ2kskXDQifzjAf9AWwAwur2o58FcHhkskR2A1
EwwjLURAfEyY89BaEf5CCAp2FnGvmnRrnAmAuoicvT2Y
9NwexLP7iBc66dsHdnny95cMkcZTtTWgpLRqFvKMYZwQ
8DUt4hCibfHYGx51R3AJiKevfay7iZCsSemU4NQo86en
BQLvskDDRbEJwKA1JLWWq1aYAP4R9nzCTt1ir5oGJnpw
AZBYaUFwLJTEDv9raUX4ZiQwxoVE3cvQxnkq6u1g8g32
8kX16Yj2WBCz1sPXcimafGrutQkw3s3Swe9sR3gt3cC2
HuDbdzER81y7ceNS4JrTWJMVZmD3mkAK7PjGRDj9oC4V
BQetDkHtipPEvqTZKASijLnd7oZSURP1ABgvEi5coCjv
14BZE7NViTS7AwNpCT5QZuB3CYPePe2oZzetq4q99gXX
4pUQS4Jo2dsfWzt3VgHXy3H6RYnEDd11oWPiaM2rdAPw
4pUQS4Jo2dsfWzt3VgHXy3H6RYnEDd11oWPiaM2rdAPw
FJ5hcKnacavLz9geNZDRyDXdUvZHJBVnn5RLLy3sRtra
EB4JmYU2Gd6ErMfZQJ6mC6nYTTcqahAB2kjLNEyRuLEt
4pUQS4Jo2dsfWzt3VgHXy3H6RYnEDd11oWPiaM2rdAPw
AjYnxQfkr5WCMJpULQ5eqYdDK5Nq5by3bMZv8223WQjj
6tAbuy5FEAUAyZPdKymeMDExjnoFQQazfrxKqkY6SqNn
2UXPd2WtjS9FzskPx59gVce2r6G3gfSPP5w4RjbSEfwV
EZsxgTx6JXqZS34sDynrFkKD1Q64Eve7AW8FjawFfovV
3MajMc4ZmAmqJ4SwagSpntjAhm9k2iLjViEPoVRL67e7
D1YysSgs1ZyqPogHGo6MyBt4iCDRzPwTd9g8ywFU8kbk
996Kb1a7W4mqbR6qxzEDBHJtaJv8bnpWmegLJxMtpg3R
BMeJa6j3tYxDJnYY1aQZDD5xDN39K8Wc2ghz2NNvuQ2M
Bs2NRpK5zPhbhchTM2XGqys5uLw4bjZjiWQJW912XwWi
9AEwm9w9QbeLiZmy5qDCVZXvatKLokHhLPRsrHogcyap
Hs3i76nSEEWNY8369jGpFrRohhS3wC8NYxFsmc72WAsv
2UXPd2WtjS9FzskPx59gVce2r6G3gfSPP5w4RjbSEfwV
5ssu1FQCAxLQZUbSnFXAuPn2eDaZBTWkc5QBChh2yxAa
Xd7QR72dCcnxQ8e6M98Cko6aMdebTVuEAQqtFDzuAKo
Ab4ZrZjVR55EWrTjzeCwEJSVuUrmotM55wciF9HyFkdd
2H2WxCJagGkcbpquFAb7LffcLERWahSNSTvbXuVh8uj9
F54ZGuxyb2gA7vRjzWKLWEMQqCfJxDY1whtqtjdq4CJ
4Dt9sfqfUckUbR5vgYiPzDoGUxbGqYp4T5iKZySnesSC
7P4Bb1pCMuYNveYhg2j445cmTRCEGp2eAAtBQUv7Jz89
EEUHeJFM6mUeN44v3kpepHXXBcGY8xV38TjTNxHEt76U
9G55UgNaaw7CQvnYQ2UTXLWxvQr7xsZh9AV3sUW2c2XQ
3ozNeQ4Sq976Fnvsu5rcNZ998QPgutXByw4NhSQPmWXE
3hh9av2XEn6BoTKCLE9B7J2MHmm3RPRfVn17R8ZUb2hw
3fFRY2qnnYSFP4gJtC2qGfBmeTSiGHB1AfhAbUF7FH99
6dm86x4LHSBLR9WLUkjUHP27A5uJRwgp5Z5bVVCWeM9K
8idJXEhLpdFziD1pQ4wUJnJb81WF64S6L5Z6LaBCzNDb
CzBuPFMJQbPLw6k3B7z7KNBwMWfJZZKTFBYZLhYB27N1
AUCZf2bCy92cf3JsRXf3LGu8D83bFoNWkULRX4KsePi6
9cQepRHEXLZC2F2ncuK9HY6b228dQ7HNCuxZatWZXsNe
FWPMGkkFacSvytRBGvud4HuHSMHwBmzyLaWB3FxKM637
GqdXqdKureWYgbNvcHKPi2vgfp1zLUFg5UWhZAHTDc3A
73Z1WZL5JsbU5SVh43DCXhf3Dis1F2fx1FqihSm5zKhQ
AzmgakTxLAutgbcNkxi3S4M6MvuZvwcrzMc43ErMFk4h
Evt92DJQS2a7UNRJp75J6dFB2WkiZ2nPHHsLMXrDs8jr
ENWYHiDjQHtyGXtGKRE2xRL7xCot6HoAFRiZsYghLRHJ
2n5PbADyQXeCMztD5wnZjF3Nn2w8PmCmqSQ68TT6Q6KX
3Gjhr3N4rq2BCwemcBAVdSxKHdpqBfLdpBVdrnXm3su5
BUdpRNTSxyZZXtecMuBU7eB2x7RrwHZDPzGGUwiZwZUo
GX5RwoNCqaZY48qhCdYWJP9c2i2jouT24yw1dDtqZFmn
SDKSoFaazRpPZumPvnKCweaPmJnsf51wwS5956KEJWJ
24iifBd4cBp6tEhYNZvPvdUsCuhmrSXXauQxrumEz4y4
ANUkikZTPfEoBrqtveRAeNkvVqZv335H5Nvspm6u9Ghh
G1ahFCQP6AQeFQ1mM1YHa8C2cVcggJkcvQk9nAQ98gbm
GX1Vmx4AecReyK1QxMMkWhqzgGmNs9HUVPQkaDBTDvkK
8sXrWe21kjtb5M1rh1hfSM2FvRnnnmz7LrU6VqhRr7bD
4pUQS4Jo2dsfWzt3VgHXy3H6RYnEDd11oWPiaM2rdAPw
4pUQS4Jo2dsfWzt3VgHXy3H6RYnEDd11oWPiaM2rdAPw
5BH2V4PfFJeGL55zHipBpi7ZCqTieu2STs9paceNsZBa
DB7tzQa6t4pc6zJz5FZb8DHZpai78jRpLZy9DrAYJGxC
Xd7QR72dCcnxQ8e6M98Cko6aMdebTVuEAQqtFDzuAKo
Byv2uYaoCamv1HUriUVNMFtqShrjBmUGFt1HY3EpxAyC
51oET2dy4vCmZ1JMGYR9hbsvsLng1vcLD6z2AZp1uq1j
4pUQS4Jo2dsfWzt3VgHXy3H6RYnEDd11oWPiaM2rdAPw
AbgicEN3npoAGUvZCJWpkLkniVxnEdcsFnTHCcmhfUKF
51oET2dy4vCmZ1JMGYR9hbsvsLng1vcLD6z2AZp1uq1j
7nnhxKDzKy4LHEqbgiUB81TE5U4hbK6yhepXun7eGAWU
CyVDnJzDZVGucPLdJuUbSFEK8CWjY7DFX1MEowPsqLHJ
EAdQAdc25Cbyyo6pEjPc3v8tJyTnBNsF9VJJd49RvzoS
Fv9B3iH37xap5fv4v2AGKSivaZWKNZRC8rorfwtCStAJ
