FkJproHdLhUMPT4n6hm545oZRBL9DbWbJQF11eeZ6TSx
C1XNc3A1D8XGRq7p6obQ8jajL66UFRfvV4fhaeuJcA1h
DBf5tP9i2DBKLdQn7qDEqzqiaSDr5SdyMt8UELAGMZTe
DzJSnLmRSg66Pgke4Gim47KwvBBGfU8KigsKMKWWYvc6
69iySu6r1b6BBkdPvcN1FWcFhnMe6BD4UZXAfqj59QRZ
DXtKAzqRiXyrCVp4q6u18vDdAktRGVJzF9RdTb7wLywY
ShprmEs7XhfgomxpmJVz5g42YU2TDyo3vCUAvaBf87G
5wKhNFpaaK13uGep1FBdaktPWFqiNCaKpJMjuJBuadbo
8EeR5ZRcXXJWtKT2qiNyKLHfYxfZnaguK8UbBWndZ1ZW
2D8nzPqBW3Vm78pGm4mxGw4ErycLiouU6NgPX6CbGYxm
53hScxq2pqgLjpmYrnk7Ag4f676eY1EB8aCAeG21taw9
FoFJ451a5JTCdbe3mQz6vAnu5W8okj5BVJzYkxS49ZJD
7MsHXi1s16LLQGBjqpEnkbj2eb2pXxhAkdCaPrihRDtK
GCFVW1QYVAfCpe7g6LbA4gUfzMrbxdWqDGixLBewyVAJ
CKyhmkAzT8ZS7MntLRGp2mGn2ShPfqxAGpq3zezbDZRT
EdufnHWCSMa6RbyydVpbyNBoe4zivxoZFwWPpv7VQ93Q
G2HP16cie1nq16E2tGDnPUmCY3oFtmkywkWrw1q9iTnW
3EndseXvu6kwKcxuZ5U7UF3ukijWB9twHEC1jWstGqM2
77SsVq62FzL4bbG6e1L3Wyb9ED5t4MaNvyqw9x7sc3m6
GoUq7ZNtw5E4mgN7yAYMXxPBXCNahCPhTaUbcQSMLcHW
39YHRZtHWekccyaTUpSoL5Hwkpv8HdRLRwiFGh7jHhS4
37Z6wyRajGK5crvAaMXeSvatKYCmfbrPbg76wY33B9Ct
4fVwRRXokxeWPYnnvJ43pnfm3NJrrcg2BUF5k5v9H1c4
8UZSJY5xX1Eys18cHDxYPR49DyVU2oSgC3XePRgj9vnq
DE4i52q1asDvADsiXD1yXmNZuGSrzpC2hBDdts14gQ8V
4CvhjyTA3M8YGRqVrbUwB4VAHgPeq68ADcSLTtEFi9Ha
sRcbqm7hWScvnMs25VADkaSEqNFon68Z5kMPnv1ZbP4
GJqkSwtuXu7MhpDEhSqY53EFxnGxLxH4EefCQF7Dk3Nh
63jrBFq4PZLQMneHBKGdmj6wKF3JxnRPvrgxHc57tNEi
GxtGX2rDZYdYFaBBvKKhHFSxvgZq7uyNdB2zbCGxDP2F
E6yfD3tF8pQHKZoTepbsGPjEZhhMuxAogM4sChtoUihm
FutDmej3kQorppgeR2Lj4D46wRx72SgWFmq7ZGyRJ4oV
2DYxVdtkuZKwPhz1qg9xLDMM4RHC6PRq67H8kosB5ZYA
8vKuGbd3fVQCbbkaqsZVCuy658rE7UEaEzmQn3WJ16DN
GrXdvfCm8awx59VLxANMWfWHHWfaAXjgr1kcpzRU3t3F
6YM7wcmav3uJLfL1f9JD6pUnwtXnxHmry5gYpdHGrqDD
5vv6eybyKYUaNLoxPS6iJSky8ntj7Td3cVBYB65QEL4Z
GnSJJEtHBwqK7sWNzXmEBgav3VvAsDjHuJhbrPu6VCPS
9eKbT8Pa6U5bSbkLovmvzorPhJeZAuV7nJXHPCoBmQgz
2PgVS5tjsdjNwR6sphjucw3K1ZaUgswBX4Az1ea3kafr
2GzhRT6NXAH1n1jBYktSMKXoV2coUh2NdUz8xPpHhvEv
Dji18SbKUVBVAgmHBURogxhhgvt2UYFvM3hDTjMokCtV
EqecX7Si3YAXZtAQP4psG5LivTrAkaJoANKiQWwXD6t8
FBx1FrkMDteUp5ZwSAZbfPmHciNTsnx8LVG43HxN9wT9
26r8drrqCh9hNyvd1ZmGtqp52gay5Q3naPKLzMc2SJKZ
Dqex8aEbpz3P3HvEUd8SR5jeVoDGFW1Cm5f9enmVG2qb
Fy1yK8GWBfp4adttRQAwFQuhudRrAtUUkybwtdRTqsTP
J9yzuQv4vkUzYTnJJou4qPyr8q6rtJorLbFUqMQxnbe
oyLcG1ESNNNrarr2PXwDo7hpgidoAyXWrmTpxcYhbu4
4tWdgv1mjzWYdwxFwVdz37W8jhbvo7FBEVt5BrPPdKL3
9Kb4fmUxufCgdka3hHcJujk7SjuwmtGBtpDfDEXXWZwU
7tzYVw7EVSUf5wZGH77urMoASMojkhfM7cUe97JorPPe
EHgUB5Rs6XizA8LQgogG49FJhawMA53SW6twaXxqy8ys
FcSysPVpzD95S6FL2ChU1qYD7nXfq5khx9EvBW5P5Ecw
Dh5sNWeCATiGQ1gzQZ3B7LurFktzbJFArT6y1ijJnv4K
4VDDstrS3NZ1eHKbSYfoiLEzER8U5uSWxSCALG4rUxRV
DeyHUG7ktvMokKT8gdq6wBbmBeopAaE3bjA2gQTDuNUm
AVUQasD4kmtZi23Urm8hRHp7FcXrnb6KvUcwiunmHPb8
EomFeScstsqiToBqPJBeddSXtGVcrFkz7ryKjWJrsaFV
5WhnNFBo9fZMtYrz5m2S3ZgMmrzABHXovksJoU1FtKzD
5N9uG5maiMN6EooJWzcqoxWfrkWao2QpFsYGSJkmeiG8
5paaysjQZgAtpQkp5UyUM7SkRsEwT3D8BpcMJtMKEUdd
CGHxpaNm7ciU6f7LXXRaZWcUQf3HqYrmkYmjZv823x2k
DfZ9cWSiBHYnsmgaktfJZ1HMtohs6DKsf3yyJx4PtgHY
9Fnj38uz9AtBsKGcDMVTYQXUSTmtUapDpJP6mKWJJQv7
5Bu2YkaxQUkZhV71MnKDr4DdMnbbf98bbJNeksRfiL26
3DdnTMDVC4V4Na9ALh57MFLtB1xRxFDRsfJNWZKC6VKy
6mcE2Y8cGqnM34t5UVH64P5F6Zyb3n2kvGtnXTWRqZuz
DdBkig1Uuhsi1B1G9YLuUxmUyvfkfLRTtW6Kch31dFZh
4KSKZYmGb1kJoWZGgVBdK5zpkG9THcNxjLpsgwm7EiQx
kh7mqPM54m3JwFT6NkBbRieFApNrNxNeKFD2ed1VnJP
2vrjkzJikiGat8j2UZxysWbjkcMCxaQZXXQkjFSBMxoq
AJi4iomizNsYqY2YYdvfk9jTniNHubXunUaRFJeaVLxb
BEcX4AvxakyGSyJfsMX1XNNuPGbztu87dKvjNhE8Bpx6
GeR1N1wxWLj1epgTkN36WFE1BvdpZ21H4k4nJffENz9W
BN6y2vBB3zNXiHyHiQPbVNtdC1W761wH1rjmtHTFvapo
2aT7N4ASMAK1hUF7as72pQ11zGZX2NjTwdyQm1hkDyAL
FRgffLBh1EWPywZD4EqTCWuuBgvU2c416PTCZDtgNVD8
2qCxYkCXGmrjKJd3L2EUg7sqZzfphSCyUStSAmxJ6ayG
GREhhuW4J36RU4UGWUDZcqVqgswm4zKBu4qt9sC7VNWJ
A9Bq6CtZYepPEFy5ojYEfhc98X1B6nnouLs93Uy5nCcg
HpCGdWKQPYhNkmvqgnCDPkYYx8myHeCrJerHtz1qdGx5
92V3sxAh3xLgBBhqUgm2EfySCcUkbfYsMge6JioWpJoC
FJu2gHjEKmb7moUKwuoEwNpoqTH6mjdXRbvnEwCzPytF
6pLUaCPJSYvkCWJ2Lj6Vmzc93WieHagLaK67Ni25JYS
FdsHEbeuLE5W7dcoPgmmcHRTcd2PaWb9BVnk6zhZC1VN
3HyhvuGyk4fPah2t6mcmY73TxoYEy51gWg4BLU9xYD8d
AH2hwPzEk6izWavSa2481MZpb2GCgjhHfneHyz7EmZSa
59Ju9SyPHXdSNWZ37WA7NYFbDeGPjE7R2hMJdVU2nGmC
QVABD9PcEEzs6UrAU23CbwDXpBN6EJqrn7g36i519qL
4CNiRnh5qN138Eb3aC1k3TbsNikLtarS21iKmbimWru9
D4eUJGqEgWETqQTMrdAd3CBo5AZPpQ5ADXgeP2XuTebp
2HQR7yANiZV6CSCt8avLPaZ2JqZUMtRgLYgCr2HUcaJV
Da3G6MjuGMTC949KNM11XaAGeYMBYsdQf74ydrST3yBR
FeFxUFpsShTBxLnLvAGnjwyQJpP8K6P1E35jdkjcEih6
4veKmwmSYMCLfwDMiSFFQCeHSp6De7VD8aaqQMEXoYWA
6T8BUMq885dtVXXjvBZXKxLA9R7nSWBTse7VdCef4hfR
ACbbN38w498YFu1dUcnmahWkJi2D3gAMRK1EW2R7eUhD
6QE2AUyhsPQ47ZfLXxz1iDgyX1hPZf3iPZXB5GiRwA7y
6DrVd44d5JDmZLhwxMn93yC9aPGYiBGGz8torsuqWYeQ
BPg56qLfyBrgt5X3SreWp7ANFqnXCyvBKF7FYQtmYLtY
8PDXznUE4XNQVqY58VVu6YqpUpGCTygUAjR9X5azdA7N
CKMAsLyipvSPrNGeZWdmq6fEpsVrRrYte2qfHf8Ff888
8WmLQu39Dgg6ox8nMZZXc8skbcbCakp7yKXiU3g72zth
FXq7ntxYLdwNdNSoK6KqP5wjw4QUuo9mz77MYDN9QNeZ
JCDETunhuS5oP5mtnQzGYntoSEH2y1xMU7XANdxGja6e
FoVNKCAgF1zSwNgJUzEvtfGLyZ9zGXcrEWTaDDHW4qkA
rbDbc7DX2ME8jQqJoGPsyv79E37DGEja29BY1Mq1nuJ
GdnP9hNzFrw86iCizDAiiPNB87ByK2w8o3GvukeQi8Qv
Dyv7dZcxCcpJAaQ8CyoimGZg5vDjdEkBRPaPAXz9ghRS
7XGZHonkp98sGfZXuPuKiUi8KKfr8czJuw1cboJTwiJw
CEo5Y5VNcqxMzTiu182svyqVyY8k37NcKHK3fUR7zDz7
9rs8CSjKYPg5ZuiJD1t1vFygbHsiSgFzvzbppFMhBdFw
A4y95vQEni8iDzAn6W2MuVadBPtWGrEyYKvrSqqaSc2A
73reRNtXJY4zhop83THNvpLWRKW7Vgy7x8WGwVPej6A2
Cib97HEeaR4uKZZP7G1ZmcuqgmVCb735E9Y7kojh6BSF
BrFPvefeV9e2WZo72Svt6iNaLjUjoPwFGz8NRyWM6A7C
F7pxXWtQbPSfeM14J6ygmnUnjofTqT8NCe1nXTQVHz62
3h4UCapnDZk1orW2boM6Ny7jqnnwTyRfUUD2pfBa3UWM
BMzqT19wUWdhzUSySs5X4H5MTUHzV4SiNFYAAhm48sbN
DKMGCFfD5rHZyhtUtYEqhJWcKftbVJyvrYbrJtU4aXmT
3a9bpkfwZgrPXNjWeSi9QVTzQhxXhBZ6oC8LeqPRLdCG
DjwXcsyEPPzuXwGwGL4Lcg89HSnJHJvv2L8tbyVw22AK
BAopfoZ6ZL5jKB6nRnXWXHWzcFuw2H3kSub2x1ZhVaxB
CT299C2LKWqfxw8jjEYetNfc81Teu9WViL4GCvWELnqT
Ektp35Mss3fTxo43e4EztzGW4UsLdX1qZqGTNTHxjk4q
DLBPLzDmPSA8vtWAMZjSEMBCMbdxDoeJi2AiBjmKCgFq
DpKE28S172fsq9uTwaFEvEjyDe3WX4xJK75uJNWg7a5A
5HEHGdfcekdGg7ZBgaiLk56oBVczBBJPBRV9revc8vx8
6hdWBbHzr44Cdtd9Gb7uVdw75xKV5cZyp7QUJ2KunDKM
HdDW2DYr1C3yX33X6MnT53kGAUJy9LFQEA4wiguDdNr
5wtHE3LnqyASp2VS2eA1xEL19EJ8fh1uBxwRdN8DYrmq
CaUo9ug9nPrZdrZRBw9wD3YtEcPzLtBbRJZkgKozDU6X
HMMpWuFRH8qHQeweisNmURjoRsiajpp1zta7oNeJYqt5
3f99NR2iMP4nssiiGpAjeyKH5tjwdmRHYdXqhhy6fnpB
74Gd61yADsVhAHdea2sz7YGN9hXguwf8UgDhrQSR5JZc
8spGywMZjhZxZnF8DgkEPPx17uaCfiCXAzJKs2g645S7
CvMhLhNeCbQaVFaqUvMWgcU1dDfskfe7FMfBCpQg1Ko5
Dx9E2m1p84ryeJWYwM4MHTTWEHLDYut34EFcjqTNc2uH
FohQezZagDeHJTuQtm7WUypBsWQVjjdcVptDfBmeAyHJ
75j4zk9QoqmYdg2uRwyEF3VxEhEsN5JGMuP4Bj5JD6a9
Gb2byfy5MjZn8rbPwzULHVW6u3rrDk1wy1UddzZYyCV5
AW3SNaf4F9NUHBhn7t6RjV5AgLJ6sqwLK9AWnQoTPU45
7b2tEfEq2Mf2X9Ziy8v4SZfifygPS49FCG36HPn97Nj3
CSgMWiFgnEgKim6mxr4VQsqVgrpY881De4CehzyMZDN1
5otJgwhf6W7eXjp8hJdGoU19UaQwetigo2yPSSkiLaoE
8zz283jxdP8xXbeY18UvjwHigT332YiPAkcWKzMqJBef
6NzUwEugPEQ1H6YGYpbjzTzXh1tGMDCrLEek5kmv8eqg
JB4xaH4ZDf1o3nXX2mZ2SwLPd1zqpLs5ZcP5d9hp8aDw
HrBGynWVVtLAFMY8D5k3FEwypKoGWh8m4gERH9YCbAKf
DhbQ2JdVH5fytT5ch6BPVWZYHWZJiXugHKvxZcbJzykA
5ji7e1wZ529Rm4ej34t2km2jupfdYaD5dfHrm2LzSvf9
E3j5stMawq7gfrszhHivhq6mrrzB1mahq1LNibge4yVA
GgyQKcRyP2hFNf6415YZ4tuzFpEnjkk2W66oCxuRJdZi
2Kp78nLeZtPpv1MZkVxrynPfdpBEbiAZqTAzrdHRTgjj
xeNuffrJzGjn7Q4vcpXNEa6pSsXHuDCDCSaTCVDcZGr
Gx2cWQpkjfrrHnGkX3g499TjXiHQCuMVNsnZ6HvYCi3i
5CH44Y6Z22i16gn4z3mgGs74jD3zLem18uvusauPUWET
69FDZC6pgAN979rfaYo11FeGN94646TrUNmkFJ4QwYnZ
5VT42XQQUm7gAYddVkY42oF777bCJ4i5R3sVE7QVDkRj
3gpoNdKGv54egkzMPJwCTxBZ6kVZZoiCNy63BvNHjHm9
Br6zxNF85TbuproUywmRh3mdnWLLqtRTNpdrUChHYqJs
GDi31V8YRE4a9o2jUmqWGtx7h6xVwRBR5tRqsMWEKHkC
Dsa4sSheXVL8keTxv4bhr2kUULzNxDZ5o1kqLFVQ7pWH
BbTxLRKpZd2DSN4RQus2F4s8ox1TyxciGuiAEWsK4e5e
CSMr88Tg8Rd6ZxG5BG1bpXkQJD4emGZ32dCQpYiEjP8n
FmvoUGgN91Dmxg5XBdhiqEDEqsgoG32qTa9vkpnBi8X1
BXoa9HyAmFSBBgVCzQh4adDVD54GueXmb4LqztPWZaP7
G3YSuAtKtbizM9MwpCvA2UA1W5ZtACdaWvcJW5x3Kxmp
GhdNQYLimHKYYUhf468PsaxebToo4SxehwVJKF4UPm4i
2oJfw892ecmjpTFrGiEZD8hCwvfZYmhRW4qwcdrtXeGe
AJFMDUUM4yDHze4DoqxyMgJmLfpyUH1x5ZMQxHZiXGb7
HtrFmS5J1ENSPBfPb1gDzuC7QsnuzsJXncy1PL8eYUxT
AbmNvS3z9YekJtkCtasGXKUs2gH5SJJ7vpGBZnPhcV9m
7hdsmLDp9tS1Ckk5nZdXXHZrnXCVz3fVY2gBMgr8VdfX
9bJJS6PYZCSM9U3TC5ft4dsEgDRybdHqrwsfpdS1hn2N
fHLVodysAwheHQhoqqLKMyY1FwESJAfPNitMz2vRjh7
Aq8RYdEqKroKU1QATLFoy6DAmznyLKKqDfn3RKCGeHCU
6FFsMbHEgmHPi6izsMGcHNc3HwzBYe8bd3ZzZbGVuqPY
52Qm4VigqU4tB8zEvFEAypyZVyC65dbivp8Zr7WKNoSC
AAKhZnR2UhdcJWHq9JT6nyNroFPaP7AyWwbNHtDEHvTQ
9omiJ5Asew3iUj5hnQMzB83odPxWZsHiD2pWk8tbRFMQ
9Em866qdyApMm9qrHcRDjBhavPw4Adz4FprcjXQht9Vs
GoKGjGL1VCWjixTBjEdWi8uXnUVptjtgmUHTaEG2PhPx
3kndrYrrequ3rY4BASLKtY7o9knT5Y9we6vYWe8gdoAm
CmkeFgbChuZVpx45FDgeEDnKL2CS6x7zyd9eQshykWqC
DY1danaZutKq82wjSQU49rksW97v8jtRmZGcnCKzeqjq
9ZLtTgeCXravnZMig9eLVkbVpvBfGDieW86rAdiGAP4
9tFEqJ5KZoJ6CZ4TLDftGovMFAT2ZuRFmYuzf9g4oukA
72mMm66XypDn5iPxs4on2Py3xX7E2KK8HXdWKcEPyHuV
78jNu1nzidkDR2pepFaU6XBk4FK7ho6BjXCP2tFMqHS5
64VMGRPGm2srbVucmoyYmoDQQjAq8wkUX9ihgLhV6N76
B1AtYoDLj2rLy199zx5Zs68iuNbZmbhDarHz1oWNAyBN
Fec1DPs2SWA7HYfu7BNP8reupQCUd4Kcfc7uLbHAQv1g
BWG3Gvr72bxPR6iLKchVmnqDAy5C82pa3qVDNLvahDh4
2uMtF1QTXNQe4cUwFq8UzKGjpfCJ7TQJNWq3xG1APjWJ
2wDxi7F1s2vv1TQ6oq1dWciNpzaXeDYrYjivbXs6psxA
9hCZoNwYp4Uxwrsi9ZnAQ9TyiZHLvjSHqTftQokRSMUS
H6PQmNSLpGokeV9cDwnvqFdgQBJoVMWcYr9Z9eLvFyeA
7EaeeF3yz8m3c5i1UUMhFZYeupbYbTvo5QKFFr3zwNrB
7kM8CRnGx16cKAGhh36HPdXTLQ5D6kFYa7xxQUTzKuh4
AXXnc1g5UywX37GPwW1G2YmwSpVjrQ3kTvnHjQjJs5JS
9EsQtAoLVL6bU4PnEttqMJMjbaBabDZ4JR2HJL4z8AbF
F8dXEMnn5hr6KZyqeNfy367SERMeVAHNrnFBC6SJrTik
GkpfxEg28TWuqT3QSfhqbcgANmgb1ArdUrQQr6FDFCW1
Hc3Rewrnd3bsTXMsHKNMnY1vgYbqqGyfPr9GfLCwbxon
J9FhQfdoMUq44BMQwTmeMGT9HpcuyTZJswsrWntnpMjC
5ouoGvv37qvCmob76Q7ykoafy15NCppa3YZK5HXBJez1
4Q4Px72ZhVKRNcf8BomxFWYAYEZWWutankTHp5qhX3me
5cEgvEjLvMSYHWuzXcXpc16FWHBMseZn9fnG5j3htbDA
GwuyjDcDt8Vqy81B12MdkVSx1ztxbYpUfw8w5yLF8vn6
BF5ayiU7fU3vgLNHPce2CSgw8MtBBYhSyiRs9xz9KaZZ
CnXEBNwVRhjQQWYQ11adVLbRG7VhapTURvrWDsMCXVri
AL2e52LPXDF8FURib9qEE3jUp4uZAStQtH6ADZKwxrQq
HidssjQ8jZCpW872UmBY2YrcPE5bS9zGA4zTgeKMMnT1
YTQYR4qRCTSzVXWhUtbfL2QHQkyAvWNPrcBZBfzeAqZ
3GrqW7PdbfGxYxxbZtNJUFHExUr85QHoT4dQEMQoG9Z3
AbHnPagZkiBVxzXQ6itws4cKJyirk29T8j2YL6J34X39
HzC8ErH3Z1DsWGceLiX6qmLkKijCbFPiVbzGFF574wPu
8k3KLEA1qNz8hUMjJ8tmcmT6DGrmPLVgmrcHdDSr51cC
5zvEdCfBWWYUVhhbJMzgVdNoVW27rATCbU8PAAyS2beU
Hv6G8o5C9WRF6Lymxvcw6fQWkp3rxFMo4kYzekkVgQw8
FsAKvY43KCvahvjEAjUiiUA5iaEHEyuXs1qC67tfESbw
C6A56eh5km6AVR62tyVPva5E8sNX5wDBRDdxip9HyjfU
9DXiSnM8A7zurJPjKZAyPMmCaTJgbeMziejb1hV5Gfbq
547wQmHaxND1jVGzWzXuuei1MaQmsJ5sbbpsuij5qAj8
A2pyr88eeNerv7K2K5LbiikmtwBTHptaCGEFWC8MgH63
C9w8XdprS2tkiQzoHUEzwzFCPArrm82hFa3w6BR2WtrM
2Uf6np5yK5HH5o4qiN8ois7Z2pzwqYwyUTeoYqyjevPX
BNUzHZ6ayTVi232zqhsmL4bGxhJTV2qKLdiTx3jMSB6c
GXEauZ8vNiD74r1Y6YP1xKCnnUfYnr9x2s3G7ZZVcTSA
G3PDe3NBRSLM1JES4Ryyi4QgudiQW5J2UAqxbNq4fbyj
3WwFiPYouW2zKcSyirvP2npCXoVVxDQYbb3VNF9tmEuK
9YrEsVcpU3UhYeRg2eTRt3VFXbR9MXSfQtvnzexeBLPN
CDq6LT1Apea7C7Zi5ci8gWXy3VeXd3jZpmfj3yjT8hR9
3yHTboSiqJWMFZ4YxdwmDE9pJbGT11wzCDCqXNd6TaDB
FL74QFx6MezNsEhLYfz6HkeoxPBKDKmuVFDdSqN5EXAR
DAS7oibcZfQFx8Ybq7d1SmbHkpqNfvesmr6Ha5xfBw6p
3cJCN6Up8C7UdnMxJLw21m1jJD8CkDiADSH6kQihRLkw
4o7qoZccuZSUj3hS9y96Yq7bcbVWM589curBeriopqBS
923fcsLioShfx9wmkejHpfjWMyyfUH5of4ZQhbhsptwp
DCMGDqgSrhP6hWzWhoNXskWWqK5PdqabuaWYD3FHTGLZ
Aoun4FVz2xSQ66ehTCajHYeQbF5B1dAX4NXPSiZksemQ
FULAv767KfWYxhpm2jUbqFXuYNSvqs7M3UR7w4VCe6hi
6jMhLzGZGFYbBZ3ku9HZVfeuLM7xvZgm95A23UU9Lhya
2NQzjLRkMN5YeJvZtLCJVLMijmva4xAW3AXrtyYfCT52
84pwAXHuefPxPpZ2FtoXxmDF16uc3o4t1EyduJokRfZL
6ov5T1kTDEopBR5hnAFnGYZQ98K55e9BXwmF2zAsTuLC
7ocA71hdQKzx6uhsvkRWadief2337qZy581Zf4HVtypo
DR6p8AQAB7hV5QxaQBo5f43ssDHrXayT1yRm2HR2EX9n
2yoQwrPCSRtCBhZFwJMqzizXVvtYijiz2EWzymXK7eHw
wJbfzW7syTKSUQU1xN3ixeFELevUxFbXRQAMsq7C4xE
5YfhbHbdNMH7sYAES3VUdRcGxgmEgo5F8rfoK7wETXKb
6wPoyeenEJNst72gKYgVHGoX64hx4nfuVK1ugi1XUkKP
GseNnDJ3GvXCQWGLuX2tgrPiGkF6hw2hAFfzo2ggXEKR
69TpoZaW4b2ojJGxj81Fd3pK8HbbXTao2iyRvk9nLo4Q
6Bd4eSmGJCdu32zZZQv16jqYjqrMMshA1ftCjHpCru2v
EPV8wmuVQoHrsVihAjMgCb3kvT3bNbmXhJfxNy4GZmcW
92pRsMEoGkDnXkZYDhLWvtptVqCmHF7hghSLZVe4xKVb
FbcgYvfjJuVDfgz5WYEJjrgEYsd4fmnsjN24XTwfPctV
8fcxguxFX8XVLaKQbX1ErY5pxNXa1UTbYTw5PvYm2ZVg
6MWCBnggDn7fzBAstczhpeccdmFiXnfWAbDs2q3dVADE
2CChhpioYiGcJX3jC63ETrZmyaJGwdzHMP4bYToFvM1R
EsHZLBf4Qm1V65RgKoKsiu93FrTjaYS1ZkFdTsYZJGnQ
BWgo2B9XYnvfF9eyzTAUHubwsJ4Cr5bmcJQC2PQ5LpSs
8K4AKxeefH3XNCZ1LAWF9Fp3tKD89uMWWk8Ve8RKW4cL
3du3RvdY5iwgxABfworGgCViEhGxxK8ZtpDYPQB65L5H
B9v9Ai2mxq98EdGh6hpLCiJoDi2RRrdvNe6PFnqi2x4k
FWHmZKKSLrgUYTx3ia3ZbB7VCreFpmgaqGKRxQtSHQh8
7b3zsDD6rfusaB2fhtrarFkhi6FNum9JfNUH9tffYVbw
CYvAp5XtRA7U4WyheWm5idRsvsDjnjSUyX5eeXyBdcRv
14Bz2eTtrmrVqsarEBqPPEmMZSdqcGAMCXDYuusrnyy5
FhU81nSvyK6Z4HSbgCHmBCPK4F1fMABQsVygceBGLxRZ
2r3e2d4xWUAJF93LAGhvx1SBN45DHJRxRgfvkfTeHk3L
4ZFGN3dpSbn9yaLRJHNQK6bEnoTbBqKoPuFr8kSDzLCa
EknfMThaGuTQUC32HjDM1Ew1QVeLcZhcTZshHbMMGsTF
DcxWX3NvdzzzTkpdBtVLPGYoGiD5tQyvxCtzv4QenUkV
EXLguho2vaw1hjvHfFVHpiPwao1R95cJjqX6yZiKaN3X
GYTd1k8UKJD6G8rY8YPNwmqMJbi3nUUQcakRGm77vwES
GGmnA7TqkxUmSWCi4MqGihQ98jXmz7aem3Ek4A4z1p34
AN4aZ955tNYn1xbZCDgL8FtVcLAeNjHVZXUvBeq7ekBw
GZMzBWnKKut31YsJp53dnhnQ3BV2sEzrDBio4MydUEfk
BPukK61ePyA4oAKKv2hgWa5exwfiL44DA29BF7rq2bDJ
BkBzgfSaSBd2kNnp7g1Pgp1QPaBBnwgbd9mvX393mYcj
Fe3jgLAAFnLg2a72N8V7Not6yeVppe5V3QnSb97J1X5i
3wZFTQTUcrDapxpebwG27RwQWXzhfJmjbp5ZqKs6JEVH
HT92mb7WeczgX8YYmY5FjcQ32yRNT9UdfveAdKLegwfv
Hu8EEJ6cfFRn2gtXukFeemPRPtzEvmEA4ubSFfBKENoC
DeERHyCKiWxUeUE1VHUZCzhyZMtDFaP1EeJ8T5KBKexu
BMnsGyWzJ9qgc13XJHTvQNARrKBUWNnAs13Xynjb5vkz
AswNbNd1coMfStAU8KLKoVZQ8rQaRjjTzLJ6pwEJyrLp
Ed79QW1SQHdqmZZnaGj5YSYJ4TwoptdDpU9N27VCQ7Kh
86gYWbaAiBp8ndeDEo9gYwhnZzW3f4jZVsP31U5HpFDr
47XjY7DpD8nRtSwxvnbNzJoueUjspwZyKoRQXsBY6bEt
DVgvXvUJxbJBhNRa8nXfJ4b9mQwNtLUZ3tHfEFry3LTF
HduhHFhdq5oquQ5FemkarqaKHod782M9GhRTEheZ8wSL
Gg2XLmgZQmYgQZxACcSZD3yHAfZzuD3BQokQHP4SKe6Z
VuPAXNPjj3Zgtu1hy6NVUfv7qRZBKsUddxQjpuxUNDc
GHoViGpLezdeSFaXcKxTegVfT3cvAb7YcrBYQHLBz3C5
7SmZGrCverD3z7Ph37gdth2T2d5sDLA9QT6KM4gywFeQ
7PVQ9wKbaP4fJ2YRZUnJAmb7MxxG9n1MMqMW2Phjya5x
4jJ5yKy17mQp9LxMXMtQpjY1GFRb7mCibr36jFx9NVNA
9PZQhZKrfFsg3kbByzZ3m2z6JN6NMUwaJi2VbeedDDXs
E8sGe71nZajKkmGWxuSDi1vawSKasPtKnnH3AY1m3YS8
9Kr53okErYzvwKuVKy9cRK1KMbD87UkS4USNWixEJHY9
HkqxBUnij1qh9kz3G9VmfjiQMbUY3WqgPVurQYHcvEDG
UDuZmWARYoYF7e8aEbSHQDiE8tKuMrKtWxJs9nvzrwa
AQQf3yzNnzSUXcGiZPuuBrazMSSQdARdRqnbGcVw1XxQ
C7CAEhdjVpS8bhVCEX6QwVLciJW8kjpo2nd7CxMmC8H7
CFLgGs9AwE2R1WKE3f4JbqvJZUTFCsyz59PwzfB3bMeJ
5cLJshmjiTtUx7WgDmuxbqAK8zF9fLwT9XzWJrALhvHu
HkSF92x2wBoDfT9M63DNt1TrRKEPiyV3z9xgxxed8NpG
8QRTG62tpvyRBhUotNyvB9ZfkKzrYEV8Ct6Myo35TjkS
23NAbC7wanQ8UDrPo3WySHPEyMJXLG7Ugx2JxLp1fegK
H4tcjxiYbKnVx2fwgxMFE1goy3FPfmVpAVU1m3Yb3zjW
5oksEAw25bz3SXbHgVwNNQHrJfQwUjatVZjNAQ75JqGM
7awZ7zwFLcEwoUjCofETo4FXfB3ihwQm6Ftia8FQCHi1
DeufYQBg1PV9gyx2yyShMs6mLD4eEkM2YGhXxY4XyWvN
F9Z5rZu66KnudKBKYJVB96Q7Swmpo877yY2nk8Cv4nwF
AaFpXhtLo5xqLp99mougLhakZo8GU66WWsoDUkj95dPr
B9zT7w8gqa2pDxuoCPNJPEwAfAoPSLAy9oPXhuv1RdK1
8kmA5iHDv5GahSfREkgsMXpfGfFzJvZhhkvHm8k5AAB1
93gZpSNxea7yaVsPfVqZutTBnpAVGDgonjE19R3zx6N5
9mhjjdqCwiVPZ7npfL5G7VxArqPUx7dPdEZGHEsZ1rab
6JNxi2qFQkcJzwp5euHWsz27qn6jyY3jNoVVnsUkekEy
9YCMSkum6b2vcnwXbB7wPskpXGtzpEGzFE7RB9DxmSQ1
7oY3GWKyP2M4qqmEeKGMmhzV41DSnx13ZNkn5nUzfCgU
Cu8hJzgE1k2jxVSQ6KMRZkTKEdxs4n5PN1eHjCU9oGv7
FufTmQHdG1qy2DtXU2yghWcBxfDtmXiGRx6VG3JRwhSH
8nX2Wepz8mLqKkUjEkXAVZiDWdTTTgQ4cJXbyN722HQg
7z9qH2GWt46qaP6sgJ3kMKtUVtwjyh6gjySKWPJ8LdDW
A7RdYTFtQkwF99DgYp8AFVXaPKaB82cGhWAugL4dcAYM
Bjqh4f3vEDth8XDdavWoJ18d8qbhMtW3MWhXgmWGqtZV
HowMi3q6mp6UxWzg5CxvtGwXaVDWDmxRNr1386WBvgrS
DHC7YnQGEs48yknJh6PzStxFPk3twPbnAPWmAaaNFP8i
4iy8YgNSxrLhgxZDDfETGu7jDm9C62DUL25ZyDU8vGFu
GXRhyrq5356NVzppdkg2EWDMzDic9UpqMieXmoJFkQ84
HNg2Shmp6r2zCb2t2tL74j14DaSt52mpe86HxMewreTY
A2kZZ5ZfxHCSjWCD5sUL4kXz2nzgchG3rFK7SDDHZxyN
DaWd8Lo2wBYhE4CMua9dd1GpVcTT4rW2ynt5Yve5wypz
Gv4Vm7rSekta2wVsubnt3djgpATKctjXeNgyXT8skBM9
GHoXYut4u4hvbG2G64rdgYTdrNqUYAovEzLxP1rEHTwQ
Aza9WZqhr5WsA9aUvuyusFmdcYRYhmjJufckfEkSepbj
CnPDJ4zH3KkKe8CgaXusXzQgsvob2eAo2ezCEv7KA3rf
5RrbmFYzgx5oSEbBA3YGAuT6sxEJaGWaj6c9SGR5Wmq7
HGEqq5Xb9gdbo5QTEy5V9UFSDbiUn3HbMfgR7vNWJ78t
DuSuvk6CMqpMWzTM2zsuHrx1YxYWHzXu4hzZ4xgLrKes
2PjZj1FeiUYxFkQb6NqhU8P5MiP9Yb8UQK1DFhCc7BNw
HZcCE8DwhtCeNdfgc3XmmXiwMeDMb94LRS8b8KymhXCH
BaQ3cVFmBDwCcbBrCJdASQSe3AbbKC5jUH9CtBHvSSSb
9wHtXbLB5R9PWuXzNCRbDCKDpg7onDEGpTbzS2wS5hHn
6fm2zY8ggddnPJcoKQzNZyhGgQ6zqp72JjUwhjnjRKCn
92Uk373GwAxSrnQAQVk6QLY54KRq6jWEZ9TAvCkGcqyB
2apY8yYqHzshM2bruDEhpjFKuNRUZ6Kj44ybdj8LKCfd
3HxAV4dfU8vfb2AkrzNdKhk25BZrBiu8KEkrGLGW9gk2
6ZtRpjxYLSqPi3C7cDueoibmTD3VoDQ6QFj53QLc5CXE
AfZs8qeDwfbMi6no5FKfwhysvbkjBQxrdeifwnt3jqcc
5GxsR9QVKG2Lc8nsguS3MfNZeR8hpcRuPLKhKGodvq6d
Gu15nq3DwoxGRTtyAGz5YV2hxwSBxLwyKdXeTJqt77Q8
FbPQaiWD17i4YFWDRnKDgrnZSvL4XWxcDoZoM3JPydUz
Hdqm9NAxRPYrMsrt9je326ZGzqJAvxgw11T8jFEPvP3v
4XE634TYSFV58vpsXSXdCUpUUenp2uBdJeWxi32tNcfW
442vCFuxVJgX1A8cNscK21fdHjcDyvNTE58skHA6uoXs
BSnSA3RSWpkHFbUXWURJXthv8rYx1mpEAGm9jsFQVg2n
Anphr288izhJ3zRw7ViTBKn2hbaHyY5P7W2qKuVqvymB
5qH2nXcUV7ZWZpfeXEiMhNEUJkJGTfwWJ5ZbVo1dVVUY
7Z9FxYZsfhZDpWueQZmuhkria34xUEsNGAf6kjKPkGKp
4dh5mGpeTdb9HtExfXZUw56rsoz7ChSHLH24zrd7EaXm
Gyx9f9dc8KBi2dxhHNV9w1AN2HCXAVvUQLHYkEtGQD3N
G1k1XHC64PJhWFYQeNJ5MbjtqqTu8UFAiqSaJZnZvdDc
EJK7FJpzua2n8EkKJWyqk3oveX5g9oBh8jfwdmRbEbFq
9LzWEET51htEzvAyDD1bBpPa9ExRSCVr1GWcTafJZ6Fr
7vRsiTHGhEUwrtkMkx5V1Y9jPwMjxn2gUvYFRpqW5sN2
FpFEvr7qrXdgugCbMdcXisr8FhMqhm32RadBR4AsP3s1
CCkBbd4KCqjY81HF88BUGRgf2gArvnMfRzXRRiNJY1NG
EtyXQf7aNGU1YAT6VoX6JSijrULQtYMgeH7WZ7Q4xV3d
39tXMynvq4xT8wf7wdgwYTd3ABcuby5RkAoFksRkhuiD
7KvTN3Yr2Yrze6mQvQoRBCYozCd8ASKRYvfFrq39rqFD
EuUHrhBVj6uQ5qXNR1Q5Pc2iMTBAEFvqLDXXUarCPqWq
AoZYvJA5YNwhp42bRFgvJRXDVzHRzP6bkJneZ3xLa57T
jxEn5cNGeN7HGdH5y13A5UsT474oULMUYQ2iGxVztXA
AZcJGyfW3KoVja1oDaB4jMyZeGYgWdvqkC5B1QRrLgDF
54bie6WUDLT4VHo7KVW4pXra7QnbmuP8ZChJQfJCHjfV
4pPEq1r2f2vpzy7Zth8juDvtYnWtLrqRY7esUYHkuowE
5apL1So1TUvURq46HtKfqFehNHGBa2remswJ3i1hZuFF
2g2V9uiQGfEWwLkJHykqdVdH8FmR3kZ4vS9mXdokUXJE
iaXJgr6WpfUbLRixEk41RXnzMfnSRMVi62iXThQbRGj
7LtExf7yzpxXFpGMdLbirMm6nxKgPvdaxwrDxr9tXnsQ
BSG5aDkC7onzGEvTFsYBAgox4GnLfs3maLiHPXHbRhqp
6CCQPuaGBDomjpECzr9Yw2uowV7g9dzZ7EDcPdUv1LD2
3uF1MdXmSHC5BabmtykpgmRP8miSmpL5EnW6cHMQShAj
GP86HTMBedhkdNbucpXwLshCg8eJZZzZdPcUWbFbjYUY
GQeg2bBkjj46uizJ4CXgEHF1RiF36XaZnqCTtSMQ4r1u
9qWLudCd8ADgcZTN5Kxpen1dgGVKocSYQ6oVWhSPstg4
47YbxAq86gpF2ndWNN289n19nnjqKKbjbabREqbKxqfK
5psXPyLbXkfRkCoHxvfD7yRHyPkHyGH3WgBhKS9sGqDK
CmkoqxQuVcomsRh7jJtoEciG8hdDQYrbe4XmeftkV9BF
7HpktLdufRq7vLWnN2xcWwZ8BpKQgSERm18q5eXxGCCx
C4D1BfjynfZBJbdUB5EcUvGKYNgY6nehU9Z5TNjZ86Uu
8XZM99cSNGR2sTcFKRJk9tXgFppJ4LMo2365UYEY4R46
8H4ETctti3myfhyGwx4fqh3ih15D9KdmtHDz2DDjfVNz
GPipztZMgqZHW4d3nasLAsbmHz5x5xwzArG9Zr1kTML4
GCXrWudDkDpkGPdFH3bxUzWQfXcPv5q2to183AQNKam7
6kcP9Mg9NjiE9Ysk5hndWnSAt5irLjiEaPvSNVoMx5S8
5oB8WfZTrZc8hzKvM8n37jbBdKU6bfez5PEjAygbPmyx
4dby9AiZg6wLNZXdN2wnxH5yjtMvseG3t3HVC9DPeRrE
FFxQyiu2xUM3gysQK4FyKKPLkhb4MBbn8SuxK6B6bwAQ
5GhsXquxeakVNcrsRzg1hWsMgNKfJRy5ZXMcXrcczEZM
89sziyqJ294F1fKetCizdKHcN4NHu8z6ohqf3ZhEsBSH
Cph4aTyVSTCxbp2zd3uC17rx3LEVtZKmVu5T2rFM1Fy1
i4Zi4LpVQtb6jbQJLWWF3vtC7CWUjACFJ1ZkujYTyf8
2hWp4dQgHZA8V7S2WHzwvDcvU24h6jGpcAWgbyARm38C
3dVvUyWdYZaVvZUqrEugSgm325j3z1tPSfQadVuTXeMS
CP2snMTiLxrjtg7j4fWq6XFBLHfNskJMkjFhQs2tXE2M
7sv8z2ceZSYVq2FEwbKEsLcepBvdAtczrFu12wEhaGUD
7ptB4nw7Y1D98KYFqL6YFBGC7qEFuPXJKfTq8YfgPQZK
FEWaafC8SkQP7ThfTPkPgmLETXq4DjKZrjMe66TG2Hu8
AF2b7TKWVMqDDYZHSwaBbkNGbFx7xA9TqmwAiPDi5MQb
G2BMTW2m6u8ptVmr4d7Y3C8LaUGJNdSPPfRCcYw8FBK6
9SQ3i3rjb51boiaaEVq2T7ZN9CUUKwUoP43rSY3CUbU1
5DgKfCxa1gJZ2aXTyvt8t3doTv9Z8BwnNcaEA8Ugd2Yw
43Mnr985d4nivJFTqBi2m9o4aE9Q4WC2wvgZ2RWKnyuX
8rXL3yffv2k1LNWTC6L3gHSCt77SyZa6rPwX3oDpMmKM
85JrDJtcANCx2d7HaGYqhCPfd5Mgwzqy7F2UD1KcEAi1
DSe3bmQm19qPeKRbeCCTinxzS1exYTiHC4rG8F4X9xf5
2CFN8idJCeb2R7SkjBKshnRJs2qSadW1QxMymL6s3uRn
FGHqWttrAiGGX883xZReJh8zwUN5FJTzSiUSL1kNJYMu
DmMocagw5GWCveNyXcWrmSYuCtJg2vJQ69o5hLgziPUd
8w4ymVGLHDHGkvN9Q88xMee9yAXAUZ82rYz4DcMhLA1d
HPQ8Ag1zoWXgit9eLXvi5QuZXBVsKf5jr4u49Y5ZjqLu
DCvNPjvQaqBNegfJZxwpUoW6N88gScEtWM2JRQuSdJ21
8vGrRAgc47umcdy1fLuEQSgzMeUHGGHMVaFeGBxq8ohM
HjzaaypjYtB6gzjGPxFX6S5atZzAMKSiYy4SK37Dv7K8
3pBpFLuv76pH6c3LcGRhTEncgKkgtWocJCYi3W8fUYGv
4qrb2nokc1VdFmnoPciZMwN4pBGHL7AQtoPTmbRYmpT1
6JSdzkD4yzpVduuK2PKqMmzR1WfqrJxDf9dYh6KUtixx
5f9wcBZLb5ofHBNQkU6voMdUCR3FsgUk7LzKbGA2aZj8
9zyRakqHtPKqwKcLcU4c25aCBTfPwiyxxu3U1pKESwPp
FtbsYHVM9gVpnnnPHXqJ1ARyv7EQipvc3PLTdbSSY1Wc
5ZcAE972najhj5qahhKEpftyP6hmwUD6rpKuEd5Kmb85
Fv7ECnVY2ihFhNpnsw5UT2gnEzcBgVUmqZgmWPzohuxL
BbPgGzRaxYNgSCoaLiFZWdTSAHBZN2hPR2PoCYT2EeU8
6YGRsPBNRiEHAm4JfQvmZZHT6etLXCKBvA3hJ3a4FmjS
4AAuuscpVXTqLEhqcZMeHReHWLGEE3WqayS2eXRSYTAX
Dndx9LnQSJsyk1hRkFD2jBEwUVr6528WqyPEZm3sfKiU
Emnba7DbKLdVbs5WmwfcKivCd88U9twH6JpUuXSrmCFg
7tqFhLcMCJWgWUsfPA3XKg1zqKKwa1vjM1aFzpQ5zFfY
HcFhmon1JBqDTVjsXwLr1akAj7mRrb57RJnW3jvQyYoq
64vgbdcAE2vT8VEZH3jqeP29ahv2uAgvtoyyWzhAdPSx
5B8NurdPByEHqc8FHZsHunNvThcviZMn1ueKJwqQPLta
ApvKveJbaeHho9sqpTTaoPiUJEE5LxMhWBqS3BZTLWCw
B2WaTTSNdv29XZ261VvphiZZFCicgCXh8JyVvURfeRiE
939EPX3UHKVxjRrYwpbJUEy76dRyFnYWLSzfpXFRpXj9
CT8PjyiDjBqq32NRwPtagVxzizBA1aNPfkWMWv48fBBh
68yYXrmd5uHcWXbw2QTJEAqYcMrAiGYF5LdwRsREsh5A
2ur4B1XAXMeHRurUemG6TLSSZTXBSLoaW3wnFivyt4xp
2FivmiRztdA35WWPFC1xk4TrCYyFFBgCmmP9Xzi51Vf2
6GhJPuR9ejFJWBGfVopsL9WYAcDBKjwSup7ojRhSsf3s
4x8bXBj5268YjBniasD8EcrXCEUy2xuGXbs6KJWdhsqF
9NommwCTSj9XFvPrs19XvqfUQDDWq6XSynQ8MyJf2zzM
2Pfeua7adwRDKzeTyF214smUFKMbrbChHG9yJQ9MFFjy
9C7s9ajVwPBK1fk65Rv3zbSiBxPcFpbwFYq6Yx3r9dLY
ACjP2c4wZBj95i9Wnb3Kc2qfYAWtNPXvh5gMSYWcjZYX
14Uxp9r6uVkZJx67wsh2Ftm7a6mkzNw74FkUYeMTes7w
2uqnwV6xpAgKtxzmQtXeAFecqV4dRt3xj6GT7wAMW9Vp
7Ywfg5EpdsFPL2JStCCVCDQreSNVrsG9TqtUccbxXg25
2GQDgZDfc8KhHdnzsRPaHRnFfyExjiZRLCgX7TZwwkBn
hJ1UpeaycX9o4Jv16ydSGUP4n76uYJuqPYp3Zqe2WGM
U9rpPLBav5BVfamCLCAq6ZZo3r3zmKwpbccgS9UeiBL
2uHLJgZx9J1JeaSgJhZk5V4M5RtWXyFfmmejDSzcRBqU
C1o6rcpVsm6DvwFkTewVHcLWAbFJateEc1GFMEfd5qGo
HzSePT6t86ExPziAWpwdGAbtxK8nMgiZVzPMPmg1mGLV
J7q5UHCrzzv8edM3jc8iJSxbLNUWHeCJHBLoNWsCbyJy
nTty9gpBoWXfrZbRf1u1eERLV6DRxYAo62tyeB51TXc
GcZkZFnJDYE9cqLQpxeLcLXpyA3uXNd3mTJ2ntQECdEp
9FJrEgznrChDFw56QewHLYhijgEYv9CZynrKjJnP6Lcv
DG88H9hQTWAZndbmrih2zkzkX4JQA1FPyWk5S9m9wzGL
88aRK9Q1A4SjTG16T3VmdBn96vH1SUTcYdiNXmKwqEdN
DpfYr1EB2qY6567YyM9HxC3wNPSjzKXEeNKj7KJwUdHH
DMwXvZwyEJNiA7h6ikh86XhDDfcsjaHaPKC99vUQScUj
Fvg336H9QPCUUu7rQXE7gQ2gyi9WzfqCtVV3c6KdknvG
8LZCpsfoH5WKoZhgfBpcnFwEPheudajerxmExpTbqELG
BHa5EQw3EFh2NAjwJFuUJhrvUmCYM5Hjtu5sUnHvwKok
AppMksqv711iLyxSLcJmgeMF8zbQbRypGB6VN6FWHRtv
ExCvw8fteWAPc7Tyq6MMySr1JytKfPKD1rL8e3RGiCwL
6NjV35SzfYw14dFjPMThP5C6MYy4nW9yHYLVsM1R86Ed
C1rHgoegjWQjB7vxgfod8rYWgHDKXwUYhEP4cNE4sptD
CzZqNyJNnxTvSPUuak7kKpoi5j2A2tw2qCD9oXxmdzgP
9jr2ihksv3EJqiTT9LEi78mBbyk81NQVoEKkGKroZnQe
56wCxxaoNEYpRU7nCUJWcKWy4JQp5WZZ6MD8bbhR8VsF
9DmtoJgHbCXbm4AsPkp9c6jcYczwRKeR8SxyUghg6FWy
GK1N4fVEd6NWe5jt25cZ6BVekrszSGEqGZs2i5J8h8DF
J3HAsgmmHj852n7VQn1CwEXm4wMeuWBzB3V5BuvXHZaG
CkGfNfX1mwttAWVRXqbbWKdKyajSVgqKJJHLxJqGaLB4
EeB1LiGkPTVuu1swN4bgQenr97x9W6kLfSeNH4D4HMQV
Dxj57hCNco6hr1rMeP2sTmNhRNdURdnScu6LvCpeaHEx
2qvtiVKMorU49ohwWGHXq3FdPzHMkY8K1w9otFAV5Cu7
AAJopmx3sHQhMz2g1YCKiKBGRTw8i3i6vhsQdzc1g6Ev
6R9Wc8r7nvUsDsWSjjZY9u5UGFbzt6SxDKUKKiqpqYsr
a5HnKB6n6dB3j8hGu23pocbYoEr1suhncQuBW9SWD84
9dYsdDdiKubaU5zpcFMp8Cj8KNGzqH6zq3a9DBFf5LGs
88iTxK6XGVo9Hb1Bj8u1NCW6znh9NRMAmBLzUFXtXrzU
HpdHqDrRoY79zQUdqSRmGB7YrZpyPV7YWRSVcMCBRZ2C
BVDhzqMrrvbowX3vePnoLpoUaPnhLonAcsUZWVBBuYKn
9bYsgjQ7UxLrjttFttFjo7n8eSqSmgW3ZnKSAaRRmmtb
9GnmCgeEQ1oQA1RDpSVP4ZSHgGWCzbs45Mz5JY71dYB4
DBCvrTmYRrfkLHs9pRGstVBQ2bEQczZfapMtv65kAqsw
Cg6du6uJCUAiyTxZs4uLoxdCwVepjMcVC6K4aa6iXoGi
BQz2X6HAVC6XrXJNXcymLY6GizcgxW8Ku5J8a5kSxjFz
6sVnv8EQJ6Rn7Xs2hiiSJKaqdk1q69HNr7Z4GygchqHN
3YNHREUnqk6ggpHwFi95k2L47dCaEM3Y9n3MgXq5vznM
FyLZV98nThqgE5noyUcDc2hNiCvZusf44eRHhdMLDYTr
9V4fpQPvWqC6HpdSxcVYvaCyjvNMNsfDJo8Rykx5as2T
5o3CQB7rRnwNn5ebtn6Z5Cr1JED7HBgA3wwXcxYiVV1f
7mhrJwuDozGvUh7sk8EGd7upJoeMi6BUrP2x4qrBwgVx
8JqT3GBoWBxSMCpxkZfKpoTdGG3ni1oezDij4pLR7Fm8
EkXG5bXTB2kaALw687rA9w1vobfrTU7RPJsBumz52VLu
75YiSdsiD71fw68wfBquk9eD1YDUfdf618sUynjASTEa
HJs19nuDBCWQypmzLVC5w7j9wECssKJ7UbxFQWwXjKfh
Dt5qDT5jsjdFEDo5AGkYoDHtNYJFvromBq2mVz39URBF
7TXRbmXxBzWA4jCoH2uTrt7gTCSEVVKLzuYAZZLPfyeX
FfWXSLDRJ4pBs5VzS5A1AmmMgg8C8NjNArtDdiMkc7pY
HpHdXmFw9tVwVofNnjtoCoXMhZ2EkhRVRfeL68qj5A6R
8S7b68mJ2fdwPvFo5xgsK8vFc8gUz71xfu95WLai7Ruz
4DMzMu2DvoJqHrPse1fxWR53nMTSpkxFuSCTTVPzw6pQ
FDhZzRpeJ12roYkPcC3hm3xYGwH25LJL29UEQsatK71H
H5cRZFPqQsS8cNMCp9wVDK4mtdpgRHe1kEwLzH5xmpXM
AXxv8WWXHDScRcLc7tz2uECYWJuhFqJFGMCqHP5ERPdT
9uxcYMLeeWR1cFzDzhdBVbEBny6aAgogscLQvjBUnK15
65oBjhcncEDVnNX2tY8SYhegvAmm7yQhVeWD8Q8Ez1wc
HBTi6pk9vD3Nj7BcQXzJBQeJmmRtwi9osUKercXnsE15
5DMxPujwe8tK7arwMNtASVzmb2iBeyGGQ8ATeNQPiTgA
FxCZ9Nm6Uhh5fNHt8NzXYg6Vh5aKjzRgwSuY18hejSad
GamXJg3GKNvK9nPb1qiqnERgpdbftXM4LHqDV4yS9s5K
AwGbbjwwZicDyLXUbRRDQ27hDUUabmyFpR7z26Z23qry
2csmrCmpt81NuRiCuWn83uY74HPHfumqgVFCjcEwyNQm
H4yqRWq9JomejnwrEmJVKhb7Naf1jif1936YCBrVt4sL
Dn2uBhahStMbK4wGhBP3fVYmd4ES4WEMv4FMrWr91xAA
9tyLqiC6DL75xgnuiK4WQjCZB3RacoQSCD6tVTDn5H1c
AKnQCpiFV6XAGrSDQa6qtHzSXNeRJsHA57vWPd8iY158
BcHzLrygtjkK1UK3Lxfy9BaRFSvL494mF8SuXWrLFCcx
8bztT5ZUeeCjaLkapgMAatk4YBQRJTouP3BJ9u4Bgci8
89MniHLKpVma8X3pSBeAJzh1rC1r8ni43LLtNbKmFSBw
F9rFS15g7WynC8nZzSUWGEMrEPZxgjj7zYQQdwXahyrb
4vNUbw6GxiXmTKzN11AoDpnAy4sejTWQE9aZm9RzwCZ9
8mMasbTNkeSGrjytQSwshGnqEx5KisemnutsfAwByqv9
3vkEnyMbi7N3JR2aqQm4VP9Co7ywV9HsHvpiVquR8wCS
7755sJN4r57fwiVsaytPKYXsN2c6SVHQAQhbp785tXki
83XTvfFdkvC55x3rx9AHfD7gatsMHFbQbLQhHhdQ9AHc
7NQUR3wBSXEfajFoNwKkMWD95QvthRjxtsfbaeJLB2m6
3L9YD2NFNaMoppehRUD7uK7fH7YnqfTTxSg91RgqoBRz
9MumLbgkaE5JF1ovf4w27ZLthb2bvsrHHbioesNZ7cGy
GgfvD4AmVeqvtfjMXiBKpdDzwguKfuaGg5FczZogAXYi
BhEHXw5XCmhWsLubR9gMMuDE97jWxnbnM2Zivs2DjkBy
A8Ti9322mfCbTzqk6iChM8jersUQizXDGhUnLmPr4eeA
GLLA2BVZnknoMoxQubaLFjkRWEova91rhWg21kiXjrJK
HHgCJU9dpDNz3mAhyjuZNhvaxSHR83oymY52utzAsx55
84zH9Me6AchzKi8Z7qBD4cA9VAcWzQ8GFejXyHcJZVXm
FZpfBJm31wzBm7rr3TpAfZ1y5EiYXzPScZ9XuukndS3U
8QiB6rkT7o8C3mqFWrZhxoQxDKcmiizrMVmhU7ACLEZr
7rgu8UdT2v2ukTyVHH8eNYHGPdVwG1jqe6iQfMad8w66
DRtF7arQtigN2PvzSD4ZM7zrrogApcJwC3DX21sPVmio
8puvJVkPhuQzU7TfuDa7WRzeYShA98A3BdgH5CBn38oH
CtXTdADR1BqDjorwYDwLjh6LDcNSJbMhQqmicTUbLheR
h9gjsurB5ZYbYKTsNyz2WsZD7s5UMZf2sLqP9uKfWYY
5AE2ou3HXDsGpENyj4g8vy1VcT7ZWrLPUUZU1d4asY6w
2LTYNiu61NAf3U1ut3FhRDmuE5Ca6hZGuhWMVfNCsd5D
CuwDCG1CtQ3UADXGog24AoHkdyacerjW9s45w1xC5uvJ
B73m8Wqv4EUr3GEUUMy91ozogtyLSCwb9TdC2WKseUu5
C2wktpBX56EubzksxrVjWXjTuBg616iriMaj9eawNo3
5mWnqcqsTyWXdGoXrGkj1GvYLEGWzkQHQV5ojmoYURm6
81SvExhjUK7AuMwkLttrKYgEiUfjYfnRFoyzEg6CGksv
56WeBk5SNopFuXyTDw2iiXzPKCopCWKsASB8iTRV36ZL
5qoUf2RfyCPxvpdZpGsWFqNksegMt8PHPhuBrDZDSnax
3TLitoQGJNeamSAXsNDavRStgysHdMHwPEnyhC6mH55A
ApWHfvZhicNtsMTUvHjKd4kvu1CTAt42Ew9ixkdtHKpp
ByXDq3rvThxHepLfanK5Ug8SDtLbBxodyVNx1wayLgSx
ExL9GhUPdVuvJwEzk2ZosvaeaN5CePp6nttGVDfPuF5K
EW9QNMey8fhVdwTWfvxA3Jvhd2762oDjjiq8otP3yXLk
2kCUhvDvRZtzs5adQKugCTRw1q14KkSPAnvbTXWfmAXX
3Hd1WcZmff5JHX9QJQ43JoLvu81mDavjGT4M3qv9N2Fg
3fbKkk8jJwpgvk28LUmshBXr2dS3fZu45i4mRdavcJTY
Dohtqq6KhQKma6LELXa1WAyJ31V1emMTb4tPt4DbH1TU
BoS4xGiUJ2HwCodyCPVoVWhQcfTVaJ3vvQxrU5GAx5LB
QJkZ7wpedhFXgj4r7QmNWacuXofy86sgb8s7dAZ8VQx
FDvWNnsKfRwNRtSfYPWFVCbFAF4YW2jAqfGhzsLBTpij
CqPAQgk37QBoZFZHNCMDLXx4MvP387U3s8KBPQX2zH5w
6PpnwYeVGAZ85ZwZppdyAeeWzCDQGvdHexh6xPzwiwYV
268HSWukJj25uvsJvaBx1QXCWk6RzsZcJyPhLYLt15hG
D7THHszVADT4vy5M6y75xqa3CBUWC7tEZnEZ4s2WaDJF
3yzQczM5sHifv3bbYbpqCHZ2kVWjSChYZ4zkeh5aiiGb
257AfsGYstNubH6aKS6nwz93wZhA3geXNJfTdP4PX5HE
7icsw5VLisa5YmPcrR9mba1THgCsUdV8kupuA86wuDj1
DQsu6qMzhuQ9mEZCJRdY1a7bGh9FqMEbujxi7rCjJuk7
FMv4AZtJiZPP46UkNBy8cBiQPvQuQJBYTLhMA47Q6WsY
oeFpcZjJXVqyubJPxXhanrhhFF2w3hdFe6V6db697ME
9Z5N9QvKJ1zUp7NkT8eCF9qLnnhv2fxmRpymAuRzdpUE
ECeVb9PHSZ5XUDWaD7yfZs6jWysyzEctZES68fS2RRmz
G7LXeRKv3CYph1qkRurgNuvDkoVQ2EKWVBNmgDaKpnkT
CoCJQpSfxGjs4EBm7p7XtSrcfjkS5nv5Xi7GTFwfL1ft
34kuyXM74qxgabKdVGR6odS8iGFqmjJ7KZusSqn5crcA
8Zu7hbvmwdKEELpr9qMa2Wv813kkmD5gKTgQKApwVAw7
78Xy3s3abQetPNAwYhrp8LdNxRWgcQkc9CQPwg2nJooL
7AsirBRc9WejRGV5ePRjXAJtukf1AbJPq19FiJ3ypmEu
E2RBvud1VS3K5g1CRtNbVJMYDz5GvPh2hdKJHCyU8TvA
FV3ZBSSePPz1wjtk7enkrAtsQuCJnJL2dQ2KKXQCo2Va
4tonsNp46eGNqTq943w8qeGRk1FVG79EpLi8Xb3D5Xt8
9hPQtaJNgrfinsRxc99fZYbdoRzYqpYdp5yVrA2brTWo
mQhoZSaP4bmmRAzCSCCkaWRzsUq17eYUS1JhKThYpju
AXVkZWCKSRddQE4deyMgrgj799MsEamfFbL39kspsbbS
HRELaGaFhJmvCVymsp3kKBYZgcgKixSjnw1RdYZxQPgC
374eTCCsDXbs8xR4zsagmj8Wc5TMRTouHWcAiRSfPU8m
FGW5j9XnRazPri4eEPQHni7qKm1D6GXE7e2yVtU3zQx
FTLBxuazTrbjffxDBoz34SmnQS4EwFhmygvhVi1aQ9WY
BZpGM1wRAeFCVsNjDBtBss62GSNhX1obX8TZzBXJAkce
DpAsy91xtZQ9fUgv85vdu8BAmk5VPRoh5u3wo61gxufr
DsLdSAX2nnLkwSyn3airruvWfn9rqpoN6voK1rwDja42
9feiFiLYJKssgtLV72151q5MnGQpovnFczjt5eRMt7rw
8ffGc1eDvGHKPWFDLnJXakzDZsTPPqwp3qtgHHxQTc1K
AKnoBF4aVeqp9YWGDNVZjAkgPMpMs7LH3SPtFpT7h8uU
FccwEuL9b2eFWdgWFwNuPz8eR9cGNojpxpnvGpRKtLVa
E4BM7zqQzc698x8yXgMBMpUNAxAKdCLvVncn7sdn7zYX
4vt71ffr9FFW8aAVLGRvTJmztdALVHBnDi8NPupTn92E
9RApJiCxmG6DKHxHPFgNp85s7RNLo7QqXrmRMf5WPLc5
B9cr3KZTTtApbDeouUVJvFoM3yxFXvAzb9YyF8RqvWEX
7bnbLDGf7YyZqqSvbmkxnm1YrdoHHxVi6vB6tCPg5PH7
EgGmikX63RszvKwceUgDWxfaK4KorJw7ETcWoDpQnD2o
Rc3TsRGBh1tFPxBaTiz2Acw3KyZFHTaCHfgv8NbXMD1
HgYLFixoEEM9x6b974TsUsJiYFTPHTJozFf76Z6xpuQr
EU78m3WNSuq5AX8z1LRzK8veqpc5VfiGrWWQwgMNm1hJ
83sAAZmLKzyw1kL11eL2K475BTpCL7uQmmPHCL83zXTT
7BWz7evpZaAsypQDBzCiE24QdGEUtVZrBJe3JjKxHGbb
G5FurMv6uSR3rTTfsZvccwM7dGXxhief32YB66fgkFmR
58zaqCwa8vfBWapLvC3eToaS6ydt8x7REbZ2Ck7s1Smq
EXSqmJNC9KjS46YhTSqKdGVG56Wv2yPQnnJPJ7V8Ahrr
5x8Y1zmAGa8oZiUg2YNZD1dQ9SJRZH5TjzJAPJ5MfToA
ERyCz7G3m5oGL8T9Bvtzm8HkTvq1EtCr3qdwDAJJUqtD
A6tzbQfDxQP3ve9PWg6FJrPcZspXm28iYwp8tFRC7iz8
6tG29B4RiGcjBYUyxCTsSafuZ2xs4CHs1cc88ou6amfi
FYCPZyJ731uuoLVnc3QbfFs9M2ztQKzsz5HU7DFQk2LF
9q27P75ir6nC2H7XPzrpNEJEkZ6v7gKk4ePiimccDzGm
9Q7LTS2oHbiNGr9teybVTAE1DbrbqEvmndgnAqsYCWSD
AAeimehaZmbGvpvaP6jVEac5cr3TLjZ5ZnQDqEnhRHAf
EbqF5xtPqDYzTGHLw98tfPvFfWMb1Uz6YmsLekMgUnqn
5koXERt2KL8A1MN293MN1N244e6rjhNYkeqLL1vgDfgg
7nLini4BEHBozoqYqgUkMeFVNuXgJ7Y1tTMM2WSJDFN1
6eGKWHdw8xYTAtebbdiSaeAbZwLVfV1jknPZoSjXXfy3
J9XyPUGVoyiCX6t9j8hkZPH6849ur7GGET2VzYYRzDaP
6rfDKYB4hPFCUX86ZRj68Gw2QzaMeZ228bPJ6bD7t7oU
HBpJkeCQd6811jzBzfEMLoYjq3MWCEYiyXBSmvQte6Ys
6Vbfgv7TQkotK9zZAqqhLfnfWRqWoYsZYwEsS2XjQpUx
uL2YHf6PsUiVTT8R6u6q4YYjCq37aRASbSVqkUTrfHK
HuH5mjTAniB7EGr8QTY4brpBzJmNnNa9aGfBKuQbRVhK
2uVwLcg2Y3bzQpnG81Lqs8NP8okcGHNA72FrJAcmNAbz
HHcepqn3Ms2vFcfZztfqMbQV4Yg5M82aFxNYmAFqbmY5
EpQ2ectWwSX3RQrrHAGaiUSXUPox7L5qTXbXEAS8VZF7
7jLnqLivEC59mQu1kreeepwQDjd3uda6on5WYBQdv1nm
Dm8JLvKgdQjS1wa5DmMSnxWj6RHsANzevRdYnMYZULvM
Guj9diEhgGq9cBa7VkuG87tGmmz56yyitFtZ4fVvsoFw
9C9jHCctsd4Zmm8zPyYkkyQZM3WbyqqWn9N4vPbDbXFF
DPNa2eH1PN23U2eH9qEre5pjGM3b6i9naCLKrsKydXn3
GK33L3zYFpBkngVKc6bGXCPUBvz8oEZxVnXrfzQ8Ta6Z
5BYwpLsXoYZPssJNa3DZhPh7fiwnMwBj4zGPHadEvwm7
4EfsLzNiWiuJUiwrjZCcPSaUCQLGH5GtAgzvwMuNAoya
GcVNSX3xnFJz4D7KNqiXmBVNGLHFecxedDv4kExTu9G5
BicoDQbuAhaoRBhkV8U2Ddqf4mUa3xu3JvRxr4Hi6qAT
CYWMZyBKW2HxBKAbcy8rAa8zkda9UFz7MuM1HNuv7712
DTp25ry8LWiJETJFV8tkcKw9GcZiPXLiHPSLWxJTd5ZP
4HkHj78MNiUfPjy9cEL53u5KVpskazHhAw9FvkMRZvuX
7EnhdscoULfDmRNSDdYTrron51bvcTJ5eqqkqzzJU5Cp
8WHLZ7pqaYuh16NZdRQhF3xnYvAsb9RQtfnEEAjthWAp
5QvVvbWCddr9k7oME3sgstD5Q6YuNB7MCGYmw6BW39eM
Engqmf56jQaa3yFZXmfxCh3vP5tswRUXcpYoNZ9FNamS
D2SSsPqnRdJ3joJiF4hmXzSqtDcKRSyVTzEHLJ31nzNX
CFcgGuF4erTeFXjnDKGwcQh1SdGgL334RJL8wgQdVGXW
FdAHXVcGcHP3ejvRC8BEJYkKgWJWoih3HWtgmrMFD5zU
6RYNSeTmb6bZ4q3wmXMKvWjRiNZD1DTyctJZXjNvLJR2
FEaTP2heP4GCQdcXtJM31DrWNBFqkWGXLf985vHupW4x
HRLXYKnF2EWLVVzvuNX4odzs2269nUKTsTCGenZtuPgh
DuaFrhpetQqD2QhuArwDUru9kgdJR3YMH6dtnZouftP9
DhccUoTfudZ5AtLzq8Zn58FH2yXTooPK5PSCrGPPuvRR
GXzuwptMox7HQ2WnWxDot2U4LLFZxjQgEBPKW8GB8dur
FULWqUAZDs72JJTFqTykn6uwNct4pjescr63GRjxJXSX
4prSEpHoGwZ94bBDRpdan7tTUdfRduBXQ76No2HAstLm
3MuddV5FbhhGnPF8dtTuD92aXDXxScazbjsatXJY19Zw
EPNSrNAQK6Khez7oq17Cmooqb4MwzrCXLLAPZScSgJUC
3x2uuFViwdsiptVDZ9Qs6b6v1hSmzbjGr1SvEhWu57hS
GHyWf2gWFc9mpeAchwUEpMngQZmS6CH9ToeY4FVVPiGK
AGyjBDF3Z6KvF3D1ute8G5K9KEcz6ZrPczevUaUFkub9
3jk8xapUygZZAKYAv6bCxGrTUMvjr5dH4CRXZMWimh56
85NbZAdRdAuic4NqHmiHHbgo7D4TgdzC3WnBQ5jbLMpj
AJX2miqJRjxQmiy73aSgud1wQT38BewEJLqifEBsA6bD
3bwdpqaokbryVCXewd6zabydFcznKN3v59MzUKifpM6Q
6yUmA6iuPqUNBdFH33VQqPAa7CEYq67FTLUBAQSqzLjK
22VnrEemoKmB4iwrq8L6MHskwYMBGweEyDgSf5LDxNa7
EwAySCuVzt6MQrYGQydJJj2jQTtUxDC4sSzSX3u6JnDb
ELbTXQYTWuNTHXd23ndiA7xAc3k6wzadna6EKNDXdSbU
GvQj9Yk1F6ynNd8tATQZtMe8d3oYVSqgrUUXooHAvVV4
J1U1QZKwNWoqpxJtf2qVGN9C6AkYnjgtZMKqMEV3V5Vw
2F6kX2ByQo4umrbakJjbT5odBjDMXcHSZ92cPTPMNp1C
5EQtdm1SmkqSFi6kZ1i4Bgy12iki3y4MHfBcVHE1Nd7
CDyLUdkPaNPeLQeobJysdmdxHi5arM32xbG71nBim47F
HMAQFqe8ap56VmYP5j2kXqyS8xFQSDXYy1hVqnL537Za
5brnbEF3x4kAwfBjypPu9d8tH7vX1rEeBkh6zyAVFN3H
4LvLCw5G5FMF1hNoS5Tqwbz3RG6WnZPmfmmgSdHPpRqu
BKXJgTVQEwq2xpcQhRb7FUarD27VguM1ZfbJMsYu3gA6
A2MBLRg8qNDkGNKvVcSQJ8y3jU5uSCNr7bhFfgQow32n
HpAb8UPbpknTd6uAW72gzHsFXmpLxqAXP62QUMwWWb1d
Fi3SQMdgZxnwEh18kzXDK9yrwjgfMQHvUM3W565rVkWu
8qU8rQmKEVhVyXZTqiVms222Kxi9xfn9aUS2KvX68KHa
7AVXrUADx9vZCFzTzvXTjmUDYWXAeMuJ9Juez4hKS3Jn
FKeN2n5gt3zQbMqvqfk7UjbvaNgBQ58mBW1K1ddG6MtY
HkePnWay1i2EY6uHiQQT8MV3Vp6vrEXev2xe9PzUihH3
DnjaamuaJ2dxXG3dZ3H3gp7baahpyThc1TRePXiwKjb3
68kVB1V9FGDPQH8o6FVii9rSEkbqzV656boPkC23gVN1
5NAES3DiDkEH315pdjKLUFUvc9bud5yykPo6dU8MSHZN
61sx12MPDiX1dDstXv8MnS1a8uWG9oLih5oEQPL3MDbe
B41em4FDmYdL7fxwdqTghmB4zhNPP465TBhiC8jyREP5
4DNZT6kk5Dp2TDPsWk84ZQAAWqYETJ8mJwiQtSS81Z9o
BbecBQDudfcZtE35yeGskqf1Be47pVeEHzYeYiy3pXWa
21TiG43SbxN23LG1QpxfQ2DxfZQ1X4YBDWnR6gQa6yf2
BEy3vPPhUgRGnsfNqhxnNNMTxMwTb9TDJGK7eq7xS366
BhqFUQ2GKfHKVfmXxd6yd7kbcRUYin252hSXzEim9NrZ
99FxdZ6snWicGmQkB3dQwWGipPTz3y7ShyJEnv2B4Qsp
FFTxmorJpTP5vrBSAUaCxgDQUSgeMREqSL4gtHWDCbKJ
BPKrNARBxw3swEyacmdep31BTQVeCsNwvnpDLREYKK8J
2SHt6KgTVAkpZX3zE39hmFYfAt5PTvcHEkaxbfnXF81n
FCw1oDKStGXh5amNXAYRWMckSuHjQcLXQaeSaDKCBFe1
2oZdd2oo1CNANyve6fMdcegg6Sjsz4rWJaBqBwxakTPQ
85hoUC2sQ4tDogP6bXiXYxvgiD35vSueRNbYTedtBSP
AtTmxn2rqkrAk4W3LLa4Qro6rLykayoavLQUxSAobDhj
4E9RJpEnghcJq3dJs9wtFSFcgauch7XHd8RAwCEY33uV
AJoHmZFEjM5Sd6gxVx6Pp8jMBunus6fHUgRVgCj8ExVN
91SQi63ARXHKjoLtZD5SBjx1BmhoqGwQfNs6qq48pVGw
2ZNu4CGFTUNj7RdaZUYjN6m8L9488nrXL2oAVEbLvUyF
4GG2R3ivgAXd4uKmrTvFNJcKp9gyKnw7BrZU1PtoinTz
2bp7NFLXHWvyf5qwc1BTWSnAomsQGnGWQsQXG7w2Pb39
FWj1LXLhazBF5PhPbtSNzfSjVkXbGYxGXD1AxXyEPZjZ
5ZWtkwYYFYCP9n7Jpcoj2eKHmUMgMHbFwKnkD54WccbS
E3fGi4arRLJ1xorCXH8PhWXcDxZb5LLSGob1ihyi5dUv
DXVFw92nsHC4Gxg4ZkPhBy2PwsrsWzSPHVVDgFkk9Gyw
BQhh4rzVgScPfUAuRcBDopdBqNWBG7BQwKLYFuRu5jNK
GvbDmzvVyFw54PM9Fvx9SUvJ93FZCdfRVxTpXHg9Peag
CRJt2DSHTmar5L9d5QGZSuqat95N66rqCzRaFXBF9qVS
bWNvduKnT5x6vBJ8u8v2X2GD5PBKuWsKNUbrHJsA8P1
5gSDSN2Dfk89Pz6E7QNTGF3kjUTLqLtxnHD2PQSioyD7
ED43UjctshiS4KQAwwxgF3xEwX8GGTw8jrM66Tgqgfv
F8RT4d4y16f9qNHkFxnD41RQ18t14znq1uC1RFby5V2g
3NrEaaYxo38yb7bxY8Ar71fCr1bM9eMwwWajycwCNnJa
GUfgege546e8ESNwyZopKQAeHv5WrVHaTHcBaoPUBo2g
4CdZVgoUwVjozkkrc1aBGqTFyJt6KdNuDw8gqw2Y4C2u
Dh4M2Yx9YTbc1fzFJcLxZPs7HPuZ9AU4aJzkAvD6dLky
AreJ6LnRmyLrnDgUH4NVGsnKacjSyfkRjMTXVRp9Z8oK
aGHGb6kCvggXX3FV9kacMYyNzsfd77fLx52rxw4wcJC
JbkBGevLvKcmj9xvKuWJ4Yd5vbPgAg5gJ79FavuXqub
BXNF9P8h6oVtKTHQUgDJLiWz6xCyQPifrNcphPMEZcwP
8fxRsPk9dL3YwTskUkpnvJuQXw4xBqZUWsqgJV2LJh7G
7iA4kJpxvJH1uXpNQtaAMS7nJp2qsaQPTBQH7QLFeEdH
BmtUrEmNXwAboVkxCToG8sjmJ9vZ3ayjso4CHnXepaMT
9cnhUxV298cuqoLisGCkzQF5dmvAxXSGQKm9NwF4zeBR
84wskfWaNEFJ5VLwfe3h4ktSKvvpeKtHG4UFsgjrSGPn
7AMoBuKqX88r3w5948sR32JgVKDdKECwtBRDkpxLkyaN
2iv9XqpEB56risxgabEE6cN2HGjdh5oUBFtxXFXeEnQQ
FNxjvtxSk31pHUgZfLs8HYRfuynfyTSUGbVtjjozeRqV
DLRdWtqhPksqouC6eguz7XjnyBsk8eMD3NBADAfwSXJX
7U2WmHyP9nfvxPrd1X4i3VFfEJHFZ7YN74BSYGDN7BT8
HePChn2MPhycFTKGiqZeGe6AZShsGrwyk2z3t69hYjw4
Cki8Bongnq4SJHsi4z75t4oPsW6raZxmrRLiMLVXypZV
3Ru2eNuPZEdGJ8yf23Ap9QgtLBDV8DejprGFEDU6R5Lp
BjJn4FVJaKdkWBCVeQ2gQXC4VgNFHcoN9EHSCLJThhMo
A3KzCSqZrAXeTaX6aCiW2jUCXSUW9L3rBGy4MCHgFbXw
6c6492ndhEjyEujC1w9djehJ6iDC7QVjM63mi2Me5oqy
8GqJwVVm4TbRTLLHng3uT3S3p1X7NtN8u9nuhZ8DRkpT
3Kof93iazk9mDLEJFNEUkfH7wqzU2LpHeAey5vjcbGep
7NAxkJ7VtqkqBkM73v3rNXb4XyGt7SrAFFFEggGV48TN
SMZ19Q85QDabVuWVV8g3HxsWKUrTLJMJBe7dNDQXibJ
31zEqT3N1KbqecjbFyXuaFoChEedMfLFh47pW5WTAXJ1
EbpqcJ4UXc3puxHXbCUk4suEEtFqXeLgruyr3cmhJtSQ
HeJ4VeAe5KmbLGtf2X9ab81zprfJyKusr2dzWkRGW6EQ
8aLp6YVDVjQJqU87K1uRospXpNfjHdBj9nj2Z44FaWbs
D1wQibnH2N6ArSRksjLch8UjyGw6LuefxWa9nMYFYvX6
GrhD8MLAAbCfUWyF3kpyPcwAVNDh5nncAFJksXFTxbFc
2fGx5cxJm5bytMntyA87nD89C7MSUbSrVvxWD5vf2hVW
AvPKeMpqpTrPw7Xaou6U1m5QmCb36pv4Rj13x5bvA84J
HPHQmYwuuf5AdTYXPijgHm1LUD56fTvRuXqiZXk2gkmF
2siF5HVVdDB1iYUJQ6bN8xtCY7yo9WqCi69nyq1ESYxs
AhbZ9MwfnDFdddoKqeipTmQNSuMHJnSome9t38qN2RzH
DSkreGZwsTA5mPPi6NuFh31eDssiZR1VuuN4hrdxGsVP
2PuUKy6GADVsmLB5mJr7PevKSdtb7muhrZa1qhPBNnuc
5BwwSffJiPUWKPLeqt8ByAD3JbXc3JwfM3nErn3WkHVE
2MAdfvAWn1dcyxr1ddwK4Bd1tujhdcRF34bZV7ivz9Fh
6c4uJkfAZvj361LEXpuxAwywrrWvWcwJEvKqMdTiKg7i
2yjUcmbG8VqSsXvVXS7k51eqRnSwQD6d8ap1x3K2sj5K
5eCFtRzYPbpDfsM2huPst6uPigSsZ3pTkQvMuBoxHvd
9fE5dapfnYVsNkM6vn3BZ27Lxq8wr1aeAhVStucqDirQ
8mj98ZGePaiu8HdCzwmEsRCiRvZb6tTZ8Qb22jtTnJjG
DbctojcA5LEMov6sijoqXgn5szPM74vTHG1usmrmdHfZ
G9B4Atiu4tpZDYQEAXWoRX61yFBudP64mVua1cSbhJTT
D5iFmKCskdznnm5Ta2c3vyfMYp4kcARD2wEDTabWBZe
5BcKdKMwnoj2LeeBos3ELG4Kd64XmWB5SjBAjAEZkoh5
