FbX2HLXoWtj5iCSUwWVJS7NgrRFa1f635jhUu6TDdqH8
7nrG7Yne4hepnxN29urXuEv3qG1T4a1uBTBjGg7emZ17
9ZqsuK1kGGQrvnFFWeQgiZGUNy25RUeZkmsGWQnziSCg
CqdQFPWATQUND8eMi2Gow5nCQJ63eB55SsixmN83Y3rc
5CjuGr4367okukGj6mUQehRzd62gYBN4yu7KuYDxN9LC
HazS1LdJkSSiQYkiVHRZWTXLJKy4yrYWECP1q2BMuMmQ
GNSJ9xpHiLcTNEhFWvSqS9JXiQ9mRKNfGvr7QKmRCoAF
829BKNTgpHCJWvjb6KnJDfkxjPEMtxe78szaFRaojyLu
5XETABZ27UoNYrzWwKj1q8vyAEPnYzTmSMVm19W1uEoN
8dP7pF3UR7aRGrkgshVUjodLrjg1MQ4LrnKFqytrdan1
8eeWesjTSLG6Hdy6GV8bwjrBCEnwY15LWTkyHtGtsUB3
51oET2dy4vCmZ1JMGYR9hbsvsLng1vcLD6z2AZp1uq1j
4Zrjq7HiYSFBEKRrqjtK6m8zezcCM6xCDcwk5iYA5A6G
C6KSW6CUE9NMNTuRL6V4ipnk9EAYDhC37Q2Lp3HgBdbM
67mvcnEecy8SPtqBq6xyDEEmENGdKub1NHXAL5zgCnxz
9iETka97dyjbwHwyWn2uHcNmHyMQjnD9opQGveCjizgb
AzmKB7i1dJucc5Ec1mxpoJor662CDFKAAWRstWDtrmaq
BuMT8Af7pLWXvw6NjbRBggy28v9k52vntSZdgt28Lk8u
C91QVSPebG5w5SP8Wg97bqfnnNfG6j9QDuTFC5EM25jz
J63PQ61AFhZXeupw9j5GYY1aEuR3R6BnAbtfqqAX6DQw
3yLtkiKU1zGpPaZ9AtzRR4vYrEaSNxQDMhW6TzbSnhQb
F66h5aDcC59XF92JqA6qSgqU5BoCbtjAWq8Y25n7PnF
3DTEw4wsyEvKBh1u3v2NKtcBmLwz8iJYieuDeSbjyRQP
742jMZ4ruzprAwofAZhzWgY3W42cAwJc3aJwFFzMWJhq
8eqvPBG3bHFpRfHCxKi7UBPcxUopXyhDMEH9r3Fg9QcX
4eg3MW2HpGPaNk6dHj8RZ2dZhzYC4NxpRRaetFsePHa4
9LAogbfHVtgX2McBuVERrgyiYUijWzhCrRfMybxU39qN
45nb485LKf1pEhsTab34JnbBb3wXnAAP3xh98xdzP8Zc
EVeBxRGiSGdWvz5SgJtgXHn6uddqvuB2qfJQziS9t5n1
7o4NoA1g1asZzi8D4fRPjVuDR6YkKGhLRwVbEFfmRWX7
51oET2dy4vCmZ1JMGYR9hbsvsLng1vcLD6z2AZp1uq1j
Gpe5fe5Rzrh4kTQn7g28S7f3xctjs9DzseXi33FTMYAh
51oET2dy4vCmZ1JMGYR9hbsvsLng1vcLD6z2AZp1uq1j
6yF6NdzDRZ7ZoULP65Y5Grhefo1qpD447ZeQfMbbpEia
2x7EyHVrEUuAF1qrVL1aNSChwAvVDB6NSW9Gp2svKwxX
4pUQS4Jo2dsfWzt3VgHXy3H6RYnEDd11oWPiaM2rdAPw
65MQALg3QkvbgPHaABpeQws1ySoqGwcSJaDNPYLcpvpe
9nF2vqusHupTTNgw3quL4f3jorvPdJ8VBPv3Uw1xt3Mv
45nb485LKf1pEhsTab34JnbBb3wXnAAP3xh98xdzP8Zc
EQFh6gCBG5E8RfDaUKnVerJYmMDzpYq8rGm62UiX5XkH
BUT9zHC8NUvx88W6QHhJ5TYLa1L7VwXQ1JtNXCheizHW
D19N9udTVk5VujnBcmki6DTQMnRJCcZYs6yB5w3zk9HS
3VWia87hNkxgg51heFc9z1GtZdmSuC63RGtFe98Nnsbb
98mTCAtYbsKqgW3BiN1EbrKEiGqrrhdceS9qBmvAnWqc
HXpU8biVEztWsKPV1TDKPVwJvzrTSstbfx4pyGWRZDhD
567yVzp15TNPUpYP47uuv6cK7GGFVnpt3kuGzqyrfMCa
4pUQS4Jo2dsfWzt3VgHXy3H6RYnEDd11oWPiaM2rdAPw
73tF8uN3BwVzUzwETv59WNAafuEBct2zTgYbYXLggQiU
94PxvJEg2HvVPGenqStzLS8Bj8NDxvKCLbbgpAxX9PpF
CMe4sR24Z3TM866NHei4K28fWVhemFHJeQ3aVwkLCDRa
6StcuetFJAbE7L14MwxpDvSekhK1YEoCZkG5WTieVvy
8dP7pF3UR7aRGrkgshVUjodLrjg1MQ4LrnKFqytrdan1
7nm8mAyXyY9RbAPT9NAhVinKvV1rxHs2ZZs6VmYqsLgJ
EUyQKxy5FMX7QMgeuvMQ38fapUzeNB9Yqgq87jo7ch99
9CeQYRt1eK15SUAv8AE6XPhh1ijhBF1dyPdGQGAiCfMx
C6DPcuuMb8xBgAbFeygPufoy53DVRYNMQLzxeBLEVXcZ
DajLww9JAzbHx6VNacZZWYKQfUukB9bibGRcwwHs7e3P
6DDDdpRbYX4PnsHfc3jeepMib3K5bKTG3FMGBmKJnZDn
GD9Dx84Rzr6qLJKoZqQFZn2Yzf1NyPFbQeSRZqU56f8z
BcwzmAJunqVo7M9PHuUn3srQJX73bd9xr5fJseCDGAZm
4tgwNd8KPtDDaUo2nzDtuJTQgK7UG5u1aS6J8HiLTDVo
AgPhAsvcwPfT8bcAQxfyvymHdS9enkCzHDZP67ihS5YM
7srUnsGigLyApFwxw3MgNawzDrEkDYpjZtoQvBi6ayeU
7P4Bb1pCMuYNveYhg2j445cmTRCEGp2eAAtBQUv7Jz89
H9oN7JgPb9qnPhyFE24Gp1YVvF1PqsnLjcP9agEgqdFp
5ffREb952Gi9apxr62XDNhKUAUy2nTEExaPYyTnz9YFm
kH6pLY89S87HmX48h8wdu5WR1uQXY2GBzgA2r751F1G
96AKYCB8KZLEKkA3uHw1GpfjZsmwyFT1CXfH9sKz5LrW
H7E4JB8ebHaoKQe2Z3NAwXniKcuy7VVuAoycx7PYAbE9
6KZsPUQUWuS6feCreAHjNXCmDJi4Hm85cwMZHUcmhSFH
H9jZiFHKgPeiVykf7X3CtzQKPo4Qvhu3rBTzvmXuJYbp
42aV5YbqVnHvAyARkHpU5s7CwCbJt3qBv2BzbUvcuuVb
DkLRfGqbABDaYgqdqmq4KgFmY5QfBjZbajK3SrmNiVEH
8YxFLe5NoaTNzUHQDkyabtHwSnYuVPi7pKcsNXd9D5SU
EsVxdvYKUqAAb6b5j4hswyUkCqhyaXQvBLNVR41g2gjf
23XNgo4x5FwiQbN4TV7MZ4ssDgQ398vrpkfD8F3S8KTj
7P4Bb1pCMuYNveYhg2j445cmTRCEGp2eAAtBQUv7Jz89
EAzuPsCQuDDm5EyUeSS9bDbrsDrKejiRNJgLJkRvqAWz
BjDp9YQM7GVsT5p2zeMd9abFysmovuJT4CbJnD6Hh19p
51oET2dy4vCmZ1JMGYR9hbsvsLng1vcLD6z2AZp1uq1j
BU9GQbSnXQcF59sm5VW5vM4QP138cM6s2vV4p4HhrDjY
5dr39esCxsaHoHedAR9mhTtbF2mwR874vU3Vemr8EBbj
4ZGAMVayrbjBP92MqW8iK1EiS8MSFA5FL82gATVzfkzt
4pUQS4Jo2dsfWzt3VgHXy3H6RYnEDd11oWPiaM2rdAPw
3Ni81WBb3i3ini2VyjZFXgCyb7wDtsgNHeCMXDwiZpah
F3hzbLTD75Shbpyu8tdztMhSrh9vZ1qMwTCopx57A5wU
7pTxRa5MRXvJLbLXWkSyFA7ehNpXai3d5Ua9RDNEJesM
3Rx7mjqk8MXhtjSX6k4kE4iwFvmi1zvW9rvhhigoYtPG
6Ah3R4nf6C1i2LifmTTs8mX2oNdAyLiXPGGJ7wJ4oZXK
4pUQS4Jo2dsfWzt3VgHXy3H6RYnEDd11oWPiaM2rdAPw
7RvtX4WGag5Ggy4oMtj2ni3oc9amEPmscdHLGvGQdZsh
3eucHmLaRJzL3d3rzYx94KvxcVhR4ESLo9R9hhb5Snbo
7P4Bb1pCMuYNveYhg2j445cmTRCEGp2eAAtBQUv7Jz89
2jBJAcu4uDjhgH7gQXrA1cSKF1DGX6ZNcuNREyGEMKo2
51oET2dy4vCmZ1JMGYR9hbsvsLng1vcLD6z2AZp1uq1j
EBAn1DsJKwurYoNZuezibmYa3siDCQqUzSM1MNzr7MWx
9vTVgL5yTaRSj1QThL3jViVdwZTiwvPzqsFs4eHdjZjf
AxkpbnNGf3fJ6EqPExxLgBVbx3LAGV4m3BqisgVbEv2Y
HDADTyGCNnbmYa5MVpmUwhDbiyAy8CcQ6k5ZDZzQGuuM
6SHRL5r8BBeJFVcg8Y5u2VRvEaYYweSnYtNLjb1N48qw
DaiuhLjEVPirm7WcAZ3ntvB9BW3DuQRpbH1xVvwDFk5p
Fv9B3iH37xap5fv4v2AGKSivaZWKNZRC8rorfwtCStAJ
D33AVStLgB922CBBtPnfdzvrZSRFzoghJvSL1ckPnPzw
FhMZMJHUSSVC77ZuYNRAPctxkrRZsLD7LoNxGyaXzQUu
9vff2J53NvedyFvVrAcMwqRaxcQoAYnGPMFBboMRyS7b
EEUHeJFM6mUeN44v3kpepHXXBcGY8xV38TjTNxHEt76U
AyCkeo4nPGqVmEagSspU7oN5Dmq2Lnj4kGBa9Q9nKVpX
BtbxfyPx5v82dcKYZTU73Nww9esX1T31t9TPjSw4LuXp
HFPaT6WKk9SkwtYVZ5m5Sqw7ZbyehGu9GHjsctigm49S
9ej7a4re5ZsayUKYpU91q5UEakEjCwK9mFb93zDAKwUM
AvH597tWjVs1Lvt4Qtq2jVCrA5bQ5XWpkWEPBh65h271
73tF8uN3BwVzUzwETv59WNAafuEBct2zTgYbYXLggQiU
AsxYivuyVu6znDgnwenpLSLvkZDua4mGKxTvM2JgoeDU
7bJyC2yLcrTq6CTGnpGB87kj2PzggDL6hwy1fccsjHdw
6E1m1jQfPY1bk48NyN1GMwJSmxUbS9Sqr57DyitziLWn
6aVxAU2nNjSUmDkSy5zgavKcZNKGov3xhi6tUPLnULLp
7P4Bb1pCMuYNveYhg2j445cmTRCEGp2eAAtBQUv7Jz89
EFpipurDmX4Lgv7V5TobgR6TMnBSZv734pgcZjWNkmfr
HeohjHu8jiJ4gpEYnGakdfv4CxaFcCAS6iEfjLM9p1Ha
2pVuK3Aq3tThhXDsW548t5miF9AsR8DCFmpCHjEx6mVH
FryxRLmGYEkhQf8gbxvXbEqkFPXPBn8Wjh5zcXZmjeME
32CM5Rzf7TxcvByMTsb1E9UvDPXUrimLwkGaPu1sqRbF
9V4i8VdxEHgjQFEKdXT3N4nFKRtNtkKCzd17SjxVWLSo
ERm8djghXKQqQ7ryzNZkyeQdSom2uUYSWr4HT5NEWpvJ
o2Aug6JB1RDFk7yYsf8QCjpWo2WzgwFkM115gtSJU8r
7vUNxDnTUAQWfmfkTnP4U5LRxJJiG1NfCjNfPFCwm7Cb
3uGFhK7Be85E3Yv8A4QEbCKdqijeuzgJ6Fqo1ZY8tDTL
DWXg5uTaU8tuSby732qZutoEDY8iSmkUQHP9ijPWCvL4
2vhNMJt9fhQs7f9YQubaS1MpCuUdx9o8zTwqxzkfcLof
73tF8uN3BwVzUzwETv59WNAafuEBct2zTgYbYXLggQiU
4k5kkXC4J4qq6sjiNSkSJqVEJseC9AcJHsTp6isciCEX
87wXxbmprANekYVwDZJsUrRAMF9FG3Bcq67EPkFxEvi
EBAn1DsJKwurYoNZuezibmYa3siDCQqUzSM1MNzr7MWx
ExHjH7nZufPmsbTZc1n9R1iWMGJPDaJTeDv3PA75iunH
6vajj8TEomHLFUibKvTcEfmFiE9ZFmhFmLGtkCzqXgCR
361wkkKyV95vqiZiVHhkY3AgddBh9xn6gQHzLsp2XdFv
FdvMXoYeqtGkGHhQyztVFQMTRAP3oiQkLjVSFe17RWa
CT2k4eB3xQ4t9k9M5pNrqWmhjco5FdcnYVfYtzdoo3yS
bae93fAqQRbzRBwLnC5ZeDt3j5uX23nD62B3pwvpgXB
FkSbhQ786Ky9XdJ1a7no3ReYXwdiKCJeU8kFvDEPZ3yD
FEb2mS5yuehe3rNwf2gMJedZp1utR4cqfykinQQXfNgR
D46WdsQJHPbYxdMQJhkFf2AnqHSj9c3rQo2nKRQ2G1gE
DbqiZ6wRAA7vU6k1dPFN5P6RWymSu6FRpaiyxEYUMPtw
6uPKr1K48dwfwckaQUN9B2BkGzsioxquUiMdREfRu8fM
HQa6qZBGcqqtCwg7pnojFPWbN7XyeVuMYDwHCYW2bN9Y
63v9R24nrAM95WYcYhZjJpYchudhANCDUUwgrqnrzGF7
AnUvEuvzDaueXZCaEMqWUsXa2aSmn2uR3bpqzWQE3XB5
BcwzmAJunqVo7M9PHuUn3srQJX73bd9xr5fJseCDGAZm
7P4Bb1pCMuYNveYhg2j445cmTRCEGp2eAAtBQUv7Jz89
DxD9z3hScGA9d15vc9oPfk6iDHcvwtTV7Pj11KdL5QLG
Pww1ohVqQrmaHKPeYwaVT5pxhQxJex3vhM4M5ocsLUu
8pgG3rx8FoQrk3wYdpL7vDzZR6iEF8WqmPAwP8xS1TNu
XGFZk186maEp6FtE2YMHNXiY2c9kTkUu88ofnnBm94j
EWC6ESChdBqExhp96XPMLXR65pXP6Ftuh1pPAVws4pmk
EZ14BbEVd3GnBaxA66zkdVouTcSrVEGTX6AjL5urMVpr
vqk4rNkuaHbPHqCEf58R1na7QR7VFsZeYVqwxATJpRx
AEUto3eFWHLAmmVRq3Vo2fmHXwte525jQGG6D7pN4RRd
4pUQS4Jo2dsfWzt3VgHXy3H6RYnEDd11oWPiaM2rdAPw
H3cPyRGXwmReAMB78A8guetqPJLekVXM5DXK92ueCLfE
FVKyPjy23bC4PkynMmadqaukK1jbCanZ2HxhGW9AghwZ
GkCaSa3Z8C5ZK2vcoepJdanymTtrWamJdMKauEngYo6q
L7vksHGNsmuNi2yuAz6MVyczJhDBLX1VhmGcZ4EQtiP
AYKf4RXGzxyguvyqroxk1rtQgEJe5H7yVxQK5kekBeCr
o2Aug6JB1RDFk7yYsf8QCjpWo2WzgwFkM115gtSJU8r
51oET2dy4vCmZ1JMGYR9hbsvsLng1vcLD6z2AZp1uq1j
EMJ9WcNWL3edaz2zv6aJkf5V9A114PfoyVSNc6jDwTR6
C95WjH7qmY2sdr5fC1PjY6vRy1WpF9ynY6kLHALZmVHe
8qcfpqeGGiTd5rW4hV2WoXR9abBqdHDGDscANgcT65zr
CmkBNXWVWjdUTiHScpwbAjSPu7XhYurssggXD3urigz1
HpcYvvyNRzva7uCvN1HRBUBrou4TW1i42oXYPkkXN6tU
Fp97htUt2k5JTcPvD7hy1MdggQZHr1oHtmHZ4jUqTZh2
2RP82osoJ8QKLa67eAZELWkqCJbAK6iK42E4SLytpsd8
4pUQS4Jo2dsfWzt3VgHXy3H6RYnEDd11oWPiaM2rdAPw
T9Nbrv9ti3SXWcJvY2G19nTm1a4ebwoKtDDsfcpYMLm
51oET2dy4vCmZ1JMGYR9hbsvsLng1vcLD6z2AZp1uq1j
73tF8uN3BwVzUzwETv59WNAafuEBct2zTgYbYXLggQiU
5nTmScN9g2peTCRoffagCzrzpiCHzDZped3Lo1W4zb6n
73tF8uN3BwVzUzwETv59WNAafuEBct2zTgYbYXLggQiU
BTgnfQL3Btmt2FTAtL4ibwKqBmtZs9xUvr3usYvvca47
CakCB2mYApvhtzJWgmejHjuTAVDGbBk5zjzrDctgkxjM
9KJbbRm5qjnWBNZNv3Mhk2hEFqqDAYcCHuUPxnG7W64g
Csv7FXdwDdLUSzcydphh7XsTjXG9s8LCs37yWNUbijDc
HSPERKyUXZBnupgQocLzLLavoE9mwcBeVQLtEtHyUKBz
51oET2dy4vCmZ1JMGYR9hbsvsLng1vcLD6z2AZp1uq1j
4dKbzteBxRPnJLaVDyj4t8v6i6G4PX2ASr4iqyrcaZZF
JA8yXQ5ZuRfATTrCatJoehaMZjR6f6QnPgtY415Vs2vt
BenBVGSYGPfPqy4JD8zr1J3FYMC3dTMu8DMxUxGmPvx2
4pUQS4Jo2dsfWzt3VgHXy3H6RYnEDd11oWPiaM2rdAPw
3m1JE6nMWGDzCQLMxiVNVa2H8F3CmDVgHJW13FQSUkfZ
82xUQ3gpCw7LkijbMUnB1XMu5DcQLUjBwDKwG1v7aV9q
5cShNqx2E54RJK49myPhE757RJAEgnGKcbRqPVW4nwjC
G49DobN5j8MCpNPFtoEAP6zA4xQN6fPhW5mmDPJNDhps
22PcCdkYNqVVtLwCQ3BSi3YmZaghBCgYNeAvBcee29Tt
6dWYKwXPMgr9dbsWsE8FgsTHgHudFaF8vvaQTvYcHnn7
Fe1CgongFQXuErB6dwWuVxGgyVwFXzRYzXJzuRJkubJy
ETpRA2MGr7xAaLNFqWQnG9bgZLwX9VP7GipULtm2j9a5
89obRtCkiqcTkPhfrhxWzrBCdVzWiz9kgAHpPfEA6sma
4H389fKsqzX1vHGDrtWDLUKLkcmMi4aJsA7srHwZto5r
46t1nPLVBAWumcyPLePF2Wt7VoNbBdnJyLovVvpEgsap
383ghA9Dpg3JA6B5bmhtGmiheTyeAFCbkhDwkry89Bp4
7iGCFYLUJczcHwpUnCCK5QFBCvYwznnj82RoYQQnWu6d
HuQ123HYTBcHHiwpiPh8qf2aVz7a2iusS6DHckZgCJGV
FjD9nUmzPPktL25Eax5CKrxyknMyFxaC8oTRgb7RvJbb
3zn3fqbT7pajfoLp26cNBkbmvQisBcLUYHLV5FssEpLa
EaxheQrBLdyj7TaWfrMa9X3ec7UFRhgm5B5t1LcETSrP
GP5wZ1hEfpD9TxhZzPGQVWSS6VVBaGY7J6dt8KeQuPxv
6sSV6RqtPJQNLMWnPrXdAehshU3xJ4eW27wN31RWfjoB
toakSWxfPivAwiPoBfjpGg8T6h7957iiDaLgUYFHUtB
7iNxffZAqQPSD57GXrFui7VzgxiZd2RKTb942rkaMY4k
HqNJetbmewAidZYGwfMLUcQya1yzKXno856ieWGMVcHE
BEivYChNwzFedVVfPqYk5me8gYX8ae3m4HKrM1zaYYPs
GtcTLqJtEfWVActtRusLwi3HARqxcFrCBFMrCjk6d2Y4
BAg5SNJK6qmyzoNCDrqMHFxna7Cj4yXAPMR2AQNvYMY8
32CM5Rzf7TxcvByMTsb1E9UvDPXUrimLwkGaPu1sqRbF
88XHNYEHYmmoz1b7Vg7WapXLpfFxawJBqi8cs5XaFmgi
NY6GuYhLADqWuYnJ8Mp7FZrhyPzHH4BX2wmxBCFhPkX
E5aGCgnhBDQ9aoPZkAMxgMR1FkruzxtBFeEyM4EJwKD4
Bq8Xu7sTEHVY2TSGpQxmafaHVcRNUbBju92AucgKXmR
51oET2dy4vCmZ1JMGYR9hbsvsLng1vcLD6z2AZp1uq1j
DrzrZh9SaJJBn4qsX8UwrqhUT6rg7tj23zabRkhd8BSi
74nQsQFEVm7N5u8xnxCNpmYNrmcBKMS41LzB9bCXJZo3
9qQVj5MfMGaUyi4XgxrHtP4Zgwds4T6bfPw97ebo4wKW
47ZJRamq2rvTVxcFQFs2499ixJcmSXCKgb5FRnifYNsK
ANUkikZTPfEoBrqtveRAeNkvVqZv335H5Nvspm6u9Ghh
BFq5hx3ts9A8vTq6d1ZUa2S9zZxnR1Bi48xFB1VWbxAC
Gs2FSWdKKjHKF77z9Rit8B7Txef4hvWF94yLhdxteDGK
f5xLoMwrBmHgyegZPf4z7RASZ42gHrL5srijHipWqRF
Dt8mEeW3uFiNDVMSrc3fr4hyVgcuafAUptWirNp2V9Aw
51oET2dy4vCmZ1JMGYR9hbsvsLng1vcLD6z2AZp1uq1j
6bTZp4F7Fx4ggbNQqMpXiCYL5usFNkLqRHkkD8ZFmrr2
5mgVoKP2bdcU92LHvXs7b37i2pJqA82ah5YVNsvCaD2s
AsxYivuyVu6znDgnwenpLSLvkZDua4mGKxTvM2JgoeDU
AWsU5CcuMKLqVHCS4PuQqDXmtK8uVxDTun9zF4nGVNTH
GsbjTmtH5tapxtqVgggP5MjaZZBG1jLy9nuQNoHZCM1c
GsmrTBoALiurqDsxcMurQK9EN7pDbi2JewoDhJYH6Wxh
J89HXU8BEveEE6vz7xfK5scknkXjmvUZDYZmsEZbeEvE
Gps3Cj9nsku3sWKaa2pvkEMXaMkp1WTby6WUyxWwVbm4
F9zgbUwXiedzPet32ZBR1uCZ2tLNreRX9FJfL2D16yTd
CGqyDdLVve1Ws8xLQbxB5spzBhsCVkLw7PzcMrwATiwW
25b8w8wTRa7REcwkxZu1fpcd6a17AkdATWPuCP8YkQHw
GpnhtxpRrUkgfDaNW2vyU7yUC4xaUpPjc3mLBDP8eiW3
33a7Bi29PzkbPUZQShovLHSAReBrahkEc6h8TmN5WGpU
4dYe8NDUKCJir7hYoFSC2FCJwVa6uycEfyQZ7aYrCqih
wwrtGcAT69vjkhsaeHPXqjCQ83q2HZaqUagPKs5h1tq
2jQTV4dbMWUwfWqvhebjcLx3wGUqWqaNtipVyR2wP87P
HNEETb52GDPHbT3aLL8fk47KPL5Mq62S8rzfKKoasrHZ
jCbhBwr5qf1gv13bWdbDCxU1LWcV64zR6kSUi1SQrQe
DhJ9d4rBJ4VF3ZFGkk19JieZB9Gzn4jnYL1EqLHc7FVL
51oET2dy4vCmZ1JMGYR9hbsvsLng1vcLD6z2AZp1uq1j
AN8j4mHWAX9dMKAKFJiVPFv6hL4cCq7Xun1wnsXV1BiH
7P4Bb1pCMuYNveYhg2j445cmTRCEGp2eAAtBQUv7Jz89
Ak5NG9VGzPg6BAmcN9tzhdjhMNqpinPhDbeFFTEn3pfD
9AEwm9w9QbeLiZmy5qDCVZXvatKLokHhLPRsrHogcyap
7Utjn9SDMwnHV56hqvi9TwoEPTvPG839oBLQxuMwVZdX
G2sFCvJptXC8gUBmk366fgEr1rXVLViGTjWaJD3Q1i6a
ANUkikZTPfEoBrqtveRAeNkvVqZv335H5Nvspm6u9Ghh
3o6coaQjHYV76GMK9isEsRwBNjPk9iajACnTAjtrJwjN
4P1TpNg524esR7eNhc4auQUFxazSa5CTYukM6FmHBFec
2mW3h1pgf9FRyZ24tHjR8xGAa46UCmz9CXg1U4cjFNC1
J93Difd8Nya2C8ii3kjnbPyZEVKPTGu1KXaxe5wRghHd
4pUQS4Jo2dsfWzt3VgHXy3H6RYnEDd11oWPiaM2rdAPw
E6cf5us72RkxYu8hSUX1GNb1smNVAJhtDd1Gyafzb6Bc
2xzJ6BNMzU6yBSzTtyfB5W3Q2RkJjvMrRwr5McAKCFgN
CQ17ThoiA5MA9ZTULyFQYBs8S2y9byxkCi3mpfvXX9rr
FVnQJAE81hKFcJ5SiEJ7mjHLiunuzAdJj3Lq9vyJ9fSp
Evt92DJQS2a7UNRJp75J6dFB2WkiZ2nPHHsLMXrDs8jr
2fdYctTeAsboUk7UxhVKYJRg7y8srZadg1wTHQ42N1XR
8gChtKNEiUGRjKzmPBiBjeYKzeukEsxY9H8SrBTdRtYH
E5aGCgnhBDQ9aoPZkAMxgMR1FkruzxtBFeEyM4EJwKD4
H8QmDjeK961AHxcpu2gCNLKAoJpDqumzKYYcV8Zg7Ftv
7KbmFStnBVAUB1NRKuNFdhzXtj3mfAT4jHLXoFvFFSaS
92xubbBooBU7AqEVsCNFtjtrcoxGTZiabxg7Do7a9dXK
Dp6QdjX4LyD8mYWEw63SdC7S6DJH7j2vFkBLPo2CbXGe
2YwZ3gseFDEtzAPrdKvoEMpvwrgYmmCqEfpC2SLSjMP7
Cm8cYtgtfyULCzisqUnMg68aqqi12PGZScouQfJRfrG3
AEqngpdTaH3T78AnTh25McWeoXXnQ2Fbfvi5aL5MBFPx
G8JjdDgzGbkU5dTURaRm7XVN8W9W1fkYht81hjRVZuCp
GfMjKXvGs7jz4XSQziXngwW2WAcEQ734wwffvy1GQjM
CnP33htGVwKHF4psPq57QnRpiNTgKW58RyceytoX78n2
B6vnUveAL1t6uVSuHMXYfnJ2jksTVk5dMmQe4UQ5bop1
HS2QyJXDZqGwG8q8vN8V3F3B9FMoQvSD59rdv4ffQ6z4
DfzrVBck73vZAXDwerPC5sd4ZTCwZXfewFHjZWz8mjE9
8xnDiEEaExducDAizz1ZFg1cDL6F3rEiG5r3V4g1AxGQ
E4YnbxEMtg9988ogZrG2Bgmb5FhZk3eW7irwz29TpK8g
74MCLCGZ6HKYja3Uca8UQN5C3bw6NeyNXF6xRqaWkaFz
6hyFrYJasjf848gT132t9nQMMFBtyKas2DP6Ca7uXvmb
HGyxAmkMVfes2DD5op8uusmGewNyX2xV5eK2c2TEscJZ
AgPhAsvcwPfT8bcAQxfyvymHdS9enkCzHDZP67ihS5YM
3GFSEgAQb4niaJRPjKUFxKpXpyJjZWijgM8pnbk6GYzA
51oET2dy4vCmZ1JMGYR9hbsvsLng1vcLD6z2AZp1uq1j
FjD9nUmzPPktL25Eax5CKrxyknMyFxaC8oTRgb7RvJbb
2n5PbADyQXeCMztD5wnZjF3Nn2w8PmCmqSQ68TT6Q6KX
GryqvMoqZFnmTxVMduzUQt4RtCZZCTKRZwLNuL4KyKsa
B22cgQ4fpdcAfbNSwQ3q7kNuKSDpGArVXi9Vgf6zEog9
7EtUMtEpedsvMHBAhLgwxxgcPJZB94T2cwHxaemWmy3S
73tF8uN3BwVzUzwETv59WNAafuEBct2zTgYbYXLggQiU
AjdQkJ9wkEg7Y6bbmwMRPVSanHv4mzhzsgurmfd6EaGT
DD14d6GeuU7FBN5c9WmgYkFzPsgRxBhtkQpYEPbLzTUF
AhAWeSC2k3a4Peh8qPu42Ujh98Uh22zMy8vkst1dVRXM
5V28cSsngWmq1n36JQPpVPK5oM24se581ck3obbjjSyy
E6BdoEi3My25cnxbW39kHPq1Wo1pnqU3GX6QQP57XajV
98ydFD9Zy82zVKyAh8uChLVPyqbKmiVyL988yscnSoiZ
5xMCuNfVWAP3yrABeyfs9QdgFtKefesUnsUFoPWfU1a8
7tMyU22ViPrhY14fy31bSmTsQK6rwc9q3Zbq2u5RkZis
A4wZ51JijJaf1deL5sXmEWe5hgU4TUWdupiFPuGkLxJy
4k9aBR4iEG4VnZqZ8kuuPoh7NhAymsnAyr8UvyLuwwFG
9ej7a4re5ZsayUKYpU91q5UEakEjCwK9mFb93zDAKwUM
6ykYU3fWNQnoNunJKDLSVSZWCMPoajoE8EVNzKCYs9qT
8j3M3KYvBgF9oTDVDqieLo3zRxgQ5vDHsfJPAs2TKbb4
5n8qhJjgvCjiK8DhttDMQoAq8FNJgtQe3cCZp9PjsNB
7VD6TVNCwj7BsfG4mcy3xVSCBNRVhBBQn4NtxC9mKp7z
2QpWokgNmq9UdseJEenS7WQ4bdZhnrQiLpYkoktqLdmP
FEFpCkrg3gGRU4dFDdeqvfT3Xtvt1h8Evksmi6F7kaNf
4ks8jvtHN8JoWJME2KrPRi54XzDbKeiKXmb3Qy19naip
9nF2vqusHupTTNgw3quL4f3jorvPdJ8VBPv3Uw1xt3Mv
92JnT9ktvUSqU18U4NC5TAcNA2ASc3bwaCmaf2FXHUR8
8pvjuHGYakaPWkpvMkjDGtWQW36u3z3N5dtxXacoW32c
Cm8cYtgtfyULCzisqUnMg68aqqi12PGZScouQfJRfrG3
HSMpu91pytUdBFtKqUkeBcbzZNKCseyZP9xoV3fLJuZh
DLbcDo43ey4NxJu8Q5T3jxdBaU8yjU8y57KJt3PVk5Za
45nb485LKf1pEhsTab34JnbBb3wXnAAP3xh98xdzP8Zc
EE6ferhX2jvdHpVRnCMhidFnsjaf8SzaiY5sRW3CT7D7
GcSRyzBvmJpXQ4aa9AFaFxUtQzBAXX4gLvTg3QriYr8Y
4pUQS4Jo2dsfWzt3VgHXy3H6RYnEDd11oWPiaM2rdAPw
6FeDsmcDe16XRGzDeFHasDxYiTPtGJbbwLmpAqLzux1f
EZsxgTx6JXqZS34sDynrFkKD1Q64Eve7AW8FjawFfovV
Cs1mvdqm7F2K3SPE8vLcJaraPutCP2vQY7SeJ4vQrk18
EwNi8DxAxWFyx7A8SCCYsY2CxWDPw4QHsbS4jgkyXwYH
HMCuUsfswf8ngtNg1E8RgpcthsnjakGfSptKNqyzBuYb
9nF2vqusHupTTNgw3quL4f3jorvPdJ8VBPv3Uw1xt3Mv
4pUQS4Jo2dsfWzt3VgHXy3H6RYnEDd11oWPiaM2rdAPw
87bVJ1mvLXK7TByxrVYvhsA7PiaFYVz5YhP8iVxWMj9p
ETNk8FZ83JfF8Tpq5gsiRyK7pvda2e78iEU3cprnrgtA
A63kbt1qHwMtSRWLazLdmeoGigGEjXmHi9F7RHWhogkG
J8U5pY6vDAHfEq1pmX3jvtGjMt8RpFjnfVbtTP4rnpQ3
DGC8NJsrN2TdeUia796AaRH2LbiMExAjWsnX5oaZ3NkM
6MS5NwY2eaAQ6XNbnrpUJXQEWTNC1Co42VJmT2GA41mp
4zSAQEjPtC9FKdgr3ZYGso1sJoCjBsMWHW6trMkohELf
AYTozFMYYpMC9FXydAreSBmUb9M9i3PFEJmmhDUEFtrH
4pUQS4Jo2dsfWzt3VgHXy3H6RYnEDd11oWPiaM2rdAPw
4tDwWSHmRfaHFWHSuSZy6ac5HtRqURxRZ8k4PiWe6Dwm
6ykYU3fWNQnoNunJKDLSVSZWCMPoajoE8EVNzKCYs9qT
7BEgnmvPk5kDhc2qeK86GozqqEvmWXcpQH2oDAoJ9fcR
Ezv89CmTQKBLjFvVpmDpGz3bxbxD8TfKsT2svRFn8joV
4cKqqwoADnQVUAapaq1CrCwpBwbvCSohZPzB8aHooJjk
AcqArvqhr9i92Gp5URBcosmzYtoMHMrYz3yiQYEP36Hp
6m8f76xn7rLQaf5fyuFH7f2jSamyMHxBX7L3agYn2Mq8
5sz2X6BytP7gbo7Xka2tByYQbXqutC1XcWufQvMcjwWY
27KPJgnWEshxJAbXsKzRxvp31dYCzvXGmLGZmJGyg3eF
7tMyU22ViPrhY14fy31bSmTsQK6rwc9q3Zbq2u5RkZis
7Rc2EiHPue8BJasestxqZQT8hf13Z1UELT9Fm8ur9W2o
BjxXkzyq1dYwZXvofJavvCyHgemjCf9mxsH3pfzppvK3
HqWHKaLGXXi8rk7XZvFscoRCGc8euhDsZyaHAedkvGDn
2x4bYCr864KM576uoXnoVVRGviA3SxgX9oA3QwcnXPVS
J93Difd8Nya2C8ii3kjnbPyZEVKPTGu1KXaxe5wRghHd
4fMHv5Dobkjf6NoDvPWSQE8UhZGs2Jhjgu8iuwp5ynPD
68qZUb4UviBobRWxaMJQPjGzEpVkb6xuY5k3YMfU5zCN
ACTdfBcRqkHYELbEExZEqd2jD69Yg4CMMyBYDvqm9Qqg
4ReyBodSJygchFFm6tHfvGQdBvhrCr3UqWTCvUoNyvfZ
FgVYBs7Qag74oSNgFozGH2zCXeWZKyff6KNyQBGVZsF2
7qYHTT396PoLrPToEtbQZSdwzqVPpDgYJcTAtbeozmh4
5V3LirCw5PAjr32tbXMYcymEydJbzoEvoBkNpZRo8wKj
51oET2dy4vCmZ1JMGYR9hbsvsLng1vcLD6z2AZp1uq1j
DcxwCGCyJWbiD5y43pdo8Tr9f3Uj15NoVdNH3RMmy9wL
9Ti5JKhqEJ61uNi6mvN4r9whZ9EA7aa8FGiSypCbcaKj
urKQ3q7qrRytMBhoJ8jv3C3743RVFaV3wE6fwPoxmmC
4jvJMGgLqwP25CE9NH3HhkQWrCjG3K7Uxr27szxokJJk
34ZWCdvNBgT5Z6kUpCUm6p8nRaD8VD1SE74G2oWiPcEd
BJSXGMEpffDq9sVJm7Kj2qEw7aTJy2mQB31DfkKvAnpP
DbqiZ6wRAA7vU6k1dPFN5P6RWymSu6FRpaiyxEYUMPtw
8Hj4C4Row7TkhXyG53NaofbaJW6xYmZCpKPzYLdNGJ5P
H6zWfaikJVEqkydM2k3qu9fzvo5HvHrC5PCsMh195V49
8gRu1nNRCENJT2WcUvdnyxCvAWJadBoihxnFunzDTeUo
7o4NoA1g1asZzi8D4fRPjVuDR6YkKGhLRwVbEFfmRWX7
4pUQS4Jo2dsfWzt3VgHXy3H6RYnEDd11oWPiaM2rdAPw
6P6ZFzBjH6hx4ja2SyeLh2dPvgEZBqna9UYNT1HYGszt
6ykYU3fWNQnoNunJKDLSVSZWCMPoajoE8EVNzKCYs9qT
vqk4rNkuaHbPHqCEf58R1na7QR7VFsZeYVqwxATJpRx
HbzNeo8CQF2Vrdv1tRdCABvtEtXhwWnErtq6ohSxxrhW
GCuqskvjzqZayiEuc7rqS2vF7cYqSB5G9bfMeFsRvirf
7GetnmM4kAtyjT2aumAcPsHcJs2hfNmMQWoAW9NqpAZt
3HFJjff8iUTvjLuKHjzJYzJZNvG46FgGPz8bgTKYUw5z
cwWv9GtW8Kx6Y5kxfvN432r3tCDvPK4yx4yJe7TGgnQ
2pJCuT2K4zRzkWLkE8THMjsZyKkANB7VEy6Rk3cM68rr
AE3SPA3rjyzxQF7nZTdnev1Uy7rqJxZLqXQLzCkti3qE
HQa6qZBGcqqtCwg7pnojFPWbN7XyeVuMYDwHCYW2bN9Y
3LUQQErJAKezkLKMhXdmMmd4oYMm2Z12KFgwpRP9sWQk
D33AVStLgB922CBBtPnfdzvrZSRFzoghJvSL1ckPnPzw
5HaSTLxZstbFDnWpTmCFcMxnJdFwivm6ykcNxYa4yjtS
CfLt5YAXgYjwnbguVZZXFMShycUbPEcQBmkTnfLPYt2j
5AwbrzztsJT3wbgYFNLhyFXvncrMP48z3qBY7QxC3gqb
HtSwEwZPns7o98tngaATrxr5nhX3s6W5kVAfMmMbvHrX
BrZbvWW7ZDDgDnYm4DeMGq75LLtn5JhoU8eYWxearkHF
D2PVQWhA56MdcPwZxJr1du1FGPufoemwgwFB9m3ELquC
BNR6YFAu6kn2SgxDZXdwLdWMfgs8SbFyxd2V8d8LPRWe
97xAKp8FjyXkiYqTtYWN9ArD7KxTevzaCAo7VCcwLAsK
BuDg39eXVbSVt6QEVfxkKPk25Bap55Gdeif9xh4AFaa7
7yF3ZSPNYadfu425TDXR6XVGUGKFS12GRvH1Hbf5rFoK
7XeooqaDHBA1UxTSVojz1qtr4zTyU5r7YBWAtryhrA8y
BzHu964qt7p6KW5Fx93E4VR2xYuTit3NMxAncrLc7gj4
EAzuPsCQuDDm5EyUeSS9bDbrsDrKejiRNJgLJkRvqAWz
Dmm8RsFmFmLm1kF6ASKhTKniKE1uXVbneJ6y3yRUf7ZZ
52fnnETfSPvYKJk4jxaJtgHfun37xbETi4vpahCfs9t9
KRUViqacuZLUAioiUpT4AdTjUZcuBsj2Lzajn723Fwr
27tSB8zipHyQJT6KpXMVXAk9wrTK4z9wWKjhocVhKSVc
FpjcR5LnWuP3eqHLaGScwZnKEMNrkik5aWUJgJruz7JU
6YjrKrMyj1nEpCqmej5eD8ExK8P9BbiFvqTLK3Semid5
51oET2dy4vCmZ1JMGYR9hbsvsLng1vcLD6z2AZp1uq1j
G8GH9y1UqyoFZd9Xtzg7YdbpxrHByfW27cmqhgnGnCNo
51oET2dy4vCmZ1JMGYR9hbsvsLng1vcLD6z2AZp1uq1j
HMCuUsfswf8ngtNg1E8RgpcthsnjakGfSptKNqyzBuYb
7P4Bb1pCMuYNveYhg2j445cmTRCEGp2eAAtBQUv7Jz89
AgPhAsvcwPfT8bcAQxfyvymHdS9enkCzHDZP67ihS5YM
EyJgdzad47ZKM7fVWe5UhKdszkUeDaEXmXypNXYixggw
A4BfVx5YcSTa5N3X2enQZdKaBMjHA9M4ANfFvHWaaseD
5b5t6woAX1Ege31GEGZofqsZtBstFdFsfe98RLnNBvwu
BU9GQbSnXQcF59sm5VW5vM4QP138cM6s2vV4p4HhrDjY
FPJd75QXUqtp8kAoqLcoPaWM5UvvezjZmEtW4FefjdbL
L7vksHGNsmuNi2yuAz6MVyczJhDBLX1VhmGcZ4EQtiP
FysYPUn2fKPaM1Np7ijreSckKy9Yy1Ahv5jKNquz3Ugh
J3EGnLwVBrdhY9PejTJYG2241smr9X8v5BjjSw2QWWo7
6WSGcP7XMavdokAXj73xhUUaUrwvAgM2tTfQDEYCxpUW
58UwoH8r8wQzm4C5iSPmSc6fkDcnuYARKQ2mBm4f2c9e
DbYP1EvF6Lk1KZa8t6MzFsoew41wMyXm2DSiJG12x5SZ
AEUto3eFWHLAmmVRq3Vo2fmHXwte525jQGG6D7pN4RRd
EowuvTyG9deFhP3BxAJ2gsadBjJpUtbWgNrFFreMpuwp
23XNgo4x5FwiQbN4TV7MZ4ssDgQ398vrpkfD8F3S8KTj
8dngin1RSX4oE34XehdbEs8MnDTBzZZk4ENDNgYAbvAg
4pUQS4Jo2dsfWzt3VgHXy3H6RYnEDd11oWPiaM2rdAPw
J3vJQwvJjASPrEXEmpyoeshxRCRHVjUGesZadLqPo89k
6BvM7UMn7kFWVnSAfyv7j4FsySQMzHTDvyLA3emSJKYJ
GP5wZ1hEfpD9TxhZzPGQVWSS6VVBaGY7J6dt8KeQuPxv
FYMxU2XGJe3oSSi35fgSNkpTXqooDjMfREeodZh3wbfD
FBkdDE9fbQobTccnZr2XDqrpeevmeChEiPLC5ABXUXfE
7tMyU22ViPrhY14fy31bSmTsQK6rwc9q3Zbq2u5RkZis
GSMjXjGwD2R3vSeDG8KUdo2e8zppxfagKVnheLqSJPtN
BDnE6Yp7d9cJYjWUkQGgYhXcfnJq332wMQM9mDkNNNDp
54Mo68jPMSBhszCC8dUA8hJEpQxfjGFyCcTFGDJcTbvX
DCTeYphaDsdFWZ61JXusR3dwLqKWkYgCjkxZSQvPzRuK
4P1TpNg524esR7eNhc4auQUFxazSa5CTYukM6FmHBFec
2vhNMJt9fhQs7f9YQubaS1MpCuUdx9o8zTwqxzkfcLof
51oET2dy4vCmZ1JMGYR9hbsvsLng1vcLD6z2AZp1uq1j
o2Aug6JB1RDFk7yYsf8QCjpWo2WzgwFkM115gtSJU8r
GWqPacdCUUUEPT9EutHEUauKNizh6tAxqyv7Nx7s2BqD
EriyegNj5UWSpuTq1zicjEExG8WGUVDTJCM8MySHSd8N
EczHAfEajWAwvFQ6t8ns9rqxCr5XQMqqfbZxBBJBZByh
8WYRXiQXQSoAMw8A25HuTiTmkg2Ax5YTaBxmHZk6s5LY
E8pAWPsMpvuvxU6pqJqrq7yip7n6VgzpAcpdqbzcV8Nw
CVAHRzXua8aLUW4VKScJWKCJJuQsc3anfBAwyWgm7JTq
iDvudo6j4YuZno7a7QmPvDwDKjS7QzNG4Jx8ZoLZ6bJ
AuiTnqBtycycSastFHrNjqwQLexhhRqMH7wqb1yD8SBH
4JjnU6tT13UAp8fgLwQYR3XqR2CdUT4gbC8ppBFrYyUy
GyeFbvsHeLfSFVpWN188QA8wxJ8dUo83wUMMeUwB9aEW
AEUto3eFWHLAmmVRq3Vo2fmHXwte525jQGG6D7pN4RRd
2KcCvxiKiWTu9XXLMSRnNqCgvZaLfYLx4aiecPJHqjrb
6aVxAU2nNjSUmDkSy5zgavKcZNKGov3xhi6tUPLnULLp
E6cf5us72RkxYu8hSUX1GNb1smNVAJhtDd1Gyafzb6Bc
FgKev1SSzvmVNPwg8QMTPLFqXaKthfejPw9sajPKuA1M
4cKqqwoADnQVUAapaq1CrCwpBwbvCSohZPzB8aHooJjk
DWaAVXvNg9NcNUPLCwRbAhc8NVmFzSLPQCFuwkxgp9Tk
Hq2vbwtD7pmSAngbgrompQZhL1ZJ8p5TsJJZmLmsn14o
G3HF6iRqzaztLiGg63JjiqJSrgoFBNQC4M9QfPDy7Bss
CeXyRqzXX8vEcBYY2pXfWtiiQAPj9rFVJWdV3ZWemkb2
51oET2dy4vCmZ1JMGYR9hbsvsLng1vcLD6z2AZp1uq1j
GQt1WhCMUDsQEhm8eap27svsAWrtzyyWr1bNrQD1NYu6
CQ17ThoiA5MA9ZTULyFQYBs8S2y9byxkCi3mpfvXX9rr
DhW2PE17rACsMcTPvhh5p8hjJFBizTj7hVGfwKWhFQ3o
FG76su3WQy8KGGWMXpomdj4mfcxmucEdqDxtQvLc3YPS
6mesuhcDT3HnDdd18KWSLf2xapZnk8tmT8EePj6k16Qa
GpnKen3QMaLc1CzFsoy8UbcbPwEXRXb5k2qTkTcUa3RX
CzBuPFMJQbPLw6k3B7z7KNBwMWfJZZKTFBYZLhYB27N1
HKmC9VR2rRdGMcNcdGVPqAYWnnLBgmFFDur2qYUaeRXR
2mSEEsrV1sQ82J1PztWQJ66GJzy5NeSDuFBozNeBqAqp
AsxYivuyVu6znDgnwenpLSLvkZDua4mGKxTvM2JgoeDU
2cN3AKrLjNUvAzcdePsomZEnYieuDF2bAL3i37jTWnuA
BU9GQbSnXQcF59sm5VW5vM4QP138cM6s2vV4p4HhrDjY
32ZJNMMve28xknkYjZUvUJ4s6P7YMvE3FdwGzJFLS3CC
AEUto3eFWHLAmmVRq3Vo2fmHXwte525jQGG6D7pN4RRd
2F3pCR6Ju413NwpsC1knkXUu5WEZCYCJfN21yGcWwUZU
C4aV75Q7DxQERp7tc9Lkkifv3ripDP3eDwpEFXLrPeqe
BgDvK87FXkH8mS1j1YQNaBcpJpph2asbw9EFcbLD6cS2
DgA4aNakbWwjENL45gpa76Mt6dVaA3HYtphjy1B8eVw3
6pNJvcqwHfZuFpdp8bL6QTkoFWc863f7mdN8GsxDSGJL
CakCB2mYApvhtzJWgmejHjuTAVDGbBk5zjzrDctgkxjM
E6cf5us72RkxYu8hSUX1GNb1smNVAJhtDd1Gyafzb6Bc
8zfdGUKpemtzs2Ypb8reoN3A43o1ZkbwFCBNzpUeFeUo
51oET2dy4vCmZ1JMGYR9hbsvsLng1vcLD6z2AZp1uq1j
E9y7NMvKdis41LkG5popFzKrCdxmZt19TXdEot6ZAtbp
EZsxgTx6JXqZS34sDynrFkKD1Q64Eve7AW8FjawFfovV
2n5PbADyQXeCMztD5wnZjF3Nn2w8PmCmqSQ68TT6Q6KX
4pUQS4Jo2dsfWzt3VgHXy3H6RYnEDd11oWPiaM2rdAPw
2n5PbADyQXeCMztD5wnZjF3Nn2w8PmCmqSQ68TT6Q6KX
4cKqqwoADnQVUAapaq1CrCwpBwbvCSohZPzB8aHooJjk
C91QVSPebG5w5SP8Wg97bqfnnNfG6j9QDuTFC5EM25jz
2dK4eVhPEh62U27NFQEft1nUqntEN9eLpibWa1EYGNpC
5Y8CCGy8hJHyqVqmH45HvRhprmvr32SWt38h9MfpRpso
CJf8xXpjjrADii5HaMcrmHpB9dENMLXJWUtxxfZCNM3M
A1uEtUZUMJ2ZeMX4PTePcAmFN4neXhmxA7SpmrV23vu5
AkdfJa5NmE1pQt3Ai7DpgDg8kryN5qTZirp6LQcpen6R
2jQTV4dbMWUwfWqvhebjcLx3wGUqWqaNtipVyR2wP87P
CoVHXZysMuv5ZtqtuEhmUh7YB5tuWhFarZ4xqPNQW55W
91briqxf1kWBeVfqGvcytwm2omo6CEDCpeSF6NwFx2w8
DCTeYphaDsdFWZ61JXusR3dwLqKWkYgCjkxZSQvPzRuK
CVv8iAZGsd2sHVsX1vo2iT72uBDNLsuGNjxSAxFNNSCX
GQvVxDnibSXUbeE6gvK33WFhtXB1tue8MXkxM7WmTAK5
4pUQS4Jo2dsfWzt3VgHXy3H6RYnEDd11oWPiaM2rdAPw
B1HcQD9fugxYPPXahV1krS58F2ePQup1VCsfZvJCY3Gs
3A12BaejhfnW6q2uAHa1pcADTGyiAytJVFyY7Me86ZTR
4ja2N12Zczh9K25zGFTfao6yPdTZSfA5Bw4QueSmQCYJ
63wuimptAy4Q8ypw5w5rbjbm6RqnnB8Gq81cLchairKk
GAsHrFqoCZSMT1kTqQL3Fqcs2Ev4DPevciuCDHrG14gd
HTfLTVdc8BbMQdahjkpPJJUiDdpZZVbhFX7mwW4diZo5
FmksPwoBrN6jQLx3tnVuF8h8XfFoRmNSSS4A4pDaVJwA
9ej7a4re5ZsayUKYpU91q5UEakEjCwK9mFb93zDAKwUM
54xrf4N6fvDUvoMZGP3z7yL6bY4c2ZB2pd64g892iSuJ
CkMFDbNEwaNiaQKaq6uUH3hmXp8oQKcGy9cT12F3xNLn
14TJ82sAjiw2A8rTqGiBeseHp23RZqf3yZ5PovWSb2jS
EczHAfEajWAwvFQ6t8ns9rqxCr5XQMqqfbZxBBJBZByh
9ZWCXsiLeiaRCRmtnZh74Gityi3s88Nfmoo5LbKQncsK
6cxR31FgTSxgnnS2cdsjhpbzyzYhpdJVTrxdHmnM3uBw
GyrzWsvsPYmnJ2ZSpxu6tJvFZR3q2jixuCgBJsdtm9kA
Cm8cYtgtfyULCzisqUnMg68aqqi12PGZScouQfJRfrG3
3uExCZNA4XcoLzfvjPPK53VpgXqKuWUBR3dmjR2c51TR
DD14d6GeuU7FBN5c9WmgYkFzPsgRxBhtkQpYEPbLzTUF
AiY57XY5SksuYzSnCmsUYdYbDhJncuiyXR5WQfiq5YiU
8mfSvKNsNfV1XFkZVJV7YV3igWdCJuJefV8GimBKvZsn
4pUQS4Jo2dsfWzt3VgHXy3H6RYnEDd11oWPiaM2rdAPw
7n5DGDVDnLVBw3oT4e4yDjnp7ZETy4cq544UUgpkpso9
4UwXJoMgqKDFCkNhie825pP5uvvjJdwLNgGSZdAuBn6t
56aHiN1RoxUVbiLsAWFQtRQqa7Y1qrpGpY8zb7ovCMQX
E6cf5us72RkxYu8hSUX1GNb1smNVAJhtDd1Gyafzb6Bc
DNRrDnPWMKfQsSLCZCa9th1SBsd2n5TYAzqcfEGZafpH
5mepnqKwP1uu7BF3FXne6xMb8nefMrWUJDSUkfz7N6MN
AwUe4aJHHJKWhz8qgBQ538t6Tm5Ay1oRoyzkrT2izA8f
9nF2vqusHupTTNgw3quL4f3jorvPdJ8VBPv3Uw1xt3Mv
G4yn6VjDQoRRgqKVt1fp2uei3rFHWWKA5JwWPMM4eCgT
AEUto3eFWHLAmmVRq3Vo2fmHXwte525jQGG6D7pN4RRd
APywYwgg6HouuCiqxb4FFSh1yhGTg37QExD8BUHt9MPY
cACEdxQF6BnG3iBYJwWRgCPpdKCdsR8VhuNmcaTZdDP
46Eatxgjy3xK8osMjVWmeWerNWVoeN4hoCB273oS4Ubt
2n5PbADyQXeCMztD5wnZjF3Nn2w8PmCmqSQ68TT6Q6KX
8tCYiePween87r9v4rphcLys7Cv3DXJGKsLUQBNo7gJZ
9v9D9kvePLBANY4Zx2PUzn75dHuQMMMcs7mZLYy3gMaF
EriyegNj5UWSpuTq1zicjEExG8WGUVDTJCM8MySHSd8N
2n5PbADyQXeCMztD5wnZjF3Nn2w8PmCmqSQ68TT6Q6KX
AEUto3eFWHLAmmVRq3Vo2fmHXwte525jQGG6D7pN4RRd
4Twh97WSqnCv8A5XezYJeFPcgmbfJSSDAH81dRzzRVaV
DLGJ9BRUeoh2fcCuvuapfGde1nxUCZZKGCd7UJ7khxiq
GWPZR1uzTUv8UZsYoihuxF7B9az6Mt1B8DAoK56CiKmh
6niQWU7nuW33ktYiiXjicAouaYYiwTZcgge3u5mZUtsc
BVFTQzEas8kMPkcugksaTTuLnQJ8ESxtLryk4ngdyvjU
7srUnsGigLyApFwxw3MgNawzDrEkDYpjZtoQvBi6ayeU
98AatykBWAkoJP1PdbeDWmw2UNPAnuz8c6joyw2ZgAKH
6Xk8d5MFs3n2QcjUxmSPvq82pTtzTdmDkNpwHJQGHqJT
Fb91U5QEiaicj1Rn56drPrE5xj4LiVE5eu5UoS58wH6d
8nqPJw8HELJhME6WVhXFt7oc5GcQGGPqU16QP7WrRUe2
wCeVca7Ry9B4eKJb2JeA3Q1KkyFUCdhvdWmEC8mBcEd
D39VqYd17fcnnTwSBV8i3GVUU1vAzLuqRErkPBdn7BxH
5iDcmVaSaskGaYt28dAhTw5zWUC9UPSqsf9M384ofg55
5zctBVVPrXEywMfMpKPBE1ztFyaCuHya868XKArkfen6
CkxRMCEtvseDys7v78SKLMnPJsrFPTTCQWezobSQuDU6
H7E4JB8ebHaoKQe2Z3NAwXniKcuy7VVuAoycx7PYAbE9
BEybAouvF3e3wxAMf2ivWAB3LeWY8HbMBv66NtocSV1A
APbnaMh5jXT91pevLBenckSwNjEdnXCxvnpyUt3W8iZx
9nF2vqusHupTTNgw3quL4f3jorvPdJ8VBPv3Uw1xt3Mv
CY7u6f6TG8qPFxnng7LWAFHDF7zJX4jCBXiQLzgr3omR
74MCLCGZ6HKYja3Uca8UQN5C3bw6NeyNXF6xRqaWkaFz
Hew6XJcEjQAx2Pi4GWogr68dmbST24g9xtumKBqvhkdL
7gXRnhYYPAiUbYCehz44qhtP5cEsC7X5kj7xCW5o8zQu
AEUto3eFWHLAmmVRq3Vo2fmHXwte525jQGG6D7pN4RRd
C91QVSPebG5w5SP8Wg97bqfnnNfG6j9QDuTFC5EM25jz
HxGr2AZnLhyDxfL6vGCgsVpgHzXtgtWjZyNmPFvQNsBH
9UznikQC4aA68hcMurcPqZ8EGSrvNcLbLcj2VKG3S2QA
7GetnmM4kAtyjT2aumAcPsHcJs2hfNmMQWoAW9NqpAZt
H7xSughJUWq9wnpC86rvtjqRpW79SmbASbzr8JLNz4Vu
51oET2dy4vCmZ1JMGYR9hbsvsLng1vcLD6z2AZp1uq1j
47ZJRamq2rvTVxcFQFs2499ixJcmSXCKgb5FRnifYNsK
HBBkVN9gc8jwsLWkyhW37UQbN3JCeBAK5mCqzdrWPTha
EWC6ESChdBqExhp96XPMLXR65pXP6Ftuh1pPAVws4pmk
FpSrQMhnYa8YRnEQqKstyi8DYsMvET71CPfnmJkBSSP5
CN73dyGHvhfN4djn8RQCDYein6xk1HTaAXaiKqHgrq1y
9U8SH4EnkKXFRwtpndWDk9M36UrtYcBfU7pyeQfU9DCK
EwXuQ4tuMSJLirF1J4DqZ242ChbQT939Tk5ZSKZ81jcs
ETARb2pXXdg6aFC4cdaogcEzGeYU2askpokg5WhjPrXF
B5wGRziAmbZ6NMGwatX7s3rp9tWzDL3fEJojQwh1JREe
EqgAo6GYYkcXs1E8cQinSaBAV9tC9tiDaaR2RrvWKygP
51oET2dy4vCmZ1JMGYR9hbsvsLng1vcLD6z2AZp1uq1j
EqPQKm57nesqbcWakEzQ275EmMPYtPr9WdgabV61qQ5X
FUbP8zY7nQj1bN26x2RMr7eLyarhNRofEqtc4JKcfhKh
5qLUQwffcHESZuVwjDYfzj7YHbZfhGeeTSiwF2aqEETf
DTX8apmFABV814sz3RkDJWxYT12yKEWuwUCqGqVVEapS
9CeQYRt1eK15SUAv8AE6XPhh1ijhBF1dyPdGQGAiCfMx
9nF2vqusHupTTNgw3quL4f3jorvPdJ8VBPv3Uw1xt3Mv
Fzo37iUDzeZES24cL1rRuCyP7V9xxseYbgFSqk4FotPX
GgZbQhys91T7bwVrnRSpzK1DCnzAjcM42ZtSs8PC1B28
4pUQS4Jo2dsfWzt3VgHXy3H6RYnEDd11oWPiaM2rdAPw
8j3M3KYvBgF9oTDVDqieLo3zRxgQ5vDHsfJPAs2TKbb4
2n5PbADyQXeCMztD5wnZjF3Nn2w8PmCmqSQ68TT6Q6KX
92DixzBQGg5kQFtf3qJu9azgqkCxfFraAKHrUcyzSXdr
ACvPUFsShe2hb4ydNhvfKwcWMPBaE9G1XfNXNZGkScAr
CqdQFPWATQUND8eMi2Gow5nCQJ63eB55SsixmN83Y3rc
C91QVSPebG5w5SP8Wg97bqfnnNfG6j9QDuTFC5EM25jz
7KbmFStnBVAUB1NRKuNFdhzXtj3mfAT4jHLXoFvFFSaS
DWaAVXvNg9NcNUPLCwRbAhc8NVmFzSLPQCFuwkxgp9Tk
F51Fz469okWs2REtK4L6USHHt63Ls6BeUAY49fQKrPAW
2zybLu6MtHzCKU4gNDgk2VdTZUeZkpe7xRKhqhPqE971
5AGJTTR28CLMPJSKNC3zkzNF4qEmwgpWLuLEoV73w1hy
2n5PbADyQXeCMztD5wnZjF3Nn2w8PmCmqSQ68TT6Q6KX
6EaUcSgB2AwGXiEmGvVwEHMr4LQVRQnZMoSMSveDKXkb
97xAKp8FjyXkiYqTtYWN9ArD7KxTevzaCAo7VCcwLAsK
4ox8atxyrCPFsF3nfmzyU8o4kZhXkJCSo55PknT6Fint
DJjXBs9yMzEYGmCNwarkqV7EHu2SSsLGFG12kVzqqHT9
7CAA523SWi28Ld9HEdgWaGMHaqbPeSMpUduzNpcTUDSd
7P4Bb1pCMuYNveYhg2j445cmTRCEGp2eAAtBQUv7Jz89
4pUQS4Jo2dsfWzt3VgHXy3H6RYnEDd11oWPiaM2rdAPw
2n5PbADyQXeCMztD5wnZjF3Nn2w8PmCmqSQ68TT6Q6KX
AEUto3eFWHLAmmVRq3Vo2fmHXwte525jQGG6D7pN4RRd
22PcCdkYNqVVtLwCQ3BSi3YmZaghBCgYNeAvBcee29Tt
7Th67AaApkgwdoxQyeyYAGoMvTojbfrTmL315gBzKyWf
FvFuRYgkjz11ju1Wfsz42HaTLdhLeU3gFzHNs7yBxuzr
51oET2dy4vCmZ1JMGYR9hbsvsLng1vcLD6z2AZp1uq1j
D1tMMrAaXFLbi4eugULzX5iHj4CHZWqUN3oJZ9UWZV6r
6YJnbJjte2RxBgDs2RKqMghFCy7f1RFbGvTeZDqoYrL6
4pUQS4Jo2dsfWzt3VgHXy3H6RYnEDd11oWPiaM2rdAPw
8zfdGUKpemtzs2Ypb8reoN3A43o1ZkbwFCBNzpUeFeUo
FScVh3sUhmXXwLsyWvhiCFwNs9YMYk7J6xHXXHZN9fWf
Gi6bLLg3t8szXcG4NJ36ygVawTYiyD2Z63sjxSY6tUph
51oET2dy4vCmZ1JMGYR9hbsvsLng1vcLD6z2AZp1uq1j
6dWYKwXPMgr9dbsWsE8FgsTHgHudFaF8vvaQTvYcHnn7
7gq3awy9HeAsSZYeeqDDtZ8CVA3H2GHogBEHYR3JrkFe
DqpRzMNQRkLFg3TQy92xkfthStrbqfPzLeGrz5WgeD55
FXYWMBqVQPq9Rg3v1sg2WZbuANS58JfBCaxAkS8EBCUe
EXP4u9nrkF47uGs1ryEzNs6SbNsyriwcQ9a8dKNzzmBi
CmKbwqVuv5C67PZYgsyW9W6bTUzBybsJm5kNqHp8M9fR
6ykYU3fWNQnoNunJKDLSVSZWCMPoajoE8EVNzKCYs9qT
Uo7my1W9FduU3efy3jPjpSo9kfXtPem6boXiiv35FpK
8j3M3KYvBgF9oTDVDqieLo3zRxgQ5vDHsfJPAs2TKbb4
GZ7dL3aqcVwynsidEqLTUnsHf3iK5wvNFsCEJZvoVXFe
D9pvLPFUVywm8x3GUW2Zn5Me6svraVAnyDvoQQURCATW
DXe9GQg9ksRFa3yH5yYr6dtvQk4PQUWtDFdWDxKtKoRq
GryqvMoqZFnmTxVMduzUQt4RtCZZCTKRZwLNuL4KyKsa
6bD1KBFQjY8ncSkLxjFnAhURQbELbsBapaLNecqozNrC
Cm8cYtgtfyULCzisqUnMg68aqqi12PGZScouQfJRfrG3
97xAKp8FjyXkiYqTtYWN9ArD7KxTevzaCAo7VCcwLAsK
HCeV4WprXuh8F6HxYAVHSrNaeK17jpQuDnCnKCyTsoiQ
AM5mu6p1LhL2VdHx55NK7HKycahcvL5nYWMWsSQCbxkQ
CWiXLx6juMmaq33BPXGJ1k2DPqzfDyCQWoAsUUe83CqP
CnHFRGF4efz7JR7whGPrUP39W2oEUdvRYeaFzp2byeyD
6WkubxrGPgffYK4ccs4k8YG7R8oVcjp6C2ceRpS5LZDj
Gg1dcDi3gUqt1DhwLKgUWRRdpjgwqVAzKDXiKkCpd2H
EWC6ESChdBqExhp96XPMLXR65pXP6Ftuh1pPAVws4pmk
EZsxgTx6JXqZS34sDynrFkKD1Q64Eve7AW8FjawFfovV
4pUQS4Jo2dsfWzt3VgHXy3H6RYnEDd11oWPiaM2rdAPw
CakCB2mYApvhtzJWgmejHjuTAVDGbBk5zjzrDctgkxjM
3K4QeLVrbnd9Jc8hsZANQEnx48QpPZpLkXjhvYYioZE3
3cN4Krph1b9ehhYiMm9uWN5WEGTttoEWSyKQaPGbsa8S
GjHHfepj4ZrEgbh9ynPgkADGkXqsLSZU2kCFHWcvC5nT
6zbHJGNdqq7PawynSgxW6csjVHAN9nm51uLNMZqpxZts
6rXGLWZhdAsoYs2mGEYCfm4nMQ3rxqbWx6c8syVo7hpm
AhYyVr6C9uDmRLEySjBVZLP945561HK2vhv9B6aLYU5v
HxGr2AZnLhyDxfL6vGCgsVpgHzXtgtWjZyNmPFvQNsBH
CXNfqdwy7PFrZZZzripYa2SZTbx7sG4EATDGPab6xNUn
FSVxZGe2J6Kr92xdQYpP74dxd4uT5Yhbq6s7SPxJF31d
CscfVynGt6z23oaULLsRfukiJWRkSKKZzMvk5JFX5wgo
2ATUXJQBBPrxiUkrpo9avX3kjV2PnFBAD6AYD9jc7gVw
5cShNqx2E54RJK49myPhE757RJAEgnGKcbRqPVW4nwjC
8Nj7AC1oPcx2oC7Njihwp9Ee3Aez787kvww3sX3Bdox2
GRKqLdY4K4VhQC79Sa6EeNpSKchuXGKkZELPAUtg5UiU
51oET2dy4vCmZ1JMGYR9hbsvsLng1vcLD6z2AZp1uq1j
FSVxZGe2J6Kr92xdQYpP74dxd4uT5Yhbq6s7SPxJF31d
51oET2dy4vCmZ1JMGYR9hbsvsLng1vcLD6z2AZp1uq1j
5HgCS3rFUHptayfWZvSuiiKDYxpqBoetksDoiqMaSFY6
Cg62iH9s5gSmBdmtxTTADsVjZkpikdfUqZMtYVYwJa5M
96a1AEVTVxCjdgzEW6rg2PpytucvWLwBVJWPdZJCZoYd
7RvtX4WGag5Ggy4oMtj2ni3oc9amEPmscdHLGvGQdZsh
7P4Bb1pCMuYNveYhg2j445cmTRCEGp2eAAtBQUv7Jz89
7HVLeXsaSPF9dRUDKWaSRs11zmdiGqAkM2Mf5duXCxs2
FpSrQMhnYa8YRnEQqKstyi8DYsMvET71CPfnmJkBSSP5
AgPhAsvcwPfT8bcAQxfyvymHdS9enkCzHDZP67ihS5YM
7m7DxtsMcuaQGHv78gGd4C8jJhnx6PMy5oEibQV7dtxQ
FeqZ8qhXvok2gPfc7fK3p1CHcdoNJz6afcb8fcbLYvYD
3ZKbSv5JL8eYCbw4uZs5cC45LDDYbgA1gdkQLB56VPVm
8saSkLfutyDmETwfGqSUckgPo4Bo9xpMtSJkU2YDGcFF
5C27bmKCZu97TsUBrAQhjH5csToJDJtTHrTnZAxhWuxP
4pUQS4Jo2dsfWzt3VgHXy3H6RYnEDd11oWPiaM2rdAPw
AP7H1xbTDGwvctqZj5xHeCZGy8i1jGuBQBWq2KdN4U6Z
bae93fAqQRbzRBwLnC5ZeDt3j5uX23nD62B3pwvpgXB
51oET2dy4vCmZ1JMGYR9hbsvsLng1vcLD6z2AZp1uq1j
E9T5NiubdouJLAXTG3YE6AWHBgC9XhiXvoARR3RwyUMe
DruXuBF5G2BYxNFA4acWdeRQERGb2i7rxLWfo1WM6p9k
9aHMWhjRbNyNXtZtVtvobwxAc34s7Zy4ASzBwbUtoHT8
5MWSsRmoNgurHMU5CicvouRgSeDMXFAbJevWKQq8RxEH
AEUto3eFWHLAmmVRq3Vo2fmHXwte525jQGG6D7pN4RRd
7yRmnAy2KN6bvvr1nKqVsiatrGv1vHG81TsjqPWsBb2M
2KcCvxiKiWTu9XXLMSRnNqCgvZaLfYLx4aiecPJHqjrb
2n5PbADyQXeCMztD5wnZjF3Nn2w8PmCmqSQ68TT6Q6KX
7P4Bb1pCMuYNveYhg2j445cmTRCEGp2eAAtBQUv7Jz89
8kX16Yj2WBCz1sPXcimafGrutQkw3s3Swe9sR3gt3cC2
C9u28tV9EcKf6iqCxcQvh8M4fnxtWU27vmS3gVwwVKSm
6NqrTWh5B1cDprwcU8RXyThc96Cjyy2VpCPpk6wRxdpM
CnP33htGVwKHF4psPq57QnRpiNTgKW58RyceytoX78n2
GNweeVmB7D3f3h3jMsA4myGNPgqUqqVCP5WsAqhhhEFF
fDrSwAtfvcGpvNqhMtFdz5p87yaXuS4wFSzHBEnSB1S
HYpWUkEfCAd3RhybkPRhTXcCMu5vNMm8gge8rgrTwpSo
AcuEg5PvtpxeNEAsiDVjUAjMPdqMSAsyi3qHekqpBagF
SqSri3CM7V1GLSoKJJbePSt7UqGpEpiwmhnsJjsf763
AUaQdhcN5mVRvA71B3kRWUF9BQTK2h1V4rUqkTw2eLEp
EEUHeJFM6mUeN44v3kpepHXXBcGY8xV38TjTNxHEt76U
5bLozdt36jRhXhLNTjf9zGy2q816ECWpZg5S1shaLqVK
Dwj4zWKVznRgnm9BDSgQhbqShQbCP3ifr9gao8ZjHTjd
HcaR2tpC16emF6MPzBzYbQRsGutmXRDnJChin2Srnyqg
BgDvK87FXkH8mS1j1YQNaBcpJpph2asbw9EFcbLD6cS2
7uCsLRhWmRw3AHyb4hnifXxiwqNXi4UB8Ac4ynnrZ5hq
97xAKp8FjyXkiYqTtYWN9ArD7KxTevzaCAo7VCcwLAsK
51oET2dy4vCmZ1JMGYR9hbsvsLng1vcLD6z2AZp1uq1j
97xAKp8FjyXkiYqTtYWN9ArD7KxTevzaCAo7VCcwLAsK
3Rx7mjqk8MXhtjSX6k4kE4iwFvmi1zvW9rvhhigoYtPG
GzeM27i3pijZD4use3WtjmZnBwKrUtYobkKfwV3FFRaL
4cKqqwoADnQVUAapaq1CrCwpBwbvCSohZPzB8aHooJjk
EWZPy7AYvvv9yCTWRAGMCxQauLM84eNRBsdSZpBML7Pv
CKMDD7Xp4pBztCG5G2utc3kXvFqPJ17HMDPUwhLiHzhM
4pUQS4Jo2dsfWzt3VgHXy3H6RYnEDd11oWPiaM2rdAPw
4pUQS4Jo2dsfWzt3VgHXy3H6RYnEDd11oWPiaM2rdAPw
FjD9nUmzPPktL25Eax5CKrxyknMyFxaC8oTRgb7RvJbb
DxuiZs18ep3t6MNEXg8rR9kNFqyfGZ4RfJrvkr6zHYUy
E4YnbxEMtg9988ogZrG2Bgmb5FhZk3eW7irwz29TpK8g
EZsxgTx6JXqZS34sDynrFkKD1Q64Eve7AW8FjawFfovV
2wVPzBVxzYEjVcDyyhaztLE6khXq5obbPpFbh1cdK8yN
GewJW3eLePbtwrqvy62A1BN5LoB3TZxpwrFUfR4ZH2xZ
9dHu9r6wgmxnWxPhUNSUReGFRxzYNfqdYqGbZRFVTpmm
6J4dFhzDnpE3Dpnr7rYLJEVKXGibcrZxaNJKeRhZLNnU
C33fqSF6Ks1VieHexoRB3bYbxyeuCAuGnowqxckkad5a
6MS5NwY2eaAQ6XNbnrpUJXQEWTNC1Co42VJmT2GA41mp
89obRtCkiqcTkPhfrhxWzrBCdVzWiz9kgAHpPfEA6sma
HFwBQzvVe8qz1M7CxvxQPRtUxJ7zxwLg24TpABcWYTUb
9oJ1X5p7MR4kgYpG6vRK67CXXDe5AgVDuBi78aHWhCJk
G21X6EEsigc5ZYJSjFHabA531ssEc5vgXuCZKUAYZCPE
7gRnTdsyyu9Z2HKqa7492JkTJtRfAEssyYfXKcjDzYwm
BumB3NaNkK9E6FLsCALqP71HgMZDF1EBigmt9p7Dckw9
964TmKyFMVaYGeMnEuPuauSc6475AYd7M1VjCuUZm8w
Cg62iH9s5gSmBdmtxTTADsVjZkpikdfUqZMtYVYwJa5M
2fiHCXfQCsaToCXMCJMyiTtXyrgBhk8Kcx7vMwBFAD56
H1qs1phjLjWPyDmdeNS7JM1piwtnxLEd5jkBYJn5uLUc
6Ev5cfdxNHtsWSLUQqPdjPcxMxGbpT3tTWtkMwLV75T3
97xAKp8FjyXkiYqTtYWN9ArD7KxTevzaCAo7VCcwLAsK
CxVTTpS8CCmcmp7v7E3VCSq5sX8MbRC7AJFmaD2WAbFb
8WYRXiQXQSoAMw8A25HuTiTmkg2Ax5YTaBxmHZk6s5LY
Cm8cYtgtfyULCzisqUnMg68aqqi12PGZScouQfJRfrG3
9x5kW2UTuJ5jNQW31WxbVAaWn5jRfNUJUq7SKCR9pQam
FaJyyFuhWWngjU31Px8z1h1hnowj3hXCDnvFXuLfVtGU
9SeFbAaSgay9WMX6v7AWSQDbE5Dw6T6TNHnsCiEfGRQp
4MBHxrhxfG3EpL5w3DE3KrfPpDYDafH1DFF3goEz4dnd
EoEv8EebiUmXAC64TkiWG68F5cjKY74M7Pq5zYFdC7c7
BYcufhYPyrKqVVsJD1Gzf8UQL7q2wuGeLjPARXQH2vo5
EAzuPsCQuDDm5EyUeSS9bDbrsDrKejiRNJgLJkRvqAWz
25x1f4mpZ4NcJ2KQhsdgGYyoKgNaqfF4ZE6BZAyfgKAy
DbqiZ6wRAA7vU6k1dPFN5P6RWymSu6FRpaiyxEYUMPtw
33apeLJZtc7FvMqWoLU3yWupJCN6ijGkKUD2gUmjhxe9
2pJiSPZbvxoJA8YiQVq1JtLLusozCWwcDzDoeWBcChwG
Er8ca314e8F8FXbQi3SSQafKpmsvpCTjqTunN1kyNde5
CoN1wS8a6WkS6y4CR3UMbKNTxR5a88TTR178xDWSm2WK
FvsNx2zuecG9WmEGJYRwo4sLtowrVPPecjSxRPP9G15C
4pUQS4Jo2dsfWzt3VgHXy3H6RYnEDd11oWPiaM2rdAPw
ENaitWuQShMrtnPhATzdnZSEKDo44o3RQm7EyScDAKaz
Btau7MUs5r6m2AjhBNFEZU2ay7Fa6fPCb8tke2ey4Czw
7S8Gg58LnFubLLwmRKet6iTHvJBC1gLy7jt7diKY1UBz
87bVJ1mvLXK7TByxrVYvhsA7PiaFYVz5YhP8iVxWMj9p
AM5mu6p1LhL2VdHx55NK7HKycahcvL5nYWMWsSQCbxkQ
3qFXw89gzFzNjieacSxmws2VwmCZf2yFxHAiQvFWXqcY
6UbzRF27enSyg4Fdg1YjpDB7T9JokwWn21yorQdVekgd
CGjEexuki8tYteRxpEEq28ivbcsV8aFmhJS3RTZzM7vh
6zbHJGNdqq7PawynSgxW6csjVHAN9nm51uLNMZqpxZts
BMSTukA9vm2ohgiX58SPutotkNs8C7Kmcztk2zNvSRJ8
FMpyNybU9kdX17qsiprVSDJYPM4XmZMgVDx5dhhJeMio
9fahkUnGgcy9fFpp7oQxHY2DWFzpZcrKYs29sk3sGrcv
CakCB2mYApvhtzJWgmejHjuTAVDGbBk5zjzrDctgkxjM
DRshGmVTtRPDPQXUF6G8d3c4V1NQwQn4bhghjWWHqhk1
9cQepRHEXLZC2F2ncuK9HY6b228dQ7HNCuxZatWZXsNe
CaYMCmEV5MP5FkoSZ3TkN2919SLtvnE5KbfzRtPN5FLD
BcJnHyCQE69Q6CpUZCXh65HpwapbtsgBEREpvuzmwDvs
91Rjpy1Bs1HPhoU3XXp9bFa6ebUxuF1igH4S11Qc61sk
HHkbYGkcS9Dz9g1SvxrRSUb5ibiM2mCircigQqYqPkqj
BAo4gHTphwj8FKEioGQwSgbaTKHZqDe8L6vcBpj1xb2F
J3EGnLwVBrdhY9PejTJYG2241smr9X8v5BjjSw2QWWo7
4Y9UfgZiu23XojLHraqqV4a68aSpBrqXFu32DJfboNBA
51oET2dy4vCmZ1JMGYR9hbsvsLng1vcLD6z2AZp1uq1j
S3MsrJCCyXA8syCsDCgVGZUdWAJ4wGrzJ467ooaVDmj
AXo7GshnzRDUZeV4GdhoMZR6PGvCL5PFv7mdve36ifZS
AAP8XjE6PmACA5nhA1BgxgyzJqyD1LQtjbbHAX6NiatZ
5sz2X6BytP7gbo7Xka2tByYQbXqutC1XcWufQvMcjwWY
9MvMUhQjQH1yE23i8n3PjKpvsmZEcNr92hL9W3ZxXPt6
8w8zNnvPHSoUJN2HJibCPvZePAtuPATo891ZzPEA4Yik
9KJbbRm5qjnWBNZNv3Mhk2hEFqqDAYcCHuUPxnG7W64g
6zwp2ZDP32Y2SBCDJd5AjdvqfZaWGjPK7jTNhnSSCwB2
CSen5Dy9AgY7tawJ8gtA1hyaarAoeHAEYqcsBLxpZ6bp
HN28RiEB231mY4j1pJskrU9oDMw5KRHub7MdaHh5aJy8
9Pmvq7nXxCiHfosWBK8Hp4R6Un6jXZuaucj26NaC2bcp
8BYZdyyBqARFd3NvX7aJ7hEFRFQgBCupVJL88gEmcV2J
Fdw9dV2ucRUtN1cbGarKgaAxFRiyx5k6stiMQjDiwEY4
5ssu1FQCAxLQZUbSnFXAuPn2eDaZBTWkc5QBChh2yxAa
