Transfer 1 tokens
  Sender: Du4Q1DRJc3wtpBmwZBVvf2REH8L4mwQaP6mB57nPeNid
  Recipient: FEFpCkrg3gGRU4dFDdeqvfT3Xtvt1h8Evksmi6F7kaNf
  Recipient associated token account: HDz5mSvMzTEA6XHjbKn3CDz1V83FgBG88cjb7prZXkgL
  Funding recipient: HDz5mSvMzTEA6XHjbKn3CDz1V83FgBG88cjb7prZXkgL (0.00203928 SOL)

Signature: 2qXwNJTqsU3MCJh8qkgGCc4nfdR9sytmcrt3AruBq8499Vxk4yjyZoiDaYrHX4seYP5NCLBdf2gb8cRuFN8xZeyR

Transfer 1 tokens
  Sender: 4jhnTdrJUNYnkfByiQidjTJ9FDr7ps29m2KcujSkQw8d
  Recipient: 33apeLJZtc7FvMqWoLU3yWupJCN6ijGkKUD2gUmjhxe9
  Recipient associated token account: 2HEUV5V8GzK2pPs8GTPQo46gyXKo3kmA1R4Hret2QKHt
  Funding recipient: 2HEUV5V8GzK2pPs8GTPQo46gyXKo3kmA1R4Hret2QKHt (0.00203928 SOL)

Signature: BDBDY88fwBxTxMLdHSo3CZ2qm5BcUB8NRrFJVohtrh1NKV5sQ5pzFg5CZJBzTPKeBkdBNqFYcg6uTPVAsdbwiAb

Transfer 1 tokens
  Sender: AgExsK6BvJYosPMjSAKHCTTmUEhHsYwRhjzfERSPyNhG
  Recipient: J8vxiR8o4NvY8wcR46iuSpSAjXhBwGCgrbo5LWA3corc
  Recipient associated token account: 9gBWQz94UQqFX3Vr5NjRkGuYRHxEA9JHDBV64UNSGzcZ
  Funding recipient: 9gBWQz94UQqFX3Vr5NjRkGuYRHxEA9JHDBV64UNSGzcZ (0.00203928 SOL)

Signature: ALrBxXJz2ddzbLpx8pKV7hdxDyJyEZE3wx3FyqkbEMPGHHszt7Kj7H5zfdKuY5FsFmEqjMrmQKJEEM9wmsgkYFK

Transfer 1 tokens
  Sender: 6owojxpG8DxJWCTzcrJ7j78QPTA2VPxMR4FD2F2EoQeR
  Recipient: 5Cz7GSRKnuFDaXRHeNJpHC77aqU9BY97eXNBBCVhckLZ
  Recipient associated token account: DPRTWxrxDdErU48KmVjiyBC99YZXeehEPTTkMMsGyeBC
  Funding recipient: DPRTWxrxDdErU48KmVjiyBC99YZXeehEPTTkMMsGyeBC (0.00203928 SOL)

Signature: 3WstvWDTNWGUZFbUL5rogqeRaQLiRwddiFGCYNcvfmVP2qFCD78pm7xkh78nZ74fyCyfyJRayHqUNaf8SyLZUk76

Transfer 1 tokens
  Sender: BMa4iioS4Fsw6xXJUAJEMRAhK1D7EiLXF3vGtWxKtdLB
  Recipient: 22xsDuVF4vQCENwpCxTBsF2QmzE8Lqxnxu5N2PhV1Rjd
  Recipient associated token account: 5BMkcKABeR4kA67uKh62M63xeJK8aEhn9zerRe4irhNV
  Funding recipient: 5BMkcKABeR4kA67uKh62M63xeJK8aEhn9zerRe4irhNV (0.00203928 SOL)

Signature: 3hEqmcZ6cMYntZVsWQCWmmdFKbmQvHLoLALsBCK1xnk5BsRmNPVimoPvSNccyPyNSz4Bvs2qioEJh9BBYr6BqiUm

Transfer 1 tokens
  Sender: 6zC5tmy68AP21rFyD8hKraGDeDg4eBTaYgCdGX3ugDnb
  Recipient: Dqw9ywsAz6yvvFFXh3qjAzM2M3hGxGUnh2Tyx55pf9ZK
  Recipient associated token account: 8TJpuTYPNrGpiTtKsZsoTYGF9uUV4VrYhDYAabZ7VbFX
  Funding recipient: 8TJpuTYPNrGpiTtKsZsoTYGF9uUV4VrYhDYAabZ7VbFX (0.00203928 SOL)

Signature: 4riaQirh3ATWRnkVgYwKHBvZzKsJCNwiNuVTapKe1zkGUXBnZcKJiYRuKVgnXEkbEbioxhXeLo8ks3hcKpLJXQib

Transfer 1 tokens
  Sender: 2FFwtNeTEWqz6FxNpGJGNV8fnsXYz65xqe7MybYdeofc
  Recipient: HHnZSFR9USDN5LwCqjdrYgHQJQs1HK9iFDUkD2dqK9LD
  Recipient associated token account: BktMpER2CrqEV8sNGbcwGycYajTiA5FDVjLPbVjg2iG4
  Funding recipient: BktMpER2CrqEV8sNGbcwGycYajTiA5FDVjLPbVjg2iG4 (0.00203928 SOL)

Signature: 2SXmVMQtaJcTDjEC1L2Gq6JcFpQ1nFHDjWb4hibCc2BmkhVBTGXhGLVgWpYwVMG3sxwHwmESnMMcWHWfodLVG7Ua

Transfer 1 tokens
  Sender: 2tphNqid2rnGUsXn9kw9y6Rukc6h7Ptv6eatw5pyExaS
  Recipient: 8zfdGUKpemtzs2Ypb8reoN3A43o1ZkbwFCBNzpUeFeUo
  Recipient associated token account: 9kDFowVgSTSeRLQu7891LCBp13uTMZS4JGY92tBbXvww
  Funding recipient: 9kDFowVgSTSeRLQu7891LCBp13uTMZS4JGY92tBbXvww (0.00203928 SOL)

Signature: 5oKwz2dj3SFW88EKMBxFGLHedthpTxMFQ7nDnUm7vr8vXTDWc9dYnJVZfa5CyM1Vszs7nFmwZovDDYavXBVcTNSn

Transfer 1 tokens
  Sender: DHkpXn3WbM3riVYzTbe2iWy3MxXRcY4qRUiVVEtcyfRk
  Recipient: rDNXM3FBaNpgzXZ49VDrqN1vg2P5jpd9wYYSQqiYHxm
  Recipient associated token account: 6oxPpCCpfHxQ9VV3pLSM2iwtwXmyd273JiM8ZgnNrtPh
  Funding recipient: 6oxPpCCpfHxQ9VV3pLSM2iwtwXmyd273JiM8ZgnNrtPh (0.00203928 SOL)

Signature: 62uPAZbuQwXJw6wysWiaNRYXvn5EhKP4QzZcZbQDJ13W9gLmCFCmR6ZgJcFnPmRRS1wwpfyrx7DFndu2TU8S1EVt

Transfer 1 tokens
  Sender: 2cRA9NcwFqw9pZ38F3opf8RXt4aS38ZANjerKBQzhpch
  Recipient: D33AVStLgB922CBBtPnfdzvrZSRFzoghJvSL1ckPnPzw
  Recipient associated token account: 58XQQAG7CFSc1nvtyWrfo11SEuaLFrop8hr6KW4DoFCW
  Funding recipient: 58XQQAG7CFSc1nvtyWrfo11SEuaLFrop8hr6KW4DoFCW (0.00203928 SOL)

Signature: 4HQyWAsBwcSkho7dVkc53x6bfpwXs2Weyg7EU6Z1WTTuctywVn2va3t9jE2SGzbTFTA4CoyYU3nsEUmb8nHHhxnN

Transfer 1 tokens
  Sender: 8avzm2JdWLBn2gbzxV9q9LDBq48ojWLe3j7UCe1mEfZd
  Recipient: AsxYivuyVu6znDgnwenpLSLvkZDua4mGKxTvM2JgoeDU
  Recipient associated token account: HyFoCPR2FhDbhJU4ooQs8gLx2ZEkWNAmfu2HMrezazZ6
  Funding recipient: HyFoCPR2FhDbhJU4ooQs8gLx2ZEkWNAmfu2HMrezazZ6 (0.00203928 SOL)

Signature: 4uZpYRGG4dpdJE6ZcE62jGetTmq4hLy9isNjWRexcR1VVQFM7pgiKJirdaqJu8KVo1Mr89U7iHhyucDNsKMcSiAW

Transfer 1 tokens
  Sender: 8tTYtPxaok8ntRGDsoqZ4mkEZSSbmAwnAx6mTM5xW7R5
  Recipient: EZsxgTx6JXqZS34sDynrFkKD1Q64Eve7AW8FjawFfovV
  Recipient associated token account: ApNoe8WMuZxUngA9EAuyyR12CEpRLSjytYhjfPT7nMXg
  Funding recipient: ApNoe8WMuZxUngA9EAuyyR12CEpRLSjytYhjfPT7nMXg (0.00203928 SOL)

Signature: 5jynpmA4fudmSR2xbT3Kjyq4MMaV2urXvVoYJ4Fa4YAE7kd67wurbreF4RWwTntfiM7xJTqC6gc7m7bGgCsPS2r2

Transfer 1 tokens
  Sender: 8tWCNjk5xSjpP8yuQn2mYBRcBGZX1G2vsYKLwAFC3oi7
  Recipient: CGqyDdLVve1Ws8xLQbxB5spzBhsCVkLw7PzcMrwATiwW
  Recipient associated token account: AVt3GoZ6nrnkPp3hA6UM2ytJtHCxPKdZj8vvnwxy8NgL
  Funding recipient: AVt3GoZ6nrnkPp3hA6UM2ytJtHCxPKdZj8vvnwxy8NgL (0.00203928 SOL)

Signature: 4zx19m1mnHtnsCeWcAkXfWNJ6SEdFQYH5NETW1yW8Du7hUPGEftTP68GHBResmRz9mZrbCAqdiTquh11jWKkcuzX

Transfer 1 tokens
  Sender: 5BJmmMZBgwdFkqtr13qsNWPyh9c16Ly22UwaVqaQBUH3
  Recipient: BgzrMG1JjLGKH6aVgjqeK9myAEjDstMEPBE6MKHoy5hA
  Recipient associated token account: 7Fhv2aJ5Zex6Sg9UJDNqSx7e7Ji3VRZ5ma7g6CDtgbgY
  Funding recipient: 7Fhv2aJ5Zex6Sg9UJDNqSx7e7Ji3VRZ5ma7g6CDtgbgY (0.00203928 SOL)

Signature: 2Lqm8do9NrR1v6j1Yd3USmcwLcMvhAiKMzDHzmMi6t6eLZmBf22af8w4QoWK56aiSDxXuCnYSCeb2jHbN7auNw6d

Transfer 1 tokens
  Sender: 9mQGJqpHnYtdaCWKjK5xBVD7QmbMu5ytzhDw2kiBaXeL
  Recipient: GMsWMkNjBTmehwKsSkk9hqaRWmTi682DwrADihyPcjcb
  Recipient associated token account: HLW2h1qg3huy1cLC5iBZVu3KtNwzKGv26MdPetXhyn63
  Funding recipient: HLW2h1qg3huy1cLC5iBZVu3KtNwzKGv26MdPetXhyn63 (0.00203928 SOL)

Signature: 2HNni5XBjG8SSkWAVz2fnqRW1HuvfQ3tVa16KSUwUr3UPNziNPFD1MeREWdzknNtkgXUUYQ8YN9KRKzsHB9w38XH

Transfer 1 tokens
  Sender: CgBEN6qCznEetYg75TvThgiboxoMdaHp17EnKCirkJAn
  Recipient: CkDpmZ8ejuasqBckZFmPmNAkMdqCKSLov9eLW4sZcdto
  Recipient associated token account: Bt11kUYQjK1EveRnwRhissHuvPvBFzRUHCa5tEbhsa8T
  Funding recipient: Bt11kUYQjK1EveRnwRhissHuvPvBFzRUHCa5tEbhsa8T (0.00203928 SOL)

Signature: 3mKJueHb2Dh7bCimtNx7BCZABkhfQao6nU9mUzA4xxwDtAD3ZmQXCMwEfavC2tCqH8NRS5u2o2e8LnAX3RUNMxqP

Transfer 1 tokens
  Sender: 2BQn8Zg2aEFquzFDe2Jfqge5fDvnZGsqufJTi9gSJFGH
  Recipient: BVFTQzEas8kMPkcugksaTTuLnQJ8ESxtLryk4ngdyvjU
  Recipient associated token account: Gg43zqnR92JA7psDPH75YVwtqD3WENwjx7MCc8ogFaqq
  Funding recipient: Gg43zqnR92JA7psDPH75YVwtqD3WENwjx7MCc8ogFaqq (0.00203928 SOL)

Signature: 4qkJgELCjBBaVMy6QsdXNB7nWdrwGNMPpSKbDKaD3yd49XWiyN9oH52jeajXSymbPN2uZpaDMQupyCWg9jdXzoDJ

Transfer 1 tokens
  Sender: 2FPHqDgbwT2PBLNYNB1rDuViJXFeb9oVe7fcNFcEXuw1
  Recipient: 2HmdWRAuG3rLm6RmzCZ73HP6avBgPhJ5VNvNNQzUVjxX
  Recipient associated token account: J3J8zkoMfJxZCR1QLL4FrXgUe7AJUeReJzT2h9qzsMNS
  Funding recipient: J3J8zkoMfJxZCR1QLL4FrXgUe7AJUeReJzT2h9qzsMNS (0.00203928 SOL)

Signature: 44uTotUf3K1AASKYDZ2RNFFx5hum6wyJ7ZGZkgPTjsEPi1A2oPwZj72EapaN7AqcQGwMVyYv5yxVASLn583jNHDg

Transfer 1 tokens
  Sender: HjKvSK2xc3BhrnJ2zcyMiC5Zzq2TeT7LLKmGsYCXBNJA
  Recipient: DbYP1EvF6Lk1KZa8t6MzFsoew41wMyXm2DSiJG12x5SZ
  Recipient associated token account: 5ekLY85udu9CpGsqpj9Az9hR9xx6RC9BebAdTjekNhLj
  Funding recipient: 5ekLY85udu9CpGsqpj9Az9hR9xx6RC9BebAdTjekNhLj (0.00203928 SOL)

Signature: 2iBiwY5y7UwEbRi7wKW8YY8qEoSkZSXwzRTqxnVKBc3br7bsY2ob1D2SnVQh57kW2VYzAKjRRFPhkyRsLPGxegNu

Transfer 1 tokens
  Sender: 45jRk4E6tbdh3aD78Dg7LL7xDenpD2cL87skCXGL38zp
  Recipient: Bs5qqAfXCJGoPT1UpMr2q3bzUidr6bRhdiJmHBrKofqT
  Recipient associated token account: 7QSvZTRCpJu2yXgHC2RHCiMZ6beKLd6h8xrG7FC4RPEL
  Funding recipient: 7QSvZTRCpJu2yXgHC2RHCiMZ6beKLd6h8xrG7FC4RPEL (0.00203928 SOL)

Signature: 2gg1f3pSAHN7siCungE1u19kDQzY7cqvfWJ97aojTC9FnkyaRCqdZ13JsQfR4T4kFtP46AeRgMtXtGUxca2bgssP

