Transfer 1 tokens
  Sender: G8Z22vWMuafq4TAT5aTu3TbyYT8ugy5E9iVyie4ru3ny
  Recipient: DWaAVXvNg9NcNUPLCwRbAhc8NVmFzSLPQCFuwkxgp9Tk
  Recipient associated token account: 7u9pt8subczkBE9KRia7dJGqDrAUbD7aQ2g9VQWyFvjw
  Funding recipient: 7u9pt8subczkBE9KRia7dJGqDrAUbD7aQ2g9VQWyFvjw (0.00203928 SOL)

Signature: 3JDswyfbMfaGWzRzBENMj1BvP4d1MQ3iE9FdAwfNmso2A1KVxNmr7remF9V17xdumTi7DxwMEVcdqAZBTmeTjBry

Transfer 1 tokens
  Sender: DPMHuBUZmx74s6L5omL18Hj9C7ZpmtPdXy79zuccefZ3
  Recipient: Atp6uadUeFADQYrnWBMoBpVkMFhziBLNvQrjFsXadAMo
  Recipient associated token account: Fzit1MvwWxJqFKwepLcx1tb8BijUy4H2PPfvfWmNvvnL
  Funding recipient: Fzit1MvwWxJqFKwepLcx1tb8BijUy4H2PPfvfWmNvvnL (0.00203928 SOL)

Signature: 3nTearAudcRAmDzgkQHQJNhuKPHStnaTBc3ZtJNkbP5GFuHMocJyuUb5N9CSrSnEUMZ7S7JaB1fEmSGprKGR97gw

Transfer 1 tokens
  Sender: FA3fXebqCESV729m6KHUvEUVWqVAXtsSnmxN2YzQkC63
  Recipient: dzDXojNy77xvEtkWnSYPGTB3VCVfGPGJomqVdvuPvHE
  Recipient associated token account: Fme7oPLTYyrVFxgDSh73GdAYjizyFvfpCff6gf4fKn9w
  Funding recipient: Fme7oPLTYyrVFxgDSh73GdAYjizyFvfpCff6gf4fKn9w (0.00203928 SOL)

Signature: 4fFaFTYbJ3xJx9yG48E3gjwHRS5ZukqFZ9cAVV2VeQUAK4dhb6thS4P1RnQHep6Fms1Rb8XZif9V5Pcu14MS4J6v

Transfer 1 tokens
  Sender: AmmKdqEYYGxwKm3RYUnok3d4ikATHDV1VbKMEZP58ToV
  Recipient: Fp97htUt2k5JTcPvD7hy1MdggQZHr1oHtmHZ4jUqTZh2
  Recipient associated token account: 4kgTAskTx5Sq4mRndKzWB7ZMiUbNQVQjibCLWAajgB7b
  Funding recipient: 4kgTAskTx5Sq4mRndKzWB7ZMiUbNQVQjibCLWAajgB7b (0.00203928 SOL)

Signature: 2ZaUxWAZn5ZJC3E6LykVsUJj1GG7t4DfcrwypgHuhoJsdB7K2nzyMDz4ubFECC9wroENRf7ZvS1dT4JxFgAEkKCT

Transfer 1 tokens
  Sender: CZZnhPfH7o2fnar6uufQNMkyGBgpuRkh9Ntv8kmvbpRK
  Recipient: 4CVLbLUcNUdoXkb7GhEJmoPgiiv7G6fistNWu4Rx6T9L
  Recipient associated token account: CGjp2ZnQsD9XbmdkfNTjgnYHowmi76aWMxsma7rNnsn8
  Funding recipient: CGjp2ZnQsD9XbmdkfNTjgnYHowmi76aWMxsma7rNnsn8 (0.00203928 SOL)

Signature: 5p4nLZh6bViFoDUQygsBfF2vMjAMYqvr352Ci2FbpQ9AwnJuZQ8WwMze7YP7AVRBRGW23DWjQUREPf49VCkjdidy

Transfer 1 tokens
  Sender: 3A6BDgJetDL53AyVpK7fLU4QCHFDefj17zfGP1ykiTHX
  Recipient: 3vipZF5ThSaE55jGnHE1PZhCoHvRfBHvihP3pQ8Ph7cF
  Recipient associated token account: 3EPAX5evhPayRCsKBBHKngqXw93aqA3VtHr9KwVC4bYc
  Funding recipient: 3EPAX5evhPayRCsKBBHKngqXw93aqA3VtHr9KwVC4bYc (0.00203928 SOL)

Signature: 4sBWMEZZ1yAfSpWbs4mbVdw6k43j7k4U127YHmoN53pqocwB7YZKAquhMtH12rhk4t8yn4rh1YXLb5AzWa6fzkkK

Transfer 1 tokens
  Sender: AR9N8pD1Ny2B1qb69dGMnCVrHEUpf2unbEnajJx13Cqm
  Recipient: 45nb485LKf1pEhsTab34JnbBb3wXnAAP3xh98xdzP8Zc
  Recipient associated token account: FeTNvGgembLFh4P3WQQWc5svZZreymUP3io5rGdo7kmj
  Funding recipient: FeTNvGgembLFh4P3WQQWc5svZZreymUP3io5rGdo7kmj (0.00203928 SOL)

Signature: 2x7LhoC6NdWfDfh2387rLBYynD3jsdCfy4dXaedekKpEceoQXYVbYwWTe5S2LEY81UQNSus1NfaAheHJ4Gdj7JZP

Transfer 1 tokens
  Sender: 69pr8nQ4UzToGboa3Dnsuvgc88QUpphj3oF9qytAbXR3
  Recipient: 4feGgguZ8pfDacgzWMk2rpp4odg53QvY86TjoPtycFbF
  Recipient associated token account: Xmvx9u561u7c9WkpP2oys1aR9X2iM2XyNuxHavFtH6a
  Funding recipient: Xmvx9u561u7c9WkpP2oys1aR9X2iM2XyNuxHavFtH6a (0.00203928 SOL)

Signature: Lwi93Fo5L8idpbnPCNdJSkXV3S7MVUHzebDQdwn989yA6GyAaBjFNEv9HSsYxa6wYuvTP6Yy9XK1z2e9Ef3ReJW

Transfer 1 tokens
  Sender: 4fR7wbw5AAJUW5XKq6SCWM3WyqhsLRr3ZUaiTxo5ACPy
  Recipient: 4GSGks3QkdGe43mwTdfKHsPydWMwUtukmPuYDYvsmrmZ
  Recipient associated token account: E6Qz3s7ywJ88iZRTFh2qtgE4w3AQvKXNAzsH7gRDaCzd
  Funding recipient: E6Qz3s7ywJ88iZRTFh2qtgE4w3AQvKXNAzsH7gRDaCzd (0.00203928 SOL)

Signature: Z7hDSMN85FurH2N2g35e1YKixPaK2iA4oLjku29BRjnstLVkPazD7Az6ptfiB6LRcQ4sXNsUXmEkuJqQSiZRdNU

Transfer 1 tokens
  Sender: 5dATgw4KnENTvcvsnqXXBPx8baPBr18zAtB4KueNppLJ
  Recipient: Ldn4w1zXoukjaJegLhsk1L3UBx4jPHwBuaQDo37KN3r
  Recipient associated token account: 9nuXG7oUfhdvJPsMUGaiK7dRVzSWSMnEiueEY72gH5v5
  Funding recipient: 9nuXG7oUfhdvJPsMUGaiK7dRVzSWSMnEiueEY72gH5v5 (0.00203928 SOL)

Signature: 5yZYsGtMr9Nf8yM7zNzrSs9fpx61hZWYMSHTydCrA1b1pg9eeJBmmfpQACduWmRFEpe4nsfc4XjCjLBEoMK684qR

Transfer 1 tokens
  Sender: H6Pg64oD9iBV45SagdWxaFvWJURZ43L2qhEUb5TSDD4t
  Recipient: 72GAVS85vyaRypoQavWSZ18sjoNWyQscnXx7J9BMupQS
  Recipient associated token account: H8YhoSXow1Rs7fQWnVn66T2LNU3mKXqMp7NfPKkvztQm
  Funding recipient: H8YhoSXow1Rs7fQWnVn66T2LNU3mKXqMp7NfPKkvztQm (0.00203928 SOL)

Signature: 4xPSU6SuspKi79Mk5sMBLfzUiMMurG4D7eS55qwUSmWLnrXH1U4iG8iJXEbJHxxoZhXEmHevHnDRBm2dsLDKGQqt

Transfer 1 tokens
  Sender: 9cRpSBqGR8hBG3GVtLCcti4BvoaxA8yDUiajNTFuM9PF
  Recipient: 9ZSG782ComhZPHe8AxXDP9VGLAuAJ8cwjoyf8iJXTL5a
  Recipient associated token account: 2Dnh9jBhd9q31U8o1QDh4HujqWruiFa7BjmH7sCagSVy
  Funding recipient: 2Dnh9jBhd9q31U8o1QDh4HujqWruiFa7BjmH7sCagSVy (0.00203928 SOL)

Signature: 2wEVNX1AbaGKEoeZrddLUBEKXLRW1kD1LYEwY7TeFNKyjcc3aNRw7XUCTvC7vHzbeAyk2YbQxwjWWxsKdf7vRUNe

Transfer 1 tokens
  Sender: 3ppViA5itgcTrkwkfR97Tu44PrewD3H6NLWVqL53kBWL
  Recipient: apezNrdNkGzJT5mfLsqMdUWcGmZwWRxUb1dUM3xXRwu
  Recipient associated token account: G52U3BKyP1xbUufzeMsX4CU262KpWqn13CbdxQGAD295
  Funding recipient: G52U3BKyP1xbUufzeMsX4CU262KpWqn13CbdxQGAD295 (0.00203928 SOL)

Signature: 58J9HfQwehHxPAYEDoAajNLKhxn9UHE6CnEiKpDvBypgu3QFr4AEHEDXLQLvmdwWQCvCs42hnyCRJLuG39hhaQU2

Transfer 1 tokens
  Sender: DeEGBDH3q7NFXTBqkMsJxpqkbs9U5jEJjASRMbmJdi8v
  Recipient: QermhurVSebxf7aV5PbCJ16EMLtjShpyFtpifUMKeqW
  Recipient associated token account: Asyg2KqDfg1dJuA4gpjHyZk6EikjYdwp2T3UsrWaxApw
  Funding recipient: Asyg2KqDfg1dJuA4gpjHyZk6EikjYdwp2T3UsrWaxApw (0.00203928 SOL)

Signature: 5mMHWiw3LE8NLqS3LgbiNDWf7ZeDbhUZtj5DM916pifp5dcytPZtmGxnZjYNMU2UkiHLgnc5PmiVTPCMeWjpeHA8

Transfer 1 tokens
  Sender: 2ESyUnEu5ETfiho8S6K4GVZvT9z1Ma3mCpAhVvfobV7i
  Recipient: 8DmRR216akpGM4i748vQxbHVL3mqAYBWLGs7G49CJoFC
  Recipient associated token account: 98YX4cv7pFJ7qT8zpTyo9TWu7DAiqCrHVuYvJi5ewc9Q
  Funding recipient: 98YX4cv7pFJ7qT8zpTyo9TWu7DAiqCrHVuYvJi5ewc9Q (0.00203928 SOL)

Signature: 5LDEsasFPfBqAdJMxBgmnc7rcdqXk2tj8ZHDACvgUQZx397M6pKEzE7dFiuT9uxVqE4wD9kMqMnsLHr2WT1UD41L

Transfer 1 tokens
  Sender: 5aY32L8wKvU6k2jnjRPD9sgwVRc8d1YpTKkFHFWheApP
  Recipient: 2UXPd2WtjS9FzskPx59gVce2r6G3gfSPP5w4RjbSEfwV
  Recipient associated token account: 8vBJRwN5eyx6SPaZaorEDrXEMveyHNp4cmP8Qw66S1gH
  Funding recipient: 8vBJRwN5eyx6SPaZaorEDrXEMveyHNp4cmP8Qw66S1gH (0.00203928 SOL)

Signature: 52QcAHvPZjYZrQ6s69dVujhNDu7yZK6Zi7abijD4QiPrp3pReMKpZxB6KvVtd21UQxRdsPkL94W4F4ZpgZjskPrw

Transfer 1 tokens
  Sender: 9j4YwGm5xDQHdw1U3RhL8uvNzT4cvF8hWA6JUMPkiTVZ
  Recipient: Cm8cYtgtfyULCzisqUnMg68aqqi12PGZScouQfJRfrG3
  Recipient associated token account: 3CM7nADyyKnJCnBncvT1eTgZjiVACQJGn1iqaDa2iZUh
  Funding recipient: 3CM7nADyyKnJCnBncvT1eTgZjiVACQJGn1iqaDa2iZUh (0.00203928 SOL)

Signature: 2UgckWH2sWwtkmmT7zhC2D3z7YEYi7DAmep6bhFxsLh9dRgbwyNkMzHrcrFfMRFXNb4KnMqzHhe29umSHTYXegJc

Transfer 1 tokens
  Sender: 9szEK8xGVBJZb8wBGfStnu6vgJd9rF42HEvTbaermLU4
  Recipient: 8zfdGUKpemtzs2Ypb8reoN3A43o1ZkbwFCBNzpUeFeUo
  Recipient associated token account: 3hk6APH3BF1Bt8GCe2zPfT2oqxiQktyyq6xo5VXAzgEs
  Funding recipient: 3hk6APH3BF1Bt8GCe2zPfT2oqxiQktyyq6xo5VXAzgEs (0.00203928 SOL)

Signature: 2tuu4A6oecdCVzjbwiEKGMdxbA6sCA5zGR6HJA9U5RAD313px4X5K6yAWdhPiEWmRZSYV1qTmZ8s3SZ213uovWHf

Transfer 1 tokens
  Sender: 6Wt5JiJxcMRAwns9pUoKHWvscao3e2zd99nvhjyHsmkV
  Recipient: AUD7LZq8d2U2xz59PZB5QpAMjjF47FKNpBPcZSK93dKt
  Recipient associated token account: 9fsVzuQV8JtDvWUfqATov21ts4nF98Mr5J7tWwd432Zu
  Funding recipient: 9fsVzuQV8JtDvWUfqATov21ts4nF98Mr5J7tWwd432Zu (0.00203928 SOL)

Signature: 5Z7BFRBg8RC5YjKkrwpFsp5Jjk7VBjfxu4dVAmXxJnceWgbnzJsiXNXnTjPN5HHwJaGHs6xXxtk9Tk92LmnzHwN

Transfer 1 tokens
  Sender: Fccb6bU1EAph1SHp6gMkwrBmQXpUB2zuBuXtfYgod5PB
  Recipient: EGdzraLTk2pzfQtqAEVBkAD8vikmQzui5xMprFqHnG99
  Recipient associated token account: 733wp9bd8wXQjfrs9z4kcm36ZpiCiNXWk8LdwqqPijnJ
  Funding recipient: 733wp9bd8wXQjfrs9z4kcm36ZpiCiNXWk8LdwqqPijnJ (0.00203928 SOL)

Signature: 4VTFxvvaNxyvWNNXHdaTZbwVqME5qAyYpDexhnvqbL3ZrKTfa7SEtDw1eMYrQoy2uLvFrfXyMg4PeZNtgu3iXVch

Transfer 1 tokens
  Sender: 5dATgw4KnENTvcvsnqXXBPx8baPBr18zAtB4KueNppLJ
  Recipient: Ldn4w1zXoukjaJegLhsk1L3UBx4jPHwBuaQDo37KN3r
Transfer 1 tokens
  Sender: H6Pg64oD9iBV45SagdWxaFvWJURZ43L2qhEUb5TSDD4t
  Recipient: 72GAVS85vyaRypoQavWSZ18sjoNWyQscnXx7J9BMupQS
