GZ7dL3aqcVwynsidEqLTUnsHf3iK5wvNFsCEJZvoVXFe
HMxq4EcCrGsXjVD7LzrQBzDMv2nskAfZAjuPqhveVV1e
5updUQS1RxJZyPFRyJMmVq7vYZnNZTnPUUftoorgyrZc
6kYgjyCcNTh2U6D5E71uDtPozkfBszCvPTJSZvBaYMUE
5LsYixox5LC5iw1axsSMey1g9wyM9d3BK3MYTXu8pdsk
6NvYLUJk1kXGToHmevaagExkTFsWypW53N8AxoKXrjPR
3WcJUt8jQ1ngL3ZCGo6dFrc3GmTMTYtzeDva7mri2Tqx
7P4Bb1pCMuYNveYhg2j445cmTRCEGp2eAAtBQUv7Jz89
5EhvzizkQZW3ADDc59jyVqHdEKgb3u1AiAuCFJLwvYdj
BSJrzadoQ2gqLwwHbGjDrU9WcKCxFVvbmnPcTHn8TNLQ
DpcyLbVEHYzLQYTKwK2uUHqYSUFA38e1R5hH6Ujoo3c9
FgGQYiDHFGvt3HoQjfXhXBtE5SrtVLQCsTqUQnCufeRk
Ced3tKrdqdJYrXpauiDsBdLa6vtbKdHERtqSYiG7pnx7
DD14d6GeuU7FBN5c9WmgYkFzPsgRxBhtkQpYEPbLzTUF
2x7EyHVrEUuAF1qrVL1aNSChwAvVDB6NSW9Gp2svKwxX
33t9ZS4Moa6VQz2FuiRw88mbiaM1Eb5eW8MkMTCgqLoG
AXXRH6NVXjUNxi6GvVWV4Pp6q7k9xkqeqHhRx8sW41TX
51oET2dy4vCmZ1JMGYR9hbsvsLng1vcLD6z2AZp1uq1j
8DmRR216akpGM4i748vQxbHVL3mqAYBWLGs7G49CJoFC
9EF1tduAEV4aGKtTSBYLnpdTYRgU1RgmbTfMr7qnHxLE
