7EmVSCz2GezNTXx5XJNMN1bpW66zaUgLjDVBQixDadDW
8ougXsEzFhotBGrHy7TMbkqHLZfghLvrYzq5rVT4TLtK
8r94Uxdp7VU5oZv4ZFwLcya6e5EeqZpUpS7dnkchHkKZ
CXFpqTMhNpXrB4CYJAXwFc2vdHeBjYik1BM8QUXAkgbB
4YZ1sN8XGM36TRk4zAzkmrGvpbur5tVoKqPdQHeCP3hk
D8qLvmeTEywezHaRkvogurzaxKkoQ8koTWBKV7vUSVdA
BWRhdWPsqBppHzfqHxCwTFt2gzvkf2FcgM8aQs8N5oSX
G3nBBYho8YtfhjrFXVg6VU91g9Yo9j5dR6P66hynryGD
GL3U5EHvTbS83GwMxYfUrV1fpzTrADhnxfGr7AYfHqFc
Gu5DY63ggRCguUDUTt3Hg8heuiebGDgctZJqwGPYhQ4h
A6TCU4srXoEJqKwA9PLj9PFYnYwbqQnWQmpxb8nc3du9
HCGV3XMaMv9VEyUtSHNWXJkyD9Twqjj3w6K7m6q2t1Z3
3Ub5aYw4A4yj1HKQbnzFSF7iPo6PYTjeVTsTvp9cgj4X
8vdbSTk3SW52AjmzJeasnDoWJNBWqTFZtbZP9qjgTMbx
6HXm389zJbrqnsgpKKqR3JniUzYeTRJTBTkssVtdmp85
FmMui29mBjtJkmHYHhB2jgrRF33Fm1q8cVfZKvy7sE4S
ERZHkMYr465fkEXeSBuCmgjkqQQ27H2WAH5fVecyphQx
FnbCNyhY54SGNACDbGJgnzB1SSdCLhK8R4nzvrcUzEPt
Ftgmhc1Nn1bQT4U1Az6bwPdb8KyWGhJ6io2nUzUaGoHZ
AWGYKtZogqZQhFkjmcWcQJkPjC87wVr74PSMWhhDvakx
DdUyU1mGzdoLPuQ7yg2L8QFR78Hu17tgBz44kUkCj5p5
DPzPZ6a5QE9JWTB1N7VemfWousetpaNj1ym1n9oiotx9
JkeP1i471QKz1i4YFsGkLLSLWpnU1NSrcqxhcKtEj9V
EpwZNwC58ud15vyVfgwcQweqBjaDzv75TqoNrkBQRZe8
DUfkHQP9W535u1xxvkAXKEaXUzjo9bqwUJ8h57ucBcE9
Ei9jGu6YgwvFwU5na2SvVU5QwZfW5drvnXefho2R1XvG
3J2EuEd968mr1BDLyDJ1Uz1E251HabEaQcgKeF69dNR4
3mKS1X3eXYUFtvkcfFDeAXWDpT6HW4rFuwXWDdx1ZHQj
Ezz5kyPo21ay82sNZ4CEk4hpgrLeFEW9HNiaxhunHtTf
8w4Fbus44aDuSqT6odu79yVHmdj7ibYqW3Z87z1sTFrv
FCZZ37y62tP3R6xBLvQWaMHDuLSyF8pmf3aQqvVJ167u
Heviwmio6PDxrgjtKLmT41cr7HatT9AxxCskebdKQRH9
Cfh58uC83AWNf7RyL1m61FkY93yW21v7wYZyZziWG6Y5
eEJsXkMx8e2hqWRUzFHKVwX79EacW7pA3FXLTfccett
DQrrWC8LrvqBZ53VduyvwPggcXqVrKGawDsXfB5EZcLh
HPvnuJ9ReYkUtuHfrjKjzpxDnYGyKJ87QpARtG25gyx5
4FfqFE9NKq8yfjVJq6Ue9cZgSrjRuqBaRxe5WJb9KZC7
4Dm3mw5rGCSYJio1WwPpybBpri52kt7Tdceggf3wu4f1
Dvrvd3X96dLG2AyQDMjP6jAWSXf6Rjmv8ACaeWsEtJeM
8W9Krp9X8MiJ6wAy2ghadSN6Da3cY3gf8LUMeAwCozHz
Aftztfti1bdpntwtdbVHoAWwT4hvgcV2Y4xtKBNTUJw2
3H2S5HJhSQ9k2nLJoajZWAiLTzMLJc2ncYvXNQ7PaAFN
Ga5kx7NhPs94PaNeYtnsgo59i4JhvcB1dXDGFFNi7u4U
EXpijyd7322jRshK8GSkbs5X6ckV3XwUUtpZbXnz1juT
G36fABaSck817GZcHNf6JS24Uda2NUnmRsqeT6eKAhZ4
Cn7EEwyvGEVxVPaTWwLFVv3K11GwdDJ5UvNA3yoewrAU
EVbtQ1a1WNKwuAF5vuGLzrNysm7DjTmMA3ZLn3rcT5ws
HCJfkJyhb1n7hBsiE5azqJNVYZzW1xWzgRpPiiHZ2BbF
6UkGFEsk7rXYpC32fh8fyZqR7cq3dT7y3uDEyTNpVu1d
2vkFGEftLFhzkd5grzeEzakPMWsrEKfnG7gBo1dQeBDR
83j7b33B6fzLibtpoL894JPgU197UqB1CZjaYqqtPaoK
4p1eQYuYME8BZWtmrDsp5f7uVbkdXJvTW5RUR25BC78i
Ljo3MJUAjg1ypox9LncQ8RiJVjMao33PA5nMWBpAagE
5zihdfe7y1HxgwhEJEJF8TfEWk2yhXSLrSK1eqqy81dX
7oTiU7MUYmNWQKAjLrWX8x5tkaWAJjdPCvLqonRbP7ZB
BiGrdDPGNaxbihAgnqApHFqg5BtNQpJww3KMWgs34Smw
CzLNgnaqCRoqyq1DZZa628NLDkkeSGs9RdAq1UcZDpzG
35a8EzMLXwSuGX1FaCwwP8zxLHuXZ2aKV6SiZSi6soaN
CNdHg8aP8r68JcitRjd9JErr7wyt5NHf3f6Np4ez41Xi
2EueGcZTXkH5mt8JDcHnL3VVeCgnSfUj9vUf881dTXr7
8h8WKswrLqoqNypfM1TpCT1vtNYTbcVmQZXAqHBzAmy3
FWLDkyQaJAjomRo3n8b6qkXtYkMM8aDT54F5eXYjbRnp
DCifSkn19xpQtP7XqSGDKmdPGcV2UjqYCdHAKRscDNUQ
DQkizqTDZaW1nHiiiXCipAQbcZB8HAiYBVPagCnJzDy3
AaA9caCgCebJeq45qXu8VH6cfvSzhAqobdzETWPEGtn5
A7txEaaT4BXYRmCKn5gRrLXorXCNHQexSi5e3eZHfdeH
GiWTMt3nWjgAE6p96UYifL8LkK2MwmuDjq2HKiDBdGYF
CxNnsxL3nNBf24CLvkcUFsCb2xX4BcqL29mptKa7cXiB
7c8BW5n9YY6TXRPmsZjsD4UAaCmhz1LPPCMk2rmVPmVc
GqUcrJ7r7bLXW9SkC4U7KR1gBtdCxWzd7EHFPCDyTuRA
4jGpq2c9SMyaYU8j5eEESNfdKQ2SYxJEm8QVENX2WcCM
6wpc2jdW2UZJdce4EwPvnVCkcuxj7mMRrfENKHtbrbHy
AEYdXjJenw4gcYT8rEgMvN29xrtw2SVZcL4fchswkC2z
9pWsExRAosSaAMh5qKbWEQJzg5Jn7142rG5ddDUUZS4M
2mDY4qdLvnvjtxT4gRSAQJfgVreEHJjuooGm5ddnDvhF
3GoTzVyiWTkDnrhepRNCnWZC2LdcTTstQZu3cUD1Lt53
GnFeQP7feB5NVxTkAsuT3WcjGexMFYxR22djtXk54FMq
BieYFphWqFKhquYa8izUnrqYfCZ48mzp1jSQZJRhJD5q
BuLPLosNKXqfDKKPyeEGLzQmK6NjhFrZsX5AH1JxY5f5
2hJ8oupPnwYavQxuU7DqArr9YP3NMmkYbYJ3xwFHL3nn
6Eg4Cs5oDteR9x157rbRWy5uTmtCs21HpYFiua3R5EsV
FK5UgELesnUKeNvmiCUPJBLrRsk7pSW8eq2EUwS6Qju1
3VPpgEKZfzq9izpZ7nQMbSkCuK1zLLiDTqCzHKTkvYxF
3tT9Cx4tikFVkW6PDA4B92nXSzD77fbnUMy1RT7fbgiF
4KE68y7iV67ZQBvoc7R5yLDByWfWeF6qWMfyV2CZPdgc
9rVV5iC1bCQH9VE6v56VNLYDLdNtHyk7jA7HSsj7t5d7
7FnwxdtPuqV7f73WDCsoSt1Fnx2N5s9zgJ6uYok1pSeJ
CDuEw9Nc6gdwuYnghH1LeML7RQRMksbRoS7A41yXEJgk
ATh9e6czL2rVi4DgrDAz1iAUM4SxRabMAbSgo6FJSh2c
4EHb6r8WpbJKA8Q1xtjP9EWRYtMAVkLKmvobKv4Xo4tb
9F4NHkDXm8bQiMNYcVAzbt8cHfeaueczytiQHvWPszm5
51yGV7S9R23By7dWjbJze54whPKLsXutcnYWqScvLfCd
6SaL1X65ZBt5fbYHtE4tzuSDdXS6x5pfSpfrRv9rZKCk
BNispBETm7cduzWHLsVpsXHREXm1hWDA869UMq4Wv7Ma
CP8ofesrV2NXKsxcfrUupEcV26tGegLEm8HVpXFoH96p
3cY6mFNzeKDnTdU4WUdaHjyC8QzRx8vGfJdSaSMS7v8H
CfrC6y8LLEZbNR4DtyFN4QPG3teAXPeuUvwryBRgB8Zg
4vvG3Wcpq4dtxpcz2M9e7Z1sgggERtkhi9gzYYoSQ1TK
Fp8N6pkJrN97egZSwvGsQJYbhW9DeeEC5RSQZqRzzaPz
DHWyzUQxbxf4Cw6b9sUp3Wu41aDbvXChxXeQ1vjr2Wbp
