zCGcVs41yHV6rXA2btec5sDxATWRVxLrAK4yqgz9jy2
H7tS6xQ6Yv6v7orxezqmf52vu7LjqSTmUXKwX2zVHmjE
3o6coaQjHYV76GMK9isEsRwBNjPk9iajACnTAjtrJwjN
MvogSQTXToXV7MS8hDbvfWGoELDtR5Z75SGMUNiUddN
6Xk8d5MFs3n2QcjUxmSPvq82pTtzTdmDkNpwHJQGHqJT
CmkTsDLdXLXzqsdZ2t4FNce3phcYccPgMtUekdMZnDRN
EbiiEeokfGmtcgnFA349JjoZ5EiiqfLXRhbU7zac4v1u
3YXchfDQCHAfsasonH6gTDEyZ5ZKJfXjrwBJfdx9qpUS
H9oN7JgPb9qnPhyFE24Gp1YVvF1PqsnLjcP9agEgqdFp
Byv2uYaoCamv1HUriUVNMFtqShrjBmUGFt1HY3EpxAyC
9nF2vqusHupTTNgw3quL4f3jorvPdJ8VBPv3Uw1xt3Mv
51oET2dy4vCmZ1JMGYR9hbsvsLng1vcLD6z2AZp1uq1j
8kX16Yj2WBCz1sPXcimafGrutQkw3s3Swe9sR3gt3cC2
4FVaeboZ2S3MGgKSfwGTJQV5CbrhbD6aBV9m7MXZTAk1
BcwzmAJunqVo7M9PHuUn3srQJX73bd9xr5fJseCDGAZm
75te3a9pu4YHaYcYgEnbANpBJ4ge9kAStGKV455nTySS
AgPhAsvcwPfT8bcAQxfyvymHdS9enkCzHDZP67ihS5YM
7uCsLRhWmRw3AHyb4hnifXxiwqNXi4UB8Ac4ynnrZ5hq
BVFTQzEas8kMPkcugksaTTuLnQJ8ESxtLryk4ngdyvjU
ENsWpC7ro1iWg7hUSuzDWovZiicVAoURX3fstsmPQpjQ
