7UFUT6sWDqaiLW7tE2JCBp9uDU1cvMrrKV9kkruTLsaE
9cHPE5XFHpVbp7942569rjgTPaiRUb5sFkrEXdeyuNyW
EEL1EkxV5F6rJAwtJjUCuXR5JWpgK4V5jx5fsMRxJYUf
Foq1sJvXdhiA7KhSgUa4ijGRvZKSgYX771Q1brCK6GfE
FLGMmgLZCkSj2SmgeMqbcKsKmxSk8wVMqhGxhjbZJSHe
8RiGPBKqgziCMbV6xGD3BEoqnr5fGNCmGFnsacTSVBmG
1No494eT7Wob7JB5pX653Xkygh8aR1RJxWdwvRFKXSV
CoHNNqPYNnezVwxK24ETsrTcg8txEKJaDbzEm47FJdyz
3eLNuGgnFSnZavShuKBuTCuHjDeD5Y8rpKiJKHH56scw
GbsUeRQiWds8WAtauBFpFquNQWzU8mVA38N2wCzT3jcj
KNYvGhUx5LoQPTMKDVenC61aBmZf4kaBryLGkxd6Mum
2UHXNmnLkdBUjiYtM1JgRQMgHoX7a4M1J4HYH7R7Frh5
7ma78Sew1S8S6bvnDSeomDnsVx9vsZ28pnPWVbJHErNF
F7XWmYc8ekoZLesN6qaAKcaF4yicxoSK2oBzWXDNph6g
PJid7rorHUF1dkQZJujdq6V2h9uhLw4PkLqvB32jt7T
7E2jpTjokWdhBSCJKhUs4qH3mHKUuwhsfEVZAV3Ba43W
9SEVviefFPyT5aVmtEe2BQAmmMfJcibrkqqBjo6xJEJ2
ATgtWpVmDeDxZSdVBQdewbgHd2vZmtpEZhvdRJqYNPHt
2yjnAZuByVLBB9YE7sCiBxBcYWjDGnhzS7jK6kJQQjNw
8MAJxn2Ps9JzpNG54SfrZRmMFnTtasQHxnA3ac3ZuFe7
