GcseLAivg27HYig3e5LXku8hjonahv8LWEX5SFN7gCx
QLcaPJEs5KtnHCfPUwQTAEbpKPRj1NkybpRiVNGZXXV
5vEyraHzZCP5yM5SMv4r1n8MGsSQeP5Mh1o6TXoWAvfk
GX1Vmx4AecReyK1QxMMkWhqzgGmNs9HUVPQkaDBTDvkK
DbqiZ6wRAA7vU6k1dPFN5P6RWymSu6FRpaiyxEYUMPtw
3ooTnU4quRNztapYE5vVojHZSFqPeH2xnWC6mbbtAUSE
4k9aBR4iEG4VnZqZ8kuuPoh7NhAymsnAyr8UvyLuwwFG
FxDsKXCVStxQZt7e9VikzLA3XGhxxPAhC5aGS3oermpB
8w8zNnvPHSoUJN2HJibCPvZePAtuPATo891ZzPEA4Yik
6vPbtxmJmjzoQD8P72W2fqYbyHh9WNsDxLkUVq5eiYes
GyrzWsvsPYmnJ2ZSpxu6tJvFZR3q2jixuCgBJsdtm9kA
AqYdhTnwzkWtcNvAeGmWwtEmyALUx3gXaRheykSL4Nd6
3pC2UUu4yGzxUT5SfM8AqmRviFFhVso3Gew24yB5gAUr
6aVxAU2nNjSUmDkSy5zgavKcZNKGov3xhi6tUPLnULLp
7tMyU22ViPrhY14fy31bSmTsQK6rwc9q3Zbq2u5RkZis
8eqvPBG3bHFpRfHCxKi7UBPcxUopXyhDMEH9r3Fg9QcX
Ds3K3EPVc7rL1ekBNF5JwUCDmu2iYdWzV9izvaUzRM1L
72GAVS85vyaRypoQavWSZ18sjoNWyQscnXx7J9BMupQS
6cxR31FgTSxgnnS2cdsjhpbzyzYhpdJVTrxdHmnM3uBw
6d5tBL8nxsCBFrUwEkEmUp88njDLFUB7RDQ2u9UugGvU
9Z9Z5SauStsWfVrb6QPHWxay8BJLGuNgdU4SwisTURCX
J9m2bijKqXbvqX5jPu6Xx5m5mUKqeChzUVBHMXrQ3V3t
HZKdRj9EjbnUBGGdHHf5dLYgmJokJ2MkMkAhpxGyE42e
BVFTQzEas8kMPkcugksaTTuLnQJ8ESxtLryk4ngdyvjU
TR35CrNbMe6uyCyPBwgBy3Qpx6r8L5RrYC3v4rEpuuF
AkdfJa5NmE1pQt3Ai7DpgDg8kryN5qTZirp6LQcpen6R
G1ahFCQP6AQeFQ1mM1YHa8C2cVcggJkcvQk9nAQ98gbm
338TV8SbEL34XUxm4LVtMdpRcdhQ8BW2mvsUgen3AbKt
7nnhxKDzKy4LHEqbgiUB81TE5U4hbK6yhepXun7eGAWU
RTY7RjhPpDabh6ky8mQudWxWH9XLZLCRPAj2CqRN21r
AvH597tWjVs1Lvt4Qtq2jVCrA5bQ5XWpkWEPBh65h271
CsF45Cg39iwxvwG6ts3XQDqrRYa29vzW9vJKroHQgSvS
781GzKc6aZPcheyEhmeziGWNgJBhePtVnsRsSCvrvWTC
BUBhMdcup5mnbweZgbKb6GDFkyM1r4zov19i771KfrH8
6Y7HG1cWWhgS1jiagpi5YQQLsmvuGsUTyt6ETcuERX3t
9o1ExiHt1XPsV5LEMKJtzBMKmpv189yLp27865vEL7Ux
HixKvMRNaapShj3v1J96jLMtZuo7wNwtGAi4c1Q5rJV3
7iGCFYLUJczcHwpUnCCK5QFBCvYwznnj82RoYQQnWu6d
6CynYkThMB9r1b7aWoJeP1UGhq9CyFTxt78gQgtgZCU1
961La22VGQ67stUvUMWpRhp3dRma8vPvTkySkSspVYiD
EuRZctGgW49y8R9CJdBcicdtV2xHrEDcXGkBoQPbazBQ
CUjPQDJn7kK4Wtgg1L43Y6eRxJWrfLsxojhXub5UKWoW
APbnaMh5jXT91pevLBenckSwNjEdnXCxvnpyUt3W8iZx
HCHbmzniCWVBFMNA6sZJrdb9BN52oaWT9JQhvND274Bh
9KJbbRm5qjnWBNZNv3Mhk2hEFqqDAYcCHuUPxnG7W64g
J7EmdNW1pPQrcmTUqHpWJDRmDw59tY6uwy8JksTqF1xE
DfzrVBck73vZAXDwerPC5sd4ZTCwZXfewFHjZWz8mjE9
7tMyU22ViPrhY14fy31bSmTsQK6rwc9q3Zbq2u5RkZis
Y1iUozoALJ7qc3kmJCCCdoNBHnp345TnPyBRfVHBeme
5updUQS1RxJZyPFRyJMmVq7vYZnNZTnPUUftoorgyrZc
5BLyNW5zDfahBpoPp9JYqXTRWxJEm9j4FVFWLKxAXEDg
DT4AzfL7pSWtrZHje9mjVwaT43pkzdN3SbTaziTRkW9X
5xharzoJ48TqkYJ9tDS1DxorYHnzYxvYmpT8sr3kn4kD
AhAWeSC2k3a4Peh8qPu42Ujh98Uh22zMy8vkst1dVRXM
9fahkUnGgcy9fFpp7oQxHY2DWFzpZcrKYs29sk3sGrcv
8eeWesjTSLG6Hdy6GV8bwjrBCEnwY15LWTkyHtGtsUB3
DCTeYphaDsdFWZ61JXusR3dwLqKWkYgCjkxZSQvPzRuK
J8gN62oYWN5JYY33iKQmx5LXGqX5wZZJ8CReNkQMCXSQ
3bSvTse4nx9Y5zTazhr4BY3RTFUjcnUrechQ2whhsBFC
aB46Fxk2SNZfw9EcXozb4ZntZNytP7Nwcvua93FrA18
AgPhAsvcwPfT8bcAQxfyvymHdS9enkCzHDZP67ihS5YM
FLiGbsPCmjyjQXNJnY9SxQ8n9ZY7LLiero6YpuDB4CUf
6VGcEyf7x5PFBpUMKTH8cEnCmQ97FBuxjAh37GjXefPN
AEUto3eFWHLAmmVRq3Vo2fmHXwte525jQGG6D7pN4RRd
Dyh3mtoYGFqDhcz429WYn7CYcF15qTJpAiDrK2WA96tL
AoqVXFo98XT3efiaM69KkGbWaEhuPY6brNd41XGxTSDN
5Uuw6GMbUrA5p5XgGEVYeFk4jTWuSMt95Xuf5gL45xK7
A6NEPq29yAW7dXbEMuLcUnAhLXeXzWuUYa8dCMmrSG2g
Bp4aCKT29gKRq4zcPQzPh1B22szXba4EJh2tY23KLh1y
6ykYU3fWNQnoNunJKDLSVSZWCMPoajoE8EVNzKCYs9qT
DkLRfGqbABDaYgqdqmq4KgFmY5QfBjZbajK3SrmNiVEH
7jHLfYH29sq1JbUVHpeFQrhWSxec1yYvoAjDueDHaMfj
6WuxbWMVGJ4HNUKnLx7n6vMZvzpokVRR7Ua1AruCmP3F
3eucHmLaRJzL3d3rzYx94KvxcVhR4ESLo9R9hhb5Snbo
jHHouT36Z7KkwDd13PDAHd8Zmxii2LaXjR7roGgxigS
4fVZsRdDcUnNrT3wKTkC9CNfKJA25pCGtWxfy6i4ykWv
8fYbjVT745fkPJStJvpReCLzmKnwP4J7sVsad8cs3h3Z
6DXLD9wLV7z5ezUa49jnEj2asfFTaMPbBbJUNS6tfYuP
AchUGZpjS5FrHrqbtm16ewn9SC1Qv38vzDoH2PVpBPrb
5hE8sbLCfyH3BXr7bX2PdFWS1y4Poo25piPLHThGP8Lu
2F3pCR6Ju413NwpsC1knkXUu5WEZCYCJfN21yGcWwUZU
CvHxMT8NjPTxJYpAxWeoSzrK4XT47bpoQCi7zQBzZ92E
HNyvVfCcNtogL4Gq93zwZ3oFdRo7vrUqdFEwo3RqpDxS
Csv7FXdwDdLUSzcydphh7XsTjXG9s8LCs37yWNUbijDc
GuBcKmpzCErdkQsyxBfSuLbRWKkyqvyQBo4jzdUwBcjW
8w8zNnvPHSoUJN2HJibCPvZePAtuPATo891ZzPEA4Yik
2vhNMJt9fhQs7f9YQubaS1MpCuUdx9o8zTwqxzkfcLof
F3hzbLTD75Shbpyu8tdztMhSrh9vZ1qMwTCopx57A5wU
6dm86x4LHSBLR9WLUkjUHP27A5uJRwgp5Z5bVVCWeM9K
5ffREb952Gi9apxr62XDNhKUAUy2nTEExaPYyTnz9YFm
8yaGGCySAFvnohnPxdZsjxFtzgdNBUcVefpFvRKdHu1s
CfLt5YAXgYjwnbguVZZXFMShycUbPEcQBmkTnfLPYt2j
GyGgjGQXKDUZ2BWRFGdergYgewnh1aTXsZmKTW2fMyuk
5ssu1FQCAxLQZUbSnFXAuPn2eDaZBTWkc5QBChh2yxAa
6HVEwvZLsexGH1ztFFAcpUC7QozsPYK1gxirdmctjvpb
5qLUQwffcHESZuVwjDYfzj7YHbZfhGeeTSiwF2aqEETf
28tLPjFZf4K4WCjiQPnveiWAapcB7xXrbySnmgWCNtST
CyVDnJzDZVGucPLdJuUbSFEK8CWjY7DFX1MEowPsqLHJ
H6ewEQKqUYhPFNBUBjKugH6MNgBzWFoJ1U5fiVvyHDnv
7NqUK7rvn5aKyh8Cm6kaVtmoXnNpSGGHxaHgKABH81pD
