Transfer 1 tokens
  Sender: 9iVhcYyxk1Gb1Ceu54NEgbJEemuxv4wUkkPxqg7GikJj
  Recipient: 6XbeDCCBvv7UWfRCUX6R26nidck3TW39Q2izZNYAwxC7
  Recipient associated token account: PT54MAyMaUYoraFVWrsNdTvSCRbD5ywmozRyLjFt4vq
  Funding recipient: PT54MAyMaUYoraFVWrsNdTvSCRbD5ywmozRyLjFt4vq (0.00203928 SOL)

Signature: 2U95i7o7th5G8g7fhfaeFpz8y2LUZupsAyEfM96vrCemVvSYCaUhVjkcTAMvqiw59wx6AzvLNzEAB1VUZbhym4k6

Transfer 1 tokens
  Sender: HKyoDRrA1KpsBEBHwMtEatFCqY2d5kDTg8J978bRt7gm
  Recipient: FiXhaZfHmG67iT6CJYmsFT418JrfVKbe72LwhE1siV6M
  Recipient associated token account: mqHyTHDqzp1VZYYA7GFimfEURoGbASLwAmpc3T2D2rg
  Funding recipient: mqHyTHDqzp1VZYYA7GFimfEURoGbASLwAmpc3T2D2rg (0.00203928 SOL)

Signature: F1bwt8cse4s8yxiHoG9xsQDRHwGoQEfX4dSdFDykF9QuL7m8eaah4dUmQfMSxyXEfzts2SAKKrLFfbirVARmZgw

Transfer 1 tokens
  Sender: 4t4bjMKVpauxqyXWQUEdsL9v43rEHWJvVUNQvbF4JJ3q
  Recipient: 8TbTu2cxuxUEWwnssLjAueBG9WpAwjYKurP2Yc2SdWNz
  Recipient associated token account: DoqdEL8ud2bVF56QqgzQCZXepfefc2xbv3eywNX8aWLW
  Funding recipient: DoqdEL8ud2bVF56QqgzQCZXepfefc2xbv3eywNX8aWLW (0.00203928 SOL)

Signature: AFcLeihod2UtqdSpdnDYRFDabTYvMnrSRT8Kp8GtNjbk49RBCBQYqaS32zgDT84WHKcTb7dYVyDHt2xmYvfE5vt

Transfer 1 tokens
  Sender: DMF7LHuza6sTazfNRRRdddphGuJ9rWnKTVf3y5KfFaFX
  Recipient: 22PcCdkYNqVVtLwCQ3BSi3YmZaghBCgYNeAvBcee29Tt
  Recipient associated token account: 6ujwXz7qNSQSH98USYeyBe7QXN4KKViA7ysPmbV5t32u
  Funding recipient: 6ujwXz7qNSQSH98USYeyBe7QXN4KKViA7ysPmbV5t32u (0.00203928 SOL)

Signature: 2wdkcSQCxBCyuHy3aSzXXz7zwyRGEWpJ1kfcHXJDSxKNfbV3zAuEPuwVCNHdY5wUK5nWq2Mvc2JDVgEdi862RaS

Transfer 1 tokens
  Sender: 6gG5BX7iuMG7bNzgadSbrssoUo5p4ZK9EKaUrB5AA96D
  Recipient: 4Hsiz7q8vfBizJWsE9RViFpbAPmiH4pBHcA7ksq5JTaF
  Recipient associated token account: x4V3AeRvvdVUWsovZLWeh5fqtRhxjVKK4JWTeBT4mRS
  Funding recipient: x4V3AeRvvdVUWsovZLWeh5fqtRhxjVKK4JWTeBT4mRS (0.00203928 SOL)

Signature: 2pXJ9YVVFE3Y7qb3TmKREvXP33AoLJT6YQWSgFtXqY82aqxUGtEL8GGrH8Rb4SBWcyobE6WBUEqN5WL8Wqs9Cj6B

Transfer 1 tokens
  Sender: CYMxKjf4JawmgovERq6P8mUkRDKZyovR2sRPar6vceWT
  Recipient: DKxvN7zqMbDPEToH17X9iX5qf3KZ25i1jGuedZRSZQiv
  Recipient associated token account: 46PRQ24u5aseyrbs6AstUZTRb5P4FzbPuPwYu7p3FMyS
  Funding recipient: 46PRQ24u5aseyrbs6AstUZTRb5P4FzbPuPwYu7p3FMyS (0.00203928 SOL)

Signature: 3RzPcwNJFXNeu6ZtFXAKEq23kauijqL5xUhzZoN6GQMXXNbrdBkeEsmobx7w3DyfUjjgVV3HVsY57GMUe1n1ufzB

Transfer 1 tokens
  Sender: 9TqGJ4wSYc6VnZkHdkzKHN69jhL2CXLFNVKGrGCh9DMe
  Recipient: 5bLozdt36jRhXhLNTjf9zGy2q816ECWpZg5S1shaLqVK
  Recipient associated token account: 4c7UEqMe2DNwBiA9JDH95xvmmcYFK2pGfXFeSiwqRbb1
  Funding recipient: 4c7UEqMe2DNwBiA9JDH95xvmmcYFK2pGfXFeSiwqRbb1 (0.00203928 SOL)

Signature: 5q5nFyfSGk2Koym3iDGT4VxvdU1AbntWxtCpcn8Vq8gKuSUYA5RwhGtH4P9mX9PgBwzcWf41T2hU1BnRcdRUVArL

Transfer 1 tokens
  Sender: 6encXMpEiBbsUx2skbXar1GuBHiufAHnUojZfA7fvXdP
  Recipient: 4LBUPX7zfGzqdho666K4ueu9kipXkQFoCpNCYmQwdVmi
  Recipient associated token account: 233dMLcZzHFXHtbbbhFG6rfg3d6CVkMar2DaC6dD9XD4
  Funding recipient: 233dMLcZzHFXHtbbbhFG6rfg3d6CVkMar2DaC6dD9XD4 (0.00203928 SOL)

Signature: 5NL8dnSnfiDeSkTan7VAryVL5pe4HEuHMQ5TYbPURtiEjrPqHW1UDHZDtbVzxi5VQvwuh3TtBDYZuNraDDgSWa9Z

Transfer 1 tokens
  Sender: 5EKawUQByAyjfoU7rXYozEfaKoGHBTZy9noQcZTNYLBP
  Recipient: AEUto3eFWHLAmmVRq3Vo2fmHXwte525jQGG6D7pN4RRd
  Recipient associated token account: EfGB3pXnpshULVuEfcVoDxZMtnZBKLXhuwKVRg9Qo5v
  Funding recipient: EfGB3pXnpshULVuEfcVoDxZMtnZBKLXhuwKVRg9Qo5v (0.00203928 SOL)

Signature: 2c8X7GQd46g8ZbD958GFAfrSzRdCVKb9cZFPJfriJYbM7TfERWtx4BpML1TPi64FswNmjRGeMqQ47yLMqCDJYJZy

Transfer 1 tokens
  Sender: E3LAG4eNKUBE7ps6p9joGB3zuxorrHtNQX542UWTnbRm
  Recipient: CWiXLx6juMmaq33BPXGJ1k2DPqzfDyCQWoAsUUe83CqP
  Recipient associated token account: 6r69paDNZrz1AbdkHBYaDNg1ePEwFW7jyZk6NibpR8LU
  Funding recipient: 6r69paDNZrz1AbdkHBYaDNg1ePEwFW7jyZk6NibpR8LU (0.00203928 SOL)

Signature: 2rMEc2TwpVrxirSJggkL7yWfVKsCvGUrFdhRc3F3MEe8sXTREeDgFsVr7mxg2eRTAT73SiijNRXKkbFHQGkRX5AZ

Transfer 1 tokens
  Sender: 8nQDVAh51oegm65phUMLSLS38jc7eLjxigbURsF9afSU
  Recipient: DsNPDzGQM8caGNNYBWJ8YvdUyPi54SemYEsXUZQAJFQQ
  Recipient associated token account: 77QGZfJQpmcu3NcWaUFXpuVuh3BNMtqVtE9w7oHLMudU
  Funding recipient: 77QGZfJQpmcu3NcWaUFXpuVuh3BNMtqVtE9w7oHLMudU (0.00203928 SOL)

Signature: 3ryfwxFfZN8gNR4ws3Gmf3x8y3JDnr7NZd1ueMHo3NYBSjRakqsaqEbcWHsBdjPDazfbBwZ6ddcKNw2dhU6igBYQ

Transfer 1 tokens
  Sender: BhpF6UquDXJBuYdewQEoA2tkTFVmggxqgjNcbYfuE89T
  Recipient: Cf4pZaok9wdfp8qTT3RiQZvJE5t638oeQPVekwEJyYrX
  Recipient associated token account: 6nUjpxpBpSqKtnrVNJ8LwXjZGRznxy22zAfcFsRmAkHg
  Funding recipient: 6nUjpxpBpSqKtnrVNJ8LwXjZGRznxy22zAfcFsRmAkHg (0.00203928 SOL)

Signature: Hoxe5qfj2wJG6gj5Z4HPScx1V9kg3vSX21gqmuxuisUnFLDdU1Kv6jzFDiL7jzeRZBHV5L8nLPRoTw1LQGrEX5q

Transfer 1 tokens
  Sender: 6gZbeQW79E1u9dfWykwdjL3T82mKTUnhgCv2aktQ1Pod
  Recipient: 5GP1pszBpd7T7gaBwXjSB1TknaJBXD1ATQRCPvMfqxJf
  Recipient associated token account: EvjWTXmiXHf8hLA4q6T5SB5tieKx9AkyzqZX5BXUsXBX
  Funding recipient: EvjWTXmiXHf8hLA4q6T5SB5tieKx9AkyzqZX5BXUsXBX (0.00203928 SOL)

Signature: 3YezUBpoFAB5hkdiC2NKPLmDdGqMYBj7tBJhYBHpKTvsSqkWgj9wPAVW6m6ZbdV4SeoDQKP7qGvRK2oGLqv4yo5Q

Transfer 1 tokens
  Sender: 8wXPBBgbKaKN55sYwWSTSZXJd7NhnrxFjbkWd9iZx8Vy
  Recipient: CfLt5YAXgYjwnbguVZZXFMShycUbPEcQBmkTnfLPYt2j
  Recipient associated token account: 57dBGKvikb4Eu9C9rEKQzeM46s2YT6WfyNWQKPhN19Zh
  Funding recipient: 57dBGKvikb4Eu9C9rEKQzeM46s2YT6WfyNWQKPhN19Zh (0.00203928 SOL)

Signature: 4EWJfPEiCXhcrAqL5D6khArEDw9iq4sWe1t8RkJdVq7fFX4hL9MWZKoeEtfQ8iehCknqAjsa6rrhwD1SBXirvTNj

Transfer 1 tokens
  Sender: 34EYRYoLDSaLipmsr9dbWYk9QxMJ8WTmiKHb3Rd379UG
  Recipient: 9vTVgL5yTaRSj1QThL3jViVdwZTiwvPzqsFs4eHdjZjf
  Recipient associated token account: DC5ahsnRvvw3KFmmwfSwJjnLyuZTwPVKa3gLsMxJwXmm
  Funding recipient: DC5ahsnRvvw3KFmmwfSwJjnLyuZTwPVKa3gLsMxJwXmm (0.00203928 SOL)

Signature: 5D8gT744y7ciyU2G2w7Xq93Jr67aXryi2ruE3fbKrDYghWxuhYQSHE3qvfijc7jYDRjUUJymn8TMWV1yQ3gekG7k

Transfer 1 tokens
  Sender: 59Z3ovkW2YK5eLLKxqwJm4aggcPT3DchusJgup3zDfHR
  Recipient: 3cN4Krph1b9ehhYiMm9uWN5WEGTttoEWSyKQaPGbsa8S
  Recipient associated token account: HgjDadgvdBNgf6AZHjsqveTd7ybUsbaoSwvEr1ZvunJt
  Funding recipient: HgjDadgvdBNgf6AZHjsqveTd7ybUsbaoSwvEr1ZvunJt (0.00203928 SOL)

Signature: SpB2iPks4UhAgzoGrJXyqaQEtKZqDePc6UbeU87nTFhQkDGEVEZpCsQzpSVjLKXyjBf842xcJk1Y8FHxQULHqo6

Transfer 1 tokens
  Sender: 4oGd1eE38w63h4jSc2w6vC4dSEw1DacE1XTgmS1zZhhQ
  Recipient: CjnwnSA5XiEcH32gQ99Rx7ewjbeTVx8XPPZG3qaBFvkZ
  Recipient associated token account: 5zBQU4aSS8ycYK2vkeVcLf6HDfoBhPFUZwKv3WM8DSyR
  Funding recipient: 5zBQU4aSS8ycYK2vkeVcLf6HDfoBhPFUZwKv3WM8DSyR (0.00203928 SOL)

Signature: YGjm9gGhF5nL6p6uBJEhUb2vuFpezz2yqwUUhCdincT6emox6wcpZ9oRPEMNtVXvwxku2swLuGDckTACwRBeBw1

Transfer 1 tokens
  Sender: Cyh1Hss74bNcoCCdZNh4g34y3fWuGqkkgkoC7fX7CDMA
  Recipient: 4rn5JzieBFeXfo3zBp4DCBvGXEYVuyo3FaWW38vtT9SJ
  Recipient associated token account: GiVzFvVpxp75rxkuX1QtgpSZDCupB5Q2M4ewnUefFJJD
  Funding recipient: GiVzFvVpxp75rxkuX1QtgpSZDCupB5Q2M4ewnUefFJJD (0.00203928 SOL)

Signature: 56VkBqTZypomrs2oMoL1731Utzk1n7wMYB2gNVGf4pEnjtxPQ6Pfu4qTcHHvxHnHijgdEDVdS5NFAdtvTZmCG2Qg

Transfer 1 tokens
  Sender: 8qer7RpHMDABeeCGiuFeUcDiXRjuqnK7v83dF1kkR1KJ
  Recipient: DJNqLSq1G5CiY5w4kWoj9pVVUXXgHoa2Uw7Ja2jBMXFg
  Recipient associated token account: FreerrjhPZhoVXfv3eGLNYJNHC3rKAmKa5zef2aVtrzS
  Funding recipient: FreerrjhPZhoVXfv3eGLNYJNHC3rKAmKa5zef2aVtrzS (0.00203928 SOL)

Signature: 5mWmgDU7wqDDsmHWCT5AWbmuGJaKbPd2nsp3taPghy2urYRv2zuXEdjG5QxaXPkfr26jGy1SB7oYzztfyiC1gLmo

Transfer 1 tokens
  Sender: H7ZBKotNM93dLS1yX4bMmL2LrhAYfM7d33FNK7h5WkNu
  Recipient: 97xAKp8FjyXkiYqTtYWN9ArD7KxTevzaCAo7VCcwLAsK
  Recipient associated token account: G5qiuim4MqdrtQt9GDsckKkDFWVPYJHHbLrgh6YtCZuL
  Funding recipient: G5qiuim4MqdrtQt9GDsckKkDFWVPYJHHbLrgh6YtCZuL (0.00203928 SOL)

Signature: 2CdmEYnKJ1rWSYbbn8MuGyRokC3mYbsSahFqee2Dt1yWYg6rGvLrVKu6MZi9Zw6aEdm5tydY17LJ1xieT1zMEsK8

