FwUxbRXFpn9LY998dCzxFvqgtRno1fioQ1AhErp4Wqbm
CYziRh6oBqwCVzbMpSqbUfvhgz3JEyF6ynRoWyYVSUPo
22XUm7uajc52BfyrrNnbknUeX3HW5MThQRwUWSWwAVxB
Biei1AgeU5gWxJZMUa6LybEH84kkJaHXK5YBHnmhGQtS
AQq9qSwZxFMiHPiYki3Sd9UYQ47ZRuHq4jrxEH1FQjSn
GRBjugNFFbwxBPzz6vaiUKzoo6yru1NcU8WTyRmh6GAs
GmxYMcZLEkbbMCXuVN1ZMHi4X9XXmUEkhbYc3KUHtWDm
BhpAZDUjTJvRMsfRkRUN3ycnAtjHYHD5LXt4pXjVV28E
2YDsKkKKeTocvwacf4m9jcb3fPRRqLk4jn5BWtBYbXYx
HTfWDhVrxX2UoSJwPdLtEoom3cd73jYU79k1E7nqamxp
6VgFGqXkauWCHPgQTdSvnaG5dnV3PSfuLA4XMRduSkkf
5AzMucKAvzZ4vcZDcjNr8mRncT8oatF2skdnTcrHNVQ1
HHvLkCMaHVghfRrYB7rB4xTdUxqFVRwhjGKjwB9xPK9J
4WjxcxywrCnJwgjZKB8225iuWnKNHyCSug4b1JdNnC2b
Gm4kgQKgvn84ocSyixin6RFkv1M4ngapixVVbYwdQsYw
4aiQr9XZC9vUUW6eptWLjDsWBGwFTs7ND77PMJM24ZwR
DpGKd5xmi6a4s8yEy5Ykevjgc7ej2tGQvMWdaDMmNKNE
6T5tbNykcyoUP9oNmUZAEBdsi8j4ZrSee9uKnTodieFU
DShYrtoapQkMq2fwQSrN7FUsgY7LM2eSRZKY3izNUojt
DoF4kvHuwiwBcdz1Jafk7jeVp4nna1QnaaFSVo1ZDSco
9fgw9GUuxXNk6hibv2kSM9WaaRGL93DYtTSNtZf1SGtL
8imSQ9GpRwCuGvXnasUcLJvbnDMWE5Gfbb4WSuKvdffF
7EHVJWT2cBGVYFFEoYCc7gcWfxp8fYwTFN9BfkrDJwkn
Hr3BqfC4mAmyfJAoWPBHNK9h4vc7uCoSPwdhgqFXfCf
E8Shg7yoVLdwyFKDzNymE5PeQEpmRxXxe7aoPZiGG7Bs
H6dMhFph2Wjow2FPfoAMcQPdCZX8epHgZiNPhDE2eD3q
5YoRkurLnk8UEHLCfUEnTzHubiWQ12qdmA8oT125BidF
Gh5KyRMVW3raCK1E97SZsHUpL1DT6SMHGqLVftgZvd64
7QzZMnkeRxy99MX4o13TrVRXK5L9N4QNDzGYYH3XCsTd
5Zj61XfNPxPV2TiKNCt2NK8ByS2TNnrg8CBGW8D6yCdM
H4HoLk25EtX9FsNEmoY9iWjoFvXSb9HU2tNVNPd8P6BZ
DLasrXrCdBq94v4XgiSpNxEiZoco4wmzvXG6tb4yhLyM
8gE3HSYkrwGrnHRSVtZiwfDDphmgp8oZ9mzevH7AbNTd
8wRkRTZj5yxFFLetYT1ZMtLZXsAnbmEPmRG1tP99B2Vn
DPMY5RTFq9DMqL1pRceYSxGwgFBKDTTXKDRiauUNjaJQ
oeViMb9s4Nqri4wZSDrt5Jn9JA4CaW1W1CfuQC21FDa
F7ztrY4ST888pXVm9bkymVR7xCetR7a5EPhFQ8SFZq52
HN8SXWNQurUkJ634Rkwo72nsdtf5b36aFVCsKYwBL8NK
GMBDV5YWrsEox9SaPydDYvTw2ymFJdoLN3Wd1NAfCAMA
AgEgKEBNwrWrqfCpPybJmYtGGhoCH2qceLfAXhnFVbyR
Ai7uTePviHF5w1Gpx3Hkh8qoVikQNxP3v5NHPgdj3eY9
BrTDGcGHcww78RW9PuGg6WLP5LeNZGZeCfU55rg59TvJ
6Y687bSRTHnfrwr7uN2vTTts1usEi1oEAqupybfpuUpB
4yarvwRdMZBCiAeXwdCkfbPCnGouj4UQLyBts5h6BWzN
2XJcKpnFZ7iA57LnfkYvAjy7C93RU5J9X4mdecCrFjJs
FJq7pQRcdQQQCpwkdVmEMcGaDcKGssiTf9rjuZTa4UEc
EJiebVSxkw1KDQaixskqp9oyR4gVZZEn4DUPvJky1T7b
2tPX6PUsuREfu9n4CHSpJpStTCLncoRexZGf4urHeQJT
v7KVYntnWTxy8N6DzKsabQ2yXRDo9VMuevTkzBfohd5
HPD7AVVRakMtfeYzSfugwtJy1omuJPcZayCE7BCJnWaQ
wRmoTE7jBBYGrjY5W9mXNY2UehVKZMtauYt8TGnbq9j
G6SjUmjb1yAovudsExAM5cXXeAbyyMqK5ofm4zL9Y3dA
8e4J1M4qNy3Xqk6VcV4Vh5aiC2naaGjxMoHqvkSso7ob
26eDHvBCeBMiv4eQmEy9sW7RQBFGSurZGCcMj93WDLJt
B3EEkTUR8gvxh1TvxAVPhZbh1hQ4cgSgUThx4VGcNbAq
B4yjcyPV3GhwNwMKEmBTqwgAprS9cBVkqtZqNeeWRxUD
D53JWq5XJM1atVqjqESgcDNd9iWNV53WKrSfp8nmZPvj
8pzaVnuPG7NpVUCUV9gGWJQKyN718xdijg3wP3YgZTeY
AQ2dsCPvLtZ2djk6pU98Bg1M4PeTLjaWQXanJCQ5iiiz
721QPbNkG7WJUQeR8ae2idMBEkzxr4yWZWpa4thohtGu
AxBa47mpuvz15v1DcciDq2iBzxrkwsDSYocu5U5113Kh
2NTzNkm4q4eZreRWKEQxtv2MG6AzJHTiy9J79tH3M6Zx
mr34zCtu9tHJav1Y2pi2g5sasm9rKYkxcB9cbJRrqJZ
DwfsqewqdTfCccsupHzkr6es4inaSaceSHJa9VSsUVTX
4nJtSun8uxiVRLKpvrdeV7auHpHsGLXHUgHxDabZGAws
5YENFBEJyVGGU6rvFs9esWmLmAXLgzhQfPA689XgjV9u
CWVwto6HiQ3yauwHR4qLdkEbDvz2nP2Df2ZBJGUiEFpb
GWcCXtk4d6icEYd1jRSbfaee6GDtusx7BbTy7KQFk6bh
HFSevQnZGZxprPunUDgpJGJ4Lc4kKUuQ5HMgzEcM4wbm
CVfFyLzkXaqHFeDj85MREcpdcPZ1WGyBtfVWwnCeBfwP
D24yV2bAjDVtT8rkjGY7VgP9gCiPJX8tPw8wGs6SqQS5
BT21A9EP5YPu4nXAw2bVJKmM5GECptFpDQ2SvPdZTmkg
7LHDxfZkEC7rkzvAm8ULoFVyQcRDJxdPCism27sYTcG5
34Lwfc2nC1XR5t53mucZFiHx8NSydPRy6Sg2G8gyngxs
H32uoRNXmJLqP4LDZmsCndjrMBWaQPSNug7WviTRW1wb
CXczJ8BtEVJwLJDECTSkgn5oA8aqdCMqTgu3CtE3NwRq
5su5JTdH22zSLvhoQLkeSnCthuBLVLTYyn5Uuv2GVd5B
HeAncgrUGmLU2q3Kck5j7qoR27jBdrvhd3LqvcTQJMyi
HmDAh85sTbdAQzyUcL9qZHsvNx6mygj2FWQCatT9B8dF
2J2DMmB5PBoYVjK87wMskFKCYpCdtCoFfUKZEFCJizEj
ETXSucuF2sa5xwBewxARM2ieCQSChybVfZvaV8S2sjPV
AoBD2PuVtQByFHAKvSRVMdCWTKLcU7RdLq21WztZtVng
HmSo7gdHKaZ9dpyBZ2yriSDvoBiv342bqsYKSDVVQkxi
E38kRBAHTtvEt5ihntpgjqKbqGnMyBzjHEcFRXdQG2og
57zzpgHKSS3dmpfkKxekZmvpYVCjrKtZdLcyduWhTS5q
A67iD8LAZJFGPHPsd7V3BVmMuwui379VeCNeEa6f5gMJ
9AGyuNMJfc6FCAkZ9F9uaC9PhBbEvYZhKPjx61wgC6XZ
4K3QeQiRe8ow9oiVRKiz8MQZvZFR587huvwJnMncdeWo
9vVz92eF8WZ1ndjWFC5FoxvRb6JJB1JQ9fhfhMSTgCnA
HDTEKAExPxLvHhkkJWyDCXrfyDR8pKDpFfhA1gaYq9U4
Cr88UJeaRXquwbJjXiFSZCwarjrEC2N9GAeXrMaeCDXy
3isAZyBVAuKMrYZYk2d4NBmfEPKx2fAjSRzHhXJqkKtU
TkAih3ghwzxQzvfHSxccr8uns5qhMU3nzFiofncn5fr
7qsPqF3BhRuBZBCKrZPjLtPmJpqb3mxnXxkym8uKtDGB
Fsd6vJ4GhoH5TC7S3ud23VinPVcCGr9yffcTRWkKqjJX
6PhkJmgTb5oYXEBFGfPGFhgHbHPP9kvmg7KCtrL5bMPx
7NSRVduMfNS6bH2LgmgrWGGot6jVsSyH8W7jgpTyeSKN
9D2ZgeknhQ87BfnJnYt4pt6oeb2pQ4knLytT2aJxHuUn
7eU9MkLASzSF9MY8ha95fk2hAJbDmmrYWAdpyQKUKa2k
CJutY6i8tNPAd7FW7pvjcAiDJeNaJBk9fyKRmZp47a98
