27T6iShCSmH8drsamyvnpmTpp7wzNBW9BnYatvmv86us
FnCkghFHPAvRQy8ZHZoBi5d8SDKcq7VXyZ3ohvZakcEF
BWW3iYDEbQxEC5nUyisLknFe8hYLpt6Nkm2y5ZV3ULJq
4NKuEXaQhWrDxvtcNszy8DdVFHJ6d3EZHXopCAJ8nzEP
3z3wsGJTTyYVxrHGGSivQcHraRvpM578G1bvQ5gHsGvu
Hi8RbCMVd5CfuxqhkbyX1g7A723jdx3A654czdXK6DwT
Gn32jvdQCoTxoL14RVFaizSi6NmptSZRfCvT718qmuUh
HimVdVGnwHTUxudzxD1ZGRdCDTqt9KHJo4b9eewYmwJd
8sHowkUkVJv4Gbc3chSna8mEPznqcnvgcq5xNr5Nv2Kv
9X9LWyGde4aXTTGecNZq3pDsqVeFbGmUbfVE7J8t8v6b
9X1zh4NUc5BYHrT7RVb9NL2yaeUfs5BY4voPXQUkQVWi
BBaVFkDHTJ1BKfiYenUpFgNAEWbMBBe4DJR7SL5NAQ1t
7XRcmwrWTyhdTMfRLHeDjJ9MsZQxeYzCizbxY4CTq3rd
9t3EXgrxQWQiBU9ZU7RbswTXTM47xiEQKC5EVvsq6tVF
CivxaruhALgwShwpQAzaYogQwHxJERVFsUoUTpNBTDLq
ggyRsBBBtdf43MpWX18wbwW5S67RaZt4YpY1jVJc4cN
77XqcgrD9KwApXiCwjViLhEDM2rbabLTmdJjWugDLUP2
2vj1nfLYD13RZsGybj88TwiRLkd6tp18FePaZawKWgiD
EJq7EdeMrNHKYMHr1TypZMEaEoHLtYru459MdHnGy1US
2KNqjqMtxiHGFZaqyf2tW4UFzK5v2pQShwTN1j9NgSwj
