A1cAizrVUZzEvQVUpmPhGfEzBacJFXD7Deoz7bDqPehm
9pXfkcHPjMDNXzWUH6Zz7RMBxzpJGDLMJ2qrm1ebb1qU
7FkPdFizo6BH4SYGtt4B3MjDCZVhsRtot9VepqsBfhXi
69DYhbbx5f4QCiq9cKhdZnwQpGPGZxjE4YAsaUCNbErr
4LRJkGjoyiwcVkiYT5SGRUTstMrmBfKLj4o7QWtTmKLT
4F185kyGgmg3dNX1VCENMSScUcV2uNM85Ve4MPP9GqBP
DEfmZ5Qhnte5k7Zi5k6FVzCYq5aYFzHc6wdtxHdgvMoB
Eo9UuFCTq96jY4HQNBVy2BR6VctHwn4PMWrMnN5HqbEs
4bLtUy1yd9zH4E8SHyj4hwo1w9tfWgWBzF82NaQ6N7QJ
AMK74WZbVeer11jFwVDFdWZmNfAcVUTwfUhRhsdyM75F
FRSxu54PJQsGCqaT9qq4QD9k4MpM3hAL1Dp8pjZuLdCk
3xZzjDnLQMdy1iEqmYcYdFLULMcRRgq7T6N6WVLTj46b
C5jBAxxg5gXBpouddN3UVxAZ3ENBwHbU8354Myfnf4Mm
HM87whnWRRdZdnUtQEqbPirNX48XiTdih2Q7YgH5AGJ7
A7Cz3Bo1p5YgDeQ2nwH6fvMyhujUyscARemc9P4CQVAN
FcAP1skxczFkFmt3cHtK2SkqEo19KMCJ3S9pEYqWTRJx
ysKkr1PLhdPVFsNjPmPnf9cVJCvA1ZwY8n4p13pnmvg
5QREZYxwha1cwXecXehRSkf4fme8Pika9juV4YprxsTs
GeR2WbGa4Tiz669dPANofyMEc9MgZFBGbYRcGQkWiVqA
DiiVATCuXw3ux3xvytdBNsiBSUAA65eR8xi5ynTWaBdU
