BgcuX1LQ4jcXGU42sEsXukWusRwWzoz2BHyzqemrydHB
8rUnCnFKKqfBy6naJhSUsD2DuVm4hRFPVBjfHPwQ4R9G
5H7e2PpHGWrFVkRKqr2S1KevA6VCQpRQaAPuP2e6mtRH
DTVKm6quUJajEPokLigouYcjVoG6TvyfeHQutYR3U1iG
HGkC5YY4uU9EDae8Femev2anG1AkmhAeUSgjwbZ24KE4
67wiw1QfdGx3bRoUMJ3kdbJP7hgjiGNpug7u86G6Dvuq
8xMwr4NyJhfcnHpSwnig9NHgZedidPeZCbbgEuHhARdF
Hsf9mzRwFM2pU111Bgm9vR6VqxQiWDZD24L6crzbS1h5
DZXEnZTyt3NCJEmryP7zVhQkEQpZYB6EWLmebgZZFGaq
or2KEsn2SuYTPLicrQroqAjqrrJ7xF8C6EgCXQ8MwDG
ETWB6fqsdJCtP8mmCnJXbXEGX6xTPQso5v5pswMgiLv4
3szhL9ToG7V22Ff4A9suZWBXovsfzwTes4FChR3MHnW7
6u1kY5XPcuXa3a5LX7j3oTyogeFjSxjmZJov9WH2nT51
AXCBwnaA6xUPtKpRNNithvkmJNTVFqzvFCGd1CG5cLmQ
HmXQmAzHE2QUyz2KXVgxAm1uN7A1Av6MA3C197hR7iUJ
8Lg5PFQqGo4aJhRRmMAkGsgwAkDN5M7bfZuAdKqu3dJn
EjK4Jc8sizEvqK6wmP5AqvNtAuVLHxeHj4YdqAzcA9hm
xVfP2t5cxH8CkvyyYG6qHX4brds5MSJ2i6zKA1EazW3
5x4hdiZKZZQ7D4dKvrunKFZiLnUzDyapJgFWZ5HDqZqK
5sNsnBeMzn3SWQra5ACTyrKE7gD2HjERdVVqvmbdkAum
B6VCpNy5V123QpjxTeicfRvYGXLntFg3mqSWfbGvuYUa
AkRRTxYGeTohCe1egFpcuyJ3CcPuKcMdXZeyJCECFB1i
EGKpWQum7ky8iRa6MnAifLA8SV64hrtV2XVgCQhfkbb5
37kCY9Rt41PQgCsm8uEMWXKENhdaNzhti7pDhf1pgmkf
9DUjPLtP8Lh8xBxNK9Q6CftGoEoKFBV1GZi1Lrzq41mv
6fQk8G6hVBGB7pCgFuL2fcpTkLAVEQdWq4uh9AhkwYAr
ENCCQY734MXbMsFntmo5phmCCMEPv2DT6VGNXJ5s1KZc
C5Z6EmkLVytCVZDXCDTCD9LDwrDwRt1GrWbbZSoYVQGa
gxAqoW7pqVeUvbHQP3MzCqcaKETtG8r6KUg5vgwLgRt
J1Q2JgB6ax5rPEzx3Z3wjNi9PBFD48D1C7tLk5aZ1SNd
ZiSbMLL2oX4Kemu9eemY9mjyJws7hMi8Tc37CGag61F
HYYd2g5ajeUZSyPJ6JkWDLD4DDK6XFVi8KLR7vGXWHTj
12VDUYXCP6HmEQrijJwVHiCAqbCzkKV63Uk4NckvRZ9p
F9ZwmZN3BiNCVbYBdBb6NQ7rMpAxHyxHtBYgweB23rmg
AXsEHfDPYk5ZsGWcL9vp3spT8GMfKth4cAJQDnD4n1pC
9p9rjZPoh5cVb7bMzkvy7df8tE4jSJ32mgioepfUXTgW
DtYfuESAsTRitvBp146BdDriiFT9gCp3AJUrJusyXy68
6vWobpSLT97dD2DmHcujLi6fCPCGSju2Dud2KLPqp7tv
57mn7gswNitCohxXY7EJ5TMzjg58KS6haNGCCVCJbHSt
DnfQfmpEQsMNAfB2K6huRvd5HprNXSpHNU6tujQbtWso
GCns98gLrmszVZjcmEbhjh5dWYKeG6jThubtpdiiAnje
C19hLxWTN57WQ1pD368hqSJYFjbKECzSXRswRpBkfmHX
7TnF8XMj3i6qzEV6D6QEBGdR1Z49E4tfCrn196tA3uf8
49Bjyp1pjwDvdGVv3YXsBe56ivxArqBhKeA1L2pygAyn
AXrpFLGLiwb5so6XXTm5QENQyAaKxEkKW17rqkXb49Av
FvkZ46dysVGYBxWXXj94zKm4kN87fatmkpT4XmA3E5J6
CDcK1yiwEJKjQUx8a4ihgWYGmkvKjdYV6WBHeWH3ijnV
2hqkEAYC93KnbPxZxuoHv6u91W2kXwiu6gEShAYBYhoX
Ck5i5phqmXo5vs61hZX4q1qgokDqQoN5Azq3UGn99gxo
5EhcKHBaztSPsnqY9hvnD1oYJEAYRMfGp1kPQExvcv12
TUoMY14uSHYFvGP849SuExzyrVLhRaX1SELzcYfkBNJ
Gg7FxVod1g5uXMaEHU4Vnrs9hgYU78qY4ZAJUMxup5sR
5c92nJkr8fQisocYjTss5ixqkwCGrEidBwdzbc1kEXN7
9ZFhGcXo8AZXs2poB5b1orS3HXpuBHWzck5jfkDtkmzP
6qemqKagfSk659oqoMk2jV6k5usEeCkoEm82hGMLbpHd
Hbzp75B7htKexGYVRRD9rKhuZKyQKaxp2RsignJ195Qv
3VFsnbXgDPHySquoL8NQi2ZFLr2fB8KigFs9TyBHC3TH
6Sc67Pn3inciJQbKUBg1xT5NYyD65mdXC86LoL1XaPij
73HLy5vc3VxSygb9Sz76u9vhBv58owZpJN4ioU7Ri3FQ
9qPjauyzmzbm6d5uKGtT9jFtcP9PZQyAXppaJ1oMcSFQ
CD2ujYph6uLupK7Re3u6w3BVMef7g8VebKtQeRyASX2h
CQGQaKwHdgpBrJzWKpn8otgFYRtmibKVNV5GvL2sw2rV
HeGqAJeLA9atT5NmVvLkpYDDq5VfhBUVxubG5Yd4Ckkq
7eWvh6tGAPwKREagmUiMjpnKk79R7And9w6EHtjjJKbs
GnAEf1LKwbtTRwWBPzpKn9r6EtHs1koeX4NU4SQfH9eF
BqEaoAUXTHpmr9YjupmfGQAiaYQVKwLNDRhnJy2g6Cvc
Bn56vXJYXgRSSGXiBkecq4MzRzW36FAegeoSrj6ZKAaV
CZvLiaVGgqwxYxw8topvbDwVjzRDB5ycnRCbwap4oqgz
8bNtPWMqmJ8FuJZaQvKfCvwBDZYPFRHWHaSFmXCXhETu
9oSwAeSbtKZh96dE1ACxbhKRNP3e3ahBw9PeuXYGddzV
spZttgkwvEGuZUvYdts7YWYzk8M5kMfzPZ2wF5RUVwu
BtUqXCMxKoN7Qoxu4gZNWpFiTsKqwfZzXNmf3PJ7MgEh
3bwUcePbhMMT4VWX8D27wuhZXt8yjZTkN9Nvwr36uFxU
63WMGcDhffyyYX8572Hr9AJBYFtmJH6qqLiyPThyEtdR
EdAxoCThiLG9bEgqJUUsHRCLwLNewTnapVFevNSkCxe4
EcJnHc4D6sbo7xpQwbWhEE84mjrnKg1EXAqfc4MQoYES
2KQoQPQXugDgSSFon94ujx49rPU812KL42LqXi4tK5th
AEPZmrSfRzeqtoJ1vjM5dnNJeHfveEX8kqADAPworCYu
fr1k7WJRRDSjz7K6s9jtvouYfzLbi8hy6Fns4AtmzC4
NT7kRmT8pW1YUfP8YfE14iqfDUpectNBuYo8ZwNUjNu
77vMLz3mDCsDANGQ8RS1Un8miGupkuVToFjmk5Mv41zL
2YuBbM7YToUXk5je5THFQiBz2DotNz7XMfijCa5LtyFr
GWi4edgR5vtfa2EC7zgGShihxzaao1ftWYSS5A7F1Gkd
Fbeh7xDDqcrMCFvLnixu3ADzJZDP8hAvRZXSbx8ESY2c
215METg7AVXKbEWJgKmaBxuwFtupxFavGax96y6KbpLR
28Q2nW1eo7ys71u9mpWr3gmRdike6K7CHzzwMRByAAbb
4Nk5zYuadyZXbaDkwsXNKGCbxdTUcJhv5nWpNduPB98i
PbFRcQknimPdovwt8G1DgRKUgjyzZLYUXFiB1Lt42xG
AJsQZ3J9VEVPCyy6K5VxA2sPKfanKLkAUTDQSZUxeXwr
BKQBHCieyqJgPVFwfbLPHWY6seS6A7DugTa6EgrL8TGy
EXjNifmWegQSzF2QC8QDNSDjKsCsdsspmQnRXDgSo3CC
CgeaGSmkWXKJtVhTrDbQsb2uKCiyYcQx8bvHmurUgY9N
56FHq5PmYCf2LHkcJGozU3Z6GF34qDY8oe8WMzKALmrt
Gmw3HhZYPCb9G5E3mkvgWBmeQeuoGvTb3Pb4CCwtBYDZ
Gh9kysDA9QCP9BN7ShyhZDrQ4yQndKjkX5WPq2ZuSLLn
LfGJop1ZFHqKTVZ4XqTcAe3CrbnPKvY6rSb5vpwmEXx
DME7s9dx4NVg6QLmi5MJ3VTVPw3kvLYLxsoLnmJC3ZfE
CCnpgWrcXiiMUtXwowmp5F1QWZQPDBGVffAPB7oorEkV
EBd86b6Jgg5XMDxR96bidEWHJ6WsNAFCi5UqtkiDb4d5
BgcuX1LQ4jcXGU42sEsXukWusRwWzoz2BHyzqemrydHB
8rUnCnFKKqfBy6naJhSUsD2DuVm4hRFPVBjfHPwQ4R9G
5H7e2PpHGWrFVkRKqr2S1KevA6VCQpRQaAPuP2e6mtRH
DTVKm6quUJajEPokLigouYcjVoG6TvyfeHQutYR3U1iG
HGkC5YY4uU9EDae8Femev2anG1AkmhAeUSgjwbZ24KE4
67wiw1QfdGx3bRoUMJ3kdbJP7hgjiGNpug7u86G6Dvuq
8xMwr4NyJhfcnHpSwnig9NHgZedidPeZCbbgEuHhARdF
Hsf9mzRwFM2pU111Bgm9vR6VqxQiWDZD24L6crzbS1h5
DZXEnZTyt3NCJEmryP7zVhQkEQpZYB6EWLmebgZZFGaq
or2KEsn2SuYTPLicrQroqAjqrrJ7xF8C6EgCXQ8MwDG
ETWB6fqsdJCtP8mmCnJXbXEGX6xTPQso5v5pswMgiLv4
3szhL9ToG7V22Ff4A9suZWBXovsfzwTes4FChR3MHnW7
6u1kY5XPcuXa3a5LX7j3oTyogeFjSxjmZJov9WH2nT51
AXCBwnaA6xUPtKpRNNithvkmJNTVFqzvFCGd1CG5cLmQ
HmXQmAzHE2QUyz2KXVgxAm1uN7A1Av6MA3C197hR7iUJ
8Lg5PFQqGo4aJhRRmMAkGsgwAkDN5M7bfZuAdKqu3dJn
EjK4Jc8sizEvqK6wmP5AqvNtAuVLHxeHj4YdqAzcA9hm
xVfP2t5cxH8CkvyyYG6qHX4brds5MSJ2i6zKA1EazW3
5x4hdiZKZZQ7D4dKvrunKFZiLnUzDyapJgFWZ5HDqZqK
5sNsnBeMzn3SWQra5ACTyrKE7gD2HjERdVVqvmbdkAum
B6VCpNy5V123QpjxTeicfRvYGXLntFg3mqSWfbGvuYUa
AkRRTxYGeTohCe1egFpcuyJ3CcPuKcMdXZeyJCECFB1i
EGKpWQum7ky8iRa6MnAifLA8SV64hrtV2XVgCQhfkbb5
37kCY9Rt41PQgCsm8uEMWXKENhdaNzhti7pDhf1pgmkf
9DUjPLtP8Lh8xBxNK9Q6CftGoEoKFBV1GZi1Lrzq41mv
6fQk8G6hVBGB7pCgFuL2fcpTkLAVEQdWq4uh9AhkwYAr
ENCCQY734MXbMsFntmo5phmCCMEPv2DT6VGNXJ5s1KZc
C5Z6EmkLVytCVZDXCDTCD9LDwrDwRt1GrWbbZSoYVQGa
gxAqoW7pqVeUvbHQP3MzCqcaKETtG8r6KUg5vgwLgRt
J1Q2JgB6ax5rPEzx3Z3wjNi9PBFD48D1C7tLk5aZ1SNd
ZiSbMLL2oX4Kemu9eemY9mjyJws7hMi8Tc37CGag61F
HYYd2g5ajeUZSyPJ6JkWDLD4DDK6XFVi8KLR7vGXWHTj
12VDUYXCP6HmEQrijJwVHiCAqbCzkKV63Uk4NckvRZ9p
F9ZwmZN3BiNCVbYBdBb6NQ7rMpAxHyxHtBYgweB23rmg
AXsEHfDPYk5ZsGWcL9vp3spT8GMfKth4cAJQDnD4n1pC
9p9rjZPoh5cVb7bMzkvy7df8tE4jSJ32mgioepfUXTgW
DtYfuESAsTRitvBp146BdDriiFT9gCp3AJUrJusyXy68
6vWobpSLT97dD2DmHcujLi6fCPCGSju2Dud2KLPqp7tv
57mn7gswNitCohxXY7EJ5TMzjg58KS6haNGCCVCJbHSt
DnfQfmpEQsMNAfB2K6huRvd5HprNXSpHNU6tujQbtWso
GCns98gLrmszVZjcmEbhjh5dWYKeG6jThubtpdiiAnje
C19hLxWTN57WQ1pD368hqSJYFjbKECzSXRswRpBkfmHX
7TnF8XMj3i6qzEV6D6QEBGdR1Z49E4tfCrn196tA3uf8
49Bjyp1pjwDvdGVv3YXsBe56ivxArqBhKeA1L2pygAyn
AXrpFLGLiwb5so6XXTm5QENQyAaKxEkKW17rqkXb49Av
FvkZ46dysVGYBxWXXj94zKm4kN87fatmkpT4XmA3E5J6
CDcK1yiwEJKjQUx8a4ihgWYGmkvKjdYV6WBHeWH3ijnV
2hqkEAYC93KnbPxZxuoHv6u91W2kXwiu6gEShAYBYhoX
Ck5i5phqmXo5vs61hZX4q1qgokDqQoN5Azq3UGn99gxo
5EhcKHBaztSPsnqY9hvnD1oYJEAYRMfGp1kPQExvcv12
TUoMY14uSHYFvGP849SuExzyrVLhRaX1SELzcYfkBNJ
Gg7FxVod1g5uXMaEHU4Vnrs9hgYU78qY4ZAJUMxup5sR
5c92nJkr8fQisocYjTss5ixqkwCGrEidBwdzbc1kEXN7
9ZFhGcXo8AZXs2poB5b1orS3HXpuBHWzck5jfkDtkmzP
6qemqKagfSk659oqoMk2jV6k5usEeCkoEm82hGMLbpHd
Hbzp75B7htKexGYVRRD9rKhuZKyQKaxp2RsignJ195Qv
3VFsnbXgDPHySquoL8NQi2ZFLr2fB8KigFs9TyBHC3TH
6Sc67Pn3inciJQbKUBg1xT5NYyD65mdXC86LoL1XaPij
73HLy5vc3VxSygb9Sz76u9vhBv58owZpJN4ioU7Ri3FQ
9qPjauyzmzbm6d5uKGtT9jFtcP9PZQyAXppaJ1oMcSFQ
CD2ujYph6uLupK7Re3u6w3BVMef7g8VebKtQeRyASX2h
CQGQaKwHdgpBrJzWKpn8otgFYRtmibKVNV5GvL2sw2rV
HeGqAJeLA9atT5NmVvLkpYDDq5VfhBUVxubG5Yd4Ckkq
7eWvh6tGAPwKREagmUiMjpnKk79R7And9w6EHtjjJKbs
GnAEf1LKwbtTRwWBPzpKn9r6EtHs1koeX4NU4SQfH9eF
BqEaoAUXTHpmr9YjupmfGQAiaYQVKwLNDRhnJy2g6Cvc
Bn56vXJYXgRSSGXiBkecq4MzRzW36FAegeoSrj6ZKAaV
CZvLiaVGgqwxYxw8topvbDwVjzRDB5ycnRCbwap4oqgz
8bNtPWMqmJ8FuJZaQvKfCvwBDZYPFRHWHaSFmXCXhETu
9oSwAeSbtKZh96dE1ACxbhKRNP3e3ahBw9PeuXYGddzV
spZttgkwvEGuZUvYdts7YWYzk8M5kMfzPZ2wF5RUVwu
BtUqXCMxKoN7Qoxu4gZNWpFiTsKqwfZzXNmf3PJ7MgEh
3bwUcePbhMMT4VWX8D27wuhZXt8yjZTkN9Nvwr36uFxU
63WMGcDhffyyYX8572Hr9AJBYFtmJH6qqLiyPThyEtdR
EdAxoCThiLG9bEgqJUUsHRCLwLNewTnapVFevNSkCxe4
EcJnHc4D6sbo7xpQwbWhEE84mjrnKg1EXAqfc4MQoYES
2KQoQPQXugDgSSFon94ujx49rPU812KL42LqXi4tK5th
AEPZmrSfRzeqtoJ1vjM5dnNJeHfveEX8kqADAPworCYu
fr1k7WJRRDSjz7K6s9jtvouYfzLbi8hy6Fns4AtmzC4
NT7kRmT8pW1YUfP8YfE14iqfDUpectNBuYo8ZwNUjNu
77vMLz3mDCsDANGQ8RS1Un8miGupkuVToFjmk5Mv41zL
2YuBbM7YToUXk5je5THFQiBz2DotNz7XMfijCa5LtyFr
GWi4edgR5vtfa2EC7zgGShihxzaao1ftWYSS5A7F1Gkd
Fbeh7xDDqcrMCFvLnixu3ADzJZDP8hAvRZXSbx8ESY2c
215METg7AVXKbEWJgKmaBxuwFtupxFavGax96y6KbpLR
28Q2nW1eo7ys71u9mpWr3gmRdike6K7CHzzwMRByAAbb
4Nk5zYuadyZXbaDkwsXNKGCbxdTUcJhv5nWpNduPB98i
PbFRcQknimPdovwt8G1DgRKUgjyzZLYUXFiB1Lt42xG
AJsQZ3J9VEVPCyy6K5VxA2sPKfanKLkAUTDQSZUxeXwr
BKQBHCieyqJgPVFwfbLPHWY6seS6A7DugTa6EgrL8TGy
EXjNifmWegQSzF2QC8QDNSDjKsCsdsspmQnRXDgSo3CC
CgeaGSmkWXKJtVhTrDbQsb2uKCiyYcQx8bvHmurUgY9N
56FHq5PmYCf2LHkcJGozU3Z6GF34qDY8oe8WMzKALmrt
Gmw3HhZYPCb9G5E3mkvgWBmeQeuoGvTb3Pb4CCwtBYDZ
Gh9kysDA9QCP9BN7ShyhZDrQ4yQndKjkX5WPq2ZuSLLn
LfGJop1ZFHqKTVZ4XqTcAe3CrbnPKvY6rSb5vpwmEXx
DME7s9dx4NVg6QLmi5MJ3VTVPw3kvLYLxsoLnmJC3ZfE
CCnpgWrcXiiMUtXwowmp5F1QWZQPDBGVffAPB7oorEkV
EBd86b6Jgg5XMDxR96bidEWHJ6WsNAFCi5UqtkiDb4d5
