Transfer 1 tokens
  Sender: AhBzpcZCAuBoE9RiUy8RACBQkeDhwRcC9EJPhALnhSx7
  Recipient: 71j1etN9ACqaSFPkRLFXBaL8tj1NQboZrBzBnYetj6i
  Recipient associated token account: 2LJJYJ4dgCSa1qK8Wy3oZruBG2GFE7CEnqJdnTJm9F3R
  Funding recipient: 2LJJYJ4dgCSa1qK8Wy3oZruBG2GFE7CEnqJdnTJm9F3R (0.00203928 SOL)

Signature: vnf4MnyNXijDqoSMYvKXpzudpkPbbsnnQukskeaun6dTpBMkXpnHNQspQjdMKaYVSBARKWF5aRqvGeVRLxXrAhG

Transfer 1 tokens
  Sender: 3BAAE6X4R84tKGbDnELcSkj9AxVTPFN4zLvH4WH8k26P
  Recipient: GyYFCFpwsAY267f9orwedcds6cKRMNZoaehDT2u3HBzD
  Recipient associated token account: 4pwGftj1ncfsQ8BLW5bNxyvFjzMVQdJodX1ibqG3coyZ
  Funding recipient: 4pwGftj1ncfsQ8BLW5bNxyvFjzMVQdJodX1ibqG3coyZ (0.00203928 SOL)

Signature: 386TVyNJ4XtkPmRaJUrmQxv5rntu6HX3UEpc9iVcKjcnhF5euH6vLB4oagN26wsWgAWsEwWkAg3qS1QCiYEUqBPE

Transfer 1 tokens
  Sender: F6BZd9Jbr2Y7BnG2edddQWDr3azVHHseofnbLbeNHtdm
  Recipient: BUdpRNTSxyZZXtecMuBU7eB2x7RrwHZDPzGGUwiZwZUo
  Recipient associated token account: 93EvjFNVzx9uw2fz5AyDaPCgjPpGghq6fJzHNJETMEcC
  Funding recipient: 93EvjFNVzx9uw2fz5AyDaPCgjPpGghq6fJzHNJETMEcC (0.00203928 SOL)

Signature: 5KvaMNhxr14UijXEpZKRF7DjvAhGKf4HWxjV1SUq3mxTgGxwrbMWdu8gVE1xjyh2mk56HQU3pnEeg3E8DWA5FUNc

Transfer 1 tokens
  Sender: 44CDCQvY3BNrKyhvBSJjmM6B1127eWTXNJcpohYDHGZC
  Recipient: 3ooTnU4quRNztapYE5vVojHZSFqPeH2xnWC6mbbtAUSE
  Recipient associated token account: DZijnyBhGY7j8X3WkyRFcSdewQpwzmxtN6hc8EmspUuh
  Funding recipient: DZijnyBhGY7j8X3WkyRFcSdewQpwzmxtN6hc8EmspUuh (0.00203928 SOL)

Signature: 23X4yfSbUTPcGGDMY6DU5CQsJTSUdpPF1wTYEBUPbdPeDLLnt7ndA5y2iLAHHzwcfxcGFPZXzZ5end6Y8vXwLmzP

Transfer 1 tokens
  Sender: Bie9S66WQjp4kNPKnzAnCcR5Y2FCusRZT15p6cJX5VSJ
  Recipient: 73tF8uN3BwVzUzwETv59WNAafuEBct2zTgYbYXLggQiU
  Recipient associated token account: FDpvRCfsSMYPvLQCs4BQZrV9jiQzYuytf6QoZHtM26e6
  Funding recipient: FDpvRCfsSMYPvLQCs4BQZrV9jiQzYuytf6QoZHtM26e6 (0.00203928 SOL)

Signature: 4LJCcNbCZh3vS9ZQdccaidVHQPw2kSQ1Hh6HVNgVyrWJko9TBFYWyMgKhNpkzGfG1VWTm7wiR2byGYca18HGhKW1

Transfer 1 tokens
  Sender: Fn2NHA7UoxyrNtiPQCKu84zcSofVruVLKeocY4Fi1qAr
  Recipient: G4yn6VjDQoRRgqKVt1fp2uei3rFHWWKA5JwWPMM4eCgT
  Recipient associated token account: 3ALdAd5rcfsMVGgaPKfjSonCU7vsjdhSaDBjdj8RJnDP
  Funding recipient: 3ALdAd5rcfsMVGgaPKfjSonCU7vsjdhSaDBjdj8RJnDP (0.00203928 SOL)

Signature: 2YNGD5WvSsfAHFZWPfxJrTANpJTAnPE2EYCSXR7tMuNH6Ad7UuHyxiHB6x3YXxKkdU2yHRkyzAmfHngCCd81A1jz

Transfer 1 tokens
  Sender: AsJeY1ruTpb8g5255bjBMQn4MwkrauEmKadtCqLFWU1d
  Recipient: EG64BPWCM9rgbqoB4Sn8KZh3jnKmjA3CfpxBDmduUeCt
  Recipient associated token account: EzQfd8QcWP4kcb1EXDDwj5gHVMkCBsxcGcHwaBkQ9YxA
  Funding recipient: EzQfd8QcWP4kcb1EXDDwj5gHVMkCBsxcGcHwaBkQ9YxA (0.00203928 SOL)

Signature: 36J5iETCzPycXreea4rgKFCgDbyuJBgjNAhXvq5TrZp3MrHDK9Sa4Hrb9N7AVkpYkGiNUbh2AmjrQtRvcHCWqumA

Transfer 1 tokens
  Sender: tGXQUjYutUQyNAM7dXcsSgp3r6C4FPG72aShvAPi9eK
  Recipient: 5q5asD8bbneAFtsXyQ7pu7d99g4BfVF8Tr5q8F8x5iP3
  Recipient associated token account: 6UkT55YSTQ5EahfQEZ5SWFqrVrKyPdrksqsnqj6YCvXn
  Funding recipient: 6UkT55YSTQ5EahfQEZ5SWFqrVrKyPdrksqsnqj6YCvXn (0.00203928 SOL)

Signature: CcGzucaGtkythT9nmXz3yXPY4j1bHvpwQroVH4wkp2gQP3fzy5nWg6u7eYna3iDbGGKjHfrJExPtqz8QvhY6tZj

Transfer 1 tokens
  Sender: 1417v78SGwRVSj3LHa8zHy5Tn8nsvPz9d85b4C3ZJuDV
  Recipient: FpQjZzsgNvo5P8y9qtsSeMXERVjL8YUdp6otxhQfH7DU
  Recipient associated token account: DYgt5XDWduT7GejrBqMekRDhVBJaxPpXHszcddSGTU2R
  Funding recipient: DYgt5XDWduT7GejrBqMekRDhVBJaxPpXHszcddSGTU2R (0.00203928 SOL)

Signature: 3nHLABy5MKtpHxSRWaWJVq9HzmrdW4NJ6ZG9Pp4Ku5Gc6PmSPvbKPcuS7YUje41meYk9SzkJsSSASqbSQM5wSDPD

Transfer 1 tokens
  Sender: EmGMbL8T8P1KXJHqctrnkRwrcZTaQQh3qCcvFhnx7wnR
  Recipient: 6QmKFsYUfd8nxLufRojQxWQj4TGhM6ueJudmPd3NxbHY
  Recipient associated token account: AXGsuCaihNmzWCUNzdVvrwtBv2pAm4zt9RdDsfUrK1Da
  Funding recipient: AXGsuCaihNmzWCUNzdVvrwtBv2pAm4zt9RdDsfUrK1Da (0.00203928 SOL)

Signature: 4RNnnvz2wEX7n8W5aatb9a6Cq2c5s6T5Z79peZc5Z2FH9dAt3HWBzyNcKxxB18vZYjTjzXRH5aRkhLSQGdnQJCpQ

Transfer 1 tokens
  Sender: 5JV728m9xzUTdWdoENYeLHRre2AyT9n1n5SfcZkWMqpc
  Recipient: 2PhHTtsY3Lc8bnmfq6QcnezpqcwdKYyvkvXVzjJ75Aw4
  Recipient associated token account: H4Yb86sEmNmb8z6F7HvddJTTVYoZXVhu8LtWugCc9xV1
  Funding recipient: H4Yb86sEmNmb8z6F7HvddJTTVYoZXVhu8LtWugCc9xV1 (0.00203928 SOL)

Signature: 4LDuiEkhMTLtBjbQJgrMcBmMRGniEN5t23AQE828rWM7m6dMwDi4BaUB57qxn5mhuYCXgBauHcznsssXaU2Tvmgv

Transfer 1 tokens
  Sender: Ddroct5U6tEqD6qkk6MK5iurFbuQn2pj8hME51RXCugP
  Recipient: ACDDDr3c7eVbwofE3towzCR8TbjDvSg5GvmDV1PDmGvz
  Recipient associated token account: CPC1igViq9TvVE3WtjsPctoLmk2cqfDZZJ7Ai2TQ4PNw
  Funding recipient: CPC1igViq9TvVE3WtjsPctoLmk2cqfDZZJ7Ai2TQ4PNw (0.00203928 SOL)

Signature: KGqM7GHFP5ZVRZr8KW1qMeE92ya5nE3qRK5BLEDxPaG9t6ff58ekiPiwREGmKWWn3zQfXa7QJZcPCwG3TaWfkPX

Transfer 1 tokens
  Sender: HTw2R1otWisNunq4B6igK8Sosv2ZhaXRUCexXoMJxdvV
  Recipient: CakCB2mYApvhtzJWgmejHjuTAVDGbBk5zjzrDctgkxjM
  Recipient associated token account: HSjbScGxE1dvcXGAYTF4Lxr1iijNr4q24gn6bgSM8pkd
  Funding recipient: HSjbScGxE1dvcXGAYTF4Lxr1iijNr4q24gn6bgSM8pkd (0.00203928 SOL)

Signature: 9YtzFFjytitefXC67auMYpnyvbLHdtBYa2bnqb3LanNJZoAVn3XnBRPfDyQLExnFUN2YG4xjZD8MyDeWgrsZQbL

Transfer 1 tokens
  Sender: Ae6VftN2EYRVcBGjh67QzqHwFnkkVFV8p9g4GJNUx1k7
  Recipient: FEFpCkrg3gGRU4dFDdeqvfT3Xtvt1h8Evksmi6F7kaNf
  Recipient associated token account: GhEaYeQtG28AVbXUFfekA3Lc1egRZgd7GNsAJtCbT6gY
  Funding recipient: GhEaYeQtG28AVbXUFfekA3Lc1egRZgd7GNsAJtCbT6gY (0.00203928 SOL)

Signature: 5QrpShVjjXn3cyPQkhBXr8KtMkjgE4A8L9prBNgsVV3e6QvY2b51sWMKG8bBNu4iYfoJSu7FdMFzbxJ9bsuJKWma

Transfer 1 tokens
  Sender: BmdgtKMxYrcGexA4izokPdxM6m4NYCtXZB4hPVu6fF7s
  Recipient: DD14d6GeuU7FBN5c9WmgYkFzPsgRxBhtkQpYEPbLzTUF
  Recipient associated token account: 5tnUvYjobeKVnAH9imwvT5ddgMnELwRHCW8q9zsggbEW
  Funding recipient: 5tnUvYjobeKVnAH9imwvT5ddgMnELwRHCW8q9zsggbEW (0.00203928 SOL)

Signature: 3ZttkYWTiYQmFkN6mAEYXQQXLj3szSYYUCDTkEeqwjmfE97QLVhUtYjrEC86tYYYVhz3x3pbJ2pPiYiBbzCtr4aj

Transfer 1 tokens
  Sender: Fw27qa8dQvch7vGaTHVJL3kyBpYqpN1825pcYpEamKSa
  Recipient: 961La22VGQ67stUvUMWpRhp3dRma8vPvTkySkSspVYiD
  Recipient associated token account: C6BxbBPmfXxVim5kHJrU4e6EaHk4xQA4L5NEzvFEXcAb
  Funding recipient: C6BxbBPmfXxVim5kHJrU4e6EaHk4xQA4L5NEzvFEXcAb (0.00203928 SOL)

Signature: P7tYwm79BS5tXxi3u7mUwfSER3mYiH5WqutAU4e5LrsfC96YfG5E64Yqpy8qQ3H4sJfyavnLSVLVW7QKCqQNpNo

Transfer 1 tokens
  Sender: 6Q4Jw48qdyus2FjRgMP2XE8yFCdJH2reM1Yi7uwqW93G
  Recipient: 7RZeCmRg2a2EVF6o8EZq9p5FSD4ZJQaziJQNw22GxD1Y
  Recipient associated token account: 7QVCp6i5q1RejjdfS4aZjKvGbgpyVkQfJpAFGArRhzsf
  Funding recipient: 7QVCp6i5q1RejjdfS4aZjKvGbgpyVkQfJpAFGArRhzsf (0.00203928 SOL)

Signature: 32HQ1YDN7MJHaoeegkUGWx9Coy8MEJj6kWF2BYPupMnb73BUGvhsksewyowDS8MZcHCdeFCSH47mwBgxouqyabGs

Transfer 1 tokens
  Sender: 9kPFeVWMS3xULfe4jNUJAHx5mxhvaEjMUuXAf9KnBCbz
  Recipient: 6zVwbXYmzpxgqTcY6kWo65HqQdoymqZdrK6mQF9BUQed
  Recipient associated token account: Ae2ujfxHriWjDkHFVCf5ZpnucvV7MywG3KdgH6jv5b14
  Funding recipient: Ae2ujfxHriWjDkHFVCf5ZpnucvV7MywG3KdgH6jv5b14 (0.00203928 SOL)

Signature: Dsb91yfi3f1p4qTMd4TtCf61MeXhwpxtmdqY9num2tmqnsknHRFBRdfLrqRSpQAXmxraNcT545JzJyZx7B9rHQn

Transfer 1 tokens
  Sender: W6J22yhBvffzmRq3HWcdvbhGTTGCdJiVtZa6MrxPdDy
  Recipient: 2WxjzxKrWe7RsEjdGSjoUxYB57SAKFj2h8dTEBBi9CGX
  Recipient associated token account: 5gzuv3U1QNaNT3HqwHetfmDixT61i8eUQno3nppurj7J
  Funding recipient: 5gzuv3U1QNaNT3HqwHetfmDixT61i8eUQno3nppurj7J (0.00203928 SOL)

Signature: 38seCFCL64cxEXMcByFpviktQeavgK2SKYdMSsNCiYWc2rFojGi5wpGsTp2TeUH89XRxsn9UmLPZVZH46HERZQ8N

Transfer 1 tokens
  Sender: BneWcgNmHjMc212gnBLQPx4ooGouBZ1YJsTxzmszZzqi
  Recipient: F2E3GcXewJR4WfVmLhJUgNK2aRP46s638CVFu3oFT7ap
  Recipient associated token account: Bg4iNa7yNTUyDR2dnwyb9AxFSbiCLh3dznEtKaV5JNcL
  Funding recipient: Bg4iNa7yNTUyDR2dnwyb9AxFSbiCLh3dznEtKaV5JNcL (0.00203928 SOL)

Signature: 4AbD4iHpN4zM36rWZutKhWJKwnWSrunbkE1A4UjfsnduRNFJYgjjgwKrVDx8r6Vyo13HQJhUV7ocfnFMqFUNLFLS

