Transfer 1 tokens
  Sender: 8xDqFZYKH76AhZX1yktNYHeN5Wa9BxpXrfjHUHzrBgKX
  Recipient: 5NSVk4pDf2iqiP1bx5SUa5aeNQB4KFQ7WcXUFambLviy
  Recipient associated token account: FqKRGrrR6vabXqU6q1htW5oAAYWhodnBXcgUgJeL8WZF
  Funding recipient: FqKRGrrR6vabXqU6q1htW5oAAYWhodnBXcgUgJeL8WZF (0.00203928 SOL)

Signature: 2YrEbgR4uvzHJK9d8KTtwbvMpWM5iL7Pz3BeYCiVGngJL1gU7Kbo3gtBaY856D1AcmRDpsToh1c94jT8i6ytE85r

Transfer 1 tokens
  Sender: AusK1DePzRLbsca51GhzC8YVHDGmskz5auNXxSPP4bwK
  Recipient: EThAKdSL2kUi6P2BuogAV2VZE1Ky9d3KZfs8r1S687qB
  Recipient associated token account: EyKZJoTYCDYgdMnBjUzZ96NCoKWcCD5Qixpsjy2gRbi7
  Funding recipient: EyKZJoTYCDYgdMnBjUzZ96NCoKWcCD5Qixpsjy2gRbi7 (0.00203928 SOL)

Signature: fZNxA3wpethfM3rwB7VNRFSCuUYuNms3Hunw45FkbeXDLS2Sqkb4gMwnDibDGNmGpTR6zhJEMgCcPiP4tHJDEgr

Transfer 1 tokens
  Sender: ESzPDMkGTqZpCyDzzM8kLdrse3me2fkySfXJa517uRHy
  Recipient: 3PJUJ9Jn1dL35cvc8tHq5XWNeeSN3R9HfLRapmdEwNCb
  Recipient associated token account: Cz3khkKEM7t7V37NYqQLcPKCWAWDqPeevqGJVkdNpMHR
  Funding recipient: Cz3khkKEM7t7V37NYqQLcPKCWAWDqPeevqGJVkdNpMHR (0.00203928 SOL)

Signature: 3eymiWhDoKxqWfgaL5VAx97LBEuF2khpH7j9eRCfyn6TwfuwPcwyE2zrzRAEkrXrigd5Y6Em4SdoySRh2N2XfpQ6

Transfer 1 tokens
  Sender: EviHVesefVrZGdYMNpdDmTVhaM6HwrVE9vaoo1sinkXX
  Recipient: HHkUmGtCWDSy9juDafQx6KoYeAqUqpZetJrLDnvDCZMX
  Recipient associated token account: 3X7XidjK5WwTKMq147cY9RfXjpbzLaJK882rFbUJyEUj
  Funding recipient: 3X7XidjK5WwTKMq147cY9RfXjpbzLaJK882rFbUJyEUj (0.00203928 SOL)

Signature: 2aY8VyKgEWHVcFthyELHzfruy1cBXyRymKiX8DYa6nV8ZoFgAUAMPGk4Hqf1uQZtc7HxyrnwtkPVyjVX8k2cpkGr

Transfer 1 tokens
  Sender: FqtPEadzPVJ8NEcWQ4Gm2xcTyArXzjc43mLkE859ar6n
  Recipient: E6BdoEi3My25cnxbW39kHPq1Wo1pnqU3GX6QQP57XajV
  Recipient associated token account: 7bJPvZP6YqxusXyQ1baGzq9nQnEWBeMW3JUKbWSfUcAG
  Funding recipient: 7bJPvZP6YqxusXyQ1baGzq9nQnEWBeMW3JUKbWSfUcAG (0.00203928 SOL)

Signature: 5V7WiyjmRmes4Ab8VvejhNKJgrXkGWiuvcVjzyFta5BDrdAtNNfzVvLnMgFFZmQSmwuy2wBFbD5frJozEb7f4zLd

Transfer 1 tokens
  Sender: 5xzAMKokStXGeH2f86xkc7Lv9YVdEbr5hc4UV42bnd7s
  Recipient: 6ykYU3fWNQnoNunJKDLSVSZWCMPoajoE8EVNzKCYs9qT
  Recipient associated token account: 895nAYVRSzRVmoCNJ9mNTonmEkcphng2n1qmc68SoDep
  Funding recipient: 895nAYVRSzRVmoCNJ9mNTonmEkcphng2n1qmc68SoDep (0.00203928 SOL)

Signature: 65kAQaXHQqfgLx9q8T33FCGGEDYDSR5Bc1WNVfHMqWDRXA5CrdycgPw2wto3iiaDyr4vaCumR5Kcjt6dPXAM9rC5

Transfer 1 tokens
  Sender: MgJFFqNG8QXszgtsEUMQLxfyhrWpkpiPZWQGxL6WaLo
  Recipient: CKb1wznwqUMF5fXT1eJ9KG8E629s2jfp8ARxcW1CjXft
  Recipient associated token account: CEthqAWBVsysp4dtcddZpm7VSVjZmPjiUMMPPdcYhGS6
  Funding recipient: CEthqAWBVsysp4dtcddZpm7VSVjZmPjiUMMPPdcYhGS6 (0.00203928 SOL)

Signature: 48HxzhBoghvv7mFDGWouKA1Qmv9CGSvdbbeZWtqyMRiUCsJ2DyqPpqDSEeiTVeHtdTGY5VsKwmLtk3xTuZ2fCmEf

Transfer 1 tokens
  Sender: C2ZMSgC7919imUPBgAdguMHAGKZz9wQ4XmnwmJ5hd5jx
  Recipient: DGafXXd6xHAfnYTGpazQkgiG7uFZ3yFisZUUgeiYzA2G
  Recipient associated token account: AkHtMUmHA6fMCREA5vBm9RMFwDU8NgAcdzYGMtvjLkj8
  Funding recipient: AkHtMUmHA6fMCREA5vBm9RMFwDU8NgAcdzYGMtvjLkj8 (0.00203928 SOL)

Signature: 4gYXyiHq2rPhxbtTR7YyteTyDezR3EMHgjV73AVfFtLuszskezrQTNQ9mE1q1AZmmAU49pNZ4YUUwr37csmwvJa6

Transfer 1 tokens
  Sender: 8W53fVRukZkfiDQQKY6Qw3SWkxPC13sC1bdk7NnYgARE
  Recipient: HNEETb52GDPHbT3aLL8fk47KPL5Mq62S8rzfKKoasrHZ
  Recipient associated token account: GrJYgAj3sUcPiCbypz4EmLd2mBLcEFv9B8oJRX5vnqYL
  Funding recipient: GrJYgAj3sUcPiCbypz4EmLd2mBLcEFv9B8oJRX5vnqYL (0.00203928 SOL)

Signature: 4dhB1YNiwjmj4ZnVgN6SzsSyYwqRoGBhsT7J1pZVQE7qK4WcxcwSnVvWSqQ3fvtie5j3m9mHUBFHenUdKKAAsV8A

Transfer 1 tokens
  Sender: 8qhiXQUdBpUyxuBvuRNuLcjA1GVvxQo1E8geMJ9PHkLt
  Recipient: BZXQiZwQWFkALN6aiianVV1CXKX3xJtLUUYQYgmHHqr
  Recipient associated token account: 8YerptA8zuX2M2Eo9hAMXSzVx8xTMLyigRrbsZiv49js
  Funding recipient: 8YerptA8zuX2M2Eo9hAMXSzVx8xTMLyigRrbsZiv49js (0.00203928 SOL)

Signature: 3CUGQWq9YamTMV2iYXbeZEtFAYT9M8aXDvbQ5dsGdKXVUnyKEE7fvXm3owFTFAJSQmm5sPy11UtKWRqHtpx2E3v2

Transfer 1 tokens
  Sender: DCP8XTZxkkqzAQH2Fa8xn1HqfR14hXBoyEGSpbDWht5U
  Recipient: 3p7MS9H9jfENRU4QPsixzyhuw8yurWnFfsmoFBYxkNSD
  Recipient associated token account: 3KrgaqRpr9WSSusPxtXGjMpDsoGaSbzs48sJvhvpkpRq
  Funding recipient: 3KrgaqRpr9WSSusPxtXGjMpDsoGaSbzs48sJvhvpkpRq (0.00203928 SOL)

Signature: 3RrS7kJLpLZKhSZ3sgQUV9vfxmyKdvWMMBSasc669tKunSUEDmjiQUNo76njnGJYhMzgYnx1niUqJeaJ2c1x7NZn

Transfer 1 tokens
  Sender: F8z2kYoq75T2FxW63XMcf39Da3kooJVVJCfTm5xBZ4kv
  Recipient: 8NPUW9yXYxGmQaSzR9sKoYLtqabVVnddAKm4G81tapmJ
  Recipient associated token account: C3wGHbk4QvtxS7snrqEHDtWAxmyD5F1UiniDBK11GWsv
  Funding recipient: C3wGHbk4QvtxS7snrqEHDtWAxmyD5F1UiniDBK11GWsv (0.00203928 SOL)

Signature: 3FzhKM5u8QS3baPQ6Ayh1jQeBEkZz8gP8336DCCqgr5KQTEwBLQa2rEAznGTdPMh1VxxKg3dXbEAUa9aN7ZekzP1

Transfer 1 tokens
  Sender: HadBQbNv76rL3ELDTBCtARJcNPNtHiiPy6oHNJFQMzMC
  Recipient: CnjNZ8LHDtwyCz7SBWPHCSBPikJ5u7E8TouZD4jtZ6KS
  Recipient associated token account: 8eVMgdE8PxugmGs3JivQAvhKDWacMHykpqXc2N39LahL
  Funding recipient: 8eVMgdE8PxugmGs3JivQAvhKDWacMHykpqXc2N39LahL (0.00203928 SOL)

Signature: 5bSa8vFAhboaEu6v93A69tTDZWPgGEmRaS7gpmVj8SmRq7cu4Y1URnh7ZRT6sXotoWpAh4pa9cBert4UFqULdL41

Transfer 1 tokens
  Sender: 4D7hz4tLAj4LFinBi447Yg9Wh1cybYhmUoVgQGQfWE55
  Recipient: bae93fAqQRbzRBwLnC5ZeDt3j5uX23nD62B3pwvpgXB
  Recipient associated token account: B2xEFKxfQzczMcmcHfXwTZHhmpg1inRHDHmJ4EoZh5aL
  Funding recipient: B2xEFKxfQzczMcmcHfXwTZHhmpg1inRHDHmJ4EoZh5aL (0.00203928 SOL)

Signature: 3nhScfkLgnCNtmSFNkEDtLPLCFGRWA5dsNP4n5YFNZAjG45AADZaVZZqrQjzkVH9LURjQuUYAngmb4XodQ652FWt

Transfer 1 tokens
  Sender: 8XTRePEE5JPnigfTH1gGe4Zi7cfpLebtiY4HFTWuJHiE
  Recipient: EUeFX4BL3uth2GVG8R1kj43ZA9cZS2mtgXeB3nbSGuHY
  Recipient associated token account: 77ELGGRwT3LMBGgAC2z5XBV4Yv6s4y93vd1PvH8RKQVy
  Funding recipient: 77ELGGRwT3LMBGgAC2z5XBV4Yv6s4y93vd1PvH8RKQVy (0.00203928 SOL)

Signature: 5Ku6TGv88Tz5s9WWPGQsp7hBvPzJGnFEizqcn8zbaHJVvMGki1dTqYKWo6ZK1qvWLAiiyx5gSJGany1bJfcTneFW

Transfer 1 tokens
  Sender: 51XEpHSirkkjMT5K97qfKgR65ajpsJMeNk9o3Uc6VYeG
  Recipient: 6DtPgUwXQcuvZcWrKk6x6RHwdUBZbsdiTqc8xRbfFkBN
  Recipient associated token account: DRDpoZUNtou77aQ4ZUCherux25Jc1vfCHyY9x4CTzaU3
  Funding recipient: DRDpoZUNtou77aQ4ZUCherux25Jc1vfCHyY9x4CTzaU3 (0.00203928 SOL)

Signature: 3HGPzUFHZpxigDxu2XYncnv5dgD1pMqxFXqnBdrE6ZoyXdyQfDVdDMEMSBDPkdYpQbomjgEWGgCNZEc16DhKemZq

Transfer 1 tokens
  Sender: BiKNWVYP4b7WPNqKvcPmLwiuNuDL7sp6uiwizFytRcdr
  Recipient: H4SuYk1s9DcnvNdkvdNYuezVRUAWDaYg2HJUoPwMSos1
  Recipient associated token account: 7dxdVh9NTb4SJSPR8StfetvGXUK4FfkuQab1eDH18BkG
  Funding recipient: 7dxdVh9NTb4SJSPR8StfetvGXUK4FfkuQab1eDH18BkG (0.00203928 SOL)

Signature: 58EsYaCs84s8dsf3taR7qvVWrUa5Zr1t4eBZxzmgzyXd3jJjBobeNtEYZg3KGZps954dvKxTDXJQX3ctSB44NKPf

Transfer 1 tokens
  Sender: CfLCve8dBc4P9frbTDVWZQFQJRS1w9DNujedi9DtyUnh
  Recipient: JArcrUpemCauqVPpKqg1NTHHfkgMZvFJ4eEpznaiFPsA
  Recipient associated token account: 56FbRS62u8j2ht9L3aeR9cTaGDHUqLWRrcPpsDdQjNsT
  Funding recipient: 56FbRS62u8j2ht9L3aeR9cTaGDHUqLWRrcPpsDdQjNsT (0.00203928 SOL)

Signature: 3kV4N15SFTrNJJcwvy69PJ1dZQcNF1vACbBey7C24vQ2j7E414yK9cZJkxyq8DFLGiiyWbefvXRKZEW1Ho2NjZen

Transfer 1 tokens
  Sender: 6bxAFiQGvHN4QSeBfVQHT2ycDMcQAuHoDDLSHgXi8MfK
  Recipient: 2KcCvxiKiWTu9XXLMSRnNqCgvZaLfYLx4aiecPJHqjrb
  Recipient associated token account: J1DhH4Ww8TkqePf1Ps47Kzp8rLdrQ1S8RoxMDy97gbZd
  Funding recipient: J1DhH4Ww8TkqePf1Ps47Kzp8rLdrQ1S8RoxMDy97gbZd (0.00203928 SOL)

Signature: 24B2eXDy8Y4JuYYajkyLWSLhfcTjkhbmrFufi9kcXSA1ho2LcqkfeQ6CtK3eK8unmKea5XwaR1tYF3padroqHoTt

Transfer 1 tokens
  Sender: D1R8wWWiYb9m3dhFe2F8LnqRwgb6rfAbPSoj4w1Ms4zX
  Recipient: 2UXPd2WtjS9FzskPx59gVce2r6G3gfSPP5w4RjbSEfwV
  Recipient associated token account: HoFMBAP6jaH4vEPSJYVcHnyC9mXNTo3yGDy3EZeAFr6t
  Funding recipient: HoFMBAP6jaH4vEPSJYVcHnyC9mXNTo3yGDy3EZeAFr6t (0.00203928 SOL)

Signature: 5B6M15AunCHfBsiM8SPQv5UXM61bQAUrFJri3511J2c4BsJhQyuymiKPvRJghwsJ29W21MsiwaJ3scLWBKyqzMpd

