7AWjqVBLv4u9Q4Ld5hSAxCHwZngThLZxytrGVXjattf5
DchcZMXT3BfK3TpC6TGPCcixtwZEm3JCkkG6mVBAKvkH
569rSPNQPdeg7KbS1c3ZnQHSiUYDytRu18FKZQ5vQDG2
AVRzFEbEGkaLLCdURHYLfByWdYqFXBEvL3BgS8vMo2Er
Dskp2mgkKDuHfGCpbkCbYyJKfc51Dy28ANgqQw4FaDY6
BAVuxCaM8CGkGTSaxWLDJTt26319ZzG8ayrjYjv9thqc
EjuLzK1XnDVMc3ReXyYSzigvemEvFxu7xKsGiWtUe2QS
FkFTqhhV7htCn7SNrA6HosREfEnsRPf7MzrgVqgcHnaw
C9LBmCUdmL1dorSN9u59iHMgGUgLCB6aVuucT8NzhM9b
ExPwthG3edtrn6meVbh9Qnoc584ciiHQWwvSRZ8MfeMU
3AThM7Xw1ragaaPzWLYCfNHEheijnN5qzGe1x27BTM3X
GUN5L9UxzneGPspiq14pATGyNRNfCER3FthwSJUJLwmb
3xrgyALpXajpQFE5sv63u8ac7juRZ2xE7aoZZqvHwHqD
FscSpwNxTCg8fyx1whRVfod9UhurkMgazQ1BxcLQrGVp
HLW5cXBZVx4CdDVA4zkJ3UxTtURZzZUasRrHAvBnpabT
2yUJ9G74EVcczpg1h5gq8QjVppMKeqSdQbZpQD784tF5
HSww1CCGxaUA8DE5gVaM2jrbXsmfC93dGT8gTicRhGc2
8tA9oJNFrMyCnFDgQvkPejNqmTkxizpV6HxHfUebXqMS
Aj9UZCpwczX1dGWeYCMYEeDXLp5im96hsPZvFb8EQnBD
F15P8k2PnkytE76MjdbnDbADsLn4gQ42L9WcBXG7S8Yn
JAR1SzkifPBimgQL6Rrh6PYLRfbhg1HFXuRotfHJECqn
HQpffJQ9crCyZztVXyiRL42fUNK1ddZvkndKxv8BgECA
27M3RnBDKUbYRHjsXWKdVjZyHcZU6CGufinC84VkeZLr
2MLtF8LGpoPcz87miBQfNgemMdga73CWFcqgMzEeLGi8
3EGnavnCY8qSxZ97jKeeFUjrnX8stjzgayDSLmtunDus
HAxRfWQjdR6pXJKMtRFHyzmj2HXxsrEqDchMHTF44TLi
DP5cn1YQi29haNKSqGeNoj5HxHiNt4KiucgvcfzMnHU9
Ew8WsJ5NiYwg4Z6C4mh4dApTxVFunoxTdpCiHzTzFZJw
21TrX9ruXJpVXUjzFwY44gxcZZsqCSHaU1CDRRTYf2cb
HvNuDJFV98u5GaLTBfBeEtF36WCDbBde2NvA1T4DGFXC
HUjGNZZviGPz8YRuMECay9ofutSZ7AKHdibWV2vrW6ME
7r1d9zAb4NkESrgEntwzYFjwox1vhcfZhDssUQz2uxaA
GxrrkMXpn9XSj6b2oBS4mSbrp3QWWSFGFx9uDmUc3iim
Ap83et3Z3UWLHpkrStKHKLXsQUptYEZaTZzc49B6u3nu
92vr9EFCqtr3DgBfNsMmnKXEWfEPiEELhseSDut3R9mG
8mnJpt3XnZuMxA2g2sSRuw4tySzteHeuuQkjT2teSVia
7faFFQYmRBxb4uNMSYAxFk17x3Y6PvvQQtGmuXs7XDiw
FUVCyrmjXRqETrbvaJKnAwvBw5wdG6XcCPiPSbk3bRHr
Ha1HXuZeKCCAZFqULQjaWnGtV2apAbPvgnergku4DPpX
HmjqqkXCGWypBav6EvMWsZsgemPBy2dNYjmHEseiCfcZ
AXtsKJsL2zJPvFeoUMqHf1M24516xE1oEi6uYNt4TecF
FB1zph2rQV7UApfedakKsrz3AQ2j3PSzmqPGos9zdksT
7ktQSXjRRYe4eB7cCNy87QbExL8udnMASh75XGts47YX
6QZLAvWXbbVW9Q4Rd6pyosZS3rXmVsFxu64rMt3viDXZ
GL58niYTbNZwWiaH4Ha2u5o5DYSwiYsqovvfL3evK3c4
32ZBzYJqUKNWuokS9KspKGSupHRJemGodhERdC8hoXfS
6HeBw4vpZn6dSeWXqZseHLD33fgHgQkvcMn74muKnWjv
2Pk9TEQw7a1rUgRCz7afMTzP7BdEiQRhevKTG45BT9BE
5RpJUjNtpvHw7gW7X3ncrBSeK2AHiXeWwtVbqYdmheLn
FqM2JX7CNNLoTVmqKFjEQg745fsvi75qrpnfrF4yfbV9
EcWNtQ6M1d2BA1K8pum2Hwzet5menzJofhpvgs8pKvD6
63gZBqeMJNhP6YsTf4vEGbKEHXiHS6nKr15pNrzLxhRg
7RUiZCUj57Z6jQ5t5awxpT9wx5PDwGGkCPf2PJmwEJ2d
F2iutdUXB4C5tEYN669jo93vGrF9qHUevwqh2hzrW4kw
GGcb31hoCfm9RJgnyumsbcT2XtDm9iT5pn5Td2jTVuii
CfcnsAKnQ7z7JpHKCuArhWDBymjGjR3fjU8kUKhAfJ3L
FkZcntWtgjojvPZGhs8bu9obdXqGWnvhoWbC4nv1aGK8
7YUYESkhVyy1V9wbLScS3DfxSrinJWqUDZdHCvCTMFdE
BdA9TdgWRZgdy15qy8B5m4ibD6QCK6mTw49EZPqqYAKH
CgeYHZiCUDvL2YKG4AMBVtEfY4AfwzCYL3nDvLa6WW2a
7ZjAcQDHoFRaKuasoU31E9hoexzyM4TyVsiMR9pdKHay
QGJxZWLyUpF4xKT3NaAVh7TgAoB8FrComeiu6ELemiy
FXcgcL1Aa7jeM2vT5WnSKq3yZuZqtrsLmNipSMsTWTrx
DwTvT6pjWFu55G2byn7PRhLJYvxNFttWVWRmJR3TuLCg
DSX59hQakBad8KJ5RLVs3dULm6NL4uoyCKtFE2LEFAfw
44vtdqP7afvCgTXiR8nU8RQj6HiBhrGCLw1ZsFxbcNRt
81CPpS5nxYMk9x2sHD7K9tZPRjC7t888935PD4ggstVK
B4s544JxVDgYimL5Y3Hpzjh7RHgbeFcvF5My2rsFBR77
2RfFTPELctb24YWCWR516mK9CLnq7hmXSFuZP1o9EY2Z
CHm4Kmmr62j8iYmifuJZSdyWfxEJR5hNMBuXjdXYhoif
AZmmkKDFotE1jKepqvdXdtKngQQs4TkeV4BKrfknm23g
AweysHhb28jxnkDgkuKCBcC3TUHtCL7yETKM684JUShH
DH7cBzN1RgqxpaWR9AJcmAJRfv11oNoPNvqwfjZeWKSg
FAf1gkWT6Rxc2crWU4GoPFgiQFDKJdMqYRGNeJ8RRE5d
F33HVqy1tB4zBgCY7kn7YZGdrFwehfKE1ptbiprGFEGB
4Jwr6zv55Jx1VzTCfUdaAxXZkBgk4miZZGCEjQ1WTP4V
3VEeauV6L4MNz5oQfzag9TwPCfUwJBWcwbMcZfpqiKZ3
829ehk1m3UXhK1dGHYz2stxGiH78Q5ozP3XeNoQmnLmy
7XSziqgpeMT7eQEP7xeTac2wqtLZgNZHKyMPBair3p1j
2zQMncYzuebwHBbySkGXRqtVZbD8bJpmvBmYVZ2Cw8Fs
ENhEAWnmRg4TDHa4AxpQA86a2gPjg5491BrrrpVfdJds
D7MzK2rJLkP2nccoSP8TUB2kV3yUwLRXHyXeuSecZYw4
HNKrrSUFmjNp5oAub7Y7B293VmVQWvJDLmPZNw6JJNvG
BdNCgQG5u1SDbEBnsANCM7XmaqcjC2LgvwSyrvujXGzx
G2qkGn5986inmdy4Amp5uNZuZ3yRoJM6nxT5C4u7fssV
AGCJh9wYaoFAzwhQf3h9XsYiHkRLLmdVimZxVpzK6UdK
5DWCyA4jumnzAC8KKQKxToJ4DKroTDAwCT9DvRQRikv
GegyjFoarhrucWMepX1q5Q9UrUFetVmziXZARH5Qe1SY
6GAyVJBC1PFWg5mpVVLC7MLCcSAKQBRUzC8bHwuqA6wL
J7G9pTFMAzJtXvZSnVMHLAmcdjkbjE2RAxgAsuJibNTY
Ff9oZGA68t1NDQwHLHbqPEE1hiHi1gGxwzKjjRw7xRiY
9e6QWLfdCqMyXfunLbSMV85CR2ev6Zbuuu41rNVmoXet
GPHkxS6SwfVkGrdsRE8uiKarorTSMVR4HZMA9kkDNopC
Fb6PwsjQk7K4rasay3zeSrcJKXyZX7KGU45k4CLAwYEZ
E9XPSuSB3Jko42cgm5qQ1UvYRkvTeFBeTiCKooNaFCZg
ADdz3H46KtEz1QMw3MxitD5nayPJXVdfy45iU6RdngsU
F8PepUsBDTVt58fyzFcoPkX2Y53P1sbtHcr44o12y6sC
3RvRybDJxrfNhrfMNfxnfg9Fm5smWbCGKn7pqPHqNzYE
Bp1EQRB4acghWpGgE8N8CxZYMjA2oDBXF974ho3ePYwR
B6DFrz7eYEJ32ZML7VvtKT75u1WKEGfCNHNZv31JBCqT
