J38HAD6ZrT8WQGFVGx1tfeXa3mecm7a1cvfYZcXHWkMe
8H2jimCikt69UoJjrpNqH97vNH9P7dgxoLywiaBzT4Yt
EeTdUxiFwEktnWM1tLK6eS4xrF6iWwjs9gepT7DUYbUi
7ZZ8PW34Kc9aNvBuLkub9JsbUy2Y976dHTHDBuTRGkru
FVpuSY59xidBTm8cUbbtZHG6bEuPEdmXJ19gSbvkEq53
6aGyyMVZhbZvaAYodufjnQesQ7VejXjvduAZvgyWgjr
7pV9bL271jnzP8kqL4nG1xv6Y8n1q6TVXDpnDTsgGLoD
DRwwPAq5Q2rFnLRa5odfgzRmwiDJK3wt9Pi2eZuhp8Vb
5PDa1JqQRzXArodB1UM5tK3UECBjq9DhMue9Geo6cXB7
9MPzWS4j936QpbA5fjDQqm31qYQByWrc4Kyt2q7DwVfD
CxhxAbXohYm1qXpfsKsqFTfbjHSUA8LWK5uKXAR9EmU2
3Rq4NuyMteNnwKoLZ3CH7B1K7AsYULhCVQWsZtBdC22N
6YwGuXrebmdYwiR1yBLsKfSLsqDKcvYVxGkyjhYDmTfr
2ecXck5NQLbrnxsaV6nHZ9iKn19sARNn7FmgUgajZhW4
729r7vcqNA7eTs5ptAuoiwLEpyn9mfEnuZf6HJcU8Hsf
CZmH1mNB7GBrJFoSafFh7E532TMzvoykSc6TTwzPS9gd
4R3C9YoW8rjPCGzE57ywufiARwHwvDbctoDAzZKNc7HY
4Qs7NpxVKGCvRX6trrmQ6Ec3jvaeNbxmaGAz2LvwEaXW
D2qp72Yxc7C3WHVEtQRNhYfi1V8yVACTTbrkD19PYGcn
9XLhLcotT6pVat7rLxgycGp2ZUADRuHuxpvhiTqzZuGT
