Gdg1EVbGMQ5gH6nkhy3WQVcJZoRzXae5EsSQnYHD6X7M
3LNuK6FG25apvTBzC7opVXjHDmEh1xztA5h8sxBejnQY
E6cf5us72RkxYu8hSUX1GNb1smNVAJhtDd1Gyafzb6Bc
Aqz9wzAfWEVYLBXTwyyitNkzCB18TBhtXmpuqkP6tn13
PNUazbVrdxgkHu9s864orN2nPAD7P6LbdMbCbgLUBki
GzA6YFoHTSQZEfmRkjQHTHLgxDZMdsrjyaZq8BbSP6XT
C7yPViMfJEZe127NHs6cYCi5GjGceM4N9c1j9yZAKSQB
GtqkdyHPc2Q7UGD7JPF4uxE5bjSgN1Upmon7edM1qdH7
BParwtMqeWkzpe3P2Q7CiUXUgZdbfMPnCwQJ91rzo1Lj
ANUkikZTPfEoBrqtveRAeNkvVqZv335H5Nvspm6u9Ghh
6uWDr6tgKgb2VKRVFrfJDAL3ivaTnSeAN2pt7aLoKbEG
9CeQYRt1eK15SUAv8AE6XPhh1ijhBF1dyPdGQGAiCfMx
8eqvPBG3bHFpRfHCxKi7UBPcxUopXyhDMEH9r3Fg9QcX
6aAAWPd4s7SppGAi4k4eWcooWAy65QfDXKcTJadUnrEP
45nb485LKf1pEhsTab34JnbBb3wXnAAP3xh98xdzP8Zc
51oET2dy4vCmZ1JMGYR9hbsvsLng1vcLD6z2AZp1uq1j
4R8BKiQax7Qy53MbVamkU2MQudNeVLpGUAzrann3yp1S
8XW5X7k4bU1fZzCVGPVnyVRv6iqwXqG284DnBpszAiuM
4LBUPX7zfGzqdho666K4ueu9kipXkQFoCpNCYmQwdVmi
ASMejTJR2Fj19tQ5T4HAU1pYmW2fQJn4dqswCGVjWFnh
