DtRzomChS1Nk1i4jMK8jXitfVfKMG2zJ4ShQnUTZXcwx
FaJyyFuhWWngjU31Px8z1h1hnowj3hXCDnvFXuLfVtGU
24iifBd4cBp6tEhYNZvPvdUsCuhmrSXXauQxrumEz4y4
3L6ffS5Pnn8saDvq2CfzXcr4iVWD6ggGjx7RQMG3GAJf
HENypccepnygXmwYLhaJwdGmjX8GwxgqMuLvT9P7hFT9
AnCRemGycPjMeta7PUupWq6X6Xn7u4QbxnYVUQkgeaWg
51oET2dy4vCmZ1JMGYR9hbsvsLng1vcLD6z2AZp1uq1j
FqEvG72tnkLfMTYvqakdMCLTgp35pXwDUAExR2j1CoHB
Gy3kEJ5jeyFPMPpCuuJivAR3gbPLmsBHU8bE1XVQMc6T
5LG3wTjwQRxGT1h5immvkCzzireuGnRFSuCiLPpE5m3X
9ej7a4re5ZsayUKYpU91q5UEakEjCwK9mFb93zDAKwUM
5tzSHxTWZkpKA1i3LoPre4ZvR6dsjmvnYcExS1pdsKv2
BUT9zHC8NUvx88W6QHhJ5TYLa1L7VwXQ1JtNXCheizHW
4Qes7Jz3Wa5KYFD8KQ9hsfC9TJ4Wwy91iJo2mqL3JvXZ
7GetnmM4kAtyjT2aumAcPsHcJs2hfNmMQWoAW9NqpAZt
HSPERKyUXZBnupgQocLzLLavoE9mwcBeVQLtEtHyUKBz
Dx4GehvJwsa2xQ1iDP2YrSEwAAs8BNjedCgrtCWgaqPW
APbnaMh5jXT91pevLBenckSwNjEdnXCxvnpyUt3W8iZx
AgPhAsvcwPfT8bcAQxfyvymHdS9enkCzHDZP67ihS5YM
GZ7dL3aqcVwynsidEqLTUnsHf3iK5wvNFsCEJZvoVXFe
