8JSCoGY9jeSub5M9nfULYjZsv2XNcMmFVqiJCyrAkfVX
2KcCvxiKiWTu9XXLMSRnNqCgvZaLfYLx4aiecPJHqjrb
4ZGAMVayrbjBP92MqW8iK1EiS8MSFA5FL82gATVzfkzt
UDgkXzdnpRqT1adpbeRy1LULVjxY6NTWeVRTG5ZFWzR
CJBDLZx8KBTJiMCx2uMi23xVk3YXqYVgkEy4hc3TybDb
gNEt8EeWqdcSpebQXZ8YVnBC9k5yKp2WGvnA9HR8RzQ
23XNgo4x5FwiQbN4TV7MZ4ssDgQ398vrpkfD8F3S8KTj
2n5PbADyQXeCMztD5wnZjF3Nn2w8PmCmqSQ68TT6Q6KX
8zfdGUKpemtzs2Ypb8reoN3A43o1ZkbwFCBNzpUeFeUo
6E1m1jQfPY1bk48NyN1GMwJSmxUbS9Sqr57DyitziLWn
EAdQAdc25Cbyyo6pEjPc3v8tJyTnBNsF9VJJd49RvzoS
2TNxVXbtKfCae8UYKv3DDpvdooHEpS9q57zciRTAtPKS
Cm8cYtgtfyULCzisqUnMg68aqqi12PGZScouQfJRfrG3
3WcJUt8jQ1ngL3ZCGo6dFrc3GmTMTYtzeDva7mri2Tqx
BtVUE43z4pL8k3j8sg4diHiArnEbzheAHLo9FcffKdEF
X8cWGfnon4Tg5b34LQL5jAkQNvwvHmnQMEFfiuDTekj
73tF8uN3BwVzUzwETv59WNAafuEBct2zTgYbYXLggQiU
3EU5MdJrz8CkBNQhx76HnmKT67247u2j82RTskq4Usgo
G8RtxPyG2pdrAhrNRMgg7Hia8imCofdCYxvyWiNG14hx
7BEgnmvPk5kDhc2qeK86GozqqEvmWXcpQH2oDAoJ9fcR
9eoipVxy48npF4twDmJMnykWyo8ouwcHGFuZ9b8vqhqW
Evt92DJQS2a7UNRJp75J6dFB2WkiZ2nPHHsLMXrDs8jr
27tSB8zipHyQJT6KpXMVXAk9wrTK4z9wWKjhocVhKSVc
GwaFjiEQZSKJRDnutQjtVN688SHSA5w8hi9Y6pQ5KeCj
7gq3awy9HeAsSZYeeqDDtZ8CVA3H2GHogBEHYR3JrkFe
45nb485LKf1pEhsTab34JnbBb3wXnAAP3xh98xdzP8Zc
EcdkYJ8etRi3ossNRVf5gj42RxzjHYSsbeFtm2AoFzUb
6Y7HG1cWWhgS1jiagpi5YQQLsmvuGsUTyt6ETcuERX3t
EFpipurDmX4Lgv7V5TobgR6TMnBSZv734pgcZjWNkmfr
AEUto3eFWHLAmmVRq3Vo2fmHXwte525jQGG6D7pN4RRd
GWoFiTkmgkdUxvRNZ8kMGVxUctDabMNYZ4ztFnQokBrH
DqpRzMNQRkLFg3TQy92xkfthStrbqfPzLeGrz5WgeD55
DWPpeotxT2Q1m1BDzuycQktDe6VnVejLiPWsjfwG6Nb7
Gdg1EVbGMQ5gH6nkhy3WQVcJZoRzXae5EsSQnYHD6X7M
8kX16Yj2WBCz1sPXcimafGrutQkw3s3Swe9sR3gt3cC2
5XETABZ27UoNYrzWwKj1q8vyAEPnYzTmSMVm19W1uEoN
Et1ctpo5gXgA5Pt5WFPRTxtUhaGpeQVba7zY2VQBdtt6
BjaNzGdwRcFYeQGfuLYsc1BbaNRG1yxyWs1hZuGRT8J2
4NT53hq9udaY7repyBfyWjSLs4DzjpdNc2sRNjBbQzxT
74MCLCGZ6HKYja3Uca8UQN5C3bw6NeyNXF6xRqaWkaFz
A1uEtUZUMJ2ZeMX4PTePcAmFN4neXhmxA7SpmrV23vu5
5ffREb952Gi9apxr62XDNhKUAUy2nTEExaPYyTnz9YFm
AAP8XjE6PmACA5nhA1BgxgyzJqyD1LQtjbbHAX6NiatZ
51oET2dy4vCmZ1JMGYR9hbsvsLng1vcLD6z2AZp1uq1j
3eucHmLaRJzL3d3rzYx94KvxcVhR4ESLo9R9hhb5Snbo
4bSP9hBtaFBWtzyftRy4UNJwwqcAd2QWNXC61sVf7p5y
Bp4aCKT29gKRq4zcPQzPh1B22szXba4EJh2tY23KLh1y
2QpWokgNmq9UdseJEenS7WQ4bdZhnrQiLpYkoktqLdmP
5Ycqe8jt98Eyz4am5a2zASRKrmkaLRa6mZDJLHWE72o7
EAdQAdc25Cbyyo6pEjPc3v8tJyTnBNsF9VJJd49RvzoS
GzA6YFoHTSQZEfmRkjQHTHLgxDZMdsrjyaZq8BbSP6XT
6uHDK8Hab9QEy4h6rT7oqTsJrsdibkxBJvouoygxqVM3
vqk4rNkuaHbPHqCEf58R1na7QR7VFsZeYVqwxATJpRx
2PhHTtsY3Lc8bnmfq6QcnezpqcwdKYyvkvXVzjJ75Aw4
4bxveyHV7b25ZCh5cJvUajTyDh1VjnPVqv49r3Dq6niM
AEUto3eFWHLAmmVRq3Vo2fmHXwte525jQGG6D7pN4RRd
3FNmL6TuxYzDx4cgTHrHgoqRi5caLw3QXBwZJn6cC5jo
AEUto3eFWHLAmmVRq3Vo2fmHXwte525jQGG6D7pN4RRd
F2E3GcXewJR4WfVmLhJUgNK2aRP46s638CVFu3oFT7ap
H6ewEQKqUYhPFNBUBjKugH6MNgBzWFoJ1U5fiVvyHDnv
2n5PbADyQXeCMztD5wnZjF3Nn2w8PmCmqSQ68TT6Q6KX
HHkUmGtCWDSy9juDafQx6KoYeAqUqpZetJrLDnvDCZMX
BVFTQzEas8kMPkcugksaTTuLnQJ8ESxtLryk4ngdyvjU
3QTRD2FfM2niZmZH1SxS6iJCRFY84DTq599gzengTtxQ
H7E4JB8ebHaoKQe2Z3NAwXniKcuy7VVuAoycx7PYAbE9
CR7ruDrnN38maubh76xM11ZzAev1E6YJ6Nr8QGxvZyup
AguKFCaFDPWQKxmYWgkb9etDxmMRVWNQbEoawxs3HS2w
ATgJVJtMM8Q9Z9GYw9kmKVgzu5pVUYxN2YuHLpi84Cmn
4CVLbLUcNUdoXkb7GhEJmoPgiiv7G6fistNWu4Rx6T9L
7tMyU22ViPrhY14fy31bSmTsQK6rwc9q3Zbq2u5RkZis
D5n7Mu21Q6gSjbtF2BZ3pCyJJ2edC1tYnBPSYExFqaRg
6JwD4HWwNhq9joSvyr8ic9tPJGc6FP1Ffv6EyrvzdXsD
51oET2dy4vCmZ1JMGYR9hbsvsLng1vcLD6z2AZp1uq1j
Dmd9YY2L5Hv81KRWzoNe3AcrRhy7LHwceNK1gdg126sQ
b3EeBpVifZ4Lxb1qKe4c4ptBTc4yt8KPo2AQwhyDLjw
GEVaf9qiMshrb3qJ13QrKUNruydVujtc8nNoTGw1GEW8
FPJd75QXUqtp8kAoqLcoPaWM5UvvezjZmEtW4FefjdbL
CxX2yhU3a1UfwiZdYK89qArDugFF5w1vQ6wA5LsSnvgK
5Cfd1LqvqRJJEbrPAV8HswzThQka8KmmcLDEecjXJWs4
HbzNeo8CQF2Vrdv1tRdCABvtEtXhwWnErtq6ohSxxrhW
HSMpu91pytUdBFtKqUkeBcbzZNKCseyZP9xoV3fLJuZh
GP5wZ1hEfpD9TxhZzPGQVWSS6VVBaGY7J6dt8KeQuPxv
skynetDj29GH6o6bAqoixCpDuYtWqi1rm8ZNx1hB3vq
Hkb7aTyFTVbuRLbgoX4KWoKCr4L1Krahgsh5NJFAKnRj
CWiXLx6juMmaq33BPXGJ1k2DPqzfDyCQWoAsUUe83CqP
2Knz5oKP4VsjF9PkA7WCyZWZsBig6zZMcp9FH6aRLwjP
LCNyzyqQWVxmWFLX1ke7Yt8Ho4QokRSQtunfqFwTELF
FpSrQMhnYa8YRnEQqKstyi8DYsMvET71CPfnmJkBSSP5
7XW6EQp4S4TFurYnzCvmfgiK95ucJShexuMmidHM7Ttt
Dyh3mtoYGFqDhcz429WYn7CYcF15qTJpAiDrK2WA96tL
5LqNGhihihGxEjhB39uadMXCSsycsrixwdvuhR6C8EKf
GWuAeuRDpAwKDxnVEDRW3hYn87dw8K91ZLrhhZUCftnM
3W6k67LN3uWouayqJ2va2tH93WDDsCnEydnzcjd41xPK
69tGoogmumWeubV9rjTYXco5rK2ZPBioCY7DM1mUK6ku
4nB9V4qi5gyiSdrVJ8iC6EBzjjRmdBsGCXd7Qufrzehn
2Ygyhe4NN3wPYV1G8Rp7VLpLjHDnC4cbFp9Dsk6kLqVN
BVFTQzEas8kMPkcugksaTTuLnQJ8ESxtLryk4ngdyvjU
APyRC1YdA9HQxXnGkLr59ZERPXxVW1s1fG42UkPHF7Zh
961Wz2gAzstN9CQjgoe22Htq41zJsYbn8T2pAJqUVo4G
8WYRXiQXQSoAMw8A25HuTiTmkg2Ax5YTaBxmHZk6s5LY
