Transfer 1 tokens
  Sender: 5ZEYK1MQyN1HoXid3J3F2C1EA1u2c4CNXzApnas2Ajwx
  Recipient: Hew6XJcEjQAx2Pi4GWogr68dmbST24g9xtumKBqvhkdL
  Recipient associated token account: BWVMqwqfouDv6njyHgd5dF85WnK7Xemd7bJTA5ECnc4z
  Funding recipient: BWVMqwqfouDv6njyHgd5dF85WnK7Xemd7bJTA5ECnc4z (0.00203928 SOL)

Signature: 2Rmmdn1kLUZLrhEGzLe5d3a9Rgt5fZ1yNMcNFLkH9vNMq932yVMAR2RHebZTbPbbpBkQgN57KxwRvqEYQUAyCkXX

Transfer 1 tokens
  Sender: 9LmNJQPyCu7LPZKRbFK8vL8ACdqznCWA49iXdmgtMM8w
  Recipient: DnnorzRjfuUDJrqoxdBDzVUBdTNakUdMCaYWDJDLgNSs
  Recipient associated token account: CiF2HJ7FP1ZNwDgnC6RWcYdbi6xfBqofcv5Cp1Etwa1j
  Funding recipient: CiF2HJ7FP1ZNwDgnC6RWcYdbi6xfBqofcv5Cp1Etwa1j (0.00203928 SOL)

Signature: 2are9FHi7JhVK1dqtjaU5nSiEGE3NRnmzZx3FDj2u1wEvVWswfdLvrBQvqiwp6jMNBreYBj1D3tzpQRkKkydVScw

Transfer 1 tokens
  Sender: BvBQrg497QM4sQrF7jwkaPD2fCAfUo7pGfrX8re62eAt
  Recipient: Gdg1EVbGMQ5gH6nkhy3WQVcJZoRzXae5EsSQnYHD6X7M
  Recipient associated token account: FydTxVX4UNQkaCSkbaNdJXShpjkohfyjfUnPJcoa92T2
  Funding recipient: FydTxVX4UNQkaCSkbaNdJXShpjkohfyjfUnPJcoa92T2 (0.00203928 SOL)

Signature: 2ixGTn3PRYcWSVoH3A7DXBtJUMdc9DEri37mJWqJRqKs6g5FW8eFafXzsZ1EfNejFCyAsNucU33N82Encqrzxnnv

Transfer 1 tokens
  Sender: HFGTbjCo82k2yq4gLUCduy1ma3tVPx7DkZPcsDgHd28n
  Recipient: DTWsWRCUx2znHtuE5ac1j4p2BsQmKsGmbGTb7JMqSnHD
  Recipient associated token account: DCm1KDbh9snzdpCNcjj48yuMtH54adHqdVK2s5SYrTFd
  Funding recipient: DCm1KDbh9snzdpCNcjj48yuMtH54adHqdVK2s5SYrTFd (0.00203928 SOL)

Signature: 2mhncqUwva4yz8bcTShPAHauR64fUBQjRqwXbU9MwEDmwW2FgMRGKPErdLPRPuMAHsNhg3V3S21ruiCnQ3wfp6g4

Transfer 1 tokens
  Sender: 2d5FVueLscFPDMFk9sWHcbnAonktqZXftEkjZ4iynrJH
  Recipient: 8YxFLe5NoaTNzUHQDkyabtHwSnYuVPi7pKcsNXd9D5SU
  Recipient associated token account: 2YzFGpAtn7ChvJAeAVm8mzxkusQ8oSbT3dnRwohmUJVL
  Funding recipient: 2YzFGpAtn7ChvJAeAVm8mzxkusQ8oSbT3dnRwohmUJVL (0.00203928 SOL)

Signature: 57XFd2NkKmwLhU4v9KwbnBnhBHvDUwo9r8SHM5aeW5E94uh2afZhoLsNT6mUnJcbnj1uG2woFAbdJkhR9K3VtXdp

Transfer 1 tokens
  Sender: C3n1Z8g5Tct97YXUR6SJ217bqNeY5m1jhNNgtr5pLYkj
  Recipient: Btau7MUs5r6m2AjhBNFEZU2ay7Fa6fPCb8tke2ey4Czw
  Recipient associated token account: CkLNL5iWigbutZrEjVdtZofewdUTuZLaRH5qrLVQGKwB
  Funding recipient: CkLNL5iWigbutZrEjVdtZofewdUTuZLaRH5qrLVQGKwB (0.00203928 SOL)

Signature: 2ksYMWoknyMkmpd79XMtU3Fu5KmaTFnjN737gHJXKDMp5332GLhcmjFd7G3U9TmBQUYEtR2vyi1vnNbtQhtRWDJV

Transfer 1 tokens
  Sender: Aj1XiSwxzDDqRygaeAtyofeZgJHNbpBHZX413ikwbbo7
  Recipient: 3oMZG29qio4WG2avxmoviVK95h2kEgyFp8ZjU4LDyjsX
  Recipient associated token account: H4dbGa5MY5HHjAPV2hz4zaDkfUiT1o6JDyCnDoWT7qLB
  Funding recipient: H4dbGa5MY5HHjAPV2hz4zaDkfUiT1o6JDyCnDoWT7qLB (0.00203928 SOL)

Signature: 2jDr42AzUSR1XmMnrfyYaw4Z1XzRV7fpE2jk8LpXQKPTWaLpcwRrbCgfNKfiSLKjvGT4mp7cAePKcr9t2GEkh51d

Transfer 1 tokens
  Sender: 8vd8VM8GYondPrdRhmGeHAWquW4nr1m53V4dTgua54gd
  Recipient: CqGDBUWhmUZvfq3u3Umhghk6YGVSMvHNvG3bEpy257Hi
  Recipient associated token account: 6LTGiyRJ3epUaaVZ4S429K3V6N3KHFJzW3nXx88sy9VG
  Funding recipient: 6LTGiyRJ3epUaaVZ4S429K3V6N3KHFJzW3nXx88sy9VG (0.00203928 SOL)

Signature: 2bmyVgn6JqSqxuVvMjLmvXJN1JEeBe9KnzFoFn6dSvqJgS3xLDSdVQ9pDk1E8FnpkskcFXXAxcSYNuzMgKuy6uqK

Transfer 1 tokens
  Sender: 3BSdCa6yJwpeiFpfUczV3vtNbXXAEUs2ghuYFQ7jg6Xa
  Recipient: FYMxU2XGJe3oSSi35fgSNkpTXqooDjMfREeodZh3wbfD
  Recipient associated token account: 9YbaX2H36YJoYdf3ZGCDsbMdmZ1XiJVK7MvEkQhQm7ph
  Funding recipient: 9YbaX2H36YJoYdf3ZGCDsbMdmZ1XiJVK7MvEkQhQm7ph (0.00203928 SOL)

Signature: g9tUSEcsmsrnngTqZexFpnoftxrN1r54Qry4MXnQwir7ciFFek1zWS3CNNQerpPAzGQeH2fLsRyZ57Y7ozXAd3P

Transfer 1 tokens
  Sender: J5ors6B2JB7nnVKDhqAUVY3Ct8czaUWpssrN7u2uiFvX
  Recipient: Hp1MvurGGDd7xA8zEdntreKcM2opJX5qD1WAApagZDfH
  Recipient associated token account: CXFBQykQEu9kiUfwiH5aByhu7sj3DhKyRuKWjUUHttJr
  Funding recipient: CXFBQykQEu9kiUfwiH5aByhu7sj3DhKyRuKWjUUHttJr (0.00203928 SOL)

Signature: 3fbQbWJmPf5MJ1gSCKQaPjtAjDEUH34aNs4131iBnXQuYccmZ1N84BT8qmTeQfNiJtZL6npF2zzaK5JgBrcWQakZ

Transfer 1 tokens
  Sender: 6bfb6A4b4LdQYzU73p5sPu1Gh4tFvjQ9ogmtvdjZL1Q4
  Recipient: FPJd75QXUqtp8kAoqLcoPaWM5UvvezjZmEtW4FefjdbL
  Recipient associated token account: 7KU3GR5SmMTaUaeRMEm4ic4XMknQVfW3Njbo6DzgYxQ9
  Funding recipient: 7KU3GR5SmMTaUaeRMEm4ic4XMknQVfW3Njbo6DzgYxQ9 (0.00203928 SOL)

Signature: 4MoFXusBnGupqwhZZc5sYcsrB6CVKbkAPkyUG6euYmRSZESMMSMg6nx8xPaJqCsie9gQLCoh7fLW1bmbKFmAxs9A

Transfer 1 tokens
  Sender: 7GNwekfEJEdzZ4k3KzfGWaKT3a9hABXYRE7N6wTcsCdN
  Recipient: 73tF8uN3BwVzUzwETv59WNAafuEBct2zTgYbYXLggQiU
  Recipient associated token account: B8NQbiKVZfNtNvWfAMLjgMyLmgLZXapXx3qpUfy154F5
  Funding recipient: B8NQbiKVZfNtNvWfAMLjgMyLmgLZXapXx3qpUfy154F5 (0.00203928 SOL)

Signature: FWF18XMu6NVBtK5WBZVBjhCyAoKWJgE3FMTubnsozPWJxrnXWFeU8hJpknTeiSDcs5XVKdEDc94YyPFgqZjWr7U

Transfer 1 tokens
  Sender: LkkTgUttjhx1yGWJL9Mpo8JTuvFUwr4xNbau1Seh8jY
  Recipient: Fn149efR6ecunpwmxWsh2ByK66w9tbVtwQmuS3tvL91W
  Recipient associated token account: FVCksM1qCwiPxdo12CMSmy2kW8gx9y5i4WyU2BEkWFjA
  Funding recipient: FVCksM1qCwiPxdo12CMSmy2kW8gx9y5i4WyU2BEkWFjA (0.00203928 SOL)

Signature: 2i1fYELMPuvEZE5Z8dk3NvLfsZNRgc4gMB7MntFYB1n4sWoi7cwjXCHGa3b3PHYY788hf97rL28cj7vDPDPqdWRf

Transfer 1 tokens
  Sender: 4UmDguiKz34kdTEyD59SjR5sS2d6miEZkgRL3VC27i7j
  Recipient: 6CynYkThMB9r1b7aWoJeP1UGhq9CyFTxt78gQgtgZCU1
  Recipient associated token account: 6wwvv1pDVwtFQbhnjqtHbruy4NPsQD3hCLxVebsCRZpt
  Funding recipient: 6wwvv1pDVwtFQbhnjqtHbruy4NPsQD3hCLxVebsCRZpt (0.00203928 SOL)

Signature: 5RwZf1RLADf3vPr3ir56Me46UcbxdG79fViE5q6ERMcFbFKdrbPzGTc9X1F9VgEGhbHhNHWDYeDFhh5tLg9qcDf9

Transfer 1 tokens
  Sender: 4xmPdhq6hRuHGiZCxw4zqXP141BPTfPa3xkW1iwYUnR6
  Recipient: EkrPmifHXbGk7PLeReSgGieStGYrU1KJQudkdvVkFgFD
  Recipient associated token account: Cg6cVgW7fVpGAWJFqBuJeRCtctX7Bpgam3NtVk5maZeg
  Funding recipient: Cg6cVgW7fVpGAWJFqBuJeRCtctX7Bpgam3NtVk5maZeg (0.00203928 SOL)

Signature: Va4mSoNhE7sg3q5RrMnjjRkXnDCccGLKhotSovwSM48xja7yM1LnsEPxfQWqaqTZZpY5oE5ar9CtJoBMgo998SW

Transfer 1 tokens
  Sender: CDSvFQzeyRhe8TRoWKkawYtXZVCBLuTQzc2kN9y4QQ2c
  Recipient: HSPnUTmBL1KzqYiX1cQHVU6DkiAWkiQ3q7KHBcEfkJUu
  Recipient associated token account: 5E9bDUGVe9igjsgB6wnCytZV59gXw3BuQkeehFS65Ve9
  Funding recipient: 5E9bDUGVe9igjsgB6wnCytZV59gXw3BuQkeehFS65Ve9 (0.00203928 SOL)
Transfer 1 tokens
  Sender: A3K6wEzyKSsiQf8jvLXDDqFzErQ2dUYguqiLqjADAn8h
  Recipient: FrLB8AfjaWgjqgkhDxkgLkso2jkXBAXToBgCWhfc3Aeo
  Recipient associated token account: 7ZcS5gQmmro9vDraXKXtKU5g3GuQZRYWDEAZVi6BT9qm
  Funding recipient: 7ZcS5gQmmro9vDraXKXtKU5g3GuQZRYWDEAZVi6BT9qm (0.00203928 SOL)

Signature: kAmABN1Z7vs49u7KzKSUWiRUw46koD5xPj4vyhu1mw2iGt3Q59jUEozpWDXCF4FXCV7b4qF3CLLAVrpzuRRcZK1

Transfer 1 tokens
  Sender: 9XtBJuYXScPbm65kY94ZteYmMMnf6rpYVyGQGvZFa9UM
  Recipient: hvabitdQRrBVoukkDJbEob9JNBQeGb5UViJyH3xhgYS
  Recipient associated token account: HXHN1fDCpsGZrmuurEENW15UKqPKRTfK6oTWpk7Ue6WJ
  Funding recipient: HXHN1fDCpsGZrmuurEENW15UKqPKRTfK6oTWpk7Ue6WJ (0.00203928 SOL)

Signature: 4AYCnSeGzQP3WYZ3iKC68xpQmcRKmS15KAzEgd4CTD4BPacpfmkqVDPwnLT61FiX4bb4haiicJfqiF8GZQfY3zw5

Transfer 1 tokens
  Sender: 71Re9G284aBtuqTLynnyuampBWYLuRKUByEMGKy2fXPj
  Recipient: ETNk8FZ83JfF8Tpq5gsiRyK7pvda2e78iEU3cprnrgtA
  Recipient associated token account: AMHpWo76v7M72HqDYhiLmV74Eja5W1r75Ttr8P2afmYT
  Funding recipient: AMHpWo76v7M72HqDYhiLmV74Eja5W1r75Ttr8P2afmYT (0.00203928 SOL)

Signature: 3CciuDv3Zmuy9GueAJdgTgoytNLsVAuuzchxGoHiwXuNC2FxZpLK2QFLxCkvYdcs1vtZo6SYRvXBs2Hjmy8ewDF5

Transfer 1 tokens
  Sender: 3hBGj1gKyBmvYrwLuPhsnC6sp6V8r4EeSs7ZXUeg2KRt
  Recipient: EE6ferhX2jvdHpVRnCMhidFnsjaf8SzaiY5sRW3CT7D7
  Recipient associated token account: CgS1GqH8SWWfPZJ2t6JJbkX6MQqn8o8p1BftRqzbqnpS
  Funding recipient: CgS1GqH8SWWfPZJ2t6JJbkX6MQqn8o8p1BftRqzbqnpS (0.00203928 SOL)

Signature: 3HNQWVG2avUmDqwfxvtRoWsDm23Sdn7EUHuGr1iQvfoTtJKHQnQXqxNYEPqfBv4UxpFsChv53j2TXmyrXaYDPB4d

