Transfer 1 tokens
  Sender: 8jhVjwP5uvqEnRqUvzibWqhSEe1ezwKFrUZMffiPfq56
  Recipient: 7gZnusx9yjnAcDeXCnMrvCHHcKnnfR2jmHWvpNBMZA6r
  Recipient associated token account: 2gHpNnSRYervNm3VWK8QoayAzSegs82G9ALChWwnsVbT
  Funding recipient: 2gHpNnSRYervNm3VWK8QoayAzSegs82G9ALChWwnsVbT (0.00203928 SOL)

Signature: 4cjwwAMj1dqhYchfcJ9frJHW2MfYTVWe2QaLihLKqwDkQtANGhZm6LgCsVQHztWqcNMYZUaAzAQELGc9YBbaXm4g

Transfer 1 tokens
  Sender: Gk1ciMXhR8NyRxbAyKEGDjJpdiV8FoCTobFoAtL5igrq
  Recipient: 6mv93ppVKCfhwZkoMJjjQUuHQECUA6KS4SkLfteSaprP
  Recipient associated token account: 2NoHb5HqdNtqWKcrmQJPGDB9WHaUcb6Hd7JAkZiNF5LS
  Funding recipient: 2NoHb5HqdNtqWKcrmQJPGDB9WHaUcb6Hd7JAkZiNF5LS (0.00203928 SOL)

Signature: 2Gd5nNiR3FfQsbndoYCtTvj33cZ2vuiXZGHJxM3RHzCSZpE86tZbEEshsVQtboofjY2Ust6665pyGLhoVi46Pekz

Transfer 1 tokens
  Sender: HhsLmtSds7PBYad2tDMShetfncE3FJKGfu4zF36nvBqM
  Recipient: DSrczqV5wvoBewQjYJ1cf7WTMxGjnnfyEpx3dvXogi7g
  Recipient associated token account: 7Qy8UuVPseAvbPxoPfiWm2rKbBYC5nvbtEYEJyrKaguX
  Funding recipient: 7Qy8UuVPseAvbPxoPfiWm2rKbBYC5nvbtEYEJyrKaguX (0.00203928 SOL)

Signature: 537kMQMtMDBpk7PQ4sJHvQeKoipJCagRtRDEhiZZ1nP3znF8ZDHDwTsJxzgJAttSQLW1pez3tPwsZdMeHfnoky6

Transfer 1 tokens
  Sender: Da91bMVfgxutb9bUeuYzHhTs1n5uG9949yeAzVKHyYZF
  Recipient: AgPhAsvcwPfT8bcAQxfyvymHdS9enkCzHDZP67ihS5YM
  Recipient associated token account: Gf3GmrDmBaWuXErRStD6fohEJr4yDGFhfwdyEkSqTZuc
  Funding recipient: Gf3GmrDmBaWuXErRStD6fohEJr4yDGFhfwdyEkSqTZuc (0.00203928 SOL)

Signature: 5x9SDv6o7j9TBzcwWku7ZFyQcgyYaAEappwTLfjbaPdDJS1GyU8kFXDdfLdWWbGTd2zw8Q21Pq2DJpMHFbzvEK9u

Transfer 1 tokens
  Sender: 6eBVA9MFSw3hEvAH9D4nmVNwasEZEG2FUDbHinUT5oRz
  Recipient: 7gZnusx9yjnAcDeXCnMrvCHHcKnnfR2jmHWvpNBMZA6r
  Recipient associated token account: 2RGGeQhCgjhUuehqNx9vSgiGyZ7SQVa7GrZX8e38EfZK
  Funding recipient: 2RGGeQhCgjhUuehqNx9vSgiGyZ7SQVa7GrZX8e38EfZK (0.00203928 SOL)

Signature: 5eKx8BFfFvVBAtRt4acMh9TrcwUhLVwN1DYHLuagW3fu179Y6pEmMf3EJCNRcZBsak6XYGnnGoLZWPvtrEppC498

Transfer 1 tokens
  Sender: HsmjwogKjJXAySyg7N1wDREU1s8oy7Uie71NibW1s1Vq
  Recipient: C7yPViMfJEZe127NHs6cYCi5GjGceM4N9c1j9yZAKSQB
  Recipient associated token account: HLoQS6AMk2EKYsrxESrRppF9EJLKTGf4KDtTuNFMmxxJ
  Funding recipient: HLoQS6AMk2EKYsrxESrRppF9EJLKTGf4KDtTuNFMmxxJ (0.00203928 SOL)

Signature: 3ZYSmFSbsxvGz4jomz4eRuB8RArGxSiDaxr5EAezrSXdNUfdUQp4XFWKTteMafjqXWWsecqqXkt8M4cbGk4UNHMd

Transfer 1 tokens
  Sender: 7ejpTD7TjjiaGGnHHd1XnAjY7DU9s8qeooveHNRsz44q
  Recipient: GyYFCFpwsAY267f9orwedcds6cKRMNZoaehDT2u3HBzD
  Recipient associated token account: 2gUdPXze7jn5mEL6NQ4dzbSujbNuDD89ktndquxHXQQU
  Funding recipient: 2gUdPXze7jn5mEL6NQ4dzbSujbNuDD89ktndquxHXQQU (0.00203928 SOL)

Signature: 1Krn3ZEGXDTE7KFjCuy7LwWSPwN9oa6W4xnrd9zLeGJzqe8h189WXSCqgVyxH5P4hpSA1JwpktrgSRFyqJk3X6H

Transfer 1 tokens
  Sender: 8jMMpHpgPhxET5ETTwiidc6hUVCwLoaMUEuykstj8QFB
  Recipient: 9nF2vqusHupTTNgw3quL4f3jorvPdJ8VBPv3Uw1xt3Mv
  Recipient associated token account: CsGUbxwHw5JZCG2u8WHo9sr3qebzvG52TEJVTe37L3TY
  Funding recipient: CsGUbxwHw5JZCG2u8WHo9sr3qebzvG52TEJVTe37L3TY (0.00203928 SOL)

Signature: 2ghgZRMegk5fc8ARZMVGu3RZBgPARjnKatZ5LaUvDEZJZxLgyTXjFdvKJaDG5aq5C718PY2TFUuAe5UgTARwt8wq

Transfer 1 tokens
  Sender: Bi4b6GDdmEbnLMXfZwq65jUpKnF8md2kxusjFo6tS11J
  Recipient: HuQ123HYTBcHHiwpiPh8qf2aVz7a2iusS6DHckZgCJGV
  Recipient associated token account: 7GmxeeUBsiDj6BzzGB71rPDsGk3p7aHJPgjAcDS5Hxkb
  Funding recipient: 7GmxeeUBsiDj6BzzGB71rPDsGk3p7aHJPgjAcDS5Hxkb (0.00203928 SOL)

Signature: 5no8DdBdc9RQReLtVEsuS3hPudL4QZMTe9VQZzydYb2VkXr7SfddSavWX4X7TJtpDwUHnA7h5V8KGdk3jMBmtsgy

Transfer 1 tokens
  Sender: DeLcSdTiDRJXQVpyUGHNHk8YFipuvTGvVZTrHo8VJGx9
  Recipient: E7zW6jXSsADmZgAnmVkRzA3cMLpUR5RyVGwjDK7GrgxK
  Recipient associated token account: EbtJFamHettF99mzRCskBzFxAnLUodykPSdgYJZH1ugR
  Funding recipient: EbtJFamHettF99mzRCskBzFxAnLUodykPSdgYJZH1ugR (0.00203928 SOL)

Signature: 3WwMsucVyW8obM75MFH5t4debAjckyLX234vbGVbRXE2rZnzYSpY7BGzAJa9TrkjhNWUppLCSA6sU8efrSUSi9Un

Transfer 1 tokens
  Sender: 2bzJZLZaKgyTmCBcWmN8s3ky552BXtgxC3ReMLjbsFVm
  Recipient: GLpzNHMpb7vYH98VkGuUKcgPETsDWFcdwNscJypyDbtz
  Recipient associated token account: 7nWcXf9B6MrsH5pDY2G7NFNML2BWZkkGBxh3x5f7NxbV
  Funding recipient: 7nWcXf9B6MrsH5pDY2G7NFNML2BWZkkGBxh3x5f7NxbV (0.00203928 SOL)

Signature: 4p2Gw5GG1DMAVBh76bf2ViFe4baMZrgU7FYxzt72ptusAda6iqkEjG4uxVubEahCF5YZkkLF8SK2GrtcF6sLNBMU

Transfer 1 tokens
  Sender: 5raLfAVHXk9GzbQHNvBzmoUJGHHew4EErfYdkd3YG8Zc
  Recipient: 4QACNpjjsP8HjsGNsRVkz8jCZzEF7WGZ9FSHoRNLoesK
  Recipient associated token account: EDFvSAycXjUMw9rvMqqbbZzCE16uBDhY7agCpbWXmPNc
  Funding recipient: EDFvSAycXjUMw9rvMqqbbZzCE16uBDhY7agCpbWXmPNc (0.00203928 SOL)

Signature: 4mBKZdBoWKRTaE8WP7MfCwEx9sk4L4UvzF3TpXvQcuEqBuutrV45g5kukqQj5hdmfV5avTAXvHCcLYhehCwsFAE1

Transfer 1 tokens
  Sender: HbgpNpFm5yaF1n1zSujD5B3sc8fGeSNPjA5oHaQhJJrz
  Recipient: BjaNzGdwRcFYeQGfuLYsc1BbaNRG1yxyWs1hZuGRT8J2
  Recipient associated token account: EBc1nKfv5GmZAiFPoLh5iYGAeUmHHwtGqv31W4VfEtEf
  Funding recipient: EBc1nKfv5GmZAiFPoLh5iYGAeUmHHwtGqv31W4VfEtEf (0.00203928 SOL)

Signature: 4T7VUXHwJKRsZ978TfQq4xRXkNMxoM768mdw1fNXbyygVJnHPJByJzY4dRAfT27FJz1Y7Y33rtgpdmJ1LjAPRRXT

Transfer 1 tokens
  Sender: 7CrNeMZwEDNxnyT65eyWcc8YUQxNTTasrajFUbsa7dP5
  Recipient: AYwzVB1ac1TdzEu2bPSdUdYyZdMQsZ1YWsTfjpdUJPgp
  Recipient associated token account: BRH4TZMGG8kfbKStNGdC4xr7FCmtNogzgvzu2VbfGxkr
  Funding recipient: BRH4TZMGG8kfbKStNGdC4xr7FCmtNogzgvzu2VbfGxkr (0.00203928 SOL)

Signature: 3j3JqUowTsVrEBDZJafLG8iMdkCQ5C6ic9heUwVuvps4iJvhWbcka9RsDXXkuVkKF36SWBBrUa353JQ2iRbQAbxs

Transfer 1 tokens
  Sender: HaMp5BooRBQ2kwnd3hQPQX4Gxu8jwh8iMod7Wdigpqrv
  Recipient: AEUto3eFWHLAmmVRq3Vo2fmHXwte525jQGG6D7pN4RRd
  Recipient associated token account: 33aDy5KeWgQNZofVmn5q4zHrwMbQkNQ2qJSsVNYCDTVr
  Funding recipient: 33aDy5KeWgQNZofVmn5q4zHrwMbQkNQ2qJSsVNYCDTVr (0.00203928 SOL)

Signature: 3UpCCuQpNgnBfKrkZeDYMbn4mGhU5P2ejo1UmZEC6qugjGz6oi1bBqcGMNVo69DXAZRTdtrdPgAmaHS1WdVMNGnw

Transfer 1 tokens
  Sender: 4yccRqd1s3Z15LiKDUWmJ5ZbmKMhXotBH8ANctY74hKt
  Recipient: GyxrUNS4mSG2fwQ1rbCVRs88yuPW7jbANN2CGujxXpJ8
  Recipient associated token account: 4hVm3fEnBDXk4wMD9HFm7t6pM9tX7BjUuaACqXsbzNQD
  Funding recipient: 4hVm3fEnBDXk4wMD9HFm7t6pM9tX7BjUuaACqXsbzNQD (0.00203928 SOL)

Signature: 27kaCouHuZV53i6AGNcguC1LmqixUPsr6rC5qetjWVj4vj73aFqQvZYaYDesaL2fiSzBTL8uMq5oQtMfAvwfCQhc

Transfer 1 tokens
  Sender: 881y8szKqLDiRTEZQmK8waZg8bt26ikZ2TLz1WNpp1fp
  Recipient: AUCZf2bCy92cf3JsRXf3LGu8D83bFoNWkULRX4KsePi6
  Recipient associated token account: 7WQxpbkE7hoTTaCfJbgz8JcT4qSbJFv6uRPc7Wk4EPgv
  Funding recipient: 7WQxpbkE7hoTTaCfJbgz8JcT4qSbJFv6uRPc7Wk4EPgv (0.00203928 SOL)

Signature: 3AMa6MTzBEHNLRPGEawnrVer9CidBFnf5qmF5St6KYSMHJismXRVKhaqv179JZaW9ApJarRoviftF7bjWq9VDJiu

Transfer 1 tokens
  Sender: EZzU5yruafvxLcdEi71s1KS7XrwYJYoPz2eufJ5v52wu
  Recipient: 6aVxAU2nNjSUmDkSy5zgavKcZNKGov3xhi6tUPLnULLp
  Recipient associated token account: 7Mj9vMePPFk6d3H4Y1p4T4vYuMV9DF7b7b4ycEQmpxZA
  Funding recipient: 7Mj9vMePPFk6d3H4Y1p4T4vYuMV9DF7b7b4ycEQmpxZA (0.00203928 SOL)

Signature: 5vGi8j2xCyfgd2ex5BKJGSNqZ9mTRBfXX9ni2vRrdXACABbqrdZkhhnepktDedKnckbUdy74kjYhM8Q27RfjgyHG

Transfer 1 tokens
  Sender: 9amNqy1x1cDJsZr5gaV9tWQtWAaPcytuTLkBz4LgkfYP
  Recipient: 3V1HmecLr55cdDLEXzhN8tfz7qCq7UdD2KwjB4VT4duQ
  Recipient associated token account: B1B7bymTTL3uLE9dmBgS4V78WhgeusxLuFwyx85Fzput
  Funding recipient: B1B7bymTTL3uLE9dmBgS4V78WhgeusxLuFwyx85Fzput (0.00203928 SOL)

Signature: 4H5XWZmyUhNDX7hSHHdGvR4aTeU5mXabB3YXG7TtXQGWc7DTnbjW2v6QDHmc1n26NrFyALka4QJwswSQxBWv9ngf

Transfer 1 tokens
  Sender: HVa384e1c2qUs4JTBbgWoVyfF63eQPxyiLRpg5qEXKsi
  Recipient: E6cf5us72RkxYu8hSUX1GNb1smNVAJhtDd1Gyafzb6Bc
  Recipient associated token account: GWV4oJwZJgxvkCggm5KLAadkaUcQtUWKMiuM85E7v3jT
  Funding recipient: GWV4oJwZJgxvkCggm5KLAadkaUcQtUWKMiuM85E7v3jT (0.00203928 SOL)

Signature: 4ZPAK1KLU9mMjWGe8eRRy1rrzDLzMo8H6Z5BzjpEVbfnuMJCT9xeggKGZpjwru4XJG1NhCAcja9ig28zeiBKmny3

