Transfer 1 tokens
  Sender: 6tU3p62HV4P6p9opFDj8kDHGVUcx7qkYYexukzf6FDF3
  Recipient: 3Q7BfxTo3h4AFnMqvFFrdtfcBJ6nCX5AUN7ihUhpPXbY
  Recipient associated token account: HbjG4Qz57nyCF52p5SQkancqbs44SPFeukBsRmH7pr8R
  Funding recipient: HbjG4Qz57nyCF52p5SQkancqbs44SPFeukBsRmH7pr8R (0.00203928 SOL)

Signature: 2G7FVd6CN1LEL2XVSHAhj1DcFvZ2QXQRj5XJ4GKxrG1hkw6QuoUT8PLrp24zpYaj1832oKWs5tSyBprzLRJwFKkP

Transfer 1 tokens
  Sender: FE9tFZEWFhhS6oBD62eGnhmrjgVnkNnHYxC638zvTNv8
  Recipient: 7P4Bb1pCMuYNveYhg2j445cmTRCEGp2eAAtBQUv7Jz89
  Recipient associated token account: AYdw8sEhMpw9MvFu22gjHYZeAcbLU3BG3gWK6G7kWSSs
  Funding recipient: AYdw8sEhMpw9MvFu22gjHYZeAcbLU3BG3gWK6G7kWSSs (0.00203928 SOL)

Signature: 65WnFmU4iu5Nv8SPkdzZxsDbWFryGLbRPmxnwZSPQPjSkUjXD6k3SQH5uRAboi8YaBZZNdy1ceVMucsmeNYdJiYo

Transfer 1 tokens
  Sender: ExhbE7W9Gtdm5Yz6c8cSyiXA3e5s6EvUKetwWzEBtXTh
  Recipient: 4imvcSxxHN6hyWy1XrxJ6Em67XZDVmMVCETBu9Z15Wvr
  Recipient associated token account: FLXJQNgL4izJXa16oZcoTa9omrNYUN6VGuRqmDP4JM7s
  Funding recipient: FLXJQNgL4izJXa16oZcoTa9omrNYUN6VGuRqmDP4JM7s (0.00203928 SOL)

Signature: 4pZsm5PjJX9vGQH5iwJ47T18y4o2hnuEEBCuVGEfFGJb5VVe2PcjqxnjsxV7ccwCoYTYgXcJ2YvVZJ538pR9giVP

Transfer 1 tokens
  Sender: 9QPz4hRAwm495nJTnWmn5HUFUwSoGE5JH7AE8NV1gChn
  Recipient: ET6Fq786KEM3xjMZFqNgL27SqcooZm7eJufo7u3qdMRv
  Recipient associated token account: 8cBjtsmq4UEC5g7s9QVseoPnFfAuhDbJh1Z9vpfg1qvF
  Funding recipient: 8cBjtsmq4UEC5g7s9QVseoPnFfAuhDbJh1Z9vpfg1qvF (0.00203928 SOL)

Signature: 5y5KcrKKk3PJsJHNECCVq5T4HGm9qdSuMduQhgn8ytDHHdkK99DXsMQwBarABZ6B4j9wzDJ52M5ibU6hXCfTeNYh

Transfer 1 tokens
  Sender: HNU6npR8itJ5DkXmTVnynoZQjfgVfTwH5YXCsgjgz59n
  Recipient: Fzo37iUDzeZES24cL1rRuCyP7V9xxseYbgFSqk4FotPX
  Recipient associated token account: CKnu76S6QPJvrvFcbnHA4Tb8mQnijEPzE6cMYxhW87Ej
  Funding recipient: CKnu76S6QPJvrvFcbnHA4Tb8mQnijEPzE6cMYxhW87Ej (0.00203928 SOL)

Signature: 5be4VR5mwHx7BqZ9sfor4JAVzqUryxkGYxs5MCmcXCXkZJGkeL2N9mAfat82eLfNG72ZybreMJ26M1XJ7E6tu91q

Transfer 1 tokens
  Sender: 65rhL54nj6qcNdmkk1WPLKYqHcPDyre8iQksq3as18PU
  Recipient: 94PxvJEg2HvVPGenqStzLS8Bj8NDxvKCLbbgpAxX9PpF
  Recipient associated token account: 4Uw9jCYBh2NX8usvMaMdqrJbRUHFFFrFFisCB6TdhZbJ
  Funding recipient: 4Uw9jCYBh2NX8usvMaMdqrJbRUHFFFrFFisCB6TdhZbJ (0.00203928 SOL)

Signature: 4cg8vBQ7yp1oc4n1YbW1CTkLakrHptGT7axTRKfEqM8kPpbAE69LDLAVkwiodVPmwyTvXaTLzAabNudqcu8ypBbq

Transfer 1 tokens
  Sender: HZmC4gBmkBqasjYBRHo9ogUtsV8tXjmdePyda3StNxUi
  Recipient: 9mkZeqZ5hKA5FhbAhs6We4ptQuwauRM45u34uzRLhcZd
  Recipient associated token account: 9PQjjsTFLnEtszN69QXCLjwbfwKujWn5nh4MCLr6YD37
  Funding recipient: 9PQjjsTFLnEtszN69QXCLjwbfwKujWn5nh4MCLr6YD37 (0.00203928 SOL)

Signature: 3JcWdMeFzLU1MXgCxcsRTFDakt5zPcuZRSeaddmd2LdxhV2cyoRvaiX89UcrjWJn4qkLHXP4CAfrLj29YkkkpWtx

Transfer 1 tokens
  Sender: ACgm7dSAcwbP5mJSLKv24vh8TxX4iUzWftL4sJ1RmoSK
  Recipient: 27KPJgnWEshxJAbXsKzRxvp31dYCzvXGmLGZmJGyg3eF
  Recipient associated token account: 3DuQcSr5B1EQU41YQPJYvS6EthwPdEN8QoSzY78qA8nK
  Funding recipient: 3DuQcSr5B1EQU41YQPJYvS6EthwPdEN8QoSzY78qA8nK (0.00203928 SOL)

Signature: 3rTfAfVUui8FGS6Q1Wptj6WeV4KUXY7FHen19J3WM3RegVKKPSyPWhuW3DsqcXpg3KuujAbJwHR8zQWhc1eWqgWA

Transfer 1 tokens
  Sender: FA9EcXsHGQ1qGiuQ4ZQwyAPP7j96jLuqN49963QTAiJu
  Recipient: 6dWYKwXPMgr9dbsWsE8FgsTHgHudFaF8vvaQTvYcHnn7
  Recipient associated token account: HkSnNx4S5EtuRhUAZP8rXjEewgYGbKJrL1eLKxqPDeQp
  Funding recipient: HkSnNx4S5EtuRhUAZP8rXjEewgYGbKJrL1eLKxqPDeQp (0.00203928 SOL)

Signature: 2dG8tFLNPqVfSUm5rMpXBytq4VBT57jefPEvq1Nvvjc525bYMvHi9FzoyActGWUxRcL7DeTPrKPJN9Y5bHymExRG

Transfer 1 tokens
  Sender: CAcrrRdgKGThtVF9VLR7d3u4NDSxZ7yFgsRvufLQAQHB
  Recipient: ANUkikZTPfEoBrqtveRAeNkvVqZv335H5Nvspm6u9Ghh
  Recipient associated token account: EhaEye2keM1zzqwLN9wPCcLCEewS4F1Ex2NDsPQeYKxC
  Funding recipient: EhaEye2keM1zzqwLN9wPCcLCEewS4F1Ex2NDsPQeYKxC (0.00203928 SOL)

Signature: 4iZbAxqr5HZQUwVcWy6tBofrRJsp47a5aQrsZdBxvsUD6amMdAtVj3kVRtoNAo84CRLjvYhP3mofB5k55P7HTtM3

Transfer 1 tokens
  Sender: 8h7UhCSmw48ZtPrg7gPEE8kv7kLYHMEMswrnDHkjaTHZ
  Recipient: 8kX16Yj2WBCz1sPXcimafGrutQkw3s3Swe9sR3gt3cC2
  Recipient associated token account: FGyX6Dw4CDRNzGMJZV1dHP4CSyf72jdkF8W1FqVaaMVN
  Funding recipient: FGyX6Dw4CDRNzGMJZV1dHP4CSyf72jdkF8W1FqVaaMVN (0.00203928 SOL)

Signature: 5jfYyhxxvyswcXAGA9oB42Lv3Gryv6AtAq8Br6XdeYVYKLWNLSaiLvFRn7gCRrF2C6nGuz4rcXYxbhYC9r3jid34

Transfer 1 tokens
  Sender: HBSdoj7JfZ5Foja25SLErJJYLw1FoAyyT99Yi3WqKywo
  Recipient: DLbcDo43ey4NxJu8Q5T3jxdBaU8yjU8y57KJt3PVk5Za
  Recipient associated token account: 8WpRASGyzqmmTrArjJXLFLiXzUsvAy7WvwSsWApqhjSZ
  Funding recipient: 8WpRASGyzqmmTrArjJXLFLiXzUsvAy7WvwSsWApqhjSZ (0.00203928 SOL)

Signature: 2jnkx6XsFjL8cTzc9a319qXjZj5zv7snxXPUbxK9CEx1eMCjsfmRbh61RZGcN8qLn7YF7sbRLFE2CmrV6vEvQHE7

Transfer 1 tokens
  Sender: 6kGq9DTHiDAqFpsNAUAz7sY5Tqwrfday1zjxLZMpiMav
  Recipient: 51oET2dy4vCmZ1JMGYR9hbsvsLng1vcLD6z2AZp1uq1j
  Recipient associated token account: 5KFDpojANMQGzad3ou4CUwsoFzjDfVNyQ6bSGETa94Ra
  Funding recipient: 5KFDpojANMQGzad3ou4CUwsoFzjDfVNyQ6bSGETa94Ra (0.00203928 SOL)

Signature: qM9nLErkcHAd6MrS2pwuzuLvWpgo4KDTovYZANZ8SvxjrUidu8LJ9LSgxHjFWCk7H8NBuS34k1FUfyLvL2vE37s

Transfer 1 tokens
  Sender: 5BXeSP3Vdx1fuDUYqQarwfQfpPLTMDaDJ1nFM43qJu6G
  Recipient: ACvPUFsShe2hb4ydNhvfKwcWMPBaE9G1XfNXNZGkScAr
  Recipient associated token account: 4rHuU1oiWEyVDVNHC7dfcFkpjH4muJNHR3L4dB5cuBew
  Funding recipient: 4rHuU1oiWEyVDVNHC7dfcFkpjH4muJNHR3L4dB5cuBew (0.00203928 SOL)

Signature: 3wnyToPFJPGyBMNd2HDmkDjDWXv17VDAwkPCnp2NR3rN1Pk1wLkPXRivWGGRYX7zufZNKsuh1uyFB614ojBaTNrX

Transfer 1 tokens
  Sender: 6ZW29FVQBNE3P3Py11NfST2M3AA557z5GYDgeULpcNm7
  Recipient: ELNus8jcmWsUAcjDeHGCRGayqy9d7ScR1Eh5e6AUYKRm
  Recipient associated token account: 8u6DPTUWcpAtMasxgJbCmGXZUj5JEjTVQyKMyAHtibUx
  Funding recipient: 8u6DPTUWcpAtMasxgJbCmGXZUj5JEjTVQyKMyAHtibUx (0.00203928 SOL)

Signature: 4eeBHce2ojr1aPNnCPRZ8JvG27StpEiBKuLBsxuQHmjzaRpScNgrN5fcX2FQTmpJryYxavvBQVsCszhM57pmuwRy

Transfer 1 tokens
  Sender: FMeSoc3Aptvq5zqZLycRqkU5j7P1Qkf1eTBtU2wobpFr
  Recipient: 8GXX8mY6N2Eovr2hgh35KUu8nhL9AZTgmWxNK4rvyaDL
  Recipient associated token account: 3UUHLeiHN2GzdrcSuLELCesMr7u8J8LGEWkJd3c2EKji
  Funding recipient: 3UUHLeiHN2GzdrcSuLELCesMr7u8J8LGEWkJd3c2EKji (0.00203928 SOL)
Transfer 1 tokens
  Sender: 2pcCCyuPPWa8YXsvTHDP42VnRtFJRweEfBNTRae2sdzw
  Recipient: HyJGn2q8vgYCH6urPsQXwxu6W5DqecVvBNTMU5RnnWrW
  Recipient associated token account: HVu7M6EvXpurihRm7tK2e5GLgxaJmwT1yX2NYZZGq7M4
  Funding recipient: HVu7M6EvXpurihRm7tK2e5GLgxaJmwT1yX2NYZZGq7M4 (0.00203928 SOL)

Signature: 3Zm3muXgHnfQ1Nnuw4vfai1n2H799TJMt41Ma4fZ8a5KEg35rgzzu8KJxstGboMtmdpwx4oLwXN8kYGW3tV1aE92

Transfer 1 tokens
  Sender: 4NEmMfUAaek4qNhXnmwmkVVB1Dj2Xt6kaYCCQyLtRbT2
  Recipient: 7tMyU22ViPrhY14fy31bSmTsQK6rwc9q3Zbq2u5RkZis
  Recipient associated token account: B1noPcsERug4shUphFWDMfgh8m82MuGKc9GFdnk7Zc61
  Funding recipient: B1noPcsERug4shUphFWDMfgh8m82MuGKc9GFdnk7Zc61 (0.00203928 SOL)

Signature: 33dbuzpFTyrYnjnhEzrKzYurqNaAMn8TSR2T1QjYhoMDLmnwGKborLGwodK4YA9rDM2tvAzGiwGzPgQsVV7aacrH

Transfer 1 tokens
  Sender: C7Enw8SVbMG6LzDjcY8RG3NGdLaxFC3rh4Gb6CoyFvb4
  Recipient: GDcdkHHAnzkZqftb5J79FWo9N2fJRe1vXUfVCWgE52dQ
  Recipient associated token account: EP4ZYZiwwudaR42KUX9aoRVa9ZW942z8BP1wuuZvPn43
  Funding recipient: EP4ZYZiwwudaR42KUX9aoRVa9ZW942z8BP1wuuZvPn43 (0.00203928 SOL)

Signature: j2tpo6cVbFZa2VwHaECd1J4R6mNbmub9revJzF7P4CdXq3CAChp3EauBfKFUNg6Natki3xVATiAGjjsuwp1zB4c

Transfer 1 tokens
  Sender: AqB4KT6dyLL1r49YxoZUA55PqWT9qZu3SswnmjFxWk4E
  Recipient: DWaAVXvNg9NcNUPLCwRbAhc8NVmFzSLPQCFuwkxgp9Tk
  Recipient associated token account: C1CJzoQA5W1mmFR33V53eCLuwzbq49sYc74G3vpCMmHr
  Funding recipient: C1CJzoQA5W1mmFR33V53eCLuwzbq49sYc74G3vpCMmHr (0.00203928 SOL)

Signature: sSaY97DzhVda1Zj3Z6Azhv3avfJsVbFd4L2UbMmwGEopY4wmokRQW7TfuPAQoPmc8XBZ2DH6wHg5z434eMuLaT5

