Fa8MictyQxfDxM8q8NbWUKUoAXA3CzHnFhq3SjHc3Xoi
G2iJ16rts5KK9RmvCv58zy7EPsdTmW3FN53VfGuk3iXW
6jf9hmixWp9wDTZs6hGLEqVevujPLnSAgwLPBBF9F6bg
Bhc2mzqPrAJF4StQAS3Vb11sMfukCM5PJshLk7Mr8Qzu
FHEnWY4uJzDL83xLYZka7fqBFhtRM4SCsm5QXdr1x2Ds
EfYYxnxZiTjj8UeK4PJWbwsqsYdHnj2zExThDWWjwnff
EwyoeonoquRZTSmQ99urTN28WJJVH7kP4cvHNECzjpn5
3ksyLJHE5KP5KoTy1MkxNzsGA1nYYH4ykqYUbmGJG5tG
ETojsG18rk5mKdXSb8jWKjnYqYuuVzU9hZZeZBYKKDes
8dSmxnGcfjNnEgZ7kdL2sHen4SZojLwQqsyXR4YgkMXh
9ZTsZsbAzJcuFhAeFd8z6TQPaVwJPuc9mMkSANJjQFcC
HHzjQRPKJrwroLXWo6USkBgRowr4BrHdDUgBgcVkkYsZ
HiGbJGWzCBE28MFQa3sF8KMWFqhpdx6zvrW78bXYfadh
GbJj3Sd9n2m7zJMAxjady8PcPwmkuk3WFiNBKwGiZoRp
84u4oBxWfi8LRP2jjgrhwzNmLoGveP2dztKkxmPZTeU1
5xC9V6WkyihVnTo8h2uKdhV4RM3WuPMuzKLVFHBHz2ou
6ybmVDJJt3J9r7bT7sd2FdJ86WtgehBvMaY7J3xM7vCn
DDDHKxp3zZxfCzM8j94n5fQVSJeUnjep19pLHUe9Kd5V
NFVRGDUwtyHpy839myW23ufZr4p6RMPkKsNmLubevuo
3B1Q5WYJWvVq8zVyeVx4e5vP631DcRKTpa3LBSJojSKo
