5JJXuC1YzZ1BA3Sn45whVh3b28LTnXuUM1RfuLnj53sW
7uCsLRhWmRw3AHyb4hnifXxiwqNXi4UB8Ac4ynnrZ5hq
4rn5JzieBFeXfo3zBp4DCBvGXEYVuyo3FaWW38vtT9SJ
Hp1MvurGGDd7xA8zEdntreKcM2opJX5qD1WAApagZDfH
CmkBNXWVWjdUTiHScpwbAjSPu7XhYurssggXD3urigz1
Mxe7R36xxFThVHvPGvgYPSpsiEnCByQQ2dUfvaq67di
97xAKp8FjyXkiYqTtYWN9ArD7KxTevzaCAo7VCcwLAsK
51oET2dy4vCmZ1JMGYR9hbsvsLng1vcLD6z2AZp1uq1j
s8ioBNQP7jb9JCSiBaxrbCzKMVQtVqQMEkssftVjLcu
AgPhAsvcwPfT8bcAQxfyvymHdS9enkCzHDZP67ihS5YM
3PJUJ9Jn1dL35cvc8tHq5XWNeeSN3R9HfLRapmdEwNCb
DdpAaorJnTmfCWcrNwwHVJcB8wcWw5i7QUBGr7ESCvWv
BVFTQzEas8kMPkcugksaTTuLnQJ8ESxtLryk4ngdyvjU
6DkPDnQkiKYdUqYvZgFtNMwgbr1pRxprP6xhH4m2jw6v
CwyAnBZRGAaDVCBiMm3m4zrXNe4e6E8eUVgMrt4pHx2x
Fp97htUt2k5JTcPvD7hy1MdggQZHr1oHtmHZ4jUqTZh2
AgPhAsvcwPfT8bcAQxfyvymHdS9enkCzHDZP67ihS5YM
JCKeAejKgMdSKCVdYHpyN9vN7r4hyATzyF21FJpJFNgQ
7P4Bb1pCMuYNveYhg2j445cmTRCEGp2eAAtBQUv7Jz89
C91QVSPebG5w5SP8Wg97bqfnnNfG6j9QDuTFC5EM25jz
