Transfer 1 tokens
  Sender: 8bjqehmC2LizazhBVnKEjT3js4LfP232uKD4FPipc1vn
  Recipient: Gdg1EVbGMQ5gH6nkhy3WQVcJZoRzXae5EsSQnYHD6X7M
  Recipient associated token account: 5fWuSk3X22L9piEe6Zfe771jFdff5YF3jfV3MrVS3jDQ
  Funding recipient: 5fWuSk3X22L9piEe6Zfe771jFdff5YF3jfV3MrVS3jDQ (0.00203928 SOL)

Signature: 5Bf5VmMGgh57pNNhxKKhttb7SSkR9tuMDJXpiGrtrixwSG7USwhu6yeDes5pbSFZfQ8b7s54s8qDh3Paj4Wi5D6d

Transfer 1 tokens
  Sender: FUEuwpAgdBe5vY7FXCjrhG4DaiFVZRNjAmQauJ5seKpX
  Recipient: 3LNuK6FG25apvTBzC7opVXjHDmEh1xztA5h8sxBejnQY
  Recipient associated token account: qgynYqDujvumCXcSCLMBpqJJXzMomAcQkKN4TKxEoFY
  Funding recipient: qgynYqDujvumCXcSCLMBpqJJXzMomAcQkKN4TKxEoFY (0.00203928 SOL)

Signature: 1XjusaCXVkKaEPrZVALQtgsPqt8fHQhKUqmpHyv3XK4XtwtQQHKWBJBDGMwGa4bmJ6aL8HnZzAkAFKn9AWQnsYd

Transfer 1 tokens
  Sender: egpjzK2fTp2wd1QgiDTDuKh4i86N1vhJPtoGZDp2KTk
  Recipient: E6cf5us72RkxYu8hSUX1GNb1smNVAJhtDd1Gyafzb6Bc
  Recipient associated token account: 7NXbYwrUN5dvD3KfTeJB7EaZsTGizQqt7WxDhCr2ewn2
  Funding recipient: 7NXbYwrUN5dvD3KfTeJB7EaZsTGizQqt7WxDhCr2ewn2 (0.00203928 SOL)

Signature: 3R5t8uWaHFL76cGvVfVchYjzgeES11PtwVR84AWSapxDF1kDhpQ2Ac3cEWNMeVnxkYuSWXwYpkwEToU7QSA5vBy8

Transfer 1 tokens
  Sender: Fz8Rcb8WmxacSAwcRYJ6MowKF1tmdxjSgVWENJdKMKKZ
  Recipient: Aqz9wzAfWEVYLBXTwyyitNkzCB18TBhtXmpuqkP6tn13
  Recipient associated token account: FHysnmiZDFfTXtTM8Zcfy9bf6KGGGZZkL7RiSREctMjs
  Funding recipient: FHysnmiZDFfTXtTM8Zcfy9bf6KGGGZZkL7RiSREctMjs (0.00203928 SOL)

Signature: 3NMHCPci677z9w6tbiHZcN2jYaBuAwK2jGh5H2jp1bXgq9ed69qqHgXyb92JyhHarV49LzbM2qxX9CetLxw5Sty5

Transfer 1 tokens
  Sender: 7Yd5q28A4SLeRAzvMCz9hPLdCndTu6EAM4fyRTRnHDma
  Recipient: PNUazbVrdxgkHu9s864orN2nPAD7P6LbdMbCbgLUBki
  Recipient associated token account: 7YRQYLN4DAaLHYA3QzjLycTq7Z2QndoPDrRgHe249reg
  Funding recipient: 7YRQYLN4DAaLHYA3QzjLycTq7Z2QndoPDrRgHe249reg (0.00203928 SOL)

Signature: 3iLQ46M3LfQhnhWQUUNA2hzzhQsQF8vrQzTUMhhLoLzUFTkpeYYsWfk3qHUGmvHMmtTy2ZGMGoSibedxECVU7sGx

Transfer 1 tokens
  Sender: EbftSJR7FLyKmJHCCrdFtz6bp8LTYDbY1pbzXHDmBZRy
  Recipient: GzA6YFoHTSQZEfmRkjQHTHLgxDZMdsrjyaZq8BbSP6XT
  Recipient associated token account: 3nY4GrV3Rtd5Wp8pptifjwNh5s8FeFs3hSCu8uWpDxZW
  Funding recipient: 3nY4GrV3Rtd5Wp8pptifjwNh5s8FeFs3hSCu8uWpDxZW (0.00203928 SOL)

Signature: 4qQ2UgfN5Ujf9VNVeYJGxGRmaNdAZ2XiPPCZMkRgk1Lmj57zdPrcjAtRWbjPmCemhURvB5mSXTaEm3gSX2wd2YAu

Transfer 1 tokens
  Sender: H1CpcbnL6DYt5E8ixqgWVr6W64d8k7cNuuWLxU265B27
  Recipient: C7yPViMfJEZe127NHs6cYCi5GjGceM4N9c1j9yZAKSQB
  Recipient associated token account: 2s8UaTxkD8xz32ip5He1YmWo6SWQzjgYa1acsKGa8iQ3
  Funding recipient: 2s8UaTxkD8xz32ip5He1YmWo6SWQzjgYa1acsKGa8iQ3 (0.00203928 SOL)

Signature: 44Yaghq8HZzZtqrNKwbtDqP1XW5hZ3ghxoXqvXCjLg5S4h56gtZ84i4iR6gzdaGnmW345u9VEwDTHsdk7mWPyBsG

Transfer 1 tokens
  Sender: 7EyxLyNBTih63A47ikb8cqZZECtywbt79hLcTprFwnoE
  Recipient: GtqkdyHPc2Q7UGD7JPF4uxE5bjSgN1Upmon7edM1qdH7
  Recipient associated token account: 9PpNAvCtZFKLeB2SdFrWASJAyRUk7AN1RyZy4UpLABtg
  Funding recipient: 9PpNAvCtZFKLeB2SdFrWASJAyRUk7AN1RyZy4UpLABtg (0.00203928 SOL)
Transfer 1 tokens
  Sender: CgqzUJhiBy3mb4WDsGkQ2idX5UMuBsAsgqsbpn8p5gvV
  Recipient: BParwtMqeWkzpe3P2Q7CiUXUgZdbfMPnCwQJ91rzo1Lj
  Recipient associated token account: CQtp3Y5y92RacGQaPrP3wyd5wVuKfqh2DmKLrN3kc6k8
  Funding recipient: CQtp3Y5y92RacGQaPrP3wyd5wVuKfqh2DmKLrN3kc6k8 (0.00203928 SOL)

Signature: 2apSUbxijcESYaqkf8uY1W9hAh4up2Yb4e9a4dJ51xnT5aFCfjGANViPfhzYSkykSd1FjsBR6g75jPgSGAW1ySNh

Transfer 1 tokens
  Sender: GxYigd9jhRm9oFR8hj5gvvwUn6yyLeX1gSS1H7JWGGNT
  Recipient: ANUkikZTPfEoBrqtveRAeNkvVqZv335H5Nvspm6u9Ghh
  Recipient associated token account: GuSMzcG3znttg1DQpqsuZmrAhW8QwkUtf8sGPx4aPixD
  Funding recipient: GuSMzcG3znttg1DQpqsuZmrAhW8QwkUtf8sGPx4aPixD (0.00203928 SOL)

Signature: dkGiYxJNHoRpRmquk72BxQNgYxVsGk72JwGh8WaFpARmbx5qRugqtmxSHpiQW3gk8uQjwR88omYdfs8aY7KxHJv

Transfer 1 tokens
  Sender: 3ArmYD5NVHuqio3aP3okrUWLxTTA5mwGY1rm4siqEJxe
  Recipient: 6uWDr6tgKgb2VKRVFrfJDAL3ivaTnSeAN2pt7aLoKbEG
  Recipient associated token account: 3SdNNZENPPx8o2x8qnHaaLt31u3YRGdwq3WAq9mCVWA1
  Funding recipient: 3SdNNZENPPx8o2x8qnHaaLt31u3YRGdwq3WAq9mCVWA1 (0.00203928 SOL)

Signature: 56nmisSe7bp7vZwW2M6RdgDKmtKSK7XPuC79fPEMnqyrsmsxtCbDWib7zj3tGPvByhjAKYAqcJsndtY2PA7kEajZ

Transfer 1 tokens
  Sender: J7JL5BXpxq6KiM1Dx6JsyyYknbMDwtEsqTsFH6c8Pyr4
  Recipient: 9CeQYRt1eK15SUAv8AE6XPhh1ijhBF1dyPdGQGAiCfMx
  Recipient associated token account: 9zLJmAK6BKmaSFKSYbXsvEPEt2gLtZe3dvA2eE3Kncar
  Funding recipient: 9zLJmAK6BKmaSFKSYbXsvEPEt2gLtZe3dvA2eE3Kncar (0.00203928 SOL)

Signature: 48ehSqft4VVhGEeyN8nufG3mLdMaETXHhS8VfdVKLpqsceH2Zmg5ApfWFksijFTZWvVv5uAdRwFJSG1XyQDTtjhy

Transfer 1 tokens
  Sender: 91zh3BcEGmcwdGXs7UHPippdhocivGM8Yxcukh4hsQPk
  Recipient: 8eqvPBG3bHFpRfHCxKi7UBPcxUopXyhDMEH9r3Fg9QcX
  Recipient associated token account: DAZVxXVFGjs3ApqdyqUEV9kaBmTp5XJmVQ1xQucgn5GZ
  Funding recipient: DAZVxXVFGjs3ApqdyqUEV9kaBmTp5XJmVQ1xQucgn5GZ (0.00203928 SOL)

Signature: fwZRbyTx7hdHU97JMonxubrUk2pHyj3HM4QXxQsSkEB9ZMVG3vvSe6y3TbzeeXrNMeYxFceRQyAJ2pokUSNLicf

Transfer 1 tokens
  Sender: AHNX8ixDand1yfWMGMv1Z8FGKBk9LFGFrcitgk9tT27V
  Recipient: 6aAAWPd4s7SppGAi4k4eWcooWAy65QfDXKcTJadUnrEP
  Recipient associated token account: s5hhzfXCG4ty54GkdodR9CpUrmDh1MEfZysUUHwQBtB
  Funding recipient: s5hhzfXCG4ty54GkdodR9CpUrmDh1MEfZysUUHwQBtB (0.00203928 SOL)

Signature: YJkxuB3YKrbCA3DPDnjZZz7f5CrhxhECgvKdRt4eofgaAPsodisntieJLCKVUqa9rYMXpZdh4LEJKYTKBauUMCf

Transfer 1 tokens
  Sender: ATSgq658Jng9rmY86GyYbmvQod5c4u1S6CRQ71p7GhSy
  Recipient: 45nb485LKf1pEhsTab34JnbBb3wXnAAP3xh98xdzP8Zc
  Recipient associated token account: AmMnZX4sge7kAW1kRDLJqdbLR1J8GjonDyzxT9pEPcyE
  Funding recipient: AmMnZX4sge7kAW1kRDLJqdbLR1J8GjonDyzxT9pEPcyE (0.00203928 SOL)

Signature: 5nVZRHYxhtx5KpaJH4Av81vUnadHEWyftphP6x2cC2G2LkTnwvrnzX1yccJVKi9WVUT2kbtWhdVq4w2xx85CXsSq

Transfer 1 tokens
  Sender: 8HMkxgmawq1VPvaPdZgNfvV31GCn4YRf3SRcKkSkvJ3x
  Recipient: 51oET2dy4vCmZ1JMGYR9hbsvsLng1vcLD6z2AZp1uq1j
  Recipient associated token account: 3zML9bApZi1UUgDBP3Gj6YEYm2PFUTwbxv5BLk9K9Lyu
  Funding recipient: 3zML9bApZi1UUgDBP3Gj6YEYm2PFUTwbxv5BLk9K9Lyu (0.00203928 SOL)

Signature: 5NYctCHY4AoqieM3Hn4gwNjsM1MzDSjFx7EdrHtFKJyUWPJcoJ28RA2eudiNrnt9gr95FPrPdRAkqGYoF1dszeC

Transfer 1 tokens
  Sender: 3gWx1umnVwupxosLkZVTc5BDhp9BKfQsqCppFazHroCS
  Recipient: 4R8BKiQax7Qy53MbVamkU2MQudNeVLpGUAzrann3yp1S
  Recipient associated token account: 7ad8YG2nZe43pHFcCXdmgs47iAfQmDekKSY4RkkKGbi8
  Funding recipient: 7ad8YG2nZe43pHFcCXdmgs47iAfQmDekKSY4RkkKGbi8 (0.00203928 SOL)

Signature: 4z8SerqLpjBzkgybfjMh8ja3Ni5qbbkR69hBLr9H3LaiENHUHipWwxRska5vNLTBQW7JHgSsERzCERJFNcwt5axe

Transfer 1 tokens
  Sender: AFP5kFYjDaoXbX1Mi2SkifCkcSmHf1TiaEuYFs9rRY6w
  Recipient: 8XW5X7k4bU1fZzCVGPVnyVRv6iqwXqG284DnBpszAiuM
  Recipient associated token account: 4Aa4cH2NYdxLtAFthwFY7VfkKy8TpYe8KB9bE2c8JPng
  Funding recipient: 4Aa4cH2NYdxLtAFthwFY7VfkKy8TpYe8KB9bE2c8JPng (0.00203928 SOL)

Signature: 3JWsRDkGEP9U5oqYnPYmtKggv8cMasoxTbS3K1mmN2jvGAgJypcUozrSWY9ewvdrSHcU7Nf1YeUz5tH8oWemABr5

Transfer 1 tokens
  Sender: HPmwJPbm4VA2yBvuhms2AJ2qBAQQ5dCqcYSzfPCqEyoj
  Recipient: 4LBUPX7zfGzqdho666K4ueu9kipXkQFoCpNCYmQwdVmi
  Recipient associated token account: 3PHjXiUAavP4Tti7ocVfpjTWJYp1rcGzBipDwyszGENu
  Funding recipient: 3PHjXiUAavP4Tti7ocVfpjTWJYp1rcGzBipDwyszGENu (0.00203928 SOL)

Signature: 2QwmoaPUk2xcAYuDtp3p3sya2y6ZoFihBhEeqBEj2b2qWnauJFGeRG2rhURK1r8EDy5wYCFu2bnnxzadwpATpSAZ

Transfer 1 tokens
  Sender: FYs448dGqGXMrpp6sJLKoHzhmCopEU5zfkKkwNoBXH9Z
  Recipient: ASMejTJR2Fj19tQ5T4HAU1pYmW2fQJn4dqswCGVjWFnh
  Recipient associated token account: 7B61nt3jGTYHx52PCixY7ZZkUjpQ2xbfxyXV55rgMn14
  Funding recipient: 7B61nt3jGTYHx52PCixY7ZZkUjpQ2xbfxyXV55rgMn14 (0.00203928 SOL)

Signature: 3FepNnQCh6gVW4C7XPVtfgV9aPhTd9gtTLkDJx9wsgB3ov4mACey6KdBJobUJWCxuXpmhUyPSXqNvnkXNcFzJb1

