5uSmDhZZ7dhpdpWUKAzDoiteeQCe3ReoUHbZzKvFEVtz
F2xCJK7eLUJ173xRcBpwhNHCwGdkc8mv5CpyZ993FDJR
FqpC4nnEZ2SRWvoDyBEzjrzicCekKV2wZWC5uGhfuhYk
7Mg44QTorb5qUuSec894PrnWj2566yDJZahRKu7WEVgj
NoKqf6yhqTE4jtYGL8Pw7W7xP6TV6k6ywgeqPRBnwhD
5ssu1FQCAxLQZUbSnFXAuPn2eDaZBTWkc5QBChh2yxAa
hF57bqov6UrfrLybHm32BmoUiKMFN4Eo3Xi1YAeRZpi
HpcYvvyNRzva7uCvN1HRBUBrou4TW1i42oXYPkkXN6tU
HpvJssnfUR3tEwvSmWKYrcBFKuae4hpQ5JqjtLnju6M1
CgeQQY2g3ZKXSPBdTVa2sZ6Eet3456WfG7KmrTLRh6MF
4rKXwsNPoYsP1doRNc7HBeoGUFpR12LzNxurm76om7US
CoA6BbArzsu95PbJixBxNezZhgbJnEQN7JUsKW8matcu
5xGiZhSZgSH4K3nxRWB6vD74mxQ8Ty26oMbuGv7tubKP
EHaefxu6PgMXRw8VrraTFaCA8jnG4uKzPtRrCCzPBz4o
FjLV8aGW2uKPqu48RsRJsArHNA5qJZda489eYzxgqj9t
8XGaSpNJD2cq7dCZ3sUC5swg5TrHQ6LMEoGixkCN47rG
ERm8djghXKQqQ7ryzNZkyeQdSom2uUYSWr4HT5NEWpvJ
7P4Bb1pCMuYNveYhg2j445cmTRCEGp2eAAtBQUv7Jz89
DJ7Xh6mR3n22xphxwcypRwWXMZDKMoVkozpw4yYVmNgw
HFtUoTky5jW1gQrFtDNFNZu9Z8bUs9v8Auv4mqKJG5es
