Transfer 1 tokens
  Sender: CTURiMm3SoThVL5f9ArjSRvdvo1B3UsJ7B2Bnj2uTsab
  Recipient: GcseLAivg27HYig3e5LXku8hjonahv8LWEX5SFN7gCx
  Recipient associated token account: CvchuMPqY3dFqZKgXmpW9QxgVauAALuxMK3FNkGAbn2L
  Funding recipient: CvchuMPqY3dFqZKgXmpW9QxgVauAALuxMK3FNkGAbn2L (0.00203928 SOL)

Signature: 3KtQgKQssKogUHdVuEbqQL4xpwQLYxibXLDo8GHsMCiFoSApHnALXymkCiio1kpMk3EJ6AyHe7GxyYGrCt1n2fRF

Transfer 1 tokens
  Sender: 32YgbuG2HCrXnNHwJ9B9ou8BCpoYHZBWBzbEgpr3ekQv
  Recipient: QLcaPJEs5KtnHCfPUwQTAEbpKPRj1NkybpRiVNGZXXV
  Recipient associated token account: GUcCTEidST4fQ3f7Zvz2eVkrad8ffB2zTmSCDm2yy3eU
  Funding recipient: GUcCTEidST4fQ3f7Zvz2eVkrad8ffB2zTmSCDm2yy3eU (0.00203928 SOL)

Signature: 23uU16tTZbQ1xynCoBRCw8JaHfXnsTxuY91dDApgV7fmSZ98oHK2N98uA6ddzKf9Aniv4TVmdGudsLM2NTowiYYT

Transfer 1 tokens
  Sender: 7V52ZdTNbzXeBWhzLwrkPXKGVpXhkMFB1dbdnonmB9ze
  Recipient: 5vEyraHzZCP5yM5SMv4r1n8MGsSQeP5Mh1o6TXoWAvfk
  Recipient associated token account: 7F7fgTwiefkxvfS5KY2NtToLWz1wnUFm7wAXFjQ7NA9F
  Funding recipient: 7F7fgTwiefkxvfS5KY2NtToLWz1wnUFm7wAXFjQ7NA9F (0.00203928 SOL)

Signature: 2bgR3fNvYoMmugCSukeEzEWKqXztPEFQtR92NAsBB9sJomHR5GsktfvQLYoFZ9Sn1WeZDjuMjMewfhqUwmjhcxPM

Transfer 1 tokens
  Sender: 6XD8VorPYSPcXk1ZKhgnmsmERrtwpKPBo1xnhE8Y3F1
  Recipient: GX1Vmx4AecReyK1QxMMkWhqzgGmNs9HUVPQkaDBTDvkK
  Recipient associated token account: 4eX6Z4NprKPTrv7dRxQXg9ixRZqjRYDdQ7HJoYq6nvpm
  Funding recipient: 4eX6Z4NprKPTrv7dRxQXg9ixRZqjRYDdQ7HJoYq6nvpm (0.00203928 SOL)

Signature: TdHiUwXpPuLiXSxAKdiffFtU9YqoehRbbwsjJNYrAnff8H6YzPzhQgqUgLrc4831VahN9n3m9U8oRFSCwhkWjT2

Transfer 1 tokens
  Sender: C5VjXSzC22qApy9RWetvCbq5xvHgFqKbvb3dmpaRByLD
  Recipient: DbqiZ6wRAA7vU6k1dPFN5P6RWymSu6FRpaiyxEYUMPtw
  Recipient associated token account: CYeFbEqnavwCMPQyKWUdpqsbPKkCSCbthfaAJw3Cq1a3
  Funding recipient: CYeFbEqnavwCMPQyKWUdpqsbPKkCSCbthfaAJw3Cq1a3 (0.00203928 SOL)

Signature: 248EadQpW2B8FroGrykVEEy9VEGgLNNhKE2JSosvynkhw8tvZF7sS1owmSVi1CLGRGxZFC2AeobaJKgnD3HWKwQT

Transfer 1 tokens
  Sender: 5EqrQWsxmgKEKJkx5YXkFvC1o5S8TpbbUVT5t7sWpNc9
  Recipient: 3ooTnU4quRNztapYE5vVojHZSFqPeH2xnWC6mbbtAUSE
  Recipient associated token account: 6rZgte3TLMd4qybCXse3ZEPoczTE2wKuFB9nwTvKntuo
  Funding recipient: 6rZgte3TLMd4qybCXse3ZEPoczTE2wKuFB9nwTvKntuo (0.00203928 SOL)

Signature: 2WRjum26vtgugXPxjzJF4DKebw6T6AZNPkujkvxXzgHuSKrfEKDX9v3Wjbr8XzpabEDrSJPmbEpx1kadFtNhaAFG

Transfer 1 tokens
  Sender: D9cwXTWwT4DVa6E91tCzc9JwRuwUH6vZg7SgB1WdGbrL
  Recipient: 4k9aBR4iEG4VnZqZ8kuuPoh7NhAymsnAyr8UvyLuwwFG
  Recipient associated token account: EntyrVSMmdZ7NYueeYkei8LBnTDrRZm84niHyrhax61E
  Funding recipient: EntyrVSMmdZ7NYueeYkei8LBnTDrRZm84niHyrhax61E (0.00203928 SOL)

Signature: 5883jajmSbpXAPe8tLWrzLUToMFq81z5PcBvTQ1KiDzRyL2fx3cHsS58YGQgkGtroiukNzaPxwV5Hr2kp4ZwdZwJ

Transfer 1 tokens
  Sender: EhzGknNLKXviYDhL8cZH1qS2TyC4pGizfKLeYkGYXnV4
  Recipient: FxDsKXCVStxQZt7e9VikzLA3XGhxxPAhC5aGS3oermpB
  Recipient associated token account: HeEg3MChesuHJsQ6C6sGvQ7Z6PPguQQeDqiVcFPqrJdJ
  Funding recipient: HeEg3MChesuHJsQ6C6sGvQ7Z6PPguQQeDqiVcFPqrJdJ (0.00203928 SOL)

Signature: 3iKd6TJpTn2Jfk4VBq7WNqTfi4rpjvUMVw7JhAd6YmA8KV7w9otdF8EWP6Jg8DMf2jBPzsga1tP8zY6i5sftNfXo

Transfer 1 tokens
  Sender: 39YJQdBP3tKtcHi8ieXGawnJPNRcct9HW6ofdMHmDqeB
  Recipient: 8w8zNnvPHSoUJN2HJibCPvZePAtuPATo891ZzPEA4Yik
  Recipient associated token account: 947RZPeZmc588XYT3auCE1jPem1NtHWyKJMtoxfUzGvq
  Funding recipient: 947RZPeZmc588XYT3auCE1jPem1NtHWyKJMtoxfUzGvq (0.00203928 SOL)

Signature: 5CdvcHehHt3Ju3NYDohW46hvWVaoYjTawLx8eKuVo68PbTVbJJu2qs3CT2Grtykqike2aJ94HSNqDXrbcA7fY4Sy

Transfer 1 tokens
  Sender: 46iKLdUqBkSswq6DzvXNQZBL63Pta5835AzQNqZQsaTL
  Recipient: 6vPbtxmJmjzoQD8P72W2fqYbyHh9WNsDxLkUVq5eiYes
  Recipient associated token account: haWFhNLZZkdhy5sHRwFmRTRBYdvxWuddiTGtiBJufnU
  Funding recipient: haWFhNLZZkdhy5sHRwFmRTRBYdvxWuddiTGtiBJufnU (0.00203928 SOL)

Signature: 4TgLCgdf7pFv7VTP3RktZ18L8x1pPmErbZQU2HBjVFSadjDbo3T1Juuhc55GVDNtxUhYhNUGbi899Fd9bmae2aKq

Transfer 1 tokens
  Sender: 4HW2bxuSRcs389uQHY1mFcaV8iSXSjV86xZL2qtJpBSw
  Recipient: GyrzWsvsPYmnJ2ZSpxu6tJvFZR3q2jixuCgBJsdtm9kA
  Recipient associated token account: 43w9uSZeMwFmwDidewdDVQhDUbWWmVNnbrZKZCrjcm7m
  Funding recipient: 43w9uSZeMwFmwDidewdDVQhDUbWWmVNnbrZKZCrjcm7m (0.00203928 SOL)
Transfer 1 tokens
  Sender: 9CjbNFQqP74Y2gF5rqpdc1ffYahjVCXNiz2cvmgRJt3w
  Recipient: AqYdhTnwzkWtcNvAeGmWwtEmyALUx3gXaRheykSL4Nd6
  Recipient associated token account: CUR2GZoQTqKwovJNfNNbpw9nFwqa7ta8uuMUn8QJs7y7
  Funding recipient: CUR2GZoQTqKwovJNfNNbpw9nFwqa7ta8uuMUn8QJs7y7 (0.00203928 SOL)

Signature: 2LyYQ2EVupvRjCeeR3EH3ZDbP1H2EsNhcCiBNrDCExioTJDXgWAW4zXzPZ4c8NqWM1HVSZBzNC5L3cP2Nej5vurK

Transfer 1 tokens
  Sender: 3bfB7mi3yezKHEPRoSrVmbdrVy5WdkZY28bDN2P7CY3Y
  Recipient: 3pC2UUu4yGzxUT5SfM8AqmRviFFhVso3Gew24yB5gAUr
  Recipient associated token account: BK2U5Mcz3V82f18qumgPVbzT5vzYmGbUZ99QJjN2dSin
  Funding recipient: BK2U5Mcz3V82f18qumgPVbzT5vzYmGbUZ99QJjN2dSin (0.00203928 SOL)

Signature: 3kypBetg6j9MNwU6jN6Px89Fpd8SfWygn6xhE5LRa7zUfKrvjKjGt38vZLr2hqzoFwuRuvsAHNLHieiqYtuLcEHg

Transfer 1 tokens
  Sender: 8VHTpimsuxkMhvELWzCBYxY68AfG3LDm1JKA8BcB4uHr
  Recipient: 6aVxAU2nNjSUmDkSy5zgavKcZNKGov3xhi6tUPLnULLp
  Recipient associated token account: FpSR9996w1hSH7kiprpgSd5UfaVUtU3tvDYH8AuLigSW
  Funding recipient: FpSR9996w1hSH7kiprpgSd5UfaVUtU3tvDYH8AuLigSW (0.00203928 SOL)

Signature: 4UMqEFsUJN63sVvJR7Piei6xJLnUa9gQBGjMAjadQRh6dRm92pqT53UQdCEbna2uyeU2PPp6qa4cTZKob5VQNtMP

Transfer 1 tokens
  Sender: Dyo6VayHYHamHnbHQWJN82MbAfpVcTFQqcUNsWTNmRqs
  Recipient: 7tMyU22ViPrhY14fy31bSmTsQK6rwc9q3Zbq2u5RkZis
  Recipient associated token account: 2BHA9jJEmJND5LcGcZXEDPA8Q5yZ15GJfdW8yGoVHSCj
  Funding recipient: 2BHA9jJEmJND5LcGcZXEDPA8Q5yZ15GJfdW8yGoVHSCj (0.00203928 SOL)

Signature: 41LBDmYsWzroxyMCyRyAtweuwnyV6ycLYN6yfUtpZ4s9KMGL6RrrTF7DWo3k87Sw2C8s1ZGuKrrQ1BJ4V7tXt98X

Transfer 1 tokens
  Sender: 7HuCzTAHXRXnxPo5KEQNrcKYN5YkNCmsi58C153PVjPA
  Recipient: 8eqvPBG3bHFpRfHCxKi7UBPcxUopXyhDMEH9r3Fg9QcX
  Recipient associated token account: 2DEvnRwprK97G5vvLiMB1KafLxw5aABZFmfppTd7L6uU
  Funding recipient: 2DEvnRwprK97G5vvLiMB1KafLxw5aABZFmfppTd7L6uU (0.00203928 SOL)

Signature: 3qzSfp6kNegbm2nrG4tstMfGK8YLBdRPh78m7xDQUZAfj4sp1oRgbwJJdNR6pPMHFVtSU36kQ1LzGhGavhcXPafW

Transfer 1 tokens
  Sender: EpNBGiDuUGxfWop1X8T15bNqeKFrivkxq8ch4ySLis4H
  Recipient: Ds3K3EPVc7rL1ekBNF5JwUCDmu2iYdWzV9izvaUzRM1L
  Recipient associated token account: Uj5DZRGugsEVdnK1BvKPHJM9WfzuBADjdsnmX1CBtp3
  Funding recipient: Uj5DZRGugsEVdnK1BvKPHJM9WfzuBADjdsnmX1CBtp3 (0.00203928 SOL)

Signature: 4G5AoyNASZhPw8xwhW8R9yoC8poZnm9Gw5nzHs24rTWQnhsoenjZmBskDiuh3pnR3LVutQ4Vnv9fzE2pbWR8ey8T

Transfer 1 tokens
  Sender: 6Rrqe6owDRn7rQtaQ7UVuqxapTXDXKoh3k6UtTTYmjzG
  Recipient: 72GAVS85vyaRypoQavWSZ18sjoNWyQscnXx7J9BMupQS
  Recipient associated token account: BGi1MoXXxeruKTYFEwPrndnzZ4jFJnM2cRR7hfYYrVeX
  Funding recipient: BGi1MoXXxeruKTYFEwPrndnzZ4jFJnM2cRR7hfYYrVeX (0.00203928 SOL)

Signature: 5Ft8qgowuGTfL65YSJsoLKUSVvFCoq3DtEuaYZaPDrjsbR8kGBTNbdGpQzfXqGcsr7Njw4nHM9zz96r7k6NBbhac

Transfer 1 tokens
  Sender: jXzTJarZBH4v9hFVMcEuJ9YdhNekuodUZohiHjdsbai
  Recipient: 6cxR31FgTSxgnnS2cdsjhpbzyzYhpdJVTrxdHmnM3uBw
  Recipient associated token account: 5WvmJErfCEmWkJrRVthnQE5BcVqpPtL5agBSjpYqKGSP
  Funding recipient: 5WvmJErfCEmWkJrRVthnQE5BcVqpPtL5agBSjpYqKGSP (0.00203928 SOL)

Signature: 5AecJ7A2ru3nupm4ZpUoKgBJes7TU2Q5gt4o2Pc4RAw9crpEGBwRoYAaRr4yCQtGhzo3sruAjQEyTSbPXqZWiARb

Transfer 1 tokens
  Sender: 64eGHdcFQHYSec1guBfgPe31ktwmNXjmgA2m2yda91R1
  Recipient: 6d5tBL8nxsCBFrUwEkEmUp88njDLFUB7RDQ2u9UugGvU
  Recipient associated token account: CcMWBTqjhPMJoSouZW4NUBZjC4vzCf6V4KGRHEFWNm8T
  Funding recipient: CcMWBTqjhPMJoSouZW4NUBZjC4vzCf6V4KGRHEFWNm8T (0.00203928 SOL)

Signature: 5fBCUBSQhRkvThDFvji9YmtYVsD3rBBXPTLm2MsC1aB4SSq2gnVEFLERQFdku3Kwwu1R2J7gYwK527NVzUmeTNz8

Transfer 1 tokens
  Sender: HWEsTYCTHuLqFm2BSaH8wY2VrGoZL9Qsya78fws1tP85
  Recipient: 9Z9Z5SauStsWfVrb6QPHWxay8BJLGuNgdU4SwisTURCX
  Recipient associated token account: HtuRC76g9BhB4aukGFirWYqtGrJmepJn6ZKywxneTr3n
  Funding recipient: HtuRC76g9BhB4aukGFirWYqtGrJmepJn6ZKywxneTr3n (0.00203928 SOL)

Signature: 3yGkKo2pUN2PuUnfUDrHwALBLTQ5TquxwjC1T7T7xhy7URMgmg2TYijb8jgEYANEdyFJ4LLpjkJqH2axS7UbeWPx

Transfer 1 tokens
  Sender: AcjsjRzaHC3PDt4WEL9ZAL4quuYEnXEoPgoyBB5ay2EV
  Recipient: J9m2bijKqXbvqX5jPu6Xx5m5mUKqeChzUVBHMXrQ3V3t
  Recipient associated token account: 8Ug8hwC7S7Y7AjZyNyD5hiCULA8zXyMz6vv1wTVLxwWX
  Funding recipient: 8Ug8hwC7S7Y7AjZyNyD5hiCULA8zXyMz6vv1wTVLxwWX (0.00203928 SOL)

Signature: 3K39n1rX5dZAQmPM1sDAQw2zeaz7LYgj1wPx4HGMv6HzKZiroNcqtrfzhm5StWzyFnGyDw5DEMi6uVccf7hwWFWK

Transfer 1 tokens
  Sender: FC69RkL7zxMb21VRD2AqVti2r2T6n8MSiJ4oK5dA3izy
  Recipient: HZKdRj9EjbnUBGGdHHf5dLYgmJokJ2MkMkAhpxGyE42e
  Recipient associated token account: GegfvT2j5e4BMcbiSqHiuEwz9dCv3z1tEjR35Mu1BLJ1
  Funding recipient: GegfvT2j5e4BMcbiSqHiuEwz9dCv3z1tEjR35Mu1BLJ1 (0.00203928 SOL)

Signature: wSWrYX8BkC5YFJmdq6yxwsS54RwtHw5Gp3rFE3k57HkzKKfqgfV6d5HDWDhTAiRkNGHnismUZsb2FLoHwnMvhKe

Transfer 1 tokens
  Sender: 13LgFZCbYEGxzBEutxZZ7ATpUuZRGCTCZXtRYcQzdXbS
  Recipient: BVFTQzEas8kMPkcugksaTTuLnQJ8ESxtLryk4ngdyvjU
  Recipient associated token account: Dx37UAkZo7wniqfdssonaNK8i8cMAbKM4LkVixronrX7
  Funding recipient: Dx37UAkZo7wniqfdssonaNK8i8cMAbKM4LkVixronrX7 (0.00203928 SOL)

Signature: 32YammtBNMSLQm9JfufyLywqhu7SnpTxderRdSwa7viEPZ3xRPCNeqzAHU6oPdDL6jnvWqgHrL7xTswwPqVQB1oR

Transfer 1 tokens
  Sender: 5h5o29S2SpPjjTcpc5CcjhsbHv7NNiykyvCJDcFXDZcD
  Recipient: TR35CrNbMe6uyCyPBwgBy3Qpx6r8L5RrYC3v4rEpuuF
  Recipient associated token account: BMtP2ZZc3dkkeNBCosiWjAsCtauwS4omxazV6sEq8KNi
  Funding recipient: BMtP2ZZc3dkkeNBCosiWjAsCtauwS4omxazV6sEq8KNi (0.00203928 SOL)

Signature: 3mrBWcMUc2ErkZajcupuJtKX8GDNfctWBJ5kn9dpb5BoJ9apqy464k3VRNbLijJPVhdA1TXt3mWtD1BYuRMEpV7Q

Transfer 1 tokens
  Sender: Fs82uqNpRd2nuoyFv8StNPGV813ornkkEUgaondLAMqc
  Recipient: AkdfJa5NmE1pQt3Ai7DpgDg8kryN5qTZirp6LQcpen6R
  Recipient associated token account: 6jb9WMxCcvLLLR57kD1n3nSAmMJQdgcP94HREVcAYkg7
  Funding recipient: 6jb9WMxCcvLLLR57kD1n3nSAmMJQdgcP94HREVcAYkg7 (0.00203928 SOL)

Signature: 2xZWbH2h4L1oCy7Jm6uRZ2z6bkjdsmgsSnQ8QaeqTdgqhFu7eWgNP5WBeQttPxNoXbhwX7Eqc8V2QGCuYjrvokJ3

Transfer 1 tokens
  Sender: 41oCWoVSyQP8B4TwPwVxVnvuNqUnjqCbAdhZNPg9qKBK
  Recipient: G1ahFCQP6AQeFQ1mM1YHa8C2cVcggJkcvQk9nAQ98gbm
  Recipient associated token account: 7APUyEt1SM64vghwEdoimqnt657XaEiznc3PCwT56PT8
  Funding recipient: 7APUyEt1SM64vghwEdoimqnt657XaEiznc3PCwT56PT8 (0.00203928 SOL)

Signature: 2kjogRzAuqzpxnbEE2bduPtqQtAghdXD6c16Pns8pc4C4vSNBfmNNY6WNu1jJMcDNHhWbZJh7XUnD3JnqHZ5FB1x

Transfer 1 tokens
  Sender: 2YrAjExFRMz6FoGReiCLCvTWMpR5ghJqzvvuss8bgZje
  Recipient: 338TV8SbEL34XUxm4LVtMdpRcdhQ8BW2mvsUgen3AbKt
  Recipient associated token account: Gf1HvLbnHUWg1ejF4AgNfLLqHFy6oQje4MTVQRswbfWQ
  Funding recipient: Gf1HvLbnHUWg1ejF4AgNfLLqHFy6oQje4MTVQRswbfWQ (0.00203928 SOL)

Signature: 42XMRfj54aR3Wpbw3bHFuFcJbp1nPnUEYYcLbcFwCm1Hy2eYQmWF2otJTeBUyEFfHZS3k5YMfvh9T8JRgvKZXrLZ

Transfer 1 tokens
  Sender: BnJ5SSpENhTc9q9eh5L3731nBZmCCLZQRnhxCyFTZkhY
  Recipient: 7nnhxKDzKy4LHEqbgiUB81TE5U4hbK6yhepXun7eGAWU
  Recipient associated token account: BAMsvKeztF8Jmf2JufnhWahGXm5L9A5RwjKZAYjqBqkd
  Funding recipient: BAMsvKeztF8Jmf2JufnhWahGXm5L9A5RwjKZAYjqBqkd (0.00203928 SOL)

Signature: 8mQiS426tuMRqyqekPWzQPGMTV3KAMQsmodjUjwrcxNSqRJfRcsm6k3tB52vMYwXR8fY5vmXJfy5xJZAgFhkjkb

Transfer 1 tokens
  Sender: DFYjpuwrwZ9bbAkUcbns3uuMQAiqjNa5xYN2f8bf6Dnr
  Recipient: RTY7RjhPpDabh6ky8mQudWxWH9XLZLCRPAj2CqRN21r
  Recipient associated token account: 8mYkyeoqfv7QH3iVM6Nfvs9RyY1Xrzqkq7LYR9Ct4MQv
  Funding recipient: 8mYkyeoqfv7QH3iVM6Nfvs9RyY1Xrzqkq7LYR9Ct4MQv (0.00203928 SOL)

Signature: 36mY9pBJyK4G1dfEctfeu3fsArQD5ibiGdc5CrU4riuPL8jGSjVGQXMj3wW2q9GBLLg4Ar3c8Ec8vXqDNhnqEt6G

Transfer 1 tokens
  Sender: EKcHfz5QnT5yLa5mC1pjPy2PDMFaVE9TuFqVCiDY3scN
  Recipient: AvH597tWjVs1Lvt4Qtq2jVCrA5bQ5XWpkWEPBh65h271
  Recipient associated token account: 7KgKaj7KE3noXCWfwTacvKZxby5tTtUN5efAhqopz4dU
  Funding recipient: 7KgKaj7KE3noXCWfwTacvKZxby5tTtUN5efAhqopz4dU (0.00203928 SOL)

Signature: 5snyoktVqJkTYGMRLU6gQrFfERhCvkWM1DKx8qm7SdWoXM9BxbLhR1WLJdYkaMnNM5d1G16rCvZECuzeqyerCNAT

Transfer 1 tokens
  Sender: D5EhtCRoPaB3o8cBSwQWYYwUJXiNp1bqMFnDqGftiFYT
  Recipient: CsF45Cg39iwxvwG6ts3XQDqrRYa29vzW9vJKroHQgSvS
  Recipient associated token account: 2qTkJ3ELHLHUjz8f4P3ZpzQWi5geyANhxiLwovm6V3gn
  Funding recipient: 2qTkJ3ELHLHUjz8f4P3ZpzQWi5geyANhxiLwovm6V3gn (0.00203928 SOL)

Signature: MAofGRW2DVevd3SWUfng7ozuyrW16egdsZSvDTK1gXwXFePKdd2iAXQhPbCx45DUPy5nfpkubUmXop4yQfuh5GM

Transfer 1 tokens
  Sender: AF3tgwt1ioPnyMreSPmtW3aHM6HX6ETqXRiEDtX287ju
  Recipient: 781GzKc6aZPcheyEhmeziGWNgJBhePtVnsRsSCvrvWTC
  Recipient associated token account: EThTHhqZdqDDihT1rpwqZxM6JYtHQiNXprkxspPfiijM
  Funding recipient: EThTHhqZdqDDihT1rpwqZxM6JYtHQiNXprkxspPfiijM (0.00203928 SOL)

Signature: PqUPKyjk8tGh8KEiq492JVo9fy1o2stvp1hN51bMihNvid2cCcoCNViHu7zAPnugpWiyDgHcZWzEtT5qXmyqmuN

Transfer 1 tokens
  Sender: 64rHAWE2sNQim6JQT2zQU6uSQMMRRvtzx1VcUffXhnFv
  Recipient: BUBhMdcup5mnbweZgbKb6GDFkyM1r4zov19i771KfrH8
  Recipient associated token account: 9wNa4kTQqF9V1xq9jTDthHWeLmbgR9rSJc9RiVHHqbXn
  Funding recipient: 9wNa4kTQqF9V1xq9jTDthHWeLmbgR9rSJc9RiVHHqbXn (0.00203928 SOL)

Signature: 3iqyLGUyBZ5R2G22udShuTFVoX6axifbt1zs51eJjkk5ziQ2wxtKJrj733T3KuuqreQHnDe58aWgfkgRBrRrLLmb

Transfer 1 tokens
  Sender: DMniAHrxLtrhdLD3gtqwysALRrWSWnuU5WmAX2k7Kjbu
  Recipient: 6Y7HG1cWWhgS1jiagpi5YQQLsmvuGsUTyt6ETcuERX3t
  Recipient associated token account: 9x7YTiDayzeo5KWkNem6ovjKcYLBUEEhhwvtkUb3HnPD
  Funding recipient: 9x7YTiDayzeo5KWkNem6ovjKcYLBUEEhhwvtkUb3HnPD (0.00203928 SOL)

Signature: 4SgMeT3Y8duEh2k6p71B6mdStfd4hFRzPi8pxNGxx4My9G8D9CKVsCQgTQAKi11ViH6E9v7qKqh4mbukEZ2A4AjQ

Transfer 1 tokens
  Sender: 4b1xmihFzkwM5YrrMQWDXHByBXsWa22gydRUBCf8uD4R
  Recipient: 9o1ExiHt1XPsV5LEMKJtzBMKmpv189yLp27865vEL7Ux
  Recipient associated token account: DexwjpECbmbxz86AHL8R6tgbrRn2G8zaq2mnRAvBHDnu
  Funding recipient: DexwjpECbmbxz86AHL8R6tgbrRn2G8zaq2mnRAvBHDnu (0.00203928 SOL)

Signature: 3E37RLYsQMHomrq3XKko3GrktvkENxBhKs5kvzGDbx5XxqE2C76eAMm5BZEfZfYNrJm3yxPqqLVHFQj66E49epoN

Transfer 1 tokens
  Sender: DhbTf3c5HdtT6z7yirQVu3p3L3dtVMo4t8e8sjPsKnda
  Recipient: HixKvMRNaapShj3v1J96jLMtZuo7wNwtGAi4c1Q5rJV3
  Recipient associated token account: FuPyhtU36kSewUm6Xm9kJcm5hJGwVZssRNQPYFMwqW8m
  Funding recipient: FuPyhtU36kSewUm6Xm9kJcm5hJGwVZssRNQPYFMwqW8m (0.00203928 SOL)

Signature: 4suXd4vaHhgbRVqUg9PU8Jr2v4wmojbYWGyb4wfivWHJESp8dYCy2WAGN5K9NDFayPjKKvpcsT3j848TBmJt7SyF

Transfer 1 tokens
  Sender: 5TKgmu7t7XSbgvrq85YQzsEQMxHjgcDUEpaMHwBdcteC
  Recipient: 7iGCFYLUJczcHwpUnCCK5QFBCvYwznnj82RoYQQnWu6d
  Recipient associated token account: DGLZtyLmyvWXpwmhFwdeMksBSDHdTySFVipuJE3yNiYB
  Funding recipient: DGLZtyLmyvWXpwmhFwdeMksBSDHdTySFVipuJE3yNiYB (0.00203928 SOL)

Signature: 2FwK5ircaJwByNZUviaEisuKWTVfGqRzfcG87U7kPXabxr5WpsyDobsb8xMPR4nTUYgWgm3GFs9hX2P2jFEXnN3H

Transfer 1 tokens
  Sender: 3sFxvEvREfoKskB9fZbEZYxKXaFCgn3AatsLss3Bhqm9
  Recipient: 6CynYkThMB9r1b7aWoJeP1UGhq9CyFTxt78gQgtgZCU1
  Recipient associated token account: 9zmCxCKHxjygkLBdPeMzer1y2QRUM3k7ZpVqeH7FeySo
  Funding recipient: 9zmCxCKHxjygkLBdPeMzer1y2QRUM3k7ZpVqeH7FeySo (0.00203928 SOL)

Signature: 3XEYoTgQAMxoL4L2C1cDjEmTAbFrhaehHhgyaeF1H4DfGNwMyVC3aSTTUzhbSCxm7xTe2y5qhkspxcGr7Y7aH6nP

Transfer 1 tokens
  Sender: ukRaro42VH3dBhzU4wrumjxzAhHDwmuxqDDKT6ca5gn
  Recipient: 961La22VGQ67stUvUMWpRhp3dRma8vPvTkySkSspVYiD
  Recipient associated token account: 6TW1kVsQFx7HKLkt7FdEWwLhc46MySs7ww6HZAbQkgm
  Funding recipient: 6TW1kVsQFx7HKLkt7FdEWwLhc46MySs7ww6HZAbQkgm (0.00203928 SOL)

Signature: 3Uyu9d7b45r8vcyoc7zrhwRzr54CE7uEbNFpoLgfFtKfqfQ7JiGCkAH8g4h3Bhshdw8yyJHbXneutnLDEAUY48Td

Transfer 1 tokens
  Sender: 7Q4v2KpKPr1joNZaVrgqapigQUK7VERpXhFqStUfSemQ
  Recipient: EuRZctGgW49y8R9CJdBcicdtV2xHrEDcXGkBoQPbazBQ
  Recipient associated token account: FxUnjB4M3HckdtksdC3sWgfA321wSt5iH2yYcrLsSstg
  Funding recipient: FxUnjB4M3HckdtksdC3sWgfA321wSt5iH2yYcrLsSstg (0.00203928 SOL)

Signature: 5g9LTBYRKZfAyQy9oJNCBZ1KqY3UkPyYngNCaNUBMQkU9tPVcdLvqKDEVPYSpDhf8HucxgZUNxpjshLXFgrUN27w

Transfer 1 tokens
  Sender: 2gps7UY9pNojtLCNE2AYkAw34DZ156136Wpk3HmHCKPd
  Recipient: CUjPQDJn7kK4Wtgg1L43Y6eRxJWrfLsxojhXub5UKWoW
  Recipient associated token account: CZsnNe6hQxFSdD3vdhFMo3SnuDwVPRgiVqRdtCVjwfYK
  Funding recipient: CZsnNe6hQxFSdD3vdhFMo3SnuDwVPRgiVqRdtCVjwfYK (0.00203928 SOL)

Signature: 5eQGsJMp1tUXst1xuhfCPhnWRXVffCKS5Qf68RKwgj2fmaJL8hEQhTeU5TF4psx48F2vdXkY3SCHP6Qm6oibes38

Transfer 1 tokens
  Sender: YLLxcznPQpvN9mzirK7pfnrXtrDPL3quAucwWMQSrBm
  Recipient: APbnaMh5jXT91pevLBenckSwNjEdnXCxvnpyUt3W8iZx
  Recipient associated token account: CxG5JB6CwnvEk9fEFMtSGCz9sG5wb8gvvspvXHy5izE2
  Funding recipient: CxG5JB6CwnvEk9fEFMtSGCz9sG5wb8gvvspvXHy5izE2 (0.00203928 SOL)

Signature: 3QV8JavCZKcMT66a1xHBtS6ZzgLs7yCChBgoqciTP8ZqRusz7MH88md6kmQHEZx6MXyTN4747MVMbEbnEWV4UKJ1

Transfer 1 tokens
  Sender: 2maibodTBrUxin5yDqyBRZHhj5jrqR4816zha78FfpBH
  Recipient: HCHbmzniCWVBFMNA6sZJrdb9BN52oaWT9JQhvND274Bh
  Recipient associated token account: EMx5Sr8iE9gDVfC5hYP18LCFHif3ikaGsdAoZtgxYqEt
  Funding recipient: EMx5Sr8iE9gDVfC5hYP18LCFHif3ikaGsdAoZtgxYqEt (0.00203928 SOL)

Signature: 2wa3QENfum2nZYE98RqANbvSJ7mi2JCGdDHXbsR6jrW16StfJsscZCmJFHkbCNRPMRg5PpnpM9tqdgVNVhe1eWXz

Transfer 1 tokens
  Sender: EbcMoMM76r6etmRpPPB7a3s8XBjmhFJPED1ZuBMwyMc8
  Recipient: 9KJbbRm5qjnWBNZNv3Mhk2hEFqqDAYcCHuUPxnG7W64g
  Recipient associated token account: Y63b6agWNX19tXCXiKkKpybA9wjvzEzo1tkB38m5X2f
  Funding recipient: Y63b6agWNX19tXCXiKkKpybA9wjvzEzo1tkB38m5X2f (0.00203928 SOL)

Signature: 4GUt2Y7VRVj1fewVs9GjK1pMt4WESG2ZcRS6ZZHMp2YjwmwFgD11EJSPzxe4omsKpZxM88d2549SeuEEhjU2XczM

Transfer 1 tokens
  Sender: 7hx8N7K8hZk5Wqr6zr4bUn2jgFcUvqoGAw41reH4bx1A
  Recipient: J7EmdNW1pPQrcmTUqHpWJDRmDw59tY6uwy8JksTqF1xE
  Recipient associated token account: EfkddPKWAba6Em5yQQx2uy3Xb3YqsRSLdjNHaBmukMdX
  Funding recipient: EfkddPKWAba6Em5yQQx2uy3Xb3YqsRSLdjNHaBmukMdX (0.00203928 SOL)

Signature: 5cMSwVuBmnJ1f1myVkd3PMWfRF7QEYJHwrB4yyHWsgoFjhSsDiTWkjyMgmqb7jLUd5LC6RMtCrbbVkssMZJbwHRb

Transfer 1 tokens
  Sender: 69rHPdtd6RBv7kvLWgjtxpE4uzLhZ6kFuvagVZNJX4es
  Recipient: DfzrVBck73vZAXDwerPC5sd4ZTCwZXfewFHjZWz8mjE9
  Recipient associated token account: Em63F3JoTcCryZQ53PmEf8BScTiKaSYKqHh8bPbwqu26
  Funding recipient: Em63F3JoTcCryZQ53PmEf8BScTiKaSYKqHh8bPbwqu26 (0.00203928 SOL)

Signature: 52END3KEtdnK7MRXA7Sbz2hXej79Y1BKvN21wB6hTZgGTh2Ju9wkdWHq19WsSAXpby8XRgwNwrF7s8hfEmoAkYzy

Transfer 1 tokens
  Sender: AhUxRweU1zVCRgUPu4zzQYN2ksLUPNKn46EzTBQb5qNw
  Recipient: 7tMyU22ViPrhY14fy31bSmTsQK6rwc9q3Zbq2u5RkZis
  Recipient associated token account: 7PAVSouSEofzgJtahymZjUtUh944bYbVSvjmSkdEHfxn
  Funding recipient: 7PAVSouSEofzgJtahymZjUtUh944bYbVSvjmSkdEHfxn (0.00203928 SOL)

Signature: 3U45ZNXkeiEhqD16cytuiZQ9qQe2U4xUGAaZdVEZ8rCgcJpsJVqJP28zzZffwthR8qhpdUbBq723DdTPPugYSt8J

Transfer 1 tokens
  Sender: E3E9tM5DmhzN2bkMCtVjJ7xMrSfhRAsxFwfcKEDKuakz
  Recipient: Y1iUozoALJ7qc3kmJCCCdoNBHnp345TnPyBRfVHBeme
  Recipient associated token account: 35etDZdVEhQWk6FQxMdFqabnnW3TjYzKyGpzscGmGCTS
  Funding recipient: 35etDZdVEhQWk6FQxMdFqabnnW3TjYzKyGpzscGmGCTS (0.00203928 SOL)

Signature: 35KspKqFCPtMGXL583z2GBx4paEXAuT6GQbrew5m92QyB7CYKegfPXxgyT9C5zhdnPvBFJpDq6Mwd7PREhXWKTiv

Transfer 1 tokens
  Sender: 73yNmRd927YBfVYi5VYzfmQ8LnRoicorVPssEmFULwML
  Recipient: 5updUQS1RxJZyPFRyJMmVq7vYZnNZTnPUUftoorgyrZc
  Recipient associated token account: 8xW3sS22mdE7uTPGayesMbNEy2NVUqBtY4Nc4gdMvTVJ
  Funding recipient: 8xW3sS22mdE7uTPGayesMbNEy2NVUqBtY4Nc4gdMvTVJ (0.00203928 SOL)

Signature: 4ZNp43BM4VJvKXsVdRykwViVK6tikDhspWgxBmgNS32QCq5TR6SaZQ4Mqz8btdv6e1vaM5SPkFun3RtB54abDBUf

Transfer 1 tokens
  Sender: 3KhxJAhhwe9BkFVAmLXCun5uti56b4pU1WtMzcNzKAvJ
  Recipient: 5BLyNW5zDfahBpoPp9JYqXTRWxJEm9j4FVFWLKxAXEDg
  Recipient associated token account: 8iajaTtUZwg7Eb38NWoad7KX8LpfB4znmAF6JnG5x1qB
  Funding recipient: 8iajaTtUZwg7Eb38NWoad7KX8LpfB4znmAF6JnG5x1qB (0.00203928 SOL)

Signature: 2siaWpbCUNp9pfywdnanWzY6TqbrfuJTmcpgwrznGTSMywcTKQX5bdKFGafZhJqEUaSyT6y83t54kFxsYa3aoRV9

Transfer 1 tokens
  Sender: 6TautC96D1AvHJwiFQnhy35UNB45G6sLc55TPGhSzdXp
  Recipient: DT4AzfL7pSWtrZHje9mjVwaT43pkzdN3SbTaziTRkW9X
  Recipient associated token account: EEVx4L8qvSfceoFKDT1pF5nQFaKJcsN7F2pVWtmHPwcR
  Funding recipient: EEVx4L8qvSfceoFKDT1pF5nQFaKJcsN7F2pVWtmHPwcR (0.00203928 SOL)

Signature: Q22V1UBcjSHmue2jMkvHTibquUbvZ24emofm3DWvyFTwRfBcq6hgMoc7hEMNZjiNDLa31tmMr7CsvbjN7NFFxci

Transfer 1 tokens
  Sender: HccMd52qK8MSBiLWRrh7rUYXDvhvvyKVBPAPdnP7Aw2a
  Recipient: 5xharzoJ48TqkYJ9tDS1DxorYHnzYxvYmpT8sr3kn4kD
  Recipient associated token account: gdeDj3ZZdX6o1UepCGW4ViVhV9MaYSawWHGtEShwFNh
  Funding recipient: gdeDj3ZZdX6o1UepCGW4ViVhV9MaYSawWHGtEShwFNh (0.00203928 SOL)

Signature: TEGKmm9gZaiA4jfVhwDSZ3GXKm8TS6DcWctGGxQgV8LW88SFu2eV7n1FkyVTpxj36WwYPuPQokMjnPTSY3ftHTD

Transfer 1 tokens
  Sender: BTRBRVy1jYaC5W6nyxzFJbxupYUsrTP2NA29Z7yNPPTc
  Recipient: AhAWeSC2k3a4Peh8qPu42Ujh98Uh22zMy8vkst1dVRXM
  Recipient associated token account: Bs6F3acoz6ppEt55jRvqTA1VoHmUkD2SSQjmJwkqgHiX
  Funding recipient: Bs6F3acoz6ppEt55jRvqTA1VoHmUkD2SSQjmJwkqgHiX (0.00203928 SOL)

Signature: 2tdPkrPddqQxFpAvJdXbW6Ye3SYzNCRvFcYdA2XmzbYMrr4uiVMhuwsyBp8jDmX9T5exc5Pvqfw6tyWLs9eNVv8j

Transfer 1 tokens
  Sender: Fa9KHqzpQfvskf5zQc3HqN3mNUoR6oiujrXFxEfU95Z4
  Recipient: 9fahkUnGgcy9fFpp7oQxHY2DWFzpZcrKYs29sk3sGrcv
  Recipient associated token account: 58dMKutFNmdpEL2Z4YHbG9Cdmq5hxC6jsS8CobtYPe9L
  Funding recipient: 58dMKutFNmdpEL2Z4YHbG9Cdmq5hxC6jsS8CobtYPe9L (0.00203928 SOL)

Signature: 5U6ESok3ei4ACgkGUwPhAScsJjg3r2WMHhx3d1JtnMC2UHXKYDKfA1adeKmgKMLpZ6qcxFzoLYya59Fg3gXFUYmc

Transfer 1 tokens
  Sender: Am68TgX6p9euoL8sjdSYaSnKKhxsoKt1kcDGz3BUQ2kY
  Recipient: 8eeWesjTSLG6Hdy6GV8bwjrBCEnwY15LWTkyHtGtsUB3
  Recipient associated token account: 91U17C8JAPD7rM75v5tKQFf8trxRJMeokqKkKsHNyYXJ
  Funding recipient: 91U17C8JAPD7rM75v5tKQFf8trxRJMeokqKkKsHNyYXJ (0.00203928 SOL)

Signature: 4CraDqARPe7fS5AGaDmXm5HEmkydLVWzEWZVmYgDkY3yA9imgJsdvBoSoHTQqAmey2hZjKYQSfbRiengdz9fqAai

Transfer 1 tokens
  Sender: HQ4DeWNDbT7AUcgpV8niZ9GNijficT4LzhkWxEwEPZv9
  Recipient: DCTeYphaDsdFWZ61JXusR3dwLqKWkYgCjkxZSQvPzRuK
  Recipient associated token account: 6Bg4BrXmwQFvAhS3CMgPjejDYqnjEDrEwEXkojSM3467
  Funding recipient: 6Bg4BrXmwQFvAhS3CMgPjejDYqnjEDrEwEXkojSM3467 (0.00203928 SOL)

Signature: 5JUJUtVKNDKvNtyPb8QehhfPDBK4xpDXUJuhNo34sgzkcFUP9gwED3LtEoNSEhBp1c7HN7Cs59ZETUhDyZVqZbDA

Transfer 1 tokens
  Sender: 8LecKTzMReS3S4STjVUUcSJsT9GQqL9UmbEqero9S18e
  Recipient: J8gN62oYWN5JYY33iKQmx5LXGqX5wZZJ8CReNkQMCXSQ
  Recipient associated token account: FF3DRxhngkuowbKsgyWttmEJiVm9QaRyvgKJkJ1s61Go
  Funding recipient: FF3DRxhngkuowbKsgyWttmEJiVm9QaRyvgKJkJ1s61Go (0.00203928 SOL)

Signature: 5E88HbqdJ96eFvhmwc7SzX3xx1oJxoPJJ6rvyreR2zvEUnq42WVeg4nQLcQiTgBjVvR3mjDEpstKPgpUZ7qBtVEE

Transfer 1 tokens
  Sender: yaBiMduWRu5Ps16mTvRYVAKqfbBKsqVV34iDF8D1HYt
  Recipient: 3bSvTse4nx9Y5zTazhr4BY3RTFUjcnUrechQ2whhsBFC
  Recipient associated token account: 4cKkPjuhLnWKy19o9tBPUYvVve94cGuE73NVfPKJ5af2
  Funding recipient: 4cKkPjuhLnWKy19o9tBPUYvVve94cGuE73NVfPKJ5af2 (0.00203928 SOL)

Signature: 3TBkTcCUYbCKfSQUthfgckCsgvUh9kBqP1kXRyodK79faPX8k28Cuhje6r7iLxjDSmmWB1nuspw4nAo8eGXcCq2d

Transfer 1 tokens
  Sender: 9e7zHSzmaypKn4X8fKkY6LPnfN42rdRQKFGLp7wKqmgU
  Recipient: aB46Fxk2SNZfw9EcXozb4ZntZNytP7Nwcvua93FrA18
  Recipient associated token account: FXBVYDYkREnE2EFLJMJ8UnXz8JrncPS1CCmd4mdLTySC
  Funding recipient: FXBVYDYkREnE2EFLJMJ8UnXz8JrncPS1CCmd4mdLTySC (0.00203928 SOL)

Signature: 5WZQHXv9T7tNebHAwxiN2DfkoVv9QZzRbBsKA9gNQSvG3SStarP1y2VTU7CxnMcjLyhwDnV66u9UUhFdjUQYgxYW

Transfer 1 tokens
  Sender: Gc8SptRr4ucYnfSJMTAeZr49znBZZdSJcPuZcvdKb4uc
  Recipient: AgPhAsvcwPfT8bcAQxfyvymHdS9enkCzHDZP67ihS5YM
  Recipient associated token account: EqAh2zWvP77aVteKrL5Rf6dTqCaERGXRd8CyerbXrPBm
  Funding recipient: EqAh2zWvP77aVteKrL5Rf6dTqCaERGXRd8CyerbXrPBm (0.00203928 SOL)

Signature: 4eNXUZiyd2XcELeUWr7jCG4zqLab9XkMtAgWyVxBMfNBKMfRQ3Y6VSRu5M5cq9LHc9PKZptFCRHdMBPANQRzV8g6

Transfer 1 tokens
  Sender: EVrRDbA2xgieMaG4vzSAxQvEQMtLM8DZAPM1WF67x4jv
  Recipient: FLiGbsPCmjyjQXNJnY9SxQ8n9ZY7LLiero6YpuDB4CUf
  Recipient associated token account: FNVcau5kXVewQfaS7WSiN5JJwi7ZDthX43bBh4Ntgd54
  Funding recipient: FNVcau5kXVewQfaS7WSiN5JJwi7ZDthX43bBh4Ntgd54 (0.00203928 SOL)

Signature: 7NBCnL5yLYwGQUVs7si24eDFzQGABzCddNQ3nVVEWeyBnXrjbywkL2YYVa8DGaUUzuUtUALaKR9LbQMDAfPiynk

Transfer 1 tokens
  Sender: 59yiQJB1Ycj9XFft7L1xhHJ3ofB3Kh3cvtCepE2jHifn
  Recipient: 6VGcEyf7x5PFBpUMKTH8cEnCmQ97FBuxjAh37GjXefPN
  Recipient associated token account: 38neqg65Ke7xmiSPhFK2hyLCrBGB1d8RYdcZUG4p8uKs
  Funding recipient: 38neqg65Ke7xmiSPhFK2hyLCrBGB1d8RYdcZUG4p8uKs (0.00203928 SOL)

Signature: FZsSgF5bC5i7s7HMGsLhAcYvFNUV1PncajpuEke5bQStkq8uCTijNjidV4cUiHarjdsEwYa8WaZDYtNC9vJpR3k

Transfer 1 tokens
  Sender: 4124SvsKWc3cDCV4m68uwjVQFHez16ZxzBBZDjEhMhdw
  Recipient: AEUto3eFWHLAmmVRq3Vo2fmHXwte525jQGG6D7pN4RRd
  Recipient associated token account: 8k39zgd2yYsfa6rnEp4CMUZF5kxz7p54TpdvreF7R8H3
  Funding recipient: 8k39zgd2yYsfa6rnEp4CMUZF5kxz7p54TpdvreF7R8H3 (0.00203928 SOL)

Signature: 4qWPg3bg49Mz51UfJKL2Y7ts7tGF2QpBNe8PKBonLnCsbcaQSRHmggSMkB6TLrF8QT6GrvNhC64BRhmjsCHEKavA

Transfer 1 tokens
  Sender: 4unAEHqWb6df6an9chFADukCQLY1KqAF39yCk16HrkcC
  Recipient: Dyh3mtoYGFqDhcz429WYn7CYcF15qTJpAiDrK2WA96tL
  Recipient associated token account: Bu2xjDdV2wY6gsYzJytse83bYosddpGfQZBi6wfRVdBS
  Funding recipient: Bu2xjDdV2wY6gsYzJytse83bYosddpGfQZBi6wfRVdBS (0.00203928 SOL)

Signature: 5Z3pUNDwNt1kWbt35GrZaW1TXq5dmjXQwVw3sRgQSN8wMk8SAWKnVivrE8prAY6ZPRanivTSYvq4TTooukHTNqGv

Transfer 1 tokens
  Sender: 941YYnWjPNRVSqPGNBmcJWSAw2rFGaY993Y7Y2kSGMLx
  Recipient: AoqVXFo98XT3efiaM69KkGbWaEhuPY6brNd41XGxTSDN
  Recipient associated token account: 7tVNBZH6MKvBj2cEemfyHuxtssN9TDNa957YSZ6s2FwK
  Funding recipient: 7tVNBZH6MKvBj2cEemfyHuxtssN9TDNa957YSZ6s2FwK (0.00203928 SOL)

Signature: 4NgG4WdAu1w9Ax5yWkXLjuSv6tbNqwjweeixWaWvyrQhJ6YHZTdCXnSTVLN7xX7AemdyAoBpyKEBFYBqxkHpgBs1

Transfer 1 tokens
  Sender: HLrNCd6E83otuohTAWqfg9paubBkq1yXDdPkBBXWd8LX
  Recipient: 5Uuw6GMbUrA5p5XgGEVYeFk4jTWuSMt95Xuf5gL45xK7
  Recipient associated token account: EV8mf4W3f8k7RZ2jaLm4y2PyjibRdaFP3Ae1DWFNtiUw
  Funding recipient: EV8mf4W3f8k7RZ2jaLm4y2PyjibRdaFP3Ae1DWFNtiUw (0.00203928 SOL)

Signature: 3gY5LSToEh9LtzRw6wVZm4C3W1UtGCy1ikGV1vHYcC98wAzZdsweRsxz4rrC9PZk56FjDTRkmFSuu1ZiaBswuCfY

Transfer 1 tokens
  Sender: B4eRHmuguMzpwEivjwpmrj93uivvMSSorCCe51q6yCNq
  Recipient: Bp4aCKT29gKRq4zcPQzPh1B22szXba4EJh2tY23KLh1y
  Recipient associated token account: C9EXaEQHGTZVDbn8hrVxTZU7BX1yJC6Q5ratJqjJiPcs
  Funding recipient: C9EXaEQHGTZVDbn8hrVxTZU7BX1yJC6Q5ratJqjJiPcs (0.00203928 SOL)

Signature: KRvNN1WjCQqL2McJbavZYcQWXx6mMQQHwWwfx34MrzXvZz4HD5NESBKAwtQpNoYGWgMuKr7YpmJVe4hkvA6bujn

Transfer 1 tokens
  Sender: 4UaJMkDApcKFa43SjxYdoQW75e4jnWRWM3G7UvFRfhw6
  Recipient: 6ykYU3fWNQnoNunJKDLSVSZWCMPoajoE8EVNzKCYs9qT
  Recipient associated token account: 6GVuML3ASdzF2E19g3Xn2Bdf4pLDbDWWy9sqKZ6gpKj
  Funding recipient: 6GVuML3ASdzF2E19g3Xn2Bdf4pLDbDWWy9sqKZ6gpKj (0.00203928 SOL)

Signature: 3GybnSpJc2u3YJM2crxR4DvpLTb1xVMi6PquEC3JMdrwDk7BcLCq6iBVyScEXaCHziFt7WCJLEwiZy1HTSeT2MER

Transfer 1 tokens
  Sender: HvmEShLBZxqx4uJCK8zKFVJKWHco7dUbR5u1KrKYEr1t
  Recipient: DkLRfGqbABDaYgqdqmq4KgFmY5QfBjZbajK3SrmNiVEH
  Recipient associated token account: 3Fg2n8TBfoWofTHw3BpPPmJnYD3qLgktHdUugzoua4k6
  Funding recipient: 3Fg2n8TBfoWofTHw3BpPPmJnYD3qLgktHdUugzoua4k6 (0.00203928 SOL)

Signature: 2vPtpVcgT65fJZu1kcTkK8w4VAMof9MqrHNdTAnnhYo3HNYKHFsudKh7KUzBy2TuVBS1xe2fFX44azdDL7UBZ2Bg

Transfer 1 tokens
  Sender: 9EFkZD3jxG6Q37vxjjjtMYEiw6v6xXhUdvNx2yR46DZt
  Recipient: 7jHLfYH29sq1JbUVHpeFQrhWSxec1yYvoAjDueDHaMfj
  Recipient associated token account: DD4MqeeePofbMawb5ANuv9BCdKsoQzGrfz57UzRrLyyJ
  Funding recipient: DD4MqeeePofbMawb5ANuv9BCdKsoQzGrfz57UzRrLyyJ (0.00203928 SOL)

Signature: 2jqdmTDCPKAGKTBiB4EdoHoHwSKZbevKF79uGJkBvv9UxwgM6cVKSrSZRFGnEfp2DjvP2CfBBZ2GDjuHs3h8kmvm

Transfer 1 tokens
  Sender: AgYKYsagW1gZ2iTNvCRBcyQVSvCXWAEmNVZkFcxSHtJ4
  Recipient: 6WuxbWMVGJ4HNUKnLx7n6vMZvzpokVRR7Ua1AruCmP3F
  Recipient associated token account: 8KprqtYuQNKSsU3kricRvAPqUZEbBb5c18XYQzVEyzE5
  Funding recipient: 8KprqtYuQNKSsU3kricRvAPqUZEbBb5c18XYQzVEyzE5 (0.00203928 SOL)

Signature: 2jHv6HdHd1bW4AqVvU1aaUVWJD6uNrRR271Gdkbgqt6Rpkuh4KWqbU4ux63Cbrq8qrrXFLF6TpzUjP2t3vAVhGqo

Transfer 1 tokens
  Sender: JDh7oQLgLzk9Vp6k66ad7PvnTF43QgHmqQm8cfpEWPAj
  Recipient: 3eucHmLaRJzL3d3rzYx94KvxcVhR4ESLo9R9hhb5Snbo
  Recipient associated token account: 5B2H6fDKyGMoYw3oAEt3FWWwRTorMWgWLW78weocQNjW
  Funding recipient: 5B2H6fDKyGMoYw3oAEt3FWWwRTorMWgWLW78weocQNjW (0.00203928 SOL)

Signature: 3S5QsHoQ92vwF4KY9oP6QKaALZSQ8mWYzEjaycxJywCCa2Gg7qNAcYrN7fZmhcyTASWSojCgcgQJ9apg7MPR3pfz

Transfer 1 tokens
  Sender: sNFdqbGyii7fuPePrQDC6ovFYzXifPBPUAgM6DDDrfo
  Recipient: jHHouT36Z7KkwDd13PDAHd8Zmxii2LaXjR7roGgxigS
  Recipient associated token account: EXEbuxdrJG4fP4eTk9e7vLu151733H3aG5ckynFR1qVz
  Funding recipient: EXEbuxdrJG4fP4eTk9e7vLu151733H3aG5ckynFR1qVz (0.00203928 SOL)

Signature: 4bHPHsJecVK1qenBeMazGFcoU478RA4UUNAa8y8vhyWVpGWQU41XUmHsaecxqus2jJFAy4QLsQC8Ty69iMXzVx1c

Transfer 1 tokens
  Sender: 9eC4hivF95Jd4u1NzUBoBTqsxjp2GWa7Tm9P147nt4D4
  Recipient: 4fVZsRdDcUnNrT3wKTkC9CNfKJA25pCGtWxfy6i4ykWv
  Recipient associated token account: 25heZZWP7DLqauX4MD77Trv3m9WH1uJoQHEbJZN9mPtJ
  Funding recipient: 25heZZWP7DLqauX4MD77Trv3m9WH1uJoQHEbJZN9mPtJ (0.00203928 SOL)

Signature: 3xA6KhPGGUP8gy7oY1wf3dzAN9ePicrY1okahyhQzS5bes9jHnfk1j4FwYwuCJJH7fKsRTqW6QQXgNaJmNecfibK

Transfer 1 tokens
  Sender: 4vKiJbeVjVzXVkLkyjmS3mxhF3JqMfQKnc3cUPVvqycL
  Recipient: 8fYbjVT745fkPJStJvpReCLzmKnwP4J7sVsad8cs3h3Z
  Recipient associated token account: 7eAP5PT7wqM7XMmx4gCeMTc6TicWduS63GY5nRH8VV6o
  Funding recipient: 7eAP5PT7wqM7XMmx4gCeMTc6TicWduS63GY5nRH8VV6o (0.00203928 SOL)

Signature: 5BdnXA7PqWita6CNgHxVHhZBnzgrzmoUVTRuE25NitDYxronEDyUjYugB3je98KoNGNM78UYqrHzQf1GsQNXWLzj

Transfer 1 tokens
  Sender: A9f5yGgS75HA828PxfDkz8KA9mNZXmMpDEGxFvwmbQ9m
  Recipient: 6DXLD9wLV7z5ezUa49jnEj2asfFTaMPbBbJUNS6tfYuP
  Recipient associated token account: HPsdsYqYqnhiam1vn3Cb5NHjhT6Ciyfej3jTkPpcmDw3
  Funding recipient: HPsdsYqYqnhiam1vn3Cb5NHjhT6Ciyfej3jTkPpcmDw3 (0.00203928 SOL)

Signature: x9JbBFGYQw2Z3dXn3DJzwxANWYTigfezJx9szbUddRhojmGUseEjMKMoEJSubiN2ksFsdQA3B6BRDjf8fk6BFdn

Transfer 1 tokens
  Sender: 5qfDNTnAckCxXcqgf5kTxwbq1samGNGo9JvVN5HcuGMi
  Recipient: AchUGZpjS5FrHrqbtm16ewn9SC1Qv38vzDoH2PVpBPrb
  Recipient associated token account: 2xb9ednHEB5yjYn5MjVrfXiE7QywbJxxk65p2sEWhwsp
  Funding recipient: 2xb9ednHEB5yjYn5MjVrfXiE7QywbJxxk65p2sEWhwsp (0.00203928 SOL)

Signature: 5UpWSFPaZcMuvrhW3GD68VDDDYXxfDRNnToEmAGuY4MBwaqZpEMr47ng637rUvdAuBZ4pssXFinLRcYVLq3om4mW

Transfer 1 tokens
  Sender: 4iDzy5kh4F2UXRwmTYaVqmsa4pB67YpddRreqNgPCXML
  Recipient: 5hE8sbLCfyH3BXr7bX2PdFWS1y4Poo25piPLHThGP8Lu
  Recipient associated token account: ZZNb2baDT12fYWjWHeKGz3xb879sSYCemjVJNbkWd4T
  Funding recipient: ZZNb2baDT12fYWjWHeKGz3xb879sSYCemjVJNbkWd4T (0.00203928 SOL)

Signature: 57U6HZTC6258GMpNUNgGnAiZbGdM9bnBeNhDJjnqiKxmtuSX4X69YN5mKnYcTgVSpmAiaW4FUspFeb1YsvWgKC4r

Transfer 1 tokens
  Sender: Fy8ovL6uNst5jsN2cxqvFHPWgao9LLF4379Wc4oPTF1E
  Recipient: 2F3pCR6Ju413NwpsC1knkXUu5WEZCYCJfN21yGcWwUZU
  Recipient associated token account: C7Ni6ixzJ3zW4Rw8aRpFFdriENsq22NzKCVXkKWAtiNu
  Funding recipient: C7Ni6ixzJ3zW4Rw8aRpFFdriENsq22NzKCVXkKWAtiNu (0.00203928 SOL)

Signature: 4WXE446ViLHhN9sji14nJXN6ABpBtxXSKy1xA3wxXDzkd4qNw5FuDzSyBHrA83LtVojjFxrewKztLW1vaqrYQvTG

Transfer 1 tokens
  Sender: 6phfCoDsznUSxFWC2QGgvrsmHvbiQjXZuM3Zu6dTkCoN
  Recipient: CvHxMT8NjPTxJYpAxWeoSzrK4XT47bpoQCi7zQBzZ92E
  Recipient associated token account: BigyYuhsQzpGL5MSyk2eNc4pFPCyop8niQLA4XgA6h9P
  Funding recipient: BigyYuhsQzpGL5MSyk2eNc4pFPCyop8niQLA4XgA6h9P (0.00203928 SOL)

Signature: 37Ex3AR2SYvd6ftELhWJeEJS24AJC7HrEM5wqLrVWz7sJGC8HGnKPBKkPvaXTQwnRuyfv51eBLcB6caajgWJBwNt

Transfer 1 tokens
  Sender: 6zESZrrc7wPSXAnGShjergdpAByFbS26sbX2Af79xrp7
  Recipient: HNyvVfCcNtogL4Gq93zwZ3oFdRo7vrUqdFEwo3RqpDxS
  Recipient associated token account: 8ZmZm7cidmjHyJTGuddcSPeZKC37ThDEykHC9KoijtRt
  Funding recipient: 8ZmZm7cidmjHyJTGuddcSPeZKC37ThDEykHC9KoijtRt (0.00203928 SOL)

Signature: 5L5nAcNwL5tMEg9vtqaa6HehhhzKtqZ2rxXyPwB8sNGFKVRmtVciv6E33aRyAXpARQEyYxcWQaNoGvNeaVQQSSUf

Transfer 1 tokens
  Sender: BX75XDo2FrkrkS4r5sCic5CeG6Eckrg1wE6edmS6KYPJ
  Recipient: Csv7FXdwDdLUSzcydphh7XsTjXG9s8LCs37yWNUbijDc
  Recipient associated token account: 5c2Ba9ixV2S9H5qBpg9V7PqXK75Yd3n1PZXFpUibhNaC
  Funding recipient: 5c2Ba9ixV2S9H5qBpg9V7PqXK75Yd3n1PZXFpUibhNaC (0.00203928 SOL)

Signature: AUHxvVZJ8qzx1CnuxRT1jJd3dtRzbYi2U5ahHDfDPoJbkaBJD3N5Va4wmyNrXzEUnvGQu5c5BPTSqe1BJtx26es

Transfer 1 tokens
  Sender: 9HDiTbBB95mxWDrQ6H1cHQ2J3EhWP7kdhw17UhMryodi
  Recipient: GuBcKmpzCErdkQsyxBfSuLbRWKkyqvyQBo4jzdUwBcjW
  Recipient associated token account: B7MidB8pQh1VsVJ6Bski44JQiCXN5kKEjA1RSX46e6P7
  Funding recipient: B7MidB8pQh1VsVJ6Bski44JQiCXN5kKEjA1RSX46e6P7 (0.00203928 SOL)

Signature: 3SHVYi3DEEBAxskPRokpabMhttYGuCUV5WhpoCpoCU6VyemdCDqTRyUgUrguTUcUGBoRJmj6CJfv3h8HUaAoF4UK

Transfer 1 tokens
  Sender: bb9yio4sm8wd9vaAQ6NQzCtMFaZtJQo4MgPXqtDsZRU
  Recipient: 8w8zNnvPHSoUJN2HJibCPvZePAtuPATo891ZzPEA4Yik
  Recipient associated token account: 6XF7q4ReHzavJ5rkhmXJzj2VG5wffRX1TCohMU1jfSk7
  Funding recipient: 6XF7q4ReHzavJ5rkhmXJzj2VG5wffRX1TCohMU1jfSk7 (0.00203928 SOL)

Signature: 47ngTJ9roGJgycdzAqo5UmuJw1RPN3Lk4c9SNWiRmTZmScrJrhRj3tNmqXoKzsvnUrJHGupxRGLjmLTkMe8Lo7r

Transfer 1 tokens
  Sender: CWpQptjRkd1T9PCmACXZV6inXNyppnSeBgjAmU487QSB
  Recipient: 2vhNMJt9fhQs7f9YQubaS1MpCuUdx9o8zTwqxzkfcLof
  Recipient associated token account: 2jc99JHaWEf3mAmx2Czxp8fYSQC1K2p7AEp64L6vSxVc
  Funding recipient: 2jc99JHaWEf3mAmx2Czxp8fYSQC1K2p7AEp64L6vSxVc (0.00203928 SOL)

Signature: 5pPvDdikuxHeWjprAEARqQ7NTiDE1eTkY9raKQc8xZ6o7nwHycoP7ZWt4jC1hPaNaW44ZpRiBnpXgdPA6b5XvCSo

Transfer 1 tokens
  Sender: EgzsdxCyvPUzdo9b9dN1aALDm8GTxVyAZjQx8BzLY1Ub
  Recipient: F3hzbLTD75Shbpyu8tdztMhSrh9vZ1qMwTCopx57A5wU
  Recipient associated token account: GxmtqEwn7AhwwGr6PxRGuywSj1kDcroxAkyFLgC1zZjf
  Funding recipient: GxmtqEwn7AhwwGr6PxRGuywSj1kDcroxAkyFLgC1zZjf (0.00203928 SOL)

Signature: 2i6FZzciUmKYaLwsnvMhwEm3r8vhXzi5oHM5q6BN92xvVs5KXk9Z3gWckjDkW2DyMzia948FZaXpfTbpToofSnhQ

Transfer 1 tokens
  Sender: GnRrrg34uT3HSP3oDd3k2kKU9YTJuc5TG9UwZLmmPwsY
  Recipient: 6dm86x4LHSBLR9WLUkjUHP27A5uJRwgp5Z5bVVCWeM9K
  Recipient associated token account: Hz19BcDJHR9RpiQFyUes28M5tW83ewb6yRnDbZkMcg98
  Funding recipient: Hz19BcDJHR9RpiQFyUes28M5tW83ewb6yRnDbZkMcg98 (0.00203928 SOL)

Signature: 2LVHBZr1feWqepp5zQA9xeudLugMv9DMoigkYKFVAtYkbUVsCkWeHh1hexETgmi2mWr4kDAtvXG4Xivs77UT8pBA

Transfer 1 tokens
  Sender: 13mk9xwhgD8ZfqfYdBQsdCAqTPckQJSaMpCwBmDQpHbB
  Recipient: 5ffREb952Gi9apxr62XDNhKUAUy2nTEExaPYyTnz9YFm
  Recipient associated token account: 6VkERRaEoZmh6j6DfSCMi9QB6aywpYEXrCPNd8XpCEbv
  Funding recipient: 6VkERRaEoZmh6j6DfSCMi9QB6aywpYEXrCPNd8XpCEbv (0.00203928 SOL)

Signature: 22XzufWJzpbHizLkoD4Cg3JhYiTk5CBxwtfzLwY1M6EiT6HBgUu3eKAp1Go8LcYw1huyGPqwuXWtkjMvCPtYwzDA

Transfer 1 tokens
  Sender: nmK7DDwNEgMmEnFhJW5gBiieonGDtd2sAMRmQKHMVWR
  Recipient: 8yaGGCySAFvnohnPxdZsjxFtzgdNBUcVefpFvRKdHu1s
  Recipient associated token account: oXSboG6CbxvtMDEkpv1mieQjueMDjfXPZzXySWJfuvK
  Funding recipient: oXSboG6CbxvtMDEkpv1mieQjueMDjfXPZzXySWJfuvK (0.00203928 SOL)

Signature: 5oYC4bQv8X8wgEpSBg59Gf7xaEM1Ref7agnhtJDb1JnKvuikrhwynSt19z7VChzjHqDrXCe1W3XTdgJfeuU2c5oh

Transfer 1 tokens
  Sender: 4sryYPqXtpTLUXLjoQvgf7vdSfTTxDZ3gDxX7WhsvdfG
  Recipient: CfLt5YAXgYjwnbguVZZXFMShycUbPEcQBmkTnfLPYt2j
  Recipient associated token account: 6qzxktginoTURYMpzVUsnPinZri68wa6UCWY9v2da5Bd
  Funding recipient: 6qzxktginoTURYMpzVUsnPinZri68wa6UCWY9v2da5Bd (0.00203928 SOL)

Signature: 4i7EhVeQYhoqAFAG5gFr2kPqRA2HAmWdLux8bBwazivJ52s3fDuJdpxuU5LS3qRwhLsJVWmfGMjwi7z2nAfFgfPy

Transfer 1 tokens
  Sender: E9J1hQh2J5gmFi8cQPWQWUf764QTjBbTULVnmFqxmJP4
  Recipient: GyGgjGQXKDUZ2BWRFGdergYgewnh1aTXsZmKTW2fMyuk
  Recipient associated token account: EABTcdYoTaDUKQxgMkNCANxHhn8CB65zgdYg2iCHAWvj
  Funding recipient: EABTcdYoTaDUKQxgMkNCANxHhn8CB65zgdYg2iCHAWvj (0.00203928 SOL)

Signature: wg8DTbXohytRwi4wyJn57RfGbic5rDxMS3y73CAojuKu7ennhp4wjwd4QucScdVYX9wXfuZAjpAp4YJfwBLSYSm

Transfer 1 tokens
  Sender: 61rVsQLkEszbuSgsqMNbZ7TEbC1HvEvsN6uAncXHoWnA
  Recipient: 5ssu1FQCAxLQZUbSnFXAuPn2eDaZBTWkc5QBChh2yxAa
  Recipient associated token account: HQXzqTcR5Q2991kousnPjyrZtAnTJ7iJPneayEY3QYVj
  Funding recipient: HQXzqTcR5Q2991kousnPjyrZtAnTJ7iJPneayEY3QYVj (0.00203928 SOL)

Signature: 6SJUpPL5Tz3KDSDs82qRJomvZTDPYb2GjkNF2Zi5pvSKFiXjSiFFDspeZ5fzS79BW1VjcTpTU8LxmitCoDGjtHw

Transfer 1 tokens
  Sender: 9nKjo5WK16LzTENq1JU2G1YjHDLcjUn3WFrctkn8GKZ
  Recipient: 6HVEwvZLsexGH1ztFFAcpUC7QozsPYK1gxirdmctjvpb
  Recipient associated token account: 6trLXnTDXuFsZPMBoNDAzMTi3t3SRrCXRF4Rd88CzvxX
  Funding recipient: 6trLXnTDXuFsZPMBoNDAzMTi3t3SRrCXRF4Rd88CzvxX (0.00203928 SOL)

Signature: 27Rx7Mvi9R38DapNjs1fSo4n6fVsM718H3mqB6RUQTvDpcpkMpL4MfKGZvVhbn5waoSoakh4aXAioDJTnrjNiBT5

Transfer 1 tokens
  Sender: 2ssfzK9r7WdVCPFrKgKbEBkT2MdihcKhEY3fSntizAzQ
  Recipient: 5qLUQwffcHESZuVwjDYfzj7YHbZfhGeeTSiwF2aqEETf
  Recipient associated token account: 8xxZro6vbFGdbiJMfNjaESmAncKL9vsXBYXttddzBKxf
  Funding recipient: 8xxZro6vbFGdbiJMfNjaESmAncKL9vsXBYXttddzBKxf (0.00203928 SOL)

Signature: 4uZnJzq34fox4fJjK1oGVL5oRD5t6pWJkkVkzMJU2BKf8Z3cGojQ5fjLJqqU8P73nNqJ47WzLfRHpWYzVcqiv8Zu

Transfer 1 tokens
  Sender: 77yGj7iuSMtibudQEANtN9utQQps65PvVpU1UUF7rW5x
  Recipient: 28tLPjFZf4K4WCjiQPnveiWAapcB7xXrbySnmgWCNtST
  Recipient associated token account: 61QjJeL9QdQxQ6rkssQ9ya96FYyZCPaT3wbAD6wBhjBP
  Funding recipient: 61QjJeL9QdQxQ6rkssQ9ya96FYyZCPaT3wbAD6wBhjBP (0.00203928 SOL)

Signature: 2B4jHD5F1f4PUCGBwNykhihygd8QYySVXkmvZmfYLgTS6umJs8jsUAwM2DqVfftDt1Z7ri7aXzChe7gEqRaiGNjF

Transfer 1 tokens
  Sender: B3kWUGKJTDwQrZuBbiRweP1GySQLWuhz1metVf2deK3Z
  Recipient: CyVDnJzDZVGucPLdJuUbSFEK8CWjY7DFX1MEowPsqLHJ
  Recipient associated token account: 7YaPWFc2uPsn2AVrWdcJ9te7kJQLdnV72FYwVnKNRKhz
  Funding recipient: 7YaPWFc2uPsn2AVrWdcJ9te7kJQLdnV72FYwVnKNRKhz (0.00203928 SOL)

Signature: je4xkjF61QWhEF4WGdPGUFuXyHpRwbr6nChcnSGXm4QnErJbMTVkvsnri7wv3pZJU4nEr1m1kRCEUre6ufkg8EK

Transfer 1 tokens
  Sender: 5UcYGHCGzqCA4uC3mLpsXQhYiUNNVuLwZ3xzUpogbvxJ
  Recipient: H6ewEQKqUYhPFNBUBjKugH6MNgBzWFoJ1U5fiVvyHDnv
  Recipient associated token account: 4C3G4G1X9eiUpNutV1Tjc4PhS3x2RNHxQmQUJTmJpNqy
  Funding recipient: 4C3G4G1X9eiUpNutV1Tjc4PhS3x2RNHxQmQUJTmJpNqy (0.00203928 SOL)

Signature: 3sGf2QXyqoV1joJYyTPeBTPqcVSrfV3e3ENXAkGJpNNAw6xSNNdnNfw6VToTrrjmAXSuxcjnuUNAiYP2rXPq2rAy

Transfer 1 tokens
  Sender: GuLj5aFRdCwaGjQve64S7Sg3yjYL89VwR2dQkdPxjUs6
  Recipient: 7NqUK7rvn5aKyh8Cm6kaVtmoXnNpSGGHxaHgKABH81pD
  Recipient associated token account: 3VBAiUixhPdrkEPXq4PFQ6EJyNKyE3bdvY7PHfC6BAMt
  Funding recipient: 3VBAiUixhPdrkEPXq4PFQ6EJyNKyE3bdvY7PHfC6BAMt (0.00203928 SOL)

Signature: 5V1U55zX25Sptryq1mq9PkFQFrfcZZ2MUDchZdR5trUaRTiNXCYdAMqeAF43H8Nn7QUcA5SJFtjWACDW7g8ohH3J

Transfer 1 tokens
  Sender: BqijtBbVb1cgRaAJHsVRBgDXrPTV2JPmKr2WKrwcgJrh
  Recipient: A6NEPq29yAW7dXbEMuLcUnAhLXeXzWuUYa8dCMmrSG2g
  Recipient associated token account: 4TqvBMz3oj2LLwNPVNk643AZyqEM6BkrnvhML3edW9rX
  Funding recipient: 4TqvBMz3oj2LLwNPVNk643AZyqEM6BkrnvhML3edW9rX (0.00203928 SOL)

Signature: 4AR3cTfdV8x4xkbQKVCy3n9aMYyZqrafw9qGU8ErwFGaeSAv7sSLFBc9dRYfKS1ab8u2a3zGqu4aCdYjizwqpsU5

Transfer 1 tokens
  Sender: 4UaJMkDApcKFa43SjxYdoQW75e4jnWRWM3G7UvFRfhw6
  Recipient: 6ykYU3fWNQnoNunJKDLSVSZWCMPoajoE8EVNzKCYs9qT
Transfer 1 tokens
  Sender: HvmEShLBZxqx4uJCK8zKFVJKWHco7dUbR5u1KrKYEr1t
  Recipient: DkLRfGqbABDaYgqdqmq4KgFmY5QfBjZbajK3SrmNiVEH
