Transfer 1 tokens
  Sender: FE1UKyEJM3ne8qvfCEWLCLwcimjLTof55tM5LPRwb4pa
  Recipient: GZ7dL3aqcVwynsidEqLTUnsHf3iK5wvNFsCEJZvoVXFe
  Recipient associated token account: D2XsxLPUeMk8x7FDx8K2gisCvzsfDUPhc4KUxS8AfqkT
  Funding recipient: D2XsxLPUeMk8x7FDx8K2gisCvzsfDUPhc4KUxS8AfqkT (0.00203928 SOL)

Signature: 5qASx8yznQNfsvP9XU6MK8KnsomGrLxJXQPPA9GzGZqJdreCE3FBiZAbyFmzZSWNFjaBhmAhrXirqxbcrV8P96g6

Transfer 1 tokens
  Sender: H8UQ9Qd4atgFZnbeBaMBqksi3yNvDUt2pqFgM1QCE8dp
  Recipient: HMxq4EcCrGsXjVD7LzrQBzDMv2nskAfZAjuPqhveVV1e
  Recipient associated token account: 2eCTUatFJ8EcMWWn7GVfzcTiTAXr5WgYDTHwUc5Qgbck
  Funding recipient: 2eCTUatFJ8EcMWWn7GVfzcTiTAXr5WgYDTHwUc5Qgbck (0.00203928 SOL)

Signature: 3C8QDuxgJrVRsHawsW5r9vHedEKQbETJkZQGvqDCV1Kba4SWEX3xJ8xqgiffq2LqGFSMkKCg4C8VVtq4Ydd3rBbk

Transfer 1 tokens
  Sender: GXSTuxVLzNmjsdeg5M3R56LfuRxbJGnmrZQ2XRqVKKd6
  Recipient: 5updUQS1RxJZyPFRyJMmVq7vYZnNZTnPUUftoorgyrZc
  Recipient associated token account: 4MdSAvJVsZu9eLi2Tka59uXUBs3s4HAVG8rLftwJNT7w
  Funding recipient: 4MdSAvJVsZu9eLi2Tka59uXUBs3s4HAVG8rLftwJNT7w (0.00203928 SOL)

Signature: qDEY6G7HAHgiEK1hbHKqJjXtinTi4WhF6WwAPnb56J8KVg1NPgK2BFuhTC8tV4yw1DVYN2iSn7M7zkQtBRsRwoh

Transfer 1 tokens
  Sender: EUCL9Mf3V8xPnm4L3ATpxirJNRoRjq1wy833FBefdyKg
  Recipient: 6kYgjyCcNTh2U6D5E71uDtPozkfBszCvPTJSZvBaYMUE
  Recipient associated token account: 3DQqDZ5TmzpwuoxhYpQpHFdukXDpZDL5cNK8NdftfK9s
  Funding recipient: 3DQqDZ5TmzpwuoxhYpQpHFdukXDpZDL5cNK8NdftfK9s (0.00203928 SOL)

Signature: 5pAGK8sUTTfWyrgWvPcLePMWyX2oYfJebrM3n5xEstZKvV5v4eSnJWAk3yhR8kguPVwQieVCcekfYfMgGyenzWWC

Transfer 1 tokens
  Sender: 5v3r2VPd4GkdqPKT4PDuzkEMWididfJmuDLH93CUtm9u
  Recipient: 5LsYixox5LC5iw1axsSMey1g9wyM9d3BK3MYTXu8pdsk
  Recipient associated token account: 7TUwuj5fodGD9EovkwtYqUJjAXwAfthZZvxpPQQDaVp8
  Funding recipient: 7TUwuj5fodGD9EovkwtYqUJjAXwAfthZZvxpPQQDaVp8 (0.00203928 SOL)

Signature: 444xPBKL8FDBL9KaGQEQqKmvXYNRwtBCzSd2cWTMEfkTLHRSwifg7ewY3vBmxPimgxkzHaYNbwNhpPAwkgfYKLRm

Transfer 1 tokens
  Sender: GenbbEw2d2D79ZCy1trJmrBZgNJvMQujq6hUBxV7xnot
  Recipient: 6NvYLUJk1kXGToHmevaagExkTFsWypW53N8AxoKXrjPR
  Recipient associated token account: Az42QDGUmCuQXDmnsXNDVsbzBMrNYET4ePEkWahbrPEh
  Funding recipient: Az42QDGUmCuQXDmnsXNDVsbzBMrNYET4ePEkWahbrPEh (0.00203928 SOL)

Signature: VyjsQjhfvDm8rCxrr7RqPxHS7LaYatraFgkG8dVqFAHmE5zBVZ2kmGVU4jk9N2ytkJhXPovNefNRryNzxA3sDsx

Transfer 1 tokens
  Sender: 9rXhRRHJXcfdmMvxCGHAhSbopJt6Ur4WKP9iRFZFt5cz
  Recipient: 3WcJUt8jQ1ngL3ZCGo6dFrc3GmTMTYtzeDva7mri2Tqx
  Recipient associated token account: 2KjMAsYDNiXsUYf7iSthXFFkRM438yJ5czP5HhVyyAwz
  Funding recipient: 2KjMAsYDNiXsUYf7iSthXFFkRM438yJ5czP5HhVyyAwz (0.00203928 SOL)

Signature: 81jxgKJpQmgj5WR2M3qSoNxmH9EsuScizNyYrgWE6LYYieHCGgxhJ45sPXuETXFTerJWAsSG9Ure1BZ9LRapKs9

Transfer 1 tokens
  Sender: AP6vMDAAP4W8MwWRF4RR1Geb5VKdLsTjKADRZRHfRKNN
  Recipient: 7P4Bb1pCMuYNveYhg2j445cmTRCEGp2eAAtBQUv7Jz89
  Recipient associated token account: CbxrShvGemWuiqMFzM9UWgL1gjCwqhr8B8GXmvT1FeaJ
  Funding recipient: CbxrShvGemWuiqMFzM9UWgL1gjCwqhr8B8GXmvT1FeaJ (0.00203928 SOL)

Signature: ZWt9uujALyTggS87GDtB6mHPMBfPesGazLzhReYiKTkXmu5LSW9n8Ata5G2G6Xm6GnUqcx4qifjZK8WrT7wk4pY

Transfer 1 tokens
  Sender: AowRvhcpmAZzy22eajjryyvk3AzBaBNXB6Gf7yhGqphu
  Recipient: 5EhvzizkQZW3ADDc59jyVqHdEKgb3u1AiAuCFJLwvYdj
  Recipient associated token account: 22KPYup594de41ipKaJrUah2huDZdMZ9AeFeskgeE7AX
  Funding recipient: 22KPYup594de41ipKaJrUah2huDZdMZ9AeFeskgeE7AX (0.00203928 SOL)

Signature: 5zZHGrtJAChSuiE4eKm9Hnv4dYBxXvV9wtYVi5GF17DLfBeXzccoEfXc4u2hZghsxTKRLsYLdsqhJXaJVodoPQ34

Transfer 1 tokens
  Sender: CXQiqD1Qdat4UomdUnt1fN8sL1qMcnP4Ce8ZjMy54vRD
  Recipient: BSJrzadoQ2gqLwwHbGjDrU9WcKCxFVvbmnPcTHn8TNLQ
  Recipient associated token account: BatLCb65gVEXfQNNrAoHJYgpdEhbY55uHNGE3kq75SxD
  Funding recipient: BatLCb65gVEXfQNNrAoHJYgpdEhbY55uHNGE3kq75SxD (0.00203928 SOL)

Signature: 4Jh8F5QdxptMYHoLKwoQY6zv4LAcU9Zzytwvszgnz2H7nxAwyecP3JxhP3TeJV7ony2ua9Xzz5kWDEQC99LpM29j

Transfer 1 tokens
  Sender: HtiCnkP4yuCXEjjsQsY2z8ZQDUY289P3HY7WMtubFto4
  Recipient: DpcyLbVEHYzLQYTKwK2uUHqYSUFA38e1R5hH6Ujoo3c9
  Recipient associated token account: 5ECHABxSKtefeT6ZaUVsKjV9UbNnEKKwJ5eCsxVzXwKo
  Funding recipient: 5ECHABxSKtefeT6ZaUVsKjV9UbNnEKKwJ5eCsxVzXwKo (0.00203928 SOL)

Signature: 2KnHeg7J1VZE99x2KPEu8bgkS8sXzcym7oGTYhVxr3NAeiMUfSEBXHLaaX9iXMAmDpfRmgwndnYzvVWHkEXNbCL9

Transfer 1 tokens
  Sender: 5ikEJFqkvWfJqourJ1xfRwv5NsBSSGL1YTtqXnioQceo
  Recipient: FgGQYiDHFGvt3HoQjfXhXBtE5SrtVLQCsTqUQnCufeRk
  Recipient associated token account: ADa68kVuwqsbXobBGZvMupwp4VaJRVf1NRwPRwF7a9y6
  Funding recipient: ADa68kVuwqsbXobBGZvMupwp4VaJRVf1NRwPRwF7a9y6 (0.00203928 SOL)

Signature: 4CbnbTY3nN4mfE3B7EwPWLmkoNdX4p2akwYq3ra5Bgv6Ax3gcCVKtZRY6ocge7kqtuYchgVT5THjjBvkqYpMQ48E

Transfer 1 tokens
  Sender: HfrVZvfWuqZxKCW4EdjM27kxVhjRGy9AiZHgpwVVsp91
  Recipient: Ced3tKrdqdJYrXpauiDsBdLa6vtbKdHERtqSYiG7pnx7
  Recipient associated token account: CNiU2nQm2ErZzHR2qd3EfQ386gKzNLAwLr2xUjXQrLQs
  Funding recipient: CNiU2nQm2ErZzHR2qd3EfQ386gKzNLAwLr2xUjXQrLQs (0.00203928 SOL)

Signature: CweVmFmvKXjhcYrmrHtWQjsw59SBqWFGQxxSbZtKyNueAZNxn2rZdATE6VNa3aHWPnHYudoJ8k2dSveQt5dEUhY

Transfer 1 tokens
  Sender: 6w58FmjC1hWjbDyLa1fXCPTDK1QUq6TUdseE2BiEbGvn
  Recipient: DD14d6GeuU7FBN5c9WmgYkFzPsgRxBhtkQpYEPbLzTUF
  Recipient associated token account: DqEAkcqgteg7B9JRxH69EoL85Y3w2dyyUVR9xS8WZcq8
  Funding recipient: DqEAkcqgteg7B9JRxH69EoL85Y3w2dyyUVR9xS8WZcq8 (0.00203928 SOL)

Signature: 46gwCTnYf87tPW3nPqvoRgApVNxT4PgH41QH6GVeRzmTucNoFeHQBLMthJn2KUzKGKQFY2XBnt6cRkmFbs7GGNoc

Transfer 1 tokens
  Sender: BsXA1JeUtqiyxnjURxT9FXF1xhi9dJC22Smx1KDXAqdf
  Recipient: 2x7EyHVrEUuAF1qrVL1aNSChwAvVDB6NSW9Gp2svKwxX
  Recipient associated token account: 9a34685yd4NidArq9TDHv9TaeMVN9U4qWZrvwh8ibXQ1
  Funding recipient: 9a34685yd4NidArq9TDHv9TaeMVN9U4qWZrvwh8ibXQ1 (0.00203928 SOL)

Signature: 21tUAD996Gx4pDoN5Q3yjfP6YNs8NH91oYxS4M9e91oDukF61jyo2hPxLw8nQKr6Kix1QQU83m4hMbEse2BW5bDX

Transfer 1 tokens
  Sender: 5LP9MJ7DHvXVhMMUUnYS1JcLbQB5ZVgtkJQwy7MbLhyq
  Recipient: 33t9ZS4Moa6VQz2FuiRw88mbiaM1Eb5eW8MkMTCgqLoG
  Recipient associated token account: 8ECEA6MVuWNhCEPppkoF6jkE1Y6umH1QSpeqF48iBy2n
  Funding recipient: 8ECEA6MVuWNhCEPppkoF6jkE1Y6umH1QSpeqF48iBy2n (0.00203928 SOL)

Signature: 5aoYndgbJWjfngY4TWhutUUR5A5UFK81naM7PapDTgzqUCFKkrLhjNBAdALKDyaPbh3WAGRXnWaCTgxm5nDcGwrC

Transfer 1 tokens
  Sender: Ff7Lb99k7o6GHUEwyhihaF4mHB2BqidizAGx82CAetxM
  Recipient: AXXRH6NVXjUNxi6GvVWV4Pp6q7k9xkqeqHhRx8sW41TX
  Recipient associated token account: 23Vs4T1AkzFjZMykjfDZSp2xPjcxhdyEyGdYHK7HYoxE
  Funding recipient: 23Vs4T1AkzFjZMykjfDZSp2xPjcxhdyEyGdYHK7HYoxE (0.00203928 SOL)

Signature: 5sNrJe9SPrbfVbitvtMd6yPw9B3Nuht89RmKXYXi6dBUeK5LYx4xKvrfS9rWQSPavU9awdBLdFJvosRZM6XyRcJ1

Transfer 1 tokens
  Sender: G2Sv5cUhkMT4BcjMN5SSrXUXdWnCrrmGHSEmR5J6pg5K
  Recipient: 51oET2dy4vCmZ1JMGYR9hbsvsLng1vcLD6z2AZp1uq1j
  Recipient associated token account: AcGsSZ6fn9qnshQUf1CXEd9ejujVCsn1J9X8ziXqsoxZ
  Funding recipient: AcGsSZ6fn9qnshQUf1CXEd9ejujVCsn1J9X8ziXqsoxZ (0.00203928 SOL)

Signature: TZ4YjJRksDrW7CkakXjPB1vYrHzJoEsRxeSZRdYgBteKhooaNGymD352pH6EgqnfTDuCGwX4vV961o2XZzcwVfy

Transfer 1 tokens
  Sender: 9E25hvP13AA4W35VQanaD8CEhCXs5AwJBvLm3dhhJY68
  Recipient: 8DmRR216akpGM4i748vQxbHVL3mqAYBWLGs7G49CJoFC
  Recipient associated token account: GFtBXgoGaeVDJWbEBUU9p9LJgND7p73x6ehvYvqkjUQE
  Funding recipient: GFtBXgoGaeVDJWbEBUU9p9LJgND7p73x6ehvYvqkjUQE (0.00203928 SOL)

Signature: 2kafctRb2Hsh6cS3yLBdx93cMnh1AY9u4VgjvjtnBSsC81VTj3grznW7Pex2sVp5ReBdHdLVQRA7SUoss1N11wQM

Transfer 1 tokens
  Sender: 46KZZNP965bUofyEif2TVJSf7ZfXErT9pJtWLAgePKWT
  Recipient: 9EF1tduAEV4aGKtTSBYLnpdTYRgU1RgmbTfMr7qnHxLE
  Recipient associated token account: FkqAmXVa7WETEgN3CGrMMJdX7bPyzuGisf2pW3rH7sJa
  Funding recipient: FkqAmXVa7WETEgN3CGrMMJdX7bPyzuGisf2pW3rH7sJa (0.00203928 SOL)

Signature: G8hjjPRvM82FBGnrjLdFoyeHzL9DMc9ygG9PM1tFFQaj8zzQgnXntKdW472e2EkWTTVXGpdeqhKK3uuwdLePN7L

