4Qwx759HPBVsJpFNrHugRDp42UZheG3bhisAKmRmvvJK
AEUto3eFWHLAmmVRq3Vo2fmHXwte525jQGG6D7pN4RRd
6WSGcP7XMavdokAXj73xhUUaUrwvAgM2tTfQDEYCxpUW
CfLt5YAXgYjwnbguVZZXFMShycUbPEcQBmkTnfLPYt2j
5joCx1NXJb5hkJEqTRPuSiuHYJ5wa5gko55syyVgGRjt
7Zu1JJEUzQzQKww6MaPGYFa5xvxs1iA8oLkRh8SKQE1g
FRpBi5GZazQQGPni9TCb25GhfK47hWZqk2JFT8Zb2CAp
2cJJk4N1LAYd1mKHpL4Tu7UsB77KBM5cbHNVktVi3djn
3U5eXxcnp5iXBKHkaBd83SMhBtMTggsPEUxWCNgitjAV
95cvJoQtZFG2xeM79LBYHVxJ6VH3SoHQDBdk1ReuSMLB
CNgwgXRXh6bkXkeErtJytGCx3esf5jtFvfEkR7USvDjs
toakSWxfPivAwiPoBfjpGg8T6h7957iiDaLgUYFHUtB
DCaxpYXpNxUxFcaaGVfVY7dYHT2BuBPdLAssdvCqrSsd
97xAKp8FjyXkiYqTtYWN9ArD7KxTevzaCAo7VCcwLAsK
51oET2dy4vCmZ1JMGYR9hbsvsLng1vcLD6z2AZp1uq1j
Djt8jj26RL3GsTRkrifq9ntxYJyUQsqRY8Sgkxns3dUw
96AKYCB8KZLEKkA3uHw1GpfjZsmwyFT1CXfH9sKz5LrW
H7tS6xQ6Yv6v7orxezqmf52vu7LjqSTmUXKwX2zVHmjE
Cm8cYtgtfyULCzisqUnMg68aqqi12PGZScouQfJRfrG3
3krrnMBEMX9RGT2xRC6o3qZR2bBfZFryqcfCTcXWg3Qg
