Transfer 1 tokens
  Sender: 6qefHY6Z7WgUNz5zaNjeSzYuSk3GFbedFxPThFtUj2Dj
  Recipient: AEUto3eFWHLAmmVRq3Vo2fmHXwte525jQGG6D7pN4RRd
  Recipient associated token account: EcAn7puycEdbhnoGZcLCNuxeKc6oytyXjbjiWtbrdNf6
  Funding recipient: EcAn7puycEdbhnoGZcLCNuxeKc6oytyXjbjiWtbrdNf6 (0.00203928 SOL)

Signature: 2CDhqc8AHvbLbihwnANHs2s5nnNwEq2XzhFbJzQPDnTQn21RwajYrEEr7N4pDAdWp9mTEbrenaGtm1gnEnpsr29p

Transfer 1 tokens
  Sender: A4DTBRs3YwU57J9o3J8RWHwT9QWUZYXc418iE9GN6Uzt
  Recipient: 383ghA9Dpg3JA6B5bmhtGmiheTyeAFCbkhDwkry89Bp4
  Recipient associated token account: FpRAXFEenrVNRd9Jrf3LuJsJ3ZwgHsXemNpHRCLcwyJV
  Funding recipient: FpRAXFEenrVNRd9Jrf3LuJsJ3ZwgHsXemNpHRCLcwyJV (0.00203928 SOL)

Signature: 2Lyeh2MVqqbed3ZW95WYjMdsE5DgNfm7xCfG8USxMDzhZQRM6yAecbAmPYRMy5dD7qz3fjYxen1xtDj74avGBj8j

Transfer 1 tokens
  Sender: 6UrDmLXWKsmJyok9Lfopogu15AoET4N34jrbytpzGm67
  Recipient: BU9GQbSnXQcF59sm5VW5vM4QP138cM6s2vV4p4HhrDjY
  Recipient associated token account: 9PJDWgZvm5vTGe6VLKWzPK28MqB6q2zwZWtzZzprtYg2
  Funding recipient: 9PJDWgZvm5vTGe6VLKWzPK28MqB6q2zwZWtzZzprtYg2 (0.00203928 SOL)

Signature: 33aDuXBWzotojVsPj6AsDiP1mgDEXcxASDoADRPvpoaLW85GNos5EL8JtMMbdQJQhvF2kT5QaNzCjLj3jY32R67i

Transfer 1 tokens
  Sender: 4KNSPuyAhG6ybKUGL38M1TaHfd4B1BCazgXx6vYLvqpd
  Recipient: 28tLPjFZf4K4WCjiQPnveiWAapcB7xXrbySnmgWCNtST
  Recipient associated token account: 6AwZGXhWxBgRBEvuJ6Ce55QXYi4rQGG7MHTfpBGg7jsV
  Funding recipient: 6AwZGXhWxBgRBEvuJ6Ce55QXYi4rQGG7MHTfpBGg7jsV (0.00203928 SOL)

Signature: 42Wx8FcBbXbGuRpHMr6RfkoDxZie3SPZMWupiJzYjDrqSrRoxwJCcofYXs67154bqzqSYwm1DRFaKm59UL5dHtFr

Transfer 1 tokens
  Sender: 9sKekr7BpA33o6HzhdLxwcGRxq4pcLEPhMnCLRFauPVS
  Recipient: 38JUpvzarTGcoJFZcqN5uGjGWVaf26m6WnkJBEJmkB7g
  Recipient associated token account: 4gkavMyUNJP5BYWmdjXyiHtGYsM33McEAQzSKpWSXH8y
  Funding recipient: 4gkavMyUNJP5BYWmdjXyiHtGYsM33McEAQzSKpWSXH8y (0.00203928 SOL)

Signature: 4U4383o3PbfUVKMLRrPwAMy9YJwVf2GLfyReJ4ixGNw8oHk22CdwcYWWbEW3QScF65Tpn3mD2sRAwnNPc9KgHaSA

Transfer 1 tokens
  Sender: J79BhZLg2vGGDzVKGEDEzcPB5sRtuygGzXC9gphe2M1r
  Recipient: Xq6EVTy3fV2eLhrcgsvKMhmHiudZKAqFmMErVzNMW7z
  Recipient associated token account: HSGw7Z5AUgPkUzphkurrkVkHp9qjFD124U9hPm4kH9Er
  Funding recipient: HSGw7Z5AUgPkUzphkurrkVkHp9qjFD124U9hPm4kH9Er (0.00203928 SOL)

Signature: 3Qm47kXGLCWXqpq4ZRyaD2xanu7JaDxDCHiFKZJy6Lek9M5xat1nSbCykCSjAy8grD1EDyeA1FqDmp7wP3mknKbH

Transfer 1 tokens
  Sender: 4usroaEy9zcFKnWvCU19qs1ufw6Nyb7S14L1joCHBo2B
  Recipient: HUCKGLrHmXngZeqY41s2WKnM3DSgJeE3woRd59iMZg7x
  Recipient associated token account: C2FKWp7sANWxVPNW7Xr6kKt4gHXfChDmnYcVw9pZAF2h
  Funding recipient: C2FKWp7sANWxVPNW7Xr6kKt4gHXfChDmnYcVw9pZAF2h (0.00203928 SOL)

Signature: KcpmK8yWujk9Yg1exGqnt5gNsyknk3Zy282Ycar6xkEM2AtktTPSmKAxAMckEYtyTbH6mCHwZ8hWdmjkP16FnQ3

Transfer 1 tokens
  Sender: 872NUxwhCnd8zqjmWTVyvfeTVC8Ftc8fK7EbybCyRma4
  Recipient: AHFYN2pv4iPG4wGMTjfFXdXQjPTXMxBdLHvEDCBKqaBk
  Recipient associated token account: HfnJ2BPJxwrPjSkHhEZk4BrrYuYJSMXtAzbNwoY6eELA
  Funding recipient: HfnJ2BPJxwrPjSkHhEZk4BrrYuYJSMXtAzbNwoY6eELA (0.00203928 SOL)

Signature: 3tXjWoZvvohWadvBHQTTUDwAjMPwSygWjwcqFcXBjmrthkhmYQ4Ns3fXCdr1YSRfHjTEZKCc9EKFYYSzK9L7bV7k

Transfer 1 tokens
  Sender: 9npdmMzBTwHkDCWH3AoRts9jTLtrvqi8bn5WKEsVbG4p
  Recipient: 14TJ82sAjiw2A8rTqGiBeseHp23RZqf3yZ5PovWSb2jS
  Recipient associated token account: 8PfAtuUJuMdFtt7wqNWM1NDuC1eVxZTATaKPzgt4aAj3
  Funding recipient: 8PfAtuUJuMdFtt7wqNWM1NDuC1eVxZTATaKPzgt4aAj3 (0.00203928 SOL)

Signature: BV3smHvNivrgw6CE5YMyTpoEZbUMU2uH6qLf2FxDGecTRjUXL4HFCEaNqBY56NNpApz7nH6jC4gJMPp1bSt4y79

Transfer 1 tokens
  Sender: CsBhm5iGkjRFEj3y5NzGZzVhztBBNUnPcGEeVseEKmFn
  Recipient: BEybAouvF3e3wxAMf2ivWAB3LeWY8HbMBv66NtocSV1A
  Recipient associated token account: 2zdGB85ToVhgMb9ESDpLDaMmmDArUASLPo5q1pB16ox2
  Funding recipient: 2zdGB85ToVhgMb9ESDpLDaMmmDArUASLPo5q1pB16ox2 (0.00203928 SOL)

Signature: 54Q6MQvj1c6Mdh8kHnptseqS9zTR24yjNJQwyokPiKzJVC2EkbDm3YCEji7qBcBetyMkkeyg34ohUXLFYJvbQvm3

Transfer 1 tokens
  Sender: 9gPuDm3JNvrCMXUpZSnK5LViQnisCbvfeP5N91WBe8nx
  Recipient: 3oGV8ZtekVMm1hDSvCGfPx2dRVdLiNX6X8knF5gS7Z5d
  Recipient associated token account: CaxkG8uVek3MAyLWNPrzcdRifPWGShTXLqp28XXoYV6H
  Funding recipient: CaxkG8uVek3MAyLWNPrzcdRifPWGShTXLqp28XXoYV6H (0.00203928 SOL)

Signature: 4zpwNpfiywUX3r7QRMsRMhzZCvznFCTr3Kso633kNpAVUgEQTYfnnxrHK4mJfDK5YGpp9rrSG5qrKMhjR26wvTdn

Transfer 1 tokens
  Sender: EUm2MKoqV8Hd3taBbXF5bsf8kYvgZyo37sFNfh8F2tLM
  Recipient: Poc3F21LL6fiHG1Eg9StxqHcLQ9BYreAhzXfRjY2Am7
  Recipient associated token account: 6NVXpSC6PBEVCx7AcQyzg8P4yzsvnkgjBjquKVS1RZ31
  Funding recipient: 6NVXpSC6PBEVCx7AcQyzg8P4yzsvnkgjBjquKVS1RZ31 (0.00203928 SOL)

Signature: 3SSwq8piaRPaD28fNnagxiriaNmkNjyWUivRekmop23Ngx2EBkh5cfzeUp66gPhgPDgD8tGT9g8EWk5GPyTQEpji

Transfer 1 tokens
  Sender: 9Xo2Bj4KmzF8Y8mxnQJ1b6kbToUs5QM6xtN7JXbozY5b
  Recipient: 664JR3KZ3WSPeufnsypjNnHGJZ765HuwvHXzAwVqBRzE
  Recipient associated token account: AS3RCHriuo6NstVzgEFRELdyo4MSmRjzFjsBXbu7oJhb
  Funding recipient: AS3RCHriuo6NstVzgEFRELdyo4MSmRjzFjsBXbu7oJhb (0.00203928 SOL)

Signature: 3yrXTnKpDCx3wD5BvV9DtkL71fcQ3Ew3f284B6nQW1h3uzuuMseizMiFS51pxMrFemJX4dH2LC5s8PMRCt3J8zQf

Transfer 1 tokens
  Sender: 6D5atkVZCK6P8kp27oDDjGRCT3RjyEaC5haMuywmk2jX
  Recipient: 3Zwm21VB7SYtYmVn2PnVj8qzzXzfAeoAifSoWNL7XZor
  Recipient associated token account: 7vz1gWNF5skKXd1apU4hFuR8ajzpvspANRnQZypaHk6F
  Funding recipient: 7vz1gWNF5skKXd1apU4hFuR8ajzpvspANRnQZypaHk6F (0.00203928 SOL)

Signature: 4PQjAyiTuDPZUD6uQDCTauL4oSvcNYHmvt3N4a3uJxaXAW3PksPVemAK8CzX1DKTbK7DYjMnNMGGYpDwEjajcYTL

Transfer 1 tokens
  Sender: A8TT5hHonycmSNjaLXKCCooBEZNoHV1AXmUjzpxaQVN5
  Recipient: Gps3Cj9nsku3sWKaa2pvkEMXaMkp1WTby6WUyxWwVbm4
  Recipient associated token account: AzkxjekkwsJxmHaR7e2YHZeGStjYJywCNMVc1Y9yZiy5
  Funding recipient: AzkxjekkwsJxmHaR7e2YHZeGStjYJywCNMVc1Y9yZiy5 (0.00203928 SOL)

Signature: pCNB8ci5nNuSMDdnTxsDBgwPvhRwFmK8nmTbZWUTWNqSHyKCvtcWCpbq1CtvQYY9mRjN4vtGg1na7ae25tt5UEU

Transfer 1 tokens
  Sender: H3M2WAg99RYB8aQLgSMx9UZ1cvAeTAAgWMTyykuizavr
  Recipient: HpcYvvyNRzva7uCvN1HRBUBrou4TW1i42oXYPkkXN6tU
  Recipient associated token account: 2SrckujgZfKsCnQikSuVeSPySrm6Wr931SKnzzi2Evv2
  Funding recipient: 2SrckujgZfKsCnQikSuVeSPySrm6Wr931SKnzzi2Evv2 (0.00203928 SOL)

Signature: 2MdPxpi5Xjp592a3Qg9v249Ckw7AoG7XhrgDzk5H6Zs2row5hqWZaHnXtCGYZhCiX9QL4KbdkUFcr4F2S1AXC8do

Transfer 1 tokens
  Sender: 3AHyLNkazECvgjBuZCHggAYaj1w7YkefJ7LX9j41YHrB
  Recipient: 9MvMUhQjQH1yE23i8n3PjKpvsmZEcNr92hL9W3ZxXPt6
  Recipient associated token account: GQh17Jq8AeUweDetaxm1B8R78uVMfREG5oJuVE7M94tZ
  Funding recipient: GQh17Jq8AeUweDetaxm1B8R78uVMfREG5oJuVE7M94tZ (0.00203928 SOL)

Signature: 26AtjrbKn7md4wj2oBL3LcPm9XJL6JiS97XbDAQb7cbJcqQ8tmPFfZu9einu4meD79A9zNM6bVhrJ7eJdTR7AXoS

Transfer 1 tokens
  Sender: 31CKRcNftCzgoZzH1q4RdfhoSSxjCT9cAK42PiifXPDz
  Recipient: BNR9v15ey3uWaeZsNYGX5rDvRus9S8UL16hSgduEArFN
  Recipient associated token account: 7Zij5Uzs3ff3NrVCv7Yo4j2qio8roJC9U2aHKrqAoVAF
  Funding recipient: 7Zij5Uzs3ff3NrVCv7Yo4j2qio8roJC9U2aHKrqAoVAF (0.00203928 SOL)

Signature: 5ur1jrhaDBahWoaiYkn7GjBWxg6UwU3xWwweWK6DmssrUYp9vxmD15KAYMb39hGhAGgC7GrWMA1b5s6gjuSspiAi

Transfer 1 tokens
  Sender: E3mWMdRFwz8fmNyGKS3By9x2mFxJURkjhXp71taXYonW
  Recipient: EppxE2vDF8cBrRmJ2BSYiJ1JtHcPFV48YR4NkRD36gHZ
  Recipient associated token account: GAEbfg1uURzXHVmXPVHKnT1GrKc6az84KZ3yAqQNJFNq
  Funding recipient: GAEbfg1uURzXHVmXPVHKnT1GrKc6az84KZ3yAqQNJFNq (0.00203928 SOL)

Signature: 5RfP9eSrs9MoxTXjCAyhc3SCBU1LF5fgJmi7UhwwrN2hV9j91HnqPxbH8LoEUYuGSxjtCMV915P39YSKMCb9ApGR

Transfer 1 tokens
  Sender: 3Sj1nHggNRAVhkrqfrAw2S5s9o4k9ewU8J5Ugfz7V4Hj
  Recipient: EAzuPsCQuDDm5EyUeSS9bDbrsDrKejiRNJgLJkRvqAWz
  Recipient associated token account: 46TRG361vE18kv6tYBYVZZL6bRnNC7fTULQgraSnkpSb
  Funding recipient: 46TRG361vE18kv6tYBYVZZL6bRnNC7fTULQgraSnkpSb (0.00203928 SOL)

Signature: 4NSqyzmAer5vPG1xYqPfnEjrPBDfU9xKNTYqNDuyRgtzviTKRrZoGz3ZEJxdFiKeexhaKBsdU6CZW1tkMUevJM2j

