3iECkU6Z2ARoGgYWsUThExjrzTTDq42boxMXiQL4RAn6
Euf5fCRyh9WMy27vZCs1R8RRwCN2dCgqsqBZDAASGDHs
8TnEWDS87Re3oV3EtmSCf7ocM67jBDsSsEQGaK7FKHPP
Ae6WNtDcKu1WNozW9ksV4RzxtiPutkjfikr7yAJ2gmoG
BR3QHHLwD3Swe2gBZPJ8xLZaRi7P65PBtCwG9jYJJhMy
HEpo5hYJhDsBB2nFrPuQNEwJNE3n1tKgfRvotMJLZaBk
DwFhLbsKCQYRAKmf6hutb2nqyNzrMVXtqF9XpnSXU6cm
CMvHYVBp1JdPgL9doDfvMcA3j113jN4TeTq8gLAVRXx2
8nbZNMwyFqhHZyKqdaXfAXgEqwWwZxdbNvgQGMqxSFWN
6Zo9wYRsU3hNWphsBksWRBprxL6zDHhRr3CB184a3CqR
HKQ2xEb2cRFWQAzcoNWPVteV7zDtwbC6VSv5miNXVA5X
DAqbAaF1MTb9PW1Eq6kWTCrVAnDhn1YQk5v7kF1QekFR
Ey835pQvxV4ZABayWt9nMgGTVxia3VUAfRR7h1Wp4zqD
7bwzJ6ZK8uNVrDkgCXvS2BoFhYHifmRGEKDT9DTSyNcJ
5NNapG4zb6N8QQQ79oDbKXdwHKgWKes8ZuK6JGuhVr55
5jMP1S9B7SvVjaSHXDyKWsfmqnMDE4r4wiu7g9gJMNtd
4SrFWHbLdgFdxS8ojLqs8zH8TCuVb6M3GDLgYTLhFj9a
CtoMjR67fCsryYEKZE991r33pw3DK9xXD1CRcnjr7aLE
HKaPyYNg9ysYTnuWeyU5GDYcUjrXoqysN9cm59DM5QVt
BZmyE6hbjViqc8ofr767HbV8TECruaiKXmfAdKbMPAzb
