Transfer 1 tokens
  Sender: 4qKyEvPrWuMdeqsxT8CKNw8m9UbVFkPsYr4KqYfJARKh
  Recipient: 5uSmDhZZ7dhpdpWUKAzDoiteeQCe3ReoUHbZzKvFEVtz
  Recipient associated token account: EAVsExeiw9D2poHGKYNP5oabuGMwwq4acSQTCu94RpJR
  Funding recipient: EAVsExeiw9D2poHGKYNP5oabuGMwwq4acSQTCu94RpJR (0.00203928 SOL)

Signature: bEzi2F9xQY3e9PkqmXrHbiRxMFZNYaJ7yJX63FZthPdRJETAoKAaYJiTrQb4iwoX7SXj1JsHVf97wkQgGKevsJH

Transfer 1 tokens
  Sender: HJBq79ppeJ7fopzPBCuNaxnwXpG1FkEqTua5pR5mdpUZ
  Recipient: F2xCJK7eLUJ173xRcBpwhNHCwGdkc8mv5CpyZ993FDJR
  Recipient associated token account: EBFk5ZSzFaeNBdK5nqtGDqf1dRWQkStPY7H6AkndopRY
  Funding recipient: EBFk5ZSzFaeNBdK5nqtGDqf1dRWQkStPY7H6AkndopRY (0.00203928 SOL)

Signature: 2zJhPDaqDheKFCBcgE9JBDV2KYJviwfq4UN6HJb4H1qZfSRCt6bo1PJ4SF3aSvpT2UkXzzpSWUDYfuiZzRSTac1q

Transfer 1 tokens
  Sender: b4SMjSTAvnzhi5pi95gyRYHPNPsk5o4FkvbjSeAurvP
  Recipient: FqpC4nnEZ2SRWvoDyBEzjrzicCekKV2wZWC5uGhfuhYk
  Recipient associated token account: 4VT6mVtRi7raZ1RXWuN4vpzUUPuiFcxcPGgKb1RjiC9W
  Funding recipient: 4VT6mVtRi7raZ1RXWuN4vpzUUPuiFcxcPGgKb1RjiC9W (0.00203928 SOL)

Signature: 5ZDBQP6K2oZUijuNLkTRj6ZENqKdWh8d4eXJrR3ez8qdusAqteGDRUBB7tcd884BcEUsweGFMpLGyCoQy2GFfrtd

Transfer 1 tokens
  Sender: Aqzqbp2g9i2uUz4AiDWaEuUqjBcwWPjzoaYKCHYcXDzL
  Recipient: 7Mg44QTorb5qUuSec894PrnWj2566yDJZahRKu7WEVgj
  Recipient associated token account: 4qQefYMChmyyLHFZHvVNSkmA2s1vPPZtQksoHqZvuwmm
  Funding recipient: 4qQefYMChmyyLHFZHvVNSkmA2s1vPPZtQksoHqZvuwmm (0.00203928 SOL)

Signature: 5fjLrRfGzkbyvK94Yvkh4Udv7i3skr59JJ7ny8fBeSWa7Nhc1CRhiYcXcMym7i5kgFLrUT95Kg5qC2qLvu1RJg51

Transfer 1 tokens
  Sender: 2gyGVFLBE5p8ZtVivx1aXwQk8u2gwXuKZyxiyTrBVrX2
  Recipient: NoKqf6yhqTE4jtYGL8Pw7W7xP6TV6k6ywgeqPRBnwhD
  Recipient associated token account: AkxEHQya2xDhmSMWYTFjQ7Hcf7i9CK95VVo5hKh4bmrK
  Funding recipient: AkxEHQya2xDhmSMWYTFjQ7Hcf7i9CK95VVo5hKh4bmrK (0.00203928 SOL)

Signature: 3xBXREoFkUjWBSdVk78rD3uHsAbCUPgK3jakd2cdtAE2cNg4masmzfGgfETNmzEi6Zdvia3arULW2npyGDN7Z8gv

Transfer 1 tokens
  Sender: DkKiFY2iDJ5W9kR3Fw82KVhJmgRRmt2JBVzoHwJ71j4x
  Recipient: 5ssu1FQCAxLQZUbSnFXAuPn2eDaZBTWkc5QBChh2yxAa
  Recipient associated token account: FcAqdBfyjF2EtPqjAzT3eqzhBTPqcKs1KrzRBPMVZXMt
  Funding recipient: FcAqdBfyjF2EtPqjAzT3eqzhBTPqcKs1KrzRBPMVZXMt (0.00203928 SOL)

Signature: 5WvWtiXTPCxwJzMLVEpJgkPkWCRamBrwUNNn5a1Z9gkdBF2jWARyjncRUGoeF2FaXcGPcJwKHiEZ2czR1dvEHy45

Transfer 1 tokens
  Sender: GHDcvPCgcjJSb1NkgJDqUDYHVoYRkpaAcrbp2Ao46EZm
  Recipient: hF57bqov6UrfrLybHm32BmoUiKMFN4Eo3Xi1YAeRZpi
  Recipient associated token account: 2XCV9pDrR8CbScb7B6WZNgZXaXKU4fmRdsohLKEWNTfw
  Funding recipient: 2XCV9pDrR8CbScb7B6WZNgZXaXKU4fmRdsohLKEWNTfw (0.00203928 SOL)

Signature: k2rTpdBatABu18MjvpMoV5AwfvFt1pVLABKTPCFHBzX2w3kRk62XQZYCbyPGRwiTtE4yQzL5NuAfQVCHP8TQ7mg

Transfer 1 tokens
  Sender: 5FA4oPRadgd4TG3Y43mATGQdvMpH2kM1HEWCBmggnENZ
  Recipient: HpcYvvyNRzva7uCvN1HRBUBrou4TW1i42oXYPkkXN6tU
  Recipient associated token account: BRyD8cRPSghiMB9vFjc6xav7M5rwotC57H8R9jcRaz2n
  Funding recipient: BRyD8cRPSghiMB9vFjc6xav7M5rwotC57H8R9jcRaz2n (0.00203928 SOL)

Signature: 4r6xWBYdQfXG3qcjkNgQD1Y37Lkb7a1NfdBFtyRGEiZTstqeM9kTYjnx1h8KdgRgpL6Jri5AoqdgEHcLQfyamFmn

Transfer 1 tokens
  Sender: BBmrL8EiaMv3LXnzKJQKqLWpoyrtPKG4e1VdQQcLBgw8
  Recipient: HpvJssnfUR3tEwvSmWKYrcBFKuae4hpQ5JqjtLnju6M1
  Recipient associated token account: 5mDkYHEbEVPUtXN4mEa2WWCevNSxvNmPdQ9HMmhfUcoa
  Funding recipient: 5mDkYHEbEVPUtXN4mEa2WWCevNSxvNmPdQ9HMmhfUcoa (0.00203928 SOL)

Signature: 4YP8cYyPq5KAA7AqhfUkbRb4vkj8xvV4cnCTbn2fu89fFPdf3DKYhsuGxZ8jzDXY6EgjqHukXUHjjtXTnC42AaX5

Transfer 1 tokens
  Sender: CDGzDbYDoDFWfB9WcR9tXFNjgijRzF5BZr9wSSAJ3294
  Recipient: CgeQQY2g3ZKXSPBdTVa2sZ6Eet3456WfG7KmrTLRh6MF
  Recipient associated token account: Go5yxCJwwUyBMrYPDcKVhJLPoFGDZM42ZRWJFvcsEvDw
  Funding recipient: Go5yxCJwwUyBMrYPDcKVhJLPoFGDZM42ZRWJFvcsEvDw (0.00203928 SOL)

Signature: UZANh2DcZnegmipKXAA1uwmRAaRpCMuhWceX5nT9CTaYKDtfFUMgJeb7S5dpUPbWLpPdrW366Psy2PgoaHXFRs8

Transfer 1 tokens
  Sender: CjFH3Uik9f9vXANiYuLWbX2eBKYy1ukYvvB6FgYE6UL9
  Recipient: 4rKXwsNPoYsP1doRNc7HBeoGUFpR12LzNxurm76om7US
  Recipient associated token account: B33199icEnJfRfX67iELhsG5k5TyCLXrwPgmPNfTHesd
  Funding recipient: B33199icEnJfRfX67iELhsG5k5TyCLXrwPgmPNfTHesd (0.00203928 SOL)

Signature: KYxFCUbVbvip4Rujoyf1ho5orj1VGMhQkWuyohz9YtiqHd1hkM8uAbgJH177meReZ8Vybab3vKwnyUtnwCBUx85

Transfer 1 tokens
  Sender: 3bTmrCmSUD9avmDQhhNBswUknZoxjq4bWxrZLkyJhc8p
  Recipient: CoA6BbArzsu95PbJixBxNezZhgbJnEQN7JUsKW8matcu
  Recipient associated token account: FPFe2y7zXhTRL7upmuptH6HbgKoZcvNRoEvEKBtP3zD4
  Funding recipient: FPFe2y7zXhTRL7upmuptH6HbgKoZcvNRoEvEKBtP3zD4 (0.00203928 SOL)

Signature: FKGpu1BfuHUzRfwc1aNGK2q5pmgiDT9YAwATQQ8Gb3untLrk1z4hzqgHMjEij6Ppj7PLrhPoA66xG18Hy87yqfe

Transfer 1 tokens
  Sender: ERN5zk6htvzqvpYKv7xHzaqin5Wv89BjVMGc8BGiittK
  Recipient: 5xGiZhSZgSH4K3nxRWB6vD74mxQ8Ty26oMbuGv7tubKP
  Recipient associated token account: 7hhRFsogZC8hnJBWhhFzXN7Q9sVsG4xCNTBDe2v8QENe
  Funding recipient: 7hhRFsogZC8hnJBWhhFzXN7Q9sVsG4xCNTBDe2v8QENe (0.00203928 SOL)

Signature: 4v9fU8BYQQoDL3Jbf2VoTLcw3qTcg8nxiAggJP6vEADfpmHaUghfzvF8rMoHrS4V2R7nkWfX8tyc3QhqhBNcgUUp

Transfer 1 tokens
  Sender: D5byJdCuSe2sfwVxtGwriM63xz2f1E3CqcwMVY76KKzH
  Recipient: EHaefxu6PgMXRw8VrraTFaCA8jnG4uKzPtRrCCzPBz4o
  Recipient associated token account: DfLUfd8qwcPwTkof486heAsVA3QUXBB8vEsGn9ESQeQu
  Funding recipient: DfLUfd8qwcPwTkof486heAsVA3QUXBB8vEsGn9ESQeQu (0.00203928 SOL)

Signature: 58rR3ymeC4t8aXffWnTp7nQnTC6A6gV89esvLowvGkiBD94Y3mz1rZAWvv77rPk46oLrQMqdUVaHcxrPjMMc9TVS

Transfer 1 tokens
  Sender: 78XCeyaxzsxQuGn1XC2CaUySmNAb2ckP25UZbL6VrnXY
  Recipient: FjLV8aGW2uKPqu48RsRJsArHNA5qJZda489eYzxgqj9t
  Recipient associated token account: A5BcjdDVxMGen95QBcpgN6sXvuJPFVPqN6BR8fGUpMUg
  Funding recipient: A5BcjdDVxMGen95QBcpgN6sXvuJPFVPqN6BR8fGUpMUg (0.00203928 SOL)

Signature: t3eo9NSzQWvperaakeqs3a5ZLTpWAqyWtrbWEPZYWTfHR87ooFhUHCiLH6gYUG6VswTjSfu9sJKoYuLtKGL9isZ

Transfer 1 tokens
  Sender: CbkXyCfp7XXWkV8c8tUrNz9pC3Vej51eXhQRB1n17NLn
  Recipient: 8XGaSpNJD2cq7dCZ3sUC5swg5TrHQ6LMEoGixkCN47rG
  Recipient associated token account: 2zvM9tJdYuuaYQ2ZfQ3yehAkMzcaMnRgbYdK4hRXwYww
  Funding recipient: 2zvM9tJdYuuaYQ2ZfQ3yehAkMzcaMnRgbYdK4hRXwYww (0.00203928 SOL)

Signature: 325Jer6xE3ypjYdGdnrJCRvMVpFzE1eiRUk68R1M7j3t3wByLZMfPFFTtHygDDrnEUfDVjxaeNEYxUwb1VkC4Sa5

Transfer 1 tokens
  Sender: 6DG5HHBBwmhqtYaYKKoUiShEsFST1sJHCcY3nBgfu5P2
  Recipient: ERm8djghXKQqQ7ryzNZkyeQdSom2uUYSWr4HT5NEWpvJ
  Recipient associated token account: 9n3UgAsrNJFayBwy4k5AvRPuXAKu3HMauZg2hKD3oQM9
  Funding recipient: 9n3UgAsrNJFayBwy4k5AvRPuXAKu3HMauZg2hKD3oQM9 (0.00203928 SOL)

Signature: 2SUvjKbLC2LWJxej8asbjjv1yN1JHfrsfFprEYBg9otp3WPhHVXEsvLRHxEVxfYjpCQdo43iHbJkjfHbzTVaV9JY

Transfer 1 tokens
  Sender: 8WSLeVEQc9pCmrXcadN8sGncw9HnqihPgfd16c3WacCz
  Recipient: 7P4Bb1pCMuYNveYhg2j445cmTRCEGp2eAAtBQUv7Jz89
  Recipient associated token account: C9umnXeM2EHAoympjDP8yGgCSbxWNcWXnVspPG5X1wDh
  Funding recipient: C9umnXeM2EHAoympjDP8yGgCSbxWNcWXnVspPG5X1wDh (0.00203928 SOL)

Signature: 55oxwH6iyeE9UgsfMtVa8K9A9cR3jo8845pQhfALbnAMKZ55XYFGnv7TFZppkeJiNc9hoQdFjC53xhvnvUFMmMhA

Transfer 1 tokens
  Sender: EuyZN9KctnKv8z1W9rogWXLG6i9gyK1U85j69GoEVFh3
  Recipient: DJ7Xh6mR3n22xphxwcypRwWXMZDKMoVkozpw4yYVmNgw
  Recipient associated token account: GSDB9pcvsy1HgAJJJABjA9MvEhkSB91FWNNeTZ21F3pD
  Funding recipient: GSDB9pcvsy1HgAJJJABjA9MvEhkSB91FWNNeTZ21F3pD (0.00203928 SOL)

Signature: 2b9f2j6i8MJ12cdL8YyznMZYshnwoVzMFzqvWq1gz7JPwsrRKHr2zxXLH2nXwhpkSbSXiZwUoUGUhqM887zsq1SR

Transfer 1 tokens
  Sender: 9EkHZRi6F2AhVHZTefxMQ4rGhjuCAcYYRWwtfRJ4T9Mq
  Recipient: HFtUoTky5jW1gQrFtDNFNZu9Z8bUs9v8Auv4mqKJG5es
  Recipient associated token account: GGDJ2ohcucx8Dwmu88bfqNEpC5gFVXgwkenLU2ERa47
  Funding recipient: GGDJ2ohcucx8Dwmu88bfqNEpC5gFVXgwkenLU2ERa47 (0.00203928 SOL)

Signature: 5dxKyv8uJv6H4objNXseTr5pQiM4StNmZKCnGdggikjG94T7hStbhzsU9rEQfkzMGLz5duWS14EyE8fEP1iAn2HA

