9o7LmZQHdzCENQhDFMTk8ERkHEipyq61txX7zCgQ2yFc
P42HYSk6eJLf3rQQWDBbDKpP7XzLrJ8Fb6qhSfz6RPE
4XsD1nmLt2fgpLtZR999WhvcEe9Q25C4KHjYKRCjh7M8
4kjzkLRoGig94Ma52CZsfBwh4BNipM7Y8GyS6kErtUFE
3y22zoHw15uCFK3sybBzvCqNJPcfdrrdW3TYYWNZUjTi
5bCL44ew1SziopANgYp5q9CXaKUDa7X3cAYwbJu6CJ4e
GdJrL7gYyXt7yYohnfLy3hfnQSEDfu4t8tEpHX4KzcL4
9xeiKwGQnAMT89wB1XsJRPB9yTPttNBCCCAsqrHjSGd2
HzHJ74e1brnFr66D1FnjLKPYbi4w7Qhq73jBs8EhZNbS
2hiSAFrAzVAjv6omQ4yD3jJMGjPJYHnNM6DD8EZzNoNz
HJWRVFkYAA4ucuvd2sxfgdqW9MYmHmXrWvthjPYY9456
5bSGTGccPodZE5CLTMcpSfWAKt5u9axsgvEUaCeD8NXB
ByaXka61hZJtNT5UUfctjbsLw2tdwt5mWq8HPjsPNH3X
FKakTj9TFAVRCWTbfWundShVMzXZP2kjJT467E2ho6WT
ABCUsb5MsXBs7iXvCvwnQnxkpKtACoFkKZmPxtXxpA8g
GoSRxCwopwmWG7CfmmAsJH1KSeQ7kcRCKt6o6JgHN9Kk
2QhPTAcG8ERNwnND4RHFsgCXZfcjtEaGHWLB2dJSDkvV
7d38heALWw68S1nb8S4FfyUQ2ePUprPSRyeSeX5vEbF6
HfUXj1eVJfSuM2hbd1XDejn8UeN4i1gyrZmSsw3ZBgKw
7MJW6d2qvw3dyfLK1nkZ8RtpFCikUbPQEmEEHW7EsPoC
