3HesCZVF7QPJBwDTDwehnpuVnDAQZ65gyAxHQVgRS9xX
H2pXrYSi5rB3BE6PCbnyvZiBaUUWnfJnqegeEJ4rD7k6
D4HnAcyFyHJSH1poM3bpKEB8rmxaSAUdrQK859NrqkUK
HcgpRduyv896d1thVzAsjWNdZ6KpzFQobgi2raavRkNd
5VCR7wMKRHzQdC3Wg8BAc2YFGLQmbDQQSbegfmmxiMAt
CzTpNrZxehWz76SZkCuuAdsiPQX8iLFFqtd6EwmVZDEf
Eqfdj4fvt2nnGU2n3H2cYrGMpoo1fMXDKuG14yMtai4R
4K3B1iMM6Sk5KWS5nkVYizprht8kNDnypzMHYGNzhXws
8zNHTUB1BoczLzoubUkrpiYRSFsxkhiRbdyCq7KLU7sf
BT5Ak8cGq6dLVikf31NfLbCn35J4PZVfA1Big89VBd1n
F8hrFSraynSrYohYZX5v2e8fD9MPPkU1jbyEeDtPGdqt
884Yx648JLF2o5DSLiBzyV2T9S7B8N6iXsChzcizAsup
BGiaAQUYRWK8C9PdzdydfGj8r3Ueipf3kXL1gQNhWENr
2ntbTG46jSxVLctF8wCuyM4Dhr8MyytJmciHpRWBX8zE
Bac4cgFPutgDTTGc9Z1VMGMQ4pmpKSnLCzZmvpUfCCPJ
7tGoxYVQT69DUjgkQ6Da1sisEyk8zUhp29pEug4bjr1L
BzQPhQayTPv8VzRgtqueeWWfei3UyC6xibBdkecZvZh
8mM1baP7XcA9QuE2bKACPEvzrV7HpJ5hDL8HgbLAD1o7
FV2uYML5o72Npc2oBcdUcRwNiCAyWrhq3GasTM1kPNj9
FuoAd2W8wkje7G9n6kEyoELB2Aj7i6VYALm7ub2hHhCq
