Transfer 1 tokens
  Sender: 3HniQp1xE8kz8nu6tBVBMHeDL9wRFYDCBp3jCqpB52s1
  Recipient: HjezSazHZ9FxjtcKkfBTDFETEGMkiTMmoP8ysK4N2z3V
  Recipient associated token account: 9cFRGuD2HbnUgAsSwHwFPw2iqF85TvLe3VheRxhnkn4R
  Funding recipient: 9cFRGuD2HbnUgAsSwHwFPw2iqF85TvLe3VheRxhnkn4R (0.00203928 SOL)

Signature: YQjYuYbrq5rYeieEuqP79C3gUUKATMgkvVPKdFjygPbLXkhExzAbf5TptjBUPXmwe8bddoynjjDVNsjbaBA72T3

Transfer 1 tokens
  Sender: c8qGXEQhyA6nLsKv3Q46MJjkihxbJoBbrCVQWGFWJEL
  Recipient: GryqvMoqZFnmTxVMduzUQt4RtCZZCTKRZwLNuL4KyKsa
  Recipient associated token account: 7KkE3ADTUGm8g8CvztwFhrohERuwGa9o3LVbZR2kiRHp
  Funding recipient: 7KkE3ADTUGm8g8CvztwFhrohERuwGa9o3LVbZR2kiRHp (0.00203928 SOL)

Signature: Tk7UvHMJioLnYmBEL6W75prSh2QXvLdbWsrpsq9T9wDr1ZEvjq9LW6LkpENpMGSDhE8g6FRTiGDzXTa2CVLeN2i

Transfer 1 tokens
  Sender: CLXXmMGT8phq7x2FjUPD4Ros3DPsLHZijAYBcWkdeyq8
  Recipient: 9cQepRHEXLZC2F2ncuK9HY6b228dQ7HNCuxZatWZXsNe
  Recipient associated token account: FkUqychrxSVJpHR16bQ1hmmGc5XJ8kwVQwrd4wH93d2C
  Funding recipient: FkUqychrxSVJpHR16bQ1hmmGc5XJ8kwVQwrd4wH93d2C (0.00203928 SOL)

Signature: WjXEFvMaEaReVnDQ6iHVeCYR3pVM8H1wVSMahNrewQQV8YnkYj6CJKRAJn7U4VEwUA61vzm7p2DK3x3LFbWy7Zc

Transfer 1 tokens
  Sender: FJ1RkFbjnq2qzBS6eUqzynyVEqir15v9YwAWmSVchtNm
  Recipient: Gqd6bnEu3XJGtKfj4HX6SoXsyU1GP7HqgxMWyVDP36cn
  Recipient associated token account: D56q3HRM6KFkkGpy1WZYywiBKdHqvhcEhewSTaNfdFyQ
  Funding recipient: D56q3HRM6KFkkGpy1WZYywiBKdHqvhcEhewSTaNfdFyQ (0.00203928 SOL)

Signature: 3WYRWhg7ki9qrG5wMcmMjJRwi6T8VGCNaBWbxeziSVaJkNZ3QpmSEbu6m7zuDHioKBBm8eW9XT6T58ws5UpbxQue

Transfer 1 tokens
  Sender: 5CKPRwhfd3gXT8chrANMGy8S3GaoAWtWuA9xuE6ySHDi
  Recipient: B6vnUveAL1t6uVSuHMXYfnJ2jksTVk5dMmQe4UQ5bop1
  Recipient associated token account: 6kNoErnN7pf5gbsHn5dmyjKgU3MX7mpTDxfLc6mQY9YW
  Funding recipient: 6kNoErnN7pf5gbsHn5dmyjKgU3MX7mpTDxfLc6mQY9YW (0.00203928 SOL)

Signature: 5ovPgVpi7SSb2yQQeXBLTsHd8Gz9Xi3sBS9p851DYNzy4UfKXvp4fhKC3a26oiq8tGkC6JdnoZBG2xKg2T6uQoRk

Transfer 1 tokens
  Sender: J4gvY8JmoJKozAqFn9Xj7v7zoHgUEqQ2WrfKfJStM2G4
  Recipient: 75MdmQXkMnJgn974AMpyLfdyP2AnkYnVxEsykjKk8mXH
  Recipient associated token account: 5LUsvNvYCUdzb9Vp6YRobEAnGCD4dF1ZSaDxKN1vZSjC
  Funding recipient: 5LUsvNvYCUdzb9Vp6YRobEAnGCD4dF1ZSaDxKN1vZSjC (0.00203928 SOL)

Signature: izeGyFxwagqUvnYKjaZQNEMhEZh3X75chhb6rDKaF2wpcyUUbKScJP9U5EANxHdPTpZk1tuhojgrt9qxx2kn2Z9

Transfer 1 tokens
  Sender: 5x271ANbkrpJpBSMYkHSq68JpPQ9iUMXmp7bCiAmDopx
  Recipient: CB9es7tjVyKmCZ3B9jngkh8aqkKwLUjKNFwn88uKB2vw
  Recipient associated token account: EHgh4fwkXrts93uZkx4mqRkMkoMiCP7zknK4mc9LTpWM
  Funding recipient: EHgh4fwkXrts93uZkx4mqRkMkoMiCP7zknK4mc9LTpWM (0.00203928 SOL)

Signature: 7bjFZsfDNVbGB3rD2E2qFYbmrZVRiGWVUUNnCsvKGgg7zGAxzv9D6m1JQoYaHBGSWjKqo15QNtRoLzFLEJ5PFuw

Transfer 1 tokens
  Sender: HKgUEB6asS1xrnkB7QebAANFXXgrpae7BUJmhhZu7JtV
  Recipient: EAzuPsCQuDDm5EyUeSS9bDbrsDrKejiRNJgLJkRvqAWz
  Recipient associated token account: 67CfpHNttNp7aEMwyhhQKuPJ16zdKr9aTy8T6JjhBQME
  Funding recipient: 67CfpHNttNp7aEMwyhhQKuPJ16zdKr9aTy8T6JjhBQME (0.00203928 SOL)

Signature: 36HKHTo3wKjv4avTwhaQqcujUPS1PJC8mMGkwUuozLrn9Tpj5dNsSopN929mricCrTQZkfs8dQ5E6uZDNYeA451H

Transfer 1 tokens
  Sender: A9AG9WaZEsBUFHRXMAPZZpHf1nvd8FoZMDidC5quYFN5
  Recipient: BVFTQzEas8kMPkcugksaTTuLnQJ8ESxtLryk4ngdyvjU
  Recipient associated token account: G5Ax1jBFQHqQbrUqPesC6z1nH6NkNcqsCR1wxMi4Dszf
  Funding recipient: G5Ax1jBFQHqQbrUqPesC6z1nH6NkNcqsCR1wxMi4Dszf (0.00203928 SOL)

Signature: 4xGT3rnNXLLZGTmLXRUpRD7ZAa7KcdPs25VsbErAuTGVhaqENC2hJZQQHhfRRSJFGtDo7nPpmVuwKpos7vVnsSvd

Transfer 1 tokens
  Sender: EbsF27mtpJsHZpZZeUnER8uAeEAewZWG3XzrogT8TNjF
  Recipient: 4jvJMGgLqwP25CE9NH3HhkQWrCjG3K7Uxr27szxokJJk
  Recipient associated token account: EhkdxUoGeLRyj9MvoosvgpUC3UctwmVx6k3WaDEyiwo7
  Funding recipient: EhkdxUoGeLRyj9MvoosvgpUC3UctwmVx6k3WaDEyiwo7 (0.00203928 SOL)

Signature: 7EHamUwEzba2FGx9T3VoT9HWSNf7RvUzPU6yJCi9xczfryUTikBgRa6SrcT2cmnah8LpWRFAEeLsucffNd61rEW

Transfer 1 tokens
  Sender: ChM7zxJffb9rE1VBc7tG8GXAHp8CyaTE9AoETduP9e8X
  Recipient: ATXM89GYmkfp1uPVfx9wh1Sh1sZbPLpQqFqtXCUWrzPu
  Recipient associated token account: Aq6FMpeToFd5YCf6P8f5S4uTN2RGXxDJWoYqoZ2wncDA
  Funding recipient: Aq6FMpeToFd5YCf6P8f5S4uTN2RGXxDJWoYqoZ2wncDA (0.00203928 SOL)

Signature: GCc3xqK9jb124wXaFRpFNqkhpRfnbHHDptoXM5qCUq5KnAtMB79NYe1PzSYuUXpjaSyWQ2AT92Z2h8qpWa1TBKU

Transfer 1 tokens
  Sender: GxT4YwQyVYGqs3q6hc7eACVPMU5owcKekMrTPT1pswYe
  Recipient: 3eucHmLaRJzL3d3rzYx94KvxcVhR4ESLo9R9hhb5Snbo
  Recipient associated token account: 2F6YNkdxAni2jGGYJVDLcu9zTpDS9oZksWhWFjtatysD
  Funding recipient: 2F6YNkdxAni2jGGYJVDLcu9zTpDS9oZksWhWFjtatysD (0.00203928 SOL)

Signature: 5329GPLVgBQziHZPP6rjtoEShPgnpXLbm92nQmoq3KBzpzBmVrJZaNsqXatkFkSCuF3YPHj2a5pSHH1GtABtnvwe

Transfer 1 tokens
  Sender: 65vhFohUngD9mkzziU1VAC8Xf5FgAGT5dSem31z7CWaN
  Recipient: EzFmEHFgkNa38kcnWSaVy6FDP24xvWHTisRUjLD5aMLH
  Recipient associated token account: 2KSgHHqJvB3F6jcAdzSTSCAcHrXfCoV16oC1rRSCwFr5
  Funding recipient: 2KSgHHqJvB3F6jcAdzSTSCAcHrXfCoV16oC1rRSCwFr5 (0.00203928 SOL)

Signature: zdeENc7mVyZ2rCwC7LCaPQpdc6trbNi1ix8qbGFecPyiBMQ1qf6URENd27oceZ54kMtcbZUYbatTHF6UMfQqkN4

Transfer 1 tokens
  Sender: DBtiUTmWgzLEpdAj2McaqtZqpE6QoUPPbSPcw1SQqoQd
  Recipient: 5tgZmrCGPTFsQcsb8zswLfrGuYiLp1LTuNPBvfrQb2Yy
  Recipient associated token account: G7GLrDzc7iM1dVucoxRCvAbdis8u8YZFk7V2dRexEttH
  Funding recipient: G7GLrDzc7iM1dVucoxRCvAbdis8u8YZFk7V2dRexEttH (0.00203928 SOL)

Signature: 4F2fdYpMZrFSmaQ2S4oCMMJh4GuZDVDPtKxre6RY5Lznidri9fEqBEE3YNzsocefo1TE6rF6Zd75kpHhLCAheVue

Transfer 1 tokens
  Sender: BmMG5MBdChZ8JE3Hvn4Y1VANAdLxwiQkMqA76BmebH8v
  Recipient: 8YxFLe5NoaTNzUHQDkyabtHwSnYuVPi7pKcsNXd9D5SU
  Recipient associated token account: 9C8wvowjvemtsNJt1PzuWEwom4duH5qj2Jc7dkEYadCX
  Funding recipient: 9C8wvowjvemtsNJt1PzuWEwom4duH5qj2Jc7dkEYadCX (0.00203928 SOL)

Signature: 2XsqNmFETPyo8vsywqLXviV9LafUm9kZirokquVbtRR63KFVZQk8C92mT4m4KiVRdyiagF2BQATUuwd8WCJ88TJQ

Transfer 1 tokens
  Sender: FFne5HZx32WDpGoZVxrVwYUCi7YgjcfNoGKoqHMdEuno
  Recipient: 2n5PbADyQXeCMztD5wnZjF3Nn2w8PmCmqSQ68TT6Q6KX
  Recipient associated token account: EAGe6JnXCsS8R47ZdZ8omtSxsK3KQWWd1ttp56AVKFzS
  Funding recipient: EAGe6JnXCsS8R47ZdZ8omtSxsK3KQWWd1ttp56AVKFzS (0.00203928 SOL)

Signature: hMNhy4FT34yLvSwhkNW6D9vzUZf2qw8kUGLC9WLDdtiFueT5hnnmQjTaAvFKcfcMBeeS3Cut2SoMug2PaYv87Yf

Transfer 1 tokens
  Sender: BvFhvxA7Ps68PTSkzmkJthe46amADcc1UXaPtzTemwEb
  Recipient: 8FtqS861655sZyo1jnjorkNCE9Zh6joPNVopLy5X3Wdd
  Recipient associated token account: CoPw8QJoRMBAw2Gh7hyjCXtT16hYdJmzNCY9oVgTyfik
  Funding recipient: CoPw8QJoRMBAw2Gh7hyjCXtT16hYdJmzNCY9oVgTyfik (0.00203928 SOL)

Signature: 25p9zhGZTur1vkPRNk5NZ1AXpL5mwmk8i7pGXPedyqfHQh1N1CbPgs4CqZCpH4zSdtWMEoN8FkEoHVBnXMWAGoxF

Transfer 1 tokens
  Sender: 2GKpGZ9cytbdFqR6VEa4cohG8TNia5u6eJkuniaUmXid
  Recipient: J93Difd8Nya2C8ii3kjnbPyZEVKPTGu1KXaxe5wRghHd
  Recipient associated token account: BdAFcE4V9GhFztqFhbgwgeNbEGpgdFCstaB61sHFxkWt
  Funding recipient: BdAFcE4V9GhFztqFhbgwgeNbEGpgdFCstaB61sHFxkWt (0.00203928 SOL)

Signature: 35ncir5btAyrW6VxftAmmPhkVHZRC8zmBGSPJLqwDHDBATVTZABzQX5uoRo4yUKEi84WRVWDJZkz1CiRFDF4xbyE

Transfer 1 tokens
  Sender: Cp3xWng4q5S6HFA38g7WTutAh3XUdKDsJSFvtcKBc3Ur
  Recipient: AsxYivuyVu6znDgnwenpLSLvkZDua4mGKxTvM2JgoeDU
  Recipient associated token account: 5WteJBrixNX9DZzPJSb97KPwFNJhLuFDutAL6prjdoPY
  Funding recipient: 5WteJBrixNX9DZzPJSb97KPwFNJhLuFDutAL6prjdoPY (0.00203928 SOL)

Signature: H3bpABSSpsF8griX6nARtnUdF1U1dVq2sdWkW3oYrVnEdRNkoCrC51PAHzj6gZiop7VtqNKQcfN9QYkS1q7d1GW

