247CPNuAQ9shy2NSDdYA9ygkyHtuxRmgTr3xrTv7ZEAp
8qC1FkjRx5jkAQ5q6vF6jFoyvVzNRuFFPi2QkcP8aje1
FSVWmTmkVtQcGPoD4p3HZiPwG4XUke1dwuENAToaJiy1
3ek1dKBxos2nTHt1MGk5fKW81uhXj2xm3vAP8Zq8Rvre
Byy7VCWBsmPbmvbtpG8GM3ZdGRvkwJSCvYrkWP2QPQic
AZNnMigzns66DtfPrU58qE7M9PajBjHa6oN7X8E1SU1y
4ceopPvTnJS3KvDd91FF2guy9rihi9S6pANMasJAycwp
8458vjA9185oSCWStmtrePyMdNNfyfcrj338Rj3f1VjW
DS1HC1f1Mo8WPkVibPrsJxxYtJAikq4bxX12APWCRAcB
Cv6caYeuPCwJDYsHYy4mTG4nhKcb9w5w8zwo3MprYPFD
joWYR8e7ShKJDvmdNhZoWoYNs3TCM2Praz3gWWo8XmM
9aPqAh5C8J1QC3TR5A5HJKzHXmCmtrieWvGmsysWWY1P
Ee9TJEAGQuhQr8Ve51vfmQKwW8m8VT7Q4RfNA9frRT4J
FoCmXDxzHsjdTwbL9Y7dmFpkRN4RvP8VUiJ3YoCe2agL
8b7FChhDk6P4DLkJWXc3r1fpZ8DgMtjQ3pNTsoHBdcgX
ERAWgvQ5RvQ74C93Kvp6artVWaFzndMpTvQdtDTDDoGP
4uhvh3Nys6umS3KdXjuZg8c7AWpD8P6DM7Vbn3itqvnj
DfLyPy3nYc5K9MBtNTPtUa2bus9BkCSWuC6j61FqRcNV
FhDZLeDBJeM7waZaX1HNJPq2x7LUr1cyeCw4smrHr1ug
4wtkMacE15UfqxDywuX9mjxp4A8EqCmdL6y13m4BbqfS
