nr8AjrzkZB6eN9bVutwZDQfnZBUt759NCMKyEFCWBcs
swahs1fKGJxXZYQGyF5MW4fHBwFDe6MV5e7sft6CZvk
6RsXYLmnLx756ak823PejyzdJF5UuGxm4AbczZqzjYGJ
GbiiWBBpDg3crBnPTRmVAsXnjHwhEJvUXvi484FBAHGo
5znVZ23ZzXcwNmaH7xMRuP8Q62bB6dFAuoMSn89RMVtm
2wHnYBgkD9n7m9xwDDKoqj3A8mUewLaGgUQmR7ceZqLP
G8F6rgBAAjxjDhBMvxk696b16pmSm9XeQX33B362jzsV
4NDLh378LiQt2rVdxokABxiP3ycNDxpzy53ySWi4qErb
DoqMqSYjyrZVspaMRFi7bsQWom25Ti2f5w3aoBFSMgXt
7j6Jhn2gHVMRk3fcD7X7s8Q7xLxubKErC7jYZtdTVVwY
8vWjHeWn9H7kRpumkaB8REV3nNCSGDkQtDVwyvomaK7X
GZJH6DoTEwQ1XHvf8oDaiVbi3K2LVkJcHpYa3emm2WPG
2HQsKwrkmvCJoPzfuyb9B3t4VwxMCQqste398VxpNDR6
37bghzGbtMmpRPWX2k8Yx3bG1GBPeKEjJjLJLuiUY1EE
52bz3AMe5W6F9CeGBBKibbRRnu9p8sQz7yAUHtNhmxHb
AHYDUWXJuSyYav7LFY7sQV1iafp2gDM1top8BM8u3PPd
Dgiodx7LZnq7SPnyQ6N6zwFFW6BrRQFc2MuF28UqT334
NuwQRti4fNitdacXdkMDTKREumu4C6P28DhEfzhmB25
AiBrNLrZMiwRdfWULwa8xZDiqUSYYjsuGBg6oy7NSnxp
4covp6JJ9TcuNoBMupJznVUEuyVm67LwsUuJV5HQYhRN
