5kT4WkwybHUXDjaCD5huHhAbYvZrCXWuBxvMKWuAvG6w
Hy7KznQW6RAfzTKfkG8jBsFx21VLJJkpFwEiA4tSFj9u
7fweziinkPNacqwuAwBXpe1re9BdLc57iAC3kWfQScZZ
9zCSGL4u75mo2t8f9tjZKFKjKJjJUf6zcjaf8we8fUBN
FENRqpMgZrCx3fBfxsEFsHKoFqgpjL1Sj3p2CMh21uWG
CuYwtN14pMcJY8u6yYDQgcjjogDHyvWPceFv5Kit429R
E2ffHTAP7aTozfR2EW7BQqBqrbKGK7n4i72mLF3syk3Z
ECF5idzEkVnxw1NzNTciyG3X7FQZ2QC89ntRPBH4N8f7
CgN6M1gX8AMB5P23YHEbbYgL8RU5nkK5pZu5JmiciVku
9drHdGaS8GSWVCaLYqgTd1QJQyaQ9PpsfZCyEjZbhGda
ELVLyzBd7XKkRaZdAWVFXuqjhiaCJkCA6SZTp2aEH3mr
Amigb9TdjKaupz1qU45kHmKJLTKTgavV7A7RsENuNYP
4A293JYXHigSoMTtpabSuPNN4sPb6Xmwg7srZ9quhohb
5eZWU1AknnRRKYHCiuWzJPxn6KX2abBnNpuqpRnoyLkK
92kD7r6RXYNMLgKLfsCAfRokdGwR3Mr4Mo8FoUCHxxLM
2JzTW72Poq9QPGeH72C92zofWceMP3by1kh5dDZUKj2q
e66bvPjj5qxmDWFTWCxSGrNf48E18oGe8GRrj5F2oTt
6BA2hTYb7huLeN9kyqrY1Wr5L8h1Z8rVx3fRRtf4VfZN
MC2ehSAHre6AETwzyibhp4an5akYzmdR9z4fANqNzD3
FYPTSd3ZmBiPAPUDTqgGPhgiDR8ypKCacwxMu3Ge9fH
