9ffoiYr6j8UMVSCssjBmXRTETxnvr2FHLNL945eyCBF8
DgMPRktFnDPDNGW1haAVSLbkGNnFcER3L7PaY3c6wi3E
EWpDj6YN7rHLL3PBgfHYeoXu79SZLekE1h6XnkNb2XjY
BLfZ2tXrzGWmNy4cxcUJ9Su4L3ELSHEPb8Y6hC8nzWkU
3Vx3saFqPoZWDJnFfCY1kXh28G8heKvJUYmaigqbM6Cx
CjQYeerSksB7RyMEWir42JgPiSJ3DWCXqLuaAVbnTthK
C56dZiTfbRJg3oNGrPupM9NE4BkhJANscpwkMQ8d5Unq
4AkLJ2tjRycXy3Sbh4rSUUom1TpaFtnfi3FdSsf9qPLn
4reWGFifgfnBEhTWaVmZeQG4Azkbb7b4bqc5pS46dVDa
TSwp7ipHP7o9qBZRrGz5sPKS14gtaiUoosJseZPFuE3
55qwXf8fNi8BMkRqaH6m9uKMFCE1tFbz59JZdQXUnDuV
2aPmgt6bXAa22sSjxpyZ6cG7DExXq62AkgSJEBEcYpt3
8aTNFtdn9zGUMHeiSB3jH99xuFbMmwLNWfBy75UMWCH3
34vpJVUY28QFmJPKWp1yehw9TnpXP7DrQtjcoawvFBU8
2c2vHNJ2AZVS4vfNaeTSiiQTaxovqkM3VW5A3kwa3Juv
D9tugsEazsyXxsKA5NaMHv9WbVwDykonGE6JdN1t1X8a
7TfBHTa2mzqUTMeYFW1nTDjXPqdFf885QcUsixv9BUuY
G249q9MLRXLopYsnK1QGkQnk8LyiA73Zy5pGmHHQigzu
GpGYKn65a4Rpj9kqzPpiM3j4rUyQjJv7pJhfmwocnvi
FNHBQA9iLMKZSxDgrNUWbzPnDiHCzmR3fhNSSDYUQeux
