8yfVA8bFruYVbAzwEfWiYG727g6nprt2dEbDq8t1E63E
XjHeFEpoMxTAoFC6AboioFbCAsrJW6t6WtYNY832N5h
2f1kERMSEyjyQd7zq5hZjV2VE55wNPQ7H5PN53Ecn3mg
F3wGtWia77BTk8R9k6ndCaz2HCdPLtDWHvJSyP3j1vXL
6txZDcVttHH6ieqFLt6JLBhxo5Gn9CsHh567WtV2LoHW
6gCkmyW7p8xzBm2P9EEDYHEjoMn4Qf2DXuxtyFAbNdyL
J9BXYNftnKMN5yeiFst4e7uB2w4U5T8H9rFSHeQjZZAX
J5KpLHEdeVgCHadPebNJaBETcjrJDKBvYMdGQDCLVu7r
641azqh5oBxgNUW8CsGDLHFWbDYD3kbHKQX2Arwcxur2
JBwbMNBdVo1Z3b6AA69TVhVuED4am8WSvRJj2NP3UinG
3vcrbyy9vHRNJDNBARYbG5hMNBodaGKmZTDW3v38rfzK
8q2M6FAomrQ6uyVjepyfHkLGofX3EAMd8ve3VHePeX17
HxpapCdHfEdPtNnMaLYZeTXupGCzE1A6ndXuJWGtwZEw
BfCjzSBjecacbaqq69f8bQkCVAUdnwP7UZKDgZtWVkp6
B7iLjbi85rM6taVXxXqYzVoxaFpFnGDLkYAXgS4yqNQr
EcmYb8tUcc4btux35iV5cXR3HR7jfStpaMRD84tJM4zU
FvKVt6NbCfhwcnF9azvukWGuuPrkkTyQtkbBTB6wG3Rh
FJ5UnKWTKk44Ci2pgQhLJ6z4kvWsv3tnwWZtxoAGvHZ5
5PzVbCjsM24bteygwuhHWbttKQjyYfMjJ5UaRZVZb1jx
FqK6LJqJMdTeerEW9x3f7ps1T48CJLn9B9BkinXDPJE8
