8L2EBRmJBEFKmJ3mf5GjTCqkRYXTGcN1rMphhus8Mgyg
2aagAd92bWkEJfpsoVKjwsgzzq6m7axvew6PD9XMGvmU
F2JFAe3oRG1LNLLTLegLLGKcW286Lw9uhsb8mb7goDaq
Bt2JzU38jdEfQJB5DGx5JgamK5rg88F2DGDiFjZJEN3z
Dm5ctBY8BwXzYqkjnob7FGF9sbxMmtTMtePJ2cJnb4Zg
G8JjdDgzGbkU5dTURaRm7XVN8W9W1fkYht81hjRVZuCp
45nb485LKf1pEhsTab34JnbBb3wXnAAP3xh98xdzP8Zc
DajLww9JAzbHx6VNacZZWYKQfUukB9bibGRcwwHs7e3P
FjD9nUmzPPktL25Eax5CKrxyknMyFxaC8oTRgb7RvJbb
BDpYF1zC1k9pDZo4knRHGAAvTEAESgDdUWmT7hVFBjJL
4LBUPX7zfGzqdho666K4ueu9kipXkQFoCpNCYmQwdVmi
4QiSnMKqH8weDJfrGCawZhPg74UwLnBoPAH8r1oXP2vZ
BVFTQzEas8kMPkcugksaTTuLnQJ8ESxtLryk4ngdyvjU
HjezSazHZ9FxjtcKkfBTDFETEGMkiTMmoP8ysK4N2z3V
7P4Bb1pCMuYNveYhg2j445cmTRCEGp2eAAtBQUv7Jz89
6jcp3a2C2zFczxf4QFdkhkML7A3Dpj4xdo4pPFksHDcb
7tMyU22ViPrhY14fy31bSmTsQK6rwc9q3Zbq2u5RkZis
GDPiX2yUZxepuvDVKfxYrN4mngqvE1zr4NG4CFj8YakH
4jvJMGgLqwP25CE9NH3HhkQWrCjG3K7Uxr27szxokJJk
8P17pd29uZSPzUn6QQ1328QWXqpG95xy8djdj679qPDj
