71j1etN9ACqaSFPkRLFXBaL8tj1NQboZrBzBnYetj6i
GyYFCFpwsAY267f9orwedcds6cKRMNZoaehDT2u3HBzD
BUdpRNTSxyZZXtecMuBU7eB2x7RrwHZDPzGGUwiZwZUo
3ooTnU4quRNztapYE5vVojHZSFqPeH2xnWC6mbbtAUSE
73tF8uN3BwVzUzwETv59WNAafuEBct2zTgYbYXLggQiU
G4yn6VjDQoRRgqKVt1fp2uei3rFHWWKA5JwWPMM4eCgT
EG64BPWCM9rgbqoB4Sn8KZh3jnKmjA3CfpxBDmduUeCt
5q5asD8bbneAFtsXyQ7pu7d99g4BfVF8Tr5q8F8x5iP3
FpQjZzsgNvo5P8y9qtsSeMXERVjL8YUdp6otxhQfH7DU
6QmKFsYUfd8nxLufRojQxWQj4TGhM6ueJudmPd3NxbHY
2PhHTtsY3Lc8bnmfq6QcnezpqcwdKYyvkvXVzjJ75Aw4
ACDDDr3c7eVbwofE3towzCR8TbjDvSg5GvmDV1PDmGvz
CakCB2mYApvhtzJWgmejHjuTAVDGbBk5zjzrDctgkxjM
FEFpCkrg3gGRU4dFDdeqvfT3Xtvt1h8Evksmi6F7kaNf
DD14d6GeuU7FBN5c9WmgYkFzPsgRxBhtkQpYEPbLzTUF
961La22VGQ67stUvUMWpRhp3dRma8vPvTkySkSspVYiD
7RZeCmRg2a2EVF6o8EZq9p5FSD4ZJQaziJQNw22GxD1Y
6zVwbXYmzpxgqTcY6kWo65HqQdoymqZdrK6mQF9BUQed
2WxjzxKrWe7RsEjdGSjoUxYB57SAKFj2h8dTEBBi9CGX
F2E3GcXewJR4WfVmLhJUgNK2aRP46s638CVFu3oFT7ap
