AEUto3eFWHLAmmVRq3Vo2fmHXwte525jQGG6D7pN4RRd
383ghA9Dpg3JA6B5bmhtGmiheTyeAFCbkhDwkry89Bp4
BU9GQbSnXQcF59sm5VW5vM4QP138cM6s2vV4p4HhrDjY
28tLPjFZf4K4WCjiQPnveiWAapcB7xXrbySnmgWCNtST
38JUpvzarTGcoJFZcqN5uGjGWVaf26m6WnkJBEJmkB7g
Xq6EVTy3fV2eLhrcgsvKMhmHiudZKAqFmMErVzNMW7z
HUCKGLrHmXngZeqY41s2WKnM3DSgJeE3woRd59iMZg7x
AHFYN2pv4iPG4wGMTjfFXdXQjPTXMxBdLHvEDCBKqaBk
14TJ82sAjiw2A8rTqGiBeseHp23RZqf3yZ5PovWSb2jS
BEybAouvF3e3wxAMf2ivWAB3LeWY8HbMBv66NtocSV1A
3oGV8ZtekVMm1hDSvCGfPx2dRVdLiNX6X8knF5gS7Z5d
Poc3F21LL6fiHG1Eg9StxqHcLQ9BYreAhzXfRjY2Am7
664JR3KZ3WSPeufnsypjNnHGJZ765HuwvHXzAwVqBRzE
3Zwm21VB7SYtYmVn2PnVj8qzzXzfAeoAifSoWNL7XZor
Gps3Cj9nsku3sWKaa2pvkEMXaMkp1WTby6WUyxWwVbm4
HpcYvvyNRzva7uCvN1HRBUBrou4TW1i42oXYPkkXN6tU
9MvMUhQjQH1yE23i8n3PjKpvsmZEcNr92hL9W3ZxXPt6
BNR9v15ey3uWaeZsNYGX5rDvRus9S8UL16hSgduEArFN
EppxE2vDF8cBrRmJ2BSYiJ1JtHcPFV48YR4NkRD36gHZ
EAzuPsCQuDDm5EyUeSS9bDbrsDrKejiRNJgLJkRvqAWz
