HjezSazHZ9FxjtcKkfBTDFETEGMkiTMmoP8ysK4N2z3V
GryqvMoqZFnmTxVMduzUQt4RtCZZCTKRZwLNuL4KyKsa
GWuAeuRDpAwKDxnVEDRW3hYn87dw8K91ZLrhhZUCftnM
9cQepRHEXLZC2F2ncuK9HY6b228dQ7HNCuxZatWZXsNe
Gqd6bnEu3XJGtKfj4HX6SoXsyU1GP7HqgxMWyVDP36cn
B6vnUveAL1t6uVSuHMXYfnJ2jksTVk5dMmQe4UQ5bop1
75MdmQXkMnJgn974AMpyLfdyP2AnkYnVxEsykjKk8mXH
CB9es7tjVyKmCZ3B9jngkh8aqkKwLUjKNFwn88uKB2vw
EAzuPsCQuDDm5EyUeSS9bDbrsDrKejiRNJgLJkRvqAWz
BVFTQzEas8kMPkcugksaTTuLnQJ8ESxtLryk4ngdyvjU
4jvJMGgLqwP25CE9NH3HhkQWrCjG3K7Uxr27szxokJJk
ATXM89GYmkfp1uPVfx9wh1Sh1sZbPLpQqFqtXCUWrzPu
3eucHmLaRJzL3d3rzYx94KvxcVhR4ESLo9R9hhb5Snbo
EzFmEHFgkNa38kcnWSaVy6FDP24xvWHTisRUjLD5aMLH
5tgZmrCGPTFsQcsb8zswLfrGuYiLp1LTuNPBvfrQb2Yy
8YxFLe5NoaTNzUHQDkyabtHwSnYuVPi7pKcsNXd9D5SU
2n5PbADyQXeCMztD5wnZjF3Nn2w8PmCmqSQ68TT6Q6KX
8FtqS861655sZyo1jnjorkNCE9Zh6joPNVopLy5X3Wdd
J93Difd8Nya2C8ii3kjnbPyZEVKPTGu1KXaxe5wRghHd
AsxYivuyVu6znDgnwenpLSLvkZDua4mGKxTvM2JgoeDU
