5NSVk4pDf2iqiP1bx5SUa5aeNQB4KFQ7WcXUFambLviy
EThAKdSL2kUi6P2BuogAV2VZE1Ky9d3KZfs8r1S687qB
3PJUJ9Jn1dL35cvc8tHq5XWNeeSN3R9HfLRapmdEwNCb
HHkUmGtCWDSy9juDafQx6KoYeAqUqpZetJrLDnvDCZMX
E6BdoEi3My25cnxbW39kHPq1Wo1pnqU3GX6QQP57XajV
6ykYU3fWNQnoNunJKDLSVSZWCMPoajoE8EVNzKCYs9qT
CKb1wznwqUMF5fXT1eJ9KG8E629s2jfp8ARxcW1CjXft
DGafXXd6xHAfnYTGpazQkgiG7uFZ3yFisZUUgeiYzA2G
HNEETb52GDPHbT3aLL8fk47KPL5Mq62S8rzfKKoasrHZ
BZXQiZwQWFkALN6aiianVV1CXKX3xJtLUUYQYgmHHqr
3p7MS9H9jfENRU4QPsixzyhuw8yurWnFfsmoFBYxkNSD
8NPUW9yXYxGmQaSzR9sKoYLtqabVVnddAKm4G81tapmJ
CnjNZ8LHDtwyCz7SBWPHCSBPikJ5u7E8TouZD4jtZ6KS
bae93fAqQRbzRBwLnC5ZeDt3j5uX23nD62B3pwvpgXB
EUeFX4BL3uth2GVG8R1kj43ZA9cZS2mtgXeB3nbSGuHY
6DtPgUwXQcuvZcWrKk6x6RHwdUBZbsdiTqc8xRbfFkBN
H4SuYk1s9DcnvNdkvdNYuezVRUAWDaYg2HJUoPwMSos1
JArcrUpemCauqVPpKqg1NTHHfkgMZvFJ4eEpznaiFPsA
2KcCvxiKiWTu9XXLMSRnNqCgvZaLfYLx4aiecPJHqjrb
2UXPd2WtjS9FzskPx59gVce2r6G3gfSPP5w4RjbSEfwV
