Transfer 1 tokens
  Sender: J597ZcUp6pJQ6HEtMD9ztpXDcPPriVKQhHFiWbgo2bRE
  Recipient: EVaAgKSQ4QM7f2vqh12ZRmrPt5SVS3X7mpLXcJD4wsPL
  Recipient associated token account: DHA3Hjsoi7TBaKXHScvdNyyyPibzeSmPEyGffSEnrtQF
  Funding recipient: DHA3Hjsoi7TBaKXHScvdNyyyPibzeSmPEyGffSEnrtQF (0.00203928 SOL)

Signature: 2dJTAGkx7ZtFF7DB9TwhwyQ3JP6uQcVMY19u167grES56KRCQkHz9okP3xmaLHY5wFXn63NmDWvXyxv1rpSTHp2r

Transfer 1 tokens
  Sender: FmEAmThRf5unboUNjvWmSg7FFxnvpfbgdW41Qcr14g7f
  Recipient: CvzD2R2BMrnmaJzamdrXL6SWwPp1eiY1F3EHjVp7EkwX
  Recipient associated token account: 7fn4Z2EXKU8TbZQXXAeXEYCHSBrZvMq8mYa2jgywHPiE
  Funding recipient: 7fn4Z2EXKU8TbZQXXAeXEYCHSBrZvMq8mYa2jgywHPiE (0.00203928 SOL)

Signature: 2QFfXUmt1Jrk5yaaqAbjGhJjHcnvQKJKo865ntSn5AnruKmU3s1Zd4ZDfJicVFcQS75EYey7FETs6HVEVwdXYTf8

Transfer 1 tokens
  Sender: J8w8MzckyStYQ2i9WXd3V9jhsXdLuenZPZBrPy93oSpV
  Recipient: FxH75gveqRNXJnsa2fN1GtTMiGjP1JxCRnUPU1d84Fvs
  Recipient associated token account: 2Gmx1SB2ny6CQKycMfZQs4KxZbncJx9XGvdzbge8pEsa
  Funding recipient: 2Gmx1SB2ny6CQKycMfZQs4KxZbncJx9XGvdzbge8pEsa (0.00203928 SOL)

Signature: 4Bc3NZhhAbSQ1SVwAs6cRbwUJ1JuWuAcEfWAmvKJd8jwUTNoMSiFCzUBdBmN1jiPj9UQ9dTQKiadyBFkVWxsibTz

Transfer 1 tokens
  Sender: DeXtSGF3FnecM2kxdJyAfGtouyUaQwiuDuPhpLMJNHMz
  Recipient: Biw2rxCE4gPgdE7LKZfBtqq3QX7PbvPqxWWJj1HxHsWE
  Recipient associated token account: ABZWuqqaDZBuQ9xE7G2uky9aAkc2Ao7LDfq1qaXxib5e
  Funding recipient: ABZWuqqaDZBuQ9xE7G2uky9aAkc2Ao7LDfq1qaXxib5e (0.00203928 SOL)

Signature: 63S81VnGkijKCRMcTJ1zBHA4CDkxNePxRWrgPNPB7ZzuftnxbGvsXx5e4oYJEn4GSNpzq2kXx3QisJfPTfqWmQGp

Transfer 1 tokens
  Sender: 9E8N9g5c8qoKSGamapAJSi4odbwp6TbTDXh9DyLbzpCQ
  Recipient: 3MsmkPefAd1zbtJtsrrR61pFLmXYGxr3d2BK8wt6QYzK
  Recipient associated token account: FW8uPPGTdjfn6CN2Z2FJySCbGqXHZzaxAGowE9EtH29P
  Funding recipient: FW8uPPGTdjfn6CN2Z2FJySCbGqXHZzaxAGowE9EtH29P (0.00203928 SOL)

Signature: 2nJ4Gou8uL6qLcP179nxX1W1FqvZT4NuoZv7ycB6XyfYzBkmFUVTVimig6pvBPyjnFstqTn1zDKZyB8ZS6CzFZvk

Transfer 1 tokens
  Sender: 9zJk3w8e9FEP3W95ECyThbc4stsg8fcif7mzzqDGr3t7
  Recipient: 8fqTZmQJfBf17XHzfD2WZ5U1d2iP2x6Th13hSxAxTXBx
  Recipient associated token account: 37NDo4oBfEA5ooxuq4q2TYeTeLQizppKdMwT5mDNdgEr
  Funding recipient: 37NDo4oBfEA5ooxuq4q2TYeTeLQizppKdMwT5mDNdgEr (0.00203928 SOL)

Signature: 2DTYUwxvtmAvuvqCA62QSXTsRJjaqg72Nkaa9memfpJEi4JGLTHPFwPHeDR1XVtUsvbar6yzoUd19JTvpP61TvsJ

Transfer 1 tokens
  Sender: FPNHVXSbysdaLffpBBUsWNrShG6UrQFRXybM9sw9kJoB
  Recipient: BcHtLUUWubUdGgtaszjQQ5zG2fR52JixPc5ksTEkfoeE
  Recipient associated token account: 4zRf1vbZFdjejEMdYJARRrdBGqEMvJ8NR47RFAMeXDqq
  Funding recipient: 4zRf1vbZFdjejEMdYJARRrdBGqEMvJ8NR47RFAMeXDqq (0.00203928 SOL)

Signature: eFJ26sS76DZDC5UaT5QktRQMoy9aqD4ox7geXv25m8X6jN7JaRFpsFQZJSkRU7fB9Znsr5L4kP2XAXTs96ra2j7

Transfer 1 tokens
  Sender: A2Nrvo23wSNaryaTW3w64MRDsPV16qL4Lcu3DqNoib6L
  Recipient: B75GPd6LgwBFSZ7KFuvCkMv1Wp7cLXXYzfWSKHM64snm
  Recipient associated token account: Azru2fVURnLfRotLr54c9YT36S4cmTJwgzVoA6g9Hh3r
  Funding recipient: Azru2fVURnLfRotLr54c9YT36S4cmTJwgzVoA6g9Hh3r (0.00203928 SOL)

Signature: 3zunmYAwatBEPC4i1LD6A7uE5E4UU5R3aEjkgZomdFG9dRYhQwSWuJHbHH73iqtL8YB1ow74pY9fKxCmbA3y4pc5

Transfer 1 tokens
  Sender: EcqTGMK9ovKpPGP7kFQQcqiqQW7VYVAmZeccezpAKtfm
  Recipient: CnjNZ8LHDtwyCz7SBWPHCSBPikJ5u7E8TouZD4jtZ6KS
  Recipient associated token account: DR32Cdh9vUWAawfpY9sfTfEMFtmofcpqbkcDpgWtb4gN
  Funding recipient: DR32Cdh9vUWAawfpY9sfTfEMFtmofcpqbkcDpgWtb4gN (0.00203928 SOL)

Signature: rgNu8gEQR7FHnPEuA1gVkqUEBUuWJ69yJmAa6vDhrZHBs9eh3gLQagcYcmUZ5WrqFdNGMCpuRWbV7ZCwYScoZu5

Transfer 1 tokens
  Sender: G5Js5w3xsoKy7UjDf8FJTcaQBR9fyA5kuCPGUHTppVHW
  Recipient: 6ofXwU1s3Ma4ZcvLG29UD6mm1auDV5jumMzRnY1FdFVE
  Recipient associated token account: 3EpCKiLaB3Csz2bNUV4T4poSEe4y77n7HwTjsRLBF5eZ
  Funding recipient: 3EpCKiLaB3Csz2bNUV4T4poSEe4y77n7HwTjsRLBF5eZ (0.00203928 SOL)

Signature: 586P34JeGkGS1bb9napZqNKqW4Lbr756TnGa2uKyA2sMvCC4yMyTUmraf3L9SgFc3X4rwtBM2jw68eR5gwowWd4

Transfer 1 tokens
  Sender: 5fTXmqbJuPLCgihPHUDxVV3BP122FJvbWapzKBbLwZwC
  Recipient: 74MCLCGZ6HKYja3Uca8UQN5C3bw6NeyNXF6xRqaWkaFz
  Recipient associated token account: AbNGj993je1u7ua4MGvYEiNigX5DWS1wN2UCPFmZ4dDn
  Funding recipient: AbNGj993je1u7ua4MGvYEiNigX5DWS1wN2UCPFmZ4dDn (0.00203928 SOL)

Signature: cTFg9DfcWuWj2e7vJXJN5kcEuerZmLmZZHRPRB5xfRR84fvzPoftyuKTYvJRz6S9tzGREfqG6ELkGhNNT1HdmYj

Transfer 1 tokens
  Sender: Aqqkn2uCCFg8k5F4ZdG9vg12xwf8pT4Ca5bZtvoCJjWr
  Recipient: 7VVwN2xyL1trGgaKbDNW8UEQjNsozQ2qMLtNWEKtrKeB
  Recipient associated token account: Dhw55YAhU9tDP5V2eAqb9fuuCh7TdjoejyyjX1vAcUHA
  Funding recipient: Dhw55YAhU9tDP5V2eAqb9fuuCh7TdjoejyyjX1vAcUHA (0.00203928 SOL)

Signature: 5orRjMv9yw7JKNMX6G75xWWy6tX6aRdWuK4jogYGgGXGa8Zt6d32pQ9WomFcdB3AbWx1BduwFZXHoK35mMYTTLUm

Transfer 1 tokens
  Sender: 6XCe272GXEz7XUEdezLe12LBe27bjnJfBbT4segpNc6e
  Recipient: ECWyZYdWSWdJj8dkBZhRQDj3gahyCyY9m6JW5kWVqvH
  Recipient associated token account: 7TSVQrBDRyprXNATtoC3k16ZCgGuAZ8gaJN9Mvs76tmM
  Funding recipient: 7TSVQrBDRyprXNATtoC3k16ZCgGuAZ8gaJN9Mvs76tmM (0.00203928 SOL)

Signature: mbfwuXsSrRaaoSrZdcv47WE24LLJCVpM2EjtyhU9w16Vgrp5YA12X9ErgQamJJeTbYsh9viuaFLjjA3qqpyZQz6

Transfer 1 tokens
  Sender: 5wc1Qg5bhoSXA5egh3wvYGEtrezowcijirC8qGL4M71n
  Recipient: 9CKGWgvpDqG48qEvEztZN1M2d6b6x8P89T3EDCeeKwAN
  Recipient associated token account: EmSKLc5WEnGC1EwKAjU4hR7jRvCcvQRPwayXQuPTQZQP
  Funding recipient: EmSKLc5WEnGC1EwKAjU4hR7jRvCcvQRPwayXQuPTQZQP (0.00203928 SOL)

Signature: 3r6JHjy8kSzZfCmCQmfH98c3YmfMoq9M8B5RyMRYZmXnNX3rsnaFsDAsy2fWC1YgxxBSKJmtuiU8JsPjc3J8hvQE

Transfer 1 tokens
  Sender: 6uqp8MQag2s9aJogH8tdZxYRfLqm9MCVX57L4WT1J7f5
  Recipient: 7ULJy8FemAuWo3rSUAtbr38XEmXYz8XH9WDHN6aN2Zu
  Recipient associated token account: HtwCBigkTK93eYCZQYXXVUTt7bggUQXea4MHhMpKvpj3
  Funding recipient: HtwCBigkTK93eYCZQYXXVUTt7bggUQXea4MHhMpKvpj3 (0.00203928 SOL)

Signature: 38uafDKUgfvjko2HvWBA9CtRSoBLm9CtyFzvyMq8PeTj6WbaEyW3v9TYgqni9PYgN7ynJEPvzrRXPGgFkn6WgsYy

Transfer 1 tokens
  Sender: 6xaHeJtin2YohDhMCkX4wTiC936JobJQrf37LWzBKWeh
  Recipient: G4yn6VjDQoRRgqKVt1fp2uei3rFHWWKA5JwWPMM4eCgT
  Recipient associated token account: 2EQaSgSdFN9ox5U6o6jzZjhKsmgD1jH6kJtaPYhzsVbk
  Funding recipient: 2EQaSgSdFN9ox5U6o6jzZjhKsmgD1jH6kJtaPYhzsVbk (0.00203928 SOL)

Signature: 3Y7z5ka9KSwDjiutxHpJHX1W4CnyzyPmNyXbQHqqHJy7UjipeXCLoRxU4xPMX7gZHnnQD8wGJvRF3y8rH9d8o3WG

Transfer 1 tokens
  Sender: 8iDhbv1pNhkKyHNgBr2cJFvVHSzUf28SaJJcjDcrGVpm
  Recipient: AhbavW4N7vvmGnMFfZKzCifnEKnFEJmVBgv8ngW3mDCn
  Recipient associated token account: 2x2FwkE19xA17Y39yS5KEg3PHYTLNsRZsMk36MUjaBdh
  Funding recipient: 2x2FwkE19xA17Y39yS5KEg3PHYTLNsRZsMk36MUjaBdh (0.00203928 SOL)

Signature: 3Jm1ps9R3vmTimuLN9CdiobXd5AWoT4MBXAuBijfyrXzCz3Fj6cj274kJMXACzRDQ7n9FSpEqRNaYc2n4WWj3YXG

Transfer 1 tokens
  Sender: FATpYtrhmis7PimEcTvxAtK4PFTYqVdQ6YWNuaLJi4aL
  Recipient: G2sFCvJptXC8gUBmk366fgEr1rXVLViGTjWaJD3Q1i6a
  Recipient associated token account: AHDoU3W3WryZejDCFdB3BwobFLngkemQygQzDvBm4o5h
  Funding recipient: AHDoU3W3WryZejDCFdB3BwobFLngkemQygQzDvBm4o5h (0.00203928 SOL)

Signature: 2LHzwhtvoAstmCgY2pbBCRHxkW21z3F23P1ymiAdzGEqsA7q73iPSH79Hv4z4r6bByo1yLv9HYdUJUGcYuzwvrV5

Transfer 1 tokens
  Sender: 6HXfGPpiBQDD4ovvs2G59g5hqk8Cek1NJqZNptPHshNn
  Recipient: 781GzKc6aZPcheyEhmeziGWNgJBhePtVnsRsSCvrvWTC
  Recipient associated token account: 3qzce3rKcNKyNYvtE5hRsk3w3RhCEuuyEJcsqbxUSMLs
  Funding recipient: 3qzce3rKcNKyNYvtE5hRsk3w3RhCEuuyEJcsqbxUSMLs (0.00203928 SOL)

Signature: 2ucEKryUBmTuzkLKaFpSWnkN8ZS9ubiBCKBBwztRLLjbR81EAbVuM72q2Vi46FSLy6FU6HStyQ6xgNJiS5X8fja6

Transfer 1 tokens
  Sender: 3Tyw43ioZoQbwMnnsPE7utg6x2kR1HYUXbmu6MhX49cK
  Recipient: 46VjLhoNqGdKSieBVbvsiWn6T6YpoV6Jcpgp2esZ9WDB
  Recipient associated token account: AHRfv2cYSE8M8MdqJtDJ7iqmxBMBncSEFb4T12fhE2ye
  Funding recipient: AHRfv2cYSE8M8MdqJtDJ7iqmxBMBncSEFb4T12fhE2ye (0.00203928 SOL)

Signature: 4CRSnQ5RyboqRanBRCvwrtDABqp7epNQmv4jvUA1cUdxFjjiduFRHMVjmyTSMJoFWqef7Ym9tssmrAnHZboH87NU

