4jgLj5QzdWdVZbndVxi7BiG2tnRAVcMo9ogqhUrr13es
EqpoXhUu5oTpaAwqYgDCo136vhRQNfScN161W1XqAs7W
DXz4YBhFX3Vf9AvCeEwE23V2cAH6qNHzMAoTT7xpv3p9
9RcYtRFijdPe8Kf8Mh3dYLN8PqZAqYQaQbhyEzzB2fHQ
nH9dRC5gjs8poFyeusEhZpi319Uhw1jPzbsyQYtC7FS
4qdu7Cn9mJVgBDZfwoXokdPqCzrkEEBQxPyFgZ6MeWry
7ccBbaN6rzn8pCHSvnRqTBRDfneUeE2nGvfGDKsX26Lp
CQgwGradHJ6UNMGebLhza4RNtKHpArUj7Xc5ajCFLFnK
HW3bKMDpPS3qsy7mDCqJsmCHky2KPm7pUiDKrJEv31qa
G8xcGHeBaPRV1FGYVU41rksAyTNSKXW9Bnx1WUjSRPki
Fem1pjpoVo4F5dp9xx8PyzHSskJsWa2k6JqPsRSDWwTs
BYnKtNnGdCU7JdfVEXVyCHq48SKw2JzXA939HoGDpr7h
HY631iUWLHpoHfK7WTPtip1eezjytYx8Y6LUTKaxTfbA
2diGrKGLSGZueujBfWsDS1WBvpshayyTT7siKMd5U6qg
A3UxLrWjvvkbjyYm6ppcbVL3S96myUgqqGNsA79Xf9Z1
6Ui5wVvBwCj3CjK3d8WNsg14m65KALXH3iMZ43SAaWUA
EZeCAtnpqd4EJZt2YtqsaDthwMwcaj4R4yqj2nc8czKZ
rH1KWhXXtxcBnms8xzLAfDeFhxTtptowNe5nxoFDZtt
GCMGTajmrMj4Ubhi39sfdNPqwU4idfodKxmPbi8uRjjw
EuvLRJ1M6F7UDH26EKK9PdQnMcZUCGkq4q6dPRdZgJAW
