AzjB7d1b85syjMDsjo66EY7WSe2M7UBYb45pRFyzMPDS
Bm8rfjGRXi12hJRtZevZmao6tETmvxmbLbrk6d4HFEGK
6UbzRF27enSyg4Fdg1YjpDB7T9JokwWn21yorQdVekgd
7fcwxQgEkyqWhCJq4B9ViKCnzdAB4tZohJ8TdMLxuMzH
8PqQYJDvsow3UGydnnNuwSoPBuJ2QGxT4DrwvRuAyLxJ
ELmDvFy1PgTx9Eah8L18ounoP8n5TroKA3batwgwPGC2
By1g7JDY2fHdkygkXqspDmL9jTenkYK99SMjZ6cCdTJT
j8oLFiDm5Eiy873RNtY2Z56b1DVZrW8i67mTR1BLsLn
Hp1MvurGGDd7xA8zEdntreKcM2opJX5qD1WAApagZDfH
3p34SKwZuMYk2KX68wedR46QXxzcS2Xm6GtxXHEh4bQc
DajLww9JAzbHx6VNacZZWYKQfUukB9bibGRcwwHs7e3P
Poc3F21LL6fiHG1Eg9StxqHcLQ9BYreAhzXfRjY2Am7
3DSA8zcbFgZLRvzpyDhs9zaHjYaZpfVhYyeubaukcHsj
BVFTQzEas8kMPkcugksaTTuLnQJ8ESxtLryk4ngdyvjU
AgPhAsvcwPfT8bcAQxfyvymHdS9enkCzHDZP67ihS5YM
6dm86x4LHSBLR9WLUkjUHP27A5uJRwgp5Z5bVVCWeM9K
2vhNMJt9fhQs7f9YQubaS1MpCuUdx9o8zTwqxzkfcLof
92te5L7auEkufyjTFnFNEe5pdWGoGM4FSdjkzMBoH8ZV
C6DPcuuMb8xBgAbFeygPufoy53DVRYNMQLzxeBLEVXcZ
8AP3sZ8uF1vbzvhXNf5T17uc39Ni6icAgzvrHgvcRKNA
51oET2dy4vCmZ1JMGYR9hbsvsLng1vcLD6z2AZp1uq1j
3irh8T6rYc8yrwn5YVd3vKYTLaXHsLFJah9zp8GJT7gB
63v9R24nrAM95WYcYhZjJpYchudhANCDUUwgrqnrzGF7
7Utjn9SDMwnHV56hqvi9TwoEPTvPG839oBLQxuMwVZdX
GBc21R5emFJZx9TsNhNm9r8hYGhSodknuEh4F32xub7Y
Xd7QR72dCcnxQ8e6M98Cko6aMdebTVuEAQqtFDzuAKo
DnnorzRjfuUDJrqoxdBDzVUBdTNakUdMCaYWDJDLgNSs
3zn3fqbT7pajfoLp26cNBkbmvQisBcLUYHLV5FssEpLa
6ykYU3fWNQnoNunJKDLSVSZWCMPoajoE8EVNzKCYs9qT
GgZbQhys91T7bwVrnRSpzK1DCnzAjcM42ZtSs8PC1B28
9nF2vqusHupTTNgw3quL4f3jorvPdJ8VBPv3Uw1xt3Mv
51oET2dy4vCmZ1JMGYR9hbsvsLng1vcLD6z2AZp1uq1j
AzmgakTxLAutgbcNkxi3S4M6MvuZvwcrzMc43ErMFk4h
RTY7RjhPpDabh6ky8mQudWxWH9XLZLCRPAj2CqRN21r
2R7YvqNHJA69sSVxhroZvB5hkohw7DqUM7PW6nPVq6WT
Csj6f7W2jdSJhGN87QSn9mzwfgkrHUcCRijgL471o2sQ
4H389fKsqzX1vHGDrtWDLUKLkcmMi4aJsA7srHwZto5r
E7zW6jXSsADmZgAnmVkRzA3cMLpUR5RyVGwjDK7GrgxK
Cm8cYtgtfyULCzisqUnMg68aqqi12PGZScouQfJRfrG3
47ZJRamq2rvTVxcFQFs2499ixJcmSXCKgb5FRnifYNsK
EzFmEHFgkNa38kcnWSaVy6FDP24xvWHTisRUjLD5aMLH
8eqvPBG3bHFpRfHCxKi7UBPcxUopXyhDMEH9r3Fg9QcX
C91QVSPebG5w5SP8Wg97bqfnnNfG6j9QDuTFC5EM25jz
EWC6ESChdBqExhp96XPMLXR65pXP6Ftuh1pPAVws4pmk
91briqxf1kWBeVfqGvcytwm2omo6CEDCpeSF6NwFx2w8
7LgReb5k1eUi6zarzMs3VWDJXD7231m4C2EsEstfdXCg
9v9D9kvePLBANY4Zx2PUzn75dHuQMMMcs7mZLYy3gMaF
FCDUA2ZYG32s8hX8cjg5KtZg3Vq8GKQBxUjJwtJtGkKM
5Cfd1LqvqRJJEbrPAV8HswzThQka8KmmcLDEecjXJWs4
BEv2CyGCrqdViM17WKqTmnseHoPuAyspHGbTYN7AwxY1
Evt92DJQS2a7UNRJp75J6dFB2WkiZ2nPHHsLMXrDs8jr
AvNgWFBgFqHT8xX4SUjMCKy27Y2vgpp9SzWN6adtuTU6
E4YnbxEMtg9988ogZrG2Bgmb5FhZk3eW7irwz29TpK8g
DiS7bfj8zbcrNzS7XgTiqjh6L5hdWm5QL3x69EUbtwzk
BEtdCa3yus41qyVT9kDh4UfgWo2xtbaxpgYh49s7J5w7
4jvJMGgLqwP25CE9NH3HhkQWrCjG3K7Uxr27szxokJJk
DajLww9JAzbHx6VNacZZWYKQfUukB9bibGRcwwHs7e3P
FhUn3tXFN5JrPvkULt2xB6KR45ar4ok86RScN18C8PeU
54Mo68jPMSBhszCC8dUA8hJEpQxfjGFyCcTFGDJcTbvX
AQ7GX3g2Q4QGYredpRUjycfLYNcpNnqLAtBFvoyNrBfj
AcTz4LZcyNYapAKzSE7tuhU8PcvcaRSeMskQYNQzEagW
917wwwdLEmCBvyz5fhXmfjL1YBakvkJEiHEVqpTjQf9u
73tF8uN3BwVzUzwETv59WNAafuEBct2zTgYbYXLggQiU
AsVDkXYh1HPRxJwpp671WVzM9GWffQPXteeoRrCibh4u
6utXaBmMiR3WqXgkuaFU2EX4bHvUA2kC8cwdq5G1YeQG
7HmXM4JeUzHW3oDr6RQBxnokuLo3QyD1opcb2LqV7Tpp
AUD7LZq8d2U2xz59PZB5QpAMjjF47FKNpBPcZSK93dKt
9Pmvq7nXxCiHfosWBK8Hp4R6Un6jXZuaucj26NaC2bcp
DgNFH6uVQdn3rNzmF6chzJA9mE71x7gU8QiYZZMT3ewe
F15rzk8R8DHeskM1CFsuDKQidbK3yCEE5fSyd3upevze
Cm8cYtgtfyULCzisqUnMg68aqqi12PGZScouQfJRfrG3
BVFTQzEas8kMPkcugksaTTuLnQJ8ESxtLryk4ngdyvjU
4cKqqwoADnQVUAapaq1CrCwpBwbvCSohZPzB8aHooJjk
DeBN7n921ikH4ttZgPtqFw11Fz98aJoK8EHQXJcuEtDT
BU9GQbSnXQcF59sm5VW5vM4QP138cM6s2vV4p4HhrDjY
4LBUPX7zfGzqdho666K4ueu9kipXkQFoCpNCYmQwdVmi
GZ7dL3aqcVwynsidEqLTUnsHf3iK5wvNFsCEJZvoVXFe
C5nhp8RwNNh6FZe9DcJnKNAnyMFDcFoBLsmeMnVKFpB2
Haf9B2yxApBfzz37MLBed88UhyyAgTRKHoE2kNYNtdFs
7RvtX4WGag5Ggy4oMtj2ni3oc9amEPmscdHLGvGQdZsh
51oET2dy4vCmZ1JMGYR9hbsvsLng1vcLD6z2AZp1uq1j
4cUyDakNPeMEZtJPDJGNujWLGF1XNH7WbQnheUEfD2xX
EWC6ESChdBqExhp96XPMLXR65pXP6Ftuh1pPAVws4pmk
EaxheQrBLdyj7TaWfrMa9X3ec7UFRhgm5B5t1LcETSrP
AEUto3eFWHLAmmVRq3Vo2fmHXwte525jQGG6D7pN4RRd
EZsxgTx6JXqZS34sDynrFkKD1Q64Eve7AW8FjawFfovV
EQFh6gCBG5E8RfDaUKnVerJYmMDzpYq8rGm62UiX5XkH
B48b7Ycc7wQEfMmNvPAPr6CBaLkBPsBrAZZ3nAzdeeRN
5BJiM83DNAJ3XBdRT2APqqy26HS7Q12EUXHjA5De2Ftw
33HAVVmo6MWGatz1c8xBdJ5ousatqAMWL53EDJnEWJAx
CN73dyGHvhfN4djn8RQCDYein6xk1HTaAXaiKqHgrq1y
BmRqW9GjkdKGREo4WuUrYKRgoEBgV6Zoz9KqxMnE3Z3L
AJs8UqZ1vnmN3KyVXBfBkrDB2BLrSnNkwVbn9AE8QEhA
4yTXqmm9m8WNJLzVu9mRxBPXXMY6wkAbzBYvwjAU3ZDt
GX1Vmx4AecReyK1QxMMkWhqzgGmNs9HUVPQkaDBTDvkK
BVFTQzEas8kMPkcugksaTTuLnQJ8ESxtLryk4ngdyvjU
GPzFMtZMQNhjTsEXNDuWyWj8yKhMXp4RbPwwUBBXncyX
A4wZ51JijJaf1deL5sXmEWe5hgU4TUWdupiFPuGkLxJy
73tF8uN3BwVzUzwETv59WNAafuEBct2zTgYbYXLggQiU
5QtqzXJDQbbVZrrWJhWcEFMZpCkcEM4WqBJLbGiPTQy5
