ELGNKdJ3VeTPtQuAfr1uX78zHMWWKC1Qcj1YxYsc4REJ
6nPGMS4C1RWtMndkVxB1asUDMe9eU1ozYrehx6v82tAS
4xBqAo5zzf4SbuSR4CBshznYX79zaKgXkrzebcALTEnf
AXjhken7wyNcizQvKtYEoqUsCMqQDxvT1CVczbd8ABRk
4qu72F3HnoiADsRxfpe1YWf3UYSsCcbFEPZhknafuZCJ
FMMk7H7VLLYpvou57KvSFE5mRmbN3sUFsM2TpduJcxzS
Gu24c98sPbxvLMRfFxw39AcnTBS1QGdcJRfK9EEh4sAv
6AusFumZiFzaJndVZmvbTLDB95Ec1F3FrJbxoV8q7LmL
sXuaDYXhuZ14vz3YS51tYKHZhwtxGfEYHsQFWxyfiDd
H2szy1r6UTcFvSdFKGRopnMGpNebkSoKRv3LcM58F5yk
2TLWd4Rb19jDtF5C1dTo8UJK2AqL88Xn5Svnnz5i6Pf8
6ws6N6LD5EFSYBatDak8CrNH2zgmgWPM6dAx6DgbwCMo
4RZFAZPy5CNhPu3rHJgQW1ck99vtbV3zz4kX6cFyBj6U
BsaWa8CMpcbCWqufHyU69FmaeFN5JNQFRCKxAUwqF6YD
CYTPM7c6uQh9xgggh58Vhfqn9eBN5BW6wjjSywrJn4Pi
HZF4T6okVnN1qxJozJ5qz3aFqtqtEFAZwhpbweCgQLhf
Hw7rsx76tA6XdBM9PSE49SacJvS6RWtwDx4AWWDcUBKb
tZtHnmzQeCza7TDpnMKm1S4R7uuTKNJTsuqbzpNo737
GPiuv43Stk6hPSyWZK6KYYy9CysNSjjiQn6P41mTPPYN
C4nvvVNPLKFE9KmSeU3r2naM7UmrYVzonf4oEUhR11kn
