3ed1KRpXT7Vva6LKH578DEjuvsf91tdiC6zMSDYbpQmA
4VtMENVkxtWKkpVEnCcdaujieWBovC12ZaxwNJsE2MWs
7iS8s3jT7oTxZb1ZbVrbM15PqDvVPAAStG5XS3kJSav
3NP2HmHVfZV2Xbetkf2yKVx3wSznB1U817qkBjZmr9Pm
7o2XRsEUqCkSztzcgZkc5hiAAjfBDRbizTgSATSUomgY
9nof787BdQthTefHiZDg59E5di5kVAPCCtrkVrCHkUEJ
7ooWYyHXSH5kjh4kURnTPx2UT9zTHByYTZbzQFAAKrX9
59sgmz1h4BMg3YbTD8KTv5Zr5BFecj4rVS4jRJ43b5x8
HPC5HgWh7yrnD7XqdemdNZUDZCiGMrk8CGsuhSYu1yae
DUZm4zmaK6QCdZTdL2Lc4Dx5tS8n3kUxQapLevneA4kU
GiA8DRb3MXKDJUtQprEFZMMfzByAMr4FHqpEGU5TubDC
CuMqJbFJzTcctDZwTHpp3XNJnvnvzmWZH2vvyL9DBRAU
AwPJXBPcWtHZ6qbq31hacxJTvArBHQBRue8BQ21qtDgr
9YTwxFDC95cfBDKwyh7mftvX1bPSyYg4dVvYEuoTFdM1
CZgcDB1tDCE91bHVp6YUuJU9rhYva73F5RiGA6gHDbih
ERKZa7bvPXf12UYMAf8s8XHXrTVWyirekfKmZE51uCt8
CFSZZvDvsk57eSUb7YdFfmrWWmQpfEKWNAvfk6RcHKzX
jEYu5cSajFZMz5MRGPdvLRjSxZqCvzGQcfuaZotAk37
Cz9y3DQCUHr8zqvBKzJfaWtBDWFDX2CA14ihiS1AYPV4
EwYhXMN9jFv1sSK6Y9NGnnjUTy8ZQ5LHHV2ENC8s5QM1
