Transfer 1 tokens
  Sender: FVgFCF38AkRHsVSSTbtoKeJnLpcJtXumveVZM43NSFDV
  Recipient: HBBkVN9gc8jwsLWkyhW37UQbN3JCeBAK5mCqzdrWPTha
  Recipient associated token account: 2ioxbCi9BcTjxteSitD3K2ufgPACpQTzetmpbirkXXni
  Funding recipient: 2ioxbCi9BcTjxteSitD3K2ufgPACpQTzetmpbirkXXni (0.00203928 SOL)

Signature: 25ZBmcLZkAGcsraZQEeMnGg5AkxECnQMy6ma4uVCWLXAYmN65oeCmwhoRrafgdExkbZC5aW3no6L1nrMag3BKof6

Transfer 1 tokens
  Sender: 95Tw8EFwTC5stVxfgVrHxqD7Y3koUnQdA4HpFjtzwUAh
  Recipient: 2a9srHsXu5Hfvz391GU7biM7cKbaEK23cqMaMZdpeUk6
  Recipient associated token account: EQk6EDCMPdWm1y6VkFfr2KB6EGcEsib2i752aHb78nMQ
  Funding recipient: EQk6EDCMPdWm1y6VkFfr2KB6EGcEsib2i752aHb78nMQ (0.00203928 SOL)

Signature: 5D6XrXofDgXx8LTgRyadbu1XUCzPRZ6XYqtAgJgSpGJZjPwKcJmYRzpbGVoCbUYqaWLHNFaKaNTwHC3p217Tk5kV

Transfer 1 tokens
  Sender: 21dQG41oLPN2JKEXnfjTb3k2gP4YiiM8WfDwKGeJaCLB
  Recipient: 5qLUQwffcHESZuVwjDYfzj7YHbZfhGeeTSiwF2aqEETf
  Recipient associated token account: DfqQ3X13UuaXZoygmWc8obviVRD4SeiAo1EmNh5TPZVA
  Funding recipient: DfqQ3X13UuaXZoygmWc8obviVRD4SeiAo1EmNh5TPZVA (0.00203928 SOL)

Signature: 3CiZbyRbXXZ1eu2ZMWkQPLTCHdjEsDkaaWdF3KyQcHF2zXthnCWeijAjDUPAUo7nmiTmVmusSpwfkTNb6J5hMwM4

Transfer 1 tokens
  Sender: GWcvmtCptcYPswPZo7qhq1Q81qR4eSBnFNkrrJWLdSMy
  Recipient: AMnL53CPuiU2GeuGXE6kVj4s7zahgodv2p11tnT57jCC
  Recipient associated token account: 2cgYkqTZL8TnnC11hPeyZNY4dWYkXTCEypGe2Tcc9YSH
  Funding recipient: 2cgYkqTZL8TnnC11hPeyZNY4dWYkXTCEypGe2Tcc9YSH (0.00203928 SOL)

Signature: dMezX9jxFGNSEQohxrxiWd5n7xLhhMTPYvxoVZ9dbwmURT3KPFbw1to6HVL94QVcVezZJtgxtu2oFghY9TFLvJa

Transfer 1 tokens
  Sender: 133tQoZqpo3Gumf12pDRzRwEhsb8DDcepGKxSSZGYq4w
  Recipient: EemwWLhud7GQn7ywNS1S5ujuT6UbK9qc1G3EyQzx5peZ
  Recipient associated token account: 3aB6QCVUJwBiShprLRFzUwnmvm95wXdRpGY6psbBDWNu
  Funding recipient: 3aB6QCVUJwBiShprLRFzUwnmvm95wXdRpGY6psbBDWNu (0.00203928 SOL)

Signature: 3GEhcivsLSuPmE682eKLduNDxV92UJzKQvt1svRC6D5xXstJUGHZKaisbKGAmi6krGzfKsNDMNc4o6vpHjTD679X

Transfer 1 tokens
  Sender: G25ooAVNRe5szsRATRQuQiq9X1bac4TJSdNr4WSQYqev
  Recipient: Bm8rfjGRXi12hJRtZevZmao6tETmvxmbLbrk6d4HFEGK
  Recipient associated token account: 9J8heUYQLdEAGF6mhYJKWZZHUfmQKvg7XDsZbfCRwbdy
  Funding recipient: 9J8heUYQLdEAGF6mhYJKWZZHUfmQKvg7XDsZbfCRwbdy (0.00203928 SOL)

Signature: ifoue3dXgmCngJYDHjQBT9aQtyvDBM1PUA4RFCiD4aXdQGiRqMx9r2biQB9i4jumB19R2wX2F5PPpBc7j4wX7D1

Transfer 1 tokens
  Sender: 6EMMXUBQvxUpZGdfVEZwc83pkXdMkcHMvLweudZKNU3b
  Recipient: H6zWfaikJVEqkydM2k3qu9fzvo5HvHrC5PCsMh195V49
  Recipient associated token account: 8DjzuBw7W8wAr6SDJAeavvJeNoat5sC5SRw7bdYnGDJS
  Funding recipient: 8DjzuBw7W8wAr6SDJAeavvJeNoat5sC5SRw7bdYnGDJS (0.00203928 SOL)

Signature: 4oEzLRgZGBUvUYcyJrz2A9uLnpdXs3TGDmPpsmjyQiG3LJ2h348zd6ew1iZnU3x75xjh8ZEktNAbMA4bF5eeXL6U

Transfer 1 tokens
  Sender: F88aqeaz2sFJ1vbMa1i13u94ZPyLXv9p4be1crPvHFMD
  Recipient: ANku3SWp9vX8bHfQEKnjnw29t5HGkxA4fMXxzcERQDgu
  Recipient associated token account: HT3bSpAT6bXPug3e5Ti1fFhZx4uEwYQSnASVN98ZWyks
  Funding recipient: HT3bSpAT6bXPug3e5Ti1fFhZx4uEwYQSnASVN98ZWyks (0.00203928 SOL)

Signature: 59xpBSiRcCjzti1RTpcnwBt52P6jiCUxA15VavvHgMwhVo6qgSsdhmz1SJWUzqzaft8kDyyTADTx1rNXiHZCSAMk

Transfer 1 tokens
  Sender: 7PngXf96gCwaye1MBZurT9VJQAMZyDsv3dhsoquGpe1v
  Recipient: GRKqLdY4K4VhQC79Sa6EeNpSKchuXGKkZELPAUtg5UiU
  Recipient associated token account: APmVDRQQpQnGR28WyAumvAqjyeszFhvg1fmriBmeuBhw
  Funding recipient: APmVDRQQpQnGR28WyAumvAqjyeszFhvg1fmriBmeuBhw (0.00203928 SOL)

Signature: 61kUmAuDF7Ex4kqQebeNojn26HQxU1cBNiwXR4nAhrQrrLieAUwuZA9TBszm97yoUtRG4CSz3WHVqDasqt2GJXpp

Transfer 1 tokens
  Sender: 4RgtfMbGdiG2i1YaJdbBLZrko1J4Sa4q7Erav6Ea5XVQ
  Recipient: 51oET2dy4vCmZ1JMGYR9hbsvsLng1vcLD6z2AZp1uq1j
  Recipient associated token account: 51JtjMPtXhaSQnyXn9u4d7KcYSb3uCxU5KBov5cJNa7j
  Funding recipient: 51JtjMPtXhaSQnyXn9u4d7KcYSb3uCxU5KBov5cJNa7j (0.00203928 SOL)

Signature: 2huBbsFem7JQgef1CmSQJLWf9RetGctw22Ywy4B4uWRA6SQMs5s3xrAZKRVkKZ8BRPvQ9qS7RNqmhST2JQJWMMsM

Transfer 1 tokens
  Sender: V6pAd8B2JWCbiCmUK8fWsCX4njboNktkXTrp3hmeJcs
  Recipient: 4LBUPX7zfGzqdho666K4ueu9kipXkQFoCpNCYmQwdVmi
  Recipient associated token account: 6VDAw3tN7zr3zv9qUgxWuJ6syd1HDD7z9zCJXYnXC8ay
  Funding recipient: 6VDAw3tN7zr3zv9qUgxWuJ6syd1HDD7z9zCJXYnXC8ay (0.00203928 SOL)

Signature: 4QkakShcn9vWxhvFSHfoBqWoFyvGuc7y9yCWMu94JGehPurpFDAjxSVUK1GTnfDNPQbAUF1hezTB3nYcJMGpVdND

Transfer 1 tokens
  Sender: E1LPDxZMZjCegkv6y1QCf6ejsT8mejj522XraX2itoez
  Recipient: 7V3P5Q7sb3cAe8Co6dutS8ZnjDTbrZDVvx5KEc173P7v
  Recipient associated token account: HoiJRgspXxcEqk1McyRxuFsBhGa1B24UqeoFMsdPRb5b
  Funding recipient: HoiJRgspXxcEqk1McyRxuFsBhGa1B24UqeoFMsdPRb5b (0.00203928 SOL)

Signature: TJeUeySu9PsUTx3FPmKwuou26jXsqMZjq1woKU1HfWeWN6zWiwN3PdPs4gWZemQQMUYFuRcLyXQQtWCBz2kR982

Transfer 1 tokens
  Sender: AfeYnmVPe7iduRqbAFANY3ExzwuzV1mGvanNr8XKjjCi
  Recipient: DHZnzDYatVKxYhL7riFYVAoHpf9RDFoHHTb2a5X9Hn87
  Recipient associated token account: GJJuNU38f3uTJNQZhbas46pUf9LES1QADve8W4amBvN2
  Funding recipient: GJJuNU38f3uTJNQZhbas46pUf9LES1QADve8W4amBvN2 (0.00203928 SOL)

Signature: 5Soq15bGdAvDieLRxNCAB15B856BkA76XjpmKmVqspgCmsaTp5JDG9b3G2fRgT6ziALNWjQL5JynozqtZHYp8YQD

Transfer 1 tokens
  Sender: HkcmARvC5G6bWETFmzbxeTo3mfdwJdPruJYAGTDbR6YQ
  Recipient: wcZ2YR7AiV8pAYX5SodantLCAy1MjP7hKHZzzAqMiZC
  Recipient associated token account: 6wxW6qnLY1aM7BDPLB4qF77khApR5TMokHHXcMx2Ampe
  Funding recipient: 6wxW6qnLY1aM7BDPLB4qF77khApR5TMokHHXcMx2Ampe (0.00203928 SOL)

Signature: 58mpReG4oBuc3tvxXANbofXXXLVMUwF7ogB8NCFsNw1276zn1uTiykknEsXaDxk3mcSTdUVWvj2eQ45xj5HwHsK5

Transfer 1 tokens
  Sender: 9VUi5ksxNQMiVZ1hLMQmbJ8FjYujCueaqJhJqQLqSfnr
  Recipient: 6QmKFsYUfd8nxLufRojQxWQj4TGhM6ueJudmPd3NxbHY
  Recipient associated token account: 4Bt9d8WCYPou3FbmAsnqUFmwtQzzY7jwoKBdjTnR2kQS
  Funding recipient: 4Bt9d8WCYPou3FbmAsnqUFmwtQzzY7jwoKBdjTnR2kQS (0.00203928 SOL)

Signature: 51PrKdo6a48Mk9p3NYBGjyLL4kxqhXhS5uZGqwFgUuNZhc9G28mJWEa3PG435XxCfZcAUi11bxDZk2a2baWBWi4C

Transfer 1 tokens
  Sender: F55PRCuYzGAVEPwoSfrurhQvpSEDMsmaCPRZC3GCJgNx
  Recipient: fM75Vu6338qcv7W3Lf8zX5h6zh5P9A6EaVKCBBh1KkV
  Recipient associated token account: AsfHoZ2rVF4uyCF2W3GdxwMBWeGT3yULJmZLKUUFit5A
  Funding recipient: AsfHoZ2rVF4uyCF2W3GdxwMBWeGT3yULJmZLKUUFit5A (0.00203928 SOL)

Signature: JSqQKuhDp6U8TS7sFe5XLT7s91FvmkTLZHQ4qjk2jopxH5FLeuWcEpDn9mFy9GcXxWGoZSeY8kgKx3u2p3z8ACQ

Transfer 1 tokens
  Sender: JBko9KRJQAdf9b87dhpvXmbR1CSpL3kkcfMLPgS8yw4K
  Recipient: 8gChtKNEiUGRjKzmPBiBjeYKzeukEsxY9H8SrBTdRtYH
  Recipient associated token account: 5zwRTXb1ZXMihr9bWY1Z6A9K9giEeWL6gkTqhpBJSjqN
  Funding recipient: 5zwRTXb1ZXMihr9bWY1Z6A9K9giEeWL6gkTqhpBJSjqN (0.00203928 SOL)

Signature: 3fv8a2iNhG5toq1LTwuZw9FvTVparK9EfmDU9H4cRJUn3Gin8CRn65XJmp85FJD68ivfUf4tPvTGNACheicFxKG1

Transfer 1 tokens
  Sender: Ckc31DRnqs55pWzWoHnB5tvpASiDSDrdqHvcyVWQHTW5
  Recipient: 8kX16Yj2WBCz1sPXcimafGrutQkw3s3Swe9sR3gt3cC2
  Recipient associated token account: 7jR2At3PBaPqbQDAF12jamDS5uvyxhgwKWohd2KFLjFu
  Funding recipient: 7jR2At3PBaPqbQDAF12jamDS5uvyxhgwKWohd2KFLjFu (0.00203928 SOL)

Signature: 5V6YZNEnUkfyyPZcDHcdU5vvarKsZFCdLejz4Fge1XviH1X4qe8E2nF1TNf3NXAin3VvMQqY6j1LPt3auM5H6tGi

Transfer 1 tokens
  Sender: FoRsXDuNsqeDwQ5Y3vr1LaH8LKgchU8NJ8v18mj59Bfj
  Recipient: CmKbwqVuv5C67PZYgsyW9W6bTUzBybsJm5kNqHp8M9fR
  Recipient associated token account: BbAvENvRE1HSJr7RpvSDtVU8UPAfx5ezH7AMp9BCxheV
  Funding recipient: BbAvENvRE1HSJr7RpvSDtVU8UPAfx5ezH7AMp9BCxheV (0.00203928 SOL)

Signature: 5o62tMbfGaoUM1GEhYNaWdmrEvv9ruViDMBFxf3a32rKxG8SnqmEN3PgyubdcLDJ5MuRfUvCfH81s8NmmRjwtRAB

Transfer 1 tokens
  Sender: GAQCBnu5hDngYv91oHzwGsLHSBnHcbEVUcSa3WUgRoaW
  Recipient: BU9GQbSnXQcF59sm5VW5vM4QP138cM6s2vV4p4HhrDjY
  Recipient associated token account: 8TjmjxY1Aqc8ASphiPi6i8ojBhZ2S3KMCsSfZhgZuY2x
  Funding recipient: 8TjmjxY1Aqc8ASphiPi6i8ojBhZ2S3KMCsSfZhgZuY2x (0.00203928 SOL)

Signature: 5MLxc9RcQUchmKqFPZyYzyJEK3S5wmtr7GaSFn3MMsUuASnY3AzcteQK6MhkQrxi5sJpaDUCXQRnSeaE9Qv6mcJs

