Transfer 1 tokens
  Sender: FwN5qARGWwD3192cytZCD2x1H2ZB5BbmK2pkrp4gjvAX
  Recipient: Mxe7R36xxFThVHvPGvgYPSpsiEnCByQQ2dUfvaq67di
  Recipient associated token account: 89KJvibhxW9u9YLZ7QLqFrouRbFuuCgCw7H9foXUBEk9
  Funding recipient: 89KJvibhxW9u9YLZ7QLqFrouRbFuuCgCw7H9foXUBEk9 (0.00203928 SOL)

Signature: 2sABeJLgvefVBtZvY7BSU6kCs7Sgu1cmCseJyyemgTAACm1XkGitDsinvzGfrnbhjZFcqddBrE272FpTZ3DdaMkR

Transfer 1 tokens
  Sender: BoGXH9ShFa5QAxt3DDwvqHdMZ1b5esGgnBtxHRDt3VEs
  Recipient: 7tMyU22ViPrhY14fy31bSmTsQK6rwc9q3Zbq2u5RkZis
  Recipient associated token account: 7yMdXG2C1VFCA23rXFe7t81TNfPBfSQz86AL2kcRbruh
  Funding recipient: 7yMdXG2C1VFCA23rXFe7t81TNfPBfSQz86AL2kcRbruh (0.00203928 SOL)

Signature: FPHBkYR4f8B7aLSa977D6fAgXG21z7V92PgjAW8GnnWXPZFx3pzYKRzTkkfbjn9SNi4VcqBnBZkDVa9vo4VopME

Transfer 1 tokens
  Sender: FSa4qwj3ga4u39W624nn1iAdCTe5M4HjrAJG28CwebKq
  Recipient: AHM3SAh5eeD33vgdLQnXBF3ydKVPWaXQDEFdx4JeF3CJ
  Recipient associated token account: GRMvQ736N1ZSSM2zSUqP6jSuyvoxywv7XWj7y6U5vTij
  Funding recipient: GRMvQ736N1ZSSM2zSUqP6jSuyvoxywv7XWj7y6U5vTij (0.00203928 SOL)

Signature: 3nw9nP1GcJYv5q4eGymCLDVXLhCQzRxF6B1w1EhdgNfU9QMXhL8szDd94F89ZZgAbALypthGtL19LRjVzcSZBLDp

Transfer 1 tokens
  Sender: aY7ZzKRJuQK6kUGydcUfyJbejTyakar5ekdDPec8aeE
  Recipient: b3EeBpVifZ4Lxb1qKe4c4ptBTc4yt8KPo2AQwhyDLjw
  Recipient associated token account: 5NwG23rpUiPpkHaiJwH9icdJQw8XurhZ6ZvtzFuXyr54
  Funding recipient: 5NwG23rpUiPpkHaiJwH9icdJQw8XurhZ6ZvtzFuXyr54 (0.00203928 SOL)

Signature: 224459s63bZciv7NbHyTwomj4NKkgjR7j5ML8s2Riun5yApiEC9SRymNrhQxiSuT6JR7LxAfQ6h8PG6omumuvnjk

Transfer 1 tokens
  Sender: GvERVGye2Ys8MssGZNy3VPkcZkm7bpmD16UVVk79C7Mg
  Recipient: BHdPgzF8qvYcaXsNhrXJrbyHEpht9Spgdfo9Tj1AQVWB
  Recipient associated token account: DXWRq4hXLKEf3Dzrtp9uktZLzZbEtesDZSXpSwisynYK
  Funding recipient: DXWRq4hXLKEf3Dzrtp9uktZLzZbEtesDZSXpSwisynYK (0.00203928 SOL)

Signature: 3tRTJhnx7Rq7oGcyP9HXmAV4rLQLP7WdRqpeAhF1jgBR9tKxVBsoy8PCq7D3L8zSqFPbUTdFJK9JnuwGbcAvYo11

Transfer 1 tokens
  Sender: 5wARJXjKxctHY4PFRCHWWZdMk4ikWeBbcLUuLfkGdFtd
  Recipient: 7XeooqaDHBA1UxTSVojz1qtr4zTyU5r7YBWAtryhrA8y
  Recipient associated token account: QwM2G7Ag94mo6mHSkLFsjt13985gDwdJ4d9Q65xsi69
  Funding recipient: QwM2G7Ag94mo6mHSkLFsjt13985gDwdJ4d9Q65xsi69 (0.00203928 SOL)

Signature: 44ZjgT9CZYJGkoQTL5qJaVE9YUDM3CbT7goQZpoENeYU887gLkmyX2zr7pJSFtu1wD5EmtCd1P3Cfj6TSY3AzUnS

Transfer 1 tokens
  Sender: 2EbC25XpdjyLJCYMwWLTGBxyeFAeC7T2V7vUWuRQZUzg
  Recipient: CKMDD7Xp4pBztCG5G2utc3kXvFqPJ17HMDPUwhLiHzhM
  Recipient associated token account: 6y3K3TFMsNEmDpXsfhRi22R3HVgTMDxNnFtJLmw14wX5
  Funding recipient: 6y3K3TFMsNEmDpXsfhRi22R3HVgTMDxNnFtJLmw14wX5 (0.00203928 SOL)

Signature: 4hMSMceT65Dfi5txxJnJdCP4mpdBoNNyBGthZjK4E9KaL2CUGs55sEcJmD6UnvaMGMNnkbAAiY7uFHdJz6E2Gr2

Transfer 1 tokens
  Sender: 9q4X4mvQ194dE2A6a9nDmMhH18sYr9jto7okcxvXQEyj
  Recipient: 2ySnCKDw87CLGeXzpcd3GXQjn9YfEWraBMBR7iq7b7UX
  Recipient associated token account: AhXVVjJYsYvZ6VeBtfJ89Ng6McYEMAzXPmcWcpeLNyGt
  Funding recipient: AhXVVjJYsYvZ6VeBtfJ89Ng6McYEMAzXPmcWcpeLNyGt (0.00203928 SOL)

Signature: 49gkkPzfxRd1kPDE2sB2NxTHoRYiy5CXSvoRi4zeNJ3JBMVRkUDNp34RqKMK8xjC2vAA1DgxBpAMyDBERbWBKzDy

Transfer 1 tokens
  Sender: 5tQdV23J3meeQCDw5DjyqDSL6qKTCBfzsKGJDFiuDJGG
  Recipient: DLbcDo43ey4NxJu8Q5T3jxdBaU8yjU8y57KJt3PVk5Za
  Recipient associated token account: DQGAQvxxgcy9y9Z7b6kHmTBAMvQMuMu2szvqGUqDEmdq
  Funding recipient: DQGAQvxxgcy9y9Z7b6kHmTBAMvQMuMu2szvqGUqDEmdq (0.00203928 SOL)

Signature: 2xNMFZAonAEdRMXyVsnLABocsQGEDMhjj3NUNjA84GTLQdnBvUKFjZofZUkYMzdKVhgKJF3eawM1QXMrm3cdpkuz

Transfer 1 tokens
  Sender: 8zQ5oW3MfCQa9YNAZCywwBTXh2S6dthMtuVWLhJd4PoK
  Recipient: DRP5LS2eR9EfFfrcH6dLEBV9yEQ8Aig6vCAkSHLqA2an
  Recipient associated token account: 6M2XPXbfYKYcQFq4vFaxdA69f2q6ZyNobocx5p3fsrgB
  Funding recipient: 6M2XPXbfYKYcQFq4vFaxdA69f2q6ZyNobocx5p3fsrgB (0.00203928 SOL)

Signature: 2BtexwkvByug7Lj3WQ3QM4Upnp5UC7GNPGBuBNUxLKqiaykwtsMptkW5Cud29rjvfVsXgdb9CSdcbCKwXzCjJ6bx

Transfer 1 tokens
  Sender: DGVgvBZaie5c5h7cuC6KXmT9pE96b6XsNEwZcX9ccd3t
  Recipient: J7SmMCEdXXRW82QDJkdeuuQsd723W3CQub2jKGMJx9pu
  Recipient associated token account: FQPDo1gtrthYJwoC8WE7FLKWWtQCVyJuYRpEzMFPDAa
  Funding recipient: FQPDo1gtrthYJwoC8WE7FLKWWtQCVyJuYRpEzMFPDAa (0.00203928 SOL)

Signature: 5xo738REHdAiCnLdZPGkBK87Kq5Qd2CNqfM18x5vdUMeofN1xAbpYkdgyvgtFLcX5usAHdZZqQZZSynVacfHjHPx

Transfer 1 tokens
  Sender: 2Hr9qXuZmUgYr9yBgov6CEbMm4QvyJQJUqpSeMG83Pid
  Recipient: 51oET2dy4vCmZ1JMGYR9hbsvsLng1vcLD6z2AZp1uq1j
  Recipient associated token account: A6dKxuw2ksxwh8M3s39dPvC1PmXvTDDUJs4g9bK39Z4j
  Funding recipient: A6dKxuw2ksxwh8M3s39dPvC1PmXvTDDUJs4g9bK39Z4j (0.00203928 SOL)

Signature: 5c83rJH3B1VYugYSx8VQLSHWwHTjVCGNQGVtXeqYs9Duy7ZVgvRREpfyCf6J2Q6xsJxnCnYoq8vzZLjvtPbqv3n9

Transfer 1 tokens
  Sender: BbaPxtnQGXcEH8PwjTouY8X73AoRg76C3cwuKrFC7EHR
  Recipient: Diqr3X6FGBjqk6sSqaEey5XMqzHrxwNBJJXUbuqJd83D
  Recipient associated token account: HnADWS261CLPt1i9Bqk1jbwyXS4RczJTqS1yT3tZDg6D
  Funding recipient: HnADWS261CLPt1i9Bqk1jbwyXS4RczJTqS1yT3tZDg6D (0.00203928 SOL)

Signature: 5tgGVfZFPwFL7xSYuUGW3ZyNCkRXeWuDdbHBNDi5GMoYBo7LcJxseF7R8dM38snMj2mx62p86AH8AKiPvsSd92bE

Transfer 1 tokens
  Sender: Cr8f6n5DDzYQMf7pgT7ruA2mokUD1bNpb1a6NGXNxZrX
  Recipient: H1qs1phjLjWPyDmdeNS7JM1piwtnxLEd5jkBYJn5uLUc
  Recipient associated token account: 7r7ydEZopBJPTtr6XJU5Uhj7M4Na7an7DaB4t1ojLwW5
  Funding recipient: 7r7ydEZopBJPTtr6XJU5Uhj7M4Na7an7DaB4t1ojLwW5 (0.00203928 SOL)

Signature: 5mH78cwEj134iwbjVR1UNf4aV1cD5uVFAyEYVgfT3nKXUfbDAinuPmoDyrvAhuMqZBarX8vkFmhHCQa6Jovsi6HG

Transfer 1 tokens
  Sender: i3yAT5uUpDJHJa47F8dTEeUMEoJ7kwmNP6AKnu6M6vq
  Recipient: B1Kbz5tGqGN7H43aVLnHftgHthqgiZhaVjavcJBczAz1
  Recipient associated token account: 5qrhd7nHAW4bncDWbojMxy5GpE1f3RPmnkkQtmoiUMNd
  Funding recipient: 5qrhd7nHAW4bncDWbojMxy5GpE1f3RPmnkkQtmoiUMNd (0.00203928 SOL)

Signature: VBdUmRjbq1MjRDwmomwPQzEP6AmM5NLvrzQkxD2bnvvDq6X1omLE7K85FpZTRRcaraDvzQx7DR2kFFrifGPm7oW

Transfer 1 tokens
  Sender: 5dreVJkhZ2pmpdrwPTvBSxf2twzzqY2qZU3NMSider3R
  Recipient: 4H389fKsqzX1vHGDrtWDLUKLkcmMi4aJsA7srHwZto5r
  Recipient associated token account: 7rJa65xyNega8YjQAQbJXmEEJCmNQxgRRdQJxUJmAYbw
  Funding recipient: 7rJa65xyNega8YjQAQbJXmEEJCmNQxgRRdQJxUJmAYbw (0.00203928 SOL)

Signature: 3ukVuidaQ6gwWELHAw6XrjBkBHNEgXNcL7WKsYHrSRr6quuDhMR5Cq1DezAVxV4ZujbR4VWiLxVWyRVVroPUXAf3

Transfer 1 tokens
  Sender: 9s4H2664CK3e5xr62z82j6q68DZybWhkcQdBUGqETXSH
  Recipient: BcwzmAJunqVo7M9PHuUn3srQJX73bd9xr5fJseCDGAZm
  Recipient associated token account: H44Jc8jMVEa7WHsJXsoDRk5fZzDf86Aoj94VfybnrR8C
  Funding recipient: H44Jc8jMVEa7WHsJXsoDRk5fZzDf86Aoj94VfybnrR8C (0.00203928 SOL)

Signature: 35CGAKxZ4qEYpUgf7fJ1qH6f25zwyM53J82eZRcTgKAi7E9x6Q1C4hCmHXKuAkpvThGYjopwuAXbEt7vaTCnpuMa

Transfer 1 tokens
  Sender: rd1rbWKEK39Ykx19DZZsX1JwEMG7xXCwXLSrMMm6ERU
  Recipient: FXGNYWn13Bu5N67RvjAXucg8noMnPPcRgXJiD88DahMs
  Recipient associated token account: 52UZrPSsVV359KVdTuLJ89ApM4wdP2MSVJiuF9msr299
  Funding recipient: 52UZrPSsVV359KVdTuLJ89ApM4wdP2MSVJiuF9msr299 (0.00203928 SOL)

Signature: 5PnrApHsLG43wkmQN5AK6mPBATuqiVvvBEwV3SyWb3c1RnTuchig7WwzmYDMQfmjm3wxDQnmgEVQ4gzJ81mh8x8b

Transfer 1 tokens
  Sender: 2cUTbLxtTfKhiGCfnh83NvXLpQLSQyhTDjKDYMKg3DVM
  Recipient: 7KHx2Uc5qsqz652eXbu8Qtabi5KLxWJLgxFzcaBzP32i
  Recipient associated token account: GPAPU3tgEJHDBwC7ysWR9CQX1ERYVEkWgEKNz979Ebi7
  Funding recipient: GPAPU3tgEJHDBwC7ysWR9CQX1ERYVEkWgEKNz979Ebi7 (0.00203928 SOL)

Signature: 2SoPreBXbatHbM7TgGZw8KdxrCRYd6EXc8esRbTe78kKPpA6UvHomxicvY8pXCGFhrZoeEm3kZcHKen9xgyX6cAo

Transfer 1 tokens
  Sender: FsxdusNFxS6nmPcC2sWSTiM8BesxKWb6U4NpyQdyT7u8
  Recipient: BEv2CyGCrqdViM17WKqTmnseHoPuAyspHGbTYN7AwxY1
  Recipient associated token account: EqzaZCKVWysdQvteb57g6bnAJQfmT1KRK45aMbtiai54
  Funding recipient: EqzaZCKVWysdQvteb57g6bnAJQfmT1KRK45aMbtiai54 (0.00203928 SOL)

Signature: 5issUQGr3ku1Dzes2X495z97jt6Fb53HuNZhJshbXbPv6gs8J1ojrsrYChJdh7VUdJ1XCSfy7JNEPrzSVahfEPFP

