2TQW7sBNqZRYZzeXKKF1KDxPmPAssbahk9ps4qUy6bBS
4QiSnMKqH8weDJfrGCawZhPg74UwLnBoPAH8r1oXP2vZ
A7rCDajTsxHsXZ1vTZvGnsDnge7YBYDaf7ZAxPMNE8F6
GRKqLdY4K4VhQC79Sa6EeNpSKchuXGKkZELPAUtg5UiU
GWuAeuRDpAwKDxnVEDRW3hYn87dw8K91ZLrhhZUCftnM
CGqyDdLVve1Ws8xLQbxB5spzBhsCVkLw7PzcMrwATiwW
CgeQQY2g3ZKXSPBdTVa2sZ6Eet3456WfG7KmrTLRh6MF
5jYB77i34oXCWHHjHReM6vanEtVUifTmVJwwxdawj7uR
8kX16Yj2WBCz1sPXcimafGrutQkw3s3Swe9sR3gt3cC2
Hp1MvurGGDd7xA8zEdntreKcM2opJX5qD1WAApagZDfH
FUfFsJeSvKzBbSLDeHQhjNQZPFeVo7KxsPf4VLExoCxj
CakCB2mYApvhtzJWgmejHjuTAVDGbBk5zjzrDctgkxjM
LPMedzHLqoqHjfrGQ4gM2btD1iGvBDgnWUNXchKSfp3
EE6ferhX2jvdHpVRnCMhidFnsjaf8SzaiY5sRW3CT7D7
51oET2dy4vCmZ1JMGYR9hbsvsLng1vcLD6z2AZp1uq1j
4CVLbLUcNUdoXkb7GhEJmoPgiiv7G6fistNWu4Rx6T9L
2UXPd2WtjS9FzskPx59gVce2r6G3gfSPP5w4RjbSEfwV
BrfEGRPH1ojup3ESByNv3amAhXhQqTuwmA9BV9DxhjTy
2vhNMJt9fhQs7f9YQubaS1MpCuUdx9o8zTwqxzkfcLof
8QrxxsB2exca3PyV9mkim4KLGvgcnrREYgg7FG67Mvpq
