A3RKXn5M387BSmPGibx3xEWG27wEi5NE8ixdYNGQZom7
14ji9Z7HAehftNmJ442kyyGerQh66STkXYDN3JFHMo6K
Gf7gJWSTgbK1mQbbCuDqLgV5BHtehUH9zayKEmAzWu28
GbFaif1vva8Rij8RiNt9egP5fcMTrXTNYo4c2r55ods
DwoLuhuZSLkZofMav1dB9SdTWiRVuDQdfc86tmH9Pm1t
AFNeWD91mnynLRPEKokEFBqkG2ycLacUqjqyfX1iDGbj
AUkkjm49TpwFRnzLRUY5WRPCzjGJ7HUQ5JHtsr7u3z1k
3CqWUqMtyMeKEpzLQX8TKHcxdALwuyPW15aARsXojzot
CGcpn4dSuk3LXXchzomuBWsJQXEtMv9kJ74KFowiDD24
9j8m29GQeRTkj3F62zm5tmVL6EYz5tZb1R5nm6ibvGbQ
4Txmt4G5xHYKbzBdS3LrMgMRyh3EPBxgmjMGyGXKEjdi
HfwVJ5YbxdiJzNFDwPmHwCTACNW1ihRUjSC51a9TtWTz
CZbqFYMeTsL25u9WetVoY5BH37jhJJdT7Q2NUj7P2m95
7e6dCWzfdLqcK7oJp7HWsfpU6jEMu39tG71hmSwr1bGd
2f3gwSNzUvfk9gTXDZgGfK1tDfF1HQsKKgT9VE7tFHcC
8qninENaM5czSqpCxKZeKQfm3B5m4AQjVUB3utW2ipar
FLq5rzThoZFJNHmrZcb9K7cHFLKd9ffXEGN3u2eD1BRK
Be6gR2HDc4MHUZfREDABEDF9WQnwgH8LSjkuEVRUSYBV
BaiKiQ15cFcbXNwkZuuGPeEkcwPboNWSHTjmyH18w5gi
BAYa6Q2aUEXrmXsQ2D7nJVTNDmU4FBPvSNcSM8Bw3QoJ
