Transfer 1 tokens
  Sender: BMhUWJ6gUekhNtigg1h1X5FuKLpBPGDEMCiUn7GXpo4f
  Recipient: DtRzomChS1Nk1i4jMK8jXitfVfKMG2zJ4ShQnUTZXcwx
  Recipient associated token account: Aoz8et7C2r2o4G3rA97uVcj7wTunnDZjfwtSN2eGAdVW
  Funding recipient: Aoz8et7C2r2o4G3rA97uVcj7wTunnDZjfwtSN2eGAdVW (0.00203928 SOL)

Signature: 4YL135ciXRVvBeYDrcuUTF8cC6t4EwjjUbBmTU9fifShXrtL9UHUmCmEoZ5eHx3qNrhofuNtVhAXrtDXCPeJ8QCB

Transfer 1 tokens
  Sender: H3WUvjfazMT6LvUjWRymSWgSRUDHFqENfD1UcXbVSvQ8
  Recipient: FaJyyFuhWWngjU31Px8z1h1hnowj3hXCDnvFXuLfVtGU
  Recipient associated token account: BaRZJnqE8LzT2mtYSsLWsRCZFyqXpZUQSueKZeW2Sn1W
  Funding recipient: BaRZJnqE8LzT2mtYSsLWsRCZFyqXpZUQSueKZeW2Sn1W (0.00203928 SOL)

Signature: 4QEQ7gW8DQCKNNraATnDYjboV5q6qCAf71kk2Ve7qpk5zXcCS8Gy2r7mMNXyTvP73dR4yEmCoQRSpq5sdneVq5St

Transfer 1 tokens
  Sender: ztFprRrseEo6FLPTthbXWzAg8eSZfkArT4MhJtcsHHo
  Recipient: 24iifBd4cBp6tEhYNZvPvdUsCuhmrSXXauQxrumEz4y4
  Recipient associated token account: 9aDvvXbpDVeZRDWfzXKX13yeUTcDGunTtnHwYJUoSRcD
  Funding recipient: 9aDvvXbpDVeZRDWfzXKX13yeUTcDGunTtnHwYJUoSRcD (0.00203928 SOL)

Signature: 2469RMhBNxnZSjfNAvK7y82WguWbT19JPUrED5CruzHtJF3kgFKm3WVbfgaEoTk5KjonaqHNbN4Zmk59iSC3CUDE

Transfer 1 tokens
  Sender: CpXaygm1R5ZGcAWWVpgaV1gDUx5hwncHxcLNfja6F9Eu
  Recipient: 3L6ffS5Pnn8saDvq2CfzXcr4iVWD6ggGjx7RQMG3GAJf
  Recipient associated token account: 7mUVyGJf3ShF8AeYWzVS9m2ZCLmon9fs2zXFTYvTbgMh
  Funding recipient: 7mUVyGJf3ShF8AeYWzVS9m2ZCLmon9fs2zXFTYvTbgMh (0.00203928 SOL)

Signature: 3ZWJJMHaF838uXJvhYeUraLXJZNfKmeMJ65T9FdGRvj7zd1ZojNvJCusk7VdV6BZUazLgE6EpKD5d6g6akjZRX3T

Transfer 1 tokens
  Sender: 9nwMg55y5EC7wHvK2CBiQ7oXi1rVk46fhU5ArgiWjEdb
  Recipient: HENypccepnygXmwYLhaJwdGmjX8GwxgqMuLvT9P7hFT9
  Recipient associated token account: 8CPsEtMCgCxNJxLj7AdDrr7pp1oH12qPn8yPkqQYSfBo
  Funding recipient: 8CPsEtMCgCxNJxLj7AdDrr7pp1oH12qPn8yPkqQYSfBo (0.00203928 SOL)

Signature: 4C38MR3eXgoFkAyEMa39pE8QNBToWvp88k6nJA9h88sszh9eFEDga7snyEXCk2UXg9vZftxzv5nKXAoYVkE5xPAf

Transfer 1 tokens
  Sender: Gm6QpmL3gTaB2ZTAfdihEEuqR6aSk2w9d3L5XbJJw6mq
  Recipient: AnCRemGycPjMeta7PUupWq6X6Xn7u4QbxnYVUQkgeaWg
  Recipient associated token account: 22Lb5shDYxgJXckTMJTuJi7xRgVtzPq9wHp9twtVYg8E
  Funding recipient: 22Lb5shDYxgJXckTMJTuJi7xRgVtzPq9wHp9twtVYg8E (0.00203928 SOL)

Signature: xSkDHG7pgHgTn1n15yfUdgWShkUxF5EmCFZBcd59Tcfj6kMmTXDxHR1AV2dxGJNfn9K2yfjodbC2zvg4Nfk9F3h

Transfer 1 tokens
  Sender: FZRJq7jE4Tzj5j5XgbPE2QgSQPTXJMWimFYcAXg99JLJ
  Recipient: 51oET2dy4vCmZ1JMGYR9hbsvsLng1vcLD6z2AZp1uq1j
  Recipient associated token account: 3G1F3Ba9WrCHXY1AmtstyaGSFfooHFqL6pceuHDsjUa9
  Funding recipient: 3G1F3Ba9WrCHXY1AmtstyaGSFfooHFqL6pceuHDsjUa9 (0.00203928 SOL)

Signature: 5kA83cNxM1xapjbgBbkZ8tt9jcbyyf8un4WkJS3XdSda2AutT91TYusjxkR8TXV7H5VyDgzNKiCjXDZpgHSFTVY7

Transfer 1 tokens
  Sender: Ht3WaULS2FH3zbYWqghKi9TYMX9b12NTKVjxpxitm76J
  Recipient: FqEvG72tnkLfMTYvqakdMCLTgp35pXwDUAExR2j1CoHB
  Recipient associated token account: CavVTK67k8VuUcFpSN3Vek8fKhR9amHBPLbDryJJQWoJ
  Funding recipient: CavVTK67k8VuUcFpSN3Vek8fKhR9amHBPLbDryJJQWoJ (0.00203928 SOL)

Signature: 5eZh4SbTR9RnaA9zXknn4oTgqybfd7fJ5zDfLuWTfurivnE6Xac49j8Bmwa45GHFUgtBkPVUyCZH1wW6ViHkfWqv

Transfer 1 tokens
  Sender: 9CD4a6QqfwVfmtvzzMjcGtvHosckcV4suyqPUPXCKgyb
  Recipient: Gy3kEJ5jeyFPMPpCuuJivAR3gbPLmsBHU8bE1XVQMc6T
  Recipient associated token account: 6zjn5Xrxp9rSqtCERwDpcbSjGThGcuLD35txyAMGbwzV
  Funding recipient: 6zjn5Xrxp9rSqtCERwDpcbSjGThGcuLD35txyAMGbwzV (0.00203928 SOL)
Transfer 1 tokens
  Sender: GWp4pXS9HJcwoxENs7v28yqpjVmB2SUggMwcTVwFTwed
  Recipient: 5LG3wTjwQRxGT1h5immvkCzzireuGnRFSuCiLPpE5m3X
  Recipient associated token account: 9nKFFL1dJYPUb8K3z8pcS8B78y7nsZqmBhz8mCXmUsD5
  Funding recipient: 9nKFFL1dJYPUb8K3z8pcS8B78y7nsZqmBhz8mCXmUsD5 (0.00203928 SOL)

Signature: 5oS4JjcmTMcm7QoWUzzMnvzfZbb1iqZKbQWP5iLpL1P7CESmV1MMX4g4c9hP9Ww63Hh3bvgUfaU2Ncq63MJ1Gdus

Transfer 1 tokens
  Sender: AHLVDvhnAhznYtRadL3taBpLABgAEBZ4zKb3KVECenkJ
  Recipient: 9ej7a4re5ZsayUKYpU91q5UEakEjCwK9mFb93zDAKwUM
  Recipient associated token account: eEnAcaAQdsvBJyuWYEhTboGyPvugyHgVqzRJkm8YZj7
  Funding recipient: eEnAcaAQdsvBJyuWYEhTboGyPvugyHgVqzRJkm8YZj7 (0.00203928 SOL)

Signature: 64vyLk3rHj9mBb2SmxxtgPAoGruhv34FFpRKBzGQUXxZyTKJxUFZ8ibYQNkRPmeSA14QynypEDMF7vbbNFipcUF3

Transfer 1 tokens
  Sender: FTnnsuVZAAB5CpMyzVnZyYQTP5Q692wm25Z4UURtaggK
  Recipient: 5tzSHxTWZkpKA1i3LoPre4ZvR6dsjmvnYcExS1pdsKv2
  Recipient associated token account: FGcBKrcoeuggd2jdh49PmVv8kni4NrwiHfvsYLe4zrjg
  Funding recipient: FGcBKrcoeuggd2jdh49PmVv8kni4NrwiHfvsYLe4zrjg (0.00203928 SOL)

Signature: 21EetmjsFh8mhdYGHMfXhFBcPRFKKPA7Hwmf97fp31Sd3CNb7msMFjYZdxx58oou2SAzcD8tkDDLaASNwhiiZ8bp

Transfer 1 tokens
  Sender: 2DuDnRat5bfF8xesusaDZUd3H4q4xtkA1sbNtDbVZuBP
  Recipient: BUT9zHC8NUvx88W6QHhJ5TYLa1L7VwXQ1JtNXCheizHW
  Recipient associated token account: AUEG2wH8yVzjjwrsu78w2bcY6CXrXScnrm3VkqeUvYzS
  Funding recipient: AUEG2wH8yVzjjwrsu78w2bcY6CXrXScnrm3VkqeUvYzS (0.00203928 SOL)

Signature: 2Gy5qaVt4QSDiyXq7JNgMFfA4JEZc96AUZANh3DLCsA1CHFm17z7vFm4P8zvozQ6fr7cGTKvxCNSvVJAtsLgGPZ7

Transfer 1 tokens
  Sender: DCwHsV8r53ERYiJcUyN4gB6FkFZ6hxaEUu4NAFLz4MDn
  Recipient: 4Qes7Jz3Wa5KYFD8KQ9hsfC9TJ4Wwy91iJo2mqL3JvXZ
  Recipient associated token account: 7ZMBJziahF1s8DCBRHKfBr6mUbsLosdTLT1XieRB7Hj7
  Funding recipient: 7ZMBJziahF1s8DCBRHKfBr6mUbsLosdTLT1XieRB7Hj7 (0.00203928 SOL)

Signature: 4kNBX7y7ETw6a8YG6Ka9tknBKTRdoY9fuiVTVqo3t3or6gt6UgzPG9nnDfh9739gzxRRbKMtWywDqo1HwJmHaP5S

Transfer 1 tokens
  Sender: FeNfaRUfrTTNekVkbtKJEgYmx6196eLgamy519gJHk4Q
  Recipient: 7GetnmM4kAtyjT2aumAcPsHcJs2hfNmMQWoAW9NqpAZt
  Recipient associated token account: 69w7TACMoHKo8KZ8CsSr22u6x1TZpywQg6n3Zhvb58mM
  Funding recipient: 69w7TACMoHKo8KZ8CsSr22u6x1TZpywQg6n3Zhvb58mM (0.00203928 SOL)

Signature: 2LCcyT7YKwn48uXTp9aZvUyshviZjQYkY7D8ohWQA3Z6C93gXQhqsRM3FujiTxKi1H18sn1TVS7QfLub8AFtNt4v

Transfer 1 tokens
  Sender: E32vHkWU7Dtci7ASAXCL1mAcgzRJ2jUM9vPGK6hDgG1E
  Recipient: HSPERKyUXZBnupgQocLzLLavoE9mwcBeVQLtEtHyUKBz
  Recipient associated token account: AWd9MBDqsL3oj9YRLUMe6ETojZF83G315atZ7sq7Jx5t
  Funding recipient: AWd9MBDqsL3oj9YRLUMe6ETojZF83G315atZ7sq7Jx5t (0.00203928 SOL)

Signature: 3biz3RiiYdvVyqfF7NFz2K2WjkNvDuwD2fDsiHbJCcBs9VVqW2AMgb8rmf4ZPsP5z4H1VajARNPgSqyWmMMimcn2

Transfer 1 tokens
  Sender: 7whitU5uBqf7ve2KAt7YEa5Gg3fd2mYg8oVDA3deNSGT
  Recipient: Dx4GehvJwsa2xQ1iDP2YrSEwAAs8BNjedCgrtCWgaqPW
  Recipient associated token account: DbSz1YaUfLWKdxFkbg1Rd1uNMJzVLVRh9HYmQVvkzz89
  Funding recipient: DbSz1YaUfLWKdxFkbg1Rd1uNMJzVLVRh9HYmQVvkzz89 (0.00203928 SOL)

Signature: 4LoviPKLs6KjMH2oxkvVKTBfdLQmm9NW7yhkUdar9dDYNJHdPRzykE5uLh4dhFiu7veobweStwKhpBfgNJdVMHWF

Transfer 1 tokens
  Sender: 3CYpjcrbT7U57g8hNZAPMyhiZnBYUGNCvCG2UjoatSWD
  Recipient: APbnaMh5jXT91pevLBenckSwNjEdnXCxvnpyUt3W8iZx
  Recipient associated token account: 3SBFVMJR7WDXviVdpyvnphjcvrFTkEQDKAK3fpy229ea
  Funding recipient: 3SBFVMJR7WDXviVdpyvnphjcvrFTkEQDKAK3fpy229ea (0.00203928 SOL)

Signature: 29zFKc6NN9Egrpwh9f5XjTPBXvTqUJuspdb9b5RWiBFr4yK8xtSV4n3sHyDLEZBjTnKfg2bAnQKnbDyUF4fWNCgL

Transfer 1 tokens
  Sender: BHKkf17afwezkzyAy2pSxrRV33XGjhepUcYrnrrNEZmE
  Recipient: AgPhAsvcwPfT8bcAQxfyvymHdS9enkCzHDZP67ihS5YM
  Recipient associated token account: Dfp5Dtzgiq227ps4986rkXiYWG62sV6v6ejWgRJ2xugo
  Funding recipient: Dfp5Dtzgiq227ps4986rkXiYWG62sV6v6ejWgRJ2xugo (0.00203928 SOL)

Signature: QeySU97wqYv9risepfUmaBYxdfY98N5K3jCsuEvfxFUh2AnDsdrJMbuDu8fHo6NQjCP45Taj3EX4qiAcRhGyqvH

Transfer 1 tokens
  Sender: DxzVmgKqyWc4hJdLd7UVtJe1htBdkdBR9ShuLWkfG6gj
  Recipient: GZ7dL3aqcVwynsidEqLTUnsHf3iK5wvNFsCEJZvoVXFe
  Recipient associated token account: BKnZ6Du1Sd4AnWFcZRPLfRAajpx3DyHP7wAtLEixJbR4
  Funding recipient: BKnZ6Du1Sd4AnWFcZRPLfRAajpx3DyHP7wAtLEixJbR4 (0.00203928 SOL)

Signature: 2VNwSEJdw4DChDUiXuFdmHX2vDnVRymGwmCJZsYTseEwB1C3asJZmtSiKGNBU36fSgg9GHiviAajqEm9om89RijU

