3Q7BfxTo3h4AFnMqvFFrdtfcBJ6nCX5AUN7ihUhpPXbY
7P4Bb1pCMuYNveYhg2j445cmTRCEGp2eAAtBQUv7Jz89
4imvcSxxHN6hyWy1XrxJ6Em67XZDVmMVCETBu9Z15Wvr
ET6Fq786KEM3xjMZFqNgL27SqcooZm7eJufo7u3qdMRv
Fzo37iUDzeZES24cL1rRuCyP7V9xxseYbgFSqk4FotPX
94PxvJEg2HvVPGenqStzLS8Bj8NDxvKCLbbgpAxX9PpF
9mkZeqZ5hKA5FhbAhs6We4ptQuwauRM45u34uzRLhcZd
27KPJgnWEshxJAbXsKzRxvp31dYCzvXGmLGZmJGyg3eF
6dWYKwXPMgr9dbsWsE8FgsTHgHudFaF8vvaQTvYcHnn7
ANUkikZTPfEoBrqtveRAeNkvVqZv335H5Nvspm6u9Ghh
8kX16Yj2WBCz1sPXcimafGrutQkw3s3Swe9sR3gt3cC2
DLbcDo43ey4NxJu8Q5T3jxdBaU8yjU8y57KJt3PVk5Za
51oET2dy4vCmZ1JMGYR9hbsvsLng1vcLD6z2AZp1uq1j
ACvPUFsShe2hb4ydNhvfKwcWMPBaE9G1XfNXNZGkScAr
ELNus8jcmWsUAcjDeHGCRGayqy9d7ScR1Eh5e6AUYKRm
8GXX8mY6N2Eovr2hgh35KUu8nhL9AZTgmWxNK4rvyaDL
HyJGn2q8vgYCH6urPsQXwxu6W5DqecVvBNTMU5RnnWrW
7tMyU22ViPrhY14fy31bSmTsQK6rwc9q3Zbq2u5RkZis
GDcdkHHAnzkZqftb5J79FWo9N2fJRe1vXUfVCWgE52dQ
DWaAVXvNg9NcNUPLCwRbAhc8NVmFzSLPQCFuwkxgp9Tk
