EsxqDRFACjrdLuJPikNALfjwqjZU1KNbq74gqkWMtZBP
65bPWh9MYQ68NsDPixgTfgRw3nG2dr1wdqNZ9EEEDAjR
AhHphnrXAtC2MprMRedBBQY6AreJNfQP2T74MkXou2Yq
9ZGRnNPKH7yDJ32JeuNrvotXm4UvyRe1uhwEq4VvJBDk
CQMTEqSBZLtkRf4hzLNssogKTRZBDadS2TDfS2WmVHFG
6QGhyVwEt22z1gXKbjsC6y457hoMs7EAqbhuswcC9pJi
9nyhLA1373prsNiFAdJWvwX3cMRCjKe6ejQUh8BzaJt2
2C6rzLNPXWGAaSJhr3uMwTm8yPCCQB34CE4KrVBW3qne
HQTHsypZ4ZB3WA9wzNgqGnbCxRZZ41tkVrYXWY7sqYnS
3q4z8Hmv4HouGZm1X3vUtRMZt1gQuFWUHAdnsvrAf7Gf
BPa6SrjLH6vr13vZcnV5cf6cyGQabZu9JNgBSZRC5Had
GrgSmAMWnhXvWeoNfuXv7dwMWuNtntdq5ostcmBhDT9Z
3SkL8U67SeK4NR4YVpd2oYpEjsEk4ZBHrGd1mWQvf2jM
Hz4wuD7h4kyzu8joFF8nCW8yHLaoscaciVhZWGthDRsH
HGnK7QZiAbMv3QwLnSnsbC5putKbgkfNxCwP9KiueN75
FWc9T5ytCTQZ39gPJXkjvi1Rbsa9tdGrENAoRyp88wAq
tHzk3X2XLseJzz3t9UVKMnPxzyuwi3T4EpGPnZyqMAj
3CDLPeLX2Q8TcwRf8fufqHcgdrvPwQJthS88oVnbCb3B
2ZsAqo4rzHyf7woJntN8wM5Tsm9xW8wpRStmV4aK7fDq
2jDs37vhrShPUA5swZHX9Xpm68xL5wSvt7DGQGqfpPmx
