2euNL5Mtjvf4AGebZXhvhH8sCeFne6V1pQnkLE46YG2y
4dPRjtqiWuiC8ZJc9iZ8sfoMiWsZ64Uj2VQRi8FkyeuB
8EJDAFK6YAxoyEjghbrtZYrmPeTsyxi8AmiEQm9MSxPZ
YCtejzZjWcv9ktLoaTbEiYdYFjoKNj4cS5o2LKR5iwL
A4XYSYEdnEWThGQzWSkumptKVPE3tXZvtj8sGwaReuPL
674LDgFvR3ZYUmp6Dt3T6ua84cQm2xZ19Kd8e1jYqiEK
3GGHZDhmQmZs3ysKGWXub93bRjhYqH82DV3btQxYEC1i
DbESLveED4veKfDr7jgqWNW9mChaivS9o96i4T3ospFx
DZVZF1uFFHJLPzZv3bvgZvp2wUaNcyqXy7gBvtssFEZ8
9Hjnp5C94s53JVCtx1BL6caqBZLvVStSiKkPDHXWYT3t
5xURgDcDmJkC8ruYcpr2V84SBFdMUJt7v9F3wnG2yMSe
358YbB84LLHUSDZxURWFsYaPSRZLmzZ4njSW8kXA4JEh
EVUecmSi4xDUyDyhy7vzPHbuhsNnmNnAzyeH8fuqQmpw
8Nihr6bPpFN7yNkr6SrqUvH9ZUeZ7D7G953oSwcgyCro
Hqia5DSr71wZEusFMvJAaYM9ZTKwoVQcnGSwWTmyuTHe
7XdYHKmHeSpQqjvJpeKTmVdoQc1yCqxHvunnp8famVNC
GroDAio78nYLuauG6vJhzgLH3g4geCGcNEpWV3hvxu9g
GvtD6FeaJDjSWQzbbtNZfjtuKuVBN25xxMuJu7x5cDDD
BWeRZ3coM8jwFJYiXZEqGjYgrpegWUHUXxkSZSjwDnTR
68uNz7oiTnoJaDraf3J4PNXGPdjJFQ11y4xWhj6vMxje
