Transfer 1 tokens
  Sender: 3cM5nJuvAAJoLmiEujJdeGQEeUn6EvSjYwmeXWB2Qt1S
  Recipient: 8L2EBRmJBEFKmJ3mf5GjTCqkRYXTGcN1rMphhus8Mgyg
  Recipient associated token account: CN4Bs3R72zndqbwqUAxk7haqH6jCp3uMGSYbeti6D98B
  Funding recipient: CN4Bs3R72zndqbwqUAxk7haqH6jCp3uMGSYbeti6D98B (0.00203928 SOL)

Signature: 553W67PErbffYCvzLhrRust5d9ZJreE79rmtMX1tEfdGHKEKYqRxp3WTKY3t5exu96s2rR1HW6ksMcuVXd35MpDJ

Transfer 1 tokens
  Sender: 2Vtjy3JRNp5CRXa173Zbkwuo3yzoHWTWnQDrqzJdDfHe
  Recipient: 2aagAd92bWkEJfpsoVKjwsgzzq6m7axvew6PD9XMGvmU
  Recipient associated token account: 88ErRtzG5GgMXcmJHcSHpa8ct1WgLG8Wh3SRNC8wbwax
  Funding recipient: 88ErRtzG5GgMXcmJHcSHpa8ct1WgLG8Wh3SRNC8wbwax (0.00203928 SOL)

Signature: h5Ki7YKHaXu51QzLFjgQ64pAaYycf5NiUJVEewqnwGreiTyWpwWAtgquDtf4azSuaGkqcJJ59bCeJqB2Q5CY4di

Transfer 1 tokens
  Sender: HtbvoW3i4fYMkVHuwmR274wPzm49E61TAd1EF7opaKsF
  Recipient: F2JFAe3oRG1LNLLTLegLLGKcW286Lw9uhsb8mb7goDaq
  Recipient associated token account: QutNs7XcbCdRWrjU2cyzRSG2a98KDZghUqdSQzo6sR4
  Funding recipient: QutNs7XcbCdRWrjU2cyzRSG2a98KDZghUqdSQzo6sR4 (0.00203928 SOL)

Signature: 2FhUN5Uw6Nf9JW77aqNpQbxyTQMoeA5gk5NyfozkGeEs3aDHK7fzKv4idrQ9brjroda6nzMHQmLZJF6PdCknYV4e

Transfer 1 tokens
  Sender: H8pRFWmQVP8FWfbK6NrCfCTmvHgLnLJYuNW8p6hBav8j
  Recipient: Bt2JzU38jdEfQJB5DGx5JgamK5rg88F2DGDiFjZJEN3z
  Recipient associated token account: 7bJMxeJQTosCYjvyt7rAAwgL1ZnFx3wE32QiNuat6z7H
  Funding recipient: 7bJMxeJQTosCYjvyt7rAAwgL1ZnFx3wE32QiNuat6z7H (0.00203928 SOL)

Signature: FFi4acekTERLVsgxuTfsvD7SSr46i86TaNuMkR8x63LJoqkoNuGiHXvG28TWyYYptsk2FZ2zKBH6g6c4EqBew2N

Transfer 1 tokens
  Sender: 2g6Gfqsu85B1ttmNSTewWpSGD3T9cYz381BtZxDu5pu9
  Recipient: Dm5ctBY8BwXzYqkjnob7FGF9sbxMmtTMtePJ2cJnb4Zg
  Recipient associated token account: BZMeHGmnZp8NbocB1U2gvG4sppkWmJrLXGvfae4FskUT
  Funding recipient: BZMeHGmnZp8NbocB1U2gvG4sppkWmJrLXGvfae4FskUT (0.00203928 SOL)

Signature: 5PoV4jbNw93aBwsasjeTLdNPV8TJ7w3Wj82iCKdpvbxEcGsfxEcsoMSzNgCaGA1dqXyy17fxfDT3GwYiwgKWyqyE

Transfer 1 tokens
  Sender: 9MbotLrf6LF4NnCSXPWAm1KavoGB8dFmHhdgZSX3t2dX
  Recipient: G8JjdDgzGbkU5dTURaRm7XVN8W9W1fkYht81hjRVZuCp
  Recipient associated token account: DZnQtxaU14zFEeXUCbtj7R1TLpdLB5McCgb6uHcnWwqi
  Funding recipient: DZnQtxaU14zFEeXUCbtj7R1TLpdLB5McCgb6uHcnWwqi (0.00203928 SOL)

Signature: 5TH6QprWD1pjeCg4LocXQ2NgWVaaVgGqkC3hDsMuLsT9KGobbKL41QXty2MSPqnZP6M1ALBE2yN3BaiFSnZMv8yH

Transfer 1 tokens
  Sender: HSLvAGFhWgoGMKU67pPr7b8Y3vNbu9x3AgKhK8xK3zE2
  Recipient: 45nb485LKf1pEhsTab34JnbBb3wXnAAP3xh98xdzP8Zc
  Recipient associated token account: 4mZCHGEdQyd5vE6wTTrqaG6tG8QbmK2MH2NykgkSno2s
  Funding recipient: 4mZCHGEdQyd5vE6wTTrqaG6tG8QbmK2MH2NykgkSno2s (0.00203928 SOL)

Signature: XFGUpWhuPWvj8aqvDEaN1svTBetHD7dkFu7WDvNC9UMJowPrSCDM1xEBBh6CiwtMit4HruzXLk9eG9d1aUm32fP

Transfer 1 tokens
  Sender: HpPLYFdaRYzJSwg3iw1HBifPwLM5ykMHEjEHkKWJY8yH
  Recipient: DajLww9JAzbHx6VNacZZWYKQfUukB9bibGRcwwHs7e3P
  Recipient associated token account: 22MZaGVfoW44WQdi6vrqPiWY27bs2x7a3rwLvoYHPwcY
  Funding recipient: 22MZaGVfoW44WQdi6vrqPiWY27bs2x7a3rwLvoYHPwcY (0.00203928 SOL)

Signature: 4evCwctA8WBiHGWAyMigufPNN5GnCc3mhXQhHTECp6QScGFgvoWi9jD8zeSQYzzqtHBa5LctrKDqkn1GTeY2LehW

Transfer 1 tokens
  Sender: BhHbB1XcbDJPsRLAdPYYHvVtZWJP7QqeunnELxAJrFax
  Recipient: FjD9nUmzPPktL25Eax5CKrxyknMyFxaC8oTRgb7RvJbb
  Recipient associated token account: 9DXFfB3UWToCK8vRkpMtwbRyU9Rn5iHedXVgp2Sf8TLy
  Funding recipient: 9DXFfB3UWToCK8vRkpMtwbRyU9Rn5iHedXVgp2Sf8TLy (0.00203928 SOL)

Signature: 5MyhuQL3Vg3XuyYXZvjYeUixUNRDRhADR4nKaxN8Wf2ecMSMQiq4Am7eGZypjAyAetxhiPKPuwgHFpAnuwkiNhvt

Transfer 1 tokens
  Sender: 6cTxkFCMKqJqrXeTpTZmtKcHbty2GVhPEd9K2959mqB9
  Recipient: BDpYF1zC1k9pDZo4knRHGAAvTEAESgDdUWmT7hVFBjJL
  Recipient associated token account: FTtZjM1crsxGj79crxvHq4HhokuCyWi2J21BPHoJ1KdX
  Funding recipient: FTtZjM1crsxGj79crxvHq4HhokuCyWi2J21BPHoJ1KdX (0.00203928 SOL)

Signature: 2Bc4x5wGppe3kpdySuyw8fzBEbPziu1LqeTDwKkEnYKJuxG4yNJyghu2ut5EFphoHFJ9afht4wzBLVqSZxDXQjQn

Transfer 1 tokens
  Sender: GJRDmyewR2GyKYLtMSfNFPLKHkUh671PwhtNHNBJcW9m
  Recipient: 4LBUPX7zfGzqdho666K4ueu9kipXkQFoCpNCYmQwdVmi
  Recipient associated token account: 5HqnZtq7r7mTbqbcytJbG6BXVuuAtmMyt8TUJknkECpH
  Funding recipient: 5HqnZtq7r7mTbqbcytJbG6BXVuuAtmMyt8TUJknkECpH (0.00203928 SOL)

Signature: ysbT28cTb2fWbcFEojrFp1jrepTsp6MyFyrZKeqS5XoBE5uA6Ec3aM5Ex9wMzxKQM1nC2795HP8EqfNes9EUfp2

Transfer 1 tokens
  Sender: GTmmkzsQPFQtNZrTuW1gdxhNb2jr8Fvwb4fuvqoMbzUK
  Recipient: 4QiSnMKqH8weDJfrGCawZhPg74UwLnBoPAH8r1oXP2vZ
  Recipient associated token account: CKMKouvTHcmBKNLMa89NdmMWyiqTdWxXP6yEx2XnNr7o
  Funding recipient: CKMKouvTHcmBKNLMa89NdmMWyiqTdWxXP6yEx2XnNr7o (0.00203928 SOL)

Signature: 21whxrHk2J9tUDrTgeMqDsULBU6FscV1Wk3qzfmZ25pGmm5VVRgnrjJ3HmcXzqyHLk6vJujeNgGR7bNcVFty5sa6

Transfer 1 tokens
  Sender: H5kfhf8ThJdUTNYijDTiweCXHPyJKTHrcEMj4b8m7FVB
  Recipient: BVFTQzEas8kMPkcugksaTTuLnQJ8ESxtLryk4ngdyvjU
  Recipient associated token account: 4iVVFM3YVW9rg9vxiqhchu5LQvVxAgrZmHY8jNdnkZtt
  Funding recipient: 4iVVFM3YVW9rg9vxiqhchu5LQvVxAgrZmHY8jNdnkZtt (0.00203928 SOL)

Signature: 47Dbx4WZaDtVD5x6uXew1TJ8B6xMNdTL9Ei5gCJtxDUWs1AB7u8w3v2s3Aeou96RXkrwmJvm52FDe3rAuMrVKAW8

Transfer 1 tokens
  Sender: 8Ee7haZgVPxMB9ryknRJcr5pwf3UmVbB7TyswYTdo4bs
  Recipient: HjezSazHZ9FxjtcKkfBTDFETEGMkiTMmoP8ysK4N2z3V
  Recipient associated token account: 23ih5JcVgucw56511ZqgFhyuU555bSdwCSeeLbDAcami
  Funding recipient: 23ih5JcVgucw56511ZqgFhyuU555bSdwCSeeLbDAcami (0.00203928 SOL)

Signature: C4KqYHuwKAVZ71t3pbJJ9hvS1aGc2PzSCaicYG67wwpkYgPpaciTCz7srwcE563jicyX8NMPbd9r4aiwfkak6mv

Transfer 1 tokens
  Sender: HRtXoEGwwCZbCM9Kk2hpRibtn8i5cML3RExYV5d4Xcan
  Recipient: 7P4Bb1pCMuYNveYhg2j445cmTRCEGp2eAAtBQUv7Jz89
  Recipient associated token account: FWZmZY5KPiwMqBYVzXmp7uHbofCu2dXaVTM5AioFgpPn
  Funding recipient: FWZmZY5KPiwMqBYVzXmp7uHbofCu2dXaVTM5AioFgpPn (0.00203928 SOL)

Signature: 3bxDByN2f89sSXp9mN9epUtYnbrggduQ9V83VncEH9evPXAdSHwVVHw6jnqBV9NujMRkLyRf7CdDFyup3DGUHraa

Transfer 1 tokens
  Sender: 8KnXVPCYRa7btA9dKAbjs3LYwakaYc5aPiRw7dYxfixV
  Recipient: 6jcp3a2C2zFczxf4QFdkhkML7A3Dpj4xdo4pPFksHDcb
  Recipient associated token account: 9v6Q2Y1dcS5b6Nqix8jTKbrpYUxVrrVGVmihXZWcxaCw
  Funding recipient: 9v6Q2Y1dcS5b6Nqix8jTKbrpYUxVrrVGVmihXZWcxaCw (0.00203928 SOL)

Signature: 5yidgyR3SsqPWtwGaFikzetQg2rnGpizKdXkjTj4MHeFw11gYWod58LDkH4AoAn8rSP91PJcYZVMYQQ2AfgARRgb

Transfer 1 tokens
  Sender: Gxba6VY9exH5gG2BRQskvmdKGfsNrgkYnpVtViBYhjQz
  Recipient: 7tMyU22ViPrhY14fy31bSmTsQK6rwc9q3Zbq2u5RkZis
  Recipient associated token account: 2ieofcPWCF92byCmVTKgEU8jDgyh796uYQkTpu6XSrcJ
  Funding recipient: 2ieofcPWCF92byCmVTKgEU8jDgyh796uYQkTpu6XSrcJ (0.00203928 SOL)

Signature: 5qYTPSDR3JmoY2wT1KamwpiD1ixNuv9YBE7tBwXizb6dw5TjAr6HNbU6fdDTeyFaRsatGx3MF5gn2siGBKG3cQFi

Transfer 1 tokens
  Sender: Go3DNCwF1VTgnunZfHivx13eFqujhhub4dqZWkZmK3QV
  Recipient: GDPiX2yUZxepuvDVKfxYrN4mngqvE1zr4NG4CFj8YakH
  Recipient associated token account: ByS6yQM3hUNJRJZs51XnoKChVskLvYTpB9SyV2u9Ew8i
  Funding recipient: ByS6yQM3hUNJRJZs51XnoKChVskLvYTpB9SyV2u9Ew8i (0.00203928 SOL)

Signature: 5QAGEkQ7SqJfiwAytitnLHSxZT6AXQMQPF28Gw1eWB8r53cnVfnYN8v1GvWxhoyrFUjoGY5RuqQVxtyc8MAjNVza

Transfer 1 tokens
  Sender: rxDu9X5poXvnSzB3MGeiomgEZBDF2rHfUJwEoibf1re
  Recipient: 4jvJMGgLqwP25CE9NH3HhkQWrCjG3K7Uxr27szxokJJk
  Recipient associated token account: 4cE4eNoQB7zfCwXb6znqDZ3iZ3wbWraYuN1aU2PGBRFp
  Funding recipient: 4cE4eNoQB7zfCwXb6znqDZ3iZ3wbWraYuN1aU2PGBRFp (0.00203928 SOL)

Signature: 2VqudARZMR98Rgk9o4uyC1z6DaTwAxktb7GsKN4BtDGMu2Ri36ZpSyZvMvDN63xYMB9PruUCUZTpjZH7c8vDd317

Transfer 1 tokens
  Sender: 4SMHx9CH2HkZM7wiD8EQNvfzGvsNstfDaLqURBpRVUTS
  Recipient: 8P17pd29uZSPzUn6QQ1328QWXqpG95xy8djdj679qPDj
  Recipient associated token account: A6uHFJnA1JL5e7HgGC4oMHy5uwnLo3CZ7ow7XfDUjXKG
  Funding recipient: A6uHFJnA1JL5e7HgGC4oMHy5uwnLo3CZ7ow7XfDUjXKG (0.00203928 SOL)

Signature: 42fjL63ijEQgYmwYWKC4QiT2xxFCjSEWcfdn1mHx4fBxGhUGRvaZeAg75ZY5EUnwZNJBPU9qaRZrEMPEaLrxpVLW

