Transfer 1 tokens
  Sender: 5ZbVJsU5RnegAZH1farYr4K5W83nRF9n7JWH8YtKREJa
  Recipient: ESBg1ddAAEkrF25NrvBbEYXXZazDcTg1XsD6AreG91xx
  Recipient associated token account: 2sWhsmoMYzeNVVSMorVTdrsrw9deGXV4LQqDUv8yGGo5
  Funding recipient: 2sWhsmoMYzeNVVSMorVTdrsrw9deGXV4LQqDUv8yGGo5 (0.00203928 SOL)

Signature: gQACHyQ85LaaxYVqcW2eB2FSc5avvmVC7KZxeBRTEynWFkL1RQZCvFniihnuF78oVjfqQ5BT9Fyq9QGS5tMyM99

Transfer 1 tokens
  Sender: 23GFdSpGwVq6uws2bAhYKadoutHmjfdqSLJMFD52wiXx
  Recipient: crpQUfqtr42Y1W5LgZjvjVnEo2nsmXhSuZ1EyomFCDj
  Recipient associated token account: AkWEs5nyK9jrWLC7o8CMa6u6BX3i47JNAjoxPWA7pixM
  Funding recipient: AkWEs5nyK9jrWLC7o8CMa6u6BX3i47JNAjoxPWA7pixM (0.00203928 SOL)

Signature: 3ahEJm7LrLQf9xiEMBGd7eesUvhNWvieBA3KzH6ez4sRBi9pqUrkbrK2Xpx26ZnJUNsR8mrKGviJuJTGqoL8CpuT

Transfer 1 tokens
  Sender: 8F4U7eJBNb7HrNY8kQMDkrdbAzihtwqv87wbxxMheCPR
  Recipient: CLZogmjyLPTdoTArHhqy1j1VUwR2c1GSvMGNenSkdswo
  Recipient associated token account: E5uUqtGsBPQpWYpfL48dzN942bmyYvnUkw5i2zr7ZNgE
  Funding recipient: E5uUqtGsBPQpWYpfL48dzN942bmyYvnUkw5i2zr7ZNgE (0.00203928 SOL)

Signature: 62LNq3waCtMp9qDGg1StQrY31NTx26coVnt1Dfcjb3GGiU2js5G9PLXLfXXpkosFEdnhpHYgg2mDFHmyT7Q2Pqbn

Transfer 1 tokens
  Sender: 9P76ePK9UyuVvpcLRAphvjB9gHNxXhDjn7tNi9mQe1Wz
  Recipient: HFPaT6WKk9SkwtYVZ5m5Sqw7ZbyehGu9GHjsctigm49S
  Recipient associated token account: EU3MQnHomFjCvA4YqKDgFHSUTfLbTf9wwzAy1jan4SGc
  Funding recipient: EU3MQnHomFjCvA4YqKDgFHSUTfLbTf9wwzAy1jan4SGc (0.00203928 SOL)

Signature: 4dAFhw7zkVfSB6Gacc4Cif1GRAw7FsJF7hZM9iHhtmfNELSp564Wdz456Jo55LRRT5e6ViVL8ya65aLKYaSYyVPE

Transfer 1 tokens
  Sender: 6Wa6AoRtmsWLgNb1PxUCWovQXs8Qp65Ww65bFma6sYf9
  Recipient: FjD9nUmzPPktL25Eax5CKrxyknMyFxaC8oTRgb7RvJbb
  Recipient associated token account: 8vCL1M867G9u5yFLrTyNuwPsR7yPvLggm1ztZF8PiXtf
  Funding recipient: 8vCL1M867G9u5yFLrTyNuwPsR7yPvLggm1ztZF8PiXtf (0.00203928 SOL)

Signature: ZC7PE8HYcbyFsUbVJP3g5aCUmCqEboBKno2g1nqmPFBG6xZXwuPHHJFssUdiVbDa4BmtFMfeo4cvWsnMD9mNmph

Transfer 1 tokens
  Sender: Bg38E4gDzUHXiJb4RrRVRyZVCJa4MWATydzFu6ou1ZYY
  Recipient: 5ffREb952Gi9apxr62XDNhKUAUy2nTEExaPYyTnz9YFm
  Recipient associated token account: CQdJH8daTGmCZVARm3xHm3UuaDgU5CyTAeEQCGow7YfP
  Funding recipient: CQdJH8daTGmCZVARm3xHm3UuaDgU5CyTAeEQCGow7YfP (0.00203928 SOL)

Signature: 3X5DFHAVz3fADTg6KqsTvEh6Crorm4FX58ohDqLNgePjuefnNcnuxSZ2xcVmtjpMERobgSJt2W6aUzo3vgvD1iYX

Transfer 1 tokens
  Sender: GCeWvCa4UmfoxfT7ZkPy18QcwwkQcQUStEg4sUMMeQwd
  Recipient: 5EhvzizkQZW3ADDc59jyVqHdEKgb3u1AiAuCFJLwvYdj
  Recipient associated token account: 5WqYkwmzfx656FrPhQUpgJiJwGJRVqmWuK4NpAoUc8CG
  Funding recipient: 5WqYkwmzfx656FrPhQUpgJiJwGJRVqmWuK4NpAoUc8CG (0.00203928 SOL)

Signature: 4wutShyyYkhaUNMj2SCvJwaeQYHRiTPt5DBv7JLPUj5HfaahQdn6TLrRBHU5aSQ9PrfRfZ9s7QUp32f6X4nWvA8x

Transfer 1 tokens
  Sender: 7tfCxMrVUrwev88dKadqA9Chgr6hxiBfCb3JzLSfjFL5
  Recipient: FryJS4Ynb1kAMfZ3U2xBiajSkkWiaxo9fWULZxzgQ5P6
  Recipient associated token account: EN6BM5qKdvg9tGhNDR8cUnt5xPfrpbcCgGosCEJRB2ru
  Funding recipient: EN6BM5qKdvg9tGhNDR8cUnt5xPfrpbcCgGosCEJRB2ru (0.00203928 SOL)

Signature: 35GrbspFjwbirb8tfhgENRUJ33ARSKLfUD1ay9AbpB9vcZnBHYHmAV7gTNtpn38eLRneSt3HooT2iBjE9vmHG33r

Transfer 1 tokens
  Sender: 5LiAPricQE8toX3iGQwgcixGSB7WdyJjq4wD7oaQM2um
  Recipient: HQ37sWkCcCcRzevepJw3j7QVZEyd9YnEJqYuvCZYMQ3x
  Recipient associated token account: 3ReiQnM7xKVmn5HjG3ZiVoTefGWUbxhX3fQpfQxopjx2
  Funding recipient: 3ReiQnM7xKVmn5HjG3ZiVoTefGWUbxhX3fQpfQxopjx2 (0.00203928 SOL)

Signature: 2KdaGNQ4LAxDtacM6qGZEm32q1MqZuxhphg9R66c9rzXTa6p9n6KtMzU6ZzdRRxea1zt2fegcpMwVyx9ogbvuxXC

Transfer 1 tokens
  Sender: AjhtKETiVB621xuULgFXh5g16VshpbUwFiLZ4YtmWDLL
  Recipient: 3eucHmLaRJzL3d3rzYx94KvxcVhR4ESLo9R9hhb5Snbo
  Recipient associated token account: Fzz7W9FCiW4LvbjBUQeVZYPfPGnN1wVzAexArfKWYigw
  Funding recipient: Fzz7W9FCiW4LvbjBUQeVZYPfPGnN1wVzAexArfKWYigw (0.00203928 SOL)

Signature: 37QMQRtTZNJbwfV2or2xuXqbjuWCQqXzaXyH4vGxV1WyvrmtK2npACRsbXCqQFddUpyPsCw4dwP5kRRNRjXFAbMk

Transfer 1 tokens
  Sender: BdGAJqrZWxBcevF2YgoJhteZhEpexVBg5fqbMFCTF6Dr
  Recipient: HAU6zuxFMa3qeKevp7hA5tABr6nT5arw2DJ4D3GZsnrC
  Recipient associated token account: EdR5uVppzUxXcNJUwYQkBucy2WE3kVPzTpMWA1VHaEUr
  Funding recipient: EdR5uVppzUxXcNJUwYQkBucy2WE3kVPzTpMWA1VHaEUr (0.00203928 SOL)

Signature: 4ZzCpG1X7MFMQBC977faT5fkG8h9vcJ9V7djvJngU6kBUW2KzaWZ9TJE5AC7vx6ctLE7Pc6H6zRUvUYJzvc1Ns5r

Transfer 1 tokens
  Sender: DQkJrMuiw3eKfHGvCBmBzf5cPLfobFBgixC22wR5dEit
  Recipient: 4SwDAKnt1ntsUKHaaM19jaajo9jV9xcHjB6ehwTtjkEt
  Recipient associated token account: FkY1tNAH4Fc2j2tko7bJfroPEbExnf554sQhCsZZCfsy
  Funding recipient: FkY1tNAH4Fc2j2tko7bJfroPEbExnf554sQhCsZZCfsy (0.00203928 SOL)

Signature: 2mWSB1rqzc6QSzGuF9K2ZLB2r4TQgT8ZJYwECThoDPCMr69gJsxgSHEgoKTt6EP4s4TYMEU8KeYLymHXy9yJm4jd

Transfer 1 tokens
  Sender: 88zBrD7CoUsy372Jx8DWFCC3TopmcVJURzf1FkqgzLZh
  Recipient: o2Aug6JB1RDFk7yYsf8QCjpWo2WzgwFkM115gtSJU8r
  Recipient associated token account: A5j5UgnpMhNGGejfNd2DUUpQZ1R7MDihSRnAR4ydj7sF
  Funding recipient: A5j5UgnpMhNGGejfNd2DUUpQZ1R7MDihSRnAR4ydj7sF (0.00203928 SOL)

Signature: oRnv25UBefQDQxrAHxwocowoNzBwY2B2XmJcWSicZEPhbsw5L1rPoEd3NRBdzgUdwc3TF42nMfbWHmLeBA4V8DZ

Transfer 1 tokens
  Sender: 8kTqmdyzYYErnDctPbj35Tv9cXGd4veP2eRTthkzkZ2U
  Recipient: 6DXLD9wLV7z5ezUa49jnEj2asfFTaMPbBbJUNS6tfYuP
  Recipient associated token account: DDnWB2VwHXacn9Xhzx1Vh5uvJPjXMJLfFwV1LyAGHeoE
  Funding recipient: DDnWB2VwHXacn9Xhzx1Vh5uvJPjXMJLfFwV1LyAGHeoE (0.00203928 SOL)

Signature: ENknT94XzQBdkMXKerrFhU3GAtHWeb1XQANFBifHGHrhwuVdmUaRvJctYw76dpkoPnPC9S9y7z6cCwGB2ijEBzi

Transfer 1 tokens
  Sender: CSuPeCW4yHbhjTb9y4S7D4ZV3KK97CTHBUDqrMWeLfpU
  Recipient: 2KF6StkQq3JLRsnMtjTKew6yaR6uiDX3aD5DWvT19dqa
  Recipient associated token account: 9QcnTeizS8KRAzfHhZh6DesApYphaNyDu9oo9hfXc9zD
  Funding recipient: 9QcnTeizS8KRAzfHhZh6DesApYphaNyDu9oo9hfXc9zD (0.00203928 SOL)

Signature: 3JyRhdUcDJJBKQ6fNwm2rdsfoPtH4xRJJM3U952K44oXRZrtnReNQfpRiYDS3VxJpYqDrnWkRUQhR1ETuXiS3BjY

Transfer 1 tokens
  Sender: H9hTVqcR2Y3up7pagHeJtg5eHHEP3eUjkKmiSZCqHCYc
  Recipient: 7P4Bb1pCMuYNveYhg2j445cmTRCEGp2eAAtBQUv7Jz89
  Recipient associated token account: GuGbKGrppDtV5tzMVQFSCdp1bK1uTwzR8mCmZ28mqJQn
  Funding recipient: GuGbKGrppDtV5tzMVQFSCdp1bK1uTwzR8mCmZ28mqJQn (0.00203928 SOL)

Signature: 4gf5Zw7ZpgtoG7ZbAavJKGUULCyyoraUUGWr78AAdizDSm22bTBaAaNoHxwCSRArACk5TVzoBVmt37EFsaARiok4

Transfer 1 tokens
  Sender: Edk1dkxfiu5B2MACLZyXKKLuBohXTnBUAWcfmiQ2xHDn
  Recipient: AsxYivuyVu6znDgnwenpLSLvkZDua4mGKxTvM2JgoeDU
  Recipient associated token account: E7HuMrd6s4LhKniX1maPBr6v7cBvXYfWJBiaWNpH2oPk
  Funding recipient: E7HuMrd6s4LhKniX1maPBr6v7cBvXYfWJBiaWNpH2oPk (0.00203928 SOL)

Signature: 64atFPFkdaWERRvVEA8NErSuf6Vho45qFKFfrb8ToGwyNsKbe4o6gJEN7vbHjPfoywTVcerghKKLLwzEiYmxaa1L

Transfer 1 tokens
  Sender: FAQASXwX8j8s8WyMnrZKbxj2wo4y3vmtnsk42aXG1Vrh
  Recipient: 98Ua49smTudbsk6aJ3nXqbuoWaxzaEVLfgFF27xEYx8c
  Recipient associated token account: ArXkATL4AvgZe8iySUkNVg1kvgu23cFKUAhis8UhwG31
  Funding recipient: ArXkATL4AvgZe8iySUkNVg1kvgu23cFKUAhis8UhwG31 (0.00203928 SOL)

Signature: 38iN3jg4XHtFuwqjy7Ey5HCsTxtrqkA3ibbAaTEZPrFPY8urQsHRdtpvcVdsuY7NSgCKyYsF32pj74pfuicNW57k

Transfer 1 tokens
  Sender: 6AwtefnoaUJscaYdizxEBh6waAyHzUU9myPSX2KYXPod
  Recipient: 8xnDiEEaExducDAizz1ZFg1cDL6F3rEiG5r3V4g1AxGQ
  Recipient associated token account: H6Umdavo3HPW5tTZBPVTnqRXARGpRFC3sCEqPbkfqemQ
  Funding recipient: H6Umdavo3HPW5tTZBPVTnqRXARGpRFC3sCEqPbkfqemQ (0.00203928 SOL)

Signature: 3jAx6Q8cQ3szbtL1c2RBbgbUyB5ZnarBx2BDumDoQ8Y3RjjHuWQxHvKWRwofnzgzTpafkx8iXMvk1VrE9LUkbdiJ

Transfer 1 tokens
  Sender: 6zisssDs1xiWM3oHhjgmdoKe81cZ1XvjpqgKstHtYDSZ
  Recipient: 8kX16Yj2WBCz1sPXcimafGrutQkw3s3Swe9sR3gt3cC2
  Recipient associated token account: 5aLT7PwMvaajHnEDQM8Ew2KyBNd15tCQ6xAaJpEGYRkb
  Funding recipient: 5aLT7PwMvaajHnEDQM8Ew2KyBNd15tCQ6xAaJpEGYRkb (0.00203928 SOL)

Signature: 67gXZz6PM9YPFsjJZhP5wezLSTiuxePV6A9x6aaTjNyeCFPhxxk7NLa4FxgXbU22nrBxZF842c4sVMpDy9fYcicp

Transfer 1 tokens
  Sender: 5gUcKindUAS16dQHC31kXB3o84uC8Mzj6nmis9zSrxdr
  Recipient: NoKqf6yhqTE4jtYGL8Pw7W7xP6TV6k6ywgeqPRBnwhD
  Recipient associated token account: 6sQpVE7BpHJkfDUB9BVVgP6z8JRcZ1g9A9wrrnRKair3
  Funding recipient: 6sQpVE7BpHJkfDUB9BVVgP6z8JRcZ1g9A9wrrnRKair3 (0.00203928 SOL)

Signature: 4KwhBmprbSekks5HGQGnDhMp8Kyhz2eZXp4b1TGrupabj2AXVxRev34Nrn18nPSd13WqjFsuiW198VWv8djGLtUQ

Transfer 1 tokens
  Sender: DSZ5XqNbX8sX3BCAuWJcs7ezkA1sffFJT4e4xPHzyieS
  Recipient: 4jD5Ha912db3TBeGqn2pmPiWiZgjVJd7zXP88gUc7hhG
  Recipient associated token account: 7UPPAUe2TMB6JUWj1DmaCnmU3dY4mypCvyoRzsofFBna
  Funding recipient: 7UPPAUe2TMB6JUWj1DmaCnmU3dY4mypCvyoRzsofFBna (0.00203928 SOL)

Signature: 35R79Kkuhm1Lfn8bPiHBVCrSTpqj1ofK4xDDNaAtnkwszQhEXno9JAFPgHJDmnXHkXm752wVNi2vSsDnWyT7BmEs

Transfer 1 tokens
  Sender: DyTYxFicAnmWHnsau1sWsHpzfRFJXcGnHwPFyMGGZksG
  Recipient: 6vywFnn21vNQSxpFiEWgT6GA4M8kokqPXT5N7yoiJkxQ
  Recipient associated token account: 5ahuEoh8CKLi2uaTn7mUjEa1UV233U2Q8ySwtbSFdHJH
  Funding recipient: 5ahuEoh8CKLi2uaTn7mUjEa1UV233U2Q8ySwtbSFdHJH (0.00203928 SOL)

Signature: 5psMLXGe2zVHf7bWdEWa5MsD8Di6m6Z9ddCgog3hDKX8DxJHAkr5A63ppiPQLp8pwYdVAT7vFK4V77XGXXT9hvPW

Transfer 1 tokens
  Sender: CCkRvioHPWN4aRhNy7ZynKbky9Sg7mPGNHkAQeMjw9gk
  Recipient: 39YD5rZrsz8mSdtyVCfwaG2cAh5Amq4wDAgqZEtgXLRj
  Recipient associated token account: Gm4vjt6HwXXgULhL2M7nNXfFF1MbyC7jVFLcRm6wEXLe
  Funding recipient: Gm4vjt6HwXXgULhL2M7nNXfFF1MbyC7jVFLcRm6wEXLe (0.00203928 SOL)

Signature: 42oVa9Thpsq6mHaiE3LaETxJHeimrRtPaqWrTCkU8ATwnutLbRv5QGKk95Z2oEM9XMC7qJXW6vyYUsyi5b7n7NYC

Transfer 1 tokens
  Sender: CMjppfmdd2tqeGF9Czb2muCEcXw5EzcryGHUMWJBxHiE
  Recipient: AAP8XjE6PmACA5nhA1BgxgyzJqyD1LQtjbbHAX6NiatZ
  Recipient associated token account: 9KeBRsX1C87y3HRHXw7rJbxZpZLEVuEseVwn1gxz6UUf
  Funding recipient: 9KeBRsX1C87y3HRHXw7rJbxZpZLEVuEseVwn1gxz6UUf (0.00203928 SOL)

Signature: 61Fjth6a8MT6aiDSDE9VD6yZtVUy4zwXWKHJ633iKRZbEDEq2BtBFgMDQbY3DmMFsGnWuaMn2t6oCTU9RjKv77Ez

Transfer 1 tokens
  Sender: JDbxwpsDczXBBJ7xFne36QVFK8m2vvnj5gwyE28UGtMV
  Recipient: 96a1AEVTVxCjdgzEW6rg2PpytucvWLwBVJWPdZJCZoYd
  Recipient associated token account: 3bw7iftYQE7LjcqSRCW769uS4RB6GYKtzEqTcShAvVLU
  Funding recipient: 3bw7iftYQE7LjcqSRCW769uS4RB6GYKtzEqTcShAvVLU (0.00203928 SOL)

Signature: 4zBTJSEy5YjqRbjEQT1NaNaBYFGPoeCMvMDqR7MmSRk6qBMMUpir4t3iBuqPDxzvPCvoZMaUBD8o9XiGjLZC5BaM

Transfer 1 tokens
  Sender: H8UJy7Fp4vyeLb7tfotFR9r596TsQqQTF4um6Wfg4aSb
  Recipient: J4a36nao5UWWTJKehvPZSR9m1zotACsEX1cf7LcXeRTj
  Recipient associated token account: HoZr2kZEbDs3q8LbMughQykxtB9bDqG8EkZX3q3m8AYb
  Funding recipient: HoZr2kZEbDs3q8LbMughQykxtB9bDqG8EkZX3q3m8AYb (0.00203928 SOL)

Signature: 3hBdfNBWmccSmLy1Q2eJsA42e52Hf99J4CykZpSPU2pufznKGUKGyQuD5RhJd9qrEMrD8MSibrA2ZfYMDswmd1e8

Transfer 1 tokens
  Sender: 12aTucrtV9sRX1xeLQRsskQTACMooQJZ4WN5YszdE95k
  Recipient: 4H389fKsqzX1vHGDrtWDLUKLkcmMi4aJsA7srHwZto5r
  Recipient associated token account: 6LPRBUbmx3m9Q89TaH3hf1JL4E6YxakgMKiNFjFNiKwS
  Funding recipient: 6LPRBUbmx3m9Q89TaH3hf1JL4E6YxakgMKiNFjFNiKwS (0.00203928 SOL)

Signature: 2axBgRv78EezfoAvH25SLYQJLjHi3ffiqW2U1BfrbmDkW6LHooS2z19icYs1UmDemL8Y8XFnqdm7UCgHGyRDz1yu

Transfer 1 tokens
  Sender: FkNHtnvDJwzUTup8Q1Y3bSeJeLwCU33cNsQ3EX4xerRh
  Recipient: AbqQPHMbkXWvGP37u32CZh94dynqmuUcy6DJYLjM5bak
  Recipient associated token account: CkXwyWPBdUP92Qn7LLw4Nap93KjkH8JENndH2mSZ1eGk
  Funding recipient: CkXwyWPBdUP92Qn7LLw4Nap93KjkH8JENndH2mSZ1eGk (0.00203928 SOL)

Signature: 54xQzdDHvcZ7BQQMTMocfhsjEaw2SRD56RrPfp81FhQ9mjupEV6evFSzj9iRZBvKBff2yAgR3JN6yvM3S8F9vQzT

Transfer 1 tokens
  Sender: AsafLeu5rAqi27aJkCQkh33TUZ37qTwat3iXp1znXwnv
  Recipient: HSqMUDGdhr5JdgVPN2PSwow3est9ZeJH2joJRYsFvm7v
  Recipient associated token account: 91UzahDNAKa2z14LfvXM67oHhTCjsBzfhk51jtavdLFM
  Funding recipient: 91UzahDNAKa2z14LfvXM67oHhTCjsBzfhk51jtavdLFM (0.00203928 SOL)

Signature: 3vAbEMdmbQWio6hTe2WsXdcyy8HjWVF4hChr7pjx3N8whoNqTNG7FiHwPP4dqUXNHboxAzE7q29GcuMsqyraJMyx

Transfer 1 tokens
  Sender: 74dzk2W37Tcf927HLSLSNiBNiK4AfkhWNGxCk9MKSHUj
  Recipient: 9nF2vqusHupTTNgw3quL4f3jorvPdJ8VBPv3Uw1xt3Mv
  Recipient associated token account: 9PLdbgjM6hXkwtamqcMfbvcccHM6HJEc5YoEgiUJZbBc
  Funding recipient: 9PLdbgjM6hXkwtamqcMfbvcccHM6HJEc5YoEgiUJZbBc (0.00203928 SOL)

Signature: 39Xrgkb8v19mgCoty8Vb91kWsBN2yieD8zbGK4BYo3YrLVttEkfARB9gYnXDov6NMzw3qx5atWC9wL2ZackQu8do

Transfer 1 tokens
  Sender: ACpSapN4AAXLtM9zzCW1S52jWcpgUTnssUBiWzECFJbK
  Recipient: 4CzrdnaVcjMM3ZgNhbWviat3ptBnYeAj9gBisPtxqnVt
  Recipient associated token account: 2TohFoRu6SJYE2PKatVSNhDiPsKKQ2MdYq5dLFyG2ZKX
  Funding recipient: 2TohFoRu6SJYE2PKatVSNhDiPsKKQ2MdYq5dLFyG2ZKX (0.00203928 SOL)

Signature: 4rpYCc2Kw2Rfh8vwpigoa2Rhqo9p8dpSESbG1zng2CfNZ1rs3kyCsg5o2ctoiynfcxEQxC7pRK8vAQr57N3Sb4hf

Transfer 1 tokens
  Sender: 3JFPvNSdzkYwSfrH6eeHQEHJJSEuZ6PozKP9crSTuaBW
  Recipient: Ci25WjrikU27LC2DwuAddmaH873GitAWp6dgNPUVax8U
  Recipient associated token account: AB1VXRzLL3ZnoRCH8zoBwaPYUJzK3Mfvdw6a5P4JP35L
  Funding recipient: AB1VXRzLL3ZnoRCH8zoBwaPYUJzK3Mfvdw6a5P4JP35L (0.00203928 SOL)

Signature: oR4A78CA3VE4NNnRP4LJiqmzJjNEub6Br4EaCZRfJgD2wZsVXVBmR2FSnrnibhGcTHxAKEi4Nahn8ntje7nvUEw

Transfer 1 tokens
  Sender: 62nMacUATRCtM4suwGZqUSTJWkYMWbWANsZrDZ13e3n6
  Recipient: C9u28tV9EcKf6iqCxcQvh8M4fnxtWU27vmS3gVwwVKSm
  Recipient associated token account: DN9PPhmreSQ9Mesj64uxPKFonNMDudEXQQVvpeUv2hGA
  Funding recipient: DN9PPhmreSQ9Mesj64uxPKFonNMDudEXQQVvpeUv2hGA (0.00203928 SOL)

Signature: 2fhbU5Wbobj9fPrmKUYxuLtVXLtz1DA5Y7EbyfF1rG2vDU31j12rbGxL86gB2Qhwjw72xReg9brNRiSPzspvaqBi

Transfer 1 tokens
  Sender: 5Dw19YroVaM6P37bZ13UGfTmXLDeVdsB9JRt2bSoisoK
  Recipient: 7Zu1JJEUzQzQKww6MaPGYFa5xvxs1iA8oLkRh8SKQE1g
  Recipient associated token account: B9G7fDutvbE5gwodVvBbSnbbeyQ8M8zaFCdeBkAzuuCz
  Funding recipient: B9G7fDutvbE5gwodVvBbSnbbeyQ8M8zaFCdeBkAzuuCz (0.00203928 SOL)

Signature: BzGx4PAUVkUekcdF1dN5KEyBs3jpAYSooLosQUJ3xdE97EPeD8EVnvXUXLWps3dQgTnsdRbtCMDUaEpWRjfFg6P

Transfer 1 tokens
  Sender: J6MTZdBvLADCpRRbtQ7cbkYci8XZh8AboHUwocGnR1sa
  Recipient: 7ZCbVwoYHuNNxbm3MjRWeuj8a6orNjjnFfLyLvva6Thw
  Recipient associated token account: 7npPXkYoMkrpse7pZuaJozoFHfHjbsJnzWGDnLjLWcWk
  Funding recipient: 7npPXkYoMkrpse7pZuaJozoFHfHjbsJnzWGDnLjLWcWk (0.00203928 SOL)

Signature: 5bXAvYCu6TVP258peKdSNM95htYj4V11zEoUwUELJiFqCRKqNjMuxWGzFdcvYojW1LHeVC8cARWfG2cqQKucLNBi

Transfer 1 tokens
  Sender: 3jSz7aEsTsgve32oP9H2tVQS4Ho4oBYBx6KHjJotXBty
  Recipient: 684EAJdAMynFKqNimfzEmyibb5tujhNkFSKnnMKUMjdv
  Recipient associated token account: ABYZhB8NahM7aGZtQ9WysR8mZ3P3mPbSZSW9bEi9utyb
  Funding recipient: ABYZhB8NahM7aGZtQ9WysR8mZ3P3mPbSZSW9bEi9utyb (0.00203928 SOL)

Signature: 29fV3butE2qsR6GvejfFfnvWDPqBapXkn8eiZ6mdt72ynUGTbtPRhHoi48UF24GQuGq4J6DRU4dav6nq2TMwEQJG

Transfer 1 tokens
  Sender: 4Z6qbGWh4h2X5jbE7bPrKvxG7RLSDN5KBgfap4cJuNvE
  Recipient: FVKyPjy23bC4PkynMmadqaukK1jbCanZ2HxhGW9AghwZ
  Recipient associated token account: C2eSAgHtLB77d7zRc6fdGYVcMiKC2FtvLqWEzLMxHe3N
  Funding recipient: C2eSAgHtLB77d7zRc6fdGYVcMiKC2FtvLqWEzLMxHe3N (0.00203928 SOL)

Signature: 5wjwf579gq6LciYuDR7fmEuaVVPw2WDwKnKc6soyvzRWPVSP9nLqhMh5gaLje3PpMTHSeeguDZHRV4SMwMshoNEm

Transfer 1 tokens
  Sender: 5HRxp4suNotW1xrfyPZG4oxP5cy7yFxoD4LD7z9BBsqX
  Recipient: 3K4QeLVrbnd9Jc8hsZANQEnx48QpPZpLkXjhvYYioZE3
  Recipient associated token account: 237cgJzS5VkpmHtX5YS65MHXjCNeoWCjTTx1SJoNHJwH
  Funding recipient: 237cgJzS5VkpmHtX5YS65MHXjCNeoWCjTTx1SJoNHJwH (0.00203928 SOL)

Signature: 5d2WvdQrKTbsaFGNHrxcBgMapWYRL7wQXraxUvnJ6FmgLeSrt6aFc8AvDJ3JabCYkZaC7rEWuUm1DzqeAoGbpGYL

Transfer 1 tokens
  Sender: ZCFNCFCzUtTzaBvXiiq39YKXNsUvVTiAr9YDkS5CsQX
  Recipient: BVFTQzEas8kMPkcugksaTTuLnQJ8ESxtLryk4ngdyvjU
  Recipient associated token account: 3YAtU5dGXdF4K1G1CK5GPPeCRu16Jz8LnzDW4Gu5pZ9Q
  Funding recipient: 3YAtU5dGXdF4K1G1CK5GPPeCRu16Jz8LnzDW4Gu5pZ9Q (0.00203928 SOL)

Signature: uJyeftWa1Avz1FaJ5TNpMT8jbu1AfzvfKLr4zbeXnwyNmWUWjsW4in47QLrLZaNAAfeSGr5JgvWWs3zWdvDNVim

Transfer 1 tokens
  Sender: F4b9fnsDiFcaaVDTnRJuoWSCPjh5xhmeDq1r9XgHRYgF
  Recipient: FykdvhrLX6uoPGrb3oB2NtTpDbL36mTiW9aNEzm6bfxJ
  Recipient associated token account: AgWSPD7eMdgtLjKZjYCupqUqWpppmkzLKhRHmQRkrF9C
  Funding recipient: AgWSPD7eMdgtLjKZjYCupqUqWpppmkzLKhRHmQRkrF9C (0.00203928 SOL)

Signature: 4h6UoJ8Xa42jMAgyefnQ9tRPGcoBT3wCbnaY19grA8j9JfGuv1T3PrFAGoCHryhUKK3PvJ9fnkss8XQcm23RaPDD

Transfer 1 tokens
  Sender: 69N1ELbGoQk9aqLfpX3Wo8AnN4QhvcLzfyCQv8KNi1y2
  Recipient: 2n5PbADyQXeCMztD5wnZjF3Nn2w8PmCmqSQ68TT6Q6KX
  Recipient associated token account: 3EE2c9xyhFNY91DodmfiVJcSe87SXNYiHJfgSwRf3ezo
  Funding recipient: 3EE2c9xyhFNY91DodmfiVJcSe87SXNYiHJfgSwRf3ezo (0.00203928 SOL)

Signature: 3hM21yrxpdibqyvwjCnpPv2i7KbydTdwkotRxX7gPbYQpA6JQ5TuSEHdZAywkZpKL7FnaPoQdBDg2R7RBKBrezwj

Transfer 1 tokens
  Sender: 7u64j5v4ZdTCGmTmYf4jPKWYP3Ym3PSrE1HLLtFb77oY
  Recipient: EXP4u9nrkF47uGs1ryEzNs6SbNsyriwcQ9a8dKNzzmBi
  Recipient associated token account: FpHTntu1KydrusDVkETbaH3xuUot4jrE2Pa4RnvKBMhQ
  Funding recipient: FpHTntu1KydrusDVkETbaH3xuUot4jrE2Pa4RnvKBMhQ (0.00203928 SOL)

Signature: 3pnr8bNMFKZ5VgbmbEqKAdaj5cFrZ9GdKoyhPbnwt5rNNJAEw1vXTQZX5BPg7NWBm3wB4n3bu8gz71ENGmKNAhXd

Transfer 1 tokens
  Sender: 9Ks3dUDBrDwWXj7jeZ2HjT8oTBFEjKwekpVvf9P5yWm9
  Recipient: 9dvBAb9SBMDGm8KSDRckRwhbQGPoFTH2CiH1axy2fyBj
  Recipient associated token account: 3XLaqQgh3M77tqZcUqn7g6xBLh9aT4ZJ6umXufXcdz4K
  Funding recipient: 3XLaqQgh3M77tqZcUqn7g6xBLh9aT4ZJ6umXufXcdz4K (0.00203928 SOL)

Signature: 2UwhPNURNx7xXjqxXx5dPTJPFm8w5Xy7pX4RriE6EDYwroWyesk848E9MybWcAzv7kN3NqKf8ZmVzBcthqBDb5KU

Transfer 1 tokens
  Sender: BAYpAEX3WYM8iq7WuefKm3S5MFQ4EbyD7mVZ28Av8n1V
  Recipient: APbnaMh5jXT91pevLBenckSwNjEdnXCxvnpyUt3W8iZx
  Recipient associated token account: 9HKNJSszNkmjr4c76voCTVUFQqqexCnQzQTKR8Ux3Y6J
  Funding recipient: 9HKNJSszNkmjr4c76voCTVUFQqqexCnQzQTKR8Ux3Y6J (0.00203928 SOL)

Signature: LDJX6sjHqDMsEArqZH7zScczEvDDvwNmuNuTKLYPgEw5LNyE6UuyRBSrcCzZufobKosBdZJruEqe3MnhXJkY9Kh

Transfer 1 tokens
  Sender: 4YGxkE849sR1HMuqKSDKM61jmptHvHbjD55iKfRoEXx4
  Recipient: 6DDDdpRbYX4PnsHfc3jeepMib3K5bKTG3FMGBmKJnZDn
  Recipient associated token account: 3o2sDMYhwbK9GowYUNNA7eoSpiSqiwPrp9rQ3C1M7vj4
  Funding recipient: 3o2sDMYhwbK9GowYUNNA7eoSpiSqiwPrp9rQ3C1M7vj4 (0.00203928 SOL)

Signature: 251YkKinMMP1qBBR9dGtbpVuYkaAEk5noP7eu4nHGSSWKF8Fi72SxAibfhNSSfKFjd2CHDyXZZEugRMWBjzh1fcW

Transfer 1 tokens
  Sender: 2zhJrEd5e51f4cb3TW4y16e791T1kB4riikScS6jXMEV
  Recipient: 7Rc2EiHPue8BJasestxqZQT8hf13Z1UELT9Fm8ur9W2o
  Recipient associated token account: 4X37R6jB1kpRwWydVUqNre54vwcMDYfRiggzEDiuBHs9
  Funding recipient: 4X37R6jB1kpRwWydVUqNre54vwcMDYfRiggzEDiuBHs9 (0.00203928 SOL)

Signature: 4XJscgQT4rQQqrcBxS8xe7hELhkVySp28kLzSjJKMP9mazMGoFriv9U3qjMdHaSgtNs2rvbFSkfkCxhyfhjP1RC

Transfer 1 tokens
  Sender: YrWqL8yRekkXMRMTnfE2RfShjbYam1GHZ3hWWCFziNm
  Recipient: 9CeQYRt1eK15SUAv8AE6XPhh1ijhBF1dyPdGQGAiCfMx
  Recipient associated token account: CCHkJEcNK6nY7J3XEyin2qzZVCXnrpwUaQd2a6apZukc
  Funding recipient: CCHkJEcNK6nY7J3XEyin2qzZVCXnrpwUaQd2a6apZukc (0.00203928 SOL)

Signature: 2oyw4X3TndEBQQKD2Ty5rR3BDJhHDqcXGDZVYbU9hoW5Tj5YnXT1ohjoDJZ6oRYDmwcn9ZK1U9XMkCZV23Vjk1mr

Transfer 1 tokens
  Sender: FuRHBsfS3tXrycnLnEmM8iowYQ8egJJyQPfugyNwASyP
  Recipient: 5NVmQU5Ph3zDaW11hJ9gQzaeSnCtxgNWoJtwGhVrSZuU
  Recipient associated token account: 5ZCv9FBfiiMt5iN2YEc3GjCjUc9zkoUtPqWAoUTwB8fh
  Funding recipient: 5ZCv9FBfiiMt5iN2YEc3GjCjUc9zkoUtPqWAoUTwB8fh (0.00203928 SOL)

Signature: 5bGhH17qwhhgCxdP1cw9gCuwCdcML75iw4rt96z1LjC9gjrgkrtCncyMLvoBZndRSa8jTzy52ZssPoqYoVXiKrXr

Transfer 1 tokens
  Sender: 2dkXDooQ7Dc5tbdpQ6LzXEJASPTXoEHjPEFCYi6aavP7
  Recipient: Cm8cYtgtfyULCzisqUnMg68aqqi12PGZScouQfJRfrG3
  Recipient associated token account: FTAKVvb9mjS8Cc1rTGifjZfjK7UtncTmaYJ9kmGn9t7D
  Funding recipient: FTAKVvb9mjS8Cc1rTGifjZfjK7UtncTmaYJ9kmGn9t7D (0.00203928 SOL)

Signature: 48qKs56XmjYrwxQBKBbPL8XBpVXAPrq4fBjgfxgg3zAjWq2GuGbHFstVi2QRJsqCZPuwuDVU62Y5D14D7zEMXEgF

Transfer 1 tokens
  Sender: Ei1xhqA5TvQr6BAJmSroCjDACEGRHmm7rpAL3DqY4GcS
  Recipient: 5LsYixox5LC5iw1axsSMey1g9wyM9d3BK3MYTXu8pdsk
  Recipient associated token account: GDJiSYypfCHbGBndB6dj45ChQiYwAKeprYWoJHu4ynP5
  Funding recipient: GDJiSYypfCHbGBndB6dj45ChQiYwAKeprYWoJHu4ynP5 (0.00203928 SOL)

Signature: 3hERhJ4tcrAbLhtXLC7HbRYmCRYDVDgEmE4UubutLvXi653A4EAox8y4yYvF16DipPrysGoZgh13R2Wow4GYkiC4

Transfer 1 tokens
  Sender: 3hPg5uVYYqihKMFwSoWZuHv4N773DZQ9HABV4czuDcP2
  Recipient: CwyAnBZRGAaDVCBiMm3m4zrXNe4e6E8eUVgMrt4pHx2x
  Recipient associated token account: 4Lu4paUPy9XBjFiVzo74HBwvuLgJhboNgrQFMcHusSAF
  Funding recipient: 4Lu4paUPy9XBjFiVzo74HBwvuLgJhboNgrQFMcHusSAF (0.00203928 SOL)

Signature: 3aUxuHh9VsD6hkbW9teexQqtdHEtCo36caQGVeaQFCrvYqoRTahXowRT9dhRymrxzYzpLxVZ9QLnmnDq1py2jxXe

Transfer 1 tokens
  Sender: fXSVonZX465vtagqKDCsm9eSePnPzjS92r7xgTH5y5f
  Recipient: BnzZgzLSLhnjm2yydueqEuMft8LJYYQKyxyoywqHBMfA
  Recipient associated token account: H9PPR97UKk56Ze7Cv1opdnxeZK79HXPu52KgncAw8kNq
  Funding recipient: H9PPR97UKk56Ze7Cv1opdnxeZK79HXPu52KgncAw8kNq (0.00203928 SOL)

Signature: 2cuPKrc3JsqV8BMJAGBfKvt56cLZHXhFaMy29icRTzXycd5PTUtumwMM6h94PHeSZcSiKawLcV7CZas1uaBoosLd

Transfer 1 tokens
  Sender: 7RrfFsDdNzMbVpryKSmwyzvNVeq3z9vbWgH86PYyeWU
  Recipient: GwzmFfkvxAQ24v8rDULMi6Hkr3HRoYXMUw5hwfUpaZCp
  Recipient associated token account: CuzisSQ6UyeyeLSKYnDpd3hufLypARJ4vniXE18PDyrM
  Funding recipient: CuzisSQ6UyeyeLSKYnDpd3hufLypARJ4vniXE18PDyrM (0.00203928 SOL)

Signature: qyGrEuHx7pjVQsuvh8cnQjnSBgsC9Exp4T2YdsF7caPr2jLQAJSpQEQ6tVgGjRWUSdxyon8R1LFNdYiWH9o1VMi

Transfer 1 tokens
  Sender: 2EP6rQ1pYzHXkAumjoqk6c6jE7K6sQoiv23hg6JLK8bn
  Recipient: 2RwD5cXVfvtGGoWmhGysLKupxhMZdG1Zfh81GcCnQtWG
  Recipient associated token account: GBqDyZf6D9LMtUbpwv98H7SUFZgAqxHPefjUsGg5XckK
  Funding recipient: GBqDyZf6D9LMtUbpwv98H7SUFZgAqxHPefjUsGg5XckK (0.00203928 SOL)

Signature: 31aJTbXhnN4FAjusafdrQHNZmADHtK1EBkMA1WQULhSG34JYg8K2SchRbnHq4bRo4QVxJYsy37Agh5FBsQquYwf4

Transfer 1 tokens
  Sender: B2RRBaFRaDCnduHnA48qS8XSSmSqDdvQj2DTF74grZAp
  Recipient: 98hCouUM97hPPExNDMzJo4ij2hZ3ouCyRjrLeeXFqCok
  Recipient associated token account: BLszzZWNVt7Yo8YnpYg1Des2LgXyWDZaFgoXMgrfSs9D
  Funding recipient: BLszzZWNVt7Yo8YnpYg1Des2LgXyWDZaFgoXMgrfSs9D (0.00203928 SOL)

Signature: 2wZw9xyyetoj6P9xcB1meXkpmj9gTrFuRSo2gj3H2oL4p6VY8BNdbupWcBvxsaSESdvRgYrtdx7ohK6H8duj8PAh

Transfer 1 tokens
  Sender: CR64GQVKunFCAZe9EeU9uxTrMR8gT6Hdtysy5CJ4BYAm
  Recipient: 97xAKp8FjyXkiYqTtYWN9ArD7KxTevzaCAo7VCcwLAsK
  Recipient associated token account: 3qpL1TUbBjreDdgZADtBTaZCjK4nCvEi66eBwXKqAT63
  Funding recipient: 3qpL1TUbBjreDdgZADtBTaZCjK4nCvEi66eBwXKqAT63 (0.00203928 SOL)

Signature: 36G3PS15c9cB4byaupRjyW7fMKMFf8vxkKkTgBu8HrjWG1A4WZqypHw687F8nBkD3sqzUEZwRa81VtLvM7D5BiVc

Transfer 1 tokens
  Sender: qGf8goT9StaFGFCfrbseSy7nYaHwsTA8qDBRfBTnPxp
  Recipient: 8w8zNnvPHSoUJN2HJibCPvZePAtuPATo891ZzPEA4Yik
  Recipient associated token account: 3uqYckqTUa3oRXAJ8nFmBTuY1o5Vp29YPZHcq9BZVwQy
  Funding recipient: 3uqYckqTUa3oRXAJ8nFmBTuY1o5Vp29YPZHcq9BZVwQy (0.00203928 SOL)

Signature: bGoiKegenGZgGEDUCq1MbSZLdyi58dLCdjxiyH8qDwtR9ExP5iiAEfQxQxDyJDXhrFaRAhiaJJdF4jCKswrvF36

Transfer 1 tokens
  Sender: EzcyoBqUiHSXMZQW8aPbqan81UbLL471x1fq4jJ3JEYa
  Recipient: GCdrE8vzx3VW6Mbe4hWfPJ7pyjuNZAu6bLLq4b9Pffps
  Recipient associated token account: 8t66LzoFergg9DcrooFE4daTt1bRc1BMMNPFXkBnbitS
  Funding recipient: 8t66LzoFergg9DcrooFE4daTt1bRc1BMMNPFXkBnbitS (0.00203928 SOL)

Signature: 5AWy5zL4446Yj5YpCebSpdZv12Q5ziwQKnzHVZxS3bB4TVfHiZsC5efKFbCyUZiwvT3bDavWWcudZ9h4ftgwDv6Q

Transfer 1 tokens
  Sender: 6ajNMMbZLyravZynqBNLLsuGHybbAnq1cqved3twMGCc
  Recipient: CGqyDdLVve1Ws8xLQbxB5spzBhsCVkLw7PzcMrwATiwW
  Recipient associated token account: 5jm15vupgVLSF4JrLec51B7maVahyXWPtyfYPuqFEYmk
  Funding recipient: 5jm15vupgVLSF4JrLec51B7maVahyXWPtyfYPuqFEYmk (0.00203928 SOL)

Signature: 4MGiTzszVFu4rexaW5zQaicKHrwpbmxjfpE2zYAXkGmjNzD6zSGEbFpSvW2YqCaY1WbzaxLeAiQeeg9EGe2ggzh5

Transfer 1 tokens
  Sender: 6nDugbEy1eLd4pWGamuWHHUCZW2YxNvXqQKEwRLC3PMN
  Recipient: 3oGV8ZtekVMm1hDSvCGfPx2dRVdLiNX6X8knF5gS7Z5d
  Recipient associated token account: 2X8bTdA2QcrcdC9cqDpAbNxPy6nMhvVYdinjShKMUCVE
  Funding recipient: 2X8bTdA2QcrcdC9cqDpAbNxPy6nMhvVYdinjShKMUCVE (0.00203928 SOL)

Signature: 2vipBUjze5ZJLSgaMAmVq2NreAe31zXs8NpfbdtammGr26p5wj99Y4365KSBiAEPPyGjzTC1XgXrM8AVYSvzv8i8

Transfer 1 tokens
  Sender: CxsQAAo3bK8cGejZQCVrm6bNFXu8mHwAgyJoUhxJbZGb
  Recipient: 97xAKp8FjyXkiYqTtYWN9ArD7KxTevzaCAo7VCcwLAsK
  Recipient associated token account: 9LtckziMumfEn6dz14kr5ojc6BSqdoJ1hMvQ3rh1WX3B
  Funding recipient: 9LtckziMumfEn6dz14kr5ojc6BSqdoJ1hMvQ3rh1WX3B (0.00203928 SOL)

Signature: 2smaFv94TMp38f8me2kRXGXUuJfPLfuMH6yyianvarxug3aQTrgaDRMYjZUWXYtb93rw8zKZ6tV3JUykvtnTVs3h

Transfer 1 tokens
  Sender: BjriR7W1RzY6iR7v77VFf67pzTu3PcSojG8Bx5RBsuLY
  Recipient: HHbKXTkzWxgg3RUeewaSuX6Y3QtSER9MitTSW8vVW8Z
  Recipient associated token account: 4ab2y5FcEmj88h8JBGZwBGRGnE1omM2Z7e31vCJKs1e7
  Funding recipient: 4ab2y5FcEmj88h8JBGZwBGRGnE1omM2Z7e31vCJKs1e7 (0.00203928 SOL)

Signature: 2pkRGynPRYYUuckKEW3YCYrP7K6DisxU4VYN6Q2cLxj9kq4jU2J851SZPa2wJJy5JFoddTVon82Pf5RhkxR5q5Vg

Transfer 1 tokens
  Sender: F7bxen4Aq7mQDsNmVmxbU3daxWvCVs962nThnycBExsF
  Recipient: 9ZqsuK1kGGQrvnFFWeQgiZGUNy25RUeZkmsGWQnziSCg
  Recipient associated token account: 3eubeGToMpqi2KyWQ751HSXVHk6f2WeFomhn54JGHvL8
  Funding recipient: 3eubeGToMpqi2KyWQ751HSXVHk6f2WeFomhn54JGHvL8 (0.00203928 SOL)

Signature: 3QfhawFyM3t9seHaqy238skiZEPDQfQMvhyXyiJd7FjaTGn8x4bxFuApKxWE7rgHfNAcYJ1vMXVqX4nV7hGgG7qa

Transfer 1 tokens
  Sender: HaCehgyaBfFr4fQmu5i2F6vnwfXcKnAB3aWE7tc2mntG
  Recipient: 3bSvTse4nx9Y5zTazhr4BY3RTFUjcnUrechQ2whhsBFC
  Recipient associated token account: 5AaZQdBRsGRqTva2QyzAKK9vNsVpgE8VQWRBkdyjKWoF
  Funding recipient: 5AaZQdBRsGRqTva2QyzAKK9vNsVpgE8VQWRBkdyjKWoF (0.00203928 SOL)

Signature: 1N3AXZL1pzKKZyMNBpw93DwYNESV9g71HLMAkx4Toxp6BvaXHN3EdAVxoHL3sBfCP6aJwfwYxcLDaASRYPWhksP

Transfer 1 tokens
  Sender: 5mhp3ZtY2t4yDR9RNEXT7ngbLsdrMgLdb4nMmQa9pBDZ
  Recipient: HyJGn2q8vgYCH6urPsQXwxu6W5DqecVvBNTMU5RnnWrW
  Recipient associated token account: BiuZHuPt9agEGVBJQaDgoiEwRSGNNYRwNgXRAbG2JPMm
  Funding recipient: BiuZHuPt9agEGVBJQaDgoiEwRSGNNYRwNgXRAbG2JPMm (0.00203928 SOL)

Signature: HQBVT7L5D8aN7TGnn3SbQLhZ7o8rykVokrQBVCTnUMhcay7URhtkDLENqSzC13P1j2ogtf7SBWEBCYsuPN45rCx

Transfer 1 tokens
  Sender: 5URf9WXMxjQxQ5nuLtUMgRx5hNSvApg8p7dzLh6PgL6o
  Recipient: AEUto3eFWHLAmmVRq3Vo2fmHXwte525jQGG6D7pN4RRd
  Recipient associated token account: 2jtnTG534xSsVU6FjUtbQBaYWd5wKHwCn8dRWbLn9Rtj
  Funding recipient: 2jtnTG534xSsVU6FjUtbQBaYWd5wKHwCn8dRWbLn9Rtj (0.00203928 SOL)

Signature: 5Q7jRkLkx6Ntcgf9xG2Tkhv5n6EPMEnw7UANhDFGy8e91TorF2K5WMRr9JZWATjJRCSyy9bQWeEEPQhC4Ca4Xaxm

Transfer 1 tokens
  Sender: G4b6efDFCAKVRmbZJVv9qawyhxsgDtUqK2RuF4JppcoN
  Recipient: 7QgtAdmAFhZvmmR56bzpyqYum31ur5qt7ZBBdWUrvEds
  Recipient associated token account: NbRttcb4QWoDy6oNEyW7oRNAixdYUzjeEiThBt3ifcp
  Funding recipient: NbRttcb4QWoDy6oNEyW7oRNAixdYUzjeEiThBt3ifcp (0.00203928 SOL)

Signature: 5eFbFKG7ocMGQZX8ro5EvQbp3sEwD8fndcDTfQnSMbauvPXG7BGu8stVZiRNXXMWWPFxyX5HMWQh92TCRzUR1hyW

Transfer 1 tokens
  Sender: HbF12sfbNhsZwTa33uS4Z7V4WqjPApSHERSDcKmqJWFi
  Recipient: 8P17pd29uZSPzUn6QQ1328QWXqpG95xy8djdj679qPDj
  Recipient associated token account: 4gp9esxJVgm2ohk2ArtYcGsDDhmnwHvifj1ds2SNNQYa
  Funding recipient: 4gp9esxJVgm2ohk2ArtYcGsDDhmnwHvifj1ds2SNNQYa (0.00203928 SOL)

Signature: LjvqonVvFqq51PxrLku1FPByuy2o3y4qEeoHANWWEHowysECbZT2YdvaujjxKe1YrZF1WGdKVDqCqLjVyQJaW2d

Transfer 1 tokens
  Sender: JCVKAa748iDvETThLeN9VcyWrojhPk1exRKdqUj6muji
  Recipient: HGyxAmkMVfes2DD5op8uusmGewNyX2xV5eK2c2TEscJZ
  Recipient associated token account: 5NPBKToWE4pHTxbkWZHPDtofG5ryHqq6NGMSopqDmArN
  Funding recipient: 5NPBKToWE4pHTxbkWZHPDtofG5ryHqq6NGMSopqDmArN (0.00203928 SOL)

Signature: 3YfKAENL8pjrnpPoqUtMf8CCmVPizvmUs5sTM3GeXhXbX9NrCiJSx5SSzNdeR3gRZbmvHJbMFrK4suRvzvy4mdAW

Transfer 1 tokens
  Sender: 2TEfEjHY6RMqq9enxJjEaYWhL5Ghscr23r82KVE6ksWa
  Recipient: DFjhhYkZbaL2L1swqiF3Y4cQgrDUj2wXDWJxQkroLouG
  Recipient associated token account: 3g46WekuhymTnVRPssRd58jerLtcQS22hi3HoHULrYcy
  Funding recipient: 3g46WekuhymTnVRPssRd58jerLtcQS22hi3HoHULrYcy (0.00203928 SOL)

Signature: DwRdsW1y2FZfhPYmMZMsKMCQuiocU1kyxhxRQ7XKXLfrgrMgK72Qf5rGJESFJrazAGnEi6ijXvUNejQ7jq8ztEG

Transfer 1 tokens
  Sender: 32mDV9HxTyUDqBdzthVmCRCTxh4jSibAcLEhQCPBYd4S
  Recipient: 2cJJk4N1LAYd1mKHpL4Tu7UsB77KBM5cbHNVktVi3djn
  Recipient associated token account: BzB9qB3s711Wrvaim9f8emrZ2zW6UC2bw1AJ8exvwq62
  Funding recipient: BzB9qB3s711Wrvaim9f8emrZ2zW6UC2bw1AJ8exvwq62 (0.00203928 SOL)

Signature: 3xt26zmsFSodhmJmFm3ePzNKg11vGjEVBtm6GvjqyFMe5mmRKVZZ9dYW7sxCXCzFcASTWgmTfuwRNPjDhrPavAiX

Transfer 1 tokens
  Sender: Fs8RYNBGyrqE7GSKLd6iA8CTeBh2XF7B2cnrGVcFFFRk
  Recipient: xGTU6tMiDWqVa4mFa5vYKdtX9mRCWiQC3fKPhwVi3tF
  Recipient associated token account: A3msG76fknncdsDwPv8HyPC7Y1ji2N8JSLoYpv6Uk3fu
  Funding recipient: A3msG76fknncdsDwPv8HyPC7Y1ji2N8JSLoYpv6Uk3fu (0.00203928 SOL)

Signature: 2jHDQhncEwpDaVYAGGPL98K9YZC2ZBjPDUNwYomjRNKfMKXXdfqFz8tFVPRFe7a3SsAiDQtJpbZwk7AdYXkjzF8Q

Transfer 1 tokens
  Sender: F4xENdFxDHvC5n4UgVz2jfWcVK2LA9QueuSdi8A3ykrC
  Recipient: BP9a7nk1GJFAeLDJL1BxnXDRxzJviHT66w6Qcznz3t1X
  Recipient associated token account: EE1PtYVWJPh7iigcj84chNmw5o5214PSRfzq31F7gvRY
  Funding recipient: EE1PtYVWJPh7iigcj84chNmw5o5214PSRfzq31F7gvRY (0.00203928 SOL)

Signature: 3wx6roTSRbi7aLY7N3DktsW6h6dS2hDjqkcg1dTATBb3ZXzpud7f2LZZa8bW7pDMqJ3mVqkckieL3gjzsCZ3P8Wk

Transfer 1 tokens
  Sender: A4bsySJGJwqKXDCd6GF8QkEWFw9WDxiTEqL8e2GTwCPj
  Recipient: D4QNvoSqUzCeuxXjUqsk3Azjx5eSTTZa2UGg5CkCK374
  Recipient associated token account: EEgaCWJdeyBa5D8RzCVXtkGwn979fxZaWkmRD23cAkeb
  Funding recipient: EEgaCWJdeyBa5D8RzCVXtkGwn979fxZaWkmRD23cAkeb (0.00203928 SOL)

Signature: 2DCub3FE4iTcpeioRmLbmfhsxTtWZSeDqLqtY9ppZg6FvmzXMMCns2CNMXfdNk2n7iywmnQ5kJWJvJCfJf1Fz4fr

Transfer 1 tokens
  Sender: FjuzaAGPe6bUGwq7FJA8UDkSYYjUfKLqERYqNbgFq9Ph
  Recipient: AXXRH6NVXjUNxi6GvVWV4Pp6q7k9xkqeqHhRx8sW41TX
  Recipient associated token account: FuST7bYuEj67vHdfQQyTh86eQaqCR84dC6mdceL3su8k
  Funding recipient: FuST7bYuEj67vHdfQQyTh86eQaqCR84dC6mdceL3su8k (0.00203928 SOL)

Signature: KkBygUKHpaKME82nmgS28ekT8Up7KQbrp7GqNn3gqEJWpjaqUtun8ZFvRJs35wDSqZ2RKCC2RmY2XwZe9FUd4qe

Transfer 1 tokens
  Sender: 2Xq1sz8KbnGDjgNWzhJt7wYfKqn88S4N7GaZQatsafev
  Recipient: CY7u6f6TG8qPFxnng7LWAFHDF7zJX4jCBXiQLzgr3omR
  Recipient associated token account: FaC1X842Lndcnuv7Y3eJAV6YrEkk3ZMxoX4XWgzgH9DV
  Funding recipient: FaC1X842Lndcnuv7Y3eJAV6YrEkk3ZMxoX4XWgzgH9DV (0.00203928 SOL)

Signature: 51w8WBNCWX3gxroBTFqgDkKf4cwAVdNTgRwUEMKVcpUz2xtqDXbxUwcRKaomD2Dufipra5s6zXmdnokhBma7fQg9

Transfer 1 tokens
  Sender: BkV2PkJCJ1gSofoJQvmJrYP9SEsgkMKuroUjX2zyt7bk
  Recipient: J66nm4GPswvq9T9eJDSdMTgdck7T8BP3zTTK49621uB
  Recipient associated token account: AAej61MrzKFRzZukbPcQeyrsgftopAfnKsoS7zCDKbQK
  Funding recipient: AAej61MrzKFRzZukbPcQeyrsgftopAfnKsoS7zCDKbQK (0.00203928 SOL)

Signature: 4WHH53AUztRZkJfpGNxgQJm7penVWCrgFj3sXkp3K5DiiL3Np9g5G4bFrFwh4rL5hzh1wEP1BdpdZFpKMm4bLGgQ

Transfer 1 tokens
  Sender: G6iRds17c8XiMSsZsk4umd1LhueutwuFbZHyXutguDMx
  Recipient: GX1Vmx4AecReyK1QxMMkWhqzgGmNs9HUVPQkaDBTDvkK
  Recipient associated token account: HBQEf8W4GhcKMHYfq8EeTT7orVe1pv9XtswgHytUYSiF
  Funding recipient: HBQEf8W4GhcKMHYfq8EeTT7orVe1pv9XtswgHytUYSiF (0.00203928 SOL)

Signature: 2s8MSxmqFGNrPucE1r8haQ6c6tjyZ83fX4XJZsDog5WRwKfdWfLxp4AUx8eK7MP8pAcE1Zb7k39tSV9aS8WKVw7y

Transfer 1 tokens
  Sender: 4TB9qbHkcFmEho9Kcmwb8KvjhHH8e9C7tsKbsAb35DG5
  Recipient: C91QVSPebG5w5SP8Wg97bqfnnNfG6j9QDuTFC5EM25jz
  Recipient associated token account: 5GgJcAL9kYxJZU6xLJhLMNsGnuqE6gE6YZuy7x99AQDp
  Funding recipient: 5GgJcAL9kYxJZU6xLJhLMNsGnuqE6gE6YZuy7x99AQDp (0.00203928 SOL)

Signature: 3mfaV9iUZoWwEX2if38f6M7gjBhY7N5ToAqJ1VYbyR4kx4yms3EWrBRQ37oSCdH8FVpBNowEf4dqq2AMezH6h8Mu

Transfer 1 tokens
  Sender: 9zwEAwYqn8ZN5ifo4HHd9bV4kXooaN4DdsySWPhpaMpt
  Recipient: 284vseTBGMuyxGGTXXpNPRjaSDxBJomXpNU8R9J6uqDG
  Recipient associated token account: SN5zmZC3gHSeL1brHepPWEqq9JCf5Wt72AogpWvEkPK
  Funding recipient: SN5zmZC3gHSeL1brHepPWEqq9JCf5Wt72AogpWvEkPK (0.00203928 SOL)

Signature: 4zuoPczvDG8dfYRLUUWMaCqUfRhZKpMQg2snb8dFsKCyKpaHCf2avfayRGqV4CXW4EdsvZYmxqx84yv9z4XUeTuT

Transfer 1 tokens
  Sender: BtnYqsfAyACQMzyQKDt9ebMQZ6gfJnVzPSWG848TfLxd
  Recipient: Fp8Tn92AfVqBTR6Vbr1xK7tnDWLeBgNv3cRte3wMvmsQ
  Recipient associated token account: 6GonD8Wbzoj1BhnRu5fD25HJiJadFHUTXniyYjDpXfRN
  Funding recipient: 6GonD8Wbzoj1BhnRu5fD25HJiJadFHUTXniyYjDpXfRN (0.00203928 SOL)

Signature: 5SkoKXmqNV1wqKg79hvq3JQJSeLSW2J4Xig33hsj23TKGaioCG9rs6pJChTmZDzzda9Ed2XcNbEKXfH7rJ6UXH7n

Transfer 1 tokens
  Sender: 3sWZkfWe6LupdoEcBpAZNobN6dUzU9HvwiZwnGTHt8CX
  Recipient: FHDHmsEMhtjRkAfqk2zhXZ33fdx6r1waNsTKqQDNiEzo
  Recipient associated token account: 2uK5TGFVWB3PdkyfrtEJtJPUpEJaZHnwKZr34uCHsFvN
  Funding recipient: 2uK5TGFVWB3PdkyfrtEJtJPUpEJaZHnwKZr34uCHsFvN (0.00203928 SOL)

Signature: 5Sc8tQyG6cB9t7krhhebzEeFE7KJJNtWLth7AT5beYFRgHHLnsGyCKzva6dvmjcPRaMJBrdbPDJPoTeyRachtb3y

Transfer 1 tokens
  Sender: 24b5G574c7jPZkDzQHTLmGrx2aAMEYnFb9BHMQDFESrK
  Recipient: 5xharzoJ48TqkYJ9tDS1DxorYHnzYxvYmpT8sr3kn4kD
  Recipient associated token account: 2LHxnkUDLemRkFCvTQcQYgQuLjSTbjXon6LQ6zjEU1N2
  Funding recipient: 2LHxnkUDLemRkFCvTQcQYgQuLjSTbjXon6LQ6zjEU1N2 (0.00203928 SOL)

Signature: 26UA3cTT8X48rGKcunJbmkuuVd6KQ4TWPPY4P2ZnWUPZKSv3mBNf7N56VPfpkihsfQfAFkszddkw6URsSNzguZMF

Transfer 1 tokens
  Sender: DqNnk4s6DvFgYVYDSJ5eFfZ2cjAqphBU79Ro2CFcUtE8
  Recipient: DdDZiAosTCWnmrxgxA5Wbq1uBhYkG4rmGcV915ZsvDLv
  Recipient associated token account: 6JHtBtDW551JiMQmNxggkn9XivGQuJGwWFyz7D11EVZ8
  Funding recipient: 6JHtBtDW551JiMQmNxggkn9XivGQuJGwWFyz7D11EVZ8 (0.00203928 SOL)

Signature: 4Ma2FHr9mmvAQTYCjW8nzC3k78z341bW7TgoqoCQqDgZjimd1SwN14U1psFdDYtwJxr1DnLbVKgbjjj276mXRwJt

Transfer 1 tokens
  Sender: GAv7cHsEkkCWTsKuYWooKVahk88Mb4rQygC7g9LU9JsK
  Recipient: 4g6X6bYRhFmquGpYDjeoiu44Btyg9YKJdMZnRWPc5ao7
  Recipient associated token account: GMpnYrpqYan3mJsvvxM8tUVdMqMp8VgLbd8GGw9YjBdQ
  Funding recipient: GMpnYrpqYan3mJsvvxM8tUVdMqMp8VgLbd8GGw9YjBdQ (0.00203928 SOL)

Signature: 5eFRCSVgSZPJYtD8iG1dds4mcC8bEUjQtGgFZd8rtw7WgkWM2q5FF8hZ9vZuaM6DUGKj4qJCtAMpx4PgRYHXSkVc

Transfer 1 tokens
  Sender: 8P2CzJxZrwGNaj9nPtkfpZUp5YA1tkV7EVn3pFNk7nuf
  Recipient: 5Lc6KL91cF5wfDV8dbYpGHtu2A5nNLEjzfsGPRaSKzFv
  Recipient associated token account: DB9YSbx2Mgxbpo3dYjbEbiGvPmCzaBZ3izq16pRdrnx1
  Funding recipient: DB9YSbx2Mgxbpo3dYjbEbiGvPmCzaBZ3izq16pRdrnx1 (0.00203928 SOL)

Signature: 4JVEW2MysErfn7umV99hviHKCFHBZnM3TJYLoJboapWV7sRfDtMDz7CSWJAoZugfrgXdGt69BCS8CAz9mcw2BjJY

Transfer 1 tokens
  Sender: B2FpxgpXfzEqb3jzbJEGcBUByAtBFVhEaqZbdgmJypzJ
  Recipient: 7GetnmM4kAtyjT2aumAcPsHcJs2hfNmMQWoAW9NqpAZt
  Recipient associated token account: 5pFQkv4GWNddKVf8cQXZr29uxvyZoVyKWzqaLYtM52kM
  Funding recipient: 5pFQkv4GWNddKVf8cQXZr29uxvyZoVyKWzqaLYtM52kM (0.00203928 SOL)

Signature: 4r8AWGoPNYDmZiQUgYBXCTcjqDzJ18mqbyYCVg88SdFKRhX5YqHjVJvZvDLXY6BKDVR52FGXeWjU2Cmp4ChE214Z

Transfer 1 tokens
  Sender: GbA5SjinTsprGMpjbn3ngtjcqBKqSp6UXGUPTuHouDfX
  Recipient: D7p1a49fHgBQ1UxfuMCPAYRepN61QL7hBjXZrnSt2P65
  Recipient associated token account: Fupk6W7dq5X67SJVXTBtaFjPCTeGwmYeN176uTxb4HoN
  Funding recipient: Fupk6W7dq5X67SJVXTBtaFjPCTeGwmYeN176uTxb4HoN (0.00203928 SOL)

Signature: 5egbyT1Rc8u4yZX1VzvkvJLB5ZduJ4qSYT8H7z7juFv2EVD2qqRxhJNieAjH5UjoUxfKZHtQVkjUaLnBU7RhDcpU

Transfer 1 tokens
  Sender: Hv6ANB5JgnVHnVZpcVMTr6axVJhfQ3TtM2Nf7BANYy8W
  Recipient: 9s27sJtV8q2XnJRpN6nQ9vMF3AWG2MWSZDjBciHuSSaR
  Recipient associated token account: 6knmKxVCk8zFct42SrgjVgMp8PixzV2hm9SZL9kmqF4x
  Funding recipient: 6knmKxVCk8zFct42SrgjVgMp8PixzV2hm9SZL9kmqF4x (0.00203928 SOL)

Signature: 5TajK5mcF6XGebipjChGiXM4gnqKxEp9SYm5fFy5UNWSaNHAcPtb3CtPYvsSirkSNXZAfjNshfb3vNEpVpwxUmtc

Transfer 1 tokens
  Sender: EYSHBiVqdti9cH1CyzZeixVdGyiufWWKWFi8U75BtzPF
  Recipient: CYVikdfqKK1SmPasR93k1p6CntrmqGW4YcoSYQQ2TeVp
  Recipient associated token account: 2XDQVUbDGveNFepqLJduf6kzHDyJCAy2iopXJPqua8GW
  Funding recipient: 2XDQVUbDGveNFepqLJduf6kzHDyJCAy2iopXJPqua8GW (0.00203928 SOL)

Signature: 4nVbFSZANzKWvetEsa6n7L5DbpfTJ7k2t2grmrXT3U8uF68pSEtUd8AGgPcfps5iwpJaGQ9fr42Q2ZrsBuCBQxPs

Transfer 1 tokens
  Sender: Erbg2osoxaYtyxWvqdrrRDiKnUDcXjTW6wtwmGr9DpTf
  Recipient: 7o4NoA1g1asZzi8D4fRPjVuDR6YkKGhLRwVbEFfmRWX7
  Recipient associated token account: 17mz9HaRjjiidvee9ESgZbJwY5TQ3aRV49KuMd5NxUv
  Funding recipient: 17mz9HaRjjiidvee9ESgZbJwY5TQ3aRV49KuMd5NxUv (0.00203928 SOL)

Signature: TWFzitoNf3RFVYouTq5TtW3nRCcQbAEYUkZEMT87Z4qeYEPNQhhnTHnwGiopQfEr4UdLFE4piWXvwom1gathu9R

Transfer 1 tokens
  Sender: 3vmYY39oW1GrPagZjsuTXB4KcnKY1X5euynPkSUzRyUv
  Recipient: DRshGmVTtRPDPQXUF6G8d3c4V1NQwQn4bhghjWWHqhk1
  Recipient associated token account: CvpZmmXG8xydqTtu8yCEJgj53uwTe7J9XmumgxRM6cp6
  Funding recipient: CvpZmmXG8xydqTtu8yCEJgj53uwTe7J9XmumgxRM6cp6 (0.00203928 SOL)

Signature: 2QJ2Y7zduXnKxZbUEXxoFnAcLrdYRYTwFX8b55661RDW1Bznd7XktJ2LySxUtqi2GE6bCbMZLamkEZsnkdANFuhG

Transfer 1 tokens
  Sender: CnYwVq8tXYNwAtWGg26n5vFiwaWvyEX1gua83vWuExAD
  Recipient: rMjHEPkW7J1PF6Vu1ztdvRofKNWaP3yoSAXbkNdY6ML
  Recipient associated token account: 2kZ5P2aBfBAxaStT8nPiz63kRgRWrQ9dowowBp6HYKwm
  Funding recipient: 2kZ5P2aBfBAxaStT8nPiz63kRgRWrQ9dowowBp6HYKwm (0.00203928 SOL)

Signature: 2FSgFGxqz9aYJvfGmYWgp6QHDoTSctbvLYiXLk2Adp7HfDMZCnqP7HsKp7KxsiLk9KCNRtcj5oYgSkCQiT17Cg2t

Transfer 1 tokens
  Sender: 987g6UpLKAgxDCCKXNkXosHxCzZWn2aFBz7tzAExwPVy
  Recipient: EJEh8CPwifo164Bp9fg4A1nj7rXUCNJK6366Bfa3RUeo
  Recipient associated token account: E35P2S8QhkkchZuK7APTkef4zNrXbt39AVzJLRQLxhF4
  Funding recipient: E35P2S8QhkkchZuK7APTkef4zNrXbt39AVzJLRQLxhF4 (0.00203928 SOL)

Signature: 5cz6FLHvfFzyydMSZuvzECWb14GJoaJ2KhgBFNvtgUTz8BvkTFDPptvvYpgcRdySbxJ7aLRCuRFEPJuT2tJVPwZX

Transfer 1 tokens
  Sender: 6oiSQfVd5aicbwv24ssKbJtLtt8rfejJCuMLC1hkWSKq
  Recipient: six9qRG8Rve5CSGkc4StmyaXJt3FPknyQLhbQRMpDF2
  Recipient associated token account: 81QkgcUQPxiZ1HLPGcp5DA26ysqMCQQfDKtTCchC2bXr
  Funding recipient: 81QkgcUQPxiZ1HLPGcp5DA26ysqMCQQfDKtTCchC2bXr (0.00203928 SOL)

Signature: cwZe5wuSDLsmBMG5JhyS7bSW6cKMbhr53CgNqfR4c3GomvFxmXfoG4ufPyg1h3uuVduob9oRcQtttjSmc9J5D9H

Transfer 1 tokens
  Sender: 5MohwaHTw7sPRizBRQ8bV4WkzDfNostPQQibhVKJHWv7
  Recipient: 6dm86x4LHSBLR9WLUkjUHP27A5uJRwgp5Z5bVVCWeM9K
  Recipient associated token account: E3g9bt3yu4qoXd6wrcJ3U9uH9GC6zw49QaAjvDNwtDGd
  Funding recipient: E3g9bt3yu4qoXd6wrcJ3U9uH9GC6zw49QaAjvDNwtDGd (0.00203928 SOL)

Signature: 5VGMTnyxwJ8ueZFxT2zuZhMB4jGJsTfFW3x9df549Mg7uW93haojFjenixjaTmyKcbG32SDm39sGpGRc91NfKTTm

Transfer 1 tokens
  Sender: 6xuNxcM7XGgozUUTX1zufEtae631giGhJQHGbSjnJgxb
  Recipient: FBkdDE9fbQobTccnZr2XDqrpeevmeChEiPLC5ABXUXfE
  Recipient associated token account: C9rkvGxhoahqNMJVpVBUZZhi8k6vEm1a2Mr8m93mYt3j
  Funding recipient: C9rkvGxhoahqNMJVpVBUZZhi8k6vEm1a2Mr8m93mYt3j (0.00203928 SOL)

Signature: 5LVHwtrmqgf1S6jVX25zBJqsWCxqzXDgQ8xKPtYSYRB8Cv6CHd1RNaZhjiZQxqETaf5eiBjKgSSiYNMbwjMK49wE

Transfer 1 tokens
  Sender: FKqAzVCJVr3ahAchqUnej7BnkTHta1q4zqFty45kuYLo
  Recipient: FvLBqUPK8qeVsfgsm5VXxFGV54VcbC13JeCfhwjpQnq5
  Recipient associated token account: MmRrmv832ZAjzWs4Uu6vFkLV8hV6NsHB4mGGJPFXcWp
  Funding recipient: MmRrmv832ZAjzWs4Uu6vFkLV8hV6NsHB4mGGJPFXcWp (0.00203928 SOL)

Signature: 3TaMRHUfRizVWJpJz3tRLhbDWkVs6JABZqHmcz9NdwxL2Tgyp4NWYHYHWntTWai6abeWxRmxU6GbP6HTRu9BrexK

Transfer 1 tokens
  Sender: HjKGWSH8ziUJotw1iqhBMUMbLmWAahXhPRx1aSEMkB8i
  Recipient: 8eqvPBG3bHFpRfHCxKi7UBPcxUopXyhDMEH9r3Fg9QcX
  Recipient associated token account: GRh9dUc914hDjYRtBnqwKynH2UvRU5C3wqAK41bXsfg5
  Funding recipient: GRh9dUc914hDjYRtBnqwKynH2UvRU5C3wqAK41bXsfg5 (0.00203928 SOL)

Signature: 2V5zYxY4NxbhjYgjWguiXZyQJ2Q5jtCvGjH533ExSh8BAk49MoyNfVgLUrDZRGzweEswn7MhzTUe6vRhdpKJKkAG

Transfer 1 tokens
  Sender: 9P76ePK9UyuVvpcLRAphvjB9gHNxXhDjn7tNi9mQe1Wz
  Recipient: HFPaT6WKk9SkwtYVZ5m5Sqw7ZbyehGu9GHjsctigm49S
