6XbeDCCBvv7UWfRCUX6R26nidck3TW39Q2izZNYAwxC7
FiXhaZfHmG67iT6CJYmsFT418JrfVKbe72LwhE1siV6M
8TbTu2cxuxUEWwnssLjAueBG9WpAwjYKurP2Yc2SdWNz
22PcCdkYNqVVtLwCQ3BSi3YmZaghBCgYNeAvBcee29Tt
4Hsiz7q8vfBizJWsE9RViFpbAPmiH4pBHcA7ksq5JTaF
DKxvN7zqMbDPEToH17X9iX5qf3KZ25i1jGuedZRSZQiv
5bLozdt36jRhXhLNTjf9zGy2q816ECWpZg5S1shaLqVK
4LBUPX7zfGzqdho666K4ueu9kipXkQFoCpNCYmQwdVmi
AEUto3eFWHLAmmVRq3Vo2fmHXwte525jQGG6D7pN4RRd
CWiXLx6juMmaq33BPXGJ1k2DPqzfDyCQWoAsUUe83CqP
DsNPDzGQM8caGNNYBWJ8YvdUyPi54SemYEsXUZQAJFQQ
Cf4pZaok9wdfp8qTT3RiQZvJE5t638oeQPVekwEJyYrX
5GP1pszBpd7T7gaBwXjSB1TknaJBXD1ATQRCPvMfqxJf
CfLt5YAXgYjwnbguVZZXFMShycUbPEcQBmkTnfLPYt2j
9vTVgL5yTaRSj1QThL3jViVdwZTiwvPzqsFs4eHdjZjf
3cN4Krph1b9ehhYiMm9uWN5WEGTttoEWSyKQaPGbsa8S
CjnwnSA5XiEcH32gQ99Rx7ewjbeTVx8XPPZG3qaBFvkZ
97xAKp8FjyXkiYqTtYWN9ArD7KxTevzaCAo7VCcwLAsK
4rn5JzieBFeXfo3zBp4DCBvGXEYVuyo3FaWW38vtT9SJ
DJNqLSq1G5CiY5w4kWoj9pVVUXXgHoa2Uw7Ja2jBMXFg
