Transfer 1 tokens
  Sender: 9zEvkc8Sw1oPfArrEtoV6zUioyYPWN4AUvrvt61BeCPo
  Recipient: zCGcVs41yHV6rXA2btec5sDxATWRVxLrAK4yqgz9jy2
  Recipient associated token account: 7uA53epFt2cJ4oRHSEkzCqu7jp2RRisLsgFTFF3sXhrB
  Funding recipient: 7uA53epFt2cJ4oRHSEkzCqu7jp2RRisLsgFTFF3sXhrB (0.00203928 SOL)

Signature: 2pSs5dzh4H5sMYNmrPecynfmU1aSF8XKVwR3RqptfDgCkn3WBPU2AxdUYKpzs9uY5qdSFj4sLZ9ELWJ7dy7QbR1h

Transfer 1 tokens
  Sender: F5iSaF4ajQaQaF4KcU1dx8uHuq7843CL7tKkausswoBB
  Recipient: H7tS6xQ6Yv6v7orxezqmf52vu7LjqSTmUXKwX2zVHmjE
  Recipient associated token account: 2Zsixs1geDhpBfgbwt71devKJCBzUzZupwMJWghrsQqj
  Funding recipient: 2Zsixs1geDhpBfgbwt71devKJCBzUzZupwMJWghrsQqj (0.00203928 SOL)

Signature: 36krVLM5omgwuRhbGW238ycX9mQr568LBUiKySG4aaFYvTbPjzTwa11bBN6b41LXGg4RquDfpbYCXpo7rsp6WwKb

Transfer 1 tokens
  Sender: ESCSg6v9yPotB8RfRnqMo7Yeh21J7HwJN4dLusPYQTqk
  Recipient: 3o6coaQjHYV76GMK9isEsRwBNjPk9iajACnTAjtrJwjN
  Recipient associated token account: 9cwyBDtfdqVEw5W8XF3HaqX9QGAq2erUzk2wXssWxbUJ
  Funding recipient: 9cwyBDtfdqVEw5W8XF3HaqX9QGAq2erUzk2wXssWxbUJ (0.00203928 SOL)

Signature: 5utMNcAvkph6iWsea6K2qCKGBeGNVga8yyUWwyE4htdJLQov3dfE92dSYPu4vKANUccD6seBWNS9QVvjkf3atBZK

Transfer 1 tokens
  Sender: 5vdCVvUESSg3JjM7zEghCwxWMbVWdQfpWWAfpPybTMwk
  Recipient: MvogSQTXToXV7MS8hDbvfWGoELDtR5Z75SGMUNiUddN
  Recipient associated token account: 8kqDbwMkqnKN1kNzrJgME7YxU5PP1QTcTEz2WY7hg2P7
  Funding recipient: 8kqDbwMkqnKN1kNzrJgME7YxU5PP1QTcTEz2WY7hg2P7 (0.00203928 SOL)

Signature: 36XgQmLCjTcRgw63Y2iwyY4c61VZBbqBZmH3HAp3i5QQzy6B5wU6mc4inLPKpFEZgQATNeXBkBB7ngikvzXs4r1L

Transfer 1 tokens
  Sender: 4xWXqoYC8wvKCz8xdMLJfswukBNwJ2nUitHd9iVwSdVV
  Recipient: 6Xk8d5MFs3n2QcjUxmSPvq82pTtzTdmDkNpwHJQGHqJT
  Recipient associated token account: Bs44Z1ihMUc5gdHfcHsx98B7NCRhZLtW38dDS81t1VQ5
  Funding recipient: Bs44Z1ihMUc5gdHfcHsx98B7NCRhZLtW38dDS81t1VQ5 (0.00203928 SOL)

Signature: 3zKC4vE3z6DCZU4yG5tsAoa65uSjeSaGYZf7TCr7BUu3ACoQLWEocJNaMqM7HhNXVSnwncrrRsrpbwktUdNXksSa

Transfer 1 tokens
  Sender: 4Jd9QZMXUxscEDKBXYniYL1LLR5qq7pCjWE8UZRp5dKx
  Recipient: CmkTsDLdXLXzqsdZ2t4FNce3phcYccPgMtUekdMZnDRN
  Recipient associated token account: EnG2edRMbyxtacdMJpWuJcBfpo34iscfus7JnSr49kke
  Funding recipient: EnG2edRMbyxtacdMJpWuJcBfpo34iscfus7JnSr49kke (0.00203928 SOL)

Signature: 31BNgrQRFhmVs9jukQEUCHAthyn5syY5DVovVwpp6KZDTAE27qKwWBwDApeA8QQkXCoBL3gChLn26xQoU6xgDCmE

Transfer 1 tokens
  Sender: AX2Xwm2oH9wVpcPUAr8STBXrxa6wLrTYQxiLLqnkn7Fo
  Recipient: EbiiEeokfGmtcgnFA349JjoZ5EiiqfLXRhbU7zac4v1u
  Recipient associated token account: GwLmnrheJdyc7GCsh4LSE8raQeN5xfyYdvVdii2J5jho
  Funding recipient: GwLmnrheJdyc7GCsh4LSE8raQeN5xfyYdvVdii2J5jho (0.00203928 SOL)

Signature: 42urYRfz9vSQsmnZERqsRKmB4rh4A5FpaupY9zVdxEwr67BjTJPwp3pWJmg8u2XXJpu8CFbSswjpQpiTrKXRiBku

Transfer 1 tokens
  Sender: BuL56GUf26cKzN3NiZGxp4QfCS4GMjxsnj7H74eNFmwc
  Recipient: 3YXchfDQCHAfsasonH6gTDEyZ5ZKJfXjrwBJfdx9qpUS
  Recipient associated token account: DVkEtBzwBs1uaC2JS9N9tCYAhK2mYbKQPTf8gc8SD7sy
  Funding recipient: DVkEtBzwBs1uaC2JS9N9tCYAhK2mYbKQPTf8gc8SD7sy (0.00203928 SOL)

Signature: 2tiEze33pTHN3je4PM5YjLAKzHn6BFPD3DDWkLncR5DCibB7MjZ4kNCL5xa46RLEkJPiFTgP9dSKLtCzgonhWtjm

Transfer 1 tokens
  Sender: Hni7ARdUyUYGy4NXVnSGHAgqnxHwLSSHoiQ9iHFb94cb
  Recipient: H9oN7JgPb9qnPhyFE24Gp1YVvF1PqsnLjcP9agEgqdFp
  Recipient associated token account: 9wd5NWsrxC7ozvGP8vHA3JH5GYmD7H4FYCQZXg52oC1d
  Funding recipient: 9wd5NWsrxC7ozvGP8vHA3JH5GYmD7H4FYCQZXg52oC1d (0.00203928 SOL)

Signature: 32nmYf3Nn8ogbtaxBjcvqM9zRXaiBjvdj134MJ1GUZMjAWv5aBS1SEgEMebd7NsgY4D44NsCYRo33dMmynEErYNB

Transfer 1 tokens
  Sender: Dv9TjFzDT4iKGhTETKWsWte2FM8ZZffQ5rgbNJdbTRGX
  Recipient: Byv2uYaoCamv1HUriUVNMFtqShrjBmUGFt1HY3EpxAyC
  Recipient associated token account: 6CFhTSdHS4BNrSqJmqozRCRQQ3pnKC8RDoJeSjAJqZjT
  Funding recipient: 6CFhTSdHS4BNrSqJmqozRCRQQ3pnKC8RDoJeSjAJqZjT (0.00203928 SOL)

Signature: 5Q12AceMUg6FP3q9MvtJyxJfj8wtZt5k2PDY14rDcnT4Rpaf5sWJsjScuGsoCHfDQS5yqtBS3DNgueyi4fqqtepw

Transfer 1 tokens
  Sender: 6DieoHAJCqqi4bWzqj8Fgh87eY38TLEH2bGWR7FQHpqQ
  Recipient: 9nF2vqusHupTTNgw3quL4f3jorvPdJ8VBPv3Uw1xt3Mv
  Recipient associated token account: 3hiPMq2uQjRZEYZAu4cWV8ZyS7Wv2Rx4TbCcrWUprjwL
  Funding recipient: 3hiPMq2uQjRZEYZAu4cWV8ZyS7Wv2Rx4TbCcrWUprjwL (0.00203928 SOL)

Signature: 2YDRUFLktnNTDSjPuPRq3K7qqgc7R6nN7dgy8bDGPQKSWsWmNtGWH9KZnnj4a38t8De4uQBPVX6zwYmryrALcaSj

Transfer 1 tokens
  Sender: EkRU5UpGLak8Y4ftCS6NS4WHMam7CbF9mMpaycCWJZSk
  Recipient: 51oET2dy4vCmZ1JMGYR9hbsvsLng1vcLD6z2AZp1uq1j
  Recipient associated token account: F6k5q4aucbDibEX8GMjNL8DW5Ydw2DUhvmHJ3dMVNjWw
  Funding recipient: F6k5q4aucbDibEX8GMjNL8DW5Ydw2DUhvmHJ3dMVNjWw (0.00203928 SOL)

Signature: 31m1ZJWsKWDC4ckFWNkDDqTNXu1QK2XdfPo949n23mht3TtzCQe3ihD1sxzgonKMTgzgoe9XMpRhod3kNYN2rTUe

Transfer 1 tokens
  Sender: 3E36J4KqQf3iSSE4wkoEa9zmnsp27u3YigPU9aZmCdC9
  Recipient: 8kX16Yj2WBCz1sPXcimafGrutQkw3s3Swe9sR3gt3cC2
  Recipient associated token account: 7FTog2z6mbKQoAUBjyT5nKMcRbidcpYH2tLiReWUmXCx
  Funding recipient: 7FTog2z6mbKQoAUBjyT5nKMcRbidcpYH2tLiReWUmXCx (0.00203928 SOL)

Signature: 3vzeEzm6Jb4fpqRaa7DXXAGFfFNPMchyRvLHBFavs7pyB5XWRQrEiz8hBoa3xByRTsCTS32Dsi2b7HVCjPewDQDq

Transfer 1 tokens
  Sender: 44AdkQmqq1jeSqGX7zy57pRERjyogpYQZzkw6nPMeydE
  Recipient: 4FVaeboZ2S3MGgKSfwGTJQV5CbrhbD6aBV9m7MXZTAk1
  Recipient associated token account: CzJfCa5VTq3vXwF5qWcY3S3YNFKi8Dh4EV3BCU1ampwz
  Funding recipient: CzJfCa5VTq3vXwF5qWcY3S3YNFKi8Dh4EV3BCU1ampwz (0.00203928 SOL)

Signature: 5WzjQGhYj7cvF9SEFQymM8NqMi782Ycp2KhbKmicm497hwguo5dmg44nsfLPXV6v7HVa7mBkWFgDxfEUyTnMrseV

Transfer 1 tokens
  Sender: BXds7jUfkSqzrgDHs7kpmVi32puf6kcLS9JEkozbPC8g
  Recipient: BcwzmAJunqVo7M9PHuUn3srQJX73bd9xr5fJseCDGAZm
  Recipient associated token account: CNqUE3mQCrme8xACCcsciLMxHB9Akz4FajZFYLV9b5VK
  Funding recipient: CNqUE3mQCrme8xACCcsciLMxHB9Akz4FajZFYLV9b5VK (0.00203928 SOL)

Signature: 67iyDcN5UpVpKaNhZ9PEr3NCKKPuv8WhidszvHoizwuJeWx16AyZ5Hczb2YpLtsf1XUYV5LAm3aJDjFMBz96SABC

Transfer 1 tokens
  Sender: 8fcSurgewC93471tSoaWk2yLrGRC2YYyPBZxAAkdp7VM
  Recipient: 75te3a9pu4YHaYcYgEnbANpBJ4ge9kAStGKV455nTySS
  Recipient associated token account: CK6APtacPbbDeg2eDFgvje9uxnVUZimro1cqowu2LXvN
  Funding recipient: CK6APtacPbbDeg2eDFgvje9uxnVUZimro1cqowu2LXvN (0.00203928 SOL)

Signature: 2s7pkKEvWhuPwivoUR1Jht5DYkjDKGQzAcpmQP3pHHLtoz3QAvcHB5Kfwyx58wcpakc7PPe3TPkArXH7YeWMjaD4

Transfer 1 tokens
  Sender: EDSFctiBduF7GYAaQH4tp2TVjGV2qPgc2BybVcotkoX8
  Recipient: AgPhAsvcwPfT8bcAQxfyvymHdS9enkCzHDZP67ihS5YM
  Recipient associated token account: GMpJHG6FAQe6uaFfjm9dfhyfn9nFFJTzJUxa5RYQZ5Sp
  Funding recipient: GMpJHG6FAQe6uaFfjm9dfhyfn9nFFJTzJUxa5RYQZ5Sp (0.00203928 SOL)

Signature: owbBeH8Qiro4Sb5ooSu4RhFBKeS8B2HgEjwKKDa3oqDUVSFf22sWqD5P2Eqf5xTtuGuf2gj5vWXZ47sj3fbQ5Vo

Transfer 1 tokens
  Sender: D2UKsYRZWAbSmZx4AvUs17XgPWkxZnLtuLkE2dcueXGD
  Recipient: 7uCsLRhWmRw3AHyb4hnifXxiwqNXi4UB8Ac4ynnrZ5hq
  Recipient associated token account: 3GM8xAqyBK4yxs2CEMuNFaUWGJNMNj9yWnTsxHdaVPjC
  Funding recipient: 3GM8xAqyBK4yxs2CEMuNFaUWGJNMNj9yWnTsxHdaVPjC (0.00203928 SOL)

Signature: fhWzBNkNZw1TNcbyLiKLsGH1nTCxQCmAtFicSbpx7d7mFhXFLHjY4oWVgfMpjf9kS8tJzCm3vmdtiEsPMidJZXn

Transfer 1 tokens
  Sender: HvyhNWYpu8SQvs6WrP6U7DjXAsN7o22ZFfcCKWekw6h9
  Recipient: BVFTQzEas8kMPkcugksaTTuLnQJ8ESxtLryk4ngdyvjU
  Recipient associated token account: E4JyM3quZudFoFu3aaLvuna8YEteUEpdsxAekXcKhDQ5
  Funding recipient: E4JyM3quZudFoFu3aaLvuna8YEteUEpdsxAekXcKhDQ5 (0.00203928 SOL)

Signature: 4UM3M8agapYQSY5gt4dCfVxkBBfY8Q8cGZMnTG5ZKVdrAb9iXWsCnHhqYXiQqPPEhbQjDBRZ69AD49vdzA6RL2ee

Transfer 1 tokens
  Sender: HietJGL5aZCiPRHfnpvoXq14QSqSBiqvzaPKa4wSeyD3
  Recipient: ENsWpC7ro1iWg7hUSuzDWovZiicVAoURX3fstsmPQpjQ
  Recipient associated token account: 2v4VwonGvouEa7ZAhiz9kxksak4BHSz548eSsWBe8UGK
  Funding recipient: 2v4VwonGvouEa7ZAhiz9kxksak4BHSz548eSsWBe8UGK (0.00203928 SOL)

Signature: YxAi5sZSpkTcPEL7a3ndxhE8ERbucCTnbMQVZEXL3HJUB7Zx8NQHuKaKEZ59bbmQgySzKkP23J2uB7YYMr2THC7

