DWaAVXvNg9NcNUPLCwRbAhc8NVmFzSLPQCFuwkxgp9Tk
Atp6uadUeFADQYrnWBMoBpVkMFhziBLNvQrjFsXadAMo
dzDXojNy77xvEtkWnSYPGTB3VCVfGPGJomqVdvuPvHE
Fp97htUt2k5JTcPvD7hy1MdggQZHr1oHtmHZ4jUqTZh2
4CVLbLUcNUdoXkb7GhEJmoPgiiv7G6fistNWu4Rx6T9L
3vipZF5ThSaE55jGnHE1PZhCoHvRfBHvihP3pQ8Ph7cF
45nb485LKf1pEhsTab34JnbBb3wXnAAP3xh98xdzP8Zc
4feGgguZ8pfDacgzWMk2rpp4odg53QvY86TjoPtycFbF
4GSGks3QkdGe43mwTdfKHsPydWMwUtukmPuYDYvsmrmZ
EGdzraLTk2pzfQtqAEVBkAD8vikmQzui5xMprFqHnG99
Ldn4w1zXoukjaJegLhsk1L3UBx4jPHwBuaQDo37KN3r
72GAVS85vyaRypoQavWSZ18sjoNWyQscnXx7J9BMupQS
9ZSG782ComhZPHe8AxXDP9VGLAuAJ8cwjoyf8iJXTL5a
apezNrdNkGzJT5mfLsqMdUWcGmZwWRxUb1dUM3xXRwu
QermhurVSebxf7aV5PbCJ16EMLtjShpyFtpifUMKeqW
8DmRR216akpGM4i748vQxbHVL3mqAYBWLGs7G49CJoFC
2UXPd2WtjS9FzskPx59gVce2r6G3gfSPP5w4RjbSEfwV
Cm8cYtgtfyULCzisqUnMg68aqqi12PGZScouQfJRfrG3
8zfdGUKpemtzs2Ypb8reoN3A43o1ZkbwFCBNzpUeFeUo
AUD7LZq8d2U2xz59PZB5QpAMjjF47FKNpBPcZSK93dKt
