EVaAgKSQ4QM7f2vqh12ZRmrPt5SVS3X7mpLXcJD4wsPL
CvzD2R2BMrnmaJzamdrXL6SWwPp1eiY1F3EHjVp7EkwX
FxH75gveqRNXJnsa2fN1GtTMiGjP1JxCRnUPU1d84Fvs
Biw2rxCE4gPgdE7LKZfBtqq3QX7PbvPqxWWJj1HxHsWE
3MsmkPefAd1zbtJtsrrR61pFLmXYGxr3d2BK8wt6QYzK
8fqTZmQJfBf17XHzfD2WZ5U1d2iP2x6Th13hSxAxTXBx
BcHtLUUWubUdGgtaszjQQ5zG2fR52JixPc5ksTEkfoeE
B75GPd6LgwBFSZ7KFuvCkMv1Wp7cLXXYzfWSKHM64snm
CnjNZ8LHDtwyCz7SBWPHCSBPikJ5u7E8TouZD4jtZ6KS
6ofXwU1s3Ma4ZcvLG29UD6mm1auDV5jumMzRnY1FdFVE
74MCLCGZ6HKYja3Uca8UQN5C3bw6NeyNXF6xRqaWkaFz
7VVwN2xyL1trGgaKbDNW8UEQjNsozQ2qMLtNWEKtrKeB
ECWyZYdWSWdJj8dkBZhRQDj3gahyCyY9m6JW5kWVqvH
9CKGWgvpDqG48qEvEztZN1M2d6b6x8P89T3EDCeeKwAN
7ULJy8FemAuWo3rSUAtbr38XEmXYz8XH9WDHN6aN2Zu
G4yn6VjDQoRRgqKVt1fp2uei3rFHWWKA5JwWPMM4eCgT
AhbavW4N7vvmGnMFfZKzCifnEKnFEJmVBgv8ngW3mDCn
G2sFCvJptXC8gUBmk366fgEr1rXVLViGTjWaJD3Q1i6a
781GzKc6aZPcheyEhmeziGWNgJBhePtVnsRsSCvrvWTC
46VjLhoNqGdKSieBVbvsiWn6T6YpoV6Jcpgp2esZ9WDB
