Transfer 1 tokens
  Sender: 3kXGZ1K5hmetsmJB9S96cUfkneG5Xwe4iUqxutFpVLVc
  Recipient: AzjB7d1b85syjMDsjo66EY7WSe2M7UBYb45pRFyzMPDS
  Recipient associated token account: 2qpk4WJPJWGF6Vr8Zmkk1sNzcjMchNMNig8TDRaRh76G
  Funding recipient: 2qpk4WJPJWGF6Vr8Zmkk1sNzcjMchNMNig8TDRaRh76G (0.00203928 SOL)

Signature: 59AhwqWnTHV1PYuQo5Ptcs6q1R5QyVtKvg4onJsbUahkcUyhWeRGMJVD1apFvWmMpdHPdFQMaDDCD7MLaxxnQgxB

Transfer 1 tokens
  Sender: Hoz1Vt1JqWGJmd68VWLcZxeticPrkFc58K47qEqAWrXB
  Recipient: Bm8rfjGRXi12hJRtZevZmao6tETmvxmbLbrk6d4HFEGK
  Recipient associated token account: My92N7DYNwDXVciuK3FTY3Hn4JLfvQZExES3HVgThwn
  Funding recipient: My92N7DYNwDXVciuK3FTY3Hn4JLfvQZExES3HVgThwn (0.00203928 SOL)

Signature: 3PJHHKS7FBMXDhMh8qu7xfiexVD1uZ2CMmNB32km8i1SGU7L9dNCev61PHZFj24Q4mrQgpyqtLyqCGRqoLsfr7rN

Transfer 1 tokens
  Sender: 6D4AfSpUuVHERrH4kh57qFTyTfK2hnXcDDaJSfNJ2vH
  Recipient: 6UbzRF27enSyg4Fdg1YjpDB7T9JokwWn21yorQdVekgd
  Recipient associated token account: 6V78CkQzrdCgEnqVf3YnLPTJjZh9CZgQjFkXgW9yZWfZ
  Funding recipient: 6V78CkQzrdCgEnqVf3YnLPTJjZh9CZgQjFkXgW9yZWfZ (0.00203928 SOL)

Signature: BRu4MQKkdZz2dDjzDSj8yNwd9MrkQTS8mW2ecCHbPnXUWbT2nRP4KH5Cnj6iTcst5W1GVpXZLQGL1EvMLs3W4TM

Transfer 1 tokens
  Sender: EQZ47zcLtbENf3vjXbBGVYnS38noJpPjej6LAG3ZtGKa
  Recipient: 7fcwxQgEkyqWhCJq4B9ViKCnzdAB4tZohJ8TdMLxuMzH
  Recipient associated token account: 6kZAu36x31zhhAwKjZ8u1P7StYJEh1BDtWVUVmtG1e6S
  Funding recipient: 6kZAu36x31zhhAwKjZ8u1P7StYJEh1BDtWVUVmtG1e6S (0.00203928 SOL)

Signature: 46df8hpydUbqvNAC6nCkWh8eACLodVfZbUbmBQX1shj2tYXk3kfuj7r82k1XTG3FTCLsRkLCX29LdRtY8mi5afms

Transfer 1 tokens
  Sender: BaBFzRNM4PyWEq6HyD9XFcDRsVhtrHFpq1rys9ZAKhLi
  Recipient: 8PqQYJDvsow3UGydnnNuwSoPBuJ2QGxT4DrwvRuAyLxJ
  Recipient associated token account: BumJ4HYpFCYjDJSPUVJBNv4LXHsW6xZQ9jFqDXYPojGv
  Funding recipient: BumJ4HYpFCYjDJSPUVJBNv4LXHsW6xZQ9jFqDXYPojGv (0.00203928 SOL)

Signature: 3WDHLyFi1bQKxT3m5SoJ6qTxpBE9yCJiVJ18Q3fzaZvejqnojUpjy4MLJNG976Z9e4rc8ndL81LnB4XQnfviQonW

Transfer 1 tokens
  Sender: E5XJDHsPseckiLZKkxFbpP3Zh3eve5kk3DsJA1fTKLZE
  Recipient: ELmDvFy1PgTx9Eah8L18ounoP8n5TroKA3batwgwPGC2
  Recipient associated token account: 9abVEiBWFHVcdkcqVXvdXUsHN9ygqbrgfGN7Zpw7hU3C
  Funding recipient: 9abVEiBWFHVcdkcqVXvdXUsHN9ygqbrgfGN7Zpw7hU3C (0.00203928 SOL)

Signature: 5qJYs6VxokVJ7YteWYuLgX6kAmTfAngLNvbvMFKSvGn7tAfBxk7hwtKiH5MEearjHUf3yEUoGwzBuyDDin6L8cNw

Transfer 1 tokens
  Sender: 9kHheQP8fY9SV87BdvxQbQR8JkCLcG5ya6PP9gQReeGU
  Recipient: By1g7JDY2fHdkygkXqspDmL9jTenkYK99SMjZ6cCdTJT
  Recipient associated token account: 9tcxBwbCwyQpsH1WgeXuMcjqnUmQCf9aRwrHstSZidW8
  Funding recipient: 9tcxBwbCwyQpsH1WgeXuMcjqnUmQCf9aRwrHstSZidW8 (0.00203928 SOL)

Signature: 2FYPpmsbyQkHDudWF8MAEZCHbTjC2hWBokAAjYVvAXFV5HUyUbgYpt3Ck5KRxRL5XkBHDh1s1gtr5hDseqBYg4J1

Transfer 1 tokens
  Sender: 8Ntwo6hhjkQ6bk57Lmc6kFRp5nBsTxaC4nsi1ZgUtSXg
  Recipient: j8oLFiDm5Eiy873RNtY2Z56b1DVZrW8i67mTR1BLsLn
  Recipient associated token account: 8nCKgdFotLtF16YJeYtaUHwV1nZu6F8BTbAQ9Te73n5v
  Funding recipient: 8nCKgdFotLtF16YJeYtaUHwV1nZu6F8BTbAQ9Te73n5v (0.00203928 SOL)

Signature: V2Fb7BVzFccY1wpBKT2Ufh8sdzKg14drSvxsDFYJqBMajyMMvmo9U4ku3H4UxeUmvcFME1pue4CaMBmVSPEAet8

Transfer 1 tokens
  Sender: 32eEYiSuwzdd9aUsxdJ6SK4HBMJpbYLPGK1zbJedpWjU
  Recipient: Hp1MvurGGDd7xA8zEdntreKcM2opJX5qD1WAApagZDfH
  Recipient associated token account: HHBxHvdPF8LYRmdhU3AqCVcsDCdJ86mn5WP8UqEiXQwu
  Funding recipient: HHBxHvdPF8LYRmdhU3AqCVcsDCdJ86mn5WP8UqEiXQwu (0.00203928 SOL)

Signature: 5FFS3N3Tg2wne1SksVu66MdwvxCzjZ9iiyvBShhnDfMSFbFZfUZqwQnK8R1XjuQTgKt7r974pG7WFzRvHwTP535R

Transfer 1 tokens
  Sender: FpBrJBRB3x1RgEvF7TVbpFxBjx68QiGsjBjpQKRff8Lu
  Recipient: 3p34SKwZuMYk2KX68wedR46QXxzcS2Xm6GtxXHEh4bQc
  Recipient associated token account: Ffd7KvSX2pPtrPtS75uiLLLTTyB5NUYHeq6Vsp5sqphZ
  Funding recipient: Ffd7KvSX2pPtrPtS75uiLLLTTyB5NUYHeq6Vsp5sqphZ (0.00203928 SOL)

Signature: 2X8hq9qtRnKrHzgNhB9CiNrNaatM4SAmmZHRGpsKXSSfXhVGBfzy95X9qBYDTQaBV5UUDuy9gugD4Nc13zyYMLPA

Transfer 1 tokens
  Sender: 4HCKLZWbaCiFDmY4bJ42qPnXk53uoJsHfixheX6q6gX3
  Recipient: DajLww9JAzbHx6VNacZZWYKQfUukB9bibGRcwwHs7e3P
  Recipient associated token account: EZek3LJNxjh3zXyxADT8Fqz5Yf7uR6fS6WrHuSzGk9Bb
  Funding recipient: EZek3LJNxjh3zXyxADT8Fqz5Yf7uR6fS6WrHuSzGk9Bb (0.00203928 SOL)

Signature: VcueA4Jh69vpFHLLHSfY6LcQY3m6cmHqDt6BzqQMEPs2nr6aZrxSA8gdD76sCSNDh8UEo4dbT973wdDLnP9qBmg

Transfer 1 tokens
  Sender: 2StP3Py3PVhNYqZgGW3oUm5iTXwpbXaHsQKb6X2RzGCi
  Recipient: Poc3F21LL6fiHG1Eg9StxqHcLQ9BYreAhzXfRjY2Am7
  Recipient associated token account: 2vLEqhWXAHbu7Gc9LTcc5hXXsvG34ABPipKw6dZb8ELG
  Funding recipient: 2vLEqhWXAHbu7Gc9LTcc5hXXsvG34ABPipKw6dZb8ELG (0.00203928 SOL)

Signature: 2EWMzHVqgtHiu629nMBP54n3eBVfdgN7dfxUtuhVRzpw8mH4tegRYVVAUCr893t2vpZT2qBXZGwbpiqNz41YUfhx

Transfer 1 tokens
  Sender: E6ZgBqZncbRN86myFqBou3R3tbozisTLtudFZMSney1R
  Recipient: 3DSA8zcbFgZLRvzpyDhs9zaHjYaZpfVhYyeubaukcHsj
  Recipient associated token account: EPLqgZDTcCAEnbtxrNEFG7xreA4BXniUXDzNJyKae3wz
  Funding recipient: EPLqgZDTcCAEnbtxrNEFG7xreA4BXniUXDzNJyKae3wz (0.00203928 SOL)

Signature: UT3P7nV23QrAiGi4wMML1wuZ33UsQqyKeLdCqZBF32EN8Q5KoeZXbQoRA3ANYpRCS8unBwUHT4f5Wrvh6j6heN5

Transfer 1 tokens
  Sender: E4TZJLBhwR5MPB9XaWrTjZAoHx4Jt3BMNiqRtBAnsyun
  Recipient: BVFTQzEas8kMPkcugksaTTuLnQJ8ESxtLryk4ngdyvjU
  Recipient associated token account: 7bdyxoTTXdcw9n5JKdZKSJWfxmMdN5M8ns2UQ5icvnUW
  Funding recipient: 7bdyxoTTXdcw9n5JKdZKSJWfxmMdN5M8ns2UQ5icvnUW (0.00203928 SOL)

Signature: 3zViFoUARYLNCppNALBUHQzffaKBrcpnCwf95YWYuyZrWNiE8Rz295eELmAp3rpbZFQJGkjx7KmJhHMJ6kB1iPgz

Transfer 1 tokens
  Sender: 4PnvBPYseJecfEmLG2vmBfiMLkW6dFdpvGwkkkZftiH7
  Recipient: AgPhAsvcwPfT8bcAQxfyvymHdS9enkCzHDZP67ihS5YM
  Recipient associated token account: mJC6pNShdSzyNr1W7NikZi19TotZBZoz24TZmG6ucRP
  Funding recipient: mJC6pNShdSzyNr1W7NikZi19TotZBZoz24TZmG6ucRP (0.00203928 SOL)

Signature: 3FDxERztEFAiya9YunnKHDmrwML9pAYaJvkMJzapSUY7nvKTbhbePuMSmHtgDhQdJ6vypwkGQQEUC1DJHkSEDfoq

Transfer 1 tokens
  Sender: BfMCtbzeG3MYcvWY3PXkhgsBeuwHrBEp9S6Jf3VDUE1o
  Recipient: 6dm86x4LHSBLR9WLUkjUHP27A5uJRwgp5Z5bVVCWeM9K
  Recipient associated token account: ES2XYYsDb1ZV6YUxyfcRta4SQSgZXA7fEPby1zMgU5gJ
  Funding recipient: ES2XYYsDb1ZV6YUxyfcRta4SQSgZXA7fEPby1zMgU5gJ (0.00203928 SOL)

Signature: 4iDvFpDFGyE9TMv24fnCeN5DnefgLQ1xUnekeHDySrnFBt3FPo51QPFweUuy5T67e1VdNF8k6mjxPQLc29YaDxZu

Transfer 1 tokens
  Sender: 4VZZsZw5pzuLELJ7kEDPF5pszmV24ADTjii9EpCBD2Mc
  Recipient: 2vhNMJt9fhQs7f9YQubaS1MpCuUdx9o8zTwqxzkfcLof
  Recipient associated token account: 2tkxyo7F6TSfY5cNX77FMtmV391RRskoMJrDps86tp9f
  Funding recipient: 2tkxyo7F6TSfY5cNX77FMtmV391RRskoMJrDps86tp9f (0.00203928 SOL)

Signature: 2nX7GwpFQGoD2N8dRPAcFSkSktNtWdPoQQtJDCcuze2XVVGDKSMAeBsqbVfUDakgKqJQqepExBHpsWFefNLvRyDz

Transfer 1 tokens
  Sender: 9JyEEvV9VJorucUc6FBVQMqyEWiCQ9oGqMdep3Y1Mdoy
  Recipient: 92te5L7auEkufyjTFnFNEe5pdWGoGM4FSdjkzMBoH8ZV
  Recipient associated token account: 7jRx21Hx3CBVNnZg7PdvaUQkBMb7J18eoNL2bfNPNsYD
  Funding recipient: 7jRx21Hx3CBVNnZg7PdvaUQkBMb7J18eoNL2bfNPNsYD (0.00203928 SOL)

Signature: 2dsGLKfKzbi2u51FDc6kutGxGumA7NNejScbQqc1LDeH9WBHtLw79o2fzG1YwAupMDLY5pZisyoTs1Myt88dFV9r

Transfer 1 tokens
  Sender: GdegAq5H9SDmnKUGXSWYvhauPExAa514xUgc33t5jokH
  Recipient: C6DPcuuMb8xBgAbFeygPufoy53DVRYNMQLzxeBLEVXcZ
  Recipient associated token account: EM4qJZrQzY855NL8g2Kc6dHUqPuYXGKq1ky6jfHFCN4n
  Funding recipient: EM4qJZrQzY855NL8g2Kc6dHUqPuYXGKq1ky6jfHFCN4n (0.00203928 SOL)

Signature: 4U81be298uHmQo9V4y2KCLrGBrThZkrJHWqVm8pcfhTeqCirTEBR51nS5twnVPobaUvMPNqqc4HmVZmLfcZFZy3L

Transfer 1 tokens
  Sender: BJa92csABJHdUGxeEDRc4nPxNzGdaZWY1g2cEVSigdz
  Recipient: 8AP3sZ8uF1vbzvhXNf5T17uc39Ni6icAgzvrHgvcRKNA
  Recipient associated token account: A8ai4vyxF3T1qMaCvyGH4rAaKTXmWmMRe9ke1yhCC9BH
  Funding recipient: A8ai4vyxF3T1qMaCvyGH4rAaKTXmWmMRe9ke1yhCC9BH (0.00203928 SOL)

Signature: VhCDzcK19V4fpCm5L4qWKSvH8rCZpekBDSt9uxd6BbxWNf97nEyEQc7PE3ZNiRL5rosxTNKo2u9hwysZjT6msqu

Transfer 1 tokens
  Sender: 4SkhUkBbkrMp2Wy2vPjBh3TyCyo5Do7rocknjuXV9p6K
  Recipient: 51oET2dy4vCmZ1JMGYR9hbsvsLng1vcLD6z2AZp1uq1j
  Recipient associated token account: BuVeEbWcQHm18nj5dW1nWZjHyaLXSStX9G9Suhdy5SqY
  Funding recipient: BuVeEbWcQHm18nj5dW1nWZjHyaLXSStX9G9Suhdy5SqY (0.00203928 SOL)

Signature: 5XZCcdsQGFRtayT1b5BbzuwmmPaqPEjAXzUQKSBskiirfLnJjzF7koa7vVMkN6NHz8p7rSwWQr2jAQkcudeg2aHL

Transfer 1 tokens
  Sender: 3pcyiB7qi9pufivAHDHpMuckqadnzfq5BjMfW4mdrirz
  Recipient: 3irh8T6rYc8yrwn5YVd3vKYTLaXHsLFJah9zp8GJT7gB
  Recipient associated token account: FGfqTpCWyFTPYhCLJpBAu55okpet3zUQAmRsxA7nrGj2
  Funding recipient: FGfqTpCWyFTPYhCLJpBAu55okpet3zUQAmRsxA7nrGj2 (0.00203928 SOL)

Signature: 3HZEpwMxdA5KikRjDDDrwnFKavWvycsgW4oJ7uM9iC9w6tMx1x5kF64vpq9JHu8NtLBryvdkFvwp3ZxXQ3F5hp1o

Transfer 1 tokens
  Sender: 4jTdfD1E54kBWFpSLFkdJLc4MuhJyWa8a5TX2XfedcTd
  Recipient: 63v9R24nrAM95WYcYhZjJpYchudhANCDUUwgrqnrzGF7
  Recipient associated token account: J3ui3ZgD1hUAvZ7RTgHTb819T8gULBzRc5fJvJ9kxnc5
  Funding recipient: J3ui3ZgD1hUAvZ7RTgHTb819T8gULBzRc5fJvJ9kxnc5 (0.00203928 SOL)

Signature: qTfZ1qgmYPQaWDZoegdYyACeYgsdXwidV4A1ZXdcwwFCN3pTPLz1sCHotNASo1JxoWy5FDv5hiJh4PFbNZo1Lw7

Transfer 1 tokens
  Sender: BZJx8YmxqUo6YSGnvyxjKoAANc2F8MFT5g89x4ThKaeb
  Recipient: 7Utjn9SDMwnHV56hqvi9TwoEPTvPG839oBLQxuMwVZdX
  Recipient associated token account: Dn8vRdum3joAM5c9M2vZJRGrSmN6YUHHMfktD5f2bKDg
  Funding recipient: Dn8vRdum3joAM5c9M2vZJRGrSmN6YUHHMfktD5f2bKDg (0.00203928 SOL)

Signature: 3n6XtShyB4XAXv1AX82JMVR8Ehaoswe7prGfMttUbRRi7S2R2tZJMXA7fG2hLSou8hH8Mt5nzKpr9xw9F1PrFWc7

Transfer 1 tokens
  Sender: 3SiVmhr93cWWm1j3LTxybTWyfBWQ5krnHtG4dP6PdrtF
  Recipient: GBc21R5emFJZx9TsNhNm9r8hYGhSodknuEh4F32xub7Y
  Recipient associated token account: 76etG8cs2Tue45tdmW1kmD4eXua11PKMuuKhPPioCwk9
  Funding recipient: 76etG8cs2Tue45tdmW1kmD4eXua11PKMuuKhPPioCwk9 (0.00203928 SOL)

Signature: 41a7YNPaQLKT8bciCndi9Di7YX3SxGNHk4DXQxjTQ8r9UuCs4s1mdgehFGgUjLd3iWtVXgkRrh3kpkk3qJ73re17

Transfer 1 tokens
  Sender: 9fQcbaJ6kNNVDkAT6iLmDaZXMASjfbCaaJ9bp5XHNvQW
  Recipient: Xd7QR72dCcnxQ8e6M98Cko6aMdebTVuEAQqtFDzuAKo
  Recipient associated token account: DiYmueJJF4DNhErEQzXXjMLJP7dzgayTnYtYLdbo56B1
  Funding recipient: DiYmueJJF4DNhErEQzXXjMLJP7dzgayTnYtYLdbo56B1 (0.00203928 SOL)

Signature: 2ZTvQDmZss4ChhgSnnYYb4CRAiHBm4d4eK6wbyEt1LhLZ7iKW3fYMj3TnB3pDtuVKGizpKGYhcFrioFjWXbsoJEZ

Transfer 1 tokens
  Sender: EJ7s8bw4DeYHAzupMqueJQrJsDoVBj6PCezSPriwjTYy
  Recipient: DnnorzRjfuUDJrqoxdBDzVUBdTNakUdMCaYWDJDLgNSs
  Recipient associated token account: AwgdLidmatkjKQ1iZJtZ1iqHjZDWJEuvJnziQw8anCLU
  Funding recipient: AwgdLidmatkjKQ1iZJtZ1iqHjZDWJEuvJnziQw8anCLU (0.00203928 SOL)

Signature: 3XFgyK6VR6RpGexyFtiUDzfrujZSbwsTNJ72LhJtE5jcuWJP2dgKvCCirz9S1MgSZ8ZB4Hz3DpVTWr6VSBEjBmxH

Transfer 1 tokens
  Sender: DdWNPWw5ACnoS7FwY58E7qxUXJgK4RTZTRGEYZicHdGC
  Recipient: 3zn3fqbT7pajfoLp26cNBkbmvQisBcLUYHLV5FssEpLa
  Recipient associated token account: BfrS3EbgaRx8EeyhMnL35GsQQiBGCiXgRFQ8T8n9hs1p
  Funding recipient: BfrS3EbgaRx8EeyhMnL35GsQQiBGCiXgRFQ8T8n9hs1p (0.00203928 SOL)

Signature: 4a9Mu5p4EUib7raDdAUzr11tzdrJMU33zz8QTDvtrkktw5ifRbZQQktVTKEq178F5t8SnyWUKrBsGAvjNeTKWVwm

Transfer 1 tokens
  Sender: BXVmRk8jTjuZp4tnzSg8U9G1aH6ZmXUCh8otiQDHGaPH
  Recipient: 6ykYU3fWNQnoNunJKDLSVSZWCMPoajoE8EVNzKCYs9qT
  Recipient associated token account: 29e9JWwAjvzhCkHA61hU96VMeFwmLruQY85BcnWQHWF3
  Funding recipient: 29e9JWwAjvzhCkHA61hU96VMeFwmLruQY85BcnWQHWF3 (0.00203928 SOL)

Signature: 4teL25iZ2FS4jD1LWKKSNAtjrzWadwb8zPK9EujuNqu6ZZ5ya4asp9zaim1uTPFdgrg6kA7XpJz8r7HCQv5Uy6Ma

Transfer 1 tokens
  Sender: KvPWLAJzisUrYLr9d71rsi6ZYGp7ztWEHRch5qKSiZK
  Recipient: GgZbQhys91T7bwVrnRSpzK1DCnzAjcM42ZtSs8PC1B28
  Recipient associated token account: GypSPkKhrcD6WYyouqZhwCNFBB9Pbd1vX1g5ogBck55x
  Funding recipient: GypSPkKhrcD6WYyouqZhwCNFBB9Pbd1vX1g5ogBck55x (0.00203928 SOL)

Signature: 63duV9itfTSrY35RoLDja7RhFwhBpdmunNwJTHecer26GRcDMnQCwWqqZJAPLApB8NSFRHKy66tFxJCjh4wRYkd3

Transfer 1 tokens
  Sender: 6ueVww3HmjKWTJF7RDeYzQuu4d6Lynsj1eHpuhs5VxKg
  Recipient: 9nF2vqusHupTTNgw3quL4f3jorvPdJ8VBPv3Uw1xt3Mv
  Recipient associated token account: EkCCHesWm8zFyokmaAaMRMMK7U9yLNgnKjLT41SBnanw
  Funding recipient: EkCCHesWm8zFyokmaAaMRMMK7U9yLNgnKjLT41SBnanw (0.00203928 SOL)

Signature: 5a2J37ggv2nDrwqVr12umT1u6c3z4YqqXAJwk1uJGFzsVk3Z36tRQ4QqQreLFQJrBgj1WAJ8s8hBEChCcrAE6yrQ

Transfer 1 tokens
  Sender: 3UQzkxib1A255WdyMtwjqNTS8sGyA8ypkaEhpJUL24d7
  Recipient: 51oET2dy4vCmZ1JMGYR9hbsvsLng1vcLD6z2AZp1uq1j
  Recipient associated token account: 6g3sgarnZ5v1wrQxK2Tid5i14Yc9tqnuZzY9AWEVTgda
  Funding recipient: 6g3sgarnZ5v1wrQxK2Tid5i14Yc9tqnuZzY9AWEVTgda (0.00203928 SOL)

Signature: 481eTKEFquBezHGdDKCWGcE7RauYPPb9KtNjddQ8ebZnakhoYVLc7PAgDpmof3xNkc1akuDDDRH1VjnCzGukRCN

Transfer 1 tokens
  Sender: GSoZPCuDK9AdBvMRiBXNq1FKDA7mFBzokNvhWvjyvyxM
  Recipient: AzmgakTxLAutgbcNkxi3S4M6MvuZvwcrzMc43ErMFk4h
  Recipient associated token account: 7Eos1QSimhMs93K12Zx5dRu14hHGEEEn6dQimCeoopr9
  Funding recipient: 7Eos1QSimhMs93K12Zx5dRu14hHGEEEn6dQimCeoopr9 (0.00203928 SOL)

Signature: 2cqtteoDn3J2tTwXUmnsmP9ByU97N3KDcBQgcYrKwLq5kKpKQLRvq8vjFqofPNECXVUUBEp3DVZDCSFBCW5nognP

Transfer 1 tokens
  Sender: 88khNqFNvqEwvRCBXbQ1QBZ5okZzuXHpAhrGBGv4JnFj
  Recipient: RTY7RjhPpDabh6ky8mQudWxWH9XLZLCRPAj2CqRN21r
  Recipient associated token account: 7noVmhgqTekMWnnF8sYhLgjUY5G6Qu4T8xShEueofi7C
  Funding recipient: 7noVmhgqTekMWnnF8sYhLgjUY5G6Qu4T8xShEueofi7C (0.00203928 SOL)

Signature: 59UGYcxDFpUi4usWFQg1VHYnT1DAG9kNySr2Nmq4Psx7pyTxF9ZzAaegqoAjjNNhrGjkRorWoXgnKooDeSxyoUQv

Transfer 1 tokens
  Sender: FcvCfJmwH7LTTaCyBvK7X25TMQHPMrZFpGkEG6XArykc
  Recipient: 2R7YvqNHJA69sSVxhroZvB5hkohw7DqUM7PW6nPVq6WT
  Recipient associated token account: DQJsm1EEGoCE3KUZAEaAshFLGZrKJ7wTKqanUjQmt49S
  Funding recipient: DQJsm1EEGoCE3KUZAEaAshFLGZrKJ7wTKqanUjQmt49S (0.00203928 SOL)

Signature: 5tJk8VGzQddrLsMHtcRedRyU9nNNe8WVCXYssRBVmxKVvVWJTda7cp5s1KUEoPRg9LUM8WSMcU7FUz1b96p69KFk

Transfer 1 tokens
  Sender: 9GzxnwFp57DQTRrpFgLo4vvbF81qqUqeRDEM42Q8Si3f
  Recipient: Csj6f7W2jdSJhGN87QSn9mzwfgkrHUcCRijgL471o2sQ
  Recipient associated token account: CwoRZN8hm8RGFqh9hKDS4woDWdh8Pbfa1iKptKpcn335
  Funding recipient: CwoRZN8hm8RGFqh9hKDS4woDWdh8Pbfa1iKptKpcn335 (0.00203928 SOL)

Signature: 2Thap3EdJiRNLhybjsEZcacLZMUKM75GCM5GNzgRWsXgV3vDZCanzpX2J7ky5ZtKoeZGZDr3x6XcVKsg5TuENF5E

Transfer 1 tokens
  Sender: o7dK8Lj8UbXQF9GFxyo7sGgiXk8ioG8pdXSEHysbsNk
  Recipient: 4H389fKsqzX1vHGDrtWDLUKLkcmMi4aJsA7srHwZto5r
  Recipient associated token account: 2h1nF5YQCMUgX7otcStENPkUaDrQADYfG7F2BqZD9Pzm
  Funding recipient: 2h1nF5YQCMUgX7otcStENPkUaDrQADYfG7F2BqZD9Pzm (0.00203928 SOL)

Signature: 2SBj54yampBrUoa8pS5PGBJKu3Nexmqf1LJvk3BPr5Y2WiL1MRgC4HbsroSYaPPv5f18nZcWp66LqpDG5Vg1hknd

Transfer 1 tokens
  Sender: 349E4B98KvwE9S5noUFRVeGHS9X2arPJUt24wVt2MJxd
  Recipient: E7zW6jXSsADmZgAnmVkRzA3cMLpUR5RyVGwjDK7GrgxK
  Recipient associated token account: 7Vpm1aQ8ZvtBRMS9pXzfe813YtiPjaJky8PALxBv437t
  Funding recipient: 7Vpm1aQ8ZvtBRMS9pXzfe813YtiPjaJky8PALxBv437t (0.00203928 SOL)

Signature: Cm6z48X48U85nngSUtJ1oWgUs7J3rZHSxcXGiZ8TLPzsL3UaSaqqhK8uQFELsSG4UpThsik96Z9rXgYgfZmwzND

Transfer 1 tokens
  Sender: EvzecsmwHa495GTxziQMyn7QU6P2YxyqiNYHqqRGGNyk
  Recipient: Cm8cYtgtfyULCzisqUnMg68aqqi12PGZScouQfJRfrG3
  Recipient associated token account: 5Bg76Ftb1P4rWvudv7r1BpGWGTgWxA9VrMPMr1QC4fHn
  Funding recipient: 5Bg76Ftb1P4rWvudv7r1BpGWGTgWxA9VrMPMr1QC4fHn (0.00203928 SOL)

Signature: 3byQfr1D1NrmjGK1EyyeJPhSmHk6zRDbPwGu1jbW6evkSm7MBvsiKsrbV596K3acWz4WKtew5eKnX2Kd4iR3tYbR

Transfer 1 tokens
  Sender: 5fXwYrqsEw1VbFWfWQr19XUiA1xdUsTuUL5pmAAiMwzd
  Recipient: 47ZJRamq2rvTVxcFQFs2499ixJcmSXCKgb5FRnifYNsK
  Recipient associated token account: g27ZoAmTQQVC36pBTzjY6CLH55tWsHBZxP7UjBugTvH
  Funding recipient: g27ZoAmTQQVC36pBTzjY6CLH55tWsHBZxP7UjBugTvH (0.00203928 SOL)

Signature: 3te7KZ1Jo6vAPp97FGzResgq3zV9psD5QTfBcAZy8GmHvoZZA8n9ohPoEHET7xB8xHT4AHoEENMHzRXK9n3WdDie

Transfer 1 tokens
  Sender: 46vFGfDb8KQ1cVN9i1zE2mdKdeUMi8cMzegBw91Amv6y
  Recipient: EzFmEHFgkNa38kcnWSaVy6FDP24xvWHTisRUjLD5aMLH
  Recipient associated token account: J3YcBzZqLHutbN8Bn3ifQp3cEQDrzfMY2eKQkGdsWPza
  Funding recipient: J3YcBzZqLHutbN8Bn3ifQp3cEQDrzfMY2eKQkGdsWPza (0.00203928 SOL)

Signature: 5xxTWqtFEANh84tgLc6YThHm3g18Ji8zmscob4PQU9QcX8ptfdmWtbuqG5fRJ2wEECv8A6C5hMtUuYkUZnBTUEJ4

Transfer 1 tokens
  Sender: F8rGrNVXqYvcJCJQRAPuRXgX7stoYHbd1RiFdr9KWhv
  Recipient: 8eqvPBG3bHFpRfHCxKi7UBPcxUopXyhDMEH9r3Fg9QcX
  Recipient associated token account: 7SAZZePWKJPF1p3rsbVFcbrGn39tDSfgWLYjyMGvey21
  Funding recipient: 7SAZZePWKJPF1p3rsbVFcbrGn39tDSfgWLYjyMGvey21 (0.00203928 SOL)

Signature: 2pHeWdFgiA83SWnAtMa6YB8cJHqSpe7QzT4y79FGCUdTmiDTkAuVipANvLY8SEr4nF4LRZMBhEEQA3K1knPavJHq

Transfer 1 tokens
  Sender: 2yVfXTKUS1qQeeY9jpe4E3Ard9RARMrwk4NrZDuyCMoK
  Recipient: C91QVSPebG5w5SP8Wg97bqfnnNfG6j9QDuTFC5EM25jz
  Recipient associated token account: 8S9ZmPUyfiyfFVzRfTNESGwRnbhHYchF8iL3JwQ92rsf
  Funding recipient: 8S9ZmPUyfiyfFVzRfTNESGwRnbhHYchF8iL3JwQ92rsf (0.00203928 SOL)

Signature: 3c2GYGGMR93PCxc8q2teCAnqaVBMFAV6aNNsHYkCB34Tg3e9oNUFGT2sSHH1q8ae7H6FkwgzFxjWZ9RtNuY3crHL

Transfer 1 tokens
  Sender: 6pjnMW1C4JC7HKH3Bhsogvasyhck2jzmSwt6hrvGHH6a
  Recipient: EWC6ESChdBqExhp96XPMLXR65pXP6Ftuh1pPAVws4pmk
  Recipient associated token account: 4zjrrk1WgUKVdwoWmfrCc7YPDJXgJwcVQhG6GsjVKTX2
  Funding recipient: 4zjrrk1WgUKVdwoWmfrCc7YPDJXgJwcVQhG6GsjVKTX2 (0.00203928 SOL)

Signature: 5ydL4SPZtNaUqB7xvhbcKMveAhnVpkZCney2QF8m5DmtbEfY8qrW4dbJqUzJAvkuKoQW333rFrJNT7AfERezw9Um

Transfer 1 tokens
  Sender: FhMUx9PAg2P1v1C59qrz8jJraQ5go867psNgpp1StiBq
  Recipient: 91briqxf1kWBeVfqGvcytwm2omo6CEDCpeSF6NwFx2w8
  Recipient associated token account: 8xpYyZmTFSK2tNZ6gVMiuq2eEVg2c8f5ccHNujEPM2Ci
  Funding recipient: 8xpYyZmTFSK2tNZ6gVMiuq2eEVg2c8f5ccHNujEPM2Ci (0.00203928 SOL)

Signature: 2PX3N2aUcVYFxhiDMmgFCb1sHReMorsNoVJQC3665ehfqnQHg1g46bEXuauTPLgiEDC6RoCrpCJ1wQ9GapzVd5dD

Transfer 1 tokens
  Sender: 9t7KK3wnAAis6A1QijDDKavd2sQzW8Um41R66XidccgU
  Recipient: 7LgReb5k1eUi6zarzMs3VWDJXD7231m4C2EsEstfdXCg
  Recipient associated token account: H7zNRYNMYEmFfpc59LHgoTB2CRyHV4z8M1koPkxWxf5T
  Funding recipient: H7zNRYNMYEmFfpc59LHgoTB2CRyHV4z8M1koPkxWxf5T (0.00203928 SOL)

Signature: 4Zncx9sC3c447Wo4S4KerzHw8SvgTQEpmwmEwPt5iXmkityVJieeqzW11S9ENNPhFLswWbjKEFdQqRtbQTBpdhGk

Transfer 1 tokens
  Sender: Hdagpi4MJAUDgbrTzcKhZU8QqakRJfZ4nXqiDW358NxV
  Recipient: 9v9D9kvePLBANY4Zx2PUzn75dHuQMMMcs7mZLYy3gMaF
  Recipient associated token account: F7PVey9YQjrZhs2FBHHy6gF8GLsVnbxzefcC6rcQqku
  Funding recipient: F7PVey9YQjrZhs2FBHHy6gF8GLsVnbxzefcC6rcQqku (0.00203928 SOL)

Signature: BRK5Ucbihrc3ZRqCDDfLR39HNkZZXKHix47iZuVehywyiNFq9NaqU4kiRu3zWyC62zQzDxeZpLmF4Ty3LdX2rkV

Transfer 1 tokens
  Sender: HMQMsmAEhi3NpXGd9Yv9yojJmqvma26mV9jDxdXb8qUa
  Recipient: FCDUA2ZYG32s8hX8cjg5KtZg3Vq8GKQBxUjJwtJtGkKM
  Recipient associated token account: 2jdwX8RuAyhHoNiZM7Gf1uyXMSgxGs6df7Kf759cahWt
  Funding recipient: 2jdwX8RuAyhHoNiZM7Gf1uyXMSgxGs6df7Kf759cahWt (0.00203928 SOL)

Signature: 37cDw18Fs7D5giBUHvq2P8E7FmqjpS5KucPvktTGNvEoGXBPCXs3TSNSS9D14jfAuBRhCQdDz6SMc2F88EzJm9Gj

Transfer 1 tokens
  Sender: G59J41mLMnyHzB416up8ivCdb6t8QYXLsV2MNvifuQjG
  Recipient: 5Cfd1LqvqRJJEbrPAV8HswzThQka8KmmcLDEecjXJWs4
  Recipient associated token account: H4U14ayQTgDvpTdhhJ3zm4k2chvzfq13dQGkHbg5hR2p
  Funding recipient: H4U14ayQTgDvpTdhhJ3zm4k2chvzfq13dQGkHbg5hR2p (0.00203928 SOL)

Signature: 2H3PhSvbBTdToorvcbtKAxQ8eGwimi36xz4aiETTGCJSWf3nqUT7Wmrx4e3hofWYbBFCQWK3YwkXKvPT1io4xzAp

Transfer 1 tokens
  Sender: cC1HXYGAcZHjPLmiXkXz5x2AHJ3V1MVvgc9rXZcWuTB
  Recipient: BEv2CyGCrqdViM17WKqTmnseHoPuAyspHGbTYN7AwxY1
  Recipient associated token account: ASBu6oVuhyJSrvH7D2raF6rVi1Doyrf43fg836y7BUNg
  Funding recipient: ASBu6oVuhyJSrvH7D2raF6rVi1Doyrf43fg836y7BUNg (0.00203928 SOL)

Signature: 5wmE7ABTeY4wesKkkmqejHMWpVHAB9YUJRrF9wRYRPgJUJwC6eMhEF8EW3cuQLMm58poYyHKLJ4kmCME6psVZwAk

Transfer 1 tokens
  Sender: FLcch9FbMDUy5W5oTBkLLVh74M75C7GMafjp7ZPjHJ89
  Recipient: Evt92DJQS2a7UNRJp75J6dFB2WkiZ2nPHHsLMXrDs8jr
  Recipient associated token account: 4erdw9WAjMBxd8UN4n6JBPAxR38ocvPVpsewnFBwooGi
  Funding recipient: 4erdw9WAjMBxd8UN4n6JBPAxR38ocvPVpsewnFBwooGi (0.00203928 SOL)

Signature: 47AiKMF3Vj5ndPsUWvwPryXmYoa4hgbSagLf4WQxEgR41TakR8VBYbPX6wzA7DJUQucMFpNV5V8aks5VZCk2rPet

Transfer 1 tokens
  Sender: 5DMHb92SjZnWWWVVLSvxgB2AmBEEyoho8gBr8k8YfiYz
  Recipient: AvNgWFBgFqHT8xX4SUjMCKy27Y2vgpp9SzWN6adtuTU6
  Recipient associated token account: 3fSXz17joYDE4ufVWz7ddGopQAwPNhzBLS842oxruzxK
  Funding recipient: 3fSXz17joYDE4ufVWz7ddGopQAwPNhzBLS842oxruzxK (0.00203928 SOL)

Signature: hNdoTajWxGmPYgVwJDVZVhsmafmBtCgxKVPRQNyRwRpAJCCNw7Q8A1kQjJnE5shmZYAEvDyXCJza1BCCaj9AVPs

Transfer 1 tokens
  Sender: GBsXt938qx7VWzFacUeawPV9dCQD8WeeSfQouhmuEnir
  Recipient: E4YnbxEMtg9988ogZrG2Bgmb5FhZk3eW7irwz29TpK8g
  Recipient associated token account: 325SGgPn6uTeXYGbp2UF6hig5mh1GxtiSPpdrpSyt44D
  Funding recipient: 325SGgPn6uTeXYGbp2UF6hig5mh1GxtiSPpdrpSyt44D (0.00203928 SOL)

Signature: RX2GXpVpHkeJXPzVYWpiUcZ7mgQihCS3jgjjxtTrr5WF54pkEhRXbsaoVEMkRN8jpfza6fyke5KgZVVHBvoPRtg

Transfer 1 tokens
  Sender: DPqcv2PfB8VKSeNn8Lq6XrkWStJpi2KCTA28KHFwB7si
  Recipient: DiS7bfj8zbcrNzS7XgTiqjh6L5hdWm5QL3x69EUbtwzk
  Recipient associated token account: GssZEQmHBSteFkathbWkA89WvwVNaTwAQgBYvsoZTkX3
  Funding recipient: GssZEQmHBSteFkathbWkA89WvwVNaTwAQgBYvsoZTkX3 (0.00203928 SOL)

Signature: xvJQJp4aZwTYSZzNF6jXgTaRsoAFFiHJhTbxyCtFKF2im5NV8WRvqby6hEi4cZtRjKxKDxzc1V4rDimx1fa4Kfa

Transfer 1 tokens
  Sender: HpJwab9w1Qgga6wXFBGbhpGYRC3ecYoq6AVVPAxmFnEX
  Recipient: BEtdCa3yus41qyVT9kDh4UfgWo2xtbaxpgYh49s7J5w7
  Recipient associated token account: ASmRzkYXPYQbjr58EkAAHUVukyNoNHMgq3DdyM9u4qSk
  Funding recipient: ASmRzkYXPYQbjr58EkAAHUVukyNoNHMgq3DdyM9u4qSk (0.00203928 SOL)

Signature: 4VMLsecyPDo5Qm8ndmsPz5DqpE2ZG6iQrXwwErVEkG72DXvwwq6eU1ygdTkLxqxCZYbppErkjExyWgRgUx7mWqmD

Transfer 1 tokens
  Sender: GvnJs5LWgzYFb8XyqUkHCnTRt6gGK1iCT8fDg5JSJvZi
  Recipient: 4jvJMGgLqwP25CE9NH3HhkQWrCjG3K7Uxr27szxokJJk
  Recipient associated token account: 6Vk8AEdNmL43eHFAJ3csZy4RPYMiY2KMxsjtksu5fKCG
  Funding recipient: 6Vk8AEdNmL43eHFAJ3csZy4RPYMiY2KMxsjtksu5fKCG (0.00203928 SOL)

Signature: 2fDa8s92qNQ8Z76GbiKTCPwXqtLczHAUPDRtzfZFfPKc1SwWPE2QV7VXLBoj3tXuR1Z8E9Hjn9zxUBLdeuorWxp

Transfer 1 tokens
  Sender: 3kBtX9MGSbbrnYoqaPAPQjYQJ6cWpeiZphw6qMwoR6kW
  Recipient: DajLww9JAzbHx6VNacZZWYKQfUukB9bibGRcwwHs7e3P
  Recipient associated token account: HwBUJzRZceEvKDuvbn1NvbacWjcWBU3hrnXKNdHimFRH
  Funding recipient: HwBUJzRZceEvKDuvbn1NvbacWjcWBU3hrnXKNdHimFRH (0.00203928 SOL)

Signature: 3u5MSyFy29VeYstRcEFujzCed2jpVEaXGjCDPSyc5v8AfD8kiG2Z4jRLYnjgxfJqQbVggXwHcr3GoMvntk3or6Uk

Transfer 1 tokens
  Sender: 94cCV3PSkrGRvpzJiJihGsfBBbvVt8nTzyzj68qQkXyw
  Recipient: FhUn3tXFN5JrPvkULt2xB6KR45ar4ok86RScN18C8PeU
  Recipient associated token account: 2x1xBd4A1eFkDKtGWGaqLTF438zyh1cmGcFJu7zh2Hkj
  Funding recipient: 2x1xBd4A1eFkDKtGWGaqLTF438zyh1cmGcFJu7zh2Hkj (0.00203928 SOL)

Signature: jEPmcFup8chGaKkXfPw51xTh7xS6rJiwnhXiA3Sr3byPhh9362nRn6N7ecrCPMeykXwBoJ2Z46hZxhDAb2B9xfs

Transfer 1 tokens
  Sender: B73ybUTvc7m9btGtJqJPgW5nJq8aoRVMku14FSwiAz6w
  Recipient: 54Mo68jPMSBhszCC8dUA8hJEpQxfjGFyCcTFGDJcTbvX
  Recipient associated token account: CygSVh48nYZbU4S9hcVLwedF9U9qjs4ZGnqRhcvebdUM
  Funding recipient: CygSVh48nYZbU4S9hcVLwedF9U9qjs4ZGnqRhcvebdUM (0.00203928 SOL)

Signature: 3ADhBbnseN2atnEv9LA2xAqwFh28cBbXzxJGzhaw8YygrKuzvT8Tpsj32PBUDhaZWWQ1M1e6zC8cFWY25aFV2vMd

Transfer 1 tokens
  Sender: 2hxE31eTJaKtjeYwTB4XT95LU2uCBXaGV6kQ5431Zgyk
  Recipient: AQ7GX3g2Q4QGYredpRUjycfLYNcpNnqLAtBFvoyNrBfj
  Recipient associated token account: DFqSdZ84pigVWpsHJc3xVi52fCqfK4VS3GkUPWQnBW3v
  Funding recipient: DFqSdZ84pigVWpsHJc3xVi52fCqfK4VS3GkUPWQnBW3v (0.00203928 SOL)

Signature: 4K9Mk5yjz4Qxs9mGMoPhXiXREG1Cc9HzwdS2mn765FCsK78CvTBTWTtihgSSWiNRKxigga4NQdrZfAxBM5RAKCPb

Transfer 1 tokens
  Sender: 5QRxHYuMkSi4Ng2LofRPBFkkUQrqmdoR8XU2LZNWbrYs
  Recipient: AcTz4LZcyNYapAKzSE7tuhU8PcvcaRSeMskQYNQzEagW
  Recipient associated token account: 6xKQEhCjaNgaQuUDuTnn7H7PjXLxncVc3ibz2zHARo1y
  Funding recipient: 6xKQEhCjaNgaQuUDuTnn7H7PjXLxncVc3ibz2zHARo1y (0.00203928 SOL)

Signature: 3pjr3vHeoyauPG3VChuxYzjFTbuQkwXKXGJd4M2zqujKxbQMwZzDPBfBfKe6dq6Eb7WfuPcJwah2CQrLbTvAx6q

Transfer 1 tokens
  Sender: AzVjpWbsEnGEzb4yvrxwsSTzJfxSUF7JrTsXvxDx4Vp5
  Recipient: 917wwwdLEmCBvyz5fhXmfjL1YBakvkJEiHEVqpTjQf9u
  Recipient associated token account: 7zLSMFqURoa4QhbMvGiJWK4j3bqq4GFdg3wcHos3m9Jf
  Funding recipient: 7zLSMFqURoa4QhbMvGiJWK4j3bqq4GFdg3wcHos3m9Jf (0.00203928 SOL)

Signature: 2x9v6DzdfYJB5fuRq3Uf5N2LpNASMuJg7KgvAiR2rV4EkNVd9E3mvJLk6PMtZYEYLvnkRfcwhbo8uYcqPp6Ms72A

Transfer 1 tokens
  Sender: 5enMGNwMaZ6akCZDw2bKcGUPqzWFgXYPQrLYnUqGE2x
  Recipient: 73tF8uN3BwVzUzwETv59WNAafuEBct2zTgYbYXLggQiU
  Recipient associated token account: Fgy5fNLd76sQYwgS6SQ8PLG3EY1D9yXNABMgwurXrq6L
  Funding recipient: Fgy5fNLd76sQYwgS6SQ8PLG3EY1D9yXNABMgwurXrq6L (0.00203928 SOL)

Signature: 45bSjt4fQKUguV1UNZm7vdLxWsvuLvbdu8tCEGZemqn4M8NzYHUtk1MHtgvA13LBK4uGnRSeJ2suV6on4uoWfpBd

Transfer 1 tokens
  Sender: BCMT2ghTyGxi3PAEaYzs1R8MZ9rjuCcCP9rmX63AMZv9
  Recipient: AsVDkXYh1HPRxJwpp671WVzM9GWffQPXteeoRrCibh4u
  Recipient associated token account: 2pDpgExxwULqubLs94sPsTTuungvQLCXTwicW8EpsNGg
  Funding recipient: 2pDpgExxwULqubLs94sPsTTuungvQLCXTwicW8EpsNGg (0.00203928 SOL)

Signature: 275yJawbvqUtuEaHvGLetiXzdvFiwyEhaRF2v61NPAJjTf9nFp9pPpErLjUqhafe6cAKdioP4k1uBX6qWzRsiTch

Transfer 1 tokens
  Sender: FaB3CgtQm18Y8wUHUhdxmD8rYfSrhkQ9XACEhNDurtKk
  Recipient: 6utXaBmMiR3WqXgkuaFU2EX4bHvUA2kC8cwdq5G1YeQG
  Recipient associated token account: 3im5GFxqFjyrbbYyu29WUf6D7Ub62YBCp81PhNydGqrW
  Funding recipient: 3im5GFxqFjyrbbYyu29WUf6D7Ub62YBCp81PhNydGqrW (0.00203928 SOL)

Signature: 2dxX9sMUw9Vfe42oN8NhuwxavddpyHPWk5rEbMdJCFZExJy5zTxgCYrJZJGRENq2BkttGRrPXZwMj5b2obbaE5jT

Transfer 1 tokens
  Sender: 2b2LWD5tnv7svGXzKmxG3ozxb2gqGiiBMMYwsLeBUyWU
  Recipient: 7HmXM4JeUzHW3oDr6RQBxnokuLo3QyD1opcb2LqV7Tpp
  Recipient associated token account: GqLr8VhvCiL91c4b61EBo6ts5JkXqt2622LWVpKRvPX
  Funding recipient: GqLr8VhvCiL91c4b61EBo6ts5JkXqt2622LWVpKRvPX (0.00203928 SOL)

Signature: 2cvciebmn1hFYgYt4VCvvHAWqxyEMrDqs9YearaWC3Pjq2araDdMqKwR8stdjMTde2TmMHrkaz61jpiTSXwnkCvs

Transfer 1 tokens
  Sender: 9VjtqqGGMesi5BKqH64CbCP8WCXnCxSXMFLFMzQtCPU5
  Recipient: AUD7LZq8d2U2xz59PZB5QpAMjjF47FKNpBPcZSK93dKt
  Recipient associated token account: 4BekQqcbQPtpJ4XuPpMQsxk6uAikXVmFpUDHyweMJMiR
  Funding recipient: 4BekQqcbQPtpJ4XuPpMQsxk6uAikXVmFpUDHyweMJMiR (0.00203928 SOL)

Signature: KZqqmpLXnpbevkrbxXjfyv7m5rS2TpmzA7wEVKiHcyPzKVD1LyTvKNZwgmmUzmJBc9roFRzSruJZMM7Kq7FRTTb

Transfer 1 tokens
  Sender: mvMkTpQ3gcLBK8YpbDeFougSMqvdAA5YvFKTiGty48Q
  Recipient: 9Pmvq7nXxCiHfosWBK8Hp4R6Un6jXZuaucj26NaC2bcp
  Recipient associated token account: 218KCpoz3gMiNZaq8kpNv2QUJKFk9gdgBUP6J3gmGP8k
  Funding recipient: 218KCpoz3gMiNZaq8kpNv2QUJKFk9gdgBUP6J3gmGP8k (0.00203928 SOL)

Signature: 5bxwGtFaKXxGjwJncSNVJytWL2iP4wUfcVbSZDichUFe3ifSmDqiyGCsnXZ3mPpKLnzzkhFLsLwwVEezyqMT3xuT

Transfer 1 tokens
  Sender: DeY9UpjarHAuamVQ78g4FCQa29AXgxp9Vu56xvh68tPR
  Recipient: DgNFH6uVQdn3rNzmF6chzJA9mE71x7gU8QiYZZMT3ewe
  Recipient associated token account: 2jvQkj17dNG6NAKvVvo4aTBYETHdB4C5sxT56yvy5khF
  Funding recipient: 2jvQkj17dNG6NAKvVvo4aTBYETHdB4C5sxT56yvy5khF (0.00203928 SOL)

Signature: XrEWchqqzV3AzvZmEqYpx6SWJbANGzoVyzCZw5uEBkevhDiXiZDUaEUyrQhU33UhB2HQkZ68ziFh8Qumr1Led8e

Transfer 1 tokens
  Sender: GjcEU1fj98HnQHquXca2XhgKfPu1EJojgoBEZDnYyi5d
  Recipient: F15rzk8R8DHeskM1CFsuDKQidbK3yCEE5fSyd3upevze
  Recipient associated token account: E87E29iiNPNYY5aQiQzVsBmDJZpJsff1xxdejVodpCZk
  Funding recipient: E87E29iiNPNYY5aQiQzVsBmDJZpJsff1xxdejVodpCZk (0.00203928 SOL)

Signature: 3DhpPxzDKASMBXnZ39f6nmeoYKVXRcmsLLK55Mtz9oPKAHQGhv99UBq9LvcTSRwZuZwiWQWe9vURYgq7mwzjbzkp

Transfer 1 tokens
  Sender: 4HRDKqtzLV8zwTwV3UW7FeVFAJGUNt5MsMyRz9gxH3Ht
  Recipient: Cm8cYtgtfyULCzisqUnMg68aqqi12PGZScouQfJRfrG3
  Recipient associated token account: EE5apQveoApgza4NFVfYCLpZpwom8j94d8QmkZCHUNUf
  Funding recipient: EE5apQveoApgza4NFVfYCLpZpwom8j94d8QmkZCHUNUf (0.00203928 SOL)

Signature: 5Em6rkQhhVtdPp2BdB5aMuYwr49Pkywi4NHVS92nAH3PdgGGdU14He1EbosnFpepGN68z59DTKFugmUqAdqnDyun

Transfer 1 tokens
  Sender: GYiMyZG2Bjev5q9VMYsnHbXrUDnCqGfMmNF1S5qYthoW
  Recipient: BVFTQzEas8kMPkcugksaTTuLnQJ8ESxtLryk4ngdyvjU
  Recipient associated token account: 9TfjDvLw3NDyq1GMkPwug1MHg3bTUNYUHd4cwoDT5unT
  Funding recipient: 9TfjDvLw3NDyq1GMkPwug1MHg3bTUNYUHd4cwoDT5unT (0.00203928 SOL)

Signature: 47UyJExUuKFtyRXpVPe5TtwYrZpTLhQPizuCMq2stUgxQWFde1dzc2vrkwQzKdYVhE9TTy2AHQydixFf8VHyupL2

Transfer 1 tokens
  Sender: FxgfYHv1QeF33UV77siE5GzZ1oxeZQEWtyvx1x6R1kYb
  Recipient: 4cKqqwoADnQVUAapaq1CrCwpBwbvCSohZPzB8aHooJjk
  Recipient associated token account: 9GaSgdSg9CJWTyE4imWKsGNujVg8LCanMSDfrPHo3hhp
  Funding recipient: 9GaSgdSg9CJWTyE4imWKsGNujVg8LCanMSDfrPHo3hhp (0.00203928 SOL)

Signature: 4nMtJuif9Rn5ftTY26orxuyLejkXByb9WagJP79WmuC1rjf8x6b8PyoJrUUA47oyzjRA7qLtLaXqoYxHJnSqaJYU

Transfer 1 tokens
  Sender: HNebMAQubXKyWXHCCqk5SJCgN6AFPMouw3dAjBjwV9Hd
  Recipient: DeBN7n921ikH4ttZgPtqFw11Fz98aJoK8EHQXJcuEtDT
  Recipient associated token account: 8JCiY4rNG3o2tGdwPk8o1ETUW8b7mbLzAnbCg9iGkPBo
  Funding recipient: 8JCiY4rNG3o2tGdwPk8o1ETUW8b7mbLzAnbCg9iGkPBo (0.00203928 SOL)

Signature: GHRaZaUy2MvSs8a55f1CPyqd5sPMdeVtxMW87Kgry6PKTR94hNGCNF9Sg1ryJ7uMjvTTjneMQMZ5GsBwFr79aWM

Transfer 1 tokens
  Sender: 5pjqXhf7zzdXRENE6Ny4c82XfHCAotqduBTQtSBkJx1D
  Recipient: BU9GQbSnXQcF59sm5VW5vM4QP138cM6s2vV4p4HhrDjY
  Recipient associated token account: 51493csjGuyxhcqe2t8r6ESsLzAJD5FjUF63e8YV1jL1
  Funding recipient: 51493csjGuyxhcqe2t8r6ESsLzAJD5FjUF63e8YV1jL1 (0.00203928 SOL)

Signature: 3bVxbcE4w6uYaMKhHkmsVq71Gcy4VqwhcZVCB3peiSBfYeDKegzwF66DcJPkMGWnT5Fzz2pCDVrgGgN4T5a1hBbG

Transfer 1 tokens
  Sender: DZ99tXEYZTvE76i8TvNYd6gxmnAWTkQu3xokyXLkXe3E
  Recipient: 4LBUPX7zfGzqdho666K4ueu9kipXkQFoCpNCYmQwdVmi
  Recipient associated token account: 6K6qNzCbVzxHHPWfQNaba4191S667m6dyTJmwrgioKjY
  Funding recipient: 6K6qNzCbVzxHHPWfQNaba4191S667m6dyTJmwrgioKjY (0.00203928 SOL)

Signature: 47FCiUHdii1B6PnK6Bvr2hrobfULeVyRTQtrQmkeXKhDCvgMPTFeskjVHh2hDYqXjrSWVEuK8WkQZwAgNzrr5LL4

Transfer 1 tokens
  Sender: CkjTQPZ8dYStkzhzBnRCV32c8pjfS3xft1tebR6BLVo1
  Recipient: GZ7dL3aqcVwynsidEqLTUnsHf3iK5wvNFsCEJZvoVXFe
  Recipient associated token account: 692f5XFptnL6Z57RVBeRPkCqP6wZW44RdRLMxKBYYuXv
  Funding recipient: 692f5XFptnL6Z57RVBeRPkCqP6wZW44RdRLMxKBYYuXv (0.00203928 SOL)

Signature: 3bn9s45BMYR9DXUaHCftT1MbbXEbHQUrZKhvo2uWkS7AdDm36jKWa3M6ETQtpN8Y28SQMh78E8gfgDMVtK7CgD8v

Transfer 1 tokens
  Sender: H8SsF7UcjXA6x9kPRRpnRNcvFnd6X88QedsiGCmdh61F
  Recipient: C5nhp8RwNNh6FZe9DcJnKNAnyMFDcFoBLsmeMnVKFpB2
  Recipient associated token account: 871ejwoiRNWd4q9Hycu7HMoqncro5zRgPSwqcnbh7wFm
  Funding recipient: 871ejwoiRNWd4q9Hycu7HMoqncro5zRgPSwqcnbh7wFm (0.00203928 SOL)

Signature: 24uEF36WtMopF9a1WJrAnQ5d5MVZpgsebWTEzBU9o1ApDnXRBtUtv8B11Nqe2dgeTcq4vJGM4C2BUEJ3YverNWMx

Transfer 1 tokens
  Sender: CgfGYK4asaLaZGvmVsyYz2rLEkSvb2K6WhgMK4U8VirZ
  Recipient: Haf9B2yxApBfzz37MLBed88UhyyAgTRKHoE2kNYNtdFs
  Recipient associated token account: 7aCma2Xagmauiny9WPbFhTMCd4kaJZPaPm5NEtfhBZc2
  Funding recipient: 7aCma2Xagmauiny9WPbFhTMCd4kaJZPaPm5NEtfhBZc2 (0.00203928 SOL)

Signature: 5aW5ZKoH9dgV8FTfgRjWhUg97mPbXtY4JD8AMvqCLKYteDGBii5acRC6dA7pbvLqF5z7DagaCAoAsh97Q4uEAH91

Transfer 1 tokens
  Sender: D3Cou9MfTJ5AZxHnueVRUXYsvvUEtYxVqU438BktGacs
  Recipient: 7RvtX4WGag5Ggy4oMtj2ni3oc9amEPmscdHLGvGQdZsh
  Recipient associated token account: 9EmG7k7Dv8tkAuZz7xzdr2JoMZckUgytJHSpAqjRdGhw
  Funding recipient: 9EmG7k7Dv8tkAuZz7xzdr2JoMZckUgytJHSpAqjRdGhw (0.00203928 SOL)

Signature: a6RRYtDAJNEn5VAEVkp2ezQ64ssmjDxPvG7YBeFi5q4kyWJFNx3zbu6Dy9pmPkXJfcSDnXPcuP4nvAkQJDJzodn

Transfer 1 tokens
  Sender: 8tXKKBhZJ4Wi2VexWwp6Mq8h5rctZ7n7z5LDWWow9Rst
  Recipient: 51oET2dy4vCmZ1JMGYR9hbsvsLng1vcLD6z2AZp1uq1j
  Recipient associated token account: 37PwPBGsX2PYLPrsxMUSegcqe8U6dSuqj7ZfvHqiEXBa
  Funding recipient: 37PwPBGsX2PYLPrsxMUSegcqe8U6dSuqj7ZfvHqiEXBa (0.00203928 SOL)

Signature: 4HphzPHhBd66yMZNyT81kw4UWFMqb5spVLMUoNn9ybDoWUJ1HkCDRXbxFWiA1gREySByCoPRLrrN2GprLCLzfPnS

Transfer 1 tokens
  Sender: AoK39uj3iUHyt7mciicSU2Lxf95kWfNy5yYR6xqncjoV
  Recipient: 4cUyDakNPeMEZtJPDJGNujWLGF1XNH7WbQnheUEfD2xX
  Recipient associated token account: 9iDvn8A8tonpUpxE5aBmrm9QWLqSxjgP7xuW2VZPKnfc
  Funding recipient: 9iDvn8A8tonpUpxE5aBmrm9QWLqSxjgP7xuW2VZPKnfc (0.00203928 SOL)

Signature: 4jbuYZ6fHyqUXuPtdK1SUhhV7qMoh3NCVf7A2Ex5UsFZrg2Z7d7WMm16v5idjXpnBXroseDvyxDJcYYEfoTaoweN

Transfer 1 tokens
  Sender: UFNUn1PcXsDeXC8x2STYWto4witvEby4eVuMKQ3fh9t
  Recipient: EWC6ESChdBqExhp96XPMLXR65pXP6Ftuh1pPAVws4pmk
  Recipient associated token account: Dm3Uvj8LhmszFqMAEXhhDq7UJnTFW3cqFVHAB9xwwCa5
  Funding recipient: Dm3Uvj8LhmszFqMAEXhhDq7UJnTFW3cqFVHAB9xwwCa5 (0.00203928 SOL)

Signature: 3j5Mo9MWvrBLNwhGCyKuCcTJPzepF6aRPtNANFmUW2GUYLfXW2cesZ35b3ufv8Swwqy3MHpfFqEWj1GjquMa5yzM

Transfer 1 tokens
  Sender: FTNdk17UQ7gPzkkhakydLcxwtcVfPRd6cVPAm7Ndon6P
  Recipient: EaxheQrBLdyj7TaWfrMa9X3ec7UFRhgm5B5t1LcETSrP
  Recipient associated token account: 2HXjehCWz4j1RpAKhps6yAVzKDVz66uwRYHxtP7PXHYc
  Funding recipient: 2HXjehCWz4j1RpAKhps6yAVzKDVz66uwRYHxtP7PXHYc (0.00203928 SOL)

Signature: iS9Y7SRPTo8FmFH4wxDUh5Nf73W4rJwWLPeGPD4jtLTid4nCwyagFiLWNA3eCPyXJPRcHqMvovJiu9FHVnsQBHd

Transfer 1 tokens
  Sender: 9FRtTks2Lepuh2EMrdEFGSntkzugCro72TM9WnFiVKsM
  Recipient: AEUto3eFWHLAmmVRq3Vo2fmHXwte525jQGG6D7pN4RRd
  Recipient associated token account: GUX5sLDXQUBVMz3EZQU86K7p3oKKCcnSWDRD8vdbQway
  Funding recipient: GUX5sLDXQUBVMz3EZQU86K7p3oKKCcnSWDRD8vdbQway (0.00203928 SOL)

Signature: 3WijVGN1utKW8hFkmGuJRi48cJtmEnD8RFr6tRwATnzDHetqG5WcuMDhUfxPdf8xXzXMCKNx3RYiDxCiGKtGFFqk

Transfer 1 tokens
  Sender: H8CxzbxmTnBR2raemJgWunpw4CErrv9uaXmeAJRtzXKV
  Recipient: EZsxgTx6JXqZS34sDynrFkKD1Q64Eve7AW8FjawFfovV
  Recipient associated token account: 63Fg1xNYw3TAHhnYPqVJrLNGcsYRURwEiXiks2uqEfwG
  Funding recipient: 63Fg1xNYw3TAHhnYPqVJrLNGcsYRURwEiXiks2uqEfwG (0.00203928 SOL)

Signature: 48DxcYYhGMGEpPEmaYyxNnuM1BoLz1rMLJbkJQRhWhcSQTANB2emcUYzvZVu8xwKC8saK4tjXdghC1tSYSPqojR3

Transfer 1 tokens
  Sender: J5pD7ccaHTGCqbp7kbz9gJ2HxHKHYrjZziVaXBUApt93
  Recipient: EQFh6gCBG5E8RfDaUKnVerJYmMDzpYq8rGm62UiX5XkH
  Recipient associated token account: 4mc3auXzFv6jMRA7mhDfPHjXpLGhAXEkdPk45376r4hi
  Funding recipient: 4mc3auXzFv6jMRA7mhDfPHjXpLGhAXEkdPk45376r4hi (0.00203928 SOL)

Signature: 5yAsck7bxuoanftM9RiftgmNaFmHf2iosXWhxbNiZmQJ6eqHoFjcpFoaFrg7zBNnyKxzZdiHv5Jzv7LmNeWAE2sM

Transfer 1 tokens
  Sender: 9SD19kARyncY8921tynirtkA5DtfXS1ztw8ARvyu8oqZ
  Recipient: B48b7Ycc7wQEfMmNvPAPr6CBaLkBPsBrAZZ3nAzdeeRN
  Recipient associated token account: HZSsPCAQ1ftk2aLSg5rGchAKZ3trfMq3wRsdUATmAtgw
  Funding recipient: HZSsPCAQ1ftk2aLSg5rGchAKZ3trfMq3wRsdUATmAtgw (0.00203928 SOL)

Signature: 5wKrCXpb9TvB8nejJih4edonqngecxUAr4wXcB9Z2xSM5QKFFptMusD5vPTak2vWjTPywCTvg3tjQmWfRKBubh5h

Transfer 1 tokens
  Sender: FT2NPG5VqbrCkERgCsknZurWwLfpGJochZhJ8iDaUx6g
  Recipient: 5BJiM83DNAJ3XBdRT2APqqy26HS7Q12EUXHjA5De2Ftw
  Recipient associated token account: CAFZgRvXGhgwRfEKaTNzhQC1Vr65hnRAUzJYWw5WNZtP
  Funding recipient: CAFZgRvXGhgwRfEKaTNzhQC1Vr65hnRAUzJYWw5WNZtP (0.00203928 SOL)

Signature: 2Ps2agjd5ZxrnjAhqvgE1bVBNyrLwmTKpUsEmcK4gSCQ9HXMQ9JdnYXuG6NVeb312j2iohmWmjyQnSHNcp4WFB37

Transfer 1 tokens
  Sender: 9UCa3vAFcWTjPmXNRLFw9UN5tkqXPSzmTcM58XUR1SDt
  Recipient: 33HAVVmo6MWGatz1c8xBdJ5ousatqAMWL53EDJnEWJAx
  Recipient associated token account: AFeYksBwBZbBx12nr3e9Wj2eRVWa2rrefvLrbixPbES8
  Funding recipient: AFeYksBwBZbBx12nr3e9Wj2eRVWa2rrefvLrbixPbES8 (0.00203928 SOL)

Signature: 4pVwEAj7MAZTTndVZSL1cqABx8AMfgbori6WzFwg36xPf6AStDnpRnANXrppjfqLs9ZaC8UEKz9A2bVHoke7tJ7F

Transfer 1 tokens
  Sender: 7KPKURzAfdNXAGvm8nbjCRP6rUcXWK9PDz5Ft3LgsWQg
  Recipient: CN73dyGHvhfN4djn8RQCDYein6xk1HTaAXaiKqHgrq1y
  Recipient associated token account: 31MdvVBvjxWCP9AfmoYjfSZFqVApfMmBRJvvAa8cAAyT
  Funding recipient: 31MdvVBvjxWCP9AfmoYjfSZFqVApfMmBRJvvAa8cAAyT (0.00203928 SOL)

Signature: 3gJEHUhPYr1PDXH3YFuyWprSZUADSGUJR8YGb7sPNr1Sp3meYte6hWydLaFCjLnQSHicXGWj44pNct6cwpR845Sc

Transfer 1 tokens
  Sender: 3AprgkhXWWAyaqQAZLUZ7jg6ALnfnAjjPEb33tD7Ywdv
  Recipient: BmRqW9GjkdKGREo4WuUrYKRgoEBgV6Zoz9KqxMnE3Z3L
  Recipient associated token account: BQbEABKrqQUph5BZLvAW57pnydCiknx94ehddxvhTX2D
  Funding recipient: BQbEABKrqQUph5BZLvAW57pnydCiknx94ehddxvhTX2D (0.00203928 SOL)

Signature: 28bKgFNXo6kmXGSTtS23hfV4X4yVZmfAJT4gg3uQTLgerx4Rq72NXeuFGu6NX2qkPdFnMbAomFwGqEjQGbGhdzGb

Transfer 1 tokens
  Sender: 5yxGnfSkCrYrkwPDhHs4cDL75wz62PkDT6L215aQC8sE
  Recipient: AJs8UqZ1vnmN3KyVXBfBkrDB2BLrSnNkwVbn9AE8QEhA
  Recipient associated token account: DCvq7pJBa26tHmG3KJt8XrQrdamSmYdsyv5x8KD78WsL
  Funding recipient: DCvq7pJBa26tHmG3KJt8XrQrdamSmYdsyv5x8KD78WsL (0.00203928 SOL)

Signature: 65TViewxu7UHo4niHSevcQXuhK9D7tEsvaYLAD7UFQRy7PcdZEekMbgX67CVqbRWkdBaBfSVJBhnX68q3cJ3bsKY

Transfer 1 tokens
  Sender: 4e4Tch91GSTQahMXiXu4pFLypH1j5WkS2bnwuRK54cKf
  Recipient: 4yTXqmm9m8WNJLzVu9mRxBPXXMY6wkAbzBYvwjAU3ZDt
  Recipient associated token account: 8GBc9bE31JSfdKJ4FafpDJMj1rrwSZLfs3ttbBGRiMmm
  Funding recipient: 8GBc9bE31JSfdKJ4FafpDJMj1rrwSZLfs3ttbBGRiMmm (0.00203928 SOL)

Signature: 5gC2kT8iA6RSbznnw4kCXA1o5UFhp1aSDgLLq3Kkg9vBQHBfdjN8QubHmxmj9M5EFPxvTCAKyqMD8fgm5eAXNtu9

Transfer 1 tokens
  Sender: BntjTmwkTtjCYN3u96bwF8pyMYgvrNG3FUvhkRSJjUWZ
  Recipient: GX1Vmx4AecReyK1QxMMkWhqzgGmNs9HUVPQkaDBTDvkK
  Recipient associated token account: BCsDEoH2RPQy3tgyQjVevvPXu6RvK4RqcNqhSRvMehQj
  Funding recipient: BCsDEoH2RPQy3tgyQjVevvPXu6RvK4RqcNqhSRvMehQj (0.00203928 SOL)

Signature: 5rnWGwRjqGw3hLCsgcseNhCV8yNdrMdXzQiNA2xY6EzxRypcfFfLCaBzpQjrGVgWYCt46jKsL4SbffF67uSKDHEs

Transfer 1 tokens
  Sender: 4oh1TxY2AjbP9zAPy2RSHFowHhEks53cQ3KskAMherQz
  Recipient: BVFTQzEas8kMPkcugksaTTuLnQJ8ESxtLryk4ngdyvjU
  Recipient associated token account: BUR4dMe86rgM1mkHjMdQcvnzM5zDppcRAB2E6CEn3GLH
  Funding recipient: BUR4dMe86rgM1mkHjMdQcvnzM5zDppcRAB2E6CEn3GLH (0.00203928 SOL)

Signature: 3tpoR3M9ySKLYdGdn58B4Rj8z9tRN3Fw1vP84PqX7KLdGGfAWPvEA4mzFpFAd4GS9DnxobjhnXgtFBJwYWXt4V51

Transfer 1 tokens
  Sender: GLVBL9y2GrBzEEQ1b3VRbScFkhY2aVXpLSAJKoUiQfj6
  Recipient: GPzFMtZMQNhjTsEXNDuWyWj8yKhMXp4RbPwwUBBXncyX
  Recipient associated token account: FCHtJjbqAiE3dNH5WftXb11nFd5z6at9aAMPzE1LYcyj
  Funding recipient: FCHtJjbqAiE3dNH5WftXb11nFd5z6at9aAMPzE1LYcyj (0.00203928 SOL)

Signature: 5dDv9iTT9FyfNNacMYiTobxgoMgj2K1py4CbWrZJYqchy7ADFDkqEcT4RwBRWyqraVt4adWPCBDF2bS3tfK9VN9f

Transfer 1 tokens
  Sender: FsPADN6NQpaAgHsfw1znLJuFGv4SJSgAmC9byb8mE1C9
  Recipient: A4wZ51JijJaf1deL5sXmEWe5hgU4TUWdupiFPuGkLxJy
  Recipient associated token account: DduyJzQeWKL86P5pNQiKCyhcezVgtHFe1Nnw2FEm1mv4
  Funding recipient: DduyJzQeWKL86P5pNQiKCyhcezVgtHFe1Nnw2FEm1mv4 (0.00203928 SOL)

Signature: 2paKdzhCywG4NFMLHJe4pxHr3aPtPuJXuWQh1UJCYaaTexmyvw9zCoMHu4iQEujL3NwYEpTL1tA5A1EVEwWkXScR

Transfer 1 tokens
  Sender: 4e5obL9hkhJm6XTxzHxJCo5wMi9q57nikCQCsRZ8YCfh
  Recipient: 73tF8uN3BwVzUzwETv59WNAafuEBct2zTgYbYXLggQiU
  Recipient associated token account: 6qFPEDQCTMAQ8XaC4Nfms6iJ8N5Nx3M7T6BWyyjDUJKA
  Funding recipient: 6qFPEDQCTMAQ8XaC4Nfms6iJ8N5Nx3M7T6BWyyjDUJKA (0.00203928 SOL)

Signature: 3Hv5kDUD7x5RyJCwZ6xvk6RM14ZCkwBCctDd3dvWDkNeA2kybibmfrNn3pyDP7VhM3BEj9TjgatNkuK1g5qPJiHQ

Transfer 1 tokens
  Sender: 3FY6Yz1R8oyMPgrM2vEBLSS86kS9PppnYhC2mWHjmUQ8
  Recipient: 5QtqzXJDQbbVZrrWJhWcEFMZpCkcEM4WqBJLbGiPTQy5
  Recipient associated token account: 3w276V83Pbnhyh9N9Vme7SdgAVc2ETGny5ny6biZqQG9
  Funding recipient: 3w276V83Pbnhyh9N9Vme7SdgAVc2ETGny5ny6biZqQG9 (0.00203928 SOL)

Signature: 3iRWnCn7tuJ99QXM6vSDbKTfHAm1ypo7gifFh6zQFL3XYDQ565bMYCEgvefMqVqRNnNwVQs95NuH3U9R8SsmQ7uA

