ESBg1ddAAEkrF25NrvBbEYXXZazDcTg1XsD6AreG91xx
crpQUfqtr42Y1W5LgZjvjVnEo2nsmXhSuZ1EyomFCDj
CLZogmjyLPTdoTArHhqy1j1VUwR2c1GSvMGNenSkdswo
8eqvPBG3bHFpRfHCxKi7UBPcxUopXyhDMEH9r3Fg9QcX
HFPaT6WKk9SkwtYVZ5m5Sqw7ZbyehGu9GHjsctigm49S
FjD9nUmzPPktL25Eax5CKrxyknMyFxaC8oTRgb7RvJbb
5ffREb952Gi9apxr62XDNhKUAUy2nTEExaPYyTnz9YFm
5EhvzizkQZW3ADDc59jyVqHdEKgb3u1AiAuCFJLwvYdj
FryJS4Ynb1kAMfZ3U2xBiajSkkWiaxo9fWULZxzgQ5P6
HQ37sWkCcCcRzevepJw3j7QVZEyd9YnEJqYuvCZYMQ3x
3eucHmLaRJzL3d3rzYx94KvxcVhR4ESLo9R9hhb5Snbo
HAU6zuxFMa3qeKevp7hA5tABr6nT5arw2DJ4D3GZsnrC
4SwDAKnt1ntsUKHaaM19jaajo9jV9xcHjB6ehwTtjkEt
o2Aug6JB1RDFk7yYsf8QCjpWo2WzgwFkM115gtSJU8r
6DXLD9wLV7z5ezUa49jnEj2asfFTaMPbBbJUNS6tfYuP
2KF6StkQq3JLRsnMtjTKew6yaR6uiDX3aD5DWvT19dqa
7P4Bb1pCMuYNveYhg2j445cmTRCEGp2eAAtBQUv7Jz89
AsxYivuyVu6znDgnwenpLSLvkZDua4mGKxTvM2JgoeDU
98Ua49smTudbsk6aJ3nXqbuoWaxzaEVLfgFF27xEYx8c
8xnDiEEaExducDAizz1ZFg1cDL6F3rEiG5r3V4g1AxGQ
8kX16Yj2WBCz1sPXcimafGrutQkw3s3Swe9sR3gt3cC2
NoKqf6yhqTE4jtYGL8Pw7W7xP6TV6k6ywgeqPRBnwhD
4jD5Ha912db3TBeGqn2pmPiWiZgjVJd7zXP88gUc7hhG
6vywFnn21vNQSxpFiEWgT6GA4M8kokqPXT5N7yoiJkxQ
39YD5rZrsz8mSdtyVCfwaG2cAh5Amq4wDAgqZEtgXLRj
AAP8XjE6PmACA5nhA1BgxgyzJqyD1LQtjbbHAX6NiatZ
96a1AEVTVxCjdgzEW6rg2PpytucvWLwBVJWPdZJCZoYd
J4a36nao5UWWTJKehvPZSR9m1zotACsEX1cf7LcXeRTj
4H389fKsqzX1vHGDrtWDLUKLkcmMi4aJsA7srHwZto5r
AbqQPHMbkXWvGP37u32CZh94dynqmuUcy6DJYLjM5bak
HSqMUDGdhr5JdgVPN2PSwow3est9ZeJH2joJRYsFvm7v
9nF2vqusHupTTNgw3quL4f3jorvPdJ8VBPv3Uw1xt3Mv
4CzrdnaVcjMM3ZgNhbWviat3ptBnYeAj9gBisPtxqnVt
Ci25WjrikU27LC2DwuAddmaH873GitAWp6dgNPUVax8U
C9u28tV9EcKf6iqCxcQvh8M4fnxtWU27vmS3gVwwVKSm
7Zu1JJEUzQzQKww6MaPGYFa5xvxs1iA8oLkRh8SKQE1g
7ZCbVwoYHuNNxbm3MjRWeuj8a6orNjjnFfLyLvva6Thw
684EAJdAMynFKqNimfzEmyibb5tujhNkFSKnnMKUMjdv
FVKyPjy23bC4PkynMmadqaukK1jbCanZ2HxhGW9AghwZ
3K4QeLVrbnd9Jc8hsZANQEnx48QpPZpLkXjhvYYioZE3
BVFTQzEas8kMPkcugksaTTuLnQJ8ESxtLryk4ngdyvjU
FykdvhrLX6uoPGrb3oB2NtTpDbL36mTiW9aNEzm6bfxJ
2n5PbADyQXeCMztD5wnZjF3Nn2w8PmCmqSQ68TT6Q6KX
EXP4u9nrkF47uGs1ryEzNs6SbNsyriwcQ9a8dKNzzmBi
9dvBAb9SBMDGm8KSDRckRwhbQGPoFTH2CiH1axy2fyBj
APbnaMh5jXT91pevLBenckSwNjEdnXCxvnpyUt3W8iZx
6DDDdpRbYX4PnsHfc3jeepMib3K5bKTG3FMGBmKJnZDn
7Rc2EiHPue8BJasestxqZQT8hf13Z1UELT9Fm8ur9W2o
9CeQYRt1eK15SUAv8AE6XPhh1ijhBF1dyPdGQGAiCfMx
5NVmQU5Ph3zDaW11hJ9gQzaeSnCtxgNWoJtwGhVrSZuU
Cm8cYtgtfyULCzisqUnMg68aqqi12PGZScouQfJRfrG3
5LsYixox5LC5iw1axsSMey1g9wyM9d3BK3MYTXu8pdsk
CwyAnBZRGAaDVCBiMm3m4zrXNe4e6E8eUVgMrt4pHx2x
BnzZgzLSLhnjm2yydueqEuMft8LJYYQKyxyoywqHBMfA
GwzmFfkvxAQ24v8rDULMi6Hkr3HRoYXMUw5hwfUpaZCp
2RwD5cXVfvtGGoWmhGysLKupxhMZdG1Zfh81GcCnQtWG
98hCouUM97hPPExNDMzJo4ij2hZ3ouCyRjrLeeXFqCok
97xAKp8FjyXkiYqTtYWN9ArD7KxTevzaCAo7VCcwLAsK
8w8zNnvPHSoUJN2HJibCPvZePAtuPATo891ZzPEA4Yik
GCdrE8vzx3VW6Mbe4hWfPJ7pyjuNZAu6bLLq4b9Pffps
CGqyDdLVve1Ws8xLQbxB5spzBhsCVkLw7PzcMrwATiwW
3oGV8ZtekVMm1hDSvCGfPx2dRVdLiNX6X8knF5gS7Z5d
97xAKp8FjyXkiYqTtYWN9ArD7KxTevzaCAo7VCcwLAsK
HHbKXTkzWxgg3RUeewaSuX6Y3QtSER9MitTSW8vVW8Z
9ZqsuK1kGGQrvnFFWeQgiZGUNy25RUeZkmsGWQnziSCg
3bSvTse4nx9Y5zTazhr4BY3RTFUjcnUrechQ2whhsBFC
HyJGn2q8vgYCH6urPsQXwxu6W5DqecVvBNTMU5RnnWrW
AEUto3eFWHLAmmVRq3Vo2fmHXwte525jQGG6D7pN4RRd
7QgtAdmAFhZvmmR56bzpyqYum31ur5qt7ZBBdWUrvEds
8P17pd29uZSPzUn6QQ1328QWXqpG95xy8djdj679qPDj
HGyxAmkMVfes2DD5op8uusmGewNyX2xV5eK2c2TEscJZ
DFjhhYkZbaL2L1swqiF3Y4cQgrDUj2wXDWJxQkroLouG
2cJJk4N1LAYd1mKHpL4Tu7UsB77KBM5cbHNVktVi3djn
xGTU6tMiDWqVa4mFa5vYKdtX9mRCWiQC3fKPhwVi3tF
BP9a7nk1GJFAeLDJL1BxnXDRxzJviHT66w6Qcznz3t1X
D4QNvoSqUzCeuxXjUqsk3Azjx5eSTTZa2UGg5CkCK374
AXXRH6NVXjUNxi6GvVWV4Pp6q7k9xkqeqHhRx8sW41TX
CY7u6f6TG8qPFxnng7LWAFHDF7zJX4jCBXiQLzgr3omR
J66nm4GPswvq9T9eJDSdMTgdck7T8BP3zTTK49621uB
GX1Vmx4AecReyK1QxMMkWhqzgGmNs9HUVPQkaDBTDvkK
C91QVSPebG5w5SP8Wg97bqfnnNfG6j9QDuTFC5EM25jz
284vseTBGMuyxGGTXXpNPRjaSDxBJomXpNU8R9J6uqDG
Fp8Tn92AfVqBTR6Vbr1xK7tnDWLeBgNv3cRte3wMvmsQ
FHDHmsEMhtjRkAfqk2zhXZ33fdx6r1waNsTKqQDNiEzo
5xharzoJ48TqkYJ9tDS1DxorYHnzYxvYmpT8sr3kn4kD
DdDZiAosTCWnmrxgxA5Wbq1uBhYkG4rmGcV915ZsvDLv
4g6X6bYRhFmquGpYDjeoiu44Btyg9YKJdMZnRWPc5ao7
5Lc6KL91cF5wfDV8dbYpGHtu2A5nNLEjzfsGPRaSKzFv
7GetnmM4kAtyjT2aumAcPsHcJs2hfNmMQWoAW9NqpAZt
D7p1a49fHgBQ1UxfuMCPAYRepN61QL7hBjXZrnSt2P65
9s27sJtV8q2XnJRpN6nQ9vMF3AWG2MWSZDjBciHuSSaR
CYVikdfqKK1SmPasR93k1p6CntrmqGW4YcoSYQQ2TeVp
7o4NoA1g1asZzi8D4fRPjVuDR6YkKGhLRwVbEFfmRWX7
DRshGmVTtRPDPQXUF6G8d3c4V1NQwQn4bhghjWWHqhk1
rMjHEPkW7J1PF6Vu1ztdvRofKNWaP3yoSAXbkNdY6ML
EJEh8CPwifo164Bp9fg4A1nj7rXUCNJK6366Bfa3RUeo
six9qRG8Rve5CSGkc4StmyaXJt3FPknyQLhbQRMpDF2
6dm86x4LHSBLR9WLUkjUHP27A5uJRwgp5Z5bVVCWeM9K
FBkdDE9fbQobTccnZr2XDqrpeevmeChEiPLC5ABXUXfE
FvLBqUPK8qeVsfgsm5VXxFGV54VcbC13JeCfhwjpQnq5
