HrCQTZkhumYvYnyHTZFUfTqCnTm9QDEpFiJHWnRz1b8R
6xGFfEZTrsjzc8EenTVVeYNSiafc1jskocy33JCgSZHy
AdPeVNaT39SYGm1JCP2skmBSpTpj6pHQoEVo93Czdxu8
8uNH9QkDFsySxdEsLGLATWE5WVuVdGtKMN75nDJVTMaR
HYq66zHm3Q32V5SGJuP5GwWWfqxhNCpPNFMyQz2f8RbX
267nAHp6uEbhEKdBkFbMcx5cYsNtLNcEeZn8iGzyvSvU
FkXjS3HyPdYAti6i2tFox1bUNMb53QpXT6x3g18wHPGR
HDteiWkafAp5URyYC3N9E6Lt5nG8Mgm74n6B5oD954jQ
CrU3greqpMf1ZdirahW4itaZ4F9EdTWQtXNp3mvKY8zj
WZxQ8eisDzsksiVbxMwe27aJRefco1MdoMRD8c8wwBE
3gcR2ooaWAubjErhYgN44PJSWb5uv5YcpbcLvhj7j3Ub
DzkUt9hAUSiZqBx17PaUBEZirTVWKZdtpBYK2ujEUPXZ
4uhXcG6ckKGfEkNJqmK6o7AHRMQ71k4j8tqWn8CPjrK4
JD8WeJFhydm5UV3yD6R6fdXR1qFCdiZgBfCNYXAuhb2E
3Ghg8uA1xLAx5DYcwZLPyRPCgLvpUkEj9fepeVLFXMeC
GnvctBjg74rsYyXFnsfHFgHYgiyRCmicdiNy7pZnts6k
4TFSo14q5QbYY5CxaoR4XMoLZcMXobksFNhcmXMsutnW
HhPrat7aXeXYKCkGtCCLbotGVmiRyC28QsHZ2VRDp8Dx
J3tzmJcZdz7Y7MgjTXcKh72pG1nJ7aBhn8zANgDdnjoB
BcEL1q6o2yVjY4KgW1t68nVPAzotoW57TT71tPDYXsqf
