Mxe7R36xxFThVHvPGvgYPSpsiEnCByQQ2dUfvaq67di
7tMyU22ViPrhY14fy31bSmTsQK6rwc9q3Zbq2u5RkZis
AHM3SAh5eeD33vgdLQnXBF3ydKVPWaXQDEFdx4JeF3CJ
b3EeBpVifZ4Lxb1qKe4c4ptBTc4yt8KPo2AQwhyDLjw
BHdPgzF8qvYcaXsNhrXJrbyHEpht9Spgdfo9Tj1AQVWB
7XeooqaDHBA1UxTSVojz1qtr4zTyU5r7YBWAtryhrA8y
CKMDD7Xp4pBztCG5G2utc3kXvFqPJ17HMDPUwhLiHzhM
2ySnCKDw87CLGeXzpcd3GXQjn9YfEWraBMBR7iq7b7UX
DLbcDo43ey4NxJu8Q5T3jxdBaU8yjU8y57KJt3PVk5Za
DRP5LS2eR9EfFfrcH6dLEBV9yEQ8Aig6vCAkSHLqA2an
J7SmMCEdXXRW82QDJkdeuuQsd723W3CQub2jKGMJx9pu
51oET2dy4vCmZ1JMGYR9hbsvsLng1vcLD6z2AZp1uq1j
Diqr3X6FGBjqk6sSqaEey5XMqzHrxwNBJJXUbuqJd83D
H1qs1phjLjWPyDmdeNS7JM1piwtnxLEd5jkBYJn5uLUc
B1Kbz5tGqGN7H43aVLnHftgHthqgiZhaVjavcJBczAz1
4H389fKsqzX1vHGDrtWDLUKLkcmMi4aJsA7srHwZto5r
BcwzmAJunqVo7M9PHuUn3srQJX73bd9xr5fJseCDGAZm
FXGNYWn13Bu5N67RvjAXucg8noMnPPcRgXJiD88DahMs
7KHx2Uc5qsqz652eXbu8Qtabi5KLxWJLgxFzcaBzP32i
BEv2CyGCrqdViM17WKqTmnseHoPuAyspHGbTYN7AwxY1
