CZSX3b4RX6JwpkC1LQyTGp5gZd5HsFpsZUV4QCJTUTVq
C778zsBfR3skutGHyCvett1e3cKG4ZK24LeMnmpKzif2
CJ2K1D6tmxUmMbwvbst2HjJpjay2NjZZaEoc5vq4ep4z
FoHUt4Tw8cqAQcTUbVv4JrdHNPbkZPAjqugmitsdgbRD
6QXp8pr9V1SU5xCufd7nvmw9QxEQwYNtu4P4Vp5kxwyv
B1UgtGpzS5UdnTwakarmhfgeWJC6ZBeC7H8Cnd6AZXQC
5ghvmQuXf7yf1AAqfPQgfmNsQoAnCWn4FXpL2j71rx87
2cMy7hJcMqKgazofytPipyFgy2hgporxFKPXejZq57FL
ERv8YVo6S8GGN3rkxDhjCMMMRNZzcZWbsbUtviGePMTJ
9CgM7Gb344JQaN2Una9vgo8vpy9CWaL1uZCcEgRgyh12
3qkdV3sybL8MSGvGQLKxGUTmG9iYdjsBd67DJuFTa292
E9TQHcntaNc524oNAW2HKXYtAkPQCuimwXxdUZ8YjMBY
2bUV1tmcSsZ3k283F4xtHeUBohDKmyqorPbMcdQofXhK
BHCwz5UZZGwPLo1Lyi1LUvWqz46t39eSMXB3aWBhdyHc
4ooNvwhfYDEFV3MGSrcRsoVm9ZrRSsstEorGmgR9pHZM
6TmQ6NxuUriGJDEwXpfAa73cmSBApeHEzBUBW5SKD2kS
wuLGbX62p6me47UKQxZ6bWR239eeyX1PKdvtdpznSPL
86KG47QaVm762G1khsxZAMJfQopNn6yBeqj1aSG4UW4s
93yMpuDQXgtwiga8Zt8b5w75eLtQLLb9DwXPSzwA5NYt
2eE9Ycnu6KdGqWwLqgVrNXckodVbMGD6BR73192yJcUP
