AVsyuXLQRWCUGQ9L3QBc7vKQtEQduZQK6uhqfhbxGCwY
FPGd7zePHejSeR69bDQHnCeHeaYrRgmA7UeU3epTjKUX
AEUto3eFWHLAmmVRq3Vo2fmHXwte525jQGG6D7pN4RRd
BgzrMG1JjLGKH6aVgjqeK9myAEjDstMEPBE6MKHoy5hA
51oET2dy4vCmZ1JMGYR9hbsvsLng1vcLD6z2AZp1uq1j
JARU2boyHrhSV1X3sUK1SDCuL17t4zLk3HS6zdbZR8H1
G8ZT7Y7YHt9n2eDAMGXEcTfkFjXR6fgKvzJpMkyqfDun
HQa6qZBGcqqtCwg7pnojFPWbN7XyeVuMYDwHCYW2bN9Y
AEUto3eFWHLAmmVRq3Vo2fmHXwte525jQGG6D7pN4RRd
3pC2UUu4yGzxUT5SfM8AqmRviFFhVso3Gew24yB5gAUr
B8hFqwrfoYKSMemjvE51SaguLuu21NzbxsFS8pPJmAdp
DMwHn74WRoFuFyzcKijfEohU8c373q8YfZquzXwAuXAL
3qYR6vBpdN1FmLuYoEwFwP9dGxwfUy2Ta27ur29jB86C
HExH1uQGJ9z6gH61JhXeZyFwS2vcUyByPK1ttVFDD87P
9KJbbRm5qjnWBNZNv3Mhk2hEFqqDAYcCHuUPxnG7W64g
E3v3UYxcXAG1uEFXPkUVvE6tvzeT1dqWhwbPzefexLSu
7N4j24qzrA5DfDq5ua4RhYN8J3yCyAJhpEMitD6zJajZ
8hEeWszgrA2XkRK4GH6zL4Qq5wJBwotwsB6VEweD8YEQ
8dUiSpSbdd72cXm4bmAL2we4jUHdkqTaDwoFX5Ajr8XM
GbLWikrXWby3PnzVneRzpFTBJ29N8QtRdRZ8axfTjjrs
6BCYUsacFYEd5VeD4hEW2oqXP1pM2g5RGoffXGBDe7RV
5eBNi2JRMNzuusF3w1ELi5GWWUxRPZBnp1ZQs7hRqkbB
DJjXBs9yMzEYGmCNwarkqV7EHu2SSsLGFG12kVzqqHT9
2KcCvxiKiWTu9XXLMSRnNqCgvZaLfYLx4aiecPJHqjrb
5pnRqg6VeMWgDPMHZiHg1BcBr8sfHqPR2zWPjAqu7RcH
HAU6zuxFMa3qeKevp7hA5tABr6nT5arw2DJ4D3GZsnrC
5kvQv2cRxzcgFpNqcAzFAYcMTns8uKXcXZtEpi8ztMxn
GWPZR1uzTUv8UZsYoihuxF7B9az6Mt1B8DAoK56CiKmh
AzmgakTxLAutgbcNkxi3S4M6MvuZvwcrzMc43ErMFk4h
HFwBQzvVe8qz1M7CxvxQPRtUxJ7zxwLg24TpABcWYTUb
7gRnTdsyyu9Z2HKqa7492JkTJtRfAEssyYfXKcjDzYwm
Pww1ohVqQrmaHKPeYwaVT5pxhQxJex3vhM4M5ocsLUu
9axor341ocvRehGBuiiE5Dq8T5HhuoCgaNXdBhELhiPp
D7dy5JNrwANxCMgQW69Vrp93yWnDfjgnsSfVTSdZpZnL
CWiXLx6juMmaq33BPXGJ1k2DPqzfDyCQWoAsUUe83CqP
Etks8yWemmNsnS3r1s8CmGDqkiW55iepDvHkB59QrgNq
GQotqmCgfzgRhQEG2LDtThjnkgwEToqZmik7Za8HAtj6
28tLPjFZf4K4WCjiQPnveiWAapcB7xXrbySnmgWCNtST
E6cf5us72RkxYu8hSUX1GNb1smNVAJhtDd1Gyafzb6Bc
7srUnsGigLyApFwxw3MgNawzDrEkDYpjZtoQvBi6ayeU
oERKmWuwnAx7MsqkLfgmLUeahUrfv5j1JrDb5JxyvVk
BjDp9YQM7GVsT5p2zeMd9abFysmovuJT4CbJnD6Hh19p
BzHu964qt7p6KW5Fx93E4VR2xYuTit3NMxAncrLc7gj4
5nXy4jRP5HZKaUiYRTAycvqz7KKaGNSbZP6sFZSfkBbk
8kX16Yj2WBCz1sPXcimafGrutQkw3s3Swe9sR3gt3cC2
9Pmvq7nXxCiHfosWBK8Hp4R6Un6jXZuaucj26NaC2bcp
EGdzraLTk2pzfQtqAEVBkAD8vikmQzui5xMprFqHnG99
HDLKGPRVqamrEiHNn2Scdqbi9XtQ3GcMevfnbd66mFPK
CUEkEnnM3aSYrPa7bC9MZueRbhMWRrbQFsdosHs8G969
7pTxRa5MRXvJLbLXWkSyFA7ehNpXai3d5Ua9RDNEJesM
CgAUMAHCGkWYhA4dTL1FfZiESrDKY7tvUEqQryT1kDB6
FjD9nUmzPPktL25Eax5CKrxyknMyFxaC8oTRgb7RvJbb
MvogSQTXToXV7MS8hDbvfWGoELDtR5Z75SGMUNiUddN
Bs2NRpK5zPhbhchTM2XGqys5uLw4bjZjiWQJW912XwWi
9v9D9kvePLBANY4Zx2PUzn75dHuQMMMcs7mZLYy3gMaF
CeXyRqzXX8vEcBYY2pXfWtiiQAPj9rFVJWdV3ZWemkb2
2MGg89MhFduGdA1Ae6iDxwjPtYi8G7Ec7S4Bm8gM72oa
BQLvskDDRbEJwKA1JLWWq1aYAP4R9nzCTt1ir5oGJnpw
8WYRXiQXQSoAMw8A25HuTiTmkg2Ax5YTaBxmHZk6s5LY
DAw7L6BNNJQhszjN95NbQPL77AjMVL5df8R4Kx5FHfc9
FgVYBs7Qag74oSNgFozGH2zCXeWZKyff6KNyQBGVZsF2
Hew6XJcEjQAx2Pi4GWogr68dmbST24g9xtumKBqvhkdL
FpjcR5LnWuP3eqHLaGScwZnKEMNrkik5aWUJgJruz7JU
8A3KSxmVE1rx82odQDeLqg7S3HN9asrAT7c1uBWW5Jbz
AZBYaUFwLJTEDv9raUX4ZiQwxoVE3cvQxnkq6u1g8g32
BVFTQzEas8kMPkcugksaTTuLnQJ8ESxtLryk4ngdyvjU
2TNxVXbtKfCae8UYKv3DDpvdooHEpS9q57zciRTAtPKS
CqGDBUWhmUZvfq3u3Umhghk6YGVSMvHNvG3bEpy257Hi
BrfEGRPH1ojup3ESByNv3amAhXhQqTuwmA9BV9DxhjTy
bae93fAqQRbzRBwLnC5ZeDt3j5uX23nD62B3pwvpgXB
FUfFsJeSvKzBbSLDeHQhjNQZPFeVo7KxsPf4VLExoCxj
AEUto3eFWHLAmmVRq3Vo2fmHXwte525jQGG6D7pN4RRd
BcHtLUUWubUdGgtaszjQQ5zG2fR52JixPc5ksTEkfoeE
4haau71UaABT18F2ED6k44R8jzupaEzwJnhfi4BzbZVD
6Aa81K2N1ioXFSXcGrQ4WvogXNZtrkiqokwzoB3Pu1on
6AUWNNYxDxKk5RhqUqBKJ8WEqqphvEmaBrzLtNFtUAF5
FH9fysysHZBS1E4AL7VhMGstWvMAyXedcqXo4MaM6eGs
CJf8xXpjjrADii5HaMcrmHpB9dENMLXJWUtxxfZCNM3M
42AB6Vz1WgtaKu2Wnn1qjNLNMjmuPCBPr2B7ChBojmWz
7KbmFStnBVAUB1NRKuNFdhzXtj3mfAT4jHLXoFvFFSaS
6QmKFsYUfd8nxLufRojQxWQj4TGhM6ueJudmPd3NxbHY
7tMyU22ViPrhY14fy31bSmTsQK6rwc9q3Zbq2u5RkZis
CWiXLx6juMmaq33BPXGJ1k2DPqzfDyCQWoAsUUe83CqP
8DUt4hCibfHYGx51R3AJiKevfay7iZCsSemU4NQo86en
7KbmFStnBVAUB1NRKuNFdhzXtj3mfAT4jHLXoFvFFSaS
GryqvMoqZFnmTxVMduzUQt4RtCZZCTKRZwLNuL4KyKsa
3p7MS9H9jfENRU4QPsixzyhuw8yurWnFfsmoFBYxkNSD
GCuqskvjzqZayiEuc7rqS2vF7cYqSB5G9bfMeFsRvirf
FR5jyVdAXQKg6PsbLAASXWxmRpJr9DvCyou8kTaEJ7xR
DajLww9JAzbHx6VNacZZWYKQfUukB9bibGRcwwHs7e3P
F1uo5tS4JzGLKDQBhz1DdoyQf4oRjYcynHiCa31dRCrD
EWC6ESChdBqExhp96XPMLXR65pXP6Ftuh1pPAVws4pmk
HXFXWxrQhrwFt8RPa79CcM5R8TsjzChsrrZQBX5ivZEK
5jYB77i34oXCWHHjHReM6vanEtVUifTmVJwwxdawj7uR
DWaAVXvNg9NcNUPLCwRbAhc8NVmFzSLPQCFuwkxgp9Tk
HxGr2AZnLhyDxfL6vGCgsVpgHzXtgtWjZyNmPFvQNsBH
fRj7JpkYMwd6KXnTEXBQJzLAwL9aSiKd54XQto1C7wu
BQLvskDDRbEJwKA1JLWWq1aYAP4R9nzCTt1ir5oGJnpw
H2ft5vGDSp9vQWtxVAP8mXZVNsTtrptToCQgEMLxsaoL
4LuHo4iuzLwSPMBhAjvWUdmDwg7tz5Ghcm6GRCBrukBh
CYVikdfqKK1SmPasR93k1p6CntrmqGW4YcoSYQQ2TeVp
DajLww9JAzbHx6VNacZZWYKQfUukB9bibGRcwwHs7e3P
GpnKen3QMaLc1CzFsoy8UbcbPwEXRXb5k2qTkTcUa3RX
Cr2uPAtEmKCMBU1UMtSxG3gWdm3votJ7vPYX4ZjH19dr
ExHjH7nZufPmsbTZc1n9R1iWMGJPDaJTeDv3PA75iunH
CBs38GrLkRKrf6ciZkBbD14BmW43nLB5Hj4BX7UkNhLF
AjdQkJ9wkEg7Y6bbmwMRPVSanHv4mzhzsgurmfd6EaGT
4cKqqwoADnQVUAapaq1CrCwpBwbvCSohZPzB8aHooJjk
46U4iAoiZNggC1DNMQtg5SKTnY74HN5G4EKki6wrbjwQ
GLpzNHMpb7vYH98VkGuUKcgPETsDWFcdwNscJypyDbtz
2RwD5cXVfvtGGoWmhGysLKupxhMZdG1Zfh81GcCnQtWG
8ZCLGsEVrqReMp2TZMd48aYxGTGkbKZXfJC2EK8HyiF3
7cHn2hiG1vR3J8YA1TbrpnXvNkjwWmgPT2T9C8QnHoqv
D1tMMrAaXFLbi4eugULzX5iHj4CHZWqUN3oJZ9UWZV6r
FxC6gixguqfSM9bY32aGkoXxBW9Z3bfbH19T8Ydykmj9
9fahkUnGgcy9fFpp7oQxHY2DWFzpZcrKYs29sk3sGrcv
9ej7a4re5ZsayUKYpU91q5UEakEjCwK9mFb93zDAKwUM
4rKXwsNPoYsP1doRNc7HBeoGUFpR12LzNxurm76om7US
98AatykBWAkoJP1PdbeDWmw2UNPAnuz8c6joyw2ZgAKH
C9yn3WJMmDUVoDaR4phhTc7ewUc4kwhZN31XZJi6Q5vG
3UzdWiavQL1R1yAzZfFL7644ZFLx3BgSQBjzMxoLJy9Q
G21X6EEsigc5ZYJSjFHabA531ssEc5vgXuCZKUAYZCPE
AXXRH6NVXjUNxi6GvVWV4Pp6q7k9xkqeqHhRx8sW41TX
41fxit1aqZrpYzdcCbSFW5T4Y5Y6VZaTihQ7RqA4EuZV
DK9YwKziUmuQnhr1qUaHfTzfyF6RCt3askn9HwQwjhYN
Epk6ERBDLVvyt1eRCdqUU87FWiiMBsWoGdhbpvRbPDqF
GDfpHNgFZB23Ax8MFXaQ8BAFBEfrf6MaHXLCM67UErhJ
AUD7LZq8d2U2xz59PZB5QpAMjjF47FKNpBPcZSK93dKt
Go6UmuX2on6HgCDmam8Uoc65M9UJBjY1EkuedCMiB7wD
5t5pfR6Rz1f6XeLX7ribnVFZcY7pXLRbcdpEqyoFUnA1
AqYdhTnwzkWtcNvAeGmWwtEmyALUx3gXaRheykSL4Nd6
6Y7HG1cWWhgS1jiagpi5YQQLsmvuGsUTyt6ETcuERX3t
5HgCS3rFUHptayfWZvSuiiKDYxpqBoetksDoiqMaSFY6
E6cf5us72RkxYu8hSUX1GNb1smNVAJhtDd1Gyafzb6Bc
8nwBL8Mbyd8EeUUSwX2MzmmyBL63bDnjncZWAmddXh28
567yVzp15TNPUpYP47uuv6cK7GGFVnpt3kuGzqyrfMCa
51oET2dy4vCmZ1JMGYR9hbsvsLng1vcLD6z2AZp1uq1j
51oET2dy4vCmZ1JMGYR9hbsvsLng1vcLD6z2AZp1uq1j
68qZUb4UviBobRWxaMJQPjGzEpVkb6xuY5k3YMfU5zCN
5tgZmrCGPTFsQcsb8zswLfrGuYiLp1LTuNPBvfrQb2Yy
ANUkikZTPfEoBrqtveRAeNkvVqZv335H5Nvspm6u9Ghh
4yLMN5BJYWSHiMGe71xKbSTRS7YNTjiNa2rRRic5jKM3
6naqivpSkKAvd1onvT351UFjxJFqW8RmTNH14K8Eiaff
B93j9KnNLoLMBSQf4S3BMdyseRdGoZJZq8Ysoz8Bpwqw
BKk6QPPMAh7rRRq8RS1sgXvcTbMjdBxjKjTiCkoK3uiK
6hK4TePe6J2MAMeb9AWcFwi3XCMwpp67BXaxuxFmNKR9
BnzZgzLSLhnjm2yydueqEuMft8LJYYQKyxyoywqHBMfA
24iifBd4cBp6tEhYNZvPvdUsCuhmrSXXauQxrumEz4y4
4eYMboemLtNmqw5PuG8TxFVZUxN8crFJZVjrRJCz89GX
91hkaS99AJJvtMJURkGrGy7SM6Rnvyeg2gM4varE5b5g
BuMT8Af7pLWXvw6NjbRBggy28v9k52vntSZdgt28Lk8u
AkdfJa5NmE1pQt3Ai7DpgDg8kryN5qTZirp6LQcpen6R
FBkdDE9fbQobTccnZr2XDqrpeevmeChEiPLC5ABXUXfE
51oET2dy4vCmZ1JMGYR9hbsvsLng1vcLD6z2AZp1uq1j
J63PQ61AFhZXeupw9j5GYY1aEuR3R6BnAbtfqqAX6DQw
8XW5X7k4bU1fZzCVGPVnyVRv6iqwXqG284DnBpszAiuM
AvH597tWjVs1Lvt4Qtq2jVCrA5bQ5XWpkWEPBh65h271
FmqsZHGEopMR6vkchTCcodTq7juyP8nhyaF73HHxbda4
8dngin1RSX4oE34XehdbEs8MnDTBzZZk4ENDNgYAbvAg
GRKqLdY4K4VhQC79Sa6EeNpSKchuXGKkZELPAUtg5UiU
3PJUJ9Jn1dL35cvc8tHq5XWNeeSN3R9HfLRapmdEwNCb
5tgZmrCGPTFsQcsb8zswLfrGuYiLp1LTuNPBvfrQb2Yy
FEFpCkrg3gGRU4dFDdeqvfT3Xtvt1h8Evksmi6F7kaNf
DyXLBVDrS8cAvChxrHa21Z7AF7Fi8UUcZ1aBKEegBdB6
51oET2dy4vCmZ1JMGYR9hbsvsLng1vcLD6z2AZp1uq1j
2ATUXJQBBPrxiUkrpo9avX3kjV2PnFBAD6AYD9jc7gVw
3W6k67LN3uWouayqJ2va2tH93WDDsCnEydnzcjd41xPK
2PhHTtsY3Lc8bnmfq6QcnezpqcwdKYyvkvXVzjJ75Aw4
CDa3JDeXyL968gd9uaBU4szJZVR3cHSArZ42kZn4khUb
AEUto3eFWHLAmmVRq3Vo2fmHXwte525jQGG6D7pN4RRd
55YfFvwjg3A86gqMZ2vAie5eJYjbA9Xg2vqprnh4gYwg
Gekww4jN1GygRxJnPkedH4ytQ6fwJC2oV9HUDVAaSMYA
781GzKc6aZPcheyEhmeziGWNgJBhePtVnsRsSCvrvWTC
HVa2E86rppP4EE8CEeQ9uoQLLZbPUMAyYaZdE1xpgFNS
8w1daYHzhTCuwHKiY3qSzZgs8xTFnAxCThg9P9HvjEcQ
CakCB2mYApvhtzJWgmejHjuTAVDGbBk5zjzrDctgkxjM
HQdfvZQtRTmyQKftw89qdGkN7qq33JJPdMDK4eiyr57a
4Twh97WSqnCv8A5XezYJeFPcgmbfJSSDAH81dRzzRVaV
7P4Bb1pCMuYNveYhg2j445cmTRCEGp2eAAtBQUv7Jz89
51oET2dy4vCmZ1JMGYR9hbsvsLng1vcLD6z2AZp1uq1j
6tAbuy5FEAUAyZPdKymeMDExjnoFQQazfrxKqkY6SqNn
664JR3KZ3WSPeufnsypjNnHGJZ765HuwvHXzAwVqBRzE
3Gjhr3N4rq2BCwemcBAVdSxKHdpqBfLdpBVdrnXm3su5
F9zgbUwXiedzPet32ZBR1uCZ2tLNreRX9FJfL2D16yTd
964TmKyFMVaYGeMnEuPuauSc6475AYd7M1VjCuUZm8w
Eeor4e9xpnQ99PxUV8QgvvhBJaym2JGsiAazv3BBBMtx
FvFuRYgkjz11ju1Wfsz42HaTLdhLeU3gFzHNs7yBxuzr
4aMSBRaCsa64CPQiruDrmESqTNXJzs7PLeaF7XWNVvL8
8NQSZ5wpdET6dzAao2Vg13BsiF4QLAFKPSntKAaggbLr
BYx8m9X2Nxi4iUaT56hiiq7xz4H2aSn4x34rQpRW2QCx
7tMyU22ViPrhY14fy31bSmTsQK6rwc9q3Zbq2u5RkZis
4hA3nigdxrYMHvqyakSn5AUC9y2iq4UF1D3CJ93ky47K
3VWia87hNkxgg51heFc9z1GtZdmSuC63RGtFe98Nnsbb
2n5PbADyQXeCMztD5wnZjF3Nn2w8PmCmqSQ68TT6Q6KX
HDADTyGCNnbmYa5MVpmUwhDbiyAy8CcQ6k5ZDZzQGuuM
32n3fn2iwA8q5RemUE42YMmkG5xtzbFipdiaLqejUys4
Bp4aCKT29gKRq4zcPQzPh1B22szXba4EJh2tY23KLh1y
8A3KSxmVE1rx82odQDeLqg7S3HN9asrAT7c1uBWW5Jbz
D4vK9y5NAhpfZZWCmuMLSYJXttVSD9qfW6rva4tfvFo3
Hu4wnwkntoqsSdQgMwvpGzkAKsrVLhNn9A3ooRoDiJc9
Hs3i76nSEEWNY8369jGpFrRohhS3wC8NYxFsmc72WAsv
51oET2dy4vCmZ1JMGYR9hbsvsLng1vcLD6z2AZp1uq1j
F8VMNGZSfWNqkNbTK1kyytUf1wpJto3ceCsWhg2iSRr7
FRpBi5GZazQQGPni9TCb25GhfK47hWZqk2JFT8Zb2CAp
skU11A6Br8HjAWgwFScGgsqzSyG7qQir4AinHa94pRf
B6vnUveAL1t6uVSuHMXYfnJ2jksTVk5dMmQe4UQ5bop1
AhPQvgGaw6HDEKcddqARpTjBHYeWCinNQ7J2qo9WgTHy
CakCB2mYApvhtzJWgmejHjuTAVDGbBk5zjzrDctgkxjM
GrLJKhgPQvd1fgPeSXS8PmohchzadSrkNotp8WBctQyh
C91QVSPebG5w5SP8Wg97bqfnnNfG6j9QDuTFC5EM25jz
23XNgo4x5FwiQbN4TV7MZ4ssDgQ398vrpkfD8F3S8KTj
5sMLzTSrQz5bLwQZAPaky9K8WN3BrUVD16kAgT8sXttz
9vff2J53NvedyFvVrAcMwqRaxcQoAYnGPMFBboMRyS7b
ELmDvFy1PgTx9Eah8L18ounoP8n5TroKA3batwgwPGC2
AcJVmhauHzT6Rxoc2AKFvDCaAsh5t76TooEKQW9RNhxm
5Ypgs4Pn8ZM3FVEFAPQBSTyWrX7NVyeJ3jTBcT815qCF
9k7MozeW4FD4uH7PNjVugmwUuXAyQAjY3LQqMj8y6WRT
CQVEUBWSkddTeEWr9rYj7mm4uJwWTikwQBtizh3218R4
48z8kbnt1GK1cxD97YtMLUGj4UtKD9fYSvmWKbv5q4NC
CgeQQY2g3ZKXSPBdTVa2sZ6Eet3456WfG7KmrTLRh6MF
DTX8apmFABV814sz3RkDJWxYT12yKEWuwUCqGqVVEapS
9nF2vqusHupTTNgw3quL4f3jorvPdJ8VBPv3Uw1xt3Mv
BQB1KrcdAiRu6BThUb8EzwX2YDSMCwqcd7DZPTLRyP2R
EyobyEVUraMTk2vLjqTiCUuazBzBRWQmgW7GUiUAv248
FEupPXRw4HwbASmzwdpgjqxti7eRWxNaekjBoc5BcJxa
AqwcN2rVLNx6Qx4tp4rxgtFPsXMrE7QWRbD72BbeApjb
CQ17ThoiA5MA9ZTULyFQYBs8S2y9byxkCi3mpfvXX9rr
AcTz4LZcyNYapAKzSE7tuhU8PcvcaRSeMskQYNQzEagW
8sXrWe21kjtb5M1rh1hfSM2FvRnnnmz7LrU6VqhRr7bD
7vFu1KPzLDxZ1Chqf1Be76c7sF99bxDpg6MMqvb1cpYi
2Ygyhe4NN3wPYV1G8Rp7VLpLjHDnC4cbFp9Dsk6kLqVN
8YxFLe5NoaTNzUHQDkyabtHwSnYuVPi7pKcsNXd9D5SU
2n5PbADyQXeCMztD5wnZjF3Nn2w8PmCmqSQ68TT6Q6KX
FryJS4Ynb1kAMfZ3U2xBiajSkkWiaxo9fWULZxzgQ5P6
Dyh3mtoYGFqDhcz429WYn7CYcF15qTJpAiDrK2WA96tL
8gChtKNEiUGRjKzmPBiBjeYKzeukEsxY9H8SrBTdRtYH
B2HWFUruRZggNzsBRJHWMTn3zC9W3gYivhYr3WVqjaav
5tgZmrCGPTFsQcsb8zswLfrGuYiLp1LTuNPBvfrQb2Yy
AEUto3eFWHLAmmVRq3Vo2fmHXwte525jQGG6D7pN4RRd
996Kb1a7W4mqbR6qxzEDBHJtaJv8bnpWmegLJxMtpg3R
C91QVSPebG5w5SP8Wg97bqfnnNfG6j9QDuTFC5EM25jz
2jBJAcu4uDjhgH7gQXrA1cSKF1DGX6ZNcuNREyGEMKo2
2n5PbADyQXeCMztD5wnZjF3Nn2w8PmCmqSQ68TT6Q6KX
8Hj4C4Row7TkhXyG53NaofbaJW6xYmZCpKPzYLdNGJ5P
HMCuUsfswf8ngtNg1E8RgpcthsnjakGfSptKNqyzBuYb
47ZJRamq2rvTVxcFQFs2499ixJcmSXCKgb5FRnifYNsK
B76uAwAahbFu6Ymfg2naf2aZstzTU8kMgFKhFUMubuqT
6ykYU3fWNQnoNunJKDLSVSZWCMPoajoE8EVNzKCYs9qT
Ef8GfhWVMZzEzrqFkW9L8Haw6PmhGrcrokapfegDA9e2
7KHx2Uc5qsqz652eXbu8Qtabi5KLxWJLgxFzcaBzP32i
5PwaTp4K18Y7Y4UJo41JS1qN6QBHiNhfwozM1N4aJoM2
Fgom5z3Nn8E3uqdxM8RXje68jLpmimjkwLykycqbjhjF
7MHan43NcHoZE6rw8FJGC5xn3JkwEHXvacwLodHqhqyj
AaHjb63MyqP24NZGMCg8MNfzAojc15uR8JG2ZmHGYiRb
8JryyELBLWiJP7xoW81q2Cff22aKh5AbGhnEttQxRrEq
8BStRWeqCPJPS2hERr7V4mEgdodaJZDTNXVM2Q2AYHr2
CKMDD7Xp4pBztCG5G2utc3kXvFqPJ17HMDPUwhLiHzhM
4oDdKa3Y3HzXLiZyJAb4rymeqCCkNaPwbUj9Rg49eQnQ
H6ewEQKqUYhPFNBUBjKugH6MNgBzWFoJ1U5fiVvyHDnv
2n5PbADyQXeCMztD5wnZjF3Nn2w8PmCmqSQ68TT6Q6KX
EoEv8EebiUmXAC64TkiWG68F5cjKY74M7Pq5zYFdC7c7
7LgReb5k1eUi6zarzMs3VWDJXD7231m4C2EsEstfdXCg
3mWmN3bfrDzJBU2UbXUfjQfoXUnRonvBfoz93tCMNKHs
D4QNvoSqUzCeuxXjUqsk3Azjx5eSTTZa2UGg5CkCK374
9KtcWdeMg4Q3Tk1bbG8LBcBXDUYcRHia1ZuKhtRu8PLK
97xAKp8FjyXkiYqTtYWN9ArD7KxTevzaCAo7VCcwLAsK
ACvPUFsShe2hb4ydNhvfKwcWMPBaE9G1XfNXNZGkScAr
EyocHG3vukUg8tjserz7EypSavCZrNWwr2TNT4dNcdS6
D6muPUw92CPkWwv8PaSp1vSi1Y2ebCPXgkhUNBRXQost
69Bc2Ddvhud6dLVq8EQSnsAYoQWd6xcz2uv5dXGZsRoW
HMjXajEW46a8pFZt22oKFXkuuYUPNM1UGoQznCVaJX7e
FpSrQMhnYa8YRnEQqKstyi8DYsMvET71CPfnmJkBSSP5
3A12BaejhfnW6q2uAHa1pcADTGyiAytJVFyY7Me86ZTR
HJM2Wg9cVyukVRXFVWZu1rMYSYM3cgmha42DtJSmDV1K
63v9R24nrAM95WYcYhZjJpYchudhANCDUUwgrqnrzGF7
C91QVSPebG5w5SP8Wg97bqfnnNfG6j9QDuTFC5EM25jz
8gChtKNEiUGRjKzmPBiBjeYKzeukEsxY9H8SrBTdRtYH
9dvBAb9SBMDGm8KSDRckRwhbQGPoFTH2CiH1axy2fyBj
B2xHAEupwfcGLvmrJZmrsAFdC4qoQRpoExjn9uZbDZyH
b3EeBpVifZ4Lxb1qKe4c4ptBTc4yt8KPo2AQwhyDLjw
7LxmtZRVYH36aRwM1jyJLPqr1Lt7DoeGhRU7d2XNu4n9
FWq6JAiMHq438GsMFs6PEtn5yu7kFyFB4k5VLRdRPpw8
6NvYLUJk1kXGToHmevaagExkTFsWypW53N8AxoKXrjPR
H5WxquTYLw5hEVcGZs16oFaT69ShkFCKe7TXpbn9kADm
5g9P9YJNPxRMTZtWTPyRkUmdvaVae4MVjhr1ZHmHYbRH
CN73dyGHvhfN4djn8RQCDYein6xk1HTaAXaiKqHgrq1y
6sSV6RqtPJQNLMWnPrXdAehshU3xJ4eW27wN31RWfjoB
5ffREb952Gi9apxr62XDNhKUAUy2nTEExaPYyTnz9YFm
D7FG3Usyvwh2t5Dytrpfbh2nZwLY7RgMyAS19TDXCzMd
AEUto3eFWHLAmmVRq3Vo2fmHXwte525jQGG6D7pN4RRd
3D9Ai67KykEuem4n75G7R9aCt8zhRz6g5Gaeq9jzsKcG
AaHjb63MyqP24NZGMCg8MNfzAojc15uR8JG2ZmHGYiRb
CGjEexuki8tYteRxpEEq28ivbcsV8aFmhJS3RTZzM7vh
Goxdxssq5wh3uVEKgupfLZmzukLQVHn6nynD4dZ6p1uF
B8unY3f1mc2T8CoSFsdmo13Stj4sXZYTxLtQwH2DwyvZ
EZsxgTx6JXqZS34sDynrFkKD1Q64Eve7AW8FjawFfovV
4bvarhf6ayRXYr4rPB9K3qrHH7fNpc2zNb5wPp4PXj3x
9rrTtcPunmFtuz9DfDXRPWYu39hJkNXHxzhHtyTzaTg1
EAdQAdc25Cbyyo6pEjPc3v8tJyTnBNsF9VJJd49RvzoS
8LWMNNGMo7FgZwbpzRnBJ6g7AqTjn9TFbBs3rMANYXWT
