Transfer 1 tokens
  Sender: 9uy7q9YpqP4sabze9uWFLKnkx3TWbeJwodA5jZiSUt1d
  Recipient: AzmKB7i1dJucc5Ec1mxpoJor662CDFKAAWRstWDtrmaq
  Recipient associated token account: 85Spuc5kv1HbHC3mtchLzxf86JCzkoEs72AqHrUfND5n
  Funding recipient: 85Spuc5kv1HbHC3mtchLzxf86JCzkoEs72AqHrUfND5n (0.00203928 SOL)

Signature: 5tRNNnAwd4gBGj2Ed2EXbgohHrtBtBhZUDDRA2N29DQAXxZXR6nHGKcDvgoSLf5TfUY4zdJ91yC4CoW3s5YnVS9a

Transfer 1 tokens
  Sender: 4FjY3NxArwASpWZ7gpc9h8emm5meX1A5kXJKL2ntrPDg
  Recipient: 4iyrFcX4gZq2qph8DAvkPp5NEFdfEV124uHivUJgiwKx
  Recipient associated token account: 3LHV4MrTq9tZckhez1tNr3YwXDxnLuXv4ko4vjM5VEJM
  Funding recipient: 3LHV4MrTq9tZckhez1tNr3YwXDxnLuXv4ko4vjM5VEJM (0.00203928 SOL)

Signature: 5DQHTgEbmTSib945NL4HBWRxhkeTFyJzdgMGHniTugrrRqX7Zr3DSjkY9PJ3YoJkfnMcD8EBNCnCKTYaiYmUMJzp

Transfer 1 tokens
  Sender: 9x7TE1asyM4s4AXyqJ7a5JSF2iL9wQoVnWtsjZ8NGhWR
  Recipient: bae93fAqQRbzRBwLnC5ZeDt3j5uX23nD62B3pwvpgXB
  Recipient associated token account: 3xCiG8kBzFZMWVRWPryxZfqHCarbkgzpNzE9qPXENEGM
  Funding recipient: 3xCiG8kBzFZMWVRWPryxZfqHCarbkgzpNzE9qPXENEGM (0.00203928 SOL)

Signature: 4VNni6s8mE3ecqveVJ8jBeshknUuP9ePctHeuhKC9CZpTVM37cU5zYkPpepw4ed8nuvhdLTdfh8tCaQBMK6ZRKKC

Transfer 1 tokens
  Sender: 8QvyHn8cUmDFBCxUfY1Vw2MVuX2jyiGp4Jvdf5RSweSS
  Recipient: CA2YSCaxW4spUDYBtTZ5F8HGmFq5wwS8enW92bDM9qDy
  Recipient associated token account: 6uStAARfraxAZm4DbxkuVjgAjLbNUrMQtHEqtPqz2iCi
  Funding recipient: 6uStAARfraxAZm4DbxkuVjgAjLbNUrMQtHEqtPqz2iCi (0.00203928 SOL)

Signature: 3p6s7PAsa6zKwmvv8VLSendv2wpWNBpwLuiKgwGXYecZD13qnTuqacefi2HJZajZ8peWUer3wLBVAL5fZtTWXK9v

Transfer 1 tokens
  Sender: D2dfEKpKcaS6MqT7vFy8r58KNrG5fpDFrVSZkz3Vspuk
  Recipient: 996Kb1a7W4mqbR6qxzEDBHJtaJv8bnpWmegLJxMtpg3R
  Recipient associated token account: GRiq4sXgX5RtZ3qrvqZL9CohfGeDBu97gAEbcLiKagMs
  Funding recipient: GRiq4sXgX5RtZ3qrvqZL9CohfGeDBu97gAEbcLiKagMs (0.00203928 SOL)

Signature: 4gkGesUkka5Sb2FxMzLta1yFVRFrW6YXL9wAS2xkyd8VdSsVDUH2yecAz4xU1BeNXgmKn1jVyeue7NBmtQToosLW

Transfer 1 tokens
  Sender: 6bShn4aWQ5ytCLF2arPtVTd6GvMXacVe8ZLJPc3LiDB1
  Recipient: 8hZ92t2MkZ3pRG4BvwdxFWTmJ7ZbU7wma4kGuwwb4Kjy
  Recipient associated token account: J4L3czjxWofQb4KhDVFTAL1Tt8Dfbraj1vfNbyUJuRFR
  Funding recipient: J4L3czjxWofQb4KhDVFTAL1Tt8Dfbraj1vfNbyUJuRFR (0.00203928 SOL)

Signature: HJ2XRkhXzDJt7vA6QXiSqgGuc7hGb4DENsciM11J8QAKbMKatuvFpPTNJYBf1ZJwHe2FRuvMMEmKFSQtmWCZ5d8

Transfer 1 tokens
  Sender: 21roQFRQcDu26BGSSokW4mW8pXRPWiPZrHSGLMoLjcgW
  Recipient: C6DPcuuMb8xBgAbFeygPufoy53DVRYNMQLzxeBLEVXcZ
  Recipient associated token account: 5r5UQKgaq1cda6uW4feETeQeXkdF6oBxhXtwcoxSFR9V
  Funding recipient: 5r5UQKgaq1cda6uW4feETeQeXkdF6oBxhXtwcoxSFR9V (0.00203928 SOL)

Signature: 5pCZxK8ncp7xuWVLnTdefqpEW3uFach955AEbGoDAv3GBuFquMtW4JfUTmBUiTitX41hqmg9R8A4dN6kFFrrh7fk

Transfer 1 tokens
  Sender: F2hqB8h6Lizht33UEzAY2BUpEEkS2ZsYaaVKzCshGQ8t
  Recipient: 4rKXwsNPoYsP1doRNc7HBeoGUFpR12LzNxurm76om7US
  Recipient associated token account: Bu5nzsBAPHAiwCrMvdMaXYpwDpJ9NgJ8hTDYzs6Xgc7Z
  Funding recipient: Bu5nzsBAPHAiwCrMvdMaXYpwDpJ9NgJ8hTDYzs6Xgc7Z (0.00203928 SOL)

Signature: 5TJNBew9Bo94Lz7ijaABPzfLpYyai7xGyJtmF62C7jUvCsxtu52RdffKzn74dAWpGLyoAj8eMCtAmJb696BQ3dyC

Transfer 1 tokens
  Sender: 6eZqPUkchxHsAaSR3JttUjfiqFp625h4DRKsUVBpwXAP
  Recipient: 8w1daYHzhTCuwHKiY3qSzZgs8xTFnAxCThg9P9HvjEcQ
  Recipient associated token account: GjvPmCXUjTq7C3xaxhK2WP7wUS6uvEumE9narMM1ZnoU
  Funding recipient: GjvPmCXUjTq7C3xaxhK2WP7wUS6uvEumE9narMM1ZnoU (0.00203928 SOL)

Signature: 4gmBs1W6amw2hihuFTj6pDLaZBncvScNK1rZzLhr5tZJA6BTTjEMYV6HbQqK4rywrE9Dxs6ymChXNVVz2oS84nhQ

Transfer 1 tokens
  Sender: 8RSFraq3cRGjS5QLdFCuRNSZwgJMcmLonziR9NoazAPn
  Recipient: DCGCaZhzfAXghiAAsfbBdpQzFwYzRvbVJnjUebxEmSD5
  Recipient associated token account: 9y25eqHfnC3G9xMMw8fkTXSUns5Bx3NN8JvUdRnHtUN6
  Funding recipient: 9y25eqHfnC3G9xMMw8fkTXSUns5Bx3NN8JvUdRnHtUN6 (0.00203928 SOL)

Signature: 3BJ7ENJ6vyYGBShyo3V8kAn54Tz6PAtajrLTg3uw8vm8BrKVtJmTct6ToQnu1DhBLdJXMTimPvpcQZgbBFR9pYBP

Transfer 1 tokens
  Sender: 82Z1BKm5xDCtimX8EADCfJiM6g46h3cmkYkgi6gxrpwF
  Recipient: AB7asjBRmtyFkTYSnesKRLapkeceJTFt1MuSqxAf4gHy
  Recipient associated token account: CHKPUo9dkzmZ5s8ywYVnz1aC9YaX2CLtSFBSp8PGCFyp
  Funding recipient: CHKPUo9dkzmZ5s8ywYVnz1aC9YaX2CLtSFBSp8PGCFyp (0.00203928 SOL)

Signature: 5jLTLBz3VcpSSgcvetCLXhuTfRWZotQyhsRVcJGsjW2jrZnw7opNfPVPdCJ55Jqj9tXLJkKdEX1nwM92U1HRdAYQ

Transfer 1 tokens
  Sender: 7RBXdNYnsJv4ChoYDuapNRfGE5Pg2yukZ7zkcD3GArDw
  Recipient: 9sDivuHE42V4QMUdZrwgsjtFyDjdZXgJqR1BdP8qLM8T
  Recipient associated token account: AeEdFr6P7qtHdg9P5Dzr3gAZnX6JHNv4XvVUePtKkGX6
  Funding recipient: AeEdFr6P7qtHdg9P5Dzr3gAZnX6JHNv4XvVUePtKkGX6 (0.00203928 SOL)

Signature: 645ksAMWeRCSUjqsQk5qwTYcrbYddHhfnvK91xfFDxtMnkqPtQuUschCNHHpHuSx6kEYjNTRRKZXpmzYdYJxc6mG

Transfer 1 tokens
  Sender: 4NYK91iucasiSKJQVwWj41p5sEi6VUoVEWHf1CgDFBn8
  Recipient: 2cUr1V1n4QvWyT6CchmoSxjAd3HhvsonHK4X4Ai67PBx
  Recipient associated token account: 5LXpzeFCx1bZ3kQm6gn8KR32WVQjDj1N7Yu2NE4uyofA
  Funding recipient: 5LXpzeFCx1bZ3kQm6gn8KR32WVQjDj1N7Yu2NE4uyofA (0.00203928 SOL)

Signature: 2rY43VWdnpTAoLaPxViQdRC66Ccmsyz9Q33TUatihu3wmDs4v7EpgHwskbPcHEA3uHXFrMZ12cChmSt2PQVSfFwM

Transfer 1 tokens
  Sender: d2wRbnitNiQBKa2vFRWFq8DrqP58EY1Tpbraf9iyC2a
  Recipient: six9qRG8Rve5CSGkc4StmyaXJt3FPknyQLhbQRMpDF2
  Recipient associated token account: eKyZeLphtHvcAVr1yfPGpndWoDmL9KA4KPpbhDH7YGo
  Funding recipient: eKyZeLphtHvcAVr1yfPGpndWoDmL9KA4KPpbhDH7YGo (0.00203928 SOL)

Signature: 4ACVH86farHfhsFd47vE2qXKFK5HF3JBGLwHCrBQyJAxdKyQJvums2JNtbtgxLn7Ln6CHCLwbUBBYwj8Ri7ieGVy

Transfer 1 tokens
  Sender: 4kSe4Y1rqGDkcNjiVg63MKLAraVPMY7azgp7411ccs2J
  Recipient: 8jM2e7C64cuhLd9Jc2UAQKUiCfgB6nP5LiugTzwoeb7A
  Recipient associated token account: CwzuCbmZFBU8xtGZADCVmJKY15MNmpbHHhpiZEuAGkss
  Funding recipient: CwzuCbmZFBU8xtGZADCVmJKY15MNmpbHHhpiZEuAGkss (0.00203928 SOL)

Signature: 4RBBo9jSzUfGNkWJgCvzu159P7YrH9NbinN7zZgdWbjcdWTqF1uNQANBzuMsoryfufhhz6MS5Uw2A5KkwL1HzBJe

Transfer 1 tokens
  Sender: 6tsD8MZAUVt7KZzKmTqAgkZEz5hQ5rpaSehYF6c5i9DD
  Recipient: PNUazbVrdxgkHu9s864orN2nPAD7P6LbdMbCbgLUBki
  Recipient associated token account: 36J5pwi9PVLZiqBARDkmoJk1KJ71tYGK1Q3RgxEvUPoR
  Funding recipient: 36J5pwi9PVLZiqBARDkmoJk1KJ71tYGK1Q3RgxEvUPoR (0.00203928 SOL)

Signature: 5eBnJiVfx9eEAX91xEoQ4JAxzWF6Qrp8dUVgWUrdT7LsVhXeB18Jdm3WhULrJaAGKQ3juk7NuKVnH3t3xKNxkonG

Transfer 1 tokens
  Sender: DkB3yoD1Km9P9p6WvzdHfrTnLSk84BVnteT5A6XjBSFG
  Recipient: BXMTKKByDZfLSpDhjm7n4V8RXAnAWkT5XupcuU5kNpMP
  Recipient associated token account: C2T6Z9dw2yEnC8YwJdDp6SyJKtNjS13Jgcg8TYPhLGLN
  Funding recipient: C2T6Z9dw2yEnC8YwJdDp6SyJKtNjS13Jgcg8TYPhLGLN (0.00203928 SOL)

Signature: 3H7smJAmBfeyxs58YCX1GbfXgyzM9ie56vgPG9ipZgrSLECek2m6YQpdg8Fo4BXUpYDt29MbiFV6NBjx8w5UNpNp

Transfer 1 tokens
  Sender: F4CxCJbQozmM6Z5DC8MQEeoX4QyaUohnHkFUWiWJ3Qc3
  Recipient: 47ZJRamq2rvTVxcFQFs2499ixJcmSXCKgb5FRnifYNsK
  Recipient associated token account: AzCNzYXHDkZkrWvVEEytypr1eyvk7sNa1Ns11MnEs1Qn
  Funding recipient: AzCNzYXHDkZkrWvVEEytypr1eyvk7sNa1Ns11MnEs1Qn (0.00203928 SOL)

Signature: 2LCx6nyJJjxfN2PiN9SdVhsWvVT5xvqC8a2nXC2EPjXj4WhArrp85BQdDHrKCcSx7zwBFjpeYFxTXCGcyZdH7Wiy

Transfer 1 tokens
  Sender: 6uoHoigoL1By7Ckoze4c1nvJYFhfvXSh3Qke8vXQVUAS
  Recipient: 6uWDr6tgKgb2VKRVFrfJDAL3ivaTnSeAN2pt7aLoKbEG
  Recipient associated token account: CSYyuBTuU8Cj52zUnEzvPMUJaCz1z9ZPZqRLRrU8qbQM
  Funding recipient: CSYyuBTuU8Cj52zUnEzvPMUJaCz1z9ZPZqRLRrU8qbQM (0.00203928 SOL)

Signature: 5CYzUuokrRqXrGW5MKczTXDg8JJC5BCtfR3q62E7Fpc7MEHZde4Ji92LP4ndV9sg7mpfJMZrBmKSiFaqXuLDkxgP

Transfer 1 tokens
  Sender: EowcWGjTFD7yisEQn4JfmQZkhrzjsfK3BKNNjpEr5MHQ
  Recipient: BtbxfyPx5v82dcKYZTU73Nww9esX1T31t9TPjSw4LuXp
  Recipient associated token account: A5Kx1FgKaaiivBxGaiSVq8tnLnNrtKvMi1UjBVsjbbNC
  Funding recipient: A5Kx1FgKaaiivBxGaiSVq8tnLnNrtKvMi1UjBVsjbbNC (0.00203928 SOL)

Signature: 2xAX4metWbEvNBDbEbCtcLoprUq9N1zEcWvAkBYFM3b8BFoZazKavwdc9g8ZKmbavGzXfZamnhd5ze6Fz8pvyCkJ

Transfer 1 tokens
  Sender: EmXantSA9b9P7kdsFA1nMuxcchQ6U4hvdp5Kw1FQwgxT
  Recipient: 58UwoH8r8wQzm4C5iSPmSc6fkDcnuYARKQ2mBm4f2c9e
  Recipient associated token account: GoRQAyJv9DLovEhWCFBWp7HeaatRKPE9Uo3rjAxRvRGj
  Funding recipient: GoRQAyJv9DLovEhWCFBWp7HeaatRKPE9Uo3rjAxRvRGj (0.00203928 SOL)

Signature: 4Vo39MRYNGrUJE831uPqsR6w98m4DoFkH8kf6cZLhkKdyrzQfG1cUdgAJA5sXvZZgUQMeonuJeCQgCaLaXER6VCm

Transfer 1 tokens
  Sender: H3LYJPZaQ4mT5p8tEDMJiYWfm2ErD3u76zmtkBqWRwNP
  Recipient: hF57bqov6UrfrLybHm32BmoUiKMFN4Eo3Xi1YAeRZpi
  Recipient associated token account: GCPWghsvnSVs5eXrWF1heemjrT8erUfSuxM1ZJswSNTZ
  Funding recipient: GCPWghsvnSVs5eXrWF1heemjrT8erUfSuxM1ZJswSNTZ (0.00203928 SOL)

Signature: 36N1PvK6taC5vmewwBwEZipcfiZv5iZxj17T1XwfY2ph2rekZzF4k6acmmpDRn5yRWZSvCZj5M62qrK9yUAszDTA

Transfer 1 tokens
  Sender: EuSLF2FM6Hm3dJFk1VJVrMZr7uyq1F6Bd6ezS9qq1kwS
  Recipient: 9nF2vqusHupTTNgw3quL4f3jorvPdJ8VBPv3Uw1xt3Mv
  Recipient associated token account: 21CYgaAY7Gjdz3qmaCY22Mg6pFWAc2YZpuBMJzZQaBCX
  Funding recipient: 21CYgaAY7Gjdz3qmaCY22Mg6pFWAc2YZpuBMJzZQaBCX (0.00203928 SOL)

Signature: 5FWWSgcUicH7XeSY5JYQpF4ro6d8gF2YNoKvkRsLLzs66mQpQDD8Kf2kphWUQGqcB5ewhq9xnyqdBfYBFsqX7mVk

Transfer 1 tokens
  Sender: 8YFnUeK2ZPK6V1ZePK5NamMHek3LotapnR7M8RzasnMn
  Recipient: Fdvnw3Eq8nyTnUP7SFpgp6idKxaNPZsSnCKYakgTzGTm
  Recipient associated token account: DwMdmQp71wMhNLT2bmFLFyFMsZSRVBdwJgHeEo48E7yN
  Funding recipient: DwMdmQp71wMhNLT2bmFLFyFMsZSRVBdwJgHeEo48E7yN (0.00203928 SOL)

Signature: 4fk5XYGFgV3gkEnNbGEXrQqYdxhmWCvaVYNxWBAgsmBee5PoYDRtxyBf9HiYBbFtQELJgbwd6egNZfMLBSJHVS2F

Transfer 1 tokens
  Sender: kfauGkqPENbAKSu4GxobQhTtXPxAFDUR881y4d8f4aG
  Recipient: 6cxR31FgTSxgnnS2cdsjhpbzyzYhpdJVTrxdHmnM3uBw
  Recipient associated token account: 4hEaQSuvFLZtjcy1vsreSNXorBGMDr46dFyCYX2y3m85
  Funding recipient: 4hEaQSuvFLZtjcy1vsreSNXorBGMDr46dFyCYX2y3m85 (0.00203928 SOL)

Signature: 2XdwEjo7qjaqkoDZ5co5m21eN245mjeMDn5rCbHGuhJ79tVjLo9p8vZpeyqt2whLqKVZgi7wb2FEX37WWyY7yyUF

Transfer 1 tokens
  Sender: 5Bb2RhTpXZ6FpuADAgFc7d1Rn77n5P3MvpCF1ENupbSt
  Recipient: 9ALakWbp4ododvgodMSPQRzVtYPXH1M8LjxHXFDkPds3
  Recipient associated token account: HeRGiQjfQsU1EVkUCjmtQ8bGLPxTNwhAHo7hKwqwDaMg
  Funding recipient: HeRGiQjfQsU1EVkUCjmtQ8bGLPxTNwhAHo7hKwqwDaMg (0.00203928 SOL)

Signature: 3acChVmXobE1s4YnGSrV3nL5GZqMLKqW1N2PPjasfuYdtJn9rqpnfeUGgnHUaoDA2cW2sDhk7rtfugU6QteAEKoY

Transfer 1 tokens
  Sender: DYETiNttFV1yKfD6iMUsJYHYd3wp9YQWFCtTEjoxyUfC
  Recipient: FyZ2E1a5nyKxvBT2ZekuerMGp2W1T92K2DxtLfmta7tp
  Recipient associated token account: Ag1rHrVtAsuakHs28WF5fmNi5uefwyjSr4R2fbDwKUFv
  Funding recipient: Ag1rHrVtAsuakHs28WF5fmNi5uefwyjSr4R2fbDwKUFv (0.00203928 SOL)

Signature: 2fXT1m86EbRz53nJ4RK7xEDMkdc7eaR5rpjHaAj4rDCzbpmTSDpubLBCtCMhbifs52dnfvBSrQz42sHAC2EjcQXB

Transfer 1 tokens
  Sender: C9tD2hFZ8fJNMrWpWNnGKLxigSzfoeKAAYDULfnwZGbD
  Recipient: 9vTVgL5yTaRSj1QThL3jViVdwZTiwvPzqsFs4eHdjZjf
  Recipient associated token account: 3AVXkP48apmEgutLDYfskJBPMcSZf5jw4hEuaruE1EdB
  Funding recipient: 3AVXkP48apmEgutLDYfskJBPMcSZf5jw4hEuaruE1EdB (0.00203928 SOL)

Signature: 2M92kKLg4VuraGUh2Hbz3KjxxkzuZKsib1fALtaXgZFvVCUcAbXiPcLAY4apJUFiMAiNmMpALrkwdCHoyzEui2Hu

Transfer 1 tokens
  Sender: 4CkTXj5nKS71AbX6dc5L36xyGjLZRvZWPEfkwxyh6CsY
  Recipient: DqpRzMNQRkLFg3TQy92xkfthStrbqfPzLeGrz5WgeD55
  Recipient associated token account: 34CbigHpc5Rvv3uXLtdfGgALrwLVnGMn5H8We3Si9fDs
  Funding recipient: 34CbigHpc5Rvv3uXLtdfGgALrwLVnGMn5H8We3Si9fDs (0.00203928 SOL)

Signature: 62DeWY4Ste6qZVdt3iqWDjGEs57Yp1P6kkR7TzoMGRmQnFAzM8uM5WjP1Bmby2uL28P9eoBCo1Hqt1MA3hA2fu1N

Transfer 1 tokens
  Sender: 2fe4guFHmDQGNiwwrSFUiQvt44mv7LEBgLpiLmWv9Y5P
  Recipient: 6CfjjT5Cyy2RNgn3wiGSuU1Q2VhrvHo9DxbMPwotzeUo
  Recipient associated token account: 4SBSqdiU5DCDvNx9kX98J2BZAKN8rv2hVZcEsuyVS7gH
  Funding recipient: 4SBSqdiU5DCDvNx9kX98J2BZAKN8rv2hVZcEsuyVS7gH (0.00203928 SOL)

Signature: 2kf1xKHcbLNGbcwJ3PSt7UrLbVikQjbRoxjM4W3NCs6FFKVwUviJ8rYXnZMnJusii3hbVLdgMkRQo8uTzxLUZSpN

Transfer 1 tokens
  Sender: 5csRyEeHn9tM14uCN3AY3QE96UvRhDDEtYUw2Kw1bMMG
  Recipient: 6QmKFsYUfd8nxLufRojQxWQj4TGhM6ueJudmPd3NxbHY
  Recipient associated token account: 7gu7UJQzBiMNMcP72MjQgmrD8scQNr2FXgL9cVHnFVfJ
  Funding recipient: 7gu7UJQzBiMNMcP72MjQgmrD8scQNr2FXgL9cVHnFVfJ (0.00203928 SOL)

Signature: 4sK4WDrEsTFiwB2q8wLPJhDodqmvQ4HT9k8DyUmopNU24S6fhX6nVwqBKL88tNWXmT1stSnmxpdPDpxDpZemnDJF

Transfer 1 tokens
  Sender: BdPsg7ERi58pkkPwQZKkBKpA4UGih11a7ir33pvFc2jW
  Recipient: 3eucHmLaRJzL3d3rzYx94KvxcVhR4ESLo9R9hhb5Snbo
  Recipient associated token account: EZ2ALoAFL16Z5qUENRPzAEz1yBTncVzQ6A9qdi2X8iJX
  Funding recipient: EZ2ALoAFL16Z5qUENRPzAEz1yBTncVzQ6A9qdi2X8iJX (0.00203928 SOL)

Signature: 22qxzDMXrvbmdwKJduo29thvrZAQxH5eGni7g5kQaRcoaMUtHb5GWX6ygG1xTxsK4U7LfS6i3Z2Nesg9ve7FE27Y

Transfer 1 tokens
  Sender: 5sJ6SDHWcVzzQETnH1ce91Xe6NhgQuLoWGXsqkyT1SXA
  Recipient: FpSrQMhnYa8YRnEQqKstyi8DYsMvET71CPfnmJkBSSP5
  Recipient associated token account: 8j1jkUFy2eske12oR8Tu2cZSLG4aGbX2nS6tJb46XJdw
  Funding recipient: 8j1jkUFy2eske12oR8Tu2cZSLG4aGbX2nS6tJb46XJdw (0.00203928 SOL)

Signature: 47KvcrfKFRgBQpzYpAGZmFVRFMLytgNYXBW2W12GLBWHD9QrKEAEUkveBbfasjnDKEhFX7E6ojqDvybU7H17ivNB

Transfer 1 tokens
  Sender: 59SwUW4M9mb6yFhpe7HqLa3AcTssDrNPCnuzsCsrc6qx
  Recipient: HYpWUkEfCAd3RhybkPRhTXcCMu5vNMm8gge8rgrTwpSo
  Recipient associated token account: EnF5AsKadYjaNXm6HBA3Vs9yTVkyPbnuT5Zxn1kKD8Fb
  Funding recipient: EnF5AsKadYjaNXm6HBA3Vs9yTVkyPbnuT5Zxn1kKD8Fb (0.00203928 SOL)

Signature: 2rf9pW18zvyNNp9t58GpSWw3RcKT5yAqqF74oarw7fMbXGtm8xawCdApq7d1waKoqRFS4b6pjmohVxBxuZAhXgfe

Transfer 1 tokens
  Sender: EM1bJSmZ8LfU8ARQUk6YBWTGjain3XPkbSNMKairnngj
  Recipient: CakCB2mYApvhtzJWgmejHjuTAVDGbBk5zjzrDctgkxjM
  Recipient associated token account: AEYjdx43JJzqR5kGEDz5FSEbnQK8r2gurLyYEM8MLNjF
  Funding recipient: AEYjdx43JJzqR5kGEDz5FSEbnQK8r2gurLyYEM8MLNjF (0.00203928 SOL)

Signature: 2LNiL2oZaWPkgq3jBmm6pTdT8LstESfu6i3PCnMq4mhP74zBxHrhmbQERSHfBkEHzJK9JhVHtW3Qf6As14TZAUg

Transfer 1 tokens
  Sender: HU562cqJxawyqQYro6wGURcE9m9G713uam8A5LQZ5jeQ
  Recipient: BcwzmAJunqVo7M9PHuUn3srQJX73bd9xr5fJseCDGAZm
  Recipient associated token account: 2cgTsYmf7CrhiJubJGMPfi6xxVbBBr2k4vsdBoQ3CgkU
  Funding recipient: 2cgTsYmf7CrhiJubJGMPfi6xxVbBBr2k4vsdBoQ3CgkU (0.00203928 SOL)

Signature: 2atZoWQyycjTVb9qEUqQysEAwoTZUkNbJdfAi7KzoTuTNeagnYfAtNqrVWpCd6pwJg6rKQ5NTjHK4rcyt6sBgq7t

Transfer 1 tokens
  Sender: EZd8YpDDfAcQZzR2e7wJj7HyFNd4qDz1wS2Vj11pwQwc
  Recipient: AEUto3eFWHLAmmVRq3Vo2fmHXwte525jQGG6D7pN4RRd
  Recipient associated token account: FqgW3NM7jG4BWvQqcn1fJh6xXLqxaxshzWbCWNZbCXu1
  Funding recipient: FqgW3NM7jG4BWvQqcn1fJh6xXLqxaxshzWbCWNZbCXu1 (0.00203928 SOL)

Signature: 4nnDvJYA98gTnZc5fXBUmxv9youwTAzrKBKp7RMg9Gs7DoksEYKVPV9sxPFNzHgwcGjggiRtbJhR6kEeMY7caV22

Transfer 1 tokens
  Sender: EXjESr3GWiE3hQf7DWb3phWibHwUxZqYnGJMcrrbSz3M
  Recipient: 5joCx1NXJb5hkJEqTRPuSiuHYJ5wa5gko55syyVgGRjt
  Recipient associated token account: HkP6nwop8Fpzacgh8PTbDC6B2jJKiJ76p5ChyBwWtXkY
  Funding recipient: HkP6nwop8Fpzacgh8PTbDC6B2jJKiJ76p5ChyBwWtXkY (0.00203928 SOL)

Signature: aihve7uZxy99bokd94zvLoy55hqEmChGeNdYPTh4dWP24QznCcdMAxo9Sg46aheDBqgMcvNtL6is1Jpkt7EpJeP

Transfer 1 tokens
  Sender: 41UecNB4BkPhA5S1WfUxxyA5mqtVKhYcuvQGAL7W5r8N
  Recipient: GT3Vxy69nfjea3eQs4iicCDz13vB9PL4HiNw579JBcoq
  Recipient associated token account: 2W8Va9DJvaoyhWxvSYQtrByxsT8txGVtXfXWk9JckW1Z
  Funding recipient: 2W8Va9DJvaoyhWxvSYQtrByxsT8txGVtXfXWk9JckW1Z (0.00203928 SOL)

Signature: bJudDgBbiNsEyBDEvK3g1oNdtAy6Hmye6NnLHJp9fGbiA2wKQwm2suAjRJPVGmNmHLbXFSvQGCffLFRq8MuBMYY

Transfer 1 tokens
  Sender: 7aUXvxehVVhakSssGc24vcpsGx3v28PF3ESRt4MzqY9V
  Recipient: 8eeWesjTSLG6Hdy6GV8bwjrBCEnwY15LWTkyHtGtsUB3
  Recipient associated token account: AcwRSpqR1UWCkgM4Rd2pRQ9e6azNfdFyPTSCUcTzV8aQ
  Funding recipient: AcwRSpqR1UWCkgM4Rd2pRQ9e6azNfdFyPTSCUcTzV8aQ (0.00203928 SOL)

Signature: 5ff6WtjaiVyK8uv64mVeEAA9iS7Nvurqcfu3gwmd6YvnoVrnpnYVPqbue4aj8R6GbeBcxEEJoKQVqqXBKHG3E5z1

Transfer 1 tokens
  Sender: BETsAVSC8bwAEtxqxtsoUDNU36QTkg425P6ryZCSHwWA
  Recipient: BSJrzadoQ2gqLwwHbGjDrU9WcKCxFVvbmnPcTHn8TNLQ
  Recipient associated token account: DHAQGtSpnnSTr92C17fQ83LkD9tr9JsnFahKUk8DcWqG
  Funding recipient: DHAQGtSpnnSTr92C17fQ83LkD9tr9JsnFahKUk8DcWqG (0.00203928 SOL)

Signature: 2vZyVin8319qdppkVL2RTekndMHq4PCWwyvtj4B7QDuDYpaQjm5UdBfEyCywFzGyq1LxgfnZqXZVkLtgm4K5xpey

Transfer 1 tokens
  Sender: 6TNijqKD7HHHB88GLtuwYc6ARk2Vv12nNmGhaHmoqdda
  Recipient: 3MsmkPefAd1zbtJtsrrR61pFLmXYGxr3d2BK8wt6QYzK
  Recipient associated token account: FqN8ybrL2AvfMVkUqLA5hEMPnbm9AAnUJaQTsPX5Qoa
  Funding recipient: FqN8ybrL2AvfMVkUqLA5hEMPnbm9AAnUJaQTsPX5Qoa (0.00203928 SOL)

Signature: 3pKbG2Uo2Vk9RhrLKqStRMndbb9G5etAnbvD6pFo9LPs8nqDW85CRgxpqnLzjfuKYsTnAAHvFW38rHrFzY7JBcVj

Transfer 1 tokens
  Sender: HLiDjryhCpr9NhVj6oRwm2zMLdEASMowBteGaX1kxii7
  Recipient: BQ6W2opUUbyd3mVpTX1NRgFWgqBxyt3FSLfSR6TXQRug
  Recipient associated token account: G66pzNm38ucov5Fx8UjiPGWvfi7rvTM2FCWnShtTPF5N
  Funding recipient: G66pzNm38ucov5Fx8UjiPGWvfi7rvTM2FCWnShtTPF5N (0.00203928 SOL)

Signature: 2hDKhWumFuN4CWatHtDrxdvaGNbdaonu5h94P9kwDCbtqhutWpGaH7wzfsCwAij93AomrmXTF9h7bGKWs2Y2Ux2b

Transfer 1 tokens
  Sender: DiWXRcjHEsicw21WAFCB9ziGeKjzT36duBdaTtTgp36L
  Recipient: HXFXWxrQhrwFt8RPa79CcM5R8TsjzChsrrZQBX5ivZEK
  Recipient associated token account: DuQQgrQfRa7anrxwbHoV2Sy1VU3PNnMPn3TXHY4ARqjx
  Funding recipient: DuQQgrQfRa7anrxwbHoV2Sy1VU3PNnMPn3TXHY4ARqjx (0.00203928 SOL)

Signature: 5GV9rJX6fUgX4oVnjSxKpxjEVUaCjM8DGUJUB6kC5BKUbmErwd7n7iLNdX45ximVtZzyjFGCTdCxCHKtzFACApjv

Transfer 1 tokens
  Sender: EY1iZA28861uvUfQuYbGTMmQGSy4V6mRXhX4dzCRzNWF
  Recipient: CzBuPFMJQbPLw6k3B7z7KNBwMWfJZZKTFBYZLhYB27N1
  Recipient associated token account: CXFZjWkUvPdEttq8RwahJtY61sm619ckyKaPVKDcwvZ5
  Funding recipient: CXFZjWkUvPdEttq8RwahJtY61sm619ckyKaPVKDcwvZ5 (0.00203928 SOL)

Signature: 5C65kVujo5BEy7NdbymRyMVFQdavZRNX96ZediEzHZWt27hz63RojQi8rTMwghKXhA7bqkLpPYKZLBqGNwhE8NUG

Transfer 1 tokens
  Sender: 3SQykZRyy9KEvwyZrEhs1xkHxoZPpKLPFuTMhidXtDw9
  Recipient: BcJnHyCQE69Q6CpUZCXh65HpwapbtsgBEREpvuzmwDvs
  Recipient associated token account: BXuFPMGquoJhj7Dz1XEP5XwwxzYYBzP4s8kmWoLGi8fD
  Funding recipient: BXuFPMGquoJhj7Dz1XEP5XwwxzYYBzP4s8kmWoLGi8fD (0.00203928 SOL)

Signature: Zw2iXQyPgRhNG4CF7cNRuwkgj4AJBCsszs6Cjw6df84BraSgGuAgKT7Nq8ERJDy358yHwD9s5YBySE38Civv5Jb

Transfer 1 tokens
  Sender: 9yQJDTwAPgd9bjxgTPSaRdDWN17AGi3NGBJhgNU5pH21
  Recipient: 7KbmFStnBVAUB1NRKuNFdhzXtj3mfAT4jHLXoFvFFSaS
  Recipient associated token account: FbDVi2wy9SarqmEP7CSEpRWa1WdMTXLFi6zvVbvp58Rz
  Funding recipient: FbDVi2wy9SarqmEP7CSEpRWa1WdMTXLFi6zvVbvp58Rz (0.00203928 SOL)

Signature: 4wYwfmCS9jds8wvrWqwSpYq7qQe6jf7Y2EjiHLMPvCMhFHwWQ2SiWnTAkSZi8mRw85iMYEaz92YNSQndi7Rva1jF

Transfer 1 tokens
  Sender: 6WN1vWnDCeqymMUz2qwhksefna6k3KycmQVC5nVrVh4x
  Recipient: GPzFMtZMQNhjTsEXNDuWyWj8yKhMXp4RbPwwUBBXncyX
  Recipient associated token account: 3C9xjJWn1b8RoBuWYa5SEtNP1WFHLwaBorodH1u57b1c
  Funding recipient: 3C9xjJWn1b8RoBuWYa5SEtNP1WFHLwaBorodH1u57b1c (0.00203928 SOL)

Signature: 59fZCe4NoUfvd6JdAPurDBuxjGihcAnA4rFSpmMLvkvWoz9XceuhFrcpmNDzKn5kmziqcTzQ3kKvPXUSuPvw1ekL

Transfer 1 tokens
  Sender: HUmLJ5zMpWN3xAVPGCajm6JgsC2dDqcH93tSGchDkU2J
  Recipient: 6nkB3eiykLd3PPxV7WUTETQxwms67vCDgDWKDQX2dPYN
  Recipient associated token account: 6RyFKAGLme4X5T6EhKndNvZfpT5gGiQhk8tbw5SrRHpX
  Funding recipient: 6RyFKAGLme4X5T6EhKndNvZfpT5gGiQhk8tbw5SrRHpX (0.00203928 SOL)

Signature: 5P9yUfzLLGdW7XTJ88uGJpuDvhg7NxVBsBWyNEeYpa6od53Gwsu4JhYiY3VQNEm6WDwkFM5yVuiCtrT93buQtuBG

Transfer 1 tokens
  Sender: F2hqB8h6Lizht33UEzAY2BUpEEkS2ZsYaaVKzCshGQ8t
  Recipient: 4rKXwsNPoYsP1doRNc7HBeoGUFpR12LzNxurm76om7US
Transfer 1 tokens
  Sender: Fc8UTRLCsRzDeDSazAn4Fnqt38MZMixaxxLiPRAqcasD
  Recipient: HFqbempFrTudgpE7mZ2U7jsxfuJcgH9DMprLKLNdPs7B
  Recipient associated token account: BpWFEn4g38xpsV6mHwkHv2yuzodsrJZ9uvM6drsvdzTg
  Funding recipient: BpWFEn4g38xpsV6mHwkHv2yuzodsrJZ9uvM6drsvdzTg (0.00203928 SOL)

Signature: 5UHm8vCStmzDSzEEi1FJ8ytbQXFU7SqfPKUHwG8AJHyM24TETx3Cor8eh1uNXbUB5fF567tE2RH64e4aT4PQmrs2

Transfer 1 tokens
  Sender: 6eZqPUkchxHsAaSR3JttUjfiqFp625h4DRKsUVBpwXAP
  Recipient: 8w1daYHzhTCuwHKiY3qSzZgs8xTFnAxCThg9P9HvjEcQ
Transfer 1 tokens
  Sender: 8RSFraq3cRGjS5QLdFCuRNSZwgJMcmLonziR9NoazAPn
  Recipient: DCGCaZhzfAXghiAAsfbBdpQzFwYzRvbVJnjUebxEmSD5
