9CiiSsKfgLKZNcW96GwPegRezyPLgzS7mam4rpijce34
7k82mWbc6CtB6G5xbqLfmjKrcmei34TKnkdUmteP98Jm
BvumaTBjmaHbhGx8m4KwHxsDz2w72KXgCW2mbTVMTgGg
Ah98NKx1Co4u55idFjvsAP6LFmzwjo4X3MVoRdh3XPRe
AdxuWbabcjjSgX1x6muv6vcnyDxCg9tkfMFd2xNdWu8p
2ENnUwxSvjrbdu7v6qGkC9gxrFSHh2JQpQYDpLmDHhJz
DqeXN59MGzkA1Hm7k9brHREsj8yKbAU9ETz1AnNT3QiA
FJnB6oLnXZWj64BkZkAuBa1P2WwzCD6RLmJPQk1Ezwzb
43E217R7uRrrVh5q8T6xMWfGBdAe16afaEj3caQcUuKq
3Z4R3Uzfypypy2hhfBTKKRx1g6DugCg8uirCKKsuBT2E
8FYTWNGfpKzs8FhnB4rJjyNKTQwitAA899jR9NDPxoom
7chxua2Qo5pENbxaya85WrXqHsa2xMC5nxmhU9XpgtZA
3VCS4NLAjdLgu8vvGGjeZjR3xWu77JsFqv5pg7b67HdV
ATomti3XKvFQhbCL2reVcFyoZsTKW1wKe9dGtvc5uGDw
Gqdqk1rsjW7vqpA8Dp2LzL1ZdfWBYnrmr9dpTdSswrqb
DZWHtFfP9umGLgLYQNS17e47Y4giY1Ch6Ae2qKJjSvek
7v5fy1QmGwRPvy1nHm85iQmM8H5KaYU8B3JtSigkAtDf
BaTa8aJijpoy7Xh2CuMZkBKyY5bQYVp8iAodjKewaCsJ
FrF55tQXfSCX6uSpB1N7A9W8JCopRERwyQYd8t2HFLcY
7d2iwQ78ZEaagxgwqzu7xmPzcWjPHomh51XeCXnqgaG3
6ozfr8hnVxmbFhTCQe9aR7RZcFJNq5wHgHhRy9tyZ1NV
5ZUGep6bS6seN9QvGS22z1452Ek9Zrn5euFHmGKep31a
8iz3CoAq61bXSZcf3NqgYgF15Jv2H3HSnkvqyps42Wn8
GwqhA8vJsyTWikw3jA1TAUvp9swBUo4UJP16YPQFZjdE
J7T8jtZhjoEqHbPjNYqLvoK2VCrvDsBLopNmFH8JEsCe
CvNY3zY4VwqL1TccX6x8vSKsgdUW2C8M4DRfkSHiMs7C
BQ76tiBmgXkssmKmXagju2VoJjSy3bLnfJdN2hdeTQnD
7w5AsQPwdmAAn1mwjnJZau2GeE3ziZzTEc3uHPevZycS
231f59bSwG3q35b2mqJYqa3bJyoh6n2jN9QGw2pumPSi
F9MMC9nWk57T9WkyUSzhMrmMvLmwxEwPF7Cd1Boyt4B
8PmGHnMaiv6tBmgNKfAejGZLtGZ84eM7pZPom3tHYqKs
8SHvg6HCi6EwDJfV7HJeRS5oHYLJBWwA3JV38JkNyx6t
3wRZExChiRHPA9gzV6zjqxsfEvYJyAsU1xcKzXdHr1d2
AfiFJJoFwDKmHnMrsY4ncA8MLksHtUv6p8dKsmH8yzoD
EfV2k1p3bRnzN2vcJY11YzZy8mtPEwAk2pyshP6dqNnn
9cUH3ua4z4k7vBVDWK3icYkFB1pdc4Se8QuKxqTD2XeL
FvGJhPyVm7saNezAqJTyWqMf6dVQpY8TwYykvtvkSJpA
5Xdqi5aaC3W4CbZRNmWTMrddbbiK9mCuCJP3LvwMnbx4
CwYJCYNLYpa8noQpvFWKGnhnaXgfnEcnVGkNtCuYEUts
Cj211CkaNPLGi5joZWtyirUnYqyGs82xMSCoF6zyNN7F
8ndZMq2Td4KfJz32v3JcLXJFiragRQXxV6XadTmNVRSC
8121QiYoSW7APdLjj5uyArcUomyJLTKCjkKiYucrARiS
H19FcDSsFYDcvgRyrncbi4A9hN7kjhr3vH9nwFbsB371
6AX866WHdyz7DYoEzQxYhULZGrifgrDDeLdX4fRmiXJM
43XsSRGXQKhgjkuMGf85SzP6NhBj97mYwK1fhgjyd8Dg
6DRYSVLSwSZVfCBGzTdVsgbsTuEiDi1oh95Q3WzkygC
VACMM6RdkKmZgoWwaXFnQ8wDZ6w4Fjyg6VPjc9W5mJ2
3wALYSv4FvHtCj3AAqAmRoA8gqav2VthEVJXbg7rKSfe
BYS8cE9UkAyCLTFiXWMduJVThE4aKpmCvUKUSLF8ymqG
GBQP6g8WxMgjT8ZL6ggPxn93KGJQfik9nsvnBXTiUyoZ
3KgZrz4xudjct87u7NLgJxMebZf8cpw4Nhs3jTBRoaQV
GaZJqeLDqyUGkoxkBxguGWLGeK722XUvg7aVp9TxAAf
vyPTUD25UkLugTejHN9buqEWvQdPxFPjqAiy2JdT5gG
5RpdYftUouU9LqNnD8rfyGh1hTChw3s9e5tjXj1kXajE
45Ax6xaPTbWwX98PFq5zuKwVwX19UiudZ3m96sPqpjgu
C63N4fbYhhHAABznreo73qV8QGjcHB9nTk3NdEXekXf2
FKVmtH4zyLZR5oNJyCRmn3ANEukpA16Uh3omh1nEfU5g
5iSVnSfqA91qxpVzg1KDAeJNzVgszE96ZJcdNncNevf7
EHKWogP7yeqjuxufh6YbwvxnQqQh7tKmAoxd2He3xvMM
HfVL4gejwY1GhoAT8wRkutasR6iHinpoqbT5jSyVs6zZ
DzkYAe2Ec7Ho2yJ8uUfzHTPEdt2dAB6dDRMCiXPW5A9R
CMnbtLSJwCq3rRbQcGmqSiRdAUALEUYMsUgAFu7byibV
7d38HCGhyTveWy1Zgtk8mpm81wjxSpMr2Wi81CoYCF1r
E4THgFY6rEhYwfaqZ6A8GyDRRMLqNinjgqUqTFi4YTCH
HWTbhMg4tqvCmwT3H4izexxzBcZioynTDT22rZiKpybE
F4fFRdYtCwtjrz4sLjV1A5rAYBw7qDJwtT6nJkjxp9e2
6Q4kqT8bGtbv4NebzrvTtd7bcRuRtEmdoXzVYSBTD3KP
Cejtb6R37kxCQPTXko94UQQDcgK8UkhmV3HKDT1AMBEY
j2TxjyfR8kUtZdaBYj9o1HRbuNE4GHZfwdGmz8148TA
3ypYhkASR2BqFjv2gGkeoGYDKgPsR8VHg7PJ5E22xpmS
2TbmcGffsrPNmcfbaHyZVqocFk4h8EPjUEWuUi5tAoC5
BkqAtEJkcpc3vgGs3dLHoKFUJhLhpBk7R85T4g8gYppo
Cu8v6SiLxmdufwEcHosDMYR4rgSq8WYKJnYuAGxoUnsG
9sfh6imgXiAey8Ws7fiy5WP4LaNdPUvpSCwpRWpJaDcy
Eh7b3EbuVSyWgDxbGDnnV8TZtkPV1LyKuZKXpiE6Wvg8
7VDbKBigBxduGtc2KQyHqJvVRkn1UAhAZ4F2cLTHv1an
8rURHgkaPivWPrk7tLE1n4JkCi2PRvVTBW4sKLhvgcST
3MWp9sS3QxA3bZoYHbKGJiD5XawDfFVKoX91xuq26xYd
82h37jpFpNBdEd7Dxm6HEvwJkQSQzmfgVwDHr3MytAn3
C9mRUEDApEEod4e6CM7yW5T76oQZswBf6xSLtcGpp8aj
CQ5fy1THRLq1EWhsgt2br4WbXZ4fvsL3woVmD9AGny3d
BmscesRobjwTb8LHgfW2qetpZXSs5QRr1BjzSeL6nriM
GXddTkLLxVCox5r9fYdrUVR6Jy66p7P1Ns5auVpSx1HS
J9tEtMGdXqXPLHo3jEa9TTEwyNjPKCXoA17qMm3pDFzh
Bt2pYmz9PtsQR2y453S7PyWnkZvbF1SZpDwAmHfsrmbb
3GeGYujTjfu5Wr2xWtbFeP469srDCEqgoqdSLrhLcKn9
AZBv4LTrYKajEiLJCV4kYhaH7puDf9AxwpdbQUBFGhvs
CLFVvvX4Rer61xJqoP1r5bpUWgBrAJKUe6rwpgx5unJy
BvBkCwPgDz7BGXUnM2NDjdYe9Dxcx1jhZyxVe3u1JXU5
9bS8BbJYW1FaqCzGr9F9cJrnNgrgzsBbJ1G9RS8MoWZr
98CjEm1VKRxj5MKgtV1BCFadpTXWfbQioTS66ZurUoVq
ByH8PE5gKcACuA7GooS6Hz6qp1eqKc3AqmFEeTcGFHUp
BfHuihTduYyDJrhKm7zHoCBBgzX1DhhUzzxBx5d9PZUJ
4eh4WEXqtfPCzNMr78czZa8wbq3RvoHSzWpoDvVu1Kxu
9ACJ1EzrjdwjTcHadYt7MY9EwZts7wycTQ25u4MgTAMJ
DAXVSAYbcbRLVdMGz2g45H3CypGCG6Bs72k732Rh4Cyz
B39tR3Fvcx9nAo6tC6xGx9pE7UUDNKgwLjFefBYQPmTA
5UgTHc73KFPGHABN2d9rqcYBFDcToPMZU9iJ6AKrK5f6
A1KTFak44xsBHPD3URHva2sRckeLtkBtsGxgyGAfvato
Ch3EEbXRrFWA5vLoeacoNL8veiHnADm3U8E8Wifkf7XW
Cq8DcxNyjhzYauF4zjZ8dE9zcDcgKv8ZKvZSPUWQSwqe
DT1yvqLtzCyniepAQ4qgG4XfRGLy4MjN9FJsAjVRRFFv
6Rgd3A8Bb9BR3ugQJdPKsmDk4q2x95wuWQXr85QdDB2e
6kqHhcNpsKjATVWw3DgEPKkGmsZgkR8sypwyJhhrpvZj
D51ja16ArbAj7i88itE7EngYAhhMdi85ZZmCSnTX9Zbi
Aa3pqVUswRGfkzvxjqjqoSmk3a67tVzMT3piEPFE4wwW
T6fbTsfL8qcp6BZk4pmTku3vYLB7aHor1FBi7ag1CgD
Atb5GXASfpncKfJ186r4At1VXoYVku6uMAkN659GZ4fZ
9LFa39pkeBrDsa38hMZQsqdE4FzNdddNFcP7bcrxAdfm
J1zga2w9YriaRbSsEScMFbUdrK62ZPfqS4tPrxB3GW9W
395ddyRPCBYqzrGjjyr4F2174rfb1ShcrCnCBSQS7N2x
3kiowpjTJak5vAG5qfbkiLj2G5XyDz6HgRqfs8LmaNUd
GYXd16nDPBX9FSEby5oyeKrT31YrL75jk1YRh6tEtdVE
HY8nrgwjEH3DqL8bhkS25PpbESCwYMsE5jceX7FV6Pzr
6q2YfCp9u8bxuMcvVrUdGmgMXQVCin4M1BmooFhHhWsB
5fn9gVvzDXquaFmpGfKpKedeVsmVDbnnCed6tA6fcJAe
5wwHh5DPvCNAWU8257xBgerKMEy9YM9HZJrGFTCKDKqR
67VMeM8im3m4zGwEBcEhNtvNXYZBkaF7YbB36xvPUjEU
48g77TYGQ6ZiWj1yH92z73VuYn45zY7AmLiPw1js7U9C
EuWDW5AGh5nNzB5aScpDTMcm1HT3wQkXCHvPYU8TUCPa
6Ta6WwvC5UCoZoCNZvti29RM3jQvYr1ua8We9VNWDjYe
AoK8AUfnFNsVYbKqtjW3S7niZmrjVrxE8QgMqheMZAwj
4uRrZ6ZpFmvP22xN6NQHUijwaEX2YMUJRxFTXXbw84X4
5b9TwCgig1DvwdW2tQ7qcBw2BgPsyiB5NtweCnGTgmye
5E59GACooiPeZ941MgpF39spmyFvHPEgghn5woX5BDD5
73D7vfKAo7P3euFyVBvozviQrtUYKkaYrBordkYmU9c8
FVv3cXpmSmQgJTaT5KQpFP6EzziWHfH9YX8du5K6hDaN
EiJkD8XmK8QjvqtFPujiykEi9UqvDEDqZq6ffeVvGzyY
8ie2jvsZhJ5RhZVDTKA288mp34cJZomY5avCZ4rLfsYY
5S7qy1HwsiK5WdAK7zfKsokgEAZHpizEkgnvfJdrPEf5
5UQVAcHtEFiAYQs1xFraMA1zgKa5b8SChgXbNW8B9CJb
EuzWpAbN79mtHRRCPfqguZAaEC2C7fsxTNfpsXoa9N1y
6LdTFaS7SRvJU2YWg8GP87aLoWbpLxizsnLtCCAuYW8C
JA89qMKs59oeKtDvLu7m5B62CcgzTCVfTx7if1sVyZpt
DnnVkAvc37ZTxGW11qBXCvpaL3q9hGD62Mux4yrwycn
ExWS3kBuXPjrUm1Drmoq1CsY17kaT84qdiNfRa9KdjkC
5tsbA82Z3EmqwYQpkkW5t2U6c8T5SMiUGyjrzhDe7R7h
7QmR4LePDyUuN6wTGTYLsXVAxjkvjKFtL1rktHqg5HHz
6T3NUvaR7K3EPJyotu7p54VaBxauDLLJka8igbdtAsEE
55tj4WeQX2LpZNWZFURSrLo9q6YrbGVMbtWUz8yR92Fd
CvQzELSuUvrWPCj6nUT2HpGGuXzxLDVy9kbomVBNWp5P
9PrJpCdXGqUaRxSZyqH3hzxn6bcBf2iet9iQNx5rYMU8
GJ1bGkWJ1GVPiFCBjkzNohQhYSACoEhmssfS38DPV9YL
EFxmonZprZHAXmVsDvjaz89gcJeJjrSDwxgZyDEhZovo
5WhxczRSE9x1jGcBu1tv1Lp7Hwh9cU7LNY6Gr4DRz4P9
H6TveD9RZmndPrnSmgG54jmsaFu9KKPAjJh1t8YUTkfb
8dAnP1ZKtVaujVBmkq4oSX8qBZw5wZ6p6Rxt1f6TiNzs
5wjSff1mc7FgqoKnpDEedW9rQqyMYvjoho2Z3XgvxduZ
DdMEMmKNfXoQKoyvQNo98KFdnpFj71Bt1YsVvZJt7WJ2
3iAQmiPXfASHtdxAcSSTEKUiEW2D7HXpWfrNL8tsWnzM
5Wgfk7R9mXurvi67weGFt4jWT3JrMaKz3JAkTG52id7D
F68vxtTyvkTR7zYbEx22ZHt2EQusstyavgp5ee7YQ89C
BUEfCMormnpM3j9GVqmSqjrDobFVtyaRY3JPBiMGSgZ
5r8JRShgQt9ZCobcuV87PZwovv7sStE46D3zRvgLqXWB
HQpyqdGEJenoH8HSsBzwRWDHCGqZRWeE9R63H7e2nQgr
GJ1GHScFZ7eS4QBfwrZV91hrRZ6VNjTkvxeHW7UssuCb
HPcwtsTKgHJRHsPgbtLtN88WZjFWBSVoZhGjS3gJwVBS
HgjTUExCSFt213cJkt8awzLpzPjkrW7qT2e1desXRGpY
BbSg8gWxTG2yjAZKfiRCub96nBVx8nVpgepmxKp1excA
4mXSywtsDjjVhvEiYNxnkZSsSFGzp7pcmjmxCZ1UNxDU
EMyhMf2ogMKBBzHRL4219rpYVujkDGWZQxEcfg7ipyT4
Emefz1S2y2YxSCTCvQsgZTJi3AQf2zFxBCTQ2JVerp4N
8xYJyoEB5QQ3zjsEQ97oAj4MksMYNfZ4JwGLB1i8cqrq
C78FeP2ARbDXFUFAy47epjqRKbjKzbuAFqgG9ZSVGGTV
BXXYEKWzJWg1QiqG55NVYSR39YU1ZSgnsdYSWQeVGKHB
HrkAazooM6xUztb4u9DH7rDvY3DfpQTpFGaEMzgVp4km
FektpNJ1XLeaWhHTEZsbH7YTwoSFRF43NmuLczgrrXGz
9BCSihAFrt8Ru8Ayv2mVccQ1dyWwyb2ANvHrRSga64S7
C41MPB7oXrnmvgsdSv9F9AgGPWQAwiTSp5DjqHK4CjZB
6iyRbZrJoK2RrJ5hAeJGvQfXiK8HBKhETUz5vre4CAfn
HNXHMz9cQVgHMWeozppLu8FAgtoLQbTvdj159NDGxGRW
FKYxnRdWthuXPDwdEu3gd1T61Ey5kuxdvi5FMtUT7Uy6
CJKHdZGWuf2yQXt591Kd97AR41kXZikhMZrJwqQrLRqh
9xd74zUVYHZtsktYLtzwCotd1UQofqEs2HkEwFboFu5P
6hEBZSZAaa4Z9MMoh8VunBJg1ZXhmsg2dn1i7Sfiqeq2
2h615CxpCtU4DrvcHJ5Ymkk6zX5ta9HkmRRNsUPE2XMX
HLkmzTx3wumWE78DYWQyHKjB64KDJKXuHxjAkCBPkfTN
CtsTX8K7vff5repyBJ7z4etcA7TBmujWyu3Z9DNRH2Gn
3oUcqMfhh1yrmk8ntRKtksaVKL88itibE2DwXr4wEm9G
99GpwPTEB7JwB38SyxedVZZ4QeEd17cH2Ab6n7rw3PrD
867CRqCxGpJZqThkoB6JCxJFUbwRe2PyNc9xFTVhJdrU
HArWhe9yZwFNbstbKgTHjsLwNQ1PPAixgmQZetD4KmDE
8FeFwRH3pDgzeP85xaQEHqyJRvu1Vd1dK8qiMAjcjhNG
BKchs3SZCfc8ujgMr2HREueGcRbixrxQ843fAbhmKYUx
FFo1yjfCvjpUMEeht2BqVG4gXnJM85eW9qhFqY6NVBud
CKqHLkm7xg4XiCPzWjWkr6F5NyKgKEBh3dFwZM93XdZY
S62rxSCcBwK5Lwk65JmAwGqXjBrx9nykzmRyorv3vAr
A5zzZs82XqWzbFkZKRFyG4QUPJrWMoFG1V5GRj1R6Lsp
5ycoBMp8Kv4BLzAvwMXHR7dTWUhMJk53Xop2AjwuNPqZ
6B4qa35VCfH6vVZ9KEBFnhcxvQ9CoeQuV33Ps1ENjvw5
5YyF9NoFKXg8fx31qekxSvjKtBsT7XT4LKhHAhcQ1Jta
8divuZakDnoFnzQf9NjFALj8iGQngoFpqzyNZ781gAXE
4MxuR8qtSgguKgMNvpURYmX5TNdQ5moHaq3SDFeP8bqY
2rxQK9KU5bisUqkqQtsiLY5eBuJ6Z2rfXUHZctTq86Uz
Fd6BSG8eM5CumQL4TDjr9FYFcMfi64tve2hNx7f5dXDd
Begvka3GgH3Q2ivKvKkvHpFSJqzPgU72NSESgFHx7828
2aZFULxNWiCefZGRTSa1LerEHjYcwFG88wfGsuY6AZMY
3yvM4pVSQFWSkqm3WonKbZCEmwR7D1JqNvJKForTwxRC
AHfdEqszQ26Asx7W3PB3RMedG5d9EvDayhEQbiq3KTBn
7SH2dFLoRbDvx1W1oMtL27Ey23xXQnexiWyyYkegMq2c
tPhBKtgJNjwhj4XpCuUUjFm6pFBuZiDNqaMjcrRdDcr
5X5vsYB4AWGHFfFrNLTyUYjSTxabv3ZYKCXs6wGmzUx4
EmBgqioWJKXjmafwxbcjXn9522XkV4psQ2mENcNjSqn5
HyVw2T5UN3fAEH2ruF8LJR9K3Cmwrw4BegjEkzhfVJiW
8uBafVPRRUcJDMAgwvsn1myg5m2hHTCdyytuoGNiVoDd
2N7n8V3uAUumDYfBS5MN5Xmob6dhk58fy2FaXo57b93U
uCuhuDE51zcxmaqmxUDL9J483mSPD1G81X2C6g6yQz4
EmExQ3RfTqYbJLRScNRKvjwk1MmbkkS75vvkK4Bt3wcH
9Wc1NZsEr1cxTYRrT9VLrv1BqEDLu2XEByaKBsUjZJRN
2C5BzevaUciMtXL5WJYQtFAWXsiWnDdDBdtYJdecENaa
3FnqhckKVicbpnguRUyTEqNQkNB5m3nrNm71nzPfsP4Y
22EFnUPD71wPVVRd4RSSXYLhnfhQ3Nsobuv93wrnJ3Lc
8dNiDgQdJyK5oSeDMU4mCNGH1nQ6FdJkrSTy6rvXvpsu
3KbrpQJGT17AQwM4dvHsFhiw5s9c1F9aSojh7xLK2UaQ
D2wPDftLQLr8r4WEfLUAVE587wLEMHgC6hMy5tAF9yvi
HH4Vz67f5uMweh55ot89bo6KJA8vQNpXZvjAH7Q4qCaL
EUUHHVYKZFCgT9MkDJfvig5Xrqp2antVwyrnbNej4Cxr
9L236QawvxcxV3AbYACHqHfkgGnNy4evESi2bmXYN4ZG
4A3xazBPaHrrGMZxGzc5CaS2gZN7tDRbqi3JoB1PSnt4
W63ec7vcJv7oqfjh5rnz9XHRjc2XQ3JMo9UVZ27pbxT
CwzXkuhS2ZHgQFq4AeQDYXX7Dg4C8UEZbXaLdKpEeiZc
FZPWsDB47KDfoF7GPNHUQ8aCKftwKyB93oZdRVFiScEU
89aZJ28b4VBUqbmeeucM3kRLE3akVJAZTKYKWRGPdie4
4DESiuWG9UCj4TDbdTCuJkxiRCkQNfC1oVKm3DXQdtSN
ACVi2h8rWyf4HNGpEP1Qq7TmUeSiRBUD6eWnUAkN6FX9
3H7zzPQr2Mk1EhpLpm9qfhcNb6QzzxrDsp694qAD7PLs
ESD33jc9ohVQ6NZLpDj35WeKZaGTsQXXwU7Zm9Jw92yd
Hzb2dnMsPMVspRXyTkyiBX4nUiwM2W6SpJBLbH7eDwHT
DWFrRLGZwKe3gMDX2VpiKDcEnyW4XTFrxFcRFAFRLdPi
3ZkUNUVrDSx6VvQSN1zqGzYFTJyyJsjQFT4oRBX6sBop
3Nb3dAQRCkGK2MpgcQ5L27zF17ieDAQzSdytj3rtFBTJ
CGsML4hyWfygyG9698CaMnXh52d3D21qyeYU6nJ8SQuq
5LGXRC3X9fTQeQ1K5JcTjeaoJPEyKMjen4FKA3dRfXpG
CBdMZ3BSZBiRRdgiy41zvmePgNwihXoKMRDg6graYQ8F
3LRjeNmZ2Hfen6PsZjFn2Wsb9TA61gTG6XLk1Zi2qrt3
AhhoaQYuLo9ZVK2eLbNyAT4VB4bx78pmgwRt4RnZYJZS
HE1x8FUXJ2fCcuDaSkPWaCP8kDQQENdUJR8acP1SSXpK
8LAB4C1RZ3XiZYfH8AQYPU9vtbWijQUb7jPkk8YcF6FZ
7SQrCDMLX1Krg7phZreQems7677GEDf4pEXPUpNFuDVT
Ff1ajMJBCBm3F29zvahCWVWg2ZBEjkJqqv4vSDghzTrw
CsQdY5Fzo53ZkngCLkGLUG29d2f7kNqMsvsskNm3xcTF
HULDdrLbHGkiaoQCBbKJqbym5qLgCXe8DcASzRimpyeY
C4E8XTpCmm4ajkA5Vun1yN1QMBTnov5gwzntV9Aht5s6
5S5y4AERvtw2sqCxvfjkgRFfVMKueAgozdAD2mheeneZ
2D5wztdtbwFjxfzJhwSLJeBHgkVWwhaj5M9RC43Rja8Z
6cWMtNfRxvnpDeE4hnxPpbnfM1HQe2ypwU7ZmuMRxASq
CkXMRBTZxHda9dNewzvjbyjCx3CcyKenQgpCC6qndFHJ
14935xCyndeSeqwsvch3nD8p9XQgRH2BUgNM7rPLk5L
2uMBt27tjTKvzw2cEP3G4SHH6jAByWmCnRDWSziSoKzW
C8nBk26Nmg42NdHH2B372VdvtgPCoHu8ZjATGNCmywhN
CpxcVLGFa3Mzpaa7jjyZMpWSe9HSEBNinAeM6gkgZWZ7
62sjbzLGNMZvt2YWgLvtMFkrQVHS1r79Ghm9LejMVbRP
FQ5tPtkueEYphvsfHE88jDQT8oeUAV8c7YaLBwinQghg
8ueG6AEnR5sdFj9uWMp9pTT5AsHRuSiHMztMTJD4s2ac
H2CrwPMBxrvgx5qgArq41yKhBJcP4Vtku5X4XcgVfVqe
EwbLTT9xoBbXo15iGLbksKJsyHX7nLA3orTWA4bL2a9q
7hbFtZw177YYCFyPqxzwsQsF1vfaJqwoMhdiVin53yFR
5pff2irdCeawySoLzkLBbY5oM4n2Y7wJUDyNLEseykF
C7VRAWTXTSZzDaqSjGTjQ4NEfRrMaqVbmYbtWP64RRv3
CJjd7Sp4Y4Y6riqFoiDjiqkaJ4VffVmDGuXS3ssT2k37
DGhKrxP1dCUHBRY2LHfkpT4D1DDSgyK2RxWp2ZyvyY1y
BCibfPLrwp5Q1iR5Cf84L2FN5KX6UhPLWgG9Tn8oZ8eM
7JAR3oZWA1smNc3paa9G6SBKXrQK3PS2RGnJUEVRrZzp
4mWTB8QmHXRSodDpRLazuSmXxkH8Yas3Lbp2SL5uJqkx
BJqbJJLUq1pMAqD6pdBYbLeTTPDUXeuZM7xAEPhvRHFR
9PPsj8UVug9uN5SKS7BV8J3JxtyyyzBTDcRi2hAkZ5LD
Er8SteYpgyhbjPJZbr7CZaUK1JbENtUAaFFGTmix765t
FJVpmhKYKb2MXmYZqp84CDhsXx4FaCzTTetTGSSyDYoH
HPfcc8BHTKofDwudyvERr4nmdwBw6XrEak2U9Ndckkmi
Cfp84y6VFGntRAwm6C32d3sqXNDJeZiu9sd4vipmwGKU
5P8CkLxm7qkQx87XiqVAMw5K5pvV2bXoLfjrTfHXd6h4
DqhriURM4QKoDpsZYeQofvF4exzdcmyfR4zuJ3593nGC
4kdzJxe6WLQfgvHfPPQWDKrnMUXbAZwuorN8jmppn3fK
4Qs9jCde2VG1o59sMLCadkR2py5P5nzF4SLa2v4dzZDV
61Le6wzkSUeJ835m3n4XY1cCDLZNCNAS5GbGC8G1qh8y
8JYXxzcuDLRdvQVpUZJG5CqCr9mV11zhiaKy1nYqYQ7U
CDHLqA3tYvSD6vzd2avfgvnurP7gYUGpcSn9LZ686fyA
8YjFsG1qxdXskBgEQCtxtgsU9d5U1Ugo4kTYTR6R15fo
ExmpU7tLPX3aUUh5dSXnKm4T8ZHqJZBBrM3V9BSzF7o3
GC7qtHUVhN296P5KjCMcEzLEYY1XrcFXb62P1SUYbsiy
G85xbXK9mbf5vG8rvhgssKLyFKR43D3dTQkqJVgjJkzz
AA3JvpsBds4izJMkiCLeNiuM2cevfNA3DuBKHLNHRE1x
7mT1rYsr69yzVbQwqs1gaWkXmwWfM5C8J9kNFmHyPvwT
CP7Q1wU7xTYdMeafxLV3D7uTnxdiH7spiTwRSoRqZnyb
ArTZa1Ju3gnqEAD7Zc8RfBGm9BsoCtEJ9eFcSHw9o8mA
2cVNNQSMmVSVveWKgxrS1MDkAevW9gHJairf8AR6CvXd
9yuDmJNbA3TaEw3fvosQjAC2p36sEB9ozmfNU3TFP6bf
3Cy83PJBLUgnZzSgihsHQFcyop6oATknQ6pdN3adGucL
6C4VwW6uXJbdduxKnfxoTcKxnhD7DhAdGs6MYG7cV5Hi
8HYUnUxXo2yLeydWycupD5bupWjTT5YM8ShtEGDoQN4M
HZjc6cLf42Spu28mZA3zteeUFieWyibDH4NXwdbavkma
7reMaE23j1o1224yhEz7qjCMhMMxPzeriYgEvg7zkDmJ
EHKoSV9PZ3KbZmRSkEWVu7XDXXXPnCQAzfVqgWUMdojx
8zmBqZRBmgsCkQVRYHKLeuYDRvEe2g9j5LcHFiTn5Lwp
8W19kbdmUpuUwRi63takg3gio7fwFPpt11k1chiQbp9U
4Uwa65v2vBmU746b7kfbR2gZXPADvEUZZbLV8gCM5G3Q
GSNGytr1KDJUWkLmN4v2PEYgJ3smUZicdWfJuBPa7CoL
ARdeScA8zMb6x44eEPE6GyiV1cn2f283RsVL9y8cAaD1
CTf7E6bgtm11vm5K1yms41tjZ9dExJFevqmDgXdh9zyN
9CiiSsKfgLKZNcW96GwPegRezyPLgzS7mam4rpijce34
7k82mWbc6CtB6G5xbqLfmjKrcmei34TKnkdUmteP98Jm
BvumaTBjmaHbhGx8m4KwHxsDz2w72KXgCW2mbTVMTgGg
Ah98NKx1Co4u55idFjvsAP6LFmzwjo4X3MVoRdh3XPRe
AdxuWbabcjjSgX1x6muv6vcnyDxCg9tkfMFd2xNdWu8p
2ENnUwxSvjrbdu7v6qGkC9gxrFSHh2JQpQYDpLmDHhJz
DqeXN59MGzkA1Hm7k9brHREsj8yKbAU9ETz1AnNT3QiA
FJnB6oLnXZWj64BkZkAuBa1P2WwzCD6RLmJPQk1Ezwzb
43E217R7uRrrVh5q8T6xMWfGBdAe16afaEj3caQcUuKq
3Z4R3Uzfypypy2hhfBTKKRx1g6DugCg8uirCKKsuBT2E
8FYTWNGfpKzs8FhnB4rJjyNKTQwitAA899jR9NDPxoom
7chxua2Qo5pENbxaya85WrXqHsa2xMC5nxmhU9XpgtZA
3VCS4NLAjdLgu8vvGGjeZjR3xWu77JsFqv5pg7b67HdV
ATomti3XKvFQhbCL2reVcFyoZsTKW1wKe9dGtvc5uGDw
Gqdqk1rsjW7vqpA8Dp2LzL1ZdfWBYnrmr9dpTdSswrqb
DZWHtFfP9umGLgLYQNS17e47Y4giY1Ch6Ae2qKJjSvek
7v5fy1QmGwRPvy1nHm85iQmM8H5KaYU8B3JtSigkAtDf
BaTa8aJijpoy7Xh2CuMZkBKyY5bQYVp8iAodjKewaCsJ
FrF55tQXfSCX6uSpB1N7A9W8JCopRERwyQYd8t2HFLcY
7d2iwQ78ZEaagxgwqzu7xmPzcWjPHomh51XeCXnqgaG3
6ozfr8hnVxmbFhTCQe9aR7RZcFJNq5wHgHhRy9tyZ1NV
5ZUGep6bS6seN9QvGS22z1452Ek9Zrn5euFHmGKep31a
8iz3CoAq61bXSZcf3NqgYgF15Jv2H3HSnkvqyps42Wn8
GwqhA8vJsyTWikw3jA1TAUvp9swBUo4UJP16YPQFZjdE
J7T8jtZhjoEqHbPjNYqLvoK2VCrvDsBLopNmFH8JEsCe
CvNY3zY4VwqL1TccX6x8vSKsgdUW2C8M4DRfkSHiMs7C
BQ76tiBmgXkssmKmXagju2VoJjSy3bLnfJdN2hdeTQnD
7w5AsQPwdmAAn1mwjnJZau2GeE3ziZzTEc3uHPevZycS
231f59bSwG3q35b2mqJYqa3bJyoh6n2jN9QGw2pumPSi
F9MMC9nWk57T9WkyUSzhMrmMvLmwxEwPF7Cd1Boyt4B
8PmGHnMaiv6tBmgNKfAejGZLtGZ84eM7pZPom3tHYqKs
8SHvg6HCi6EwDJfV7HJeRS5oHYLJBWwA3JV38JkNyx6t
3wRZExChiRHPA9gzV6zjqxsfEvYJyAsU1xcKzXdHr1d2
AfiFJJoFwDKmHnMrsY4ncA8MLksHtUv6p8dKsmH8yzoD
EfV2k1p3bRnzN2vcJY11YzZy8mtPEwAk2pyshP6dqNnn
9cUH3ua4z4k7vBVDWK3icYkFB1pdc4Se8QuKxqTD2XeL
FvGJhPyVm7saNezAqJTyWqMf6dVQpY8TwYykvtvkSJpA
5Xdqi5aaC3W4CbZRNmWTMrddbbiK9mCuCJP3LvwMnbx4
CwYJCYNLYpa8noQpvFWKGnhnaXgfnEcnVGkNtCuYEUts
Cj211CkaNPLGi5joZWtyirUnYqyGs82xMSCoF6zyNN7F
8ndZMq2Td4KfJz32v3JcLXJFiragRQXxV6XadTmNVRSC
8121QiYoSW7APdLjj5uyArcUomyJLTKCjkKiYucrARiS
H19FcDSsFYDcvgRyrncbi4A9hN7kjhr3vH9nwFbsB371
6AX866WHdyz7DYoEzQxYhULZGrifgrDDeLdX4fRmiXJM
43XsSRGXQKhgjkuMGf85SzP6NhBj97mYwK1fhgjyd8Dg
6DRYSVLSwSZVfCBGzTdVsgbsTuEiDi1oh95Q3WzkygC
VACMM6RdkKmZgoWwaXFnQ8wDZ6w4Fjyg6VPjc9W5mJ2
3wALYSv4FvHtCj3AAqAmRoA8gqav2VthEVJXbg7rKSfe
BYS8cE9UkAyCLTFiXWMduJVThE4aKpmCvUKUSLF8ymqG
GBQP6g8WxMgjT8ZL6ggPxn93KGJQfik9nsvnBXTiUyoZ
3KgZrz4xudjct87u7NLgJxMebZf8cpw4Nhs3jTBRoaQV
GaZJqeLDqyUGkoxkBxguGWLGeK722XUvg7aVp9TxAAf
vyPTUD25UkLugTejHN9buqEWvQdPxFPjqAiy2JdT5gG
5RpdYftUouU9LqNnD8rfyGh1hTChw3s9e5tjXj1kXajE
45Ax6xaPTbWwX98PFq5zuKwVwX19UiudZ3m96sPqpjgu
C63N4fbYhhHAABznreo73qV8QGjcHB9nTk3NdEXekXf2
FKVmtH4zyLZR5oNJyCRmn3ANEukpA16Uh3omh1nEfU5g
5iSVnSfqA91qxpVzg1KDAeJNzVgszE96ZJcdNncNevf7
EHKWogP7yeqjuxufh6YbwvxnQqQh7tKmAoxd2He3xvMM
HfVL4gejwY1GhoAT8wRkutasR6iHinpoqbT5jSyVs6zZ
DzkYAe2Ec7Ho2yJ8uUfzHTPEdt2dAB6dDRMCiXPW5A9R
CMnbtLSJwCq3rRbQcGmqSiRdAUALEUYMsUgAFu7byibV
7d38HCGhyTveWy1Zgtk8mpm81wjxSpMr2Wi81CoYCF1r
E4THgFY6rEhYwfaqZ6A8GyDRRMLqNinjgqUqTFi4YTCH
HWTbhMg4tqvCmwT3H4izexxzBcZioynTDT22rZiKpybE
F4fFRdYtCwtjrz4sLjV1A5rAYBw7qDJwtT6nJkjxp9e2
6Q4kqT8bGtbv4NebzrvTtd7bcRuRtEmdoXzVYSBTD3KP
Cejtb6R37kxCQPTXko94UQQDcgK8UkhmV3HKDT1AMBEY
j2TxjyfR8kUtZdaBYj9o1HRbuNE4GHZfwdGmz8148TA
3ypYhkASR2BqFjv2gGkeoGYDKgPsR8VHg7PJ5E22xpmS
2TbmcGffsrPNmcfbaHyZVqocFk4h8EPjUEWuUi5tAoC5
BkqAtEJkcpc3vgGs3dLHoKFUJhLhpBk7R85T4g8gYppo
Cu8v6SiLxmdufwEcHosDMYR4rgSq8WYKJnYuAGxoUnsG
9sfh6imgXiAey8Ws7fiy5WP4LaNdPUvpSCwpRWpJaDcy
Eh7b3EbuVSyWgDxbGDnnV8TZtkPV1LyKuZKXpiE6Wvg8
7VDbKBigBxduGtc2KQyHqJvVRkn1UAhAZ4F2cLTHv1an
8rURHgkaPivWPrk7tLE1n4JkCi2PRvVTBW4sKLhvgcST
3MWp9sS3QxA3bZoYHbKGJiD5XawDfFVKoX91xuq26xYd
82h37jpFpNBdEd7Dxm6HEvwJkQSQzmfgVwDHr3MytAn3
C9mRUEDApEEod4e6CM7yW5T76oQZswBf6xSLtcGpp8aj
CQ5fy1THRLq1EWhsgt2br4WbXZ4fvsL3woVmD9AGny3d
BmscesRobjwTb8LHgfW2qetpZXSs5QRr1BjzSeL6nriM
GXddTkLLxVCox5r9fYdrUVR6Jy66p7P1Ns5auVpSx1HS
J9tEtMGdXqXPLHo3jEa9TTEwyNjPKCXoA17qMm3pDFzh
Bt2pYmz9PtsQR2y453S7PyWnkZvbF1SZpDwAmHfsrmbb
3GeGYujTjfu5Wr2xWtbFeP469srDCEqgoqdSLrhLcKn9
AZBv4LTrYKajEiLJCV4kYhaH7puDf9AxwpdbQUBFGhvs
CLFVvvX4Rer61xJqoP1r5bpUWgBrAJKUe6rwpgx5unJy
BvBkCwPgDz7BGXUnM2NDjdYe9Dxcx1jhZyxVe3u1JXU5
9bS8BbJYW1FaqCzGr9F9cJrnNgrgzsBbJ1G9RS8MoWZr
98CjEm1VKRxj5MKgtV1BCFadpTXWfbQioTS66ZurUoVq
ByH8PE5gKcACuA7GooS6Hz6qp1eqKc3AqmFEeTcGFHUp
BfHuihTduYyDJrhKm7zHoCBBgzX1DhhUzzxBx5d9PZUJ
4eh4WEXqtfPCzNMr78czZa8wbq3RvoHSzWpoDvVu1Kxu
9ACJ1EzrjdwjTcHadYt7MY9EwZts7wycTQ25u4MgTAMJ
DAXVSAYbcbRLVdMGz2g45H3CypGCG6Bs72k732Rh4Cyz
B39tR3Fvcx9nAo6tC6xGx9pE7UUDNKgwLjFefBYQPmTA
5UgTHc73KFPGHABN2d9rqcYBFDcToPMZU9iJ6AKrK5f6
A1KTFak44xsBHPD3URHva2sRckeLtkBtsGxgyGAfvato
Ch3EEbXRrFWA5vLoeacoNL8veiHnADm3U8E8Wifkf7XW
Cq8DcxNyjhzYauF4zjZ8dE9zcDcgKv8ZKvZSPUWQSwqe
DT1yvqLtzCyniepAQ4qgG4XfRGLy4MjN9FJsAjVRRFFv
6Rgd3A8Bb9BR3ugQJdPKsmDk4q2x95wuWQXr85QdDB2e
6kqHhcNpsKjATVWw3DgEPKkGmsZgkR8sypwyJhhrpvZj
D51ja16ArbAj7i88itE7EngYAhhMdi85ZZmCSnTX9Zbi
Aa3pqVUswRGfkzvxjqjqoSmk3a67tVzMT3piEPFE4wwW
T6fbTsfL8qcp6BZk4pmTku3vYLB7aHor1FBi7ag1CgD
Atb5GXASfpncKfJ186r4At1VXoYVku6uMAkN659GZ4fZ
9LFa39pkeBrDsa38hMZQsqdE4FzNdddNFcP7bcrxAdfm
J1zga2w9YriaRbSsEScMFbUdrK62ZPfqS4tPrxB3GW9W
395ddyRPCBYqzrGjjyr4F2174rfb1ShcrCnCBSQS7N2x
3kiowpjTJak5vAG5qfbkiLj2G5XyDz6HgRqfs8LmaNUd
GYXd16nDPBX9FSEby5oyeKrT31YrL75jk1YRh6tEtdVE
HY8nrgwjEH3DqL8bhkS25PpbESCwYMsE5jceX7FV6Pzr
6q2YfCp9u8bxuMcvVrUdGmgMXQVCin4M1BmooFhHhWsB
5fn9gVvzDXquaFmpGfKpKedeVsmVDbnnCed6tA6fcJAe
5wwHh5DPvCNAWU8257xBgerKMEy9YM9HZJrGFTCKDKqR
67VMeM8im3m4zGwEBcEhNtvNXYZBkaF7YbB36xvPUjEU
48g77TYGQ6ZiWj1yH92z73VuYn45zY7AmLiPw1js7U9C
EuWDW5AGh5nNzB5aScpDTMcm1HT3wQkXCHvPYU8TUCPa
6Ta6WwvC5UCoZoCNZvti29RM3jQvYr1ua8We9VNWDjYe
AoK8AUfnFNsVYbKqtjW3S7niZmrjVrxE8QgMqheMZAwj
4uRrZ6ZpFmvP22xN6NQHUijwaEX2YMUJRxFTXXbw84X4
5b9TwCgig1DvwdW2tQ7qcBw2BgPsyiB5NtweCnGTgmye
5E59GACooiPeZ941MgpF39spmyFvHPEgghn5woX5BDD5
73D7vfKAo7P3euFyVBvozviQrtUYKkaYrBordkYmU9c8
FVv3cXpmSmQgJTaT5KQpFP6EzziWHfH9YX8du5K6hDaN
EiJkD8XmK8QjvqtFPujiykEi9UqvDEDqZq6ffeVvGzyY
8ie2jvsZhJ5RhZVDTKA288mp34cJZomY5avCZ4rLfsYY
5S7qy1HwsiK5WdAK7zfKsokgEAZHpizEkgnvfJdrPEf5
5UQVAcHtEFiAYQs1xFraMA1zgKa5b8SChgXbNW8B9CJb
EuzWpAbN79mtHRRCPfqguZAaEC2C7fsxTNfpsXoa9N1y
6LdTFaS7SRvJU2YWg8GP87aLoWbpLxizsnLtCCAuYW8C
JA89qMKs59oeKtDvLu7m5B62CcgzTCVfTx7if1sVyZpt
DnnVkAvc37ZTxGW11qBXCvpaL3q9hGD62Mux4yrwycn
ExWS3kBuXPjrUm1Drmoq1CsY17kaT84qdiNfRa9KdjkC
5tsbA82Z3EmqwYQpkkW5t2U6c8T5SMiUGyjrzhDe7R7h
7QmR4LePDyUuN6wTGTYLsXVAxjkvjKFtL1rktHqg5HHz
6T3NUvaR7K3EPJyotu7p54VaBxauDLLJka8igbdtAsEE
55tj4WeQX2LpZNWZFURSrLo9q6YrbGVMbtWUz8yR92Fd
CvQzELSuUvrWPCj6nUT2HpGGuXzxLDVy9kbomVBNWp5P
9PrJpCdXGqUaRxSZyqH3hzxn6bcBf2iet9iQNx5rYMU8
GJ1bGkWJ1GVPiFCBjkzNohQhYSACoEhmssfS38DPV9YL
EFxmonZprZHAXmVsDvjaz89gcJeJjrSDwxgZyDEhZovo
5WhxczRSE9x1jGcBu1tv1Lp7Hwh9cU7LNY6Gr4DRz4P9
H6TveD9RZmndPrnSmgG54jmsaFu9KKPAjJh1t8YUTkfb
8dAnP1ZKtVaujVBmkq4oSX8qBZw5wZ6p6Rxt1f6TiNzs
5wjSff1mc7FgqoKnpDEedW9rQqyMYvjoho2Z3XgvxduZ
DdMEMmKNfXoQKoyvQNo98KFdnpFj71Bt1YsVvZJt7WJ2
3iAQmiPXfASHtdxAcSSTEKUiEW2D7HXpWfrNL8tsWnzM
5Wgfk7R9mXurvi67weGFt4jWT3JrMaKz3JAkTG52id7D
F68vxtTyvkTR7zYbEx22ZHt2EQusstyavgp5ee7YQ89C
BUEfCMormnpM3j9GVqmSqjrDobFVtyaRY3JPBiMGSgZ
5r8JRShgQt9ZCobcuV87PZwovv7sStE46D3zRvgLqXWB
HQpyqdGEJenoH8HSsBzwRWDHCGqZRWeE9R63H7e2nQgr
GJ1GHScFZ7eS4QBfwrZV91hrRZ6VNjTkvxeHW7UssuCb
HPcwtsTKgHJRHsPgbtLtN88WZjFWBSVoZhGjS3gJwVBS
HgjTUExCSFt213cJkt8awzLpzPjkrW7qT2e1desXRGpY
BbSg8gWxTG2yjAZKfiRCub96nBVx8nVpgepmxKp1excA
4mXSywtsDjjVhvEiYNxnkZSsSFGzp7pcmjmxCZ1UNxDU
EMyhMf2ogMKBBzHRL4219rpYVujkDGWZQxEcfg7ipyT4
Emefz1S2y2YxSCTCvQsgZTJi3AQf2zFxBCTQ2JVerp4N
8xYJyoEB5QQ3zjsEQ97oAj4MksMYNfZ4JwGLB1i8cqrq
C78FeP2ARbDXFUFAy47epjqRKbjKzbuAFqgG9ZSVGGTV
BXXYEKWzJWg1QiqG55NVYSR39YU1ZSgnsdYSWQeVGKHB
HrkAazooM6xUztb4u9DH7rDvY3DfpQTpFGaEMzgVp4km
FektpNJ1XLeaWhHTEZsbH7YTwoSFRF43NmuLczgrrXGz
9BCSihAFrt8Ru8Ayv2mVccQ1dyWwyb2ANvHrRSga64S7
C41MPB7oXrnmvgsdSv9F9AgGPWQAwiTSp5DjqHK4CjZB
6iyRbZrJoK2RrJ5hAeJGvQfXiK8HBKhETUz5vre4CAfn
HNXHMz9cQVgHMWeozppLu8FAgtoLQbTvdj159NDGxGRW
FKYxnRdWthuXPDwdEu3gd1T61Ey5kuxdvi5FMtUT7Uy6
CJKHdZGWuf2yQXt591Kd97AR41kXZikhMZrJwqQrLRqh
9xd74zUVYHZtsktYLtzwCotd1UQofqEs2HkEwFboFu5P
6hEBZSZAaa4Z9MMoh8VunBJg1ZXhmsg2dn1i7Sfiqeq2
2h615CxpCtU4DrvcHJ5Ymkk6zX5ta9HkmRRNsUPE2XMX
HLkmzTx3wumWE78DYWQyHKjB64KDJKXuHxjAkCBPkfTN
CtsTX8K7vff5repyBJ7z4etcA7TBmujWyu3Z9DNRH2Gn
3oUcqMfhh1yrmk8ntRKtksaVKL88itibE2DwXr4wEm9G
99GpwPTEB7JwB38SyxedVZZ4QeEd17cH2Ab6n7rw3PrD
867CRqCxGpJZqThkoB6JCxJFUbwRe2PyNc9xFTVhJdrU
HArWhe9yZwFNbstbKgTHjsLwNQ1PPAixgmQZetD4KmDE
8FeFwRH3pDgzeP85xaQEHqyJRvu1Vd1dK8qiMAjcjhNG
BKchs3SZCfc8ujgMr2HREueGcRbixrxQ843fAbhmKYUx
FFo1yjfCvjpUMEeht2BqVG4gXnJM85eW9qhFqY6NVBud
CKqHLkm7xg4XiCPzWjWkr6F5NyKgKEBh3dFwZM93XdZY
S62rxSCcBwK5Lwk65JmAwGqXjBrx9nykzmRyorv3vAr
A5zzZs82XqWzbFkZKRFyG4QUPJrWMoFG1V5GRj1R6Lsp
5ycoBMp8Kv4BLzAvwMXHR7dTWUhMJk53Xop2AjwuNPqZ
6B4qa35VCfH6vVZ9KEBFnhcxvQ9CoeQuV33Ps1ENjvw5
5YyF9NoFKXg8fx31qekxSvjKtBsT7XT4LKhHAhcQ1Jta
8divuZakDnoFnzQf9NjFALj8iGQngoFpqzyNZ781gAXE
4MxuR8qtSgguKgMNvpURYmX5TNdQ5moHaq3SDFeP8bqY
2rxQK9KU5bisUqkqQtsiLY5eBuJ6Z2rfXUHZctTq86Uz
Fd6BSG8eM5CumQL4TDjr9FYFcMfi64tve2hNx7f5dXDd
Begvka3GgH3Q2ivKvKkvHpFSJqzPgU72NSESgFHx7828
2aZFULxNWiCefZGRTSa1LerEHjYcwFG88wfGsuY6AZMY
3yvM4pVSQFWSkqm3WonKbZCEmwR7D1JqNvJKForTwxRC
AHfdEqszQ26Asx7W3PB3RMedG5d9EvDayhEQbiq3KTBn
7SH2dFLoRbDvx1W1oMtL27Ey23xXQnexiWyyYkegMq2c
tPhBKtgJNjwhj4XpCuUUjFm6pFBuZiDNqaMjcrRdDcr
5X5vsYB4AWGHFfFrNLTyUYjSTxabv3ZYKCXs6wGmzUx4
EmBgqioWJKXjmafwxbcjXn9522XkV4psQ2mENcNjSqn5
HyVw2T5UN3fAEH2ruF8LJR9K3Cmwrw4BegjEkzhfVJiW
8uBafVPRRUcJDMAgwvsn1myg5m2hHTCdyytuoGNiVoDd
2N7n8V3uAUumDYfBS5MN5Xmob6dhk58fy2FaXo57b93U
uCuhuDE51zcxmaqmxUDL9J483mSPD1G81X2C6g6yQz4
EmExQ3RfTqYbJLRScNRKvjwk1MmbkkS75vvkK4Bt3wcH
9Wc1NZsEr1cxTYRrT9VLrv1BqEDLu2XEByaKBsUjZJRN
2C5BzevaUciMtXL5WJYQtFAWXsiWnDdDBdtYJdecENaa
3FnqhckKVicbpnguRUyTEqNQkNB5m3nrNm71nzPfsP4Y
22EFnUPD71wPVVRd4RSSXYLhnfhQ3Nsobuv93wrnJ3Lc
8dNiDgQdJyK5oSeDMU4mCNGH1nQ6FdJkrSTy6rvXvpsu
3KbrpQJGT17AQwM4dvHsFhiw5s9c1F9aSojh7xLK2UaQ
D2wPDftLQLr8r4WEfLUAVE587wLEMHgC6hMy5tAF9yvi
HH4Vz67f5uMweh55ot89bo6KJA8vQNpXZvjAH7Q4qCaL
EUUHHVYKZFCgT9MkDJfvig5Xrqp2antVwyrnbNej4Cxr
9L236QawvxcxV3AbYACHqHfkgGnNy4evESi2bmXYN4ZG
4A3xazBPaHrrGMZxGzc5CaS2gZN7tDRbqi3JoB1PSnt4
W63ec7vcJv7oqfjh5rnz9XHRjc2XQ3JMo9UVZ27pbxT
CwzXkuhS2ZHgQFq4AeQDYXX7Dg4C8UEZbXaLdKpEeiZc
FZPWsDB47KDfoF7GPNHUQ8aCKftwKyB93oZdRVFiScEU
89aZJ28b4VBUqbmeeucM3kRLE3akVJAZTKYKWRGPdie4
4DESiuWG9UCj4TDbdTCuJkxiRCkQNfC1oVKm3DXQdtSN
ACVi2h8rWyf4HNGpEP1Qq7TmUeSiRBUD6eWnUAkN6FX9
3H7zzPQr2Mk1EhpLpm9qfhcNb6QzzxrDsp694qAD7PLs
ESD33jc9ohVQ6NZLpDj35WeKZaGTsQXXwU7Zm9Jw92yd
Hzb2dnMsPMVspRXyTkyiBX4nUiwM2W6SpJBLbH7eDwHT
DWFrRLGZwKe3gMDX2VpiKDcEnyW4XTFrxFcRFAFRLdPi
3ZkUNUVrDSx6VvQSN1zqGzYFTJyyJsjQFT4oRBX6sBop
3Nb3dAQRCkGK2MpgcQ5L27zF17ieDAQzSdytj3rtFBTJ
CGsML4hyWfygyG9698CaMnXh52d3D21qyeYU6nJ8SQuq
5LGXRC3X9fTQeQ1K5JcTjeaoJPEyKMjen4FKA3dRfXpG
CBdMZ3BSZBiRRdgiy41zvmePgNwihXoKMRDg6graYQ8F
3LRjeNmZ2Hfen6PsZjFn2Wsb9TA61gTG6XLk1Zi2qrt3
AhhoaQYuLo9ZVK2eLbNyAT4VB4bx78pmgwRt4RnZYJZS
HE1x8FUXJ2fCcuDaSkPWaCP8kDQQENdUJR8acP1SSXpK
8LAB4C1RZ3XiZYfH8AQYPU9vtbWijQUb7jPkk8YcF6FZ
7SQrCDMLX1Krg7phZreQems7677GEDf4pEXPUpNFuDVT
Ff1ajMJBCBm3F29zvahCWVWg2ZBEjkJqqv4vSDghzTrw
CsQdY5Fzo53ZkngCLkGLUG29d2f7kNqMsvsskNm3xcTF
HULDdrLbHGkiaoQCBbKJqbym5qLgCXe8DcASzRimpyeY
C4E8XTpCmm4ajkA5Vun1yN1QMBTnov5gwzntV9Aht5s6
5S5y4AERvtw2sqCxvfjkgRFfVMKueAgozdAD2mheeneZ
2D5wztdtbwFjxfzJhwSLJeBHgkVWwhaj5M9RC43Rja8Z
6cWMtNfRxvnpDeE4hnxPpbnfM1HQe2ypwU7ZmuMRxASq
CkXMRBTZxHda9dNewzvjbyjCx3CcyKenQgpCC6qndFHJ
14935xCyndeSeqwsvch3nD8p9XQgRH2BUgNM7rPLk5L
2uMBt27tjTKvzw2cEP3G4SHH6jAByWmCnRDWSziSoKzW
C8nBk26Nmg42NdHH2B372VdvtgPCoHu8ZjATGNCmywhN
CpxcVLGFa3Mzpaa7jjyZMpWSe9HSEBNinAeM6gkgZWZ7
62sjbzLGNMZvt2YWgLvtMFkrQVHS1r79Ghm9LejMVbRP
FQ5tPtkueEYphvsfHE88jDQT8oeUAV8c7YaLBwinQghg
8ueG6AEnR5sdFj9uWMp9pTT5AsHRuSiHMztMTJD4s2ac
H2CrwPMBxrvgx5qgArq41yKhBJcP4Vtku5X4XcgVfVqe
EwbLTT9xoBbXo15iGLbksKJsyHX7nLA3orTWA4bL2a9q
7hbFtZw177YYCFyPqxzwsQsF1vfaJqwoMhdiVin53yFR
5pff2irdCeawySoLzkLBbY5oM4n2Y7wJUDyNLEseykF
C7VRAWTXTSZzDaqSjGTjQ4NEfRrMaqVbmYbtWP64RRv3
CJjd7Sp4Y4Y6riqFoiDjiqkaJ4VffVmDGuXS3ssT2k37
DGhKrxP1dCUHBRY2LHfkpT4D1DDSgyK2RxWp2ZyvyY1y
BCibfPLrwp5Q1iR5Cf84L2FN5KX6UhPLWgG9Tn8oZ8eM
7JAR3oZWA1smNc3paa9G6SBKXrQK3PS2RGnJUEVRrZzp
4mWTB8QmHXRSodDpRLazuSmXxkH8Yas3Lbp2SL5uJqkx
BJqbJJLUq1pMAqD6pdBYbLeTTPDUXeuZM7xAEPhvRHFR
9PPsj8UVug9uN5SKS7BV8J3JxtyyyzBTDcRi2hAkZ5LD
Er8SteYpgyhbjPJZbr7CZaUK1JbENtUAaFFGTmix765t
FJVpmhKYKb2MXmYZqp84CDhsXx4FaCzTTetTGSSyDYoH
HPfcc8BHTKofDwudyvERr4nmdwBw6XrEak2U9Ndckkmi
Cfp84y6VFGntRAwm6C32d3sqXNDJeZiu9sd4vipmwGKU
5P8CkLxm7qkQx87XiqVAMw5K5pvV2bXoLfjrTfHXd6h4
DqhriURM4QKoDpsZYeQofvF4exzdcmyfR4zuJ3593nGC
4kdzJxe6WLQfgvHfPPQWDKrnMUXbAZwuorN8jmppn3fK
4Qs9jCde2VG1o59sMLCadkR2py5P5nzF4SLa2v4dzZDV
61Le6wzkSUeJ835m3n4XY1cCDLZNCNAS5GbGC8G1qh8y
8JYXxzcuDLRdvQVpUZJG5CqCr9mV11zhiaKy1nYqYQ7U
CDHLqA3tYvSD6vzd2avfgvnurP7gYUGpcSn9LZ686fyA
8YjFsG1qxdXskBgEQCtxtgsU9d5U1Ugo4kTYTR6R15fo
ExmpU7tLPX3aUUh5dSXnKm4T8ZHqJZBBrM3V9BSzF7o3
GC7qtHUVhN296P5KjCMcEzLEYY1XrcFXb62P1SUYbsiy
G85xbXK9mbf5vG8rvhgssKLyFKR43D3dTQkqJVgjJkzz
AA3JvpsBds4izJMkiCLeNiuM2cevfNA3DuBKHLNHRE1x
7mT1rYsr69yzVbQwqs1gaWkXmwWfM5C8J9kNFmHyPvwT
CP7Q1wU7xTYdMeafxLV3D7uTnxdiH7spiTwRSoRqZnyb
ArTZa1Ju3gnqEAD7Zc8RfBGm9BsoCtEJ9eFcSHw9o8mA
2cVNNQSMmVSVveWKgxrS1MDkAevW9gHJairf8AR6CvXd
9yuDmJNbA3TaEw3fvosQjAC2p36sEB9ozmfNU3TFP6bf
3Cy83PJBLUgnZzSgihsHQFcyop6oATknQ6pdN3adGucL
6C4VwW6uXJbdduxKnfxoTcKxnhD7DhAdGs6MYG7cV5Hi
8HYUnUxXo2yLeydWycupD5bupWjTT5YM8ShtEGDoQN4M
HZjc6cLf42Spu28mZA3zteeUFieWyibDH4NXwdbavkma
7reMaE23j1o1224yhEz7qjCMhMMxPzeriYgEvg7zkDmJ
EHKoSV9PZ3KbZmRSkEWVu7XDXXXPnCQAzfVqgWUMdojx
8zmBqZRBmgsCkQVRYHKLeuYDRvEe2g9j5LcHFiTn5Lwp
8W19kbdmUpuUwRi63takg3gio7fwFPpt11k1chiQbp9U
4Uwa65v2vBmU746b7kfbR2gZXPADvEUZZbLV8gCM5G3Q
GSNGytr1KDJUWkLmN4v2PEYgJ3smUZicdWfJuBPa7CoL
ARdeScA8zMb6x44eEPE6GyiV1cn2f283RsVL9y8cAaD1
CTf7E6bgtm11vm5K1yms41tjZ9dExJFevqmDgXdh9zyN
6mcD8fteC4D5eoi6GVN2BwGy1iMXtujz8zHUvdovKkco
