Transfer 1 tokens
  Sender: 3cYwUs12KJzKFmADjxnp7w8oDfzqGaQ5yXyZd1bkASUy
  Recipient: 4dYe8NDUKCJir7hYoFSC2FCJwVa6uycEfyQZ7aYrCqih
  Recipient associated token account: G5vJHFfo6Fbs3sZMnWdQALYPoYDFLg3ycMkXtesJf5NJ
  Funding recipient: G5vJHFfo6Fbs3sZMnWdQALYPoYDFLg3ycMkXtesJf5NJ (0.00203928 SOL)

Signature: 4Gv8TGBoh49PaPATMRejL2G3usxh5hat9qDBuDWUG1WPAqCK1hk79hCr9WbG9UC5UzYFUShvArFwUUXry37Uzxwu

Transfer 1 tokens
  Sender: 37rVyijmbXbiWDyjX5ZYzx6BRo1mcw8jPkL4qTWRC9wv
  Recipient: 5BLyNW5zDfahBpoPp9JYqXTRWxJEm9j4FVFWLKxAXEDg
  Recipient associated token account: Enzn6WWke8MGxrZgdWLyuj9b6VgyVhvYLWpEp47RYsX3
  Funding recipient: Enzn6WWke8MGxrZgdWLyuj9b6VgyVhvYLWpEp47RYsX3 (0.00203928 SOL)

Signature: 51vgcyqp3VvVgo1p4r6vbR8yRWujMRtPCNSRicwkuRzGwE4hfodaCJDm158gtd6kVxuBvBzu3hMZr4eZ9N84uUUm

Transfer 1 tokens
  Sender: D8zSNePvRLvAM4LhBQCFvtVHePVGwJMxxBjdJDu9ozDH
  Recipient: 9nF2vqusHupTTNgw3quL4f3jorvPdJ8VBPv3Uw1xt3Mv
  Recipient associated token account: 6kbCbc1KEv97M67JiM4YNhbhqA3Meqt314H2zwvTBx47
  Funding recipient: 6kbCbc1KEv97M67JiM4YNhbhqA3Meqt314H2zwvTBx47 (0.00203928 SOL)

Signature: 4Pkr3WqXDB5YxiMcbFDoozm7qX4X48p5vWhjCJoyhRCXT3hqe4f2yT3voKQy4JptBETCGQfD5x3K9BHdF38H2YMc

Transfer 1 tokens
  Sender: 8CK8F5hKg4VztjXkEPgnCzDUQ6YnXuqef3dBG8J2SSS
  Recipient: 4fMHv5Dobkjf6NoDvPWSQE8UhZGs2Jhjgu8iuwp5ynPD
  Recipient associated token account: CmLAmAbsAR3v5VCzEoJ2P6YjxXQu2HbLH6znHsnyiFxr
  Funding recipient: CmLAmAbsAR3v5VCzEoJ2P6YjxXQu2HbLH6znHsnyiFxr (0.00203928 SOL)

Signature: 2XJYBZS2o8DZKtLLZRyhNU8BetYXqu6F8tgb2EivK5vChoYsahmVeWrJW5T3WPp1LZdgVq9mUirweAQJmA9yYFVU

Transfer 1 tokens
  Sender: VNB3CGLFMj4kPHAiw2Zxm7k6a7m89DrK8qu6xMUaFRv
  Recipient: HBBkVN9gc8jwsLWkyhW37UQbN3JCeBAK5mCqzdrWPTha
  Recipient associated token account: CrjoF24fpikQ2spMtHsr8aG8zHnMoGwyrvKBprMnfU9g
  Funding recipient: CrjoF24fpikQ2spMtHsr8aG8zHnMoGwyrvKBprMnfU9g (0.00203928 SOL)

Signature: fjhScvJ1Kek1Mi3Hx6XnYMTtMjMhsb8NR5ANmmwQz9HKV9uZASRFqQxnzWk1TAEwmmwkxLQBktdnokwpFwoYQiH

Transfer 1 tokens
  Sender: EzduZFNDiW6BDKJ7Z8aDzzqovQq2qp8iLEjU1ddo3s83
  Recipient: 8XrzqReDYVn7dBxhxZ7KFyigtye5z6F2tRGRXKMzRdLK
  Recipient associated token account: D8EWVLreFR41j3J2pFLVYSxpWPdi4uYsydPPR5Hxtcr
  Funding recipient: D8EWVLreFR41j3J2pFLVYSxpWPdi4uYsydPPR5Hxtcr (0.00203928 SOL)

Signature: 2Z2yQHQ5LGkd6Mytxsi9JgQPiosvEhHqkzuuQ7zQNhvi6zHUV8Z3HScEHhzKKeWjzQLSSeVv3gdcEbPYVbiZBafQ

Transfer 1 tokens
  Sender: 8qmiR8Csb75P1GfPoQn2JwShCkkBng4egAkE56UP9bhN
  Recipient: 5Cz7GSRKnuFDaXRHeNJpHC77aqU9BY97eXNBBCVhckLZ
  Recipient associated token account: 9fTDbRX1N6sMH3yAKh7HHF8MYLSih2XpdHfxjPPpyrUn
  Funding recipient: 9fTDbRX1N6sMH3yAKh7HHF8MYLSih2XpdHfxjPPpyrUn (0.00203928 SOL)

Signature: 33a4rfYFpZef2XGRL6YkvnMUMYBQjtRTJq4nbzsr9nHt1gED8WsjLPXPFTKrVbbEQAQULAjeZ5PDLhuShWcSvR43

Transfer 1 tokens
  Sender: ERWH8zzxopDVUvPEtF93BEjAm5bn6b51NF1febv4Cb7j
  Recipient: EppxE2vDF8cBrRmJ2BSYiJ1JtHcPFV48YR4NkRD36gHZ
  Recipient associated token account: 5tB2kKRNfMcpxjumPMNZfg9eWiaifnr8zexHeDn3n6HM
  Funding recipient: 5tB2kKRNfMcpxjumPMNZfg9eWiaifnr8zexHeDn3n6HM (0.00203928 SOL)

Signature: 2LxHhu7MBT2GHBj6c81MGgiHKzvUbmVq5zFM9xGWskS1pXJKEG1fQ3YeP91296AWpGHjyuqLoQqaW56YLDfkhmtK

Transfer 1 tokens
  Sender: CVDUy1ZHRXFwbEmDyj56KDZdhP4zwXC6CKkKjRNoAYAh
  Recipient: D6XdNh8sn3gDisWGPSfeQfC4KFPjvg9eTbmRoDjLRdvQ
  Recipient associated token account: 77YViUBGNjred5hqtDKR32WHkfdhv4thbL3XgsPg7eA9
  Funding recipient: 77YViUBGNjred5hqtDKR32WHkfdhv4thbL3XgsPg7eA9 (0.00203928 SOL)

Signature: 3dJmvnLQeZwuxzZ62FDLfcb7dDbrfGffZ2LhcUaJRow9zB2gW1KVBQQDKXczFmKswyRnw7ahFLJuc4sVTxtN7Qku

Transfer 1 tokens
  Sender: W1tXCc1RvYYXvfukm92123vyh6PkmpL5LaE6LDyctjS
  Recipient: AsNFo64v8Tg7oJooMvusy2ZLsPSGWb1isqWDrRDTxQez
  Recipient associated token account: 9cESRxyVUQsVikwfCsKBZyX8PPzg5ztqh6rBFSNKGUcy
  Funding recipient: 9cESRxyVUQsVikwfCsKBZyX8PPzg5ztqh6rBFSNKGUcy (0.00203928 SOL)

Signature: 3toLQeJx9rXgHmfDRJNLvgAWgSoA7s1TJL6jcK6SMBn3vB9aGcZpAr9BozeNDajfLosbkpEQZ4Ji63eb8zizXn5j

Transfer 1 tokens
  Sender: 2wXXsfsvQEkdtjr5G7ninoFmbsqNpTUo8LXGdrdsvPuZ
  Recipient: 9ZqsuK1kGGQrvnFFWeQgiZGUNy25RUeZkmsGWQnziSCg
  Recipient associated token account: 9c8sbFi5SvfPH2Mews9ZH519P2VWj6EPVYCa6q8kZBho
  Funding recipient: 9c8sbFi5SvfPH2Mews9ZH519P2VWj6EPVYCa6q8kZBho (0.00203928 SOL)

Signature: 6ZaaACnhEW31N3dBSgVykG4ZznkVh68T8jUBHmMB22w4FdSVmbuwU2QGBkoGYmjUEA2QXynNfNWCY6d5LGQmdss

Transfer 1 tokens
  Sender: DcJfxXS8VsSSawf7WYK4wbw1nceLgHgmaX92rb52aV9R
  Recipient: D19N9udTVk5VujnBcmki6DTQMnRJCcZYs6yB5w3zk9HS
  Recipient associated token account: 8d17S8QwtveomkxWmks4thihx3ymj4MGc2zZZxuWmczC
  Funding recipient: 8d17S8QwtveomkxWmks4thihx3ymj4MGc2zZZxuWmczC (0.00203928 SOL)

Signature: wC5mAevhpG5VSK9LkxuRMuZ8bC8jr8HovBcrnwa239SWmqewxkiV49a4ybYnaco33g3zswPKXdkwxGqjmZW67MP

Transfer 1 tokens
  Sender: FyKiAt5q983cWvFBSebhToy5pLVSfj5kbkuFeQ2Ub8k5
  Recipient: 5BLyNW5zDfahBpoPp9JYqXTRWxJEm9j4FVFWLKxAXEDg
  Recipient associated token account: 9Z5acrnWFmyAh8QW7ygg9MrxbsfWebyncDdPQz91mZid
  Funding recipient: 9Z5acrnWFmyAh8QW7ygg9MrxbsfWebyncDdPQz91mZid (0.00203928 SOL)

Signature: 6qRPK7q5BnFrUz7s33NYKmFbyR43Ep8hSZBG1DatBLrB6MxTJTHFQmu17JmF6EhPXpqKYzTJJH8nhN4YrKwErk2

Transfer 1 tokens
  Sender: Eu1BM7njnh1X7ZEMTB4jz9yUaQXgfFJa7Sf8S1Zi2ctW
  Recipient: 4vZm8Ny1mHZzqZcLyVTtmDrWyiT7EaxrRaAQxEStbSgB
  Recipient associated token account: 4dV8nJMMT4XBYHSAgEcJmTdU5wXbqiNqjQoxRuLtXykH
  Funding recipient: 4dV8nJMMT4XBYHSAgEcJmTdU5wXbqiNqjQoxRuLtXykH (0.00203928 SOL)

Signature: 2MHQDLmHUhj6jqUZqckyiLSDKcJxkd5L2dgjcwFBM2spaitLJ1CpjvJ6kzoKQ5pmexvHN6y71YSbXcHFCsJdb28T

Transfer 1 tokens
  Sender: 3dh2RZeM1wkXe1yiGDJ9ATi4Sx8ZYWcx7b5aPCHAbda7
  Recipient: 51oET2dy4vCmZ1JMGYR9hbsvsLng1vcLD6z2AZp1uq1j
  Recipient associated token account: 4hHKrpPwSexGRvgZwHV8x7jYp3jfUHHTA4p1nXC1K8Pd
  Funding recipient: 4hHKrpPwSexGRvgZwHV8x7jYp3jfUHHTA4p1nXC1K8Pd (0.00203928 SOL)

Signature: 61GxYRJSs7EFE8hvw9FXmiiibJHfC3rQnnMrVimYWuoz4zFZ1jeonRqpb8oZN2R4hAFDSGwgguwSLuFDE3qnZGEq

Transfer 1 tokens
  Sender: EgeGYv6rdjVamvTcyNMfxDQEk5vnfAhXZQL6xQzSiFXX
  Recipient: 52dU9FTEdfmz9TL6k83PXnMsq2Dp7e4MYac86misgKvJ
  Recipient associated token account: G6SQudnVR2t44h5ZKZCF9Bn2SuxmkGd9aj7kwULuTEvB
  Funding recipient: G6SQudnVR2t44h5ZKZCF9Bn2SuxmkGd9aj7kwULuTEvB (0.00203928 SOL)

Signature: 4Mq5VAeS5XpUTDjVEyJSzrzPFFMvYvDv82qWJLcop12geyagx288Tu9SWESW3kyB2oJJzN2spCuHotggDYw3ipwo

Transfer 1 tokens
  Sender: 85ETwuFHWJ5sDiUydBj6mv9sttGncCyA3z7vdSo6aR7f
  Recipient: 8Qxm1ZDVFzEsU5KXAhQrnaA2ZbLiKGGXEKED2QFh2yPs
  Recipient associated token account: BTYGwuEZnzoqPzoqMPPBhjqGgGq89byWofzxtPQWGTAC
  Funding recipient: BTYGwuEZnzoqPzoqMPPBhjqGgGq89byWofzxtPQWGTAC (0.00203928 SOL)

Signature: 5Gq3PkSQtYuA7E6pPAWbxmgeKSK9wkiuFqT4KyiC1RU7ro8zR6LL4h9Gv5JiHkFSgGN28YBnevUKjaDpQwcgDGb4

Transfer 1 tokens
  Sender: FiDfrhFaEUVr4WV4QbjBKVS2fRaX7P3oAATenEyZ2wwZ
  Recipient: E8pAWPsMpvuvxU6pqJqrq7yip7n6VgzpAcpdqbzcV8Nw
  Recipient associated token account: Gdm4Mso7x8rSzHLymtk7kzixYzfXx3SYZKNi1esYG75v
  Funding recipient: Gdm4Mso7x8rSzHLymtk7kzixYzfXx3SYZKNi1esYG75v (0.00203928 SOL)

Signature: 3oWkHPd62N6s4dLzr1q2iGEwF8my46zHs2kgSqq1DKNZCJsLUoJZAQMjdRr4aeDi42qYToQRT8t9v4oQPqBqQ2PB

Transfer 1 tokens
  Sender: 5c7jV9PZSAEi6ExmhonzAAhtsBgwUPN2Ln6At1D2VKuo
  Recipient: 9ej7a4re5ZsayUKYpU91q5UEakEjCwK9mFb93zDAKwUM
  Recipient associated token account: Bq4c44nbitLsRQmS8scYsFXM9yhoGk9h3BzEWXwk97Uk
  Funding recipient: Bq4c44nbitLsRQmS8scYsFXM9yhoGk9h3BzEWXwk97Uk (0.00203928 SOL)

Signature: 3KP58sR5RhJiixyUef1Z2pX182k18ihTT3QjKgaC1tGrVVbfQGc73hKdEa7SViLaKQ7w3yXnmSXFaoFVMEweVdUo

Transfer 1 tokens
  Sender: 6y1Skd1asTiKVc1eGcRC7V5g2ZRc7VZtFrcVXS95fxUL
  Recipient: AsxYivuyVu6znDgnwenpLSLvkZDua4mGKxTvM2JgoeDU
  Recipient associated token account: 2dgaKd7D6uwxmQccydRJJ35tUBC1S2nqtTR8B4joGjfk
  Funding recipient: 2dgaKd7D6uwxmQccydRJJ35tUBC1S2nqtTR8B4joGjfk (0.00203928 SOL)

Signature: 54FK9CyRxtTp8KXdkJGYvcimpMxTE3sLwYCzNjaiNf6gS2sWwJNufdAe4f8G1EovcFqrWD1g6ywjm699FjMbYzcc

