Transfer 1 tokens
  Sender: 4nymiWSNaRWPxkwTJw8ynvtqxL1wxrEK8iP8aBAyVu5Y
  Recipient: 32K7zC7TuE6NizZabfbRrVotEV5ctaeReazH2MJdeARs
  Recipient associated token account: 69cpYxPo2GGGkrddhCQQNk7EHz8sNy9nkW8dTQ8cywB4
  Funding recipient: 69cpYxPo2GGGkrddhCQQNk7EHz8sNy9nkW8dTQ8cywB4 (0.00203928 SOL)

Signature: 3uAXcxzCh3QUm6deHRPssL78NxfHSef8Jfb2RRRhkrzEiC7e2fv32xCCBi18sXxWpAvqdinH4M875pQ67dctEaZK

Transfer 1 tokens
  Sender: DDA1CyjoUznArt7JqhQD5YwjzxsYcjgfsbbQ2M3Pdu6z
  Recipient: AnCRemGycPjMeta7PUupWq6X6Xn7u4QbxnYVUQkgeaWg
  Recipient associated token account: 2xhCE2hLoF4j2yUsyjjRgjfz4cv2Fqro3wycCDkfsLKL
  Funding recipient: 2xhCE2hLoF4j2yUsyjjRgjfz4cv2Fqro3wycCDkfsLKL (0.00203928 SOL)

Signature: 586EoYPaAeTf5HED7ahpoLzT9AfpfaXykFWxQPcEtVsSc45bDpDiJppzFY3NeJwhSCBVhFWoWijT2rKsMetk754C

Transfer 1 tokens
  Sender: BnpPrY3BAD9jjUf4YKEVzYVMFVB3tgXnNUTwE8MV1XtG
  Recipient: 6FkJhcmuGmJMRovuebvEiM17gvhEWtVADYYHPr44n3qW
  Recipient associated token account: 37p12nGZErBkbAfnfGT18ADq5CDahc4twzN4t5LQMvQ7
  Funding recipient: 37p12nGZErBkbAfnfGT18ADq5CDahc4twzN4t5LQMvQ7 (0.00203928 SOL)

Signature: xrWTfkbzxEXPJ5AaqaDP3bgcz6D1GwejerhZjzApCX8wugfKSjRwDjDni5Ejkkk4YQyR66JipQe7WydeVvdNJoP

Transfer 1 tokens
  Sender: FurKCX91TgXd4YTyah4MjE6bfCho1YcA4LaPZbqWYFqt
  Recipient: 4cKqqwoADnQVUAapaq1CrCwpBwbvCSohZPzB8aHooJjk
  Recipient associated token account: GohKpNBrGsnwzzw8bAjCrpgtNenM7TejgsFcSq7LbsdN
  Funding recipient: GohKpNBrGsnwzzw8bAjCrpgtNenM7TejgsFcSq7LbsdN (0.00203928 SOL)

Signature: 4RUnpEDJ6rg2EqGviEG1zcMYZjaDPrTTfZFuJ3V13JtWRpjzgUXGCA2n9WWuT3BfQcpK8JB9n3Ps4G32H6L93Jp8

Transfer 1 tokens
  Sender: 8ZCS3Mpwu3gkqW5x1sod5oPURj2zG6BY5rwhB3jBEWiE
  Recipient: 2HmdWRAuG3rLm6RmzCZ73HP6avBgPhJ5VNvNNQzUVjxX
  Recipient associated token account: jbjpBdYdX1mYJPzwC8rXkgPAx5xtoh2viMCPTrDzRWa
  Funding recipient: jbjpBdYdX1mYJPzwC8rXkgPAx5xtoh2viMCPTrDzRWa (0.00203928 SOL)

Signature: 5wrKQ5tkKAfHYyvFDqj72riQBmRoWH9uyNZJSk995PpBDAWip9ifWw3FPoEjEpm611moJNTnkib5v1ckuV8WbyWH

Transfer 1 tokens
  Sender: 2rcBUiNBVvUbPWDczBepy4Lm9NgGb5KPKXNmHxoitrjW
  Recipient: 51oET2dy4vCmZ1JMGYR9hbsvsLng1vcLD6z2AZp1uq1j
  Recipient associated token account: 4Ncs8d7YuifX3ZRmgnppsN1HCqcePxo36LtS7ZtYHiHj
  Funding recipient: 4Ncs8d7YuifX3ZRmgnppsN1HCqcePxo36LtS7ZtYHiHj (0.00203928 SOL)

Signature: 2RL2KeB1dUGWH5N2UApnMWTkmwYWh5d5bWiw6e6EgMQuV5MryZzWB8nAG3iYGn73CsN5A46AjZjiYd52LyLEa6zF

Transfer 1 tokens
  Sender: BnTumpKSujDRRwz3NnAcL3RpzY5o51D7WAYU9pvh99vN
  Recipient: HZodz3HJrhXymfQAXvm8H8KenmT7rwGogrA6X8jag2oy
  Recipient associated token account: Eu7D6vXDF8WJTGaenpaNz7SpRmnKAwSGwnkH8RxqJysJ
  Funding recipient: Eu7D6vXDF8WJTGaenpaNz7SpRmnKAwSGwnkH8RxqJysJ (0.00203928 SOL)

Signature: 4B48AXrujgq3Mz5y8ykZZfuopz9Aa9qVi66bABnhNRzcC4q1noFJQWWT4KzTLHPwwSegfaoC5jZfBeRXvpAfNDND

Transfer 1 tokens
  Sender: MWJHYza7bvgsny1S2sp2524aaxB3CvySeE8qEDjv1on
  Recipient: BAFEj2qENtVH2nHDkhy5ZrjfWbuZrM4P1Yyb3He1TRMu
  Recipient associated token account: HTArqpxr6spwZu9nP9e9qF5VkvYzFD2kQAcA7PwhbLZB
  Funding recipient: HTArqpxr6spwZu9nP9e9qF5VkvYzFD2kQAcA7PwhbLZB (0.00203928 SOL)

Signature: 2AAR4rGvtcTMFmtUz8WHpeUfK9KX8rUgzjRjM49xNzPpJevMYqfVcqGRiusgjgpLYBJb9Sxv9X6pbni7QBtnfLyG

Transfer 1 tokens
  Sender: Fsiqfr7cUZFbhWW2HSPwGhyG1AN4wYpHyUuvHQsQqPtN
  Recipient: Gpe5fe5Rzrh4kTQn7g28S7f3xctjs9DzseXi33FTMYAh
  Recipient associated token account: 4NhTeSEBBnzkmjzK54R4bYJcLBTAGYoZdAiZPHFEBi8x
  Funding recipient: 4NhTeSEBBnzkmjzK54R4bYJcLBTAGYoZdAiZPHFEBi8x (0.00203928 SOL)

Signature: 3TGZKAWjgZdabNPJzzKQ8eiCUpXUdGc1bRSqVRoJDwmV9x1kHK4dhgSpoEjUYBFmMAQtKKwFMNZnkLtpFd7D4sv8

Transfer 1 tokens
  Sender: FpbfpQN3o2Z7D2pz136MCZ9WM3ywuHzjraUabtcYzGX8
  Recipient: 4Zrjq7HiYSFBEKRrqjtK6m8zezcCM6xCDcwk5iYA5A6G
  Recipient associated token account: 3bCy6LVCXiAvVdN1KnaFqrNT8AUxu9mDyeLM4R6AZkCe
  Funding recipient: 3bCy6LVCXiAvVdN1KnaFqrNT8AUxu9mDyeLM4R6AZkCe (0.00203928 SOL)

Signature: 2wXxZ9GydxdrCNrG4fECJV1Y3EeqJrWGpH62WgG9eChV7bUw8ggoH2XnLX18tk5gTzxVneo3PTCZ5A1kwguh2vMd

