4dYe8NDUKCJir7hYoFSC2FCJwVa6uycEfyQZ7aYrCqih
5BLyNW5zDfahBpoPp9JYqXTRWxJEm9j4FVFWLKxAXEDg
9nF2vqusHupTTNgw3quL4f3jorvPdJ8VBPv3Uw1xt3Mv
4fMHv5Dobkjf6NoDvPWSQE8UhZGs2Jhjgu8iuwp5ynPD
HBBkVN9gc8jwsLWkyhW37UQbN3JCeBAK5mCqzdrWPTha
8XrzqReDYVn7dBxhxZ7KFyigtye5z6F2tRGRXKMzRdLK
5Cz7GSRKnuFDaXRHeNJpHC77aqU9BY97eXNBBCVhckLZ
EppxE2vDF8cBrRmJ2BSYiJ1JtHcPFV48YR4NkRD36gHZ
D6XdNh8sn3gDisWGPSfeQfC4KFPjvg9eTbmRoDjLRdvQ
AsNFo64v8Tg7oJooMvusy2ZLsPSGWb1isqWDrRDTxQez
9ZqsuK1kGGQrvnFFWeQgiZGUNy25RUeZkmsGWQnziSCg
D19N9udTVk5VujnBcmki6DTQMnRJCcZYs6yB5w3zk9HS
5BLyNW5zDfahBpoPp9JYqXTRWxJEm9j4FVFWLKxAXEDg
4vZm8Ny1mHZzqZcLyVTtmDrWyiT7EaxrRaAQxEStbSgB
51oET2dy4vCmZ1JMGYR9hbsvsLng1vcLD6z2AZp1uq1j
52dU9FTEdfmz9TL6k83PXnMsq2Dp7e4MYac86misgKvJ
8Qxm1ZDVFzEsU5KXAhQrnaA2ZbLiKGGXEKED2QFh2yPs
E8pAWPsMpvuvxU6pqJqrq7yip7n6VgzpAcpdqbzcV8Nw
9ej7a4re5ZsayUKYpU91q5UEakEjCwK9mFb93zDAKwUM
AsxYivuyVu6znDgnwenpLSLvkZDua4mGKxTvM2JgoeDU
