4KHdNdRaUevBajKixZKGw3sqtYriTChGFQ6QTvpFF9au
7p7k59piNs42VBW2KVDf3LZbJ75iHBNgFfZ9QHDBh8b7
8YST1hEmcPZDT1jBpdkYu3XgzGi7CN9RDsGjNZguoAjy
3swgcvdwLpAZmsiGKR4PX5zyXWBeYXrH7WVJnXFjiP37
5YjrknbDDEzbUAkytEN1rpv1XoeJCG71frdwYdYqAfCA
5i3wkeugDirTvbxKUhiJEJWbpTgLuMD31VHRbG4Z1h6M
HFhw8K2N2TA11s7w33yBXfqJXVRqPq3KWAFvLPzxVbyy
2w2t2vQPS3sfZ57tDwZ1iXsqBDihx7cW97tKJGNTWvrz
5f9qbT5BqcALvbkjzxNfGcjEnwJVuhvxskQTyD3Rw9w3
Xjv4uSSw4HQEgN4gpuRUR9b4WjeP7qP8qxYAXQJnTbh
2TiR8fxSwVpukFcDJnCS1cSoDBswfun8NEzFLkQDt1zf
4rrMXfUwKhww3ti4mS1bKRc2zVtsQLWiCpgu87AdHrsM
A3cVSVag5f8KavyhbPCPqKqRVE9KFY1cF8bFZDDB6kZa
4s81iR59BY5f5JpLxhCpuJhACiN3aFuV5ohMKpaV3e3Q
GwqPdX8woMp16CRa7XvELv7MAZANeMJsNSZMwYxargkw
EM1pBaHNp4PG3AuAftC2QcjAAhwsNjKKo92or3ZRQUt4
FQwoSVdapFTjTcA8Us74NzCCs2za1CNMGHbDtpbWpZgA
9SxZ1sk4wcfuuhkE7Qoanvwn5kEXZLUEUDnyx1yA5DXa
6XUk3E6kYvkVktmbk2eMCHD9xBvW5nTTaAbu5C37GbAD
5TuX3xJZG9BTBebxb8UG5CQpL9X6notcJnb4UTQW8xg1
