8SZPSgjgWGLQE6YjT9CYxvdqEvqWBgSBVPrvy417xyra
Erohp5C77CYjvjtmjxbs16YTnHy5rd3jEyCygoEaukNw
251nY6cizjioawpQXZP2f8uXfpkcChipWPvysAYkCpps
JBvyp6Rusr5pqW31u21H6JC37pNEwz9LR8ipqgGa4jDD
5cAkDL9N5UuToED3gw6guPBnm3r35jzsMVN2heeHC22F
scd8jmnr42uxd6Qt2H782B1wudtB3zn5BKc9SYFCjPq
3ZLjLSz2tk2H4Vva93krJ9wqX3gnDRgRNveeeY4cYcwq
E8uzRdXWJZEriHHCGQc7AcsH3YmXDL9NSa8wfDwn99Bi
ABYKganTXpgfaoM86cntzmMYvJpP2jYB2CXX2WQJeTew
DPc6CrxtAxW73VgikUQsHYsbu8qpC23Y6WVX5hL4YowB
6AJPZkTJXmeRrYH3hYjHGYpCSkYP4jgFvbYBJ8fcaJSP
J7tbZ8wDc3e9Be1tjyfFzULxuzA3TWP1RMiRwETDCJxw
5ZMiSwQ19iDxWYqkyuQy947NZbckk2p7n9JVB9pQZgqu
H7QyYfNTSQiXaGqZ5mXGc6dN9rt3WPxt4h2s1UV7kM2W
9nv3egZp3PE3eu9ReajyhKmbpSavDWgzeUbbZNdKtGP
DBXwusKjVmPUhFxhP8YiXCSvEXSFg9ozdEU8JbG9R6D5
EPrq9fjhGngrHiHokctrkCifvAPtumn1QxD3hxf8tmD8
BX1yxLTam9CaJmbhayyUDBkMi339DTThenP84BAWWLfQ
7cpEC8ao4MW2coi5yQcXKWEraweq9egKUTbtqBi2NiZ2
BWpgpeVTuryTvCcqyZ9SRAEjPsUCHyDaGb2ttpmiRbU
3FdXenNH23doQb5q7KTvu4VyMCnoAdfYcNQ5kTBYcZLv
Twv2JDj4P17uCsVVw8h5FhZUEXDeeBrDMwTRhaci9U4
4J634ErzLS3GqXARuYjhFgthLmNK75A3TuuFrHZNTsdd
CWeA1gWEA5V5cXDsbSQXD1owJ9696Hc2ojFvxf4dSC8V
3ANz7qP443WrLXgd4jTCDkpjoypSRdzra68qN4JBztwx
ELcpZJrZPA95ps8oCSjf5DmDjxfPwQt4aBujvZrLcxKc
GirTchZehmdrPJkGTQxmGQ2BsdHMk2cnxb9gVVXbsi41
9vYVxq581WZzf6L2dhR6jVsgUCtZjuXmwfkoRmSm6EzA
36c2Vv9cNjBVQ3rR91awqWDho2VYq6TtKv9fBAf4F4oj
6yj46xSQTcinRkzcVRPeFKGHiQmMwqZh7idZkjzNtdAN
Gef3W1E4bY7y26r87zgytQgLKCc6s7wx8xwwibvgyksk
HwimdjqgvLcaJ1BCn4bFyJJ2SyWJvDNjPEhMXYQdWwUw
5h1HzeZ6JZsEWc9eEKDfP5SFbNoAeMvb72Wy3F4GCsps
6jmRgjgKCExz5C4Fu4z4Paq8XhDLncWc1zpBwF2GyF9A
76Ge2owTT1bbCJorVn5kCBweXQyutuQ9y8Ky9V9H6yHN
5xx7S68rxToaAGGuqTiWJsFHmAbgSLeP5jaepjgqWBNJ
4b4TbXxFm1QNBjaLvqddDT7KHH1SQoHWGGSSubjerPnj
Fc3XtLCyfXi178iP27biTd9EFyVvcB8M6Y9othxfxqPU
F7uyMGVzFJTW9Z5EFmuZtdapuGBpDRjqNnsCqyZSkz91
BVcAomdHUza8CjzQAT6eowoQZGJkk3iFva7Ho8XNvbaA
Ej1d8DFYUVVcQTptFCSRdA5EYbLMTtPvXNYPJa8pd6FD
8YVqEV9NdyDBxFQACJt1mAhEuaYTqSCHa4D2vFc4RXAQ
GKD5HVo5Y1CUUxWzsEz6FMBPBSH1E1enpTWkMTesnHdJ
CwytMfSU3GHv6qYg73sCc4jR1HH5pzDkSHnyRrxwx45X
ExFkNy8iozvk2YwBgKfoqDbukrTGfw8LtS13uPwQAusb
5j6N5v3bAdCtJJ4bYSUeqH8QcCXUjNuwS2i2f4AcrGNX
GJF71wb4UyomZhNuRTgxkvtZkw2MdZqAbY1dSNZWLq8D
2CbiXvHrMwJXgei4MPWVcsKUbivy3LZcSHGPCsUYAgSg
2RqjNUNCy3mALkaK5wC4vCjfjJ7invaajV1Yy1hrczbW
6GCbehoniiCpSAUk51sPD2qVHXbQYmddwnouS1gKZZPA
