Transfer 1 tokens
  Sender: 4XQzL45khUQguqWgqQpVLWsPnMZ1HfXWtYwNEQv87kTL
  Recipient: 8Ap1sNFR1j33CNpoLVbokNqCQ4mx4qu2xpRU4kSZHnzN
  Recipient associated token account: H1UfozvG579VA16zP6dcv2VBvGrPjd1jzChz2EoBQUSS
  Funding recipient: H1UfozvG579VA16zP6dcv2VBvGrPjd1jzChz2EoBQUSS (0.00203928 SOL)

Signature: kehFAdEMb8WrwinaxKHuiHZjkdGnYaN4vnfRBwFRiocPzgU58PCjyhcQG9w9uG3MYWigwdjivhsUmTFUznNrtgt

Transfer 1 tokens
  Sender: ChSWchzNoxURe7NDbQsRkF4NxaR8sbXW9rTwqdYnnnVN
  Recipient: BL3chWidnWNmzqjtjSQcbZbfTxczL4YzuNhBxgcDZ45k
  Recipient associated token account: JDQBoYsVgXb9D15iRZDPTwrFEATpyuqqTwJucNC2a5Tb
  Funding recipient: JDQBoYsVgXb9D15iRZDPTwrFEATpyuqqTwJucNC2a5Tb (0.00203928 SOL)

Signature: 64CjtCVLS55sEDPtryNagNJzCReHZovtVEh4Ek9P1spVDKuj7CWQ2S6XKWWKSGVFpGhTipTPMbaD7GpxT3MEx1MY

Transfer 1 tokens
  Sender: FKH9R5vfiJyEZwfWfUiSxuo8FZozWjCHca4VMKp6yGdu
  Recipient: DpwQvzG6pj2mnEgpKH9L4uWvmGZUaEnquAUjUBAoWNx7
  Recipient associated token account: FKWPwionNPLvCRCHQ37t1DGMnPy7mnieH3fubrbhi8TU
  Funding recipient: FKWPwionNPLvCRCHQ37t1DGMnPy7mnieH3fubrbhi8TU (0.00203928 SOL)

Signature: 5Tvuuw5YYc2mgbPUt6FfghNC26h84CwCdAk2LHsw3ZrSukTPR6Ji2T6RSnXPLzuqiMFweRjMyG8QH8LgykSYvH1t

Transfer 1 tokens
  Sender: D9MMYXRhFMJDm4TgadsNHjcqoLFr4TLRdZ8u6PUHYrHM
  Recipient: 7yF3ZSPNYadfu425TDXR6XVGUGKFS12GRvH1Hbf5rFoK
  Recipient associated token account: CVeymWKb9nwyURyKrxUohBUgv8rxtYVdML5tnzE3xWBR
  Funding recipient: CVeymWKb9nwyURyKrxUohBUgv8rxtYVdML5tnzE3xWBR (0.00203928 SOL)

Signature: 4Dxq2sBAMPvZ9KXVtYRNQP219fk3KWMr8HJSt9m6XKa67PYHXMHmCEQtW9CMZ98HCrNGH4KD3DFdqNCYaR1fY4yu

Transfer 1 tokens
  Sender: 8YxiLNDCERjqnW86nJyibTdspaZ3yCB8PXba5fr1BFTK
  Recipient: J8vxiR8o4NvY8wcR46iuSpSAjXhBwGCgrbo5LWA3corc
  Recipient associated token account: HjsZBaLNNy35qUjmHufRUKQjDGc8aoDWbdtRR4Fue81d
  Funding recipient: HjsZBaLNNy35qUjmHufRUKQjDGc8aoDWbdtRR4Fue81d (0.00203928 SOL)

Signature: 2qiwW9DWase4jroYp275GroGPoLPT8Hr61UTHLejn6eQvxrogw1EtPTDUfdkW25V1NxDw2dBJqufFgifWoro99KM

Transfer 1 tokens
  Sender: AKgTVi8peZM8Sq1zEq32e2DQa9QsRYeezzM9P5YiR3fv
  Recipient: 5qdNAUpoHzeAgUrasBtDcSSjQHVBSp7BtNFJekSiNydc
  Recipient associated token account: HTigpdFx13pqntXSgGZC8742xf9jpadYeSpJMa9jgB6C
  Funding recipient: HTigpdFx13pqntXSgGZC8742xf9jpadYeSpJMa9jgB6C (0.00203928 SOL)
Transfer 1 tokens
  Sender: E8C1XXrBKqFDmjBzcmWh9fcSUEBvFCwuWCzCJ62xVXUJ
  Recipient: C9u28tV9EcKf6iqCxcQvh8M4fnxtWU27vmS3gVwwVKSm
  Recipient associated token account: FvQ5oNwVzqjmdkny6RhG5zqB2SbaxS9DdMDbfMbmtUR9
  Funding recipient: FvQ5oNwVzqjmdkny6RhG5zqB2SbaxS9DdMDbfMbmtUR9 (0.00203928 SOL)
Transfer 1 tokens
  Sender: 6JQnxAM5D7TQTSuc642mWz8eZC6u3zJ1KoVqdfTgTbew
  Recipient: AEUto3eFWHLAmmVRq3Vo2fmHXwte525jQGG6D7pN4RRd
  Recipient associated token account: t3LoMLwTvLvvNTUBazVkgehQvRrXd2jCd9kHv85KiSu
  Funding recipient: t3LoMLwTvLvvNTUBazVkgehQvRrXd2jCd9kHv85KiSu (0.00203928 SOL)

Signature: 5i8U91Be7VgwPJNY2JdVz9j5Du6EnA5WymEmSzksAoVuDpT39HsWUv2T7KRCVhgf82knJHS6bmv4kfFVnaDPz59

Transfer 1 tokens
  Sender: 4swfYEyt87JcAEnUWaT7FYhgkCoroaCXLBDbcfTW9QSu
  Recipient: HSMpu91pytUdBFtKqUkeBcbzZNKCseyZP9xoV3fLJuZh
  Recipient associated token account: 4BqSNJGDnLjg8kEAciwqSrLmkEmmYGWadiZgDLA8tUTU
  Funding recipient: 4BqSNJGDnLjg8kEAciwqSrLmkEmmYGWadiZgDLA8tUTU (0.00203928 SOL)

Signature: 3ZBn4yRMTfxMY3rH6JbihMt9j3xfKVx74YRJJDos76NujG3LN1hZraJiU9MUqtuyFaNhQBcJUrGLyefU8Fs8f8wk

Transfer 1 tokens
  Sender: 33SJfL4ZjNRQbD9CJe57VJki5cstA2AXdLNwXiMgkZiU
  Recipient: 5EcLUki9LDfMnTP63BMyxizRbyjVQQgj6HhEAPQceMHn
  Recipient associated token account: 3jDdeAz56EMFFXVFFAsvE1woUdVrRi7QwHBR5QcLJb6u
  Funding recipient: 3jDdeAz56EMFFXVFFAsvE1woUdVrRi7QwHBR5QcLJb6u (0.00203928 SOL)

Signature: 3F2Sj49bDBDrzPK6G1Wf7z2piLgM7inPgVWUabNuzqmYCzRouodqzdzfUdxr33YzCHvPmx5WRKhipykrY6kuGvwT

Transfer 1 tokens
  Sender: 6tEhXqHCxMbg6ss92hnkGNhTuXhcrLbGsNMxCCJJy5Rn
  Recipient: 6zbHJGNdqq7PawynSgxW6csjVHAN9nm51uLNMZqpxZts
  Recipient associated token account: EysRjcrFngS898xTv6zAq3VgnMMaxmexcdXhQEzomotK
  Funding recipient: EysRjcrFngS898xTv6zAq3VgnMMaxmexcdXhQEzomotK (0.00203928 SOL)

Signature: 3VzhQyr6bDFpF8kTLHEpm6HXt1W2BFZe4ZL9TQ8JACMfqSBQLi8iRs3VApqT2nS8fVHFeyVmpVDQ9h4RDC7MEViD

Transfer 1 tokens
  Sender: 8JRNYjo2BeYn6TJTviJs5kEuzDfQwkVpXy99kDVnifiq
  Recipient: 8fqtDjTBTT4uTdvivSe76vw7b2sHkegVsbVtS3LJsG5E
  Recipient associated token account: HffR6UwMHwcxR2qx1kEfE4WUNLeaFq8wChBF5oJJJkA9
  Funding recipient: HffR6UwMHwcxR2qx1kEfE4WUNLeaFq8wChBF5oJJJkA9 (0.00203928 SOL)

Signature: pFWiWM9xgge1JeJDXiajp12QrhCYE4Q6cVU8W4ncSi5sBGvHsCjXs82knXjWza4p9V3c2eBtye9hdSihKddsuHF

Transfer 1 tokens
  Sender: F233ZuJhh3W1txsgffemupJZcz75S8kRJaxsbSXZ4zar
  Recipient: 3HFJjff8iUTvjLuKHjzJYzJZNvG46FgGPz8bgTKYUw5z
  Recipient associated token account: DtDwfKiyYd4cPCsAKj4W3hSWCA2aQeNVVtXXTsZL7ALp
  Funding recipient: DtDwfKiyYd4cPCsAKj4W3hSWCA2aQeNVVtXXTsZL7ALp (0.00203928 SOL)

Signature: 5UNud34ra8wiCCWYySGhDAQd21Di2ickwU5C5tEQpRrUiU6RchfhAtKyEjaXbiUMoi24ZfEw3zTuf9SwvKBwpka

Transfer 1 tokens
  Sender: Eq7fLypBAGfcbpRKHUV2SFwuXPGSxGyh6FDQC1QvFyGL
  Recipient: 51oET2dy4vCmZ1JMGYR9hbsvsLng1vcLD6z2AZp1uq1j
  Recipient associated token account: 5YUZ3S4nktufrBEWDKh5DnEMAgaBpSY3Qe7T4kgTfsCe
  Funding recipient: 5YUZ3S4nktufrBEWDKh5DnEMAgaBpSY3Qe7T4kgTfsCe (0.00203928 SOL)

Signature: 5mkQTUWaUmgyPDzk2KpiWpKUKh1mS8aiYfAbxpTJP3aqgrZhj5DsfqZU715tSjCDxsayrn7Ujfs1Jkxe5zWafWaT

Transfer 1 tokens
  Sender: 244YcFnNhcTZbwkqz2rcMzyWtMe1uctJAK44jFdSH1hA
  Recipient: 36NvFFD7C1tK3mB4usBumjy4eb8AgVRVakEZGidbrxD4
  Recipient associated token account: HpaK5cdMJ9zY1Myzb4D8Sm39DkdB5SM5EsNHBZzbJDFb
  Funding recipient: HpaK5cdMJ9zY1Myzb4D8Sm39DkdB5SM5EsNHBZzbJDFb (0.00203928 SOL)

Signature: 34BHmLUNoMBZTaaexCrEdzEZBzd3HZr7FjLbQ7sUUAXRsjixUKUPPJdNW6y5B9yDnSfHxLDAnoM6Ut3Ujopcd5pT

Transfer 1 tokens
  Sender: FZYjkAfY3eE9xduffRcyWnjZSUmaYVTgCSAUqS3oxuo8
  Recipient: 2HybyiFMCJes6XPP2sU81KqDV7w6xuNx1d6r9sB4kwan
  Recipient associated token account: FWfJfkmesbta4aUEeJijNed1Ns3R71NvYVzEUFcptjwS
  Funding recipient: FWfJfkmesbta4aUEeJijNed1Ns3R71NvYVzEUFcptjwS (0.00203928 SOL)

Signature: 4vM42sHJVoQS3Hp6x3WKWDYTnXxP5hKJoq7ctdhgw5ZKbf7BJopezoVocXfATytCKvN6JxtxNfijdkrjFhhMVRcL

Transfer 1 tokens
  Sender: 4TUqTQ8hEcsK348zfpCZ2zUbu7URGVeJqKuo28ha6qx6
  Recipient: A4jR8ZNLjEZfMV3jWcL6y271Vty8ywQSCPSsjPoqrHUx
  Recipient associated token account: 8jJKabLL1uQRykDw8DYiRYjKnos7P49kCft1z8hVK2ER
  Funding recipient: 8jJKabLL1uQRykDw8DYiRYjKnos7P49kCft1z8hVK2ER (0.00203928 SOL)

Signature: 5WQDXBULU5kabN219DdMygoLqgPYrQA5exbjGNQtBxV3D9aLrqo8ctcPTaRH6SWvcbiaQJKpE9L4tKw9eEdv8vDu

Transfer 1 tokens
  Sender: 8kESCGALuRkTyDEJhHrxfim3Tya3iJuSvQb2pAr8Kqxo
  Recipient: DWaAVXvNg9NcNUPLCwRbAhc8NVmFzSLPQCFuwkxgp9Tk
  Recipient associated token account: 4kqm34WZmPhZQzMKqVGmWwgzMiCvnjczDanbvwCC7sgv
  Funding recipient: 4kqm34WZmPhZQzMKqVGmWwgzMiCvnjczDanbvwCC7sgv (0.00203928 SOL)

Signature: 22NkKHBTfLqKaU5D6mU1fkNoTYUHzfdydwngjwZJTg7iMo3D3rzjZTQwdDN2X7ruzkJ7e8JhKJiiiMVShdbfkNy6

Transfer 1 tokens
  Sender: 5CYBncU3Nqw3H42GTWoCGWGiffNgTBjKADkXXC3U4dFc
  Recipient: E5aGCgnhBDQ9aoPZkAMxgMR1FkruzxtBFeEyM4EJwKD4
  Recipient associated token account: 85k3hwc4QRJUP7c5HbykwVH8LmuXqk9BgvisVV3fZ1mC
  Funding recipient: 85k3hwc4QRJUP7c5HbykwVH8LmuXqk9BgvisVV3fZ1mC (0.00203928 SOL)

Signature: 49gpfLFTdzNAsFB2gvsLcYYspvXbWMzsefRZwFpTvX9XX8qkRQM1Rt9PX2dzdcU9y5D7n26T6TsxScBh19pvQ4wS

Transfer 1 tokens
  Sender: C9qm1BDyqzHFTDbAD6p5ohYzSWHhcgB4Ehp817pu4RJj
  Recipient: 8zfdGUKpemtzs2Ypb8reoN3A43o1ZkbwFCBNzpUeFeUo
  Recipient associated token account: 8NMcAUo3bS9X13nkVzTHRXE6p73uuosnRiADqryerhrt
  Funding recipient: 8NMcAUo3bS9X13nkVzTHRXE6p73uuosnRiADqryerhrt (0.00203928 SOL)

Signature: 3hZuMPQb2Ph78iSiGLEBxQx43jWEyt4Y51aHR9gPKx8iom3jiy1XkeDGudPpHH6LMz5MUwuPYoMvrhREoFivZFCW

Transfer 1 tokens
  Sender: 2hxcMnrGwXiFQPsQzyLHvdC77v3gY4JdAX36vEXHzDvM
  Recipient: 51oET2dy4vCmZ1JMGYR9hbsvsLng1vcLD6z2AZp1uq1j
  Recipient associated token account: 5N6ADLvGiWWe8ZktLQGsha5Dw6Euvhqtz8RX7o3j29TS
  Funding recipient: 5N6ADLvGiWWe8ZktLQGsha5Dw6Euvhqtz8RX7o3j29TS (0.00203928 SOL)

Signature: 396xsfdUe16ceNoyySpq97KL2GHFTHfuDviZmxBDdUoC2qtCLXnxFEtCbduZkzjsmUunjS9z3wUU5epf1mqGXTfc

Transfer 1 tokens
  Sender: HMCDWufc9nHrQFmR6CReTdmLN8QvZgDZmT8acSo2W74o
  Recipient: 9vTVgL5yTaRSj1QThL3jViVdwZTiwvPzqsFs4eHdjZjf
  Recipient associated token account: 3MSXnvNEbbhRuHp1YSz5u4GFtjnhLttQpAbuTB9TQdid
  Funding recipient: 3MSXnvNEbbhRuHp1YSz5u4GFtjnhLttQpAbuTB9TQdid (0.00203928 SOL)

Signature: HuefXxXyJUn4V55ttE4rYiGy2BCKfq1mu68BfAnx8wEFcrnhVfbN8uQQkzYwixDv625Y8TPFw3b8HHm2AX2sJUg

Transfer 1 tokens
  Sender: 89iArJFc45oUK3ffqQtUAHoiZErz7FNykzYMS8Ccze6d
  Recipient: DajLww9JAzbHx6VNacZZWYKQfUukB9bibGRcwwHs7e3P
  Recipient associated token account: HUUuHPsJ3tJFKr8hS4qX1D2BREjiHHJcy1PCutviQTpC
  Funding recipient: HUUuHPsJ3tJFKr8hS4qX1D2BREjiHHJcy1PCutviQTpC (0.00203928 SOL)

Signature: 5doqywoRtBWPbHivdEGXZs534FtSkPZnVxJfw36xVVsSzrjnY2PQv8CWZWC5qVA59Ghqr8U2rnx671i4q38WT3qV

Transfer 1 tokens
  Sender: CXBpYmHwwD3YFZrz8kUSP7RXFziFSimnNWcwLAMzhbfw
  Recipient: EkQAvYa4Ek97Zb3LdtLBTcNeMEwf9yZbTGzjPjQnrVJ4
  Recipient associated token account: 5KSnoXGzKo5acUngTSsUKXPD5G25kCatPkNnSqu3rwSo
  Funding recipient: 5KSnoXGzKo5acUngTSsUKXPD5G25kCatPkNnSqu3rwSo (0.00203928 SOL)

Signature: 5bUwGpNhQRjSmzvfNNrFtdKz2jonXqPR548LM1snzGKLEVtkf3KQQ6mDgjT4oUqmoYQRWxFDnfydSoYYmjkoUEbE

Transfer 1 tokens
  Sender: 8JNJX1BtEor65YmFEWoetGukEc1kLRVR5fTFUapjKe41
  Recipient: 3HjJoQND4bDHzLELH159pNpBPoSnKRx4ZGwzxoSv3BYg
  Recipient associated token account: 2zaAiSjapJo9dkB4JRs7R2mCQu35QMBJy6cqQkNV9jbs
  Funding recipient: 2zaAiSjapJo9dkB4JRs7R2mCQu35QMBJy6cqQkNV9jbs (0.00203928 SOL)

Signature: 4Np2Q1EwQAPWZWeGHBpoxZ3twnbQqhXFVYxPhpvYKMV12qpLTdxDfVUPzYex8gTMYBPSJPeoUMmUid3FMAXzqu8Q

Transfer 1 tokens
  Sender: C29JH4chC7yqsYtbPGaWqHHgv224EHNXwkgtJzsiaUZZ
  Recipient: fM75Vu6338qcv7W3Lf8zX5h6zh5P9A6EaVKCBBh1KkV
  Recipient associated token account: 4vQPFwtpQSx3RzgAs4XKKjLFNbCn1rUZyNhfuZpeyHrS
  Funding recipient: 4vQPFwtpQSx3RzgAs4XKKjLFNbCn1rUZyNhfuZpeyHrS (0.00203928 SOL)

Signature: q8qr2KwBfEHsezfbesBzN78srs8U9jTiernyi3Pru4VdTsWMvXmEqWV2PCQCoqheqkypxYK2dQjeiFUXKP9vpBg

Transfer 1 tokens
  Sender: 5KNzLHAiWPHnynPauJybi14Auk2thLqDMmErbB1ij7Mx
  Recipient: FhWBBYgnhYdPaArK9uU7jmURTek6aG9bn6byou9KfVZo
  Recipient associated token account: AJixZ6fRDm2xVJN6bHS6KHisojFVzQbhrNzdjQpwePWM
  Funding recipient: AJixZ6fRDm2xVJN6bHS6KHisojFVzQbhrNzdjQpwePWM (0.00203928 SOL)

Signature: 2XVU9oe199xpCUYA7S8yHJWAg9nzbfDcYbv63dnsGNF18HuYxwb2wthVRSn1csA9KAz5YGCKG73aPfK64rx9MjiU

Transfer 1 tokens
  Sender: CV4TCpAtSvTeuaJ5PkkE8iuHnxkGFjp9SMZ9gdWH8Wi3
  Recipient: BWvCdQ4Tipnj5D2reWSi4Gx2DwifFqwErvRpgMDgBAYV
  Recipient associated token account: 7kddLPPJzBFWLYbzyPe1KksqMkSkGopyYeyVTfAkn3rt
  Funding recipient: 7kddLPPJzBFWLYbzyPe1KksqMkSkGopyYeyVTfAkn3rt (0.00203928 SOL)

Signature: 5fGrSFKPJhhmWUsiidQrAgGxkvahjwiKZFKEj4bwZU5c3v6a8A5jJghVQ62ZgnMZGi681kgGp8sMPZA5UuzFCgDR

Transfer 1 tokens
  Sender: Hg4dYuibnTwfBUcVvRcnvnLCtqvCXdRz6Aso37Vaiuv6
  Recipient: HeohjHu8jiJ4gpEYnGakdfv4CxaFcCAS6iEfjLM9p1Ha
  Recipient associated token account: 9xVjVfAk69KpZ5X5A5RLjUReQJg9Wen6wCxRhAfdVmnX
  Funding recipient: 9xVjVfAk69KpZ5X5A5RLjUReQJg9Wen6wCxRhAfdVmnX (0.00203928 SOL)

Signature: 4fJMvUmKFePz2HRF4XE8uguBVjG9DKeoRzpRWNa49YBmbquj64wDmboeWFdQxxKENhKhRZ76oxDqNkqzVw8KrGUb

Transfer 1 tokens
  Sender: 39zWXByBCQfPXprfyGfkNeNGfN6Kj4ozHz73rbL5pjgu
  Recipient: BVFTQzEas8kMPkcugksaTTuLnQJ8ESxtLryk4ngdyvjU
  Recipient associated token account: 8RSYxhH9f4soLRoa1yWw2mC9uvmpesa7uEEoDzq8jsDV
  Funding recipient: 8RSYxhH9f4soLRoa1yWw2mC9uvmpesa7uEEoDzq8jsDV (0.00203928 SOL)

Signature: NmkiFUHJQGeuHxsvkdNygzhC5Xq18Js8aNwUByc3Zhrz33VQkSK2ZtdJZNLAc3EM8VnnjoWKUMVsWG7uygkcdBn

Transfer 1 tokens
  Sender: AuVbXCXAy6GDnXpTZWb48bMpE6XwZZXgNeUKLjY2D5v1
  Recipient: GRKqLdY4K4VhQC79Sa6EeNpSKchuXGKkZELPAUtg5UiU
  Recipient associated token account: 766TrPfLfUApMCkMpKzH5eYzth2k7at9eu3w3zkM6BXA
  Funding recipient: 766TrPfLfUApMCkMpKzH5eYzth2k7at9eu3w3zkM6BXA (0.00203928 SOL)

Signature: 4mg1X6ZiZzM8uk36n23E1sKPsd6mRBSMM9ZuVGijpi8BRrtxSca54rHy4RZgP9meh89J8NuCwS96QtWPCRXZ8fsC

Transfer 1 tokens
  Sender: 14kR3xtTUrT6HCTWsKypn6DoxJKb5eh34fgYNPMkAdhV
  Recipient: EpuwepKibc5ceyDXsGaiJGD3hUKgHQi6xmmdM42MnBCa
  Recipient associated token account: FAnr49SNgV8VoqLn5y2N4gV9ss1jDk1UkfUJ78Ycyr6w
  Funding recipient: FAnr49SNgV8VoqLn5y2N4gV9ss1jDk1UkfUJ78Ycyr6w (0.00203928 SOL)

Signature: u18EvhqNzyfjDhiQXRN89p2M8HSGNfZGfHoYK6FbrV6trGWwF6qFCRN7etaev1aTsNsTCHaR9FzaYy84aLJKUSC

Transfer 1 tokens
  Sender: 3Xh7zdtuQPgao9MMETG2rDn9ysM3iumUM8TziFH2Va58
  Recipient: E6j5MbJxpMWrWWh7NQxircbG4dB98SXdoXtpfRbnqwvB
  Recipient associated token account: 9wh2G8KEsx1dqHsTiniTGZL17WhQ1RJjmGc7xMbfcCti
  Funding recipient: 9wh2G8KEsx1dqHsTiniTGZL17WhQ1RJjmGc7xMbfcCti (0.00203928 SOL)

Signature: 2MKFz4jGa2rGMeq4g66sxSgNXFRQPHxbXHtcRajz9myAGrXEUFhg46da1hok3jfusVMNSQb6bb3eVGeqt7LaEYas

Transfer 1 tokens
  Sender: 9DVxktCAyR4sr2rqFDVPRr2bNspnqLuWpzsFVQbpz8kR
  Recipient: 3bSvTse4nx9Y5zTazhr4BY3RTFUjcnUrechQ2whhsBFC
  Recipient associated token account: F9YQgxz6EFJ5uJ1gAMyHKXvLWAjur6EZ6Sv5FzSWt7ko
  Funding recipient: F9YQgxz6EFJ5uJ1gAMyHKXvLWAjur6EZ6Sv5FzSWt7ko (0.00203928 SOL)

Signature: 3W75GCH6Hj5dYrJujzUBux8FSjrxpoDBq4r7oH2frBoqH9uJenrQqS7ehumq9myFRJ7JdTpjNA5RJB19yyqQqn8h

Transfer 1 tokens
  Sender: FVwN4uL4YG1mpWA2sWzYgRwgYGGF8hqXEmQdPw5Ypma5
  Recipient: FLhF47aQDAv2wmeFcEHpcGEVwhRvd8feE62x2ZvCQE62
  Recipient associated token account: CbGFqraxqrjwbb2L5KtsQBBeffqHLoAhyNA2yXUb2yUe
  Funding recipient: CbGFqraxqrjwbb2L5KtsQBBeffqHLoAhyNA2yXUb2yUe (0.00203928 SOL)

Signature: 46oPhRpFAY3esN4ag4MVzhrnGiJ1pNujVJrywMqjW1TCnoirT1ju2TzNjHxrocAs8ggwYoJ2T4ycrnxhiTduZKjv

Transfer 1 tokens
  Sender: 7XecSr5jjzRTNRdMXmdxzX7cQBXyy2pvaEEVJYFVczar
  Recipient: 74MCLCGZ6HKYja3Uca8UQN5C3bw6NeyNXF6xRqaWkaFz
  Recipient associated token account: 8fwKDaav3TwtJpyakdKVtDvLQ3VysYieGm1bcTgasJ4f
  Funding recipient: 8fwKDaav3TwtJpyakdKVtDvLQ3VysYieGm1bcTgasJ4f (0.00203928 SOL)

Signature: 2uSr1QbXQ4UWM3TTUBYxV8UD1j68GQ8tNwry4KnjFU9CEN1aLfX5bFEwnfv9QdqEYyzm6MRcf7uxpWjqJF28gqYY

Transfer 1 tokens
  Sender: HXagRDvKNW5gpmNKaCjgVZAe17gNP8yJaXsbtVqBr83J
  Recipient: 4vGE9S4355uCVCvQ1vqt4CgKJp3w1MrThf6SQYnjrLep
  Recipient associated token account: H32fC6MnQQfYX8HuJR8paJT3ekZbSVpgwj6kBzNsGZGw
  Funding recipient: H32fC6MnQQfYX8HuJR8paJT3ekZbSVpgwj6kBzNsGZGw (0.00203928 SOL)

Signature: 43Mhze4ahZchBYCkcbVKHW2PSykjineLxUhPM1cu3xqqashTHY9e5sjaUXPJEybBZWLNsTdNuHrpMUE3MV13d72u

Transfer 1 tokens
  Sender: 6hHnDHiqfDAHixeg9nnmD6icsvM31CvkVbcANDey9Ego
  Recipient: 7tMyU22ViPrhY14fy31bSmTsQK6rwc9q3Zbq2u5RkZis
  Recipient associated token account: 41yH7rx5pdauCgvL1t5s1YbETaQDPSUWjvDHcPCcSbvk
  Funding recipient: 41yH7rx5pdauCgvL1t5s1YbETaQDPSUWjvDHcPCcSbvk (0.00203928 SOL)

Signature: 5Qn4BbE6dgKnTMTrmx5bq1UWNbuSvvmY9px5qLs2ikkVdhHVBfyitS9FEdJrPKh6E7vQHAwfSqfpxsdgf7pchXoF

Transfer 1 tokens
  Sender: 93jSKREN4H7VajkYceSyjveG5Fh7QpLbtWke3soDkDpH
  Recipient: 4cKqqwoADnQVUAapaq1CrCwpBwbvCSohZPzB8aHooJjk
  Recipient associated token account: 93bVD3yZHx2AQW1A1znL8GKzfMiiBv5WjmqvU6g85rqD
  Funding recipient: 93bVD3yZHx2AQW1A1znL8GKzfMiiBv5WjmqvU6g85rqD (0.00203928 SOL)

Signature: 3cvuVdNLpf9WBdcADBgHozuh4JKJ9WwsvtjK4pVtijNRBv3BBP2csJwDPKtEGC74tQdWSwJTpYg7sxYuxEMtVHJP

Transfer 1 tokens
  Sender: BgyZYafkTbiLMdHzQjtEWxddrMsGgMqtEuD1muLUjWUh
  Recipient: 7vAg7NxpWJjA9eTFneNemmB1ddsUowy7bbaDECFu4AH2
  Recipient associated token account: 8KutJLESBAmupWatzaVTifFC6FCnJVJyCoTCgdA6bfw2
  Funding recipient: 8KutJLESBAmupWatzaVTifFC6FCnJVJyCoTCgdA6bfw2 (0.00203928 SOL)

Signature: 35E9xU6vrFUViBn66NEEuFDJXjKQ53QZ8rc5P1qeGhZKvrHpWCk5THRT9Mh4t8zzojsHYFzRvuwgj5C197noFyih

Transfer 1 tokens
  Sender: B43E1g3MWQXik9HhjUQyofUdA4wGbWZwyagnE6WWAxXL
  Recipient: 6rHgCdH59NMcf9MRbwWbMyhoaMu6mNrtHM12yLo1Rc3h
  Recipient associated token account: APQocmqRb8Xkbefh8LwRFHv46yU2gek1MLB5QFv9ZNeM
  Funding recipient: APQocmqRb8Xkbefh8LwRFHv46yU2gek1MLB5QFv9ZNeM (0.00203928 SOL)

Signature: 3nwbWkBJLToThJeBFwxW2aDQqvNTXWFfPwmER4WSupDcbou9UEDoup1tiMsPTsK5GUZPM13MV4QNXLd4JS4nrhFh

Transfer 1 tokens
  Sender: 3brPnGajXodMiYvELd4aW9mAiQGUGFHcthTh2T6YqoZ4
  Recipient: 5XzdXN4CDPYxztNFSV8J2Z9GUtP19ToXTkMjJhYzY7kz
  Recipient associated token account: DLmKQpZCRp8ixxjva42hiLHkc1uGo4X48uBLAZA2Vx2R
  Funding recipient: DLmKQpZCRp8ixxjva42hiLHkc1uGo4X48uBLAZA2Vx2R (0.00203928 SOL)

Signature: jB2qLR6EMqfzR1Jz5mgYHa1JtS3ehRcxnrjsAHUihHfhf4991TTkSqY6kF5aHNgo6c6rc4V3LZAo5BmEFPpzWL9

Transfer 1 tokens
  Sender: shpvuXRTDPB9LLCZLWEAF48c8wMHKVGgHqkeaVa8QpC
  Recipient: 6yF6NdzDRZ7ZoULP65Y5Grhefo1qpD447ZeQfMbbpEia
  Recipient associated token account: AxenvJScPKRZ1SBvwCx1pPzpDJJYZrewQmTqoWP2RA6u
  Funding recipient: AxenvJScPKRZ1SBvwCx1pPzpDJJYZrewQmTqoWP2RA6u (0.00203928 SOL)

Signature: 2sBsoMXJePr9YF4caRisGNQUegp2Ssk5efyqw4JgZP7oYFaj7wGSZuW7KXCXLf6VB1zCEAS5tac5Yz26aBtR6wnQ

Transfer 1 tokens
  Sender: 9x3A931X821xLgp4wvKC1e7XmmsDH7yxhAeaBHLxxkeJ
  Recipient: 4cKqqwoADnQVUAapaq1CrCwpBwbvCSohZPzB8aHooJjk
  Recipient associated token account: E3KazoEaRUQtbfwCP1p1HD8n4ZbyM4M6TQy2kR39s9nN
  Funding recipient: E3KazoEaRUQtbfwCP1p1HD8n4ZbyM4M6TQy2kR39s9nN (0.00203928 SOL)

Signature: 4VjKMXbooiU95KcjEXYcQUQMKgyntd7ZTdFFs37FVNGzdPZTKS1vTQ5cVn37THG5gF5UZ5s8D7KV2WJWdfCGtS1z

Transfer 1 tokens
  Sender: FtTFuy3Xg6ehYqZjipRXc44zXfBns6rmdadeAoV1sPXz
  Recipient: g2q4tWwSoLzY2PYmYM6YB8167AFP9L5J1Mf4xJ5cJhB
  Recipient associated token account: F8aRBNfKhCPB7Ukq2KxTDU4BMTfiYqxrhGYw38EE8Ecu
  Funding recipient: F8aRBNfKhCPB7Ukq2KxTDU4BMTfiYqxrhGYw38EE8Ecu (0.00203928 SOL)

Signature: 5Y7cLjpy7wfvkuD8a9p7D126ZNXZsECTnStb39re8ux2ybxd6vaL81rxcB6RhNRQk1aMmALcSvMXbGQyoectA86j

Transfer 1 tokens
  Sender: EtUKD2NXY3AKcAWP38351GhVmtWGcB2wZ5SZSt7bxGP2
  Recipient: 4ReyBodSJygchFFm6tHfvGQdBvhrCr3UqWTCvUoNyvfZ
  Recipient associated token account: 9jSznakG3EBL2mLMCav7Zd6ZbDVYW2xGUJjYwqF5VabU
  Funding recipient: 9jSznakG3EBL2mLMCav7Zd6ZbDVYW2xGUJjYwqF5VabU (0.00203928 SOL)

Signature: 2R8ygtqCxa5hB4pr8i8N6d2W71FoqgFYYgrdVt5dkPVT8oxB48zPijTDgp52MirbUj1SKr8iRzL4PhsaLPU5y62w

Transfer 1 tokens
  Sender: 6MYMQSdx2Kt9TDPxkiqyhu6zqnZRRMVs6tSzokQeRwjb
  Recipient: rMjHEPkW7J1PF6Vu1ztdvRofKNWaP3yoSAXbkNdY6ML
  Recipient associated token account: GBTW83ncTzbXEibTY4Q9j43baWYyPqTAikqQ6RwHcC3S
  Funding recipient: GBTW83ncTzbXEibTY4Q9j43baWYyPqTAikqQ6RwHcC3S (0.00203928 SOL)

Signature: PxsQ7ZCr21F1f2LzTZeQ9T65MReL4Wxqw5AZwnPkk5d2QwQGdUEtMLPiM7hb9GRBg5p1ac2zrZqU1LG6LzeJLVm

Transfer 1 tokens
  Sender: 7kna4QPvGRYbTrwBRqE38dbZj6xb2uP9xuZiK8CrjHSz
  Recipient: bae93fAqQRbzRBwLnC5ZeDt3j5uX23nD62B3pwvpgXB
  Recipient associated token account: wScSYnEAEBmupKjuAd5vA733Jga5gwYeAkqymBJedz4
  Funding recipient: wScSYnEAEBmupKjuAd5vA733Jga5gwYeAkqymBJedz4 (0.00203928 SOL)

Signature: 5r3eSnLyxjrSXwJLvXXGNZEppJjWuVcPaT9MLQZTWHsRkpyoNvZkmtvWT2ra5iBSSMw3L8ipQetxEVotuSr7hgqm

Transfer 1 tokens
  Sender: 6nQYChmshm4YN14g5EUjTMbmbvHbJF2crcF2Cv9xskRU
  Recipient: 8ntN7Tv2b2WdLveATgTNHEVFyTh8555u5gBpBPvFEKWg
  Recipient associated token account: HkF2esG2mmYUv7UwyygAYtPESBZWUfqrygSpdySKkYeg
  Funding recipient: HkF2esG2mmYUv7UwyygAYtPESBZWUfqrygSpdySKkYeg (0.00203928 SOL)

Signature: xDSzLMcBH5HcpsqfEW5zQ6knCQggSyd9eXJVE3mf6Ag6NDk55tVtydSwvycNRiPm7hjGr2jMBvsozFsk5gi9Qcr

Transfer 1 tokens
  Sender: tMAASTptJV1wJbsViYTnWbfVxmeYReFHKw9XrbbhBNs
  Recipient: 2fesvz95r896EUAhQ4yfUGAbR6X1WDsLLe52zaQoYiaK
  Recipient associated token account: BtxEi3ZSTovo7UbjbVpinUWFT4ibcaTQeXYydZT2uMXU
  Funding recipient: BtxEi3ZSTovo7UbjbVpinUWFT4ibcaTQeXYydZT2uMXU (0.00203928 SOL)

Signature: 2gE1To9qQdJtxjvvTugEmny7tGw2RtWM3pVJSjcV41XEy3JAiJ2LDBj959xwhXYapYkUDzXBfaGQhjh5YGZvVdmQ

Transfer 1 tokens
  Sender: 76DG4xj5uPHS6ms6UjZNiGtJuuMht7fojsvbe8KLYkp5
  Recipient: 3DTEw4wsyEvKBh1u3v2NKtcBmLwz8iJYieuDeSbjyRQP
  Recipient associated token account: 2bYKfKN8fqWxPT7xv1HL44qiid6WiUMw8Rdupzg8nFnT
  Funding recipient: 2bYKfKN8fqWxPT7xv1HL44qiid6WiUMw8Rdupzg8nFnT (0.00203928 SOL)

Signature: 2BdGovp5CfWsBTAGa29aX7KpXNVbH14HkGzoRyH9hBDUU8CGazJXvopYtLFYuUiUde3ya1jL8JF5B4joR5AsHJ9

Transfer 1 tokens
  Sender: B64zj9bTMiEDAk7sCPgbsj6e5u2AGQzZ4gHuozENx6Sm
  Recipient: 73tF8uN3BwVzUzwETv59WNAafuEBct2zTgYbYXLggQiU
  Recipient associated token account: y4ZGNFHTivECF81HFEx9ZioXAhWq5F1sikoyrwde6Su
  Funding recipient: y4ZGNFHTivECF81HFEx9ZioXAhWq5F1sikoyrwde6Su (0.00203928 SOL)

Signature: 2ymEY7Ek51xewDvewzGmiM2HRQizfRqorV27nxz39EtU9dK3YjjZT1VngPuwLfFEehf6obtxjdftF8t2fykuFB2L

Transfer 1 tokens
  Sender: 5XGYtsWRm7k1kcr7AjEY4TQL1aPEEonUUPuoSayFUNge
  Recipient: DRjmtgkBNDaTvvvnGwY79mDyPSu8QSfRK8xc8GJw5rp8
  Recipient associated token account: CKZmxMifFSpUZmNh5Kp15WQTZbs8FyTtCsiYbK52rPhU
  Funding recipient: CKZmxMifFSpUZmNh5Kp15WQTZbs8FyTtCsiYbK52rPhU (0.00203928 SOL)

Signature: 5vhb2K4mkJeWBJUJWt7kjaYViSY6t6tHjLkiKE8qWGkhGbqdfrnbu1kvSEUvt32UF2GHGHanMZw3izjWsjJWCGdS

Transfer 1 tokens
  Sender: FYyLYyhdBPERKjWRvndbrVxRz9feWvpmizjvnaLdnJmB
  Recipient: 3z1HoBSLBeWt5eTUVFx3bFdoFmzgmUmhiwCBE22Pmten
  Recipient associated token account: Hjk4cCZizw6Mp8byQTxSkTBeb5CWSMr5215mbjDHJMaU
  Funding recipient: Hjk4cCZizw6Mp8byQTxSkTBeb5CWSMr5215mbjDHJMaU (0.00203928 SOL)

Signature: 61bksf3DzhSZ55irM2VkzyrhLu76XrjHzW1v4VpH7Dag622366Ke31p5TBYvccyP3KBY37d13HjgGxfHwLJcTSJ6

Transfer 1 tokens
  Sender: CC3Asc5DP9Ut3mC9tU5gLw9DuLJoouQroHtrwDfXAyee
  Recipient: 6MS5NwY2eaAQ6XNbnrpUJXQEWTNC1Co42VJmT2GA41mp
  Recipient associated token account: 7BhhwcUTeA8kPrJ3BqQKzDoH48aNz5fpeW3Cxuzza1xg
  Funding recipient: 7BhhwcUTeA8kPrJ3BqQKzDoH48aNz5fpeW3Cxuzza1xg (0.00203928 SOL)

Signature: 54jLVuq3nAmM9zt7a2c8MD68DPRDAdZgDQngcen6QXh3vgr37dxn4hjGtmf8VooLzC1FkxefwcBHWNoiXi6uE9w3

Transfer 1 tokens
  Sender: 2yLiqcpgHPidXbkH7B8jSXMqfn6inP5aCVpp2aKevjtj
  Recipient: EMgKZ6eEsjKBRNnSANaC7o1EWjefbtLP33oJcE6JnswS
  Recipient associated token account: GLBhkBYszKa1MXy9jkptTriAXAfQ7VhPS6rZVSv8K47x
  Funding recipient: GLBhkBYszKa1MXy9jkptTriAXAfQ7VhPS6rZVSv8K47x (0.00203928 SOL)

Signature: 2WTig52YmbRSixEPz2GeExtZZtom3mMqyaPa2pUMmDW2ghvANxzBmF5SyxWLrT4a8mcg27C4XHEGQgHQqZihi7MR

Transfer 1 tokens
  Sender: HPf34ccyhkN6H9n7gEeMv1zBRaY8im7pL8fKzG1mCHMH
  Recipient: DuPaTyvtPNA6FMjX7pfpesDte5FSHPi6BGK7fbh7ZiBo
  Recipient associated token account: 61QmCHmmSup88fCHCKeQAgqybaArrD6ZaaAtsevCkDJi
  Funding recipient: 61QmCHmmSup88fCHCKeQAgqybaArrD6ZaaAtsevCkDJi (0.00203928 SOL)

Signature: 3XgvFyyHdvBXDutk72imsFmax6uRw6e2DgnVPkMDMVvg7oBTYeSar7Yt4s82VQqAYJwgivEztt9HTVru8TFjKEm8

Transfer 1 tokens
  Sender: 9EBqGY78hAKZ9UpMxGxNt5NzseMwzRHHbCBMwbC3DiBa
  Recipient: DdpAaorJnTmfCWcrNwwHVJcB8wcWw5i7QUBGr7ESCvWv
  Recipient associated token account: H7HZ24BaWwFeN9U2DHS2U5ud1T1AyqujURYBt2VZoGVN
  Funding recipient: H7HZ24BaWwFeN9U2DHS2U5ud1T1AyqujURYBt2VZoGVN (0.00203928 SOL)

Signature: 5tH2JXhoNcDbRWYug4WTsrsFHHUMJ6MLFSMb9VSkC9gGwbCyCgR8c4BvA3D3A7AVFhwNneBcfmk5j5mphU7EkUdB

Transfer 1 tokens
  Sender: 38kwyKN6REeaHKk3gsTr1yZExauaxc3F5Y5q7VKvmmCb
  Recipient: 8djD77wbxqJCCesESU7EgPJsk4tq7KGDi5EQgXon6H49
  Recipient associated token account: 6KfgSAxbsoJJ5wzs9n9wxttEJVaXjXiEhfVv4GsHmdni
  Funding recipient: 6KfgSAxbsoJJ5wzs9n9wxttEJVaXjXiEhfVv4GsHmdni (0.00203928 SOL)

Signature: 2Md6KQjWMESHzgwvUpb7v7AJSnAvWRUHsP8JwS7cRAC5EUVeqA1Jq5DDSRb9VkJ9CxqXxFwyH635TCi9uVXWUrLL

Transfer 1 tokens
  Sender: 3h8obzTFdkUwFsg89QVQk6WyU2KdyFhrTBpZH7QeMb91
  Recipient: 7fcwxQgEkyqWhCJq4B9ViKCnzdAB4tZohJ8TdMLxuMzH
  Recipient associated token account: EBxnKf7Xnaeckr9sDbwgK6hmJMMSNGbjTyVeaBEgZc1V
  Funding recipient: EBxnKf7Xnaeckr9sDbwgK6hmJMMSNGbjTyVeaBEgZc1V (0.00203928 SOL)

Signature: 62m7RkL9qkRFKjo9CDAyzYgpUmNrCqkmyucAPVxqruUdJmspufGrkaVrKHTFmDP9NqosrmNTuoS9hn6wecvJdXMq

Transfer 1 tokens
  Sender: 2TVNQyKG56r6HcB8CBESRjUHo7BzZuSKwJcG1RnYgr2H
  Recipient: 9nF2vqusHupTTNgw3quL4f3jorvPdJ8VBPv3Uw1xt3Mv
  Recipient associated token account: AYTAKSoPE59vYFWC9ScNH2tp7RBfo3PoZJ8mVre1M95x
  Funding recipient: AYTAKSoPE59vYFWC9ScNH2tp7RBfo3PoZJ8mVre1M95x (0.00203928 SOL)

Signature: 2nUwrSxv2D9SEfwTgkC2weKy8bP9T2P3kLMu8QgvmBBd4v6eSeq4eTN3t1ggUiBVN9ctRKaobf6zXoNCZsBu7piq

Transfer 1 tokens
  Sender: 4kxfzdkFpiPXjJCa61EuiKaEsGyQ9YQsdUs6NiG6Ao98
  Recipient: GNUEve3VU5vfrEvoK6ge9r9dWYyrjv8aPsb9CejNZor4
  Recipient associated token account: 9w9C1yYoCq6QRpWVpWLDS2LzkCS9NWVAML1hwZbVtxss
  Funding recipient: 9w9C1yYoCq6QRpWVpWLDS2LzkCS9NWVAML1hwZbVtxss (0.00203928 SOL)

Signature: 5oY4MyonS6bfLU8zLtUprq2suPKYiKGmy1PzF2KzdugXi1NXXyBMspRe7wyZ7whCCjBmafcAhs7xnUn6FtDszoZE

Transfer 1 tokens
  Sender: 7r6MZF8yTmG1pg4m6vUuoVfDyk7EMBzjU4rvkfxqtxeS
  Recipient: GZ7dL3aqcVwynsidEqLTUnsHf3iK5wvNFsCEJZvoVXFe
  Recipient associated token account: 5gbuPcy5EbZumqxkhmUTULbSL9VP2jMs3tmzD1dZwvnU
  Funding recipient: 5gbuPcy5EbZumqxkhmUTULbSL9VP2jMs3tmzD1dZwvnU (0.00203928 SOL)

Signature: 4qERUEL6V2niYLjyNdNnb6FTs69yYqT12Weetm3wVzGbkSQx7jkmyJempoEpSyRxNEuQyjPBwrgMTUieykdzt8rm

Transfer 1 tokens
  Sender: 4xMTA6Jd5mrCyiHsupN86K15wnXiBQdbp3CkQan4iN84
  Recipient: AbgicEN3npoAGUvZCJWpkLkniVxnEdcsFnTHCcmhfUKF
  Recipient associated token account: Es89947RPNdeXahwT31o4Wv4HpjnKhGaj2g9b4uru97A
  Funding recipient: Es89947RPNdeXahwT31o4Wv4HpjnKhGaj2g9b4uru97A (0.00203928 SOL)

Signature: 4c8n9uxBBmmZ3NmFDoNGhoe8DeccU4gvtuk7RDedsCUey1MZ83YpFzAnLD2PmYifAaNpbWah3yyh16M3XEMiYkHn

Transfer 1 tokens
  Sender: 2WrC4zD8VY3fP8UJUfb9aD3u8DyxCKEKUri6qZRtqJQu
  Recipient: GEVaf9qiMshrb3qJ13QrKUNruydVujtc8nNoTGw1GEW8
  Recipient associated token account: FN3VqFu5WD8BdaArDwt1R9yZBhaumSaD7RBbEXMhbfoV
  Funding recipient: FN3VqFu5WD8BdaArDwt1R9yZBhaumSaD7RBbEXMhbfoV (0.00203928 SOL)

Signature: 3QQ7inW3vABy5ymfWcaySpWkiLcZ5xvioDHjmGeDqFZy9h3JwvTcTWtUD23CdCUz7DnRiFPaFpUPV8c8CKtjx8bz

Transfer 1 tokens
  Sender: 6TqFESYRE6xzGpyibT2tTj2nwQEjnT7yhEatZjdJUnfD
  Recipient: FmsDj1D5zmCrLdcBkMWL9m2wUoZb1Pf3VqNKa9vNH7bw
  Recipient associated token account: 5HMocexBB1oUgp5EUKRtw5LNn8gcRfdKLdaatbgnfG7T
  Funding recipient: 5HMocexBB1oUgp5EUKRtw5LNn8gcRfdKLdaatbgnfG7T (0.00203928 SOL)

Signature: 56voyZeug1FArQJ4ftQJTBWtm9X5Riu81zLVqPxjcH9TzUVgPGwsCfyrhvc49uuL3uipJrCAKqe1oHD5dbeKbmfg

Transfer 1 tokens
  Sender: B6dBLWciB2s23MxtbCPrNy6jjDrM8Bd4S7d5R6wvbDp1
  Recipient: 9nF2vqusHupTTNgw3quL4f3jorvPdJ8VBPv3Uw1xt3Mv
  Recipient associated token account: GdZr3hLe4o1Z2FqoxsNqPeEy26EEtys5MkgrUNY5jE3W
  Funding recipient: GdZr3hLe4o1Z2FqoxsNqPeEy26EEtys5MkgrUNY5jE3W (0.00203928 SOL)

Signature: 2W7nPy9FmDPNGf8BW6V7dVtDweW7nzHMhWGNA8t8G4oAKaFwUtiNjYoAJfnNgt2P4c9tcNXdNVgQgsoPtzmJKGyX

Transfer 1 tokens
  Sender: Fiw85Yijn4AP4JYiEonguCCGdXkmua2zHcMscvTE9Qst
  Recipient: 4SXchPW4aFGGRqko4puKDJJCsyEY1Ctz3GLyqYR6VjL2
  Recipient associated token account: 93e3Uotuwm1o7F4aaBJjd3j3cyMA26GB9bu5FkGaaDeK
  Funding recipient: 93e3Uotuwm1o7F4aaBJjd3j3cyMA26GB9bu5FkGaaDeK (0.00203928 SOL)

Signature: 5DxJGdsLj6rWK2paHMESobonV6GXsD28EZh9Rr7jRfJnbmivCuC2PpSeYG7oxzaFh3h4BNhwZbb9AcivsdhnPAoW

Transfer 1 tokens
  Sender: 5FHWgU5ehA8mDpWftS6GsgbvrFExTKYKo7vDZVEERNCu
  Recipient: 5zYWovYn9kdMX9wHovwxMFJCCzwwykBY4pp4eEhCAt6v
  Recipient associated token account: 3DeYs8KK7FuKY1NqANVwTgyCKHgRYjmZZhptKvoWPSuH
  Funding recipient: 3DeYs8KK7FuKY1NqANVwTgyCKHgRYjmZZhptKvoWPSuH (0.00203928 SOL)

Signature: 2qBfqfE8hu9hsFMFvpydAjLrWbjv48GaLz1oYC9sPPSwHG1NgAwm3PRdyCYAWfba795dwXvzL7c1grL94AptW8hj

Transfer 1 tokens
  Sender: AZSow6Q8uVrq5K9ajZ6XG9PuwvAry4zbyBoeKJ3Yoh6W
  Recipient: EyNr6gxugnKwsNhfcYKyShBnGvq9776B6rwpjJuYztZK
  Recipient associated token account: 6jXEUoaCbxuLnsCyBNMkcVPDowqrmhvdoPnVzGrz9MXV
  Funding recipient: 6jXEUoaCbxuLnsCyBNMkcVPDowqrmhvdoPnVzGrz9MXV (0.00203928 SOL)

Signature: 5FN6u2u87C2xX6K4PNLzcE1z48vC8Vj9Q6qkGGyUSKSuhPeaYaewgenQWNgsnM6ma4fmd6Xf3TYLMwTWWmwJhj3N

Transfer 1 tokens
  Sender: 7W6kz8YUE4jtP1AafvjbbDqivmzjqFTcNkfSMAyUPYt1
  Recipient: DCTeYphaDsdFWZ61JXusR3dwLqKWkYgCjkxZSQvPzRuK
  Recipient associated token account: HWcbVvEsQDP7RuLB2o3oiLUwuGm8TQhk8JvPwC42BRmN
  Funding recipient: HWcbVvEsQDP7RuLB2o3oiLUwuGm8TQhk8JvPwC42BRmN (0.00203928 SOL)

Signature: 3zEUMoN1EMmugKXoifU7CkQJoQm75c8PbzFRuUWNcnWrNgtcPsAX5ph1FZhiCPTWXmaA2henqqmdDkJbcBH7Pn9M

Transfer 1 tokens
  Sender: HH5hCVoFotpBmjk9zdFWUdb5SWEx7fsFWPUnvbTzruqc
  Recipient: DCg9UTePN3MTsky8t5GJDwsGWJXr7XmMXJPNW8twnf5P
  Recipient associated token account: 5oAgdjdZeD1e6s7CZTE2uyJJ1dtseAEn8Gy4L3tszaUZ
  Funding recipient: 5oAgdjdZeD1e6s7CZTE2uyJJ1dtseAEn8Gy4L3tszaUZ (0.00203928 SOL)

Signature: 3ZrfKzHsG2vZydFbYyV8yitpPkuoSRCBH2xV2fhwWXPe76YQRnKyRPUEtRyLsuAHe2PopeiccxzYGDoU5bDFDSyH

Transfer 1 tokens
  Sender: 48T17keWb6bUHMjPdbZnUDhBySGt75YQSGLFrDQZ9zg4
  Recipient: 97xAKp8FjyXkiYqTtYWN9ArD7KxTevzaCAo7VCcwLAsK
  Recipient associated token account: B7g4Cgr6HyfLQqYd6uBPrRH7EeSZ8SxkKkoNm84Afq6x
  Funding recipient: B7g4Cgr6HyfLQqYd6uBPrRH7EeSZ8SxkKkoNm84Afq6x (0.00203928 SOL)

Signature: 58ZjcvaaAp7o7mNPPUpeEsL1jZbU7KCcw7nRvdqR3uwrpyCxj81vb1e62GBX7jAy9eqUbJu4vX6hqR18gFQoGKyz

Transfer 1 tokens
  Sender: G5DuuwNXkXJ4RMJKULEUe2APE3dUvFPDfPTfgXqzwk3b
  Recipient: crpQUfqtr42Y1W5LgZjvjVnEo2nsmXhSuZ1EyomFCDj
  Recipient associated token account: 5rBcAoS1zv24sW16etTo7PizATdrbBz6ZMqc9cS11fqn
  Funding recipient: 5rBcAoS1zv24sW16etTo7PizATdrbBz6ZMqc9cS11fqn (0.00203928 SOL)

Signature: MiXZsbQ5RXX6V3FQpT5fFSFqvuRsJfT56GifN2Fcyfn2q9rAYgUh7ToCMeuZ2Pj3iBEZGJdFmxNKs4YhTtKCskC

Transfer 1 tokens
  Sender: 2oH17Hwwo7CeoQqrBns8iv6zuiskx2q7Kmii7feoZmSY
  Recipient: DCaxpYXpNxUxFcaaGVfVY7dYHT2BuBPdLAssdvCqrSsd
  Recipient associated token account: 7hB1TsDPS2fnTghQHURX5bbxfEzH1D2HBBWgEobkK2Xj
  Funding recipient: 7hB1TsDPS2fnTghQHURX5bbxfEzH1D2HBBWgEobkK2Xj (0.00203928 SOL)

Signature: 4gA94DrmHLMQgadpa5GVmWvq1ZFDKvDYjr4keNmEW8GtW93eVQCyuu3jMDkoxHtRnyeuu8YDNUxEmyJAMeNjsjL5

Transfer 1 tokens
  Sender: 7p68GF2uEjYtNj51yjuPtsZGCZ6DDmTxWrBwkGwNpDko
  Recipient: 6kgckbd91UZKk15SNxvE3ineG9BQMu7RTCPitS5rigAF
  Recipient associated token account: GztG7b6L6X6YkgFCaXcuArSLyX4DfCfMeqstVGamC2cn
  Funding recipient: GztG7b6L6X6YkgFCaXcuArSLyX4DfCfMeqstVGamC2cn (0.00203928 SOL)

Signature: 5vYaajmf6qLBXSrVtmUMXEAJtZwnAsEkfAcBjL1EP3jDdcA7PDznK8DSg3fQoL7CDnn6MDjtDoA4DpH4yGrz24RL

Transfer 1 tokens
  Sender: 6aJNXmejj5tawxkhfkvSLhVXYcmNzZVguP1fXT1sVSZz
  Recipient: Ds71T9MhUu4DB3DPM2YigYtiTqTPD75DnevgoBfgQQUY
  Recipient associated token account: HcHWQNtXpSZJVTx5CDsrAvDkqida5CBvMZEwFrfU8Z9W
  Funding recipient: HcHWQNtXpSZJVTx5CDsrAvDkqida5CBvMZEwFrfU8Z9W (0.00203928 SOL)

Signature: 5cMNr3se9Jn1GVmrJ6dj4jTNg3eM3PgVAxuBFi3CK9Te49QEYi9MGemFcCH86zzJGFEV6P196UhfarJQePBFZAac

Transfer 1 tokens
  Sender: 8mazVQ4N2nCRFv37yCYog32neHF1hSWZccrxsCQtTZqa
  Recipient: 5W5WYdshCzoQVr5zuQrgxqJzcrQvVU8yZ5aVZicjfmFQ
  Recipient associated token account: TYDtaTNqvuEiGyLDr426BbB4n3GXy1g7XP4eppZcGh1
  Funding recipient: TYDtaTNqvuEiGyLDr426BbB4n3GXy1g7XP4eppZcGh1 (0.00203928 SOL)

Signature: Y4Fkf7eZkG8di2Vg4K1ZtuN9S1fuxQuqvfRMkKq9od2szADtyATh94JVgAZf7fNy5DQjZ8omjqhdEe8nqjSjM2X

Transfer 1 tokens
  Sender: WovN7Xdxad2mC3eCmX8YWYpkfPWA7xXzC7whhLfq6zV
  Recipient: 3GFSEgAQb4niaJRPjKUFxKpXpyJjZWijgM8pnbk6GYzA
  Recipient associated token account: GMc8yfUhcxetY841UAqe6FesVnNgLze2JWBoRb49Zkp9
  Funding recipient: GMc8yfUhcxetY841UAqe6FesVnNgLze2JWBoRb49Zkp9 (0.00203928 SOL)

Signature: 5zj3JFGLMsdrC7pxDmCToVamVC9ABZCuSURAZNr7a3UZQ8WdkjiuefpJTtPoTL2ctcs8RELBgVDpckKcWUkN41Ty

Transfer 1 tokens
  Sender: GsFDZ72QZjJD3iWxZ3BkTyD7qyERsV346JVeZV6RZeLj
  Recipient: CKMDD7Xp4pBztCG5G2utc3kXvFqPJ17HMDPUwhLiHzhM
  Recipient associated token account: 45D5yGkrW7JF31coLDGQr5yg2cfmkmic2kW18BEZL7wK
  Funding recipient: 45D5yGkrW7JF31coLDGQr5yg2cfmkmic2kW18BEZL7wK (0.00203928 SOL)
Transfer 1 tokens
  Sender: 3PHjvayrmscqAdsXoxCofie3T5jj2zymvGoG181WrX31
  Recipient: 9puVDyQtc1dqWUxGQ4j169AZBvrr17hzF3zhp3ZkhZbw
  Recipient associated token account: BpSbYCVZ3eYHFfCGrNFz84dcfFBYCKqCVnwCNeWU9HsZ
  Funding recipient: BpSbYCVZ3eYHFfCGrNFz84dcfFBYCKqCVnwCNeWU9HsZ (0.00203928 SOL)

Signature: i29oeqxFUbzm4JZehHPyJtMLbnVGuoUGq2Jv1mff8q3y3fv1mVNb8Y7d86SUTNfFjjBaBGcwRsHRWhigjDmEygE

Transfer 1 tokens
  Sender: 14EQBAyWQQfFZf5EKTTuWuvwk9BEbZxWUocBdCntrbKe
  Recipient: 3Q7BfxTo3h4AFnMqvFFrdtfcBJ6nCX5AUN7ihUhpPXbY
  Recipient associated token account: 3pAp4i24Era5cbXdKziYs3815xqSKnxmBvrsWxG3HGoe
  Funding recipient: 3pAp4i24Era5cbXdKziYs3815xqSKnxmBvrsWxG3HGoe (0.00203928 SOL)

Signature: 5uuvTtD7Gi7YSEHbtkQRBMNjLyDZ9Fsa4BUH8b3sDf2mvgbMFJ5MC1UzxpGJg7LqGDVNLY4PpAKu6BN1sU4yHFVV

Transfer 1 tokens
  Sender: HQ7oUaWiqgHBGb6dtvaxyFbkoDMvhRQjjDFT3mpmiwTc
  Recipient: 9ZqsuK1kGGQrvnFFWeQgiZGUNy25RUeZkmsGWQnziSCg
  Recipient associated token account: 59Z43Ytf8NfJLTYVJr16VcYhbPHstB7neSA4ivALNmrm
  Funding recipient: 59Z43Ytf8NfJLTYVJr16VcYhbPHstB7neSA4ivALNmrm (0.00203928 SOL)

Signature: 4FusMvrVMKudZpFhRRHyzEWc2HX7U7j11SqYdSQRYBDsBhLePVSqUsSoCKufTqfFStVRNyet6pFWyVYSsMJ1xvV2

Transfer 1 tokens
  Sender: CUnkmWPgr5DJHRs2nuw4c4pMrvL723EQ9mdi7wWS2saj
  Recipient: BVFTQzEas8kMPkcugksaTTuLnQJ8ESxtLryk4ngdyvjU
  Recipient associated token account: 6AKum3vdZTVKjR9WSV9Gz2Jv4bsez9K18KYLkXajSzrT
  Funding recipient: 6AKum3vdZTVKjR9WSV9Gz2Jv4bsez9K18KYLkXajSzrT (0.00203928 SOL)

Signature: 4TAbdjNqamsG3ZWoX1TNkNPy6VWB6q9kGzMDPT5CiKxXrbinNCd25YnWukEnocm1Kb4EKSiS1tpuvx3BtKzC1Wxs

Transfer 1 tokens
  Sender: CtBBtT7T4aWx77ruN1jcoUAi9ZKoZouCMDKksHwgqRih
  Recipient: 6v8xQJ15Qr7jxbKGadYkejKC4QQ4ngaKLiyJreb6FLiC
  Recipient associated token account: Fos2YWvxRyidoyq6Qb6qn1HW1UQC2ezxuCAkWnQ3o3ZP
  Funding recipient: Fos2YWvxRyidoyq6Qb6qn1HW1UQC2ezxuCAkWnQ3o3ZP (0.00203928 SOL)

Signature: 2sv3aVToUvJ8p8gPzLHo2ZSPERz2EUVZ895yEohoiaHE4VgzR7tM6hasQKzoiftbQWBkN9ErVcySBeUEcwm4yrSG

Transfer 1 tokens
  Sender: GQSi3XiBFvS3WFTZhpXiWT4YhF5baG5urs81WmEmeStK
  Recipient: HCtzVd9MmEeZ49xQ7m5TEwjXboJJzyfn1X7Efjc2m1jq
  Recipient associated token account: AJ8N2k9r1sG8QFwFLdYZBHNPLD2JEmWpRvgnTmuHbp1D
  Funding recipient: AJ8N2k9r1sG8QFwFLdYZBHNPLD2JEmWpRvgnTmuHbp1D (0.00203928 SOL)

Signature: 4ae5n1gTPCsAsftQctSfeG2xXhGvr2NnyV7iBiSm6Lb8mMjuw343jH7C6HsNCyMKtz1GpJkxWigpE8kFHiAjUxRb

Transfer 1 tokens
  Sender: 2WukmW9LwnUabP635DK5LLwyefiQYy2KrXbnCWaMvNC4
  Recipient: Y1iUozoALJ7qc3kmJCCCdoNBHnp345TnPyBRfVHBeme
  Recipient associated token account: Foa4aoQU4hQ9zwZXDZP2mJ744jqhKPeeZzgi6oAwbNdv
  Funding recipient: Foa4aoQU4hQ9zwZXDZP2mJ744jqhKPeeZzgi6oAwbNdv (0.00203928 SOL)

Signature: 5mSJfsq4W5nF3BgexDquTRZeEdduHtcmhqDKS9nsZSLW3ab4Tyu4SMn1o938FH1JBEubVDvRiN8nDjMBLSRU6SFd

Transfer 1 tokens
  Sender: 5vNcGbxEws6UtRJAn31RxvVeuftKpVeMHQmADrPxEEwq
  Recipient: Gpe5fe5Rzrh4kTQn7g28S7f3xctjs9DzseXi33FTMYAh
  Recipient associated token account: 94RDqsbuG8Ejmuniw8KZY6L1FQz9Xm1YKdffbLbFG4FD
  Funding recipient: 94RDqsbuG8Ejmuniw8KZY6L1FQz9Xm1YKdffbLbFG4FD (0.00203928 SOL)

Signature: 2FxVrZnY8USu7B6ctHLKqNKaTYnEV7hTVfbTQrJzQeUuxSCwAEiHfBDWHZr2FxdcytF1z7KrucyV4DqTCXry2pU6

Transfer 1 tokens
  Sender: 5ZUgYbDMAjTvLkzW8zvcBQxTwaFcJ3poWYxHpis7hhoz
  Recipient: 7H5FHSDMF9YJFP59kr1LnXzPNJkxLWUuM7QVdUwSyv8m
  Recipient associated token account: HbW3oPssDBXcyEnazB8ZBautPKmPoBxTzsLofP4TFL8w
  Funding recipient: HbW3oPssDBXcyEnazB8ZBautPKmPoBxTzsLofP4TFL8w (0.00203928 SOL)

Signature: 5FqKnNYkN6q5SkzfpvjC5BJZStne7f7c3L7stx9ChTFqLGT5aFLt5y3yF4JRy5EFwkA7EqWi92nnDtfECLMN9ruL

Transfer 1 tokens
  Sender: EoMy1G9r72eV5oQyyxDGQxZDAhbE9ajh6LvnKGoiZgTa
  Recipient: 3H1wvZqJgy2v5XxaMLFVtRnMeN6H1t7JrenehfQcn4qk
  Recipient associated token account: 8FBnXww3KPDTCtNARt5Dk8Tm8M8WxNgX8GaR4oRURsLN
  Funding recipient: 8FBnXww3KPDTCtNARt5Dk8Tm8M8WxNgX8GaR4oRURsLN (0.00203928 SOL)
Transfer 1 tokens
  Sender: 2KXD5J75t5uMoVAFb5KMzACUeWquQiTHtG9diT7F5KW3
  Recipient: CakCB2mYApvhtzJWgmejHjuTAVDGbBk5zjzrDctgkxjM
  Recipient associated token account: ChagK6XhQ8iozCazvnLnJ4WE4cHNM188LC5r2jwBzo4U
  Funding recipient: ChagK6XhQ8iozCazvnLnJ4WE4cHNM188LC5r2jwBzo4U (0.00203928 SOL)

Signature: 3eBTGPifBZzvDkMLAUJhAruWCBFxbHjqgN11WvghYhitdsDvvzx3bZUspg9pD6FhfsgUNcrSEMFZ2sQpPcT3Pf5u

Transfer 1 tokens
  Sender: 2nScDT3MYve3XAryBwekVTRTWGzDXVysGA9ZwinYvXvf
  Recipient: A4jR8ZNLjEZfMV3jWcL6y271Vty8ywQSCPSsjPoqrHUx
  Recipient associated token account: 4JJ1YrYeVSCFX6woHTH9Kw69VCJPwHJ17twQcy1RMKUk
  Funding recipient: 4JJ1YrYeVSCFX6woHTH9Kw69VCJPwHJ17twQcy1RMKUk (0.00203928 SOL)

Signature: 55cbgpHVKGUSZ1tRGSMXVMa98L8UPza9KoQLevkbEwKXPdZT1R4X6BruwEyNAzXYTfcvvA7wsMNR4EGeQo3m9EgU

Transfer 1 tokens
  Sender: FPsuh56v5stFCX2aiXheikfg1FHPZ7he8wW4AemB3Zq5
  Recipient: 7tMyU22ViPrhY14fy31bSmTsQK6rwc9q3Zbq2u5RkZis
  Recipient associated token account: C9sfkgMFksfH7wHBVrLqUNfjzJHGT9mLr2nxQS288uyq
  Funding recipient: C9sfkgMFksfH7wHBVrLqUNfjzJHGT9mLr2nxQS288uyq (0.00203928 SOL)

Signature: 371ffsd3zD6rUSrVxBMBPYv6NvQXr63v7kFu56LQXYsjTHohvNJVhs8bkrwMexhLxbG5nEkLDEpzJ6L8iPYGP5pD

Transfer 1 tokens
  Sender: 49k9bVqXLT5LbGLaCWDfWZoahDzB5BwNBXR1rtmDESoD
  Recipient: HZEaAjDGGuVSPGqcoKqdqY6kzyQQUwvrd6whVnBmkxWY
  Recipient associated token account: 3rUDW93PF3NVJPLJhxcAdM5ggxyK93zY5Y1hUFqSNuHs
  Funding recipient: 3rUDW93PF3NVJPLJhxcAdM5ggxyK93zY5Y1hUFqSNuHs (0.00203928 SOL)

Signature: 2P8djXUMwu4cUvcDY7V4YK1DgQyeFpsYxGAKqd8jWrYPhgbucPj591vNDUpYcaNKG1Fu3wgQvMzjLaeKqZt4reEf

Transfer 1 tokens
  Sender: AdkdGovDmjVJgP4szSRkodBBpfRS7svMTsbTH8qp8NBu
  Recipient: AbgicEN3npoAGUvZCJWpkLkniVxnEdcsFnTHCcmhfUKF
  Recipient associated token account: F4uJmLx2GzkySo98qiYs3EcDcsoJvL9U8ope52enLYGe
  Funding recipient: F4uJmLx2GzkySo98qiYs3EcDcsoJvL9U8ope52enLYGe (0.00203928 SOL)

Signature: 4a3W6DSZuHPMRiM9yh8vVSuAD8bcWPz4Ccjy4sh3PrqUhN1o6pmf7VmUcbGaVDCRT5mHuQV9Cv2abYmQ3iy1QK8L

Transfer 1 tokens
  Sender: 8VN9THF5Sr9HDKvGCsp6BNnVixmriNCiS8V54zkuayDT
  Recipient: 7K7aU8n15u4GtLfHdcuMQMWyCykwWtGwg9Qbgytop8SU
  Recipient associated token account: 4WqPk55Pmvx2sM1NafCBi21eXDUv6dvEkafvBTVNtrBK
  Funding recipient: 4WqPk55Pmvx2sM1NafCBi21eXDUv6dvEkafvBTVNtrBK (0.00203928 SOL)

Signature: xjSgA5AbBthS8sqqEo7GDtYqF68yJafewbcEcrGwRYvTCLm6u839xBiXJcr4KUeWHeAkejBprpCrGkJau2gJxzg

Transfer 1 tokens
  Sender: 73LgAQi5aqnzJTCMVPUmKoFkCYu6iuEgAxFVjQQA2zms
  Recipient: 8kX16Yj2WBCz1sPXcimafGrutQkw3s3Swe9sR3gt3cC2
  Recipient associated token account: FmcXpuivVZXTqjhM6AALY23QZbGcbycNcu3AKifB8aDT
  Funding recipient: FmcXpuivVZXTqjhM6AALY23QZbGcbycNcu3AKifB8aDT (0.00203928 SOL)

Signature: 2REY5eJCAtZW8YwexAy5LPEDJHix3uGxmm61n8pUwcxXnPd76Psn454HHbFXYiiPH1YdTLBcGHDReX2RfhyNbSq6

Transfer 1 tokens
  Sender: 98a9R33VNSxzka8sAcxnKVrWNgMesiA1LbHxJc7vnqT8
  Recipient: HixKvMRNaapShj3v1J96jLMtZuo7wNwtGAi4c1Q5rJV3
  Recipient associated token account: 4b1jH9QoSWnQnAAWJXT8q6QfePT17yGakmq9V3KoYD4A
  Funding recipient: 4b1jH9QoSWnQnAAWJXT8q6QfePT17yGakmq9V3KoYD4A (0.00203928 SOL)

Signature: 3W8LQesnBCCD2i8UEzu4KQX2hV3zrUQYdqJQmJ5Yf7V6LQM2jAkP4TEEdcYX6hXi2Wdo9ec7Uaqz1tfJpvuTHjWs

Transfer 1 tokens
  Sender: 3BFz5UgQCihvPStTJqtYKdabsNWdDz4cb6YkX7DQPP96
  Recipient: Evt92DJQS2a7UNRJp75J6dFB2WkiZ2nPHHsLMXrDs8jr
  Recipient associated token account: 8z8xYeGL22dV1avBTxFgtNBVLBcoKtaLUWKEa3j7MDYr
  Funding recipient: 8z8xYeGL22dV1avBTxFgtNBVLBcoKtaLUWKEa3j7MDYr (0.00203928 SOL)

Signature: 3fkLUak3d7vwjWLsCvoT4hY2AuNeoHGMXvCFumDBppapacsEaf8Y1RPT2VyTfbX27bQg6qFdKN6R7TGCxiYv1zWA

Transfer 1 tokens
  Sender: HKd8TT1DDQVrRBYJgcq1RJy9bzXW4j5DNopcN9ABByGZ
  Recipient: Crn12seqWf8o731BpcYyz4wdRANVT6bhfH6WN2zLRApN
  Recipient associated token account: FapG8RzTRkKWQ655y4DfX7HFjKrmoJkk7g2PJLksA1CL
  Funding recipient: FapG8RzTRkKWQ655y4DfX7HFjKrmoJkk7g2PJLksA1CL (0.00203928 SOL)

Signature: 3RU2S1UuTg4NpqZQuGRwJJrnx1ypsyf1J9SDdzaAR3BdtfJvDzgSg52XJooXf3cLerx5eZCd66Xd6pJgEL6Pdesg

Transfer 1 tokens
  Sender: AB3ptUrg9aVBg47ZvvfQDXRzgu6x3MYvg5hhTgSY5fed
  Recipient: CmkTsDLdXLXzqsdZ2t4FNce3phcYccPgMtUekdMZnDRN
  Recipient associated token account: P24rzPLfk5XC4yFy3NkYKGZw3RVtQo9AzCN5N1GgLAB
  Funding recipient: P24rzPLfk5XC4yFy3NkYKGZw3RVtQo9AzCN5N1GgLAB (0.00203928 SOL)

Signature: 3dUMbmcsH6RR3EzQ9Ev7Bcu4Pwnwr1doLsUsJrCcRQqEMFci67i52wtZMnaJYr3ixrLCx84c6pB87VHQH1DEABJN

Transfer 1 tokens
  Sender: HvYga9hz1VRcNJJeR85HXxSLJLNkDo9qHsDoe5YJRN5k
  Recipient: AouXEBqiEvLW8qV4Ri2rARVmYYDo5ehJ13XsaqKV5XL8
  Recipient associated token account: 9nacKzNsiU5vXnRPDKLkms9MNMVpR1urHQ8PQAYDwrx3
  Funding recipient: 9nacKzNsiU5vXnRPDKLkms9MNMVpR1urHQ8PQAYDwrx3 (0.00203928 SOL)

Signature: 5MQeAvjgzoUKgZGjWbZxXTWDeXcFmWp79T8qr4cooi7vpjQ5oxLweskS1zT8tXR15X2dHiWgwtpgy8BrM4SWqxRm

Transfer 1 tokens
  Sender: FXU7RNufa9YNTekKmogezQoPySYEoqxtEcH53pFmWNAU
  Recipient: EGdzraLTk2pzfQtqAEVBkAD8vikmQzui5xMprFqHnG99
  Recipient associated token account: A9SG5G124V4yrxufYUoeVdtaRC4RWbMiKR1bd47Efq3n
  Funding recipient: A9SG5G124V4yrxufYUoeVdtaRC4RWbMiKR1bd47Efq3n (0.00203928 SOL)

Signature: 4EyrCajciLVcXA34XHJwvd8d8PSQA2EKG3SVRqweMUrUYTFcWRoKffCUfVo5bX1SdM8kwVrnA7aD4Eq8CHEfLEn6

Transfer 1 tokens
  Sender: HvBkVMJgyPTqWz13yVfY3WWHT3y1eQieacJ8YVmWBvgR
  Recipient: o2Aug6JB1RDFk7yYsf8QCjpWo2WzgwFkM115gtSJU8r
  Recipient associated token account: Be37QqsVew1xvs1ZrdG3us3b4VDUyBX9zNBRPhJ8xQX5
  Funding recipient: Be37QqsVew1xvs1ZrdG3us3b4VDUyBX9zNBRPhJ8xQX5 (0.00203928 SOL)

Signature: 2AGZVeVxfzUhtQG1kT1etS2t8GBNXVDnBpHzTSHizDsDjCkaA63iggv4dQKMTdWmDBq99yERySMUXjepD5cqvbzk

Transfer 1 tokens
  Sender: 2pYhvNu6cjviW24a8KaxhRpQuYD7Dx6o96uBGgNAFmoT
  Recipient: C9u28tV9EcKf6iqCxcQvh8M4fnxtWU27vmS3gVwwVKSm
  Recipient associated token account: EiqCuf8iuE52BwproSwUN82xXY8sGc9EXCD3vhN91Twr
  Funding recipient: EiqCuf8iuE52BwproSwUN82xXY8sGc9EXCD3vhN91Twr (0.00203928 SOL)

Signature: 27p2LAp3hLqtFWWWkvf5z75zerkT5unyvK5tbEiEJbEwMq2AeJSWiqL3UQ5Xim9gf75JwDp79pD2sK7fiA7U6d5M

Transfer 1 tokens
  Sender: 3sxgCCarScdknwPTD5aGfVJqxtUspvSoWLoga4j2GEFV
  Recipient: 2A2w4ivTkKC58upbPb6YmEsgnR2m2Hi3RQiERUF6F6g4
  Recipient associated token account: FDB7MWrv7LMNjvPNuv12bYifyEqx5fKhoph8S96L3kFE
  Funding recipient: FDB7MWrv7LMNjvPNuv12bYifyEqx5fKhoph8S96L3kFE (0.00203928 SOL)

Signature: ijRmYgSq518WThZAEWpyrbmieAF9zoNEC7xVnuDsg57QRzqwBGzgBrSv6qQ9XSyvoc8b1PGNocw1MML2KBaFfEw

Transfer 1 tokens
  Sender: DRAXuA3Do8vyCwmRwkByCsApCzbEW8XGgJfpDX5TTpfh
  Recipient: 73tF8uN3BwVzUzwETv59WNAafuEBct2zTgYbYXLggQiU
  Recipient associated token account: F488pjhyt1v7S3iGjLm8PfuQk8B3D2q1iyK6i1UYiTFn
  Funding recipient: F488pjhyt1v7S3iGjLm8PfuQk8B3D2q1iyK6i1UYiTFn (0.00203928 SOL)

Signature: 4u8R5cWigyDPphku9vkTT4rjtCdrapi92AZZ7BbxBuzWcEZQZ7QSsKDYjGJjmtJdDMe87WavLw55cX3aymHJP4hH

Transfer 1 tokens
  Sender: Hi2j17yQvBzQb3URuurE2epDhuA4ySpCZp4arGugfF5Y
  Recipient: 8thnBK5nMHcn8TZQDDxPc8z64NGfW2cMLJersUUYi1eH
  Recipient associated token account: GDfgJJkpppR9rAXYq5CcC3U1kxhNDNGKtXuTd8td3yCi
  Funding recipient: GDfgJJkpppR9rAXYq5CcC3U1kxhNDNGKtXuTd8td3yCi (0.00203928 SOL)

Signature: 56aWQAjDYEkTpWyCXfgmxy4HnqxTq7zzdZrurEX5hsJmUd4Xg8mzUEnW2F4yYarDAtHbx9iT2WLtzn6h8X4HcJrs

Transfer 1 tokens
  Sender: HeWhMKH7qY5Gtb1cEPptxNgdM5siHTKdKTU83EVSswgz
  Recipient: FdvMXoYeqtGkGHhQyztVFQMTRAP3oiQkLjVSFe17RWa
  Recipient associated token account: A4ug3GKzRiiQ32kbftFEZkGiXBisJtsavWhtdsAXSndD
  Funding recipient: A4ug3GKzRiiQ32kbftFEZkGiXBisJtsavWhtdsAXSndD (0.00203928 SOL)

Signature: 2m4Xuf2g3QtvrnvMWiDMMdH6TP6i9Te8PwvpHY52me6ZK6qZP9UCaRewAV1GzXetb4KfGiFMjL7x5aAvGpVHxVtq

Transfer 1 tokens
  Sender: AN4AZUeeRrxijaoZD72VLnjxXN3uW2jF2FdRSBZ3EjCi
  Recipient: 9CKGWgvpDqG48qEvEztZN1M2d6b6x8P89T3EDCeeKwAN
  Recipient associated token account: FrqBX4yKpSn4rTGXmT4jchRcCHSG15bFQ34imUtd1jEK
  Funding recipient: FrqBX4yKpSn4rTGXmT4jchRcCHSG15bFQ34imUtd1jEK (0.00203928 SOL)

Signature: cSejLWxJEwV5v4NMjqDktJp6p2PRCv8tgofxBjYCrXwnm4tvdiR7mGnjWfQFGdSHrJ4xx4utFam2MBnesMRyRgK

Transfer 1 tokens
  Sender: 7JEU8noG7Rgj9HhhDtVt3re8LqkrGQ4jLDHHKLqGgHGr
  Recipient: 7S6UnUAYZUFTbiPTCqdgNUUweSqcfsX7yRbgbtUQkiZe
  Recipient associated token account: 3Ejzc94JieXcU5N7CRs4Fv42dh9BArzyJx2TaMrUsHZ4
  Funding recipient: 3Ejzc94JieXcU5N7CRs4Fv42dh9BArzyJx2TaMrUsHZ4 (0.00203928 SOL)

Signature: 4fp7fqdnT1Az7qwfK93U2f7Vwr1A4FiQuYTzG9qCVMtVjcKF2yyh5PkwL7mymEoeo97DjiksssHHhsjxm3XUkfcM

Transfer 1 tokens
  Sender: 6Wog4s2uNrn6z6ez1uXkumCMVMW11p6YRw1rUNjfqS64
  Recipient: 3GFSEgAQb4niaJRPjKUFxKpXpyJjZWijgM8pnbk6GYzA
  Recipient associated token account: 657HyfuEVJx1BTQoR9tLzRuhdUK1658wsGwXUhPpLnp3
  Funding recipient: 657HyfuEVJx1BTQoR9tLzRuhdUK1658wsGwXUhPpLnp3 (0.00203928 SOL)

Signature: 4TV7MepKkF7k7BWC1jwmoFLBnCScnfs2YNaGZoucKgaJ5BZBX66WUgxW4b46SSbU5EpfNfkXUifAShNmqhPJ1Hkv

Transfer 1 tokens
  Sender: EBPXU69jP5SdMgQq761R1qSuh7KYLXmNMuCBJZzVDs7r
  Recipient: AACwn2C9DADr2CzAukwmwjdU3rukNYYL6xgoBhMSeXzv
  Recipient associated token account: 7DhkT6WtPJMGC9yjYntngzSetQzUSxbMthTf8kxe1jwy
  Funding recipient: 7DhkT6WtPJMGC9yjYntngzSetQzUSxbMthTf8kxe1jwy (0.00203928 SOL)

Signature: 3XKuvEhNP4mFo17Peu2NiXJ9dsFFGw6jxLcbmWQ71R1LG9ryAshCfhhN7R84cyNCzpV8A2GPNU5Yq1JVHgLpHadp

Transfer 1 tokens
  Sender: 3ZWKrYhy61nZmhvULB5EQk9ez8QBe82je8PFUpCNG7R3
  Recipient: Bi7aYZkjNj8Ut2p1pSQQKvogAtAmFGccU59Y1SmMks7w
  Recipient associated token account: GsZ1RFoQs3qpYici6BySCCNVBMaAZFAcxnXV2G5SGG98
  Funding recipient: GsZ1RFoQs3qpYici6BySCCNVBMaAZFAcxnXV2G5SGG98 (0.00203928 SOL)

Signature: 3QEHCjEcjAM1GxSUF9HvQWr4P5yKjBrFVheSn97YJbg6pAfkQ9GQpwjAMGVuNRM2jCw5VimTotzsNYPBrwnuerga

Transfer 1 tokens
  Sender: CrKD48Pg7pNtLAcBfWwTdAvxyuaRVjCLAzj5XKmeDnrK
  Recipient: 781GzKc6aZPcheyEhmeziGWNgJBhePtVnsRsSCvrvWTC
  Recipient associated token account: Drg3mgFwHETWucbJ1QSg77q1NxhBLgSgKjm6k4RX7Qt6
  Funding recipient: Drg3mgFwHETWucbJ1QSg77q1NxhBLgSgKjm6k4RX7Qt6 (0.00203928 SOL)

Signature: 5RMm97fcb7dAC6w6YFcr5Nx3A7wdSotu72N2ibYV33jTxG9msdMzEwpaxrGDUXu9w286z2taxZQ9MBTXqZ6tR8gY

Transfer 1 tokens
  Sender: 6Yfecq9xTQWX2KiQNRcbjfAQZmPR9Ui71nWTcGrVSw6B
  Recipient: 8gChtKNEiUGRjKzmPBiBjeYKzeukEsxY9H8SrBTdRtYH
  Recipient associated token account: 2KgWE7kymf4UTAn4w542xwkjNx3ReQJK3xx91zQcKQUg
  Funding recipient: 2KgWE7kymf4UTAn4w542xwkjNx3ReQJK3xx91zQcKQUg (0.00203928 SOL)

Signature: rXPRa3fNbLuuykHyYuZGr2ErfqHAqB8EvWhyfmtFyXMFLfSKjLhaAhD2hqSRUUqXgRYtNcs9VN3f7NGRBzZ9dog

Transfer 1 tokens
  Sender: 3x1z5Pbat3gBNaoP3q3UwoiWyvQzCYuvxEcwfraQEJuQ
  Recipient: AkdfJa5NmE1pQt3Ai7DpgDg8kryN5qTZirp6LQcpen6R
  Recipient associated token account: 816NaD7gia392RaDYpBUy6ykg4CDrqD9VdEMKs4pUHkQ
  Funding recipient: 816NaD7gia392RaDYpBUy6ykg4CDrqD9VdEMKs4pUHkQ (0.00203928 SOL)

Signature: 2BPTrwC8eFrPfxp7Px6XznAxkQqZSwzP9dKNJcWUcQ4xo1ZZ7oPd8nxdkudzN6BBdWmTja7VpXWW7F2NDwsaRhkQ

Transfer 1 tokens
  Sender: BPWxjUbhdxV1tdWsqG5oP7EtEFyG5nAfuY4Y8E2bRksc
  Recipient: GDcdkHHAnzkZqftb5J79FWo9N2fJRe1vXUfVCWgE52dQ
  Recipient associated token account: Cgqh5Nroabhbn3bFhZXgYS5hyfdDLxr7LbjV6hHhgsAa
  Funding recipient: Cgqh5Nroabhbn3bFhZXgYS5hyfdDLxr7LbjV6hHhgsAa (0.00203928 SOL)

Signature: 4Fai4UQfCYYRwLN3TJyu8QEdGvtYQv6p1SMiTx4bsL2HZ6GKmBkVurukjJFzHUrqrtnQNveDoTh35uVQ1ydc9ina

Transfer 1 tokens
  Sender: AUD6ah8dRqxCVkCbPq53YFBRcxy5G9KdGy7hnp3KSy4P
  Recipient: FrLB8AfjaWgjqgkhDxkgLkso2jkXBAXToBgCWhfc3Aeo
  Recipient associated token account: GYpmPBbo5LDDXZ73NRB56RvKWfWQu7v6fteLsBnuunfx
  Funding recipient: GYpmPBbo5LDDXZ73NRB56RvKWfWQu7v6fteLsBnuunfx (0.00203928 SOL)

Signature: 65AH4GYmoWGepHvi4wz7zwXKKveap5D2cDFFuyqiaKbRPUAeFC9Wja5DNTK6Kqk5FDDZ4WPJxNgCMLx3Yw8WhA2a

Transfer 1 tokens
  Sender: DJKA942DfuS3dXX3wc2kE8f2xrhupncfyXEespgUzav3
  Recipient: BeAptaoXTcw2dmFfR9JMNs96FZ28SdCzBcfgkc2dEr7s
  Recipient associated token account: 3bfhbV19XwGg2N1Hod2sZpvkn1Uj74Te5KqxmCTSXQCT
  Funding recipient: 3bfhbV19XwGg2N1Hod2sZpvkn1Uj74Te5KqxmCTSXQCT (0.00203928 SOL)

Signature: 623Un4Wt4WMVABViE3EpwScDFE9a1oY1aWJAuaGxAK1XEvLcwB14KKXDPhiiorBc9dePrGN4kzpZt65yFfwBia1Y

Transfer 1 tokens
  Sender: F79LhwnycuooqivvncabfJmy391AjzCmLtKJgsjL5awa
  Recipient: 3H1wvZqJgy2v5XxaMLFVtRnMeN6H1t7JrenehfQcn4qk
  Recipient associated token account: FpG59UB69XKEQUfkqhjeTBSPQ9Q7T2EqQrARAwyB6hsH
  Funding recipient: FpG59UB69XKEQUfkqhjeTBSPQ9Q7T2EqQrARAwyB6hsH (0.00203928 SOL)

Signature: 1G31RKYj7guWmTgz3Xiqrppzz8s9yQzVhw4YZ71XdvvqNLMpGRqqaz8abhq1KFzJwjkjPyn3wCyALyHxjrGNhxN

Transfer 1 tokens
  Sender: FGXG81BhkvuQ3ZzES12j3wdWJXsTm5EPrCiHYmK9b61q
  Recipient: 4dKbzteBxRPnJLaVDyj4t8v6i6G4PX2ASr4iqyrcaZZF
  Recipient associated token account: Gj6yu97KXPLSCjMAdWSx6UMzuxnqg63QG4W87G1wL2rc
  Funding recipient: Gj6yu97KXPLSCjMAdWSx6UMzuxnqg63QG4W87G1wL2rc (0.00203928 SOL)

Signature: 3V62P8s3TGRnAejmMBBy1EwaGfv6hMXNXHAkT1MaRECLYMuWHfZDMpAdL9MKM5W23j1fbW51bTFToD7a8rzSuWbu

Transfer 1 tokens
  Sender: 6xgzFRLhtBY1K4eqoenqjGE9pxY9MXoZnUy3b3s5N9Xx
  Recipient: BVFTQzEas8kMPkcugksaTTuLnQJ8ESxtLryk4ngdyvjU
  Recipient associated token account: ERSiGggmxeMPPsk7UGK4kijMz4ssVkDnfLNJ4AstSB22
  Funding recipient: ERSiGggmxeMPPsk7UGK4kijMz4ssVkDnfLNJ4AstSB22 (0.00203928 SOL)

Signature: 4P7eJnR3fG592kqo6N4zzUnuNeYRMCqqdJaSnjUoAobzBB4evgoAsu9eUc1wtUHG2FDBAuF2mVAHaTHTRUV1CwLh

Transfer 1 tokens
  Sender: GAmoRLhptAFZdzKcJK8kguSh61dv3es39mixNfephj2D
  Recipient: 9oJ1X5p7MR4kgYpG6vRK67CXXDe5AgVDuBi78aHWhCJk
  Recipient associated token account: 3HEqdwq4MKANtw3EFX7Lj8sU8h9Q2zM7byTvRgJtKdkz
  Funding recipient: 3HEqdwq4MKANtw3EFX7Lj8sU8h9Q2zM7byTvRgJtKdkz (0.00203928 SOL)

Signature: BkRhAUp4QATBJEGmARBrhoWuNGPLmN7xKNjKkNUtaykDXNWrcNjT7cZeHxfNYxHM9e8oTk3oHbWord63RcRR7YF

Transfer 1 tokens
  Sender: 66zcpxiYKCE7Ujp3SZJpDAUDuL394dN9uy3dsRJChogF
  Recipient: 74MCLCGZ6HKYja3Uca8UQN5C3bw6NeyNXF6xRqaWkaFz
  Recipient associated token account: CdjC9nNXfAxcnr9gfBF884Aybp2Ywaz4Q9ULTv6eHPmb
  Funding recipient: CdjC9nNXfAxcnr9gfBF884Aybp2Ywaz4Q9ULTv6eHPmb (0.00203928 SOL)

Signature: 5HQiLm6thqFHcUpTrWj7vqYcwT7VNqY356WaRtKfVhBH3hZJk1Gxsat6MxRsyKeuM7jcoSrXfXTAiTE6c1Ha3mgU

Transfer 1 tokens
  Sender: BZamQMXMX2TMAL94GYE7MMHKcbeX2xx8VZn78pWUfkpo
  Recipient: 2F3pCR6Ju413NwpsC1knkXUu5WEZCYCJfN21yGcWwUZU
  Recipient associated token account: DDSPbjFFP9S5G8QpJJyrq1YZEbNNUnrqknBKQc27SRKH
  Funding recipient: DDSPbjFFP9S5G8QpJJyrq1YZEbNNUnrqknBKQc27SRKH (0.00203928 SOL)

Signature: HyGrGTtQanf821YqgvPTapKsEg9AA19FvQQQmjgbkuchakXfbSc6wx5ungEhQgkHQ2ptd5C8szHwtNYVwYZmqj6

Transfer 1 tokens
  Sender: 6eoNzSxt2LcApKnv4unG4TYV2Spz8ChWHSPdmP4mj1z
  Recipient: CkMFDbNEwaNiaQKaq6uUH3hmXp8oQKcGy9cT12F3xNLn
  Recipient associated token account: 3mnwKxbuCohsDfa42ai3Qc58a1UrYdXMBC7ndS6qRhV8
  Funding recipient: 3mnwKxbuCohsDfa42ai3Qc58a1UrYdXMBC7ndS6qRhV8 (0.00203928 SOL)

Signature: 2WpfYqm4DDjxQCerNovCCeGnVbkbAYSReZwDcmzsBcHJQ3EQDRRxEpsbzE2EwgVyLpJJXXV699cRApsEWstKt3yN

Transfer 1 tokens
  Sender: EY7SGTDD1osJd7x2m6Uo57C3MikhHB1s4yp69tgmu6X6
  Recipient: 28tLPjFZf4K4WCjiQPnveiWAapcB7xXrbySnmgWCNtST
  Recipient associated token account: CQ8DQZZEqrLCiquRS97G8gqvbzF6R9jfnkF2yyZR1hgm
  Funding recipient: CQ8DQZZEqrLCiquRS97G8gqvbzF6R9jfnkF2yyZR1hgm (0.00203928 SOL)

Signature: 4N26WHXaJwZDJLK8qKByL9NprsHA231NwQxKoKTUGyKHx8hyVkWrbJ4RSX8wadqVDjnQGavZE17rnK8GD6pFgLWj

Transfer 1 tokens
  Sender: 6TTAmUEtTULagZCko3pvzyy27uobGo9oMquR8T9jZCGS
  Recipient: 2Kt2edjA6oMUNsC8kLPH31XJP2vqQZmMPNu2qo6BzuCa
  Recipient associated token account: B35Z9TV5tabm8qvEnMJP7aNRyWcrD1YRAXtQ58BJZwjv
  Funding recipient: B35Z9TV5tabm8qvEnMJP7aNRyWcrD1YRAXtQ58BJZwjv (0.00203928 SOL)

Signature: 5vGv5ndVaB9Kd3dFu4FXYqA5jEsHKszqqGvw6wcVKmNF1rZ7rSQNF7PrA9es1CLAeNiykgtc9NgA2R6oY9QEMJfz

Transfer 1 tokens
  Sender: DGDoGFbTABn4mX5vkJNrNmAvpJ2hMk8zmhQ3WW6riuoy
  Recipient: vqk4rNkuaHbPHqCEf58R1na7QR7VFsZeYVqwxATJpRx
  Recipient associated token account: 94nT56DyqrUaMPLTgeNTkjRHuyzfNyKs8NB6ZKMrKMi5
  Funding recipient: 94nT56DyqrUaMPLTgeNTkjRHuyzfNyKs8NB6ZKMrKMi5 (0.00203928 SOL)

Signature: 5M6jkBXGTYoL7912a8QiReEXFhr7WUhy49KdrvsXGAoUUPUzmgvHsTV8p6eFb3ZvgKADsythk6LJreB3vhsXE3Tr

Transfer 1 tokens
  Sender: 78EqjLMVD626V5cuWWUVpHUz9gc8A6yBS8BWdFZW5VVY
  Recipient: H4XnfU3Sr1J1sFUTcdE9jfWxvbLAomjC8UNZkNpzScDA
  Recipient associated token account: G5JGGGk8bq8fAYPQ2DpYeBXCpCGxfwzLzvbtiD2e1XX3
  Funding recipient: G5JGGGk8bq8fAYPQ2DpYeBXCpCGxfwzLzvbtiD2e1XX3 (0.00203928 SOL)

Signature: 3LaVj12niSJ9Ca6tK63P8WtqdHYNiV7obX69LS6y7vwXs6QvTm1nmQZGLLj3gBepfVM8YsAWq3w2zfRWaNpx2BgP

Transfer 1 tokens
  Sender: 8dcm6DJw6Kac2vJBzb4uJdH3p2WcNRDxDXsMvbr6sixy
  Recipient: 2eBBNzw7DeWuYfWhPVGanm7VyYogiWKjSRcAHhcDFSMd
  Recipient associated token account: 6njNTmBfUBeDpm8wy9aTGWWr9WQLJ9gE576vtBpx998u
  Funding recipient: 6njNTmBfUBeDpm8wy9aTGWWr9WQLJ9gE576vtBpx998u (0.00203928 SOL)

Signature: 4vHXr118XTKEQTde2Vs32bBWyfeY6rgqEje87D2HsALownSZxvgg2MkbU6ArcAxNFfsPRhi8Q6oNgf7QnUUBUCoX

Transfer 1 tokens
  Sender: J1Z83Rf7Hs5fXvczX4RBfJcN93n1T6cJgVWP4gpAAB3d
  Recipient: 4Dt9sfqfUckUbR5vgYiPzDoGUxbGqYp4T5iKZySnesSC
  Recipient associated token account: faTUuqtxQhxECceqSC8X1zKtVyv3UeBeQqckG6cP6cB
  Funding recipient: faTUuqtxQhxECceqSC8X1zKtVyv3UeBeQqckG6cP6cB (0.00203928 SOL)

Signature: 2Jht7QiVPvA57QrXpoTEbUCMFLGiAkfYovuRH5eEJthCyGQyYJNJn2dR1JYGh8scsptcjg4hSB7BBMXXtgZaW8rZ

Transfer 1 tokens
  Sender: BCxtYzRWnt4keDD7tnozie7mB7sTFETKTeFxvVE5joDG
  Recipient: yXYzVF3WnzkUVwwmejoNZkzJiQcn87Ms9avDqFQEuoU
  Recipient associated token account: FBKLLCmqtxi5Sqnpd8VMMbsXuFUBQ1U2NriTYGBJ1C11
  Funding recipient: FBKLLCmqtxi5Sqnpd8VMMbsXuFUBQ1U2NriTYGBJ1C11 (0.00203928 SOL)

Signature: 2s97SY2zdR8MnejrMei7zDhgp5ZMty51ECzTUwUq3UKc6ZdRLvfeuXMVLcDdnDJVRQviPJ7BC9XBpJ4wgKrhtRGq

Transfer 1 tokens
  Sender: GFty2pGsgcUjj5SHF8bUtxw2UmYYhdDwuwdBN1UGQBhe
  Recipient: 3C6Aa7WumUkMSwpTQMf7oPmviimo1MZY31BNSqo66Uzn
  Recipient associated token account: FSYmSUK6VxDQA6xGs6uLwkhKNYzXZzjgYHypUGEuo2JS
  Funding recipient: FSYmSUK6VxDQA6xGs6uLwkhKNYzXZzjgYHypUGEuo2JS (0.00203928 SOL)

Signature: 5PSh4qimtUT6iXFCDH4TyARhvRu6TxM1YrSDTVXh8Hong35w272evKPTLc8QWKqQLcaneEVvAAAywLVrREseWgdL

Transfer 1 tokens
  Sender: 477NuwYNrsw2PubCCT1xovi7S6eKMZTWMDTsmwP48hCt
  Recipient: ExHjH7nZufPmsbTZc1n9R1iWMGJPDaJTeDv3PA75iunH
  Recipient associated token account: C3A1279FQvEwN4fuS1wfoizBpVVLCCLWN6J9hK3adTfg
  Funding recipient: C3A1279FQvEwN4fuS1wfoizBpVVLCCLWN6J9hK3adTfg (0.00203928 SOL)

Signature: P4zSHoHiEjdCzTZUGvekngkPFygu7YRxu3Xxp2j6uV5Zbf5qzMz9HDyfWFzg2BAf8WFvX5juRqGPsH6ojNQFavZ

Transfer 1 tokens
  Sender: BX8azW7mVDLhBYLcuY4BPxP4vsruu9knMe3WdHATFFn1
  Recipient: 48z8kbnt1GK1cxD97YtMLUGj4UtKD9fYSvmWKbv5q4NC
  Recipient associated token account: DFKLRWTVACQxJe97pwgBSPfvMnZ4pr15TpiHFkwTxdhE
  Funding recipient: DFKLRWTVACQxJe97pwgBSPfvMnZ4pr15TpiHFkwTxdhE (0.00203928 SOL)

Signature: 3U1izesKgg77THGjL9TU39qpAu2etu9vksCpCnhB4V27A1uFLEsdzxDkLDd7LyPJEhKXLjzHHD17tvcrsW23p9ek

Transfer 1 tokens
  Sender: J8SqSx8pDcHDsvMBQLvSSpX7LzN5SczGXFZXdhitqYdS
  Recipient: BVFTQzEas8kMPkcugksaTTuLnQJ8ESxtLryk4ngdyvjU
  Recipient associated token account: Gw3i4JnVNPg6hgzuFsu1Y4zEbLyj2khF4ErpRgaxvvCb
  Funding recipient: Gw3i4JnVNPg6hgzuFsu1Y4zEbLyj2khF4ErpRgaxvvCb (0.00203928 SOL)

Signature: 4Piu4QuFuD2joBFXPAtbheriWEkt6USdExNeuvioDTDZNaUNRGvzRdckX3CBMH5n8qEdynEJyVVzdXAQe3JLNa6q

Transfer 1 tokens
  Sender: BuV9Qye6kbdFDJ9gPRLy8dmDfWxNPqY1bXJPSK4zCJ3n
  Recipient: 7QTJt2wCPPgKguZkL91hMETJ5cWF5BMudBrVYyoq3pWN
  Recipient associated token account: FHyFL4JePnth8TH8PdJFvGF5Kfu8CGB2DaVdUkzZ2Pus
  Funding recipient: FHyFL4JePnth8TH8PdJFvGF5Kfu8CGB2DaVdUkzZ2Pus (0.00203928 SOL)

Signature: 4FYeATY9XNTbdRy87Y1VooLn7i7vBVKjugrodBoVomWz8MPhWxLHubqkXYR5CsYak27wqtdfiGkxazDwKgYh2pp4

Transfer 1 tokens
  Sender: 6PFFgP2qUtt3NvjzmZzGfuvNyM7fV6QYjPKuuQQs3HKE
  Recipient: BcwzmAJunqVo7M9PHuUn3srQJX73bd9xr5fJseCDGAZm
  Recipient associated token account: 2fjwoSzo2uhMv3EJHKxbKPKaLwZPiLUnQeWSdgXAQeQ5
  Funding recipient: 2fjwoSzo2uhMv3EJHKxbKPKaLwZPiLUnQeWSdgXAQeQ5 (0.00203928 SOL)

Signature: 3fgaEE8kEKsmBPwCvENuFj5HnbmX9ZtXa7iHSh3U85T3X3cRHomMbf7cLJtv8DACpw39AS2sKDDwrQkDUF3pufFt

Transfer 1 tokens
  Sender: Bq1CQrvuQrxxnC4ebQNH7WARVCBj2hBxC4woRQbLfHqv
  Recipient: CJBDLZx8KBTJiMCx2uMi23xVk3YXqYVgkEy4hc3TybDb
  Recipient associated token account: jpbYj8fWhbvcygsKEWgVGpuZP1jgoVtbbSf1QBPedDk
  Funding recipient: jpbYj8fWhbvcygsKEWgVGpuZP1jgoVtbbSf1QBPedDk (0.00203928 SOL)

Signature: 2tyXjPA92gqEVRFgfsFvXGixy6tut59swV57SFhLr84RzauJfYiKCnWS8gasgcgG5JHD7ji7ZCE9TTQA9fTrisMy

Transfer 1 tokens
  Sender: 8RHARD7rK8trAcQdTBBMLzYR4HN3xYZFk3ePJTnQ1Jjd
  Recipient: 4us47W1bnHCqzjzbzn5ZJwjxnc3RBZqe4Lkid7TfNQBX
  Recipient associated token account: 7nEF6Di8jiA6HS4q8CcuB378bihtz7kEyZwkPs3WFQ7d
  Funding recipient: 7nEF6Di8jiA6HS4q8CcuB378bihtz7kEyZwkPs3WFQ7d (0.00203928 SOL)

Signature: 3GGDGDbZAk2sKgtkiLDSANf3UTy2wEELBqMCZpw6pdmgjKBq6wTvRByxnKUZ6bH5BjbjZrGaNP6hTf9Mks4jHGNg

Transfer 1 tokens
  Sender: 4XQzL45khUQguqWgqQpVLWsPnMZ1HfXWtYwNEQv87kTL
  Recipient: CgeQQY2g3ZKXSPBdTVa2sZ6Eet3456WfG7KmrTLRh6MF
Transfer 1 tokens
  Sender: ChSWchzNoxURe7NDbQsRkF4NxaR8sbXW9rTwqdYnnnVN
  Recipient: gbBScFicJZQoG6cmNK4T454nd7tZvebZsPZzrmgHRCz
Transfer 1 tokens
  Sender: FKH9R5vfiJyEZwfWfUiSxuo8FZozWjCHca4VMKp6yGdu
  Recipient: AQcxTKDdGoc5LZr7HyJj86tbz7Vqe2kwvPVT4SPH3i8b
Transfer 1 tokens
  Sender: D9MMYXRhFMJDm4TgadsNHjcqoLFr4TLRdZ8u6PUHYrHM
  Recipient: DK9YwKziUmuQnhr1qUaHfTzfyF6RCt3askn9HwQwjhYN
Transfer 1 tokens
  Sender: 8YxiLNDCERjqnW86nJyibTdspaZ3yCB8PXba5fr1BFTK
  Recipient: AMrDYQ13AX88WCB7puwTVu6BEbg6rfFd2FYSNP8NhX6m
Transfer 1 tokens
  Sender: AKgTVi8peZM8Sq1zEq32e2DQa9QsRYeezzM9P5YiR3fv
  Recipient: AhbavW4N7vvmGnMFfZKzCifnEKnFEJmVBgv8ngW3mDCn
Transfer 1 tokens
  Sender: E8C1XXrBKqFDmjBzcmWh9fcSUEBvFCwuWCzCJ62xVXUJ
  Recipient: AKHkfNyVwi6muUYgkaXGFnWhBx41V7UN7bCsL1ujoVfA
Transfer 1 tokens
  Sender: 4XQzL45khUQguqWgqQpVLWsPnMZ1HfXWtYwNEQv87kTL
  Recipient: 8Ap1sNFR1j33CNpoLVbokNqCQ4mx4qu2xpRU4kSZHnzN
Transfer 1 tokens
  Sender: ChSWchzNoxURe7NDbQsRkF4NxaR8sbXW9rTwqdYnnnVN
  Recipient: BL3chWidnWNmzqjtjSQcbZbfTxczL4YzuNhBxgcDZ45k
Transfer 1 tokens
  Sender: FKH9R5vfiJyEZwfWfUiSxuo8FZozWjCHca4VMKp6yGdu
  Recipient: DpwQvzG6pj2mnEgpKH9L4uWvmGZUaEnquAUjUBAoWNx7
Transfer 1 tokens
  Sender: D9MMYXRhFMJDm4TgadsNHjcqoLFr4TLRdZ8u6PUHYrHM
  Recipient: 7yF3ZSPNYadfu425TDXR6XVGUGKFS12GRvH1Hbf5rFoK
Transfer 1 tokens
  Sender: 8YxiLNDCERjqnW86nJyibTdspaZ3yCB8PXba5fr1BFTK
  Recipient: J8vxiR8o4NvY8wcR46iuSpSAjXhBwGCgrbo5LWA3corc
Transfer 1 tokens
  Sender: AKgTVi8peZM8Sq1zEq32e2DQa9QsRYeezzM9P5YiR3fv
  Recipient: 5qdNAUpoHzeAgUrasBtDcSSjQHVBSp7BtNFJekSiNydc
Transfer 1 tokens
  Sender: E8C1XXrBKqFDmjBzcmWh9fcSUEBvFCwuWCzCJ62xVXUJ
  Recipient: C9u28tV9EcKf6iqCxcQvh8M4fnxtWU27vmS3gVwwVKSm
Transfer 1 tokens
  Sender: 6JQnxAM5D7TQTSuc642mWz8eZC6u3zJ1KoVqdfTgTbew
  Recipient: AEUto3eFWHLAmmVRq3Vo2fmHXwte525jQGG6D7pN4RRd
Transfer 1 tokens
  Sender: 4swfYEyt87JcAEnUWaT7FYhgkCoroaCXLBDbcfTW9QSu
  Recipient: HSMpu91pytUdBFtKqUkeBcbzZNKCseyZP9xoV3fLJuZh
Transfer 1 tokens
  Sender: 33SJfL4ZjNRQbD9CJe57VJki5cstA2AXdLNwXiMgkZiU
  Recipient: 5EcLUki9LDfMnTP63BMyxizRbyjVQQgj6HhEAPQceMHn
Transfer 1 tokens
  Sender: 6tEhXqHCxMbg6ss92hnkGNhTuXhcrLbGsNMxCCJJy5Rn
  Recipient: 6zbHJGNdqq7PawynSgxW6csjVHAN9nm51uLNMZqpxZts
Transfer 1 tokens
  Sender: 8JRNYjo2BeYn6TJTviJs5kEuzDfQwkVpXy99kDVnifiq
  Recipient: 8fqtDjTBTT4uTdvivSe76vw7b2sHkegVsbVtS3LJsG5E
Transfer 1 tokens
  Sender: F233ZuJhh3W1txsgffemupJZcz75S8kRJaxsbSXZ4zar
  Recipient: 3HFJjff8iUTvjLuKHjzJYzJZNvG46FgGPz8bgTKYUw5z
Transfer 1 tokens
  Sender: Eq7fLypBAGfcbpRKHUV2SFwuXPGSxGyh6FDQC1QvFyGL
  Recipient: 51oET2dy4vCmZ1JMGYR9hbsvsLng1vcLD6z2AZp1uq1j
Transfer 1 tokens
  Sender: 244YcFnNhcTZbwkqz2rcMzyWtMe1uctJAK44jFdSH1hA
  Recipient: 36NvFFD7C1tK3mB4usBumjy4eb8AgVRVakEZGidbrxD4
Transfer 1 tokens
  Sender: FZYjkAfY3eE9xduffRcyWnjZSUmaYVTgCSAUqS3oxuo8
  Recipient: 2HybyiFMCJes6XPP2sU81KqDV7w6xuNx1d6r9sB4kwan
Transfer 1 tokens
  Sender: 4TUqTQ8hEcsK348zfpCZ2zUbu7URGVeJqKuo28ha6qx6
  Recipient: A4jR8ZNLjEZfMV3jWcL6y271Vty8ywQSCPSsjPoqrHUx
Transfer 1 tokens
  Sender: 8kESCGALuRkTyDEJhHrxfim3Tya3iJuSvQb2pAr8Kqxo
  Recipient: DWaAVXvNg9NcNUPLCwRbAhc8NVmFzSLPQCFuwkxgp9Tk
Transfer 1 tokens
  Sender: 5CYBncU3Nqw3H42GTWoCGWGiffNgTBjKADkXXC3U4dFc
  Recipient: E5aGCgnhBDQ9aoPZkAMxgMR1FkruzxtBFeEyM4EJwKD4
Transfer 1 tokens
  Sender: C9qm1BDyqzHFTDbAD6p5ohYzSWHhcgB4Ehp817pu4RJj
  Recipient: 8zfdGUKpemtzs2Ypb8reoN3A43o1ZkbwFCBNzpUeFeUo
Transfer 1 tokens
  Sender: 2hxcMnrGwXiFQPsQzyLHvdC77v3gY4JdAX36vEXHzDvM
  Recipient: 51oET2dy4vCmZ1JMGYR9hbsvsLng1vcLD6z2AZp1uq1j
Transfer 1 tokens
  Sender: HMCDWufc9nHrQFmR6CReTdmLN8QvZgDZmT8acSo2W74o
  Recipient: 9vTVgL5yTaRSj1QThL3jViVdwZTiwvPzqsFs4eHdjZjf
Transfer 1 tokens
  Sender: 89iArJFc45oUK3ffqQtUAHoiZErz7FNykzYMS8Ccze6d
  Recipient: DajLww9JAzbHx6VNacZZWYKQfUukB9bibGRcwwHs7e3P
Transfer 1 tokens
  Sender: CXBpYmHwwD3YFZrz8kUSP7RXFziFSimnNWcwLAMzhbfw
  Recipient: EkQAvYa4Ek97Zb3LdtLBTcNeMEwf9yZbTGzjPjQnrVJ4
Transfer 1 tokens
  Sender: 8JNJX1BtEor65YmFEWoetGukEc1kLRVR5fTFUapjKe41
  Recipient: 3HjJoQND4bDHzLELH159pNpBPoSnKRx4ZGwzxoSv3BYg
Transfer 1 tokens
  Sender: C29JH4chC7yqsYtbPGaWqHHgv224EHNXwkgtJzsiaUZZ
  Recipient: fM75Vu6338qcv7W3Lf8zX5h6zh5P9A6EaVKCBBh1KkV
Transfer 1 tokens
  Sender: CV4TCpAtSvTeuaJ5PkkE8iuHnxkGFjp9SMZ9gdWH8Wi3
  Recipient: BWvCdQ4Tipnj5D2reWSi4Gx2DwifFqwErvRpgMDgBAYV
Transfer 1 tokens
  Sender: Hg4dYuibnTwfBUcVvRcnvnLCtqvCXdRz6Aso37Vaiuv6
  Recipient: HeohjHu8jiJ4gpEYnGakdfv4CxaFcCAS6iEfjLM9p1Ha
Transfer 1 tokens
  Sender: 39zWXByBCQfPXprfyGfkNeNGfN6Kj4ozHz73rbL5pjgu
  Recipient: BVFTQzEas8kMPkcugksaTTuLnQJ8ESxtLryk4ngdyvjU
Transfer 1 tokens
  Sender: AuVbXCXAy6GDnXpTZWb48bMpE6XwZZXgNeUKLjY2D5v1
  Recipient: GRKqLdY4K4VhQC79Sa6EeNpSKchuXGKkZELPAUtg5UiU
Transfer 1 tokens
  Sender: 14kR3xtTUrT6HCTWsKypn6DoxJKb5eh34fgYNPMkAdhV
  Recipient: EpuwepKibc5ceyDXsGaiJGD3hUKgHQi6xmmdM42MnBCa
Transfer 1 tokens
  Sender: 3Xh7zdtuQPgao9MMETG2rDn9ysM3iumUM8TziFH2Va58
  Recipient: E6j5MbJxpMWrWWh7NQxircbG4dB98SXdoXtpfRbnqwvB
Transfer 1 tokens
  Sender: 9DVxktCAyR4sr2rqFDVPRr2bNspnqLuWpzsFVQbpz8kR
  Recipient: 3bSvTse4nx9Y5zTazhr4BY3RTFUjcnUrechQ2whhsBFC
Transfer 1 tokens
  Sender: FVwN4uL4YG1mpWA2sWzYgRwgYGGF8hqXEmQdPw5Ypma5
  Recipient: FLhF47aQDAv2wmeFcEHpcGEVwhRvd8feE62x2ZvCQE62
Transfer 1 tokens
  Sender: 7XecSr5jjzRTNRdMXmdxzX7cQBXyy2pvaEEVJYFVczar
  Recipient: 74MCLCGZ6HKYja3Uca8UQN5C3bw6NeyNXF6xRqaWkaFz
Transfer 1 tokens
  Sender: HXagRDvKNW5gpmNKaCjgVZAe17gNP8yJaXsbtVqBr83J
  Recipient: 4vGE9S4355uCVCvQ1vqt4CgKJp3w1MrThf6SQYnjrLep
Transfer 1 tokens
  Sender: 6hHnDHiqfDAHixeg9nnmD6icsvM31CvkVbcANDey9Ego
  Recipient: 7tMyU22ViPrhY14fy31bSmTsQK6rwc9q3Zbq2u5RkZis
Transfer 1 tokens
  Sender: 93jSKREN4H7VajkYceSyjveG5Fh7QpLbtWke3soDkDpH
  Recipient: 4cKqqwoADnQVUAapaq1CrCwpBwbvCSohZPzB8aHooJjk
Transfer 1 tokens
  Sender: BgyZYafkTbiLMdHzQjtEWxddrMsGgMqtEuD1muLUjWUh
  Recipient: 7vAg7NxpWJjA9eTFneNemmB1ddsUowy7bbaDECFu4AH2
Transfer 1 tokens
  Sender: B43E1g3MWQXik9HhjUQyofUdA4wGbWZwyagnE6WWAxXL
  Recipient: 6rHgCdH59NMcf9MRbwWbMyhoaMu6mNrtHM12yLo1Rc3h
Transfer 1 tokens
  Sender: 3brPnGajXodMiYvELd4aW9mAiQGUGFHcthTh2T6YqoZ4
  Recipient: 5XzdXN4CDPYxztNFSV8J2Z9GUtP19ToXTkMjJhYzY7kz
Transfer 1 tokens
  Sender: shpvuXRTDPB9LLCZLWEAF48c8wMHKVGgHqkeaVa8QpC
  Recipient: 6yF6NdzDRZ7ZoULP65Y5Grhefo1qpD447ZeQfMbbpEia
Transfer 1 tokens
  Sender: 9x3A931X821xLgp4wvKC1e7XmmsDH7yxhAeaBHLxxkeJ
  Recipient: 4cKqqwoADnQVUAapaq1CrCwpBwbvCSohZPzB8aHooJjk
Transfer 1 tokens
  Sender: FtTFuy3Xg6ehYqZjipRXc44zXfBns6rmdadeAoV1sPXz
  Recipient: g2q4tWwSoLzY2PYmYM6YB8167AFP9L5J1Mf4xJ5cJhB
Transfer 1 tokens
  Sender: EtUKD2NXY3AKcAWP38351GhVmtWGcB2wZ5SZSt7bxGP2
  Recipient: 4ReyBodSJygchFFm6tHfvGQdBvhrCr3UqWTCvUoNyvfZ
Transfer 1 tokens
  Sender: 6MYMQSdx2Kt9TDPxkiqyhu6zqnZRRMVs6tSzokQeRwjb
  Recipient: rMjHEPkW7J1PF6Vu1ztdvRofKNWaP3yoSAXbkNdY6ML
Transfer 1 tokens
  Sender: 7kna4QPvGRYbTrwBRqE38dbZj6xb2uP9xuZiK8CrjHSz
  Recipient: bae93fAqQRbzRBwLnC5ZeDt3j5uX23nD62B3pwvpgXB
Transfer 1 tokens
  Sender: 6nQYChmshm4YN14g5EUjTMbmbvHbJF2crcF2Cv9xskRU
  Recipient: 8ntN7Tv2b2WdLveATgTNHEVFyTh8555u5gBpBPvFEKWg
Transfer 1 tokens
  Sender: tMAASTptJV1wJbsViYTnWbfVxmeYReFHKw9XrbbhBNs
  Recipient: 2fesvz95r896EUAhQ4yfUGAbR6X1WDsLLe52zaQoYiaK
Transfer 1 tokens
  Sender: 76DG4xj5uPHS6ms6UjZNiGtJuuMht7fojsvbe8KLYkp5
  Recipient: 3DTEw4wsyEvKBh1u3v2NKtcBmLwz8iJYieuDeSbjyRQP
Transfer 1 tokens
  Sender: B64zj9bTMiEDAk7sCPgbsj6e5u2AGQzZ4gHuozENx6Sm
  Recipient: 73tF8uN3BwVzUzwETv59WNAafuEBct2zTgYbYXLggQiU
Transfer 1 tokens
  Sender: 5XGYtsWRm7k1kcr7AjEY4TQL1aPEEonUUPuoSayFUNge
  Recipient: DRjmtgkBNDaTvvvnGwY79mDyPSu8QSfRK8xc8GJw5rp8
Transfer 1 tokens
  Sender: FYyLYyhdBPERKjWRvndbrVxRz9feWvpmizjvnaLdnJmB
  Recipient: 3z1HoBSLBeWt5eTUVFx3bFdoFmzgmUmhiwCBE22Pmten
Transfer 1 tokens
  Sender: CC3Asc5DP9Ut3mC9tU5gLw9DuLJoouQroHtrwDfXAyee
  Recipient: 6MS5NwY2eaAQ6XNbnrpUJXQEWTNC1Co42VJmT2GA41mp
Transfer 1 tokens
  Sender: 2yLiqcpgHPidXbkH7B8jSXMqfn6inP5aCVpp2aKevjtj
  Recipient: EMgKZ6eEsjKBRNnSANaC7o1EWjefbtLP33oJcE6JnswS
Transfer 1 tokens
  Sender: HPf34ccyhkN6H9n7gEeMv1zBRaY8im7pL8fKzG1mCHMH
  Recipient: DuPaTyvtPNA6FMjX7pfpesDte5FSHPi6BGK7fbh7ZiBo
Transfer 1 tokens
  Sender: 9EBqGY78hAKZ9UpMxGxNt5NzseMwzRHHbCBMwbC3DiBa
  Recipient: DdpAaorJnTmfCWcrNwwHVJcB8wcWw5i7QUBGr7ESCvWv
Transfer 1 tokens
  Sender: 38kwyKN6REeaHKk3gsTr1yZExauaxc3F5Y5q7VKvmmCb
  Recipient: 8djD77wbxqJCCesESU7EgPJsk4tq7KGDi5EQgXon6H49
Transfer 1 tokens
  Sender: 3h8obzTFdkUwFsg89QVQk6WyU2KdyFhrTBpZH7QeMb91
  Recipient: 7fcwxQgEkyqWhCJq4B9ViKCnzdAB4tZohJ8TdMLxuMzH
Transfer 1 tokens
  Sender: 2TVNQyKG56r6HcB8CBESRjUHo7BzZuSKwJcG1RnYgr2H
  Recipient: 9nF2vqusHupTTNgw3quL4f3jorvPdJ8VBPv3Uw1xt3Mv
Transfer 1 tokens
  Sender: 4kxfzdkFpiPXjJCa61EuiKaEsGyQ9YQsdUs6NiG6Ao98
  Recipient: GNUEve3VU5vfrEvoK6ge9r9dWYyrjv8aPsb9CejNZor4
Transfer 1 tokens
  Sender: 7r6MZF8yTmG1pg4m6vUuoVfDyk7EMBzjU4rvkfxqtxeS
  Recipient: GZ7dL3aqcVwynsidEqLTUnsHf3iK5wvNFsCEJZvoVXFe
Transfer 1 tokens
  Sender: 4xMTA6Jd5mrCyiHsupN86K15wnXiBQdbp3CkQan4iN84
  Recipient: AbgicEN3npoAGUvZCJWpkLkniVxnEdcsFnTHCcmhfUKF
Transfer 1 tokens
  Sender: 2WrC4zD8VY3fP8UJUfb9aD3u8DyxCKEKUri6qZRtqJQu
  Recipient: GEVaf9qiMshrb3qJ13QrKUNruydVujtc8nNoTGw1GEW8
Transfer 1 tokens
  Sender: 6TqFESYRE6xzGpyibT2tTj2nwQEjnT7yhEatZjdJUnfD
  Recipient: FmsDj1D5zmCrLdcBkMWL9m2wUoZb1Pf3VqNKa9vNH7bw
Transfer 1 tokens
  Sender: B6dBLWciB2s23MxtbCPrNy6jjDrM8Bd4S7d5R6wvbDp1
  Recipient: 9nF2vqusHupTTNgw3quL4f3jorvPdJ8VBPv3Uw1xt3Mv
Transfer 1 tokens
  Sender: Fiw85Yijn4AP4JYiEonguCCGdXkmua2zHcMscvTE9Qst
  Recipient: 4SXchPW4aFGGRqko4puKDJJCsyEY1Ctz3GLyqYR6VjL2
Transfer 1 tokens
  Sender: 5FHWgU5ehA8mDpWftS6GsgbvrFExTKYKo7vDZVEERNCu
  Recipient: 5zYWovYn9kdMX9wHovwxMFJCCzwwykBY4pp4eEhCAt6v
Transfer 1 tokens
  Sender: AZSow6Q8uVrq5K9ajZ6XG9PuwvAry4zbyBoeKJ3Yoh6W
  Recipient: EyNr6gxugnKwsNhfcYKyShBnGvq9776B6rwpjJuYztZK
Transfer 1 tokens
  Sender: 7W6kz8YUE4jtP1AafvjbbDqivmzjqFTcNkfSMAyUPYt1
  Recipient: DCTeYphaDsdFWZ61JXusR3dwLqKWkYgCjkxZSQvPzRuK
Transfer 1 tokens
  Sender: HH5hCVoFotpBmjk9zdFWUdb5SWEx7fsFWPUnvbTzruqc
  Recipient: DCg9UTePN3MTsky8t5GJDwsGWJXr7XmMXJPNW8twnf5P
Transfer 1 tokens
  Sender: 48T17keWb6bUHMjPdbZnUDhBySGt75YQSGLFrDQZ9zg4
  Recipient: 97xAKp8FjyXkiYqTtYWN9ArD7KxTevzaCAo7VCcwLAsK
Transfer 1 tokens
  Sender: G5DuuwNXkXJ4RMJKULEUe2APE3dUvFPDfPTfgXqzwk3b
  Recipient: crpQUfqtr42Y1W5LgZjvjVnEo2nsmXhSuZ1EyomFCDj
Transfer 1 tokens
  Sender: 2oH17Hwwo7CeoQqrBns8iv6zuiskx2q7Kmii7feoZmSY
  Recipient: DCaxpYXpNxUxFcaaGVfVY7dYHT2BuBPdLAssdvCqrSsd
Transfer 1 tokens
  Sender: 7p68GF2uEjYtNj51yjuPtsZGCZ6DDmTxWrBwkGwNpDko
  Recipient: 6kgckbd91UZKk15SNxvE3ineG9BQMu7RTCPitS5rigAF
Transfer 1 tokens
  Sender: 6aJNXmejj5tawxkhfkvSLhVXYcmNzZVguP1fXT1sVSZz
  Recipient: Ds71T9MhUu4DB3DPM2YigYtiTqTPD75DnevgoBfgQQUY
Transfer 1 tokens
  Sender: 8mazVQ4N2nCRFv37yCYog32neHF1hSWZccrxsCQtTZqa
  Recipient: 5W5WYdshCzoQVr5zuQrgxqJzcrQvVU8yZ5aVZicjfmFQ
Transfer 1 tokens
  Sender: WovN7Xdxad2mC3eCmX8YWYpkfPWA7xXzC7whhLfq6zV
  Recipient: 3GFSEgAQb4niaJRPjKUFxKpXpyJjZWijgM8pnbk6GYzA
Transfer 1 tokens
  Sender: GsFDZ72QZjJD3iWxZ3BkTyD7qyERsV346JVeZV6RZeLj
  Recipient: CKMDD7Xp4pBztCG5G2utc3kXvFqPJ17HMDPUwhLiHzhM
Transfer 1 tokens
  Sender: 3PHjvayrmscqAdsXoxCofie3T5jj2zymvGoG181WrX31
  Recipient: 9puVDyQtc1dqWUxGQ4j169AZBvrr17hzF3zhp3ZkhZbw
Transfer 1 tokens
  Sender: 14EQBAyWQQfFZf5EKTTuWuvwk9BEbZxWUocBdCntrbKe
  Recipient: 3Q7BfxTo3h4AFnMqvFFrdtfcBJ6nCX5AUN7ihUhpPXbY
Transfer 1 tokens
  Sender: HQ7oUaWiqgHBGb6dtvaxyFbkoDMvhRQjjDFT3mpmiwTc
  Recipient: 9ZqsuK1kGGQrvnFFWeQgiZGUNy25RUeZkmsGWQnziSCg
Transfer 1 tokens
  Sender: CUnkmWPgr5DJHRs2nuw4c4pMrvL723EQ9mdi7wWS2saj
  Recipient: BVFTQzEas8kMPkcugksaTTuLnQJ8ESxtLryk4ngdyvjU
Transfer 1 tokens
  Sender: CtBBtT7T4aWx77ruN1jcoUAi9ZKoZouCMDKksHwgqRih
  Recipient: 6v8xQJ15Qr7jxbKGadYkejKC4QQ4ngaKLiyJreb6FLiC
Transfer 1 tokens
  Sender: GQSi3XiBFvS3WFTZhpXiWT4YhF5baG5urs81WmEmeStK
  Recipient: HCtzVd9MmEeZ49xQ7m5TEwjXboJJzyfn1X7Efjc2m1jq
Transfer 1 tokens
  Sender: 2WukmW9LwnUabP635DK5LLwyefiQYy2KrXbnCWaMvNC4
  Recipient: Y1iUozoALJ7qc3kmJCCCdoNBHnp345TnPyBRfVHBeme
Transfer 1 tokens
  Sender: 5vNcGbxEws6UtRJAn31RxvVeuftKpVeMHQmADrPxEEwq
  Recipient: Gpe5fe5Rzrh4kTQn7g28S7f3xctjs9DzseXi33FTMYAh
Transfer 1 tokens
  Sender: 5ZUgYbDMAjTvLkzW8zvcBQxTwaFcJ3poWYxHpis7hhoz
  Recipient: 7H5FHSDMF9YJFP59kr1LnXzPNJkxLWUuM7QVdUwSyv8m
Transfer 1 tokens
  Sender: EoMy1G9r72eV5oQyyxDGQxZDAhbE9ajh6LvnKGoiZgTa
  Recipient: 3H1wvZqJgy2v5XxaMLFVtRnMeN6H1t7JrenehfQcn4qk
Transfer 1 tokens
  Sender: 2KXD5J75t5uMoVAFb5KMzACUeWquQiTHtG9diT7F5KW3
  Recipient: CakCB2mYApvhtzJWgmejHjuTAVDGbBk5zjzrDctgkxjM
Transfer 1 tokens
  Sender: 2nScDT3MYve3XAryBwekVTRTWGzDXVysGA9ZwinYvXvf
  Recipient: A4jR8ZNLjEZfMV3jWcL6y271Vty8ywQSCPSsjPoqrHUx
Transfer 1 tokens
  Sender: FPsuh56v5stFCX2aiXheikfg1FHPZ7he8wW4AemB3Zq5
  Recipient: 7tMyU22ViPrhY14fy31bSmTsQK6rwc9q3Zbq2u5RkZis
Transfer 1 tokens
  Sender: 49k9bVqXLT5LbGLaCWDfWZoahDzB5BwNBXR1rtmDESoD
  Recipient: HZEaAjDGGuVSPGqcoKqdqY6kzyQQUwvrd6whVnBmkxWY
Transfer 1 tokens
  Sender: AdkdGovDmjVJgP4szSRkodBBpfRS7svMTsbTH8qp8NBu
  Recipient: AbgicEN3npoAGUvZCJWpkLkniVxnEdcsFnTHCcmhfUKF
Transfer 1 tokens
  Sender: 8VN9THF5Sr9HDKvGCsp6BNnVixmriNCiS8V54zkuayDT
  Recipient: 7K7aU8n15u4GtLfHdcuMQMWyCykwWtGwg9Qbgytop8SU
Transfer 1 tokens
  Sender: 73LgAQi5aqnzJTCMVPUmKoFkCYu6iuEgAxFVjQQA2zms
  Recipient: 8kX16Yj2WBCz1sPXcimafGrutQkw3s3Swe9sR3gt3cC2
Transfer 1 tokens
  Sender: 98a9R33VNSxzka8sAcxnKVrWNgMesiA1LbHxJc7vnqT8
  Recipient: HixKvMRNaapShj3v1J96jLMtZuo7wNwtGAi4c1Q5rJV3
Transfer 1 tokens
  Sender: 3BFz5UgQCihvPStTJqtYKdabsNWdDz4cb6YkX7DQPP96
  Recipient: Evt92DJQS2a7UNRJp75J6dFB2WkiZ2nPHHsLMXrDs8jr
Transfer 1 tokens
  Sender: HKd8TT1DDQVrRBYJgcq1RJy9bzXW4j5DNopcN9ABByGZ
  Recipient: Crn12seqWf8o731BpcYyz4wdRANVT6bhfH6WN2zLRApN
Transfer 1 tokens
  Sender: AB3ptUrg9aVBg47ZvvfQDXRzgu6x3MYvg5hhTgSY5fed
  Recipient: CmkTsDLdXLXzqsdZ2t4FNce3phcYccPgMtUekdMZnDRN
Transfer 1 tokens
  Sender: HvYga9hz1VRcNJJeR85HXxSLJLNkDo9qHsDoe5YJRN5k
  Recipient: AouXEBqiEvLW8qV4Ri2rARVmYYDo5ehJ13XsaqKV5XL8
Transfer 1 tokens
  Sender: FXU7RNufa9YNTekKmogezQoPySYEoqxtEcH53pFmWNAU
  Recipient: EGdzraLTk2pzfQtqAEVBkAD8vikmQzui5xMprFqHnG99
Transfer 1 tokens
  Sender: HvBkVMJgyPTqWz13yVfY3WWHT3y1eQieacJ8YVmWBvgR
  Recipient: o2Aug6JB1RDFk7yYsf8QCjpWo2WzgwFkM115gtSJU8r
Transfer 1 tokens
  Sender: 2pYhvNu6cjviW24a8KaxhRpQuYD7Dx6o96uBGgNAFmoT
  Recipient: C9u28tV9EcKf6iqCxcQvh8M4fnxtWU27vmS3gVwwVKSm
Transfer 1 tokens
  Sender: 3sxgCCarScdknwPTD5aGfVJqxtUspvSoWLoga4j2GEFV
  Recipient: 2A2w4ivTkKC58upbPb6YmEsgnR2m2Hi3RQiERUF6F6g4
Transfer 1 tokens
  Sender: DRAXuA3Do8vyCwmRwkByCsApCzbEW8XGgJfpDX5TTpfh
  Recipient: 73tF8uN3BwVzUzwETv59WNAafuEBct2zTgYbYXLggQiU
Transfer 1 tokens
  Sender: Hi2j17yQvBzQb3URuurE2epDhuA4ySpCZp4arGugfF5Y
  Recipient: 8thnBK5nMHcn8TZQDDxPc8z64NGfW2cMLJersUUYi1eH
Transfer 1 tokens
  Sender: HeWhMKH7qY5Gtb1cEPptxNgdM5siHTKdKTU83EVSswgz
  Recipient: FdvMXoYeqtGkGHhQyztVFQMTRAP3oiQkLjVSFe17RWa
Transfer 1 tokens
  Sender: AN4AZUeeRrxijaoZD72VLnjxXN3uW2jF2FdRSBZ3EjCi
  Recipient: 9CKGWgvpDqG48qEvEztZN1M2d6b6x8P89T3EDCeeKwAN
Transfer 1 tokens
  Sender: 7JEU8noG7Rgj9HhhDtVt3re8LqkrGQ4jLDHHKLqGgHGr
  Recipient: 7S6UnUAYZUFTbiPTCqdgNUUweSqcfsX7yRbgbtUQkiZe
Transfer 1 tokens
  Sender: 6Wog4s2uNrn6z6ez1uXkumCMVMW11p6YRw1rUNjfqS64
  Recipient: 3GFSEgAQb4niaJRPjKUFxKpXpyJjZWijgM8pnbk6GYzA
Transfer 1 tokens
  Sender: EBPXU69jP5SdMgQq761R1qSuh7KYLXmNMuCBJZzVDs7r
  Recipient: AACwn2C9DADr2CzAukwmwjdU3rukNYYL6xgoBhMSeXzv
Transfer 1 tokens
  Sender: 3ZWKrYhy61nZmhvULB5EQk9ez8QBe82je8PFUpCNG7R3
  Recipient: Bi7aYZkjNj8Ut2p1pSQQKvogAtAmFGccU59Y1SmMks7w
Transfer 1 tokens
  Sender: CrKD48Pg7pNtLAcBfWwTdAvxyuaRVjCLAzj5XKmeDnrK
  Recipient: 781GzKc6aZPcheyEhmeziGWNgJBhePtVnsRsSCvrvWTC
Transfer 1 tokens
  Sender: 6Yfecq9xTQWX2KiQNRcbjfAQZmPR9Ui71nWTcGrVSw6B
  Recipient: 8gChtKNEiUGRjKzmPBiBjeYKzeukEsxY9H8SrBTdRtYH
Transfer 1 tokens
  Sender: 3x1z5Pbat3gBNaoP3q3UwoiWyvQzCYuvxEcwfraQEJuQ
  Recipient: AkdfJa5NmE1pQt3Ai7DpgDg8kryN5qTZirp6LQcpen6R
Transfer 1 tokens
  Sender: BPWxjUbhdxV1tdWsqG5oP7EtEFyG5nAfuY4Y8E2bRksc
  Recipient: GDcdkHHAnzkZqftb5J79FWo9N2fJRe1vXUfVCWgE52dQ
Transfer 1 tokens
  Sender: DJKA942DfuS3dXX3wc2kE8f2xrhupncfyXEespgUzav3
  Recipient: BeAptaoXTcw2dmFfR9JMNs96FZ28SdCzBcfgkc2dEr7s
Transfer 1 tokens
  Sender: F79LhwnycuooqivvncabfJmy391AjzCmLtKJgsjL5awa
  Recipient: 3H1wvZqJgy2v5XxaMLFVtRnMeN6H1t7JrenehfQcn4qk
Transfer 1 tokens
  Sender: 6xgzFRLhtBY1K4eqoenqjGE9pxY9MXoZnUy3b3s5N9Xx
  Recipient: BVFTQzEas8kMPkcugksaTTuLnQJ8ESxtLryk4ngdyvjU
Transfer 1 tokens
  Sender: GAmoRLhptAFZdzKcJK8kguSh61dv3es39mixNfephj2D
  Recipient: 9oJ1X5p7MR4kgYpG6vRK67CXXDe5AgVDuBi78aHWhCJk
Transfer 1 tokens
  Sender: 66zcpxiYKCE7Ujp3SZJpDAUDuL394dN9uy3dsRJChogF
  Recipient: 74MCLCGZ6HKYja3Uca8UQN5C3bw6NeyNXF6xRqaWkaFz
Transfer 1 tokens
  Sender: BZamQMXMX2TMAL94GYE7MMHKcbeX2xx8VZn78pWUfkpo
  Recipient: 2F3pCR6Ju413NwpsC1knkXUu5WEZCYCJfN21yGcWwUZU
Transfer 1 tokens
  Sender: 6eoNzSxt2LcApKnv4unG4TYV2Spz8ChWHSPdmP4mj1z
  Recipient: CkMFDbNEwaNiaQKaq6uUH3hmXp8oQKcGy9cT12F3xNLn
Transfer 1 tokens
  Sender: EY7SGTDD1osJd7x2m6Uo57C3MikhHB1s4yp69tgmu6X6
  Recipient: 28tLPjFZf4K4WCjiQPnveiWAapcB7xXrbySnmgWCNtST
Transfer 1 tokens
  Sender: 6TTAmUEtTULagZCko3pvzyy27uobGo9oMquR8T9jZCGS
  Recipient: 2Kt2edjA6oMUNsC8kLPH31XJP2vqQZmMPNu2qo6BzuCa
Transfer 1 tokens
  Sender: DGDoGFbTABn4mX5vkJNrNmAvpJ2hMk8zmhQ3WW6riuoy
  Recipient: vqk4rNkuaHbPHqCEf58R1na7QR7VFsZeYVqwxATJpRx
Transfer 1 tokens
  Sender: 78EqjLMVD626V5cuWWUVpHUz9gc8A6yBS8BWdFZW5VVY
  Recipient: H4XnfU3Sr1J1sFUTcdE9jfWxvbLAomjC8UNZkNpzScDA
Transfer 1 tokens
  Sender: J1Z83Rf7Hs5fXvczX4RBfJcN93n1T6cJgVWP4gpAAB3d
  Recipient: 4Dt9sfqfUckUbR5vgYiPzDoGUxbGqYp4T5iKZySnesSC
Transfer 1 tokens
  Sender: BCxtYzRWnt4keDD7tnozie7mB7sTFETKTeFxvVE5joDG
  Recipient: yXYzVF3WnzkUVwwmejoNZkzJiQcn87Ms9avDqFQEuoU
Transfer 1 tokens
  Sender: GFty2pGsgcUjj5SHF8bUtxw2UmYYhdDwuwdBN1UGQBhe
  Recipient: 3C6Aa7WumUkMSwpTQMf7oPmviimo1MZY31BNSqo66Uzn
Transfer 1 tokens
  Sender: 477NuwYNrsw2PubCCT1xovi7S6eKMZTWMDTsmwP48hCt
  Recipient: ExHjH7nZufPmsbTZc1n9R1iWMGJPDaJTeDv3PA75iunH
Transfer 1 tokens
  Sender: 9LHgVSXm26SXbdxgfmw8n4LfsoJGzpeUs3PnNpfdcpdD
  Recipient: 86DPGpA2H9gmwXaRzdcjGK9qBZxeTi6xYQF3u886W7HP
  Recipient associated token account: HMKV7UDXnUmzuDM78ej7igUBtBFA5ZFX9gH6hQrbrQFe
  Funding recipient: HMKV7UDXnUmzuDM78ej7igUBtBFA5ZFX9gH6hQrbrQFe (0.00203928 SOL)

Signature: 4it8MabxWtsWL81R7xCbxx9essT8wbRMpBw426yhtq1Q5XapaY5qJTVgbJigxXqQzfVVCrUysYCQC7jBvASf3ycj

Transfer 1 tokens
  Sender: BX8azW7mVDLhBYLcuY4BPxP4vsruu9knMe3WdHATFFn1
  Recipient: 48z8kbnt1GK1cxD97YtMLUGj4UtKD9fYSvmWKbv5q4NC
Transfer 1 tokens
  Sender: J8SqSx8pDcHDsvMBQLvSSpX7LzN5SczGXFZXdhitqYdS
  Recipient: BVFTQzEas8kMPkcugksaTTuLnQJ8ESxtLryk4ngdyvjU
Transfer 1 tokens
  Sender: BuV9Qye6kbdFDJ9gPRLy8dmDfWxNPqY1bXJPSK4zCJ3n
  Recipient: 7QTJt2wCPPgKguZkL91hMETJ5cWF5BMudBrVYyoq3pWN
Transfer 1 tokens
  Sender: 6PFFgP2qUtt3NvjzmZzGfuvNyM7fV6QYjPKuuQQs3HKE
  Recipient: BcwzmAJunqVo7M9PHuUn3srQJX73bd9xr5fJseCDGAZm
Transfer 1 tokens
  Sender: Bq1CQrvuQrxxnC4ebQNH7WARVCBj2hBxC4woRQbLfHqv
  Recipient: CJBDLZx8KBTJiMCx2uMi23xVk3YXqYVgkEy4hc3TybDb
Transfer 1 tokens
  Sender: 8RHARD7rK8trAcQdTBBMLzYR4HN3xYZFk3ePJTnQ1Jjd
  Recipient: 4us47W1bnHCqzjzbzn5ZJwjxnc3RBZqe4Lkid7TfNQBX
Transfer 1 tokens
  Sender: 4XQzL45khUQguqWgqQpVLWsPnMZ1HfXWtYwNEQv87kTL
  Recipient: CgeQQY2g3ZKXSPBdTVa2sZ6Eet3456WfG7KmrTLRh6MF
Transfer 1 tokens
  Sender: ChSWchzNoxURe7NDbQsRkF4NxaR8sbXW9rTwqdYnnnVN
  Recipient: gbBScFicJZQoG6cmNK4T454nd7tZvebZsPZzrmgHRCz
Transfer 1 tokens
  Sender: FKH9R5vfiJyEZwfWfUiSxuo8FZozWjCHca4VMKp6yGdu
  Recipient: AQcxTKDdGoc5LZr7HyJj86tbz7Vqe2kwvPVT4SPH3i8b
Transfer 1 tokens
  Sender: D9MMYXRhFMJDm4TgadsNHjcqoLFr4TLRdZ8u6PUHYrHM
  Recipient: DK9YwKziUmuQnhr1qUaHfTzfyF6RCt3askn9HwQwjhYN
Transfer 1 tokens
  Sender: 8YxiLNDCERjqnW86nJyibTdspaZ3yCB8PXba5fr1BFTK
  Recipient: AMrDYQ13AX88WCB7puwTVu6BEbg6rfFd2FYSNP8NhX6m
Transfer 1 tokens
  Sender: AKgTVi8peZM8Sq1zEq32e2DQa9QsRYeezzM9P5YiR3fv
  Recipient: AhbavW4N7vvmGnMFfZKzCifnEKnFEJmVBgv8ngW3mDCn
Transfer 1 tokens
  Sender: E8C1XXrBKqFDmjBzcmWh9fcSUEBvFCwuWCzCJ62xVXUJ
  Recipient: AKHkfNyVwi6muUYgkaXGFnWhBx41V7UN7bCsL1ujoVfA
Transfer 1 tokens
  Sender: 5CYBncU3Nqw3H42GTWoCGWGiffNgTBjKADkXXC3U4dFc
  Recipient: E5aGCgnhBDQ9aoPZkAMxgMR1FkruzxtBFeEyM4EJwKD4
Transfer 1 tokens
  Sender: C9qm1BDyqzHFTDbAD6p5ohYzSWHhcgB4Ehp817pu4RJj
  Recipient: 8zfdGUKpemtzs2Ypb8reoN3A43o1ZkbwFCBNzpUeFeUo
Transfer 1 tokens
  Sender: 2hxcMnrGwXiFQPsQzyLHvdC77v3gY4JdAX36vEXHzDvM
  Recipient: 51oET2dy4vCmZ1JMGYR9hbsvsLng1vcLD6z2AZp1uq1j
Transfer 1 tokens
  Sender: HMCDWufc9nHrQFmR6CReTdmLN8QvZgDZmT8acSo2W74o
  Recipient: 9vTVgL5yTaRSj1QThL3jViVdwZTiwvPzqsFs4eHdjZjf
Transfer 1 tokens
  Sender: 89iArJFc45oUK3ffqQtUAHoiZErz7FNykzYMS8Ccze6d
  Recipient: DajLww9JAzbHx6VNacZZWYKQfUukB9bibGRcwwHs7e3P
Transfer 1 tokens
  Sender: CXBpYmHwwD3YFZrz8kUSP7RXFziFSimnNWcwLAMzhbfw
  Recipient: EkQAvYa4Ek97Zb3LdtLBTcNeMEwf9yZbTGzjPjQnrVJ4
Transfer 1 tokens
  Sender: D9MMYXRhFMJDm4TgadsNHjcqoLFr4TLRdZ8u6PUHYrHM
  Recipient: DK9YwKziUmuQnhr1qUaHfTzfyF6RCt3askn9HwQwjhYN
Transfer 1 tokens
  Sender: 8YxiLNDCERjqnW86nJyibTdspaZ3yCB8PXba5fr1BFTK
  Recipient: AMrDYQ13AX88WCB7puwTVu6BEbg6rfFd2FYSNP8NhX6m
Transfer 1 tokens
  Sender: AKgTVi8peZM8Sq1zEq32e2DQa9QsRYeezzM9P5YiR3fv
  Recipient: AhbavW4N7vvmGnMFfZKzCifnEKnFEJmVBgv8ngW3mDCn
Transfer 1 tokens
  Sender: E8C1XXrBKqFDmjBzcmWh9fcSUEBvFCwuWCzCJ62xVXUJ
  Recipient: AKHkfNyVwi6muUYgkaXGFnWhBx41V7UN7bCsL1ujoVfA
