8Ap1sNFR1j33CNpoLVbokNqCQ4mx4qu2xpRU4kSZHnzN
BL3chWidnWNmzqjtjSQcbZbfTxczL4YzuNhBxgcDZ45k
DpwQvzG6pj2mnEgpKH9L4uWvmGZUaEnquAUjUBAoWNx7
7yF3ZSPNYadfu425TDXR6XVGUGKFS12GRvH1Hbf5rFoK
J8vxiR8o4NvY8wcR46iuSpSAjXhBwGCgrbo5LWA3corc
5qdNAUpoHzeAgUrasBtDcSSjQHVBSp7BtNFJekSiNydc
C9u28tV9EcKf6iqCxcQvh8M4fnxtWU27vmS3gVwwVKSm
AEUto3eFWHLAmmVRq3Vo2fmHXwte525jQGG6D7pN4RRd
HSMpu91pytUdBFtKqUkeBcbzZNKCseyZP9xoV3fLJuZh
5EcLUki9LDfMnTP63BMyxizRbyjVQQgj6HhEAPQceMHn
6zbHJGNdqq7PawynSgxW6csjVHAN9nm51uLNMZqpxZts
8fqtDjTBTT4uTdvivSe76vw7b2sHkegVsbVtS3LJsG5E
3HFJjff8iUTvjLuKHjzJYzJZNvG46FgGPz8bgTKYUw5z
51oET2dy4vCmZ1JMGYR9hbsvsLng1vcLD6z2AZp1uq1j
36NvFFD7C1tK3mB4usBumjy4eb8AgVRVakEZGidbrxD4
2HybyiFMCJes6XPP2sU81KqDV7w6xuNx1d6r9sB4kwan
A4jR8ZNLjEZfMV3jWcL6y271Vty8ywQSCPSsjPoqrHUx
DWaAVXvNg9NcNUPLCwRbAhc8NVmFzSLPQCFuwkxgp9Tk
E5aGCgnhBDQ9aoPZkAMxgMR1FkruzxtBFeEyM4EJwKD4
8zfdGUKpemtzs2Ypb8reoN3A43o1ZkbwFCBNzpUeFeUo
51oET2dy4vCmZ1JMGYR9hbsvsLng1vcLD6z2AZp1uq1j
9vTVgL5yTaRSj1QThL3jViVdwZTiwvPzqsFs4eHdjZjf
DajLww9JAzbHx6VNacZZWYKQfUukB9bibGRcwwHs7e3P
EkQAvYa4Ek97Zb3LdtLBTcNeMEwf9yZbTGzjPjQnrVJ4
3HjJoQND4bDHzLELH159pNpBPoSnKRx4ZGwzxoSv3BYg
fM75Vu6338qcv7W3Lf8zX5h6zh5P9A6EaVKCBBh1KkV
FhWBBYgnhYdPaArK9uU7jmURTek6aG9bn6byou9KfVZo
BWvCdQ4Tipnj5D2reWSi4Gx2DwifFqwErvRpgMDgBAYV
HeohjHu8jiJ4gpEYnGakdfv4CxaFcCAS6iEfjLM9p1Ha
BVFTQzEas8kMPkcugksaTTuLnQJ8ESxtLryk4ngdyvjU
GRKqLdY4K4VhQC79Sa6EeNpSKchuXGKkZELPAUtg5UiU
EpuwepKibc5ceyDXsGaiJGD3hUKgHQi6xmmdM42MnBCa
E6j5MbJxpMWrWWh7NQxircbG4dB98SXdoXtpfRbnqwvB
3bSvTse4nx9Y5zTazhr4BY3RTFUjcnUrechQ2whhsBFC
FLhF47aQDAv2wmeFcEHpcGEVwhRvd8feE62x2ZvCQE62
74MCLCGZ6HKYja3Uca8UQN5C3bw6NeyNXF6xRqaWkaFz
4vGE9S4355uCVCvQ1vqt4CgKJp3w1MrThf6SQYnjrLep
7tMyU22ViPrhY14fy31bSmTsQK6rwc9q3Zbq2u5RkZis
4cKqqwoADnQVUAapaq1CrCwpBwbvCSohZPzB8aHooJjk
7vAg7NxpWJjA9eTFneNemmB1ddsUowy7bbaDECFu4AH2
6rHgCdH59NMcf9MRbwWbMyhoaMu6mNrtHM12yLo1Rc3h
5XzdXN4CDPYxztNFSV8J2Z9GUtP19ToXTkMjJhYzY7kz
6yF6NdzDRZ7ZoULP65Y5Grhefo1qpD447ZeQfMbbpEia
4cKqqwoADnQVUAapaq1CrCwpBwbvCSohZPzB8aHooJjk
g2q4tWwSoLzY2PYmYM6YB8167AFP9L5J1Mf4xJ5cJhB
4ReyBodSJygchFFm6tHfvGQdBvhrCr3UqWTCvUoNyvfZ
rMjHEPkW7J1PF6Vu1ztdvRofKNWaP3yoSAXbkNdY6ML
bae93fAqQRbzRBwLnC5ZeDt3j5uX23nD62B3pwvpgXB
8ntN7Tv2b2WdLveATgTNHEVFyTh8555u5gBpBPvFEKWg
2fesvz95r896EUAhQ4yfUGAbR6X1WDsLLe52zaQoYiaK
3DTEw4wsyEvKBh1u3v2NKtcBmLwz8iJYieuDeSbjyRQP
73tF8uN3BwVzUzwETv59WNAafuEBct2zTgYbYXLggQiU
DRjmtgkBNDaTvvvnGwY79mDyPSu8QSfRK8xc8GJw5rp8
3z1HoBSLBeWt5eTUVFx3bFdoFmzgmUmhiwCBE22Pmten
6MS5NwY2eaAQ6XNbnrpUJXQEWTNC1Co42VJmT2GA41mp
EMgKZ6eEsjKBRNnSANaC7o1EWjefbtLP33oJcE6JnswS
DuPaTyvtPNA6FMjX7pfpesDte5FSHPi6BGK7fbh7ZiBo
DdpAaorJnTmfCWcrNwwHVJcB8wcWw5i7QUBGr7ESCvWv
8djD77wbxqJCCesESU7EgPJsk4tq7KGDi5EQgXon6H49
7fcwxQgEkyqWhCJq4B9ViKCnzdAB4tZohJ8TdMLxuMzH
9nF2vqusHupTTNgw3quL4f3jorvPdJ8VBPv3Uw1xt3Mv
GNUEve3VU5vfrEvoK6ge9r9dWYyrjv8aPsb9CejNZor4
GZ7dL3aqcVwynsidEqLTUnsHf3iK5wvNFsCEJZvoVXFe
AbgicEN3npoAGUvZCJWpkLkniVxnEdcsFnTHCcmhfUKF
GEVaf9qiMshrb3qJ13QrKUNruydVujtc8nNoTGw1GEW8
FmsDj1D5zmCrLdcBkMWL9m2wUoZb1Pf3VqNKa9vNH7bw
9nF2vqusHupTTNgw3quL4f3jorvPdJ8VBPv3Uw1xt3Mv
4SXchPW4aFGGRqko4puKDJJCsyEY1Ctz3GLyqYR6VjL2
5zYWovYn9kdMX9wHovwxMFJCCzwwykBY4pp4eEhCAt6v
EyNr6gxugnKwsNhfcYKyShBnGvq9776B6rwpjJuYztZK
DCTeYphaDsdFWZ61JXusR3dwLqKWkYgCjkxZSQvPzRuK
DCg9UTePN3MTsky8t5GJDwsGWJXr7XmMXJPNW8twnf5P
97xAKp8FjyXkiYqTtYWN9ArD7KxTevzaCAo7VCcwLAsK
crpQUfqtr42Y1W5LgZjvjVnEo2nsmXhSuZ1EyomFCDj
DCaxpYXpNxUxFcaaGVfVY7dYHT2BuBPdLAssdvCqrSsd
6kgckbd91UZKk15SNxvE3ineG9BQMu7RTCPitS5rigAF
Ds71T9MhUu4DB3DPM2YigYtiTqTPD75DnevgoBfgQQUY
5W5WYdshCzoQVr5zuQrgxqJzcrQvVU8yZ5aVZicjfmFQ
3GFSEgAQb4niaJRPjKUFxKpXpyJjZWijgM8pnbk6GYzA
CKMDD7Xp4pBztCG5G2utc3kXvFqPJ17HMDPUwhLiHzhM
9puVDyQtc1dqWUxGQ4j169AZBvrr17hzF3zhp3ZkhZbw
3Q7BfxTo3h4AFnMqvFFrdtfcBJ6nCX5AUN7ihUhpPXbY
9ZqsuK1kGGQrvnFFWeQgiZGUNy25RUeZkmsGWQnziSCg
BVFTQzEas8kMPkcugksaTTuLnQJ8ESxtLryk4ngdyvjU
6v8xQJ15Qr7jxbKGadYkejKC4QQ4ngaKLiyJreb6FLiC
HCtzVd9MmEeZ49xQ7m5TEwjXboJJzyfn1X7Efjc2m1jq
Y1iUozoALJ7qc3kmJCCCdoNBHnp345TnPyBRfVHBeme
Gpe5fe5Rzrh4kTQn7g28S7f3xctjs9DzseXi33FTMYAh
7H5FHSDMF9YJFP59kr1LnXzPNJkxLWUuM7QVdUwSyv8m
3H1wvZqJgy2v5XxaMLFVtRnMeN6H1t7JrenehfQcn4qk
CakCB2mYApvhtzJWgmejHjuTAVDGbBk5zjzrDctgkxjM
A4jR8ZNLjEZfMV3jWcL6y271Vty8ywQSCPSsjPoqrHUx
7tMyU22ViPrhY14fy31bSmTsQK6rwc9q3Zbq2u5RkZis
HZEaAjDGGuVSPGqcoKqdqY6kzyQQUwvrd6whVnBmkxWY
AbgicEN3npoAGUvZCJWpkLkniVxnEdcsFnTHCcmhfUKF
7K7aU8n15u4GtLfHdcuMQMWyCykwWtGwg9Qbgytop8SU
8kX16Yj2WBCz1sPXcimafGrutQkw3s3Swe9sR3gt3cC2
HixKvMRNaapShj3v1J96jLMtZuo7wNwtGAi4c1Q5rJV3
Evt92DJQS2a7UNRJp75J6dFB2WkiZ2nPHHsLMXrDs8jr
Crn12seqWf8o731BpcYyz4wdRANVT6bhfH6WN2zLRApN
CmkTsDLdXLXzqsdZ2t4FNce3phcYccPgMtUekdMZnDRN
AouXEBqiEvLW8qV4Ri2rARVmYYDo5ehJ13XsaqKV5XL8
EGdzraLTk2pzfQtqAEVBkAD8vikmQzui5xMprFqHnG99
o2Aug6JB1RDFk7yYsf8QCjpWo2WzgwFkM115gtSJU8r
C9u28tV9EcKf6iqCxcQvh8M4fnxtWU27vmS3gVwwVKSm
2A2w4ivTkKC58upbPb6YmEsgnR2m2Hi3RQiERUF6F6g4
73tF8uN3BwVzUzwETv59WNAafuEBct2zTgYbYXLggQiU
8thnBK5nMHcn8TZQDDxPc8z64NGfW2cMLJersUUYi1eH
FdvMXoYeqtGkGHhQyztVFQMTRAP3oiQkLjVSFe17RWa
9CKGWgvpDqG48qEvEztZN1M2d6b6x8P89T3EDCeeKwAN
7S6UnUAYZUFTbiPTCqdgNUUweSqcfsX7yRbgbtUQkiZe
3GFSEgAQb4niaJRPjKUFxKpXpyJjZWijgM8pnbk6GYzA
AACwn2C9DADr2CzAukwmwjdU3rukNYYL6xgoBhMSeXzv
Bi7aYZkjNj8Ut2p1pSQQKvogAtAmFGccU59Y1SmMks7w
781GzKc6aZPcheyEhmeziGWNgJBhePtVnsRsSCvrvWTC
8gChtKNEiUGRjKzmPBiBjeYKzeukEsxY9H8SrBTdRtYH
AkdfJa5NmE1pQt3Ai7DpgDg8kryN5qTZirp6LQcpen6R
GDcdkHHAnzkZqftb5J79FWo9N2fJRe1vXUfVCWgE52dQ
FrLB8AfjaWgjqgkhDxkgLkso2jkXBAXToBgCWhfc3Aeo
BeAptaoXTcw2dmFfR9JMNs96FZ28SdCzBcfgkc2dEr7s
3H1wvZqJgy2v5XxaMLFVtRnMeN6H1t7JrenehfQcn4qk
4dKbzteBxRPnJLaVDyj4t8v6i6G4PX2ASr4iqyrcaZZF
BVFTQzEas8kMPkcugksaTTuLnQJ8ESxtLryk4ngdyvjU
9oJ1X5p7MR4kgYpG6vRK67CXXDe5AgVDuBi78aHWhCJk
74MCLCGZ6HKYja3Uca8UQN5C3bw6NeyNXF6xRqaWkaFz
2F3pCR6Ju413NwpsC1knkXUu5WEZCYCJfN21yGcWwUZU
CkMFDbNEwaNiaQKaq6uUH3hmXp8oQKcGy9cT12F3xNLn
28tLPjFZf4K4WCjiQPnveiWAapcB7xXrbySnmgWCNtST
2Kt2edjA6oMUNsC8kLPH31XJP2vqQZmMPNu2qo6BzuCa
vqk4rNkuaHbPHqCEf58R1na7QR7VFsZeYVqwxATJpRx
H4XnfU3Sr1J1sFUTcdE9jfWxvbLAomjC8UNZkNpzScDA
2eBBNzw7DeWuYfWhPVGanm7VyYogiWKjSRcAHhcDFSMd
4Dt9sfqfUckUbR5vgYiPzDoGUxbGqYp4T5iKZySnesSC
yXYzVF3WnzkUVwwmejoNZkzJiQcn87Ms9avDqFQEuoU
3C6Aa7WumUkMSwpTQMf7oPmviimo1MZY31BNSqo66Uzn
ExHjH7nZufPmsbTZc1n9R1iWMGJPDaJTeDv3PA75iunH
86DPGpA2H9gmwXaRzdcjGK9qBZxeTi6xYQF3u886W7HP
48z8kbnt1GK1cxD97YtMLUGj4UtKD9fYSvmWKbv5q4NC
BVFTQzEas8kMPkcugksaTTuLnQJ8ESxtLryk4ngdyvjU
7QTJt2wCPPgKguZkL91hMETJ5cWF5BMudBrVYyoq3pWN
BcwzmAJunqVo7M9PHuUn3srQJX73bd9xr5fJseCDGAZm
CJBDLZx8KBTJiMCx2uMi23xVk3YXqYVgkEy4hc3TybDb
4us47W1bnHCqzjzbzn5ZJwjxnc3RBZqe4Lkid7TfNQBX
CgeQQY2g3ZKXSPBdTVa2sZ6Eet3456WfG7KmrTLRh6MF
gbBScFicJZQoG6cmNK4T454nd7tZvebZsPZzrmgHRCz
AQcxTKDdGoc5LZr7HyJj86tbz7Vqe2kwvPVT4SPH3i8b
DK9YwKziUmuQnhr1qUaHfTzfyF6RCt3askn9HwQwjhYN
AMrDYQ13AX88WCB7puwTVu6BEbg6rfFd2FYSNP8NhX6m
AhbavW4N7vvmGnMFfZKzCifnEKnFEJmVBgv8ngW3mDCn
AKHkfNyVwi6muUYgkaXGFnWhBx41V7UN7bCsL1ujoVfA
