99t4Ui4gnncrFNKxnHvesMvg1uT1fAMbCifaE4qgJDE2
DhFhBKuFDLbiLYFn7XNQE6nHnuj3tsrpwouc1jyGRo9Z
7xXGT9zkgNkg4KCzxYoi4LhTYGaz7QYFsXRLLGfu59qU
8MBKEVJgLRWSUWLsbseM5tYtpPD5skALv5E9yc4WYPsG
9qqZwuBqZp77bQWNNe4figVSguooaUn1FS91PqrWDJ6T
2wAARYB4q7QhmUcCiYa1YfgfDbYsCvc3bPMyKVboaH3q
84p5UYTotsKfHTWXtDtC392mpz2ngJyLbg4hGpnMGWA4
5gV4cTpaA2CFTmLGVqJMz4faKwh41vF2Ap8rPinjCFje
9i7hq3Wp7FkNdxvRi1q5fbNFBrVuZ8scQMPPqTMULFRm
DSF2dRN3sAxnp7gX3QvVp9kNQNM3PwoPMMUDNek77Pa3
FnAzwwCzNzv85YHF7wndZqUkvCfQPYbRDV1wCbgofdjd
FJ29M1aM4FSNKcivUdjCFYJE4SHewtTvZJQ8oGAYUowX
4eVoveAU9DXaiXst5YEmMueTxG2CZ4rD3jcAAutzNPXz
6BFbiKWCsTPmbt6WN4HPUpFYtC3RqEuTLS53NoM7R2gA
4iQEibTFcqGnF3hB1M2tY8sQhJNBFk5Cw4q1CNqsvSZo
DySyEPsJ2W1NwkZxTkGbdzJ3SJEpAPQhfTM6NHLEmakV
39DjpaDgKxinJU9QjV86Gd612Am4yQdVgDdVHMXmuKuX
F5FBK4ipa3amcr44CeWtQQdMNUcbPa6rqRTgAiL5yQtH
FBt2DqSjJPnM91TQLeuXnZLhWMRushnFmqw9AZ5Er9CE
DiAB3UD7KQoqMMKVBwUtGD1KfwAPFYkfrWhduWopHGwe
5tGY1Ds4e4eLCa7g39r9V1qvf9N4zqVqG9xzGJDjeeUj
8eRyyteKmjfM6MMs6AjhKLsabtUWmyJkyyE4ha6smRoi
FykqxLGDXQzK5ueU3KhP2cu8p6ZtexF3UNbTyRmRCzss
E3SJ8JVMcix59dhrn1DytHECuaNLnYgLGvPkcBgKSsHT
dVidE8ibzZBQ9Vko1z4d6iLqQMgEJXs6Hm9dA3LAhEp
52dEoT5U8cRjmeReFtPkRHrpo6Poy6cdDB6uZn8hdtWz
3Z5TzGM3PgtT8aXzzx7PDb1uxGuZYey5tvftMNzmvEEV
ASH6roWLNvAP83AXVZ2xCVkz9NtJhKqkuxDbTum4GGLt
9ypZNmba23ozzabp5wwRkHit2CxDpJS89mDPLGE67dhV
J6fkoLeYpEDmxsZnqZ2GGXTKTTLKM9Muwh23WEmjgsRZ
2a4iLGjB1gEKTQMecTfFRooA14EnU9de8FzxTTMhTEQW
4utya8S5gu9CmNA3N2McyH5ktcXC3WFZ59BQVYEFsuSz
By9dCr5Ni5v1DsN8DJ1sSqtRhHgPFro2N6hWwGjR4LHv
4k1WgxM5K12W7DrgZkbEbf6eqUFkkXNa4T2KRrePCyXL
CD3t3p4piJtAWNyEH3Wf3Aq7gNYiW9GAsxpTRKbv9Md9
HpU4ZCrghFpAJW6xcDqSh5bVfQkav1LM3rTooQehj4YV
4zQVyeFGrAWt7xmH8qA9x5EdtazJZP4zM1VuaDNCFD7B
61RtnwUmYTBXno7hgSpLyFr5ydMzjgwtToViKc41b2LD
9APjGjAn4YryZ45Nkqwz1YhXpqPS2Le91Tmb3EFv1o3x
8zhMtN59Bcrhy2QUYtvKtiEoUwaArmYnDj5Fhe8PBSTa
EaiXDUh9Xnj1yX1GdZacXUTamrCgzEkNoMS2P4tzv3Zo
Bv9sA8eUJiUidqU1ustcsTABzzxLRtC94eJn6jDkHCXA
7ZpbhYPnRM977nwBthXs4FYaWCmk1tRYJ5UE19LUQAZG
96A9iB89REp8eKEd1KQ12GSCaYTcP1Wndx4d3dv3RSqX
94KzXj2UVVxL58TjfFoEhvVSVAvDfEPGR7T1CXUb8Lcc
3xioxJYf6UaoJZmQ49AinZBc5Em99L2ujkjjQhJAkDee
7vWHHfzcDntuhdpCtRbAFMdC1EmCJCSg3wTxLLP25AxY
8d9Ebzi7CRtgRYF4BhFK77zxEXdozXir3Gy9g7ZUiSv5
2TZP4wHjgLjkJTh176NK12Mf9vB6yEn3iS6KadjgMDnp
HJcu1D8jeDirNeQvZj6buejFCEAc7tvU9MNBCob5Xamc
EPnLbguSqQkZSSovVe7ns9pAMGuo6gWtZFvHi22Z4aRV
H2Sa3NYpQx2i6BCtHvuhx1bC446gqHMYEsZBP2Mpx2wm
Ea7NXBuYRTWDK1kDCnW3FhZ8qEUHUnWcvA5RE913r9j6
Erp6Dta4aXmm8E1y2hbFL2E8FhKKJhvGYMeemTJea5GD
AimJgayw9gLeV5aSeoovL6vaVcfXeNwaER7Yc6NqGvU2
9NKkRM3U9kSjaCmDjXZsUNpnffvWA2QdHap97rc3G2NY
o9QUti1MBSHTQDD8pLSfehUJuJ4MW6bPBmbPgrKa1m3
y6ThwaeNpV3BCq85nXVTNp3LcfSY45xhcDR7a54y3h7
9zmPTU8kW5N4eLdu3HgTN3u242ujoamj9kySPyD5mPmP
B5eNaqbs4sWdTUhkWDDaMHzFokTW95gDjKyKfbU36QEZ
JCnE4kMHPmthSYfurnRd5ZyZ6ZMeNvG5EXRS1i3BUAGg
CgtkVo4dj8waNQ8zBkxWeHzQcmAey4rGDmEpNYz1SGds
BtJk2Trp5SvpoqSPNKMdESzk129NjZqkpLHHVEEcyw8u
JAJZJ8DAooTD6eGNbDnCN8a9xjHvpwULZmWzwzCaGhy4
BRdNpKnJipkV53RAdU73aX8XpMadVnxtiLk729SVgobS
JBP2SWQvdKyGh7H9TsBDGYBXB3x7BGhiyqEMBReEC4Et
GGEgCgrbBCkFsMZJYA9ZHge6y2dCdt3Q3ggNDa3VikHt
FuyuKVzUCHxs7Eh3BEBqyvmmUYtRi6vZ6rQb3pLk2wVD
GZpr2TubDTY13BveAQDb7MgessdgFd6iMRpzVSS8y1C1
P2SVq1SrMwbeuVJwR4otvUs3yQEoGDiDVMSVQayqqX1
CyFQwhw9WDksYVzTobAMFoT5j6mxRBZqAoa33BG8mnpt
CwA8oqB9MF7CbqXr3r6Vy5JBF6MFAXWePYR9doDSn14W
2mrhRvxjubR81bgVBY54reV4UdtQ5jozevbfoFJjDSTd
3go7Uchj9ayJwR5pM6s2ynvqh78J56vzyLeDZ5efCcKi
9kPqThvAG4oypypdwrR1UzgLacQDTcyYBZUBJEo3eVat
Dk6fN7UM8SN8EPikUYNVsY4CTJkLeNJvP3BJeK7HEYfx
7jbMXJQ9iDjNnhnrRSuqgbZRnqZjH6gmAKrDuCZxjzzL
9EB4UvFKRDkdvD5RtSdBmXBihHr3ThxmnzhzkXHxAAoh
GxMjTvJZoNKB2kEoDui3MUzxwraJohQc5Chb5UT3Zse7
GY1hSFb7oHFmeYArsEfoBc82ynD3ZRHmRZE1AZARjU8X
XMokF8c82bXKSsg9enGZdLUegFkqJm6gawbEBGdv3qy
CQny5fX7p94MTkr5Gr9gAZNz9hdtR4Tj7DZcSY7mZbaE
5ZFJe1BAVMYmRP6gqcLsiF2nDFgBEAftUNp6qvdR9wd9
HfjVxALtQu1K2wKxunayBSwufL5JtfKwz4jJ2CGdrU8Q
YsxRqNadKjMZi1V1eNM1tJ2YWXzAHcemw1YzF5AV5N5
J9mor7r2Rqcch7tH77hLVpTZYvST31ujbqvGpdkf1VPT
8UfroQZ4peFhfMYGi2Mdwik8BuvGGpZZvv75cy7dU4eh
5AUp4UB54vYAmW57vsbd5fipCDssH2d8FAcCQdFFNdYT
4fA4tt77YwxHLnFzYoVMCdsb4FjAnofDAxyZHfHaLd8d
5KWYJmKFor1eTbZVZeEFzPwLwCaYG3GNwR6ZTuVsg7Qy
1jBY7FHMMP9Uk15Mp7ZCPf6E7K3xMadPfYTKohkWcs5
HQTMY5GVRsRp6Atko8ksSXgPvfD5URGJXupZhEtHcsYo
FAfadYz3EhfYxALCNR9Q6iW3PBjzFzsyHPhui7vPr7gQ
9S8K2x3mE9aJq3ErofNrXuAesHSd9YZ9z87JWVALtCKT
J6wHToBXA6NDfcYXEyFiupDUbSJFCkMNJWHt5fsnHyCU
6UjUyjN8PMzTd5EzDzHffTCgKtsqeJiwUDeyKZYMnmSq
FHEyaCg9pRNsfHHYmUrTXT54TYohAbV2TUev5d9vry3V
C6DLBBm3p2HA1CWvieuTz87u275KZjHjbh2BbNd3bwvi
FuhyzA1i5yE7kkUkArwiVncLfzMNuFzyfuiTv4LJKhje
GBKoeFa6HwRHWWKbLc73Af2LPuamvdkbNGwvBtbABysT
FMm4eLFTycm6J1edAf5EhQ73VMNbLZo676eF3M35ZEaB
BttYDsAFZESMjpUkTigqczZoV7YggPc7RojSekQUTmMs
2fnVuCF7i3VM6Kfg1nxW71rvqAhPQgqPKVtVLk422KFC
GGgm2jQTZtDoaPRyBR9Arrbtes2fsk5gNEDijCzPQL5P
EEhxEdYxvsevYEZE54qoNTjQmHYb13RjS1n9swdsFmU3
GSjJuU2FQnzRReNGtUYKVk4m3hasFCtbUTbP2yuw8eA5
5kymw4kNJEvAtUrBAkvRKkbj5gknKZL52nSB519i1kJC
EJszPa5wZzKb6i7zN2CrptFayNT28dBZ4P13B7FXcwb9
BwDDeJqcARLjrfTSGnwWzfHkrPYnWRaMw5h1x8GdEEKh
2Ck33tqF249ZHJG9cQfHGmiQgi1MfC6T6Uhq6EUvJvxW
AtCTmirRADKDzvNaAKLMSfrkHpo1VJtDF9ZVXQtWhZt7
FybKEBc2YRK5SmKqRpaR5WRn8eF8agR1vPSQ1vAyegM2
BXuKKBeos8NgqUad14NkusdvnbXv1TqkPDWhjxkZ1dWV
5YJW589bPHafvX7pdbxdhswTwSUheW67Zh13UXhKCAiq
8ywfxgw5bqontx3MGMH7G86Vzyc6seXMDebecFfTJRbH
FHRJzzfH1H2fFpdjv8u3vEqtdJS9w3g6KTQjMFBuZ4bu
DvMspq5GD1VvU39HthH9TvdSjEiritZtDNimfAVBqWws
7wfL51eQPSsjL1RA2oH5wTQCPrPwyV4Z5uxvbykGqQPV
G5z6G5ZRQq1ohYDgj8HLjP7j5BvWL14QRa8QFLw7SDJC
8m4AjCgsQ14GjRXVkmoosZk7ZyghrA6doBJRPg1AaNF
BZwRymLBm2atPRBwoCQPQCzZWX5FuGi9MxRrD6gxqTXQ
3ioG1ZVpCMGbG85zYzeD7Zwqw5Z6Ws82towfaK5AaaoX
55JHcq4pHtdg9yutBM54UnTNgtpyRJCEYiR66Dh1sag
Cea4g3SV7qHMtG2SQ5b3TQEmQDwvcGfShLvhbfXpJxhD
Et8CF1ScTeb82XFd7ZMeF5tKbJjbUC4ETLuAfoiWPQQg
3XbPWhG2UiGkYVqy3WvpqQw1AuywV3uZxZUTNtnfC9j8
At1CAcjdcUUnwgY6pvCuNL6V8EiiX5w8qmFoQNYUs5c3
9jRUKNYyENKRHgmS5jVvVESu5TqtSWmDSwRFRNGm67rz
DXzKi4qhPB9smAH2VnJfL6wMB7Afigmm6xUFK8VZgDwA
5P6HTo4fP7KHtAu24dU1A1HYEzEt1Ke8HWyqqQwmSjQW
5DXgCvgSDjhGNAL4Z63xkwDyfZMn2K8kYpLaSAfqzu2y
NjAZwqEnKrhmozvRHMM1mzUJ46nSFE4Y9VZPG7VtEgF
FjTJCRxb51hWoyVYHxTJ1FNMVjpe88R6sR4JaeyebBDr
E5Rh11UmqwRagpiehDMHfDmraVLjFtKnsqvs27gcWdH5
4MRigAj7R28cyxwzHt7Ms187WVMVLByUmqTthbgXbDL6
5fvgsw8yMCShDtqabYydcGmKef68gnpu7YNvs23KMY7i
Fg1KTcFfjjK76Ruj2kHzkLedW4kKQTTUyZFsBQCjr98X
8FZapG21rmfNAhR4m6CGWRtnWwDoLtJPagQ1PQ7mAAUa
54x3LF4imij8v7F4TNBYJWHV34wM2KWmb17mQbTbxwap
5vjbs3LH9VYnZKCpapanXdzT5G6C7cBVFCdCiV3Pe74K
fasGdsTkPJiLcsqX5RxevGezsDWvdKr7PZRXekFmAiA
9tJbvboVN2NJeqAo3Z5sQiuZvqL4aLv3DH8GoQw3wwcz
2LavKGG7KQ8DwSHKoQozLQXNJZJ2yzv9dghYQyvrw6Rw
99t4Ui4gnncrFNKxnHvesMvg1uT1fAMbCifaE4qgJDE2
DhFhBKuFDLbiLYFn7XNQE6nHnuj3tsrpwouc1jyGRo9Z
7xXGT9zkgNkg4KCzxYoi4LhTYGaz7QYFsXRLLGfu59qU
8MBKEVJgLRWSUWLsbseM5tYtpPD5skALv5E9yc4WYPsG
9qqZwuBqZp77bQWNNe4figVSguooaUn1FS91PqrWDJ6T
2wAARYB4q7QhmUcCiYa1YfgfDbYsCvc3bPMyKVboaH3q
84p5UYTotsKfHTWXtDtC392mpz2ngJyLbg4hGpnMGWA4
5gV4cTpaA2CFTmLGVqJMz4faKwh41vF2Ap8rPinjCFje
9i7hq3Wp7FkNdxvRi1q5fbNFBrVuZ8scQMPPqTMULFRm
DSF2dRN3sAxnp7gX3QvVp9kNQNM3PwoPMMUDNek77Pa3
FnAzwwCzNzv85YHF7wndZqUkvCfQPYbRDV1wCbgofdjd
FJ29M1aM4FSNKcivUdjCFYJE4SHewtTvZJQ8oGAYUowX
4eVoveAU9DXaiXst5YEmMueTxG2CZ4rD3jcAAutzNPXz
6BFbiKWCsTPmbt6WN4HPUpFYtC3RqEuTLS53NoM7R2gA
4iQEibTFcqGnF3hB1M2tY8sQhJNBFk5Cw4q1CNqsvSZo
DySyEPsJ2W1NwkZxTkGbdzJ3SJEpAPQhfTM6NHLEmakV
39DjpaDgKxinJU9QjV86Gd612Am4yQdVgDdVHMXmuKuX
F5FBK4ipa3amcr44CeWtQQdMNUcbPa6rqRTgAiL5yQtH
FBt2DqSjJPnM91TQLeuXnZLhWMRushnFmqw9AZ5Er9CE
DiAB3UD7KQoqMMKVBwUtGD1KfwAPFYkfrWhduWopHGwe
5tGY1Ds4e4eLCa7g39r9V1qvf9N4zqVqG9xzGJDjeeUj
8eRyyteKmjfM6MMs6AjhKLsabtUWmyJkyyE4ha6smRoi
FykqxLGDXQzK5ueU3KhP2cu8p6ZtexF3UNbTyRmRCzss
E3SJ8JVMcix59dhrn1DytHECuaNLnYgLGvPkcBgKSsHT
dVidE8ibzZBQ9Vko1z4d6iLqQMgEJXs6Hm9dA3LAhEp
52dEoT5U8cRjmeReFtPkRHrpo6Poy6cdDB6uZn8hdtWz
3Z5TzGM3PgtT8aXzzx7PDb1uxGuZYey5tvftMNzmvEEV
ASH6roWLNvAP83AXVZ2xCVkz9NtJhKqkuxDbTum4GGLt
9ypZNmba23ozzabp5wwRkHit2CxDpJS89mDPLGE67dhV
J6fkoLeYpEDmxsZnqZ2GGXTKTTLKM9Muwh23WEmjgsRZ
2a4iLGjB1gEKTQMecTfFRooA14EnU9de8FzxTTMhTEQW
4utya8S5gu9CmNA3N2McyH5ktcXC3WFZ59BQVYEFsuSz
By9dCr5Ni5v1DsN8DJ1sSqtRhHgPFro2N6hWwGjR4LHv
4k1WgxM5K12W7DrgZkbEbf6eqUFkkXNa4T2KRrePCyXL
CD3t3p4piJtAWNyEH3Wf3Aq7gNYiW9GAsxpTRKbv9Md9
HpU4ZCrghFpAJW6xcDqSh5bVfQkav1LM3rTooQehj4YV
4zQVyeFGrAWt7xmH8qA9x5EdtazJZP4zM1VuaDNCFD7B
61RtnwUmYTBXno7hgSpLyFr5ydMzjgwtToViKc41b2LD
9APjGjAn4YryZ45Nkqwz1YhXpqPS2Le91Tmb3EFv1o3x
8zhMtN59Bcrhy2QUYtvKtiEoUwaArmYnDj5Fhe8PBSTa
EaiXDUh9Xnj1yX1GdZacXUTamrCgzEkNoMS2P4tzv3Zo
Bv9sA8eUJiUidqU1ustcsTABzzxLRtC94eJn6jDkHCXA
7ZpbhYPnRM977nwBthXs4FYaWCmk1tRYJ5UE19LUQAZG
96A9iB89REp8eKEd1KQ12GSCaYTcP1Wndx4d3dv3RSqX
94KzXj2UVVxL58TjfFoEhvVSVAvDfEPGR7T1CXUb8Lcc
3xioxJYf6UaoJZmQ49AinZBc5Em99L2ujkjjQhJAkDee
7vWHHfzcDntuhdpCtRbAFMdC1EmCJCSg3wTxLLP25AxY
8d9Ebzi7CRtgRYF4BhFK77zxEXdozXir3Gy9g7ZUiSv5
2TZP4wHjgLjkJTh176NK12Mf9vB6yEn3iS6KadjgMDnp
HJcu1D8jeDirNeQvZj6buejFCEAc7tvU9MNBCob5Xamc
EPnLbguSqQkZSSovVe7ns9pAMGuo6gWtZFvHi22Z4aRV
H2Sa3NYpQx2i6BCtHvuhx1bC446gqHMYEsZBP2Mpx2wm
Ea7NXBuYRTWDK1kDCnW3FhZ8qEUHUnWcvA5RE913r9j6
Erp6Dta4aXmm8E1y2hbFL2E8FhKKJhvGYMeemTJea5GD
AimJgayw9gLeV5aSeoovL6vaVcfXeNwaER7Yc6NqGvU2
9NKkRM3U9kSjaCmDjXZsUNpnffvWA2QdHap97rc3G2NY
o9QUti1MBSHTQDD8pLSfehUJuJ4MW6bPBmbPgrKa1m3
y6ThwaeNpV3BCq85nXVTNp3LcfSY45xhcDR7a54y3h7
9zmPTU8kW5N4eLdu3HgTN3u242ujoamj9kySPyD5mPmP
B5eNaqbs4sWdTUhkWDDaMHzFokTW95gDjKyKfbU36QEZ
JCnE4kMHPmthSYfurnRd5ZyZ6ZMeNvG5EXRS1i3BUAGg
CgtkVo4dj8waNQ8zBkxWeHzQcmAey4rGDmEpNYz1SGds
BtJk2Trp5SvpoqSPNKMdESzk129NjZqkpLHHVEEcyw8u
JAJZJ8DAooTD6eGNbDnCN8a9xjHvpwULZmWzwzCaGhy4
BRdNpKnJipkV53RAdU73aX8XpMadVnxtiLk729SVgobS
JBP2SWQvdKyGh7H9TsBDGYBXB3x7BGhiyqEMBReEC4Et
GGEgCgrbBCkFsMZJYA9ZHge6y2dCdt3Q3ggNDa3VikHt
FuyuKVzUCHxs7Eh3BEBqyvmmUYtRi6vZ6rQb3pLk2wVD
GZpr2TubDTY13BveAQDb7MgessdgFd6iMRpzVSS8y1C1
P2SVq1SrMwbeuVJwR4otvUs3yQEoGDiDVMSVQayqqX1
CyFQwhw9WDksYVzTobAMFoT5j6mxRBZqAoa33BG8mnpt
CwA8oqB9MF7CbqXr3r6Vy5JBF6MFAXWePYR9doDSn14W
2mrhRvxjubR81bgVBY54reV4UdtQ5jozevbfoFJjDSTd
3go7Uchj9ayJwR5pM6s2ynvqh78J56vzyLeDZ5efCcKi
9kPqThvAG4oypypdwrR1UzgLacQDTcyYBZUBJEo3eVat
Dk6fN7UM8SN8EPikUYNVsY4CTJkLeNJvP3BJeK7HEYfx
7jbMXJQ9iDjNnhnrRSuqgbZRnqZjH6gmAKrDuCZxjzzL
9EB4UvFKRDkdvD5RtSdBmXBihHr3ThxmnzhzkXHxAAoh
GxMjTvJZoNKB2kEoDui3MUzxwraJohQc5Chb5UT3Zse7
GY1hSFb7oHFmeYArsEfoBc82ynD3ZRHmRZE1AZARjU8X
XMokF8c82bXKSsg9enGZdLUegFkqJm6gawbEBGdv3qy
CQny5fX7p94MTkr5Gr9gAZNz9hdtR4Tj7DZcSY7mZbaE
5ZFJe1BAVMYmRP6gqcLsiF2nDFgBEAftUNp6qvdR9wd9
HfjVxALtQu1K2wKxunayBSwufL5JtfKwz4jJ2CGdrU8Q
YsxRqNadKjMZi1V1eNM1tJ2YWXzAHcemw1YzF5AV5N5
J9mor7r2Rqcch7tH77hLVpTZYvST31ujbqvGpdkf1VPT
8UfroQZ4peFhfMYGi2Mdwik8BuvGGpZZvv75cy7dU4eh
5AUp4UB54vYAmW57vsbd5fipCDssH2d8FAcCQdFFNdYT
4fA4tt77YwxHLnFzYoVMCdsb4FjAnofDAxyZHfHaLd8d
5KWYJmKFor1eTbZVZeEFzPwLwCaYG3GNwR6ZTuVsg7Qy
1jBY7FHMMP9Uk15Mp7ZCPf6E7K3xMadPfYTKohkWcs5
HQTMY5GVRsRp6Atko8ksSXgPvfD5URGJXupZhEtHcsYo
FAfadYz3EhfYxALCNR9Q6iW3PBjzFzsyHPhui7vPr7gQ
9S8K2x3mE9aJq3ErofNrXuAesHSd9YZ9z87JWVALtCKT
J6wHToBXA6NDfcYXEyFiupDUbSJFCkMNJWHt5fsnHyCU
6UjUyjN8PMzTd5EzDzHffTCgKtsqeJiwUDeyKZYMnmSq
FHEyaCg9pRNsfHHYmUrTXT54TYohAbV2TUev5d9vry3V
C6DLBBm3p2HA1CWvieuTz87u275KZjHjbh2BbNd3bwvi
FuhyzA1i5yE7kkUkArwiVncLfzMNuFzyfuiTv4LJKhje
GBKoeFa6HwRHWWKbLc73Af2LPuamvdkbNGwvBtbABysT
FMm4eLFTycm6J1edAf5EhQ73VMNbLZo676eF3M35ZEaB
BttYDsAFZESMjpUkTigqczZoV7YggPc7RojSekQUTmMs
2fnVuCF7i3VM6Kfg1nxW71rvqAhPQgqPKVtVLk422KFC
GGgm2jQTZtDoaPRyBR9Arrbtes2fsk5gNEDijCzPQL5P
EEhxEdYxvsevYEZE54qoNTjQmHYb13RjS1n9swdsFmU3
GSjJuU2FQnzRReNGtUYKVk4m3hasFCtbUTbP2yuw8eA5
5kymw4kNJEvAtUrBAkvRKkbj5gknKZL52nSB519i1kJC
EJszPa5wZzKb6i7zN2CrptFayNT28dBZ4P13B7FXcwb9
BwDDeJqcARLjrfTSGnwWzfHkrPYnWRaMw5h1x8GdEEKh
2Ck33tqF249ZHJG9cQfHGmiQgi1MfC6T6Uhq6EUvJvxW
AtCTmirRADKDzvNaAKLMSfrkHpo1VJtDF9ZVXQtWhZt7
FybKEBc2YRK5SmKqRpaR5WRn8eF8agR1vPSQ1vAyegM2
BXuKKBeos8NgqUad14NkusdvnbXv1TqkPDWhjxkZ1dWV
5YJW589bPHafvX7pdbxdhswTwSUheW67Zh13UXhKCAiq
8ywfxgw5bqontx3MGMH7G86Vzyc6seXMDebecFfTJRbH
FHRJzzfH1H2fFpdjv8u3vEqtdJS9w3g6KTQjMFBuZ4bu
DvMspq5GD1VvU39HthH9TvdSjEiritZtDNimfAVBqWws
7wfL51eQPSsjL1RA2oH5wTQCPrPwyV4Z5uxvbykGqQPV
G5z6G5ZRQq1ohYDgj8HLjP7j5BvWL14QRa8QFLw7SDJC
8m4AjCgsQ14GjRXVkmoosZk7ZyghrA6doBJRPg1AaNF
BZwRymLBm2atPRBwoCQPQCzZWX5FuGi9MxRrD6gxqTXQ
3ioG1ZVpCMGbG85zYzeD7Zwqw5Z6Ws82towfaK5AaaoX
55JHcq4pHtdg9yutBM54UnTNgtpyRJCEYiR66Dh1sag
Cea4g3SV7qHMtG2SQ5b3TQEmQDwvcGfShLvhbfXpJxhD
Et8CF1ScTeb82XFd7ZMeF5tKbJjbUC4ETLuAfoiWPQQg
3XbPWhG2UiGkYVqy3WvpqQw1AuywV3uZxZUTNtnfC9j8
At1CAcjdcUUnwgY6pvCuNL6V8EiiX5w8qmFoQNYUs5c3
9jRUKNYyENKRHgmS5jVvVESu5TqtSWmDSwRFRNGm67rz
DXzKi4qhPB9smAH2VnJfL6wMB7Afigmm6xUFK8VZgDwA
5P6HTo4fP7KHtAu24dU1A1HYEzEt1Ke8HWyqqQwmSjQW
5DXgCvgSDjhGNAL4Z63xkwDyfZMn2K8kYpLaSAfqzu2y
NjAZwqEnKrhmozvRHMM1mzUJ46nSFE4Y9VZPG7VtEgF
FjTJCRxb51hWoyVYHxTJ1FNMVjpe88R6sR4JaeyebBDr
E5Rh11UmqwRagpiehDMHfDmraVLjFtKnsqvs27gcWdH5
4MRigAj7R28cyxwzHt7Ms187WVMVLByUmqTthbgXbDL6
5fvgsw8yMCShDtqabYydcGmKef68gnpu7YNvs23KMY7i
Fg1KTcFfjjK76Ruj2kHzkLedW4kKQTTUyZFsBQCjr98X
8FZapG21rmfNAhR4m6CGWRtnWwDoLtJPagQ1PQ7mAAUa
54x3LF4imij8v7F4TNBYJWHV34wM2KWmb17mQbTbxwap
5vjbs3LH9VYnZKCpapanXdzT5G6C7cBVFCdCiV3Pe74K
fasGdsTkPJiLcsqX5RxevGezsDWvdKr7PZRXekFmAiA
9tJbvboVN2NJeqAo3Z5sQiuZvqL4aLv3DH8GoQw3wwcz
2LavKGG7KQ8DwSHKoQozLQXNJZJ2yzv9dghYQyvrw6Rw
AktugCLf623gn4v1oYZg3ngAMAUTL28nGW2jHYXE5Dwb
6ES36vHJwHXJRi8jg56JGiLzFTerXaEmUJ9XMHQnJF1Y
EhY2G1WvA1vVeUmXVTyPneNrdP8Jb9eKhegcuV2Ychx7
7HAbVKTyEdo9JWRA3E2tAsBwTfbUnnfydqENn6ABQ542
25EwUMbbMGs3Dunz2N6Jb5fmHWyQqPyeQvKe1Yocvzjm
