Transfer 1 tokens
  Sender: 27wwQ4BfLaTZV6uktouqZdfv9cDeTQhA9qzzoQgJaJ34
  Recipient: 3QTRD2FfM2niZmZH1SxS6iJCRFY84DTq599gzengTtxQ
  Recipient associated token account: 3mEJzzucexZBMbDysjRftsYUpCdbUvAhVDsLzZsjmDj1
  Funding recipient: 3mEJzzucexZBMbDysjRftsYUpCdbUvAhVDsLzZsjmDj1 (0.00203928 SOL)

Signature: 5AwDTeiU1LgicWPyzwEvi34CguYzpdMfyaPcdzkEhJ6S6SRGxGWGEXrk2mk86jcncaaKW3gCpR3AsTzdZjM8dKnx

Transfer 1 tokens
  Sender: GUrAGTZ1Eswq4vF9bbj15Z1p3w5sHB1pzY8TARbF7Ui
  Recipient: BBcnpuGSbDbMhZHugVRhURmfdFWkieXskLyHvqcFMsbT
  Recipient associated token account: Ekq56GbwRhfpQC7TMBF4eJ6WhQr3dju2kK2xUDg3stW4
  Funding recipient: Ekq56GbwRhfpQC7TMBF4eJ6WhQr3dju2kK2xUDg3stW4 (0.00203928 SOL)

Signature: 2qWsw4PsPzokMQk2omLMEkFbbMxEHD2T36xYs3jigW57MtYyAiUpXn8HpaErHh2T3S6Buuq23L1Es4NZw68f2tjs

Transfer 1 tokens
  Sender: 4WvYBGXgH2xyqLpTcqjnbdA6WBX8uZS2bTmKjn4zrsUV
  Recipient: 5yPGvUz6JWKjkViGwTCpygJii1rP2xv5yx146ULtBiYq
  Recipient associated token account: 4dzXWa87UcZuJh4eggs888hiuCfbfJc7NRacRxbtf4Px
  Funding recipient: 4dzXWa87UcZuJh4eggs888hiuCfbfJc7NRacRxbtf4Px (0.00203928 SOL)

Signature: 3qsroUGqhuKrG8VVPND9Tnyokq1R4rCyY8R4FwBa1UkTnYFj2At2nYQdm4uGgWPM1aUGbEqdvv96u1YNVWiHCTpU

Transfer 1 tokens
  Sender: 9HXTQtWgf7QLyyybrsvXoWp3CdvKTdhD5oNQFUo4PRkh
  Recipient: BcwzmAJunqVo7M9PHuUn3srQJX73bd9xr5fJseCDGAZm
  Recipient associated token account: A1Xiym9YbqRRcV1yZyWfmfdbqoT7dE3c8nkKQ1rsYkcy
  Funding recipient: A1Xiym9YbqRRcV1yZyWfmfdbqoT7dE3c8nkKQ1rsYkcy (0.00203928 SOL)

Signature: 2rVdAgcuNHvV6aGhQ9TupqZhPAQSqSDU7CAR26XgpQjra1CbtXfgWAmRB4HENm1CwojV13ytiN5rC63yXUGqnnGX

Transfer 1 tokens
  Sender: 56AL2jyg2FeLNkfcLbjCusjoyoNn75vwd8LjEQnkKu3R
  Recipient: 3SGBevNPP7oCTrSkVbeKLecK2Z3SUiFjCBEAq8EmUHrT
  Recipient associated token account: 4p9deyxTGKbv458VFZaVErJAskRLYkwgmNC95tR2HXMf
  Funding recipient: 4p9deyxTGKbv458VFZaVErJAskRLYkwgmNC95tR2HXMf (0.00203928 SOL)

Signature: 5ndx7jeTaBaQMRbNSJX1a3vXQneZbLZWVQQo81hfi5W9TN6YLacpUtoKwV8Bghf5HyYcH8kvRN7uHKiEbt9KpFXA

Transfer 1 tokens
  Sender: 8FCoZzW5xXUdWbvzxNizAG8HMnsT6kJnNuh6buema7LR
  Recipient: DWaAVXvNg9NcNUPLCwRbAhc8NVmFzSLPQCFuwkxgp9Tk
  Recipient associated token account: Emy7WyHWHQ8Ety1qEY9zMrQgkNv8H4tybgavSSmcw4PQ
  Funding recipient: Emy7WyHWHQ8Ety1qEY9zMrQgkNv8H4tybgavSSmcw4PQ (0.00203928 SOL)

Signature: MhoSffRTwHNkeH8YmUbD2a6pppDNXzj64QUvi9dob9hpiSB8ATC5CNzH73aPsTQfYFv3RSATapFb4YaJKDbm4mV

Transfer 1 tokens
  Sender: 3FD3VXfZjiy1qXK6Dm4ECQNdJZismTbYHtbFgNQo5zzH
  Recipient: 8sXrWe21kjtb5M1rh1hfSM2FvRnnnmz7LrU6VqhRr7bD
  Recipient associated token account: 938E2oGmXA5yEsgTEQiyo16HoAWSoaNveHHQv8ut4Xu8
  Funding recipient: 938E2oGmXA5yEsgTEQiyo16HoAWSoaNveHHQv8ut4Xu8 (0.00203928 SOL)

Signature: 4gy6fhr3vMPC5h8PrJG1uDqsxUaeLr2Cr7Lgch6SKRi1WTgAiy7r2Ywhv2mXcDZ9mDN6bYJQ365CgZqi7EkxTbMP

Transfer 1 tokens
  Sender: 7xLCNEZBXvmq4tvNMYwwuywG8XTWj83JsMcKYdeVicib
  Recipient: 98Ua49smTudbsk6aJ3nXqbuoWaxzaEVLfgFF27xEYx8c
  Recipient associated token account: 4Qj2h5qXbDb5YsfC1PbeS72WWKdwCix7ABe1H825zXxS
  Funding recipient: 4Qj2h5qXbDb5YsfC1PbeS72WWKdwCix7ABe1H825zXxS (0.00203928 SOL)

Signature: 4X1D2JW5KE2zqWWUuLwU321b6CHaRfD5rgwqZGMeKR4qFwNasANrtuSzb9RynsW1Vvh22yZHdBp2aH8RVXQG5VCm

Transfer 1 tokens
  Sender: 4e8xJUVJEdB3zg6NYwZNhXVXjEKfAcgSAA3X1qXzEbjJ
  Recipient: 5EhvzizkQZW3ADDc59jyVqHdEKgb3u1AiAuCFJLwvYdj
  Recipient associated token account: 5iBoMDLKwztMdp2CFaJadCJwoqyCRWJ2Zge8iXpGPBtq
  Funding recipient: 5iBoMDLKwztMdp2CFaJadCJwoqyCRWJ2Zge8iXpGPBtq (0.00203928 SOL)

Signature: 2pPZU7eCRnSue1kSbkajpksCgY1szeWpkvjhyCoSptW4stQGte1NpyfyvPHhDENnPBYv8TxfTT7YRe5ZkNvNtLYr

Transfer 1 tokens
  Sender: E1RKV7zxsXDvUkQ4dnJgkwA7kCeC4DD7c5Wmer3jCynP
  Recipient: 3eucHmLaRJzL3d3rzYx94KvxcVhR4ESLo9R9hhb5Snbo
  Recipient associated token account: 4jJ3bKb61LwVc1rpo6i91jLoBsgZEnbcmtY9ciaR3aYC
  Funding recipient: 4jJ3bKb61LwVc1rpo6i91jLoBsgZEnbcmtY9ciaR3aYC (0.00203928 SOL)

Signature: 59YoFDgDFXUW4sZVJsyBGAciS9zTyjxsDHGxHPpwUMJSyJz9BHHazjo1yNowqNgRY9FuaEXnwZmoqWyQVEnKmaY2

