HpvJssnfUR3tEwvSmWKYrcBFKuae4hpQ5JqjtLnju6M1
3aHpBd6r7evsc4Zcd6XpYawBqLPTxaVReke9YfFQ54w3
DdDZiAosTCWnmrxgxA5Wbq1uBhYkG4rmGcV915ZsvDLv
8BStRWeqCPJPS2hERr7V4mEgdodaJZDTNXVM2Q2AYHr2
4CVLbLUcNUdoXkb7GhEJmoPgiiv7G6fistNWu4Rx6T9L
9dHu9r6wgmxnWxPhUNSUReGFRxzYNfqdYqGbZRFVTpmm
B5oCkvAuTiA25bZbLFzGNPNx5Pj6sD6XBRXvucWxdEhp
Gg1dcDi3gUqt1DhwLKgUWRRdpjgwqVAzKDXiKkCpd2H
AhPQvgGaw6HDEKcddqARpTjBHYeWCinNQ7J2qo9WgTHy
AEUto3eFWHLAmmVRq3Vo2fmHXwte525jQGG6D7pN4RRd
PNUazbVrdxgkHu9s864orN2nPAD7P6LbdMbCbgLUBki
Cm8cYtgtfyULCzisqUnMg68aqqi12PGZScouQfJRfrG3
5dNGzQh9sonyFUcTHrH6wiCczokUMSc79miMEysyVYjK
FEFpCkrg3gGRU4dFDdeqvfT3Xtvt1h8Evksmi6F7kaNf
7KbmFStnBVAUB1NRKuNFdhzXtj3mfAT4jHLXoFvFFSaS
2HybyiFMCJes6XPP2sU81KqDV7w6xuNx1d6r9sB4kwan
7RvtX4WGag5Ggy4oMtj2ni3oc9amEPmscdHLGvGQdZsh
6ve3jPaGtDofMjest2QckvY3kRynYTobADEmeoZgvaEJ
Cm8cYtgtfyULCzisqUnMg68aqqi12PGZScouQfJRfrG3
Av7JF9vV1YRiVDUqKUk1eGKrC3Ab5acn3fWs3kFwhyyG
k8APHEghNvUvRED7fvRKKiVsRxpjPrRqpovPPBzwGTB
FJ5hcKnacavLz9geNZDRyDXdUvZHJBVnn5RLLy3sRtra
6JP6yRoBPYWzhUwvDAq4yND6Aq2kUhPvn5ciLxkUiRzz
GZ7dL3aqcVwynsidEqLTUnsHf3iK5wvNFsCEJZvoVXFe
j8oLFiDm5Eiy873RNtY2Z56b1DVZrW8i67mTR1BLsLn
2cUr1V1n4QvWyT6CchmoSxjAd3HhvsonHK4X4Ai67PBx
4g6BSguzLyyu4KrRgan1wZSS3TdvyBU9n6VBiykUQo1z
8kX16Yj2WBCz1sPXcimafGrutQkw3s3Swe9sR3gt3cC2
GChoRaGhcY1EPPaqoZ57TcpmBD1ECoGPxqkPE8zg9DSX
J3vJQwvJjASPrEXEmpyoeshxRCRHVjUGesZadLqPo89k
5HUD9Y1bZp4VwXzKPKwUHBGinfEjGkpxFRZiJscjUUR3
BUT9zHC8NUvx88W6QHhJ5TYLa1L7VwXQ1JtNXCheizHW
E8pAWPsMpvuvxU6pqJqrq7yip7n6VgzpAcpdqbzcV8Nw
9KKN1iCiKGNRa8KBqEdEHqP45BxGmHRtfEfYRVn4zEUr
DnmFPnE5awaed1HimvKNBCJkvz6zi9WCaqnrvzM7d8PR
7wQQANWYPpnwQk9MgjLJ2bcmptoYpFh521QGQ1dHvhRB
2xmdxjo4XDmP2tGb2xQXUv5mRC52QkWdGYVu8S1ixyTr
FpjcR5LnWuP3eqHLaGScwZnKEMNrkik5aWUJgJruz7JU
crpQUfqtr42Y1W5LgZjvjVnEo2nsmXhSuZ1EyomFCDj
HSPnUTmBL1KzqYiX1cQHVU6DkiAWkiQ3q7KHBcEfkJUu
4jD5Ha912db3TBeGqn2pmPiWiZgjVJd7zXP88gUc7hhG
6mv93ppVKCfhwZkoMJjjQUuHQECUA6KS4SkLfteSaprP
8eeWesjTSLG6Hdy6GV8bwjrBCEnwY15LWTkyHtGtsUB3
5knexHmwAJ9MsjmhsCN7okyb9Fvz8YUyqHugZ1PWUW8v
89obRtCkiqcTkPhfrhxWzrBCdVzWiz9kgAHpPfEA6sma
AMnL53CPuiU2GeuGXE6kVj4s7zahgodv2p11tnT57jCC
5Cz7GSRKnuFDaXRHeNJpHC77aqU9BY97eXNBBCVhckLZ
31MnUxA5f5rvvejAs84Q8gakrb7SDMfP6oxFGHPXbfeQ
5NeRMVmKVGEzsKS3MqiVS9iJb54hxGVNs96eAhz3afH3
DKahFmS8QKj4hhMpcXnZkTcydFJBTJncaSjVtAhYqAj5
HsYqf2nKv1dHHBB4SD9zsDCjPysa5NeGGUKnwJJ73Pjc
9CeQYRt1eK15SUAv8AE6XPhh1ijhBF1dyPdGQGAiCfMx
CLZogmjyLPTdoTArHhqy1j1VUwR2c1GSvMGNenSkdswo
8pvjuHGYakaPWkpvMkjDGtWQW36u3z3N5dtxXacoW32c
7zfyHQYPJEcQhBywdXqSMfzpCsDZSBZjNzcp4LQ2PcwL
51oET2dy4vCmZ1JMGYR9hbsvsLng1vcLD6z2AZp1uq1j
73tF8uN3BwVzUzwETv59WNAafuEBct2zTgYbYXLggQiU
4WZB4ngHRK7taJmroiKRFTBAwhGj1HZeb8ywiVaUsHpP
69tGoogmumWeubV9rjTYXco5rK2ZPBioCY7DM1mUK6ku
ELF8eieJAgKHJypyvoWW6PiRFrEHCwZd27K5f5UmNgjZ
HztqUciz9TKPs8jV4R7HHn6kXfpYYmz9VVfLJ3vCV5v
DrzrZh9SaJJBn4qsX8UwrqhUT6rg7tj23zabRkhd8BSi
7tMyU22ViPrhY14fy31bSmTsQK6rwc9q3Zbq2u5RkZis
j8U4gLwvBQPE6ah9E1prYAe8zUYfWUx1pQeQ6Hh1bUY
9a2DjYVkrmWXsCNzaUsL78giGdt6JbK7TBSuRktZYCut
BPz1neBDtyQ1b8h9vG6Pyv43gxGcVQiHYNqFH7hfqGoU
6XbeDCCBvv7UWfRCUX6R26nidck3TW39Q2izZNYAwxC7
BnELXXs56gSYm31HjBm9z3U1iqv7B3DkFTcLDCWxtbwL
CjMyQ3kZfQu4JAzoa6nxzaVwZ6KXShdZzsp9KMU3X3eU
51oET2dy4vCmZ1JMGYR9hbsvsLng1vcLD6z2AZp1uq1j
4Jgc5M9mycHzuC7Wbsqr5dHqWW8zW1xygR1VqRjojQHi
BYX4PsSsnnuK3tQ2CrTMqPrsA43Savq3AmKBUpPQvksh
CJBDLZx8KBTJiMCx2uMi23xVk3YXqYVgkEy4hc3TybDb
HprXz1oStS1A6CgwNpbp2mjAKi39YMTBYMug8Nz13xwX
toakSWxfPivAwiPoBfjpGg8T6h7957iiDaLgUYFHUtB
F15rzk8R8DHeskM1CFsuDKQidbK3yCEE5fSyd3upevze
4cKqqwoADnQVUAapaq1CrCwpBwbvCSohZPzB8aHooJjk
crpQUfqtr42Y1W5LgZjvjVnEo2nsmXhSuZ1EyomFCDj
2ATUXJQBBPrxiUkrpo9avX3kjV2PnFBAD6AYD9jc7gVw
39YD5rZrsz8mSdtyVCfwaG2cAh5Amq4wDAgqZEtgXLRj
AbgicEN3npoAGUvZCJWpkLkniVxnEdcsFnTHCcmhfUKF
8jb8i3zXet28GVBEZWcRAy1xsJgE5dWL4A8f1c8h2jUA
BAg5SNJK6qmyzoNCDrqMHFxna7Cj4yXAPMR2AQNvYMY8
9jdLQ1QyC43uHFhZVB7cYLyH8EdKyF9dbXurbmXGUXJU
6FeDsmcDe16XRGzDeFHasDxYiTPtGJbbwLmpAqLzux1f
AEqngpdTaH3T78AnTh25McWeoXXnQ2Fbfvi5aL5MBFPx
9nF2vqusHupTTNgw3quL4f3jorvPdJ8VBPv3Uw1xt3Mv
CWiXLx6juMmaq33BPXGJ1k2DPqzfDyCQWoAsUUe83CqP
GX1Vmx4AecReyK1QxMMkWhqzgGmNs9HUVPQkaDBTDvkK
AgPhAsvcwPfT8bcAQxfyvymHdS9enkCzHDZP67ihS5YM
HNEETb52GDPHbT3aLL8fk47KPL5Mq62S8rzfKKoasrHZ
6zwp2ZDP32Y2SBCDJd5AjdvqfZaWGjPK7jTNhnSSCwB2
HKmC9VR2rRdGMcNcdGVPqAYWnnLBgmFFDur2qYUaeRXR
51oET2dy4vCmZ1JMGYR9hbsvsLng1vcLD6z2AZp1uq1j
C4HHmTB1N3KUqiJjR9ypgGWeKnP4mVSwVjHYB89CDuMc
GVwhePrLB1fJfPgw2JoWiK48qCgYEBHamEfd9dUSR8Xu
CYVikdfqKK1SmPasR93k1p6CntrmqGW4YcoSYQQ2TeVp
781GzKc6aZPcheyEhmeziGWNgJBhePtVnsRsSCvrvWTC
o2Aug6JB1RDFk7yYsf8QCjpWo2WzgwFkM115gtSJU8r
98mTCAtYbsKqgW3BiN1EbrKEiGqrrhdceS9qBmvAnWqc
