AxSxqjqnBMuwgMWRLLLNA4UNXoKLTVvTy1tQyEwo3xMo
FvRrbE21ouYqgMcuWD1azWKe2jfGQwr9MPBvfBKZAgR
D1TDAemy4CD8UQe22mAkmhXTAHRgZJBumoqFh32epqsN
BiKvLq2Bm7p8cieibNQ2vZJb8SiT1spZZwmXmKo49LpS
8bMziKBeaVKHVFc63rVXrMsKmtMyM3cGzH9DSR1Lhgs7
GrRJ74oFkVLe8aLoBtMdTk3CaEhmUttUGPFnVJKKif6C
CjsrQs925qagwtawiy3SZBy8QW3fFbUhZGNGxHdLLwRY
5wfVxM52FC3k8DVQeSeEoSNzXJwjzSxGoDYTqF3KhXMc
AT7vtmQxfNkebbF82pW2KiPobSkSbdugRpiPJeD5nFqn
BpgPFWZ9Gu6bMP5eumMzTZ2aQdeP2ytFngcSL7VbuYTU
GSaDUPjFPYbSfo5t5hfSs1ZP1mBFq9Toucoq8RJNW6fm
5qvyrBXnjits9SqFHCbaawyoT4YnB1HLxLgAU3TcamY2
CVLg8WcwCjP4J8786WwkRu2yWZAQoWhKSDQReSZBsMUU
D4cQTXi49wVz639tpy3W91js4TYTZhRLF3LCyV92fazJ
6RzbYmhuFF2SK1AHdqcqpFDx4vYo8TNmAZawPX5mC1pG
4cvW4VMPQ2sJQFxV455vbhX32LiLHcfn9csoiEYFyGV8
FMXYTKwS6vfnEesvRmrXA7w8Cq35UzWDMyVYcUWvMTm2
HojhFxJKcWPHuwAGiNbPCgAXUtBJhMeCnPfAym5TF4sX
4gUbRB8qLzpeZteYQ8PGVPJ3jKUPnaypqagMQxA9s1dr
9mPgHSTBsALyNfqvNZi397FhCPcyosrtMZXiUauyN55a
4V9QcHHEwsNsks76LUbLVdYfc8AVU3TtpeYhrU4roX2j
sGXSBncdrhkgS32qGonMw7Hwjdfq45eTtxDxwo7M1iL
BJoQN2XXmSkTZc56ie5mmNdM3ZXvgbvBpW18wRsgnJ7H
FDegYQPTYrF5xx4Tkpf7gxKP7VCPGW2p4AJ4jbiMXEDn
3Y8XUjwbUPFwwWZUxtDf78CEz5dYcBhLFJd6QA9fExg4
Haw62FLk5FYYRknGZR5i6JoGG3m4mwrE8PHcRSQ589vX
31wedaLiXna3BRScR43Ett8dLDE9UokDFgnFa6Ug8BXK
2fZtMjwj3qwTpd5nSV7hMr9p2PhJEQzXeN5Pn9MorGNb
9KWjAYspv8iheqhjLzPp7yMCDMyKxgHL4vxiyoRApeia
9Zz5fTgjRFQ4J4E2Rd35HicZu2gPeYJwZ2C8SYubKWP6
52NL8tTbyAKES7MSxCY86K8QNRKvQ24JMWCooUrmsoji
4ok1YY3pk2i9axRUXG82Rar2NKP8LxrbhcSgiaBumxNw
3WuYhp3ewjYJLV6LESiWC3caZKqVLJCbB3Gg68e7n6dn
