Transfer 1 tokens
  Sender: BGLAZY71QVnpYjrPUp1xqSkMLZMi4egvkjhN5p3TAh7b
  Recipient: CvzD2R2BMrnmaJzamdrXL6SWwPp1eiY1F3EHjVp7EkwX
  Recipient associated token account: J1mkaVRUqL5TeX6tZ5NhL5imHC1cv64raho2dbViQCn7
  Funding recipient: J1mkaVRUqL5TeX6tZ5NhL5imHC1cv64raho2dbViQCn7 (0.00203928 SOL)

Signature: LGpqpYZr2Ks2ZpUqvdhZwa43GCPW6gJcZqdahLhSBZH9XfiWyVnKpvY6Sj8n2rvJk1uM6jugMxz52DVEHucVPV8

Transfer 1 tokens
  Sender: EdqENQ6i3r66EFDAvsY11j1FWdtqSsiJ9jZvWkWgughk
  Recipient: 32jrfQ6h9XrfAjUseyBaRfFfLDUvPWYdm3BunPPkDak9
  Recipient associated token account: BE8YQoQBMUi1Cdw3AN4ABoQSkEk5UNdcCHe5k4qo5L1M
  Funding recipient: BE8YQoQBMUi1Cdw3AN4ABoQSkEk5UNdcCHe5k4qo5L1M (0.00203928 SOL)

Signature: tmKCBgDkS317bYNqYdxVpkzKkmKkqWwBeLUmzYGPWNsAzHTonmS7Rbg25wQqtPYPXn2Qz4S2dFuixk6MTd9DCU3

Transfer 1 tokens
  Sender: 3HaT4CuoKBojv5ZagYhqyeTZD7W6LDd3Le6mANCqUdv6
  Recipient: 3D4pGXUfZiQE9r4sxcjkRtU2ciJ4ivBfkcaum23y2Szn
  Recipient associated token account: EuPcnELSTeAwwd4dXHExVKuGSMP77dTpKGDwmungRs2j
  Funding recipient: EuPcnELSTeAwwd4dXHExVKuGSMP77dTpKGDwmungRs2j (0.00203928 SOL)

Signature: 4FpmuxPiNLLB69bjHfdgKYWVyGyPd5MszQtdiu3ATdq8ytN96wrbH8WJ9iX63Y7mXCTzSvFh7z2ucu9bXdVPBPRK

Transfer 1 tokens
  Sender: BhZECUKSzKAtWyYaLFSACrPfBB5ctK2JrxuEKPJAi6oL
  Recipient: 9VWFrWgiWkUT7vk5nULpYpTzQ24P29iSte7hxB2KiWNu
  Recipient associated token account: 2EKJpvmUkb3aJ4cKUWPuZ71Y9BnvcSrRhDuczNrn5uzP
  Funding recipient: 2EKJpvmUkb3aJ4cKUWPuZ71Y9BnvcSrRhDuczNrn5uzP (0.00203928 SOL)

Signature: 5ZG1vwMENik9MU7pMRdgGy6rabDP7VK8wZZvW35jqMJBX3H3cqLPtAqi74zh2DvQY8ZLb8pfhdT5N3UQ48z1zLW6

Transfer 1 tokens
  Sender: CJT5rH6v7n6pDptT3aCVKAqd52ezdVY3RjusbRyHBYNR
  Recipient: HSPERKyUXZBnupgQocLzLLavoE9mwcBeVQLtEtHyUKBz
  Recipient associated token account: GwfKzybLDE6yw5Qz5FojUcJ93Lq3UxyLgDzZTJfRUdFA
  Funding recipient: GwfKzybLDE6yw5Qz5FojUcJ93Lq3UxyLgDzZTJfRUdFA (0.00203928 SOL)

Signature: 4nwprgjSLWxWVjC5brK4tNy9mQVTVFr9wXeQmYc8Cqdy1L14tgc8sgyvfVr7JvWppG2WR8c6EVXrTxnttuFysmQE

Transfer 1 tokens
  Sender: 5oi6XpovSQUVya8jFogvfkCQVpbHrsU6VWKMEGzjuUAx
  Recipient: 51oET2dy4vCmZ1JMGYR9hbsvsLng1vcLD6z2AZp1uq1j
  Recipient associated token account: 8jRHLkX6N1krB2n945KsJ2mKE6hCgaxvc9xbpY3qR8SA
  Funding recipient: 8jRHLkX6N1krB2n945KsJ2mKE6hCgaxvc9xbpY3qR8SA (0.00203928 SOL)

Signature: 5pFdC4WY98cWf45tj7REdQRvjpPfSWkxAdAyD51sLTABx1yBqCuYrFbzJps1dsTAFnci5FJVRFF5rEu2GzorNEBW

Transfer 1 tokens
  Sender: Cd15gUrVVZy22jPH8abyFDPeyTyM9KZs9fMcqN3gqgCW
  Recipient: 3BxNutNeWzSa8UgaF6HBaY2sm3ENJZUKon4yiDQibWLW
  Recipient associated token account: 5tgrfuXE23wnJUZ4wWyPJ7d7Hn2JKBkmP8hFp2hMxMSo
  Funding recipient: 5tgrfuXE23wnJUZ4wWyPJ7d7Hn2JKBkmP8hFp2hMxMSo (0.00203928 SOL)

Signature: QodwhYUNjXZ4uoL93yFMZT2R16Ev2BDSfRXrczXb5ju1tPXeJPqXFRp1vPWnY4VCEXvwQUHYkBk3CZGS7Y7pMEk

Transfer 1 tokens
  Sender: G2NEfhNj3KbFBrGsnWZCjuRNFLpQgYhzWzSYzJQP1WMh
  Recipient: Eh6cmnsbnqKBjLhdg87aUyu1X9PDAeN5ZKVWZJRFjMAu
  Recipient associated token account: DKGyBCNEXxTUDxT8ETMrk7WPieVqv4iQiKoX1C3egxhR
  Funding recipient: DKGyBCNEXxTUDxT8ETMrk7WPieVqv4iQiKoX1C3egxhR (0.00203928 SOL)

Signature: 5zs8oK3m2V4kkQx2CP5RwGkxDRdvdopWjy5chosUZr869NBxe184pbGkQXjZCv5zKksTnHESN1FkNvnrBx1qT1hc

Transfer 1 tokens
  Sender: 5Poj8nYtfVjdVU7EUvCRAZkCiR2xj7vzQKJuh3FjejP3
  Recipient: Hhm3PhZDJ9wmhPWxgBctm5A4ogMyGumwzxbnWPTXG2N3
  Recipient associated token account: 81AhBdd16879Gh1cN4wkjH4EMmYEMb8ZAQiYj8pJUcYU
  Funding recipient: 81AhBdd16879Gh1cN4wkjH4EMmYEMb8ZAQiYj8pJUcYU (0.00203928 SOL)

Signature: 21LES6xX2uKDzW7cpiP5VSK1rTpdQHq5nE1mjkDRu42zNQ5pywV69TR8mqjPon1Q7FsHwEY7as6KMB5w5zyXMbgk

Transfer 1 tokens
  Sender: HjkGz6RYN5pD8BZY4iw8Xv8ZgrSnjcLvCeBRb9MLNmRK
  Recipient: Atp6uadUeFADQYrnWBMoBpVkMFhziBLNvQrjFsXadAMo
  Recipient associated token account: HgBDrpX2cR8eKyUrZw9bbb95jzfX9eAwK41DPdbayGSM
  Funding recipient: HgBDrpX2cR8eKyUrZw9bbb95jzfX9eAwK41DPdbayGSM (0.00203928 SOL)

Signature: 3yMgriTrfisi8Atkut5GikpbatXbfRvaetbkLtkoD8YHf6QNoRVwGYMG4z9YgPQLSLLoBNUibGaWsZiBXS4B88rY

Transfer 1 tokens
  Sender: DUjgzpJKtTpEozfgRyGtbotz3CoHZhHF27GPjMtdsMJ3
  Recipient: rMjHEPkW7J1PF6Vu1ztdvRofKNWaP3yoSAXbkNdY6ML
  Recipient associated token account: EDL7bnqkhbx6eXgLcrz5Xb5oMVY1BpPxe2hwuberQWVV
  Funding recipient: EDL7bnqkhbx6eXgLcrz5Xb5oMVY1BpPxe2hwuberQWVV (0.00203928 SOL)

Signature: SUgn4XkTmnUx31CFTdGjaYdPW9z2yhNqRQBSf4Hcgjj7PFCHVwUcDemXTso6XhQPbJXyaPs53Ucfo1FUuJMiDCJ

Transfer 1 tokens
  Sender: HvfLUVjG3WHR1Rp1LVbx8DmCJSgK28HF12Mhj7jjNmgE
  Recipient: 87kEqjQQ7S97WAzbbtkDxF5DM7JakX8GqJ3grPkmPnGG
  Recipient associated token account: 56rnBTQj4VcViEGZeKAQAKt5CTj5qxSiNxCvHbkte52Y
  Funding recipient: 56rnBTQj4VcViEGZeKAQAKt5CTj5qxSiNxCvHbkte52Y (0.00203928 SOL)

Signature: 4KnwpeesqPLyrKQEbruEU7CQ3bCuYLN2DhPwFNfQCAnZqvf5mHZ2B6GojEg6DXRhP6Rhm5mC6HTvJMKZW3VtnR53

Transfer 1 tokens
  Sender: Hg237QjVmBV5Vv5qPVGBnZzsQUBoWKyVwVy1N6DG32ER
  Recipient: 3QTRD2FfM2niZmZH1SxS6iJCRFY84DTq599gzengTtxQ
  Recipient associated token account: GXjRWejTLngb9HXTeFZaFgvLQ8Rtz2V1D7eL7RinP1oS
  Funding recipient: GXjRWejTLngb9HXTeFZaFgvLQ8Rtz2V1D7eL7RinP1oS (0.00203928 SOL)

Signature: 4ow58K5Hr2Knppp74N3GZtgaF2dNZZCBoLFvZimfG4FAYYV3QiKfrVYNhME5agKaVE7ujk8TWUFwSBd5w1j538rg

Transfer 1 tokens
  Sender: AifxW8Cn1P48NtErfaSxqiq76nixEVvrSnsvWdytBNUa
  Recipient: FxfqPzf1dUCAsfkQLpi9AnjhZzwvpF8NvXSgTBiqQyaD
  Recipient associated token account: 3weFBsRFiW2LG3cwJsoNtan1bhX8Si5NhxaYSqwESr9j
  Funding recipient: 3weFBsRFiW2LG3cwJsoNtan1bhX8Si5NhxaYSqwESr9j (0.00203928 SOL)

Signature: 2k4tNYtyrXc9nXcmsKFnS1FknrQG1Up8qi54r1nGVhYQkDkspzRVg1kT6qbDUyv3rRwJd1Xy6MChdDm5NXLVsK5f

Transfer 1 tokens
  Sender: 3UzJn2VAVJ3h7xRk3ThhMpKF4a5fr5Pe2ms4CgcteTcV
  Recipient: Cm8cYtgtfyULCzisqUnMg68aqqi12PGZScouQfJRfrG3
  Recipient associated token account: Hdh1pf7jZacdjK4rKkVR41RyVQYH9Q3tDhaPHJTFtA2N
  Funding recipient: Hdh1pf7jZacdjK4rKkVR41RyVQYH9Q3tDhaPHJTFtA2N (0.00203928 SOL)

Signature: 42ExxyGDRP9F4x6LSvgs19LxNrA4p16rttqHpoM3xyjEuuMCtytXJme4WbgnZtBcLjfPyZwH2bqsuYyfSRDKkYh

Transfer 1 tokens
  Sender: EQAQuPSCgWTpyS3cyEoRHt5iW3PA5DftBc5ihJx71oVj
  Recipient: EEUHeJFM6mUeN44v3kpepHXXBcGY8xV38TjTNxHEt76U
  Recipient associated token account: 3jrNFuo2JTE8Yar4wk5mofp2Uu9o7CDVYVvf8v6hzciD
  Funding recipient: 3jrNFuo2JTE8Yar4wk5mofp2Uu9o7CDVYVvf8v6hzciD (0.00203928 SOL)

Signature: 3vMdKrmvNQxGU86TSaihA3RMVpvzYwBVhVRu8wURQ6JpwAQrHaRG2ePYXopVD5HxFqKZE8Mo1wZ9zW6aPXjNTPfn

Transfer 1 tokens
  Sender: 9cuU98WQdU1zCy6xAmGM32Ez4fLPsogRn7oscM7Pv78f
  Recipient: EkHsWj67nEwZKZk8RQsVqn4t9vv5VgLyArLnSo4cvVCG
  Recipient associated token account: 4KTZEDrcN5LUf7FJWLGkVzCe1oxwJWaD5WR7ZsRoTg3q
  Funding recipient: 4KTZEDrcN5LUf7FJWLGkVzCe1oxwJWaD5WR7ZsRoTg3q (0.00203928 SOL)

Signature: 3areqX6kcut6BBzNJ9QPgatPmdW55fKU7MQAJutE5vtpphtcKV7KvZxMXjSVq7NaTPeHZtVHFTRCjksXSPa9A5uj

Transfer 1 tokens
  Sender: 5MDiQw7sWjUr4dFshohgPwu9yq3pYTER48mnqn5fUJbq
  Recipient: 2a9srHsXu5Hfvz391GU7biM7cKbaEK23cqMaMZdpeUk6
  Recipient associated token account: ENe6VKZ5GPRZLi9vC13fFaQo5UaAJkuCros3rESDSApu
  Funding recipient: ENe6VKZ5GPRZLi9vC13fFaQo5UaAJkuCros3rESDSApu (0.00203928 SOL)

Signature: 71KD61idjN8uMam8ugzrAtKRzSHKW8uVREBa2KGA6QvGiXCH83FpGZn4d87wPS3DVRE5FzTWBm5TAECGheukpDU

Transfer 1 tokens
  Sender: 572Kv9h3eSptzdeJdNA3VB25xMLc5Pkfkv5MYXhrnY9q
  Recipient: GGut9DeAcVyoQiMro1fMXm1fKU1uWKZ8HC19YhYvLuht
  Recipient associated token account: 2EGzkqEHpC6DrtjpHggGwj6KCDRkNpZ8zqNPKzx2Jrgd
  Funding recipient: 2EGzkqEHpC6DrtjpHggGwj6KCDRkNpZ8zqNPKzx2Jrgd (0.00203928 SOL)

Signature: 3fiLqfNh6NoR7vak3G9ciT8oJLYST12CCe5EJnsxR3E73LwTcPKRKcTebieREN2T3ryRn31SBomU58SuLUFtj6MJ

Transfer 1 tokens
  Sender: GpsL12hChN1bH3fktp1k3NRJrqD8o6e5LhFY7tjU5CeH
  Recipient: 3oMZG29qio4WG2avxmoviVK95h2kEgyFp8ZjU4LDyjsX
  Recipient associated token account: 8SsAcZyUYGJuRQh9Sskea8Rge9RPBMNNf7YWNvyp8gZG
  Funding recipient: 8SsAcZyUYGJuRQh9Sskea8Rge9RPBMNNf7YWNvyp8gZG (0.00203928 SOL)

Signature: 2DaceCkSo7qPVrKWwFadtyBM3bAGwReFTvAgL1vzNJhkQDQJLtGFiDPagy8cePpiqHMEgSst6XVzfwWUwexTx2qf

Transfer 1 tokens
  Sender: 42FK5SdubtPSuCXY5xJ4iiRsNkf1HbfbBgxkkQaG5s5s
  Recipient: 46t1nPLVBAWumcyPLePF2Wt7VoNbBdnJyLovVvpEgsap
  Recipient associated token account: 6A9vRVNjVLurpT6q81oYXx44YbKBbhS87nvvrAmP6u1s
  Funding recipient: 6A9vRVNjVLurpT6q81oYXx44YbKBbhS87nvvrAmP6u1s (0.00203928 SOL)

Signature: 44Y7qgDPobDBy191zx6hU4tdZDeP9Ypfxikdf76oydewTnjcwL6vo6bMGFzoTtqrpZPhZFRdsejbJJbekHYNGe2J

Transfer 1 tokens
  Sender: ErcGQoPdzbkv2haLYxhppNDa9eayQZLrnM6wAeiEPhVE
  Recipient: BK8PNVo1XbKkyS3f3BHPbHDNhxKtbSadVquP9v3m5cRT
  Recipient associated token account: 8cGVLuAgsiQyaYsSeHnGmY5JZ8AM3RwMLURqdBAdNQ61
  Funding recipient: 8cGVLuAgsiQyaYsSeHnGmY5JZ8AM3RwMLURqdBAdNQ61 (0.00203928 SOL)

Signature: vaQbxAhPdYvFRhAXy5nFasDDg5ugAc4VjZeTtf6APBRxo83yyDAPeNh6soxzqss7c8feunALeuDw9Z55BVLkSxa

Transfer 1 tokens
  Sender: 9UvSQ7fmUGtXrBUNN9jMT3Ruo4kUeGwN3A9XPCmVmQe4
  Recipient: 8aefKdoREit8CGcHEt2WGm1McwvCHNjRdkX6D1UJMtWv
  Recipient associated token account: HEwsBVSmSiYJkDyHh8UHtWsY8jtzLVwBjmughb1o5nuR
  Funding recipient: HEwsBVSmSiYJkDyHh8UHtWsY8jtzLVwBjmughb1o5nuR (0.00203928 SOL)

Signature: 5oG6tQvN3WA3DyAPRDp9VF7DCktckmQAyZTaZRbnw1bUysSib4qiuwRGE8VwvTXPMuJUGRhKuDd11yjPrPj7bbi9

Transfer 1 tokens
  Sender: Dh69Ld2BKyzWxBUMPCEXbbyVVBKcC7N7snEqwBFo6eaV
  Recipient: FengiWQSYF13nh4SCEb4A6tkNDYALF5zwkvh1zAYWXet
  Recipient associated token account: 6kWnXaKK4zVV6TMFRWGz8fKTb9LLaqExrVwmPvrwSYFU
  Funding recipient: 6kWnXaKK4zVV6TMFRWGz8fKTb9LLaqExrVwmPvrwSYFU (0.00203928 SOL)

Signature: 63bJEPAqzkgAsyc3WNsKPrW5YCqee4Y1uCfPvmSvu9BuFpR1AnwYszUT9dUNAWMCe6cKHYYaMGQzLXqy2pqRZN6s

Transfer 1 tokens
  Sender: E4YQ4iRvLPdEbqMYUak6rReBXSkrTwaPaaWt371tepLp
  Recipient: J4GgZY8CW8gX1qa85KcTXrdn9WKsNCpMJyJDi2NEBeNo
  Recipient associated token account: 9n9bu19ftvR2WwujknC4PKiSXPhDFXJ7LZ9mRbmqGDRm
  Funding recipient: 9n9bu19ftvR2WwujknC4PKiSXPhDFXJ7LZ9mRbmqGDRm (0.00203928 SOL)

Signature: 2i62GhzwzMb6zS9foCMKnk8YrGXjqiUp26hkd9RUvgP6heRTZzvQkdnvkGpGeaZcsWnBYrEkWqN5JTHQeQgTCkmE

Transfer 1 tokens
  Sender: 4fozHt6Cj96t1CVEC1LZU938W59V1GGgLEyPmSe5eCaD
  Recipient: CxVTTpS8CCmcmp7v7E3VCSq5sX8MbRC7AJFmaD2WAbFb
  Recipient associated token account: qSTgFduUTCwhNp3fpr3Qtm9XB7g6wbCTHmeLjy3eyea
  Funding recipient: qSTgFduUTCwhNp3fpr3Qtm9XB7g6wbCTHmeLjy3eyea (0.00203928 SOL)

Signature: 5FAbCYh1EH79s4zLWKrVax5X2wpCifpRXds5xzw1HuD6NidjEaErNieh6niiJomDtq4zBdgXP4LPLj2AN7WoxPQb

Transfer 1 tokens
  Sender: BBoobyaMtAh3sRSdAxxyYT7NQ6Bd8rUadLmpeY1jMpD7
  Recipient: 8uqTTJrymHMCoG4KLGLPgJh8rqHhMWSEX5BtyL6zdPZL
  Recipient associated token account: BZ39cMyxVpDURpYkdX6CbzXpNUDpeaQG7nvTW1Bb1Vno
  Funding recipient: BZ39cMyxVpDURpYkdX6CbzXpNUDpeaQG7nvTW1Bb1Vno (0.00203928 SOL)

Signature: 5YLsmTCQAmzqSRSkfF7Aec2FmBNoBNTKWPRunTS6Gvipy8SmbLCDcr5Cx21zCKrA2ZP5a6QDccwNFbYaypYaQ2Pa

Transfer 1 tokens
  Sender: 5YYXRgndam6LShiSLnnpj1DmcgvCucByyyZKb4UTeRBM
  Recipient: H7tS6xQ6Yv6v7orxezqmf52vu7LjqSTmUXKwX2zVHmjE
  Recipient associated token account: EF4pdP6jG4Y4WNf3vfYtXdz5crGge3ostEBUVuciNAFu
  Funding recipient: EF4pdP6jG4Y4WNf3vfYtXdz5crGge3ostEBUVuciNAFu (0.00203928 SOL)

Signature: Fgo6VCxAqxBYTf4yWXoL7Su4AVUpsWLMziwyAVNtT1xiDAFDEZeaMRoZdczMhF33yFrHH8mnEBNSXdzGVAmZD2y

Transfer 1 tokens
  Sender: DrAvXPNsHohwtDi2bzQmVPX4Ht7RoUNjaRVwDUbBn1Q8
  Recipient: HMpKX3wU8zbgZWufKQTpLyaamQzaN813ApwJ3vT8F192
  Recipient associated token account: KLBFMhgyPXNMnQTqnzFDKFBQSkZBtcDNAJLvEdzEwKR
  Funding recipient: KLBFMhgyPXNMnQTqnzFDKFBQSkZBtcDNAJLvEdzEwKR (0.00203928 SOL)

Signature: 3GwUiux1HxS2DhxoLc3AG3f5kLZkRxVrpytKHJaXssT6zJ8niVhoSFK3651FthJ5VN1oRaZkfPxiQdbQdKrJmXSH

Transfer 1 tokens
  Sender: ASS7TDiP3pTBX9ZsUWuJqudWeeR6aFShnf1xb7JTRFSH
  Recipient: DcRxWdvhW3jKiHF7ADzdiJ6z6GZe3FdNLRmdBTdVqJ6k
  Recipient associated token account: FPrrSLXv5FY3GZ5rxU4mugJQdipm8VmriZZCLNVv6xeA
  Funding recipient: FPrrSLXv5FY3GZ5rxU4mugJQdipm8VmriZZCLNVv6xeA (0.00203928 SOL)

Signature: 5jyLaiBcXHbj7vuaqukF5DPqg7eBCzMx8k7Qh98qBguhrCSScDwunnREwi5SvW14TPupA5QNNuk8ERh4csFsSFk

Transfer 1 tokens
  Sender: 57CDKFzPNWNB6K1ygvCg7ymh2UA9vG3oL4oh866ySk3s
  Recipient: AgPhAsvcwPfT8bcAQxfyvymHdS9enkCzHDZP67ihS5YM
  Recipient associated token account: 7kDyirNUqwdS5mni7PEBdqur2o6H1KkwLa7Vcwpn9N1A
  Funding recipient: 7kDyirNUqwdS5mni7PEBdqur2o6H1KkwLa7Vcwpn9N1A (0.00203928 SOL)

Signature: 4iXUQnMwsZ3XUjmmQGs7SFgwe3CMS2UMmnsK1yVH5XMxhRDS5iCTH7vqZCB99mzHfwWARQcKxsy2fr8mbjHo8LDj

Transfer 1 tokens
  Sender: 3t16ggyXTSQRuWK3NpJXwK8TRqfqCUHKSd2GgH166Xjy
  Recipient: JCKeAejKgMdSKCVdYHpyN9vN7r4hyATzyF21FJpJFNgQ
  Recipient associated token account: D17c8opmu5gJ8udmysaAfd1eEXxHV7jmDeJQm3HdKCT9
  Funding recipient: D17c8opmu5gJ8udmysaAfd1eEXxHV7jmDeJQm3HdKCT9 (0.00203928 SOL)

Signature: 5dNeRgjPtVaC2NtESgN4qCnXTVGAfGj6FnEc8TJTRkRGit4ncPmVsVtnyiFSdm4jysG7V5WQqNLv2FuYDoN6t1AN

Transfer 1 tokens
  Sender: 3giKKKionpL2ZcwXPf2Br9ZUw4qrbUdPiJd85XKtZanE
  Recipient: 6YhXPoei7KNqoBdHL4y1d3jHxxLn6PvLZ7DVXDFkvfCX
  Recipient associated token account: FdLGzkk8HSGWLz5mwhJg96bbpZFcdxqewAJiy31SqjoR
  Funding recipient: FdLGzkk8HSGWLz5mwhJg96bbpZFcdxqewAJiy31SqjoR (0.00203928 SOL)

Signature: 2jxkxXoUQ1YqAPVWSjeNc37hyR9iTpbMyABNXsoXbxXvXBvNftmmLpRZ133LY2f2eRGJER2MMRvetA43UiepNkqB

Transfer 1 tokens
  Sender: 3fDMyoTiu2RyCv4k2WM8MampEEqkfZKGBTeAgWLD1Azx
  Recipient: 8FtqS861655sZyo1jnjorkNCE9Zh6joPNVopLy5X3Wdd
  Recipient associated token account: Eh4uRcopqjyui5gMx3nUNg6Ji3cu83qf8QoAtzG9Gnvj
  Funding recipient: Eh4uRcopqjyui5gMx3nUNg6Ji3cu83qf8QoAtzG9Gnvj (0.00203928 SOL)

Signature: 4GUbeZn78HfRY5YKMQSJ9xRddtiXHj7He5emcwvFszWT6XYMJAPr3fjnDkv7xZg3NMY6F98TZth6YcZBBQ8aX6Bq

Transfer 1 tokens
  Sender: 92pWKgnExPs98DqyBkNfrKfwDx9aDosVqbAPyjp9JEMz
  Recipient: 8tCYiePween87r9v4rphcLys7Cv3DXJGKsLUQBNo7gJZ
  Recipient associated token account: 9tjvML4CFzWHT2EdZrZyr22WgEvcduWNU36ao8xCUx42
  Funding recipient: 9tjvML4CFzWHT2EdZrZyr22WgEvcduWNU36ao8xCUx42 (0.00203928 SOL)

Signature: HdBaBgrMDtezaYS7P8BQuPU8eDFy5P4hKRfN2xsBsDkhedJcAfkWRRAJiogtkHgQaPmBKXx17z94yRnwyFpntvc

Transfer 1 tokens
  Sender: BE3tN9dvrfmbWc3yyEp8AepqqGQqG35ipurRK4vpz8gm
  Recipient: ATgJVJtMM8Q9Z9GYw9kmKVgzu5pVUYxN2YuHLpi84Cmn
  Recipient associated token account: 8DPZbmxxWgyK2yBPH6Mgu2pZC9p3H89cjg1dNsSZxnHi
  Funding recipient: 8DPZbmxxWgyK2yBPH6Mgu2pZC9p3H89cjg1dNsSZxnHi (0.00203928 SOL)

Signature: 4UASvMfNtdTNq8pVNUHuj9jkSKCj1hd3DJJT5Cun3P4dzvoWBf2CbWGUihc8cZQosWuPTKFSKQMTBH26pRcs8sLM

Transfer 1 tokens
  Sender: AGJECJWu1QR8LiWU88MdZkfV7kNWGBKD2W5YDL5SNWGw
  Recipient: 6RFpNdmwJiqxkU8EkDrjVcSvpJhNt6A6gQ26TXnz2Ws6
  Recipient associated token account: Cacs9tHyMhTTBjZGX11VP8UyknN8bn12HTnqXjZu854S
  Funding recipient: Cacs9tHyMhTTBjZGX11VP8UyknN8bn12HTnqXjZu854S (0.00203928 SOL)

Signature: pBHQVSjxEuno9P2N5kqP2NrHsjUGtMBpaxhRNGvC66yT7rE2J2Rm7N1S7fDoFziZnUdL5TuEEAuNvCJ7fjuuJsi

Transfer 1 tokens
  Sender: 3YPFhPbiHJ8YtRGzUnk7sD3jAS8ZukGgyvrxASPa3AwZ
  Recipient: J93Difd8Nya2C8ii3kjnbPyZEVKPTGu1KXaxe5wRghHd
  Recipient associated token account: 6CmMVToZo7owncAMuPYEkYRQNbxEqp9cmn8ndPHgEe8Y
  Funding recipient: 6CmMVToZo7owncAMuPYEkYRQNbxEqp9cmn8ndPHgEe8Y (0.00203928 SOL)

Signature: 3DBxdS4ABvkTRZQgRfq7s8853SxeycU6rW8Hgy21iTUsgR6LzFbxKngZNHUPppECNijsUHNxPSyw1ke5tw6LVTjd

Transfer 1 tokens
  Sender: 613K8d6X6yVmDDGAW8svzeGJ5esL6sGd8cioxjSrhgRq
  Recipient: 51oET2dy4vCmZ1JMGYR9hbsvsLng1vcLD6z2AZp1uq1j
  Recipient associated token account: DrdYXp1TZDRagWUHqyNLiwY77EFLTvabLEmPwDDQFEEe
  Funding recipient: DrdYXp1TZDRagWUHqyNLiwY77EFLTvabLEmPwDDQFEEe (0.00203928 SOL)

Signature: 4QK9cptQMTpMRZFf5LEYtYqRRXnLWUfCZd3vvae5kAnGC7vJrrWG9gtHhwS3K72DiBqX2drgTTrinVH4BjxwV1nu

Transfer 1 tokens
  Sender: 87GtSRiVbXvZtpAMgFjACUr99fDEjr5zoDYnCjPd4jBN
  Recipient: 2vhNMJt9fhQs7f9YQubaS1MpCuUdx9o8zTwqxzkfcLof
  Recipient associated token account: E4HuQ5yp5mFm1HjDaRBtPFRNmhnzQpRhAGg48AfouiVc
  Funding recipient: E4HuQ5yp5mFm1HjDaRBtPFRNmhnzQpRhAGg48AfouiVc (0.00203928 SOL)

Signature: 67EGeZdMDwLfCc6BTnCMyXPpxaSE2W74Vp1z8aepf6bkJADPzLzsZjYNduXduqX6sSLL3kS11kjSm7g38a8xAZt9

Transfer 1 tokens
  Sender: Cy4au7ZcVRmQ4h7p5ZFZ2ggoCuDpbMjw2edCkpWNSHzb
  Recipient: 8kX16Yj2WBCz1sPXcimafGrutQkw3s3Swe9sR3gt3cC2
  Recipient associated token account: 3G7McKWqVmE9grvTFSxCqVZFHuvygoxxRtzCLqT5Vs7U
  Funding recipient: 3G7McKWqVmE9grvTFSxCqVZFHuvygoxxRtzCLqT5Vs7U (0.00203928 SOL)

Signature: 5k1Pa6YD5f8r9Mp86viKrnsLeEnC91HUuZ8Fu1tVUKKhCvwm5fjR7UtnM5WxFEaZyAxhwK4BcEkJDGnR44fgDdCg

Transfer 1 tokens
  Sender: 13Y2Mz3Abh3DjBp56wLosWoN9fTWdoswz4A3M5daEYZz
  Recipient: JAc7qdFbPHLjWyUD9WHHTWYWbNsFap59GVg51ZjbDgQ6
  Recipient associated token account: EukaUGtbPLa3jye9hqkgb5oKBjFsf1FzhwdPTzr8CvUV
  Funding recipient: EukaUGtbPLa3jye9hqkgb5oKBjFsf1FzhwdPTzr8CvUV (0.00203928 SOL)

Signature: 5Bius9MUB1ycbBjTqFXnEP5gw2jCyKSrz3NogBa6gg96f1z18VQUu9AGK5XFMiQNRnHEPYG8AXWKMwyNbjdZ9i9w

Transfer 1 tokens
  Sender: 7nMwyxUkhKbrPUdLwRStoJuwp6eRrigbQcZbNk3AtchY
  Recipient: 7P4Bb1pCMuYNveYhg2j445cmTRCEGp2eAAtBQUv7Jz89
  Recipient associated token account: 54KMk4dd5mGUc69okRFW8B8aSu3U3PCSLe3nZ6zqGmUq
  Funding recipient: 54KMk4dd5mGUc69okRFW8B8aSu3U3PCSLe3nZ6zqGmUq (0.00203928 SOL)

Signature: 4A7FKgZTvK63nLFxz9UCAVzGtBVJSHD9pz19zzecobfc36iE1wUZq7sagsN8fmqe7bGgd3DaVAP2qbk6kr73qmMj

Transfer 1 tokens
  Sender: 3cQs1Q3rhsKdbDmQxgXL37kBBnNQxd4tZscuiMK5M2Lx
  Recipient: 4cKqqwoADnQVUAapaq1CrCwpBwbvCSohZPzB8aHooJjk
  Recipient associated token account: DnQgK3ja7wDrHsPDs3AkR5MehNnLZ2N1kwjK4swnjCjj
  Funding recipient: DnQgK3ja7wDrHsPDs3AkR5MehNnLZ2N1kwjK4swnjCjj (0.00203928 SOL)

Signature: QuHDAExN66EGpvwCuuM4ZHobgnP1D6qApq54yjguU6yV4Mcn7HUYSdMSfpUkJ1dYWGG8a1cMEigGBchmPY8exF8

Transfer 1 tokens
  Sender: 978fPngZTW7qtBz7ayiGR1VtdMufURqrcXUhJnqaqtuC
  Recipient: CuyvFYu9hWvkQk31KokyJY3e6iXQpYMPqjk3ENre38f3
  Recipient associated token account: GKfjMAHQeJfU8FLSm6ijTeyvM9RjxWmmgjZtSW7UCgCq
  Funding recipient: GKfjMAHQeJfU8FLSm6ijTeyvM9RjxWmmgjZtSW7UCgCq (0.00203928 SOL)

Signature: ky4Q2SW2iZ8Ao43eZA71rv95bkq8k276Sy9eciQcYA5UNAHnrixhtptjxZGgQhyRF4naad15pqqUGUko81LD9zo

Transfer 1 tokens
  Sender: 42f4pYM5c8ZTY3VjEhEeeQEokYdnxEMMA8NdTjmwbRZm
  Recipient: 9ZWCXsiLeiaRCRmtnZh74Gityi3s88Nfmoo5LbKQncsK
  Recipient associated token account: 5YBGokLKs4iPQZoC7RptTwTKYZq9aibHm5WrTTzMNcnG
  Funding recipient: 5YBGokLKs4iPQZoC7RptTwTKYZq9aibHm5WrTTzMNcnG (0.00203928 SOL)

Signature: 4rpC35U3WdDH8PSxUoXU1Ppp3USBWunzWDGSMUxn2JMtY1g6Wv99zy2aDbhyPXNj6jTxeCDuYTHtZUjg47Y2uYU4

Transfer 1 tokens
  Sender: DHQqwgriCSNpAALvP5x4DWNdEJtcF7ULEU92c6STMXkw
  Recipient: HeohjHu8jiJ4gpEYnGakdfv4CxaFcCAS6iEfjLM9p1Ha
  Recipient associated token account: 6tv1X7oWwBny9kB1uJqfPhwxj8zymaHrSmf4JcQKQNSE
  Funding recipient: 6tv1X7oWwBny9kB1uJqfPhwxj8zymaHrSmf4JcQKQNSE (0.00203928 SOL)

Signature: PpFSoaCwjv8Av3nQjjbTtA2aCnus6XjZxRDhVmquS4wGbh9UbxydaV4TKmBFuCqDGncTUdq1Q3hcc6jkCHL8rjH

Transfer 1 tokens
  Sender: BZfEdijPYtHikZGiwhH1wA52MBp1dK789BscRoZfz9V9
  Recipient: 7gq3awy9HeAsSZYeeqDDtZ8CVA3H2GHogBEHYR3JrkFe
  Recipient associated token account: Gx5kELMpV15C7VZBHjb8Rkg3pxEUkKHUTnfABtuwrWkp
  Funding recipient: Gx5kELMpV15C7VZBHjb8Rkg3pxEUkKHUTnfABtuwrWkp (0.00203928 SOL)

Signature: 4QKt9fysTZHKQqeLW2HqkzCdCAz2MGpjR2JM1ejqp6qkmvaNrPmVSfCA1Aw6jLvXbthEqio9ajCUKNfe3oL2231j

Transfer 1 tokens
  Sender: ruRQNwCVeBiFbQaCtpQC5KbvtbYP2PYqoUNhqUzL3J8
  Recipient: DPXX4QHgQtdcb5ggiWjiuwGB2YyNwDjq3pBdAXXCJ9RB
  Recipient associated token account: HtMYCCJRH271jHK79d7ZVRXwwqSbZneYKCKxnEhYpJSC
  Funding recipient: HtMYCCJRH271jHK79d7ZVRXwwqSbZneYKCKxnEhYpJSC (0.00203928 SOL)

Signature: 4cNynnccf4NL224NqMMzunDPgJZD7DcnGMXXD1jgpoeTaszAD6RjqtvZ28w88QVs3pGNM6u5Lov4JxDmzFQJ146F

Transfer 1 tokens
  Sender: HBjdZ8Dp9UK78MDkSKC2FL1mrnFtVbXdodT5EtGTxihe
  Recipient: 7ZpuSrxBsMVQ8z4GPdTvzsVvaT1qEw5yhRgh8fHKdDqP
  Recipient associated token account: 3AJSfg2vi2FySGAKVWzqBeqJSBAz8UWKCKCdEFNpRcf7
  Funding recipient: 3AJSfg2vi2FySGAKVWzqBeqJSBAz8UWKCKCdEFNpRcf7 (0.00203928 SOL)

Signature: 2pxbMrGwfDdjvWmsANqJGW5kwood7VuaREBegcdSrTSksLtszNFdeKvMnV8jjnJbaSW9YhNUTfm3x2aJ6zTeb4TT

Transfer 1 tokens
  Sender: 8DrZxhEvAMruR6fKmyv2ZiYRPWsv2WF5NfNdc1q69K5G
  Recipient: J3mZu4RgKUaoVefj2dJPH5sVwvySH6aEna2fgbvSWFM2
  Recipient associated token account: F7asRkEaJA1CiZoP8yHjhUADrWzoSpDxYbrfLAHUb5p5
  Funding recipient: F7asRkEaJA1CiZoP8yHjhUADrWzoSpDxYbrfLAHUb5p5 (0.00203928 SOL)

Signature: 3W45kM15EZmxDpayCje6RgZh5jeQWcF9joQg7CGaA9DQ19tpRPGUa2Ueu4ZDrJfFJ1Z7Ei7cnb5Z51rCU52oW1eW

Transfer 1 tokens
  Sender: AcdxnP3qpaK6Vc4P8EiG3Uy73k12hWAAgwRSAMX8noLN
  Recipient: A11ZfsWQyYhLSueQnb2CcT6qbNgxeX1JDcGZBUvoQ9ck
  Recipient associated token account: GXzQKPfnkLfiBc2uoC79RiuvmECmYJpKE63GZejtQvbQ
  Funding recipient: GXzQKPfnkLfiBc2uoC79RiuvmECmYJpKE63GZejtQvbQ (0.00203928 SOL)

Signature: 4fDUaXwHPHLBezz5SubZcshLicpvskzn6kWBiU2W1e2WhPcsLRzXuWCYvdfPS374mFSGimzUHfwmEZWtKuGBvwhH

Transfer 1 tokens
  Sender: H5oRsdBPdgjRz7Go7bPR8JsHXG6H6gh9Bk4n48cqhTF5
  Recipient: 9cQepRHEXLZC2F2ncuK9HY6b228dQ7HNCuxZatWZXsNe
  Recipient associated token account: DovT2Vk1HGCJo2fAHfNDvLBYKrftWk26pbQe5d7q7Poq
  Funding recipient: DovT2Vk1HGCJo2fAHfNDvLBYKrftWk26pbQe5d7q7Poq (0.00203928 SOL)

Signature: 4yLnE7oUiZ5J4ZsEH6mruNrq9hunDGnf7iTYqzotmyi4kchgnBr8ok1Nsrcab36LnN8ysa1wF3e68jYwa239yLr6

Transfer 1 tokens
  Sender: 6HC8W1gaiP5hKRgzaJBhsYS6crT3Nnsh7itNfnWfqu4y
  Recipient: F1uo5tS4JzGLKDQBhz1DdoyQf4oRjYcynHiCa31dRCrD
  Recipient associated token account: ARUX7g1ZYDrurp5Wyk1xm8tv1Ho6oQZz6XuZhuCMaF8E
  Funding recipient: ARUX7g1ZYDrurp5Wyk1xm8tv1Ho6oQZz6XuZhuCMaF8E (0.00203928 SOL)

Signature: 2xg37WXxzWLaMCg4UjfsDuJy1RXfNB6uDnEgG1bVY94z6DQnbMj6fm9WsjuMhVjtcVJdqgnqm4npiVrnsPE75roP

Transfer 1 tokens
  Sender: HAari58KndtskMvUDZrEHjhQfyNdZHyEaPgdAqzVHk2L
  Recipient: 4ja2N12Zczh9K25zGFTfao6yPdTZSfA5Bw4QueSmQCYJ
  Recipient associated token account: 6ibykShJ1Y7FTh2s6YqE5HCb86uV1hts5c4kE52r6GN7
  Funding recipient: 6ibykShJ1Y7FTh2s6YqE5HCb86uV1hts5c4kE52r6GN7 (0.00203928 SOL)

Signature: 4zoNnef66ZLRMWESuabdtKVVx8YJ7BHoVwqtopx1eRAmB1zze8pGPyAGAyggcSKyXj9ceCN8A73TUyN67qoGFtTJ

Transfer 1 tokens
  Sender: GBPBTRf5nkjoGhW42D7yMdWNWkip8yhst91pDU3rsXeD
  Recipient: 5ssu1FQCAxLQZUbSnFXAuPn2eDaZBTWkc5QBChh2yxAa
  Recipient associated token account: CBcosYGMjxgvbhin8Y8iAxUHnasx1PVUrR7ZTmWW1UsM
  Funding recipient: CBcosYGMjxgvbhin8Y8iAxUHnasx1PVUrR7ZTmWW1UsM (0.00203928 SOL)

Signature: 3TW3TRDpbL2SEqF3iK9cS9nDhJcLrCAvawVF5ZmgmAZkd9sLBQworU2zbcHtabAu2yFkAS3gxq14LHdanKMaW4xE

Transfer 1 tokens
  Sender: EDB7FoqxGjiFGYL7SRGuHLZBHGyxrgPDRUhK9aZos63U
  Recipient: HxGr2AZnLhyDxfL6vGCgsVpgHzXtgtWjZyNmPFvQNsBH
  Recipient associated token account: 7QTZWXAjfPHzCx7r3hvdn52x1rKNFsxscgwVjqyi14DY
  Funding recipient: 7QTZWXAjfPHzCx7r3hvdn52x1rKNFsxscgwVjqyi14DY (0.00203928 SOL)

Signature: 4iRrsgNJYpg4J9ggQH7VD1xH4E7Euha9he2ULUQPc1NHkZYTQ9uG7JEEZumVWrsogn6wzS56urCqHYG998z2GWPv

Transfer 1 tokens
  Sender: Ce2HJJUmK78ePY2C3wguoFztCyYTdd8zTFSpVD1gpGUU
  Recipient: 71qKd4xeTTWqrHMMupugtQmsoRskw7xKfGRxEEg4Qeaq
  Recipient associated token account: 8Y3TKr9FREW9xtxxkzQQvoCj5gqpD34tnmfFz9Zgm7PE
  Funding recipient: 8Y3TKr9FREW9xtxxkzQQvoCj5gqpD34tnmfFz9Zgm7PE (0.00203928 SOL)

Signature: 2GCbLwCve3Kfh5PdXwXjnLuH1o53N3KvCgBGNvVHGfz32rf5bjqJ8XwcgJvNjMrRWvLArtkiE7dfo8uPXY2cxCV2

Transfer 1 tokens
  Sender: 8nRDbinKyujoG9kc3BEKW7G58xXCJ54Lru7cVwYZSxnq
  Recipient: 2PGKikVMDX4GxRK6raFpi3u7hPUFDcxxHP14DdiNyXCQ
  Recipient associated token account: 8miZYZbEUBh8yrH142GSqtdRCRN5znc3DcEEX1g5DG1H
  Funding recipient: 8miZYZbEUBh8yrH142GSqtdRCRN5znc3DcEEX1g5DG1H (0.00203928 SOL)

Signature: 5yrKiuu8SxwGfQULJyfJ2EhA3NhSDXgkjMRVeNXJeJSvKUPb6yCwnZJbFrK4U1WKnSEyPT5U25SMxEUTp31k4GyS

Transfer 1 tokens
  Sender: Cfb29LB57op73WWsPpdYFkTcKRfQZDxJ4d47nQ2Gb9mN
  Recipient: 92ePjsnZHCoeeGRCLL6NdeQ6xbyQ12yQ9Mu3skxgHrat
  Recipient associated token account: 8aDoYZGVmFfaXPHrMEcsVp5jdH4V6Fc2fwSqUz8eTYFY
  Funding recipient: 8aDoYZGVmFfaXPHrMEcsVp5jdH4V6Fc2fwSqUz8eTYFY (0.00203928 SOL)

Signature: 2sNHmr9eJu96L6CFGzwLt12JnKHiUc2s4A6iRR4tXsqfaj4fnoBVU4ydCVgzsrvjRViH9WYW9mBBpmifTokrwpVt

Transfer 1 tokens
  Sender: GHc2ySYiNscFpBdUFamwLvk5aM7BAcjpLtaZexAnKyeu
  Recipient: GP5wZ1hEfpD9TxhZzPGQVWSS6VVBaGY7J6dt8KeQuPxv
  Recipient associated token account: 5F2Eev57criq8Ke8ZTMumCHRAMdLNe6FkyFfo2kaRwZo
  Funding recipient: 5F2Eev57criq8Ke8ZTMumCHRAMdLNe6FkyFfo2kaRwZo (0.00203928 SOL)

Signature: 5mRjYwkGVXQXWdcGTPmnBNrnkfBnurQPGt5zuNwPyKeT7UCQhzPpcoLR6zPuvNDBFytaiBSA8Abze4KPSvcYcw2m

Transfer 1 tokens
  Sender: 3th8xAPXCJiZfeMXbfatJuC5emYgB1SiTbcqfd2e89dC
  Recipient: 8fqtDjTBTT4uTdvivSe76vw7b2sHkegVsbVtS3LJsG5E
  Recipient associated token account: E1hEkbBKESV5wPSQ6XKvCuYi5xLznsgg3dyVXpSG4xd1
  Funding recipient: E1hEkbBKESV5wPSQ6XKvCuYi5xLznsgg3dyVXpSG4xd1 (0.00203928 SOL)

Signature: 2JFKXgzBy3jJHvc8WMYeBEtmv8zUgCZcDWWWvYhhsMwzyaPoSTbpir26fFoWXBnnZqvuyVaMKraAZYwCXhi7FrNv

Transfer 1 tokens
  Sender: 2UoEnZxpHpsSTUn3rQ1WAjacNvw2km9EoF8EJsimTubF
  Recipient: 4GSGks3QkdGe43mwTdfKHsPydWMwUtukmPuYDYvsmrmZ
  Recipient associated token account: DxPWcXvqo89iTGRK6VNftcRzkxhkZRG7E6vTB2C3e1gF
  Funding recipient: DxPWcXvqo89iTGRK6VNftcRzkxhkZRG7E6vTB2C3e1gF (0.00203928 SOL)

Signature: 4pNhQchsWy63Q6x9FFo9QGZrpMXpSsmdBVqpB8kaKtynz8TBPFRT5kUHZMHSBZeXr464QUc8PGUNEvikiEzXnkfM

Transfer 1 tokens
  Sender: FBinFCrwjd5pu9h6msT3hogH4zrPVrTGUjmbwH7pkexk
  Recipient: MvogSQTXToXV7MS8hDbvfWGoELDtR5Z75SGMUNiUddN
  Recipient associated token account: E4JKwsNrrBfQgJmMoyYR9t8kvCyz4AkqkrY4P3Euhtj4
  Funding recipient: E4JKwsNrrBfQgJmMoyYR9t8kvCyz4AkqkrY4P3Euhtj4 (0.00203928 SOL)

Signature: 5yUia2WwwjpE3UKWh5L6H1CNa82duDpfrNvqZym5VNufKbu3kq6tcTsU5dwiNJP6qyqDzgCsFPrRSD5CdzwJKLa4

Transfer 1 tokens
  Sender: JBQyJv2aQJR5Am1ToCE26T4ZyMduNaoZrBMyJAKGqg2c
  Recipient: HuQ123HYTBcHHiwpiPh8qf2aVz7a2iusS6DHckZgCJGV
  Recipient associated token account: e6jPLndwqmyWVeNuL8ky32SD4eDQR3Jmddf5dX9ZFkp
  Funding recipient: e6jPLndwqmyWVeNuL8ky32SD4eDQR3Jmddf5dX9ZFkp (0.00203928 SOL)

Signature: 43hDCC6N4yJ6xzMb4KT3sDh1ef3xQvuYRKd9UXJqr6HFLBUJjRqKepsTo13yFbd6iFbjX628zn6ZGT5NW5RBvtZr

Transfer 1 tokens
  Sender: 7YubsJrAn5bisghN3CGnF69qDwDreKc4EwbegEj77j72
  Recipient: 3uGFhK7Be85E3Yv8A4QEbCKdqijeuzgJ6Fqo1ZY8tDTL
  Recipient associated token account: EGS99js3ciQYSBGkVzMrFondvkMwVqtQKSGzBa6Jhp5X
  Funding recipient: EGS99js3ciQYSBGkVzMrFondvkMwVqtQKSGzBa6Jhp5X (0.00203928 SOL)

Signature: kU8Y4esgJFw13ZvtJJMEZ1E6f1jFGp5vENHKLaQicBozM11hJRkJ7BgXpGKt6fRG2Y1MyncMhcXMzEMBZuCuqEB

