CvzD2R2BMrnmaJzamdrXL6SWwPp1eiY1F3EHjVp7EkwX
32jrfQ6h9XrfAjUseyBaRfFfLDUvPWYdm3BunPPkDak9
3D4pGXUfZiQE9r4sxcjkRtU2ciJ4ivBfkcaum23y2Szn
9VWFrWgiWkUT7vk5nULpYpTzQ24P29iSte7hxB2KiWNu
HSPERKyUXZBnupgQocLzLLavoE9mwcBeVQLtEtHyUKBz
51oET2dy4vCmZ1JMGYR9hbsvsLng1vcLD6z2AZp1uq1j
3BxNutNeWzSa8UgaF6HBaY2sm3ENJZUKon4yiDQibWLW
Eh6cmnsbnqKBjLhdg87aUyu1X9PDAeN5ZKVWZJRFjMAu
Hhm3PhZDJ9wmhPWxgBctm5A4ogMyGumwzxbnWPTXG2N3
Atp6uadUeFADQYrnWBMoBpVkMFhziBLNvQrjFsXadAMo
rMjHEPkW7J1PF6Vu1ztdvRofKNWaP3yoSAXbkNdY6ML
87kEqjQQ7S97WAzbbtkDxF5DM7JakX8GqJ3grPkmPnGG
3QTRD2FfM2niZmZH1SxS6iJCRFY84DTq599gzengTtxQ
FxfqPzf1dUCAsfkQLpi9AnjhZzwvpF8NvXSgTBiqQyaD
Cm8cYtgtfyULCzisqUnMg68aqqi12PGZScouQfJRfrG3
EEUHeJFM6mUeN44v3kpepHXXBcGY8xV38TjTNxHEt76U
EkHsWj67nEwZKZk8RQsVqn4t9vv5VgLyArLnSo4cvVCG
2a9srHsXu5Hfvz391GU7biM7cKbaEK23cqMaMZdpeUk6
GGut9DeAcVyoQiMro1fMXm1fKU1uWKZ8HC19YhYvLuht
3oMZG29qio4WG2avxmoviVK95h2kEgyFp8ZjU4LDyjsX
46t1nPLVBAWumcyPLePF2Wt7VoNbBdnJyLovVvpEgsap
BK8PNVo1XbKkyS3f3BHPbHDNhxKtbSadVquP9v3m5cRT
8aefKdoREit8CGcHEt2WGm1McwvCHNjRdkX6D1UJMtWv
FengiWQSYF13nh4SCEb4A6tkNDYALF5zwkvh1zAYWXet
J4GgZY8CW8gX1qa85KcTXrdn9WKsNCpMJyJDi2NEBeNo
CxVTTpS8CCmcmp7v7E3VCSq5sX8MbRC7AJFmaD2WAbFb
8uqTTJrymHMCoG4KLGLPgJh8rqHhMWSEX5BtyL6zdPZL
H7tS6xQ6Yv6v7orxezqmf52vu7LjqSTmUXKwX2zVHmjE
HMpKX3wU8zbgZWufKQTpLyaamQzaN813ApwJ3vT8F192
DcRxWdvhW3jKiHF7ADzdiJ6z6GZe3FdNLRmdBTdVqJ6k
AgPhAsvcwPfT8bcAQxfyvymHdS9enkCzHDZP67ihS5YM
JCKeAejKgMdSKCVdYHpyN9vN7r4hyATzyF21FJpJFNgQ
6YhXPoei7KNqoBdHL4y1d3jHxxLn6PvLZ7DVXDFkvfCX
8FtqS861655sZyo1jnjorkNCE9Zh6joPNVopLy5X3Wdd
8tCYiePween87r9v4rphcLys7Cv3DXJGKsLUQBNo7gJZ
ATgJVJtMM8Q9Z9GYw9kmKVgzu5pVUYxN2YuHLpi84Cmn
6RFpNdmwJiqxkU8EkDrjVcSvpJhNt6A6gQ26TXnz2Ws6
J93Difd8Nya2C8ii3kjnbPyZEVKPTGu1KXaxe5wRghHd
51oET2dy4vCmZ1JMGYR9hbsvsLng1vcLD6z2AZp1uq1j
2vhNMJt9fhQs7f9YQubaS1MpCuUdx9o8zTwqxzkfcLof
8kX16Yj2WBCz1sPXcimafGrutQkw3s3Swe9sR3gt3cC2
JAc7qdFbPHLjWyUD9WHHTWYWbNsFap59GVg51ZjbDgQ6
7P4Bb1pCMuYNveYhg2j445cmTRCEGp2eAAtBQUv7Jz89
4cKqqwoADnQVUAapaq1CrCwpBwbvCSohZPzB8aHooJjk
CuyvFYu9hWvkQk31KokyJY3e6iXQpYMPqjk3ENre38f3
9ZWCXsiLeiaRCRmtnZh74Gityi3s88Nfmoo5LbKQncsK
HeohjHu8jiJ4gpEYnGakdfv4CxaFcCAS6iEfjLM9p1Ha
7gq3awy9HeAsSZYeeqDDtZ8CVA3H2GHogBEHYR3JrkFe
DPXX4QHgQtdcb5ggiWjiuwGB2YyNwDjq3pBdAXXCJ9RB
7ZpuSrxBsMVQ8z4GPdTvzsVvaT1qEw5yhRgh8fHKdDqP
J3mZu4RgKUaoVefj2dJPH5sVwvySH6aEna2fgbvSWFM2
A11ZfsWQyYhLSueQnb2CcT6qbNgxeX1JDcGZBUvoQ9ck
9cQepRHEXLZC2F2ncuK9HY6b228dQ7HNCuxZatWZXsNe
F1uo5tS4JzGLKDQBhz1DdoyQf4oRjYcynHiCa31dRCrD
4ja2N12Zczh9K25zGFTfao6yPdTZSfA5Bw4QueSmQCYJ
5ssu1FQCAxLQZUbSnFXAuPn2eDaZBTWkc5QBChh2yxAa
HxGr2AZnLhyDxfL6vGCgsVpgHzXtgtWjZyNmPFvQNsBH
71qKd4xeTTWqrHMMupugtQmsoRskw7xKfGRxEEg4Qeaq
2PGKikVMDX4GxRK6raFpi3u7hPUFDcxxHP14DdiNyXCQ
92ePjsnZHCoeeGRCLL6NdeQ6xbyQ12yQ9Mu3skxgHrat
GP5wZ1hEfpD9TxhZzPGQVWSS6VVBaGY7J6dt8KeQuPxv
8fqtDjTBTT4uTdvivSe76vw7b2sHkegVsbVtS3LJsG5E
4GSGks3QkdGe43mwTdfKHsPydWMwUtukmPuYDYvsmrmZ
MvogSQTXToXV7MS8hDbvfWGoELDtR5Z75SGMUNiUddN
HuQ123HYTBcHHiwpiPh8qf2aVz7a2iusS6DHckZgCJGV
3uGFhK7Be85E3Yv8A4QEbCKdqijeuzgJ6Fqo1ZY8tDTL
