Transfer 1 tokens
  Sender: 6ELUVM2CoKhnAKC1zCqnwU3vWrmSUgccQwhq63SJ61Vn
  Recipient: 51oET2dy4vCmZ1JMGYR9hbsvsLng1vcLD6z2AZp1uq1j
  Recipient associated token account: 5XTXuLVUnowz27fvypFj9CMmLmEpecH6FtkPGDttUBYJ
  Funding recipient: 5XTXuLVUnowz27fvypFj9CMmLmEpecH6FtkPGDttUBYJ (0.00203928 SOL)

Signature: 4z8XH2ZrLwshxW5wA39zk6p6Z3Ap8quLsKQpmuRTUiN5V81cinpVPka5wRjdz7r1v7MbrdoKHhfzLd48ovhXs258

Transfer 1 tokens
  Sender: 22TtPmMRmgv5ghnThxZyG813rDCHLAh7Garo8wR4khnT
  Recipient: 9K4XUuN1rm5ErTzCH5kUg6L3KjC6SvMKMmtspar5HQGi
  Recipient associated token account: 3hai3jRXA6kKwYdouE93SnftPji4rrMP3HKbFHBec9ZZ
  Funding recipient: 3hai3jRXA6kKwYdouE93SnftPji4rrMP3HKbFHBec9ZZ (0.00203928 SOL)

Signature: 23BsFDYct5reNv4zKQeCQQDLAv8v5QK4kB2ka4NRXZBscckhYgPGsMNhKET697o2HYXwfR13inEcPqAJLM1VAsnb

Transfer 1 tokens
  Sender: HVMHcCJTzj87tiXLqPf68q2c1wyWTvPGs25Z5RYDjSsN
  Recipient: 3Kx42dgP4mnr8Lnw58rdccNfMXCP3au91WTCJt2GX3VX
  Recipient associated token account: 2w6cX7YQy2irtutLjEuMGc3y9KypZKVG7zPqjjJQJJqX
  Funding recipient: 2w6cX7YQy2irtutLjEuMGc3y9KypZKVG7zPqjjJQJJqX (0.00203928 SOL)

Signature: 5Lkv6y2vYrb6uQMS1LYGSvW6R5UYNfxMJprVeuQXSSkh6PMm3dQDsr93mSB6FZVHpLA74zHtdqzgu9RcpwnBQL9w

Transfer 1 tokens
  Sender: 9uApRq5ntrxAEKVNSwu53nd9aR7NZiXhq75qd66Uav2L
  Recipient: BtB9qnim5zvvcAQCMnVeWWZiSX9a5tLPo5hKLi9ta4UU
  Recipient associated token account: Ga3JUgb4z5Ww8jcnhCgXcQNdVQp51jjXRq5wnxvDTEpS
  Funding recipient: Ga3JUgb4z5Ww8jcnhCgXcQNdVQp51jjXRq5wnxvDTEpS (0.00203928 SOL)

Signature: 5LY2RyT7AiCY9XfL1nBXJoWzZcqhqoAVZ2ZnakutZKxfo87a4PQidqnsbVQqd3Xfa2S7vtRcdtGWppUtvM3Y3dTK

Transfer 1 tokens
  Sender: CUsA3EMy4BVgyF8tSxUmK3bQ5df68DNGPtL5yESgzLZ3
  Recipient: 9cQepRHEXLZC2F2ncuK9HY6b228dQ7HNCuxZatWZXsNe
  Recipient associated token account: FDXHPyQQqoGoNA2h5axRiKqb1yFv3VKTjDYg4uBwqzu
  Funding recipient: FDXHPyQQqoGoNA2h5axRiKqb1yFv3VKTjDYg4uBwqzu (0.00203928 SOL)

Signature: 3K7NTHQ8gdksmJzhQqXtvLd4N7NKF4VqUUeTgdizT86r3Vc4q3YyJJTyVYty6yChSizM5rtwWzSRfEtK61vRZDdQ

Transfer 1 tokens
  Sender: BBNz3q9yU22qq13ibRZcM5QtbpN3HpKDqwTYJyadcACE
  Recipient: FJ5hcKnacavLz9geNZDRyDXdUvZHJBVnn5RLLy3sRtra
  Recipient associated token account: JAcrg1NrFzcqerQ6HzRpLTnAzJeWdhYMhQRhrVEYshrA
  Funding recipient: JAcrg1NrFzcqerQ6HzRpLTnAzJeWdhYMhQRhrVEYshrA (0.00203928 SOL)

Signature: 5sBeYcEgRYcvus6u9egRDpF41gDGoRL5rG3GsfR2n3espAYDy83kN8ECZ2BsBFeijGEu1Y4HTWa6P9PaGCDefkm2

Transfer 1 tokens
  Sender: FEiQEqHPLitjkKxwPrzsneBCGsvYi7o2yqTWscCoYRHD
  Recipient: 7iGCFYLUJczcHwpUnCCK5QFBCvYwznnj82RoYQQnWu6d
  Recipient associated token account: GsWvuE2wBZtKiNzjsGzAVwiFbKjmLqfoCmbVeD5veabw
  Funding recipient: GsWvuE2wBZtKiNzjsGzAVwiFbKjmLqfoCmbVeD5veabw (0.00203928 SOL)

Signature: 4yzR8n2FJ9cPqvrTMbXXpbzRVUwYbEnpUqYF3hKuc1kwt1P18feJXMFeLpT6p9ZL4Dgfx3RYMbx3LvCoC2zgJEpH

Transfer 1 tokens
  Sender: 2MZkTmAqH1T84z2Eaeg4f4tbfaZRMuK4CPFRHAYJ3jZQ
  Recipient: 97xAKp8FjyXkiYqTtYWN9ArD7KxTevzaCAo7VCcwLAsK
  Recipient associated token account: Awav96Fr9GM7LS3nyGVa4sx3y2zVRnGCET1whJaoF5Sw
  Funding recipient: Awav96Fr9GM7LS3nyGVa4sx3y2zVRnGCET1whJaoF5Sw (0.00203928 SOL)

Signature: 4gFMMcz8rEV4pS4V2JJCVNbZYCwDcVxXy99CRB2vaQHxsmW48Xt9ES6U2GmjXZTGd2Xu7fCY6nvi7wfTjuj1GDWo

Transfer 1 tokens
  Sender: EzNR1tJQoVFZ67Mr3qNxwfnbFKSbCprhWiYCnuukaQA4
  Recipient: 27TNAPE86WKjPw7wyEp39NSZpmDBR9peuUw2eNFqPvi7
  Recipient associated token account: 3NM6EGdDdqLiFDgweuqKbmT1NQhovkK4G5L2MaRfuzeD
  Funding recipient: 3NM6EGdDdqLiFDgweuqKbmT1NQhovkK4G5L2MaRfuzeD (0.00203928 SOL)

Signature: 5J5Majn4m7F7FsEfXMTDQbGwQCwMu5utZErQRxj6u8Y6CKrt5iXBdKDye14pf4uoVH3ff1SBASrZfwhRvPh4VHhe

Transfer 1 tokens
  Sender: HGFeYuaQo9NbphqgPeXLpUifzbujnZpC4ZT1uXef6Xt3
  Recipient: 7KZaSfHNX5GvLxV2pzH3pgNxTyMYnmeTYeKc4pvTzNWV
  Recipient associated token account: 8Rjs1UqoTGimbVJzSDhEDefattMFwjr4cH5wBj3aJV5Y
  Funding recipient: 8Rjs1UqoTGimbVJzSDhEDefattMFwjr4cH5wBj3aJV5Y (0.00203928 SOL)

Signature: 3RFJYbT3fEkJfjU8jPYnCFrhCzE5gS3WuvdViGdfbjn5jasoA41j6YhEKKuj5p3zWo8RumFMYWL3u3UCeQgfW1a3

Transfer 1 tokens
  Sender: B8gJFt7YE1PHhxmxPDz4bsurxxP3E3mcYh6X7re1xgtB
  Recipient: HkeaBPBkXnodhLGr3A7M8ZSYNV7nfyJs5YBixvL7raHY
  Recipient associated token account: BE7V6EJ88kCWhwV2gJcEmCeP9JFw9hyiGfaVhWRbJB9Y
  Funding recipient: BE7V6EJ88kCWhwV2gJcEmCeP9JFw9hyiGfaVhWRbJB9Y (0.00203928 SOL)

Signature: 3YH238YRcX8BAA5VxPYNb9JSanwrrHvCxBjGWZTew8wLHkWd2bxrsnJ1bDWtpgP6gtBo3EUpBKBvzQnYZuvgWQxz

Transfer 1 tokens
  Sender: ARNAST6goojng3Q5Hv6yhqLGKLdiiD6YJM9KQ8YEuiFk
  Recipient: EWC6ESChdBqExhp96XPMLXR65pXP6Ftuh1pPAVws4pmk
  Recipient associated token account: 4oM4H5NrpytJWo2UZhfNMn3SQj83C6dd2UCw3tQsifJK
  Funding recipient: 4oM4H5NrpytJWo2UZhfNMn3SQj83C6dd2UCw3tQsifJK (0.00203928 SOL)

Signature: pzTaG1ittM5kdx4m4SiVPG5NCRJWtQzrNdUraTTkCpFDBm4YfzUyExeK7xXnGHymmxUM5XTwjwe1rBWGphc3NFb

Transfer 1 tokens
  Sender: Yi5eTbmd1xQ8B3YrQy1qQLxNFsJ6hGFRosyGEbggeSL
  Recipient: BQ6W2opUUbyd3mVpTX1NRgFWgqBxyt3FSLfSR6TXQRug
  Recipient associated token account: 5Lef5WHL6k35v2UxjAaoyfXH6fnkoJ6bWMijyRMbigbY
  Funding recipient: 5Lef5WHL6k35v2UxjAaoyfXH6fnkoJ6bWMijyRMbigbY (0.00203928 SOL)

Signature: 43HN31BigP9dHJeu1KEwNFfELZYHtEv5AGJFvDHLzFp4cScZhM5NXnHYjpTgQfP6m5PBYgEsrvNNByP75LfQT6iD

Transfer 1 tokens
  Sender: HmDv2QF6vUeJCrjbbU1mST7CKMKK3oNpxxnsmoPrqcNW
  Recipient: Fqc8dHCpquSXrNq5HvAej4fgerR4reAPqtdeVQpgcgSm
  Recipient associated token account: DjmFcX8Ehx3Aea2oUp2jEG339TEtjgLhA8b32jxKVBPG
  Funding recipient: DjmFcX8Ehx3Aea2oUp2jEG339TEtjgLhA8b32jxKVBPG (0.00203928 SOL)

Signature: miromv8xp1tYxS2yLQmqUbxY2SJetporPQn2SHRBSDpxABRpPfU5DiHwqE2drqgBLzMF4JvQDqvCbSDSwxZ6oQp

Transfer 1 tokens
  Sender: EaCbymtBEhUgWyntYiF5PkCdaCkJqtn39AChurat5JQE
  Recipient: 2Ygyhe4NN3wPYV1G8Rp7VLpLjHDnC4cbFp9Dsk6kLqVN
  Recipient associated token account: DBNgnywBmzuUNPjFqhgfowZaeSZex9QMxEvSPSswPxRZ
  Funding recipient: DBNgnywBmzuUNPjFqhgfowZaeSZex9QMxEvSPSswPxRZ (0.00203928 SOL)

Signature: 562MdbdwTC8APXajwtgs8irfKkwdUNqMQtZM1KkfYaLCTpoexZi89u7o2jThjpzREaCb9ZWj95qZNnKJA9U2Wr1m

Transfer 1 tokens
  Sender: D7RXqhTcPr9spCAVok1x6nkMoUHehcJqpZ4f9Y7VMvpu
  Recipient: CQ17ThoiA5MA9ZTULyFQYBs8S2y9byxkCi3mpfvXX9rr
  Recipient associated token account: GkdS4vzT2apzy7TmnTmt5u4rwtPszdQBLnvizyuGERun
  Funding recipient: GkdS4vzT2apzy7TmnTmt5u4rwtPszdQBLnvizyuGERun (0.00203928 SOL)

Signature: V4EtSagvpbFHLfwEsuh48Y68BnPBVoEy32V8QyAQ6C9r2mmMt5rJcAurof1WzvauYkwwXgtLUvzGRpKhzfxkMzb

Transfer 1 tokens
  Sender: 4gHyhv12ZrducoM5p1UXpyjmVtuFxXVF5DZbPZrFEgbF
  Recipient: 6Ev5cfdxNHtsWSLUQqPdjPcxMxGbpT3tTWtkMwLV75T3
  Recipient associated token account: eMcwstSby21brgUpHMwUmC6MjpCiL7pZh3NE9nkdM5N
  Funding recipient: eMcwstSby21brgUpHMwUmC6MjpCiL7pZh3NE9nkdM5N (0.00203928 SOL)

Signature: 61ni7jxU3pZwjDBvqn1hr1iB2TXzHBetkYNpnzoY6mU7sHkTrkvYmsmFjzjWBqV9JFr3S6FSPZLRKB1487g1eSnc

Transfer 1 tokens
  Sender: E1aGaQUBaTYAghbGzxFrPpas9DfnZTtSSucAx6ntBeX4
  Recipient: CkMFDbNEwaNiaQKaq6uUH3hmXp8oQKcGy9cT12F3xNLn
  Recipient associated token account: 4tpKgtbuU5t7rnKkrz1zoJqbtwVjBWisFWqnduS8upSU
  Funding recipient: 4tpKgtbuU5t7rnKkrz1zoJqbtwVjBWisFWqnduS8upSU (0.00203928 SOL)

Signature: fXdMpYmwyB4kRzHaYmHtEEcugjeSfTp7u5Gsiy97ofGqJA7DyqhUwP15Qdx742g3TyeWAw18dBoo74ya6anAhWw

Transfer 1 tokens
  Sender: CXuPLwna7gvw89o2ApQXLz22FcMddbTfAC38e6Bwh85B
  Recipient: AwgVoyFwAwB8vH4KnsRCGdfuaCoVHmmrT7okuLJv38dT
  Recipient associated token account: hV4GmttWrhTDdidPFWg5BFTHziCt33baUy6mwrV7nDm
  Funding recipient: hV4GmttWrhTDdidPFWg5BFTHziCt33baUy6mwrV7nDm (0.00203928 SOL)

Signature: Rvn964JabUSXaA4fNQjSudwhk4g2ry8G91FwK8tQWrKAeoxwMmDpzPJ7RQefrKGmzSWG2La6RjAScuTcYeXy9uY

Transfer 1 tokens
  Sender: 8JQQ777vAJQkLdg6zDv4CVK3bxZKSk8Jdh8sn5fxHjNn
  Recipient: 7XJxLmcJgwu29Xr1A8LPc9WscCKREXn62cjuPuCLMbrR
  Recipient associated token account: GLxWxgcQAaRCgED8M5ESVDbxkwzqapbUZf19KhCXxufU
  Funding recipient: GLxWxgcQAaRCgED8M5ESVDbxkwzqapbUZf19KhCXxufU (0.00203928 SOL)

Signature: 4exu1EkYDzGmtH2oPDC6Z8mYT7dEPwavbvuz17Hu2fgFpwwBMvoUKk1E5nMp1SVAkreEvBQo6goX9hVbfpPado7A

Transfer 1 tokens
  Sender: 6WpF1ENm9QFRggPF4t37KV2VkELcyAXvyft1QrNvCuBL
  Recipient: 2UmRqNHcsup4vuckViE3dcwar8urezCc6rhU9Dgpawsf
  Recipient associated token account: HLaMu4NsdheiEbzssdZS9P1wQDMQMnPQgdmMsNudBy4j
  Funding recipient: HLaMu4NsdheiEbzssdZS9P1wQDMQMnPQgdmMsNudBy4j (0.00203928 SOL)

Signature: 5tCxuMmvhjdH8s2SMMcyXD4roUXeZ8uA3yYXZZAHp1avxUiaCKQnkdAHt5qt53NXhBkB2qoZnwz4dFYCEMWTLs8r

Transfer 1 tokens
  Sender: 7JxuxxriLCF2LvkgeDBihtHkBQNbDNkTiXJYNabxWFWT
  Recipient: 4Godan2Sq78jyqw1Nd5uaiywo4kbGydy8LUedMnsCBrN
  Recipient associated token account: GXtUxt8bscNnXjiUumAakuqWBWTGhNxhR6Wui7sBN8WH
  Funding recipient: GXtUxt8bscNnXjiUumAakuqWBWTGhNxhR6Wui7sBN8WH (0.00203928 SOL)

Signature: 2jH6p3gBjfjehtzUeGMPX1Vxgne5E18c5dpipp4u2G2xvXkogesAtsbNx5eqXkY1KThP6yQYXzS6jdTJLbH95ZBV

Transfer 1 tokens
  Sender: 77JZDMdAZBnAqujGmAHfNFjWojt5mzASbVG4uhAdMtyA
  Recipient: AsxYivuyVu6znDgnwenpLSLvkZDua4mGKxTvM2JgoeDU
  Recipient associated token account: CiVCeTKCdQTp6treajG12hVnUv3ChXDoJE1DjnqVgxY2
  Funding recipient: CiVCeTKCdQTp6treajG12hVnUv3ChXDoJE1DjnqVgxY2 (0.00203928 SOL)

Signature: 4KueYwnmZgSb8WFsadQ4iosmNXWz6Ftd1HeYnFzWQRzzYZChU8cPjmYZKhDP4sYbAFdjbsdGdEy97StEnXoaYPQC

Transfer 1 tokens
  Sender: 89YSG7zHtb4Fbhsb97dydevkPvuyadF8ivCiuU5QkggR
  Recipient: 51oET2dy4vCmZ1JMGYR9hbsvsLng1vcLD6z2AZp1uq1j
  Recipient associated token account: 98GNNeqtigZLkQQw8Ke9SRdeL1T2LJXNm53RK6YFjdKB
  Funding recipient: 98GNNeqtigZLkQQw8Ke9SRdeL1T2LJXNm53RK6YFjdKB (0.00203928 SOL)

Signature: S4BvMw2kYX9aPNRvJ44MdXWjhQ761GuZKdw4AnP8Xh8DcL1voiFeUcFA1mdY4fxZz8KYe4YQKBNk3ccz52VHpPB

Transfer 1 tokens
  Sender: 6PSDFroUc5qpEussi6BkmCsk9EPpWCwBCBtyQoa1JLTZ
  Recipient: 5tgZmrCGPTFsQcsb8zswLfrGuYiLp1LTuNPBvfrQb2Yy
  Recipient associated token account: GvR8WMLfhwJh5RRc2TW3FE3d8t8UVuXATahRbCvuKMo6
  Funding recipient: GvR8WMLfhwJh5RRc2TW3FE3d8t8UVuXATahRbCvuKMo6 (0.00203928 SOL)

Signature: 4i3Yse8TESQDa2AfVMqW775JTRxXHhWcv15QQFnWc8ujEu6MNkZak8ioofSVxHmNWiix79qYkpQUZDaZVwQur3qT

Transfer 1 tokens
  Sender: HJc93Yc3SkuUdzdws6zgjc6Xnveq9tMyZDAtvChNr5eX
  Recipient: C7YQJ1nTxQsrpD3KBPEUDgtUpSKfLNYd1edm2odXdRxw
  Recipient associated token account: B5QEgt2zK2cchRrmr2UiRJQnMsrWsWaMfLHQQMs2ULcz
  Funding recipient: B5QEgt2zK2cchRrmr2UiRJQnMsrWsWaMfLHQQMs2ULcz (0.00203928 SOL)

Signature: 2pxPNJSzhrR81XjcVZgHA8q8ct2zqCoW3BqdFxZn2vt6tMquo6HCL8R37V8w2FTq7xxM75hM9ot1Ax9v93YsaHW7

Transfer 1 tokens
  Sender: C7bJjWqwLK5D46SyFQKsy3wtcaZy7ZypFfTLs567U3Wb
  Recipient: BU9GQbSnXQcF59sm5VW5vM4QP138cM6s2vV4p4HhrDjY
  Recipient associated token account: 8Lxrg7b3qzL2QAv3WZ8KtdeGiFSLC2Ta7AgBxdJEdvqH
  Funding recipient: 8Lxrg7b3qzL2QAv3WZ8KtdeGiFSLC2Ta7AgBxdJEdvqH (0.00203928 SOL)

Signature: mudSF3xZVsunuPD59qr9xW1dcd9VgTT2C3vtJuja6qNBzfWi9RxmENLjLT9okVNUfCvn5F8sLAy9r7x27tSBKa7

Transfer 1 tokens
  Sender: BTc6kwngus4JqXDD936h5L8nBZeTBUev3DiHeysjkMsh
  Recipient: BYcufhYPyrKqVVsJD1Gzf8UQL7q2wuGeLjPARXQH2vo5
  Recipient associated token account: E6ar5Jcn8ciB8e7H1YJGpw1un5kaStf4DACnXMPpWmAP
  Funding recipient: E6ar5Jcn8ciB8e7H1YJGpw1un5kaStf4DACnXMPpWmAP (0.00203928 SOL)

Signature: zohB355bNmXCFNPH3coWybMp27B4u5yiQ94YiFM1ffYL8hACDzDyyezmVCvn4A7fquRPHMSarm1gDHXQ12bARPA

Transfer 1 tokens
  Sender: CMF1cwifoR88j5dZGYHpMt7Ut7whUmPcQDt3itTKgW6E
  Recipient: 5tgZmrCGPTFsQcsb8zswLfrGuYiLp1LTuNPBvfrQb2Yy
  Recipient associated token account: ABtdJUJi3nD2QLKY4v4DbRgBa6QftTe4gbspVXLefDZt
  Funding recipient: ABtdJUJi3nD2QLKY4v4DbRgBa6QftTe4gbspVXLefDZt (0.00203928 SOL)

Signature: 4rFy184bZKwWeV6sK89PjWxhzrszaby71nFVozGLYCDjMTceeAskoV3sCF9KZuz45Zf1Yk2UFGGyoX8j4Yug3nha

Transfer 1 tokens
  Sender: 4Hh7YWUK544b1wb6tA68eifMfc4ai8LRKFeCpWdZCCno
  Recipient: 2NC5xSUy2itXJAVMeJv5iteWUtPxFSgNKwDjExVuDXSe
  Recipient associated token account: 381dQJzuM29E6phuWtEWJPhxPwXWQQPDoiiCq4dTxnhH
  Funding recipient: 381dQJzuM29E6phuWtEWJPhxPwXWQQPDoiiCq4dTxnhH (0.00203928 SOL)

Signature: 4uw5NpjAAk15hkyUDhsP7jJJEoVxPXByNy9eBmqr5MS97PVqNhuQXyVSrmQGPqd7sjJUY1s57bmDRyTsfB8LT94N

Transfer 1 tokens
  Sender: EsZNFHRjTPodQ6Y89H8seKeXwWjSbjnTSAtLsNig9Pgy
  Recipient: 51oET2dy4vCmZ1JMGYR9hbsvsLng1vcLD6z2AZp1uq1j
  Recipient associated token account: 5voERqawsM3R3BfPvB38odYnizWqESvPChg4oFDTZmQA
  Funding recipient: 5voERqawsM3R3BfPvB38odYnizWqESvPChg4oFDTZmQA (0.00203928 SOL)

Signature: 2mGDMre1BQy8KF4rXbeTwSaqri3LioLJEAxSGMGecZPrPoNVdrhjg7Aihc83C4vKnNM8SqzuNh6EYwrJWiarkFkj

Transfer 1 tokens
  Sender: 3aSMi1WUm3HeuaGCx4T8E6MR1tiLRCv7jEXmkpf3nJSx
  Recipient: DjnwdU2Hj1knTjbpf2R2SMVs8f2VaABUgMHgNnRzjVME
  Recipient associated token account: 37FDkAejoftDrzpGKuiAHdsLNE58P6F1Lzkgkt42iMqB
  Funding recipient: 37FDkAejoftDrzpGKuiAHdsLNE58P6F1Lzkgkt42iMqB (0.00203928 SOL)

Signature: 4juPxC8dTNnp9wQt4rnQ1PmWLnkqmKDmdmmjZ1AFTJRRDNqbsoNXd9F4Sta9ay7kpiYt9Dm39Bzx9jJnxLFEjtZu

Transfer 1 tokens
  Sender: 7WBp4dSeVgYjSmC5u4CS8CQ411ZVdEQEMTZXGj3cbaoy
  Recipient: DfzrVBck73vZAXDwerPC5sd4ZTCwZXfewFHjZWz8mjE9
  Recipient associated token account: JAzAHXsMUJDQeTQnVRauk1JrHZt3StXhu4Kc8Qwzdwji
  Funding recipient: JAzAHXsMUJDQeTQnVRauk1JrHZt3StXhu4Kc8Qwzdwji (0.00203928 SOL)

Signature: 5PMggULjAF1Gp6cbhyuQqyi4xP2JdMgsf7zPvgz8BXV3nT4iEk47ogFqSjgrNaVBvQ3tUVp7FFprnysNarqnj19W

