GbtbSnhdvfMz3u5nQgJcCr6hSBJf23dqirgCWd4pgjJd
GdYgmoMwu5CBPWgNJCWFv42VsfczpC4uqHHCmZrksE4F
GzUwkpmP9Xa4DXnzr3gjmL3XMBFSsm6Kezjuaoy7VPC2
72NJskc2dFqRvucs3tVNU3sX4NvtkB6yx2GcJhGebAah
B6QonbLnWmZ3WtQMJHTNDkVWjrbLtb1TahCVx4WjAivX
4vWuxh9RHw4n9J44XVvF7ikhsqAJwNCdetf5EVLCQQe7
GoDjzetaUFB9FVPXKgk9Vk1yKRWs5RXSSFnvaAEhCww9
C9ed2SwMJ2UwqUBi2ZM7Hrkja6KekttJWHebMkbNzzFg
FemwyCzwrzjRKkJPCfsC41cnX8RhwcmNBBaSmP3cvCSo
9guK7BsQkF2KpYxNDeYLpQFTMFwKFxUVquopJp1V6ptg
AXEsA2vtF5NrZCS7aVoSm4GKKPH6mS38fHPWVEpjseKy
2uKK6P7DRhoZA1saAW77Ny3oQgAC9qiE45f8ysgoRyRS
Aobqi11WdK2VvjAtaF8KJJRgSgS4qhtAxmHPMHo18j8F
45Gos5DuWiNMFNFNpc4hiU2YU3tWDDmDJRTFprVHT8Hr
QRdonaQP33WhpFepH5UT9upLBH5X4RqunMSNMK7yERA
7XXTRMzAzZYLRTFsNemHrPduchsRHJcgExDPmWXSWfgb
7fcZHdVkaREyDeqeJ2M6LYSDQfGMm6pEBpYArqLdqxy8
F9yuFJXWwcRHWwvnb7DYCg79dAETxy2RcDsUYFTWgSZc
Eon6uEcgwLTmWrCJjESngPMH8RfnbSUFALkkpTzhAGSC
2xDhyBcUMz9bGhbsA71Q8aeoG3rwprLDz9NSVKZt5BMh
ER556wTsbw8yPCG84go2sS8CwetdJymZUfU3kdbHraGJ
EBpcGZDK6dgnRsvxG6HNmFk4exs89iGxUVjVg7ZxmVPq
8W4yBnevL9j5ngNS9fogi1dZhgbshnN3aoFJSDqrhXmW
4AMuSyxQkUVC1Bynp4UQX992dN6WfyvTTeAjgZtcLnzA
6pAK8fGs5KuwJcV4N8Wnu9yT3o2Y3ejTx7xEq9mUXysY
A8MncpMQHFDCPgCUaafL8eNNg6jnQTjHCPL5esNc13ni
HE8KuUmwGvu2T6Pm8VWzZWJWWvgj56WGjFHBovEPjdJH
3pxGXWiqRTJbhkNfDxFd2fhXDtB3FVQqZaANnTw16aAV
9f3M1KjrPAHekFYCfps7cGyfYghaFoUWkgBzjuZ4bUKc
3SjWbryFpEVWbz2XMkjRwD7k2g7LKmDoqSB5wtFiwitz
DNPxRwPbLm1Ls8WKSFxLxPEbuMj5hvwAuMcSMYnXNiKy
4RcNsRjCZEFQadY1E1YWXQnwBGsQoda4cwD2F5kRS44Z
AJewbpQaNe71jfsqdwqsh1cwZGXpDSDmBEvoeKc6o8h8
DneR6cR5sCgGDU6WnkKQCy7twF5svS3CEN9sn2iNKvGX
6bw7sSoqeJp7Y2tbSoiWvWuHxxbuDXDA6SrZB6njzqxK
5bu4GF2uFQDEej9iTZxZratLieCd5TruRVuJQeNdFwsz
D8v9t4b8tCaJUaLMn2FT1C8kWjDLRfB7AL4PdoiBBVGy
4pufXjbMYsfqtmBM7NueP2VTTURcFTyrRiZht9P2w4Bu
FYua4xKzmyzTShtPfkP7BTa96EJBeDu8VkukJriGQzJk
CHmCLTgXaJos6j3eDjApeJAuFBCAtKPf4sdXnMJddRtL
A2kbVZF96GD9Zr2WYT8uQDU3VkgJNwAdRiM9hiGuJXFE
7xnfhqwKHQsTp59qVuW6BhsxM7e4iE6tVWsePH7YABqF
4ZgAF2UsRdrcXxFx4MobzhAEkhAA1sNn3sXEtiT2Vvjv
G6CTqYJ22Bi6MENTk7kZC3XmkpgjuAFHn9MRxVmFxGxR
Fx9xzQy8pE2qAqcDwEg2Bcn1STF2qTKggqXeSZZHYbbd
FfpsTcgZjy1FmwrGmUWNBm4SdtWMtPdLPf7zfvegqpcF
ATjmbc4eCUAQwjHef3p6KjEF4kU5VZYo4rQjn5DJxNKN
2pPoRh61vs2LS3f3jHXinUmeksjMR8sjwLcqSfwkdxrZ
GLMHw27hYa7JcftZMj9BbhVVXMCReue8CD9pubih14o9
UmtKqSrahLBV9deyNuJe6yAhLjsQv2uxzPC2wrC7GWU
HqB4FzPUTNv4t7rMu2rZYp3erQbbkLnxnU7KJQ4z5c1K
DzpCh3KYoUzZSN49Nq1Ce4dRPu29UJSz6hkzV9uRwfhQ
EM2VgcGEX6Le2K7fjQ8R4P58CC1JYTH2wFKNigqGt6Vv
GK6XMVLE4WMJ6u3b2ERdo9KQ16DdxNKKew3CnUUcW1yz
2xBsT9s9aaZPMFoLKmd1p6DBRHX2BJ4tfbLRG75mtpXH
AdzF4WYSKx1nHixoRVRTGGndPKwweMxNS4T4csgEPVZU
Fkpjn5nxiG1D7iHaGeVGiwKnqaTqN8roJhemfwct71pn
HQXf64tUJnKBKCKKgcQ7bATKGJv9DurCo142R8aAVdM3
5frrgJ5co6EKqLM9p5848GCEDBbtTo4tj6eYdh6AVdeK
7a2exdsAzNaDw6X1izBh8XkoFfjBrJaGdRbqM3xS71Zy
6uRjiA5MK765ZmVq78CXJkorPTPrATEc2dToymkiQow3
H9qu7aP5wz9Pau8QbeZQet6o3DGC1p5rbEFL3fhJ1C4F
3ZG2oQ19WuRvmk6L7tbTaZTMmR2pQC9tGP5KBZpvTZMb
21euVqmTXpinngMb3VWe86VCfV86BadgZvxGMVGswLY3
5JBWjnpqLVD5EdE431HbL4M5VE6Pucfk5q1bDicXdXHv
51J1K1HjgyazrWkAgUyTw2Yxm2HxxFw9JahdxCaSuA3j
7krFws3LfoPmbPjzrEWM9ocLQX1j1UuAJ1a6XajX1hn
7Vo7dE3riLF9KhUN76vUxxHjBUXptW79FpTcFMTwotw
CCy8XT4fHFvSLkhpUHaJYRGvZUQbh5ZdnRSdPox6Rfba
Ah5ajRxkQ7y9GvRaGY9WNSGJw2znSEj6QhWGDxbCNWzn
3PvesQjs4txhzPgrfLWpaWK2amGx9GW58FZv6cJuCL6T
G3vwkAUgS8Mw6s4r9tkrFkjGyN93JXcTNXaWWJR2U35G
GibE72KPqX25KeAPeUvKaF5YtEuUzBuZsR31TRapEQqB
DvLuidtsStzZ8FXftWTGVMHSmKutRBAhR5C4eLyonbqB
FBeg5TnHXA48BES1gga3fA8jYcfZRkcFD46FrPeinXue
GwuZRyyyGbCS6PW6kc4Btx6sekYKoSHV5KQW17YHucNZ
924ekKaDLpHDgRi4GRKjpuQesnp5NmarKWRaPLbGzZwt
46CnXzer85fJZpsJD2PYahtzJuDAwuGfTs9FjVTnuGze
EgjvadXJ87XdgnHTVGMbXs4uFMLqGbQvt7XboAnZHyzZ
r3UiYygoVLSK3ywk4goY5jt4UEatdRFjofh63KLFQaz
2pKgBzkrjKgY9rkxWgyUcz1CrAmzErV4KBM8W8Y1J8gb
DfsfgTq3s8QjohxKFk6A4C4G9XPbXz3b4mn6NSkaTPUC
9mgU5M7LtN4Kmc7Cj71LUsG4ojiDJv2PTh2gqJpVhQpL
2GRZ69URXcUUjFdDQEcg4ph4J4Nf7J6LgdHb1cM59tdK
6or7pqZYQRKQfGXggRaEUawagvuc6fuQxunbRhY6rYdJ
HRTDwsKaVyabuKieWmjieuhLiu5VZDFSqAeG3S5WyDgQ
5MBuEynjZrrpkFcaZiXvxuQhdXeGKPagfUHyGBG1YKxp
6fYbuFnsWYr4xZt8HwaWetvGKFJ5zNraCPowuZsc1maT
FUZ4Wo4wKAHjyQdCPaxsXBFSLZV9kFehsJUZ4kGnteZo
8wbXGpcReyrhXFTtnftybQZQkrN3fCqj4uCYUcwkbWVy
2c69tAhVjPoYNAsLZyuBnu7HSdMkZNWjdzRrNEUgYqUw
4ZXFLcjVX1VG3ke6aFYz1b6RFeEm1nUEPD5cRP3ntrUD
5hFvmVgnrhkoKuo91Lew7LVdJLiz44Yn1dFBANQNYT6j
HT5RhcGF9KCNAyHvUhmB1rJ3ieSSKm8GVhpHwxAkWrkL
4iQVKHmgjPXqcnWmLEcUr1TdK6nnp3juSvhN79gRzxFM
BVbSp2S677KsCz5QgTNCPqTorJyeL4h61UKhJW1y9qwD
CGgD2Np9iGatqWLNCDuKLaxzwQXuCrCy9XjcChNVLHmH
7fjk8gtRHaCSHzfzCBC7HxmCMvtBy3QrC483QS13wF3Q
GC3rzXTFZ9dT5q99Uqj9VsDehEZ1vLN8p9EWWL8UrGWo
EBVY9n2K27NVG9x4Y3HG4S4qCo8vjQEtNbofzHtjwHaj
