Dn1NfiiQtDGy5qZ2PhkAqyrxPsn9RVkU777MBjLhPFKV
57RHWhoZE34NdnHM1XjtYxoh1TzpdhBQyJc2BGpaVk3r
AE8Jtntmrm8oqEidy2cKsm6PGF7u228bqxKSM3uP5r4s
AHNmJbWRXUtmY4ZKNwpyHjR5cHseKzYJAS7c74u9Ucf
9kdYJhQfWsiP5obUsmPkq48isaAZ2e8a5UG5dPSifjSH
4vxwx6tMzSiirPNXjJsJbPqKPrYuz3meV71UBmWquqm5
524EhZRC6hMGfTHEauR6NYLuSRj5N4kaydxsmds9Dh1s
CGHubYxcZ4pahH4tsYEah5ctpwYoJnPoRLC4FxVEApfj
73HFbPTmZ7H2T5nqtm9W4SVPYLXZpWn4S5zKGQisogYy
JBKWLaSq2vaYPd5rwyNcnQSgSVJQFdyPF6krX7K4Kr1m
FwCiW4qM2NzBNELj29i6atBmGaTMDwviVY1Q2BroSn9P
2eFFQ6JtM3Kc49PD6A9S6xC4aPz81TxUBvFp8ULGBKxz
AirTei18daEt4LNj5ENA9dSLRJ37jd3gKL67UHHgoFoS
2k8rUVrHs4V1unsxLGtkovv9J7Qq6XP586fVVdjzkoST
CaAjwWsJ15o4iM47xdnz9QJcMvdbbVTR4JVxD9iriKR9
8Vy3ZKbJ7Su3VWn9djscUrQcSY8dCJT8UNKSu6vNnfnD
5dHFB7PfgomnDySLMWaAy9nx9V1n82atMUiVDrvcH1fv
8kboSKXCVZW2WskcZnbernjDNdmGr9ErWWiT71DJFvYH
HPJ8kDDtqDE64vDuaWFzsfDEgSzwvTaszC421Vpu8hpb
2bweADnpSYpQeDVPYUeZ8ULeqA91mdchuoyDFzzgRcrf
ASd5aBkj4a1omXXQcoWnZTWTNBU7BYEPsL1Bis7JejZq
CkQjqMN2ijvoocBLtnSZeeK1s8JbD6HNMXMk23AhNsDg
BZPFAYbja1jyTp9ejoEn9mWjnwN5RSaALP3tMr5sewmt
5b4swRi8DbFsvWmudXHsuUpPNF3xL1KZpQ9dHckPK8io
31NoF7wq5QvLTQw8iFnYTZwEAJkN3Cm6hwfTz318tdD2
3tRBACakpWSvuTDCNsqBrskkrWXzw7sM5nCgf6U3gFoQ
8oThjQRNDgiGUVoSgy6BkfaxT5JGjqLtAASpiGHYQ5zh
EWCkTiYE5Ru1corEB6fCES4s9ieYdUrRUcC6QUU7eZju
8UvDNEjXA7stPpWsAFw9RBJi8FqNJoktXjoj8qd2u2TR
2fxKbkDKXKaUZWQHAGg2zetUCQKRoZFbdnGPCJudjHGc
4R8GYoBw39sRJnS8ZNDiN5myfzxw2Q949AhggxwmP1Gw
GLyEdhfa5kUU8v3eQ6KygeaxVENAvJBXeySG7cKLG6Vj
8ircYaxVhiPF8DFG5EfNWePWWTS4zS6oK53RYArLiqHq
3kHEK82KHfkh3ihskjWAPX7Ut3oD83NeGBqoLGsndSJz
C5ZCUsHkEYQqgAsifwWW2Bq1FeAPEugXniKshcgoQQAA
GGyrhatFSGSSyMMhZCPEmcBjKYEnzGPMpCT6xzuLcZAb
8U3iL41AAySMTC7ZQB8YFHiHzKhhmsz862MknRz4eFEf
979Hx1d2yZSBrUpTZUPYp3p2X79vUiBnpC2pX6BWZ4hP
GCajv6HadDHpXCzxa4cKLo8b5uTZbyWJVLB7FeEzAJWp
DMbCKaVhXdq6N5oiihuGFqNV7BrJpYcMR8jiUWp1WbJ1
AXfLgqwKcGpaTXEvzng7pSSTeWvEupHF39e8ZiMEUNFC
CGx9PMsZMrfo7AjndMMTzw566WHZasMxQ5KSJ8qdbvZR
Bo9BTNoHNtewRYBUJrDEhMmmnkqvmruinW86Q4nEibm1
2D6LJC5SrfmiHrVHAJparRaN685jDTjq4CFDYdYEw8P2
GkhcsdixHzkK1GTdAkKB9gMTRfvKwQZ7rSJNhgZVq4TS
4BkaBzsS63xJw2K3D38QEDnRfL9ddBZwowayLrQCszt2
ESP2aR3ei29dE1K3rTspjwqLVYGM7Xsbsnxd7sK2eUtS
39uGehdDnRHGt5LiS6AAQFSj93Wbf1qV8j9cNbFFVKpc
36UcbsaQAKTyBW9zcTJPGU8P7Fhgn3zsYVYo3dDi4aCp
9XC83iwQFKavN2SjqrSwX36QtZ2PGgZ2GhLWE3i97Lc6
5Bp2auPRNj19eAAeuUEWU3kNh7sihLSw5N31g8xn7ANb
ALePrVi2QbpE2fRG6zEc9m5gC57GQMKe6D3uRnJBvzFq
DtXTF7Fq83dLZFxebNVx7njxNubnrHdBrWyEbS52iKE1
BqfXdP8gQ1WxChL5Y4oX8PfxLT4NY4GzhDT4A3vPwhSB
Hh5BiKXi35fpQ8SbQHJojCoVM8cyQte64xatze8fvJ5D
B2XeXuqEiMWAY6dVxt7JawzDQHN7Jq4trEp31R9BL6Sp
9hLeYV9kZShtwjpp6CzfAjVPjT8cQmZZqotz3R96xW7A
92etZxm6TJNvj6z8acR2VL99SjoCPvBQ6yxRhP81EQqs
AbBLLyTt6pB6RuYRjtosNEJLGQZJu91PhKgWhGnX9dz9
GgnUQE1adj83pdBLgGJZ7gfB5uGZpoHez93NSspbzme1
GMomf3tEDDyuoyaQsM3zxaHG6Ym35Ke3jHmJC2WLdBXK
81fP1jrUJV2rnJdZJMhavwxGrrCahijB8utULzhnC9vz
BKsw7E27svLpJV26PPRDXYAGL45bnSQAAbphjs4G5Fmf
3qCpevv3PbMrKyQGud5JP8vJC76GbRb4kxC9goRfjASb
BuYdG6o4uBDz69ibzf9BtDqjHyat4ad6xeBUudhMXpma
3JCwkT6K8PmZdqXRVTzjCKfv4aWoFjEtjDdS7qCXyKsS
