Transfer 1 tokens
  Sender: BxDWh1WekTQf8WYvMLV9ktfoA1nnDsq1PepkVC8a5mFM
  Recipient: HpvJssnfUR3tEwvSmWKYrcBFKuae4hpQ5JqjtLnju6M1
  Recipient associated token account: GzWuTwzc1yVGc77tZn4vDh9DYgqEYquPhXwbAJAMXHqw
  Funding recipient: GzWuTwzc1yVGc77tZn4vDh9DYgqEYquPhXwbAJAMXHqw (0.00203928 SOL)

Signature: 5dEeWzYHNjrPQ5bkt6MUhzrCvbtz8zrm1Chst41hEcR4bQaHSza7Afu3bSJrGfakyjrdnegJTzpGaUUUzfSBfj9f

Transfer 1 tokens
  Sender: CuWfbt7oiZB4ELfmkjgCmvnPMmmwb8RnqNT1VvLkm6bu
  Recipient: 3aHpBd6r7evsc4Zcd6XpYawBqLPTxaVReke9YfFQ54w3
  Recipient associated token account: Ac1eczGPQbxseTJT3yw4QZSymA31y36At7AXxNQXtjVq
  Funding recipient: Ac1eczGPQbxseTJT3yw4QZSymA31y36At7AXxNQXtjVq (0.00203928 SOL)

Signature: gjtvu1SBMazveJoZ5ddBG4avFixuPrdpYm7PkN1fWojoda8NApZT4bwegRNekWFsuWStr6cFRdmVwQ9rPGURU79

Transfer 1 tokens
  Sender: 7iuARua43q2hksMvUbnaeGfNkAXEHMJQ77Y2iGZRvT9m
  Recipient: DdDZiAosTCWnmrxgxA5Wbq1uBhYkG4rmGcV915ZsvDLv
  Recipient associated token account: DWhFGF2NEfznQm8EVbFFZ87CtzrH3ebUHxxY5sXVsiyV
  Funding recipient: DWhFGF2NEfznQm8EVbFFZ87CtzrH3ebUHxxY5sXVsiyV (0.00203928 SOL)

Signature: 2Tvtv9cCqFmmaznfEyhvVESjRunDNq48DaLi7c9sZfWxh6Nvzh53yeVDEuwiszt2hi4irMZUQzz3HNum2W41fyaY

Transfer 1 tokens
  Sender: BvCPT6YvFbWADwYqWU3XuNeiQNworFBQa4CakNwQSGbS
  Recipient: 8BStRWeqCPJPS2hERr7V4mEgdodaJZDTNXVM2Q2AYHr2
  Recipient associated token account: 4MBw3okZsqsSmK8CWoHikoKjnZJHPZazkrUP5kqkX6jC
  Funding recipient: 4MBw3okZsqsSmK8CWoHikoKjnZJHPZazkrUP5kqkX6jC (0.00203928 SOL)

Signature: 57H5RBfpmvui1ZHfBkbsHg1mGEm117CsHzyAbFMg8vXPBPkaYiECRxDsZs1DJdntFr3tKuasMejgj2HUdYjL3oJq

Transfer 1 tokens
  Sender: FPd7RniR6KQwqhFdYaX5k6N23kgxgBYCA5cq54Xpr1Ak
  Recipient: 4CVLbLUcNUdoXkb7GhEJmoPgiiv7G6fistNWu4Rx6T9L
  Recipient associated token account: 7ZtRUtLCoFr1hpxu1h7Pg9qJHjiHi7KxpTHoEmtmtagC
  Funding recipient: 7ZtRUtLCoFr1hpxu1h7Pg9qJHjiHi7KxpTHoEmtmtagC (0.00203928 SOL)

Signature: 4VBLN8XDgouSBfZiF9QCVobMVX99gDJrasBfWLkEDsdNvUgWUTaz4RC5EcbyfXkZj3yTbKL4DECTuRmZx1eJBTYP

Transfer 1 tokens
  Sender: 3GMMGFvWtEWCEN454qqNU22DSWsXXhALJffp5fXHvRWh
  Recipient: 9dHu9r6wgmxnWxPhUNSUReGFRxzYNfqdYqGbZRFVTpmm
  Recipient associated token account: CbD7VJ1HnGPyKaW1ubdgSp6CfHdQ7bRrkzCL6pTXk8ui
  Funding recipient: CbD7VJ1HnGPyKaW1ubdgSp6CfHdQ7bRrkzCL6pTXk8ui (0.00203928 SOL)

Signature: 27hYFTdY5EBViJQZBzHYavseDJTRuj533DnRvCN6eQ9pd2V7tQmj91G1XwSGECekCeKvNRUiBtookzuG2vMbCxn7

Transfer 1 tokens
  Sender: FMdhCzkE2cYo4kmBhro5aT4Lm7o3vpuqBxZi8jsrLURV
  Recipient: B5oCkvAuTiA25bZbLFzGNPNx5Pj6sD6XBRXvucWxdEhp
  Recipient associated token account: 8CoDhKaoRSQqdJuupbX5yzjwh7oSUnvv1SMVAcY8AwgL
  Funding recipient: 8CoDhKaoRSQqdJuupbX5yzjwh7oSUnvv1SMVAcY8AwgL (0.00203928 SOL)

Signature: 2BKLUZZdPnrgQqMBzWpC44QESrei1kVbBP2eGsmqJbhBRPerk3yWFgFHq8BUNB7ivvfQQci2VTAfequZTBETKJ7x

Transfer 1 tokens
  Sender: 6YBeEs6bJwpQnkKMFdkTCAAYBEFfr6BixJxDvtWSQF7F
  Recipient: Gg1dcDi3gUqt1DhwLKgUWRRdpjgwqVAzKDXiKkCpd2H
  Recipient associated token account: DuAnjSiHyJV3qKN5XDurHh9uHVo4bXuoFyDvChbxavdd
  Funding recipient: DuAnjSiHyJV3qKN5XDurHh9uHVo4bXuoFyDvChbxavdd (0.00203928 SOL)

Signature: 75mGqyLqGApjw76Pmnd7QpzVmJ27YN6BejWMh9bDrZLdhbhwJvCwy8As1oUaL8xQr32CnogLs8K4SK1r4qmZood

Transfer 1 tokens
  Sender: AeSWaucaxVdJJEzxk9Ry6TfhZyYLsGHPZdRsktCx8fCD
  Recipient: AhPQvgGaw6HDEKcddqARpTjBHYeWCinNQ7J2qo9WgTHy
  Recipient associated token account: EH7gB22afvi5uvgAjzGdXEt9eofmak2G1kzpbmrj4vhP
  Funding recipient: EH7gB22afvi5uvgAjzGdXEt9eofmak2G1kzpbmrj4vhP (0.00203928 SOL)

Signature: 67BwWQS8xs1SHdQij54YdZwJGWwtGqbYNG3hrtXXMd6QKmiWbFPUNRR11MwBc2W6YQHgj5MwM2jUfNQ2zezz7kEc

Transfer 1 tokens
  Sender: 7GhX7ecKvCbmDAPHJy4jupdThfaz7HxbzeBDjAnKpGcJ
  Recipient: AEUto3eFWHLAmmVRq3Vo2fmHXwte525jQGG6D7pN4RRd
  Recipient associated token account: DnkDTueYzxQNNBYCkiF48RZmNfD9x6viFHRwLm5eVuhk
  Funding recipient: DnkDTueYzxQNNBYCkiF48RZmNfD9x6viFHRwLm5eVuhk (0.00203928 SOL)

Signature: 3bpQTkzudX3T8SnxSeMX5Ma9xzaR1fWpBPdkTLBWbCgRFwSMLuWvubiHjxBTuHR6Q8gksyvyUa7VBhswYov581jF

Transfer 1 tokens
  Sender: 6ayvhM9qVqKrdwsjxGnu1vS8ai7EUbVhSPGH71bmBgko
  Recipient: PNUazbVrdxgkHu9s864orN2nPAD7P6LbdMbCbgLUBki
  Recipient associated token account: 7SZGQfocHcsT9pHhAU11EfCD6cgwbLEvaymPyWMYhQru
  Funding recipient: 7SZGQfocHcsT9pHhAU11EfCD6cgwbLEvaymPyWMYhQru (0.00203928 SOL)

Signature: aaeMkwSb8e1Puig5avfxgUXRgRaqdbhgA1HerULq4QtgfhJZEdWL8CB9aP584WKrRWBUTzAXbBCGDiEnVqkpTpp

Transfer 1 tokens
  Sender: 6AfSoSu3XrpLxKW8sTomYCsypZn96t1Ukm8B6PXzrw9v
  Recipient: Cm8cYtgtfyULCzisqUnMg68aqqi12PGZScouQfJRfrG3
  Recipient associated token account: 2vNrxMhX9h1JXVkEjuJdkYCeA9C4kbrbq2SqKpqFkXA2
  Funding recipient: 2vNrxMhX9h1JXVkEjuJdkYCeA9C4kbrbq2SqKpqFkXA2 (0.00203928 SOL)

Signature: 2BFCH1KQnnNV2HWVkr6WEdD9pjj7Ke6F4mHqgNmzwG1zpvv4fNcj33X8a8jwsSpDFeEYdKs5KLQtw4mDHy8KLYvq

Transfer 1 tokens
  Sender: 5E5gZsVWs63ngbyvQstkphgYPFtzDMtXSrVvE7BxZZE1
  Recipient: 5dNGzQh9sonyFUcTHrH6wiCczokUMSc79miMEysyVYjK
  Recipient associated token account: Dof9ndKUqz7tubqUaXGXe6sDMJfMgHLpV5Av6USGoP5d
  Funding recipient: Dof9ndKUqz7tubqUaXGXe6sDMJfMgHLpV5Av6USGoP5d (0.00203928 SOL)

Signature: 59QTshqWPWJG6vqske4zg1mt3339QmET1zLDA99eG4sDyyUBRSAYyq32a2nahdjhTRxjwrH8faCWCGV76kJxwJ51

Transfer 1 tokens
  Sender: 99ZupwtJfG6MHLgF1qq972myz4STyUoTGy1pmJid3M66
  Recipient: FEFpCkrg3gGRU4dFDdeqvfT3Xtvt1h8Evksmi6F7kaNf
  Recipient associated token account: 6TqrjNQkCLW8SkxyangyAPLfa6qCfr3ZZ23ck7BjmZ7y
  Funding recipient: 6TqrjNQkCLW8SkxyangyAPLfa6qCfr3ZZ23ck7BjmZ7y (0.00203928 SOL)

Signature: oM9B1ezYjHN4ApyknwDoUoHw3UDM5A3vCWdEASyXC2WQHza94dRwfPeUW6nQXsj8FR6YLwC9sNFy2rHTVJrbGuk

Transfer 1 tokens
  Sender: 7ZjUnb4ALyZ3Gf2mEbpugP8MwVDtHxcCWgnz5RwwD6BA
  Recipient: 7KbmFStnBVAUB1NRKuNFdhzXtj3mfAT4jHLXoFvFFSaS
  Recipient associated token account: D4LJqRx4CChfhc8xtKkmstNcWBceTi4Q1WatnDwX6XVK
  Funding recipient: D4LJqRx4CChfhc8xtKkmstNcWBceTi4Q1WatnDwX6XVK (0.00203928 SOL)

Signature: 23tt7wfQTQNMCqi786vT9BuGSuGvGfedzGbxd2g2Cpg3SBMPf3A1SivZ49pjYH6hZEa2rHyRGfE6b7VAfXtqCCwn

Transfer 1 tokens
  Sender: 8vGmVrUnea2ZMgNh1hcpEkKYMskM7HaCEqZXc8E5aNqQ
  Recipient: 2HybyiFMCJes6XPP2sU81KqDV7w6xuNx1d6r9sB4kwan
  Recipient associated token account: 75AtGZYS6uCkDzibSU7fjvhGqeD58TT7K26KtU9aL7zb
  Funding recipient: 75AtGZYS6uCkDzibSU7fjvhGqeD58TT7K26KtU9aL7zb (0.00203928 SOL)

Signature: 2MxqhWZpp3G2dFDxtuvPXZCJEGktcH7qbJyrPAeoFarBGgFmvPxh6ctfZoZankQA1nuzM1dhgv3kCKCFpzZkSUgE

Transfer 1 tokens
  Sender: 41uxfGXpEpwxrjyDRUkNVKGvJpBLPyKqqtN44Mha4Sk1
  Recipient: 7RvtX4WGag5Ggy4oMtj2ni3oc9amEPmscdHLGvGQdZsh
  Recipient associated token account: CSUmNjLrkmzkFnRHnQFQy9L8CwznroazdgKWiRAWe1qh
  Funding recipient: CSUmNjLrkmzkFnRHnQFQy9L8CwznroazdgKWiRAWe1qh (0.00203928 SOL)

Signature: 3Z2T1GTUHTdg59a7Kw84RybdpWJZqHS74uEtMedreNo8P9JPyg21LPtNSukG2PwQuiv4YD4ts1XbMtbXxgg97Li8

Transfer 1 tokens
  Sender: cD57Tzcjv3DfjN9CdZH4n39QzMwU44kPS6ecuHsPLvx
  Recipient: 6ve3jPaGtDofMjest2QckvY3kRynYTobADEmeoZgvaEJ
  Recipient associated token account: BnVVDTCn4jGAHktwBv9RMkR53ysx3WAUYChEqzUjxTF5
  Funding recipient: BnVVDTCn4jGAHktwBv9RMkR53ysx3WAUYChEqzUjxTF5 (0.00203928 SOL)

Signature: dQ1NmwDokvkUDwi4MLFfBB8Jgy3ymwX5veKyeaSWPLzDFnrNozUL3twGiuvbCQBVKSUdeX3H14siHwAVXBLEdmF

Transfer 1 tokens
  Sender: 8ueKuVDkfXZApPKDiV7dBJ3ov4emDQGwZqeTJsJrv8fz
  Recipient: Cm8cYtgtfyULCzisqUnMg68aqqi12PGZScouQfJRfrG3
  Recipient associated token account: CAVep9NDitc251y6WXhw2fTEsu1ZY2VJe2vhkTnCZvpM
  Funding recipient: CAVep9NDitc251y6WXhw2fTEsu1ZY2VJe2vhkTnCZvpM (0.00203928 SOL)

Signature: 4BxUzz2Pmjz7PwyNdc7NvANh7ffTWWvKw85227MuZFVtCRU2RixqEuvdnLhvQCt92udYw59kdmQ2gMVhovSuDCiy

Transfer 1 tokens
  Sender: CGvtr4dcKnJHsjpdCXUQTXv4wQ6cn3TkHVGWBmkCadkf
  Recipient: Av7JF9vV1YRiVDUqKUk1eGKrC3Ab5acn3fWs3kFwhyyG
  Recipient associated token account: 511FMnprSD9cKyscwZPjw5yHPN65FRaR1taA927fJqR
  Funding recipient: 511FMnprSD9cKyscwZPjw5yHPN65FRaR1taA927fJqR (0.00203928 SOL)

Signature: 7LWH8SJdAf3qizqm9FpXAh611MieZBCpZYXmEWoNSo7nCcUgZgMyTR6k3NMrv8tvzCimWwFscEcLVLBxQqHWe9y

Transfer 1 tokens
  Sender: 4pUjhMQcK1uAZmScgE6Gr4txK3jwwDixfP9JrrtAYj54
  Recipient: k8APHEghNvUvRED7fvRKKiVsRxpjPrRqpovPPBzwGTB
  Recipient associated token account: 4zWScyzKaPGZF4CeB5xiUjFMgdF2aqcAnr1uqdYw8fSc
  Funding recipient: 4zWScyzKaPGZF4CeB5xiUjFMgdF2aqcAnr1uqdYw8fSc (0.00203928 SOL)

Signature: 4Dw37xxgrpxrhdpCG9FJKMpEZ8m3V9LJ4RhD4mdeioh4s6A7xPoaX2hekmEbuVQqbqpH5pVKUYkLfYSCc3VJi6ZW

Transfer 1 tokens
  Sender: 2D4jikJz9rDiucPo4zwgjXXz1HVXFk4CphNu87tekUYK
  Recipient: FJ5hcKnacavLz9geNZDRyDXdUvZHJBVnn5RLLy3sRtra
  Recipient associated token account: Bws1hqnsNSdKx8HKFQLofGZxCR2VaoBqHEeVjJdVLYy8
  Funding recipient: Bws1hqnsNSdKx8HKFQLofGZxCR2VaoBqHEeVjJdVLYy8 (0.00203928 SOL)

Signature: 32F4fBSfz5gWxubeJnLnRHb5ZWWPgZ1E3Eh63HgnZV3PNMDdDvPFAuP9JCXQBo5mbiz4p2wB3zfZZLpFB1BT3W2

Transfer 1 tokens
  Sender: 56tTkZ1e6rV4v9UYkwmBttWE2h3eLYLa9GJqoxnNCSrN
  Recipient: 6JP6yRoBPYWzhUwvDAq4yND6Aq2kUhPvn5ciLxkUiRzz
  Recipient associated token account: FUhCxBN27M65GvXV7gX29Me872SX1N2STz6LFSwsnPbF
  Funding recipient: FUhCxBN27M65GvXV7gX29Me872SX1N2STz6LFSwsnPbF (0.00203928 SOL)

Signature: 4xqRcwiHtsRx3yCw1YVCqeNz5GUkJQbvgtUYCivxAnBzVuB7XTvSeSiXfsgQWhegwWvjRWYL9M241m8G28GwTqUX

Transfer 1 tokens
  Sender: EjMcz4ez6TXXwUeeMdUqMFmWp8nMC8kw2Cok8iu9jgZ5
  Recipient: GZ7dL3aqcVwynsidEqLTUnsHf3iK5wvNFsCEJZvoVXFe
  Recipient associated token account: 3ZoMEVwVWckFdF8sm2CDSPnJ24n1XRLd58i2PBgwiJJo
  Funding recipient: 3ZoMEVwVWckFdF8sm2CDSPnJ24n1XRLd58i2PBgwiJJo (0.00203928 SOL)

Signature: 5d9YEHWeSD7PKPJ92k7XuKGqvdFuLYZ8yhQBrpgnhbLn3Gb1bTgK9kirYPy1xDimb33tCn5kgZwoYKXUYe9ReNcZ

Transfer 1 tokens
  Sender: 5eHAekVk5kTAdmcvEbZFwhBzTU2kDxGx5qzg2aWXqBhm
  Recipient: j8oLFiDm5Eiy873RNtY2Z56b1DVZrW8i67mTR1BLsLn
  Recipient associated token account: 7HG3yjNmW54Pu8TWPMw49sSQ769HKUgyASS969SRq1Ge
  Funding recipient: 7HG3yjNmW54Pu8TWPMw49sSQ769HKUgyASS969SRq1Ge (0.00203928 SOL)

Signature: 47Fk77PmB88K1jFhZz9dXJ4co9RNtgASALsYjK1irag831TATrxmye9Uq2tqzgJYAi69HmaJFwik3paJJrkttDP

Transfer 1 tokens
  Sender: AaWvZVURhsfrEZ2ribmzYKHfthmWLUNQyah1oU2BRUWF
  Recipient: 2cUr1V1n4QvWyT6CchmoSxjAd3HhvsonHK4X4Ai67PBx
  Recipient associated token account: 265pkRduNF2FviHcmQAr66kxGfNtZpiuhoN8iADNCsUo
  Funding recipient: 265pkRduNF2FviHcmQAr66kxGfNtZpiuhoN8iADNCsUo (0.00203928 SOL)

Signature: z6xZ3uGNRQPzaQcLjz1fw4zy2Y7KXjFaJYoAzLGbw6oVkFJrwUSKE42VbeRXSJMW9gYApKVCprr37jsNvgn6dKm

Transfer 1 tokens
  Sender: HNu1T3r3uHJtrNmXm64xWn1aJWUesib9U2vPMqZYfRDh
  Recipient: 4g6BSguzLyyu4KrRgan1wZSS3TdvyBU9n6VBiykUQo1z
  Recipient associated token account: 2CZJosP3JHDwq6Kogj5fnhsbXeaqwvcyo32R8wmwm3uQ
  Funding recipient: 2CZJosP3JHDwq6Kogj5fnhsbXeaqwvcyo32R8wmwm3uQ (0.00203928 SOL)

Signature: 3wj8vG5tpxirX7WSx4dzz9WR52bmguzM5L98Y1PCMTu33fPyJk5jZzmfgL2vPkdpfXmRjkbUMdx6cbFS2c6vR5zP

Transfer 1 tokens
  Sender: 7eR1cTqR8L2VtpxEjC3zqFWPzTcBPnRpjpeKxT83PdDQ
  Recipient: 8kX16Yj2WBCz1sPXcimafGrutQkw3s3Swe9sR3gt3cC2
  Recipient associated token account: 7691w5PNzw8NwHZm4DgPa91F5yAAJYkTDXc6sWoZVVUa
  Funding recipient: 7691w5PNzw8NwHZm4DgPa91F5yAAJYkTDXc6sWoZVVUa (0.00203928 SOL)

Signature: 5pTpwnrU4SH6V1SnuDeFe1u48hWLniquXeZCd5k4L4gUuTfct5WBD6CHLYEd5jgjoH8HoyHCBzxMP4dxxKtjPwsf

Transfer 1 tokens
  Sender: HWVXKasgmFkSXL6VsqC7eTFKkf76FE7cvjKK7815sKDE
  Recipient: GChoRaGhcY1EPPaqoZ57TcpmBD1ECoGPxqkPE8zg9DSX
  Recipient associated token account: D7G6h1HNipgQUu1cxkw7bpgN9bXpwfoYqCpexCyXh4ab
  Funding recipient: D7G6h1HNipgQUu1cxkw7bpgN9bXpwfoYqCpexCyXh4ab (0.00203928 SOL)

Signature: 4LNuaMeEcdS6DvJfX2qzxSha7YJ5JvctBJA66pjY979n1TxwqpVvVpmN9HEx8KswoTq9TXk9sxfpbYyLbsrbxHXW

Transfer 1 tokens
  Sender: FkFPWzmMSymRvMYbhDDWfEeDgZKB5WbKtHavHP2KQj8D
  Recipient: J3vJQwvJjASPrEXEmpyoeshxRCRHVjUGesZadLqPo89k
  Recipient associated token account: 14FvFcoRdDuYttfEJ4Fi5fseQN74NRL3ugy7h7y9sgQW
  Funding recipient: 14FvFcoRdDuYttfEJ4Fi5fseQN74NRL3ugy7h7y9sgQW (0.00203928 SOL)

Signature: 5Q3iDNeVBnNymsJGsbreTseGqxDvZUE5WR2XJV3Vu972DvZm9chxtv9jd6MDLnc3uxjs8BFnoqGf3iW89r5PhWaN

Transfer 1 tokens
  Sender: 3n5dRXAwZTfMmsLvb4uURMmoRLK7Mer3kBZGWXoopEMs
  Recipient: 5HUD9Y1bZp4VwXzKPKwUHBGinfEjGkpxFRZiJscjUUR3
  Recipient associated token account: B1i3U3VhUDpfXgFfdBP3SM7m4G4R8apFkFMJzEPHh74D
  Funding recipient: B1i3U3VhUDpfXgFfdBP3SM7m4G4R8apFkFMJzEPHh74D (0.00203928 SOL)

Signature: 5Npda59nH76vSDKZNCCNXeeJ2z4Vs7d5KbYDQUzQufRjRXJqajKWvC3Boz2tYtuepnsdLgcQH6K6ic1cK71Y4e9U

Transfer 1 tokens
  Sender: 9qL9GydcWcaqRimjLGLJVP4M2uQ37m7LbrWZdDgWeQF3
  Recipient: BUT9zHC8NUvx88W6QHhJ5TYLa1L7VwXQ1JtNXCheizHW
  Recipient associated token account: 9hQPMH59ncAKstQCuykqLasLrU4CfrG4zTS7MtJDfkLx
  Funding recipient: 9hQPMH59ncAKstQCuykqLasLrU4CfrG4zTS7MtJDfkLx (0.00203928 SOL)

Signature: 3AYeY3LbjZ7xmGYBrSpDxJZPv2ePwV3kbmv2ZPASc2iivC9WjWGMrdpQpTvqqsLPMynprP4tt7GqUgNfHmKM3aMH

Transfer 1 tokens
  Sender: GZrTzB5n3SmPmmYzrFKUciPrZKzr2wEa3wczCnDjAZap
  Recipient: E8pAWPsMpvuvxU6pqJqrq7yip7n6VgzpAcpdqbzcV8Nw
  Recipient associated token account: 9jCiW4pjdARV4fPWb7JypNDZ6UUHW1bBVmfpQFccwNbA
  Funding recipient: 9jCiW4pjdARV4fPWb7JypNDZ6UUHW1bBVmfpQFccwNbA (0.00203928 SOL)

Signature: 25z1MkKsdwsNUfATdm5rNZzscoUShMXaxZ7BK4inNjwhYdxwXAPCbs1nyCtz2e4w6JGoTyusvbDxx5jSdTv8v4B2

Transfer 1 tokens
  Sender: 7eFbhr8haE7tK86NWqyh1NzvARfoCgba3ci6GEYrRpe6
  Recipient: 9KKN1iCiKGNRa8KBqEdEHqP45BxGmHRtfEfYRVn4zEUr
  Recipient associated token account: J4GGzy7qwGEQB3cK2nhWWgG6E2Agc9gDrUV31nPzMEZb
  Funding recipient: J4GGzy7qwGEQB3cK2nhWWgG6E2Agc9gDrUV31nPzMEZb (0.00203928 SOL)

Signature: NWC3mHyUS8FvmaGzvm4c7rqT966owjT4iNhL3iFxVbfVTaKz7ufnzUbyG3iBF1JuVoz1vHZcduLoZnPfP3AZ3wp

Transfer 1 tokens
  Sender: Ce9BrkKq18DcD2FuGKrBpua65wtsvH1BzbSX53pjnq9c
  Recipient: DnmFPnE5awaed1HimvKNBCJkvz6zi9WCaqnrvzM7d8PR
  Recipient associated token account: 3VmGNPzKN3VCzYxiDjsBLkaDKPMTZDsha7gfS9SLisB6
  Funding recipient: 3VmGNPzKN3VCzYxiDjsBLkaDKPMTZDsha7gfS9SLisB6 (0.00203928 SOL)

Signature: 3D3SoaBexjgG22XduFAjNBDpZd6AJ9GL7TdjsJEW156W2sTxfb3n9EYHy5dhBkySPAf8L51SFD8yxLh6K4fNcr4h

Transfer 1 tokens
  Sender: 5c1gBe11QRuxKoNhtfBSHzkwYZifM64utmkxPP6Sixtu
  Recipient: 7wQQANWYPpnwQk9MgjLJ2bcmptoYpFh521QGQ1dHvhRB
  Recipient associated token account: HhPbNVwvQRoKAcrkohmRwdn99copLFYVMiuju9Ujyn1a
  Funding recipient: HhPbNVwvQRoKAcrkohmRwdn99copLFYVMiuju9Ujyn1a (0.00203928 SOL)

Signature: 3rkTefohZhrhbW3AXmrmvYmqX9LmGwDCzozKi65xdVsrMcFCaPuFUedZotrRRdNseLCTjL8n9xb8Ut8vf7enQYCa

Transfer 1 tokens
  Sender: 2sJRkvjLVQMNoQ7FeZFTjkiuykV8sTuQBizJSacPobBf
  Recipient: 2xmdxjo4XDmP2tGb2xQXUv5mRC52QkWdGYVu8S1ixyTr
  Recipient associated token account: tgPE3gteL9RKCYvbcgkRpcmgoR1M3QpG7sHM4XiWKHJ
  Funding recipient: tgPE3gteL9RKCYvbcgkRpcmgoR1M3QpG7sHM4XiWKHJ (0.00203928 SOL)

Signature: 4D2sD5ZVP8NSS8imkaQjLKwcLgQhigBarr3fGT2sThq4v1AFSoeQ5H3CEpUJKaTYzrZ5uAFk7nmYaQZGpGDjCPyc

Transfer 1 tokens
  Sender: 9aMfN3v4iXGfDvvbEQWFma7pinNDP4AySGaqSbzUFj4
  Recipient: FpjcR5LnWuP3eqHLaGScwZnKEMNrkik5aWUJgJruz7JU
  Recipient associated token account: E7ub3ZFVW5e5EBJPmCHFRi8ymARc39iPdVKwFzDRQSA6
  Funding recipient: E7ub3ZFVW5e5EBJPmCHFRi8ymARc39iPdVKwFzDRQSA6 (0.00203928 SOL)

Signature: 3fCTQjZGQUgSiXrmYqEajzhJu45243yDcbsjMvwDZEgdg3JX1Aq9STLAeWaRjurCK4csoDVLfFTsARzEZfDjejSJ

Transfer 1 tokens
  Sender: 626cCf6sspxiGEeyJb4PZZtPosddzTmi4z1pDM4WKhby
  Recipient: crpQUfqtr42Y1W5LgZjvjVnEo2nsmXhSuZ1EyomFCDj
  Recipient associated token account: AtpDZ4qqVQxQRtDBBksMdgcPxK3HGoYkgQ4UumtQweJs
  Funding recipient: AtpDZ4qqVQxQRtDBBksMdgcPxK3HGoYkgQ4UumtQweJs (0.00203928 SOL)

Signature: 3GhQVepVXcqUhJqK3TZNr3YoW545XhSukCqMr6u8Dmu39p8EM3YgPiHk85YQGKY4X92LsEqc6JVTzwnTSTQn2kRn

Transfer 1 tokens
  Sender: GCCpMmgsUKojGcrrn3dvZdQkysUz7YRA8VMWZkNh6RPD
  Recipient: HSPnUTmBL1KzqYiX1cQHVU6DkiAWkiQ3q7KHBcEfkJUu
  Recipient associated token account: 7y2mhBVKfrin8e5Y7STEcfr2QWRzV26W2EiKoQQqvgTG
  Funding recipient: 7y2mhBVKfrin8e5Y7STEcfr2QWRzV26W2EiKoQQqvgTG (0.00203928 SOL)

Signature: 4QZj6oNMvfHALmvm1FsgyCpLR9DBLhynoqgyk5C2izAxSYAz3oGi6caFcL7KFSbLig8PYcDH2bv7M74yjsXtNnXn

Transfer 1 tokens
  Sender: E1ESpsMzUcQxVdNN75hX8iuHEXr8NbWFozTNJ4bUHtd
  Recipient: 4jD5Ha912db3TBeGqn2pmPiWiZgjVJd7zXP88gUc7hhG
  Recipient associated token account: C5H3eEntx4FYPxwLwK59FVjTPboCst3dJqesteRr1gUp
  Funding recipient: C5H3eEntx4FYPxwLwK59FVjTPboCst3dJqesteRr1gUp (0.00203928 SOL)

Signature: 627q2UyEFjgMH8Xzhoz649dx3yk7KgizpWAMhuNvFxwXVUHNo2hYbpFdpjNzSqBhcSH4k5eAFxKTg1MDL8ZnYQgH

Transfer 1 tokens
  Sender: GfZbf7LEvtjxzcagi7yTSGeeGuu8p81nubL4KC2RCqDq
  Recipient: 6mv93ppVKCfhwZkoMJjjQUuHQECUA6KS4SkLfteSaprP
  Recipient associated token account: BVbXLaFFLtsnamuA6mptctdHKSZsy8Q7MwB9174iGdnf
  Funding recipient: BVbXLaFFLtsnamuA6mptctdHKSZsy8Q7MwB9174iGdnf (0.00203928 SOL)

Signature: 4vdNHEuAFMYuVWvNt1v3GzG2oEPxEJFFscSaZaRLJwS1HFUfKBwizBfE5r4WMV9LRPKfLb9XQEdaEabXywKgg567

Transfer 1 tokens
  Sender: EjjABFAt5V4owKCLftaV39Mk7r9rPVnMpvA9SmxFmZ74
  Recipient: 8eeWesjTSLG6Hdy6GV8bwjrBCEnwY15LWTkyHtGtsUB3
  Recipient associated token account: 3AvewNnMh7Sr9LMVVEVd8aq6sKAFfmg6b9Sx2fJGHQPM
  Funding recipient: 3AvewNnMh7Sr9LMVVEVd8aq6sKAFfmg6b9Sx2fJGHQPM (0.00203928 SOL)

Signature: 25zw6a2thHPmJhituTSUYYRdtpvqTLg5SitVhTh4JH88ghzFahEVi2mBuWueGsNFefmfGf1WokVAAuY4EpPWccuG

Transfer 1 tokens
  Sender: HSCaNEQS3ZCk9Rr59aAop5wPwKM4oXsM8LxUXEdz2b1S
  Recipient: 5knexHmwAJ9MsjmhsCN7okyb9Fvz8YUyqHugZ1PWUW8v
  Recipient associated token account: HpRgrAsaQCbJjvAbM1SDoJGmpgaZW8QYYhU7KWJHC6TJ
  Funding recipient: HpRgrAsaQCbJjvAbM1SDoJGmpgaZW8QYYhU7KWJHC6TJ (0.00203928 SOL)

Signature: 3CCWZFjPF3J9zc7ys83XTMxpgKfy5oGtsw7aSG8zcD33efb9jBLWqzXPXkd8JCZQZf7V6Moku9q3wyh4kTc7hr8H

Transfer 1 tokens
  Sender: DJrqoH9FqKMQvuvptJYaHPBhGR6Cx8wUsJ1sVqRm4jyo
  Recipient: 89obRtCkiqcTkPhfrhxWzrBCdVzWiz9kgAHpPfEA6sma
  Recipient associated token account: Cg1uU3XxijS1z5TDmoCTTncnpFu9SvFfSrrcyDfJZVf2
  Funding recipient: Cg1uU3XxijS1z5TDmoCTTncnpFu9SvFfSrrcyDfJZVf2 (0.00203928 SOL)

Signature: 3sgMFVG2mdvcGZWk1FdzSXoPQsitHwnbgSBaESdUoRhWENN9MF1K7T1MPHzo3ePdJQPeZQQ4PbQmiT8S2dwrtUTH

Transfer 1 tokens
  Sender: J1xw17LHF4gSSMSARsfQAC3E5vjDkXxat4DRuVFBwmKC
  Recipient: AMnL53CPuiU2GeuGXE6kVj4s7zahgodv2p11tnT57jCC
  Recipient associated token account: 2Ynir6Xu5DsqtFwr59QXAwvzkdWQcXVg1ep5YgApmuLA
  Funding recipient: 2Ynir6Xu5DsqtFwr59QXAwvzkdWQcXVg1ep5YgApmuLA (0.00203928 SOL)

Signature: hsAA1vSMmRoSu1iKnZQDswawHzTpRuwjsdgq4mjjdvri8hfiLa6T43HWRRV6AJeNWRsmpj5BrywBF64ZCjSEroV

Transfer 1 tokens
  Sender: 5eCE67XXQHHwo7coDLUXQAaEBtH9r9yGZMoiGWR7zVhx
  Recipient: 5Cz7GSRKnuFDaXRHeNJpHC77aqU9BY97eXNBBCVhckLZ
  Recipient associated token account: k1EcUnE6vRvPsmcs5nHoGJrn2B8eGmZ22m5Hajka4rM
  Funding recipient: k1EcUnE6vRvPsmcs5nHoGJrn2B8eGmZ22m5Hajka4rM (0.00203928 SOL)

Signature: 41tsCXLtLNG6yjyCymdFsNvriFiXWZkfGBTpEVXjBWfWX2YQ8JGCJVX7jWVqhoRbx7qPRHHm1czQj4uvVrQcDbaG

Transfer 1 tokens
  Sender: HUMYxqNvrPvxfnJ713wH6TkLhHEKMAohpeMRupUP63o4
  Recipient: 31MnUxA5f5rvvejAs84Q8gakrb7SDMfP6oxFGHPXbfeQ
  Recipient associated token account: C6nqxj6FmPjjuC6K79cwdJnFGFN5TbF934sxGRwThQK
  Funding recipient: C6nqxj6FmPjjuC6K79cwdJnFGFN5TbF934sxGRwThQK (0.00203928 SOL)

Signature: 2apaMERjqCSrtZBRaLFDHw2XgwZgcbBHGSWv2HXZtEvMEK8cv35zABw2a9LZJGeJE519opu9ZuTPGNbdUoWtHVKz

Transfer 1 tokens
  Sender: AQDLszZNx8BFqRrC89Hjg71ZRw6x4VBSMa34zuBEiSz8
  Recipient: 5NeRMVmKVGEzsKS3MqiVS9iJb54hxGVNs96eAhz3afH3
  Recipient associated token account: 2yrU7shNHa6NUX4yX4jXBEkXL262Pdc4SFrHdAdNZkMd
  Funding recipient: 2yrU7shNHa6NUX4yX4jXBEkXL262Pdc4SFrHdAdNZkMd (0.00203928 SOL)

Signature: 4ibg5zxmQwFGRBmQGoZpc4sZCWneDikP99UKbVMUJ5sVMw1zyfi5GxRnrvRCq87j23nFx11J5FSLFNKyxKEyoH9c

Transfer 1 tokens
  Sender: G45H1tuC2LvghAb4oLfiCtdzFLkjRTFcx1Ct9kxHoUbN
  Recipient: DKahFmS8QKj4hhMpcXnZkTcydFJBTJncaSjVtAhYqAj5
  Recipient associated token account: EJTw5NqYBf3Q9nFxHv76eWqVy8R1UZ3v2teBFXtGUxzr
  Funding recipient: EJTw5NqYBf3Q9nFxHv76eWqVy8R1UZ3v2teBFXtGUxzr (0.00203928 SOL)

Signature: 5c77h9KPhJQKyxR2ZGAQrZLv7shcbomsJAKFeJ1iyq5AMr85n2DzaNyssydvLrmScy1HkiM9YrADrGa6GBFezq6j

Transfer 1 tokens
  Sender: 7itvMCKV9RYxrvXdzr5hAiBGXjWXVqjMALh3ofVP4n5a
  Recipient: HsYqf2nKv1dHHBB4SD9zsDCjPysa5NeGGUKnwJJ73Pjc
  Recipient associated token account: HMVffJLxvxznC66VfhFWPonT4ZrR24eLCJAJGiEAffjE
  Funding recipient: HMVffJLxvxznC66VfhFWPonT4ZrR24eLCJAJGiEAffjE (0.00203928 SOL)

Signature: 61uGHUAbUdzVcxfET7ALdux8wuAEB8D73Hrg2CRCLWy4yQ7iPC4PMke2BzdA3q4U7JZFPdzcNSn3d81yUU1ukqA1

Transfer 1 tokens
  Sender: 6P8f8D2jBFm78VXz2YJMTA9DybfHMb6nAKv9nwPCGBAC
  Recipient: 9CeQYRt1eK15SUAv8AE6XPhh1ijhBF1dyPdGQGAiCfMx
  Recipient associated token account: G4pLw7zSKsDrmA9xTWr6srqaFgNjMYJiSDQpo1ptfk5e
  Funding recipient: G4pLw7zSKsDrmA9xTWr6srqaFgNjMYJiSDQpo1ptfk5e (0.00203928 SOL)

Signature: 4Y9iMmEoQBdRpsmanuzvUgLyGYby79rckBhKp43UsAzFxsEgQjkgnsQsVCYHVFxTbBJTnto6VBTnoKQyrVVpvc52

Transfer 1 tokens
  Sender: 5XFy4srSpAAZ4kKHzKBQF4vyEAJkQCyR4se4H5S9sG1t
  Recipient: CLZogmjyLPTdoTArHhqy1j1VUwR2c1GSvMGNenSkdswo
  Recipient associated token account: 8SvKrJvz7Xc44EGVqopPA3SWbB6V2f4Gy3JBLPGqZWGF
  Funding recipient: 8SvKrJvz7Xc44EGVqopPA3SWbB6V2f4Gy3JBLPGqZWGF (0.00203928 SOL)

Signature: 4FKXHJN4QLMVBZADj9gGtt9kvddrFj6ihZYeCVY5squJ5Qh9q4z9GzSxSxdWL6L4y7FH62FXSYAC26ruP1JQHVxN

Transfer 1 tokens
  Sender: FPpA34UkawiJ77UfidGG3P8H9ifDNF6NPhcAYyTvJuGk
  Recipient: 8pvjuHGYakaPWkpvMkjDGtWQW36u3z3N5dtxXacoW32c
  Recipient associated token account: F4JdjHXDEMPEVhbT49TpFCNwPQvsVCxfRwRD6dzFkD8E
  Funding recipient: F4JdjHXDEMPEVhbT49TpFCNwPQvsVCxfRwRD6dzFkD8E (0.00203928 SOL)

Signature: 2aM47pEw72EcZpDVTZtwVNPZYqk5qfYZSamexFYR6o2UyHMZHvX2vyYhsyZXKqtz1Hoxr6a2f3jXrfKbYq1utpWf

Transfer 1 tokens
  Sender: Dpc4dv6LLNegUeWXiUc5g9qYPDwESV6YTMYYeSqjucjC
  Recipient: 7zfyHQYPJEcQhBywdXqSMfzpCsDZSBZjNzcp4LQ2PcwL
  Recipient associated token account: 8CUgAzwgaAXwHSkB6Bjngn13yrqQ7cVoNyCnRYGkodLU
  Funding recipient: 8CUgAzwgaAXwHSkB6Bjngn13yrqQ7cVoNyCnRYGkodLU (0.00203928 SOL)

Signature: yE9ARF55a8YoB4FuTfh4NXhCEigMc5arYb29k9EtC5DpzjSjjsCFYiELhhjZWhdSyUrrKzhN1hxnsnkezjWQ4UR

Transfer 1 tokens
  Sender: 8cyGEVGDABFEZowK4nxDdGBgzqhWWuE4uJSRcrtobygN
  Recipient: 51oET2dy4vCmZ1JMGYR9hbsvsLng1vcLD6z2AZp1uq1j
  Recipient associated token account: CSUEpiDnRVyXdK8FGeCTExA6DspvymfyTf9vof6fpQDv
  Funding recipient: CSUEpiDnRVyXdK8FGeCTExA6DspvymfyTf9vof6fpQDv (0.00203928 SOL)

Signature: 3a32eXL8at6RrYmdZtLeeu7kSzp6EEwh8MkubrjV5kw6v4E5p3JJPaiUhiTqEpLVRWEyjkC7LJDFPfnKyDWgZKJM

Transfer 1 tokens
  Sender: 5iHJuYGd1J6geKpEr6QskWpY1u7mwooWEnv2PSMDhDi7
  Recipient: 73tF8uN3BwVzUzwETv59WNAafuEBct2zTgYbYXLggQiU
  Recipient associated token account: 3hcwGzPGpNGKtHVqmWDfhvrzyqqtnQxo92XdMtzixFCw
  Funding recipient: 3hcwGzPGpNGKtHVqmWDfhvrzyqqtnQxo92XdMtzixFCw (0.00203928 SOL)

Signature: 59zb2LU3o2urFtDRTXf7EfQv7cmjTpWeiNLCTNsoJSxQQWt5vMB7aVRiDSABPbH7D4zw78ZxpTJH4upWEEUMMufY

Transfer 1 tokens
  Sender: EHomgkTkkT8gaDWAK8w6NFkMfEScftjWb5kFD2HVp9fq
  Recipient: 4WZB4ngHRK7taJmroiKRFTBAwhGj1HZeb8ywiVaUsHpP
  Recipient associated token account: GK9awUWHQvPyvwLBjVy6vVL8NYDKgGJnvsgZ8i2Mozsu
  Funding recipient: GK9awUWHQvPyvwLBjVy6vVL8NYDKgGJnvsgZ8i2Mozsu (0.00203928 SOL)

Signature: 2C58wQqXd2ZdxJM3KMEvozUeJggtMPULgo9YEUyaaGEeT6ws8aLrEWF3U9LMrMMgPfNB9pJw8WjeLKp9C59agWKs

Transfer 1 tokens
  Sender: FQkHPxBcjJoF69Wm5aieFLtTazgHrF3gwosjuj4BFJnx
  Recipient: 69tGoogmumWeubV9rjTYXco5rK2ZPBioCY7DM1mUK6ku
  Recipient associated token account: CDSjTVFVuXMMoTWUKXgtCEBF9ziUsQGRSvBaKe4Ze1E
  Funding recipient: CDSjTVFVuXMMoTWUKXgtCEBF9ziUsQGRSvBaKe4Ze1E (0.00203928 SOL)

Signature: tsfssXuHvj9WdjWsuzmsJhSw3imyXQ9n5k5vTmRmPoGoqfEoZVVpx1rtkDejvTERe9vBjuKzEZYdPS2MMnAumza

Transfer 1 tokens
  Sender: rTk9pPGbgfEpYVdhUgBJp1ddKAniJDk5jqSqcAXVEjj
  Recipient: ELF8eieJAgKHJypyvoWW6PiRFrEHCwZd27K5f5UmNgjZ
  Recipient associated token account: 3vCGJv4qF6rioeLSqk7aNUMFyFHPyvLELNYhBCssfY6e
  Funding recipient: 3vCGJv4qF6rioeLSqk7aNUMFyFHPyvLELNYhBCssfY6e (0.00203928 SOL)

Signature: 5goNXBmDaFpBxDHvhBgNSFwFgzGKzLtBnDdEZaVQ9DUSAALgrooLjYVXjSad8ZzNPN47y4heSuX5AKEjoWTBQiLz

Transfer 1 tokens
  Sender: 2EqJXUsvX58nGoNbjCzjgRQgxJAVckWhoFKbrPFuAMCX
  Recipient: HztqUciz9TKPs8jV4R7HHn6kXfpYYmz9VVfLJ3vCV5v
  Recipient associated token account: 5ERVoKAHPPybB9JbjFH2jfKUWm4ix7cRNHJ9CrFbvkX
  Funding recipient: 5ERVoKAHPPybB9JbjFH2jfKUWm4ix7cRNHJ9CrFbvkX (0.00203928 SOL)

Signature: 5c5zijZgr1L3uaYFxJVgRmHQ16aANQmPvksfgxoQMKEtZ1EXanrNuksDJbK5ycKtC6CZEbALap2cxQ2YUY5veaCM

Transfer 1 tokens
  Sender: Fe4GuTNivvEMeRFcLbk8473RHixtx7dGDefMBccvHy5u
  Recipient: DrzrZh9SaJJBn4qsX8UwrqhUT6rg7tj23zabRkhd8BSi
  Recipient associated token account: BXax1QsJJ893qBqitAMP8fFr6ABFjzEEejAjD678XUPC
  Funding recipient: BXax1QsJJ893qBqitAMP8fFr6ABFjzEEejAjD678XUPC (0.00203928 SOL)

Signature: xCSGu4mQRhqECot8rskPLgpcU3cV5MinVafNoExjYP3g119pcuiCevjLUydTPtZLCKJe4ptEBoKWScn9PT7sUwN

Transfer 1 tokens
  Sender: 9d6GicjSvbYtU2oeiHYUH4guyJYKxWoeAji3hKgkzM9E
  Recipient: 7tMyU22ViPrhY14fy31bSmTsQK6rwc9q3Zbq2u5RkZis
  Recipient associated token account: cvhTBobUvQnPZDTDFqJHd9PjWDsi3YMDEbJVmxrdV8F
  Funding recipient: cvhTBobUvQnPZDTDFqJHd9PjWDsi3YMDEbJVmxrdV8F (0.00203928 SOL)

Signature: 5iFntJDGoFUbwdtuhrG6Thha4NARXmcUKGQfGgeZiSbH8SytyRHDQdf3ieDGBtAx19QsLomWEYKoQov3c3p7BpEq

Transfer 1 tokens
  Sender: G6Lj8i6YCm48TnfNKTuFHD2oV7gV4UogKXRgvXCsjLqQ
  Recipient: j8U4gLwvBQPE6ah9E1prYAe8zUYfWUx1pQeQ6Hh1bUY
  Recipient associated token account: 7DyScFSY7dR6RpzXqEhYn3A8yZSNdKh4jM26nbVvMvKJ
  Funding recipient: 7DyScFSY7dR6RpzXqEhYn3A8yZSNdKh4jM26nbVvMvKJ (0.00203928 SOL)

Signature: 2q8ajACrakCoBknNqokbow5BQDyeLUVqm9HSNwGPgeayCUqcqXmPh8D73qvnqJeX74K4HP5TgpfEwTSEgaPuNkXc

Transfer 1 tokens
  Sender: 3gcKAQGEADiJvWfgmirUd5Q1Lg9j9PET92RvULP5HEJK
  Recipient: 9a2DjYVkrmWXsCNzaUsL78giGdt6JbK7TBSuRktZYCut
  Recipient associated token account: 6oD1q65bc6DYuQDkdjgPgatzbCPQPp22bgxfr5pyHLMS
  Funding recipient: 6oD1q65bc6DYuQDkdjgPgatzbCPQPp22bgxfr5pyHLMS (0.00203928 SOL)

Signature: NAYWGhHRrGVDg73gM4D1wrt8TUr6eB1jwoHsFi8na1AtH4KrRLip2QjEFarHuLAvzNsFm7eiyjkzafyixvuVdTE

Transfer 1 tokens
  Sender: 8rfeTqfe9mR3XTP5dBKw4cdBhPNjkVBBhP3YhNXKoRLy
  Recipient: BPz1neBDtyQ1b8h9vG6Pyv43gxGcVQiHYNqFH7hfqGoU
  Recipient associated token account: 6rEjYTMfaNbERrWoBcYLCJwBSygKHZaRZH5y4V6rCzHk
  Funding recipient: 6rEjYTMfaNbERrWoBcYLCJwBSygKHZaRZH5y4V6rCzHk (0.00203928 SOL)

Signature: 4pzvGbFc7b8tdTTB9Abgqj4AxxfMhrhjARSqvR2UG8K7CbsLaL94BwYivfqqmqNofM8wQe4fnDmU1R9s8r6ApopT

Transfer 1 tokens
  Sender: HNoSAPjz9cmVMvs8R5kUaMPsTiLpKVCGZMk6XzC8523F
  Recipient: 6XbeDCCBvv7UWfRCUX6R26nidck3TW39Q2izZNYAwxC7
  Recipient associated token account: 2NvpHxyFSeZ8U9WxzQa6LYDau26zCyRHtPQzRRDTRKHv
  Funding recipient: 2NvpHxyFSeZ8U9WxzQa6LYDau26zCyRHtPQzRRDTRKHv (0.00203928 SOL)

Signature: 4L3cXWFQkEzqWQrLwFXinjyQccMyrKixxu1eayaTusdsd76j63iRLzfKwCmWT2zD8x6TbcQ5oEXtQNsJoj6HGHX8

Transfer 1 tokens
  Sender: BLhLBbdqQMtLfLrtUpZF7yPmrXgNrraJ2Y14JpUkYWna
  Recipient: BnELXXs56gSYm31HjBm9z3U1iqv7B3DkFTcLDCWxtbwL
  Recipient associated token account: GTHUogkAuixtvA9vrGrgYsJb6atkvSZyqASMzaA31SDZ
  Funding recipient: GTHUogkAuixtvA9vrGrgYsJb6atkvSZyqASMzaA31SDZ (0.00203928 SOL)

Signature: yTVKZpAW2sBbn3ADhUjRNNfAjc6UbPmerkqsJDK2L87jrun1TDAdHCG2v11sa3hpXXkWaUL7H97Lkhxbh2n3Vng

Transfer 1 tokens
  Sender: F8no2gLfAih1EwUXLEhhnWWrGAZWpdWXFEsFpbB8eUNm
  Recipient: CjMyQ3kZfQu4JAzoa6nxzaVwZ6KXShdZzsp9KMU3X3eU
  Recipient associated token account: 6ZbzMCweR5sAth5yFnJuWQKs8xx6cT9TSKgVcpLEfJS1
  Funding recipient: 6ZbzMCweR5sAth5yFnJuWQKs8xx6cT9TSKgVcpLEfJS1 (0.00203928 SOL)

Signature: 2wQYwheV6Djoq8Gq3wCsv1yucc67HchKzo2ZGBDkYWNU5dXNGx4Bmc7ARJKahaEBF5UUTdJxBFR2syRq2ZmWo5R

Transfer 1 tokens
  Sender: ESjBewuxTgSkmHx41x98qPvE73RtoiVFj8hAFrZ6V95W
  Recipient: 51oET2dy4vCmZ1JMGYR9hbsvsLng1vcLD6z2AZp1uq1j
  Recipient associated token account: F5hrVzPGg8Gs4ZGSFHJg1YVFay7L7xejFTWPc5zrztUP
  Funding recipient: F5hrVzPGg8Gs4ZGSFHJg1YVFay7L7xejFTWPc5zrztUP (0.00203928 SOL)

Signature: 5XhAYFmSmGcH42sHz9q8L24uakBxuuuSeNddGX3SKn4MyaJvoa3bxF5Pw5RFJFyAxUEjue9UfDUoJ6pw71SkscED

Transfer 1 tokens
  Sender: E39NPDxsDdDpSjBwB43eCGjhRqLZqVmfvcQPTeydaeWv
  Recipient: 4Jgc5M9mycHzuC7Wbsqr5dHqWW8zW1xygR1VqRjojQHi
  Recipient associated token account: 3vCLfsti9MUnvJHCMEkwk7FbRmPJUZbJwqpAskGjRBqm
  Funding recipient: 3vCLfsti9MUnvJHCMEkwk7FbRmPJUZbJwqpAskGjRBqm (0.00203928 SOL)

Signature: 5MQoGax6KsKdaod79jSEusjsMC8ykyeT5TS1K8KQsF2YuuymAt5Ecrnb4XLRzgwrgwDiFqLH6zfbjFiCuRoJG19C

Transfer 1 tokens
  Sender: 9g1zWdAVTMRwRbr4ChLdnTLMyfsNpyCS1ZQzLL8aeAUA
  Recipient: BYX4PsSsnnuK3tQ2CrTMqPrsA43Savq3AmKBUpPQvksh
  Recipient associated token account: FrN93DiEHhC5ahE9RCSF92eYRDr6MfVnBZHDncQGGt3U
  Funding recipient: FrN93DiEHhC5ahE9RCSF92eYRDr6MfVnBZHDncQGGt3U (0.00203928 SOL)

Signature: 3qeLEVyE1RRShQoFdeR8K4H7D8q5hwzJUw7CfBMtneKyfayS6QtxoS3KU1zLjMFu6mP6cbyu4WDxyGTNHQTb3KvM

Transfer 1 tokens
  Sender: GLzoGPZ9ejePeQFQrWHt7YMUWUYeNjjh9f7WRqVZaZJX
  Recipient: CJBDLZx8KBTJiMCx2uMi23xVk3YXqYVgkEy4hc3TybDb
  Recipient associated token account: EvCdegDeShvXaEGWddDUQVp1JF6bQWfbyVBovJo65Dw
  Funding recipient: EvCdegDeShvXaEGWddDUQVp1JF6bQWfbyVBovJo65Dw (0.00203928 SOL)

Signature: 51mAt5o5hAHYyXi9uVbZYiHck8F46MwDwmgiCGcU3EiHs1W1S7hZV9YCMUfbGjgLn1kkH1J6RTdc5qNA8iK1RAm6

Transfer 1 tokens
  Sender: 7KQTooT3RsWYzn23V8Sq7NjdtUhoGUd1v4vDpvDLqKQ
  Recipient: HprXz1oStS1A6CgwNpbp2mjAKi39YMTBYMug8Nz13xwX
  Recipient associated token account: FxoFTxFvJHR7oFFtzKv4G7oTNT9Kui4tzjAh8Sv38tUt
  Funding recipient: FxoFTxFvJHR7oFFtzKv4G7oTNT9Kui4tzjAh8Sv38tUt (0.00203928 SOL)

Signature: 2i5Wz2sE1HuwYjzZyHbxsyzoqXkpk95fPqPJFDu9RgPxjAteY7oKEqb9UWE43frtZoXDQxUZrLTz3MhXFN6yiZAw

Transfer 1 tokens
  Sender: 5A62W4ztfgYFgfMRrKmT2KZ9AJc2CtpWdFbUyV1KD7T9
  Recipient: toakSWxfPivAwiPoBfjpGg8T6h7957iiDaLgUYFHUtB
  Recipient associated token account: VWvXAB4GT24RruAyqfUkWfgErcpUXgYVB7kX8msbxC1
  Funding recipient: VWvXAB4GT24RruAyqfUkWfgErcpUXgYVB7kX8msbxC1 (0.00203928 SOL)

Signature: 5ixbBH66PsCVDmmnS6vmiMjjQbSnWZtdgxepyoKVRgoPJANyvMengeeLwmNfUSR9XqfURZS2k8gWEjy9mPgm84yo

Transfer 1 tokens
  Sender: 6Usj9LfbNWi7uTmfojw2r24N2wqKus3qS2V9cpvqj7mo
  Recipient: F15rzk8R8DHeskM1CFsuDKQidbK3yCEE5fSyd3upevze
  Recipient associated token account: 9U5JSXprMUubz9Tp8ogX4xjJXhEsLVdh6pK3Y4bobs4
  Funding recipient: 9U5JSXprMUubz9Tp8ogX4xjJXhEsLVdh6pK3Y4bobs4 (0.00203928 SOL)

Signature: 59CX5EZxgoXEuCZ5EVXXU9KFUjYUXvmCCbqTjBM5qxLgaUjTZxcA3mRtX6Qsq1fWD1WiCKWQD5yzuCT22otCTxay

Transfer 1 tokens
  Sender: EHg3CQKGZKP3XM3knBvkpbqWPt3ezKiHsUkZpQ46Xx86
  Recipient: 4cKqqwoADnQVUAapaq1CrCwpBwbvCSohZPzB8aHooJjk
  Recipient associated token account: AuP9QbiUcEP3eB1SCBieZMNgfXA339bNMC7c96VxiLMA
  Funding recipient: AuP9QbiUcEP3eB1SCBieZMNgfXA339bNMC7c96VxiLMA (0.00203928 SOL)

Signature: 5RGVA7WnT2vGxcnqHW2BEGNUt9J26rjuvYZJTtpVK7dmd5VFDzsbxTjg3ifsfj7ePzsv37ATmPAyeHM2bKRCT1DM

Transfer 1 tokens
  Sender: 6KupWJiLjP5QuxnM7vQoAZtKGgUz6NhoCXidfvNHx6Tr
  Recipient: crpQUfqtr42Y1W5LgZjvjVnEo2nsmXhSuZ1EyomFCDj
  Recipient associated token account: Hs9w7BcpjxVBmMMsyFCnhMuvsw4DbjRtD2dnC4mvNDzE
  Funding recipient: Hs9w7BcpjxVBmMMsyFCnhMuvsw4DbjRtD2dnC4mvNDzE (0.00203928 SOL)

Signature: 2zTKRJpggRbSERRviN45w9kUGWNTd5ZSYDkGiRFPLxJLYV6Gy5JbTmcSasz9ZyfqjWjdJ7gJbHXGL6Qg1MmUTmWD

Transfer 1 tokens
  Sender: F5rsx9oSJsqjXFBee4iaCq5cAeLdc3FoGiUsddvVvhcN
  Recipient: 2ATUXJQBBPrxiUkrpo9avX3kjV2PnFBAD6AYD9jc7gVw
  Recipient associated token account: 7FQF9asBwuTs8bHkev65GmDfXruvceEwnjjx1JEGg9PA
  Funding recipient: 7FQF9asBwuTs8bHkev65GmDfXruvceEwnjjx1JEGg9PA (0.00203928 SOL)

Signature: 48zLCvU7cXMvn6pDhzi8kKndXuDXFPGJ2J8WK3C4JkLgryZ2RQoMJzcagUxUZKv7YGpDQCQ8dpfhx2qDCvj8SYs1

Transfer 1 tokens
  Sender: 7KFfKU3BgsK2LCviw8nyZgSsXgwAuwdFbsRVPQWDikLa
  Recipient: 39YD5rZrsz8mSdtyVCfwaG2cAh5Amq4wDAgqZEtgXLRj
  Recipient associated token account: Boms5h6RQTnGADmdyPvW7Jg7VnsVkN3Dy7ooCoasJHgs
  Funding recipient: Boms5h6RQTnGADmdyPvW7Jg7VnsVkN3Dy7ooCoasJHgs (0.00203928 SOL)

Signature: 36hXT1EEfhSXifz3V16Kap9AVHzPKqM2AYFqo55yRvsjsYh4Ko2TKNwz8YCgGfhUdH9cLndfrJJDGq8ozVHW3siH

Transfer 1 tokens
  Sender: 4gaLhyXGDpqG4KMc5jSinLbxLY4Z4HLsJjtYHR5jEKey
  Recipient: AbgicEN3npoAGUvZCJWpkLkniVxnEdcsFnTHCcmhfUKF
  Recipient associated token account: HhYZvA2vseyhAb4djq1xyRPan4eQq9gXNNLCfDNV5SDe
  Funding recipient: HhYZvA2vseyhAb4djq1xyRPan4eQq9gXNNLCfDNV5SDe (0.00203928 SOL)

Signature: 33bJnhEu183ZQ4gnNdHhttWAHZD2VRwGQGw47GhPUndhKkL9dEKp2KemjLR3VAb4wdKTzeGH6GwsjuP55Z4cFZ6j

Transfer 1 tokens
  Sender: 78MGsCeAdgdaUa9EndZXdJwF24YF54FAbc8XqhYUfANF
  Recipient: 8jb8i3zXet28GVBEZWcRAy1xsJgE5dWL4A8f1c8h2jUA
  Recipient associated token account: 7oqpSHMRRwCkv21jY4o499hYcRLJWHgVQy4vEDTLwUAH
  Funding recipient: 7oqpSHMRRwCkv21jY4o499hYcRLJWHgVQy4vEDTLwUAH (0.00203928 SOL)

Signature: 3hr8T9FkKca86dsg6JJXHKWstHLckHeYGKd3DSigCJTLDDn3XmrwTnX2ZL9psDjunXharkTSrTyAxDb4tVPwUE76

Transfer 1 tokens
  Sender: BL828wPuDUvSeKQVJCPoRxpGZHEjqz4yfagcZNk5RGkB
  Recipient: BAg5SNJK6qmyzoNCDrqMHFxna7Cj4yXAPMR2AQNvYMY8
  Recipient associated token account: LvbtRXFKxn1ZQbY89X29MaF2QbFvCjzdzk8nxkPkiLS
  Funding recipient: LvbtRXFKxn1ZQbY89X29MaF2QbFvCjzdzk8nxkPkiLS (0.00203928 SOL)

Signature: 2dRy9EVReXzfoVA5pPZwJHcv4nTxqUzxNKfVPFUWpMrYb22ZKjFxJJ1S5F66ifhyyY6Kj38HhnUA57LHnFCMHLpU

Transfer 1 tokens
  Sender: 6BdUiz8uYp6j5YCskko9ZKaGKShmjeTivNhoym4WFJqj
  Recipient: 9jdLQ1QyC43uHFhZVB7cYLyH8EdKyF9dbXurbmXGUXJU
  Recipient associated token account: 3DMhkkuNeJR93KuKXSSSHdXkFYGFuRi2QTpC3qtanaP2
  Funding recipient: 3DMhkkuNeJR93KuKXSSSHdXkFYGFuRi2QTpC3qtanaP2 (0.00203928 SOL)

Signature: 2uongqqo39FJiKi1bWaddQuvVRjqAc49yW3ZV15hN6MM4ZuotR2vnbt6hQMsLrE9spJyPxu5V9r2FoQ7SARf51i6

Transfer 1 tokens
  Sender: DUUJPEk731PoFtx3s9UcrWBtg9jRSqn2GJd6Dp6QgRVV
  Recipient: 6FeDsmcDe16XRGzDeFHasDxYiTPtGJbbwLmpAqLzux1f
  Recipient associated token account: 4nyqWSWkYmFiRaN8k5GijWsDf4JyNuKipuq3KN8ZiHLJ
  Funding recipient: 4nyqWSWkYmFiRaN8k5GijWsDf4JyNuKipuq3KN8ZiHLJ (0.00203928 SOL)

Signature: 5PV5Gj89344WPYUMw22XcbCv2XCxhnGLTc31C4W8XtLxMt7WRLw5Gs5DqF24LEkYjJuHHQp3JjSuVFU9c4A7AroM

Transfer 1 tokens
  Sender: 3oXw7zCxBBGN9pYwWVEpKce7kzokaAhqw4bEjFbogj1S
  Recipient: AEqngpdTaH3T78AnTh25McWeoXXnQ2Fbfvi5aL5MBFPx
  Recipient associated token account: 8hzerRJDsGxUPQicCbJGf1Gj6wCLkTpK3aG2y5XQwwbC
  Funding recipient: 8hzerRJDsGxUPQicCbJGf1Gj6wCLkTpK3aG2y5XQwwbC (0.00203928 SOL)

Signature: 7Kz3MYJjEjooUiUEz8PH8azaM8n6jUxiSYXRu1pB5iLX79WZFJcygZkkv84fGKyJLamUC7NXk6yG2Hb8EdKmCAz

Transfer 1 tokens
  Sender: Ar1fjgC9QTsGjY2ccvcwGjZV8fUwtkX7cYBaJVLSyCh6
  Recipient: 9nF2vqusHupTTNgw3quL4f3jorvPdJ8VBPv3Uw1xt3Mv
  Recipient associated token account: 7rs2sJXzXrY5bRUh9NKzx8h6z4v1kgrQKyATjB3W77QN
  Funding recipient: 7rs2sJXzXrY5bRUh9NKzx8h6z4v1kgrQKyATjB3W77QN (0.00203928 SOL)

Signature: 4kUoG6bj1mJf8PkXztoZ4B2AkhE8mQ7EQyJsaPvVVFpdGwn8SWjQ9veouT5ufmBbqZHDmay5RcHXgHyCC7om9T3p

Transfer 1 tokens
  Sender: 6hJmtALtXf9KDzGkxrDzKkxmQa92tgRN9g3BY7sikgSf
  Recipient: CWiXLx6juMmaq33BPXGJ1k2DPqzfDyCQWoAsUUe83CqP
  Recipient associated token account: CW1iNVAjDS8AZh48jDjFSXSwbzUqbMPrVtneCoCNoF6v
  Funding recipient: CW1iNVAjDS8AZh48jDjFSXSwbzUqbMPrVtneCoCNoF6v (0.00203928 SOL)

Signature: dsA5xYbtF29ofBydcTJZ92jJbUaLLsaBK17MU51m8YkWmkEvchEA2LbE9SvzPKWz2ctrv26dtY3Y1D6edA8b8cy

Transfer 1 tokens
  Sender: 5HqD6eTRr48j8Xc9oiaNWmoexXta8uQuKY8VnfuG8AgA
  Recipient: GX1Vmx4AecReyK1QxMMkWhqzgGmNs9HUVPQkaDBTDvkK
  Recipient associated token account: 9wF6vaKE3cVpaeAkxAKokKP1voVMffLuaevBddocivbK
  Funding recipient: 9wF6vaKE3cVpaeAkxAKokKP1voVMffLuaevBddocivbK (0.00203928 SOL)

Signature: 2JttzyHxFe2B6XqesjRDQAuGz3dWeoMeCx7Y3yEqMUKLXxhRkFj9FPATFFCCSnNB2aQVzmNxm7soSXjKzCstLfPD

Transfer 1 tokens
  Sender: DNXqxrFXVoA4EnUknYkW4S1HkWwoH3NWpyb4M2Z3cbUH
  Recipient: AgPhAsvcwPfT8bcAQxfyvymHdS9enkCzHDZP67ihS5YM
  Recipient associated token account: 6K9NhX3gqvopxcCEKJbxZgVURXY8QGbEzu2kPbpUWGF5
  Funding recipient: 6K9NhX3gqvopxcCEKJbxZgVURXY8QGbEzu2kPbpUWGF5 (0.00203928 SOL)

Signature: rgZMxWB8HTKwKs4yiTX71iTCxq1sHJzrq2caYNWLXgZ4gtp2GwbzFn4WyZziSu2TY6hukybkcFHYjVjfJ7dJe9V

Transfer 1 tokens
  Sender: 9152LyUmJ6xJPWL13kxtEP3y5rUebNybKHTvBwx4UKPs
  Recipient: HNEETb52GDPHbT3aLL8fk47KPL5Mq62S8rzfKKoasrHZ
  Recipient associated token account: 3ZNc3bdk14fhBNdpmKFXzUfADsbcdgNqtJWgXeqj9Yjm
  Funding recipient: 3ZNc3bdk14fhBNdpmKFXzUfADsbcdgNqtJWgXeqj9Yjm (0.00203928 SOL)

Signature: 5kDMLA2joqa5xRayCdUWK4feFktCcsBLWfrsZ74Yy75WDanEnVhzNiwNwpk5sPHX1qAkywXMzos8kFCe4pJNaww

Transfer 1 tokens
  Sender: 3biVZnmKD3z3cdPDRaeJXJ1ZSmdNSVsnAyHQRop4UVnz
  Recipient: 6zwp2ZDP32Y2SBCDJd5AjdvqfZaWGjPK7jTNhnSSCwB2
  Recipient associated token account: 5GMkpH5Hvi2xF6Ts4Nm9C8yFArLTCpMkXFWqC58N4E2d
  Funding recipient: 5GMkpH5Hvi2xF6Ts4Nm9C8yFArLTCpMkXFWqC58N4E2d (0.00203928 SOL)

Signature: cxtGbmeZLgsiMjVD2FAfLcaJXH1wwgB4aNDoJXJpZjERjDaVY5Q74hgVBuT4QuAE9A7cXPm2NKs394VmEhS6Vse

Transfer 1 tokens
  Sender: Dba7v63g7fUz2mDgmo1bA4hzvRQN1tCFMWgZ1rVar5XJ
  Recipient: HKmC9VR2rRdGMcNcdGVPqAYWnnLBgmFFDur2qYUaeRXR
  Recipient associated token account: 7tDDG1SpQeNgqePCGZAHsUtj1p91wnoMEsqCRMUfbW7N
  Funding recipient: 7tDDG1SpQeNgqePCGZAHsUtj1p91wnoMEsqCRMUfbW7N (0.00203928 SOL)

Signature: 3YTsG6eDnZ87BVE3WzWFnNwainXdF86NdwEmG3dXDxTQYhFLwU3FsewDRguXvaY8uA9aYNs3mpDvkdd86GS5N5K3

Transfer 1 tokens
  Sender: 4MrV5H5UyxNy6uX5d95zwS1pgtVFme1CJxXX5HvHxyz8
  Recipient: 51oET2dy4vCmZ1JMGYR9hbsvsLng1vcLD6z2AZp1uq1j
  Recipient associated token account: 4wswTG2aBcf5NiJMHVbci98woVFsCq18vAovNtA1bwxj
  Funding recipient: 4wswTG2aBcf5NiJMHVbci98woVFsCq18vAovNtA1bwxj (0.00203928 SOL)

Signature: 396WMvXjpNZZomBucGmkmKtb2abLLVmfxggPW2GTUYfznhbsjoMbBYzqbMZMwNwb87AyHY25WPYHq9vtukooFvqZ

Transfer 1 tokens
  Sender: 3DqPsCnRZzYXnbrNDDQZ8kmSF5nP897jK5zuSgZQAXaw
  Recipient: C4HHmTB1N3KUqiJjR9ypgGWeKnP4mVSwVjHYB89CDuMc
  Recipient associated token account: 5ZHnSYTwpi7CLxgXz7G8ZMw956ZPF3mbTJpgmi6Q8Lx4
  Funding recipient: 5ZHnSYTwpi7CLxgXz7G8ZMw956ZPF3mbTJpgmi6Q8Lx4 (0.00203928 SOL)

Signature: CsVTAPdvhMKKC42iK6X66nVz73TDLoUd7pFj7rZ49yhQqqo59ZBjaE3YcRh4ZB3otdXZfZKJ5B2J67nsq9S2CWo

Transfer 1 tokens
  Sender: 272eQNi4Hw2fsdJTQSYbvSrw6mhr727SJ16zdXshKjHp
  Recipient: GVwhePrLB1fJfPgw2JoWiK48qCgYEBHamEfd9dUSR8Xu
  Recipient associated token account: 8k7EPL3F5PzE3KdkX8XavoyetbKwjyQr9n9Qxybxm2e6
  Funding recipient: 8k7EPL3F5PzE3KdkX8XavoyetbKwjyQr9n9Qxybxm2e6 (0.00203928 SOL)

Signature: 3QKJVFbXQupMKjwjTXP3ZYgubXtg6rzUMBbkuSwy3uQwz2EKCq8H7XL1PvctbaDBNFqJDsqxZW1iV6jtbBdAZpg9

Transfer 1 tokens
  Sender: 9F8DKFxEeKL3BQhxeoM8xqXWABP32j156Z82s4bXGgNa
  Recipient: CYVikdfqKK1SmPasR93k1p6CntrmqGW4YcoSYQQ2TeVp
  Recipient associated token account: 4VtLJcRoeAQVP4kgcRmxKnwB3xE63cz5vcKNjBC2Y6QH
  Funding recipient: 4VtLJcRoeAQVP4kgcRmxKnwB3xE63cz5vcKNjBC2Y6QH (0.00203928 SOL)

Signature: kboQ3oQQGBGXMUcngQgBvcJ62B65NVCNwv3yanN4hhMda5jkv1Rh3gKfKbibcj8aY79X7q3qxzw4oV8KYtFV2cW

Transfer 1 tokens
  Sender: BDfBoAXhqmupeSiEsGW63QVMLhHGkesEN67fUqPwj7iH
  Recipient: 781GzKc6aZPcheyEhmeziGWNgJBhePtVnsRsSCvrvWTC
  Recipient associated token account: J6rgLxuqxKashkdvKP5uz5mBwB4Tg1S8daTyRxk6FwwS
  Funding recipient: J6rgLxuqxKashkdvKP5uz5mBwB4Tg1S8daTyRxk6FwwS (0.00203928 SOL)

Signature: eZj7L2K8g6uUMorfop8D75rNu6pKVgwyZ1e154b8ZSHhcDDgZ4V8vx9aEMxZg71RV63JCkn1GLpAaZn7SQmMewP

Transfer 1 tokens
  Sender: GoHTxoDzj5CVNtJ8GUDNJ4ZYTogEoSYvAghbq4ABCAqN
  Recipient: o2Aug6JB1RDFk7yYsf8QCjpWo2WzgwFkM115gtSJU8r
  Recipient associated token account: 4U6eJX38WhN2J5KGq5NmUMj4P79VRmUoPyCrk68jAfU5
  Funding recipient: 4U6eJX38WhN2J5KGq5NmUMj4P79VRmUoPyCrk68jAfU5 (0.00203928 SOL)

Signature: 5XZ7crjbVUJm9Zn8znwy83SdDMScU54mhsHapwJTzBTRaS1VwTPmVrgBEseNy2B99o2seukcvohhsvVTNTZAw2bx

Transfer 1 tokens
  Sender: 4DTgBAE2oN4GYKR8ePVkGGuUW7Lxp7Gsp5rpEuUC5YJF
  Recipient: 98mTCAtYbsKqgW3BiN1EbrKEiGqrrhdceS9qBmvAnWqc
  Recipient associated token account: BCAcGcjrVsT2xCDrsyW5D774zzsmbwyxMHKr1gw3tNeJ
  Funding recipient: BCAcGcjrVsT2xCDrsyW5D774zzsmbwyxMHKr1gw3tNeJ (0.00203928 SOL)

Signature: 4iu4YW9AbdnrTdCi5DjJC37xPpdXNNzNPvcCgn8D7SdNd6QAYB9JHKaVwUiu7EUxUcLkwMC624K11MQWSjRiR3sN

