51oET2dy4vCmZ1JMGYR9hbsvsLng1vcLD6z2AZp1uq1j
9K4XUuN1rm5ErTzCH5kUg6L3KjC6SvMKMmtspar5HQGi
3Kx42dgP4mnr8Lnw58rdccNfMXCP3au91WTCJt2GX3VX
BtB9qnim5zvvcAQCMnVeWWZiSX9a5tLPo5hKLi9ta4UU
9cQepRHEXLZC2F2ncuK9HY6b228dQ7HNCuxZatWZXsNe
FJ5hcKnacavLz9geNZDRyDXdUvZHJBVnn5RLLy3sRtra
7iGCFYLUJczcHwpUnCCK5QFBCvYwznnj82RoYQQnWu6d
97xAKp8FjyXkiYqTtYWN9ArD7KxTevzaCAo7VCcwLAsK
27TNAPE86WKjPw7wyEp39NSZpmDBR9peuUw2eNFqPvi7
7KZaSfHNX5GvLxV2pzH3pgNxTyMYnmeTYeKc4pvTzNWV
HkeaBPBkXnodhLGr3A7M8ZSYNV7nfyJs5YBixvL7raHY
EWC6ESChdBqExhp96XPMLXR65pXP6Ftuh1pPAVws4pmk
BQ6W2opUUbyd3mVpTX1NRgFWgqBxyt3FSLfSR6TXQRug
Fqc8dHCpquSXrNq5HvAej4fgerR4reAPqtdeVQpgcgSm
2Ygyhe4NN3wPYV1G8Rp7VLpLjHDnC4cbFp9Dsk6kLqVN
CQ17ThoiA5MA9ZTULyFQYBs8S2y9byxkCi3mpfvXX9rr
6Ev5cfdxNHtsWSLUQqPdjPcxMxGbpT3tTWtkMwLV75T3
CkMFDbNEwaNiaQKaq6uUH3hmXp8oQKcGy9cT12F3xNLn
AwgVoyFwAwB8vH4KnsRCGdfuaCoVHmmrT7okuLJv38dT
7XJxLmcJgwu29Xr1A8LPc9WscCKREXn62cjuPuCLMbrR
2UmRqNHcsup4vuckViE3dcwar8urezCc6rhU9Dgpawsf
4Godan2Sq78jyqw1Nd5uaiywo4kbGydy8LUedMnsCBrN
AsxYivuyVu6znDgnwenpLSLvkZDua4mGKxTvM2JgoeDU
51oET2dy4vCmZ1JMGYR9hbsvsLng1vcLD6z2AZp1uq1j
5tgZmrCGPTFsQcsb8zswLfrGuYiLp1LTuNPBvfrQb2Yy
C7YQJ1nTxQsrpD3KBPEUDgtUpSKfLNYd1edm2odXdRxw
BU9GQbSnXQcF59sm5VW5vM4QP138cM6s2vV4p4HhrDjY
BYcufhYPyrKqVVsJD1Gzf8UQL7q2wuGeLjPARXQH2vo5
5tgZmrCGPTFsQcsb8zswLfrGuYiLp1LTuNPBvfrQb2Yy
2NC5xSUy2itXJAVMeJv5iteWUtPxFSgNKwDjExVuDXSe
51oET2dy4vCmZ1JMGYR9hbsvsLng1vcLD6z2AZp1uq1j
DjnwdU2Hj1knTjbpf2R2SMVs8f2VaABUgMHgNnRzjVME
DfzrVBck73vZAXDwerPC5sd4ZTCwZXfewFHjZWz8mjE9
