4us47W1bnHCqzjzbzn5ZJwjxnc3RBZqe4Lkid7TfNQBX
4pUQS4Jo2dsfWzt3VgHXy3H6RYnEDd11oWPiaM2rdAPw
APQNEHWmpv5rhhmTLZJ5LPfNzDv2Sy6N5hXgGtXbAdRT
FpSrQMhnYa8YRnEQqKstyi8DYsMvET71CPfnmJkBSSP5
6aHUbjgrRXEu6yMrsYEmv3QM5hs92HaYRGV3tNBjawkF
4H389fKsqzX1vHGDrtWDLUKLkcmMi4aJsA7srHwZto5r
4pusNCEThDajgBSa1RefNdFPYgj5epqCT7pmF2ymHFk6
AgPhAsvcwPfT8bcAQxfyvymHdS9enkCzHDZP67ihS5YM
F2E3GcXewJR4WfVmLhJUgNK2aRP46s638CVFu3oFT7ap
CqGDBUWhmUZvfq3u3Umhghk6YGVSMvHNvG3bEpy257Hi
AEUto3eFWHLAmmVRq3Vo2fmHXwte525jQGG6D7pN4RRd
Ci25WjrikU27LC2DwuAddmaH873GitAWp6dgNPUVax8U
8XoA4fSJWndhft79TCXFUUe6fKLZULK2CGFfBedhd5X1
ANku3SWp9vX8bHfQEKnjnw29t5HGkxA4fMXxzcERQDgu
781GzKc6aZPcheyEhmeziGWNgJBhePtVnsRsSCvrvWTC
8zfdGUKpemtzs2Ypb8reoN3A43o1ZkbwFCBNzpUeFeUo
51oET2dy4vCmZ1JMGYR9hbsvsLng1vcLD6z2AZp1uq1j
Fni7b9HLdAL1fPNHLYzQxAyZYN1y7MVKmjxhn8QnyMWH
GKez381x67tpQHngoz3tV37EuquKvPUqkJFpEwXXbYj4
CgbJxcA4DS5Lr3SvsAntXDWh32CMYHDRcMqcjCeUV1im
EAzuPsCQuDDm5EyUeSS9bDbrsDrKejiRNJgLJkRvqAWz
3bDeiqroEHSuWM5AenRNDevoNWpC1FtWvdxdfRt6D4Hg
7etmS5pJxaA3jpJz4DuW2Hh9VgV1EWxDXCufZCaLLsGg
7P4Bb1pCMuYNveYhg2j445cmTRCEGp2eAAtBQUv7Jz89
D7FG3Usyvwh2t5Dytrpfbh2nZwLY7RgMyAS19TDXCzMd
AkdfJa5NmE1pQt3Ai7DpgDg8kryN5qTZirp6LQcpen6R
6FeDsmcDe16XRGzDeFHasDxYiTPtGJbbwLmpAqLzux1f
74MCLCGZ6HKYja3Uca8UQN5C3bw6NeyNXF6xRqaWkaFz
45kyqFLPivyisDntfumXwFiEqtFSmHZbAhsy5u4qx4Xq
DJNqLSq1G5CiY5w4kWoj9pVVUXXgHoa2Uw7Ja2jBMXFg
FtpjoeaxkPq513HFvmYzB7ctL56yPN6ntzet8pGsTYor
HCtzVd9MmEeZ49xQ7m5TEwjXboJJzyfn1X7Efjc2m1jq
C4KtJu4hyGbtzvQUtWGqhTysrg4Jn594vMjm2bPwyTtM
7ULJy8FemAuWo3rSUAtbr38XEmXYz8XH9WDHN6aN2Zu
5awsmonFXxL4xCNQTYVgw8zGWXEzAcoTbirxYEYqxwh3
Pww1ohVqQrmaHKPeYwaVT5pxhQxJex3vhM4M5ocsLUu
2QPRHQi7xXttgFsveAoC41CCjgqbPb2a5bKkYetjiNKn
HExH1uQGJ9z6gH61JhXeZyFwS2vcUyByPK1ttVFDD87P
47ZJRamq2rvTVxcFQFs2499ixJcmSXCKgb5FRnifYNsK
23XNgo4x5FwiQbN4TV7MZ4ssDgQ398vrpkfD8F3S8KTj
AerAh9j6xCweT81jJr7hUa3BQT2Yy396QZDmbpwY6HBp
AZrbwsZxCsxQLYxvTyVckzFYCXDzBEYc5JpRw1wXU5Gy
59gMFGgo8vfgDGnevkpPchjteThHXce4o56qENi68MMc
DdDZiAosTCWnmrxgxA5Wbq1uBhYkG4rmGcV915ZsvDLv
HMaqavzWbeWxWBCqXURYMKbZ82cB2wNtearJvLQGu5ck
CeN2G75zcRCsw8eQXkop6WuxfmdPhwV7kaRPTSiFrZy9
4Yk2xt8GPwntdgkY9uoWQQmbmrgmK9CT4mVLrrFrvsJt
5ABiBR4wchsa9KiP9Ewy44vzNne3VXS3FG2cxDJEVyWV
2QpWokgNmq9UdseJEenS7WQ4bdZhnrQiLpYkoktqLdmP
G4yn6VjDQoRRgqKVt1fp2uei3rFHWWKA5JwWPMM4eCgT
A9D82MkUWXS6Qbhg4Ayxdit3xNLFo9moABDjrVpSwJc2
H8QmDjeK961AHxcpu2gCNLKAoJpDqumzKYYcV8Zg7Ftv
F1soxhJkD3Rhopsk9pXpkJf3AYJhMAcqQdRdzH8VgKFd
CakCB2mYApvhtzJWgmejHjuTAVDGbBk5zjzrDctgkxjM
Dg5gU6sFvZ59u37T4UhaxQBYeACu5uNz4UfdM1LJFGrg
HuQ123HYTBcHHiwpiPh8qf2aVz7a2iusS6DHckZgCJGV
4pUQS4Jo2dsfWzt3VgHXy3H6RYnEDd11oWPiaM2rdAPw
7tMyU22ViPrhY14fy31bSmTsQK6rwc9q3Zbq2u5RkZis
D4vK9y5NAhpfZZWCmuMLSYJXttVSD9qfW6rva4tfvFo3
FPJd75QXUqtp8kAoqLcoPaWM5UvvezjZmEtW4FefjdbL
GNSJ9xpHiLcTNEhFWvSqS9JXiQ9mRKNfGvr7QKmRCoAF
6ygk428uaLYS75LxoTbikJSx8yXJ9BQzjeWQUu8ehymR
Qc5SZNSRdXfVxbheZgz4FkfRH47UcYrv39adXhYcLb3
97xAKp8FjyXkiYqTtYWN9ArD7KxTevzaCAo7VCcwLAsK
3qFXw89gzFzNjieacSxmws2VwmCZf2yFxHAiQvFWXqcY
Eks7hx6ic5zyya2NqGX2Frhk1StZU3A3fzKg2HPcm1Gf
9KJbbRm5qjnWBNZNv3Mhk2hEFqqDAYcCHuUPxnG7W64g
6cxR31FgTSxgnnS2cdsjhpbzyzYhpdJVTrxdHmnM3uBw
AgPhAsvcwPfT8bcAQxfyvymHdS9enkCzHDZP67ihS5YM
74ecjMfRg6EUV2t973oU1VeueQ2JTXLhXhZcPXFVtYM4
7iSwracYgCbijrsgHZFArEp2NZcxUL7rPWTAaE3gdEEY
FSmvnJkzRf6vwCNzvJGCJEg6i9tACFiueANTiFqsReo1
4TSj7T3Rp5fWFTEhY5uvBM8v1uizWD5VUGnxswzeDSx5
51oET2dy4vCmZ1JMGYR9hbsvsLng1vcLD6z2AZp1uq1j
G2sFCvJptXC8gUBmk366fgEr1rXVLViGTjWaJD3Q1i6a
5EhvzizkQZW3ADDc59jyVqHdEKgb3u1AiAuCFJLwvYdj
4cKqqwoADnQVUAapaq1CrCwpBwbvCSohZPzB8aHooJjk
HNKUuiFSMiCYBY3JVhfHCiZkLRAtiFkCTraso3WFZKMy
FYWNC3URfZVB4q2n51FCV5WuR6xGuzxdhj8q31MqKH9h
6SHRL5r8BBeJFVcg8Y5u2VRvEaYYweSnYtNLjb1N48qw
3uExCZNA4XcoLzfvjPPK53VpgXqKuWUBR3dmjR2c51TR
CVAHRzXua8aLUW4VKScJWKCJJuQsc3anfBAwyWgm7JTq
66oqNbfDhAAzaw8iYc69z8ZtMUHCnixUgrpo9599GtB3
74MCLCGZ6HKYja3Uca8UQN5C3bw6NeyNXF6xRqaWkaFz
BcwzmAJunqVo7M9PHuUn3srQJX73bd9xr5fJseCDGAZm
6SHRL5r8BBeJFVcg8Y5u2VRvEaYYweSnYtNLjb1N48qw
8c9pkziXLoSChUt6L9af3shVpeTQa5dMKuZuHAYuQmDN
5joCx1NXJb5hkJEqTRPuSiuHYJ5wa5gko55syyVgGRjt
G4yn6VjDQoRRgqKVt1fp2uei3rFHWWKA5JwWPMM4eCgT
67zp1qus14QpuwxQJu1NU2qpCb4sir6FqX65DFbc9N6n
73tF8uN3BwVzUzwETv59WNAafuEBct2zTgYbYXLggQiU
FVnQJAE81hKFcJ5SiEJ7mjHLiunuzAdJj3Lq9vyJ9fSp
AKNWcLwASgj645B8wNLcKuTsbZ6vZTDLxzQcpjGHpUca
HAU6zuxFMa3qeKevp7hA5tABr6nT5arw2DJ4D3GZsnrC
EAvuBWBiTo6CmdVAaLBoNMv4e2cqZLsrwJTnhNBSmj5j
73tF8uN3BwVzUzwETv59WNAafuEBct2zTgYbYXLggQiU
8gCfJGyaXLbAbBmEK63ADQthxJpf9fMi7NHGhmLCn4tV
8wAegPe9jkNhwyKH5NSD1JiG7dDcsnWW5hw3kWAriYyA
4pUQS4Jo2dsfWzt3VgHXy3H6RYnEDd11oWPiaM2rdAPw
9AEwm9w9QbeLiZmy5qDCVZXvatKLokHhLPRsrHogcyap
84tYj5QuBQNDVsFXiEPMZddVTtAspbAJ8oRbXsLwoS8x
6kgckbd91UZKk15SNxvE3ineG9BQMu7RTCPitS5rigAF
GwzmFfkvxAQ24v8rDULMi6Hkr3HRoYXMUw5hwfUpaZCp
FrLB8AfjaWgjqgkhDxkgLkso2jkXBAXToBgCWhfc3Aeo
9V4i8VdxEHgjQFEKdXT3N4nFKRtNtkKCzd17SjxVWLSo
DrVCSz8B4kGfzSqi3Sj16ehzLTHzFBQ3KoHHbdrnPFRz
5xuCrqwAh1Tu5MsXLXtpnX6QAYuZ2J5raPJamudv4Nxe
51oET2dy4vCmZ1JMGYR9hbsvsLng1vcLD6z2AZp1uq1j
8gK8TtK2r2wp6JMokcvf6gwpDXFg6ipdfkunc9ebyUMK
FaJyyFuhWWngjU31Px8z1h1hnowj3hXCDnvFXuLfVtGU
EZsxgTx6JXqZS34sDynrFkKD1Q64Eve7AW8FjawFfovV
8w1daYHzhTCuwHKiY3qSzZgs8xTFnAxCThg9P9HvjEcQ
6DDDdpRbYX4PnsHfc3jeepMib3K5bKTG3FMGBmKJnZDn
7yF3ZSPNYadfu425TDXR6XVGUGKFS12GRvH1Hbf5rFoK
C7joUJCjbFgVRzkuEZg6rCu88dRtb9BCqkt2KR77Jh2n
2xmdxjo4XDmP2tGb2xQXUv5mRC52QkWdGYVu8S1ixyTr
fDrSwAtfvcGpvNqhMtFdz5p87yaXuS4wFSzHBEnSB1S
EG64BPWCM9rgbqoB4Sn8KZh3jnKmjA3CfpxBDmduUeCt
GjGqmcQBp8LKUH15QvWTxLnBW6cDqysUBvkn9VEvGoBN
2n5PbADyQXeCMztD5wnZjF3Nn2w8PmCmqSQ68TT6Q6KX
DRshGmVTtRPDPQXUF6G8d3c4V1NQwQn4bhghjWWHqhk1
72BrcuowjYSbgk2p8zYi6JGea2RcSnzE8nDbsxmo4yjC
A8wVZjY1uR9TMfzF9Kc6B2zPCBNJ5VpNa2HWC7ERykFs
6Ev5cfdxNHtsWSLUQqPdjPcxMxGbpT3tTWtkMwLV75T3
FRpBi5GZazQQGPni9TCb25GhfK47hWZqk2JFT8Zb2CAp
CPCi8GtA5mxcs7Pjv2rxXihs8chVoSLiPRFGFv4ik3EE
BtHKvqrVTqWb9MYvZ4GsMsg4mc5PhgaYFVdZnCwQDh8X
FpSrQMhnYa8YRnEQqKstyi8DYsMvET71CPfnmJkBSSP5
2n5PbADyQXeCMztD5wnZjF3Nn2w8PmCmqSQ68TT6Q6KX
9GJHiYY3iQZVgpu97qTgH3xcYBx85UD4kJZdfnsmgPYG
CmKbwqVuv5C67PZYgsyW9W6bTUzBybsJm5kNqHp8M9fR
BFJCkFoTCwrPXTmNLLX7x43qfJY77YjCyavyRkYnFTzr
AgPhAsvcwPfT8bcAQxfyvymHdS9enkCzHDZP67ihS5YM
3HjJoQND4bDHzLELH159pNpBPoSnKRx4ZGwzxoSv3BYg
6kPujZJwhfmDYewvDfphyrpxDrFYwwPN5ZbZdQ38ZRRB
5bLozdt36jRhXhLNTjf9zGy2q816ECWpZg5S1shaLqVK
2h1jm5yv5x36WMS3WoKEhq5S2B7U1iEg7wXStX4MPEcq
2n5PbADyQXeCMztD5wnZjF3Nn2w8PmCmqSQ68TT6Q6KX
EWC6ESChdBqExhp96XPMLXR65pXP6Ftuh1pPAVws4pmk
Uo7my1W9FduU3efy3jPjpSo9kfXtPem6boXiiv35FpK
45nb485LKf1pEhsTab34JnbBb3wXnAAP3xh98xdzP8Zc
GAz612DpHGypCwkTJgRqdAPZ3jR7QXrzMdAaj3Uxy6v6
EFpipurDmX4Lgv7V5TobgR6TMnBSZv734pgcZjWNkmfr
EpXzWLpXrhaKcbcv2v8MLu6pCdgAzZ5JD5aot4oPaKcJ
58WDSzS6ViWSWXGRwnv8UbKrHo18a6HBgHWVYMTc3dp3
CKMDD7Xp4pBztCG5G2utc3kXvFqPJ17HMDPUwhLiHzhM
AqwcN2rVLNx6Qx4tp4rxgtFPsXMrE7QWRbD72BbeApjb
7MTFZo3UBzngEPfPwrZ6xuRhXjMUxgbznsWRTH5D1d6J
94hRJF6hswGrARm5pBqgvHskondACmfWHEdMPuafoL8M
BzHu964qt7p6KW5Fx93E4VR2xYuTit3NMxAncrLc7gj4
4pUQS4Jo2dsfWzt3VgHXy3H6RYnEDd11oWPiaM2rdAPw
6Xk8d5MFs3n2QcjUxmSPvq82pTtzTdmDkNpwHJQGHqJT
APms1YdSWwqDgRdtbgXdaz8u7z7yNr8yePbyjAoFSc5c
D1J6YNBnV8BzUNGHDEPPxpJLmDhvZxhX8X7cSi6kaoPK
4dqkGoq4VtjmSvoE9m7wEQWMv5qJnCLoCdEUG1ziiQ4G
Dg5gU6sFvZ59u37T4UhaxQBYeACu5uNz4UfdM1LJFGrg
2MEj8xtGE4dq47Z423HtwN4YiCBVMTBKELyYXTiypT7Z
51oET2dy4vCmZ1JMGYR9hbsvsLng1vcLD6z2AZp1uq1j
9F9Ku9zQ8Vegtwr1afvqHNKKkjPYmWGsYtRoFFWYtRdi
7P4Bb1pCMuYNveYhg2j445cmTRCEGp2eAAtBQUv7Jz89
2HmdWRAuG3rLm6RmzCZ73HP6avBgPhJ5VNvNNQzUVjxX
AEUto3eFWHLAmmVRq3Vo2fmHXwte525jQGG6D7pN4RRd
DqWdHCz4iLCiehPAcp6oj3dHyRUdeqRQMdDpTKSCaMYQ
DRguEYWdWcZcvoAGuskpCXM54dsxT7XmKToF3b1eYsZM
6CfjjT5Cyy2RNgn3wiGSuU1Q2VhrvHo9DxbMPwotzeUo
AqYdhTnwzkWtcNvAeGmWwtEmyALUx3gXaRheykSL4Nd6
J3mZu4RgKUaoVefj2dJPH5sVwvySH6aEna2fgbvSWFM2
HuQ123HYTBcHHiwpiPh8qf2aVz7a2iusS6DHckZgCJGV
62dKmy6VhcrkCRCU9fMnxMmwn8cVmwqXzRW7tA4Zx6Ee
FScVh3sUhmXXwLsyWvhiCFwNs9YMYk7J6xHXXHZN9fWf
D7bTbVJR3i65R71CRW6XCgrqrYYC74ejVQoyddSEP4fF
C9u28tV9EcKf6iqCxcQvh8M4fnxtWU27vmS3gVwwVKSm
9CeQYRt1eK15SUAv8AE6XPhh1ijhBF1dyPdGQGAiCfMx
3V1HmecLr55cdDLEXzhN8tfz7qCq7UdD2KwjB4VT4duQ
C5nhp8RwNNh6FZe9DcJnKNAnyMFDcFoBLsmeMnVKFpB2
2AfeamSvdteXZCS8CAcEE42q3Y63ydzSb3GnbugejBsC
3HjJoQND4bDHzLELH159pNpBPoSnKRx4ZGwzxoSv3BYg
87kEqjQQ7S97WAzbbtkDxF5DM7JakX8GqJ3grPkmPnGG
DajLww9JAzbHx6VNacZZWYKQfUukB9bibGRcwwHs7e3P
HZKdRj9EjbnUBGGdHHf5dLYgmJokJ2MkMkAhpxGyE42e
74nQsQFEVm7N5u8xnxCNpmYNrmcBKMS41LzB9bCXJZo3
3hh9av2XEn6BoTKCLE9B7J2MHmm3RPRfVn17R8ZUb2hw
kbtxDFxdfY4NxQ9kNAuXFJ2GuAZE95dCXQw7yeb9q11
DD14d6GeuU7FBN5c9WmgYkFzPsgRxBhtkQpYEPbLzTUF
HpvJssnfUR3tEwvSmWKYrcBFKuae4hpQ5JqjtLnju6M1
HMCuUsfswf8ngtNg1E8RgpcthsnjakGfSptKNqyzBuYb
51oET2dy4vCmZ1JMGYR9hbsvsLng1vcLD6z2AZp1uq1j
CWiXLx6juMmaq33BPXGJ1k2DPqzfDyCQWoAsUUe83CqP
4WMY5TfBAwg6oubTVh4WiaEPPiitbxMCJknUbewcd8ae
Gps3Cj9nsku3sWKaa2pvkEMXaMkp1WTby6WUyxWwVbm4
CoA6BbArzsu95PbJixBxNezZhgbJnEQN7JUsKW8matcu
51oET2dy4vCmZ1JMGYR9hbsvsLng1vcLD6z2AZp1uq1j
7o4NoA1g1asZzi8D4fRPjVuDR6YkKGhLRwVbEFfmRWX7
9Bwzp5AsWpbh7YB4hTjzY415Z9nDPJg5fssoHJNg6eQD
9ToeVdmC8MQoMw832Pwin3ctLRjR2KzciGJi7tS2bYeB
EBLyVjie81BHWm59qyoRwEdRRXrCaCHrf8An5Hq8spQJ
HExH1uQGJ9z6gH61JhXeZyFwS2vcUyByPK1ttVFDD87P
BQLvskDDRbEJwKA1JLWWq1aYAP4R9nzCTt1ir5oGJnpw
FnnkjZBy4dcKScyNxAzpHMoE2XnZ4NAxvnxBHTY9rzhR
7RvtX4WGag5Ggy4oMtj2ni3oc9amEPmscdHLGvGQdZsh
7gZnusx9yjnAcDeXCnMrvCHHcKnnfR2jmHWvpNBMZA6r
AEUto3eFWHLAmmVRq3Vo2fmHXwte525jQGG6D7pN4RRd
DwqMwkCc1iYgFaRF42dJUqRAuZq1TpzsSMi8R7zM2pE9
7KB6wpphfS78kvopH3JtkSmPSpsVS6BYtp5KNMo61MQr
FXYWMBqVQPq9Rg3v1sg2WZbuANS58JfBCaxAkS8EBCUe
BcwzmAJunqVo7M9PHuUn3srQJX73bd9xr5fJseCDGAZm
9dFNNcoMyzAJwFBz9mX7MHSbiSqSX69XZ4wNPP8FdUQJ
AzmgakTxLAutgbcNkxi3S4M6MvuZvwcrzMc43ErMFk4h
4ZGAMVayrbjBP92MqW8iK1EiS8MSFA5FL82gATVzfkzt
4pUQS4Jo2dsfWzt3VgHXy3H6RYnEDd11oWPiaM2rdAPw
4bSP9hBtaFBWtzyftRy4UNJwwqcAd2QWNXC61sVf7p5y
BEybAouvF3e3wxAMf2ivWAB3LeWY8HbMBv66NtocSV1A
FykdvhrLX6uoPGrb3oB2NtTpDbL36mTiW9aNEzm6bfxJ
ETARb2pXXdg6aFC4cdaogcEzGeYU2askpokg5WhjPrXF
AfYExBciqT9EnkgRRWtEaGmV5gTbGdu1cFg4WLL5XSco
45cSW7DAVh4SjGVL41nFU7anfi3ab2RjYzSvuy2iHBCF
45nb485LKf1pEhsTab34JnbBb3wXnAAP3xh98xdzP8Zc
DMwHn74WRoFuFyzcKijfEohU8c373q8YfZquzXwAuXAL
G4yn6VjDQoRRgqKVt1fp2uei3rFHWWKA5JwWPMM4eCgT
D9pdfvKsxFm8oB3Aryu4tBSKctj8c5oU1hLEdEhKKynH
5dr39esCxsaHoHedAR9mhTtbF2mwR874vU3Vemr8EBbj
DjEF3wXqZmX3kpqSpshkfvtoaTPPvVabhwuxN5QcW27b
AsxYivuyVu6znDgnwenpLSLvkZDua4mGKxTvM2JgoeDU
51oET2dy4vCmZ1JMGYR9hbsvsLng1vcLD6z2AZp1uq1j
EZsxgTx6JXqZS34sDynrFkKD1Q64Eve7AW8FjawFfovV
D6muPUw92CPkWwv8PaSp1vSi1Y2ebCPXgkhUNBRXQost
EEUHeJFM6mUeN44v3kpepHXXBcGY8xV38TjTNxHEt76U
Mxe7R36xxFThVHvPGvgYPSpsiEnCByQQ2dUfvaq67di
9MSygCP2RKyYEK4xdCtASEGgnfuJYgcg48khe7oQuxfW
EY7pJfQMfQKL6zQ2EPZnyafR1ksniPzNB6WqB6Hjk28K
7zCpbNTM48YFDCokRBkahF6uZg5LU6MzgKfv8mvGviX6
24iifBd4cBp6tEhYNZvPvdUsCuhmrSXXauQxrumEz4y4
CWiXLx6juMmaq33BPXGJ1k2DPqzfDyCQWoAsUUe83CqP
7RvtX4WGag5Ggy4oMtj2ni3oc9amEPmscdHLGvGQdZsh
8JT1upRY895HhVQSXjgHDNoP7EjB17x46ZZUmBxVrBM1
FYXgAYM5vUqySY81cSzUV8GY1YmvKSSxU4LxX4XnEfmi
4pUQS4Jo2dsfWzt3VgHXy3H6RYnEDd11oWPiaM2rdAPw
BQ6W2opUUbyd3mVpTX1NRgFWgqBxyt3FSLfSR6TXQRug
6DNn4M9Sm4Tt6qTXCjmmeMJ2QBqeQAwSXwKBEHDVYhAm
9cQepRHEXLZC2F2ncuK9HY6b228dQ7HNCuxZatWZXsNe
yq9utKpjdZdwkEbEacSaMQpzi178DS5yEyJZbci1ZXy
GryqvMoqZFnmTxVMduzUQt4RtCZZCTKRZwLNuL4KyKsa
BxCviB4hviwgAXuZscTiTQcoXd9pF7CdctqqNw3txKkT
6XA4wdPQX152PDJk1hqj5k9iUC4Vq8ttmAboaKucARgs
EADTDauS15A4wdoH74pLMmBT7rbfCUDpjRt2MiKL69RG
HY7dPv8yDtXMnAixR4q6JY6tDqbNwBmJ1pxUauDveADP
2eYo35u5oVtnbJyW32HdvjUzcZx15gssPmHhiik9PhFS
4ZSovm9eppfPrsiXbnApe51uQP34rSJMnMUz3cMBswAJ
EHGUuNEQcvQy3Y9MppzrCBHo6fqhZBfexrbd1kui5tR4
5cShNqx2E54RJK49myPhE757RJAEgnGKcbRqPVW4nwjC
75YdTkYu6qvwcJBijJdydkdZBzseHnAvQhjkXsUad2zH
DfgEdaTxFkmr1akHoyYDwYqc3yDCUKR1b8fmHM6fgBed
DdrbVn7ZCDRZrmz3ULZGYGqh5wb2yQyzeVFco4mrw21S
53LxdtrijA1YQBSqP1K9pSpPechCGhfLx3GY7jLPr4tH
4k9aBR4iEG4VnZqZ8kuuPoh7NhAymsnAyr8UvyLuwwFG
2n5PbADyQXeCMztD5wnZjF3Nn2w8PmCmqSQ68TT6Q6KX
BGNRrL4sTtJkN9m6goTygxLwBizrH7in7P374hv2GtsE
6SFHoh88qeS2VV6gLaTSNjcP7AnF2ZouWxGd2vmVcLhU
7o4NoA1g1asZzi8D4fRPjVuDR6YkKGhLRwVbEFfmRWX7
EkrPmifHXbGk7PLeReSgGieStGYrU1KJQudkdvVkFgFD
E6cf5us72RkxYu8hSUX1GNb1smNVAJhtDd1Gyafzb6Bc
HXHUJRpQkj6UT5ytobM3WkYUo2jtmHMN7j1XpXAPzyr6
ALe9G6dRse6234EFGwmgy7exqmMmbgRYBu9LiM8N4e7P
7QTJt2wCPPgKguZkL91hMETJ5cWF5BMudBrVYyoq3pWN
DbqiZ6wRAA7vU6k1dPFN5P6RWymSu6FRpaiyxEYUMPtw
B2xHAEupwfcGLvmrJZmrsAFdC4qoQRpoExjn9uZbDZyH
4PQMcbeL1FVLQEptoQHkihDryAw8r35PDBSvxeGpqDz5
BbM1VHPnC1upTzZCaWfmTw9dYte8iuCGzftc1bGMDFLR
EzFmEHFgkNa38kcnWSaVy6FDP24xvWHTisRUjLD5aMLH
DGafXXd6xHAfnYTGpazQkgiG7uFZ3yFisZUUgeiYzA2G
6dgB7mmyxzcobztUBo6vGzcYK9yp2e1p5giqrYRHKaS6
22PcCdkYNqVVtLwCQ3BSi3YmZaghBCgYNeAvBcee29Tt
9LAogbfHVtgX2McBuVERrgyiYUijWzhCrRfMybxU39qN
9mDT5a5L4kufHPDavPnSN8y8iuRZQW4nSAAoZzGAVEtG
EwNi8DxAxWFyx7A8SCCYsY2CxWDPw4QHsbS4jgkyXwYH
AEUto3eFWHLAmmVRq3Vo2fmHXwte525jQGG6D7pN4RRd
3eYDsuhXYeXrH5gUPR4W6aLpgCAW5rUvRcSWJJwtXUho
51oET2dy4vCmZ1JMGYR9hbsvsLng1vcLD6z2AZp1uq1j
BEivYChNwzFedVVfPqYk5me8gYX8ae3m4HKrM1zaYYPs
BU9GQbSnXQcF59sm5VW5vM4QP138cM6s2vV4p4HhrDjY
AsRzkcSsQCum6Z6AA6onHkXYMKXZa7Ccb8AVSUdSYHv2
7sjoyFi476ixe6pVDED8rBChm9ZRBqsNu25ndDd3XkGh
4pUQS4Jo2dsfWzt3VgHXy3H6RYnEDd11oWPiaM2rdAPw
74MCLCGZ6HKYja3Uca8UQN5C3bw6NeyNXF6xRqaWkaFz
FYWNC3URfZVB4q2n51FCV5WuR6xGuzxdhj8q31MqKH9h
BKiqn4ZXY4k79B1aMRcBvxguGxB1RNiWbNza8tAkChSU
HazS1LdJkSSiQYkiVHRZWTXLJKy4yrYWECP1q2BMuMmQ
Byv2uYaoCamv1HUriUVNMFtqShrjBmUGFt1HY3EpxAyC
4LBUPX7zfGzqdho666K4ueu9kipXkQFoCpNCYmQwdVmi
CVv8iAZGsd2sHVsX1vo2iT72uBDNLsuGNjxSAxFNNSCX
HpcYvvyNRzva7uCvN1HRBUBrou4TW1i42oXYPkkXN6tU
GChoRaGhcY1EPPaqoZ57TcpmBD1ECoGPxqkPE8zg9DSX
8nWnXehVLWEDb3nT1k6WxVQ1f96a5Wy3zsNN8GdKm5Vi
8kX16Yj2WBCz1sPXcimafGrutQkw3s3Swe9sR3gt3cC2
GNisgcTZZ2WS5PFAEkVUbFso3wNe22cjhmZiEjGcqeHD
7VjbfLcWykKP3ymLFD4KsutjYvfPipVi9WBYHtuaLaap
3A12BaejhfnW6q2uAHa1pcADTGyiAytJVFyY7Me86ZTR
CSen5Dy9AgY7tawJ8gtA1hyaarAoeHAEYqcsBLxpZ6bp
8eeWesjTSLG6Hdy6GV8bwjrBCEnwY15LWTkyHtGtsUB3
G7qUhXT7hSHrTibDcnVc5Vz28gVvGFZVJxm1Fc9dMBmX
5wpT5MyF9jTHYWWtXrhot1XcCr3RAAQbwLeKnDTBZHYL
7P4Bb1pCMuYNveYhg2j445cmTRCEGp2eAAtBQUv7Jz89
BBM5RETCt2QqqhoTRMZygaavRguRykMky9X5ee7uFQRN
CBs38GrLkRKrf6ciZkBbD14BmW43nLB5Hj4BX7UkNhLF
EbiiEeokfGmtcgnFA349JjoZ5EiiqfLXRhbU7zac4v1u
4pUQS4Jo2dsfWzt3VgHXy3H6RYnEDd11oWPiaM2rdAPw
EWC6ESChdBqExhp96XPMLXR65pXP6Ftuh1pPAVws4pmk
EQFh6gCBG5E8RfDaUKnVerJYmMDzpYq8rGm62UiX5XkH
8BcsHDYn8ZzC6cm5yeZYup4psDpvpZp36attjgY5oheP
4JjnU6tT13UAp8fgLwQYR3XqR2CdUT4gbC8ppBFrYyUy
6aVxAU2nNjSUmDkSy5zgavKcZNKGov3xhi6tUPLnULLp
DunE4C1QtiEeF63wFdKz75nVt367pz11teJTDFv6bJuw
FryJS4Ynb1kAMfZ3U2xBiajSkkWiaxo9fWULZxzgQ5P6
CfLt5YAXgYjwnbguVZZXFMShycUbPEcQBmkTnfLPYt2j
5WwGBMUxYefqY1B8M19VMtcaJaZR453PpAP2YDED4U4J
9ej7a4re5ZsayUKYpU91q5UEakEjCwK9mFb93zDAKwUM
yXYzVF3WnzkUVwwmejoNZkzJiQcn87Ms9avDqFQEuoU
3YGafdL2LzetZi8cpSUPn9zHXGDK2ye5u9vaFBazcyHg
9aHMWhjRbNyNXtZtVtvobwxAc34s7Zy4ASzBwbUtoHT8
C91QVSPebG5w5SP8Wg97bqfnnNfG6j9QDuTFC5EM25jz
5Ve3bthekRQ3GK8Um6nVUqKz4GUzX8uw3EunTfBNGS1K
2HtcCr92gzqZEmnEYKrsC2d2euFz7djLYzqnbDSbhd82
Cm8cYtgtfyULCzisqUnMg68aqqi12PGZScouQfJRfrG3
FVM9uL1DndDUK1xDqmFsHWBkv4Xak4BEdzLDe8WVU5Ve
7srUnsGigLyApFwxw3MgNawzDrEkDYpjZtoQvBi6ayeU
14TJ82sAjiw2A8rTqGiBeseHp23RZqf3yZ5PovWSb2jS
crpQUfqtr42Y1W5LgZjvjVnEo2nsmXhSuZ1EyomFCDj
ETpRA2MGr7xAaLNFqWQnG9bgZLwX9VP7GipULtm2j9a5
FxvQUxkQAgJPbkJ1daQVPdsjHgMGr8UfcAfJxQ2tebss
3p7MS9H9jfENRU4QPsixzyhuw8yurWnFfsmoFBYxkNSD
3FSzgiKRz7gvVR1CWx5d6vco4gnPKvY1RefkWGEJvUPq
2n5PbADyQXeCMztD5wnZjF3Nn2w8PmCmqSQ68TT6Q6KX
3ZSgDFMm7wi4Hdc8QrBxskKLabGShx1MKEpTsKTNWCPD
BHzkj3zEaS5i97XtbEqzQvgbeRXgEL5iFSrWNWW8sPMP
996Kb1a7W4mqbR6qxzEDBHJtaJv8bnpWmegLJxMtpg3R
8UjkZsZStnh4mHmBD1fjDUW1M482P3SyUnvroAVn7bvP
Fk8NdkYZJRKemY4fecFYxbCXmWHMiQMLNwtLPH79qf4X
C2wxnRJasKG5Q59dnpjGgtt5empFP59GS2x1U8pLnTpL
4pUQS4Jo2dsfWzt3VgHXy3H6RYnEDd11oWPiaM2rdAPw
AkdfJa5NmE1pQt3Ai7DpgDg8kryN5qTZirp6LQcpen6R
GcsVSzPUE4gyqHNvtfmzT4VJk8vnqm3gBCocZifAbsSb
AGL2LQTYLsCZC3w6TLipMXkMDqpG2ZYtmKGFZRodT3m3
ET5ZMgpvAojs47caKgUY33k3KfSvV4VrgHmB1ZsTjond
5g9P9YJNPxRMTZtWTPyRkUmdvaVae4MVjhr1ZHmHYbRH
3Kx42dgP4mnr8Lnw58rdccNfMXCP3au91WTCJt2GX3VX
32K7zC7TuE6NizZabfbRrVotEV5ctaeReazH2MJdeARs
2Kt2edjA6oMUNsC8kLPH31XJP2vqQZmMPNu2qo6BzuCa
CakCB2mYApvhtzJWgmejHjuTAVDGbBk5zjzrDctgkxjM
MrrCRKMhxvBWuoDLFgKyji74dWdKk7uc9qj4fecErhb
AYTozFMYYpMC9FXydAreSBmUb9M9i3PFEJmmhDUEFtrH
CaZGxYrEnmuZwftAkZyRkmdyQFga1qHbbnjjdvKeth92
DLGJ9BRUeoh2fcCuvuapfGde1nxUCZZKGCd7UJ7khxiq
4ks8jvtHN8JoWJME2KrPRi54XzDbKeiKXmb3Qy19naip
3zn3fqbT7pajfoLp26cNBkbmvQisBcLUYHLV5FssEpLa
Bs5qqAfXCJGoPT1UpMr2q3bzUidr6bRhdiJmHBrKofqT
EWC6ESChdBqExhp96XPMLXR65pXP6Ftuh1pPAVws4pmk
HbzNeo8CQF2Vrdv1tRdCABvtEtXhwWnErtq6ohSxxrhW
8NpGE1BQArTkDM2YNvRXpZbVPwPZmcBLVzNExR61hcT2
AEUto3eFWHLAmmVRq3Vo2fmHXwte525jQGG6D7pN4RRd
s8ioBNQP7jb9JCSiBaxrbCzKMVQtVqQMEkssftVjLcu
7gRnTdsyyu9Z2HKqa7492JkTJtRfAEssyYfXKcjDzYwm
DajLww9JAzbHx6VNacZZWYKQfUukB9bibGRcwwHs7e3P
8kX16Yj2WBCz1sPXcimafGrutQkw3s3Swe9sR3gt3cC2
6zWDCKJMWTGmpiJB8QTiWbXEhyp9beibaWAvZMdFdv6S
AbgicEN3npoAGUvZCJWpkLkniVxnEdcsFnTHCcmhfUKF
9tcwwRcD5hjm1WfqptPixoNcfUSbRhirBdKUAuVqTqEH
GZ7dL3aqcVwynsidEqLTUnsHf3iK5wvNFsCEJZvoVXFe
HRi6dumHbvfhQ8wwZNxzXcdLxbQDuetTS38fVBgkgdyU
AqC1NuM8Mf23se9LwuW2C6tRvE5GUNpKveN8wQmtpfXg
2v3WPU4g26Uor34kTbXtshNqu8WR9WBDhAzM5t8pYRYV
CGqyDdLVve1Ws8xLQbxB5spzBhsCVkLw7PzcMrwATiwW
F1UmcdQtn95vGkauXuZY6aw4zLnVYuzpfxDUja72isqC
7uCsLRhWmRw3AHyb4hnifXxiwqNXi4UB8Ac4ynnrZ5hq
NR6XgjzTC5xSFVc5xeEyrjSxNrpxnrqgwh11GZaMmbe
8gChtKNEiUGRjKzmPBiBjeYKzeukEsxY9H8SrBTdRtYH
GyGgjGQXKDUZ2BWRFGdergYgewnh1aTXsZmKTW2fMyuk
9MvMUhQjQH1yE23i8n3PjKpvsmZEcNr92hL9W3ZxXPt6
6y9QFj1DFWdkeuQAVk4cpLsRtL3t8N9T9orqhscQzNDa
7H5FHSDMF9YJFP59kr1LnXzPNJkxLWUuM7QVdUwSyv8m
AYwzVB1ac1TdzEu2bPSdUdYyZdMQsZ1YWsTfjpdUJPgp
7YYZPyjjUtJrqi65DcgSXQ7Y1qjYfkCR2G2Q5dqDfv5Z
2YCagYpRQAbRcPXHzV9Begu4w6VnWz4amVPwhcgMfC2u
CWVrdLec69mXPfG7pU16QSGQ7kpG8h7zXhEK3e7quAGr
3XedJQbHQtRjYenK41xK72BWpmn622Mpka9EzEVCmKmA
DhW2PE17rACsMcTPvhh5p8hjJFBizTj7hVGfwKWhFQ3o
F72ZZGfTciszpW3HX1H4FNfGJPvpygkU15KtFGH2bFVh
7yF3ZSPNYadfu425TDXR6XVGUGKFS12GRvH1Hbf5rFoK
46t1nPLVBAWumcyPLePF2Wt7VoNbBdnJyLovVvpEgsap
D19N9udTVk5VujnBcmki6DTQMnRJCcZYs6yB5w3zk9HS
51oET2dy4vCmZ1JMGYR9hbsvsLng1vcLD6z2AZp1uq1j
CoVHXZysMuv5ZtqtuEhmUh7YB5tuWhFarZ4xqPNQW55W
3eucHmLaRJzL3d3rzYx94KvxcVhR4ESLo9R9hhb5Snbo
4Dt9sfqfUckUbR5vgYiPzDoGUxbGqYp4T5iKZySnesSC
C91QVSPebG5w5SP8Wg97bqfnnNfG6j9QDuTFC5EM25jz
GsbjTmtH5tapxtqVgggP5MjaZZBG1jLy9nuQNoHZCM1c
51oET2dy4vCmZ1JMGYR9hbsvsLng1vcLD6z2AZp1uq1j
8eqvPBG3bHFpRfHCxKi7UBPcxUopXyhDMEH9r3Fg9QcX
FH9fysysHZBS1E4AL7VhMGstWvMAyXedcqXo4MaM6eGs
CBs38GrLkRKrf6ciZkBbD14BmW43nLB5Hj4BX7UkNhLF
EuRZctGgW49y8R9CJdBcicdtV2xHrEDcXGkBoQPbazBQ
7mQjmjScpjDP4pFrMLU1CS4H87oUaYrSMb2tkto8RXUX
FJ5hcKnacavLz9geNZDRyDXdUvZHJBVnn5RLLy3sRtra
GBc21R5emFJZx9TsNhNm9r8hYGhSodknuEh4F32xub7Y
51oET2dy4vCmZ1JMGYR9hbsvsLng1vcLD6z2AZp1uq1j
FcwHgU7TgMuZqk8vd7DHbgbZQZ4gDLWLoLrvYiboRqWw
CnHFRGF4efz7JR7whGPrUP39W2oEUdvRYeaFzp2byeyD
97xAKp8FjyXkiYqTtYWN9ArD7KxTevzaCAo7VCcwLAsK
EZsxgTx6JXqZS34sDynrFkKD1Q64Eve7AW8FjawFfovV
2PhHTtsY3Lc8bnmfq6QcnezpqcwdKYyvkvXVzjJ75Aw4
BGCgw3TEQBD1dT6sUeXSkiqPq81jL1skvTu6sGo6LDNH
AhPQvgGaw6HDEKcddqARpTjBHYeWCinNQ7J2qo9WgTHy
2WkPKh2HqudssFdhTJRdj5q44oTwZrdPJQ2hGbgwMXrN
5xMCuNfVWAP3yrABeyfs9QdgFtKefesUnsUFoPWfU1a8
AgWCF6zYLex93goqPV8SRmYJG7swHXgfogicR3gEKWfR
7dxAbneFgcvDPSuYr5TJvL3QGWbzsFSWnnB7mzYzQUBx
4SwDAKnt1ntsUKHaaM19jaajo9jV9xcHjB6ehwTtjkEt
BjxXkzyq1dYwZXvofJavvCyHgemjCf9mxsH3pfzppvK3
Gg1dcDi3gUqt1DhwLKgUWRRdpjgwqVAzKDXiKkCpd2H
2Wn46RWzoGkad7juU1JgX7qf5c1ndqpX76eX3rb4Vbcz
6zbHJGNdqq7PawynSgxW6csjVHAN9nm51uLNMZqpxZts
AKHkfNyVwi6muUYgkaXGFnWhBx41V7UN7bCsL1ujoVfA
8QrFe4gxdySYmKGuGnCQm4MdCvhzqA32x5vh82dgMQh8
EybfPCWNT4zqDuG5P69KdrEW67RBjqLrChYKqAwK4XHp
2n5PbADyQXeCMztD5wnZjF3Nn2w8PmCmqSQ68TT6Q6KX
BMSTukA9vm2ohgiX58SPutotkNs8C7Kmcztk2zNvSRJ8
AjXfrFybHChWwRk7dgXwntEiS9ZhaNCjMpQFJPeVxdHr
AEUto3eFWHLAmmVRq3Vo2fmHXwte525jQGG6D7pN4RRd
E4y7L4qwuJqoYohnRuQWdnBWxpx1EA1ztqpAxvaBBujP
5sz2X6BytP7gbo7Xka2tByYQbXqutC1XcWufQvMcjwWY
7KbmFStnBVAUB1NRKuNFdhzXtj3mfAT4jHLXoFvFFSaS
CWiXLx6juMmaq33BPXGJ1k2DPqzfDyCQWoAsUUe83CqP
AwUe4aJHHJKWhz8qgBQ538t6Tm5Ay1oRoyzkrT2izA8f
99wEnD5StmRNah5zNBXFwfDd7e1sBcLFPNbYqwc1Rmwy
5g9P9YJNPxRMTZtWTPyRkUmdvaVae4MVjhr1ZHmHYbRH
C91QVSPebG5w5SP8Wg97bqfnnNfG6j9QDuTFC5EM25jz
5LG3wTjwQRxGT1h5immvkCzzireuGnRFSuCiLPpE5m3X
8WYRXiQXQSoAMw8A25HuTiTmkg2Ax5YTaBxmHZk6s5LY
6dm86x4LHSBLR9WLUkjUHP27A5uJRwgp5Z5bVVCWeM9K
cACEdxQF6BnG3iBYJwWRgCPpdKCdsR8VhuNmcaTZdDP
Bw1hYhphtLhxBbAaWt1MKZGdQi8EczD8xL9M2PDsDSY6
6eaF7oQU6kN8gxhUcWUrzwbigdra5s6DQboeghsks8pW
anTJYMfh4dStRWtDZLwBdyEJFJpKi3gRY6YykxTVCox
6y4b8kKXNSD4dqGX7Y8HTBXHaqV59n5tHZyX5xacez5H
74MCLCGZ6HKYja3Uca8UQN5C3bw6NeyNXF6xRqaWkaFz
97xAKp8FjyXkiYqTtYWN9ArD7KxTevzaCAo7VCcwLAsK
4ZSovm9eppfPrsiXbnApe51uQP34rSJMnMUz3cMBswAJ
3QTRD2FfM2niZmZH1SxS6iJCRFY84DTq599gzengTtxQ
BHdPgzF8qvYcaXsNhrXJrbyHEpht9Spgdfo9Tj1AQVWB
BKZS9ci2HFDA72Wp3rPr9Tc8kTcKwLrBboNn1XdGpMFh
B67jKw2ut15Fu4jsVSGZruCC3oSg7odg2PzsWUa1vbLE
GsLiAojyB5oaw8YcBp35qy2cMHtv7QjiEZLkG9CYQ5MH
UDgkXzdnpRqT1adpbeRy1LULVjxY6NTWeVRTG5ZFWzR
Dr3wk5k5hfhrLvb6JvZMFCBEixAb2mMCmBm8JmY7tuJM
5wrouMwEsjZXd8Ln96rTFXmNq985qduzfZmK2UAGixCE
qSbfqvHkYyxKmhNit2DFT1pveKQAhZDPeAud2KDFRVK
EFpipurDmX4Lgv7V5TobgR6TMnBSZv734pgcZjWNkmfr
CNgwgXRXh6bkXkeErtJytGCx3esf5jtFvfEkR7USvDjs
aB46Fxk2SNZfw9EcXozb4ZntZNytP7Nwcvua93FrA18
4cUyDakNPeMEZtJPDJGNujWLGF1XNH7WbQnheUEfD2xX
51oET2dy4vCmZ1JMGYR9hbsvsLng1vcLD6z2AZp1uq1j
FUbP8zY7nQj1bN26x2RMr7eLyarhNRofEqtc4JKcfhKh
5awsmonFXxL4xCNQTYVgw8zGWXEzAcoTbirxYEYqxwh3
E6cf5us72RkxYu8hSUX1GNb1smNVAJhtDd1Gyafzb6Bc
GZ7dL3aqcVwynsidEqLTUnsHf3iK5wvNFsCEJZvoVXFe
GPtxTqhAXcDYpeN4kjpqpNd3WUsbiDQbMnVvmjsKiyLW
C91QVSPebG5w5SP8Wg97bqfnnNfG6j9QDuTFC5EM25jz
8eqvPBG3bHFpRfHCxKi7UBPcxUopXyhDMEH9r3Fg9QcX
EMC8hNbJiWctDAfdz3j5y6rECT2Lid9rgipMyKD8pbqD
fM75Vu6338qcv7W3Lf8zX5h6zh5P9A6EaVKCBBh1KkV
E3eXQvVkwaupikcjUXCrxUwJiBmQx9MFvF6RtvEoSxo4
BVFTQzEas8kMPkcugksaTTuLnQJ8ESxtLryk4ngdyvjU
E9T5NiubdouJLAXTG3YE6AWHBgC9XhiXvoARR3RwyUMe
2R8xyrEYq1sfgkp3A3jQ7nmW5D1z6Mea7KgHQekHgX97
14BZE7NViTS7AwNpCT5QZuB3CYPePe2oZzetq4q99gXX
4pUQS4Jo2dsfWzt3VgHXy3H6RYnEDd11oWPiaM2rdAPw
9o1ExiHt1XPsV5LEMKJtzBMKmpv189yLp27865vEL7Ux
79LrHYJ5HtN4ZNpVbo5cNeMM83XFEAUJNUt6KrSDMQSk
ADhvogYaqKMe4aXGuKLGo14mqmUEDycaeAZ18pnB9saT
CouXWGiJFwD3Tuw5Vj8frECvVYy5kHQDZQJCbmJmJhkj
9CeQYRt1eK15SUAv8AE6XPhh1ijhBF1dyPdGQGAiCfMx
Fv9B3iH37xap5fv4v2AGKSivaZWKNZRC8rorfwtCStAJ
6Ah3R4nf6C1i2LifmTTs8mX2oNdAyLiXPGGJ7wJ4oZXK
67mvcnEecy8SPtqBq6xyDEEmENGdKub1NHXAL5zgCnxz
8MSWUbuqRayDcqiuPeba3MA5z7nkuaAgCocr35AzivsS
2KcCvxiKiWTu9XXLMSRnNqCgvZaLfYLx4aiecPJHqjrb
4k5kkXC4J4qq6sjiNSkSJqVEJseC9AcJHsTp6isciCEX
4pUQS4Jo2dsfWzt3VgHXy3H6RYnEDd11oWPiaM2rdAPw
EwwjLURAfEyY89BaEf5CCAp2FnGvmnRrnAmAuoicvT2Y
4pUQS4Jo2dsfWzt3VgHXy3H6RYnEDd11oWPiaM2rdAPw
AEUto3eFWHLAmmVRq3Vo2fmHXwte525jQGG6D7pN4RRd
DWaAVXvNg9NcNUPLCwRbAhc8NVmFzSLPQCFuwkxgp9Tk
25ZHtScfcsf2Qp27J7pwTf6oECxePoEHYzbnQkHpGG3B
HWjwXFDTpL6ZZhnttgDxAnEsbdT7eSnVH2UkWppwuQTH
HZEaAjDGGuVSPGqcoKqdqY6kzyQQUwvrd6whVnBmkxWY
43jGWPVWoCPbdCERUoMJe9EWC36P6ntz2vEyLKn8ZdnS
8eeWesjTSLG6Hdy6GV8bwjrBCEnwY15LWTkyHtGtsUB3
EyNr6gxugnKwsNhfcYKyShBnGvq9776B6rwpjJuYztZK
8L2EBRmJBEFKmJ3mf5GjTCqkRYXTGcN1rMphhus8Mgyg
CDKD1jHxaxqmGE2jHBJ4tcnMZBNSomQhgPX2NHycxpEp
4aFT2xSdZCTKTQvdwd8xgDaNRhWTD9yjJpHE8iNxWicm
