EpjEXLh2X9bTTbtPRCqnnxdHceEguzPETgBJR6WiVsJN
FXFw9vfvohUDvPLJ2iK4bN21aPAzV7bCQabeu5v2CuAm
BhVCLzXTLjdkS9XT4RsPaixWoPRLQTYEzBNmJsT9hGTx
DEPbEc62i9wES7AP3PuP8BhckwEGP7kTcfHNHtGtFtzu
G84Yv4zi9poGTL2wF5APnkS9CzCS8h3JeEoEcQ88zj49
BSm5kTSHW2tWnBN3Z5auZCSRnvutkzwUWrS8bvCk23CT
4NtVVYCpqSxwD4ZG43NoCNJVT1bdHi8xoSwoRPuu2ru6
BXLcChyxNYt4R7ZfVKVNAy7V76HYJBnXN4mg2qwRTBdP
2JSaxpuQ3jE5VBagqSTeiuDjfDoWCdgcrNfKKevy8NDC
FukB8YHrdr8dtuWoiKdbDj5nvVKPp1aJH1JJzc9hst3
6x36ucKpocRY2AWLqz1jkMopKTh9rHyu9VRW8M94EdVP
5NemHWbtsQ8JBoGNycZpzyCogDTVqMQrb2c2TQasj9oD
EZPwiyRXCaA3ga7VVYncXXcpWJzygevmPyWwZ7U4XFcZ
6FRLUAPi7NL799TDUGXvYyBPUcaAY2tSfnD8QTZkdKi2
6Ko2J2o2xXfi2RdBf8CjB2azegijYv9Qo8uiB7UrZU7p
2GDNQq7wCva5rvisqhiQHFADWGp1zVjVxVcAFTePjbtm
7aKo3YBZYG2SiW4WxxCoChZQRrqZLvPLg6aH92XEERYj
En49jBXWh4Wgvtyu3cCU3dqa41xz1a81e18XCPZ6UaoR
6ukMqXHsgq888w8sP3Ryo8Xtmh82LxPULcSgC6Mc8R62
9prapMPugMJQbsh1d23Kz7n5qs6FypMrTyECrc6m9vhm
9JPgWvDKDZwDB6ChMyfNjeEwYU6xVy6DovFVnvZy9JSA
7ZvahWMx2qcDYYHxgoSnbuGW3eBVM5hKKHLAqVTZXnTY
CmAVNrQUqQvaZUAMdSPX4vraWgpfp4keQduWQL7j3XTG
5zP4qW1akg85HQJ29ibRoaJQhfziRofYcgh1xM5SMFrR
EPmDaNL4pVVcpykNJJBnDNdPHvH8RCsxTx5tz7RCjvSo
5SPeWH2r6amMbdMcxMCYX2oQPRQfvu61fQmeDcWAtoou
2sVD8Wj5yvtANctHUtf1tv7jiNeAWpiv8wiEPLXWT95E
BwpSWij8ifYoxVvDKZN1UcbtyjFvHYTwqGoxDRQoYryV
3nREzBkZfSAPvSabAfWcVp8yVjuCjCppxvKp6TstX7nG
BL1Jhc2WE5Fa7rcnznk4EVcYJE6n8D6PuUtnh2pfRQX6
AvEg2FfZGEXb28NkACwDsxmSEu1GQMW6F7HLRN6hGsap
LPhCbn4Vn3sS7qgJ7iKF5jMoLcxVuLY6BvNT6d3rTWp
CQBGxZFsMyqEmsNbzm49oa1wpBXFLgn6fWiEN912ahHh
EqFWyKWT2vBysF5dwgKcYasgr1BEX7mGYN8KnDpL1Ya1
G6AqEw8GkCNKy32qsjE4daehy1T13FYGw7VZ1Xj2nwQf
e1ddRf8bysHpVqkRLPXw2bBKv5owH5VMNDZqeCEHipW
7qjjpjsAbdV6ahdHEYhz22eeVVXqRvkscevNCpqB29CE
CniSxRAewGs9R7SgHUxFtaEYKYKqUmC4qahqxJnJfbxS
B8XLgbhbUGoBCF2fb5Gxr48vUJi5CXNqoefZvZedw3x2
44HnmRm11AnBGPb2jqAzGznt7dKCY87zZtKLS3j92x4J
3jzeL1bRjtDm8ZbJBtqpSyKdAgZvhVu6tT7YNUwFpCm5
GdZdZQdvDViYpnQvduKwUPWD7STpQtKbSjirvcSpZumg
2NYo5UQ5bPH3Ne37va5VhqQpDdFjdR5QcfTafX8rzfjD
EW24aBdxnyJFFtuvAT8cozxctCuYR8uY39c9KGwgHCcv
9tvELxkdW2zJvsnpg866Hxomrn3Ko8KMEB1byLbwCNQV
CJ1THVbFCQsqQuGHF9RDHWCfQQaz51b9PY85Jg4Tk3q8
9xAjtw7MVsEPoD8bTr4E8EhkSNJp28owDEasCf9GA97v
Caz2oyXk47uNgSuDg8DuRZkXRdARyPAn8NA23fp2HN8z
GPfumrQRAfoAVrN8MvjzjPdujLnPj11LoigofSrDt8k
4GdzGw48iE5oirTWobs4hQbWVNE1G1HHYyy2Fb2j4M9P
Bw6sKvePZVR9z3WKB6tq1g1EGzuapCNq98NB4vL51K1A
Efi2pgfQegVbZRMwPa8iNL5iL4AnpDQf1qy2198UWs4W
3oCC2RSjk2zDubwfC9YfhyRHEg5wbFHzqAiybJvFBdKA
12nuQsFVF6kd2ruzF9aqtb1WdAhNTVdNAMRovDu7hLZL
6TKDVbZSCL3isYnmAUSo3bUcvTJDBmrKCDU9iaEexUgG
8XBUQ4DAJhqRhkmoLEEq5sTfLbEzN85BM19jJy8JCwcb
C5j36u5Dgh6MP4wbLVZiEyjp8SnVweFnFBhWHrAdAnfF
HeKqwa6LBvZsF3vFNB8qzLN57bEWxzCLEX1KGabMJjZp
77HMT3kSica86xDjU5x15VJVZ7dj7AMwPLwJMc6hft11
4Tw7qHp8uS2my6mw1GqMwcR4AxhjrsuPT4miHZU5GgRL
34g1XskKsv35kMD2ScsSP18ZeUsHyPb6vaSC5yETLxef
BAFgEuDkx6RWZd1SsQpQe1Eo6QGCvHuNQHyQgRfS3ETT
7AWv1eJYoCTBojm3zWsfuvB6gqGwmF4kaREWWC8LZjBZ
8MvFbDgJhaDYb3M9HKXxnhze9Nbb6m4mXUDSYm1XMKqC
GPPLjDEBqwhVt1KKdnFyUX4BkrYfTNfDeWbEAAQDtgWT
Fax7MaaYEQynww1QDXGb73Bs9uSafbN5Lv1todtHpqWL
HphxdBskf4HoUGwQ9ae7iYPMuePmmmkyprC6gSNpVFxW
8zMCWBPLrzhm1uxgU2GKPwRqMTjZaTeyAp4miksk5sFp
Fgmmg4wLFctxzyWdq6jKCjEdA3sdXbwTLjtRfnGMDi5M
89rzv7T3g3TySvvLRtuEVPZwmdyzYoDsEQPu5QyP2b7o
7Fy8dxai3GkAoHJFtsSkGNrR5dBq5vhzSjg8AT6B16ry
F7bdH1ZhEHFswShPFGwm1QCF2kgKarbCuYEkDWExZHoh
2HLeJwUqfL4cnusf6NRHrbYRSs6ffSnuj3tcdF1yDxDi
75WZwHWCZBxtJFa2mh7HNNYzcTfDdL9MyoNh2ky8m4Ui
3BQzW6XF3V7CFbWix97Bg4CxXG5eT8ysJ5M8B8oTqUKp
ApFdra3kDj62tEwz7atEqd3aH7Fha5TNXxcSPFMrDnZX
7fst6QAdVoqoZznBSkG8gttJEDtUKMVTmihQ6vSuJWp1
GLXX9gHRbQqXwt3N5HnjryWt17hytT12aUgyH8tmFZub
3ByX31rABkAtFKso6GzCsufYaQRaXN7hFQrArV4NtCmY
7CktfxxtYs4w58rByu1vbZ9jvKZWNhvaWcW1bqs2Gui1
8ndviS38NZwKgRPoU171VfVXiwiZxJe1doL7HcQpmfAt
CcNTd76ARTZLB9rLAMsKFgxibgvWBca5QLknYnubYpFk
9vUimYBMKfQ2GQ8saY7TRHPhZbfACAwdAj75jgLxwGN8
3Lu5JDfK92STkzVHfh4ZZSHt3Y5ncwsmorC1BxmX6yAg
HwHofCyFuzgHPQGPgfwEJwp6YH6z1YS1qEVMXijteaFr
3HYLyjouDxrRn7ywLWgX6uGpvgbs6TYRL9aK5Q2WMHE6
5fGyns6F3T2FYRnZkpF1vE9Ew746E9so4Mx1ZnfC9Tno
FGSYkmdSovozV4wcigzLMqoixEQGcSUCgcdYJrfYFLyJ
3WoBupk8Qc874McJLJepnJLPmuTfyaVWK97qxZEy9HmZ
B46BZufGS1yr3izosP4AFQaBUodiD6KgcjrHzaYD1kFy
AH84k4qnkMmWs66e1LcjW9sUVkviEkF7ftcDrEmsJnqG
AeEtknx9sPncNx7vuDTxUKCfeXQPAgVHBPzShtv9nML8
Fd5Yyaek6cRtb39ypKXUKF7CMpZtay12P4XE74SFUE6R
goTz6SFyeyUWeJbCtZT2b1yuyZkqk6dhFB5zhwq3tn8
2sRjUjoS7VcvPVuCx6Xy4SUTGDagHvg2fiJ1RLP7fVJM
4623cDZwSfLsbe9HvhTQaMt9QYm6LCn3vhLnaxDYXHty
AK3pgceGFkDPNi3GTu7o77Md7DK1y2JvUCQ67bLabMfb
Ap2YDMMLxfShd9q2qFXw9YovrxVXevjftAAx59qw771i
59AVVTUu87Mmr9F1kZzxzjAzixJqGcALcRoJTXF4vHX7
Bj5Y3SpzChTfKJmwZSu4bLZV2Axeb5VbXJBLsHuPenfr
B9rePLsL43c6JpmNVfw8r6wYgEKG7LNjo36kifCeoisz
DTpNvbPPmxCAAKj4Gxv5jwDrfmLgH4y2Fy7oxf49UKP
DHafAEDVeogQdDdQwEdQoFrXwcYEsukYTuCdcv4LcB2n
5bG48gBapaTGfCsJEZnQviEfuTPjB3myeag1h9yM6mFk
DZd18D7gmfSbFTG3KxtHuuDioeSpvknk6ioN4Yty5ZmV
7CYTDFK4LtiTytFUWwTKpMJLBKZtzNzzesATM32Y2yYB
HXJqUoSPAQLVuXVhxpKBUwSBCt799yWXnkDQa71DiFWY
Fgunzqwy4VjYPZPvw8B4a8e5ud45V8EyWmHtcDCZA7q8
DST2fa5o7aRFemD3pFLRRNQPyAJXT1eMaNwthVjy7kFU
947sDGyrGpcpTshedo3DBYZxQ1vBzo3apT35oMbRXPNV
DDmmN8mA59mFtdjm2mmVTdc2QnK28PYCowSvUgWczHZF
E5ugAYAQnGHmYPCfaz5YNoS5Z7jim2Q5uqSzxSLtZr73
oJY6Z88tPb53Hto5JVwc7wMjwmtvtRH5mYKrWPBRFLe
FvaCJQokbBg3TmQJf8WwhFHZHBE7YTcqFUa92GvBgrxj
iwgBrWPyZ4segafbwaYGh1qzKFr17UfrcpZpqMfbD2f
EwWVWL82zafvA5f7QMbCL6uQtntvKrcxMDFUsrwLWEDq
3ZUa9WZXB4nhTyc6TgDJxvXEcWGSPJ1mwj88xsDitPwa
D5ryYVbJVx4jonTi4yY1LEc2T9g8wYJ1TyiB3pANUmAV
DzmvCqf9228pRUGhWBz9K6ooTGWyf5yQCAseQUugPQA3
2XQkWj7cdFEvU5NTm7Dnq4TouQHnxi5tLcgtkFFQxocA
FaGkB3rcEC9EHfKN1sR5iEqAMFfFyAds6rNfbrouvy6k
9dgfKKkz1fTNsnJFJ7TiKmKzVTeozRSSmgJW4KSaFkfB
CiJbEDALEXD5hR2s8YBEaxdCJc7qLFFyHYGibTqbtSeK
6qDWdaKa3FL5th2aGerMTHyeLxzcG2MpkmURzi2diCyR
38YjccXA3yWnA4GofeEFN9MckX64JZDqvNzuM9rz8cGH
7anZK7Nd3eZAFMaeSAi729GboKsF3GjdmqQKiUW4e5Vs
2yB6L2hooEzqeEWukxFV8P44nhUL4wYau2gEja1sdxUv
6AvXte1RqEgH2GxY7gsLgDCuReYsMAYXcDYeQdedDyN
9T3V4uZEiNawjEMDAbqdVZZZcevhQXnHV2ywGpCitgph
A2ofg1brcNEBu4M3j1BDtcXuPGBPCQHKEULzYev7wBER
DWj5CowkBUNfwgScS3A2dkjNc96ip7EtnCgZuUK4Ri4h
9Edo4hRLrMj7fAvdunyZPwfWaW5aWwVV9VLJs64dCBf8
ERGF9sUbbdzBJmktucw8ncJiEYnuDWSS879jvbapzW1L
CFQmg7xVfhX5ayPk9TwqBZc99Ny3oEZbhPHJquRzmjT6
LQompZAzPdVy9Kg2KL8pvi8cjk7qpiiS26BshU9YTiC
kzidzBys5B8zcQAazmYirHybuSPuBjCNoDi96eFAXHi
7XfMsJkhfCb9TTC3ap1nBXB5XFyGNjzCN9sDt7d42UZ9
9sx2G6qA96dS8Pq24mrKdsNpQt7L8hqQJXEH1FLjJrhE
8tcj9eDckoXfXBMdtmmv6AzsjtwXFTRtA7vaCGdr43WR
DRfMGEGuL24Noow1XMb4un7vc31ebhcgWRkkj8BtQN5H
FHBBjLqwnCkcCXF6qutEJeG7yvZkQg8FLNDfu9s8pKrV
F4QW6uY2JPQhxpyPVtTDWG9FEMTozoBzjYVikkhDY8FT
AKBRLkDr9m97FYPgAMTPEQyGGdj9siuiMJHo1tRjKw62
DdfnnKKVZ1Qr4UrNY8ruuXWi5byccHDP3p6kAqALgMop
39asUqELWvTDTo3nejpWUUDL98ANx6cBpLhaPTVhTbm6
6b8ZDyoBaq6qg9vvPQc4fCfccVc2Lc8WammZnDY7seLZ
3RipeJWnEbfwpx2S11mwUNymGNTr2QWoiFJJNhSHxhqV
7TuteY94aBox4ddnsaerZBfdHkoNZW5TYA2zCVryCQ6q
6Jn7nyzWPAmobh9cEb1g6uGJukxt5VrhwAwe8skKcHjE
EHoBVW8EJ38iE8fSWCCr36DZZCxxbBmMY4Wi1cPLwdKa
EUhJxA7ybGUQ5wycJ3YJqU8AUaFagAuM5t6ZR67WEoH2
HpZwkW9Zm8qFEvZ1sPFkYLfQGrSrrH76Pb1SAChtDWY1
8KEEouy4YuRAsN2kNhNreHbKQquYrytMziLQD65YfxrK
2bxabSNxk4KcznNFzLztqD77uatkQEEc78WrW9s7vCug
7nTFrpyW3zZcQzGCCV1BA4AbQ9ZQTGax9T6K9GzSa8NC
GRaeZYFAMaNQutifkbJxwrvqe7ms4P11RSZL2W7n7GZi
8w7nhfzn1YdBtbZizcynbx2cQzJdXfWHZ6BFPyPp6cFL
7SC1mDEmHyZLj815AcNisJUsY6YDvDjSAcYPEqeTvGh4
6rxyamKC3yeVUzdyeUwuQut133BnuaCx7f7dPaLPENNq
2chVP1qVUnm7tmd7qJ1vhgYa5nvhi2fXSTFwonhameLq
4b7PseAqzePo8KSpNboSXqyxGVWn4wu2m5eicoZse1YR
65vrqPgtNQyFDxw3omQEQJ36Tc7iUJiEXexZttBbL15d
F9xbcwHZiCpXDQAFSD5EBDjndpD4sguHnHnEzoijoUWw
4vtVyZrgapBqm9mdxiZTCctquMCn5vGfrcrEA2FfjB6T
3d7ZszrbDH2jMo2uTLjJggwmmKggLf87yJ5nBS5mhcqr
BVgBDwjo828xxeyZ6WpsxjXPW8zSGLovpd19vcb1n5SR
3npo5TMhoyyfoMJQbrVMYZg4v5sdB814kWZxcaBz6524
7j4JH4nem7Q1xEZhgMvQjZyjr7SSMiCCkk3RCWC82dF6
8S2zvoD8m6wtaMPmW9Ux7vZRHwuiMykBfnRVAB44kFyL
5XatoNzNMVSdUtS7Gfu1K4HSotxo69ZnG1Dijs67aFhE
AntjKqFEVfEuXww1JiiFekLz6kbGi6ydtBNPQi8kScCH
3mn27VWks9DseHxWVRpFP8Dm1e8ZaLzBTaNMBL8as4LY
78BzHoPX3hjEPsMSnFV9r1C1czG5h1Z6TiPPz5totAQi
H7nzzr6XguLzc6Ct97y7KLpHS6i9184nX7W2kGAj8sEk
4Bwq8KqxSpJvNUc15oKFS3LnCCnVoiYPNbpsLYbYhC61
FzYaHFWYzw6BzxbQaUBmTTNBnpbbETTTid9qvNwaqUTm
592qMXpv38yXRoEN64ctHqDaTrgDAfTMtJ7KTRtkrW2J
39vSEjVK2hcoQupS2irbR1SfewcGUnn4kDDg2poYfz8o
5uybHzdsBsDT1TbtFiMmWqyayAGo6MxjVorE39pVtYKG
DkR9HGoWUXAwaMo3de2m2jPmyzVeYziYuaeR5xMU9FgK
2CNg1dDpWTJGAB7vpGD5rBCv2Hr3BooixLLcTDVo31w5
AhDSrZk8AUX3q8dinxGy1SnTvgzAtsKoFn7wpeV8QVzd
H3EPD7XsC6CzpsDkuEK4D4jygXegkjjZvsg8r2RJ3rup
4jxuk9BqKHMzMEtSVXbpfK34DMqSYMhN7QVo8dCVb1a9
B5PcLgSTxpRmu8cSofM69aRNksGz73QeQ7ES9dBVFXbp
ENaPdiiAKPLoUdBYH5sShcZLpVS9hHTKm5q8k54twcM6
Frexd7C8RDW7trAuZWpo94sjmwrX4zeFSbZeFD42jkTw
BP1hswJbmJN9SNjPriZyM1KKjxV71fMGLrYysMiswzkn
7MgUAaJJBPFioEeWB8etQP6jquUYGv65HCTjzqo7GvTd
JYt4AskRFTFP49QgYXwVUTkB8Fbog8bKFTBW9rmjKdo
2HuA2uCXm6s8GcjnA5eD7mF86dKkuhr3XHyb7dhoer48
CJEeWTbdsMoxQyPVpAexwnrCdz2vKqCd7wiaRrsuebiH
4ojzQSF4yhYbMRu1KWg42LjT5UqxhrJQXjgKHcA38NHh
GXGsQPM6egqFfr3PviwF19EgcSXVb1RSs19sgiiUwPhV
DE9pwrfoDxGq5uxJ9AeWtC8fmNaq5DVz3jK95nZzJ6K1
FSnZxXGH3F9LjEc8XwR7sezRpjr7xCDTZwebaSMKmGAf
GNSTarbmqUwdbFnJh4h6tdT8qTBCnwkcqQFUeN9aJ2QS
KSh8HUUKeqcsVrjrAtBSanFKVzAftPiYyfJ7aFC2NwM
2DSgXDo3vnDjQd2BmywvEzX3V2FVhLo2ZprPXprCgC8W
5fMxyNopznR8bbpqtjRwocXe97v5iDAQ8ckkeTnMCiTX
BibbJfEvuF32SPZfpGxT3gZ5wXsXDMcHXmqLZQQbQVcr
BNN8WJB7BEfJGHytfHcv77FSEHVFi3a4YwBxkw5Xug7q
2iuitvdmxhygwzAy3MxgHuEvVwEHAjmuJUnTpfmzQzaw
GNqa9JzbDnoVab6nZ7AyZEgHDDn6rm4HQreTZC9dgLYq
GXzs5Q3pkHbsReum5c3cfBusTbVrqponHmYgPfD48GfN
HXZYzVp5myY7ops273g4XMBBat9vkSifsvUxpq9gSG1D
CoqRfHwW9Cc9JUhKPVXh8dWFST3dgLSZC1iz4iF7CGbK
B3m3MMGPL5S8bUtcUWutj1PU3wgZF4ZBxMi89oFBNKEG
9C5f7z8DXtdh4hWpqewgXEtyW2kmoqksbHYvVvS7anJ9
3YRtmz7fJJd1dieh4zdCVZAoJNEyhjrttnJrLKQ5FjAm
HhzF3Y5E3Ja6mihDY7fChoeXN2Kn9LDeh69mGjyb2muq
J88meJKz9QsaYiJzuuj1nuJuxyp4Wb7cgiTUCFNV4Xve
E7extV87T6yNf4scJMfY6G26xLNtJ4xtq9JmvQeFQt16
BNB26xgEPu7RxFv1BQV29sH9KmjMYz12yc7fxMnMihej
veBzyNAcK1QHTZCG8p7LVG4ERLFeT6kh1d5AexsARy9
DxjoCA3abm2nFh3bYbAXoSQh6ovbNod1oEBiU12LfDtN
2owzkyLDm6XFNk1iXNsMbjD3cM2sTCtqjfa8hGjAV3Qh
DiP894j2sp3bKseymXs8XHe1XahSi793sY1p5A1Yhd39
H5nzShAh5fc7c7wecQ6oooW8cb3KpBtDeaNgn1Hob43y
7t1kVMBViLJGiHfoK8JBLxe1zrDGBwJMbiLQxiuxMALx
H9exJiDKwhWS1eBH3cxFNiXNHNHk2SiRZJbw19g6seoo
uLwiFE3mfi9WjJT2QNPJUhPwLDpr4cUFv9uXhs4VEFq
748gHifaYGRgsbiJquudWLhAAAaVzecJUJbwSwPz12Gz
4ytQmsHWsSni7Q9qeGLBxksAWanphUamq9C31JwHdbzn
8nMiXhnE7XhAtiBpEhr2gV9VN2So2d1YCnx7y3vxE2Gd
8zoV1yS8B6ABrnn4uhdoFtFrCB6hBjAbn9qVFmaLHzB5
SbPLrpmduiSnrs11N8XkVtQwA3cSv38rXZBHsPeyhWi
5s3P7YSyaSpGpDQ9VRwpCWqtnmMcvJz5e4TGgy2zntq4
2716yBdvA4V9yyqTG4yZab3KsmJjdujBBQEVdA2K3Qkp
MiqMaqv5wU2cG7r16kCLNVzHz6DCoW69pPjzUULzepX
GJorbUZHvLbtJFHDvPsXtz2RajwTsESXmNbySMzMNNMM
7JGnLVAikLvX4LVCEwKMbSjuQ6iR7NXMmwZHLUa5A9pr
4iZe4i815wANZcykiPUczdTacTjgnR2QiHuoUDGRP3EN
HNoxYSgHbjnwaFsay1XcipyGoN2P1jp7wgKFf15jCbVt
2qDMdJEaa9XGqsyUYrzJnEchwbvSRQq6MqA2zTQLVf6N
5VF5yDktCNoobSHQ6faMm2ZtQbXDUQfmkwLir9k8NQJd
5kokNYbXfwvxdKTC9hhQaJnQMmJ61pjWQ38myKUpRYxo
HyDhdF2yxZxmqWFHBJ1cNNcBJ8EkaU2irPPUFfuYUY8u
6d2mFb2Mv73rttJBZAabsR3QoKqiXfqmZSoDmZH2iC4x
AezYasR41JD1sVtEQX8AhU4tDvR3S43A1bs2c4wRo9v2
DaRcQp6L6irgkdTiZ7L7KrvoNqMFdMAnCnsSDDRat97B
89fKismNLvot3SJoT4hRaTxNh9U32fpG18L9BcUUg5t7
9Hs7aaozzEnrMzXbNbyBEM2okiNnyznX9SyzRyfAx4s
Bpvrtt7uaX15q1e1fBzsRptwKRp8sMozwfQsaT8mUUxe
FSnjnZkSX2RjN3g6TV7GjZtL3V8u4iHKP63yMepJsk4i
98vVdtenpqKA6q4gdk4E1BtoKVGr7z73aDiwyG4cP7TR
4XJWBkssTtxcoGygHEZg6A6JPCT6vrnK2cxtVdLLaMXp
ATMqXvMFRKLgWgUd2AN9DMCkh7YRmzbHmBXszceEMaXr
EEnfYjetyh3SjuU8HvLCBQposCAygqABewAGCvUwKcuf
71i23rpAWq92oeRfTzaAJP8C6MrzmQ1g4f7jxewSs65R
FSy2N4vkB192zWrcPmmwCJQ8asKTek2WgRo3Ei6kJqJY
HG1MW3nuTVwwo1paKgT2XczBWrp4gzU5A685TQLvWqvg
B1dd1XrkNaUbje683aSqRGeBNN89G9hwRsd7TnRdCVWD
5BmtZuWFZwfvb258HTKbP74wvmvxdKM8XUwgjf2hpRa2
BM1jiRrvFH4LrancMDGGjzBQ9wwmTVJUsNjXc5rN91mj
4q5SpFQN8cCSAwtbVYxWverr7qXB2DpDodgwYLHg84SH
BA1MLrho3eTzrCr94JohU4XGkge8sjKDwwWrjtwRoHwu
2jV89JS4pUBbLsnqK4qPAyuxbESE7qdbUUydvnpbvNE2
5kQSbJdgCMGypnDaC8KVEHbx5iHmizbxD4Lo5RG2AvvC
8HB7VZvf4HwiapeGm9Abuft1pUPpuViPcohHeTiXdo84
5YuJUKt6uaHEKpASKfLHzArJU8vfKbzXP3hLGgpBevbs
NjpGAp7svhcXutFfoFYyiVFdsGzASaLTWgq7LE6m5Hw
D6qP1bpMEUyv4NYbXxGR2axPuxy6jcDVDvivTd5uDTmJ
FPJBjm1TBkZKFuxc4HZf68eiStdzH3bqGYgH1BVBswjC
G6mvGHNGnv4mSvvaoKdrNZX485cxaHvvfcrHJ3BKYvca
EUZPMLsSbQRygqWLCirmsHrDmXudcYoT11cYBuQE6Pa5
6jVG5ibqXH3nsW48oqyc2FYXJZN4NYpaZqai7UPPWj8S
BA64R76ueX6sqsMgLPymfXsyPLGeQuHdHGaTtkLpFzrR
FS5xy9cPa2pdBH5J2ZRtfk4rmHGRoWZtT9Df43f4ViS4
66wbuU3MKhhwv48Sx5CFCnW2gHa6tANBVvAoWKUQe4uH
74QLbzxxNYV4nvAaEWD14Ty57bPomnuQmHRH7ssvTYuH
FC4c7NaZqgWGXm8ZbKa5tBHi1nTEn3kEjxyTreY3zSuW
BCuT8boS4P3sogGVSnVzUrEHgp8DSVkkKtRdb1aWg3oX
AwHt7ZNoZWHxAoei1p5vJiuB9qUdxVHxaC5z2wyD4RG6
Cs3CmnWLeeLusAoJEqqh2mYs6Gq2ds6biqEkQxQLCStc
H5AsT2C31Nkfy4aevPjz6a3iR7p7YywvdXyfrHcxc41N
FhyKDBCgb74uiLvRBccqwPzD5GQLEw6HZ9hGUQ98Fk6w
J4aw1MdnJrQpJsT3SvtaF3m2Q68ak4tGd2FJcA1PsDtg
9yHG5NdYduf4pPHZ43hhKseje4x9jTwPEV9szJrtUCME
rWV4La3cbfRPb65T33mybykXMKwWEaqkbv15xJP8RgK
DgsJgCiJ88VoLB9JFvYN9VFfbQRWvkjMyGhkUwttSpXN
Ag1JYheQAKZBoiBKRZoiHiwA8b62N7r79FUFxkUUmALd
5g4JRF2M9eCpiR2PGA9WdD3FwXUH2CwF1XBf3W2bRXD
4SDDLZrbAXYT1TVwHTzAjZRMZtG4i9sk9vaYegLHsgSZ
52pfaf3UPLaEoxkcBnuEcvBFnrgcBi5BpEyRwWXpM6CL
5VgdvvNVBnW9eAFYPByaz3i7qocdZsbE6QREhMoXEH7M
HuBih7Ai714XmtT35pcQgpVF1jPzUn7iomCupgb9TvF4
5By5c4Qe8yajWcHsEhUm8nGJpjaDHmmVRvtv1a61cCEk
7ojSzp7D2RWDJx8edrg3b1fWLomKGDVBf9uDNNHntaGz
83dL5UHda4nPNrgbPKwsgyT74yNymrWvK87QTqZt6CQ5
2QKKWWuWUM4DAc9kGofREvKfEEjfEBVD3wgn1HnqhyQ8
76Q87gEAA3AjpYqfG1pb1NKPRQcN7v87jTm9wQFcPW5w
7D2o77sXeBEmQu9Jb7BTVky89MyDZ9BkhQGfivUPaQA8
J4gcVU2kjAzp7HEHijhqZRUjwBJvR6LXo13Wf8LJ8T6J
Dtq7ka5ws3wthsFYuiFQR9jH2Hdh74ByM4KKkthtw4eY
AraPwTeVxYJF5iVveigA16rqwvRAwqFedVKeUGmkY8xb
AmFqNCcZQPUad3qRSfnzfRjjisdcb9bfADRMpZ2Qmq2P
5PDJApP9jyPwjinay5yzatphMKqJXMJUtnY7eYmo2Hvp
EBXeyNabepF69Z3QbaF9Y6gZKa7kqU5PXWMhzF99BmLj
EnYdTLLaPqorNrDA2McrfibjSypAGC9mRc55beKTwuXk
Aktz4jKLiA6tES3FNtiqnjmh5eRWRmDqGaKSnq1ZRJx9
7hMWXGPbDwFyCxXm3e3gk8RxPg1gzK9BAL573i9cuzB6
5jPYM8761gCHaYgkZeZyoDcmWzLvEWoMErrhZu4uZxt6
66A6JyYntdE4iex2a2t1RdLHvDn28u27itvv7x3UstMs
5UDpYjsp5fKSDzw4o6ehSDdQ63hTxziM3ETksrLgUZFg
DK2moL5Mfv4677zyEtj51K3izfRUe7C3yQUrP92yDB3U
H9wJJBhR2zt7YgRLCa6eeDqE2FkN12qdLwVfEjsyQpEF
4aadnXYviBfszK6enZ8GnXvYPuoaSNkiNJN8S1HyEuwb
C7MRm1bpCEzwefMroiKkk6qd5uxgRjXHzT9FVLQT4qBw
qBpdd2nXfw97rkv4W1sKpZjYbsTtmaRBGYhVW2RnJms
5xoG5jFzrEbmDjGUkGaKjnFic4823HoEVgNjo8ToQQTK
2HnixHLDd5NzWWUnmoMQERkhEn6yWpbT4HVhhHPXNZRG
EQWQFTjyNncaHJWudbmXYhB6kxG4MheUgvrVRNB942Pu
8Bz9MAxwvkJc6ycHpLABQKvnhdnRZAX1EtVjjAesij94
2qZ54zA7amV2zJxo6NqNRRZvGtzVSFmQw8YDQyM7ojNG
4RY5tjJdLnzrm3aSxpS3pMtu5DjYzkhji7bwuo2MwSgi
ezYC3af8hSSvpxiA7z4wc3BiKyCSPMYgnx3WCiE6pEn
7BwqcvPNjfsiNSmvpnmpFVuKr9ZPmQct3yHvhm5j3zdh
8zpwXAqVnabCgVaDb9YoNwSGpHJN13EZnDkj4YnppqA6
2eBNhqqwVb9FJjxcmG6yNKx9UW7sV2u6hcsU3yL95hRq
dLkqwE2exuaXNFHQTGfx2n9rVnLMg5cVWyrdmrc7eyK
E41YFurhUcJjcQBL8SwR7qg5oRSYETcsLrEEn3CMi3Eh
9qhEc9nLgxPDdt6kGSQeNsKL8QPkAXcUKWyNxsTJ5h6R
CuNMjbTPLkPN4MiUHN76QPwPbDc38kkxbxjsGNqjLKR5
EMHSD5MwsuPDRP6ZS2NSKdsCK3UE5vrxUEAZU1yPNSvB
CXfptwWgzYaj5Jm2GvqVrVYfK5gGe2vLZAacX2BYdDjr
4PQuJi9rEWyAphKbsCFE7Hwo3WBSjkwYprH8qcQu1AE2
D1GR9FaDEVbnKQ27JDWZ7DUwaZCJjK1DdaWP4ecfZEMB
DX54ig32ogsDaWsNXTxYxsgAaQ91vfPFBMrtF483w6di
2YQ5okdWGzdnUrDGS44jcauEF6EFY4WxdXZdE12mk1bH
AKdcrEB3jM4E6go6VVnHbiXvRa6WLPWo69ZQgY5ieBs9
7u2dAR9KEBQKcia7Qvb48Zb9doAHhD4qv8MwcpAqPNfH
1gUS3XBBweFWndJ9kR3gUshPARyns8LsebSSmtwivuy
9xDgaDxFHzT8VKyEGMH2vEQ8yKz32dEKyYiCmG9NQGn7
3NQgWoSUYscVKLCYsnBL3VxY4i9vCX5NmN8aXa32xMEa
FNrXLtBAy1MKBJnd1ddAYznnka4Mt6ZVcUBRqcihpq1n
FRDWeDaHYzbCvcAw5FFe1RX6sbhEABM5wGnDpq1xBUxh
91wubrm7VrHPV1Ccfq6eitbtZGuWWuMX5LCuaF2HZNma
86mMtR8Z4quSu1TWZrFLe2YMq3jYzXkjb7kTRUiGUqme
FK6NYgVWBqwY4P9zWcCAueSELrmy1QA2ACLWZuiSbJr3
3riNqZrLHdTo7xUwsjBqr5Z9ix4ynGi2C5pMpzC4bBSX
7C9cH5MTZGwFJetftEyqCQjqpQrH4EaQivVC68hPe1Tr
4Uhzzu44FUGhqC1o2fGzwa3MLx5MJqCWWddNgZ4ASeVk
272m1B5qxA9GMQqYh7u31thttkqryMd2KYuzDF3gh4KB
3TAUN9qzdAGtjJhiozXXMnLupKsfVHHy2NXAX7V8o8Zp
C2R814nsyGh9CayksZKbm4Dncm1acp32vamdQ48qYfHG
5X7PuhdCLsFqZ7Zvno1QzxPqo7KXx8Qs7WhoZPfPGkK8
Ch42s5rY39Kbst5fBHnmLThiXw9XXvdb3p8GjTDvwDZv
6JkkGHHWxiQmvda4sJJFvSB86FCbyCgv5SS8K9AL2Uw8
2gV3rs2CjBFc64pxPzr5ZHKhb7dpkjS8qAFK4npnfAcg
HTVuD5epxJjUJBK7w6vQsk3MBRq4GSjuiBzr46fkrR9i
C5c8LvUcpNffG5rVc72y6yq4eaJqpj9rzo1Q6Xp9cmZ9
GmMJF1hKivRYW7PAMe4xXDXyeKEnSuGsUEkbAChkmJ5h
6sxa5cHq5n6M4m6pHHR47PSBNE4fJa3ageQPP44aRhEo
GVrZdHTmgSLPYHrkG9fFD71bfTgSr71HaL4BXE2LXWia
F3LoMJTCUqhsoiyyWsqfTgJW9gFuheWPL5QZLPgSZiVG
FrCJdeq6mzfFVtJ5GRhSNwcWMgc1b6fzDxh5bY6E93DD
9TJT6u6MgbJiskfM8uW4cArQTNZ77spPuXGY6cbR5VsG
DX7ZwKdP3fdZ2zADAKUHHC3N2Q2S1Q4nGiXfsdzhYzBs
fycLksTxotLociTaBtRG1PuDFBm34GDtMsihhVufYh5
499JaSYBqKK5bAfN3KvkMfb74rqqYYQuoNQNLe2fx5YS
BHzydouuCkMu2fPBSnZDhUjEjbCbFQqwLoPsgAPZzeDm
AQVC8QNFFLt8JqHbVFMAMT6YQ8uiVbirJENXvLaZX2Fe
3ZWw6nPshspH1jWhAVPKGwkWwMnEkhsurAn3CUENsZLN
7FGTwVhLZjavyzTkwndH1EX7TbH5cJgbSMagmMCtdJc8
2eop96UXLJkDGFJrDnLujKRER2TBcaJZD2oxSrcumiup
9XQHnueEKfHPciQWk47GBdtD62i3vevYqCkDE9TBgCnP
AVteoBWWnAy7c32zNXtpASRvAWcaCeYztBLDcLZFBuXQ
9LYCb5W8z1wJvGHAdoEHxh11CoPEAwZZkVPpimCBuXv
BtFfg3TurTwGXosqKCnX4vMvbSGMgYxFkdmDYKwrDpcV
s1EWWuX7NKcGA1Y5TZwaUZ2xxbizsMUeQudVcATu182
G2wXttea3WsEZ8gLU9R3DcNnHfBntPC1rkKVhxPUw8FN
3H5Zw1yxPuyPNJaf3sMsCeaB3RdQ8PUCB3EqT385fgBw
8rMoyGdD8etBVPPywr2AGDAv8agTXA6RnMoGZCVqJcsx
7pb2z9EMdXnphKJG8cr9EkpLPDeHv1yUTShLrY4Hdgab
AGU7rXBNc4GnadUrrWhwzQ1eXGFkCMvCBTks8xfGTvnF
F83bXTB1Ams6fKyoK6PJhPm82EH5XSu9V87doDKezRFg
6uXzPfR6NuuYWi1M3uwGiCJGrw6njjCNKiLiLJiMvdnd
8ETbaY91wMg8dAgCUF9qybHWM5umHKqK2TvtrMpm9gub
CzxiS9nWCLxdmPz2jcjBRZkPjvZopAvJhqQd5FwY8BXd
CHMFRAC6TD9fWFjpvijQ9sBtQFqypZMGj4GrbpJ5zrEZ
55VS8jDHDT3ewkPpp3E23eRhH4z1PJXpGaRxmEhmsFUN
JexdZgZn2doCciAdjSse21cFACi2bCF4c5BZm2u13Eu
HDBhAKKPZufq2unNG491i6kHgt5wZ2Wqfq9yFcgiee31
Eu2z88UPE1Jb32TqWRyk5gPgBLRkkYwZQdqfi92xfg5Z
AkAuiGfiX9tEY6fXy6EBhHoUdkJRd5bmupXN7jy88oTu
6FRkBVXMVvr5XJcxcBApJMjyt75dPGeUpC91soR5AdRv
9k8AL6sxspD2KRFopadVW91mHsJvJNCKdVBW5po4DQ6e
FcmdEQKjwkVFNrzqD7tx959rbCrVcma6zmmH3ouU2fqj
8LoxQTk2b6w3NKHGatahkcHAWHoX7gdccvYcnXyTE8dz
EwaASft296gwtWqXQnKveZgJqth6CBerW4WR6jaFBZ6a
EJ7HNX6ganeGpZ3qa9TcUn73CZ5zWFbmZnY57DhSFoLs
Czr9cADenZfGtLiWJJECfWvxcEMb3kVHLA9ryTLGEHDq
56efcWuRbqF1U7mzRNeCMJCTQm51EYzNBuuj1ctnwECd
DSz36FJoztvDkdkoeKTKdqjTwaCtrsR2VBSTyCGfPbxR
6U4LdAeDqFfdnoC1PPBiSYPX2GVBoPW3dHJfxQz7zPg3
6p1CFN2NaxRreWqKKvXKcW6TFHm7H164ei3brfXq1tUW
AMhzggdme8faeui7dv5RZF9LxvuRTWtAXPwcZnAaYPxe
4PtQaYjXgD4fgaU9gYztWhdcWJGusukDwDYJi1YieLpk
5GNN2pDXnbpg8At98UGnsNNUaGLNSEhgLDhXTXLSojkG
7zmexXcYmpvvg9eSZts3BUhSrvFW43wsQv3DNF3DhzYT
2HKb8v79TTjodmfBspyNL1LYkSbNm7wDaGqkWwyp6ipP
5FGJgtxmyrw8o23bsaDeL4mtNVnFj1iyrE42ZsqGyoCV
Fgr1ZRaUJvxoTj7FbPq1jszuZdh5U9RUxk556VCPiV7Y
J6V1ACdFcvgocErWE7N5WqneArbHFJcGw9f7NHHQXd8R
9XcFiTRGfBrDwhWetndETWjPEpfWrtCrtUWgec5T1s6i
Bc5rfAZZVZCnEY8F11FCZ4F2fR4qcRU23b4W9AhTshwX
2swaLGVWKeSb4pbc6ybugxJWkhTDsYvh5FP6Kh5rJW8E
C9y5jwS7qzdsoQTUNNBV9MSZ8EkKnReNzN4j3XDKoxcB
CpF47VzwMLprpvZRYGcKtnvtHyGZrhGE6GHu8A5mmpYz
Cc7GkFQwFPznqWzPL27gC8AQWE7nXM6zFMN2vyCMGswL
GYphh2BqDLLwYQ9zd9t7QDASeRhbznWQxvjhBYUcbRfm
9Bv972c9ULKTHSWz9frr8sw4RSC4VqUxM2v72acRttut
6DEkimFgefAZzoieLsMyCqWZMnK3UdbzpAxCMXWN87CB
CeHxc7nKYhBBtW5saqJBzcThXzdBCzzfPg7TKvLwwyeL
FaYH2uACeLVTR1C1fz6dN6vFNJk8daTx2yGX7ZLiYyn2
4ShvQ5UjNJ9jQRM6EU6HpN1d7xqQoX3xyPUWA17MTc33
AwqUou8BYmWb2XX5cM11yePG4KHHQiv1R4RgtQ4qE3X4
DcsjggknEfU2CtnJj2TXR5McQSyQoSRqxjt3vNZUza7W
DAhwbjwz6aosmqhf9s5L8BP9M76USFmPNNqJjzBWKo9a
238evSXuUKF9uqZ32KyNQwsUijLuTwemq41H42GsLLTA
7jd7evV27bn8LWSoutxmBWDi8TLkAQb5a1uUhCd4WFp5
GEpgioqTF6gaFF8gmH3VEK6fWpaX5fiamL7yGYBz5P8A
ATHpaKSSEs3CmKwKBGyozpduLJ65VBxyEBaowNmiqNoc
GsWw1sBwGbSR7N4bYSjYABy21mAYjJHe6hZUhaEbRLpB
87V9sBubhfb9oP9dissPUJrYvFRruR67NwgM3DrMxqWS
Fb274YHwXxmJaML2HAfTmxSrXTR2rnt95CWHMYfewyAC
Fd8RkuuSHSRsaxPFucoZXQe6hoPF8aYpzpoNj1gbXMqB
AmRbecB2ibMu2DvYwJkSmkeVpAs51bLe5po3noQRRLXS
ARiSa8LGhPYVpspr2BXPzBThtPtsLGPGgRMUQ6JqFts2
cMNLrSfPbVuiXqaxPM12tRP4pDr7n2ML2KbLW3BHv4u
DhhbvzrmVTm5KXhvjT8qVkFcAECsYLuiWWWU8976Denu
EFttBvStBkvy5Grn2NdQGLccPNH9Pc1kXyN6iox8JnYT
YjThTLsK9TRscw7uHaWezMtPfyUTes9oZQ9GmNC896p
HK3PADwx3aXCmCZRQZqCeC2BMoSaGt1QChtSmN3xX41j
D7jSBGcYYGXeTfgB2Yqq2KnnHjb9DbMcWtpRJq879pDZ
ELA6nDLNMFfkGhRxGjjkwRQRhcg5uTCkEH5BHXNLSCQf
23obE3LDDTpYAFTc92bqhvKzQUGEU7WzFUnFrSKcT5xa
5UKvHQkRNhbxPQRkqY4qa8cavVKBQe6fZtZLwsRHmwNs
3k7T8qVPRAFgpYzF4MFFwqw1FoX2W6MfFJz7X3LijA19
9gjRpdBZB9tVpbY2PWUNfy5PE1HnUP4bmLoeSCzd4MA9
8f1rxbeUwuZixXkonDPde9VMFjGTFs9tXkv9Qrn4AW9c
5NwpDpsAsUD8CxvjErvxPyRVu1yB6H1dNrhCeBLfbBUx
4dgS2Rj91CkLpMEaj72HLSY8K64upaGq4D9weimo6GeY
EpmEJ6fAvPmnwsp9xSzhyVFrQ9oDobJ4YvP1LQUhfQYY
66oEgS6xdqUXUF4MDhfdXM1YnqBfz5hP4dL5ZitN8a4o
CHXX1cxVYxFFdDeUraqbXNVgzRxCdyJirwvtSjUGj9ix
SU9WKuiFQecTE8UmGg1QX7dPxdbGVaGKiQPF3RuNghX
C7eB4v64BJ2MzBiQj4cEHbvr1JQ4WPVCNHmSNpAuoyif
D4RFzRNuLSfiiQVXxSsoTcfKuRmxXgDRTdBczAHmirsE
3f49j8ZRkhtwfiipbU8HfCA24p6BSdwrbs36yDW3theo
HjTeiwtRQ5NP3HGg5KX5fG7cGojRDkBHNkrfiRoR8JA6
txzeqhtxcehxx7YFb4w7M6EgeZpaXfbyfRpJ9BVyojH
44Anib5aYAhKteFy3RRFKynQ49RBPS2xLTVHAMnaTGQC
6HXbDoEkh92aPEWuR432qvLydPyQ9QMGHSLB7FxqudBV
3hHx4jHb4XwR4X7rJtWsxQi46ggkLR5ZFvn4r15FAw8x
5BkCPcDtxhzneTnBgEHcuN1P5fS96Mxx6wgZE2dQ6bQo
Gehz9LvrPyu1iT2ehGYxe7D3WChxqXLbwMjJfheT7DYP
DuV8e4wVbkaATNFgwDjMfN95Ed5m958qWcwtH4Aqu7HT
2YZf5KXY9Aj8xbkJk3urGcCKpf2GNz1r32mtD7JXHgwr
GVGmRt3E8wKsaAPG3neestp3VvnAHWb2ncshWohSogX2
6aNgJeFsPaRRN8sojMfVLnAGhbfFkfgpDH6aBRXANq4
GQHpJcNcTFDMRSXbVYqDo48YAN1bpt1udwjtPKiuYvZt
E5YSt9ND6TZvNsAHzN2iNPGAR9ALYSFqvHp7seNe6PCg
BrstULXBQdyHvrw3fExYx3sNUzL44EFMkbFLnidQ7hh1
4vKvckAsmXvM9WWpuLWDaUbyda49smvVq4aKsbbY64kS
BXwDpyhvP4yCqkfuWUZ7xAok5zrxgAqFFJ7YK2qUZF7W
DwGYAxex7A38iJMt5RXBZxFXWFRqRRMdLpVtLWdUF9XM
75DKwi1kNLwWsj5Dm6R8SH597TTuhHcnsnWAbjciezhd
G5VhU8FjNWEgASH9kwC6UPJ7mWcxZtExghx2HFSVSPP4
7FqnN48JP6jjtD3oE7H3Q2yqfTjGf6oJLahad8a4fqxx
FFhSue8GtAAU32uXpcwY5C5sdEPy6PzntTNhL5v5GcRF
6cLct1oH8NfQuQpmA1wi2jho1SPsg4h1ybx6nrn2U5W9
DDTg75hBdsy7i5iuEUEqb7dvBh3y3EFUstnKNUrmgWib
7uojVTGvQ57Ui9F7XDTRAANafZuQPVUeCdeN8ALzcTVe
EXZCDkFcpqgSQZghWhFTeWgX2TgG8BxxKZFVa3uSUmdx
HA2PfwP7cew8pTFEUcpeykC7Ke2s4L3bjJK4UGDtfbC
ERmy1uptESeD7CwgapPGymFuSrLYEf2m9hx8TTYyWwXJ
281h331JjbNHYQKyUb3NwimbayDGG4gabG9kyfgVqG3x
5W6mzw4dMhneNLmeCpQyAAu4AowMrs13jiBJZQcFuapV
5EirKmPNBgQRTnZcWtGCSr1S1nPJFy4NJt96MYF7aYYD
Fa45VYEhffThC6pp2wfy96c444FXUi7G9YC92SthMvNG
GvWRxuH6BcRMZhA37z9wmHAjMGFxRM92tAGFiHxQ7qxD
4sjPxCVYrAbF34SEV9xwCQcWcfxZxLWmyTwqLhTM9ZiL
637TDAAEFMM6miR6XTadAqdiPo71tkre5NpQkuCEHYHQ
DS5cgTVYo9JhvSH55AHeebtc737ooBCuYkfC36WHNE5K
EG1WMUZ49KEntckHg44yfUb9vW5t5xpNX7gMBZnzcWbM
Fb7JjRo4VdtwEBEz3GEvt7yduFLhRBERErdfqf9bheHv
9Jdp23eUJVB5RJSNKXWMqDZ3YCwvxB6bPKAMa9YMefsy
4cPZnn3hMKVUZc71n3qW7eNS6r9EWzVp2G7mGesvw3J5
5N4jiGXR8STLwMbyhKV9qoSf6mqKMjwdzaZA6Qb8XVGe
EzhuLFertEzvdxEsjd9xiDJJMPsb8LvaTJuT4yxCtMbd
26NYcj6t8RnqXyCksYKPGihfMsPM2AKEZMjsf5z6f8Ky
DjUKvtC3eQYoS1CWRUr2SyVaBaAN5LmtdQUDFLB1ZPVy
