CYk6xqULxokgUeoSUdgF51GancgcL8yP7cTReoyJHjDp
Gg3Atx9iKitTxPpfHCvPW5iccSqmZQMLx7cKcCfUXgYC
4cp1TQV5D3DBTFudiRYZWs48LHVooZDc8ad2ruvPAMf2
36AkA8pibJepq4sgpoUKtBpEtkjDnWN9RVqZDBeZie8N
AVDK52CgtfGCzgj6hyRpaZCifGMKXSybXGMzpxxupUxt
Fp6CRCzqoMjP3TkB72q5WTDJGUir7ryprpFADzvvy8TV
2uCFoBgNSvzwEaVvPiCrhaZi7a6pops1PPHrYAh3mdNt
GuVE9WYM9fSA7qyNuDe6dvMaBeL3eJF8xwEJQS3VuQrc
2vrUvj9GXdrTpdZ3x1E5hDKtM3GLAM48SswiE6EVurws
DHERqEQNEC37XQJByV8ubX4e3RyrezSfjHoJGqTA2Vsh
6L1xx2UTfVn14VK5VY4wZcen7zgxvbgrr6ya5MJGqvP3
9EKZ22Vfys6iZhcsWXm1iJMUCsP5tmQuVWiqTGrxo4nR
D9SeAiBQ5PD67PJYe6jBz1FofAtixgBPcvvW3gLtprvd
C9gpTiVpJUwpQFeoncKMu466j1RrdzLk7ssqw8LK5fhF
urMrVnnRLZ93BGXSXeVJDZSghzymwcNnE4AjuYx2xCD
HwUipQoyi71m2juJ9VMvopY86nJEXG7JWHbbXNifhfmv
7yefpBzT9tg8Nyx97xvpeotq9heF924KgL6aNFADsAPR
AfKzk4NPymvnoeGyXGbEmzBZqcraG8qVphMqAeX6VvVq
J6cdhCzkhnMZAtZxHse6DHnaywMPWDEhSb6Zr4kmirVb
AiDCMk3RZfoB5N5tZ97qvUAW3med3owYog5dJDuw7Xxq
AJe6YS5ETXvAWnpzJsedhsnFHABxC8wmhpM1WhxNVpzM
DqePjV9K2cjhFLERXHnwaqh1tSwkDvCCVm8mko35Sf6Y
56H5LhnUV3bu1sUhNZuuonQwTpJsAt2cUr3nAqkF6Y9E
BXFGt58ySccHLr4TB4vgoTiCC6KEXXN52HkhqqvKkZcQ
9t5iGqvD45zJy6bxC7or2YFV2e6EPLeqGjbRWkmUFatW
Dc7EBT44mBg5auDyJxSLNMLVdraHjbv27Xnuxug9L6FM
2VHmJkmZWZLSubu2Sa95WgCH9UkqvGXGkbnZYoJbpZaP
B8S5nfjpMHHmuhcGzZCxSMEjqUBpZ8tt9Wb28Nb5Gbog
8oeqA9vN7jgwPNeGTPscfxscFEtm6JShNEGaoou5fLET
7nHFJgBaQmrSLxaJQtuf8GmpnBZvLbVVooNaYsXEFEXs
sbTXEkXoAEgvB4B4xQTf4JyGry5Z8nnUbfGQZ9bpMy4
4jwgw6AVKPpM3FRzWy1LMiAYY93ka9YzR3XQ7X78bDFC
GCePGtVRbbRaZUMYjn57WqjwcibknFyXC3LQWCmxPH1u
4bhTzM2NGiMbNJRxa3X4Fb2G3mXDHpXXinnkbXe9Hptj
BK3aMHYBmYDdKH6JpTqEPnV73bMqszkXp4nMbq4QHEd2
DzE91WSR9MeUK385R2aFC7QcAGkWCdCBUogvR95sXA9V
DoybVcNPseiHRDwr7MgivqjcTSfzQrwuJsw4YMA11SWQ
EiU5XCR7ikMHBZToPJ3iu3V2gs8WfKYQFqZvhGaVfk5b
61mADspiv1tjcJvQHRTexq3Y1eRiT4Tt3kHXdx5m361g
GvyifFzwJTAAG2nCqRfdAAkKRxL2GCSDn1ABynr7yAmm
At8ZvTv1pmraBpKHxoMRGcW57cAyp6uRsCAUb8X2NJtK
78fd1GNGeb2FMYgicbmuLiRCxzxXmt3aGFrCjzmrooVm
2CHL3xhDx1e4YD6QFV1m6DWEwFFGDjT8LnxLgZCxiep5
56rp3RJdz347JLfVjFzpNN6VZ91AGSRgebTf7631qRd9
GkiRa278sNCP5hAzJMrjsHs3jQAHNsGfrdKvcGNKvTA6
8hH3GKQ7tafNtLksokh6pnZHGPJMaTGz6Wc3BxRi23UG
5MC9dvgfYj1aFVeDzBxpG2BkdQrDiqJFMpxGrbFX7eLW
GpPr1kzXZCcUR2ALR41ukBKqYxWC97jWRP9kiuqNxjFq
Hu1tFxSZ4Bxmg3TSUPm13FnJDk7KjR2c2XezrT9Kp1uy
BBstJimC64j5fJJ79SDRoYaTXnvCkh9KQYtUb7BQkUC3
CAJABCMQF2umwbpHDvNQ3HAWazcp7PrV6k3NM6gtPdsp
R3szrs1xqgwH4X9tLDaCififov6nS3DxRr59C92vW2n
87anAECnRvQ6qopuHbsQZfkbbpXz9RBBJAHjGhdJUhG
Fc8TaVjPXYHrBPT2mQhRDuBw1ma3RcNTvXzLDmsUtcR5
5K27jkhywuE1zYH3d3e2bRrLJmyMBGdtgeitn2rsBDtH
J9xRx71tyHnjaVJtSmQ9by2SbNUn6Y7fD75wdpuoAp1e
DUqiZy29ui45gcBShoTB7V2p5gkSUBgV2hJkXx16YMH5
DKcqMfgZge4cCteYXa4T7CuAUXkUu7u9oakJ7Fh1ECBF
5XdW4jCwWnieEpGcNpYkeaUbkbTWVW9HDDSwDTnux5be
542xMYXt5nqaf4NjMDJt6KzgVPNkeVvztFVoWjkwuQr4
AGszg7vj9k9jX56xofwDExTJ1ESGiSWDCLpK7941JZ2F
FtDMwMEUs89AcD2MZThpouGZT9rzsP6w1qkucGPBsTLW
6ERwYP1doLBh8PJPV3W2gTeufnpty74fN1WWW7ETDrYE
3i3imiixMgLRSymYQNuFjKmsiEKfDrdPj3FzzbJ3LkRB
GrWNQMSWvyxAQLqo93oSSRuwNtsg89XRLEnSGsDyj5Cv
GmC3aR37mHsvUgBxMYQs9XvjiH1kPqanH98ZKdmJXjuB
5Gws9joi3RaNgzYVhpgq9PtYLcXnFygwFXUUQ9kPpa2p
6VnaZQbbWtfw5vTuhVAUnNGamBaWExDULTRbms1sHcrg
6MaTZ5YFHrEyDAdoUYZUPvZu98sfU194L1Wg8A2xCNSi
7tVigBjyErdpMRqEWdaitVAa7TvnKYcBYx8hNxLJe4NG
9k7NKjZQzZa4CQLcw7pANZgjZeygpwdLUceB9Nc5gPRb
F8Ca4MTe7FH1Gm1BMSptWuogJ5wR4iRbE6WJmDTDg2bs
628gKbCAz4ifXVjw2EpMPfSCZsZ3EPVW3G4iHPBV48zN
E2icNpTqEoVhmrAeL3W4ehpaasDTaCuHbX7hRXjB8VBw
BRroJmsKedoXRcZaH9AjvJe9492JhZEnwygP4D2pmXmz
HrTs8WZKu7od2zEqGi3nGHjKVit1XErSJHU9B6wQefDC
AyJncjN1cMePKNi1KiA1WRCeHeJLfs3jG65erg3iW1Uk
2UAWcAiL2Hii18woiuFYabh7Fd9Vaq1Mytq5PdtnWa3H
DR17CQDpAHf3gCq7gLWNTtxFcEan5Sp6rqqNPk8fN3e1
8FngcXQsrCHvJT8Pp43fp1zrkM15vuLXpAoRnqujCkNo
AN1TkC7mECkAPzFjkoES8Ds7Y4JwvBvrp9EwieiZeC26
9ptzQgEh2vKu3A6mWS3YmykwwvXtgZn6CAYDBmkVvbrU
CRoFbHFGPvnRiJbp6cqj1ViyEkT9hKUGwrwr6bfy8Yj5
Gg1UB7izduyzTE7HtCVVsYwH6V5VjytdY8P6N7QSFgSm
2vXCMyfGZY831Umo7AwfNuhYvZQqQ8PkNgcfCTdPWiyc
67Vvg2DbPy6v6vuzD2hT6uiHaE8LPZhT1LLzJX76nXAa
DvpsQCRTPr6B7rpRWvjkyfjNrNUGovQ1G2qv8zUR7pCY
V7L8ngierdxzWNBDQjXPgRykWmhW8Ay6NzDD4YEb9Tf
33npWajLoETqbWksGiZcmHXsngkxUpVVPxcSbkk16LPU
AYruxdJvnYKraG441rPtRnP5zvqhJpRrjaF6md3CqGAZ
5PNG4ugmo8wXsCEsuPhFhpXkctFwcf8mdeGZLN8HHAvE
HX2C1MArUBbtBdoCXydXQeb9yDyTohMMdJDX36iDivSE
FAP6Ecc9UbALygW8GcB1MRuyt1wApcpNTx5ARgDqyMo9
4pxZL7VSSVmzgHw5GivooTwNtrVwgz5UqFUfLiBoj7hb
HiHX4yPNA52mCZqJTcMm9pYRi2cqCnDuka2fxHsJvucQ
91GTY1AqzSVBmcLcMGniEwZQtyLANpaZSZoYfjaXkKt
Lyymj2RTcMPFBBVV4ALvRwZ653q81QFTVm3VUm65Do4
pfQ1kcUXYGEis4W7fHbrVdiX9JCTJBY8UtsPAQfCBfy
EZmJ871xSxUqgiyZco4VJeyyBArc5TimGiRrB5hqxJCG
6jq46K2TKJLgqPL5UZ8MA3JgK36iSgW1nLzm6W1etFSR
3ega7hUdeyTBAnZDkaMWRJRRRC4PnwzEURRTLSdNDoC8
9qEwKVpatkHizHs6L54HJCYPGApaqZiEt7vyx81usV5M
GUiQ1BGLqe4qkFMN4cG1MhzGm2i9Dxk5syxC8vnmQyrT
4VLmg4JPAaEmHSpBt3geGKwSAq7BdVbmTLcfz1v6UJLV
3WgdDSCqVPxmb9TXi2Kc2pczmf2Jbe6ToApxvB5kiDnU
9Zm5edeqmrR7tS2a8yBoCTwYsEanLkukdNmpLMtbq8r9
8fHbXPicPvGtcwoPwhWK6QNNFfMFiGEGjjwPiEo3EC5S
E5YFuRJv5fQ2GbxXvw9tYzABPuivSJ1iWLmA12hzbPVs
AiXXt4Hww8WrDSuaEBh16gn78iPnGeGGJVjkX1v1uTiK
52q5BLpaWLzgXyTLeBfAsfoKYHTr1qtGZcpAk255o3Z8
jZa3Zk2RgLncxEevNJCygiUAei2d3aCtVxcFHaAA1k5
DFR2wreeTBmJvGo4H7aWA93pD4nGGBcg673412Px31wF
6hef6y3sUuSR6kSgeVADFtUY3fFTMhEvYqcwjLZVk13v
93rQQgNexoNavgbWok7dSqYjDSB54F9JJwkStzHQEh9G
GGxSFTpSaKqSdM3qt5ArK36zp2szWSwGiWSk7iQjcDmB
9h32ds9A2ce99KRFF3Uc6iyg87BchpHAmp9GTGneM8MC
6E2EkhAtZDz5P9kj7x5pAXHZD4HZm5N7VUPWSmnqKkTm
By2jBgPBSiGCNuJfEjCqif5uccbQ9sTnD5EMFs7hLs2U
5Whsza12qTwg19BMDLG94TD9xwrPQ7hRT8YfiCc24ym1
2eD8Bw4WfMB3HTT6gRM6SaGGsD34FAPw3QLchPFBVKXT
4tL2nQ8yE5BEYamub69SWbfzveRi7biJxGzFoz89zbeE
CjJkhNKo61idha19PnE91jcuuhQ75Ho7QLiCPNFrfGQ8
GVejf7VnLQ5odzQqU1JWJnBNmNPfgMyqsayJuomVnMnG
DvLBVvcgi5NTtcFy8gjqGv86XtJ2kwMLAoPpdMzo2G4u
HcFJFUo7UvWD4VbWf1u2Q1XSEEMgJMbvhKCBEMEhZi7A
AruaezmnrkvK4YfbMGvuPhUBgQFZYfLav5FidvhrXk2Z
Ckn4RqtNEaj6ZWBW2kyxmv8Sp14xg8FiwnN3psvDZzHY
HPa5PwvW5V75PoCSg3zd85pWEFgByE5GXK6KmZ6RcnVY
GjJks2ZFv5ZY4rqTzphCT36wQqWHWajAHr2H9L1SUmpg
fQTwbdUSQPkyhEX8zvDZ5A1zGFexmc3Tatt5ugturaK
3Z5iNvFZP1icL9m9CvuoLgxB7dSNPaRL1sNL7AnKC7wT
rMwFuaZAXjF9bi9YV657nQMRHnyggnniENs6CgQXN5D
FfRecsJirV37puqRCD3q3nYT3rqQfmmrbpcFKepwtrLL
8Pbsq4czq4q2msHh5YnRjAq6Y6hFsypd5DtbddoUVWW6
BVSrXmuZyC7ATqNcPPx2NjNpK3suCsUTRaWhP6dvaM6c
7Y6AQTYUDexQ6v4rT7EYFaGbWrUKMWmBu2tJJTLWo1Ez
6SijCQLyGMRsCVuTG8D3EwDtJzVNYpLX8ZncU71rzGwR
9Hb9koDerWuYenMyUVbQc4r8XoGTmnhctSFzSmL9pZh
5oKeMSjCYkBXP4dos6ku45GAJZnHD5JWPL1HrTMThq5w
UHEKArQbBdvRnX8Nmp8tdywUmCFE8uyJsszuMLjJXRe
D5FD8TUULab9RWFPXjCCigCemtbSAdqVzE6jrU7Qvfzo
HmYdPoGks9w45niVQT2HoYNMM8TB1Hwj6zqDzMWTru8D
Hn3KVjwFzfsQ5pE1saKWnZ3iAoXPEnbbwPtcTncUs5vt
EqrCwLVWxuboHpNmjarVcxQGysgjWKaFd3LXdFvc5KbH
DrqYNZmn9UExTc15EL7AWeS6K4W6ApWDKC4HESaBcdxe
Eihe7r94muqqLgLzKtHR4MwRJ4A8Nw233ovsFF44nqZj
HCVu7rwwER8r2ejkhxcK2gTJ75zF7qYakaiVaZCXgBTR
4aszXrMBtjErMjrF1FjK7ypoA2q3eP71K8xdGPWs6GDQ
85NAxYw79i1GqPmFDhdksAFswo9uBw4CQmuULrRWoG19
98GZtuYvdmduYc7HRzcfa8tQSvXHGXT4MStQxQEGotrD
Az27zGfNWbVL1Ho7WviiZXBKctdPYGZjQhQ5STosXMvR
ByEDQ6nm8yL9G48LUYmTT6MQTHXPooMfqFyqMEniNKuY
DPmNY7WeDoqPpkior3CTcLYsuVZhBShVrtx9q6J2uwb9
4ZM4vmPKkJs6FFTQqPVh4eKFv1aKuWXbrjGyFt5SXbAJ
69A1734bVWPtV4JoaBv6Bo2wvLTAYKmtp9U51kYFKjFK
8x8pZXohydyQmwa6u3CrLurjM3hEfSd8Msmnw745SqJc
BAxLmm8cnRVchMjcUEHWdNPXiV38rX6vZW8sSshiCuaD
8Bu2sbZT1PJ6v1FADn73sZfDNboMA1okyy7WvRo6qmPc
FrNLk2A2aEoJ3TuqwURDnownXuosT1V6FyUhBWzKUSnE
9jwUseqhZqtEyN5BAdF86kAzYWaTSpzKUVLtRkqW1TSX
3SzCgLc58a9BUCsnGhMLPT7KyGNLN3ZGCdrJmjexawhd
3QwaGJHyxGZGWh6wM9uUGBg2nayVVcF4Yx1FezCpZy1T
3GoGPKQQwAvLwTrupnuWeKMyMsdEjPJZwMeg3wYHbRtx
G6XfCAkSGpkdfzGCX1wgSmWvu5kA7hadjkuoMyXeKFG3
J4KEPTcci14hsHYhMcm9ata9AobcnQHqJGL5C2fP8UFH
B4nzr2su8PcrbD7AJqu9K62C6XZ8HBb9wCt5ty1rvZMX
CGGqBrifWCzRx5tNC6vcVNURnQLsaUNTa6AzVJ9dU5wv
AuqeMrF1yKuKVCBmfFV63UHxyVUWE6SwfsWzy5fedvsx
E9Wh4NETvgRG9bvFU2UcbrktpPZ9F7iRtiCQnKp4Q42H
9JPUcd2Wvk8GoMHVGYGAijGoSm2a5qRWwF61NRinc7W
Btk2m3XGT4MKaRznZAanEgjEkcVjc8ajaQR1pxRJ3JgK
7sgm33rFPokAAgPUSAKfQvAjbcFthgK1xv2Pwp6bSjR7
Giz38m6M84ejghVKGQqqcRjhqx1MFzKXEvmoDtUfEXCL
5j17LYqCVvQBbcKyoaHe4Biy3X3oz7xnCNwDTBySWjBj
DLy38CjnbbMHrTZGrV457rYE9d3wZ8PkvkJA9Swo5r4B
GFiUwTfFrAxkWdgrBi3EhPhrw6atv6Wwimy21LpBqmj1
5wXLq7ab2T1d6PJEkdY2jwGEj8tPB2MCyamyMaWWqbj1
AK6ywjwtMNwjCatjvxH8H4611Cbbw8H5oYXge29N4YhG
25PJPsZfavCjHeG89k1cCsxsDgzeaaoSBVgUcbmnC4ar
33A2k7kYH8hfxWrw4NSBEuTn6419RGzCLjMkwQkVKuyE
6dQi6D2vqFUtCgusLh3WNN5jqQgh5vDU6mAdiBLzHXtt
AkLS7EC9n6WASyNNnRnpWyxXdqcin3TudXvaD2SqrzSU
RPbGCUoe8LkkLqarhqktGPZ6HrvzCMRa16iBmQo9FVS
F7dcPmZBKn3nAJCaAASJuu3pJWBkVPNvZRZBvaeSK31E
EUAhH92wWozvywbKuenhvZK2P46cv6DoaoRMTh4UHkgZ
4bCEcVBQJt4RTzisfCSKQobvD8toRkSGxoennpVV4xqQ
Hz8H58J4Eqaw7TnbLQMVeohaeg22US32B4193QMd7RvW
5gVPkGgx2Tqj9Z3sFCAWG3P2wwmhCHwbe3YVLn5ABD3X
2g8y1gERSqigDUxf47jXyeekd8hXk7yQtSADnQXFMDsa
CWLVWPZJHmyJPzfVJX6g4z2WwaqpS9gK1daAzYRwA9C3
GfaGXg2DSnjbpbXq9AD9tAX4jaRzKmY98ntu7SrhQ8tQ
EZdFmWWQak4Fe6UyJGm6HiuGBv9xeSszT8NvoPadJLXB
FV6G7K6EeL8yxhrKxG4TojZDCNLanCJL4xyzoKxpqGuz
7tK2jWeF3yinMBAZqYpRqhNg3XqFQNA7RhjAQk16y9TS
GfR4kF5TV2MHfigRP8mRd1xeNhNWiJSvHtpnjFzthLFW
3KKz5qPZ6eeQdfCtFeMg9vMnchQPnW35j1oPNSDzcvL4
6dyuE2rk4djLNbX4BPP5yurkNw2kCusZCsVEoqrGJGUM
g8TiMohRaQDsai7w8DfM1ZRU9xwwoFKwcn2UCpSDPF8
2tYUuyg8dLs8KJxfBuUVgTaE6DbuvVVY7kGaBrjrWt4R
B83HUFnxYsUryA41gJApWrv79X4kfXcji9SHenjL9e36
AxNCtU5D1VczrgCvmkAMzASgQAfepoCHUoA5LfrtwFBL
Dh549sitYqbHFCi3jAkbyWa6qfza5ugJWRMC12KH7XtP
73SKu3q1Lim7YHDgwx5YCoLdT3iioFBYzxegGDGsUX9M
8AoSGBwAQmztGvH8SCeQMk9xgKRenqgTe3SwPzMdQsHi
CYuJDgeNRHQJW44yHikcAi3HZcddX1s5b35Dvfqa74xd
9iR14BqD4ai8WNb11nBzLPGfpnugAo677Q8sonfDwaFD
9nwpwbUVw8kMbUKCMYh12eSNGcTFQq5zDiqiYzpNvN2x
4ATji4f1Kdss5FcxcPH4K9W5zdYJxjbaYyjwNGGDv3NZ
6V9A5e56UuAhHzMdPNFYaz8Kn4Ypuuynr57MHqZmTxa6
48mgj9EXRtBwUMFwM4K7nLSKxrdYdfLLnmzPGBxKTAK2
DTqhV7qtQAwgcUenvkY5QRtNcqcHmkRDsxYUsm9vzd9t
BH8zHMR9fxYbV9zzP6fx6g89464wkD624paxgfLaWZH5
Hii62HMtFuhfQWZwfHRrcFojDkn51DXVZTWX2DnCipE2
C6ofuJVanwbeN3i8ZVVkodmiiS2NPHbDQZCcNYoFJHzX
Hq4BksE5Gs4nTJocXvJYt26VNesZ16RgvqRq1AoEH9pX
5KiKgPWHLuomzYBAQkVSvgkFANyJ9Muj2P8z4vDt5Dne
9ijbrXaNxFMj4hwWnKmjGkaWKZAtvh5bVvv2TvYW6r6e
2ymk2sA4wtPE4w5Y9f7ZSJh7WZYcjtkSU8C2UE1hCymK
CQj3tYjTJkFHB6fjxVJQFJUN19MSc3kBzJ2MFcvvFy85
3HxY4gMkUf8gYM8JYSxjLpBPhseXP9aaH5kzNsWzMcTn
72rtyJKPeA6JxNGFkHMzvAKTuMSFS2yauX4DdUkc3uc9
DLWT5ZYCeitBnbGC9DvvV4QMbpYWHpYJSAouzKALspCs
5nJL42dZhouUpHmeXDV3PdXrhtRdnraKsQm5JcL4eJLP
DcpnD21Yrv9uDoP7iUXGt4i8BiC88mgGQKypqZHUqTf3
BdMDAyudS4kDKsqopCaj7cL11gsmGsAn8S8AhfnnBgBc
BfLW1yiPXxHKuqNm3Mh7D5DDHPygScFixRQo1YzTMVyb
AfXmremBeC6ZS3bzrqDPkUXk6GQD8uFyYuDPEz7J4y8f
9ZV8Wf3N6mgyyVBu5FWyPctDBJCdsgndQYncvK9ggFJC
25Rhcz4NpAZSu6eabCrcnLypG6bbC2EzVq8JTZULNbj7
CEMyg4x8fumFfisBUryT16v1YkTZV8kfSFCK5g1cmv8E
E4kZDrX6PHajKpeGvWvpW6oQrhdeePKnGXmZZpDjBH4a
HrTPdY9tKcLwdBVxKGnb4euzCfptBz9XNDRh7yfXis8q
3hjuSSGWHEWDXzn8aM7aALawJFLbiEC3sYfGS5S67CbN
GEuhS7tug6gBRfRsjx8rDUo689GPgZ5dArYXVhFQ4MUe
3JxcKiD1Gzj8u6G5zhv6XEEGcE8AboryaWziSN5Gq66H
4eLVLJJ5jacH23j5rLkZ41ss2PmWKaRfGwosNRvZmGxb
DigLZacieGewF2AGH2F7jZ8MBWF2RgG1nyUXkUecWGbd
E2oXxEcSpuEdRMrSSNzF37mnQU37f1js5BiAFT7r89j8
ALNDwP1rEKFik5FqC1TCqWHHqES9LSiscyfzw4JQKDyv
9LPVDsjUqWyvwaWhRn6mcYPhWEE1dWuFxb3R7rvkznrG
7GL8CjkUfvNATjqzKM4b2JYvYGdrisDxfLTJje1ia3wV
AmKuMuKrMXqzyf3sDgQ17BwM7Pek6BeEuNnEGLRXPJag
2opaJdaWbdcUeuoU2pb6xXEYMxRhfDDxnxnrHCU8uRy3
9DM79GgDGK3FAY59dkGGUhHY7qnjTzVoYrzLerbmXRJE
BEaBQsba6qDGDSCvEEu3prSzFNE4jcwHL1W33HS7ynUH
Cq6brHD5iJGEJWyDuLRGaWim2vH5wMKuftqgcfgV5zPs
DiCEUWCPoQK9EFHBjvMgW8QbnhKA5WhKs2Lruyry1Utp
A7iq2SASBjg2bpfEVFikzFFNbyL6UPKjniKxQbuq6DAx
481CKCPNd3uDZFYBuRL4QyfmRC6GjoU5748azkR2vcG8
E4ebog66HwU4DwZVvpwec3Kbxyy2WTcYAwPfNxM7zXBw
C1gRcMyiUQ4F7RcUHQ2iRTh7c7RhyoA3WB5oFdnDX4sF
FAZjhoeS2ovnRnv2K1MtvCxNgE7dXGSh6ga67VAwPVSw
HXQa2aKXfYQdmLKZBnWh6Si3HH9TZgSZVKUM4wTUpCDp
As9E4v8eQHdkf9QDRcC9N8DkVXyfWRCEBgBiqZMcvoiz
CZhTjmoLGpB6E8MueRzmQMgJZfqaVGSjTNS7frMKZrnK
Escm4HCepER7cDoYV2dz5mg4Y27X1ZZAcGKPZ1vAbYYE
Ea63CWJiLhhBbMmCmQ7DzU4pSMaQo594fz4rowNDmq5S
KaeVkfAwdz5xv5sLMJJTfReRWtghwBnuq8ZEBRJwKQk
EQvSFQxEJ9CtHEmmDag94aX3rivC55G5GihJKzwtV8eJ
CUQVgvNT3J4aWoZFzSizhR813uNLuhF4QQqNxie9qjCi
C2ytnhfZw1Z5pTXaRMgKo724s2hJVDwmgVjjmQQEkLAr
7s2bgBrdt6dUFXMUvhn2tuPMw2gMFBiKHbeh9avArre7
CBjevAzX51S195EeZHDFvrUaihUvVfCG4aR5D129Sofi
5TP8GPgRqdQfdCqbDyJEAf4SMsRb69t1p2Erx4Lw65Jp
EJSGhAi2VqdiLVLUq1kLuBt38hdn4GoLSEDRYZHB81RP
4mxB6Sgs3F71VAcFbv5cXidFVgGbQyVME6vr8C6xXz7F
8hVqUzgphssQVUDXstxiEECbsHmBvmqNQUYwzSG7Uo7K
7jjovq5tZyKeNwELY2G3Aqzo7Bnja7wAJkGJtaQbLMdm
2fdVamvqjekxyVuV9vHEsyd1W36QqwVQcXYbrwR8umgb
CpsrS4bCTVHDagin9edW3pz8RMMJ7Y9EuTY4jrP7ELh9
44mEPgzfBRpREVj2gE8W9jhozosw8dWJGcmkUEVZFZc7
HygdNKsvFi8KxVPr4yTZ1vSLcCnFUbUJU7UHvEAMhkbt
3YYbi9VFC1PzHDSBuQBBCrGDsW8wR52bWd3bXjLpmHuX
8g1Gkmw5cE87uGHSFyqj8gct8Lk85WzcwHL8aDtVG1YX
7L3qGGegsvJCxbcov4zQkiE2ZCfdZzodfW1Vsgd8ehKA
4kWeMpMC9Wi7RLnLTzmTRZjrJaG1SNDig9N1FYCzMFdL
GLU6o22VweMYKK9CTWvAj3hYVEk12D3SF8oAJRFzdPSc
5dNnfiJvSZBm1hLmKZi1sLKr7pKNjJ2ZjLBXr6HG1Zsz
CwfPDrat1Hoz3r1kjoAL4B2n7FMN79S1EYMJLT3KssFF
ETmknKHqmFuJWbBXc3ZeKf7FoNFP7fpJeK6as6n9vsEB
6smhrbP6edpmBJrCPMnWB83FfJSVM6iphHvEhsQBwEWD
3roCWJfRjJi1UceSU72sNhhBk15CHA4HR3eBoj4Wxd61
9zBNy1P784g16Ba1B7zuqCfzH3nQB3Ebwz9voBDR9NK4
AtfuH3GGZxtX5esgSQdreMdmbYRq8nZfxBP9sKH53fKX
BArYTotd1DbXzWExJ9dT3ju4GCJTGk8j9DzMtTp3g68v
8Up9JDUBuDsJBJio1qULDt3ihNrH4J1itQmcihha5Nkg
9JuTCpz4BmXJfkfbD7K9HM575jiGrkQ9Dmf45no8G5m3
9hWMbrKbxAmm9gTAHnkVgMee5K9saFPUNFQtRaiVYQY6
83xWdvXXZzABZMYbXzrStK3dTbo8J2RyRsNoy1sAjRjG
BAchpZMRwfdFwHLUXpK8bXFSm82eFs2e8kevPYnNKWVY
15qfgZfD1P2TqLcABw4d8VKnGsETenfwgmmyY56sQuq
HdUFGejPZz23mJjhwsN7UvhvTE7jmmb88v5XDrW81eyB
36HZcoWbQHNGcPakic7pL6SZazUVHGUmWfe8Yaj5SdwT
HCz5XVGm7ZVfsfHVXr6eeXqpDtmhXuVvMFTygBhquPgf
GiFs1cpZbujawYenYAeEK7tWvgEPemTfQL9REBhdS21B
7b7C4yvmLApVLESGgKyZ6ioiXpbMdgccBHHSKJz7t6ij
HX6u6mH12WYG9RSBWnkiTCftRiMA8KnHqHmqHCysGciz
G7maoSGh9kVRrdWopHBQmtLo8oGLi1rbBBxwdmfdw1Jc
2Te5mEwUG8GKe38QJTECWzJRxEntF7gPdEHYsXMoaCRJ
JBT2ngenqE8P1bMyGhigySAWcafSgj9N93r5CwDJN3wJ
3qeQ25tvECKc5mZbxgAyqgUnTUtsnjHRYBDLYgLUMfSB
F7ACvQB27iedLvtCc8PjNzzxw2Qx4dPjMvJohMXAUC3s
CtZjcgtVJboEdBFfSCF8iWnRwaeke96UEZKqNaE1fzA2
J9MFDBHzH976Le535pAJ5YKcZcpDMUBNqEAxG8dcc5nX
CfjtzJd7cLvicz16EK156gdaQ31ym8fA5Hbk4drGmNp8
GZgRDBvKfL7fMx22gdsrzfrW6EzvcFVVzgkPTwDdWaj4
3FYppEQ3d1q2EYHwUyR8yd3yiomZaYFTtQdsn8FLjgbW
FNYaWb6wa8rnC2EyHioKpkcgkHzm1JBJdRNSstiXYWHJ
5c4GUaa6tGvPpCETRkbQuSVKzFJmHqVXp9EyK9GdJnT2
BL1zjy6pY5BqaQUUZAjzpjDip6EjDMg45JsS9JCPRUtC
2zjAMyTzjKwF97pkhD3KiEwpQJjcpqNAhUvEUUCnaycL
3YHvdrxKyzhDAZENLMQDXMrjZgKfiBFniaibwv1vSvpe
6SfwLhrAsPMtnoM6cZre5hjZG5k1yKH66JSpEQtgkVny
3BuVGiJbBhSgiScz586Bz1JAhtLudtm5qGMmwvFAPmLq
FURyeefRoqe4pK5R3mg9whLK4gM2kCcbgnXgwt4583qF
5oyeZhMUvbFCDyXFjBmqdN1nYjFZYCdR5eC9EvVqKDft
EVJeeVW4Dpm9eqFXA9aTYNeAd8iD78KfzzerNyuLkxaA
AQAwKXWcMAyTBFgMkQiWS4BdpRa8n9Rf6R4XjiwwMWR2
6kDUEV5pT7M62UsT8ZRXWuKoThh35YD21Q9PdZ3pFBue
J1yrJwmfGPRXX3T7VPnr7D1sQKb5KVyc23wCafNuV3J9
Eqb3HtAwzt6j3LLppKmAqywMDUpGkdr1yoPFfsuFuH8R
DiiS4W5gGgRFSgR5vzM1apMknFnmYAZt28LA6jy4SPSR
3rKvfYLSNjvbXJ8Z56HyiThasMrDzHdTNf74uqdj7zcF
DjFxMU32pBG7kZwXtLanDpG4WVNNNAj5k7pTvPMfPjhH
2B6buWcBPNhwpwi3X5To22Wx8z9wH247db5Bjw6Fr6ap
3i5M8ysX5SxCC2nSbcoTKsn8dD9YwmMfqXoDj7UPAKEV
6wUxwRXdiAj38n3V4XZvPLvzS4QkgvjUyQv56bXvK1wF
BJXds1bwTVmayJMtB33K2uaMEMHHeKdqcDPCWnaANtvf
9Q39aatxGjmdCBDVJFkjvDyCi96BVEHfcWTXt4RQ8G8h
9Erek2QVsFx7WXZjUaQz33L9j8XFzZeqHZWUCUqUsHXi
5LUaxtBfaZGWasuAP9QYDqMSfDZAHs3Qh96GNhMjogmE
5RgRrEG4NJAT377DZsHp2GNoftXaiBXahiS3xmxMvEzg
4FsxxEUT4WxeHdoHR8o5evwovfw71FrokppPNAEC4vBm
8NznFLBN43fPNWSGw1ecA5X4GmNcnfgNCBmd5Xb1U2AJ
7LqT72151GbExdi151oGKjgf2AafK9CZr7jzYvCWX8r4
EpGwESgTqDNaai9eEtB95P8jKwV7gcjT4kXRoFdS8HMc
GrGMBajbxgwpduwYb9WpX1eJaoFGQ6ZUTaV7XVrCj4LB
HkHhWpcD1gP27qA9LL3S4BfXWsnK6newsZ7K3vjqHHdw
4sDzfujrsXkqqp1vaAa4edLnXUegy1veh5eLjV8WYCmJ
6Dsbdo1utEXndhQSCqB3kRPMNfTyRB51rLPCpyvB1p7G
QJJaVpXgX3BgituERLRGn2Wi7AxiLcLf65udanDx2UZ
AjCPdx84pYMAVygJKBT8GzXmf9JvMZhistfVj3NryQhD
7K4BdPWTaK2UrxxDtpKF48n2QJNQ7323ZTgiTetYkN8X
HoRhhpQ9ojjN3hPPhDvXPrT3v37L7gYE4pEaXprmiUqg
4d3HsXFxCpCYLqNCuxP2pRRF6w51qfDLAwQxPxzEToM6
75Vxwd1itD5npamgYzzihoSUi434V7JxhJHB78cbQwdM
Ah6WYbsn8ghFZxvoog5fhHpHdPERCbgbn4PBDsjAFwSm
3pXgffsrvHB5CHwaMaNgd6rC3Vu69BJX12UBXLZqWGXm
EfzXZmYiuB1xJmfHxsx5kGydC3zxxDQTXj9kH8QsoJT6
GVnkbKfKS1NM7zJ7t99UK654FSUYcGdsLXKdc3iyZUpK
BaAgxmw2jUq9cexPSye3qX7uj8XDywxT3ZiikyzZtgWe
ry1456Y6Vp3WtCn45tcYMJeJpUBeS9J3tXupWqK7VbX
EoaWS1vzvkBjJdGmC2Y84bYEh2JQwRNzwSHD8a1uBrDL
6DxPh7A8MVg81PHu6U7dciCgybKzBuwkta2Lna8ToAgX
GTzFwLQnanwzYPFZmXW3NRHgdjaeGqBJ9hCj8TqxEJ1U
BtjCj75FHzNEavqtotmHLpLENc2B6adBwgD5AJdj7Pkp
ALEkHa5EvbB57b5catRCLbRmjY4KEM3DBX2tt1eetZpP
4UF8k9AhAA91tY66t92NHdDBS4Xd96kTQGAzXiF3M2Yv
F4pqUDpaBHFW79WbYRy6ABHZ6RkqWVRAf88cysCSk8XF
5uQiVBsRZaNApVrTzmFAeiGs3ZMniiomzr1tx8xw5hjm
2u3rJxDcwGFXhvknLZSMNbbQx6jkNfYHrH2A4nqDDLbK
65sebST6A9CsdwahnCiosJC3BDgT4X31ZnE9Rp5KwYRF
EviVzDTar2hdJPcYeV3dnatTU3xej1PYVEbrLfejc2AQ
5To1MjRNVXTWnSPeRFPRRdUiBHo3gdVTGBvDXPF93fgf
42gRJxAtokMVwF6pz6oyko3zv8tdB47KCpdUZG35frUt
FuY3MfkDY52yLk8vqWyzMHRfXbTUevXXtEBdNSLew7DY
5vCxjPtQjYM6bqoVgxVbacuuvDqTEKej5t9ZHDrUEVtK
HYNsWmDEEfNGZN81kzMoDEZytihnzgcGbGe3Fwjchq9s
4c6jBMGjex2na8CBwN3yfQj6WTUpqmokWEaWW7mEsLPL
81SmkkMhDEqGQjPFrDyYHudQ6XkCMmfbCdHmeQ8Vcv3w
3WtnsXS3UEso6T8h7HjbiSWcSsVB8rwLQvMkVWWKjt5E
iTagXHhXsoKBJfPdFsjgFZ699RS4PJRNwABigqXpBZW
HPZU9MFm3nLJtANgiWANMyCDk9NRM4Eeo4WMLHiNrSU5
FjPCxjy9ZRCtTTAPWRVZLnB3w2o3kY9M7ToFT77pnCEb
HZeHsyPWQX5R9czvCyUofZy932g4oq3roVGjyor22uXA
9YdfcNRjhkyCxrKb2uSUcaJoZtj6yfgoEwxr6tD6PjbJ
9ZhQUnN8fjM1RyctvWcj6QJ7r81coAwoPpBK7RAvHFXP
ufo8pHaaJxsckTBd2B9k5WjFtsVAEGzE58f3iqVf7AR
8G8m2ETntKxmDL8NnFNrVSBUK26upPzLmeJ3Jnz2hUwh
EckjNQ45zCQQrsgMUZSYaKcYv28gr4oCLPX237cd1w9R
5NVkuJe1GpUvpLDTdBYTqJqAKBTA2KTrQ94Qg8eP8ZNq
CoziFdkzHdJJbAndmyLE6FfKFc92dckFAUWUCwSoejQz
BSbnb2jyz3H9urQefoyRCTikYzZHphXKzwcBmdzcMF4F
7YkSgVprgssWbrwAmHnz9eTUCYqgoG5nQ73kwpHJ3tx8
37S2DiUxi7tkNrEGbz47P7r6nys8ZbVJWQrSnTdtVuuP
YYSvqsVToqXRhJ4Kn9TYBgysfWW7b2Cz2E7sgn4Ynqv
2PjeTy7JFeGr8BgeuMdENjP4DGVAAuxL4pesMy2Q7RC9
J5kGwLRC3B4H6BCs3p7o6ArTZ8XZEd9WrFSNcwV5iVBR
GkfUPWWLaAJ8cTJDB9jttjHrpFrNiuuSbkqYx9vesdsQ
6HdGkAwEotCz4MtQQUPLtMZXtjvYLMAn7QVQT59uejVp
8Cu4osAiTRjqoqLC3NXa4dcmadmFTxagSuFzobdJoVMN
CxCjG2BNvJAr7tH6DeZrdo6xtgsyuW87XDoGxAGk6ygf
3XeTbSq6eXHu3k3y9r35Wf69xPnFfhf3MZPoNLhBauS3
3tm1NedZmhtpbGqoNSwr3LaGmtumDuGJRydik622eZk2
CT8KCP145dt5EX65N1jEsTddwR8FGR9QFKMbCv9HnbFw
8mLs99UMTSiz5DBc3JWRjoaZgPExPJz5NjZej79U8aKS
81SWyherrYzhzQiDaxbgs5nPhvqQs4hPfFoiKyuhygPw
4CaMVWo9PgH1pGeBZ4yCspeDFUpWu6kwfoSb9Qzd7F8Y
5M547AqES5Xp9udLcv5mvdrPRYpbcUBd8KCmUeFwWLQw
Ga5JAPAtNeR2XgWQP29yaxDxJpH7TnXYyV5QxH7aSezc
5w3ATTnGNzKjGSYgQgPxe1mDhXCjhgHeEJ7vB12jqKr9
7wD1b84Fx9EnrPhdaCyhx33TrsiuWhEa1jmC5zsirvMZ
6B3AQBndqctqWgh6Upr5SUv6QGwzTDd8vthJVFC1CB7w
EFugGwQ1yj6kU6ZS1XepjpHvfU4L9eUHNQU2kPLreysa
H749ZGwxBrq1N6BKgWXT5JywEDEvpHyhBHiNvSsxCC7n
4ugZ61HnaggPrtA9DcTo2UMkcBTHZNFNNMXCDDipbdPo
EXynSrYE6oixWomtAdciqxmby4VbJwCFqZ8w7vak6N23
GeihvCXQ5J6SN7fkBcXbori9Lo4zwr7i5UFFJYmEszXr
5nPtvBjWpapjyJwXjsBfkLw8CmTNYXfk4fpiwaXtuNez
Ffe7nLhHuh8k5pLeaBhjr1EvEWnjYHgJKaU8eYZKA3ji
DghJ1RDVRmkbWYLhR4CDMCn3Wmwhu3tiChvuxHVqDdmA
Fn2PATEpLSkxGUxYdK75FHBEddY7FCryydrzNjv5MCsD
c6qirVbce79cbSkRbARn9vGwnA9HdvzVW85KKeFm1ao
57SF5uhaXPXXrcPoy9Lxv2yipo81TYMMFdZNECPGjYhq
F8dmtrDtPfJkqSwm3ouxjVVrVByMp2VcyCQkGF63SZX
DxENdp5Sz4xtcxMZyFA4Brc38d4345gh3AwMyFvCDmdD
Yz2iicE3dZnC6NPyNttZWriNNf9nteNm6NF1fqPzQbG
C2NHzPmFeNC7x7LK5RG8kCMfabBXMHZmm2LjQFpbqSdF
E1M6yZwJeZU2NRkoQ23hnh3512poXiUc75Gf5RioczmN
6mG9PngVQqibhJv5GrZAB7H65iVPbeyZXS3NBMgxqX7Z
8ANgv6FQ7333xqDaGzTZqWkSchnbHuXahmSARzBVnYcz
C1SVbPLEkvpk2emyWp2P1rvbhEy6vc6FwzXzeWdPsJod
5PFq4MpazejjHNCyoHobnqw9A2gTNDD7a147s4qw1p69
CE4uw3EHyYJ1SgAbKy4rNFnn2RK1gaWSNFD64mKirMJn
1EHu18ak978eNRsaovDp1BAFtEy9AAAKXp6tC13Sk5J
CmKEManULcWPYXr6VkDPBZir11NPVxWuyN49gtkE4HWF
Co3f7NDQQRyPrBHFmSdbEgiTXems1e5PmYkrW3nNMeA9
6cLUKKL71dMptm5b6gX8nm75XpzPWZvQChP8DedtC9cb
8PsfS86CZrMVY1tJscxkjRs1EwZNuvNYf3MFGVA6Zra3
JAR1ND48gsqw2oDsVXAqD6HrHiRNK75B9fdBURn3Lk8E
6BhN7osrKfHbuEfVbQi7NxFFdTVewwcAs5EPiN5i9KDn
o6XMw5BwHoZhFAMtCT1tWrcuj7sp1qkec1NxLfF9TBZ
APyKbdS1YuGbhWU1Vpx5gTCHF2f5Z2RWkiSdSg4ihLuR
2rVVYkC2XX2c8e9ERaUL3Fo5Czsenuj5TfuPgRPHPeCp
8PTR3FwtsnJ4mZd4QuTipFq5WQN6Uvt2chLk24egYrC9
4et6s9ojXc8jfRF1JkSjdEKfZwnA7eBVw1tx7SyXh75h
CfDPZ74KGyxK31CRAKmvUVHdcCEuo2AmsEvWwEdCanFx
CpQKtbt8m9r6oVeR5DZo66Bc43LCT5Z2YMTK1Ht5wUuT
229yBzqSEE93Mi3nRWP4Db8TpG2E4Z6EAFEg95JCqp1w
AaNLnnVpVJmqop7PU3y23Fd1311cKEjMDT4hQP4a2Rwk
Bfc5wdU9Rs32mLdJm9qtuisJh68ZymnWgWyMiD1fPzEw
8nm5ihC87qNqba3iUELo9Sq4ngHKtTdVRsNnXsUUaYdD
8nTfErLr1S4S8v2MD2gV96i3k2GDrDjCUNkgw834EHQ
6TZW6oEN7pRbYnhkX89XyUv6d8zC6XgXptfHVjueMoeB
5tkZKA76D9AAgkb84w1EnvAWBxnvBJ2DQiGHUMKPfKgA
8ht3GErJ14K97FhBSumVk9dCW8qqpKxuqWyu9u9BpKDw
CHxHSjTcxnQergWbPEUSYQU6YeUW9Yu4F4qtALX6q1sT
C3ULshUGwrNDPF4oJjtZW4aGV6gqrUbQYxjazGP14aD5
CJdxDai1oxHswAdKVjrpGq3eeZ18UFBAsTbzCRrjPR5C
DKpVoVddr5qBgH1uf2rLqdig9pKfZ1ZFYqgbweb2B6tp
DpX7Xk4N5WZBazowf5F6FV1tJ1afCXphMGRXPTn8rLWD
14n8sPkVTPTo3Pjxeq9bLWTUx2PQKaY6RWTgu4HKC4be
7wpLKE7YXR5w24mwJ6FDYtY7XqJ1wowmyqKBdanPaUQP
36d3JJLnXmDjuc11uU76A9F6iiJZkHY1SrG2iVZT8iRV
5dGT5GJb6ZrkYTBUm64NtY4pXb9ht6mQiC22JjqDd5jb
AdEJih6aWhjdhWacsckWR8PZgq6WaFYz17bZ9vmSGW2s
Gtqp3kH1HQX3zcRy1b8gQTMkfqBz5WJ9m6DbMfZXSooW
6hrT4JdNzf9JeDFM2SpRZgVtLxH2kLatJZ9vLGGUtE3w
7DqNM3JVdg4FjTuob4X6rna2fFAjLYaNoqwvSU5p5RjA
2CbPre6YCoc37gaT6JLtbdsv9Z3HfhGrw3iCVcXtEKcT
6ToxxNZK6Pc2Cy83tETaoVzeZkXCw6oKuedEz1aXEsfW
BKxNnkBiyKN65TFRJGx1KuzYnMc4itLgqAQAD2KENo8e
EpAnSBCG92j2nhyDKUJaDRBdeMsnyMd7bMPYpg7EVTrJ
EVdi2TqAid5VNqtqK3uC5Q3XzzqBCU6MKKhduWLo75Tb
GDyfsoh6GfRoMfnoEUbHBKJHVMBXQKUSc8E8ZtwL2Fpj
CnE66KQ7ruSqmSbhzigJWjhKrt3XNxfMT18iVBBn37VS
7sVRhgKm4tRd1QCin9xAQWqSRneE4Kmu5qkxjn4rczgJ
2xxcs4DP5EVHKt8KRJziKMYwpxDWJhWEkPS2bCKuwV1P
BfHBwtpFUxPu1R9GsbNh1MRsFNF9F7g62WDuw5txwea3
EVVxQUNQXdKTudzVd8vDFqAL96s5V6c9NHwWXxEruxXH
HCatWwiZ4pCnWQYtF9K58vV6S7FGz6fMgjfKiExQZTpo
GLinPKMor35V2Qhv4jybotE4xjeayC1VV3Fp7rFvAMNo
GWfG2TUQHHQYGLedZ4PdsRCs72F9of4abHpf8cEXdTb5
9ddErmcAFbac9pvH7amBnnCnpdH9e12NEefqydjQFyF9
HwNVoJkgRH4fEMeNoHjUY2UnhJ6vW2RGRwgbZWvzMmok
9vmAoihF2VcxsFMrvvHXjygCzXFkP6Mr1Q3JHnzHNd4i
DwSksJEgdGwHfQAhq6Pkvgs6ZxPxDjpF74WnTELipFJq
FwK8Fyr1BRnPt5jKoTWzB4o1wycq8wUfNQqCfC2ggypj
EgXzSSvdp8jDfG4Tz7VBdhDMnY67Muk2857GcycbhK6L
AmnvuPgC1TdNDFmf9MQQoogsj5Q69LDaJobDzc3JVYPt
FHmmp85M8WjtHbBqS7qykNRVP57SmGjrsgMjPRjT6kDe
3Q99jrTMKDHYeGNqQxrfgvzWj75PEXYZP31YNyYHepSs
E4MbHbstEst9fezxtHwcoa4x8brfmovgewYGhjBvs1kg
Dy2U7TgbT8b7aFhgKMZWQRowvphsMqHdtyynw5nwgSbz
DPQKjE78csaMNCe4rN7JeJtnWhzbZYFsiLjPeMEhghEu
DUBUrCkm6CGBuFsaYHhs3o6esWmTjsgqMjhSKu54UYSz
AdyxNcisirjeiXDHtnUx8Ksy3bmT951eHKay1Kmq2uaB
84PA2gKwZ5d5NSMBXggWStoGzV3hxTxqWYRdQWfrySs8
HTbJmpnFvNiuN7XkL8mRHY5rYtWHnMmnhbRgU19pNMh5
7JtF4hefC2P5t1iuYTV5UYocXZVhWe8y2SUR4hV3MoCN
7QJdcETDdMNMSsU5u2m6NV3qCiUy4FXBQoAKyJPUmwa
4RkB4LFnaAGJXkmyBZbw5HgJemhEQCt2wJdUXVE8YSiK
9aTabYY1A1C6u2rCsR69caJq8a81mphu8uwm8GuMxmhR
B7E7rCJKQUu4usDSZ2a996QevkZUWw8Jqskhbxvrm2aD
BNCXhH1gVxYrYFimG3ejYLxU98tv8gvwMUicxQLKpVjA
AxT5KPBWgecuyoAB1fRW1CqrZqnuSUQJNavnjPknfTgX
8o3bULgxH9YrCR93agbjBCDSj742Trqsy4KEfn3rqQii
HzumA5S7qxtn3oyHptgc27fHicCaUH5fgCS6d2ziS9bM
BkbWJT7FxTve2eYKZ4W8qQef3C5wTA7pM9Dj4rZKZEtV
4k418ZfFvspJUGrAmVjfixm2dLrUwqz4uhYdyW5CW7tE
DGMuuxpJNGkFFgj2CfvgY5jH4QTs52PhEoQWpgwZvDoW
E4GV1Gkth6mQyDF4PSXjByNKqMk1zX6PeQw9onsyyVpa
GesrEBr7pm3yoDCP1rFcoHhpnt24JpATvCMa55jzM4Xv
EytF3Dwk1K7RA7JgNrMgr8fHfJ8d5rTvuWxqCUZ2qeCn
BRXQUrZXtQXxzzUZbkfkDmTLk2HWnB2k6wya3Zxt5gUV
5PMttKBtn2izh2GyKwzFnjkrnpkP2tw88CUUtXy9Je1E
HiTikwMiW9vYawzB4ySLxLG1gNn7QKqpygGPemUHdYTG
96GipxjuYjGAhCtRvFAQvmzwHHLqSJwgpc37UiMFoRgY
27LDbVajz3pLsjsrGSh1ymTYEA2kJpcXHj58adC2EtMS
2z3PeJ2vJ22TrHJcXGqgFNFkEN1RA8CD1YbMSmoNeUf1
E11nkbGMH8UCYziyCP7KcGgm3W5R13G83YPaSWvrBcBU
9ZXzjyUzHuj94YGH4FY3gAHoENbsU8Eavcohp8HFQsu2
DdXaQe2zoHysQeTR9r24ork3SuEoGX49RB8xEaDV15ZN
Ctuo4E6MSRooxyJdJTefQ7CrvBYyVYqoedbCbd2awTTS
DqoddvjJmSJ131xXuE7qtGxPr2oSKkSa7pzZZm3zLLKF
EXzw9RoioZ8aU1Bh8MXX7NEfujpVm88LovgBcXAb27WG
2E7idd5mV2BE3aTzCTdCBxDfVwu97CjZBNxEYP6JLVPB
8QnEfCxoE6JAvFVL51n8Grfyva3sDZfRVH2cuznBeKnR
tCMo44DZ7vk1eppKojYdpHMqffYwHQW8rY3MEfxKmmA
BgdMC9odsz3ws51KjdHxCCWGh9nbVUysopYTSqGE2wfL
7fyN3YoD5aiCoDqUxEvS6xYCdzHxfkr1aHTEwLfRQpn4
6V19oFQYrTrhnwynSWGpAfQq7BQcipE4KyLABsVkmZYQ
HEKY2seLAy3WhfqMbJBkqDw6uy4MjzbxA88zKF1niaB6
KEK7ZgQpsD2dyXfxG7Z8mAwna9itJUb9KZybJa9tGoc
8CMJixxHrUpsjPZVwqUtZMbDQmmw3YNgQ9ZqfgGBpac1
EMKvov4dcNbcT7woJBG3drJB2sDfEcZ6vZLGWkRrn8kX
5ZC1FNQwMudX28yWXXmEzZKq4xhmJgAuYQN1Ynv7VKGg
J8ncFhpenGtRE9Szp8b1W6dF2LkaKnqrgMXwo7QGYP5A
C6JC4iXuMuehcGQitu36rjdFAVQaFP23xRqj1CjjqaPR
5CzULtrLCT7kPasCuAwieZsVX3c4F7ELeQ9xazisncdy
ARzMDZFuJqQqKDipkBRxymAR7Pt4BnaC53ZLvGMxYRTr
EuRhUJJ5N5YNFQTxtNbHpEgtc6Nd6T2TMcZkfMsSw4ZG
5GbbNhw1KjjEwS7jw27rXb6xXJ25WnNNesLC66Hq4d2x
9cGXSST2RekhakDthcGbLS2bhiMdcrsqPDJUgE1xQyww
GsbxfmdaDAKPokGhPWznBT6qW5c2y4Qr7yW7RAwrhbbK
7VJ7XY8DMGtoFTJUhxez8vfeD7SMFLf5ZohDTU2E4dkR
ETzTsgjoKtdk16e1ZCBfGfLzFXk3DMySpbmJd9P92bCc
6jCKD5ub2iaFhE5ovmD2uuhTuApxjn1RdSviADuDvp2j
AwbGTHKsoL2BrAA7nYgx1oDJvAAEDkisqCf7oSBqp5JB
741P1fqmeyNjTBpeTYge7kNdTsEmqfKWtxEtHW2DXYW6
ACUn85ixEdKS9UH2u3bcD6BDwduG3jc842WiQon5b3Fv
3D3hzmPoZEpopuX7FRDNWvFiW7rFkV8U2orzpk1vCvQ5
HePuhBvvT4kADQjNW29ads4fUEFanz7kgwrZdT2XoQ9
B3RVXyWMvNUbhjMdDHo5ytD7g3yj4BAxV3ZerKziRbYc
ASW71GwjwmtYrGiWPv9kWPMfMX15gRtsGyAdupDspo6d
HBufSTAes9UPcLTJddHHQzDt9tvqFmEqwWyCzPhji8Sv
FusRMzbwQ42CgbPo126hRFvZ8N9pqzrtzDgK4SLwmZHM
Cvt6zah2bydsx1117GxuvqgRoKgh5WREhmHPwDLt2JJW
FBRzopDxfwrbah7LwtzbsbMPP3zdsTXfftGu8jJBFPQq
AGwvagy6AmqivUeujixUR2thoqHWKGhc1y3txStcvG6M
CNvRygiLxyth9RPTMd5pLdjeWzDSqJQ4YNriiyQvmrZe
Gcxm4MASUeurDUvAgyAMwSNSWJHNkzmp7ftX7W5KLXGB
G121HCWcp7GNQDyeVdtz2o6xX86xxv9dcvcK1C1MjTzy
3D96uHh8tsM7jXdRxgLnkShkW5X1jsAzk2hvKbndyo3b
PwUdJAPEcEkbyUioU7GbUKidzNawRXdeZV35TjxSYiq
CPL4Tkq9Qc6bYRKUMhjk5WNmcBCiNWRSKrAztMzYgJJm
Bz4oVwW5nUuu9zbsezEBccvbCf1Pa3rkEEnqaFXniGxq
Eb3X1NPcGsMiyj2daFsEWHWqHAMKUFiaTWajHJSNd1CX
HEzrJ7U5QeH8JxEq1HHPK7kruVDP1Pi7EnZE3SSyaPTZ
Eh4b1s5rcL6z9b2PRUvmzjsWvYuzFte34i8uMaD3BCfK
2Cqa2VPvLQCdHmwLSto9NZgRe1QGMb3AiNvgHVhzBR3U
Anz1PLfmtkY44CzYURxjoufz3wqtakSnh2fovZt8h96g
5vHZX2W3nTyJ82ps8AMBqpdZshLNBjwkNny3CaAX4Hnm
FJuZiveLqmMhfVgVxuHJgrkfDRQXUSEM3xdjNBDzRUPn
6bzc2gWX8o2HmNHUYWQ9nwczP6Zxc4ksDKYbVvdzvEAS
AcqfhV4us2R2nMGoGkPPR3ZA33a7J1K8y2shqR7KpgTr
4dKTppNCqUXZ5znJhVZwxh6h67PXyqy46pngJRAEV8pQ
BfqLRKSt8vkTaFmeR3a6CVRBqB1xrLXYcXjJZgg4m8US
3NeDaMX1gUp5PpTxRb9Kk3dTnBzcUo8rngauTNHmf1qZ
6onfAHj2htPt4RasqxhUL289vbBt352XrfKBoRLbXYYL
BwxWUzxLPBbLCgN17AZxUSPbmpR4zrnE45TETLboZqHP
Ajj47SrFH5azwg4GyChY4cWkrkRuKH1oy4ndPJQujbDC
99Mg22xs2B64reExCY6WLLBjKig4BH1TeFnuu3aJNsVT
GBQ9zKnxZ1rCU6c1qYmKyMgs845TXcDyKhrpngQwZJEZ
5XKUREMgj5tdedbgfwaJq3NgSwtCtJVHTvaysRMxZiQe
5RvBzE8XHfztoFCD3KyFeyvqN3tB6HFn7gyQuzM9rhYX
H3mDHzzwp9YRnnqdsBv8EMUequGXmEgpybKKFj5dQmAN
93uMBj49LWBuojZgXqtzMrpAUinBEyVTpva5mpMto1kp
6yURi54aUHdrsuuy1CcB8cwAAugazTri1PoQ3bVwLWrZ
HUqx3nX7ztqkmAuZvPGQmpdfJ2LUEiFiZStCXQwNkMJZ
AHxdRMCVr7rcoxSXN7LwKc9f5gPqpcBCKT6zdFzhcF9x
GuHZ5ZbNer82FznhJoo4REEtS2FDHqGBsSEUgriJ9dDb
CgTpc1fgPPTgK8Vfny9u3eQGSGr7CbhUE2QDosYMmTKX
8jZhADUTkqU1v46Rk3CACR1xqwiC7uMDM1ZvBbwMXvvy
BVfmocAyeke77yfiSrw9tQKtdYq5n1VU5wdS1gaJfSVs
GYVaUNHZAGykBDaf8oFBunKHzEZyAjY2MXBCrKo5yxsp
6AvpPPozcQV67rawJVsBqVA7uanMxSRhPeHXbApd2ApK
A3WVYkkt6djaQghHRcKaJ5yhTpBC9UyGg2XYuk5vNxGH
9Hsc36WLV3xUXpTvB3ZitC3RLYiLQnC3GaXrzEy2MeUn
4xM1fTQZzgfuosKJuHjRuvXrEJaFVbo4zAdmJfN9X6DE
BotXWF7TVGwQs2jM8H82ye42CKhJKGXde4J5bFiK93cB
A3r83hxLWzeEnNATHzJ4Rnni8nhaHWDjCJKmkAkyB8jk
4UJkEQMbCQ37Rwi3ALKPTpH5SnMkr8XH96eyJYwZz7WV
BPrB6AkhBfeQGMjChCNbQojpC1M1ZokWydugyg3pu5oV
HVYcekxrzmxUt7UfTvmqUWmB6gzgcxBb9ymCPa2biS6A
DnACTjY7it8n95M5YPRcNQado9KWjWQy9XUuzJqhcabq
J1KH36f6gn1GYdjPmP4tcExjpkDxnRSXZCRAUzsfQd9U
EHgpzNHfeTMkVocUKpJgukY9UhtnS6voNuWBjyePiaKh
EYda7hoJcCrJhNbNRFyP7tGdfQRLkfFUbUXqaPP9Uc4L
7NAYy555MptC9E3b4eZenKyrjZudiZJnpVX6PNrzHqRx
DUM3GATukyuDhrPoaTEFqUgtvW6DDddaK6uE31BSGrzY
CmaoE2by421uFPTnMt4ZeD87h87qgeTmgf1sM3GPErmb
ErtDYV3PLJYtJQcEHy2UdVhGw1r3nBfhR8C4wSXyTrLC
HJhfFvXz7akf5JU2gnoMVCFrnpdKuam8CWo7axwFzbrJ
CseHK3XtrSA8vrrrGpz9hGuv4QvvNE7MdNowNPcQ4Esz
794NvkQkWgu76nxsAaHzufqTbhLh25rPc1mjpmg9Ybmw
5RF86jjeZgfAp37isw5umf11chG47DTdCqY3u2jq1r7m
8vBopMDuWsNbFc2WcuYgHF9nYoMAkdnkYqtiMKkDtLkp
Bb9iDF7mAWd13ncdQaJG3WjKKHhdSVVF5Ug9KKZ4vS8u
9AsWyVMjxQBZGAbeTicAxUftsCRGXyV8hwF4TfdPkKhv
4LBZiZcPtSB97UrkCvANXMmc1fhaJF4Wr1Q4D6AiV8Ez
J1V5g37Aj2dj1c1svr5o8q8sJWQbaudxc2yBM16aNa67
6t5N6RND1WvCLM7D2ncX4KEanEQAVBQBCPvzfpJ93sDk
5wqDKaW63opepcmgc7qPfs8CvL6K5kJtLqAaidGGP9Wf
CzeEMvw2ZMj3anWjh2bB3a9j6G39AawRJc3H8txN7VDC
BCDBAJZ5No3rSyUejQHF5KAQnMpL2dFxB1Amp9NuzzSQ
7PViE4Gxxgoo6rXdujNT6dhYsjwJBiv5DFphXhqnAvjP
9mwiXQptAVX1wd1wgenbVtkKU2rjLtQXkBxj2h18b5eZ
DkMLR9yC1rSaER6bvKvyhxBHSfQmzEwNiYYPAKu7aMHr
8PKC4fYabCe6V5hbLZRkzrGzHoKHZgNAsyNtgmsQe5av
7fEfi7oRfvKZ6Z1oPhkpUgThxxuGWBKU9xM5Ay9t3W5a
AuUVkkQtDMr6mF75adcwkuj2FSYVctv9i5WaK5xEUbUx
AVaixLnWLSrF1nihjYXCsvp4j7kqaBgRUsgWFEQjmZxC
EcgoB4BXY8vxDMkBMAB9tDnGWTkX1Qx7Z13qWar8cvWu
6M6AVFmLBmgtX48mGbiCan1QRvCAChMoGvaFCPzryXDJ
2MApBBxrvvV6ebZajpqqNBFhJ8qeYwzwsUrP8mhPBVYV
GQC6Ak235tMbwjok4Mb3sRssW6MN8iFMoRzkPyjGZpSD
FvSx2pSx7iWKCGBxJcrX3UrxaULZ8T1wiVZ8cx2VpdRW
D5tJ7HMtkwXKNrzi2S1V5nSuaKttrm65Eqwm5HqNvuu
FabZyBJv3jSNJ89oyq3MkWvZ57cY9SeQFJ9wdPRNdNKq
Hmhvgmvbao6GbiZ65nq4mK2pM5B6tQKTawd4VeCda7pt
GcMnJDrc4z3kmssGeg9q2sQKppbACB3kmcpoYmnPWb6r
GNnF14ei8LiTxFx2GwVd3ieHjewd3r5kPcXSy1oJxSAa
HM87s11H1BbYEGrbrt3YcrqwfxhPcM6oGVY45e9tEtyB
DZFafSBvgBdVjSrsZrezK3goqRCT6eZzwnmtJj8HnXkF
5u1GQPnUZTQ6AVPfzoPnALAXszNHycNWVFkYK55wyrVT
4P8T63fQFLkMfAn6pwYGaD84DebNrDcdEwojTeCYrxas
97NXFWeB2m2F25jSefE9DU83nys35nxkDLWpJUF8Th6q
5PQSybwbXAiDgWzvETEB92xf2yG8w12X2kioRHKWWdAt
6sGMhVPANeRTLGKRYdz4pgoARw1xCTGpDv5ZZExri4Ye
Eq87kiCnSaLPyMhyTuL5g1angXWZ3ymAHjX635X4jY59
HcKfPjSB1EnursFpeMByTz9iz2WCr2ggY2Xk2PNhCwgx
3mNhD5SMHCDCPMmaN5zSxX5nzQRrLoH1yR2Bk9cKxipd
8ATDWmY6vrCgZcLoXNGvFF2rxjEoYc2P7tiqfKxCVU7f
FwBnuBwimfSrPuQawJRk8hWYfXJVhTY62vjdmM31kumV
D43kZkBCm9dRJkv7NzLKKb34NrRgxHyqFVNMYE6FELb
HfhiNtBZxCrnu5JJfA9ry2KQRAFzwhfYCud5YsUCCpwi
ACqWayoYy3uUPNXU3ERjqamCp1rhdtYsZ9LmJxfs2guZ
6Ad2p3uayF35a8ghfrgMtpmDBWzFoUCct6p11tQje6iD
2tcNSahqrFYKwEBCDcQ7TpiXYYxzZ3xLC1Srn2S6nU6P
52aehBsUYaGyNYZ5K599DaC4yrXg6n9xJhwRNy4Y3wht
CTzTLtXkhhxExLT65KQ2f8g8w7D3UyG8K5NnMgMxsXjL
ExoQG2pvgvp7ntCrCUeTsbwc9rCYnQXpbSzVJz1zdk1g
2gRaoKGQ1QGoBq4o8ueZkQXGpKZ5L4otyy25bJuSZ6kk
5wspRN4YtLD9XTYHps35PFrT6vMeDAjhv2ZewbKR1Vrm
2TJCpvkNtL9vhokYcBfMZLgMoGjJLsyfKFrUGu55GAXm
Hg1boUVoiMVmPsbVSfoB7bGZSZaAVwft4cVV4ZHfGhLX
2DtLanaCAtfMWobEJqiYRZ2nDXBPNisYUoXv3a8mMr41
55JSbJu2qukrhfJ8pFfYAt7gazBhcEsoWhhQukL3buAz
3LCLMi6PLmUpgbVzUTtUdNyT2gzzJRNHh7i2ajffCpbZ
BPdNqo73YBKonU7eo1ioAJ4WU54HgmVFkYpz6MDGiJeJ
DbHkXRmyxx9JVu5x45kqFe4ExF6jWRKSBWZQ4VcX3fmJ
4UYdJrPnV61oJBR11vQhzBiPfYopv1pnDDjk3GU8XVdZ
3yQwzgB3UGqFMYLx7nhnVnsbBpb9pzR2YAuo1iRNFDYJ
8EkykTdxu4tv9XsxoBmeX9HSf68YR1msmKZsRHwyc2yt
J2sC1zuMvPtspbgq1Ge9XhkKkUAk2usopaRnLAD7gR1P
