7s9uXAyZ8cmpnc4ukL1WEz6DFEnGy3vdiHzFtcxeXhb5
9v9D9kvePLBANY4Zx2PUzn75dHuQMMMcs7mZLYy3gMaF
Cm8cYtgtfyULCzisqUnMg68aqqi12PGZScouQfJRfrG3
Gkb8wxgqhixY3K8NNrM5KZuSY5yFftud8Jp2D5KMXLPQ
C15qS4Q9tySt4jMN6K86Mbm29SjqpiHxgkx5ZF957Uid
5MsjUXsLZssXKgCS11uMRWB98kYJnp3261tV9iNg3i47
6gsrs8cSWoZm8zxHanLixEBAMcZ9xjiWMS2h3MRUkAvy
5CjuGr4367okukGj6mUQehRzd62gYBN4yu7KuYDxN9LC
xGTU6tMiDWqVa4mFa5vYKdtX9mRCWiQC3fKPhwVi3tF
FnnkjZBy4dcKScyNxAzpHMoE2XnZ4NAxvnxBHTY9rzhR
BHNwQF3XuE6oexmJv48fWCqftdnVM6BSZMX2yX9J29zr
9NJBjUYQn8be8dpKzuQRFVdynnV6dKYgtTpt3tsqPLsR
47ZJRamq2rvTVxcFQFs2499ixJcmSXCKgb5FRnifYNsK
5XhU2GRQdmg3HxDN3HDETs9MxBGoHtgn2orscDM6G5bN
AvH597tWjVs1Lvt4Qtq2jVCrA5bQ5XWpkWEPBh65h271
6R73ZhFAhDgf3PmDJvWNN1QVY5CL2QaB5iFyzLm99FhE
3udsmnZ84a5qbh4RdnfGcNfQ41U5ZXZvv1cAStHNYLAy
8XoA4fSJWndhft79TCXFUUe6fKLZULK2CGFfBedhd5X1
AYKf4RXGzxyguvyqroxk1rtQgEJe5H7yVxQK5kekBeCr
ETfccbF5sD4MucEsTw8YdT7hmk1YdZd9AFu91Y9pdUiK
7P4Bb1pCMuYNveYhg2j445cmTRCEGp2eAAtBQUv7Jz89
FaCHBb7R7mEp5oQZcFuAPxtNb17kwMCUrVJ5zLKrktay
98hCouUM97hPPExNDMzJo4ij2hZ3ouCyRjrLeeXFqCok
9oQtrYdYAhfrwgmZGShvot1sKac3d96rm5iDhs6oyucL
DH1uBkBWyXPtbeHji1f9vr2S8F5i7xsUF3tTzvhsT2dT
GiLkreuRj6JsRinbAoaao5bYpXFm89yepNx8TW2NKWmy
EWZPy7AYvvv9yCTWRAGMCxQauLM84eNRBsdSZpBML7Pv
46t1nPLVBAWumcyPLePF2Wt7VoNbBdnJyLovVvpEgsap
3Bd7nfc5qXcdu4MuLf7HbuBHmqTt4SR8zi5bKSxb2eg2
Y1iUozoALJ7qc3kmJCCCdoNBHnp345TnPyBRfVHBeme
Bghy1Ab9mXQwa6owmrCyAj27r3rdLiPhCQULtuTmX4Hx
GPkZPHQwgXHR9fxRHpscJZZqGVoTmnBG8uKg7Ab2rhXP
4jznGmnMna564KqRLE7ZBmhpvaiNvKbJedKhptawSAp5
62dKmy6VhcrkCRCU9fMnxMmwn8cVmwqXzRW7tA4Zx6Ee
Bcpg8YVzqUNPHxeaqrBDdm8Q1euWN2DaQRmU6Y6pWosC
DWaAVXvNg9NcNUPLCwRbAhc8NVmFzSLPQCFuwkxgp9Tk
AEUto3eFWHLAmmVRq3Vo2fmHXwte525jQGG6D7pN4RRd
63v9R24nrAM95WYcYhZjJpYchudhANCDUUwgrqnrzGF7
Hew6XJcEjQAx2Pi4GWogr68dmbST24g9xtumKBqvhkdL
44J3sCrf9HsAgubdmDUxuxyge8hSUxLmej1MiyKVNhSS
2AfeamSvdteXZCS8CAcEE42q3Y63ydzSb3GnbugejBsC
AEUto3eFWHLAmmVRq3Vo2fmHXwte525jQGG6D7pN4RRd
9baWnrFhwfiKpC47WNEXLpidj3kYiRy12hRo9n8FfJUZ
5jYB77i34oXCWHHjHReM6vanEtVUifTmVJwwxdawj7uR
Cf9R9j8jTbEL2hxoSPpvHqT9okhaQxbgNEQKtUG6tj75
GC1rVsYqHxTC8Y5FzDsdXaj1FMGhP19kwZJwy7mMRmVu
7uPi6DYjLyBRAMtuyk442gnq6pXMppuxSkj4AiP25MW1
EJoF2v7Kph54WBqAoGH6j68DbFcYvoU2qEmJGJS3Twfr
37w2AcRv9ahAsiTQ69T7ZBDYmUCKmAV9RFov38gGxVF7
9nF2vqusHupTTNgw3quL4f3jorvPdJ8VBPv3Uw1xt3Mv
27KPJgnWEshxJAbXsKzRxvp31dYCzvXGmLGZmJGyg3eF
HXpU8biVEztWsKPV1TDKPVwJvzrTSstbfx4pyGWRZDhD
76tKTmapuEDaarqZeHK94t3QViXfZLJNAnCkT2ywrXCP
CMe4sR24Z3TM866NHei4K28fWVhemFHJeQ3aVwkLCDRa
CGA6H2M3FEjemWohUyYwh5VdvSteMTFxxjZJ1oAgAh6k
CRKcGgxV19vV4xXWM1cPxcmX6R3UUPgQxn7dFpzxhZ6H
6hK4TePe6J2MAMeb9AWcFwi3XCMwpp67BXaxuxFmNKR9
YeCzytWZHgRcuu7iqED4gvK8bFZTLQKhrcTUdpTrU4Y
4mH75fm4SZyy8Wn8tjMg1XTBLDrn8is7iiESGzVqqS2H
9MSygCP2RKyYEK4xdCtASEGgnfuJYgcg48khe7oQuxfW
FB6zTrDtPCVpRUyeZkxKzBAtfNLDM2zP2x8LxF4JDJ5T
8DmRR216akpGM4i748vQxbHVL3mqAYBWLGs7G49CJoFC
9CeQYRt1eK15SUAv8AE6XPhh1ijhBF1dyPdGQGAiCfMx
j8oLFiDm5Eiy873RNtY2Z56b1DVZrW8i67mTR1BLsLn
cMLqHxZ2kskXDQifzjAf9AWwAwur2o58FcHhkskR2A1
7ZGTXE8wNJiXyCnkCRnv7gzXxLyZZXu1H7BrmZiviy1d
F2JFAe3oRG1LNLLTLegLLGKcW286Lw9uhsb8mb7goDaq
7oKREfeWiprPMoBEbuA7P8qC2MrKfbCCoyN7Y4uWeMjg
22PcCdkYNqVVtLwCQ3BSi3YmZaghBCgYNeAvBcee29Tt
FE3YBXN4BN3acC1c1ZaqGwPfdhxfVHpePzYvWfGG9ot2
32ZJNMMve28xknkYjZUvUJ4s6P7YMvE3FdwGzJFLS3CC
AEUto3eFWHLAmmVRq3Vo2fmHXwte525jQGG6D7pN4RRd
9FBj4P9G8JQucQDGRgpUbQ3uzJ9PXQkKJQh6cZL5ENXm
CGA6H2M3FEjemWohUyYwh5VdvSteMTFxxjZJ1oAgAh6k
781GzKc6aZPcheyEhmeziGWNgJBhePtVnsRsSCvrvWTC
EWC6ESChdBqExhp96XPMLXR65pXP6Ftuh1pPAVws4pmk
8fqtDjTBTT4uTdvivSe76vw7b2sHkegVsbVtS3LJsG5E
HkeaBPBkXnodhLGr3A7M8ZSYNV7nfyJs5YBixvL7raHY
6QmKFsYUfd8nxLufRojQxWQj4TGhM6ueJudmPd3NxbHY
J1M7d2NatbYkor3XHFpvc6WmFWzrnoogq4dw3MQdRUCT
EzLTcE3HGy5QaXS8vnHFprW5SjpASDk1nkva7qFQS5E5
anTJYMfh4dStRWtDZLwBdyEJFJpKi3gRY6YykxTVCox
Hj8r2JfHZTJPqQuz3GWCiu8sgAnYEj24f3eaJQhRerUf
CzBuPFMJQbPLw6k3B7z7KNBwMWfJZZKTFBYZLhYB27N1
4CVLbLUcNUdoXkb7GhEJmoPgiiv7G6fistNWu4Rx6T9L
GNisgcTZZ2WS5PFAEkVUbFso3wNe22cjhmZiEjGcqeHD
9v9D9kvePLBANY4Zx2PUzn75dHuQMMMcs7mZLYy3gMaF
9jDVfFmpe59DbgxiLZavfNEnmoeFDs6snWg2VZAXfxZz
AEUto3eFWHLAmmVRq3Vo2fmHXwte525jQGG6D7pN4RRd
D7dy5JNrwANxCMgQW69Vrp93yWnDfjgnsSfVTSdZpZnL
Z7RQT8zjQL2yA7d1GVdFAQrYK5715YCWAG4o4SPbjkh
AM5mu6p1LhL2VdHx55NK7HKycahcvL5nYWMWsSQCbxkQ
FozcLocBNfPMyEs9BEvHnzMMvw5C5p5WcMWqfCSmVCfS
8M97uP2WxHgg7q8EWYcYPF7xCNtPD9R6sYHfERzWaPBD
39YD5rZrsz8mSdtyVCfwaG2cAh5Amq4wDAgqZEtgXLRj
9rrTtcPunmFtuz9DfDXRPWYu39hJkNXHxzhHtyTzaTg1
B1ZV1ac6QYX6AAbKBnezBH4CaHzX5g4XwkzofNS4kXvv
FK2JSm8HV46i9wevsLUFN1fufWo6MrYzunXQ8HwhLM89
DD14d6GeuU7FBN5c9WmgYkFzPsgRxBhtkQpYEPbLzTUF
EWC6ESChdBqExhp96XPMLXR65pXP6Ftuh1pPAVws4pmk
FvFuRYgkjz11ju1Wfsz42HaTLdhLeU3gFzHNs7yBxuzr
4TmDvfv5XDiPaVMX7RkquWkhSvyP1onjfdLAydP7WpZy
6tAbuy5FEAUAyZPdKymeMDExjnoFQQazfrxKqkY6SqNn
2D7ciRSp7quwY6K6SpKMaVsx28w7Bt5c1R4CBXXi87Ba
7tMyU22ViPrhY14fy31bSmTsQK6rwc9q3Zbq2u5RkZis
Csik5K5mp6W1YhZJtALmi1RWTkSmP2Ueni8qGQqoMLwV
B1wHqg2kwb16bbRgitKMfyt5Y8Ciog4TiF5bQQ9XVms
Hp1MvurGGDd7xA8zEdntreKcM2opJX5qD1WAApagZDfH
AhAWeSC2k3a4Peh8qPu42Ujh98Uh22zMy8vkst1dVRXM
QsSc2YpU498p3hDvUze8frZbvqn6wa5KuPkLDVs2nya
284vseTBGMuyxGGTXXpNPRjaSDxBJomXpNU8R9J6uqDG
5QtqzXJDQbbVZrrWJhWcEFMZpCkcEM4WqBJLbGiPTQy5
4ne6vC7qdxQYHJCsaeFAKZrKdFt2SwXGHQ3jrMHqt4DL
o2Aug6JB1RDFk7yYsf8QCjpWo2WzgwFkM115gtSJU8r
CNgwgXRXh6bkXkeErtJytGCx3esf5jtFvfEkR7USvDjs
GoxGkexK6LyC3DZrqDuyuDRm8tvkmAiWtLUffeJ3xCHf
9jdLQ1QyC43uHFhZVB7cYLyH8EdKyF9dbXurbmXGUXJU
rMjHEPkW7J1PF6Vu1ztdvRofKNWaP3yoSAXbkNdY6ML
HcaR2tpC16emF6MPzBzYbQRsGutmXRDnJChin2Srnyqg
5awsmonFXxL4xCNQTYVgw8zGWXEzAcoTbirxYEYqxwh3
2x4bYCr864KM576uoXnoVVRGviA3SxgX9oA3QwcnXPVS
BoMmz9UL6bNkQYPyH1gwjjGtusLU8aeeimXmc9MdfhFK
3dH86HF6HQGUvQHPutn89UbqTTgM2s89F82kAnLpSbZb
EMC8hNbJiWctDAfdz3j5y6rECT2Lid9rgipMyKD8pbqD
1TTeN5sDDUseBSgxo7g6BT35i9vnX8ZTKCUdZuu5C8t
Eh6cmnsbnqKBjLhdg87aUyu1X9PDAeN5ZKVWZJRFjMAu
5sMLzTSrQz5bLwQZAPaky9K8WN3BrUVD16kAgT8sXttz
BonYnj9Fkj98gWF9DP5QDL1szGTCFUgCVhqQzHmnkcS4
EZ14BbEVd3GnBaxA66zkdVouTcSrVEGTX6AjL5urMVpr
4kkegnvTnUUybz8ocN5QBAN8gH6j1JYtyfw5YUFwfEne
C9u28tV9EcKf6iqCxcQvh8M4fnxtWU27vmS3gVwwVKSm
F8iRrHU37EEdvTucGJ5pHTo8V1nGLL8AAxo9duThJFaM
Gcs4XKZPvbjwjCq61TZHhFRtUDkbb6dSLNBwUp7RtLJa
Dhu6efQPcftm72hLGFtbMYA3yWUYRDTZXUGpRqdWrVSa
6aVxAU2nNjSUmDkSy5zgavKcZNKGov3xhi6tUPLnULLp
AEUto3eFWHLAmmVRq3Vo2fmHXwte525jQGG6D7pN4RRd
J1sUbVWvC8GNbmcXkKohqwTSu1PDLDkr6gzV5rwF4HnV
ELNus8jcmWsUAcjDeHGCRGayqy9d7ScR1Eh5e6AUYKRm
AgPhAsvcwPfT8bcAQxfyvymHdS9enkCzHDZP67ihS5YM
4CVLbLUcNUdoXkb7GhEJmoPgiiv7G6fistNWu4Rx6T9L
9kquDqpe2pPqw93bTofmo654cFCxR7Ba28BHmcABsC2Q
5xshFKQD9eyY2CEkVtfVcoiUoWtvCFu7XUT5UVF849Jb
Hj8r2JfHZTJPqQuz3GWCiu8sgAnYEj24f3eaJQhRerUf
BgN2zjTaABCSVPdnAJUR2TVfZpX7yzccfpJD4iycjmQh
DHqVcEpmsq7YaA7u4XSnGxE4bketSRMaqG1ZrtqiSCJz
HuCx9cvLm7j8AP3od3eX6HtAWTgXEDhVQhHfJH9eXhJf
HztqUciz9TKPs8jV4R7HHn6kXfpYYmz9VVfLJ3vCV5v
4Godan2Sq78jyqw1Nd5uaiywo4kbGydy8LUedMnsCBrN
5RXZJoR8nzG3QVJxmjgE6UsA4Qm89srjFqzEAjxbt61v
DAK5W37U8SQQYZDB4cppzMLPeYfR6qL7Q8np3qrLTeGT
EqmcqPL3gqgRPdHGS8VmfcPNfWfs1WUvKcNxkvrLxsC5
2AYHb86Ab8YiMzW9TujYe8pDYRG6E1qNn8tV5fbTBKEe
3PfutDLk3fxHUnjhU1m2TWYxEnbC3ab8L1V9n782rGpL
H4kVgJFsbxDv8a365rvmag27wXjHJxoPvp3rxqGVWHaC
B7U5jfWemHisNYef6rPqQk6bTABU5h6PcDw8dJc3Vjkt
8QrFe4gxdySYmKGuGnCQm4MdCvhzqA32x5vh82dgMQh8
EowuvTyG9deFhP3BxAJ2gsadBjJpUtbWgNrFFreMpuwp
J93VpEgm4Qfzv9H71zd3RsWxdTjin2hNZVYDo9r1Wgtc
7N8fCtjYVKbvEfe1rSAaeCMSFHKaBHvcBkWKthBNEDcp
FZ8rsujEXNR4Ni8zSJBfUNmkvZNm6LtYyGYy6p9oovgi
CFQrwdKhJUsRb9ysErvAeJAy4FUqtAXjrxBY5HjHwRnj
9geAQN5txZyzJ26gQBREnmrkQdPVBSqCm5BexrRgqVHW
uaLAXJ2jZqZPs5dbjt5HDHRV5TEepEKSmX3u7em3ymi
H5WxquTYLw5hEVcGZs16oFaT69ShkFCKe7TXpbn9kADm
CbNhz35Sme3acS28qbjo3mWGfnrLNYpansGukcC1cCT1
BQ6W2opUUbyd3mVpTX1NRgFWgqBxyt3FSLfSR6TXQRug
27tSB8zipHyQJT6KpXMVXAk9wrTK4z9wWKjhocVhKSVc
CqGDBUWhmUZvfq3u3Umhghk6YGVSMvHNvG3bEpy257Hi
GD9Dx84Rzr6qLJKoZqQFZn2Yzf1NyPFbQeSRZqU56f8z
EaFRC1JH6gwtLUUzVazh7mbn4gW6cWiqEQZe2EGfop2i
J63PQ61AFhZXeupw9j5GYY1aEuR3R6BnAbtfqqAX6DQw
Cfh8zzLqs9o8naPDQttdR43Wp4n1v1dRdN6L6KJSaqxe
5331uBDDCf7HYaZMMZb1hb49zncMsmdwxop5iDueKdDt
J6N7aYqfVs2MvgVsVyaLE7DwZjaDNWZZdjcQRT6gDp6s
J8vxiR8o4NvY8wcR46iuSpSAjXhBwGCgrbo5LWA3corc
7N4nDVbsvQHcQWD2bmBT9LAqjcwbV2GH1kTZ5FiZoWKo
CYVikdfqKK1SmPasR93k1p6CntrmqGW4YcoSYQQ2TeVp
5oHDfw9japqthSBf7mVAzH89yXgKjDH4FW3EhYynMm3a
8MkP7izHAshF2PDzVHJnMiXCAqVxERhSaHMZpfezGFzH
H4XnfU3Sr1J1sFUTcdE9jfWxvbLAomjC8UNZkNpzScDA
69MJQ6ZZYtunfwKYt9si7dg5UgL2KYQ3AXbcRSDjybB
HFqbempFrTudgpE7mZ2U7jsxfuJcgH9DMprLKLNdPs7B
3NFjWTZNaWp14Prj3y1o3LrH3JiJjDCU2sfthB5Dj9Rb
BPuTD3ET9NDSyCvwudi66xsH3Q2UWwx9NL4SyHgA5vB
D19N9udTVk5VujnBcmki6DTQMnRJCcZYs6yB5w3zk9HS
3WTJTySbZpHTYpKGPULyrEhT2dR8EywEqbQeCfpZkdLU
2KcCvxiKiWTu9XXLMSRnNqCgvZaLfYLx4aiecPJHqjrb
6Xuibexb5ZV2kJ4o7WxqYezwibzG8xg9BLjAHkKD6Ko6
9KJbbRm5qjnWBNZNv3Mhk2hEFqqDAYcCHuUPxnG7W64g
74VCKh8gbgq3g9MduzSLSAfPUhFfq2LHECSt8KnqZ7Yz
71qKd4xeTTWqrHMMupugtQmsoRskw7xKfGRxEEg4Qeaq
4SwDAKnt1ntsUKHaaM19jaajo9jV9xcHjB6ehwTtjkEt
BPuTD3ET9NDSyCvwudi66xsH3Q2UWwx9NL4SyHgA5vB
BzNBbPBGkEa1qEcgBvgjkq9vHEXtqeQypxep8Vjrfnhx
5avjGMa6NdSNujcwgnRDKXdAsffdRgM7T32T85VV1jah
6aVxAU2nNjSUmDkSy5zgavKcZNKGov3xhi6tUPLnULLp
EWC6ESChdBqExhp96XPMLXR65pXP6Ftuh1pPAVws4pmk
GZ7dL3aqcVwynsidEqLTUnsHf3iK5wvNFsCEJZvoVXFe
EKanDD9aphFsr3efj2wz2wMkqMug4TyPTgHJM4q3kcvd
FueBPqyBkhnBogC3fngZQpYHVVLbg2KX6ZHTV2b3rcPv
CgV843xsqEwXTGeHDpwiFS4Z1viXWZaFQRqyXEULQKh7
A6nUKymwbvEprYzpQeVhBmjCnxC8dzXyStZUk7SoFX5S
9TSTbNVMXMAD3hYdoA7jRnKZCWKuKfkm27MKJsfL3JQn
FxbGsj3osX4AzJxhANAvGrgwSdRxJruGKxybRnH1rVDX
FbQ2ZHWuSdwPDMut5r1YtwkMzCMbTRtYg53dB3x73zTe
47gLPvVLGjgJsPRHF1ggWgYCuUqrwhYjZKqMYTQMRBoX
HBBkVN9gc8jwsLWkyhW37UQbN3JCeBAK5mCqzdrWPTha
62NF8LjzKyH6vydpJ8EZpdxDxx4Sa8aSh6fAvhRavVRq
Fnm7Nx11yBHDF66LT2RVhqSuYG3k2u15scNGEhNaisve
7srUnsGigLyApFwxw3MgNawzDrEkDYpjZtoQvBi6ayeU
6aVxAU2nNjSUmDkSy5zgavKcZNKGov3xhi6tUPLnULLp
DwqMwkCc1iYgFaRF42dJUqRAuZq1TpzsSMi8R7zM2pE9
6BCYUsacFYEd5VeD4hEW2oqXP1pM2g5RGoffXGBDe7RV
8XGaSpNJD2cq7dCZ3sUC5swg5TrHQ6LMEoGixkCN47rG
EXP4u9nrkF47uGs1ryEzNs6SbNsyriwcQ9a8dKNzzmBi
A4wZ51JijJaf1deL5sXmEWe5hgU4TUWdupiFPuGkLxJy
ESHTdmXSHtsEjL6tJii31KwtBVaECaLQwoANUK7JLtuz
AM5mu6p1LhL2VdHx55NK7HKycahcvL5nYWMWsSQCbxkQ
5wevsnhMS7YzCZfZdQGqsV6z9E8ajFZuY3pgQRVVCy2Y
D1nsJmxEe9vtEZbohGCqK48ES9bXn1eNo58YpkprWUay
6ykYU3fWNQnoNunJKDLSVSZWCMPoajoE8EVNzKCYs9qT
wcZ2YR7AiV8pAYX5SodantLCAy1MjP7hKHZzzAqMiZC
2a3Mm6kCcHoC5zwCZ5ETm9jzFuFhUYBJ8zsPj32wpPpw
7gXRnhYYPAiUbYCehz44qhtP5cEsC7X5kj7xCW5o8zQu
89aFxgg8VHgDAh2MkmjnKvjVkbpavFV96Lau1XNdU7o5
EkQAvYa4Ek97Zb3LdtLBTcNeMEwf9yZbTGzjPjQnrVJ4
six9qRG8Rve5CSGkc4StmyaXJt3FPknyQLhbQRMpDF2
HqNJetbmewAidZYGwfMLUcQya1yzKXno856ieWGMVcHE
EL5FxobVK8zfyJwMa8jGaQJY3TcpWBZ4mJYyoEFJfpe5
CY7u6f6TG8qPFxnng7LWAFHDF7zJX4jCBXiQLzgr3omR
58TdCSWU2ayZToosr289kJbcgQUvUWqoKD1YHitqofxE
BgmFrfqTXf9huqzbn6ESBkgdQCYFFGePNYr84ZStRTKg
GwaFjiEQZSKJRDnutQjtVN688SHSA5w8hi9Y6pQ5KeCj
D8T2VdLiqDegbtxqBUVR8TSF8Jtb84QtksSJ7TnUNvhJ
92DixzBQGg5kQFtf3qJu9azgqkCxfFraAKHrUcyzSXdr
AKHkfNyVwi6muUYgkaXGFnWhBx41V7UN7bCsL1ujoVfA
28tLPjFZf4K4WCjiQPnveiWAapcB7xXrbySnmgWCNtST
7B589HfZDdJpQUp6H9XBsAsi6vPdmjLuPteEH9omVtJH
2niwP5SuFC4AKaMrGBLZ9fhQdoXRwHnv3Zt7Uu8LfosN
ANUkikZTPfEoBrqtveRAeNkvVqZv335H5Nvspm6u9Ghh
C7s4JrbuYJzYi2G3JSrvZ9geM4jKMGNcPHKjf4BwPHna
BT4T3TfMv6dyhL8rHxFLhdjdPZokyixbC7Q52ywCq9bd
Do9aYuuHEhseefD2385Taob8MVA5HaqhJ8kr9K7YaWgZ
AnhGinUuGbYNFzSsJpwDMToDhGWHTyEwLS2ms1M1VkbM
4PQMcbeL1FVLQEptoQHkihDryAw8r35PDBSvxeGpqDz5
4PUwtAXacbv5VUdDgTySR268HgYVan5boSRY2BArVNa4
2MEj8xtGE4dq47Z423HtwN4YiCBVMTBKELyYXTiypT7Z
H7E4JB8ebHaoKQe2Z3NAwXniKcuy7VVuAoycx7PYAbE9
AouXEBqiEvLW8qV4Ri2rARVmYYDo5ehJ13XsaqKV5XL8
AhZJpBRjpzP5NA998UdJ1aJpuXvgNzFhrTfgSGkFwMMb
28tLPjFZf4K4WCjiQPnveiWAapcB7xXrbySnmgWCNtST
9v9D9kvePLBANY4Zx2PUzn75dHuQMMMcs7mZLYy3gMaF
3EQqK6enQejBRVVWXXUhTgNNkM58KycWy9X5qRka992G
8mfSvKNsNfV1XFkZVJV7YV3igWdCJuJefV8GimBKvZsn
8Q4LCYjz3G3yP7qK9ZyeysbaU6tjV518pwjBmeEKcuwC
urKQ3q7qrRytMBhoJ8jv3C3743RVFaV3wE6fwPoxmmC
DqHE7UDF79Dg2NPNnYoekn2ANQELTED2egVfPyG5xKi5
HpcYvvyNRzva7uCvN1HRBUBrou4TW1i42oXYPkkXN6tU
GewJW3eLePbtwrqvy62A1BN5LoB3TZxpwrFUfR4ZH2xZ
5nTmScN9g2peTCRoffagCzrzpiCHzDZped3Lo1W4zb6n
2Wn46RWzoGkad7juU1JgX7qf5c1ndqpX76eX3rb4Vbcz
7Xiag9HYQXi51TRfCCCXdVpFLCowSScXq5K1CGGjT19N
A7vmcPZZsvsLh6QQma2YBb9Rfa4Z4MPEpLxRVETTyEj2
AcTz4LZcyNYapAKzSE7tuhU8PcvcaRSeMskQYNQzEagW
2Qo2Xgoareg9pEbExusEs3PyEVDPaejTexoAVc6TyAUj
7HSQCCHvV5iR9EJU8tHh3CL1M6XDNYsU218MSWLzYXHE
46U4iAoiZNggC1DNMQtg5SKTnY74HN5G4EKki6wrbjwQ
7RZeCmRg2a2EVF6o8EZq9p5FSD4ZJQaziJQNw22GxD1Y
7tMyU22ViPrhY14fy31bSmTsQK6rwc9q3Zbq2u5RkZis
4ks8jvtHN8JoWJME2KrPRi54XzDbKeiKXmb3Qy19naip
A4jR8ZNLjEZfMV3jWcL6y271Vty8ywQSCPSsjPoqrHUx
6fejt97Ud4KSLX2rKkVpoUF4JV2HQFxJHLrr9gPgLXVT
AzLdjL7BWUVEGKqLFYspScK3j5XFZGU2kGsmWHhLBSzS
3krrnMBEMX9RGT2xRC6o3qZR2bBfZFryqcfCTcXWg3Qg
QRCWEDTw74njYSvX1PszpM77BC5s6RFBgnyG3qYFNu1
GPtxTqhAXcDYpeN4kjpqpNd3WUsbiDQbMnVvmjsKiyLW
28tLPjFZf4K4WCjiQPnveiWAapcB7xXrbySnmgWCNtST
6WuxbWMVGJ4HNUKnLx7n6vMZvzpokVRR7Ua1AruCmP3F
8ADa265AApEDJUJaLheEDoqdsJejJgyF57npeFX4XY4A
FC4LJ1JNAb74z3mLGfNesda7cyuzyfDfFagLdCRYPhUJ
513MUNeWkESCZJuwmzY9L4zPTu2M9ZWDTGvmCTEfcB3j
HoV7BpnZSPeSbfgAGrRkVAHWYB9rQzmZmYw1ZFTDZV3z
5pnRqg6VeMWgDPMHZiHg1BcBr8sfHqPR2zWPjAqu7RcH
8eqvPBG3bHFpRfHCxKi7UBPcxUopXyhDMEH9r3Fg9QcX
CMtfqufcnudgCpfZgWTx8R5BYSerpJeHLse5HeRXx2ew
8yxjJSsLvUt44NGLpeEVZQEpXQKdBHeYZU1zxJvyKnZD
3i1tNVmQ2LhTRZVJnYkdsT6QDuejy2Gpmx3vmQuRxoS5
8sXrWe21kjtb5M1rh1hfSM2FvRnnnmz7LrU6VqhRr7bD
5qLUQwffcHESZuVwjDYfzj7YHbZfhGeeTSiwF2aqEETf
5yPGvUz6JWKjkViGwTCpygJii1rP2xv5yx146ULtBiYq
8mfSvKNsNfV1XFkZVJV7YV3igWdCJuJefV8GimBKvZsn
3UvbPQZJMK8vtYg28nRMgbdjfZL3YbGaepNikUwn2tQZ
7HVqyEcR3XuqoX65hMKQTA6kYssNGBbi1x1fxJ49Ycux
Hs3i76nSEEWNY8369jGpFrRohhS3wC8NYxFsmc72WAsv
8eqvPBG3bHFpRfHCxKi7UBPcxUopXyhDMEH9r3Fg9QcX
36gcs1H3WUBceFvbbv4bH6EpUyE6C3MWWmCZFU46META
H1pkEBsTNzdja1iYSziLwEUx42oRYziaG22NYSGDZkGn
HZKdRj9EjbnUBGGdHHf5dLYgmJokJ2MkMkAhpxGyE42e
AzmKB7i1dJucc5Ec1mxpoJor662CDFKAAWRstWDtrmaq
J7nqiQCRRTULTSSBAUU1wRPMZ6L7KtZyDZ4xsgGHxsUw
HQfnHyBPzdnMYdLmZNnjmdrGD8xZsg4reB9ym1krEN5e
47ZJRamq2rvTVxcFQFs2499ixJcmSXCKgb5FRnifYNsK
D7J6fTNKZQq9kQzMqoX1BXcgaWyYD8uNtLGT5qhdLETu
AEUto3eFWHLAmmVRq3Vo2fmHXwte525jQGG6D7pN4RRd
DAFP2ohWJieGFuPjq1Vcrk1Sb2Mawqo5Jg8A8o2xX6NC
2dD5qq1y23Fq1qLj5zJkZ2425Pr1dvtKQPMa6AGF6wmz
ADc7mUWD1evVghTWFA2ZiXab2mcHcV6UNPBGQL1UqMWE
6nWgftg2kPMG3KL8bPy8apEtN7K6NqxfrhTX48wEn9GQ
C226r5YFkP9hMVRwftfGcBKgC2s6JMPt6g59AM8HitEu
7gMurgoM7DsC4ar8AZfGfDDs2NrqmctShHkSeHumLvG4
3ooTnU4quRNztapYE5vVojHZSFqPeH2xnWC6mbbtAUSE
9vff2J53NvedyFvVrAcMwqRaxcQoAYnGPMFBboMRyS7b
E8pAWPsMpvuvxU6pqJqrq7yip7n6VgzpAcpdqbzcV8Nw
6BBBmfz2gh5ScbAYfGcAdgQkuWj41NiSESonNJBkGU6P
5XpPW7Q9V5XJNEfzewJ3zAnHqjhwHkiTn3Ee4AskmnXJ
Hp1MvurGGDd7xA8zEdntreKcM2opJX5qD1WAApagZDfH
B9hrXpD3zTScywqmi8ap5hyu28A7BUvQrVBBnt4ddfu2
97xAKp8FjyXkiYqTtYWN9ArD7KxTevzaCAo7VCcwLAsK
DWaAVXvNg9NcNUPLCwRbAhc8NVmFzSLPQCFuwkxgp9Tk
3Ni81WBb3i3ini2VyjZFXgCyb7wDtsgNHeCMXDwiZpah
CGA6H2M3FEjemWohUyYwh5VdvSteMTFxxjZJ1oAgAh6k
9jvg8X2rgDGcyXXAjEfFF9rCu4Vnosoy4a8sv7bED9U2
EaFRC1JH6gwtLUUzVazh7mbn4gW6cWiqEQZe2EGfop2i
CouXWGiJFwD3Tuw5Vj8frECvVYy5kHQDZQJCbmJmJhkj
5yu5Xrxa9gz5wMSDnXZYxdYFuDrgQdErLt6QUixME9BR
9Vt6ZsW7PCQW4LPkf1YoJ88oVbZYBnT1KjWS4WhX8yQJ
2zTjUxhreNVSnRwbNeLie7bjP1s39SLHcMJE3AkXu8xd
7EtUMtEpedsvMHBAhLgwxxgcPJZB94T2cwHxaemWmy3S
5WB23aQX4Sz93Nw96ZLSyr13jMBDwGdT3XEdCtCdbUaJ
DH1uBkBWyXPtbeHji1f9vr2S8F5i7xsUF3tTzvhsT2dT
FUbP8zY7nQj1bN26x2RMr7eLyarhNRofEqtc4JKcfhKh
Byv2uYaoCamv1HUriUVNMFtqShrjBmUGFt1HY3EpxAyC
6aVxAU2nNjSUmDkSy5zgavKcZNKGov3xhi6tUPLnULLp
6ykYU3fWNQnoNunJKDLSVSZWCMPoajoE8EVNzKCYs9qT
Gps3Cj9nsku3sWKaa2pvkEMXaMkp1WTby6WUyxWwVbm4
HQxn6Z8gJXS7EL2zsmnf9eSH6BZyBAfHdb9HeR5fE3FU
6DNn4M9Sm4Tt6qTXCjmmeMJ2QBqeQAwSXwKBEHDVYhAm
8rDsSyseCgK4L2fBmiPPiibMNxreQRp53o3etCJMDPAR
DWaAVXvNg9NcNUPLCwRbAhc8NVmFzSLPQCFuwkxgp9Tk
CoVHXZysMuv5ZtqtuEhmUh7YB5tuWhFarZ4xqPNQW55W
3zCxPoH5oZ9UtNE3b1UpMv6DLB6BiTApsxAY4VqQGBqy
BU9GQbSnXQcF59sm5VW5vM4QP138cM6s2vV4p4HhrDjY
ACvPUFsShe2hb4ydNhvfKwcWMPBaE9G1XfNXNZGkScAr
J5uMj8xaXj4Wu7Gg1FPANybS9DowQCEt5KfW3ZhsjmJG
GNSJ9xpHiLcTNEhFWvSqS9JXiQ9mRKNfGvr7QKmRCoAF
87tcMNrcQzTPWy9hjYsYqo8kAwmvGA68bSUuTPqrF5oR
8bXJ9UEQ8RUFw2mpy8eQYb66oBu9gM2z49XXfsHB37Pu
A149BPr7qHKtPpwvhLWDmQVYuGa3rbxE6KPUjzq6THzV
7SkBURKvyVJ1yvAeiPQKz8CdSpxAMVHnvzBy5Robzh2X
HjQPx1uaxJixLbUfqzS3xhoMeMdPYW7866LHxsw8Pswx
5vEyraHzZCP5yM5SMv4r1n8MGsSQeP5Mh1o6TXoWAvfk
CYVikdfqKK1SmPasR93k1p6CntrmqGW4YcoSYQQ2TeVp
7gRnTdsyyu9Z2HKqa7492JkTJtRfAEssyYfXKcjDzYwm
A1dqUjBb2xK6NPCCAn2Amv9C1Q6iiUe29Y1Y6ZpHtEhD
XGFZk186maEp6FtE2YMHNXiY2c9kTkUu88ofnnBm94j
BWWoHLy99ouVk1UiiTiicNwRuPiEonKNfxF4VS9eeYBD
7gDYdUkfyC381JS7cTUssJtKKP9LC5YJFgmexCAJmyGU
EyNr6gxugnKwsNhfcYKyShBnGvq9776B6rwpjJuYztZK
Evt92DJQS2a7UNRJp75J6dFB2WkiZ2nPHHsLMXrDs8jr
AEUto3eFWHLAmmVRq3Vo2fmHXwte525jQGG6D7pN4RRd
2pQvQF2WAZ7ZVx78yJpHyw3nVHM2kKAoZzve29yFrqRi
JAzhRe6JQqqzjwJcbYkBJAnnXnUCHh5MpyRXA52RCw8D
GK32a1tN9Aw9evyRafWsWJ51uUk8mVFLKv3h12y3cbEK
B5wGRziAmbZ6NMGwatX7s3rp9tWzDL3fEJojQwh1JREe
AEUto3eFWHLAmmVRq3Vo2fmHXwte525jQGG6D7pN4RRd
EHNqwEN5MY8CdTCkR5bJcgxwaTrG9ZCVn3twaTxYMHzK
9V4i8VdxEHgjQFEKdXT3N4nFKRtNtkKCzd17SjxVWLSo
H6zWfaikJVEqkydM2k3qu9fzvo5HvHrC5PCsMh195V49
DJ7Xh6mR3n22xphxwcypRwWXMZDKMoVkozpw4yYVmNgw
Dqw9ywsAz6yvvFFXh3qjAzM2M3hGxGUnh2Tyx55pf9ZK
4rKXwsNPoYsP1doRNc7HBeoGUFpR12LzNxurm76om7US
SqSri3CM7V1GLSoKJJbePSt7UqGpEpiwmhnsJjsf763
ANkN53STbZffchbxzhnNJZgTsJDbcvq1pPNxX27A1Nzm
Mxe7R36xxFThVHvPGvgYPSpsiEnCByQQ2dUfvaq67di
9ej7a4re5ZsayUKYpU91q5UEakEjCwK9mFb93zDAKwUM
2UXPd2WtjS9FzskPx59gVce2r6G3gfSPP5w4RjbSEfwV
EKPUQkzMVEHeSKSTrKJ5ZToR5EJqeMYeboxjeNy4Pj5X
GP5wZ1hEfpD9TxhZzPGQVWSS6VVBaGY7J6dt8KeQuPxv
8Hj4C4Row7TkhXyG53NaofbaJW6xYmZCpKPzYLdNGJ5P
DWaAVXvNg9NcNUPLCwRbAhc8NVmFzSLPQCFuwkxgp9Tk
J93Difd8Nya2C8ii3kjnbPyZEVKPTGu1KXaxe5wRghHd
55jkhMXpXqjnWu2vuVS4YPPEnCiKcQdEKZKso8TDNS8s
2a3Mm6kCcHoC5zwCZ5ETm9jzFuFhUYBJ8zsPj32wpPpw
5Df1841SbnKQXDUu97ddH46je5H6f1ZNaF7eqstiqMgX
AwgVoyFwAwB8vH4KnsRCGdfuaCoVHmmrT7okuLJv38dT
EkrPmifHXbGk7PLeReSgGieStGYrU1KJQudkdvVkFgFD
HFqbempFrTudgpE7mZ2U7jsxfuJcgH9DMprLKLNdPs7B
CdXU3s7AFPSoqAdSq4fTXsDeTvgeiVv61kgSYDLDL2DF
Evt92DJQS2a7UNRJp75J6dFB2WkiZ2nPHHsLMXrDs8jr
186XuufYCwzZLtRoPNtRRrM52hScYxSL9zwWRrb2mQv
BHdPgzF8qvYcaXsNhrXJrbyHEpht9Spgdfo9Tj1AQVWB
5awsmonFXxL4xCNQTYVgw8zGWXEzAcoTbirxYEYqxwh3
2YwZ3gseFDEtzAPrdKvoEMpvwrgYmmCqEfpC2SLSjMP7
2KcCvxiKiWTu9XXLMSRnNqCgvZaLfYLx4aiecPJHqjrb
8dP7pF3UR7aRGrkgshVUjodLrjg1MQ4LrnKFqytrdan1
CoVHXZysMuv5ZtqtuEhmUh7YB5tuWhFarZ4xqPNQW55W
cXqFkCF4gaT9vAcZYMgwLXmmuD5w4hwgxT8YXE8JuBw
4eYMboemLtNmqw5PuG8TxFVZUxN8crFJZVjrRJCz89GX
9nhNGaHJ6Nk3v75BtBfcxGtyUaJerPajKQzERmTR3jVu
EEUHeJFM6mUeN44v3kpepHXXBcGY8xV38TjTNxHEt76U
5DR6UU38j5Sg8DjS9WXe8P86j356c59Esp1LijT9z23
FgKev1SSzvmVNPwg8QMTPLFqXaKthfejPw9sajPKuA1M
5XhU2GRQdmg3HxDN3HDETs9MxBGoHtgn2orscDM6G5bN
AA2ShBjUDH5n5kgD1vybW6tuaee87FrXNTHnrVtVvPMK
GMsWMkNjBTmehwKsSkk9hqaRWmTi682DwrADihyPcjcb
7oKREfeWiprPMoBEbuA7P8qC2MrKfbCCoyN7Y4uWeMjg
9vTVgL5yTaRSj1QThL3jViVdwZTiwvPzqsFs4eHdjZjf
HFqbempFrTudgpE7mZ2U7jsxfuJcgH9DMprLKLNdPs7B
7P4Bb1pCMuYNveYhg2j445cmTRCEGp2eAAtBQUv7Jz89
GB8je3YzFRP2WEbeHpgcmkdebdemn44NZFrLPyZTtBkj
6XbeDCCBvv7UWfRCUX6R26nidck3TW39Q2izZNYAwxC7
9AVnCDkM7qUaBChghtZACBcyDXYcKtMmBcWxcPz8uLHh
FWPhnUPdhHKbhVFAXPaCrrv8QyAGton6ALSDDniKojSC
4m6s5fxqYWeABtPAfTnjSCkSWn373eDKbY5gcgXmMdf7
CZbmLXFpJGzNabQQdsHQ3KWMkA44BFGrdVvvSxWA5RwQ
HpcYvvyNRzva7uCvN1HRBUBrou4TW1i42oXYPkkXN6tU
Dr3aBSzZ7aDkDhLBKGJjSyKEu8vMM9Csztbw4XHgvqAF
6Lgi6X4JZMxXkUrXmc1vMwrjp25bG88cyRBVzh3ZMeVt
Dqw9ywsAz6yvvFFXh3qjAzM2M3hGxGUnh2Tyx55pf9ZK
5wevsnhMS7YzCZfZdQGqsV6z9E8ajFZuY3pgQRVVCy2Y
6dm86x4LHSBLR9WLUkjUHP27A5uJRwgp5Z5bVVCWeM9K
6uHDK8Hab9QEy4h6rT7oqTsJrsdibkxBJvouoygxqVM3
4tR3CkyDUzQUy1YPvbL8niQEjxwYaDNbh4X62fWXeBfJ
47ZJRamq2rvTVxcFQFs2499ixJcmSXCKgb5FRnifYNsK
23XNgo4x5FwiQbN4TV7MZ4ssDgQ398vrpkfD8F3S8KTj
YgFtXbkcoPiof3eYu7WDVynKk9LkTJsp1uzFK5XhzyX
E4nDoRPHAJki7vcpExGKqMA925L1WBZD7Ap6rQkvNKFL
AmiSfiEigKUobwo9hakT7TEN8GzAK3tpioUEUvmZkqjW
FzkkFEvZdvWNEKwGMQCjtP9qfvoe86ZEWAg6bp7PoQsX
EMJ9WcNWL3edaz2zv6aJkf5V9A114PfoyVSNc6jDwTR6
XPbWy2cwzwfY9rtK2Sk2GzxJY8GdmSe7He1edmNV9eM
DhJ9d4rBJ4VF3ZFGkk19JieZB9Gzn4jnYL1EqLHc7FVL
Byv2uYaoCamv1HUriUVNMFtqShrjBmUGFt1HY3EpxAyC
8fYbjVT745fkPJStJvpReCLzmKnwP4J7sVsad8cs3h3Z
8ber8SR1de7Ai4R7399qsCoinK5kBYk5jWQpP4LqAxMi
FUta2re5BfniAu5wXyLKNWi7CYgUVW3u97zptMAYhwwy
H6ewEQKqUYhPFNBUBjKugH6MNgBzWFoJ1U5fiVvyHDnv
f5xLoMwrBmHgyegZPf4z7RASZ42gHrL5srijHipWqRF
J1fzENuZomxbBNKoh9tph7DLc9UATdseKhE9fArL9DUn
EczHAfEajWAwvFQ6t8ns9rqxCr5XQMqqfbZxBBJBZByh
Dp6QdjX4LyD8mYWEw63SdC7S6DJH7j2vFkBLPo2CbXGe
74nQsQFEVm7N5u8xnxCNpmYNrmcBKMS41LzB9bCXJZo3
7Q8e5hYvbTFXsKxhYotJkn9bEfAnih7UFjpS5Tcrwve6
4hq7AYN7QmZkTfvth1YaM9nHAWSEyKfGh9yGBnpGeY7Z
kTf2MfXH5mwxjLWYDNB9DgqkVBxtRnwAKBYucX7jBcn
7ceoCpNjJpZTQzSJR7ytraBkPRBj2SZycSNbh2PJdaYg
CqgjF4NXMLDECsk6D6ouRncQjhh39pmAuoHX2n3V7HEo
CEeZNPtLriaQZFiLbRWYgCfFoMeS6MXheVkLB2Grdkgc
8E2n55oXJJ88N2k7otqFWXnyWaAYB6J4Rpp4uPw1AZJG
6VmgrhiJo5sAJcygpeGCohoukBYtdXxzCpUxTuYiJUZj
BGCgw3TEQBD1dT6sUeXSkiqPq81jL1skvTu6sGo6LDNH
5U6tEw4aDK1djxxgNV3URWm8aE2PTsMDh3EpZNHxh9AU
8w8zNnvPHSoUJN2HJibCPvZePAtuPATo891ZzPEA4Yik
87nKxPfGkava5J87osJ3nK9SrAVcG8iYsoBD7SNDVNW5
CUaSvR8G2LbutxGJMnW2vT74Yo568S1oUcjSDP57SajP
6CfjjT5Cyy2RNgn3wiGSuU1Q2VhrvHo9DxbMPwotzeUo
7wSeLUd4gTZtjBfHVNTjicp2vj6dDUc8QgphpGXxBEE6
EEUHeJFM6mUeN44v3kpepHXXBcGY8xV38TjTNxHEt76U
EZsxgTx6JXqZS34sDynrFkKD1Q64Eve7AW8FjawFfovV
CBs38GrLkRKrf6ciZkBbD14BmW43nLB5Hj4BX7UkNhLF
2DuYZx1Z26Y3ZMq5cdL8KYZra4VXMjEQSYApfVYRuUua
AKHkfNyVwi6muUYgkaXGFnWhBx41V7UN7bCsL1ujoVfA
63wuimptAy4Q8ypw5w5rbjbm6RqnnB8Gq81cLchairKk
8ZuKC3kiZD5XsWV6Rd1nUn5YtEFXK4s8xygSQACk6eWo
6R9szrmo9D9xWK7dY4BVPWzt1XqhFeqjSDQmBAiSjsFG
AEUto3eFWHLAmmVRq3Vo2fmHXwte525jQGG6D7pN4RRd
BU9GQbSnXQcF59sm5VW5vM4QP138cM6s2vV4p4HhrDjY
AM8skwLjuqW3dXxXZngWzz8nabVKvcean29HoZSB7uoU
GnwV7xhSksoZ1Ve3Zx5PqoxVEr4mKCBpBf5zRRcv4TvV
5LG3wTjwQRxGT1h5immvkCzzireuGnRFSuCiLPpE5m3X
GMVtUTKERYF4x1oxjkGpvRU9yh7nfMrk2U8L8ziby5S1
5QtqzXJDQbbVZrrWJhWcEFMZpCkcEM4WqBJLbGiPTQy5
2cRHsCwGzQwFueMU7pf4BhcoVrfGD88qzNnh6etCGFxB
97xAKp8FjyXkiYqTtYWN9ArD7KxTevzaCAo7VCcwLAsK
624JLJZvjsrR7VV3sVmUtkanvFvU1CHvHPez66bHi8kj
GdAwgwBuEYL4gaaxT6pue4iBGXs1PbRXyyT4aF5GFEJE
8E2n55oXJJ88N2k7otqFWXnyWaAYB6J4Rpp4uPw1AZJG
J8vxiR8o4NvY8wcR46iuSpSAjXhBwGCgrbo5LWA3corc
8kX16Yj2WBCz1sPXcimafGrutQkw3s3Swe9sR3gt3cC2
GtmsNJUGrCJBpj6JTJSNkQeyVmV5KqogToi3H7C48zhL
3m1JE6nMWGDzCQLMxiVNVa2H8F3CmDVgHJW13FQSUkfZ
2ZiNw4HcE3ZLYkuejnLvAcVjyupaG424ww4F98cBG38T
FengiWQSYF13nh4SCEb4A6tkNDYALF5zwkvh1zAYWXet
63xaYrSjCh1u8B1NTPSV1xh4Szxtz2ktHdnM5ATK4zMS
4aMSBRaCsa64CPQiruDrmESqTNXJzs7PLeaF7XWNVvL8
3eYDsuhXYeXrH5gUPR4W6aLpgCAW5rUvRcSWJJwtXUho
9rZVBdUG6d4N7CQCPp7XoDoDJx84BgQF9JHHqTPNmXvL
EQFh6gCBG5E8RfDaUKnVerJYmMDzpYq8rGm62UiX5XkH
HZLexbjCQdvbshbM6ckVeqLzzA4JDmbv8sdwB3Cf4nCb
RTY7RjhPpDabh6ky8mQudWxWH9XLZLCRPAj2CqRN21r
Dyh3mtoYGFqDhcz429WYn7CYcF15qTJpAiDrK2WA96tL
BumB3NaNkK9E6FLsCALqP71HgMZDF1EBigmt9p7Dckw9
8MHU3NwzuwpkcrF8S2nzNXbkCWn3TdE9UVtB3bQWJP7b
94kER1yv7SJmTWP4D2PbWv7VaKcAgGDSef7AEUYh4fq1
BnsHMiaLQberG48nKUsR5qdV52rWrB9jV8DJ4sQzGcDY
GkgRjJ8cCkMzEu6XhL9koTa86sPuTh7neqeoEK1e7VKC
62dKmy6VhcrkCRCU9fMnxMmwn8cVmwqXzRW7tA4Zx6Ee
HtK7LKZgueEZGnHDAcpNU9wF7FwxHQXXz1PrfeQPtg4q
5mgVoKP2bdcU92LHvXs7b37i2pJqA82ah5YVNsvCaD2s
BjDp9YQM7GVsT5p2zeMd9abFysmovuJT4CbJnD6Hh19p
AEUto3eFWHLAmmVRq3Vo2fmHXwte525jQGG6D7pN4RRd
98hCouUM97hPPExNDMzJo4ij2hZ3ouCyRjrLeeXFqCok
DaSGdWXXVnh74Dfyfy68Mhyttk8CRXXQ4RrR9nyxssha
5V3LirCw5PAjr32tbXMYcymEydJbzoEvoBkNpZRo8wKj
97xAKp8FjyXkiYqTtYWN9ArD7KxTevzaCAo7VCcwLAsK
BjvjuS13q1R26N91RNxTg9vmUbAM7huCwg6V5rU7qev4
BU9GQbSnXQcF59sm5VW5vM4QP138cM6s2vV4p4HhrDjY
7N4j24qzrA5DfDq5ua4RhYN8J3yCyAJhpEMitD6zJajZ
6JWaG2sxVA7yUW5zTygWbWCLYYkUHT7UJuHZk3XNxnHp
BtHKvqrVTqWb9MYvZ4GsMsg4mc5PhgaYFVdZnCwQDh8X
BSAeGLg4un54bz7Jswf6tDL9jv8o6HmyFQhdN8qum6VK
B5oCkvAuTiA25bZbLFzGNPNx5Pj6sD6XBRXvucWxdEhp
3LdbrFBY7sZ71MtuZhrMzK4YLgxNcTrQ5wLNZHs7r85T
F4hN7ecndZ8Gr5KQNSFaSrMGawMasz7jfWTLTMpk7gaB
ACfHp6yqTJ7Ef5uSnrCF5sdNFY17arBnURvaahbRYeR2
DNCajK5Krr75TyupTG4yrYH475NbVtvyz7hgQkMDkAX1
C32gfnay4Uw5a2w3kUs6WrrxMoe1tAPt924fmRxoVmMz
HpvJssnfUR3tEwvSmWKYrcBFKuae4hpQ5JqjtLnju6M1
7RWr1Z6dJWat4EA4o4WuBAukPgNUrwMqPDyqPfUEKHe7
B22cgQ4fpdcAfbNSwQ3q7kNuKSDpGArVXi9Vgf6zEog9
3gc7tTph3waXqfhox8Ln9m4BkrzSvSQQYsxdd9U7Btk9
AUD7LZq8d2U2xz59PZB5QpAMjjF47FKNpBPcZSK93dKt
A149BPr7qHKtPpwvhLWDmQVYuGa3rbxE6KPUjzq6THzV
AkGQxVK2FFRi9doFRx5gwGXBr6WKknvU3evZkDu3Yas4
AEUto3eFWHLAmmVRq3Vo2fmHXwte525jQGG6D7pN4RRd
89KVMLtSpy3sGcW8aqr9Ug7rfBdhcY8UiB61nZqGewfE
3RqevLsnSf6VxHC8vCC1BTzW2QjXDrBrjySUDQCYQc6r
9UFMEJBUzjZBNzqc4FgrcbT2GibMMfpSsMRyFHCMKLE5
7LnoZh6ftaXuVodAVLKr7CryPt6431UqMLHSshjGepiW
EE8Q5kAmpbPFZAJfetZb9GSeGhkezU5CCZkXgkv8obPf
J1z2Wi6BLaT86rzkSCw8TxkTmrLWBAwzXXcU7xZBuBcV
FVM9uL1DndDUK1xDqmFsHWBkv4Xak4BEdzLDe8WVU5Ve
7P4Bb1pCMuYNveYhg2j445cmTRCEGp2eAAtBQUv7Jz89
64VjEgsBMFxzrRG2HmkhJP8daWVJkNNwGeydPhYHWf4H
B5oCkvAuTiA25bZbLFzGNPNx5Pj6sD6XBRXvucWxdEhp
58njdpgncuNs9nhzpVdxDAinBFHXZuMwuJS6hap4tVVN
6HFErPTzWzSWX9Y4ptJb9Y8isu77c3SRy5cnwTqnfDqo
4YxCsyisJmmJs6ZzQ2ShE24LtC5xoxcDEqmbZ5vTkEzq
Hp1MvurGGDd7xA8zEdntreKcM2opJX5qD1WAApagZDfH
8E2n55oXJJ88N2k7otqFWXnyWaAYB6J4Rpp4uPw1AZJG
EzVmKJmpiiUNJJEK7nGZCy7BzAZzY8dY7Am2zNiPmmQG
GcsVSzPUE4gyqHNvtfmzT4VJk8vnqm3gBCocZifAbsSb
71pTmLUd4Fih8a5H3zD3S1XUnjNAyjRMNUTc5v6P63Up
Dg5gU6sFvZ59u37T4UhaxQBYeACu5uNz4UfdM1LJFGrg
A9oLF2MuX6MJr93qY3Z9s9Ju2TgFAbEVZccwVk1VVk76
Fgom5z3Nn8E3uqdxM8RXje68jLpmimjkwLykycqbjhjF
DDdxcAmfFWLs79vYC1WUuwBVM1XUfxmAgbYgccL5bgZg
8pgG3rx8FoQrk3wYdpL7vDzZR6iEF8WqmPAwP8xS1TNu
kbtxDFxdfY4NxQ9kNAuXFJ2GuAZE95dCXQw7yeb9q11
6so6mycpRfQPHDf38uMDw43hhGxzZHU6cXfUhF5CUVhx
HNEETb52GDPHbT3aLL8fk47KPL5Mq62S8rzfKKoasrHZ
FSmvnJkzRf6vwCNzvJGCJEg6i9tACFiueANTiFqsReo1
BDNGMHE2ic4iAYFiiugroWyBBSAUUysmj3vXjeFHWRN9
H9oN7JgPb9qnPhyFE24Gp1YVvF1PqsnLjcP9agEgqdFp
9nF2vqusHupTTNgw3quL4f3jorvPdJ8VBPv3Uw1xt3Mv
Gx2JeCNMxyZ1rWM8gnmPrHizpipsUf5Skx2SxdMQ8Eck
hqn38jc2RqvkPPWQGiaVP6ssvXuD8edQGjX57MeqABR
8vjTjMndNZNujK1xENm4ywW1kkw5io4i4cdMQhy543Uh
Fv9B3iH37xap5fv4v2AGKSivaZWKNZRC8rorfwtCStAJ
3a63hZqU32jX1AYuDkWpiZRvRsABMFW8rYWjeNasvPoJ
6vHax1nPo6LWDTb9ZcnbqEM7u2XRcPjDJ9CEYiShJLWU
GV7GNqxM2YGRmmEp9pjXzc65vGkJhkndbjXj6HVG4mLw
Gs2FSWdKKjHKF77z9Rit8B7Txef4hvWF94yLhdxteDGK
6ykYU3fWNQnoNunJKDLSVSZWCMPoajoE8EVNzKCYs9qT
HMjXajEW46a8pFZt22oKFXkuuYUPNM1UGoQznCVaJX7e
8vQa5SXaWFNamWht2WUiT5Y7ahj6F893R2EhYDjXqrCz
CyKiZfYzKRQWoXzuCeJ7Q1hkVicqFas8xkcVPFSV2LGQ
3ozNeQ4Sq976Fnvsu5rcNZ998QPgutXByw4NhSQPmWXE
2PhHTtsY3Lc8bnmfq6QcnezpqcwdKYyvkvXVzjJ75Aw4
Hew6XJcEjQAx2Pi4GWogr68dmbST24g9xtumKBqvhkdL
8kX16Yj2WBCz1sPXcimafGrutQkw3s3Swe9sR3gt3cC2
Gpe5fe5Rzrh4kTQn7g28S7f3xctjs9DzseXi33FTMYAh
3K4QeLVrbnd9Jc8hsZANQEnx48QpPZpLkXjhvYYioZE3
CA2YSCaxW4spUDYBtTZ5F8HGmFq5wwS8enW92bDM9qDy
32jrfQ6h9XrfAjUseyBaRfFfLDUvPWYdm3BunPPkDak9
7P4Bb1pCMuYNveYhg2j445cmTRCEGp2eAAtBQUv7Jz89
4WZB4ngHRK7taJmroiKRFTBAwhGj1HZeb8ywiVaUsHpP
7RvtX4WGag5Ggy4oMtj2ni3oc9amEPmscdHLGvGQdZsh
4tR3CkyDUzQUy1YPvbL8niQEjxwYaDNbh4X62fWXeBfJ
CeLSZr7E5QsiYmDtkGj3RH8myW4ZYSP7fCbefZJ6ZqCL
CFQrwdKhJUsRb9ysErvAeJAy4FUqtAXjrxBY5HjHwRnj
6kgckbd91UZKk15SNxvE3ineG9BQMu7RTCPitS5rigAF
DKahFmS8QKj4hhMpcXnZkTcydFJBTJncaSjVtAhYqAj5
7ULJy8FemAuWo3rSUAtbr38XEmXYz8XH9WDHN6aN2Zu
AKNWcLwASgj645B8wNLcKuTsbZ6vZTDLxzQcpjGHpUca
AfYExBciqT9EnkgRRWtEaGmV5gTbGdu1cFg4WLL5XSco
E3Efp1kgBksFddsLJBJCCqcxfZGh5vyn4Ux8hyQxZxWB
BXHgRcLV5HGW31KHvaCH8kVfKTTgouJLZ8PEkicGyevS
2B5KNHScvQkfsc5RAaSqSxUn6mfJunN5MB9GbWp4tpy9
HqFVRHyUnEMyhcBjY44TzkPc9uPzc4gZDt9GNhwLkELW
7YYZPyjjUtJrqi65DcgSXQ7Y1qjYfkCR2G2Q5dqDfv5Z
ANUkikZTPfEoBrqtveRAeNkvVqZv335H5Nvspm6u9Ghh
AAeJJKJM68QBybzppV3nVdNrR4B8H8Vrfah5uZTs6HGM
GtSRdMsdEtyG3i1iYRt1DoGt5jfdsX2hz1ZS4Q9mU4yw
FYWNC3URfZVB4q2n51FCV5WuR6xGuzxdhj8q31MqKH9h
GChoRaGhcY1EPPaqoZ57TcpmBD1ECoGPxqkPE8zg9DSX
7P4Bb1pCMuYNveYhg2j445cmTRCEGp2eAAtBQUv7Jz89
CKMDD7Xp4pBztCG5G2utc3kXvFqPJ17HMDPUwhLiHzhM
ENsWpC7ro1iWg7hUSuzDWovZiicVAoURX3fstsmPQpjQ
FH9fysysHZBS1E4AL7VhMGstWvMAyXedcqXo4MaM6eGs
FgBDPuCn2vA9Gim6rLiL3bR5HP5xNgSEQ8JPK3MGXNMG
3qYR6vBpdN1FmLuYoEwFwP9dGxwfUy2Ta27ur29jB86C
5nH4SNp9Hhigqmjd8spT6UyLKN8okssmWJ48uCGfWf3J
BEivYChNwzFedVVfPqYk5me8gYX8ae3m4HKrM1zaYYPs
CYVikdfqKK1SmPasR93k1p6CntrmqGW4YcoSYQQ2TeVp
781GzKc6aZPcheyEhmeziGWNgJBhePtVnsRsSCvrvWTC
68uwHZawGcfW4SoRtftrPs4CT1xzD7mMwmFYmGFETPVT
kSwBNkXhyAevfPXQCiB93TCEESyxWpaFc4vyUtTUyyL
CKMDD7Xp4pBztCG5G2utc3kXvFqPJ17HMDPUwhLiHzhM
97xAKp8FjyXkiYqTtYWN9ArD7KxTevzaCAo7VCcwLAsK
E9z5h7jjzEpDZPEkSg1L8MnU8UXa9AgGfTbE9zAQiz49
74MCLCGZ6HKYja3Uca8UQN5C3bw6NeyNXF6xRqaWkaFz
J63PQ61AFhZXeupw9j5GYY1aEuR3R6BnAbtfqqAX6DQw
Dzwi8WjuBURyK6rbkvUa67vZuuPfmmfpgYu2rqB594v1
Hp1MvurGGDd7xA8zEdntreKcM2opJX5qD1WAApagZDfH
9g6bfua2tKpLCb4yaWsTWyVsaAYEtkWtpKyeRcgDwUn
4B5BrzV4W7DkyGegvmMf5iQe2tHV2oEVrhmU6W9E9vmv
CXNfqdwy7PFrZZZzripYa2SZTbx7sG4EATDGPab6xNUn
BU9GQbSnXQcF59sm5VW5vM4QP138cM6s2vV4p4HhrDjY
2dD5qq1y23Fq1qLj5zJkZ2425Pr1dvtKQPMa6AGF6wmz
CTiZBRNLESeLJJ3aw7PcuARpnnBPiUDw1pfjiRo2TqGH
DcxwCGCyJWbiD5y43pdo8Tr9f3Uj15NoVdNH3RMmy9wL
BUdpRNTSxyZZXtecMuBU7eB2x7RrwHZDPzGGUwiZwZUo
6rXGLWZhdAsoYs2mGEYCfm4nMQ3rxqbWx6c8syVo7hpm
AP7H1xbTDGwvctqZj5xHeCZGy8i1jGuBQBWq2KdN4U6Z
BfsGFAkyMYAsTANqapw1T4eB3LjprM9STapLxPpYQewY
3vPa8W5NTb7TZB68LFvpBWvASJt5sT2WGbeE1UBLyWTg
Djt8jj26RL3GsTRkrifq9ntxYJyUQsqRY8Sgkxns3dUw
5K1s9Xi92qd4ZbvR6GPPv22MQYMVX7TABLLyZA74MnSC
2ik6AhcVZRGS9MUkFdceVxLwkajchCVFL137PraXkfgS
5dr39esCxsaHoHedAR9mhTtbF2mwR874vU3Vemr8EBbj
3gBzKtuLAyPJAq2K54URFpg8i4hhX7JdZzQEFqKCw9m7
7GetnmM4kAtyjT2aumAcPsHcJs2hfNmMQWoAW9NqpAZt
51oET2dy4vCmZ1JMGYR9hbsvsLng1vcLD6z2AZp1uq1j
6Aa81K2N1ioXFSXcGrQ4WvogXNZtrkiqokwzoB3Pu1on
2jBJAcu4uDjhgH7gQXrA1cSKF1DGX6ZNcuNREyGEMKo2
2YCagYpRQAbRcPXHzV9Begu4w6VnWz4amVPwhcgMfC2u
6asMmzbUNCKP23xQNBuVwH1kmCN57Jip1pBRvToo19dK
5LG3wTjwQRxGT1h5immvkCzzireuGnRFSuCiLPpE5m3X
Gpe5fe5Rzrh4kTQn7g28S7f3xctjs9DzseXi33FTMYAh
kbtxDFxdfY4NxQ9kNAuXFJ2GuAZE95dCXQw7yeb9q11
7BEgnmvPk5kDhc2qeK86GozqqEvmWXcpQH2oDAoJ9fcR
8dP7pF3UR7aRGrkgshVUjodLrjg1MQ4LrnKFqytrdan1
CpaCG9J4BQWVcXwDsm73pQUtbCUAR15aSG3HxuxxVYqh
8siEjDLnLv4yH2g8yeAo6St61V8e59aVsMtRvG6ZAszr
Atp6uadUeFADQYrnWBMoBpVkMFhziBLNvQrjFsXadAMo
Cc1MTJDGRdM7wHGdZLcZbwVatzsHXGzi9hib3wydcmHc
4fTrRT7vRieXt3F5BJiaDfPKPVQMoDdQbwhTwJCMvgg1
6x5KZhRpSK7SUNiKY5FtUzo4dnP3eEUfZdNDzcuPqwTW
BU9GQbSnXQcF59sm5VW5vM4QP138cM6s2vV4p4HhrDjY
6KwjyM6Yq9gMGHJL8wGirEBH6hCEaudAGZ5KDsXvKENm
3EccVmzM69WE7iN8Tra8jZDwfgUQRHQz3H4HypeoMtqP
AKNWcLwASgj645B8wNLcKuTsbZ6vZTDLxzQcpjGHpUca
EJKgE24eAUa9aHGXG7gukupdeLqbD5SDwf94uyeNYGmR
CFQrwdKhJUsRb9ysErvAeJAy4FUqtAXjrxBY5HjHwRnj
AwUe4aJHHJKWhz8qgBQ538t6Tm5Ay1oRoyzkrT2izA8f
2brFEFu12KMJfWXm6fnTg43jU9imtYtZ4ht97cmD1sXn
CmkBNXWVWjdUTiHScpwbAjSPu7XhYurssggXD3urigz1
3LoqWSBGfUzPwPzUvyz1gKTS4FnQbqh71S6MzgC1NrAN
C32gfnay4Uw5a2w3kUs6WrrxMoe1tAPt924fmRxoVmMz
SqSri3CM7V1GLSoKJJbePSt7UqGpEpiwmhnsJjsf763
2fhnuLUpAKDiduPTi8216staDKMyp9BUhxmN3sMA65K9
Hp1MvurGGDd7xA8zEdntreKcM2opJX5qD1WAApagZDfH
AKHkfNyVwi6muUYgkaXGFnWhBx41V7UN7bCsL1ujoVfA
AgmQQruXPrYMbRWRKX5LoiyitgwdDBdijBbsk1WzVimU
4nB9V4qi5gyiSdrVJ8iC6EBzjjRmdBsGCXd7Qufrzehn
