37BytmUzsgXHZv2jHZ5q1kgyKJYySAQ5JckkwDjjBuQS
GK9vJhS9Za4G8x8PKwj2WCXKnXsnzUa9TKEZw93KJEig
EkrPmifHXbGk7PLeReSgGieStGYrU1KJQudkdvVkFgFD
CakCB2mYApvhtzJWgmejHjuTAVDGbBk5zjzrDctgkxjM
99wEnD5StmRNah5zNBXFwfDd7e1sBcLFPNbYqwc1Rmwy
743n5tXasjmFuuMbMGwe5hRvx6jsuGMdf57PMhB3WMzA
ECsrR9iXZPWKzNtGvm3b5z7aZ3hqPHn5c16VrFhDDvXd
FQ4mFJdufoKcJ8GfD5F8gKPnptL81uQHLK8M5VqXQQF4
HeohjHu8jiJ4gpEYnGakdfv4CxaFcCAS6iEfjLM9p1Ha
Hp1MvurGGDd7xA8zEdntreKcM2opJX5qD1WAApagZDfH
82UrZrAYbRdHbGXSutsWrBSL6sNSXVS3DtgHfnTGs1bu
ATfMWuP8biBsosWDcTVmzhTKDCU1rKGsLxLfX17yBVK7
7Y1rJL5zkszWrbx6gTzbL5m81cfAg1xo5kYVdDQfDr53
o2Aug6JB1RDFk7yYsf8QCjpWo2WzgwFkM115gtSJU8r
3aBWozQZJLxjtjXYxRsskHBomafKQJWvy1X9efTC4zqX
6Ah3R4nf6C1i2LifmTTs8mX2oNdAyLiXPGGJ7wJ4oZXK
9oJ1X5p7MR4kgYpG6vRK67CXXDe5AgVDuBi78aHWhCJk
2UXPd2WtjS9FzskPx59gVce2r6G3gfSPP5w4RjbSEfwV
7ZpuSrxBsMVQ8z4GPdTvzsVvaT1qEw5yhRgh8fHKdDqP
4ox8atxyrCPFsF3nfmzyU8o4kZhXkJCSo55PknT6Fint
DUv5cBYdBP3xtPApSttxzsTAp1fMhZ2g3szmaZAyFBrg
GX1Vmx4AecReyK1QxMMkWhqzgGmNs9HUVPQkaDBTDvkK
HKmC9VR2rRdGMcNcdGVPqAYWnnLBgmFFDur2qYUaeRXR
DDzTbHgTMihk86YjTpHiCdq3oUZW671TMV7bQbuo8BWq
5iDcmVaSaskGaYt28dAhTw5zWUC9UPSqsf9M384ofg55
EyNr6gxugnKwsNhfcYKyShBnGvq9776B6rwpjJuYztZK
5Ypgs4Pn8ZM3FVEFAPQBSTyWrX7NVyeJ3jTBcT815qCF
5g9P9YJNPxRMTZtWTPyRkUmdvaVae4MVjhr1ZHmHYbRH
CGA6H2M3FEjemWohUyYwh5VdvSteMTFxxjZJ1oAgAh6k
DTDt6B4N3pcAJkWqVU1deSPGvBoguQt7befEbhv1MaPw
EZPRdxLV7uu95tkvv1HRXZ4ZVNrSQzCKYVQyGu52W3sL
EpXzWLpXrhaKcbcv2v8MLu6pCdgAzZ5JD5aot4oPaKcJ
42GDY3zViJxR9EPK9xDhak4AKsRm4AbauVP4RgacTxvv
3qYR6vBpdN1FmLuYoEwFwP9dGxwfUy2Ta27ur29jB86C
H3cPyRGXwmReAMB78A8guetqPJLekVXM5DXK92ueCLfE
EiThKFhpnUSwA8uBpHePQNH9acpXny2Vv7eJmDEMqXoZ
7P4Bb1pCMuYNveYhg2j445cmTRCEGp2eAAtBQUv7Jz89
3Ni81WBb3i3ini2VyjZFXgCyb7wDtsgNHeCMXDwiZpah
BBSxmVWHf5VV8M1HLd6LGxnftPuiu44HVeqUSzSdrejX
CFQrwdKhJUsRb9ysErvAeJAy4FUqtAXjrxBY5HjHwRnj
DH1uBkBWyXPtbeHji1f9vr2S8F5i7xsUF3tTzvhsT2dT
DskiBpGg3o96hQbRmaBJTnsnLuUMwUVpbmPFWN6WbqA3
6hjoKQD5wPFF7RjTjDMLEGLZFM7NZU8uNSJpx9gNFUU5
4oFHxNkGWVvboQhZwniJkQxBNCWjEghg4Numty1PipB1
441MaEum7JdeQWio1RkDMybaXEVvbjXePB8AL6A8NyfP
vqk4rNkuaHbPHqCEf58R1na7QR7VFsZeYVqwxATJpRx
14TJ82sAjiw2A8rTqGiBeseHp23RZqf3yZ5PovWSb2jS
BxqR756u1JBxH7Mx2EzG79WkVWbDY1rZwH3iRayzdJCd
yXYzVF3WnzkUVwwmejoNZkzJiQcn87Ms9avDqFQEuoU
EBAn1DsJKwurYoNZuezibmYa3siDCQqUzSM1MNzr7MWx
5awsmonFXxL4xCNQTYVgw8zGWXEzAcoTbirxYEYqxwh3
BTfZbQvqTh7iVfUiaZq2Si1a6q3ve2GuwNHttrGammHe
AouXEBqiEvLW8qV4Ri2rARVmYYDo5ehJ13XsaqKV5XL8
Gs7hJncVtbUZ6i8V6t51tCvvTSjaaLdeSTs3WR7ADdHg
HExH1uQGJ9z6gH61JhXeZyFwS2vcUyByPK1ttVFDD87P
5wpT5MyF9jTHYWWtXrhot1XcCr3RAAQbwLeKnDTBZHYL
DGafXXd6xHAfnYTGpazQkgiG7uFZ3yFisZUUgeiYzA2G
7LnaxWkqHRLJ1Z5BdHAK4P9xXZN5m7kZxvysy83UJLUT
8eeWesjTSLG6Hdy6GV8bwjrBCEnwY15LWTkyHtGtsUB3
BQ6W2opUUbyd3mVpTX1NRgFWgqBxyt3FSLfSR6TXQRug
C32gfnay4Uw5a2w3kUs6WrrxMoe1tAPt924fmRxoVmMz
2hPMGdNvkULD9n8Zo27vQhwUT8caiN36eU6pu2hGj3zK
HxGr2AZnLhyDxfL6vGCgsVpgHzXtgtWjZyNmPFvQNsBH
H1eKWeHPaWDzvxFNJoPVzrWpsBG6dxahdLALq5sAjTw5
3VWia87hNkxgg51heFc9z1GtZdmSuC63RGtFe98Nnsbb
FJ5hcKnacavLz9geNZDRyDXdUvZHJBVnn5RLLy3sRtra
AEqngpdTaH3T78AnTh25McWeoXXnQ2Fbfvi5aL5MBFPx
4CzrdnaVcjMM3ZgNhbWviat3ptBnYeAj9gBisPtxqnVt
7Wi1Zm4GBv6YJxqM6K5T51LgUX2xnqgWJ6VEG767Wbp9
8NQSZ5wpdET6dzAao2Vg13BsiF4QLAFKPSntKAaggbLr
AEUto3eFWHLAmmVRq3Vo2fmHXwte525jQGG6D7pN4RRd
4z8DfUJGJ9bWjPwk1ohpF9j2QBGgc25NPzX2zRUCmvoo
HSwC2zscs19UzctF2G1DQ4zLZsPJmGsVNTTwxdxZAy8J
CGjEexuki8tYteRxpEEq28ivbcsV8aFmhJS3RTZzM7vh
9HzUKtgzCk52nq9EF3nemoeijVjokKgepgoC8pT4ta5c
GJaQQ3i63Mbc85pebD6aEE1zhasTUVNnh4hPcrhxfuTH
31MnUxA5f5rvvejAs84Q8gakrb7SDMfP6oxFGHPXbfeQ
Csj6f7W2jdSJhGN87QSn9mzwfgkrHUcCRijgL471o2sQ
7g9zjvq8qncnaoVNJB9UbbjZEpCoY5ZyJ3VwZtoZwgM1
8gCfJGyaXLbAbBmEK63ADQthxJpf9fMi7NHGhmLCn4tV
BpebsJE75hWA1HhvKppSTGS8DkuwkEvnt1kucbR9FDwS
APyRC1YdA9HQxXnGkLr59ZERPXxVW1s1fG42UkPHF7Zh
9KJbbRm5qjnWBNZNv3Mhk2hEFqqDAYcCHuUPxnG7W64g
4s6Zd5NFrc4WY1NgeV7ezFyAqg3ZTxcif9b3PHACuM1a
4Qwx759HPBVsJpFNrHugRDp42UZheG3bhisAKmRmvvJK
CWadVUgoMJKB1RGXK1aF4JrePrjp5veBm4VQLvArW8UL
gynqPbXrAhv5Xs9r3BytFjAhz692dhZGtEWABz2bpzR
EZsxgTx6JXqZS34sDynrFkKD1Q64Eve7AW8FjawFfovV
5JJXuC1YzZ1BA3Sn45whVh3b28LTnXuUM1RfuLnj53sW
7VYhLssqCrL974hrEe8eBDWeKaXKbcdZHZZP7dZYq65z
AWsU5CcuMKLqVHCS4PuQqDXmtK8uVxDTun9zF4nGVNTH
GWqPacdCUUUEPT9EutHEUauKNizh6tAxqyv7Nx7s2BqD
3Tn9DueUsGKxSVwmHT8Y3uiPX3WXWnNJzbUyBy9GUBhN
BjxXkzyq1dYwZXvofJavvCyHgemjCf9mxsH3pfzppvK3
3CGCVMtf9UYWhike1cxVyscGkXsKhrcjnQQcrqHZz8rs
5SCngCQmjCq8btsk1mD3YGngpxNMbzhadozxYneszp9t
BMXjn9FCipSMau57i8J1vBPrm28zkAhMHtWrPzYLzxMW
iDvudo6j4YuZno7a7QmPvDwDKjS7QzNG4Jx8ZoLZ6bJ
6kgckbd91UZKk15SNxvE3ineG9BQMu7RTCPitS5rigAF
DK5Hij3HpKGJsRUNaxspC2u6LdncqoUwHsUSe6TFb9X8
