4uW3QyfMSFLjLSPN7bsgckUHNdC9jGobxyJ1o3PsDWzg
5Zj3eUQF3jJRshXJYUmh7AKZ1yd3RB7LAoKf4kjHatEH
4LC1ywLaEUeZozGwSKtoyDGbFoguGsLzWqQJ6xTm22U1
5e9rzVBDHKScEVUvGmxiRmtBnNCzKvLRvRLodRQttfC2
BqpESJDfBHpRJB1HfEe86DQPE2idPboMbMH8Vnp42bxG
2yCpE7Y63cre2fedC3b2rhp8ev1aWqQns7VMmYgN7NDQ
DDWyVxSnwoL3gsdJk6yzAgE3UX9o1ofq6TSS4JwyR7XG
J7V725bKe4PQpFAUV9NJP4rrtv1obUKUEYhF8ZeJxtKz
GAyjZGXGmtrbVpJJ4DeRRckT4BTPgaPcEvMnAsGRsZiG
6SJ7T56uykQdN7wm8krPVAoY5ePNGuebPVFpkTnJHKBM
7WES1CoVJGZtxCZxiaLYQ5KsTEPCueCna6c4wygDBHFL
58yw6rC3e53dn1G1nDEveBqAngBRna193U2pHLnWk3b5
86VtS98ZFR1R1bWeyvCwvgY6LVJwSDKm6M7qv1fPwaFM
F6zbivHzYdbEFdKc8HQSM2wAW8jKwcsjgYEgtJyHCns2
7suWyKwCnNN5Zhn5EiwjwajkViwavTQNHb69n1DfskA2
FofUyKBCesU2Ys7AgNZCkXKR2qGBJbcFJtnUe4H6n9pK
B4HHzUASLmUMhsafbeyUzRUkVwHNmm297RhNhfsh1VKw
6FmVEWsYgGC38bzFvKyUB3dqF2oe6kDtMxZJ45k6qJ7V
4VNVwQaPrBjiTHoYHcWVCCQdMZZ43862vL9dRvi8e5tN
D6fiVQKv8mscMwVWbjdKDFB71Gzt22cjhqX8UMqNhQhJ
HziqisivY6cezoHfLKQRWRB9AkYUd2fo6f7Ge7LavRor
CYkNWKf7Gc1dkzhUXLcqomA5A1P8VwjhL2isWzA34AEh
8FTeG1HNymeCi38PVJkdwBrsZwhikFLyBsKM3zkWMZBL
2cESybdrmjjcpJmhZqpLMeEc5qqVo4PJAAXuB9M56uza
7m1ZnBfyNXwvYxeXPFwzk6bxfu64LodmCDJLY823hkTy
DTfiw7GLLDtAEwtERka6XFa4UwCrqbD5yncf3kWC9cSc
3QL2HVpy8AxwLKqqGreqfBTARJqQ7TKeDA8XYJvCjLf8
CsDUYm7R7S1bPfJforBFEZyFh2Paqi2obg4Dn2DESQTa
483MGA98qongbmo4dB9AxgqdMRFwotUuEo9LQMrVwaru
4pZwP8QpKfPz88syAisdkRn6YtxGoXhEacRKZXTNfrgT
CHpgBpYzwVmRoo9TYfafe6CP22nk11Hk7C7P5bytqJXQ
9TWfEDAf9KMo1nW5fhuiJYJPemcyuxm2uoXprEUNUaX2
5apHExFM3cxJAHsVEzrJSJb7rmH52iQBYsrtZiMsxjYg
EnAJjHdkMne6SR6fAPvNxCNnAEi1BtHF4h3bMcWXWeHU
5KeKEPoKJ3wTbjsEEA7TbCvoCnpnhGXbw7EiMh73eWHL
FaAybTLWXSMKwqbKU2EZb1o4qmiHHq3KFqqVpV1ijjBX
Egvb6vkcUgnRzfDa3UYiFQroVk4pf7fCKoLrtEkJ13oV
GcpHWxgGbM9tDmaudpiGTLg2XaPwNETZmBZpk69Nr8PG
AeVQ6dmwdgptpWwH9d5KLFyXrp4ccV7ciiZ3EZX83Q3b
87RmYRoWh8jQEpFFawfAHxWPUz2N32dkU7hgCawMQ5fC
ABFV4L38VeKtjkKvnxWwBqKCKWNaZATq4k2ofSzSz3J8
3rohcxNYKnjyv6J83KupAd4mdY5hTwGDoThhKDBG6uBU
DMgy6buqe7V4oMR95GBxUjDW5HL2aZBBkfZWgA2yYhu7
BpkVRaw9BPuDqgk3vXDPGKpNyR6coU85N5KMSj9kvGQ
23Yy18oC42EDBVSZk2vVGnfhNqs1hZCUoMsjc7Un3SAf
GYbMhMbc2Q8SwE2xcqRjF2cf3xF9JDXi8E94zXssymHe
2nZWZKF1QjfwpgMyL1YRdTfC9E75j62yX3MxEA5rT3wu
2MbaTZUcPGBfZ1BMuVYgTMK3RsRKRPzRmV2o1tyMEFu6
6pHPLkwA9UCRw3ctbwcX8qWT7RzCDpU7MmaAHHK1bV3r
DAn7Ab7d8dJQHddx2Jj5rmANQT4RaKgken9A7idTrECJ
BHDGkBh5yy7DJE5N73hLieA2sZrPK3XCFhf3pgeoptrJ
9VTiBRchPMVsKnuqjJSj4GrmV9A5WwJzmouV1oBkWkmo
5JtLYqchVAkZKKoussmGVjK2GFknNrRumCTG6gE8c9p6
7BmxRchKeVb8M4HyfDccsnjkTsrztEKwAaupPGbi1A2e
717AqaGofnUFgv63C5Tb7gNJrqrhV2WTTypEPCTQzBW3
FTFF2mmftp1ckAQRD1AJY7b2AjamsLVF7fiLaSFWfyRu
9qRzmjA3wa5uJHT54jJhDVtbLKdQCkk1byifUsfY91f3
HD7wCJUfSsj8D6B7hLHGyY3KwNQvNs4H21YfZnefX115
FXRf7NdGkEjngPnZrfPqe7Gxi8j5GzCfbFZJW71Vwfta
7bRT8ofBkXNcSVgPbKpZEEr1sidppRPZDCxMdT1YuEDi
AFAuyTPjgcsNAFHE6CZmdRKqnH9khEHX613VNxTxQk8X
qc9dx46fjUuxih3LtQoe6DzhcfGSza1qCCabPLbXkQv
5cq3vSYkxb2WPXs4awhVeg7SfcLijpEqUkRJicqUfHhM
CHQGsJbTuUmHdJRmPqj5TyTysZHKkAwjNprmtCWHtT8J
DLYt6EbWAoxwkazjnmHmSWtkvj5kwmWBCqW47p9QcS1H
6BrK3aos9zHbQqDaqVwbmY3DMRAtX8xbPtD3FpjzgnLv
8jVcX8doNSTHqtqF1zuEyTpww2qX2uygpgs4a33z4LLH
75WBeFqx7AHR9pqEarC127r4tsQMPGfkpD65oRUBZqGD
F3thqrhniJpozjLXa7nPdMzDkLhySvLe2NMdqnZq6bGX
R4gNfQ7wnW6WAxR46tjy8CK2G5gjC1Ew6BvcMLGjxoJ
Dz6pQqfYrRTy3xpxyvPUtQZogfCnxABNDpCE7kVdKkB2
14WuGHL7kCEVRNXdfjbXtshLTrLWFgkHSjx1fc3ppgwg
De3C17S2sWRAyCE5bfg2YUUe1tiPbNdi4ab8eHfNT59b
EFe27RPdciMvbJayMKZYxR7PLgPRmHDXNPJzEq9VhoRq
BqCYUTYZ5wh4kpcRKSePqPtf7KTpeAJ9zacBtvwoP6oo
FqhLnotxKXwM4jksuAE8uvfThYgJhGc6mttRE7Sq5yEh
82mKCTqcco31dv2GtJfv6fhnihrUxKu8MgxDWVJWtzQB
ENfzWvG24WDRvvumgf9y6Ry6UYrX3XTLAx7qe6dRWLMw
DkyV9Kixr1thsfPLx31ambt4XtwWarsBVNFJH3XfHCLS
HM1PMvFFBvvqR7rP61vNaPPwoeaUEFsctgRuse5DbBhN
Cop6dsaNRCYVEsEHxbafNGWkDboPTDwhqWbCKZPhtQ2F
HRc37ZgAkmMiiUoouLENZbwZmYEzrXjpcL1xpqTTmf2b
3k8qEvUups9Fia4SJCH8EFQHEoZoLiabTxuoucLjFePr
GphYbDcikNvGgtVkey597P1h8eZmmUXTmc5yBA8piQXx
4CFDLxwTZiXCrYo54qTsV23DKndPZJzpoZYrdegBTUcT
BfJ9QSv7u5aFrR18zUHMcozx9vvMYF4zPTmCwKvN94Ce
6WS8c8LyGhRscgNJL6PjfjyJgFBs8KvXLuqoUbp7Rua2
ET1crBevBL7qXqnWRQzTD3XtTFb8igb5rqedEbNJkUX7
7n63hHryuuQzEjZPTnfJvJDMA716fZbJsXL67g5GHSou
86vsrcotuGVzN4R3QXSgopKsv4TxKnCGBvQHXzKiaPVh
99rY1N3hvpK34D31VuDtuT1uasEMBzhPJ2YTmnKnej5o
9bX8tFXjF1DhNymDJLFfBdCuNvR9mWU4xkYxcTz6BsCd
BAfEzRs53bLAwUMnXKZhPp9mWFSwzekUeNX3XWYdJwe2
gXp6yXqFdx7zjEvA9jjkU6DyPTUpTJqWidwJ5mg47Km
8DtCxHYLiSuLa5WXT1WWqitMuHWqxMcjpJMpDB77sjSL
DvbWd4Ccvsc7s3mUnqsQ8prYP4j5JadYf6Y3426q2otj
HA2BjY7W5HeWRLx8GZywAwMVDN486DD8Et3pRLhy2j6Q
4J6eH4PaQQ5ieZRep87AFSfNdxwsoCemtMc6PNjFYZn6
HmRdXb9QmJAvdNy4Zq2JLYoyminTLhBZ9nezejAr4wYp
GkHvqxC9hKiEAsVuQiBqiXRUetziTDMzPTA7QEJE6KXk
