Transfer 1 tokens
  Sender: DzhDB3pJqRPmAiyDbb3gkS21aXqhJ7wtpQZhzs9C8waA
  Recipient: 37BytmUzsgXHZv2jHZ5q1kgyKJYySAQ5JckkwDjjBuQS
  Recipient associated token account: 4ngxEgV9EcvVwRWEfhR521hh9RTYBRvRds4uk2HpUmww
  Funding recipient: 4ngxEgV9EcvVwRWEfhR521hh9RTYBRvRds4uk2HpUmww (0.00203928 SOL)

Signature: 3SnNGWeD3nkto5KHjdKcAP57TZiNZ8J9wYkLqxccEGeNPiXctKv1Ld3KRDgv2i7crp4h3LFEzZsGguU21UcHQGjn

Transfer 1 tokens
  Sender: HFR2E2etgQkY6ZAz7K2UkAQH4eiM5jixKntx5L5Z1stP
  Recipient: GK9vJhS9Za4G8x8PKwj2WCXKnXsnzUa9TKEZw93KJEig
  Recipient associated token account: BRbYbVEg8Nn8LfhcYPdq5xvoUckTcMW7R4jr6aVaeywV
  Funding recipient: BRbYbVEg8Nn8LfhcYPdq5xvoUckTcMW7R4jr6aVaeywV (0.00203928 SOL)

Signature: 5MrsEN5fD2gomTcwvyZbAHkT4KomimUDdFNpEpsXeFqhWgEFh1sQpMN4BsscdAuekpD6BA5vBwW6CaH3oGS4RY6y

Transfer 1 tokens
  Sender: 9Q5zDr68nMj2DsACDUJogP2jXi3ffz8Wfb7mxhjjUdfF
  Recipient: EkrPmifHXbGk7PLeReSgGieStGYrU1KJQudkdvVkFgFD
  Recipient associated token account: Gnmwof1vtkoLb4CZV5q3HUX6VPsNGDMwQXxKXyMCtRZN
  Funding recipient: Gnmwof1vtkoLb4CZV5q3HUX6VPsNGDMwQXxKXyMCtRZN (0.00203928 SOL)

Signature: 4jRptDneamBdwiuFAXLbH8EqpTLWgMw7HW1X8cgth4jwjsfJSbk61P2rv8H2jeXzgaKHS4ebFjH7ZxqdfxeSx1EJ

Transfer 1 tokens
  Sender: 5BUntidirna8Z7nUt2jATDH7PTN5xisjcbtrj4Nf7SoY
  Recipient: CakCB2mYApvhtzJWgmejHjuTAVDGbBk5zjzrDctgkxjM
  Recipient associated token account: EEkGzQ5bZkEUVM8HjgcuPUTdNSayuvC5fR66DQcVgo6z
  Funding recipient: EEkGzQ5bZkEUVM8HjgcuPUTdNSayuvC5fR66DQcVgo6z (0.00203928 SOL)

Signature: 3qr4nmyicZzMiW4EcpwmCDT3iAcjtuAp1jmbxGHXBeBbFRMDmiCQ61UjX1S5YVE3stvwcxxe8XEBbSj6ARn5EDeH

Transfer 1 tokens
  Sender: 6JK82XtGV6Y6HwxXqWbsicXoZph1TDxoLReCXnTUMgLb
  Recipient: 99wEnD5StmRNah5zNBXFwfDd7e1sBcLFPNbYqwc1Rmwy
  Recipient associated token account: 2qJXQLJ3YwHG2EXK5EMtJVoU1mkL8fyBnRcbwHregRjn
  Funding recipient: 2qJXQLJ3YwHG2EXK5EMtJVoU1mkL8fyBnRcbwHregRjn (0.00203928 SOL)

Signature: 2ZoYeAFMfa8izGWwkbCYxsCgzzi6R56Pq6ZwzE8VSrTfs8TpzLF4xEYT6MRDDu2U4szVSD8U2ntB39bJ2amiPd8a

Transfer 1 tokens
  Sender: bgEDDZqxRpcLZCDBC6CYBa1m1f4C8UDfNNN1srZnY7Z
  Recipient: 743n5tXasjmFuuMbMGwe5hRvx6jsuGMdf57PMhB3WMzA
  Recipient associated token account: HCyCADztGypKBvTfCe53ARirc7kYnoqgMpQvo77669RA
  Funding recipient: HCyCADztGypKBvTfCe53ARirc7kYnoqgMpQvo77669RA (0.00203928 SOL)

Signature: 5tCY85TBdy4q8n559nbFb5kwCDQJU9NZLJt4CCrySYT7KskMVLkSCkK3Go6zocXTT1KCJL7Skc4FDVk4YHMNZEgK

Transfer 1 tokens
  Sender: GuZ5rhdpiMxNYLJBxfkqWNj2bKhchVLP5L6uNmpm54GS
  Recipient: ECsrR9iXZPWKzNtGvm3b5z7aZ3hqPHn5c16VrFhDDvXd
  Recipient associated token account: GyBtU6UsNjqLVmTi4k4tiWVpC1U9qdQjyNK3X3R1V6Vz
  Funding recipient: GyBtU6UsNjqLVmTi4k4tiWVpC1U9qdQjyNK3X3R1V6Vz (0.00203928 SOL)

Signature: 35U5aFvkmAZQaJQWgtCwudHPQgz2ZSPXTqXM9MHzvcemsSoMgkumseFr5A9LmtQ1GJ9p4jJb9WXCEH4Aurnw1aCn

Transfer 1 tokens
  Sender: 3ugvr4JckgUgpCb1Q4pbKrCz7GZC9FzP6EGSV4hvp85E
  Recipient: FQ4mFJdufoKcJ8GfD5F8gKPnptL81uQHLK8M5VqXQQF4
  Recipient associated token account: 9spyatGdeXV31rVnr1Q3zPg9SnhXRXXbe6RtzdWSnpLw
  Funding recipient: 9spyatGdeXV31rVnr1Q3zPg9SnhXRXXbe6RtzdWSnpLw (0.00203928 SOL)

Signature: 2PBCZPB3sR7aSJ7Z1mdyzpsc6tUfiuaRcHNx3zNoUQPFtEMBEpyapBNhUsASq8w1eYnDAtDCu4fa7RcTdyFUua8z

Transfer 1 tokens
  Sender: FCUsHruPZQoNqtGzqLbFUGAfXC68aKZyWx6ALeD9PX29
  Recipient: HeohjHu8jiJ4gpEYnGakdfv4CxaFcCAS6iEfjLM9p1Ha
  Recipient associated token account: 9vh36reNEKTZsN8m1JaYmTwB3zMHPpdeFR9TRJB7SZ3W
  Funding recipient: 9vh36reNEKTZsN8m1JaYmTwB3zMHPpdeFR9TRJB7SZ3W (0.00203928 SOL)

Signature: 57ZhGtTqDkhdbiqG1UeyK9cUgQcPTg8GW4QJKjAeRHbLivCEr87wqFC1hKRVm8LvTbwuFjtBzqcMT7VeUfbsWbBH

Transfer 1 tokens
  Sender: 9H1jkCBLMoD1S6ZuL12JkXHJdv1sJVJtAQRFgiGEVNii
  Recipient: Hp1MvurGGDd7xA8zEdntreKcM2opJX5qD1WAApagZDfH
  Recipient associated token account: 8c4zewH9FbqHAfWur2MeBLGsTj6roHLi1FwdVquw2yLD
  Funding recipient: 8c4zewH9FbqHAfWur2MeBLGsTj6roHLi1FwdVquw2yLD (0.00203928 SOL)

Signature: 2B469ngMo78eBVny5nRcgX8ppaTMsSSvSJjLzE8aC7QneTDqGWerf4YC22Jn4Wkk5K75D3gkMte3ZqB7vd6inJe4

Transfer 1 tokens
  Sender: BfF9QHmPtNhkRkEKqXwHVP5tP2E9zZN7vdUpbGu8912J
  Recipient: 82UrZrAYbRdHbGXSutsWrBSL6sNSXVS3DtgHfnTGs1bu
  Recipient associated token account: 1VfSP89J4TkEUvRny5dTu4kDuEyTLERWb7B6rBjYWzd
  Funding recipient: 1VfSP89J4TkEUvRny5dTu4kDuEyTLERWb7B6rBjYWzd (0.00203928 SOL)

Signature: 5TcQuoVm4yBp362zEH3pLSgpzdtN9W36nmKRxoFUmgjG8ofXqJAdSZQQxmjg2VXP8YvFB25n4CRLe2K8wrXjW8bo

Transfer 1 tokens
  Sender: HToSdP8tHezJcHwyP8u2ffyw2w3aiPdB8a5udEZqNYin
  Recipient: ATfMWuP8biBsosWDcTVmzhTKDCU1rKGsLxLfX17yBVK7
  Recipient associated token account: FV9XTp3i5z7Dzoqk2eaY3sNp1DKQe92xDRLDgWSNEWGR
  Funding recipient: FV9XTp3i5z7Dzoqk2eaY3sNp1DKQe92xDRLDgWSNEWGR (0.00203928 SOL)

Signature: 2wZcgAiJGJRZ1ksQLwTpUyTsXC9zT8tgvbysuZ6NTmvq1SMcfY69j3SdVAbiz1xisGDxyLnqhicZoDaFfB2CL1nE

Transfer 1 tokens
  Sender: 8bWaMnwH3UR58Pac3JN64hGzGyqmkuKmz4JH6yPS5Brz
  Recipient: 7Y1rJL5zkszWrbx6gTzbL5m81cfAg1xo5kYVdDQfDr53
  Recipient associated token account: JCJN1eUnA2N6L2g9Qvf86WNcfkDNWH71SAwqeCw1wpww
  Funding recipient: JCJN1eUnA2N6L2g9Qvf86WNcfkDNWH71SAwqeCw1wpww (0.00203928 SOL)

Signature: 5v5AJxaqds97oEm3WdBkxkPMPXGapG6ZKixPugyg24iEyRybivMwsSQTXgSuPwY24yJVSeaRbUMAdEsHZpGb3L4X

Transfer 1 tokens
  Sender: 8GVCXAobCe82hnFQPUaNprax8wCXjs4MYByv2SWS8dsD
  Recipient: o2Aug6JB1RDFk7yYsf8QCjpWo2WzgwFkM115gtSJU8r
  Recipient associated token account: Fd3wNdFueAK13pW8CJ2wDC49UGuM6thGJf6M4vvgt4i6
  Funding recipient: Fd3wNdFueAK13pW8CJ2wDC49UGuM6thGJf6M4vvgt4i6 (0.00203928 SOL)

Signature: 3YjBBujNQa9NY7PkRpaehBswxRpP3XSVwgeswjLnwyEsKXNX7n13C8UfXHsDB7LbeUB9EhSReRp82K6ALjXLkQPn

Transfer 1 tokens
  Sender: 33hTAcKQJVstfUgyLTfhca84NbpHuV7ZvTNYk8B7ZXeN
  Recipient: 3aBWozQZJLxjtjXYxRsskHBomafKQJWvy1X9efTC4zqX
  Recipient associated token account: D35peSrUiv7QEx2P4URq9s7Z9rMBhCQZ3t5iNrKGo1eG
  Funding recipient: D35peSrUiv7QEx2P4URq9s7Z9rMBhCQZ3t5iNrKGo1eG (0.00203928 SOL)

Signature: 57fBGs55dDueu6kLLF2CrEcDpdyrNe2upXLXfBGJeWy5FPdf2fB8bR8X6RxpVExXRahD8VMCiPXXxgrtGYZYtgnz

Transfer 1 tokens
  Sender: 5dyZG4xHEdMPnkHAq7jSG2FQXwVu2xSjU7wfM7pqNYps
  Recipient: 6Ah3R4nf6C1i2LifmTTs8mX2oNdAyLiXPGGJ7wJ4oZXK
  Recipient associated token account: yMMYhWXNycpyXhofbNmXDV3XC7hwYpmCpYpoPEFwbMY
  Funding recipient: yMMYhWXNycpyXhofbNmXDV3XC7hwYpmCpYpoPEFwbMY (0.00203928 SOL)

Signature: 2x7v2avMrxnNCdXjcyEt9JtKTJqx8fcnNfhCKSC7ZazSWuqjHy5eBA2EUDwM1dNBokpLa8PciZ2oqnMy5VaQT3ex

Transfer 1 tokens
  Sender: AgsiWPPza1Zo5eVpkKCWu2BoKux2HrejfTK4jYCdnVtz
  Recipient: 9oJ1X5p7MR4kgYpG6vRK67CXXDe5AgVDuBi78aHWhCJk
  Recipient associated token account: HUGpCXmKEzspDkodQU1jdTwx92sg6AGE4uiP6xQ1Codi
  Funding recipient: HUGpCXmKEzspDkodQU1jdTwx92sg6AGE4uiP6xQ1Codi (0.00203928 SOL)

Signature: 5xPT1Jz2YNYZ9nUaSftEBUjkvahSXFRfgU6VsCuCeehu8HCEk4MQRomNBoPf41LvNnMmx5GRz6NyEexhnz6nxRiR

Transfer 1 tokens
  Sender: 2cpZCTYkzVEXaY36incXHjKy27pi16oJbRyYQXbraRCE
  Recipient: 2UXPd2WtjS9FzskPx59gVce2r6G3gfSPP5w4RjbSEfwV
  Recipient associated token account: 6PzZgXJ68teJnjGxCQfxjQLBTjLQ9gMdYeBUHxEHb6xm
  Funding recipient: 6PzZgXJ68teJnjGxCQfxjQLBTjLQ9gMdYeBUHxEHb6xm (0.00203928 SOL)

Signature: ushwoZV6DUWMmC7Gd4LgALPMxhrQyhNwGdLzHXbAxbTsde6ZtDvDAhwTNJ9a7sfLTxRN17pSwzuve6VMbqAcxWk

Transfer 1 tokens
  Sender: EnDe8X7xrvFfok2iVBpue3FcoCjHTfzWyuFezGZec58i
  Recipient: 7ZpuSrxBsMVQ8z4GPdTvzsVvaT1qEw5yhRgh8fHKdDqP
  Recipient associated token account: 7YncSWKwhxx47du3Hdciv9o9A9RBwje7RCSMiiAE3nDp
  Funding recipient: 7YncSWKwhxx47du3Hdciv9o9A9RBwje7RCSMiiAE3nDp (0.00203928 SOL)

Signature: 2w83HDMUhtMoSwsmHFay1Vkhs1yksCvAWsJMXGpieX8wWPELDem5trVL5yLUX6LEMD6WmYqvmgE5zvn58UzqaGz1

Transfer 1 tokens
  Sender: 9e55ortHC3DxTgnGxDwq88AAwQKdvXJW7WCjiyAA1Btx
  Recipient: 4ox8atxyrCPFsF3nfmzyU8o4kZhXkJCSo55PknT6Fint
  Recipient associated token account: 3AXEM7BWqNRpgSgi8S5C8LZQAnxhVVZHkZJQfBpSmHof
  Funding recipient: 3AXEM7BWqNRpgSgi8S5C8LZQAnxhVVZHkZJQfBpSmHof (0.00203928 SOL)

Signature: 3ieP8SDpNYKbG1pGPQLs3L8APi3TorV4ABdJ2DzLAg5SFJzbPVrLqamTCSB4r6Y88Exq6d5TGHTW9dwhzyXZfzyW

Transfer 1 tokens
  Sender: ALMDEpEpdUjHrH3Df61PG3d1vNo8Kys7b3PNRUHxry45
  Recipient: DUv5cBYdBP3xtPApSttxzsTAp1fMhZ2g3szmaZAyFBrg
  Recipient associated token account: 3KyftL5vWXQ9S1fjPiPNFDa9Ln4JR2wYwoP5ApdesmHY
  Funding recipient: 3KyftL5vWXQ9S1fjPiPNFDa9Ln4JR2wYwoP5ApdesmHY (0.00203928 SOL)

Signature: 2ekGWojgGDsw57gCW1t1gQWQg2vq7FGoZ6s3729v5gh5tfLernmBnCG6s6vNiCQABruvLLgkE8Uy2dPUzVENM7vV

Transfer 1 tokens
  Sender: HWFFDjqqQUmFm14n9o4n6cdZpKHwkH9gR3FwW7ojiiaR
  Recipient: GX1Vmx4AecReyK1QxMMkWhqzgGmNs9HUVPQkaDBTDvkK
  Recipient associated token account: YvHVRnBtTKA128AUKbCNkTX2paTvDNtq6AtnZeFa9Eq
  Funding recipient: YvHVRnBtTKA128AUKbCNkTX2paTvDNtq6AtnZeFa9Eq (0.00203928 SOL)

Signature: BEmKqMAfLcxgMdX9VL8SQ9bcUBMaSsrEviP3v4j2EL6sUgMyddbomQyGPq6up97D5JzXyCsHVjZCcSjTfrhDCTX

Transfer 1 tokens
  Sender: BSE8oSQwXCYo3qF8We1uTxvnVoE1yxwtWT9C7QD3eNRb
  Recipient: HKmC9VR2rRdGMcNcdGVPqAYWnnLBgmFFDur2qYUaeRXR
  Recipient associated token account: GZ4nUyLzuK6VqAmrG17hc4ipYj5yaJa2CNA1bj4WTWm7
  Funding recipient: GZ4nUyLzuK6VqAmrG17hc4ipYj5yaJa2CNA1bj4WTWm7 (0.00203928 SOL)

Signature: 32XigCbNiUqFu5ak2AxQpED3UuUdJbqsbmZ7UpR3rNUaUVXK7tuihhNep5gKPap6EJn9gcb7KKxueksmvtftnamr

Transfer 1 tokens
  Sender: CaQohoTgXNRj6nHGA7ZBmwJ6yCatrwafFEptB4avbq64
  Recipient: DDzTbHgTMihk86YjTpHiCdq3oUZW671TMV7bQbuo8BWq
  Recipient associated token account: 24qZnTBnMzEai2TuTqvs91hRyY4wm2MuzZscDyicYqqJ
  Funding recipient: 24qZnTBnMzEai2TuTqvs91hRyY4wm2MuzZscDyicYqqJ (0.00203928 SOL)

Signature: 3TjuxMDR617jEyEMX9Sx3Q5iKCkWRcBLwQAxvQatWVpqGKUnsuJRUsWnA5grFXHrdVktrPKQ7xRm1GMCH9aN1ZjJ

Transfer 1 tokens
  Sender: tfTNpAaXGFrt5ke2oQESiDT2UHvSiWhfDGQQfnSu5gc
  Recipient: 5iDcmVaSaskGaYt28dAhTw5zWUC9UPSqsf9M384ofg55
  Recipient associated token account: E5j6tx8n77VsXL5y8BYPNKPLzpiJrMukqHneQHpHVqYN
  Funding recipient: E5j6tx8n77VsXL5y8BYPNKPLzpiJrMukqHneQHpHVqYN (0.00203928 SOL)

Signature: 4mQ9wCtZaH4ScviSrBvNrx1MtQ2wrngr22LiJDfZjAvMyad8aohBH22Y9jtGF5W9SbNYcc2Ub6TXfSvCisShwiy5

Transfer 1 tokens
  Sender: H1RgRQYctRPupUezy6wW4ks63rkFjEyGu6oPDPdPM9Qa
  Recipient: EyNr6gxugnKwsNhfcYKyShBnGvq9776B6rwpjJuYztZK
  Recipient associated token account: HqJ5PBQ8dhWdkJd4vTCuqzKcgnFJyrosQfeLimvWt3qJ
  Funding recipient: HqJ5PBQ8dhWdkJd4vTCuqzKcgnFJyrosQfeLimvWt3qJ (0.00203928 SOL)

Signature: 5WoWPPiRZSqEhPEXm646eK7wKA65Q5athUXwgvdc6PbnSK1crLEPTbYEQc5pBKREwFVsyt8danqH4NdZCUEwkCqX

Transfer 1 tokens
  Sender: 6jh7BxHr1iAyjPCqHgxo2tA8s1cYpbMAvxs7hGYVFTKi
  Recipient: 5Ypgs4Pn8ZM3FVEFAPQBSTyWrX7NVyeJ3jTBcT815qCF
  Recipient associated token account: BaX3PBXnwRGkr41bsJACNY2gdufYDvBoYqi5jgQX5rju
  Funding recipient: BaX3PBXnwRGkr41bsJACNY2gdufYDvBoYqi5jgQX5rju (0.00203928 SOL)

Signature: 4gLhM6ndCLB2kjKX9ecRqfAB8me4aXTTQGve4DFEVbsV88q1GR3p6boDfZDpfV3zPATsB4tB88aWsve2biVhrgH8

Transfer 1 tokens
  Sender: 5NKJB4jWfdW24jxsJ7WDE3WdEu6Hci8YiDHWR2cN2kAv
  Recipient: 5g9P9YJNPxRMTZtWTPyRkUmdvaVae4MVjhr1ZHmHYbRH
  Recipient associated token account: HeUwiQJAAU4eYcVoMLD7HBmxi2RigpWhwauz3oPUjx9X
  Funding recipient: HeUwiQJAAU4eYcVoMLD7HBmxi2RigpWhwauz3oPUjx9X (0.00203928 SOL)

Signature: 4zqhaRyPQVRoVLVQGSxP6H4ayqV5TKtv8swDfEiJgASxGPwiDK6rWaUf7TqHM1dxKm72pjTDEWj11Mo4yVpPKm6k

Transfer 1 tokens
  Sender: 6zWqegPQi9EsfYyfmjibW5L9BTwE2rJ9Ev5gEQSax16P
  Recipient: CGA6H2M3FEjemWohUyYwh5VdvSteMTFxxjZJ1oAgAh6k
  Recipient associated token account: HdHbZemEchbtaoZF92TbVMYRU81zq3TuRHaQegSY7dZv
  Funding recipient: HdHbZemEchbtaoZF92TbVMYRU81zq3TuRHaQegSY7dZv (0.00203928 SOL)

Signature: 5rQzW3mUeBP6BuuEBiXmbm6F4UmnPn4b5TuUKwszXFZKZBinM5kNPgtrSBKuFrj1CC4L9o3G6oLRMDcQ1SdrkNsv

Transfer 1 tokens
  Sender: B4SaKR9QkypjCUdSUFSSpTrD5JSeMM9LYevKiT7JddQw
  Recipient: DTDt6B4N3pcAJkWqVU1deSPGvBoguQt7befEbhv1MaPw
  Recipient associated token account: ERSkLzgfriAUXRkWC7cmEWHsjytxaDx9wV5bkKYA3BxV
  Funding recipient: ERSkLzgfriAUXRkWC7cmEWHsjytxaDx9wV5bkKYA3BxV (0.00203928 SOL)

Signature: 2Y9U4dFyKvXBbx6yEobyBVMuRyNMdYpX9PePiwDbp3TZTzLZsxecuEWLPPA5ky7PUw5HiunK6J5PGdUR3EqFDLwW

Transfer 1 tokens
  Sender: BPocmhG85Sy1FAnJ1PJYhWP6LQa4gpsjh84xsJsYPb1H
  Recipient: EZPRdxLV7uu95tkvv1HRXZ4ZVNrSQzCKYVQyGu52W3sL
  Recipient associated token account: 4AWxctKHvA9zAiRzWreCGfM6puze4EpdvXAj7myPbtKJ
  Funding recipient: 4AWxctKHvA9zAiRzWreCGfM6puze4EpdvXAj7myPbtKJ (0.00203928 SOL)

Signature: 3oocLQKUnysu8H5TETGeC5hEkigFvd7qqcmfZxcMu34t2jm9wyx2PEHFL83nA8bfLFrMjfr2KuE9zwNxbmH9Y93a

Transfer 1 tokens
  Sender: 6YB6RsKTVPBdEZazGipuSncDHoZNPiTW7Zwe6EscZLk4
  Recipient: EpXzWLpXrhaKcbcv2v8MLu6pCdgAzZ5JD5aot4oPaKcJ
  Recipient associated token account: D3kzFRfU36eVSKtoCVbioxNCVgsTAnr5dCMyUc4xg6z3
  Funding recipient: D3kzFRfU36eVSKtoCVbioxNCVgsTAnr5dCMyUc4xg6z3 (0.00203928 SOL)

Signature: 3cCx1RegQKqicTfuPUoEAL23wFu5KxaYcwRhfuyGA56ezA6XPF7uZ2vX4Rmx5Q7BSAqcjrn1MM3FhtYyBPCndugL

Transfer 1 tokens
  Sender: 8LVK9G5ZWcrGrMJLBnC7P5Z2Db7Wrqv1picAZaSUjwbs
  Recipient: 42GDY3zViJxR9EPK9xDhak4AKsRm4AbauVP4RgacTxvv
  Recipient associated token account: FrM9fDYwPhjaLTzvfoFBcgarEh3jsmC1noikMiisj5UH
  Funding recipient: FrM9fDYwPhjaLTzvfoFBcgarEh3jsmC1noikMiisj5UH (0.00203928 SOL)

Signature: 3QYQUTHB9x9Z2dCcSQgkBKr7DmRN8t6mfKw7Y1XBJ2FVmVJGTkMJ6m4Ef244bALg7zckNGP51vJjcSLdXZNjHWMk

Transfer 1 tokens
  Sender: CYAnMxr3aegEUCoGR13cWanBmtfv9xgBJGwgJpmZte3s
  Recipient: 3qYR6vBpdN1FmLuYoEwFwP9dGxwfUy2Ta27ur29jB86C
  Recipient associated token account: HPtoevS3XcB3oh4ZqWcUh8VsXwwX8ajbXUpsbTaZfemj
  Funding recipient: HPtoevS3XcB3oh4ZqWcUh8VsXwwX8ajbXUpsbTaZfemj (0.00203928 SOL)

Signature: 4rgajrrmdRRBxZoPCBgatgw1s6ezP55YtPTTEmCZP8hEhbfCV2WtWgdXYqBnpjisTA1HpH6XR7kNGvoKnsXbZLLm

Transfer 1 tokens
  Sender: Fk9rvqMmrr9Xh1xuSx9eZXZgei4uWdvTZZo78xfAYNvk
  Recipient: H3cPyRGXwmReAMB78A8guetqPJLekVXM5DXK92ueCLfE
  Recipient associated token account: AdvtRVBHEnc4XCm1AoyU9rNeL3M74z2SzfvnChC1miJf
  Funding recipient: AdvtRVBHEnc4XCm1AoyU9rNeL3M74z2SzfvnChC1miJf (0.00203928 SOL)

Signature: 5dCtVWkiJjhrzHMkDq56SWzs69y6VHqiDdctmzrvAw7hEYAwYiDugwZpCTQrQ5LvmJTzRqKee7TFZQKxUK2Zc9DJ

Transfer 1 tokens
  Sender: 6WUBGWp9uUtAfaK22kvSHi5HbP6YuPaeZJZ4i72bZyAw
  Recipient: EiThKFhpnUSwA8uBpHePQNH9acpXny2Vv7eJmDEMqXoZ
  Recipient associated token account: 8TDwN1mM4Csf5zRK6jHAmpRQrTdcFaZYK3wfbigDwvkW
  Funding recipient: 8TDwN1mM4Csf5zRK6jHAmpRQrTdcFaZYK3wfbigDwvkW (0.00203928 SOL)

Signature: 5qzmgkVCA3jMzwipqp456hV9QdNiF9VhBTjK8QPAJtJ1GgG7GSShZqkesEx4XhWeUbGx5ChVMyZMVB94Qtmi6awH

Transfer 1 tokens
  Sender: C5TJvsBGadbh84rphiRvPuF6j6wuW3wqm5Yshpc3NJUR
  Recipient: 7P4Bb1pCMuYNveYhg2j445cmTRCEGp2eAAtBQUv7Jz89
  Recipient associated token account: 5Lk954MWnE6pV4GokuRaT18qpxqmpwe8BGhfemqw4P6b
  Funding recipient: 5Lk954MWnE6pV4GokuRaT18qpxqmpwe8BGhfemqw4P6b (0.00203928 SOL)

Signature: 3hS6b5BrFGkhiHkBRTcFgesYopUsekgz3uwE427Dit3edaiDxvqE11HhrxbFHiKErhLNTiEdvqU2okMKThLcM75T

Transfer 1 tokens
  Sender: Fnyey24829S5nYAEwzHmp7AQoQacwbY8ELwn2M6y5BSG
  Recipient: 3Ni81WBb3i3ini2VyjZFXgCyb7wDtsgNHeCMXDwiZpah
  Recipient associated token account: Gf23tG9pfvDDTDaAcU5buq86DRHDjY5Qu6pcJ44FQgKP
  Funding recipient: Gf23tG9pfvDDTDaAcU5buq86DRHDjY5Qu6pcJ44FQgKP (0.00203928 SOL)

Signature: 4HRK3PFJW1rgUzp2uuQU1jAx4HawFqj73kCh1AnH1rVXkPEsCVsRL58bDbZHGH57XXthdGXC3BBvfahRwZguCr8s

Transfer 1 tokens
  Sender: 4V31R5fkBTmUDh2vNyzocp4MzjWopoXrnKKDXwxB4Rpp
  Recipient: BBSxmVWHf5VV8M1HLd6LGxnftPuiu44HVeqUSzSdrejX
  Recipient associated token account: EgfVgCZRSwyS2HnR2VUzpbpdvqWGuUexX5oiAkx4KyV7
  Funding recipient: EgfVgCZRSwyS2HnR2VUzpbpdvqWGuUexX5oiAkx4KyV7 (0.00203928 SOL)

Signature: 5Vm3e4s5MthessACAvt5YfJu7LvqMWsX6GkSfN2iBgGwad2RMn76Q17SxS9C3o2U3XmcJt5gKgPmWqxXsRbckVDz

Transfer 1 tokens
  Sender: 8h3FwfCMDYr3UZyv13oBCsSWt7uVuV41BUwyQYuo2mvv
  Recipient: CFQrwdKhJUsRb9ysErvAeJAy4FUqtAXjrxBY5HjHwRnj
  Recipient associated token account: APbeGW75Uqie4chBUpBvVpP1T7CykuTEPramZYkYdGAo
  Funding recipient: APbeGW75Uqie4chBUpBvVpP1T7CykuTEPramZYkYdGAo (0.00203928 SOL)

Signature: 5rNCpH1NfiTbGneruaaQymKAE2xvFAmfpYpDCEKXSan7EeVcpCc1xfX8xsjZRCtKCtDQizTgKJUSAM594NFHqs11

Transfer 1 tokens
  Sender: 6DzbsMF79CcpVuVT7qV7iEhowZ4QyZKmrDSPoSJTHiR6
  Recipient: DH1uBkBWyXPtbeHji1f9vr2S8F5i7xsUF3tTzvhsT2dT
  Recipient associated token account: B2pmUkUiWtWSb3AdfQ6q4Hyv4W5xf5t4zhBSSJReLPky
  Funding recipient: B2pmUkUiWtWSb3AdfQ6q4Hyv4W5xf5t4zhBSSJReLPky (0.00203928 SOL)

Signature: 3nDZqtXoip58vCRnQGERcPRN5L8ET1is5igcQywzvywkmQdbQ2QK2hYVz9ZX4CFYfxVZoFLnTSponHmHdDKdD7uE

Transfer 1 tokens
  Sender: G3YWBsRgnhHtPWMmRjZnQWPUwS6dNx5zKrcgVBvcCuxY
  Recipient: DskiBpGg3o96hQbRmaBJTnsnLuUMwUVpbmPFWN6WbqA3
  Recipient associated token account: CQxdkLGDw66Zim61ikejFiWTZgrzj7Y2emvNK1HNJnDx
  Funding recipient: CQxdkLGDw66Zim61ikejFiWTZgrzj7Y2emvNK1HNJnDx (0.00203928 SOL)

Signature: 3ftjKZG6sw8z5BuEKQCdoBzN6cNk43yiXhu1jhcfn7MW4kMPyaxExDwyEoapBnzWKPa8w837q4CgLpNgJZaXHrRn

Transfer 1 tokens
  Sender: 5sXSYpu18CjUULPoR6aNwQwjy1saqqHb8frQ68R4mmsn
  Recipient: 6hjoKQD5wPFF7RjTjDMLEGLZFM7NZU8uNSJpx9gNFUU5
  Recipient associated token account: CELShSbryysafFnNxYik2zF66AZ5d273DRgUXmnzxG6z
  Funding recipient: CELShSbryysafFnNxYik2zF66AZ5d273DRgUXmnzxG6z (0.00203928 SOL)

Signature: 62nKmcwj41bS6ULNgsqs8fCm7idJ8DCYaJcBFLJA7pATRJzkzY6FrQxaWy4MtQue6GkzD7JyZAgogVwew1CCgxp2

Transfer 1 tokens
  Sender: 8uT5G3JMhQmZYbFXsX8nvyVhNcC1QQ8V4Ep4SxV4pqrQ
  Recipient: 4oFHxNkGWVvboQhZwniJkQxBNCWjEghg4Numty1PipB1
  Recipient associated token account: BBEKwgV7ErAvqKFuy4DmUREENXmSc6YkKboejkEyDFqe
  Funding recipient: BBEKwgV7ErAvqKFuy4DmUREENXmSc6YkKboejkEyDFqe (0.00203928 SOL)

Signature: 4WepDbQCGZm8iXaWfZLDjDKRWvTkuTK9PQNTMeCizcacuoXvLVdxoUMbYR6G9QEmrzChKeiySP2LwbajT5GmjEVj

Transfer 1 tokens
  Sender: 9fAWd1PNSzBoZsNfvrmq4nznFs4y27GCsiQEkr7k4QQB
  Recipient: 441MaEum7JdeQWio1RkDMybaXEVvbjXePB8AL6A8NyfP
  Recipient associated token account: 72EE8kSSQCD17ApfyWG46qQxVr4SmDnK7kmM5gWXjZww
  Funding recipient: 72EE8kSSQCD17ApfyWG46qQxVr4SmDnK7kmM5gWXjZww (0.00203928 SOL)

Signature: XgtpRJeyjXtmbpm4wxsVhCETag9BkRT7ooTM9xwAsL9kJCZLHTGL5ejxjU6Ph7QAkMMY8yZbfBgTTvm4PyJViyi

Transfer 1 tokens
  Sender: 8y3LP1GGmDiy3yrGpY9GfDNmbAeskssJb3E6y2cVHJCu
  Recipient: vqk4rNkuaHbPHqCEf58R1na7QR7VFsZeYVqwxATJpRx
  Recipient associated token account: E3eUjusUmuuyq2NdD8Es2tvimdjwr2Hrft8DxCQyKR32
  Funding recipient: E3eUjusUmuuyq2NdD8Es2tvimdjwr2Hrft8DxCQyKR32 (0.00203928 SOL)

Signature: 5gJJJZqibVftivR3TrJJdunRj8qbqLBFp7oNBC9M5dfARck5V2Faf3RVDWuBtyrm8bpqMWt5hYXKxwK4DVdah1dL

Transfer 1 tokens
  Sender: Boq8gZAvsSjRQmNX4rJjWXt1i1yVZjmpV2xrthTPPeq5
  Recipient: 14TJ82sAjiw2A8rTqGiBeseHp23RZqf3yZ5PovWSb2jS
  Recipient associated token account: 88NyVpTD8TuXPQ1iwsGd3rJ7Gbysv5Ask2gDddSfxooS
  Funding recipient: 88NyVpTD8TuXPQ1iwsGd3rJ7Gbysv5Ask2gDddSfxooS (0.00203928 SOL)

Signature: 5wAbBpnCznRxCtkKsy2saUpxgjhwvWMns4tgoyRFeKeXuhJL5tfxF9AapWUfbbsx5W6d8DVRBNyaP3S6cxo8feVZ

Transfer 1 tokens
  Sender: 2FVqaGFnAXrwCNMo8nGcyWFokKiGqycEomzTZjc6xPT4
  Recipient: BxqR756u1JBxH7Mx2EzG79WkVWbDY1rZwH3iRayzdJCd
  Recipient associated token account: D5m6GRbL3zZaNAruUB4wef2zLhzuFWhcxD167UgsS8Rb
  Funding recipient: D5m6GRbL3zZaNAruUB4wef2zLhzuFWhcxD167UgsS8Rb (0.00203928 SOL)

Signature: 3N3UHEpiAoKcyEe35v2XtesrPErZFMSDLdooFeF7fJq6b6XUd4JKBQ9Kmy3KVzpR9jCSJXWT6AuvS1WxUu6R5cBN

Transfer 1 tokens
  Sender: 6z45VxMFVVc42uP2tEBUzebEpmNc8tPqMg9BKHe17MQx
  Recipient: yXYzVF3WnzkUVwwmejoNZkzJiQcn87Ms9avDqFQEuoU
  Recipient associated token account: E81BjyHW1RknzyLkFQxjq9K7BSrGxobrVtC98ftHiUZ8
  Funding recipient: E81BjyHW1RknzyLkFQxjq9K7BSrGxobrVtC98ftHiUZ8 (0.00203928 SOL)

Signature: 2FJ11FMCvFEU9dPwVLfW9Majcei3zoMrDEtSEast5hbWx1BWpEBgicZKnbZU3j2mP4cDkJFeco4jUrGdegAA5b6A

Transfer 1 tokens
  Sender: 4UGQDcpUdQxyeSjRRcvxf3yVJwzaLoJwoBKEwacyxiBi
  Recipient: EBAn1DsJKwurYoNZuezibmYa3siDCQqUzSM1MNzr7MWx
  Recipient associated token account: EnnUcBosy5d6BvDntPaqzQbtcsBZRWsFi94ccjBQiYXG
  Funding recipient: EnnUcBosy5d6BvDntPaqzQbtcsBZRWsFi94ccjBQiYXG (0.00203928 SOL)

Signature: 5mEWJvboLh43SF3LYXZdpeAkVSP5F6F9v2fhpozv5R7nysurWso8FRHdacfnpX5b53rAmyZwtJpz8cY3fEiifu6o

Transfer 1 tokens
  Sender: 3N2KP2RqxRWdqpkGVnhCFq7w7t5FDsUuahG37bXyxmFj
  Recipient: 5awsmonFXxL4xCNQTYVgw8zGWXEzAcoTbirxYEYqxwh3
  Recipient associated token account: GuRzNVy1pgHCM4P3YJ1HiNDGM57i29t7ZfZtLHYq6KFS
  Funding recipient: GuRzNVy1pgHCM4P3YJ1HiNDGM57i29t7ZfZtLHYq6KFS (0.00203928 SOL)

Signature: 2zpRMMmiMNY6qR1NQxvCbf9mGTQoGLbsnu51bg18UbszcKC755DbgjCvF7nfNWySLqjDkAHgkSBxmdNziXNpw7WX

Transfer 1 tokens
  Sender: 2fhuaRAfwZVAFdy7NsFDzS4nKwiCGFMyaLeyk1XRT7ND
  Recipient: BTfZbQvqTh7iVfUiaZq2Si1a6q3ve2GuwNHttrGammHe
  Recipient associated token account: 2crtN5FchkQwkmxv8RpQFDVbUQyBEpzuoQPMiVnQJQ8t
  Funding recipient: 2crtN5FchkQwkmxv8RpQFDVbUQyBEpzuoQPMiVnQJQ8t (0.00203928 SOL)

Signature: 3PinphBN54zyoyeFcwcFou85JWnfGNdJ6LNeDbufb9tMsWCTcAJuGczHu8QJZnuVK1b52A5ipv3JjayLQ9uggEfM

Transfer 1 tokens
  Sender: 6CYVk24XfPSjkvHb8NwUhP6awLMKJPSna9Fiqb9Uj6X4
  Recipient: AouXEBqiEvLW8qV4Ri2rARVmYYDo5ehJ13XsaqKV5XL8
  Recipient associated token account: 2r1V66UEMMyRC5FwuLDSbS5Fz65u87Tg8GLBqd3actPu
  Funding recipient: 2r1V66UEMMyRC5FwuLDSbS5Fz65u87Tg8GLBqd3actPu (0.00203928 SOL)

Signature: 3XGdJmeonjzEsFbGeE4nErJgpyPRHZgjDUb8XjTTtMdeKW5vaEk3QTacG8ZkmMRu1Cn5WRX8kNrDTxAS7nLBhnWX

Transfer 1 tokens
  Sender: 3PYiaNmWd7rRsBn6kQnUVhQzDKecaRvNfqxd8z5rVjLx
  Recipient: Gs7hJncVtbUZ6i8V6t51tCvvTSjaaLdeSTs3WR7ADdHg
  Recipient associated token account: 9MuWBDoK6ESpcgiQDkXZ6aDpgcfCPqquXh8LwdTRY8kg
  Funding recipient: 9MuWBDoK6ESpcgiQDkXZ6aDpgcfCPqquXh8LwdTRY8kg (0.00203928 SOL)

Signature: 4ZAEuj3DeN67z8sH7r9hnZaL5fP7b337ktfGHQvGxo48j9XVXLm6NTHZ6o1dG2iCsFeNDm9tGPuCPtEUwrq8bQfu

Transfer 1 tokens
  Sender: 5dXwfgzQzJYmJ7ucfLSVz9JAi8njiesizhQNt3yBsu6z
  Recipient: HExH1uQGJ9z6gH61JhXeZyFwS2vcUyByPK1ttVFDD87P
  Recipient associated token account: AwcPnVHC9WdtNdLhW8aSjiUmDKRukY4xfmyemuyWKD3n
  Funding recipient: AwcPnVHC9WdtNdLhW8aSjiUmDKRukY4xfmyemuyWKD3n (0.00203928 SOL)

Signature: 3UjKRmT5bNYPDWjK4cWUiWbfvS3cM9iHrSt7Nc9ZjgnyQzrbbEj5qeLAnTbW38sgKUjHBaRtPfR6SgHs4qvqEV2v

Transfer 1 tokens
  Sender: Ag3aVuNb3yTdGzvf5RzCGgj4AjsiRCGYvwXbmK3rGDks
  Recipient: 5wpT5MyF9jTHYWWtXrhot1XcCr3RAAQbwLeKnDTBZHYL
  Recipient associated token account: 87HCysGp9sC2CsrfzP4P6Z3XqMqeNr8QStmmm4CqNUHv
  Funding recipient: 87HCysGp9sC2CsrfzP4P6Z3XqMqeNr8QStmmm4CqNUHv (0.00203928 SOL)

Signature: 4C2q1kiXtD1apBRt8dt77bMMxuJ5tjth3tNosSeeWUM54egPTwFcc4bUaW3wdfW3tp35d9qrhGsYVrZS4zkR7nar

Transfer 1 tokens
  Sender: 82hNYv3GBrxYr8PF5KDJ2LYVPLHqwND9EWjNZXRXWn9R
  Recipient: DGafXXd6xHAfnYTGpazQkgiG7uFZ3yFisZUUgeiYzA2G
  Recipient associated token account: dbTeskGWQn6SFMxMWFLYBYTgGBpLzQxvhC3nwLD5gcy
  Funding recipient: dbTeskGWQn6SFMxMWFLYBYTgGBpLzQxvhC3nwLD5gcy (0.00203928 SOL)

Signature: 4aQmZtfmT9pMrDvnNNf3Wwa3LDSgoNaBAbkKredxGiwNr3eYrThHztx7RTc8S2onZgUySF6jyoneUJwmpjMn2cxh

Transfer 1 tokens
  Sender: Hh9Xcg5ZHrzCsWHYnbiQQTiV2dMv8P9oAT7ktxze3n5d
  Recipient: 7LnaxWkqHRLJ1Z5BdHAK4P9xXZN5m7kZxvysy83UJLUT
  Recipient associated token account: 2Rdeizs8vauZTS3jGTxoYMsihpZLpobVsmEsWwnayMKU
  Funding recipient: 2Rdeizs8vauZTS3jGTxoYMsihpZLpobVsmEsWwnayMKU (0.00203928 SOL)

Signature: Zq5m3cYsxtYf8aWPDyWpMDpR8NCnFVrr7989CKVAbKATp7ktUxT58KAag35HgaxDUsm9ivtxZvHAJv6ejDPKN7G

Transfer 1 tokens
  Sender: 4VHqqMhLpXzVxcFfvsq14AT8WD7t6tbKH1y1ztdJgJ1n
  Recipient: 8eeWesjTSLG6Hdy6GV8bwjrBCEnwY15LWTkyHtGtsUB3
  Recipient associated token account: DeWUkgQ37uyy3796s6CpS7Zfy2qWY7U3jTTPCxEkuMC1
  Funding recipient: DeWUkgQ37uyy3796s6CpS7Zfy2qWY7U3jTTPCxEkuMC1 (0.00203928 SOL)

Signature: 4ky8UojAdnqi79zzFVzRbATwFGbqfBTDKo2nKtbJxy2hvCTZEzqAp15L4Ev6WjviQpMMcVSrEjLPcnFMZYi1Jx6a

Transfer 1 tokens
  Sender: J2JdjBJrkAV2hHpr93z8PFu5rzPc8HJDHackWpQsuZYo
  Recipient: BQ6W2opUUbyd3mVpTX1NRgFWgqBxyt3FSLfSR6TXQRug
  Recipient associated token account: Gn8TvpGsybxoZrDkfHXuHqxFT9CybjWUmk1MygYydLy1
  Funding recipient: Gn8TvpGsybxoZrDkfHXuHqxFT9CybjWUmk1MygYydLy1 (0.00203928 SOL)

Signature: 2cSSVh9ACMi6Gfkpny26U5tNUBWMPirfgUs2BbxznHJW9RwGB4VawMQ3nF8C6JYRh9Pt5a46GZ9mRon9XPbE7TT3

Transfer 1 tokens
  Sender: U8Pe1L9ubG2rmjQz99TBaqdURpV3pngiQf3FmqyHaXs
  Recipient: C32gfnay4Uw5a2w3kUs6WrrxMoe1tAPt924fmRxoVmMz
  Recipient associated token account: 4LhL81jMYDH319NouyhBaUcSrz6y4eKtJsN5CuynQkvB
  Funding recipient: 4LhL81jMYDH319NouyhBaUcSrz6y4eKtJsN5CuynQkvB (0.00203928 SOL)

Signature: 4U11rCDpN1jpJTWxQA47EVizszX9qYEFV3zfgZGMm8maDghoCPDPxNDoMPkWjbP5Z8HXX4AZcXfFcHiKdWt83qBd

Transfer 1 tokens
  Sender: 534bmzTVGim6ynUZoh7dEebS5BDbTDWAY169ZxWzFckt
  Recipient: 2hPMGdNvkULD9n8Zo27vQhwUT8caiN36eU6pu2hGj3zK
  Recipient associated token account: FHpA4znB1X8Jz2rKdoYy9SxL87tuxR8z18hfr1dyBAJb
  Funding recipient: FHpA4znB1X8Jz2rKdoYy9SxL87tuxR8z18hfr1dyBAJb (0.00203928 SOL)

Signature: 4z1dPJvLJiXDbgwgnamd8mdd7nqhUL12V28ir6sfTnHGvqM6M988AVQPRi92jBpibFo1KNuivdMe5d5WA599Hs3H

Transfer 1 tokens
  Sender: CwTzTPU5Auzbo6JXTZot8ggnyaithgxpAiqMxcu9mDPE
  Recipient: HxGr2AZnLhyDxfL6vGCgsVpgHzXtgtWjZyNmPFvQNsBH
  Recipient associated token account: E7nwb8BfNS1joPjpMrWFEu8UAMWmHiRJ1w21W4GopDMy
  Funding recipient: E7nwb8BfNS1joPjpMrWFEu8UAMWmHiRJ1w21W4GopDMy (0.00203928 SOL)

Signature: 5Tn8d6EuDAgodVdkJpqPaQq8DHg8iWyx1unbJ8iCGwXkR64tevmSmKWxVRqsnwD7fBY3hbYVGN7satTZHVzpC1yE

Transfer 1 tokens
  Sender: 61bFoHYpqhMZxdN4MK8jRpBPf6EAAtzqQgcPR1MpCcCv
  Recipient: H1eKWeHPaWDzvxFNJoPVzrWpsBG6dxahdLALq5sAjTw5
  Recipient associated token account: 8BbyBW8X42p9FoMGNjVpW2WfFRz2gGUs4b13jGiQc3Xd
  Funding recipient: 8BbyBW8X42p9FoMGNjVpW2WfFRz2gGUs4b13jGiQc3Xd (0.00203928 SOL)

Signature: 2vr8JWWYgceum7qzEcbsnQnqpPhoJdLNtAvc78MxUiLNCWn281XZYJVx1utudwposzBbqGhsi1NLEMyJH6pEaZkk

Transfer 1 tokens
  Sender: 25dapLcg67b8bPDuiMTjDVLGQnf7MF8qn3yC2UHaXCqV
  Recipient: 3VWia87hNkxgg51heFc9z1GtZdmSuC63RGtFe98Nnsbb
  Recipient associated token account: 6B9kN6Z9jMA65La3XtL6DkSGgDwC6Jb9oMrdaNuA9JRP
  Funding recipient: 6B9kN6Z9jMA65La3XtL6DkSGgDwC6Jb9oMrdaNuA9JRP (0.00203928 SOL)

Signature: 27JGWjCvBM7fBwkUZmZCBxfTVk5HF5AXYMvhUP9Zd9zhSh83z3hLkzLuukCLnS8N39yKvfvKgRzcMLyxNMRXppau

Transfer 1 tokens
  Sender: Ec3EG3zckGTxCkqUDhv7BmEEjDNbeDZfrSUT2puPRwtB
  Recipient: FJ5hcKnacavLz9geNZDRyDXdUvZHJBVnn5RLLy3sRtra
  Recipient associated token account: 2pXDovbHb48mDwkTS3g7JiuLbmFHsoAS7eyqFZcCcHN6
  Funding recipient: 2pXDovbHb48mDwkTS3g7JiuLbmFHsoAS7eyqFZcCcHN6 (0.00203928 SOL)

Signature: 5cgJzFmR8SGmrLmosEiWJyByX1YmrQof9g2Q2LmJgchYMEWWJheoasrc4SWF8Zc7qNv7DS7UXfPfsGvxB6vXPZ9A

Transfer 1 tokens
  Sender: A23U98L9GD1RXtfBgcfgV7ZHZP49nPqvAkJKvLrgLks2
  Recipient: AEqngpdTaH3T78AnTh25McWeoXXnQ2Fbfvi5aL5MBFPx
  Recipient associated token account: pkK49TganTRqezqU8Pz3sZ1zxNN7DrByKci9rYK1xiV
  Funding recipient: pkK49TganTRqezqU8Pz3sZ1zxNN7DrByKci9rYK1xiV (0.00203928 SOL)

Signature: 5HVngUXMAmrYe6cJZ2Dxu3GRv59ZbLkYmZi6JAQNXyizMHdJ5kWYCJenWkZs58bH3tyqwEuxQqKySmcBRrTnahTB

Transfer 1 tokens
  Sender: Gkomve1jntHjfMnvVhBwCHdj28qbPwYC7eqQwEdY66ok
  Recipient: 4CzrdnaVcjMM3ZgNhbWviat3ptBnYeAj9gBisPtxqnVt
  Recipient associated token account: 2vhv21EEMaAfx7qRrXFPptj7tZKTxrVNfaktCa6xha4X
  Funding recipient: 2vhv21EEMaAfx7qRrXFPptj7tZKTxrVNfaktCa6xha4X (0.00203928 SOL)

Signature: 2uuFibjigirRNBnBWECKMPx1uwXMsqq7Ai7hW2qrZnkQo9W6hsE7SUGBQf28ps8sdECSUk5ASP7BDCT48mSb2gPm

Transfer 1 tokens
  Sender: 37NWDyvDR1VWtCcnV6s4q7rxKbToTKZFx2B4DLWr4UDi
  Recipient: 7Wi1Zm4GBv6YJxqM6K5T51LgUX2xnqgWJ6VEG767Wbp9
  Recipient associated token account: HVQt7JDbx25LysvZX4DHUAnPTm1guX3WsLvhFbPXLA2S
  Funding recipient: HVQt7JDbx25LysvZX4DHUAnPTm1guX3WsLvhFbPXLA2S (0.00203928 SOL)

Signature: 32eYUjSYErm9gHoo9HL9EmeKUVSrvUatGDsapzgcWBtpCcmAhybqkKCpHUeaNUV6PWt3JtunrWn45isTUDMuK5VE

Transfer 1 tokens
  Sender: 3GTStCNgxbBFULiyDR1ekRzxQh31D6SbDuzQHZmfpWDZ
  Recipient: 8NQSZ5wpdET6dzAao2Vg13BsiF4QLAFKPSntKAaggbLr
  Recipient associated token account: 6EarUxv9baffzh1fJG8rm75QPJ4U9XbxKgWZ1tSSfNkU
  Funding recipient: 6EarUxv9baffzh1fJG8rm75QPJ4U9XbxKgWZ1tSSfNkU (0.00203928 SOL)

Signature: 5Tqi4RrmJMsRRVsuFiygMntV9dfebarLs8d4GLzPqHuMy1mRvpjMuycA5JweFfw3ojbuu5DbTnvuLGHk7HmLNcU5

Transfer 1 tokens
  Sender: sGHf4z4FDKKqm4zm2QxHP9Y8oP6Tc5dKeYe4Ct12iAr
  Recipient: AEUto3eFWHLAmmVRq3Vo2fmHXwte525jQGG6D7pN4RRd
  Recipient associated token account: 771v5PF9KaGTbTEMLwAWguYKZFrYdMjvmjPVXXPy27ug
  Funding recipient: 771v5PF9KaGTbTEMLwAWguYKZFrYdMjvmjPVXXPy27ug (0.00203928 SOL)

Signature: 3nEm9madetBcX4ruiUQ8agYLQGKpDyCv85TEHQoMg5wkXmY5A84VpwwusAudxFRy7nfAm2UrzJNT2kdXgvMDoUgw

Transfer 1 tokens
  Sender: BUjNt5DVNnTewMV7ete1ivKerR2FxxAn93SXKYHDHai3
  Recipient: 4z8DfUJGJ9bWjPwk1ohpF9j2QBGgc25NPzX2zRUCmvoo
  Recipient associated token account: mxTKLkqr8Y7SCQXCCqh7YT72raR3fLPNDjyvot1t7E1
  Funding recipient: mxTKLkqr8Y7SCQXCCqh7YT72raR3fLPNDjyvot1t7E1 (0.00203928 SOL)

Signature: 5NcJkV2VXWEtjxZuLMvwNRD2rLKZdw5d1mL37TB5e7zAR7g3vyXX2Q4T9tAzVcUKPaYcx5iUTGgkrtC92aQMof1W

Transfer 1 tokens
  Sender: 9Xq6NYnpQ3wQMjnHQuJwRLkTM4nvH7UNYmWqigpA9CjM
  Recipient: HSwC2zscs19UzctF2G1DQ4zLZsPJmGsVNTTwxdxZAy8J
  Recipient associated token account: 4h8NuBLaqwgiknnQayUFVPx6BAZsLjzDiDz3BCUf5LyB
  Funding recipient: 4h8NuBLaqwgiknnQayUFVPx6BAZsLjzDiDz3BCUf5LyB (0.00203928 SOL)

Signature: 2LXKb9YKZMvL9ZinqpARwZqSYFLnX4B6otj1p2HiA1ajuFppT5VgyrAnGxD75FGheqvxch7bemN9DhtHGeecoyq6

Transfer 1 tokens
  Sender: 9Cxw7j9ad6wmLEEK59caeU7yBawnUWfLQx6Fxh2Q4Feo
  Recipient: CGjEexuki8tYteRxpEEq28ivbcsV8aFmhJS3RTZzM7vh
  Recipient associated token account: 2r8irXPXw4cvNFPcJrxBsdaWa1kRVwYgTytcXLSFtHEY
  Funding recipient: 2r8irXPXw4cvNFPcJrxBsdaWa1kRVwYgTytcXLSFtHEY (0.00203928 SOL)

Signature: 4DfQyA1uTiN7vcAc25ymmhXHc2QrA1ruySBenFg8YDf675WiqUvm36yAoG1j16Ai8FXENjuYzBWy8vWQWN48Ladz

Transfer 1 tokens
  Sender: Chsgy3g2LSraRywMc2pC7AXL1LUq4ACduCM1Teo2EHe8
  Recipient: 9HzUKtgzCk52nq9EF3nemoeijVjokKgepgoC8pT4ta5c
  Recipient associated token account: 6q2zqRXBg6ecpUj22oHixRPML1jLAirZLZ87XbQrVEBJ
  Funding recipient: 6q2zqRXBg6ecpUj22oHixRPML1jLAirZLZ87XbQrVEBJ (0.00203928 SOL)

Signature: 5JNKDLtWYNBtHAeL5AQztaYS9XgtJX5chgKvVaCfQcMx3z3Xz5PkmvZ1mcargd6e4gG92nwHKU3gEYMK9oDYJmQB

Transfer 1 tokens
  Sender: FsZib3eCcJjsX8u9j3NnX2sTHYno4ycwRFEu8oakFeLD
  Recipient: GJaQQ3i63Mbc85pebD6aEE1zhasTUVNnh4hPcrhxfuTH
  Recipient associated token account: 6aTg6Pj6kgE3mzBgyLvEGXFxky9YCbhMRkgMjk1CNotY
  Funding recipient: 6aTg6Pj6kgE3mzBgyLvEGXFxky9YCbhMRkgMjk1CNotY (0.00203928 SOL)

Signature: 3Vr3WifCSzqiPVHdHMMAqNKWJHYKXVKM9zYVkctLLRKPbfu7iJpxV56VqJXZ9GykBB2Nnxgnjf8gTs6TjrvDUbq1

Transfer 1 tokens
  Sender: Gxqg6KhRpYJebN2y1pgHx9YXqnVxvbPoWvx6M37BsHdU
  Recipient: 31MnUxA5f5rvvejAs84Q8gakrb7SDMfP6oxFGHPXbfeQ
  Recipient associated token account: DgETVzvJqdz6oakqQMSWwXMQxLwWyi2SNPg281GyjGBy
  Funding recipient: DgETVzvJqdz6oakqQMSWwXMQxLwWyi2SNPg281GyjGBy (0.00203928 SOL)

Signature: VFfXAMczPjXLopF5j9hmu9AQhsCJhJYCiYn97fE5zRy2bzkj1mUPqtD4nCsF9xiP6GVDLRYorCS5rw98TJunFmp

Transfer 1 tokens
  Sender: A4D4TYyK1cgLsCG4JZzRcmy2vdsr1VGMYnC7i7yeiZ44
  Recipient: Csj6f7W2jdSJhGN87QSn9mzwfgkrHUcCRijgL471o2sQ
  Recipient associated token account: EZMqzwJGLaE6DEDkQ2yMiX9QCnj1fAUkqucsvVdiQ4Qr
  Funding recipient: EZMqzwJGLaE6DEDkQ2yMiX9QCnj1fAUkqucsvVdiQ4Qr (0.00203928 SOL)

Signature: 66QTBtP7S1QSmDTooH5UjVcQiGw1cjTRnBFZ5YaT4PsTS3BfYhgd3djp6KMPjGSjTXJWuEbGvAHA7D5MQXou96A4

Transfer 1 tokens
  Sender: 5Z98vdg1TqdkTavTfNFFUBiTrPuP92r5YHd1aAjq2goc
  Recipient: 7g9zjvq8qncnaoVNJB9UbbjZEpCoY5ZyJ3VwZtoZwgM1
  Recipient associated token account: 6Q5svFeKS36B7g1fq8TLPLNbpU4yUtjcQLX5SZXJmmKR
  Funding recipient: 6Q5svFeKS36B7g1fq8TLPLNbpU4yUtjcQLX5SZXJmmKR (0.00203928 SOL)

Signature: 4kj7YvoddtLqyMjtZNT9AyVicasLjXvqhZneFYENVDwEG9uKVJjFmWvvYGX9bMHhUmULkrZ8HawZwnvKL7bMgeFN

Transfer 1 tokens
  Sender: 2BJGxNbp37gmgbTv2eKMCypUVbZTjtGodpMhAVAQHqm4
  Recipient: 8gCfJGyaXLbAbBmEK63ADQthxJpf9fMi7NHGhmLCn4tV
  Recipient associated token account: Aj8Ssvujm249D3LdkNj6TYhh3RHxSJjbXYS2mzQfVUcZ
  Funding recipient: Aj8Ssvujm249D3LdkNj6TYhh3RHxSJjbXYS2mzQfVUcZ (0.00203928 SOL)

Signature: 54npyUkQ9VrNvm4UNLnt5EbFnvv9b1q8NEi1HJngeYFvtzrqKMX2Mmyem2H6ucvPuDrqSAHWy3iWPuMifDs5wPJh

Transfer 1 tokens
  Sender: CSSC86Y9VNXmn58X6jh23oFiAfBvcKEdnKrsAHs2eKuS
  Recipient: BpebsJE75hWA1HhvKppSTGS8DkuwkEvnt1kucbR9FDwS
  Recipient associated token account: BjDPJwD8Qc12cogTr7c4xycFKCMhuKuUwtm2dpb5ZXSA
  Funding recipient: BjDPJwD8Qc12cogTr7c4xycFKCMhuKuUwtm2dpb5ZXSA (0.00203928 SOL)

Signature: 2NatVJvGjVG6Q9DQcG6UuW9xnxfGgMUzQfYy2E9hrocynbJZUMyeX4Zuw76XUBbztgBGE36uHYkT5aJZ8QGNorPG

Transfer 1 tokens
  Sender: 8Bi57QAAzc9u4AfV5obKSMJpEjd1aCABUBx3t3FAEogx
  Recipient: APyRC1YdA9HQxXnGkLr59ZERPXxVW1s1fG42UkPHF7Zh
  Recipient associated token account: 4zDVFtjmsttcjUUWfREqW29ynFF5FCVPpjCiqfFTaWDU
  Funding recipient: 4zDVFtjmsttcjUUWfREqW29ynFF5FCVPpjCiqfFTaWDU (0.00203928 SOL)

Signature: 51i5LGumJH1qqBUqhEFYWTaNLVdcyLLEgYDJVWwpirZab1pmd7yVdyHsPjqR31qCfzrmoghjqn1H8N5SGHxS4W9u

Transfer 1 tokens
  Sender: DVJ71rMay7m7oBgtYh6MChWmS7n1D8L9BuXUyyKzF1jw
  Recipient: 9KJbbRm5qjnWBNZNv3Mhk2hEFqqDAYcCHuUPxnG7W64g
  Recipient associated token account: 6iReSiRXEAmLjRuCFfVqoTpKYJDiGiGp1iUQTE8cknvg
  Funding recipient: 6iReSiRXEAmLjRuCFfVqoTpKYJDiGiGp1iUQTE8cknvg (0.00203928 SOL)

Signature: 2jHaif1nkLBovg6KQZH9PbnRx1ZJdNXKpKFdT1mFAA7ppYFwePs6kuLaaTYxsPrNvFYmmLUrXFePk8QQkkrtZFXo

Transfer 1 tokens
  Sender: 5sEZ5hmD15UqnVHb57WXRMcnwtgJXuEMvDVAhyc3batU
  Recipient: 4s6Zd5NFrc4WY1NgeV7ezFyAqg3ZTxcif9b3PHACuM1a
  Recipient associated token account: 9cUt1Uh2tDwb2fSgxf3e7iKtVn6JeanqVr7QdDESYdXa
  Funding recipient: 9cUt1Uh2tDwb2fSgxf3e7iKtVn6JeanqVr7QdDESYdXa (0.00203928 SOL)

Signature: FGAUEAqfXP5Z8vjQb4JpyFbJH1yriyzUAgvvCF5btAVo72PdZV9ZnA2KViYY1CL7WBLTZVMQqbfiEKL3GX9PQwU

Transfer 1 tokens
  Sender: GoKMH4wfqDyMjFoJoMG3UCxu5qvK275SNFgkVWDYKVkS
  Recipient: 4Qwx759HPBVsJpFNrHugRDp42UZheG3bhisAKmRmvvJK
  Recipient associated token account: DCzdan57YGreEzWVHrhMgNkMWVrsPAusztTR4Pw9ZC5V
  Funding recipient: DCzdan57YGreEzWVHrhMgNkMWVrsPAusztTR4Pw9ZC5V (0.00203928 SOL)

Signature: 2kywfMaVUwtNtAzuiwc8w8pzKu17gWfCVLRvYLBgaucEm8ydwZH7j3vooTodrPcQ1qwUVgWekZCFr5uD6AhYtM7n

Transfer 1 tokens
  Sender: DsuzbboBWBJTHVZU6oJAQktSdzheMmWPpreR9QovvYxk
  Recipient: CWadVUgoMJKB1RGXK1aF4JrePrjp5veBm4VQLvArW8UL
  Recipient associated token account: 8vfXENgmxRgg5QcWYvU4PV8uYVMs6Nzv7Dbw3T1o81jP
  Funding recipient: 8vfXENgmxRgg5QcWYvU4PV8uYVMs6Nzv7Dbw3T1o81jP (0.00203928 SOL)

Signature: 4eUAistUDQEwDMJGUKd5WEYXYHMt9yzy8JRuo49Ko19EHhNB7zG3jYjrj5o7PcwD5rL22EDDU5w3xiEw8NdWmJ47

Transfer 1 tokens
  Sender: BSnsaxZSYAQDxXYQtndikVBaTCdhmq6a2HBdTGjsUD9q
  Recipient: gynqPbXrAhv5Xs9r3BytFjAhz692dhZGtEWABz2bpzR
  Recipient associated token account: 9CMVLsezUmXrk7Y3bmPBsy1e49gWXajJFvgaVrEneBLv
  Funding recipient: 9CMVLsezUmXrk7Y3bmPBsy1e49gWXajJFvgaVrEneBLv (0.00203928 SOL)

Signature: 4a4tw8kcmL3dewVTiZ6qGVN1dPUUCbyH1161Dcm9JSmbkQRYbywV5KobjyQm2fErt9aaynmBLwZctcZFVVV9YFQ7

Transfer 1 tokens
  Sender: 9bjPAioNQ9jVfrLfjxkq6tYMTmaZ5EvcGHkXZ1P6q5zF
  Recipient: EZsxgTx6JXqZS34sDynrFkKD1Q64Eve7AW8FjawFfovV
  Recipient associated token account: DosPfMZrHebSwCqtmb2YUJeQCqHgzAgH8xA8fgeFFYNd
  Funding recipient: DosPfMZrHebSwCqtmb2YUJeQCqHgzAgH8xA8fgeFFYNd (0.00203928 SOL)

Signature: 4biNdcbfoWAswSZBchU552iBGHtwpcHnZtkeUox1QpH1MfayE5bsWWVKNjodhocbduKsUmd9CFSKnyFhtSS6DqCt

Transfer 1 tokens
  Sender: 9xNAJzL3W73ksvoEps4TxzVuWnZyzRa2sSnR3tag66sj
  Recipient: 5JJXuC1YzZ1BA3Sn45whVh3b28LTnXuUM1RfuLnj53sW
  Recipient associated token account: AfHDLhSKDM1V9n5aQvyZMbZq4Wb9Q3Sx438xEAqSg88D
  Funding recipient: AfHDLhSKDM1V9n5aQvyZMbZq4Wb9Q3Sx438xEAqSg88D (0.00203928 SOL)

Signature: 3ZgY9g3ix9YqaZA2J8yTWkyoHdhw1MMKyVipmfKx9Qt22WN7yJdtiavM8oMda2N5K5HYifeMVcSwiPoRaSXxmL3K

Transfer 1 tokens
  Sender: 5pH6PUpVxLMBsGAF2SVn33sxNPogMRPZV6jvAzjEpXvU
  Recipient: 7VYhLssqCrL974hrEe8eBDWeKaXKbcdZHZZP7dZYq65z
  Recipient associated token account: 78dJyFA9aRfoAfFd3VGj2ro9nwGoz4a5QQKDg9Jw1jEK
  Funding recipient: 78dJyFA9aRfoAfFd3VGj2ro9nwGoz4a5QQKDg9Jw1jEK (0.00203928 SOL)

Signature: 5LAqW6AreDLFZsrZMvM3TAp7GUzFpWng9WT3SoyxGZPicmokBT65bmTNHLVjc79riKXPkM2iva33rWrhbBBoYY21

Transfer 1 tokens
  Sender: HcucbsvnwVnHuhPxn6qD5Vfcp1vZWVa8VcYEqV3JtnZ9
  Recipient: AWsU5CcuMKLqVHCS4PuQqDXmtK8uVxDTun9zF4nGVNTH
  Recipient associated token account: 5z79gyKobmneBbRC8xjzhmBxk7Z8eu4k7HYTGmznGWye
  Funding recipient: 5z79gyKobmneBbRC8xjzhmBxk7Z8eu4k7HYTGmznGWye (0.00203928 SOL)

Signature: 3ib8Nx5LfikZoEtH5xF1soqnJJp1QTzhgWo7aLhd8GPXJ5tGPgCdKFjTKXcdzMhizmtZJyeCb2yNcCUwU97iaFEf

Transfer 1 tokens
  Sender: 9A9Mb3ejWmZWAPMnGDqfykap42yeUVdwiZiNiAUaBAJY
  Recipient: GWqPacdCUUUEPT9EutHEUauKNizh6tAxqyv7Nx7s2BqD
  Recipient associated token account: 9rcutKaKqkjA7r3YmET9HquNUCfTpxJ8C5rr5R1srX7B
  Funding recipient: 9rcutKaKqkjA7r3YmET9HquNUCfTpxJ8C5rr5R1srX7B (0.00203928 SOL)

Signature: 3pq9zWmKejHQxW8ZpBVQgN3xZuF811Pva4ZiBCu13K1Wh7GAhs59frYSwfZFmfnX5BuHfPaWw7DfwoJKXz29aGQo

Transfer 1 tokens
  Sender: 8JYWWLwtnjNEPmyTXriBHsTTNspuT4H4iMv3jTDoB9Qn
  Recipient: 3Tn9DueUsGKxSVwmHT8Y3uiPX3WXWnNJzbUyBy9GUBhN
  Recipient associated token account: BQ2mmJLYazbVFASfvmqhKPZnzMwrE5PCPcVjtcM8dawj
  Funding recipient: BQ2mmJLYazbVFASfvmqhKPZnzMwrE5PCPcVjtcM8dawj (0.00203928 SOL)

Signature: 4PTjQDsazTVsK3REPRKbXct2cgYBePjbH96hrWPsKeAhtqWzwFfYGSqGMqQEGfVCrLiBzRguAiUMJY5wCoeCt6ei

Transfer 1 tokens
  Sender: 7pJZ57BJWda4E3k9agXSdPYuSXJKuKhYHwahy7UF23NA
  Recipient: BjxXkzyq1dYwZXvofJavvCyHgemjCf9mxsH3pfzppvK3
  Recipient associated token account: 6pG5xLjDjeFUtB7n62oodLPeuvR2G7NCq2JcSg23Jdso
  Funding recipient: 6pG5xLjDjeFUtB7n62oodLPeuvR2G7NCq2JcSg23Jdso (0.00203928 SOL)

Signature: 3GgZwTqCjAKMWJMwMW8WxaKhXMcyeWkvGqQ8fQZCQzg2Eu4gvmhGVfUz9Ea7E8SYgsaiJCSdxYK6Y86fiPtafqnt

Transfer 1 tokens
  Sender: 4zQHxxra9QfPMwgQDn1GyMrdARnFZiWykZaFwpNRDREZ
  Recipient: 3CGCVMtf9UYWhike1cxVyscGkXsKhrcjnQQcrqHZz8rs
  Recipient associated token account: 8sYs8NJQnbtcXfLZY8gorBEfxZipRg7yKRzZeXwMuZhn
  Funding recipient: 8sYs8NJQnbtcXfLZY8gorBEfxZipRg7yKRzZeXwMuZhn (0.00203928 SOL)

Signature: 3Z4CXEjCECS9d8baEwyiMWW1umFXS6vgnxYufrYNjP4gYYK51PuuKmeFufFRsPZHZtjeEEWc3TaopBxadBtNsg9u

Transfer 1 tokens
  Sender: DLKzZx1NLHiX7HgX4bTcUrHHAzVbmsA3cuwCXZ8vfqw1
  Recipient: 5SCngCQmjCq8btsk1mD3YGngpxNMbzhadozxYneszp9t
  Recipient associated token account: BbjQVZiKfXdN5g591YWDV3p2eY6VDtocXZXnf7hsnDmU
  Funding recipient: BbjQVZiKfXdN5g591YWDV3p2eY6VDtocXZXnf7hsnDmU (0.00203928 SOL)

Signature: 3FePFXfAosbE3UJYPSZDvaVd23Rayz7azmSax8awj69mFCN9uVdqebZidDiBCaCNabWLBEAv2t4hwRPzwED7Qk6Z

Transfer 1 tokens
  Sender: 6DAZ1rJD5DVfn9t6MQtpB4vAj5hQUdB3ZrWo9JtsMVrr
  Recipient: BMXjn9FCipSMau57i8J1vBPrm28zkAhMHtWrPzYLzxMW
  Recipient associated token account: 8ocoS4TD4tU8jqis2P7AodjSinJ3UqPnVQBV7GzgKMwu
  Funding recipient: 8ocoS4TD4tU8jqis2P7AodjSinJ3UqPnVQBV7GzgKMwu (0.00203928 SOL)

Signature: kBbu13rzKGdwHoivYKdhT2Le2t3qPCvfPwyNSCV3s5Es5b5mwWzyB5Np9xfPPD5iCSG9S6aiRdw5E15SY5qnGvh

Transfer 1 tokens
  Sender: Gp273DCgJZNoFA3noCy8Y6R1FBAiRUcX67mkVhtTNnCV
  Recipient: iDvudo6j4YuZno7a7QmPvDwDKjS7QzNG4Jx8ZoLZ6bJ
  Recipient associated token account: Chx9WxvYLzALUpZRjMMQFDmHgYPBJemRP1RqnLiaYUEy
  Funding recipient: Chx9WxvYLzALUpZRjMMQFDmHgYPBJemRP1RqnLiaYUEy (0.00203928 SOL)

Signature: 2iabXkp3iyjB3iXZ7CqCPYxD22754sFNf3T2j4RvzDvpCcrDuDMcjyD9gcXV4JUdmaWTndv3rh4Dp3rWV4Qssdz2

Transfer 1 tokens
  Sender: 2M2ZXjZspBm6eog4fu3dqM2g7HMnZ2awGpf6gRGjDrHa
  Recipient: 6kgckbd91UZKk15SNxvE3ineG9BQMu7RTCPitS5rigAF
  Recipient associated token account: 6v2YXe9tVzYQpyRqwwxxDAzkLMhu8PAhNbee2X8obxG3
  Funding recipient: 6v2YXe9tVzYQpyRqwwxxDAzkLMhu8PAhNbee2X8obxG3 (0.00203928 SOL)

Signature: 3U2U9DMWuobkcovWvEqHReJzoSuqi9cWuG2XsyuKWmNELkZNWcQik5cNDXiEi9gnhYLeooo6tnPFq9MxMxiuAzXs

Transfer 1 tokens
  Sender: CKZCXBTm8ArucTqTRmKbYjYNyWWyERmtgYqPNe7dFkDm
  Recipient: DK5Hij3HpKGJsRUNaxspC2u6LdncqoUwHsUSe6TFb9X8
  Recipient associated token account: 6ooV5xc6RuzGLsy39BxT7WQQn22RykvSNqPt7V6Rvp52
  Funding recipient: 6ooV5xc6RuzGLsy39BxT7WQQn22RykvSNqPt7V6Rvp52 (0.00203928 SOL)

Signature: Q3mFWCKVUj6aM6EnbJdBmxz1GCsPgMv1PBDGKdKYXLnyReijJ7mSM2BXVUDvm4BzzYqKLJRvJDpbBBmNPhQFvTK

