Transfer 1 tokens
  Sender: 4RWuiBwS6ALg6mUVHKYMTCdVE9AndFskuwC5VkzzUAmw
  Recipient: Y1iUozoALJ7qc3kmJCCCdoNBHnp345TnPyBRfVHBeme
Transfer 1 tokens
  Sender: 2HZ7JPVBGkwt6M52EmgwBWi2D6MfhiSMQt3mpkJLypCd
  Recipient: FnHjsxYC6Q3dHDQQMmVyPVyzycqrfHKbcVTBnYHp8RLS
  Recipient associated token account: 65RM55tr8NVjX5KZeoncYrwpwRXDTAMh1nv7qWDKL8cj
  Funding recipient: 65RM55tr8NVjX5KZeoncYrwpwRXDTAMh1nv7qWDKL8cj (0.00203928 SOL)

Signature: 58XKBYksxJCDTRb1Wjhb5pZADZYWfgA3y28S1JAHoZ26kJcxBdRVcimaMjFZXRjgg9d3Yj76egjH5LQzzG5Vt1oZ

Transfer 1 tokens
  Sender: AanbZCCGL3LSKTysd9W8nXFAtUgzNSnNkjn2PoAjArDy
  Recipient: AqYdhTnwzkWtcNvAeGmWwtEmyALUx3gXaRheykSL4Nd6
  Recipient associated token account: E559EHt8wDw3AkMFuX5ANFKbXxP9mnaK4TCxSXpA4C2E
  Funding recipient: E559EHt8wDw3AkMFuX5ANFKbXxP9mnaK4TCxSXpA4C2E (0.00203928 SOL)

Signature: 4s9qbJiHsi9VH8Dmw26Qc1RDEZ9LckrHNBDiDK267oDpsobJVcuqL8ctutisg5pmMXjontF5j6pu5tjBdUvnaJSV

Transfer 1 tokens
  Sender: 56wD2ExsEjgnvwCs8ixTbs8ez8bsTZ6NjJkqZYReE1v4
  Recipient: 7RUcGmuvVBZ7u3FGfZUjgcrh17c8w9VLVSyQWYDnCDnq
  Recipient associated token account: 8ia2swQir6uphpi2rhmBfV8JuKaqTwTbUYsAwAVonJUX
  Funding recipient: 8ia2swQir6uphpi2rhmBfV8JuKaqTwTbUYsAwAVonJUX (0.00203928 SOL)

Signature: 57G74AwU2Dqqu5LPp9juveiYfCmie7tTvwDEkiswck6ZV7Mv4Bz5tRFWgGq3soZEwwm5g2CgkgEqgUuQEFK2weTs

Transfer 1 tokens
  Sender: Anc9Cpt3wJW6V89FDntM5TL1CCrpMex8Hdf55thdH2uA
  Recipient: FpSrQMhnYa8YRnEQqKstyi8DYsMvET71CPfnmJkBSSP5
  Recipient associated token account: CxbN5LauBzaJVFXRcZrjkL4F8WUFXm7ZdzSK5rTHaCvd
  Funding recipient: CxbN5LauBzaJVFXRcZrjkL4F8WUFXm7ZdzSK5rTHaCvd (0.00203928 SOL)

Signature: 3XnYZk5C3Hr4fM9fBaNc5X8PdiNeLD91a6Vxt3kc7WeeQ9aQR9eyB37K1bFpgB2x1R2ibyGMXKaeQakDKLx7HCBr

Transfer 1 tokens
  Sender: DCHNBznZFHK84dVhH4rwXX5BMPJtTPVeVpaxNkDypBKr
  Recipient: HZLexbjCQdvbshbM6ckVeqLzzA4JDmbv8sdwB3Cf4nCb
  Recipient associated token account: AECbGB9whpBKAnT7dbp755xRmwtbfjbuAvRnSzbVANmA
  Funding recipient: AECbGB9whpBKAnT7dbp755xRmwtbfjbuAvRnSzbVANmA (0.00203928 SOL)

Signature: 4PWdqhYApBwb3wEsuRNMSmhFum6yJPZCCuVQjsVtxzfUJt93fxDZ2v7CtpEu3n7D25eaoGRZXriCtjx9MAJfP2dF

Transfer 1 tokens
  Sender: Gni3ob77YDUjzr3rUFqyCezR7bKPgxEmnD4xFy3JNYM9
  Recipient: 9nF2vqusHupTTNgw3quL4f3jorvPdJ8VBPv3Uw1xt3Mv
  Recipient associated token account: 3Kx5M5SBMgpMhC3YfNyNm6kHZNyWvXshtaf6Be2K23jn
  Funding recipient: 3Kx5M5SBMgpMhC3YfNyNm6kHZNyWvXshtaf6Be2K23jn (0.00203928 SOL)

Signature: 62UtFpaPnbuE8nWobVSeCMNvCJptTrSmXW9BexzTPa5BA57cCHXx5KDRtmEZz8soNgqCt5jWN8x1Tyqe2R6EVqGK

Transfer 1 tokens
  Sender: 8A1wsKRDgBzgZ8Ky84SKEmu33E1L9z62b3unLvedSbW9
  Recipient: AEUto3eFWHLAmmVRq3Vo2fmHXwte525jQGG6D7pN4RRd
  Recipient associated token account: C3g4LYKf261AXpDwLBC5cfhfpqzNFJz8tMSpDMPuiP65
  Funding recipient: C3g4LYKf261AXpDwLBC5cfhfpqzNFJz8tMSpDMPuiP65 (0.00203928 SOL)

Signature: 5GqpypUNUWgNHNCkDGJt5TycrYtN3fmngTMK8hEx918qdYFhkwvnq3KnVCD6ZWcZzm2Vws8GKQaKEk6SgQmGBcSu

Transfer 1 tokens
  Sender: C75EhoM3HLf4dW7Ewu9Xs4meeXsvMvFDmsErYMFr8gat
  Recipient: 34YsPVjERhtDyXnGFWRyqrwxCpGZvVRkG8SQrR4P7QLH
  Recipient associated token account: C77xRu37CgvQuXs1YJ782iUKfgfAY8vc4NbZYfZ2H1nE
  Funding recipient: C77xRu37CgvQuXs1YJ782iUKfgfAY8vc4NbZYfZ2H1nE (0.00203928 SOL)

Signature: 67bJEePjwESCLQQKe4kZ4QXPhjJAF1H4pi7c4sSt9DvahkbYLUbnmixxNpQKCynCeo8PgqHjMgSsP7XHWvLQPwNs

Transfer 1 tokens
  Sender: 4AdqMDAXVz4imeCh3HyEVBKMi1147wdCCd3doZv17xPA
  Recipient: Cm8cYtgtfyULCzisqUnMg68aqqi12PGZScouQfJRfrG3
  Recipient associated token account: 3xFQGQScvbH7Z7BwHVf8PyX2asFVK8CNPq65R6QcnN5o
  Funding recipient: 3xFQGQScvbH7Z7BwHVf8PyX2asFVK8CNPq65R6QcnN5o (0.00203928 SOL)

Signature: 5PKJ1yJjDAxJFBo5eg7FvJGjSZNM9sWeAqsgGygP9bGsiD4nraY2o3v48RqjaNGRhj6UHYh3dbcMQgxv1Hr5P5hN

