3PhaCgeZ2QPySoRhCkVcxY7joms6etYQMtDxsA9VZ7Wi
CYVikdfqKK1SmPasR93k1p6CntrmqGW4YcoSYQQ2TeVp
9rrTtcPunmFtuz9DfDXRPWYu39hJkNXHxzhHtyTzaTg1
FVKyPjy23bC4PkynMmadqaukK1jbCanZ2HxhGW9AghwZ
DpwQvzG6pj2mnEgpKH9L4uWvmGZUaEnquAUjUBAoWNx7
E8pAWPsMpvuvxU6pqJqrq7yip7n6VgzpAcpdqbzcV8Nw
2dD5qq1y23Fq1qLj5zJkZ2425Pr1dvtKQPMa6AGF6wmz
GNSJ9xpHiLcTNEhFWvSqS9JXiQ9mRKNfGvr7QKmRCoAF
A11ZfsWQyYhLSueQnb2CcT6qbNgxeX1JDcGZBUvoQ9ck
EWjRyCSgH4ewUDgjPqoaUurqBLr8C5QemWNYY6ZH6g7x
Cyc13EoozWsKWeF9xbTwZWkYTeNcrB6VeyhYEpbe4dS4
HZfHB75yiPdkuL5aAxSbFxjp5sdwSLrQm9r9CjdZJ84t
FpSrQMhnYa8YRnEQqKstyi8DYsMvET71CPfnmJkBSSP5
BDnE6Yp7d9cJYjWUkQGgYhXcfnJq332wMQM9mDkNNNDp
8BcsHDYn8ZzC6cm5yeZYup4psDpvpZp36attjgY5oheP
Cm8cYtgtfyULCzisqUnMg68aqqi12PGZScouQfJRfrG3
3zVwN6CLwLq5V1LsGbHWWzAJyhKEDb4rvj7rwckob8SH
DgA4aNakbWwjENL45gpa76Mt6dVaA3HYtphjy1B8eVw3
9ej7a4re5ZsayUKYpU91q5UEakEjCwK9mFb93zDAKwUM
EybfPCWNT4zqDuG5P69KdrEW67RBjqLrChYKqAwK4XHp
9o1ExiHt1XPsV5LEMKJtzBMKmpv189yLp27865vEL7Ux
9mkZeqZ5hKA5FhbAhs6We4ptQuwauRM45u34uzRLhcZd
664JR3KZ3WSPeufnsypjNnHGJZ765HuwvHXzAwVqBRzE
6fpE5MTyW4Kx1E9pLPPoX4KA29CpuQwsS21vmPvALUvg
CkZs4ZwvSbcCC8NViM5AyVRPPatDMC1BDe6vfa9e22yp
4oFHxNkGWVvboQhZwniJkQxBNCWjEghg4Numty1PipB1
F52kBgBiJA1t4G8Mn4KjUWQRXqV2vAANc8p7sQ5KHpM
BcwzmAJunqVo7M9PHuUn3srQJX73bd9xr5fJseCDGAZm
9AEwm9w9QbeLiZmy5qDCVZXvatKLokHhLPRsrHogcyap
VbYkvpozAUngofL2zjKowimvU9QAcAsmLk1UqntuHBk
4nUC7asPNFbdiB4zQNQjY5H2s8mE1ERobeig2KzFhi2e
FYMxU2XGJe3oSSi35fgSNkpTXqooDjMfREeodZh3wbfD
9v9D9kvePLBANY4Zx2PUzn75dHuQMMMcs7mZLYy3gMaF
4cUyDakNPeMEZtJPDJGNujWLGF1XNH7WbQnheUEfD2xX
FLiGbsPCmjyjQXNJnY9SxQ8n9ZY7LLiero6YpuDB4CUf
8fqTZmQJfBf17XHzfD2WZ5U1d2iP2x6Th13hSxAxTXBx
5qfZ9ZaXHfsqDCE1ZAWPvKvngAYXHzVkFjkzwvzsRGXR
AcuEg5PvtpxeNEAsiDVjUAjMPdqMSAsyi3qHekqpBagF
AcTz4LZcyNYapAKzSE7tuhU8PcvcaRSeMskQYNQzEagW
HpXCSwZKQH2HAEpFAHvdMmzwE75Tk6UgxQjog6mAL5E5
C91QVSPebG5w5SP8Wg97bqfnnNfG6j9QDuTFC5EM25jz
84tYj5QuBQNDVsFXiEPMZddVTtAspbAJ8oRbXsLwoS8x
CKMDD7Xp4pBztCG5G2utc3kXvFqPJ17HMDPUwhLiHzhM
3XJAqTYKgj3pNLM6PpdqbrjdrinmeBA1BTFrmo356MJ5
AgPhAsvcwPfT8bcAQxfyvymHdS9enkCzHDZP67ihS5YM
wcZ2YR7AiV8pAYX5SodantLCAy1MjP7hKHZzzAqMiZC
aB46Fxk2SNZfw9EcXozb4ZntZNytP7Nwcvua93FrA18
E6BdoEi3My25cnxbW39kHPq1Wo1pnqU3GX6QQP57XajV
PNUazbVrdxgkHu9s864orN2nPAD7P6LbdMbCbgLUBki
AgPhAsvcwPfT8bcAQxfyvymHdS9enkCzHDZP67ihS5YM
361wkkKyV95vqiZiVHhkY3AgddBh9xn6gQHzLsp2XdFv
73tF8uN3BwVzUzwETv59WNAafuEBct2zTgYbYXLggQiU
7RvtX4WGag5Ggy4oMtj2ni3oc9amEPmscdHLGvGQdZsh
AQ7GX3g2Q4QGYredpRUjycfLYNcpNnqLAtBFvoyNrBfj
GoTUbzwbBHbYUnVjnouuzDZqcnadCxkpAMj1qyEnbeu1
3oMZG29qio4WG2avxmoviVK95h2kEgyFp8ZjU4LDyjsX
AsxYivuyVu6znDgnwenpLSLvkZDua4mGKxTvM2JgoeDU
EkB5Jr5fLe2Dr49VjarG35F8mLGqRw6qDdXSMaeHUYAd
3eucHmLaRJzL3d3rzYx94KvxcVhR4ESLo9R9hhb5Snbo
tG8zdcKN1TQhbpTXbDa4pwTxgsx6cgEKbz1PrsmdN7h
CWiXLx6juMmaq33BPXGJ1k2DPqzfDyCQWoAsUUe83CqP
HKmC9VR2rRdGMcNcdGVPqAYWnnLBgmFFDur2qYUaeRXR
2pAYK9G4s39ibnMx6bkP2EAXPtvJjFvfxZh6wWKiTg5Y
BpebsJE75hWA1HhvKppSTGS8DkuwkEvnt1kucbR9FDwS
HQdfvZQtRTmyQKftw89qdGkN7qq33JJPdMDK4eiyr57a
E5aGCgnhBDQ9aoPZkAMxgMR1FkruzxtBFeEyM4EJwKD4
8kX16Yj2WBCz1sPXcimafGrutQkw3s3Swe9sR3gt3cC2
97xAKp8FjyXkiYqTtYWN9ArD7KxTevzaCAo7VCcwLAsK
EyNr6gxugnKwsNhfcYKyShBnGvq9776B6rwpjJuYztZK
9KJbbRm5qjnWBNZNv3Mhk2hEFqqDAYcCHuUPxnG7W64g
FPJd75QXUqtp8kAoqLcoPaWM5UvvezjZmEtW4FefjdbL
Bs2NRpK5zPhbhchTM2XGqys5uLw4bjZjiWQJW912XwWi
C32gfnay4Uw5a2w3kUs6WrrxMoe1tAPt924fmRxoVmMz
BVFTQzEas8kMPkcugksaTTuLnQJ8ESxtLryk4ngdyvjU
CgbJxcA4DS5Lr3SvsAntXDWh32CMYHDRcMqcjCeUV1im
DjnwdU2Hj1knTjbpf2R2SMVs8f2VaABUgMHgNnRzjVME
8mPwx95nG9WJf9KnoiGqWhGCnksHxyv2ReqKzDZx9eSP
2F3pCR6Ju413NwpsC1knkXUu5WEZCYCJfN21yGcWwUZU
AJs8UqZ1vnmN3KyVXBfBkrDB2BLrSnNkwVbn9AE8QEhA
4eg3MW2HpGPaNk6dHj8RZ2dZhzYC4NxpRRaetFsePHa4
2Knz5oKP4VsjF9PkA7WCyZWZsBig6zZMcp9FH6aRLwjP
DfzrVBck73vZAXDwerPC5sd4ZTCwZXfewFHjZWz8mjE9
45kyqFLPivyisDntfumXwFiEqtFSmHZbAhsy5u4qx4Xq
H4dfSserFhYBswmPMF3FdYEbu4aj1AQt7RSXRyVqVjaS
8saSkLfutyDmETwfGqSUckgPo4Bo9xpMtSJkU2YDGcFF
skU11A6Br8HjAWgwFScGgsqzSyG7qQir4AinHa94pRf
FBkdDE9fbQobTccnZr2XDqrpeevmeChEiPLC5ABXUXfE
AbgicEN3npoAGUvZCJWpkLkniVxnEdcsFnTHCcmhfUKF
6tAbuy5FEAUAyZPdKymeMDExjnoFQQazfrxKqkY6SqNn
9dFNNcoMyzAJwFBz9mX7MHSbiSqSX69XZ4wNPP8FdUQJ
A1uEtUZUMJ2ZeMX4PTePcAmFN4neXhmxA7SpmrV23vu5
8MkP7izHAshF2PDzVHJnMiXCAqVxERhSaHMZpfezGFzH
x9b3DNvKkLMNuaVkP9Y3w6nfdki3VPTYb9R2v7fWfea
4SwDAKnt1ntsUKHaaM19jaajo9jV9xcHjB6ehwTtjkEt
AgPhAsvcwPfT8bcAQxfyvymHdS9enkCzHDZP67ihS5YM
FpEMrGpRazTPpFwS2THRhuRt69GZni56zAxmgRXDG5mE
GcseLAivg27HYig3e5LXku8hjonahv8LWEX5SFN7gCx
7tMyU22ViPrhY14fy31bSmTsQK6rwc9q3Zbq2u5RkZis
57hFYScJ82SoZnBU69Y53PoTg9793MAMfcfVno5Zxymj
3pC2UUu4yGzxUT5SfM8AqmRviFFhVso3Gew24yB5gAUr
