Transfer 1 tokens
  Sender: DTrpzDJVd5ipGy7m3GYuP9425C4MombCbvtnMqRs9jN7
  Recipient: 3PhaCgeZ2QPySoRhCkVcxY7joms6etYQMtDxsA9VZ7Wi
  Recipient associated token account: 8U1t4NHXdSUyGVjaFwPQDgntk6kxZm53tS1pmY4HFvxX
  Funding recipient: 8U1t4NHXdSUyGVjaFwPQDgntk6kxZm53tS1pmY4HFvxX (0.00203928 SOL)

Signature: 53sQLk3nzNQC6xttDuXvidZXEytedMSh3ssWs1VFYaEvKPqsDnMPcbJsu1ZwoD25GUvA9itZam96zw1npT3RjA2v

Transfer 1 tokens
  Sender: 4WM7ACUEkdyS1X3WjWjpkHPz4BuUbJJEEBzJSmN1XTZG
  Recipient: CYVikdfqKK1SmPasR93k1p6CntrmqGW4YcoSYQQ2TeVp
  Recipient associated token account: Fpc17jXaZ3kFTGFRbE2SHaEKuWFXYEgm5DNJVLKQZwVY
  Funding recipient: Fpc17jXaZ3kFTGFRbE2SHaEKuWFXYEgm5DNJVLKQZwVY (0.00203928 SOL)

Signature: dyaoMkA52yK3Z3STDphgfV8tzrfh8EyHKMU4mcK8dEGrUvNzm726Yq3ct9nohv1ckFD12yV4J6KpNGBciEqdoEQ

Transfer 1 tokens
  Sender: 2s9rMicewq3iUwAF53L4WzbJJA8weYGkrEtoYbRiQowW
  Recipient: 9rrTtcPunmFtuz9DfDXRPWYu39hJkNXHxzhHtyTzaTg1
  Recipient associated token account: 3tMRY7jvSh9MpZt7gwTwqcpeHeAD4cT62gLZ9yUStc9D
  Funding recipient: 3tMRY7jvSh9MpZt7gwTwqcpeHeAD4cT62gLZ9yUStc9D (0.00203928 SOL)

Signature: 4rQfwBSbywBvPqPTqs925LUP34rjDQswgKobde3YfriEV5pZuE5QjRHBvR4RYuP7JL5TSnxBejoZs5vYYanEfP2N

Transfer 1 tokens
  Sender: 2xH6z4CoZtcAE53fCDKPL1RnxtuYBXJkz4ekFKZE1CZt
  Recipient: FVKyPjy23bC4PkynMmadqaukK1jbCanZ2HxhGW9AghwZ
  Recipient associated token account: EdLGb8CArAb1HVKtQBYwLy7YFFZ5s2hNCtYBJyBdQ1xR
  Funding recipient: EdLGb8CArAb1HVKtQBYwLy7YFFZ5s2hNCtYBJyBdQ1xR (0.00203928 SOL)

Signature: 4xrezVopFGyyfNyxFaAfA3zrUUsknMskm74UEdYfpszdmr6wDU7uzr3BhSj3xtPnkUGu3WWvMnivXmZhwKqn5GzC

Transfer 1 tokens
  Sender: 4DnJMtFmUW1AmsAnJwRNu7LxeKthigRajB5E976gLH36
  Recipient: DpwQvzG6pj2mnEgpKH9L4uWvmGZUaEnquAUjUBAoWNx7
  Recipient associated token account: EzpFCLP9tdRsw9j9ULfejcjEoAerGQYMf5zcESs7cr1Q
  Funding recipient: EzpFCLP9tdRsw9j9ULfejcjEoAerGQYMf5zcESs7cr1Q (0.00203928 SOL)

Signature: 5qF5TtK3TTpazNHFxRM4z5Px5a5uSJjxJk8eAoUmC3upFESaPY7FL8yJpQNHAVWiUHBsRDhYFtKxKH89L3biRLu2

Transfer 1 tokens
  Sender: DLTSjWa69nmzh5gVyfKSdTRicF7HedqEmpz9v89DWNto
  Recipient: E8pAWPsMpvuvxU6pqJqrq7yip7n6VgzpAcpdqbzcV8Nw
  Recipient associated token account: GWsskzZffJxjbj8a64A8p3WFn42zWJQHCAewqWcVjo3e
  Funding recipient: GWsskzZffJxjbj8a64A8p3WFn42zWJQHCAewqWcVjo3e (0.00203928 SOL)

Signature: 43chrj7SM5fLLK2tNHVbkF7L7V1VkCAfMVvFdudsXA9AWaUC3qsg5k2UCTkWVKU3eJeNkvUMWB5P65vRSE9hHhpA

Transfer 1 tokens
  Sender: 6cQv7AeR3Jqjdc2QJrNuwf9pkNrSjPiEhJvaZRX9PwSe
  Recipient: 2dD5qq1y23Fq1qLj5zJkZ2425Pr1dvtKQPMa6AGF6wmz
  Recipient associated token account: GGQ8dN5W8cwkqdqyAvkSUvr2vqGCVmjWPMintWuhYxaR
  Funding recipient: GGQ8dN5W8cwkqdqyAvkSUvr2vqGCVmjWPMintWuhYxaR (0.00203928 SOL)

Signature: 3wnurgoDrEZmap3DNypQ9DtAxNvbWSVzKka5XTVndDRPYuXMvX1wwvFfQhpuohPNscGFsxjJPdouaxnJckc4M9Bs

Transfer 1 tokens
  Sender: 6aRuhscrgB6rkwJoM6Aa9eGRvDjeM1DFhJ1XGyAiEuCr
  Recipient: GNSJ9xpHiLcTNEhFWvSqS9JXiQ9mRKNfGvr7QKmRCoAF
  Recipient associated token account: 5t2iqhYzAdAQi1rNX8awihRGKLMZJKErZTwPDCZ1uwzm
  Funding recipient: 5t2iqhYzAdAQi1rNX8awihRGKLMZJKErZTwPDCZ1uwzm (0.00203928 SOL)

Signature: krzFrK7AaQCqfpWKMC9Vzn2WgavweWJPs4zxnFwBChuvPF4P9m5BCRYLUMH315gj9TXh54gE812ESERAAojyDiv

Transfer 1 tokens
  Sender: CqR9AW2pcSXF6Y6cXY1aLPwsUxPbSFdue64SiPUR4H92
  Recipient: A11ZfsWQyYhLSueQnb2CcT6qbNgxeX1JDcGZBUvoQ9ck
  Recipient associated token account: 4XHRMzL9hGWtj3c4Tw7W3xa2QXroFc8LZkTrVxvvASWm
  Funding recipient: 4XHRMzL9hGWtj3c4Tw7W3xa2QXroFc8LZkTrVxvvASWm (0.00203928 SOL)

Signature: 2ooiLc1rGbXHeBzoftfqbfcuyQFB19EnBau1WwmdZX1nPAyh8Xs4RnLpWFydV7BAHdEzGQ1VCbGcNujC5J8PaZh

Transfer 1 tokens
  Sender: CwqkzGA662Pb4wWWxZpSLKXAymwYyv6LiZttFSLKiiJA
  Recipient: EWjRyCSgH4ewUDgjPqoaUurqBLr8C5QemWNYY6ZH6g7x
  Recipient associated token account: 3mwju9iETRZiTEuidedEc1ox9HqsexZthttWGU8kyrT3
  Funding recipient: 3mwju9iETRZiTEuidedEc1ox9HqsexZthttWGU8kyrT3 (0.00203928 SOL)

Signature: 4Q7RX4CzuQzE67zCEbFBRH9mWgX4TPzs8aKVPMYDn9uczwncM87MNJMiY2mjVxoJKTTv8hTWKbPnLg1WTeGqW1XD

Transfer 1 tokens
  Sender: GHvK1HEAmz3vMMhZop6Y1HWKKK4C1hM1jShdCY13Haj1
  Recipient: Cyc13EoozWsKWeF9xbTwZWkYTeNcrB6VeyhYEpbe4dS4
  Recipient associated token account: CLaqP2yhciMjY2CTMDFfUa34AevQsqfy9xbRf8zuPzKv
  Funding recipient: CLaqP2yhciMjY2CTMDFfUa34AevQsqfy9xbRf8zuPzKv (0.00203928 SOL)

Signature: 97fQAgSndCzht8uRH4bQmqCmiSdNEiR87GjWZsmt7doJoFGVPqrwkgK38ZdgMvZjyGTVDGURDMYKhcZoNLtvSbr

Transfer 1 tokens
  Sender: 23fbDgJ3YnwTUeXcEoQTroTEim2zwqT2RVHnm19PBbKY
  Recipient: HZfHB75yiPdkuL5aAxSbFxjp5sdwSLrQm9r9CjdZJ84t
  Recipient associated token account: 4efQGwhz778rbG4bFexTCffG5zzzWwgxiS78tKF3i77m
  Funding recipient: 4efQGwhz778rbG4bFexTCffG5zzzWwgxiS78tKF3i77m (0.00203928 SOL)

Signature: 4EHePQwTSKpxch9h8Cwq7sU4HS1iYrEZzU33siMYD3bFxqrz1WpsSuJVKMETVMDWcGrg8uH3cJUrRYkUvzhX8Lac

Transfer 1 tokens
  Sender: G6E4pfFax7mAF1tqe3sZZc1soKCHm3HMP59G68juy7QF
  Recipient: FpSrQMhnYa8YRnEQqKstyi8DYsMvET71CPfnmJkBSSP5
  Recipient associated token account: 3z4LeGL1D3Rk4GiC9snZ1PmdNhSdL1ogxCtGMusn38oN
  Funding recipient: 3z4LeGL1D3Rk4GiC9snZ1PmdNhSdL1ogxCtGMusn38oN (0.00203928 SOL)

Signature: 2UzjdxYQJUyghAeTsqJuQrS4zhpyYgGA6ZDBHJ6FJ39hfiN5QSsG4SjFNKf4XoZew2hTmUxSHEMvwrQTMftweaXB

Transfer 1 tokens
  Sender: DoYpCHkxKxT86hMQ2AQ2WjJDi1YMLtdjJbJS2YTu8GXM
  Recipient: BDnE6Yp7d9cJYjWUkQGgYhXcfnJq332wMQM9mDkNNNDp
  Recipient associated token account: CPrgVzqa9LSKtiijy8VfyDcg69d3uN11trfVQSrvtHSE
  Funding recipient: CPrgVzqa9LSKtiijy8VfyDcg69d3uN11trfVQSrvtHSE (0.00203928 SOL)

Signature: 61iA2qp1E1Hq4od6tDA4qnAxTauSB7bKit82tXE3XmKLVPDX1PtH7m7tbE7YryjM1U91JcBFXvWcwAdCRZjprDGa

Transfer 1 tokens
  Sender: Afc8oiSXWg4htztwfgBrmbs6ik65YVuUdezC2zuPCXha
  Recipient: 8BcsHDYn8ZzC6cm5yeZYup4psDpvpZp36attjgY5oheP
  Recipient associated token account: GNdfrYwTkv7GHqRvQiAJs6ZqEku3aJqbHXTpTr1y623H
  Funding recipient: GNdfrYwTkv7GHqRvQiAJs6ZqEku3aJqbHXTpTr1y623H (0.00203928 SOL)

Signature: 4zGGdyyrtMddbq96hTRL3DQtYmWNPQDZRqB7uPK3tSuzVprtnZKSQEvemtj5NMMWYot2gKusHTjxvBKJCKvjBUc5

Transfer 1 tokens
  Sender: 9mWkzqaXnh7DeumdMQB7r8YBPyyYCbny222sc2w26g8P
  Recipient: Cm8cYtgtfyULCzisqUnMg68aqqi12PGZScouQfJRfrG3
  Recipient associated token account: BrsKVZAP4GM23bYMf8c5bqDeHyhDLJfFmo3z8p71DFYv
  Funding recipient: BrsKVZAP4GM23bYMf8c5bqDeHyhDLJfFmo3z8p71DFYv (0.00203928 SOL)

Signature: s6yxeiL9efN47S6LFRknFoCe2hauFa1wz9ThEEpxBWcyT2T7RR5zG77KeaqsuqtkhBQGXAwEcnCXnLFQztwyh8B

Transfer 1 tokens
  Sender: 4W1AEgLj5nnqnTYaSRPVQqUy7Z3dackWkdf33eb1DNSL
  Recipient: 3zVwN6CLwLq5V1LsGbHWWzAJyhKEDb4rvj7rwckob8SH
  Recipient associated token account: 9pDXBS7evyGFfApGTCzkbDJHFvF1tadgmoJbjxSV5dWF
  Funding recipient: 9pDXBS7evyGFfApGTCzkbDJHFvF1tadgmoJbjxSV5dWF (0.00203928 SOL)

Signature: 4wHCXTW6DYUgLGidk3GTePKmwJ98wKjM9nyBzkfgUaaStQj5PkJLX4L4BG4TF4f42NSDgi1EP6nxRPXitWeqyyGi

Transfer 1 tokens
  Sender: 5LaQSty8TLP74zyj7eKyfDDiEruZV3cRkVpwzuhmiJ7P
  Recipient: DgA4aNakbWwjENL45gpa76Mt6dVaA3HYtphjy1B8eVw3
  Recipient associated token account: ETeVbuxAkza6AbMjZnTUknEaL9msU2ptEyoPWP5BBQ9s
  Funding recipient: ETeVbuxAkza6AbMjZnTUknEaL9msU2ptEyoPWP5BBQ9s (0.00203928 SOL)

Signature: 2E7NizSX24dKsaiZ9a4NRuj2FTSZhgpLN855y1ooqw2jQYKLpjD8atH3SE68DrQUtppfMsbwWFdyXm1gPB716t91

Transfer 1 tokens
  Sender: Ebiade1vtVcgRh4ipFJVquMwpXf2CKVTdFapAgYMQy5Q
  Recipient: 9ej7a4re5ZsayUKYpU91q5UEakEjCwK9mFb93zDAKwUM
  Recipient associated token account: 65rRfo5Eh3jDx9ctU22ZRaMBs6EUDeKQu2Pnkvsw7o73
  Funding recipient: 65rRfo5Eh3jDx9ctU22ZRaMBs6EUDeKQu2Pnkvsw7o73 (0.00203928 SOL)

Signature: orMWfRCUiocXfy1HDDDPbWEpgELvYD7CSTJLUT1Xqcz7TrshwxPyqAXjp52X9CnWg67sgCHwXshVyEEANGivubF

Transfer 1 tokens
  Sender: 5pXga3GG5U6wPcJDNhAubNVZbtVt3r8CXHu8bV4CXLCq
  Recipient: EybfPCWNT4zqDuG5P69KdrEW67RBjqLrChYKqAwK4XHp
  Recipient associated token account: BnMa2RuCz6SVTqPav2MTY3iF1NQhYCuwbRT1JzspLxfm
  Funding recipient: BnMa2RuCz6SVTqPav2MTY3iF1NQhYCuwbRT1JzspLxfm (0.00203928 SOL)

Signature: fFLJHbRofBA7M9EfNKDYCAtdxp2FxW9s6XVGttcKdqvoYoj7BEMb46eKeyNR3vbwKK5C9n8NGzHTXwBT1tfb2dk

Transfer 1 tokens
  Sender: 3RbMQxTdwAsn8pCSJQ4BvDs6cQGCb1sjv4Pw8aZVApML
  Recipient: 9o1ExiHt1XPsV5LEMKJtzBMKmpv189yLp27865vEL7Ux
  Recipient associated token account: ijsxfHbxeLk66y59zDWBjEmPeeuUXfJgZLZp4VXsweP
  Funding recipient: ijsxfHbxeLk66y59zDWBjEmPeeuUXfJgZLZp4VXsweP (0.00203928 SOL)

Signature: 5zMAhqiBpPvoTb7TBtJvHgjPLz3EAgk1RygA8DAYnqFfJVY44B25VcCXABrTVmdc81bn1AaMtGaZ2gkZFYmdrE5b

Transfer 1 tokens
  Sender: DkdxfGCogr2o3Xj8dnmm59qfdv7zp2e19DTk6ZeQw6Z5
  Recipient: 9mkZeqZ5hKA5FhbAhs6We4ptQuwauRM45u34uzRLhcZd
  Recipient associated token account: HXvckMcZBejTZkLGpxTXSiu2Gd69vkjGiDmUj7ycx4bX
  Funding recipient: HXvckMcZBejTZkLGpxTXSiu2Gd69vkjGiDmUj7ycx4bX (0.00203928 SOL)

Signature: 2aeT54Fhtw9XH2NtuZKye4PFy2t8KLLXwipfh6XLQU4LtUUfmoNcjxfuWW1CzkUBkbA63AxoWq24aW44HFQoMBk4

Transfer 1 tokens
  Sender: KX3fnAo6ZnZcpWy1DjyMyLoCeAW7LebqKFqt5PqQnVb
  Recipient: 664JR3KZ3WSPeufnsypjNnHGJZ765HuwvHXzAwVqBRzE
  Recipient associated token account: Amsv4tLH1YhQVMVW4YuzLZqBmk5htvNRM8vXDk41KMyw
  Funding recipient: Amsv4tLH1YhQVMVW4YuzLZqBmk5htvNRM8vXDk41KMyw (0.00203928 SOL)

Signature: iepyGSdyFuoPK4bnnmHBAfJH9eVvwj9nMuvoqp7G2mpuGefz4YsLsrW2RZt2tcZKAgihayvBuhwVJjHWX7d6ofm

Transfer 1 tokens
  Sender: FAUsxThUeWyh4X5aw4VSLfU83PiEsrq1RQdssMMZepEt
  Recipient: 6fpE5MTyW4Kx1E9pLPPoX4KA29CpuQwsS21vmPvALUvg
  Recipient associated token account: 3HtxKHoZYEK4cGkdZfBE6p9MsHTwZjewqyXrm6CvJmK2
  Funding recipient: 3HtxKHoZYEK4cGkdZfBE6p9MsHTwZjewqyXrm6CvJmK2 (0.00203928 SOL)

Signature: 5Mve8xHAHNgp9FuvE1cy2AGNytoqF6s2qEqAnjdsrjSFu9bq4PBNQUT3BmVm88oeSpRodLnXTv5FbWKB24BCdn4y

Transfer 1 tokens
  Sender: Fwz1LTngwRuSsntF3CVXjGGgY7HAZ8FYwmQuypR4FqvU
  Recipient: CkZs4ZwvSbcCC8NViM5AyVRPPatDMC1BDe6vfa9e22yp
  Recipient associated token account: 8QiWp52EQYSEjBdQgNMunvYSzpdum8omRSZMmSaJG8x9
  Funding recipient: 8QiWp52EQYSEjBdQgNMunvYSzpdum8omRSZMmSaJG8x9 (0.00203928 SOL)

Signature: 3g2RqXG2qQzrwFJcAV1rwmFkVAM72TCbpMgStYuvDkA2y1Ks8GLyfBBNYcErMhzJmvBN17PaQQmNb34WZq4WT2KL

Transfer 1 tokens
  Sender: Gmjt7Mrp92xkiYG4HESEZt5ccEGWpL2G28aTYXPuFJDG
  Recipient: 4oFHxNkGWVvboQhZwniJkQxBNCWjEghg4Numty1PipB1
  Recipient associated token account: DRJA2aUSjr1fFb49Cgkksx8mXPjKSc38rk3vAX9Y8PBa
  Funding recipient: DRJA2aUSjr1fFb49Cgkksx8mXPjKSc38rk3vAX9Y8PBa (0.00203928 SOL)

Signature: 63bwTUsjg1wU4uLjybwimgGxD3KRW7HBGxWhU52PaZYFURy5X3YCNkzYRmNPm3DouuBnoKJZqFCNNddN6wuvVaFC

Transfer 1 tokens
  Sender: GnuLccavY7AuGBniVBQNnS8hmVF2o9z9XKaW3XpmdNkP
  Recipient: F52kBgBiJA1t4G8Mn4KjUWQRXqV2vAANc8p7sQ5KHpM
  Recipient associated token account: 9cYWyGNjMEPnLuVHASPaR6GUFbbWAq7ckUUPascQ8wSL
  Funding recipient: 9cYWyGNjMEPnLuVHASPaR6GUFbbWAq7ckUUPascQ8wSL (0.00203928 SOL)

Signature: 4PP95KsvbRc4wtuJkEhPbQ8wMXus2eUzNbaTQEdEKRyJRq2F8D8qbS2g1FvFW8gt2gzAnGK5LkwqATPHVx6UMjVL

Transfer 1 tokens
  Sender: CQ46cpW9uwHhmQANYXwdLW9BNqrUCGqrTQa82GxKTk5z
  Recipient: BcwzmAJunqVo7M9PHuUn3srQJX73bd9xr5fJseCDGAZm
  Recipient associated token account: CAhSy7bKNczAbadCsL31yxdaUcZh2cEUhp88MRLGeXUT
  Funding recipient: CAhSy7bKNczAbadCsL31yxdaUcZh2cEUhp88MRLGeXUT (0.00203928 SOL)

Signature: 2zFxbSAm7csMkupQCMj4uWhoUpiPbaHTR7WXNjJDuwLCXcFPzsT9vT3wz21CKhDnyBMxbTT4YngbGM5cdSXT29zu

Transfer 1 tokens
  Sender: GwZKqj5UCoR9d2pHSyivUFWgcQWZzpQzTygWcQDi3Bg3
  Recipient: 9AEwm9w9QbeLiZmy5qDCVZXvatKLokHhLPRsrHogcyap
  Recipient associated token account: E7oUxwdjwADspeHHr5M8qE1QHPvHYniJZE3odA9M9qB3
  Funding recipient: E7oUxwdjwADspeHHr5M8qE1QHPvHYniJZE3odA9M9qB3 (0.00203928 SOL)

Signature: 4U6C4eS1jYVUUw9Lny8JWzXvW4TYrmRX3aKHjhzenzbsKL7RnNRQPtQJ5SZA8YJsyJXREhfdmwZ7zfzSjmN3tiPH

Transfer 1 tokens
  Sender: 9KkcT5fMbAfg2sM7LLQ2aRb9Y7aRsKYkKxCwFqrYsEEc
  Recipient: VbYkvpozAUngofL2zjKowimvU9QAcAsmLk1UqntuHBk
  Recipient associated token account: 9ZvCSbQVWBmEemqWJNQoUNCsSjzznG1C2QTNirWY9mDV
  Funding recipient: 9ZvCSbQVWBmEemqWJNQoUNCsSjzznG1C2QTNirWY9mDV (0.00203928 SOL)

Signature: 2hZzHDjhwkSbiatP34i1Y3AzCaFBWZpNEdEWAzTk5eQ9bZWjiXbcVVZvGmn5pkVp9GUuuK4qTxsPBoBKWBzhG3rt

Transfer 1 tokens
  Sender: FQTHehRvfRH9wyhh5tCWZhLhFmJA2TDzdbX2p9wSQq2n
  Recipient: 4nUC7asPNFbdiB4zQNQjY5H2s8mE1ERobeig2KzFhi2e
  Recipient associated token account: 2uZRBq9ZGwocC7ZPDYDZ3mQbxDJQLoU6hH5xhHX1iE5p
  Funding recipient: 2uZRBq9ZGwocC7ZPDYDZ3mQbxDJQLoU6hH5xhHX1iE5p (0.00203928 SOL)

Signature: 4XgMs4eBYtJ9C8bATpncjMiXpXWaiRqNRVzFzchjRumSCfBktyxE7BdnYtGFSNxxdmBsJ26MoA9QUg4JY9D7RwwF

Transfer 1 tokens
  Sender: G4cp8xZgbgmpPZKNvzsv1qPgdf31N175m1na1hHQiCMj
  Recipient: FYMxU2XGJe3oSSi35fgSNkpTXqooDjMfREeodZh3wbfD
  Recipient associated token account: DTsPaagEVuafDU9ksBtRvzfLCG1TXfS2bMYmZSaRBcXq
  Funding recipient: DTsPaagEVuafDU9ksBtRvzfLCG1TXfS2bMYmZSaRBcXq (0.00203928 SOL)

Signature: dcCAaAJRmepbBfgwgsqrqXsKqazJP3icjdYaZK6TYkHkEj4hEZe6UEWk7XzaLyPm5dp9XmRNL77TndoZX73ms4L

Transfer 1 tokens
  Sender: CzMiHbmf1GTez8ZtrJD8Qwm6hfYLZmA89Y9mnzEo47m5
  Recipient: 9v9D9kvePLBANY4Zx2PUzn75dHuQMMMcs7mZLYy3gMaF
  Recipient associated token account: 9rEYkytg9PtqaZh1cAbYv6DKZUbkMxXcZLeGiDSHkYMb
  Funding recipient: 9rEYkytg9PtqaZh1cAbYv6DKZUbkMxXcZLeGiDSHkYMb (0.00203928 SOL)

Signature: 26SNj9ZFFnhb5fjuSKgMjH8BVbpq2uoRUKmgYejYYqnig5TgSoSHNpWktCAoHudaccwhJnvtwmjgW36cjbK86qFe

Transfer 1 tokens
  Sender: 4Hvt5iuPmqYHGx6W8r16YEK2r2sAitHTSNnxYQWjQdt2
  Recipient: 4cUyDakNPeMEZtJPDJGNujWLGF1XNH7WbQnheUEfD2xX
  Recipient associated token account: 26Nzcbmc6fcobTGZT9ajKi2UEfzSPe389kh586YWW6wC
  Funding recipient: 26Nzcbmc6fcobTGZT9ajKi2UEfzSPe389kh586YWW6wC (0.00203928 SOL)

Signature: 3yza6gpTg6CX1ZqDmGmqhkLmQ1pWoKmzHUWftJS7wUJFNgaVvQqMXyZXVmYDAW5bvpxW1zfDmMbjdbshhzuVniWp

Transfer 1 tokens
  Sender: 7uDpEGzzq7xp9HgkhDGqAZESeEGBR9kFBigKWjrAyyZg
  Recipient: FLiGbsPCmjyjQXNJnY9SxQ8n9ZY7LLiero6YpuDB4CUf
  Recipient associated token account: HB6LGHJJx4fkBW2rf7LeE6GUAVr1ha6EzBRsZxfxGFeN
  Funding recipient: HB6LGHJJx4fkBW2rf7LeE6GUAVr1ha6EzBRsZxfxGFeN (0.00203928 SOL)

Signature: 3Hk4Lh5tL5z2aS5gy8SVA59kkTHx2z2CyiV6CfsyWeVATZPBeGa7RbqpNnrE3kznGrYTdUGrQuBCBWMMEtNHMaDo

Transfer 1 tokens
  Sender: FrmASoUADbXJnBLE1EQ9qLtK2baqT7nSqGnnc1ULVMcd
  Recipient: 8fqTZmQJfBf17XHzfD2WZ5U1d2iP2x6Th13hSxAxTXBx
  Recipient associated token account: FrWUZZGnSWYcSvadzmZzpJGQxSZKQS8kEwYhqquwxnC5
  Funding recipient: FrWUZZGnSWYcSvadzmZzpJGQxSZKQS8kEwYhqquwxnC5 (0.00203928 SOL)

Signature: 3sDykEQ8XoiQK8aHvC3MoabvgjBkDFxeXcd8c9rsPCQZwja3m19Yxw3WdjW6TMsUmep7RJC4ixGHmEB9k9vkcwN

Transfer 1 tokens
  Sender: BtUsQNcJa2dQpehjWo4GvZ5KsGiGbKQYEG61WVS7kJXd
  Recipient: 5qfZ9ZaXHfsqDCE1ZAWPvKvngAYXHzVkFjkzwvzsRGXR
  Recipient associated token account: EL7KQ8uLue4vscGnfgBqQHwcmwQV2U8rov2hpSo8Hhzy
  Funding recipient: EL7KQ8uLue4vscGnfgBqQHwcmwQV2U8rov2hpSo8Hhzy (0.00203928 SOL)

Signature: u8A7Wyz2iMJXYbndHNxqzpuyAuoRsv4VF1G8nHrH5fvKQZrrqhaVeppnm7qq1FRsoMtfsdQ4vKytyQG9VsRSCSi

Transfer 1 tokens
  Sender: KcG8VxFpCiAoJe16BU1oJcVjVev4WYTqNARLNYhMEDF
  Recipient: AcuEg5PvtpxeNEAsiDVjUAjMPdqMSAsyi3qHekqpBagF
  Recipient associated token account: 6tCwSCNPYQ1d6WAnzVzamDNw1gkUCTCnfKH85Aee6aN9
  Funding recipient: 6tCwSCNPYQ1d6WAnzVzamDNw1gkUCTCnfKH85Aee6aN9 (0.00203928 SOL)

Signature: 87HSDPj8EvNBn5y1hNoFytkGwm455dy3ExZoCqsTDhGH7YXvZc6Rx7349ngRJThhLHNoFfqtGpQVhPzZki3i917

Transfer 1 tokens
  Sender: Fskg32rTSgb7pqSyh3rGcKpnozuF3Cof8x4nUetknErJ
  Recipient: AcTz4LZcyNYapAKzSE7tuhU8PcvcaRSeMskQYNQzEagW
  Recipient associated token account: CUdCpQQ6S9gmkv1rwi6sxduBNEVQqFZzWdvwm9sTwY3g
  Funding recipient: CUdCpQQ6S9gmkv1rwi6sxduBNEVQqFZzWdvwm9sTwY3g (0.00203928 SOL)

Signature: 2WoqtQwVfezr8qjUh3SZR942TyvFPzxBSPWG9gP4mP69ZVpxuDBZP7AMfCw3kVvMskUzRkWpenL541Ww4fcGbey5

Transfer 1 tokens
  Sender: 9m9zKjnYmyKhHEsHctNaokshMCPzQLsrhabepxVr4esD
  Recipient: HpXCSwZKQH2HAEpFAHvdMmzwE75Tk6UgxQjog6mAL5E5
  Recipient associated token account: 6bqiMkBQnqhcbb9iwW3BbFnFH3R7pSwUNND7fbHSipRy
  Funding recipient: 6bqiMkBQnqhcbb9iwW3BbFnFH3R7pSwUNND7fbHSipRy (0.00203928 SOL)

Signature: 58zxfeng3Ny79WqkgdBt4tqX9LXv6Wy5DTR5cpJe243oHcFtFeY4reJ6rHEBLzTtHoTwaK2kRke1ofRAVsUfizNV

Transfer 1 tokens
  Sender: 6LXJazgrVMMrJmGjZNCvTR5z2aZQsuNw9zkD45Qqn31g
  Recipient: C91QVSPebG5w5SP8Wg97bqfnnNfG6j9QDuTFC5EM25jz
  Recipient associated token account: 6z1mPwpKQ9ddtWBZ6ov2gEJWwqYwmCaRNx7BBiz693UT
  Funding recipient: 6z1mPwpKQ9ddtWBZ6ov2gEJWwqYwmCaRNx7BBiz693UT (0.00203928 SOL)

Signature: 5EPncoK79kRMqZRji4AUHtZUCqUa1hXnFKJU6YpjRe5QEAhgpPsXDKwo5GqGpuH6ivrh4WF3PAQ8uHV3zDoijrpZ

Transfer 1 tokens
  Sender: EvFwKPbzvfG2Y4jZKAHhrCkX79Y9sErSFRjGi42jfcTT
  Recipient: 84tYj5QuBQNDVsFXiEPMZddVTtAspbAJ8oRbXsLwoS8x
  Recipient associated token account: 4ZornFKqtPT38WHWutrjkfPgkWB9rczvjyKbuPArxxib
  Funding recipient: 4ZornFKqtPT38WHWutrjkfPgkWB9rczvjyKbuPArxxib (0.00203928 SOL)

Signature: 4VZXBnjFMfxQEPZapwsRcuBouwPLHfJqkp7E6bHNQGToS29X2eoC7coQUC9XbqSF54faVy8TZhop9V8AzeEGZL3U

Transfer 1 tokens
  Sender: AxFDZMJ2VuCT7ubKPfCwsmdWGqkqVjP637QkUg4cc1BK
  Recipient: CKMDD7Xp4pBztCG5G2utc3kXvFqPJ17HMDPUwhLiHzhM
  Recipient associated token account: Dy2LtGNbt8LHa6ZxEkZk5rdBwkQhypvWfYZaRSXshLmv
  Funding recipient: Dy2LtGNbt8LHa6ZxEkZk5rdBwkQhypvWfYZaRSXshLmv (0.00203928 SOL)

Signature: 3AmfSauUQjUuFniYQhvcKJVGSTNqM7biPtZaGZ6tgixjz9pjEs8jUURjDMpahcs182oVUbi4ygJKfHKenXTFWFo2

Transfer 1 tokens
  Sender: D35aEnPDJrFovi2Hfv8Y4VXZfyq6XJBsEwGQH1A68YFm
  Recipient: 3XJAqTYKgj3pNLM6PpdqbrjdrinmeBA1BTFrmo356MJ5
  Recipient associated token account: 8roebeNtomY9DV9wWphsKA2WUzirT9giX1UZRuSRit4u
  Funding recipient: 8roebeNtomY9DV9wWphsKA2WUzirT9giX1UZRuSRit4u (0.00203928 SOL)

Signature: UXAwAF8vvafVxERPFv6Bza83JymmebsvLHApmcuGRB8sowbQ6va4kYQuRNM6swjHjF5kj99FBsnA5VbVmqsiPwg

Transfer 1 tokens
  Sender: 5sbeQejA2pz91pE1t4YuCn6ZVAnF62KFokhVut1EtDr6
  Recipient: AgPhAsvcwPfT8bcAQxfyvymHdS9enkCzHDZP67ihS5YM
  Recipient associated token account: Hk3KH6hJgKExZc9N94HuLxHyhQcV3LmvK2t8az6UJ2tA
  Funding recipient: Hk3KH6hJgKExZc9N94HuLxHyhQcV3LmvK2t8az6UJ2tA (0.00203928 SOL)

Signature: 5x6NiLDSC2ce3XDtKi2cWtRC3J4qeXzegvWi241JyF9Qq72qu2tgMpsZvyDhN5fMZox22zvfVH1WYZcpveEV1riu

Transfer 1 tokens
  Sender: 2cwoTcnft8aXVPX63CdD7zdsCvgwWJf6hLgGkRqMSLU3
  Recipient: wcZ2YR7AiV8pAYX5SodantLCAy1MjP7hKHZzzAqMiZC
  Recipient associated token account: D34NZMWVQLKohai2exUZy1U9CRbZNMvyZL365ygqNv2f
  Funding recipient: D34NZMWVQLKohai2exUZy1U9CRbZNMvyZL365ygqNv2f (0.00203928 SOL)

Signature: 2L38awjLs2jVrMtDdimsyGSBhg8cwkLjDGzqRPgznZ4mDgCVBPiKxZUPDjYT24zZ868CENffCxJikwmwwjecxRFP

Transfer 1 tokens
  Sender: 2R78ZJjapLMmtSKSCzyT2qJsLaDnfsCYS8xTmCW7H1cB
  Recipient: aB46Fxk2SNZfw9EcXozb4ZntZNytP7Nwcvua93FrA18
  Recipient associated token account: A1ChYcw1ab55gcwC9ze7x7k5HTyCKejxv5d2WLEhvTqb
  Funding recipient: A1ChYcw1ab55gcwC9ze7x7k5HTyCKejxv5d2WLEhvTqb (0.00203928 SOL)

Signature: 2sjEw658o8nNbvURhqRe49viJBtJ6XNbugLmenhcmDyaW2yANLT1c6M47W4CRSBuYF7U6AHNuJAvnLYcoLRKoWg9

Transfer 1 tokens
  Sender: 6HP9mJwMzSGGsmCpnEcSgV3ahwMKEppFfbsrL9WfgCYM
  Recipient: E6BdoEi3My25cnxbW39kHPq1Wo1pnqU3GX6QQP57XajV
  Recipient associated token account: 5HyHhuQuqXAWv71AaWNgrBLvPS8cJ2tqrnt5geGHEgZa
  Funding recipient: 5HyHhuQuqXAWv71AaWNgrBLvPS8cJ2tqrnt5geGHEgZa (0.00203928 SOL)

Signature: oGDMPuFoecP5g9ydHXcMixhAqYmBbYYY8zCX569M2NGVWBtkBCZNyYeLsiqkgLdRr7X82wBmhpga5B6NejuVpHm

Transfer 1 tokens
  Sender: 5HUEpgmxdigYdszKC1dSjAUwekhFsjW9worVYLPbjvHY
  Recipient: PNUazbVrdxgkHu9s864orN2nPAD7P6LbdMbCbgLUBki
  Recipient associated token account: 7V1tPY9WhtjSzS3XbT2DTBQzFDESvbmJ14AVA5cq7q1m
  Funding recipient: 7V1tPY9WhtjSzS3XbT2DTBQzFDESvbmJ14AVA5cq7q1m (0.00203928 SOL)

Signature: 3hq41qAGUNAruPrkEsPUcJQ73gjfvNitKqgQ4hCkxDcNbQMqVkvD4UACkEMMLJmN2orXHsBS4yCDE1LCd6jCYi6Q

Transfer 1 tokens
  Sender: CurZ5QuHc5m5f3Wq7zHnpc6vCAyoGdyW1EutEdmTAtdD
  Recipient: AgPhAsvcwPfT8bcAQxfyvymHdS9enkCzHDZP67ihS5YM
  Recipient associated token account: HLK3UTHou7T297dUyMci949CjifbYvbiCwkUBbgx4HLH
  Funding recipient: HLK3UTHou7T297dUyMci949CjifbYvbiCwkUBbgx4HLH (0.00203928 SOL)

Signature: 63cAC8QDcHAFrCAyda3gXXs1gYgsjQ7JDxBam21tTCcpmgtbcCcNarT5tpsDFKzqfWWop5Jck2BhUUyuHTrW6sg

Transfer 1 tokens
  Sender: Fcj43HkPXnTJLmFaB2JoGM4itX7UzFr1giswj435jTim
  Recipient: 361wkkKyV95vqiZiVHhkY3AgddBh9xn6gQHzLsp2XdFv
  Recipient associated token account: Bgd7ymai4vGhbkDQDNFmH4axa6WcKpnysHaoz84mzJ8J
  Funding recipient: Bgd7ymai4vGhbkDQDNFmH4axa6WcKpnysHaoz84mzJ8J (0.00203928 SOL)

Signature: 4byVGvq3bN16GYTquEUidyB5VK1Y443j3wkunp77YvNk74Qg9VrxngpXtwGwRhWpA1bL8DLihQdRd2raACwhCSBE

Transfer 1 tokens
  Sender: Ebbz4PahCcfHoULKeMUqhue2cwFkEy3ZLxcV9qUUTXpv
  Recipient: 73tF8uN3BwVzUzwETv59WNAafuEBct2zTgYbYXLggQiU
  Recipient associated token account: 85sYB8W8XVmwJvjDcd3NeZziyiG57zGdVSaey4ZF3yRA
  Funding recipient: 85sYB8W8XVmwJvjDcd3NeZziyiG57zGdVSaey4ZF3yRA (0.00203928 SOL)

Signature: 24jVGy3qkA3sHgNMkoZ2UYYphobwP9CX4TkEsr9Rrp5h7zs27F8ZazSak8bXE3mTkG2JCbg9gw5HV2fDh7k1FLkC

Transfer 1 tokens
  Sender: 56ZRScpbMpUn7B3uWi1qLxKmi4eJ7nVw99UJH1XPYLYY
  Recipient: 7RvtX4WGag5Ggy4oMtj2ni3oc9amEPmscdHLGvGQdZsh
  Recipient associated token account: 3q3AH8tNnvbbAYxh4GAtypR7x2Z7hmDReCK16v1F9Rc1
  Funding recipient: 3q3AH8tNnvbbAYxh4GAtypR7x2Z7hmDReCK16v1F9Rc1 (0.00203928 SOL)

Signature: 2nauEG3sHaXQPMTwBpQbMHc6guuzdvJbDbDycNCtYXptfVnWQTdy59xwyaJqZv9yqkCgPsQV4YmmES7fJm8vqCfs

Transfer 1 tokens
  Sender: 9jTegvDYT7XzmJNMXKU5W4poYLx3gxq9cgqqdBSxZKSu
  Recipient: AQ7GX3g2Q4QGYredpRUjycfLYNcpNnqLAtBFvoyNrBfj
  Recipient associated token account: B5xgqPbptbN4ZswayZtZFn8LJwsajAEqodn8wdtrwSzG
  Funding recipient: B5xgqPbptbN4ZswayZtZFn8LJwsajAEqodn8wdtrwSzG (0.00203928 SOL)

Signature: 2b4B3SKMpHpmtBcmhdoDWSpxvb8FtjT4uRDegxoVbJ7qbvqjfoR9HDbqKpy2jPEyZKDZ3gQjtPTwzD9tnb5594W6

Transfer 1 tokens
  Sender: BBeZsWMFoP58zYyYAK5UADvxocPjkCXabnSeC4Uw4K1f
  Recipient: GoTUbzwbBHbYUnVjnouuzDZqcnadCxkpAMj1qyEnbeu1
  Recipient associated token account: Ez42fB4zXZcFYDQzGxis17mPmWAgojJV7NwjYZdZLmFh
  Funding recipient: Ez42fB4zXZcFYDQzGxis17mPmWAgojJV7NwjYZdZLmFh (0.00203928 SOL)

Signature: AiBhqtAPPUpRfSzVfZMhL1iQH9AMjwLeTCL4ws5GapMjNmBbYPSRT5XRaNW2Vq3z17XLc9XPoBoWS3u3unMMsLs

Transfer 1 tokens
  Sender: 4mKPEfWgnYagR5FrNrhX5gnehx3mXWMMLWTMD4xUs6Py
  Recipient: 3oMZG29qio4WG2avxmoviVK95h2kEgyFp8ZjU4LDyjsX
  Recipient associated token account: 4K1Y5nPFv7CxFtYeKNXgwytWgUdBvZ5i83BpSGPnenXi
  Funding recipient: 4K1Y5nPFv7CxFtYeKNXgwytWgUdBvZ5i83BpSGPnenXi (0.00203928 SOL)

Signature: JAwwbBvQg52QAsmLrEpi9mTihSFgaHkbXBctSHtfAzaW6PeGeAwnpjko5YJDCxPcNV9wRQFZ8RqQH9DAXSDDRe7

Transfer 1 tokens
  Sender: G16iFpYW7bSmDy3DY1Uu3JuRtrCeFeNf1hVMtyKL5UMr
  Recipient: AsxYivuyVu6znDgnwenpLSLvkZDua4mGKxTvM2JgoeDU
  Recipient associated token account: E2m9b66LSNbrvEwFAn2DVQMJAFnT62KWJpZvXRvUFXdy
  Funding recipient: E2m9b66LSNbrvEwFAn2DVQMJAFnT62KWJpZvXRvUFXdy (0.00203928 SOL)

Signature: rUeTFK76hwdckGCfRPF4aKpdCPSqKYGbm6jdPvenF8trx2i4FiuQtHkFYeSKDHa9r7BdWEL3hM91nCdEvjwYvBL

Transfer 1 tokens
  Sender: EVfKxd6huu4gJa9QFFoLL3E2VzTSa6FSnLD1hg5BRgwW
  Recipient: EkB5Jr5fLe2Dr49VjarG35F8mLGqRw6qDdXSMaeHUYAd
  Recipient associated token account: FBnPTEWBPqrZo9i5TtevRrCpyP2UrZNXnctgJ597YZYu
  Funding recipient: FBnPTEWBPqrZo9i5TtevRrCpyP2UrZNXnctgJ597YZYu (0.00203928 SOL)

Signature: 5MWvujxdXBhnLgYh3zFxSCScTuz9ic2SPWPNCPZotGawMfxZjaBdRTL3KNbPPN9kApzGPXdeLqReUvuT2evddY9a

Transfer 1 tokens
  Sender: mp12Vmr8kUGY2yCzPTjs5Pvg7Ni6dZ5MbuvoswQRVDx
  Recipient: 3eucHmLaRJzL3d3rzYx94KvxcVhR4ESLo9R9hhb5Snbo
  Recipient associated token account: J55BmFkSVj6DddHHmrWQ4GB8LecHHBYpwmAMzUBzUry9
  Funding recipient: J55BmFkSVj6DddHHmrWQ4GB8LecHHBYpwmAMzUBzUry9 (0.00203928 SOL)

Signature: 5dJniYBiTTPfUoKt1djPoeSyyaN8cm98VcneNgymz18gRP4sdbJy7BRrUgW3ZPh8TjN8nobP2bqKx255VRoDmALH

Transfer 1 tokens
  Sender: DSuEkD5TMK9LKNpaXRR5MjvXh2SLdMPCDsSyYFf2sdK8
  Recipient: tG8zdcKN1TQhbpTXbDa4pwTxgsx6cgEKbz1PrsmdN7h
  Recipient associated token account: 1vzeNYTseE4wkDT83kBvEUwuCGpnvjHf9hvSAghb9W3
  Funding recipient: 1vzeNYTseE4wkDT83kBvEUwuCGpnvjHf9hvSAghb9W3 (0.00203928 SOL)

Signature: 658D6726rz8Pab9RgyMh6iBF89DJt6u8THVKMgVmZnpK6Rs5jWnXS38vdEPXiypokcxnZRwqUrDpiWNMtP8EYwG7

Transfer 1 tokens
  Sender: 4DqMC4JcrKjqcUL7nX6j1ZC8vQZrf2KX3zvBDbrkojTq
  Recipient: CWiXLx6juMmaq33BPXGJ1k2DPqzfDyCQWoAsUUe83CqP
  Recipient associated token account: BoCDGGGZGa7r6q9fjxdxH69FM7cdddfSWZSyiqNekMiR
  Funding recipient: BoCDGGGZGa7r6q9fjxdxH69FM7cdddfSWZSyiqNekMiR (0.00203928 SOL)

Signature: 3gBgDFNdm8roW8tFxXpHBd277eyfVKYXTazett6tgtVJDBjL4DoTeTNyNosKdSoTsEbSFRmRSPnAsjDKPN8kSKQD

Transfer 1 tokens
  Sender: DLqRHGY54qRtiVByxo4yRGQRNBfFUdpGS8NdjZ9PMeED
  Recipient: HKmC9VR2rRdGMcNcdGVPqAYWnnLBgmFFDur2qYUaeRXR
  Recipient associated token account: CLrFwTCYmq2EVqC7CdxRBpaK387GHGVxv9XtSLzGRBxW
  Funding recipient: CLrFwTCYmq2EVqC7CdxRBpaK387GHGVxv9XtSLzGRBxW (0.00203928 SOL)

Signature: 3kijhGxqg5b7SbsuvPxue8dytD179jP3ix9DXFSqwEE9DsDe4y5fmnT9LWWJ6fRnsNvb8dvH115WpHS4gwuLkUyc

Transfer 1 tokens
  Sender: A25JDfBETh7CHd3HByBAg5NqubJKqcTWCwsdz8E5AFLs
  Recipient: 2pAYK9G4s39ibnMx6bkP2EAXPtvJjFvfxZh6wWKiTg5Y
  Recipient associated token account: JAqdCXh4cMNUKC4V7qNCANMqaDrwFCefRjtKpmCANbYp
  Funding recipient: JAqdCXh4cMNUKC4V7qNCANMqaDrwFCefRjtKpmCANbYp (0.00203928 SOL)

Signature: 2HdeEXjqTyFTxRwQ343jsYftcRyXyK4RTJEGNaLoWkUFJfGTJnWBhqQ8c5msq4koBYX8FBaSJC25EmV6JX6CFKea

Transfer 1 tokens
  Sender: CJGbJbxPMH5ybjuyGYZZh9xcvHSEBQVA8gPFBZEEEr17
  Recipient: BpebsJE75hWA1HhvKppSTGS8DkuwkEvnt1kucbR9FDwS
  Recipient associated token account: RaoxdW1jCXaPzqEQruAQBKb1t4mwKBnbk6gm8Mi7od7
  Funding recipient: RaoxdW1jCXaPzqEQruAQBKb1t4mwKBnbk6gm8Mi7od7 (0.00203928 SOL)

Signature: 2btQf7CN2v1dhnBGrPJEthFnkeh3dV78sKbH8M4CLJN6qhXtMMtdxhGKwJ7Mxa59QQ79E26VesfZLGcE9xzmMp1r

Transfer 1 tokens
  Sender: 9GCP87mmT2EdEjTGn2xiLsQ8hhpd6Eb8XTVtNA8vj9M2
  Recipient: HQdfvZQtRTmyQKftw89qdGkN7qq33JJPdMDK4eiyr57a
  Recipient associated token account: 5HBZN7cDLtJJNzb2EGXhJLoRzEXgppCoikvVY9aHNbCY
  Funding recipient: 5HBZN7cDLtJJNzb2EGXhJLoRzEXgppCoikvVY9aHNbCY (0.00203928 SOL)

Signature: 3MuZ6tBYdhEAECwUMw2yDmAnNZkp4otPyLhJADsaXSHSjy3ttnRaDRjJ3YeUWXZ8xTn98W1cCvoiVR1FwEuSDQCd

Transfer 1 tokens
  Sender: E1Mi9ZH3XMpeMaWSco5u1XFtWFjCAkuCzPcHYrBJpc3j
  Recipient: E5aGCgnhBDQ9aoPZkAMxgMR1FkruzxtBFeEyM4EJwKD4
  Recipient associated token account: CcqMB16YtQtJ1cendKcY34aExFWBQ5wZgkqZRSVnNt6h
  Funding recipient: CcqMB16YtQtJ1cendKcY34aExFWBQ5wZgkqZRSVnNt6h (0.00203928 SOL)

Signature: 4w5b27dzoxEaUFkfTQq5uTCoopkTA5V9Km3utL6RoU78WUuDLdCuPeaq8Qf5dLeLKfBZpQ8E7MUF7LFhd7cZyGfu

Transfer 1 tokens
  Sender: FCBHnHn5Ndgtb7oRUgLpzTVhdA9Vw6VSQVdbV5WkL2Jp
  Recipient: 8kX16Yj2WBCz1sPXcimafGrutQkw3s3Swe9sR3gt3cC2
  Recipient associated token account: 8yiKJ8y9F3N5uQYD4xXC3f9u9bzk3vP68NLg5tB3aBgk
  Funding recipient: 8yiKJ8y9F3N5uQYD4xXC3f9u9bzk3vP68NLg5tB3aBgk (0.00203928 SOL)

Signature: ZPe1A778PVM4Na9KCt1W6Y5Vkj5nuo97ZVf3Tu5HhzE838mXaRqN38c1HdNAur8vAms3WJG7Bd944mADm8fZcBR

Transfer 1 tokens
  Sender: 4hYbNSLTG4tqUHe1FENMf9KrGiM95HnHujk5e6Ydsn75
  Recipient: 97xAKp8FjyXkiYqTtYWN9ArD7KxTevzaCAo7VCcwLAsK
  Recipient associated token account: 7AeTYhgfBDR32JrFUKEUNdajsYygYi9LhCFt2Wcw35iP
  Funding recipient: 7AeTYhgfBDR32JrFUKEUNdajsYygYi9LhCFt2Wcw35iP (0.00203928 SOL)

Signature: 4mpz6WGQ2eZMBHbbMBBjBzKg1gn63PqyaANU8Exik2SrsKNEoDQCZmv3P5JQkvMcKygG8JJqyzbmz8NmiW7xWpE6

Transfer 1 tokens
  Sender: AjSbF3ZmSeUYkd5ryYu2YVa5RQVX7z9ZULkuARdt4h56
  Recipient: EyNr6gxugnKwsNhfcYKyShBnGvq9776B6rwpjJuYztZK
  Recipient associated token account: ChpfZ4zAU8L6eJxZfbreqTvMZf9o3Du1yKJAasw4P8aU
  Funding recipient: ChpfZ4zAU8L6eJxZfbreqTvMZf9o3Du1yKJAasw4P8aU (0.00203928 SOL)

Signature: nPK1LTQpMKgvQkmNkWPf4hHcwWjtg4JB4867nBLmdwY56MvFRyR4pyAyBkcNjPVzLv3tMxRxm5njbgah1DHRRLP

Transfer 1 tokens
  Sender: A8Lcc6PyoDArhCHo7Zgk7McbJHK66PfA5NgH91bUAMq6
  Recipient: 9KJbbRm5qjnWBNZNv3Mhk2hEFqqDAYcCHuUPxnG7W64g
  Recipient associated token account: 7kA1eBHsuuixu2J4rEcAAmM3zyjCGq5CFwTGNHUZZ1J5
  Funding recipient: 7kA1eBHsuuixu2J4rEcAAmM3zyjCGq5CFwTGNHUZZ1J5 (0.00203928 SOL)

Signature: 2qU9z3yfcnBxcwCj6YUQV5WqBnHZGvxJKg6V1uCjc9nifty7qKbKkTEPU1mTEB6kt2dgNmGxMj5kzp5MauVvePkT

Transfer 1 tokens
  Sender: D5jg9hZaPKtxUbQfWXAjwgs7UXDKZj9HL5tTQ6s5raCH
  Recipient: FPJd75QXUqtp8kAoqLcoPaWM5UvvezjZmEtW4FefjdbL
  Recipient associated token account: 5EvvdLkiKWiYPzoSN1rVd5RH2rbmE3ba6A6N88utnxao
  Funding recipient: 5EvvdLkiKWiYPzoSN1rVd5RH2rbmE3ba6A6N88utnxao (0.00203928 SOL)

Signature: 2NTZ9sVQqNdUXwFqrt52S5wuQy7ffqS5L1xgUQyTaM42EwRMTWbNgMQvJg5PP1xigE4bdCmz5Yh7YeUQSooRvAFQ

Transfer 1 tokens
  Sender: HSm93ZyLW9rzP7zBrvweC1e81z3hwF6QiwSLu4U6oTj6
  Recipient: Bs2NRpK5zPhbhchTM2XGqys5uLw4bjZjiWQJW912XwWi
  Recipient associated token account: B2xLYVLrc7uPcCJmSfKQukaV3bNbFgfkcKaFo7EMptkk
  Funding recipient: B2xLYVLrc7uPcCJmSfKQukaV3bNbFgfkcKaFo7EMptkk (0.00203928 SOL)

Signature: 5y8v4mXrfWyZ18bo4EjYN5dyyh7wsVegLKtin5NUimJgdYQfxwCXJ6kWJPVpEs7oKM6FLBM7mwT87VeTjHrSrrQQ

Transfer 1 tokens
  Sender: 8hYKBLt2d3mZrW8zrPmoMkVfsfpz6Eh7dRCEy8orhLvc
  Recipient: C32gfnay4Uw5a2w3kUs6WrrxMoe1tAPt924fmRxoVmMz
  Recipient associated token account: 3tzYudpN5RNE2kX9QSwKm4j1Ti48botkoCjHkVtN18i7
  Funding recipient: 3tzYudpN5RNE2kX9QSwKm4j1Ti48botkoCjHkVtN18i7 (0.00203928 SOL)

Signature: 3YikNXMyke8m6fCtBxF7FYcqHhEZr1GQD2i1rp3MFPmvH27vtkGvTXR3MqGUtnJtDuGpAMEJvqV6YeZTS2qKQXna

Transfer 1 tokens
  Sender: 8WZfFeeazvKRgWrwx9gwuaEYL7icAa3HKcpCvEUrBsnr
  Recipient: BVFTQzEas8kMPkcugksaTTuLnQJ8ESxtLryk4ngdyvjU
  Recipient associated token account: 3Ln9uW8TEmPmEpVfgKr7ma3bmUeuyW8Ef2hTYwGnm7ke
  Funding recipient: 3Ln9uW8TEmPmEpVfgKr7ma3bmUeuyW8Ef2hTYwGnm7ke (0.00203928 SOL)

Signature: f9hZgegM9zvtdNWBhzb3aw3Fx1tLqJcVjExfoMM7fx51d7wY8ytLRa8GP1MH3sjof2fpeyifTv3eu8jyJD8ET1o

Transfer 1 tokens
  Sender: B8Noeq7sJc5dusUAVNTaLU6gz6eRm4h62zJb5Gitsixp
  Recipient: CgbJxcA4DS5Lr3SvsAntXDWh32CMYHDRcMqcjCeUV1im
  Recipient associated token account: 9QhNbjnmPGNHWfqV1gNdG9Edk8aR96KwxZxvyFtNdWnn
  Funding recipient: 9QhNbjnmPGNHWfqV1gNdG9Edk8aR96KwxZxvyFtNdWnn (0.00203928 SOL)

Signature: 4QCj5mPQNvvQQTKUiM5gqCoQZuJnPwrT8h6NgBvZwUP1UzCVWj5Rc7j5fjHFZdAd9K7WtCU9UnRiKcUZLUVggjbe

Transfer 1 tokens
  Sender: 55phJHVF7GFwnKgHSwcQY2hqnhcE3rJewjQPjWMTvm8A
  Recipient: DjnwdU2Hj1knTjbpf2R2SMVs8f2VaABUgMHgNnRzjVME
  Recipient associated token account: CXABQ1ZFWEGC4GquncifNUi8MacTbPhJXV41pKM5yBx4
  Funding recipient: CXABQ1ZFWEGC4GquncifNUi8MacTbPhJXV41pKM5yBx4 (0.00203928 SOL)

Signature: WAgEJyBb8K5kBmp4Hq7iL5ysYa2Ys7Vf8L7H3qcDwjm24j4SAymhzD36oF4bZc3bEorYxAU46MQq9VUfd6dtXBr

Transfer 1 tokens
  Sender: 6H457W3K9Bx4yv6vf8RzcxEdyo5jYWThtfpj3XBEVe9t
  Recipient: 8mPwx95nG9WJf9KnoiGqWhGCnksHxyv2ReqKzDZx9eSP
  Recipient associated token account: 2yuazLUiP32pw39kivfPBmCZ9VYARaPts7odRMy66E4h
  Funding recipient: 2yuazLUiP32pw39kivfPBmCZ9VYARaPts7odRMy66E4h (0.00203928 SOL)

Signature: 43KXGwQ9daDRZZPkXWYyYMmTXuGUusePhVaJqSnXrRGQVjz1xNqaRrDXGNGALRBBYYbDg8sQngdvqJMyVMmrDgK1

Transfer 1 tokens
  Sender: DkdadbeTcag22rqqWhyPHjoYfMr2DL1qmCyNCaVYXpgp
  Recipient: 2F3pCR6Ju413NwpsC1knkXUu5WEZCYCJfN21yGcWwUZU
  Recipient associated token account: TTWjHPLr9xjZENUtXdkEHcoDzhS1H7zt1WnadhWjmFT
  Funding recipient: TTWjHPLr9xjZENUtXdkEHcoDzhS1H7zt1WnadhWjmFT (0.00203928 SOL)

Signature: 4Sjj1JAHienc93uUzKJSS6wrqwsBaZwwm8ftadJDLZrixf7XYDtQZDqm4N4N1UL6krLhCgiU8Gf5K1AnoDhWM4y2

Transfer 1 tokens
  Sender: 5pnF13P2526NewHGoXAXm2mfLQY9Y855tacc4Sai232i
  Recipient: AJs8UqZ1vnmN3KyVXBfBkrDB2BLrSnNkwVbn9AE8QEhA
  Recipient associated token account: GwpSmZL3PWwv9rcuxeEDWn9L6uLHVhtFJZQ2fzTWEsD3
  Funding recipient: GwpSmZL3PWwv9rcuxeEDWn9L6uLHVhtFJZQ2fzTWEsD3 (0.00203928 SOL)

Signature: 3H115h8v2VDbiXvhsvVckh8or92Ko3bynNWBrWTd4Uo2xnEm43ZqJ5DaLgrG4hNdAqoTfRuxyoZosKsKW1tkXJJ9

Transfer 1 tokens
  Sender: CaHv5WiRSBx4DsQ7EQ8GJv3JEbzGKvb4PDYzW4LexQJW
  Recipient: 4eg3MW2HpGPaNk6dHj8RZ2dZhzYC4NxpRRaetFsePHa4
  Recipient associated token account: 6jBPXqUgwEvDUVe4ihgme52AqwZsnavxn2Q4PCSewCdS
  Funding recipient: 6jBPXqUgwEvDUVe4ihgme52AqwZsnavxn2Q4PCSewCdS (0.00203928 SOL)

Signature: 3En25KGfdVKYYb1S2CfAGSDnvzcQbd7Zc3MegRZAUXXp2LKLDVZHodCeMTMaofGA4AuTV2t6ntWWhYeSVRKjukqZ

Transfer 1 tokens
  Sender: CxLSVhXytPVBBBnWHkDajAUZTk8XB5GCap2tA2Hqo7bD
  Recipient: 2Knz5oKP4VsjF9PkA7WCyZWZsBig6zZMcp9FH6aRLwjP
  Recipient associated token account: HSbhHP17cXFHcBftQzh1K9qYhDk17U9fvbgPZtnWCUZD
  Funding recipient: HSbhHP17cXFHcBftQzh1K9qYhDk17U9fvbgPZtnWCUZD (0.00203928 SOL)

Signature: rrJH68m7nuXbU7vhSF7MpcXyjQWZf7VEa74UFdjnyTAmfa5ZztCktjPtz3aesgnykLFkimin6fTnpWhgjkG4KnA

Transfer 1 tokens
  Sender: 5jBy9WDjRX2JYkfDz2hj51G58yxjSqGCoWMHXhkJvxiF
  Recipient: DfzrVBck73vZAXDwerPC5sd4ZTCwZXfewFHjZWz8mjE9
  Recipient associated token account: GFLw5FRygAhqPPiwSJRSvqbBZsUKt16MqQWfapWo3DyP
  Funding recipient: GFLw5FRygAhqPPiwSJRSvqbBZsUKt16MqQWfapWo3DyP (0.00203928 SOL)

Signature: 3wi4db5FE6dFCTixDZY4BWPPh9yxCB1fz1hxCSWZdgkEHr8W3szpFwaZQG76Kw8ETATcMxH56qn6UUK7uyeCd6bx

Transfer 1 tokens
  Sender: 4N3XD5RvNR1t5MqP9yEbQjsJRySHPpG4hdYP6172FBFL
  Recipient: 45kyqFLPivyisDntfumXwFiEqtFSmHZbAhsy5u4qx4Xq
  Recipient associated token account: CEAU8vedsqRBmkxBDyFWvCHSdsyp6R2dS1BbTGESxbmH
  Funding recipient: CEAU8vedsqRBmkxBDyFWvCHSdsyp6R2dS1BbTGESxbmH (0.00203928 SOL)

Signature: 3Y7nksaKe6MWUPEtsTfEN45b3ERVh6u7gcmVo9YtWRrXDzD7Q6J36tniS9qZWZRvwdPg68twySN1voqBFjLUg5wU

Transfer 1 tokens
  Sender: AZB4P28X4qiC8tPoEpDAvnCb3UPNtjXmoeTd3Us5SKf
  Recipient: H4dfSserFhYBswmPMF3FdYEbu4aj1AQt7RSXRyVqVjaS
  Recipient associated token account: 64YB83NaViDKvhsRTcwkSECyW923LpCDssaUZPFswVTk
  Funding recipient: 64YB83NaViDKvhsRTcwkSECyW923LpCDssaUZPFswVTk (0.00203928 SOL)

Signature: 66icHRT98ysSLGUfffvH6YBcUHPywkrv7Z9WvLC4ASutoBH5CVU4JuzG2XjHsyijLzUDWJjMUvgeWa92xyQ2qwmB

Transfer 1 tokens
  Sender: 2v4wE58SvqweKGAFPTXTrzt2H5QLcgcZEeCRuSazoKzD
  Recipient: 8saSkLfutyDmETwfGqSUckgPo4Bo9xpMtSJkU2YDGcFF
  Recipient associated token account: HYcoiGJY98Snxg2a8dDU34Tv6x7Nyyg4aTwuiYmKJiaD
  Funding recipient: HYcoiGJY98Snxg2a8dDU34Tv6x7Nyyg4aTwuiYmKJiaD (0.00203928 SOL)

Signature: 45V4mDTmtKzF6WKv1D29Z8YqiyZ3yvdckG9S5HdUN8MY8feWYyqPXx5g2PpTmis4HtcwcGLrQH1Ls134Aqz8gJuz

Transfer 1 tokens
  Sender: 3J9BtZRvVUUyneJ8JC4HZdjABn3592BhpyVgsiHRuaCC
  Recipient: skU11A6Br8HjAWgwFScGgsqzSyG7qQir4AinHa94pRf
  Recipient associated token account: GKZiC9uTHdU2xpspiZe2VKbZEqtw9pvxU5F9a4XkAowJ
  Funding recipient: GKZiC9uTHdU2xpspiZe2VKbZEqtw9pvxU5F9a4XkAowJ (0.00203928 SOL)

Signature: 2SvQRWba9zGYZKTTF6kdGwgcvE4vjGG7xFpajZ187qxS23YHsNci7BMurYQKt7dWiczS6R755VJuBHtA67aTg6gh

Transfer 1 tokens
  Sender: CiHFqu46iDEXhov9HsvF5euYKeVEeRzbB4Yfr5qTbbQT
  Recipient: FBkdDE9fbQobTccnZr2XDqrpeevmeChEiPLC5ABXUXfE
  Recipient associated token account: 5Uq4LPp2d7zqJE44M1Kn46DmCUb6havtWCY4VsSusj5k
  Funding recipient: 5Uq4LPp2d7zqJE44M1Kn46DmCUb6havtWCY4VsSusj5k (0.00203928 SOL)

Signature: sZspaUkwDsc1fn86ZgDhcaYe1Pezd23tK6nee1EuF8Udmkw276cst2vgJSQPA7GiUsVbYdiKsdMZyTSU8ZZ1NkH

Transfer 1 tokens
  Sender: 9NdqB7tqJsU42i4bWfWqkv7zrVnfXpaN7qyoxw297Qtn
  Recipient: AbgicEN3npoAGUvZCJWpkLkniVxnEdcsFnTHCcmhfUKF
  Recipient associated token account: 6QAWNF2XT5XnhDPJ4huS1mgxucSzeuUGDzzaiAjdnQsQ
  Funding recipient: 6QAWNF2XT5XnhDPJ4huS1mgxucSzeuUGDzzaiAjdnQsQ (0.00203928 SOL)

Signature: 2cJaccmUQgz9v6svRPWhZ2zH4zUSnoWehqL39BGgRUmdeAQxejH3VoGAbJqwo7KRtvkCmD7YBdWjkK43ZvVjaeL4

Transfer 1 tokens
  Sender: 8m9bmFRwCay68hgFWgP6rmaZUKkuAdjGjRxYhMm9Mji
  Recipient: 6tAbuy5FEAUAyZPdKymeMDExjnoFQQazfrxKqkY6SqNn
  Recipient associated token account: J45PiaF2Mv9mfEjYEWoAt2zdoC8g3Mg2WvBgHTb6UPPV
  Funding recipient: J45PiaF2Mv9mfEjYEWoAt2zdoC8g3Mg2WvBgHTb6UPPV (0.00203928 SOL)

Signature: 2VyZWvyNfDkAXYPuREZtguQ3VAtxWUq1bWWRRUnC4L8dfpXnHn6AdHDa9T3Zz9ueqxPZDQLS56kFzM65XQ4oj1Xh

Transfer 1 tokens
  Sender: 5jzVcfMP9jj5gKFTQEMTvzkg4LhyWDvc5ydMgcmc7xL8
  Recipient: 9dFNNcoMyzAJwFBz9mX7MHSbiSqSX69XZ4wNPP8FdUQJ
  Recipient associated token account: 5HsP15Ay7R7jsj3BPi569a7grhSAoC14iZcvKFKZNPQ1
  Funding recipient: 5HsP15Ay7R7jsj3BPi569a7grhSAoC14iZcvKFKZNPQ1 (0.00203928 SOL)

Signature: 4RfFyA3sjfBWXBvVvniqEM9CaR4JZZxzHJczR1iBh1gGNmpr2MpeDqURhgo3P5PQLQrr1BeEVtTsJ9K4wZVvfzUX

Transfer 1 tokens
  Sender: Br2XmpUw1hEz74VfJvvDeTRLadZ2gNBTFrJesRRAWCSd
  Recipient: A1uEtUZUMJ2ZeMX4PTePcAmFN4neXhmxA7SpmrV23vu5
  Recipient associated token account: 34cH6PUUuRNrsWq78FnLCuoUvC1AHD48rVy5kk1prf2H
  Funding recipient: 34cH6PUUuRNrsWq78FnLCuoUvC1AHD48rVy5kk1prf2H (0.00203928 SOL)

Signature: 3V3bKBid3vVZfEoJu4YVdNSCapTBkXhHtxKWRGCuMYLHSyQgx6HPeGtexXDzAGqJRH1ZDvi58ojUhs26Nyhea7dN

Transfer 1 tokens
  Sender: A9Fo4tRv9WbfrdRB5TmF6pCTF1uuo5yhrcRwu5c5KaFV
  Recipient: 8MkP7izHAshF2PDzVHJnMiXCAqVxERhSaHMZpfezGFzH
  Recipient associated token account: 8fuuqnZYur6z7tQzjY3Yb2dZLPTaw2VPB54FhvcCVeyo
  Funding recipient: 8fuuqnZYur6z7tQzjY3Yb2dZLPTaw2VPB54FhvcCVeyo (0.00203928 SOL)

Signature: 2ja63Vt8jiPs7JtYizHfHZhqTj3QXHdDnFWfZBHv2U91iXn7gTnYeN5n45V22GK8PyPUz8v5QAGuz2qUwKjYLMej

Transfer 1 tokens
  Sender: HeHkkgQ4BTTDTDpKvaA6py7FUwvMmEiZrKnyaPnANom6
  Recipient: x9b3DNvKkLMNuaVkP9Y3w6nfdki3VPTYb9R2v7fWfea
  Recipient associated token account: CrFDrxBSVr9eh8c4XTss1TRnYnhNNVR4S222sM9VhAov
  Funding recipient: CrFDrxBSVr9eh8c4XTss1TRnYnhNNVR4S222sM9VhAov (0.00203928 SOL)

Signature: 3csk3W4cXWt64FMzeryXgRr6oEaNmDKcqBgaGBrcNEbP27uHtvaybLd73F9t52HN95eYksCfBeCL5NeUACzb5pHq

Transfer 1 tokens
  Sender: Fbxym7CDgjiJ8tCtJPPRfCW2WDwfWCyWKpQoPCq3PGwC
  Recipient: 4SwDAKnt1ntsUKHaaM19jaajo9jV9xcHjB6ehwTtjkEt
  Recipient associated token account: 2KpqQX6SbpKTTziZR2TvF6a7U2Qhs5EqqaQJM4Yo7Uip
  Funding recipient: 2KpqQX6SbpKTTziZR2TvF6a7U2Qhs5EqqaQJM4Yo7Uip (0.00203928 SOL)

Signature: 4A5inTuXqpHUNssD8BDPnf8SXiczEhkLC32zfdJAAu9hJ5NcQujC3a4GZMxdCgLbp1SK8WGqysNEKuBTEGEVcqth

Transfer 1 tokens
  Sender: 78uJ2cXe9e6WWrRv26hwb3b88um8vLXwsVenWz5Mdnyw
  Recipient: AgPhAsvcwPfT8bcAQxfyvymHdS9enkCzHDZP67ihS5YM
  Recipient associated token account: F5fNpr5X745zMnJZ2sCgYDFHR6nD6X7cM6sANJ37h1Xh
  Funding recipient: F5fNpr5X745zMnJZ2sCgYDFHR6nD6X7cM6sANJ37h1Xh (0.00203928 SOL)

Signature: 4Jers8CGWiUREs6SpnNU5KtUxaMVv4HcjWsGsUkVvEyj5FLGQz83w29eJKvDL4JmSQRzuNnrpct1CDwaJZHvxB1x

Transfer 1 tokens
  Sender: 6wbPssF7DNnJ9nskCCRXPoAaaisinV8Jc97rj4d9MueP
  Recipient: FpEMrGpRazTPpFwS2THRhuRt69GZni56zAxmgRXDG5mE
  Recipient associated token account: 9tXGZQxDQk2X9AVuKrcutMujgUScbcHmrbHgSE2T8o2g
  Funding recipient: 9tXGZQxDQk2X9AVuKrcutMujgUScbcHmrbHgSE2T8o2g (0.00203928 SOL)

Signature: 453L9jVirYH1MQcyWmGZFxTk8RKGHYom7cH3WpYZEc4Jk8fAcnhunXSReFcmapAPC7Ud3fo3CQkv6ervB4RLCqjM

Transfer 1 tokens
  Sender: AXdZR8BKXGmMAh5RcRXbGDtLE3Tbgxr9vqoAFqwUK22f
  Recipient: GcseLAivg27HYig3e5LXku8hjonahv8LWEX5SFN7gCx
  Recipient associated token account: 8xuv9uQy5RxEUaWQsXs9pVipSPuyZZr26EWDtSVArALg
  Funding recipient: 8xuv9uQy5RxEUaWQsXs9pVipSPuyZZr26EWDtSVArALg (0.00203928 SOL)

Signature: 5ybzVstJCb99srgrJd3hBJxojHa6xU3WZZVztiEkTL3MCxmatdZ2HkNKFvj4frmEgMko8y6mWyyUE3MJY6Q65u3x

Transfer 1 tokens
  Sender: 7ToiEZEe1oZg2nTYYfq57vefRqapTD8YSs3TPZg5XS6t
  Recipient: 7tMyU22ViPrhY14fy31bSmTsQK6rwc9q3Zbq2u5RkZis
  Recipient associated token account: 5n3Rj4sERoDG2iYMaPFqVf8G8hBDrZ5WdC99wCeUyKkY
  Funding recipient: 5n3Rj4sERoDG2iYMaPFqVf8G8hBDrZ5WdC99wCeUyKkY (0.00203928 SOL)

Signature: 32S6CD4nMeYfSwbfBNoMPfwywWF5EWh9kWSFV6vKxFYzbkZEj2bgtPb2cXGk6y9QBF126z1r2o8wVUYfCf8fQqTF

Transfer 1 tokens
  Sender: Dmms9JiCgnpNDW7faZcCkE15mE6XaUmfmdaqPQmupVxc
  Recipient: 57hFYScJ82SoZnBU69Y53PoTg9793MAMfcfVno5Zxymj
  Recipient associated token account: 8X5nGyEEPE2FfSQqpPYcd2NQt9xz7qmTu9YPizNCLCwh
  Funding recipient: 8X5nGyEEPE2FfSQqpPYcd2NQt9xz7qmTu9YPizNCLCwh (0.00203928 SOL)

Signature: 3fhtRvDHANPHNSuunDsm1viDBq854CAQfGn3r39J7DzT3zVK2MXjkYCkRjrTfmcuKdMfgaj8kjGMiNsQvKsNsNb3

Transfer 1 tokens
  Sender: 9wwkh7jbTAsMhA8m6E75oR8VxzguYxnqQggPudw7Xjeh
  Recipient: 3pC2UUu4yGzxUT5SfM8AqmRviFFhVso3Gew24yB5gAUr
  Recipient associated token account: HaP3vmPdhkirwLcH1XNjXe6QfQjSpjH5Nzo2rCTF7fTH
  Funding recipient: HaP3vmPdhkirwLcH1XNjXe6QfQjSpjH5Nzo2rCTF7fTH (0.00203928 SOL)

Signature: 5Sf4JErHVVbewjmp7966i3dzHLZpxmCZow2GqaT7jEv9sajCQYRoepmeGPxzVgxGUZhzReTByF6yrDkThnWcYFRy

