GagsLnEATb5A38Bsb54Hh2BzUo3BsCjPHZNAoPMFRLYX
5EBbfmNMAsSfAmNWWr1WoAbQzYF5mCTMRcPNNwLNKFuB
BEgD6q2kZsNT8chkqXLN1sGzwHGVyT3BaKo1u9qfJ9rm
EpabwQkjvMY25N5jaijHdCNEZZiveaSPQhVx79t7YBFd
6SFL4sn8gtmydwBVDMEMR3Yehsepq44cevxCLBA1y4bF
FFuAcH8MXg1tRo45o5grx3uCPNtzYwJcz6HBYSo3AHt1
Hs7RsjAJQwEbnrYuKLQxwD21xaj4Ed3438W54fnhMyHu
46SfeYDphRaJ1nN6KqNVANgtsgYHTUooQYjtuw6YrmZw
255SVEBmJGhBffjcR6zDBusttnJLCq5wchT1VJA6QJAa
GEwETcAiZL5jvLdKaPqwXXDLzLenhtjNuT5u8HdzSgaH
4YmZWvJvcJ6ae7trLpasEqTZvHDzLQKGgVuHrDcj8rd3
3zCU6JtwW8RtR7fXieV2UdYXinDwb24zgT4LmZRmCCSj
5WnmbpwnQbV6H7LwGQwe3zDeYMNZrito38LYQfmHWqs4
9M2Mw6FV7yKq262WPAvXJuzWgQSEZZLh4BFx6W6B3Q8
8N8SjrQpSX9TEfuQSPiXeZr8zQ4vaaZE7gEnNbf2oqeW
HBi4Cmfwk9xFGTgWULXN26KTszxQtLacKAku4ht18XBx
6YF3KuoSAjXekkG4CawLKNqUeiArHtoZuCHX12bQBNS4
FichnPDpE2epqXMmfwbXKWqJyghRBRj2zQGWzMSM9SXj
4Z5F9xv2Nki6mMzTu2hyMe82XUJkp9EBWej7GJkrAPHh
7xWxje98axYWbzCTKFWkpFWTVRk7en3KjSJ91DP2uGjf
DV3qsXaNj11RLstCADtvQU7PA2ZGJVqsxUT4oprhmwUH
GPxM49P63MnVCV9ZMncGRw5RKCdUV3z94nPtZ1aQYKur
8DF44kBrqpMVFpnabt2aDLgQfzjH99SzSidEEHJpa49j
6f1FXBGi2C5AM566xRTgW4hTsVK4rmDrjjyJem4S5vvc
6LwWhVwkrPqUs43i8VcxwAEYUyTgEybseFHXWQxwxE1F
AUPae7a4keN7V7CAunEFAHwBsXH8qjJ9bAPy4Ydd8XBb
Fn1nGF1ZNvUWhhVA53gDv7YfgGbJsKwr2cfWoHBoqL7U
57tCiKby5WiZfcMBNmCcRdizjnmvmjAw2yUoj1iQPVJT
9nQJ6zyohU9kUcihyud48jYpvNGwK27FZfumhNwDD8Be
3BNpptrmS8RXX5r4nMgZ5fYrUPLsQEeCEwkhRgARLJqg
3yDYGBTvQfJuDVSW5pWv3Vg3d3aCrCXih2cyGqCmc7kC
7Eu6JJxCjZVzK1ZypWHdpruVfVhKTxEX2GELo84yhCQC
2LqASnG1yn12wV8mYx8opPnVqQ4PMoGvAcCWo3GTyseF
F7ggWMaPnw8hE1fhevVBDm3d5R3NFHBSBcW2m8NuwuQG
5WN9jpVwVp6FJ1ADgUYooKXo2ofMbKxXJznAuzWt1g1C
GRyasNroLET7FxdoxtZLM7A23sStoc4xzdhf8ERsmL24
464MKr4G9krin4Vg6ymPB7rqSWAMLFR93k7kXfeH524K
2Ks3uFmBmhUZHJFAkd7NCd41sJVstbV2dtPdSmaG49kX
ErDKfyhHWGQu5u1FoALc9q2AV28jhUHpEtTsopgN4yaJ
FR53WeZR3bwNEE98U33vouie8wnnkeud6trAztUZ2e85
7B6w4XBnvk1QWiHWJLsJPbtbmaSyfBBtt1NeWFeo44Ua
AQXpQAovDmishFSF4uGM2GyKiysV3AKYi5zKqRJ5PM3u
DZ168myWwM2CuQCajEZSeiG3Hcm1YeW4zfDZX5A2opBR
8ak5Unqtz9DNZskctPZKCDdwBEQsBQED3ALe7LZXVm26
wweyaU3ttBBfAscv6yEMQ6KjGuTUpz5dy99ti8hz3rh
9XbEgWCbVHs5DzZ67DQPfsD6PABSsX9zpz3RCVutLAJp
CA3XJBLK5mwEu6bp7P3oBmSZbhYfq2ZsEHLLjbq4ogfP
HhdP4FT6KvWksKtYWdNCYZg3zTt5z81Wv5thsQYCCqKh
8QKV1qnRbhTefLMFZ8SK9YR6DSKEcLWQMittBEFscxiR
F9bq4fxfnXDe5dmYRDMkmTZSBQugnwXqptff3JqLW73Q
9y8vvddzaBJDUXYxVq6gK8zDToQW47VTY6iTC6quJZ3Z
9hwx2zS7nHvde234p4z84xUTbPRACgfaFG71Va8diNEf
98CTwzegma56fTJNvzWPyvcSJKNkzauGEeMLAEqZLfHS
DirRpxfFKEuvLYvX1Muzcj9rf11co8faVSVy5A7C6M48
CsDMb7pTVjQpcngisE7HTmndSrSfaebnryV8BJSveXks
EccR3udNc7tNsh47SQ27rFcg1nDjdwN9ZtNUnNPwygdm
2p4HLebsRamXUrPE2XurSeKx6FH8F1gcrmh6Dy32mUHL
SaBwLMPSBykTtH9jefDW3UtczSifVLwrSTzjgk19Wad
7qpscmg32tWLAgRVfCa2BpJU6yMMR6mcA7zbXh8zyXzq
4tP417Q8uqrUiwJNBmQphHYP8ieeMaRQ98ZRiK2B4NkE
BzPDmg3LYBA5Zuj22Rw3Zes9YBrZWLxyfQt4Xx6nH98m
Fe25mHtRuoS8LcVvuc4sAWUw5s1DiyFcVPWNTsc2hg6a
DsoiBEAyrJz3jGgsa3WHiWBukZTFEFwcRbgGKnw8NZjT
CQFPGPUQtwfUc6Y8aWQZrfPCHuhbKugeBYSAD9RAyNqP
7x489qov8LDY8hmHNyFtF2cGAWzAqSDv8gpkBkAHczHJ
CDTmRy5DSnmDZ3nKcYXxroHeKPhcZsMC1stDHmfJ7BSt
2EhBTk7A5jTnVNcC7SwA83vU8Babw9JkBfVfiU2A7vHA
F962129tTBCafGbwb8QeCWQte6ycpLKTzzAZ22761Zmx
6toLS2hdYzwtcVmdUEtJGW9NHENXtXv4e3CsSLUGr8ky
Ag3zReRprYBtUymrFteXeCzFfPdpvWBEo8fUufBxYJaW
3465uDxrE2g5HFiVkcXweWkZPvn87pR8NnXjLHzxNq1o
4qkQjcaKwBvDMsqrspNHM78BD63VVEtXRwsowjaoymgK
3PPWb9sjF36UpcJek5A37C9jfe3zA6Q9R4UkWPkAPKpg
CA7TAV796xHTe1pfCiXaLsKj5HifMHfWp4LPf5h52m9U
EYJ8fPdeRNvvk5LNz8xmXdv25xe6ErPg8LG7J69xC3eZ
BsFzjVUTGQKV3eaB8wgaTLt8cDotPoDZ1N9Wo6JCkKZF
5QjvkwLbL7PxgwKWZwEMwL2krB6mQPgFovNW5pzAG94a
C3amLqJwLppvg93ytWQT4kP5hWNRLwpNU9RbqqqZYJVa
EVdaGoPYwnufWhaK1qXKajrgbmEn3Xau3ZaXNWbXkZbW
2RbdFCyMapW4NQNSVMMqTYmvtzzH5j86aUAvFKo7vRjj
4njeRHiEt5pP6BrfDMcinSK9M6fFjVSwCn7B35jTBpEz
4Zmr7dmC5yBXgDDa4R5s9HfPA68bBY8U5hbEmLZmkPkv
Dh27wjUBEC1nUKttphx8vUwEyFgDgsB8ZZQxtjZ9iPmF
7A25yopRoNTbC9km7kRBRRxyDQW9xCXwMcd5uxkP5VFz
3Ujxu5cy9Dtj7amMinhdXRiJt6gMZp4ixfHGwAq1tgdd
2vxXr5CaDtS9YceKmdqs83kTR9wfYbaat2wqbyR1ETWW
FGqKKJWhA6bmPBUCNnoKBTqoATJRYAM7rwzEWoMNzjBz
4LK5S2cze7STPNu4i8ZMKQs5uih3oHPgQcjoZieknJR5
HvXi1qjPfXp8fnrw5j457TxHNtKoLrsBuDq7sK8WnDTc
CNkGwJ7Dy6ThDvKtn9DoiEixmrrvK6XswiD5uNtsSjro
7kdFbUQkvJTbou91g2K4k46b7wnoMrR91dnSKyPs5SPo
J4h8PiwVWYDt8q7YybGNjTi5XpwitYKFJrzg6Fygk8iA
PukxPxWy87vZtkGzXWtwgW2DNqXpQmxqQrpUiFLoRnv
dw5HBJhiPFYoNQrTYVkQJediC9q5KJDVvAUSDNNGVEb
6jQHyVHGAgoTMsXi7va6uCfr2UNeDFDvat8DtyVvQ68j
9ETFZ9MgfWbn7Uzkx3PxYiuEaHRUbT7LLoyRTyz8Rm2y
HLT4cHRNoXz47mc3NWjY9PKFazRyVAdMdt9CEYuBvyJW
GJ6ugknhqwRwSjmWWqKPkJSpKp8d26cC4h3g2hfA6SbR
FU3c2qAs2iGzvQxaoLLMKSe2SEcBmyUn6ptnx8vLHwps
9H1rADpCiKKY6TY3bdc4ku8uHrJVyGBg1a3DEqdJG8mN
