GWuAeuRDpAwKDxnVEDRW3hYn87dw8K91ZLrhhZUCftnM
AgPhAsvcwPfT8bcAQxfyvymHdS9enkCzHDZP67ihS5YM
6NqrTWh5B1cDprwcU8RXyThc96Cjyy2VpCPpk6wRxdpM
Bcpg8YVzqUNPHxeaqrBDdm8Q1euWN2DaQRmU6Y6pWosC
B1HcQD9fugxYPPXahV1krS58F2ePQup1VCsfZvJCY3Gs
66oqNbfDhAAzaw8iYc69z8ZtMUHCnixUgrpo9599GtB3
6fpE5MTyW4Kx1E9pLPPoX4KA29CpuQwsS21vmPvALUvg
FxDsKXCVStxQZt7e9VikzLA3XGhxxPAhC5aGS3oermpB
6E1m1jQfPY1bk48NyN1GMwJSmxUbS9Sqr57DyitziLWn
GLzh16EqPHsmFoP9Eyxw7ViZLNKx7zNT6dtvtcsHFUyo
51oET2dy4vCmZ1JMGYR9hbsvsLng1vcLD6z2AZp1uq1j
HFqbempFrTudgpE7mZ2U7jsxfuJcgH9DMprLKLNdPs7B
96WX37vQhNmrYmE5UhWG1xFmYX6QM9X9vxUiNu3MtwYD
EyobyEVUraMTk2vLjqTiCUuazBzBRWQmgW7GUiUAv248
J8vxiR8o4NvY8wcR46iuSpSAjXhBwGCgrbo5LWA3corc
Bg5J6ogzzRzUpJDd3KwEfHEnFwzUQTVciGMxrWWFfuAq
B4rgw12B8zqseHTtDMSDR9Ad8Qsk1Qj35xx63wAkMYV
92DixzBQGg5kQFtf3qJu9azgqkCxfFraAKHrUcyzSXdr
Cm8cYtgtfyULCzisqUnMg68aqqi12PGZScouQfJRfrG3
9cQepRHEXLZC2F2ncuK9HY6b228dQ7HNCuxZatWZXsNe
C6WmdDdWMA2LK6Xw47QKufq6ze5pEsEc35vSpU6wWcyv
6bDjJpMQBfQn7tBJCEc8M2J5BKXtDcJHFp1sBPe3CS6o
5nH4SNp9Hhigqmjd8spT6UyLKN8okssmWJ48uCGfWf3J
9CeQYRt1eK15SUAv8AE6XPhh1ijhBF1dyPdGQGAiCfMx
GyxrUNS4mSG2fwQ1rbCVRs88yuPW7jbANN2CGujxXpJ8
