FUjYfWc6oQpt82phSTfxy9QroBfDiToRudWSwDx4NYP9
9DWREMQtcKKcZRzqBi4kWKp61TW9MhASCVE9biCX7tvD
7zeN8GUuoXDXyrzjkEhrKPYjcMZSMNUXe7Nb3sHMFrxx
E4YnbxEMtg9988ogZrG2Bgmb5FhZk3eW7irwz29TpK8g
51oET2dy4vCmZ1JMGYR9hbsvsLng1vcLD6z2AZp1uq1j
4cKqqwoADnQVUAapaq1CrCwpBwbvCSohZPzB8aHooJjk
DPXX4QHgQtdcb5ggiWjiuwGB2YyNwDjq3pBdAXXCJ9RB
7srUnsGigLyApFwxw3MgNawzDrEkDYpjZtoQvBi6ayeU
5BJiM83DNAJ3XBdRT2APqqy26HS7Q12EUXHjA5De2Ftw
45nb485LKf1pEhsTab34JnbBb3wXnAAP3xh98xdzP8Zc
DiecGKW3N9yFQgmYo7wC8VyvVtxycwqrNyhKgcCeD9hS
7aoCPhU5m6SeTdokjLk9kCmBQuYyhnHAUDb9RTQoEvee
AsxYivuyVu6znDgnwenpLSLvkZDua4mGKxTvM2JgoeDU
EB4JmYU2Gd6ErMfZQJ6mC6nYTTcqahAB2kjLNEyRuLEt
GChoRaGhcY1EPPaqoZ57TcpmBD1ECoGPxqkPE8zg9DSX
6StcuetFJAbE7L14MwxpDvSekhK1YEoCZkG5WTieVvy
BxASWxha82Gq87axcFsuwaUM6WUhbK59WG6iHBHPmtmM
ASBVi2EqdAPCDCYfSa4nTTFzduWnBN5aukzv6QJ5ZQDP
97xAKp8FjyXkiYqTtYWN9ArD7KxTevzaCAo7VCcwLAsK
5ssu1FQCAxLQZUbSnFXAuPn2eDaZBTWkc5QBChh2yxAa
CmkTsDLdXLXzqsdZ2t4FNce3phcYccPgMtUekdMZnDRN
Bf6Np3YYVHP7i5j4hpr7oMCcyim9yLY1v6JqHjBqwDQe
XLNz6LtoAEfQSVUuPBTbFUwWUJzBxeZKVNiuqMiAd8p
7P4Bb1pCMuYNveYhg2j445cmTRCEGp2eAAtBQUv7Jz89
BtHKvqrVTqWb9MYvZ4GsMsg4mc5PhgaYFVdZnCwQDh8X
HDADTyGCNnbmYa5MVpmUwhDbiyAy8CcQ6k5ZDZzQGuuM
GZ7dL3aqcVwynsidEqLTUnsHf3iK5wvNFsCEJZvoVXFe
Evt92DJQS2a7UNRJp75J6dFB2WkiZ2nPHHsLMXrDs8jr
FpSrQMhnYa8YRnEQqKstyi8DYsMvET71CPfnmJkBSSP5
8xnDiEEaExducDAizz1ZFg1cDL6F3rEiG5r3V4g1AxGQ
7xP8eumueg2K7cw6RYEVEoLHHxBkjRZ4qLaAYRQTEwTp
45nb485LKf1pEhsTab34JnbBb3wXnAAP3xh98xdzP8Zc
FpSrQMhnYa8YRnEQqKstyi8DYsMvET71CPfnmJkBSSP5
B2xHAEupwfcGLvmrJZmrsAFdC4qoQRpoExjn9uZbDZyH
7KWDs7AH9pFYsE75cArxcmtD85J7JKajkRyQk3Xh3Uqq
BR9LRFZtgF5q3aodQBsXxY6QeQPyCQJQ4fYuz58fa9A6
8uQPJ8jYBdd2fhvz2yfsn2bbAnNAmbd58SMPZ76vQJgr
8eeWesjTSLG6Hdy6GV8bwjrBCEnwY15LWTkyHtGtsUB3
21oUygjRUp5VGNKMJ9SuJpfT6LvnKn7ZDjCEHxxachXt
7KbmFStnBVAUB1NRKuNFdhzXtj3mfAT4jHLXoFvFFSaS
2B5KNHScvQkfsc5RAaSqSxUn6mfJunN5MB9GbWp4tpy9
H1hW7CgqDL8bgRgBRbubKJgoqDn3hQLXpSsUtXtMdxoH
8eeWesjTSLG6Hdy6GV8bwjrBCEnwY15LWTkyHtGtsUB3
CGqyDdLVve1Ws8xLQbxB5spzBhsCVkLw7PzcMrwATiwW
7gZnusx9yjnAcDeXCnMrvCHHcKnnfR2jmHWvpNBMZA6r
Ezv89CmTQKBLjFvVpmDpGz3bxbxD8TfKsT2svRFn8joV
CkMFDbNEwaNiaQKaq6uUH3hmXp8oQKcGy9cT12F3xNLn
5yPGvUz6JWKjkViGwTCpygJii1rP2xv5yx146ULtBiYq
F1uo5tS4JzGLKDQBhz1DdoyQf4oRjYcynHiCa31dRCrD
6fejt97Ud4KSLX2rKkVpoUF4JV2HQFxJHLrr9gPgLXVT
9nF2vqusHupTTNgw3quL4f3jorvPdJ8VBPv3Uw1xt3Mv
AsxYivuyVu6znDgnwenpLSLvkZDua4mGKxTvM2JgoeDU
3FNmL6TuxYzDx4cgTHrHgoqRi5caLw3QXBwZJn6cC5jo
46t1nPLVBAWumcyPLePF2Wt7VoNbBdnJyLovVvpEgsap
Bw1hYhphtLhxBbAaWt1MKZGdQi8EczD8xL9M2PDsDSY6
ABnyqcA1nFPtNVbUd7XcUcJ7YgcyqpMk9rAJtmWhkAvr
73tF8uN3BwVzUzwETv59WNAafuEBct2zTgYbYXLggQiU
JypNmtyb7RkAMgnW3mpLk5MADh9LsiAX4yZhYa229bk
4Hsiz7q8vfBizJWsE9RViFpbAPmiH4pBHcA7ksq5JTaF
7srUnsGigLyApFwxw3MgNawzDrEkDYpjZtoQvBi6ayeU
5t5pfR6Rz1f6XeLX7ribnVFZcY7pXLRbcdpEqyoFUnA1
6yF6NdzDRZ7ZoULP65Y5Grhefo1qpD447ZeQfMbbpEia
5C9tu7uVVvPj7ji9K8hDSNsYSpc5cLgbP3W1QxfW9n6U
7tMyU22ViPrhY14fy31bSmTsQK6rwc9q3Zbq2u5RkZis
JUskoxS2PTiaBpxfGaAPgf3cUNhdeYFGMKdL6mZKKfR
HAU6zuxFMa3qeKevp7hA5tABr6nT5arw2DJ4D3GZsnrC
3SaKisyDTwZTGErjF71PZwSBLEsoVmfkF718UpCuqMvX
BtHKvqrVTqWb9MYvZ4GsMsg4mc5PhgaYFVdZnCwQDh8X
7sW1bzEJcyVwpSU4RrWeK9qYXs3ivZbjEa9Nh1A5bwU9
AerAh9j6xCweT81jJr7hUa3BQT2Yy396QZDmbpwY6HBp
5uSmDhZZ7dhpdpWUKAzDoiteeQCe3ReoUHbZzKvFEVtz
skU11A6Br8HjAWgwFScGgsqzSyG7qQir4AinHa94pRf
9TSTbNVMXMAD3hYdoA7jRnKZCWKuKfkm27MKJsfL3JQn
32QmPoB6BoGHCAKLMyLv9hHJLiGqfi13oDPw1szudMBo
5HgCS3rFUHptayfWZvSuiiKDYxpqBoetksDoiqMaSFY6
CLFTuL8CKrGWDmKGgLoU8dFh1RM4zbDCtXRPYLFtC6o3
5tgZmrCGPTFsQcsb8zswLfrGuYiLp1LTuNPBvfrQb2Yy
3QTRD2FfM2niZmZH1SxS6iJCRFY84DTq599gzengTtxQ
AWVtkBF18ju6CZuBjr9qmsV4yxXm1ixQPd3bR5e4z85z
G4yn6VjDQoRRgqKVt1fp2uei3rFHWWKA5JwWPMM4eCgT
22PcCdkYNqVVtLwCQ3BSi3YmZaghBCgYNeAvBcee29Tt
BumB3NaNkK9E6FLsCALqP71HgMZDF1EBigmt9p7Dckw9
3uExCZNA4XcoLzfvjPPK53VpgXqKuWUBR3dmjR2c51TR
CYVikdfqKK1SmPasR93k1p6CntrmqGW4YcoSYQQ2TeVp
Fp8Tn92AfVqBTR6Vbr1xK7tnDWLeBgNv3cRte3wMvmsQ
6sSV6RqtPJQNLMWnPrXdAehshU3xJ4eW27wN31RWfjoB
HNyvVfCcNtogL4Gq93zwZ3oFdRo7vrUqdFEwo3RqpDxS
F66h5aDcC59XF92JqA6qSgqU5BoCbtjAWq8Y25n7PnF
6niAUP6acXnKMxcgyMfiCWFz5hxPTqQzfJDKUbijVSku
FYWNC3URfZVB4q2n51FCV5WuR6xGuzxdhj8q31MqKH9h
5LsYixox5LC5iw1axsSMey1g9wyM9d3BK3MYTXu8pdsk
AMnL53CPuiU2GeuGXE6kVj4s7zahgodv2p11tnT57jCC
24FmjG8Luc1cTcyDpC4uT5NahaKH8N5nr8M4AroYMPyo
Bb1PqVKh1TJL3FfLaxVrpcGopuXrUA3NpfNFv7VQSsn6
DWaAVXvNg9NcNUPLCwRbAhc8NVmFzSLPQCFuwkxgp9Tk
FjLV8aGW2uKPqu48RsRJsArHNA5qJZda489eYzxgqj9t
4LBUPX7zfGzqdho666K4ueu9kipXkQFoCpNCYmQwdVmi
4j9S8vxhMvkhwmH3HrrxGsXNB64ZzDMTGXdKrnNLtdbS
BEv2CyGCrqdViM17WKqTmnseHoPuAyspHGbTYN7AwxY1
FXkMTk7iNBzUGXamFXEVrM9ara5YSciPHAUZJCt3dmsj
9QDvYqL4KkQRXBmSBpAMdkLfuUvEUzZ62YvgmJeS8kzm
7w2bzRGWmTnUKttPETsvVygz3NBoQUNXnEJv1wKPJDyr
GrLJKhgPQvd1fgPeSXS8PmohchzadSrkNotp8WBctQyh
3wKzZCoN25m7RazPfzbLfrUf9n2wLmYFJgfEnB8S1HyF
2MEj8xtGE4dq47Z423HtwN4YiCBVMTBKELyYXTiypT7Z
DRshGmVTtRPDPQXUF6G8d3c4V1NQwQn4bhghjWWHqhk1
7RvtX4WGag5Ggy4oMtj2ni3oc9amEPmscdHLGvGQdZsh
GChoRaGhcY1EPPaqoZ57TcpmBD1ECoGPxqkPE8zg9DSX
AEUto3eFWHLAmmVRq3Vo2fmHXwte525jQGG6D7pN4RRd
Gaw5HBXFe2W9uepHQ8ehGpHQ6eqEvAswdt9BHzPnet69
6pCs22raxzxVRqTehg46bVP3dopJ38XZQCS2zbKPKC45
CbNhz35Sme3acS28qbjo3mWGfnrLNYpansGukcC1cCT1
9SeFbAaSgay9WMX6v7AWSQDbE5Dw6T6TNHnsCiEfGRQp
8BcsHDYn8ZzC6cm5yeZYup4psDpvpZp36attjgY5oheP
CzBuPFMJQbPLw6k3B7z7KNBwMWfJZZKTFBYZLhYB27N1
9K4XUuN1rm5ErTzCH5kUg6L3KjC6SvMKMmtspar5HQGi
vqk4rNkuaHbPHqCEf58R1na7QR7VFsZeYVqwxATJpRx
32jrfQ6h9XrfAjUseyBaRfFfLDUvPWYdm3BunPPkDak9
9KeHLaC2yU7M3SrECLwu5KADGAFaeSpTBqwwMm8cSiX9
SkkgG44b6rKYoX9KxkYdvdY9cnFPij6VRoVAeXTkifc
BmXtYjb5EurDwzp9QraP9CXX1Yvxhg2ErqJaF9rFWoFE
ZxxZVFjpJbXgcavsPprNDoFS7UvV3qCh3UmZdovLYMF
6ofXwU1s3Ma4ZcvLG29UD6mm1auDV5jumMzRnY1FdFVE
996Kb1a7W4mqbR6qxzEDBHJtaJv8bnpWmegLJxMtpg3R
HRuunce3VyA7khyjrywQDafY3KEye9cXPLmwaZcCnGHV
Cm8cYtgtfyULCzisqUnMg68aqqi12PGZScouQfJRfrG3
3pC2UUu4yGzxUT5SfM8AqmRviFFhVso3Gew24yB5gAUr
4dYe8NDUKCJir7hYoFSC2FCJwVa6uycEfyQZ7aYrCqih
6fwix3pay5zNtHt5YowadZEPuK4Y1wGbYFNBpU1CoUhH
DKxvN7zqMbDPEToH17X9iX5qf3KZ25i1jGuedZRSZQiv
F2JFAe3oRG1LNLLTLegLLGKcW286Lw9uhsb8mb7goDaq
2n5PbADyQXeCMztD5wnZjF3Nn2w8PmCmqSQ68TT6Q6KX
5tU1cLjWPw5XD97amNXyETdmPrj3X9s8w1jSdUnd7shk
9Vt6ZsW7PCQW4LPkf1YoJ88oVbZYBnT1KjWS4WhX8yQJ
BParwtMqeWkzpe3P2Q7CiUXUgZdbfMPnCwQJ91rzo1Lj
32jrfQ6h9XrfAjUseyBaRfFfLDUvPWYdm3BunPPkDak9
2tn4ToRyMT8Mnh29AHcrixZr8GmDBUjBcSqpYdEuWoAU
51oET2dy4vCmZ1JMGYR9hbsvsLng1vcLD6z2AZp1uq1j
CNgwgXRXh6bkXkeErtJytGCx3esf5jtFvfEkR7USvDjs
EecWhqyBx72WQd7eC3fxJxtBgAGBDfozRswZNjPFNZYJ
GL68KxqmU4E6JrwXjrteyshp6whEBe4QLppjW2jXcH3c
C6KSW6CUE9NMNTuRL6V4ipnk9EAYDhC37Q2Lp3HgBdbM
DWaAVXvNg9NcNUPLCwRbAhc8NVmFzSLPQCFuwkxgp9Tk
7P4Bb1pCMuYNveYhg2j445cmTRCEGp2eAAtBQUv7Jz89
Cm8cYtgtfyULCzisqUnMg68aqqi12PGZScouQfJRfrG3
99Pu4oMHeFWPNruVPLJXN4EsDS6jxUxTkg3YSUmeNKE7
4ks8jvtHN8JoWJME2KrPRi54XzDbKeiKXmb3Qy19naip
6mesuhcDT3HnDdd18KWSLf2xapZnk8tmT8EePj6k16Qa
5AGJTTR28CLMPJSKNC3zkzNF4qEmwgpWLuLEoV73w1hy
CYVikdfqKK1SmPasR93k1p6CntrmqGW4YcoSYQQ2TeVp
4cKqqwoADnQVUAapaq1CrCwpBwbvCSohZPzB8aHooJjk
9ej7a4re5ZsayUKYpU91q5UEakEjCwK9mFb93zDAKwUM
7vAg7NxpWJjA9eTFneNemmB1ddsUowy7bbaDECFu4AH2
2UXPd2WtjS9FzskPx59gVce2r6G3gfSPP5w4RjbSEfwV
32QmPoB6BoGHCAKLMyLv9hHJLiGqfi13oDPw1szudMBo
HdxPJw1o9kn3anpd86VcUdo4mdLjj9VMuUqGyANJkP8R
7etmS5pJxaA3jpJz4DuW2Hh9VgV1EWxDXCufZCaLLsGg
DemfkP3jmw1ZZLMXM1vkwVF62LMyN5AAjFtquBxbRSgw
FjD9nUmzPPktL25Eax5CKrxyknMyFxaC8oTRgb7RvJbb
CH1d6pbUTgBzcHMUMmVy9hisP6k2AXguQe1ASpt2vJaR
9v9D9kvePLBANY4Zx2PUzn75dHuQMMMcs7mZLYy3gMaF
C91QVSPebG5w5SP8Wg97bqfnnNfG6j9QDuTFC5EM25jz
DnCqNdc2vHLAq8abiRz51DDLty2hy89v2CS9DHdMdSWu
CxX2yhU3a1UfwiZdYK89qArDugFF5w1vQ6wA5LsSnvgK
Qc5SZNSRdXfVxbheZgz4FkfRH47UcYrv39adXhYcLb3
6ZJc1aQb3QJmxCMEywtesoXKcHdFaXuKgjmjTTGH12au
FSVxZGe2J6Kr92xdQYpP74dxd4uT5Yhbq6s7SPxJF31d
DXYGXSs49n9sBTP9k9jXKWvBVmXSB2VuYZUsC4m1JjHu
6WSGcP7XMavdokAXj73xhUUaUrwvAgM2tTfQDEYCxpUW
9mkZYpXhZxzKJ9JHHZMwwVDTqsb98CzTuBiGDAW4vSq3
DWaAVXvNg9NcNUPLCwRbAhc8NVmFzSLPQCFuwkxgp9Tk
5t5pfR6Rz1f6XeLX7ribnVFZcY7pXLRbcdpEqyoFUnA1
33apeLJZtc7FvMqWoLU3yWupJCN6ijGkKUD2gUmjhxe9
A4jR8ZNLjEZfMV3jWcL6y271Vty8ywQSCPSsjPoqrHUx
6DXLD9wLV7z5ezUa49jnEj2asfFTaMPbBbJUNS6tfYuP
DZPumZfKXUP2ucnKNox9yZXVvQ4uzRUaFoqF5XvLhPXh
nDTVFxnoYQ8F8rXDYGXbxUgeoku8K2Ez1Ga2jsJtjc1
5U6tEw4aDK1djxxgNV3URWm8aE2PTsMDh3EpZNHxh9AU
A7QEhKyS2fpmafFC5gvhfogPJTRZsEQk9JDMfdHiZqnn
AqwcN2rVLNx6Qx4tp4rxgtFPsXMrE7QWRbD72BbeApjb
5Ypgs4Pn8ZM3FVEFAPQBSTyWrX7NVyeJ3jTBcT815qCF
AcTz4LZcyNYapAKzSE7tuhU8PcvcaRSeMskQYNQzEagW
CFTNXCMR1VxPm6J2h9NouLpVoD5SnKm9WHBostBDRRTr
8thnBK5nMHcn8TZQDDxPc8z64NGfW2cMLJersUUYi1eH
7zjmGaaiKCmopJQ9UQjGKhLKYL3cveL6kCkXawCvFdJE
EZsxgTx6JXqZS34sDynrFkKD1Q64Eve7AW8FjawFfovV
5jYB77i34oXCWHHjHReM6vanEtVUifTmVJwwxdawj7uR
AtHiXaC5JHtQiHrnUwTVKxu6vXaeCBhVU1My2KFFtJTT
33HAVVmo6MWGatz1c8xBdJ5ousatqAMWL53EDJnEWJAx
4CVLbLUcNUdoXkb7GhEJmoPgiiv7G6fistNWu4Rx6T9L
D19N9udTVk5VujnBcmki6DTQMnRJCcZYs6yB5w3zk9HS
24iifBd4cBp6tEhYNZvPvdUsCuhmrSXXauQxrumEz4y4
6R8bG92SnwutLfWfWp7ebL3EExtFDFNgLbkggS9TVtzb
2mSEEsrV1sQ82J1PztWQJ66GJzy5NeSDuFBozNeBqAqp
BtbxfyPx5v82dcKYZTU73Nww9esX1T31t9TPjSw4LuXp
rMjHEPkW7J1PF6Vu1ztdvRofKNWaP3yoSAXbkNdY6ML
bae93fAqQRbzRBwLnC5ZeDt3j5uX23nD62B3pwvpgXB
9ej7a4re5ZsayUKYpU91q5UEakEjCwK9mFb93zDAKwUM
b3EeBpVifZ4Lxb1qKe4c4ptBTc4yt8KPo2AQwhyDLjw
3Q7BfxTo3h4AFnMqvFFrdtfcBJ6nCX5AUN7ihUhpPXbY
8kDuwMX6FJ9JLBHpdRWgBu6p1aoHKqPYSgp9bTaeoBY8
DWaAVXvNg9NcNUPLCwRbAhc8NVmFzSLPQCFuwkxgp9Tk
D7p1a49fHgBQ1UxfuMCPAYRepN61QL7hBjXZrnSt2P65
GX1Vmx4AecReyK1QxMMkWhqzgGmNs9HUVPQkaDBTDvkK
MvogSQTXToXV7MS8hDbvfWGoELDtR5Z75SGMUNiUddN
AE3SPA3rjyzxQF7nZTdnev1Uy7rqJxZLqXQLzCkti3qE
338TV8SbEL34XUxm4LVtMdpRcdhQ8BW2mvsUgen3AbKt
Fg35Vg6TPBRe4jn96GrKmAGPs9hrX6aewpg5DVjt6gXU
ESEQW24TCwcR4hYKCX6fZnDMaC89bAW1SuhsWzgN3E3f
AbgicEN3npoAGUvZCJWpkLkniVxnEdcsFnTHCcmhfUKF
BNR9v15ey3uWaeZsNYGX5rDvRus9S8UL16hSgduEArFN
GyxrUNS4mSG2fwQ1rbCVRs88yuPW7jbANN2CGujxXpJ8
2brFEFu12KMJfWXm6fnTg43jU9imtYtZ4ht97cmD1sXn
9o1ExiHt1XPsV5LEMKJtzBMKmpv189yLp27865vEL7Ux
AEUto3eFWHLAmmVRq3Vo2fmHXwte525jQGG6D7pN4RRd
FGhqPQPRVyhyKUZx31b8F5HAhxYoY4ZUSizyurLUFxVd
Gpe5fe5Rzrh4kTQn7g28S7f3xctjs9DzseXi33FTMYAh
1cFpUBQHtqxAYk3NY34GWt3zVUmmTqLN2jBm4BXWgE6
GD9Dx84Rzr6qLJKoZqQFZn2Yzf1NyPFbQeSRZqU56f8z
Goxdxssq5wh3uVEKgupfLZmzukLQVHn6nynD4dZ6p1uF
ADc7mUWD1evVghTWFA2ZiXab2mcHcV6UNPBGQL1UqMWE
4iAiTV3YEZeJFt6Mno67ZWSDZmMSb3yRyScccySmhs18
HBBkVN9gc8jwsLWkyhW37UQbN3JCeBAK5mCqzdrWPTha
5ztQBjnUAaJVEB5sthWWf9XWMLeRRRpoA1q2wvNTkh7V
FvLBqUPK8qeVsfgsm5VXxFGV54VcbC13JeCfhwjpQnq5
FE5UeX1Lip92o8BzRn58hLzuMUDZJKuiSVxJoRMhhh8j
6bDjJpMQBfQn7tBJCEc8M2J5BKXtDcJHFp1sBPe3CS6o
CKMDD7Xp4pBztCG5G2utc3kXvFqPJ17HMDPUwhLiHzhM
8nWnXehVLWEDb3nT1k6WxVQ1f96a5Wy3zsNN8GdKm5Vi
6Aa81K2N1ioXFSXcGrQ4WvogXNZtrkiqokwzoB3Pu1on
6aVxAU2nNjSUmDkSy5zgavKcZNKGov3xhi6tUPLnULLp
5q5asD8bbneAFtsXyQ7pu7d99g4BfVF8Tr5q8F8x5iP3
EJKgE24eAUa9aHGXG7gukupdeLqbD5SDwf94uyeNYGmR
51oET2dy4vCmZ1JMGYR9hbsvsLng1vcLD6z2AZp1uq1j
75YdTkYu6qvwcJBijJdydkdZBzseHnAvQhjkXsUad2zH
SKULLV13rVNhZadHCZA2SMRafy6fYRvB6weKEQj3JYY
APbnaMh5jXT91pevLBenckSwNjEdnXCxvnpyUt3W8iZx
51oET2dy4vCmZ1JMGYR9hbsvsLng1vcLD6z2AZp1uq1j
8w8zNnvPHSoUJN2HJibCPvZePAtuPATo891ZzPEA4Yik
8Ruyea8jg1fR9oDZbeThhiHH8q2Wuz7vqeMbcoAyWZ9J
5LsYixox5LC5iw1axsSMey1g9wyM9d3BK3MYTXu8pdsk
EWC6ESChdBqExhp96XPMLXR65pXP6Ftuh1pPAVws4pmk
F2JFAe3oRG1LNLLTLegLLGKcW286Lw9uhsb8mb7goDaq
6aVxAU2nNjSUmDkSy5zgavKcZNKGov3xhi6tUPLnULLp
7HSQCCHvV5iR9EJU8tHh3CL1M6XDNYsU218MSWLzYXHE
Dg5gU6sFvZ59u37T4UhaxQBYeACu5uNz4UfdM1LJFGrg
8zfdGUKpemtzs2Ypb8reoN3A43o1ZkbwFCBNzpUeFeUo
84tYj5QuBQNDVsFXiEPMZddVTtAspbAJ8oRbXsLwoS8x
E6cf5us72RkxYu8hSUX1GNb1smNVAJhtDd1Gyafzb6Bc
CGjEexuki8tYteRxpEEq28ivbcsV8aFmhJS3RTZzM7vh
4feGgguZ8pfDacgzWMk2rpp4odg53QvY86TjoPtycFbF
Hj8r2JfHZTJPqQuz3GWCiu8sgAnYEj24f3eaJQhRerUf
32QmPoB6BoGHCAKLMyLv9hHJLiGqfi13oDPw1szudMBo
GLpzNHMpb7vYH98VkGuUKcgPETsDWFcdwNscJypyDbtz
8fYbjVT745fkPJStJvpReCLzmKnwP4J7sVsad8cs3h3Z
4ZGAMVayrbjBP92MqW8iK1EiS8MSFA5FL82gATVzfkzt
CJBDLZx8KBTJiMCx2uMi23xVk3YXqYVgkEy4hc3TybDb
DajLww9JAzbHx6VNacZZWYKQfUukB9bibGRcwwHs7e3P
94PxvJEg2HvVPGenqStzLS8Bj8NDxvKCLbbgpAxX9PpF
7tMyU22ViPrhY14fy31bSmTsQK6rwc9q3Zbq2u5RkZis
7wwbMfcPe8nwaNY74TaisveoBsukSKMaFHxLqhjfqxTX
ANkN53STbZffchbxzhnNJZgTsJDbcvq1pPNxX27A1Nzm
5awsmonFXxL4xCNQTYVgw8zGWXEzAcoTbirxYEYqxwh3
8WYRXiQXQSoAMw8A25HuTiTmkg2Ax5YTaBxmHZk6s5LY
826JEBT7a8nr2VbQK4W4P7dmNfL2BmPydiUZBXEHBywi
7BEgnmvPk5kDhc2qeK86GozqqEvmWXcpQH2oDAoJ9fcR
DkLRfGqbABDaYgqdqmq4KgFmY5QfBjZbajK3SrmNiVEH
4MJ84srbSCz3eZJhqG93iRnf4rosLcC4R5Bpy7ZQmJco
4Zrjq7HiYSFBEKRrqjtK6m8zezcCM6xCDcwk5iYA5A6G
EyX92Sy2pq2UT3ToHcV4y8vwFQADrWhFbNHtuSw4mwBY
93JcD52gQgTkGqADLhEo1E2vbqDkwXmuMGuz6bLh5hVa
3uBkPrrU7tGNwMeuqCAbsEVNUTHKqi3aWs4xZ7Cbea8f
8pFN1nu3ejuJgm2zKmGWnA27e6KpBo4Hsc4gtduhqewe
7etmS5pJxaA3jpJz4DuW2Hh9VgV1EWxDXCufZCaLLsGg
uaLAXJ2jZqZPs5dbjt5HDHRV5TEepEKSmX3u7em3ymi
CYVikdfqKK1SmPasR93k1p6CntrmqGW4YcoSYQQ2TeVp
CdXU3s7AFPSoqAdSq4fTXsDeTvgeiVv61kgSYDLDL2DF
FmEZYAVBo7zsxGkd2g4tQUHKpuZLLU2bpDm15AEUTqWz
63X9KHuZ7oZjV5CvcJ1qgMP83EckJ9Nyz1VESTfBx3My
H4XnfU3Sr1J1sFUTcdE9jfWxvbLAomjC8UNZkNpzScDA
6ykYU3fWNQnoNunJKDLSVSZWCMPoajoE8EVNzKCYs9qT
APms1YdSWwqDgRdtbgXdaz8u7z7yNr8yePbyjAoFSc5c
B8unY3f1mc2T8CoSFsdmo13Stj4sXZYTxLtQwH2DwyvZ
Bv4HytuReCvPRMofF9FoE2XRLB7SG1XsEsQqSU42SbuZ
41fxit1aqZrpYzdcCbSFW5T4Y5Y6VZaTihQ7RqA4EuZV
JA8yXQ5ZuRfATTrCatJoehaMZjR6f6QnPgtY415Vs2vt
EbfwUQoMi8vJ1HZNCnotLH59xYpbPSqjAufDyZWqaTsF
J3EGnLwVBrdhY9PejTJYG2241smr9X8v5BjjSw2QWWo7
DMr8JXybdbK6aUWum7zbRdZ2ECB4u6di1xH8UtzkyF4n
BWU2c1fdoEJ8PzKUkfwzgTVsf1ScZi41kKCXvM7e6dBx
8C1agdaDr7BRWAJNcZVQSATw27JZ3k3ZBxvrDU95P6cC
AN8YFRq5BWfdhXFCoet4MnoUfWvFJfBL5BjyWwmrtD2Y
65LUFTS37ZNHvDjSXsqQ3JgSGvQSRxv6zkFqKKs85V7c
HHkbYGkcS9Dz9g1SvxrRSUb5ibiM2mCircigQqYqPkqj
HxGr2AZnLhyDxfL6vGCgsVpgHzXtgtWjZyNmPFvQNsBH
4cKqqwoADnQVUAapaq1CrCwpBwbvCSohZPzB8aHooJjk
GryqvMoqZFnmTxVMduzUQt4RtCZZCTKRZwLNuL4KyKsa
9dFNNcoMyzAJwFBz9mX7MHSbiSqSX69XZ4wNPP8FdUQJ
Eks7hx6ic5zyya2NqGX2Frhk1StZU3A3fzKg2HPcm1Gf
4LS39W56ud4kUvvuGXEUSEPqizzEDvjfZtmFDoLtHBKH
6NqrTWh5B1cDprwcU8RXyThc96Cjyy2VpCPpk6wRxdpM
AEqngpdTaH3T78AnTh25McWeoXXnQ2Fbfvi5aL5MBFPx
BtHKvqrVTqWb9MYvZ4GsMsg4mc5PhgaYFVdZnCwQDh8X
4mEYrNREBxDWynMnTULsXWjrFCsXeFtaajjhAQkY5Z29
C91QVSPebG5w5SP8Wg97bqfnnNfG6j9QDuTFC5EM25jz
BcwzmAJunqVo7M9PHuUn3srQJX73bd9xr5fJseCDGAZm
A6MV9fqoBSuqVLJGo2eaHMgXgvLC8BZSWnJr7YHnRtJU
7P4Bb1pCMuYNveYhg2j445cmTRCEGp2eAAtBQUv7Jz89
A8wVZjY1uR9TMfzF9Kc6B2zPCBNJ5VpNa2HWC7ERykFs
8A3KSxmVE1rx82odQDeLqg7S3HN9asrAT7c1uBWW5Jbz
5gZWBtmWxvb9c71UETacLE4LNW2xx2yKJt4pSnPB7y5D
781GzKc6aZPcheyEhmeziGWNgJBhePtVnsRsSCvrvWTC
AsxYivuyVu6znDgnwenpLSLvkZDua4mGKxTvM2JgoeDU
6cxR31FgTSxgnnS2cdsjhpbzyzYhpdJVTrxdHmnM3uBw
APuxQgMLdP8pZk2VzsppV9eUD4aQMmsCieWVyU75LSgn
Cm8cYtgtfyULCzisqUnMg68aqqi12PGZScouQfJRfrG3
BBcnpuGSbDbMhZHugVRhURmfdFWkieXskLyHvqcFMsbT
ERm8djghXKQqQ7ryzNZkyeQdSom2uUYSWr4HT5NEWpvJ
CZbmLXFpJGzNabQQdsHQ3KWMkA44BFGrdVvvSxWA5RwQ
6JP6yRoBPYWzhUwvDAq4yND6Aq2kUhPvn5ciLxkUiRzz
HkxJXNjMKNr6XRNEHgiLiRjApeTyRDubMSHTdm4ZeBVz
EFpipurDmX4Lgv7V5TobgR6TMnBSZv734pgcZjWNkmfr
2n5PbADyQXeCMztD5wnZjF3Nn2w8PmCmqSQ68TT6Q6KX
GyrzWsvsPYmnJ2ZSpxu6tJvFZR3q2jixuCgBJsdtm9kA
8BZiPqhVHcQRUi9ik4ToqZ83wc5bRovucP44ajwLSiha
2HybyiFMCJes6XPP2sU81KqDV7w6xuNx1d6r9sB4kwan
7ZpuSrxBsMVQ8z4GPdTvzsVvaT1qEw5yhRgh8fHKdDqP
H6pPKHK9dNkvhofYHVa4QJxxcus625SpkzQuxLuDmgwM
Gs7hJncVtbUZ6i8V6t51tCvvTSjaaLdeSTs3WR7ADdHg
9fahkUnGgcy9fFpp7oQxHY2DWFzpZcrKYs29sk3sGrcv
8X2bbfKpevV9Bs3PYTmkfCn1FRsCcb4BDnSDKShRouZW
9PnCyVeH7vFHmZ7LrbKqDUFFnv2dDqE2uHriDQfYBBwz
GpnKen3QMaLc1CzFsoy8UbcbPwEXRXb5k2qTkTcUa3RX
DJNqLSq1G5CiY5w4kWoj9pVVUXXgHoa2Uw7Ja2jBMXFg
96WX37vQhNmrYmE5UhWG1xFmYX6QM9X9vxUiNu3MtwYD
7P4Bb1pCMuYNveYhg2j445cmTRCEGp2eAAtBQUv7Jz89
BVFTQzEas8kMPkcugksaTTuLnQJ8ESxtLryk4ngdyvjU
AEUto3eFWHLAmmVRq3Vo2fmHXwte525jQGG6D7pN4RRd
AwgVoyFwAwB8vH4KnsRCGdfuaCoVHmmrT7okuLJv38dT
3nGQaaV7QeUeVcpNzkoTsiLU8oBii9qyy5LqAhx9K6FW
7uCsLRhWmRw3AHyb4hnifXxiwqNXi4UB8Ac4ynnrZ5hq
2eYo35u5oVtnbJyW32HdvjUzcZx15gssPmHhiik9PhFS
51oET2dy4vCmZ1JMGYR9hbsvsLng1vcLD6z2AZp1uq1j
4LBUPX7zfGzqdho666K4ueu9kipXkQFoCpNCYmQwdVmi
2n5PbADyQXeCMztD5wnZjF3Nn2w8PmCmqSQ68TT6Q6KX
DThVgcuc2FeyETgBnqXHPcfmKJ22SV1FmCU8uGW2QfUL
GHULVZfsJWU69rYJsy6NU456XzceBjVxLcd9drcdVuqe
CTukU5WkHZAAwxpicJw9zMaKmUpYBPttWeZKsdhdgint
9EYbhLeJgQpzrskTWEMCKykmqpjzBM6vRC7VQNzTDjGS
51oET2dy4vCmZ1JMGYR9hbsvsLng1vcLD6z2AZp1uq1j
6naqivpSkKAvd1onvT351UFjxJFqW8RmTNH14K8Eiaff
Cm8cYtgtfyULCzisqUnMg68aqqi12PGZScouQfJRfrG3
6CfjjT5Cyy2RNgn3wiGSuU1Q2VhrvHo9DxbMPwotzeUo
FryJS4Ynb1kAMfZ3U2xBiajSkkWiaxo9fWULZxzgQ5P6
AsxYivuyVu6znDgnwenpLSLvkZDua4mGKxTvM2JgoeDU
3eucHmLaRJzL3d3rzYx94KvxcVhR4ESLo9R9hhb5Snbo
5tgZmrCGPTFsQcsb8zswLfrGuYiLp1LTuNPBvfrQb2Yy
BSrqzybMNe9tWnbbeGF5FFHjWQ4VC6Y6KYBLFUbTdhw4
aB46Fxk2SNZfw9EcXozb4ZntZNytP7Nwcvua93FrA18
14TJ82sAjiw2A8rTqGiBeseHp23RZqf3yZ5PovWSb2jS
4nB9V4qi5gyiSdrVJ8iC6EBzjjRmdBsGCXd7Qufrzehn
8mfSvKNsNfV1XFkZVJV7YV3igWdCJuJefV8GimBKvZsn
BVFTQzEas8kMPkcugksaTTuLnQJ8ESxtLryk4ngdyvjU
7o4NoA1g1asZzi8D4fRPjVuDR6YkKGhLRwVbEFfmRWX7
CUEkEnnM3aSYrPa7bC9MZueRbhMWRrbQFsdosHs8G969
75YdTkYu6qvwcJBijJdydkdZBzseHnAvQhjkXsUad2zH
FaCHBb7R7mEp5oQZcFuAPxtNb17kwMCUrVJ5zLKrktay
EzFmEHFgkNa38kcnWSaVy6FDP24xvWHTisRUjLD5aMLH
9EEeXJSGySHbCGYvwE9xn6fZ37iav6SHaAKorkS8qmX1
HQdfvZQtRTmyQKftw89qdGkN7qq33JJPdMDK4eiyr57a
9dFNNcoMyzAJwFBz9mX7MHSbiSqSX69XZ4wNPP8FdUQJ
2jQTV4dbMWUwfWqvhebjcLx3wGUqWqaNtipVyR2wP87P
51oET2dy4vCmZ1JMGYR9hbsvsLng1vcLD6z2AZp1uq1j
4L4WMgQtJ3Acbm5Nm5utmEXcofkoxZFrxtzm5xvfN9Uv
4nUC7asPNFbdiB4zQNQjY5H2s8mE1ERobeig2KzFhi2e
5tgZmrCGPTFsQcsb8zswLfrGuYiLp1LTuNPBvfrQb2Yy
7KbmFStnBVAUB1NRKuNFdhzXtj3mfAT4jHLXoFvFFSaS
BAFEj2qENtVH2nHDkhy5ZrjfWbuZrM4P1Yyb3He1TRMu
2R8xyrEYq1sfgkp3A3jQ7nmW5D1z6Mea7KgHQekHgX97
EAzuPsCQuDDm5EyUeSS9bDbrsDrKejiRNJgLJkRvqAWz
HDADTyGCNnbmYa5MVpmUwhDbiyAy8CcQ6k5ZDZzQGuuM
AMpvmtFPN1ujja5MdGpkS5wpatvpMLWkLnPGQjoDQ4WA
FxfqPzf1dUCAsfkQLpi9AnjhZzwvpF8NvXSgTBiqQyaD
C91QVSPebG5w5SP8Wg97bqfnnNfG6j9QDuTFC5EM25jz
F9zgbUwXiedzPet32ZBR1uCZ2tLNreRX9FJfL2D16yTd
GBc21R5emFJZx9TsNhNm9r8hYGhSodknuEh4F32xub7Y
585a1RERUJACZQodbSBU6pV6ETVwrrKbesMVq5i5BSMV
AsRzkcSsQCum6Z6AA6onHkXYMKXZa7Ccb8AVSUdSYHv2
CfLt5YAXgYjwnbguVZZXFMShycUbPEcQBmkTnfLPYt2j
AEUto3eFWHLAmmVRq3Vo2fmHXwte525jQGG6D7pN4RRd
AgPhAsvcwPfT8bcAQxfyvymHdS9enkCzHDZP67ihS5YM
G4yn6VjDQoRRgqKVt1fp2uei3rFHWWKA5JwWPMM4eCgT
AgPhAsvcwPfT8bcAQxfyvymHdS9enkCzHDZP67ihS5YM
CWiXLx6juMmaq33BPXGJ1k2DPqzfDyCQWoAsUUe83CqP
79hVK4VNqaLiEeC7WQfVPZ9ni9y8aCvV9dgtsx6g3bsf
8kiyp6yoSzEuvXQyR5RhwSZ41qmuX1hsNqsrNuCJrTTf
GsmrTBoALiurqDsxcMurQK9EN7pDbi2JewoDhJYH6Wxh
33apeLJZtc7FvMqWoLU3yWupJCN6ijGkKUD2gUmjhxe9
51oET2dy4vCmZ1JMGYR9hbsvsLng1vcLD6z2AZp1uq1j
HokHxAsXwqxeq5nQ52WrdhxrTH6JBuRZBvsWb4bB2HRM
