Transfer 1 tokens
  Sender: AnjgskKLVQUDeMmv3AtBtmMy6y2Mj8eAwYGCcqQi3PvS
  Recipient: AM5mu6p1LhL2VdHx55NK7HKycahcvL5nYWMWsSQCbxkQ
  Recipient associated token account: CbxdKeR9SNrr5hivchsxgehVQrpz86sSMyo1B8zTMXUp
  Funding recipient: CbxdKeR9SNrr5hivchsxgehVQrpz86sSMyo1B8zTMXUp (0.00203928 SOL)

Signature: 2PiyK7rGmscT3wgt5tEbLU8qBkfAnVSGcU8R8XxYKXL7DJ7GtPWw4oosLBGEimk7tePgTBwTqxYASjy2BPUDgfeU

Transfer 1 tokens
  Sender: 7dd15wbgqxsQD31ABTKzmpkFqao9751Dr5yYbszTeisp
  Recipient: 7SkBURKvyVJ1yvAeiPQKz8CdSpxAMVHnvzBy5Robzh2X
  Recipient associated token account: 3m6AiGpRAxBPVpuhMNoXnA1adVKRQrGDoNWEauYMw5aw
  Funding recipient: 3m6AiGpRAxBPVpuhMNoXnA1adVKRQrGDoNWEauYMw5aw (0.00203928 SOL)

Signature: 8Ft5FqadfDzbbnKHhcKY4arm6c76wW8Nujq3V46prBKmidStzUEAQoQJ3vNA29oQ8SLxZTuVwboLsVw9NuJYNLP

Transfer 1 tokens
  Sender: EzNQxWBrp6ydKtrZeGe3wAe2Xpo95E2eMpmFUwYfsjvV
  Recipient: 7tMyU22ViPrhY14fy31bSmTsQK6rwc9q3Zbq2u5RkZis
  Recipient associated token account: C1LCNA5wNfhxe8PR1zMqadYoiTTyZMa6FyG8d1Fo7bRT
  Funding recipient: C1LCNA5wNfhxe8PR1zMqadYoiTTyZMa6FyG8d1Fo7bRT (0.00203928 SOL)

Signature: 2h2BErfLfJg6sntVZcCU568tgSENjChG9MAtVKAMywUYTJdZRk9uUvC9X6xLx5uqzQ3ppKkZfFJPbpjFJGvhtCjW

Transfer 1 tokens
  Sender: EJhGkUGm7CXvQ4Gix9chC112c4G212zcezch5yqWVXDF
  Recipient: 3Zwm21VB7SYtYmVn2PnVj8qzzXzfAeoAifSoWNL7XZor
  Recipient associated token account: DByWhDzDiDPbng8CuF1GPcSKKvRopfs2H3UUFLUcCX6A
  Funding recipient: DByWhDzDiDPbng8CuF1GPcSKKvRopfs2H3UUFLUcCX6A (0.00203928 SOL)

Signature: 66uPn1C6xCnDbq3jczbzXPRoxbhRdwgn6w3Ctu1nnVLKNJrTpsL3WTtDMmg1ThHvSpnyDCVNqRjw91H1rw4bjT98

Transfer 1 tokens
  Sender: 2pKGnnVLxZyHgFsvL9cnyygZUiLU21LytTdNZqwsWRKU
  Recipient: EpXzWLpXrhaKcbcv2v8MLu6pCdgAzZ5JD5aot4oPaKcJ
  Recipient associated token account: HJ37PgKM4es1NJpPQyZF1QLBW9TZXT8iwWD8q6zz31sr
  Funding recipient: HJ37PgKM4es1NJpPQyZF1QLBW9TZXT8iwWD8q6zz31sr (0.00203928 SOL)

Signature: YMb8URo2dB5oEKHxocxndegXgNMXRsB5cZ1fbKWoB5vw2aCmS8qfkPsyv79JNyKbG8Bw42NZbRycK9XdxmzrFW4

Transfer 1 tokens
  Sender: 6WbSgz33rCYiY48B6LobodEjxs3CdNAHTvkfUeeFq1vp
  Recipient: 6BCYUsacFYEd5VeD4hEW2oqXP1pM2g5RGoffXGBDe7RV
  Recipient associated token account: A4Tcsrp24252stMxjc14PirgF7CY5QkQtb1j2cjFVky6
  Funding recipient: A4Tcsrp24252stMxjc14PirgF7CY5QkQtb1j2cjFVky6 (0.00203928 SOL)

Signature: 5WTWvRNh8ymgx88EWjSJ2xSgq5vfkQPLcsyWKbYvA5dLZS5sPqSV6CJwu1sMnPXjDQckU8exghEqwJukLyh1dkpz

Transfer 1 tokens
  Sender: 2ZDxKnHPmyux7h2JrdhtWjAPLcqrgx5QFqHC4n93MV7S
  Recipient: BYcufhYPyrKqVVsJD1Gzf8UQL7q2wuGeLjPARXQH2vo5
  Recipient associated token account: 7wZxb3EmUg17a2VNDwgHfdLgrcfe7LjRqvtCmjFWuorD
  Funding recipient: 7wZxb3EmUg17a2VNDwgHfdLgrcfe7LjRqvtCmjFWuorD (0.00203928 SOL)

Signature: 3LSYgHqcWuF9XyNyCQmBjJ6phLq4nfwk9YWD3W9ZHbb3Rq8LyKcNjQdhrtSqUoCP1pWCr9a7ixJVcttQm88P6JV9

Transfer 1 tokens
  Sender: 886DBkypAFk9zrtTWJCvHwD1eUwxC3m3NquVUW3nMvBy
  Recipient: 5WwGBMUxYefqY1B8M19VMtcaJaZR453PpAP2YDED4U4J
  Recipient associated token account: CeL3yA8nkbhzFpvhGEQTxc1MAX7oTuuvdmaUts93KrYs
  Funding recipient: CeL3yA8nkbhzFpvhGEQTxc1MAX7oTuuvdmaUts93KrYs (0.00203928 SOL)

Signature: 4b9sF2tyNYgKCuSbjzgjwVSiqXfz9PhrjjWJrwXR7m2H7nMHJuKwmJ4n3DdgLSo99CeVCf6j2e5QBV9J2umLhy49

Transfer 1 tokens
  Sender: 84zSMSUBhZ6SGgL1Sc2WE79tEtGWz1ttzEDt6D7Z78sr
  Recipient: BTfZbQvqTh7iVfUiaZq2Si1a6q3ve2GuwNHttrGammHe
  Recipient associated token account: J4VC3N5Fz6nxWrKcEeL4Jpi8UZVpbsmzCukXQC7mT733
  Funding recipient: J4VC3N5Fz6nxWrKcEeL4Jpi8UZVpbsmzCukXQC7mT733 (0.00203928 SOL)

Signature: 4vxReC3YrKHenzg2nVQrfBHKsEg76AJdrJVkCPbfeAk1THoPRp8XeUraUMmeBP97qGS3B8EQnxS9CLLzRGKYnBas

Transfer 1 tokens
  Sender: BwuMCxpZUsA7zAbn2a8PyPrgMgBa1n7LxT1mYFrRuQia
  Recipient: 39YD5rZrsz8mSdtyVCfwaG2cAh5Amq4wDAgqZEtgXLRj
  Recipient associated token account: ATPM2pGyoN2cuz78CVLzTLs877W3fmejJPB2Ljbb4FFU
  Funding recipient: ATPM2pGyoN2cuz78CVLzTLs877W3fmejJPB2Ljbb4FFU (0.00203928 SOL)

Signature: 65Sai3BjRQS9bBrGoHkbJhGEY8k9w8K1WUtTNiu8C9yKsw9fMHtcumrvrVi5BnUEHKdSfBCEDwRmZYxqhMsGiF7S

Transfer 1 tokens
  Sender: 3P9URYanxqMfXrnHBA6GgAV9ymEpbNFVNM5dZxsX6tRT
  Recipient: 4CTkZB8jGv8B3Co4Rog5DpYkJD2pbdQNnth3S4sbehLD
  Recipient associated token account: 2uTS2BZAg4Vpbk5yNP7FURRoqMYaiMrQmou2icp9tWBQ
  Funding recipient: 2uTS2BZAg4Vpbk5yNP7FURRoqMYaiMrQmou2icp9tWBQ (0.00203928 SOL)

Signature: 2t11z8K3SDyFGPuappBeC6PbicTmQPy5wpBJA2gUqUfoYVnNt5wtmD5qLZjLrbyRhJxqxGZ4nQBkeBXGUFHcHWB2

Transfer 1 tokens
  Sender: Ey7r6ATJXiqmMnX7pbQj4o1MyHgNiqD8UgKgWbZp33hK
  Recipient: G7dPACrCsRSgbWw2HpKshxK8tmdeVkPUqCv1mfXpvjBB
  Recipient associated token account: 9FVPdUKwRdfHWfjzU1CW3fZiCzGoASAwQWje1uQTNJzJ
  Funding recipient: 9FVPdUKwRdfHWfjzU1CW3fZiCzGoASAwQWje1uQTNJzJ (0.00203928 SOL)

Signature: 3mAayAqEp1XsqLXL2NtCXqjQ3Lcbr1wo5kPLHVq9s3xdHnF2LQuMLfJDga5Zv8kwXDR7qyschj7phjDBQ6bqGTze

Transfer 1 tokens
  Sender: GfxWXjd3hzzkjmAKh34MJ3JLM5yuRYB92PAuPy8ctGsY
  Recipient: 7P4Bb1pCMuYNveYhg2j445cmTRCEGp2eAAtBQUv7Jz89
  Recipient associated token account: G3cvvYnbiNH1VYntEUYJBfDtLhJe1c5X8BRByvSh6EEF
  Funding recipient: G3cvvYnbiNH1VYntEUYJBfDtLhJe1c5X8BRByvSh6EEF (0.00203928 SOL)

Signature: 3gHW84r2xJzF8HCScz8CiuXT6tKszUc227Gjxx8bN7kX79stAGF6ztq4ezEwBD1Ckj2LgC7NRjdftgtA68CJViju

Transfer 1 tokens
  Sender: 4H34QMcJSLNm6GJ73eSPvD6n5NL4As5tBDzMigPPtrpQ
  Recipient: 5ssu1FQCAxLQZUbSnFXAuPn2eDaZBTWkc5QBChh2yxAa
  Recipient associated token account: DraaM1js7jaeJzNve5S9Tq68DKGPqCrvgXdnpDo2Ub6e
  Funding recipient: DraaM1js7jaeJzNve5S9Tq68DKGPqCrvgXdnpDo2Ub6e (0.00203928 SOL)

Signature: w7UuXJtamqyDi8RnxLfniQdepQirrSoXWcUvwMfqVzA7c4TJrQYwVMZBnPhHG9TNZ5et97y2Vuy4dNA1V5EGpN5

Transfer 1 tokens
  Sender: CK1HKYHEKKtsA9dnVjNNq46cSGHp4y61rbdUbhmk3cPD
  Recipient: 6mv93ppVKCfhwZkoMJjjQUuHQECUA6KS4SkLfteSaprP
  Recipient associated token account: AySL84PVd9h47kaLPA6nDZ2g77xcZdGJv38JSdhKa73N
  Funding recipient: AySL84PVd9h47kaLPA6nDZ2g77xcZdGJv38JSdhKa73N (0.00203928 SOL)

Signature: SejPP5GKtS9Mt629Zr9G4Z9CWp8Tp568gMfWmzx7fyE6of6EPAVBj2ZqkukHmfFNydEdEruN48Ch794bg3N7Lmc

Transfer 1 tokens
  Sender: BdovpLZZ3qJ1QNvuSYtSNgJdffmCwsgcE5SvAoyDVweF
  Recipient: DrzrZh9SaJJBn4qsX8UwrqhUT6rg7tj23zabRkhd8BSi
  Recipient associated token account: 6Tk7SxRpJEuqWaJHu5MLckSUDjcMEV64tnPwuB6jLbJ2
  Funding recipient: 6Tk7SxRpJEuqWaJHu5MLckSUDjcMEV64tnPwuB6jLbJ2 (0.00203928 SOL)

Signature: 3eGE3mVx73iEtKnMyvJyzdvaADjYZvFWMRct8u4FAD9coF7miEQknsz3ZddqxZds4BH3nUr5MFZLCvGozkukr19V

Transfer 1 tokens
  Sender: 7DjNyuFektyfjm1Wwn5Kns1PgiWuox3MKoJ8d9JabaYc
  Recipient: 7sRAajpNsMhvzyhBut8vX3XgmeQMRcKKX4LqhAvFpg4w
  Recipient associated token account: 3bGJZG67hxGu2Hhwn27QNjixwUggwtsE1jAT6Jhcb1Bb
  Funding recipient: 3bGJZG67hxGu2Hhwn27QNjixwUggwtsE1jAT6Jhcb1Bb (0.00203928 SOL)

Signature: 64SRQ6ziXynTNM8ufmPvUyZdVpcCRm8FTBDSGVhrqEmaxm4v3E428sLfK8xYTy5hXTXtUdtfFcNmKJ3cURTroeNR

Transfer 1 tokens
  Sender: 3rDeTG66oArfGDMHzX1PHh3AUsfSJUnKP3tsPCDHq8ah
  Recipient: Pww1ohVqQrmaHKPeYwaVT5pxhQxJex3vhM4M5ocsLUu
  Recipient associated token account: FQ4XiXMNnU2gUCyHvav73cPT4AdUVG6nwAWNjH4RiLrC
  Funding recipient: FQ4XiXMNnU2gUCyHvav73cPT4AdUVG6nwAWNjH4RiLrC (0.00203928 SOL)

Signature: 3rVNQFTXvKu2EPwGxdQFvKPGcNBPAqRiHjX1WDqaPrxrQHcYuA4tu3x9aJG9BNkMjW9rGL4DqL2vhcyAGYke6S6e

Transfer 1 tokens
  Sender: 8y11T5QbQvwhYPuRJuWnXtzgny3aPrCXu19htEN67jMe
  Recipient: 9tdi93RzFnejMNiipxZxx7KfGkrV2RNx7Z97aiw74wFp
  Recipient associated token account: GhfYMmaBRRpjzHQ2GvadfZQFkbusT3PAnCcLumFRhPxk
  Funding recipient: GhfYMmaBRRpjzHQ2GvadfZQFkbusT3PAnCcLumFRhPxk (0.00203928 SOL)

Signature: 4yH7yhqmdxiFfPL8PupH9Kyq51REu7YVwkK6WYwy3YrAYnAZ9qPENAJxcd2E6xnvfAC45ckZuqvoXyhXoginfJLs

Transfer 1 tokens
  Sender: 2FYaCXbvPMmzG7Nxf3m9n35ppAJW8DcDq3qvkipQpj1q
  Recipient: J8vxiR8o4NvY8wcR46iuSpSAjXhBwGCgrbo5LWA3corc
  Recipient associated token account: 6cwbxL34PX7NRKiLVLhJP53Eui6Y9v2KsHuvCdujVcUo
  Funding recipient: 6cwbxL34PX7NRKiLVLhJP53Eui6Y9v2KsHuvCdujVcUo (0.00203928 SOL)

Signature: 5Tmyp5nEVYEt1ZetQyaHZbREvyMcmf4YxHEyBkj1TkB2P4L9ZvdzzxQT8k6uQXANWbXd8WGeYLsWTDo93x6vCaLq

Transfer 1 tokens
  Sender: 6ARXoUW8kP269DnwM1b6F1RG7RmKSNxU1kDFR5Mvbd7r
  Recipient: AuzBWmHGN7e3pQ6Kyc8H8bpXkBC9CHLkEzTqHGQixQGH
  Recipient associated token account: R2NZqjopvTHTPeomVzPWjgA3MfWeYNeS8jM9GR8681T
  Funding recipient: R2NZqjopvTHTPeomVzPWjgA3MfWeYNeS8jM9GR8681T (0.00203928 SOL)

Signature: 4M4zJQfb5eUGPcmL5nUBhgR39tqFz5LPCjJt1Uyatqpm8ea5dzZPgSkQabEccKZ1MmqdQq77pnLcUZksEBp9KxCT

Transfer 1 tokens
  Sender: 7aZoqx3nNS56FcnTfLnrikU7Gde7CLZTVLsHbgXoLFYp
  Recipient: 9cBYbGsvSU7A54fUpotvBj8dw7sMA6o4iAv8DfHd3RTy
  Recipient associated token account: LFDpj6NNpH2XNKP8gExS4K6jvz4YgkeeHFQ2JLtGxxN
  Funding recipient: LFDpj6NNpH2XNKP8gExS4K6jvz4YgkeeHFQ2JLtGxxN (0.00203928 SOL)

Signature: 3nyb8aWcewSLeS1WT6EEL2oti6TZUpfHbt1Ym1raCof5mHB1qrN8ytj7waSUmwSdDbV1bDthVTDgsZgY1JcrHdQC

Transfer 1 tokens
  Sender: CZZpxeViUiUvT63kfVfs4RPkkD5hp4drWoic6Z2wDEyd
  Recipient: 3bDeiqroEHSuWM5AenRNDevoNWpC1FtWvdxdfRt6D4Hg
  Recipient associated token account: JCvA4dPLqSLeka5FL72EDD3GTsnqssWhNpBswtiViUmQ
  Funding recipient: JCvA4dPLqSLeka5FL72EDD3GTsnqssWhNpBswtiViUmQ (0.00203928 SOL)

Signature: 3EQBaE2zLt8xsSdnpu4Kv5M8xeesUMPRL2w7NCJs1KqDdcAs3CtugX5LKoxZ4wQw38eVhKCYrqjfsrrqtdE3caUM

Transfer 1 tokens
  Sender: E9WhwTQ2BUEaRro6Uj7tpQNWUikcwsZuovmpBAj7WJ7j
  Recipient: CvAEr5aSzUWAkZ7idQ8uxrAq1BqdTLJsfebinzLSFCJZ
  Recipient associated token account: J4nu8QFaDV3fsNmaLgRvGfgDD1ftDBmj2niuejjkdWnH
  Funding recipient: J4nu8QFaDV3fsNmaLgRvGfgDD1ftDBmj2niuejjkdWnH (0.00203928 SOL)

Signature: 57ghdcAZFAnqw1Rg4FMksGTVtvguv3HQ955FNNDukvw3LHdP7Mz2v5kVEHWQxL5XTuir7ouyhvuV99aRBLAcJ2jo

Transfer 1 tokens
  Sender: 3jjXxMnYAxQkUhCVs3MKbAFAeJFhLqcfWAgbCyfcbepT
  Recipient: BVFTQzEas8kMPkcugksaTTuLnQJ8ESxtLryk4ngdyvjU
  Recipient associated token account: HHMKrC94rNw3PhyfJugJxVoDjrUdymAzV8N2CQh7PGaW
  Funding recipient: HHMKrC94rNw3PhyfJugJxVoDjrUdymAzV8N2CQh7PGaW (0.00203928 SOL)

Signature: jwZuPGr5MYM1zttvuX6bGyVz6NWpQrnDFaDKssPTJym3vuG2u1rKgnubpNzrt6svK6hb2XPqBuPQb3n83fHMzYQ

Transfer 1 tokens
  Sender: HqWS23fTRHsmgn7grKY1SMFKsAjdGAzxCn2SAiLHNMmB
  Recipient: 9ej7a4re5ZsayUKYpU91q5UEakEjCwK9mFb93zDAKwUM
  Recipient associated token account: GDYPkp4dSajeCD2RPoqxG7TgVQ2mzy9joTF3f7GTABig
  Funding recipient: GDYPkp4dSajeCD2RPoqxG7TgVQ2mzy9joTF3f7GTABig (0.00203928 SOL)

Signature: 39LuyJ7fL2w38vWbHcKM7GmWraW58Mpc3muGU8MB9SL2MepBmc4cgihiCyHetVdAtj9yk14qVoDuMaHsVxvLpx4s

Transfer 1 tokens
  Sender: K7RQFXimBG5rvYcoy1R23fb2jsspSbnP3eK8JkVdG6M
  Recipient: 2YRQAHYBdYVuqZYESoZDePi8desiNbkwjxxVUPA9UWU4
  Recipient associated token account: CJPxuZBwuX8xWRshe3P5dVmP9ghuLHRezJmSFTUwon8L
  Funding recipient: CJPxuZBwuX8xWRshe3P5dVmP9ghuLHRezJmSFTUwon8L (0.00203928 SOL)

Signature: YNRLTLnJo9kuBBf1DKCEKhN691tEbT2Jp7eQCdGcgxv2eVJP73ziXWQJ55TPrFuLfq3oPqzzKGDXWN2DSCre57W

Transfer 1 tokens
  Sender: 5f4d2hwbg6bq2EZUEXy4WYwge6KdEmtrDvd8WFbKepRv
  Recipient: G4yn6VjDQoRRgqKVt1fp2uei3rFHWWKA5JwWPMM4eCgT
  Recipient associated token account: y9hB9r8CsuegNz9xbbdH2UrZY8RVdk8EpNQTmj7ncZ3
  Funding recipient: y9hB9r8CsuegNz9xbbdH2UrZY8RVdk8EpNQTmj7ncZ3 (0.00203928 SOL)

Signature: 36WCSi6TWVWmmLQWxVeS1JdERxe1aRiYU8iCRDU5Er1fSiG1XZAoRDV4ffkLGiYWadQuVB97BJ9yZGwb3LkLYyx4

Transfer 1 tokens
  Sender: 6zaPbAGaeD4enobqUSBm8soEsXUnSoL6vPQAPHRDacif
  Recipient: 2PhHTtsY3Lc8bnmfq6QcnezpqcwdKYyvkvXVzjJ75Aw4
  Recipient associated token account: FYRA1RwXF6FLmNsLj81aybMRr6c2pt4PRyTKiSVDMqKf
  Funding recipient: FYRA1RwXF6FLmNsLj81aybMRr6c2pt4PRyTKiSVDMqKf (0.00203928 SOL)

Signature: d9LYgY8sVNhT9SZ2S3h8pcerKAypDA4CDT25a4FFR9r3iVsqY7ZC1Jdh5DXrECy5LAvHZV7YrxTjMwHL1AAW1Ho

Transfer 1 tokens
  Sender: 8Rjga1q55snp2GDNW71gUxvhGwFCLuQpqJ3LCknCCsBr
  Recipient: 63wuimptAy4Q8ypw5w5rbjbm6RqnnB8Gq81cLchairKk
  Recipient associated token account: 7CWFnhQ5gZEMqC9N1VAV9QRWZGqugQyBpmVcRjynVzcF
  Funding recipient: 7CWFnhQ5gZEMqC9N1VAV9QRWZGqugQyBpmVcRjynVzcF (0.00203928 SOL)

Signature: 61LTbSmbfNHvJpaLCdnWzh4dYWCtESDeTqNFkT3o2zmave6VHhJpFFazoM3v9v7aJyHnL9VEStv2rnZpdNGEsTAQ

Transfer 1 tokens
  Sender: A5wax3rm4ZaHQowNGe9DrngZ5bnoFDZwNALHP3boPBfg
  Recipient: HxcHUPJeGP1YyUyggNUAqDLUfpye9YEBpMJBYt3QGgef
  Recipient associated token account: 9DxsgW1qTKeeUkpq8PY4hs9mV1JsWCFeoE4zL32QKmsa
  Funding recipient: 9DxsgW1qTKeeUkpq8PY4hs9mV1JsWCFeoE4zL32QKmsa (0.00203928 SOL)

Signature: 4gX8Hbzqsw6fWXH4a5tH9L4UqiFDvyKpJffQ6xkFPoeuhXee4TWBgxXhtr9pbq7GdcmRpn1G11FvYVEUdHvgLo5e

Transfer 1 tokens
  Sender: 7i2X1Zf6g8vwhfLbJvfDqJnpuFYYbqVjELWWkPkJAtHc
  Recipient: FaJyyFuhWWngjU31Px8z1h1hnowj3hXCDnvFXuLfVtGU
  Recipient associated token account: DmwU4qLWNGGX6aFX744oh2YntGm2x8FRCCCprpNh76eb
  Funding recipient: DmwU4qLWNGGX6aFX744oh2YntGm2x8FRCCCprpNh76eb (0.00203928 SOL)

Signature: 3G5P45M34LU3om1hMq9NysK4re4fhqfsFNx3owdE4sS2VR5xU5rV8uLMN8VHSdXPLsaRtbf6Sueog84E3hyavHBq

Transfer 1 tokens
  Sender: ALw59w228nD2Mw6E2fYkzv2U7CjqhxfgKKUWk67Xfqur
  Recipient: AKHkfNyVwi6muUYgkaXGFnWhBx41V7UN7bCsL1ujoVfA
  Recipient associated token account: HDg4GZEeby4JB1nGuqzXhJLaYV4dzZ5D2RUBCMqfVcYu
  Funding recipient: HDg4GZEeby4JB1nGuqzXhJLaYV4dzZ5D2RUBCMqfVcYu (0.00203928 SOL)

Signature: 3wgXRQJ1PEJxFPx3utTrU64M1py2haZbsrwJ6vQ3hzvZ2CL7Co4hYEPkS1bntDMLpEMcLyFqTCNQhzNxA6MWuVkh

Transfer 1 tokens
  Sender: EEW2rkxpLZMxs3VRHumy2PpQcFwWSrEyBGDJEXAX8LER
  Recipient: 6j2pQTj6ZBa9PVQXf6C7xUEijiok5yn5fyDvHDTsWE2E
  Recipient associated token account: 8TEu2wXLVqZQHfmJcQtXjgEKUQNDBZZhkcXDugS8qbLB
  Funding recipient: 8TEu2wXLVqZQHfmJcQtXjgEKUQNDBZZhkcXDugS8qbLB (0.00203928 SOL)

Signature: 4siHPHAsgN1z7Cegs4oQxrWS3t3UdVrwsuAAT4vdnjuxz7VyAuGMpyWTPu7jBDQMo53i7U3ffZExVJPBn2ToEDQz

Transfer 1 tokens
  Sender: GrSWyXXboYJjx2w3kGBnNJV9vxa2atuTZkHJmeSfyf5b
  Recipient: 2n5PbADyQXeCMztD5wnZjF3Nn2w8PmCmqSQ68TT6Q6KX
  Recipient associated token account: C9X5jcTzDAbXCEordvmTtbgM83NTM6ix2eCq2SCnVkj4
  Funding recipient: C9X5jcTzDAbXCEordvmTtbgM83NTM6ix2eCq2SCnVkj4 (0.00203928 SOL)

Signature: 3YANXu5Uj1zyAXgTLB2jSc6uRCK6X6ZQpACj56DsPvNX1vGa7n5xEXhJZhJkRVoeB91jXgsRnycrtV8adtConKNo

Transfer 1 tokens
  Sender: 9hW9AWaK2tVuwG6dxN5guTrMWnP3BmQHJCCtT3Yo16ft
  Recipient: 4CVLbLUcNUdoXkb7GhEJmoPgiiv7G6fistNWu4Rx6T9L
  Recipient associated token account: CjSzfHnNeEtmNXBEUfAZspJ1UubuJiF9jKqg6HzCsCsW
  Funding recipient: CjSzfHnNeEtmNXBEUfAZspJ1UubuJiF9jKqg6HzCsCsW (0.00203928 SOL)

Signature: 3R4Dg8Cq5F4ALLRWcKhAMZK6tTBGzbFeTbrrw48o71EYLjTbteE2JQq8Puh1dr1VVUZ5Uo1ZnkMy3r59e44rD2Hx

Transfer 1 tokens
  Sender: EFUASpV2PwouVuhYMBXnxAy9XixYpDk43SLAkMy2sK3d
  Recipient: 6TMaNDjid9dnwhwue3yFyP16zhBJy2uTm4nJr2sQBiRX
  Recipient associated token account: 56G1sbyhg4rFPNEbqNPvApvfREnfH119S5w7penczP7j
  Funding recipient: 56G1sbyhg4rFPNEbqNPvApvfREnfH119S5w7penczP7j (0.00203928 SOL)

Signature: 4BaNfzLv8Xmtxwqb9ELtHbBqhQ3xjJYzr4v7XK1kKmgjXWovy738AHdyYqwyRfiS7caSntSQrTQmgLwWjaZsQxi7

Transfer 1 tokens
  Sender: H71tsHxb7dqSHESMRbKjaYGvLBKZc3jgW6oPbz6aAMeE
  Recipient: 3eucHmLaRJzL3d3rzYx94KvxcVhR4ESLo9R9hhb5Snbo
  Recipient associated token account: 5aei2uSpD6yHqw8Lw7VTWBCDAHUChkdRJjpzGnHptkTs
  Funding recipient: 5aei2uSpD6yHqw8Lw7VTWBCDAHUChkdRJjpzGnHptkTs (0.00203928 SOL)

Signature: 5QbUMJHz7UtYcu21X7Xms5jmuGJXAXwxfNUf3wpv6rvij5gf9avQN9ETeuyoKRFYUTHnMnkFwnKEtiYxxhkbpUG4

Transfer 1 tokens
  Sender: 7aZoqx3nNS56FcnTfLnrikU7Gde7CLZTVLsHbgXoLFYp
  Recipient: 9cBYbGsvSU7A54fUpotvBj8dw7sMA6o4iAv8DfHd3RTy
Transfer 1 tokens
  Sender: CZZpxeViUiUvT63kfVfs4RPkkD5hp4drWoic6Z2wDEyd
  Recipient: 3bDeiqroEHSuWM5AenRNDevoNWpC1FtWvdxdfRt6D4Hg
Transfer 1 tokens
  Sender: E9WhwTQ2BUEaRro6Uj7tpQNWUikcwsZuovmpBAj7WJ7j
  Recipient: CvAEr5aSzUWAkZ7idQ8uxrAq1BqdTLJsfebinzLSFCJZ
Transfer 1 tokens
  Sender: 3jjXxMnYAxQkUhCVs3MKbAFAeJFhLqcfWAgbCyfcbepT
  Recipient: BVFTQzEas8kMPkcugksaTTuLnQJ8ESxtLryk4ngdyvjU
Transfer 1 tokens
  Sender: HqWS23fTRHsmgn7grKY1SMFKsAjdGAzxCn2SAiLHNMmB
  Recipient: 9ej7a4re5ZsayUKYpU91q5UEakEjCwK9mFb93zDAKwUM
Transfer 1 tokens
  Sender: K7RQFXimBG5rvYcoy1R23fb2jsspSbnP3eK8JkVdG6M
  Recipient: 2YRQAHYBdYVuqZYESoZDePi8desiNbkwjxxVUPA9UWU4
Transfer 1 tokens
  Sender: 5f4d2hwbg6bq2EZUEXy4WYwge6KdEmtrDvd8WFbKepRv
  Recipient: G4yn6VjDQoRRgqKVt1fp2uei3rFHWWKA5JwWPMM4eCgT
Transfer 1 tokens
  Sender: 6zaPbAGaeD4enobqUSBm8soEsXUnSoL6vPQAPHRDacif
  Recipient: 2PhHTtsY3Lc8bnmfq6QcnezpqcwdKYyvkvXVzjJ75Aw4
Transfer 1 tokens
  Sender: 8Rjga1q55snp2GDNW71gUxvhGwFCLuQpqJ3LCknCCsBr
  Recipient: 63wuimptAy4Q8ypw5w5rbjbm6RqnnB8Gq81cLchairKk
Transfer 1 tokens
  Sender: A5wax3rm4ZaHQowNGe9DrngZ5bnoFDZwNALHP3boPBfg
  Recipient: HxcHUPJeGP1YyUyggNUAqDLUfpye9YEBpMJBYt3QGgef
Transfer 1 tokens
  Sender: 7i2X1Zf6g8vwhfLbJvfDqJnpuFYYbqVjELWWkPkJAtHc
  Recipient: FaJyyFuhWWngjU31Px8z1h1hnowj3hXCDnvFXuLfVtGU
Transfer 1 tokens
  Sender: ALw59w228nD2Mw6E2fYkzv2U7CjqhxfgKKUWk67Xfqur
  Recipient: AKHkfNyVwi6muUYgkaXGFnWhBx41V7UN7bCsL1ujoVfA
Transfer 1 tokens
  Sender: EEW2rkxpLZMxs3VRHumy2PpQcFwWSrEyBGDJEXAX8LER
  Recipient: 6j2pQTj6ZBa9PVQXf6C7xUEijiok5yn5fyDvHDTsWE2E
Transfer 1 tokens
  Sender: GrSWyXXboYJjx2w3kGBnNJV9vxa2atuTZkHJmeSfyf5b
  Recipient: 2n5PbADyQXeCMztD5wnZjF3Nn2w8PmCmqSQ68TT6Q6KX
Transfer 1 tokens
  Sender: 9hW9AWaK2tVuwG6dxN5guTrMWnP3BmQHJCCtT3Yo16ft
  Recipient: 4CVLbLUcNUdoXkb7GhEJmoPgiiv7G6fistNWu4Rx6T9L
Transfer 1 tokens
  Sender: EFUASpV2PwouVuhYMBXnxAy9XixYpDk43SLAkMy2sK3d
  Recipient: 6TMaNDjid9dnwhwue3yFyP16zhBJy2uTm4nJr2sQBiRX
Transfer 1 tokens
  Sender: H71tsHxb7dqSHESMRbKjaYGvLBKZc3jgW6oPbz6aAMeE
  Recipient: 3eucHmLaRJzL3d3rzYx94KvxcVhR4ESLo9R9hhb5Snbo
Transfer 1 tokens
  Sender: DdmiFEwXGdVGih7xko8YummcXzSQ3kjk3LHpDTyr7Wj9
  Recipient: 45nb485LKf1pEhsTab34JnbBb3wXnAAP3xh98xdzP8Zc
  Recipient associated token account: 2KgD2JW1uQdhWGpmPjYzEyc2nxHR7gEsHXhV79cNa4xa
  Funding recipient: 2KgD2JW1uQdhWGpmPjYzEyc2nxHR7gEsHXhV79cNa4xa (0.00203928 SOL)

Signature: 4LijUJ5pKFJL7BmeYiza1FXZ9ZjyGQnV11Y7tSAkRfZz2jfDG2F4JvcCpTPWRqdLwkE5DabKw5dWoxT5FNvGsF59

Transfer 1 tokens
  Sender: AhLwXzEZPSvp6oVZxE9r7dsBPo8EAt3JakqokCLmfoEU
  Recipient: DMwHn74WRoFuFyzcKijfEohU8c373q8YfZquzXwAuXAL
  Recipient associated token account: BUM6gum9LN3zTS7osBmcowg9gWdTdf7CgneCP3jkPL6B
  Funding recipient: BUM6gum9LN3zTS7osBmcowg9gWdTdf7CgneCP3jkPL6B (0.00203928 SOL)

Signature: 2yrRxGahjvSyRR2KWdQhaHxZ9kMjbr6U2ECqSLYD1cgCJkLabxhMfo9BkX36mToEo8o95eKeqDUPNYj12L8fKM7J

Transfer 1 tokens
  Sender: 5VUiAc6SwPiw6EtrfhifSdoDnJTgiS5vDsWRuh93QFot
  Recipient: AjdQkJ9wkEg7Y6bbmwMRPVSanHv4mzhzsgurmfd6EaGT
  Recipient associated token account: FjAajoAmR99tLC3J6ohGEGTWEvFXspHFjs3KkACDDsXv
  Funding recipient: FjAajoAmR99tLC3J6ohGEGTWEvFXspHFjs3KkACDDsXv (0.00203928 SOL)

Signature: bQbeeKDZkzD2BgwhSFMEdebG4vtomXuJeJbGhSV2k6ts77m3Q1RbKz8NhzniXnrgKwiGRpJRgmJ2RDkASpZDwoA

Transfer 1 tokens
  Sender: AnjgskKLVQUDeMmv3AtBtmMy6y2Mj8eAwYGCcqQi3PvS
  Recipient: AM5mu6p1LhL2VdHx55NK7HKycahcvL5nYWMWsSQCbxkQ
Transfer 1 tokens
  Sender: 7dd15wbgqxsQD31ABTKzmpkFqao9751Dr5yYbszTeisp
  Recipient: 7SkBURKvyVJ1yvAeiPQKz8CdSpxAMVHnvzBy5Robzh2X
Transfer 1 tokens
  Sender: EzNQxWBrp6ydKtrZeGe3wAe2Xpo95E2eMpmFUwYfsjvV
  Recipient: 7tMyU22ViPrhY14fy31bSmTsQK6rwc9q3Zbq2u5RkZis
Transfer 1 tokens
  Sender: EJhGkUGm7CXvQ4Gix9chC112c4G212zcezch5yqWVXDF
  Recipient: 3Zwm21VB7SYtYmVn2PnVj8qzzXzfAeoAifSoWNL7XZor
Transfer 1 tokens
  Sender: 2pKGnnVLxZyHgFsvL9cnyygZUiLU21LytTdNZqwsWRKU
  Recipient: EpXzWLpXrhaKcbcv2v8MLu6pCdgAzZ5JD5aot4oPaKcJ
Transfer 1 tokens
  Sender: 6WbSgz33rCYiY48B6LobodEjxs3CdNAHTvkfUeeFq1vp
  Recipient: 6BCYUsacFYEd5VeD4hEW2oqXP1pM2g5RGoffXGBDe7RV
Transfer 1 tokens
  Sender: 2ZDxKnHPmyux7h2JrdhtWjAPLcqrgx5QFqHC4n93MV7S
  Recipient: BYcufhYPyrKqVVsJD1Gzf8UQL7q2wuGeLjPARXQH2vo5
Transfer 1 tokens
  Sender: 886DBkypAFk9zrtTWJCvHwD1eUwxC3m3NquVUW3nMvBy
  Recipient: 5WwGBMUxYefqY1B8M19VMtcaJaZR453PpAP2YDED4U4J
Transfer 1 tokens
  Sender: 84zSMSUBhZ6SGgL1Sc2WE79tEtGWz1ttzEDt6D7Z78sr
  Recipient: BTfZbQvqTh7iVfUiaZq2Si1a6q3ve2GuwNHttrGammHe
Transfer 1 tokens
  Sender: BwuMCxpZUsA7zAbn2a8PyPrgMgBa1n7LxT1mYFrRuQia
  Recipient: 39YD5rZrsz8mSdtyVCfwaG2cAh5Amq4wDAgqZEtgXLRj
Transfer 1 tokens
  Sender: 2zoEr8AHaX8EF4xTL6NYhCbkMQJgFKczEJkrRgnH8wpF
  Recipient: GpnhtxpRrUkgfDaNW2vyU7yUC4xaUpPjc3mLBDP8eiW3
Transfer 1 tokens
  Sender: E5EXsmCVGMRcrQHu4vZKjYPc2LdP6gz4c3i2mHc2gb7S
  Recipient: 743n5tXasjmFuuMbMGwe5hRvx6jsuGMdf57PMhB3WMzA
  Recipient associated token account: Hd4TgvGFEBZ78HPskRDaHY5EpJLULFSD2ZvNoJrAVVPC
  Funding recipient: Hd4TgvGFEBZ78HPskRDaHY5EpJLULFSD2ZvNoJrAVVPC (0.00203928 SOL)

Signature: 4X8t3HcsP1nyg7aNcFiKd1y3y5TZGPu4wzrc7WEHetzLzLtaCCFYT7FyEZa3PRa4exd8qCAyh91tYhGUJHCpYVT5

Transfer 1 tokens
  Sender: 5stbVmkwGY6GDnAjgk2wHxn5KWHYm9a1DY9UiYyUfCz
  Recipient: 4ZGAMVayrbjBP92MqW8iK1EiS8MSFA5FL82gATVzfkzt
  Recipient associated token account: xWa2dNmSqzSeYaGsxFK5Efxv398LazcWpDQJSZxdsih
  Funding recipient: xWa2dNmSqzSeYaGsxFK5Efxv398LazcWpDQJSZxdsih (0.00203928 SOL)

Signature: 2seoydLqgy567foXWrq35qMDWFSagyq6pSkEKVbHHz9NuyVDUk3fWMuw3tmnM1kUsUhdxahf666mXCE2c98o8XXs

Transfer 1 tokens
  Sender: FE3pJEY915Hecdn1ErFdZ8xmNhjdkzuvuBRTEbSH9AGj
  Recipient: FpSrQMhnYa8YRnEQqKstyi8DYsMvET71CPfnmJkBSSP5
  Recipient associated token account: BB85sGsh9Zb2ZMcsVXnQVPr9CgjxCr2LCo5eWWCZgany
  Funding recipient: BB85sGsh9Zb2ZMcsVXnQVPr9CgjxCr2LCo5eWWCZgany (0.00203928 SOL)

Signature: 3cR7M7mFCoHV6oFZyshFUKCwGq7k76pC9VurSr6ATdnFuDsg3HQdSU2mAJ8q6YSJ4Fot126Ep9BNi9UDDL7cYibA

Transfer 1 tokens
  Sender: 7HaQtSJUbQdayagxffxpDsurDU4hpgFFrUkhotsC4M89
  Recipient: 4QACNpjjsP8HjsGNsRVkz8jCZzEF7WGZ9FSHoRNLoesK
  Recipient associated token account: A8pveVU9Lm1iR29XbKZ14az32MgXzDS3okCESDgN8bn3
  Funding recipient: A8pveVU9Lm1iR29XbKZ14az32MgXzDS3okCESDgN8bn3 (0.00203928 SOL)

Signature: 5peaA6zkpz4CnSyYmdtSXJSae28kZiGsznfPwFDtVJkSP5gK6mQXEZXSjehDkLVbXC9VFtv47sjwHLutakwUur2M

Transfer 1 tokens
  Sender: 54cBAtqX16qjAJS8tfXiKEdBchSzR5dAf23xPihAyp3x
  Recipient: EBLyVjie81BHWm59qyoRwEdRRXrCaCHrf8An5Hq8spQJ
  Recipient associated token account: HJYchEU28d4yFbcYxCBXNNh3u5pXgftBgpyJiHbmjbVH
  Funding recipient: HJYchEU28d4yFbcYxCBXNNh3u5pXgftBgpyJiHbmjbVH (0.00203928 SOL)

Signature: 5EwiLj5kwULb912rfif3ejJQF8kuAYhw3B6KJqNuNWghoPmQreFXQbJZ2D5FesM6c3148mhwTUuikb3ZDW9bTkGk

Transfer 1 tokens
  Sender: DnMVURSEPoNDXqjvUgVdr2rKazMxtbLmnpJehXreJaha
  Recipient: 6w4sP312fQDgCX6kjZZEegmv86Xtyux1kKhnKNsaeHJj
  Recipient associated token account: BagjwYpoSHAbKPZDMDs3Yau38HPoKjdQcXXfv2o5TLJ5
  Funding recipient: BagjwYpoSHAbKPZDMDs3Yau38HPoKjdQcXXfv2o5TLJ5 (0.00203928 SOL)

Signature: 4MRyJPpRr5eLERn5kBYt8PpFmQBLeJj41yy6UBhvDTr7kqm23u22a9qx3PfwsbiGz1oEmo4FSWNrr7Pm3fRbqLhp

Transfer 1 tokens
  Sender: 4o3pFuXv9ThswErit2EMtLxCojnR7hkUxQwPSnzoUQ6P
  Recipient: 5tgZmrCGPTFsQcsb8zswLfrGuYiLp1LTuNPBvfrQb2Yy
  Recipient associated token account: 65wVpXnE7iPY7YJc6zvsDrFetdR8cUNEZWfN92DxDXX4
  Funding recipient: 65wVpXnE7iPY7YJc6zvsDrFetdR8cUNEZWfN92DxDXX4 (0.00203928 SOL)

Signature: RiB543gzqhmb27qPaSDgUSU6UXZtAP9qz35ervLL6gopmVQV1eWaUqy1h98W5YZVpoDTjcyEfa7UoiqvGVfZhZ2

Transfer 1 tokens
  Sender: 3P9URYanxqMfXrnHBA6GgAV9ymEpbNFVNM5dZxsX6tRT
  Recipient: 4CTkZB8jGv8B3Co4Rog5DpYkJD2pbdQNnth3S4sbehLD
Transfer 1 tokens
  Sender: Ey7r6ATJXiqmMnX7pbQj4o1MyHgNiqD8UgKgWbZp33hK
  Recipient: G7dPACrCsRSgbWw2HpKshxK8tmdeVkPUqCv1mfXpvjBB
Transfer 1 tokens
  Sender: GfxWXjd3hzzkjmAKh34MJ3JLM5yuRYB92PAuPy8ctGsY
  Recipient: 7P4Bb1pCMuYNveYhg2j445cmTRCEGp2eAAtBQUv7Jz89
Transfer 1 tokens
  Sender: 4H34QMcJSLNm6GJ73eSPvD6n5NL4As5tBDzMigPPtrpQ
  Recipient: 5ssu1FQCAxLQZUbSnFXAuPn2eDaZBTWkc5QBChh2yxAa
Transfer 1 tokens
  Sender: CK1HKYHEKKtsA9dnVjNNq46cSGHp4y61rbdUbhmk3cPD
  Recipient: 6mv93ppVKCfhwZkoMJjjQUuHQECUA6KS4SkLfteSaprP
Transfer 1 tokens
  Sender: GpKuuktgLcm1L1cS9QApzvQBG5NtGdLqV58KCTza2UNP
  Recipient: 28JkWRHJJ8SVqjZqDrwBo2MbuwfZm2cm3V6bgCHq89DN
  Recipient associated token account: CZmW4e34ygSLrpKc649M1FpERbFuTKFi3tNH4JYirQh6
  Funding recipient: CZmW4e34ygSLrpKc649M1FpERbFuTKFi3tNH4JYirQh6 (0.00203928 SOL)

Signature: 3tyzCN4aPaGvfUF6kqL5JZQq58fc8SscuWZkXkt7sQtY4GotRSzrD5FwYmKJHHZKLjpEc2jaRr66JqeTTJiNi6fa

Transfer 1 tokens
  Sender: BdovpLZZ3qJ1QNvuSYtSNgJdffmCwsgcE5SvAoyDVweF
  Recipient: DrzrZh9SaJJBn4qsX8UwrqhUT6rg7tj23zabRkhd8BSi
Transfer 1 tokens
  Sender: 7DjNyuFektyfjm1Wwn5Kns1PgiWuox3MKoJ8d9JabaYc
  Recipient: 7sRAajpNsMhvzyhBut8vX3XgmeQMRcKKX4LqhAvFpg4w
Transfer 1 tokens
  Sender: 3rDeTG66oArfGDMHzX1PHh3AUsfSJUnKP3tsPCDHq8ah
  Recipient: Pww1ohVqQrmaHKPeYwaVT5pxhQxJex3vhM4M5ocsLUu
Transfer 1 tokens
  Sender: 8y11T5QbQvwhYPuRJuWnXtzgny3aPrCXu19htEN67jMe
  Recipient: 9tdi93RzFnejMNiipxZxx7KfGkrV2RNx7Z97aiw74wFp
Transfer 1 tokens
  Sender: 2FYaCXbvPMmzG7Nxf3m9n35ppAJW8DcDq3qvkipQpj1q
  Recipient: J8vxiR8o4NvY8wcR46iuSpSAjXhBwGCgrbo5LWA3corc
Transfer 1 tokens
  Sender: 6ARXoUW8kP269DnwM1b6F1RG7RmKSNxU1kDFR5Mvbd7r
  Recipient: AuzBWmHGN7e3pQ6Kyc8H8bpXkBC9CHLkEzTqHGQixQGH
Transfer 1 tokens
  Sender: 7aZoqx3nNS56FcnTfLnrikU7Gde7CLZTVLsHbgXoLFYp
  Recipient: 9cBYbGsvSU7A54fUpotvBj8dw7sMA6o4iAv8DfHd3RTy
Transfer 1 tokens
  Sender: CZZpxeViUiUvT63kfVfs4RPkkD5hp4drWoic6Z2wDEyd
  Recipient: 3bDeiqroEHSuWM5AenRNDevoNWpC1FtWvdxdfRt6D4Hg
Transfer 1 tokens
  Sender: E9WhwTQ2BUEaRro6Uj7tpQNWUikcwsZuovmpBAj7WJ7j
  Recipient: CvAEr5aSzUWAkZ7idQ8uxrAq1BqdTLJsfebinzLSFCJZ
Transfer 1 tokens
  Sender: 3jjXxMnYAxQkUhCVs3MKbAFAeJFhLqcfWAgbCyfcbepT
  Recipient: BVFTQzEas8kMPkcugksaTTuLnQJ8ESxtLryk4ngdyvjU
Transfer 1 tokens
  Sender: HqWS23fTRHsmgn7grKY1SMFKsAjdGAzxCn2SAiLHNMmB
  Recipient: 9ej7a4re5ZsayUKYpU91q5UEakEjCwK9mFb93zDAKwUM
Transfer 1 tokens
  Sender: K7RQFXimBG5rvYcoy1R23fb2jsspSbnP3eK8JkVdG6M
  Recipient: 2YRQAHYBdYVuqZYESoZDePi8desiNbkwjxxVUPA9UWU4
Transfer 1 tokens
  Sender: 5f4d2hwbg6bq2EZUEXy4WYwge6KdEmtrDvd8WFbKepRv
  Recipient: G4yn6VjDQoRRgqKVt1fp2uei3rFHWWKA5JwWPMM4eCgT
Transfer 1 tokens
  Sender: 6zaPbAGaeD4enobqUSBm8soEsXUnSoL6vPQAPHRDacif
  Recipient: 2PhHTtsY3Lc8bnmfq6QcnezpqcwdKYyvkvXVzjJ75Aw4
Transfer 1 tokens
  Sender: 8Rjga1q55snp2GDNW71gUxvhGwFCLuQpqJ3LCknCCsBr
  Recipient: 63wuimptAy4Q8ypw5w5rbjbm6RqnnB8Gq81cLchairKk
Transfer 1 tokens
  Sender: A5wax3rm4ZaHQowNGe9DrngZ5bnoFDZwNALHP3boPBfg
  Recipient: HxcHUPJeGP1YyUyggNUAqDLUfpye9YEBpMJBYt3QGgef
Transfer 1 tokens
  Sender: 7i2X1Zf6g8vwhfLbJvfDqJnpuFYYbqVjELWWkPkJAtHc
  Recipient: FaJyyFuhWWngjU31Px8z1h1hnowj3hXCDnvFXuLfVtGU
Transfer 1 tokens
  Sender: ALw59w228nD2Mw6E2fYkzv2U7CjqhxfgKKUWk67Xfqur
  Recipient: AKHkfNyVwi6muUYgkaXGFnWhBx41V7UN7bCsL1ujoVfA
Transfer 1 tokens
  Sender: EEW2rkxpLZMxs3VRHumy2PpQcFwWSrEyBGDJEXAX8LER
  Recipient: 6j2pQTj6ZBa9PVQXf6C7xUEijiok5yn5fyDvHDTsWE2E
Transfer 1 tokens
  Sender: GrSWyXXboYJjx2w3kGBnNJV9vxa2atuTZkHJmeSfyf5b
  Recipient: 2n5PbADyQXeCMztD5wnZjF3Nn2w8PmCmqSQ68TT6Q6KX
Transfer 1 tokens
  Sender: 9hW9AWaK2tVuwG6dxN5guTrMWnP3BmQHJCCtT3Yo16ft
  Recipient: 4CVLbLUcNUdoXkb7GhEJmoPgiiv7G6fistNWu4Rx6T9L
Transfer 1 tokens
  Sender: EFUASpV2PwouVuhYMBXnxAy9XixYpDk43SLAkMy2sK3d
  Recipient: 6TMaNDjid9dnwhwue3yFyP16zhBJy2uTm4nJr2sQBiRX
Transfer 1 tokens
  Sender: H71tsHxb7dqSHESMRbKjaYGvLBKZc3jgW6oPbz6aAMeE
  Recipient: 3eucHmLaRJzL3d3rzYx94KvxcVhR4ESLo9R9hhb5Snbo
Transfer 1 tokens
  Sender: 9hW9AWaK2tVuwG6dxN5guTrMWnP3BmQHJCCtT3Yo16ft
  Recipient: 4CVLbLUcNUdoXkb7GhEJmoPgiiv7G6fistNWu4Rx6T9L
Transfer 1 tokens
  Sender: EFUASpV2PwouVuhYMBXnxAy9XixYpDk43SLAkMy2sK3d
  Recipient: 6TMaNDjid9dnwhwue3yFyP16zhBJy2uTm4nJr2sQBiRX
Transfer 1 tokens
  Sender: H71tsHxb7dqSHESMRbKjaYGvLBKZc3jgW6oPbz6aAMeE
  Recipient: 3eucHmLaRJzL3d3rzYx94KvxcVhR4ESLo9R9hhb5Snbo
Transfer 1 tokens
  Sender: 6zaPbAGaeD4enobqUSBm8soEsXUnSoL6vPQAPHRDacif
  Recipient: 2PhHTtsY3Lc8bnmfq6QcnezpqcwdKYyvkvXVzjJ75Aw4
Transfer 1 tokens
  Sender: 8Rjga1q55snp2GDNW71gUxvhGwFCLuQpqJ3LCknCCsBr
  Recipient: 63wuimptAy4Q8ypw5w5rbjbm6RqnnB8Gq81cLchairKk
Transfer 1 tokens
  Sender: A5wax3rm4ZaHQowNGe9DrngZ5bnoFDZwNALHP3boPBfg
  Recipient: HxcHUPJeGP1YyUyggNUAqDLUfpye9YEBpMJBYt3QGgef
Transfer 1 tokens
  Sender: 7i2X1Zf6g8vwhfLbJvfDqJnpuFYYbqVjELWWkPkJAtHc
  Recipient: FaJyyFuhWWngjU31Px8z1h1hnowj3hXCDnvFXuLfVtGU
Transfer 1 tokens
  Sender: ALw59w228nD2Mw6E2fYkzv2U7CjqhxfgKKUWk67Xfqur
  Recipient: AKHkfNyVwi6muUYgkaXGFnWhBx41V7UN7bCsL1ujoVfA
Transfer 1 tokens
  Sender: EEW2rkxpLZMxs3VRHumy2PpQcFwWSrEyBGDJEXAX8LER
  Recipient: 6j2pQTj6ZBa9PVQXf6C7xUEijiok5yn5fyDvHDTsWE2E
Transfer 1 tokens
  Sender: GrSWyXXboYJjx2w3kGBnNJV9vxa2atuTZkHJmeSfyf5b
  Recipient: 2n5PbADyQXeCMztD5wnZjF3Nn2w8PmCmqSQ68TT6Q6KX
Transfer 1 tokens
  Sender: 9hW9AWaK2tVuwG6dxN5guTrMWnP3BmQHJCCtT3Yo16ft
  Recipient: 4CVLbLUcNUdoXkb7GhEJmoPgiiv7G6fistNWu4Rx6T9L
