Transfer 1 tokens
  Sender: 5MNdaTCKUArLaN34TwWKxz5dVgK98CiQ39VazNdXM1LA
  Recipient: h8jdgvNk5vjEy7rKcMHaS84nyBWve7r2G3MZbouZsW3
  Recipient associated token account: nukQ1MCwfc3ZNW2CttKf8tg9M5cvSHcvwhTJ8fExwft
  Funding recipient: nukQ1MCwfc3ZNW2CttKf8tg9M5cvSHcvwhTJ8fExwft (0.00203928 SOL)

Signature: 1LGmy64PoUNbfA2UZYKSWyfBumi6UFidLXaQ6kPrXP2PQF8sbJbbBbhdeQ4pjLNQye6uTzuiypAGdGgUV4F6yck

Transfer 1 tokens
  Sender: 6NGczQppH9JekPpnv43uCmAsVhKVHgsmbB7JWX5HCi2C
  Recipient: Gqx9qjwhda6NqcYvF3EdKMqnMyxsZy6oN7tXZHgMUiVN
  Recipient associated token account: BkhYEtwaPiTosYvy1beCVqRHXtByP7yAtopWRm1C9CwR
  Funding recipient: BkhYEtwaPiTosYvy1beCVqRHXtByP7yAtopWRm1C9CwR (0.00203928 SOL)

Signature: 44sAAg6tytq5tFrNizdtdkiKsKSpUdkvBmrVbbGeCNgpxxjuVAEvbRBJDJkp1visC8V7AzdTgERDmo5bZh5T1uxZ

Transfer 1 tokens
  Sender: HVPMc3yQhyu2oTwHc1M6fMpQqR7UQn5B5XNUAiTBeLBA
  Recipient: 8nWnXehVLWEDb3nT1k6WxVQ1f96a5Wy3zsNN8GdKm5Vi
  Recipient associated token account: 9PR5Z4UshqPiDSsPHMKidmr2rKs8HDgLbw8Gc5MeYNMp
  Funding recipient: 9PR5Z4UshqPiDSsPHMKidmr2rKs8HDgLbw8Gc5MeYNMp (0.00203928 SOL)

Signature: 34yhMPFjsokpgk7ExzDWkLzeDtuq4xM8ezdPYJrmrKEZm3uQMGAGUTyjSBebEGHiqksUum7WQX44dynkV8fs4faS

Transfer 1 tokens
  Sender: 5gqeSLNaWyKffLMPcKgUAhyTBXkqdhheEmMTjZvp3xgE
  Recipient: 4cKqqwoADnQVUAapaq1CrCwpBwbvCSohZPzB8aHooJjk
  Recipient associated token account: HcecXucG3KfW9WYsshA9b98hQb9uc4wJrYtZoY4euwRK
  Funding recipient: HcecXucG3KfW9WYsshA9b98hQb9uc4wJrYtZoY4euwRK (0.00203928 SOL)

Signature: 3k9PAsAThKhRjMGqSF4bc5T92ApuDmNcVHNUWmo2cuDoXonGqu64dyUhgpUpBY6rMPZfn4SoizK5KgW7sByeS6W7

Transfer 1 tokens
  Sender: 2nyn99drFM1tvFNEnVJjGP7acp5fseQ8ekrX3Gef9EKG
  Recipient: 7qAnBYVvN7ZPfG6nFAd3voz2BfqbFfEHUtwKg4NmDFzb
  Recipient associated token account: 7QmJCBthvagAn93EDE4LG4GeMHGDVS7mYSvQQ1ukZexV
  Funding recipient: 7QmJCBthvagAn93EDE4LG4GeMHGDVS7mYSvQQ1ukZexV (0.00203928 SOL)

Signature: 54emySD8xkFKZgkYtVTVe3iPBSnLv7BaEYjre3pPBSVyNPwYvvubqN9XifCmC8ckEuP2rENEQ51b28cJSTa3ZaMW

Transfer 1 tokens
  Sender: 3pLuHJBAMBQcXvKinasACoXGZPkvX9nHVMJ7Z6Wt6iF9
  Recipient: 64BiWkoHdhx3RDAvhqniLKbrxY2aij4P9vYC87Yj7fA9
  Recipient associated token account: 9DSW7kxRsK2nKXfYpYFwXEz8GYvWSwvCgS2BqZBDNB4T
  Funding recipient: 9DSW7kxRsK2nKXfYpYFwXEz8GYvWSwvCgS2BqZBDNB4T (0.00203928 SOL)

Signature: 4Gz8xPUt77U71bjM9SxG7CEQ6WUWuyAXx2nYabonEu6bD7XezCSpYPNEFs6tKHTpfULEz57rhVfB6nT4xyaYJbM3

Transfer 1 tokens
  Sender: DoTFCYgGbzBHAE595NB5okTPzTTVBPTuPzXmgsjuJFGg
  Recipient: 2fiHCXfQCsaToCXMCJMyiTtXyrgBhk8Kcx7vMwBFAD56
  Recipient associated token account: HkH3rg2tXY9pHS8eQ4b6k5Mopv614wBfpTyJ9Z6aDYfY
  Funding recipient: HkH3rg2tXY9pHS8eQ4b6k5Mopv614wBfpTyJ9Z6aDYfY (0.00203928 SOL)

Signature: 5M2epMozdNSspTCjtaq9Xny795h56Lvu9upv889sYS9wEsPCV88Ds3uV9pA8dknXc88EzWuN5b83vu79nnAuMkUU

Transfer 1 tokens
  Sender: 8B54Szm5199mMuYjUjqYU7MLKFTGtrkmU7mr6d9anTZm
  Recipient: 7gZnusx9yjnAcDeXCnMrvCHHcKnnfR2jmHWvpNBMZA6r
  Recipient associated token account: 3mYh4u8aXXsvFX6vXHA48RLT9AsskepPkBk7G6sP6r1n
  Funding recipient: 3mYh4u8aXXsvFX6vXHA48RLT9AsskepPkBk7G6sP6r1n (0.00203928 SOL)

Signature: 2hn5WMXCf2oJjkVeLi2eDzCRwUoEf5szNRVNeURWFLFj9UCzM5JA6EdAC3faYacq278b9HWtWL9KDJbMBywiXqB8

Transfer 1 tokens
  Sender: EgVA7hWWcCHzXKVbv3ZjyyKWv6K1sujvMTtc6P4J127E
  Recipient: 4SwDAKnt1ntsUKHaaM19jaajo9jV9xcHjB6ehwTtjkEt
  Recipient associated token account: 6DWnsaFWcSiXw7Ps2FjEi1MY6dMhAaPpgF8cHdLMNXtJ
  Funding recipient: 6DWnsaFWcSiXw7Ps2FjEi1MY6dMhAaPpgF8cHdLMNXtJ (0.00203928 SOL)

Signature: 3nZhAmKPihKD6d6atnNATMppmTfYC1JYX33kkpYSkvsKCvP8BhkjQZrjRNHyuXBQM3gUAfxvWW81QkpjkhTradXr

Transfer 1 tokens
  Sender: BVckmheD5S1rd3R3x1WF5gEZkcD7AJpka7nuJo38AfE8
  Recipient: C32gfnay4Uw5a2w3kUs6WrrxMoe1tAPt924fmRxoVmMz
  Recipient associated token account: pop1iH1oXfnAS9uTprnLPjmDvCpU3dM7ixgeMExDuaR
  Funding recipient: pop1iH1oXfnAS9uTprnLPjmDvCpU3dM7ixgeMExDuaR (0.00203928 SOL)

Signature: 4VKGPVXTXUFA4whsFUVuo8xC3vKcJGJTYMT9yQwLQHiMBnJTedC94vLzcxmd51qyDrMZe4pyBijLZiZ5kXrsxQZu

Transfer 1 tokens
  Sender: 5MNdaTCKUArLaN34TwWKxz5dVgK98CiQ39VazNdXM1LA
  Recipient: h8jdgvNk5vjEy7rKcMHaS84nyBWve7r2G3MZbouZsW3
Transfer 1 tokens
  Sender: 6NGczQppH9JekPpnv43uCmAsVhKVHgsmbB7JWX5HCi2C
  Recipient: Gqx9qjwhda6NqcYvF3EdKMqnMyxsZy6oN7tXZHgMUiVN
Transfer 1 tokens
  Sender: HVPMc3yQhyu2oTwHc1M6fMpQqR7UQn5B5XNUAiTBeLBA
  Recipient: 8nWnXehVLWEDb3nT1k6WxVQ1f96a5Wy3zsNN8GdKm5Vi
Transfer 1 tokens
  Sender: 2nyn99drFM1tvFNEnVJjGP7acp5fseQ8ekrX3Gef9EKG
  Recipient: 7qAnBYVvN7ZPfG6nFAd3voz2BfqbFfEHUtwKg4NmDFzb
Transfer 1 tokens
  Sender: 3pLuHJBAMBQcXvKinasACoXGZPkvX9nHVMJ7Z6Wt6iF9
  Recipient: 64BiWkoHdhx3RDAvhqniLKbrxY2aij4P9vYC87Yj7fA9
Transfer 1 tokens
  Sender: DoTFCYgGbzBHAE595NB5okTPzTTVBPTuPzXmgsjuJFGg
  Recipient: 2fiHCXfQCsaToCXMCJMyiTtXyrgBhk8Kcx7vMwBFAD56
Transfer 1 tokens
  Sender: 8B54Szm5199mMuYjUjqYU7MLKFTGtrkmU7mr6d9anTZm
  Recipient: 7gZnusx9yjnAcDeXCnMrvCHHcKnnfR2jmHWvpNBMZA6r
Transfer 1 tokens
  Sender: EgVA7hWWcCHzXKVbv3ZjyyKWv6K1sujvMTtc6P4J127E
  Recipient: 4SwDAKnt1ntsUKHaaM19jaajo9jV9xcHjB6ehwTtjkEt
Transfer 1 tokens
  Sender: BVckmheD5S1rd3R3x1WF5gEZkcD7AJpka7nuJo38AfE8
  Recipient: C32gfnay4Uw5a2w3kUs6WrrxMoe1tAPt924fmRxoVmMz
