3a11m1EE9NeV4DFKeYgaPADJSSNPi8r2RjU9esLrKxjS
6J6j1FpkN3vNdgwAs4q5u1aYbbM66nJ55b5QgLaFKdnY
ACk7qHS5UxXBYryJzwfZcwW9AFrnD7xE8EhQz5U2GYN2
7GQ1mkYCQBmxydpPCsdi2BPaPuLz8S4QJgB1GED9ePgY
CHanhq16ndzJy1PDs6tKVnrtQe5zTH6hyBujKWpsu2Tk
DibGjdMHKmYxXmof8bBSKUrMHFfSjXzCKk1gJx6oRZCQ
31bqXGAPKQrbn9jgDg468Zrafm2a5BNoyTWsrYeLG2PR
E4jeei2P6HApZYK1M3SiQk1tAeWVzHXXQfxWfBFSGj6g
3ig59TyseSGiX2aMgTmYVBRG5bGa1uxwcyskR3XG4aDj
4nwj5GTDageoBD4BTK7JNKmxKGfFDSjWw5kcnHhV6Jgz
9y1AjekRottbmxJ1rP2fi7ADds6MzqLbeAcvpeDPvhcH
GrnK1cCKxju8oNCfrJ4JKDGtTFxawzbruc7nnuvrpgda
A3Vd8nbhzvaVCwEgAbKsp8v15bbssMFTZpCmtnk4n5iS
2W6u1A545pRcfRssUwBvN5T5ojqtV93f5oTA2gt5M5uP
CDwPHQjHRaWMZtAHZXupFQ9XgvVkATArUPCXe6p6i8MQ
FNYmYMFqas9yXeZgjKMLp1m2SfnzJnm98jjRYFq5XriN
6mtgnhGfaWDwN7PGynpPohgfnidPJYuJUGGTob5PdGx7
14T2Vs3Y9wLK49q11NZck2987PTC2DBxKDcioPNoqGct
Fq6yJhF6jdtLjBJqNUjMixF19sTs1VdPnmEyy9ANnhe9
CTTfWyF3HiSVGxCSZEdDYo4Mi4S6W9pJ4s1ZvWLTNZF6
7Voq5C39H8YfNoLSG23d4o1f5dF6QTaM4d5nZD3ghySM
Aebse9EVtxDaZumBmhkSmTg1RnpLP4fEjb8zFAcFu7vc
DGZ49Ufse7JRSdwZF1LaXm5PqL8jftyTjU7C5b1Fp4MG
GwKFr6TwKQe89Jc3cf7PZUQ8CG8TfMmNdVnrsqCMFmNR
49BdrvaU6Lbxb9DmcWkdfvDMJ76caAkocHhkAoPYRPsD
9pfCkYTrPSYYU9jW1ZNPxy7pDVCfP14qYWi7f83DGcVr
5xiSWBw5H7LG7MEMTHDbXYecodvAHU1rVbN2KnAnnx7j
C6PN1XRNgifprdEQjtbzVh4cUqiAA6Hods1yerkxBj74
E6WYPcLR1kM9d5tUB1rd3JeWT2CcHVDZYczvQ7zvfeWe
HAntWwCyKxeb64oSCcMLKbG1Ax7HHhpqKP43CuAacR48
8pBtnRbNdjUtGpRp12cFt7Hz38FYZnfKhPoNXiGqcXDC
FNU9VVcjrnqs3KDRxxxTfsSNqkGqR7zUCsHAFRNpAJQd
AudMaHvrFkx8inmUAci58Z7UQSkuZsgbwqLJpyogfcUV
9PBZzh7YjWNtyP7xHRuD2vkytNAUMJe8z7RZKDQ7dnHj
BE9uZb4pKb2Yq7ttRfiU9wUZ1bTpDRotfy9642kB5VTL
EQQ8amZggtN7qxXTgqVzXcUCkuhw5H8sfjeduaNfsvPo
BDCcX2rRB6hwDj4oEL5DqDKuBAJkwC9deuqyYFWt39o1
FitfCtQK9QJwSrGG1MVWAnjDcqF9UycUVDSL8Dhq5wxF
JCExNvVrRPto7i666UvAW3ZV9xu74BrxMUPqZsnExBER
g4edKL9GZzx6mGnxURPrVKNySvEoUVyZN5tJfKprWA1
BSHXs7CukAcQLm9GfyKmQaR4bfQm2DtK2GvhsyQFq6Pm
4QV2vqi97Ca3K9MC9mmSmojU36yAmoonbmMxNnkDZjiv
B3n2xfrmZBvFcbFnKMrbjTwdUxc9A8zo87BU11Qci3Du
CTEHNkjNFQsr7fbnG8jQx3D3MCuBDh2MdEYfAGYNrt3f
3adP4rmZvNcSGxohFHcr37UarmpzJCrESKW82L45uMsE
J2ompfrXv4oFGW5RkjHYxeGS356n8w2fVDe2twxNwrE5
41GHBwFAdexYpMHpLTRWW8FTSDPPdH3Px4LybixDvran
Fw11zg78ninxSTthKyTEsspyfx2XE658SzMJMbAoGkrS
623c8S2KKrMojcEAj2dcEzq7uUnakz8FciJ5qdubwSqd
Et5ZFv1RNEEfSrobA5Gvt8oY5keFtt1ZQ9uvJmNChDR5
8XX1dPan8Y3x8PdfLxSdzQ7JdWjdywMHkHj82MNxwkpi
9cqPzxUwsV8dFRYTE46ihc9CxfvozEybtawuyhp1kyPZ
F1Smphut7RdmigFsNHpxZtc7pwvWhC9nWq9yWzEr8hix
Hxd7wAXCfr2x1yKdPBwPLEV4uLDpSoMm5wShvhsZAQfR
9i6x4EjwAYyDcjjms9nbb4KfWtF9UU7CoQwptx3XSfHt
