kH6pLY89S87HmX48h8wdu5WR1uQXY2GBzgA2r751F1G
BDnE6Yp7d9cJYjWUkQGgYhXcfnJq332wMQM9mDkNNNDp
2KcCvxiKiWTu9XXLMSRnNqCgvZaLfYLx4aiecPJHqjrb
Cm8cYtgtfyULCzisqUnMg68aqqi12PGZScouQfJRfrG3
9ej7a4re5ZsayUKYpU91q5UEakEjCwK9mFb93zDAKwUM
42aV5YbqVnHvAyARkHpU5s7CwCbJt3qBv2BzbUvcuuVb
BahL5aU7ZbnczGEKgroPeQREadUXvyJV5eQy4zdoEHMo
H32kV8q4EUDAzVCyVxKVGrQauhmiaS354pKakTqQC6ne
APuxQgMLdP8pZk2VzsppV9eUD4aQMmsCieWVyU75LSgn
4P1TpNg524esR7eNhc4auQUFxazSa5CTYukM6FmHBFec
AyCkeo4nPGqVmEagSspU7oN5Dmq2Lnj4kGBa9Q9nKVpX
D46WdsQJHPbYxdMQJhkFf2AnqHSj9c3rQo2nKRQ2G1gE
32ZJNMMve28xknkYjZUvUJ4s6P7YMvE3FdwGzJFLS3CC
5ABiBR4wchsa9KiP9Ewy44vzNne3VXS3FG2cxDJEVyWV
5Yo8cBkSqLa2V67cRoQoFC9FCLvqNZMyaGttyopon4e9
8AP3sZ8uF1vbzvhXNf5T17uc39Ni6icAgzvrHgvcRKNA
6rXGLWZhdAsoYs2mGEYCfm4nMQ3rxqbWx6c8syVo7hpm
Cm8cYtgtfyULCzisqUnMg68aqqi12PGZScouQfJRfrG3
7VYhLssqCrL974hrEe8eBDWeKaXKbcdZHZZP7dZYq65z
8sCnvJuDp5U3mfktPqm15RzdXBKwzuj6LzWaoHkysd5r
E6t8sWrAWAL8BdwjGhZoFw2Piydh7HsqyXotTGB2q2eT
9j6ffmXuUBmAZcaNS8qdh2YV4umLamWJaSiocFsGCaBw
51oET2dy4vCmZ1JMGYR9hbsvsLng1vcLD6z2AZp1uq1j
B75GPd6LgwBFSZ7KFuvCkMv1Wp7cLXXYzfWSKHM64snm
9ej7a4re5ZsayUKYpU91q5UEakEjCwK9mFb93zDAKwUM
H27t414cQ9FjKtZAsmTqTZSLHaDEj9XAXzpZyZXTAck6
8eqvPBG3bHFpRfHCxKi7UBPcxUopXyhDMEH9r3Fg9QcX
8nqPJw8HELJhME6WVhXFt7oc5GcQGGPqU16QP7WrRUe2
2KcCvxiKiWTu9XXLMSRnNqCgvZaLfYLx4aiecPJHqjrb
7V3P5Q7sb3cAe8Co6dutS8ZnjDTbrZDVvx5KEc173P7v
DeBN7n921ikH4ttZgPtqFw11Fz98aJoK8EHQXJcuEtDT
Hbvnwkhof7tPGPpJ461QTt5ZLejyK2aC3LRsMTi4vvdZ
C91QVSPebG5w5SP8Wg97bqfnnNfG6j9QDuTFC5EM25jz
FDJT2n4m69HcXXcFZ8ZVa1AMNpsQCq5QjUJDw49Bx4Ch
2n5PbADyQXeCMztD5wnZjF3Nn2w8PmCmqSQ68TT6Q6KX
24iifBd4cBp6tEhYNZvPvdUsCuhmrSXXauQxrumEz4y4
FpSrQMhnYa8YRnEQqKstyi8DYsMvET71CPfnmJkBSSP5
4vjgcVc9ThGiT152pHfJpEA29XMiPQaH3dmpjE4pSLQP
7o4NoA1g1asZzi8D4fRPjVuDR6YkKGhLRwVbEFfmRWX7
7uCsLRhWmRw3AHyb4hnifXxiwqNXi4UB8Ac4ynnrZ5hq
7srUnsGigLyApFwxw3MgNawzDrEkDYpjZtoQvBi6ayeU
6aVxAU2nNjSUmDkSy5zgavKcZNKGov3xhi6tUPLnULLp
2hjCz2shN9ztMwC6WEzGPoEqrNANeuEshARBoE8JvGYL
CcMa1dMNeKZmA1Nno35kQDj8PAFVYsdQad9Ey7MeuHTN
FG76su3WQy8KGGWMXpomdj4mfcxmucEdqDxtQvLc3YPS
BJSXGMEpffDq9sVJm7Kj2qEw7aTJy2mQB31DfkKvAnpP
DGafXXd6xHAfnYTGpazQkgiG7uFZ3yFisZUUgeiYzA2G
2dK4eVhPEh62U27NFQEft1nUqntEN9eLpibWa1EYGNpC
51oET2dy4vCmZ1JMGYR9hbsvsLng1vcLD6z2AZp1uq1j
B2wubxmHGg1mcjkisyKVQSZoUPnUGmK9Uco7m11s6sEc
6ykYU3fWNQnoNunJKDLSVSZWCMPoajoE8EVNzKCYs9qT
ET6Fq786KEM3xjMZFqNgL27SqcooZm7eJufo7u3qdMRv
ENaitWuQShMrtnPhATzdnZSEKDo44o3RQm7EyScDAKaz
AXXNiowC7nbLViN4wJ9Z3HcXifsEkWZHzY1UJ2Bei6Mi
2PhHTtsY3Lc8bnmfq6QcnezpqcwdKYyvkvXVzjJ75Aw4
GwzmFfkvxAQ24v8rDULMi6Hkr3HRoYXMUw5hwfUpaZCp
Csj6f7W2jdSJhGN87QSn9mzwfgkrHUcCRijgL471o2sQ
GAsHrFqoCZSMT1kTqQL3Fqcs2Ev4DPevciuCDHrG14gd
DWaAVXvNg9NcNUPLCwRbAhc8NVmFzSLPQCFuwkxgp9Tk
34RGNCCxEj3bE5NdoRCevxsFyFtmwAGjctFkr8rqtMof
Ai8W7hPXbEqSFRARx5svHbpGUNnK3kgqDsjoHXRZtynY
7HSQCCHvV5iR9EJU8tHh3CL1M6XDNYsU218MSWLzYXHE
31bftLUrGQfZZ8AcXbGiiE3LGjKJVrLDzmu36Rb6DbDg
6ykYU3fWNQnoNunJKDLSVSZWCMPoajoE8EVNzKCYs9qT
B48b7Ycc7wQEfMmNvPAPr6CBaLkBPsBrAZZ3nAzdeeRN
EzPQYJfcoTqvS4oUYnyd7SzSyjJg9nbvH8SEkLp1fKVr
MvogSQTXToXV7MS8hDbvfWGoELDtR5Z75SGMUNiUddN
73Z1WZL5JsbU5SVh43DCXhf3Dis1F2fx1FqihSm5zKhQ
DJkt9G9JwVw6SNsiW2F3VKDeTTR3DzDNLWoms84jWnYy
4cUyDakNPeMEZtJPDJGNujWLGF1XNH7WbQnheUEfD2xX
AEUto3eFWHLAmmVRq3Vo2fmHXwte525jQGG6D7pN4RRd
E6BdoEi3My25cnxbW39kHPq1Wo1pnqU3GX6QQP57XajV
5EhvzizkQZW3ADDc59jyVqHdEKgb3u1AiAuCFJLwvYdj
8eeWesjTSLG6Hdy6GV8bwjrBCEnwY15LWTkyHtGtsUB3
4k5kkXC4J4qq6sjiNSkSJqVEJseC9AcJHsTp6isciCEX
BEv2CyGCrqdViM17WKqTmnseHoPuAyspHGbTYN7AwxY1
HcR2HzRGZLR1tsvyxTT1y6oT1Lv1GsAdpHDFG8JdvKH7
GRKqLdY4K4VhQC79Sa6EeNpSKchuXGKkZELPAUtg5UiU
CakCB2mYApvhtzJWgmejHjuTAVDGbBk5zjzrDctgkxjM
MvogSQTXToXV7MS8hDbvfWGoELDtR5Z75SGMUNiUddN
9AEwm9w9QbeLiZmy5qDCVZXvatKLokHhLPRsrHogcyap
Aa4gyqXpNvXJZgc5dbvUB7gRN8t6egGdX3HGnswJfMED
AsxYivuyVu6znDgnwenpLSLvkZDua4mGKxTvM2JgoeDU
4Twh97WSqnCv8A5XezYJeFPcgmbfJSSDAH81dRzzRVaV
CLLcegefmgHQiPyVwuCpLM5TuxRirxYgCYCG94q81RXM
GnwehkrBJu7aRGWRC6ZD1k2WEDKnXZbRw4T1RSTBTarC
ATYkdhGruGccJo5PyzJKGhfNbZwv5iTiSwQFchJtEdM5
CGqyDdLVve1Ws8xLQbxB5spzBhsCVkLw7PzcMrwATiwW
CcX8b5nicdDQ9wk7uiAxMy9w5FSoqp5PJ8EYghTrmNSD
7m7DxtsMcuaQGHv78gGd4C8jJhnx6PMy5oEibQV7dtxQ
5Z2y5BDfi6r1zgSq57X1TXC1AaeZf3oH5Y4366nzrR4i
ECrKYoEUCm9WDQHGWbdRgGPeRWVCZcNWEjMu64LT3CSe
GX1Vmx4AecReyK1QxMMkWhqzgGmNs9HUVPQkaDBTDvkK
GX1Vmx4AecReyK1QxMMkWhqzgGmNs9HUVPQkaDBTDvkK
4aMSBRaCsa64CPQiruDrmESqTNXJzs7PLeaF7XWNVvL8
bae93fAqQRbzRBwLnC5ZeDt3j5uX23nD62B3pwvpgXB
2PhHTtsY3Lc8bnmfq6QcnezpqcwdKYyvkvXVzjJ75Aw4
9GgHQuQmwWmiha11pUgm6ywqQHjqMYiN6FbHkhUUy69p
4YxCsyisJmmJs6ZzQ2ShE24LtC5xoxcDEqmbZ5vTkEzq
6naqivpSkKAvd1onvT351UFjxJFqW8RmTNH14K8Eiaff
3TokiGkwekhqVy1cD2HRTWLa8MB2YQsg7mepsowME7St
GChoRaGhcY1EPPaqoZ57TcpmBD1ECoGPxqkPE8zg9DSX
DPW2UAVih6KavYPzUebvxrvQECDFD4nmaDy8x7ppcDHD
Cm8cYtgtfyULCzisqUnMg68aqqi12PGZScouQfJRfrG3
AEUto3eFWHLAmmVRq3Vo2fmHXwte525jQGG6D7pN4RRd
2Ygyhe4NN3wPYV1G8Rp7VLpLjHDnC4cbFp9Dsk6kLqVN
AEUto3eFWHLAmmVRq3Vo2fmHXwte525jQGG6D7pN4RRd
HAS97VVQ7HqNXTSbnAcEXGJi6tJJYM81axF11YZE74u1
2YwZ3gseFDEtzAPrdKvoEMpvwrgYmmCqEfpC2SLSjMP7
51oET2dy4vCmZ1JMGYR9hbsvsLng1vcLD6z2AZp1uq1j
ANUkikZTPfEoBrqtveRAeNkvVqZv335H5Nvspm6u9Ghh
45nb485LKf1pEhsTab34JnbBb3wXnAAP3xh98xdzP8Zc
6aHUbjgrRXEu6yMrsYEmv3QM5hs92HaYRGV3tNBjawkF
F15rzk8R8DHeskM1CFsuDKQidbK3yCEE5fSyd3upevze
51oET2dy4vCmZ1JMGYR9hbsvsLng1vcLD6z2AZp1uq1j
fRj7JpkYMwd6KXnTEXBQJzLAwL9aSiKd54XQto1C7wu
Bs2NRpK5zPhbhchTM2XGqys5uLw4bjZjiWQJW912XwWi
3dH86HF6HQGUvQHPutn89UbqTTgM2s89F82kAnLpSbZb
3Bd7nfc5qXcdu4MuLf7HbuBHmqTt4SR8zi5bKSxb2eg2
G2sFCvJptXC8gUBmk366fgEr1rXVLViGTjWaJD3Q1i6a
4H389fKsqzX1vHGDrtWDLUKLkcmMi4aJsA7srHwZto5r
7LnoZh6ftaXuVodAVLKr7CryPt6431UqMLHSshjGepiW
HJM2Wg9cVyukVRXFVWZu1rMYSYM3cgmha42DtJSmDV1K
8w8zNnvPHSoUJN2HJibCPvZePAtuPATo891ZzPEA4Yik
CLZogmjyLPTdoTArHhqy1j1VUwR2c1GSvMGNenSkdswo
Et1ctpo5gXgA5Pt5WFPRTxtUhaGpeQVba7zY2VQBdtt6
6dWYKwXPMgr9dbsWsE8FgsTHgHudFaF8vvaQTvYcHnn7
5g9P9YJNPxRMTZtWTPyRkUmdvaVae4MVjhr1ZHmHYbRH
F52kBgBiJA1t4G8Mn4KjUWQRXqV2vAANc8p7sQ5KHpM
26oJPXUNGwx25Y4r8bDwjMT65MHsfviToG7M6zksbDic
6uWDr6tgKgb2VKRVFrfJDAL3ivaTnSeAN2pt7aLoKbEG
CnP33htGVwKHF4psPq57QnRpiNTgKW58RyceytoX78n2
5C9tu7uVVvPj7ji9K8hDSNsYSpc5cLgbP3W1QxfW9n6U
5Cz7GSRKnuFDaXRHeNJpHC77aqU9BY97eXNBBCVhckLZ
2n5PbADyQXeCMztD5wnZjF3Nn2w8PmCmqSQ68TT6Q6KX
9dvBAb9SBMDGm8KSDRckRwhbQGPoFTH2CiH1axy2fyBj
4cKqqwoADnQVUAapaq1CrCwpBwbvCSohZPzB8aHooJjk
CLLcegefmgHQiPyVwuCpLM5TuxRirxYgCYCG94q81RXM
C91QVSPebG5w5SP8Wg97bqfnnNfG6j9QDuTFC5EM25jz
62dKmy6VhcrkCRCU9fMnxMmwn8cVmwqXzRW7tA4Zx6Ee
J8gN62oYWN5JYY33iKQmx5LXGqX5wZZJ8CReNkQMCXSQ
J89HXU8BEveEE6vz7xfK5scknkXjmvUZDYZmsEZbeEvE
Cyc13EoozWsKWeF9xbTwZWkYTeNcrB6VeyhYEpbe4dS4
D4Gwhhra9kxtfnjkSaDzpmsUDsjqxxfp6k6hQwBBkyAt
7tMyU22ViPrhY14fy31bSmTsQK6rwc9q3Zbq2u5RkZis
BVFTQzEas8kMPkcugksaTTuLnQJ8ESxtLryk4ngdyvjU
2Ygyhe4NN3wPYV1G8Rp7VLpLjHDnC4cbFp9Dsk6kLqVN
WvPUKMveJ5ED5VxzEq5N32hnP2XoUAbrCGCLYzsLYqP
7vAg7NxpWJjA9eTFneNemmB1ddsUowy7bbaDECFu4AH2
7o4NoA1g1asZzi8D4fRPjVuDR6YkKGhLRwVbEFfmRWX7
