Transfer 1 tokens
  Sender: 3dvNaJASxfycfsbcz14yrG1T7pNHRXj65r6oJoVRj5xP
  Recipient: BxCviB4hviwgAXuZscTiTQcoXd9pF7CdctqqNw3txKkT
  Recipient associated token account: 5ShWd4dtCeXuAGW2t5CA4VkBnNkoEyeqLzu7san57k14
  Funding recipient: 5ShWd4dtCeXuAGW2t5CA4VkBnNkoEyeqLzu7san57k14 (0.00203928 SOL)

Signature: 2F7v61pdYxEK2UZukXNemDjPH9bp5QF9EBD3joRNc6hCJRnqxNRnUtusPBY1dCX4EuLdgKNgdDG2YbK87GbF7ANt

Transfer 1 tokens
  Sender: 6KbFYgaugViY64FKmaxxmZQoSQEvSMYMVeR411AxD3Wg
  Recipient: 3eucHmLaRJzL3d3rzYx94KvxcVhR4ESLo9R9hhb5Snbo
  Recipient associated token account: BBNxUHkpVWgjyiAKTRXChkkNeD6RyUjrZJJp1YriPeTb
  Funding recipient: BBNxUHkpVWgjyiAKTRXChkkNeD6RyUjrZJJp1YriPeTb (0.00203928 SOL)

Signature: 5Hk8GdLyikSUa6VqUb6Hpm8814ff5ctjU72VEqWkH9YzVWvbqCWTBG3dytwqSZNT1uyzgMcRAYP9cBfcoxYWked2

Transfer 1 tokens
  Sender: HonugHrSJyDWc16gibXE6xC8dEEDgwt1JQHkQt6zaqcT
  Recipient: DCGCaZhzfAXghiAAsfbBdpQzFwYzRvbVJnjUebxEmSD5
  Recipient associated token account: HENQbMoP3pcGLR3R2iwx3i8fbG6DFkeB3H3MKK7kN5MX
  Funding recipient: HENQbMoP3pcGLR3R2iwx3i8fbG6DFkeB3H3MKK7kN5MX (0.00203928 SOL)

Signature: 4R3WMo29qzEcASXAqbPiH3FiiVvFRHMoRwaaYuoX1to86TxLLPJTQUxo1HxJWJbG28EYb4B9KRcuChMepE9Un9o9

Transfer 1 tokens
  Sender: AmnzrteixetLzKWVzdT9pgTiecf3j6L3J3LoW51q1Z14
  Recipient: J4a36nao5UWWTJKehvPZSR9m1zotACsEX1cf7LcXeRTj
  Recipient associated token account: BYmcPPr3VhSdpnHgfE561PwaBaKAMMjSkSrJ2WgUkxpo
  Funding recipient: BYmcPPr3VhSdpnHgfE561PwaBaKAMMjSkSrJ2WgUkxpo (0.00203928 SOL)

Signature: 4etDdphmty2V7t28HsMzVzNv3TS82hUkNa6KQ6aMVjnsvUfUNSEyfww5VBve2A7LvEJQGHegMSVL4FcEiBXPbk3N

Transfer 1 tokens
  Sender: Cw9KCajye6nhNyWZhuNkQL8MohrNvgmmZ3YnxPDxD1TB
  Recipient: C9u28tV9EcKf6iqCxcQvh8M4fnxtWU27vmS3gVwwVKSm
  Recipient associated token account: EUNVeGme85F4n64PXvdZpMbKREwvoSH2Ync8WLR6CmW8
  Funding recipient: EUNVeGme85F4n64PXvdZpMbKREwvoSH2Ync8WLR6CmW8 (0.00203928 SOL)

Signature: 3qXbz8ZEKouHhrB4rY1CZorTtLWoMAa3fH3h5YvhfAT6XdwSZxfvYisNMaz5cMC4Xx8GkjaNtY5wXmxM159m4R7S

Transfer 1 tokens
  Sender: GsseuLfupmv1WScFDt2rFfyzmR7wCM4ftiWCdeaYhRvZ
  Recipient: GX5RwoNCqaZY48qhCdYWJP9c2i2jouT24yw1dDtqZFmn
  Recipient associated token account: 9RkQXDFsFeT42cUBp7W4tNfauiqibpSdkqfCHxNwZAfH
  Funding recipient: 9RkQXDFsFeT42cUBp7W4tNfauiqibpSdkqfCHxNwZAfH (0.00203928 SOL)

Signature: 38dSNyyJGTC1kdSSTiVQo3C8szuw5XRxSDa1ng5hHB6ChcJzNDQbGbhDy8MUqUaciAyECLADrwvxK5K6GrhE63iV

Transfer 1 tokens
  Sender: 3MjtFGEy778N4YwNwGTzaid1xaomzdoCgMBwx6XuqPhd
  Recipient: 8kX16Yj2WBCz1sPXcimafGrutQkw3s3Swe9sR3gt3cC2
  Recipient associated token account: HNazYkD45WFXC18HB2ZdE1u6BXhRMQooXmnMx1G8gWLB
  Funding recipient: HNazYkD45WFXC18HB2ZdE1u6BXhRMQooXmnMx1G8gWLB (0.00203928 SOL)

Signature: 4rLoGDskvRatWqTKHorfwgc8eXEZx6oKzhjN49JX2aqoxzYHmFLjfxDw67MFPLZT4crwLqog8TjfvNZ924gMhaAu

Transfer 1 tokens
  Sender: DW2tUtpUYNnYpvL6viZxLQFoAhyhBRbYfqgtZEnKRTiG
  Recipient: PNUazbVrdxgkHu9s864orN2nPAD7P6LbdMbCbgLUBki
  Recipient associated token account: GdZxS99nDS4x5PZfrA7ec3fXKShv7bsp52c7nWPACCsh
  Funding recipient: GdZxS99nDS4x5PZfrA7ec3fXKShv7bsp52c7nWPACCsh (0.00203928 SOL)

Signature: 2jXmXzT6xzMTNtBFYHYp3gbY594jYQ9qNrsssMe4w9Ug5kNXs5fcJ5aFfTqfaoCztt6mjhPZ5ADKJDBmyyVhnSRL

Transfer 1 tokens
  Sender: EJA9W9Kr8zemftsk6bXSUqUPxR1TDzryMCB3mMjEwjDZ
  Recipient: CoA6BbArzsu95PbJixBxNezZhgbJnEQN7JUsKW8matcu
  Recipient associated token account: GgmcrouA8T2ZcUx4nts7S7j1tdS4W69VUZpnqdUaZTi
  Funding recipient: GgmcrouA8T2ZcUx4nts7S7j1tdS4W69VUZpnqdUaZTi (0.00203928 SOL)

Signature: XiHLtB3La1PurystLqDzhExTnqkaqY9ib1gufYkEWfRgtzvJZVcipWKECkocanFSBt4uqEFVYrqtuZMuTvfpHVV

Transfer 1 tokens
  Sender: 6ZMtTLQyVwC4qX94gwgvbnLRznNnDMexoHWzmeqnnkFK
  Recipient: CY7u6f6TG8qPFxnng7LWAFHDF7zJX4jCBXiQLzgr3omR
  Recipient associated token account: 5mgjnWiBtND3ncuKjUqSwaJXXBzraghJFnJk6iUJnLPN
  Funding recipient: 5mgjnWiBtND3ncuKjUqSwaJXXBzraghJFnJk6iUJnLPN (0.00203928 SOL)

Signature: 2mjmTaLgeeG6Gz1QhpPzRn8Fmu41WeyyiGbRMSMCqdAFri1QzYxJVSJDsVrZEQDpBwgLjPWSY29nZJ1LnExPnAhj

Transfer 1 tokens
  Sender: 2bDaTsjKmkEFKY47TrPmxz9L78D7vx7WjjFQM5TUccdF
  Recipient: 4cKqqwoADnQVUAapaq1CrCwpBwbvCSohZPzB8aHooJjk
  Recipient associated token account: 9RkBR74ZkizPZbGTkoyS96V6GXQBwf3tRDfQA2QPLeCH
  Funding recipient: 9RkBR74ZkizPZbGTkoyS96V6GXQBwf3tRDfQA2QPLeCH (0.00203928 SOL)

Signature: 4p42FVy1vhn4PbXxByuW4gL9tnxpyR5NxkEcy8C9pk7ji4UQcCy7rnZVNZT51ivp4BJiEU7837i2KRxCXQebbWad

Transfer 1 tokens
  Sender: 5Ayzo8hGAkDqoboW4dh4WNrc7qqNn8N7nGTf8tMDJZyE
  Recipient: GGut9DeAcVyoQiMro1fMXm1fKU1uWKZ8HC19YhYvLuht
  Recipient associated token account: 5rwtxRSNapXqt6sHL5GDwbUeHogF6YK5rDDPCDBuCaAS
  Funding recipient: 5rwtxRSNapXqt6sHL5GDwbUeHogF6YK5rDDPCDBuCaAS (0.00203928 SOL)

Signature: 46YqtEmV1xdF79BaP11Sm1d47zLyAek3kBLMy3t14TNHdAtgb3mAKiiYEodn8wawx9DLaYwg1QwHyrTKbkewMv6G

Transfer 1 tokens
  Sender: CTi1YhUAUA7cEU4AYjBGLJiWrE3Zqd9BQdfcKLqVZ7Y4
  Recipient: E4YnbxEMtg9988ogZrG2Bgmb5FhZk3eW7irwz29TpK8g
  Recipient associated token account: 2xijLEdXUHSkQhXvEmDY5YS6C13XGtYTAMoShf4H8wjG
  Funding recipient: 2xijLEdXUHSkQhXvEmDY5YS6C13XGtYTAMoShf4H8wjG (0.00203928 SOL)

Signature: 3ikRnSRR6igEsmV1QdgW6Cnpk1FbCoT8hthSVJKcfSVBW7rAQtmBjvCXvpUw9MY5FhZPH2MZDogr3c7hvWdJRYGu

Transfer 1 tokens
  Sender: EbtTPtS6nVgkywr6RQ9qXLgjQwvnarao8Ldzjq2vqmvx
  Recipient: Bv4HytuReCvPRMofF9FoE2XRLB7SG1XsEsQqSU42SbuZ
  Recipient associated token account: 6hZ62UQrXD7kwf4VoysGZ9fou1EKQuJ4mr1twmHWymCH
  Funding recipient: 6hZ62UQrXD7kwf4VoysGZ9fou1EKQuJ4mr1twmHWymCH (0.00203928 SOL)

Signature: 4KptwkBJ8UWLyN8ZGaQmo9AW9F4gFj24V9RLevUHe5Nvpwh3ENK8AMMj2ym8s9mV4gpUTM4MrzzsrmtZvmSjH4wW

Transfer 1 tokens
  Sender: 37rdG7ivMWpzzu97NUJe6dRAHvESX7q7SyG5LEjDQaoP
  Recipient: ELF8eieJAgKHJypyvoWW6PiRFrEHCwZd27K5f5UmNgjZ
  Recipient associated token account: BiRcF6QLAgGvj72ve7Bh4nfxWtxTpUTckQovjMTJVBbF
  Funding recipient: BiRcF6QLAgGvj72ve7Bh4nfxWtxTpUTckQovjMTJVBbF (0.00203928 SOL)

Signature: 5NM5vWAih1BPgcvkL7ZVFRnm4JPqCByFh3QDt2xfU7x8yJq32G27wmr7iyhrfMr4fm5iJQnCZyJzb8yfTWBNCaDg

Transfer 1 tokens
  Sender: 8Ejob11NnEFzmCuGXBqQ6PgSBMzM6Begrap4YBDtYPFT
  Recipient: 5ztQBjnUAaJVEB5sthWWf9XWMLeRRRpoA1q2wvNTkh7V
  Recipient associated token account: CVKY39j1rkgttiVhcQnQ2NFtwsbU5C8VKJ4Z7D4ZzJPk
  Funding recipient: CVKY39j1rkgttiVhcQnQ2NFtwsbU5C8VKJ4Z7D4ZzJPk (0.00203928 SOL)

Signature: 2X99w3DBCT4vfHMcWoEQYrttdS6ojwfn32LnGHwSXP86dBjRgiKz56tmeyJJy3KM4ajAu92RPvQyminK92why8X1

Transfer 1 tokens
  Sender: 4R4Y2r6cXpHYU1UwauaozdE8XiYjRyb5Y8uPVavrtuCE
  Recipient: 6BehKQ2Jjk9GZrr9JdcbXeAngig6FaCZmUhK9ficz7Cb
  Recipient associated token account: kE2CDosdMqgSwQi9TAS9MmKwSkYonaPU7JhvWcCcpr7
  Funding recipient: kE2CDosdMqgSwQi9TAS9MmKwSkYonaPU7JhvWcCcpr7 (0.00203928 SOL)

Signature: 3mRVgYeJddmUcge5oCvxsrxL8DyfS2LUVXDd2ZKzT9TeeMQT1Nve62qX2yyNsqyzhDB4G1BAnkmdjJFc9BMYLJCw

Transfer 1 tokens
  Sender: 9a3dxybHsNBVptKCwwHhu5XKoxfWLnf88zWDkKDXVbgb
  Recipient: 6aVxAU2nNjSUmDkSy5zgavKcZNKGov3xhi6tUPLnULLp
  Recipient associated token account: CyxeMaX531a28nLFmcXTz6Vf5kRNofnXBEC32yTpvpzB
  Funding recipient: CyxeMaX531a28nLFmcXTz6Vf5kRNofnXBEC32yTpvpzB (0.00203928 SOL)

Signature: 6564gyGZbhn6qbxMWPqzQeJErtddqnsfKF3kLyVuizTqbPzzENt1YH4M2CWpkeujS4T2kzxHU9MNXtG3P9VAdwWv

Transfer 1 tokens
  Sender: H2VFpmecu93mmoXteQTUY9zLv12dkRtqBKMJ1ruowEmK
  Recipient: 51oET2dy4vCmZ1JMGYR9hbsvsLng1vcLD6z2AZp1uq1j
  Recipient associated token account: A3ypYEdBrfndD66Bhw11LmhUJguZChRYSa7yFJS22GiS
  Funding recipient: A3ypYEdBrfndD66Bhw11LmhUJguZChRYSa7yFJS22GiS (0.00203928 SOL)

Signature: 4V3bUyz9WXmFks4vCwGBCyyvnbRjEydktPtKDxzeGRK4r4BoMS3sVv4JCP2hMY2nw5WXNTmL7mU1FWyAXevksNAg

Transfer 1 tokens
  Sender: CApGNF2QRb7anHa81ko7E1fwNhcmZ3B6BWxQteGZ72hW
  Recipient: FengiWQSYF13nh4SCEb4A6tkNDYALF5zwkvh1zAYWXet
  Recipient associated token account: sZUaTPzPBucfgETaDDSF1uRVHi3W7BvtojgDCwQDDtr
  Funding recipient: sZUaTPzPBucfgETaDDSF1uRVHi3W7BvtojgDCwQDDtr (0.00203928 SOL)

Signature: 3Z9yRNQpUpBrygEPLxGb5cKsCtHMf3WjRrjVNiFjpiMbKjL7SMoo8Em8PyUsuvfUUEosSG643syLCWxiRUubMoAE

Transfer 1 tokens
  Sender: EFPGkuvBmkW69VeTAgG64hUgwwktWPakTJvJUroMbwyD
  Recipient: 917wwwdLEmCBvyz5fhXmfjL1YBakvkJEiHEVqpTjQf9u
  Recipient associated token account: F2HT7t4BLVuCMiGAuQRs42MuH7SyRx7ki79uehWfFPDo
  Funding recipient: F2HT7t4BLVuCMiGAuQRs42MuH7SyRx7ki79uehWfFPDo (0.00203928 SOL)

Signature: 3Pi6VWwqokoDp56A4TdDdEMdU2cgLu3btFvctiHMaxRNggMud1CrmKYxuRLsGBH4SYKcnTTpppS33sGqsDRNr7dL

Transfer 1 tokens
  Sender: 99P2zrVhBKd8C8DqadwHnFtsFAhFHwm7EasQ7mY3QzMZ
  Recipient: Cm8cYtgtfyULCzisqUnMg68aqqi12PGZScouQfJRfrG3
  Recipient associated token account: CTZWsuKUqT5VfMY57UwKqqVYfTfWP3bRYb3UdpAP55aC
  Funding recipient: CTZWsuKUqT5VfMY57UwKqqVYfTfWP3bRYb3UdpAP55aC (0.00203928 SOL)

Signature: 59jBU5j5RXAgzVakRHSdhwMRhBoaykRUXEhaDnq6HmndpUnMHiKMHRQvZtnGCbv14XNjXZPKqMRa4Eom5ozzrPep

Transfer 1 tokens
  Sender: 2moRWfUkbQhtShmHPj8GFfGniqZLiQw7K7v3jxhzAA2c
  Recipient: 7mQjmjScpjDP4pFrMLU1CS4H87oUaYrSMb2tkto8RXUX
  Recipient associated token account: 4ryJLr2yQ7U6whZdT96dFKHqxoC6PvaMDxcxNRrPQYUt
  Funding recipient: 4ryJLr2yQ7U6whZdT96dFKHqxoC6PvaMDxcxNRrPQYUt (0.00203928 SOL)

Signature: 4StbSpUiGnqCk1kBxpLW9gQtmphyPEFXcMk4zJvW98Rq3Wfh2sAWyDz3QVpizh8LkJ2HvYuQqWWe4FXB4ikKeag7

Transfer 1 tokens
  Sender: AKfUCzqbeSv3Kgwcjt5snuHmMZbbdKH7FFs2ZWn1NrV1
  Recipient: 3gBzKtuLAyPJAq2K54URFpg8i4hhX7JdZzQEFqKCw9m7
  Recipient associated token account: HwpimLpPSaEZYz8ZNPooe3PreP27itfCcA62Ak6epMri
  Funding recipient: HwpimLpPSaEZYz8ZNPooe3PreP27itfCcA62Ak6epMri (0.00203928 SOL)

Signature: 3zeACBi5cRMRDRaYRNoh6Cbvi9Vi1DPVQ6ErBjCTswiKgpD84hcSabdPzAvQ4jYEyDpNqCJMztuNjBxzBiwC4exo

Transfer 1 tokens
  Sender: 99YSqKbR2M2oJKCcTWTb39u3ZF9EHcMDyDmJzMZKbE8w
  Recipient: 2Knz5oKP4VsjF9PkA7WCyZWZsBig6zZMcp9FH6aRLwjP
  Recipient associated token account: 6RgJpyko551YsNLwqV1iLZxh1Cypc7td2o96JWxq39vz
  Funding recipient: 6RgJpyko551YsNLwqV1iLZxh1Cypc7td2o96JWxq39vz (0.00203928 SOL)

Signature: 5CguNgCVxdhx3noiY5kfLgRNLTSH2WCeLC2xtn7U8eB6CDq9AvxHC4MzAMixYTXZU6qv6dcrWJWBre5TfuQZw1F6

Transfer 1 tokens
  Sender: 3rXMicQNZfruZTGzarLC5JvpaFvu4wzPmZgRzbAkEdJD
  Recipient: 51oET2dy4vCmZ1JMGYR9hbsvsLng1vcLD6z2AZp1uq1j
  Recipient associated token account: 7xywLaTUytoCdtA6D2BMnzcWLDVqRGMaJBGsGFvUv8nF
  Funding recipient: 7xywLaTUytoCdtA6D2BMnzcWLDVqRGMaJBGsGFvUv8nF (0.00203928 SOL)

Signature: 1eWF8rJuhEXwF4K8PTvkAHBvabzxu8DdZPQhpYFFZWMXSL4YuYGmCMYhRvi6BviDSuy2XK4JWFYeoiZLbyPjeJE

Transfer 1 tokens
  Sender: 9ezVYZfaH2JXkboScZToKnvRvWGcbv75MKrom94Lj2J6
  Recipient: GPVSAZqnyKtud3pxMLy5XgcFyQhBWomGqJjPHZsDkPXC
  Recipient associated token account: 7LH8GiqtMNvNKk2pUSQoSo9u33co2iBVA2NycbgLUWwm
  Funding recipient: 7LH8GiqtMNvNKk2pUSQoSo9u33co2iBVA2NycbgLUWwm (0.00203928 SOL)

Signature: 5fmUvcj5xRUij78s6f81sxUifPG983TMTK2hkikLMWwdt465gZzMkcsGjqavQSrUdMgj67JqYTSPjSiwJGEHJ8TZ

Transfer 1 tokens
  Sender: HBZpRrKe4PsRA8TY9vLgxpnGTq5DLQ6GrbgLgUyeiq9U
  Recipient: 73tF8uN3BwVzUzwETv59WNAafuEBct2zTgYbYXLggQiU
  Recipient associated token account: 2dVR86aNnUk9fDKMSfPL4jhcuEPnkpn9UhmAUCXA4GVS
  Funding recipient: 2dVR86aNnUk9fDKMSfPL4jhcuEPnkpn9UhmAUCXA4GVS (0.00203928 SOL)

Signature: 5Z3xoF3vPrXKPeap9vjH3nMXCmqEkXFSu67jSmXgaskidGivZ1jxKRBpQ5GqeiLr2oYk77dkqgJgeJr4BxFpB5ig

Transfer 1 tokens
  Sender: Daozi4f7AP1HcPRL9JmaGGDSArL69hrxS6PUf1XzSNpZ
  Recipient: 2mSEEsrV1sQ82J1PztWQJ66GJzy5NeSDuFBozNeBqAqp
  Recipient associated token account: GTW5agWo2ZXngxRe9nuRoQiPVCJsn5BjBPzebeNBEXBP
  Funding recipient: GTW5agWo2ZXngxRe9nuRoQiPVCJsn5BjBPzebeNBEXBP (0.00203928 SOL)

Signature: 3Xdn7EBmgpkNr1Q2Ri12mKjSN5xqkgB11kFPKjfGuEt8pvFePj11b4fCSSaFFk7ovxnMUMkvHk8DYbC9e43NJ5Xu

Transfer 1 tokens
  Sender: 4kaHbJNCmSPDHEWxA9g71F7PTNsRLvhgT6W7vihZGfXk
  Recipient: 8Nj7AC1oPcx2oC7Njihwp9Ee3Aez787kvww3sX3Bdox2
  Recipient associated token account: BEd7WqBdnFVThnPzJcHSLdfCcJW2WuWz9FYNV561eapC
  Funding recipient: BEd7WqBdnFVThnPzJcHSLdfCcJW2WuWz9FYNV561eapC (0.00203928 SOL)

Signature: 3QjCwg71yivuMhfCwhzatv7K2wgNs3Gk64SoPHrxBqW5T3rwwGe8GFatdMvWXBGNJJbVfpaEbSy4ATXgxvjep1ZS

Transfer 1 tokens
  Sender: GisHt1JiXXJu9DDm7iWrB6VHbiHiQaPnSL1eqrtrSQiS
  Recipient: Gm4FvmDqQxNCqRdmynNknqdYcMwitLMfqY8aLFaxDwSq
  Recipient associated token account: AhSY31sYHdZ1UJyU4Hc9TPoxTaQL7HiqXGksp57C158h
  Funding recipient: AhSY31sYHdZ1UJyU4Hc9TPoxTaQL7HiqXGksp57C158h (0.00203928 SOL)

Signature: 32c5FNrrzwUJLuSixMdCQyWcYPkbuonL6g2ack9JJ6jvnaEv74VLDXuE9CioTsZjKrwDdoNpt8UjjHdyPEwLhXQe

Transfer 1 tokens
  Sender: 5A3hC7dHscpazJjMnqG5PBNHDqMycyo6ebcuJURNncaH
  Recipient: 5tgZmrCGPTFsQcsb8zswLfrGuYiLp1LTuNPBvfrQb2Yy
  Recipient associated token account: Ap2DAiBe5zgiqExnVVG4E6sWWZGTiFnaSZ5B7k6oS1zx
  Funding recipient: Ap2DAiBe5zgiqExnVVG4E6sWWZGTiFnaSZ5B7k6oS1zx (0.00203928 SOL)

Signature: 3PmFSCqdZBwuiV5ov3wFgyCXRKis4bRtV87gaFs42R9qMSEZrTSaQd1woMx8oHk7UqavxZRKd4mbTgwdB98SF75p

Transfer 1 tokens
  Sender: 3PqsxwZZSbmqAFj6j7XYAryWQAD2WmRAigSFuhgrJg3a
  Recipient: EEUHeJFM6mUeN44v3kpepHXXBcGY8xV38TjTNxHEt76U
  Recipient associated token account: D6qJCM5hXb4H8eqr3CdikxqtEYR5A4BU3dwEdLQ57BjT
  Funding recipient: D6qJCM5hXb4H8eqr3CdikxqtEYR5A4BU3dwEdLQ57BjT (0.00203928 SOL)

Signature: 2EVUXXvsiWeYwsntcMRqTckVBSEhD3BBF2QTBJfPigi5ankeKdm9oKdyYy6ZjkAia6773Z7jgFx9tqfxD9Ze9ew7

Transfer 1 tokens
  Sender: hFRcjP1RbwotChXQtgCzJi4rQKPGFBMumGAWQCdbdcA
  Recipient: apezNrdNkGzJT5mfLsqMdUWcGmZwWRxUb1dUM3xXRwu
  Recipient associated token account: FbAcwLYKcsbtb1ZTy2VsUZsFhhhZWVCztS5WgibBKxWN
  Funding recipient: FbAcwLYKcsbtb1ZTy2VsUZsFhhhZWVCztS5WgibBKxWN (0.00203928 SOL)

Signature: 53khbty172s79NTxM7ZaNFYKec5qMmapWDWs3DdPNfWUH8KFGQp41FGGNWX3KVrLhQpLYjsQrXXtP1Fc1yGXcnum

Transfer 1 tokens
  Sender: HMNx1pRPE5SJAXL7ubJk641S6ExPcj4tGGGbNaPcCqhC
  Recipient: urKQ3q7qrRytMBhoJ8jv3C3743RVFaV3wE6fwPoxmmC
  Recipient associated token account: 9zmUUke7coNbE5GmJZUEgafFjMzB34jUy1eoRcntkuPt
  Funding recipient: 9zmUUke7coNbE5GmJZUEgafFjMzB34jUy1eoRcntkuPt (0.00203928 SOL)

Signature: UgTwwCD9Ej1HuUUZJu3tLv4ctvZm2db88axZNm5NTBR1gBdDCbBFGb99FG67wZtLM2BBAkh2wUxs9kYNE2nw3hG

Transfer 1 tokens
  Sender: BvzeVm3EZ2Dm1sY396GWpuUgFuue1Bgc3Nbgvjg3LTV1
  Recipient: BP9a7nk1GJFAeLDJL1BxnXDRxzJviHT66w6Qcznz3t1X
  Recipient associated token account: naGzFwbu2AVHe2NnUGYNKKnCVKrGX8JqaHopdnNy78P
  Funding recipient: naGzFwbu2AVHe2NnUGYNKKnCVKrGX8JqaHopdnNy78P (0.00203928 SOL)

Signature: 55W9gkxMxggdXNUsaEu7CoSX5fZ6ohHdcF7zyheVgwrr1ihUuEyxVAeSPJ4JRWuthsoYiDUWefYrG6kaFhvRRKKK

Transfer 1 tokens
  Sender: 5NXbLSNWJK9S5GBGptnyHfZx7x9NCy2j7TKcB3n27aKi
  Recipient: AgPhAsvcwPfT8bcAQxfyvymHdS9enkCzHDZP67ihS5YM
  Recipient associated token account: yP6yZ13B5MkQPfioaJs7StAqm9MUgVozhSbCiSp3qWc
  Funding recipient: yP6yZ13B5MkQPfioaJs7StAqm9MUgVozhSbCiSp3qWc (0.00203928 SOL)

Signature: xgsKax9qYadC6dTjLBdqHXfRV1q3NdG9WKN4aXZSd5NvN73vdWp6qUYCbyYE1CMgXXMyaEUuB99sCMsMk6s77dY

Transfer 1 tokens
  Sender: 9teHsMJ2yEzVX3qPqigzvD16kyxYciJB9MBf92ViJTfh
  Recipient: 6aVxAU2nNjSUmDkSy5zgavKcZNKGov3xhi6tUPLnULLp
  Recipient associated token account: BCQApaCYcxKNXaqBc9G32tEg2QacZaWm711wN8BEsqzj
  Funding recipient: BCQApaCYcxKNXaqBc9G32tEg2QacZaWm711wN8BEsqzj (0.00203928 SOL)

Signature: 4pXyhS1xrXAarVFZnYhTFUnorgSZ58eVxs46F3EsGvp13YHgR2vnL4PeApQYwFZKnDwmZEPwtBqzoV3MQiVn96v8

Transfer 1 tokens
  Sender: 8uvh7xWfJxiR5YVLfW7jbjkTTAhSbLbNtnWcomDEY3tM
  Recipient: 3eucHmLaRJzL3d3rzYx94KvxcVhR4ESLo9R9hhb5Snbo
  Recipient associated token account: CMGTH7KyRnrPbHrPudiTYGjmLNB45cDuhV8GBTK3dQwu
  Funding recipient: CMGTH7KyRnrPbHrPudiTYGjmLNB45cDuhV8GBTK3dQwu (0.00203928 SOL)

Signature: g6ykxtnywAtvzvWdnQpowuFm9fmRdaTMykmpLVEUS5MoaES8QyDcZNaudTuoCpZJoAosmz5ZqCpR8F9LSEgwxVz

Transfer 1 tokens
  Sender: CN4K28e8shet4wWY4saHWThhJBDMcxemZg4EfLbiR9JV
  Recipient: Cm8cYtgtfyULCzisqUnMg68aqqi12PGZScouQfJRfrG3
  Recipient associated token account: J1Jw2pXHh74a6EBH32pV8Wy9mV2Qk4h1QH2V91MVzxg5
  Funding recipient: J1Jw2pXHh74a6EBH32pV8Wy9mV2Qk4h1QH2V91MVzxg5 (0.00203928 SOL)

Signature: 4CWCn95MSDC46HDgnbGPetFfNMJDB3QgAcRZmhi3wstGfrKaUyF8Wprer1KhuVU6v6VsuvjWyFc6auCSedk3ywrS

Transfer 1 tokens
  Sender: Dr52MeFyv8zHYV81ctXYomBpaVhRSUmk4XMR3UzvzwAk
  Recipient: 51oET2dy4vCmZ1JMGYR9hbsvsLng1vcLD6z2AZp1uq1j
  Recipient associated token account: EkibGmQuGGDyhS8VufpMTSAjJjego4uKeqAhu9NEZUmh
  Funding recipient: EkibGmQuGGDyhS8VufpMTSAjJjego4uKeqAhu9NEZUmh (0.00203928 SOL)

Signature: WCjjw6tJ4c8HGLVUzm87ftSYXikPVSrfF4tMkHCWjusVsSFzdUpoekJuzGdtjQ9dG8WyBKkzpXeGuHV4EZoCe33

Transfer 1 tokens
  Sender: 4fKKmwGt4X5DsKTuQSoh4RJLiNiNAKdxgAfun2YipjHt
  Recipient: AzmKB7i1dJucc5Ec1mxpoJor662CDFKAAWRstWDtrmaq
  Recipient associated token account: J19YMjRYnSQQNpDkDMELz5kcJCTsoRynmth7qDjZruFt
  Funding recipient: J19YMjRYnSQQNpDkDMELz5kcJCTsoRynmth7qDjZruFt (0.00203928 SOL)

Signature: 4vA9WpcMcjy3nGQqcZTyQeu7Mao3RvKrNj4ZjMVVoa4XUT6PFoKNivEcEDULxGAE6tdYXN58nMfh2abMs6YLMsmJ

Transfer 1 tokens
  Sender: 6GZVpk1UQ6enTHSsPQ1LxneQuAr9P7wY5N4smhH1zUp7
  Recipient: 7aoCPhU5m6SeTdokjLk9kCmBQuYyhnHAUDb9RTQoEvee
  Recipient associated token account: AteWESWfwRYoDABQeDmeQpr5dvPNEhRBKphjLsuSHB4V
  Funding recipient: AteWESWfwRYoDABQeDmeQpr5dvPNEhRBKphjLsuSHB4V (0.00203928 SOL)

Signature: srNzvenJy9KvSN7MQmKVpavQHVpJwvtaPTHHfgmgyLjqd9fmSx1rfTnfMdRCFkXg7JvUQaB7KjjWjuqQZBMdZgM

Transfer 1 tokens
  Sender: 9UdEkbn56dZjvtZ5t8EH5z9Tf5e7iqQZUL5Ygs1yrSkF
  Recipient: Cm8cYtgtfyULCzisqUnMg68aqqi12PGZScouQfJRfrG3
  Recipient associated token account: 5bwuJgV2feR8XgJsTgnuFwyg9fgSQjueuj1ucP38uL8P
  Funding recipient: 5bwuJgV2feR8XgJsTgnuFwyg9fgSQjueuj1ucP38uL8P (0.00203928 SOL)

Signature: 4k7FdHMLSrfLzw3xKr2ryP8ZaGDHvHtA5rWaSWhxYMdRDc4u5x6Bxzb9xeS3nNimMgvUZPfMxfeMjxZLPPbg3iWy

Transfer 1 tokens
  Sender: 3FrWEr5nF9C9MWFsbf9XMUvffzrqUk1cFwjpm4QMhsbr
  Recipient: HegbXqdSjyAarH8HQ8N8A8WVoQF1BDLRiK7GENaZyUCw
  Recipient associated token account: 2dSWm47Ufutpm5y5bBPRGoFsuWQQeWeGEwNTKPVuqjnT
  Funding recipient: 2dSWm47Ufutpm5y5bBPRGoFsuWQQeWeGEwNTKPVuqjnT (0.00203928 SOL)

Signature: 5gq6f7h9o2QQVhgUxGyrR2yG3RaLZMHeGJg8w7ce9XbqBo1GyXHkLTpBmi6pGixSQEgJFkYrdY6QEVPkw76ojjmK

Transfer 1 tokens
  Sender: 3YTGmqU4esvQhFfF58HpLPhk3ZXG7QYifXNBFh5mZfjh
  Recipient: FJ5hcKnacavLz9geNZDRyDXdUvZHJBVnn5RLLy3sRtra
  Recipient associated token account: GJ6863q52Qya1zaeGc1tefhKhFcjvSaenJRLC43ZLJcf
  Funding recipient: GJ6863q52Qya1zaeGc1tefhKhFcjvSaenJRLC43ZLJcf (0.00203928 SOL)

Signature: bB2VrqYXtBtCynqqP74UKeE25ag5fdhbvS93a9Ku1WfxfRbjAGM52cPUJwZaMpibB7NZFhRhCpxS6bvxsjmz6o6

Transfer 1 tokens
  Sender: CX3rZQwHJakesXMfAHuKc57WPiftq1JTTSBDTGz7qbWY
  Recipient: 8eRFqwGtCZXapU8wayTd8Ppa79gv5SymR13J9kWQo74S
  Recipient associated token account: 8dyaubmEDFwbCx5f5zc1n1BP1yEge9sKkv5qzYSz4YjP
  Funding recipient: 8dyaubmEDFwbCx5f5zc1n1BP1yEge9sKkv5qzYSz4YjP (0.00203928 SOL)

Signature: 3uRaNVR5PdRsvhgPUZbuCh8BwF4yqm5CeMDtEDddirzzBDCcsxteuX4FrzGDpuBMM1kHoLvzVwSigFNcza3no8Td

Transfer 1 tokens
  Sender: F6siAX8Zqb7zP8NoDFwGK4Qom3XXDL7yCD4U223Lywuz
  Recipient: 3oGV8ZtekVMm1hDSvCGfPx2dRVdLiNX6X8knF5gS7Z5d
  Recipient associated token account: 9MKkPyaL1tXbbpqwvYQaNtMvNY57C16G6jMFPvHD5VKs
  Funding recipient: 9MKkPyaL1tXbbpqwvYQaNtMvNY57C16G6jMFPvHD5VKs (0.00203928 SOL)

Signature: 38RBMnJUmT6LnyLM1FHe1g1LUrLbTVaJ9fjgrFEpHYcB4NB6dZuxzSkGyyTbx35Jqy3BQwEhrnnSxC2nDgoE84Pu

Transfer 1 tokens
  Sender: ACEM2KopDzfi7JoVt2ckqBZD4i5LV5Hck4JDHoN4LGBK
  Recipient: AyVQRyzY475ntbfb48LSzAnqqpbGVuawikJ5qU2r9hP6
  Recipient associated token account: 7MAdhvj5735xZSmsBKLZYPsEtimdTzEbPGy3hjnBG4dc
  Funding recipient: 7MAdhvj5735xZSmsBKLZYPsEtimdTzEbPGy3hjnBG4dc (0.00203928 SOL)

Signature: 4WaW4JJtGyGaZfxDNUJvnSQgVskQT9xT38Rn1pWc7SUuTabLh7Fuzv2XdaCm99h5HvCDSEs41vo9gFoRUu2GDHJ2

Transfer 1 tokens
  Sender: F9ho1wmhaoYqPRxcZarm1nfrmYMqksuJSZVR9TMBFzeN
  Recipient: BFJCkFoTCwrPXTmNLLX7x43qfJY77YjCyavyRkYnFTzr
  Recipient associated token account: GNaBK1G2iv8KQ2N5PJD6rKxh9FNDxZ3xDozt96b7szpC
  Funding recipient: GNaBK1G2iv8KQ2N5PJD6rKxh9FNDxZ3xDozt96b7szpC (0.00203928 SOL)

Signature: 64AM68qCd8n4riJgHRDvWxQgdeChCSLuc4pPT132qaNhMVbvnWc4Z6w3drJ5U2pAp5aKZemFYLjXjEZu7Uzzvgi7

Transfer 1 tokens
  Sender: 5ivNLEhZHoBVHDQ2NqkYPWC8J6VjzdvJBm7D2KY99XWv
  Recipient: 7b6eAwz19KGscTnfoSowcpLRiKK8g49LJ2UwUHAnGoNV
  Recipient associated token account: BRPt8w6FXb6tVaWgrtJ7K8YTUi7ddvtknXNdZfL2yX5G
  Funding recipient: BRPt8w6FXb6tVaWgrtJ7K8YTUi7ddvtknXNdZfL2yX5G (0.00203928 SOL)

Signature: ZowoohQUQ7yn3Kvcwa8Es6t5FNwqaeKNjUfaMSTCtGSHMJi8kZe1NGBGxuy8hyWpeGTJvH8HuZ4Tj9n2gXQC388

Transfer 1 tokens
  Sender: 51vpFSDy2c9UHoq8tprNZEPeZw9PMGcJYpRngwx8DjL5
  Recipient: 98Ua49smTudbsk6aJ3nXqbuoWaxzaEVLfgFF27xEYx8c
  Recipient associated token account: FdVeSmebK9fgYW4LX4qjTKkV5zHtLJwrtDWQ6N93hasL
  Funding recipient: FdVeSmebK9fgYW4LX4qjTKkV5zHtLJwrtDWQ6N93hasL (0.00203928 SOL)

Signature: 5fud64Vt84xo6VpCvgvfFaaoqXU2H29FDfXAJzYM2UghAWkbAqXWCevAUfKt5W7KPW8Qr2PAyT4nBiC5zxTz2GHH

Transfer 1 tokens
  Sender: ApvWtj7db8faVeckBZ7a9SVbo8arWKpoUey2jzEp21Xj
  Recipient: A5UxJbtXBv8nMpocD4N5SNHWKok6tEGUTQw9U9LXdjvP
  Recipient associated token account: A2Lpqse5Qj8zn64D1zU5gGK3HhvLEDa5osRSPsi7ao3a
  Funding recipient: A2Lpqse5Qj8zn64D1zU5gGK3HhvLEDa5osRSPsi7ao3a (0.00203928 SOL)

Signature: 5DT99SRq4A2LA4SmXMYYfrUDQzHLmh8hGSNXThPRz3pgHLMyk4RFKZXoohRayuy1w75xfKVgzs7SKShZvczQqj2T

Transfer 1 tokens
  Sender: J2HrM1fRm6fq14NrCYrfN6UYGdQ5JgLKbRq8sjHRf8yc
  Recipient: J3EGnLwVBrdhY9PejTJYG2241smr9X8v5BjjSw2QWWo7
  Recipient associated token account: 9pV9CHLEQm1ExXRTNqsSJ7TNMQNXjDhdZjKZY23Mj8f8
  Funding recipient: 9pV9CHLEQm1ExXRTNqsSJ7TNMQNXjDhdZjKZY23Mj8f8 (0.00203928 SOL)

Signature: 4gCZzcxzQN8qKm2NxwVqEVGDxXwHHg5cLc2DhevxzWakXdgi6Ho3T86ot7NU6qSGZrvVsRancfvQcm57cNoUy8mY

Transfer 1 tokens
  Sender: C2GhU3rbCumdPByie5XPJkv1EK7AtJppxYbSRHLEBnRV
  Recipient: 4M2oW3tg3nFFHSDZH6fro4n8osjCzKbSTf4Jk7VJas4h
  Recipient associated token account: 2fJTATSv4yKEbsibqCrQLjrmE7M3QfSCYNw89E4CHgJC
  Funding recipient: 2fJTATSv4yKEbsibqCrQLjrmE7M3QfSCYNw89E4CHgJC (0.00203928 SOL)

Signature: 2N4FaKkugRbD8YaeLRfcTCHLJVBvRSC3TgP63Ga3eDtPHyKHw4iGBTpUbHwPf2hZnp6nzT8vh1EPFiBUtGUB38zP

Transfer 1 tokens
  Sender: EzAVtSgU3VVYxt1mB2CrQDjWbVfSquoFUxk1z2B4H8aa
  Recipient: skU11A6Br8HjAWgwFScGgsqzSyG7qQir4AinHa94pRf
  Recipient associated token account: FBxUW1mBBHvUtrSaGxveJgf7UE9b3G9V2vRPwhgtdZnS
  Funding recipient: FBxUW1mBBHvUtrSaGxveJgf7UE9b3G9V2vRPwhgtdZnS (0.00203928 SOL)

Signature: 2DAyujcDuZSEHAAKGxw82mgavGnk2Xdj1DYaq79LPmMRT3N5nsahZrqj9RaoGZiaqGMRZjw9N3AG5XY2i3UnAeHU

Transfer 1 tokens
  Sender: DKGdCo16f2ZLDqCoU18ipirxdYg2TyiuLYc9XurtJgTh
  Recipient: Bq8Xu7sTEHVY2TSGpQxmafaHVcRNUbBju92AucgKXmR
  Recipient associated token account: D1atsDLjhAXjZgtHMkfhSmXwwJpQ96PzfgZucJcYRBBJ
  Funding recipient: D1atsDLjhAXjZgtHMkfhSmXwwJpQ96PzfgZucJcYRBBJ (0.00203928 SOL)

Signature: 46s153HbNsCx9j2c5D2i3qc5NtXa5cyHicsR97ChKkDNCYsFgQ2A9TLazQNfbbpyh4qmNau67SHbX74HarRNJw4E

Transfer 1 tokens
  Sender: H5krRtHsNCGkx9Y7LoN4jt9wX11Bu8K75nJaaB9DPjWA
  Recipient: 7P4Bb1pCMuYNveYhg2j445cmTRCEGp2eAAtBQUv7Jz89
  Recipient associated token account: 6D1XnpiBEh36vQZ4WkmPAH94MZpKpchcVn1x4QpiME2h
  Funding recipient: 6D1XnpiBEh36vQZ4WkmPAH94MZpKpchcVn1x4QpiME2h (0.00203928 SOL)

Signature: 5AbgLeHh8czdPb7PQrjpSprmrdvmeLEDBwiB1tVCprZqRDYq6rU6UE1CXspFqYDBEzjzphoLWFqEhdT9i91Rguew

Transfer 1 tokens
  Sender: 4KtAF3oqZSptVSXSZNocsakFDwW6DoDSa8eFbXLptyuz
  Recipient: 6cxR31FgTSxgnnS2cdsjhpbzyzYhpdJVTrxdHmnM3uBw
  Recipient associated token account: Fx6KWR8h3sGUYAqJi8SfFiDzkD8NKKWrdhzB75356db4
  Funding recipient: Fx6KWR8h3sGUYAqJi8SfFiDzkD8NKKWrdhzB75356db4 (0.00203928 SOL)

Signature: 8MQN9PA4ZRcsk9PGmSG8Y3RrKmZSC8TvgHMp72FTaAdqQBfAfefZA4mHUe5gZs51P4YDrMkwH6CkSmQqCXQS4bA

Transfer 1 tokens
  Sender: 7Goys5G21GkZuknnLcGi17F4QksQWScSwRjcGBguQBXv
  Recipient: C9u28tV9EcKf6iqCxcQvh8M4fnxtWU27vmS3gVwwVKSm
  Recipient associated token account: 5FtnWQ8mwGyHWPtoUAHdbLXXntowLDUKbUZw7ndfaPDs
  Funding recipient: 5FtnWQ8mwGyHWPtoUAHdbLXXntowLDUKbUZw7ndfaPDs (0.00203928 SOL)

Signature: 4hxChkdnAL5JzuUiFQpXXhbhcnUcqBJBy17wSrN1DscGVbUB1YoFKH3QjrEacgPJCMDGZthBckBqnr3LxorkcxGR

Transfer 1 tokens
  Sender: HA8xUe5HdciaGUr6vqA52go6uFT5QS3LDGaiQWHSbgra
  Recipient: 8A3KSxmVE1rx82odQDeLqg7S3HN9asrAT7c1uBWW5Jbz
  Recipient associated token account: GunnrjD2SP6sKMf9QCz9bLqSxqr8Fjkyyc8oKBVDQPbs
  Funding recipient: GunnrjD2SP6sKMf9QCz9bLqSxqr8Fjkyyc8oKBVDQPbs (0.00203928 SOL)

Signature: 3zYdpmCiYFx1ykUhE4YB4gc5JYNXzXswgCiKdqw1Qcj34hWdD4Tri2DwKHEyBKR5ZoJVvTCsgLeFuX42cDQjiotU

Transfer 1 tokens
  Sender: 7P4kxChbkvXJpP2mVXufxw1qf6Aok5kqxdUQBpzs6iSn
  Recipient: 4zFeyGJQLckUkYYKsMiHCZwMeApJ4jHHykNWovKFaq9Z
  Recipient associated token account: FVRnrTHcJHqRpkQbd6YsXsQtVzUnvJFmfRkMqJL5YvUY
  Funding recipient: FVRnrTHcJHqRpkQbd6YsXsQtVzUnvJFmfRkMqJL5YvUY (0.00203928 SOL)

Signature: 2UhwEKFC8ptqzb1eHFuPETUUw9GFRGpT1u2GBH4YFGkRv1bDRgqoZizhsw7hnSvuayhLJer9CqvVr1Qbu9HkKYrN

Transfer 1 tokens
  Sender: FzTpt8bmNF8wVLq8XAevv3zX71QjWZwvcfQdiQZ1DqLB
  Recipient: CkxRMCEtvseDys7v78SKLMnPJsrFPTTCQWezobSQuDU6
  Recipient associated token account: B3Dey2YASHw1HHQ3U66vZcTuqSecv1BmSJKCg5WUpxqV
  Funding recipient: B3Dey2YASHw1HHQ3U66vZcTuqSecv1BmSJKCg5WUpxqV (0.00203928 SOL)

Signature: gjqt6E3s5tyStQhTszJ4u4mVupyuSTUVQwxRy41HTLTkNcyedNKeLRb7K4mhYijULzW2DY2hZgFtKG7BsP2SFfy

Transfer 1 tokens
  Sender: AAWgmFBpd579C54cxgv4NeY9HLEjYSPS3LR3YyFoevF1
  Recipient: 8A5GB1e2iSdfpypjtvAyL19jGTYquVWXwMBBV6VDK7Zw
  Recipient associated token account: B5WfFMKJJPtHqU2frfLa2vzPHXeTsRYLL9KaXDS594N9
  Funding recipient: B5WfFMKJJPtHqU2frfLa2vzPHXeTsRYLL9KaXDS594N9 (0.00203928 SOL)

Signature: 37CQ61NNMGamsZMYrZgKeCmHf7QkHZqkvRXKbmui67zRjboyvPZw6XZuQW9QeRH2QsekwRYLCgpWXTzdrPhZmfN8

Transfer 1 tokens
  Sender: 3kEBtw4rJ3KekxT5A2ex3KQzzTa98CjATKx3C6e8wGyd
  Recipient: BtbxfyPx5v82dcKYZTU73Nww9esX1T31t9TPjSw4LuXp
  Recipient associated token account: DC2CRG5PS5vipdNvze55xWXySKacc6dE7jGEcDLz3qQn
  Funding recipient: DC2CRG5PS5vipdNvze55xWXySKacc6dE7jGEcDLz3qQn (0.00203928 SOL)

Signature: 4fm47ArFEbLRQEczxnFqW3iFmkEab5uksGRe25EAirNpJAjFFDdr5kuVWMYMC1H9JAJzEGanXseVw2jLGm4FbCud

Transfer 1 tokens
  Sender: 3RNvN5RSYaiNbzkCJMTpHorS6mvKvvHUKSQpq5WAn93u
  Recipient: AzjB7d1b85syjMDsjo66EY7WSe2M7UBYb45pRFyzMPDS
  Recipient associated token account: FbLqec2Zx3PLJGhvHRdBb3DXYsmiZoU9xsFRoNPKqt6P
  Funding recipient: FbLqec2Zx3PLJGhvHRdBb3DXYsmiZoU9xsFRoNPKqt6P (0.00203928 SOL)

Signature: 2xcSKFBfgnyu8mB4qaUriD5diVjCDJnTuF9JKQGH977vLUoNWp64CKCbDHgRGp57Buu1iJ3CSuWAt8WpEacB8zRz

Transfer 1 tokens
  Sender: A1Khe7RYmtosfcoWUtDy3Tt7vj4dWbzvfn4e6tA6RLX1
  Recipient: GRKqLdY4K4VhQC79Sa6EeNpSKchuXGKkZELPAUtg5UiU
  Recipient associated token account: 7MEcKc6ZgDUjZ8DKmabw8JQtraD3gZ6oFxNdf3ZLghLm
  Funding recipient: 7MEcKc6ZgDUjZ8DKmabw8JQtraD3gZ6oFxNdf3ZLghLm (0.00203928 SOL)

Signature: 5gnqvQmjXo1N16kTPat5Su94uvq7uVhjA2hBjMiFpn99GpG5GKrPSZ7GwPha6ZFgbSECFBHeFXTYRpsGN93nJbqm

Transfer 1 tokens
  Sender: AeQjQTF5B5HBN4rtRoE4BR2uCkApaKNan3SKpnuYRFMi
  Recipient: 6utXaBmMiR3WqXgkuaFU2EX4bHvUA2kC8cwdq5G1YeQG
  Recipient associated token account: 4UvsztHDGnFRQRMDdtJKPnKUnjcCo4TS4mb5rWi4n1Wy
  Funding recipient: 4UvsztHDGnFRQRMDdtJKPnKUnjcCo4TS4mb5rWi4n1Wy (0.00203928 SOL)

Signature: 41BkiKaSHVcHD8JNroZ6xhJYjowHyWoB9LZzXvLEtN2DwLX2aGuqggboe6HDWoDnHuhQWTjAR9cJyCWnPRNwDbq2

Transfer 1 tokens
  Sender: FXcvbs5MvegpHv94hEvy4fmSccwD2QF5MU1Lfb4jdWKq
  Recipient: EZsxgTx6JXqZS34sDynrFkKD1Q64Eve7AW8FjawFfovV
  Recipient associated token account: 4KCX5gTyjquCLQSpnuXDyCH19STGp9sb5S1o41x28w6t
  Funding recipient: 4KCX5gTyjquCLQSpnuXDyCH19STGp9sb5S1o41x28w6t (0.00203928 SOL)

Signature: 4ywCVunNwuD1rk4HNzVWBfp89edxE7uNF5aR58HE7Q9K8cExR9UTZzWMuAoVbAoNB2RLAW85RWcc5V4U3aBfyeF4

Transfer 1 tokens
  Sender: 4ytup3ugWrqhitJNVH5tRJffSJux9GkSXKSA5oVUJBCV
  Recipient: G25xCDc8J51iy18QCKfRbxuwt8Z17JfruFXtrds3QiDQ
  Recipient associated token account: 31RfNxfTFxgYf5pQtvKb8y8JjkynhSUUcWcKMz1UoW3t
  Funding recipient: 31RfNxfTFxgYf5pQtvKb8y8JjkynhSUUcWcKMz1UoW3t (0.00203928 SOL)

Signature: 2efjUf2mFmGgGCTFC7QDYGeNTnGtLk8tivLnMebcNqzwKS3m45yqTcpAA7kaEiuBoWvD3Ls48mjjLpEkwB94UvfB

Transfer 1 tokens
  Sender: wxbUXrh6tUgpR5BZHizxPLTYS9rds2e7PTFtrZFVRYv
  Recipient: 51oET2dy4vCmZ1JMGYR9hbsvsLng1vcLD6z2AZp1uq1j
  Recipient associated token account: 2Qki34GCNovX3z6nwwjpUkDwLtjSygDoehuFYbee8MuQ
  Funding recipient: 2Qki34GCNovX3z6nwwjpUkDwLtjSygDoehuFYbee8MuQ (0.00203928 SOL)

Signature: 4sg55SPCRzep24k4ARYH4223sSKr9DTsdjbqUrBWEJ8XiqnNknrL9sbByv1HLF73xPF8Hpbmxh5AGiZZikeuHNm4

Transfer 1 tokens
  Sender: 2TgH4HD1CNbGZqmVaoKEnSnxKu8hN9Y8UZqqfUaoZgQy
  Recipient: J63PQ61AFhZXeupw9j5GYY1aEuR3R6BnAbtfqqAX6DQw
  Recipient associated token account: 2qBfLSigc65ab7Sdmyqd7zpvCXxVggMPUaipaBzNszVf
  Funding recipient: 2qBfLSigc65ab7Sdmyqd7zpvCXxVggMPUaipaBzNszVf (0.00203928 SOL)

Signature: 4wb9GYn2STP4gRdaArCD93auyrRDwxbpwrkpQTwRts2eisSxeL2EAF2KrtC4yHfYD659fNGx6mTHymjSscCbJLz4

Transfer 1 tokens
  Sender: 7kBWBrV2rjt9fRra6omVYoMUv6asqraEeL1e1nNNowhc
  Recipient: GLpzNHMpb7vYH98VkGuUKcgPETsDWFcdwNscJypyDbtz
  Recipient associated token account: 6RryKXrtCqtpsHCRhayxpe6P155jRRppJi8p4WF586bo
  Funding recipient: 6RryKXrtCqtpsHCRhayxpe6P155jRRppJi8p4WF586bo (0.00203928 SOL)

Signature: 3eSMP1t52hjFaqGR5AS2UnhxkfbHigPUQfUMfVPyNCd2yiiYD12p9iWVuBtPieFmcSagWQ2Soo7aged2cerJSypk

Transfer 1 tokens
  Sender: AyEM2DLW2d6eJbcpHFyj6gsNrJjuwjDyYyfYNrMdgiFH
  Recipient: GQvVxDnibSXUbeE6gvK33WFhtXB1tue8MXkxM7WmTAK5
  Recipient associated token account: oJjcWhFVoicper3N7JaEJqqWpBe2hYN8ojEt9aYpp8T
  Funding recipient: oJjcWhFVoicper3N7JaEJqqWpBe2hYN8ojEt9aYpp8T (0.00203928 SOL)

Signature: 2ABqXKwgkdQYNHQoFEKXYr228MQ54e9mYW3UHvEKzVmZ6EsMzRASjibVLSUMQp27bov6rG3PGstCTEejZ3s1yBYY

Transfer 1 tokens
  Sender: J6NsXWpjWzVZnLc19RKXkJKRgpAZc3Xa6EGAimT6hFpR
  Recipient: F3hzbLTD75Shbpyu8tdztMhSrh9vZ1qMwTCopx57A5wU
  Recipient associated token account: HVqWj6bNC4qisyiQp56zbWnXFBuen1Y35cLtDbRdhmAH
  Funding recipient: HVqWj6bNC4qisyiQp56zbWnXFBuen1Y35cLtDbRdhmAH (0.00203928 SOL)

Signature: 4fLJqePvRWj9hVrZrgdks9MCqbvn9PNKmWWuNAYbPgymwzFDw2WnrLdFh5Xt2PKGhYruj2QUJDMYJWJf1gDPiErE

Transfer 1 tokens
  Sender: 5qq6gLiXExaQ2KtftQJnqc5XDZjrkmETaxE9oVJVFY3f
  Recipient: MvogSQTXToXV7MS8hDbvfWGoELDtR5Z75SGMUNiUddN
  Recipient associated token account: HqPw4YuAyvZatTUUhqzRgweYeUT4YmAajUgcZbdkheAd
  Funding recipient: HqPw4YuAyvZatTUUhqzRgweYeUT4YmAajUgcZbdkheAd (0.00203928 SOL)

Signature: 5YwHR5VHuBR1wAjdtV2ec3H65sfmgbF4rjQQGDtX4nChnbgR8VyqDs3GTKiLtNWj8e1FZD4ZVvdVB4REDosrZHz9

Transfer 1 tokens
  Sender: CBk3wFD9VtRxR2f3hNyZfVheCz5uFiCQEpgueU6NEAwU
  Recipient: 63v9R24nrAM95WYcYhZjJpYchudhANCDUUwgrqnrzGF7
  Recipient associated token account: Hn9WPBVHqUkGZJ1A87V5jm6LCzZXaoGXw2v6TziL3btm
  Funding recipient: Hn9WPBVHqUkGZJ1A87V5jm6LCzZXaoGXw2v6TziL3btm (0.00203928 SOL)

Signature: 2xZ9NdcNmyz9dxN5JQxMrhfQRxTjsRbucX46bRsZrsLmUdtkibzFyvQdXUCXgYP4qsq5kJHDT2Z3idRR3fNpqUd7

Transfer 1 tokens
  Sender: EP5RbUUxqyautmVxNHNC4muhuY2iVqTxnTzAJ3MzdhSf
  Recipient: H6pPKHK9dNkvhofYHVa4QJxxcus625SpkzQuxLuDmgwM
  Recipient associated token account: Gr9MzzRNLRYGkQg9sbdewnHKA2hyXXu5ofMFvHbEwj1m
  Funding recipient: Gr9MzzRNLRYGkQg9sbdewnHKA2hyXXu5ofMFvHbEwj1m (0.00203928 SOL)

Signature: 44E5xgKCSVNAK1m3LtcCBPYVS5PUuw26tb7J1vCpfAzf4N85rVrNGaRZM5rviuQtAD2xyVg2mBBfvZRzpfVCDoVf

Transfer 1 tokens
  Sender: 7ZmLrW3XrkiCHS7UTCsVfrGV53h1jUR8dMfewsJ8UeV7
  Recipient: 55YfFvwjg3A86gqMZ2vAie5eJYjbA9Xg2vqprnh4gYwg
  Recipient associated token account: 9so2yt8BRQTDWGv7DLKz9saLgUXwZfmBqLy8iqKkZM26
  Funding recipient: 9so2yt8BRQTDWGv7DLKz9saLgUXwZfmBqLy8iqKkZM26 (0.00203928 SOL)

Signature: 2Yt3vqjVocN6W66wRwMxJgh4Hji3Z5L2diqyg6NVYhAAwHSg9UL6PYFWeueHd7nX1hBCxBJ8YaqVAbqJwF2CV5dZ

Transfer 1 tokens
  Sender: Dj67dfaNUY6aTALC3uF5SRp6p5g2K8QZbE4CB5BbXmC4
  Recipient: 3tt19kVnDtkeLL3kSzGGbkRzs7kMQbLyQKEtAwZH4jDZ
  Recipient associated token account: CTxCMRCbh3cyFpRaeARPtpCnv9VynDsQNBt4FRuC98ce
  Funding recipient: CTxCMRCbh3cyFpRaeARPtpCnv9VynDsQNBt4FRuC98ce (0.00203928 SOL)

Signature: 54oQmAhVJXgjqXoPGfoBqqid2MmigwT2CmHJuU8WZ6yXkmV46kVxaAMhZ8jY2coGU99u83sHL51Fpnnv9oGDFkdA

Transfer 1 tokens
  Sender: 7mRjqrAJza5twcyVjKotZvqzt4KdAcETkdCCrQzzUyaM
  Recipient: CYVikdfqKK1SmPasR93k1p6CntrmqGW4YcoSYQQ2TeVp
  Recipient associated token account: AT54ncaokokeveABfYqCGEgbSeDYMpAT7KjgDMCJWRAV
  Funding recipient: AT54ncaokokeveABfYqCGEgbSeDYMpAT7KjgDMCJWRAV (0.00203928 SOL)

Signature: C4mxDsvjc1VwEjyzis9dGLR7vEqdgDJ8L2F3iFN12ZvYmKEMuVH8TNh4jpSSuUktJ976yHszfHJYCiyU9akZgpH

Transfer 1 tokens
  Sender: GbfFdvUjj1UKDWzMoyWNUnXGCJGo342kiPJnvDfMN9AU
  Recipient: Ci25WjrikU27LC2DwuAddmaH873GitAWp6dgNPUVax8U
  Recipient associated token account: 2REhsC5YgLT3A5WpdyxWxrXirXHjkaJ7Vpc3HpTmGcrq
  Funding recipient: 2REhsC5YgLT3A5WpdyxWxrXirXHjkaJ7Vpc3HpTmGcrq (0.00203928 SOL)

Signature: 3CRA2iUVX1kFfvvckVGd5mzUxbg6zqPWY1viu2HywY3iRFusFS3XEb9NyvQ5G6s3kSqvVr7hhmbeAryHhHPWEggP

Transfer 1 tokens
  Sender: DugM5x7jJPgW3wrsUsGCFegNbpfg3dk9Z7VDhQYRSpt8
  Recipient: BrfEGRPH1ojup3ESByNv3amAhXhQqTuwmA9BV9DxhjTy
  Recipient associated token account: FKhZuGDtmt2g3f4DWfei8o7DNRLkskhhkWUmfR8cjPba
  Funding recipient: FKhZuGDtmt2g3f4DWfei8o7DNRLkskhhkWUmfR8cjPba (0.00203928 SOL)

Signature: 5QhK5dBu5ea9TCRQXp5G8siFQbmXYrEDbZ7vv1qPeytKL31STsCnbGfKtKf8gQhfSTWPiZZ7Y7J4aH9KuVHMWfyv

Transfer 1 tokens
  Sender: Bo1eNS3DawDEkLoUnbjZwa2eRzYU3Bi6tPwZZnXDWWuN
  Recipient: 98AatykBWAkoJP1PdbeDWmw2UNPAnuz8c6joyw2ZgAKH
  Recipient associated token account: 5BsWJjXqaycTwmhDokRAVAk3QmrTfPsfzAZ71kuguZuC
  Funding recipient: 5BsWJjXqaycTwmhDokRAVAk3QmrTfPsfzAZ71kuguZuC (0.00203928 SOL)

Signature: 2DE8TiSqnPwwxmVcsejjiPJKfBDn2kBhKXwYX9FRKS3eLp5FVYAFUcyZAgP2ZK7eehdFRDui9mLhhriTgFemCFBz

Transfer 1 tokens
  Sender: 74m8BtbDgrYW492ZkTPruwGuW6HqrxRM9u6GLtNFrtSr
  Recipient: A7QEhKyS2fpmafFC5gvhfogPJTRZsEQk9JDMfdHiZqnn
  Recipient associated token account: ABT41sjTzHLiXpxQsU3CxuQwHhwSxhKqWsdppHDwShRV
  Funding recipient: ABT41sjTzHLiXpxQsU3CxuQwHhwSxhKqWsdppHDwShRV (0.00203928 SOL)

Signature: 2BtCdTF2b7UXWp4zi1y6rL9QfYQU15S1nen6t8GXhjmZw1C24uXYq539rv3fWNV3qLDgiN9qSvor8aJzaoFYDTyV

Transfer 1 tokens
  Sender: 2BM8L7MG2V7AFLqMMsK11HYE4oKN4sofUi3BpF6HfGzg
  Recipient: CwyAnBZRGAaDVCBiMm3m4zrXNe4e6E8eUVgMrt4pHx2x
  Recipient associated token account: C48Kuyu6ztva2TX96TYiM3ssn7yDsvjLqrYppU8SUBvp
  Funding recipient: C48Kuyu6ztva2TX96TYiM3ssn7yDsvjLqrYppU8SUBvp (0.00203928 SOL)

Signature: 2vayS5k32rgP9NnCNHnKf2PuTZTgNEa7hNo8if4BZ6ESBg7ffmSF9xtRCuie4YVXFFoqShsbNdmiQtaxLwppa9eE

Transfer 1 tokens
  Sender: 3dvNaJASxfycfsbcz14yrG1T7pNHRXj65r6oJoVRj5xP
  Recipient: BxCviB4hviwgAXuZscTiTQcoXd9pF7CdctqqNw3txKkT
Transfer 1 tokens
  Sender: 6KbFYgaugViY64FKmaxxmZQoSQEvSMYMVeR411AxD3Wg
  Recipient: 3eucHmLaRJzL3d3rzYx94KvxcVhR4ESLo9R9hhb5Snbo
Transfer 1 tokens
  Sender: HonugHrSJyDWc16gibXE6xC8dEEDgwt1JQHkQt6zaqcT
  Recipient: DCGCaZhzfAXghiAAsfbBdpQzFwYzRvbVJnjUebxEmSD5
Transfer 1 tokens
  Sender: AmnzrteixetLzKWVzdT9pgTiecf3j6L3J3LoW51q1Z14
  Recipient: J4a36nao5UWWTJKehvPZSR9m1zotACsEX1cf7LcXeRTj
Transfer 1 tokens
  Sender: Cw9KCajye6nhNyWZhuNkQL8MohrNvgmmZ3YnxPDxD1TB
  Recipient: C9u28tV9EcKf6iqCxcQvh8M4fnxtWU27vmS3gVwwVKSm
Transfer 1 tokens
  Sender: GsseuLfupmv1WScFDt2rFfyzmR7wCM4ftiWCdeaYhRvZ
  Recipient: GX5RwoNCqaZY48qhCdYWJP9c2i2jouT24yw1dDtqZFmn
Transfer 1 tokens
  Sender: 3MjtFGEy778N4YwNwGTzaid1xaomzdoCgMBwx6XuqPhd
  Recipient: 8kX16Yj2WBCz1sPXcimafGrutQkw3s3Swe9sR3gt3cC2
Transfer 1 tokens
  Sender: DW2tUtpUYNnYpvL6viZxLQFoAhyhBRbYfqgtZEnKRTiG
  Recipient: PNUazbVrdxgkHu9s864orN2nPAD7P6LbdMbCbgLUBki
Transfer 1 tokens
  Sender: EJA9W9Kr8zemftsk6bXSUqUPxR1TDzryMCB3mMjEwjDZ
  Recipient: CoA6BbArzsu95PbJixBxNezZhgbJnEQN7JUsKW8matcu
Transfer 1 tokens
  Sender: 6ZMtTLQyVwC4qX94gwgvbnLRznNnDMexoHWzmeqnnkFK
  Recipient: CY7u6f6TG8qPFxnng7LWAFHDF7zJX4jCBXiQLzgr3omR
Transfer 1 tokens
  Sender: 2bDaTsjKmkEFKY47TrPmxz9L78D7vx7WjjFQM5TUccdF
  Recipient: 4cKqqwoADnQVUAapaq1CrCwpBwbvCSohZPzB8aHooJjk
Transfer 1 tokens
  Sender: 5Ayzo8hGAkDqoboW4dh4WNrc7qqNn8N7nGTf8tMDJZyE
  Recipient: GGut9DeAcVyoQiMro1fMXm1fKU1uWKZ8HC19YhYvLuht
Transfer 1 tokens
  Sender: CTi1YhUAUA7cEU4AYjBGLJiWrE3Zqd9BQdfcKLqVZ7Y4
  Recipient: E4YnbxEMtg9988ogZrG2Bgmb5FhZk3eW7irwz29TpK8g
Transfer 1 tokens
  Sender: EbtTPtS6nVgkywr6RQ9qXLgjQwvnarao8Ldzjq2vqmvx
  Recipient: Bv4HytuReCvPRMofF9FoE2XRLB7SG1XsEsQqSU42SbuZ
Transfer 1 tokens
  Sender: 37rdG7ivMWpzzu97NUJe6dRAHvESX7q7SyG5LEjDQaoP
  Recipient: ELF8eieJAgKHJypyvoWW6PiRFrEHCwZd27K5f5UmNgjZ
Transfer 1 tokens
  Sender: 8Ejob11NnEFzmCuGXBqQ6PgSBMzM6Begrap4YBDtYPFT
  Recipient: 5ztQBjnUAaJVEB5sthWWf9XWMLeRRRpoA1q2wvNTkh7V
Transfer 1 tokens
  Sender: 4R4Y2r6cXpHYU1UwauaozdE8XiYjRyb5Y8uPVavrtuCE
  Recipient: 6BehKQ2Jjk9GZrr9JdcbXeAngig6FaCZmUhK9ficz7Cb
Transfer 1 tokens
  Sender: 9a3dxybHsNBVptKCwwHhu5XKoxfWLnf88zWDkKDXVbgb
  Recipient: 6aVxAU2nNjSUmDkSy5zgavKcZNKGov3xhi6tUPLnULLp
Transfer 1 tokens
  Sender: H2VFpmecu93mmoXteQTUY9zLv12dkRtqBKMJ1ruowEmK
  Recipient: 51oET2dy4vCmZ1JMGYR9hbsvsLng1vcLD6z2AZp1uq1j
Transfer 1 tokens
  Sender: CApGNF2QRb7anHa81ko7E1fwNhcmZ3B6BWxQteGZ72hW
  Recipient: FengiWQSYF13nh4SCEb4A6tkNDYALF5zwkvh1zAYWXet
Transfer 1 tokens
  Sender: EFPGkuvBmkW69VeTAgG64hUgwwktWPakTJvJUroMbwyD
  Recipient: 917wwwdLEmCBvyz5fhXmfjL1YBakvkJEiHEVqpTjQf9u
Transfer 1 tokens
  Sender: 99P2zrVhBKd8C8DqadwHnFtsFAhFHwm7EasQ7mY3QzMZ
  Recipient: Cm8cYtgtfyULCzisqUnMg68aqqi12PGZScouQfJRfrG3
Transfer 1 tokens
  Sender: 2moRWfUkbQhtShmHPj8GFfGniqZLiQw7K7v3jxhzAA2c
  Recipient: 7mQjmjScpjDP4pFrMLU1CS4H87oUaYrSMb2tkto8RXUX
Transfer 1 tokens
  Sender: AKfUCzqbeSv3Kgwcjt5snuHmMZbbdKH7FFs2ZWn1NrV1
  Recipient: 3gBzKtuLAyPJAq2K54URFpg8i4hhX7JdZzQEFqKCw9m7
Transfer 1 tokens
  Sender: 99YSqKbR2M2oJKCcTWTb39u3ZF9EHcMDyDmJzMZKbE8w
  Recipient: 2Knz5oKP4VsjF9PkA7WCyZWZsBig6zZMcp9FH6aRLwjP
Transfer 1 tokens
  Sender: 3rXMicQNZfruZTGzarLC5JvpaFvu4wzPmZgRzbAkEdJD
  Recipient: 51oET2dy4vCmZ1JMGYR9hbsvsLng1vcLD6z2AZp1uq1j
Transfer 1 tokens
  Sender: 9ezVYZfaH2JXkboScZToKnvRvWGcbv75MKrom94Lj2J6
  Recipient: GPVSAZqnyKtud3pxMLy5XgcFyQhBWomGqJjPHZsDkPXC
Transfer 1 tokens
  Sender: HBZpRrKe4PsRA8TY9vLgxpnGTq5DLQ6GrbgLgUyeiq9U
  Recipient: 73tF8uN3BwVzUzwETv59WNAafuEBct2zTgYbYXLggQiU
Transfer 1 tokens
  Sender: Daozi4f7AP1HcPRL9JmaGGDSArL69hrxS6PUf1XzSNpZ
  Recipient: 2mSEEsrV1sQ82J1PztWQJ66GJzy5NeSDuFBozNeBqAqp
Transfer 1 tokens
  Sender: 4kaHbJNCmSPDHEWxA9g71F7PTNsRLvhgT6W7vihZGfXk
  Recipient: 8Nj7AC1oPcx2oC7Njihwp9Ee3Aez787kvww3sX3Bdox2
Transfer 1 tokens
  Sender: GisHt1JiXXJu9DDm7iWrB6VHbiHiQaPnSL1eqrtrSQiS
  Recipient: Gm4FvmDqQxNCqRdmynNknqdYcMwitLMfqY8aLFaxDwSq
Transfer 1 tokens
  Sender: 5A3hC7dHscpazJjMnqG5PBNHDqMycyo6ebcuJURNncaH
  Recipient: 5tgZmrCGPTFsQcsb8zswLfrGuYiLp1LTuNPBvfrQb2Yy
Transfer 1 tokens
  Sender: 3PqsxwZZSbmqAFj6j7XYAryWQAD2WmRAigSFuhgrJg3a
  Recipient: EEUHeJFM6mUeN44v3kpepHXXBcGY8xV38TjTNxHEt76U
Transfer 1 tokens
  Sender: hFRcjP1RbwotChXQtgCzJi4rQKPGFBMumGAWQCdbdcA
  Recipient: apezNrdNkGzJT5mfLsqMdUWcGmZwWRxUb1dUM3xXRwu
Transfer 1 tokens
  Sender: HMNx1pRPE5SJAXL7ubJk641S6ExPcj4tGGGbNaPcCqhC
  Recipient: urKQ3q7qrRytMBhoJ8jv3C3743RVFaV3wE6fwPoxmmC
Transfer 1 tokens
  Sender: BvzeVm3EZ2Dm1sY396GWpuUgFuue1Bgc3Nbgvjg3LTV1
  Recipient: BP9a7nk1GJFAeLDJL1BxnXDRxzJviHT66w6Qcznz3t1X
Transfer 1 tokens
  Sender: 5NXbLSNWJK9S5GBGptnyHfZx7x9NCy2j7TKcB3n27aKi
  Recipient: AgPhAsvcwPfT8bcAQxfyvymHdS9enkCzHDZP67ihS5YM
Transfer 1 tokens
  Sender: 9teHsMJ2yEzVX3qPqigzvD16kyxYciJB9MBf92ViJTfh
  Recipient: 6aVxAU2nNjSUmDkSy5zgavKcZNKGov3xhi6tUPLnULLp
Transfer 1 tokens
  Sender: 8uvh7xWfJxiR5YVLfW7jbjkTTAhSbLbNtnWcomDEY3tM
  Recipient: 3eucHmLaRJzL3d3rzYx94KvxcVhR4ESLo9R9hhb5Snbo
Transfer 1 tokens
  Sender: CN4K28e8shet4wWY4saHWThhJBDMcxemZg4EfLbiR9JV
  Recipient: Cm8cYtgtfyULCzisqUnMg68aqqi12PGZScouQfJRfrG3
Transfer 1 tokens
  Sender: Dr52MeFyv8zHYV81ctXYomBpaVhRSUmk4XMR3UzvzwAk
  Recipient: 51oET2dy4vCmZ1JMGYR9hbsvsLng1vcLD6z2AZp1uq1j
Transfer 1 tokens
  Sender: 4fKKmwGt4X5DsKTuQSoh4RJLiNiNAKdxgAfun2YipjHt
  Recipient: AzmKB7i1dJucc5Ec1mxpoJor662CDFKAAWRstWDtrmaq
Transfer 1 tokens
  Sender: 6GZVpk1UQ6enTHSsPQ1LxneQuAr9P7wY5N4smhH1zUp7
  Recipient: 7aoCPhU5m6SeTdokjLk9kCmBQuYyhnHAUDb9RTQoEvee
Transfer 1 tokens
  Sender: 9UdEkbn56dZjvtZ5t8EH5z9Tf5e7iqQZUL5Ygs1yrSkF
  Recipient: Cm8cYtgtfyULCzisqUnMg68aqqi12PGZScouQfJRfrG3
Transfer 1 tokens
  Sender: 3FrWEr5nF9C9MWFsbf9XMUvffzrqUk1cFwjpm4QMhsbr
  Recipient: HegbXqdSjyAarH8HQ8N8A8WVoQF1BDLRiK7GENaZyUCw
Transfer 1 tokens
  Sender: 3YTGmqU4esvQhFfF58HpLPhk3ZXG7QYifXNBFh5mZfjh
  Recipient: FJ5hcKnacavLz9geNZDRyDXdUvZHJBVnn5RLLy3sRtra
Transfer 1 tokens
  Sender: CX3rZQwHJakesXMfAHuKc57WPiftq1JTTSBDTGz7qbWY
  Recipient: 8eRFqwGtCZXapU8wayTd8Ppa79gv5SymR13J9kWQo74S
Transfer 1 tokens
  Sender: F6siAX8Zqb7zP8NoDFwGK4Qom3XXDL7yCD4U223Lywuz
  Recipient: 3oGV8ZtekVMm1hDSvCGfPx2dRVdLiNX6X8knF5gS7Z5d
Transfer 1 tokens
  Sender: ACEM2KopDzfi7JoVt2ckqBZD4i5LV5Hck4JDHoN4LGBK
  Recipient: AyVQRyzY475ntbfb48LSzAnqqpbGVuawikJ5qU2r9hP6
Transfer 1 tokens
  Sender: F9ho1wmhaoYqPRxcZarm1nfrmYMqksuJSZVR9TMBFzeN
  Recipient: BFJCkFoTCwrPXTmNLLX7x43qfJY77YjCyavyRkYnFTzr
Transfer 1 tokens
  Sender: 5ivNLEhZHoBVHDQ2NqkYPWC8J6VjzdvJBm7D2KY99XWv
  Recipient: 7b6eAwz19KGscTnfoSowcpLRiKK8g49LJ2UwUHAnGoNV
Transfer 1 tokens
  Sender: 51vpFSDy2c9UHoq8tprNZEPeZw9PMGcJYpRngwx8DjL5
  Recipient: 98Ua49smTudbsk6aJ3nXqbuoWaxzaEVLfgFF27xEYx8c
Transfer 1 tokens
  Sender: ApvWtj7db8faVeckBZ7a9SVbo8arWKpoUey2jzEp21Xj
  Recipient: A5UxJbtXBv8nMpocD4N5SNHWKok6tEGUTQw9U9LXdjvP
Transfer 1 tokens
  Sender: J2HrM1fRm6fq14NrCYrfN6UYGdQ5JgLKbRq8sjHRf8yc
  Recipient: J3EGnLwVBrdhY9PejTJYG2241smr9X8v5BjjSw2QWWo7
Transfer 1 tokens
  Sender: C2GhU3rbCumdPByie5XPJkv1EK7AtJppxYbSRHLEBnRV
  Recipient: 4M2oW3tg3nFFHSDZH6fro4n8osjCzKbSTf4Jk7VJas4h
Transfer 1 tokens
  Sender: DKGdCo16f2ZLDqCoU18ipirxdYg2TyiuLYc9XurtJgTh
  Recipient: Bq8Xu7sTEHVY2TSGpQxmafaHVcRNUbBju92AucgKXmR
Transfer 1 tokens
  Sender: H5krRtHsNCGkx9Y7LoN4jt9wX11Bu8K75nJaaB9DPjWA
  Recipient: 7P4Bb1pCMuYNveYhg2j445cmTRCEGp2eAAtBQUv7Jz89
Transfer 1 tokens
  Sender: 4KtAF3oqZSptVSXSZNocsakFDwW6DoDSa8eFbXLptyuz
  Recipient: 6cxR31FgTSxgnnS2cdsjhpbzyzYhpdJVTrxdHmnM3uBw
Transfer 1 tokens
  Sender: 4nHm1oicafarEGXgzfKZMCPRTK9HSME2poaTSbaqp2qB
  Recipient: CscfVynGt6z23oaULLsRfukiJWRkSKKZzMvk5JFX5wgo
  Recipient associated token account: PLnBkSMDmr6f6hQrW1Ed9W8cWSE7yVnxhLzvkPQPZzw
  Funding recipient: PLnBkSMDmr6f6hQrW1Ed9W8cWSE7yVnxhLzvkPQPZzw (0.00203928 SOL)

Signature: 3jm6kcuU6g6hHqQkKbsm2knprwVgySeeU5toaG7CD2dJjQTbZcktoS9wZxqFQgvok7h3Zovw5TukXzRUJWjDdryR

Transfer 1 tokens
  Sender: 7Goys5G21GkZuknnLcGi17F4QksQWScSwRjcGBguQBXv
  Recipient: C9u28tV9EcKf6iqCxcQvh8M4fnxtWU27vmS3gVwwVKSm
Transfer 1 tokens
  Sender: HA8xUe5HdciaGUr6vqA52go6uFT5QS3LDGaiQWHSbgra
  Recipient: 8A3KSxmVE1rx82odQDeLqg7S3HN9asrAT7c1uBWW5Jbz
Transfer 1 tokens
  Sender: 7P4kxChbkvXJpP2mVXufxw1qf6Aok5kqxdUQBpzs6iSn
  Recipient: 4zFeyGJQLckUkYYKsMiHCZwMeApJ4jHHykNWovKFaq9Z
Transfer 1 tokens
  Sender: FzTpt8bmNF8wVLq8XAevv3zX71QjWZwvcfQdiQZ1DqLB
  Recipient: CkxRMCEtvseDys7v78SKLMnPJsrFPTTCQWezobSQuDU6
Transfer 1 tokens
  Sender: AAWgmFBpd579C54cxgv4NeY9HLEjYSPS3LR3YyFoevF1
  Recipient: 8A5GB1e2iSdfpypjtvAyL19jGTYquVWXwMBBV6VDK7Zw
Transfer 1 tokens
  Sender: 3kEBtw4rJ3KekxT5A2ex3KQzzTa98CjATKx3C6e8wGyd
  Recipient: BtbxfyPx5v82dcKYZTU73Nww9esX1T31t9TPjSw4LuXp
Transfer 1 tokens
  Sender: 3RNvN5RSYaiNbzkCJMTpHorS6mvKvvHUKSQpq5WAn93u
  Recipient: AzjB7d1b85syjMDsjo66EY7WSe2M7UBYb45pRFyzMPDS
Transfer 1 tokens
  Sender: A1Khe7RYmtosfcoWUtDy3Tt7vj4dWbzvfn4e6tA6RLX1
  Recipient: GRKqLdY4K4VhQC79Sa6EeNpSKchuXGKkZELPAUtg5UiU
Transfer 1 tokens
  Sender: AeQjQTF5B5HBN4rtRoE4BR2uCkApaKNan3SKpnuYRFMi
  Recipient: 6utXaBmMiR3WqXgkuaFU2EX4bHvUA2kC8cwdq5G1YeQG
Transfer 1 tokens
  Sender: FXcvbs5MvegpHv94hEvy4fmSccwD2QF5MU1Lfb4jdWKq
  Recipient: EZsxgTx6JXqZS34sDynrFkKD1Q64Eve7AW8FjawFfovV
Transfer 1 tokens
  Sender: 4ytup3ugWrqhitJNVH5tRJffSJux9GkSXKSA5oVUJBCV
  Recipient: G25xCDc8J51iy18QCKfRbxuwt8Z17JfruFXtrds3QiDQ
Transfer 1 tokens
  Sender: wxbUXrh6tUgpR5BZHizxPLTYS9rds2e7PTFtrZFVRYv
  Recipient: 51oET2dy4vCmZ1JMGYR9hbsvsLng1vcLD6z2AZp1uq1j
Transfer 1 tokens
  Sender: 2TgH4HD1CNbGZqmVaoKEnSnxKu8hN9Y8UZqqfUaoZgQy
  Recipient: J63PQ61AFhZXeupw9j5GYY1aEuR3R6BnAbtfqqAX6DQw
Transfer 1 tokens
  Sender: 7kBWBrV2rjt9fRra6omVYoMUv6asqraEeL1e1nNNowhc
  Recipient: GLpzNHMpb7vYH98VkGuUKcgPETsDWFcdwNscJypyDbtz
Transfer 1 tokens
  Sender: AyEM2DLW2d6eJbcpHFyj6gsNrJjuwjDyYyfYNrMdgiFH
  Recipient: GQvVxDnibSXUbeE6gvK33WFhtXB1tue8MXkxM7WmTAK5
Transfer 1 tokens
  Sender: DMbdZBBvm9F9ciWjPLnDkD76iyXogxhEi6M6jW1TnVub
  Recipient: 4eYMboemLtNmqw5PuG8TxFVZUxN8crFJZVjrRJCz89GX
  Recipient associated token account: E9dTfockj2wmK9knnnY37Hzr18mqkxT5cnbMMGHywA8N
  Funding recipient: E9dTfockj2wmK9knnnY37Hzr18mqkxT5cnbMMGHywA8N (0.00203928 SOL)

Signature: 3C8rXtnJELw15sZXxGYyFvEvZHvUxo21R1xt4APUTmkhj5pKSKCaPcb3ncFYjrCiiL1yxYoBS6dV41eBiLNRMkcJ

Transfer 1 tokens
  Sender: J6NsXWpjWzVZnLc19RKXkJKRgpAZc3Xa6EGAimT6hFpR
  Recipient: F3hzbLTD75Shbpyu8tdztMhSrh9vZ1qMwTCopx57A5wU
Transfer 1 tokens
  Sender: 5qq6gLiXExaQ2KtftQJnqc5XDZjrkmETaxE9oVJVFY3f
  Recipient: MvogSQTXToXV7MS8hDbvfWGoELDtR5Z75SGMUNiUddN
Transfer 1 tokens
  Sender: CBk3wFD9VtRxR2f3hNyZfVheCz5uFiCQEpgueU6NEAwU
  Recipient: 63v9R24nrAM95WYcYhZjJpYchudhANCDUUwgrqnrzGF7
Transfer 1 tokens
  Sender: EP5RbUUxqyautmVxNHNC4muhuY2iVqTxnTzAJ3MzdhSf
  Recipient: H6pPKHK9dNkvhofYHVa4QJxxcus625SpkzQuxLuDmgwM
Transfer 1 tokens
  Sender: HeXP8o3R8EdwAdh8q8wt8eeJgyprf6nq3RvT1wksMwAv
  Recipient: 9KJbbRm5qjnWBNZNv3Mhk2hEFqqDAYcCHuUPxnG7W64g
  Recipient associated token account: 2K3o9DfvEph91b2eycgtpfPhUQ3JS9eApdtqtYegYJsf
  Funding recipient: 2K3o9DfvEph91b2eycgtpfPhUQ3JS9eApdtqtYegYJsf (0.00203928 SOL)

Signature: XmZGTs6Kju3T5xw99TTyH2ULny1Q4Jp8X4SzduQFR3F7VYCBVcQYC1k7rPshhApTgVCt35UtNC3tM86dfGkPbdJ

Transfer 1 tokens
  Sender: 9GDJK7eKs3qSbec6gYSguYYvGiqM38fX7TFMuBfgFbPZ
  Recipient: 47ZJRamq2rvTVxcFQFs2499ixJcmSXCKgb5FRnifYNsK
  Recipient associated token account: 85xfzw6fjz7LapBDe79jniJZUaQH9kkWqx1b2ZKsM8vf
  Funding recipient: 85xfzw6fjz7LapBDe79jniJZUaQH9kkWqx1b2ZKsM8vf (0.00203928 SOL)

Signature: 3RXEVkpA95GYn5bryBxnKfhpqR6idWzMhQYXWB9tyS9M3SiokLz3A8nnajbe1EkfuQ4Ec2UQgXaMgGTWoS7AWirN

Transfer 1 tokens
  Sender: 6Cpn39VdLZJyCT2xcYWbqz62H6vQt5hphrV6dJG2NumU
  Recipient: 91hkaS99AJJvtMJURkGrGy7SM6Rnvyeg2gM4varE5b5g
  Recipient associated token account: HDtwpQRbkrfjaN3fA493sQctqo3ymL9vuUzi2QMojivj
  Funding recipient: HDtwpQRbkrfjaN3fA493sQctqo3ymL9vuUzi2QMojivj (0.00203928 SOL)

Signature: 5UJfAtM3SWpMKM3yX6ScAsj4Yv5oiyuBGuiSxNMPHJVkjnu482YHoEtjbJEnLkfbriFRidruedovGzdPhhbaGo9H

Transfer 1 tokens
  Sender: 79irN7fKkRN7P3AbigUiTUdoyh2vLc14WfSk5xNFFZDR
  Recipient: 3EtRwc7takUSxcc7RdKSz9YE6KdiwfXW7hasj3yN5gos
  Recipient associated token account: F5HZYsaq7CToy3zzDUHDjZGG5riNHrqEca5ZZkmqpux2
  Funding recipient: F5HZYsaq7CToy3zzDUHDjZGG5riNHrqEca5ZZkmqpux2 (0.00203928 SOL)

Signature: c3u13CNvkm8U7iAaWccPSD5M3h5f22Kgd1T8B1LA2KhDwmcaLF7ivvrvu6ytkdeHgi7xmQdsjbn69wqSgv6sjxm

Transfer 1 tokens
  Sender: Go1NUYpLRcYBYCiPNcicMBoqG4SxuDGm6qVrHQsRTsfe
  Recipient: BVFTQzEas8kMPkcugksaTTuLnQJ8ESxtLryk4ngdyvjU
  Recipient associated token account: DKgeLrvstQuYrQNegnvKKi4ACvnEC4MBrCJj2ZAzUXmS
  Funding recipient: DKgeLrvstQuYrQNegnvKKi4ACvnEC4MBrCJj2ZAzUXmS (0.00203928 SOL)

Signature: 59dVYDrpPCKAa4gcKvkLrRrct1MN9Ze7MKTTcR7BSAWxoWaQYAmex8FH3x5XL1NypJMw6WyT9eBas8sTANfKvUFj

Transfer 1 tokens
  Sender: 5ZFvYrPsFdvdmFVEnbi2La48T7ADjDRDE1KGvPbTK5kt
  Recipient: BUdpRNTSxyZZXtecMuBU7eB2x7RrwHZDPzGGUwiZwZUo
  Recipient associated token account: EXBAzByA7vrnCPjyiJKMvaH6BcoRqzJqLmvStFD6D8WF
  Funding recipient: EXBAzByA7vrnCPjyiJKMvaH6BcoRqzJqLmvStFD6D8WF (0.00203928 SOL)

Signature: 5gLyG7yNXetWkwUCYpc9TxWen1CXBPjsqp8eLZV7eUyjRZ4r9RjV4DAoaiLYFe2X8CdzGhJ89ht9HYMkMU5ZFfFH

Transfer 1 tokens
  Sender: 8VmGjYyiN1E9yk5MVbVB5Y1PaLotpY1qSgBEezko2r2S
  Recipient: MvogSQTXToXV7MS8hDbvfWGoELDtR5Z75SGMUNiUddN
  Recipient associated token account: EWUyEt8TqXkzpwUcQcRMHxxkTJ2r26hcvUKLLVgiJ2Zz
  Funding recipient: EWUyEt8TqXkzpwUcQcRMHxxkTJ2r26hcvUKLLVgiJ2Zz (0.00203928 SOL)

Signature: 4s9mxH7a5hzoexAaHeaAwj3uZkMU3RVC4RGSWgN7ED1MLYg2gxZE6aaKWffxBRgtftiK1S7VbJrvn9YnygPtrdjS

Transfer 1 tokens
  Sender: A2aSaHmZaDk7xfEoAjE9Li9Xo11uzcDEWomU6Qx18sft
  Recipient: DiS7bfj8zbcrNzS7XgTiqjh6L5hdWm5QL3x69EUbtwzk
  Recipient associated token account: 7rngRJPKDb1E5Xd2nuHVvC4LjdrV1Kx1noXnVyuN34UF
  Funding recipient: 7rngRJPKDb1E5Xd2nuHVvC4LjdrV1Kx1noXnVyuN34UF (0.00203928 SOL)

Signature: 5iTtYzU3tQs1sfUtQdPxt1M4bTS5HALCmVXnRyRVW9mN3vWgWgdtbaY4HuYNYirm9v2DWcW5hjTbyYp14KZJc1a5

Transfer 1 tokens
  Sender: 6TrKZFff7Eug8GxSBZ3LgdP9bMRL4MR4vGkVf58GrbDq
  Recipient: FPGd7zePHejSeR69bDQHnCeHeaYrRgmA7UeU3epTjKUX
  Recipient associated token account: FQxH1uYrnT321Kx2qZCu3PTkPd5eY7gGBvagY1oPdqou
  Funding recipient: FQxH1uYrnT321Kx2qZCu3PTkPd5eY7gGBvagY1oPdqou (0.00203928 SOL)

Signature: 36EUjzza9tcKNSP8t71xC5nvcEKhvikNYYShMzjwKLAdwhwtethaT3HaJVmPZ645sk5dedUA8pA73hvk5PhzcL4n

Transfer 1 tokens
  Sender: 7ZmLrW3XrkiCHS7UTCsVfrGV53h1jUR8dMfewsJ8UeV7
  Recipient: 55YfFvwjg3A86gqMZ2vAie5eJYjbA9Xg2vqprnh4gYwg
Transfer 1 tokens
  Sender: Dj67dfaNUY6aTALC3uF5SRp6p5g2K8QZbE4CB5BbXmC4
  Recipient: 3tt19kVnDtkeLL3kSzGGbkRzs7kMQbLyQKEtAwZH4jDZ
Transfer 1 tokens
  Sender: 7mRjqrAJza5twcyVjKotZvqzt4KdAcETkdCCrQzzUyaM
  Recipient: CYVikdfqKK1SmPasR93k1p6CntrmqGW4YcoSYQQ2TeVp
Transfer 1 tokens
  Sender: Dj67dfaNUY6aTALC3uF5SRp6p5g2K8QZbE4CB5BbXmC4
  Recipient: 3tt19kVnDtkeLL3kSzGGbkRzs7kMQbLyQKEtAwZH4jDZ
Transfer 1 tokens
  Sender: 7mRjqrAJza5twcyVjKotZvqzt4KdAcETkdCCrQzzUyaM
  Recipient: CYVikdfqKK1SmPasR93k1p6CntrmqGW4YcoSYQQ2TeVp
Transfer 1 tokens
  Sender: GbfFdvUjj1UKDWzMoyWNUnXGCJGo342kiPJnvDfMN9AU
  Recipient: Ci25WjrikU27LC2DwuAddmaH873GitAWp6dgNPUVax8U
Transfer 1 tokens
  Sender: DugM5x7jJPgW3wrsUsGCFegNbpfg3dk9Z7VDhQYRSpt8
  Recipient: BrfEGRPH1ojup3ESByNv3amAhXhQqTuwmA9BV9DxhjTy
Transfer 1 tokens
  Sender: Bo1eNS3DawDEkLoUnbjZwa2eRzYU3Bi6tPwZZnXDWWuN
  Recipient: 98AatykBWAkoJP1PdbeDWmw2UNPAnuz8c6joyw2ZgAKH
Transfer 1 tokens
  Sender: 74m8BtbDgrYW492ZkTPruwGuW6HqrxRM9u6GLtNFrtSr
  Recipient: A7QEhKyS2fpmafFC5gvhfogPJTRZsEQk9JDMfdHiZqnn
Transfer 1 tokens
  Sender: 2BM8L7MG2V7AFLqMMsK11HYE4oKN4sofUi3BpF6HfGzg
  Recipient: CwyAnBZRGAaDVCBiMm3m4zrXNe4e6E8eUVgMrt4pHx2x
Transfer 1 tokens
  Sender: 4HN88L7hS3LTxs3nghKaRabsuQNnLtdn6QJiocaWZkBR
  Recipient: FpQjZzsgNvo5P8y9qtsSeMXERVjL8YUdp6otxhQfH7DU
  Recipient associated token account: 276kaAyfC2LZ2mv8fJBnWHzLyBsJGwu9hcSR8t6A5uZx
  Funding recipient: 276kaAyfC2LZ2mv8fJBnWHzLyBsJGwu9hcSR8t6A5uZx (0.00203928 SOL)

Signature: 2zn4ZVCbx1k8KF4iLqEX3FX9VwwGZR6VAERjdhZzjuc3n6kJ5bSCbG9hhF86Dxj1ZQANg3Xu82HckDRg383fnbNS

Transfer 1 tokens
  Sender: 7d56Y47qhrrnYrwa1fe6GX8JG6FaVkKXSTmi4yZo4YYK
  Recipient: B2HWFUruRZggNzsBRJHWMTn3zC9W3gYivhYr3WVqjaav
  Recipient associated token account: 3zA2KxZaEwrUrDDw5pqZwnPUQwGHEPdvEqBaLk5uj1j5
  Funding recipient: 3zA2KxZaEwrUrDDw5pqZwnPUQwGHEPdvEqBaLk5uj1j5 (0.00203928 SOL)

Signature: 5QqXZUEyZGmUM3NNYmVJTBhpzphwypbeQZnfHiVKu32y5NZdrX4PEUtHzHbFzTeL1vF6L5UtSSgQFEY7rGdfWrLt

Transfer 1 tokens
  Sender: DKGdCo16f2ZLDqCoU18ipirxdYg2TyiuLYc9XurtJgTh
  Recipient: Bq8Xu7sTEHVY2TSGpQxmafaHVcRNUbBju92AucgKXmR
Transfer 1 tokens
  Sender: BCynFjdzWsXxWjaUUxRTwcX7weAzepVY1C6LAxwwQ9Ds
  Recipient: BVFTQzEas8kMPkcugksaTTuLnQJ8ESxtLryk4ngdyvjU
  Recipient associated token account: 6dbFufUkWUDim4avDdo2pvhWUF2MQ4ZiUk9mXac5fgEa
  Funding recipient: 6dbFufUkWUDim4avDdo2pvhWUF2MQ4ZiUk9mXac5fgEa (0.00203928 SOL)

Signature: 2gtWni6Hag26tMPf4UHxsvaya6gSKhrtchh5YcbL3hPuR8paX53fTyjkWy4xfoeHjqJoAGouE17XUqy8pwh3qNQw

Transfer 1 tokens
  Sender: DugM5x7jJPgW3wrsUsGCFegNbpfg3dk9Z7VDhQYRSpt8
  Recipient: BrfEGRPH1ojup3ESByNv3amAhXhQqTuwmA9BV9DxhjTy
Transfer 1 tokens
  Sender: Bo1eNS3DawDEkLoUnbjZwa2eRzYU3Bi6tPwZZnXDWWuN
  Recipient: 98AatykBWAkoJP1PdbeDWmw2UNPAnuz8c6joyw2ZgAKH
Transfer 1 tokens
  Sender: DKGdCo16f2ZLDqCoU18ipirxdYg2TyiuLYc9XurtJgTh
  Recipient: Bq8Xu7sTEHVY2TSGpQxmafaHVcRNUbBju92AucgKXmR
Transfer 1 tokens
  Sender: H5krRtHsNCGkx9Y7LoN4jt9wX11Bu8K75nJaaB9DPjWA
  Recipient: 7P4Bb1pCMuYNveYhg2j445cmTRCEGp2eAAtBQUv7Jz89
Transfer 1 tokens
  Sender: 4KtAF3oqZSptVSXSZNocsakFDwW6DoDSa8eFbXLptyuz
  Recipient: 6cxR31FgTSxgnnS2cdsjhpbzyzYhpdJVTrxdHmnM3uBw
