DBXQtaaL7sYh5xtRdVLGkvpdCEYqT69D5wffRAb53gUe
4FeY2qbwpqkAAZzfHHCed499P2pezzTxYbTfR16H4fvr
Cu4j2YurNUh1dBoZSfYuD1Sj5hT3u1jYmDM6CZJQT1R5
55a4zT4HCDL2Y6RkkTJs8PqvnTc8xJm3cpC2aJHJ2muf
2sh2Kgzk8TuhEJkyJkBmp2fcfiruD2FLVPi4KdhaCQU6
ma4W6Y3KcFw4sAYgcGgciFfVRJKkjAzAYtDKzezj3zp
7pHDUzNHBNgZhwWfxHP1uq74q1gVHwtFxY7pzG5CWTSJ
FfMLqszeXmydyrKriPPBMwQQz8TUdWmHC2wtMaBjhV7D
TDwewoAWDJ391TeJSyBZxK8Gnaqdfan81DibE4JdYdD
ERbCowdknicWX4wabKcC8BDRY4Y7CcavgAbyawYCLzzf
H9w21wa6BM4eCqqYQwx4FaXNot3V9id8fJ65ctwUKDKP
G24AcEMi5KS3eE3RxswFyCsfFB6bsJ5WPZVEvqB5TqDB
8nUthWhvjJ1LLhJ7H3a1nMuXtVRkjy3or1bbzWp6UzQV
8nKi6id3gf3rEuC16ZRZMeAEdzAUBc5ymUQxRXuqzPNe
HdKWah3Ms32PUPFBGFEu1zSTNjxsU5cjzVHdVPJDuYtk
2L3yvkofFeQNcctCgWSP6JnspQa76omtBithFkUfhNkD
EEBHQmM54NiKcFocno2PeSifjum66sVp6prjuY8Cy1Ai
AEKyRgqqVjJ4E3nroNtXrqofTeQ5x6ixEEP7DbYHYJKY
2UJf3NWVpkE9TWy5kdtEND9sur5RbVEspAyWUS1g3cEd
HjpNXjBUsJfTvKH3ntBwk75nkrzoRQhqruUU4owiF5xy
8gHw8HLsVvdDWYXUE9b8cMCdJXtkRxiKsjDPs5RKsPVo
7vUHFMGG5b2MGVgvcySMbSRLQoLHESAB82baGFar1STJ
HSxkF4jW6mhmRQnyMPim4nDzoMTbdkPFdckgKbLsEKF5
5MxVcwum5ZvBAHghKaiXv4pLf2R6JEhEsLmJi2k16VLJ
BGKPCFPjfJsJe4AiMMtqygH8o7x4tTf5miSZ4sTgv8gY
1KXrdDawBDM15HazvUychgE2D7VvkPq2TCpJ2nwWxxa
8vvSFuyHsYKLrWgJnrfn8igD8cyPoikdmvbHpf3yoSyN
97Q6uuKgiZ1MTKtQoivGjWumAfimRpTcivh8gMbPkHLj
EGFQ4dkwDbjuysQbxgnCehFBgJpYGjT71zbWf4RHpYZL
f4wQSwBczouCJwWLvYXoNyA1wCYd1CtqG6UvDr5zUCy
EZWJdNqtUgYXP8djn43Vco9Mw2cCuCf43HWAa2mybK5n
9MJcCs4K58hox2L9WLCHLYiFxHw1EHtK1fGukA28dtvq
AfhgdLmuuKRPvU1heH6Wz9GqkCf3eQf2j1ZJPuDRz8gb
cGjPMbR99mHdX6R3gUQNcAUkGFCC37WMk97AFwH3Bwr
Cp6yANHGFzTMD8uRbBKfnUupDkGzQ3i8Ff4wV8Sv5VEK
H1YQeQEPaVqxKAK2izTYt5G2NUJcueF36YGgK7knxX1s
2mhatyiwSpG5oKrZFKgg3AxZH2aTuV2Cq4FxJWorvDwv
9Mb3qohHH6VVzsDZy4LmouFqvFAEFwZUtBn4gxhLCaVh
2iN8pkUhYcixFgwypUJ9YXERq6cEzABvNiWxhgANoWNj
8uRz2a8Z9zfN84SNRr3Nqjuqd43SHrSFKgBT7JPjyZLP
DgZBjt8NDMGB7jtNvx4y21x2xajnCtPHbRLfDhv1Y8aH
2Jhvw3R45MQLpq1iU7hNRZw59xngpGwWFUScCqjM9t3i
CYnph9AxKVktu2aoZcp3GgaFetrU9E5TMJyhjJXnZ7yF
4vdBJcM6tGNyVgyhjTXMfDw7E4omF1zjRG9m668udc3g
8Yiw5debbE3bXtBmUkyashRu6ZvBM7jg73RN643XTB2m
GrqUG98cvZABJUHQ1rF5MkzjhfoihTbbHjU6Zf3vSQo9
5HEvzZfgfZ8SNe2xiSUsqiaSRmjk7UYGHuiJQ4M5TV4E
FYorbqy5sUy4geSVDcUJuRr8CX9M2Sm4x4u1tiG6xmuZ
DaWeqk6qFpjygUFT1iGsb3x5umNhF5LxNpy3diBsTT2c
6HfWjvgA3fmTEUKjhSvmYEjH1XGVcV1ePbcraT43U6sK
BrRrKmT5PmZhhFyYyEKg1w9YdUDajjbWCy5RpaozGPGr
joYs2LZVn6X7JoEcDhRtoX5nyb1F1y6GwQPFtHtFM91
A8HeceqiE13YMEiC5A676TjyJVNm854a5UKE834zGUp6
J7ZZwvGYrQAUy7LnYwZgA4XT5nmHZb4scEAfiFJrNnHg
EjE97uVBD8S7cNVq83c5ZHN4hxz1V2xR364fBuxa7YUz
79Le2sbLcakAVqjNeZfDpagNaCXp1JoE1MT9br5LY2ZU
8K78XR35PX25SX3GQ2nmjkdEgCoDk8DZSjv1KFHWU2kU
ECDakNfq9e2fRTSurJcChrutfCHZ98bQodpyzZS3qGUE
36WGxycPJ6jNGsw3LJ34p9ibAL4ndmguFHSYYBRUjSVD
SBWNxJozj3TZAkUz9oELUQFszu3uoPpexPezpAHrqrC
FNFahQLqL3Pp3FsjU12qxRCqZy4QTmCCkma2opoDNnYH
E8RPirazHFb6B2HxTRB2CM8jdcyt1nPaQMRnzeKn1Heq
EtmNi2P7XD6wjfcoeEZJAkmhuV2z6xtuuvWiznWH3bxL
pdyaBtWLYEDfpyQCUVYNZMtqSiLn1YMG3wzQkHvzyxj
5XFVJKXKuZBCHDsqoqkdnCTtWUVdnztfSHrLffeuzWiR
HQJ1jbbtvRrBU4zPwBQUDCXYwbNd6BRwphEQpbwKdqNS
Epr5eoVeiggn9fX5PVG7UkKrDCHf3qirdVv8nT2f5bUT
5QrJAJ6i8AmJ5Gd9JGWoKDWkPNznwdENFeXx9h9N9UxV
6ZLHNS3X8x5cy2i4AWndrzo3PZgiGwSiHSX1bBUxDgyd
DmzSHoLkPcx2ndhYM4Nfj4FXaNeZsaahCvaAfhF3s6mt
HPEPJNXCJy48Y2vVRDqz9hFTAXhBXGfXAbnbHK2zWZTv
7dt6nB8vMXZqCg3rqq61KxJNtYy332nohzdFDs78tUdf
4mxfC5qqCNPb8E4n6sfjL2ARrEgq8bZnTfmTvJD4wJBL
d7VXdD9bpogm5zX2tjQPXxk7GofkrAv3q4wFQBsVnQ8
E7wZaTEbhXEdtk4ALftvLuqrMeAoTJ2JFqgW5UMcbxJx
mP8NwTvdg3UVkxBqL7C3ywxYdMevDpdHAgKS4vujFEs
GTKuoYyYQPUixCRE6qoC9AY9e7T3XJ52CrxPqeCA8sDg
9GPYoJdFH918D6QmbPLpoFUwxz6Hxq6BLJLz9SJPLrfJ
C5ufvd1b9gpzhvNCzjJQ2Ck54h4pv6oTxversUqc1d1U
8CedmP89vTJ36ZeKTShVoTDBT8g32k7Rr4wxHkPEua1V
86czLSRBoaWshNwLwLxunR2hxJp7cGg7QqutNrAjBvzC
AgUJoo8Uhiib4NcfekrAAw6hGxGPpdsnJzgEnXLsqAEr
CfbpuQL5sjohzRvP8rhsfSQ9v19feQHNL9fMx6BT7vxY
6BYtAcGv169MpowFZpuwpLVnz8kX3osiCeaHKGrBQ6Qw
4rHYvJbP8zJJJwaH3n6QTNtJsaqUdQiX4ZinLVfiaVML
FW56oYS9qWmTpzSbVDg5eQbhzNa3Fc55GC36SpFPLF1i
EgDBuyMLpjri9MuCUBRxKqNffrq6u9wc82gthAJL4d4a
D6cKQLAtNUaiHTBuUkzNgaw7eZ3aGoonrb25YtCzfqPh
EyysgtHnUofQdRq9gM1gRWk2zQb1f2NKXkRrS3u6fhyu
J891pdjZsNqrNreD2fRVv4owRGitopbTEQT86u2TthLA
J2GPGSceDvCc9PxFbmtEXNqYARMXPLaxqVNAh8HMWDKN
HzJsEGYhfMdUb2ZhKNUkDRRiHAeNT9swkCABtF8M1edr
7JN9oCFwEbg9jwM7qvyMrF27fXhLo3VdbJanecPFrg4W
7JUDMLqozmVp9tWva7aiy3AYkcZEAApjYqe31CaZDM2p
DBDyveFsiPnCSKJeaaPpxytBLJ5JkveR3PB7MUPkUFE1
2fV2ZVj4dQLnM1g6KBgkwAB7QcqDxwthGeZVyBHUWKvD
CvHvJi6judyXiCH44PsbhnT3Kwt9W87ys5NEEsbDKko4
5MrVXQ1cd64pxCHFZcMzZgVU4UvN8FecgRf8QVD7hXzg
GDZSa4uxt2ERL5m5KMz9sMJ8eiuLW4RBdyTqap4gk2Ce
eTwpnKVJjtv2DJr8bgcsEMej2gaKtwzvz6gevEqtevZ
8Kjrpv8TVwNZeiaGR4axkzMwrbXi46NcDHMa6JjDgeYu
HD6M3pXXvkrxHPCsAVJVfyVKZEThF6s3pwHpxBNmy8qV
CdPJq3q5ZxzKQGnVZAkJgnJ8NaAYLbDt8NoQB81u57LV
CdmHFNoDetLdz93rvm2qeYHDtYQxgx2WhrBJhSVEbVCD
7Wpu5cmuhpaoKMU4zCosUxc2EfNHWSLVn9busdpRtM3w
6GkXjFoaXQ5ohyG3ZCRBqqXMNmKw2B4CzjhV94WpsiAN
96Fz4YBGKQtCW4eZUbDaBikz6cfWkgNp6zYvM5Ccikr9
Fa5nGaaBNqE9Yo8ECUzHgQzgbFG543sJ8mv72k7VteoF
8RnY9ajhHBHL4eXwzxcEwuWbsWSfp3pLaJFuStxEndXa
GDsStNXFTrvdsPgt3xWQnNxGdPGT67iBQc9CmqBHUrzS
3tpe54NonPRDnvQmXAJ78axwSCqf5W6XNvpiQPNkuuyW
HvHTPhJUbS8WXL4NrgimRg3sNv4EDQbBejz9Tq4QThna
9viXVghFELY3AQiknSrsabrSvZm3uBBADPQFnRxiFUtB
5qXFF4Vp1GjhuM4DzENZRomo3AQmt4MaNSRMsnS1b7La
AXXTz8SKt8KHG6UQtBotASSVDWqfX6dFgWVNjEqVkHX6
FqELKupuXQCDLgiA8fSnCgW6YHvCJEqv1JgrZMPTrq4T
1cYDjwTYPVY2YZxH3r48qRepo3hPBKp1c4MPxf8d3QL
DHeeDrnfmqGY5x4zLf9t6ijrt8LuX4B5mMAaJpnL789o
DEihG8kTTwmHKxtKtvhKyzdA1e26RBGnMK5F9dXbFuhy
66wZeTkkv54jWEWFNbKwbqUZVxP11NopPJqv1FEMvCY
DiGuV4avczN4Dx4fCFj5myyhUEFJa9BmmK2EX4AJEiJr
s727Y7MY2Vrom3bX2cAWEwU6VTTGAmJp1i1Ww3kR2N7
2CL8Xf4kKWBuR5QMzZZqZt8yqaz8oQ2nPV3Bk7zL14yd
EigZHKHwj1y9Vv6sHLZHNTAE29GPDSNaMq687nNKLZey
3xdDaMjmgszY86SrGKQ3nJifcZH6g4ai7WMfe7Vq4FaJ
GtRuVajx4C3ezLVihFhWjZUFJRmH2WMPn3eaaYdijD2E
D9rK6HvrBC3FRbGZFrtbVnyYjhVn5Tscj2nSewQ48yXU
CoujHqJg4yWkbWLd8JAyDiPBu7Nw2Rnkz3omZR6hQCP4
GWEBLxEGCQ71T4CZ7cMEsMQjuhZzTH9CVMk45nS4LsAp
3MeQFS6pyohBz6htZd6KDNMneXZ9NhSohUu6nvDMFijD
A6pzpKVjdjtsRuxjmxPPW39BDhYWYhuwjk4VU85Dk5pj
F7L1bfgHAHU4DCcDbYCkHe1xUDEaHftNrA5646ftPqWB
ENyHcdazLSnuLYS3YdZYfaVDWtBJQR8bpQ2UtrmaHaR1
38YXeeMAumReufVTxSG9yDyoP7cLJuUCZBnWjU66rN34
4gbtUDwMCeqxLvLSiyMoPCtuCBfzRNTYWyDGDGRd8h67
5xVeSDx9E7gVDF8Twq5T2W4EeJK7hyTQaWMGcc5XhHya
BHhSKnCzzn2v6Zpi3GheWGPWHJTyXdrsbhXa4youdFjt
B2j7vjq42YWYEqMCyEMXzyASmjE4co8j38SAqcxiJCdp
Fzb2ueUXF2xb1t6rwRXjb8WBJp1eE4JxLT9mavG8Jsr5
7e8MsBU2qVSqj4KixtcorjtUXQFmUDcsktEPPdH1C23R
AGH6XTkTYHJgbbaXw7oKHDMwt6zxEoQYRHpzberqH1oY
8QG1kvs1juEJS839HcWfwvF1vQ3Rzr2PGJaHQG5vcsHF
7kMiSNjWsw4z41BpgWqN77DuHf3Qu3PPB6UXTT23Ao9o
3QRKKLbksZjH8Jtak19wMMUhy2paUDZVBe8suk99yHBE
8uJfWJdmhJaJfJcfWBKGrY46dLuf4WQzs2dm1KcawLs4
5CUWhmUWDKiDcNVV99e6wzCv2etCqQ5pue6XwBCkeRY3
Ebputzw7gwxcQ4Le2YxM4hYdEwdZSDJHubtn2Zh6xZDb
738D7MaF1uzLKupxHhX7vhf4oK49qbwSQZZpEA8kncNq
8ywFf1RdpJA41kiNn6bzEZCAzVCqFYE8nWN6o61rRxse
B6MpiPDE5NySzuu5WsANSUCqPmK5X2cUCjBerGDS2xJT
