D7huTz98hxtsmvFhwj4feF9nn84P7rq5nbN48kT1ym2V
9FxPKq4UZZDaezu5Ej1GPooZ49ZWTvfVRkfqvRcpi4Eq
9ag6uaxSSnQQX95BHDv9VVGAUP4NbsdeUxHRUumZt3sZ
Bri98Zi9n4Ys14REATYZXXAwWTKCUdz4yDnjM1c1Ndgr
LUUdGfpcgEc6Wmd8YZKoBHmXnhhDjAkHEDijeyHM8wU
8TCZuHZ6rUqjzz7MpX12oFcazwZtyZ1Qx8bCkquiJay
51Bg6gwgBeao2Rijz7qJw4aXf26UHxX6x9doh2X2srfd
53m4pxdkChsFNPFkrNiLkHrcpiVURkyFLWz68a2P5FRC
FLVpeQR3N7pLgCZZGvDqDTHX8Kh3iWGV3twLhGvajHmv
FWBGN3KC15YEznKerR9qtVDYQRC3XzaeQYrHMbv6VKTe
B93Vscf2ccyMpEtUFFDZLUia3kdE82qdnUiBGm5kfLtD
7SYLG9AckS92sfSZV3yecSaEsdXSczt3nJtgdnMn11ZV
EhkgxvHBWbuuPbqZiua37ix8xWM1RcwDo1aa2qDZu4x
8WeXEPwcsrMu5pmZ4bsjoyPkV7XqwMmidpNtRS8rDG9
sBDcJC235wURmHPmmaEgbWrQuxLcEuWJcsfhQBLDX9o
HTR5uSHxERJk7zoetzVVxdVDpNN6eBQGoGbvkZzBapj3
GmVfQ7Scydx72hUga75UVJGQ9sspn4knmNphGLKgCQnY
6kigdKEhcNbawkCeKPLP267YL92JCkxq5L8WyeaTWbpe
4rRqALKApyBzGGXQpakRWAahaFFrG8tsxQUNqekRyVr2
FvCysAxiW1GYDSnENgVnmi2q9zGt5fGT6YjZxgQQyADn
DkM3THwctwkUnkL45LcsJfXxr5SjXAbJB9anDiCtMkLb
EAC7XDXHWKph93171DQ4dA4pNeX6NNJXh3j3gt5G6hWQ
5pPHf2g2TbPGdBwddm4QMLesdqoWJkpzj73HqGYWhzFz
Csf5chbiyKGm8a9WZGasaL9YikR4xprtvrgE1bG8zsGZ
12pUknjFUMrigHKyrDgAaYZRBDACFXBngPQbFDGXz56M
BkDSs182bfPwHdp3D2jGzZYAPL55kLDezSy7mYDwEtk6
47TjuGwN1WBF9wqqTfMdTTiTKp5soTMovDQBhDMmhn6y
E2rSQwrFMfReFqUEtwqyHctYy3fJhKUiX47yteMFcBNB
K3pSub5a7HrCBoJc1gr2EQq3RyWabSDYBD55A52YF7d
9b9craKqZLifn4MJM3TQN8CbwWcuDybBKV6Amnacqj8J
Hxe8ZDD8hp7X4mcLwzUMqtW78KUkqqCMBCPf3uPoQMJT
7Nm5FwrYuiYroyaHG3oPUsVch4s4KXnUhYb5fSiFDRGG
5RZiMnDfBZmWreMmqhbmkqRdwA5R37N6a2APApKG4n1W
85V6anaF5UFhPjtj59i7kH2z7zJBNoFFxnnnjueAiwTU
G3Bym1zxXub7Ak3oKkAHM6n8LsbiBz8VVU7KXL54JKdN
GjC61hcczvt5CYwWdtSovrcZCqUHkYEXqpp8nUD61CFi
Bx6L6NBWx7xDo8XEwwZ5oXwG6ZGzFwzyep6wgd1yCbWb
GJuDyCLbqRUhkKoLybWmijXgrkUzsRjSGJ25YY8vpCyB
Cw5UmzTZN5KHEPsCJJ2zrssZ97zEBtvkqFMBgTG19PnU
UgCT79Lrf7dM6Q56ASoexT54o6N8czWEzs78WLXFLi9
TkArBCYxcKZ6fiDtZWPNTiXFCRwkyjHV3G1F1Sdot7n
62QD2bBDd7ZXaCbQC27QSPg18ydoMbFbbR7S894MGvus
8XftpAwhQzuU99gLM6ickknUdkDWmotY4KTniWdfeM8Z
Bp2AjSFh4T5MS1eKzjbUGGXmkAAe64WSTjiWhh9Xcmp8
7h7aduRo3fYKciqnswR3oZqZuTjuwPumDjnCEHoH7d3Q
7kX1TpzGqT8sag82QprtABADNcTBiiyqNqff6dh6q8ef
AULJUJYaAnHAzwmthoKBGFKs3agd8d72AJecnN6rDSJH
CTUtshikaT6Z8t8LnyT14T5f5nZkgegzYiGrhdc6RNdk
9yUxdhuFRKJC4a9X8NYVuPaqnBBaXi39sGcetZ9dPHzX
DtYhty5AEmLerPLzcQedNa1SutErVmQTYykFn7GGuyoT
CCCFUUMN4XGKmYGA7mFNLxTYvpo1znhVdfHEiZUbwVJn
HgKUUjcz4NcuaVWdTxwgvRGKM71WLyRT6WxJ3DWEqZpv
HBh7hyFh6z7T9CNMweKZUBSVA4A9M94WHhMkZt3gdz1D
FGMd95LnaB74b6bR8c24EJAsXXmZ6FXfiKuiN9o6Qepg
5Dj6bY83FjtsRLDaMZmYkANLNFueYTukNV5VV5SZQrWp
3wS67L1De6AzhPVw24kkETPrq8MSUmZ9WYyJsXqX2uyY
AGPBoxV98NJo7aZKUwyox2A48vpSjxkqSU4bSAHyjkgE
5CZcQcM7LeRP8jut4AxqwEWhSzXDREotYVZXnJETwGbn
Bn4ERZk29PEhc2xbQrJ4XRnLxE4S3ZEXBxAChbNgjwCk
GBerVEeo5rUDAgwxuSVVps7UXnezyZjR2GtdUyCWHbXX
6CCaJ9fxCmwHRbFTt9KNc5dN4wSbKJAw2ox7suJ2Hnjy
6Zmbg3z6U89a3yvJomA4k5S7rmL1QCPUwfx6heBHtB9U
8oXmij54zQxEGZiBG3gzybuJHrARthLJj7uforyvW3xV
5WyJWZDmStUdSVW5qGb6MdMjL32mxwFVhXbFPjJQnqMp
5VbaktcSUtNhzs9xa2JtakTQx8r9ci1NbxpGGWvSByxY
6QbkBwgLYKycYSsgVQE8CrroFsStwAcTkgjQe1wMWrn4
AkR1bhR1TMQBtXhmZTxcr2iEHZLyPKqn7WJHZX8GzFVp
HzBmbwKXstw1GUx2x6MxZDih8DvFPYCbFHQg9vYw8tWw
3gaAFvGVVKxEkBK57qk74QzDTmMwfkumEihVQLrf6enc
3axjqyucVyLuHwvq8pH1crDyguGc4zkbhZ7Y2sjFk23a
Dh5bDspvazkNvkAqFYwcMW6YwY9gjT45CcJw1Z87P1yt
AB2KzjDVY43g7TVZ6gx5NrH16TCsSoZu4FD4UD8XNags
An6ERjRhaoRKDny6ryLnyyVK6jFnwMs8ypGVeceSXUNx
8spzgj7yByy5WjG2i93cRQzvnX4as83W2PxS4GnPZxCf
8HtdkuufRoSQjf2s5URTWVbRpBoXdULt7iBnbDMtxtZL
2ZWnc1bibVAaZJrfyULKx5eqPMefjokAYR7iFJtkYzAR
EBKSMyzQbhEzvomrhbviUm3JiFqzfASZgNk5Q7aJvb4W
8dj6yqPwPT3sCSCfyFE1HUKSY1aBNt4Vcj3qZcuDwX9f
CWE8Ng4M744DboQReL1iT5ZK6ktMQdkx7JRXkLLCuD6F
8HW4qezF34PzY6owuzUMRyDYuV5S7eTmoWNF1ZvAWoch
4FnBvLSyQB5h4k2CfSCSgpSZgfCfoaa2iREB8kfgTJT6
3EzS4vC5MJt7wR2VjUkww1bFogEHFcrgU7YwwWGNib7W
Vbxg5BpRoiWiJCPthQ8rPrWKUjyK992qS7EAg3ZC1Mn
8LZVPANWvqCWgGkvcAdBYMf7oYKL5bsNwe58CCMvVP9C
CmpbvJFUuXesSH6wHgPa8znT6pUDd6hvjL5AESe7pEpR
GD2FMqppEqYNfvoydUd84NsPdCtVChrZjii1RU3K1rcS
7vm1EtVWHDkViX5YVShsZi54nR7TVoUjuEUDBnrZRTHz
J1u8p6jutnGw1RtBoWZA8T1ZSD6JsrBtqDfi8eWNo2nT
J43o6NGyeYACt6DbNk7twa35w4kiFgKtR9bTxrBT9WxJ
E5sQdyxsURLXCeocux2B2uxdBUrWUGQeeQ61gAvSSAkK
GK94hV8Uf5xo3L7ATBsCMnouVxNBJK3UhDWgX4icfPmB
FSKBkuE9433wmBLRGC57Ni3PbNTwdhZhkoFn9wJ53gDc
33guD68Ewav5etauZP8ZssZ6Y9prnU2L2jSsUs9ATz5j
Ge1XyARfps2N1EEq9BFat6s5c3feDzYQTx66bSJKJvVd
HkfFe9wy7UhhSXDqau9vDWxEzSbkGSZe5trgJqERSBY1
BgWszNK9buYk8cRFXF8MSzyo1gSmcVz79XzNTifTrWqz
AtDkXSZ7mpk71PCQPHRJ8WKJAhib9WqY1KbE6EPKTtSk
FCruGgF2MkijCHE4gBdipHfxTCD1maAyShRRwoFNQNFY
8AHaa2ywB58Q9MzCjUasxVmy5itrezR34s4DoHBf3g31
GXJBPtLmwjQtEweb6H4y3Lhx3HxH7f95uXfknbCaUgCS
