8vEPJ4LcLNvTWCygZJRkkNg9Mbg3MG5V6jp1pnC6969f
8tTix8hg3778kShiySfvr7Fb8sVtYQu6aCPUVfSNUkaQ
9BaxdY87ZvXGGg2Qras88xR1tL5uT5RRxrL1MWV9EvTP
GWmJyffPii5Zz9QkoAS9VQt63MoWFKimibyEegSkKUZg
Dzxg3ArLEdq7JKtzAQjweMPCQdTSmrNntJoADkrUGfNZ
Ec5iTANEfY6PUiSMhkisnmjWGE62Soeb6kAb65jvQ8pw
6qg1M2zWjrW1WcUwWsqHJi77q82eaEExZfQGcWd4yhZU
FPWhbrgMmGoB4DZq77ueKBzwrsATy7Zgs8XHRiMnJMbL
LUxFH8L3sSEZtBAxjDeyUbcxR8YsucrdSV1piSXShnG
2UyCU9iEgSPAvM9fVmyZGdJ5Lr1WZPius7iLqrQ9Nw4g
69g5neeiLiuHNt81DXX28p6DHJ7uwQnBZfDLc7sUvWpf
HNtae1pThjGUpLGW3Q5B6q6DkCLneHx4XZtzXjcEMUhq
HCZ5G9AEpw9Y3BP1abm7kg85JiSjo8p2tWJ6K2MM8Ju2
74LHv5R51nS5cp113yrcRAxQdGYoN24vTVJ6pZtdxH5Z
C8K9fmvC24ovQhQqGmwXGtY19gRspHUhaievdZLEoggZ
EJFCd8BWTpo7i1yLddpPF16qiw67CxyvSeRe5Y4qMCWj
9Xrucy8KSTGCurUfEaJ4kop4UHo7YehN3AAYNdW4oewX
Cuo7Pbb6mVM5sbfKF2odAY3xaLgyUQ6YCfXNhqXmTATW
33BwpnZE8iARhk1BQbSgxhU4xuzSeKJDQ1uajVH2Fk8U
79jFn5kKjkSybdCYAYkdncYCBoAJsqcrk1MBq1pQff6j
5XPTdYsZoZe3tr9UTa3zYu53tLm5X6Rg229MXFs6aXU9
5huzTFUKBgn9QVx2WxL4Np6CDAV9c8j21J589xdzrDtc
GDAnLJwAPYvEmwkLkZVmSdVCAuhoeWBCWAF2EBpQRWCq
Ay99ajgc3sdnPS3GKuY3Qkq3KF552x6f1GT5B6DyzryV
3iaJ6kuJWYrqzjxycEuZaZL2FZYGnVLCAbT5CGabxUFz
3k8GfeQX2WCj2SKiDfvpRYH9qccaJbzeEYJvagvjoaR5
Haf1BVTJ4c4QWXdWxr1W2JSVcVYjgoQ7qC5muc8ku8rj
6kpy1gtjCJtCBwn6kDwzLybxeD1QN1Bz66pkvmdTLKHm
2vz1gjx95tFbwFfcXRLrmccNiwtuCPJh9b31fXHL4hmL
6KCCngvsCfKYnE4LbFQ5qHbAvEXnaPUJi6pC95u6B6HB
9oY9RbLVCtG68FshbqjAaNccA94io7AynfFVPRF5pFSH
5kQ4FFu8UJFSgFBRvLMX2WahKz767aeAM7W5Q9vpV7m9
DrqeEQiPNAuW6kfXCHXACkAz25NePS6tYfKCkHqtk7rP
FQuxFUhfnCjqUCTHpnqdxwpro722QyLfgcVzXa4ZjPDt
HdTisCSkxusMFYFdi5YiwarV5NX6nLnNfrZnTEmrNASe
4ppD5Yszq6xuabKBfsoVVXytF5KMCUqx5HNvASALWf9k
CVZycgWxUnfxZ3SrxSgoH46RGFJYp74FFnGX5GtEvumE
BV4sB8fjQj388ag9UqX9ZdS8KXPoFecy2wUvawS3ndDL
5YeVApmA6XxAGfcPgFNwvguU9ZbMgQwi98Z5LkFn7qJY
5PhZ7H8CdiFaV1YxZ6sbjPq9nDX9RasQLGoGNyvQsqBk
HsecCcdVXsgQ82WzXCTUyCHeWftQDkfyuTQsu8JUJyTB
BtgX4nVBsQBdwZaNQHVLLBfcXkREvxhSqjzE4KpHBcKo
92c2We2RxUv4o34qg6rBg5HwuFFLaLpvRDuGMpoDxxrW
5Rcg4yrTDTVEnttv9Z45gr7kJREua8DixEvssMQQL62A
32ChYysG5jgtTZHETi6mEyc4w7koL7LNPj35yhPvSPJb
Cs86gB5p8RaazodWvx1dgKnBqbPaRnspNZEXTDV8umkt
8R4UJxATUQYy7b9ZiQd6EThUfmA6F95f6cSXUQYy7LkZ
4YfbEYEw6AtrNDJHQbp2NNNLo475o66ayDMVHkPRWqXj
9wd6bi59qjq3AWbkK8rqVmVZdXrFL8CZXyBTykQB32Z9
2Uujvy5YLbrw8soy8XENrPGVcBHFaxE2ke9qQymbXBYu
6wYXS7B3qs152Bg64mrhwPDzXYZ8S2oUsBVd7xwGdUHB
4fXowgXqE9MhGXLm15eitJJTzF2ecFEJi4NRxRZXCehh
GtqqYxk1ZPEut6ChPyoDKB45H2wg73u6KkabmsP43C27
DVUu1EJqaGMRpx81EdE3s8mLtDPWEVyyofaHFmFbDDwj
aumoGLrqmfHXJDBbADnFTqc7RYQ8f7Di7S7TXTcAk3P
AnzXddnj5BhUGtnCFbqCKQ3ufDq9ue959dHhgfYFcNqh
FHhKTDSbYFLQS8hLSYf63aELWXXEDZu1jNjKE7WCf3gy
9W4HpBwdVJha2JteHJU1TVeys5EYHSW6gCsHsXF1hW3k
5YEEdBdwS7s53UUo1hWuZTq9j2wCfzdwBorxG1656PfT
CaF2sJkBoLQQAJjazAsnSWWGj6AFBGkbEJcStQi2PLSW
B9p67TUXpVa6Rhmt8GNM5fEth2njBsWc12TnLNVq2uCj
5zwwEWWCZmrHfJxDNCf2tAwpTc3FeP1dgwPxXxihQUmz
AZYdob5osGEJGkxG5xspEwWFFgUvDvfqvWoL32hpdRcx
J2maXkDL7j3tbmRCF5zbySNC8CwtV3ihPxdAtG8GrzbK
FbxtpZsftW3A1GU69w66F4TT9DYsFje7bJdo3BnuegAm
7oQcDpjq9enq9f71VyLNFAFZZU7ezoBHgXRpcheTuF8o
FN35Q4DGhZu9KkDtc1tCLEQKc4kxEtR3yaVEBn8C3rpn
CgeJSxovxhphFfE4yZAryJh2QmnByQSd43za1d7qmZfw
EDg1k1EpbhEHxR8ycVdsUudUA92zitgVD4Rhq5eakwo1
HvHzmhcLA8Nymi2YRSd9r5yAZyLryLVPbZB9vmoFKPfL
4XPvJ92Gyx2vcbtJHeJNz5iaPRDckeiarxC8Y7XRqmd6
7brLvH5tGQZsQBsbLGupXxbaVG5FCkSmjhjdBhDZqzVd
HV2raB1q2DDw5sqn3KsEn1kkTewqWYzeDPEKhdK8NnPb
3M2vGg3rBDosL1FpRJzXJrvnZBRm49YEkqyhEepKdjCf
7ZPharvKVEjD5Qjsvo6XZkKnNDYZKThQRRg2AbnKDXpD
ERqrLSDTfSnWXyvUvmuxiPB3FNwJuo6R9r3Ud7c5s31t
5dN2rWkFSenoENXJ2v7L9pmiZJqxwWS7q37LLyUJiVUu
FA5D1E5xLH1g2cfzQfN1K5HSS1geGBpp2gmCeAG2AupS
8wPreRMBhJqLZPGSkYNMvPJx393quTjHGpXPNtkK4Vfn
6ykg8YngDevMLqk3izUuo7ieyaGAakFYGERqfp4dqGVY
4pncfMeR9iZ21zjF32nRQEzLD1XvernefP374BLosJBU
GPNx5iKD6CyeeBB6E9sepQ9dxgkATT76GrJaKSMzGatP
5tp3cLBbKbmH5DwfZzy2QRTyDYtrXZcwgyznREQBcn87
7QJZBg5dkUVGna2aZi9oUJkFkU6wm6mEKsF7r8zaExxE
4qNX8RHMjftjeM4ePDqhAEDMJT7cH1LEyVsA8bobtr5c
HRtyRtUqvpiEX1neXpaZDQQ6o5uXKcDh825e2MVuPpfC
4dSN8QBPiL2mxigrSQ3yk3jzbgFdZ3uExyLHTtmvuxn7
3J8F8Zm4s3yCjwJPitqELhPf7imM2Y9csMsruafnAwP3
4XuA9xrtdam3P4e9HgYtKfsTUQMxjWv2Kvi6PmQkm2HK
6veHQrjaekgH7fJa4UbaD4UAcUUbwUgmVXgvVcv3NGGx
9jfzCBtkBzbq4uPjvxhs1V7RmsHoxnFZa2Kw9nHnrzFv
DkQZ3MRHiLfvmH4VjJeotgRe3v9MDNgDV9mM9vcTybc9
5tfy5UKnvDQy9XCUYGbV1CdUDPN2awPhBCRsA1crUXUn
48UpC775fzTPk6k6FmRuYvbU7Rern9aLjBJ6r2oGVk8v
9pSzBTDtbQ4pFN324uMQr8DzEsxt9FuW27H8T7TohJZF
4GuPHP34RJu6R3yMgSzLfzPDMTuS1cbt3ez9L75Cea6F
9vkbTMnanu9xvzrKrFhdqVhV98YcyTjnTCz1K7D4SFEm
8ACCGcS6i9FcfzSYDaQRvBrqJ2hKFTTH7tNrueJdstrD
7DNHNCX3r5fiRbF1mP7xmUKEs2oKHHTr9GGdwPtk9r7z
GvAZSFXCXsUaP7taYErWsu615g6o7MFvtLfzQ9tAZwMu
DYdebx7UwasB1hbatySzxocQ7puoZibW53gsuFxj7F41
AfSc2vBgHK99hFape6Fw8m2hM1PVGQf4s35mqvWKaxmK
GYtrrYLZ2XPwReVELGtt2ru2E91eCgUN4CeKNnY8UYuM
4b6WDCEgBqPKUsWU2HRoTunnQNrvyRvYyPpfLK3L3pCv
9rU1qzgtDrhZcxdUnrgAmaEhHzsQbz9A7voR34uRodBy
FKx8vbgx6cRxHZWjEM2T8aMEz6dCH5htoQ3akLUq8zMS
HQ4hKW284cSQNgsC73mHysJ9VaccXDqX5rv7QBSLk5TH
8CWFyh56yL2ycDsmr3UdCbYVdVCWyRe3UNiEp5Q3zRfg
BJFVMH8k9ZKph2jxbbfLgrSTEPuz4jShHcFhwD13U8xr
DVyzk8guoNQbZXwxWjY6YgQ7ZuuYbD6mP6rC1dS8R43n
HrGGjnMaV5gz6gn5kcM86BrkEXxMA52qx5iGFjFwQWcV
Ah2i5YrWgByymVn28fKpv8MrEQVRPH8uSaTzuUGHK62t
DBKpq7gFtEL9MB5tz3bjNdPvz8a715qf2BH9731qKyXJ
caxzsvMP9Cx28zhu4bQhGJG99NLvEDJocwZ5gqMw8pA
BXauT3aycDr2mcmBTHRDC988qXXNNbUSAeozWF5bfFz3
6FdzhXY8PBNMVe2MxbBoYMNssyEc7Wh38YrmXnGy54FD
48A67MVFUmoa92CSjJn67MdbfMBQg1eGXrsTiuFRHJMu
2SAfqa2nTWKw17AmRM3PSAYBPRcn7WrzYCiuWCGyJZqe
2A4TtGTzAyL3Bjt9u4pKpk94uMHqKuHLmP8z4VXUFtBD
BDuoBQYBKYnJxyDDQy4JmozfZNxpSx88maoWvYypgBZU
9tcrgFJXzvxm19LcQgrPPdWv6ToN9Wx8zdeYLoQ17S2i
7HbnaPyrsRUe1Sfpqmab319XQL7YLRoSS4ZTPaoQRsnh
7WPqq7GMFdEroSxkDrtcYXcKHUxBMeSgggbZ5pQcsPeK
61kfrJ9SDEf58KENKnss5FdBT7pBCeGGrxp4txivrC4e
FPyUkDANshhUCynb6fRvP3WxVodSkWT8suG9BNww6i8C
55CKTmV7s1phu8yQc6FwZePhMW57Xapba2ggodq3rbRT
J4QNX6NxHj3zBA1itZqscx1aoZwdFa3XK1WSBdLhzew3
4NHMNwdAT6KdDXXJgeTQp1D5jJUBPJUhCX2Nhgd9p3gj
89G4uEWuaKSwyooffBKXMrwV3v8FEHa78xz87NHrf4RX
FLGYvAnJB69Z1LsnkFsiAVHvgHNgGF9NzfFR9MFznwaT
6GBpf6yFsZoZ6xSdQZLAnPuLm1TFpji5uT4d6bqBh6N1
H4W6ry37M3nE48E3GrDh8VFuKtmaooMey8P5sdPtB9YU
5QngC8gYbFxAxgb2uyvhs3TbkFhdE7dSFkH5Nc7vfkVn
7bW1q8Zt6PkNBem4mDdLY2WAbqacQvR6NkmyUniz3UPG
fzih5mURmG5aCHqY3p3CcGnpm7ij7a1VnomEnxrXGgC
G848xM513CnGV3hgZiitPp9MCpbcafLujjr3i6R53E5j
Do55jHMfWtTABFah7zx5rLUcn1iznrX7iVHQKAqQF8TL
D5UZQgGZDEdQmRGyy2hk2johp4cJ2v3BVkrdHwDhdxYL
EkwbaP6oyRcZ15TSfHyM4o8S2sQLonxzYtFs5SaNs5K6
G4zdEAbFjQV1GNKbKUdvJM6e5hbQZPfaTgXRhDtHJrKA
GhARdTVEdrfLCVYM1EXYHipfdxXQfFGmxU7cMrtEEMVp
7yQjE4Bo6Cn5BXES5NaVAuSqLSWvr5DZ1kfFgssKWdmV
8wiTcxm3i4tMUX9fuxv3rhStUxeVnKJjFNwzKaB1D9EM
3CFCXafDnLRMKjXX3hCkWoRBRMuPW2R3zSHaDFaXCyyB
T3GEfMggd21mBWsuJvjfheJFdRp4fHbkh28t4RvgcRq
7WBKGjmY37b1jR3XCECam4qHDfxoC6HUkm4Dsqm6xBu7
G2c999c51NT7sghL8FhFmHvFNAAXxknVEQvZ6iXJwZ7E
3BzeAsyo4BvaoPAdWKbfDPbJoKVAXSM1uZFeWLCFFQ43
mL53gfAzMCQ9jTQTudC8qWZfgg7fFe7LzEf3VbXm5gM
G47aEnCjUCRTi6Wupo3SSwpg12tkorJxhA3k1dcXq4z1
HfzCBpiS8JkPftubVENjWmedsTkGsudTp2g7ApgdjJXZ
4cSb5v4BGDqbyBoAmzmX8FgFJVzxak3Ysbodyunke5dp
6RikTmRYWvqAWj53KPXstG36QDcQypMj3GgXrDAHrAKa
DfYRKv81FuMWQP1YcM52ajQPscwr63foMUN277pCRvwR
6MtCPEaEmRMajVxUG6L1gjCovQkt9ci8BAykRtstsQAo
F59LEDEY9nk8c5H3Jsq9YqAm9GGbtHnS44oYfYWL6ix8
9sphWD3TKfmfTNo5M2UpgWejT7DcaHY5p836bsoozLdT
DQRHV64QhnSV6qBrcPxVEZwGYK4hKVy45r38pEeewGwR
8HMQjSBhs8qZcRBLLgLCwc2nKAdbYb6DQSyQxstVaS19
EKKLSPooKL8THb3nTzC5ZLEjvtJCNRc5cFv9MAxootrK
3HrYMjnKhfS378WUTM8DkhmHWuajLdo74DhedPeHEPjp
BuZvFLvX47WdGn85M7NVWfBJZ6HsYxy9MZLZgZYMz6QD
CJg5iQB1hRzJ7o55F59CDSsibZgc9PGA2sQPZkzcp912
DBkbbfhnVz2D4AfkvX2Zom2AA7PitAkEdoBq7W5cAeX7
CoSboM5q2YMK4mg2ntZ2wkZ3Nx5G34cym39YPX2RtPhv
5T2KyXm4HjGqz4wHe19iDJ4PMEDLNvAZgDW1erQLp6DJ
59YxbxqQdJcpiUjeW2E6uTHkJtGjBJsNEk2WFejwSV8t
6QUhxvxUi3gnMdrSAgPYYELCtHKBpWS3jjfNpqzddpF9
pnmFmpgLsLL9JeYUK3TM6sUXd7NevtPQwCqoJ28n7Y9
Gq7KuzupdQphdiosRf9c76nkztUwxRmdXozMTT8MvZSy
FsygDtWhyrKtT95C2PBnNQnzrMtwY13bm2FohmA8r8ZE
95xFEnedAetdkTsxvAeeWLoxc27UJBFPzc7syTGETJTm
HdRn3VaRg5sdUydsgCQGSvKzZ3Ak51fPuC2NSNmqJW4z
Ec2AMY1r35u5dHEAgDXL36QermxT42wkcD3bmiFNgeKM
8GwKDodizk4xyqacqRyuC9gfSBuDR7oD739T64K7HYnj
3pFwG4pvYpQrPcF4vnC5Xgyg87Vv3LJfvC5x1mGUNpmb
Fhod6fmggGggcp2znJrZV2Vj7gBuxzMHVVkbqjV2TCqU
5GqXzGpBH1TnAUVCf6K2fP9hCWbCkCgjUe3mQFsGm6yW
DYFSFutEgutexLgGVzdSGzJQVH2JJtGSrCokcCMicq8w
Ce6PLpSaD2YQGax78QffniaHoZVNFs1e6X3qKYLm35h
5mujhJx8qkHtFDRkxWwTZmfLsPvSzoJWNCurRQTA8GjT
9RneqKXsNiawiTGs4cTCLKSNSLZsiUmoSGViyY3GZixb
3f8NTnCcR8xPXZ6VCHJXpnx4qL8h7HZLYZK6zT9BoNVT
2Hqsw1k7jPCXiq2t5FRVZYWgkLAWa5nkaLU3QZ7n9fKz
8gbi2RaCGz6KgudL4P6faHxZLwMza3UWTnGZYAHUfHyf
5LzRT2rt1xgM89T58bgtKiDxoatJPgXjqoCuHfNYeSrg
3FHJrVLCKuoTH1NyhWyoHLTaWNUiLAM3ydkXSaJrecUX
88X7BAEtWTKdabk3jxKMutx7Y9K6PVmjhcDwECxxzsqG
AXVV5cEmNwJrL8YFEwBxUNwiziq7jDToGivVYQ4c4YPx
2CwQeX8xpv9FEd7Z2bqTVNGvrHaGTr7unerNCtkoexCo
6Uk8MvyxWam7Fthmkf9pSZM5eGqW152GYLCxrdkL5ew2
2NVhstFpn87nBNAsi75zAv8CdEyR7SQm7QVuKXybk2RA
EWDffcXLMHdkkbAKCUBiCF8BYTbVCePa9nZUj78Cwe6k
6Pio1oLvQtmxcPhCwt2VoMZ77XnWsobFuK8usFXX7pDu
CrXRbNxzpb9ngnmjUVCde6NMHf8jhRaWAvzTwDAdjMcb
DzzhWe1mDavgP51ar5XCuthdHsDWCtjyxBLdvzPUXr31
EYXcjEYNUPSC7GQR9iwRB2DnniBYecmgM3HcgpDMDHQg
49pE7x9dwvHybcA4P7AR42xbkW9kKsaW5Y48vaFnrYzE
FLcTKeUKHmyUgNwoib94AE7uojrPTazcP3xW9Lfmzywr
HrajMRsotvCTyHYCRshmyTpFwSR6Kh2YtWcnSiWpkdYT
cm3zcutbTg7My4NY2qha5KmXP6RDEdyggNgTwR2EwMF
2Spd8MEZiMhyZoTQMGP1WVqggfq5C6gojqF9JppPyhnx
A8p2BoCzPQfavjWieAwjwuHttzQaevc85yC61RWfXeqM
aZMrzb4fuK3k1jYWpfdGLmLPS6vrEYByigQjbBAnPiq
HsLGDKkP1h9wv6KSSL2QHMoAu1vGFhBZhnK61VSAUQWR
J3mVm6ZX4MnhRPPu44P1pG8eJw9WZ4TPNysuJvcg2wju
GrHEFcAvSUoKvEx3JEXVn9DnhvZUoDygB4AA9bptNjrj
HbYdgJ2CRmHmUvRMfQDdBPf9ZFgQTEfNEvbQ5D7aZqbu
HziYvsH3dgUgitKCDEB59WQyYQxvPE4RBGWTJKRQ8a1K
Fw175VsE8643YVs8tkUdLmuDjsZSM4J6op6VJR5c1Jb8
881BbjTKxCztGyXtF1nhi1GJ3BXU2S4PCmy1ZrXnc9Ph
Hh7kgtnMGqsjKJqj64prQLjrGQu6VJw1zNMPyzCDa27H
Emrc6L7EFpKgGshiRNbRhPNUjuv6ovX4AFEqgweAssaC
AJYd7o71RALSSZo5bWvNXCEySEP124ofzBMschRUwDqm
9dzMNAqVA53JjafpAjZsynAXNnpZoJdqPLDV6jQtBjiL
AwZYL63YXwU3ofJSLutXcbph8bF7Nhb1paWxnyBrGhbs
FoEcL1kfFJ7h9a2ER537Ffkhu9yS3Wo8pJ1jPQxzcScz
EPh7neagJsby2eUPSteKB5h266X661pPyUUJhVYVBCW5
Ayd5dRhRHPFSKNWpNjFSxdpyoVPSeQP2ZWBrxwt5xbGJ
HDo5nrxzezAiFvZNVFvmZGFpGF5bPsjdAisCCGgdpzFg
7D1Hj3s8VbuSegSjXLLBJ49ii1eLRDtGhKh4wyjT3wZ5
trwp7xYpKK1xiz6C32gPiJN5dnJLdut7VhcrNqs9utj
27Q2dYtXDT4HPHe9mB2yAehPAVxnd2FDP62BXegLeBYf
EuNP6czc9S6s8kxMv6bMjm4tLVgKRf3oZED55zhBCSg1
54NVa47xPVE2VWCsbBxUK9B9HknSGd8Tt367dFDexxWX
F2qMHzrSbKRdNQX7b9y6Gm8AVwFeVFFX76cbubqa3T8Z
6ommWvksVWXsp4wjhfBWWdqeTECLyj9URaWJMrXEs5Fu
HVimhESU6NeKdUBPP1gG6BCERLna51sr7pWty2Zj3SR2
79jVTFJwwQ2C2wkucweKoXEqPRRFpynij27SbEq5SUch
2k35jgJEBU7De5tb6kSBjPPaWGAuG31W9vuFx8aMB5hh
DmWTJicjRMRw4xy3G6HpNdmycFkiEu4xp4etHsghBoMU
4TdHTk5NTwaq2ewyDSicQgue3usKcTqQJ21XR3ri65pK
4kZZXaCpSmQoDqm3AZQxEc4GF5s2nS7jMRPRPag39Vi3
Cjxxu4fKJWi4x6smrownX8o4CPXDs2DGNLNeWH6V6Tnt
7q9Zxofu4qBqkCcUSi4obdUwrpumMHPTuBaLJCHCFMgg
GFVqggtiT4sjvuwWoWhjkS3ud8eU7kk3UswPJjscjn6g
Es19u9ehgByAs9wV9rM3YvJVgATTn6ALEk2g3841qB7c
Cv2CJKkwJ4zeiSEAA5WNkq3aKL9xX9HwLGYgDp7VRTxt
A5iFX9kTKWASSC9esHjXYN51ZfVGsBdEpLqFgrnrBDsV
9KRLmVbTKp4rJEZ1Gxhan1JXu23po1WUGgPLn3CzHZzr
EL1tRCVSasWuizvzesVh5FCK6EQrLHyRdYcFmLpJqPP4
8zDLHuDG7hcwWsQGG68fTY2HUqmP5TzaLtvDiHq1hy2P
Y3JDj1N6nwEny9DrSnrpWwYVSLYUiuAsBDQKdwYzJrf
3xDWweESzT5U7j4787tiXeDBAjjDmnsebVd8pHTN3K7Q
3TFuXps8YSfivvigddUdYD4Cg2wM3a6rqMFHVN4QwtKE
6QvhW129qihjKuBoGUYLveLBXG71uZh18nQNQPBxGxnT
NYfYtmtHHWGoBFvKXw9gDZAz3UkKJLx56rS13i9BRJT
EGPTuPFdYWUYZCeafQU4HLBngwz3dT8XfbH2zJt3BJWr
A78YvM7kqoydyVbHN6jU6kRjvkL9zXjkn11m8Xbq7Gr6
EWFpSmqqd4egNHwjdiFGutqQ6K2fx6jdHW7EUS1ijhUB
