ASMejTJR2Fj19tQ5T4HAU1pYmW2fQJn4dqswCGVjWFnh
9Pmvq7nXxCiHfosWBK8Hp4R6Un6jXZuaucj26NaC2bcp
HQdfvZQtRTmyQKftw89qdGkN7qq33JJPdMDK4eiyr57a
FaCHBb7R7mEp5oQZcFuAPxtNb17kwMCUrVJ5zLKrktay
J953tnTy17a1VJBqxAUVq4hzH6MHxxtJp2KZTqPuYJ9i
EZoXYXVkRZVKuryGLRCXhnhykHgouKYKoxpoQHd9MQT9
HENypccepnygXmwYLhaJwdGmjX8GwxgqMuLvT9P7hFT9
3eucHmLaRJzL3d3rzYx94KvxcVhR4ESLo9R9hhb5Snbo
CYVikdfqKK1SmPasR93k1p6CntrmqGW4YcoSYQQ2TeVp
CYYP4j1yrjxCkmC2m1q4ByTQio5szs3a5hKAXjeaMvvd
7P4Bb1pCMuYNveYhg2j445cmTRCEGp2eAAtBQUv7Jz89
AgPhAsvcwPfT8bcAQxfyvymHdS9enkCzHDZP67ihS5YM
4H389fKsqzX1vHGDrtWDLUKLkcmMi4aJsA7srHwZto5r
4CVLbLUcNUdoXkb7GhEJmoPgiiv7G6fistNWu4Rx6T9L
CcD1xV91Y1hfLqH11nGQXD4SarXgwxwRVT6EdziJK3e6
3axWHxEVg5YUD7EfbxQLiEyVLV2fuKPHCy8FEeHcaeEZ
2n5PbADyQXeCMztD5wnZjF3Nn2w8PmCmqSQ68TT6Q6KX
F4XZQ9KqoHx2cGYjrJb5HMPp2i9TVRZZ8cxcmjGonxkm
3H1wvZqJgy2v5XxaMLFVtRnMeN6H1t7JrenehfQcn4qk
6DtPgUwXQcuvZcWrKk6x6RHwdUBZbsdiTqc8xRbfFkBN
4Hsiz7q8vfBizJWsE9RViFpbAPmiH4pBHcA7ksq5JTaF
5eBNi2JRMNzuusF3w1ELi5GWWUxRPZBnp1ZQs7hRqkbB
Fni7b9HLdAL1fPNHLYzQxAyZYN1y7MVKmjxhn8QnyMWH
EWC6ESChdBqExhp96XPMLXR65pXP6Ftuh1pPAVws4pmk
4LS39W56ud4kUvvuGXEUSEPqizzEDvjfZtmFDoLtHBKH
J93Difd8Nya2C8ii3kjnbPyZEVKPTGu1KXaxe5wRghHd
45nb485LKf1pEhsTab34JnbBb3wXnAAP3xh98xdzP8Zc
8kX16Yj2WBCz1sPXcimafGrutQkw3s3Swe9sR3gt3cC2
5tgZmrCGPTFsQcsb8zswLfrGuYiLp1LTuNPBvfrQb2Yy
vqk4rNkuaHbPHqCEf58R1na7QR7VFsZeYVqwxATJpRx
HMCuUsfswf8ngtNg1E8RgpcthsnjakGfSptKNqyzBuYb
F8VMNGZSfWNqkNbTK1kyytUf1wpJto3ceCsWhg2iSRr7
EUeFX4BL3uth2GVG8R1kj43ZA9cZS2mtgXeB3nbSGuHY
ECqhQeDXFKdAvuvhpnZCLg11TQxaRAjjHMnt9JZQBRaF
Cm8cYtgtfyULCzisqUnMg68aqqi12PGZScouQfJRfrG3
8SRzoLTMAc6kQSC4XBYFpi2u8qQfVicyjhMrWUbpfV3B
ATif9qWypV81tpumAHGEGcUdTAYSr29kLikH7PhDHty
FjLV8aGW2uKPqu48RsRJsArHNA5qJZda489eYzxgqj9t
37J3YBtSBrb1nRwHXabxZCspf8V7wZJjMVMZLpyvUh35
GewJW3eLePbtwrqvy62A1BN5LoB3TZxpwrFUfR4ZH2xZ
BVFTQzEas8kMPkcugksaTTuLnQJ8ESxtLryk4ngdyvjU
DkCnPWGbSozyQfP8Kqv4K5G15m3HcCYzmw4FN33FFXEZ
Fp44UCSopfQSafvFEveuA3zwL1nzb8uUkc326RdY6vnS
9xsxCmahruks2ZdMPFQdMMDiuWu8cW8PAg2kpKn6bJJd
8kiyp6yoSzEuvXQyR5RhwSZ41qmuX1hsNqsrNuCJrTTf
hRecVk5q8WnVt26PJgG8f5M768x6gyxKyfuxckdvDDT
FVdp4P5rcCH7J5hF2GCFuv1fdzg2VjGkk1CCxWrx23LG
88LhrXqovctgosaTgDZcW7trJgrybe2ACQcnERobYQho
6ykYU3fWNQnoNunJKDLSVSZWCMPoajoE8EVNzKCYs9qT
9vff2J53NvedyFvVrAcMwqRaxcQoAYnGPMFBboMRyS7b
7KUkZSx2w7AJumXdGhf9ztsqfmVen5QWb9RJYa6HnzmC
83RDmNdgxyhepfUARbrVGsyg2fENJ8muWCaYkG5mwoyD
8Nj7AC1oPcx2oC7Njihwp9Ee3Aez787kvww3sX3Bdox2
Fx22XUQE2NaZ2oMEPCAzyYXwqnMGWrKDFGNdqPi1pdHh
J8vxiR8o4NvY8wcR46iuSpSAjXhBwGCgrbo5LWA3corc
73tF8uN3BwVzUzwETv59WNAafuEBct2zTgYbYXLggQiU
8MkP7izHAshF2PDzVHJnMiXCAqVxERhSaHMZpfezGFzH
7goAzGmWsSgkwK5gKuY35973hEjiN3dmrQYG7MmSZzHF
CbXZKQJqYpMQCY6ZWexEhsaUphfRPGsE5GKfTi9VDCQw
9Th829BjZzZThdmLnDv2C2PGCnxMQLReUdfVAamsmMFZ
3oGV8ZtekVMm1hDSvCGfPx2dRVdLiNX6X8knF5gS7Z5d
4cKqqwoADnQVUAapaq1CrCwpBwbvCSohZPzB8aHooJjk
GwzmFfkvxAQ24v8rDULMi6Hkr3HRoYXMUw5hwfUpaZCp
51oET2dy4vCmZ1JMGYR9hbsvsLng1vcLD6z2AZp1uq1j
Ds71T9MhUu4DB3DPM2YigYtiTqTPD75DnevgoBfgQQUY
bae93fAqQRbzRBwLnC5ZeDt3j5uX23nD62B3pwvpgXB
3ooTnU4quRNztapYE5vVojHZSFqPeH2xnWC6mbbtAUSE
5ffREb952Gi9apxr62XDNhKUAUy2nTEExaPYyTnz9YFm
8jrbZfZQjfQ8ZkBjRnx3vcFr6Tu8wUAmbuw8q62VmRyE
7Pu7nd4zT4tytFNBRucKANZZEiLHfCNjyFLLLHa3qnKD
FXYWMBqVQPq9Rg3v1sg2WZbuANS58JfBCaxAkS8EBCUe
3eucHmLaRJzL3d3rzYx94KvxcVhR4ESLo9R9hhb5Snbo
9qQVj5MfMGaUyi4XgxrHtP4Zgwds4T6bfPw97ebo4wKW
24iifBd4cBp6tEhYNZvPvdUsCuhmrSXXauQxrumEz4y4
7YNiX6kQwkEL7eDbBB5FoekaFPzJ5jGchGd9KXEpsQWt
ERufTN9bJ2tjJTrwrfMFhogpPDjGc9QUqsaasxbsB2dv
AEUto3eFWHLAmmVRq3Vo2fmHXwte525jQGG6D7pN4RRd
fDrSwAtfvcGpvNqhMtFdz5p87yaXuS4wFSzHBEnSB1S
BcwzmAJunqVo7M9PHuUn3srQJX73bd9xr5fJseCDGAZm
2xAviNTmLU42Ni8B5Ae2vhs4Yy9X2nJ35AnEDzZgL9cB
4QiSnMKqH8weDJfrGCawZhPg74UwLnBoPAH8r1oXP2vZ
7Rc2EiHPue8BJasestxqZQT8hf13Z1UELT9Fm8ur9W2o
F15rzk8R8DHeskM1CFsuDKQidbK3yCEE5fSyd3upevze
41cAKAAg36PdcV28W78cwXq9o9XMv3vWfkiRGsq7Xa1h
CtBRWVTD5iUPgTE7213y31ngk66wFaUzx4M4cngqAHTA
DbqiZ6wRAA7vU6k1dPFN5P6RWymSu6FRpaiyxEYUMPtw
8mfSvKNsNfV1XFkZVJV7YV3igWdCJuJefV8GimBKvZsn
BtHKvqrVTqWb9MYvZ4GsMsg4mc5PhgaYFVdZnCwQDh8X
AEUto3eFWHLAmmVRq3Vo2fmHXwte525jQGG6D7pN4RRd
EYJeXjaJUxKt61epyz57UgQJXcrQoPRxsuxL637sDX2o
BtHKvqrVTqWb9MYvZ4GsMsg4mc5PhgaYFVdZnCwQDh8X
G4yn6VjDQoRRgqKVt1fp2uei3rFHWWKA5JwWPMM4eCgT
HXG9tUsmDSWcRD2ddRWcHw9aCmWxibacxqrpSL24vwpD
Cieqoq1xEonAFeBspU8uF2tR4bkAtxDdDcVDwFDtjWTh
EWC6ESChdBqExhp96XPMLXR65pXP6Ftuh1pPAVws4pmk
33apeLJZtc7FvMqWoLU3yWupJCN6ijGkKUD2gUmjhxe9
CgcU64egDxkkoYvVZYeEGQvt2Qgdkucd8MRSiTcXnHyR
Dp6QdjX4LyD8mYWEw63SdC7S6DJH7j2vFkBLPo2CbXGe
2qbJuGQTwqMkLTaYfWEHjuA9CiWSfoD4J9EFji4iYzeH
22PhWKxA5SRk2GYSLju2kufYPZCkzk1duPjJk7D1X2ff
6hK4TePe6J2MAMeb9AWcFwi3XCMwpp67BXaxuxFmNKR9
AE3SPA3rjyzxQF7nZTdnev1Uy7rqJxZLqXQLzCkti3qE
DAphBWYHaBQkRJCHpqKXmjHo2xTzhSWUsuDrSexkwrAF
4k9nWupp5ydkKxDYBZhqLHyfHeVwNrQcziMX8FMzixdH
Fn149efR6ecunpwmxWsh2ByK66w9tbVtwQmuS3tvL91W
C7joUJCjbFgVRzkuEZg6rCu88dRtb9BCqkt2KR77Jh2n
996Kb1a7W4mqbR6qxzEDBHJtaJv8bnpWmegLJxMtpg3R
9F9Ku9zQ8Vegtwr1afvqHNKKkjPYmWGsYtRoFFWYtRdi
9ej7a4re5ZsayUKYpU91q5UEakEjCwK9mFb93zDAKwUM
HHkbYGkcS9Dz9g1SvxrRSUb5ibiM2mCircigQqYqPkqj
2wQEXQXydHRveBk1rJEZm7fTTKcrPsTKC3S6XV69gK4y
CoA6BbArzsu95PbJixBxNezZhgbJnEQN7JUsKW8matcu
By1g7JDY2fHdkygkXqspDmL9jTenkYK99SMjZ6cCdTJT
DLbcDo43ey4NxJu8Q5T3jxdBaU8yjU8y57KJt3PVk5Za
EFpipurDmX4Lgv7V5TobgR6TMnBSZv734pgcZjWNkmfr
BcwzmAJunqVo7M9PHuUn3srQJX73bd9xr5fJseCDGAZm
AgPhAsvcwPfT8bcAQxfyvymHdS9enkCzHDZP67ihS5YM
GEVaf9qiMshrb3qJ13QrKUNruydVujtc8nNoTGw1GEW8
5nH4SNp9Hhigqmjd8spT6UyLKN8okssmWJ48uCGfWf3J
4jdeRxur282934sw8aQx9eQaA3tVUHgm4iiSdMTNY4Fd
9EA2P2FerQqzUV7s167v9fxRaegRHrFna18PmpJZQ8GS
22Un1xmw3RJvQ1go4zL8LtvwXmGbCf9f2cGU2EDoPjGL
NY6GuYhLADqWuYnJ8Mp7FZrhyPzHH4BX2wmxBCFhPkX
6ykYU3fWNQnoNunJKDLSVSZWCMPoajoE8EVNzKCYs9qT
14TJ82sAjiw2A8rTqGiBeseHp23RZqf3yZ5PovWSb2jS
g2q4tWwSoLzY2PYmYM6YB8167AFP9L5J1Mf4xJ5cJhB
2dD5qq1y23Fq1qLj5zJkZ2425Pr1dvtKQPMa6AGF6wmz
G4yn6VjDQoRRgqKVt1fp2uei3rFHWWKA5JwWPMM4eCgT
7RvtX4WGag5Ggy4oMtj2ni3oc9amEPmscdHLGvGQdZsh
Hj8r2JfHZTJPqQuz3GWCiu8sgAnYEj24f3eaJQhRerUf
54Mo68jPMSBhszCC8dUA8hJEpQxfjGFyCcTFGDJcTbvX
BVFTQzEas8kMPkcugksaTTuLnQJ8ESxtLryk4ngdyvjU
AgPhAsvcwPfT8bcAQxfyvymHdS9enkCzHDZP67ihS5YM
6KwjyM6Yq9gMGHJL8wGirEBH6hCEaudAGZ5KDsXvKENm
5cShNqx2E54RJK49myPhE757RJAEgnGKcbRqPVW4nwjC
DcxwCGCyJWbiD5y43pdo8Tr9f3Uj15NoVdNH3RMmy9wL
GsmrTBoALiurqDsxcMurQK9EN7pDbi2JewoDhJYH6Wxh
D1B5VVSLpPUhDow1SCSgX4TG2nqytASTtQ9U6KY4NFFs
AhZJpBRjpzP5NA998UdJ1aJpuXvgNzFhrTfgSGkFwMMb
BWvCdQ4Tipnj5D2reWSi4Gx2DwifFqwErvRpgMDgBAYV
HuQ123HYTBcHHiwpiPh8qf2aVz7a2iusS6DHckZgCJGV
6WSGcP7XMavdokAXj73xhUUaUrwvAgM2tTfQDEYCxpUW
32QmPoB6BoGHCAKLMyLv9hHJLiGqfi13oDPw1szudMBo
51oET2dy4vCmZ1JMGYR9hbsvsLng1vcLD6z2AZp1uq1j
J63PQ61AFhZXeupw9j5GYY1aEuR3R6BnAbtfqqAX6DQw
GL6YpsVBBS1CvWvdRjAyNXJ1Pfp1LXxwRYfY52CSwvGy
DndGvbmoB4NrHeqa9VEgk9nTmZL8XogLMsqq8Guv15qJ
r1QHFARyygf2xA8mTDekHmugyL9MiLfAYGwwuATRJuj
APms1YdSWwqDgRdtbgXdaz8u7z7yNr8yePbyjAoFSc5c
5iDcmVaSaskGaYt28dAhTw5zWUC9UPSqsf9M384ofg55
4LBUPX7zfGzqdho666K4ueu9kipXkQFoCpNCYmQwdVmi
441MaEum7JdeQWio1RkDMybaXEVvbjXePB8AL6A8NyfP
GZ7dL3aqcVwynsidEqLTUnsHf3iK5wvNFsCEJZvoVXFe
6JwD4HWwNhq9joSvyr8ic9tPJGc6FP1Ffv6EyrvzdXsD
AbgicEN3npoAGUvZCJWpkLkniVxnEdcsFnTHCcmhfUKF
ELNus8jcmWsUAcjDeHGCRGayqy9d7ScR1Eh5e6AUYKRm
CBs38GrLkRKrf6ciZkBbD14BmW43nLB5Hj4BX7UkNhLF
Pw2SKosuxxarpr2JxPXcjgdnLs6aUDg2UpJwbbSvzRD
J63PQ61AFhZXeupw9j5GYY1aEuR3R6BnAbtfqqAX6DQw
B5oCkvAuTiA25bZbLFzGNPNx5Pj6sD6XBRXvucWxdEhp
AAP8XjE6PmACA5nhA1BgxgyzJqyD1LQtjbbHAX6NiatZ
AsxYivuyVu6znDgnwenpLSLvkZDua4mGKxTvM2JgoeDU
CvVWriGBmTsq91AJCDfuBWfNrvCtjbD1otqXJrAtgksG
8kX16Yj2WBCz1sPXcimafGrutQkw3s3Swe9sR3gt3cC2
CVAHRzXua8aLUW4VKScJWKCJJuQsc3anfBAwyWgm7JTq
77odmH47rH6EByoqx7ud1PrzHUV54VHvCyz33vwAfxJ8
HBBkVN9gc8jwsLWkyhW37UQbN3JCeBAK5mCqzdrWPTha
8zfdGUKpemtzs2Ypb8reoN3A43o1ZkbwFCBNzpUeFeUo
BumB3NaNkK9E6FLsCALqP71HgMZDF1EBigmt9p7Dckw9
51oET2dy4vCmZ1JMGYR9hbsvsLng1vcLD6z2AZp1uq1j
7H5FHSDMF9YJFP59kr1LnXzPNJkxLWUuM7QVdUwSyv8m
C9u28tV9EcKf6iqCxcQvh8M4fnxtWU27vmS3gVwwVKSm
9ej7a4re5ZsayUKYpU91q5UEakEjCwK9mFb93zDAKwUM
XGFZk186maEp6FtE2YMHNXiY2c9kTkUu88ofnnBm94j
9h4oCrSvck8U2WBL24fPBQQg6q3eCocftZsA5GtugyU3
E6cf5us72RkxYu8hSUX1GNb1smNVAJhtDd1Gyafzb6Bc
51oET2dy4vCmZ1JMGYR9hbsvsLng1vcLD6z2AZp1uq1j
HoYSJxi6u2hWzd36yWasSE6B33g4XJVLtkGTLj6a7g3r
EEUHeJFM6mUeN44v3kpepHXXBcGY8xV38TjTNxHEt76U
3EXmEDxbPkw4GeAcja47AtYgVKjnXvrPUdJpXqKvNar2
2Fkgq4zP6bteEVqb4iiNZveC4KdjWWF3P1t7QMHqQWr6
AE3SPA3rjyzxQF7nZTdnev1Uy7rqJxZLqXQLzCkti3qE
FTRT4QtQVzhTLTfU9Da2KMgbQPmD2Rtr52kqPAuEkGBn
6aVxAU2nNjSUmDkSy5zgavKcZNKGov3xhi6tUPLnULLp
HbtTRVjvhBuyvV4qeBYyEz3YsjNQFgTZGXcYPdtKWdTB
3UzdWiavQL1R1yAzZfFL7644ZFLx3BgSQBjzMxoLJy9Q
7s9uXAyZ8cmpnc4ukL1WEz6DFEnGy3vdiHzFtcxeXhb5
6vPbtxmJmjzoQD8P72W2fqYbyHh9WNsDxLkUVq5eiYes
9ZWCXsiLeiaRCRmtnZh74Gityi3s88Nfmoo5LbKQncsK
4us47W1bnHCqzjzbzn5ZJwjxnc3RBZqe4Lkid7TfNQBX
7KHx2Uc5qsqz652eXbu8Qtabi5KLxWJLgxFzcaBzP32i
E4nDoRPHAJki7vcpExGKqMA925L1WBZD7Ap6rQkvNKFL
bae93fAqQRbzRBwLnC5ZeDt3j5uX23nD62B3pwvpgXB
FpSrQMhnYa8YRnEQqKstyi8DYsMvET71CPfnmJkBSSP5
45nb485LKf1pEhsTab34JnbBb3wXnAAP3xh98xdzP8Zc
7KWDs7AH9pFYsE75cArxcmtD85J7JKajkRyQk3Xh3Uqq
AD6h853HkrjmK1nGRmrVrDHEQj9To3zoQs3DvpbiPTKt
97xAKp8FjyXkiYqTtYWN9ArD7KxTevzaCAo7VCcwLAsK
AUCZf2bCy92cf3JsRXf3LGu8D83bFoNWkULRX4KsePi6
47ZJRamq2rvTVxcFQFs2499ixJcmSXCKgb5FRnifYNsK
9GgHQuQmwWmiha11pUgm6ywqQHjqMYiN6FbHkhUUy69p
AG88dVyfRoytjBW5G4sfCCsnTa95bJCsvVtv44PhPz2G
C9SfY9PgzRurLVUj2qgoBhiCmDGN2ZkdShHH6RmAZXqJ
36nEdzKceg1fgMgGQp3kmiXicqZM4y4e7GRb3E5REsaT
4yTXqmm9m8WNJLzVu9mRxBPXXMY6wkAbzBYvwjAU3ZDt
EbRHtTVqttSN3qXyGTXVqGFTxPd5qNGiTQXuDw6tFQEc
3nGQaaV7QeUeVcpNzkoTsiLU8oBii9qyy5LqAhx9K6FW
781GzKc6aZPcheyEhmeziGWNgJBhePtVnsRsSCvrvWTC
j8oLFiDm5Eiy873RNtY2Z56b1DVZrW8i67mTR1BLsLn
2n5PbADyQXeCMztD5wnZjF3Nn2w8PmCmqSQ68TT6Q6KX
PNUazbVrdxgkHu9s864orN2nPAD7P6LbdMbCbgLUBki
Qc5SZNSRdXfVxbheZgz4FkfRH47UcYrv39adXhYcLb3
6DDDdpRbYX4PnsHfc3jeepMib3K5bKTG3FMGBmKJnZDn
51oET2dy4vCmZ1JMGYR9hbsvsLng1vcLD6z2AZp1uq1j
51oET2dy4vCmZ1JMGYR9hbsvsLng1vcLD6z2AZp1uq1j
7srUnsGigLyApFwxw3MgNawzDrEkDYpjZtoQvBi6ayeU
CZbmLXFpJGzNabQQdsHQ3KWMkA44BFGrdVvvSxWA5RwQ
CKMDD7Xp4pBztCG5G2utc3kXvFqPJ17HMDPUwhLiHzhM
CHadgP58VjqZKBFH51EvkVduSbvXLLXDi1H7ZvWJKLfm
45nb485LKf1pEhsTab34JnbBb3wXnAAP3xh98xdzP8Zc
CHGNpSUP1m3jj4RdteBDt4H7fbw8UGCkVDLH6tFu3Q3H
99Pu4oMHeFWPNruVPLJXN4EsDS6jxUxTkg3YSUmeNKE7
AHFYN2pv4iPG4wGMTjfFXdXQjPTXMxBdLHvEDCBKqaBk
2A2w4ivTkKC58upbPb6YmEsgnR2m2Hi3RQiERUF6F6g4
5tU1cLjWPw5XD97amNXyETdmPrj3X9s8w1jSdUnd7shk
6zbHJGNdqq7PawynSgxW6csjVHAN9nm51uLNMZqpxZts
BBcnpuGSbDbMhZHugVRhURmfdFWkieXskLyHvqcFMsbT
7BEgnmvPk5kDhc2qeK86GozqqEvmWXcpQH2oDAoJ9fcR
96cLzjzHm74NfgybTci9tC5r3KWnpj7ZzZXiUCT1xfr4
51oET2dy4vCmZ1JMGYR9hbsvsLng1vcLD6z2AZp1uq1j
GsmrTBoALiurqDsxcMurQK9EN7pDbi2JewoDhJYH6Wxh
8kX16Yj2WBCz1sPXcimafGrutQkw3s3Swe9sR3gt3cC2
BcwzmAJunqVo7M9PHuUn3srQJX73bd9xr5fJseCDGAZm
AgPhAsvcwPfT8bcAQxfyvymHdS9enkCzHDZP67ihS5YM
4WMY5TfBAwg6oubTVh4WiaEPPiitbxMCJknUbewcd8ae
9KKN1iCiKGNRa8KBqEdEHqP45BxGmHRtfEfYRVn4zEUr
3JJwqKDx3VKcRgLMLbc3ce2KyNGupN5cTn4WKMWBezgH
GBc21R5emFJZx9TsNhNm9r8hYGhSodknuEh4F32xub7Y
45nb485LKf1pEhsTab34JnbBb3wXnAAP3xh98xdzP8Zc
8fqtDjTBTT4uTdvivSe76vw7b2sHkegVsbVtS3LJsG5E
7P4Bb1pCMuYNveYhg2j445cmTRCEGp2eAAtBQUv7Jz89
HHkUmGtCWDSy9juDafQx6KoYeAqUqpZetJrLDnvDCZMX
Cm8cYtgtfyULCzisqUnMg68aqqi12PGZScouQfJRfrG3
51oET2dy4vCmZ1JMGYR9hbsvsLng1vcLD6z2AZp1uq1j
7tMyU22ViPrhY14fy31bSmTsQK6rwc9q3Zbq2u5RkZis
3W6k67LN3uWouayqJ2va2tH93WDDsCnEydnzcjd41xPK
28tLPjFZf4K4WCjiQPnveiWAapcB7xXrbySnmgWCNtST
BPz1neBDtyQ1b8h9vG6Pyv43gxGcVQiHYNqFH7hfqGoU
Fp8Tn92AfVqBTR6Vbr1xK7tnDWLeBgNv3cRte3wMvmsQ
Cm8cYtgtfyULCzisqUnMg68aqqi12PGZScouQfJRfrG3
