ANDpsjZiHYW1ZPYwkNFrp6wWMm5sFWCBSWgQzjamAKjH
54HD3i7RbFdmrLLyyDVnk9QzDW2GCnjySVZF6P1ZCRev
3pu1mD1h4HK7vz5dFHyprHxNNR7bLg15yqA1H2TP8Ye8
G2qo4Z8Stfg6RRTePQQCQv5CJ8WdSty5kJ7hNNLwZ8ZK
ENdkTro1GZfdBqhZy4qqQiyXfcr4FzWS7Ysb1WhxNVJu
CWLtrhCFajzFx4ETiucpPJxgPWBHGqCjkY5bZyWk83DU
D56AJF8eqg52yaKu1QFSQcy5q3f7DCFAoCVzqTnPSgD9
8yoER6jmZDqUSLo7U31qmNUkUmALk8AGx5VBfDoJZd5S
HrcnyWteLGL6FnyYc6qjPoCKsVxyvHJBZyF3Zp5gETfs
3mtAFCE6Ntj4NSuc7hRrfBd1vSD3LdQJ4xuhMbwu9saL
H6cxVKgq3z1gXMMZtCjTAfgMLpeMfqS2VwZCW5Y6aitA
J4cWYFFbo3G6u8PB3QRSsUo1CkmvZxTc1ZydGWU13uaM
4Mmrwcw1oGpXBtHEfTT6sWNNxLTKcQ3wqT3rj6fE148u
BEWt5Qu74h3TAwVNuioBWBqxrLbTVRtMdtuaNFUmVAzy
BT9GXXty5H2d2zfpAHQsW7KL6vykyMJR1HL7cpurMna7
2v8qMWhehrfjUsvPzFkaYwikrzspDvPiUb86TmRne2rV
8PpnHCvqsS65114DYSGw2o7BXuLYGdGuskMCULWimGSd
DBPDPvSN1dNDYFrXoyhjCdsZ8xXVPRYYn1zh6Xdzuqbq
C11Awtb58SD9PzxzHFfDjw93rebwDu1hJhTHoKkViuAu
HMfDs337Y14eG9mtLx6vk4pG19ZvCEg3RZpL2GzYqZyU
Ft2qNNLveAqjaYPLkLkp31AxRG3j6JumQQkvJf2523xX
2YqsmbMiceHmGr8F3D36r9PA5NMsLwfF7pH2KAQ5hin8
D9pX2PtqAWYfvSewYqndJzx7n2U9mvF9EkuXA111H9AR
HU6rA7G1bZdyjttBvGLcFJPVyYgF8r6EdY5Qxz3LyBUA
3oZGo53nYTEzQUn7cdqh6DGDGYy8XP2sooZfBQ7x8afp
PZfadef82Y4r2DdT2GjrUfuLLLP982HSM2AV8d1TSrx
HjYDVTcQdt5B8f319pouF4feeb1b5pZrL5pAJ2MUqK2v
G4zfUakgQxXaLG7GbVCw9iWVsNCTtYjWExt8GwgsRK2V
G4wWeWDHEALVi29hmWJ9LwfVeUhYP6cVvFcTYda8iCSH
83RTR2WBFiAqxrb4thkYEi456xDSonUxhhcwoioY8uog
8FFsJpdBgLgaeK9rZ8Twsyzwz3pbNbVi1osnEBdC8YvT
8E5dqNxzTCQLTLSXdcXehfANJHycQMXfP12v4b1bbVW2
8zSxHzGUUMVhBhYz414fpeMa68f9thFirjFEva1FEbeq
6zC6DEY3HoHTaKoBRG9MtethZsACyYQmUSBjnsH8VXDL
4xxbMDGv98wr2kh9gPjXekrwAGaUK5fXLbrfdS1T36Zv
6ZcxE4jFwtbAcF1T1K3WEeTPxDcx1TxErdwFBNwxLBWp
3y4USRxhF52jHCjghHm2jmG99Y13dAx3SG3FVNo6aWsi
bkkKJAmKCNkGmVnrwNpRryhrfcujh8BC5sJAgMXYJdV
HobWEjbQm6iRPZbtGNfzkikBbKhn3YpZ2XNo8KFwJohk
3KfyE4FAYVxY6VWL4UBQmkS9HqRmDfydbNKcJirLZWtz
DvNWQuDhkXTHnjpfdt7K7z5ECEtnWrhk88SF8UKuQpmC
7ESuYCHVkypbZWmjJjCnHb6RTUPtgtH8XxxQiNfj8JH8
8wFxq294ziQSpmP6ytXx57qnYPLnwHQVknRX2MZVxSAn
BxZZXB1AaD4LszYy5SBQ2pYrCAoeWHK9qEsPPx3L1Wif
3vVXiR5UujZEmXFwn76UvmHGA1P5s9qZmMgfiiLh26qQ
7BNiz7QWtF9aEoySrCwuLUqpdHoVpyftP4z47hrL8EEs
DbhiX36MBGerPJyTeDMsjajnKHaFmfiiZ5YP8qAHButz
JAotLJCiVfbux4PoNVZpzgH2HQttDeBB4PJkhYtQjzk6
HGDVFk9YSemCBcWxukXUGELpJYTNWjpTugj9W4JJmaW9
EEK6WT4e3z611oWzpP1QSpHzMg9PgTyA1ovzFLZNkdtc
3PTW6NjoTAMEBKkrme6YcRtm3MHU7REARHTHs2ZihfC9
FfrSm4NnhG2RsLTEkNtNpZHopw8Uw9GTYDdyXB5pEEoW
65ybcJWEaffJ9c7xfGBidirL5NFqMLwRJnzHDiaDWPnT
7Pvaf6EkEFfW1ej3eiyptkuTJj4JjMWVbU7bYiVkAvkB
BE3QVbkvUkrmz6xspGMLAqBMxGmH9ipAJFYygBfzAvY
AfbpNe3yYbNk82pU71vU2TdETffVn4sMJbqDbRKsyHBm
FdDWyC4QPtrGcoCefxUqHw93P76ePBXeJ2sQcZJkjTy6
CFUB9zsWcg9Ry8TKr7xDyPVo1NTDNBsFQuGHDjinWsZP
vmuiBkcMdJdksF2gJerLFJ4maLbZtaHLZBqt4psdkTE
B1iLu3bADDAyLEoPh8cpCcMQFksFwUajE1AnDGGke5V2
Ep2Yp8ohtzauacwV99R9G8qr1qgcrdDteCashM84L1sU
CqVXWBY3j6s4V8xrK4sPQqxzUPYh2nhvnTCaVV9Tg4Sv
9X16LCL74dZyg1F3XkMDvYSA9XVJd9vBG5JqtAGWCvXB
4jSwNX7TEi2wZzAEe8rExyZKgGYwoTMrJ66BYHMd65qe
EuA4TYxfveAUjKwN9jB75drqDoMJdzwENupHdRssmWqs
6vNVFTkxhmN8TH8CVdckmbvDGnPYge4pUhypPdZCGHX6
BqZ7kUbT3jf4ctvj8wS7aoK8n4WaZWw7iGysXdr9H8LT
wPff7UMPorBYmYXhQ9WfhU77L7MyNYMdGpVBtG1sfg8
8NkGojkN3QN3mr2ZEG3hXT9rstjBnghEH7Lryv11CHJJ
9k3sgbUgMQ39U16xNV5MLQG5q71r6cjAiemwc4HiP1Yf
A1f2TdDQopF3GzK2UVg3egfB2fG8HeryaRar3BT6b1Nu
6TfF658Grez9wDa8D96HxizhjBKdrWWZwETfSoc44dnM
JDF1KLMvVdMF8hMg9qDFxRKZMY6KcKdzeRSjvTzCxbgv
7gepCSQdsghnPKZUq7jYUGKzKbcYcAZxyA9PpzggcWLW
6NEDVJgTGXEZPUoMtciWVxRk9gVydXq8fqk7s99ugyvG
GzYSAQc3PeQqXaFMeovZha4vChMh4mUmg3f8WXzFCkT
9ZZFHrpAWiFoDv9rn5KmcK1tibjis5sb189D9KVvndta
CJcZyFoiJRM4LnLAYxfAPKR7CboAWFmeY9Ps6jRqugdT
Fpyz1TkWCEdjFNJFo3X8Hx6JnhYVkQPYJom2nkUamwiE
AT7itBMoCBeUjC7gQ955igvDZsfZ59NjULwSBG5z6LGz
3e1qh615en6wMfKq9CxEPDPFqVt1TXYb8ZVpyQdCRgo8
uKQ7dm2npwPdXM13HsT4rCtvZqn7diutqYw5wCNs6vm
Erys7kMfbnoXbQNkLu6mX4QS935qGAPzaaPdgBnVp3kh
2XyJfVxwJhneRfXoD7fNUbtSpwSFLGT3g8u9Q9j3Z7oA
8NbJLfrRNAuR4sydtbrkxBNm3bvxkPtCuf1fgp831tth
HouNQBtvMVTPWjHhSATf1C3uoaPA2pNS1Yn7GAYDGqiN
EeMTh3YRGLdp565W7P3ZES2xGfYeyxYFaD5X4zeEQhPV
3DpQsf9tY4X8g98xEzDZWPa5GATYXnpoMPyyWHUEqWew
Cn1DStyZmPtxQU9eHLyiWqnEWUep7uKmjQDPLnFyyxkH
EqmYebmnp6khryiF6EYKzVqC2iX37ZGoH27qUNvDATkA
5wT4PH1T3wvDCRyjnHG3AyHPQS9m1XfiV8iKjPXJgEnS
2UudCXSzinFpqgcjL1xNg64bWDDaq7exYpE17FQ1TfvC
331HovK5sYVweGCfKKYVwxVbrkJHxGEB9Mshtkd399MA
A6DQfaqVrskJmxm3bRyEbEyQEcFwzUEyBkxyw8seD3bs
9BXDWihLJxodHYhqXTh6iymJkhk8WhguWWRTTh9WjYCU
FevCfUajL88kRrNGQZWHkpFc6rDSXU9sSZbBBG1UfxrG
ErFrY39Wm6TKAMBDKrRECt47ri6jkBDGpMLipPwKovns
2xJqRT1nA7dv3RevferVSVJGn76cYmqXfEQ1TXctsDVq
39Bv8RGJB3EYvr9DHypeuWLW9up3voaDhw1U9KFYgpMr
AewAxH4TDSsttCR2xMq3w7NyMtg16wd2mxC2zuk7LiyN
9mgki71kYh3AF9snRawTYQCgTbbyn5yrBJhhf5GKG6wG
boGeJu9NvRW28bDSnBZo19CZKb7Lun1JR32DH3GyaMz
iriGNWSFzpXw2qgrhV53i3z4uccX1RPAxQVugyBSZ1f
4KkKdg85aaaEcfkcmbGjFRmY7sHWRqa7uBSxcbqZP5uc
6VWy5nAUteHG53KUfNsZLxbAqfcXZxgpzycS8uXSJfHb
23UDARhYouMq7q5xEsG2hzaXJAH5XvvfmsB54fqV2dfp
ER6AFTUtNiS6vqUeLdBDMQsZ44SVtmM2pDpzi9KiHp5W
4KWKNeGmyyV1pKmGagb5KFAcUBc87cyvN6sz9rx9koEg
5Me6ksuCTpK6aYWUyFLLo9i2f85FwqySAFmsdGQdT6Q9
5cJbRkMHuYpQLvVax9VrTqfzvVCkfSQjzyTVieC2LhX5
93sSR6juNwzetYJfekHbUCsXh61QGzd4MjuskL9JKPfy
7U2DpwHqxM3aBtusCgtzEtTHjzJ2UiT9mgMuX2zT5RHY
8uZAmq32Yv9GRsZR7uD189gD24wjFL7o8JunE8rrG49u
DTucYMBFdDRDLn7sy3FUNAu6NRzB8crh2VexAo77Ehf9
5nV5q1bBP3ru3TA2qSQvd9HGnqkBWCniJrbT94tdVLrS
BRA4EQ7qyJgwY9qogXSjwteDvwjrbYSV9JfFmGVShpvE
8oKVvWpo4vS6rgnRis49jKa1cfqkM1SkhV9yW8Xg9SA7
9iUXatUkWAaAt13r9DtqkzAwvDLY13kBUUjD1Z5KV912
s9bop5cyRZQ4yZqFuZGjvH2bVMjCCV3Fw6fdtYbGPk9
AuHjHejt1gtApVxvNiDQMX6SKHRn2u82LaazLsVSCKUU
ExRwXRnz4KCjNi741BWfZoWq3K5vDccTvwdfpEZVcZ4t
4QZcr9Ghot5GxEPPbRoYtNYVfjHtn9cGnqBa6PKc4yVG
HFQTWCoGCHXsrQsdvutTL5UwMLkRaJ1BwfEK64ugMQjn
4F8nFYoskzQnfy9GkpCm595oVSzhKSD2fZeoLbA5p3GW
7BguUnBhKPvEMLvFPoe5rTcRYSTPHrvFN2sE4MCF9Rv7
D4nwXyMDvgSYkdgVvv7WT9DaxBWMuvTZ4g1nZuRSv7wi
uDhuWEdJ8JPxDxqwt7aHGZxuwR2jiEdpSEzHogFuf9P
Axv4p85DNTXQFRJKaXj5gNiGzwtbKVf5aC2pyM8wC4JT
6JTH3uQJryH5bq2xTUjcCvNdh9c1yem59mfRE3b3guqk
7tnxkAsdRuAjZ7c5LPD5Hjgx86KVbt5VNwvzFbC63YQN
CpSQ652B2S5uHzenw4iNSxezx5gz4G6JAT9ijBBVLDat
6KhdV9jKpakcHhm7fDyL3vsdUg5eoZuc9U85J32ihJ51
8oyB9SuSbhTWEukDqhQanwuMd143KgvnSMu7ea3rrZi
9tHXSm5QHTK7SJUpJQ22k5LuJkkvA3dkThETF3arY6eF
6Fw9hTgSMcsGB2z28KfBKZgRBW8xGXLwp39DSED81nyJ
6bRL6AvcoExK7miUhxRj12xCtWzLN8dggTtNwJELviym
233jfBAxsYma8W3tdwHFhEPTkoYhihZHxnhwgv6tHMw2
8HQnLCfcJi5sZCFEoxZ2sG2zW5CCG6tz4XdNo9wcVgpQ
5G157QWrRWpmXsbuPToaRTqo8mZ16HxvTo4JP9q186mh
2t7NzY98VRCk7hdrKHJwnWat2H9HDLgdAeepKQGnkt6Z
51st47kWBbsDgjmwZaWE5y5rY3vWoTmeWwyhJgyexRkt
Ee9x6aLaT4oNqm4Ht1Q2TZkDMMzUNb84RwQ6epBMWZ3p
FzjqTBXpcscs5Fvudtn4ueQgSABbjX7q4HXNdbvFJKWr
Fu1pmRV4N5Crf1yWZgwvc11V5S71RCK1fiWeqm23oJs7
FAb1j2rzfLd4CqJPkeJLBsmX1YJgnc5U43ttHCns4j8z
AvARdRZ5eKHdT7dpqTfL1ktVTGJHS39t58i65Dg9s1Gj
B1254g5JKbXBbhf83k4oJuBBUQNFYc1PwHFHTYY6uJoc
55iKtViVnTaTz27wQmiwwwdfcX5CpUZ4VbRhCveMLMH2
Gnd2KWr93WNoLvc2UU7yn3cTfdWjC95AJeq89oNNt9KP
6suFhTSYtNusSBsJ9PEBgag6K73ogRirKrqd7g25mmGc
H4MUSATCfvPo64tZLhwEryHJ5guTL6gEqASJuqtNn4FS
Ef9bJt6bDstVUs78PyBWqeR3ooExvCLcgAjbtZNHpkLq
9Xgdc2DGJZKc5HgPwCxqKowanTCvtJcKtZgUbTqz7hCq
92nG2hVCtKvrdHDP5UXcdf9LMay9b8z2ujoBzDmXKmAc
7hBLrSh1zGAT9V7isAMaRTDGcLL37BYv56mpFpQrx65g
FKfMF6oP3X7S9biNFrW9F4q2GWqTggJ2Zsay9fUHMjF5
34dYcSNGfSSVV6nvwKTX5PL4gSPk9MjQEb35ttM9ddGF
9KDLSXLusN2CYA9AZknJfb6yooa79Gdbiyud3kTfSsMP
8nnLHBH1LM85i9cs5zJ2RBcvLmLQPTDvZWjEqKpmXvR8
ExvFXp3m6iufKoBwZpJhDRSHi8QBLKjkWpk7DHp6RucG
HA8aTT98eNRLuC3PKKkKF2qdzLA3p9oAdAHggAyUKbXe
J6wxYaUQ1yGWCgniftsCVWrVNr7cLd9RWbkRVsdaGMkr
iTsiyYfQEwFritAKai3AiLVdKDFqGhdMrNKB4m232Xq
41ujNfQenbzHiMzgwULh2bPGoG3TbG9vqQvAvJ1v3t62
4wCojky9U9x5bLmxLxB85va7zt83GFg5ijAPnyREzToP
3kgXLpcK5jNZHLYRhGvk2rzGFtQJNdANXYjC1mwp84B1
2v4EeVYN9gnUXhvAvmPr36yrQx7ARqS3wNbXY5SE7tNy
PJQXkAEtvApwZvaGFGLwxNz6r6pdBdPs11isgov5qnZ
7hs6ESpjR1eDCQN5h4kT1ccZNrXKPTNvbYASjT38C4v2
BWqqtUMWhhh99EJrRMGdkApXhWT4BQZuua6LnKXA5GmH
2tvxihmxDsXRX3YkV7BaM4F5PqbV9nAmpWKZWevbyCNY
G2ETq79S9T5a2kDWQauX4tkg1xhEwNdiVMCe3Cu4qyLg
BMj3wXSXNxLXzVGU9SLSEyxAyy24UcYFC9a6dWH5rJCy
9sFZ8Vhch5PnpzJzpo2ZphZhXzXUvEH4LqiBZdSCi8N9
HVGjZE1qz3kR4V8qVLUBpQ6QA4Gh89s3JLszmMoxH1Sx
8YCRwXTgKAUm4KxbvJTrWUV1fouNvpGMp4fsH8uKiTTV
EmYkQoqdnxcGmoCpt19TcqU6w6C927kqgXd1qhj8ptzA
Faq1p4ydodXyUQ1rosV6eSUd428DsP5ZD3eyd2ohrsFX
7He7emBd6z4tig5ehSMLqjgaf7G7ZkkH33AfGXgzzbbK
GFPVDotukdtAWqGWGBKMEAXwyGFFbXuz9SmRj7a3g72R
GKNxRpPKLxJcGcqTarM9YRVmDJ2N4PnUDuhL492UawxJ
DydWzAi7cptJo4ezyp5Cey9xj8H4zFp3wrc77ovQp364
mYyMXqyJGG1HL67fGddb8aVpZYqCYCgzy4UayBXJXDg
6dJKrd5tsodybMqzf6UtJuBr6oFBZezNCnNSxBdoUwke
75kXjqzeabPkFLDJ3f1WzVe4Xg7QcLgH8K86X2nGWyKQ
EBgK4Zvi76BykFt9bRJfM7hLpoesCFqbx2G7WpAtKRAk
8iFAc9U6zS8aL3buVRiwmHzvv8rdeQ9aJJucxhGsvMGT
EijmzFn1oHXmsCXrE15J5QF16y8TuSAVrCXupmxLKssg
4dm1euJmcjR8e6hfPZ4t6CXEBNC9yrubRP7b3XaskeR6
JK3Xh7PHZRWBxUAMWDstaxkG6f8VeZDaZHro4togSxx
A8ojpJqAjUybU5g3ijsnFcmXiWCaeXFWXuWrNoTZg5nL
Bj2jP4iroPyLgzVSDn7yWBebqwEgbr9sSEZct6zTfWmo
BKHhgQaDZTXbkimLnN4b6HyKoXWumCeFtS9sf8sJDig7
BaPxUTZYo1QZg5hRhSFWpviG5di5anRVso6wX1x4N3o5
HWf1ZndU8v2uikmjX7qPKwdmyWrCeNzZgRFtNx7RgV6y
Bg3WX5HuXfmXfGABxEimVnQknjWcZx93nqe5erSswTnF
1peoEW1WY1uNx8C2w89zvqTuUpJit34ra4WgHUFfFnU
67PrkE7JEEkwb8pCd4sFLPjmM4yMLGe2ozb4PRiVzoXe
9QBa51HizQgofF3psbmSGuAuFFCB9ZDwvWZHpo53NTxG
Bgkbqbdq4uijbRbkwUe7WEHB3g3XFtpDMq9Q2eEpcmn1
3Ye4rkiHTaGZYmpzM4WsLzKxXPeR1ifhEGe9x1mFka2K
2niVXFwjHdAwcQpAQXpE3LuqwUC5ruRPzhV1CjmBKZGr
6ZjkYSHKf9zf8We7AtRQL2S5DUkWFTZS4qMSZAyLRXB4
A1WccR2Ea2iSkC46bH77kRH7xtTnAwskM1zZZJkuybuT
D5ikG83q6dNrdRdfjWUojGGAPwfr8Cwar4oKN2qMegHw
8kRVoSrLqKno3LHU45Y2BLry9vmTvZvSjXUYHtCbTeJh
4yfqTM79N8dBEpoZwjP2BYMTWT5f4cKTm8mBbXGsTtvi
HWjM2RAFWyGMWB8dicUw6CWYxyttEq22v5EShMyXDvFo
GfvgP5yERDwhR1syE41TPt9hFq72mFnVmNHZCBzjvtnh
295bYq2gRvWMfLYN59E8ktYCTDYXBHWzpdGMtD4XF9Kb
2BMSmeDdxMDoZ3fET7CHBShovrJYTAzLazKVANFfPVFX
FxqLrDWJQY9fcjixXsixqzuh59nJDEeDs5FZ13DtPTSx
ELPcvK1oR9rVysxttGiAVvgwaGmV3pXk1ToknoTvMRvM
HPZNeSxBvfvjuj76sXJbjkgcBjnxcmLQVkWZpscFzfcK
D7x68y1oB9eMw81SnntnK1ausJXrhEJg7jaWVbk7tLpz
5P9o6cLzbDi2zQBCbzQAdLgkuUxfbBxhz5LuZQzxHSU9
BokDEy7yspd6zBwofiZfL8cmpQNFi7iuGa4ZouGUUvQV
F6HhLXxDuA7vABuwKpeyZ432ftirKhsvidB4mxPJjuqe
DBBCJf7w9kqSJkxpWB4EugehqQhPqJZuymZ7nJiCHEFq
2csT5rYqGfY1fZtaLtMx7tmFQT8xjjYF1mKiMALuKHRb
9fY7qsiQ3kZjGUDs4DnwPZiAXQH2RwKnRGavTwnq29Hx
4PdPbdezLMeVBW7bf9G2aKuVf1F3Jhkw8X6HgLRNVQn5
8wRiqXuJjgkqodSWKiMstFBjpUxfF55XWq4TGDtt3Cxj
G6VNvAdkutxWCZh1pSpzFHefvdFxSP4C8ZCAya4727cn
7gNMkB14XBLmnxzcpSac99j2WJT2hD6ZZfRPLjj4nEff
5C2RHwMXnBX9m3JyS26VWoNX2qKWo5BxPqu3A8Kh212F
4g8YohP7A5WW8DbPqrxrbcUP3H8tCgnqZ47tx3bAffXY
FSX5515zneWz8WY9YcZftpxEx8nf34EgAWaZFgx3WaaD
4cU2CNX1R3m5doSrSXS78h2pFYWU5WH4MVZXoijPUkmM
CWZMc85ycpgcfbABCh8YjjyRinqztbd6Y2psYByR2MYC
u41aY4eWEsm9sYnNjZrz8H4cJQs8McozBr8HaJPCNvx
DtYm2useVGowiztZCUdQGYy2HW75ECK72j7e6qjZ9PoY
ARfZoQ1HSeLvPeqjKHL7u3d58u19CfUc88yew6GUWHj9
8VAsi1Wafu95XGmYb9itiNHPGtfSnYpgHGRR8og7ynUY
2tirJD8d7DntfVk1K5NfQa7M5qo1ScsVsEfgNog9t5y5
FMFpU3Z7YdSK86yEZiUc2ZBAVLGdVmpFD6YTzYLb8YcB
6G24yqCgNRZAA7BDsohHQ1CAAqDemQxiQHvBEr5Wj2Vk
CMBtVszrhRL9VD2xtPgB3mYcxmbzCnmP17gr3phvznYW
CUf552ufdgKmfbBcYieHempEvRGEdGdA9U5Mk7Pr2tFv
8yUYDGtShoroRhMoNJb1hdBDRVzJJ5Li1PBnQyq93Nsg
5otfGxVdyaJrpeEGre1KhAyPdy7iuoSgY2Ue98J4Em3y
44Df8yQGMcHcYpZkuac81B868YD3vgwvMtRgWCavRfb8
Bhew4SjUBQa9PhykryrwCThLjW3vL281MeSAAdwXdoSJ
2vavhMrLD8GUHZfF85rKhfUtpKAd5x3zEQsJkv7ahhdJ
BWwLL2s38mAS5EjAJq8DnDjtJgkCKfpCgxsP2nLYDpbV
ADhPz9tt7XxgfvQqp25NCSXATbwRNC1ZLPNDsLpHL138
ByvfYuCNenWp8jmQL6VAdZ1XE4aRd5bJALE8LtqyQuHo
25SVu4ZS28SGwhXUhaHnhmoaWSYBfartWpkwGViF4q9f
AavDuZxUJSX1sc22PHrxHquiABLpoNm2LhtjeKQbs1vj
2h1NcthRe7a2HttbQst62JbWHA6izxZr4La6qgCDNfQc
FgQ5V6DUXfJQJUSGXnAUttxcyzPFkgqEdny1rf5ATizP
6FxhXZ5bVbaFnZaQX9HxNwjuuajb9GFm8XZXh7Zhoidk
49V59r9qvfY6XhYve1vHEGbsPUCWFBgLrCTb19Av9yg3
FyW87TnSfJENrqDLGHKMyyZxsoHmNooS7f9wUn3FXyrT
J3muDexcBhH5mhAxvkzK7TPzyKB9pSToq6HH9EwykuY
4NHP5x5YobzwYnNEQDdwMzXxXHW2qCji7eqXGcWNTX9j
Ap1ETBnBhxLQuBKDsyswHTefr1n2Gz24PWS9Wg1U99bR
Gqw4SpiD9M4bR9YxMjdrfqXVYzH6Sx5ZYDyXeBkyP1Nx
By4rD6D9WVGshsUEyL8rkEgBypgKSKSbcoX8oma1LrH4
9rkRQNadWuY4m4Fspfh2juY3eky9s9N56SB2zvtA8GqX
G9gBzoPgQFrQCHZ5UcM3PNTaUaGLtQ78mGAknjdBp8D5
23rXCnpL5CrjaE4AEB3AP9xX4nQ8P8mP7sBzHTCVJLw9
E3urZaqgFGjcjuimXHL4EPX6WGrSbyTu6TL1DZTm8bH8
EKj55kk6tU1SPFczfU6pEBebRvJsoop4bSTXeGpvrMY1
8xEL3YCvt5GtwzG5deH3VbxdA18j1F1km8hZycCZq6PF
XWiFbVfucezBLNX9fsfun3WpJL3CjAGv6jtRMJSfY8S
Denp1SwUCrHUct3UCzGq9iE86Kz9PdomF6cqVyxXw9Ra
57DA1AtTWhi9U3t3nukGAKDgVYuaNcBvdRsHiannd7c7
H4XhNFwPjr6r28MSrGcB7rHUCfNHNJvfqPY3fuaa9S3q
3qKq476Q2A4PfJbANcVRMHN9NqMdvueBf5Exmdx9YbeL
DHVPKbndLsEfSoc5SwKFE4GHULxFTAeriDR3S6NXWG3s
6cdnAP5R5VBntFTkB5g5Zq3F65eMHLyxsY4QZPhaEAGA
3Xp3m61fefaqLVzVnwwq2GitriZzmRfmHC5B6KzhVRve
7GnFk21Z7odrJQPKmpEftP7wMn5uQsjx6JwghwviEgvg
RG4LPNRch69PMhiYGMQFU8iS3Pztv1HFC8eNYWa1Fpu
9xrNDfH1hbJeViBkg72SUoczhzhnYCDCi4EC3qKmJbTv
DmhQ6trB5Xso1ky796GgkyRCU5RTkEu27df2xxWQZ1vw
Fho5ABBKRiyQHf2cvX9C5KUQMcPJFsvLp3ddZtk4ZAKY
7zRt1V7yqQs6xWjgTcWqsMdS3BfmHAAxgmhFMxvPY6St
GR6uVos6eyvCVBLBTJnGPWV6EMW8dR7hNQ1RcDoNSNwY
FWdZtGcB4cnS6QS6d6FSZQYfSxfgKkZ2zUEVihi2vghQ
65tK9YwXszBaw8cymJswtG8AhACExEgs4WRyHUCHXCn
HLrhfhSmbQtukjyvWYmGcrZoThh5Ui5PABQnBu8D7tW7
76ogeNgR23JLQ2fSrbxvFMsGi3yYQxko5NzHayYmxg5n
52Ss6o6MEFSGchGdBqE5NEABnUBZ28X5pkdcKychijdg
mfjd3UoGVMe42YaJ7QLMLV4izSNqdgtETXzGmzAPtyb
Ch23oeKwpkU4VxYZimKWMJPpWVYbWe2gt6g1WWSDD1xC
GWAy4cA3EYbhNHH5o8YDBLQnvAm5YzpGwKbSVVrFUjGj
4RVnUCGudsJ5mxz21X8iJKckZ38yfKpx6XW69Sw2oafq
DmvJGMesL9FT2fNrc3qnG2RXsyYYNqn4GeaZmhR9ST2G
BKJk6DmVZD14BF9ShBnAfL1NcaL59JNfuuUWBJy89VMV
J1fQp1xwH5YZ1oGdWFGHryGM3YtMqPZfZhgM8BVJ14Ue
HRCYUkXH2EsC5SVtjd4uG3vgx8sxASQpYqd43JwAFEKi
9YS3wwV9bsqVHYxS7W4azFsEjbmnMABajqt1z2E23MTj
8YALoaeANbX52hFmzQLr1VbM39yptEDzz67D5Lj8pL8J
EABCREK6hjHvBrt8g6JdHydXEyBymVBEccVL6M1b9M18
48hsVQ5QA8t2D3T5Nt1ZuAg6FaGDfqnA156Z9TcnKdHS
ERR9FwcprqQMkGVeetEsDrY9ZwJg5T4QMNSc5xetBmnU
7CX4L18RCGgtomrfH3xaH6fG1EFZSKrChAdLRkgRK2bp
245pN4y7SQJa5TespA77GTwJEoKCev2GUCjJiNsiCk7q
TJvk4pJq5KjPcRgWEvtbUqU5qv2enAgbosbDpGMKwaz
B7eKAD4t99kaUxe5dXJnKKEVHnrcS5G7rGCHqgMuU3JR
2mzCxMXcxrM2YXJmFKhUr3DLMmnbuba5HxtgdUVEpXvs
83noY4vHEK3phSGYirHi4wtYXbTnQt6UHVG5Ke6YprfY
4jxd54LSLXFaRWDQPud2BqxzUW8iMWvuXa11AAbjrEoi
8GwDgYucubhYh3nN3SjF78H42uVXFWms9orbwV3Z4kRE
GPdYX6gLHqmn4RoX2D5swFH1RQ2Rb9hQtKZWPrGBtB3o
GiLPgvNDvkmSigcj2QbdFCz1nrbm9RziPS78Y1PFHsHh
6z7Bq1ZR3Z9TTFM8gCnUbWCfCoh3wVq1ocLWxRbW1QzL
3LTD43qQipnFoUL1uPJqYwsKocmG3BQ77gin8k9yDqXh
52m2QMaQsDFaohjVVoPWrt5RoxbKfCtUs72YT8gjgCVf
6Qw2NKW6KnE7bRm413YsePb8uCqPdTPWyF5fVjW4aCDM
9aCEPqsD6NprJS88Es6C19b6GMFUFjfUpzNdNoSQMKeV
J8Bv6umrPjq1dNJJ2PHz4wMeLrEw3C9URorZPZY7RnMk
9ah3q2QyEKjEK5p1ybFDjR5QqahC6jyyf1HJV7qHiny7
DP3xAXvk4B9ifNVPuRmXk6oLysDtnBomnoRyawqdBk5s
CcKR9PpABuFTyorc1xSAy7zMkxQH6UAhLC4KXfhK54Bm
GvA8adSdXzSUfep3c4z9iLNEH7sGpWq42i3SF7wtzBoW
7aju2rd228f6SNjim569xapDtQ9e93FjBTyRahjvAevf
3sqinFdqLwFqc3pwx9kCsYLudxX7KdGud27QN3rdezyx
BPsaxC4ksZsLsz9oBx1uMV38ZFL6vTYMnbxuybxhY1u7
2nXkqsSWsFv9NneUuxWqCZfNvWyza6d9e1cGA6bfdbZG
EXuHVsWwBXcp359JVwMyXCdNS26HFwNdh1LZGUz1ozfH
5sbARSSctKxycCi2KXqpiLKFrRL2eCKKxLB5xg3XAGhp
6gWuu2Jdjg4VNs65L127ZCrCbRYVkXWJrb1zGDp5pjcN
EpK5bDLqDatpyy7MRiAynsspf3mosAFfWesAM79MdsXU
8yMLXy4ondfdb2yQNSt9TAG5yoTWk4ZZgtPMsd44FXWq
9odt3wPFiAUGMduLRTD5oC7sQBS56s3cN5XR7kXrTLYN
8c3pMFrBAV6GueeVGZhnkKJYrQmn5cJfHVhGftfQVQgq
4pau754V6WaxfvD3z7B64i9TLCEAPrjmyWt2MMoanMQR
8gVHfC5UwfRUvKpu4R1qYZugsPgatvbySx5GD7UYMtXs
2EF25VdUpfrBiEtTcP8aS3UHns9x18m7U3qJi6FkajHN
7RNyusaBFVPHX1Th9bjtwbevQEjF1b4JaQeLX5Vkj8Ve
fDQvQC5gW8qnn8cQFhftEnf1mktmqShSfbfG7ujrvZq
EbVAE54uM1oUFMYDQSfnSaguJHdvsoDh9Wg5YnECtb3Y
7Bx8D4B4gCf4uTyHJLjDVDmQwjpF1XBK23Q1wXKgm64B
CviC1TzMa8qsW52ExKdbHgEWgLicrFn5kCnu9Pgi3Gy9
F9VFVQg8CuVoZdgxC1M5ay9DjowmZ6SkDAfEHMtUQecA
B8GusBPHhKq5EeVhMtd1jiF5cmVLDJ2DTJbWLactKE8P
CspjLT9kcafDmC6ra3uMXvv4sBCLD1CGzHHGx7rSBxGW
BR68ZmbjxMBsDvtBoirmgguzHMYH3rMkEtRbwSN6KwSQ
5j9R2buA3q3Sznmf2nUuUZbCrvpxHWLsaSCDBQYnVcXG
2nLdNq9qwG4jwrZbmHMV35QeTjSGwMSf1z28JFhLqq5h
EZZRHPxKGhEmhqqBwhwgQFsNhmWXe94m1w2WqPhiv6XF
85i4gZoBERgVB5qub58qCFhFabz8uBUDgNjQGE2arDgS
GCQzeXA8zXB26LW9dcFb6z9efn3JWKaCdFsBTNPPd4PY
A4ni79je17DdCkWJUeG5GEB7xzNLvncF4qVSRHSjj3ee
G3R4cikkgJiEbxoX95Qpukz91xm9Ft9AeHu632bBUd8b
2hJ3QweU6k7u5smkHhQFZ1X471rUDPMDpdqAvvmuhFT7
G8XU8JXFLfu61uhncQHsyfUfyUKwGzDJti5SH451KVZ5
5jib2UienrUchJBp2YuTHSo9iwJWQRyv5MJ6T21g6fR7
GAneBwh86cLn2gnkPA9spYXocsVnYtQ3myMiPP5XRuwp
GChKDJdL8sKUTYUpCfP5b7EUka2qFiuNujJY4DsiFYNT
9a7E7RM9s67wyQDvqJbsLfhmKAXXeprWwD6pwmaEFZ2a
ATnjesdG1dUhmj7aeXrxLmDCpdvKg1fj6DPFAzzsv11E
7tuGJPopxDMfQRXdJMnkn4aZW62k2QwoCQcZHmRHxBZV
GVD2xNBTF8ZzRHhAZnwneTmhmFVKB6ZxLLMHjgWcBfqq
Ah4uL7BVQc3vb2JqFRZZHCPJVYQNuhX5YZD5T685uZ26
6UzF8GmTLNsvQbhAGEeR2XckTQBj8SPLSaJT5fSYDYe6
XbQQ4c8uJRs4BnG61ZitXqgbAy8bEMpHc2bDwpj32ku
9YcvcchfuGwyhHJTZTsu5tjYWkBwad2ZtwcwPAKSMtqn
4EipAfsboLe4fx373E9GmqjZU9TWKfGcqGG741od1adb
9qxaRWGHTZw6iqbKKzsNJj4GTD5cRM9BUwhQo2xodxS2
BQyfLDjpu5xWciz3Ex1KL8txbB3RUPsWVNFgeZJgNBGL
F9sf5CggUzkfztNsy6QEAgo6Ex7ancowvF4w5MYhqcrL
6MThPr17YL5LfNkMAacsdB9W5SG8Q91urGiPxXFELy8n
6uFELhMKLfDCRxkQGYMPCA3vjPaD3qHwrGWSw9WChmLp
Bs5YD8NGgNkYrXqCyueZGbLFHWyFx5ATP5Ya9CQ9K8mH
Goap442NoW81mECfZEHTFtoP7wS6JSNnv16zYX7ardcD
7pqWvEJbgHgNUUpXwqZCDXwxTG1chXyLtDckVD7UZyB4
3aZx8ScTAs1c9qmJJamew9g8QRMR9LfGUY3mzL2vF8Yz
27vfLoHTJuU7sMBGpq9Uj152rKKhpqTzsYvSvLH56QuQ
9C6G6f9SFaKyFBsq3PNVQLSrDa1mucXq2YTNpHT2oHiY
CYqRLUTGYMSEFUc149GnXxtADrMvB5SFjtBwar4GfwiP
26dtfYVSNVKT5QxcfDXo8hD75pDhZ4An4Yxm7BmFnxqC
CuUsNBeKx2tfiHQTU6mH7CesTPZtj5SNbPZNyUwwWuyz
HCByAx3gwbfcgLzk6EKWGnHpZB7sD7xd9psk92K3p5m4
ALLFLdciHThAZ5weqnVFDfrkup8bmom76vzAPD9FJx5y
BJBY73w3gNwgR2ioLKtDYPF1d2WFWtws3cJo5NfKunbJ
7PZZVsQuPWV9JfnJ5BLJbQrutEyxQbHMSCAqbTAoDiaH
AS6NDCCP6SoCDy4d6AVnWj2ooRihVch4U8fwCP6udWi4
3SEzWtrWEqyguHxn1s7HMu6yzMqPDkvsP8WyjCapzGQH
12vu4QzzZHSMenecWAJiADMmZWVnHD1ee6HC4V67ewSG
9s8yNXYu74NDZVCnDwUv8Bh2uMTSxfMcDn9TT28AsW5P
427m3b7LsnDpXzgTGeSdremipCboWFDwc8sEWHpzweMA
2dwJgRT3jS1tomrqKTM32bnsG7h7CsZDoFHkEjMR1KSN
CoZWkNe4RM9Y3nK6HniA3jn3fGnnyA1VLsyfYGp8g9Tb
GKgY7p6udjmBYHRyr98eFEryE4ySf5s2CgowaRzLjLJ9
AVCa72PDKY49ZfPe2RPtwm1Ti1YN61pyDhUS8dYBoGWf
CtpbpbGmkpk62uBfJepdMWGJ1A7F2VN8kmuk7c43rEKp
Foa9RMgMHUjev9sy4rY6e9ic2f1LfXeHhsK3ezfTV7Tb
2r6v2nQ3QBaMXbYLh4QD6zGuA2mUYD8Q1ysLqEftV1ft
7WV3ys9CBXBT6ykn3bNAQRqusk1XqP3apTcNd9ptu2Na
GZEsGWmFVu8VSG9WQBqnkFnHn6Ls2ydGDkWRfng19W5G
719Tm71wi7gWyQuJ7xbuHX4n9esmSRL68wFNH4pnLCnJ
AwmujsqC9o2XcU3ZZRfs7eGjNNNdJR9gURgMibEcchLE
GHqzX5pXzEpXBAqRZtb7793HbR9ZQe1cX1a4RqRvmwmr
8EdPmwR4WDGGqVa7AmKmuuRZDqa5obUsyFCZBaPqRpgw
BdvfUQTNhgw4avPR8yf5mkq7efgNm6faYTCgxfBnrFQZ
Gv1AS1X37Q5ku3eT1CU76XvApRDMxYKwr391MtJvTooL
