45nb485LKf1pEhsTab34JnbBb3wXnAAP3xh98xdzP8Zc
DMwHn74WRoFuFyzcKijfEohU8c373q8YfZquzXwAuXAL
AjdQkJ9wkEg7Y6bbmwMRPVSanHv4mzhzsgurmfd6EaGT
AM5mu6p1LhL2VdHx55NK7HKycahcvL5nYWMWsSQCbxkQ
7SkBURKvyVJ1yvAeiPQKz8CdSpxAMVHnvzBy5Robzh2X
7tMyU22ViPrhY14fy31bSmTsQK6rwc9q3Zbq2u5RkZis
3Zwm21VB7SYtYmVn2PnVj8qzzXzfAeoAifSoWNL7XZor
EpXzWLpXrhaKcbcv2v8MLu6pCdgAzZ5JD5aot4oPaKcJ
6BCYUsacFYEd5VeD4hEW2oqXP1pM2g5RGoffXGBDe7RV
BYcufhYPyrKqVVsJD1Gzf8UQL7q2wuGeLjPARXQH2vo5
5WwGBMUxYefqY1B8M19VMtcaJaZR453PpAP2YDED4U4J
BTfZbQvqTh7iVfUiaZq2Si1a6q3ve2GuwNHttrGammHe
39YD5rZrsz8mSdtyVCfwaG2cAh5Amq4wDAgqZEtgXLRj
GpnhtxpRrUkgfDaNW2vyU7yUC4xaUpPjc3mLBDP8eiW3
743n5tXasjmFuuMbMGwe5hRvx6jsuGMdf57PMhB3WMzA
4ZGAMVayrbjBP92MqW8iK1EiS8MSFA5FL82gATVzfkzt
FpSrQMhnYa8YRnEQqKstyi8DYsMvET71CPfnmJkBSSP5
4QACNpjjsP8HjsGNsRVkz8jCZzEF7WGZ9FSHoRNLoesK
EBLyVjie81BHWm59qyoRwEdRRXrCaCHrf8An5Hq8spQJ
6w4sP312fQDgCX6kjZZEegmv86Xtyux1kKhnKNsaeHJj
5tgZmrCGPTFsQcsb8zswLfrGuYiLp1LTuNPBvfrQb2Yy
4CTkZB8jGv8B3Co4Rog5DpYkJD2pbdQNnth3S4sbehLD
G7dPACrCsRSgbWw2HpKshxK8tmdeVkPUqCv1mfXpvjBB
7P4Bb1pCMuYNveYhg2j445cmTRCEGp2eAAtBQUv7Jz89
5ssu1FQCAxLQZUbSnFXAuPn2eDaZBTWkc5QBChh2yxAa
6mv93ppVKCfhwZkoMJjjQUuHQECUA6KS4SkLfteSaprP
28JkWRHJJ8SVqjZqDrwBo2MbuwfZm2cm3V6bgCHq89DN
DrzrZh9SaJJBn4qsX8UwrqhUT6rg7tj23zabRkhd8BSi
7sRAajpNsMhvzyhBut8vX3XgmeQMRcKKX4LqhAvFpg4w
Pww1ohVqQrmaHKPeYwaVT5pxhQxJex3vhM4M5ocsLUu
9tdi93RzFnejMNiipxZxx7KfGkrV2RNx7Z97aiw74wFp
J8vxiR8o4NvY8wcR46iuSpSAjXhBwGCgrbo5LWA3corc
AuzBWmHGN7e3pQ6Kyc8H8bpXkBC9CHLkEzTqHGQixQGH
9cBYbGsvSU7A54fUpotvBj8dw7sMA6o4iAv8DfHd3RTy
3bDeiqroEHSuWM5AenRNDevoNWpC1FtWvdxdfRt6D4Hg
CvAEr5aSzUWAkZ7idQ8uxrAq1BqdTLJsfebinzLSFCJZ
BVFTQzEas8kMPkcugksaTTuLnQJ8ESxtLryk4ngdyvjU
9ej7a4re5ZsayUKYpU91q5UEakEjCwK9mFb93zDAKwUM
2YRQAHYBdYVuqZYESoZDePi8desiNbkwjxxVUPA9UWU4
G4yn6VjDQoRRgqKVt1fp2uei3rFHWWKA5JwWPMM4eCgT
2PhHTtsY3Lc8bnmfq6QcnezpqcwdKYyvkvXVzjJ75Aw4
63wuimptAy4Q8ypw5w5rbjbm6RqnnB8Gq81cLchairKk
HxcHUPJeGP1YyUyggNUAqDLUfpye9YEBpMJBYt3QGgef
FaJyyFuhWWngjU31Px8z1h1hnowj3hXCDnvFXuLfVtGU
AKHkfNyVwi6muUYgkaXGFnWhBx41V7UN7bCsL1ujoVfA
6j2pQTj6ZBa9PVQXf6C7xUEijiok5yn5fyDvHDTsWE2E
2n5PbADyQXeCMztD5wnZjF3Nn2w8PmCmqSQ68TT6Q6KX
4CVLbLUcNUdoXkb7GhEJmoPgiiv7G6fistNWu4Rx6T9L
6TMaNDjid9dnwhwue3yFyP16zhBJy2uTm4nJr2sQBiRX
3eucHmLaRJzL3d3rzYx94KvxcVhR4ESLo9R9hhb5Snbo
