Transfer 1 tokens
  Sender: EzNQxWBrp6ydKtrZeGe3wAe2Xpo95E2eMpmFUwYfsjvV
  Recipient: GWuAeuRDpAwKDxnVEDRW3hYn87dw8K91ZLrhhZUCftnM
Transfer 1 tokens
  Sender: 2pKGnnVLxZyHgFsvL9cnyygZUiLU21LytTdNZqwsWRKU
  Recipient: AgPhAsvcwPfT8bcAQxfyvymHdS9enkCzHDZP67ihS5YM
Transfer 1 tokens
  Sender: 7dZS9GDe8R79acx1wumDASc8LrqUNnjShGJNnTwapbHP
  Recipient: B4rgw12B8zqseHTtDMSDR9Ad8Qsk1Qj35xx63wAkMYV
  Recipient associated token account: HMwwyxfghJULyY8txHkNc1NMDtcX2oHKEm4GZD2akxFi
  Funding recipient: HMwwyxfghJULyY8txHkNc1NMDtcX2oHKEm4GZD2akxFi (0.00203928 SOL)

Signature: 5a6pKA622muxLapPF57mkmXHMAFRchBPUGyq1zv4Fo8p5JnwmH3mPGGDs5rtjiJrD3PvGr794fhdZVGJYSFDThhA

Transfer 1 tokens
  Sender: EzNQxWBrp6ydKtrZeGe3wAe2Xpo95E2eMpmFUwYfsjvV
  Recipient: GWuAeuRDpAwKDxnVEDRW3hYn87dw8K91ZLrhhZUCftnM
Transfer 1 tokens
  Sender: 2pKGnnVLxZyHgFsvL9cnyygZUiLU21LytTdNZqwsWRKU
  Recipient: AgPhAsvcwPfT8bcAQxfyvymHdS9enkCzHDZP67ihS5YM
Transfer 1 tokens
  Sender: 2ZDxKnHPmyux7h2JrdhtWjAPLcqrgx5QFqHC4n93MV7S
  Recipient: 6NqrTWh5B1cDprwcU8RXyThc96Cjyy2VpCPpk6wRxdpM
Transfer 1 tokens
  Sender: 84zSMSUBhZ6SGgL1Sc2WE79tEtGWz1ttzEDt6D7Z78sr
  Recipient: Bcpg8YVzqUNPHxeaqrBDdm8Q1euWN2DaQRmU6Y6pWosC
Transfer 1 tokens
  Sender: 2zoEr8AHaX8EF4xTL6NYhCbkMQJgFKczEJkrRgnH8wpF
  Recipient: B1HcQD9fugxYPPXahV1krS58F2ePQup1VCsfZvJCY3Gs
  Recipient associated token account: 8BbypMeEkfuqPHRsrWTSViWA4PUUiCfTeauD7tZFPy14
  Funding recipient: 8BbypMeEkfuqPHRsrWTSViWA4PUUiCfTeauD7tZFPy14 (0.00203928 SOL)

Signature: 4ii4p9wzQbuHnqi3FXWP9ZzkUvNEruNbsjL8QvYCtZQPCtXQnERHCM8rw4dbshKRAFk32r17xpJuoN2jF6i5fBxX

Transfer 1 tokens
  Sender: Hff6jCmc6s83Ve3kxchFMqanffdcbX7kdZZmuCwkY9dN
  Recipient: 66oqNbfDhAAzaw8iYc69z8ZtMUHCnixUgrpo9599GtB3
  Recipient associated token account: DT57mgZodhoE12G68uL14obcQdG2n3Rh4UiH2mW4mLwG
  Funding recipient: DT57mgZodhoE12G68uL14obcQdG2n3Rh4UiH2mW4mLwG (0.00203928 SOL)

Signature: 2TUujHbUkY457V9YkZgmEsvEwNEYM2JNAuTuePJ9iGRsi3PtBbsCzoW3E7YoCA2xEp7yvkXuSi6pHqp98DVGJZz9

Transfer 1 tokens
  Sender: 5apvkxBPtQaNZo1wNNjfc7h61WjtAGmRd9oJzhHNvANS
  Recipient: 6fpE5MTyW4Kx1E9pLPPoX4KA29CpuQwsS21vmPvALUvg
  Recipient associated token account: Af94UrKAjqyP9G8Up3cydk4G78jA3x7Pse72xPUtoiy9
  Funding recipient: Af94UrKAjqyP9G8Up3cydk4G78jA3x7Pse72xPUtoiy9 (0.00203928 SOL)

Signature: 4sdWcT4bNMrgc31FjJonndq1fLRyN1k1GFEe2FbUMQdJo84USh9zQkFG1ojVxv9z3PwSumvEuNqGa8H8gAfuenrD

Transfer 1 tokens
  Sender: HVhMQ3urSkaFZs5sQFcZzjuBeigv1tGsGVCkLT5YUcoq
  Recipient: FxDsKXCVStxQZt7e9VikzLA3XGhxxPAhC5aGS3oermpB
  Recipient associated token account: DUVzY1kr5pLKYjTMXGUAwwa5rRBxmMXwmphx98d78Fag
  Funding recipient: DUVzY1kr5pLKYjTMXGUAwwa5rRBxmMXwmphx98d78Fag (0.00203928 SOL)

Signature: 51P2QYY6rUixV8Mp7HGBDDeA8GgFb5u2b9bywvGG2JSQkm2fpm2ruES8rvZu8KHiYrpJZHdQJBSfytUpRS57kmzV

Transfer 1 tokens
  Sender: 9zYRiGkEZqva96GFbj2PA9wJajNKRs9BXDJcJd7tFqpi
  Recipient: 6E1m1jQfPY1bk48NyN1GMwJSmxUbS9Sqr57DyitziLWn
  Recipient associated token account: Gzs1gdWf67RmU113mQsq1suoaSczzW6CcWEiwfLwt9wp
  Funding recipient: Gzs1gdWf67RmU113mQsq1suoaSczzW6CcWEiwfLwt9wp (0.00203928 SOL)

Signature: 9tVTfucMotLAyrUn7sAiv5KhsyDUUrs8GPXt93SPzpCSsX3nFPYnDAg8zB2AjnBBWZQafqrHswzLKFmMUX7sXEn

Transfer 1 tokens
  Sender: DSpqgBNjDMKisuZnNscPtX2CWyt2679bYF3ePacJwbb3
  Recipient: GLzh16EqPHsmFoP9Eyxw7ViZLNKx7zNT6dtvtcsHFUyo
  Recipient associated token account: G3w1Z5buEzrVP6bR3n4m3TxRVE8j8uR5Mzzqh1LF3Xzk
  Funding recipient: G3w1Z5buEzrVP6bR3n4m3TxRVE8j8uR5Mzzqh1LF3Xzk (0.00203928 SOL)

Signature: 3FQQ34nkhNHjLkokZpEFgSK8FfTXh9X4ddBcAKVBEcyHwRUmEcGzJt56z2y7r7ooRkdH1RBZsqagzoVppbV8jjW8

Transfer 1 tokens
  Sender: E6FspnMacsxeMc6xaCK8mouUGE2VZn7AzdBTJc1oZqsT
  Recipient: 51oET2dy4vCmZ1JMGYR9hbsvsLng1vcLD6z2AZp1uq1j
  Recipient associated token account: 9HY5bhLwouNahT4YEiipkjsZmD7zeaKWhNkwUbxicYC
  Funding recipient: 9HY5bhLwouNahT4YEiipkjsZmD7zeaKWhNkwUbxicYC (0.00203928 SOL)

Signature: s66xGV3FkFvnjhuBNJxigMoS6WXP9W8kCXkjdLMNGC886APzsp5FLBqaHZngSXpdjM5NMWahQV6v4soGpo8rhiE

Transfer 1 tokens
  Sender: GHyotXnSBnm8eCwEgLqAWtPNdC8x85M8BhhFCkNuizW1
  Recipient: HFqbempFrTudgpE7mZ2U7jsxfuJcgH9DMprLKLNdPs7B
  Recipient associated token account: 5ia3jSdLaeHnii28YQ2ji3aFEP8PJxkRfTfkGiFh8fmT
  Funding recipient: 5ia3jSdLaeHnii28YQ2ji3aFEP8PJxkRfTfkGiFh8fmT (0.00203928 SOL)

Signature: WEZ8LbZNhm6AXopt95sRc19CTox3oLs4EwCNAeGwqP8Z14RvL5n3MSNDPDkYT2jXp5cnVWjvZJtBRPrrq7is8sM

Transfer 1 tokens
  Sender: 4LWosFsZg8kFh71JsNi9i9ERKYKFFEiy7kSoi9KvdiRs
  Recipient: 96WX37vQhNmrYmE5UhWG1xFmYX6QM9X9vxUiNu3MtwYD
  Recipient associated token account: Fe4bdPrY9PLFSEPzQ6zRrFCeJh9YyFDGMB687Lg5aqyi
  Funding recipient: Fe4bdPrY9PLFSEPzQ6zRrFCeJh9YyFDGMB687Lg5aqyi (0.00203928 SOL)

Signature: 4xPfRPbGNHo5L7PxpL7JjACgmLvUkqA46K3sHbuP7dxnuJ3BT8QNY3fv4vKpec58ZSZWsEuxedURb82AFdMa9pCX

Transfer 1 tokens
  Sender: 5bbFpjY93vVE7xgCfXxRks8LYSMsFbzGDxnecQ7aaN6M
  Recipient: EyobyEVUraMTk2vLjqTiCUuazBzBRWQmgW7GUiUAv248
  Recipient associated token account: DPx1efbf3ojjo3fMSB6rdJ3qGGvhK5u4j5EW9kKd3Ujx
  Funding recipient: DPx1efbf3ojjo3fMSB6rdJ3qGGvhK5u4j5EW9kKd3Ujx (0.00203928 SOL)

Signature: qSfpigMD1WHLDqKBtTVRCMDPyjPEqV2UZB2TQg2VmSY3D85RR2qWuVF626beBjhFUXqPkzXsqrzixodYTBGbZPA

Transfer 1 tokens
  Sender: 5w4CjRB34niJQ7ug6654r3H7CyUWoRrbBeGPkSx7Y1ZH
  Recipient: J8vxiR8o4NvY8wcR46iuSpSAjXhBwGCgrbo5LWA3corc
  Recipient associated token account: 488MAUHNHY4S9aXArWY7Qvr2gQnmqSKPLxPRoawecAJk
  Funding recipient: 488MAUHNHY4S9aXArWY7Qvr2gQnmqSKPLxPRoawecAJk (0.00203928 SOL)

Signature: 56FML1SMRZqFzgj9zb8ZhaTJdKopD3wXVWq2c55bRD9qkhRHvQXXoRRe7WQTafkZsG6SUbxYHkreh1qTyWSRdZoR

Transfer 1 tokens
  Sender: uxWQnG8J7QTSPMneGMK3oA3pq9yWxMDJrSfwk4w9bet
  Recipient: Bg5J6ogzzRzUpJDd3KwEfHEnFwzUQTVciGMxrWWFfuAq
  Recipient associated token account: ES4TmkyhFajWRJK8NSFhDxiLCFzEJ5jgbgDmudB3CcbS
  Funding recipient: ES4TmkyhFajWRJK8NSFhDxiLCFzEJ5jgbgDmudB3CcbS (0.00203928 SOL)

Signature: 2azJ2Nh1fFy5uL9AAKrQ5Rwi4zfe58WKtH5CdnfV24ADZeJw4V6Gc1NFGkDh3puop1N5xbzMRGi4LPexvaUVGdQ3

Transfer 1 tokens
  Sender: 7dZS9GDe8R79acx1wumDASc8LrqUNnjShGJNnTwapbHP
  Recipient: B4rgw12B8zqseHTtDMSDR9Ad8Qsk1Qj35xx63wAkMYV
Transfer 1 tokens
  Sender: Dq3mm6vhFXYEUgxkfTKHfv1ANxdMXKGhLeK2kiby7BFw
  Recipient: 92DixzBQGg5kQFtf3qJu9azgqkCxfFraAKHrUcyzSXdr
  Recipient associated token account: GjNFvjNLVNNesrNAzpYqeasFdvytyFQ9JfNviRBQcZf
  Funding recipient: GjNFvjNLVNNesrNAzpYqeasFdvytyFQ9JfNviRBQcZf (0.00203928 SOL)

Signature: 2YQCGy4Q1EkuGAoroYUGSPhLv2qdVxNyA73a2ucCDu6QZeyWXTtrRZhJfLdYqzrs1m8MfunxDx8WNJwvMwZeA5dS

Transfer 1 tokens
  Sender: 8mTfiAnbbi2HNDi8UsB4SSjQ1Jn7MM3xTrVj7xkVtGA6
  Recipient: Cm8cYtgtfyULCzisqUnMg68aqqi12PGZScouQfJRfrG3
  Recipient associated token account: BSHr3K6rFmqhJLnJj48GzxUdvfjgXmxqUuAegQfWknst
  Funding recipient: BSHr3K6rFmqhJLnJj48GzxUdvfjgXmxqUuAegQfWknst (0.00203928 SOL)

Signature: 4DxQTHJ7tWK6D71ZDJh4APcCUh7wPXQaWALbRPyGwDzLiD2mW3DNeNomEcb4AkZ2XZd5L1Bk2KXTsxky3HZboiqL

Transfer 1 tokens
  Sender: 2MDM53HZ1aRbaQQpacK9sDtYeFvfmHewLLzwCoj2RW5s
  Recipient: 9cQepRHEXLZC2F2ncuK9HY6b228dQ7HNCuxZatWZXsNe
  Recipient associated token account: GCQ9MkbsdLVGGzJzJv784f1KeCC78epcjGheSZxkdExY
  Funding recipient: GCQ9MkbsdLVGGzJzJv784f1KeCC78epcjGheSZxkdExY (0.00203928 SOL)

Signature: 2uMMwbqmZVKsURny3jbvka1ARiwWyUznHxaZ4X8R4sEhtjDjM98JSRWFxsW6Bao7vQdko4Q1Yovw3tgE6ux3cJPs

Transfer 1 tokens
  Sender: 6jsH9cU8WEuSvcbmR6LjnWTk8fsKBMiQJ8scmfZTTpWt
  Recipient: C6WmdDdWMA2LK6Xw47QKufq6ze5pEsEc35vSpU6wWcyv
  Recipient associated token account: 6C81Tyd4zpUrSL9dkRXkWBp1cDacoaKFc7dQXnDawa8s
  Funding recipient: 6C81Tyd4zpUrSL9dkRXkWBp1cDacoaKFc7dQXnDawa8s (0.00203928 SOL)

Signature: 3WqxabDKAgcEg4wy8ayKwFQSJVmpAXeiYm2dGRcKaQwBojWv7P1WuvRmJNvArLcgzb8eFewXj59JLP485Cjq81ud

Transfer 1 tokens
  Sender: E8gjc8NgxY4QXdKtGeEnR2H4UYjhJ3ctV3dyVDNWYuzJ
  Recipient: 6bDjJpMQBfQn7tBJCEc8M2J5BKXtDcJHFp1sBPe3CS6o
  Recipient associated token account: 6PHzKgRAXQn78qc3ccimSTtyVA8EMrD8M9G8M7HpWtwM
  Funding recipient: 6PHzKgRAXQn78qc3ccimSTtyVA8EMrD8M9G8M7HpWtwM (0.00203928 SOL)

Signature: 4EcyE3sdDYUJW1yXMD9nmsC7gd5NCDDpizgEYaHFiptpt8GBkcZxxbtgZzfEj5mfD47FCnEGzkxSsUKXiFAGUthA

Transfer 1 tokens
  Sender: 4acnQf993AtAj1aeZJk5vu2uCzpoWRLebBxbLcsedeew
  Recipient: 5nH4SNp9Hhigqmjd8spT6UyLKN8okssmWJ48uCGfWf3J
  Recipient associated token account: Htoa7rLcK7Sgw2tDe3DbDsn1BiE4xK6VqNGnwVWZpfND
  Funding recipient: Htoa7rLcK7Sgw2tDe3DbDsn1BiE4xK6VqNGnwVWZpfND (0.00203928 SOL)

Signature: 3azYimzjHkhbc6ez76R37rk6WJP2gJmkjo5jp7jmbqkhSfyqiHgKSGT8SpzjvQgbNdTGpgrjHkentk5ayRMGZMfn

Transfer 1 tokens
  Sender: At9XNgs5Wzq9QwXPnGhLzYAFhJXqrXvMWQ6HmJDVbTUe
  Recipient: 9CeQYRt1eK15SUAv8AE6XPhh1ijhBF1dyPdGQGAiCfMx
  Recipient associated token account: FfSqZxyjehnEHyaU1TSjh8HKsZZzT6X5Cn1oVsRDrswA
  Funding recipient: FfSqZxyjehnEHyaU1TSjh8HKsZZzT6X5Cn1oVsRDrswA (0.00203928 SOL)

Signature: 2n92bmw6BRoTo1AfN7GPK7cKGUw3zKJkMZq38GDVDH9WP22RjNvnN2hNAZvAhuSQ9zQiHXbHPb8kS4bLYCTvaQ93

Transfer 1 tokens
  Sender: Hff6jCmc6s83Ve3kxchFMqanffdcbX7kdZZmuCwkY9dN
  Recipient: 66oqNbfDhAAzaw8iYc69z8ZtMUHCnixUgrpo9599GtB3
Transfer 1 tokens
  Sender: 5apvkxBPtQaNZo1wNNjfc7h61WjtAGmRd9oJzhHNvANS
  Recipient: 6fpE5MTyW4Kx1E9pLPPoX4KA29CpuQwsS21vmPvALUvg
Transfer 1 tokens
  Sender: HVhMQ3urSkaFZs5sQFcZzjuBeigv1tGsGVCkLT5YUcoq
  Recipient: FxDsKXCVStxQZt7e9VikzLA3XGhxxPAhC5aGS3oermpB
Transfer 1 tokens
  Sender: Hff6jCmc6s83Ve3kxchFMqanffdcbX7kdZZmuCwkY9dN
  Recipient: 66oqNbfDhAAzaw8iYc69z8ZtMUHCnixUgrpo9599GtB3
Transfer 1 tokens
  Sender: 5apvkxBPtQaNZo1wNNjfc7h61WjtAGmRd9oJzhHNvANS
  Recipient: 6fpE5MTyW4Kx1E9pLPPoX4KA29CpuQwsS21vmPvALUvg
Transfer 1 tokens
  Sender: HVhMQ3urSkaFZs5sQFcZzjuBeigv1tGsGVCkLT5YUcoq
  Recipient: FxDsKXCVStxQZt7e9VikzLA3XGhxxPAhC5aGS3oermpB
