BxCviB4hviwgAXuZscTiTQcoXd9pF7CdctqqNw3txKkT
3eucHmLaRJzL3d3rzYx94KvxcVhR4ESLo9R9hhb5Snbo
DCGCaZhzfAXghiAAsfbBdpQzFwYzRvbVJnjUebxEmSD5
J4a36nao5UWWTJKehvPZSR9m1zotACsEX1cf7LcXeRTj
C9u28tV9EcKf6iqCxcQvh8M4fnxtWU27vmS3gVwwVKSm
GX5RwoNCqaZY48qhCdYWJP9c2i2jouT24yw1dDtqZFmn
8kX16Yj2WBCz1sPXcimafGrutQkw3s3Swe9sR3gt3cC2
PNUazbVrdxgkHu9s864orN2nPAD7P6LbdMbCbgLUBki
CoA6BbArzsu95PbJixBxNezZhgbJnEQN7JUsKW8matcu
CY7u6f6TG8qPFxnng7LWAFHDF7zJX4jCBXiQLzgr3omR
4cKqqwoADnQVUAapaq1CrCwpBwbvCSohZPzB8aHooJjk
GGut9DeAcVyoQiMro1fMXm1fKU1uWKZ8HC19YhYvLuht
E4YnbxEMtg9988ogZrG2Bgmb5FhZk3eW7irwz29TpK8g
Bv4HytuReCvPRMofF9FoE2XRLB7SG1XsEsQqSU42SbuZ
ELF8eieJAgKHJypyvoWW6PiRFrEHCwZd27K5f5UmNgjZ
5ztQBjnUAaJVEB5sthWWf9XWMLeRRRpoA1q2wvNTkh7V
6BehKQ2Jjk9GZrr9JdcbXeAngig6FaCZmUhK9ficz7Cb
6aVxAU2nNjSUmDkSy5zgavKcZNKGov3xhi6tUPLnULLp
51oET2dy4vCmZ1JMGYR9hbsvsLng1vcLD6z2AZp1uq1j
FengiWQSYF13nh4SCEb4A6tkNDYALF5zwkvh1zAYWXet
917wwwdLEmCBvyz5fhXmfjL1YBakvkJEiHEVqpTjQf9u
Cm8cYtgtfyULCzisqUnMg68aqqi12PGZScouQfJRfrG3
7mQjmjScpjDP4pFrMLU1CS4H87oUaYrSMb2tkto8RXUX
3gBzKtuLAyPJAq2K54URFpg8i4hhX7JdZzQEFqKCw9m7
2Knz5oKP4VsjF9PkA7WCyZWZsBig6zZMcp9FH6aRLwjP
51oET2dy4vCmZ1JMGYR9hbsvsLng1vcLD6z2AZp1uq1j
GPVSAZqnyKtud3pxMLy5XgcFyQhBWomGqJjPHZsDkPXC
73tF8uN3BwVzUzwETv59WNAafuEBct2zTgYbYXLggQiU
2mSEEsrV1sQ82J1PztWQJ66GJzy5NeSDuFBozNeBqAqp
8Nj7AC1oPcx2oC7Njihwp9Ee3Aez787kvww3sX3Bdox2
Gm4FvmDqQxNCqRdmynNknqdYcMwitLMfqY8aLFaxDwSq
5tgZmrCGPTFsQcsb8zswLfrGuYiLp1LTuNPBvfrQb2Yy
EEUHeJFM6mUeN44v3kpepHXXBcGY8xV38TjTNxHEt76U
apezNrdNkGzJT5mfLsqMdUWcGmZwWRxUb1dUM3xXRwu
urKQ3q7qrRytMBhoJ8jv3C3743RVFaV3wE6fwPoxmmC
BP9a7nk1GJFAeLDJL1BxnXDRxzJviHT66w6Qcznz3t1X
AgPhAsvcwPfT8bcAQxfyvymHdS9enkCzHDZP67ihS5YM
6aVxAU2nNjSUmDkSy5zgavKcZNKGov3xhi6tUPLnULLp
3eucHmLaRJzL3d3rzYx94KvxcVhR4ESLo9R9hhb5Snbo
Cm8cYtgtfyULCzisqUnMg68aqqi12PGZScouQfJRfrG3
51oET2dy4vCmZ1JMGYR9hbsvsLng1vcLD6z2AZp1uq1j
AzmKB7i1dJucc5Ec1mxpoJor662CDFKAAWRstWDtrmaq
7aoCPhU5m6SeTdokjLk9kCmBQuYyhnHAUDb9RTQoEvee
Cm8cYtgtfyULCzisqUnMg68aqqi12PGZScouQfJRfrG3
HegbXqdSjyAarH8HQ8N8A8WVoQF1BDLRiK7GENaZyUCw
FJ5hcKnacavLz9geNZDRyDXdUvZHJBVnn5RLLy3sRtra
8eRFqwGtCZXapU8wayTd8Ppa79gv5SymR13J9kWQo74S
3oGV8ZtekVMm1hDSvCGfPx2dRVdLiNX6X8knF5gS7Z5d
AyVQRyzY475ntbfb48LSzAnqqpbGVuawikJ5qU2r9hP6
BFJCkFoTCwrPXTmNLLX7x43qfJY77YjCyavyRkYnFTzr
7b6eAwz19KGscTnfoSowcpLRiKK8g49LJ2UwUHAnGoNV
98Ua49smTudbsk6aJ3nXqbuoWaxzaEVLfgFF27xEYx8c
A5UxJbtXBv8nMpocD4N5SNHWKok6tEGUTQw9U9LXdjvP
J3EGnLwVBrdhY9PejTJYG2241smr9X8v5BjjSw2QWWo7
4M2oW3tg3nFFHSDZH6fro4n8osjCzKbSTf4Jk7VJas4h
skU11A6Br8HjAWgwFScGgsqzSyG7qQir4AinHa94pRf
Bq8Xu7sTEHVY2TSGpQxmafaHVcRNUbBju92AucgKXmR
7P4Bb1pCMuYNveYhg2j445cmTRCEGp2eAAtBQUv7Jz89
6cxR31FgTSxgnnS2cdsjhpbzyzYhpdJVTrxdHmnM3uBw
CscfVynGt6z23oaULLsRfukiJWRkSKKZzMvk5JFX5wgo
C9u28tV9EcKf6iqCxcQvh8M4fnxtWU27vmS3gVwwVKSm
8A3KSxmVE1rx82odQDeLqg7S3HN9asrAT7c1uBWW5Jbz
4zFeyGJQLckUkYYKsMiHCZwMeApJ4jHHykNWovKFaq9Z
CkxRMCEtvseDys7v78SKLMnPJsrFPTTCQWezobSQuDU6
8A5GB1e2iSdfpypjtvAyL19jGTYquVWXwMBBV6VDK7Zw
BtbxfyPx5v82dcKYZTU73Nww9esX1T31t9TPjSw4LuXp
AzjB7d1b85syjMDsjo66EY7WSe2M7UBYb45pRFyzMPDS
GRKqLdY4K4VhQC79Sa6EeNpSKchuXGKkZELPAUtg5UiU
6utXaBmMiR3WqXgkuaFU2EX4bHvUA2kC8cwdq5G1YeQG
EZsxgTx6JXqZS34sDynrFkKD1Q64Eve7AW8FjawFfovV
G25xCDc8J51iy18QCKfRbxuwt8Z17JfruFXtrds3QiDQ
51oET2dy4vCmZ1JMGYR9hbsvsLng1vcLD6z2AZp1uq1j
J63PQ61AFhZXeupw9j5GYY1aEuR3R6BnAbtfqqAX6DQw
GLpzNHMpb7vYH98VkGuUKcgPETsDWFcdwNscJypyDbtz
GQvVxDnibSXUbeE6gvK33WFhtXB1tue8MXkxM7WmTAK5
4eYMboemLtNmqw5PuG8TxFVZUxN8crFJZVjrRJCz89GX
F3hzbLTD75Shbpyu8tdztMhSrh9vZ1qMwTCopx57A5wU
MvogSQTXToXV7MS8hDbvfWGoELDtR5Z75SGMUNiUddN
63v9R24nrAM95WYcYhZjJpYchudhANCDUUwgrqnrzGF7
H6pPKHK9dNkvhofYHVa4QJxxcus625SpkzQuxLuDmgwM
9KJbbRm5qjnWBNZNv3Mhk2hEFqqDAYcCHuUPxnG7W64g
47ZJRamq2rvTVxcFQFs2499ixJcmSXCKgb5FRnifYNsK
91hkaS99AJJvtMJURkGrGy7SM6Rnvyeg2gM4varE5b5g
3EtRwc7takUSxcc7RdKSz9YE6KdiwfXW7hasj3yN5gos
BVFTQzEas8kMPkcugksaTTuLnQJ8ESxtLryk4ngdyvjU
BUdpRNTSxyZZXtecMuBU7eB2x7RrwHZDPzGGUwiZwZUo
MvogSQTXToXV7MS8hDbvfWGoELDtR5Z75SGMUNiUddN
DiS7bfj8zbcrNzS7XgTiqjh6L5hdWm5QL3x69EUbtwzk
FPGd7zePHejSeR69bDQHnCeHeaYrRgmA7UeU3epTjKUX
55YfFvwjg3A86gqMZ2vAie5eJYjbA9Xg2vqprnh4gYwg
3tt19kVnDtkeLL3kSzGGbkRzs7kMQbLyQKEtAwZH4jDZ
CYVikdfqKK1SmPasR93k1p6CntrmqGW4YcoSYQQ2TeVp
Ci25WjrikU27LC2DwuAddmaH873GitAWp6dgNPUVax8U
BVFTQzEas8kMPkcugksaTTuLnQJ8ESxtLryk4ngdyvjU
BrfEGRPH1ojup3ESByNv3amAhXhQqTuwmA9BV9DxhjTy
98AatykBWAkoJP1PdbeDWmw2UNPAnuz8c6joyw2ZgAKH
A7QEhKyS2fpmafFC5gvhfogPJTRZsEQk9JDMfdHiZqnn
CwyAnBZRGAaDVCBiMm3m4zrXNe4e6E8eUVgMrt4pHx2x
FpQjZzsgNvo5P8y9qtsSeMXERVjL8YUdp6otxhQfH7DU
B2HWFUruRZggNzsBRJHWMTn3zC9W3gYivhYr3WVqjaav
