BodL8WKkWprLMsregKQ67fYyUu14bBDb2uJDbL6xUCex
AB5KeemH62bvX2RN5qcMLTP6YnYpc3rCogBGdrTEFaev
EDsTrN3K7hmzwYQ6K1exYF3f89KHhocypeFnQBVGpbbz
C6zjKwPzhNiXQo94Rmt8WJyEJnYW4fouu5jydLMT7RW5
AXcb9PJK3TpVJLBs972mt2d67KHJFeLB9CBYj6Lyfwtu
ASQG6YdnUb92j8nU2JEXFCTfrg5NDaAKrFcJNixfptyC
CA4K3MhCBbpuk85RyZJEc5yywm7njJQKt5kgD4b4gnfj
96MmoEkZtb9MnJCJVotSpmVbthCb7L9kwMrSBHnJYE1y
G61EdPrzrqNiX4cqWUn5mBWSCsK69bWXhhNzVzUwZyRE
BiyBCS46xFyUNjakTKsnQD4r49rshb7usgZHqDj4ojer
BioW42H92AsymTLCbW75nKYzvD7QXEfJifXNCpoAVoUd
DHiMBgYRPhkVdDMdXT4VW4azKWZGfRhCiZ9voebJAGpc
6PZsEKfGtXDLZhzkVZcmcUC2A1BWCvJJXKVHyE3SPGQx
G615Gojbp4QzvxLAwaxDm1YecjVKAkHBYeeeov72a3hQ
544P99LTR3F4Ug63HqUjcStFDTvGiQkLbY2yW9jEULXV
H7WGqjeNXfb9axPgkhYLwdboBYwAyCaBweeKmue3crCo
7ppjr63GPWJQoPFnesmcWUKoihC9YY7ESFSyn9Ms5rEc
4ZoaoPj2g24F7UCEvs4Jt667XtyMhC28taYnq2FmAFhq
HZ1S9fUrbBqfjMHW6SkuuWa6Y9waW4WM6BJUXhmyxxEv
26osxDYTQStgVFhncg1YdFEA2c5vJSE1t5ANHw5KQ4U6
JAtNJ7o5FYKgZDPfv78NEVmFHkeAVGfixdwH6cBzmmb1
C9QKwQtqhEeg1LXEoAZj6x7TBH1Vwm5aTSXNodbnAJT6
6jBggp6gKbeg9py5nG5MJDcj2cDxJMpDwiGHoazK5qkK
6Jkyv6Dpx34RgMW6oyjC4qUtZWTTFHqFXWyhZA9j8Urj
cvpiUAA1gPMPUpFia33RbXVSaCvv7dKtCHgcsVfxq6n
6aWZ4fdvCyzqpkqBKbjdgBZBz6A3oKK5Vg81TXnhjo1f
9b1zxpvKhpwtHR64DBwMX37HrLRmFGgu57Cjj8Yhca5k
FkrmeMoNqhQST6tNn3uRkCQgBSjCHpxs1dTpbPgYVdNP
27Df3gvHAU6Dfcv8zKNzP7d69TEjPXAfDzWRGFUs7C9q
7bwpLJKrPoUhxbyZ8PA9vukJwGpD5h4wCTCYccBpAa7C
EyNvFWARGuxbf5pUrGA3MJ3XcWTAPbYqBSsdMKoMdhqZ
CiqLyZZ3WtSrRaK6BNfZA3pGqqQ2uUMrpxD8yJCcsLbw
75gNLDLtrCMgHVKVbypq8mfwVvBk7Qdt9ejgbpvAEqA4
9zwVZi9wKHb3gckhAupEFzvm2Y3iSaLRoBrLdEgVMypL
Damps2fBYBHxRokLqBHo1uaTv79K8gJi7gQeBxU6hQNB
GXAFMw1bsTU75ZzTJDMbFB3FupmNK5CFFottW49ycqPg
EqTPqN8VWZqUKNaC8PxgZdzYbLrmEG8y7qet1YNvCgH5
Gpq2ANBEM2fGYVTBS8h8ZiCttd42FQJ5pWtoWZijW5oj
2tsvgn8iM6L2fSAq5bC35wXpYLD9Qb37FVmWjrHV3BfC
2hsxCnq8xToTumcZSnf2QNXapF8k39zmRT69VJnJBFYA
4kxpN8uDqARFWfWtJrAgjt8FJupimzW4ejEZYaWfDoX2
DV4hXgyN5KSFm9DQciqbB7GmtDPJPYFka6b2GX8jQxMA
AzwWDK7bTiwMuMzjBGYidFQAQzEQDj3wPoMvPcUGDvh1
49fFSNhtdWF8mD4WVZ3gdqK5QB9AQ6pg3qe8dbjDE7Rf
z3bm6uw4H2jJsVUPC8DVnRiWa3CKNsb2ox2HWL9X3G1
Bobf7mVzQfX1gcqhzNtfo1qNUfqbrheqXvssEMeyLdXc
4fpCPWiccDQjS6aUwnBzhyjKr3bCbzCEqd9vYKkriyHT
4mUNfsp1QzPgnfaniH5w4M1JYuCUKeJE4QLBfcqnE7SB
2vcMJbG5znEgL71aHep56mnsSd5oKHcbZ5dKwtnc8b4h
3RJoCXTqeip3RST2CR1widVn8ktHbcH8XB5NzcRYNj3t
9hGP3bWZTqPxJEeRcdz4rJrbRpoA5kNVsuQwvKFGYnw4
CaSxm2cHJaJqy5UTRmHgTcJtdqKANkzM7n8Lqr2HGDby
2zKqBZwasTj7U7WbXJ2aYSLraju8J2CcrsDyhM6djejq
Hf3beXrvqwyCKokE9N9FHP8KMbBxB9QH52SVALMLiSvS
2XF7rN2bhWyVzG7rL8E5Z7rXKM81Un65FgCPMGeC13HT
H1QgHpSgbmuRz5tBdEBNdYmmdpqhxMZ7e5hm7MFVKyUw
ENxeDfgyxXpXJFFAaJeMaxm7gYWzYqv2QBBj6Q1QonVP
H2CBmYu6oa4W25MsRG5kVpeZXD239EZ9upd6UkF8Smim
7zVZF2pCo9n76m7VtUEfAZ3iSUpBvAkTnrL5u3F8DpcM
EiYJr8b9kXoMSNrwcsVJBdpr33dD9RXybjC7qvcJYhgX
BLXhY4HB4ypRQu5EHYD9XwhsjEsMrp4WZayQuWj3vUis
2yD1TAYLGWMsPgaDk8eorcDPAApUp6SLcc9z5aZDLVCd
81tegrahtcDXPgneaJkAiGEci7n8MZECbxyL11bvmest
9srwmg1z6zXQQeCHCLXTh6LuvM41tWNTohttYYeswBzG
7aG7yCPTApWa4j25rqatMGyvHXdQr31oJfESHKCukk7D
7hS6cbvSt6L9k7zxcUp4FJ5Sk9vJPrfL1Zr3p6ftHPEq
3F9AW9yUzVcMc1ziUfSMVGy42e3CqaUTjA4mouzbRwQj
9ihyrVUFo3FnUXZrQMMAR7pNZC3rTLA6Zcb2gpoQiutp
FrBvfDofU5ACir4mnsiWR32phmvToBZCm6n9DKMwUxBy
7UdUotaSPxwHKtLPjMdLc2Tgo2VpekVm9Wij7hFUF4JJ
667nkWzyic3PztaHdf8fAxLsTpcas3LC4RibcarKYGvw
AA9uG6fCJZ6oHQGoPcL4KSzLC5H81hGK1nXsovc3reRt
Cjp9CvYVAnPhLTqR4iuToUCWsx289jnh5LMuazFDjwVE
GrJbFDN2LoNV6PZanRgFkMkhhgLKcHaq8S5EZHc9faYo
4d7uHiMUGXDhvNxAxoiRRAK6mqkFyGXCswYuRka64agH
hPyNPk6AsirpEXnj7S7U31Dbg27ncCnNaecoqWxHiAj
ESyfB2bm6dqHfbJGFgC2poHCtKZBmMNEFFkyKyUr7jEE
HRHTyUR2AJ3e6EvEL1oZyAKRgL9G3zr476toNG22Smq7
HKqDmV5mdnG34FomRcntjrQkJdZXXe2DTPBrpfU7FLUs
GsFaRXBsAfopC1U4vNEGp4cZUHhSeBHVy2PLDYS5qpSV
FLC7M3XtbfzfbTLUbf92ZtoG7et6vujaNvGAsqeWG7PZ
J6cXnCHxMQz3bLTT32PhKr7vLJHLTKrRACLnunbh9HZi
HXtz43is8L6H19PPyRQmf1E495LhgTcFPJsFqN8fhNMd
G3unKxZV6RbZaHmpJJwH9UJSDAvgLKsonatUWFsWAsyq
6e4gVfrJ4i4zRZZfW51pNr9cMTdQCTNh97dbRsn6uCQ4
3rSs5LotFXjYUsPHifpCeeCmk8Wt2kK3gD8gdoABkJb9
9iRJp9SaxJ5GBMJpHsygBM7BazTwbsS8Kacs8qc1a2Gv
8udQcXTBjfs9tDj7qR9Ya1AG9xxFi6tQCCiYd5Gr8zHe
8xFFpdhfzeqAvixFvsqHjNtpBvStsGRzUYTGXVukkYHt
8ga6jPv2NmaydKKK471ZSkqz3rboYYFW4TaCqWzYRXCd
3pAYSEWMkSgFa5fVaxPeM1QNJBcgyvTWq9ka8SDN1vzj
9vGi4fxANDJk745gk9AoGmwyfFmF5zTVfiUidDuZw3e3
4QduH5hLs1FRX2DVUnwJxFepX6rkb95oM8iyokXmHd2f
B4xv42CevEmw9jyUCDzFhhRqra5yTWbhjY98Kr1QJcSW
6ACHwBUoBoZCQPLYN2mjtMHyH7oKLVmwxm6XMjUxYoJU
BRinDk3dwn5tYdyDt2etCknGHESkyzbLpi2rkBvnRLLN
8VK8HgUnrLhDciAmguVcu3NDBxLCFrAUyyWRAAXSuvE6
4q57aK8VvuPDLGBVrmQqCWo4m2YgK5k5ipPX1NNSSMXE
4rU3dMjiQP3pxFVB8T42gDF345wAFSi58x6c42TcrC7J
14XcJEYtXsxFFUXSTAdAs9WeuDARFtKqL41xDLjdXH7g
DmHFDG2BakqqugbNE2ZZnPQGmJ1yx4KLTWJvfG6VQP6C
HC8insCAckriETREzU8P1QEvsDtra95Zcr2sqaQ3c6fG
2jCpuCdeBnfx8trhFaBwjDqKqrpDCrhRxHUU3jHdJzsQ
2PiEue3Hb6YvWGUaXXKbCwN7gEJtLzDwZRF15xNLbnVJ
EM7B2Kb12BVtnurd1sVCY1rpYySLuYYDuELkkN7FDPQP
9Q2yR2BQZVytuvbG1oqk2UziJBX8nSSVjJyk7nyKfwxk
6Be88xhiFfpc4WiGpR58C2PvLPMFYXcDXFLmDoXx5VGD
678rgY7Fv2pT49MZKf17qZ2uQ4BWB4qkNt4QQnxMb3vX
C8LqDgtBAcZmu8YvyCirt5Csefkqodhi4GwToNq9DLqS
EZyqGNxuUJXnE84E94Ltor8ktY7xH9pXioQSQW8Zia9g
CVJtfMHe7GTgNuh736NgFiXW1ZJ3FAY6cNUpGmH4iSPL
F6TvwrXL8jWUk59mi1Xsu4VntwjkT2auKxFXYoerhEqQ
CUqeCbQfXL5p28gNmDGmDot3txH6fAT8EYJ2n8dpgths
F1nYSc8LS3KBMnXHuznJsHZwMXBVNbtWQVLU3dvQZhqv
8av6DyrACxWiYCxSCbZno4MwDpZDrNx7V6ZWCbf5EZpG
CBHP51eYiJTSw4AyaWN6U9GyR4pb4Y3PJQqV9uAP6mLj
2JikFjVaEyat6ubDaeoP4J9h6acS1bhA48KzVGCgMaNP
3Jrb5X9y2LTvuc9nCR8nHLw3FqtXe2pKmoCXDAveZqxg
HaLSMW4tgSTHa7uJRKfurPfbKBhf2oH2vhLKpnmfVuBE
7jddaf4ke4WtgvSMxUgVJAmrSn6W2uMJxVyZFAsiyQU4
CzReMZn2NFQBPMY4SJNAzsrHTN31Axxt2bV1s6mRTHyn
7PyP2wNpHdmvr3Qqqiq9hayUBgrFPGJfJedi5osR8e9c
5zCBQCoXuoxYqjwz7NrpGgCVV5ukLUQPFsE2iiGSQHQL
CMa2Uruw3nbTRBUESwd3UaaGreD24WKLvCRwBsHKWBC8
HqMYVXcvArrABsJmkdSdfNm8kkg8U5mUkuN2v2iH5BkZ
Ff8TipHJT3RrRyFGXBBHiZkDfS1HkUSVTiaUU5xCjAVX
CCbEpVDKDXfHJg2Cfai1wxqmXiWe2RDLusgN5jfL2KpW
ANyEvSEYpmcbm8eFjpFED2XWh7VKTomDEtJ1cTBvQJBy
FKwxV1T5ap4foSwW9DcjmEEKFmwJAJB3QgVqzHTY8rsc
2Vi9rmw6VZ6QiX9xD8xFxvLxz5MUse8V7Y5iyeE5E4MM
84Lyk5h4CzTH5Qmj2TPCVAMGHCFcxvz2uMZajMsaaL4J
2Qq47dKW32jW86tnpyE6e9ACDegnQ2VNCqCtL3KNsMnX
FoErCBkEjiWEkFDH3Vjb1zrUNvpBSWFNkaEPX9D2h3h2
3UTnoj6hVJqdaHxoo3K2mV2qGfLj7K7jqnWEng6MdiuX
8fuYCGVLTGpiNKJtcPzg6wMBnCcZ3mZBPwJEnRAdwH1F
6kSn2T3GWnyWbvm1FWXJva64isYNGmY91NB2g9rKifDA
DHWe5HmwAZcWLSyCVDR6pSLDioSdAMQ7oHd5NKV9gMbF
EhpH1Qx1nPSuuH2Z6JyafALSX3jvKkdoR3eLhqNA3ozt
6ZedMnwsEdrbdZgWNAKQCq7jccozWQ66Dr9Bh6vLSNTj
2erGApa7HC1xgFHFsLvL25C6Nfo5XXMi7zK9xh7E8R7E
HzC3tqTpcFuDFXTFoAmH3Ksgms6muJuUtFays1a3hYYq
CPG5pmfbxncXpTdXHY1WLmBHxa191JjTbpbVNxsTRQkg
5A4ps42GKgnNWShsvp6HtAPqyHNrSFu3ZD8N8uU8ZPfV
CDmmec9gncbT2tdkyeWW1FBYSLDTXNLz62FJnyH6ZFER
75d7XyK4CvvbPeh1dRkk4niyGwnuNUjNAeh31xrgbdPd
FeccagGbWgiVWvj4GLudT1dNnSPHXbvii7umtAqwKrJG
AU9XvYZbocF8zVox7VnspZXXYiA2GtGSED3XcC7wSnFj
5FekCozAU4PsxpfUFvbC7pKKgEzeTqG34CtUJuGn6zoA
9VYhdy52iP7zjeksJXK7phTEmQfL9N82fxgejTHVQdS8
3Ch1fkaE8AEksnxtPUpouJ2b5d5KWpnDznA5SuMGbJMw
2hStChxU3SCGL42FGqNENd1uBXZ3oUiwKecCV8YQ3DXu
4rhCU6kjofxDNN3CSeavXEg1kSGrTK6YJhZy2aLKvWAS
2Es98yaL518VNNveAJgcpPq3RqmNr7GZ3ozfHvUP4mDF
RLS8Lcu7M8f4Bq3xNhbC85486sWyZTYeeMgK1Dn4Wj5
7cCa5YrsLHM2zfZtXEwZDhyRoV45NT2F9VG8bwiiJKZE
DQt4vqNPaeKYshkzqBYCjC2HLJDKu7Log6prwroQhDAW
BcgKUrNqCFHqNnhx7kbBkz3z4iBkf7T6HfyLwK4sJQef
CESVAwpHzkC8SEZwJMfiqLTP4f5VcBN5qBisdu95igQG
7pZTRX9wTkfihaw1jAeSgZynsbtSafT65yhvN3CKp82N
3RdJVKRLCwDyEYDMeG8gX5dU1ddEvzR7FKmqxRnaHZwu
9DFVxuzFUWakit3Fn4BAeq6T4zuKqwRWWJWeQbYGf2YD
HPoeWpk7o2v7qruj7jGqQ7CBYE4PQnc4qL1fBXyFr3vf
A9RsPu4Tk2eB4pcw5TdwAKVeaYgVistfruFtWfMQPkXR
E7o4LQFP8JtcKkoc4GrFYKy7D5kKNECJE6U7yVkcsjYF
5KTRFeszydiwPbQNRGEdnxpnrR3hiJY8kyeiT1ewTD8p
7oHih2KTLLB4K6TpfHko5JaTcrd8BSu2pdwmjhGQKHRw
8QeJZnsPrwm3pKbAETWfnRDcRvytU2ss3AETGqkRcxDn
AmFCSpJWY7VJfVSF6mRrhjyTJQpiCtHagehSP42mpC1o
A5hYH9FYTu8ryzgE5rthwDgukNLPqtmfWKAfXQAUZhk4
4nddVPumiKG3N6dWk2smBePYk7THCYSyTSuAHXU4aNs6
8rPyzE1TSqSuf3ojfPPKaVK8YmefPTb2ywWm7TrzrYYq
bZ5AqH3WdTJatJ6N5KhAxYZJ3qvdD73Hyjoen8vexnP
CDbHYz2ZVknZPDxwr8miqbwjPjznM9iRntvBFryFMJQw
5bYPMaMDm3ciCUxYus88MoRpuFeJAnaodBYdDKk3Zu7f
Fo8nXhtuhFB3Qwobxq6xc4gQKkQ7tsaKRGESJpWGXbZF
7uLJZAoY3Q1mAVmueBV2Y9WGVPeit4fR2H22BG3csD1Z
F6ZJQYqGeB5LJDPDQJQRBnuLK2FX7jn9kwttZAyzSUiH
3VfzLXKKLW6Jb7WEFJPDwg73VqmWYzJT8ESAWcPjdFjg
DjBJEfrNCKTgetTR91gph9MVaGa3GjAbuMbGB4mXdn5k
9mN8QzQW4VYMKCd1qHXR1E5ttfZTh2imAwRBstu9vp7i
9HjkYDrZ6HxgHPNLdj3M3R49FCqnAbcqAfc6PhyLMP4i
5LsJ3YFHipvCEN1KkQ2PmEGzSSuMeMSdkvm4oRiuDgZh
E5Zmvhgbdkr2ATNsij26yKVX75WVV4hRkGrriwKL4sGk
8oLUMN9NTurE4H7jgquc4vS5gEHbPetAhaSvwTYqRPP3
GKAP5cYCziFo72WM8u7TC44xAD14xQ92NoLzTrFd1fDS
BT6LzxpXJQNCXTepFzpMLFBQms9EoBJj5khGqyN7skZe
9mMhA6HpSGFqPCdiCYURvbugmmenL37vi6sg2sCXS6cg
C4m7cmuXkgRTJV64vNKkNdKPeoxvDWRWcoKi6puTDZYH
GykgeJkNNLja1TBDKAPHjQUbEwXKtXoo8CsyLmur6jJZ
FSafLoBwzn4vBEtpJ8QeXTK2bkNkGME9Q9FnEjHHiSrc
Bc7fSei6LbmpAVNzoWDJXcBvN4LUFGX9UKuuQ2ysmrLM
8kSXpB37U7AZuGuE3QgCv9vUQnmh7RZ8X8v7FfcANJDk
BDuvNuBj5Ltu3N4hSBr68oB6XL47oEzGoq6uXYZMajyo
FFXNS1HMYWXRXXZBF3cY1mBJkUTArzdqCbDXXU1JjTbP
3mJoS2CxJLw2zwc8pxdyqA3FofZWCW3LNWrwrKtPCKLY
5LrA1dsAveJtW7G5jPapP8UvSo5QEExQP9srmiuG4TwF
2Nu4hdLATGXFbx6tzW7niSjhRaosb545XPGJRUf6khqd
B3ivQCt6GruQfZbL5Dx8ySxVQdvnLugJyM9sjv2bcqmR
5PstAtpz9rbPatTxYo4ea4ejsJj9gXzdhm2FdvbwfS5T
DsqugmDEsTubgHwBN5FSuXRFZccnBp1KfoXEaFsawfrC
8ENB6qRrPXXaXXYgFinan8p4ogoexHnwwmw9FSUm66Zw
Hk7uySXHDn6sCKweSbkhVbzFuXdNMYPTWvKoh2Vmb3Sk
6Co78mpSm7WQvzQgLJa3bQbv8cLDun8Tb4jDuTjK73NS
8Gve53cScW2pMkZkwKqf6xjbGqWkuv4f4MQiagYGLMdT
HCf5CUZ3sXjEUMpqmnQqaobvn5iedwwCq1EHMjAnnSVH
6GE8aed2f5Vbs6QPAhDuS7UMzrwbqJo18SvCt1vvDN3g
3iz549AyGw5HrxzE4TaGwc3dXFRKd6vHsSPcPxxSA2Aj
2QcCDm4Cte1wTiQS5Qv4QY9hWVXa1uXz9FTJeRU7WqYC
BxcWX1gGspVKKTkBur7pT5Kqykxg2eCWURPjH8g47jHE
7YLXa5GfoJCTUbueKKRWWdPSXtGndBwEDUSnFFHMDuMz
Exde6MJ875YsY1aQxrF4qkC3EUh8DGHkqo2DgefYFhPG
3GQ5NancG8wB2RCkJMJpcvCCJED4YRJVvbP9Rmkkbbid
8Hb15Ke3ekeaQKR2L7xDDjwWWVN2QhaKaoCs3ScBy3iE
Gtd4iWeRH92zEuboRY4XYKuGDHjfV9iAiFeX34WXL3U2
9ty1Cj7DmHPC7yevmfmekaxpKh1uQKtmxUBdHvmoYQi8
784wWNeAscVb8ZCfPrJeFLC4BT4BkNoWn4hXV2WRXcjb
AvesPyArU52tM95YzHFQdVWpcGkyBB8qqX44fXEZHCdf
7x68Yx1ZS3mgkGzSUTRyoYnbH2yaE88EMWWedeEbJwP2
AsGqQJE4qqfGCQ8HstGXXVfKTgWz8HauC5NNrhhXPmJv
ELGZWHuCPqVUf4nyBnYzWJ5NWvfGxKDf58Cv5SULbGj5
4AGX7Qn3yMayLjt3aPPNk3zVo6LfWB7ccxRh2x9iRYLb
77kdnjpxhig2MXoxSBthgZFwuVuhZy852BH6ZLc1eQ5Q
HL4PeCVVwpjFWmsZVRzXi6titioYzCUJDd4RYbzinYFh
31Tx3qWLVr9zjVYvPaeUJoyBvXEGPMhLQ53XHytvrt8W
CjBMyuKRS5gooZ44zKG9UdZ1PUp82xnT2Kd4oK9EorsS
GTeb4GLusLpaJ2vytoXYLC6jg3zRdurX62oFUVBYU6qF
6cxuKZfy5M1uvCq2sVFaWoa2gek9i284N3WxsE46cjqp
6L5RyuN19fjQTCMd6nufbakgSuPWjwN4v62vA3DmAJos
5vsPAoaAWdEEkNTPvwVbrdivnCKRsh7KBqGwFiS6NbKE
EQEc9CcWA5187QrQZbDcceD999isMPQC94YEG5LuJTre
Ee9QR9fCkSmKtGZ29g8FeB9S8BAMi17MsFj7Hb26WNxS
DFJNaEMQdVFrFqznVPyqoJGcebqjrCdb1md1UM2vtbdc
QYZ2RLd721nofQUXEGENedL3d2f6AMmMhfsLK4JPE5P
Bs9EFP6CXuWtuAgAUeTGfRmY842CCPSMewctVd7d9TZn
J2PHjPE2ZaijpWoY1SWSgNdNPSV3W7UNFY2dYs8fTs5Y
6d2zFHSHgxeVQJkNNJ2bwk5EtvsRnoLqsdw9tVy7SYEX
2BEY9tWGAjC3dg31vR92T4vdZw82Qoc4PorqjnHcBu1D
8oSyBBXd7d5RVvzSaASVLarpTPd949H89R7XYkyE798R
9or7uhRooRuZB5uZsm9k9LMgqbcD1nQzEDMYv7mA2nSt
3mqdjiyz74m5f45A9pMRFEqCApYd5UWVcVD6akTBnXrY
92gMjupsgK4c1feaBEHPwAzJHAT3iMQcxNu2Vhi4LESo
DxoT6HmiN35rWL5dwkVEmjKDepsMby57iD2qeJHWmN1c
AT6eBXK6VtvCEHkL8x6L2qXxc7abgXYcyDXxHwwD5ybV
GnVKTFsgCMTLoUnSqsGjeFwqHKjsAwaEDYNiGrjfaMwC
2RBjJVn7bFQGTFUnJuYCJxD2pPxPBRJqoVuxvSYZBCYn
87AUcZMYr5tn7EXrSCHcUHz3Ug5vpTh1co12QGJXxpJQ
cTAULGvduTTkMafyS2upsQVPbhzsnDmAssSgFgGaN8h
7VnLhoHmASKDeLDZB2mM6njwcpLfyehKDzrq7ns2Fx2m
6pAcrm4PQkmnEjD7XBssLYuXXBeBYs2SXSunjjb6pX9h
48HFteKUjNtdqxZKY5siMuj5Z6aRABBGPgpA9mwYDN5E
