CGu77ECCn7Fw1o2WWL8gM3QqdkDcQRUxZGEEvEe7Zhpn
FUbP8zY7nQj1bN26x2RMr7eLyarhNRofEqtc4JKcfhKh
51oET2dy4vCmZ1JMGYR9hbsvsLng1vcLD6z2AZp1uq1j
FpjcR5LnWuP3eqHLaGScwZnKEMNrkik5aWUJgJruz7JU
5K1s9Xi92qd4ZbvR6GPPv22MQYMVX7TABLLyZA74MnSC
FxC6gixguqfSM9bY32aGkoXxBW9Z3bfbH19T8Ydykmj9
EWC6ESChdBqExhp96XPMLXR65pXP6Ftuh1pPAVws4pmk
4LBUPX7zfGzqdho666K4ueu9kipXkQFoCpNCYmQwdVmi
47ZJRamq2rvTVxcFQFs2499ixJcmSXCKgb5FRnifYNsK
9U8SH4EnkKXFRwtpndWDk9M36UrtYcBfU7pyeQfU9DCK
BngigXcZAcKHkMgLyQo9Fuu6cbAP7XvhqUxdGK7B6AXh
BYcufhYPyrKqVVsJD1Gzf8UQL7q2wuGeLjPARXQH2vo5
7m7DxtsMcuaQGHv78gGd4C8jJhnx6PMy5oEibQV7dtxQ
FpSrQMhnYa8YRnEQqKstyi8DYsMvET71CPfnmJkBSSP5
CeXyRqzXX8vEcBYY2pXfWtiiQAPj9rFVJWdV3ZWemkb2
EppxE2vDF8cBrRmJ2BSYiJ1JtHcPFV48YR4NkRD36gHZ
CdyUavSGT89LmjgS8z2gLCUQZYBBqvHWqEHyqpKvZP9S
98hCouUM97hPPExNDMzJo4ij2hZ3ouCyRjrLeeXFqCok
SqSri3CM7V1GLSoKJJbePSt7UqGpEpiwmhnsJjsf763
HuQ123HYTBcHHiwpiPh8qf2aVz7a2iusS6DHckZgCJGV
EQFh6gCBG5E8RfDaUKnVerJYmMDzpYq8rGm62UiX5XkH
45nb485LKf1pEhsTab34JnbBb3wXnAAP3xh98xdzP8Zc
7mQjmjScpjDP4pFrMLU1CS4H87oUaYrSMb2tkto8RXUX
AEUto3eFWHLAmmVRq3Vo2fmHXwte525jQGG6D7pN4RRd
83AkTirY5sHNhidk3Tofm2r2KjhQ3xckUeF5W94VrdCS
8WYRXiQXQSoAMw8A25HuTiTmkg2Ax5YTaBxmHZk6s5LY
CqgjF4NXMLDECsk6D6ouRncQjhh39pmAuoHX2n3V7HEo
ARhSfmS1cmLMtz7fEDPsxMFbJnoUQp1ehn2ZGd4T88a2
85YJrhh96ncuQ1jonqUyomPiTVZjGGJMUYz2ibng3yVD
5xGiZhSZgSH4K3nxRWB6vD74mxQ8Ty26oMbuGv7tubKP
HFqbempFrTudgpE7mZ2U7jsxfuJcgH9DMprLKLNdPs7B
2X9UKSS1pEdE5Br7zv6wGRLi4f2Tw1jKF6ND7Cn2wJ8z
FpSrQMhnYa8YRnEQqKstyi8DYsMvET71CPfnmJkBSSP5
Emctvfv7Nu151mzDtFAVMYg7somSK8P83B9TWrm7HpgF
E6cf5us72RkxYu8hSUX1GNb1smNVAJhtDd1Gyafzb6Bc
AAP8XjE6PmACA5nhA1BgxgyzJqyD1LQtjbbHAX6NiatZ
Gyon9cpqRRTz7UDkCJdUdvapp7xG9VbGxyakKkWPjpLh
GWuAeuRDpAwKDxnVEDRW3hYn87dw8K91ZLrhhZUCftnM
HRi6dumHbvfhQ8wwZNxzXcdLxbQDuetTS38fVBgkgdyU
BVFTQzEas8kMPkcugksaTTuLnQJ8ESxtLryk4ngdyvjU
8cBEQ1v5QUoCFPuL7ZJG6U25SdveKFcdK8UkAvVM3Pub
6fpE5MTyW4Kx1E9pLPPoX4KA29CpuQwsS21vmPvALUvg
AEUto3eFWHLAmmVRq3Vo2fmHXwte525jQGG6D7pN4RRd
7KbmFStnBVAUB1NRKuNFdhzXtj3mfAT4jHLXoFvFFSaS
5HgCS3rFUHptayfWZvSuiiKDYxpqBoetksDoiqMaSFY6
4cKqqwoADnQVUAapaq1CrCwpBwbvCSohZPzB8aHooJjk
Bs2NRpK5zPhbhchTM2XGqys5uLw4bjZjiWQJW912XwWi
4pUQS4Jo2dsfWzt3VgHXy3H6RYnEDd11oWPiaM2rdAPw
Durudj1APnh3ZxE34DeiNDJmjyg5PQd48pN1qNxPcrBa
7tMyU22ViPrhY14fy31bSmTsQK6rwc9q3Zbq2u5RkZis
CH1d6pbUTgBzcHMUMmVy9hisP6k2AXguQe1ASpt2vJaR
6hK4TePe6J2MAMeb9AWcFwi3XCMwpp67BXaxuxFmNKR9
EZsxgTx6JXqZS34sDynrFkKD1Q64Eve7AW8FjawFfovV
CA2YSCaxW4spUDYBtTZ5F8HGmFq5wwS8enW92bDM9qDy
2n5PbADyQXeCMztD5wnZjF3Nn2w8PmCmqSQ68TT6Q6KX
HCeV4WprXuh8F6HxYAVHSrNaeK17jpQuDnCnKCyTsoiQ
51oET2dy4vCmZ1JMGYR9hbsvsLng1vcLD6z2AZp1uq1j
DWaAVXvNg9NcNUPLCwRbAhc8NVmFzSLPQCFuwkxgp9Tk
CnP33htGVwKHF4psPq57QnRpiNTgKW58RyceytoX78n2
HZt1BpRYMjijHjyx8jQUCw6Adyf8nDhR2Apq3N2mzwXu
GFRR2vC8z2sHDgq3ZtDtRpQt89QrSya7x2Mkr3BPepeX
8ZCLGsEVrqReMp2TZMd48aYxGTGkbKZXfJC2EK8HyiF3
2B5KNHScvQkfsc5RAaSqSxUn6mfJunN5MB9GbWp4tpy9
mk2aRg2Mquh8PrjExdM3iwsQ5QUb1AwUyyfMVYBQEwb
51oET2dy4vCmZ1JMGYR9hbsvsLng1vcLD6z2AZp1uq1j
5XAHPtaALDK356sAuSHGAx4eP6nkKSpTZMrEw3jCEtZU
8eeWesjTSLG6Hdy6GV8bwjrBCEnwY15LWTkyHtGtsUB3
FRpBi5GZazQQGPni9TCb25GhfK47hWZqk2JFT8Zb2CAp
5PdijxW6xB2J55PYNZyRayAYf2p8KvGLQ8yvEhToN2nu
HQdfvZQtRTmyQKftw89qdGkN7qq33JJPdMDK4eiyr57a
6so6mycpRfQPHDf38uMDw43hhGxzZHU6cXfUhF5CUVhx
HXpU8biVEztWsKPV1TDKPVwJvzrTSstbfx4pyGWRZDhD
7N4j24qzrA5DfDq5ua4RhYN8J3yCyAJhpEMitD6zJajZ
AfYExBciqT9EnkgRRWtEaGmV5gTbGdu1cFg4WLL5XSco
9vff2J53NvedyFvVrAcMwqRaxcQoAYnGPMFBboMRyS7b
4xJPxsrrvBoo1nqSHL1M9VknyEf7sKiCyybkRdttHRk8
rLZStBnnZDnRV3z1oEkBb7KuhQGp8KxAe5oi8L9cTcx
MvogSQTXToXV7MS8hDbvfWGoELDtR5Z75SGMUNiUddN
HHkUmGtCWDSy9juDafQx6KoYeAqUqpZetJrLDnvDCZMX
AxRjfrGQ1ASUZgj5k3CnSPGA45bVNsDW8zi4B9rhXTU5
2jBJAcu4uDjhgH7gQXrA1cSKF1DGX6ZNcuNREyGEMKo2
AP7H1xbTDGwvctqZj5xHeCZGy8i1jGuBQBWq2KdN4U6Z
7P4Bb1pCMuYNveYhg2j445cmTRCEGp2eAAtBQUv7Jz89
cACEdxQF6BnG3iBYJwWRgCPpdKCdsR8VhuNmcaTZdDP
EwXuQ4tuMSJLirF1J4DqZ242ChbQT939Tk5ZSKZ81jcs
8A3KSxmVE1rx82odQDeLqg7S3HN9asrAT7c1uBWW5Jbz
3zAH8eadJGKMdGzap4tgEGvonS6oZScPdyU1bto2ummk
Er3Aq5XU1ohoBvdLPxAJJQv5HqgwXeuYxBnc9Bk4fLAF
BHBpHx2iwKae3pT83ceZQob6UrXckES14wCaNdVzcX1o
CZmLLCGoHeTonjV92P59U75AYumCx2EfVtKAtTjb1qCB
EWC6ESChdBqExhp96XPMLXR65pXP6Ftuh1pPAVws4pmk
47ZJRamq2rvTVxcFQFs2499ixJcmSXCKgb5FRnifYNsK
wcL3Zb7ATfhUBv91LfXRtYHEVgUBFq7tYyZXJuS4JMv
CgAUMAHCGkWYhA4dTL1FfZiESrDKY7tvUEqQryT1kDB6
9nF2vqusHupTTNgw3quL4f3jorvPdJ8VBPv3Uw1xt3Mv
9s27sJtV8q2XnJRpN6nQ9vMF3AWG2MWSZDjBciHuSSaR
Gg1dcDi3gUqt1DhwLKgUWRRdpjgwqVAzKDXiKkCpd2H
51oET2dy4vCmZ1JMGYR9hbsvsLng1vcLD6z2AZp1uq1j
8nqPJw8HELJhME6WVhXFt7oc5GcQGGPqU16QP7WrRUe2
Cm8cYtgtfyULCzisqUnMg68aqqi12PGZScouQfJRfrG3
97xAKp8FjyXkiYqTtYWN9ArD7KxTevzaCAo7VCcwLAsK
DbqiZ6wRAA7vU6k1dPFN5P6RWymSu6FRpaiyxEYUMPtw
781GzKc6aZPcheyEhmeziGWNgJBhePtVnsRsSCvrvWTC
7pTxRa5MRXvJLbLXWkSyFA7ehNpXai3d5Ua9RDNEJesM
CaYMCmEV5MP5FkoSZ3TkN2919SLtvnE5KbfzRtPN5FLD
o2Aug6JB1RDFk7yYsf8QCjpWo2WzgwFkM115gtSJU8r
97xAKp8FjyXkiYqTtYWN9ArD7KxTevzaCAo7VCcwLAsK
96WX37vQhNmrYmE5UhWG1xFmYX6QM9X9vxUiNu3MtwYD
8frf4PWJyddMwhTH4P2QHixGauKsixUH1ma5xnkgciuf
7L6hVbiQJibGBDnLcfbvurkNT3X65eCfUhxjoqcPcJsU
58UwoH8r8wQzm4C5iSPmSc6fkDcnuYARKQ2mBm4f2c9e
BjxXkzyq1dYwZXvofJavvCyHgemjCf9mxsH3pfzppvK3
GQotqmCgfzgRhQEG2LDtThjnkgwEToqZmik7Za8HAtj6
6uWDr6tgKgb2VKRVFrfJDAL3ivaTnSeAN2pt7aLoKbEG
7NqUK7rvn5aKyh8Cm6kaVtmoXnNpSGGHxaHgKABH81pD
BAo4gHTphwj8FKEioGQwSgbaTKHZqDe8L6vcBpj1xb2F
5qLUQwffcHESZuVwjDYfzj7YHbZfhGeeTSiwF2aqEETf
DbqiZ6wRAA7vU6k1dPFN5P6RWymSu6FRpaiyxEYUMPtw
HMCuUsfswf8ngtNg1E8RgpcthsnjakGfSptKNqyzBuYb
4DdRYAD84KyT7tMhfXxTWqKW1Mou75BuNFBj2i4oHvDi
AnUvEuvzDaueXZCaEMqWUsXa2aSmn2uR3bpqzWQE3XB5
98Ua49smTudbsk6aJ3nXqbuoWaxzaEVLfgFF27xEYx8c
9fahkUnGgcy9fFpp7oQxHY2DWFzpZcrKYs29sk3sGrcv
CnjNZ8LHDtwyCz7SBWPHCSBPikJ5u7E8TouZD4jtZ6KS
5dNGzQh9sonyFUcTHrH6wiCczokUMSc79miMEysyVYjK
EkrPmifHXbGk7PLeReSgGieStGYrU1KJQudkdvVkFgFD
6ek8bR5RUsFJus1HeX4j3QLDdn8i8EozCH1DNyMo2siE
crpQUfqtr42Y1W5LgZjvjVnEo2nsmXhSuZ1EyomFCDj
C9yn3WJMmDUVoDaR4phhTc7ewUc4kwhZN31XZJi6Q5vG
DpwQvzG6pj2mnEgpKH9L4uWvmGZUaEnquAUjUBAoWNx7
EYYBDtvVVcmGnANqMrjkv3cTx1h7pNoGKQEDJViS8EmN
4ox8atxyrCPFsF3nfmzyU8o4kZhXkJCSo55PknT6Fint
HgsCCxAUvN3BoFQiHTBRLHenSpao5TgvYZKKWBU1Gr8c
AfYExBciqT9EnkgRRWtEaGmV5gTbGdu1cFg4WLL5XSco
44KVTRThKqvWWsoDeK9amd3RZYGp2VcruJ9t9rm9B6h7
H5WxquTYLw5hEVcGZs16oFaT69ShkFCKe7TXpbn9kADm
EhLMtwdB3gSM68fesxbiNiXVHdpAvioTCq2f6sgjKNGB
6JWaG2sxVA7yUW5zTygWbWCLYYkUHT7UJuHZk3XNxnHp
L7vksHGNsmuNi2yuAz6MVyczJhDBLX1VhmGcZ4EQtiP
2R8xyrEYq1sfgkp3A3jQ7nmW5D1z6Mea7KgHQekHgX97
EThAKdSL2kUi6P2BuogAV2VZE1Ky9d3KZfs8r1S687qB
4yLMN5BJYWSHiMGe71xKbSTRS7YNTjiNa2rRRic5jKM3
EQG7SNaNAnirdJrNC6F9tuN4nvU7RGZWtdamDZ3ZXmzv
8XGaSpNJD2cq7dCZ3sUC5swg5TrHQ6LMEoGixkCN47rG
96cLzjzHm74NfgybTci9tC5r3KWnpj7ZzZXiUCT1xfr4
BU9GQbSnXQcF59sm5VW5vM4QP138cM6s2vV4p4HhrDjY
J2B9WCMCmexvhiRjbhHVwXY6fVRyiRPo76TSAhsKppGm
HeohjHu8jiJ4gpEYnGakdfv4CxaFcCAS6iEfjLM9p1Ha
64KWumt2uW67h7gyLfiKpSCDaZz2NvezFUmt3ccHipwP
AbkwtiYEpLLyUKcs33dokoPyY1A8PWCPKq9W5ACtagkE
6VGcEyf7x5PFBpUMKTH8cEnCmQ97FBuxjAh37GjXefPN
4tg2qFnpxkdbE3NqJLATNU5sSqzdrAQu7guHZCRdUidE
4P1TpNg524esR7eNhc4auQUFxazSa5CTYukM6FmHBFec
FpSrQMhnYa8YRnEQqKstyi8DYsMvET71CPfnmJkBSSP5
AbgicEN3npoAGUvZCJWpkLkniVxnEdcsFnTHCcmhfUKF
9KJbbRm5qjnWBNZNv3Mhk2hEFqqDAYcCHuUPxnG7W64g
AcqArvqhr9i92Gp5URBcosmzYtoMHMrYz3yiQYEP36Hp
6naqivpSkKAvd1onvT351UFjxJFqW8RmTNH14K8Eiaff
8cdTBwm1xLVgpswgfSnPvtuhWedbqYZQKzu93FyjpvmP
6bTZp4F7Fx4ggbNQqMpXiCYL5usFNkLqRHkkD8ZFmrr2
FjLV8aGW2uKPqu48RsRJsArHNA5qJZda489eYzxgqj9t
EhGU9nVahqDLphFKE5reGqxTCfv9FBBsv2mZNS31ZFU3
36AdrkuF2Q84zNS2j51R6cDzNtUSQ8NDNgCwBgby6ryG
BKiqn4ZXY4k79B1aMRcBvxguGxB1RNiWbNza8tAkChSU
J7HArayAh7C2jtmoE7nUyfNZ5qLEPijwnN9hWSVyYdJB
DAw7L6BNNJQhszjN95NbQPL77AjMVL5df8R4Kx5FHfc9
F1soxhJkD3Rhopsk9pXpkJf3AYJhMAcqQdRdzH8VgKFd
3m1JE6nMWGDzCQLMxiVNVa2H8F3CmDVgHJW13FQSUkfZ
2nU3W1aasRG81etWkmDzRa5PSfHjzzafXdQhHWzTCowE
6asMmzbUNCKP23xQNBuVwH1kmCN57Jip1pBRvToo19dK
CdGwadKrCQHr8oziZFVfHh15jaEdB5UoZx9LhsRdQJJ6
7KbmFStnBVAUB1NRKuNFdhzXtj3mfAT4jHLXoFvFFSaS
C91QVSPebG5w5SP8Wg97bqfnnNfG6j9QDuTFC5EM25jz
Uo7my1W9FduU3efy3jPjpSo9kfXtPem6boXiiv35FpK
5iDcmVaSaskGaYt28dAhTw5zWUC9UPSqsf9M384ofg55
Dp6QdjX4LyD8mYWEw63SdC7S6DJH7j2vFkBLPo2CbXGe
9cBYbGsvSU7A54fUpotvBj8dw7sMA6o4iAv8DfHd3RTy
C95WjH7qmY2sdr5fC1PjY6vRy1WpF9ynY6kLHALZmVHe
3FSzgiKRz7gvVR1CWx5d6vco4gnPKvY1RefkWGEJvUPq
G3JtbENRthDPr5JH6xENWmfdnw3P7so1MRfxkejTcsth
E9nCqWBQbQTW8aY75TqnkGLFff8j5XemtGJm4hDLrjmZ
3oMZG29qio4WG2avxmoviVK95h2kEgyFp8ZjU4LDyjsX
EAzuPsCQuDDm5EyUeSS9bDbrsDrKejiRNJgLJkRvqAWz
8JT1upRY895HhVQSXjgHDNoP7EjB17x46ZZUmBxVrBM1
FC4LJ1JNAb74z3mLGfNesda7cyuzyfDfFagLdCRYPhUJ
3neGii52h1cd2H4GEviNGSfAMsgVzcC3t3sQmZMVoUzM
7fMfhKhditDthwe2cZ4TUvG5NYxBm1woqkv9AjxgbDgx
6NFDAeuLJJAFNj6hu2Hxkqj6qEoBnt3Sm6GtStpfQuwD
Goxdxssq5wh3uVEKgupfLZmzukLQVHn6nynD4dZ6p1uF
8siEjDLnLv4yH2g8yeAo6St61V8e59aVsMtRvG6ZAszr
FXCyZTAdo1yJgkLiARwWT7GSDVAaduR8cK4TRN2Zg7wb
FrLB8AfjaWgjqgkhDxkgLkso2jkXBAXToBgCWhfc3Aeo
HNEETb52GDPHbT3aLL8fk47KPL5Mq62S8rzfKKoasrHZ
6vPbtxmJmjzoQD8P72W2fqYbyHh9WNsDxLkUVq5eiYes
SqSri3CM7V1GLSoKJJbePSt7UqGpEpiwmhnsJjsf763
4pUQS4Jo2dsfWzt3VgHXy3H6RYnEDd11oWPiaM2rdAPw
FhMZMJHUSSVC77ZuYNRAPctxkrRZsLD7LoNxGyaXzQUu
DCGCaZhzfAXghiAAsfbBdpQzFwYzRvbVJnjUebxEmSD5
DhW2PE17rACsMcTPvhh5p8hjJFBizTj7hVGfwKWhFQ3o
xGTU6tMiDWqVa4mFa5vYKdtX9mRCWiQC3fKPhwVi3tF
585a1RERUJACZQodbSBU6pV6ETVwrrKbesMVq5i5BSMV
AMnL53CPuiU2GeuGXE6kVj4s7zahgodv2p11tnT57jCC
Aqz9wzAfWEVYLBXTwyyitNkzCB18TBhtXmpuqkP6tn13
F29hrHPe2F8xsGAEZsN7gAMNAbGmmqe8SMBJvUE7L2T
8hEeWszgrA2XkRK4GH6zL4Qq5wJBwotwsB6VEweD8YEQ
D1YysSgs1ZyqPogHGo6MyBt4iCDRzPwTd9g8ywFU8kbk
AcTz4LZcyNYapAKzSE7tuhU8PcvcaRSeMskQYNQzEagW
8BStRWeqCPJPS2hERr7V4mEgdodaJZDTNXVM2Q2AYHr2
6ykYU3fWNQnoNunJKDLSVSZWCMPoajoE8EVNzKCYs9qT
5cShNqx2E54RJK49myPhE757RJAEgnGKcbRqPVW4nwjC
4fVZsRdDcUnNrT3wKTkC9CNfKJA25pCGtWxfy6i4ykWv
97xAKp8FjyXkiYqTtYWN9ArD7KxTevzaCAo7VCcwLAsK
4cUyDakNPeMEZtJPDJGNujWLGF1XNH7WbQnheUEfD2xX
3ZSgDFMm7wi4Hdc8QrBxskKLabGShx1MKEpTsKTNWCPD
9cQepRHEXLZC2F2ncuK9HY6b228dQ7HNCuxZatWZXsNe
4mEYrNREBxDWynMnTULsXWjrFCsXeFtaajjhAQkY5Z29
A8D7YRaEuYVRJxSZrctnhkUqRUV3VDaY63yCfDRM3Hog
Fdvnw3Eq8nyTnUP7SFpgp6idKxaNPZsSnCKYakgTzGTm
BU9GQbSnXQcF59sm5VW5vM4QP138cM6s2vV4p4HhrDjY
4pUQS4Jo2dsfWzt3VgHXy3H6RYnEDd11oWPiaM2rdAPw
7KB6wpphfS78kvopH3JtkSmPSpsVS6BYtp5KNMo61MQr
633psGo7a98EEf5W7uRms1SoZKsEDbkfkQmpywgc66dB
GyxrUNS4mSG2fwQ1rbCVRs88yuPW7jbANN2CGujxXpJ8
F5nKkEsZjdjwv8CJTLBQFEeGkFx3wpZLA2Gn6VhUKnZC
AfYExBciqT9EnkgRRWtEaGmV5gTbGdu1cFg4WLL5XSco
7P4Bb1pCMuYNveYhg2j445cmTRCEGp2eAAtBQUv7Jz89
wCeVca7Ry9B4eKJb2JeA3Q1KkyFUCdhvdWmEC8mBcEd
4pUQS4Jo2dsfWzt3VgHXy3H6RYnEDd11oWPiaM2rdAPw
94PxvJEg2HvVPGenqStzLS8Bj8NDxvKCLbbgpAxX9PpF
DH1uBkBWyXPtbeHji1f9vr2S8F5i7xsUF3tTzvhsT2dT
HWjwXFDTpL6ZZhnttgDxAnEsbdT7eSnVH2UkWppwuQTH
AUCZf2bCy92cf3JsRXf3LGu8D83bFoNWkULRX4KsePi6
F1uo5tS4JzGLKDQBhz1DdoyQf4oRjYcynHiCa31dRCrD
DtRzomChS1Nk1i4jMK8jXitfVfKMG2zJ4ShQnUTZXcwx
2vhNMJt9fhQs7f9YQubaS1MpCuUdx9o8zTwqxzkfcLof
F51Fz469okWs2REtK4L6USHHt63Ls6BeUAY49fQKrPAW
4DdRYAD84KyT7tMhfXxTWqKW1Mou75BuNFBj2i4oHvDi
4pUQS4Jo2dsfWzt3VgHXy3H6RYnEDd11oWPiaM2rdAPw
4cKqqwoADnQVUAapaq1CrCwpBwbvCSohZPzB8aHooJjk
72b8zJdCuZBv1WyRAhhSjC1rLC95bG42dRGzwfPqsyVr
6mc3wqonsqUq5BsTowNExWNRrE2AForwkzhGT9HYTsKP
JARU2boyHrhSV1X3sUK1SDCuL17t4zLk3HS6zdbZR8H1
51oET2dy4vCmZ1JMGYR9hbsvsLng1vcLD6z2AZp1uq1j
5gXmxxSi353FmhYDiBnWiTp86C6Nu692b7vKX9QNgzSB
HDLKGPRVqamrEiHNn2Scdqbi9XtQ3GcMevfnbd66mFPK
6vywFnn21vNQSxpFiEWgT6GA4M8kokqPXT5N7yoiJkxQ
J93VpEgm4Qfzv9H71zd3RsWxdTjin2hNZVYDo9r1Wgtc
D19N9udTVk5VujnBcmki6DTQMnRJCcZYs6yB5w3zk9HS
ECrKYoEUCm9WDQHGWbdRgGPeRWVCZcNWEjMu64LT3CSe
J8vxiR8o4NvY8wcR46iuSpSAjXhBwGCgrbo5LWA3corc
