BChSFX2RDSVaNE5TXmzHssY7VYdKWKbDqibwghowKd3T
4ZSovm9eppfPrsiXbnApe51uQP34rSJMnMUz3cMBswAJ
5EhvzizkQZW3ADDc59jyVqHdEKgb3u1AiAuCFJLwvYdj
7N4nDVbsvQHcQWD2bmBT9LAqjcwbV2GH1kTZ5FiZoWKo
97xAKp8FjyXkiYqTtYWN9ArD7KxTevzaCAo7VCcwLAsK
DD14d6GeuU7FBN5c9WmgYkFzPsgRxBhtkQpYEPbLzTUF
H4i1cV7YkdQ8DBxfpwVyYxQckqFufy718KugyLE7owLq
DdDZiAosTCWnmrxgxA5Wbq1uBhYkG4rmGcV915ZsvDLv
AiSs9N1oX3nUTZnx7ntV6VV5PorA2oGEqoRocApQ7CBT
F2xCJK7eLUJ173xRcBpwhNHCwGdkc8mv5CpyZ993FDJR
BNR9v15ey3uWaeZsNYGX5rDvRus9S8UL16hSgduEArFN
EjMcNB8E1xcxGQobE475rLCZsMzJ9o5tEQDPvPULszAG
7B589HfZDdJpQUp6H9XBsAsi6vPdmjLuPteEH9omVtJH
Pww1ohVqQrmaHKPeYwaVT5pxhQxJex3vhM4M5ocsLUu
2AfeamSvdteXZCS8CAcEE42q3Y63ydzSb3GnbugejBsC
YzfK4rM8N6y1LSfY5KVNcCCcdq1MxuZitAmsTTqdFGZ
3eucHmLaRJzL3d3rzYx94KvxcVhR4ESLo9R9hhb5Snbo
H7E4JB8ebHaoKQe2Z3NAwXniKcuy7VVuAoycx7PYAbE9
CGqyDdLVve1Ws8xLQbxB5spzBhsCVkLw7PzcMrwATiwW
GHULVZfsJWU69rYJsy6NU456XzceBjVxLcd9drcdVuqe
FH9fysysHZBS1E4AL7VhMGstWvMAyXedcqXo4MaM6eGs
DSEDomerczKfNsuQ8JQYrDJ7XraTm3xZLDH4sVQq1BNn
HDADTyGCNnbmYa5MVpmUwhDbiyAy8CcQ6k5ZDZzQGuuM
FJ5hcKnacavLz9geNZDRyDXdUvZHJBVnn5RLLy3sRtra
Er3Aq5XU1ohoBvdLPxAJJQv5HqgwXeuYxBnc9Bk4fLAF
92DixzBQGg5kQFtf3qJu9azgqkCxfFraAKHrUcyzSXdr
7bemZABP66hB74Tyw2tLiUeaHLWSprdoS34EknhXaX7w
DnmFPnE5awaed1HimvKNBCJkvz6zi9WCaqnrvzM7d8PR
JAMp9ZRbJJj4t89vDqxRqdFgQfgHnQnAujYBYHrE375u
8frTMsgacdTgykNmEPJUu9KK44svsQioHpXD4jaqEHri
4s6Zd5NFrc4WY1NgeV7ezFyAqg3ZTxcif9b3PHACuM1a
7N8fCtjYVKbvEfe1rSAaeCMSFHKaBHvcBkWKthBNEDcp
8WYRXiQXQSoAMw8A25HuTiTmkg2Ax5YTaBxmHZk6s5LY
EU5CyMaMUbcGGfuNf3MQBRo2SzmvPTyyF3UJZLjp8jMg
6J4dFhzDnpE3Dpnr7rYLJEVKXGibcrZxaNJKeRhZLNnU
EjSUh8D9zAB9zXCLR4wtrxkWpzHFhJULsSLoi8pAE9kJ
6Uz21kYRJkMYayehzi1VB3Ub5zojwVyGhcdMA6Stmp5r
Gzm4hNipWzdPYpLTomzw8wvXcUVYo4CGVdeGCWWhw9Hy
AEUto3eFWHLAmmVRq3Vo2fmHXwte525jQGG6D7pN4RRd
3bDeiqroEHSuWM5AenRNDevoNWpC1FtWvdxdfRt6D4Hg
4oDdKa3Y3HzXLiZyJAb4rymeqCCkNaPwbUj9Rg49eQnQ
6cxR31FgTSxgnnS2cdsjhpbzyzYhpdJVTrxdHmnM3uBw
73sj6qgGdeN1cfYeFigfZXnopey2bjY4wYf2Hw7zSUke
EemwWLhud7GQn7ywNS1S5ujuT6UbK9qc1G3EyQzx5peZ
4u5xuP7vCbT44uogw6zKfe1YTycwCBvww3Uo3oZaNEvQ
HZEaAjDGGuVSPGqcoKqdqY6kzyQQUwvrd6whVnBmkxWY
7KWDs7AH9pFYsE75cArxcmtD85J7JKajkRyQk3Xh3Uqq
FnnkjZBy4dcKScyNxAzpHMoE2XnZ4NAxvnxBHTY9rzhR
8LzZbttr2vr2sD9P3ResFfzcdzr6AtWySLQUBatcTTFh
AcuEg5PvtpxeNEAsiDVjUAjMPdqMSAsyi3qHekqpBagF
6TF9sHcqtUr2DXveu37VjtZakrdVf8Rd5E62rbS6Kph8
AKS8v4KWzjNevGAgDEHgytPvVVv8N4dVGz3wK3yxhbFS
JUskoxS2PTiaBpxfGaAPgf3cUNhdeYFGMKdL6mZKKfR
2vhNMJt9fhQs7f9YQubaS1MpCuUdx9o8zTwqxzkfcLof
DC9r4aJ6HZZ9pwCChxcFxgWExKgMuRM926D344ikVZwT
2WkPKh2HqudssFdhTJRdj5q44oTwZrdPJQ2hGbgwMXrN
2NZM9naMDXnmbC4Lc3Jd984BfFCY1N5zpkQVMjdKRdT3
SqSri3CM7V1GLSoKJJbePSt7UqGpEpiwmhnsJjsf763
8eqvPBG3bHFpRfHCxKi7UBPcxUopXyhDMEH9r3Fg9QcX
5tuvvanPuEQN6nfw8JbHC7eA8p2SPaiy43Mt9ydRzpBL
4ABNpXh9wqVXMScvoaZpUaMku5hV33PwGq3QutAu9eXv
CMtLwGNUnfN98t8WT5q4RaZxj8342CGVkwVmgzmaimec
9UFMEJBUzjZBNzqc4FgrcbT2GibMMfpSsMRyFHCMKLE5
6dWYKwXPMgr9dbsWsE8FgsTHgHudFaF8vvaQTvYcHnn7
KRUViqacuZLUAioiUpT4AdTjUZcuBsj2Lzajn723Fwr
FtpjoeaxkPq513HFvmYzB7ctL56yPN6ntzet8pGsTYor
BgN2zjTaABCSVPdnAJUR2TVfZpX7yzccfpJD4iycjmQh
8PdqmeKdn3999sT3jkkx3JRquGqZAfr3m7F4G5NoWkuG
5C9tu7uVVvPj7ji9K8hDSNsYSpc5cLgbP3W1QxfW9n6U
5Lc6KL91cF5wfDV8dbYpGHtu2A5nNLEjzfsGPRaSKzFv
7XsQfSPiMMgSTFFWzFrzTbjeoybmN3NroaQdHpdAzd6a
AEUto3eFWHLAmmVRq3Vo2fmHXwte525jQGG6D7pN4RRd
3hh9av2XEn6BoTKCLE9B7J2MHmm3RPRfVn17R8ZUb2hw
4QiSnMKqH8weDJfrGCawZhPg74UwLnBoPAH8r1oXP2vZ
FpQjZzsgNvo5P8y9qtsSeMXERVjL8YUdp6otxhQfH7DU
6vajj8TEomHLFUibKvTcEfmFiE9ZFmhFmLGtkCzqXgCR
D9pvLPFUVywm8x3GUW2Zn5Me6svraVAnyDvoQQURCATW
G4yn6VjDQoRRgqKVt1fp2uei3rFHWWKA5JwWPMM4eCgT
5UBiv17A3vDiU5LuyvZznC6votZSCU5wL3vdneAKc4RY
2J8hJWEHyFWpKK3JoMjSF2Kda4GNJFjvWU4erF8UJKWp
BrfEGRPH1ojup3ESByNv3amAhXhQqTuwmA9BV9DxhjTy
8eqvPBG3bHFpRfHCxKi7UBPcxUopXyhDMEH9r3Fg9QcX
HEES6g3w17E2W1sbTRcntW27sjwJYQh8oFQBGKpMMLnZ
8kX16Yj2WBCz1sPXcimafGrutQkw3s3Swe9sR3gt3cC2
BtqNPsHVE7ScTuufKgkC5MV5ytZc6hahG8ngDBE4mSAZ
8XW5X7k4bU1fZzCVGPVnyVRv6iqwXqG284DnBpszAiuM
7gq3awy9HeAsSZYeeqDDtZ8CVA3H2GHogBEHYR3JrkFe
8mfSvKNsNfV1XFkZVJV7YV3igWdCJuJefV8GimBKvZsn
Bt2JzU38jdEfQJB5DGx5JgamK5rg88F2DGDiFjZJEN3z
14BZE7NViTS7AwNpCT5QZuB3CYPePe2oZzetq4q99gXX
91briqxf1kWBeVfqGvcytwm2omo6CEDCpeSF6NwFx2w8
GP5wZ1hEfpD9TxhZzPGQVWSS6VVBaGY7J6dt8KeQuPxv
F4hN7ecndZ8Gr5KQNSFaSrMGawMasz7jfWTLTMpk7gaB
3LdbrFBY7sZ71MtuZhrMzK4YLgxNcTrQ5wLNZHs7r85T
GDcdkHHAnzkZqftb5J79FWo9N2fJRe1vXUfVCWgE52dQ
5vEyraHzZCP5yM5SMv4r1n8MGsSQeP5Mh1o6TXoWAvfk
4jKoSunJWtboEnLYTR3CqhqpM6GBBvCJDADtKk9ehVYY
7ZffkAy2PZfKo1gupFgvpx1auyrsv1devo24pVtUMtyR
5joCx1NXJb5hkJEqTRPuSiuHYJ5wa5gko55syyVgGRjt
781GzKc6aZPcheyEhmeziGWNgJBhePtVnsRsSCvrvWTC
