6j4S62RteKDAePfygZ73CUhQ6TyKi7QKiJpaHJBfvNh2
3oqRGXxDB54cBNHTuUkULK599HbcQ6PkWRwoojjw1pjo
FTw45juo7Yyoir9m5fjgDKLC2LySciKRKaCX9oq83jPV
JBVY3WSbSrtvMeYy1U9Xkk7fhqJPTX5yahLZ8peFWDxa
BEaBV8Xs1BBrBmDQqewQjTA4AQMBpWHQnGkuEvC3eoTs
8RAhRd2GpZLRHgGBPPuwGURCw4kiuHKeynApVfSfrDCz
4BYyf3FH4QtVJ9pzfxmvVsoiANM5Nfxn625Ac812DDzn
6XxXnriHNjgL5q1xkDmSEWL92SkaMVnxr3BZZuNBcwJ4
Bxnh8MnwruffUKEbbLGxAGfBV68LMJ1Rne69fKHjsUip
5CLhqk5MyNvR25zHp68CiWgF5McEaMWvsrTHUyH1k3f1
8ifqT2tAipZHoajkUdJLKwWTcjdrJJzzuaYVwUhQ5wEt
rK1f4QdmBZUH225GzYFStL7tLR53VBFHtTUyZaDAs45
Ek4Quw5MKtgqT5tqXjj4aCHDmGGFPmNiAiUSVdpMjNNw
3DFmsLMgdKoxe8VcxvVy2t7b5hGCXmdPr7mnJV8fBz8D
E2Zi27rXo6SdFhHw6MQkkjBjTVKGUdJnZbxKQ3wNZsDa
3M6y6P5baAbVQz4EcsYqDiQxEayzuiYXHXDqNfZ3wmGD
8EyU48HWjBM8fo62jW576Qs88JKTJMbS1HWyc6L4rEKA
FF7X7ndxd4bcDYcC4j5yyisubGEE55WaYGt9KndMfJZ3
87rS1cLUCdpr9XJDVwT7w6LaGzwNyQYG6usFpqwAgFrE
BVAtHj7MH8svubiCGiXCM8Gb2RYHN3nKKudco5PFuPZr
GZPbCLXvTGobfis847PHAYuuHhRpVFbAXKAtHgDdd4n8
3djwSt8nKoLS5RyuqocvxUhhKRhuktiii2eXv1Jmfnpn
3yRnQG7uWErTBF4YsNjdVgLrttoCF5BGGM4sHED7S6Py
4KgnaiWp2Xrs974pVdjb3p6P9VdtBpSqj3YoWpvGtK2E
GuYkJypPTbvq6svzJjB5qsCreCQr18iZB514cEcB8bgu
Gh4QJupk2xQiei5yaq7gWSk4qAqtbQogLDs3YymhLgB6
CciGxmoxiiZeV9EJYe7jkofucF2s6iW18z3PCLHYJaLM
GfJ5XWn7w9LaWDVNQj1NrEof67icFihdHUfcn5Jr8jt7
Arpn7EBhPksAnarPM3g67sk7zTcHyRWcCwqHxWWxhfAQ
26DUeJxycaGjfLtZPL7XKsBtHw8MaMzSnCnMZzDWWSA4
Fe8UZAv5zrjd148zNpY6bqmaPYwceSuxXJLToEiysfW8
6ACAe9uqBxbRBDACx38BUw5yQ9pmVPyADBtmQRAreARX
6nDFLHNSTJ8No9EYxFG4J2bTn2F7khgnwacgTg4oqUps
HqxPyhn2Rb9Bw9a9XZR3reZnzgZeCEMs8EHnvWZRNgAb
EamsRF5PNLGRsEt4w671jCv18zLfafLyG1oFtcvfaiNq
BBKePdUCbfCxAE14BZ3gnNv6xRN1n73E6WeDJpdAgEE2
29LQafMsnocUUtzSvYb8k2BJT9y7cvhxin9KYpfQQ7CR
ExxuMnp1oCCT64MBvT861fwV5yhiM7mnNiezUMpT8fpY
DV33ZobPTMEexvCcPE17zb4wFBHFShCabo9qrp5jnGho
8PcsPShiUze4JNM1NsWQHM4Nwucb1nuPKZjD1h2dfveN
4z2HDvqHKkhNaSMRGQDfUo8eT4dyqU73K7qjtVC7Tmid
FphH3ejKwo1bZ4x6in6REEXwQndg9yTECtiLGo54jqJB
Bsm5t5kYMbNoDX5rr553HC5WcSZFVHw4tDW48WEfMh13
En2TRkaqDTZwZATA3fAh1nm2DkCNGHQdF4GWaG8UpscC
APRB3YkFcaYS2LsYLEBWH44eo2sGScemDLRE7ZMmcFKH
9tYsa2jDBvkWam13Mz7ieRaFJ9vJQuhSrrPEUhgYdsRd
6EnppwBUeMP4acabZ1kZ84hWFZLRqWbcgKr9SnKY8jzC
F8tgZUPDL1poyJMbexKDoGET4MQT8om7AHPeBkWH1qmp
38KzefTLeQXqt8VXb3y9CB9QN15dgVrBDeA2shRhpVR5
4Tk9GmD7uQ2pLAicfUZtAYm9nN5qq8Ktgg2DwZN2BpUf
EPmBy8hzr4t4VoDstn2buNEusFfxu36QmNtmzEPpWK6J
FZ3BaZHBGcqV4zAhLBoLmta6Bqj9CioM2pcLwLmV3XGk
GaxsN2WLbq3JRqrLAaCijGdVa1PAuNHeonfZk4D47u64
FLoR6epBt2tHMMTdonXtDtEG83ReGkw9B9TMEs3egFiL
Ek7Uv2qDkYrVvCH8kiA5edELLrwKNKcDo1wCtemyM5Q5
3hTsywBMRqaTfmEsRjM4gRLKeECxfzRiCYroYB62Xc6m
2w7f4dB1nps4tebqDmp11JgWwg9gCyidmqLsq41gjgP4
2DtM6h7JjZSMGuWfkhDAe3Sguyudm21oTbbpiyd8p6wi
E4EUQdQhDz3TWawRa52DthGJqFdXkZYRLhsH1N1fa5MN
CCnV2Fg7TugwQ3hiKEuUyydTtj8n86hsQEWU7jKFaQLz
FW6NJm6kZHe8fwLZxTfGTKGQ7TdgjCZu1fc9952zfDK2
ATemhj68TqdjN2egUczZuwa4YtABYgjzTKjcAHdh2XCA
3UKVFeTbkimnFHGoF88tXZQKfd8pHUZ7ADGy1dQAgRRC
5x9XkKwWQ2kxAH4A4GVwD8utE6xcth1nxk3JaskaJW32
9ZDzXnF7qZnBZSmTdE4RV6mbovDpnviK1yV38KtnGJ1Z
3aRa9rPLmacnHH7fsyBb6BDNYM25Db1r455Vh1yDfsAh
A31Z6fsStGkGRXP53vPNEmdugQ4RqsDo5Xe6cPJMsFhN
4pMcmZCbdJG2CdQtptAqhxmV57T7F5XjnsLsSNWyTxi3
6CCTZHp8bH9oP1LKnShS7M6cPeRP2CU6Dw4noh4cJMqA
2HeTFNTNCrGpvZEinDX8FP3otsSxtuFVXQALGGL9tskg
BxRvU8pPvyJXF5Ge225oy7ryYnp55mf9HmBwiP3chnqq
9NdbDjPRRSNGqp8nfopZtXNWAES2gdYz5zsrZeRiEgZw
2kEhpKF2R4LoerKNjrVjHueryTASR1mDKwnkRPnfcDVi
8rFHnSvsBm68Vp5XL64UGxwwhufSQQh877muRz9Tn4rJ
DLDb7noVSyzcTVuJtvu9cHzPDX2LQXrsUFDRemogo2cv
E4nJzDXkgDCqWK9tUUtGJkbBPwS6rR6wLDDW3E7pphz2
4rjHLUhxtQerYbUh8w2tEh3ZXUMdCBEDQpZiboWjd45v
BSLfjdRHS6qeWT3YkCqUqFUzxpSKfcsVR6JjxfN5jfJz
FQN4owzgpMAp17mxvKPX9Y2xbS5v2fStDGFhsBRA1wXZ
2keyLK9CwqcCEKpjT8w6qvikxskDCsyMB6nJHcHyu8m4
7CWJDUpQMG2g4wD538TXvRhoYz83o7FrBjzzr6TheVwv
FxD3b1YjHZUBtxnGhwcBqcn5hupXo6pjCs78B8HukdyR
HgVSuCvsANhYHWYM5FqEBTabvKjq3jC8ffn29fz96v3t
AaMzhPu5xt3oNYiVF23aerkpXvXECVUdx63ncZCCErQM
9R6oH4a1ERcviRMprarTB52mJa1AhjfC5u6pASaLY696
X3dy51SfR85jjmkjhp5GAVVXUCgbAeD9BHqAhAZcggQ
4CHWXXdt8KsRwfgmVUK6jtWHKGyQV8TieZwRfZv8YJ3Z
FSvHZX6oikeG16LgGqocGxcnhYLLDLUozhKLTqNtUFER
DA4hdDhoUktKyrtpJDrsFmkpkCcHbvZLMUbMWPpRALQJ
FK9xZ7wewL9ZJu1e7tKLVSaFxjMCGhwpqrywBdQ7gj6H
4M71sRPmegUpH45XBYacbL63ZbbMQMNogwzcodJMJE6S
G5bZAftwSbBVqx4hzbcBEgvCgWpTvjsUFT1ruYgiyEdv
4qpifMx5GJJtJ2KUkBF98FMpyYqD69VTNdnX3SbG68e5
GMDoGwByr9gCsWVSnnuqz4wAvatFp2SoAU1hL656ZcUH
G4py2S2LR5z93ZU5E3jHqLZKnBNEAZggnzg8CWzNK9d1
F3VZs2JqAn24cbmFy1CS9Zz2J2zqs1d61poVG8xnwE4R
H7WPXPNbEG2JBcRkfPfvnQxRf8tQwa522pKGBqMJwCjS
4NTcWqdCUsSXzgBFBdpy8ccPk3KRUuVnNnJs9AbqewXi
GX7u445zJf66mGx3rFUBJhmWKD7HxmYmUquGWyZVHGAd
2f5kocomvNyFd2PKtK3Y7nxyi6oc8BPGs1w6NCpCdi55
