Transfer 1 tokens
  Sender: 4oP8QNCmfJgZQMhtgsFUDJ1zMkJKUjgQWkFm5btMx1Fo
  Recipient: Bv4HytuReCvPRMofF9FoE2XRLB7SG1XsEsQqSU42SbuZ
  Recipient associated token account: 78j8wi4ggodAEHoTrP7L4grrVZU54sQ7e269nLySKKjG
  Funding recipient: 78j8wi4ggodAEHoTrP7L4grrVZU54sQ7e269nLySKKjG (0.00203928 SOL)

Signature: As9MvQQ22gUVshA7jeiKuJRMtCRaaiTnkHu8YhQT387876bsUsGyCwMCe8e4nad55Mtobuv8LgGRSha1QCwaNgT

Transfer 1 tokens
  Sender: AJJYvToqtZLjY2mZjPgbAEjucJ8VwwqmsvUhEN1gqrpg
  Recipient: CDLQdm5Y6N9z75vEBv9Tyhguic9gFhJUV7nB3jnJNxAm
  Recipient associated token account: 3tio5CLw2B7RzAW1oTTNeqqygEACrWHvPyQaCVbJURyU
  Funding recipient: 3tio5CLw2B7RzAW1oTTNeqqygEACrWHvPyQaCVbJURyU (0.00203928 SOL)

Signature: 5jfuYkZ5dqgGZDrMeTVpeqLhXNnbZkw9DENCxhtgJAsAthK67bDQb4MKwmvzngy7e4SjhwXWjJKZeXfYMEpLW5Pj

Transfer 1 tokens
  Sender: AD7MH2CQaSuDQKqJLtysXXFumrYBEy5oFheBvJ8s7YTe
  Recipient: 47ZJRamq2rvTVxcFQFs2499ixJcmSXCKgb5FRnifYNsK
  Recipient associated token account: 9s4RZi1h4Ke1JaHcKkFqukL3eBUWrc7fXCawJ3aR8ugp
  Funding recipient: 9s4RZi1h4Ke1JaHcKkFqukL3eBUWrc7fXCawJ3aR8ugp (0.00203928 SOL)

Signature: 4S15bueXNEYGcr5p8nUBKheToNX8Cud2mnY8A81rTh8pzz1QnVqJYYjYpiMXmmBsmakLSwjc1R6XTYLcmyMRUKrv

Transfer 1 tokens
  Sender: BriNXefsgjUrxpbynoYamRgaNmb8zrqxGagktw3Ta3Zv
  Recipient: 8rDsSyseCgK4L2fBmiPPiibMNxreQRp53o3etCJMDPAR
  Recipient associated token account: 5UDhgoFyejeGNwQ281DwRU21H8yoNc81TQAPcctpLhpM
  Funding recipient: 5UDhgoFyejeGNwQ281DwRU21H8yoNc81TQAPcctpLhpM (0.00203928 SOL)

Signature: 328KYMo9KkStg7HekaVLCkhhwSJxM3LnszbtwZCL7ZAXNCcag8Jh4aHPQRNcyt9oBwxHkK45pcrzu3h5GHSEnVKL

Transfer 1 tokens
  Sender: AeEKCw1JWoCxg7zwhBNgLmfkRDs1WBnRTFq9qU9KyvqP
  Recipient: DWaAVXvNg9NcNUPLCwRbAhc8NVmFzSLPQCFuwkxgp9Tk
  Recipient associated token account: Djy2MQB46EQEqJ84aMcQWsV2yeySbS87HBZg3f5sQKw9
  Funding recipient: Djy2MQB46EQEqJ84aMcQWsV2yeySbS87HBZg3f5sQKw9 (0.00203928 SOL)

Signature: 2mjk9LcassG2WkJEWqptEu8ZTGbiFTjDafXCSqCSGsofyUKH2J8hmrsw7499HDdakkHVDP8cqfuYjzCLgVD2uAep

Transfer 1 tokens
  Sender: 6ghejnHbU3WMQzehsJbyRCBNNE7y1EERUAXQu3TbDriu
  Recipient: BvJadZ8g2hopq6eqLHfMYjimVhYmgWk1RC3sqmGgLnHy
  Recipient associated token account: 4nTGS5AcBY3NZwfJy91R2L71Ue6yYpaAWPseXtpkj5dP
  Funding recipient: 4nTGS5AcBY3NZwfJy91R2L71Ue6yYpaAWPseXtpkj5dP (0.00203928 SOL)

Signature: 3WPxy5WSmnZuguZmZ6FPzhjq4NguLkB613E69KX9K5AWD4Sn4XbYm2yBTCtwSHfYPpT2JtNsd7QsY2S8is6AqjJK

Transfer 1 tokens
  Sender: ASt1J8wEtKaMiWeYAvGDJrhE1pc6topKzMgmqyXF6SLT
  Recipient: GT3Vxy69nfjea3eQs4iicCDz13vB9PL4HiNw579JBcoq
  Recipient associated token account: 9yzSdKhF51KDcjKU4kG7faNYv17cJ8aEraCXKJYJkDhE
  Funding recipient: 9yzSdKhF51KDcjKU4kG7faNYv17cJ8aEraCXKJYJkDhE (0.00203928 SOL)

Signature: 4TVzJpAX87qtpvGg3fxXW82xkgR8W5Rf9dFKxS84kjLrnGvR66UbJbsrPwFM7Fn3YMQnBzUvi4mMQFyC3mM7nKaT

Transfer 1 tokens
  Sender: 3N2yehWYtWEA4kFqnyY1HbFvbV5dB42U1rd2mqZFdSzE
  Recipient: HRHWxR3dgf53Qvh2KPDHqLUFxHybkquN97SNDBxuLtUV
  Recipient associated token account: 2Wuw1n8qHAkREAeEUwoshsBvJkvHMyC7sNnz3VaR4YHq
  Funding recipient: 2Wuw1n8qHAkREAeEUwoshsBvJkvHMyC7sNnz3VaR4YHq (0.00203928 SOL)

Signature: 3tKEsdiZtYktwCht6CfktZfwzEM345BzThbfzcF5TY4bCdJJZ2bDcksHFDeCx5Xco7d5boTaUmR59YcF8ynMmH5c

Transfer 1 tokens
  Sender: 8tNHcj4m7YDpzkS7hF4obBeeG8fwxMCPu7mdyjBeaQkn
  Recipient: 8hEeWszgrA2XkRK4GH6zL4Qq5wJBwotwsB6VEweD8YEQ
  Recipient associated token account: GygJFcUEXTPdXvibpPzM8peaA6PTpu3kAxaJ9kGfBL66
  Funding recipient: GygJFcUEXTPdXvibpPzM8peaA6PTpu3kAxaJ9kGfBL66 (0.00203928 SOL)

Signature: 2rHqA6CbGqgT4WCtfKvnE8ZgMG5mrZ5fhDMY5bm4GqRnhqDFYxDHtNK7wrCKy9KEY6DEJVoy78CWfzxvsNfJSaib

Transfer 1 tokens
  Sender: 6YnsBuUpF3o4df7SsQYP3FB9deUxcGR538GoxhaDTWTb
  Recipient: qSbfqvHkYyxKmhNit2DFT1pveKQAhZDPeAud2KDFRVK
  Recipient associated token account: FueumJ6YBqFeQiVGLncDaKvpD5dKvEVNrNoFRztFmpf8
  Funding recipient: FueumJ6YBqFeQiVGLncDaKvpD5dKvEVNrNoFRztFmpf8 (0.00203928 SOL)

Signature: 4yThT8SDN6eZ2KM3DejxYpZeif8pocEMswoQVmFVJ1qsMKx8Qj3zJwjBoBPXcpnMoZomQ4GyEQcTFUjnL5RJSf6U

Transfer 1 tokens
  Sender: F57DraNhwq9ipS8iQxMyQwvi9H38MBhKLHPabBEuZug3
  Recipient: AfYExBciqT9EnkgRRWtEaGmV5gTbGdu1cFg4WLL5XSco
  Recipient associated token account: 4Q8ToWyaMp3qKsQ3mfEFSonsSu1CBKRKdv9ZMgekTGEY
  Funding recipient: 4Q8ToWyaMp3qKsQ3mfEFSonsSu1CBKRKdv9ZMgekTGEY (0.00203928 SOL)

Signature: 3fgcNnv2fd2Gqqvo8eNRqSREK91UcayVwMMYBn6sByyt5mNJRJq1oWgDE6K7TPNZ4isi64qVaVj7cNb3wQUt8P5U

Transfer 1 tokens
  Sender: 7o4kQGBJeRE9iEnzsvHPkAk9Z1PCs5EnEz3p2w4BAoaC
  Recipient: 5nH4SNp9Hhigqmjd8spT6UyLKN8okssmWJ48uCGfWf3J
  Recipient associated token account: 7RLGt3wXbCdCryu1eb6uNHQDRyuw92Qut7JfjEC7c3oB
  Funding recipient: 7RLGt3wXbCdCryu1eb6uNHQDRyuw92Qut7JfjEC7c3oB (0.00203928 SOL)

Signature: 51bqjfwbvFWv4xx892yGjYPPUCDUvqc25jeW3UycD8TKY3ohzxwaGQGgVA8zfvoVSNDnJuEkKwjVm5XpCguasJ9s

Transfer 1 tokens
  Sender: EgHJgAN3KmRQa3Gmt6aNcxGNfiePAfncLoRTYf9yx8VD
  Recipient: BRNmQBRLB13PdRMk4kHMiEu7KA2WaxNxZA3ijBCESypg
  Recipient associated token account: HxgSgUSLi8QKXGzLsCRxQB8m1yBzMedghCEz1Zq9vSWF
  Funding recipient: HxgSgUSLi8QKXGzLsCRxQB8m1yBzMedghCEz1Zq9vSWF (0.00203928 SOL)

Signature: 5c1RKUiXGdw65JYCqPx6iSU4i9pgKTPgJtJp9Gyj3b9bUkjh5TbWaVrwPMXixgi38PR5UfnoXDZ6PaLUgq5HTHjq

Transfer 1 tokens
  Sender: H8d5ZtfjVnVwdTnnRG6X93YkT2yapgdwcY31er2YA3GY
  Recipient: j8oLFiDm5Eiy873RNtY2Z56b1DVZrW8i67mTR1BLsLn
  Recipient associated token account: 25Ks5E3KuznYyXh8Yp3QUGtnZ6KwkjpwnwLaByVCkdzY
  Funding recipient: 25Ks5E3KuznYyXh8Yp3QUGtnZ6KwkjpwnwLaByVCkdzY (0.00203928 SOL)

Signature: 2dTBCiv7RiNnYZ71cxemcGas5YVQ3zWVjdi437MUD84bZpKgsYEp24vERGgUf7NVzDHmBZKXnkDAzZqyibDGoFLb

Transfer 1 tokens
  Sender: AXo9kaM6VaqtUi4vxc7RpLGvyVWsoCMXZ1bg5q3VLdKY
  Recipient: CCs1HvvBgmbtzbkJyeVSqucsj5YfxngFGDdToGaPdCYG
  Recipient associated token account: EffNdeanMBG3KgQCQpyK4XA4PanpVGMxuYavSfqTHa3q
  Funding recipient: EffNdeanMBG3KgQCQpyK4XA4PanpVGMxuYavSfqTHa3q (0.00203928 SOL)

Signature: 43gtWNT7wpCVTVNBAYasqCdSzGoKe4YsZyY3i4u9aVVHXi4LXedk21fYZpg4WB7FXWNw3kTNnGNpAeuxkR1uCY6B

Transfer 1 tokens
  Sender: 7JqLUVoRZSv2WvNCTuUkD3EFn47fa33Kps1u5NMbJbmg
  Recipient: 9v858mhWi56Zuj8bVWoSTsqqiyePVCchm7q72kP14TCj
  Recipient associated token account: 12XPNDbvxWATGrmmZPr89J6bs1zTdSExyTXYVpWxqLVH
  Funding recipient: 12XPNDbvxWATGrmmZPr89J6bs1zTdSExyTXYVpWxqLVH (0.00203928 SOL)

Signature: 2a33DCa9ufHdaSF7J5zCA4kn57iRpw4oXUTJZcdkBdgbQwH9VrPWwBEcc1gZg6ArUqU4jfYTPfevXEEgDFv8m5GT

Transfer 1 tokens
  Sender: EcPxu3QiZaBmofNgFCR3NYwN5cS5kZaZzy4pZFbCr7rT
  Recipient: 7RUcGmuvVBZ7u3FGfZUjgcrh17c8w9VLVSyQWYDnCDnq
  Recipient associated token account: ETW9PUdCxn1AkBsKJUWrUNNpoqEz4XPpqVbdp1z4VaRW
  Funding recipient: ETW9PUdCxn1AkBsKJUWrUNNpoqEz4XPpqVbdp1z4VaRW (0.00203928 SOL)

Signature: 4jaZ949aBKTBaaeya1RDsiTehByYSJgTDaj35QzLt3L7GuQ6DxH3uLZg8PvhPu2vz5rKPUfezTWayYzETWWKA11U

Transfer 1 tokens
  Sender: 42wjPNLnKtX5ydnk5LJhhA5jUiR4YWwZDvoXXobvKNGu
  Recipient: CUaSvR8G2LbutxGJMnW2vT74Yo568S1oUcjSDP57SajP
  Recipient associated token account: 9FWxYE8GmKR6fGh51buvWkdMc2d4me8AiBgyQhQaXyQ2
  Funding recipient: 9FWxYE8GmKR6fGh51buvWkdMc2d4me8AiBgyQhQaXyQ2 (0.00203928 SOL)

Signature: 2SV2JHox5jKMtGKn3s8sAUmaqjDU2YmMkzBiRUPnBGNTiKjrYi8rDAT4ADN9uezK8D6AooFwN9D1MUv4NsCVoaaU

Transfer 1 tokens
  Sender: xqLD6c785ZBQ6J65tqpMfgPGMQNiDkiMVYWNCDBk5Mk
  Recipient: DgA4aNakbWwjENL45gpa76Mt6dVaA3HYtphjy1B8eVw3
  Recipient associated token account: 6gLpahgx4FDkNag45jA5qPgQdCy4SsAwFfLQtdzmeExT
  Funding recipient: 6gLpahgx4FDkNag45jA5qPgQdCy4SsAwFfLQtdzmeExT (0.00203928 SOL)

Signature: 3uGP4qHp1tFFHw2yigghnE19u8yHrPMVHG9EWNdg2qPP8hypWHfrykXq6PXxymsyfgT3j1WgkME88damHsekMpkx

Transfer 1 tokens
  Sender: 6MRq1WUZZuUCPQj8hrVVpoAiRSz2tHYVdhjNxay3zQn4
  Recipient: 8jcQfheCyfyr9x9GiinbS868b4Mfzd9s1zxpaoypgcpq
  Recipient associated token account: 7MaUWht1KKQ41TCcqdY9DcsE5drQ9gdTA12ykeP5LgjD
  Funding recipient: 7MaUWht1KKQ41TCcqdY9DcsE5drQ9gdTA12ykeP5LgjD (0.00203928 SOL)

Signature: 497dar9vkumwovD1MohA4BR1qFCUobFco4TaqvgpMTcabbQc5qT6EDnFEdBPx1XUdZ8XAibzspHCyucTudwzCr61

Transfer 1 tokens
  Sender: A4i2igDkuazY8SoPbZWBJNM9cXbKn9Hc3RhuDE6H6rdv
  Recipient: 2Kt2edjA6oMUNsC8kLPH31XJP2vqQZmMPNu2qo6BzuCa
  Recipient associated token account: FynY2SWXftgrrhyCNyjpchFD3ddnsxTEiyYhhoRP9ou2
  Funding recipient: FynY2SWXftgrrhyCNyjpchFD3ddnsxTEiyYhhoRP9ou2 (0.00203928 SOL)

Signature: fjJ82bG7UJJy1jpLPQBgum2Cyq74GsU7hUtgbedYHuxGZVKJocx3zdv7Tp3xWJY8Y3Mim2ywdDHAbBCQnsPXR7w

Transfer 1 tokens
  Sender: 5J1R5ER9NMpXS9Xc4nXK2tfuXNmRcRuxF9CqL8ehcNLw
  Recipient: GnE9WqfQ3d8W3QHR4Fn7v6BMA6SJh5u2YR7ow8LiyDAF
  Recipient associated token account: 4pS1t7VmvkKpajhQUTrtHr6Bhg7jYWdgqRnm3RYjix6x
  Funding recipient: 4pS1t7VmvkKpajhQUTrtHr6Bhg7jYWdgqRnm3RYjix6x (0.00203928 SOL)

Signature: 3u9eEvaPj86xBR9y1CpS1Ld5ayPXm6iLY8pknrK67BkvxaEBsb5aAe6kQSTYQLzNob89u8YjhqN6siXCysGDiLBL

Transfer 1 tokens
  Sender: 2wX4e7xABs6zAU4mBv1rPvPKbVfFQcRYqDAjVkeeJAiJ
  Recipient: FsHHSembVyZbkctqnpyeDYo7JPLgwvpWj5ZPGa5CPmxZ
  Recipient associated token account: 6LrmRXsHKnpJbjTpZk25uUuwcSynjw1oKW9StYTHKjuJ
  Funding recipient: 6LrmRXsHKnpJbjTpZk25uUuwcSynjw1oKW9StYTHKjuJ (0.00203928 SOL)

Signature: 5FPrd5qFnQGjSZEXMPiXzeRg75QaJ8bRQFto225wwan493eZ5cJALpePHjnEVCvFhGCSngp1LqSysrwvh27gUHcv

Transfer 1 tokens
  Sender: 2svbF2WK5qbm57g9nfHGwbAKwgSPeuUBeXP28jWzExCo
  Recipient: GD9Dx84Rzr6qLJKoZqQFZn2Yzf1NyPFbQeSRZqU56f8z
  Recipient associated token account: HjvKWE6f66KVecqTahzusExv4wY9eGMxGkesY1zvzdWB
  Funding recipient: HjvKWE6f66KVecqTahzusExv4wY9eGMxGkesY1zvzdWB (0.00203928 SOL)

Signature: 4xnmopFozXNgHuUxiFcLy6mMTD6PaeH5JARWBxcom4nqXkrf2bNJbS3aVKMswHwXdVbsKcj6BhnLTq6tQRrFYh3W

Transfer 1 tokens
  Sender: 9hkPXZAmBR5eWk6GuSK717TCw98Q9xZP812S3v5Jb7KP
  Recipient: 14TJ82sAjiw2A8rTqGiBeseHp23RZqf3yZ5PovWSb2jS
  Recipient associated token account: CLRSRp28G9pwURP79QytCLYG96cpddGkmJKGV6BLrt6S
  Funding recipient: CLRSRp28G9pwURP79QytCLYG96cpddGkmJKGV6BLrt6S (0.00203928 SOL)

Signature: 3LzE45NGWZ5zz2tR7Kfo7ak3jXW1swJGzfnoxuw67Gf84wdAerk8Ln9jZZfj8C9CkaDfHuPxQiBAWJ6dKHubiApF

Transfer 1 tokens
  Sender: 12sGHQo9tvdhFJ51zjgWf6LGgiey2LFTA1syjSt6HimT
  Recipient: B2xHAEupwfcGLvmrJZmrsAFdC4qoQRpoExjn9uZbDZyH
  Recipient associated token account: CsKnYuXBpqBfGTYsNkgskYdyFBo9K8mLRnwU8fs2fDzY
  Funding recipient: CsKnYuXBpqBfGTYsNkgskYdyFBo9K8mLRnwU8fs2fDzY (0.00203928 SOL)

Signature: 4kErJWr9WjU4yyFhXnk2Yq67Uu2AEzrpftQkt3Ni4kQSEtXPxy5bnPePqCRWUUt3tADZZK4v8toxin4bXz2RKRVd

Transfer 1 tokens
  Sender: FWPCyXwyRkPu5G6ePDtjpf2XhLgon9pyAzSSDU5U9ABU
  Recipient: FcfF9nySDutN8H5Mw9hXV1P5UzUWL6F3zH9Q3c67nMaa
  Recipient associated token account: 6rUhFFDpXN79Yq3yVFYcwa3LXMkc24AmyA4z3mj2S1JT
  Funding recipient: 6rUhFFDpXN79Yq3yVFYcwa3LXMkc24AmyA4z3mj2S1JT (0.00203928 SOL)

Signature: 2Mu52QGD9N4SP8CrHpGk5pQWzorqCg8YKztHS6GPVYsFfJSQsmPyXSrBfWMCG7upnqYyXqBqvftdBPfsEzRmoWdb

Transfer 1 tokens
  Sender: 3dgwQZ3eFMpRrwFYvf95jdS1N5xaahcncpUUeH4oBose
  Recipient: Cm8cYtgtfyULCzisqUnMg68aqqi12PGZScouQfJRfrG3
  Recipient associated token account: EiRvfTQaKA3w2CVL8R3L19X2pkqaCRfheWM6mTcdBPgS
  Funding recipient: EiRvfTQaKA3w2CVL8R3L19X2pkqaCRfheWM6mTcdBPgS (0.00203928 SOL)

Signature: 28YeFq62MBfjD1YnxtbzCpnNKBXPgKS5P6uyGU1DDAPReBwuddnntXRDGQXWTNkQoAXaFZt9qgNJLfobZPng7epv

Transfer 1 tokens
  Sender: DsM7HyvTdCPp6xFNoyNwWwyjLbA862a7MKieENK8QJ9q
  Recipient: 4QkDisTGa7vQJe2QGmRU9gw1JmFcHgnXmr9wot9obyXh
  Recipient associated token account: F5tHa4bihWcNgjcsMMU8rcfCkvRR1GHJZ8TNAw9vwXdb
  Funding recipient: F5tHa4bihWcNgjcsMMU8rcfCkvRR1GHJZ8TNAw9vwXdb (0.00203928 SOL)

Signature: 3uDK2JrzezAbyHZgG88ifsKkNsj7pTzpFrqLwTtzEapLdAUfPF74ZWdQ2vf6RPZFGzEVLKfqdEahksn3q1b8xfZg

Transfer 1 tokens
  Sender: BbbGAigki1JTgHyBbDM4da957fMr8p9wEF1AECCfLtL2
  Recipient: 7TzR9o5VUzuFwbsbRf8QA4SdBVNGnUSzz9ZXEhE6bYFd
  Recipient associated token account: 3x37n9NN1jmCrzomDqnWkV7WU1WPaCunkv5U5Kx6Mf7F
  Funding recipient: 3x37n9NN1jmCrzomDqnWkV7WU1WPaCunkv5U5Kx6Mf7F (0.00203928 SOL)

Signature: fHrco6WFNjgMKwHQPxnxqX8XSsSZrTeCVuTRVAngT3BH2JbNDmkwi9kxZc1KgMx8RCzcG4GVWaR1nSmYSLDvzQg

Transfer 1 tokens
  Sender: Hxt7Qok3KFoeKf7Ra9qTBoB5EyKDA8RqZjhxzUMtifXu
  Recipient: CukDLHKGdaDKkVkU8SJbjcCpiP5oWR9UDzPpAt4B3r12
  Recipient associated token account: UrdSYvWUbg2oocqBpP5ZAe7ZeukHHbnUcpiKYusNSeR
  Funding recipient: UrdSYvWUbg2oocqBpP5ZAe7ZeukHHbnUcpiKYusNSeR (0.00203928 SOL)

Signature: 2wbEAiVRhQ1FZzSo81han2WKJNm7AuEtq8pfxGpNuUci6d8GASphPRTUgdizK1w5bPcUXsgkdLB9p3aq15WY6ynX

Transfer 1 tokens
  Sender: BBy6jURLGYUVMbJ8rxCkCXcg3o3wg3e2Krfeevo5Vu2
  Recipient: C3e1XpzZy8TnGxYqeoQcgJQxR5f32n8bL3YqrfgWFCzX
  Recipient associated token account: FhP4vhJq466ZYT79ibZ1MJenUoBLDsfFgvTGyd6zekqM
  Funding recipient: FhP4vhJq466ZYT79ibZ1MJenUoBLDsfFgvTGyd6zekqM (0.00203928 SOL)

Signature: 3qkmp3KG5npeQ7rwKUeUSrnQ3np7LGvRjSymqbexxiubSxEyKRFpugHmDuivDm2TA4RfzZgddZcnXbtmbwLytegc

Transfer 1 tokens
  Sender: 9U6JMmnnC9rTEr1Pev1k8TooEZ8x1RqKHZ7QykC32WJ1
  Recipient: 3q8rv2582FwPYGsFSqeb811mULnNDE6tHv9DviUo6bQi
  Recipient associated token account: 5TJnWa2Zk9GnmCmqjpraHcKrmkJzQcAD5wE8awQztRaf
  Funding recipient: 5TJnWa2Zk9GnmCmqjpraHcKrmkJzQcAD5wE8awQztRaf (0.00203928 SOL)

Signature: xpDAtrz9KH3GrYBKW3iSv5QmTfSTJP38hj3wemAcb2mbank2eYXM8pMHETnG7sSznPAwArz3U4k6PtEBT6WSFD5

Transfer 1 tokens
  Sender: EkDc9ftaL1WVr5bBhksLUWQAD9NU8touBFNH3AqWzi78
  Recipient: EFFPZ1oso3xFCHZBiPhYL2RKfVVBSZaiZHWiS7Ng2sgm
  Recipient associated token account: 4Zfn1DTU1Vxgw58vf8AAgo6kmLAPb58FcU9SzXgDTLfT
  Funding recipient: 4Zfn1DTU1Vxgw58vf8AAgo6kmLAPb58FcU9SzXgDTLfT (0.00203928 SOL)

Signature: 2NBQxvy8m1mCCsjo6BTQ5PrADT45S3kJiaWqFx1Xre8icvYUA8vCUGfjHnQRkonGJsnRkesCLhUCGdy1cbPYBW8P

Transfer 1 tokens
  Sender: 2d7Sin3zzeofutxWFZiMn1DqR7D6hV5QJ2yf3QDXiDJE
  Recipient: 59gMFGgo8vfgDGnevkpPchjteThHXce4o56qENi68MMc
  Recipient associated token account: aGWcZfCqw4j98znsXZq72FEGabPuWfskwLbfu1sLe5i
  Funding recipient: aGWcZfCqw4j98znsXZq72FEGabPuWfskwLbfu1sLe5i (0.00203928 SOL)

Signature: 2XAcZPj7Ph25sLkruj2bsuuBq41KSPmsL9AjvShrF2wBgEdNBo151DaLgwxn5GCus6dKCNJ49PJEjeYRpdjDxWq4

Transfer 1 tokens
  Sender: 68sqfQzyGvGf4p3FAAjkjWhCpeenMRDmPFiRJ531a2Q7
  Recipient: AEUto3eFWHLAmmVRq3Vo2fmHXwte525jQGG6D7pN4RRd
  Recipient associated token account: Frknbe9GV5NSN7affVJQ8VQA5MRFbf7vQ2wW6GpLjdv5
  Funding recipient: Frknbe9GV5NSN7affVJQ8VQA5MRFbf7vQ2wW6GpLjdv5 (0.00203928 SOL)

Signature: 39YsV8fdVRpCfvg77cb2TAXaXG7tHqRKxpZ5VxsicBYiheA8iACTULnrThbSLekxyQLSdy92gYMhckyNWAeeK1PE

Transfer 1 tokens
  Sender: 8uLxXPY37ASuJbD4EkwqZkyoLmt4798RXeNx75Xo3Sdi
  Recipient: 3yHq9S9xd8GePLqi5VmbJfffN7Bo9vRQtDNQN1UD8RSP
  Recipient associated token account: 37Ukzzg2KZFWafKpNguWqS3Q6ULtSr6TWsYcsSiyeaqQ
  Funding recipient: 37Ukzzg2KZFWafKpNguWqS3Q6ULtSr6TWsYcsSiyeaqQ (0.00203928 SOL)

Signature: MSvY9AVePNcuygZ2A5bXKodDQQtf1Bn39T9EWYnPnHyzNGYXJyHi6CuyBNS7GBkHWjYGp9Gb6sUr16RhmVSAqu9

Transfer 1 tokens
  Sender: HChdT2A2yMPeqforTCoRkae2MV8SU5SBiqunpP7vADiJ
  Recipient: 5nH4SNp9Hhigqmjd8spT6UyLKN8okssmWJ48uCGfWf3J
  Recipient associated token account: JE7PsUBe3GvaRe9CEVdpsJ5oFLGGVt2eZty474MNudXG
  Funding recipient: JE7PsUBe3GvaRe9CEVdpsJ5oFLGGVt2eZty474MNudXG (0.00203928 SOL)

Signature: 4wmCwLgDmQ59evasnRgCNDk5vUaAjvW2npgFZAtX6VPPG5acuy3Bz45GbSGdwK6eNNszcJwnxY1QD6ntctA9Awjh

Transfer 1 tokens
  Sender: CwE5NTpXCY9gBqS9fsSEop6usbB1j4iYtWHipmzzAMaP
  Recipient: ETNk8FZ83JfF8Tpq5gsiRyK7pvda2e78iEU3cprnrgtA
  Recipient associated token account: CuKdYxQwovch2zZi64DDeL3hkRZATnbPJ8U7MAeP37F8
  Funding recipient: CuKdYxQwovch2zZi64DDeL3hkRZATnbPJ8U7MAeP37F8 (0.00203928 SOL)

Signature: ECUNoFHehGndSNH3q44PKM72ZTSACrqRKEHnrqJUfJBxLGrhzx9GdMZRzGk6TNnqEBwVV3L2HNJJ3c4GhzJPds2

Transfer 1 tokens
  Sender: 8h2QqEw6ijHXmKVzj2Dwskk8JLGzHZkQkUG42vRLGDsZ
  Recipient: 57jCPDqnYFYCH6QLK9wxRGCocZTdT8gtDNmurLGPYNTn
  Recipient associated token account: CaX3zbJccbaULsUyK4jhBeNpgBvttWgdhFu4jUVRZYHE
  Funding recipient: CaX3zbJccbaULsUyK4jhBeNpgBvttWgdhFu4jUVRZYHE (0.00203928 SOL)

Signature: 213D8FH5GGVTYptrgDQBjB23yn6fBTYRkjMxpwevPH1BCQBbRv9hMfx1nFtP7i4T9Q5Z3KZDjNwtiQHPqEjZ9cFi

Transfer 1 tokens
  Sender: AsEJYm66LGCmG9GhztQemrBq6ByevYfeLyh9U58yBGmB
  Recipient: 8obrbotEoNYqssFEgAzG6FPqkCJLFUYQVnCgFzjezJGn
  Recipient associated token account: HAwqfzzrCMsZcsF3p9M8uHPh5fT3UYp9h6rtkdUthyBz
  Funding recipient: HAwqfzzrCMsZcsF3p9M8uHPh5fT3UYp9h6rtkdUthyBz (0.00203928 SOL)

Signature: n8ae7rnJaqYS6wRM7mq4UCKde8DhZBhY7PJUwgYgFyUoNKHw6Urpif69fra3Ziu2GDBjZY216DiieuKyh5EdJMh

Transfer 1 tokens
  Sender: GYJXEqy6Huif9qmhniGVM5bXiWKEvKcy1KzTk3Z2Wa8k
  Recipient: AEUto3eFWHLAmmVRq3Vo2fmHXwte525jQGG6D7pN4RRd
  Recipient associated token account: 3hWP1ywTSgaBB52rS33FxraxAXKBbNe5UitLUYiHzBJe
  Funding recipient: 3hWP1ywTSgaBB52rS33FxraxAXKBbNe5UitLUYiHzBJe (0.00203928 SOL)

Signature: 5qR7JcSHZr18dE2MCQZvsw1Tit3uktVtYxauouf2BRqzEqyeFz6Y38R2zYXo2w1qLQm7CmSedKtexa1xzfHVofF

Transfer 1 tokens
  Sender: 647frjCRdLx4WuGoqD3CjfnFejdoaQNxY8eSwy6A5bLp
  Recipient: 88XHNYEHYmmoz1b7Vg7WapXLpfFxawJBqi8cs5XaFmgi
  Recipient associated token account: 8wqDJXeSpG42yzBngZrWMQBW65pFVe7XQK1iP1L5mEWT
  Funding recipient: 8wqDJXeSpG42yzBngZrWMQBW65pFVe7XQK1iP1L5mEWT (0.00203928 SOL)

Signature: 9xSMiRnEJ3VSWhpqkcEW1giKRpemMamSFrp5vxX6EmV2Wdm4yc13ZwgSiempUxeZt6bfv9LCVGttJnvoyQckjXE

Transfer 1 tokens
  Sender: HzTbVh8rXq6oAABzBoPc5ULsCo9VUQekKFadVB2PMxbQ
  Recipient: 2B5KNHScvQkfsc5RAaSqSxUn6mfJunN5MB9GbWp4tpy9
  Recipient associated token account: GSySDs84VE4t4Epz3HWYL87V3UkunFievZeKJUcpuQeC
  Funding recipient: GSySDs84VE4t4Epz3HWYL87V3UkunFievZeKJUcpuQeC (0.00203928 SOL)

Signature: 57sVA3dnmHef7Z9tWYV5XuiWZhFF49e8QiJMnre3bnFDwDX9V4ffZzXzJGnZMcwRYMdXgR5pVKUpcEKnRvB3m747

Transfer 1 tokens
  Sender: GDB9oAeT2CjW1YLHTMP3kZRmLeqqHXRCgvx4dyNCC1d9
  Recipient: 5yu5Xrxa9gz5wMSDnXZYxdYFuDrgQdErLt6QUixME9BR
  Recipient associated token account: E4guJywJSBVQwKw5MLRAybgRCZ8UThGNg6gd6QPUJfeN
  Funding recipient: E4guJywJSBVQwKw5MLRAybgRCZ8UThGNg6gd6QPUJfeN (0.00203928 SOL)

Signature: MLjqdmGHSMgJWBFft9v7bvFgo5neK3DqApHbMhx7RHk6GdWc5wHX1me5Mk8UFHRw4oPGbrcEDKLjmjya3UtKv43

Transfer 1 tokens
  Sender: GzSoun2ZSih4xB7RTXchp8jTmz3y7xABULPCgysrtqt6
  Recipient: 7RvtX4WGag5Ggy4oMtj2ni3oc9amEPmscdHLGvGQdZsh
  Recipient associated token account: FLCbwLY5o6Xu9ymd1UaCyeBvTSU5UV3jF9sofy7Wx9sM
  Funding recipient: FLCbwLY5o6Xu9ymd1UaCyeBvTSU5UV3jF9sofy7Wx9sM (0.00203928 SOL)

Signature: 54eEUKyXdsGGNoqK9dLQMZVsovtQrmnD2hjth9mj2NM79JvxdC1FDjADP3mPgHufgYSzMoE2jgs5LRfpgiRSb3KK

Transfer 1 tokens
  Sender: DmEQVebTJbB6SCKGt1uXHcb2gmiMiyECS5AASkFzfPCS
  Recipient: E1HzMosXr4mj4HaWCoycnzrb4YYSGaXbmZ5YMVi7C3Vo
  Recipient associated token account: 2i13588Nd2XVwoSMzb5tD9kkZnDGonduo8b4UqHhG25U
  Funding recipient: 2i13588Nd2XVwoSMzb5tD9kkZnDGonduo8b4UqHhG25U (0.00203928 SOL)

Signature: 3iGPX3XbYAYMi75U8agQ79etRb3kJtfKMBKz7b7QtFuZXsLhjHjPE6f6neykgNmU9KmXDEmCbfpyfCfQCesU9v3q

Transfer 1 tokens
  Sender: 6N4QgTh7CZyqaVevU6qsUiXvs8btV7PcsPsjcAH16DMz
  Recipient: MvogSQTXToXV7MS8hDbvfWGoELDtR5Z75SGMUNiUddN
  Recipient associated token account: HdXRnyNnhLUvRfBgSdi44rzRqMcqSK4chHTvQZXNaZxa
  Funding recipient: HdXRnyNnhLUvRfBgSdi44rzRqMcqSK4chHTvQZXNaZxa (0.00203928 SOL)

Signature: DFwh3j9aNiKvj562HHnVuo17KscPUBL9G1pDTTNCpdBBMsPyqng6KiayGXo3qZLR86jwFB9VBKLNt7xZ2UujPP3

Transfer 1 tokens
  Sender: 57P5mC6WSYmsEnqC2tYkR29Eg686qvrhuW2VpoimdNru
  Recipient: 8kX16Yj2WBCz1sPXcimafGrutQkw3s3Swe9sR3gt3cC2
  Recipient associated token account: 5oV5aNFBE2ghizBiWZUuVXGfg86bVc4VRorfkQa5b3aB
  Funding recipient: 5oV5aNFBE2ghizBiWZUuVXGfg86bVc4VRorfkQa5b3aB (0.00203928 SOL)

Signature: 3QW9REwVK9cpjKK4ssfTRVW9DdKc9u535sLX58HQ6LZAkLWY54T6qEGqX7oHFiq8h22TsJwXNuShCGjye8suMZxk

Transfer 1 tokens
  Sender: Ch529mntLSRPMFcU1AiGUo5MzKp2viPmKSoLXJG4nUqo
  Recipient: E7zW6jXSsADmZgAnmVkRzA3cMLpUR5RyVGwjDK7GrgxK
  Recipient associated token account: CEUVnkHwA5GcELgJmvhRz5AefMCQk557SHt9dZmEzJwv
  Funding recipient: CEUVnkHwA5GcELgJmvhRz5AefMCQk557SHt9dZmEzJwv (0.00203928 SOL)

Signature: 5HJrteVNYppCCPNQvNbymRUvirpLf6mR1eL7LNXKbH4PaKz4kzgY91YBCHjyzyWbZsKgH1yjZybm6Cpun4gxEepS

Transfer 1 tokens
  Sender: Fs5bsqo3bWXTDef8H93TSHchCk2FkxvBy42WXTL4hApz
  Recipient: 66oqNbfDhAAzaw8iYc69z8ZtMUHCnixUgrpo9599GtB3
  Recipient associated token account: EERu4EKifbQ4afReYR1i6WBSm1SrF8RNKwWL7dQmt9ZG
  Funding recipient: EERu4EKifbQ4afReYR1i6WBSm1SrF8RNKwWL7dQmt9ZG (0.00203928 SOL)

Signature: 3Y4sncSNvfCmrVopjobYYpxjmhuwf1MCuecCZQfidwvXAbighwEpiMF59H6FYyPhCC1QAvn1CTHE7qFKmDh8VjUs

Transfer 1 tokens
  Sender: A2f5tRXpjk3QXWVAFUVnkSjC2zymKevnfJtpQjpkGcEQ
  Recipient: 7b9dseNu86g5znmNutVewevk33RYJ2FJ9UkmKycSd4qt
  Recipient associated token account: FxaEQtLFNqCStpWq1DMUjSRk2izU3S1zbBRxMouf7ahQ
  Funding recipient: FxaEQtLFNqCStpWq1DMUjSRk2izU3S1zbBRxMouf7ahQ (0.00203928 SOL)

Signature: 8mYFwbsNtQpCNJXQ3EAzkPdERxzjnCAr35vcPxenzLGWynQHXQPXNxu1ck1NLF3TzpUicjUWq2N5jm4VZgVuhEq

Transfer 1 tokens
  Sender: 3zBY8WcXMror9HGX9cyVwDYsavCXjYSKigUWcxLRf8B8
  Recipient: 5nTmScN9g2peTCRoffagCzrzpiCHzDZped3Lo1W4zb6n
  Recipient associated token account: B5BrfMn2eDvsGjjXWxH7hkYQiyYVFLrK9gkUi53Sxhfw
  Funding recipient: B5BrfMn2eDvsGjjXWxH7hkYQiyYVFLrK9gkUi53Sxhfw (0.00203928 SOL)

Signature: 5yg5LbVFf2AvxPPm1UnkrmorvsmXRtBWHS7pW8ikLgzE6Ep7HfLeMZdGnaqMoFzTwbLuBYGSYk42oVe7jBZoP1Yr

Transfer 1 tokens
  Sender: 8UyL59xE8ipVGJDzrGy36wYW1re2998HVUgAVwnxXv5t
  Recipient: 71D94FvV7Htcx5NAoXxojCbacd3vquGr8eSU4Sqr3sux
  Recipient associated token account: GP43BV2nVa1S3gfieufMPWrh54CEeLH9HrWNtUqJ8g1g
  Funding recipient: GP43BV2nVa1S3gfieufMPWrh54CEeLH9HrWNtUqJ8g1g (0.00203928 SOL)

Signature: 4F1du6jfKkPuD4fxzNgNVrCPd6cPnb8Yq54ibsRzAxoahqMcufjEGKx9aEZMVWpSQfViVv8MR178X3LkFj3kuZgf

Transfer 1 tokens
  Sender: 6X4T6GBVvRTmxMdwy2xJjJR9gWR5NuS6PVTb9KSU3uxt
  Recipient: 86DPGpA2H9gmwXaRzdcjGK9qBZxeTi6xYQF3u886W7HP
  Recipient associated token account: 13FBupR7gGYfZ39muDYHeL4TLMbCJJAU4fhXTQTsEAbA
  Funding recipient: 13FBupR7gGYfZ39muDYHeL4TLMbCJJAU4fhXTQTsEAbA (0.00203928 SOL)

Signature: 2DrZduRZkD6BidvDoSNbxPpMzCWqeXTTHsNFfxYucSyBoNcf6y7rhz9rbQtcwbcpRWFTm1ZeBpHsYx8DHDsrfZdf

Transfer 1 tokens
  Sender: 71j7HYeNqmiqJqM2KkFpLkSVokQG3DPVLyh6ZbhG5Rx9
  Recipient: 9ej7a4re5ZsayUKYpU91q5UEakEjCwK9mFb93zDAKwUM
  Recipient associated token account: FLPEZSGUX84DjFFkUZ4h7n71S8xYyaBc3bN89hXXejio
  Funding recipient: FLPEZSGUX84DjFFkUZ4h7n71S8xYyaBc3bN89hXXejio (0.00203928 SOL)

Signature: 51JDbuJ7Upp9AiqMx6VAqyKmfwJGgzKq6XkdwNT4s4h4NQ99JQNJqMoHZY9t4EXMDSVez6vDQauP2YjBFmfCYGxn

Transfer 1 tokens
  Sender: DCUCpv6tHAR4MNm5yWAuo8eRCbB1EgiXyKjNHtXUifE4
  Recipient: 4Qcb1VSCK5TwrXobaAGYjCYmU6zjx3zc1x8GurHA3bhB
  Recipient associated token account: 6Mm1gyQfS17ghK6cZYy5gEV97Ve8zhmV8hqRVocD72pm
  Funding recipient: 6Mm1gyQfS17ghK6cZYy5gEV97Ve8zhmV8hqRVocD72pm (0.00203928 SOL)

Signature: 2jMqJQu9fvM5Re92miyUpqBm3awyzBZrPDSj4hkTE3aDiwz1RKjpyL5zNg5gBjzMtq2Eko2p65NJyiUgXfqv5PoF

Transfer 1 tokens
  Sender: 6WpufPNA8SpJdUnHncmR2yxY821R1EsAaPNimwic7zoA
  Recipient: 6pmBU4zdu5wNap6mEwhYiSocZYGP9ywDYhXsSswPPPqE
  Recipient associated token account: DzURDPqTpp5EKCAzV2B5dZdQn3QCPVXc49FbmVYirkPc
  Funding recipient: DzURDPqTpp5EKCAzV2B5dZdQn3QCPVXc49FbmVYirkPc (0.00203928 SOL)

Signature: 3A3Lk9q1LXN7HTf6BkbyGr8RAoYQZRqM71gbQp7iwuQLkUsD9TFrDa2vTByRMS6gMxuVmDPk2YXydcVb3EsWwyiV

Transfer 1 tokens
  Sender: V6dNxU24v3Z2ABGgxhXRkQjjByiceNdKy8ixmueMWiP
  Recipient: 7sci5xhxoUKaqHUykdwZsyJcsBCrHDEPr688F5oHPQTz
  Recipient associated token account: 65jmy4ChsAn4akLhs8iCSZ992tJWY9JVmP6LaRfsBASH
  Funding recipient: 65jmy4ChsAn4akLhs8iCSZ992tJWY9JVmP6LaRfsBASH (0.00203928 SOL)

Signature: yJJXSjhXY5ojSNmA9QKBDLqhT7EQHED64sNrfz9CDTjdA4dhgoNRUzyXadq2Ta5psX6NBqhV7JZAs8bgiv7DoBe

Transfer 1 tokens
  Sender: 8pn3vguu4be37uSC82d7Pkr1kUDMg6ZEM6oAUM2jJ1S
  Recipient: 8WYRXiQXQSoAMw8A25HuTiTmkg2Ax5YTaBxmHZk6s5LY
  Recipient associated token account: 8bWpXxz4n5MGzPdxN5nzkLqSTVsU5bztjWNbnQHHbiTp
  Funding recipient: 8bWpXxz4n5MGzPdxN5nzkLqSTVsU5bztjWNbnQHHbiTp (0.00203928 SOL)

Signature: 5he9jMn9PsVaNdzAgHzgmGDa7TdhgUTZDN4t79aSVyX5GM9p5KQ5p5ANWAQJFSi2EQJ7y7rF2x5THsiaWb4EXLE6

Transfer 1 tokens
  Sender: Bn4zreiBZMxFxxiJdYrnAZjPY9gWwP5ThpbiQMsdNkVh
  Recipient: 9EF1tduAEV4aGKtTSBYLnpdTYRgU1RgmbTfMr7qnHxLE
  Recipient associated token account: 7DDyuC1KhF6WU4VjnpJWVh76yhyJDhQjP2ium3nP4qAL
  Funding recipient: 7DDyuC1KhF6WU4VjnpJWVh76yhyJDhQjP2ium3nP4qAL (0.00203928 SOL)

Signature: 5GfMLevmb47G5TD4yDKwyQRbFBaSRQJ9oJsF842ok6hgfT1qbLME9VHDECojLGYsQsusxUivF9drn4tSL5WLnb7K

Transfer 1 tokens
  Sender: HHqDN2CesQMbtkhxusY9Chj36wpbSQymRbLG7kSBGroC
  Recipient: CPCi8GtA5mxcs7Pjv2rxXihs8chVoSLiPRFGFv4ik3EE
  Recipient associated token account: 8HFyw5PPvhNZq7tgSjENfrzvpCzUDdE2DSzy8f2fBMQm
  Funding recipient: 8HFyw5PPvhNZq7tgSjENfrzvpCzUDdE2DSzy8f2fBMQm (0.00203928 SOL)

Signature: 2qvZNzwJ6NFL9Lv7U7y2Y83DkNhDNJwxxUymBbFLDgHpKQ2zXp685L7ucpsmXmXX7ADnDP8SryA1BrzoGWzAyddc

Transfer 1 tokens
  Sender: AaXf7HNgov2GqYjUCoy9oJgE5or7p3ZmxF6xCi88CC7s
  Recipient: 9AEwm9w9QbeLiZmy5qDCVZXvatKLokHhLPRsrHogcyap
  Recipient associated token account: B4RLaxTF3LcugDXfCzumdeRjZYjMi5ypQnGfoKq2eXiH
  Funding recipient: B4RLaxTF3LcugDXfCzumdeRjZYjMi5ypQnGfoKq2eXiH (0.00203928 SOL)

Signature: 19FteoLBq2ka7Kpob5TQcsnWf7LcxwCGuLRrQm5mupA6HQWFKYAHWzd67eRrGH39nFBuC4yPM9B6YXMqbN7m86H

Transfer 1 tokens
  Sender: DdpNmhMUJ1BKscSrtVsnJTBXek8x139FY3Yb49hErr7x
  Recipient: 75YdTkYu6qvwcJBijJdydkdZBzseHnAvQhjkXsUad2zH
  Recipient associated token account: tMwhfLkTuYnfNb5Gie87Mm8cKJ5jSC2q4jSgLQiJxrN
  Funding recipient: tMwhfLkTuYnfNb5Gie87Mm8cKJ5jSC2q4jSgLQiJxrN (0.00203928 SOL)

Signature: 3bvvXBwZNzA1bJ8Y5hTuy6yEgGg69i99HjMcrQrhKqxpWTn8C85N5F9d1TeHWX6oEKhKt6U2Xx5egcBtUTwoF9Tr

Transfer 1 tokens
  Sender: B9E6LX3kHC8Asc87wKM4wYEDaoWwos59tph5HQv3GzGs
  Recipient: 4rn5JzieBFeXfo3zBp4DCBvGXEYVuyo3FaWW38vtT9SJ
  Recipient associated token account: Hyd6Gm3CrC1cjCF5qSPoU243sRKehvxiuidmLYCLxja1
  Funding recipient: Hyd6Gm3CrC1cjCF5qSPoU243sRKehvxiuidmLYCLxja1 (0.00203928 SOL)

Signature: 2EMHMAWKAoEAauKEYXeYWpYtU2NAcr31fWFYPsH6bE4gJoaTYfmoas4ksNSzJXBqySrHKp3JUrUQmahEuDPDPdTj

Transfer 1 tokens
  Sender: 2QLGmwXgdfpC83DjY9kydbRVBVvbBJEtc19GDVLt6hV2
  Recipient: 89aFxgg8VHgDAh2MkmjnKvjVkbpavFV96Lau1XNdU7o5
  Recipient associated token account: FmcBdaLjPdo72cD46MoMDVyuZZyo675FjwGp2iG2Mt7K
  Funding recipient: FmcBdaLjPdo72cD46MoMDVyuZZyo675FjwGp2iG2Mt7K (0.00203928 SOL)

Signature: 3ypujvUxTJq7UbWyPp7uRZZgAKC2a82dQwHY7RUPNN6fRCuYv6CTSETufi1pCD868duJgM25eSpZkL3fHKDcV1o8

Transfer 1 tokens
  Sender: Ac2DyLhjz4AuymESrDrRGbVQzXWrnWUd4D7wTHDH51qN
  Recipient: AMnL53CPuiU2GeuGXE6kVj4s7zahgodv2p11tnT57jCC
  Recipient associated token account: Bz3iTx4MGJ3rioA1KnS9mB87xpu45CPo2bfNLfSzvD3f
  Funding recipient: Bz3iTx4MGJ3rioA1KnS9mB87xpu45CPo2bfNLfSzvD3f (0.00203928 SOL)

Signature: 3DX4ueFiomwUHDVTUVYFqk3HEnkR6t5ncQw8hJ1oVLuGUPGAfejXtN1FMGokD8UVF7FwtwjTkqr4i9QFqaKysLen

Transfer 1 tokens
  Sender: D6NbxUuPoNeoRiJ4UkBcKEqTQ5zHEAoonj7ihaXcntg1
  Recipient: AVsyuXLQRWCUGQ9L3QBc7vKQtEQduZQK6uhqfhbxGCwY
  Recipient associated token account: c9m3iGVyhJzWTcWkhuvfVBPNotCqcMaqeCoiKXMBfpJ
  Funding recipient: c9m3iGVyhJzWTcWkhuvfVBPNotCqcMaqeCoiKXMBfpJ (0.00203928 SOL)

Signature: 6hro2VSFgC6sMX1CHTKsT3JsAtvcJChEtbHBsZpmQ29SiqinnDtCGZZMv3q8Sz3kecWBfqbtraJn5DWskcrh7Q8

Transfer 1 tokens
  Sender: 2F3vMJ126LZTPHPVvCXL96WSKWx1GTBnhacJv64gm8vQ
  Recipient: J4GgZY8CW8gX1qa85KcTXrdn9WKsNCpMJyJDi2NEBeNo
  Recipient associated token account: Bx3ajtSUR3pEAco99CG8HSwE7GzqVJkkpLQzWE5eJ3z8
  Funding recipient: Bx3ajtSUR3pEAco99CG8HSwE7GzqVJkkpLQzWE5eJ3z8 (0.00203928 SOL)

Signature: cpiFCQFq5DZxHGB89R2ME7b7ZLAsSDw41iHANyQMkRmW14c4KXQss49EFppmwJ36a75Hh6tn2TKQaXvy4mmx4P3

Transfer 1 tokens
  Sender: B8Eh6UaaQVE5fKs9MWqLGXd879oWjQ4sGSH4vRS19gK2
  Recipient: 8jM2e7C64cuhLd9Jc2UAQKUiCfgB6nP5LiugTzwoeb7A
  Recipient associated token account: 2feAhwuMmtsveC6DiPCL3jcax3CCGQx1PA2hZNk8a1tE
  Funding recipient: 2feAhwuMmtsveC6DiPCL3jcax3CCGQx1PA2hZNk8a1tE (0.00203928 SOL)

Signature: 5i9N5meqAJcp4JPDKBYsEygp9BqmST2yEmnRrQiW9vvscN3xU4xskZXdU9chXqj986rRQF5aF76Xo17XAxpocqwN

Transfer 1 tokens
  Sender: BNSuUHTdj7m7MEcLcJdsSMyvFq8dTBkjZgjxHaNax4cG
  Recipient: 6SHRL5r8BBeJFVcg8Y5u2VRvEaYYweSnYtNLjb1N48qw
  Recipient associated token account: DYDJziCLSPnhB1dRWcLhN3tpjgRSedH6PUXpjHi6DM35
  Funding recipient: DYDJziCLSPnhB1dRWcLhN3tpjgRSedH6PUXpjHi6DM35 (0.00203928 SOL)

Signature: 4HchoDVkwmxX8c7j3YjyLrCZb4qLatiShVHBjssfA4jAjhimNdqBJnmpsRXmp4HZVDpqE27Law3dU61JnyAcyPNR

Transfer 1 tokens
  Sender: 6k4MhshNzUqfJE837fVxzG5ErQSEPimEPS3DQR7bJoMC
  Recipient: 917wwwdLEmCBvyz5fhXmfjL1YBakvkJEiHEVqpTjQf9u
  Recipient associated token account: EGBeDgMu5ZR7ZV9Q26ykUNsdMEv8AChYxiXrG8Eqcb8g
  Funding recipient: EGBeDgMu5ZR7ZV9Q26ykUNsdMEv8AChYxiXrG8Eqcb8g (0.00203928 SOL)

Signature: 38sGGCEySWuQhjSimCh7D9xGBFXuCm7VFXwnoExwhK3TxkUGn1MSnjLkinF6RKqSWbk6HkSu7Ms7r6kEY2ccGrJV

Transfer 1 tokens
  Sender: CCNJBrKQ1fmpL8ws3UFvgwyLonJqf2Uz26YMq3PAkZAV
  Recipient: AjYnxQfkr5WCMJpULQ5eqYdDK5Nq5by3bMZv8223WQjj
  Recipient associated token account: 2U9tFe2bzeuevkroCJ7tSX7N9211yb5BKHoaY1f477WS
  Funding recipient: 2U9tFe2bzeuevkroCJ7tSX7N9211yb5BKHoaY1f477WS (0.00203928 SOL)

Signature: 358toZy6CjQdjMv7Trf3hHFPhurTaRj6zytjbDrR9upbDVZVddbsb2pSytbM4iisQ37JizCxL7AUb6pyHtYBDXAm

Transfer 1 tokens
  Sender: 3LMq264yEnKqtF5FeMJgvevgV1TcHJkkaTNA1X4933Qo
  Recipient: DCTeYphaDsdFWZ61JXusR3dwLqKWkYgCjkxZSQvPzRuK
  Recipient associated token account: 7m3bvXTGUuicuN3tKtykm4awwkDa8WF2Zsk1LUBTj5jy
  Funding recipient: 7m3bvXTGUuicuN3tKtykm4awwkDa8WF2Zsk1LUBTj5jy (0.00203928 SOL)

Signature: F6DgUbcVKtcR4mrVfsEtmDuB4HoMSeBZMZ69sS173N3k3UvyUFLPytpdJP6vM8LdKcEA35ZeXrn2pWQWUv4vJyS

Transfer 1 tokens
  Sender: 5MghJuyoLyGLGHuu2FsTkiRghwUVWCw1XyXUpqAjf3Cu
  Recipient: GiLkreuRj6JsRinbAoaao5bYpXFm89yepNx8TW2NKWmy
  Recipient associated token account: 86EgN1GgKF7GkpkbUvUs4Hj4N25UYaRFvRpLBh5Bw1Q
  Funding recipient: 86EgN1GgKF7GkpkbUvUs4Hj4N25UYaRFvRpLBh5Bw1Q (0.00203928 SOL)

Signature: 4UwFVPozhNVzbzucxe4XKMGZHq17Mczv1MbhGhULBYCwPQSpXt9teZFX2iTxGENFnWbfMx92t1v5tmtK3ewL48dv

Transfer 1 tokens
  Sender: 6T4SzCSsjHrehkwUz1SdjwzTJkh397TDC4qzwcgHjfwV
  Recipient: FengiWQSYF13nh4SCEb4A6tkNDYALF5zwkvh1zAYWXet
  Recipient associated token account: 2jVd4W69xHrCCiqcFZ14k48MafBPzzYvarrWf51r5VNZ
  Funding recipient: 2jVd4W69xHrCCiqcFZ14k48MafBPzzYvarrWf51r5VNZ (0.00203928 SOL)

Signature: 4RKd3itYLNbiF1vduJvMY5FFbFha4VBiuaGPpycGzuidcRiwpz9sPMGtcLpwZ9fhuMQLcEyNEZKYQu6SnbinghuY

Transfer 1 tokens
  Sender: EXk3jpYTkmqnMdorfgw7zu3v7coMbNqCUPv8XjMW8eXA
  Recipient: HXwpfdqNYevtCBkugYUpkMCD23z8Jd3A5oEknGpMHV5z
  Recipient associated token account: 4FoPRYt3D5wKBeSbgvxcosMc2kwqdb2tKjbwXHGeJRCA
  Funding recipient: 4FoPRYt3D5wKBeSbgvxcosMc2kwqdb2tKjbwXHGeJRCA (0.00203928 SOL)

Signature: 2gQ9DKCdsvbtvmCYMgT4p992Hj9wRR61iuLaUDj9YYoXJhxQLRv96qryN6hqkQZetYBtEF1aojhpGSgjrEHhqtmZ

Transfer 1 tokens
  Sender: UA4Q7edKBFQRDRUE9q7a1FsSjy1qjXwhMw43ufj45NE
  Recipient: 4iuz6Sieqaf2snAUqt7UUAGzc7FwYZSxV5PUzsKVuCt4
  Recipient associated token account: 3wWMZ7uv1BhDnjnR3Sty2178FKARkTVV6G5FDZY2hNPJ
  Funding recipient: 3wWMZ7uv1BhDnjnR3Sty2178FKARkTVV6G5FDZY2hNPJ (0.00203928 SOL)

Signature: 5qT368UvpQAcpYuKw6se2Vt1MRp1sQWYptg2Vkxn2uzoSDh42s4Vx8jiczqfoR2ckEbCRraNoM1B8FsQpJyaRocK

Transfer 1 tokens
  Sender: 7FJNMxozkE6DjtHyuA2Xg8xiHnf7gQnSZwSBEbVG7ke5
  Recipient: BVFTQzEas8kMPkcugksaTTuLnQJ8ESxtLryk4ngdyvjU
  Recipient associated token account: D9MsyEHRemzKF65VKGomNfGCy1NcYrvTLxdUi66ThtXu
  Funding recipient: D9MsyEHRemzKF65VKGomNfGCy1NcYrvTLxdUi66ThtXu (0.00203928 SOL)

Signature: 2FTnW3qhKQQDLj3Ei1B2kwkvxcyJXwNSaMCU65DDBHDk7Fvuz9H9z7bnZGALxtbK8QStv3QdWDcTeL9jxRykkCjJ

Transfer 1 tokens
  Sender: 6fKRSYzpd8RobXbuP9hLaLn2isAjN38YMq3jh6opP7KM
  Recipient: 4UwXJoMgqKDFCkNhie825pP5uvvjJdwLNgGSZdAuBn6t
  Recipient associated token account: EU9gB7jfpgy1Nu7T4BG14ENaq6iUx4XtE9cebWx1ynq1
  Funding recipient: EU9gB7jfpgy1Nu7T4BG14ENaq6iUx4XtE9cebWx1ynq1 (0.00203928 SOL)

Signature: 3jpbgGP7swvTEovmb8s6GLx6be6gQ3j8kwKngSEHMYcMyz8evGQewPZK7a2H9PZu2jNCfWUaPbgewjpKucNDk5AG

Transfer 1 tokens
  Sender: 76YALAaUDcezVRzkJGaXgVYicsuskU5BS7sGuLSPcKto
  Recipient: 4cKqqwoADnQVUAapaq1CrCwpBwbvCSohZPzB8aHooJjk
  Recipient associated token account: 4JmsRLocRPNkKtNZS9s9Z2hdDvBg23WD2riYanecpJVV
  Funding recipient: 4JmsRLocRPNkKtNZS9s9Z2hdDvBg23WD2riYanecpJVV (0.00203928 SOL)

Signature: 47rVDJsKUx9GsDUpzEPQZzvTPfrTgRyPfq7ensqNzLkh8xNEbwA8et54PEy5g9RBWmZ7cxXJSnDe6yyWxv4TY5wd

Transfer 1 tokens
  Sender: 38x5E4jY2YmhBP8PK8jHir4uaj6dJuncMHMyNiP6jXQW
  Recipient: 3gpKVodfZ9wVbYnM3xhZKKF5ARVubP4SxWqdSvVVQGrn
  Recipient associated token account: 9wxqL5amN8nNfqCb6JHrHj3Gy7f3HnD5jodBexiYwrYD
  Funding recipient: 9wxqL5amN8nNfqCb6JHrHj3Gy7f3HnD5jodBexiYwrYD (0.00203928 SOL)

Signature: 4XQLwXwMXEtC8mDrVZotFLZRA3qQE8gP4smL5apPVNSyYRkZ4BSN3vgJ1zFFBzaradHucuW3TZxNzvGc9A6QGjzH

Transfer 1 tokens
  Sender: 3NdXoGE7Ef9kSYKU6czLX7ur5ZE42ZKd46vxjR3rAAZx
  Recipient: 2Knz5oKP4VsjF9PkA7WCyZWZsBig6zZMcp9FH6aRLwjP
  Recipient associated token account: 2Tvj9ejMSJ4vTLJcHxFxjLGYhkPAZiS4T6jrg7qJdBcs
  Funding recipient: 2Tvj9ejMSJ4vTLJcHxFxjLGYhkPAZiS4T6jrg7qJdBcs (0.00203928 SOL)

Signature: 3doBefJrMVrJKdDH3VogsvpuHSeU8L1rtFGbmYWdWEYwJUfF7HZRzSQpRLVuskor4TS8h16aXv2kb4K5aKM7JmwT

Transfer 1 tokens
  Sender: 3i1QbGxzZdKqseZhJkvFzxPDvq8w3eb2w49TdDv8gvPo
  Recipient: 8MkP7izHAshF2PDzVHJnMiXCAqVxERhSaHMZpfezGFzH
  Recipient associated token account: 3gatpGAisdidHBWJ74URU5PZS4cUDfBbtzxuenyTcSQA
  Funding recipient: 3gatpGAisdidHBWJ74URU5PZS4cUDfBbtzxuenyTcSQA (0.00203928 SOL)

Signature: 4HFeFF39xHBimtQVcQoSi3yTb3cTzodeg2tLr3WpnJrFzAd1MEXpp9acvwH9b2JXzywNakAFCL6mCpoV73evTTiH

Transfer 1 tokens
  Sender: Eb83GivpgY6ayP47fQqx445NyqweWhEEZcqa9fnp7DfJ
  Recipient: 51oET2dy4vCmZ1JMGYR9hbsvsLng1vcLD6z2AZp1uq1j
  Recipient associated token account: 73PJ8kR7BZbreoP5wB4Rh2g4DoojK2ApGPigzBa3DWCh
  Funding recipient: 73PJ8kR7BZbreoP5wB4Rh2g4DoojK2ApGPigzBa3DWCh (0.00203928 SOL)

Signature: 5XCeeGEJzMNCZgAKaQGcVfkGYtJjCgEbngxHER99QJ2UDaVvMne6HAutNsYTNETm6eDjtgjtFNQLX6JA5hepstzR

Transfer 1 tokens
  Sender: HkMY4fggcqvcpqfhTnPJMWiYsPikC7igUoUCGHR2XUS9
  Recipient: 3L6ffS5Pnn8saDvq2CfzXcr4iVWD6ggGjx7RQMG3GAJf
  Recipient associated token account: 34S3khLG3y8B2zHg9W61bFzCNm4Y2iNHxqMPGMKJV335
  Funding recipient: 34S3khLG3y8B2zHg9W61bFzCNm4Y2iNHxqMPGMKJV335 (0.00203928 SOL)

Signature: Zjk22CpkRwMu9QB3vVBXdkmXN8Yf3DzcnL6gZZS6rMAhu8GxvAGdVSeGZjkoSWpV3jptZrwX94qwPguNzdhu1ms

Transfer 1 tokens
  Sender: 7mpjeCjkbFjsFibN25wJ7RsBq1Hm9D7sy6VPcehjemrb
  Recipient: hqn38jc2RqvkPPWQGiaVP6ssvXuD8edQGjX57MeqABR
  Recipient associated token account: CGQ5gqmcSpSQXRPnkYf2gbFaWRQUPorf17mfLxuYFnP2
  Funding recipient: CGQ5gqmcSpSQXRPnkYf2gbFaWRQUPorf17mfLxuYFnP2 (0.00203928 SOL)

Signature: 4fKqz1bSss9S3CB6WPEFQXKecWyeSeAKvj8rFkjzjNYgFdigcAwy6WY4zRAs9HvhVmVFLoiQKRzf8EEU1BcZGeK4

Transfer 1 tokens
  Sender: GurvGiiE4ap1GB8Z41FnRgjbGcVQG3dXqXYecBefEnMT
  Recipient: DxuiZs18ep3t6MNEXg8rR9kNFqyfGZ4RfJrvkr6zHYUy
  Recipient associated token account: Dj7khvNvFCUpyGZ97RQuz4rtaUTQQWLmRHvve3e2LvWx
  Funding recipient: Dj7khvNvFCUpyGZ97RQuz4rtaUTQQWLmRHvve3e2LvWx (0.00203928 SOL)

Signature: 3vp6U8xdAyxSuX3uqrFCxxZEo4xnCCq5HwhRvWYoj7qxFurnnLYGeiSV8hygqE7ZycU3TLFFd4EkbHwFBJGKzM81

Transfer 1 tokens
  Sender: AXmQsEUXRD7KwyoScQ3oPCtfyzijnSkiWM8JiTA2WN2u
  Recipient: 9nF2vqusHupTTNgw3quL4f3jorvPdJ8VBPv3Uw1xt3Mv
  Recipient associated token account: 9dh5ZVrZdoN5JA916pUJJmpuqjXA8dbzEbwaWqLYFZxF
  Funding recipient: 9dh5ZVrZdoN5JA916pUJJmpuqjXA8dbzEbwaWqLYFZxF (0.00203928 SOL)

Signature: 28s9nsLfGuze2RWJYbbrR1ZGQiqL21XUkoZsiqTJzdT7LPjQCfMtHQ6RKLHCoycrTGHikZbLgJXVtyLRW6zwQtsm

Transfer 1 tokens
  Sender: 3i9zEHkViFE1eYg8kX4VrFUTzjyLhEzZ8QTeZnX63JRZ
  Recipient: BcSxzXBqEFt4soGy8kBfpywpFiUJNCiHoqMSXDDhRYPu
  Recipient associated token account: HJfPznStwcguhd9qh1xYNquJYyuEgva6CDyB23wy3bAs
  Funding recipient: HJfPznStwcguhd9qh1xYNquJYyuEgva6CDyB23wy3bAs (0.00203928 SOL)

Signature: 4vLhqMHkCKaB8YTcXaxa2rr2WNUgg9AzJ26DjsXnyZzQYcAqFRpP9Gx45y3KPxFj9GBrYT3QBw6Bh6aitPGhprT7

Transfer 1 tokens
  Sender: Egy54WEmKGRJofU5LWmuRzLjcoYiQUiUMmZNiUmdjxXP
  Recipient: 6niQWU7nuW33ktYiiXjicAouaYYiwTZcgge3u5mZUtsc
  Recipient associated token account: qQi9hL1oauERzNKpjYAvhNXwncfeV5sPZu4snthmzyp
  Funding recipient: qQi9hL1oauERzNKpjYAvhNXwncfeV5sPZu4snthmzyp (0.00203928 SOL)

Signature: 4TgX9wQaV7u5ZctXaf8oM5ceHSB1LRvEfepNkfRvW5Z383LgndZ8W5TXxWnMC9751GkxwWYGNTpQa1gACGfb1i1h

Transfer 1 tokens
  Sender: FBt2p1J26YUM7Mh1bxoj3QCXWFhUkGRVXZUGeqq3DwG
  Recipient: BU9GQbSnXQcF59sm5VW5vM4QP138cM6s2vV4p4HhrDjY
  Recipient associated token account: GsB4M8S7B8P4D3BXmUYqSKSkGSxjcqZWVKHcCtDUuYyM
  Funding recipient: GsB4M8S7B8P4D3BXmUYqSKSkGSxjcqZWVKHcCtDUuYyM (0.00203928 SOL)

Signature: 5KmBXnM8Fofks2YeSUE8czP6TrDvpjB6aRVojn8hA6AkHXUNzu5PkP7gXR3Df6CCwGf6zoFSTcpgEWvNwroFAKPz

Transfer 1 tokens
  Sender: AjNKPbyHJAnSnvtTiXBiUFsLGhmLLddMFCfZyxL14sct
  Recipient: 5nH4SNp9Hhigqmjd8spT6UyLKN8okssmWJ48uCGfWf3J
  Recipient associated token account: DpDdgj7DXohLRmmXiptTu6NmoNhiEMBrTXMVKynM9BdV
  Funding recipient: DpDdgj7DXohLRmmXiptTu6NmoNhiEMBrTXMVKynM9BdV (0.00203928 SOL)

Signature: 127kAX1FJYfUbFebRkC5FzYjCjvYVePnYF272s4U1AtUt6UmsVrgzo3Cqo7hSoK9tqMsLDi8SyFE223rzjUJGXaN

Transfer 1 tokens
  Sender: D74XjLdtCJSmRxzKG9Yss2DBpLwsU3VfkcbEQAatSQD5
  Recipient: 4cKqqwoADnQVUAapaq1CrCwpBwbvCSohZPzB8aHooJjk
  Recipient associated token account: DP4Xy8GP3kCmJh6ALJ9zQikDMVmbNp8jWcvjYRkxfwZm
  Funding recipient: DP4Xy8GP3kCmJh6ALJ9zQikDMVmbNp8jWcvjYRkxfwZm (0.00203928 SOL)

Signature: 2zGYriXbWPYeTqXX2ZWPMyugjbhDd7B8YAfhTuQY3u8K83PJEdrSekrCxguGuF52yqMJTeS9F7PS2Kpmtb91eJbi

Transfer 1 tokens
  Sender: 6nL4Ekq29mdLSosNdYkMWPcWXoN7jQAJxc66ghz5wMPG
  Recipient: 7C6n8o3fzMtTkB7oKjpCbj6qaK8pL3XcACUPVCZoaCTX
  Recipient associated token account: 9xtYMKLEDfxc7yLUS5eqbNsk3tc6SAeinXts1i8J5sRN
  Funding recipient: 9xtYMKLEDfxc7yLUS5eqbNsk3tc6SAeinXts1i8J5sRN (0.00203928 SOL)

Signature: 5EDGPC34kpuDUACkazNW9A6tDUvEfRixiBeP5adNrd3R9rKcUY2J8CGPN2K6KMf5dLPC8BkNJuG8MTHHAJ6u5iRR

Transfer 1 tokens
  Sender: Ge7vpMJ92wK1EyKXLZeVQSDnEznK8sre8Q61rcfE3tdu
  Recipient: GWuAeuRDpAwKDxnVEDRW3hYn87dw8K91ZLrhhZUCftnM
  Recipient associated token account: 92wo8zk7gQKBUShqwSGE1u1jfbXGsCF1urwh34zcvqg8
  Funding recipient: 92wo8zk7gQKBUShqwSGE1u1jfbXGsCF1urwh34zcvqg8 (0.00203928 SOL)

Signature: 4HsekVjmPpsoUCup7D1x5ggakJVm3xxJCDgYfz45Hzqv7J951N2XTU67c8Y5QEa4CXBiiqYuQkBUX9bRvNLPPUu9

Transfer 1 tokens
  Sender: GxSh39fWEdPgB5jd5nxouDULeYwXWufVje8YwFkJRcqL
  Recipient: 4bvarhf6ayRXYr4rPB9K3qrHH7fNpc2zNb5wPp4PXj3x
  Recipient associated token account: 9fNNCooRFWXCLkbbtq3gTBVeBLM124L6t4MNm62mWvq8
  Funding recipient: 9fNNCooRFWXCLkbbtq3gTBVeBLM124L6t4MNm62mWvq8 (0.00203928 SOL)

Signature: 5AAuj3HW9JiBQZ1T3QzxHS8P8HBgkwEL7Yhp1r1Lq8TFj9wNrgDkviBC9T4GEbfcuiMqA7HR3PsFPS9TUUjgVzCv

Transfer 1 tokens
  Sender: 3L3S5eRTqfH2Wwa4xeQbbNqUiTJrcGvRaqNN2xuVFZpc
  Recipient: 5XETABZ27UoNYrzWwKj1q8vyAEPnYzTmSMVm19W1uEoN
  Recipient associated token account: DHhKsucS3wMmoxm9RT1c4PDMGBVNjKXPAu27P4tUCnHX
  Funding recipient: DHhKsucS3wMmoxm9RT1c4PDMGBVNjKXPAu27P4tUCnHX (0.00203928 SOL)

Signature: 3BELd65RdtwCe1znbQ4LwMWa1GJ9Qx3pN1Ba2eEoHcTKskgHG5FtP3cHfXZkrNkm8dMuizEH4pkmh3muMdC1iNfk

Transfer 1 tokens
  Sender: F1K3fmdpLjeXoFv44kETvgZ7J8xfaJCUtKkothmM7LYY
  Recipient: 567yVzp15TNPUpYP47uuv6cK7GGFVnpt3kuGzqyrfMCa
  Recipient associated token account: CcvmvVfjjQdGQzNnHv6gBzoZnvbVxshjns8uN7YGFQiF
  Funding recipient: CcvmvVfjjQdGQzNnHv6gBzoZnvbVxshjns8uN7YGFQiF (0.00203928 SOL)

Signature: 4xJ6EsUbXWZaNAUp8Lm5T9kLQWv4865a2ieSM2MbUNSW79zQW7GqSBtx8cYu94C3YnFyMBBthdrFuqzD6UsJenVB

Transfer 1 tokens
  Sender: 4eNekkfZWnegqYR33oBGSqGhJVLAqNrYFndRydUpmXQw
  Recipient: CEeZNPtLriaQZFiLbRWYgCfFoMeS6MXheVkLB2Grdkgc
  Recipient associated token account: APimXxKsRXBkUk6vAtwewYRViK5BSSy7buajcdf94X4t
  Funding recipient: APimXxKsRXBkUk6vAtwewYRViK5BSSy7buajcdf94X4t (0.00203928 SOL)

Signature: 2xhM2UZda95yWLeCCYRSDLxoY3bsR5xCxbxXibUiLyjVANyHVC1FLC98RBxRc2HRYfd5SZnvadzErtinaMHfKrVU

