Bv4HytuReCvPRMofF9FoE2XRLB7SG1XsEsQqSU42SbuZ
CDLQdm5Y6N9z75vEBv9Tyhguic9gFhJUV7nB3jnJNxAm
47ZJRamq2rvTVxcFQFs2499ixJcmSXCKgb5FRnifYNsK
8rDsSyseCgK4L2fBmiPPiibMNxreQRp53o3etCJMDPAR
DWaAVXvNg9NcNUPLCwRbAhc8NVmFzSLPQCFuwkxgp9Tk
BvJadZ8g2hopq6eqLHfMYjimVhYmgWk1RC3sqmGgLnHy
GT3Vxy69nfjea3eQs4iicCDz13vB9PL4HiNw579JBcoq
HRHWxR3dgf53Qvh2KPDHqLUFxHybkquN97SNDBxuLtUV
8hEeWszgrA2XkRK4GH6zL4Qq5wJBwotwsB6VEweD8YEQ
qSbfqvHkYyxKmhNit2DFT1pveKQAhZDPeAud2KDFRVK
AfYExBciqT9EnkgRRWtEaGmV5gTbGdu1cFg4WLL5XSco
5nH4SNp9Hhigqmjd8spT6UyLKN8okssmWJ48uCGfWf3J
BRNmQBRLB13PdRMk4kHMiEu7KA2WaxNxZA3ijBCESypg
j8oLFiDm5Eiy873RNtY2Z56b1DVZrW8i67mTR1BLsLn
CCs1HvvBgmbtzbkJyeVSqucsj5YfxngFGDdToGaPdCYG
9v858mhWi56Zuj8bVWoSTsqqiyePVCchm7q72kP14TCj
7RUcGmuvVBZ7u3FGfZUjgcrh17c8w9VLVSyQWYDnCDnq
CUaSvR8G2LbutxGJMnW2vT74Yo568S1oUcjSDP57SajP
DgA4aNakbWwjENL45gpa76Mt6dVaA3HYtphjy1B8eVw3
8jcQfheCyfyr9x9GiinbS868b4Mfzd9s1zxpaoypgcpq
2Kt2edjA6oMUNsC8kLPH31XJP2vqQZmMPNu2qo6BzuCa
GnE9WqfQ3d8W3QHR4Fn7v6BMA6SJh5u2YR7ow8LiyDAF
FsHHSembVyZbkctqnpyeDYo7JPLgwvpWj5ZPGa5CPmxZ
GD9Dx84Rzr6qLJKoZqQFZn2Yzf1NyPFbQeSRZqU56f8z
14TJ82sAjiw2A8rTqGiBeseHp23RZqf3yZ5PovWSb2jS
B2xHAEupwfcGLvmrJZmrsAFdC4qoQRpoExjn9uZbDZyH
FcfF9nySDutN8H5Mw9hXV1P5UzUWL6F3zH9Q3c67nMaa
Cm8cYtgtfyULCzisqUnMg68aqqi12PGZScouQfJRfrG3
4QkDisTGa7vQJe2QGmRU9gw1JmFcHgnXmr9wot9obyXh
7TzR9o5VUzuFwbsbRf8QA4SdBVNGnUSzz9ZXEhE6bYFd
CukDLHKGdaDKkVkU8SJbjcCpiP5oWR9UDzPpAt4B3r12
C3e1XpzZy8TnGxYqeoQcgJQxR5f32n8bL3YqrfgWFCzX
3q8rv2582FwPYGsFSqeb811mULnNDE6tHv9DviUo6bQi
EFFPZ1oso3xFCHZBiPhYL2RKfVVBSZaiZHWiS7Ng2sgm
59gMFGgo8vfgDGnevkpPchjteThHXce4o56qENi68MMc
AEUto3eFWHLAmmVRq3Vo2fmHXwte525jQGG6D7pN4RRd
3yHq9S9xd8GePLqi5VmbJfffN7Bo9vRQtDNQN1UD8RSP
5nH4SNp9Hhigqmjd8spT6UyLKN8okssmWJ48uCGfWf3J
ETNk8FZ83JfF8Tpq5gsiRyK7pvda2e78iEU3cprnrgtA
57jCPDqnYFYCH6QLK9wxRGCocZTdT8gtDNmurLGPYNTn
8obrbotEoNYqssFEgAzG6FPqkCJLFUYQVnCgFzjezJGn
AEUto3eFWHLAmmVRq3Vo2fmHXwte525jQGG6D7pN4RRd
88XHNYEHYmmoz1b7Vg7WapXLpfFxawJBqi8cs5XaFmgi
2B5KNHScvQkfsc5RAaSqSxUn6mfJunN5MB9GbWp4tpy9
5yu5Xrxa9gz5wMSDnXZYxdYFuDrgQdErLt6QUixME9BR
7RvtX4WGag5Ggy4oMtj2ni3oc9amEPmscdHLGvGQdZsh
E1HzMosXr4mj4HaWCoycnzrb4YYSGaXbmZ5YMVi7C3Vo
MvogSQTXToXV7MS8hDbvfWGoELDtR5Z75SGMUNiUddN
8kX16Yj2WBCz1sPXcimafGrutQkw3s3Swe9sR3gt3cC2
E7zW6jXSsADmZgAnmVkRzA3cMLpUR5RyVGwjDK7GrgxK
66oqNbfDhAAzaw8iYc69z8ZtMUHCnixUgrpo9599GtB3
7b9dseNu86g5znmNutVewevk33RYJ2FJ9UkmKycSd4qt
5nTmScN9g2peTCRoffagCzrzpiCHzDZped3Lo1W4zb6n
71D94FvV7Htcx5NAoXxojCbacd3vquGr8eSU4Sqr3sux
86DPGpA2H9gmwXaRzdcjGK9qBZxeTi6xYQF3u886W7HP
9ej7a4re5ZsayUKYpU91q5UEakEjCwK9mFb93zDAKwUM
4Qcb1VSCK5TwrXobaAGYjCYmU6zjx3zc1x8GurHA3bhB
6pmBU4zdu5wNap6mEwhYiSocZYGP9ywDYhXsSswPPPqE
7sci5xhxoUKaqHUykdwZsyJcsBCrHDEPr688F5oHPQTz
8WYRXiQXQSoAMw8A25HuTiTmkg2Ax5YTaBxmHZk6s5LY
9EF1tduAEV4aGKtTSBYLnpdTYRgU1RgmbTfMr7qnHxLE
CPCi8GtA5mxcs7Pjv2rxXihs8chVoSLiPRFGFv4ik3EE
9AEwm9w9QbeLiZmy5qDCVZXvatKLokHhLPRsrHogcyap
75YdTkYu6qvwcJBijJdydkdZBzseHnAvQhjkXsUad2zH
4rn5JzieBFeXfo3zBp4DCBvGXEYVuyo3FaWW38vtT9SJ
89aFxgg8VHgDAh2MkmjnKvjVkbpavFV96Lau1XNdU7o5
AMnL53CPuiU2GeuGXE6kVj4s7zahgodv2p11tnT57jCC
AVsyuXLQRWCUGQ9L3QBc7vKQtEQduZQK6uhqfhbxGCwY
J4GgZY8CW8gX1qa85KcTXrdn9WKsNCpMJyJDi2NEBeNo
8jM2e7C64cuhLd9Jc2UAQKUiCfgB6nP5LiugTzwoeb7A
6SHRL5r8BBeJFVcg8Y5u2VRvEaYYweSnYtNLjb1N48qw
917wwwdLEmCBvyz5fhXmfjL1YBakvkJEiHEVqpTjQf9u
AjYnxQfkr5WCMJpULQ5eqYdDK5Nq5by3bMZv8223WQjj
DCTeYphaDsdFWZ61JXusR3dwLqKWkYgCjkxZSQvPzRuK
GiLkreuRj6JsRinbAoaao5bYpXFm89yepNx8TW2NKWmy
FengiWQSYF13nh4SCEb4A6tkNDYALF5zwkvh1zAYWXet
HXwpfdqNYevtCBkugYUpkMCD23z8Jd3A5oEknGpMHV5z
4iuz6Sieqaf2snAUqt7UUAGzc7FwYZSxV5PUzsKVuCt4
BVFTQzEas8kMPkcugksaTTuLnQJ8ESxtLryk4ngdyvjU
4UwXJoMgqKDFCkNhie825pP5uvvjJdwLNgGSZdAuBn6t
4cKqqwoADnQVUAapaq1CrCwpBwbvCSohZPzB8aHooJjk
3gpKVodfZ9wVbYnM3xhZKKF5ARVubP4SxWqdSvVVQGrn
2Knz5oKP4VsjF9PkA7WCyZWZsBig6zZMcp9FH6aRLwjP
8MkP7izHAshF2PDzVHJnMiXCAqVxERhSaHMZpfezGFzH
51oET2dy4vCmZ1JMGYR9hbsvsLng1vcLD6z2AZp1uq1j
3L6ffS5Pnn8saDvq2CfzXcr4iVWD6ggGjx7RQMG3GAJf
hqn38jc2RqvkPPWQGiaVP6ssvXuD8edQGjX57MeqABR
DxuiZs18ep3t6MNEXg8rR9kNFqyfGZ4RfJrvkr6zHYUy
9nF2vqusHupTTNgw3quL4f3jorvPdJ8VBPv3Uw1xt3Mv
BcSxzXBqEFt4soGy8kBfpywpFiUJNCiHoqMSXDDhRYPu
6niQWU7nuW33ktYiiXjicAouaYYiwTZcgge3u5mZUtsc
BU9GQbSnXQcF59sm5VW5vM4QP138cM6s2vV4p4HhrDjY
5nH4SNp9Hhigqmjd8spT6UyLKN8okssmWJ48uCGfWf3J
4cKqqwoADnQVUAapaq1CrCwpBwbvCSohZPzB8aHooJjk
7C6n8o3fzMtTkB7oKjpCbj6qaK8pL3XcACUPVCZoaCTX
GWuAeuRDpAwKDxnVEDRW3hYn87dw8K91ZLrhhZUCftnM
4bvarhf6ayRXYr4rPB9K3qrHH7fNpc2zNb5wPp4PXj3x
5XETABZ27UoNYrzWwKj1q8vyAEPnYzTmSMVm19W1uEoN
567yVzp15TNPUpYP47uuv6cK7GGFVnpt3kuGzqyrfMCa
CEeZNPtLriaQZFiLbRWYgCfFoMeS6MXheVkLB2Grdkgc
