GZy1iHfGKpMbMXMpwyfUQSGqsibBE1MGX45dPkJEoqaN
BMXFRvxZTb9VgNoQEqMFf6ACV2TxX6PwD8ZzXeSmvk5v
kS5sM36rSidVdyDGVAUwSc7LKGo8fn9X3bMW9BcTxdP
4pEoybPYAGWdQoTVtWUdugiUWeYDh5DSdMrbVBbLDgjR
ETLuRCXkMo5GsxU8HpJso5povNDsUDG9wpxbfdLj4frM
Bnv2aKXSxQuaAfcdtCnG9i1hDUgvks47fyLngYr7sgqb
G73gsBsMxiEEtyyVuMcf2nAW1awyAYPNLzKaEy6vRbh9
2EjhckK5h1iHFmeqxGmNqqWuEQXvHkS7uFi67idYLoNW
3PqjauNo3Su5ceCiuaSU2hriJeB7etzrUgSYkjU9sv6Y
Cefw1oeyJVhpAJ6zSN7Cn1dhehJqRtdCyJJy3CGd4rQP
9euvgJdKLJUVdzBjmGwgyepiUjcthPHBkajeXyfrXTe2
EsBAGZPX2sD8RbsCTXbiYuc1nrbopcsmJw8UkrWNBtty
EarYSorzsq5DfAieaSHxFnN5GzrTwVagH5YGTBxSeDtQ
DGr5vLByzhxVsHSt24A3ynXaE3Tdha9qFe2s1ybAee5c
8bZNqn2BbNo8CF8ZQsvxDxJFnp1bJ24iyKFYLkpXXcJn
CisMd1UyRVjtJAa5oDSEXSLXR4Mrzz81TxSPNkhBWFaZ
7vDxmFcu5Zsd4A7jkHFZTyx85sYmwkJrcoavjse3xT3L
3NkAzgdBnKtN6cCfjYgtD49seRZdkHx5guo1Rjs5Z5BE
6qkNwyfQaBzTPg19BqAC3DzeeQGYr7yPiZHxnKLrSUr2
Aj3uzFsmDPJkmwNrdScmWHDQbfPBeDG1eSnnPF3J88zq
FvrnNuHjhwFeYaDx48sU4mBPP5WW5vSFM1qqjffXCisx
7wbtUMwqVdnqC4XfSCThqmbFdPonpgJWnMFPcJiZZZp8
CijmrEpeE46bpkmtFhoSkJphaEarPkXUpCo1ierjyX5f
GQf7HSpvWqKEkfsKWN6dMdswS6CnH83tJiyZrowfoHEM
DmKX559pGeN4LY6CCXDpkXyxzz6hmcoVWCJcfCr2fcS6
13TfSWVKb17EHMuJnob4yPuaTp8VLuB5jucridtcFRVc
ERRqF6vvoN1SLS6GQtrdmq8zEBh2amueVUJGW7dvmt13
BmECDGiKbCERQMRRSSozV2S1PqZah8M81GsLwvakzBRx
Dd4hWY9QYTDPqtWb2MexUCNWMgUFRCW56MC54RY3Hm6Q
EyuHfuH8CA985LNABn8PC24f5fgG31vsMh9hPbonMpKW
F44vGbS9kKanaGasyRF4iJAakg8LdyfEJyMTXGJRFeNY
hYFETDHTeUeJXnJkQGqNA35GZuTPQnLG2WerY7FvEJ2
5xHz3LSDkmKVVxq7UppEr1bDP2J2V61Eg8XxivtbWJ41
HpEBPnRdRDbPexYNudJgreow8DaqGqm9SBsAYAs1bEwj
FGVPehgJBD8UurAPpes414X4qw2Hz8GWHwDNhk6wtZNZ
4YLgndU5ZCFXa29sMSgXiQCzotez5Qs4vQrh34jGuDDz
AZmTbZsAUptcFBedFPeAtkCthAcPNhHN6FySPgKUfESp
6ZvC5dcMiFWGsmq2UWNFi6je9cQS9P89snzXUFcm3h9C
LrhfqaaZDMU4YvmQ2k8hsByQTUaNe1ozhxuu93xCiZQ
8KV95RPrtBZvHvoYbYMdciBG6qQuuDAhYxwdHp4bnvEg
3aNjUQ6JgNWwYMHMUKp5pHzkziE1P27suK7WzzYzgZBi
CpWZkXrEgyq3prbeRBDSSZSMKbWLsCYzMP5Yxv35vZ2T
6STMCP24Ybtn4mhbC1GZRtXSH8W6gMh1uBVv7LX2gWfX
GVALpNABZNLbJdsb5Xxp9sWneTrjrRoFgtKcuHNnUK4c
HxkaD2rsP9k1tVyY59zt2Sxvk7yuGs6BmpCxKbSZ9Xpy
ChxYTpxWNbyrxN9djrxDTh2mo4dTY3fYkcbVFa9ErJsT
8nn2MkhS1keXbhhHFnVR6saKDCZRb2XiUxn8EcshfStd
HZu5vxWoDKFoai7Xh7vpz8ewMTzwRMC8KxmxpVZkVpYb
EBrWBQHCEDV4f232rwNRaUVMLsWqxTgpZisjhPVWcNFE
9GdQdnRYwkCmvwBQMSjFmGJtKn2FfCu79bvdSnbypy4C
DDCvJKLh6arnqFQ4MGKvSKpt5SJwS6qdgCXHST1ms4Li
V4kJuFVXqhuuVw9rjGgnPU4wxM3FxDMK5vibv3myH27
HEf7YuTN2NdicecFkcRLo74Ki1D3fJ7RdrzE4jCtFB85
HsJGCYLXA179yjWoXLGgQ1Ujn5t8FHS5GVy67WA8eCQD
JBHmNkG4WVd3kmb5yHpeWQZFoa6DEkbid5KqMuZohKHH
CzdMwMER1JRbs2LQvNNJbztRG4GHv3HZ3gbowAFRbEVZ
GqxuJZ1B4GZgNJ1eVYjsHpKmCzrMp7u1kQUf54qab6Ew
5inVLigq6vXoLqGsmp581WUu6AC6C4b6CLvncVe7gKZT
9PgSLcVDFtY5eqkBNy9HUCyQDydmAkh5ws7xgZG3tgBz
D2MYjn7LZRf6yFreznizTEYCyyrB7JMRSwr4ihb9pP5L
Gp2VKpCambf4UGEHXr2ZYgoRQjfFvWTwqY8xejDuQsGK
9kTND14qjgp122jccfde6viqMTMae1FPS966TGPsV2wQ
AcXPA2PTaArJC9CNyFQaZZBniEXQtr5U7bMHbrNHk6aC
4ab5eyXAKLD8B5bMhFm7ve4dkgNNmoFuTjKeCWXMz6pL
5viR4aHzMyd2BJWJNLqLkbCZCVMRpinDxofs59yizBTc
Brs5DHx2NmDq2VCLC7WtKDYa7uGHMmaKZuP71W278uKS
3MVZ8HRHb78y5NepzPvVxc384TKxmSF2nfafsava5EVT
J3xJtMxd4UY1vBFGvbRtyugkXcF8cXfy6smw23LRj5Mz
CVLn4t6ZCcq2Yb9PjMJ8miyhiL24S1yuyxqY6BENg8wY
Bhkt8qQkrU9GEhgyXtGw5QnTb9gPHCT7R5PYNG21GgyZ
3LrEENtmiNhYf11uBLXAdYAAQrjE41g6mzLmNphgwTJy
GJTzNDxtUB3FK7UN5F9NkF7cqvcRjoqA6cPwXnVnfmVX
B6TL1dTFL9WrMAgsDddXspa2ijqXAY7sarRFdK6g5Pt
5REy1Aa6upAeuMSCbNyJKxaHDfU4H9bUMB86bvbko9rP
5mVAgcwD6xgLWPCjoMAdZvN8CvwvWCw4J9nwyvvjPAkm
4qQNNmB4GPsGFurokUxG6UmoskkYo8YXDZ5BEP74sUU4
CvtyWKxEDEVoaJnDUcM6qD9rcUXN2otHqRDEZzhipecE
AiWPMvjMX3pWAQBLE2tanQ1YfYMFsi8bNboKq7zMudnY
2zesQgP1NtsYLYxfizati3bLS1BcVswGwg8KFKDyFFkb
BJ5oSL5LtMi3X71BUvh588cwqzzJZiqtPTLdtHtyoCdP
FeUYimLXyNYCBcLfYwfzuFxdeMoTtPAUevzzTMP6wv8P
GwubEsF37oePiHGac1DkyPwrUWaB7Y38mCnAizsNp3oT
ETXNxifEsu13f4YyTrKgHXd4UjgcG5fc1nTZYmNvZaf
4JCudJSFRYeoVthH4dMr74R6RuM7deQdTnk4YVR1Fhn9
CZo9BRAtfhDH1e1M4Hga5xkWaKC7p9CkZ2jAdXcVaMk9
F9ypdC4VL4V9aojgoW1Rx9Awd9CcDuCpVAvfSyYTJgyL
5pxvYiSjnc4T1x5vUx2heX9u8tpFisEcsCzHNQurETR2
HZ5TqXEtwoEzDPiYZa3tuZR9jh9PbJnoiUsGF2zqSMed
9bofRY7K875Fmq22j8MvCmBw96EECVjcQBvL4ppUpFNN
7fvQFQe3s9GTQ3MA12Sst4BkT4HEpLvNg24rCFU1buFs
77viXKTSv1f7cYjCoaWEvPgj65NgTFGdEHbXpiTyg9yJ
2jQGKjSmLc3qG5AUiYbLrdouxLgLXWUaRXtVNGLr46PL
GFxGUWeokC67zEEDcBiFeGyFMYXc3WhmcXN8zw2L4HCy
AFQh9DNwPbp3Ezksh552syQWgCd8EXG3smZ3j11FUEFi
6BDZfgsj5YwiPKLwCouPawtVTLenpaivqbCmFqtyKC4E
7ENRfq19mk6YVBqLDypaEWdXF6W5nhUufdcvzZxBESTC
GxuWqGiNdE46gvBSSMJW5M7kFkc2Hgr8trde9znHVo1M
8xYsWo3GoeYi2UZENiVRTsoJFQsMz1R1U5TGPkf9cPJy
CdCqHs68ui1VEGP71oQLeqSY96YxJWTLmNgtqWgkFD4T
EPUBAmzbu33Z9E2yZxRv5wN5biKqmSSsdGnUHwLXP4LP
